<?xml version="1.0" encoding="UTF-8"?>
<testsuites name="Dispensary_Store_Suite" time="3060" tests="10" failures="2" errors="0">
   <testsuite name="Dispensary_Store_Suite" tests="10" failures="2" errors="0" time="3060" timestamp="2018-05-28 12:22:22" hostname="Quality Analyst - DESKTOP-BLFTK83" id="Test Suites/Dispensary_Store_Suite">
      <properties>
         <property name="deviceName" value=""/>
         <property name="devicePlatform" value=""/>
         <property name="logFolder" value="C:\\Users\\Quality Analyst\\Katalon Studio\\ds\\Reports\\Dispensary_Store_Suite\\20180524_192634"/>
         <property name="logFiles" value="C:\\Users\\Quality Analyst\\Katalon Studio\\ds\\Reports\\Dispensary_Store_Suite\\20180524_192634\\execution0.log, C:\\Users\\Quality Analyst\\Katalon Studio\\ds\\Reports\\Dispensary_Store_Suite\\20180524_192634\\execution1.log, C:\\Users\\Quality Analyst\\Katalon Studio\\ds\\Reports\\Dispensary_Store_Suite\\20180524_192634\\execution2.log"/>
         <property name="attachments" value="C:\\Users\\Quality Analyst\\Katalon Studio\\ds\\Reports\\Dispensary_Store_Suite\\20180524_192634\\1527490389987.png"/>
         <property name="hostName" value="Quality Analyst - DESKTOP-BLFTK83"/>
         <property name="os" value="Windows 10 64bit"/>
         <property name="katalonVersion" value="5.4.1.1"/>
         <property name="browser" value="Chrome 66.0.3359.181"/>
         <property name="hostAddress" value="169.254.189.85"/>
         <property name="sessionId" value="a02a09a18442a6f9787bc2e696084a0a"/>
         <property name="seleniumVersion" value="3.7.1"/>
         <property name="proxyInformation" value="ProxyInformation{proxyOption=NO_PROXY, proxyServerType=HTTP, password=, proxyServerAddress=, proxyServerPort=0}"/>
         <property name="platform" value="Windows 10"/>
      </properties>
      <testcase name="Test Cases/DISPENSARY TEST CASES/TC_DP_001 Verify Schedule 1 Dispensary Request Are Working Successfully Or Not" classname="Test Cases/DISPENSARY TEST CASES/TC_DP_001 Verify Schedule 1 Dispensary Request Are Working Successfully Or Not" status="FAILED">
         <failure type="FAILED" message="Unable to select option by index '1' of object 'Object Repository/DispensaryToStore/Page_Dispensary Store/select_--Select--Schedule 1Inj' (Root cause: com.kms.katalon.core.webui.exception.WebElementNotFoundException: Web element with id: 'Object Repository/DispensaryToStore/Page_Dispensary Store/select_--Select--Schedule 1Inj' located by 'By.xpath: id(&quot;optcategory&quot;)[count(. | //select[@id = 'optcategory']) = count(//select[@id = 'optcategory'])]' not found)"/>
         <system-out><![CDATA[2018-05-28 12:22:22 - [TEST_CASE][FAILED] - Test Cases/DISPENSARY TEST CASES/TC_DP_001 Verify Schedule 1 Dispensary Request Are Working Successfully Or Not: Test Cases/DISPENSARY TEST CASES/TC_DP_001 Verify Schedule 1 Dispensary Request Are Working Successfully Or Not FAILED because (of) Unable to select option by index '1' of object 'Object Repository/DispensaryToStore/Page_Dispensary Store/select_--Select--Schedule 1Inj' (Root cause: com.kms.katalon.core.webui.exception.WebElementNotFoundException: Web element with id: 'Object Repository/DispensaryToStore/Page_Dispensary Store/select_--Select--Schedule 1Inj' located by 'By.xpath: id("optcategory")[count(. | //select[@id = 'optcategory']) = count(//select[@id = 'optcategory'])]' not found)

2018-05-28 12:22:23 - [TEST_STEP][PASSED] - openBrowser: Browser is opened with url: ''

2018-05-28 12:22:26 - [MESSAGE][PASSED] - Browser is opened with url: ''

2018-05-28 12:22:26 - [TEST_STEP][PASSED] - navigateToUrl: Navigate to 'http://192.168.137.1/multihospital_new/HDSplashscreen.aspx' successfully

2018-05-28 12:22:28 - [MESSAGE][PASSED] - Navigate to 'http://192.168.137.1/multihospital_new/HDSplashscreen.aspx' successfully

2018-05-28 12:22:28 - [TEST_STEP][PASSED] - maximizeWindow: Current window maximized

2018-05-28 12:22:29 - [MESSAGE][PASSED] - Current window maximized

2018-05-28 12:22:29 - [TEST_STEP][PASSED] - click: Object: 'Object Repository/DispensaryToStore/Page_KDMC/a_Dispensary Store' is clicked on

2018-05-28 12:22:31 - [MESSAGE][PASSED] - Object: 'Object Repository/DispensaryToStore/Page_KDMC/a_Dispensary Store' is clicked on

2018-05-28 12:22:31 - [TEST_STEP][PASSED] - setText: Text 'rajaram' is set on object 'Object Repository/DispensaryToStore/Page_Dispensary Store Login/input_txtusername'

2018-05-28 12:22:31 - [MESSAGE][PASSED] - Text 'rajaram' is set on object 'Object Repository/DispensaryToStore/Page_Dispensary Store Login/input_txtusername'

2018-05-28 12:22:31 - [TEST_STEP][PASSED] - setText: Text '123' is set on object 'Object Repository/DispensaryToStore/Page_Dispensary Store Login/input_txtpassword'

2018-05-28 12:22:31 - [MESSAGE][PASSED] - Text '123' is set on object 'Object Repository/DispensaryToStore/Page_Dispensary Store Login/input_txtpassword'

2018-05-28 12:22:31 - [TEST_STEP][PASSED] - delay: Delayed 3 second(s)

2018-05-28 12:22:34 - [MESSAGE][PASSED] - Delayed 3 second(s)

2018-05-28 12:22:34 - [TEST_STEP][PASSED] - sendKeys: Keys 'ENTER + ' sent to object: 'Object Repository/DispensaryToStore/Page_Dispensary Store Login/input_txtpassword'

2018-05-28 12:22:35 - [MESSAGE][PASSED] - Keys 'ENTER + ' sent to object: 'Object Repository/DispensaryToStore/Page_Dispensary Store Login/input_txtpassword'

2018-05-28 12:22:35 - [TEST_STEP][PASSED] - delay: Delayed 3 second(s)

2018-05-28 12:22:38 - [MESSAGE][PASSED] - Delayed 3 second(s)

2018-05-28 12:22:38 - [TEST_STEP][PASSED] - doubleClick: Object: 'Object Repository/DispensaryToStore/Page_Dispensary Store/a_Request to Store' is double clicked on

2018-05-28 12:22:39 - [MESSAGE][PASSED] - Object: 'Object Repository/DispensaryToStore/Page_Dispensary Store/a_Request to Store' is double clicked on

2018-05-28 12:22:39 - [TEST_STEP][PASSED] - doubleClick: Object: 'Object Repository/DispensaryToStore/Page_Dispensary Store/a_Medicine Request' is double clicked on

2018-05-28 12:22:39 - [MESSAGE][PASSED] - Object: 'Object Repository/DispensaryToStore/Page_Dispensary Store/a_Medicine Request' is double clicked on

2018-05-28 12:22:39 - [TEST_STEP][FAILED] - selectOptionByIndex: Unable to select option by index '1' of object 'Object Repository/DispensaryToStore/Page_Dispensary Store/select_--Select--Schedule 1Inj' (Root cause: com.kms.katalon.core.webui.exception.WebElementNotFoundException: Web element with id: 'Object Repository/DispensaryToStore/Page_Dispensary Store/select_--Select--Schedule 1Inj' located by 'By.xpath: id("optcategory")[count(. | //select[@id = 'optcategory']) = count(//select[@id = 'optcategory'])]' not found)

2018-05-28 12:23:10 - [MESSAGE][FAILED] - Unable to select option by index '1' of object 'Object Repository/DispensaryToStore/Page_Dispensary Store/select_--Select--Schedule 1Inj' (Root cause: com.kms.katalon.core.webui.exception.WebElementNotFoundException: Web element with id: 'Object Repository/DispensaryToStore/Page_Dispensary Store/select_--Select--Schedule 1Inj' located by 'By.xpath: id("optcategory")[count(. | //select[@id = 'optcategory']) = count(//select[@id = 'optcategory'])]' not found)
[[ATTACHMENT|C:\\Users\\Quality Analyst\\Katalon Studio\\ds\\Reports\\Dispensary_Store_Suite\\20180524_192634\\1527490389987.png]]]]></system-out>
         <system-err><![CDATA[2018-05-28 12:22:22 - [TEST_CASE][FAILED] - Test Cases/DISPENSARY TEST CASES/TC_DP_001 Verify Schedule 1 Dispensary Request Are Working Successfully Or Not: Test Cases/DISPENSARY TEST CASES/TC_DP_001 Verify Schedule 1 Dispensary Request Are Working Successfully Or Not FAILED because (of) Unable to select option by index '1' of object 'Object Repository/DispensaryToStore/Page_Dispensary Store/select_--Select--Schedule 1Inj' (Root cause: com.kms.katalon.core.webui.exception.WebElementNotFoundException: Web element with id: 'Object Repository/DispensaryToStore/Page_Dispensary Store/select_--Select--Schedule 1Inj' located by 'By.xpath: id("optcategory")[count(. | //select[@id = 'optcategory']) = count(//select[@id = 'optcategory'])]' not found)]]></system-err>
      </testcase>
      <testcase name="Test Cases/DISPENSARY TEST CASES/TC_DP_002 Verify Schedule 2 Dispensary Request Are Working Successfully Or Not" classname="Test Cases/DISPENSARY TEST CASES/TC_DP_002 Verify Schedule 2 Dispensary Request Are Working Successfully Or Not" status="PASSED">
         <system-out><![CDATA[2018-05-28 12:23:10 - [TEST_CASE][PASSED] - Test Cases/DISPENSARY TEST CASES/TC_DP_002 Verify Schedule 2 Dispensary Request Are Working Successfully Or Not: Test Cases/DISPENSARY TEST CASES/TC_DP_002 Verify Schedule 2 Dispensary Request Are Working Successfully Or Not

2018-05-28 12:23:10 - [TEST_STEP][PASSED] - openBrowser: Browser is opened with url: ''

2018-05-28 12:23:10 - [MESSAGE][WARNING] - A browser is already opened. Closing browser and opening a new one

2018-05-28 12:23:13 - [MESSAGE][PASSED] - Browser is opened with url: ''

2018-05-28 12:23:13 - [TEST_STEP][PASSED] - navigateToUrl: Navigate to 'http://192.168.137.1/multihospital_new/HDSplashscreen.aspx' successfully

2018-05-28 12:23:14 - [MESSAGE][PASSED] - Navigate to 'http://192.168.137.1/multihospital_new/HDSplashscreen.aspx' successfully

2018-05-28 12:23:14 - [TEST_STEP][PASSED] - maximizeWindow: Current window maximized

2018-05-28 12:23:16 - [MESSAGE][PASSED] - Current window maximized

2018-05-28 12:23:16 - [TEST_STEP][PASSED] - click: Object: 'Object Repository/DispensaryToStore/Page_KDMC/a_Dispensary Store' is clicked on

2018-05-28 12:23:17 - [MESSAGE][PASSED] - Object: 'Object Repository/DispensaryToStore/Page_KDMC/a_Dispensary Store' is clicked on

2018-05-28 12:23:17 - [TEST_STEP][PASSED] - setText: Text 'rajaram' is set on object 'Object Repository/DispensaryToStore/Page_Dispensary Store Login/input_txtusername'

2018-05-28 12:23:17 - [MESSAGE][PASSED] - Text 'rajaram' is set on object 'Object Repository/DispensaryToStore/Page_Dispensary Store Login/input_txtusername'

2018-05-28 12:23:17 - [TEST_STEP][PASSED] - setText: Text '123' is set on object 'Object Repository/DispensaryToStore/Page_Dispensary Store Login/input_txtpassword'

2018-05-28 12:23:17 - [MESSAGE][PASSED] - Text '123' is set on object 'Object Repository/DispensaryToStore/Page_Dispensary Store Login/input_txtpassword'

2018-05-28 12:23:17 - [TEST_STEP][PASSED] - delay: Delayed 3 second(s)

2018-05-28 12:23:20 - [MESSAGE][PASSED] - Delayed 3 second(s)

2018-05-28 12:23:20 - [TEST_STEP][PASSED] - sendKeys: Keys 'ENTER + ' sent to object: 'Object Repository/DispensaryToStore/Page_Dispensary Store Login/input_txtpassword'

2018-05-28 12:23:21 - [MESSAGE][PASSED] - Keys 'ENTER + ' sent to object: 'Object Repository/DispensaryToStore/Page_Dispensary Store Login/input_txtpassword'

2018-05-28 12:23:21 - [TEST_STEP][PASSED] - delay: Delayed 3 second(s)

2018-05-28 12:23:24 - [MESSAGE][PASSED] - Delayed 3 second(s)

2018-05-28 12:23:24 - [TEST_STEP][PASSED] - click: Object: 'Object Repository/DispensaryToStore/Page_Dispensary Store/a_Request to Store' is clicked on

2018-05-28 12:23:24 - [MESSAGE][PASSED] - Object: 'Object Repository/DispensaryToStore/Page_Dispensary Store/a_Request to Store' is clicked on

2018-05-28 12:23:24 - [TEST_STEP][PASSED] - click: Object: 'Object Repository/DispensaryToStore/Page_Dispensary Store/a_Medicine Request' is clicked on

2018-05-28 12:23:24 - [MESSAGE][PASSED] - Object: 'Object Repository/DispensaryToStore/Page_Dispensary Store/a_Medicine Request' is clicked on

2018-05-28 12:23:24 - [TEST_STEP][PASSED] - selectOptionByIndex: All options with index in [2] are selected on object 'Object Repository/DispensaryToStore/Page_Dispensary Store/select_--Select--Schedule 1Inj'

2018-05-28 12:23:25 - [MESSAGE][PASSED] - All options with index in [2] are selected on object 'Object Repository/DispensaryToStore/Page_Dispensary Store/select_--Select--Schedule 1Inj'

2018-05-28 12:23:25 - [TEST_STEP][PASSED] - Statement - medicineslength = com.kms.katalon.core.webui.keyword.WebUiBuiltInKeywords.getNumberOfTotalOption(com.kms.katalon.core.testobject.ObjectRepository.findTestObject(DispensaryToStore/Page_Dispensary Store/select_--Select--Adernaline 0.)): 73 options of object 'Object Repository/DispensaryToStore/Page_Dispensary Store/select_--Select--Adernaline 0.' counted

2018-05-28 12:23:25 - [MESSAGE][PASSED] - 73 options of object 'Object Repository/DispensaryToStore/Page_Dispensary Store/select_--Select--Adernaline 0.' counted

2018-05-28 12:23:25 - [TEST_STEP][PASSED] - Statement - For ([e = 1, e <= medicineslength - 1, (e++)]): Object: 'Object Repository/DispensaryToStore/Page_Dispensary Store/button_Add' is clicked on

2018-05-28 12:23:25 - [TEST_STEP][PASSED] - selectOptionByIndex: All options with index in [2] are selected on object 'Object Repository/DispensaryToStore/Page_Dispensary Store/select_--Select--Schedule 1Inj'

2018-05-28 12:23:25 - [MESSAGE][PASSED] - All options with index in [2] are selected on object 'Object Repository/DispensaryToStore/Page_Dispensary Store/select_--Select--Schedule 1Inj'

2018-05-28 12:23:25 - [TEST_STEP][PASSED] - delay: Delayed 1 second(s)

2018-05-28 12:23:26 - [MESSAGE][PASSED] - Delayed 1 second(s)

2018-05-28 12:23:26 - [TEST_STEP][PASSED] - selectOptionByIndex: All options with index in [1] are selected on object 'Object Repository/DispensaryToStore/Page_Dispensary Store/select_--Select--Adernaline 0.'

2018-05-28 12:23:26 - [MESSAGE][PASSED] - All options with index in [1] are selected on object 'Object Repository/DispensaryToStore/Page_Dispensary Store/select_--Select--Adernaline 0.'

2018-05-28 12:23:26 - [TEST_STEP][PASSED] - delay: Delayed 1 second(s)

2018-05-28 12:23:27 - [MESSAGE][PASSED] - Delayed 1 second(s)

2018-05-28 12:23:27 - [TEST_STEP][PASSED] - setText: Text '10' is set on object 'Object Repository/DispensaryToStore/Page_Dispensary Store/input_txttreat'

2018-05-28 12:23:27 - [MESSAGE][PASSED] - Text '10' is set on object 'Object Repository/DispensaryToStore/Page_Dispensary Store/input_txttreat'

2018-05-28 12:23:27 - [TEST_STEP][PASSED] - click: Object: 'Object Repository/DispensaryToStore/Page_Dispensary Store/button_Add' is clicked on

2018-05-28 12:23:27 - [MESSAGE][PASSED] - Object: 'Object Repository/DispensaryToStore/Page_Dispensary Store/button_Add' is clicked on

2018-05-28 12:23:27 - [TEST_STEP][PASSED] - selectOptionByIndex: All options with index in [2] are selected on object 'Object Repository/DispensaryToStore/Page_Dispensary Store/select_--Select--Schedule 1Inj'

2018-05-28 12:23:27 - [MESSAGE][PASSED] - All options with index in [2] are selected on object 'Object Repository/DispensaryToStore/Page_Dispensary Store/select_--Select--Schedule 1Inj'

2018-05-28 12:23:27 - [TEST_STEP][PASSED] - delay: Delayed 1 second(s)

2018-05-28 12:23:28 - [MESSAGE][PASSED] - Delayed 1 second(s)

2018-05-28 12:23:28 - [TEST_STEP][PASSED] - selectOptionByIndex: All options with index in [2] are selected on object 'Object Repository/DispensaryToStore/Page_Dispensary Store/select_--Select--Adernaline 0.'

2018-05-28 12:23:29 - [MESSAGE][PASSED] - All options with index in [2] are selected on object 'Object Repository/DispensaryToStore/Page_Dispensary Store/select_--Select--Adernaline 0.'

2018-05-28 12:23:29 - [TEST_STEP][PASSED] - delay: Delayed 1 second(s)

2018-05-28 12:23:30 - [MESSAGE][PASSED] - Delayed 1 second(s)

2018-05-28 12:23:30 - [TEST_STEP][PASSED] - setText: Text '10' is set on object 'Object Repository/DispensaryToStore/Page_Dispensary Store/input_txttreat'

2018-05-28 12:23:30 - [MESSAGE][PASSED] - Text '10' is set on object 'Object Repository/DispensaryToStore/Page_Dispensary Store/input_txttreat'

2018-05-28 12:23:30 - [TEST_STEP][PASSED] - click: Object: 'Object Repository/DispensaryToStore/Page_Dispensary Store/button_Add' is clicked on

2018-05-28 12:23:30 - [MESSAGE][PASSED] - Object: 'Object Repository/DispensaryToStore/Page_Dispensary Store/button_Add' is clicked on

2018-05-28 12:23:30 - [TEST_STEP][PASSED] - selectOptionByIndex: All options with index in [2] are selected on object 'Object Repository/DispensaryToStore/Page_Dispensary Store/select_--Select--Schedule 1Inj'

2018-05-28 12:23:30 - [MESSAGE][PASSED] - All options with index in [2] are selected on object 'Object Repository/DispensaryToStore/Page_Dispensary Store/select_--Select--Schedule 1Inj'

2018-05-28 12:23:30 - [TEST_STEP][PASSED] - delay: Delayed 1 second(s)

2018-05-28 12:23:31 - [MESSAGE][PASSED] - Delayed 1 second(s)

2018-05-28 12:23:31 - [TEST_STEP][PASSED] - selectOptionByIndex: All options with index in [3] are selected on object 'Object Repository/DispensaryToStore/Page_Dispensary Store/select_--Select--Adernaline 0.'

2018-05-28 12:23:31 - [MESSAGE][PASSED] - All options with index in [3] are selected on object 'Object Repository/DispensaryToStore/Page_Dispensary Store/select_--Select--Adernaline 0.'

2018-05-28 12:23:31 - [TEST_STEP][PASSED] - delay: Delayed 1 second(s)

2018-05-28 12:23:32 - [MESSAGE][PASSED] - Delayed 1 second(s)

2018-05-28 12:23:32 - [TEST_STEP][PASSED] - setText: Text '10' is set on object 'Object Repository/DispensaryToStore/Page_Dispensary Store/input_txttreat'

2018-05-28 12:23:32 - [MESSAGE][PASSED] - Text '10' is set on object 'Object Repository/DispensaryToStore/Page_Dispensary Store/input_txttreat'

2018-05-28 12:23:32 - [TEST_STEP][PASSED] - click: Object: 'Object Repository/DispensaryToStore/Page_Dispensary Store/button_Add' is clicked on

2018-05-28 12:23:32 - [MESSAGE][PASSED] - Object: 'Object Repository/DispensaryToStore/Page_Dispensary Store/button_Add' is clicked on

2018-05-28 12:23:32 - [TEST_STEP][PASSED] - selectOptionByIndex: All options with index in [2] are selected on object 'Object Repository/DispensaryToStore/Page_Dispensary Store/select_--Select--Schedule 1Inj'

2018-05-28 12:23:32 - [MESSAGE][PASSED] - All options with index in [2] are selected on object 'Object Repository/DispensaryToStore/Page_Dispensary Store/select_--Select--Schedule 1Inj'

2018-05-28 12:23:32 - [TEST_STEP][PASSED] - delay: Delayed 1 second(s)

2018-05-28 12:23:33 - [MESSAGE][PASSED] - Delayed 1 second(s)

2018-05-28 12:23:33 - [TEST_STEP][PASSED] - selectOptionByIndex: All options with index in [4] are selected on object 'Object Repository/DispensaryToStore/Page_Dispensary Store/select_--Select--Adernaline 0.'

2018-05-28 12:23:34 - [MESSAGE][PASSED] - All options with index in [4] are selected on object 'Object Repository/DispensaryToStore/Page_Dispensary Store/select_--Select--Adernaline 0.'

2018-05-28 12:23:34 - [TEST_STEP][PASSED] - delay: Delayed 1 second(s)

2018-05-28 12:23:35 - [MESSAGE][PASSED] - Delayed 1 second(s)

2018-05-28 12:23:35 - [TEST_STEP][PASSED] - setText: Text '10' is set on object 'Object Repository/DispensaryToStore/Page_Dispensary Store/input_txttreat'

2018-05-28 12:23:35 - [MESSAGE][PASSED] - Text '10' is set on object 'Object Repository/DispensaryToStore/Page_Dispensary Store/input_txttreat'

2018-05-28 12:23:35 - [TEST_STEP][PASSED] - click: Object: 'Object Repository/DispensaryToStore/Page_Dispensary Store/button_Add' is clicked on

2018-05-28 12:23:35 - [MESSAGE][PASSED] - Object: 'Object Repository/DispensaryToStore/Page_Dispensary Store/button_Add' is clicked on

2018-05-28 12:23:35 - [TEST_STEP][PASSED] - selectOptionByIndex: All options with index in [2] are selected on object 'Object Repository/DispensaryToStore/Page_Dispensary Store/select_--Select--Schedule 1Inj'

2018-05-28 12:23:35 - [MESSAGE][PASSED] - All options with index in [2] are selected on object 'Object Repository/DispensaryToStore/Page_Dispensary Store/select_--Select--Schedule 1Inj'

2018-05-28 12:23:35 - [TEST_STEP][PASSED] - delay: Delayed 1 second(s)

2018-05-28 12:23:36 - [MESSAGE][PASSED] - Delayed 1 second(s)

2018-05-28 12:23:36 - [TEST_STEP][PASSED] - selectOptionByIndex: All options with index in [5] are selected on object 'Object Repository/DispensaryToStore/Page_Dispensary Store/select_--Select--Adernaline 0.'

2018-05-28 12:23:36 - [MESSAGE][PASSED] - All options with index in [5] are selected on object 'Object Repository/DispensaryToStore/Page_Dispensary Store/select_--Select--Adernaline 0.'

2018-05-28 12:23:36 - [TEST_STEP][PASSED] - delay: Delayed 1 second(s)

2018-05-28 12:23:37 - [MESSAGE][PASSED] - Delayed 1 second(s)

2018-05-28 12:23:37 - [TEST_STEP][PASSED] - setText: Text '10' is set on object 'Object Repository/DispensaryToStore/Page_Dispensary Store/input_txttreat'

2018-05-28 12:23:37 - [MESSAGE][PASSED] - Text '10' is set on object 'Object Repository/DispensaryToStore/Page_Dispensary Store/input_txttreat'

2018-05-28 12:23:37 - [TEST_STEP][PASSED] - click: Object: 'Object Repository/DispensaryToStore/Page_Dispensary Store/button_Add' is clicked on

2018-05-28 12:23:38 - [MESSAGE][PASSED] - Object: 'Object Repository/DispensaryToStore/Page_Dispensary Store/button_Add' is clicked on

2018-05-28 12:23:38 - [TEST_STEP][PASSED] - selectOptionByIndex: All options with index in [2] are selected on object 'Object Repository/DispensaryToStore/Page_Dispensary Store/select_--Select--Schedule 1Inj'

2018-05-28 12:23:38 - [MESSAGE][PASSED] - All options with index in [2] are selected on object 'Object Repository/DispensaryToStore/Page_Dispensary Store/select_--Select--Schedule 1Inj'

2018-05-28 12:23:38 - [TEST_STEP][PASSED] - delay: Delayed 1 second(s)

2018-05-28 12:23:39 - [MESSAGE][PASSED] - Delayed 1 second(s)

2018-05-28 12:23:39 - [TEST_STEP][PASSED] - selectOptionByIndex: All options with index in [6] are selected on object 'Object Repository/DispensaryToStore/Page_Dispensary Store/select_--Select--Adernaline 0.'

2018-05-28 12:23:39 - [MESSAGE][PASSED] - All options with index in [6] are selected on object 'Object Repository/DispensaryToStore/Page_Dispensary Store/select_--Select--Adernaline 0.'

2018-05-28 12:23:39 - [TEST_STEP][PASSED] - delay: Delayed 1 second(s)

2018-05-28 12:23:40 - [MESSAGE][PASSED] - Delayed 1 second(s)

2018-05-28 12:23:40 - [TEST_STEP][PASSED] - setText: Text '10' is set on object 'Object Repository/DispensaryToStore/Page_Dispensary Store/input_txttreat'

2018-05-28 12:23:40 - [MESSAGE][PASSED] - Text '10' is set on object 'Object Repository/DispensaryToStore/Page_Dispensary Store/input_txttreat'

2018-05-28 12:23:40 - [TEST_STEP][PASSED] - click: Object: 'Object Repository/DispensaryToStore/Page_Dispensary Store/button_Add' is clicked on

2018-05-28 12:23:40 - [MESSAGE][PASSED] - Object: 'Object Repository/DispensaryToStore/Page_Dispensary Store/button_Add' is clicked on

2018-05-28 12:23:40 - [TEST_STEP][PASSED] - selectOptionByIndex: All options with index in [2] are selected on object 'Object Repository/DispensaryToStore/Page_Dispensary Store/select_--Select--Schedule 1Inj'

2018-05-28 12:23:40 - [MESSAGE][PASSED] - All options with index in [2] are selected on object 'Object Repository/DispensaryToStore/Page_Dispensary Store/select_--Select--Schedule 1Inj'

2018-05-28 12:23:40 - [TEST_STEP][PASSED] - delay: Delayed 1 second(s)

2018-05-28 12:23:41 - [MESSAGE][PASSED] - Delayed 1 second(s)

2018-05-28 12:23:41 - [TEST_STEP][PASSED] - selectOptionByIndex: All options with index in [7] are selected on object 'Object Repository/DispensaryToStore/Page_Dispensary Store/select_--Select--Adernaline 0.'

2018-05-28 12:23:41 - [MESSAGE][PASSED] - All options with index in [7] are selected on object 'Object Repository/DispensaryToStore/Page_Dispensary Store/select_--Select--Adernaline 0.'

2018-05-28 12:23:41 - [TEST_STEP][PASSED] - delay: Delayed 1 second(s)

2018-05-28 12:23:42 - [MESSAGE][PASSED] - Delayed 1 second(s)

2018-05-28 12:23:42 - [TEST_STEP][PASSED] - setText: Text '10' is set on object 'Object Repository/DispensaryToStore/Page_Dispensary Store/input_txttreat'

2018-05-28 12:23:43 - [MESSAGE][PASSED] - Text '10' is set on object 'Object Repository/DispensaryToStore/Page_Dispensary Store/input_txttreat'

2018-05-28 12:23:43 - [TEST_STEP][PASSED] - click: Object: 'Object Repository/DispensaryToStore/Page_Dispensary Store/button_Add' is clicked on

2018-05-28 12:23:43 - [MESSAGE][PASSED] - Object: 'Object Repository/DispensaryToStore/Page_Dispensary Store/button_Add' is clicked on

2018-05-28 12:23:43 - [TEST_STEP][PASSED] - selectOptionByIndex: All options with index in [2] are selected on object 'Object Repository/DispensaryToStore/Page_Dispensary Store/select_--Select--Schedule 1Inj'

2018-05-28 12:23:43 - [MESSAGE][PASSED] - All options with index in [2] are selected on object 'Object Repository/DispensaryToStore/Page_Dispensary Store/select_--Select--Schedule 1Inj'

2018-05-28 12:23:43 - [TEST_STEP][PASSED] - delay: Delayed 1 second(s)

2018-05-28 12:23:44 - [MESSAGE][PASSED] - Delayed 1 second(s)

2018-05-28 12:23:44 - [TEST_STEP][PASSED] - selectOptionByIndex: All options with index in [8] are selected on object 'Object Repository/DispensaryToStore/Page_Dispensary Store/select_--Select--Adernaline 0.'

2018-05-28 12:23:44 - [MESSAGE][PASSED] - All options with index in [8] are selected on object 'Object Repository/DispensaryToStore/Page_Dispensary Store/select_--Select--Adernaline 0.'

2018-05-28 12:23:44 - [TEST_STEP][PASSED] - delay: Delayed 1 second(s)

2018-05-28 12:23:45 - [MESSAGE][PASSED] - Delayed 1 second(s)

2018-05-28 12:23:45 - [TEST_STEP][PASSED] - setText: Text '10' is set on object 'Object Repository/DispensaryToStore/Page_Dispensary Store/input_txttreat'

2018-05-28 12:23:45 - [MESSAGE][PASSED] - Text '10' is set on object 'Object Repository/DispensaryToStore/Page_Dispensary Store/input_txttreat'

2018-05-28 12:23:45 - [TEST_STEP][PASSED] - click: Object: 'Object Repository/DispensaryToStore/Page_Dispensary Store/button_Add' is clicked on

2018-05-28 12:23:45 - [MESSAGE][PASSED] - Object: 'Object Repository/DispensaryToStore/Page_Dispensary Store/button_Add' is clicked on

2018-05-28 12:23:45 - [TEST_STEP][PASSED] - selectOptionByIndex: All options with index in [2] are selected on object 'Object Repository/DispensaryToStore/Page_Dispensary Store/select_--Select--Schedule 1Inj'

2018-05-28 12:23:45 - [MESSAGE][PASSED] - All options with index in [2] are selected on object 'Object Repository/DispensaryToStore/Page_Dispensary Store/select_--Select--Schedule 1Inj'

2018-05-28 12:23:45 - [TEST_STEP][PASSED] - delay: Delayed 1 second(s)

2018-05-28 12:23:46 - [MESSAGE][PASSED] - Delayed 1 second(s)

2018-05-28 12:23:46 - [TEST_STEP][PASSED] - selectOptionByIndex: All options with index in [9] are selected on object 'Object Repository/DispensaryToStore/Page_Dispensary Store/select_--Select--Adernaline 0.'

2018-05-28 12:23:47 - [MESSAGE][PASSED] - All options with index in [9] are selected on object 'Object Repository/DispensaryToStore/Page_Dispensary Store/select_--Select--Adernaline 0.'

2018-05-28 12:23:47 - [TEST_STEP][PASSED] - delay: Delayed 1 second(s)

2018-05-28 12:23:48 - [MESSAGE][PASSED] - Delayed 1 second(s)

2018-05-28 12:23:48 - [TEST_STEP][PASSED] - setText: Text '10' is set on object 'Object Repository/DispensaryToStore/Page_Dispensary Store/input_txttreat'

2018-05-28 12:23:48 - [MESSAGE][PASSED] - Text '10' is set on object 'Object Repository/DispensaryToStore/Page_Dispensary Store/input_txttreat'

2018-05-28 12:23:48 - [TEST_STEP][PASSED] - click: Object: 'Object Repository/DispensaryToStore/Page_Dispensary Store/button_Add' is clicked on

2018-05-28 12:23:48 - [MESSAGE][PASSED] - Object: 'Object Repository/DispensaryToStore/Page_Dispensary Store/button_Add' is clicked on

2018-05-28 12:23:48 - [TEST_STEP][PASSED] - selectOptionByIndex: All options with index in [2] are selected on object 'Object Repository/DispensaryToStore/Page_Dispensary Store/select_--Select--Schedule 1Inj'

2018-05-28 12:23:48 - [MESSAGE][PASSED] - All options with index in [2] are selected on object 'Object Repository/DispensaryToStore/Page_Dispensary Store/select_--Select--Schedule 1Inj'

2018-05-28 12:23:48 - [TEST_STEP][PASSED] - delay: Delayed 1 second(s)

2018-05-28 12:23:49 - [MESSAGE][PASSED] - Delayed 1 second(s)

2018-05-28 12:23:49 - [TEST_STEP][PASSED] - selectOptionByIndex: All options with index in [10] are selected on object 'Object Repository/DispensaryToStore/Page_Dispensary Store/select_--Select--Adernaline 0.'

2018-05-28 12:23:49 - [MESSAGE][PASSED] - All options with index in [10] are selected on object 'Object Repository/DispensaryToStore/Page_Dispensary Store/select_--Select--Adernaline 0.'

2018-05-28 12:23:49 - [TEST_STEP][PASSED] - delay: Delayed 1 second(s)

2018-05-28 12:23:50 - [MESSAGE][PASSED] - Delayed 1 second(s)

2018-05-28 12:23:50 - [TEST_STEP][PASSED] - setText: Text '10' is set on object 'Object Repository/DispensaryToStore/Page_Dispensary Store/input_txttreat'

2018-05-28 12:23:50 - [MESSAGE][PASSED] - Text '10' is set on object 'Object Repository/DispensaryToStore/Page_Dispensary Store/input_txttreat'

2018-05-28 12:23:50 - [TEST_STEP][PASSED] - click: Object: 'Object Repository/DispensaryToStore/Page_Dispensary Store/button_Add' is clicked on

2018-05-28 12:23:50 - [MESSAGE][PASSED] - Object: 'Object Repository/DispensaryToStore/Page_Dispensary Store/button_Add' is clicked on

2018-05-28 12:23:50 - [TEST_STEP][PASSED] - selectOptionByIndex: All options with index in [2] are selected on object 'Object Repository/DispensaryToStore/Page_Dispensary Store/select_--Select--Schedule 1Inj'

2018-05-28 12:23:51 - [MESSAGE][PASSED] - All options with index in [2] are selected on object 'Object Repository/DispensaryToStore/Page_Dispensary Store/select_--Select--Schedule 1Inj'

2018-05-28 12:23:51 - [TEST_STEP][PASSED] - delay: Delayed 1 second(s)

2018-05-28 12:23:52 - [MESSAGE][PASSED] - Delayed 1 second(s)

2018-05-28 12:23:52 - [TEST_STEP][PASSED] - selectOptionByIndex: All options with index in [11] are selected on object 'Object Repository/DispensaryToStore/Page_Dispensary Store/select_--Select--Adernaline 0.'

2018-05-28 12:23:52 - [MESSAGE][PASSED] - All options with index in [11] are selected on object 'Object Repository/DispensaryToStore/Page_Dispensary Store/select_--Select--Adernaline 0.'

2018-05-28 12:23:52 - [TEST_STEP][PASSED] - delay: Delayed 1 second(s)

2018-05-28 12:23:53 - [MESSAGE][PASSED] - Delayed 1 second(s)

2018-05-28 12:23:53 - [TEST_STEP][PASSED] - setText: Text '10' is set on object 'Object Repository/DispensaryToStore/Page_Dispensary Store/input_txttreat'

2018-05-28 12:23:53 - [MESSAGE][PASSED] - Text '10' is set on object 'Object Repository/DispensaryToStore/Page_Dispensary Store/input_txttreat'

2018-05-28 12:23:53 - [TEST_STEP][PASSED] - click: Object: 'Object Repository/DispensaryToStore/Page_Dispensary Store/button_Add' is clicked on

2018-05-28 12:23:53 - [MESSAGE][PASSED] - Object: 'Object Repository/DispensaryToStore/Page_Dispensary Store/button_Add' is clicked on

2018-05-28 12:23:53 - [TEST_STEP][PASSED] - selectOptionByIndex: All options with index in [2] are selected on object 'Object Repository/DispensaryToStore/Page_Dispensary Store/select_--Select--Schedule 1Inj'

2018-05-28 12:23:53 - [MESSAGE][PASSED] - All options with index in [2] are selected on object 'Object Repository/DispensaryToStore/Page_Dispensary Store/select_--Select--Schedule 1Inj'

2018-05-28 12:23:53 - [TEST_STEP][PASSED] - delay: Delayed 1 second(s)

2018-05-28 12:23:54 - [MESSAGE][PASSED] - Delayed 1 second(s)

2018-05-28 12:23:54 - [TEST_STEP][PASSED] - selectOptionByIndex: All options with index in [12] are selected on object 'Object Repository/DispensaryToStore/Page_Dispensary Store/select_--Select--Adernaline 0.'

2018-05-28 12:23:55 - [MESSAGE][PASSED] - All options with index in [12] are selected on object 'Object Repository/DispensaryToStore/Page_Dispensary Store/select_--Select--Adernaline 0.'

2018-05-28 12:23:55 - [TEST_STEP][PASSED] - delay: Delayed 1 second(s)

2018-05-28 12:23:56 - [MESSAGE][PASSED] - Delayed 1 second(s)

2018-05-28 12:23:56 - [TEST_STEP][PASSED] - setText: Text '10' is set on object 'Object Repository/DispensaryToStore/Page_Dispensary Store/input_txttreat'

2018-05-28 12:23:56 - [MESSAGE][PASSED] - Text '10' is set on object 'Object Repository/DispensaryToStore/Page_Dispensary Store/input_txttreat'

2018-05-28 12:23:56 - [TEST_STEP][PASSED] - click: Object: 'Object Repository/DispensaryToStore/Page_Dispensary Store/button_Add' is clicked on

2018-05-28 12:23:56 - [MESSAGE][PASSED] - Object: 'Object Repository/DispensaryToStore/Page_Dispensary Store/button_Add' is clicked on

2018-05-28 12:23:56 - [TEST_STEP][PASSED] - selectOptionByIndex: All options with index in [2] are selected on object 'Object Repository/DispensaryToStore/Page_Dispensary Store/select_--Select--Schedule 1Inj'

2018-05-28 12:23:56 - [MESSAGE][PASSED] - All options with index in [2] are selected on object 'Object Repository/DispensaryToStore/Page_Dispensary Store/select_--Select--Schedule 1Inj'

2018-05-28 12:23:56 - [TEST_STEP][PASSED] - delay: Delayed 1 second(s)

2018-05-28 12:23:57 - [MESSAGE][PASSED] - Delayed 1 second(s)

2018-05-28 12:23:57 - [TEST_STEP][PASSED] - selectOptionByIndex: All options with index in [13] are selected on object 'Object Repository/DispensaryToStore/Page_Dispensary Store/select_--Select--Adernaline 0.'

2018-05-28 12:23:57 - [MESSAGE][PASSED] - All options with index in [13] are selected on object 'Object Repository/DispensaryToStore/Page_Dispensary Store/select_--Select--Adernaline 0.'

2018-05-28 12:23:57 - [TEST_STEP][PASSED] - delay: Delayed 1 second(s)

2018-05-28 12:23:58 - [MESSAGE][PASSED] - Delayed 1 second(s)

2018-05-28 12:23:58 - [TEST_STEP][PASSED] - setText: Text '10' is set on object 'Object Repository/DispensaryToStore/Page_Dispensary Store/input_txttreat'

2018-05-28 12:23:58 - [MESSAGE][PASSED] - Text '10' is set on object 'Object Repository/DispensaryToStore/Page_Dispensary Store/input_txttreat'

2018-05-28 12:23:58 - [TEST_STEP][PASSED] - click: Object: 'Object Repository/DispensaryToStore/Page_Dispensary Store/button_Add' is clicked on

2018-05-28 12:23:58 - [MESSAGE][PASSED] - Object: 'Object Repository/DispensaryToStore/Page_Dispensary Store/button_Add' is clicked on

2018-05-28 12:23:58 - [TEST_STEP][PASSED] - selectOptionByIndex: All options with index in [2] are selected on object 'Object Repository/DispensaryToStore/Page_Dispensary Store/select_--Select--Schedule 1Inj'

2018-05-28 12:23:59 - [MESSAGE][PASSED] - All options with index in [2] are selected on object 'Object Repository/DispensaryToStore/Page_Dispensary Store/select_--Select--Schedule 1Inj'

2018-05-28 12:23:59 - [TEST_STEP][PASSED] - delay: Delayed 1 second(s)

2018-05-28 12:24:00 - [MESSAGE][PASSED] - Delayed 1 second(s)

2018-05-28 12:24:00 - [TEST_STEP][PASSED] - selectOptionByIndex: All options with index in [14] are selected on object 'Object Repository/DispensaryToStore/Page_Dispensary Store/select_--Select--Adernaline 0.'

2018-05-28 12:24:00 - [MESSAGE][PASSED] - All options with index in [14] are selected on object 'Object Repository/DispensaryToStore/Page_Dispensary Store/select_--Select--Adernaline 0.'

2018-05-28 12:24:00 - [TEST_STEP][PASSED] - delay: Delayed 1 second(s)

2018-05-28 12:24:01 - [MESSAGE][PASSED] - Delayed 1 second(s)

2018-05-28 12:24:01 - [TEST_STEP][PASSED] - setText: Text '10' is set on object 'Object Repository/DispensaryToStore/Page_Dispensary Store/input_txttreat'

2018-05-28 12:24:01 - [MESSAGE][PASSED] - Text '10' is set on object 'Object Repository/DispensaryToStore/Page_Dispensary Store/input_txttreat'

2018-05-28 12:24:01 - [TEST_STEP][PASSED] - click: Object: 'Object Repository/DispensaryToStore/Page_Dispensary Store/button_Add' is clicked on

2018-05-28 12:24:01 - [MESSAGE][PASSED] - Object: 'Object Repository/DispensaryToStore/Page_Dispensary Store/button_Add' is clicked on

2018-05-28 12:24:01 - [TEST_STEP][PASSED] - selectOptionByIndex: All options with index in [2] are selected on object 'Object Repository/DispensaryToStore/Page_Dispensary Store/select_--Select--Schedule 1Inj'

2018-05-28 12:24:01 - [MESSAGE][PASSED] - All options with index in [2] are selected on object 'Object Repository/DispensaryToStore/Page_Dispensary Store/select_--Select--Schedule 1Inj'

2018-05-28 12:24:01 - [TEST_STEP][PASSED] - delay: Delayed 1 second(s)

2018-05-28 12:24:02 - [MESSAGE][PASSED] - Delayed 1 second(s)

2018-05-28 12:24:02 - [TEST_STEP][PASSED] - selectOptionByIndex: All options with index in [15] are selected on object 'Object Repository/DispensaryToStore/Page_Dispensary Store/select_--Select--Adernaline 0.'

2018-05-28 12:24:03 - [MESSAGE][PASSED] - All options with index in [15] are selected on object 'Object Repository/DispensaryToStore/Page_Dispensary Store/select_--Select--Adernaline 0.'

2018-05-28 12:24:03 - [TEST_STEP][PASSED] - delay: Delayed 1 second(s)

2018-05-28 12:24:04 - [MESSAGE][PASSED] - Delayed 1 second(s)

2018-05-28 12:24:04 - [TEST_STEP][PASSED] - setText: Text '10' is set on object 'Object Repository/DispensaryToStore/Page_Dispensary Store/input_txttreat'

2018-05-28 12:24:04 - [MESSAGE][PASSED] - Text '10' is set on object 'Object Repository/DispensaryToStore/Page_Dispensary Store/input_txttreat'

2018-05-28 12:24:04 - [TEST_STEP][PASSED] - click: Object: 'Object Repository/DispensaryToStore/Page_Dispensary Store/button_Add' is clicked on

2018-05-28 12:24:04 - [MESSAGE][PASSED] - Object: 'Object Repository/DispensaryToStore/Page_Dispensary Store/button_Add' is clicked on

2018-05-28 12:24:04 - [TEST_STEP][PASSED] - selectOptionByIndex: All options with index in [2] are selected on object 'Object Repository/DispensaryToStore/Page_Dispensary Store/select_--Select--Schedule 1Inj'

2018-05-28 12:24:04 - [MESSAGE][PASSED] - All options with index in [2] are selected on object 'Object Repository/DispensaryToStore/Page_Dispensary Store/select_--Select--Schedule 1Inj'

2018-05-28 12:24:04 - [TEST_STEP][PASSED] - delay: Delayed 1 second(s)

2018-05-28 12:24:05 - [MESSAGE][PASSED] - Delayed 1 second(s)

2018-05-28 12:24:05 - [TEST_STEP][PASSED] - selectOptionByIndex: All options with index in [16] are selected on object 'Object Repository/DispensaryToStore/Page_Dispensary Store/select_--Select--Adernaline 0.'

2018-05-28 12:24:05 - [MESSAGE][PASSED] - All options with index in [16] are selected on object 'Object Repository/DispensaryToStore/Page_Dispensary Store/select_--Select--Adernaline 0.'

2018-05-28 12:24:05 - [TEST_STEP][PASSED] - delay: Delayed 1 second(s)

2018-05-28 12:24:06 - [MESSAGE][PASSED] - Delayed 1 second(s)

2018-05-28 12:24:06 - [TEST_STEP][PASSED] - setText: Text '10' is set on object 'Object Repository/DispensaryToStore/Page_Dispensary Store/input_txttreat'

2018-05-28 12:24:06 - [MESSAGE][PASSED] - Text '10' is set on object 'Object Repository/DispensaryToStore/Page_Dispensary Store/input_txttreat'

2018-05-28 12:24:06 - [TEST_STEP][PASSED] - click: Object: 'Object Repository/DispensaryToStore/Page_Dispensary Store/button_Add' is clicked on

2018-05-28 12:24:07 - [MESSAGE][PASSED] - Object: 'Object Repository/DispensaryToStore/Page_Dispensary Store/button_Add' is clicked on

2018-05-28 12:24:07 - [TEST_STEP][PASSED] - selectOptionByIndex: All options with index in [2] are selected on object 'Object Repository/DispensaryToStore/Page_Dispensary Store/select_--Select--Schedule 1Inj'

2018-05-28 12:24:07 - [MESSAGE][PASSED] - All options with index in [2] are selected on object 'Object Repository/DispensaryToStore/Page_Dispensary Store/select_--Select--Schedule 1Inj'

2018-05-28 12:24:07 - [TEST_STEP][PASSED] - delay: Delayed 1 second(s)

2018-05-28 12:24:08 - [MESSAGE][PASSED] - Delayed 1 second(s)

2018-05-28 12:24:08 - [TEST_STEP][PASSED] - selectOptionByIndex: All options with index in [17] are selected on object 'Object Repository/DispensaryToStore/Page_Dispensary Store/select_--Select--Adernaline 0.'

2018-05-28 12:24:08 - [MESSAGE][PASSED] - All options with index in [17] are selected on object 'Object Repository/DispensaryToStore/Page_Dispensary Store/select_--Select--Adernaline 0.'

2018-05-28 12:24:08 - [TEST_STEP][PASSED] - delay: Delayed 1 second(s)

2018-05-28 12:24:09 - [MESSAGE][PASSED] - Delayed 1 second(s)

2018-05-28 12:24:09 - [TEST_STEP][PASSED] - setText: Text '10' is set on object 'Object Repository/DispensaryToStore/Page_Dispensary Store/input_txttreat'

2018-05-28 12:24:09 - [MESSAGE][PASSED] - Text '10' is set on object 'Object Repository/DispensaryToStore/Page_Dispensary Store/input_txttreat'

2018-05-28 12:24:09 - [TEST_STEP][PASSED] - click: Object: 'Object Repository/DispensaryToStore/Page_Dispensary Store/button_Add' is clicked on

2018-05-28 12:24:09 - [MESSAGE][PASSED] - Object: 'Object Repository/DispensaryToStore/Page_Dispensary Store/button_Add' is clicked on

2018-05-28 12:24:09 - [TEST_STEP][PASSED] - selectOptionByIndex: All options with index in [2] are selected on object 'Object Repository/DispensaryToStore/Page_Dispensary Store/select_--Select--Schedule 1Inj'

2018-05-28 12:24:09 - [MESSAGE][PASSED] - All options with index in [2] are selected on object 'Object Repository/DispensaryToStore/Page_Dispensary Store/select_--Select--Schedule 1Inj'

2018-05-28 12:24:09 - [TEST_STEP][PASSED] - delay: Delayed 1 second(s)

2018-05-28 12:24:10 - [MESSAGE][PASSED] - Delayed 1 second(s)

2018-05-28 12:24:10 - [TEST_STEP][PASSED] - selectOptionByIndex: All options with index in [18] are selected on object 'Object Repository/DispensaryToStore/Page_Dispensary Store/select_--Select--Adernaline 0.'

2018-05-28 12:24:11 - [MESSAGE][PASSED] - All options with index in [18] are selected on object 'Object Repository/DispensaryToStore/Page_Dispensary Store/select_--Select--Adernaline 0.'

2018-05-28 12:24:11 - [TEST_STEP][PASSED] - delay: Delayed 1 second(s)

2018-05-28 12:24:12 - [MESSAGE][PASSED] - Delayed 1 second(s)

2018-05-28 12:24:12 - [TEST_STEP][PASSED] - setText: Text '10' is set on object 'Object Repository/DispensaryToStore/Page_Dispensary Store/input_txttreat'

2018-05-28 12:24:12 - [MESSAGE][PASSED] - Text '10' is set on object 'Object Repository/DispensaryToStore/Page_Dispensary Store/input_txttreat'

2018-05-28 12:24:12 - [TEST_STEP][PASSED] - click: Object: 'Object Repository/DispensaryToStore/Page_Dispensary Store/button_Add' is clicked on

2018-05-28 12:24:12 - [MESSAGE][PASSED] - Object: 'Object Repository/DispensaryToStore/Page_Dispensary Store/button_Add' is clicked on

2018-05-28 12:24:12 - [TEST_STEP][PASSED] - selectOptionByIndex: All options with index in [2] are selected on object 'Object Repository/DispensaryToStore/Page_Dispensary Store/select_--Select--Schedule 1Inj'

2018-05-28 12:24:12 - [MESSAGE][PASSED] - All options with index in [2] are selected on object 'Object Repository/DispensaryToStore/Page_Dispensary Store/select_--Select--Schedule 1Inj'

2018-05-28 12:24:12 - [TEST_STEP][PASSED] - delay: Delayed 1 second(s)

2018-05-28 12:24:13 - [MESSAGE][PASSED] - Delayed 1 second(s)

2018-05-28 12:24:13 - [TEST_STEP][PASSED] - selectOptionByIndex: All options with index in [19] are selected on object 'Object Repository/DispensaryToStore/Page_Dispensary Store/select_--Select--Adernaline 0.'

2018-05-28 12:24:14 - [MESSAGE][PASSED] - All options with index in [19] are selected on object 'Object Repository/DispensaryToStore/Page_Dispensary Store/select_--Select--Adernaline 0.'

2018-05-28 12:24:14 - [TEST_STEP][PASSED] - delay: Delayed 1 second(s)

2018-05-28 12:24:15 - [MESSAGE][PASSED] - Delayed 1 second(s)

2018-05-28 12:24:15 - [TEST_STEP][PASSED] - setText: Text '10' is set on object 'Object Repository/DispensaryToStore/Page_Dispensary Store/input_txttreat'

2018-05-28 12:24:15 - [MESSAGE][PASSED] - Text '10' is set on object 'Object Repository/DispensaryToStore/Page_Dispensary Store/input_txttreat'

2018-05-28 12:24:15 - [TEST_STEP][PASSED] - click: Object: 'Object Repository/DispensaryToStore/Page_Dispensary Store/button_Add' is clicked on

2018-05-28 12:24:15 - [MESSAGE][PASSED] - Object: 'Object Repository/DispensaryToStore/Page_Dispensary Store/button_Add' is clicked on

2018-05-28 12:24:15 - [TEST_STEP][PASSED] - selectOptionByIndex: All options with index in [2] are selected on object 'Object Repository/DispensaryToStore/Page_Dispensary Store/select_--Select--Schedule 1Inj'

2018-05-28 12:24:15 - [MESSAGE][PASSED] - All options with index in [2] are selected on object 'Object Repository/DispensaryToStore/Page_Dispensary Store/select_--Select--Schedule 1Inj'

2018-05-28 12:24:15 - [TEST_STEP][PASSED] - delay: Delayed 1 second(s)

2018-05-28 12:24:16 - [MESSAGE][PASSED] - Delayed 1 second(s)

2018-05-28 12:24:16 - [TEST_STEP][PASSED] - selectOptionByIndex: All options with index in [20] are selected on object 'Object Repository/DispensaryToStore/Page_Dispensary Store/select_--Select--Adernaline 0.'

2018-05-28 12:24:16 - [MESSAGE][PASSED] - All options with index in [20] are selected on object 'Object Repository/DispensaryToStore/Page_Dispensary Store/select_--Select--Adernaline 0.'

2018-05-28 12:24:16 - [TEST_STEP][PASSED] - delay: Delayed 1 second(s)

2018-05-28 12:24:17 - [MESSAGE][PASSED] - Delayed 1 second(s)

2018-05-28 12:24:17 - [TEST_STEP][PASSED] - setText: Text '10' is set on object 'Object Repository/DispensaryToStore/Page_Dispensary Store/input_txttreat'

2018-05-28 12:24:17 - [MESSAGE][PASSED] - Text '10' is set on object 'Object Repository/DispensaryToStore/Page_Dispensary Store/input_txttreat'

2018-05-28 12:24:17 - [TEST_STEP][PASSED] - click: Object: 'Object Repository/DispensaryToStore/Page_Dispensary Store/button_Add' is clicked on

2018-05-28 12:24:17 - [MESSAGE][PASSED] - Object: 'Object Repository/DispensaryToStore/Page_Dispensary Store/button_Add' is clicked on

2018-05-28 12:24:17 - [TEST_STEP][PASSED] - selectOptionByIndex: All options with index in [2] are selected on object 'Object Repository/DispensaryToStore/Page_Dispensary Store/select_--Select--Schedule 1Inj'

2018-05-28 12:24:18 - [MESSAGE][PASSED] - All options with index in [2] are selected on object 'Object Repository/DispensaryToStore/Page_Dispensary Store/select_--Select--Schedule 1Inj'

2018-05-28 12:24:18 - [TEST_STEP][PASSED] - delay: Delayed 1 second(s)

2018-05-28 12:24:19 - [MESSAGE][PASSED] - Delayed 1 second(s)

2018-05-28 12:24:19 - [TEST_STEP][PASSED] - selectOptionByIndex: All options with index in [21] are selected on object 'Object Repository/DispensaryToStore/Page_Dispensary Store/select_--Select--Adernaline 0.'

2018-05-28 12:24:19 - [MESSAGE][PASSED] - All options with index in [21] are selected on object 'Object Repository/DispensaryToStore/Page_Dispensary Store/select_--Select--Adernaline 0.'

2018-05-28 12:24:19 - [TEST_STEP][PASSED] - delay: Delayed 1 second(s)

2018-05-28 12:24:20 - [MESSAGE][PASSED] - Delayed 1 second(s)

2018-05-28 12:24:20 - [TEST_STEP][PASSED] - setText: Text '10' is set on object 'Object Repository/DispensaryToStore/Page_Dispensary Store/input_txttreat'

2018-05-28 12:24:20 - [MESSAGE][PASSED] - Text '10' is set on object 'Object Repository/DispensaryToStore/Page_Dispensary Store/input_txttreat'

2018-05-28 12:24:20 - [TEST_STEP][PASSED] - click: Object: 'Object Repository/DispensaryToStore/Page_Dispensary Store/button_Add' is clicked on

2018-05-28 12:24:20 - [MESSAGE][PASSED] - Object: 'Object Repository/DispensaryToStore/Page_Dispensary Store/button_Add' is clicked on

2018-05-28 12:24:20 - [TEST_STEP][PASSED] - selectOptionByIndex: All options with index in [2] are selected on object 'Object Repository/DispensaryToStore/Page_Dispensary Store/select_--Select--Schedule 1Inj'

2018-05-28 12:24:20 - [MESSAGE][PASSED] - All options with index in [2] are selected on object 'Object Repository/DispensaryToStore/Page_Dispensary Store/select_--Select--Schedule 1Inj'

2018-05-28 12:24:20 - [TEST_STEP][PASSED] - delay: Delayed 1 second(s)

2018-05-28 12:24:21 - [MESSAGE][PASSED] - Delayed 1 second(s)

2018-05-28 12:24:21 - [TEST_STEP][PASSED] - selectOptionByIndex: All options with index in [22] are selected on object 'Object Repository/DispensaryToStore/Page_Dispensary Store/select_--Select--Adernaline 0.'

2018-05-28 12:24:22 - [MESSAGE][PASSED] - All options with index in [22] are selected on object 'Object Repository/DispensaryToStore/Page_Dispensary Store/select_--Select--Adernaline 0.'

2018-05-28 12:24:22 - [TEST_STEP][PASSED] - delay: Delayed 1 second(s)

2018-05-28 12:24:23 - [MESSAGE][PASSED] - Delayed 1 second(s)

2018-05-28 12:24:23 - [TEST_STEP][PASSED] - setText: Text '10' is set on object 'Object Repository/DispensaryToStore/Page_Dispensary Store/input_txttreat'

2018-05-28 12:24:23 - [MESSAGE][PASSED] - Text '10' is set on object 'Object Repository/DispensaryToStore/Page_Dispensary Store/input_txttreat'

2018-05-28 12:24:23 - [TEST_STEP][PASSED] - click: Object: 'Object Repository/DispensaryToStore/Page_Dispensary Store/button_Add' is clicked on

2018-05-28 12:24:23 - [MESSAGE][PASSED] - Object: 'Object Repository/DispensaryToStore/Page_Dispensary Store/button_Add' is clicked on

2018-05-28 12:24:23 - [TEST_STEP][PASSED] - selectOptionByIndex: All options with index in [2] are selected on object 'Object Repository/DispensaryToStore/Page_Dispensary Store/select_--Select--Schedule 1Inj'

2018-05-28 12:24:23 - [MESSAGE][PASSED] - All options with index in [2] are selected on object 'Object Repository/DispensaryToStore/Page_Dispensary Store/select_--Select--Schedule 1Inj'

2018-05-28 12:24:23 - [TEST_STEP][PASSED] - delay: Delayed 1 second(s)

2018-05-28 12:24:24 - [MESSAGE][PASSED] - Delayed 1 second(s)

2018-05-28 12:24:24 - [TEST_STEP][PASSED] - selectOptionByIndex: All options with index in [23] are selected on object 'Object Repository/DispensaryToStore/Page_Dispensary Store/select_--Select--Adernaline 0.'

2018-05-28 12:24:24 - [MESSAGE][PASSED] - All options with index in [23] are selected on object 'Object Repository/DispensaryToStore/Page_Dispensary Store/select_--Select--Adernaline 0.'

2018-05-28 12:24:24 - [TEST_STEP][PASSED] - delay: Delayed 1 second(s)

2018-05-28 12:24:25 - [MESSAGE][PASSED] - Delayed 1 second(s)

2018-05-28 12:24:25 - [TEST_STEP][PASSED] - setText: Text '10' is set on object 'Object Repository/DispensaryToStore/Page_Dispensary Store/input_txttreat'

2018-05-28 12:24:26 - [MESSAGE][PASSED] - Text '10' is set on object 'Object Repository/DispensaryToStore/Page_Dispensary Store/input_txttreat'

2018-05-28 12:24:26 - [TEST_STEP][PASSED] - click: Object: 'Object Repository/DispensaryToStore/Page_Dispensary Store/button_Add' is clicked on

2018-05-28 12:24:26 - [MESSAGE][PASSED] - Object: 'Object Repository/DispensaryToStore/Page_Dispensary Store/button_Add' is clicked on

2018-05-28 12:24:26 - [TEST_STEP][PASSED] - selectOptionByIndex: All options with index in [2] are selected on object 'Object Repository/DispensaryToStore/Page_Dispensary Store/select_--Select--Schedule 1Inj'

2018-05-28 12:24:26 - [MESSAGE][PASSED] - All options with index in [2] are selected on object 'Object Repository/DispensaryToStore/Page_Dispensary Store/select_--Select--Schedule 1Inj'

2018-05-28 12:24:26 - [TEST_STEP][PASSED] - delay: Delayed 1 second(s)

2018-05-28 12:24:27 - [MESSAGE][PASSED] - Delayed 1 second(s)

2018-05-28 12:24:27 - [TEST_STEP][PASSED] - selectOptionByIndex: All options with index in [24] are selected on object 'Object Repository/DispensaryToStore/Page_Dispensary Store/select_--Select--Adernaline 0.'

2018-05-28 12:24:27 - [MESSAGE][PASSED] - All options with index in [24] are selected on object 'Object Repository/DispensaryToStore/Page_Dispensary Store/select_--Select--Adernaline 0.'

2018-05-28 12:24:27 - [TEST_STEP][PASSED] - delay: Delayed 1 second(s)

2018-05-28 12:24:28 - [MESSAGE][PASSED] - Delayed 1 second(s)

2018-05-28 12:24:28 - [TEST_STEP][PASSED] - setText: Text '10' is set on object 'Object Repository/DispensaryToStore/Page_Dispensary Store/input_txttreat'

2018-05-28 12:24:28 - [MESSAGE][PASSED] - Text '10' is set on object 'Object Repository/DispensaryToStore/Page_Dispensary Store/input_txttreat'

2018-05-28 12:24:28 - [TEST_STEP][PASSED] - click: Object: 'Object Repository/DispensaryToStore/Page_Dispensary Store/button_Add' is clicked on

2018-05-28 12:24:28 - [MESSAGE][PASSED] - Object: 'Object Repository/DispensaryToStore/Page_Dispensary Store/button_Add' is clicked on

2018-05-28 12:24:28 - [TEST_STEP][PASSED] - selectOptionByIndex: All options with index in [2] are selected on object 'Object Repository/DispensaryToStore/Page_Dispensary Store/select_--Select--Schedule 1Inj'

2018-05-28 12:24:29 - [MESSAGE][PASSED] - All options with index in [2] are selected on object 'Object Repository/DispensaryToStore/Page_Dispensary Store/select_--Select--Schedule 1Inj'

2018-05-28 12:24:29 - [TEST_STEP][PASSED] - delay: Delayed 1 second(s)

2018-05-28 12:24:30 - [MESSAGE][PASSED] - Delayed 1 second(s)

2018-05-28 12:24:30 - [TEST_STEP][PASSED] - selectOptionByIndex: All options with index in [25] are selected on object 'Object Repository/DispensaryToStore/Page_Dispensary Store/select_--Select--Adernaline 0.'

2018-05-28 12:24:30 - [MESSAGE][PASSED] - All options with index in [25] are selected on object 'Object Repository/DispensaryToStore/Page_Dispensary Store/select_--Select--Adernaline 0.'

2018-05-28 12:24:30 - [TEST_STEP][PASSED] - delay: Delayed 1 second(s)

2018-05-28 12:24:31 - [MESSAGE][PASSED] - Delayed 1 second(s)

2018-05-28 12:24:31 - [TEST_STEP][PASSED] - setText: Text '10' is set on object 'Object Repository/DispensaryToStore/Page_Dispensary Store/input_txttreat'

2018-05-28 12:24:31 - [MESSAGE][PASSED] - Text '10' is set on object 'Object Repository/DispensaryToStore/Page_Dispensary Store/input_txttreat'

2018-05-28 12:24:31 - [TEST_STEP][PASSED] - click: Object: 'Object Repository/DispensaryToStore/Page_Dispensary Store/button_Add' is clicked on

2018-05-28 12:24:31 - [MESSAGE][PASSED] - Object: 'Object Repository/DispensaryToStore/Page_Dispensary Store/button_Add' is clicked on

2018-05-28 12:24:31 - [TEST_STEP][PASSED] - selectOptionByIndex: All options with index in [2] are selected on object 'Object Repository/DispensaryToStore/Page_Dispensary Store/select_--Select--Schedule 1Inj'

2018-05-28 12:24:31 - [MESSAGE][PASSED] - All options with index in [2] are selected on object 'Object Repository/DispensaryToStore/Page_Dispensary Store/select_--Select--Schedule 1Inj'

2018-05-28 12:24:31 - [TEST_STEP][PASSED] - delay: Delayed 1 second(s)

2018-05-28 12:24:32 - [MESSAGE][PASSED] - Delayed 1 second(s)

2018-05-28 12:24:32 - [TEST_STEP][PASSED] - selectOptionByIndex: All options with index in [26] are selected on object 'Object Repository/DispensaryToStore/Page_Dispensary Store/select_--Select--Adernaline 0.'

2018-05-28 12:24:33 - [MESSAGE][PASSED] - All options with index in [26] are selected on object 'Object Repository/DispensaryToStore/Page_Dispensary Store/select_--Select--Adernaline 0.'

2018-05-28 12:24:33 - [TEST_STEP][PASSED] - delay: Delayed 1 second(s)

2018-05-28 12:24:34 - [MESSAGE][PASSED] - Delayed 1 second(s)

2018-05-28 12:24:34 - [TEST_STEP][PASSED] - setText: Text '10' is set on object 'Object Repository/DispensaryToStore/Page_Dispensary Store/input_txttreat'

2018-05-28 12:24:34 - [MESSAGE][PASSED] - Text '10' is set on object 'Object Repository/DispensaryToStore/Page_Dispensary Store/input_txttreat'

2018-05-28 12:24:34 - [TEST_STEP][PASSED] - click: Object: 'Object Repository/DispensaryToStore/Page_Dispensary Store/button_Add' is clicked on

2018-05-28 12:24:34 - [MESSAGE][PASSED] - Object: 'Object Repository/DispensaryToStore/Page_Dispensary Store/button_Add' is clicked on

2018-05-28 12:24:34 - [TEST_STEP][PASSED] - selectOptionByIndex: All options with index in [2] are selected on object 'Object Repository/DispensaryToStore/Page_Dispensary Store/select_--Select--Schedule 1Inj'

2018-05-28 12:24:34 - [MESSAGE][PASSED] - All options with index in [2] are selected on object 'Object Repository/DispensaryToStore/Page_Dispensary Store/select_--Select--Schedule 1Inj'

2018-05-28 12:24:34 - [TEST_STEP][PASSED] - delay: Delayed 1 second(s)

2018-05-28 12:24:35 - [MESSAGE][PASSED] - Delayed 1 second(s)

2018-05-28 12:24:35 - [TEST_STEP][PASSED] - selectOptionByIndex: All options with index in [27] are selected on object 'Object Repository/DispensaryToStore/Page_Dispensary Store/select_--Select--Adernaline 0.'

2018-05-28 12:24:35 - [MESSAGE][PASSED] - All options with index in [27] are selected on object 'Object Repository/DispensaryToStore/Page_Dispensary Store/select_--Select--Adernaline 0.'

2018-05-28 12:24:35 - [TEST_STEP][PASSED] - delay: Delayed 1 second(s)

2018-05-28 12:24:36 - [MESSAGE][PASSED] - Delayed 1 second(s)

2018-05-28 12:24:36 - [TEST_STEP][PASSED] - setText: Text '10' is set on object 'Object Repository/DispensaryToStore/Page_Dispensary Store/input_txttreat'

2018-05-28 12:24:36 - [MESSAGE][PASSED] - Text '10' is set on object 'Object Repository/DispensaryToStore/Page_Dispensary Store/input_txttreat'

2018-05-28 12:24:36 - [TEST_STEP][PASSED] - click: Object: 'Object Repository/DispensaryToStore/Page_Dispensary Store/button_Add' is clicked on

2018-05-28 12:24:37 - [MESSAGE][PASSED] - Object: 'Object Repository/DispensaryToStore/Page_Dispensary Store/button_Add' is clicked on

2018-05-28 12:24:37 - [TEST_STEP][PASSED] - selectOptionByIndex: All options with index in [2] are selected on object 'Object Repository/DispensaryToStore/Page_Dispensary Store/select_--Select--Schedule 1Inj'

2018-05-28 12:24:37 - [MESSAGE][PASSED] - All options with index in [2] are selected on object 'Object Repository/DispensaryToStore/Page_Dispensary Store/select_--Select--Schedule 1Inj'

2018-05-28 12:24:37 - [TEST_STEP][PASSED] - delay: Delayed 1 second(s)

2018-05-28 12:24:38 - [MESSAGE][PASSED] - Delayed 1 second(s)

2018-05-28 12:24:38 - [TEST_STEP][PASSED] - selectOptionByIndex: All options with index in [28] are selected on object 'Object Repository/DispensaryToStore/Page_Dispensary Store/select_--Select--Adernaline 0.'

2018-05-28 12:24:38 - [MESSAGE][PASSED] - All options with index in [28] are selected on object 'Object Repository/DispensaryToStore/Page_Dispensary Store/select_--Select--Adernaline 0.'

2018-05-28 12:24:38 - [TEST_STEP][PASSED] - delay: Delayed 1 second(s)

2018-05-28 12:24:39 - [MESSAGE][PASSED] - Delayed 1 second(s)

2018-05-28 12:24:39 - [TEST_STEP][PASSED] - setText: Text '10' is set on object 'Object Repository/DispensaryToStore/Page_Dispensary Store/input_txttreat'

2018-05-28 12:24:39 - [MESSAGE][PASSED] - Text '10' is set on object 'Object Repository/DispensaryToStore/Page_Dispensary Store/input_txttreat'

2018-05-28 12:24:39 - [TEST_STEP][PASSED] - click: Object: 'Object Repository/DispensaryToStore/Page_Dispensary Store/button_Add' is clicked on

2018-05-28 12:24:39 - [MESSAGE][PASSED] - Object: 'Object Repository/DispensaryToStore/Page_Dispensary Store/button_Add' is clicked on

2018-05-28 12:24:39 - [TEST_STEP][PASSED] - selectOptionByIndex: All options with index in [2] are selected on object 'Object Repository/DispensaryToStore/Page_Dispensary Store/select_--Select--Schedule 1Inj'

2018-05-28 12:24:39 - [MESSAGE][PASSED] - All options with index in [2] are selected on object 'Object Repository/DispensaryToStore/Page_Dispensary Store/select_--Select--Schedule 1Inj'

2018-05-28 12:24:39 - [TEST_STEP][PASSED] - delay: Delayed 1 second(s)

2018-05-28 12:24:40 - [MESSAGE][PASSED] - Delayed 1 second(s)

2018-05-28 12:24:40 - [TEST_STEP][PASSED] - selectOptionByIndex: All options with index in [29] are selected on object 'Object Repository/DispensaryToStore/Page_Dispensary Store/select_--Select--Adernaline 0.'

2018-05-28 12:24:41 - [MESSAGE][PASSED] - All options with index in [29] are selected on object 'Object Repository/DispensaryToStore/Page_Dispensary Store/select_--Select--Adernaline 0.'

2018-05-28 12:24:41 - [TEST_STEP][PASSED] - delay: Delayed 1 second(s)

2018-05-28 12:24:42 - [MESSAGE][PASSED] - Delayed 1 second(s)

2018-05-28 12:24:42 - [TEST_STEP][PASSED] - setText: Text '10' is set on object 'Object Repository/DispensaryToStore/Page_Dispensary Store/input_txttreat'

2018-05-28 12:24:42 - [MESSAGE][PASSED] - Text '10' is set on object 'Object Repository/DispensaryToStore/Page_Dispensary Store/input_txttreat'

2018-05-28 12:24:42 - [TEST_STEP][PASSED] - click: Object: 'Object Repository/DispensaryToStore/Page_Dispensary Store/button_Add' is clicked on

2018-05-28 12:24:42 - [MESSAGE][PASSED] - Object: 'Object Repository/DispensaryToStore/Page_Dispensary Store/button_Add' is clicked on

2018-05-28 12:24:42 - [TEST_STEP][PASSED] - selectOptionByIndex: All options with index in [2] are selected on object 'Object Repository/DispensaryToStore/Page_Dispensary Store/select_--Select--Schedule 1Inj'

2018-05-28 12:24:42 - [MESSAGE][PASSED] - All options with index in [2] are selected on object 'Object Repository/DispensaryToStore/Page_Dispensary Store/select_--Select--Schedule 1Inj'

2018-05-28 12:24:42 - [TEST_STEP][PASSED] - delay: Delayed 1 second(s)

2018-05-28 12:24:43 - [MESSAGE][PASSED] - Delayed 1 second(s)

2018-05-28 12:24:43 - [TEST_STEP][PASSED] - selectOptionByIndex: All options with index in [30] are selected on object 'Object Repository/DispensaryToStore/Page_Dispensary Store/select_--Select--Adernaline 0.'

2018-05-28 12:24:44 - [MESSAGE][PASSED] - All options with index in [30] are selected on object 'Object Repository/DispensaryToStore/Page_Dispensary Store/select_--Select--Adernaline 0.'

2018-05-28 12:24:44 - [TEST_STEP][PASSED] - delay: Delayed 1 second(s)

2018-05-28 12:24:45 - [MESSAGE][PASSED] - Delayed 1 second(s)

2018-05-28 12:24:45 - [TEST_STEP][PASSED] - setText: Text '10' is set on object 'Object Repository/DispensaryToStore/Page_Dispensary Store/input_txttreat'

2018-05-28 12:24:45 - [MESSAGE][PASSED] - Text '10' is set on object 'Object Repository/DispensaryToStore/Page_Dispensary Store/input_txttreat'

2018-05-28 12:24:45 - [TEST_STEP][PASSED] - click: Object: 'Object Repository/DispensaryToStore/Page_Dispensary Store/button_Add' is clicked on

2018-05-28 12:24:45 - [MESSAGE][PASSED] - Object: 'Object Repository/DispensaryToStore/Page_Dispensary Store/button_Add' is clicked on

2018-05-28 12:24:45 - [TEST_STEP][PASSED] - selectOptionByIndex: All options with index in [2] are selected on object 'Object Repository/DispensaryToStore/Page_Dispensary Store/select_--Select--Schedule 1Inj'

2018-05-28 12:24:45 - [MESSAGE][PASSED] - All options with index in [2] are selected on object 'Object Repository/DispensaryToStore/Page_Dispensary Store/select_--Select--Schedule 1Inj'

2018-05-28 12:24:45 - [TEST_STEP][PASSED] - delay: Delayed 1 second(s)

2018-05-28 12:24:46 - [MESSAGE][PASSED] - Delayed 1 second(s)

2018-05-28 12:24:46 - [TEST_STEP][PASSED] - selectOptionByIndex: All options with index in [31] are selected on object 'Object Repository/DispensaryToStore/Page_Dispensary Store/select_--Select--Adernaline 0.'

2018-05-28 12:24:47 - [MESSAGE][PASSED] - All options with index in [31] are selected on object 'Object Repository/DispensaryToStore/Page_Dispensary Store/select_--Select--Adernaline 0.'

2018-05-28 12:24:47 - [TEST_STEP][PASSED] - delay: Delayed 1 second(s)

2018-05-28 12:24:48 - [MESSAGE][PASSED] - Delayed 1 second(s)

2018-05-28 12:24:48 - [TEST_STEP][PASSED] - setText: Text '10' is set on object 'Object Repository/DispensaryToStore/Page_Dispensary Store/input_txttreat'

2018-05-28 12:24:48 - [MESSAGE][PASSED] - Text '10' is set on object 'Object Repository/DispensaryToStore/Page_Dispensary Store/input_txttreat'

2018-05-28 12:24:48 - [TEST_STEP][PASSED] - click: Object: 'Object Repository/DispensaryToStore/Page_Dispensary Store/button_Add' is clicked on

2018-05-28 12:24:48 - [MESSAGE][PASSED] - Object: 'Object Repository/DispensaryToStore/Page_Dispensary Store/button_Add' is clicked on

2018-05-28 12:24:48 - [TEST_STEP][PASSED] - selectOptionByIndex: All options with index in [2] are selected on object 'Object Repository/DispensaryToStore/Page_Dispensary Store/select_--Select--Schedule 1Inj'

2018-05-28 12:24:48 - [MESSAGE][PASSED] - All options with index in [2] are selected on object 'Object Repository/DispensaryToStore/Page_Dispensary Store/select_--Select--Schedule 1Inj'

2018-05-28 12:24:48 - [TEST_STEP][PASSED] - delay: Delayed 1 second(s)

2018-05-28 12:24:49 - [MESSAGE][PASSED] - Delayed 1 second(s)

2018-05-28 12:24:49 - [TEST_STEP][PASSED] - selectOptionByIndex: All options with index in [32] are selected on object 'Object Repository/DispensaryToStore/Page_Dispensary Store/select_--Select--Adernaline 0.'

2018-05-28 12:24:49 - [MESSAGE][PASSED] - All options with index in [32] are selected on object 'Object Repository/DispensaryToStore/Page_Dispensary Store/select_--Select--Adernaline 0.'

2018-05-28 12:24:49 - [TEST_STEP][PASSED] - delay: Delayed 1 second(s)

2018-05-28 12:24:50 - [MESSAGE][PASSED] - Delayed 1 second(s)

2018-05-28 12:24:50 - [TEST_STEP][PASSED] - setText: Text '10' is set on object 'Object Repository/DispensaryToStore/Page_Dispensary Store/input_txttreat'

2018-05-28 12:24:50 - [MESSAGE][PASSED] - Text '10' is set on object 'Object Repository/DispensaryToStore/Page_Dispensary Store/input_txttreat'

2018-05-28 12:24:50 - [TEST_STEP][PASSED] - click: Object: 'Object Repository/DispensaryToStore/Page_Dispensary Store/button_Add' is clicked on

2018-05-28 12:24:51 - [MESSAGE][PASSED] - Object: 'Object Repository/DispensaryToStore/Page_Dispensary Store/button_Add' is clicked on

2018-05-28 12:24:51 - [TEST_STEP][PASSED] - selectOptionByIndex: All options with index in [2] are selected on object 'Object Repository/DispensaryToStore/Page_Dispensary Store/select_--Select--Schedule 1Inj'

2018-05-28 12:24:51 - [MESSAGE][PASSED] - All options with index in [2] are selected on object 'Object Repository/DispensaryToStore/Page_Dispensary Store/select_--Select--Schedule 1Inj'

2018-05-28 12:24:51 - [TEST_STEP][PASSED] - delay: Delayed 1 second(s)

2018-05-28 12:24:52 - [MESSAGE][PASSED] - Delayed 1 second(s)

2018-05-28 12:24:52 - [TEST_STEP][PASSED] - selectOptionByIndex: All options with index in [33] are selected on object 'Object Repository/DispensaryToStore/Page_Dispensary Store/select_--Select--Adernaline 0.'

2018-05-28 12:24:52 - [MESSAGE][PASSED] - All options with index in [33] are selected on object 'Object Repository/DispensaryToStore/Page_Dispensary Store/select_--Select--Adernaline 0.'

2018-05-28 12:24:52 - [TEST_STEP][PASSED] - delay: Delayed 1 second(s)

2018-05-28 12:24:53 - [MESSAGE][PASSED] - Delayed 1 second(s)

2018-05-28 12:24:53 - [TEST_STEP][PASSED] - setText: Text '10' is set on object 'Object Repository/DispensaryToStore/Page_Dispensary Store/input_txttreat'

2018-05-28 12:24:53 - [MESSAGE][PASSED] - Text '10' is set on object 'Object Repository/DispensaryToStore/Page_Dispensary Store/input_txttreat'

2018-05-28 12:24:53 - [TEST_STEP][PASSED] - click: Object: 'Object Repository/DispensaryToStore/Page_Dispensary Store/button_Add' is clicked on

2018-05-28 12:24:53 - [MESSAGE][PASSED] - Object: 'Object Repository/DispensaryToStore/Page_Dispensary Store/button_Add' is clicked on

2018-05-28 12:24:53 - [TEST_STEP][PASSED] - selectOptionByIndex: All options with index in [2] are selected on object 'Object Repository/DispensaryToStore/Page_Dispensary Store/select_--Select--Schedule 1Inj'

2018-05-28 12:24:53 - [MESSAGE][PASSED] - All options with index in [2] are selected on object 'Object Repository/DispensaryToStore/Page_Dispensary Store/select_--Select--Schedule 1Inj'

2018-05-28 12:24:53 - [TEST_STEP][PASSED] - delay: Delayed 1 second(s)

2018-05-28 12:24:54 - [MESSAGE][PASSED] - Delayed 1 second(s)

2018-05-28 12:24:54 - [TEST_STEP][PASSED] - selectOptionByIndex: All options with index in [34] are selected on object 'Object Repository/DispensaryToStore/Page_Dispensary Store/select_--Select--Adernaline 0.'

2018-05-28 12:24:55 - [MESSAGE][PASSED] - All options with index in [34] are selected on object 'Object Repository/DispensaryToStore/Page_Dispensary Store/select_--Select--Adernaline 0.'

2018-05-28 12:24:55 - [TEST_STEP][PASSED] - delay: Delayed 1 second(s)

2018-05-28 12:24:56 - [MESSAGE][PASSED] - Delayed 1 second(s)

2018-05-28 12:24:56 - [TEST_STEP][PASSED] - setText: Text '10' is set on object 'Object Repository/DispensaryToStore/Page_Dispensary Store/input_txttreat'

2018-05-28 12:24:56 - [MESSAGE][PASSED] - Text '10' is set on object 'Object Repository/DispensaryToStore/Page_Dispensary Store/input_txttreat'

2018-05-28 12:24:56 - [TEST_STEP][PASSED] - click: Object: 'Object Repository/DispensaryToStore/Page_Dispensary Store/button_Add' is clicked on

2018-05-28 12:24:56 - [MESSAGE][PASSED] - Object: 'Object Repository/DispensaryToStore/Page_Dispensary Store/button_Add' is clicked on

2018-05-28 12:24:56 - [TEST_STEP][PASSED] - selectOptionByIndex: All options with index in [2] are selected on object 'Object Repository/DispensaryToStore/Page_Dispensary Store/select_--Select--Schedule 1Inj'

2018-05-28 12:24:56 - [MESSAGE][PASSED] - All options with index in [2] are selected on object 'Object Repository/DispensaryToStore/Page_Dispensary Store/select_--Select--Schedule 1Inj'

2018-05-28 12:24:56 - [TEST_STEP][PASSED] - delay: Delayed 1 second(s)

2018-05-28 12:24:57 - [MESSAGE][PASSED] - Delayed 1 second(s)

2018-05-28 12:24:57 - [TEST_STEP][PASSED] - selectOptionByIndex: All options with index in [35] are selected on object 'Object Repository/DispensaryToStore/Page_Dispensary Store/select_--Select--Adernaline 0.'

2018-05-28 12:24:58 - [MESSAGE][PASSED] - All options with index in [35] are selected on object 'Object Repository/DispensaryToStore/Page_Dispensary Store/select_--Select--Adernaline 0.'

2018-05-28 12:24:58 - [TEST_STEP][PASSED] - delay: Delayed 1 second(s)

2018-05-28 12:24:59 - [MESSAGE][PASSED] - Delayed 1 second(s)

2018-05-28 12:24:59 - [TEST_STEP][PASSED] - setText: Text '10' is set on object 'Object Repository/DispensaryToStore/Page_Dispensary Store/input_txttreat'

2018-05-28 12:24:59 - [MESSAGE][PASSED] - Text '10' is set on object 'Object Repository/DispensaryToStore/Page_Dispensary Store/input_txttreat'

2018-05-28 12:24:59 - [TEST_STEP][PASSED] - click: Object: 'Object Repository/DispensaryToStore/Page_Dispensary Store/button_Add' is clicked on

2018-05-28 12:24:59 - [MESSAGE][PASSED] - Object: 'Object Repository/DispensaryToStore/Page_Dispensary Store/button_Add' is clicked on

2018-05-28 12:24:59 - [TEST_STEP][PASSED] - selectOptionByIndex: All options with index in [2] are selected on object 'Object Repository/DispensaryToStore/Page_Dispensary Store/select_--Select--Schedule 1Inj'

2018-05-28 12:24:59 - [MESSAGE][PASSED] - All options with index in [2] are selected on object 'Object Repository/DispensaryToStore/Page_Dispensary Store/select_--Select--Schedule 1Inj'

2018-05-28 12:24:59 - [TEST_STEP][PASSED] - delay: Delayed 1 second(s)

2018-05-28 12:25:00 - [MESSAGE][PASSED] - Delayed 1 second(s)

2018-05-28 12:25:00 - [TEST_STEP][PASSED] - selectOptionByIndex: All options with index in [36] are selected on object 'Object Repository/DispensaryToStore/Page_Dispensary Store/select_--Select--Adernaline 0.'

2018-05-28 12:25:01 - [MESSAGE][PASSED] - All options with index in [36] are selected on object 'Object Repository/DispensaryToStore/Page_Dispensary Store/select_--Select--Adernaline 0.'

2018-05-28 12:25:01 - [TEST_STEP][PASSED] - delay: Delayed 1 second(s)

2018-05-28 12:25:02 - [MESSAGE][PASSED] - Delayed 1 second(s)

2018-05-28 12:25:02 - [TEST_STEP][PASSED] - setText: Text '10' is set on object 'Object Repository/DispensaryToStore/Page_Dispensary Store/input_txttreat'

2018-05-28 12:25:02 - [MESSAGE][PASSED] - Text '10' is set on object 'Object Repository/DispensaryToStore/Page_Dispensary Store/input_txttreat'

2018-05-28 12:25:02 - [TEST_STEP][PASSED] - click: Object: 'Object Repository/DispensaryToStore/Page_Dispensary Store/button_Add' is clicked on

2018-05-28 12:25:02 - [MESSAGE][PASSED] - Object: 'Object Repository/DispensaryToStore/Page_Dispensary Store/button_Add' is clicked on

2018-05-28 12:25:02 - [TEST_STEP][PASSED] - selectOptionByIndex: All options with index in [2] are selected on object 'Object Repository/DispensaryToStore/Page_Dispensary Store/select_--Select--Schedule 1Inj'

2018-05-28 12:25:02 - [MESSAGE][PASSED] - All options with index in [2] are selected on object 'Object Repository/DispensaryToStore/Page_Dispensary Store/select_--Select--Schedule 1Inj'

2018-05-28 12:25:02 - [TEST_STEP][PASSED] - delay: Delayed 1 second(s)

2018-05-28 12:25:03 - [MESSAGE][PASSED] - Delayed 1 second(s)

2018-05-28 12:25:03 - [TEST_STEP][PASSED] - selectOptionByIndex: All options with index in [37] are selected on object 'Object Repository/DispensaryToStore/Page_Dispensary Store/select_--Select--Adernaline 0.'

2018-05-28 12:25:03 - [MESSAGE][PASSED] - All options with index in [37] are selected on object 'Object Repository/DispensaryToStore/Page_Dispensary Store/select_--Select--Adernaline 0.'

2018-05-28 12:25:03 - [TEST_STEP][PASSED] - delay: Delayed 1 second(s)

2018-05-28 12:25:04 - [MESSAGE][PASSED] - Delayed 1 second(s)

2018-05-28 12:25:04 - [TEST_STEP][PASSED] - setText: Text '10' is set on object 'Object Repository/DispensaryToStore/Page_Dispensary Store/input_txttreat'

2018-05-28 12:25:05 - [MESSAGE][PASSED] - Text '10' is set on object 'Object Repository/DispensaryToStore/Page_Dispensary Store/input_txttreat'

2018-05-28 12:25:05 - [TEST_STEP][PASSED] - click: Object: 'Object Repository/DispensaryToStore/Page_Dispensary Store/button_Add' is clicked on

2018-05-28 12:25:05 - [MESSAGE][PASSED] - Object: 'Object Repository/DispensaryToStore/Page_Dispensary Store/button_Add' is clicked on

2018-05-28 12:25:05 - [TEST_STEP][PASSED] - selectOptionByIndex: All options with index in [2] are selected on object 'Object Repository/DispensaryToStore/Page_Dispensary Store/select_--Select--Schedule 1Inj'

2018-05-28 12:25:05 - [MESSAGE][PASSED] - All options with index in [2] are selected on object 'Object Repository/DispensaryToStore/Page_Dispensary Store/select_--Select--Schedule 1Inj'

2018-05-28 12:25:05 - [TEST_STEP][PASSED] - delay: Delayed 1 second(s)

2018-05-28 12:25:06 - [MESSAGE][PASSED] - Delayed 1 second(s)

2018-05-28 12:25:06 - [TEST_STEP][PASSED] - selectOptionByIndex: All options with index in [38] are selected on object 'Object Repository/DispensaryToStore/Page_Dispensary Store/select_--Select--Adernaline 0.'

2018-05-28 12:25:06 - [MESSAGE][PASSED] - All options with index in [38] are selected on object 'Object Repository/DispensaryToStore/Page_Dispensary Store/select_--Select--Adernaline 0.'

2018-05-28 12:25:06 - [TEST_STEP][PASSED] - delay: Delayed 1 second(s)

2018-05-28 12:25:07 - [MESSAGE][PASSED] - Delayed 1 second(s)

2018-05-28 12:25:07 - [TEST_STEP][PASSED] - setText: Text '10' is set on object 'Object Repository/DispensaryToStore/Page_Dispensary Store/input_txttreat'

2018-05-28 12:25:07 - [MESSAGE][PASSED] - Text '10' is set on object 'Object Repository/DispensaryToStore/Page_Dispensary Store/input_txttreat'

2018-05-28 12:25:07 - [TEST_STEP][PASSED] - click: Object: 'Object Repository/DispensaryToStore/Page_Dispensary Store/button_Add' is clicked on

2018-05-28 12:25:08 - [MESSAGE][PASSED] - Object: 'Object Repository/DispensaryToStore/Page_Dispensary Store/button_Add' is clicked on

2018-05-28 12:25:08 - [TEST_STEP][PASSED] - selectOptionByIndex: All options with index in [2] are selected on object 'Object Repository/DispensaryToStore/Page_Dispensary Store/select_--Select--Schedule 1Inj'

2018-05-28 12:25:08 - [MESSAGE][PASSED] - All options with index in [2] are selected on object 'Object Repository/DispensaryToStore/Page_Dispensary Store/select_--Select--Schedule 1Inj'

2018-05-28 12:25:08 - [TEST_STEP][PASSED] - delay: Delayed 1 second(s)

2018-05-28 12:25:09 - [MESSAGE][PASSED] - Delayed 1 second(s)

2018-05-28 12:25:09 - [TEST_STEP][PASSED] - selectOptionByIndex: All options with index in [39] are selected on object 'Object Repository/DispensaryToStore/Page_Dispensary Store/select_--Select--Adernaline 0.'

2018-05-28 12:25:09 - [MESSAGE][PASSED] - All options with index in [39] are selected on object 'Object Repository/DispensaryToStore/Page_Dispensary Store/select_--Select--Adernaline 0.'

2018-05-28 12:25:09 - [TEST_STEP][PASSED] - delay: Delayed 1 second(s)

2018-05-28 12:25:10 - [MESSAGE][PASSED] - Delayed 1 second(s)

2018-05-28 12:25:10 - [TEST_STEP][PASSED] - setText: Text '10' is set on object 'Object Repository/DispensaryToStore/Page_Dispensary Store/input_txttreat'

2018-05-28 12:25:10 - [MESSAGE][PASSED] - Text '10' is set on object 'Object Repository/DispensaryToStore/Page_Dispensary Store/input_txttreat'

2018-05-28 12:25:10 - [TEST_STEP][PASSED] - click: Object: 'Object Repository/DispensaryToStore/Page_Dispensary Store/button_Add' is clicked on

2018-05-28 12:25:10 - [MESSAGE][PASSED] - Object: 'Object Repository/DispensaryToStore/Page_Dispensary Store/button_Add' is clicked on

2018-05-28 12:25:10 - [TEST_STEP][PASSED] - selectOptionByIndex: All options with index in [2] are selected on object 'Object Repository/DispensaryToStore/Page_Dispensary Store/select_--Select--Schedule 1Inj'

2018-05-28 12:25:11 - [MESSAGE][PASSED] - All options with index in [2] are selected on object 'Object Repository/DispensaryToStore/Page_Dispensary Store/select_--Select--Schedule 1Inj'

2018-05-28 12:25:11 - [TEST_STEP][PASSED] - delay: Delayed 1 second(s)

2018-05-28 12:25:12 - [MESSAGE][PASSED] - Delayed 1 second(s)

2018-05-28 12:25:12 - [TEST_STEP][PASSED] - selectOptionByIndex: All options with index in [40] are selected on object 'Object Repository/DispensaryToStore/Page_Dispensary Store/select_--Select--Adernaline 0.'

2018-05-28 12:25:12 - [MESSAGE][PASSED] - All options with index in [40] are selected on object 'Object Repository/DispensaryToStore/Page_Dispensary Store/select_--Select--Adernaline 0.'

2018-05-28 12:25:12 - [TEST_STEP][PASSED] - delay: Delayed 1 second(s)

2018-05-28 12:25:13 - [MESSAGE][PASSED] - Delayed 1 second(s)

2018-05-28 12:25:13 - [TEST_STEP][PASSED] - setText: Text '10' is set on object 'Object Repository/DispensaryToStore/Page_Dispensary Store/input_txttreat'

2018-05-28 12:25:13 - [MESSAGE][PASSED] - Text '10' is set on object 'Object Repository/DispensaryToStore/Page_Dispensary Store/input_txttreat'

2018-05-28 12:25:13 - [TEST_STEP][PASSED] - click: Object: 'Object Repository/DispensaryToStore/Page_Dispensary Store/button_Add' is clicked on

2018-05-28 12:25:13 - [MESSAGE][PASSED] - Object: 'Object Repository/DispensaryToStore/Page_Dispensary Store/button_Add' is clicked on

2018-05-28 12:25:13 - [TEST_STEP][PASSED] - selectOptionByIndex: All options with index in [2] are selected on object 'Object Repository/DispensaryToStore/Page_Dispensary Store/select_--Select--Schedule 1Inj'

2018-05-28 12:25:14 - [MESSAGE][PASSED] - All options with index in [2] are selected on object 'Object Repository/DispensaryToStore/Page_Dispensary Store/select_--Select--Schedule 1Inj'

2018-05-28 12:25:14 - [TEST_STEP][PASSED] - delay: Delayed 1 second(s)

2018-05-28 12:25:15 - [MESSAGE][PASSED] - Delayed 1 second(s)

2018-05-28 12:25:15 - [TEST_STEP][PASSED] - selectOptionByIndex: All options with index in [41] are selected on object 'Object Repository/DispensaryToStore/Page_Dispensary Store/select_--Select--Adernaline 0.'

2018-05-28 12:25:15 - [MESSAGE][PASSED] - All options with index in [41] are selected on object 'Object Repository/DispensaryToStore/Page_Dispensary Store/select_--Select--Adernaline 0.'

2018-05-28 12:25:15 - [TEST_STEP][PASSED] - delay: Delayed 1 second(s)

2018-05-28 12:25:16 - [MESSAGE][PASSED] - Delayed 1 second(s)

2018-05-28 12:25:16 - [TEST_STEP][PASSED] - setText: Text '10' is set on object 'Object Repository/DispensaryToStore/Page_Dispensary Store/input_txttreat'

2018-05-28 12:25:16 - [MESSAGE][PASSED] - Text '10' is set on object 'Object Repository/DispensaryToStore/Page_Dispensary Store/input_txttreat'

2018-05-28 12:25:16 - [TEST_STEP][PASSED] - click: Object: 'Object Repository/DispensaryToStore/Page_Dispensary Store/button_Add' is clicked on

2018-05-28 12:25:16 - [MESSAGE][PASSED] - Object: 'Object Repository/DispensaryToStore/Page_Dispensary Store/button_Add' is clicked on

2018-05-28 12:25:16 - [TEST_STEP][PASSED] - selectOptionByIndex: All options with index in [2] are selected on object 'Object Repository/DispensaryToStore/Page_Dispensary Store/select_--Select--Schedule 1Inj'

2018-05-28 12:25:16 - [MESSAGE][PASSED] - All options with index in [2] are selected on object 'Object Repository/DispensaryToStore/Page_Dispensary Store/select_--Select--Schedule 1Inj'

2018-05-28 12:25:16 - [TEST_STEP][PASSED] - delay: Delayed 1 second(s)

2018-05-28 12:25:17 - [MESSAGE][PASSED] - Delayed 1 second(s)

2018-05-28 12:25:17 - [TEST_STEP][PASSED] - selectOptionByIndex: All options with index in [42] are selected on object 'Object Repository/DispensaryToStore/Page_Dispensary Store/select_--Select--Adernaline 0.'

2018-05-28 12:25:18 - [MESSAGE][PASSED] - All options with index in [42] are selected on object 'Object Repository/DispensaryToStore/Page_Dispensary Store/select_--Select--Adernaline 0.'

2018-05-28 12:25:18 - [TEST_STEP][PASSED] - delay: Delayed 1 second(s)

2018-05-28 12:25:19 - [MESSAGE][PASSED] - Delayed 1 second(s)

2018-05-28 12:25:19 - [TEST_STEP][PASSED] - setText: Text '10' is set on object 'Object Repository/DispensaryToStore/Page_Dispensary Store/input_txttreat'

2018-05-28 12:25:19 - [MESSAGE][PASSED] - Text '10' is set on object 'Object Repository/DispensaryToStore/Page_Dispensary Store/input_txttreat'

2018-05-28 12:25:19 - [TEST_STEP][PASSED] - click: Object: 'Object Repository/DispensaryToStore/Page_Dispensary Store/button_Add' is clicked on

2018-05-28 12:25:19 - [MESSAGE][PASSED] - Object: 'Object Repository/DispensaryToStore/Page_Dispensary Store/button_Add' is clicked on

2018-05-28 12:25:19 - [TEST_STEP][PASSED] - selectOptionByIndex: All options with index in [2] are selected on object 'Object Repository/DispensaryToStore/Page_Dispensary Store/select_--Select--Schedule 1Inj'

2018-05-28 12:25:19 - [MESSAGE][PASSED] - All options with index in [2] are selected on object 'Object Repository/DispensaryToStore/Page_Dispensary Store/select_--Select--Schedule 1Inj'

2018-05-28 12:25:19 - [TEST_STEP][PASSED] - delay: Delayed 1 second(s)

2018-05-28 12:25:20 - [MESSAGE][PASSED] - Delayed 1 second(s)

2018-05-28 12:25:20 - [TEST_STEP][PASSED] - selectOptionByIndex: All options with index in [43] are selected on object 'Object Repository/DispensaryToStore/Page_Dispensary Store/select_--Select--Adernaline 0.'

2018-05-28 12:25:21 - [MESSAGE][PASSED] - All options with index in [43] are selected on object 'Object Repository/DispensaryToStore/Page_Dispensary Store/select_--Select--Adernaline 0.'

2018-05-28 12:25:21 - [TEST_STEP][PASSED] - delay: Delayed 1 second(s)

2018-05-28 12:25:22 - [MESSAGE][PASSED] - Delayed 1 second(s)

2018-05-28 12:25:22 - [TEST_STEP][PASSED] - setText: Text '10' is set on object 'Object Repository/DispensaryToStore/Page_Dispensary Store/input_txttreat'

2018-05-28 12:25:22 - [MESSAGE][PASSED] - Text '10' is set on object 'Object Repository/DispensaryToStore/Page_Dispensary Store/input_txttreat'

2018-05-28 12:25:22 - [TEST_STEP][PASSED] - click: Object: 'Object Repository/DispensaryToStore/Page_Dispensary Store/button_Add' is clicked on

2018-05-28 12:25:22 - [MESSAGE][PASSED] - Object: 'Object Repository/DispensaryToStore/Page_Dispensary Store/button_Add' is clicked on

2018-05-28 12:25:22 - [TEST_STEP][PASSED] - selectOptionByIndex: All options with index in [2] are selected on object 'Object Repository/DispensaryToStore/Page_Dispensary Store/select_--Select--Schedule 1Inj'

2018-05-28 12:25:22 - [MESSAGE][PASSED] - All options with index in [2] are selected on object 'Object Repository/DispensaryToStore/Page_Dispensary Store/select_--Select--Schedule 1Inj'

2018-05-28 12:25:22 - [TEST_STEP][PASSED] - delay: Delayed 1 second(s)

2018-05-28 12:25:23 - [MESSAGE][PASSED] - Delayed 1 second(s)

2018-05-28 12:25:23 - [TEST_STEP][PASSED] - selectOptionByIndex: All options with index in [44] are selected on object 'Object Repository/DispensaryToStore/Page_Dispensary Store/select_--Select--Adernaline 0.'

2018-05-28 12:25:24 - [MESSAGE][PASSED] - All options with index in [44] are selected on object 'Object Repository/DispensaryToStore/Page_Dispensary Store/select_--Select--Adernaline 0.'

2018-05-28 12:25:24 - [TEST_STEP][PASSED] - delay: Delayed 1 second(s)

2018-05-28 12:25:25 - [MESSAGE][PASSED] - Delayed 1 second(s)

2018-05-28 12:25:25 - [TEST_STEP][PASSED] - setText: Text '10' is set on object 'Object Repository/DispensaryToStore/Page_Dispensary Store/input_txttreat'

2018-05-28 12:25:25 - [MESSAGE][PASSED] - Text '10' is set on object 'Object Repository/DispensaryToStore/Page_Dispensary Store/input_txttreat'

2018-05-28 12:25:25 - [TEST_STEP][PASSED] - click: Object: 'Object Repository/DispensaryToStore/Page_Dispensary Store/button_Add' is clicked on

2018-05-28 12:25:25 - [MESSAGE][PASSED] - Object: 'Object Repository/DispensaryToStore/Page_Dispensary Store/button_Add' is clicked on

2018-05-28 12:25:25 - [TEST_STEP][PASSED] - selectOptionByIndex: All options with index in [2] are selected on object 'Object Repository/DispensaryToStore/Page_Dispensary Store/select_--Select--Schedule 1Inj'

2018-05-28 12:25:25 - [MESSAGE][PASSED] - All options with index in [2] are selected on object 'Object Repository/DispensaryToStore/Page_Dispensary Store/select_--Select--Schedule 1Inj'

2018-05-28 12:25:25 - [TEST_STEP][PASSED] - delay: Delayed 1 second(s)

2018-05-28 12:25:26 - [MESSAGE][PASSED] - Delayed 1 second(s)

2018-05-28 12:25:26 - [TEST_STEP][PASSED] - selectOptionByIndex: All options with index in [45] are selected on object 'Object Repository/DispensaryToStore/Page_Dispensary Store/select_--Select--Adernaline 0.'

2018-05-28 12:25:27 - [MESSAGE][PASSED] - All options with index in [45] are selected on object 'Object Repository/DispensaryToStore/Page_Dispensary Store/select_--Select--Adernaline 0.'

2018-05-28 12:25:27 - [TEST_STEP][PASSED] - delay: Delayed 1 second(s)

2018-05-28 12:25:28 - [MESSAGE][PASSED] - Delayed 1 second(s)

2018-05-28 12:25:28 - [TEST_STEP][PASSED] - setText: Text '10' is set on object 'Object Repository/DispensaryToStore/Page_Dispensary Store/input_txttreat'

2018-05-28 12:25:28 - [MESSAGE][PASSED] - Text '10' is set on object 'Object Repository/DispensaryToStore/Page_Dispensary Store/input_txttreat'

2018-05-28 12:25:28 - [TEST_STEP][PASSED] - click: Object: 'Object Repository/DispensaryToStore/Page_Dispensary Store/button_Add' is clicked on

2018-05-28 12:25:28 - [MESSAGE][PASSED] - Object: 'Object Repository/DispensaryToStore/Page_Dispensary Store/button_Add' is clicked on

2018-05-28 12:25:28 - [TEST_STEP][PASSED] - selectOptionByIndex: All options with index in [2] are selected on object 'Object Repository/DispensaryToStore/Page_Dispensary Store/select_--Select--Schedule 1Inj'

2018-05-28 12:25:28 - [MESSAGE][PASSED] - All options with index in [2] are selected on object 'Object Repository/DispensaryToStore/Page_Dispensary Store/select_--Select--Schedule 1Inj'

2018-05-28 12:25:28 - [TEST_STEP][PASSED] - delay: Delayed 1 second(s)

2018-05-28 12:25:29 - [MESSAGE][PASSED] - Delayed 1 second(s)

2018-05-28 12:25:29 - [TEST_STEP][PASSED] - selectOptionByIndex: All options with index in [46] are selected on object 'Object Repository/DispensaryToStore/Page_Dispensary Store/select_--Select--Adernaline 0.'

2018-05-28 12:25:30 - [MESSAGE][PASSED] - All options with index in [46] are selected on object 'Object Repository/DispensaryToStore/Page_Dispensary Store/select_--Select--Adernaline 0.'

2018-05-28 12:25:30 - [TEST_STEP][PASSED] - delay: Delayed 1 second(s)

2018-05-28 12:25:31 - [MESSAGE][PASSED] - Delayed 1 second(s)

2018-05-28 12:25:31 - [TEST_STEP][PASSED] - setText: Text '10' is set on object 'Object Repository/DispensaryToStore/Page_Dispensary Store/input_txttreat'

2018-05-28 12:25:31 - [MESSAGE][PASSED] - Text '10' is set on object 'Object Repository/DispensaryToStore/Page_Dispensary Store/input_txttreat'

2018-05-28 12:25:31 - [TEST_STEP][PASSED] - click: Object: 'Object Repository/DispensaryToStore/Page_Dispensary Store/button_Add' is clicked on

2018-05-28 12:25:31 - [MESSAGE][PASSED] - Object: 'Object Repository/DispensaryToStore/Page_Dispensary Store/button_Add' is clicked on

2018-05-28 12:25:31 - [TEST_STEP][PASSED] - selectOptionByIndex: All options with index in [2] are selected on object 'Object Repository/DispensaryToStore/Page_Dispensary Store/select_--Select--Schedule 1Inj'

2018-05-28 12:25:31 - [MESSAGE][PASSED] - All options with index in [2] are selected on object 'Object Repository/DispensaryToStore/Page_Dispensary Store/select_--Select--Schedule 1Inj'

2018-05-28 12:25:31 - [TEST_STEP][PASSED] - delay: Delayed 1 second(s)

2018-05-28 12:25:32 - [MESSAGE][PASSED] - Delayed 1 second(s)

2018-05-28 12:25:32 - [TEST_STEP][PASSED] - selectOptionByIndex: All options with index in [47] are selected on object 'Object Repository/DispensaryToStore/Page_Dispensary Store/select_--Select--Adernaline 0.'

2018-05-28 12:25:33 - [MESSAGE][PASSED] - All options with index in [47] are selected on object 'Object Repository/DispensaryToStore/Page_Dispensary Store/select_--Select--Adernaline 0.'

2018-05-28 12:25:33 - [TEST_STEP][PASSED] - delay: Delayed 1 second(s)

2018-05-28 12:25:34 - [MESSAGE][PASSED] - Delayed 1 second(s)

2018-05-28 12:25:34 - [TEST_STEP][PASSED] - setText: Text '10' is set on object 'Object Repository/DispensaryToStore/Page_Dispensary Store/input_txttreat'

2018-05-28 12:25:34 - [MESSAGE][PASSED] - Text '10' is set on object 'Object Repository/DispensaryToStore/Page_Dispensary Store/input_txttreat'

2018-05-28 12:25:34 - [TEST_STEP][PASSED] - click: Object: 'Object Repository/DispensaryToStore/Page_Dispensary Store/button_Add' is clicked on

2018-05-28 12:25:34 - [MESSAGE][PASSED] - Object: 'Object Repository/DispensaryToStore/Page_Dispensary Store/button_Add' is clicked on

2018-05-28 12:25:34 - [TEST_STEP][PASSED] - selectOptionByIndex: All options with index in [2] are selected on object 'Object Repository/DispensaryToStore/Page_Dispensary Store/select_--Select--Schedule 1Inj'

2018-05-28 12:25:34 - [MESSAGE][PASSED] - All options with index in [2] are selected on object 'Object Repository/DispensaryToStore/Page_Dispensary Store/select_--Select--Schedule 1Inj'

2018-05-28 12:25:34 - [TEST_STEP][PASSED] - delay: Delayed 1 second(s)

2018-05-28 12:25:35 - [MESSAGE][PASSED] - Delayed 1 second(s)

2018-05-28 12:25:35 - [TEST_STEP][PASSED] - selectOptionByIndex: All options with index in [48] are selected on object 'Object Repository/DispensaryToStore/Page_Dispensary Store/select_--Select--Adernaline 0.'

2018-05-28 12:25:36 - [MESSAGE][PASSED] - All options with index in [48] are selected on object 'Object Repository/DispensaryToStore/Page_Dispensary Store/select_--Select--Adernaline 0.'

2018-05-28 12:25:36 - [TEST_STEP][PASSED] - delay: Delayed 1 second(s)

2018-05-28 12:25:37 - [MESSAGE][PASSED] - Delayed 1 second(s)

2018-05-28 12:25:37 - [TEST_STEP][PASSED] - setText: Text '10' is set on object 'Object Repository/DispensaryToStore/Page_Dispensary Store/input_txttreat'

2018-05-28 12:25:37 - [MESSAGE][PASSED] - Text '10' is set on object 'Object Repository/DispensaryToStore/Page_Dispensary Store/input_txttreat'

2018-05-28 12:25:37 - [TEST_STEP][PASSED] - click: Object: 'Object Repository/DispensaryToStore/Page_Dispensary Store/button_Add' is clicked on

2018-05-28 12:25:37 - [MESSAGE][PASSED] - Object: 'Object Repository/DispensaryToStore/Page_Dispensary Store/button_Add' is clicked on

2018-05-28 12:25:37 - [TEST_STEP][PASSED] - selectOptionByIndex: All options with index in [2] are selected on object 'Object Repository/DispensaryToStore/Page_Dispensary Store/select_--Select--Schedule 1Inj'

2018-05-28 12:25:37 - [MESSAGE][PASSED] - All options with index in [2] are selected on object 'Object Repository/DispensaryToStore/Page_Dispensary Store/select_--Select--Schedule 1Inj'

2018-05-28 12:25:37 - [TEST_STEP][PASSED] - delay: Delayed 1 second(s)

2018-05-28 12:25:38 - [MESSAGE][PASSED] - Delayed 1 second(s)

2018-05-28 12:25:38 - [TEST_STEP][PASSED] - selectOptionByIndex: All options with index in [49] are selected on object 'Object Repository/DispensaryToStore/Page_Dispensary Store/select_--Select--Adernaline 0.'

2018-05-28 12:25:39 - [MESSAGE][PASSED] - All options with index in [49] are selected on object 'Object Repository/DispensaryToStore/Page_Dispensary Store/select_--Select--Adernaline 0.'

2018-05-28 12:25:39 - [TEST_STEP][PASSED] - delay: Delayed 1 second(s)

2018-05-28 12:25:40 - [MESSAGE][PASSED] - Delayed 1 second(s)

2018-05-28 12:25:40 - [TEST_STEP][PASSED] - setText: Text '10' is set on object 'Object Repository/DispensaryToStore/Page_Dispensary Store/input_txttreat'

2018-05-28 12:25:40 - [MESSAGE][PASSED] - Text '10' is set on object 'Object Repository/DispensaryToStore/Page_Dispensary Store/input_txttreat'

2018-05-28 12:25:40 - [TEST_STEP][PASSED] - click: Object: 'Object Repository/DispensaryToStore/Page_Dispensary Store/button_Add' is clicked on

2018-05-28 12:25:40 - [MESSAGE][PASSED] - Object: 'Object Repository/DispensaryToStore/Page_Dispensary Store/button_Add' is clicked on

2018-05-28 12:25:40 - [TEST_STEP][PASSED] - selectOptionByIndex: All options with index in [2] are selected on object 'Object Repository/DispensaryToStore/Page_Dispensary Store/select_--Select--Schedule 1Inj'

2018-05-28 12:25:40 - [MESSAGE][PASSED] - All options with index in [2] are selected on object 'Object Repository/DispensaryToStore/Page_Dispensary Store/select_--Select--Schedule 1Inj'

2018-05-28 12:25:40 - [TEST_STEP][PASSED] - delay: Delayed 1 second(s)

2018-05-28 12:25:41 - [MESSAGE][PASSED] - Delayed 1 second(s)

2018-05-28 12:25:41 - [TEST_STEP][PASSED] - selectOptionByIndex: All options with index in [50] are selected on object 'Object Repository/DispensaryToStore/Page_Dispensary Store/select_--Select--Adernaline 0.'

2018-05-28 12:25:42 - [MESSAGE][PASSED] - All options with index in [50] are selected on object 'Object Repository/DispensaryToStore/Page_Dispensary Store/select_--Select--Adernaline 0.'

2018-05-28 12:25:42 - [TEST_STEP][PASSED] - delay: Delayed 1 second(s)

2018-05-28 12:25:43 - [MESSAGE][PASSED] - Delayed 1 second(s)

2018-05-28 12:25:43 - [TEST_STEP][PASSED] - setText: Text '10' is set on object 'Object Repository/DispensaryToStore/Page_Dispensary Store/input_txttreat'

2018-05-28 12:25:43 - [MESSAGE][PASSED] - Text '10' is set on object 'Object Repository/DispensaryToStore/Page_Dispensary Store/input_txttreat'

2018-05-28 12:25:43 - [TEST_STEP][PASSED] - click: Object: 'Object Repository/DispensaryToStore/Page_Dispensary Store/button_Add' is clicked on

2018-05-28 12:25:43 - [MESSAGE][PASSED] - Object: 'Object Repository/DispensaryToStore/Page_Dispensary Store/button_Add' is clicked on

2018-05-28 12:25:43 - [TEST_STEP][PASSED] - selectOptionByIndex: All options with index in [2] are selected on object 'Object Repository/DispensaryToStore/Page_Dispensary Store/select_--Select--Schedule 1Inj'

2018-05-28 12:25:43 - [MESSAGE][PASSED] - All options with index in [2] are selected on object 'Object Repository/DispensaryToStore/Page_Dispensary Store/select_--Select--Schedule 1Inj'

2018-05-28 12:25:43 - [TEST_STEP][PASSED] - delay: Delayed 1 second(s)

2018-05-28 12:25:44 - [MESSAGE][PASSED] - Delayed 1 second(s)

2018-05-28 12:25:44 - [TEST_STEP][PASSED] - selectOptionByIndex: All options with index in [51] are selected on object 'Object Repository/DispensaryToStore/Page_Dispensary Store/select_--Select--Adernaline 0.'

2018-05-28 12:25:45 - [MESSAGE][PASSED] - All options with index in [51] are selected on object 'Object Repository/DispensaryToStore/Page_Dispensary Store/select_--Select--Adernaline 0.'

2018-05-28 12:25:45 - [TEST_STEP][PASSED] - delay: Delayed 1 second(s)

2018-05-28 12:25:46 - [MESSAGE][PASSED] - Delayed 1 second(s)

2018-05-28 12:25:46 - [TEST_STEP][PASSED] - setText: Text '10' is set on object 'Object Repository/DispensaryToStore/Page_Dispensary Store/input_txttreat'

2018-05-28 12:25:46 - [MESSAGE][PASSED] - Text '10' is set on object 'Object Repository/DispensaryToStore/Page_Dispensary Store/input_txttreat'

2018-05-28 12:25:46 - [TEST_STEP][PASSED] - click: Object: 'Object Repository/DispensaryToStore/Page_Dispensary Store/button_Add' is clicked on

2018-05-28 12:25:46 - [MESSAGE][PASSED] - Object: 'Object Repository/DispensaryToStore/Page_Dispensary Store/button_Add' is clicked on

2018-05-28 12:25:46 - [TEST_STEP][PASSED] - selectOptionByIndex: All options with index in [2] are selected on object 'Object Repository/DispensaryToStore/Page_Dispensary Store/select_--Select--Schedule 1Inj'

2018-05-28 12:25:46 - [MESSAGE][PASSED] - All options with index in [2] are selected on object 'Object Repository/DispensaryToStore/Page_Dispensary Store/select_--Select--Schedule 1Inj'

2018-05-28 12:25:46 - [TEST_STEP][PASSED] - delay: Delayed 1 second(s)

2018-05-28 12:25:47 - [MESSAGE][PASSED] - Delayed 1 second(s)

2018-05-28 12:25:47 - [TEST_STEP][PASSED] - selectOptionByIndex: All options with index in [52] are selected on object 'Object Repository/DispensaryToStore/Page_Dispensary Store/select_--Select--Adernaline 0.'

2018-05-28 12:25:48 - [MESSAGE][PASSED] - All options with index in [52] are selected on object 'Object Repository/DispensaryToStore/Page_Dispensary Store/select_--Select--Adernaline 0.'

2018-05-28 12:25:48 - [TEST_STEP][PASSED] - delay: Delayed 1 second(s)

2018-05-28 12:25:49 - [MESSAGE][PASSED] - Delayed 1 second(s)

2018-05-28 12:25:49 - [TEST_STEP][PASSED] - setText: Text '10' is set on object 'Object Repository/DispensaryToStore/Page_Dispensary Store/input_txttreat'

2018-05-28 12:25:49 - [MESSAGE][PASSED] - Text '10' is set on object 'Object Repository/DispensaryToStore/Page_Dispensary Store/input_txttreat'

2018-05-28 12:25:49 - [TEST_STEP][PASSED] - click: Object: 'Object Repository/DispensaryToStore/Page_Dispensary Store/button_Add' is clicked on

2018-05-28 12:25:49 - [MESSAGE][PASSED] - Object: 'Object Repository/DispensaryToStore/Page_Dispensary Store/button_Add' is clicked on

2018-05-28 12:25:49 - [TEST_STEP][PASSED] - selectOptionByIndex: All options with index in [2] are selected on object 'Object Repository/DispensaryToStore/Page_Dispensary Store/select_--Select--Schedule 1Inj'

2018-05-28 12:25:49 - [MESSAGE][PASSED] - All options with index in [2] are selected on object 'Object Repository/DispensaryToStore/Page_Dispensary Store/select_--Select--Schedule 1Inj'

2018-05-28 12:25:49 - [TEST_STEP][PASSED] - delay: Delayed 1 second(s)

2018-05-28 12:25:50 - [MESSAGE][PASSED] - Delayed 1 second(s)

2018-05-28 12:25:50 - [TEST_STEP][PASSED] - selectOptionByIndex: All options with index in [53] are selected on object 'Object Repository/DispensaryToStore/Page_Dispensary Store/select_--Select--Adernaline 0.'

2018-05-28 12:25:51 - [MESSAGE][PASSED] - All options with index in [53] are selected on object 'Object Repository/DispensaryToStore/Page_Dispensary Store/select_--Select--Adernaline 0.'

2018-05-28 12:25:51 - [TEST_STEP][PASSED] - delay: Delayed 1 second(s)

2018-05-28 12:25:52 - [MESSAGE][PASSED] - Delayed 1 second(s)

2018-05-28 12:25:52 - [TEST_STEP][PASSED] - setText: Text '10' is set on object 'Object Repository/DispensaryToStore/Page_Dispensary Store/input_txttreat'

2018-05-28 12:25:52 - [MESSAGE][PASSED] - Text '10' is set on object 'Object Repository/DispensaryToStore/Page_Dispensary Store/input_txttreat'

2018-05-28 12:25:52 - [TEST_STEP][PASSED] - click: Object: 'Object Repository/DispensaryToStore/Page_Dispensary Store/button_Add' is clicked on

2018-05-28 12:25:52 - [MESSAGE][PASSED] - Object: 'Object Repository/DispensaryToStore/Page_Dispensary Store/button_Add' is clicked on

2018-05-28 12:25:52 - [TEST_STEP][PASSED] - selectOptionByIndex: All options with index in [2] are selected on object 'Object Repository/DispensaryToStore/Page_Dispensary Store/select_--Select--Schedule 1Inj'

2018-05-28 12:25:52 - [MESSAGE][PASSED] - All options with index in [2] are selected on object 'Object Repository/DispensaryToStore/Page_Dispensary Store/select_--Select--Schedule 1Inj'

2018-05-28 12:25:52 - [TEST_STEP][PASSED] - delay: Delayed 1 second(s)

2018-05-28 12:25:53 - [MESSAGE][PASSED] - Delayed 1 second(s)

2018-05-28 12:25:53 - [TEST_STEP][PASSED] - selectOptionByIndex: All options with index in [54] are selected on object 'Object Repository/DispensaryToStore/Page_Dispensary Store/select_--Select--Adernaline 0.'

2018-05-28 12:25:54 - [MESSAGE][PASSED] - All options with index in [54] are selected on object 'Object Repository/DispensaryToStore/Page_Dispensary Store/select_--Select--Adernaline 0.'

2018-05-28 12:25:54 - [TEST_STEP][PASSED] - delay: Delayed 1 second(s)

2018-05-28 12:25:55 - [MESSAGE][PASSED] - Delayed 1 second(s)

2018-05-28 12:25:55 - [TEST_STEP][PASSED] - setText: Text '10' is set on object 'Object Repository/DispensaryToStore/Page_Dispensary Store/input_txttreat'

2018-05-28 12:25:55 - [MESSAGE][PASSED] - Text '10' is set on object 'Object Repository/DispensaryToStore/Page_Dispensary Store/input_txttreat'

2018-05-28 12:25:55 - [TEST_STEP][PASSED] - click: Object: 'Object Repository/DispensaryToStore/Page_Dispensary Store/button_Add' is clicked on

2018-05-28 12:25:55 - [MESSAGE][PASSED] - Object: 'Object Repository/DispensaryToStore/Page_Dispensary Store/button_Add' is clicked on

2018-05-28 12:25:55 - [TEST_STEP][PASSED] - selectOptionByIndex: All options with index in [2] are selected on object 'Object Repository/DispensaryToStore/Page_Dispensary Store/select_--Select--Schedule 1Inj'

2018-05-28 12:25:55 - [MESSAGE][PASSED] - All options with index in [2] are selected on object 'Object Repository/DispensaryToStore/Page_Dispensary Store/select_--Select--Schedule 1Inj'

2018-05-28 12:25:55 - [TEST_STEP][PASSED] - delay: Delayed 1 second(s)

2018-05-28 12:25:56 - [MESSAGE][PASSED] - Delayed 1 second(s)

2018-05-28 12:25:56 - [TEST_STEP][PASSED] - selectOptionByIndex: All options with index in [55] are selected on object 'Object Repository/DispensaryToStore/Page_Dispensary Store/select_--Select--Adernaline 0.'

2018-05-28 12:25:57 - [MESSAGE][PASSED] - All options with index in [55] are selected on object 'Object Repository/DispensaryToStore/Page_Dispensary Store/select_--Select--Adernaline 0.'

2018-05-28 12:25:57 - [TEST_STEP][PASSED] - delay: Delayed 1 second(s)

2018-05-28 12:25:58 - [MESSAGE][PASSED] - Delayed 1 second(s)

2018-05-28 12:25:58 - [TEST_STEP][PASSED] - setText: Text '10' is set on object 'Object Repository/DispensaryToStore/Page_Dispensary Store/input_txttreat'

2018-05-28 12:25:58 - [MESSAGE][PASSED] - Text '10' is set on object 'Object Repository/DispensaryToStore/Page_Dispensary Store/input_txttreat'

2018-05-28 12:25:58 - [TEST_STEP][PASSED] - click: Object: 'Object Repository/DispensaryToStore/Page_Dispensary Store/button_Add' is clicked on

2018-05-28 12:25:58 - [MESSAGE][PASSED] - Object: 'Object Repository/DispensaryToStore/Page_Dispensary Store/button_Add' is clicked on

2018-05-28 12:25:58 - [TEST_STEP][PASSED] - selectOptionByIndex: All options with index in [2] are selected on object 'Object Repository/DispensaryToStore/Page_Dispensary Store/select_--Select--Schedule 1Inj'

2018-05-28 12:25:58 - [MESSAGE][PASSED] - All options with index in [2] are selected on object 'Object Repository/DispensaryToStore/Page_Dispensary Store/select_--Select--Schedule 1Inj'

2018-05-28 12:25:58 - [TEST_STEP][PASSED] - delay: Delayed 1 second(s)

2018-05-28 12:25:59 - [MESSAGE][PASSED] - Delayed 1 second(s)

2018-05-28 12:25:59 - [TEST_STEP][PASSED] - selectOptionByIndex: All options with index in [56] are selected on object 'Object Repository/DispensaryToStore/Page_Dispensary Store/select_--Select--Adernaline 0.'

2018-05-28 12:26:00 - [MESSAGE][PASSED] - All options with index in [56] are selected on object 'Object Repository/DispensaryToStore/Page_Dispensary Store/select_--Select--Adernaline 0.'

2018-05-28 12:26:00 - [TEST_STEP][PASSED] - delay: Delayed 1 second(s)

2018-05-28 12:26:01 - [MESSAGE][PASSED] - Delayed 1 second(s)

2018-05-28 12:26:01 - [TEST_STEP][PASSED] - setText: Text '10' is set on object 'Object Repository/DispensaryToStore/Page_Dispensary Store/input_txttreat'

2018-05-28 12:26:02 - [MESSAGE][PASSED] - Text '10' is set on object 'Object Repository/DispensaryToStore/Page_Dispensary Store/input_txttreat'

2018-05-28 12:26:02 - [TEST_STEP][PASSED] - click: Object: 'Object Repository/DispensaryToStore/Page_Dispensary Store/button_Add' is clicked on

2018-05-28 12:26:02 - [MESSAGE][PASSED] - Object: 'Object Repository/DispensaryToStore/Page_Dispensary Store/button_Add' is clicked on

2018-05-28 12:26:02 - [TEST_STEP][PASSED] - selectOptionByIndex: All options with index in [2] are selected on object 'Object Repository/DispensaryToStore/Page_Dispensary Store/select_--Select--Schedule 1Inj'

2018-05-28 12:26:02 - [MESSAGE][PASSED] - All options with index in [2] are selected on object 'Object Repository/DispensaryToStore/Page_Dispensary Store/select_--Select--Schedule 1Inj'

2018-05-28 12:26:02 - [TEST_STEP][PASSED] - delay: Delayed 1 second(s)

2018-05-28 12:26:03 - [MESSAGE][PASSED] - Delayed 1 second(s)

2018-05-28 12:26:03 - [TEST_STEP][PASSED] - selectOptionByIndex: All options with index in [57] are selected on object 'Object Repository/DispensaryToStore/Page_Dispensary Store/select_--Select--Adernaline 0.'

2018-05-28 12:26:04 - [MESSAGE][PASSED] - All options with index in [57] are selected on object 'Object Repository/DispensaryToStore/Page_Dispensary Store/select_--Select--Adernaline 0.'

2018-05-28 12:26:04 - [TEST_STEP][PASSED] - delay: Delayed 1 second(s)

2018-05-28 12:26:05 - [MESSAGE][PASSED] - Delayed 1 second(s)

2018-05-28 12:26:05 - [TEST_STEP][PASSED] - setText: Text '10' is set on object 'Object Repository/DispensaryToStore/Page_Dispensary Store/input_txttreat'

2018-05-28 12:26:05 - [MESSAGE][PASSED] - Text '10' is set on object 'Object Repository/DispensaryToStore/Page_Dispensary Store/input_txttreat'

2018-05-28 12:26:05 - [TEST_STEP][PASSED] - click: Object: 'Object Repository/DispensaryToStore/Page_Dispensary Store/button_Add' is clicked on

2018-05-28 12:26:05 - [MESSAGE][PASSED] - Object: 'Object Repository/DispensaryToStore/Page_Dispensary Store/button_Add' is clicked on

2018-05-28 12:26:05 - [TEST_STEP][PASSED] - selectOptionByIndex: All options with index in [2] are selected on object 'Object Repository/DispensaryToStore/Page_Dispensary Store/select_--Select--Schedule 1Inj'

2018-05-28 12:26:05 - [MESSAGE][PASSED] - All options with index in [2] are selected on object 'Object Repository/DispensaryToStore/Page_Dispensary Store/select_--Select--Schedule 1Inj'

2018-05-28 12:26:05 - [TEST_STEP][PASSED] - delay: Delayed 1 second(s)

2018-05-28 12:26:06 - [MESSAGE][PASSED] - Delayed 1 second(s)

2018-05-28 12:26:06 - [TEST_STEP][PASSED] - selectOptionByIndex: All options with index in [58] are selected on object 'Object Repository/DispensaryToStore/Page_Dispensary Store/select_--Select--Adernaline 0.'

2018-05-28 12:26:07 - [MESSAGE][PASSED] - All options with index in [58] are selected on object 'Object Repository/DispensaryToStore/Page_Dispensary Store/select_--Select--Adernaline 0.'

2018-05-28 12:26:07 - [TEST_STEP][PASSED] - delay: Delayed 1 second(s)

2018-05-28 12:26:08 - [MESSAGE][PASSED] - Delayed 1 second(s)

2018-05-28 12:26:08 - [TEST_STEP][PASSED] - setText: Text '10' is set on object 'Object Repository/DispensaryToStore/Page_Dispensary Store/input_txttreat'

2018-05-28 12:26:08 - [MESSAGE][PASSED] - Text '10' is set on object 'Object Repository/DispensaryToStore/Page_Dispensary Store/input_txttreat'

2018-05-28 12:26:08 - [TEST_STEP][PASSED] - click: Object: 'Object Repository/DispensaryToStore/Page_Dispensary Store/button_Add' is clicked on

2018-05-28 12:26:08 - [MESSAGE][PASSED] - Object: 'Object Repository/DispensaryToStore/Page_Dispensary Store/button_Add' is clicked on

2018-05-28 12:26:08 - [TEST_STEP][PASSED] - selectOptionByIndex: All options with index in [2] are selected on object 'Object Repository/DispensaryToStore/Page_Dispensary Store/select_--Select--Schedule 1Inj'

2018-05-28 12:26:08 - [MESSAGE][PASSED] - All options with index in [2] are selected on object 'Object Repository/DispensaryToStore/Page_Dispensary Store/select_--Select--Schedule 1Inj'

2018-05-28 12:26:08 - [TEST_STEP][PASSED] - delay: Delayed 1 second(s)

2018-05-28 12:26:09 - [MESSAGE][PASSED] - Delayed 1 second(s)

2018-05-28 12:26:09 - [TEST_STEP][PASSED] - selectOptionByIndex: All options with index in [59] are selected on object 'Object Repository/DispensaryToStore/Page_Dispensary Store/select_--Select--Adernaline 0.'

2018-05-28 12:26:10 - [MESSAGE][PASSED] - All options with index in [59] are selected on object 'Object Repository/DispensaryToStore/Page_Dispensary Store/select_--Select--Adernaline 0.'

2018-05-28 12:26:10 - [TEST_STEP][PASSED] - delay: Delayed 1 second(s)

2018-05-28 12:26:11 - [MESSAGE][PASSED] - Delayed 1 second(s)

2018-05-28 12:26:11 - [TEST_STEP][PASSED] - setText: Text '10' is set on object 'Object Repository/DispensaryToStore/Page_Dispensary Store/input_txttreat'

2018-05-28 12:26:11 - [MESSAGE][PASSED] - Text '10' is set on object 'Object Repository/DispensaryToStore/Page_Dispensary Store/input_txttreat'

2018-05-28 12:26:11 - [TEST_STEP][PASSED] - click: Object: 'Object Repository/DispensaryToStore/Page_Dispensary Store/button_Add' is clicked on

2018-05-28 12:26:11 - [MESSAGE][PASSED] - Object: 'Object Repository/DispensaryToStore/Page_Dispensary Store/button_Add' is clicked on

2018-05-28 12:26:11 - [TEST_STEP][PASSED] - selectOptionByIndex: All options with index in [2] are selected on object 'Object Repository/DispensaryToStore/Page_Dispensary Store/select_--Select--Schedule 1Inj'

2018-05-28 12:26:11 - [MESSAGE][PASSED] - All options with index in [2] are selected on object 'Object Repository/DispensaryToStore/Page_Dispensary Store/select_--Select--Schedule 1Inj'

2018-05-28 12:26:11 - [TEST_STEP][PASSED] - delay: Delayed 1 second(s)

2018-05-28 12:26:12 - [MESSAGE][PASSED] - Delayed 1 second(s)

2018-05-28 12:26:12 - [TEST_STEP][PASSED] - selectOptionByIndex: All options with index in [60] are selected on object 'Object Repository/DispensaryToStore/Page_Dispensary Store/select_--Select--Adernaline 0.'

2018-05-28 12:26:13 - [MESSAGE][PASSED] - All options with index in [60] are selected on object 'Object Repository/DispensaryToStore/Page_Dispensary Store/select_--Select--Adernaline 0.'

2018-05-28 12:26:13 - [TEST_STEP][PASSED] - delay: Delayed 1 second(s)

2018-05-28 12:26:14 - [MESSAGE][PASSED] - Delayed 1 second(s)

2018-05-28 12:26:14 - [TEST_STEP][PASSED] - setText: Text '10' is set on object 'Object Repository/DispensaryToStore/Page_Dispensary Store/input_txttreat'

2018-05-28 12:26:14 - [MESSAGE][PASSED] - Text '10' is set on object 'Object Repository/DispensaryToStore/Page_Dispensary Store/input_txttreat'

2018-05-28 12:26:14 - [TEST_STEP][PASSED] - click: Object: 'Object Repository/DispensaryToStore/Page_Dispensary Store/button_Add' is clicked on

2018-05-28 12:26:14 - [MESSAGE][PASSED] - Object: 'Object Repository/DispensaryToStore/Page_Dispensary Store/button_Add' is clicked on

2018-05-28 12:26:14 - [TEST_STEP][PASSED] - selectOptionByIndex: All options with index in [2] are selected on object 'Object Repository/DispensaryToStore/Page_Dispensary Store/select_--Select--Schedule 1Inj'

2018-05-28 12:26:14 - [MESSAGE][PASSED] - All options with index in [2] are selected on object 'Object Repository/DispensaryToStore/Page_Dispensary Store/select_--Select--Schedule 1Inj'

2018-05-28 12:26:14 - [TEST_STEP][PASSED] - delay: Delayed 1 second(s)

2018-05-28 12:26:15 - [MESSAGE][PASSED] - Delayed 1 second(s)

2018-05-28 12:26:15 - [TEST_STEP][PASSED] - selectOptionByIndex: All options with index in [61] are selected on object 'Object Repository/DispensaryToStore/Page_Dispensary Store/select_--Select--Adernaline 0.'

2018-05-28 12:26:16 - [MESSAGE][PASSED] - All options with index in [61] are selected on object 'Object Repository/DispensaryToStore/Page_Dispensary Store/select_--Select--Adernaline 0.'

2018-05-28 12:26:16 - [TEST_STEP][PASSED] - delay: Delayed 1 second(s)

2018-05-28 12:26:17 - [MESSAGE][PASSED] - Delayed 1 second(s)

2018-05-28 12:26:17 - [TEST_STEP][PASSED] - setText: Text '10' is set on object 'Object Repository/DispensaryToStore/Page_Dispensary Store/input_txttreat'

2018-05-28 12:26:17 - [MESSAGE][PASSED] - Text '10' is set on object 'Object Repository/DispensaryToStore/Page_Dispensary Store/input_txttreat'

2018-05-28 12:26:17 - [TEST_STEP][PASSED] - click: Object: 'Object Repository/DispensaryToStore/Page_Dispensary Store/button_Add' is clicked on

2018-05-28 12:26:17 - [MESSAGE][PASSED] - Object: 'Object Repository/DispensaryToStore/Page_Dispensary Store/button_Add' is clicked on

2018-05-28 12:26:17 - [TEST_STEP][PASSED] - selectOptionByIndex: All options with index in [2] are selected on object 'Object Repository/DispensaryToStore/Page_Dispensary Store/select_--Select--Schedule 1Inj'

2018-05-28 12:26:17 - [MESSAGE][PASSED] - All options with index in [2] are selected on object 'Object Repository/DispensaryToStore/Page_Dispensary Store/select_--Select--Schedule 1Inj'

2018-05-28 12:26:17 - [TEST_STEP][PASSED] - delay: Delayed 1 second(s)

2018-05-28 12:26:18 - [MESSAGE][PASSED] - Delayed 1 second(s)

2018-05-28 12:26:18 - [TEST_STEP][PASSED] - selectOptionByIndex: All options with index in [62] are selected on object 'Object Repository/DispensaryToStore/Page_Dispensary Store/select_--Select--Adernaline 0.'

2018-05-28 12:26:19 - [MESSAGE][PASSED] - All options with index in [62] are selected on object 'Object Repository/DispensaryToStore/Page_Dispensary Store/select_--Select--Adernaline 0.'

2018-05-28 12:26:19 - [TEST_STEP][PASSED] - delay: Delayed 1 second(s)

2018-05-28 12:26:20 - [MESSAGE][PASSED] - Delayed 1 second(s)

2018-05-28 12:26:20 - [TEST_STEP][PASSED] - setText: Text '10' is set on object 'Object Repository/DispensaryToStore/Page_Dispensary Store/input_txttreat'

2018-05-28 12:26:20 - [MESSAGE][PASSED] - Text '10' is set on object 'Object Repository/DispensaryToStore/Page_Dispensary Store/input_txttreat'

2018-05-28 12:26:20 - [TEST_STEP][PASSED] - click: Object: 'Object Repository/DispensaryToStore/Page_Dispensary Store/button_Add' is clicked on

2018-05-28 12:26:20 - [MESSAGE][PASSED] - Object: 'Object Repository/DispensaryToStore/Page_Dispensary Store/button_Add' is clicked on

2018-05-28 12:26:20 - [TEST_STEP][PASSED] - selectOptionByIndex: All options with index in [2] are selected on object 'Object Repository/DispensaryToStore/Page_Dispensary Store/select_--Select--Schedule 1Inj'

2018-05-28 12:26:20 - [MESSAGE][PASSED] - All options with index in [2] are selected on object 'Object Repository/DispensaryToStore/Page_Dispensary Store/select_--Select--Schedule 1Inj'

2018-05-28 12:26:20 - [TEST_STEP][PASSED] - delay: Delayed 1 second(s)

2018-05-28 12:26:21 - [MESSAGE][PASSED] - Delayed 1 second(s)

2018-05-28 12:26:21 - [TEST_STEP][PASSED] - selectOptionByIndex: All options with index in [63] are selected on object 'Object Repository/DispensaryToStore/Page_Dispensary Store/select_--Select--Adernaline 0.'

2018-05-28 12:26:22 - [MESSAGE][PASSED] - All options with index in [63] are selected on object 'Object Repository/DispensaryToStore/Page_Dispensary Store/select_--Select--Adernaline 0.'

2018-05-28 12:26:22 - [TEST_STEP][PASSED] - delay: Delayed 1 second(s)

2018-05-28 12:26:23 - [MESSAGE][PASSED] - Delayed 1 second(s)

2018-05-28 12:26:23 - [TEST_STEP][PASSED] - setText: Text '10' is set on object 'Object Repository/DispensaryToStore/Page_Dispensary Store/input_txttreat'

2018-05-28 12:26:23 - [MESSAGE][PASSED] - Text '10' is set on object 'Object Repository/DispensaryToStore/Page_Dispensary Store/input_txttreat'

2018-05-28 12:26:23 - [TEST_STEP][PASSED] - click: Object: 'Object Repository/DispensaryToStore/Page_Dispensary Store/button_Add' is clicked on

2018-05-28 12:26:23 - [MESSAGE][PASSED] - Object: 'Object Repository/DispensaryToStore/Page_Dispensary Store/button_Add' is clicked on

2018-05-28 12:26:23 - [TEST_STEP][PASSED] - selectOptionByIndex: All options with index in [2] are selected on object 'Object Repository/DispensaryToStore/Page_Dispensary Store/select_--Select--Schedule 1Inj'

2018-05-28 12:26:23 - [MESSAGE][PASSED] - All options with index in [2] are selected on object 'Object Repository/DispensaryToStore/Page_Dispensary Store/select_--Select--Schedule 1Inj'

2018-05-28 12:26:23 - [TEST_STEP][PASSED] - delay: Delayed 1 second(s)

2018-05-28 12:26:24 - [MESSAGE][PASSED] - Delayed 1 second(s)

2018-05-28 12:26:24 - [TEST_STEP][PASSED] - selectOptionByIndex: All options with index in [64] are selected on object 'Object Repository/DispensaryToStore/Page_Dispensary Store/select_--Select--Adernaline 0.'

2018-05-28 12:26:25 - [MESSAGE][PASSED] - All options with index in [64] are selected on object 'Object Repository/DispensaryToStore/Page_Dispensary Store/select_--Select--Adernaline 0.'

2018-05-28 12:26:25 - [TEST_STEP][PASSED] - delay: Delayed 1 second(s)

2018-05-28 12:26:26 - [MESSAGE][PASSED] - Delayed 1 second(s)

2018-05-28 12:26:26 - [TEST_STEP][PASSED] - setText: Text '10' is set on object 'Object Repository/DispensaryToStore/Page_Dispensary Store/input_txttreat'

2018-05-28 12:26:26 - [MESSAGE][PASSED] - Text '10' is set on object 'Object Repository/DispensaryToStore/Page_Dispensary Store/input_txttreat'

2018-05-28 12:26:26 - [TEST_STEP][PASSED] - click: Object: 'Object Repository/DispensaryToStore/Page_Dispensary Store/button_Add' is clicked on

2018-05-28 12:26:26 - [MESSAGE][PASSED] - Object: 'Object Repository/DispensaryToStore/Page_Dispensary Store/button_Add' is clicked on

2018-05-28 12:26:26 - [TEST_STEP][PASSED] - selectOptionByIndex: All options with index in [2] are selected on object 'Object Repository/DispensaryToStore/Page_Dispensary Store/select_--Select--Schedule 1Inj'

2018-05-28 12:26:27 - [MESSAGE][PASSED] - All options with index in [2] are selected on object 'Object Repository/DispensaryToStore/Page_Dispensary Store/select_--Select--Schedule 1Inj'

2018-05-28 12:26:27 - [TEST_STEP][PASSED] - delay: Delayed 1 second(s)

2018-05-28 12:26:28 - [MESSAGE][PASSED] - Delayed 1 second(s)

2018-05-28 12:26:28 - [TEST_STEP][PASSED] - selectOptionByIndex: All options with index in [65] are selected on object 'Object Repository/DispensaryToStore/Page_Dispensary Store/select_--Select--Adernaline 0.'

2018-05-28 12:26:28 - [MESSAGE][PASSED] - All options with index in [65] are selected on object 'Object Repository/DispensaryToStore/Page_Dispensary Store/select_--Select--Adernaline 0.'

2018-05-28 12:26:28 - [TEST_STEP][PASSED] - delay: Delayed 1 second(s)

2018-05-28 12:26:29 - [MESSAGE][PASSED] - Delayed 1 second(s)

2018-05-28 12:26:29 - [TEST_STEP][PASSED] - setText: Text '10' is set on object 'Object Repository/DispensaryToStore/Page_Dispensary Store/input_txttreat'

2018-05-28 12:26:29 - [MESSAGE][PASSED] - Text '10' is set on object 'Object Repository/DispensaryToStore/Page_Dispensary Store/input_txttreat'

2018-05-28 12:26:29 - [TEST_STEP][PASSED] - click: Object: 'Object Repository/DispensaryToStore/Page_Dispensary Store/button_Add' is clicked on

2018-05-28 12:26:29 - [MESSAGE][PASSED] - Object: 'Object Repository/DispensaryToStore/Page_Dispensary Store/button_Add' is clicked on

2018-05-28 12:26:29 - [TEST_STEP][PASSED] - selectOptionByIndex: All options with index in [2] are selected on object 'Object Repository/DispensaryToStore/Page_Dispensary Store/select_--Select--Schedule 1Inj'

2018-05-28 12:26:30 - [MESSAGE][PASSED] - All options with index in [2] are selected on object 'Object Repository/DispensaryToStore/Page_Dispensary Store/select_--Select--Schedule 1Inj'

2018-05-28 12:26:30 - [TEST_STEP][PASSED] - delay: Delayed 1 second(s)

2018-05-28 12:26:31 - [MESSAGE][PASSED] - Delayed 1 second(s)

2018-05-28 12:26:31 - [TEST_STEP][PASSED] - selectOptionByIndex: All options with index in [66] are selected on object 'Object Repository/DispensaryToStore/Page_Dispensary Store/select_--Select--Adernaline 0.'

2018-05-28 12:26:31 - [MESSAGE][PASSED] - All options with index in [66] are selected on object 'Object Repository/DispensaryToStore/Page_Dispensary Store/select_--Select--Adernaline 0.'

2018-05-28 12:26:31 - [TEST_STEP][PASSED] - delay: Delayed 1 second(s)

2018-05-28 12:26:32 - [MESSAGE][PASSED] - Delayed 1 second(s)

2018-05-28 12:26:32 - [TEST_STEP][PASSED] - setText: Text '10' is set on object 'Object Repository/DispensaryToStore/Page_Dispensary Store/input_txttreat'

2018-05-28 12:26:32 - [MESSAGE][PASSED] - Text '10' is set on object 'Object Repository/DispensaryToStore/Page_Dispensary Store/input_txttreat'

2018-05-28 12:26:32 - [TEST_STEP][PASSED] - click: Object: 'Object Repository/DispensaryToStore/Page_Dispensary Store/button_Add' is clicked on

2018-05-28 12:26:33 - [MESSAGE][PASSED] - Object: 'Object Repository/DispensaryToStore/Page_Dispensary Store/button_Add' is clicked on

2018-05-28 12:26:33 - [TEST_STEP][PASSED] - selectOptionByIndex: All options with index in [2] are selected on object 'Object Repository/DispensaryToStore/Page_Dispensary Store/select_--Select--Schedule 1Inj'

2018-05-28 12:26:33 - [MESSAGE][PASSED] - All options with index in [2] are selected on object 'Object Repository/DispensaryToStore/Page_Dispensary Store/select_--Select--Schedule 1Inj'

2018-05-28 12:26:33 - [TEST_STEP][PASSED] - delay: Delayed 1 second(s)

2018-05-28 12:26:34 - [MESSAGE][PASSED] - Delayed 1 second(s)

2018-05-28 12:26:34 - [TEST_STEP][PASSED] - selectOptionByIndex: All options with index in [67] are selected on object 'Object Repository/DispensaryToStore/Page_Dispensary Store/select_--Select--Adernaline 0.'

2018-05-28 12:26:35 - [MESSAGE][PASSED] - All options with index in [67] are selected on object 'Object Repository/DispensaryToStore/Page_Dispensary Store/select_--Select--Adernaline 0.'

2018-05-28 12:26:35 - [TEST_STEP][PASSED] - delay: Delayed 1 second(s)

2018-05-28 12:26:36 - [MESSAGE][PASSED] - Delayed 1 second(s)

2018-05-28 12:26:36 - [TEST_STEP][PASSED] - setText: Text '10' is set on object 'Object Repository/DispensaryToStore/Page_Dispensary Store/input_txttreat'

2018-05-28 12:26:36 - [MESSAGE][PASSED] - Text '10' is set on object 'Object Repository/DispensaryToStore/Page_Dispensary Store/input_txttreat'

2018-05-28 12:26:36 - [TEST_STEP][PASSED] - click: Object: 'Object Repository/DispensaryToStore/Page_Dispensary Store/button_Add' is clicked on

2018-05-28 12:26:36 - [MESSAGE][PASSED] - Object: 'Object Repository/DispensaryToStore/Page_Dispensary Store/button_Add' is clicked on

2018-05-28 12:26:36 - [TEST_STEP][PASSED] - selectOptionByIndex: All options with index in [2] are selected on object 'Object Repository/DispensaryToStore/Page_Dispensary Store/select_--Select--Schedule 1Inj'

2018-05-28 12:26:36 - [MESSAGE][PASSED] - All options with index in [2] are selected on object 'Object Repository/DispensaryToStore/Page_Dispensary Store/select_--Select--Schedule 1Inj'

2018-05-28 12:26:36 - [TEST_STEP][PASSED] - delay: Delayed 1 second(s)

2018-05-28 12:26:37 - [MESSAGE][PASSED] - Delayed 1 second(s)

2018-05-28 12:26:37 - [TEST_STEP][PASSED] - selectOptionByIndex: All options with index in [68] are selected on object 'Object Repository/DispensaryToStore/Page_Dispensary Store/select_--Select--Adernaline 0.'

2018-05-28 12:26:38 - [MESSAGE][PASSED] - All options with index in [68] are selected on object 'Object Repository/DispensaryToStore/Page_Dispensary Store/select_--Select--Adernaline 0.'

2018-05-28 12:26:38 - [TEST_STEP][PASSED] - delay: Delayed 1 second(s)

2018-05-28 12:26:39 - [MESSAGE][PASSED] - Delayed 1 second(s)

2018-05-28 12:26:39 - [TEST_STEP][PASSED] - setText: Text '10' is set on object 'Object Repository/DispensaryToStore/Page_Dispensary Store/input_txttreat'

2018-05-28 12:26:39 - [MESSAGE][PASSED] - Text '10' is set on object 'Object Repository/DispensaryToStore/Page_Dispensary Store/input_txttreat'

2018-05-28 12:26:39 - [TEST_STEP][PASSED] - click: Object: 'Object Repository/DispensaryToStore/Page_Dispensary Store/button_Add' is clicked on

2018-05-28 12:26:39 - [MESSAGE][PASSED] - Object: 'Object Repository/DispensaryToStore/Page_Dispensary Store/button_Add' is clicked on

2018-05-28 12:26:39 - [TEST_STEP][PASSED] - selectOptionByIndex: All options with index in [2] are selected on object 'Object Repository/DispensaryToStore/Page_Dispensary Store/select_--Select--Schedule 1Inj'

2018-05-28 12:26:39 - [MESSAGE][PASSED] - All options with index in [2] are selected on object 'Object Repository/DispensaryToStore/Page_Dispensary Store/select_--Select--Schedule 1Inj'

2018-05-28 12:26:39 - [TEST_STEP][PASSED] - delay: Delayed 1 second(s)

2018-05-28 12:26:40 - [MESSAGE][PASSED] - Delayed 1 second(s)

2018-05-28 12:26:40 - [TEST_STEP][PASSED] - selectOptionByIndex: All options with index in [69] are selected on object 'Object Repository/DispensaryToStore/Page_Dispensary Store/select_--Select--Adernaline 0.'

2018-05-28 12:26:41 - [MESSAGE][PASSED] - All options with index in [69] are selected on object 'Object Repository/DispensaryToStore/Page_Dispensary Store/select_--Select--Adernaline 0.'

2018-05-28 12:26:41 - [TEST_STEP][PASSED] - delay: Delayed 1 second(s)

2018-05-28 12:26:42 - [MESSAGE][PASSED] - Delayed 1 second(s)

2018-05-28 12:26:42 - [TEST_STEP][PASSED] - setText: Text '10' is set on object 'Object Repository/DispensaryToStore/Page_Dispensary Store/input_txttreat'

2018-05-28 12:26:42 - [MESSAGE][PASSED] - Text '10' is set on object 'Object Repository/DispensaryToStore/Page_Dispensary Store/input_txttreat'

2018-05-28 12:26:42 - [TEST_STEP][PASSED] - click: Object: 'Object Repository/DispensaryToStore/Page_Dispensary Store/button_Add' is clicked on

2018-05-28 12:26:42 - [MESSAGE][PASSED] - Object: 'Object Repository/DispensaryToStore/Page_Dispensary Store/button_Add' is clicked on

2018-05-28 12:26:42 - [TEST_STEP][PASSED] - selectOptionByIndex: All options with index in [2] are selected on object 'Object Repository/DispensaryToStore/Page_Dispensary Store/select_--Select--Schedule 1Inj'

2018-05-28 12:26:42 - [MESSAGE][PASSED] - All options with index in [2] are selected on object 'Object Repository/DispensaryToStore/Page_Dispensary Store/select_--Select--Schedule 1Inj'

2018-05-28 12:26:42 - [TEST_STEP][PASSED] - delay: Delayed 1 second(s)

2018-05-28 12:26:43 - [MESSAGE][PASSED] - Delayed 1 second(s)

2018-05-28 12:26:43 - [TEST_STEP][PASSED] - selectOptionByIndex: All options with index in [70] are selected on object 'Object Repository/DispensaryToStore/Page_Dispensary Store/select_--Select--Adernaline 0.'

2018-05-28 12:26:44 - [MESSAGE][PASSED] - All options with index in [70] are selected on object 'Object Repository/DispensaryToStore/Page_Dispensary Store/select_--Select--Adernaline 0.'

2018-05-28 12:26:44 - [TEST_STEP][PASSED] - delay: Delayed 1 second(s)

2018-05-28 12:26:45 - [MESSAGE][PASSED] - Delayed 1 second(s)

2018-05-28 12:26:45 - [TEST_STEP][PASSED] - setText: Text '10' is set on object 'Object Repository/DispensaryToStore/Page_Dispensary Store/input_txttreat'

2018-05-28 12:26:45 - [MESSAGE][PASSED] - Text '10' is set on object 'Object Repository/DispensaryToStore/Page_Dispensary Store/input_txttreat'

2018-05-28 12:26:45 - [TEST_STEP][PASSED] - click: Object: 'Object Repository/DispensaryToStore/Page_Dispensary Store/button_Add' is clicked on

2018-05-28 12:26:45 - [MESSAGE][PASSED] - Object: 'Object Repository/DispensaryToStore/Page_Dispensary Store/button_Add' is clicked on

2018-05-28 12:26:45 - [TEST_STEP][PASSED] - selectOptionByIndex: All options with index in [2] are selected on object 'Object Repository/DispensaryToStore/Page_Dispensary Store/select_--Select--Schedule 1Inj'

2018-05-28 12:26:45 - [MESSAGE][PASSED] - All options with index in [2] are selected on object 'Object Repository/DispensaryToStore/Page_Dispensary Store/select_--Select--Schedule 1Inj'

2018-05-28 12:26:45 - [TEST_STEP][PASSED] - delay: Delayed 1 second(s)

2018-05-28 12:26:46 - [MESSAGE][PASSED] - Delayed 1 second(s)

2018-05-28 12:26:46 - [TEST_STEP][PASSED] - selectOptionByIndex: All options with index in [71] are selected on object 'Object Repository/DispensaryToStore/Page_Dispensary Store/select_--Select--Adernaline 0.'

2018-05-28 12:26:47 - [MESSAGE][PASSED] - All options with index in [71] are selected on object 'Object Repository/DispensaryToStore/Page_Dispensary Store/select_--Select--Adernaline 0.'

2018-05-28 12:26:47 - [TEST_STEP][PASSED] - delay: Delayed 1 second(s)

2018-05-28 12:26:48 - [MESSAGE][PASSED] - Delayed 1 second(s)

2018-05-28 12:26:48 - [TEST_STEP][PASSED] - setText: Text '10' is set on object 'Object Repository/DispensaryToStore/Page_Dispensary Store/input_txttreat'

2018-05-28 12:26:48 - [MESSAGE][PASSED] - Text '10' is set on object 'Object Repository/DispensaryToStore/Page_Dispensary Store/input_txttreat'

2018-05-28 12:26:48 - [TEST_STEP][PASSED] - click: Object: 'Object Repository/DispensaryToStore/Page_Dispensary Store/button_Add' is clicked on

2018-05-28 12:26:49 - [MESSAGE][PASSED] - Object: 'Object Repository/DispensaryToStore/Page_Dispensary Store/button_Add' is clicked on

2018-05-28 12:26:49 - [TEST_STEP][PASSED] - selectOptionByIndex: All options with index in [2] are selected on object 'Object Repository/DispensaryToStore/Page_Dispensary Store/select_--Select--Schedule 1Inj'

2018-05-28 12:26:49 - [MESSAGE][PASSED] - All options with index in [2] are selected on object 'Object Repository/DispensaryToStore/Page_Dispensary Store/select_--Select--Schedule 1Inj'

2018-05-28 12:26:49 - [TEST_STEP][PASSED] - delay: Delayed 1 second(s)

2018-05-28 12:26:50 - [MESSAGE][PASSED] - Delayed 1 second(s)

2018-05-28 12:26:50 - [TEST_STEP][PASSED] - selectOptionByIndex: All options with index in [72] are selected on object 'Object Repository/DispensaryToStore/Page_Dispensary Store/select_--Select--Adernaline 0.'

2018-05-28 12:26:51 - [MESSAGE][PASSED] - All options with index in [72] are selected on object 'Object Repository/DispensaryToStore/Page_Dispensary Store/select_--Select--Adernaline 0.'

2018-05-28 12:26:51 - [TEST_STEP][PASSED] - delay: Delayed 1 second(s)

2018-05-28 12:26:52 - [MESSAGE][PASSED] - Delayed 1 second(s)

2018-05-28 12:26:52 - [TEST_STEP][PASSED] - setText: Text '10' is set on object 'Object Repository/DispensaryToStore/Page_Dispensary Store/input_txttreat'

2018-05-28 12:26:52 - [MESSAGE][PASSED] - Text '10' is set on object 'Object Repository/DispensaryToStore/Page_Dispensary Store/input_txttreat'

2018-05-28 12:26:52 - [TEST_STEP][PASSED] - click: Object: 'Object Repository/DispensaryToStore/Page_Dispensary Store/button_Add' is clicked on

2018-05-28 12:26:52 - [MESSAGE][PASSED] - Object: 'Object Repository/DispensaryToStore/Page_Dispensary Store/button_Add' is clicked on

2018-05-28 12:26:52 - [TEST_STEP][PASSED] - scrollToElement: Scroll to object 'Object Repository/DispensaryToStore/Page_Dispensary Store/input_btnsave' successfully

2018-05-28 12:26:52 - [MESSAGE][PASSED] - Scroll to object 'Object Repository/DispensaryToStore/Page_Dispensary Store/input_btnsave' successfully

2018-05-28 12:26:52 - [TEST_STEP][PASSED] - click: Object: 'Object Repository/DispensaryToStore/Page_Dispensary Store/input_btnsave' is clicked on

2018-05-28 12:26:52 - [MESSAGE][PASSED] - Object: 'Object Repository/DispensaryToStore/Page_Dispensary Store/input_btnsave' is clicked on

2018-05-28 12:26:52 - [TEST_STEP][PASSED] - delay: Delayed 3 second(s)

2018-05-28 12:26:55 - [MESSAGE][PASSED] - Delayed 3 second(s)

2018-05-28 12:26:55 - [TEST_STEP][PASSED] - Statement - RN1 = com.kms.katalon.core.webui.keyword.WebUiBuiltInKeywords.getText(com.kms.katalon.core.testobject.ObjectRepository.findTestObject(DispensaryToStore/Page_Dispensary Store/font_HPRNO180520187)): Text of object 'Object Repository/DispensaryToStore/Page_Dispensary Store/font_HPRNO180520187' is: 'DPRNO/28052018/121'

2018-05-28 12:26:55 - [MESSAGE][PASSED] - Text of object 'Object Repository/DispensaryToStore/Page_Dispensary Store/font_HPRNO180520187' is: 'DPRNO/28052018/121'

2018-05-28 12:26:55 - [TEST_STEP][PASSED] - Statement - out.println(RN1): null

2018-05-28 12:26:55 - [TEST_STEP][PASSED] - Statement - RID = RN1.split("/")[2]: null

2018-05-28 12:26:55 - [TEST_STEP][PASSED] - click: Object: 'Object Repository/DispensaryToStore/Page_Dispensary Store/button_OK' is clicked on

2018-05-28 12:26:56 - [MESSAGE][PASSED] - Object: 'Object Repository/DispensaryToStore/Page_Dispensary Store/button_OK' is clicked on

2018-05-28 12:26:56 - [TEST_STEP][PASSED] - delay: Delayed 3 second(s)

2018-05-28 12:26:59 - [MESSAGE][PASSED] - Delayed 3 second(s)

2018-05-28 12:26:59 - [TEST_STEP][PASSED] - click: Object: 'Object Repository/DispensaryToStore/Page_Dispensary Store/a_dropdown-toggle' is clicked on

2018-05-28 12:26:59 - [MESSAGE][PASSED] - Object: 'Object Repository/DispensaryToStore/Page_Dispensary Store/a_dropdown-toggle' is clicked on

2018-05-28 12:26:59 - [TEST_STEP][PASSED] - click: Object: 'Object Repository/DispensaryToStore/Page_Dispensary Store/a_Sign out' is clicked on

2018-05-28 12:26:59 - [MESSAGE][PASSED] - Object: 'Object Repository/DispensaryToStore/Page_Dispensary Store/a_Sign out' is clicked on

2018-05-28 12:26:59 - [TEST_STEP][PASSED] - delay: Delayed 3 second(s)

2018-05-28 12:27:02 - [MESSAGE][PASSED] - Delayed 3 second(s)

2018-05-28 12:27:02 - [TEST_STEP][PASSED] - navigateToUrl: Navigate to 'http://192.168.137.1/multihospital_new/' successfully

2018-05-28 12:27:03 - [MESSAGE][PASSED] - Navigate to 'http://192.168.137.1/multihospital_new/' successfully

2018-05-28 12:27:03 - [TEST_STEP][PASSED] - click: Object: 'Object Repository/DispensaryToStore/Page_KDMC/a_CMO' is clicked on

2018-05-28 12:27:03 - [MESSAGE][PASSED] - Object: 'Object Repository/DispensaryToStore/Page_KDMC/a_CMO' is clicked on

2018-05-28 12:27:03 - [TEST_STEP][PASSED] - setText: Text 'guru' is set on object 'Object Repository/DispensaryToStore/Page_CMO login/input_txtusername'

2018-05-28 12:27:03 - [MESSAGE][PASSED] - Text 'guru' is set on object 'Object Repository/DispensaryToStore/Page_CMO login/input_txtusername'

2018-05-28 12:27:03 - [TEST_STEP][PASSED] - setText: Text '123' is set on object 'Object Repository/DispensaryToStore/Page_CMO login/input_txtpassword'

2018-05-28 12:27:03 - [MESSAGE][PASSED] - Text '123' is set on object 'Object Repository/DispensaryToStore/Page_CMO login/input_txtpassword'

2018-05-28 12:27:03 - [TEST_STEP][PASSED] - delay: Delayed 3 second(s)

2018-05-28 12:27:06 - [MESSAGE][PASSED] - Delayed 3 second(s)

2018-05-28 12:27:06 - [TEST_STEP][PASSED] - click: Object: 'Object Repository/DispensaryToStore/Page_CMO login/button_Sign in' is clicked on

2018-05-28 12:27:07 - [MESSAGE][PASSED] - Object: 'Object Repository/DispensaryToStore/Page_CMO login/button_Sign in' is clicked on

2018-05-28 12:27:07 - [TEST_STEP][PASSED] - click: Object: 'Object Repository/DispensaryToStore/Page_KDMC - CMO/a_Department Wise Request' is clicked on

2018-05-28 12:27:09 - [MESSAGE][PASSED] - Object: 'Object Repository/DispensaryToStore/Page_KDMC - CMO/a_Department Wise Request' is clicked on

2018-05-28 12:27:09 - [TEST_STEP][PASSED] - delay: Delayed 2 second(s)

2018-05-28 12:27:11 - [MESSAGE][PASSED] - Delayed 2 second(s)

2018-05-28 12:27:11 - [TEST_STEP][PASSED] - selectOptionByIndex: All options with index in [6] are selected on object 'Object Repository/DispensaryToStore/Page_KDMC - CMO/select_--ALL--'

2018-05-28 12:27:12 - [MESSAGE][PASSED] - All options with index in [6] are selected on object 'Object Repository/DispensaryToStore/Page_KDMC - CMO/select_--ALL--'

2018-05-28 12:27:12 - [TEST_STEP][PASSED] - click: Object: 'Object Repository/DispensaryToStore/Page_KDMC - CMO/input_btnsearch' is clicked on

2018-05-28 12:27:12 - [MESSAGE][PASSED] - Object: 'Object Repository/DispensaryToStore/Page_KDMC - CMO/input_btnsearch' is clicked on

2018-05-28 12:27:12 - [TEST_STEP][PASSED] - selectOptionByIndex: All options with index in [1] are selected on object 'Object Repository/DispensaryToStore/Page_KDMC - CMO/select_--ALL--                _1'

2018-05-28 12:27:12 - [MESSAGE][PASSED] - All options with index in [1] are selected on object 'Object Repository/DispensaryToStore/Page_KDMC - CMO/select_--ALL--                _1'

2018-05-28 12:27:12 - [TEST_STEP][PASSED] - click: Object: 'Object Repository/DispensaryToStore/Page_KDMC - CMO/input_btnsearch' is clicked on

2018-05-28 12:27:12 - [MESSAGE][PASSED] - Object: 'Object Repository/DispensaryToStore/Page_KDMC - CMO/input_btnsearch' is clicked on

2018-05-28 12:27:12 - [TEST_STEP][PASSED] - Statement - ID = com.kms.katalon.core.webui.keyword.WebUiBuiltInKeywords.modifyObjectProperty(com.kms.katalon.core.testobject.ObjectRepository.findTestObject(lab/Page_KDMC - CMO/input_1), "xpath", "equals", "//*[@id=" + RID + "]", true): Modify property of object successfully

2018-05-28 12:27:12 - [MESSAGE][PASSED] - Modify property of object successfully

2018-05-28 12:27:12 - [TEST_STEP][PASSED] - click: Object: 'Object Repository/lab/Page_KDMC - CMO/input_1' is clicked on

2018-05-28 12:27:13 - [MESSAGE][PASSED] - Object: 'Object Repository/lab/Page_KDMC - CMO/input_1' is clicked on

2018-05-28 12:27:13 - [TEST_STEP][PASSED] - delay: Delayed 2 second(s)

2018-05-28 12:27:15 - [MESSAGE][PASSED] - Delayed 2 second(s)

2018-05-28 12:27:15 - [TEST_STEP][PASSED] - selectOptionByIndex: All options with index in [1] are selected on object 'Object Repository/DispensaryToStore/Page_KDMC - CMO/select_--Select--'

2018-05-28 12:27:15 - [MESSAGE][PASSED] - All options with index in [1] are selected on object 'Object Repository/DispensaryToStore/Page_KDMC - CMO/select_--Select--'

2018-05-28 12:27:15 - [TEST_STEP][PASSED] - click: Object: 'Object Repository/DispensaryToStore/Page_KDMC - CMO/input_btnupdate' is clicked on

2018-05-28 12:27:15 - [MESSAGE][PASSED] - Object: 'Object Repository/DispensaryToStore/Page_KDMC - CMO/input_btnupdate' is clicked on

2018-05-28 12:27:15 - [TEST_STEP][PASSED] - delay: Delayed 2 second(s)

2018-05-28 12:27:17 - [MESSAGE][PASSED] - Delayed 2 second(s)

2018-05-28 12:27:17 - [TEST_STEP][PASSED] - click: Object: 'Object Repository/DispensaryToStore/Page_KDMC - CMO/button_OK' is clicked on

2018-05-28 12:27:17 - [MESSAGE][PASSED] - Object: 'Object Repository/DispensaryToStore/Page_KDMC - CMO/button_OK' is clicked on

2018-05-28 12:27:17 - [TEST_STEP][PASSED] - delay: Delayed 2 second(s)

2018-05-28 12:27:19 - [MESSAGE][PASSED] - Delayed 2 second(s)

2018-05-28 12:27:19 - [TEST_STEP][PASSED] - click: Object: 'Object Repository/DispensaryToStore/Page_KDMC - CMO/a_dropdown-toggle' is clicked on

2018-05-28 12:27:19 - [MESSAGE][PASSED] - Object: 'Object Repository/DispensaryToStore/Page_KDMC - CMO/a_dropdown-toggle' is clicked on

2018-05-28 12:27:19 - [TEST_STEP][PASSED] - click: Object: 'Object Repository/DispensaryToStore/Page_KDMC - CMO/a_Sign out' is clicked on

2018-05-28 12:27:20 - [MESSAGE][PASSED] - Object: 'Object Repository/DispensaryToStore/Page_KDMC - CMO/a_Sign out' is clicked on

2018-05-28 12:27:20 - [TEST_STEP][PASSED] - delay: Delayed 3 second(s)

2018-05-28 12:27:23 - [MESSAGE][PASSED] - Delayed 3 second(s)

2018-05-28 12:27:23 - [TEST_STEP][PASSED] - click: Object: 'Object Repository/DispensaryToStore/Page_KDMC/a_Divisional Store' is clicked on

2018-05-28 12:27:24 - [MESSAGE][PASSED] - Object: 'Object Repository/DispensaryToStore/Page_KDMC/a_Divisional Store' is clicked on

2018-05-28 12:27:24 - [TEST_STEP][PASSED] - setText: Text 'ragu' is set on object 'Object Repository/DispensaryToStore/Page_Divisonal Store Login/input_txtusername'

2018-05-28 12:27:24 - [MESSAGE][PASSED] - Text 'ragu' is set on object 'Object Repository/DispensaryToStore/Page_Divisonal Store Login/input_txtusername'

2018-05-28 12:27:24 - [TEST_STEP][PASSED] - setText: Text '123' is set on object 'Object Repository/DispensaryToStore/Page_Divisonal Store Login/input_txtpassword'

2018-05-28 12:27:24 - [MESSAGE][PASSED] - Text '123' is set on object 'Object Repository/DispensaryToStore/Page_Divisonal Store Login/input_txtpassword'

2018-05-28 12:27:24 - [TEST_STEP][PASSED] - delay: Delayed 3 second(s)

2018-05-28 12:27:27 - [MESSAGE][PASSED] - Delayed 3 second(s)

2018-05-28 12:27:27 - [TEST_STEP][PASSED] - click: Object: 'Object Repository/DispensaryToStore/Page_Divisonal Store Login/button_Sign in' is clicked on

2018-05-28 12:27:29 - [MESSAGE][PASSED] - Object: 'Object Repository/DispensaryToStore/Page_Divisonal Store Login/button_Sign in' is clicked on

2018-05-28 12:27:29 - [TEST_STEP][PASSED] - delay: Delayed 3 second(s)

2018-05-28 12:27:32 - [MESSAGE][PASSED] - Delayed 3 second(s)

2018-05-28 12:27:32 - [TEST_STEP][PASSED] - scrollToPosition: Browser is scrolled to position x = 100, y = 100

2018-05-28 12:27:32 - [MESSAGE][PASSED] - Browser is scrolled to position x = 100, y = 100

2018-05-28 12:27:32 - [TEST_STEP][PASSED] - click: Object: 'Object Repository/DispensaryToStore/Page_Store/a_Dispensary Request' is clicked on

2018-05-28 12:27:32 - [MESSAGE][PASSED] - Object: 'Object Repository/DispensaryToStore/Page_Store/a_Dispensary Request' is clicked on

2018-05-28 12:27:32 - [TEST_STEP][PASSED] - delay: Delayed 2 second(s)

2018-05-28 12:27:34 - [MESSAGE][PASSED] - Delayed 2 second(s)

2018-05-28 12:27:34 - [TEST_STEP][PASSED] - click: Object: 'Object Repository/DispensaryToStore/Page_Store/a_Request Item Dispensary' is clicked on

2018-05-28 12:27:35 - [MESSAGE][PASSED] - Object: 'Object Repository/DispensaryToStore/Page_Store/a_Request Item Dispensary' is clicked on

2018-05-28 12:27:35 - [TEST_STEP][PASSED] - Statement - ChooseRequest = com.kms.katalon.core.webui.keyword.WebUiBuiltInKeywords.modifyObjectProperty(com.kms.katalon.core.testobject.ObjectRepository.findTestObject(lab/Page_Store/input_1), "xpath", "equals", "//*[@id=" + RID + "]", true): Modify property of object successfully

2018-05-28 12:27:35 - [MESSAGE][PASSED] - Modify property of object successfully

2018-05-28 12:27:35 - [TEST_STEP][PASSED] - click: Object: 'Object Repository/lab/Page_Store/input_1' is clicked on

2018-05-28 12:27:35 - [MESSAGE][PASSED] - Object: 'Object Repository/lab/Page_Store/input_1' is clicked on

2018-05-28 12:27:35 - [TEST_STEP][PASSED] - Statement - selectedoptions = com.kms.katalon.core.webui.keyword.WebUiBuiltInKeywords.getNumberOfTotalOption(com.kms.katalon.core.testobject.ObjectRepository.findTestObject(DispensaryToStore/Page_Store/select_--Select--Adernaline 0.)): 73 options of object 'Object Repository/DispensaryToStore/Page_Store/select_--Select--Adernaline 0.' counted

2018-05-28 12:27:36 - [MESSAGE][PASSED] - 73 options of object 'Object Repository/DispensaryToStore/Page_Store/select_--Select--Adernaline 0.' counted

2018-05-28 12:27:36 - [TEST_STEP][PASSED] - Statement - For ([a = 1, a <= selectedoptions - 1, (a++)]): null

2018-05-28 12:27:36 - [TEST_STEP][PASSED] - selectOptionByIndex: All options with index in [1] are selected on object 'Object Repository/DispensaryToStore/Page_Store/select_--Select--Adernaline 0.'

2018-05-28 12:27:36 - [MESSAGE][PASSED] - All options with index in [1] are selected on object 'Object Repository/DispensaryToStore/Page_Store/select_--Select--Adernaline 0.'

2018-05-28 12:27:36 - [TEST_STEP][PASSED] - delay: Delayed 2 second(s)

2018-05-28 12:27:38 - [MESSAGE][PASSED] - Delayed 2 second(s)

2018-05-28 12:27:38 - [TEST_STEP][PASSED] - Statement - RequestedQty = com.kms.katalon.core.webui.keyword.WebUiBuiltInKeywords.getAttribute(com.kms.katalon.core.testobject.ObjectRepository.findTestObject(DispensaryToStore/Page_Store/input_txttotal), "value"): Attribute 'value' of object 'Object Repository/DispensaryToStore/Page_Store/input_txttotal' is: '10'

2018-05-28 12:27:38 - [MESSAGE][PASSED] - Attribute 'value' of object 'Object Repository/DispensaryToStore/Page_Store/input_txttotal' is: '10'

2018-05-28 12:27:38 - [TEST_STEP][PASSED] - Statement - out.println("Requested QTY : " + RequestedQty): null

2018-05-28 12:27:38 - [TEST_STEP][PASSED] - Statement - BatchNumber = com.kms.katalon.core.webui.keyword.WebUiBuiltInKeywords.getNumberOfTotalOption(com.kms.katalon.core.testobject.ObjectRepository.findTestObject(DispensaryToStore/Page_Store/select_--Select--BA1170BA2376B)): 2 options of object 'Object Repository/DispensaryToStore/Page_Store/select_--Select--BA1170BA2376B' counted

2018-05-28 12:27:38 - [MESSAGE][PASSED] - 2 options of object 'Object Repository/DispensaryToStore/Page_Store/select_--Select--BA1170BA2376B' counted

2018-05-28 12:27:38 - [TEST_STEP][PASSED] - Statement - For ([g = 1, g <= BatchNumber - 1, (g++)]): null

2018-05-28 12:27:38 - [TEST_STEP][PASSED] - selectOptionByIndex: All options with index in [1] are selected on object 'Object Repository/DispensaryToStore/Page_Store/select_--Select--BA1170BA2376B'

2018-05-28 12:27:38 - [MESSAGE][PASSED] - All options with index in [1] are selected on object 'Object Repository/DispensaryToStore/Page_Store/select_--Select--BA1170BA2376B'

2018-05-28 12:27:38 - [TEST_STEP][PASSED] - Statement - Try: null

2018-05-28 12:27:38 - [TEST_STEP][PASSED] - Statement - StockQty = com.kms.katalon.core.webui.keyword.WebUiBuiltInKeywords.getAttribute(com.kms.katalon.core.testobject.ObjectRepository.findTestObject(DispensaryToStore/Page_Store/input_txtprice), "value"): Attribute 'value' of object 'Object Repository/DispensaryToStore/Page_Store/input_txtprice' is: '1480'

2018-05-28 12:27:38 - [MESSAGE][PASSED] - Attribute 'value' of object 'Object Repository/DispensaryToStore/Page_Store/input_txtprice' is: '1480'

2018-05-28 12:27:38 - [TEST_STEP][PASSED] - Statement - out.println("Stock QTY : " + StockQty): null

2018-05-28 12:27:38 - [TEST_STEP][PASSED] - delay: Delayed 2 second(s)

2018-05-28 12:27:40 - [MESSAGE][PASSED] - Delayed 2 second(s)

2018-05-28 12:27:40 - [TEST_STEP][PASSED] - Statement - If (java.lang.String.valueOf(StockQty) >= java.lang.String.valueOf(RequestedQty)): null

2018-05-28 12:27:40 - [TEST_STEP][PASSED] - setText: Text '10' is set on object 'Object Repository/DispensaryToStore/Page_Store/input_txtqty'

2018-05-28 12:27:40 - [MESSAGE][PASSED] - Text '10' is set on object 'Object Repository/DispensaryToStore/Page_Store/input_txtqty'

2018-05-28 12:27:40 - [TEST_STEP][PASSED] - click: Object: 'Object Repository/DispensaryToStore/Page_Store/button_Add' is clicked on

2018-05-28 12:27:40 - [MESSAGE][PASSED] - Object: 'Object Repository/DispensaryToStore/Page_Store/button_Add' is clicked on

2018-05-28 12:27:40 - [TEST_STEP][PASSED] - Statement - Break: null

2018-05-28 12:27:40 - [TEST_STEP][PASSED] - selectOptionByIndex: All options with index in [2] are selected on object 'Object Repository/DispensaryToStore/Page_Store/select_--Select--Adernaline 0.'

2018-05-28 12:27:41 - [MESSAGE][PASSED] - All options with index in [2] are selected on object 'Object Repository/DispensaryToStore/Page_Store/select_--Select--Adernaline 0.'

2018-05-28 12:27:41 - [TEST_STEP][PASSED] - delay: Delayed 2 second(s)

2018-05-28 12:27:43 - [MESSAGE][PASSED] - Delayed 2 second(s)

2018-05-28 12:27:43 - [TEST_STEP][PASSED] - Statement - RequestedQty = com.kms.katalon.core.webui.keyword.WebUiBuiltInKeywords.getAttribute(com.kms.katalon.core.testobject.ObjectRepository.findTestObject(DispensaryToStore/Page_Store/input_txttotal), "value"): Attribute 'value' of object 'Object Repository/DispensaryToStore/Page_Store/input_txttotal' is: '10'

2018-05-28 12:27:43 - [MESSAGE][PASSED] - Attribute 'value' of object 'Object Repository/DispensaryToStore/Page_Store/input_txttotal' is: '10'

2018-05-28 12:27:43 - [TEST_STEP][PASSED] - Statement - out.println("Requested QTY : " + RequestedQty): null

2018-05-28 12:27:43 - [TEST_STEP][PASSED] - Statement - BatchNumber = com.kms.katalon.core.webui.keyword.WebUiBuiltInKeywords.getNumberOfTotalOption(com.kms.katalon.core.testobject.ObjectRepository.findTestObject(DispensaryToStore/Page_Store/select_--Select--BA1170BA2376B)): 4 options of object 'Object Repository/DispensaryToStore/Page_Store/select_--Select--BA1170BA2376B' counted

2018-05-28 12:27:43 - [MESSAGE][PASSED] - 4 options of object 'Object Repository/DispensaryToStore/Page_Store/select_--Select--BA1170BA2376B' counted

2018-05-28 12:27:43 - [TEST_STEP][PASSED] - Statement - For ([g = 1, g <= BatchNumber - 1, (g++)]): null

2018-05-28 12:27:43 - [TEST_STEP][PASSED] - selectOptionByIndex: All options with index in [1] are selected on object 'Object Repository/DispensaryToStore/Page_Store/select_--Select--BA1170BA2376B'

2018-05-28 12:27:43 - [MESSAGE][PASSED] - All options with index in [1] are selected on object 'Object Repository/DispensaryToStore/Page_Store/select_--Select--BA1170BA2376B'

2018-05-28 12:27:43 - [TEST_STEP][PASSED] - Statement - Try: null

2018-05-28 12:27:43 - [TEST_STEP][PASSED] - Statement - StockQty = com.kms.katalon.core.webui.keyword.WebUiBuiltInKeywords.getAttribute(com.kms.katalon.core.testobject.ObjectRepository.findTestObject(DispensaryToStore/Page_Store/input_txtprice), "value"): Attribute 'value' of object 'Object Repository/DispensaryToStore/Page_Store/input_txtprice' is: '70'

2018-05-28 12:27:43 - [MESSAGE][PASSED] - Attribute 'value' of object 'Object Repository/DispensaryToStore/Page_Store/input_txtprice' is: '70'

2018-05-28 12:27:43 - [TEST_STEP][PASSED] - Statement - out.println("Stock QTY : " + StockQty): null

2018-05-28 12:27:43 - [TEST_STEP][PASSED] - delay: Delayed 2 second(s)

2018-05-28 12:27:45 - [MESSAGE][PASSED] - Delayed 2 second(s)

2018-05-28 12:27:45 - [TEST_STEP][PASSED] - Statement - If (java.lang.String.valueOf(StockQty) >= java.lang.String.valueOf(RequestedQty)): null

2018-05-28 12:27:45 - [TEST_STEP][PASSED] - setText: Text '10' is set on object 'Object Repository/DispensaryToStore/Page_Store/input_txtqty'

2018-05-28 12:27:45 - [MESSAGE][PASSED] - Text '10' is set on object 'Object Repository/DispensaryToStore/Page_Store/input_txtqty'

2018-05-28 12:27:45 - [TEST_STEP][PASSED] - click: Object: 'Object Repository/DispensaryToStore/Page_Store/button_Add' is clicked on

2018-05-28 12:27:45 - [MESSAGE][PASSED] - Object: 'Object Repository/DispensaryToStore/Page_Store/button_Add' is clicked on

2018-05-28 12:27:45 - [TEST_STEP][PASSED] - Statement - Break: null

2018-05-28 12:27:45 - [TEST_STEP][PASSED] - selectOptionByIndex: All options with index in [3] are selected on object 'Object Repository/DispensaryToStore/Page_Store/select_--Select--Adernaline 0.'

2018-05-28 12:27:45 - [MESSAGE][PASSED] - All options with index in [3] are selected on object 'Object Repository/DispensaryToStore/Page_Store/select_--Select--Adernaline 0.'

2018-05-28 12:27:45 - [TEST_STEP][PASSED] - delay: Delayed 2 second(s)

2018-05-28 12:27:47 - [MESSAGE][PASSED] - Delayed 2 second(s)

2018-05-28 12:27:47 - [TEST_STEP][PASSED] - Statement - RequestedQty = com.kms.katalon.core.webui.keyword.WebUiBuiltInKeywords.getAttribute(com.kms.katalon.core.testobject.ObjectRepository.findTestObject(DispensaryToStore/Page_Store/input_txttotal), "value"): Attribute 'value' of object 'Object Repository/DispensaryToStore/Page_Store/input_txttotal' is: '10'

2018-05-28 12:27:47 - [MESSAGE][PASSED] - Attribute 'value' of object 'Object Repository/DispensaryToStore/Page_Store/input_txttotal' is: '10'

2018-05-28 12:27:47 - [TEST_STEP][PASSED] - Statement - out.println("Requested QTY : " + RequestedQty): null

2018-05-28 12:27:47 - [TEST_STEP][PASSED] - Statement - BatchNumber = com.kms.katalon.core.webui.keyword.WebUiBuiltInKeywords.getNumberOfTotalOption(com.kms.katalon.core.testobject.ObjectRepository.findTestObject(DispensaryToStore/Page_Store/select_--Select--BA1170BA2376B)): 4 options of object 'Object Repository/DispensaryToStore/Page_Store/select_--Select--BA1170BA2376B' counted

2018-05-28 12:27:47 - [MESSAGE][PASSED] - 4 options of object 'Object Repository/DispensaryToStore/Page_Store/select_--Select--BA1170BA2376B' counted

2018-05-28 12:27:47 - [TEST_STEP][PASSED] - Statement - For ([g = 1, g <= BatchNumber - 1, (g++)]): null

2018-05-28 12:27:47 - [TEST_STEP][PASSED] - selectOptionByIndex: All options with index in [1] are selected on object 'Object Repository/DispensaryToStore/Page_Store/select_--Select--BA1170BA2376B'

2018-05-28 12:27:47 - [MESSAGE][PASSED] - All options with index in [1] are selected on object 'Object Repository/DispensaryToStore/Page_Store/select_--Select--BA1170BA2376B'

2018-05-28 12:27:47 - [TEST_STEP][PASSED] - Statement - Try: null

2018-05-28 12:27:47 - [TEST_STEP][PASSED] - Statement - StockQty = com.kms.katalon.core.webui.keyword.WebUiBuiltInKeywords.getAttribute(com.kms.katalon.core.testobject.ObjectRepository.findTestObject(DispensaryToStore/Page_Store/input_txtprice), "value"): Attribute 'value' of object 'Object Repository/DispensaryToStore/Page_Store/input_txtprice' is: '1320'

2018-05-28 12:27:47 - [MESSAGE][PASSED] - Attribute 'value' of object 'Object Repository/DispensaryToStore/Page_Store/input_txtprice' is: '1320'

2018-05-28 12:27:47 - [TEST_STEP][PASSED] - Statement - out.println("Stock QTY : " + StockQty): null

2018-05-28 12:27:47 - [TEST_STEP][PASSED] - delay: Delayed 2 second(s)

2018-05-28 12:27:49 - [MESSAGE][PASSED] - Delayed 2 second(s)

2018-05-28 12:27:49 - [TEST_STEP][PASSED] - Statement - If (java.lang.String.valueOf(StockQty) >= java.lang.String.valueOf(RequestedQty)): null

2018-05-28 12:27:49 - [TEST_STEP][PASSED] - setText: Text '10' is set on object 'Object Repository/DispensaryToStore/Page_Store/input_txtqty'

2018-05-28 12:27:50 - [MESSAGE][PASSED] - Text '10' is set on object 'Object Repository/DispensaryToStore/Page_Store/input_txtqty'

2018-05-28 12:27:50 - [TEST_STEP][PASSED] - click: Object: 'Object Repository/DispensaryToStore/Page_Store/button_Add' is clicked on

2018-05-28 12:27:50 - [MESSAGE][PASSED] - Object: 'Object Repository/DispensaryToStore/Page_Store/button_Add' is clicked on

2018-05-28 12:27:50 - [TEST_STEP][PASSED] - Statement - Break: null

2018-05-28 12:27:50 - [TEST_STEP][PASSED] - selectOptionByIndex: All options with index in [4] are selected on object 'Object Repository/DispensaryToStore/Page_Store/select_--Select--Adernaline 0.'

2018-05-28 12:27:50 - [MESSAGE][PASSED] - All options with index in [4] are selected on object 'Object Repository/DispensaryToStore/Page_Store/select_--Select--Adernaline 0.'

2018-05-28 12:27:50 - [TEST_STEP][PASSED] - delay: Delayed 2 second(s)

2018-05-28 12:27:52 - [MESSAGE][PASSED] - Delayed 2 second(s)

2018-05-28 12:27:52 - [TEST_STEP][PASSED] - Statement - RequestedQty = com.kms.katalon.core.webui.keyword.WebUiBuiltInKeywords.getAttribute(com.kms.katalon.core.testobject.ObjectRepository.findTestObject(DispensaryToStore/Page_Store/input_txttotal), "value"): Attribute 'value' of object 'Object Repository/DispensaryToStore/Page_Store/input_txttotal' is: '10'

2018-05-28 12:27:52 - [MESSAGE][PASSED] - Attribute 'value' of object 'Object Repository/DispensaryToStore/Page_Store/input_txttotal' is: '10'

2018-05-28 12:27:52 - [TEST_STEP][PASSED] - Statement - out.println("Requested QTY : " + RequestedQty): null

2018-05-28 12:27:52 - [TEST_STEP][PASSED] - Statement - BatchNumber = com.kms.katalon.core.webui.keyword.WebUiBuiltInKeywords.getNumberOfTotalOption(com.kms.katalon.core.testobject.ObjectRepository.findTestObject(DispensaryToStore/Page_Store/select_--Select--BA1170BA2376B)): 4 options of object 'Object Repository/DispensaryToStore/Page_Store/select_--Select--BA1170BA2376B' counted

2018-05-28 12:27:52 - [MESSAGE][PASSED] - 4 options of object 'Object Repository/DispensaryToStore/Page_Store/select_--Select--BA1170BA2376B' counted

2018-05-28 12:27:52 - [TEST_STEP][PASSED] - Statement - For ([g = 1, g <= BatchNumber - 1, (g++)]): null

2018-05-28 12:27:52 - [TEST_STEP][PASSED] - selectOptionByIndex: All options with index in [1] are selected on object 'Object Repository/DispensaryToStore/Page_Store/select_--Select--BA1170BA2376B'

2018-05-28 12:27:52 - [MESSAGE][PASSED] - All options with index in [1] are selected on object 'Object Repository/DispensaryToStore/Page_Store/select_--Select--BA1170BA2376B'

2018-05-28 12:27:52 - [TEST_STEP][PASSED] - Statement - Try: null

2018-05-28 12:27:52 - [TEST_STEP][PASSED] - Statement - StockQty = com.kms.katalon.core.webui.keyword.WebUiBuiltInKeywords.getAttribute(com.kms.katalon.core.testobject.ObjectRepository.findTestObject(DispensaryToStore/Page_Store/input_txtprice), "value"): Attribute 'value' of object 'Object Repository/DispensaryToStore/Page_Store/input_txtprice' is: '70'

2018-05-28 12:27:52 - [MESSAGE][PASSED] - Attribute 'value' of object 'Object Repository/DispensaryToStore/Page_Store/input_txtprice' is: '70'

2018-05-28 12:27:52 - [TEST_STEP][PASSED] - Statement - out.println("Stock QTY : " + StockQty): null

2018-05-28 12:27:52 - [TEST_STEP][PASSED] - delay: Delayed 2 second(s)

2018-05-28 12:27:54 - [MESSAGE][PASSED] - Delayed 2 second(s)

2018-05-28 12:27:54 - [TEST_STEP][PASSED] - Statement - If (java.lang.String.valueOf(StockQty) >= java.lang.String.valueOf(RequestedQty)): null

2018-05-28 12:27:54 - [TEST_STEP][PASSED] - setText: Text '10' is set on object 'Object Repository/DispensaryToStore/Page_Store/input_txtqty'

2018-05-28 12:27:54 - [MESSAGE][PASSED] - Text '10' is set on object 'Object Repository/DispensaryToStore/Page_Store/input_txtqty'

2018-05-28 12:27:54 - [TEST_STEP][PASSED] - click: Object: 'Object Repository/DispensaryToStore/Page_Store/button_Add' is clicked on

2018-05-28 12:27:54 - [MESSAGE][PASSED] - Object: 'Object Repository/DispensaryToStore/Page_Store/button_Add' is clicked on

2018-05-28 12:27:54 - [TEST_STEP][PASSED] - Statement - Break: null

2018-05-28 12:27:54 - [TEST_STEP][PASSED] - selectOptionByIndex: All options with index in [5] are selected on object 'Object Repository/DispensaryToStore/Page_Store/select_--Select--Adernaline 0.'

2018-05-28 12:27:54 - [MESSAGE][PASSED] - All options with index in [5] are selected on object 'Object Repository/DispensaryToStore/Page_Store/select_--Select--Adernaline 0.'

2018-05-28 12:27:54 - [TEST_STEP][PASSED] - delay: Delayed 2 second(s)

2018-05-28 12:27:56 - [MESSAGE][PASSED] - Delayed 2 second(s)

2018-05-28 12:27:56 - [TEST_STEP][PASSED] - Statement - RequestedQty = com.kms.katalon.core.webui.keyword.WebUiBuiltInKeywords.getAttribute(com.kms.katalon.core.testobject.ObjectRepository.findTestObject(DispensaryToStore/Page_Store/input_txttotal), "value"): Attribute 'value' of object 'Object Repository/DispensaryToStore/Page_Store/input_txttotal' is: '10'

2018-05-28 12:27:56 - [MESSAGE][PASSED] - Attribute 'value' of object 'Object Repository/DispensaryToStore/Page_Store/input_txttotal' is: '10'

2018-05-28 12:27:56 - [TEST_STEP][PASSED] - Statement - out.println("Requested QTY : " + RequestedQty): null

2018-05-28 12:27:56 - [TEST_STEP][PASSED] - Statement - BatchNumber = com.kms.katalon.core.webui.keyword.WebUiBuiltInKeywords.getNumberOfTotalOption(com.kms.katalon.core.testobject.ObjectRepository.findTestObject(DispensaryToStore/Page_Store/select_--Select--BA1170BA2376B)): 3 options of object 'Object Repository/DispensaryToStore/Page_Store/select_--Select--BA1170BA2376B' counted

2018-05-28 12:27:57 - [MESSAGE][PASSED] - 3 options of object 'Object Repository/DispensaryToStore/Page_Store/select_--Select--BA1170BA2376B' counted

2018-05-28 12:27:57 - [TEST_STEP][PASSED] - Statement - For ([g = 1, g <= BatchNumber - 1, (g++)]): null

2018-05-28 12:27:57 - [TEST_STEP][PASSED] - selectOptionByIndex: All options with index in [1] are selected on object 'Object Repository/DispensaryToStore/Page_Store/select_--Select--BA1170BA2376B'

2018-05-28 12:27:57 - [MESSAGE][PASSED] - All options with index in [1] are selected on object 'Object Repository/DispensaryToStore/Page_Store/select_--Select--BA1170BA2376B'

2018-05-28 12:27:57 - [TEST_STEP][PASSED] - Statement - Try: null

2018-05-28 12:27:57 - [TEST_STEP][PASSED] - Statement - StockQty = com.kms.katalon.core.webui.keyword.WebUiBuiltInKeywords.getAttribute(com.kms.katalon.core.testobject.ObjectRepository.findTestObject(DispensaryToStore/Page_Store/input_txtprice), "value"): Attribute 'value' of object 'Object Repository/DispensaryToStore/Page_Store/input_txtprice' is: '370'

2018-05-28 12:27:57 - [MESSAGE][PASSED] - Attribute 'value' of object 'Object Repository/DispensaryToStore/Page_Store/input_txtprice' is: '370'

2018-05-28 12:27:57 - [TEST_STEP][PASSED] - Statement - out.println("Stock QTY : " + StockQty): null

2018-05-28 12:27:57 - [TEST_STEP][PASSED] - delay: Delayed 2 second(s)

2018-05-28 12:27:59 - [MESSAGE][PASSED] - Delayed 2 second(s)

2018-05-28 12:27:59 - [TEST_STEP][PASSED] - Statement - If (java.lang.String.valueOf(StockQty) >= java.lang.String.valueOf(RequestedQty)): null

2018-05-28 12:27:59 - [TEST_STEP][PASSED] - setText: Text '10' is set on object 'Object Repository/DispensaryToStore/Page_Store/input_txtqty'

2018-05-28 12:27:59 - [MESSAGE][PASSED] - Text '10' is set on object 'Object Repository/DispensaryToStore/Page_Store/input_txtqty'

2018-05-28 12:27:59 - [TEST_STEP][PASSED] - click: Object: 'Object Repository/DispensaryToStore/Page_Store/button_Add' is clicked on

2018-05-28 12:27:59 - [MESSAGE][PASSED] - Object: 'Object Repository/DispensaryToStore/Page_Store/button_Add' is clicked on

2018-05-28 12:27:59 - [TEST_STEP][PASSED] - Statement - Break: null

2018-05-28 12:27:59 - [TEST_STEP][PASSED] - selectOptionByIndex: All options with index in [6] are selected on object 'Object Repository/DispensaryToStore/Page_Store/select_--Select--Adernaline 0.'

2018-05-28 12:27:59 - [MESSAGE][PASSED] - All options with index in [6] are selected on object 'Object Repository/DispensaryToStore/Page_Store/select_--Select--Adernaline 0.'

2018-05-28 12:27:59 - [TEST_STEP][PASSED] - delay: Delayed 2 second(s)

2018-05-28 12:28:01 - [MESSAGE][PASSED] - Delayed 2 second(s)

2018-05-28 12:28:01 - [TEST_STEP][PASSED] - Statement - RequestedQty = com.kms.katalon.core.webui.keyword.WebUiBuiltInKeywords.getAttribute(com.kms.katalon.core.testobject.ObjectRepository.findTestObject(DispensaryToStore/Page_Store/input_txttotal), "value"): Attribute 'value' of object 'Object Repository/DispensaryToStore/Page_Store/input_txttotal' is: '10'

2018-05-28 12:28:01 - [MESSAGE][PASSED] - Attribute 'value' of object 'Object Repository/DispensaryToStore/Page_Store/input_txttotal' is: '10'

2018-05-28 12:28:01 - [TEST_STEP][PASSED] - Statement - out.println("Requested QTY : " + RequestedQty): null

2018-05-28 12:28:01 - [TEST_STEP][PASSED] - Statement - BatchNumber = com.kms.katalon.core.webui.keyword.WebUiBuiltInKeywords.getNumberOfTotalOption(com.kms.katalon.core.testobject.ObjectRepository.findTestObject(DispensaryToStore/Page_Store/select_--Select--BA1170BA2376B)): 3 options of object 'Object Repository/DispensaryToStore/Page_Store/select_--Select--BA1170BA2376B' counted

2018-05-28 12:28:01 - [MESSAGE][PASSED] - 3 options of object 'Object Repository/DispensaryToStore/Page_Store/select_--Select--BA1170BA2376B' counted

2018-05-28 12:28:01 - [TEST_STEP][PASSED] - Statement - For ([g = 1, g <= BatchNumber - 1, (g++)]): null

2018-05-28 12:28:01 - [TEST_STEP][PASSED] - selectOptionByIndex: All options with index in [1] are selected on object 'Object Repository/DispensaryToStore/Page_Store/select_--Select--BA1170BA2376B'

2018-05-28 12:28:01 - [MESSAGE][PASSED] - All options with index in [1] are selected on object 'Object Repository/DispensaryToStore/Page_Store/select_--Select--BA1170BA2376B'

2018-05-28 12:28:01 - [TEST_STEP][PASSED] - Statement - Try: null

2018-05-28 12:28:01 - [TEST_STEP][PASSED] - Statement - StockQty = com.kms.katalon.core.webui.keyword.WebUiBuiltInKeywords.getAttribute(com.kms.katalon.core.testobject.ObjectRepository.findTestObject(DispensaryToStore/Page_Store/input_txtprice), "value"): Attribute 'value' of object 'Object Repository/DispensaryToStore/Page_Store/input_txtprice' is: '370'

2018-05-28 12:28:01 - [MESSAGE][PASSED] - Attribute 'value' of object 'Object Repository/DispensaryToStore/Page_Store/input_txtprice' is: '370'

2018-05-28 12:28:01 - [TEST_STEP][PASSED] - Statement - out.println("Stock QTY : " + StockQty): null

2018-05-28 12:28:01 - [TEST_STEP][PASSED] - delay: Delayed 2 second(s)

2018-05-28 12:28:03 - [MESSAGE][PASSED] - Delayed 2 second(s)

2018-05-28 12:28:03 - [TEST_STEP][PASSED] - Statement - If (java.lang.String.valueOf(StockQty) >= java.lang.String.valueOf(RequestedQty)): null

2018-05-28 12:28:03 - [TEST_STEP][PASSED] - setText: Text '10' is set on object 'Object Repository/DispensaryToStore/Page_Store/input_txtqty'

2018-05-28 12:28:03 - [MESSAGE][PASSED] - Text '10' is set on object 'Object Repository/DispensaryToStore/Page_Store/input_txtqty'

2018-05-28 12:28:03 - [TEST_STEP][PASSED] - click: Object: 'Object Repository/DispensaryToStore/Page_Store/button_Add' is clicked on

2018-05-28 12:28:03 - [MESSAGE][PASSED] - Object: 'Object Repository/DispensaryToStore/Page_Store/button_Add' is clicked on

2018-05-28 12:28:03 - [TEST_STEP][PASSED] - Statement - Break: null

2018-05-28 12:28:03 - [TEST_STEP][PASSED] - selectOptionByIndex: All options with index in [7] are selected on object 'Object Repository/DispensaryToStore/Page_Store/select_--Select--Adernaline 0.'

2018-05-28 12:28:04 - [MESSAGE][PASSED] - All options with index in [7] are selected on object 'Object Repository/DispensaryToStore/Page_Store/select_--Select--Adernaline 0.'

2018-05-28 12:28:04 - [TEST_STEP][PASSED] - delay: Delayed 2 second(s)

2018-05-28 12:28:06 - [MESSAGE][PASSED] - Delayed 2 second(s)

2018-05-28 12:28:06 - [TEST_STEP][PASSED] - Statement - RequestedQty = com.kms.katalon.core.webui.keyword.WebUiBuiltInKeywords.getAttribute(com.kms.katalon.core.testobject.ObjectRepository.findTestObject(DispensaryToStore/Page_Store/input_txttotal), "value"): Attribute 'value' of object 'Object Repository/DispensaryToStore/Page_Store/input_txttotal' is: '10'

2018-05-28 12:28:06 - [MESSAGE][PASSED] - Attribute 'value' of object 'Object Repository/DispensaryToStore/Page_Store/input_txttotal' is: '10'

2018-05-28 12:28:06 - [TEST_STEP][PASSED] - Statement - out.println("Requested QTY : " + RequestedQty): null

2018-05-28 12:28:06 - [TEST_STEP][PASSED] - Statement - BatchNumber = com.kms.katalon.core.webui.keyword.WebUiBuiltInKeywords.getNumberOfTotalOption(com.kms.katalon.core.testobject.ObjectRepository.findTestObject(DispensaryToStore/Page_Store/select_--Select--BA1170BA2376B)): 4 options of object 'Object Repository/DispensaryToStore/Page_Store/select_--Select--BA1170BA2376B' counted

2018-05-28 12:28:06 - [MESSAGE][PASSED] - 4 options of object 'Object Repository/DispensaryToStore/Page_Store/select_--Select--BA1170BA2376B' counted

2018-05-28 12:28:06 - [TEST_STEP][PASSED] - Statement - For ([g = 1, g <= BatchNumber - 1, (g++)]): null

2018-05-28 12:28:06 - [TEST_STEP][PASSED] - selectOptionByIndex: All options with index in [1] are selected on object 'Object Repository/DispensaryToStore/Page_Store/select_--Select--BA1170BA2376B'

2018-05-28 12:28:06 - [MESSAGE][PASSED] - All options with index in [1] are selected on object 'Object Repository/DispensaryToStore/Page_Store/select_--Select--BA1170BA2376B'

2018-05-28 12:28:06 - [TEST_STEP][PASSED] - Statement - Try: null

2018-05-28 12:28:06 - [TEST_STEP][PASSED] - Statement - StockQty = com.kms.katalon.core.webui.keyword.WebUiBuiltInKeywords.getAttribute(com.kms.katalon.core.testobject.ObjectRepository.findTestObject(DispensaryToStore/Page_Store/input_txtprice), "value"): Attribute 'value' of object 'Object Repository/DispensaryToStore/Page_Store/input_txtprice' is: '70'

2018-05-28 12:28:06 - [MESSAGE][PASSED] - Attribute 'value' of object 'Object Repository/DispensaryToStore/Page_Store/input_txtprice' is: '70'

2018-05-28 12:28:06 - [TEST_STEP][PASSED] - Statement - out.println("Stock QTY : " + StockQty): null

2018-05-28 12:28:06 - [TEST_STEP][PASSED] - delay: Delayed 2 second(s)

2018-05-28 12:28:08 - [MESSAGE][PASSED] - Delayed 2 second(s)

2018-05-28 12:28:08 - [TEST_STEP][PASSED] - Statement - If (java.lang.String.valueOf(StockQty) >= java.lang.String.valueOf(RequestedQty)): null

2018-05-28 12:28:08 - [TEST_STEP][PASSED] - setText: Text '10' is set on object 'Object Repository/DispensaryToStore/Page_Store/input_txtqty'

2018-05-28 12:28:08 - [MESSAGE][PASSED] - Text '10' is set on object 'Object Repository/DispensaryToStore/Page_Store/input_txtqty'

2018-05-28 12:28:08 - [TEST_STEP][PASSED] - click: Object: 'Object Repository/DispensaryToStore/Page_Store/button_Add' is clicked on

2018-05-28 12:28:08 - [MESSAGE][PASSED] - Object: 'Object Repository/DispensaryToStore/Page_Store/button_Add' is clicked on

2018-05-28 12:28:08 - [TEST_STEP][PASSED] - Statement - Break: null

2018-05-28 12:28:08 - [TEST_STEP][PASSED] - selectOptionByIndex: All options with index in [8] are selected on object 'Object Repository/DispensaryToStore/Page_Store/select_--Select--Adernaline 0.'

2018-05-28 12:28:08 - [MESSAGE][PASSED] - All options with index in [8] are selected on object 'Object Repository/DispensaryToStore/Page_Store/select_--Select--Adernaline 0.'

2018-05-28 12:28:08 - [TEST_STEP][PASSED] - delay: Delayed 2 second(s)

2018-05-28 12:28:10 - [MESSAGE][PASSED] - Delayed 2 second(s)

2018-05-28 12:28:10 - [TEST_STEP][PASSED] - Statement - RequestedQty = com.kms.katalon.core.webui.keyword.WebUiBuiltInKeywords.getAttribute(com.kms.katalon.core.testobject.ObjectRepository.findTestObject(DispensaryToStore/Page_Store/input_txttotal), "value"): Attribute 'value' of object 'Object Repository/DispensaryToStore/Page_Store/input_txttotal' is: '10'

2018-05-28 12:28:10 - [MESSAGE][PASSED] - Attribute 'value' of object 'Object Repository/DispensaryToStore/Page_Store/input_txttotal' is: '10'

2018-05-28 12:28:10 - [TEST_STEP][PASSED] - Statement - out.println("Requested QTY : " + RequestedQty): null

2018-05-28 12:28:10 - [TEST_STEP][PASSED] - Statement - BatchNumber = com.kms.katalon.core.webui.keyword.WebUiBuiltInKeywords.getNumberOfTotalOption(com.kms.katalon.core.testobject.ObjectRepository.findTestObject(DispensaryToStore/Page_Store/select_--Select--BA1170BA2376B)): 4 options of object 'Object Repository/DispensaryToStore/Page_Store/select_--Select--BA1170BA2376B' counted

2018-05-28 12:28:10 - [MESSAGE][PASSED] - 4 options of object 'Object Repository/DispensaryToStore/Page_Store/select_--Select--BA1170BA2376B' counted

2018-05-28 12:28:10 - [TEST_STEP][PASSED] - Statement - For ([g = 1, g <= BatchNumber - 1, (g++)]): null

2018-05-28 12:28:10 - [TEST_STEP][PASSED] - selectOptionByIndex: All options with index in [1] are selected on object 'Object Repository/DispensaryToStore/Page_Store/select_--Select--BA1170BA2376B'

2018-05-28 12:28:11 - [MESSAGE][PASSED] - All options with index in [1] are selected on object 'Object Repository/DispensaryToStore/Page_Store/select_--Select--BA1170BA2376B'

2018-05-28 12:28:11 - [TEST_STEP][PASSED] - Statement - Try: null

2018-05-28 12:28:11 - [TEST_STEP][PASSED] - Statement - StockQty = com.kms.katalon.core.webui.keyword.WebUiBuiltInKeywords.getAttribute(com.kms.katalon.core.testobject.ObjectRepository.findTestObject(DispensaryToStore/Page_Store/input_txtprice), "value"): Attribute 'value' of object 'Object Repository/DispensaryToStore/Page_Store/input_txtprice' is: '70'

2018-05-28 12:28:11 - [MESSAGE][PASSED] - Attribute 'value' of object 'Object Repository/DispensaryToStore/Page_Store/input_txtprice' is: '70'

2018-05-28 12:28:11 - [TEST_STEP][PASSED] - Statement - out.println("Stock QTY : " + StockQty): null

2018-05-28 12:28:11 - [TEST_STEP][PASSED] - delay: Delayed 2 second(s)

2018-05-28 12:28:13 - [MESSAGE][PASSED] - Delayed 2 second(s)

2018-05-28 12:28:13 - [TEST_STEP][PASSED] - Statement - If (java.lang.String.valueOf(StockQty) >= java.lang.String.valueOf(RequestedQty)): null

2018-05-28 12:28:13 - [TEST_STEP][PASSED] - setText: Text '10' is set on object 'Object Repository/DispensaryToStore/Page_Store/input_txtqty'

2018-05-28 12:28:13 - [MESSAGE][PASSED] - Text '10' is set on object 'Object Repository/DispensaryToStore/Page_Store/input_txtqty'

2018-05-28 12:28:13 - [TEST_STEP][PASSED] - click: Object: 'Object Repository/DispensaryToStore/Page_Store/button_Add' is clicked on

2018-05-28 12:28:13 - [MESSAGE][PASSED] - Object: 'Object Repository/DispensaryToStore/Page_Store/button_Add' is clicked on

2018-05-28 12:28:13 - [TEST_STEP][PASSED] - Statement - Break: null

2018-05-28 12:28:13 - [TEST_STEP][PASSED] - selectOptionByIndex: All options with index in [9] are selected on object 'Object Repository/DispensaryToStore/Page_Store/select_--Select--Adernaline 0.'

2018-05-28 12:28:13 - [MESSAGE][PASSED] - All options with index in [9] are selected on object 'Object Repository/DispensaryToStore/Page_Store/select_--Select--Adernaline 0.'

2018-05-28 12:28:13 - [TEST_STEP][PASSED] - delay: Delayed 2 second(s)

2018-05-28 12:28:15 - [MESSAGE][PASSED] - Delayed 2 second(s)

2018-05-28 12:28:15 - [TEST_STEP][PASSED] - Statement - RequestedQty = com.kms.katalon.core.webui.keyword.WebUiBuiltInKeywords.getAttribute(com.kms.katalon.core.testobject.ObjectRepository.findTestObject(DispensaryToStore/Page_Store/input_txttotal), "value"): Attribute 'value' of object 'Object Repository/DispensaryToStore/Page_Store/input_txttotal' is: '10'

2018-05-28 12:28:15 - [MESSAGE][PASSED] - Attribute 'value' of object 'Object Repository/DispensaryToStore/Page_Store/input_txttotal' is: '10'

2018-05-28 12:28:15 - [TEST_STEP][PASSED] - Statement - out.println("Requested QTY : " + RequestedQty): null

2018-05-28 12:28:15 - [TEST_STEP][PASSED] - Statement - BatchNumber = com.kms.katalon.core.webui.keyword.WebUiBuiltInKeywords.getNumberOfTotalOption(com.kms.katalon.core.testobject.ObjectRepository.findTestObject(DispensaryToStore/Page_Store/select_--Select--BA1170BA2376B)): 3 options of object 'Object Repository/DispensaryToStore/Page_Store/select_--Select--BA1170BA2376B' counted

2018-05-28 12:28:15 - [MESSAGE][PASSED] - 3 options of object 'Object Repository/DispensaryToStore/Page_Store/select_--Select--BA1170BA2376B' counted

2018-05-28 12:28:15 - [TEST_STEP][PASSED] - Statement - For ([g = 1, g <= BatchNumber - 1, (g++)]): null

2018-05-28 12:28:15 - [TEST_STEP][PASSED] - selectOptionByIndex: All options with index in [1] are selected on object 'Object Repository/DispensaryToStore/Page_Store/select_--Select--BA1170BA2376B'

2018-05-28 12:28:15 - [MESSAGE][PASSED] - All options with index in [1] are selected on object 'Object Repository/DispensaryToStore/Page_Store/select_--Select--BA1170BA2376B'

2018-05-28 12:28:15 - [TEST_STEP][PASSED] - Statement - Try: null

2018-05-28 12:28:15 - [TEST_STEP][PASSED] - Statement - StockQty = com.kms.katalon.core.webui.keyword.WebUiBuiltInKeywords.getAttribute(com.kms.katalon.core.testobject.ObjectRepository.findTestObject(DispensaryToStore/Page_Store/input_txtprice), "value"): Attribute 'value' of object 'Object Repository/DispensaryToStore/Page_Store/input_txtprice' is: '370'

2018-05-28 12:28:15 - [MESSAGE][PASSED] - Attribute 'value' of object 'Object Repository/DispensaryToStore/Page_Store/input_txtprice' is: '370'

2018-05-28 12:28:15 - [TEST_STEP][PASSED] - Statement - out.println("Stock QTY : " + StockQty): null

2018-05-28 12:28:15 - [TEST_STEP][PASSED] - delay: Delayed 2 second(s)

2018-05-28 12:28:17 - [MESSAGE][PASSED] - Delayed 2 second(s)

2018-05-28 12:28:17 - [TEST_STEP][PASSED] - Statement - If (java.lang.String.valueOf(StockQty) >= java.lang.String.valueOf(RequestedQty)): null

2018-05-28 12:28:17 - [TEST_STEP][PASSED] - setText: Text '10' is set on object 'Object Repository/DispensaryToStore/Page_Store/input_txtqty'

2018-05-28 12:28:17 - [MESSAGE][PASSED] - Text '10' is set on object 'Object Repository/DispensaryToStore/Page_Store/input_txtqty'

2018-05-28 12:28:17 - [TEST_STEP][PASSED] - click: Object: 'Object Repository/DispensaryToStore/Page_Store/button_Add' is clicked on

2018-05-28 12:28:17 - [MESSAGE][PASSED] - Object: 'Object Repository/DispensaryToStore/Page_Store/button_Add' is clicked on

2018-05-28 12:28:17 - [TEST_STEP][PASSED] - Statement - Break: null

2018-05-28 12:28:17 - [TEST_STEP][PASSED] - selectOptionByIndex: All options with index in [10] are selected on object 'Object Repository/DispensaryToStore/Page_Store/select_--Select--Adernaline 0.'

2018-05-28 12:28:18 - [MESSAGE][PASSED] - All options with index in [10] are selected on object 'Object Repository/DispensaryToStore/Page_Store/select_--Select--Adernaline 0.'

2018-05-28 12:28:18 - [TEST_STEP][PASSED] - delay: Delayed 2 second(s)

2018-05-28 12:28:20 - [MESSAGE][PASSED] - Delayed 2 second(s)

2018-05-28 12:28:20 - [TEST_STEP][PASSED] - Statement - RequestedQty = com.kms.katalon.core.webui.keyword.WebUiBuiltInKeywords.getAttribute(com.kms.katalon.core.testobject.ObjectRepository.findTestObject(DispensaryToStore/Page_Store/input_txttotal), "value"): Attribute 'value' of object 'Object Repository/DispensaryToStore/Page_Store/input_txttotal' is: '10'

2018-05-28 12:28:20 - [MESSAGE][PASSED] - Attribute 'value' of object 'Object Repository/DispensaryToStore/Page_Store/input_txttotal' is: '10'

2018-05-28 12:28:20 - [TEST_STEP][PASSED] - Statement - out.println("Requested QTY : " + RequestedQty): null

2018-05-28 12:28:20 - [TEST_STEP][PASSED] - Statement - BatchNumber = com.kms.katalon.core.webui.keyword.WebUiBuiltInKeywords.getNumberOfTotalOption(com.kms.katalon.core.testobject.ObjectRepository.findTestObject(DispensaryToStore/Page_Store/select_--Select--BA1170BA2376B)): 4 options of object 'Object Repository/DispensaryToStore/Page_Store/select_--Select--BA1170BA2376B' counted

2018-05-28 12:28:20 - [MESSAGE][PASSED] - 4 options of object 'Object Repository/DispensaryToStore/Page_Store/select_--Select--BA1170BA2376B' counted

2018-05-28 12:28:20 - [TEST_STEP][PASSED] - Statement - For ([g = 1, g <= BatchNumber - 1, (g++)]): null

2018-05-28 12:28:20 - [TEST_STEP][PASSED] - selectOptionByIndex: All options with index in [1] are selected on object 'Object Repository/DispensaryToStore/Page_Store/select_--Select--BA1170BA2376B'

2018-05-28 12:28:20 - [MESSAGE][PASSED] - All options with index in [1] are selected on object 'Object Repository/DispensaryToStore/Page_Store/select_--Select--BA1170BA2376B'

2018-05-28 12:28:20 - [TEST_STEP][PASSED] - Statement - Try: null

2018-05-28 12:28:20 - [TEST_STEP][PASSED] - Statement - StockQty = com.kms.katalon.core.webui.keyword.WebUiBuiltInKeywords.getAttribute(com.kms.katalon.core.testobject.ObjectRepository.findTestObject(DispensaryToStore/Page_Store/input_txtprice), "value"): Attribute 'value' of object 'Object Repository/DispensaryToStore/Page_Store/input_txtprice' is: '370'

2018-05-28 12:28:20 - [MESSAGE][PASSED] - Attribute 'value' of object 'Object Repository/DispensaryToStore/Page_Store/input_txtprice' is: '370'

2018-05-28 12:28:20 - [TEST_STEP][PASSED] - Statement - out.println("Stock QTY : " + StockQty): null

2018-05-28 12:28:20 - [TEST_STEP][PASSED] - delay: Delayed 2 second(s)

2018-05-28 12:28:22 - [MESSAGE][PASSED] - Delayed 2 second(s)

2018-05-28 12:28:22 - [TEST_STEP][PASSED] - Statement - If (java.lang.String.valueOf(StockQty) >= java.lang.String.valueOf(RequestedQty)): null

2018-05-28 12:28:22 - [TEST_STEP][PASSED] - setText: Text '10' is set on object 'Object Repository/DispensaryToStore/Page_Store/input_txtqty'

2018-05-28 12:28:22 - [MESSAGE][PASSED] - Text '10' is set on object 'Object Repository/DispensaryToStore/Page_Store/input_txtqty'

2018-05-28 12:28:22 - [TEST_STEP][PASSED] - click: Object: 'Object Repository/DispensaryToStore/Page_Store/button_Add' is clicked on

2018-05-28 12:28:22 - [MESSAGE][PASSED] - Object: 'Object Repository/DispensaryToStore/Page_Store/button_Add' is clicked on

2018-05-28 12:28:22 - [TEST_STEP][PASSED] - Statement - Break: null

2018-05-28 12:28:22 - [TEST_STEP][PASSED] - selectOptionByIndex: All options with index in [11] are selected on object 'Object Repository/DispensaryToStore/Page_Store/select_--Select--Adernaline 0.'

2018-05-28 12:28:22 - [MESSAGE][PASSED] - All options with index in [11] are selected on object 'Object Repository/DispensaryToStore/Page_Store/select_--Select--Adernaline 0.'

2018-05-28 12:28:22 - [TEST_STEP][PASSED] - delay: Delayed 2 second(s)

2018-05-28 12:28:24 - [MESSAGE][PASSED] - Delayed 2 second(s)

2018-05-28 12:28:24 - [TEST_STEP][PASSED] - Statement - RequestedQty = com.kms.katalon.core.webui.keyword.WebUiBuiltInKeywords.getAttribute(com.kms.katalon.core.testobject.ObjectRepository.findTestObject(DispensaryToStore/Page_Store/input_txttotal), "value"): Attribute 'value' of object 'Object Repository/DispensaryToStore/Page_Store/input_txttotal' is: '10'

2018-05-28 12:28:24 - [MESSAGE][PASSED] - Attribute 'value' of object 'Object Repository/DispensaryToStore/Page_Store/input_txttotal' is: '10'

2018-05-28 12:28:24 - [TEST_STEP][PASSED] - Statement - out.println("Requested QTY : " + RequestedQty): null

2018-05-28 12:28:24 - [TEST_STEP][PASSED] - Statement - BatchNumber = com.kms.katalon.core.webui.keyword.WebUiBuiltInKeywords.getNumberOfTotalOption(com.kms.katalon.core.testobject.ObjectRepository.findTestObject(DispensaryToStore/Page_Store/select_--Select--BA1170BA2376B)): 2 options of object 'Object Repository/DispensaryToStore/Page_Store/select_--Select--BA1170BA2376B' counted

2018-05-28 12:28:24 - [MESSAGE][PASSED] - 2 options of object 'Object Repository/DispensaryToStore/Page_Store/select_--Select--BA1170BA2376B' counted

2018-05-28 12:28:24 - [TEST_STEP][PASSED] - Statement - For ([g = 1, g <= BatchNumber - 1, (g++)]): null

2018-05-28 12:28:24 - [TEST_STEP][PASSED] - selectOptionByIndex: All options with index in [1] are selected on object 'Object Repository/DispensaryToStore/Page_Store/select_--Select--BA1170BA2376B'

2018-05-28 12:28:24 - [MESSAGE][PASSED] - All options with index in [1] are selected on object 'Object Repository/DispensaryToStore/Page_Store/select_--Select--BA1170BA2376B'

2018-05-28 12:28:24 - [TEST_STEP][PASSED] - Statement - Try: null

2018-05-28 12:28:24 - [TEST_STEP][PASSED] - Statement - StockQty = com.kms.katalon.core.webui.keyword.WebUiBuiltInKeywords.getAttribute(com.kms.katalon.core.testobject.ObjectRepository.findTestObject(DispensaryToStore/Page_Store/input_txtprice), "value"): Attribute 'value' of object 'Object Repository/DispensaryToStore/Page_Store/input_txtprice' is: '1530'

2018-05-28 12:28:25 - [MESSAGE][PASSED] - Attribute 'value' of object 'Object Repository/DispensaryToStore/Page_Store/input_txtprice' is: '1530'

2018-05-28 12:28:25 - [TEST_STEP][PASSED] - Statement - out.println("Stock QTY : " + StockQty): null

2018-05-28 12:28:25 - [TEST_STEP][PASSED] - delay: Delayed 2 second(s)

2018-05-28 12:28:27 - [MESSAGE][PASSED] - Delayed 2 second(s)

2018-05-28 12:28:27 - [TEST_STEP][PASSED] - Statement - If (java.lang.String.valueOf(StockQty) >= java.lang.String.valueOf(RequestedQty)): null

2018-05-28 12:28:27 - [TEST_STEP][PASSED] - setText: Text '10' is set on object 'Object Repository/DispensaryToStore/Page_Store/input_txtqty'

2018-05-28 12:28:27 - [MESSAGE][PASSED] - Text '10' is set on object 'Object Repository/DispensaryToStore/Page_Store/input_txtqty'

2018-05-28 12:28:27 - [TEST_STEP][PASSED] - click: Object: 'Object Repository/DispensaryToStore/Page_Store/button_Add' is clicked on

2018-05-28 12:28:27 - [MESSAGE][PASSED] - Object: 'Object Repository/DispensaryToStore/Page_Store/button_Add' is clicked on

2018-05-28 12:28:27 - [TEST_STEP][PASSED] - Statement - Break: null

2018-05-28 12:28:27 - [TEST_STEP][PASSED] - selectOptionByIndex: All options with index in [12] are selected on object 'Object Repository/DispensaryToStore/Page_Store/select_--Select--Adernaline 0.'

2018-05-28 12:28:27 - [MESSAGE][PASSED] - All options with index in [12] are selected on object 'Object Repository/DispensaryToStore/Page_Store/select_--Select--Adernaline 0.'

2018-05-28 12:28:27 - [TEST_STEP][PASSED] - delay: Delayed 2 second(s)

2018-05-28 12:28:29 - [MESSAGE][PASSED] - Delayed 2 second(s)

2018-05-28 12:28:29 - [TEST_STEP][PASSED] - Statement - RequestedQty = com.kms.katalon.core.webui.keyword.WebUiBuiltInKeywords.getAttribute(com.kms.katalon.core.testobject.ObjectRepository.findTestObject(DispensaryToStore/Page_Store/input_txttotal), "value"): Attribute 'value' of object 'Object Repository/DispensaryToStore/Page_Store/input_txttotal' is: '10'

2018-05-28 12:28:29 - [MESSAGE][PASSED] - Attribute 'value' of object 'Object Repository/DispensaryToStore/Page_Store/input_txttotal' is: '10'

2018-05-28 12:28:29 - [TEST_STEP][PASSED] - Statement - out.println("Requested QTY : " + RequestedQty): null

2018-05-28 12:28:29 - [TEST_STEP][PASSED] - Statement - BatchNumber = com.kms.katalon.core.webui.keyword.WebUiBuiltInKeywords.getNumberOfTotalOption(com.kms.katalon.core.testobject.ObjectRepository.findTestObject(DispensaryToStore/Page_Store/select_--Select--BA1170BA2376B)): 3 options of object 'Object Repository/DispensaryToStore/Page_Store/select_--Select--BA1170BA2376B' counted

2018-05-28 12:28:29 - [MESSAGE][PASSED] - 3 options of object 'Object Repository/DispensaryToStore/Page_Store/select_--Select--BA1170BA2376B' counted

2018-05-28 12:28:29 - [TEST_STEP][PASSED] - Statement - For ([g = 1, g <= BatchNumber - 1, (g++)]): null

2018-05-28 12:28:29 - [TEST_STEP][PASSED] - selectOptionByIndex: All options with index in [1] are selected on object 'Object Repository/DispensaryToStore/Page_Store/select_--Select--BA1170BA2376B'

2018-05-28 12:28:29 - [MESSAGE][PASSED] - All options with index in [1] are selected on object 'Object Repository/DispensaryToStore/Page_Store/select_--Select--BA1170BA2376B'

2018-05-28 12:28:29 - [TEST_STEP][PASSED] - Statement - Try: null

2018-05-28 12:28:29 - [TEST_STEP][PASSED] - Statement - StockQty = com.kms.katalon.core.webui.keyword.WebUiBuiltInKeywords.getAttribute(com.kms.katalon.core.testobject.ObjectRepository.findTestObject(DispensaryToStore/Page_Store/input_txtprice), "value"): Attribute 'value' of object 'Object Repository/DispensaryToStore/Page_Store/input_txtprice' is: '1330'

2018-05-28 12:28:29 - [MESSAGE][PASSED] - Attribute 'value' of object 'Object Repository/DispensaryToStore/Page_Store/input_txtprice' is: '1330'

2018-05-28 12:28:29 - [TEST_STEP][PASSED] - Statement - out.println("Stock QTY : " + StockQty): null

2018-05-28 12:28:29 - [TEST_STEP][PASSED] - delay: Delayed 2 second(s)

2018-05-28 12:28:31 - [MESSAGE][PASSED] - Delayed 2 second(s)

2018-05-28 12:28:31 - [TEST_STEP][PASSED] - Statement - If (java.lang.String.valueOf(StockQty) >= java.lang.String.valueOf(RequestedQty)): null

2018-05-28 12:28:31 - [TEST_STEP][PASSED] - setText: Text '10' is set on object 'Object Repository/DispensaryToStore/Page_Store/input_txtqty'

2018-05-28 12:28:31 - [MESSAGE][PASSED] - Text '10' is set on object 'Object Repository/DispensaryToStore/Page_Store/input_txtqty'

2018-05-28 12:28:31 - [TEST_STEP][PASSED] - click: Object: 'Object Repository/DispensaryToStore/Page_Store/button_Add' is clicked on

2018-05-28 12:28:31 - [MESSAGE][PASSED] - Object: 'Object Repository/DispensaryToStore/Page_Store/button_Add' is clicked on

2018-05-28 12:28:31 - [TEST_STEP][PASSED] - Statement - Break: null

2018-05-28 12:28:31 - [TEST_STEP][PASSED] - selectOptionByIndex: All options with index in [13] are selected on object 'Object Repository/DispensaryToStore/Page_Store/select_--Select--Adernaline 0.'

2018-05-28 12:28:32 - [MESSAGE][PASSED] - All options with index in [13] are selected on object 'Object Repository/DispensaryToStore/Page_Store/select_--Select--Adernaline 0.'

2018-05-28 12:28:32 - [TEST_STEP][PASSED] - delay: Delayed 2 second(s)

2018-05-28 12:28:34 - [MESSAGE][PASSED] - Delayed 2 second(s)

2018-05-28 12:28:34 - [TEST_STEP][PASSED] - Statement - RequestedQty = com.kms.katalon.core.webui.keyword.WebUiBuiltInKeywords.getAttribute(com.kms.katalon.core.testobject.ObjectRepository.findTestObject(DispensaryToStore/Page_Store/input_txttotal), "value"): Attribute 'value' of object 'Object Repository/DispensaryToStore/Page_Store/input_txttotal' is: '10'

2018-05-28 12:28:34 - [MESSAGE][PASSED] - Attribute 'value' of object 'Object Repository/DispensaryToStore/Page_Store/input_txttotal' is: '10'

2018-05-28 12:28:34 - [TEST_STEP][PASSED] - Statement - out.println("Requested QTY : " + RequestedQty): null

2018-05-28 12:28:34 - [TEST_STEP][PASSED] - Statement - BatchNumber = com.kms.katalon.core.webui.keyword.WebUiBuiltInKeywords.getNumberOfTotalOption(com.kms.katalon.core.testobject.ObjectRepository.findTestObject(DispensaryToStore/Page_Store/select_--Select--BA1170BA2376B)): 3 options of object 'Object Repository/DispensaryToStore/Page_Store/select_--Select--BA1170BA2376B' counted

2018-05-28 12:28:34 - [MESSAGE][PASSED] - 3 options of object 'Object Repository/DispensaryToStore/Page_Store/select_--Select--BA1170BA2376B' counted

2018-05-28 12:28:34 - [TEST_STEP][PASSED] - Statement - For ([g = 1, g <= BatchNumber - 1, (g++)]): null

2018-05-28 12:28:34 - [TEST_STEP][PASSED] - selectOptionByIndex: All options with index in [1] are selected on object 'Object Repository/DispensaryToStore/Page_Store/select_--Select--BA1170BA2376B'

2018-05-28 12:28:34 - [MESSAGE][PASSED] - All options with index in [1] are selected on object 'Object Repository/DispensaryToStore/Page_Store/select_--Select--BA1170BA2376B'

2018-05-28 12:28:34 - [TEST_STEP][PASSED] - Statement - Try: null

2018-05-28 12:28:34 - [TEST_STEP][PASSED] - Statement - StockQty = com.kms.katalon.core.webui.keyword.WebUiBuiltInKeywords.getAttribute(com.kms.katalon.core.testobject.ObjectRepository.findTestObject(DispensaryToStore/Page_Store/input_txtprice), "value"): Attribute 'value' of object 'Object Repository/DispensaryToStore/Page_Store/input_txtprice' is: '370'

2018-05-28 12:28:34 - [MESSAGE][PASSED] - Attribute 'value' of object 'Object Repository/DispensaryToStore/Page_Store/input_txtprice' is: '370'

2018-05-28 12:28:34 - [TEST_STEP][PASSED] - Statement - out.println("Stock QTY : " + StockQty): null

2018-05-28 12:28:34 - [TEST_STEP][PASSED] - delay: Delayed 2 second(s)

2018-05-28 12:28:36 - [MESSAGE][PASSED] - Delayed 2 second(s)

2018-05-28 12:28:36 - [TEST_STEP][PASSED] - Statement - If (java.lang.String.valueOf(StockQty) >= java.lang.String.valueOf(RequestedQty)): null

2018-05-28 12:28:36 - [TEST_STEP][PASSED] - setText: Text '10' is set on object 'Object Repository/DispensaryToStore/Page_Store/input_txtqty'

2018-05-28 12:28:36 - [MESSAGE][PASSED] - Text '10' is set on object 'Object Repository/DispensaryToStore/Page_Store/input_txtqty'

2018-05-28 12:28:36 - [TEST_STEP][PASSED] - click: Object: 'Object Repository/DispensaryToStore/Page_Store/button_Add' is clicked on

2018-05-28 12:28:36 - [MESSAGE][PASSED] - Object: 'Object Repository/DispensaryToStore/Page_Store/button_Add' is clicked on

2018-05-28 12:28:36 - [TEST_STEP][PASSED] - Statement - Break: null

2018-05-28 12:28:36 - [TEST_STEP][PASSED] - selectOptionByIndex: All options with index in [14] are selected on object 'Object Repository/DispensaryToStore/Page_Store/select_--Select--Adernaline 0.'

2018-05-28 12:28:36 - [MESSAGE][PASSED] - All options with index in [14] are selected on object 'Object Repository/DispensaryToStore/Page_Store/select_--Select--Adernaline 0.'

2018-05-28 12:28:36 - [TEST_STEP][PASSED] - delay: Delayed 2 second(s)

2018-05-28 12:28:38 - [MESSAGE][PASSED] - Delayed 2 second(s)

2018-05-28 12:28:38 - [TEST_STEP][PASSED] - Statement - RequestedQty = com.kms.katalon.core.webui.keyword.WebUiBuiltInKeywords.getAttribute(com.kms.katalon.core.testobject.ObjectRepository.findTestObject(DispensaryToStore/Page_Store/input_txttotal), "value"): Attribute 'value' of object 'Object Repository/DispensaryToStore/Page_Store/input_txttotal' is: '10'

2018-05-28 12:28:38 - [MESSAGE][PASSED] - Attribute 'value' of object 'Object Repository/DispensaryToStore/Page_Store/input_txttotal' is: '10'

2018-05-28 12:28:38 - [TEST_STEP][PASSED] - Statement - out.println("Requested QTY : " + RequestedQty): null

2018-05-28 12:28:38 - [TEST_STEP][PASSED] - Statement - BatchNumber = com.kms.katalon.core.webui.keyword.WebUiBuiltInKeywords.getNumberOfTotalOption(com.kms.katalon.core.testobject.ObjectRepository.findTestObject(DispensaryToStore/Page_Store/select_--Select--BA1170BA2376B)): 3 options of object 'Object Repository/DispensaryToStore/Page_Store/select_--Select--BA1170BA2376B' counted

2018-05-28 12:28:39 - [MESSAGE][PASSED] - 3 options of object 'Object Repository/DispensaryToStore/Page_Store/select_--Select--BA1170BA2376B' counted

2018-05-28 12:28:39 - [TEST_STEP][PASSED] - Statement - For ([g = 1, g <= BatchNumber - 1, (g++)]): null

2018-05-28 12:28:39 - [TEST_STEP][PASSED] - selectOptionByIndex: All options with index in [1] are selected on object 'Object Repository/DispensaryToStore/Page_Store/select_--Select--BA1170BA2376B'

2018-05-28 12:28:39 - [MESSAGE][PASSED] - All options with index in [1] are selected on object 'Object Repository/DispensaryToStore/Page_Store/select_--Select--BA1170BA2376B'

2018-05-28 12:28:39 - [TEST_STEP][PASSED] - Statement - Try: null

2018-05-28 12:28:39 - [TEST_STEP][PASSED] - Statement - StockQty = com.kms.katalon.core.webui.keyword.WebUiBuiltInKeywords.getAttribute(com.kms.katalon.core.testobject.ObjectRepository.findTestObject(DispensaryToStore/Page_Store/input_txtprice), "value"): Attribute 'value' of object 'Object Repository/DispensaryToStore/Page_Store/input_txtprice' is: '70'

2018-05-28 12:28:39 - [MESSAGE][PASSED] - Attribute 'value' of object 'Object Repository/DispensaryToStore/Page_Store/input_txtprice' is: '70'

2018-05-28 12:28:39 - [TEST_STEP][PASSED] - Statement - out.println("Stock QTY : " + StockQty): null

2018-05-28 12:28:39 - [TEST_STEP][PASSED] - delay: Delayed 2 second(s)

2018-05-28 12:28:41 - [MESSAGE][PASSED] - Delayed 2 second(s)

2018-05-28 12:28:41 - [TEST_STEP][PASSED] - Statement - If (java.lang.String.valueOf(StockQty) >= java.lang.String.valueOf(RequestedQty)): null

2018-05-28 12:28:41 - [TEST_STEP][PASSED] - setText: Text '10' is set on object 'Object Repository/DispensaryToStore/Page_Store/input_txtqty'

2018-05-28 12:28:41 - [MESSAGE][PASSED] - Text '10' is set on object 'Object Repository/DispensaryToStore/Page_Store/input_txtqty'

2018-05-28 12:28:41 - [TEST_STEP][PASSED] - click: Object: 'Object Repository/DispensaryToStore/Page_Store/button_Add' is clicked on

2018-05-28 12:28:41 - [MESSAGE][PASSED] - Object: 'Object Repository/DispensaryToStore/Page_Store/button_Add' is clicked on

2018-05-28 12:28:41 - [TEST_STEP][PASSED] - Statement - Break: null

2018-05-28 12:28:41 - [TEST_STEP][PASSED] - selectOptionByIndex: All options with index in [15] are selected on object 'Object Repository/DispensaryToStore/Page_Store/select_--Select--Adernaline 0.'

2018-05-28 12:28:41 - [MESSAGE][PASSED] - All options with index in [15] are selected on object 'Object Repository/DispensaryToStore/Page_Store/select_--Select--Adernaline 0.'

2018-05-28 12:28:41 - [TEST_STEP][PASSED] - delay: Delayed 2 second(s)

2018-05-28 12:28:43 - [MESSAGE][PASSED] - Delayed 2 second(s)

2018-05-28 12:28:43 - [TEST_STEP][PASSED] - Statement - RequestedQty = com.kms.katalon.core.webui.keyword.WebUiBuiltInKeywords.getAttribute(com.kms.katalon.core.testobject.ObjectRepository.findTestObject(DispensaryToStore/Page_Store/input_txttotal), "value"): Attribute 'value' of object 'Object Repository/DispensaryToStore/Page_Store/input_txttotal' is: '10'

2018-05-28 12:28:43 - [MESSAGE][PASSED] - Attribute 'value' of object 'Object Repository/DispensaryToStore/Page_Store/input_txttotal' is: '10'

2018-05-28 12:28:43 - [TEST_STEP][PASSED] - Statement - out.println("Requested QTY : " + RequestedQty): null

2018-05-28 12:28:43 - [TEST_STEP][PASSED] - Statement - BatchNumber = com.kms.katalon.core.webui.keyword.WebUiBuiltInKeywords.getNumberOfTotalOption(com.kms.katalon.core.testobject.ObjectRepository.findTestObject(DispensaryToStore/Page_Store/select_--Select--BA1170BA2376B)): 2 options of object 'Object Repository/DispensaryToStore/Page_Store/select_--Select--BA1170BA2376B' counted

2018-05-28 12:28:43 - [MESSAGE][PASSED] - 2 options of object 'Object Repository/DispensaryToStore/Page_Store/select_--Select--BA1170BA2376B' counted

2018-05-28 12:28:43 - [TEST_STEP][PASSED] - Statement - For ([g = 1, g <= BatchNumber - 1, (g++)]): null

2018-05-28 12:28:43 - [TEST_STEP][PASSED] - selectOptionByIndex: All options with index in [1] are selected on object 'Object Repository/DispensaryToStore/Page_Store/select_--Select--BA1170BA2376B'

2018-05-28 12:28:43 - [MESSAGE][PASSED] - All options with index in [1] are selected on object 'Object Repository/DispensaryToStore/Page_Store/select_--Select--BA1170BA2376B'

2018-05-28 12:28:43 - [TEST_STEP][PASSED] - Statement - Try: null

2018-05-28 12:28:43 - [TEST_STEP][PASSED] - Statement - StockQty = com.kms.katalon.core.webui.keyword.WebUiBuiltInKeywords.getAttribute(com.kms.katalon.core.testobject.ObjectRepository.findTestObject(DispensaryToStore/Page_Store/input_txtprice), "value"): Attribute 'value' of object 'Object Repository/DispensaryToStore/Page_Store/input_txtprice' is: '1510'

2018-05-28 12:28:43 - [MESSAGE][PASSED] - Attribute 'value' of object 'Object Repository/DispensaryToStore/Page_Store/input_txtprice' is: '1510'

2018-05-28 12:28:43 - [TEST_STEP][PASSED] - Statement - out.println("Stock QTY : " + StockQty): null

2018-05-28 12:28:43 - [TEST_STEP][PASSED] - delay: Delayed 2 second(s)

2018-05-28 12:28:45 - [MESSAGE][PASSED] - Delayed 2 second(s)

2018-05-28 12:28:45 - [TEST_STEP][PASSED] - Statement - If (java.lang.String.valueOf(StockQty) >= java.lang.String.valueOf(RequestedQty)): null

2018-05-28 12:28:45 - [TEST_STEP][PASSED] - setText: Text '10' is set on object 'Object Repository/DispensaryToStore/Page_Store/input_txtqty'

2018-05-28 12:28:46 - [MESSAGE][PASSED] - Text '10' is set on object 'Object Repository/DispensaryToStore/Page_Store/input_txtqty'

2018-05-28 12:28:46 - [TEST_STEP][PASSED] - click: Object: 'Object Repository/DispensaryToStore/Page_Store/button_Add' is clicked on

2018-05-28 12:28:46 - [MESSAGE][PASSED] - Object: 'Object Repository/DispensaryToStore/Page_Store/button_Add' is clicked on

2018-05-28 12:28:46 - [TEST_STEP][PASSED] - Statement - Break: null

2018-05-28 12:28:46 - [TEST_STEP][PASSED] - selectOptionByIndex: All options with index in [16] are selected on object 'Object Repository/DispensaryToStore/Page_Store/select_--Select--Adernaline 0.'

2018-05-28 12:28:46 - [MESSAGE][PASSED] - All options with index in [16] are selected on object 'Object Repository/DispensaryToStore/Page_Store/select_--Select--Adernaline 0.'

2018-05-28 12:28:46 - [TEST_STEP][PASSED] - delay: Delayed 2 second(s)

2018-05-28 12:28:48 - [MESSAGE][PASSED] - Delayed 2 second(s)

2018-05-28 12:28:48 - [TEST_STEP][PASSED] - Statement - RequestedQty = com.kms.katalon.core.webui.keyword.WebUiBuiltInKeywords.getAttribute(com.kms.katalon.core.testobject.ObjectRepository.findTestObject(DispensaryToStore/Page_Store/input_txttotal), "value"): Attribute 'value' of object 'Object Repository/DispensaryToStore/Page_Store/input_txttotal' is: '10'

2018-05-28 12:28:48 - [MESSAGE][PASSED] - Attribute 'value' of object 'Object Repository/DispensaryToStore/Page_Store/input_txttotal' is: '10'

2018-05-28 12:28:48 - [TEST_STEP][PASSED] - Statement - out.println("Requested QTY : " + RequestedQty): null

2018-05-28 12:28:48 - [TEST_STEP][PASSED] - Statement - BatchNumber = com.kms.katalon.core.webui.keyword.WebUiBuiltInKeywords.getNumberOfTotalOption(com.kms.katalon.core.testobject.ObjectRepository.findTestObject(DispensaryToStore/Page_Store/select_--Select--BA1170BA2376B)): 2 options of object 'Object Repository/DispensaryToStore/Page_Store/select_--Select--BA1170BA2376B' counted

2018-05-28 12:28:48 - [MESSAGE][PASSED] - 2 options of object 'Object Repository/DispensaryToStore/Page_Store/select_--Select--BA1170BA2376B' counted

2018-05-28 12:28:48 - [TEST_STEP][PASSED] - Statement - For ([g = 1, g <= BatchNumber - 1, (g++)]): null

2018-05-28 12:28:48 - [TEST_STEP][PASSED] - selectOptionByIndex: All options with index in [1] are selected on object 'Object Repository/DispensaryToStore/Page_Store/select_--Select--BA1170BA2376B'

2018-05-28 12:28:48 - [MESSAGE][PASSED] - All options with index in [1] are selected on object 'Object Repository/DispensaryToStore/Page_Store/select_--Select--BA1170BA2376B'

2018-05-28 12:28:48 - [TEST_STEP][PASSED] - Statement - Try: null

2018-05-28 12:28:48 - [TEST_STEP][PASSED] - Statement - StockQty = com.kms.katalon.core.webui.keyword.WebUiBuiltInKeywords.getAttribute(com.kms.katalon.core.testobject.ObjectRepository.findTestObject(DispensaryToStore/Page_Store/input_txtprice), "value"): Attribute 'value' of object 'Object Repository/DispensaryToStore/Page_Store/input_txtprice' is: '1530'

2018-05-28 12:28:48 - [MESSAGE][PASSED] - Attribute 'value' of object 'Object Repository/DispensaryToStore/Page_Store/input_txtprice' is: '1530'

2018-05-28 12:28:48 - [TEST_STEP][PASSED] - Statement - out.println("Stock QTY : " + StockQty): null

2018-05-28 12:28:48 - [TEST_STEP][PASSED] - delay: Delayed 2 second(s)

2018-05-28 12:28:50 - [MESSAGE][PASSED] - Delayed 2 second(s)

2018-05-28 12:28:50 - [TEST_STEP][PASSED] - Statement - If (java.lang.String.valueOf(StockQty) >= java.lang.String.valueOf(RequestedQty)): null

2018-05-28 12:28:50 - [TEST_STEP][PASSED] - setText: Text '10' is set on object 'Object Repository/DispensaryToStore/Page_Store/input_txtqty'

2018-05-28 12:28:50 - [MESSAGE][PASSED] - Text '10' is set on object 'Object Repository/DispensaryToStore/Page_Store/input_txtqty'

2018-05-28 12:28:50 - [TEST_STEP][PASSED] - click: Object: 'Object Repository/DispensaryToStore/Page_Store/button_Add' is clicked on

2018-05-28 12:28:50 - [MESSAGE][PASSED] - Object: 'Object Repository/DispensaryToStore/Page_Store/button_Add' is clicked on

2018-05-28 12:28:50 - [TEST_STEP][PASSED] - Statement - Break: null

2018-05-28 12:28:50 - [TEST_STEP][PASSED] - selectOptionByIndex: All options with index in [17] are selected on object 'Object Repository/DispensaryToStore/Page_Store/select_--Select--Adernaline 0.'

2018-05-28 12:28:51 - [MESSAGE][PASSED] - All options with index in [17] are selected on object 'Object Repository/DispensaryToStore/Page_Store/select_--Select--Adernaline 0.'

2018-05-28 12:28:51 - [TEST_STEP][PASSED] - delay: Delayed 2 second(s)

2018-05-28 12:28:53 - [MESSAGE][PASSED] - Delayed 2 second(s)

2018-05-28 12:28:53 - [TEST_STEP][PASSED] - Statement - RequestedQty = com.kms.katalon.core.webui.keyword.WebUiBuiltInKeywords.getAttribute(com.kms.katalon.core.testobject.ObjectRepository.findTestObject(DispensaryToStore/Page_Store/input_txttotal), "value"): Attribute 'value' of object 'Object Repository/DispensaryToStore/Page_Store/input_txttotal' is: '10'

2018-05-28 12:28:53 - [MESSAGE][PASSED] - Attribute 'value' of object 'Object Repository/DispensaryToStore/Page_Store/input_txttotal' is: '10'

2018-05-28 12:28:53 - [TEST_STEP][PASSED] - Statement - out.println("Requested QTY : " + RequestedQty): null

2018-05-28 12:28:53 - [TEST_STEP][PASSED] - Statement - BatchNumber = com.kms.katalon.core.webui.keyword.WebUiBuiltInKeywords.getNumberOfTotalOption(com.kms.katalon.core.testobject.ObjectRepository.findTestObject(DispensaryToStore/Page_Store/select_--Select--BA1170BA2376B)): 3 options of object 'Object Repository/DispensaryToStore/Page_Store/select_--Select--BA1170BA2376B' counted

2018-05-28 12:28:53 - [MESSAGE][PASSED] - 3 options of object 'Object Repository/DispensaryToStore/Page_Store/select_--Select--BA1170BA2376B' counted

2018-05-28 12:28:53 - [TEST_STEP][PASSED] - Statement - For ([g = 1, g <= BatchNumber - 1, (g++)]): null

2018-05-28 12:28:53 - [TEST_STEP][PASSED] - selectOptionByIndex: All options with index in [1] are selected on object 'Object Repository/DispensaryToStore/Page_Store/select_--Select--BA1170BA2376B'

2018-05-28 12:28:53 - [MESSAGE][PASSED] - All options with index in [1] are selected on object 'Object Repository/DispensaryToStore/Page_Store/select_--Select--BA1170BA2376B'

2018-05-28 12:28:53 - [TEST_STEP][PASSED] - Statement - Try: null

2018-05-28 12:28:53 - [TEST_STEP][PASSED] - Statement - StockQty = com.kms.katalon.core.webui.keyword.WebUiBuiltInKeywords.getAttribute(com.kms.katalon.core.testobject.ObjectRepository.findTestObject(DispensaryToStore/Page_Store/input_txtprice), "value"): Attribute 'value' of object 'Object Repository/DispensaryToStore/Page_Store/input_txtprice' is: '1330'

2018-05-28 12:28:53 - [MESSAGE][PASSED] - Attribute 'value' of object 'Object Repository/DispensaryToStore/Page_Store/input_txtprice' is: '1330'

2018-05-28 12:28:53 - [TEST_STEP][PASSED] - Statement - out.println("Stock QTY : " + StockQty): null

2018-05-28 12:28:53 - [TEST_STEP][PASSED] - delay: Delayed 2 second(s)

2018-05-28 12:28:55 - [MESSAGE][PASSED] - Delayed 2 second(s)

2018-05-28 12:28:55 - [TEST_STEP][PASSED] - Statement - If (java.lang.String.valueOf(StockQty) >= java.lang.String.valueOf(RequestedQty)): null

2018-05-28 12:28:55 - [TEST_STEP][PASSED] - setText: Text '10' is set on object 'Object Repository/DispensaryToStore/Page_Store/input_txtqty'

2018-05-28 12:28:55 - [MESSAGE][PASSED] - Text '10' is set on object 'Object Repository/DispensaryToStore/Page_Store/input_txtqty'

2018-05-28 12:28:55 - [TEST_STEP][PASSED] - click: Object: 'Object Repository/DispensaryToStore/Page_Store/button_Add' is clicked on

2018-05-28 12:28:55 - [MESSAGE][PASSED] - Object: 'Object Repository/DispensaryToStore/Page_Store/button_Add' is clicked on

2018-05-28 12:28:55 - [TEST_STEP][PASSED] - Statement - Break: null

2018-05-28 12:28:55 - [TEST_STEP][PASSED] - selectOptionByIndex: All options with index in [18] are selected on object 'Object Repository/DispensaryToStore/Page_Store/select_--Select--Adernaline 0.'

2018-05-28 12:28:55 - [MESSAGE][PASSED] - All options with index in [18] are selected on object 'Object Repository/DispensaryToStore/Page_Store/select_--Select--Adernaline 0.'

2018-05-28 12:28:55 - [TEST_STEP][PASSED] - delay: Delayed 2 second(s)

2018-05-28 12:28:57 - [MESSAGE][PASSED] - Delayed 2 second(s)

2018-05-28 12:28:57 - [TEST_STEP][PASSED] - Statement - RequestedQty = com.kms.katalon.core.webui.keyword.WebUiBuiltInKeywords.getAttribute(com.kms.katalon.core.testobject.ObjectRepository.findTestObject(DispensaryToStore/Page_Store/input_txttotal), "value"): Attribute 'value' of object 'Object Repository/DispensaryToStore/Page_Store/input_txttotal' is: '10'

2018-05-28 12:28:57 - [MESSAGE][PASSED] - Attribute 'value' of object 'Object Repository/DispensaryToStore/Page_Store/input_txttotal' is: '10'

2018-05-28 12:28:57 - [TEST_STEP][PASSED] - Statement - out.println("Requested QTY : " + RequestedQty): null

2018-05-28 12:28:57 - [TEST_STEP][PASSED] - Statement - BatchNumber = com.kms.katalon.core.webui.keyword.WebUiBuiltInKeywords.getNumberOfTotalOption(com.kms.katalon.core.testobject.ObjectRepository.findTestObject(DispensaryToStore/Page_Store/select_--Select--BA1170BA2376B)): 3 options of object 'Object Repository/DispensaryToStore/Page_Store/select_--Select--BA1170BA2376B' counted

2018-05-28 12:28:57 - [MESSAGE][PASSED] - 3 options of object 'Object Repository/DispensaryToStore/Page_Store/select_--Select--BA1170BA2376B' counted

2018-05-28 12:28:57 - [TEST_STEP][PASSED] - Statement - For ([g = 1, g <= BatchNumber - 1, (g++)]): null

2018-05-28 12:28:57 - [TEST_STEP][PASSED] - selectOptionByIndex: All options with index in [1] are selected on object 'Object Repository/DispensaryToStore/Page_Store/select_--Select--BA1170BA2376B'

2018-05-28 12:28:58 - [MESSAGE][PASSED] - All options with index in [1] are selected on object 'Object Repository/DispensaryToStore/Page_Store/select_--Select--BA1170BA2376B'

2018-05-28 12:28:58 - [TEST_STEP][PASSED] - Statement - Try: null

2018-05-28 12:28:58 - [TEST_STEP][PASSED] - Statement - StockQty = com.kms.katalon.core.webui.keyword.WebUiBuiltInKeywords.getAttribute(com.kms.katalon.core.testobject.ObjectRepository.findTestObject(DispensaryToStore/Page_Store/input_txtprice), "value"): Attribute 'value' of object 'Object Repository/DispensaryToStore/Page_Store/input_txtprice' is: '1314'

2018-05-28 12:28:58 - [MESSAGE][PASSED] - Attribute 'value' of object 'Object Repository/DispensaryToStore/Page_Store/input_txtprice' is: '1314'

2018-05-28 12:28:58 - [TEST_STEP][PASSED] - Statement - out.println("Stock QTY : " + StockQty): null

2018-05-28 12:28:58 - [TEST_STEP][PASSED] - delay: Delayed 2 second(s)

2018-05-28 12:29:00 - [MESSAGE][PASSED] - Delayed 2 second(s)

2018-05-28 12:29:00 - [TEST_STEP][PASSED] - Statement - If (java.lang.String.valueOf(StockQty) >= java.lang.String.valueOf(RequestedQty)): null

2018-05-28 12:29:00 - [TEST_STEP][PASSED] - setText: Text '10' is set on object 'Object Repository/DispensaryToStore/Page_Store/input_txtqty'

2018-05-28 12:29:00 - [MESSAGE][PASSED] - Text '10' is set on object 'Object Repository/DispensaryToStore/Page_Store/input_txtqty'

2018-05-28 12:29:00 - [TEST_STEP][PASSED] - click: Object: 'Object Repository/DispensaryToStore/Page_Store/button_Add' is clicked on

2018-05-28 12:29:00 - [MESSAGE][PASSED] - Object: 'Object Repository/DispensaryToStore/Page_Store/button_Add' is clicked on

2018-05-28 12:29:00 - [TEST_STEP][PASSED] - Statement - Break: null

2018-05-28 12:29:00 - [TEST_STEP][PASSED] - selectOptionByIndex: All options with index in [19] are selected on object 'Object Repository/DispensaryToStore/Page_Store/select_--Select--Adernaline 0.'

2018-05-28 12:29:00 - [MESSAGE][PASSED] - All options with index in [19] are selected on object 'Object Repository/DispensaryToStore/Page_Store/select_--Select--Adernaline 0.'

2018-05-28 12:29:00 - [TEST_STEP][PASSED] - delay: Delayed 2 second(s)

2018-05-28 12:29:02 - [MESSAGE][PASSED] - Delayed 2 second(s)

2018-05-28 12:29:02 - [TEST_STEP][PASSED] - Statement - RequestedQty = com.kms.katalon.core.webui.keyword.WebUiBuiltInKeywords.getAttribute(com.kms.katalon.core.testobject.ObjectRepository.findTestObject(DispensaryToStore/Page_Store/input_txttotal), "value"): Attribute 'value' of object 'Object Repository/DispensaryToStore/Page_Store/input_txttotal' is: '10'

2018-05-28 12:29:02 - [MESSAGE][PASSED] - Attribute 'value' of object 'Object Repository/DispensaryToStore/Page_Store/input_txttotal' is: '10'

2018-05-28 12:29:02 - [TEST_STEP][PASSED] - Statement - out.println("Requested QTY : " + RequestedQty): null

2018-05-28 12:29:02 - [TEST_STEP][PASSED] - Statement - BatchNumber = com.kms.katalon.core.webui.keyword.WebUiBuiltInKeywords.getNumberOfTotalOption(com.kms.katalon.core.testobject.ObjectRepository.findTestObject(DispensaryToStore/Page_Store/select_--Select--BA1170BA2376B)): 3 options of object 'Object Repository/DispensaryToStore/Page_Store/select_--Select--BA1170BA2376B' counted

2018-05-28 12:29:02 - [MESSAGE][PASSED] - 3 options of object 'Object Repository/DispensaryToStore/Page_Store/select_--Select--BA1170BA2376B' counted

2018-05-28 12:29:02 - [TEST_STEP][PASSED] - Statement - For ([g = 1, g <= BatchNumber - 1, (g++)]): null

2018-05-28 12:29:02 - [TEST_STEP][PASSED] - selectOptionByIndex: All options with index in [1] are selected on object 'Object Repository/DispensaryToStore/Page_Store/select_--Select--BA1170BA2376B'

2018-05-28 12:29:02 - [MESSAGE][PASSED] - All options with index in [1] are selected on object 'Object Repository/DispensaryToStore/Page_Store/select_--Select--BA1170BA2376B'

2018-05-28 12:29:02 - [TEST_STEP][PASSED] - Statement - Try: null

2018-05-28 12:29:02 - [TEST_STEP][PASSED] - Statement - StockQty = com.kms.katalon.core.webui.keyword.WebUiBuiltInKeywords.getAttribute(com.kms.katalon.core.testobject.ObjectRepository.findTestObject(DispensaryToStore/Page_Store/input_txtprice), "value"): Attribute 'value' of object 'Object Repository/DispensaryToStore/Page_Store/input_txtprice' is: '370'

2018-05-28 12:29:02 - [MESSAGE][PASSED] - Attribute 'value' of object 'Object Repository/DispensaryToStore/Page_Store/input_txtprice' is: '370'

2018-05-28 12:29:02 - [TEST_STEP][PASSED] - Statement - out.println("Stock QTY : " + StockQty): null

2018-05-28 12:29:02 - [TEST_STEP][PASSED] - delay: Delayed 2 second(s)

2018-05-28 12:29:04 - [MESSAGE][PASSED] - Delayed 2 second(s)

2018-05-28 12:29:04 - [TEST_STEP][PASSED] - Statement - If (java.lang.String.valueOf(StockQty) >= java.lang.String.valueOf(RequestedQty)): null

2018-05-28 12:29:04 - [TEST_STEP][PASSED] - setText: Text '10' is set on object 'Object Repository/DispensaryToStore/Page_Store/input_txtqty'

2018-05-28 12:29:04 - [MESSAGE][PASSED] - Text '10' is set on object 'Object Repository/DispensaryToStore/Page_Store/input_txtqty'

2018-05-28 12:29:04 - [TEST_STEP][PASSED] - click: Object: 'Object Repository/DispensaryToStore/Page_Store/button_Add' is clicked on

2018-05-28 12:29:05 - [MESSAGE][PASSED] - Object: 'Object Repository/DispensaryToStore/Page_Store/button_Add' is clicked on

2018-05-28 12:29:05 - [TEST_STEP][PASSED] - Statement - Break: null

2018-05-28 12:29:05 - [TEST_STEP][PASSED] - selectOptionByIndex: All options with index in [20] are selected on object 'Object Repository/DispensaryToStore/Page_Store/select_--Select--Adernaline 0.'

2018-05-28 12:29:05 - [MESSAGE][PASSED] - All options with index in [20] are selected on object 'Object Repository/DispensaryToStore/Page_Store/select_--Select--Adernaline 0.'

2018-05-28 12:29:05 - [TEST_STEP][PASSED] - delay: Delayed 2 second(s)

2018-05-28 12:29:07 - [MESSAGE][PASSED] - Delayed 2 second(s)

2018-05-28 12:29:07 - [TEST_STEP][PASSED] - Statement - RequestedQty = com.kms.katalon.core.webui.keyword.WebUiBuiltInKeywords.getAttribute(com.kms.katalon.core.testobject.ObjectRepository.findTestObject(DispensaryToStore/Page_Store/input_txttotal), "value"): Attribute 'value' of object 'Object Repository/DispensaryToStore/Page_Store/input_txttotal' is: '10'

2018-05-28 12:29:07 - [MESSAGE][PASSED] - Attribute 'value' of object 'Object Repository/DispensaryToStore/Page_Store/input_txttotal' is: '10'

2018-05-28 12:29:07 - [TEST_STEP][PASSED] - Statement - out.println("Requested QTY : " + RequestedQty): null

2018-05-28 12:29:07 - [TEST_STEP][PASSED] - Statement - BatchNumber = com.kms.katalon.core.webui.keyword.WebUiBuiltInKeywords.getNumberOfTotalOption(com.kms.katalon.core.testobject.ObjectRepository.findTestObject(DispensaryToStore/Page_Store/select_--Select--BA1170BA2376B)): 3 options of object 'Object Repository/DispensaryToStore/Page_Store/select_--Select--BA1170BA2376B' counted

2018-05-28 12:29:07 - [MESSAGE][PASSED] - 3 options of object 'Object Repository/DispensaryToStore/Page_Store/select_--Select--BA1170BA2376B' counted

2018-05-28 12:29:07 - [TEST_STEP][PASSED] - Statement - For ([g = 1, g <= BatchNumber - 1, (g++)]): null

2018-05-28 12:29:07 - [TEST_STEP][PASSED] - selectOptionByIndex: All options with index in [1] are selected on object 'Object Repository/DispensaryToStore/Page_Store/select_--Select--BA1170BA2376B'

2018-05-28 12:29:07 - [MESSAGE][PASSED] - All options with index in [1] are selected on object 'Object Repository/DispensaryToStore/Page_Store/select_--Select--BA1170BA2376B'

2018-05-28 12:29:07 - [TEST_STEP][PASSED] - Statement - Try: null

2018-05-28 12:29:07 - [TEST_STEP][PASSED] - Statement - StockQty = com.kms.katalon.core.webui.keyword.WebUiBuiltInKeywords.getAttribute(com.kms.katalon.core.testobject.ObjectRepository.findTestObject(DispensaryToStore/Page_Store/input_txtprice), "value"): Attribute 'value' of object 'Object Repository/DispensaryToStore/Page_Store/input_txtprice' is: '1330'

2018-05-28 12:29:07 - [MESSAGE][PASSED] - Attribute 'value' of object 'Object Repository/DispensaryToStore/Page_Store/input_txtprice' is: '1330'

2018-05-28 12:29:07 - [TEST_STEP][PASSED] - Statement - out.println("Stock QTY : " + StockQty): null

2018-05-28 12:29:07 - [TEST_STEP][PASSED] - delay: Delayed 2 second(s)

2018-05-28 12:29:09 - [MESSAGE][PASSED] - Delayed 2 second(s)

2018-05-28 12:29:09 - [TEST_STEP][PASSED] - Statement - If (java.lang.String.valueOf(StockQty) >= java.lang.String.valueOf(RequestedQty)): null

2018-05-28 12:29:09 - [TEST_STEP][PASSED] - setText: Text '10' is set on object 'Object Repository/DispensaryToStore/Page_Store/input_txtqty'

2018-05-28 12:29:09 - [MESSAGE][PASSED] - Text '10' is set on object 'Object Repository/DispensaryToStore/Page_Store/input_txtqty'

2018-05-28 12:29:09 - [TEST_STEP][PASSED] - click: Object: 'Object Repository/DispensaryToStore/Page_Store/button_Add' is clicked on

2018-05-28 12:29:09 - [MESSAGE][PASSED] - Object: 'Object Repository/DispensaryToStore/Page_Store/button_Add' is clicked on

2018-05-28 12:29:09 - [TEST_STEP][PASSED] - Statement - Break: null

2018-05-28 12:29:09 - [TEST_STEP][PASSED] - selectOptionByIndex: All options with index in [21] are selected on object 'Object Repository/DispensaryToStore/Page_Store/select_--Select--Adernaline 0.'

2018-05-28 12:29:10 - [MESSAGE][PASSED] - All options with index in [21] are selected on object 'Object Repository/DispensaryToStore/Page_Store/select_--Select--Adernaline 0.'

2018-05-28 12:29:10 - [TEST_STEP][PASSED] - delay: Delayed 2 second(s)

2018-05-28 12:29:12 - [MESSAGE][PASSED] - Delayed 2 second(s)

2018-05-28 12:29:12 - [TEST_STEP][PASSED] - Statement - RequestedQty = com.kms.katalon.core.webui.keyword.WebUiBuiltInKeywords.getAttribute(com.kms.katalon.core.testobject.ObjectRepository.findTestObject(DispensaryToStore/Page_Store/input_txttotal), "value"): Attribute 'value' of object 'Object Repository/DispensaryToStore/Page_Store/input_txttotal' is: '10'

2018-05-28 12:29:12 - [MESSAGE][PASSED] - Attribute 'value' of object 'Object Repository/DispensaryToStore/Page_Store/input_txttotal' is: '10'

2018-05-28 12:29:12 - [TEST_STEP][PASSED] - Statement - out.println("Requested QTY : " + RequestedQty): null

2018-05-28 12:29:12 - [TEST_STEP][PASSED] - Statement - BatchNumber = com.kms.katalon.core.webui.keyword.WebUiBuiltInKeywords.getNumberOfTotalOption(com.kms.katalon.core.testobject.ObjectRepository.findTestObject(DispensaryToStore/Page_Store/select_--Select--BA1170BA2376B)): 2 options of object 'Object Repository/DispensaryToStore/Page_Store/select_--Select--BA1170BA2376B' counted

2018-05-28 12:29:12 - [MESSAGE][PASSED] - 2 options of object 'Object Repository/DispensaryToStore/Page_Store/select_--Select--BA1170BA2376B' counted

2018-05-28 12:29:12 - [TEST_STEP][PASSED] - Statement - For ([g = 1, g <= BatchNumber - 1, (g++)]): null

2018-05-28 12:29:12 - [TEST_STEP][PASSED] - selectOptionByIndex: All options with index in [1] are selected on object 'Object Repository/DispensaryToStore/Page_Store/select_--Select--BA1170BA2376B'

2018-05-28 12:29:12 - [MESSAGE][PASSED] - All options with index in [1] are selected on object 'Object Repository/DispensaryToStore/Page_Store/select_--Select--BA1170BA2376B'

2018-05-28 12:29:12 - [TEST_STEP][PASSED] - Statement - Try: null

2018-05-28 12:29:12 - [TEST_STEP][PASSED] - Statement - StockQty = com.kms.katalon.core.webui.keyword.WebUiBuiltInKeywords.getAttribute(com.kms.katalon.core.testobject.ObjectRepository.findTestObject(DispensaryToStore/Page_Store/input_txtprice), "value"): Attribute 'value' of object 'Object Repository/DispensaryToStore/Page_Store/input_txtprice' is: '1530'

2018-05-28 12:29:12 - [MESSAGE][PASSED] - Attribute 'value' of object 'Object Repository/DispensaryToStore/Page_Store/input_txtprice' is: '1530'

2018-05-28 12:29:12 - [TEST_STEP][PASSED] - Statement - out.println("Stock QTY : " + StockQty): null

2018-05-28 12:29:12 - [TEST_STEP][PASSED] - delay: Delayed 2 second(s)

2018-05-28 12:29:14 - [MESSAGE][PASSED] - Delayed 2 second(s)

2018-05-28 12:29:14 - [TEST_STEP][PASSED] - Statement - If (java.lang.String.valueOf(StockQty) >= java.lang.String.valueOf(RequestedQty)): null

2018-05-28 12:29:14 - [TEST_STEP][PASSED] - setText: Text '10' is set on object 'Object Repository/DispensaryToStore/Page_Store/input_txtqty'

2018-05-28 12:29:14 - [MESSAGE][PASSED] - Text '10' is set on object 'Object Repository/DispensaryToStore/Page_Store/input_txtqty'

2018-05-28 12:29:14 - [TEST_STEP][PASSED] - click: Object: 'Object Repository/DispensaryToStore/Page_Store/button_Add' is clicked on

2018-05-28 12:29:14 - [MESSAGE][PASSED] - Object: 'Object Repository/DispensaryToStore/Page_Store/button_Add' is clicked on

2018-05-28 12:29:14 - [TEST_STEP][PASSED] - Statement - Break: null

2018-05-28 12:29:14 - [TEST_STEP][PASSED] - selectOptionByIndex: All options with index in [22] are selected on object 'Object Repository/DispensaryToStore/Page_Store/select_--Select--Adernaline 0.'

2018-05-28 12:29:14 - [MESSAGE][PASSED] - All options with index in [22] are selected on object 'Object Repository/DispensaryToStore/Page_Store/select_--Select--Adernaline 0.'

2018-05-28 12:29:14 - [TEST_STEP][PASSED] - delay: Delayed 2 second(s)

2018-05-28 12:29:16 - [MESSAGE][PASSED] - Delayed 2 second(s)

2018-05-28 12:29:16 - [TEST_STEP][PASSED] - Statement - RequestedQty = com.kms.katalon.core.webui.keyword.WebUiBuiltInKeywords.getAttribute(com.kms.katalon.core.testobject.ObjectRepository.findTestObject(DispensaryToStore/Page_Store/input_txttotal), "value"): Attribute 'value' of object 'Object Repository/DispensaryToStore/Page_Store/input_txttotal' is: '10'

2018-05-28 12:29:16 - [MESSAGE][PASSED] - Attribute 'value' of object 'Object Repository/DispensaryToStore/Page_Store/input_txttotal' is: '10'

2018-05-28 12:29:16 - [TEST_STEP][PASSED] - Statement - out.println("Requested QTY : " + RequestedQty): null

2018-05-28 12:29:16 - [TEST_STEP][PASSED] - Statement - BatchNumber = com.kms.katalon.core.webui.keyword.WebUiBuiltInKeywords.getNumberOfTotalOption(com.kms.katalon.core.testobject.ObjectRepository.findTestObject(DispensaryToStore/Page_Store/select_--Select--BA1170BA2376B)): 4 options of object 'Object Repository/DispensaryToStore/Page_Store/select_--Select--BA1170BA2376B' counted

2018-05-28 12:29:17 - [MESSAGE][PASSED] - 4 options of object 'Object Repository/DispensaryToStore/Page_Store/select_--Select--BA1170BA2376B' counted

2018-05-28 12:29:17 - [TEST_STEP][PASSED] - Statement - For ([g = 1, g <= BatchNumber - 1, (g++)]): null

2018-05-28 12:29:17 - [TEST_STEP][PASSED] - selectOptionByIndex: All options with index in [1] are selected on object 'Object Repository/DispensaryToStore/Page_Store/select_--Select--BA1170BA2376B'

2018-05-28 12:29:17 - [MESSAGE][PASSED] - All options with index in [1] are selected on object 'Object Repository/DispensaryToStore/Page_Store/select_--Select--BA1170BA2376B'

2018-05-28 12:29:17 - [TEST_STEP][PASSED] - Statement - Try: null

2018-05-28 12:29:17 - [TEST_STEP][PASSED] - Statement - StockQty = com.kms.katalon.core.webui.keyword.WebUiBuiltInKeywords.getAttribute(com.kms.katalon.core.testobject.ObjectRepository.findTestObject(DispensaryToStore/Page_Store/input_txtprice), "value"): Attribute 'value' of object 'Object Repository/DispensaryToStore/Page_Store/input_txtprice' is: '70'

2018-05-28 12:29:17 - [MESSAGE][PASSED] - Attribute 'value' of object 'Object Repository/DispensaryToStore/Page_Store/input_txtprice' is: '70'

2018-05-28 12:29:17 - [TEST_STEP][PASSED] - Statement - out.println("Stock QTY : " + StockQty): null

2018-05-28 12:29:17 - [TEST_STEP][PASSED] - delay: Delayed 2 second(s)

2018-05-28 12:29:19 - [MESSAGE][PASSED] - Delayed 2 second(s)

2018-05-28 12:29:19 - [TEST_STEP][PASSED] - Statement - If (java.lang.String.valueOf(StockQty) >= java.lang.String.valueOf(RequestedQty)): null

2018-05-28 12:29:19 - [TEST_STEP][PASSED] - setText: Text '10' is set on object 'Object Repository/DispensaryToStore/Page_Store/input_txtqty'

2018-05-28 12:29:19 - [MESSAGE][PASSED] - Text '10' is set on object 'Object Repository/DispensaryToStore/Page_Store/input_txtqty'

2018-05-28 12:29:19 - [TEST_STEP][PASSED] - click: Object: 'Object Repository/DispensaryToStore/Page_Store/button_Add' is clicked on

2018-05-28 12:29:19 - [MESSAGE][PASSED] - Object: 'Object Repository/DispensaryToStore/Page_Store/button_Add' is clicked on

2018-05-28 12:29:19 - [TEST_STEP][PASSED] - Statement - Break: null

2018-05-28 12:29:19 - [TEST_STEP][PASSED] - selectOptionByIndex: All options with index in [23] are selected on object 'Object Repository/DispensaryToStore/Page_Store/select_--Select--Adernaline 0.'

2018-05-28 12:29:19 - [MESSAGE][PASSED] - All options with index in [23] are selected on object 'Object Repository/DispensaryToStore/Page_Store/select_--Select--Adernaline 0.'

2018-05-28 12:29:19 - [TEST_STEP][PASSED] - delay: Delayed 2 second(s)

2018-05-28 12:29:21 - [MESSAGE][PASSED] - Delayed 2 second(s)

2018-05-28 12:29:21 - [TEST_STEP][PASSED] - Statement - RequestedQty = com.kms.katalon.core.webui.keyword.WebUiBuiltInKeywords.getAttribute(com.kms.katalon.core.testobject.ObjectRepository.findTestObject(DispensaryToStore/Page_Store/input_txttotal), "value"): Attribute 'value' of object 'Object Repository/DispensaryToStore/Page_Store/input_txttotal' is: '10'

2018-05-28 12:29:21 - [MESSAGE][PASSED] - Attribute 'value' of object 'Object Repository/DispensaryToStore/Page_Store/input_txttotal' is: '10'

2018-05-28 12:29:21 - [TEST_STEP][PASSED] - Statement - out.println("Requested QTY : " + RequestedQty): null

2018-05-28 12:29:21 - [TEST_STEP][PASSED] - Statement - BatchNumber = com.kms.katalon.core.webui.keyword.WebUiBuiltInKeywords.getNumberOfTotalOption(com.kms.katalon.core.testobject.ObjectRepository.findTestObject(DispensaryToStore/Page_Store/select_--Select--BA1170BA2376B)): 3 options of object 'Object Repository/DispensaryToStore/Page_Store/select_--Select--BA1170BA2376B' counted

2018-05-28 12:29:21 - [MESSAGE][PASSED] - 3 options of object 'Object Repository/DispensaryToStore/Page_Store/select_--Select--BA1170BA2376B' counted

2018-05-28 12:29:21 - [TEST_STEP][PASSED] - Statement - For ([g = 1, g <= BatchNumber - 1, (g++)]): null

2018-05-28 12:29:21 - [TEST_STEP][PASSED] - selectOptionByIndex: All options with index in [1] are selected on object 'Object Repository/DispensaryToStore/Page_Store/select_--Select--BA1170BA2376B'

2018-05-28 12:29:22 - [MESSAGE][PASSED] - All options with index in [1] are selected on object 'Object Repository/DispensaryToStore/Page_Store/select_--Select--BA1170BA2376B'

2018-05-28 12:29:22 - [TEST_STEP][PASSED] - Statement - Try: null

2018-05-28 12:29:22 - [TEST_STEP][PASSED] - Statement - StockQty = com.kms.katalon.core.webui.keyword.WebUiBuiltInKeywords.getAttribute(com.kms.katalon.core.testobject.ObjectRepository.findTestObject(DispensaryToStore/Page_Store/input_txtprice), "value"): Attribute 'value' of object 'Object Repository/DispensaryToStore/Page_Store/input_txtprice' is: '1330'

2018-05-28 12:29:22 - [MESSAGE][PASSED] - Attribute 'value' of object 'Object Repository/DispensaryToStore/Page_Store/input_txtprice' is: '1330'

2018-05-28 12:29:22 - [TEST_STEP][PASSED] - Statement - out.println("Stock QTY : " + StockQty): null

2018-05-28 12:29:22 - [TEST_STEP][PASSED] - delay: Delayed 2 second(s)

2018-05-28 12:29:24 - [MESSAGE][PASSED] - Delayed 2 second(s)

2018-05-28 12:29:24 - [TEST_STEP][PASSED] - Statement - If (java.lang.String.valueOf(StockQty) >= java.lang.String.valueOf(RequestedQty)): null

2018-05-28 12:29:24 - [TEST_STEP][PASSED] - setText: Text '10' is set on object 'Object Repository/DispensaryToStore/Page_Store/input_txtqty'

2018-05-28 12:29:24 - [MESSAGE][PASSED] - Text '10' is set on object 'Object Repository/DispensaryToStore/Page_Store/input_txtqty'

2018-05-28 12:29:24 - [TEST_STEP][PASSED] - click: Object: 'Object Repository/DispensaryToStore/Page_Store/button_Add' is clicked on

2018-05-28 12:29:24 - [MESSAGE][PASSED] - Object: 'Object Repository/DispensaryToStore/Page_Store/button_Add' is clicked on

2018-05-28 12:29:24 - [TEST_STEP][PASSED] - Statement - Break: null

2018-05-28 12:29:24 - [TEST_STEP][PASSED] - selectOptionByIndex: All options with index in [24] are selected on object 'Object Repository/DispensaryToStore/Page_Store/select_--Select--Adernaline 0.'

2018-05-28 12:29:24 - [MESSAGE][PASSED] - All options with index in [24] are selected on object 'Object Repository/DispensaryToStore/Page_Store/select_--Select--Adernaline 0.'

2018-05-28 12:29:24 - [TEST_STEP][PASSED] - delay: Delayed 2 second(s)

2018-05-28 12:29:26 - [MESSAGE][PASSED] - Delayed 2 second(s)

2018-05-28 12:29:26 - [TEST_STEP][PASSED] - Statement - RequestedQty = com.kms.katalon.core.webui.keyword.WebUiBuiltInKeywords.getAttribute(com.kms.katalon.core.testobject.ObjectRepository.findTestObject(DispensaryToStore/Page_Store/input_txttotal), "value"): Attribute 'value' of object 'Object Repository/DispensaryToStore/Page_Store/input_txttotal' is: '10'

2018-05-28 12:29:26 - [MESSAGE][PASSED] - Attribute 'value' of object 'Object Repository/DispensaryToStore/Page_Store/input_txttotal' is: '10'

2018-05-28 12:29:26 - [TEST_STEP][PASSED] - Statement - out.println("Requested QTY : " + RequestedQty): null

2018-05-28 12:29:26 - [TEST_STEP][PASSED] - Statement - BatchNumber = com.kms.katalon.core.webui.keyword.WebUiBuiltInKeywords.getNumberOfTotalOption(com.kms.katalon.core.testobject.ObjectRepository.findTestObject(DispensaryToStore/Page_Store/select_--Select--BA1170BA2376B)): 4 options of object 'Object Repository/DispensaryToStore/Page_Store/select_--Select--BA1170BA2376B' counted

2018-05-28 12:29:26 - [MESSAGE][PASSED] - 4 options of object 'Object Repository/DispensaryToStore/Page_Store/select_--Select--BA1170BA2376B' counted

2018-05-28 12:29:26 - [TEST_STEP][PASSED] - Statement - For ([g = 1, g <= BatchNumber - 1, (g++)]): null

2018-05-28 12:29:26 - [TEST_STEP][PASSED] - selectOptionByIndex: All options with index in [1] are selected on object 'Object Repository/DispensaryToStore/Page_Store/select_--Select--BA1170BA2376B'

2018-05-28 12:29:26 - [MESSAGE][PASSED] - All options with index in [1] are selected on object 'Object Repository/DispensaryToStore/Page_Store/select_--Select--BA1170BA2376B'

2018-05-28 12:29:26 - [TEST_STEP][PASSED] - Statement - Try: null

2018-05-28 12:29:26 - [TEST_STEP][PASSED] - Statement - StockQty = com.kms.katalon.core.webui.keyword.WebUiBuiltInKeywords.getAttribute(com.kms.katalon.core.testobject.ObjectRepository.findTestObject(DispensaryToStore/Page_Store/input_txtprice), "value"): Attribute 'value' of object 'Object Repository/DispensaryToStore/Page_Store/input_txtprice' is: '70'

2018-05-28 12:29:26 - [MESSAGE][PASSED] - Attribute 'value' of object 'Object Repository/DispensaryToStore/Page_Store/input_txtprice' is: '70'

2018-05-28 12:29:26 - [TEST_STEP][PASSED] - Statement - out.println("Stock QTY : " + StockQty): null

2018-05-28 12:29:26 - [TEST_STEP][PASSED] - delay: Delayed 2 second(s)

2018-05-28 12:29:28 - [MESSAGE][PASSED] - Delayed 2 second(s)

2018-05-28 12:29:28 - [TEST_STEP][PASSED] - Statement - If (java.lang.String.valueOf(StockQty) >= java.lang.String.valueOf(RequestedQty)): null

2018-05-28 12:29:28 - [TEST_STEP][PASSED] - setText: Text '10' is set on object 'Object Repository/DispensaryToStore/Page_Store/input_txtqty'

2018-05-28 12:29:28 - [MESSAGE][PASSED] - Text '10' is set on object 'Object Repository/DispensaryToStore/Page_Store/input_txtqty'

2018-05-28 12:29:28 - [TEST_STEP][PASSED] - click: Object: 'Object Repository/DispensaryToStore/Page_Store/button_Add' is clicked on

2018-05-28 12:29:29 - [MESSAGE][PASSED] - Object: 'Object Repository/DispensaryToStore/Page_Store/button_Add' is clicked on

2018-05-28 12:29:29 - [TEST_STEP][PASSED] - Statement - Break: null

2018-05-28 12:29:29 - [TEST_STEP][PASSED] - selectOptionByIndex: All options with index in [25] are selected on object 'Object Repository/DispensaryToStore/Page_Store/select_--Select--Adernaline 0.'

2018-05-28 12:29:29 - [MESSAGE][PASSED] - All options with index in [25] are selected on object 'Object Repository/DispensaryToStore/Page_Store/select_--Select--Adernaline 0.'

2018-05-28 12:29:29 - [TEST_STEP][PASSED] - delay: Delayed 2 second(s)

2018-05-28 12:29:31 - [MESSAGE][PASSED] - Delayed 2 second(s)

2018-05-28 12:29:31 - [TEST_STEP][PASSED] - Statement - RequestedQty = com.kms.katalon.core.webui.keyword.WebUiBuiltInKeywords.getAttribute(com.kms.katalon.core.testobject.ObjectRepository.findTestObject(DispensaryToStore/Page_Store/input_txttotal), "value"): Attribute 'value' of object 'Object Repository/DispensaryToStore/Page_Store/input_txttotal' is: '10'

2018-05-28 12:29:31 - [MESSAGE][PASSED] - Attribute 'value' of object 'Object Repository/DispensaryToStore/Page_Store/input_txttotal' is: '10'

2018-05-28 12:29:31 - [TEST_STEP][PASSED] - Statement - out.println("Requested QTY : " + RequestedQty): null

2018-05-28 12:29:31 - [TEST_STEP][PASSED] - Statement - BatchNumber = com.kms.katalon.core.webui.keyword.WebUiBuiltInKeywords.getNumberOfTotalOption(com.kms.katalon.core.testobject.ObjectRepository.findTestObject(DispensaryToStore/Page_Store/select_--Select--BA1170BA2376B)): 3 options of object 'Object Repository/DispensaryToStore/Page_Store/select_--Select--BA1170BA2376B' counted

2018-05-28 12:29:31 - [MESSAGE][PASSED] - 3 options of object 'Object Repository/DispensaryToStore/Page_Store/select_--Select--BA1170BA2376B' counted

2018-05-28 12:29:31 - [TEST_STEP][PASSED] - Statement - For ([g = 1, g <= BatchNumber - 1, (g++)]): null

2018-05-28 12:29:31 - [TEST_STEP][PASSED] - selectOptionByIndex: All options with index in [1] are selected on object 'Object Repository/DispensaryToStore/Page_Store/select_--Select--BA1170BA2376B'

2018-05-28 12:29:31 - [MESSAGE][PASSED] - All options with index in [1] are selected on object 'Object Repository/DispensaryToStore/Page_Store/select_--Select--BA1170BA2376B'

2018-05-28 12:29:31 - [TEST_STEP][PASSED] - Statement - Try: null

2018-05-28 12:29:31 - [TEST_STEP][PASSED] - Statement - StockQty = com.kms.katalon.core.webui.keyword.WebUiBuiltInKeywords.getAttribute(com.kms.katalon.core.testobject.ObjectRepository.findTestObject(DispensaryToStore/Page_Store/input_txtprice), "value"): Attribute 'value' of object 'Object Repository/DispensaryToStore/Page_Store/input_txtprice' is: '1330'

2018-05-28 12:29:31 - [MESSAGE][PASSED] - Attribute 'value' of object 'Object Repository/DispensaryToStore/Page_Store/input_txtprice' is: '1330'

2018-05-28 12:29:31 - [TEST_STEP][PASSED] - Statement - out.println("Stock QTY : " + StockQty): null

2018-05-28 12:29:31 - [TEST_STEP][PASSED] - delay: Delayed 2 second(s)

2018-05-28 12:29:33 - [MESSAGE][PASSED] - Delayed 2 second(s)

2018-05-28 12:29:33 - [TEST_STEP][PASSED] - Statement - If (java.lang.String.valueOf(StockQty) >= java.lang.String.valueOf(RequestedQty)): null

2018-05-28 12:29:33 - [TEST_STEP][PASSED] - setText: Text '10' is set on object 'Object Repository/DispensaryToStore/Page_Store/input_txtqty'

2018-05-28 12:29:33 - [MESSAGE][PASSED] - Text '10' is set on object 'Object Repository/DispensaryToStore/Page_Store/input_txtqty'

2018-05-28 12:29:33 - [TEST_STEP][PASSED] - click: Object: 'Object Repository/DispensaryToStore/Page_Store/button_Add' is clicked on

2018-05-28 12:29:33 - [MESSAGE][PASSED] - Object: 'Object Repository/DispensaryToStore/Page_Store/button_Add' is clicked on

2018-05-28 12:29:33 - [TEST_STEP][PASSED] - Statement - Break: null

2018-05-28 12:29:33 - [TEST_STEP][PASSED] - selectOptionByIndex: All options with index in [26] are selected on object 'Object Repository/DispensaryToStore/Page_Store/select_--Select--Adernaline 0.'

2018-05-28 12:29:34 - [MESSAGE][PASSED] - All options with index in [26] are selected on object 'Object Repository/DispensaryToStore/Page_Store/select_--Select--Adernaline 0.'

2018-05-28 12:29:34 - [TEST_STEP][PASSED] - delay: Delayed 2 second(s)

2018-05-28 12:29:36 - [MESSAGE][PASSED] - Delayed 2 second(s)

2018-05-28 12:29:36 - [TEST_STEP][PASSED] - Statement - RequestedQty = com.kms.katalon.core.webui.keyword.WebUiBuiltInKeywords.getAttribute(com.kms.katalon.core.testobject.ObjectRepository.findTestObject(DispensaryToStore/Page_Store/input_txttotal), "value"): Attribute 'value' of object 'Object Repository/DispensaryToStore/Page_Store/input_txttotal' is: '10'

2018-05-28 12:29:36 - [MESSAGE][PASSED] - Attribute 'value' of object 'Object Repository/DispensaryToStore/Page_Store/input_txttotal' is: '10'

2018-05-28 12:29:36 - [TEST_STEP][PASSED] - Statement - out.println("Requested QTY : " + RequestedQty): null

2018-05-28 12:29:36 - [TEST_STEP][PASSED] - Statement - BatchNumber = com.kms.katalon.core.webui.keyword.WebUiBuiltInKeywords.getNumberOfTotalOption(com.kms.katalon.core.testobject.ObjectRepository.findTestObject(DispensaryToStore/Page_Store/select_--Select--BA1170BA2376B)): 3 options of object 'Object Repository/DispensaryToStore/Page_Store/select_--Select--BA1170BA2376B' counted

2018-05-28 12:29:36 - [MESSAGE][PASSED] - 3 options of object 'Object Repository/DispensaryToStore/Page_Store/select_--Select--BA1170BA2376B' counted

2018-05-28 12:29:36 - [TEST_STEP][PASSED] - Statement - For ([g = 1, g <= BatchNumber - 1, (g++)]): null

2018-05-28 12:29:36 - [TEST_STEP][PASSED] - selectOptionByIndex: All options with index in [1] are selected on object 'Object Repository/DispensaryToStore/Page_Store/select_--Select--BA1170BA2376B'

2018-05-28 12:29:36 - [MESSAGE][PASSED] - All options with index in [1] are selected on object 'Object Repository/DispensaryToStore/Page_Store/select_--Select--BA1170BA2376B'

2018-05-28 12:29:36 - [TEST_STEP][PASSED] - Statement - Try: null

2018-05-28 12:29:36 - [TEST_STEP][PASSED] - Statement - StockQty = com.kms.katalon.core.webui.keyword.WebUiBuiltInKeywords.getAttribute(com.kms.katalon.core.testobject.ObjectRepository.findTestObject(DispensaryToStore/Page_Store/input_txtprice), "value"): Attribute 'value' of object 'Object Repository/DispensaryToStore/Page_Store/input_txtprice' is: '1330'

2018-05-28 12:29:36 - [MESSAGE][PASSED] - Attribute 'value' of object 'Object Repository/DispensaryToStore/Page_Store/input_txtprice' is: '1330'

2018-05-28 12:29:36 - [TEST_STEP][PASSED] - Statement - out.println("Stock QTY : " + StockQty): null

2018-05-28 12:29:36 - [TEST_STEP][PASSED] - delay: Delayed 2 second(s)

2018-05-28 12:29:38 - [MESSAGE][PASSED] - Delayed 2 second(s)

2018-05-28 12:29:38 - [TEST_STEP][PASSED] - Statement - If (java.lang.String.valueOf(StockQty) >= java.lang.String.valueOf(RequestedQty)): null

2018-05-28 12:29:38 - [TEST_STEP][PASSED] - setText: Text '10' is set on object 'Object Repository/DispensaryToStore/Page_Store/input_txtqty'

2018-05-28 12:29:38 - [MESSAGE][PASSED] - Text '10' is set on object 'Object Repository/DispensaryToStore/Page_Store/input_txtqty'

2018-05-28 12:29:38 - [TEST_STEP][PASSED] - click: Object: 'Object Repository/DispensaryToStore/Page_Store/button_Add' is clicked on

2018-05-28 12:29:38 - [MESSAGE][PASSED] - Object: 'Object Repository/DispensaryToStore/Page_Store/button_Add' is clicked on

2018-05-28 12:29:38 - [TEST_STEP][PASSED] - Statement - Break: null

2018-05-28 12:29:38 - [TEST_STEP][PASSED] - selectOptionByIndex: All options with index in [27] are selected on object 'Object Repository/DispensaryToStore/Page_Store/select_--Select--Adernaline 0.'

2018-05-28 12:29:38 - [MESSAGE][PASSED] - All options with index in [27] are selected on object 'Object Repository/DispensaryToStore/Page_Store/select_--Select--Adernaline 0.'

2018-05-28 12:29:38 - [TEST_STEP][PASSED] - delay: Delayed 2 second(s)

2018-05-28 12:29:40 - [MESSAGE][PASSED] - Delayed 2 second(s)

2018-05-28 12:29:40 - [TEST_STEP][PASSED] - Statement - RequestedQty = com.kms.katalon.core.webui.keyword.WebUiBuiltInKeywords.getAttribute(com.kms.katalon.core.testobject.ObjectRepository.findTestObject(DispensaryToStore/Page_Store/input_txttotal), "value"): Attribute 'value' of object 'Object Repository/DispensaryToStore/Page_Store/input_txttotal' is: '10'

2018-05-28 12:29:40 - [MESSAGE][PASSED] - Attribute 'value' of object 'Object Repository/DispensaryToStore/Page_Store/input_txttotal' is: '10'

2018-05-28 12:29:40 - [TEST_STEP][PASSED] - Statement - out.println("Requested QTY : " + RequestedQty): null

2018-05-28 12:29:40 - [TEST_STEP][PASSED] - Statement - BatchNumber = com.kms.katalon.core.webui.keyword.WebUiBuiltInKeywords.getNumberOfTotalOption(com.kms.katalon.core.testobject.ObjectRepository.findTestObject(DispensaryToStore/Page_Store/select_--Select--BA1170BA2376B)): 3 options of object 'Object Repository/DispensaryToStore/Page_Store/select_--Select--BA1170BA2376B' counted

2018-05-28 12:29:41 - [MESSAGE][PASSED] - 3 options of object 'Object Repository/DispensaryToStore/Page_Store/select_--Select--BA1170BA2376B' counted

2018-05-28 12:29:41 - [TEST_STEP][PASSED] - Statement - For ([g = 1, g <= BatchNumber - 1, (g++)]): null

2018-05-28 12:29:41 - [TEST_STEP][PASSED] - selectOptionByIndex: All options with index in [1] are selected on object 'Object Repository/DispensaryToStore/Page_Store/select_--Select--BA1170BA2376B'

2018-05-28 12:29:41 - [MESSAGE][PASSED] - All options with index in [1] are selected on object 'Object Repository/DispensaryToStore/Page_Store/select_--Select--BA1170BA2376B'

2018-05-28 12:29:41 - [TEST_STEP][PASSED] - Statement - Try: null

2018-05-28 12:29:41 - [TEST_STEP][PASSED] - Statement - StockQty = com.kms.katalon.core.webui.keyword.WebUiBuiltInKeywords.getAttribute(com.kms.katalon.core.testobject.ObjectRepository.findTestObject(DispensaryToStore/Page_Store/input_txtprice), "value"): Attribute 'value' of object 'Object Repository/DispensaryToStore/Page_Store/input_txtprice' is: '70'

2018-05-28 12:29:41 - [MESSAGE][PASSED] - Attribute 'value' of object 'Object Repository/DispensaryToStore/Page_Store/input_txtprice' is: '70'

2018-05-28 12:29:41 - [TEST_STEP][PASSED] - Statement - out.println("Stock QTY : " + StockQty): null

2018-05-28 12:29:41 - [TEST_STEP][PASSED] - delay: Delayed 2 second(s)

2018-05-28 12:29:43 - [MESSAGE][PASSED] - Delayed 2 second(s)

2018-05-28 12:29:43 - [TEST_STEP][PASSED] - Statement - If (java.lang.String.valueOf(StockQty) >= java.lang.String.valueOf(RequestedQty)): null

2018-05-28 12:29:43 - [TEST_STEP][PASSED] - setText: Text '10' is set on object 'Object Repository/DispensaryToStore/Page_Store/input_txtqty'

2018-05-28 12:29:43 - [MESSAGE][PASSED] - Text '10' is set on object 'Object Repository/DispensaryToStore/Page_Store/input_txtqty'

2018-05-28 12:29:43 - [TEST_STEP][PASSED] - click: Object: 'Object Repository/DispensaryToStore/Page_Store/button_Add' is clicked on

2018-05-28 12:29:43 - [MESSAGE][PASSED] - Object: 'Object Repository/DispensaryToStore/Page_Store/button_Add' is clicked on

2018-05-28 12:29:43 - [TEST_STEP][PASSED] - Statement - Break: null

2018-05-28 12:29:43 - [TEST_STEP][PASSED] - selectOptionByIndex: All options with index in [28] are selected on object 'Object Repository/DispensaryToStore/Page_Store/select_--Select--Adernaline 0.'

2018-05-28 12:29:43 - [MESSAGE][PASSED] - All options with index in [28] are selected on object 'Object Repository/DispensaryToStore/Page_Store/select_--Select--Adernaline 0.'

2018-05-28 12:29:43 - [TEST_STEP][PASSED] - delay: Delayed 2 second(s)

2018-05-28 12:29:45 - [MESSAGE][PASSED] - Delayed 2 second(s)

2018-05-28 12:29:45 - [TEST_STEP][PASSED] - Statement - RequestedQty = com.kms.katalon.core.webui.keyword.WebUiBuiltInKeywords.getAttribute(com.kms.katalon.core.testobject.ObjectRepository.findTestObject(DispensaryToStore/Page_Store/input_txttotal), "value"): Attribute 'value' of object 'Object Repository/DispensaryToStore/Page_Store/input_txttotal' is: '10'

2018-05-28 12:29:45 - [MESSAGE][PASSED] - Attribute 'value' of object 'Object Repository/DispensaryToStore/Page_Store/input_txttotal' is: '10'

2018-05-28 12:29:45 - [TEST_STEP][PASSED] - Statement - out.println("Requested QTY : " + RequestedQty): null

2018-05-28 12:29:45 - [TEST_STEP][PASSED] - Statement - BatchNumber = com.kms.katalon.core.webui.keyword.WebUiBuiltInKeywords.getNumberOfTotalOption(com.kms.katalon.core.testobject.ObjectRepository.findTestObject(DispensaryToStore/Page_Store/select_--Select--BA1170BA2376B)): 4 options of object 'Object Repository/DispensaryToStore/Page_Store/select_--Select--BA1170BA2376B' counted

2018-05-28 12:29:45 - [MESSAGE][PASSED] - 4 options of object 'Object Repository/DispensaryToStore/Page_Store/select_--Select--BA1170BA2376B' counted

2018-05-28 12:29:45 - [TEST_STEP][PASSED] - Statement - For ([g = 1, g <= BatchNumber - 1, (g++)]): null

2018-05-28 12:29:45 - [TEST_STEP][PASSED] - selectOptionByIndex: All options with index in [1] are selected on object 'Object Repository/DispensaryToStore/Page_Store/select_--Select--BA1170BA2376B'

2018-05-28 12:29:46 - [MESSAGE][PASSED] - All options with index in [1] are selected on object 'Object Repository/DispensaryToStore/Page_Store/select_--Select--BA1170BA2376B'

2018-05-28 12:29:46 - [TEST_STEP][PASSED] - Statement - Try: null

2018-05-28 12:29:46 - [TEST_STEP][PASSED] - Statement - StockQty = com.kms.katalon.core.webui.keyword.WebUiBuiltInKeywords.getAttribute(com.kms.katalon.core.testobject.ObjectRepository.findTestObject(DispensaryToStore/Page_Store/input_txtprice), "value"): Attribute 'value' of object 'Object Repository/DispensaryToStore/Page_Store/input_txtprice' is: '370'

2018-05-28 12:29:46 - [MESSAGE][PASSED] - Attribute 'value' of object 'Object Repository/DispensaryToStore/Page_Store/input_txtprice' is: '370'

2018-05-28 12:29:46 - [TEST_STEP][PASSED] - Statement - out.println("Stock QTY : " + StockQty): null

2018-05-28 12:29:46 - [TEST_STEP][PASSED] - delay: Delayed 2 second(s)

2018-05-28 12:29:48 - [MESSAGE][PASSED] - Delayed 2 second(s)

2018-05-28 12:29:48 - [TEST_STEP][PASSED] - Statement - If (java.lang.String.valueOf(StockQty) >= java.lang.String.valueOf(RequestedQty)): null

2018-05-28 12:29:48 - [TEST_STEP][PASSED] - setText: Text '10' is set on object 'Object Repository/DispensaryToStore/Page_Store/input_txtqty'

2018-05-28 12:29:48 - [MESSAGE][PASSED] - Text '10' is set on object 'Object Repository/DispensaryToStore/Page_Store/input_txtqty'

2018-05-28 12:29:48 - [TEST_STEP][PASSED] - click: Object: 'Object Repository/DispensaryToStore/Page_Store/button_Add' is clicked on

2018-05-28 12:29:48 - [MESSAGE][PASSED] - Object: 'Object Repository/DispensaryToStore/Page_Store/button_Add' is clicked on

2018-05-28 12:29:48 - [TEST_STEP][PASSED] - Statement - Break: null

2018-05-28 12:29:48 - [TEST_STEP][PASSED] - selectOptionByIndex: All options with index in [29] are selected on object 'Object Repository/DispensaryToStore/Page_Store/select_--Select--Adernaline 0.'

2018-05-28 12:29:48 - [MESSAGE][PASSED] - All options with index in [29] are selected on object 'Object Repository/DispensaryToStore/Page_Store/select_--Select--Adernaline 0.'

2018-05-28 12:29:48 - [TEST_STEP][PASSED] - delay: Delayed 2 second(s)

2018-05-28 12:29:50 - [MESSAGE][PASSED] - Delayed 2 second(s)

2018-05-28 12:29:50 - [TEST_STEP][PASSED] - Statement - RequestedQty = com.kms.katalon.core.webui.keyword.WebUiBuiltInKeywords.getAttribute(com.kms.katalon.core.testobject.ObjectRepository.findTestObject(DispensaryToStore/Page_Store/input_txttotal), "value"): Attribute 'value' of object 'Object Repository/DispensaryToStore/Page_Store/input_txttotal' is: '10'

2018-05-28 12:29:50 - [MESSAGE][PASSED] - Attribute 'value' of object 'Object Repository/DispensaryToStore/Page_Store/input_txttotal' is: '10'

2018-05-28 12:29:50 - [TEST_STEP][PASSED] - Statement - out.println("Requested QTY : " + RequestedQty): null

2018-05-28 12:29:50 - [TEST_STEP][PASSED] - Statement - BatchNumber = com.kms.katalon.core.webui.keyword.WebUiBuiltInKeywords.getNumberOfTotalOption(com.kms.katalon.core.testobject.ObjectRepository.findTestObject(DispensaryToStore/Page_Store/select_--Select--BA1170BA2376B)): 3 options of object 'Object Repository/DispensaryToStore/Page_Store/select_--Select--BA1170BA2376B' counted

2018-05-28 12:29:50 - [MESSAGE][PASSED] - 3 options of object 'Object Repository/DispensaryToStore/Page_Store/select_--Select--BA1170BA2376B' counted

2018-05-28 12:29:50 - [TEST_STEP][PASSED] - Statement - For ([g = 1, g <= BatchNumber - 1, (g++)]): null

2018-05-28 12:29:50 - [TEST_STEP][PASSED] - selectOptionByIndex: All options with index in [1] are selected on object 'Object Repository/DispensaryToStore/Page_Store/select_--Select--BA1170BA2376B'

2018-05-28 12:29:50 - [MESSAGE][PASSED] - All options with index in [1] are selected on object 'Object Repository/DispensaryToStore/Page_Store/select_--Select--BA1170BA2376B'

2018-05-28 12:29:50 - [TEST_STEP][PASSED] - Statement - Try: null

2018-05-28 12:29:50 - [TEST_STEP][PASSED] - Statement - StockQty = com.kms.katalon.core.webui.keyword.WebUiBuiltInKeywords.getAttribute(com.kms.katalon.core.testobject.ObjectRepository.findTestObject(DispensaryToStore/Page_Store/input_txtprice), "value"): Attribute 'value' of object 'Object Repository/DispensaryToStore/Page_Store/input_txtprice' is: '70'

2018-05-28 12:29:50 - [MESSAGE][PASSED] - Attribute 'value' of object 'Object Repository/DispensaryToStore/Page_Store/input_txtprice' is: '70'

2018-05-28 12:29:50 - [TEST_STEP][PASSED] - Statement - out.println("Stock QTY : " + StockQty): null

2018-05-28 12:29:50 - [TEST_STEP][PASSED] - delay: Delayed 2 second(s)

2018-05-28 12:29:52 - [MESSAGE][PASSED] - Delayed 2 second(s)

2018-05-28 12:29:52 - [TEST_STEP][PASSED] - Statement - If (java.lang.String.valueOf(StockQty) >= java.lang.String.valueOf(RequestedQty)): null

2018-05-28 12:29:52 - [TEST_STEP][PASSED] - setText: Text '10' is set on object 'Object Repository/DispensaryToStore/Page_Store/input_txtqty'

2018-05-28 12:29:53 - [MESSAGE][PASSED] - Text '10' is set on object 'Object Repository/DispensaryToStore/Page_Store/input_txtqty'

2018-05-28 12:29:53 - [TEST_STEP][PASSED] - click: Object: 'Object Repository/DispensaryToStore/Page_Store/button_Add' is clicked on

2018-05-28 12:29:53 - [MESSAGE][PASSED] - Object: 'Object Repository/DispensaryToStore/Page_Store/button_Add' is clicked on

2018-05-28 12:29:53 - [TEST_STEP][PASSED] - Statement - Break: null

2018-05-28 12:29:53 - [TEST_STEP][PASSED] - selectOptionByIndex: All options with index in [30] are selected on object 'Object Repository/DispensaryToStore/Page_Store/select_--Select--Adernaline 0.'

2018-05-28 12:29:53 - [MESSAGE][PASSED] - All options with index in [30] are selected on object 'Object Repository/DispensaryToStore/Page_Store/select_--Select--Adernaline 0.'

2018-05-28 12:29:53 - [TEST_STEP][PASSED] - delay: Delayed 2 second(s)

2018-05-28 12:29:55 - [MESSAGE][PASSED] - Delayed 2 second(s)

2018-05-28 12:29:55 - [TEST_STEP][PASSED] - Statement - RequestedQty = com.kms.katalon.core.webui.keyword.WebUiBuiltInKeywords.getAttribute(com.kms.katalon.core.testobject.ObjectRepository.findTestObject(DispensaryToStore/Page_Store/input_txttotal), "value"): Attribute 'value' of object 'Object Repository/DispensaryToStore/Page_Store/input_txttotal' is: '10'

2018-05-28 12:29:55 - [MESSAGE][PASSED] - Attribute 'value' of object 'Object Repository/DispensaryToStore/Page_Store/input_txttotal' is: '10'

2018-05-28 12:29:55 - [TEST_STEP][PASSED] - Statement - out.println("Requested QTY : " + RequestedQty): null

2018-05-28 12:29:55 - [TEST_STEP][PASSED] - Statement - BatchNumber = com.kms.katalon.core.webui.keyword.WebUiBuiltInKeywords.getNumberOfTotalOption(com.kms.katalon.core.testobject.ObjectRepository.findTestObject(DispensaryToStore/Page_Store/select_--Select--BA1170BA2376B)): 2 options of object 'Object Repository/DispensaryToStore/Page_Store/select_--Select--BA1170BA2376B' counted

2018-05-28 12:29:55 - [MESSAGE][PASSED] - 2 options of object 'Object Repository/DispensaryToStore/Page_Store/select_--Select--BA1170BA2376B' counted

2018-05-28 12:29:55 - [TEST_STEP][PASSED] - Statement - For ([g = 1, g <= BatchNumber - 1, (g++)]): null

2018-05-28 12:29:55 - [TEST_STEP][PASSED] - selectOptionByIndex: All options with index in [1] are selected on object 'Object Repository/DispensaryToStore/Page_Store/select_--Select--BA1170BA2376B'

2018-05-28 12:29:55 - [MESSAGE][PASSED] - All options with index in [1] are selected on object 'Object Repository/DispensaryToStore/Page_Store/select_--Select--BA1170BA2376B'

2018-05-28 12:29:55 - [TEST_STEP][PASSED] - Statement - Try: null

2018-05-28 12:29:55 - [TEST_STEP][PASSED] - Statement - StockQty = com.kms.katalon.core.webui.keyword.WebUiBuiltInKeywords.getAttribute(com.kms.katalon.core.testobject.ObjectRepository.findTestObject(DispensaryToStore/Page_Store/input_txtprice), "value"): Attribute 'value' of object 'Object Repository/DispensaryToStore/Page_Store/input_txtprice' is: '1530'

2018-05-28 12:29:55 - [MESSAGE][PASSED] - Attribute 'value' of object 'Object Repository/DispensaryToStore/Page_Store/input_txtprice' is: '1530'

2018-05-28 12:29:55 - [TEST_STEP][PASSED] - Statement - out.println("Stock QTY : " + StockQty): null

2018-05-28 12:29:55 - [TEST_STEP][PASSED] - delay: Delayed 2 second(s)

2018-05-28 12:29:57 - [MESSAGE][PASSED] - Delayed 2 second(s)

2018-05-28 12:29:57 - [TEST_STEP][PASSED] - Statement - If (java.lang.String.valueOf(StockQty) >= java.lang.String.valueOf(RequestedQty)): null

2018-05-28 12:29:57 - [TEST_STEP][PASSED] - setText: Text '10' is set on object 'Object Repository/DispensaryToStore/Page_Store/input_txtqty'

2018-05-28 12:29:57 - [MESSAGE][PASSED] - Text '10' is set on object 'Object Repository/DispensaryToStore/Page_Store/input_txtqty'

2018-05-28 12:29:57 - [TEST_STEP][PASSED] - click: Object: 'Object Repository/DispensaryToStore/Page_Store/button_Add' is clicked on

2018-05-28 12:29:57 - [MESSAGE][PASSED] - Object: 'Object Repository/DispensaryToStore/Page_Store/button_Add' is clicked on

2018-05-28 12:29:57 - [TEST_STEP][PASSED] - Statement - Break: null

2018-05-28 12:29:57 - [TEST_STEP][PASSED] - selectOptionByIndex: All options with index in [31] are selected on object 'Object Repository/DispensaryToStore/Page_Store/select_--Select--Adernaline 0.'

2018-05-28 12:29:58 - [MESSAGE][PASSED] - All options with index in [31] are selected on object 'Object Repository/DispensaryToStore/Page_Store/select_--Select--Adernaline 0.'

2018-05-28 12:29:58 - [TEST_STEP][PASSED] - delay: Delayed 2 second(s)

2018-05-28 12:30:00 - [MESSAGE][PASSED] - Delayed 2 second(s)

2018-05-28 12:30:00 - [TEST_STEP][PASSED] - Statement - RequestedQty = com.kms.katalon.core.webui.keyword.WebUiBuiltInKeywords.getAttribute(com.kms.katalon.core.testobject.ObjectRepository.findTestObject(DispensaryToStore/Page_Store/input_txttotal), "value"): Attribute 'value' of object 'Object Repository/DispensaryToStore/Page_Store/input_txttotal' is: '10'

2018-05-28 12:30:00 - [MESSAGE][PASSED] - Attribute 'value' of object 'Object Repository/DispensaryToStore/Page_Store/input_txttotal' is: '10'

2018-05-28 12:30:00 - [TEST_STEP][PASSED] - Statement - out.println("Requested QTY : " + RequestedQty): null

2018-05-28 12:30:00 - [TEST_STEP][PASSED] - Statement - BatchNumber = com.kms.katalon.core.webui.keyword.WebUiBuiltInKeywords.getNumberOfTotalOption(com.kms.katalon.core.testobject.ObjectRepository.findTestObject(DispensaryToStore/Page_Store/select_--Select--BA1170BA2376B)): 3 options of object 'Object Repository/DispensaryToStore/Page_Store/select_--Select--BA1170BA2376B' counted

2018-05-28 12:30:00 - [MESSAGE][PASSED] - 3 options of object 'Object Repository/DispensaryToStore/Page_Store/select_--Select--BA1170BA2376B' counted

2018-05-28 12:30:00 - [TEST_STEP][PASSED] - Statement - For ([g = 1, g <= BatchNumber - 1, (g++)]): null

2018-05-28 12:30:00 - [TEST_STEP][PASSED] - selectOptionByIndex: All options with index in [1] are selected on object 'Object Repository/DispensaryToStore/Page_Store/select_--Select--BA1170BA2376B'

2018-05-28 12:30:00 - [MESSAGE][PASSED] - All options with index in [1] are selected on object 'Object Repository/DispensaryToStore/Page_Store/select_--Select--BA1170BA2376B'

2018-05-28 12:30:00 - [TEST_STEP][PASSED] - Statement - Try: null

2018-05-28 12:30:00 - [TEST_STEP][PASSED] - Statement - StockQty = com.kms.katalon.core.webui.keyword.WebUiBuiltInKeywords.getAttribute(com.kms.katalon.core.testobject.ObjectRepository.findTestObject(DispensaryToStore/Page_Store/input_txtprice), "value"): Attribute 'value' of object 'Object Repository/DispensaryToStore/Page_Store/input_txtprice' is: '1330'

2018-05-28 12:30:00 - [MESSAGE][PASSED] - Attribute 'value' of object 'Object Repository/DispensaryToStore/Page_Store/input_txtprice' is: '1330'

2018-05-28 12:30:00 - [TEST_STEP][PASSED] - Statement - out.println("Stock QTY : " + StockQty): null

2018-05-28 12:30:00 - [TEST_STEP][PASSED] - delay: Delayed 2 second(s)

2018-05-28 12:30:02 - [MESSAGE][PASSED] - Delayed 2 second(s)

2018-05-28 12:30:02 - [TEST_STEP][PASSED] - Statement - If (java.lang.String.valueOf(StockQty) >= java.lang.String.valueOf(RequestedQty)): null

2018-05-28 12:30:02 - [TEST_STEP][PASSED] - setText: Text '10' is set on object 'Object Repository/DispensaryToStore/Page_Store/input_txtqty'

2018-05-28 12:30:02 - [MESSAGE][PASSED] - Text '10' is set on object 'Object Repository/DispensaryToStore/Page_Store/input_txtqty'

2018-05-28 12:30:02 - [TEST_STEP][PASSED] - click: Object: 'Object Repository/DispensaryToStore/Page_Store/button_Add' is clicked on

2018-05-28 12:30:02 - [MESSAGE][PASSED] - Object: 'Object Repository/DispensaryToStore/Page_Store/button_Add' is clicked on

2018-05-28 12:30:02 - [TEST_STEP][PASSED] - Statement - Break: null

2018-05-28 12:30:02 - [TEST_STEP][PASSED] - selectOptionByIndex: All options with index in [32] are selected on object 'Object Repository/DispensaryToStore/Page_Store/select_--Select--Adernaline 0.'

2018-05-28 12:30:03 - [MESSAGE][PASSED] - All options with index in [32] are selected on object 'Object Repository/DispensaryToStore/Page_Store/select_--Select--Adernaline 0.'

2018-05-28 12:30:03 - [TEST_STEP][PASSED] - delay: Delayed 2 second(s)

2018-05-28 12:30:05 - [MESSAGE][PASSED] - Delayed 2 second(s)

2018-05-28 12:30:05 - [TEST_STEP][PASSED] - Statement - RequestedQty = com.kms.katalon.core.webui.keyword.WebUiBuiltInKeywords.getAttribute(com.kms.katalon.core.testobject.ObjectRepository.findTestObject(DispensaryToStore/Page_Store/input_txttotal), "value"): Attribute 'value' of object 'Object Repository/DispensaryToStore/Page_Store/input_txttotal' is: '10'

2018-05-28 12:30:05 - [MESSAGE][PASSED] - Attribute 'value' of object 'Object Repository/DispensaryToStore/Page_Store/input_txttotal' is: '10'

2018-05-28 12:30:05 - [TEST_STEP][PASSED] - Statement - out.println("Requested QTY : " + RequestedQty): null

2018-05-28 12:30:05 - [TEST_STEP][PASSED] - Statement - BatchNumber = com.kms.katalon.core.webui.keyword.WebUiBuiltInKeywords.getNumberOfTotalOption(com.kms.katalon.core.testobject.ObjectRepository.findTestObject(DispensaryToStore/Page_Store/select_--Select--BA1170BA2376B)): 3 options of object 'Object Repository/DispensaryToStore/Page_Store/select_--Select--BA1170BA2376B' counted

2018-05-28 12:30:05 - [MESSAGE][PASSED] - 3 options of object 'Object Repository/DispensaryToStore/Page_Store/select_--Select--BA1170BA2376B' counted

2018-05-28 12:30:05 - [TEST_STEP][PASSED] - Statement - For ([g = 1, g <= BatchNumber - 1, (g++)]): null

2018-05-28 12:30:05 - [TEST_STEP][PASSED] - selectOptionByIndex: All options with index in [1] are selected on object 'Object Repository/DispensaryToStore/Page_Store/select_--Select--BA1170BA2376B'

2018-05-28 12:30:05 - [MESSAGE][PASSED] - All options with index in [1] are selected on object 'Object Repository/DispensaryToStore/Page_Store/select_--Select--BA1170BA2376B'

2018-05-28 12:30:05 - [TEST_STEP][PASSED] - Statement - Try: null

2018-05-28 12:30:05 - [TEST_STEP][PASSED] - Statement - StockQty = com.kms.katalon.core.webui.keyword.WebUiBuiltInKeywords.getAttribute(com.kms.katalon.core.testobject.ObjectRepository.findTestObject(DispensaryToStore/Page_Store/input_txtprice), "value"): Attribute 'value' of object 'Object Repository/DispensaryToStore/Page_Store/input_txtprice' is: '1330'

2018-05-28 12:30:05 - [MESSAGE][PASSED] - Attribute 'value' of object 'Object Repository/DispensaryToStore/Page_Store/input_txtprice' is: '1330'

2018-05-28 12:30:05 - [TEST_STEP][PASSED] - Statement - out.println("Stock QTY : " + StockQty): null

2018-05-28 12:30:05 - [TEST_STEP][PASSED] - delay: Delayed 2 second(s)

2018-05-28 12:30:07 - [MESSAGE][PASSED] - Delayed 2 second(s)

2018-05-28 12:30:07 - [TEST_STEP][PASSED] - Statement - If (java.lang.String.valueOf(StockQty) >= java.lang.String.valueOf(RequestedQty)): null

2018-05-28 12:30:07 - [TEST_STEP][PASSED] - setText: Text '10' is set on object 'Object Repository/DispensaryToStore/Page_Store/input_txtqty'

2018-05-28 12:30:07 - [MESSAGE][PASSED] - Text '10' is set on object 'Object Repository/DispensaryToStore/Page_Store/input_txtqty'

2018-05-28 12:30:07 - [TEST_STEP][PASSED] - click: Object: 'Object Repository/DispensaryToStore/Page_Store/button_Add' is clicked on

2018-05-28 12:30:07 - [MESSAGE][PASSED] - Object: 'Object Repository/DispensaryToStore/Page_Store/button_Add' is clicked on

2018-05-28 12:30:07 - [TEST_STEP][PASSED] - Statement - Break: null

2018-05-28 12:30:07 - [TEST_STEP][PASSED] - selectOptionByIndex: All options with index in [33] are selected on object 'Object Repository/DispensaryToStore/Page_Store/select_--Select--Adernaline 0.'

2018-05-28 12:30:08 - [MESSAGE][PASSED] - All options with index in [33] are selected on object 'Object Repository/DispensaryToStore/Page_Store/select_--Select--Adernaline 0.'

2018-05-28 12:30:08 - [TEST_STEP][PASSED] - delay: Delayed 2 second(s)

2018-05-28 12:30:10 - [MESSAGE][PASSED] - Delayed 2 second(s)

2018-05-28 12:30:10 - [TEST_STEP][PASSED] - Statement - RequestedQty = com.kms.katalon.core.webui.keyword.WebUiBuiltInKeywords.getAttribute(com.kms.katalon.core.testobject.ObjectRepository.findTestObject(DispensaryToStore/Page_Store/input_txttotal), "value"): Attribute 'value' of object 'Object Repository/DispensaryToStore/Page_Store/input_txttotal' is: '10'

2018-05-28 12:30:10 - [MESSAGE][PASSED] - Attribute 'value' of object 'Object Repository/DispensaryToStore/Page_Store/input_txttotal' is: '10'

2018-05-28 12:30:10 - [TEST_STEP][PASSED] - Statement - out.println("Requested QTY : " + RequestedQty): null

2018-05-28 12:30:10 - [TEST_STEP][PASSED] - Statement - BatchNumber = com.kms.katalon.core.webui.keyword.WebUiBuiltInKeywords.getNumberOfTotalOption(com.kms.katalon.core.testobject.ObjectRepository.findTestObject(DispensaryToStore/Page_Store/select_--Select--BA1170BA2376B)): 3 options of object 'Object Repository/DispensaryToStore/Page_Store/select_--Select--BA1170BA2376B' counted

2018-05-28 12:30:10 - [MESSAGE][PASSED] - 3 options of object 'Object Repository/DispensaryToStore/Page_Store/select_--Select--BA1170BA2376B' counted

2018-05-28 12:30:10 - [TEST_STEP][PASSED] - Statement - For ([g = 1, g <= BatchNumber - 1, (g++)]): null

2018-05-28 12:30:10 - [TEST_STEP][PASSED] - selectOptionByIndex: All options with index in [1] are selected on object 'Object Repository/DispensaryToStore/Page_Store/select_--Select--BA1170BA2376B'

2018-05-28 12:30:10 - [MESSAGE][PASSED] - All options with index in [1] are selected on object 'Object Repository/DispensaryToStore/Page_Store/select_--Select--BA1170BA2376B'

2018-05-28 12:30:10 - [TEST_STEP][PASSED] - Statement - Try: null

2018-05-28 12:30:10 - [TEST_STEP][PASSED] - Statement - StockQty = com.kms.katalon.core.webui.keyword.WebUiBuiltInKeywords.getAttribute(com.kms.katalon.core.testobject.ObjectRepository.findTestObject(DispensaryToStore/Page_Store/input_txtprice), "value"): Attribute 'value' of object 'Object Repository/DispensaryToStore/Page_Store/input_txtprice' is: '370'

2018-05-28 12:30:10 - [MESSAGE][PASSED] - Attribute 'value' of object 'Object Repository/DispensaryToStore/Page_Store/input_txtprice' is: '370'

2018-05-28 12:30:10 - [TEST_STEP][PASSED] - Statement - out.println("Stock QTY : " + StockQty): null

2018-05-28 12:30:10 - [TEST_STEP][PASSED] - delay: Delayed 2 second(s)

2018-05-28 12:30:12 - [MESSAGE][PASSED] - Delayed 2 second(s)

2018-05-28 12:30:12 - [TEST_STEP][PASSED] - Statement - If (java.lang.String.valueOf(StockQty) >= java.lang.String.valueOf(RequestedQty)): null

2018-05-28 12:30:12 - [TEST_STEP][PASSED] - setText: Text '10' is set on object 'Object Repository/DispensaryToStore/Page_Store/input_txtqty'

2018-05-28 12:30:12 - [MESSAGE][PASSED] - Text '10' is set on object 'Object Repository/DispensaryToStore/Page_Store/input_txtqty'

2018-05-28 12:30:12 - [TEST_STEP][PASSED] - click: Object: 'Object Repository/DispensaryToStore/Page_Store/button_Add' is clicked on

2018-05-28 12:30:12 - [MESSAGE][PASSED] - Object: 'Object Repository/DispensaryToStore/Page_Store/button_Add' is clicked on

2018-05-28 12:30:12 - [TEST_STEP][PASSED] - Statement - Break: null

2018-05-28 12:30:12 - [TEST_STEP][PASSED] - selectOptionByIndex: All options with index in [34] are selected on object 'Object Repository/DispensaryToStore/Page_Store/select_--Select--Adernaline 0.'

2018-05-28 12:30:13 - [MESSAGE][PASSED] - All options with index in [34] are selected on object 'Object Repository/DispensaryToStore/Page_Store/select_--Select--Adernaline 0.'

2018-05-28 12:30:13 - [TEST_STEP][PASSED] - delay: Delayed 2 second(s)

2018-05-28 12:30:15 - [MESSAGE][PASSED] - Delayed 2 second(s)

2018-05-28 12:30:15 - [TEST_STEP][PASSED] - Statement - RequestedQty = com.kms.katalon.core.webui.keyword.WebUiBuiltInKeywords.getAttribute(com.kms.katalon.core.testobject.ObjectRepository.findTestObject(DispensaryToStore/Page_Store/input_txttotal), "value"): Attribute 'value' of object 'Object Repository/DispensaryToStore/Page_Store/input_txttotal' is: '10'

2018-05-28 12:30:15 - [MESSAGE][PASSED] - Attribute 'value' of object 'Object Repository/DispensaryToStore/Page_Store/input_txttotal' is: '10'

2018-05-28 12:30:15 - [TEST_STEP][PASSED] - Statement - out.println("Requested QTY : " + RequestedQty): null

2018-05-28 12:30:15 - [TEST_STEP][PASSED] - Statement - BatchNumber = com.kms.katalon.core.webui.keyword.WebUiBuiltInKeywords.getNumberOfTotalOption(com.kms.katalon.core.testobject.ObjectRepository.findTestObject(DispensaryToStore/Page_Store/select_--Select--BA1170BA2376B)): 2 options of object 'Object Repository/DispensaryToStore/Page_Store/select_--Select--BA1170BA2376B' counted

2018-05-28 12:30:15 - [MESSAGE][PASSED] - 2 options of object 'Object Repository/DispensaryToStore/Page_Store/select_--Select--BA1170BA2376B' counted

2018-05-28 12:30:15 - [TEST_STEP][PASSED] - Statement - For ([g = 1, g <= BatchNumber - 1, (g++)]): null

2018-05-28 12:30:15 - [TEST_STEP][PASSED] - selectOptionByIndex: All options with index in [1] are selected on object 'Object Repository/DispensaryToStore/Page_Store/select_--Select--BA1170BA2376B'

2018-05-28 12:30:15 - [MESSAGE][PASSED] - All options with index in [1] are selected on object 'Object Repository/DispensaryToStore/Page_Store/select_--Select--BA1170BA2376B'

2018-05-28 12:30:15 - [TEST_STEP][PASSED] - Statement - Try: null

2018-05-28 12:30:15 - [TEST_STEP][PASSED] - Statement - StockQty = com.kms.katalon.core.webui.keyword.WebUiBuiltInKeywords.getAttribute(com.kms.katalon.core.testobject.ObjectRepository.findTestObject(DispensaryToStore/Page_Store/input_txtprice), "value"): Attribute 'value' of object 'Object Repository/DispensaryToStore/Page_Store/input_txtprice' is: '1530'

2018-05-28 12:30:15 - [MESSAGE][PASSED] - Attribute 'value' of object 'Object Repository/DispensaryToStore/Page_Store/input_txtprice' is: '1530'

2018-05-28 12:30:15 - [TEST_STEP][PASSED] - Statement - out.println("Stock QTY : " + StockQty): null

2018-05-28 12:30:15 - [TEST_STEP][PASSED] - delay: Delayed 2 second(s)

2018-05-28 12:30:17 - [MESSAGE][PASSED] - Delayed 2 second(s)

2018-05-28 12:30:17 - [TEST_STEP][PASSED] - Statement - If (java.lang.String.valueOf(StockQty) >= java.lang.String.valueOf(RequestedQty)): null

2018-05-28 12:30:17 - [TEST_STEP][PASSED] - setText: Text '10' is set on object 'Object Repository/DispensaryToStore/Page_Store/input_txtqty'

2018-05-28 12:30:17 - [MESSAGE][PASSED] - Text '10' is set on object 'Object Repository/DispensaryToStore/Page_Store/input_txtqty'

2018-05-28 12:30:17 - [TEST_STEP][PASSED] - click: Object: 'Object Repository/DispensaryToStore/Page_Store/button_Add' is clicked on

2018-05-28 12:30:17 - [MESSAGE][PASSED] - Object: 'Object Repository/DispensaryToStore/Page_Store/button_Add' is clicked on

2018-05-28 12:30:17 - [TEST_STEP][PASSED] - Statement - Break: null

2018-05-28 12:30:17 - [TEST_STEP][PASSED] - selectOptionByIndex: All options with index in [35] are selected on object 'Object Repository/DispensaryToStore/Page_Store/select_--Select--Adernaline 0.'

2018-05-28 12:30:18 - [MESSAGE][PASSED] - All options with index in [35] are selected on object 'Object Repository/DispensaryToStore/Page_Store/select_--Select--Adernaline 0.'

2018-05-28 12:30:18 - [TEST_STEP][PASSED] - delay: Delayed 2 second(s)

2018-05-28 12:30:20 - [MESSAGE][PASSED] - Delayed 2 second(s)

2018-05-28 12:30:20 - [TEST_STEP][PASSED] - Statement - RequestedQty = com.kms.katalon.core.webui.keyword.WebUiBuiltInKeywords.getAttribute(com.kms.katalon.core.testobject.ObjectRepository.findTestObject(DispensaryToStore/Page_Store/input_txttotal), "value"): Attribute 'value' of object 'Object Repository/DispensaryToStore/Page_Store/input_txttotal' is: '10'

2018-05-28 12:30:20 - [MESSAGE][PASSED] - Attribute 'value' of object 'Object Repository/DispensaryToStore/Page_Store/input_txttotal' is: '10'

2018-05-28 12:30:20 - [TEST_STEP][PASSED] - Statement - out.println("Requested QTY : " + RequestedQty): null

2018-05-28 12:30:20 - [TEST_STEP][PASSED] - Statement - BatchNumber = com.kms.katalon.core.webui.keyword.WebUiBuiltInKeywords.getNumberOfTotalOption(com.kms.katalon.core.testobject.ObjectRepository.findTestObject(DispensaryToStore/Page_Store/select_--Select--BA1170BA2376B)): 3 options of object 'Object Repository/DispensaryToStore/Page_Store/select_--Select--BA1170BA2376B' counted

2018-05-28 12:30:20 - [MESSAGE][PASSED] - 3 options of object 'Object Repository/DispensaryToStore/Page_Store/select_--Select--BA1170BA2376B' counted

2018-05-28 12:30:20 - [TEST_STEP][PASSED] - Statement - For ([g = 1, g <= BatchNumber - 1, (g++)]): null

2018-05-28 12:30:20 - [TEST_STEP][PASSED] - selectOptionByIndex: All options with index in [1] are selected on object 'Object Repository/DispensaryToStore/Page_Store/select_--Select--BA1170BA2376B'

2018-05-28 12:30:20 - [MESSAGE][PASSED] - All options with index in [1] are selected on object 'Object Repository/DispensaryToStore/Page_Store/select_--Select--BA1170BA2376B'

2018-05-28 12:30:20 - [TEST_STEP][PASSED] - Statement - Try: null

2018-05-28 12:30:20 - [TEST_STEP][PASSED] - Statement - StockQty = com.kms.katalon.core.webui.keyword.WebUiBuiltInKeywords.getAttribute(com.kms.katalon.core.testobject.ObjectRepository.findTestObject(DispensaryToStore/Page_Store/input_txtprice), "value"): Attribute 'value' of object 'Object Repository/DispensaryToStore/Page_Store/input_txtprice' is: '1330'

2018-05-28 12:30:20 - [MESSAGE][PASSED] - Attribute 'value' of object 'Object Repository/DispensaryToStore/Page_Store/input_txtprice' is: '1330'

2018-05-28 12:30:20 - [TEST_STEP][PASSED] - Statement - out.println("Stock QTY : " + StockQty): null

2018-05-28 12:30:20 - [TEST_STEP][PASSED] - delay: Delayed 2 second(s)

2018-05-28 12:30:22 - [MESSAGE][PASSED] - Delayed 2 second(s)

2018-05-28 12:30:22 - [TEST_STEP][PASSED] - Statement - If (java.lang.String.valueOf(StockQty) >= java.lang.String.valueOf(RequestedQty)): null

2018-05-28 12:30:22 - [TEST_STEP][PASSED] - setText: Text '10' is set on object 'Object Repository/DispensaryToStore/Page_Store/input_txtqty'

2018-05-28 12:30:22 - [MESSAGE][PASSED] - Text '10' is set on object 'Object Repository/DispensaryToStore/Page_Store/input_txtqty'

2018-05-28 12:30:22 - [TEST_STEP][PASSED] - click: Object: 'Object Repository/DispensaryToStore/Page_Store/button_Add' is clicked on

2018-05-28 12:30:22 - [MESSAGE][PASSED] - Object: 'Object Repository/DispensaryToStore/Page_Store/button_Add' is clicked on

2018-05-28 12:30:22 - [TEST_STEP][PASSED] - Statement - Break: null

2018-05-28 12:30:22 - [TEST_STEP][PASSED] - selectOptionByIndex: All options with index in [36] are selected on object 'Object Repository/DispensaryToStore/Page_Store/select_--Select--Adernaline 0.'

2018-05-28 12:30:23 - [MESSAGE][PASSED] - All options with index in [36] are selected on object 'Object Repository/DispensaryToStore/Page_Store/select_--Select--Adernaline 0.'

2018-05-28 12:30:23 - [TEST_STEP][PASSED] - delay: Delayed 2 second(s)

2018-05-28 12:30:25 - [MESSAGE][PASSED] - Delayed 2 second(s)

2018-05-28 12:30:25 - [TEST_STEP][PASSED] - Statement - RequestedQty = com.kms.katalon.core.webui.keyword.WebUiBuiltInKeywords.getAttribute(com.kms.katalon.core.testobject.ObjectRepository.findTestObject(DispensaryToStore/Page_Store/input_txttotal), "value"): Attribute 'value' of object 'Object Repository/DispensaryToStore/Page_Store/input_txttotal' is: '10'

2018-05-28 12:30:25 - [MESSAGE][PASSED] - Attribute 'value' of object 'Object Repository/DispensaryToStore/Page_Store/input_txttotal' is: '10'

2018-05-28 12:30:25 - [TEST_STEP][PASSED] - Statement - out.println("Requested QTY : " + RequestedQty): null

2018-05-28 12:30:25 - [TEST_STEP][PASSED] - Statement - BatchNumber = com.kms.katalon.core.webui.keyword.WebUiBuiltInKeywords.getNumberOfTotalOption(com.kms.katalon.core.testobject.ObjectRepository.findTestObject(DispensaryToStore/Page_Store/select_--Select--BA1170BA2376B)): 3 options of object 'Object Repository/DispensaryToStore/Page_Store/select_--Select--BA1170BA2376B' counted

2018-05-28 12:30:25 - [MESSAGE][PASSED] - 3 options of object 'Object Repository/DispensaryToStore/Page_Store/select_--Select--BA1170BA2376B' counted

2018-05-28 12:30:25 - [TEST_STEP][PASSED] - Statement - For ([g = 1, g <= BatchNumber - 1, (g++)]): null

2018-05-28 12:30:25 - [TEST_STEP][PASSED] - selectOptionByIndex: All options with index in [1] are selected on object 'Object Repository/DispensaryToStore/Page_Store/select_--Select--BA1170BA2376B'

2018-05-28 12:30:25 - [MESSAGE][PASSED] - All options with index in [1] are selected on object 'Object Repository/DispensaryToStore/Page_Store/select_--Select--BA1170BA2376B'

2018-05-28 12:30:25 - [TEST_STEP][PASSED] - Statement - Try: null

2018-05-28 12:30:25 - [TEST_STEP][PASSED] - Statement - StockQty = com.kms.katalon.core.webui.keyword.WebUiBuiltInKeywords.getAttribute(com.kms.katalon.core.testobject.ObjectRepository.findTestObject(DispensaryToStore/Page_Store/input_txtprice), "value"): Attribute 'value' of object 'Object Repository/DispensaryToStore/Page_Store/input_txtprice' is: '1330'

2018-05-28 12:30:25 - [MESSAGE][PASSED] - Attribute 'value' of object 'Object Repository/DispensaryToStore/Page_Store/input_txtprice' is: '1330'

2018-05-28 12:30:25 - [TEST_STEP][PASSED] - Statement - out.println("Stock QTY : " + StockQty): null

2018-05-28 12:30:25 - [TEST_STEP][PASSED] - delay: Delayed 2 second(s)

2018-05-28 12:30:27 - [MESSAGE][PASSED] - Delayed 2 second(s)

2018-05-28 12:30:27 - [TEST_STEP][PASSED] - Statement - If (java.lang.String.valueOf(StockQty) >= java.lang.String.valueOf(RequestedQty)): null

2018-05-28 12:30:27 - [TEST_STEP][PASSED] - setText: Text '10' is set on object 'Object Repository/DispensaryToStore/Page_Store/input_txtqty'

2018-05-28 12:30:27 - [MESSAGE][PASSED] - Text '10' is set on object 'Object Repository/DispensaryToStore/Page_Store/input_txtqty'

2018-05-28 12:30:27 - [TEST_STEP][PASSED] - click: Object: 'Object Repository/DispensaryToStore/Page_Store/button_Add' is clicked on

2018-05-28 12:30:27 - [MESSAGE][PASSED] - Object: 'Object Repository/DispensaryToStore/Page_Store/button_Add' is clicked on

2018-05-28 12:30:27 - [TEST_STEP][PASSED] - Statement - Break: null

2018-05-28 12:30:27 - [TEST_STEP][PASSED] - selectOptionByIndex: All options with index in [37] are selected on object 'Object Repository/DispensaryToStore/Page_Store/select_--Select--Adernaline 0.'

2018-05-28 12:30:27 - [MESSAGE][PASSED] - All options with index in [37] are selected on object 'Object Repository/DispensaryToStore/Page_Store/select_--Select--Adernaline 0.'

2018-05-28 12:30:27 - [TEST_STEP][PASSED] - delay: Delayed 2 second(s)

2018-05-28 12:30:29 - [MESSAGE][PASSED] - Delayed 2 second(s)

2018-05-28 12:30:29 - [TEST_STEP][PASSED] - Statement - RequestedQty = com.kms.katalon.core.webui.keyword.WebUiBuiltInKeywords.getAttribute(com.kms.katalon.core.testobject.ObjectRepository.findTestObject(DispensaryToStore/Page_Store/input_txttotal), "value"): Attribute 'value' of object 'Object Repository/DispensaryToStore/Page_Store/input_txttotal' is: '10'

2018-05-28 12:30:29 - [MESSAGE][PASSED] - Attribute 'value' of object 'Object Repository/DispensaryToStore/Page_Store/input_txttotal' is: '10'

2018-05-28 12:30:29 - [TEST_STEP][PASSED] - Statement - out.println("Requested QTY : " + RequestedQty): null

2018-05-28 12:30:29 - [TEST_STEP][PASSED] - Statement - BatchNumber = com.kms.katalon.core.webui.keyword.WebUiBuiltInKeywords.getNumberOfTotalOption(com.kms.katalon.core.testobject.ObjectRepository.findTestObject(DispensaryToStore/Page_Store/select_--Select--BA1170BA2376B)): 3 options of object 'Object Repository/DispensaryToStore/Page_Store/select_--Select--BA1170BA2376B' counted

2018-05-28 12:30:30 - [MESSAGE][PASSED] - 3 options of object 'Object Repository/DispensaryToStore/Page_Store/select_--Select--BA1170BA2376B' counted

2018-05-28 12:30:30 - [TEST_STEP][PASSED] - Statement - For ([g = 1, g <= BatchNumber - 1, (g++)]): null

2018-05-28 12:30:30 - [TEST_STEP][PASSED] - selectOptionByIndex: All options with index in [1] are selected on object 'Object Repository/DispensaryToStore/Page_Store/select_--Select--BA1170BA2376B'

2018-05-28 12:30:30 - [MESSAGE][PASSED] - All options with index in [1] are selected on object 'Object Repository/DispensaryToStore/Page_Store/select_--Select--BA1170BA2376B'

2018-05-28 12:30:30 - [TEST_STEP][PASSED] - Statement - Try: null

2018-05-28 12:30:30 - [TEST_STEP][PASSED] - Statement - StockQty = com.kms.katalon.core.webui.keyword.WebUiBuiltInKeywords.getAttribute(com.kms.katalon.core.testobject.ObjectRepository.findTestObject(DispensaryToStore/Page_Store/input_txtprice), "value"): Attribute 'value' of object 'Object Repository/DispensaryToStore/Page_Store/input_txtprice' is: '1330'

2018-05-28 12:30:30 - [MESSAGE][PASSED] - Attribute 'value' of object 'Object Repository/DispensaryToStore/Page_Store/input_txtprice' is: '1330'

2018-05-28 12:30:30 - [TEST_STEP][PASSED] - Statement - out.println("Stock QTY : " + StockQty): null

2018-05-28 12:30:30 - [TEST_STEP][PASSED] - delay: Delayed 2 second(s)

2018-05-28 12:30:32 - [MESSAGE][PASSED] - Delayed 2 second(s)

2018-05-28 12:30:32 - [TEST_STEP][PASSED] - Statement - If (java.lang.String.valueOf(StockQty) >= java.lang.String.valueOf(RequestedQty)): null

2018-05-28 12:30:32 - [TEST_STEP][PASSED] - setText: Text '10' is set on object 'Object Repository/DispensaryToStore/Page_Store/input_txtqty'

2018-05-28 12:30:32 - [MESSAGE][PASSED] - Text '10' is set on object 'Object Repository/DispensaryToStore/Page_Store/input_txtqty'

2018-05-28 12:30:32 - [TEST_STEP][PASSED] - click: Object: 'Object Repository/DispensaryToStore/Page_Store/button_Add' is clicked on

2018-05-28 12:30:32 - [MESSAGE][PASSED] - Object: 'Object Repository/DispensaryToStore/Page_Store/button_Add' is clicked on

2018-05-28 12:30:32 - [TEST_STEP][PASSED] - Statement - Break: null

2018-05-28 12:30:32 - [TEST_STEP][PASSED] - selectOptionByIndex: All options with index in [38] are selected on object 'Object Repository/DispensaryToStore/Page_Store/select_--Select--Adernaline 0.'

2018-05-28 12:30:32 - [MESSAGE][PASSED] - All options with index in [38] are selected on object 'Object Repository/DispensaryToStore/Page_Store/select_--Select--Adernaline 0.'

2018-05-28 12:30:32 - [TEST_STEP][PASSED] - delay: Delayed 2 second(s)

2018-05-28 12:30:34 - [MESSAGE][PASSED] - Delayed 2 second(s)

2018-05-28 12:30:34 - [TEST_STEP][PASSED] - Statement - RequestedQty = com.kms.katalon.core.webui.keyword.WebUiBuiltInKeywords.getAttribute(com.kms.katalon.core.testobject.ObjectRepository.findTestObject(DispensaryToStore/Page_Store/input_txttotal), "value"): Attribute 'value' of object 'Object Repository/DispensaryToStore/Page_Store/input_txttotal' is: '10'

2018-05-28 12:30:34 - [MESSAGE][PASSED] - Attribute 'value' of object 'Object Repository/DispensaryToStore/Page_Store/input_txttotal' is: '10'

2018-05-28 12:30:34 - [TEST_STEP][PASSED] - Statement - out.println("Requested QTY : " + RequestedQty): null

2018-05-28 12:30:34 - [TEST_STEP][PASSED] - Statement - BatchNumber = com.kms.katalon.core.webui.keyword.WebUiBuiltInKeywords.getNumberOfTotalOption(com.kms.katalon.core.testobject.ObjectRepository.findTestObject(DispensaryToStore/Page_Store/select_--Select--BA1170BA2376B)): 4 options of object 'Object Repository/DispensaryToStore/Page_Store/select_--Select--BA1170BA2376B' counted

2018-05-28 12:30:34 - [MESSAGE][PASSED] - 4 options of object 'Object Repository/DispensaryToStore/Page_Store/select_--Select--BA1170BA2376B' counted

2018-05-28 12:30:34 - [TEST_STEP][PASSED] - Statement - For ([g = 1, g <= BatchNumber - 1, (g++)]): null

2018-05-28 12:30:34 - [TEST_STEP][PASSED] - selectOptionByIndex: All options with index in [1] are selected on object 'Object Repository/DispensaryToStore/Page_Store/select_--Select--BA1170BA2376B'

2018-05-28 12:30:35 - [MESSAGE][PASSED] - All options with index in [1] are selected on object 'Object Repository/DispensaryToStore/Page_Store/select_--Select--BA1170BA2376B'

2018-05-28 12:30:35 - [TEST_STEP][PASSED] - Statement - Try: null

2018-05-28 12:30:35 - [TEST_STEP][PASSED] - Statement - StockQty = com.kms.katalon.core.webui.keyword.WebUiBuiltInKeywords.getAttribute(com.kms.katalon.core.testobject.ObjectRepository.findTestObject(DispensaryToStore/Page_Store/input_txtprice), "value"): Attribute 'value' of object 'Object Repository/DispensaryToStore/Page_Store/input_txtprice' is: '370'

2018-05-28 12:30:35 - [MESSAGE][PASSED] - Attribute 'value' of object 'Object Repository/DispensaryToStore/Page_Store/input_txtprice' is: '370'

2018-05-28 12:30:35 - [TEST_STEP][PASSED] - Statement - out.println("Stock QTY : " + StockQty): null

2018-05-28 12:30:35 - [TEST_STEP][PASSED] - delay: Delayed 2 second(s)

2018-05-28 12:30:37 - [MESSAGE][PASSED] - Delayed 2 second(s)

2018-05-28 12:30:37 - [TEST_STEP][PASSED] - Statement - If (java.lang.String.valueOf(StockQty) >= java.lang.String.valueOf(RequestedQty)): null

2018-05-28 12:30:37 - [TEST_STEP][PASSED] - setText: Text '10' is set on object 'Object Repository/DispensaryToStore/Page_Store/input_txtqty'

2018-05-28 12:30:37 - [MESSAGE][PASSED] - Text '10' is set on object 'Object Repository/DispensaryToStore/Page_Store/input_txtqty'

2018-05-28 12:30:37 - [TEST_STEP][PASSED] - click: Object: 'Object Repository/DispensaryToStore/Page_Store/button_Add' is clicked on

2018-05-28 12:30:37 - [MESSAGE][PASSED] - Object: 'Object Repository/DispensaryToStore/Page_Store/button_Add' is clicked on

2018-05-28 12:30:37 - [TEST_STEP][PASSED] - Statement - Break: null

2018-05-28 12:30:37 - [TEST_STEP][PASSED] - selectOptionByIndex: All options with index in [39] are selected on object 'Object Repository/DispensaryToStore/Page_Store/select_--Select--Adernaline 0.'

2018-05-28 12:30:37 - [MESSAGE][PASSED] - All options with index in [39] are selected on object 'Object Repository/DispensaryToStore/Page_Store/select_--Select--Adernaline 0.'

2018-05-28 12:30:37 - [TEST_STEP][PASSED] - delay: Delayed 2 second(s)

2018-05-28 12:30:39 - [MESSAGE][PASSED] - Delayed 2 second(s)

2018-05-28 12:30:39 - [TEST_STEP][PASSED] - Statement - RequestedQty = com.kms.katalon.core.webui.keyword.WebUiBuiltInKeywords.getAttribute(com.kms.katalon.core.testobject.ObjectRepository.findTestObject(DispensaryToStore/Page_Store/input_txttotal), "value"): Attribute 'value' of object 'Object Repository/DispensaryToStore/Page_Store/input_txttotal' is: '10'

2018-05-28 12:30:39 - [MESSAGE][PASSED] - Attribute 'value' of object 'Object Repository/DispensaryToStore/Page_Store/input_txttotal' is: '10'

2018-05-28 12:30:39 - [TEST_STEP][PASSED] - Statement - out.println("Requested QTY : " + RequestedQty): null

2018-05-28 12:30:39 - [TEST_STEP][PASSED] - Statement - BatchNumber = com.kms.katalon.core.webui.keyword.WebUiBuiltInKeywords.getNumberOfTotalOption(com.kms.katalon.core.testobject.ObjectRepository.findTestObject(DispensaryToStore/Page_Store/select_--Select--BA1170BA2376B)): 3 options of object 'Object Repository/DispensaryToStore/Page_Store/select_--Select--BA1170BA2376B' counted

2018-05-28 12:30:39 - [MESSAGE][PASSED] - 3 options of object 'Object Repository/DispensaryToStore/Page_Store/select_--Select--BA1170BA2376B' counted

2018-05-28 12:30:39 - [TEST_STEP][PASSED] - Statement - For ([g = 1, g <= BatchNumber - 1, (g++)]): null

2018-05-28 12:30:39 - [TEST_STEP][PASSED] - selectOptionByIndex: All options with index in [1] are selected on object 'Object Repository/DispensaryToStore/Page_Store/select_--Select--BA1170BA2376B'

2018-05-28 12:30:39 - [MESSAGE][PASSED] - All options with index in [1] are selected on object 'Object Repository/DispensaryToStore/Page_Store/select_--Select--BA1170BA2376B'

2018-05-28 12:30:39 - [TEST_STEP][PASSED] - Statement - Try: null

2018-05-28 12:30:39 - [TEST_STEP][PASSED] - Statement - StockQty = com.kms.katalon.core.webui.keyword.WebUiBuiltInKeywords.getAttribute(com.kms.katalon.core.testobject.ObjectRepository.findTestObject(DispensaryToStore/Page_Store/input_txtprice), "value"): Attribute 'value' of object 'Object Repository/DispensaryToStore/Page_Store/input_txtprice' is: '370'

2018-05-28 12:30:39 - [MESSAGE][PASSED] - Attribute 'value' of object 'Object Repository/DispensaryToStore/Page_Store/input_txtprice' is: '370'

2018-05-28 12:30:39 - [TEST_STEP][PASSED] - Statement - out.println("Stock QTY : " + StockQty): null

2018-05-28 12:30:39 - [TEST_STEP][PASSED] - delay: Delayed 2 second(s)

2018-05-28 12:30:41 - [MESSAGE][PASSED] - Delayed 2 second(s)

2018-05-28 12:30:41 - [TEST_STEP][PASSED] - Statement - If (java.lang.String.valueOf(StockQty) >= java.lang.String.valueOf(RequestedQty)): null

2018-05-28 12:30:41 - [TEST_STEP][PASSED] - setText: Text '10' is set on object 'Object Repository/DispensaryToStore/Page_Store/input_txtqty'

2018-05-28 12:30:42 - [MESSAGE][PASSED] - Text '10' is set on object 'Object Repository/DispensaryToStore/Page_Store/input_txtqty'

2018-05-28 12:30:42 - [TEST_STEP][PASSED] - click: Object: 'Object Repository/DispensaryToStore/Page_Store/button_Add' is clicked on

2018-05-28 12:30:42 - [MESSAGE][PASSED] - Object: 'Object Repository/DispensaryToStore/Page_Store/button_Add' is clicked on

2018-05-28 12:30:42 - [TEST_STEP][PASSED] - Statement - Break: null

2018-05-28 12:30:42 - [TEST_STEP][PASSED] - selectOptionByIndex: All options with index in [40] are selected on object 'Object Repository/DispensaryToStore/Page_Store/select_--Select--Adernaline 0.'

2018-05-28 12:30:42 - [MESSAGE][PASSED] - All options with index in [40] are selected on object 'Object Repository/DispensaryToStore/Page_Store/select_--Select--Adernaline 0.'

2018-05-28 12:30:42 - [TEST_STEP][PASSED] - delay: Delayed 2 second(s)

2018-05-28 12:30:44 - [MESSAGE][PASSED] - Delayed 2 second(s)

2018-05-28 12:30:44 - [TEST_STEP][PASSED] - Statement - RequestedQty = com.kms.katalon.core.webui.keyword.WebUiBuiltInKeywords.getAttribute(com.kms.katalon.core.testobject.ObjectRepository.findTestObject(DispensaryToStore/Page_Store/input_txttotal), "value"): Attribute 'value' of object 'Object Repository/DispensaryToStore/Page_Store/input_txttotal' is: '10'

2018-05-28 12:30:44 - [MESSAGE][PASSED] - Attribute 'value' of object 'Object Repository/DispensaryToStore/Page_Store/input_txttotal' is: '10'

2018-05-28 12:30:44 - [TEST_STEP][PASSED] - Statement - out.println("Requested QTY : " + RequestedQty): null

2018-05-28 12:30:44 - [TEST_STEP][PASSED] - Statement - BatchNumber = com.kms.katalon.core.webui.keyword.WebUiBuiltInKeywords.getNumberOfTotalOption(com.kms.katalon.core.testobject.ObjectRepository.findTestObject(DispensaryToStore/Page_Store/select_--Select--BA1170BA2376B)): 4 options of object 'Object Repository/DispensaryToStore/Page_Store/select_--Select--BA1170BA2376B' counted

2018-05-28 12:30:44 - [MESSAGE][PASSED] - 4 options of object 'Object Repository/DispensaryToStore/Page_Store/select_--Select--BA1170BA2376B' counted

2018-05-28 12:30:44 - [TEST_STEP][PASSED] - Statement - For ([g = 1, g <= BatchNumber - 1, (g++)]): null

2018-05-28 12:30:44 - [TEST_STEP][PASSED] - selectOptionByIndex: All options with index in [1] are selected on object 'Object Repository/DispensaryToStore/Page_Store/select_--Select--BA1170BA2376B'

2018-05-28 12:30:44 - [MESSAGE][PASSED] - All options with index in [1] are selected on object 'Object Repository/DispensaryToStore/Page_Store/select_--Select--BA1170BA2376B'

2018-05-28 12:30:44 - [TEST_STEP][PASSED] - Statement - Try: null

2018-05-28 12:30:44 - [TEST_STEP][PASSED] - Statement - StockQty = com.kms.katalon.core.webui.keyword.WebUiBuiltInKeywords.getAttribute(com.kms.katalon.core.testobject.ObjectRepository.findTestObject(DispensaryToStore/Page_Store/input_txtprice), "value"): Attribute 'value' of object 'Object Repository/DispensaryToStore/Page_Store/input_txtprice' is: '370'

2018-05-28 12:30:44 - [MESSAGE][PASSED] - Attribute 'value' of object 'Object Repository/DispensaryToStore/Page_Store/input_txtprice' is: '370'

2018-05-28 12:30:44 - [TEST_STEP][PASSED] - Statement - out.println("Stock QTY : " + StockQty): null

2018-05-28 12:30:44 - [TEST_STEP][PASSED] - delay: Delayed 2 second(s)

2018-05-28 12:30:46 - [MESSAGE][PASSED] - Delayed 2 second(s)

2018-05-28 12:30:46 - [TEST_STEP][PASSED] - Statement - If (java.lang.String.valueOf(StockQty) >= java.lang.String.valueOf(RequestedQty)): null

2018-05-28 12:30:46 - [TEST_STEP][PASSED] - setText: Text '10' is set on object 'Object Repository/DispensaryToStore/Page_Store/input_txtqty'

2018-05-28 12:30:47 - [MESSAGE][PASSED] - Text '10' is set on object 'Object Repository/DispensaryToStore/Page_Store/input_txtqty'

2018-05-28 12:30:47 - [TEST_STEP][PASSED] - click: Object: 'Object Repository/DispensaryToStore/Page_Store/button_Add' is clicked on

2018-05-28 12:30:47 - [MESSAGE][PASSED] - Object: 'Object Repository/DispensaryToStore/Page_Store/button_Add' is clicked on

2018-05-28 12:30:47 - [TEST_STEP][PASSED] - Statement - Break: null

2018-05-28 12:30:47 - [TEST_STEP][PASSED] - selectOptionByIndex: All options with index in [41] are selected on object 'Object Repository/DispensaryToStore/Page_Store/select_--Select--Adernaline 0.'

2018-05-28 12:30:47 - [MESSAGE][PASSED] - All options with index in [41] are selected on object 'Object Repository/DispensaryToStore/Page_Store/select_--Select--Adernaline 0.'

2018-05-28 12:30:47 - [TEST_STEP][PASSED] - delay: Delayed 2 second(s)

2018-05-28 12:30:49 - [MESSAGE][PASSED] - Delayed 2 second(s)

2018-05-28 12:30:49 - [TEST_STEP][PASSED] - Statement - RequestedQty = com.kms.katalon.core.webui.keyword.WebUiBuiltInKeywords.getAttribute(com.kms.katalon.core.testobject.ObjectRepository.findTestObject(DispensaryToStore/Page_Store/input_txttotal), "value"): Attribute 'value' of object 'Object Repository/DispensaryToStore/Page_Store/input_txttotal' is: '10'

2018-05-28 12:30:49 - [MESSAGE][PASSED] - Attribute 'value' of object 'Object Repository/DispensaryToStore/Page_Store/input_txttotal' is: '10'

2018-05-28 12:30:49 - [TEST_STEP][PASSED] - Statement - out.println("Requested QTY : " + RequestedQty): null

2018-05-28 12:30:49 - [TEST_STEP][PASSED] - Statement - BatchNumber = com.kms.katalon.core.webui.keyword.WebUiBuiltInKeywords.getNumberOfTotalOption(com.kms.katalon.core.testobject.ObjectRepository.findTestObject(DispensaryToStore/Page_Store/select_--Select--BA1170BA2376B)): 4 options of object 'Object Repository/DispensaryToStore/Page_Store/select_--Select--BA1170BA2376B' counted

2018-05-28 12:30:49 - [MESSAGE][PASSED] - 4 options of object 'Object Repository/DispensaryToStore/Page_Store/select_--Select--BA1170BA2376B' counted

2018-05-28 12:30:49 - [TEST_STEP][PASSED] - Statement - For ([g = 1, g <= BatchNumber - 1, (g++)]): null

2018-05-28 12:30:49 - [TEST_STEP][PASSED] - selectOptionByIndex: All options with index in [1] are selected on object 'Object Repository/DispensaryToStore/Page_Store/select_--Select--BA1170BA2376B'

2018-05-28 12:30:49 - [MESSAGE][PASSED] - All options with index in [1] are selected on object 'Object Repository/DispensaryToStore/Page_Store/select_--Select--BA1170BA2376B'

2018-05-28 12:30:49 - [TEST_STEP][PASSED] - Statement - Try: null

2018-05-28 12:30:49 - [TEST_STEP][PASSED] - Statement - StockQty = com.kms.katalon.core.webui.keyword.WebUiBuiltInKeywords.getAttribute(com.kms.katalon.core.testobject.ObjectRepository.findTestObject(DispensaryToStore/Page_Store/input_txtprice), "value"): Attribute 'value' of object 'Object Repository/DispensaryToStore/Page_Store/input_txtprice' is: '370'

2018-05-28 12:30:49 - [MESSAGE][PASSED] - Attribute 'value' of object 'Object Repository/DispensaryToStore/Page_Store/input_txtprice' is: '370'

2018-05-28 12:30:49 - [TEST_STEP][PASSED] - Statement - out.println("Stock QTY : " + StockQty): null

2018-05-28 12:30:49 - [TEST_STEP][PASSED] - delay: Delayed 2 second(s)

2018-05-28 12:30:51 - [MESSAGE][PASSED] - Delayed 2 second(s)

2018-05-28 12:30:51 - [TEST_STEP][PASSED] - Statement - If (java.lang.String.valueOf(StockQty) >= java.lang.String.valueOf(RequestedQty)): null

2018-05-28 12:30:51 - [TEST_STEP][PASSED] - setText: Text '10' is set on object 'Object Repository/DispensaryToStore/Page_Store/input_txtqty'

2018-05-28 12:30:52 - [MESSAGE][PASSED] - Text '10' is set on object 'Object Repository/DispensaryToStore/Page_Store/input_txtqty'

2018-05-28 12:30:52 - [TEST_STEP][PASSED] - click: Object: 'Object Repository/DispensaryToStore/Page_Store/button_Add' is clicked on

2018-05-28 12:30:52 - [MESSAGE][PASSED] - Object: 'Object Repository/DispensaryToStore/Page_Store/button_Add' is clicked on

2018-05-28 12:30:52 - [TEST_STEP][PASSED] - Statement - Break: null

2018-05-28 12:30:52 - [TEST_STEP][PASSED] - selectOptionByIndex: All options with index in [42] are selected on object 'Object Repository/DispensaryToStore/Page_Store/select_--Select--Adernaline 0.'

2018-05-28 12:30:52 - [MESSAGE][PASSED] - All options with index in [42] are selected on object 'Object Repository/DispensaryToStore/Page_Store/select_--Select--Adernaline 0.'

2018-05-28 12:30:52 - [TEST_STEP][PASSED] - delay: Delayed 2 second(s)

2018-05-28 12:30:54 - [MESSAGE][PASSED] - Delayed 2 second(s)

2018-05-28 12:30:54 - [TEST_STEP][PASSED] - Statement - RequestedQty = com.kms.katalon.core.webui.keyword.WebUiBuiltInKeywords.getAttribute(com.kms.katalon.core.testobject.ObjectRepository.findTestObject(DispensaryToStore/Page_Store/input_txttotal), "value"): Attribute 'value' of object 'Object Repository/DispensaryToStore/Page_Store/input_txttotal' is: '10'

2018-05-28 12:30:54 - [MESSAGE][PASSED] - Attribute 'value' of object 'Object Repository/DispensaryToStore/Page_Store/input_txttotal' is: '10'

2018-05-28 12:30:54 - [TEST_STEP][PASSED] - Statement - out.println("Requested QTY : " + RequestedQty): null

2018-05-28 12:30:54 - [TEST_STEP][PASSED] - Statement - BatchNumber = com.kms.katalon.core.webui.keyword.WebUiBuiltInKeywords.getNumberOfTotalOption(com.kms.katalon.core.testobject.ObjectRepository.findTestObject(DispensaryToStore/Page_Store/select_--Select--BA1170BA2376B)): 3 options of object 'Object Repository/DispensaryToStore/Page_Store/select_--Select--BA1170BA2376B' counted

2018-05-28 12:30:54 - [MESSAGE][PASSED] - 3 options of object 'Object Repository/DispensaryToStore/Page_Store/select_--Select--BA1170BA2376B' counted

2018-05-28 12:30:54 - [TEST_STEP][PASSED] - Statement - For ([g = 1, g <= BatchNumber - 1, (g++)]): null

2018-05-28 12:30:54 - [TEST_STEP][PASSED] - selectOptionByIndex: All options with index in [1] are selected on object 'Object Repository/DispensaryToStore/Page_Store/select_--Select--BA1170BA2376B'

2018-05-28 12:30:54 - [MESSAGE][PASSED] - All options with index in [1] are selected on object 'Object Repository/DispensaryToStore/Page_Store/select_--Select--BA1170BA2376B'

2018-05-28 12:30:54 - [TEST_STEP][PASSED] - Statement - Try: null

2018-05-28 12:30:54 - [TEST_STEP][PASSED] - Statement - StockQty = com.kms.katalon.core.webui.keyword.WebUiBuiltInKeywords.getAttribute(com.kms.katalon.core.testobject.ObjectRepository.findTestObject(DispensaryToStore/Page_Store/input_txtprice), "value"): Attribute 'value' of object 'Object Repository/DispensaryToStore/Page_Store/input_txtprice' is: '70'

2018-05-28 12:30:54 - [MESSAGE][PASSED] - Attribute 'value' of object 'Object Repository/DispensaryToStore/Page_Store/input_txtprice' is: '70'

2018-05-28 12:30:54 - [TEST_STEP][PASSED] - Statement - out.println("Stock QTY : " + StockQty): null

2018-05-28 12:30:54 - [TEST_STEP][PASSED] - delay: Delayed 2 second(s)

2018-05-28 12:30:56 - [MESSAGE][PASSED] - Delayed 2 second(s)

2018-05-28 12:30:56 - [TEST_STEP][PASSED] - Statement - If (java.lang.String.valueOf(StockQty) >= java.lang.String.valueOf(RequestedQty)): null

2018-05-28 12:30:56 - [TEST_STEP][PASSED] - setText: Text '10' is set on object 'Object Repository/DispensaryToStore/Page_Store/input_txtqty'

2018-05-28 12:30:56 - [MESSAGE][PASSED] - Text '10' is set on object 'Object Repository/DispensaryToStore/Page_Store/input_txtqty'

2018-05-28 12:30:56 - [TEST_STEP][PASSED] - click: Object: 'Object Repository/DispensaryToStore/Page_Store/button_Add' is clicked on

2018-05-28 12:30:57 - [MESSAGE][PASSED] - Object: 'Object Repository/DispensaryToStore/Page_Store/button_Add' is clicked on

2018-05-28 12:30:57 - [TEST_STEP][PASSED] - Statement - Break: null

2018-05-28 12:30:57 - [TEST_STEP][PASSED] - selectOptionByIndex: All options with index in [43] are selected on object 'Object Repository/DispensaryToStore/Page_Store/select_--Select--Adernaline 0.'

2018-05-28 12:30:57 - [MESSAGE][PASSED] - All options with index in [43] are selected on object 'Object Repository/DispensaryToStore/Page_Store/select_--Select--Adernaline 0.'

2018-05-28 12:30:57 - [TEST_STEP][PASSED] - delay: Delayed 2 second(s)

2018-05-28 12:30:59 - [MESSAGE][PASSED] - Delayed 2 second(s)

2018-05-28 12:30:59 - [TEST_STEP][PASSED] - Statement - RequestedQty = com.kms.katalon.core.webui.keyword.WebUiBuiltInKeywords.getAttribute(com.kms.katalon.core.testobject.ObjectRepository.findTestObject(DispensaryToStore/Page_Store/input_txttotal), "value"): Attribute 'value' of object 'Object Repository/DispensaryToStore/Page_Store/input_txttotal' is: '10'

2018-05-28 12:30:59 - [MESSAGE][PASSED] - Attribute 'value' of object 'Object Repository/DispensaryToStore/Page_Store/input_txttotal' is: '10'

2018-05-28 12:30:59 - [TEST_STEP][PASSED] - Statement - out.println("Requested QTY : " + RequestedQty): null

2018-05-28 12:30:59 - [TEST_STEP][PASSED] - Statement - BatchNumber = com.kms.katalon.core.webui.keyword.WebUiBuiltInKeywords.getNumberOfTotalOption(com.kms.katalon.core.testobject.ObjectRepository.findTestObject(DispensaryToStore/Page_Store/select_--Select--BA1170BA2376B)): 3 options of object 'Object Repository/DispensaryToStore/Page_Store/select_--Select--BA1170BA2376B' counted

2018-05-28 12:30:59 - [MESSAGE][PASSED] - 3 options of object 'Object Repository/DispensaryToStore/Page_Store/select_--Select--BA1170BA2376B' counted

2018-05-28 12:30:59 - [TEST_STEP][PASSED] - Statement - For ([g = 1, g <= BatchNumber - 1, (g++)]): null

2018-05-28 12:30:59 - [TEST_STEP][PASSED] - selectOptionByIndex: All options with index in [1] are selected on object 'Object Repository/DispensaryToStore/Page_Store/select_--Select--BA1170BA2376B'

2018-05-28 12:30:59 - [MESSAGE][PASSED] - All options with index in [1] are selected on object 'Object Repository/DispensaryToStore/Page_Store/select_--Select--BA1170BA2376B'

2018-05-28 12:30:59 - [TEST_STEP][PASSED] - Statement - Try: null

2018-05-28 12:30:59 - [TEST_STEP][PASSED] - Statement - StockQty = com.kms.katalon.core.webui.keyword.WebUiBuiltInKeywords.getAttribute(com.kms.katalon.core.testobject.ObjectRepository.findTestObject(DispensaryToStore/Page_Store/input_txtprice), "value"): Attribute 'value' of object 'Object Repository/DispensaryToStore/Page_Store/input_txtprice' is: '1330'

2018-05-28 12:30:59 - [MESSAGE][PASSED] - Attribute 'value' of object 'Object Repository/DispensaryToStore/Page_Store/input_txtprice' is: '1330'

2018-05-28 12:30:59 - [TEST_STEP][PASSED] - Statement - out.println("Stock QTY : " + StockQty): null

2018-05-28 12:30:59 - [TEST_STEP][PASSED] - delay: Delayed 2 second(s)

2018-05-28 12:31:01 - [MESSAGE][PASSED] - Delayed 2 second(s)

2018-05-28 12:31:01 - [TEST_STEP][PASSED] - Statement - If (java.lang.String.valueOf(StockQty) >= java.lang.String.valueOf(RequestedQty)): null

2018-05-28 12:31:01 - [TEST_STEP][PASSED] - setText: Text '10' is set on object 'Object Repository/DispensaryToStore/Page_Store/input_txtqty'

2018-05-28 12:31:01 - [MESSAGE][PASSED] - Text '10' is set on object 'Object Repository/DispensaryToStore/Page_Store/input_txtqty'

2018-05-28 12:31:01 - [TEST_STEP][PASSED] - click: Object: 'Object Repository/DispensaryToStore/Page_Store/button_Add' is clicked on

2018-05-28 12:31:01 - [MESSAGE][PASSED] - Object: 'Object Repository/DispensaryToStore/Page_Store/button_Add' is clicked on

2018-05-28 12:31:01 - [TEST_STEP][PASSED] - Statement - Break: null

2018-05-28 12:31:01 - [TEST_STEP][PASSED] - selectOptionByIndex: All options with index in [44] are selected on object 'Object Repository/DispensaryToStore/Page_Store/select_--Select--Adernaline 0.'

2018-05-28 12:31:02 - [MESSAGE][PASSED] - All options with index in [44] are selected on object 'Object Repository/DispensaryToStore/Page_Store/select_--Select--Adernaline 0.'

2018-05-28 12:31:02 - [TEST_STEP][PASSED] - delay: Delayed 2 second(s)

2018-05-28 12:31:04 - [MESSAGE][PASSED] - Delayed 2 second(s)

2018-05-28 12:31:04 - [TEST_STEP][PASSED] - Statement - RequestedQty = com.kms.katalon.core.webui.keyword.WebUiBuiltInKeywords.getAttribute(com.kms.katalon.core.testobject.ObjectRepository.findTestObject(DispensaryToStore/Page_Store/input_txttotal), "value"): Attribute 'value' of object 'Object Repository/DispensaryToStore/Page_Store/input_txttotal' is: '10'

2018-05-28 12:31:04 - [MESSAGE][PASSED] - Attribute 'value' of object 'Object Repository/DispensaryToStore/Page_Store/input_txttotal' is: '10'

2018-05-28 12:31:04 - [TEST_STEP][PASSED] - Statement - out.println("Requested QTY : " + RequestedQty): null

2018-05-28 12:31:04 - [TEST_STEP][PASSED] - Statement - BatchNumber = com.kms.katalon.core.webui.keyword.WebUiBuiltInKeywords.getNumberOfTotalOption(com.kms.katalon.core.testobject.ObjectRepository.findTestObject(DispensaryToStore/Page_Store/select_--Select--BA1170BA2376B)): 3 options of object 'Object Repository/DispensaryToStore/Page_Store/select_--Select--BA1170BA2376B' counted

2018-05-28 12:31:04 - [MESSAGE][PASSED] - 3 options of object 'Object Repository/DispensaryToStore/Page_Store/select_--Select--BA1170BA2376B' counted

2018-05-28 12:31:04 - [TEST_STEP][PASSED] - Statement - For ([g = 1, g <= BatchNumber - 1, (g++)]): null

2018-05-28 12:31:04 - [TEST_STEP][PASSED] - selectOptionByIndex: All options with index in [1] are selected on object 'Object Repository/DispensaryToStore/Page_Store/select_--Select--BA1170BA2376B'

2018-05-28 12:31:04 - [MESSAGE][PASSED] - All options with index in [1] are selected on object 'Object Repository/DispensaryToStore/Page_Store/select_--Select--BA1170BA2376B'

2018-05-28 12:31:04 - [TEST_STEP][PASSED] - Statement - Try: null

2018-05-28 12:31:04 - [TEST_STEP][PASSED] - Statement - StockQty = com.kms.katalon.core.webui.keyword.WebUiBuiltInKeywords.getAttribute(com.kms.katalon.core.testobject.ObjectRepository.findTestObject(DispensaryToStore/Page_Store/input_txtprice), "value"): Attribute 'value' of object 'Object Repository/DispensaryToStore/Page_Store/input_txtprice' is: '370'

2018-05-28 12:31:04 - [MESSAGE][PASSED] - Attribute 'value' of object 'Object Repository/DispensaryToStore/Page_Store/input_txtprice' is: '370'

2018-05-28 12:31:04 - [TEST_STEP][PASSED] - Statement - out.println("Stock QTY : " + StockQty): null

2018-05-28 12:31:04 - [TEST_STEP][PASSED] - delay: Delayed 2 second(s)

2018-05-28 12:31:06 - [MESSAGE][PASSED] - Delayed 2 second(s)

2018-05-28 12:31:06 - [TEST_STEP][PASSED] - Statement - If (java.lang.String.valueOf(StockQty) >= java.lang.String.valueOf(RequestedQty)): null

2018-05-28 12:31:06 - [TEST_STEP][PASSED] - setText: Text '10' is set on object 'Object Repository/DispensaryToStore/Page_Store/input_txtqty'

2018-05-28 12:31:06 - [MESSAGE][PASSED] - Text '10' is set on object 'Object Repository/DispensaryToStore/Page_Store/input_txtqty'

2018-05-28 12:31:06 - [TEST_STEP][PASSED] - click: Object: 'Object Repository/DispensaryToStore/Page_Store/button_Add' is clicked on

2018-05-28 12:31:06 - [MESSAGE][PASSED] - Object: 'Object Repository/DispensaryToStore/Page_Store/button_Add' is clicked on

2018-05-28 12:31:06 - [TEST_STEP][PASSED] - Statement - Break: null

2018-05-28 12:31:06 - [TEST_STEP][PASSED] - selectOptionByIndex: All options with index in [45] are selected on object 'Object Repository/DispensaryToStore/Page_Store/select_--Select--Adernaline 0.'

2018-05-28 12:31:07 - [MESSAGE][PASSED] - All options with index in [45] are selected on object 'Object Repository/DispensaryToStore/Page_Store/select_--Select--Adernaline 0.'

2018-05-28 12:31:07 - [TEST_STEP][PASSED] - delay: Delayed 2 second(s)

2018-05-28 12:31:09 - [MESSAGE][PASSED] - Delayed 2 second(s)

2018-05-28 12:31:09 - [TEST_STEP][PASSED] - Statement - RequestedQty = com.kms.katalon.core.webui.keyword.WebUiBuiltInKeywords.getAttribute(com.kms.katalon.core.testobject.ObjectRepository.findTestObject(DispensaryToStore/Page_Store/input_txttotal), "value"): Attribute 'value' of object 'Object Repository/DispensaryToStore/Page_Store/input_txttotal' is: '10'

2018-05-28 12:31:09 - [MESSAGE][PASSED] - Attribute 'value' of object 'Object Repository/DispensaryToStore/Page_Store/input_txttotal' is: '10'

2018-05-28 12:31:09 - [TEST_STEP][PASSED] - Statement - out.println("Requested QTY : " + RequestedQty): null

2018-05-28 12:31:09 - [TEST_STEP][PASSED] - Statement - BatchNumber = com.kms.katalon.core.webui.keyword.WebUiBuiltInKeywords.getNumberOfTotalOption(com.kms.katalon.core.testobject.ObjectRepository.findTestObject(DispensaryToStore/Page_Store/select_--Select--BA1170BA2376B)): 5 options of object 'Object Repository/DispensaryToStore/Page_Store/select_--Select--BA1170BA2376B' counted

2018-05-28 12:31:09 - [MESSAGE][PASSED] - 5 options of object 'Object Repository/DispensaryToStore/Page_Store/select_--Select--BA1170BA2376B' counted

2018-05-28 12:31:09 - [TEST_STEP][PASSED] - Statement - For ([g = 1, g <= BatchNumber - 1, (g++)]): null

2018-05-28 12:31:09 - [TEST_STEP][PASSED] - selectOptionByIndex: All options with index in [1] are selected on object 'Object Repository/DispensaryToStore/Page_Store/select_--Select--BA1170BA2376B'

2018-05-28 12:31:09 - [MESSAGE][PASSED] - All options with index in [1] are selected on object 'Object Repository/DispensaryToStore/Page_Store/select_--Select--BA1170BA2376B'

2018-05-28 12:31:09 - [TEST_STEP][PASSED] - Statement - Try: null

2018-05-28 12:31:09 - [TEST_STEP][PASSED] - Statement - StockQty = com.kms.katalon.core.webui.keyword.WebUiBuiltInKeywords.getAttribute(com.kms.katalon.core.testobject.ObjectRepository.findTestObject(DispensaryToStore/Page_Store/input_txtprice), "value"): Attribute 'value' of object 'Object Repository/DispensaryToStore/Page_Store/input_txtprice' is: '70'

2018-05-28 12:31:09 - [MESSAGE][PASSED] - Attribute 'value' of object 'Object Repository/DispensaryToStore/Page_Store/input_txtprice' is: '70'

2018-05-28 12:31:09 - [TEST_STEP][PASSED] - Statement - out.println("Stock QTY : " + StockQty): null

2018-05-28 12:31:09 - [TEST_STEP][PASSED] - delay: Delayed 2 second(s)

2018-05-28 12:31:11 - [MESSAGE][PASSED] - Delayed 2 second(s)

2018-05-28 12:31:11 - [TEST_STEP][PASSED] - Statement - If (java.lang.String.valueOf(StockQty) >= java.lang.String.valueOf(RequestedQty)): null

2018-05-28 12:31:11 - [TEST_STEP][PASSED] - setText: Text '10' is set on object 'Object Repository/DispensaryToStore/Page_Store/input_txtqty'

2018-05-28 12:31:11 - [MESSAGE][PASSED] - Text '10' is set on object 'Object Repository/DispensaryToStore/Page_Store/input_txtqty'

2018-05-28 12:31:11 - [TEST_STEP][PASSED] - click: Object: 'Object Repository/DispensaryToStore/Page_Store/button_Add' is clicked on

2018-05-28 12:31:11 - [MESSAGE][PASSED] - Object: 'Object Repository/DispensaryToStore/Page_Store/button_Add' is clicked on

2018-05-28 12:31:11 - [TEST_STEP][PASSED] - Statement - Break: null

2018-05-28 12:31:11 - [TEST_STEP][PASSED] - selectOptionByIndex: All options with index in [46] are selected on object 'Object Repository/DispensaryToStore/Page_Store/select_--Select--Adernaline 0.'

2018-05-28 12:31:12 - [MESSAGE][PASSED] - All options with index in [46] are selected on object 'Object Repository/DispensaryToStore/Page_Store/select_--Select--Adernaline 0.'

2018-05-28 12:31:12 - [TEST_STEP][PASSED] - delay: Delayed 2 second(s)

2018-05-28 12:31:14 - [MESSAGE][PASSED] - Delayed 2 second(s)

2018-05-28 12:31:14 - [TEST_STEP][PASSED] - Statement - RequestedQty = com.kms.katalon.core.webui.keyword.WebUiBuiltInKeywords.getAttribute(com.kms.katalon.core.testobject.ObjectRepository.findTestObject(DispensaryToStore/Page_Store/input_txttotal), "value"): Attribute 'value' of object 'Object Repository/DispensaryToStore/Page_Store/input_txttotal' is: '10'

2018-05-28 12:31:14 - [MESSAGE][PASSED] - Attribute 'value' of object 'Object Repository/DispensaryToStore/Page_Store/input_txttotal' is: '10'

2018-05-28 12:31:14 - [TEST_STEP][PASSED] - Statement - out.println("Requested QTY : " + RequestedQty): null

2018-05-28 12:31:14 - [TEST_STEP][PASSED] - Statement - BatchNumber = com.kms.katalon.core.webui.keyword.WebUiBuiltInKeywords.getNumberOfTotalOption(com.kms.katalon.core.testobject.ObjectRepository.findTestObject(DispensaryToStore/Page_Store/select_--Select--BA1170BA2376B)): 2 options of object 'Object Repository/DispensaryToStore/Page_Store/select_--Select--BA1170BA2376B' counted

2018-05-28 12:31:14 - [MESSAGE][PASSED] - 2 options of object 'Object Repository/DispensaryToStore/Page_Store/select_--Select--BA1170BA2376B' counted

2018-05-28 12:31:14 - [TEST_STEP][PASSED] - Statement - For ([g = 1, g <= BatchNumber - 1, (g++)]): null

2018-05-28 12:31:14 - [TEST_STEP][PASSED] - selectOptionByIndex: All options with index in [1] are selected on object 'Object Repository/DispensaryToStore/Page_Store/select_--Select--BA1170BA2376B'

2018-05-28 12:31:14 - [MESSAGE][PASSED] - All options with index in [1] are selected on object 'Object Repository/DispensaryToStore/Page_Store/select_--Select--BA1170BA2376B'

2018-05-28 12:31:14 - [TEST_STEP][PASSED] - Statement - Try: null

2018-05-28 12:31:14 - [TEST_STEP][PASSED] - Statement - StockQty = com.kms.katalon.core.webui.keyword.WebUiBuiltInKeywords.getAttribute(com.kms.katalon.core.testobject.ObjectRepository.findTestObject(DispensaryToStore/Page_Store/input_txtprice), "value"): Attribute 'value' of object 'Object Repository/DispensaryToStore/Page_Store/input_txtprice' is: '1530'

2018-05-28 12:31:14 - [MESSAGE][PASSED] - Attribute 'value' of object 'Object Repository/DispensaryToStore/Page_Store/input_txtprice' is: '1530'

2018-05-28 12:31:14 - [TEST_STEP][PASSED] - Statement - out.println("Stock QTY : " + StockQty): null

2018-05-28 12:31:14 - [TEST_STEP][PASSED] - delay: Delayed 2 second(s)

2018-05-28 12:31:16 - [MESSAGE][PASSED] - Delayed 2 second(s)

2018-05-28 12:31:16 - [TEST_STEP][PASSED] - Statement - If (java.lang.String.valueOf(StockQty) >= java.lang.String.valueOf(RequestedQty)): null

2018-05-28 12:31:16 - [TEST_STEP][PASSED] - setText: Text '10' is set on object 'Object Repository/DispensaryToStore/Page_Store/input_txtqty'

2018-05-28 12:31:16 - [MESSAGE][PASSED] - Text '10' is set on object 'Object Repository/DispensaryToStore/Page_Store/input_txtqty'

2018-05-28 12:31:16 - [TEST_STEP][PASSED] - click: Object: 'Object Repository/DispensaryToStore/Page_Store/button_Add' is clicked on

2018-05-28 12:31:16 - [MESSAGE][PASSED] - Object: 'Object Repository/DispensaryToStore/Page_Store/button_Add' is clicked on

2018-05-28 12:31:16 - [TEST_STEP][PASSED] - Statement - Break: null

2018-05-28 12:31:16 - [TEST_STEP][PASSED] - selectOptionByIndex: All options with index in [47] are selected on object 'Object Repository/DispensaryToStore/Page_Store/select_--Select--Adernaline 0.'

2018-05-28 12:31:17 - [MESSAGE][PASSED] - All options with index in [47] are selected on object 'Object Repository/DispensaryToStore/Page_Store/select_--Select--Adernaline 0.'

2018-05-28 12:31:17 - [TEST_STEP][PASSED] - delay: Delayed 2 second(s)

2018-05-28 12:31:19 - [MESSAGE][PASSED] - Delayed 2 second(s)

2018-05-28 12:31:19 - [TEST_STEP][PASSED] - Statement - RequestedQty = com.kms.katalon.core.webui.keyword.WebUiBuiltInKeywords.getAttribute(com.kms.katalon.core.testobject.ObjectRepository.findTestObject(DispensaryToStore/Page_Store/input_txttotal), "value"): Attribute 'value' of object 'Object Repository/DispensaryToStore/Page_Store/input_txttotal' is: '10'

2018-05-28 12:31:19 - [MESSAGE][PASSED] - Attribute 'value' of object 'Object Repository/DispensaryToStore/Page_Store/input_txttotal' is: '10'

2018-05-28 12:31:19 - [TEST_STEP][PASSED] - Statement - out.println("Requested QTY : " + RequestedQty): null

2018-05-28 12:31:19 - [TEST_STEP][PASSED] - Statement - BatchNumber = com.kms.katalon.core.webui.keyword.WebUiBuiltInKeywords.getNumberOfTotalOption(com.kms.katalon.core.testobject.ObjectRepository.findTestObject(DispensaryToStore/Page_Store/select_--Select--BA1170BA2376B)): 3 options of object 'Object Repository/DispensaryToStore/Page_Store/select_--Select--BA1170BA2376B' counted

2018-05-28 12:31:19 - [MESSAGE][PASSED] - 3 options of object 'Object Repository/DispensaryToStore/Page_Store/select_--Select--BA1170BA2376B' counted

2018-05-28 12:31:19 - [TEST_STEP][PASSED] - Statement - For ([g = 1, g <= BatchNumber - 1, (g++)]): null

2018-05-28 12:31:19 - [TEST_STEP][PASSED] - selectOptionByIndex: All options with index in [1] are selected on object 'Object Repository/DispensaryToStore/Page_Store/select_--Select--BA1170BA2376B'

2018-05-28 12:31:19 - [MESSAGE][PASSED] - All options with index in [1] are selected on object 'Object Repository/DispensaryToStore/Page_Store/select_--Select--BA1170BA2376B'

2018-05-28 12:31:19 - [TEST_STEP][PASSED] - Statement - Try: null

2018-05-28 12:31:19 - [TEST_STEP][PASSED] - Statement - StockQty = com.kms.katalon.core.webui.keyword.WebUiBuiltInKeywords.getAttribute(com.kms.katalon.core.testobject.ObjectRepository.findTestObject(DispensaryToStore/Page_Store/input_txtprice), "value"): Attribute 'value' of object 'Object Repository/DispensaryToStore/Page_Store/input_txtprice' is: '70'

2018-05-28 12:31:19 - [MESSAGE][PASSED] - Attribute 'value' of object 'Object Repository/DispensaryToStore/Page_Store/input_txtprice' is: '70'

2018-05-28 12:31:19 - [TEST_STEP][PASSED] - Statement - out.println("Stock QTY : " + StockQty): null

2018-05-28 12:31:19 - [TEST_STEP][PASSED] - delay: Delayed 2 second(s)

2018-05-28 12:31:21 - [MESSAGE][PASSED] - Delayed 2 second(s)

2018-05-28 12:31:21 - [TEST_STEP][PASSED] - Statement - If (java.lang.String.valueOf(StockQty) >= java.lang.String.valueOf(RequestedQty)): null

2018-05-28 12:31:21 - [TEST_STEP][PASSED] - setText: Text '10' is set on object 'Object Repository/DispensaryToStore/Page_Store/input_txtqty'

2018-05-28 12:31:21 - [MESSAGE][PASSED] - Text '10' is set on object 'Object Repository/DispensaryToStore/Page_Store/input_txtqty'

2018-05-28 12:31:21 - [TEST_STEP][PASSED] - click: Object: 'Object Repository/DispensaryToStore/Page_Store/button_Add' is clicked on

2018-05-28 12:31:21 - [MESSAGE][PASSED] - Object: 'Object Repository/DispensaryToStore/Page_Store/button_Add' is clicked on

2018-05-28 12:31:21 - [TEST_STEP][PASSED] - Statement - Break: null

2018-05-28 12:31:21 - [TEST_STEP][PASSED] - selectOptionByIndex: All options with index in [48] are selected on object 'Object Repository/DispensaryToStore/Page_Store/select_--Select--Adernaline 0.'

2018-05-28 12:31:22 - [MESSAGE][PASSED] - All options with index in [48] are selected on object 'Object Repository/DispensaryToStore/Page_Store/select_--Select--Adernaline 0.'

2018-05-28 12:31:22 - [TEST_STEP][PASSED] - delay: Delayed 2 second(s)

2018-05-28 12:31:24 - [MESSAGE][PASSED] - Delayed 2 second(s)

2018-05-28 12:31:24 - [TEST_STEP][PASSED] - Statement - RequestedQty = com.kms.katalon.core.webui.keyword.WebUiBuiltInKeywords.getAttribute(com.kms.katalon.core.testobject.ObjectRepository.findTestObject(DispensaryToStore/Page_Store/input_txttotal), "value"): Attribute 'value' of object 'Object Repository/DispensaryToStore/Page_Store/input_txttotal' is: '10'

2018-05-28 12:31:24 - [MESSAGE][PASSED] - Attribute 'value' of object 'Object Repository/DispensaryToStore/Page_Store/input_txttotal' is: '10'

2018-05-28 12:31:24 - [TEST_STEP][PASSED] - Statement - out.println("Requested QTY : " + RequestedQty): null

2018-05-28 12:31:24 - [TEST_STEP][PASSED] - Statement - BatchNumber = com.kms.katalon.core.webui.keyword.WebUiBuiltInKeywords.getNumberOfTotalOption(com.kms.katalon.core.testobject.ObjectRepository.findTestObject(DispensaryToStore/Page_Store/select_--Select--BA1170BA2376B)): 4 options of object 'Object Repository/DispensaryToStore/Page_Store/select_--Select--BA1170BA2376B' counted

2018-05-28 12:31:24 - [MESSAGE][PASSED] - 4 options of object 'Object Repository/DispensaryToStore/Page_Store/select_--Select--BA1170BA2376B' counted

2018-05-28 12:31:24 - [TEST_STEP][PASSED] - Statement - For ([g = 1, g <= BatchNumber - 1, (g++)]): null

2018-05-28 12:31:24 - [TEST_STEP][PASSED] - selectOptionByIndex: All options with index in [1] are selected on object 'Object Repository/DispensaryToStore/Page_Store/select_--Select--BA1170BA2376B'

2018-05-28 12:31:24 - [MESSAGE][PASSED] - All options with index in [1] are selected on object 'Object Repository/DispensaryToStore/Page_Store/select_--Select--BA1170BA2376B'

2018-05-28 12:31:24 - [TEST_STEP][PASSED] - Statement - Try: null

2018-05-28 12:31:24 - [TEST_STEP][PASSED] - Statement - StockQty = com.kms.katalon.core.webui.keyword.WebUiBuiltInKeywords.getAttribute(com.kms.katalon.core.testobject.ObjectRepository.findTestObject(DispensaryToStore/Page_Store/input_txtprice), "value"): Attribute 'value' of object 'Object Repository/DispensaryToStore/Page_Store/input_txtprice' is: '370'

2018-05-28 12:31:24 - [MESSAGE][PASSED] - Attribute 'value' of object 'Object Repository/DispensaryToStore/Page_Store/input_txtprice' is: '370'

2018-05-28 12:31:24 - [TEST_STEP][PASSED] - Statement - out.println("Stock QTY : " + StockQty): null

2018-05-28 12:31:24 - [TEST_STEP][PASSED] - delay: Delayed 2 second(s)

2018-05-28 12:31:26 - [MESSAGE][PASSED] - Delayed 2 second(s)

2018-05-28 12:31:26 - [TEST_STEP][PASSED] - Statement - If (java.lang.String.valueOf(StockQty) >= java.lang.String.valueOf(RequestedQty)): null

2018-05-28 12:31:26 - [TEST_STEP][PASSED] - setText: Text '10' is set on object 'Object Repository/DispensaryToStore/Page_Store/input_txtqty'

2018-05-28 12:31:26 - [MESSAGE][PASSED] - Text '10' is set on object 'Object Repository/DispensaryToStore/Page_Store/input_txtqty'

2018-05-28 12:31:26 - [TEST_STEP][PASSED] - click: Object: 'Object Repository/DispensaryToStore/Page_Store/button_Add' is clicked on

2018-05-28 12:31:26 - [MESSAGE][PASSED] - Object: 'Object Repository/DispensaryToStore/Page_Store/button_Add' is clicked on

2018-05-28 12:31:26 - [TEST_STEP][PASSED] - Statement - Break: null

2018-05-28 12:31:26 - [TEST_STEP][PASSED] - selectOptionByIndex: All options with index in [49] are selected on object 'Object Repository/DispensaryToStore/Page_Store/select_--Select--Adernaline 0.'

2018-05-28 12:31:27 - [MESSAGE][PASSED] - All options with index in [49] are selected on object 'Object Repository/DispensaryToStore/Page_Store/select_--Select--Adernaline 0.'

2018-05-28 12:31:27 - [TEST_STEP][PASSED] - delay: Delayed 2 second(s)

2018-05-28 12:31:29 - [MESSAGE][PASSED] - Delayed 2 second(s)

2018-05-28 12:31:29 - [TEST_STEP][PASSED] - Statement - RequestedQty = com.kms.katalon.core.webui.keyword.WebUiBuiltInKeywords.getAttribute(com.kms.katalon.core.testobject.ObjectRepository.findTestObject(DispensaryToStore/Page_Store/input_txttotal), "value"): Attribute 'value' of object 'Object Repository/DispensaryToStore/Page_Store/input_txttotal' is: '10'

2018-05-28 12:31:29 - [MESSAGE][PASSED] - Attribute 'value' of object 'Object Repository/DispensaryToStore/Page_Store/input_txttotal' is: '10'

2018-05-28 12:31:29 - [TEST_STEP][PASSED] - Statement - out.println("Requested QTY : " + RequestedQty): null

2018-05-28 12:31:29 - [TEST_STEP][PASSED] - Statement - BatchNumber = com.kms.katalon.core.webui.keyword.WebUiBuiltInKeywords.getNumberOfTotalOption(com.kms.katalon.core.testobject.ObjectRepository.findTestObject(DispensaryToStore/Page_Store/select_--Select--BA1170BA2376B)): 2 options of object 'Object Repository/DispensaryToStore/Page_Store/select_--Select--BA1170BA2376B' counted

2018-05-28 12:31:29 - [MESSAGE][PASSED] - 2 options of object 'Object Repository/DispensaryToStore/Page_Store/select_--Select--BA1170BA2376B' counted

2018-05-28 12:31:29 - [TEST_STEP][PASSED] - Statement - For ([g = 1, g <= BatchNumber - 1, (g++)]): null

2018-05-28 12:31:29 - [TEST_STEP][PASSED] - selectOptionByIndex: All options with index in [1] are selected on object 'Object Repository/DispensaryToStore/Page_Store/select_--Select--BA1170BA2376B'

2018-05-28 12:31:29 - [MESSAGE][PASSED] - All options with index in [1] are selected on object 'Object Repository/DispensaryToStore/Page_Store/select_--Select--BA1170BA2376B'

2018-05-28 12:31:29 - [TEST_STEP][PASSED] - Statement - Try: null

2018-05-28 12:31:29 - [TEST_STEP][PASSED] - Statement - StockQty = com.kms.katalon.core.webui.keyword.WebUiBuiltInKeywords.getAttribute(com.kms.katalon.core.testobject.ObjectRepository.findTestObject(DispensaryToStore/Page_Store/input_txtprice), "value"): Attribute 'value' of object 'Object Repository/DispensaryToStore/Page_Store/input_txtprice' is: '1530'

2018-05-28 12:31:29 - [MESSAGE][PASSED] - Attribute 'value' of object 'Object Repository/DispensaryToStore/Page_Store/input_txtprice' is: '1530'

2018-05-28 12:31:29 - [TEST_STEP][PASSED] - Statement - out.println("Stock QTY : " + StockQty): null

2018-05-28 12:31:29 - [TEST_STEP][PASSED] - delay: Delayed 2 second(s)

2018-05-28 12:31:31 - [MESSAGE][PASSED] - Delayed 2 second(s)

2018-05-28 12:31:31 - [TEST_STEP][PASSED] - Statement - If (java.lang.String.valueOf(StockQty) >= java.lang.String.valueOf(RequestedQty)): null

2018-05-28 12:31:31 - [TEST_STEP][PASSED] - setText: Text '10' is set on object 'Object Repository/DispensaryToStore/Page_Store/input_txtqty'

2018-05-28 12:31:31 - [MESSAGE][PASSED] - Text '10' is set on object 'Object Repository/DispensaryToStore/Page_Store/input_txtqty'

2018-05-28 12:31:31 - [TEST_STEP][PASSED] - click: Object: 'Object Repository/DispensaryToStore/Page_Store/button_Add' is clicked on

2018-05-28 12:31:31 - [MESSAGE][PASSED] - Object: 'Object Repository/DispensaryToStore/Page_Store/button_Add' is clicked on

2018-05-28 12:31:31 - [TEST_STEP][PASSED] - Statement - Break: null

2018-05-28 12:31:31 - [TEST_STEP][PASSED] - selectOptionByIndex: All options with index in [50] are selected on object 'Object Repository/DispensaryToStore/Page_Store/select_--Select--Adernaline 0.'

2018-05-28 12:31:32 - [MESSAGE][PASSED] - All options with index in [50] are selected on object 'Object Repository/DispensaryToStore/Page_Store/select_--Select--Adernaline 0.'

2018-05-28 12:31:32 - [TEST_STEP][PASSED] - delay: Delayed 2 second(s)

2018-05-28 12:31:34 - [MESSAGE][PASSED] - Delayed 2 second(s)

2018-05-28 12:31:34 - [TEST_STEP][PASSED] - Statement - RequestedQty = com.kms.katalon.core.webui.keyword.WebUiBuiltInKeywords.getAttribute(com.kms.katalon.core.testobject.ObjectRepository.findTestObject(DispensaryToStore/Page_Store/input_txttotal), "value"): Attribute 'value' of object 'Object Repository/DispensaryToStore/Page_Store/input_txttotal' is: '10'

2018-05-28 12:31:34 - [MESSAGE][PASSED] - Attribute 'value' of object 'Object Repository/DispensaryToStore/Page_Store/input_txttotal' is: '10'

2018-05-28 12:31:34 - [TEST_STEP][PASSED] - Statement - out.println("Requested QTY : " + RequestedQty): null

2018-05-28 12:31:34 - [TEST_STEP][PASSED] - Statement - BatchNumber = com.kms.katalon.core.webui.keyword.WebUiBuiltInKeywords.getNumberOfTotalOption(com.kms.katalon.core.testobject.ObjectRepository.findTestObject(DispensaryToStore/Page_Store/select_--Select--BA1170BA2376B)): 3 options of object 'Object Repository/DispensaryToStore/Page_Store/select_--Select--BA1170BA2376B' counted

2018-05-28 12:31:34 - [MESSAGE][PASSED] - 3 options of object 'Object Repository/DispensaryToStore/Page_Store/select_--Select--BA1170BA2376B' counted

2018-05-28 12:31:34 - [TEST_STEP][PASSED] - Statement - For ([g = 1, g <= BatchNumber - 1, (g++)]): null

2018-05-28 12:31:34 - [TEST_STEP][PASSED] - selectOptionByIndex: All options with index in [1] are selected on object 'Object Repository/DispensaryToStore/Page_Store/select_--Select--BA1170BA2376B'

2018-05-28 12:31:34 - [MESSAGE][PASSED] - All options with index in [1] are selected on object 'Object Repository/DispensaryToStore/Page_Store/select_--Select--BA1170BA2376B'

2018-05-28 12:31:34 - [TEST_STEP][PASSED] - Statement - Try: null

2018-05-28 12:31:34 - [TEST_STEP][PASSED] - Statement - StockQty = com.kms.katalon.core.webui.keyword.WebUiBuiltInKeywords.getAttribute(com.kms.katalon.core.testobject.ObjectRepository.findTestObject(DispensaryToStore/Page_Store/input_txtprice), "value"): Attribute 'value' of object 'Object Repository/DispensaryToStore/Page_Store/input_txtprice' is: '370'

2018-05-28 12:31:34 - [MESSAGE][PASSED] - Attribute 'value' of object 'Object Repository/DispensaryToStore/Page_Store/input_txtprice' is: '370'

2018-05-28 12:31:34 - [TEST_STEP][PASSED] - Statement - out.println("Stock QTY : " + StockQty): null

2018-05-28 12:31:34 - [TEST_STEP][PASSED] - delay: Delayed 2 second(s)

2018-05-28 12:31:36 - [MESSAGE][PASSED] - Delayed 2 second(s)

2018-05-28 12:31:36 - [TEST_STEP][PASSED] - Statement - If (java.lang.String.valueOf(StockQty) >= java.lang.String.valueOf(RequestedQty)): null

2018-05-28 12:31:36 - [TEST_STEP][PASSED] - setText: Text '10' is set on object 'Object Repository/DispensaryToStore/Page_Store/input_txtqty'

2018-05-28 12:31:36 - [MESSAGE][PASSED] - Text '10' is set on object 'Object Repository/DispensaryToStore/Page_Store/input_txtqty'

2018-05-28 12:31:36 - [TEST_STEP][PASSED] - click: Object: 'Object Repository/DispensaryToStore/Page_Store/button_Add' is clicked on

2018-05-28 12:31:36 - [MESSAGE][PASSED] - Object: 'Object Repository/DispensaryToStore/Page_Store/button_Add' is clicked on

2018-05-28 12:31:36 - [TEST_STEP][PASSED] - Statement - Break: null

2018-05-28 12:31:36 - [TEST_STEP][PASSED] - selectOptionByIndex: All options with index in [51] are selected on object 'Object Repository/DispensaryToStore/Page_Store/select_--Select--Adernaline 0.'

2018-05-28 12:31:37 - [MESSAGE][PASSED] - All options with index in [51] are selected on object 'Object Repository/DispensaryToStore/Page_Store/select_--Select--Adernaline 0.'

2018-05-28 12:31:37 - [TEST_STEP][PASSED] - delay: Delayed 2 second(s)

2018-05-28 12:31:39 - [MESSAGE][PASSED] - Delayed 2 second(s)

2018-05-28 12:31:39 - [TEST_STEP][PASSED] - Statement - RequestedQty = com.kms.katalon.core.webui.keyword.WebUiBuiltInKeywords.getAttribute(com.kms.katalon.core.testobject.ObjectRepository.findTestObject(DispensaryToStore/Page_Store/input_txttotal), "value"): Attribute 'value' of object 'Object Repository/DispensaryToStore/Page_Store/input_txttotal' is: '10'

2018-05-28 12:31:39 - [MESSAGE][PASSED] - Attribute 'value' of object 'Object Repository/DispensaryToStore/Page_Store/input_txttotal' is: '10'

2018-05-28 12:31:39 - [TEST_STEP][PASSED] - Statement - out.println("Requested QTY : " + RequestedQty): null

2018-05-28 12:31:39 - [TEST_STEP][PASSED] - Statement - BatchNumber = com.kms.katalon.core.webui.keyword.WebUiBuiltInKeywords.getNumberOfTotalOption(com.kms.katalon.core.testobject.ObjectRepository.findTestObject(DispensaryToStore/Page_Store/select_--Select--BA1170BA2376B)): 3 options of object 'Object Repository/DispensaryToStore/Page_Store/select_--Select--BA1170BA2376B' counted

2018-05-28 12:31:39 - [MESSAGE][PASSED] - 3 options of object 'Object Repository/DispensaryToStore/Page_Store/select_--Select--BA1170BA2376B' counted

2018-05-28 12:31:39 - [TEST_STEP][PASSED] - Statement - For ([g = 1, g <= BatchNumber - 1, (g++)]): null

2018-05-28 12:31:39 - [TEST_STEP][PASSED] - selectOptionByIndex: All options with index in [1] are selected on object 'Object Repository/DispensaryToStore/Page_Store/select_--Select--BA1170BA2376B'

2018-05-28 12:31:39 - [MESSAGE][PASSED] - All options with index in [1] are selected on object 'Object Repository/DispensaryToStore/Page_Store/select_--Select--BA1170BA2376B'

2018-05-28 12:31:39 - [TEST_STEP][PASSED] - Statement - Try: null

2018-05-28 12:31:39 - [TEST_STEP][PASSED] - Statement - StockQty = com.kms.katalon.core.webui.keyword.WebUiBuiltInKeywords.getAttribute(com.kms.katalon.core.testobject.ObjectRepository.findTestObject(DispensaryToStore/Page_Store/input_txtprice), "value"): Attribute 'value' of object 'Object Repository/DispensaryToStore/Page_Store/input_txtprice' is: '380'

2018-05-28 12:31:39 - [MESSAGE][PASSED] - Attribute 'value' of object 'Object Repository/DispensaryToStore/Page_Store/input_txtprice' is: '380'

2018-05-28 12:31:39 - [TEST_STEP][PASSED] - Statement - out.println("Stock QTY : " + StockQty): null

2018-05-28 12:31:39 - [TEST_STEP][PASSED] - delay: Delayed 2 second(s)

2018-05-28 12:31:41 - [MESSAGE][PASSED] - Delayed 2 second(s)

2018-05-28 12:31:41 - [TEST_STEP][PASSED] - Statement - If (java.lang.String.valueOf(StockQty) >= java.lang.String.valueOf(RequestedQty)): null

2018-05-28 12:31:41 - [TEST_STEP][PASSED] - setText: Text '10' is set on object 'Object Repository/DispensaryToStore/Page_Store/input_txtqty'

2018-05-28 12:31:41 - [MESSAGE][PASSED] - Text '10' is set on object 'Object Repository/DispensaryToStore/Page_Store/input_txtqty'

2018-05-28 12:31:41 - [TEST_STEP][PASSED] - click: Object: 'Object Repository/DispensaryToStore/Page_Store/button_Add' is clicked on

2018-05-28 12:31:41 - [MESSAGE][PASSED] - Object: 'Object Repository/DispensaryToStore/Page_Store/button_Add' is clicked on

2018-05-28 12:31:41 - [TEST_STEP][PASSED] - Statement - Break: null

2018-05-28 12:31:41 - [TEST_STEP][PASSED] - selectOptionByIndex: All options with index in [52] are selected on object 'Object Repository/DispensaryToStore/Page_Store/select_--Select--Adernaline 0.'

2018-05-28 12:31:42 - [MESSAGE][PASSED] - All options with index in [52] are selected on object 'Object Repository/DispensaryToStore/Page_Store/select_--Select--Adernaline 0.'

2018-05-28 12:31:42 - [TEST_STEP][PASSED] - delay: Delayed 2 second(s)

2018-05-28 12:31:44 - [MESSAGE][PASSED] - Delayed 2 second(s)

2018-05-28 12:31:44 - [TEST_STEP][PASSED] - Statement - RequestedQty = com.kms.katalon.core.webui.keyword.WebUiBuiltInKeywords.getAttribute(com.kms.katalon.core.testobject.ObjectRepository.findTestObject(DispensaryToStore/Page_Store/input_txttotal), "value"): Attribute 'value' of object 'Object Repository/DispensaryToStore/Page_Store/input_txttotal' is: '10'

2018-05-28 12:31:44 - [MESSAGE][PASSED] - Attribute 'value' of object 'Object Repository/DispensaryToStore/Page_Store/input_txttotal' is: '10'

2018-05-28 12:31:44 - [TEST_STEP][PASSED] - Statement - out.println("Requested QTY : " + RequestedQty): null

2018-05-28 12:31:44 - [TEST_STEP][PASSED] - Statement - BatchNumber = com.kms.katalon.core.webui.keyword.WebUiBuiltInKeywords.getNumberOfTotalOption(com.kms.katalon.core.testobject.ObjectRepository.findTestObject(DispensaryToStore/Page_Store/select_--Select--BA1170BA2376B)): 3 options of object 'Object Repository/DispensaryToStore/Page_Store/select_--Select--BA1170BA2376B' counted

2018-05-28 12:31:44 - [MESSAGE][PASSED] - 3 options of object 'Object Repository/DispensaryToStore/Page_Store/select_--Select--BA1170BA2376B' counted

2018-05-28 12:31:44 - [TEST_STEP][PASSED] - Statement - For ([g = 1, g <= BatchNumber - 1, (g++)]): null

2018-05-28 12:31:44 - [TEST_STEP][PASSED] - selectOptionByIndex: All options with index in [1] are selected on object 'Object Repository/DispensaryToStore/Page_Store/select_--Select--BA1170BA2376B'

2018-05-28 12:31:44 - [MESSAGE][PASSED] - All options with index in [1] are selected on object 'Object Repository/DispensaryToStore/Page_Store/select_--Select--BA1170BA2376B'

2018-05-28 12:31:44 - [TEST_STEP][PASSED] - Statement - Try: null

2018-05-28 12:31:44 - [TEST_STEP][PASSED] - Statement - StockQty = com.kms.katalon.core.webui.keyword.WebUiBuiltInKeywords.getAttribute(com.kms.katalon.core.testobject.ObjectRepository.findTestObject(DispensaryToStore/Page_Store/input_txtprice), "value"): Attribute 'value' of object 'Object Repository/DispensaryToStore/Page_Store/input_txtprice' is: '370'

2018-05-28 12:31:44 - [MESSAGE][PASSED] - Attribute 'value' of object 'Object Repository/DispensaryToStore/Page_Store/input_txtprice' is: '370'

2018-05-28 12:31:44 - [TEST_STEP][PASSED] - Statement - out.println("Stock QTY : " + StockQty): null

2018-05-28 12:31:44 - [TEST_STEP][PASSED] - delay: Delayed 2 second(s)

2018-05-28 12:31:46 - [MESSAGE][PASSED] - Delayed 2 second(s)

2018-05-28 12:31:46 - [TEST_STEP][PASSED] - Statement - If (java.lang.String.valueOf(StockQty) >= java.lang.String.valueOf(RequestedQty)): null

2018-05-28 12:31:46 - [TEST_STEP][PASSED] - setText: Text '10' is set on object 'Object Repository/DispensaryToStore/Page_Store/input_txtqty'

2018-05-28 12:31:46 - [MESSAGE][PASSED] - Text '10' is set on object 'Object Repository/DispensaryToStore/Page_Store/input_txtqty'

2018-05-28 12:31:46 - [TEST_STEP][PASSED] - click: Object: 'Object Repository/DispensaryToStore/Page_Store/button_Add' is clicked on

2018-05-28 12:31:46 - [MESSAGE][PASSED] - Object: 'Object Repository/DispensaryToStore/Page_Store/button_Add' is clicked on

2018-05-28 12:31:46 - [TEST_STEP][PASSED] - Statement - Break: null

2018-05-28 12:31:46 - [TEST_STEP][PASSED] - selectOptionByIndex: All options with index in [53] are selected on object 'Object Repository/DispensaryToStore/Page_Store/select_--Select--Adernaline 0.'

2018-05-28 12:31:47 - [MESSAGE][PASSED] - All options with index in [53] are selected on object 'Object Repository/DispensaryToStore/Page_Store/select_--Select--Adernaline 0.'

2018-05-28 12:31:47 - [TEST_STEP][PASSED] - delay: Delayed 2 second(s)

2018-05-28 12:31:49 - [MESSAGE][PASSED] - Delayed 2 second(s)

2018-05-28 12:31:49 - [TEST_STEP][PASSED] - Statement - RequestedQty = com.kms.katalon.core.webui.keyword.WebUiBuiltInKeywords.getAttribute(com.kms.katalon.core.testobject.ObjectRepository.findTestObject(DispensaryToStore/Page_Store/input_txttotal), "value"): Attribute 'value' of object 'Object Repository/DispensaryToStore/Page_Store/input_txttotal' is: '10'

2018-05-28 12:31:49 - [MESSAGE][PASSED] - Attribute 'value' of object 'Object Repository/DispensaryToStore/Page_Store/input_txttotal' is: '10'

2018-05-28 12:31:49 - [TEST_STEP][PASSED] - Statement - out.println("Requested QTY : " + RequestedQty): null

2018-05-28 12:31:49 - [TEST_STEP][PASSED] - Statement - BatchNumber = com.kms.katalon.core.webui.keyword.WebUiBuiltInKeywords.getNumberOfTotalOption(com.kms.katalon.core.testobject.ObjectRepository.findTestObject(DispensaryToStore/Page_Store/select_--Select--BA1170BA2376B)): 2 options of object 'Object Repository/DispensaryToStore/Page_Store/select_--Select--BA1170BA2376B' counted

2018-05-28 12:31:49 - [MESSAGE][PASSED] - 2 options of object 'Object Repository/DispensaryToStore/Page_Store/select_--Select--BA1170BA2376B' counted

2018-05-28 12:31:49 - [TEST_STEP][PASSED] - Statement - For ([g = 1, g <= BatchNumber - 1, (g++)]): null

2018-05-28 12:31:49 - [TEST_STEP][PASSED] - selectOptionByIndex: All options with index in [1] are selected on object 'Object Repository/DispensaryToStore/Page_Store/select_--Select--BA1170BA2376B'

2018-05-28 12:31:49 - [MESSAGE][PASSED] - All options with index in [1] are selected on object 'Object Repository/DispensaryToStore/Page_Store/select_--Select--BA1170BA2376B'

2018-05-28 12:31:49 - [TEST_STEP][PASSED] - Statement - Try: null

2018-05-28 12:31:49 - [TEST_STEP][PASSED] - Statement - StockQty = com.kms.katalon.core.webui.keyword.WebUiBuiltInKeywords.getAttribute(com.kms.katalon.core.testobject.ObjectRepository.findTestObject(DispensaryToStore/Page_Store/input_txtprice), "value"): Attribute 'value' of object 'Object Repository/DispensaryToStore/Page_Store/input_txtprice' is: '1530'

2018-05-28 12:31:49 - [MESSAGE][PASSED] - Attribute 'value' of object 'Object Repository/DispensaryToStore/Page_Store/input_txtprice' is: '1530'

2018-05-28 12:31:49 - [TEST_STEP][PASSED] - Statement - out.println("Stock QTY : " + StockQty): null

2018-05-28 12:31:49 - [TEST_STEP][PASSED] - delay: Delayed 2 second(s)

2018-05-28 12:31:51 - [MESSAGE][PASSED] - Delayed 2 second(s)

2018-05-28 12:31:51 - [TEST_STEP][PASSED] - Statement - If (java.lang.String.valueOf(StockQty) >= java.lang.String.valueOf(RequestedQty)): null

2018-05-28 12:31:51 - [TEST_STEP][PASSED] - setText: Text '10' is set on object 'Object Repository/DispensaryToStore/Page_Store/input_txtqty'

2018-05-28 12:31:51 - [MESSAGE][PASSED] - Text '10' is set on object 'Object Repository/DispensaryToStore/Page_Store/input_txtqty'

2018-05-28 12:31:51 - [TEST_STEP][PASSED] - click: Object: 'Object Repository/DispensaryToStore/Page_Store/button_Add' is clicked on

2018-05-28 12:31:51 - [MESSAGE][PASSED] - Object: 'Object Repository/DispensaryToStore/Page_Store/button_Add' is clicked on

2018-05-28 12:31:51 - [TEST_STEP][PASSED] - Statement - Break: null

2018-05-28 12:31:51 - [TEST_STEP][PASSED] - selectOptionByIndex: All options with index in [54] are selected on object 'Object Repository/DispensaryToStore/Page_Store/select_--Select--Adernaline 0.'

2018-05-28 12:31:52 - [MESSAGE][PASSED] - All options with index in [54] are selected on object 'Object Repository/DispensaryToStore/Page_Store/select_--Select--Adernaline 0.'

2018-05-28 12:31:52 - [TEST_STEP][PASSED] - delay: Delayed 2 second(s)

2018-05-28 12:31:54 - [MESSAGE][PASSED] - Delayed 2 second(s)

2018-05-28 12:31:54 - [TEST_STEP][PASSED] - Statement - RequestedQty = com.kms.katalon.core.webui.keyword.WebUiBuiltInKeywords.getAttribute(com.kms.katalon.core.testobject.ObjectRepository.findTestObject(DispensaryToStore/Page_Store/input_txttotal), "value"): Attribute 'value' of object 'Object Repository/DispensaryToStore/Page_Store/input_txttotal' is: '10'

2018-05-28 12:31:54 - [MESSAGE][PASSED] - Attribute 'value' of object 'Object Repository/DispensaryToStore/Page_Store/input_txttotal' is: '10'

2018-05-28 12:31:54 - [TEST_STEP][PASSED] - Statement - out.println("Requested QTY : " + RequestedQty): null

2018-05-28 12:31:54 - [TEST_STEP][PASSED] - Statement - BatchNumber = com.kms.katalon.core.webui.keyword.WebUiBuiltInKeywords.getNumberOfTotalOption(com.kms.katalon.core.testobject.ObjectRepository.findTestObject(DispensaryToStore/Page_Store/select_--Select--BA1170BA2376B)): 2 options of object 'Object Repository/DispensaryToStore/Page_Store/select_--Select--BA1170BA2376B' counted

2018-05-28 12:31:54 - [MESSAGE][PASSED] - 2 options of object 'Object Repository/DispensaryToStore/Page_Store/select_--Select--BA1170BA2376B' counted

2018-05-28 12:31:54 - [TEST_STEP][PASSED] - Statement - For ([g = 1, g <= BatchNumber - 1, (g++)]): null

2018-05-28 12:31:54 - [TEST_STEP][PASSED] - selectOptionByIndex: All options with index in [1] are selected on object 'Object Repository/DispensaryToStore/Page_Store/select_--Select--BA1170BA2376B'

2018-05-28 12:31:54 - [MESSAGE][PASSED] - All options with index in [1] are selected on object 'Object Repository/DispensaryToStore/Page_Store/select_--Select--BA1170BA2376B'

2018-05-28 12:31:54 - [TEST_STEP][PASSED] - Statement - Try: null

2018-05-28 12:31:54 - [TEST_STEP][PASSED] - Statement - StockQty = com.kms.katalon.core.webui.keyword.WebUiBuiltInKeywords.getAttribute(com.kms.katalon.core.testobject.ObjectRepository.findTestObject(DispensaryToStore/Page_Store/input_txtprice), "value"): Attribute 'value' of object 'Object Repository/DispensaryToStore/Page_Store/input_txtprice' is: '1530'

2018-05-28 12:31:54 - [MESSAGE][PASSED] - Attribute 'value' of object 'Object Repository/DispensaryToStore/Page_Store/input_txtprice' is: '1530'

2018-05-28 12:31:54 - [TEST_STEP][PASSED] - Statement - out.println("Stock QTY : " + StockQty): null

2018-05-28 12:31:54 - [TEST_STEP][PASSED] - delay: Delayed 2 second(s)

2018-05-28 12:31:56 - [MESSAGE][PASSED] - Delayed 2 second(s)

2018-05-28 12:31:56 - [TEST_STEP][PASSED] - Statement - If (java.lang.String.valueOf(StockQty) >= java.lang.String.valueOf(RequestedQty)): null

2018-05-28 12:31:56 - [TEST_STEP][PASSED] - setText: Text '10' is set on object 'Object Repository/DispensaryToStore/Page_Store/input_txtqty'

2018-05-28 12:31:56 - [MESSAGE][PASSED] - Text '10' is set on object 'Object Repository/DispensaryToStore/Page_Store/input_txtqty'

2018-05-28 12:31:56 - [TEST_STEP][PASSED] - click: Object: 'Object Repository/DispensaryToStore/Page_Store/button_Add' is clicked on

2018-05-28 12:31:56 - [MESSAGE][PASSED] - Object: 'Object Repository/DispensaryToStore/Page_Store/button_Add' is clicked on

2018-05-28 12:31:56 - [TEST_STEP][PASSED] - Statement - Break: null

2018-05-28 12:31:56 - [TEST_STEP][PASSED] - selectOptionByIndex: All options with index in [55] are selected on object 'Object Repository/DispensaryToStore/Page_Store/select_--Select--Adernaline 0.'

2018-05-28 12:31:57 - [MESSAGE][PASSED] - All options with index in [55] are selected on object 'Object Repository/DispensaryToStore/Page_Store/select_--Select--Adernaline 0.'

2018-05-28 12:31:57 - [TEST_STEP][PASSED] - delay: Delayed 2 second(s)

2018-05-28 12:31:59 - [MESSAGE][PASSED] - Delayed 2 second(s)

2018-05-28 12:31:59 - [TEST_STEP][PASSED] - Statement - RequestedQty = com.kms.katalon.core.webui.keyword.WebUiBuiltInKeywords.getAttribute(com.kms.katalon.core.testobject.ObjectRepository.findTestObject(DispensaryToStore/Page_Store/input_txttotal), "value"): Attribute 'value' of object 'Object Repository/DispensaryToStore/Page_Store/input_txttotal' is: '10'

2018-05-28 12:31:59 - [MESSAGE][PASSED] - Attribute 'value' of object 'Object Repository/DispensaryToStore/Page_Store/input_txttotal' is: '10'

2018-05-28 12:31:59 - [TEST_STEP][PASSED] - Statement - out.println("Requested QTY : " + RequestedQty): null

2018-05-28 12:31:59 - [TEST_STEP][PASSED] - Statement - BatchNumber = com.kms.katalon.core.webui.keyword.WebUiBuiltInKeywords.getNumberOfTotalOption(com.kms.katalon.core.testobject.ObjectRepository.findTestObject(DispensaryToStore/Page_Store/select_--Select--BA1170BA2376B)): 3 options of object 'Object Repository/DispensaryToStore/Page_Store/select_--Select--BA1170BA2376B' counted

2018-05-28 12:31:59 - [MESSAGE][PASSED] - 3 options of object 'Object Repository/DispensaryToStore/Page_Store/select_--Select--BA1170BA2376B' counted

2018-05-28 12:31:59 - [TEST_STEP][PASSED] - Statement - For ([g = 1, g <= BatchNumber - 1, (g++)]): null

2018-05-28 12:31:59 - [TEST_STEP][PASSED] - selectOptionByIndex: All options with index in [1] are selected on object 'Object Repository/DispensaryToStore/Page_Store/select_--Select--BA1170BA2376B'

2018-05-28 12:31:59 - [MESSAGE][PASSED] - All options with index in [1] are selected on object 'Object Repository/DispensaryToStore/Page_Store/select_--Select--BA1170BA2376B'

2018-05-28 12:31:59 - [TEST_STEP][PASSED] - Statement - Try: null

2018-05-28 12:31:59 - [TEST_STEP][PASSED] - Statement - StockQty = com.kms.katalon.core.webui.keyword.WebUiBuiltInKeywords.getAttribute(com.kms.katalon.core.testobject.ObjectRepository.findTestObject(DispensaryToStore/Page_Store/input_txtprice), "value"): Attribute 'value' of object 'Object Repository/DispensaryToStore/Page_Store/input_txtprice' is: '1330'

2018-05-28 12:31:59 - [MESSAGE][PASSED] - Attribute 'value' of object 'Object Repository/DispensaryToStore/Page_Store/input_txtprice' is: '1330'

2018-05-28 12:31:59 - [TEST_STEP][PASSED] - Statement - out.println("Stock QTY : " + StockQty): null

2018-05-28 12:31:59 - [TEST_STEP][PASSED] - delay: Delayed 2 second(s)

2018-05-28 12:32:01 - [MESSAGE][PASSED] - Delayed 2 second(s)

2018-05-28 12:32:01 - [TEST_STEP][PASSED] - Statement - If (java.lang.String.valueOf(StockQty) >= java.lang.String.valueOf(RequestedQty)): null

2018-05-28 12:32:01 - [TEST_STEP][PASSED] - setText: Text '10' is set on object 'Object Repository/DispensaryToStore/Page_Store/input_txtqty'

2018-05-28 12:32:01 - [MESSAGE][PASSED] - Text '10' is set on object 'Object Repository/DispensaryToStore/Page_Store/input_txtqty'

2018-05-28 12:32:01 - [TEST_STEP][PASSED] - click: Object: 'Object Repository/DispensaryToStore/Page_Store/button_Add' is clicked on

2018-05-28 12:32:02 - [MESSAGE][PASSED] - Object: 'Object Repository/DispensaryToStore/Page_Store/button_Add' is clicked on

2018-05-28 12:32:02 - [TEST_STEP][PASSED] - Statement - Break: null

2018-05-28 12:32:02 - [TEST_STEP][PASSED] - selectOptionByIndex: All options with index in [56] are selected on object 'Object Repository/DispensaryToStore/Page_Store/select_--Select--Adernaline 0.'

2018-05-28 12:32:02 - [MESSAGE][PASSED] - All options with index in [56] are selected on object 'Object Repository/DispensaryToStore/Page_Store/select_--Select--Adernaline 0.'

2018-05-28 12:32:02 - [TEST_STEP][PASSED] - delay: Delayed 2 second(s)

2018-05-28 12:32:04 - [MESSAGE][PASSED] - Delayed 2 second(s)

2018-05-28 12:32:04 - [TEST_STEP][PASSED] - Statement - RequestedQty = com.kms.katalon.core.webui.keyword.WebUiBuiltInKeywords.getAttribute(com.kms.katalon.core.testobject.ObjectRepository.findTestObject(DispensaryToStore/Page_Store/input_txttotal), "value"): Attribute 'value' of object 'Object Repository/DispensaryToStore/Page_Store/input_txttotal' is: '10'

2018-05-28 12:32:04 - [MESSAGE][PASSED] - Attribute 'value' of object 'Object Repository/DispensaryToStore/Page_Store/input_txttotal' is: '10'

2018-05-28 12:32:04 - [TEST_STEP][PASSED] - Statement - out.println("Requested QTY : " + RequestedQty): null

2018-05-28 12:32:04 - [TEST_STEP][PASSED] - Statement - BatchNumber = com.kms.katalon.core.webui.keyword.WebUiBuiltInKeywords.getNumberOfTotalOption(com.kms.katalon.core.testobject.ObjectRepository.findTestObject(DispensaryToStore/Page_Store/select_--Select--BA1170BA2376B)): 3 options of object 'Object Repository/DispensaryToStore/Page_Store/select_--Select--BA1170BA2376B' counted

2018-05-28 12:32:04 - [MESSAGE][PASSED] - 3 options of object 'Object Repository/DispensaryToStore/Page_Store/select_--Select--BA1170BA2376B' counted

2018-05-28 12:32:04 - [TEST_STEP][PASSED] - Statement - For ([g = 1, g <= BatchNumber - 1, (g++)]): null

2018-05-28 12:32:04 - [TEST_STEP][PASSED] - selectOptionByIndex: All options with index in [1] are selected on object 'Object Repository/DispensaryToStore/Page_Store/select_--Select--BA1170BA2376B'

2018-05-28 12:32:04 - [MESSAGE][PASSED] - All options with index in [1] are selected on object 'Object Repository/DispensaryToStore/Page_Store/select_--Select--BA1170BA2376B'

2018-05-28 12:32:04 - [TEST_STEP][PASSED] - Statement - Try: null

2018-05-28 12:32:04 - [TEST_STEP][PASSED] - Statement - StockQty = com.kms.katalon.core.webui.keyword.WebUiBuiltInKeywords.getAttribute(com.kms.katalon.core.testobject.ObjectRepository.findTestObject(DispensaryToStore/Page_Store/input_txtprice), "value"): Attribute 'value' of object 'Object Repository/DispensaryToStore/Page_Store/input_txtprice' is: '370'

2018-05-28 12:32:05 - [MESSAGE][PASSED] - Attribute 'value' of object 'Object Repository/DispensaryToStore/Page_Store/input_txtprice' is: '370'

2018-05-28 12:32:05 - [TEST_STEP][PASSED] - Statement - out.println("Stock QTY : " + StockQty): null

2018-05-28 12:32:05 - [TEST_STEP][PASSED] - delay: Delayed 2 second(s)

2018-05-28 12:32:07 - [MESSAGE][PASSED] - Delayed 2 second(s)

2018-05-28 12:32:07 - [TEST_STEP][PASSED] - Statement - If (java.lang.String.valueOf(StockQty) >= java.lang.String.valueOf(RequestedQty)): null

2018-05-28 12:32:07 - [TEST_STEP][PASSED] - setText: Text '10' is set on object 'Object Repository/DispensaryToStore/Page_Store/input_txtqty'

2018-05-28 12:32:07 - [MESSAGE][PASSED] - Text '10' is set on object 'Object Repository/DispensaryToStore/Page_Store/input_txtqty'

2018-05-28 12:32:07 - [TEST_STEP][PASSED] - click: Object: 'Object Repository/DispensaryToStore/Page_Store/button_Add' is clicked on

2018-05-28 12:32:07 - [MESSAGE][PASSED] - Object: 'Object Repository/DispensaryToStore/Page_Store/button_Add' is clicked on

2018-05-28 12:32:07 - [TEST_STEP][PASSED] - Statement - Break: null

2018-05-28 12:32:07 - [TEST_STEP][PASSED] - selectOptionByIndex: All options with index in [57] are selected on object 'Object Repository/DispensaryToStore/Page_Store/select_--Select--Adernaline 0.'

2018-05-28 12:32:07 - [MESSAGE][PASSED] - All options with index in [57] are selected on object 'Object Repository/DispensaryToStore/Page_Store/select_--Select--Adernaline 0.'

2018-05-28 12:32:07 - [TEST_STEP][PASSED] - delay: Delayed 2 second(s)

2018-05-28 12:32:09 - [MESSAGE][PASSED] - Delayed 2 second(s)

2018-05-28 12:32:09 - [TEST_STEP][PASSED] - Statement - RequestedQty = com.kms.katalon.core.webui.keyword.WebUiBuiltInKeywords.getAttribute(com.kms.katalon.core.testobject.ObjectRepository.findTestObject(DispensaryToStore/Page_Store/input_txttotal), "value"): Attribute 'value' of object 'Object Repository/DispensaryToStore/Page_Store/input_txttotal' is: '10'

2018-05-28 12:32:09 - [MESSAGE][PASSED] - Attribute 'value' of object 'Object Repository/DispensaryToStore/Page_Store/input_txttotal' is: '10'

2018-05-28 12:32:09 - [TEST_STEP][PASSED] - Statement - out.println("Requested QTY : " + RequestedQty): null

2018-05-28 12:32:09 - [TEST_STEP][PASSED] - Statement - BatchNumber = com.kms.katalon.core.webui.keyword.WebUiBuiltInKeywords.getNumberOfTotalOption(com.kms.katalon.core.testobject.ObjectRepository.findTestObject(DispensaryToStore/Page_Store/select_--Select--BA1170BA2376B)): 3 options of object 'Object Repository/DispensaryToStore/Page_Store/select_--Select--BA1170BA2376B' counted

2018-05-28 12:32:09 - [MESSAGE][PASSED] - 3 options of object 'Object Repository/DispensaryToStore/Page_Store/select_--Select--BA1170BA2376B' counted

2018-05-28 12:32:09 - [TEST_STEP][PASSED] - Statement - For ([g = 1, g <= BatchNumber - 1, (g++)]): null

2018-05-28 12:32:09 - [TEST_STEP][PASSED] - selectOptionByIndex: All options with index in [1] are selected on object 'Object Repository/DispensaryToStore/Page_Store/select_--Select--BA1170BA2376B'

2018-05-28 12:32:10 - [MESSAGE][PASSED] - All options with index in [1] are selected on object 'Object Repository/DispensaryToStore/Page_Store/select_--Select--BA1170BA2376B'

2018-05-28 12:32:10 - [TEST_STEP][PASSED] - Statement - Try: null

2018-05-28 12:32:10 - [TEST_STEP][PASSED] - Statement - StockQty = com.kms.katalon.core.webui.keyword.WebUiBuiltInKeywords.getAttribute(com.kms.katalon.core.testobject.ObjectRepository.findTestObject(DispensaryToStore/Page_Store/input_txtprice), "value"): Attribute 'value' of object 'Object Repository/DispensaryToStore/Page_Store/input_txtprice' is: '1330'

2018-05-28 12:32:10 - [MESSAGE][PASSED] - Attribute 'value' of object 'Object Repository/DispensaryToStore/Page_Store/input_txtprice' is: '1330'

2018-05-28 12:32:10 - [TEST_STEP][PASSED] - Statement - out.println("Stock QTY : " + StockQty): null

2018-05-28 12:32:10 - [TEST_STEP][PASSED] - delay: Delayed 2 second(s)

2018-05-28 12:32:12 - [MESSAGE][PASSED] - Delayed 2 second(s)

2018-05-28 12:32:12 - [TEST_STEP][PASSED] - Statement - If (java.lang.String.valueOf(StockQty) >= java.lang.String.valueOf(RequestedQty)): null

2018-05-28 12:32:12 - [TEST_STEP][PASSED] - setText: Text '10' is set on object 'Object Repository/DispensaryToStore/Page_Store/input_txtqty'

2018-05-28 12:32:12 - [MESSAGE][PASSED] - Text '10' is set on object 'Object Repository/DispensaryToStore/Page_Store/input_txtqty'

2018-05-28 12:32:12 - [TEST_STEP][PASSED] - click: Object: 'Object Repository/DispensaryToStore/Page_Store/button_Add' is clicked on

2018-05-28 12:32:12 - [MESSAGE][PASSED] - Object: 'Object Repository/DispensaryToStore/Page_Store/button_Add' is clicked on

2018-05-28 12:32:12 - [TEST_STEP][PASSED] - Statement - Break: null

2018-05-28 12:32:12 - [TEST_STEP][PASSED] - selectOptionByIndex: All options with index in [58] are selected on object 'Object Repository/DispensaryToStore/Page_Store/select_--Select--Adernaline 0.'

2018-05-28 12:32:12 - [MESSAGE][PASSED] - All options with index in [58] are selected on object 'Object Repository/DispensaryToStore/Page_Store/select_--Select--Adernaline 0.'

2018-05-28 12:32:12 - [TEST_STEP][PASSED] - delay: Delayed 2 second(s)

2018-05-28 12:32:14 - [MESSAGE][PASSED] - Delayed 2 second(s)

2018-05-28 12:32:14 - [TEST_STEP][PASSED] - Statement - RequestedQty = com.kms.katalon.core.webui.keyword.WebUiBuiltInKeywords.getAttribute(com.kms.katalon.core.testobject.ObjectRepository.findTestObject(DispensaryToStore/Page_Store/input_txttotal), "value"): Attribute 'value' of object 'Object Repository/DispensaryToStore/Page_Store/input_txttotal' is: '10'

2018-05-28 12:32:14 - [MESSAGE][PASSED] - Attribute 'value' of object 'Object Repository/DispensaryToStore/Page_Store/input_txttotal' is: '10'

2018-05-28 12:32:14 - [TEST_STEP][PASSED] - Statement - out.println("Requested QTY : " + RequestedQty): null

2018-05-28 12:32:14 - [TEST_STEP][PASSED] - Statement - BatchNumber = com.kms.katalon.core.webui.keyword.WebUiBuiltInKeywords.getNumberOfTotalOption(com.kms.katalon.core.testobject.ObjectRepository.findTestObject(DispensaryToStore/Page_Store/select_--Select--BA1170BA2376B)): 3 options of object 'Object Repository/DispensaryToStore/Page_Store/select_--Select--BA1170BA2376B' counted

2018-05-28 12:32:15 - [MESSAGE][PASSED] - 3 options of object 'Object Repository/DispensaryToStore/Page_Store/select_--Select--BA1170BA2376B' counted

2018-05-28 12:32:15 - [TEST_STEP][PASSED] - Statement - For ([g = 1, g <= BatchNumber - 1, (g++)]): null

2018-05-28 12:32:15 - [TEST_STEP][PASSED] - selectOptionByIndex: All options with index in [1] are selected on object 'Object Repository/DispensaryToStore/Page_Store/select_--Select--BA1170BA2376B'

2018-05-28 12:32:15 - [MESSAGE][PASSED] - All options with index in [1] are selected on object 'Object Repository/DispensaryToStore/Page_Store/select_--Select--BA1170BA2376B'

2018-05-28 12:32:15 - [TEST_STEP][PASSED] - Statement - Try: null

2018-05-28 12:32:15 - [TEST_STEP][PASSED] - Statement - StockQty = com.kms.katalon.core.webui.keyword.WebUiBuiltInKeywords.getAttribute(com.kms.katalon.core.testobject.ObjectRepository.findTestObject(DispensaryToStore/Page_Store/input_txtprice), "value"): Attribute 'value' of object 'Object Repository/DispensaryToStore/Page_Store/input_txtprice' is: '1330'

2018-05-28 12:32:15 - [MESSAGE][PASSED] - Attribute 'value' of object 'Object Repository/DispensaryToStore/Page_Store/input_txtprice' is: '1330'

2018-05-28 12:32:15 - [TEST_STEP][PASSED] - Statement - out.println("Stock QTY : " + StockQty): null

2018-05-28 12:32:15 - [TEST_STEP][PASSED] - delay: Delayed 2 second(s)

2018-05-28 12:32:17 - [MESSAGE][PASSED] - Delayed 2 second(s)

2018-05-28 12:32:17 - [TEST_STEP][PASSED] - Statement - If (java.lang.String.valueOf(StockQty) >= java.lang.String.valueOf(RequestedQty)): null

2018-05-28 12:32:17 - [TEST_STEP][PASSED] - setText: Text '10' is set on object 'Object Repository/DispensaryToStore/Page_Store/input_txtqty'

2018-05-28 12:32:17 - [MESSAGE][PASSED] - Text '10' is set on object 'Object Repository/DispensaryToStore/Page_Store/input_txtqty'

2018-05-28 12:32:17 - [TEST_STEP][PASSED] - click: Object: 'Object Repository/DispensaryToStore/Page_Store/button_Add' is clicked on

2018-05-28 12:32:17 - [MESSAGE][PASSED] - Object: 'Object Repository/DispensaryToStore/Page_Store/button_Add' is clicked on

2018-05-28 12:32:17 - [TEST_STEP][PASSED] - Statement - Break: null

2018-05-28 12:32:17 - [TEST_STEP][PASSED] - selectOptionByIndex: All options with index in [59] are selected on object 'Object Repository/DispensaryToStore/Page_Store/select_--Select--Adernaline 0.'

2018-05-28 12:32:18 - [MESSAGE][PASSED] - All options with index in [59] are selected on object 'Object Repository/DispensaryToStore/Page_Store/select_--Select--Adernaline 0.'

2018-05-28 12:32:18 - [TEST_STEP][PASSED] - delay: Delayed 2 second(s)

2018-05-28 12:32:20 - [MESSAGE][PASSED] - Delayed 2 second(s)

2018-05-28 12:32:20 - [TEST_STEP][PASSED] - Statement - RequestedQty = com.kms.katalon.core.webui.keyword.WebUiBuiltInKeywords.getAttribute(com.kms.katalon.core.testobject.ObjectRepository.findTestObject(DispensaryToStore/Page_Store/input_txttotal), "value"): Attribute 'value' of object 'Object Repository/DispensaryToStore/Page_Store/input_txttotal' is: '10'

2018-05-28 12:32:20 - [MESSAGE][PASSED] - Attribute 'value' of object 'Object Repository/DispensaryToStore/Page_Store/input_txttotal' is: '10'

2018-05-28 12:32:20 - [TEST_STEP][PASSED] - Statement - out.println("Requested QTY : " + RequestedQty): null

2018-05-28 12:32:20 - [TEST_STEP][PASSED] - Statement - BatchNumber = com.kms.katalon.core.webui.keyword.WebUiBuiltInKeywords.getNumberOfTotalOption(com.kms.katalon.core.testobject.ObjectRepository.findTestObject(DispensaryToStore/Page_Store/select_--Select--BA1170BA2376B)): 3 options of object 'Object Repository/DispensaryToStore/Page_Store/select_--Select--BA1170BA2376B' counted

2018-05-28 12:32:20 - [MESSAGE][PASSED] - 3 options of object 'Object Repository/DispensaryToStore/Page_Store/select_--Select--BA1170BA2376B' counted

2018-05-28 12:32:20 - [TEST_STEP][PASSED] - Statement - For ([g = 1, g <= BatchNumber - 1, (g++)]): null

2018-05-28 12:32:20 - [TEST_STEP][PASSED] - selectOptionByIndex: All options with index in [1] are selected on object 'Object Repository/DispensaryToStore/Page_Store/select_--Select--BA1170BA2376B'

2018-05-28 12:32:20 - [MESSAGE][PASSED] - All options with index in [1] are selected on object 'Object Repository/DispensaryToStore/Page_Store/select_--Select--BA1170BA2376B'

2018-05-28 12:32:20 - [TEST_STEP][PASSED] - Statement - Try: null

2018-05-28 12:32:20 - [TEST_STEP][PASSED] - Statement - StockQty = com.kms.katalon.core.webui.keyword.WebUiBuiltInKeywords.getAttribute(com.kms.katalon.core.testobject.ObjectRepository.findTestObject(DispensaryToStore/Page_Store/input_txtprice), "value"): Attribute 'value' of object 'Object Repository/DispensaryToStore/Page_Store/input_txtprice' is: '1330'

2018-05-28 12:32:20 - [MESSAGE][PASSED] - Attribute 'value' of object 'Object Repository/DispensaryToStore/Page_Store/input_txtprice' is: '1330'

2018-05-28 12:32:20 - [TEST_STEP][PASSED] - Statement - out.println("Stock QTY : " + StockQty): null

2018-05-28 12:32:20 - [TEST_STEP][PASSED] - delay: Delayed 2 second(s)

2018-05-28 12:32:22 - [MESSAGE][PASSED] - Delayed 2 second(s)

2018-05-28 12:32:22 - [TEST_STEP][PASSED] - Statement - If (java.lang.String.valueOf(StockQty) >= java.lang.String.valueOf(RequestedQty)): null

2018-05-28 12:32:22 - [TEST_STEP][PASSED] - setText: Text '10' is set on object 'Object Repository/DispensaryToStore/Page_Store/input_txtqty'

2018-05-28 12:32:22 - [MESSAGE][PASSED] - Text '10' is set on object 'Object Repository/DispensaryToStore/Page_Store/input_txtqty'

2018-05-28 12:32:22 - [TEST_STEP][PASSED] - click: Object: 'Object Repository/DispensaryToStore/Page_Store/button_Add' is clicked on

2018-05-28 12:32:22 - [MESSAGE][PASSED] - Object: 'Object Repository/DispensaryToStore/Page_Store/button_Add' is clicked on

2018-05-28 12:32:22 - [TEST_STEP][PASSED] - Statement - Break: null

2018-05-28 12:32:22 - [TEST_STEP][PASSED] - selectOptionByIndex: All options with index in [60] are selected on object 'Object Repository/DispensaryToStore/Page_Store/select_--Select--Adernaline 0.'

2018-05-28 12:32:23 - [MESSAGE][PASSED] - All options with index in [60] are selected on object 'Object Repository/DispensaryToStore/Page_Store/select_--Select--Adernaline 0.'

2018-05-28 12:32:23 - [TEST_STEP][PASSED] - delay: Delayed 2 second(s)

2018-05-28 12:32:25 - [MESSAGE][PASSED] - Delayed 2 second(s)

2018-05-28 12:32:25 - [TEST_STEP][PASSED] - Statement - RequestedQty = com.kms.katalon.core.webui.keyword.WebUiBuiltInKeywords.getAttribute(com.kms.katalon.core.testobject.ObjectRepository.findTestObject(DispensaryToStore/Page_Store/input_txttotal), "value"): Attribute 'value' of object 'Object Repository/DispensaryToStore/Page_Store/input_txttotal' is: '10'

2018-05-28 12:32:25 - [MESSAGE][PASSED] - Attribute 'value' of object 'Object Repository/DispensaryToStore/Page_Store/input_txttotal' is: '10'

2018-05-28 12:32:25 - [TEST_STEP][PASSED] - Statement - out.println("Requested QTY : " + RequestedQty): null

2018-05-28 12:32:25 - [TEST_STEP][PASSED] - Statement - BatchNumber = com.kms.katalon.core.webui.keyword.WebUiBuiltInKeywords.getNumberOfTotalOption(com.kms.katalon.core.testobject.ObjectRepository.findTestObject(DispensaryToStore/Page_Store/select_--Select--BA1170BA2376B)): 3 options of object 'Object Repository/DispensaryToStore/Page_Store/select_--Select--BA1170BA2376B' counted

2018-05-28 12:32:25 - [MESSAGE][PASSED] - 3 options of object 'Object Repository/DispensaryToStore/Page_Store/select_--Select--BA1170BA2376B' counted

2018-05-28 12:32:25 - [TEST_STEP][PASSED] - Statement - For ([g = 1, g <= BatchNumber - 1, (g++)]): null

2018-05-28 12:32:25 - [TEST_STEP][PASSED] - selectOptionByIndex: All options with index in [1] are selected on object 'Object Repository/DispensaryToStore/Page_Store/select_--Select--BA1170BA2376B'

2018-05-28 12:32:25 - [MESSAGE][PASSED] - All options with index in [1] are selected on object 'Object Repository/DispensaryToStore/Page_Store/select_--Select--BA1170BA2376B'

2018-05-28 12:32:25 - [TEST_STEP][PASSED] - Statement - Try: null

2018-05-28 12:32:25 - [TEST_STEP][PASSED] - Statement - StockQty = com.kms.katalon.core.webui.keyword.WebUiBuiltInKeywords.getAttribute(com.kms.katalon.core.testobject.ObjectRepository.findTestObject(DispensaryToStore/Page_Store/input_txtprice), "value"): Attribute 'value' of object 'Object Repository/DispensaryToStore/Page_Store/input_txtprice' is: '-10'

2018-05-28 12:32:25 - [MESSAGE][PASSED] - Attribute 'value' of object 'Object Repository/DispensaryToStore/Page_Store/input_txtprice' is: '-10'

2018-05-28 12:32:25 - [TEST_STEP][PASSED] - Statement - out.println("Stock QTY : " + StockQty): null

2018-05-28 12:32:25 - [TEST_STEP][PASSED] - delay: Delayed 2 second(s)

2018-05-28 12:32:27 - [MESSAGE][PASSED] - Delayed 2 second(s)

2018-05-28 12:32:27 - [TEST_STEP][PASSED] - Statement - If (java.lang.String.valueOf(StockQty) >= java.lang.String.valueOf(RequestedQty)): null

2018-05-28 12:32:27 - [TEST_STEP][PASSED] - Statement - Else: null

2018-05-28 12:32:27 - [TEST_STEP][PASSED] - Statement - out.println("Stock Is Less Than Requested Qty"): null

2018-05-28 12:32:27 - [TEST_STEP][PASSED] - selectOptionByIndex: All options with index in [2] are selected on object 'Object Repository/DispensaryToStore/Page_Store/select_--Select--BA1170BA2376B'

2018-05-28 12:32:27 - [MESSAGE][PASSED] - All options with index in [2] are selected on object 'Object Repository/DispensaryToStore/Page_Store/select_--Select--BA1170BA2376B'

2018-05-28 12:32:27 - [TEST_STEP][PASSED] - Statement - Try: null

2018-05-28 12:32:27 - [TEST_STEP][PASSED] - Statement - StockQty = com.kms.katalon.core.webui.keyword.WebUiBuiltInKeywords.getAttribute(com.kms.katalon.core.testobject.ObjectRepository.findTestObject(DispensaryToStore/Page_Store/input_txtprice), "value"): Attribute 'value' of object 'Object Repository/DispensaryToStore/Page_Store/input_txtprice' is: '9980'

2018-05-28 12:32:27 - [MESSAGE][PASSED] - Attribute 'value' of object 'Object Repository/DispensaryToStore/Page_Store/input_txtprice' is: '9980'

2018-05-28 12:32:27 - [TEST_STEP][PASSED] - Statement - out.println("Stock QTY : " + StockQty): null

2018-05-28 12:32:27 - [TEST_STEP][PASSED] - delay: Delayed 2 second(s)

2018-05-28 12:32:29 - [MESSAGE][PASSED] - Delayed 2 second(s)

2018-05-28 12:32:29 - [TEST_STEP][PASSED] - Statement - If (java.lang.String.valueOf(StockQty) >= java.lang.String.valueOf(RequestedQty)): null

2018-05-28 12:32:29 - [TEST_STEP][PASSED] - setText: Text '10' is set on object 'Object Repository/DispensaryToStore/Page_Store/input_txtqty'

2018-05-28 12:32:29 - [MESSAGE][PASSED] - Text '10' is set on object 'Object Repository/DispensaryToStore/Page_Store/input_txtqty'

2018-05-28 12:32:29 - [TEST_STEP][PASSED] - click: Object: 'Object Repository/DispensaryToStore/Page_Store/button_Add' is clicked on

2018-05-28 12:32:29 - [MESSAGE][PASSED] - Object: 'Object Repository/DispensaryToStore/Page_Store/button_Add' is clicked on

2018-05-28 12:32:29 - [TEST_STEP][PASSED] - Statement - Break: null

2018-05-28 12:32:29 - [TEST_STEP][PASSED] - selectOptionByIndex: All options with index in [61] are selected on object 'Object Repository/DispensaryToStore/Page_Store/select_--Select--Adernaline 0.'

2018-05-28 12:32:30 - [MESSAGE][PASSED] - All options with index in [61] are selected on object 'Object Repository/DispensaryToStore/Page_Store/select_--Select--Adernaline 0.'

2018-05-28 12:32:30 - [TEST_STEP][PASSED] - delay: Delayed 2 second(s)

2018-05-28 12:32:32 - [MESSAGE][PASSED] - Delayed 2 second(s)

2018-05-28 12:32:32 - [TEST_STEP][PASSED] - Statement - RequestedQty = com.kms.katalon.core.webui.keyword.WebUiBuiltInKeywords.getAttribute(com.kms.katalon.core.testobject.ObjectRepository.findTestObject(DispensaryToStore/Page_Store/input_txttotal), "value"): Attribute 'value' of object 'Object Repository/DispensaryToStore/Page_Store/input_txttotal' is: '10'

2018-05-28 12:32:32 - [MESSAGE][PASSED] - Attribute 'value' of object 'Object Repository/DispensaryToStore/Page_Store/input_txttotal' is: '10'

2018-05-28 12:32:32 - [TEST_STEP][PASSED] - Statement - out.println("Requested QTY : " + RequestedQty): null

2018-05-28 12:32:32 - [TEST_STEP][PASSED] - Statement - BatchNumber = com.kms.katalon.core.webui.keyword.WebUiBuiltInKeywords.getNumberOfTotalOption(com.kms.katalon.core.testobject.ObjectRepository.findTestObject(DispensaryToStore/Page_Store/select_--Select--BA1170BA2376B)): 2 options of object 'Object Repository/DispensaryToStore/Page_Store/select_--Select--BA1170BA2376B' counted

2018-05-28 12:32:32 - [MESSAGE][PASSED] - 2 options of object 'Object Repository/DispensaryToStore/Page_Store/select_--Select--BA1170BA2376B' counted

2018-05-28 12:32:32 - [TEST_STEP][PASSED] - Statement - For ([g = 1, g <= BatchNumber - 1, (g++)]): null

2018-05-28 12:32:32 - [TEST_STEP][PASSED] - selectOptionByIndex: All options with index in [1] are selected on object 'Object Repository/DispensaryToStore/Page_Store/select_--Select--BA1170BA2376B'

2018-05-28 12:32:32 - [MESSAGE][PASSED] - All options with index in [1] are selected on object 'Object Repository/DispensaryToStore/Page_Store/select_--Select--BA1170BA2376B'

2018-05-28 12:32:32 - [TEST_STEP][PASSED] - Statement - Try: null

2018-05-28 12:32:32 - [TEST_STEP][PASSED] - Statement - StockQty = com.kms.katalon.core.webui.keyword.WebUiBuiltInKeywords.getAttribute(com.kms.katalon.core.testobject.ObjectRepository.findTestObject(DispensaryToStore/Page_Store/input_txtprice), "value"): Attribute 'value' of object 'Object Repository/DispensaryToStore/Page_Store/input_txtprice' is: '9980'

2018-05-28 12:32:32 - [MESSAGE][PASSED] - Attribute 'value' of object 'Object Repository/DispensaryToStore/Page_Store/input_txtprice' is: '9980'

2018-05-28 12:32:32 - [TEST_STEP][PASSED] - Statement - out.println("Stock QTY : " + StockQty): null

2018-05-28 12:32:32 - [TEST_STEP][PASSED] - delay: Delayed 2 second(s)

2018-05-28 12:32:34 - [MESSAGE][PASSED] - Delayed 2 second(s)

2018-05-28 12:32:34 - [TEST_STEP][PASSED] - Statement - If (java.lang.String.valueOf(StockQty) >= java.lang.String.valueOf(RequestedQty)): null

2018-05-28 12:32:34 - [TEST_STEP][PASSED] - setText: Text '10' is set on object 'Object Repository/DispensaryToStore/Page_Store/input_txtqty'

2018-05-28 12:32:34 - [MESSAGE][PASSED] - Text '10' is set on object 'Object Repository/DispensaryToStore/Page_Store/input_txtqty'

2018-05-28 12:32:34 - [TEST_STEP][PASSED] - click: Object: 'Object Repository/DispensaryToStore/Page_Store/button_Add' is clicked on

2018-05-28 12:32:34 - [MESSAGE][PASSED] - Object: 'Object Repository/DispensaryToStore/Page_Store/button_Add' is clicked on

2018-05-28 12:32:34 - [TEST_STEP][PASSED] - Statement - Break: null

2018-05-28 12:32:34 - [TEST_STEP][PASSED] - selectOptionByIndex: All options with index in [62] are selected on object 'Object Repository/DispensaryToStore/Page_Store/select_--Select--Adernaline 0.'

2018-05-28 12:32:35 - [MESSAGE][PASSED] - All options with index in [62] are selected on object 'Object Repository/DispensaryToStore/Page_Store/select_--Select--Adernaline 0.'

2018-05-28 12:32:35 - [TEST_STEP][PASSED] - delay: Delayed 2 second(s)

2018-05-28 12:32:37 - [MESSAGE][PASSED] - Delayed 2 second(s)

2018-05-28 12:32:37 - [TEST_STEP][PASSED] - Statement - RequestedQty = com.kms.katalon.core.webui.keyword.WebUiBuiltInKeywords.getAttribute(com.kms.katalon.core.testobject.ObjectRepository.findTestObject(DispensaryToStore/Page_Store/input_txttotal), "value"): Attribute 'value' of object 'Object Repository/DispensaryToStore/Page_Store/input_txttotal' is: '10'

2018-05-28 12:32:37 - [MESSAGE][PASSED] - Attribute 'value' of object 'Object Repository/DispensaryToStore/Page_Store/input_txttotal' is: '10'

2018-05-28 12:32:37 - [TEST_STEP][PASSED] - Statement - out.println("Requested QTY : " + RequestedQty): null

2018-05-28 12:32:37 - [TEST_STEP][PASSED] - Statement - BatchNumber = com.kms.katalon.core.webui.keyword.WebUiBuiltInKeywords.getNumberOfTotalOption(com.kms.katalon.core.testobject.ObjectRepository.findTestObject(DispensaryToStore/Page_Store/select_--Select--BA1170BA2376B)): 2 options of object 'Object Repository/DispensaryToStore/Page_Store/select_--Select--BA1170BA2376B' counted

2018-05-28 12:32:37 - [MESSAGE][PASSED] - 2 options of object 'Object Repository/DispensaryToStore/Page_Store/select_--Select--BA1170BA2376B' counted

2018-05-28 12:32:37 - [TEST_STEP][PASSED] - Statement - For ([g = 1, g <= BatchNumber - 1, (g++)]): null

2018-05-28 12:32:37 - [TEST_STEP][PASSED] - selectOptionByIndex: All options with index in [1] are selected on object 'Object Repository/DispensaryToStore/Page_Store/select_--Select--BA1170BA2376B'

2018-05-28 12:32:37 - [MESSAGE][PASSED] - All options with index in [1] are selected on object 'Object Repository/DispensaryToStore/Page_Store/select_--Select--BA1170BA2376B'

2018-05-28 12:32:37 - [TEST_STEP][PASSED] - Statement - Try: null

2018-05-28 12:32:37 - [TEST_STEP][PASSED] - Statement - StockQty = com.kms.katalon.core.webui.keyword.WebUiBuiltInKeywords.getAttribute(com.kms.katalon.core.testobject.ObjectRepository.findTestObject(DispensaryToStore/Page_Store/input_txtprice), "value"): Attribute 'value' of object 'Object Repository/DispensaryToStore/Page_Store/input_txtprice' is: '9980'

2018-05-28 12:32:37 - [MESSAGE][PASSED] - Attribute 'value' of object 'Object Repository/DispensaryToStore/Page_Store/input_txtprice' is: '9980'

2018-05-28 12:32:37 - [TEST_STEP][PASSED] - Statement - out.println("Stock QTY : " + StockQty): null

2018-05-28 12:32:37 - [TEST_STEP][PASSED] - delay: Delayed 2 second(s)

2018-05-28 12:32:39 - [MESSAGE][PASSED] - Delayed 2 second(s)

2018-05-28 12:32:39 - [TEST_STEP][PASSED] - Statement - If (java.lang.String.valueOf(StockQty) >= java.lang.String.valueOf(RequestedQty)): null

2018-05-28 12:32:39 - [TEST_STEP][PASSED] - setText: Text '10' is set on object 'Object Repository/DispensaryToStore/Page_Store/input_txtqty'

2018-05-28 12:32:40 - [MESSAGE][PASSED] - Text '10' is set on object 'Object Repository/DispensaryToStore/Page_Store/input_txtqty'

2018-05-28 12:32:40 - [TEST_STEP][PASSED] - click: Object: 'Object Repository/DispensaryToStore/Page_Store/button_Add' is clicked on

2018-05-28 12:32:40 - [MESSAGE][PASSED] - Object: 'Object Repository/DispensaryToStore/Page_Store/button_Add' is clicked on

2018-05-28 12:32:40 - [TEST_STEP][PASSED] - Statement - Break: null

2018-05-28 12:32:40 - [TEST_STEP][PASSED] - selectOptionByIndex: All options with index in [63] are selected on object 'Object Repository/DispensaryToStore/Page_Store/select_--Select--Adernaline 0.'

2018-05-28 12:32:40 - [MESSAGE][PASSED] - All options with index in [63] are selected on object 'Object Repository/DispensaryToStore/Page_Store/select_--Select--Adernaline 0.'

2018-05-28 12:32:40 - [TEST_STEP][PASSED] - delay: Delayed 2 second(s)

2018-05-28 12:32:42 - [MESSAGE][PASSED] - Delayed 2 second(s)

2018-05-28 12:32:42 - [TEST_STEP][PASSED] - Statement - RequestedQty = com.kms.katalon.core.webui.keyword.WebUiBuiltInKeywords.getAttribute(com.kms.katalon.core.testobject.ObjectRepository.findTestObject(DispensaryToStore/Page_Store/input_txttotal), "value"): Attribute 'value' of object 'Object Repository/DispensaryToStore/Page_Store/input_txttotal' is: '10'

2018-05-28 12:32:42 - [MESSAGE][PASSED] - Attribute 'value' of object 'Object Repository/DispensaryToStore/Page_Store/input_txttotal' is: '10'

2018-05-28 12:32:42 - [TEST_STEP][PASSED] - Statement - out.println("Requested QTY : " + RequestedQty): null

2018-05-28 12:32:42 - [TEST_STEP][PASSED] - Statement - BatchNumber = com.kms.katalon.core.webui.keyword.WebUiBuiltInKeywords.getNumberOfTotalOption(com.kms.katalon.core.testobject.ObjectRepository.findTestObject(DispensaryToStore/Page_Store/select_--Select--BA1170BA2376B)): 2 options of object 'Object Repository/DispensaryToStore/Page_Store/select_--Select--BA1170BA2376B' counted

2018-05-28 12:32:42 - [MESSAGE][PASSED] - 2 options of object 'Object Repository/DispensaryToStore/Page_Store/select_--Select--BA1170BA2376B' counted

2018-05-28 12:32:42 - [TEST_STEP][PASSED] - Statement - For ([g = 1, g <= BatchNumber - 1, (g++)]): null

2018-05-28 12:32:42 - [TEST_STEP][PASSED] - selectOptionByIndex: All options with index in [1] are selected on object 'Object Repository/DispensaryToStore/Page_Store/select_--Select--BA1170BA2376B'

2018-05-28 12:32:43 - [MESSAGE][PASSED] - All options with index in [1] are selected on object 'Object Repository/DispensaryToStore/Page_Store/select_--Select--BA1170BA2376B'

2018-05-28 12:32:43 - [TEST_STEP][PASSED] - Statement - Try: null

2018-05-28 12:32:43 - [TEST_STEP][PASSED] - Statement - StockQty = com.kms.katalon.core.webui.keyword.WebUiBuiltInKeywords.getAttribute(com.kms.katalon.core.testobject.ObjectRepository.findTestObject(DispensaryToStore/Page_Store/input_txtprice), "value"): Attribute 'value' of object 'Object Repository/DispensaryToStore/Page_Store/input_txtprice' is: '9980'

2018-05-28 12:32:43 - [MESSAGE][PASSED] - Attribute 'value' of object 'Object Repository/DispensaryToStore/Page_Store/input_txtprice' is: '9980'

2018-05-28 12:32:43 - [TEST_STEP][PASSED] - Statement - out.println("Stock QTY : " + StockQty): null

2018-05-28 12:32:43 - [TEST_STEP][PASSED] - delay: Delayed 2 second(s)

2018-05-28 12:32:45 - [MESSAGE][PASSED] - Delayed 2 second(s)

2018-05-28 12:32:45 - [TEST_STEP][PASSED] - Statement - If (java.lang.String.valueOf(StockQty) >= java.lang.String.valueOf(RequestedQty)): null

2018-05-28 12:32:45 - [TEST_STEP][PASSED] - setText: Text '10' is set on object 'Object Repository/DispensaryToStore/Page_Store/input_txtqty'

2018-05-28 12:32:45 - [MESSAGE][PASSED] - Text '10' is set on object 'Object Repository/DispensaryToStore/Page_Store/input_txtqty'

2018-05-28 12:32:45 - [TEST_STEP][PASSED] - click: Object: 'Object Repository/DispensaryToStore/Page_Store/button_Add' is clicked on

2018-05-28 12:32:45 - [MESSAGE][PASSED] - Object: 'Object Repository/DispensaryToStore/Page_Store/button_Add' is clicked on

2018-05-28 12:32:45 - [TEST_STEP][PASSED] - Statement - Break: null

2018-05-28 12:32:45 - [TEST_STEP][PASSED] - selectOptionByIndex: All options with index in [64] are selected on object 'Object Repository/DispensaryToStore/Page_Store/select_--Select--Adernaline 0.'

2018-05-28 12:32:46 - [MESSAGE][PASSED] - All options with index in [64] are selected on object 'Object Repository/DispensaryToStore/Page_Store/select_--Select--Adernaline 0.'

2018-05-28 12:32:46 - [TEST_STEP][PASSED] - delay: Delayed 2 second(s)

2018-05-28 12:32:48 - [MESSAGE][PASSED] - Delayed 2 second(s)

2018-05-28 12:32:48 - [TEST_STEP][PASSED] - Statement - RequestedQty = com.kms.katalon.core.webui.keyword.WebUiBuiltInKeywords.getAttribute(com.kms.katalon.core.testobject.ObjectRepository.findTestObject(DispensaryToStore/Page_Store/input_txttotal), "value"): Attribute 'value' of object 'Object Repository/DispensaryToStore/Page_Store/input_txttotal' is: '10'

2018-05-28 12:32:48 - [MESSAGE][PASSED] - Attribute 'value' of object 'Object Repository/DispensaryToStore/Page_Store/input_txttotal' is: '10'

2018-05-28 12:32:48 - [TEST_STEP][PASSED] - Statement - out.println("Requested QTY : " + RequestedQty): null

2018-05-28 12:32:48 - [TEST_STEP][PASSED] - Statement - BatchNumber = com.kms.katalon.core.webui.keyword.WebUiBuiltInKeywords.getNumberOfTotalOption(com.kms.katalon.core.testobject.ObjectRepository.findTestObject(DispensaryToStore/Page_Store/select_--Select--BA1170BA2376B)): 2 options of object 'Object Repository/DispensaryToStore/Page_Store/select_--Select--BA1170BA2376B' counted

2018-05-28 12:32:48 - [MESSAGE][PASSED] - 2 options of object 'Object Repository/DispensaryToStore/Page_Store/select_--Select--BA1170BA2376B' counted

2018-05-28 12:32:48 - [TEST_STEP][PASSED] - Statement - For ([g = 1, g <= BatchNumber - 1, (g++)]): null

2018-05-28 12:32:48 - [TEST_STEP][PASSED] - selectOptionByIndex: All options with index in [1] are selected on object 'Object Repository/DispensaryToStore/Page_Store/select_--Select--BA1170BA2376B'

2018-05-28 12:32:48 - [MESSAGE][PASSED] - All options with index in [1] are selected on object 'Object Repository/DispensaryToStore/Page_Store/select_--Select--BA1170BA2376B'

2018-05-28 12:32:48 - [TEST_STEP][PASSED] - Statement - Try: null

2018-05-28 12:32:48 - [TEST_STEP][PASSED] - Statement - StockQty = com.kms.katalon.core.webui.keyword.WebUiBuiltInKeywords.getAttribute(com.kms.katalon.core.testobject.ObjectRepository.findTestObject(DispensaryToStore/Page_Store/input_txtprice), "value"): Attribute 'value' of object 'Object Repository/DispensaryToStore/Page_Store/input_txtprice' is: '9836'

2018-05-28 12:32:48 - [MESSAGE][PASSED] - Attribute 'value' of object 'Object Repository/DispensaryToStore/Page_Store/input_txtprice' is: '9836'

2018-05-28 12:32:48 - [TEST_STEP][PASSED] - Statement - out.println("Stock QTY : " + StockQty): null

2018-05-28 12:32:48 - [TEST_STEP][PASSED] - delay: Delayed 2 second(s)

2018-05-28 12:32:50 - [MESSAGE][PASSED] - Delayed 2 second(s)

2018-05-28 12:32:50 - [TEST_STEP][PASSED] - Statement - If (java.lang.String.valueOf(StockQty) >= java.lang.String.valueOf(RequestedQty)): null

2018-05-28 12:32:50 - [TEST_STEP][PASSED] - setText: Text '10' is set on object 'Object Repository/DispensaryToStore/Page_Store/input_txtqty'

2018-05-28 12:32:50 - [MESSAGE][PASSED] - Text '10' is set on object 'Object Repository/DispensaryToStore/Page_Store/input_txtqty'

2018-05-28 12:32:50 - [TEST_STEP][PASSED] - click: Object: 'Object Repository/DispensaryToStore/Page_Store/button_Add' is clicked on

2018-05-28 12:32:50 - [MESSAGE][PASSED] - Object: 'Object Repository/DispensaryToStore/Page_Store/button_Add' is clicked on

2018-05-28 12:32:50 - [TEST_STEP][PASSED] - Statement - Break: null

2018-05-28 12:32:50 - [TEST_STEP][PASSED] - selectOptionByIndex: All options with index in [65] are selected on object 'Object Repository/DispensaryToStore/Page_Store/select_--Select--Adernaline 0.'

2018-05-28 12:32:51 - [MESSAGE][PASSED] - All options with index in [65] are selected on object 'Object Repository/DispensaryToStore/Page_Store/select_--Select--Adernaline 0.'

2018-05-28 12:32:51 - [TEST_STEP][PASSED] - delay: Delayed 2 second(s)

2018-05-28 12:32:53 - [MESSAGE][PASSED] - Delayed 2 second(s)

2018-05-28 12:32:53 - [TEST_STEP][PASSED] - Statement - RequestedQty = com.kms.katalon.core.webui.keyword.WebUiBuiltInKeywords.getAttribute(com.kms.katalon.core.testobject.ObjectRepository.findTestObject(DispensaryToStore/Page_Store/input_txttotal), "value"): Attribute 'value' of object 'Object Repository/DispensaryToStore/Page_Store/input_txttotal' is: '10'

2018-05-28 12:32:53 - [MESSAGE][PASSED] - Attribute 'value' of object 'Object Repository/DispensaryToStore/Page_Store/input_txttotal' is: '10'

2018-05-28 12:32:53 - [TEST_STEP][PASSED] - Statement - out.println("Requested QTY : " + RequestedQty): null

2018-05-28 12:32:53 - [TEST_STEP][PASSED] - Statement - BatchNumber = com.kms.katalon.core.webui.keyword.WebUiBuiltInKeywords.getNumberOfTotalOption(com.kms.katalon.core.testobject.ObjectRepository.findTestObject(DispensaryToStore/Page_Store/select_--Select--BA1170BA2376B)): 2 options of object 'Object Repository/DispensaryToStore/Page_Store/select_--Select--BA1170BA2376B' counted

2018-05-28 12:32:53 - [MESSAGE][PASSED] - 2 options of object 'Object Repository/DispensaryToStore/Page_Store/select_--Select--BA1170BA2376B' counted

2018-05-28 12:32:53 - [TEST_STEP][PASSED] - Statement - For ([g = 1, g <= BatchNumber - 1, (g++)]): null

2018-05-28 12:32:53 - [TEST_STEP][PASSED] - selectOptionByIndex: All options with index in [1] are selected on object 'Object Repository/DispensaryToStore/Page_Store/select_--Select--BA1170BA2376B'

2018-05-28 12:32:53 - [MESSAGE][PASSED] - All options with index in [1] are selected on object 'Object Repository/DispensaryToStore/Page_Store/select_--Select--BA1170BA2376B'

2018-05-28 12:32:53 - [TEST_STEP][PASSED] - Statement - Try: null

2018-05-28 12:32:53 - [TEST_STEP][PASSED] - Statement - StockQty = com.kms.katalon.core.webui.keyword.WebUiBuiltInKeywords.getAttribute(com.kms.katalon.core.testobject.ObjectRepository.findTestObject(DispensaryToStore/Page_Store/input_txtprice), "value"): Attribute 'value' of object 'Object Repository/DispensaryToStore/Page_Store/input_txtprice' is: '9980'

2018-05-28 12:32:53 - [MESSAGE][PASSED] - Attribute 'value' of object 'Object Repository/DispensaryToStore/Page_Store/input_txtprice' is: '9980'

2018-05-28 12:32:53 - [TEST_STEP][PASSED] - Statement - out.println("Stock QTY : " + StockQty): null

2018-05-28 12:32:53 - [TEST_STEP][PASSED] - delay: Delayed 2 second(s)

2018-05-28 12:32:55 - [MESSAGE][PASSED] - Delayed 2 second(s)

2018-05-28 12:32:55 - [TEST_STEP][PASSED] - Statement - If (java.lang.String.valueOf(StockQty) >= java.lang.String.valueOf(RequestedQty)): null

2018-05-28 12:32:55 - [TEST_STEP][PASSED] - setText: Text '10' is set on object 'Object Repository/DispensaryToStore/Page_Store/input_txtqty'

2018-05-28 12:32:55 - [MESSAGE][PASSED] - Text '10' is set on object 'Object Repository/DispensaryToStore/Page_Store/input_txtqty'

2018-05-28 12:32:55 - [TEST_STEP][PASSED] - click: Object: 'Object Repository/DispensaryToStore/Page_Store/button_Add' is clicked on

2018-05-28 12:32:55 - [MESSAGE][PASSED] - Object: 'Object Repository/DispensaryToStore/Page_Store/button_Add' is clicked on

2018-05-28 12:32:55 - [TEST_STEP][PASSED] - Statement - Break: null

2018-05-28 12:32:55 - [TEST_STEP][PASSED] - selectOptionByIndex: All options with index in [66] are selected on object 'Object Repository/DispensaryToStore/Page_Store/select_--Select--Adernaline 0.'

2018-05-28 12:32:56 - [MESSAGE][PASSED] - All options with index in [66] are selected on object 'Object Repository/DispensaryToStore/Page_Store/select_--Select--Adernaline 0.'

2018-05-28 12:32:56 - [TEST_STEP][PASSED] - delay: Delayed 2 second(s)

2018-05-28 12:32:58 - [MESSAGE][PASSED] - Delayed 2 second(s)

2018-05-28 12:32:58 - [TEST_STEP][PASSED] - Statement - RequestedQty = com.kms.katalon.core.webui.keyword.WebUiBuiltInKeywords.getAttribute(com.kms.katalon.core.testobject.ObjectRepository.findTestObject(DispensaryToStore/Page_Store/input_txttotal), "value"): Attribute 'value' of object 'Object Repository/DispensaryToStore/Page_Store/input_txttotal' is: '10'

2018-05-28 12:32:58 - [MESSAGE][PASSED] - Attribute 'value' of object 'Object Repository/DispensaryToStore/Page_Store/input_txttotal' is: '10'

2018-05-28 12:32:58 - [TEST_STEP][PASSED] - Statement - out.println("Requested QTY : " + RequestedQty): null

2018-05-28 12:32:58 - [TEST_STEP][PASSED] - Statement - BatchNumber = com.kms.katalon.core.webui.keyword.WebUiBuiltInKeywords.getNumberOfTotalOption(com.kms.katalon.core.testobject.ObjectRepository.findTestObject(DispensaryToStore/Page_Store/select_--Select--BA1170BA2376B)): 2 options of object 'Object Repository/DispensaryToStore/Page_Store/select_--Select--BA1170BA2376B' counted

2018-05-28 12:32:58 - [MESSAGE][PASSED] - 2 options of object 'Object Repository/DispensaryToStore/Page_Store/select_--Select--BA1170BA2376B' counted

2018-05-28 12:32:58 - [TEST_STEP][PASSED] - Statement - For ([g = 1, g <= BatchNumber - 1, (g++)]): null

2018-05-28 12:32:58 - [TEST_STEP][PASSED] - selectOptionByIndex: All options with index in [1] are selected on object 'Object Repository/DispensaryToStore/Page_Store/select_--Select--BA1170BA2376B'

2018-05-28 12:32:58 - [MESSAGE][PASSED] - All options with index in [1] are selected on object 'Object Repository/DispensaryToStore/Page_Store/select_--Select--BA1170BA2376B'

2018-05-28 12:32:58 - [TEST_STEP][PASSED] - Statement - Try: null

2018-05-28 12:32:58 - [TEST_STEP][PASSED] - Statement - StockQty = com.kms.katalon.core.webui.keyword.WebUiBuiltInKeywords.getAttribute(com.kms.katalon.core.testobject.ObjectRepository.findTestObject(DispensaryToStore/Page_Store/input_txtprice), "value"): Attribute 'value' of object 'Object Repository/DispensaryToStore/Page_Store/input_txtprice' is: '9970'

2018-05-28 12:32:58 - [MESSAGE][PASSED] - Attribute 'value' of object 'Object Repository/DispensaryToStore/Page_Store/input_txtprice' is: '9970'

2018-05-28 12:32:58 - [TEST_STEP][PASSED] - Statement - out.println("Stock QTY : " + StockQty): null

2018-05-28 12:32:58 - [TEST_STEP][PASSED] - delay: Delayed 2 second(s)

2018-05-28 12:33:00 - [MESSAGE][PASSED] - Delayed 2 second(s)

2018-05-28 12:33:00 - [TEST_STEP][PASSED] - Statement - If (java.lang.String.valueOf(StockQty) >= java.lang.String.valueOf(RequestedQty)): null

2018-05-28 12:33:00 - [TEST_STEP][PASSED] - setText: Text '10' is set on object 'Object Repository/DispensaryToStore/Page_Store/input_txtqty'

2018-05-28 12:33:00 - [MESSAGE][PASSED] - Text '10' is set on object 'Object Repository/DispensaryToStore/Page_Store/input_txtqty'

2018-05-28 12:33:00 - [TEST_STEP][PASSED] - click: Object: 'Object Repository/DispensaryToStore/Page_Store/button_Add' is clicked on

2018-05-28 12:33:00 - [MESSAGE][PASSED] - Object: 'Object Repository/DispensaryToStore/Page_Store/button_Add' is clicked on

2018-05-28 12:33:00 - [TEST_STEP][PASSED] - Statement - Break: null

2018-05-28 12:33:00 - [TEST_STEP][PASSED] - selectOptionByIndex: All options with index in [67] are selected on object 'Object Repository/DispensaryToStore/Page_Store/select_--Select--Adernaline 0.'

2018-05-28 12:33:01 - [MESSAGE][PASSED] - All options with index in [67] are selected on object 'Object Repository/DispensaryToStore/Page_Store/select_--Select--Adernaline 0.'

2018-05-28 12:33:01 - [TEST_STEP][PASSED] - delay: Delayed 2 second(s)

2018-05-28 12:33:03 - [MESSAGE][PASSED] - Delayed 2 second(s)

2018-05-28 12:33:03 - [TEST_STEP][PASSED] - Statement - RequestedQty = com.kms.katalon.core.webui.keyword.WebUiBuiltInKeywords.getAttribute(com.kms.katalon.core.testobject.ObjectRepository.findTestObject(DispensaryToStore/Page_Store/input_txttotal), "value"): Attribute 'value' of object 'Object Repository/DispensaryToStore/Page_Store/input_txttotal' is: '10'

2018-05-28 12:33:03 - [MESSAGE][PASSED] - Attribute 'value' of object 'Object Repository/DispensaryToStore/Page_Store/input_txttotal' is: '10'

2018-05-28 12:33:03 - [TEST_STEP][PASSED] - Statement - out.println("Requested QTY : " + RequestedQty): null

2018-05-28 12:33:03 - [TEST_STEP][PASSED] - Statement - BatchNumber = com.kms.katalon.core.webui.keyword.WebUiBuiltInKeywords.getNumberOfTotalOption(com.kms.katalon.core.testobject.ObjectRepository.findTestObject(DispensaryToStore/Page_Store/select_--Select--BA1170BA2376B)): 2 options of object 'Object Repository/DispensaryToStore/Page_Store/select_--Select--BA1170BA2376B' counted

2018-05-28 12:33:03 - [MESSAGE][PASSED] - 2 options of object 'Object Repository/DispensaryToStore/Page_Store/select_--Select--BA1170BA2376B' counted

2018-05-28 12:33:03 - [TEST_STEP][PASSED] - Statement - For ([g = 1, g <= BatchNumber - 1, (g++)]): null

2018-05-28 12:33:03 - [TEST_STEP][PASSED] - selectOptionByIndex: All options with index in [1] are selected on object 'Object Repository/DispensaryToStore/Page_Store/select_--Select--BA1170BA2376B'

2018-05-28 12:33:03 - [MESSAGE][PASSED] - All options with index in [1] are selected on object 'Object Repository/DispensaryToStore/Page_Store/select_--Select--BA1170BA2376B'

2018-05-28 12:33:03 - [TEST_STEP][PASSED] - Statement - Try: null

2018-05-28 12:33:03 - [TEST_STEP][PASSED] - Statement - StockQty = com.kms.katalon.core.webui.keyword.WebUiBuiltInKeywords.getAttribute(com.kms.katalon.core.testobject.ObjectRepository.findTestObject(DispensaryToStore/Page_Store/input_txtprice), "value"): Attribute 'value' of object 'Object Repository/DispensaryToStore/Page_Store/input_txtprice' is: '9980'

2018-05-28 12:33:03 - [MESSAGE][PASSED] - Attribute 'value' of object 'Object Repository/DispensaryToStore/Page_Store/input_txtprice' is: '9980'

2018-05-28 12:33:03 - [TEST_STEP][PASSED] - Statement - out.println("Stock QTY : " + StockQty): null

2018-05-28 12:33:03 - [TEST_STEP][PASSED] - delay: Delayed 2 second(s)

2018-05-28 12:33:05 - [MESSAGE][PASSED] - Delayed 2 second(s)

2018-05-28 12:33:05 - [TEST_STEP][PASSED] - Statement - If (java.lang.String.valueOf(StockQty) >= java.lang.String.valueOf(RequestedQty)): null

2018-05-28 12:33:05 - [TEST_STEP][PASSED] - setText: Text '10' is set on object 'Object Repository/DispensaryToStore/Page_Store/input_txtqty'

2018-05-28 12:33:05 - [MESSAGE][PASSED] - Text '10' is set on object 'Object Repository/DispensaryToStore/Page_Store/input_txtqty'

2018-05-28 12:33:05 - [TEST_STEP][PASSED] - click: Object: 'Object Repository/DispensaryToStore/Page_Store/button_Add' is clicked on

2018-05-28 12:33:05 - [MESSAGE][PASSED] - Object: 'Object Repository/DispensaryToStore/Page_Store/button_Add' is clicked on

2018-05-28 12:33:05 - [TEST_STEP][PASSED] - Statement - Break: null

2018-05-28 12:33:05 - [TEST_STEP][PASSED] - selectOptionByIndex: All options with index in [68] are selected on object 'Object Repository/DispensaryToStore/Page_Store/select_--Select--Adernaline 0.'

2018-05-28 12:33:06 - [MESSAGE][PASSED] - All options with index in [68] are selected on object 'Object Repository/DispensaryToStore/Page_Store/select_--Select--Adernaline 0.'

2018-05-28 12:33:06 - [TEST_STEP][PASSED] - delay: Delayed 2 second(s)

2018-05-28 12:33:08 - [MESSAGE][PASSED] - Delayed 2 second(s)

2018-05-28 12:33:08 - [TEST_STEP][PASSED] - Statement - RequestedQty = com.kms.katalon.core.webui.keyword.WebUiBuiltInKeywords.getAttribute(com.kms.katalon.core.testobject.ObjectRepository.findTestObject(DispensaryToStore/Page_Store/input_txttotal), "value"): Attribute 'value' of object 'Object Repository/DispensaryToStore/Page_Store/input_txttotal' is: '10'

2018-05-28 12:33:08 - [MESSAGE][PASSED] - Attribute 'value' of object 'Object Repository/DispensaryToStore/Page_Store/input_txttotal' is: '10'

2018-05-28 12:33:08 - [TEST_STEP][PASSED] - Statement - out.println("Requested QTY : " + RequestedQty): null

2018-05-28 12:33:08 - [TEST_STEP][PASSED] - Statement - BatchNumber = com.kms.katalon.core.webui.keyword.WebUiBuiltInKeywords.getNumberOfTotalOption(com.kms.katalon.core.testobject.ObjectRepository.findTestObject(DispensaryToStore/Page_Store/select_--Select--BA1170BA2376B)): 2 options of object 'Object Repository/DispensaryToStore/Page_Store/select_--Select--BA1170BA2376B' counted

2018-05-28 12:33:08 - [MESSAGE][PASSED] - 2 options of object 'Object Repository/DispensaryToStore/Page_Store/select_--Select--BA1170BA2376B' counted

2018-05-28 12:33:08 - [TEST_STEP][PASSED] - Statement - For ([g = 1, g <= BatchNumber - 1, (g++)]): null

2018-05-28 12:33:08 - [TEST_STEP][PASSED] - selectOptionByIndex: All options with index in [1] are selected on object 'Object Repository/DispensaryToStore/Page_Store/select_--Select--BA1170BA2376B'

2018-05-28 12:33:08 - [MESSAGE][PASSED] - All options with index in [1] are selected on object 'Object Repository/DispensaryToStore/Page_Store/select_--Select--BA1170BA2376B'

2018-05-28 12:33:08 - [TEST_STEP][PASSED] - Statement - Try: null

2018-05-28 12:33:08 - [TEST_STEP][PASSED] - Statement - StockQty = com.kms.katalon.core.webui.keyword.WebUiBuiltInKeywords.getAttribute(com.kms.katalon.core.testobject.ObjectRepository.findTestObject(DispensaryToStore/Page_Store/input_txtprice), "value"): Attribute 'value' of object 'Object Repository/DispensaryToStore/Page_Store/input_txtprice' is: '9980'

2018-05-28 12:33:08 - [MESSAGE][PASSED] - Attribute 'value' of object 'Object Repository/DispensaryToStore/Page_Store/input_txtprice' is: '9980'

2018-05-28 12:33:08 - [TEST_STEP][PASSED] - Statement - out.println("Stock QTY : " + StockQty): null

2018-05-28 12:33:08 - [TEST_STEP][PASSED] - delay: Delayed 2 second(s)

2018-05-28 12:33:10 - [MESSAGE][PASSED] - Delayed 2 second(s)

2018-05-28 12:33:10 - [TEST_STEP][PASSED] - Statement - If (java.lang.String.valueOf(StockQty) >= java.lang.String.valueOf(RequestedQty)): null

2018-05-28 12:33:10 - [TEST_STEP][PASSED] - setText: Text '10' is set on object 'Object Repository/DispensaryToStore/Page_Store/input_txtqty'

2018-05-28 12:33:11 - [MESSAGE][PASSED] - Text '10' is set on object 'Object Repository/DispensaryToStore/Page_Store/input_txtqty'

2018-05-28 12:33:11 - [TEST_STEP][PASSED] - click: Object: 'Object Repository/DispensaryToStore/Page_Store/button_Add' is clicked on

2018-05-28 12:33:11 - [MESSAGE][PASSED] - Object: 'Object Repository/DispensaryToStore/Page_Store/button_Add' is clicked on

2018-05-28 12:33:11 - [TEST_STEP][PASSED] - Statement - Break: null

2018-05-28 12:33:11 - [TEST_STEP][PASSED] - selectOptionByIndex: All options with index in [69] are selected on object 'Object Repository/DispensaryToStore/Page_Store/select_--Select--Adernaline 0.'

2018-05-28 12:33:11 - [MESSAGE][PASSED] - All options with index in [69] are selected on object 'Object Repository/DispensaryToStore/Page_Store/select_--Select--Adernaline 0.'

2018-05-28 12:33:11 - [TEST_STEP][PASSED] - delay: Delayed 2 second(s)

2018-05-28 12:33:13 - [MESSAGE][PASSED] - Delayed 2 second(s)

2018-05-28 12:33:13 - [TEST_STEP][PASSED] - Statement - RequestedQty = com.kms.katalon.core.webui.keyword.WebUiBuiltInKeywords.getAttribute(com.kms.katalon.core.testobject.ObjectRepository.findTestObject(DispensaryToStore/Page_Store/input_txttotal), "value"): Attribute 'value' of object 'Object Repository/DispensaryToStore/Page_Store/input_txttotal' is: '10'

2018-05-28 12:33:13 - [MESSAGE][PASSED] - Attribute 'value' of object 'Object Repository/DispensaryToStore/Page_Store/input_txttotal' is: '10'

2018-05-28 12:33:13 - [TEST_STEP][PASSED] - Statement - out.println("Requested QTY : " + RequestedQty): null

2018-05-28 12:33:13 - [TEST_STEP][PASSED] - Statement - BatchNumber = com.kms.katalon.core.webui.keyword.WebUiBuiltInKeywords.getNumberOfTotalOption(com.kms.katalon.core.testobject.ObjectRepository.findTestObject(DispensaryToStore/Page_Store/select_--Select--BA1170BA2376B)): 2 options of object 'Object Repository/DispensaryToStore/Page_Store/select_--Select--BA1170BA2376B' counted

2018-05-28 12:33:13 - [MESSAGE][PASSED] - 2 options of object 'Object Repository/DispensaryToStore/Page_Store/select_--Select--BA1170BA2376B' counted

2018-05-28 12:33:13 - [TEST_STEP][PASSED] - Statement - For ([g = 1, g <= BatchNumber - 1, (g++)]): null

2018-05-28 12:33:13 - [TEST_STEP][PASSED] - selectOptionByIndex: All options with index in [1] are selected on object 'Object Repository/DispensaryToStore/Page_Store/select_--Select--BA1170BA2376B'

2018-05-28 12:33:13 - [MESSAGE][PASSED] - All options with index in [1] are selected on object 'Object Repository/DispensaryToStore/Page_Store/select_--Select--BA1170BA2376B'

2018-05-28 12:33:13 - [TEST_STEP][PASSED] - Statement - Try: null

2018-05-28 12:33:13 - [TEST_STEP][PASSED] - Statement - StockQty = com.kms.katalon.core.webui.keyword.WebUiBuiltInKeywords.getAttribute(com.kms.katalon.core.testobject.ObjectRepository.findTestObject(DispensaryToStore/Page_Store/input_txtprice), "value"): Attribute 'value' of object 'Object Repository/DispensaryToStore/Page_Store/input_txtprice' is: '9970'

2018-05-28 12:33:13 - [MESSAGE][PASSED] - Attribute 'value' of object 'Object Repository/DispensaryToStore/Page_Store/input_txtprice' is: '9970'

2018-05-28 12:33:13 - [TEST_STEP][PASSED] - Statement - out.println("Stock QTY : " + StockQty): null

2018-05-28 12:33:13 - [TEST_STEP][PASSED] - delay: Delayed 2 second(s)

2018-05-28 12:33:15 - [MESSAGE][PASSED] - Delayed 2 second(s)

2018-05-28 12:33:15 - [TEST_STEP][PASSED] - Statement - If (java.lang.String.valueOf(StockQty) >= java.lang.String.valueOf(RequestedQty)): null

2018-05-28 12:33:15 - [TEST_STEP][PASSED] - setText: Text '10' is set on object 'Object Repository/DispensaryToStore/Page_Store/input_txtqty'

2018-05-28 12:33:16 - [MESSAGE][PASSED] - Text '10' is set on object 'Object Repository/DispensaryToStore/Page_Store/input_txtqty'

2018-05-28 12:33:16 - [TEST_STEP][PASSED] - click: Object: 'Object Repository/DispensaryToStore/Page_Store/button_Add' is clicked on

2018-05-28 12:33:16 - [MESSAGE][PASSED] - Object: 'Object Repository/DispensaryToStore/Page_Store/button_Add' is clicked on

2018-05-28 12:33:16 - [TEST_STEP][PASSED] - Statement - Break: null

2018-05-28 12:33:16 - [TEST_STEP][PASSED] - selectOptionByIndex: All options with index in [70] are selected on object 'Object Repository/DispensaryToStore/Page_Store/select_--Select--Adernaline 0.'

2018-05-28 12:33:17 - [MESSAGE][PASSED] - All options with index in [70] are selected on object 'Object Repository/DispensaryToStore/Page_Store/select_--Select--Adernaline 0.'

2018-05-28 12:33:17 - [TEST_STEP][PASSED] - delay: Delayed 2 second(s)

2018-05-28 12:33:19 - [MESSAGE][PASSED] - Delayed 2 second(s)

2018-05-28 12:33:19 - [TEST_STEP][PASSED] - Statement - RequestedQty = com.kms.katalon.core.webui.keyword.WebUiBuiltInKeywords.getAttribute(com.kms.katalon.core.testobject.ObjectRepository.findTestObject(DispensaryToStore/Page_Store/input_txttotal), "value"): Attribute 'value' of object 'Object Repository/DispensaryToStore/Page_Store/input_txttotal' is: '10'

2018-05-28 12:33:19 - [MESSAGE][PASSED] - Attribute 'value' of object 'Object Repository/DispensaryToStore/Page_Store/input_txttotal' is: '10'

2018-05-28 12:33:19 - [TEST_STEP][PASSED] - Statement - out.println("Requested QTY : " + RequestedQty): null

2018-05-28 12:33:19 - [TEST_STEP][PASSED] - Statement - BatchNumber = com.kms.katalon.core.webui.keyword.WebUiBuiltInKeywords.getNumberOfTotalOption(com.kms.katalon.core.testobject.ObjectRepository.findTestObject(DispensaryToStore/Page_Store/select_--Select--BA1170BA2376B)): 2 options of object 'Object Repository/DispensaryToStore/Page_Store/select_--Select--BA1170BA2376B' counted

2018-05-28 12:33:19 - [MESSAGE][PASSED] - 2 options of object 'Object Repository/DispensaryToStore/Page_Store/select_--Select--BA1170BA2376B' counted

2018-05-28 12:33:19 - [TEST_STEP][PASSED] - Statement - For ([g = 1, g <= BatchNumber - 1, (g++)]): null

2018-05-28 12:33:19 - [TEST_STEP][PASSED] - selectOptionByIndex: All options with index in [1] are selected on object 'Object Repository/DispensaryToStore/Page_Store/select_--Select--BA1170BA2376B'

2018-05-28 12:33:19 - [MESSAGE][PASSED] - All options with index in [1] are selected on object 'Object Repository/DispensaryToStore/Page_Store/select_--Select--BA1170BA2376B'

2018-05-28 12:33:19 - [TEST_STEP][PASSED] - Statement - Try: null

2018-05-28 12:33:19 - [TEST_STEP][PASSED] - Statement - StockQty = com.kms.katalon.core.webui.keyword.WebUiBuiltInKeywords.getAttribute(com.kms.katalon.core.testobject.ObjectRepository.findTestObject(DispensaryToStore/Page_Store/input_txtprice), "value"): Attribute 'value' of object 'Object Repository/DispensaryToStore/Page_Store/input_txtprice' is: '9970'

2018-05-28 12:33:19 - [MESSAGE][PASSED] - Attribute 'value' of object 'Object Repository/DispensaryToStore/Page_Store/input_txtprice' is: '9970'

2018-05-28 12:33:19 - [TEST_STEP][PASSED] - Statement - out.println("Stock QTY : " + StockQty): null

2018-05-28 12:33:19 - [TEST_STEP][PASSED] - delay: Delayed 2 second(s)

2018-05-28 12:33:21 - [MESSAGE][PASSED] - Delayed 2 second(s)

2018-05-28 12:33:21 - [TEST_STEP][PASSED] - Statement - If (java.lang.String.valueOf(StockQty) >= java.lang.String.valueOf(RequestedQty)): null

2018-05-28 12:33:21 - [TEST_STEP][PASSED] - setText: Text '10' is set on object 'Object Repository/DispensaryToStore/Page_Store/input_txtqty'

2018-05-28 12:33:21 - [MESSAGE][PASSED] - Text '10' is set on object 'Object Repository/DispensaryToStore/Page_Store/input_txtqty'

2018-05-28 12:33:21 - [TEST_STEP][PASSED] - click: Object: 'Object Repository/DispensaryToStore/Page_Store/button_Add' is clicked on

2018-05-28 12:33:21 - [MESSAGE][PASSED] - Object: 'Object Repository/DispensaryToStore/Page_Store/button_Add' is clicked on

2018-05-28 12:33:21 - [TEST_STEP][PASSED] - Statement - Break: null

2018-05-28 12:33:21 - [TEST_STEP][PASSED] - selectOptionByIndex: All options with index in [71] are selected on object 'Object Repository/DispensaryToStore/Page_Store/select_--Select--Adernaline 0.'

2018-05-28 12:33:22 - [MESSAGE][PASSED] - All options with index in [71] are selected on object 'Object Repository/DispensaryToStore/Page_Store/select_--Select--Adernaline 0.'

2018-05-28 12:33:22 - [TEST_STEP][PASSED] - delay: Delayed 2 second(s)

2018-05-28 12:33:24 - [MESSAGE][PASSED] - Delayed 2 second(s)

2018-05-28 12:33:24 - [TEST_STEP][PASSED] - Statement - RequestedQty = com.kms.katalon.core.webui.keyword.WebUiBuiltInKeywords.getAttribute(com.kms.katalon.core.testobject.ObjectRepository.findTestObject(DispensaryToStore/Page_Store/input_txttotal), "value"): Attribute 'value' of object 'Object Repository/DispensaryToStore/Page_Store/input_txttotal' is: '10'

2018-05-28 12:33:24 - [MESSAGE][PASSED] - Attribute 'value' of object 'Object Repository/DispensaryToStore/Page_Store/input_txttotal' is: '10'

2018-05-28 12:33:24 - [TEST_STEP][PASSED] - Statement - out.println("Requested QTY : " + RequestedQty): null

2018-05-28 12:33:24 - [TEST_STEP][PASSED] - Statement - BatchNumber = com.kms.katalon.core.webui.keyword.WebUiBuiltInKeywords.getNumberOfTotalOption(com.kms.katalon.core.testobject.ObjectRepository.findTestObject(DispensaryToStore/Page_Store/select_--Select--BA1170BA2376B)): 2 options of object 'Object Repository/DispensaryToStore/Page_Store/select_--Select--BA1170BA2376B' counted

2018-05-28 12:33:24 - [MESSAGE][PASSED] - 2 options of object 'Object Repository/DispensaryToStore/Page_Store/select_--Select--BA1170BA2376B' counted

2018-05-28 12:33:24 - [TEST_STEP][PASSED] - Statement - For ([g = 1, g <= BatchNumber - 1, (g++)]): null

2018-05-28 12:33:24 - [TEST_STEP][PASSED] - selectOptionByIndex: All options with index in [1] are selected on object 'Object Repository/DispensaryToStore/Page_Store/select_--Select--BA1170BA2376B'

2018-05-28 12:33:24 - [MESSAGE][PASSED] - All options with index in [1] are selected on object 'Object Repository/DispensaryToStore/Page_Store/select_--Select--BA1170BA2376B'

2018-05-28 12:33:24 - [TEST_STEP][PASSED] - Statement - Try: null

2018-05-28 12:33:24 - [TEST_STEP][PASSED] - Statement - StockQty = com.kms.katalon.core.webui.keyword.WebUiBuiltInKeywords.getAttribute(com.kms.katalon.core.testobject.ObjectRepository.findTestObject(DispensaryToStore/Page_Store/input_txtprice), "value"): Attribute 'value' of object 'Object Repository/DispensaryToStore/Page_Store/input_txtprice' is: '9970'

2018-05-28 12:33:24 - [MESSAGE][PASSED] - Attribute 'value' of object 'Object Repository/DispensaryToStore/Page_Store/input_txtprice' is: '9970'

2018-05-28 12:33:24 - [TEST_STEP][PASSED] - Statement - out.println("Stock QTY : " + StockQty): null

2018-05-28 12:33:24 - [TEST_STEP][PASSED] - delay: Delayed 2 second(s)

2018-05-28 12:33:26 - [MESSAGE][PASSED] - Delayed 2 second(s)

2018-05-28 12:33:26 - [TEST_STEP][PASSED] - Statement - If (java.lang.String.valueOf(StockQty) >= java.lang.String.valueOf(RequestedQty)): null

2018-05-28 12:33:26 - [TEST_STEP][PASSED] - setText: Text '10' is set on object 'Object Repository/DispensaryToStore/Page_Store/input_txtqty'

2018-05-28 12:33:26 - [MESSAGE][PASSED] - Text '10' is set on object 'Object Repository/DispensaryToStore/Page_Store/input_txtqty'

2018-05-28 12:33:26 - [TEST_STEP][PASSED] - click: Object: 'Object Repository/DispensaryToStore/Page_Store/button_Add' is clicked on

2018-05-28 12:33:26 - [MESSAGE][PASSED] - Object: 'Object Repository/DispensaryToStore/Page_Store/button_Add' is clicked on

2018-05-28 12:33:26 - [TEST_STEP][PASSED] - Statement - Break: null

2018-05-28 12:33:26 - [TEST_STEP][PASSED] - selectOptionByIndex: All options with index in [72] are selected on object 'Object Repository/DispensaryToStore/Page_Store/select_--Select--Adernaline 0.'

2018-05-28 12:33:27 - [MESSAGE][PASSED] - All options with index in [72] are selected on object 'Object Repository/DispensaryToStore/Page_Store/select_--Select--Adernaline 0.'

2018-05-28 12:33:27 - [TEST_STEP][PASSED] - delay: Delayed 2 second(s)

2018-05-28 12:33:29 - [MESSAGE][PASSED] - Delayed 2 second(s)

2018-05-28 12:33:29 - [TEST_STEP][PASSED] - Statement - RequestedQty = com.kms.katalon.core.webui.keyword.WebUiBuiltInKeywords.getAttribute(com.kms.katalon.core.testobject.ObjectRepository.findTestObject(DispensaryToStore/Page_Store/input_txttotal), "value"): Attribute 'value' of object 'Object Repository/DispensaryToStore/Page_Store/input_txttotal' is: '10'

2018-05-28 12:33:29 - [MESSAGE][PASSED] - Attribute 'value' of object 'Object Repository/DispensaryToStore/Page_Store/input_txttotal' is: '10'

2018-05-28 12:33:29 - [TEST_STEP][PASSED] - Statement - out.println("Requested QTY : " + RequestedQty): null

2018-05-28 12:33:29 - [TEST_STEP][PASSED] - Statement - BatchNumber = com.kms.katalon.core.webui.keyword.WebUiBuiltInKeywords.getNumberOfTotalOption(com.kms.katalon.core.testobject.ObjectRepository.findTestObject(DispensaryToStore/Page_Store/select_--Select--BA1170BA2376B)): 2 options of object 'Object Repository/DispensaryToStore/Page_Store/select_--Select--BA1170BA2376B' counted

2018-05-28 12:33:29 - [MESSAGE][PASSED] - 2 options of object 'Object Repository/DispensaryToStore/Page_Store/select_--Select--BA1170BA2376B' counted

2018-05-28 12:33:29 - [TEST_STEP][PASSED] - Statement - For ([g = 1, g <= BatchNumber - 1, (g++)]): null

2018-05-28 12:33:29 - [TEST_STEP][PASSED] - selectOptionByIndex: All options with index in [1] are selected on object 'Object Repository/DispensaryToStore/Page_Store/select_--Select--BA1170BA2376B'

2018-05-28 12:33:29 - [MESSAGE][PASSED] - All options with index in [1] are selected on object 'Object Repository/DispensaryToStore/Page_Store/select_--Select--BA1170BA2376B'

2018-05-28 12:33:29 - [TEST_STEP][PASSED] - Statement - Try: null

2018-05-28 12:33:29 - [TEST_STEP][PASSED] - Statement - StockQty = com.kms.katalon.core.webui.keyword.WebUiBuiltInKeywords.getAttribute(com.kms.katalon.core.testobject.ObjectRepository.findTestObject(DispensaryToStore/Page_Store/input_txtprice), "value"): Attribute 'value' of object 'Object Repository/DispensaryToStore/Page_Store/input_txtprice' is: '9970'

2018-05-28 12:33:29 - [MESSAGE][PASSED] - Attribute 'value' of object 'Object Repository/DispensaryToStore/Page_Store/input_txtprice' is: '9970'

2018-05-28 12:33:29 - [TEST_STEP][PASSED] - Statement - out.println("Stock QTY : " + StockQty): null

2018-05-28 12:33:29 - [TEST_STEP][PASSED] - delay: Delayed 2 second(s)

2018-05-28 12:33:31 - [MESSAGE][PASSED] - Delayed 2 second(s)

2018-05-28 12:33:31 - [TEST_STEP][PASSED] - Statement - If (java.lang.String.valueOf(StockQty) >= java.lang.String.valueOf(RequestedQty)): null

2018-05-28 12:33:31 - [TEST_STEP][PASSED] - setText: Text '10' is set on object 'Object Repository/DispensaryToStore/Page_Store/input_txtqty'

2018-05-28 12:33:31 - [MESSAGE][PASSED] - Text '10' is set on object 'Object Repository/DispensaryToStore/Page_Store/input_txtqty'

2018-05-28 12:33:31 - [TEST_STEP][PASSED] - click: Object: 'Object Repository/DispensaryToStore/Page_Store/button_Add' is clicked on

2018-05-28 12:33:31 - [MESSAGE][PASSED] - Object: 'Object Repository/DispensaryToStore/Page_Store/button_Add' is clicked on

2018-05-28 12:33:31 - [TEST_STEP][PASSED] - Statement - Break: null

2018-05-28 12:33:31 - [TEST_STEP][PASSED] - scrollToElement: Scroll to object 'Object Repository/DispensaryToStore/Page_Store/input_btnSubmit' successfully

2018-05-28 12:33:31 - [MESSAGE][PASSED] - Scroll to object 'Object Repository/DispensaryToStore/Page_Store/input_btnSubmit' successfully

2018-05-28 12:33:31 - [TEST_STEP][PASSED] - click: Object: 'Object Repository/DispensaryToStore/Page_Store/input_btnSubmit' is clicked on

2018-05-28 12:33:32 - [MESSAGE][PASSED] - Object: 'Object Repository/DispensaryToStore/Page_Store/input_btnSubmit' is clicked on

2018-05-28 12:33:32 - [TEST_STEP][PASSED] - delay: Delayed 3 second(s)

2018-05-28 12:33:35 - [MESSAGE][PASSED] - Delayed 3 second(s)

2018-05-28 12:33:35 - [TEST_STEP][PASSED] - click: Object: 'Object Repository/DispensaryToStore/Page_Store/button_OK' is clicked on

2018-05-28 12:33:38 - [MESSAGE][PASSED] - Object: 'Object Repository/DispensaryToStore/Page_Store/button_OK' is clicked on

2018-05-28 12:33:38 - [TEST_STEP][PASSED] - delay: Delayed 3 second(s)

2018-05-28 12:33:41 - [MESSAGE][PASSED] - Delayed 3 second(s)

2018-05-28 12:33:41 - [TEST_STEP][PASSED] - waitForElementPresent: Object 'Object Repository/DispensaryToStore/Page_Dispensary Store/a_dropdown-toggle' is present

2018-05-28 12:33:41 - [MESSAGE][PASSED] - Object 'Object Repository/DispensaryToStore/Page_Dispensary Store/a_dropdown-toggle' is present

2018-05-28 12:33:41 - [TEST_STEP][PASSED] - click: Object: 'Object Repository/DispensaryToStore/Page_Store/a_dropdown-toggle' is clicked on

2018-05-28 12:33:41 - [MESSAGE][PASSED] - Object: 'Object Repository/DispensaryToStore/Page_Store/a_dropdown-toggle' is clicked on

2018-05-28 12:33:41 - [TEST_STEP][PASSED] - click: Object: 'Object Repository/DispensaryToStore/Page_Store/a_Sign out' is clicked on

2018-05-28 12:33:41 - [MESSAGE][PASSED] - Object: 'Object Repository/DispensaryToStore/Page_Store/a_Sign out' is clicked on

2018-05-28 12:33:41 - [TEST_STEP][PASSED] - closeBrowser: Browser is closed

2018-05-28 12:33:42 - [MESSAGE][PASSED] - Browser is closed]]></system-out>
         <system-err><![CDATA[]]></system-err>
      </testcase>
      <testcase name="Test Cases/DISPENSARY TEST CASES/TC_DP_003 Verify Schedule 3 Dispensary Request Are Working Successfully Or Not" classname="Test Cases/DISPENSARY TEST CASES/TC_DP_003 Verify Schedule 3 Dispensary Request Are Working Successfully Or Not" status="PASSED">
         <system-out><![CDATA[2018-05-28 12:33:42 - [TEST_CASE][PASSED] - Test Cases/DISPENSARY TEST CASES/TC_DP_003 Verify Schedule 3 Dispensary Request Are Working Successfully Or Not: Test Cases/DISPENSARY TEST CASES/TC_DP_003 Verify Schedule 3 Dispensary Request Are Working Successfully Or Not

2018-05-28 12:33:42 - [TEST_STEP][PASSED] - openBrowser: Browser is opened with url: ''

2018-05-28 12:33:44 - [MESSAGE][PASSED] - Browser is opened with url: ''

2018-05-28 12:33:44 - [TEST_STEP][PASSED] - navigateToUrl: Navigate to 'http://192.168.137.1/multihospital_new/HDSplashscreen.aspx' successfully

2018-05-28 12:33:46 - [MESSAGE][PASSED] - Navigate to 'http://192.168.137.1/multihospital_new/HDSplashscreen.aspx' successfully

2018-05-28 12:33:46 - [TEST_STEP][PASSED] - maximizeWindow: Current window maximized

2018-05-28 12:33:48 - [MESSAGE][PASSED] - Current window maximized

2018-05-28 12:33:48 - [TEST_STEP][PASSED] - click: Object: 'Object Repository/DispensaryToStore/Page_KDMC/a_Dispensary Store' is clicked on

2018-05-28 12:33:48 - [MESSAGE][PASSED] - Object: 'Object Repository/DispensaryToStore/Page_KDMC/a_Dispensary Store' is clicked on

2018-05-28 12:33:48 - [TEST_STEP][PASSED] - setText: Text 'rajaram' is set on object 'Object Repository/DispensaryToStore/Page_Dispensary Store Login/input_txtusername'

2018-05-28 12:33:48 - [MESSAGE][PASSED] - Text 'rajaram' is set on object 'Object Repository/DispensaryToStore/Page_Dispensary Store Login/input_txtusername'

2018-05-28 12:33:48 - [TEST_STEP][PASSED] - setText: Text '123' is set on object 'Object Repository/DispensaryToStore/Page_Dispensary Store Login/input_txtpassword'

2018-05-28 12:33:48 - [MESSAGE][PASSED] - Text '123' is set on object 'Object Repository/DispensaryToStore/Page_Dispensary Store Login/input_txtpassword'

2018-05-28 12:33:48 - [TEST_STEP][PASSED] - delay: Delayed 3 second(s)

2018-05-28 12:33:51 - [MESSAGE][PASSED] - Delayed 3 second(s)

2018-05-28 12:33:51 - [TEST_STEP][PASSED] - sendKeys: Keys 'ENTER + ' sent to object: 'Object Repository/DispensaryToStore/Page_Dispensary Store Login/input_txtpassword'

2018-05-28 12:33:52 - [MESSAGE][PASSED] - Keys 'ENTER + ' sent to object: 'Object Repository/DispensaryToStore/Page_Dispensary Store Login/input_txtpassword'

2018-05-28 12:33:52 - [TEST_STEP][PASSED] - delay: Delayed 3 second(s)

2018-05-28 12:33:55 - [MESSAGE][PASSED] - Delayed 3 second(s)

2018-05-28 12:33:55 - [TEST_STEP][PASSED] - click: Object: 'Object Repository/DispensaryToStore/Page_Dispensary Store/a_Request to Store' is clicked on

2018-05-28 12:33:55 - [MESSAGE][PASSED] - Object: 'Object Repository/DispensaryToStore/Page_Dispensary Store/a_Request to Store' is clicked on

2018-05-28 12:33:55 - [TEST_STEP][PASSED] - click: Object: 'Object Repository/DispensaryToStore/Page_Dispensary Store/a_Medicine Request' is clicked on

2018-05-28 12:33:56 - [MESSAGE][PASSED] - Object: 'Object Repository/DispensaryToStore/Page_Dispensary Store/a_Medicine Request' is clicked on

2018-05-28 12:33:56 - [TEST_STEP][PASSED] - selectOptionByIndex: All options with index in [3] are selected on object 'Object Repository/DispensaryToStore/Page_Dispensary Store/select_--Select--Schedule 1Inj'

2018-05-28 12:33:56 - [MESSAGE][PASSED] - All options with index in [3] are selected on object 'Object Repository/DispensaryToStore/Page_Dispensary Store/select_--Select--Schedule 1Inj'

2018-05-28 12:33:56 - [TEST_STEP][PASSED] - Statement - medicineslength = com.kms.katalon.core.webui.keyword.WebUiBuiltInKeywords.getNumberOfTotalOption(com.kms.katalon.core.testobject.ObjectRepository.findTestObject(DispensaryToStore/Page_Dispensary Store/select_--Select--Adernaline 0.)): 37 options of object 'Object Repository/DispensaryToStore/Page_Dispensary Store/select_--Select--Adernaline 0.' counted

2018-05-28 12:33:56 - [MESSAGE][PASSED] - 37 options of object 'Object Repository/DispensaryToStore/Page_Dispensary Store/select_--Select--Adernaline 0.' counted

2018-05-28 12:33:56 - [TEST_STEP][PASSED] - Statement - For ([e = 1, e <= medicineslength - 1, (e++)]): Object: 'Object Repository/DispensaryToStore/Page_Dispensary Store/button_Add' is clicked on

2018-05-28 12:33:56 - [TEST_STEP][PASSED] - selectOptionByIndex: All options with index in [3] are selected on object 'Object Repository/DispensaryToStore/Page_Dispensary Store/select_--Select--Schedule 1Inj'

2018-05-28 12:33:56 - [MESSAGE][PASSED] - All options with index in [3] are selected on object 'Object Repository/DispensaryToStore/Page_Dispensary Store/select_--Select--Schedule 1Inj'

2018-05-28 12:33:56 - [TEST_STEP][PASSED] - selectOptionByIndex: All options with index in [1] are selected on object 'Object Repository/DispensaryToStore/Page_Dispensary Store/select_--Select--Adernaline 0.'

2018-05-28 12:33:56 - [MESSAGE][PASSED] - All options with index in [1] are selected on object 'Object Repository/DispensaryToStore/Page_Dispensary Store/select_--Select--Adernaline 0.'

2018-05-28 12:33:56 - [TEST_STEP][PASSED] - setText: Text '10' is set on object 'Object Repository/DispensaryToStore/Page_Dispensary Store/input_txttreat'

2018-05-28 12:33:57 - [MESSAGE][PASSED] - Text '10' is set on object 'Object Repository/DispensaryToStore/Page_Dispensary Store/input_txttreat'

2018-05-28 12:33:57 - [TEST_STEP][PASSED] - click: Object: 'Object Repository/DispensaryToStore/Page_Dispensary Store/button_Add' is clicked on

2018-05-28 12:33:57 - [MESSAGE][PASSED] - Object: 'Object Repository/DispensaryToStore/Page_Dispensary Store/button_Add' is clicked on

2018-05-28 12:33:57 - [TEST_STEP][PASSED] - selectOptionByIndex: All options with index in [3] are selected on object 'Object Repository/DispensaryToStore/Page_Dispensary Store/select_--Select--Schedule 1Inj'

2018-05-28 12:33:57 - [MESSAGE][PASSED] - All options with index in [3] are selected on object 'Object Repository/DispensaryToStore/Page_Dispensary Store/select_--Select--Schedule 1Inj'

2018-05-28 12:33:57 - [TEST_STEP][PASSED] - selectOptionByIndex: All options with index in [2] are selected on object 'Object Repository/DispensaryToStore/Page_Dispensary Store/select_--Select--Adernaline 0.'

2018-05-28 12:33:57 - [MESSAGE][PASSED] - All options with index in [2] are selected on object 'Object Repository/DispensaryToStore/Page_Dispensary Store/select_--Select--Adernaline 0.'

2018-05-28 12:33:57 - [TEST_STEP][PASSED] - setText: Text '10' is set on object 'Object Repository/DispensaryToStore/Page_Dispensary Store/input_txttreat'

2018-05-28 12:33:57 - [MESSAGE][PASSED] - Text '10' is set on object 'Object Repository/DispensaryToStore/Page_Dispensary Store/input_txttreat'

2018-05-28 12:33:57 - [TEST_STEP][PASSED] - click: Object: 'Object Repository/DispensaryToStore/Page_Dispensary Store/button_Add' is clicked on

2018-05-28 12:33:57 - [MESSAGE][PASSED] - Object: 'Object Repository/DispensaryToStore/Page_Dispensary Store/button_Add' is clicked on

2018-05-28 12:33:57 - [TEST_STEP][PASSED] - selectOptionByIndex: All options with index in [3] are selected on object 'Object Repository/DispensaryToStore/Page_Dispensary Store/select_--Select--Schedule 1Inj'

2018-05-28 12:33:57 - [MESSAGE][PASSED] - All options with index in [3] are selected on object 'Object Repository/DispensaryToStore/Page_Dispensary Store/select_--Select--Schedule 1Inj'

2018-05-28 12:33:57 - [TEST_STEP][PASSED] - selectOptionByIndex: All options with index in [3] are selected on object 'Object Repository/DispensaryToStore/Page_Dispensary Store/select_--Select--Adernaline 0.'

2018-05-28 12:33:57 - [MESSAGE][PASSED] - All options with index in [3] are selected on object 'Object Repository/DispensaryToStore/Page_Dispensary Store/select_--Select--Adernaline 0.'

2018-05-28 12:33:57 - [TEST_STEP][PASSED] - setText: Text '10' is set on object 'Object Repository/DispensaryToStore/Page_Dispensary Store/input_txttreat'

2018-05-28 12:33:57 - [MESSAGE][PASSED] - Text '10' is set on object 'Object Repository/DispensaryToStore/Page_Dispensary Store/input_txttreat'

2018-05-28 12:33:57 - [TEST_STEP][PASSED] - click: Object: 'Object Repository/DispensaryToStore/Page_Dispensary Store/button_Add' is clicked on

2018-05-28 12:33:58 - [MESSAGE][PASSED] - Object: 'Object Repository/DispensaryToStore/Page_Dispensary Store/button_Add' is clicked on

2018-05-28 12:33:58 - [TEST_STEP][PASSED] - selectOptionByIndex: All options with index in [3] are selected on object 'Object Repository/DispensaryToStore/Page_Dispensary Store/select_--Select--Schedule 1Inj'

2018-05-28 12:33:58 - [MESSAGE][PASSED] - All options with index in [3] are selected on object 'Object Repository/DispensaryToStore/Page_Dispensary Store/select_--Select--Schedule 1Inj'

2018-05-28 12:33:58 - [TEST_STEP][PASSED] - selectOptionByIndex: All options with index in [4] are selected on object 'Object Repository/DispensaryToStore/Page_Dispensary Store/select_--Select--Adernaline 0.'

2018-05-28 12:33:58 - [MESSAGE][PASSED] - All options with index in [4] are selected on object 'Object Repository/DispensaryToStore/Page_Dispensary Store/select_--Select--Adernaline 0.'

2018-05-28 12:33:58 - [TEST_STEP][PASSED] - setText: Text '10' is set on object 'Object Repository/DispensaryToStore/Page_Dispensary Store/input_txttreat'

2018-05-28 12:33:58 - [MESSAGE][PASSED] - Text '10' is set on object 'Object Repository/DispensaryToStore/Page_Dispensary Store/input_txttreat'

2018-05-28 12:33:58 - [TEST_STEP][PASSED] - click: Object: 'Object Repository/DispensaryToStore/Page_Dispensary Store/button_Add' is clicked on

2018-05-28 12:33:58 - [MESSAGE][PASSED] - Object: 'Object Repository/DispensaryToStore/Page_Dispensary Store/button_Add' is clicked on

2018-05-28 12:33:58 - [TEST_STEP][PASSED] - selectOptionByIndex: All options with index in [3] are selected on object 'Object Repository/DispensaryToStore/Page_Dispensary Store/select_--Select--Schedule 1Inj'

2018-05-28 12:33:58 - [MESSAGE][PASSED] - All options with index in [3] are selected on object 'Object Repository/DispensaryToStore/Page_Dispensary Store/select_--Select--Schedule 1Inj'

2018-05-28 12:33:58 - [TEST_STEP][PASSED] - selectOptionByIndex: All options with index in [5] are selected on object 'Object Repository/DispensaryToStore/Page_Dispensary Store/select_--Select--Adernaline 0.'

2018-05-28 12:33:58 - [MESSAGE][PASSED] - All options with index in [5] are selected on object 'Object Repository/DispensaryToStore/Page_Dispensary Store/select_--Select--Adernaline 0.'

2018-05-28 12:33:58 - [TEST_STEP][PASSED] - setText: Text '10' is set on object 'Object Repository/DispensaryToStore/Page_Dispensary Store/input_txttreat'

2018-05-28 12:33:58 - [MESSAGE][PASSED] - Text '10' is set on object 'Object Repository/DispensaryToStore/Page_Dispensary Store/input_txttreat'

2018-05-28 12:33:58 - [TEST_STEP][PASSED] - click: Object: 'Object Repository/DispensaryToStore/Page_Dispensary Store/button_Add' is clicked on

2018-05-28 12:33:58 - [MESSAGE][PASSED] - Object: 'Object Repository/DispensaryToStore/Page_Dispensary Store/button_Add' is clicked on

2018-05-28 12:33:58 - [TEST_STEP][PASSED] - selectOptionByIndex: All options with index in [3] are selected on object 'Object Repository/DispensaryToStore/Page_Dispensary Store/select_--Select--Schedule 1Inj'

2018-05-28 12:33:59 - [MESSAGE][PASSED] - All options with index in [3] are selected on object 'Object Repository/DispensaryToStore/Page_Dispensary Store/select_--Select--Schedule 1Inj'

2018-05-28 12:33:59 - [TEST_STEP][PASSED] - selectOptionByIndex: All options with index in [6] are selected on object 'Object Repository/DispensaryToStore/Page_Dispensary Store/select_--Select--Adernaline 0.'

2018-05-28 12:33:59 - [MESSAGE][PASSED] - All options with index in [6] are selected on object 'Object Repository/DispensaryToStore/Page_Dispensary Store/select_--Select--Adernaline 0.'

2018-05-28 12:33:59 - [TEST_STEP][PASSED] - setText: Text '10' is set on object 'Object Repository/DispensaryToStore/Page_Dispensary Store/input_txttreat'

2018-05-28 12:33:59 - [MESSAGE][PASSED] - Text '10' is set on object 'Object Repository/DispensaryToStore/Page_Dispensary Store/input_txttreat'

2018-05-28 12:33:59 - [TEST_STEP][PASSED] - click: Object: 'Object Repository/DispensaryToStore/Page_Dispensary Store/button_Add' is clicked on

2018-05-28 12:33:59 - [MESSAGE][PASSED] - Object: 'Object Repository/DispensaryToStore/Page_Dispensary Store/button_Add' is clicked on

2018-05-28 12:33:59 - [TEST_STEP][PASSED] - selectOptionByIndex: All options with index in [3] are selected on object 'Object Repository/DispensaryToStore/Page_Dispensary Store/select_--Select--Schedule 1Inj'

2018-05-28 12:33:59 - [MESSAGE][PASSED] - All options with index in [3] are selected on object 'Object Repository/DispensaryToStore/Page_Dispensary Store/select_--Select--Schedule 1Inj'

2018-05-28 12:33:59 - [TEST_STEP][PASSED] - selectOptionByIndex: All options with index in [7] are selected on object 'Object Repository/DispensaryToStore/Page_Dispensary Store/select_--Select--Adernaline 0.'

2018-05-28 12:33:59 - [MESSAGE][PASSED] - All options with index in [7] are selected on object 'Object Repository/DispensaryToStore/Page_Dispensary Store/select_--Select--Adernaline 0.'

2018-05-28 12:33:59 - [TEST_STEP][PASSED] - setText: Text '10' is set on object 'Object Repository/DispensaryToStore/Page_Dispensary Store/input_txttreat'

2018-05-28 12:33:59 - [MESSAGE][PASSED] - Text '10' is set on object 'Object Repository/DispensaryToStore/Page_Dispensary Store/input_txttreat'

2018-05-28 12:33:59 - [TEST_STEP][PASSED] - click: Object: 'Object Repository/DispensaryToStore/Page_Dispensary Store/button_Add' is clicked on

2018-05-28 12:33:59 - [MESSAGE][PASSED] - Object: 'Object Repository/DispensaryToStore/Page_Dispensary Store/button_Add' is clicked on

2018-05-28 12:33:59 - [TEST_STEP][PASSED] - selectOptionByIndex: All options with index in [3] are selected on object 'Object Repository/DispensaryToStore/Page_Dispensary Store/select_--Select--Schedule 1Inj'

2018-05-28 12:34:00 - [MESSAGE][PASSED] - All options with index in [3] are selected on object 'Object Repository/DispensaryToStore/Page_Dispensary Store/select_--Select--Schedule 1Inj'

2018-05-28 12:34:00 - [TEST_STEP][PASSED] - selectOptionByIndex: All options with index in [8] are selected on object 'Object Repository/DispensaryToStore/Page_Dispensary Store/select_--Select--Adernaline 0.'

2018-05-28 12:34:00 - [MESSAGE][PASSED] - All options with index in [8] are selected on object 'Object Repository/DispensaryToStore/Page_Dispensary Store/select_--Select--Adernaline 0.'

2018-05-28 12:34:00 - [TEST_STEP][PASSED] - setText: Text '10' is set on object 'Object Repository/DispensaryToStore/Page_Dispensary Store/input_txttreat'

2018-05-28 12:34:00 - [MESSAGE][PASSED] - Text '10' is set on object 'Object Repository/DispensaryToStore/Page_Dispensary Store/input_txttreat'

2018-05-28 12:34:00 - [TEST_STEP][PASSED] - click: Object: 'Object Repository/DispensaryToStore/Page_Dispensary Store/button_Add' is clicked on

2018-05-28 12:34:00 - [MESSAGE][PASSED] - Object: 'Object Repository/DispensaryToStore/Page_Dispensary Store/button_Add' is clicked on

2018-05-28 12:34:00 - [TEST_STEP][PASSED] - selectOptionByIndex: All options with index in [3] are selected on object 'Object Repository/DispensaryToStore/Page_Dispensary Store/select_--Select--Schedule 1Inj'

2018-05-28 12:34:00 - [MESSAGE][PASSED] - All options with index in [3] are selected on object 'Object Repository/DispensaryToStore/Page_Dispensary Store/select_--Select--Schedule 1Inj'

2018-05-28 12:34:00 - [TEST_STEP][PASSED] - selectOptionByIndex: All options with index in [9] are selected on object 'Object Repository/DispensaryToStore/Page_Dispensary Store/select_--Select--Adernaline 0.'

2018-05-28 12:34:00 - [MESSAGE][PASSED] - All options with index in [9] are selected on object 'Object Repository/DispensaryToStore/Page_Dispensary Store/select_--Select--Adernaline 0.'

2018-05-28 12:34:00 - [TEST_STEP][PASSED] - setText: Text '10' is set on object 'Object Repository/DispensaryToStore/Page_Dispensary Store/input_txttreat'

2018-05-28 12:34:00 - [MESSAGE][PASSED] - Text '10' is set on object 'Object Repository/DispensaryToStore/Page_Dispensary Store/input_txttreat'

2018-05-28 12:34:00 - [TEST_STEP][PASSED] - click: Object: 'Object Repository/DispensaryToStore/Page_Dispensary Store/button_Add' is clicked on

2018-05-28 12:34:00 - [MESSAGE][PASSED] - Object: 'Object Repository/DispensaryToStore/Page_Dispensary Store/button_Add' is clicked on

2018-05-28 12:34:00 - [TEST_STEP][PASSED] - selectOptionByIndex: All options with index in [3] are selected on object 'Object Repository/DispensaryToStore/Page_Dispensary Store/select_--Select--Schedule 1Inj'

2018-05-28 12:34:01 - [MESSAGE][PASSED] - All options with index in [3] are selected on object 'Object Repository/DispensaryToStore/Page_Dispensary Store/select_--Select--Schedule 1Inj'

2018-05-28 12:34:01 - [TEST_STEP][PASSED] - selectOptionByIndex: All options with index in [10] are selected on object 'Object Repository/DispensaryToStore/Page_Dispensary Store/select_--Select--Adernaline 0.'

2018-05-28 12:34:01 - [MESSAGE][PASSED] - All options with index in [10] are selected on object 'Object Repository/DispensaryToStore/Page_Dispensary Store/select_--Select--Adernaline 0.'

2018-05-28 12:34:01 - [TEST_STEP][PASSED] - setText: Text '10' is set on object 'Object Repository/DispensaryToStore/Page_Dispensary Store/input_txttreat'

2018-05-28 12:34:01 - [MESSAGE][PASSED] - Text '10' is set on object 'Object Repository/DispensaryToStore/Page_Dispensary Store/input_txttreat'

2018-05-28 12:34:01 - [TEST_STEP][PASSED] - click: Object: 'Object Repository/DispensaryToStore/Page_Dispensary Store/button_Add' is clicked on

2018-05-28 12:34:01 - [MESSAGE][PASSED] - Object: 'Object Repository/DispensaryToStore/Page_Dispensary Store/button_Add' is clicked on

2018-05-28 12:34:01 - [TEST_STEP][PASSED] - selectOptionByIndex: All options with index in [3] are selected on object 'Object Repository/DispensaryToStore/Page_Dispensary Store/select_--Select--Schedule 1Inj'

2018-05-28 12:34:01 - [MESSAGE][PASSED] - All options with index in [3] are selected on object 'Object Repository/DispensaryToStore/Page_Dispensary Store/select_--Select--Schedule 1Inj'

2018-05-28 12:34:01 - [TEST_STEP][PASSED] - selectOptionByIndex: All options with index in [11] are selected on object 'Object Repository/DispensaryToStore/Page_Dispensary Store/select_--Select--Adernaline 0.'

2018-05-28 12:34:01 - [MESSAGE][PASSED] - All options with index in [11] are selected on object 'Object Repository/DispensaryToStore/Page_Dispensary Store/select_--Select--Adernaline 0.'

2018-05-28 12:34:01 - [TEST_STEP][PASSED] - setText: Text '10' is set on object 'Object Repository/DispensaryToStore/Page_Dispensary Store/input_txttreat'

2018-05-28 12:34:01 - [MESSAGE][PASSED] - Text '10' is set on object 'Object Repository/DispensaryToStore/Page_Dispensary Store/input_txttreat'

2018-05-28 12:34:01 - [TEST_STEP][PASSED] - click: Object: 'Object Repository/DispensaryToStore/Page_Dispensary Store/button_Add' is clicked on

2018-05-28 12:34:01 - [MESSAGE][PASSED] - Object: 'Object Repository/DispensaryToStore/Page_Dispensary Store/button_Add' is clicked on

2018-05-28 12:34:01 - [TEST_STEP][PASSED] - selectOptionByIndex: All options with index in [3] are selected on object 'Object Repository/DispensaryToStore/Page_Dispensary Store/select_--Select--Schedule 1Inj'

2018-05-28 12:34:02 - [MESSAGE][PASSED] - All options with index in [3] are selected on object 'Object Repository/DispensaryToStore/Page_Dispensary Store/select_--Select--Schedule 1Inj'

2018-05-28 12:34:02 - [TEST_STEP][PASSED] - selectOptionByIndex: All options with index in [12] are selected on object 'Object Repository/DispensaryToStore/Page_Dispensary Store/select_--Select--Adernaline 0.'

2018-05-28 12:34:02 - [MESSAGE][PASSED] - All options with index in [12] are selected on object 'Object Repository/DispensaryToStore/Page_Dispensary Store/select_--Select--Adernaline 0.'

2018-05-28 12:34:02 - [TEST_STEP][PASSED] - setText: Text '10' is set on object 'Object Repository/DispensaryToStore/Page_Dispensary Store/input_txttreat'

2018-05-28 12:34:02 - [MESSAGE][PASSED] - Text '10' is set on object 'Object Repository/DispensaryToStore/Page_Dispensary Store/input_txttreat'

2018-05-28 12:34:02 - [TEST_STEP][PASSED] - click: Object: 'Object Repository/DispensaryToStore/Page_Dispensary Store/button_Add' is clicked on

2018-05-28 12:34:02 - [MESSAGE][PASSED] - Object: 'Object Repository/DispensaryToStore/Page_Dispensary Store/button_Add' is clicked on

2018-05-28 12:34:02 - [TEST_STEP][PASSED] - selectOptionByIndex: All options with index in [3] are selected on object 'Object Repository/DispensaryToStore/Page_Dispensary Store/select_--Select--Schedule 1Inj'

2018-05-28 12:34:02 - [MESSAGE][PASSED] - All options with index in [3] are selected on object 'Object Repository/DispensaryToStore/Page_Dispensary Store/select_--Select--Schedule 1Inj'

2018-05-28 12:34:02 - [TEST_STEP][PASSED] - selectOptionByIndex: All options with index in [13] are selected on object 'Object Repository/DispensaryToStore/Page_Dispensary Store/select_--Select--Adernaline 0.'

2018-05-28 12:34:02 - [MESSAGE][PASSED] - All options with index in [13] are selected on object 'Object Repository/DispensaryToStore/Page_Dispensary Store/select_--Select--Adernaline 0.'

2018-05-28 12:34:02 - [TEST_STEP][PASSED] - setText: Text '10' is set on object 'Object Repository/DispensaryToStore/Page_Dispensary Store/input_txttreat'

2018-05-28 12:34:02 - [MESSAGE][PASSED] - Text '10' is set on object 'Object Repository/DispensaryToStore/Page_Dispensary Store/input_txttreat'

2018-05-28 12:34:02 - [TEST_STEP][PASSED] - click: Object: 'Object Repository/DispensaryToStore/Page_Dispensary Store/button_Add' is clicked on

2018-05-28 12:34:02 - [MESSAGE][PASSED] - Object: 'Object Repository/DispensaryToStore/Page_Dispensary Store/button_Add' is clicked on

2018-05-28 12:34:02 - [TEST_STEP][PASSED] - selectOptionByIndex: All options with index in [3] are selected on object 'Object Repository/DispensaryToStore/Page_Dispensary Store/select_--Select--Schedule 1Inj'

2018-05-28 12:34:03 - [MESSAGE][PASSED] - All options with index in [3] are selected on object 'Object Repository/DispensaryToStore/Page_Dispensary Store/select_--Select--Schedule 1Inj'

2018-05-28 12:34:03 - [TEST_STEP][PASSED] - selectOptionByIndex: All options with index in [14] are selected on object 'Object Repository/DispensaryToStore/Page_Dispensary Store/select_--Select--Adernaline 0.'

2018-05-28 12:34:03 - [MESSAGE][PASSED] - All options with index in [14] are selected on object 'Object Repository/DispensaryToStore/Page_Dispensary Store/select_--Select--Adernaline 0.'

2018-05-28 12:34:03 - [TEST_STEP][PASSED] - setText: Text '10' is set on object 'Object Repository/DispensaryToStore/Page_Dispensary Store/input_txttreat'

2018-05-28 12:34:03 - [MESSAGE][PASSED] - Text '10' is set on object 'Object Repository/DispensaryToStore/Page_Dispensary Store/input_txttreat'

2018-05-28 12:34:03 - [TEST_STEP][PASSED] - click: Object: 'Object Repository/DispensaryToStore/Page_Dispensary Store/button_Add' is clicked on

2018-05-28 12:34:03 - [MESSAGE][PASSED] - Object: 'Object Repository/DispensaryToStore/Page_Dispensary Store/button_Add' is clicked on

2018-05-28 12:34:03 - [TEST_STEP][PASSED] - selectOptionByIndex: All options with index in [3] are selected on object 'Object Repository/DispensaryToStore/Page_Dispensary Store/select_--Select--Schedule 1Inj'

2018-05-28 12:34:03 - [MESSAGE][PASSED] - All options with index in [3] are selected on object 'Object Repository/DispensaryToStore/Page_Dispensary Store/select_--Select--Schedule 1Inj'

2018-05-28 12:34:03 - [TEST_STEP][PASSED] - selectOptionByIndex: All options with index in [15] are selected on object 'Object Repository/DispensaryToStore/Page_Dispensary Store/select_--Select--Adernaline 0.'

2018-05-28 12:34:03 - [MESSAGE][PASSED] - All options with index in [15] are selected on object 'Object Repository/DispensaryToStore/Page_Dispensary Store/select_--Select--Adernaline 0.'

2018-05-28 12:34:03 - [TEST_STEP][PASSED] - setText: Text '10' is set on object 'Object Repository/DispensaryToStore/Page_Dispensary Store/input_txttreat'

2018-05-28 12:34:03 - [MESSAGE][PASSED] - Text '10' is set on object 'Object Repository/DispensaryToStore/Page_Dispensary Store/input_txttreat'

2018-05-28 12:34:03 - [TEST_STEP][PASSED] - click: Object: 'Object Repository/DispensaryToStore/Page_Dispensary Store/button_Add' is clicked on

2018-05-28 12:34:04 - [MESSAGE][PASSED] - Object: 'Object Repository/DispensaryToStore/Page_Dispensary Store/button_Add' is clicked on

2018-05-28 12:34:04 - [TEST_STEP][PASSED] - selectOptionByIndex: All options with index in [3] are selected on object 'Object Repository/DispensaryToStore/Page_Dispensary Store/select_--Select--Schedule 1Inj'

2018-05-28 12:34:04 - [MESSAGE][PASSED] - All options with index in [3] are selected on object 'Object Repository/DispensaryToStore/Page_Dispensary Store/select_--Select--Schedule 1Inj'

2018-05-28 12:34:04 - [TEST_STEP][PASSED] - selectOptionByIndex: All options with index in [16] are selected on object 'Object Repository/DispensaryToStore/Page_Dispensary Store/select_--Select--Adernaline 0.'

2018-05-28 12:34:04 - [MESSAGE][PASSED] - All options with index in [16] are selected on object 'Object Repository/DispensaryToStore/Page_Dispensary Store/select_--Select--Adernaline 0.'

2018-05-28 12:34:04 - [TEST_STEP][PASSED] - setText: Text '10' is set on object 'Object Repository/DispensaryToStore/Page_Dispensary Store/input_txttreat'

2018-05-28 12:34:04 - [MESSAGE][PASSED] - Text '10' is set on object 'Object Repository/DispensaryToStore/Page_Dispensary Store/input_txttreat'

2018-05-28 12:34:04 - [TEST_STEP][PASSED] - click: Object: 'Object Repository/DispensaryToStore/Page_Dispensary Store/button_Add' is clicked on

2018-05-28 12:34:04 - [MESSAGE][PASSED] - Object: 'Object Repository/DispensaryToStore/Page_Dispensary Store/button_Add' is clicked on

2018-05-28 12:34:04 - [TEST_STEP][PASSED] - selectOptionByIndex: All options with index in [3] are selected on object 'Object Repository/DispensaryToStore/Page_Dispensary Store/select_--Select--Schedule 1Inj'

2018-05-28 12:34:04 - [MESSAGE][PASSED] - All options with index in [3] are selected on object 'Object Repository/DispensaryToStore/Page_Dispensary Store/select_--Select--Schedule 1Inj'

2018-05-28 12:34:04 - [TEST_STEP][PASSED] - selectOptionByIndex: All options with index in [17] are selected on object 'Object Repository/DispensaryToStore/Page_Dispensary Store/select_--Select--Adernaline 0.'

2018-05-28 12:34:05 - [MESSAGE][PASSED] - All options with index in [17] are selected on object 'Object Repository/DispensaryToStore/Page_Dispensary Store/select_--Select--Adernaline 0.'

2018-05-28 12:34:05 - [TEST_STEP][PASSED] - setText: Text '10' is set on object 'Object Repository/DispensaryToStore/Page_Dispensary Store/input_txttreat'

2018-05-28 12:34:05 - [MESSAGE][PASSED] - Text '10' is set on object 'Object Repository/DispensaryToStore/Page_Dispensary Store/input_txttreat'

2018-05-28 12:34:05 - [TEST_STEP][PASSED] - click: Object: 'Object Repository/DispensaryToStore/Page_Dispensary Store/button_Add' is clicked on

2018-05-28 12:34:05 - [MESSAGE][PASSED] - Object: 'Object Repository/DispensaryToStore/Page_Dispensary Store/button_Add' is clicked on

2018-05-28 12:34:05 - [TEST_STEP][PASSED] - selectOptionByIndex: All options with index in [3] are selected on object 'Object Repository/DispensaryToStore/Page_Dispensary Store/select_--Select--Schedule 1Inj'

2018-05-28 12:34:05 - [MESSAGE][PASSED] - All options with index in [3] are selected on object 'Object Repository/DispensaryToStore/Page_Dispensary Store/select_--Select--Schedule 1Inj'

2018-05-28 12:34:05 - [TEST_STEP][PASSED] - selectOptionByIndex: All options with index in [18] are selected on object 'Object Repository/DispensaryToStore/Page_Dispensary Store/select_--Select--Adernaline 0.'

2018-05-28 12:34:05 - [MESSAGE][PASSED] - All options with index in [18] are selected on object 'Object Repository/DispensaryToStore/Page_Dispensary Store/select_--Select--Adernaline 0.'

2018-05-28 12:34:05 - [TEST_STEP][PASSED] - setText: Text '10' is set on object 'Object Repository/DispensaryToStore/Page_Dispensary Store/input_txttreat'

2018-05-28 12:34:05 - [MESSAGE][PASSED] - Text '10' is set on object 'Object Repository/DispensaryToStore/Page_Dispensary Store/input_txttreat'

2018-05-28 12:34:05 - [TEST_STEP][PASSED] - click: Object: 'Object Repository/DispensaryToStore/Page_Dispensary Store/button_Add' is clicked on

2018-05-28 12:34:05 - [MESSAGE][PASSED] - Object: 'Object Repository/DispensaryToStore/Page_Dispensary Store/button_Add' is clicked on

2018-05-28 12:34:05 - [TEST_STEP][PASSED] - selectOptionByIndex: All options with index in [3] are selected on object 'Object Repository/DispensaryToStore/Page_Dispensary Store/select_--Select--Schedule 1Inj'

2018-05-28 12:34:05 - [MESSAGE][PASSED] - All options with index in [3] are selected on object 'Object Repository/DispensaryToStore/Page_Dispensary Store/select_--Select--Schedule 1Inj'

2018-05-28 12:34:05 - [TEST_STEP][PASSED] - selectOptionByIndex: All options with index in [19] are selected on object 'Object Repository/DispensaryToStore/Page_Dispensary Store/select_--Select--Adernaline 0.'

2018-05-28 12:34:06 - [MESSAGE][PASSED] - All options with index in [19] are selected on object 'Object Repository/DispensaryToStore/Page_Dispensary Store/select_--Select--Adernaline 0.'

2018-05-28 12:34:06 - [TEST_STEP][PASSED] - setText: Text '10' is set on object 'Object Repository/DispensaryToStore/Page_Dispensary Store/input_txttreat'

2018-05-28 12:34:06 - [MESSAGE][PASSED] - Text '10' is set on object 'Object Repository/DispensaryToStore/Page_Dispensary Store/input_txttreat'

2018-05-28 12:34:06 - [TEST_STEP][PASSED] - click: Object: 'Object Repository/DispensaryToStore/Page_Dispensary Store/button_Add' is clicked on

2018-05-28 12:34:06 - [MESSAGE][PASSED] - Object: 'Object Repository/DispensaryToStore/Page_Dispensary Store/button_Add' is clicked on

2018-05-28 12:34:06 - [TEST_STEP][PASSED] - selectOptionByIndex: All options with index in [3] are selected on object 'Object Repository/DispensaryToStore/Page_Dispensary Store/select_--Select--Schedule 1Inj'

2018-05-28 12:34:06 - [MESSAGE][PASSED] - All options with index in [3] are selected on object 'Object Repository/DispensaryToStore/Page_Dispensary Store/select_--Select--Schedule 1Inj'

2018-05-28 12:34:06 - [TEST_STEP][PASSED] - selectOptionByIndex: All options with index in [20] are selected on object 'Object Repository/DispensaryToStore/Page_Dispensary Store/select_--Select--Adernaline 0.'

2018-05-28 12:34:06 - [MESSAGE][PASSED] - All options with index in [20] are selected on object 'Object Repository/DispensaryToStore/Page_Dispensary Store/select_--Select--Adernaline 0.'

2018-05-28 12:34:06 - [TEST_STEP][PASSED] - setText: Text '10' is set on object 'Object Repository/DispensaryToStore/Page_Dispensary Store/input_txttreat'

2018-05-28 12:34:06 - [MESSAGE][PASSED] - Text '10' is set on object 'Object Repository/DispensaryToStore/Page_Dispensary Store/input_txttreat'

2018-05-28 12:34:06 - [TEST_STEP][PASSED] - click: Object: 'Object Repository/DispensaryToStore/Page_Dispensary Store/button_Add' is clicked on

2018-05-28 12:34:06 - [MESSAGE][PASSED] - Object: 'Object Repository/DispensaryToStore/Page_Dispensary Store/button_Add' is clicked on

2018-05-28 12:34:06 - [TEST_STEP][PASSED] - selectOptionByIndex: All options with index in [3] are selected on object 'Object Repository/DispensaryToStore/Page_Dispensary Store/select_--Select--Schedule 1Inj'

2018-05-28 12:34:07 - [MESSAGE][PASSED] - All options with index in [3] are selected on object 'Object Repository/DispensaryToStore/Page_Dispensary Store/select_--Select--Schedule 1Inj'

2018-05-28 12:34:07 - [TEST_STEP][PASSED] - selectOptionByIndex: All options with index in [21] are selected on object 'Object Repository/DispensaryToStore/Page_Dispensary Store/select_--Select--Adernaline 0.'

2018-05-28 12:34:07 - [MESSAGE][PASSED] - All options with index in [21] are selected on object 'Object Repository/DispensaryToStore/Page_Dispensary Store/select_--Select--Adernaline 0.'

2018-05-28 12:34:07 - [TEST_STEP][PASSED] - setText: Text '10' is set on object 'Object Repository/DispensaryToStore/Page_Dispensary Store/input_txttreat'

2018-05-28 12:34:07 - [MESSAGE][PASSED] - Text '10' is set on object 'Object Repository/DispensaryToStore/Page_Dispensary Store/input_txttreat'

2018-05-28 12:34:07 - [TEST_STEP][PASSED] - click: Object: 'Object Repository/DispensaryToStore/Page_Dispensary Store/button_Add' is clicked on

2018-05-28 12:34:07 - [MESSAGE][PASSED] - Object: 'Object Repository/DispensaryToStore/Page_Dispensary Store/button_Add' is clicked on

2018-05-28 12:34:07 - [TEST_STEP][PASSED] - selectOptionByIndex: All options with index in [3] are selected on object 'Object Repository/DispensaryToStore/Page_Dispensary Store/select_--Select--Schedule 1Inj'

2018-05-28 12:34:07 - [MESSAGE][PASSED] - All options with index in [3] are selected on object 'Object Repository/DispensaryToStore/Page_Dispensary Store/select_--Select--Schedule 1Inj'

2018-05-28 12:34:07 - [TEST_STEP][PASSED] - selectOptionByIndex: All options with index in [22] are selected on object 'Object Repository/DispensaryToStore/Page_Dispensary Store/select_--Select--Adernaline 0.'

2018-05-28 12:34:08 - [MESSAGE][PASSED] - All options with index in [22] are selected on object 'Object Repository/DispensaryToStore/Page_Dispensary Store/select_--Select--Adernaline 0.'

2018-05-28 12:34:08 - [TEST_STEP][PASSED] - setText: Text '10' is set on object 'Object Repository/DispensaryToStore/Page_Dispensary Store/input_txttreat'

2018-05-28 12:34:08 - [MESSAGE][PASSED] - Text '10' is set on object 'Object Repository/DispensaryToStore/Page_Dispensary Store/input_txttreat'

2018-05-28 12:34:08 - [TEST_STEP][PASSED] - click: Object: 'Object Repository/DispensaryToStore/Page_Dispensary Store/button_Add' is clicked on

2018-05-28 12:34:08 - [MESSAGE][PASSED] - Object: 'Object Repository/DispensaryToStore/Page_Dispensary Store/button_Add' is clicked on

2018-05-28 12:34:08 - [TEST_STEP][PASSED] - selectOptionByIndex: All options with index in [3] are selected on object 'Object Repository/DispensaryToStore/Page_Dispensary Store/select_--Select--Schedule 1Inj'

2018-05-28 12:34:08 - [MESSAGE][PASSED] - All options with index in [3] are selected on object 'Object Repository/DispensaryToStore/Page_Dispensary Store/select_--Select--Schedule 1Inj'

2018-05-28 12:34:08 - [TEST_STEP][PASSED] - selectOptionByIndex: All options with index in [23] are selected on object 'Object Repository/DispensaryToStore/Page_Dispensary Store/select_--Select--Adernaline 0.'

2018-05-28 12:34:08 - [MESSAGE][PASSED] - All options with index in [23] are selected on object 'Object Repository/DispensaryToStore/Page_Dispensary Store/select_--Select--Adernaline 0.'

2018-05-28 12:34:08 - [TEST_STEP][PASSED] - setText: Text '10' is set on object 'Object Repository/DispensaryToStore/Page_Dispensary Store/input_txttreat'

2018-05-28 12:34:08 - [MESSAGE][PASSED] - Text '10' is set on object 'Object Repository/DispensaryToStore/Page_Dispensary Store/input_txttreat'

2018-05-28 12:34:08 - [TEST_STEP][PASSED] - click: Object: 'Object Repository/DispensaryToStore/Page_Dispensary Store/button_Add' is clicked on

2018-05-28 12:34:08 - [MESSAGE][PASSED] - Object: 'Object Repository/DispensaryToStore/Page_Dispensary Store/button_Add' is clicked on

2018-05-28 12:34:08 - [TEST_STEP][PASSED] - selectOptionByIndex: All options with index in [3] are selected on object 'Object Repository/DispensaryToStore/Page_Dispensary Store/select_--Select--Schedule 1Inj'

2018-05-28 12:34:08 - [MESSAGE][PASSED] - All options with index in [3] are selected on object 'Object Repository/DispensaryToStore/Page_Dispensary Store/select_--Select--Schedule 1Inj'

2018-05-28 12:34:08 - [TEST_STEP][PASSED] - selectOptionByIndex: All options with index in [24] are selected on object 'Object Repository/DispensaryToStore/Page_Dispensary Store/select_--Select--Adernaline 0.'

2018-05-28 12:34:09 - [MESSAGE][PASSED] - All options with index in [24] are selected on object 'Object Repository/DispensaryToStore/Page_Dispensary Store/select_--Select--Adernaline 0.'

2018-05-28 12:34:09 - [TEST_STEP][PASSED] - setText: Text '10' is set on object 'Object Repository/DispensaryToStore/Page_Dispensary Store/input_txttreat'

2018-05-28 12:34:09 - [MESSAGE][PASSED] - Text '10' is set on object 'Object Repository/DispensaryToStore/Page_Dispensary Store/input_txttreat'

2018-05-28 12:34:09 - [TEST_STEP][PASSED] - click: Object: 'Object Repository/DispensaryToStore/Page_Dispensary Store/button_Add' is clicked on

2018-05-28 12:34:09 - [MESSAGE][PASSED] - Object: 'Object Repository/DispensaryToStore/Page_Dispensary Store/button_Add' is clicked on

2018-05-28 12:34:09 - [TEST_STEP][PASSED] - selectOptionByIndex: All options with index in [3] are selected on object 'Object Repository/DispensaryToStore/Page_Dispensary Store/select_--Select--Schedule 1Inj'

2018-05-28 12:34:09 - [MESSAGE][PASSED] - All options with index in [3] are selected on object 'Object Repository/DispensaryToStore/Page_Dispensary Store/select_--Select--Schedule 1Inj'

2018-05-28 12:34:09 - [TEST_STEP][PASSED] - selectOptionByIndex: All options with index in [25] are selected on object 'Object Repository/DispensaryToStore/Page_Dispensary Store/select_--Select--Adernaline 0.'

2018-05-28 12:34:09 - [MESSAGE][PASSED] - All options with index in [25] are selected on object 'Object Repository/DispensaryToStore/Page_Dispensary Store/select_--Select--Adernaline 0.'

2018-05-28 12:34:09 - [TEST_STEP][PASSED] - setText: Text '10' is set on object 'Object Repository/DispensaryToStore/Page_Dispensary Store/input_txttreat'

2018-05-28 12:34:09 - [MESSAGE][PASSED] - Text '10' is set on object 'Object Repository/DispensaryToStore/Page_Dispensary Store/input_txttreat'

2018-05-28 12:34:09 - [TEST_STEP][PASSED] - click: Object: 'Object Repository/DispensaryToStore/Page_Dispensary Store/button_Add' is clicked on

2018-05-28 12:34:10 - [MESSAGE][PASSED] - Object: 'Object Repository/DispensaryToStore/Page_Dispensary Store/button_Add' is clicked on

2018-05-28 12:34:10 - [TEST_STEP][PASSED] - selectOptionByIndex: All options with index in [3] are selected on object 'Object Repository/DispensaryToStore/Page_Dispensary Store/select_--Select--Schedule 1Inj'

2018-05-28 12:34:10 - [MESSAGE][PASSED] - All options with index in [3] are selected on object 'Object Repository/DispensaryToStore/Page_Dispensary Store/select_--Select--Schedule 1Inj'

2018-05-28 12:34:10 - [TEST_STEP][PASSED] - selectOptionByIndex: All options with index in [26] are selected on object 'Object Repository/DispensaryToStore/Page_Dispensary Store/select_--Select--Adernaline 0.'

2018-05-28 12:34:10 - [MESSAGE][PASSED] - All options with index in [26] are selected on object 'Object Repository/DispensaryToStore/Page_Dispensary Store/select_--Select--Adernaline 0.'

2018-05-28 12:34:10 - [TEST_STEP][PASSED] - setText: Text '10' is set on object 'Object Repository/DispensaryToStore/Page_Dispensary Store/input_txttreat'

2018-05-28 12:34:10 - [MESSAGE][PASSED] - Text '10' is set on object 'Object Repository/DispensaryToStore/Page_Dispensary Store/input_txttreat'

2018-05-28 12:34:10 - [TEST_STEP][PASSED] - click: Object: 'Object Repository/DispensaryToStore/Page_Dispensary Store/button_Add' is clicked on

2018-05-28 12:34:10 - [MESSAGE][PASSED] - Object: 'Object Repository/DispensaryToStore/Page_Dispensary Store/button_Add' is clicked on

2018-05-28 12:34:10 - [TEST_STEP][PASSED] - selectOptionByIndex: All options with index in [3] are selected on object 'Object Repository/DispensaryToStore/Page_Dispensary Store/select_--Select--Schedule 1Inj'

2018-05-28 12:34:10 - [MESSAGE][PASSED] - All options with index in [3] are selected on object 'Object Repository/DispensaryToStore/Page_Dispensary Store/select_--Select--Schedule 1Inj'

2018-05-28 12:34:10 - [TEST_STEP][PASSED] - selectOptionByIndex: All options with index in [27] are selected on object 'Object Repository/DispensaryToStore/Page_Dispensary Store/select_--Select--Adernaline 0.'

2018-05-28 12:34:11 - [MESSAGE][PASSED] - All options with index in [27] are selected on object 'Object Repository/DispensaryToStore/Page_Dispensary Store/select_--Select--Adernaline 0.'

2018-05-28 12:34:11 - [TEST_STEP][PASSED] - setText: Text '10' is set on object 'Object Repository/DispensaryToStore/Page_Dispensary Store/input_txttreat'

2018-05-28 12:34:11 - [MESSAGE][PASSED] - Text '10' is set on object 'Object Repository/DispensaryToStore/Page_Dispensary Store/input_txttreat'

2018-05-28 12:34:11 - [TEST_STEP][PASSED] - click: Object: 'Object Repository/DispensaryToStore/Page_Dispensary Store/button_Add' is clicked on

2018-05-28 12:34:11 - [MESSAGE][PASSED] - Object: 'Object Repository/DispensaryToStore/Page_Dispensary Store/button_Add' is clicked on

2018-05-28 12:34:11 - [TEST_STEP][PASSED] - selectOptionByIndex: All options with index in [3] are selected on object 'Object Repository/DispensaryToStore/Page_Dispensary Store/select_--Select--Schedule 1Inj'

2018-05-28 12:34:11 - [MESSAGE][PASSED] - All options with index in [3] are selected on object 'Object Repository/DispensaryToStore/Page_Dispensary Store/select_--Select--Schedule 1Inj'

2018-05-28 12:34:11 - [TEST_STEP][PASSED] - selectOptionByIndex: All options with index in [28] are selected on object 'Object Repository/DispensaryToStore/Page_Dispensary Store/select_--Select--Adernaline 0.'

2018-05-28 12:34:11 - [MESSAGE][PASSED] - All options with index in [28] are selected on object 'Object Repository/DispensaryToStore/Page_Dispensary Store/select_--Select--Adernaline 0.'

2018-05-28 12:34:11 - [TEST_STEP][PASSED] - setText: Text '10' is set on object 'Object Repository/DispensaryToStore/Page_Dispensary Store/input_txttreat'

2018-05-28 12:34:11 - [MESSAGE][PASSED] - Text '10' is set on object 'Object Repository/DispensaryToStore/Page_Dispensary Store/input_txttreat'

2018-05-28 12:34:11 - [TEST_STEP][PASSED] - click: Object: 'Object Repository/DispensaryToStore/Page_Dispensary Store/button_Add' is clicked on

2018-05-28 12:34:12 - [MESSAGE][PASSED] - Object: 'Object Repository/DispensaryToStore/Page_Dispensary Store/button_Add' is clicked on

2018-05-28 12:34:12 - [TEST_STEP][PASSED] - selectOptionByIndex: All options with index in [3] are selected on object 'Object Repository/DispensaryToStore/Page_Dispensary Store/select_--Select--Schedule 1Inj'

2018-05-28 12:34:12 - [MESSAGE][PASSED] - All options with index in [3] are selected on object 'Object Repository/DispensaryToStore/Page_Dispensary Store/select_--Select--Schedule 1Inj'

2018-05-28 12:34:12 - [TEST_STEP][PASSED] - selectOptionByIndex: All options with index in [29] are selected on object 'Object Repository/DispensaryToStore/Page_Dispensary Store/select_--Select--Adernaline 0.'

2018-05-28 12:34:12 - [MESSAGE][PASSED] - All options with index in [29] are selected on object 'Object Repository/DispensaryToStore/Page_Dispensary Store/select_--Select--Adernaline 0.'

2018-05-28 12:34:12 - [TEST_STEP][PASSED] - setText: Text '10' is set on object 'Object Repository/DispensaryToStore/Page_Dispensary Store/input_txttreat'

2018-05-28 12:34:12 - [MESSAGE][PASSED] - Text '10' is set on object 'Object Repository/DispensaryToStore/Page_Dispensary Store/input_txttreat'

2018-05-28 12:34:12 - [TEST_STEP][PASSED] - click: Object: 'Object Repository/DispensaryToStore/Page_Dispensary Store/button_Add' is clicked on

2018-05-28 12:34:12 - [MESSAGE][PASSED] - Object: 'Object Repository/DispensaryToStore/Page_Dispensary Store/button_Add' is clicked on

2018-05-28 12:34:12 - [TEST_STEP][PASSED] - selectOptionByIndex: All options with index in [3] are selected on object 'Object Repository/DispensaryToStore/Page_Dispensary Store/select_--Select--Schedule 1Inj'

2018-05-28 12:34:12 - [MESSAGE][PASSED] - All options with index in [3] are selected on object 'Object Repository/DispensaryToStore/Page_Dispensary Store/select_--Select--Schedule 1Inj'

2018-05-28 12:34:12 - [TEST_STEP][PASSED] - selectOptionByIndex: All options with index in [30] are selected on object 'Object Repository/DispensaryToStore/Page_Dispensary Store/select_--Select--Adernaline 0.'

2018-05-28 12:34:13 - [MESSAGE][PASSED] - All options with index in [30] are selected on object 'Object Repository/DispensaryToStore/Page_Dispensary Store/select_--Select--Adernaline 0.'

2018-05-28 12:34:13 - [TEST_STEP][PASSED] - setText: Text '10' is set on object 'Object Repository/DispensaryToStore/Page_Dispensary Store/input_txttreat'

2018-05-28 12:34:13 - [MESSAGE][PASSED] - Text '10' is set on object 'Object Repository/DispensaryToStore/Page_Dispensary Store/input_txttreat'

2018-05-28 12:34:13 - [TEST_STEP][PASSED] - click: Object: 'Object Repository/DispensaryToStore/Page_Dispensary Store/button_Add' is clicked on

2018-05-28 12:34:13 - [MESSAGE][PASSED] - Object: 'Object Repository/DispensaryToStore/Page_Dispensary Store/button_Add' is clicked on

2018-05-28 12:34:13 - [TEST_STEP][PASSED] - selectOptionByIndex: All options with index in [3] are selected on object 'Object Repository/DispensaryToStore/Page_Dispensary Store/select_--Select--Schedule 1Inj'

2018-05-28 12:34:13 - [MESSAGE][PASSED] - All options with index in [3] are selected on object 'Object Repository/DispensaryToStore/Page_Dispensary Store/select_--Select--Schedule 1Inj'

2018-05-28 12:34:13 - [TEST_STEP][PASSED] - selectOptionByIndex: All options with index in [31] are selected on object 'Object Repository/DispensaryToStore/Page_Dispensary Store/select_--Select--Adernaline 0.'

2018-05-28 12:34:13 - [MESSAGE][PASSED] - All options with index in [31] are selected on object 'Object Repository/DispensaryToStore/Page_Dispensary Store/select_--Select--Adernaline 0.'

2018-05-28 12:34:13 - [TEST_STEP][PASSED] - setText: Text '10' is set on object 'Object Repository/DispensaryToStore/Page_Dispensary Store/input_txttreat'

2018-05-28 12:34:14 - [MESSAGE][PASSED] - Text '10' is set on object 'Object Repository/DispensaryToStore/Page_Dispensary Store/input_txttreat'

2018-05-28 12:34:14 - [TEST_STEP][PASSED] - click: Object: 'Object Repository/DispensaryToStore/Page_Dispensary Store/button_Add' is clicked on

2018-05-28 12:34:14 - [MESSAGE][PASSED] - Object: 'Object Repository/DispensaryToStore/Page_Dispensary Store/button_Add' is clicked on

2018-05-28 12:34:14 - [TEST_STEP][PASSED] - selectOptionByIndex: All options with index in [3] are selected on object 'Object Repository/DispensaryToStore/Page_Dispensary Store/select_--Select--Schedule 1Inj'

2018-05-28 12:34:14 - [MESSAGE][PASSED] - All options with index in [3] are selected on object 'Object Repository/DispensaryToStore/Page_Dispensary Store/select_--Select--Schedule 1Inj'

2018-05-28 12:34:14 - [TEST_STEP][PASSED] - selectOptionByIndex: All options with index in [32] are selected on object 'Object Repository/DispensaryToStore/Page_Dispensary Store/select_--Select--Adernaline 0.'

2018-05-28 12:34:14 - [MESSAGE][PASSED] - All options with index in [32] are selected on object 'Object Repository/DispensaryToStore/Page_Dispensary Store/select_--Select--Adernaline 0.'

2018-05-28 12:34:14 - [TEST_STEP][PASSED] - setText: Text '10' is set on object 'Object Repository/DispensaryToStore/Page_Dispensary Store/input_txttreat'

2018-05-28 12:34:14 - [MESSAGE][PASSED] - Text '10' is set on object 'Object Repository/DispensaryToStore/Page_Dispensary Store/input_txttreat'

2018-05-28 12:34:14 - [TEST_STEP][PASSED] - click: Object: 'Object Repository/DispensaryToStore/Page_Dispensary Store/button_Add' is clicked on

2018-05-28 12:34:14 - [MESSAGE][PASSED] - Object: 'Object Repository/DispensaryToStore/Page_Dispensary Store/button_Add' is clicked on

2018-05-28 12:34:14 - [TEST_STEP][PASSED] - selectOptionByIndex: All options with index in [3] are selected on object 'Object Repository/DispensaryToStore/Page_Dispensary Store/select_--Select--Schedule 1Inj'

2018-05-28 12:34:14 - [MESSAGE][PASSED] - All options with index in [3] are selected on object 'Object Repository/DispensaryToStore/Page_Dispensary Store/select_--Select--Schedule 1Inj'

2018-05-28 12:34:14 - [TEST_STEP][PASSED] - selectOptionByIndex: All options with index in [33] are selected on object 'Object Repository/DispensaryToStore/Page_Dispensary Store/select_--Select--Adernaline 0.'

2018-05-28 12:34:15 - [MESSAGE][PASSED] - All options with index in [33] are selected on object 'Object Repository/DispensaryToStore/Page_Dispensary Store/select_--Select--Adernaline 0.'

2018-05-28 12:34:15 - [TEST_STEP][PASSED] - setText: Text '10' is set on object 'Object Repository/DispensaryToStore/Page_Dispensary Store/input_txttreat'

2018-05-28 12:34:15 - [MESSAGE][PASSED] - Text '10' is set on object 'Object Repository/DispensaryToStore/Page_Dispensary Store/input_txttreat'

2018-05-28 12:34:15 - [TEST_STEP][PASSED] - click: Object: 'Object Repository/DispensaryToStore/Page_Dispensary Store/button_Add' is clicked on

2018-05-28 12:34:15 - [MESSAGE][PASSED] - Object: 'Object Repository/DispensaryToStore/Page_Dispensary Store/button_Add' is clicked on

2018-05-28 12:34:15 - [TEST_STEP][PASSED] - selectOptionByIndex: All options with index in [3] are selected on object 'Object Repository/DispensaryToStore/Page_Dispensary Store/select_--Select--Schedule 1Inj'

2018-05-28 12:34:15 - [MESSAGE][PASSED] - All options with index in [3] are selected on object 'Object Repository/DispensaryToStore/Page_Dispensary Store/select_--Select--Schedule 1Inj'

2018-05-28 12:34:15 - [TEST_STEP][PASSED] - selectOptionByIndex: All options with index in [34] are selected on object 'Object Repository/DispensaryToStore/Page_Dispensary Store/select_--Select--Adernaline 0.'

2018-05-28 12:34:16 - [MESSAGE][PASSED] - All options with index in [34] are selected on object 'Object Repository/DispensaryToStore/Page_Dispensary Store/select_--Select--Adernaline 0.'

2018-05-28 12:34:16 - [TEST_STEP][PASSED] - setText: Text '10' is set on object 'Object Repository/DispensaryToStore/Page_Dispensary Store/input_txttreat'

2018-05-28 12:34:16 - [MESSAGE][PASSED] - Text '10' is set on object 'Object Repository/DispensaryToStore/Page_Dispensary Store/input_txttreat'

2018-05-28 12:34:16 - [TEST_STEP][PASSED] - click: Object: 'Object Repository/DispensaryToStore/Page_Dispensary Store/button_Add' is clicked on

2018-05-28 12:34:16 - [MESSAGE][PASSED] - Object: 'Object Repository/DispensaryToStore/Page_Dispensary Store/button_Add' is clicked on

2018-05-28 12:34:16 - [TEST_STEP][PASSED] - selectOptionByIndex: All options with index in [3] are selected on object 'Object Repository/DispensaryToStore/Page_Dispensary Store/select_--Select--Schedule 1Inj'

2018-05-28 12:34:16 - [MESSAGE][PASSED] - All options with index in [3] are selected on object 'Object Repository/DispensaryToStore/Page_Dispensary Store/select_--Select--Schedule 1Inj'

2018-05-28 12:34:16 - [TEST_STEP][PASSED] - selectOptionByIndex: All options with index in [35] are selected on object 'Object Repository/DispensaryToStore/Page_Dispensary Store/select_--Select--Adernaline 0.'

2018-05-28 12:34:16 - [MESSAGE][PASSED] - All options with index in [35] are selected on object 'Object Repository/DispensaryToStore/Page_Dispensary Store/select_--Select--Adernaline 0.'

2018-05-28 12:34:16 - [TEST_STEP][PASSED] - setText: Text '10' is set on object 'Object Repository/DispensaryToStore/Page_Dispensary Store/input_txttreat'

2018-05-28 12:34:16 - [MESSAGE][PASSED] - Text '10' is set on object 'Object Repository/DispensaryToStore/Page_Dispensary Store/input_txttreat'

2018-05-28 12:34:16 - [TEST_STEP][PASSED] - click: Object: 'Object Repository/DispensaryToStore/Page_Dispensary Store/button_Add' is clicked on

2018-05-28 12:34:17 - [MESSAGE][PASSED] - Object: 'Object Repository/DispensaryToStore/Page_Dispensary Store/button_Add' is clicked on

2018-05-28 12:34:17 - [TEST_STEP][PASSED] - selectOptionByIndex: All options with index in [3] are selected on object 'Object Repository/DispensaryToStore/Page_Dispensary Store/select_--Select--Schedule 1Inj'

2018-05-28 12:34:17 - [MESSAGE][PASSED] - All options with index in [3] are selected on object 'Object Repository/DispensaryToStore/Page_Dispensary Store/select_--Select--Schedule 1Inj'

2018-05-28 12:34:17 - [TEST_STEP][PASSED] - selectOptionByIndex: All options with index in [36] are selected on object 'Object Repository/DispensaryToStore/Page_Dispensary Store/select_--Select--Adernaline 0.'

2018-05-28 12:34:17 - [MESSAGE][PASSED] - All options with index in [36] are selected on object 'Object Repository/DispensaryToStore/Page_Dispensary Store/select_--Select--Adernaline 0.'

2018-05-28 12:34:17 - [TEST_STEP][PASSED] - setText: Text '10' is set on object 'Object Repository/DispensaryToStore/Page_Dispensary Store/input_txttreat'

2018-05-28 12:34:17 - [MESSAGE][PASSED] - Text '10' is set on object 'Object Repository/DispensaryToStore/Page_Dispensary Store/input_txttreat'

2018-05-28 12:34:17 - [TEST_STEP][PASSED] - click: Object: 'Object Repository/DispensaryToStore/Page_Dispensary Store/button_Add' is clicked on

2018-05-28 12:34:17 - [MESSAGE][PASSED] - Object: 'Object Repository/DispensaryToStore/Page_Dispensary Store/button_Add' is clicked on

2018-05-28 12:34:17 - [TEST_STEP][PASSED] - scrollToElement: Scroll to object 'Object Repository/DispensaryToStore/Page_Dispensary Store/input_btnsave' successfully

2018-05-28 12:34:17 - [MESSAGE][PASSED] - Scroll to object 'Object Repository/DispensaryToStore/Page_Dispensary Store/input_btnsave' successfully

2018-05-28 12:34:17 - [TEST_STEP][PASSED] - click: Object: 'Object Repository/DispensaryToStore/Page_Dispensary Store/input_btnsave' is clicked on

2018-05-28 12:34:17 - [MESSAGE][PASSED] - Object: 'Object Repository/DispensaryToStore/Page_Dispensary Store/input_btnsave' is clicked on

2018-05-28 12:34:17 - [TEST_STEP][PASSED] - delay: Delayed 3 second(s)

2018-05-28 12:34:20 - [MESSAGE][PASSED] - Delayed 3 second(s)

2018-05-28 12:34:20 - [TEST_STEP][PASSED] - Statement - RN1 = com.kms.katalon.core.webui.keyword.WebUiBuiltInKeywords.getText(com.kms.katalon.core.testobject.ObjectRepository.findTestObject(DispensaryToStore/Page_Dispensary Store/font_HPRNO180520187)): Text of object 'Object Repository/DispensaryToStore/Page_Dispensary Store/font_HPRNO180520187' is: 'DPRNO/28052018/122'

2018-05-28 12:34:20 - [MESSAGE][PASSED] - Text of object 'Object Repository/DispensaryToStore/Page_Dispensary Store/font_HPRNO180520187' is: 'DPRNO/28052018/122'

2018-05-28 12:34:20 - [TEST_STEP][PASSED] - Statement - out.println(RN1): null

2018-05-28 12:34:20 - [TEST_STEP][PASSED] - Statement - RID = RN1.split("/")[2]: null

2018-05-28 12:34:20 - [TEST_STEP][PASSED] - click: Object: 'Object Repository/DispensaryToStore/Page_Dispensary Store/button_OK' is clicked on

2018-05-28 12:34:21 - [MESSAGE][PASSED] - Object: 'Object Repository/DispensaryToStore/Page_Dispensary Store/button_OK' is clicked on

2018-05-28 12:34:21 - [TEST_STEP][PASSED] - delay: Delayed 3 second(s)

2018-05-28 12:34:24 - [MESSAGE][PASSED] - Delayed 3 second(s)

2018-05-28 12:34:24 - [TEST_STEP][PASSED] - waitForElementPresent: Object 'Object Repository/DispensaryToStore/Page_Dispensary Store/a_dropdown-toggle' is present

2018-05-28 12:34:24 - [MESSAGE][PASSED] - Object 'Object Repository/DispensaryToStore/Page_Dispensary Store/a_dropdown-toggle' is present

2018-05-28 12:34:24 - [TEST_STEP][PASSED] - click: Object: 'Object Repository/DispensaryToStore/Page_Dispensary Store/a_dropdown-toggle' is clicked on

2018-05-28 12:34:24 - [MESSAGE][PASSED] - Object: 'Object Repository/DispensaryToStore/Page_Dispensary Store/a_dropdown-toggle' is clicked on

2018-05-28 12:34:24 - [TEST_STEP][PASSED] - click: Object: 'Object Repository/DispensaryToStore/Page_Dispensary Store/a_Sign out' is clicked on

2018-05-28 12:34:25 - [MESSAGE][PASSED] - Object: 'Object Repository/DispensaryToStore/Page_Dispensary Store/a_Sign out' is clicked on

2018-05-28 12:34:25 - [TEST_STEP][PASSED] - delay: Delayed 3 second(s)

2018-05-28 12:34:28 - [MESSAGE][PASSED] - Delayed 3 second(s)

2018-05-28 12:34:28 - [TEST_STEP][PASSED] - navigateToUrl: Navigate to 'http://192.168.137.1/multihospital_new/' successfully

2018-05-28 12:34:28 - [MESSAGE][PASSED] - Navigate to 'http://192.168.137.1/multihospital_new/' successfully

2018-05-28 12:34:28 - [TEST_STEP][PASSED] - click: Object: 'Object Repository/DispensaryToStore/Page_KDMC/a_CMO' is clicked on

2018-05-28 12:34:29 - [MESSAGE][PASSED] - Object: 'Object Repository/DispensaryToStore/Page_KDMC/a_CMO' is clicked on

2018-05-28 12:34:29 - [TEST_STEP][PASSED] - setText: Text 'guru' is set on object 'Object Repository/DispensaryToStore/Page_CMO login/input_txtusername'

2018-05-28 12:34:29 - [MESSAGE][PASSED] - Text 'guru' is set on object 'Object Repository/DispensaryToStore/Page_CMO login/input_txtusername'

2018-05-28 12:34:29 - [TEST_STEP][PASSED] - setText: Text '123' is set on object 'Object Repository/DispensaryToStore/Page_CMO login/input_txtpassword'

2018-05-28 12:34:29 - [MESSAGE][PASSED] - Text '123' is set on object 'Object Repository/DispensaryToStore/Page_CMO login/input_txtpassword'

2018-05-28 12:34:29 - [TEST_STEP][PASSED] - delay: Delayed 3 second(s)

2018-05-28 12:34:32 - [MESSAGE][PASSED] - Delayed 3 second(s)

2018-05-28 12:34:32 - [TEST_STEP][PASSED] - click: Object: 'Object Repository/DispensaryToStore/Page_CMO login/button_Sign in' is clicked on

2018-05-28 12:34:34 - [MESSAGE][PASSED] - Object: 'Object Repository/DispensaryToStore/Page_CMO login/button_Sign in' is clicked on

2018-05-28 12:34:34 - [TEST_STEP][PASSED] - click: Object: 'Object Repository/DispensaryToStore/Page_KDMC - CMO/a_Department Wise Request' is clicked on

2018-05-28 12:34:36 - [MESSAGE][PASSED] - Object: 'Object Repository/DispensaryToStore/Page_KDMC - CMO/a_Department Wise Request' is clicked on

2018-05-28 12:34:36 - [TEST_STEP][PASSED] - delay: Delayed 2 second(s)

2018-05-28 12:34:38 - [MESSAGE][PASSED] - Delayed 2 second(s)

2018-05-28 12:34:38 - [TEST_STEP][PASSED] - selectOptionByIndex: All options with index in [6] are selected on object 'Object Repository/DispensaryToStore/Page_KDMC - CMO/select_--ALL--'

2018-05-28 12:34:38 - [MESSAGE][PASSED] - All options with index in [6] are selected on object 'Object Repository/DispensaryToStore/Page_KDMC - CMO/select_--ALL--'

2018-05-28 12:34:38 - [TEST_STEP][PASSED] - click: Object: 'Object Repository/DispensaryToStore/Page_KDMC - CMO/input_btnsearch' is clicked on

2018-05-28 12:34:39 - [MESSAGE][PASSED] - Object: 'Object Repository/DispensaryToStore/Page_KDMC - CMO/input_btnsearch' is clicked on

2018-05-28 12:34:39 - [TEST_STEP][PASSED] - selectOptionByIndex: All options with index in [1] are selected on object 'Object Repository/DispensaryToStore/Page_KDMC - CMO/select_--ALL--                _1'

2018-05-28 12:34:39 - [MESSAGE][PASSED] - All options with index in [1] are selected on object 'Object Repository/DispensaryToStore/Page_KDMC - CMO/select_--ALL--                _1'

2018-05-28 12:34:39 - [TEST_STEP][PASSED] - click: Object: 'Object Repository/DispensaryToStore/Page_KDMC - CMO/input_btnsearch' is clicked on

2018-05-28 12:34:39 - [MESSAGE][PASSED] - Object: 'Object Repository/DispensaryToStore/Page_KDMC - CMO/input_btnsearch' is clicked on

2018-05-28 12:34:39 - [TEST_STEP][PASSED] - Statement - ID = com.kms.katalon.core.webui.keyword.WebUiBuiltInKeywords.modifyObjectProperty(com.kms.katalon.core.testobject.ObjectRepository.findTestObject(lab/Page_KDMC - CMO/input_1), "xpath", "equals", "//*[@id=" + RID + "]", true): Modify property of object successfully

2018-05-28 12:34:39 - [MESSAGE][PASSED] - Modify property of object successfully

2018-05-28 12:34:39 - [TEST_STEP][PASSED] - click: Object: 'Object Repository/lab/Page_KDMC - CMO/input_1' is clicked on

2018-05-28 12:34:39 - [MESSAGE][PASSED] - Object: 'Object Repository/lab/Page_KDMC - CMO/input_1' is clicked on

2018-05-28 12:34:39 - [TEST_STEP][PASSED] - delay: Delayed 2 second(s)

2018-05-28 12:34:41 - [MESSAGE][PASSED] - Delayed 2 second(s)

2018-05-28 12:34:41 - [TEST_STEP][PASSED] - selectOptionByIndex: All options with index in [1] are selected on object 'Object Repository/DispensaryToStore/Page_KDMC - CMO/select_--Select--'

2018-05-28 12:34:42 - [MESSAGE][PASSED] - All options with index in [1] are selected on object 'Object Repository/DispensaryToStore/Page_KDMC - CMO/select_--Select--'

2018-05-28 12:34:42 - [TEST_STEP][PASSED] - click: Object: 'Object Repository/DispensaryToStore/Page_KDMC - CMO/input_btnupdate' is clicked on

2018-05-28 12:34:42 - [MESSAGE][PASSED] - Object: 'Object Repository/DispensaryToStore/Page_KDMC - CMO/input_btnupdate' is clicked on

2018-05-28 12:34:42 - [TEST_STEP][PASSED] - delay: Delayed 2 second(s)

2018-05-28 12:34:44 - [MESSAGE][PASSED] - Delayed 2 second(s)

2018-05-28 12:34:44 - [TEST_STEP][PASSED] - click: Object: 'Object Repository/DispensaryToStore/Page_KDMC - CMO/button_OK' is clicked on

2018-05-28 12:34:44 - [MESSAGE][PASSED] - Object: 'Object Repository/DispensaryToStore/Page_KDMC - CMO/button_OK' is clicked on

2018-05-28 12:34:44 - [TEST_STEP][PASSED] - delay: Delayed 2 second(s)

2018-05-28 12:34:46 - [MESSAGE][PASSED] - Delayed 2 second(s)

2018-05-28 12:34:46 - [TEST_STEP][PASSED] - waitForElementPresent: Object 'Object Repository/DispensaryToStore/Page_Dispensary Store/a_dropdown-toggle' is not present after 20 second(s)

2018-05-28 12:35:07 - [MESSAGE][WARNING] - Object 'Object Repository/DispensaryToStore/Page_Dispensary Store/a_dropdown-toggle' is not present after 20 second(s)

2018-05-28 12:35:07 - [TEST_STEP][PASSED] - click: Object: 'Object Repository/DispensaryToStore/Page_KDMC - CMO/a_dropdown-toggle' is clicked on

2018-05-28 12:35:07 - [MESSAGE][PASSED] - Object: 'Object Repository/DispensaryToStore/Page_KDMC - CMO/a_dropdown-toggle' is clicked on

2018-05-28 12:35:07 - [TEST_STEP][PASSED] - click: Object: 'Object Repository/DispensaryToStore/Page_KDMC - CMO/a_Sign out' is clicked on

2018-05-28 12:35:08 - [MESSAGE][PASSED] - Object: 'Object Repository/DispensaryToStore/Page_KDMC - CMO/a_Sign out' is clicked on

2018-05-28 12:35:08 - [TEST_STEP][PASSED] - delay: Delayed 3 second(s)

2018-05-28 12:35:11 - [MESSAGE][PASSED] - Delayed 3 second(s)

2018-05-28 12:35:11 - [TEST_STEP][PASSED] - click: Object: 'Object Repository/DispensaryToStore/Page_KDMC/a_Divisional Store' is clicked on

2018-05-28 12:35:11 - [MESSAGE][PASSED] - Object: 'Object Repository/DispensaryToStore/Page_KDMC/a_Divisional Store' is clicked on

2018-05-28 12:35:11 - [TEST_STEP][PASSED] - setText: Text 'ragu' is set on object 'Object Repository/DispensaryToStore/Page_Divisonal Store Login/input_txtusername'

2018-05-28 12:35:12 - [MESSAGE][PASSED] - Text 'ragu' is set on object 'Object Repository/DispensaryToStore/Page_Divisonal Store Login/input_txtusername'

2018-05-28 12:35:12 - [TEST_STEP][PASSED] - setText: Text '123' is set on object 'Object Repository/DispensaryToStore/Page_Divisonal Store Login/input_txtpassword'

2018-05-28 12:35:12 - [MESSAGE][PASSED] - Text '123' is set on object 'Object Repository/DispensaryToStore/Page_Divisonal Store Login/input_txtpassword'

2018-05-28 12:35:12 - [TEST_STEP][PASSED] - delay: Delayed 3 second(s)

2018-05-28 12:35:15 - [MESSAGE][PASSED] - Delayed 3 second(s)

2018-05-28 12:35:15 - [TEST_STEP][PASSED] - click: Object: 'Object Repository/DispensaryToStore/Page_Divisonal Store Login/button_Sign in' is clicked on

2018-05-28 12:35:16 - [MESSAGE][PASSED] - Object: 'Object Repository/DispensaryToStore/Page_Divisonal Store Login/button_Sign in' is clicked on

2018-05-28 12:35:16 - [TEST_STEP][PASSED] - delay: Delayed 3 second(s)

2018-05-28 12:35:19 - [MESSAGE][PASSED] - Delayed 3 second(s)

2018-05-28 12:35:19 - [TEST_STEP][PASSED] - scrollToPosition: Browser is scrolled to position x = 100, y = 100

2018-05-28 12:35:19 - [MESSAGE][PASSED] - Browser is scrolled to position x = 100, y = 100

2018-05-28 12:35:19 - [TEST_STEP][PASSED] - click: Object: 'Object Repository/DispensaryToStore/Page_Store/a_Dispensary Request' is clicked on

2018-05-28 12:35:19 - [MESSAGE][PASSED] - Object: 'Object Repository/DispensaryToStore/Page_Store/a_Dispensary Request' is clicked on

2018-05-28 12:35:19 - [TEST_STEP][PASSED] - delay: Delayed 2 second(s)

2018-05-28 12:35:21 - [MESSAGE][PASSED] - Delayed 2 second(s)

2018-05-28 12:35:21 - [TEST_STEP][PASSED] - click: Object: 'Object Repository/DispensaryToStore/Page_Store/a_Request Item Dispensary' is clicked on

2018-05-28 12:35:22 - [MESSAGE][PASSED] - Object: 'Object Repository/DispensaryToStore/Page_Store/a_Request Item Dispensary' is clicked on

2018-05-28 12:35:22 - [TEST_STEP][PASSED] - Statement - ChooseRequest = com.kms.katalon.core.webui.keyword.WebUiBuiltInKeywords.modifyObjectProperty(com.kms.katalon.core.testobject.ObjectRepository.findTestObject(lab/Page_Store/input_1), "xpath", "equals", "//*[@id=" + RID + "]", true): Modify property of object successfully

2018-05-28 12:35:22 - [MESSAGE][PASSED] - Modify property of object successfully

2018-05-28 12:35:22 - [TEST_STEP][PASSED] - click: Object: 'Object Repository/lab/Page_Store/input_1' is clicked on

2018-05-28 12:35:23 - [MESSAGE][PASSED] - Object: 'Object Repository/lab/Page_Store/input_1' is clicked on

2018-05-28 12:35:23 - [TEST_STEP][PASSED] - Statement - selectedoptions = com.kms.katalon.core.webui.keyword.WebUiBuiltInKeywords.getNumberOfTotalOption(com.kms.katalon.core.testobject.ObjectRepository.findTestObject(DispensaryToStore/Page_Store/select_--Select--Adernaline 0.)): 37 options of object 'Object Repository/DispensaryToStore/Page_Store/select_--Select--Adernaline 0.' counted

2018-05-28 12:35:23 - [MESSAGE][PASSED] - 37 options of object 'Object Repository/DispensaryToStore/Page_Store/select_--Select--Adernaline 0.' counted

2018-05-28 12:35:23 - [TEST_STEP][PASSED] - Statement - For ([a = 1, a <= selectedoptions - 1, (a++)]): null

2018-05-28 12:35:23 - [TEST_STEP][PASSED] - selectOptionByIndex: All options with index in [1] are selected on object 'Object Repository/DispensaryToStore/Page_Store/select_--Select--Adernaline 0.'

2018-05-28 12:35:23 - [MESSAGE][PASSED] - All options with index in [1] are selected on object 'Object Repository/DispensaryToStore/Page_Store/select_--Select--Adernaline 0.'

2018-05-28 12:35:23 - [TEST_STEP][PASSED] - delay: Delayed 2 second(s)

2018-05-28 12:35:25 - [MESSAGE][PASSED] - Delayed 2 second(s)

2018-05-28 12:35:25 - [TEST_STEP][PASSED] - Statement - RequestedQty = com.kms.katalon.core.webui.keyword.WebUiBuiltInKeywords.getAttribute(com.kms.katalon.core.testobject.ObjectRepository.findTestObject(DispensaryToStore/Page_Store/input_txttotal), "value"): Attribute 'value' of object 'Object Repository/DispensaryToStore/Page_Store/input_txttotal' is: '10'

2018-05-28 12:35:25 - [MESSAGE][PASSED] - Attribute 'value' of object 'Object Repository/DispensaryToStore/Page_Store/input_txttotal' is: '10'

2018-05-28 12:35:25 - [TEST_STEP][PASSED] - Statement - out.println("Requested QTY : " + RequestedQty): null

2018-05-28 12:35:25 - [TEST_STEP][PASSED] - Statement - BatchNumber = com.kms.katalon.core.webui.keyword.WebUiBuiltInKeywords.getNumberOfTotalOption(com.kms.katalon.core.testobject.ObjectRepository.findTestObject(DispensaryToStore/Page_Store/select_--Select--BA1170BA2376B)): 4 options of object 'Object Repository/DispensaryToStore/Page_Store/select_--Select--BA1170BA2376B' counted

2018-05-28 12:35:25 - [MESSAGE][PASSED] - 4 options of object 'Object Repository/DispensaryToStore/Page_Store/select_--Select--BA1170BA2376B' counted

2018-05-28 12:35:25 - [TEST_STEP][PASSED] - Statement - For ([g = 1, g <= BatchNumber - 1, (g++)]): null

2018-05-28 12:35:25 - [TEST_STEP][PASSED] - selectOptionByIndex: All options with index in [1] are selected on object 'Object Repository/DispensaryToStore/Page_Store/select_--Select--BA1170BA2376B'

2018-05-28 12:35:25 - [MESSAGE][PASSED] - All options with index in [1] are selected on object 'Object Repository/DispensaryToStore/Page_Store/select_--Select--BA1170BA2376B'

2018-05-28 12:35:25 - [TEST_STEP][PASSED] - Statement - Try: null

2018-05-28 12:35:25 - [TEST_STEP][PASSED] - Statement - StockQty = com.kms.katalon.core.webui.keyword.WebUiBuiltInKeywords.getAttribute(com.kms.katalon.core.testobject.ObjectRepository.findTestObject(DispensaryToStore/Page_Store/input_txtprice), "value"): Attribute 'value' of object 'Object Repository/DispensaryToStore/Page_Store/input_txtprice' is: '550'

2018-05-28 12:35:25 - [MESSAGE][PASSED] - Attribute 'value' of object 'Object Repository/DispensaryToStore/Page_Store/input_txtprice' is: '550'

2018-05-28 12:35:25 - [TEST_STEP][PASSED] - Statement - out.println("Stock QTY : " + StockQty): null

2018-05-28 12:35:25 - [TEST_STEP][PASSED] - delay: Delayed 2 second(s)

2018-05-28 12:35:27 - [MESSAGE][PASSED] - Delayed 2 second(s)

2018-05-28 12:35:27 - [TEST_STEP][PASSED] - Statement - If (java.lang.String.valueOf(StockQty) >= java.lang.String.valueOf(RequestedQty)): null

2018-05-28 12:35:27 - [TEST_STEP][PASSED] - setText: Text '10' is set on object 'Object Repository/DispensaryToStore/Page_Store/input_txtqty'

2018-05-28 12:35:28 - [MESSAGE][PASSED] - Text '10' is set on object 'Object Repository/DispensaryToStore/Page_Store/input_txtqty'

2018-05-28 12:35:28 - [TEST_STEP][PASSED] - click: Object: 'Object Repository/DispensaryToStore/Page_Store/button_Add' is clicked on

2018-05-28 12:35:28 - [MESSAGE][PASSED] - Object: 'Object Repository/DispensaryToStore/Page_Store/button_Add' is clicked on

2018-05-28 12:35:28 - [TEST_STEP][PASSED] - Statement - Break: null

2018-05-28 12:35:28 - [TEST_STEP][PASSED] - selectOptionByIndex: All options with index in [2] are selected on object 'Object Repository/DispensaryToStore/Page_Store/select_--Select--Adernaline 0.'

2018-05-28 12:35:28 - [MESSAGE][PASSED] - All options with index in [2] are selected on object 'Object Repository/DispensaryToStore/Page_Store/select_--Select--Adernaline 0.'

2018-05-28 12:35:28 - [TEST_STEP][PASSED] - delay: Delayed 2 second(s)

2018-05-28 12:35:30 - [MESSAGE][PASSED] - Delayed 2 second(s)

2018-05-28 12:35:30 - [TEST_STEP][PASSED] - Statement - RequestedQty = com.kms.katalon.core.webui.keyword.WebUiBuiltInKeywords.getAttribute(com.kms.katalon.core.testobject.ObjectRepository.findTestObject(DispensaryToStore/Page_Store/input_txttotal), "value"): Attribute 'value' of object 'Object Repository/DispensaryToStore/Page_Store/input_txttotal' is: '10'

2018-05-28 12:35:30 - [MESSAGE][PASSED] - Attribute 'value' of object 'Object Repository/DispensaryToStore/Page_Store/input_txttotal' is: '10'

2018-05-28 12:35:30 - [TEST_STEP][PASSED] - Statement - out.println("Requested QTY : " + RequestedQty): null

2018-05-28 12:35:30 - [TEST_STEP][PASSED] - Statement - BatchNumber = com.kms.katalon.core.webui.keyword.WebUiBuiltInKeywords.getNumberOfTotalOption(com.kms.katalon.core.testobject.ObjectRepository.findTestObject(DispensaryToStore/Page_Store/select_--Select--BA1170BA2376B)): 4 options of object 'Object Repository/DispensaryToStore/Page_Store/select_--Select--BA1170BA2376B' counted

2018-05-28 12:35:30 - [MESSAGE][PASSED] - 4 options of object 'Object Repository/DispensaryToStore/Page_Store/select_--Select--BA1170BA2376B' counted

2018-05-28 12:35:30 - [TEST_STEP][PASSED] - Statement - For ([g = 1, g <= BatchNumber - 1, (g++)]): null

2018-05-28 12:35:30 - [TEST_STEP][PASSED] - selectOptionByIndex: All options with index in [1] are selected on object 'Object Repository/DispensaryToStore/Page_Store/select_--Select--BA1170BA2376B'

2018-05-28 12:35:30 - [MESSAGE][PASSED] - All options with index in [1] are selected on object 'Object Repository/DispensaryToStore/Page_Store/select_--Select--BA1170BA2376B'

2018-05-28 12:35:30 - [TEST_STEP][PASSED] - Statement - Try: null

2018-05-28 12:35:30 - [TEST_STEP][PASSED] - Statement - StockQty = com.kms.katalon.core.webui.keyword.WebUiBuiltInKeywords.getAttribute(com.kms.katalon.core.testobject.ObjectRepository.findTestObject(DispensaryToStore/Page_Store/input_txtprice), "value"): Attribute 'value' of object 'Object Repository/DispensaryToStore/Page_Store/input_txtprice' is: '550'

2018-05-28 12:35:30 - [MESSAGE][PASSED] - Attribute 'value' of object 'Object Repository/DispensaryToStore/Page_Store/input_txtprice' is: '550'

2018-05-28 12:35:30 - [TEST_STEP][PASSED] - Statement - out.println("Stock QTY : " + StockQty): null

2018-05-28 12:35:30 - [TEST_STEP][PASSED] - delay: Delayed 2 second(s)

2018-05-28 12:35:32 - [MESSAGE][PASSED] - Delayed 2 second(s)

2018-05-28 12:35:32 - [TEST_STEP][PASSED] - Statement - If (java.lang.String.valueOf(StockQty) >= java.lang.String.valueOf(RequestedQty)): null

2018-05-28 12:35:32 - [TEST_STEP][PASSED] - setText: Text '10' is set on object 'Object Repository/DispensaryToStore/Page_Store/input_txtqty'

2018-05-28 12:35:32 - [MESSAGE][PASSED] - Text '10' is set on object 'Object Repository/DispensaryToStore/Page_Store/input_txtqty'

2018-05-28 12:35:32 - [TEST_STEP][PASSED] - click: Object: 'Object Repository/DispensaryToStore/Page_Store/button_Add' is clicked on

2018-05-28 12:35:32 - [MESSAGE][PASSED] - Object: 'Object Repository/DispensaryToStore/Page_Store/button_Add' is clicked on

2018-05-28 12:35:32 - [TEST_STEP][PASSED] - Statement - Break: null

2018-05-28 12:35:32 - [TEST_STEP][PASSED] - selectOptionByIndex: All options with index in [3] are selected on object 'Object Repository/DispensaryToStore/Page_Store/select_--Select--Adernaline 0.'

2018-05-28 12:35:32 - [MESSAGE][PASSED] - All options with index in [3] are selected on object 'Object Repository/DispensaryToStore/Page_Store/select_--Select--Adernaline 0.'

2018-05-28 12:35:32 - [TEST_STEP][PASSED] - delay: Delayed 2 second(s)

2018-05-28 12:35:34 - [MESSAGE][PASSED] - Delayed 2 second(s)

2018-05-28 12:35:34 - [TEST_STEP][PASSED] - Statement - RequestedQty = com.kms.katalon.core.webui.keyword.WebUiBuiltInKeywords.getAttribute(com.kms.katalon.core.testobject.ObjectRepository.findTestObject(DispensaryToStore/Page_Store/input_txttotal), "value"): Attribute 'value' of object 'Object Repository/DispensaryToStore/Page_Store/input_txttotal' is: '10'

2018-05-28 12:35:34 - [MESSAGE][PASSED] - Attribute 'value' of object 'Object Repository/DispensaryToStore/Page_Store/input_txttotal' is: '10'

2018-05-28 12:35:34 - [TEST_STEP][PASSED] - Statement - out.println("Requested QTY : " + RequestedQty): null

2018-05-28 12:35:34 - [TEST_STEP][PASSED] - Statement - BatchNumber = com.kms.katalon.core.webui.keyword.WebUiBuiltInKeywords.getNumberOfTotalOption(com.kms.katalon.core.testobject.ObjectRepository.findTestObject(DispensaryToStore/Page_Store/select_--Select--BA1170BA2376B)): 2 options of object 'Object Repository/DispensaryToStore/Page_Store/select_--Select--BA1170BA2376B' counted

2018-05-28 12:35:35 - [MESSAGE][PASSED] - 2 options of object 'Object Repository/DispensaryToStore/Page_Store/select_--Select--BA1170BA2376B' counted

2018-05-28 12:35:35 - [TEST_STEP][PASSED] - Statement - For ([g = 1, g <= BatchNumber - 1, (g++)]): null

2018-05-28 12:35:35 - [TEST_STEP][PASSED] - selectOptionByIndex: All options with index in [1] are selected on object 'Object Repository/DispensaryToStore/Page_Store/select_--Select--BA1170BA2376B'

2018-05-28 12:35:35 - [MESSAGE][PASSED] - All options with index in [1] are selected on object 'Object Repository/DispensaryToStore/Page_Store/select_--Select--BA1170BA2376B'

2018-05-28 12:35:35 - [TEST_STEP][PASSED] - Statement - Try: null

2018-05-28 12:35:35 - [TEST_STEP][PASSED] - Statement - StockQty = com.kms.katalon.core.webui.keyword.WebUiBuiltInKeywords.getAttribute(com.kms.katalon.core.testobject.ObjectRepository.findTestObject(DispensaryToStore/Page_Store/input_txtprice), "value"): Attribute 'value' of object 'Object Repository/DispensaryToStore/Page_Store/input_txtprice' is: '1510'

2018-05-28 12:35:35 - [MESSAGE][PASSED] - Attribute 'value' of object 'Object Repository/DispensaryToStore/Page_Store/input_txtprice' is: '1510'

2018-05-28 12:35:35 - [TEST_STEP][PASSED] - Statement - out.println("Stock QTY : " + StockQty): null

2018-05-28 12:35:35 - [TEST_STEP][PASSED] - delay: Delayed 2 second(s)

2018-05-28 12:35:37 - [MESSAGE][PASSED] - Delayed 2 second(s)

2018-05-28 12:35:37 - [TEST_STEP][PASSED] - Statement - If (java.lang.String.valueOf(StockQty) >= java.lang.String.valueOf(RequestedQty)): null

2018-05-28 12:35:37 - [TEST_STEP][PASSED] - setText: Text '10' is set on object 'Object Repository/DispensaryToStore/Page_Store/input_txtqty'

2018-05-28 12:35:37 - [MESSAGE][PASSED] - Text '10' is set on object 'Object Repository/DispensaryToStore/Page_Store/input_txtqty'

2018-05-28 12:35:37 - [TEST_STEP][PASSED] - click: Object: 'Object Repository/DispensaryToStore/Page_Store/button_Add' is clicked on

2018-05-28 12:35:37 - [MESSAGE][PASSED] - Object: 'Object Repository/DispensaryToStore/Page_Store/button_Add' is clicked on

2018-05-28 12:35:37 - [TEST_STEP][PASSED] - Statement - Break: null

2018-05-28 12:35:37 - [TEST_STEP][PASSED] - selectOptionByIndex: All options with index in [4] are selected on object 'Object Repository/DispensaryToStore/Page_Store/select_--Select--Adernaline 0.'

2018-05-28 12:35:37 - [MESSAGE][PASSED] - All options with index in [4] are selected on object 'Object Repository/DispensaryToStore/Page_Store/select_--Select--Adernaline 0.'

2018-05-28 12:35:37 - [TEST_STEP][PASSED] - delay: Delayed 2 second(s)

2018-05-28 12:35:39 - [MESSAGE][PASSED] - Delayed 2 second(s)

2018-05-28 12:35:39 - [TEST_STEP][PASSED] - Statement - RequestedQty = com.kms.katalon.core.webui.keyword.WebUiBuiltInKeywords.getAttribute(com.kms.katalon.core.testobject.ObjectRepository.findTestObject(DispensaryToStore/Page_Store/input_txttotal), "value"): Attribute 'value' of object 'Object Repository/DispensaryToStore/Page_Store/input_txttotal' is: '10'

2018-05-28 12:35:39 - [MESSAGE][PASSED] - Attribute 'value' of object 'Object Repository/DispensaryToStore/Page_Store/input_txttotal' is: '10'

2018-05-28 12:35:39 - [TEST_STEP][PASSED] - Statement - out.println("Requested QTY : " + RequestedQty): null

2018-05-28 12:35:39 - [TEST_STEP][PASSED] - Statement - BatchNumber = com.kms.katalon.core.webui.keyword.WebUiBuiltInKeywords.getNumberOfTotalOption(com.kms.katalon.core.testobject.ObjectRepository.findTestObject(DispensaryToStore/Page_Store/select_--Select--BA1170BA2376B)): 2 options of object 'Object Repository/DispensaryToStore/Page_Store/select_--Select--BA1170BA2376B' counted

2018-05-28 12:35:39 - [MESSAGE][PASSED] - 2 options of object 'Object Repository/DispensaryToStore/Page_Store/select_--Select--BA1170BA2376B' counted

2018-05-28 12:35:39 - [TEST_STEP][PASSED] - Statement - For ([g = 1, g <= BatchNumber - 1, (g++)]): null

2018-05-28 12:35:39 - [TEST_STEP][PASSED] - selectOptionByIndex: All options with index in [1] are selected on object 'Object Repository/DispensaryToStore/Page_Store/select_--Select--BA1170BA2376B'

2018-05-28 12:35:39 - [MESSAGE][PASSED] - All options with index in [1] are selected on object 'Object Repository/DispensaryToStore/Page_Store/select_--Select--BA1170BA2376B'

2018-05-28 12:35:39 - [TEST_STEP][PASSED] - Statement - Try: null

2018-05-28 12:35:39 - [TEST_STEP][PASSED] - Statement - StockQty = com.kms.katalon.core.webui.keyword.WebUiBuiltInKeywords.getAttribute(com.kms.katalon.core.testobject.ObjectRepository.findTestObject(DispensaryToStore/Page_Store/input_txtprice), "value"): Attribute 'value' of object 'Object Repository/DispensaryToStore/Page_Store/input_txtprice' is: '1516'

2018-05-28 12:35:39 - [MESSAGE][PASSED] - Attribute 'value' of object 'Object Repository/DispensaryToStore/Page_Store/input_txtprice' is: '1516'

2018-05-28 12:35:39 - [TEST_STEP][PASSED] - Statement - out.println("Stock QTY : " + StockQty): null

2018-05-28 12:35:39 - [TEST_STEP][PASSED] - delay: Delayed 2 second(s)

2018-05-28 12:35:41 - [MESSAGE][PASSED] - Delayed 2 second(s)

2018-05-28 12:35:41 - [TEST_STEP][PASSED] - Statement - If (java.lang.String.valueOf(StockQty) >= java.lang.String.valueOf(RequestedQty)): null

2018-05-28 12:35:41 - [TEST_STEP][PASSED] - setText: Text '10' is set on object 'Object Repository/DispensaryToStore/Page_Store/input_txtqty'

2018-05-28 12:35:41 - [MESSAGE][PASSED] - Text '10' is set on object 'Object Repository/DispensaryToStore/Page_Store/input_txtqty'

2018-05-28 12:35:41 - [TEST_STEP][PASSED] - click: Object: 'Object Repository/DispensaryToStore/Page_Store/button_Add' is clicked on

2018-05-28 12:35:42 - [MESSAGE][PASSED] - Object: 'Object Repository/DispensaryToStore/Page_Store/button_Add' is clicked on

2018-05-28 12:35:42 - [TEST_STEP][PASSED] - Statement - Break: null

2018-05-28 12:35:42 - [TEST_STEP][PASSED] - selectOptionByIndex: All options with index in [5] are selected on object 'Object Repository/DispensaryToStore/Page_Store/select_--Select--Adernaline 0.'

2018-05-28 12:35:42 - [MESSAGE][PASSED] - All options with index in [5] are selected on object 'Object Repository/DispensaryToStore/Page_Store/select_--Select--Adernaline 0.'

2018-05-28 12:35:42 - [TEST_STEP][PASSED] - delay: Delayed 2 second(s)

2018-05-28 12:35:44 - [MESSAGE][PASSED] - Delayed 2 second(s)

2018-05-28 12:35:44 - [TEST_STEP][PASSED] - Statement - RequestedQty = com.kms.katalon.core.webui.keyword.WebUiBuiltInKeywords.getAttribute(com.kms.katalon.core.testobject.ObjectRepository.findTestObject(DispensaryToStore/Page_Store/input_txttotal), "value"): Attribute 'value' of object 'Object Repository/DispensaryToStore/Page_Store/input_txttotal' is: '10'

2018-05-28 12:35:44 - [MESSAGE][PASSED] - Attribute 'value' of object 'Object Repository/DispensaryToStore/Page_Store/input_txttotal' is: '10'

2018-05-28 12:35:44 - [TEST_STEP][PASSED] - Statement - out.println("Requested QTY : " + RequestedQty): null

2018-05-28 12:35:44 - [TEST_STEP][PASSED] - Statement - BatchNumber = com.kms.katalon.core.webui.keyword.WebUiBuiltInKeywords.getNumberOfTotalOption(com.kms.katalon.core.testobject.ObjectRepository.findTestObject(DispensaryToStore/Page_Store/select_--Select--BA1170BA2376B)): 2 options of object 'Object Repository/DispensaryToStore/Page_Store/select_--Select--BA1170BA2376B' counted

2018-05-28 12:35:44 - [MESSAGE][PASSED] - 2 options of object 'Object Repository/DispensaryToStore/Page_Store/select_--Select--BA1170BA2376B' counted

2018-05-28 12:35:44 - [TEST_STEP][PASSED] - Statement - For ([g = 1, g <= BatchNumber - 1, (g++)]): null

2018-05-28 12:35:44 - [TEST_STEP][PASSED] - selectOptionByIndex: All options with index in [1] are selected on object 'Object Repository/DispensaryToStore/Page_Store/select_--Select--BA1170BA2376B'

2018-05-28 12:35:44 - [MESSAGE][PASSED] - All options with index in [1] are selected on object 'Object Repository/DispensaryToStore/Page_Store/select_--Select--BA1170BA2376B'

2018-05-28 12:35:44 - [TEST_STEP][PASSED] - Statement - Try: null

2018-05-28 12:35:44 - [TEST_STEP][PASSED] - Statement - StockQty = com.kms.katalon.core.webui.keyword.WebUiBuiltInKeywords.getAttribute(com.kms.katalon.core.testobject.ObjectRepository.findTestObject(DispensaryToStore/Page_Store/input_txtprice), "value"): Attribute 'value' of object 'Object Repository/DispensaryToStore/Page_Store/input_txtprice' is: '1570'

2018-05-28 12:35:44 - [MESSAGE][PASSED] - Attribute 'value' of object 'Object Repository/DispensaryToStore/Page_Store/input_txtprice' is: '1570'

2018-05-28 12:35:44 - [TEST_STEP][PASSED] - Statement - out.println("Stock QTY : " + StockQty): null

2018-05-28 12:35:44 - [TEST_STEP][PASSED] - delay: Delayed 2 second(s)

2018-05-28 12:35:46 - [MESSAGE][PASSED] - Delayed 2 second(s)

2018-05-28 12:35:46 - [TEST_STEP][PASSED] - Statement - If (java.lang.String.valueOf(StockQty) >= java.lang.String.valueOf(RequestedQty)): null

2018-05-28 12:35:46 - [TEST_STEP][PASSED] - setText: Text '10' is set on object 'Object Repository/DispensaryToStore/Page_Store/input_txtqty'

2018-05-28 12:35:46 - [MESSAGE][PASSED] - Text '10' is set on object 'Object Repository/DispensaryToStore/Page_Store/input_txtqty'

2018-05-28 12:35:46 - [TEST_STEP][PASSED] - click: Object: 'Object Repository/DispensaryToStore/Page_Store/button_Add' is clicked on

2018-05-28 12:35:46 - [MESSAGE][PASSED] - Object: 'Object Repository/DispensaryToStore/Page_Store/button_Add' is clicked on

2018-05-28 12:35:46 - [TEST_STEP][PASSED] - Statement - Break: null

2018-05-28 12:35:46 - [TEST_STEP][PASSED] - selectOptionByIndex: All options with index in [6] are selected on object 'Object Repository/DispensaryToStore/Page_Store/select_--Select--Adernaline 0.'

2018-05-28 12:35:46 - [MESSAGE][PASSED] - All options with index in [6] are selected on object 'Object Repository/DispensaryToStore/Page_Store/select_--Select--Adernaline 0.'

2018-05-28 12:35:46 - [TEST_STEP][PASSED] - delay: Delayed 2 second(s)

2018-05-28 12:35:48 - [MESSAGE][PASSED] - Delayed 2 second(s)

2018-05-28 12:35:48 - [TEST_STEP][PASSED] - Statement - RequestedQty = com.kms.katalon.core.webui.keyword.WebUiBuiltInKeywords.getAttribute(com.kms.katalon.core.testobject.ObjectRepository.findTestObject(DispensaryToStore/Page_Store/input_txttotal), "value"): Attribute 'value' of object 'Object Repository/DispensaryToStore/Page_Store/input_txttotal' is: '10'

2018-05-28 12:35:48 - [MESSAGE][PASSED] - Attribute 'value' of object 'Object Repository/DispensaryToStore/Page_Store/input_txttotal' is: '10'

2018-05-28 12:35:48 - [TEST_STEP][PASSED] - Statement - out.println("Requested QTY : " + RequestedQty): null

2018-05-28 12:35:48 - [TEST_STEP][PASSED] - Statement - BatchNumber = com.kms.katalon.core.webui.keyword.WebUiBuiltInKeywords.getNumberOfTotalOption(com.kms.katalon.core.testobject.ObjectRepository.findTestObject(DispensaryToStore/Page_Store/select_--Select--BA1170BA2376B)): 4 options of object 'Object Repository/DispensaryToStore/Page_Store/select_--Select--BA1170BA2376B' counted

2018-05-28 12:35:48 - [MESSAGE][PASSED] - 4 options of object 'Object Repository/DispensaryToStore/Page_Store/select_--Select--BA1170BA2376B' counted

2018-05-28 12:35:48 - [TEST_STEP][PASSED] - Statement - For ([g = 1, g <= BatchNumber - 1, (g++)]): null

2018-05-28 12:35:48 - [TEST_STEP][PASSED] - selectOptionByIndex: All options with index in [1] are selected on object 'Object Repository/DispensaryToStore/Page_Store/select_--Select--BA1170BA2376B'

2018-05-28 12:35:49 - [MESSAGE][PASSED] - All options with index in [1] are selected on object 'Object Repository/DispensaryToStore/Page_Store/select_--Select--BA1170BA2376B'

2018-05-28 12:35:49 - [TEST_STEP][PASSED] - Statement - Try: null

2018-05-28 12:35:49 - [TEST_STEP][PASSED] - Statement - StockQty = com.kms.katalon.core.webui.keyword.WebUiBuiltInKeywords.getAttribute(com.kms.katalon.core.testobject.ObjectRepository.findTestObject(DispensaryToStore/Page_Store/input_txtprice), "value"): Attribute 'value' of object 'Object Repository/DispensaryToStore/Page_Store/input_txtprice' is: '550'

2018-05-28 12:35:49 - [MESSAGE][PASSED] - Attribute 'value' of object 'Object Repository/DispensaryToStore/Page_Store/input_txtprice' is: '550'

2018-05-28 12:35:49 - [TEST_STEP][PASSED] - Statement - out.println("Stock QTY : " + StockQty): null

2018-05-28 12:35:49 - [TEST_STEP][PASSED] - delay: Delayed 2 second(s)

2018-05-28 12:35:51 - [MESSAGE][PASSED] - Delayed 2 second(s)

2018-05-28 12:35:51 - [TEST_STEP][PASSED] - Statement - If (java.lang.String.valueOf(StockQty) >= java.lang.String.valueOf(RequestedQty)): null

2018-05-28 12:35:51 - [TEST_STEP][PASSED] - setText: Text '10' is set on object 'Object Repository/DispensaryToStore/Page_Store/input_txtqty'

2018-05-28 12:35:51 - [MESSAGE][PASSED] - Text '10' is set on object 'Object Repository/DispensaryToStore/Page_Store/input_txtqty'

2018-05-28 12:35:51 - [TEST_STEP][PASSED] - click: Object: 'Object Repository/DispensaryToStore/Page_Store/button_Add' is clicked on

2018-05-28 12:35:51 - [MESSAGE][PASSED] - Object: 'Object Repository/DispensaryToStore/Page_Store/button_Add' is clicked on

2018-05-28 12:35:51 - [TEST_STEP][PASSED] - Statement - Break: null

2018-05-28 12:35:51 - [TEST_STEP][PASSED] - selectOptionByIndex: All options with index in [7] are selected on object 'Object Repository/DispensaryToStore/Page_Store/select_--Select--Adernaline 0.'

2018-05-28 12:35:51 - [MESSAGE][PASSED] - All options with index in [7] are selected on object 'Object Repository/DispensaryToStore/Page_Store/select_--Select--Adernaline 0.'

2018-05-28 12:35:51 - [TEST_STEP][PASSED] - delay: Delayed 2 second(s)

2018-05-28 12:35:53 - [MESSAGE][PASSED] - Delayed 2 second(s)

2018-05-28 12:35:53 - [TEST_STEP][PASSED] - Statement - RequestedQty = com.kms.katalon.core.webui.keyword.WebUiBuiltInKeywords.getAttribute(com.kms.katalon.core.testobject.ObjectRepository.findTestObject(DispensaryToStore/Page_Store/input_txttotal), "value"): Attribute 'value' of object 'Object Repository/DispensaryToStore/Page_Store/input_txttotal' is: '10'

2018-05-28 12:35:53 - [MESSAGE][PASSED] - Attribute 'value' of object 'Object Repository/DispensaryToStore/Page_Store/input_txttotal' is: '10'

2018-05-28 12:35:53 - [TEST_STEP][PASSED] - Statement - out.println("Requested QTY : " + RequestedQty): null

2018-05-28 12:35:53 - [TEST_STEP][PASSED] - Statement - BatchNumber = com.kms.katalon.core.webui.keyword.WebUiBuiltInKeywords.getNumberOfTotalOption(com.kms.katalon.core.testobject.ObjectRepository.findTestObject(DispensaryToStore/Page_Store/select_--Select--BA1170BA2376B)): 3 options of object 'Object Repository/DispensaryToStore/Page_Store/select_--Select--BA1170BA2376B' counted

2018-05-28 12:35:53 - [MESSAGE][PASSED] - 3 options of object 'Object Repository/DispensaryToStore/Page_Store/select_--Select--BA1170BA2376B' counted

2018-05-28 12:35:53 - [TEST_STEP][PASSED] - Statement - For ([g = 1, g <= BatchNumber - 1, (g++)]): null

2018-05-28 12:35:53 - [TEST_STEP][PASSED] - selectOptionByIndex: All options with index in [1] are selected on object 'Object Repository/DispensaryToStore/Page_Store/select_--Select--BA1170BA2376B'

2018-05-28 12:35:53 - [MESSAGE][PASSED] - All options with index in [1] are selected on object 'Object Repository/DispensaryToStore/Page_Store/select_--Select--BA1170BA2376B'

2018-05-28 12:35:53 - [TEST_STEP][PASSED] - Statement - Try: null

2018-05-28 12:35:53 - [TEST_STEP][PASSED] - Statement - StockQty = com.kms.katalon.core.webui.keyword.WebUiBuiltInKeywords.getAttribute(com.kms.katalon.core.testobject.ObjectRepository.findTestObject(DispensaryToStore/Page_Store/input_txtprice), "value"): Attribute 'value' of object 'Object Repository/DispensaryToStore/Page_Store/input_txtprice' is: '1470'

2018-05-28 12:35:53 - [MESSAGE][PASSED] - Attribute 'value' of object 'Object Repository/DispensaryToStore/Page_Store/input_txtprice' is: '1470'

2018-05-28 12:35:53 - [TEST_STEP][PASSED] - Statement - out.println("Stock QTY : " + StockQty): null

2018-05-28 12:35:53 - [TEST_STEP][PASSED] - delay: Delayed 2 second(s)

2018-05-28 12:35:55 - [MESSAGE][PASSED] - Delayed 2 second(s)

2018-05-28 12:35:55 - [TEST_STEP][PASSED] - Statement - If (java.lang.String.valueOf(StockQty) >= java.lang.String.valueOf(RequestedQty)): null

2018-05-28 12:35:55 - [TEST_STEP][PASSED] - setText: Text '10' is set on object 'Object Repository/DispensaryToStore/Page_Store/input_txtqty'

2018-05-28 12:35:55 - [MESSAGE][PASSED] - Text '10' is set on object 'Object Repository/DispensaryToStore/Page_Store/input_txtqty'

2018-05-28 12:35:55 - [TEST_STEP][PASSED] - click: Object: 'Object Repository/DispensaryToStore/Page_Store/button_Add' is clicked on

2018-05-28 12:35:55 - [MESSAGE][PASSED] - Object: 'Object Repository/DispensaryToStore/Page_Store/button_Add' is clicked on

2018-05-28 12:35:55 - [TEST_STEP][PASSED] - Statement - Break: null

2018-05-28 12:35:55 - [TEST_STEP][PASSED] - selectOptionByIndex: All options with index in [8] are selected on object 'Object Repository/DispensaryToStore/Page_Store/select_--Select--Adernaline 0.'

2018-05-28 12:35:56 - [MESSAGE][PASSED] - All options with index in [8] are selected on object 'Object Repository/DispensaryToStore/Page_Store/select_--Select--Adernaline 0.'

2018-05-28 12:35:56 - [TEST_STEP][PASSED] - delay: Delayed 2 second(s)

2018-05-28 12:35:58 - [MESSAGE][PASSED] - Delayed 2 second(s)

2018-05-28 12:35:58 - [TEST_STEP][PASSED] - Statement - RequestedQty = com.kms.katalon.core.webui.keyword.WebUiBuiltInKeywords.getAttribute(com.kms.katalon.core.testobject.ObjectRepository.findTestObject(DispensaryToStore/Page_Store/input_txttotal), "value"): Attribute 'value' of object 'Object Repository/DispensaryToStore/Page_Store/input_txttotal' is: '10'

2018-05-28 12:35:58 - [MESSAGE][PASSED] - Attribute 'value' of object 'Object Repository/DispensaryToStore/Page_Store/input_txttotal' is: '10'

2018-05-28 12:35:58 - [TEST_STEP][PASSED] - Statement - out.println("Requested QTY : " + RequestedQty): null

2018-05-28 12:35:58 - [TEST_STEP][PASSED] - Statement - BatchNumber = com.kms.katalon.core.webui.keyword.WebUiBuiltInKeywords.getNumberOfTotalOption(com.kms.katalon.core.testobject.ObjectRepository.findTestObject(DispensaryToStore/Page_Store/select_--Select--BA1170BA2376B)): 2 options of object 'Object Repository/DispensaryToStore/Page_Store/select_--Select--BA1170BA2376B' counted

2018-05-28 12:35:58 - [MESSAGE][PASSED] - 2 options of object 'Object Repository/DispensaryToStore/Page_Store/select_--Select--BA1170BA2376B' counted

2018-05-28 12:35:58 - [TEST_STEP][PASSED] - Statement - For ([g = 1, g <= BatchNumber - 1, (g++)]): null

2018-05-28 12:35:58 - [TEST_STEP][PASSED] - selectOptionByIndex: All options with index in [1] are selected on object 'Object Repository/DispensaryToStore/Page_Store/select_--Select--BA1170BA2376B'

2018-05-28 12:35:58 - [MESSAGE][PASSED] - All options with index in [1] are selected on object 'Object Repository/DispensaryToStore/Page_Store/select_--Select--BA1170BA2376B'

2018-05-28 12:35:58 - [TEST_STEP][PASSED] - Statement - Try: null

2018-05-28 12:35:58 - [TEST_STEP][PASSED] - Statement - StockQty = com.kms.katalon.core.webui.keyword.WebUiBuiltInKeywords.getAttribute(com.kms.katalon.core.testobject.ObjectRepository.findTestObject(DispensaryToStore/Page_Store/input_txtprice), "value"): Attribute 'value' of object 'Object Repository/DispensaryToStore/Page_Store/input_txtprice' is: '1570'

2018-05-28 12:35:58 - [MESSAGE][PASSED] - Attribute 'value' of object 'Object Repository/DispensaryToStore/Page_Store/input_txtprice' is: '1570'

2018-05-28 12:35:58 - [TEST_STEP][PASSED] - Statement - out.println("Stock QTY : " + StockQty): null

2018-05-28 12:35:58 - [TEST_STEP][PASSED] - delay: Delayed 2 second(s)

2018-05-28 12:36:00 - [MESSAGE][PASSED] - Delayed 2 second(s)

2018-05-28 12:36:00 - [TEST_STEP][PASSED] - Statement - If (java.lang.String.valueOf(StockQty) >= java.lang.String.valueOf(RequestedQty)): null

2018-05-28 12:36:00 - [TEST_STEP][PASSED] - setText: Text '10' is set on object 'Object Repository/DispensaryToStore/Page_Store/input_txtqty'

2018-05-28 12:36:00 - [MESSAGE][PASSED] - Text '10' is set on object 'Object Repository/DispensaryToStore/Page_Store/input_txtqty'

2018-05-28 12:36:00 - [TEST_STEP][PASSED] - click: Object: 'Object Repository/DispensaryToStore/Page_Store/button_Add' is clicked on

2018-05-28 12:36:00 - [MESSAGE][PASSED] - Object: 'Object Repository/DispensaryToStore/Page_Store/button_Add' is clicked on

2018-05-28 12:36:00 - [TEST_STEP][PASSED] - Statement - Break: null

2018-05-28 12:36:00 - [TEST_STEP][PASSED] - selectOptionByIndex: All options with index in [9] are selected on object 'Object Repository/DispensaryToStore/Page_Store/select_--Select--Adernaline 0.'

2018-05-28 12:36:00 - [MESSAGE][PASSED] - All options with index in [9] are selected on object 'Object Repository/DispensaryToStore/Page_Store/select_--Select--Adernaline 0.'

2018-05-28 12:36:00 - [TEST_STEP][PASSED] - delay: Delayed 2 second(s)

2018-05-28 12:36:02 - [MESSAGE][PASSED] - Delayed 2 second(s)

2018-05-28 12:36:02 - [TEST_STEP][PASSED] - Statement - RequestedQty = com.kms.katalon.core.webui.keyword.WebUiBuiltInKeywords.getAttribute(com.kms.katalon.core.testobject.ObjectRepository.findTestObject(DispensaryToStore/Page_Store/input_txttotal), "value"): Attribute 'value' of object 'Object Repository/DispensaryToStore/Page_Store/input_txttotal' is: '10'

2018-05-28 12:36:02 - [MESSAGE][PASSED] - Attribute 'value' of object 'Object Repository/DispensaryToStore/Page_Store/input_txttotal' is: '10'

2018-05-28 12:36:02 - [TEST_STEP][PASSED] - Statement - out.println("Requested QTY : " + RequestedQty): null

2018-05-28 12:36:02 - [TEST_STEP][PASSED] - Statement - BatchNumber = com.kms.katalon.core.webui.keyword.WebUiBuiltInKeywords.getNumberOfTotalOption(com.kms.katalon.core.testobject.ObjectRepository.findTestObject(DispensaryToStore/Page_Store/select_--Select--BA1170BA2376B)): 4 options of object 'Object Repository/DispensaryToStore/Page_Store/select_--Select--BA1170BA2376B' counted

2018-05-28 12:36:02 - [MESSAGE][PASSED] - 4 options of object 'Object Repository/DispensaryToStore/Page_Store/select_--Select--BA1170BA2376B' counted

2018-05-28 12:36:02 - [TEST_STEP][PASSED] - Statement - For ([g = 1, g <= BatchNumber - 1, (g++)]): null

2018-05-28 12:36:02 - [TEST_STEP][PASSED] - selectOptionByIndex: All options with index in [1] are selected on object 'Object Repository/DispensaryToStore/Page_Store/select_--Select--BA1170BA2376B'

2018-05-28 12:36:03 - [MESSAGE][PASSED] - All options with index in [1] are selected on object 'Object Repository/DispensaryToStore/Page_Store/select_--Select--BA1170BA2376B'

2018-05-28 12:36:03 - [TEST_STEP][PASSED] - Statement - Try: null

2018-05-28 12:36:03 - [TEST_STEP][PASSED] - Statement - StockQty = com.kms.katalon.core.webui.keyword.WebUiBuiltInKeywords.getAttribute(com.kms.katalon.core.testobject.ObjectRepository.findTestObject(DispensaryToStore/Page_Store/input_txtprice), "value"): Attribute 'value' of object 'Object Repository/DispensaryToStore/Page_Store/input_txtprice' is: '550'

2018-05-28 12:36:03 - [MESSAGE][PASSED] - Attribute 'value' of object 'Object Repository/DispensaryToStore/Page_Store/input_txtprice' is: '550'

2018-05-28 12:36:03 - [TEST_STEP][PASSED] - Statement - out.println("Stock QTY : " + StockQty): null

2018-05-28 12:36:03 - [TEST_STEP][PASSED] - delay: Delayed 2 second(s)

2018-05-28 12:36:05 - [MESSAGE][PASSED] - Delayed 2 second(s)

2018-05-28 12:36:05 - [TEST_STEP][PASSED] - Statement - If (java.lang.String.valueOf(StockQty) >= java.lang.String.valueOf(RequestedQty)): null

2018-05-28 12:36:05 - [TEST_STEP][PASSED] - setText: Text '10' is set on object 'Object Repository/DispensaryToStore/Page_Store/input_txtqty'

2018-05-28 12:36:05 - [MESSAGE][PASSED] - Text '10' is set on object 'Object Repository/DispensaryToStore/Page_Store/input_txtqty'

2018-05-28 12:36:05 - [TEST_STEP][PASSED] - click: Object: 'Object Repository/DispensaryToStore/Page_Store/button_Add' is clicked on

2018-05-28 12:36:05 - [MESSAGE][PASSED] - Object: 'Object Repository/DispensaryToStore/Page_Store/button_Add' is clicked on

2018-05-28 12:36:05 - [TEST_STEP][PASSED] - Statement - Break: null

2018-05-28 12:36:05 - [TEST_STEP][PASSED] - selectOptionByIndex: All options with index in [10] are selected on object 'Object Repository/DispensaryToStore/Page_Store/select_--Select--Adernaline 0.'

2018-05-28 12:36:05 - [MESSAGE][PASSED] - All options with index in [10] are selected on object 'Object Repository/DispensaryToStore/Page_Store/select_--Select--Adernaline 0.'

2018-05-28 12:36:05 - [TEST_STEP][PASSED] - delay: Delayed 2 second(s)

2018-05-28 12:36:07 - [MESSAGE][PASSED] - Delayed 2 second(s)

2018-05-28 12:36:07 - [TEST_STEP][PASSED] - Statement - RequestedQty = com.kms.katalon.core.webui.keyword.WebUiBuiltInKeywords.getAttribute(com.kms.katalon.core.testobject.ObjectRepository.findTestObject(DispensaryToStore/Page_Store/input_txttotal), "value"): Attribute 'value' of object 'Object Repository/DispensaryToStore/Page_Store/input_txttotal' is: '10'

2018-05-28 12:36:07 - [MESSAGE][PASSED] - Attribute 'value' of object 'Object Repository/DispensaryToStore/Page_Store/input_txttotal' is: '10'

2018-05-28 12:36:07 - [TEST_STEP][PASSED] - Statement - out.println("Requested QTY : " + RequestedQty): null

2018-05-28 12:36:07 - [TEST_STEP][PASSED] - Statement - BatchNumber = com.kms.katalon.core.webui.keyword.WebUiBuiltInKeywords.getNumberOfTotalOption(com.kms.katalon.core.testobject.ObjectRepository.findTestObject(DispensaryToStore/Page_Store/select_--Select--BA1170BA2376B)): 2 options of object 'Object Repository/DispensaryToStore/Page_Store/select_--Select--BA1170BA2376B' counted

2018-05-28 12:36:07 - [MESSAGE][PASSED] - 2 options of object 'Object Repository/DispensaryToStore/Page_Store/select_--Select--BA1170BA2376B' counted

2018-05-28 12:36:07 - [TEST_STEP][PASSED] - Statement - For ([g = 1, g <= BatchNumber - 1, (g++)]): null

2018-05-28 12:36:07 - [TEST_STEP][PASSED] - selectOptionByIndex: All options with index in [1] are selected on object 'Object Repository/DispensaryToStore/Page_Store/select_--Select--BA1170BA2376B'

2018-05-28 12:36:07 - [MESSAGE][PASSED] - All options with index in [1] are selected on object 'Object Repository/DispensaryToStore/Page_Store/select_--Select--BA1170BA2376B'

2018-05-28 12:36:07 - [TEST_STEP][PASSED] - Statement - Try: null

2018-05-28 12:36:07 - [TEST_STEP][PASSED] - Statement - StockQty = com.kms.katalon.core.webui.keyword.WebUiBuiltInKeywords.getAttribute(com.kms.katalon.core.testobject.ObjectRepository.findTestObject(DispensaryToStore/Page_Store/input_txtprice), "value"): Attribute 'value' of object 'Object Repository/DispensaryToStore/Page_Store/input_txtprice' is: '1570'

2018-05-28 12:36:07 - [MESSAGE][PASSED] - Attribute 'value' of object 'Object Repository/DispensaryToStore/Page_Store/input_txtprice' is: '1570'

2018-05-28 12:36:07 - [TEST_STEP][PASSED] - Statement - out.println("Stock QTY : " + StockQty): null

2018-05-28 12:36:07 - [TEST_STEP][PASSED] - delay: Delayed 2 second(s)

2018-05-28 12:36:09 - [MESSAGE][PASSED] - Delayed 2 second(s)

2018-05-28 12:36:09 - [TEST_STEP][PASSED] - Statement - If (java.lang.String.valueOf(StockQty) >= java.lang.String.valueOf(RequestedQty)): null

2018-05-28 12:36:09 - [TEST_STEP][PASSED] - setText: Text '10' is set on object 'Object Repository/DispensaryToStore/Page_Store/input_txtqty'

2018-05-28 12:36:09 - [MESSAGE][PASSED] - Text '10' is set on object 'Object Repository/DispensaryToStore/Page_Store/input_txtqty'

2018-05-28 12:36:09 - [TEST_STEP][PASSED] - click: Object: 'Object Repository/DispensaryToStore/Page_Store/button_Add' is clicked on

2018-05-28 12:36:09 - [MESSAGE][PASSED] - Object: 'Object Repository/DispensaryToStore/Page_Store/button_Add' is clicked on

2018-05-28 12:36:09 - [TEST_STEP][PASSED] - Statement - Break: null

2018-05-28 12:36:09 - [TEST_STEP][PASSED] - selectOptionByIndex: All options with index in [11] are selected on object 'Object Repository/DispensaryToStore/Page_Store/select_--Select--Adernaline 0.'

2018-05-28 12:36:10 - [MESSAGE][PASSED] - All options with index in [11] are selected on object 'Object Repository/DispensaryToStore/Page_Store/select_--Select--Adernaline 0.'

2018-05-28 12:36:10 - [TEST_STEP][PASSED] - delay: Delayed 2 second(s)

2018-05-28 12:36:12 - [MESSAGE][PASSED] - Delayed 2 second(s)

2018-05-28 12:36:12 - [TEST_STEP][PASSED] - Statement - RequestedQty = com.kms.katalon.core.webui.keyword.WebUiBuiltInKeywords.getAttribute(com.kms.katalon.core.testobject.ObjectRepository.findTestObject(DispensaryToStore/Page_Store/input_txttotal), "value"): Attribute 'value' of object 'Object Repository/DispensaryToStore/Page_Store/input_txttotal' is: '10'

2018-05-28 12:36:12 - [MESSAGE][PASSED] - Attribute 'value' of object 'Object Repository/DispensaryToStore/Page_Store/input_txttotal' is: '10'

2018-05-28 12:36:12 - [TEST_STEP][PASSED] - Statement - out.println("Requested QTY : " + RequestedQty): null

2018-05-28 12:36:12 - [TEST_STEP][PASSED] - Statement - BatchNumber = com.kms.katalon.core.webui.keyword.WebUiBuiltInKeywords.getNumberOfTotalOption(com.kms.katalon.core.testobject.ObjectRepository.findTestObject(DispensaryToStore/Page_Store/select_--Select--BA1170BA2376B)): 3 options of object 'Object Repository/DispensaryToStore/Page_Store/select_--Select--BA1170BA2376B' counted

2018-05-28 12:36:12 - [MESSAGE][PASSED] - 3 options of object 'Object Repository/DispensaryToStore/Page_Store/select_--Select--BA1170BA2376B' counted

2018-05-28 12:36:12 - [TEST_STEP][PASSED] - Statement - For ([g = 1, g <= BatchNumber - 1, (g++)]): null

2018-05-28 12:36:12 - [TEST_STEP][PASSED] - selectOptionByIndex: All options with index in [1] are selected on object 'Object Repository/DispensaryToStore/Page_Store/select_--Select--BA1170BA2376B'

2018-05-28 12:36:12 - [MESSAGE][PASSED] - All options with index in [1] are selected on object 'Object Repository/DispensaryToStore/Page_Store/select_--Select--BA1170BA2376B'

2018-05-28 12:36:12 - [TEST_STEP][PASSED] - Statement - Try: null

2018-05-28 12:36:12 - [TEST_STEP][PASSED] - Statement - StockQty = com.kms.katalon.core.webui.keyword.WebUiBuiltInKeywords.getAttribute(com.kms.katalon.core.testobject.ObjectRepository.findTestObject(DispensaryToStore/Page_Store/input_txtprice), "value"): Attribute 'value' of object 'Object Repository/DispensaryToStore/Page_Store/input_txtprice' is: '550'

2018-05-28 12:36:12 - [MESSAGE][PASSED] - Attribute 'value' of object 'Object Repository/DispensaryToStore/Page_Store/input_txtprice' is: '550'

2018-05-28 12:36:12 - [TEST_STEP][PASSED] - Statement - out.println("Stock QTY : " + StockQty): null

2018-05-28 12:36:12 - [TEST_STEP][PASSED] - delay: Delayed 2 second(s)

2018-05-28 12:36:14 - [MESSAGE][PASSED] - Delayed 2 second(s)

2018-05-28 12:36:14 - [TEST_STEP][PASSED] - Statement - If (java.lang.String.valueOf(StockQty) >= java.lang.String.valueOf(RequestedQty)): null

2018-05-28 12:36:14 - [TEST_STEP][PASSED] - setText: Text '10' is set on object 'Object Repository/DispensaryToStore/Page_Store/input_txtqty'

2018-05-28 12:36:14 - [MESSAGE][PASSED] - Text '10' is set on object 'Object Repository/DispensaryToStore/Page_Store/input_txtqty'

2018-05-28 12:36:14 - [TEST_STEP][PASSED] - click: Object: 'Object Repository/DispensaryToStore/Page_Store/button_Add' is clicked on

2018-05-28 12:36:14 - [MESSAGE][PASSED] - Object: 'Object Repository/DispensaryToStore/Page_Store/button_Add' is clicked on

2018-05-28 12:36:14 - [TEST_STEP][PASSED] - Statement - Break: null

2018-05-28 12:36:14 - [TEST_STEP][PASSED] - selectOptionByIndex: All options with index in [12] are selected on object 'Object Repository/DispensaryToStore/Page_Store/select_--Select--Adernaline 0.'

2018-05-28 12:36:14 - [MESSAGE][PASSED] - All options with index in [12] are selected on object 'Object Repository/DispensaryToStore/Page_Store/select_--Select--Adernaline 0.'

2018-05-28 12:36:14 - [TEST_STEP][PASSED] - delay: Delayed 2 second(s)

2018-05-28 12:36:16 - [MESSAGE][PASSED] - Delayed 2 second(s)

2018-05-28 12:36:16 - [TEST_STEP][PASSED] - Statement - RequestedQty = com.kms.katalon.core.webui.keyword.WebUiBuiltInKeywords.getAttribute(com.kms.katalon.core.testobject.ObjectRepository.findTestObject(DispensaryToStore/Page_Store/input_txttotal), "value"): Attribute 'value' of object 'Object Repository/DispensaryToStore/Page_Store/input_txttotal' is: '10'

2018-05-28 12:36:16 - [MESSAGE][PASSED] - Attribute 'value' of object 'Object Repository/DispensaryToStore/Page_Store/input_txttotal' is: '10'

2018-05-28 12:36:16 - [TEST_STEP][PASSED] - Statement - out.println("Requested QTY : " + RequestedQty): null

2018-05-28 12:36:16 - [TEST_STEP][PASSED] - Statement - BatchNumber = com.kms.katalon.core.webui.keyword.WebUiBuiltInKeywords.getNumberOfTotalOption(com.kms.katalon.core.testobject.ObjectRepository.findTestObject(DispensaryToStore/Page_Store/select_--Select--BA1170BA2376B)): 2 options of object 'Object Repository/DispensaryToStore/Page_Store/select_--Select--BA1170BA2376B' counted

2018-05-28 12:36:16 - [MESSAGE][PASSED] - 2 options of object 'Object Repository/DispensaryToStore/Page_Store/select_--Select--BA1170BA2376B' counted

2018-05-28 12:36:16 - [TEST_STEP][PASSED] - Statement - For ([g = 1, g <= BatchNumber - 1, (g++)]): null

2018-05-28 12:36:16 - [TEST_STEP][PASSED] - selectOptionByIndex: All options with index in [1] are selected on object 'Object Repository/DispensaryToStore/Page_Store/select_--Select--BA1170BA2376B'

2018-05-28 12:36:16 - [MESSAGE][PASSED] - All options with index in [1] are selected on object 'Object Repository/DispensaryToStore/Page_Store/select_--Select--BA1170BA2376B'

2018-05-28 12:36:16 - [TEST_STEP][PASSED] - Statement - Try: null

2018-05-28 12:36:16 - [TEST_STEP][PASSED] - Statement - StockQty = com.kms.katalon.core.webui.keyword.WebUiBuiltInKeywords.getAttribute(com.kms.katalon.core.testobject.ObjectRepository.findTestObject(DispensaryToStore/Page_Store/input_txtprice), "value"): Attribute 'value' of object 'Object Repository/DispensaryToStore/Page_Store/input_txtprice' is: '1570'

2018-05-28 12:36:16 - [MESSAGE][PASSED] - Attribute 'value' of object 'Object Repository/DispensaryToStore/Page_Store/input_txtprice' is: '1570'

2018-05-28 12:36:16 - [TEST_STEP][PASSED] - Statement - out.println("Stock QTY : " + StockQty): null

2018-05-28 12:36:16 - [TEST_STEP][PASSED] - delay: Delayed 2 second(s)

2018-05-28 12:36:18 - [MESSAGE][PASSED] - Delayed 2 second(s)

2018-05-28 12:36:18 - [TEST_STEP][PASSED] - Statement - If (java.lang.String.valueOf(StockQty) >= java.lang.String.valueOf(RequestedQty)): null

2018-05-28 12:36:18 - [TEST_STEP][PASSED] - setText: Text '10' is set on object 'Object Repository/DispensaryToStore/Page_Store/input_txtqty'

2018-05-28 12:36:19 - [MESSAGE][PASSED] - Text '10' is set on object 'Object Repository/DispensaryToStore/Page_Store/input_txtqty'

2018-05-28 12:36:19 - [TEST_STEP][PASSED] - click: Object: 'Object Repository/DispensaryToStore/Page_Store/button_Add' is clicked on

2018-05-28 12:36:19 - [MESSAGE][PASSED] - Object: 'Object Repository/DispensaryToStore/Page_Store/button_Add' is clicked on

2018-05-28 12:36:19 - [TEST_STEP][PASSED] - Statement - Break: null

2018-05-28 12:36:19 - [TEST_STEP][PASSED] - selectOptionByIndex: All options with index in [13] are selected on object 'Object Repository/DispensaryToStore/Page_Store/select_--Select--Adernaline 0.'

2018-05-28 12:36:19 - [MESSAGE][PASSED] - All options with index in [13] are selected on object 'Object Repository/DispensaryToStore/Page_Store/select_--Select--Adernaline 0.'

2018-05-28 12:36:19 - [TEST_STEP][PASSED] - delay: Delayed 2 second(s)

2018-05-28 12:36:21 - [MESSAGE][PASSED] - Delayed 2 second(s)

2018-05-28 12:36:21 - [TEST_STEP][PASSED] - Statement - RequestedQty = com.kms.katalon.core.webui.keyword.WebUiBuiltInKeywords.getAttribute(com.kms.katalon.core.testobject.ObjectRepository.findTestObject(DispensaryToStore/Page_Store/input_txttotal), "value"): Attribute 'value' of object 'Object Repository/DispensaryToStore/Page_Store/input_txttotal' is: '10'

2018-05-28 12:36:21 - [MESSAGE][PASSED] - Attribute 'value' of object 'Object Repository/DispensaryToStore/Page_Store/input_txttotal' is: '10'

2018-05-28 12:36:21 - [TEST_STEP][PASSED] - Statement - out.println("Requested QTY : " + RequestedQty): null

2018-05-28 12:36:21 - [TEST_STEP][PASSED] - Statement - BatchNumber = com.kms.katalon.core.webui.keyword.WebUiBuiltInKeywords.getNumberOfTotalOption(com.kms.katalon.core.testobject.ObjectRepository.findTestObject(DispensaryToStore/Page_Store/select_--Select--BA1170BA2376B)): 3 options of object 'Object Repository/DispensaryToStore/Page_Store/select_--Select--BA1170BA2376B' counted

2018-05-28 12:36:21 - [MESSAGE][PASSED] - 3 options of object 'Object Repository/DispensaryToStore/Page_Store/select_--Select--BA1170BA2376B' counted

2018-05-28 12:36:21 - [TEST_STEP][PASSED] - Statement - For ([g = 1, g <= BatchNumber - 1, (g++)]): null

2018-05-28 12:36:21 - [TEST_STEP][PASSED] - selectOptionByIndex: All options with index in [1] are selected on object 'Object Repository/DispensaryToStore/Page_Store/select_--Select--BA1170BA2376B'

2018-05-28 12:36:21 - [MESSAGE][PASSED] - All options with index in [1] are selected on object 'Object Repository/DispensaryToStore/Page_Store/select_--Select--BA1170BA2376B'

2018-05-28 12:36:21 - [TEST_STEP][PASSED] - Statement - Try: null

2018-05-28 12:36:21 - [TEST_STEP][PASSED] - Statement - StockQty = com.kms.katalon.core.webui.keyword.WebUiBuiltInKeywords.getAttribute(com.kms.katalon.core.testobject.ObjectRepository.findTestObject(DispensaryToStore/Page_Store/input_txtprice), "value"): Attribute 'value' of object 'Object Repository/DispensaryToStore/Page_Store/input_txtprice' is: '550'

2018-05-28 12:36:21 - [MESSAGE][PASSED] - Attribute 'value' of object 'Object Repository/DispensaryToStore/Page_Store/input_txtprice' is: '550'

2018-05-28 12:36:21 - [TEST_STEP][PASSED] - Statement - out.println("Stock QTY : " + StockQty): null

2018-05-28 12:36:21 - [TEST_STEP][PASSED] - delay: Delayed 2 second(s)

2018-05-28 12:36:23 - [MESSAGE][PASSED] - Delayed 2 second(s)

2018-05-28 12:36:23 - [TEST_STEP][PASSED] - Statement - If (java.lang.String.valueOf(StockQty) >= java.lang.String.valueOf(RequestedQty)): null

2018-05-28 12:36:23 - [TEST_STEP][PASSED] - setText: Text '10' is set on object 'Object Repository/DispensaryToStore/Page_Store/input_txtqty'

2018-05-28 12:36:23 - [MESSAGE][PASSED] - Text '10' is set on object 'Object Repository/DispensaryToStore/Page_Store/input_txtqty'

2018-05-28 12:36:23 - [TEST_STEP][PASSED] - click: Object: 'Object Repository/DispensaryToStore/Page_Store/button_Add' is clicked on

2018-05-28 12:36:23 - [MESSAGE][PASSED] - Object: 'Object Repository/DispensaryToStore/Page_Store/button_Add' is clicked on

2018-05-28 12:36:23 - [TEST_STEP][PASSED] - Statement - Break: null

2018-05-28 12:36:23 - [TEST_STEP][PASSED] - selectOptionByIndex: All options with index in [14] are selected on object 'Object Repository/DispensaryToStore/Page_Store/select_--Select--Adernaline 0.'

2018-05-28 12:36:23 - [MESSAGE][PASSED] - All options with index in [14] are selected on object 'Object Repository/DispensaryToStore/Page_Store/select_--Select--Adernaline 0.'

2018-05-28 12:36:23 - [TEST_STEP][PASSED] - delay: Delayed 2 second(s)

2018-05-28 12:36:25 - [MESSAGE][PASSED] - Delayed 2 second(s)

2018-05-28 12:36:25 - [TEST_STEP][PASSED] - Statement - RequestedQty = com.kms.katalon.core.webui.keyword.WebUiBuiltInKeywords.getAttribute(com.kms.katalon.core.testobject.ObjectRepository.findTestObject(DispensaryToStore/Page_Store/input_txttotal), "value"): Attribute 'value' of object 'Object Repository/DispensaryToStore/Page_Store/input_txttotal' is: '10'

2018-05-28 12:36:26 - [MESSAGE][PASSED] - Attribute 'value' of object 'Object Repository/DispensaryToStore/Page_Store/input_txttotal' is: '10'

2018-05-28 12:36:26 - [TEST_STEP][PASSED] - Statement - out.println("Requested QTY : " + RequestedQty): null

2018-05-28 12:36:26 - [TEST_STEP][PASSED] - Statement - BatchNumber = com.kms.katalon.core.webui.keyword.WebUiBuiltInKeywords.getNumberOfTotalOption(com.kms.katalon.core.testobject.ObjectRepository.findTestObject(DispensaryToStore/Page_Store/select_--Select--BA1170BA2376B)): 3 options of object 'Object Repository/DispensaryToStore/Page_Store/select_--Select--BA1170BA2376B' counted

2018-05-28 12:36:26 - [MESSAGE][PASSED] - 3 options of object 'Object Repository/DispensaryToStore/Page_Store/select_--Select--BA1170BA2376B' counted

2018-05-28 12:36:26 - [TEST_STEP][PASSED] - Statement - For ([g = 1, g <= BatchNumber - 1, (g++)]): null

2018-05-28 12:36:26 - [TEST_STEP][PASSED] - selectOptionByIndex: All options with index in [1] are selected on object 'Object Repository/DispensaryToStore/Page_Store/select_--Select--BA1170BA2376B'

2018-05-28 12:36:26 - [MESSAGE][PASSED] - All options with index in [1] are selected on object 'Object Repository/DispensaryToStore/Page_Store/select_--Select--BA1170BA2376B'

2018-05-28 12:36:26 - [TEST_STEP][PASSED] - Statement - Try: null

2018-05-28 12:36:26 - [TEST_STEP][PASSED] - Statement - StockQty = com.kms.katalon.core.webui.keyword.WebUiBuiltInKeywords.getAttribute(com.kms.katalon.core.testobject.ObjectRepository.findTestObject(DispensaryToStore/Page_Store/input_txtprice), "value"): Attribute 'value' of object 'Object Repository/DispensaryToStore/Page_Store/input_txtprice' is: '1470'

2018-05-28 12:36:26 - [MESSAGE][PASSED] - Attribute 'value' of object 'Object Repository/DispensaryToStore/Page_Store/input_txtprice' is: '1470'

2018-05-28 12:36:26 - [TEST_STEP][PASSED] - Statement - out.println("Stock QTY : " + StockQty): null

2018-05-28 12:36:26 - [TEST_STEP][PASSED] - delay: Delayed 2 second(s)

2018-05-28 12:36:28 - [MESSAGE][PASSED] - Delayed 2 second(s)

2018-05-28 12:36:28 - [TEST_STEP][PASSED] - Statement - If (java.lang.String.valueOf(StockQty) >= java.lang.String.valueOf(RequestedQty)): null

2018-05-28 12:36:28 - [TEST_STEP][PASSED] - setText: Text '10' is set on object 'Object Repository/DispensaryToStore/Page_Store/input_txtqty'

2018-05-28 12:36:28 - [MESSAGE][PASSED] - Text '10' is set on object 'Object Repository/DispensaryToStore/Page_Store/input_txtqty'

2018-05-28 12:36:28 - [TEST_STEP][PASSED] - click: Object: 'Object Repository/DispensaryToStore/Page_Store/button_Add' is clicked on

2018-05-28 12:36:28 - [MESSAGE][PASSED] - Object: 'Object Repository/DispensaryToStore/Page_Store/button_Add' is clicked on

2018-05-28 12:36:28 - [TEST_STEP][PASSED] - Statement - Break: null

2018-05-28 12:36:28 - [TEST_STEP][PASSED] - selectOptionByIndex: All options with index in [15] are selected on object 'Object Repository/DispensaryToStore/Page_Store/select_--Select--Adernaline 0.'

2018-05-28 12:36:28 - [MESSAGE][PASSED] - All options with index in [15] are selected on object 'Object Repository/DispensaryToStore/Page_Store/select_--Select--Adernaline 0.'

2018-05-28 12:36:28 - [TEST_STEP][PASSED] - delay: Delayed 2 second(s)

2018-05-28 12:36:30 - [MESSAGE][PASSED] - Delayed 2 second(s)

2018-05-28 12:36:30 - [TEST_STEP][PASSED] - Statement - RequestedQty = com.kms.katalon.core.webui.keyword.WebUiBuiltInKeywords.getAttribute(com.kms.katalon.core.testobject.ObjectRepository.findTestObject(DispensaryToStore/Page_Store/input_txttotal), "value"): Attribute 'value' of object 'Object Repository/DispensaryToStore/Page_Store/input_txttotal' is: '10'

2018-05-28 12:36:30 - [MESSAGE][PASSED] - Attribute 'value' of object 'Object Repository/DispensaryToStore/Page_Store/input_txttotal' is: '10'

2018-05-28 12:36:30 - [TEST_STEP][PASSED] - Statement - out.println("Requested QTY : " + RequestedQty): null

2018-05-28 12:36:30 - [TEST_STEP][PASSED] - Statement - BatchNumber = com.kms.katalon.core.webui.keyword.WebUiBuiltInKeywords.getNumberOfTotalOption(com.kms.katalon.core.testobject.ObjectRepository.findTestObject(DispensaryToStore/Page_Store/select_--Select--BA1170BA2376B)): 4 options of object 'Object Repository/DispensaryToStore/Page_Store/select_--Select--BA1170BA2376B' counted

2018-05-28 12:36:30 - [MESSAGE][PASSED] - 4 options of object 'Object Repository/DispensaryToStore/Page_Store/select_--Select--BA1170BA2376B' counted

2018-05-28 12:36:30 - [TEST_STEP][PASSED] - Statement - For ([g = 1, g <= BatchNumber - 1, (g++)]): null

2018-05-28 12:36:30 - [TEST_STEP][PASSED] - selectOptionByIndex: All options with index in [1] are selected on object 'Object Repository/DispensaryToStore/Page_Store/select_--Select--BA1170BA2376B'

2018-05-28 12:36:30 - [MESSAGE][PASSED] - All options with index in [1] are selected on object 'Object Repository/DispensaryToStore/Page_Store/select_--Select--BA1170BA2376B'

2018-05-28 12:36:30 - [TEST_STEP][PASSED] - Statement - Try: null

2018-05-28 12:36:30 - [TEST_STEP][PASSED] - Statement - StockQty = com.kms.katalon.core.webui.keyword.WebUiBuiltInKeywords.getAttribute(com.kms.katalon.core.testobject.ObjectRepository.findTestObject(DispensaryToStore/Page_Store/input_txtprice), "value"): Attribute 'value' of object 'Object Repository/DispensaryToStore/Page_Store/input_txtprice' is: '550'

2018-05-28 12:36:30 - [MESSAGE][PASSED] - Attribute 'value' of object 'Object Repository/DispensaryToStore/Page_Store/input_txtprice' is: '550'

2018-05-28 12:36:30 - [TEST_STEP][PASSED] - Statement - out.println("Stock QTY : " + StockQty): null

2018-05-28 12:36:30 - [TEST_STEP][PASSED] - delay: Delayed 2 second(s)

2018-05-28 12:36:32 - [MESSAGE][PASSED] - Delayed 2 second(s)

2018-05-28 12:36:32 - [TEST_STEP][PASSED] - Statement - If (java.lang.String.valueOf(StockQty) >= java.lang.String.valueOf(RequestedQty)): null

2018-05-28 12:36:32 - [TEST_STEP][PASSED] - setText: Text '10' is set on object 'Object Repository/DispensaryToStore/Page_Store/input_txtqty'

2018-05-28 12:36:33 - [MESSAGE][PASSED] - Text '10' is set on object 'Object Repository/DispensaryToStore/Page_Store/input_txtqty'

2018-05-28 12:36:33 - [TEST_STEP][PASSED] - click: Object: 'Object Repository/DispensaryToStore/Page_Store/button_Add' is clicked on

2018-05-28 12:36:33 - [MESSAGE][PASSED] - Object: 'Object Repository/DispensaryToStore/Page_Store/button_Add' is clicked on

2018-05-28 12:36:33 - [TEST_STEP][PASSED] - Statement - Break: null

2018-05-28 12:36:33 - [TEST_STEP][PASSED] - selectOptionByIndex: All options with index in [16] are selected on object 'Object Repository/DispensaryToStore/Page_Store/select_--Select--Adernaline 0.'

2018-05-28 12:36:33 - [MESSAGE][PASSED] - All options with index in [16] are selected on object 'Object Repository/DispensaryToStore/Page_Store/select_--Select--Adernaline 0.'

2018-05-28 12:36:33 - [TEST_STEP][PASSED] - delay: Delayed 2 second(s)

2018-05-28 12:36:35 - [MESSAGE][PASSED] - Delayed 2 second(s)

2018-05-28 12:36:35 - [TEST_STEP][PASSED] - Statement - RequestedQty = com.kms.katalon.core.webui.keyword.WebUiBuiltInKeywords.getAttribute(com.kms.katalon.core.testobject.ObjectRepository.findTestObject(DispensaryToStore/Page_Store/input_txttotal), "value"): Attribute 'value' of object 'Object Repository/DispensaryToStore/Page_Store/input_txttotal' is: '10'

2018-05-28 12:36:35 - [MESSAGE][PASSED] - Attribute 'value' of object 'Object Repository/DispensaryToStore/Page_Store/input_txttotal' is: '10'

2018-05-28 12:36:35 - [TEST_STEP][PASSED] - Statement - out.println("Requested QTY : " + RequestedQty): null

2018-05-28 12:36:35 - [TEST_STEP][PASSED] - Statement - BatchNumber = com.kms.katalon.core.webui.keyword.WebUiBuiltInKeywords.getNumberOfTotalOption(com.kms.katalon.core.testobject.ObjectRepository.findTestObject(DispensaryToStore/Page_Store/select_--Select--BA1170BA2376B)): 2 options of object 'Object Repository/DispensaryToStore/Page_Store/select_--Select--BA1170BA2376B' counted

2018-05-28 12:36:35 - [MESSAGE][PASSED] - 2 options of object 'Object Repository/DispensaryToStore/Page_Store/select_--Select--BA1170BA2376B' counted

2018-05-28 12:36:35 - [TEST_STEP][PASSED] - Statement - For ([g = 1, g <= BatchNumber - 1, (g++)]): null

2018-05-28 12:36:35 - [TEST_STEP][PASSED] - selectOptionByIndex: All options with index in [1] are selected on object 'Object Repository/DispensaryToStore/Page_Store/select_--Select--BA1170BA2376B'

2018-05-28 12:36:35 - [MESSAGE][PASSED] - All options with index in [1] are selected on object 'Object Repository/DispensaryToStore/Page_Store/select_--Select--BA1170BA2376B'

2018-05-28 12:36:35 - [TEST_STEP][PASSED] - Statement - Try: null

2018-05-28 12:36:35 - [TEST_STEP][PASSED] - Statement - StockQty = com.kms.katalon.core.webui.keyword.WebUiBuiltInKeywords.getAttribute(com.kms.katalon.core.testobject.ObjectRepository.findTestObject(DispensaryToStore/Page_Store/input_txtprice), "value"): Attribute 'value' of object 'Object Repository/DispensaryToStore/Page_Store/input_txtprice' is: '1570'

2018-05-28 12:36:35 - [MESSAGE][PASSED] - Attribute 'value' of object 'Object Repository/DispensaryToStore/Page_Store/input_txtprice' is: '1570'

2018-05-28 12:36:35 - [TEST_STEP][PASSED] - Statement - out.println("Stock QTY : " + StockQty): null

2018-05-28 12:36:35 - [TEST_STEP][PASSED] - delay: Delayed 2 second(s)

2018-05-28 12:36:37 - [MESSAGE][PASSED] - Delayed 2 second(s)

2018-05-28 12:36:37 - [TEST_STEP][PASSED] - Statement - If (java.lang.String.valueOf(StockQty) >= java.lang.String.valueOf(RequestedQty)): null

2018-05-28 12:36:37 - [TEST_STEP][PASSED] - setText: Text '10' is set on object 'Object Repository/DispensaryToStore/Page_Store/input_txtqty'

2018-05-28 12:36:37 - [MESSAGE][PASSED] - Text '10' is set on object 'Object Repository/DispensaryToStore/Page_Store/input_txtqty'

2018-05-28 12:36:37 - [TEST_STEP][PASSED] - click: Object: 'Object Repository/DispensaryToStore/Page_Store/button_Add' is clicked on

2018-05-28 12:36:37 - [MESSAGE][PASSED] - Object: 'Object Repository/DispensaryToStore/Page_Store/button_Add' is clicked on

2018-05-28 12:36:37 - [TEST_STEP][PASSED] - Statement - Break: null

2018-05-28 12:36:37 - [TEST_STEP][PASSED] - selectOptionByIndex: All options with index in [17] are selected on object 'Object Repository/DispensaryToStore/Page_Store/select_--Select--Adernaline 0.'

2018-05-28 12:36:38 - [MESSAGE][PASSED] - All options with index in [17] are selected on object 'Object Repository/DispensaryToStore/Page_Store/select_--Select--Adernaline 0.'

2018-05-28 12:36:38 - [TEST_STEP][PASSED] - delay: Delayed 2 second(s)

2018-05-28 12:36:40 - [MESSAGE][PASSED] - Delayed 2 second(s)

2018-05-28 12:36:40 - [TEST_STEP][PASSED] - Statement - RequestedQty = com.kms.katalon.core.webui.keyword.WebUiBuiltInKeywords.getAttribute(com.kms.katalon.core.testobject.ObjectRepository.findTestObject(DispensaryToStore/Page_Store/input_txttotal), "value"): Attribute 'value' of object 'Object Repository/DispensaryToStore/Page_Store/input_txttotal' is: '10'

2018-05-28 12:36:40 - [MESSAGE][PASSED] - Attribute 'value' of object 'Object Repository/DispensaryToStore/Page_Store/input_txttotal' is: '10'

2018-05-28 12:36:40 - [TEST_STEP][PASSED] - Statement - out.println("Requested QTY : " + RequestedQty): null

2018-05-28 12:36:40 - [TEST_STEP][PASSED] - Statement - BatchNumber = com.kms.katalon.core.webui.keyword.WebUiBuiltInKeywords.getNumberOfTotalOption(com.kms.katalon.core.testobject.ObjectRepository.findTestObject(DispensaryToStore/Page_Store/select_--Select--BA1170BA2376B)): 3 options of object 'Object Repository/DispensaryToStore/Page_Store/select_--Select--BA1170BA2376B' counted

2018-05-28 12:36:40 - [MESSAGE][PASSED] - 3 options of object 'Object Repository/DispensaryToStore/Page_Store/select_--Select--BA1170BA2376B' counted

2018-05-28 12:36:40 - [TEST_STEP][PASSED] - Statement - For ([g = 1, g <= BatchNumber - 1, (g++)]): null

2018-05-28 12:36:40 - [TEST_STEP][PASSED] - selectOptionByIndex: All options with index in [1] are selected on object 'Object Repository/DispensaryToStore/Page_Store/select_--Select--BA1170BA2376B'

2018-05-28 12:36:40 - [MESSAGE][PASSED] - All options with index in [1] are selected on object 'Object Repository/DispensaryToStore/Page_Store/select_--Select--BA1170BA2376B'

2018-05-28 12:36:40 - [TEST_STEP][PASSED] - Statement - Try: null

2018-05-28 12:36:40 - [TEST_STEP][PASSED] - Statement - StockQty = com.kms.katalon.core.webui.keyword.WebUiBuiltInKeywords.getAttribute(com.kms.katalon.core.testobject.ObjectRepository.findTestObject(DispensaryToStore/Page_Store/input_txtprice), "value"): Attribute 'value' of object 'Object Repository/DispensaryToStore/Page_Store/input_txtprice' is: '550'

2018-05-28 12:36:40 - [MESSAGE][PASSED] - Attribute 'value' of object 'Object Repository/DispensaryToStore/Page_Store/input_txtprice' is: '550'

2018-05-28 12:36:40 - [TEST_STEP][PASSED] - Statement - out.println("Stock QTY : " + StockQty): null

2018-05-28 12:36:40 - [TEST_STEP][PASSED] - delay: Delayed 2 second(s)

2018-05-28 12:36:42 - [MESSAGE][PASSED] - Delayed 2 second(s)

2018-05-28 12:36:42 - [TEST_STEP][PASSED] - Statement - If (java.lang.String.valueOf(StockQty) >= java.lang.String.valueOf(RequestedQty)): null

2018-05-28 12:36:42 - [TEST_STEP][PASSED] - setText: Text '10' is set on object 'Object Repository/DispensaryToStore/Page_Store/input_txtqty'

2018-05-28 12:36:42 - [MESSAGE][PASSED] - Text '10' is set on object 'Object Repository/DispensaryToStore/Page_Store/input_txtqty'

2018-05-28 12:36:42 - [TEST_STEP][PASSED] - click: Object: 'Object Repository/DispensaryToStore/Page_Store/button_Add' is clicked on

2018-05-28 12:36:42 - [MESSAGE][PASSED] - Object: 'Object Repository/DispensaryToStore/Page_Store/button_Add' is clicked on

2018-05-28 12:36:42 - [TEST_STEP][PASSED] - Statement - Break: null

2018-05-28 12:36:42 - [TEST_STEP][PASSED] - selectOptionByIndex: All options with index in [18] are selected on object 'Object Repository/DispensaryToStore/Page_Store/select_--Select--Adernaline 0.'

2018-05-28 12:36:42 - [MESSAGE][PASSED] - All options with index in [18] are selected on object 'Object Repository/DispensaryToStore/Page_Store/select_--Select--Adernaline 0.'

2018-05-28 12:36:42 - [TEST_STEP][PASSED] - delay: Delayed 2 second(s)

2018-05-28 12:36:44 - [MESSAGE][PASSED] - Delayed 2 second(s)

2018-05-28 12:36:44 - [TEST_STEP][PASSED] - Statement - RequestedQty = com.kms.katalon.core.webui.keyword.WebUiBuiltInKeywords.getAttribute(com.kms.katalon.core.testobject.ObjectRepository.findTestObject(DispensaryToStore/Page_Store/input_txttotal), "value"): Attribute 'value' of object 'Object Repository/DispensaryToStore/Page_Store/input_txttotal' is: '10'

2018-05-28 12:36:44 - [MESSAGE][PASSED] - Attribute 'value' of object 'Object Repository/DispensaryToStore/Page_Store/input_txttotal' is: '10'

2018-05-28 12:36:44 - [TEST_STEP][PASSED] - Statement - out.println("Requested QTY : " + RequestedQty): null

2018-05-28 12:36:44 - [TEST_STEP][PASSED] - Statement - BatchNumber = com.kms.katalon.core.webui.keyword.WebUiBuiltInKeywords.getNumberOfTotalOption(com.kms.katalon.core.testobject.ObjectRepository.findTestObject(DispensaryToStore/Page_Store/select_--Select--BA1170BA2376B)): 3 options of object 'Object Repository/DispensaryToStore/Page_Store/select_--Select--BA1170BA2376B' counted

2018-05-28 12:36:44 - [MESSAGE][PASSED] - 3 options of object 'Object Repository/DispensaryToStore/Page_Store/select_--Select--BA1170BA2376B' counted

2018-05-28 12:36:44 - [TEST_STEP][PASSED] - Statement - For ([g = 1, g <= BatchNumber - 1, (g++)]): null

2018-05-28 12:36:44 - [TEST_STEP][PASSED] - selectOptionByIndex: All options with index in [1] are selected on object 'Object Repository/DispensaryToStore/Page_Store/select_--Select--BA1170BA2376B'

2018-05-28 12:36:45 - [MESSAGE][PASSED] - All options with index in [1] are selected on object 'Object Repository/DispensaryToStore/Page_Store/select_--Select--BA1170BA2376B'

2018-05-28 12:36:45 - [TEST_STEP][PASSED] - Statement - Try: null

2018-05-28 12:36:45 - [TEST_STEP][PASSED] - Statement - StockQty = com.kms.katalon.core.webui.keyword.WebUiBuiltInKeywords.getAttribute(com.kms.katalon.core.testobject.ObjectRepository.findTestObject(DispensaryToStore/Page_Store/input_txtprice), "value"): Attribute 'value' of object 'Object Repository/DispensaryToStore/Page_Store/input_txtprice' is: '550'

2018-05-28 12:36:45 - [MESSAGE][PASSED] - Attribute 'value' of object 'Object Repository/DispensaryToStore/Page_Store/input_txtprice' is: '550'

2018-05-28 12:36:45 - [TEST_STEP][PASSED] - Statement - out.println("Stock QTY : " + StockQty): null

2018-05-28 12:36:45 - [TEST_STEP][PASSED] - delay: Delayed 2 second(s)

2018-05-28 12:36:47 - [MESSAGE][PASSED] - Delayed 2 second(s)

2018-05-28 12:36:47 - [TEST_STEP][PASSED] - Statement - If (java.lang.String.valueOf(StockQty) >= java.lang.String.valueOf(RequestedQty)): null

2018-05-28 12:36:47 - [TEST_STEP][PASSED] - setText: Text '10' is set on object 'Object Repository/DispensaryToStore/Page_Store/input_txtqty'

2018-05-28 12:36:47 - [MESSAGE][PASSED] - Text '10' is set on object 'Object Repository/DispensaryToStore/Page_Store/input_txtqty'

2018-05-28 12:36:47 - [TEST_STEP][PASSED] - click: Object: 'Object Repository/DispensaryToStore/Page_Store/button_Add' is clicked on

2018-05-28 12:36:47 - [MESSAGE][PASSED] - Object: 'Object Repository/DispensaryToStore/Page_Store/button_Add' is clicked on

2018-05-28 12:36:47 - [TEST_STEP][PASSED] - Statement - Break: null

2018-05-28 12:36:47 - [TEST_STEP][PASSED] - selectOptionByIndex: All options with index in [19] are selected on object 'Object Repository/DispensaryToStore/Page_Store/select_--Select--Adernaline 0.'

2018-05-28 12:36:47 - [MESSAGE][PASSED] - All options with index in [19] are selected on object 'Object Repository/DispensaryToStore/Page_Store/select_--Select--Adernaline 0.'

2018-05-28 12:36:47 - [TEST_STEP][PASSED] - delay: Delayed 2 second(s)

2018-05-28 12:36:49 - [MESSAGE][PASSED] - Delayed 2 second(s)

2018-05-28 12:36:49 - [TEST_STEP][PASSED] - Statement - RequestedQty = com.kms.katalon.core.webui.keyword.WebUiBuiltInKeywords.getAttribute(com.kms.katalon.core.testobject.ObjectRepository.findTestObject(DispensaryToStore/Page_Store/input_txttotal), "value"): Attribute 'value' of object 'Object Repository/DispensaryToStore/Page_Store/input_txttotal' is: '10'

2018-05-28 12:36:49 - [MESSAGE][PASSED] - Attribute 'value' of object 'Object Repository/DispensaryToStore/Page_Store/input_txttotal' is: '10'

2018-05-28 12:36:49 - [TEST_STEP][PASSED] - Statement - out.println("Requested QTY : " + RequestedQty): null

2018-05-28 12:36:49 - [TEST_STEP][PASSED] - Statement - BatchNumber = com.kms.katalon.core.webui.keyword.WebUiBuiltInKeywords.getNumberOfTotalOption(com.kms.katalon.core.testobject.ObjectRepository.findTestObject(DispensaryToStore/Page_Store/select_--Select--BA1170BA2376B)): 4 options of object 'Object Repository/DispensaryToStore/Page_Store/select_--Select--BA1170BA2376B' counted

2018-05-28 12:36:49 - [MESSAGE][PASSED] - 4 options of object 'Object Repository/DispensaryToStore/Page_Store/select_--Select--BA1170BA2376B' counted

2018-05-28 12:36:49 - [TEST_STEP][PASSED] - Statement - For ([g = 1, g <= BatchNumber - 1, (g++)]): null

2018-05-28 12:36:49 - [TEST_STEP][PASSED] - selectOptionByIndex: All options with index in [1] are selected on object 'Object Repository/DispensaryToStore/Page_Store/select_--Select--BA1170BA2376B'

2018-05-28 12:36:49 - [MESSAGE][PASSED] - All options with index in [1] are selected on object 'Object Repository/DispensaryToStore/Page_Store/select_--Select--BA1170BA2376B'

2018-05-28 12:36:49 - [TEST_STEP][PASSED] - Statement - Try: null

2018-05-28 12:36:49 - [TEST_STEP][PASSED] - Statement - StockQty = com.kms.katalon.core.webui.keyword.WebUiBuiltInKeywords.getAttribute(com.kms.katalon.core.testobject.ObjectRepository.findTestObject(DispensaryToStore/Page_Store/input_txtprice), "value"): Attribute 'value' of object 'Object Repository/DispensaryToStore/Page_Store/input_txtprice' is: '90'

2018-05-28 12:36:49 - [MESSAGE][PASSED] - Attribute 'value' of object 'Object Repository/DispensaryToStore/Page_Store/input_txtprice' is: '90'

2018-05-28 12:36:49 - [TEST_STEP][PASSED] - Statement - out.println("Stock QTY : " + StockQty): null

2018-05-28 12:36:49 - [TEST_STEP][PASSED] - delay: Delayed 2 second(s)

2018-05-28 12:36:51 - [MESSAGE][PASSED] - Delayed 2 second(s)

2018-05-28 12:36:51 - [TEST_STEP][PASSED] - Statement - If (java.lang.String.valueOf(StockQty) >= java.lang.String.valueOf(RequestedQty)): null

2018-05-28 12:36:51 - [TEST_STEP][PASSED] - setText: Text '10' is set on object 'Object Repository/DispensaryToStore/Page_Store/input_txtqty'

2018-05-28 12:36:51 - [MESSAGE][PASSED] - Text '10' is set on object 'Object Repository/DispensaryToStore/Page_Store/input_txtqty'

2018-05-28 12:36:51 - [TEST_STEP][PASSED] - click: Object: 'Object Repository/DispensaryToStore/Page_Store/button_Add' is clicked on

2018-05-28 12:36:51 - [MESSAGE][PASSED] - Object: 'Object Repository/DispensaryToStore/Page_Store/button_Add' is clicked on

2018-05-28 12:36:51 - [TEST_STEP][PASSED] - Statement - Break: null

2018-05-28 12:36:51 - [TEST_STEP][PASSED] - selectOptionByIndex: All options with index in [20] are selected on object 'Object Repository/DispensaryToStore/Page_Store/select_--Select--Adernaline 0.'

2018-05-28 12:36:52 - [MESSAGE][PASSED] - All options with index in [20] are selected on object 'Object Repository/DispensaryToStore/Page_Store/select_--Select--Adernaline 0.'

2018-05-28 12:36:52 - [TEST_STEP][PASSED] - delay: Delayed 2 second(s)

2018-05-28 12:36:54 - [MESSAGE][PASSED] - Delayed 2 second(s)

2018-05-28 12:36:54 - [TEST_STEP][PASSED] - Statement - RequestedQty = com.kms.katalon.core.webui.keyword.WebUiBuiltInKeywords.getAttribute(com.kms.katalon.core.testobject.ObjectRepository.findTestObject(DispensaryToStore/Page_Store/input_txttotal), "value"): Attribute 'value' of object 'Object Repository/DispensaryToStore/Page_Store/input_txttotal' is: '10'

2018-05-28 12:36:54 - [MESSAGE][PASSED] - Attribute 'value' of object 'Object Repository/DispensaryToStore/Page_Store/input_txttotal' is: '10'

2018-05-28 12:36:54 - [TEST_STEP][PASSED] - Statement - out.println("Requested QTY : " + RequestedQty): null

2018-05-28 12:36:54 - [TEST_STEP][PASSED] - Statement - BatchNumber = com.kms.katalon.core.webui.keyword.WebUiBuiltInKeywords.getNumberOfTotalOption(com.kms.katalon.core.testobject.ObjectRepository.findTestObject(DispensaryToStore/Page_Store/select_--Select--BA1170BA2376B)): 2 options of object 'Object Repository/DispensaryToStore/Page_Store/select_--Select--BA1170BA2376B' counted

2018-05-28 12:36:54 - [MESSAGE][PASSED] - 2 options of object 'Object Repository/DispensaryToStore/Page_Store/select_--Select--BA1170BA2376B' counted

2018-05-28 12:36:54 - [TEST_STEP][PASSED] - Statement - For ([g = 1, g <= BatchNumber - 1, (g++)]): null

2018-05-28 12:36:54 - [TEST_STEP][PASSED] - selectOptionByIndex: All options with index in [1] are selected on object 'Object Repository/DispensaryToStore/Page_Store/select_--Select--BA1170BA2376B'

2018-05-28 12:36:54 - [MESSAGE][PASSED] - All options with index in [1] are selected on object 'Object Repository/DispensaryToStore/Page_Store/select_--Select--BA1170BA2376B'

2018-05-28 12:36:54 - [TEST_STEP][PASSED] - Statement - Try: null

2018-05-28 12:36:54 - [TEST_STEP][PASSED] - Statement - StockQty = com.kms.katalon.core.webui.keyword.WebUiBuiltInKeywords.getAttribute(com.kms.katalon.core.testobject.ObjectRepository.findTestObject(DispensaryToStore/Page_Store/input_txtprice), "value"): Attribute 'value' of object 'Object Repository/DispensaryToStore/Page_Store/input_txtprice' is: '1570'

2018-05-28 12:36:54 - [MESSAGE][PASSED] - Attribute 'value' of object 'Object Repository/DispensaryToStore/Page_Store/input_txtprice' is: '1570'

2018-05-28 12:36:54 - [TEST_STEP][PASSED] - Statement - out.println("Stock QTY : " + StockQty): null

2018-05-28 12:36:54 - [TEST_STEP][PASSED] - delay: Delayed 2 second(s)

2018-05-28 12:36:56 - [MESSAGE][PASSED] - Delayed 2 second(s)

2018-05-28 12:36:56 - [TEST_STEP][PASSED] - Statement - If (java.lang.String.valueOf(StockQty) >= java.lang.String.valueOf(RequestedQty)): null

2018-05-28 12:36:56 - [TEST_STEP][PASSED] - setText: Text '10' is set on object 'Object Repository/DispensaryToStore/Page_Store/input_txtqty'

2018-05-28 12:36:56 - [MESSAGE][PASSED] - Text '10' is set on object 'Object Repository/DispensaryToStore/Page_Store/input_txtqty'

2018-05-28 12:36:56 - [TEST_STEP][PASSED] - click: Object: 'Object Repository/DispensaryToStore/Page_Store/button_Add' is clicked on

2018-05-28 12:36:56 - [MESSAGE][PASSED] - Object: 'Object Repository/DispensaryToStore/Page_Store/button_Add' is clicked on

2018-05-28 12:36:56 - [TEST_STEP][PASSED] - Statement - Break: null

2018-05-28 12:36:56 - [TEST_STEP][PASSED] - selectOptionByIndex: All options with index in [21] are selected on object 'Object Repository/DispensaryToStore/Page_Store/select_--Select--Adernaline 0.'

2018-05-28 12:36:56 - [MESSAGE][PASSED] - All options with index in [21] are selected on object 'Object Repository/DispensaryToStore/Page_Store/select_--Select--Adernaline 0.'

2018-05-28 12:36:56 - [TEST_STEP][PASSED] - delay: Delayed 2 second(s)

2018-05-28 12:36:58 - [MESSAGE][PASSED] - Delayed 2 second(s)

2018-05-28 12:36:58 - [TEST_STEP][PASSED] - Statement - RequestedQty = com.kms.katalon.core.webui.keyword.WebUiBuiltInKeywords.getAttribute(com.kms.katalon.core.testobject.ObjectRepository.findTestObject(DispensaryToStore/Page_Store/input_txttotal), "value"): Attribute 'value' of object 'Object Repository/DispensaryToStore/Page_Store/input_txttotal' is: '10'

2018-05-28 12:36:58 - [MESSAGE][PASSED] - Attribute 'value' of object 'Object Repository/DispensaryToStore/Page_Store/input_txttotal' is: '10'

2018-05-28 12:36:58 - [TEST_STEP][PASSED] - Statement - out.println("Requested QTY : " + RequestedQty): null

2018-05-28 12:36:58 - [TEST_STEP][PASSED] - Statement - BatchNumber = com.kms.katalon.core.webui.keyword.WebUiBuiltInKeywords.getNumberOfTotalOption(com.kms.katalon.core.testobject.ObjectRepository.findTestObject(DispensaryToStore/Page_Store/select_--Select--BA1170BA2376B)): 5 options of object 'Object Repository/DispensaryToStore/Page_Store/select_--Select--BA1170BA2376B' counted

2018-05-28 12:36:59 - [MESSAGE][PASSED] - 5 options of object 'Object Repository/DispensaryToStore/Page_Store/select_--Select--BA1170BA2376B' counted

2018-05-28 12:36:59 - [TEST_STEP][PASSED] - Statement - For ([g = 1, g <= BatchNumber - 1, (g++)]): null

2018-05-28 12:36:59 - [TEST_STEP][PASSED] - selectOptionByIndex: All options with index in [1] are selected on object 'Object Repository/DispensaryToStore/Page_Store/select_--Select--BA1170BA2376B'

2018-05-28 12:36:59 - [MESSAGE][PASSED] - All options with index in [1] are selected on object 'Object Repository/DispensaryToStore/Page_Store/select_--Select--BA1170BA2376B'

2018-05-28 12:36:59 - [TEST_STEP][PASSED] - Statement - Try: null

2018-05-28 12:36:59 - [TEST_STEP][PASSED] - Statement - StockQty = com.kms.katalon.core.webui.keyword.WebUiBuiltInKeywords.getAttribute(com.kms.katalon.core.testobject.ObjectRepository.findTestObject(DispensaryToStore/Page_Store/input_txtprice), "value"): Attribute 'value' of object 'Object Repository/DispensaryToStore/Page_Store/input_txtprice' is: '90'

2018-05-28 12:36:59 - [MESSAGE][PASSED] - Attribute 'value' of object 'Object Repository/DispensaryToStore/Page_Store/input_txtprice' is: '90'

2018-05-28 12:36:59 - [TEST_STEP][PASSED] - Statement - out.println("Stock QTY : " + StockQty): null

2018-05-28 12:36:59 - [TEST_STEP][PASSED] - delay: Delayed 2 second(s)

2018-05-28 12:37:01 - [MESSAGE][PASSED] - Delayed 2 second(s)

2018-05-28 12:37:01 - [TEST_STEP][PASSED] - Statement - If (java.lang.String.valueOf(StockQty) >= java.lang.String.valueOf(RequestedQty)): null

2018-05-28 12:37:01 - [TEST_STEP][PASSED] - setText: Text '10' is set on object 'Object Repository/DispensaryToStore/Page_Store/input_txtqty'

2018-05-28 12:37:01 - [MESSAGE][PASSED] - Text '10' is set on object 'Object Repository/DispensaryToStore/Page_Store/input_txtqty'

2018-05-28 12:37:01 - [TEST_STEP][PASSED] - click: Object: 'Object Repository/DispensaryToStore/Page_Store/button_Add' is clicked on

2018-05-28 12:37:01 - [MESSAGE][PASSED] - Object: 'Object Repository/DispensaryToStore/Page_Store/button_Add' is clicked on

2018-05-28 12:37:01 - [TEST_STEP][PASSED] - Statement - Break: null

2018-05-28 12:37:01 - [TEST_STEP][PASSED] - selectOptionByIndex: All options with index in [22] are selected on object 'Object Repository/DispensaryToStore/Page_Store/select_--Select--Adernaline 0.'

2018-05-28 12:37:01 - [MESSAGE][PASSED] - All options with index in [22] are selected on object 'Object Repository/DispensaryToStore/Page_Store/select_--Select--Adernaline 0.'

2018-05-28 12:37:01 - [TEST_STEP][PASSED] - delay: Delayed 2 second(s)

2018-05-28 12:37:03 - [MESSAGE][PASSED] - Delayed 2 second(s)

2018-05-28 12:37:03 - [TEST_STEP][PASSED] - Statement - RequestedQty = com.kms.katalon.core.webui.keyword.WebUiBuiltInKeywords.getAttribute(com.kms.katalon.core.testobject.ObjectRepository.findTestObject(DispensaryToStore/Page_Store/input_txttotal), "value"): Attribute 'value' of object 'Object Repository/DispensaryToStore/Page_Store/input_txttotal' is: '10'

2018-05-28 12:37:03 - [MESSAGE][PASSED] - Attribute 'value' of object 'Object Repository/DispensaryToStore/Page_Store/input_txttotal' is: '10'

2018-05-28 12:37:03 - [TEST_STEP][PASSED] - Statement - out.println("Requested QTY : " + RequestedQty): null

2018-05-28 12:37:03 - [TEST_STEP][PASSED] - Statement - BatchNumber = com.kms.katalon.core.webui.keyword.WebUiBuiltInKeywords.getNumberOfTotalOption(com.kms.katalon.core.testobject.ObjectRepository.findTestObject(DispensaryToStore/Page_Store/select_--Select--BA1170BA2376B)): 5 options of object 'Object Repository/DispensaryToStore/Page_Store/select_--Select--BA1170BA2376B' counted

2018-05-28 12:37:03 - [MESSAGE][PASSED] - 5 options of object 'Object Repository/DispensaryToStore/Page_Store/select_--Select--BA1170BA2376B' counted

2018-05-28 12:37:03 - [TEST_STEP][PASSED] - Statement - For ([g = 1, g <= BatchNumber - 1, (g++)]): null

2018-05-28 12:37:03 - [TEST_STEP][PASSED] - selectOptionByIndex: All options with index in [1] are selected on object 'Object Repository/DispensaryToStore/Page_Store/select_--Select--BA1170BA2376B'

2018-05-28 12:37:03 - [MESSAGE][PASSED] - All options with index in [1] are selected on object 'Object Repository/DispensaryToStore/Page_Store/select_--Select--BA1170BA2376B'

2018-05-28 12:37:03 - [TEST_STEP][PASSED] - Statement - Try: null

2018-05-28 12:37:03 - [TEST_STEP][PASSED] - Statement - StockQty = com.kms.katalon.core.webui.keyword.WebUiBuiltInKeywords.getAttribute(com.kms.katalon.core.testobject.ObjectRepository.findTestObject(DispensaryToStore/Page_Store/input_txtprice), "value"): Attribute 'value' of object 'Object Repository/DispensaryToStore/Page_Store/input_txtprice' is: '90'

2018-05-28 12:37:03 - [MESSAGE][PASSED] - Attribute 'value' of object 'Object Repository/DispensaryToStore/Page_Store/input_txtprice' is: '90'

2018-05-28 12:37:03 - [TEST_STEP][PASSED] - Statement - out.println("Stock QTY : " + StockQty): null

2018-05-28 12:37:03 - [TEST_STEP][PASSED] - delay: Delayed 2 second(s)

2018-05-28 12:37:05 - [MESSAGE][PASSED] - Delayed 2 second(s)

2018-05-28 12:37:05 - [TEST_STEP][PASSED] - Statement - If (java.lang.String.valueOf(StockQty) >= java.lang.String.valueOf(RequestedQty)): null

2018-05-28 12:37:05 - [TEST_STEP][PASSED] - setText: Text '10' is set on object 'Object Repository/DispensaryToStore/Page_Store/input_txtqty'

2018-05-28 12:37:06 - [MESSAGE][PASSED] - Text '10' is set on object 'Object Repository/DispensaryToStore/Page_Store/input_txtqty'

2018-05-28 12:37:06 - [TEST_STEP][PASSED] - click: Object: 'Object Repository/DispensaryToStore/Page_Store/button_Add' is clicked on

2018-05-28 12:37:06 - [MESSAGE][PASSED] - Object: 'Object Repository/DispensaryToStore/Page_Store/button_Add' is clicked on

2018-05-28 12:37:06 - [TEST_STEP][PASSED] - Statement - Break: null

2018-05-28 12:37:06 - [TEST_STEP][PASSED] - selectOptionByIndex: All options with index in [23] are selected on object 'Object Repository/DispensaryToStore/Page_Store/select_--Select--Adernaline 0.'

2018-05-28 12:37:06 - [MESSAGE][PASSED] - All options with index in [23] are selected on object 'Object Repository/DispensaryToStore/Page_Store/select_--Select--Adernaline 0.'

2018-05-28 12:37:06 - [TEST_STEP][PASSED] - delay: Delayed 2 second(s)

2018-05-28 12:37:08 - [MESSAGE][PASSED] - Delayed 2 second(s)

2018-05-28 12:37:08 - [TEST_STEP][PASSED] - Statement - RequestedQty = com.kms.katalon.core.webui.keyword.WebUiBuiltInKeywords.getAttribute(com.kms.katalon.core.testobject.ObjectRepository.findTestObject(DispensaryToStore/Page_Store/input_txttotal), "value"): Attribute 'value' of object 'Object Repository/DispensaryToStore/Page_Store/input_txttotal' is: '10'

2018-05-28 12:37:08 - [MESSAGE][PASSED] - Attribute 'value' of object 'Object Repository/DispensaryToStore/Page_Store/input_txttotal' is: '10'

2018-05-28 12:37:08 - [TEST_STEP][PASSED] - Statement - out.println("Requested QTY : " + RequestedQty): null

2018-05-28 12:37:08 - [TEST_STEP][PASSED] - Statement - BatchNumber = com.kms.katalon.core.webui.keyword.WebUiBuiltInKeywords.getNumberOfTotalOption(com.kms.katalon.core.testobject.ObjectRepository.findTestObject(DispensaryToStore/Page_Store/select_--Select--BA1170BA2376B)): 3 options of object 'Object Repository/DispensaryToStore/Page_Store/select_--Select--BA1170BA2376B' counted

2018-05-28 12:37:08 - [MESSAGE][PASSED] - 3 options of object 'Object Repository/DispensaryToStore/Page_Store/select_--Select--BA1170BA2376B' counted

2018-05-28 12:37:08 - [TEST_STEP][PASSED] - Statement - For ([g = 1, g <= BatchNumber - 1, (g++)]): null

2018-05-28 12:37:08 - [TEST_STEP][PASSED] - selectOptionByIndex: All options with index in [1] are selected on object 'Object Repository/DispensaryToStore/Page_Store/select_--Select--BA1170BA2376B'

2018-05-28 12:37:08 - [MESSAGE][PASSED] - All options with index in [1] are selected on object 'Object Repository/DispensaryToStore/Page_Store/select_--Select--BA1170BA2376B'

2018-05-28 12:37:08 - [TEST_STEP][PASSED] - Statement - Try: null

2018-05-28 12:37:08 - [TEST_STEP][PASSED] - Statement - StockQty = com.kms.katalon.core.webui.keyword.WebUiBuiltInKeywords.getAttribute(com.kms.katalon.core.testobject.ObjectRepository.findTestObject(DispensaryToStore/Page_Store/input_txtprice), "value"): Attribute 'value' of object 'Object Repository/DispensaryToStore/Page_Store/input_txtprice' is: '1470'

2018-05-28 12:37:08 - [MESSAGE][PASSED] - Attribute 'value' of object 'Object Repository/DispensaryToStore/Page_Store/input_txtprice' is: '1470'

2018-05-28 12:37:08 - [TEST_STEP][PASSED] - Statement - out.println("Stock QTY : " + StockQty): null

2018-05-28 12:37:08 - [TEST_STEP][PASSED] - delay: Delayed 2 second(s)

2018-05-28 12:37:10 - [MESSAGE][PASSED] - Delayed 2 second(s)

2018-05-28 12:37:10 - [TEST_STEP][PASSED] - Statement - If (java.lang.String.valueOf(StockQty) >= java.lang.String.valueOf(RequestedQty)): null

2018-05-28 12:37:10 - [TEST_STEP][PASSED] - setText: Text '10' is set on object 'Object Repository/DispensaryToStore/Page_Store/input_txtqty'

2018-05-28 12:37:10 - [MESSAGE][PASSED] - Text '10' is set on object 'Object Repository/DispensaryToStore/Page_Store/input_txtqty'

2018-05-28 12:37:10 - [TEST_STEP][PASSED] - click: Object: 'Object Repository/DispensaryToStore/Page_Store/button_Add' is clicked on

2018-05-28 12:37:10 - [MESSAGE][PASSED] - Object: 'Object Repository/DispensaryToStore/Page_Store/button_Add' is clicked on

2018-05-28 12:37:10 - [TEST_STEP][PASSED] - Statement - Break: null

2018-05-28 12:37:10 - [TEST_STEP][PASSED] - selectOptionByIndex: All options with index in [24] are selected on object 'Object Repository/DispensaryToStore/Page_Store/select_--Select--Adernaline 0.'

2018-05-28 12:37:11 - [MESSAGE][PASSED] - All options with index in [24] are selected on object 'Object Repository/DispensaryToStore/Page_Store/select_--Select--Adernaline 0.'

2018-05-28 12:37:11 - [TEST_STEP][PASSED] - delay: Delayed 2 second(s)

2018-05-28 12:37:13 - [MESSAGE][PASSED] - Delayed 2 second(s)

2018-05-28 12:37:13 - [TEST_STEP][PASSED] - Statement - RequestedQty = com.kms.katalon.core.webui.keyword.WebUiBuiltInKeywords.getAttribute(com.kms.katalon.core.testobject.ObjectRepository.findTestObject(DispensaryToStore/Page_Store/input_txttotal), "value"): Attribute 'value' of object 'Object Repository/DispensaryToStore/Page_Store/input_txttotal' is: '10'

2018-05-28 12:37:13 - [MESSAGE][PASSED] - Attribute 'value' of object 'Object Repository/DispensaryToStore/Page_Store/input_txttotal' is: '10'

2018-05-28 12:37:13 - [TEST_STEP][PASSED] - Statement - out.println("Requested QTY : " + RequestedQty): null

2018-05-28 12:37:13 - [TEST_STEP][PASSED] - Statement - BatchNumber = com.kms.katalon.core.webui.keyword.WebUiBuiltInKeywords.getNumberOfTotalOption(com.kms.katalon.core.testobject.ObjectRepository.findTestObject(DispensaryToStore/Page_Store/select_--Select--BA1170BA2376B)): 4 options of object 'Object Repository/DispensaryToStore/Page_Store/select_--Select--BA1170BA2376B' counted

2018-05-28 12:37:13 - [MESSAGE][PASSED] - 4 options of object 'Object Repository/DispensaryToStore/Page_Store/select_--Select--BA1170BA2376B' counted

2018-05-28 12:37:13 - [TEST_STEP][PASSED] - Statement - For ([g = 1, g <= BatchNumber - 1, (g++)]): null

2018-05-28 12:37:13 - [TEST_STEP][PASSED] - selectOptionByIndex: All options with index in [1] are selected on object 'Object Repository/DispensaryToStore/Page_Store/select_--Select--BA1170BA2376B'

2018-05-28 12:37:13 - [MESSAGE][PASSED] - All options with index in [1] are selected on object 'Object Repository/DispensaryToStore/Page_Store/select_--Select--BA1170BA2376B'

2018-05-28 12:37:13 - [TEST_STEP][PASSED] - Statement - Try: null

2018-05-28 12:37:13 - [TEST_STEP][PASSED] - Statement - StockQty = com.kms.katalon.core.webui.keyword.WebUiBuiltInKeywords.getAttribute(com.kms.katalon.core.testobject.ObjectRepository.findTestObject(DispensaryToStore/Page_Store/input_txtprice), "value"): Attribute 'value' of object 'Object Repository/DispensaryToStore/Page_Store/input_txtprice' is: '550'

2018-05-28 12:37:13 - [MESSAGE][PASSED] - Attribute 'value' of object 'Object Repository/DispensaryToStore/Page_Store/input_txtprice' is: '550'

2018-05-28 12:37:13 - [TEST_STEP][PASSED] - Statement - out.println("Stock QTY : " + StockQty): null

2018-05-28 12:37:13 - [TEST_STEP][PASSED] - delay: Delayed 2 second(s)

2018-05-28 12:37:15 - [MESSAGE][PASSED] - Delayed 2 second(s)

2018-05-28 12:37:15 - [TEST_STEP][PASSED] - Statement - If (java.lang.String.valueOf(StockQty) >= java.lang.String.valueOf(RequestedQty)): null

2018-05-28 12:37:15 - [TEST_STEP][PASSED] - setText: Text '10' is set on object 'Object Repository/DispensaryToStore/Page_Store/input_txtqty'

2018-05-28 12:37:15 - [MESSAGE][PASSED] - Text '10' is set on object 'Object Repository/DispensaryToStore/Page_Store/input_txtqty'

2018-05-28 12:37:15 - [TEST_STEP][PASSED] - click: Object: 'Object Repository/DispensaryToStore/Page_Store/button_Add' is clicked on

2018-05-28 12:37:15 - [MESSAGE][PASSED] - Object: 'Object Repository/DispensaryToStore/Page_Store/button_Add' is clicked on

2018-05-28 12:37:15 - [TEST_STEP][PASSED] - Statement - Break: null

2018-05-28 12:37:15 - [TEST_STEP][PASSED] - selectOptionByIndex: All options with index in [25] are selected on object 'Object Repository/DispensaryToStore/Page_Store/select_--Select--Adernaline 0.'

2018-05-28 12:37:15 - [MESSAGE][PASSED] - All options with index in [25] are selected on object 'Object Repository/DispensaryToStore/Page_Store/select_--Select--Adernaline 0.'

2018-05-28 12:37:15 - [TEST_STEP][PASSED] - delay: Delayed 2 second(s)

2018-05-28 12:37:17 - [MESSAGE][PASSED] - Delayed 2 second(s)

2018-05-28 12:37:17 - [TEST_STEP][PASSED] - Statement - RequestedQty = com.kms.katalon.core.webui.keyword.WebUiBuiltInKeywords.getAttribute(com.kms.katalon.core.testobject.ObjectRepository.findTestObject(DispensaryToStore/Page_Store/input_txttotal), "value"): Attribute 'value' of object 'Object Repository/DispensaryToStore/Page_Store/input_txttotal' is: '10'

2018-05-28 12:37:17 - [MESSAGE][PASSED] - Attribute 'value' of object 'Object Repository/DispensaryToStore/Page_Store/input_txttotal' is: '10'

2018-05-28 12:37:17 - [TEST_STEP][PASSED] - Statement - out.println("Requested QTY : " + RequestedQty): null

2018-05-28 12:37:17 - [TEST_STEP][PASSED] - Statement - BatchNumber = com.kms.katalon.core.webui.keyword.WebUiBuiltInKeywords.getNumberOfTotalOption(com.kms.katalon.core.testobject.ObjectRepository.findTestObject(DispensaryToStore/Page_Store/select_--Select--BA1170BA2376B)): 3 options of object 'Object Repository/DispensaryToStore/Page_Store/select_--Select--BA1170BA2376B' counted

2018-05-28 12:37:18 - [MESSAGE][PASSED] - 3 options of object 'Object Repository/DispensaryToStore/Page_Store/select_--Select--BA1170BA2376B' counted

2018-05-28 12:37:18 - [TEST_STEP][PASSED] - Statement - For ([g = 1, g <= BatchNumber - 1, (g++)]): null

2018-05-28 12:37:18 - [TEST_STEP][PASSED] - selectOptionByIndex: All options with index in [1] are selected on object 'Object Repository/DispensaryToStore/Page_Store/select_--Select--BA1170BA2376B'

2018-05-28 12:37:18 - [MESSAGE][PASSED] - All options with index in [1] are selected on object 'Object Repository/DispensaryToStore/Page_Store/select_--Select--BA1170BA2376B'

2018-05-28 12:37:18 - [TEST_STEP][PASSED] - Statement - Try: null

2018-05-28 12:37:18 - [TEST_STEP][PASSED] - Statement - StockQty = com.kms.katalon.core.webui.keyword.WebUiBuiltInKeywords.getAttribute(com.kms.katalon.core.testobject.ObjectRepository.findTestObject(DispensaryToStore/Page_Store/input_txtprice), "value"): Attribute 'value' of object 'Object Repository/DispensaryToStore/Page_Store/input_txtprice' is: '550'

2018-05-28 12:37:18 - [MESSAGE][PASSED] - Attribute 'value' of object 'Object Repository/DispensaryToStore/Page_Store/input_txtprice' is: '550'

2018-05-28 12:37:18 - [TEST_STEP][PASSED] - Statement - out.println("Stock QTY : " + StockQty): null

2018-05-28 12:37:18 - [TEST_STEP][PASSED] - delay: Delayed 2 second(s)

2018-05-28 12:37:20 - [MESSAGE][PASSED] - Delayed 2 second(s)

2018-05-28 12:37:20 - [TEST_STEP][PASSED] - Statement - If (java.lang.String.valueOf(StockQty) >= java.lang.String.valueOf(RequestedQty)): null

2018-05-28 12:37:20 - [TEST_STEP][PASSED] - setText: Text '10' is set on object 'Object Repository/DispensaryToStore/Page_Store/input_txtqty'

2018-05-28 12:37:20 - [MESSAGE][PASSED] - Text '10' is set on object 'Object Repository/DispensaryToStore/Page_Store/input_txtqty'

2018-05-28 12:37:20 - [TEST_STEP][PASSED] - click: Object: 'Object Repository/DispensaryToStore/Page_Store/button_Add' is clicked on

2018-05-28 12:37:20 - [MESSAGE][PASSED] - Object: 'Object Repository/DispensaryToStore/Page_Store/button_Add' is clicked on

2018-05-28 12:37:20 - [TEST_STEP][PASSED] - Statement - Break: null

2018-05-28 12:37:20 - [TEST_STEP][PASSED] - selectOptionByIndex: All options with index in [26] are selected on object 'Object Repository/DispensaryToStore/Page_Store/select_--Select--Adernaline 0.'

2018-05-28 12:37:20 - [MESSAGE][PASSED] - All options with index in [26] are selected on object 'Object Repository/DispensaryToStore/Page_Store/select_--Select--Adernaline 0.'

2018-05-28 12:37:20 - [TEST_STEP][PASSED] - delay: Delayed 2 second(s)

2018-05-28 12:37:22 - [MESSAGE][PASSED] - Delayed 2 second(s)

2018-05-28 12:37:22 - [TEST_STEP][PASSED] - Statement - RequestedQty = com.kms.katalon.core.webui.keyword.WebUiBuiltInKeywords.getAttribute(com.kms.katalon.core.testobject.ObjectRepository.findTestObject(DispensaryToStore/Page_Store/input_txttotal), "value"): Attribute 'value' of object 'Object Repository/DispensaryToStore/Page_Store/input_txttotal' is: '10'

2018-05-28 12:37:22 - [MESSAGE][PASSED] - Attribute 'value' of object 'Object Repository/DispensaryToStore/Page_Store/input_txttotal' is: '10'

2018-05-28 12:37:22 - [TEST_STEP][PASSED] - Statement - out.println("Requested QTY : " + RequestedQty): null

2018-05-28 12:37:22 - [TEST_STEP][PASSED] - Statement - BatchNumber = com.kms.katalon.core.webui.keyword.WebUiBuiltInKeywords.getNumberOfTotalOption(com.kms.katalon.core.testobject.ObjectRepository.findTestObject(DispensaryToStore/Page_Store/select_--Select--BA1170BA2376B)): 3 options of object 'Object Repository/DispensaryToStore/Page_Store/select_--Select--BA1170BA2376B' counted

2018-05-28 12:37:22 - [MESSAGE][PASSED] - 3 options of object 'Object Repository/DispensaryToStore/Page_Store/select_--Select--BA1170BA2376B' counted

2018-05-28 12:37:22 - [TEST_STEP][PASSED] - Statement - For ([g = 1, g <= BatchNumber - 1, (g++)]): null

2018-05-28 12:37:22 - [TEST_STEP][PASSED] - selectOptionByIndex: All options with index in [1] are selected on object 'Object Repository/DispensaryToStore/Page_Store/select_--Select--BA1170BA2376B'

2018-05-28 12:37:22 - [MESSAGE][PASSED] - All options with index in [1] are selected on object 'Object Repository/DispensaryToStore/Page_Store/select_--Select--BA1170BA2376B'

2018-05-28 12:37:22 - [TEST_STEP][PASSED] - Statement - Try: null

2018-05-28 12:37:22 - [TEST_STEP][PASSED] - Statement - StockQty = com.kms.katalon.core.webui.keyword.WebUiBuiltInKeywords.getAttribute(com.kms.katalon.core.testobject.ObjectRepository.findTestObject(DispensaryToStore/Page_Store/input_txtprice), "value"): Attribute 'value' of object 'Object Repository/DispensaryToStore/Page_Store/input_txtprice' is: '1470'

2018-05-28 12:37:22 - [MESSAGE][PASSED] - Attribute 'value' of object 'Object Repository/DispensaryToStore/Page_Store/input_txtprice' is: '1470'

2018-05-28 12:37:22 - [TEST_STEP][PASSED] - Statement - out.println("Stock QTY : " + StockQty): null

2018-05-28 12:37:22 - [TEST_STEP][PASSED] - delay: Delayed 2 second(s)

2018-05-28 12:37:24 - [MESSAGE][PASSED] - Delayed 2 second(s)

2018-05-28 12:37:24 - [TEST_STEP][PASSED] - Statement - If (java.lang.String.valueOf(StockQty) >= java.lang.String.valueOf(RequestedQty)): null

2018-05-28 12:37:24 - [TEST_STEP][PASSED] - setText: Text '10' is set on object 'Object Repository/DispensaryToStore/Page_Store/input_txtqty'

2018-05-28 12:37:25 - [MESSAGE][PASSED] - Text '10' is set on object 'Object Repository/DispensaryToStore/Page_Store/input_txtqty'

2018-05-28 12:37:25 - [TEST_STEP][PASSED] - click: Object: 'Object Repository/DispensaryToStore/Page_Store/button_Add' is clicked on

2018-05-28 12:37:25 - [MESSAGE][PASSED] - Object: 'Object Repository/DispensaryToStore/Page_Store/button_Add' is clicked on

2018-05-28 12:37:25 - [TEST_STEP][PASSED] - Statement - Break: null

2018-05-28 12:37:25 - [TEST_STEP][PASSED] - selectOptionByIndex: All options with index in [27] are selected on object 'Object Repository/DispensaryToStore/Page_Store/select_--Select--Adernaline 0.'

2018-05-28 12:37:25 - [MESSAGE][PASSED] - All options with index in [27] are selected on object 'Object Repository/DispensaryToStore/Page_Store/select_--Select--Adernaline 0.'

2018-05-28 12:37:25 - [TEST_STEP][PASSED] - delay: Delayed 2 second(s)

2018-05-28 12:37:27 - [MESSAGE][PASSED] - Delayed 2 second(s)

2018-05-28 12:37:27 - [TEST_STEP][PASSED] - Statement - RequestedQty = com.kms.katalon.core.webui.keyword.WebUiBuiltInKeywords.getAttribute(com.kms.katalon.core.testobject.ObjectRepository.findTestObject(DispensaryToStore/Page_Store/input_txttotal), "value"): Attribute 'value' of object 'Object Repository/DispensaryToStore/Page_Store/input_txttotal' is: '10'

2018-05-28 12:37:27 - [MESSAGE][PASSED] - Attribute 'value' of object 'Object Repository/DispensaryToStore/Page_Store/input_txttotal' is: '10'

2018-05-28 12:37:27 - [TEST_STEP][PASSED] - Statement - out.println("Requested QTY : " + RequestedQty): null

2018-05-28 12:37:27 - [TEST_STEP][PASSED] - Statement - BatchNumber = com.kms.katalon.core.webui.keyword.WebUiBuiltInKeywords.getNumberOfTotalOption(com.kms.katalon.core.testobject.ObjectRepository.findTestObject(DispensaryToStore/Page_Store/select_--Select--BA1170BA2376B)): 4 options of object 'Object Repository/DispensaryToStore/Page_Store/select_--Select--BA1170BA2376B' counted

2018-05-28 12:37:27 - [MESSAGE][PASSED] - 4 options of object 'Object Repository/DispensaryToStore/Page_Store/select_--Select--BA1170BA2376B' counted

2018-05-28 12:37:27 - [TEST_STEP][PASSED] - Statement - For ([g = 1, g <= BatchNumber - 1, (g++)]): null

2018-05-28 12:37:27 - [TEST_STEP][PASSED] - selectOptionByIndex: All options with index in [1] are selected on object 'Object Repository/DispensaryToStore/Page_Store/select_--Select--BA1170BA2376B'

2018-05-28 12:37:27 - [MESSAGE][PASSED] - All options with index in [1] are selected on object 'Object Repository/DispensaryToStore/Page_Store/select_--Select--BA1170BA2376B'

2018-05-28 12:37:27 - [TEST_STEP][PASSED] - Statement - Try: null

2018-05-28 12:37:27 - [TEST_STEP][PASSED] - Statement - StockQty = com.kms.katalon.core.webui.keyword.WebUiBuiltInKeywords.getAttribute(com.kms.katalon.core.testobject.ObjectRepository.findTestObject(DispensaryToStore/Page_Store/input_txtprice), "value"): Attribute 'value' of object 'Object Repository/DispensaryToStore/Page_Store/input_txtprice' is: '550'

2018-05-28 12:37:27 - [MESSAGE][PASSED] - Attribute 'value' of object 'Object Repository/DispensaryToStore/Page_Store/input_txtprice' is: '550'

2018-05-28 12:37:27 - [TEST_STEP][PASSED] - Statement - out.println("Stock QTY : " + StockQty): null

2018-05-28 12:37:27 - [TEST_STEP][PASSED] - delay: Delayed 2 second(s)

2018-05-28 12:37:29 - [MESSAGE][PASSED] - Delayed 2 second(s)

2018-05-28 12:37:29 - [TEST_STEP][PASSED] - Statement - If (java.lang.String.valueOf(StockQty) >= java.lang.String.valueOf(RequestedQty)): null

2018-05-28 12:37:29 - [TEST_STEP][PASSED] - setText: Text '10' is set on object 'Object Repository/DispensaryToStore/Page_Store/input_txtqty'

2018-05-28 12:37:29 - [MESSAGE][PASSED] - Text '10' is set on object 'Object Repository/DispensaryToStore/Page_Store/input_txtqty'

2018-05-28 12:37:29 - [TEST_STEP][PASSED] - click: Object: 'Object Repository/DispensaryToStore/Page_Store/button_Add' is clicked on

2018-05-28 12:37:29 - [MESSAGE][PASSED] - Object: 'Object Repository/DispensaryToStore/Page_Store/button_Add' is clicked on

2018-05-28 12:37:29 - [TEST_STEP][PASSED] - Statement - Break: null

2018-05-28 12:37:29 - [TEST_STEP][PASSED] - selectOptionByIndex: All options with index in [28] are selected on object 'Object Repository/DispensaryToStore/Page_Store/select_--Select--Adernaline 0.'

2018-05-28 12:37:30 - [MESSAGE][PASSED] - All options with index in [28] are selected on object 'Object Repository/DispensaryToStore/Page_Store/select_--Select--Adernaline 0.'

2018-05-28 12:37:30 - [TEST_STEP][PASSED] - delay: Delayed 2 second(s)

2018-05-28 12:37:32 - [MESSAGE][PASSED] - Delayed 2 second(s)

2018-05-28 12:37:32 - [TEST_STEP][PASSED] - Statement - RequestedQty = com.kms.katalon.core.webui.keyword.WebUiBuiltInKeywords.getAttribute(com.kms.katalon.core.testobject.ObjectRepository.findTestObject(DispensaryToStore/Page_Store/input_txttotal), "value"): Attribute 'value' of object 'Object Repository/DispensaryToStore/Page_Store/input_txttotal' is: '10'

2018-05-28 12:37:32 - [MESSAGE][PASSED] - Attribute 'value' of object 'Object Repository/DispensaryToStore/Page_Store/input_txttotal' is: '10'

2018-05-28 12:37:32 - [TEST_STEP][PASSED] - Statement - out.println("Requested QTY : " + RequestedQty): null

2018-05-28 12:37:32 - [TEST_STEP][PASSED] - Statement - BatchNumber = com.kms.katalon.core.webui.keyword.WebUiBuiltInKeywords.getNumberOfTotalOption(com.kms.katalon.core.testobject.ObjectRepository.findTestObject(DispensaryToStore/Page_Store/select_--Select--BA1170BA2376B)): 5 options of object 'Object Repository/DispensaryToStore/Page_Store/select_--Select--BA1170BA2376B' counted

2018-05-28 12:37:32 - [MESSAGE][PASSED] - 5 options of object 'Object Repository/DispensaryToStore/Page_Store/select_--Select--BA1170BA2376B' counted

2018-05-28 12:37:32 - [TEST_STEP][PASSED] - Statement - For ([g = 1, g <= BatchNumber - 1, (g++)]): null

2018-05-28 12:37:32 - [TEST_STEP][PASSED] - selectOptionByIndex: All options with index in [1] are selected on object 'Object Repository/DispensaryToStore/Page_Store/select_--Select--BA1170BA2376B'

2018-05-28 12:37:32 - [MESSAGE][PASSED] - All options with index in [1] are selected on object 'Object Repository/DispensaryToStore/Page_Store/select_--Select--BA1170BA2376B'

2018-05-28 12:37:32 - [TEST_STEP][PASSED] - Statement - Try: null

2018-05-28 12:37:32 - [TEST_STEP][PASSED] - Statement - StockQty = com.kms.katalon.core.webui.keyword.WebUiBuiltInKeywords.getAttribute(com.kms.katalon.core.testobject.ObjectRepository.findTestObject(DispensaryToStore/Page_Store/input_txtprice), "value"): Attribute 'value' of object 'Object Repository/DispensaryToStore/Page_Store/input_txtprice' is: '90'

2018-05-28 12:37:32 - [MESSAGE][PASSED] - Attribute 'value' of object 'Object Repository/DispensaryToStore/Page_Store/input_txtprice' is: '90'

2018-05-28 12:37:32 - [TEST_STEP][PASSED] - Statement - out.println("Stock QTY : " + StockQty): null

2018-05-28 12:37:32 - [TEST_STEP][PASSED] - delay: Delayed 2 second(s)

2018-05-28 12:37:34 - [MESSAGE][PASSED] - Delayed 2 second(s)

2018-05-28 12:37:34 - [TEST_STEP][PASSED] - Statement - If (java.lang.String.valueOf(StockQty) >= java.lang.String.valueOf(RequestedQty)): null

2018-05-28 12:37:34 - [TEST_STEP][PASSED] - setText: Text '10' is set on object 'Object Repository/DispensaryToStore/Page_Store/input_txtqty'

2018-05-28 12:37:34 - [MESSAGE][PASSED] - Text '10' is set on object 'Object Repository/DispensaryToStore/Page_Store/input_txtqty'

2018-05-28 12:37:34 - [TEST_STEP][PASSED] - click: Object: 'Object Repository/DispensaryToStore/Page_Store/button_Add' is clicked on

2018-05-28 12:37:34 - [MESSAGE][PASSED] - Object: 'Object Repository/DispensaryToStore/Page_Store/button_Add' is clicked on

2018-05-28 12:37:34 - [TEST_STEP][PASSED] - Statement - Break: null

2018-05-28 12:37:34 - [TEST_STEP][PASSED] - selectOptionByIndex: All options with index in [29] are selected on object 'Object Repository/DispensaryToStore/Page_Store/select_--Select--Adernaline 0.'

2018-05-28 12:37:34 - [MESSAGE][PASSED] - All options with index in [29] are selected on object 'Object Repository/DispensaryToStore/Page_Store/select_--Select--Adernaline 0.'

2018-05-28 12:37:34 - [TEST_STEP][PASSED] - delay: Delayed 2 second(s)

2018-05-28 12:37:36 - [MESSAGE][PASSED] - Delayed 2 second(s)

2018-05-28 12:37:36 - [TEST_STEP][PASSED] - Statement - RequestedQty = com.kms.katalon.core.webui.keyword.WebUiBuiltInKeywords.getAttribute(com.kms.katalon.core.testobject.ObjectRepository.findTestObject(DispensaryToStore/Page_Store/input_txttotal), "value"): Attribute 'value' of object 'Object Repository/DispensaryToStore/Page_Store/input_txttotal' is: '10'

2018-05-28 12:37:36 - [MESSAGE][PASSED] - Attribute 'value' of object 'Object Repository/DispensaryToStore/Page_Store/input_txttotal' is: '10'

2018-05-28 12:37:36 - [TEST_STEP][PASSED] - Statement - out.println("Requested QTY : " + RequestedQty): null

2018-05-28 12:37:36 - [TEST_STEP][PASSED] - Statement - BatchNumber = com.kms.katalon.core.webui.keyword.WebUiBuiltInKeywords.getNumberOfTotalOption(com.kms.katalon.core.testobject.ObjectRepository.findTestObject(DispensaryToStore/Page_Store/select_--Select--BA1170BA2376B)): 2 options of object 'Object Repository/DispensaryToStore/Page_Store/select_--Select--BA1170BA2376B' counted

2018-05-28 12:37:36 - [MESSAGE][PASSED] - 2 options of object 'Object Repository/DispensaryToStore/Page_Store/select_--Select--BA1170BA2376B' counted

2018-05-28 12:37:36 - [TEST_STEP][PASSED] - Statement - For ([g = 1, g <= BatchNumber - 1, (g++)]): null

2018-05-28 12:37:37 - [TEST_STEP][PASSED] - selectOptionByIndex: All options with index in [1] are selected on object 'Object Repository/DispensaryToStore/Page_Store/select_--Select--BA1170BA2376B'

2018-05-28 12:37:37 - [MESSAGE][PASSED] - All options with index in [1] are selected on object 'Object Repository/DispensaryToStore/Page_Store/select_--Select--BA1170BA2376B'

2018-05-28 12:37:37 - [TEST_STEP][PASSED] - Statement - Try: null

2018-05-28 12:37:37 - [TEST_STEP][PASSED] - Statement - StockQty = com.kms.katalon.core.webui.keyword.WebUiBuiltInKeywords.getAttribute(com.kms.katalon.core.testobject.ObjectRepository.findTestObject(DispensaryToStore/Page_Store/input_txtprice), "value"): Attribute 'value' of object 'Object Repository/DispensaryToStore/Page_Store/input_txtprice' is: '1570'

2018-05-28 12:37:37 - [MESSAGE][PASSED] - Attribute 'value' of object 'Object Repository/DispensaryToStore/Page_Store/input_txtprice' is: '1570'

2018-05-28 12:37:37 - [TEST_STEP][PASSED] - Statement - out.println("Stock QTY : " + StockQty): null

2018-05-28 12:37:37 - [TEST_STEP][PASSED] - delay: Delayed 2 second(s)

2018-05-28 12:37:39 - [MESSAGE][PASSED] - Delayed 2 second(s)

2018-05-28 12:37:39 - [TEST_STEP][PASSED] - Statement - If (java.lang.String.valueOf(StockQty) >= java.lang.String.valueOf(RequestedQty)): null

2018-05-28 12:37:39 - [TEST_STEP][PASSED] - setText: Text '10' is set on object 'Object Repository/DispensaryToStore/Page_Store/input_txtqty'

2018-05-28 12:37:39 - [MESSAGE][PASSED] - Text '10' is set on object 'Object Repository/DispensaryToStore/Page_Store/input_txtqty'

2018-05-28 12:37:39 - [TEST_STEP][PASSED] - click: Object: 'Object Repository/DispensaryToStore/Page_Store/button_Add' is clicked on

2018-05-28 12:37:39 - [MESSAGE][PASSED] - Object: 'Object Repository/DispensaryToStore/Page_Store/button_Add' is clicked on

2018-05-28 12:37:39 - [TEST_STEP][PASSED] - Statement - Break: null

2018-05-28 12:37:39 - [TEST_STEP][PASSED] - selectOptionByIndex: All options with index in [30] are selected on object 'Object Repository/DispensaryToStore/Page_Store/select_--Select--Adernaline 0.'

2018-05-28 12:37:39 - [MESSAGE][PASSED] - All options with index in [30] are selected on object 'Object Repository/DispensaryToStore/Page_Store/select_--Select--Adernaline 0.'

2018-05-28 12:37:39 - [TEST_STEP][PASSED] - delay: Delayed 2 second(s)

2018-05-28 12:37:41 - [MESSAGE][PASSED] - Delayed 2 second(s)

2018-05-28 12:37:41 - [TEST_STEP][PASSED] - Statement - RequestedQty = com.kms.katalon.core.webui.keyword.WebUiBuiltInKeywords.getAttribute(com.kms.katalon.core.testobject.ObjectRepository.findTestObject(DispensaryToStore/Page_Store/input_txttotal), "value"): Attribute 'value' of object 'Object Repository/DispensaryToStore/Page_Store/input_txttotal' is: '10'

2018-05-28 12:37:41 - [MESSAGE][PASSED] - Attribute 'value' of object 'Object Repository/DispensaryToStore/Page_Store/input_txttotal' is: '10'

2018-05-28 12:37:41 - [TEST_STEP][PASSED] - Statement - out.println("Requested QTY : " + RequestedQty): null

2018-05-28 12:37:41 - [TEST_STEP][PASSED] - Statement - BatchNumber = com.kms.katalon.core.webui.keyword.WebUiBuiltInKeywords.getNumberOfTotalOption(com.kms.katalon.core.testobject.ObjectRepository.findTestObject(DispensaryToStore/Page_Store/select_--Select--BA1170BA2376B)): 4 options of object 'Object Repository/DispensaryToStore/Page_Store/select_--Select--BA1170BA2376B' counted

2018-05-28 12:37:41 - [MESSAGE][PASSED] - 4 options of object 'Object Repository/DispensaryToStore/Page_Store/select_--Select--BA1170BA2376B' counted

2018-05-28 12:37:41 - [TEST_STEP][PASSED] - Statement - For ([g = 1, g <= BatchNumber - 1, (g++)]): null

2018-05-28 12:37:41 - [TEST_STEP][PASSED] - selectOptionByIndex: All options with index in [1] are selected on object 'Object Repository/DispensaryToStore/Page_Store/select_--Select--BA1170BA2376B'

2018-05-28 12:37:41 - [MESSAGE][PASSED] - All options with index in [1] are selected on object 'Object Repository/DispensaryToStore/Page_Store/select_--Select--BA1170BA2376B'

2018-05-28 12:37:41 - [TEST_STEP][PASSED] - Statement - Try: null

2018-05-28 12:37:41 - [TEST_STEP][PASSED] - Statement - StockQty = com.kms.katalon.core.webui.keyword.WebUiBuiltInKeywords.getAttribute(com.kms.katalon.core.testobject.ObjectRepository.findTestObject(DispensaryToStore/Page_Store/input_txtprice), "value"): Attribute 'value' of object 'Object Repository/DispensaryToStore/Page_Store/input_txtprice' is: '550'

2018-05-28 12:37:41 - [MESSAGE][PASSED] - Attribute 'value' of object 'Object Repository/DispensaryToStore/Page_Store/input_txtprice' is: '550'

2018-05-28 12:37:41 - [TEST_STEP][PASSED] - Statement - out.println("Stock QTY : " + StockQty): null

2018-05-28 12:37:41 - [TEST_STEP][PASSED] - delay: Delayed 2 second(s)

2018-05-28 12:37:43 - [MESSAGE][PASSED] - Delayed 2 second(s)

2018-05-28 12:37:43 - [TEST_STEP][PASSED] - Statement - If (java.lang.String.valueOf(StockQty) >= java.lang.String.valueOf(RequestedQty)): null

2018-05-28 12:37:43 - [TEST_STEP][PASSED] - setText: Text '10' is set on object 'Object Repository/DispensaryToStore/Page_Store/input_txtqty'

2018-05-28 12:37:44 - [MESSAGE][PASSED] - Text '10' is set on object 'Object Repository/DispensaryToStore/Page_Store/input_txtqty'

2018-05-28 12:37:44 - [TEST_STEP][PASSED] - click: Object: 'Object Repository/DispensaryToStore/Page_Store/button_Add' is clicked on

2018-05-28 12:37:44 - [MESSAGE][PASSED] - Object: 'Object Repository/DispensaryToStore/Page_Store/button_Add' is clicked on

2018-05-28 12:37:44 - [TEST_STEP][PASSED] - Statement - Break: null

2018-05-28 12:37:44 - [TEST_STEP][PASSED] - selectOptionByIndex: All options with index in [31] are selected on object 'Object Repository/DispensaryToStore/Page_Store/select_--Select--Adernaline 0.'

2018-05-28 12:37:44 - [MESSAGE][PASSED] - All options with index in [31] are selected on object 'Object Repository/DispensaryToStore/Page_Store/select_--Select--Adernaline 0.'

2018-05-28 12:37:44 - [TEST_STEP][PASSED] - delay: Delayed 2 second(s)

2018-05-28 12:37:46 - [MESSAGE][PASSED] - Delayed 2 second(s)

2018-05-28 12:37:46 - [TEST_STEP][PASSED] - Statement - RequestedQty = com.kms.katalon.core.webui.keyword.WebUiBuiltInKeywords.getAttribute(com.kms.katalon.core.testobject.ObjectRepository.findTestObject(DispensaryToStore/Page_Store/input_txttotal), "value"): Attribute 'value' of object 'Object Repository/DispensaryToStore/Page_Store/input_txttotal' is: '10'

2018-05-28 12:37:46 - [MESSAGE][PASSED] - Attribute 'value' of object 'Object Repository/DispensaryToStore/Page_Store/input_txttotal' is: '10'

2018-05-28 12:37:46 - [TEST_STEP][PASSED] - Statement - out.println("Requested QTY : " + RequestedQty): null

2018-05-28 12:37:46 - [TEST_STEP][PASSED] - Statement - BatchNumber = com.kms.katalon.core.webui.keyword.WebUiBuiltInKeywords.getNumberOfTotalOption(com.kms.katalon.core.testobject.ObjectRepository.findTestObject(DispensaryToStore/Page_Store/select_--Select--BA1170BA2376B)): 4 options of object 'Object Repository/DispensaryToStore/Page_Store/select_--Select--BA1170BA2376B' counted

2018-05-28 12:37:46 - [MESSAGE][PASSED] - 4 options of object 'Object Repository/DispensaryToStore/Page_Store/select_--Select--BA1170BA2376B' counted

2018-05-28 12:37:46 - [TEST_STEP][PASSED] - Statement - For ([g = 1, g <= BatchNumber - 1, (g++)]): null

2018-05-28 12:37:46 - [TEST_STEP][PASSED] - selectOptionByIndex: All options with index in [1] are selected on object 'Object Repository/DispensaryToStore/Page_Store/select_--Select--BA1170BA2376B'

2018-05-28 12:37:46 - [MESSAGE][PASSED] - All options with index in [1] are selected on object 'Object Repository/DispensaryToStore/Page_Store/select_--Select--BA1170BA2376B'

2018-05-28 12:37:46 - [TEST_STEP][PASSED] - Statement - Try: null

2018-05-28 12:37:46 - [TEST_STEP][PASSED] - Statement - StockQty = com.kms.katalon.core.webui.keyword.WebUiBuiltInKeywords.getAttribute(com.kms.katalon.core.testobject.ObjectRepository.findTestObject(DispensaryToStore/Page_Store/input_txtprice), "value"): Attribute 'value' of object 'Object Repository/DispensaryToStore/Page_Store/input_txtprice' is: '550'

2018-05-28 12:37:46 - [MESSAGE][PASSED] - Attribute 'value' of object 'Object Repository/DispensaryToStore/Page_Store/input_txtprice' is: '550'

2018-05-28 12:37:46 - [TEST_STEP][PASSED] - Statement - out.println("Stock QTY : " + StockQty): null

2018-05-28 12:37:46 - [TEST_STEP][PASSED] - delay: Delayed 2 second(s)

2018-05-28 12:37:48 - [MESSAGE][PASSED] - Delayed 2 second(s)

2018-05-28 12:37:48 - [TEST_STEP][PASSED] - Statement - If (java.lang.String.valueOf(StockQty) >= java.lang.String.valueOf(RequestedQty)): null

2018-05-28 12:37:48 - [TEST_STEP][PASSED] - setText: Text '10' is set on object 'Object Repository/DispensaryToStore/Page_Store/input_txtqty'

2018-05-28 12:37:48 - [MESSAGE][PASSED] - Text '10' is set on object 'Object Repository/DispensaryToStore/Page_Store/input_txtqty'

2018-05-28 12:37:48 - [TEST_STEP][PASSED] - click: Object: 'Object Repository/DispensaryToStore/Page_Store/button_Add' is clicked on

2018-05-28 12:37:48 - [MESSAGE][PASSED] - Object: 'Object Repository/DispensaryToStore/Page_Store/button_Add' is clicked on

2018-05-28 12:37:48 - [TEST_STEP][PASSED] - Statement - Break: null

2018-05-28 12:37:48 - [TEST_STEP][PASSED] - selectOptionByIndex: All options with index in [32] are selected on object 'Object Repository/DispensaryToStore/Page_Store/select_--Select--Adernaline 0.'

2018-05-28 12:37:49 - [MESSAGE][PASSED] - All options with index in [32] are selected on object 'Object Repository/DispensaryToStore/Page_Store/select_--Select--Adernaline 0.'

2018-05-28 12:37:49 - [TEST_STEP][PASSED] - delay: Delayed 2 second(s)

2018-05-28 12:37:51 - [MESSAGE][PASSED] - Delayed 2 second(s)

2018-05-28 12:37:51 - [TEST_STEP][PASSED] - Statement - RequestedQty = com.kms.katalon.core.webui.keyword.WebUiBuiltInKeywords.getAttribute(com.kms.katalon.core.testobject.ObjectRepository.findTestObject(DispensaryToStore/Page_Store/input_txttotal), "value"): Attribute 'value' of object 'Object Repository/DispensaryToStore/Page_Store/input_txttotal' is: '10'

2018-05-28 12:37:51 - [MESSAGE][PASSED] - Attribute 'value' of object 'Object Repository/DispensaryToStore/Page_Store/input_txttotal' is: '10'

2018-05-28 12:37:51 - [TEST_STEP][PASSED] - Statement - out.println("Requested QTY : " + RequestedQty): null

2018-05-28 12:37:51 - [TEST_STEP][PASSED] - Statement - BatchNumber = com.kms.katalon.core.webui.keyword.WebUiBuiltInKeywords.getNumberOfTotalOption(com.kms.katalon.core.testobject.ObjectRepository.findTestObject(DispensaryToStore/Page_Store/select_--Select--BA1170BA2376B)): 2 options of object 'Object Repository/DispensaryToStore/Page_Store/select_--Select--BA1170BA2376B' counted

2018-05-28 12:37:51 - [MESSAGE][PASSED] - 2 options of object 'Object Repository/DispensaryToStore/Page_Store/select_--Select--BA1170BA2376B' counted

2018-05-28 12:37:51 - [TEST_STEP][PASSED] - Statement - For ([g = 1, g <= BatchNumber - 1, (g++)]): null

2018-05-28 12:37:51 - [TEST_STEP][PASSED] - selectOptionByIndex: All options with index in [1] are selected on object 'Object Repository/DispensaryToStore/Page_Store/select_--Select--BA1170BA2376B'

2018-05-28 12:37:51 - [MESSAGE][PASSED] - All options with index in [1] are selected on object 'Object Repository/DispensaryToStore/Page_Store/select_--Select--BA1170BA2376B'

2018-05-28 12:37:51 - [TEST_STEP][PASSED] - Statement - Try: null

2018-05-28 12:37:51 - [TEST_STEP][PASSED] - Statement - StockQty = com.kms.katalon.core.webui.keyword.WebUiBuiltInKeywords.getAttribute(com.kms.katalon.core.testobject.ObjectRepository.findTestObject(DispensaryToStore/Page_Store/input_txtprice), "value"): Attribute 'value' of object 'Object Repository/DispensaryToStore/Page_Store/input_txtprice' is: '1570'

2018-05-28 12:37:51 - [MESSAGE][PASSED] - Attribute 'value' of object 'Object Repository/DispensaryToStore/Page_Store/input_txtprice' is: '1570'

2018-05-28 12:37:51 - [TEST_STEP][PASSED] - Statement - out.println("Stock QTY : " + StockQty): null

2018-05-28 12:37:51 - [TEST_STEP][PASSED] - delay: Delayed 2 second(s)

2018-05-28 12:37:53 - [MESSAGE][PASSED] - Delayed 2 second(s)

2018-05-28 12:37:53 - [TEST_STEP][PASSED] - Statement - If (java.lang.String.valueOf(StockQty) >= java.lang.String.valueOf(RequestedQty)): null

2018-05-28 12:37:53 - [TEST_STEP][PASSED] - setText: Text '10' is set on object 'Object Repository/DispensaryToStore/Page_Store/input_txtqty'

2018-05-28 12:37:53 - [MESSAGE][PASSED] - Text '10' is set on object 'Object Repository/DispensaryToStore/Page_Store/input_txtqty'

2018-05-28 12:37:53 - [TEST_STEP][PASSED] - click: Object: 'Object Repository/DispensaryToStore/Page_Store/button_Add' is clicked on

2018-05-28 12:37:53 - [MESSAGE][PASSED] - Object: 'Object Repository/DispensaryToStore/Page_Store/button_Add' is clicked on

2018-05-28 12:37:53 - [TEST_STEP][PASSED] - Statement - Break: null

2018-05-28 12:37:53 - [TEST_STEP][PASSED] - selectOptionByIndex: All options with index in [33] are selected on object 'Object Repository/DispensaryToStore/Page_Store/select_--Select--Adernaline 0.'

2018-05-28 12:37:54 - [MESSAGE][PASSED] - All options with index in [33] are selected on object 'Object Repository/DispensaryToStore/Page_Store/select_--Select--Adernaline 0.'

2018-05-28 12:37:54 - [TEST_STEP][PASSED] - delay: Delayed 2 second(s)

2018-05-28 12:37:56 - [MESSAGE][PASSED] - Delayed 2 second(s)

2018-05-28 12:37:56 - [TEST_STEP][PASSED] - Statement - RequestedQty = com.kms.katalon.core.webui.keyword.WebUiBuiltInKeywords.getAttribute(com.kms.katalon.core.testobject.ObjectRepository.findTestObject(DispensaryToStore/Page_Store/input_txttotal), "value"): Attribute 'value' of object 'Object Repository/DispensaryToStore/Page_Store/input_txttotal' is: '10'

2018-05-28 12:37:56 - [MESSAGE][PASSED] - Attribute 'value' of object 'Object Repository/DispensaryToStore/Page_Store/input_txttotal' is: '10'

2018-05-28 12:37:56 - [TEST_STEP][PASSED] - Statement - out.println("Requested QTY : " + RequestedQty): null

2018-05-28 12:37:56 - [TEST_STEP][PASSED] - Statement - BatchNumber = com.kms.katalon.core.webui.keyword.WebUiBuiltInKeywords.getNumberOfTotalOption(com.kms.katalon.core.testobject.ObjectRepository.findTestObject(DispensaryToStore/Page_Store/select_--Select--BA1170BA2376B)): 3 options of object 'Object Repository/DispensaryToStore/Page_Store/select_--Select--BA1170BA2376B' counted

2018-05-28 12:37:56 - [MESSAGE][PASSED] - 3 options of object 'Object Repository/DispensaryToStore/Page_Store/select_--Select--BA1170BA2376B' counted

2018-05-28 12:37:56 - [TEST_STEP][PASSED] - Statement - For ([g = 1, g <= BatchNumber - 1, (g++)]): null

2018-05-28 12:37:56 - [TEST_STEP][PASSED] - selectOptionByIndex: All options with index in [1] are selected on object 'Object Repository/DispensaryToStore/Page_Store/select_--Select--BA1170BA2376B'

2018-05-28 12:37:56 - [MESSAGE][PASSED] - All options with index in [1] are selected on object 'Object Repository/DispensaryToStore/Page_Store/select_--Select--BA1170BA2376B'

2018-05-28 12:37:56 - [TEST_STEP][PASSED] - Statement - Try: null

2018-05-28 12:37:56 - [TEST_STEP][PASSED] - Statement - StockQty = com.kms.katalon.core.webui.keyword.WebUiBuiltInKeywords.getAttribute(com.kms.katalon.core.testobject.ObjectRepository.findTestObject(DispensaryToStore/Page_Store/input_txtprice), "value"): Attribute 'value' of object 'Object Repository/DispensaryToStore/Page_Store/input_txtprice' is: '1470'

2018-05-28 12:37:56 - [MESSAGE][PASSED] - Attribute 'value' of object 'Object Repository/DispensaryToStore/Page_Store/input_txtprice' is: '1470'

2018-05-28 12:37:56 - [TEST_STEP][PASSED] - Statement - out.println("Stock QTY : " + StockQty): null

2018-05-28 12:37:56 - [TEST_STEP][PASSED] - delay: Delayed 2 second(s)

2018-05-28 12:37:58 - [MESSAGE][PASSED] - Delayed 2 second(s)

2018-05-28 12:37:58 - [TEST_STEP][PASSED] - Statement - If (java.lang.String.valueOf(StockQty) >= java.lang.String.valueOf(RequestedQty)): null

2018-05-28 12:37:58 - [TEST_STEP][PASSED] - setText: Text '10' is set on object 'Object Repository/DispensaryToStore/Page_Store/input_txtqty'

2018-05-28 12:37:58 - [MESSAGE][PASSED] - Text '10' is set on object 'Object Repository/DispensaryToStore/Page_Store/input_txtqty'

2018-05-28 12:37:58 - [TEST_STEP][PASSED] - click: Object: 'Object Repository/DispensaryToStore/Page_Store/button_Add' is clicked on

2018-05-28 12:37:58 - [MESSAGE][PASSED] - Object: 'Object Repository/DispensaryToStore/Page_Store/button_Add' is clicked on

2018-05-28 12:37:58 - [TEST_STEP][PASSED] - Statement - Break: null

2018-05-28 12:37:58 - [TEST_STEP][PASSED] - selectOptionByIndex: All options with index in [34] are selected on object 'Object Repository/DispensaryToStore/Page_Store/select_--Select--Adernaline 0.'

2018-05-28 12:37:58 - [MESSAGE][PASSED] - All options with index in [34] are selected on object 'Object Repository/DispensaryToStore/Page_Store/select_--Select--Adernaline 0.'

2018-05-28 12:37:58 - [TEST_STEP][PASSED] - delay: Delayed 2 second(s)

2018-05-28 12:38:00 - [MESSAGE][PASSED] - Delayed 2 second(s)

2018-05-28 12:38:00 - [TEST_STEP][PASSED] - Statement - RequestedQty = com.kms.katalon.core.webui.keyword.WebUiBuiltInKeywords.getAttribute(com.kms.katalon.core.testobject.ObjectRepository.findTestObject(DispensaryToStore/Page_Store/input_txttotal), "value"): Attribute 'value' of object 'Object Repository/DispensaryToStore/Page_Store/input_txttotal' is: '10'

2018-05-28 12:38:01 - [MESSAGE][PASSED] - Attribute 'value' of object 'Object Repository/DispensaryToStore/Page_Store/input_txttotal' is: '10'

2018-05-28 12:38:01 - [TEST_STEP][PASSED] - Statement - out.println("Requested QTY : " + RequestedQty): null

2018-05-28 12:38:01 - [TEST_STEP][PASSED] - Statement - BatchNumber = com.kms.katalon.core.webui.keyword.WebUiBuiltInKeywords.getNumberOfTotalOption(com.kms.katalon.core.testobject.ObjectRepository.findTestObject(DispensaryToStore/Page_Store/select_--Select--BA1170BA2376B)): 3 options of object 'Object Repository/DispensaryToStore/Page_Store/select_--Select--BA1170BA2376B' counted

2018-05-28 12:38:01 - [MESSAGE][PASSED] - 3 options of object 'Object Repository/DispensaryToStore/Page_Store/select_--Select--BA1170BA2376B' counted

2018-05-28 12:38:01 - [TEST_STEP][PASSED] - Statement - For ([g = 1, g <= BatchNumber - 1, (g++)]): null

2018-05-28 12:38:01 - [TEST_STEP][PASSED] - selectOptionByIndex: All options with index in [1] are selected on object 'Object Repository/DispensaryToStore/Page_Store/select_--Select--BA1170BA2376B'

2018-05-28 12:38:01 - [MESSAGE][PASSED] - All options with index in [1] are selected on object 'Object Repository/DispensaryToStore/Page_Store/select_--Select--BA1170BA2376B'

2018-05-28 12:38:01 - [TEST_STEP][PASSED] - Statement - Try: null

2018-05-28 12:38:01 - [TEST_STEP][PASSED] - Statement - StockQty = com.kms.katalon.core.webui.keyword.WebUiBuiltInKeywords.getAttribute(com.kms.katalon.core.testobject.ObjectRepository.findTestObject(DispensaryToStore/Page_Store/input_txtprice), "value"): Attribute 'value' of object 'Object Repository/DispensaryToStore/Page_Store/input_txtprice' is: '550'

2018-05-28 12:38:01 - [MESSAGE][PASSED] - Attribute 'value' of object 'Object Repository/DispensaryToStore/Page_Store/input_txtprice' is: '550'

2018-05-28 12:38:01 - [TEST_STEP][PASSED] - Statement - out.println("Stock QTY : " + StockQty): null

2018-05-28 12:38:01 - [TEST_STEP][PASSED] - delay: Delayed 2 second(s)

2018-05-28 12:38:03 - [MESSAGE][PASSED] - Delayed 2 second(s)

2018-05-28 12:38:03 - [TEST_STEP][PASSED] - Statement - If (java.lang.String.valueOf(StockQty) >= java.lang.String.valueOf(RequestedQty)): null

2018-05-28 12:38:03 - [TEST_STEP][PASSED] - setText: Text '10' is set on object 'Object Repository/DispensaryToStore/Page_Store/input_txtqty'

2018-05-28 12:38:03 - [MESSAGE][PASSED] - Text '10' is set on object 'Object Repository/DispensaryToStore/Page_Store/input_txtqty'

2018-05-28 12:38:03 - [TEST_STEP][PASSED] - click: Object: 'Object Repository/DispensaryToStore/Page_Store/button_Add' is clicked on

2018-05-28 12:38:03 - [MESSAGE][PASSED] - Object: 'Object Repository/DispensaryToStore/Page_Store/button_Add' is clicked on

2018-05-28 12:38:03 - [TEST_STEP][PASSED] - Statement - Break: null

2018-05-28 12:38:03 - [TEST_STEP][PASSED] - selectOptionByIndex: All options with index in [35] are selected on object 'Object Repository/DispensaryToStore/Page_Store/select_--Select--Adernaline 0.'

2018-05-28 12:38:03 - [MESSAGE][PASSED] - All options with index in [35] are selected on object 'Object Repository/DispensaryToStore/Page_Store/select_--Select--Adernaline 0.'

2018-05-28 12:38:03 - [TEST_STEP][PASSED] - delay: Delayed 2 second(s)

2018-05-28 12:38:05 - [MESSAGE][PASSED] - Delayed 2 second(s)

2018-05-28 12:38:05 - [TEST_STEP][PASSED] - Statement - RequestedQty = com.kms.katalon.core.webui.keyword.WebUiBuiltInKeywords.getAttribute(com.kms.katalon.core.testobject.ObjectRepository.findTestObject(DispensaryToStore/Page_Store/input_txttotal), "value"): Attribute 'value' of object 'Object Repository/DispensaryToStore/Page_Store/input_txttotal' is: '10'

2018-05-28 12:38:05 - [MESSAGE][PASSED] - Attribute 'value' of object 'Object Repository/DispensaryToStore/Page_Store/input_txttotal' is: '10'

2018-05-28 12:38:05 - [TEST_STEP][PASSED] - Statement - out.println("Requested QTY : " + RequestedQty): null

2018-05-28 12:38:05 - [TEST_STEP][PASSED] - Statement - BatchNumber = com.kms.katalon.core.webui.keyword.WebUiBuiltInKeywords.getNumberOfTotalOption(com.kms.katalon.core.testobject.ObjectRepository.findTestObject(DispensaryToStore/Page_Store/select_--Select--BA1170BA2376B)): 4 options of object 'Object Repository/DispensaryToStore/Page_Store/select_--Select--BA1170BA2376B' counted

2018-05-28 12:38:05 - [MESSAGE][PASSED] - 4 options of object 'Object Repository/DispensaryToStore/Page_Store/select_--Select--BA1170BA2376B' counted

2018-05-28 12:38:05 - [TEST_STEP][PASSED] - Statement - For ([g = 1, g <= BatchNumber - 1, (g++)]): null

2018-05-28 12:38:05 - [TEST_STEP][PASSED] - selectOptionByIndex: All options with index in [1] are selected on object 'Object Repository/DispensaryToStore/Page_Store/select_--Select--BA1170BA2376B'

2018-05-28 12:38:06 - [MESSAGE][PASSED] - All options with index in [1] are selected on object 'Object Repository/DispensaryToStore/Page_Store/select_--Select--BA1170BA2376B'

2018-05-28 12:38:06 - [TEST_STEP][PASSED] - Statement - Try: null

2018-05-28 12:38:06 - [TEST_STEP][PASSED] - Statement - StockQty = com.kms.katalon.core.webui.keyword.WebUiBuiltInKeywords.getAttribute(com.kms.katalon.core.testobject.ObjectRepository.findTestObject(DispensaryToStore/Page_Store/input_txtprice), "value"): Attribute 'value' of object 'Object Repository/DispensaryToStore/Page_Store/input_txtprice' is: '550'

2018-05-28 12:38:06 - [MESSAGE][PASSED] - Attribute 'value' of object 'Object Repository/DispensaryToStore/Page_Store/input_txtprice' is: '550'

2018-05-28 12:38:06 - [TEST_STEP][PASSED] - Statement - out.println("Stock QTY : " + StockQty): null

2018-05-28 12:38:06 - [TEST_STEP][PASSED] - delay: Delayed 2 second(s)

2018-05-28 12:38:08 - [MESSAGE][PASSED] - Delayed 2 second(s)

2018-05-28 12:38:08 - [TEST_STEP][PASSED] - Statement - If (java.lang.String.valueOf(StockQty) >= java.lang.String.valueOf(RequestedQty)): null

2018-05-28 12:38:08 - [TEST_STEP][PASSED] - setText: Text '10' is set on object 'Object Repository/DispensaryToStore/Page_Store/input_txtqty'

2018-05-28 12:38:08 - [MESSAGE][PASSED] - Text '10' is set on object 'Object Repository/DispensaryToStore/Page_Store/input_txtqty'

2018-05-28 12:38:08 - [TEST_STEP][PASSED] - click: Object: 'Object Repository/DispensaryToStore/Page_Store/button_Add' is clicked on

2018-05-28 12:38:08 - [MESSAGE][PASSED] - Object: 'Object Repository/DispensaryToStore/Page_Store/button_Add' is clicked on

2018-05-28 12:38:08 - [TEST_STEP][PASSED] - Statement - Break: null

2018-05-28 12:38:08 - [TEST_STEP][PASSED] - selectOptionByIndex: All options with index in [36] are selected on object 'Object Repository/DispensaryToStore/Page_Store/select_--Select--Adernaline 0.'

2018-05-28 12:38:08 - [MESSAGE][PASSED] - All options with index in [36] are selected on object 'Object Repository/DispensaryToStore/Page_Store/select_--Select--Adernaline 0.'

2018-05-28 12:38:08 - [TEST_STEP][PASSED] - delay: Delayed 2 second(s)

2018-05-28 12:38:10 - [MESSAGE][PASSED] - Delayed 2 second(s)

2018-05-28 12:38:10 - [TEST_STEP][PASSED] - Statement - RequestedQty = com.kms.katalon.core.webui.keyword.WebUiBuiltInKeywords.getAttribute(com.kms.katalon.core.testobject.ObjectRepository.findTestObject(DispensaryToStore/Page_Store/input_txttotal), "value"): Attribute 'value' of object 'Object Repository/DispensaryToStore/Page_Store/input_txttotal' is: '10'

2018-05-28 12:38:10 - [MESSAGE][PASSED] - Attribute 'value' of object 'Object Repository/DispensaryToStore/Page_Store/input_txttotal' is: '10'

2018-05-28 12:38:10 - [TEST_STEP][PASSED] - Statement - out.println("Requested QTY : " + RequestedQty): null

2018-05-28 12:38:10 - [TEST_STEP][PASSED] - Statement - BatchNumber = com.kms.katalon.core.webui.keyword.WebUiBuiltInKeywords.getNumberOfTotalOption(com.kms.katalon.core.testobject.ObjectRepository.findTestObject(DispensaryToStore/Page_Store/select_--Select--BA1170BA2376B)): 2 options of object 'Object Repository/DispensaryToStore/Page_Store/select_--Select--BA1170BA2376B' counted

2018-05-28 12:38:10 - [MESSAGE][PASSED] - 2 options of object 'Object Repository/DispensaryToStore/Page_Store/select_--Select--BA1170BA2376B' counted

2018-05-28 12:38:10 - [TEST_STEP][PASSED] - Statement - For ([g = 1, g <= BatchNumber - 1, (g++)]): null

2018-05-28 12:38:10 - [TEST_STEP][PASSED] - selectOptionByIndex: All options with index in [1] are selected on object 'Object Repository/DispensaryToStore/Page_Store/select_--Select--BA1170BA2376B'

2018-05-28 12:38:10 - [MESSAGE][PASSED] - All options with index in [1] are selected on object 'Object Repository/DispensaryToStore/Page_Store/select_--Select--BA1170BA2376B'

2018-05-28 12:38:10 - [TEST_STEP][PASSED] - Statement - Try: null

2018-05-28 12:38:10 - [TEST_STEP][PASSED] - Statement - StockQty = com.kms.katalon.core.webui.keyword.WebUiBuiltInKeywords.getAttribute(com.kms.katalon.core.testobject.ObjectRepository.findTestObject(DispensaryToStore/Page_Store/input_txtprice), "value"): Attribute 'value' of object 'Object Repository/DispensaryToStore/Page_Store/input_txtprice' is: '1610'

2018-05-28 12:38:10 - [MESSAGE][PASSED] - Attribute 'value' of object 'Object Repository/DispensaryToStore/Page_Store/input_txtprice' is: '1610'

2018-05-28 12:38:10 - [TEST_STEP][PASSED] - Statement - out.println("Stock QTY : " + StockQty): null

2018-05-28 12:38:10 - [TEST_STEP][PASSED] - delay: Delayed 2 second(s)

2018-05-28 12:38:12 - [MESSAGE][PASSED] - Delayed 2 second(s)

2018-05-28 12:38:12 - [TEST_STEP][PASSED] - Statement - If (java.lang.String.valueOf(StockQty) >= java.lang.String.valueOf(RequestedQty)): null

2018-05-28 12:38:12 - [TEST_STEP][PASSED] - setText: Text '10' is set on object 'Object Repository/DispensaryToStore/Page_Store/input_txtqty'

2018-05-28 12:38:12 - [MESSAGE][PASSED] - Text '10' is set on object 'Object Repository/DispensaryToStore/Page_Store/input_txtqty'

2018-05-28 12:38:12 - [TEST_STEP][PASSED] - click: Object: 'Object Repository/DispensaryToStore/Page_Store/button_Add' is clicked on

2018-05-28 12:38:13 - [MESSAGE][PASSED] - Object: 'Object Repository/DispensaryToStore/Page_Store/button_Add' is clicked on

2018-05-28 12:38:13 - [TEST_STEP][PASSED] - Statement - Break: null

2018-05-28 12:38:13 - [TEST_STEP][PASSED] - scrollToElement: Scroll to object 'Object Repository/DispensaryToStore/Page_Store/input_btnSubmit' successfully

2018-05-28 12:38:13 - [MESSAGE][PASSED] - Scroll to object 'Object Repository/DispensaryToStore/Page_Store/input_btnSubmit' successfully

2018-05-28 12:38:13 - [TEST_STEP][PASSED] - click: Object: 'Object Repository/DispensaryToStore/Page_Store/input_btnSubmit' is clicked on

2018-05-28 12:38:13 - [MESSAGE][PASSED] - Object: 'Object Repository/DispensaryToStore/Page_Store/input_btnSubmit' is clicked on

2018-05-28 12:38:13 - [TEST_STEP][PASSED] - delay: Delayed 3 second(s)

2018-05-28 12:38:16 - [MESSAGE][PASSED] - Delayed 3 second(s)

2018-05-28 12:38:16 - [TEST_STEP][PASSED] - click: Object: 'Object Repository/DispensaryToStore/Page_Store/button_OK' is clicked on

2018-05-28 12:38:17 - [MESSAGE][PASSED] - Object: 'Object Repository/DispensaryToStore/Page_Store/button_OK' is clicked on

2018-05-28 12:38:17 - [TEST_STEP][PASSED] - delay: Delayed 3 second(s)

2018-05-28 12:38:20 - [MESSAGE][PASSED] - Delayed 3 second(s)

2018-05-28 12:38:20 - [TEST_STEP][PASSED] - waitForElementPresent: Object 'Object Repository/DispensaryToStore/Page_Dispensary Store/a_dropdown-toggle' is present

2018-05-28 12:38:20 - [MESSAGE][PASSED] - Object 'Object Repository/DispensaryToStore/Page_Dispensary Store/a_dropdown-toggle' is present

2018-05-28 12:38:20 - [TEST_STEP][PASSED] - click: Object: 'Object Repository/DispensaryToStore/Page_Store/a_dropdown-toggle' is clicked on

2018-05-28 12:38:20 - [MESSAGE][PASSED] - Object: 'Object Repository/DispensaryToStore/Page_Store/a_dropdown-toggle' is clicked on

2018-05-28 12:38:20 - [TEST_STEP][PASSED] - click: Object: 'Object Repository/DispensaryToStore/Page_Store/a_Sign out' is clicked on

2018-05-28 12:38:21 - [MESSAGE][PASSED] - Object: 'Object Repository/DispensaryToStore/Page_Store/a_Sign out' is clicked on

2018-05-28 12:38:21 - [TEST_STEP][PASSED] - closeBrowser: Browser is closed

2018-05-28 12:38:21 - [MESSAGE][PASSED] - Browser is closed]]></system-out>
         <system-err><![CDATA[]]></system-err>
      </testcase>
      <testcase name="Test Cases/DISPENSARY TEST CASES/TC_DP_004 Verify Schedule 4 Dispensary Request Are Working Successfully Or Not" classname="Test Cases/DISPENSARY TEST CASES/TC_DP_004 Verify Schedule 4 Dispensary Request Are Working Successfully Or Not" status="PASSED">
         <system-out><![CDATA[2018-05-28 12:38:21 - [TEST_CASE][PASSED] - Test Cases/DISPENSARY TEST CASES/TC_DP_004 Verify Schedule 4 Dispensary Request Are Working Successfully Or Not: Test Cases/DISPENSARY TEST CASES/TC_DP_004 Verify Schedule 4 Dispensary Request Are Working Successfully Or Not

2018-05-28 12:38:21 - [TEST_STEP][PASSED] - openBrowser: Browser is opened with url: ''

2018-05-28 12:38:24 - [MESSAGE][PASSED] - Browser is opened with url: ''

2018-05-28 12:38:24 - [TEST_STEP][PASSED] - navigateToUrl: Navigate to 'http://192.168.137.1/multihospital_new/HDSplashscreen.aspx' successfully

2018-05-28 12:38:25 - [MESSAGE][PASSED] - Navigate to 'http://192.168.137.1/multihospital_new/HDSplashscreen.aspx' successfully

2018-05-28 12:38:25 - [TEST_STEP][PASSED] - maximizeWindow: Current window maximized

2018-05-28 12:38:27 - [MESSAGE][PASSED] - Current window maximized

2018-05-28 12:38:27 - [TEST_STEP][PASSED] - click: Object: 'Object Repository/DispensaryToStore/Page_KDMC/a_Dispensary Store' is clicked on

2018-05-28 12:38:27 - [MESSAGE][PASSED] - Object: 'Object Repository/DispensaryToStore/Page_KDMC/a_Dispensary Store' is clicked on

2018-05-28 12:38:27 - [TEST_STEP][PASSED] - setText: Text 'rajaram' is set on object 'Object Repository/DispensaryToStore/Page_Dispensary Store Login/input_txtusername'

2018-05-28 12:38:28 - [MESSAGE][PASSED] - Text 'rajaram' is set on object 'Object Repository/DispensaryToStore/Page_Dispensary Store Login/input_txtusername'

2018-05-28 12:38:28 - [TEST_STEP][PASSED] - setText: Text '123' is set on object 'Object Repository/DispensaryToStore/Page_Dispensary Store Login/input_txtpassword'

2018-05-28 12:38:28 - [MESSAGE][PASSED] - Text '123' is set on object 'Object Repository/DispensaryToStore/Page_Dispensary Store Login/input_txtpassword'

2018-05-28 12:38:28 - [TEST_STEP][PASSED] - delay: Delayed 3 second(s)

2018-05-28 12:38:31 - [MESSAGE][PASSED] - Delayed 3 second(s)

2018-05-28 12:38:31 - [TEST_STEP][PASSED] - sendKeys: Keys 'ENTER + ' sent to object: 'Object Repository/DispensaryToStore/Page_Dispensary Store Login/input_txtpassword'

2018-05-28 12:38:31 - [MESSAGE][PASSED] - Keys 'ENTER + ' sent to object: 'Object Repository/DispensaryToStore/Page_Dispensary Store Login/input_txtpassword'

2018-05-28 12:38:31 - [TEST_STEP][PASSED] - delay: Delayed 3 second(s)

2018-05-28 12:38:34 - [MESSAGE][PASSED] - Delayed 3 second(s)

2018-05-28 12:38:34 - [TEST_STEP][PASSED] - click: Object: 'Object Repository/DispensaryToStore/Page_Dispensary Store/a_Request to Store' is clicked on

2018-05-28 12:38:34 - [MESSAGE][PASSED] - Object: 'Object Repository/DispensaryToStore/Page_Dispensary Store/a_Request to Store' is clicked on

2018-05-28 12:38:34 - [TEST_STEP][PASSED] - click: Object: 'Object Repository/DispensaryToStore/Page_Dispensary Store/a_Medicine Request' is clicked on

2018-05-28 12:38:35 - [MESSAGE][PASSED] - Object: 'Object Repository/DispensaryToStore/Page_Dispensary Store/a_Medicine Request' is clicked on

2018-05-28 12:38:35 - [TEST_STEP][PASSED] - selectOptionByIndex: All options with index in [4] are selected on object 'Object Repository/DispensaryToStore/Page_Dispensary Store/select_--Select--Schedule 1Inj'

2018-05-28 12:38:35 - [MESSAGE][PASSED] - All options with index in [4] are selected on object 'Object Repository/DispensaryToStore/Page_Dispensary Store/select_--Select--Schedule 1Inj'

2018-05-28 12:38:35 - [TEST_STEP][PASSED] - Statement - medicineslength = com.kms.katalon.core.webui.keyword.WebUiBuiltInKeywords.getNumberOfTotalOption(com.kms.katalon.core.testobject.ObjectRepository.findTestObject(DispensaryToStore/Page_Dispensary Store/select_--Select--Adernaline 0.)): 16 options of object 'Object Repository/DispensaryToStore/Page_Dispensary Store/select_--Select--Adernaline 0.' counted

2018-05-28 12:38:35 - [MESSAGE][PASSED] - 16 options of object 'Object Repository/DispensaryToStore/Page_Dispensary Store/select_--Select--Adernaline 0.' counted

2018-05-28 12:38:35 - [TEST_STEP][PASSED] - Statement - For ([e = 1, e <= medicineslength - 1, (e++)]): Object: 'Object Repository/DispensaryToStore/Page_Dispensary Store/button_Add' is clicked on

2018-05-28 12:38:35 - [TEST_STEP][PASSED] - selectOptionByIndex: All options with index in [4] are selected on object 'Object Repository/DispensaryToStore/Page_Dispensary Store/select_--Select--Schedule 1Inj'

2018-05-28 12:38:36 - [MESSAGE][PASSED] - All options with index in [4] are selected on object 'Object Repository/DispensaryToStore/Page_Dispensary Store/select_--Select--Schedule 1Inj'

2018-05-28 12:38:36 - [TEST_STEP][PASSED] - delay: Delayed 1 second(s)

2018-05-28 12:38:37 - [MESSAGE][PASSED] - Delayed 1 second(s)

2018-05-28 12:38:37 - [TEST_STEP][PASSED] - selectOptionByIndex: All options with index in [1] are selected on object 'Object Repository/DispensaryToStore/Page_Dispensary Store/select_--Select--Adernaline 0.'

2018-05-28 12:38:37 - [MESSAGE][PASSED] - All options with index in [1] are selected on object 'Object Repository/DispensaryToStore/Page_Dispensary Store/select_--Select--Adernaline 0.'

2018-05-28 12:38:37 - [TEST_STEP][PASSED] - delay: Delayed 1 second(s)

2018-05-28 12:38:38 - [MESSAGE][PASSED] - Delayed 1 second(s)

2018-05-28 12:38:38 - [TEST_STEP][PASSED] - setText: Text '10' is set on object 'Object Repository/DispensaryToStore/Page_Dispensary Store/input_txttreat'

2018-05-28 12:38:38 - [MESSAGE][PASSED] - Text '10' is set on object 'Object Repository/DispensaryToStore/Page_Dispensary Store/input_txttreat'

2018-05-28 12:38:38 - [TEST_STEP][PASSED] - click: Object: 'Object Repository/DispensaryToStore/Page_Dispensary Store/button_Add' is clicked on

2018-05-28 12:38:38 - [MESSAGE][PASSED] - Object: 'Object Repository/DispensaryToStore/Page_Dispensary Store/button_Add' is clicked on

2018-05-28 12:38:38 - [TEST_STEP][PASSED] - selectOptionByIndex: All options with index in [4] are selected on object 'Object Repository/DispensaryToStore/Page_Dispensary Store/select_--Select--Schedule 1Inj'

2018-05-28 12:38:38 - [MESSAGE][PASSED] - All options with index in [4] are selected on object 'Object Repository/DispensaryToStore/Page_Dispensary Store/select_--Select--Schedule 1Inj'

2018-05-28 12:38:38 - [TEST_STEP][PASSED] - delay: Delayed 1 second(s)

2018-05-28 12:38:39 - [MESSAGE][PASSED] - Delayed 1 second(s)

2018-05-28 12:38:39 - [TEST_STEP][PASSED] - selectOptionByIndex: All options with index in [2] are selected on object 'Object Repository/DispensaryToStore/Page_Dispensary Store/select_--Select--Adernaline 0.'

2018-05-28 12:38:39 - [MESSAGE][PASSED] - All options with index in [2] are selected on object 'Object Repository/DispensaryToStore/Page_Dispensary Store/select_--Select--Adernaline 0.'

2018-05-28 12:38:39 - [TEST_STEP][PASSED] - delay: Delayed 1 second(s)

2018-05-28 12:38:40 - [MESSAGE][PASSED] - Delayed 1 second(s)

2018-05-28 12:38:40 - [TEST_STEP][PASSED] - setText: Text '10' is set on object 'Object Repository/DispensaryToStore/Page_Dispensary Store/input_txttreat'

2018-05-28 12:38:40 - [MESSAGE][PASSED] - Text '10' is set on object 'Object Repository/DispensaryToStore/Page_Dispensary Store/input_txttreat'

2018-05-28 12:38:40 - [TEST_STEP][PASSED] - click: Object: 'Object Repository/DispensaryToStore/Page_Dispensary Store/button_Add' is clicked on

2018-05-28 12:38:40 - [MESSAGE][PASSED] - Object: 'Object Repository/DispensaryToStore/Page_Dispensary Store/button_Add' is clicked on

2018-05-28 12:38:40 - [TEST_STEP][PASSED] - selectOptionByIndex: All options with index in [4] are selected on object 'Object Repository/DispensaryToStore/Page_Dispensary Store/select_--Select--Schedule 1Inj'

2018-05-28 12:38:41 - [MESSAGE][PASSED] - All options with index in [4] are selected on object 'Object Repository/DispensaryToStore/Page_Dispensary Store/select_--Select--Schedule 1Inj'

2018-05-28 12:38:41 - [TEST_STEP][PASSED] - delay: Delayed 1 second(s)

2018-05-28 12:38:42 - [MESSAGE][PASSED] - Delayed 1 second(s)

2018-05-28 12:38:42 - [TEST_STEP][PASSED] - selectOptionByIndex: All options with index in [3] are selected on object 'Object Repository/DispensaryToStore/Page_Dispensary Store/select_--Select--Adernaline 0.'

2018-05-28 12:38:42 - [MESSAGE][PASSED] - All options with index in [3] are selected on object 'Object Repository/DispensaryToStore/Page_Dispensary Store/select_--Select--Adernaline 0.'

2018-05-28 12:38:42 - [TEST_STEP][PASSED] - delay: Delayed 1 second(s)

2018-05-28 12:38:43 - [MESSAGE][PASSED] - Delayed 1 second(s)

2018-05-28 12:38:43 - [TEST_STEP][PASSED] - setText: Text '10' is set on object 'Object Repository/DispensaryToStore/Page_Dispensary Store/input_txttreat'

2018-05-28 12:38:43 - [MESSAGE][PASSED] - Text '10' is set on object 'Object Repository/DispensaryToStore/Page_Dispensary Store/input_txttreat'

2018-05-28 12:38:43 - [TEST_STEP][PASSED] - click: Object: 'Object Repository/DispensaryToStore/Page_Dispensary Store/button_Add' is clicked on

2018-05-28 12:38:43 - [MESSAGE][PASSED] - Object: 'Object Repository/DispensaryToStore/Page_Dispensary Store/button_Add' is clicked on

2018-05-28 12:38:43 - [TEST_STEP][PASSED] - selectOptionByIndex: All options with index in [4] are selected on object 'Object Repository/DispensaryToStore/Page_Dispensary Store/select_--Select--Schedule 1Inj'

2018-05-28 12:38:43 - [MESSAGE][PASSED] - All options with index in [4] are selected on object 'Object Repository/DispensaryToStore/Page_Dispensary Store/select_--Select--Schedule 1Inj'

2018-05-28 12:38:43 - [TEST_STEP][PASSED] - delay: Delayed 1 second(s)

2018-05-28 12:38:44 - [MESSAGE][PASSED] - Delayed 1 second(s)

2018-05-28 12:38:44 - [TEST_STEP][PASSED] - selectOptionByIndex: All options with index in [4] are selected on object 'Object Repository/DispensaryToStore/Page_Dispensary Store/select_--Select--Adernaline 0.'

2018-05-28 12:38:44 - [MESSAGE][PASSED] - All options with index in [4] are selected on object 'Object Repository/DispensaryToStore/Page_Dispensary Store/select_--Select--Adernaline 0.'

2018-05-28 12:38:44 - [TEST_STEP][PASSED] - delay: Delayed 1 second(s)

2018-05-28 12:38:45 - [MESSAGE][PASSED] - Delayed 1 second(s)

2018-05-28 12:38:45 - [TEST_STEP][PASSED] - setText: Text '10' is set on object 'Object Repository/DispensaryToStore/Page_Dispensary Store/input_txttreat'

2018-05-28 12:38:45 - [MESSAGE][PASSED] - Text '10' is set on object 'Object Repository/DispensaryToStore/Page_Dispensary Store/input_txttreat'

2018-05-28 12:38:45 - [TEST_STEP][PASSED] - click: Object: 'Object Repository/DispensaryToStore/Page_Dispensary Store/button_Add' is clicked on

2018-05-28 12:38:46 - [MESSAGE][PASSED] - Object: 'Object Repository/DispensaryToStore/Page_Dispensary Store/button_Add' is clicked on

2018-05-28 12:38:46 - [TEST_STEP][PASSED] - selectOptionByIndex: All options with index in [4] are selected on object 'Object Repository/DispensaryToStore/Page_Dispensary Store/select_--Select--Schedule 1Inj'

2018-05-28 12:38:46 - [MESSAGE][PASSED] - All options with index in [4] are selected on object 'Object Repository/DispensaryToStore/Page_Dispensary Store/select_--Select--Schedule 1Inj'

2018-05-28 12:38:46 - [TEST_STEP][PASSED] - delay: Delayed 1 second(s)

2018-05-28 12:38:47 - [MESSAGE][PASSED] - Delayed 1 second(s)

2018-05-28 12:38:47 - [TEST_STEP][PASSED] - selectOptionByIndex: All options with index in [5] are selected on object 'Object Repository/DispensaryToStore/Page_Dispensary Store/select_--Select--Adernaline 0.'

2018-05-28 12:38:47 - [MESSAGE][PASSED] - All options with index in [5] are selected on object 'Object Repository/DispensaryToStore/Page_Dispensary Store/select_--Select--Adernaline 0.'

2018-05-28 12:38:47 - [TEST_STEP][PASSED] - delay: Delayed 1 second(s)

2018-05-28 12:38:48 - [MESSAGE][PASSED] - Delayed 1 second(s)

2018-05-28 12:38:48 - [TEST_STEP][PASSED] - setText: Text '10' is set on object 'Object Repository/DispensaryToStore/Page_Dispensary Store/input_txttreat'

2018-05-28 12:38:48 - [MESSAGE][PASSED] - Text '10' is set on object 'Object Repository/DispensaryToStore/Page_Dispensary Store/input_txttreat'

2018-05-28 12:38:48 - [TEST_STEP][PASSED] - click: Object: 'Object Repository/DispensaryToStore/Page_Dispensary Store/button_Add' is clicked on

2018-05-28 12:38:48 - [MESSAGE][PASSED] - Object: 'Object Repository/DispensaryToStore/Page_Dispensary Store/button_Add' is clicked on

2018-05-28 12:38:48 - [TEST_STEP][PASSED] - selectOptionByIndex: All options with index in [4] are selected on object 'Object Repository/DispensaryToStore/Page_Dispensary Store/select_--Select--Schedule 1Inj'

2018-05-28 12:38:48 - [MESSAGE][PASSED] - All options with index in [4] are selected on object 'Object Repository/DispensaryToStore/Page_Dispensary Store/select_--Select--Schedule 1Inj'

2018-05-28 12:38:48 - [TEST_STEP][PASSED] - delay: Delayed 1 second(s)

2018-05-28 12:38:49 - [MESSAGE][PASSED] - Delayed 1 second(s)

2018-05-28 12:38:49 - [TEST_STEP][PASSED] - selectOptionByIndex: All options with index in [6] are selected on object 'Object Repository/DispensaryToStore/Page_Dispensary Store/select_--Select--Adernaline 0.'

2018-05-28 12:38:50 - [MESSAGE][PASSED] - All options with index in [6] are selected on object 'Object Repository/DispensaryToStore/Page_Dispensary Store/select_--Select--Adernaline 0.'

2018-05-28 12:38:50 - [TEST_STEP][PASSED] - delay: Delayed 1 second(s)

2018-05-28 12:38:51 - [MESSAGE][PASSED] - Delayed 1 second(s)

2018-05-28 12:38:51 - [TEST_STEP][PASSED] - setText: Text '10' is set on object 'Object Repository/DispensaryToStore/Page_Dispensary Store/input_txttreat'

2018-05-28 12:38:51 - [MESSAGE][PASSED] - Text '10' is set on object 'Object Repository/DispensaryToStore/Page_Dispensary Store/input_txttreat'

2018-05-28 12:38:51 - [TEST_STEP][PASSED] - click: Object: 'Object Repository/DispensaryToStore/Page_Dispensary Store/button_Add' is clicked on

2018-05-28 12:38:51 - [MESSAGE][PASSED] - Object: 'Object Repository/DispensaryToStore/Page_Dispensary Store/button_Add' is clicked on

2018-05-28 12:38:51 - [TEST_STEP][PASSED] - selectOptionByIndex: All options with index in [4] are selected on object 'Object Repository/DispensaryToStore/Page_Dispensary Store/select_--Select--Schedule 1Inj'

2018-05-28 12:38:51 - [MESSAGE][PASSED] - All options with index in [4] are selected on object 'Object Repository/DispensaryToStore/Page_Dispensary Store/select_--Select--Schedule 1Inj'

2018-05-28 12:38:51 - [TEST_STEP][PASSED] - delay: Delayed 1 second(s)

2018-05-28 12:38:52 - [MESSAGE][PASSED] - Delayed 1 second(s)

2018-05-28 12:38:52 - [TEST_STEP][PASSED] - selectOptionByIndex: All options with index in [7] are selected on object 'Object Repository/DispensaryToStore/Page_Dispensary Store/select_--Select--Adernaline 0.'

2018-05-28 12:38:52 - [MESSAGE][PASSED] - All options with index in [7] are selected on object 'Object Repository/DispensaryToStore/Page_Dispensary Store/select_--Select--Adernaline 0.'

2018-05-28 12:38:52 - [TEST_STEP][PASSED] - delay: Delayed 1 second(s)

2018-05-28 12:38:53 - [MESSAGE][PASSED] - Delayed 1 second(s)

2018-05-28 12:38:53 - [TEST_STEP][PASSED] - setText: Text '10' is set on object 'Object Repository/DispensaryToStore/Page_Dispensary Store/input_txttreat'

2018-05-28 12:38:53 - [MESSAGE][PASSED] - Text '10' is set on object 'Object Repository/DispensaryToStore/Page_Dispensary Store/input_txttreat'

2018-05-28 12:38:53 - [TEST_STEP][PASSED] - click: Object: 'Object Repository/DispensaryToStore/Page_Dispensary Store/button_Add' is clicked on

2018-05-28 12:38:53 - [MESSAGE][PASSED] - Object: 'Object Repository/DispensaryToStore/Page_Dispensary Store/button_Add' is clicked on

2018-05-28 12:38:53 - [TEST_STEP][PASSED] - selectOptionByIndex: All options with index in [4] are selected on object 'Object Repository/DispensaryToStore/Page_Dispensary Store/select_--Select--Schedule 1Inj'

2018-05-28 12:38:53 - [MESSAGE][PASSED] - All options with index in [4] are selected on object 'Object Repository/DispensaryToStore/Page_Dispensary Store/select_--Select--Schedule 1Inj'

2018-05-28 12:38:53 - [TEST_STEP][PASSED] - delay: Delayed 1 second(s)

2018-05-28 12:38:54 - [MESSAGE][PASSED] - Delayed 1 second(s)

2018-05-28 12:38:54 - [TEST_STEP][PASSED] - selectOptionByIndex: All options with index in [8] are selected on object 'Object Repository/DispensaryToStore/Page_Dispensary Store/select_--Select--Adernaline 0.'

2018-05-28 12:38:55 - [MESSAGE][PASSED] - All options with index in [8] are selected on object 'Object Repository/DispensaryToStore/Page_Dispensary Store/select_--Select--Adernaline 0.'

2018-05-28 12:38:55 - [TEST_STEP][PASSED] - delay: Delayed 1 second(s)

2018-05-28 12:38:56 - [MESSAGE][PASSED] - Delayed 1 second(s)

2018-05-28 12:38:56 - [TEST_STEP][PASSED] - setText: Text '10' is set on object 'Object Repository/DispensaryToStore/Page_Dispensary Store/input_txttreat'

2018-05-28 12:38:56 - [MESSAGE][PASSED] - Text '10' is set on object 'Object Repository/DispensaryToStore/Page_Dispensary Store/input_txttreat'

2018-05-28 12:38:56 - [TEST_STEP][PASSED] - click: Object: 'Object Repository/DispensaryToStore/Page_Dispensary Store/button_Add' is clicked on

2018-05-28 12:38:56 - [MESSAGE][PASSED] - Object: 'Object Repository/DispensaryToStore/Page_Dispensary Store/button_Add' is clicked on

2018-05-28 12:38:56 - [TEST_STEP][PASSED] - selectOptionByIndex: All options with index in [4] are selected on object 'Object Repository/DispensaryToStore/Page_Dispensary Store/select_--Select--Schedule 1Inj'

2018-05-28 12:38:56 - [MESSAGE][PASSED] - All options with index in [4] are selected on object 'Object Repository/DispensaryToStore/Page_Dispensary Store/select_--Select--Schedule 1Inj'

2018-05-28 12:38:56 - [TEST_STEP][PASSED] - delay: Delayed 1 second(s)

2018-05-28 12:38:57 - [MESSAGE][PASSED] - Delayed 1 second(s)

2018-05-28 12:38:57 - [TEST_STEP][PASSED] - selectOptionByIndex: All options with index in [9] are selected on object 'Object Repository/DispensaryToStore/Page_Dispensary Store/select_--Select--Adernaline 0.'

2018-05-28 12:38:57 - [MESSAGE][PASSED] - All options with index in [9] are selected on object 'Object Repository/DispensaryToStore/Page_Dispensary Store/select_--Select--Adernaline 0.'

2018-05-28 12:38:57 - [TEST_STEP][PASSED] - delay: Delayed 1 second(s)

2018-05-28 12:38:58 - [MESSAGE][PASSED] - Delayed 1 second(s)

2018-05-28 12:38:58 - [TEST_STEP][PASSED] - setText: Text '10' is set on object 'Object Repository/DispensaryToStore/Page_Dispensary Store/input_txttreat'

2018-05-28 12:38:58 - [MESSAGE][PASSED] - Text '10' is set on object 'Object Repository/DispensaryToStore/Page_Dispensary Store/input_txttreat'

2018-05-28 12:38:58 - [TEST_STEP][PASSED] - click: Object: 'Object Repository/DispensaryToStore/Page_Dispensary Store/button_Add' is clicked on

2018-05-28 12:38:58 - [MESSAGE][PASSED] - Object: 'Object Repository/DispensaryToStore/Page_Dispensary Store/button_Add' is clicked on

2018-05-28 12:38:58 - [TEST_STEP][PASSED] - selectOptionByIndex: All options with index in [4] are selected on object 'Object Repository/DispensaryToStore/Page_Dispensary Store/select_--Select--Schedule 1Inj'

2018-05-28 12:38:59 - [MESSAGE][PASSED] - All options with index in [4] are selected on object 'Object Repository/DispensaryToStore/Page_Dispensary Store/select_--Select--Schedule 1Inj'

2018-05-28 12:38:59 - [TEST_STEP][PASSED] - delay: Delayed 1 second(s)

2018-05-28 12:39:00 - [MESSAGE][PASSED] - Delayed 1 second(s)

2018-05-28 12:39:00 - [TEST_STEP][PASSED] - selectOptionByIndex: All options with index in [10] are selected on object 'Object Repository/DispensaryToStore/Page_Dispensary Store/select_--Select--Adernaline 0.'

2018-05-28 12:39:00 - [MESSAGE][PASSED] - All options with index in [10] are selected on object 'Object Repository/DispensaryToStore/Page_Dispensary Store/select_--Select--Adernaline 0.'

2018-05-28 12:39:00 - [TEST_STEP][PASSED] - delay: Delayed 1 second(s)

2018-05-28 12:39:01 - [MESSAGE][PASSED] - Delayed 1 second(s)

2018-05-28 12:39:01 - [TEST_STEP][PASSED] - setText: Text '10' is set on object 'Object Repository/DispensaryToStore/Page_Dispensary Store/input_txttreat'

2018-05-28 12:39:01 - [MESSAGE][PASSED] - Text '10' is set on object 'Object Repository/DispensaryToStore/Page_Dispensary Store/input_txttreat'

2018-05-28 12:39:01 - [TEST_STEP][PASSED] - click: Object: 'Object Repository/DispensaryToStore/Page_Dispensary Store/button_Add' is clicked on

2018-05-28 12:39:01 - [MESSAGE][PASSED] - Object: 'Object Repository/DispensaryToStore/Page_Dispensary Store/button_Add' is clicked on

2018-05-28 12:39:01 - [TEST_STEP][PASSED] - selectOptionByIndex: All options with index in [4] are selected on object 'Object Repository/DispensaryToStore/Page_Dispensary Store/select_--Select--Schedule 1Inj'

2018-05-28 12:39:01 - [MESSAGE][PASSED] - All options with index in [4] are selected on object 'Object Repository/DispensaryToStore/Page_Dispensary Store/select_--Select--Schedule 1Inj'

2018-05-28 12:39:01 - [TEST_STEP][PASSED] - delay: Delayed 1 second(s)

2018-05-28 12:39:02 - [MESSAGE][PASSED] - Delayed 1 second(s)

2018-05-28 12:39:02 - [TEST_STEP][PASSED] - selectOptionByIndex: All options with index in [11] are selected on object 'Object Repository/DispensaryToStore/Page_Dispensary Store/select_--Select--Adernaline 0.'

2018-05-28 12:39:02 - [MESSAGE][PASSED] - All options with index in [11] are selected on object 'Object Repository/DispensaryToStore/Page_Dispensary Store/select_--Select--Adernaline 0.'

2018-05-28 12:39:02 - [TEST_STEP][PASSED] - delay: Delayed 1 second(s)

2018-05-28 12:39:03 - [MESSAGE][PASSED] - Delayed 1 second(s)

2018-05-28 12:39:03 - [TEST_STEP][PASSED] - setText: Text '10' is set on object 'Object Repository/DispensaryToStore/Page_Dispensary Store/input_txttreat'

2018-05-28 12:39:04 - [MESSAGE][PASSED] - Text '10' is set on object 'Object Repository/DispensaryToStore/Page_Dispensary Store/input_txttreat'

2018-05-28 12:39:04 - [TEST_STEP][PASSED] - click: Object: 'Object Repository/DispensaryToStore/Page_Dispensary Store/button_Add' is clicked on

2018-05-28 12:39:04 - [MESSAGE][PASSED] - Object: 'Object Repository/DispensaryToStore/Page_Dispensary Store/button_Add' is clicked on

2018-05-28 12:39:04 - [TEST_STEP][PASSED] - selectOptionByIndex: All options with index in [4] are selected on object 'Object Repository/DispensaryToStore/Page_Dispensary Store/select_--Select--Schedule 1Inj'

2018-05-28 12:39:04 - [MESSAGE][PASSED] - All options with index in [4] are selected on object 'Object Repository/DispensaryToStore/Page_Dispensary Store/select_--Select--Schedule 1Inj'

2018-05-28 12:39:04 - [TEST_STEP][PASSED] - delay: Delayed 1 second(s)

2018-05-28 12:39:05 - [MESSAGE][PASSED] - Delayed 1 second(s)

2018-05-28 12:39:05 - [TEST_STEP][PASSED] - selectOptionByIndex: All options with index in [12] are selected on object 'Object Repository/DispensaryToStore/Page_Dispensary Store/select_--Select--Adernaline 0.'

2018-05-28 12:39:05 - [MESSAGE][PASSED] - All options with index in [12] are selected on object 'Object Repository/DispensaryToStore/Page_Dispensary Store/select_--Select--Adernaline 0.'

2018-05-28 12:39:05 - [TEST_STEP][PASSED] - delay: Delayed 1 second(s)

2018-05-28 12:39:06 - [MESSAGE][PASSED] - Delayed 1 second(s)

2018-05-28 12:39:06 - [TEST_STEP][PASSED] - setText: Text '10' is set on object 'Object Repository/DispensaryToStore/Page_Dispensary Store/input_txttreat'

2018-05-28 12:39:06 - [MESSAGE][PASSED] - Text '10' is set on object 'Object Repository/DispensaryToStore/Page_Dispensary Store/input_txttreat'

2018-05-28 12:39:06 - [TEST_STEP][PASSED] - click: Object: 'Object Repository/DispensaryToStore/Page_Dispensary Store/button_Add' is clicked on

2018-05-28 12:39:06 - [MESSAGE][PASSED] - Object: 'Object Repository/DispensaryToStore/Page_Dispensary Store/button_Add' is clicked on

2018-05-28 12:39:06 - [TEST_STEP][PASSED] - selectOptionByIndex: All options with index in [4] are selected on object 'Object Repository/DispensaryToStore/Page_Dispensary Store/select_--Select--Schedule 1Inj'

2018-05-28 12:39:06 - [MESSAGE][PASSED] - All options with index in [4] are selected on object 'Object Repository/DispensaryToStore/Page_Dispensary Store/select_--Select--Schedule 1Inj'

2018-05-28 12:39:06 - [TEST_STEP][PASSED] - delay: Delayed 1 second(s)

2018-05-28 12:39:07 - [MESSAGE][PASSED] - Delayed 1 second(s)

2018-05-28 12:39:07 - [TEST_STEP][PASSED] - selectOptionByIndex: All options with index in [13] are selected on object 'Object Repository/DispensaryToStore/Page_Dispensary Store/select_--Select--Adernaline 0.'

2018-05-28 12:39:08 - [MESSAGE][PASSED] - All options with index in [13] are selected on object 'Object Repository/DispensaryToStore/Page_Dispensary Store/select_--Select--Adernaline 0.'

2018-05-28 12:39:08 - [TEST_STEP][PASSED] - delay: Delayed 1 second(s)

2018-05-28 12:39:09 - [MESSAGE][PASSED] - Delayed 1 second(s)

2018-05-28 12:39:09 - [TEST_STEP][PASSED] - setText: Text '10' is set on object 'Object Repository/DispensaryToStore/Page_Dispensary Store/input_txttreat'

2018-05-28 12:39:09 - [MESSAGE][PASSED] - Text '10' is set on object 'Object Repository/DispensaryToStore/Page_Dispensary Store/input_txttreat'

2018-05-28 12:39:09 - [TEST_STEP][PASSED] - click: Object: 'Object Repository/DispensaryToStore/Page_Dispensary Store/button_Add' is clicked on

2018-05-28 12:39:09 - [MESSAGE][PASSED] - Object: 'Object Repository/DispensaryToStore/Page_Dispensary Store/button_Add' is clicked on

2018-05-28 12:39:09 - [TEST_STEP][PASSED] - selectOptionByIndex: All options with index in [4] are selected on object 'Object Repository/DispensaryToStore/Page_Dispensary Store/select_--Select--Schedule 1Inj'

2018-05-28 12:39:09 - [MESSAGE][PASSED] - All options with index in [4] are selected on object 'Object Repository/DispensaryToStore/Page_Dispensary Store/select_--Select--Schedule 1Inj'

2018-05-28 12:39:09 - [TEST_STEP][PASSED] - delay: Delayed 1 second(s)

2018-05-28 12:39:10 - [MESSAGE][PASSED] - Delayed 1 second(s)

2018-05-28 12:39:10 - [TEST_STEP][PASSED] - selectOptionByIndex: All options with index in [14] are selected on object 'Object Repository/DispensaryToStore/Page_Dispensary Store/select_--Select--Adernaline 0.'

2018-05-28 12:39:10 - [MESSAGE][PASSED] - All options with index in [14] are selected on object 'Object Repository/DispensaryToStore/Page_Dispensary Store/select_--Select--Adernaline 0.'

2018-05-28 12:39:10 - [TEST_STEP][PASSED] - delay: Delayed 1 second(s)

2018-05-28 12:39:11 - [MESSAGE][PASSED] - Delayed 1 second(s)

2018-05-28 12:39:11 - [TEST_STEP][PASSED] - setText: Text '10' is set on object 'Object Repository/DispensaryToStore/Page_Dispensary Store/input_txttreat'

2018-05-28 12:39:11 - [MESSAGE][PASSED] - Text '10' is set on object 'Object Repository/DispensaryToStore/Page_Dispensary Store/input_txttreat'

2018-05-28 12:39:11 - [TEST_STEP][PASSED] - click: Object: 'Object Repository/DispensaryToStore/Page_Dispensary Store/button_Add' is clicked on

2018-05-28 12:39:11 - [MESSAGE][PASSED] - Object: 'Object Repository/DispensaryToStore/Page_Dispensary Store/button_Add' is clicked on

2018-05-28 12:39:11 - [TEST_STEP][PASSED] - selectOptionByIndex: All options with index in [4] are selected on object 'Object Repository/DispensaryToStore/Page_Dispensary Store/select_--Select--Schedule 1Inj'

2018-05-28 12:39:12 - [MESSAGE][PASSED] - All options with index in [4] are selected on object 'Object Repository/DispensaryToStore/Page_Dispensary Store/select_--Select--Schedule 1Inj'

2018-05-28 12:39:12 - [TEST_STEP][PASSED] - delay: Delayed 1 second(s)

2018-05-28 12:39:13 - [MESSAGE][PASSED] - Delayed 1 second(s)

2018-05-28 12:39:13 - [TEST_STEP][PASSED] - selectOptionByIndex: All options with index in [15] are selected on object 'Object Repository/DispensaryToStore/Page_Dispensary Store/select_--Select--Adernaline 0.'

2018-05-28 12:39:13 - [MESSAGE][PASSED] - All options with index in [15] are selected on object 'Object Repository/DispensaryToStore/Page_Dispensary Store/select_--Select--Adernaline 0.'

2018-05-28 12:39:13 - [TEST_STEP][PASSED] - delay: Delayed 1 second(s)

2018-05-28 12:39:14 - [MESSAGE][PASSED] - Delayed 1 second(s)

2018-05-28 12:39:14 - [TEST_STEP][PASSED] - setText: Text '10' is set on object 'Object Repository/DispensaryToStore/Page_Dispensary Store/input_txttreat'

2018-05-28 12:39:14 - [MESSAGE][PASSED] - Text '10' is set on object 'Object Repository/DispensaryToStore/Page_Dispensary Store/input_txttreat'

2018-05-28 12:39:14 - [TEST_STEP][PASSED] - click: Object: 'Object Repository/DispensaryToStore/Page_Dispensary Store/button_Add' is clicked on

2018-05-28 12:39:14 - [MESSAGE][PASSED] - Object: 'Object Repository/DispensaryToStore/Page_Dispensary Store/button_Add' is clicked on

2018-05-28 12:39:14 - [TEST_STEP][PASSED] - scrollToElement: Scroll to object 'Object Repository/DispensaryToStore/Page_Dispensary Store/input_btnsave' successfully

2018-05-28 12:39:14 - [MESSAGE][PASSED] - Scroll to object 'Object Repository/DispensaryToStore/Page_Dispensary Store/input_btnsave' successfully

2018-05-28 12:39:14 - [TEST_STEP][PASSED] - click: Object: 'Object Repository/DispensaryToStore/Page_Dispensary Store/input_btnsave' is clicked on

2018-05-28 12:39:14 - [MESSAGE][PASSED] - Object: 'Object Repository/DispensaryToStore/Page_Dispensary Store/input_btnsave' is clicked on

2018-05-28 12:39:14 - [TEST_STEP][PASSED] - delay: Delayed 3 second(s)

2018-05-28 12:39:17 - [MESSAGE][PASSED] - Delayed 3 second(s)

2018-05-28 12:39:17 - [TEST_STEP][PASSED] - Statement - RN1 = com.kms.katalon.core.webui.keyword.WebUiBuiltInKeywords.getText(com.kms.katalon.core.testobject.ObjectRepository.findTestObject(DispensaryToStore/Page_Dispensary Store/font_HPRNO180520187)): Text of object 'Object Repository/DispensaryToStore/Page_Dispensary Store/font_HPRNO180520187' is: 'DPRNO/28052018/123'

2018-05-28 12:39:17 - [MESSAGE][PASSED] - Text of object 'Object Repository/DispensaryToStore/Page_Dispensary Store/font_HPRNO180520187' is: 'DPRNO/28052018/123'

2018-05-28 12:39:17 - [TEST_STEP][PASSED] - Statement - out.println(RN1): null

2018-05-28 12:39:17 - [TEST_STEP][PASSED] - Statement - RID = RN1.split("/")[2]: null

2018-05-28 12:39:17 - [TEST_STEP][PASSED] - click: Object: 'Object Repository/DispensaryToStore/Page_Dispensary Store/button_OK' is clicked on

2018-05-28 12:39:18 - [MESSAGE][PASSED] - Object: 'Object Repository/DispensaryToStore/Page_Dispensary Store/button_OK' is clicked on

2018-05-28 12:39:18 - [TEST_STEP][PASSED] - delay: Delayed 3 second(s)

2018-05-28 12:39:21 - [MESSAGE][PASSED] - Delayed 3 second(s)

2018-05-28 12:39:21 - [TEST_STEP][PASSED] - waitForElementPresent: Object 'Object Repository/DispensaryToStore/Page_Dispensary Store/a_dropdown-toggle' is present

2018-05-28 12:39:21 - [MESSAGE][PASSED] - Object 'Object Repository/DispensaryToStore/Page_Dispensary Store/a_dropdown-toggle' is present

2018-05-28 12:39:21 - [TEST_STEP][PASSED] - click: Object: 'Object Repository/DispensaryToStore/Page_Dispensary Store/a_dropdown-toggle' is clicked on

2018-05-28 12:39:21 - [MESSAGE][PASSED] - Object: 'Object Repository/DispensaryToStore/Page_Dispensary Store/a_dropdown-toggle' is clicked on

2018-05-28 12:39:21 - [TEST_STEP][PASSED] - click: Object: 'Object Repository/DispensaryToStore/Page_Dispensary Store/a_Sign out' is clicked on

2018-05-28 12:39:22 - [MESSAGE][PASSED] - Object: 'Object Repository/DispensaryToStore/Page_Dispensary Store/a_Sign out' is clicked on

2018-05-28 12:39:22 - [TEST_STEP][PASSED] - delay: Delayed 3 second(s)

2018-05-28 12:39:25 - [MESSAGE][PASSED] - Delayed 3 second(s)

2018-05-28 12:39:25 - [TEST_STEP][PASSED] - navigateToUrl: Navigate to 'http://192.168.137.1/multihospital_new/' successfully

2018-05-28 12:39:25 - [MESSAGE][PASSED] - Navigate to 'http://192.168.137.1/multihospital_new/' successfully

2018-05-28 12:39:25 - [TEST_STEP][PASSED] - click: Object: 'Object Repository/DispensaryToStore/Page_KDMC/a_CMO' is clicked on

2018-05-28 12:39:26 - [MESSAGE][PASSED] - Object: 'Object Repository/DispensaryToStore/Page_KDMC/a_CMO' is clicked on

2018-05-28 12:39:26 - [TEST_STEP][PASSED] - setText: Text 'guru' is set on object 'Object Repository/DispensaryToStore/Page_CMO login/input_txtusername'

2018-05-28 12:39:26 - [MESSAGE][PASSED] - Text 'guru' is set on object 'Object Repository/DispensaryToStore/Page_CMO login/input_txtusername'

2018-05-28 12:39:26 - [TEST_STEP][PASSED] - setText: Text '123' is set on object 'Object Repository/DispensaryToStore/Page_CMO login/input_txtpassword'

2018-05-28 12:39:26 - [MESSAGE][PASSED] - Text '123' is set on object 'Object Repository/DispensaryToStore/Page_CMO login/input_txtpassword'

2018-05-28 12:39:26 - [TEST_STEP][PASSED] - delay: Delayed 3 second(s)

2018-05-28 12:39:29 - [MESSAGE][PASSED] - Delayed 3 second(s)

2018-05-28 12:39:29 - [TEST_STEP][PASSED] - click: Object: 'Object Repository/DispensaryToStore/Page_CMO login/button_Sign in' is clicked on

2018-05-28 12:39:31 - [MESSAGE][PASSED] - Object: 'Object Repository/DispensaryToStore/Page_CMO login/button_Sign in' is clicked on

2018-05-28 12:39:31 - [TEST_STEP][PASSED] - click: Object: 'Object Repository/DispensaryToStore/Page_KDMC - CMO/a_Department Wise Request' is clicked on

2018-05-28 12:39:33 - [MESSAGE][PASSED] - Object: 'Object Repository/DispensaryToStore/Page_KDMC - CMO/a_Department Wise Request' is clicked on

2018-05-28 12:39:33 - [TEST_STEP][PASSED] - delay: Delayed 2 second(s)

2018-05-28 12:39:35 - [MESSAGE][PASSED] - Delayed 2 second(s)

2018-05-28 12:39:35 - [TEST_STEP][PASSED] - selectOptionByIndex: All options with index in [6] are selected on object 'Object Repository/DispensaryToStore/Page_KDMC - CMO/select_--ALL--'

2018-05-28 12:39:35 - [MESSAGE][PASSED] - All options with index in [6] are selected on object 'Object Repository/DispensaryToStore/Page_KDMC - CMO/select_--ALL--'

2018-05-28 12:39:35 - [TEST_STEP][PASSED] - click: Object: 'Object Repository/DispensaryToStore/Page_KDMC - CMO/input_btnsearch' is clicked on

2018-05-28 12:39:35 - [MESSAGE][PASSED] - Object: 'Object Repository/DispensaryToStore/Page_KDMC - CMO/input_btnsearch' is clicked on

2018-05-28 12:39:35 - [TEST_STEP][PASSED] - selectOptionByIndex: All options with index in [1] are selected on object 'Object Repository/DispensaryToStore/Page_KDMC - CMO/select_--ALL--                _1'

2018-05-28 12:39:35 - [MESSAGE][PASSED] - All options with index in [1] are selected on object 'Object Repository/DispensaryToStore/Page_KDMC - CMO/select_--ALL--                _1'

2018-05-28 12:39:35 - [TEST_STEP][PASSED] - click: Object: 'Object Repository/DispensaryToStore/Page_KDMC - CMO/input_btnsearch' is clicked on

2018-05-28 12:39:35 - [MESSAGE][PASSED] - Object: 'Object Repository/DispensaryToStore/Page_KDMC - CMO/input_btnsearch' is clicked on

2018-05-28 12:39:35 - [TEST_STEP][PASSED] - Statement - ID = com.kms.katalon.core.webui.keyword.WebUiBuiltInKeywords.modifyObjectProperty(com.kms.katalon.core.testobject.ObjectRepository.findTestObject(lab/Page_KDMC - CMO/input_1), "xpath", "equals", "//*[@id=" + RID + "]", true): Modify property of object successfully

2018-05-28 12:39:35 - [MESSAGE][PASSED] - Modify property of object successfully

2018-05-28 12:39:35 - [TEST_STEP][PASSED] - click: Object: 'Object Repository/lab/Page_KDMC - CMO/input_1' is clicked on

2018-05-28 12:39:36 - [MESSAGE][PASSED] - Object: 'Object Repository/lab/Page_KDMC - CMO/input_1' is clicked on

2018-05-28 12:39:36 - [TEST_STEP][PASSED] - delay: Delayed 2 second(s)

2018-05-28 12:39:38 - [MESSAGE][PASSED] - Delayed 2 second(s)

2018-05-28 12:39:38 - [TEST_STEP][PASSED] - selectOptionByIndex: All options with index in [1] are selected on object 'Object Repository/DispensaryToStore/Page_KDMC - CMO/select_--Select--'

2018-05-28 12:39:38 - [MESSAGE][PASSED] - All options with index in [1] are selected on object 'Object Repository/DispensaryToStore/Page_KDMC - CMO/select_--Select--'

2018-05-28 12:39:38 - [TEST_STEP][PASSED] - click: Object: 'Object Repository/DispensaryToStore/Page_KDMC - CMO/input_btnupdate' is clicked on

2018-05-28 12:39:38 - [MESSAGE][PASSED] - Object: 'Object Repository/DispensaryToStore/Page_KDMC - CMO/input_btnupdate' is clicked on

2018-05-28 12:39:38 - [TEST_STEP][PASSED] - delay: Delayed 2 second(s)

2018-05-28 12:39:40 - [MESSAGE][PASSED] - Delayed 2 second(s)

2018-05-28 12:39:40 - [TEST_STEP][PASSED] - click: Object: 'Object Repository/DispensaryToStore/Page_KDMC - CMO/button_OK' is clicked on

2018-05-28 12:39:41 - [MESSAGE][PASSED] - Object: 'Object Repository/DispensaryToStore/Page_KDMC - CMO/button_OK' is clicked on

2018-05-28 12:39:41 - [TEST_STEP][PASSED] - delay: Delayed 2 second(s)

2018-05-28 12:39:43 - [MESSAGE][PASSED] - Delayed 2 second(s)

2018-05-28 12:39:43 - [TEST_STEP][PASSED] - waitForElementPresent: Object 'Object Repository/DispensaryToStore/Page_Dispensary Store/a_dropdown-toggle' is not present after 20 second(s)

2018-05-28 12:40:04 - [MESSAGE][WARNING] - Object 'Object Repository/DispensaryToStore/Page_Dispensary Store/a_dropdown-toggle' is not present after 20 second(s)

2018-05-28 12:40:04 - [TEST_STEP][PASSED] - click: Object: 'Object Repository/DispensaryToStore/Page_KDMC - CMO/a_dropdown-toggle' is clicked on

2018-05-28 12:40:04 - [MESSAGE][PASSED] - Object: 'Object Repository/DispensaryToStore/Page_KDMC - CMO/a_dropdown-toggle' is clicked on

2018-05-28 12:40:04 - [TEST_STEP][PASSED] - click: Object: 'Object Repository/DispensaryToStore/Page_KDMC - CMO/a_Sign out' is clicked on

2018-05-28 12:40:05 - [MESSAGE][PASSED] - Object: 'Object Repository/DispensaryToStore/Page_KDMC - CMO/a_Sign out' is clicked on

2018-05-28 12:40:05 - [TEST_STEP][PASSED] - delay: Delayed 3 second(s)

2018-05-28 12:40:08 - [MESSAGE][PASSED] - Delayed 3 second(s)

2018-05-28 12:40:08 - [TEST_STEP][PASSED] - click: Object: 'Object Repository/DispensaryToStore/Page_KDMC/a_Divisional Store' is clicked on

2018-05-28 12:40:09 - [MESSAGE][PASSED] - Object: 'Object Repository/DispensaryToStore/Page_KDMC/a_Divisional Store' is clicked on

2018-05-28 12:40:09 - [TEST_STEP][PASSED] - setText: Text 'ragu' is set on object 'Object Repository/DispensaryToStore/Page_Divisonal Store Login/input_txtusername'

2018-05-28 12:40:09 - [MESSAGE][PASSED] - Text 'ragu' is set on object 'Object Repository/DispensaryToStore/Page_Divisonal Store Login/input_txtusername'

2018-05-28 12:40:09 - [TEST_STEP][PASSED] - setText: Text '123' is set on object 'Object Repository/DispensaryToStore/Page_Divisonal Store Login/input_txtpassword'

2018-05-28 12:40:09 - [MESSAGE][PASSED] - Text '123' is set on object 'Object Repository/DispensaryToStore/Page_Divisonal Store Login/input_txtpassword'

2018-05-28 12:40:09 - [TEST_STEP][PASSED] - delay: Delayed 3 second(s)

2018-05-28 12:40:12 - [MESSAGE][PASSED] - Delayed 3 second(s)

2018-05-28 12:40:12 - [TEST_STEP][PASSED] - click: Object: 'Object Repository/DispensaryToStore/Page_Divisonal Store Login/button_Sign in' is clicked on

2018-05-28 12:40:13 - [MESSAGE][PASSED] - Object: 'Object Repository/DispensaryToStore/Page_Divisonal Store Login/button_Sign in' is clicked on

2018-05-28 12:40:13 - [TEST_STEP][PASSED] - delay: Delayed 3 second(s)

2018-05-28 12:40:16 - [MESSAGE][PASSED] - Delayed 3 second(s)

2018-05-28 12:40:16 - [TEST_STEP][PASSED] - scrollToPosition: Browser is scrolled to position x = 100, y = 100

2018-05-28 12:40:16 - [MESSAGE][PASSED] - Browser is scrolled to position x = 100, y = 100

2018-05-28 12:40:16 - [TEST_STEP][PASSED] - click: Object: 'Object Repository/DispensaryToStore/Page_Store/a_Dispensary Request' is clicked on

2018-05-28 12:40:17 - [MESSAGE][PASSED] - Object: 'Object Repository/DispensaryToStore/Page_Store/a_Dispensary Request' is clicked on

2018-05-28 12:40:17 - [TEST_STEP][PASSED] - delay: Delayed 2 second(s)

2018-05-28 12:40:19 - [MESSAGE][PASSED] - Delayed 2 second(s)

2018-05-28 12:40:19 - [TEST_STEP][PASSED] - click: Object: 'Object Repository/DispensaryToStore/Page_Store/a_Request Item Dispensary' is clicked on

2018-05-28 12:40:20 - [MESSAGE][PASSED] - Object: 'Object Repository/DispensaryToStore/Page_Store/a_Request Item Dispensary' is clicked on

2018-05-28 12:40:20 - [TEST_STEP][PASSED] - Statement - ChooseRequest = com.kms.katalon.core.webui.keyword.WebUiBuiltInKeywords.modifyObjectProperty(com.kms.katalon.core.testobject.ObjectRepository.findTestObject(lab/Page_Store/input_1), "xpath", "equals", "//*[@id=" + RID + "]", true): Modify property of object successfully

2018-05-28 12:40:20 - [MESSAGE][PASSED] - Modify property of object successfully

2018-05-28 12:40:20 - [TEST_STEP][PASSED] - click: Object: 'Object Repository/lab/Page_Store/input_1' is clicked on

2018-05-28 12:40:20 - [MESSAGE][PASSED] - Object: 'Object Repository/lab/Page_Store/input_1' is clicked on

2018-05-28 12:40:20 - [TEST_STEP][PASSED] - Statement - selectedoptions = com.kms.katalon.core.webui.keyword.WebUiBuiltInKeywords.getNumberOfTotalOption(com.kms.katalon.core.testobject.ObjectRepository.findTestObject(DispensaryToStore/Page_Store/select_--Select--Adernaline 0.)): 16 options of object 'Object Repository/DispensaryToStore/Page_Store/select_--Select--Adernaline 0.' counted

2018-05-28 12:40:21 - [MESSAGE][PASSED] - 16 options of object 'Object Repository/DispensaryToStore/Page_Store/select_--Select--Adernaline 0.' counted

2018-05-28 12:40:21 - [TEST_STEP][PASSED] - Statement - For ([a = 1, a <= selectedoptions - 1, (a++)]): null

2018-05-28 12:40:21 - [TEST_STEP][PASSED] - selectOptionByIndex: All options with index in [1] are selected on object 'Object Repository/DispensaryToStore/Page_Store/select_--Select--Adernaline 0.'

2018-05-28 12:40:21 - [MESSAGE][PASSED] - All options with index in [1] are selected on object 'Object Repository/DispensaryToStore/Page_Store/select_--Select--Adernaline 0.'

2018-05-28 12:40:21 - [TEST_STEP][PASSED] - delay: Delayed 2 second(s)

2018-05-28 12:40:23 - [MESSAGE][PASSED] - Delayed 2 second(s)

2018-05-28 12:40:23 - [TEST_STEP][PASSED] - Statement - RequestedQty = com.kms.katalon.core.webui.keyword.WebUiBuiltInKeywords.getAttribute(com.kms.katalon.core.testobject.ObjectRepository.findTestObject(DispensaryToStore/Page_Store/input_txttotal), "value"): Attribute 'value' of object 'Object Repository/DispensaryToStore/Page_Store/input_txttotal' is: '10'

2018-05-28 12:40:23 - [MESSAGE][PASSED] - Attribute 'value' of object 'Object Repository/DispensaryToStore/Page_Store/input_txttotal' is: '10'

2018-05-28 12:40:23 - [TEST_STEP][PASSED] - Statement - out.println("Requested QTY : " + RequestedQty): null

2018-05-28 12:40:23 - [TEST_STEP][PASSED] - Statement - BatchNumber = com.kms.katalon.core.webui.keyword.WebUiBuiltInKeywords.getNumberOfTotalOption(com.kms.katalon.core.testobject.ObjectRepository.findTestObject(DispensaryToStore/Page_Store/select_--Select--BA1170BA2376B)): 6 options of object 'Object Repository/DispensaryToStore/Page_Store/select_--Select--BA1170BA2376B' counted

2018-05-28 12:40:23 - [MESSAGE][PASSED] - 6 options of object 'Object Repository/DispensaryToStore/Page_Store/select_--Select--BA1170BA2376B' counted

2018-05-28 12:40:23 - [TEST_STEP][PASSED] - Statement - For ([g = 1, g <= BatchNumber - 1, (g++)]): null

2018-05-28 12:40:23 - [TEST_STEP][PASSED] - selectOptionByIndex: All options with index in [1] are selected on object 'Object Repository/DispensaryToStore/Page_Store/select_--Select--BA1170BA2376B'

2018-05-28 12:40:23 - [MESSAGE][PASSED] - All options with index in [1] are selected on object 'Object Repository/DispensaryToStore/Page_Store/select_--Select--BA1170BA2376B'

2018-05-28 12:40:23 - [TEST_STEP][PASSED] - Statement - Try: null

2018-05-28 12:40:23 - [TEST_STEP][PASSED] - Statement - StockQty = com.kms.katalon.core.webui.keyword.WebUiBuiltInKeywords.getAttribute(com.kms.katalon.core.testobject.ObjectRepository.findTestObject(DispensaryToStore/Page_Store/input_txtprice), "value"): Attribute 'value' of object 'Object Repository/DispensaryToStore/Page_Store/input_txtprice' is: '390'

2018-05-28 12:40:23 - [MESSAGE][PASSED] - Attribute 'value' of object 'Object Repository/DispensaryToStore/Page_Store/input_txtprice' is: '390'

2018-05-28 12:40:23 - [TEST_STEP][PASSED] - Statement - out.println("Stock QTY : " + StockQty): null

2018-05-28 12:40:23 - [TEST_STEP][PASSED] - delay: Delayed 2 second(s)

2018-05-28 12:40:25 - [MESSAGE][PASSED] - Delayed 2 second(s)

2018-05-28 12:40:25 - [TEST_STEP][PASSED] - Statement - If (java.lang.String.valueOf(StockQty) >= java.lang.String.valueOf(RequestedQty)): null

2018-05-28 12:40:25 - [TEST_STEP][PASSED] - setText: Text '10' is set on object 'Object Repository/DispensaryToStore/Page_Store/input_txtqty'

2018-05-28 12:40:25 - [MESSAGE][PASSED] - Text '10' is set on object 'Object Repository/DispensaryToStore/Page_Store/input_txtqty'

2018-05-28 12:40:25 - [TEST_STEP][PASSED] - click: Object: 'Object Repository/DispensaryToStore/Page_Store/button_Add' is clicked on

2018-05-28 12:40:25 - [MESSAGE][PASSED] - Object: 'Object Repository/DispensaryToStore/Page_Store/button_Add' is clicked on

2018-05-28 12:40:25 - [TEST_STEP][PASSED] - Statement - Break: null

2018-05-28 12:40:25 - [TEST_STEP][PASSED] - selectOptionByIndex: All options with index in [2] are selected on object 'Object Repository/DispensaryToStore/Page_Store/select_--Select--Adernaline 0.'

2018-05-28 12:40:26 - [MESSAGE][PASSED] - All options with index in [2] are selected on object 'Object Repository/DispensaryToStore/Page_Store/select_--Select--Adernaline 0.'

2018-05-28 12:40:26 - [TEST_STEP][PASSED] - delay: Delayed 2 second(s)

2018-05-28 12:40:28 - [MESSAGE][PASSED] - Delayed 2 second(s)

2018-05-28 12:40:28 - [TEST_STEP][PASSED] - Statement - RequestedQty = com.kms.katalon.core.webui.keyword.WebUiBuiltInKeywords.getAttribute(com.kms.katalon.core.testobject.ObjectRepository.findTestObject(DispensaryToStore/Page_Store/input_txttotal), "value"): Attribute 'value' of object 'Object Repository/DispensaryToStore/Page_Store/input_txttotal' is: '10'

2018-05-28 12:40:28 - [MESSAGE][PASSED] - Attribute 'value' of object 'Object Repository/DispensaryToStore/Page_Store/input_txttotal' is: '10'

2018-05-28 12:40:28 - [TEST_STEP][PASSED] - Statement - out.println("Requested QTY : " + RequestedQty): null

2018-05-28 12:40:28 - [TEST_STEP][PASSED] - Statement - BatchNumber = com.kms.katalon.core.webui.keyword.WebUiBuiltInKeywords.getNumberOfTotalOption(com.kms.katalon.core.testobject.ObjectRepository.findTestObject(DispensaryToStore/Page_Store/select_--Select--BA1170BA2376B)): 4 options of object 'Object Repository/DispensaryToStore/Page_Store/select_--Select--BA1170BA2376B' counted

2018-05-28 12:40:28 - [MESSAGE][PASSED] - 4 options of object 'Object Repository/DispensaryToStore/Page_Store/select_--Select--BA1170BA2376B' counted

2018-05-28 12:40:28 - [TEST_STEP][PASSED] - Statement - For ([g = 1, g <= BatchNumber - 1, (g++)]): null

2018-05-28 12:40:28 - [TEST_STEP][PASSED] - selectOptionByIndex: All options with index in [1] are selected on object 'Object Repository/DispensaryToStore/Page_Store/select_--Select--BA1170BA2376B'

2018-05-28 12:40:28 - [MESSAGE][PASSED] - All options with index in [1] are selected on object 'Object Repository/DispensaryToStore/Page_Store/select_--Select--BA1170BA2376B'

2018-05-28 12:40:28 - [TEST_STEP][PASSED] - Statement - Try: null

2018-05-28 12:40:28 - [TEST_STEP][PASSED] - Statement - StockQty = com.kms.katalon.core.webui.keyword.WebUiBuiltInKeywords.getAttribute(com.kms.katalon.core.testobject.ObjectRepository.findTestObject(DispensaryToStore/Page_Store/input_txtprice), "value"): Attribute 'value' of object 'Object Repository/DispensaryToStore/Page_Store/input_txtprice' is: '420'

2018-05-28 12:40:28 - [MESSAGE][PASSED] - Attribute 'value' of object 'Object Repository/DispensaryToStore/Page_Store/input_txtprice' is: '420'

2018-05-28 12:40:28 - [TEST_STEP][PASSED] - Statement - out.println("Stock QTY : " + StockQty): null

2018-05-28 12:40:28 - [TEST_STEP][PASSED] - delay: Delayed 2 second(s)

2018-05-28 12:40:30 - [MESSAGE][PASSED] - Delayed 2 second(s)

2018-05-28 12:40:30 - [TEST_STEP][PASSED] - Statement - If (java.lang.String.valueOf(StockQty) >= java.lang.String.valueOf(RequestedQty)): null

2018-05-28 12:40:30 - [TEST_STEP][PASSED] - setText: Text '10' is set on object 'Object Repository/DispensaryToStore/Page_Store/input_txtqty'

2018-05-28 12:40:30 - [MESSAGE][PASSED] - Text '10' is set on object 'Object Repository/DispensaryToStore/Page_Store/input_txtqty'

2018-05-28 12:40:30 - [TEST_STEP][PASSED] - click: Object: 'Object Repository/DispensaryToStore/Page_Store/button_Add' is clicked on

2018-05-28 12:40:30 - [MESSAGE][PASSED] - Object: 'Object Repository/DispensaryToStore/Page_Store/button_Add' is clicked on

2018-05-28 12:40:30 - [TEST_STEP][PASSED] - Statement - Break: null

2018-05-28 12:40:30 - [TEST_STEP][PASSED] - selectOptionByIndex: All options with index in [3] are selected on object 'Object Repository/DispensaryToStore/Page_Store/select_--Select--Adernaline 0.'

2018-05-28 12:40:30 - [MESSAGE][PASSED] - All options with index in [3] are selected on object 'Object Repository/DispensaryToStore/Page_Store/select_--Select--Adernaline 0.'

2018-05-28 12:40:30 - [TEST_STEP][PASSED] - delay: Delayed 2 second(s)

2018-05-28 12:40:32 - [MESSAGE][PASSED] - Delayed 2 second(s)

2018-05-28 12:40:32 - [TEST_STEP][PASSED] - Statement - RequestedQty = com.kms.katalon.core.webui.keyword.WebUiBuiltInKeywords.getAttribute(com.kms.katalon.core.testobject.ObjectRepository.findTestObject(DispensaryToStore/Page_Store/input_txttotal), "value"): Attribute 'value' of object 'Object Repository/DispensaryToStore/Page_Store/input_txttotal' is: '10'

2018-05-28 12:40:32 - [MESSAGE][PASSED] - Attribute 'value' of object 'Object Repository/DispensaryToStore/Page_Store/input_txttotal' is: '10'

2018-05-28 12:40:32 - [TEST_STEP][PASSED] - Statement - out.println("Requested QTY : " + RequestedQty): null

2018-05-28 12:40:32 - [TEST_STEP][PASSED] - Statement - BatchNumber = com.kms.katalon.core.webui.keyword.WebUiBuiltInKeywords.getNumberOfTotalOption(com.kms.katalon.core.testobject.ObjectRepository.findTestObject(DispensaryToStore/Page_Store/select_--Select--BA1170BA2376B)): 5 options of object 'Object Repository/DispensaryToStore/Page_Store/select_--Select--BA1170BA2376B' counted

2018-05-28 12:40:32 - [MESSAGE][PASSED] - 5 options of object 'Object Repository/DispensaryToStore/Page_Store/select_--Select--BA1170BA2376B' counted

2018-05-28 12:40:32 - [TEST_STEP][PASSED] - Statement - For ([g = 1, g <= BatchNumber - 1, (g++)]): null

2018-05-28 12:40:32 - [TEST_STEP][PASSED] - selectOptionByIndex: All options with index in [1] are selected on object 'Object Repository/DispensaryToStore/Page_Store/select_--Select--BA1170BA2376B'

2018-05-28 12:40:32 - [MESSAGE][PASSED] - All options with index in [1] are selected on object 'Object Repository/DispensaryToStore/Page_Store/select_--Select--BA1170BA2376B'

2018-05-28 12:40:32 - [TEST_STEP][PASSED] - Statement - Try: null

2018-05-28 12:40:32 - [TEST_STEP][PASSED] - Statement - StockQty = com.kms.katalon.core.webui.keyword.WebUiBuiltInKeywords.getAttribute(com.kms.katalon.core.testobject.ObjectRepository.findTestObject(DispensaryToStore/Page_Store/input_txtprice), "value"): Attribute 'value' of object 'Object Repository/DispensaryToStore/Page_Store/input_txtprice' is: '390'

2018-05-28 12:40:32 - [MESSAGE][PASSED] - Attribute 'value' of object 'Object Repository/DispensaryToStore/Page_Store/input_txtprice' is: '390'

2018-05-28 12:40:32 - [TEST_STEP][PASSED] - Statement - out.println("Stock QTY : " + StockQty): null

2018-05-28 12:40:32 - [TEST_STEP][PASSED] - delay: Delayed 2 second(s)

2018-05-28 12:40:34 - [MESSAGE][PASSED] - Delayed 2 second(s)

2018-05-28 12:40:34 - [TEST_STEP][PASSED] - Statement - If (java.lang.String.valueOf(StockQty) >= java.lang.String.valueOf(RequestedQty)): null

2018-05-28 12:40:34 - [TEST_STEP][PASSED] - setText: Text '10' is set on object 'Object Repository/DispensaryToStore/Page_Store/input_txtqty'

2018-05-28 12:40:34 - [MESSAGE][PASSED] - Text '10' is set on object 'Object Repository/DispensaryToStore/Page_Store/input_txtqty'

2018-05-28 12:40:34 - [TEST_STEP][PASSED] - click: Object: 'Object Repository/DispensaryToStore/Page_Store/button_Add' is clicked on

2018-05-28 12:40:34 - [MESSAGE][PASSED] - Object: 'Object Repository/DispensaryToStore/Page_Store/button_Add' is clicked on

2018-05-28 12:40:34 - [TEST_STEP][PASSED] - Statement - Break: null

2018-05-28 12:40:34 - [TEST_STEP][PASSED] - selectOptionByIndex: All options with index in [4] are selected on object 'Object Repository/DispensaryToStore/Page_Store/select_--Select--Adernaline 0.'

2018-05-28 12:40:35 - [MESSAGE][PASSED] - All options with index in [4] are selected on object 'Object Repository/DispensaryToStore/Page_Store/select_--Select--Adernaline 0.'

2018-05-28 12:40:35 - [TEST_STEP][PASSED] - delay: Delayed 2 second(s)

2018-05-28 12:40:37 - [MESSAGE][PASSED] - Delayed 2 second(s)

2018-05-28 12:40:37 - [TEST_STEP][PASSED] - Statement - RequestedQty = com.kms.katalon.core.webui.keyword.WebUiBuiltInKeywords.getAttribute(com.kms.katalon.core.testobject.ObjectRepository.findTestObject(DispensaryToStore/Page_Store/input_txttotal), "value"): Attribute 'value' of object 'Object Repository/DispensaryToStore/Page_Store/input_txttotal' is: '10'

2018-05-28 12:40:37 - [MESSAGE][PASSED] - Attribute 'value' of object 'Object Repository/DispensaryToStore/Page_Store/input_txttotal' is: '10'

2018-05-28 12:40:37 - [TEST_STEP][PASSED] - Statement - out.println("Requested QTY : " + RequestedQty): null

2018-05-28 12:40:37 - [TEST_STEP][PASSED] - Statement - BatchNumber = com.kms.katalon.core.webui.keyword.WebUiBuiltInKeywords.getNumberOfTotalOption(com.kms.katalon.core.testobject.ObjectRepository.findTestObject(DispensaryToStore/Page_Store/select_--Select--BA1170BA2376B)): 4 options of object 'Object Repository/DispensaryToStore/Page_Store/select_--Select--BA1170BA2376B' counted

2018-05-28 12:40:37 - [MESSAGE][PASSED] - 4 options of object 'Object Repository/DispensaryToStore/Page_Store/select_--Select--BA1170BA2376B' counted

2018-05-28 12:40:37 - [TEST_STEP][PASSED] - Statement - For ([g = 1, g <= BatchNumber - 1, (g++)]): null

2018-05-28 12:40:37 - [TEST_STEP][PASSED] - selectOptionByIndex: All options with index in [1] are selected on object 'Object Repository/DispensaryToStore/Page_Store/select_--Select--BA1170BA2376B'

2018-05-28 12:40:37 - [MESSAGE][PASSED] - All options with index in [1] are selected on object 'Object Repository/DispensaryToStore/Page_Store/select_--Select--BA1170BA2376B'

2018-05-28 12:40:37 - [TEST_STEP][PASSED] - Statement - Try: null

2018-05-28 12:40:37 - [TEST_STEP][PASSED] - Statement - StockQty = com.kms.katalon.core.webui.keyword.WebUiBuiltInKeywords.getAttribute(com.kms.katalon.core.testobject.ObjectRepository.findTestObject(DispensaryToStore/Page_Store/input_txtprice), "value"): Attribute 'value' of object 'Object Repository/DispensaryToStore/Page_Store/input_txtprice' is: '80'

2018-05-28 12:40:37 - [MESSAGE][PASSED] - Attribute 'value' of object 'Object Repository/DispensaryToStore/Page_Store/input_txtprice' is: '80'

2018-05-28 12:40:37 - [TEST_STEP][PASSED] - Statement - out.println("Stock QTY : " + StockQty): null

2018-05-28 12:40:37 - [TEST_STEP][PASSED] - delay: Delayed 2 second(s)

2018-05-28 12:40:39 - [MESSAGE][PASSED] - Delayed 2 second(s)

2018-05-28 12:40:39 - [TEST_STEP][PASSED] - Statement - If (java.lang.String.valueOf(StockQty) >= java.lang.String.valueOf(RequestedQty)): null

2018-05-28 12:40:39 - [TEST_STEP][PASSED] - setText: Text '10' is set on object 'Object Repository/DispensaryToStore/Page_Store/input_txtqty'

2018-05-28 12:40:39 - [MESSAGE][PASSED] - Text '10' is set on object 'Object Repository/DispensaryToStore/Page_Store/input_txtqty'

2018-05-28 12:40:39 - [TEST_STEP][PASSED] - click: Object: 'Object Repository/DispensaryToStore/Page_Store/button_Add' is clicked on

2018-05-28 12:40:39 - [MESSAGE][PASSED] - Object: 'Object Repository/DispensaryToStore/Page_Store/button_Add' is clicked on

2018-05-28 12:40:39 - [TEST_STEP][PASSED] - Statement - Break: null

2018-05-28 12:40:39 - [TEST_STEP][PASSED] - selectOptionByIndex: All options with index in [5] are selected on object 'Object Repository/DispensaryToStore/Page_Store/select_--Select--Adernaline 0.'

2018-05-28 12:40:39 - [MESSAGE][PASSED] - All options with index in [5] are selected on object 'Object Repository/DispensaryToStore/Page_Store/select_--Select--Adernaline 0.'

2018-05-28 12:40:39 - [TEST_STEP][PASSED] - delay: Delayed 2 second(s)

2018-05-28 12:40:41 - [MESSAGE][PASSED] - Delayed 2 second(s)

2018-05-28 12:40:41 - [TEST_STEP][PASSED] - Statement - RequestedQty = com.kms.katalon.core.webui.keyword.WebUiBuiltInKeywords.getAttribute(com.kms.katalon.core.testobject.ObjectRepository.findTestObject(DispensaryToStore/Page_Store/input_txttotal), "value"): Attribute 'value' of object 'Object Repository/DispensaryToStore/Page_Store/input_txttotal' is: '10'

2018-05-28 12:40:41 - [MESSAGE][PASSED] - Attribute 'value' of object 'Object Repository/DispensaryToStore/Page_Store/input_txttotal' is: '10'

2018-05-28 12:40:41 - [TEST_STEP][PASSED] - Statement - out.println("Requested QTY : " + RequestedQty): null

2018-05-28 12:40:41 - [TEST_STEP][PASSED] - Statement - BatchNumber = com.kms.katalon.core.webui.keyword.WebUiBuiltInKeywords.getNumberOfTotalOption(com.kms.katalon.core.testobject.ObjectRepository.findTestObject(DispensaryToStore/Page_Store/select_--Select--BA1170BA2376B)): 3 options of object 'Object Repository/DispensaryToStore/Page_Store/select_--Select--BA1170BA2376B' counted

2018-05-28 12:40:41 - [MESSAGE][PASSED] - 3 options of object 'Object Repository/DispensaryToStore/Page_Store/select_--Select--BA1170BA2376B' counted

2018-05-28 12:40:41 - [TEST_STEP][PASSED] - Statement - For ([g = 1, g <= BatchNumber - 1, (g++)]): null

2018-05-28 12:40:41 - [TEST_STEP][PASSED] - selectOptionByIndex: All options with index in [1] are selected on object 'Object Repository/DispensaryToStore/Page_Store/select_--Select--BA1170BA2376B'

2018-05-28 12:40:41 - [MESSAGE][PASSED] - All options with index in [1] are selected on object 'Object Repository/DispensaryToStore/Page_Store/select_--Select--BA1170BA2376B'

2018-05-28 12:40:41 - [TEST_STEP][PASSED] - Statement - Try: null

2018-05-28 12:40:41 - [TEST_STEP][PASSED] - Statement - StockQty = com.kms.katalon.core.webui.keyword.WebUiBuiltInKeywords.getAttribute(com.kms.katalon.core.testobject.ObjectRepository.findTestObject(DispensaryToStore/Page_Store/input_txtprice), "value"): Attribute 'value' of object 'Object Repository/DispensaryToStore/Page_Store/input_txtprice' is: '2410'

2018-05-28 12:40:42 - [MESSAGE][PASSED] - Attribute 'value' of object 'Object Repository/DispensaryToStore/Page_Store/input_txtprice' is: '2410'

2018-05-28 12:40:42 - [TEST_STEP][PASSED] - Statement - out.println("Stock QTY : " + StockQty): null

2018-05-28 12:40:42 - [TEST_STEP][PASSED] - delay: Delayed 2 second(s)

2018-05-28 12:40:44 - [MESSAGE][PASSED] - Delayed 2 second(s)

2018-05-28 12:40:44 - [TEST_STEP][PASSED] - Statement - If (java.lang.String.valueOf(StockQty) >= java.lang.String.valueOf(RequestedQty)): null

2018-05-28 12:40:44 - [TEST_STEP][PASSED] - setText: Text '10' is set on object 'Object Repository/DispensaryToStore/Page_Store/input_txtqty'

2018-05-28 12:40:44 - [MESSAGE][PASSED] - Text '10' is set on object 'Object Repository/DispensaryToStore/Page_Store/input_txtqty'

2018-05-28 12:40:44 - [TEST_STEP][PASSED] - click: Object: 'Object Repository/DispensaryToStore/Page_Store/button_Add' is clicked on

2018-05-28 12:40:44 - [MESSAGE][PASSED] - Object: 'Object Repository/DispensaryToStore/Page_Store/button_Add' is clicked on

2018-05-28 12:40:44 - [TEST_STEP][PASSED] - Statement - Break: null

2018-05-28 12:40:44 - [TEST_STEP][PASSED] - selectOptionByIndex: All options with index in [6] are selected on object 'Object Repository/DispensaryToStore/Page_Store/select_--Select--Adernaline 0.'

2018-05-28 12:40:44 - [MESSAGE][PASSED] - All options with index in [6] are selected on object 'Object Repository/DispensaryToStore/Page_Store/select_--Select--Adernaline 0.'

2018-05-28 12:40:44 - [TEST_STEP][PASSED] - delay: Delayed 2 second(s)

2018-05-28 12:40:46 - [MESSAGE][PASSED] - Delayed 2 second(s)

2018-05-28 12:40:46 - [TEST_STEP][PASSED] - Statement - RequestedQty = com.kms.katalon.core.webui.keyword.WebUiBuiltInKeywords.getAttribute(com.kms.katalon.core.testobject.ObjectRepository.findTestObject(DispensaryToStore/Page_Store/input_txttotal), "value"): Attribute 'value' of object 'Object Repository/DispensaryToStore/Page_Store/input_txttotal' is: '10'

2018-05-28 12:40:46 - [MESSAGE][PASSED] - Attribute 'value' of object 'Object Repository/DispensaryToStore/Page_Store/input_txttotal' is: '10'

2018-05-28 12:40:46 - [TEST_STEP][PASSED] - Statement - out.println("Requested QTY : " + RequestedQty): null

2018-05-28 12:40:46 - [TEST_STEP][PASSED] - Statement - BatchNumber = com.kms.katalon.core.webui.keyword.WebUiBuiltInKeywords.getNumberOfTotalOption(com.kms.katalon.core.testobject.ObjectRepository.findTestObject(DispensaryToStore/Page_Store/select_--Select--BA1170BA2376B)): 3 options of object 'Object Repository/DispensaryToStore/Page_Store/select_--Select--BA1170BA2376B' counted

2018-05-28 12:40:46 - [MESSAGE][PASSED] - 3 options of object 'Object Repository/DispensaryToStore/Page_Store/select_--Select--BA1170BA2376B' counted

2018-05-28 12:40:46 - [TEST_STEP][PASSED] - Statement - For ([g = 1, g <= BatchNumber - 1, (g++)]): null

2018-05-28 12:40:46 - [TEST_STEP][PASSED] - selectOptionByIndex: All options with index in [1] are selected on object 'Object Repository/DispensaryToStore/Page_Store/select_--Select--BA1170BA2376B'

2018-05-28 12:40:46 - [MESSAGE][PASSED] - All options with index in [1] are selected on object 'Object Repository/DispensaryToStore/Page_Store/select_--Select--BA1170BA2376B'

2018-05-28 12:40:46 - [TEST_STEP][PASSED] - Statement - Try: null

2018-05-28 12:40:46 - [TEST_STEP][PASSED] - Statement - StockQty = com.kms.katalon.core.webui.keyword.WebUiBuiltInKeywords.getAttribute(com.kms.katalon.core.testobject.ObjectRepository.findTestObject(DispensaryToStore/Page_Store/input_txtprice), "value"): Attribute 'value' of object 'Object Repository/DispensaryToStore/Page_Store/input_txtprice' is: '1420'

2018-05-28 12:40:46 - [MESSAGE][PASSED] - Attribute 'value' of object 'Object Repository/DispensaryToStore/Page_Store/input_txtprice' is: '1420'

2018-05-28 12:40:46 - [TEST_STEP][PASSED] - Statement - out.println("Stock QTY : " + StockQty): null

2018-05-28 12:40:46 - [TEST_STEP][PASSED] - delay: Delayed 2 second(s)

2018-05-28 12:40:48 - [MESSAGE][PASSED] - Delayed 2 second(s)

2018-05-28 12:40:48 - [TEST_STEP][PASSED] - Statement - If (java.lang.String.valueOf(StockQty) >= java.lang.String.valueOf(RequestedQty)): null

2018-05-28 12:40:48 - [TEST_STEP][PASSED] - setText: Text '10' is set on object 'Object Repository/DispensaryToStore/Page_Store/input_txtqty'

2018-05-28 12:40:48 - [MESSAGE][PASSED] - Text '10' is set on object 'Object Repository/DispensaryToStore/Page_Store/input_txtqty'

2018-05-28 12:40:48 - [TEST_STEP][PASSED] - click: Object: 'Object Repository/DispensaryToStore/Page_Store/button_Add' is clicked on

2018-05-28 12:40:48 - [MESSAGE][PASSED] - Object: 'Object Repository/DispensaryToStore/Page_Store/button_Add' is clicked on

2018-05-28 12:40:48 - [TEST_STEP][PASSED] - Statement - Break: null

2018-05-28 12:40:48 - [TEST_STEP][PASSED] - selectOptionByIndex: All options with index in [7] are selected on object 'Object Repository/DispensaryToStore/Page_Store/select_--Select--Adernaline 0.'

2018-05-28 12:40:48 - [MESSAGE][PASSED] - All options with index in [7] are selected on object 'Object Repository/DispensaryToStore/Page_Store/select_--Select--Adernaline 0.'

2018-05-28 12:40:48 - [TEST_STEP][PASSED] - delay: Delayed 2 second(s)

2018-05-28 12:40:50 - [MESSAGE][PASSED] - Delayed 2 second(s)

2018-05-28 12:40:50 - [TEST_STEP][PASSED] - Statement - RequestedQty = com.kms.katalon.core.webui.keyword.WebUiBuiltInKeywords.getAttribute(com.kms.katalon.core.testobject.ObjectRepository.findTestObject(DispensaryToStore/Page_Store/input_txttotal), "value"): Attribute 'value' of object 'Object Repository/DispensaryToStore/Page_Store/input_txttotal' is: '10'

2018-05-28 12:40:50 - [MESSAGE][PASSED] - Attribute 'value' of object 'Object Repository/DispensaryToStore/Page_Store/input_txttotal' is: '10'

2018-05-28 12:40:50 - [TEST_STEP][PASSED] - Statement - out.println("Requested QTY : " + RequestedQty): null

2018-05-28 12:40:50 - [TEST_STEP][PASSED] - Statement - BatchNumber = com.kms.katalon.core.webui.keyword.WebUiBuiltInKeywords.getNumberOfTotalOption(com.kms.katalon.core.testobject.ObjectRepository.findTestObject(DispensaryToStore/Page_Store/select_--Select--BA1170BA2376B)): 3 options of object 'Object Repository/DispensaryToStore/Page_Store/select_--Select--BA1170BA2376B' counted

2018-05-28 12:40:51 - [MESSAGE][PASSED] - 3 options of object 'Object Repository/DispensaryToStore/Page_Store/select_--Select--BA1170BA2376B' counted

2018-05-28 12:40:51 - [TEST_STEP][PASSED] - Statement - For ([g = 1, g <= BatchNumber - 1, (g++)]): null

2018-05-28 12:40:51 - [TEST_STEP][PASSED] - selectOptionByIndex: All options with index in [1] are selected on object 'Object Repository/DispensaryToStore/Page_Store/select_--Select--BA1170BA2376B'

2018-05-28 12:40:51 - [MESSAGE][PASSED] - All options with index in [1] are selected on object 'Object Repository/DispensaryToStore/Page_Store/select_--Select--BA1170BA2376B'

2018-05-28 12:40:51 - [TEST_STEP][PASSED] - Statement - Try: null

2018-05-28 12:40:51 - [TEST_STEP][PASSED] - Statement - StockQty = com.kms.katalon.core.webui.keyword.WebUiBuiltInKeywords.getAttribute(com.kms.katalon.core.testobject.ObjectRepository.findTestObject(DispensaryToStore/Page_Store/input_txtprice), "value"): Attribute 'value' of object 'Object Repository/DispensaryToStore/Page_Store/input_txtprice' is: '1320'

2018-05-28 12:40:51 - [MESSAGE][PASSED] - Attribute 'value' of object 'Object Repository/DispensaryToStore/Page_Store/input_txtprice' is: '1320'

2018-05-28 12:40:51 - [TEST_STEP][PASSED] - Statement - out.println("Stock QTY : " + StockQty): null

2018-05-28 12:40:51 - [TEST_STEP][PASSED] - delay: Delayed 2 second(s)

2018-05-28 12:40:53 - [MESSAGE][PASSED] - Delayed 2 second(s)

2018-05-28 12:40:53 - [TEST_STEP][PASSED] - Statement - If (java.lang.String.valueOf(StockQty) >= java.lang.String.valueOf(RequestedQty)): null

2018-05-28 12:40:53 - [TEST_STEP][PASSED] - setText: Text '10' is set on object 'Object Repository/DispensaryToStore/Page_Store/input_txtqty'

2018-05-28 12:40:53 - [MESSAGE][PASSED] - Text '10' is set on object 'Object Repository/DispensaryToStore/Page_Store/input_txtqty'

2018-05-28 12:40:53 - [TEST_STEP][PASSED] - click: Object: 'Object Repository/DispensaryToStore/Page_Store/button_Add' is clicked on

2018-05-28 12:40:53 - [MESSAGE][PASSED] - Object: 'Object Repository/DispensaryToStore/Page_Store/button_Add' is clicked on

2018-05-28 12:40:53 - [TEST_STEP][PASSED] - Statement - Break: null

2018-05-28 12:40:53 - [TEST_STEP][PASSED] - selectOptionByIndex: All options with index in [8] are selected on object 'Object Repository/DispensaryToStore/Page_Store/select_--Select--Adernaline 0.'

2018-05-28 12:40:53 - [MESSAGE][PASSED] - All options with index in [8] are selected on object 'Object Repository/DispensaryToStore/Page_Store/select_--Select--Adernaline 0.'

2018-05-28 12:40:53 - [TEST_STEP][PASSED] - delay: Delayed 2 second(s)

2018-05-28 12:40:55 - [MESSAGE][PASSED] - Delayed 2 second(s)

2018-05-28 12:40:55 - [TEST_STEP][PASSED] - Statement - RequestedQty = com.kms.katalon.core.webui.keyword.WebUiBuiltInKeywords.getAttribute(com.kms.katalon.core.testobject.ObjectRepository.findTestObject(DispensaryToStore/Page_Store/input_txttotal), "value"): Attribute 'value' of object 'Object Repository/DispensaryToStore/Page_Store/input_txttotal' is: '10'

2018-05-28 12:40:55 - [MESSAGE][PASSED] - Attribute 'value' of object 'Object Repository/DispensaryToStore/Page_Store/input_txttotal' is: '10'

2018-05-28 12:40:55 - [TEST_STEP][PASSED] - Statement - out.println("Requested QTY : " + RequestedQty): null

2018-05-28 12:40:55 - [TEST_STEP][PASSED] - Statement - BatchNumber = com.kms.katalon.core.webui.keyword.WebUiBuiltInKeywords.getNumberOfTotalOption(com.kms.katalon.core.testobject.ObjectRepository.findTestObject(DispensaryToStore/Page_Store/select_--Select--BA1170BA2376B)): 2 options of object 'Object Repository/DispensaryToStore/Page_Store/select_--Select--BA1170BA2376B' counted

2018-05-28 12:40:55 - [MESSAGE][PASSED] - 2 options of object 'Object Repository/DispensaryToStore/Page_Store/select_--Select--BA1170BA2376B' counted

2018-05-28 12:40:55 - [TEST_STEP][PASSED] - Statement - For ([g = 1, g <= BatchNumber - 1, (g++)]): null

2018-05-28 12:40:55 - [TEST_STEP][PASSED] - selectOptionByIndex: All options with index in [1] are selected on object 'Object Repository/DispensaryToStore/Page_Store/select_--Select--BA1170BA2376B'

2018-05-28 12:40:55 - [MESSAGE][PASSED] - All options with index in [1] are selected on object 'Object Repository/DispensaryToStore/Page_Store/select_--Select--BA1170BA2376B'

2018-05-28 12:40:55 - [TEST_STEP][PASSED] - Statement - Try: null

2018-05-28 12:40:55 - [TEST_STEP][PASSED] - Statement - StockQty = com.kms.katalon.core.webui.keyword.WebUiBuiltInKeywords.getAttribute(com.kms.katalon.core.testobject.ObjectRepository.findTestObject(DispensaryToStore/Page_Store/input_txtprice), "value"): Attribute 'value' of object 'Object Repository/DispensaryToStore/Page_Store/input_txtprice' is: '1420'

2018-05-28 12:40:55 - [MESSAGE][PASSED] - Attribute 'value' of object 'Object Repository/DispensaryToStore/Page_Store/input_txtprice' is: '1420'

2018-05-28 12:40:55 - [TEST_STEP][PASSED] - Statement - out.println("Stock QTY : " + StockQty): null

2018-05-28 12:40:55 - [TEST_STEP][PASSED] - delay: Delayed 2 second(s)

2018-05-28 12:40:57 - [MESSAGE][PASSED] - Delayed 2 second(s)

2018-05-28 12:40:57 - [TEST_STEP][PASSED] - Statement - If (java.lang.String.valueOf(StockQty) >= java.lang.String.valueOf(RequestedQty)): null

2018-05-28 12:40:57 - [TEST_STEP][PASSED] - setText: Text '10' is set on object 'Object Repository/DispensaryToStore/Page_Store/input_txtqty'

2018-05-28 12:40:58 - [MESSAGE][PASSED] - Text '10' is set on object 'Object Repository/DispensaryToStore/Page_Store/input_txtqty'

2018-05-28 12:40:58 - [TEST_STEP][PASSED] - click: Object: 'Object Repository/DispensaryToStore/Page_Store/button_Add' is clicked on

2018-05-28 12:40:58 - [MESSAGE][PASSED] - Object: 'Object Repository/DispensaryToStore/Page_Store/button_Add' is clicked on

2018-05-28 12:40:58 - [TEST_STEP][PASSED] - Statement - Break: null

2018-05-28 12:40:58 - [TEST_STEP][PASSED] - selectOptionByIndex: All options with index in [9] are selected on object 'Object Repository/DispensaryToStore/Page_Store/select_--Select--Adernaline 0.'

2018-05-28 12:40:58 - [MESSAGE][PASSED] - All options with index in [9] are selected on object 'Object Repository/DispensaryToStore/Page_Store/select_--Select--Adernaline 0.'

2018-05-28 12:40:58 - [TEST_STEP][PASSED] - delay: Delayed 2 second(s)

2018-05-28 12:41:00 - [MESSAGE][PASSED] - Delayed 2 second(s)

2018-05-28 12:41:00 - [TEST_STEP][PASSED] - Statement - RequestedQty = com.kms.katalon.core.webui.keyword.WebUiBuiltInKeywords.getAttribute(com.kms.katalon.core.testobject.ObjectRepository.findTestObject(DispensaryToStore/Page_Store/input_txttotal), "value"): Attribute 'value' of object 'Object Repository/DispensaryToStore/Page_Store/input_txttotal' is: '10'

2018-05-28 12:41:00 - [MESSAGE][PASSED] - Attribute 'value' of object 'Object Repository/DispensaryToStore/Page_Store/input_txttotal' is: '10'

2018-05-28 12:41:00 - [TEST_STEP][PASSED] - Statement - out.println("Requested QTY : " + RequestedQty): null

2018-05-28 12:41:00 - [TEST_STEP][PASSED] - Statement - BatchNumber = com.kms.katalon.core.webui.keyword.WebUiBuiltInKeywords.getNumberOfTotalOption(com.kms.katalon.core.testobject.ObjectRepository.findTestObject(DispensaryToStore/Page_Store/select_--Select--BA1170BA2376B)): 4 options of object 'Object Repository/DispensaryToStore/Page_Store/select_--Select--BA1170BA2376B' counted

2018-05-28 12:41:00 - [MESSAGE][PASSED] - 4 options of object 'Object Repository/DispensaryToStore/Page_Store/select_--Select--BA1170BA2376B' counted

2018-05-28 12:41:00 - [TEST_STEP][PASSED] - Statement - For ([g = 1, g <= BatchNumber - 1, (g++)]): null

2018-05-28 12:41:00 - [TEST_STEP][PASSED] - selectOptionByIndex: All options with index in [1] are selected on object 'Object Repository/DispensaryToStore/Page_Store/select_--Select--BA1170BA2376B'

2018-05-28 12:41:00 - [MESSAGE][PASSED] - All options with index in [1] are selected on object 'Object Repository/DispensaryToStore/Page_Store/select_--Select--BA1170BA2376B'

2018-05-28 12:41:00 - [TEST_STEP][PASSED] - Statement - Try: null

2018-05-28 12:41:00 - [TEST_STEP][PASSED] - Statement - StockQty = com.kms.katalon.core.webui.keyword.WebUiBuiltInKeywords.getAttribute(com.kms.katalon.core.testobject.ObjectRepository.findTestObject(DispensaryToStore/Page_Store/input_txtprice), "value"): Attribute 'value' of object 'Object Repository/DispensaryToStore/Page_Store/input_txtprice' is: '1320'

2018-05-28 12:41:00 - [MESSAGE][PASSED] - Attribute 'value' of object 'Object Repository/DispensaryToStore/Page_Store/input_txtprice' is: '1320'

2018-05-28 12:41:00 - [TEST_STEP][PASSED] - Statement - out.println("Stock QTY : " + StockQty): null

2018-05-28 12:41:00 - [TEST_STEP][PASSED] - delay: Delayed 2 second(s)

2018-05-28 12:41:02 - [MESSAGE][PASSED] - Delayed 2 second(s)

2018-05-28 12:41:02 - [TEST_STEP][PASSED] - Statement - If (java.lang.String.valueOf(StockQty) >= java.lang.String.valueOf(RequestedQty)): null

2018-05-28 12:41:02 - [TEST_STEP][PASSED] - setText: Text '10' is set on object 'Object Repository/DispensaryToStore/Page_Store/input_txtqty'

2018-05-28 12:41:02 - [MESSAGE][PASSED] - Text '10' is set on object 'Object Repository/DispensaryToStore/Page_Store/input_txtqty'

2018-05-28 12:41:02 - [TEST_STEP][PASSED] - click: Object: 'Object Repository/DispensaryToStore/Page_Store/button_Add' is clicked on

2018-05-28 12:41:02 - [MESSAGE][PASSED] - Object: 'Object Repository/DispensaryToStore/Page_Store/button_Add' is clicked on

2018-05-28 12:41:02 - [TEST_STEP][PASSED] - Statement - Break: null

2018-05-28 12:41:02 - [TEST_STEP][PASSED] - selectOptionByIndex: All options with index in [10] are selected on object 'Object Repository/DispensaryToStore/Page_Store/select_--Select--Adernaline 0.'

2018-05-28 12:41:02 - [MESSAGE][PASSED] - All options with index in [10] are selected on object 'Object Repository/DispensaryToStore/Page_Store/select_--Select--Adernaline 0.'

2018-05-28 12:41:02 - [TEST_STEP][PASSED] - delay: Delayed 2 second(s)

2018-05-28 12:41:04 - [MESSAGE][PASSED] - Delayed 2 second(s)

2018-05-28 12:41:04 - [TEST_STEP][PASSED] - Statement - RequestedQty = com.kms.katalon.core.webui.keyword.WebUiBuiltInKeywords.getAttribute(com.kms.katalon.core.testobject.ObjectRepository.findTestObject(DispensaryToStore/Page_Store/input_txttotal), "value"): Attribute 'value' of object 'Object Repository/DispensaryToStore/Page_Store/input_txttotal' is: '10'

2018-05-28 12:41:04 - [MESSAGE][PASSED] - Attribute 'value' of object 'Object Repository/DispensaryToStore/Page_Store/input_txttotal' is: '10'

2018-05-28 12:41:04 - [TEST_STEP][PASSED] - Statement - out.println("Requested QTY : " + RequestedQty): null

2018-05-28 12:41:04 - [TEST_STEP][PASSED] - Statement - BatchNumber = com.kms.katalon.core.webui.keyword.WebUiBuiltInKeywords.getNumberOfTotalOption(com.kms.katalon.core.testobject.ObjectRepository.findTestObject(DispensaryToStore/Page_Store/select_--Select--BA1170BA2376B)): 3 options of object 'Object Repository/DispensaryToStore/Page_Store/select_--Select--BA1170BA2376B' counted

2018-05-28 12:41:04 - [MESSAGE][PASSED] - 3 options of object 'Object Repository/DispensaryToStore/Page_Store/select_--Select--BA1170BA2376B' counted

2018-05-28 12:41:04 - [TEST_STEP][PASSED] - Statement - For ([g = 1, g <= BatchNumber - 1, (g++)]): null

2018-05-28 12:41:04 - [TEST_STEP][PASSED] - selectOptionByIndex: All options with index in [1] are selected on object 'Object Repository/DispensaryToStore/Page_Store/select_--Select--BA1170BA2376B'

2018-05-28 12:41:05 - [MESSAGE][PASSED] - All options with index in [1] are selected on object 'Object Repository/DispensaryToStore/Page_Store/select_--Select--BA1170BA2376B'

2018-05-28 12:41:05 - [TEST_STEP][PASSED] - Statement - Try: null

2018-05-28 12:41:05 - [TEST_STEP][PASSED] - Statement - StockQty = com.kms.katalon.core.webui.keyword.WebUiBuiltInKeywords.getAttribute(com.kms.katalon.core.testobject.ObjectRepository.findTestObject(DispensaryToStore/Page_Store/input_txtprice), "value"): Attribute 'value' of object 'Object Repository/DispensaryToStore/Page_Store/input_txtprice' is: '1420'

2018-05-28 12:41:05 - [MESSAGE][PASSED] - Attribute 'value' of object 'Object Repository/DispensaryToStore/Page_Store/input_txtprice' is: '1420'

2018-05-28 12:41:05 - [TEST_STEP][PASSED] - Statement - out.println("Stock QTY : " + StockQty): null

2018-05-28 12:41:05 - [TEST_STEP][PASSED] - delay: Delayed 2 second(s)

2018-05-28 12:41:07 - [MESSAGE][PASSED] - Delayed 2 second(s)

2018-05-28 12:41:07 - [TEST_STEP][PASSED] - Statement - If (java.lang.String.valueOf(StockQty) >= java.lang.String.valueOf(RequestedQty)): null

2018-05-28 12:41:07 - [TEST_STEP][PASSED] - setText: Text '10' is set on object 'Object Repository/DispensaryToStore/Page_Store/input_txtqty'

2018-05-28 12:41:07 - [MESSAGE][PASSED] - Text '10' is set on object 'Object Repository/DispensaryToStore/Page_Store/input_txtqty'

2018-05-28 12:41:07 - [TEST_STEP][PASSED] - click: Object: 'Object Repository/DispensaryToStore/Page_Store/button_Add' is clicked on

2018-05-28 12:41:07 - [MESSAGE][PASSED] - Object: 'Object Repository/DispensaryToStore/Page_Store/button_Add' is clicked on

2018-05-28 12:41:07 - [TEST_STEP][PASSED] - Statement - Break: null

2018-05-28 12:41:07 - [TEST_STEP][PASSED] - selectOptionByIndex: All options with index in [11] are selected on object 'Object Repository/DispensaryToStore/Page_Store/select_--Select--Adernaline 0.'

2018-05-28 12:41:07 - [MESSAGE][PASSED] - All options with index in [11] are selected on object 'Object Repository/DispensaryToStore/Page_Store/select_--Select--Adernaline 0.'

2018-05-28 12:41:07 - [TEST_STEP][PASSED] - delay: Delayed 2 second(s)

2018-05-28 12:41:09 - [MESSAGE][PASSED] - Delayed 2 second(s)

2018-05-28 12:41:09 - [TEST_STEP][PASSED] - Statement - RequestedQty = com.kms.katalon.core.webui.keyword.WebUiBuiltInKeywords.getAttribute(com.kms.katalon.core.testobject.ObjectRepository.findTestObject(DispensaryToStore/Page_Store/input_txttotal), "value"): Attribute 'value' of object 'Object Repository/DispensaryToStore/Page_Store/input_txttotal' is: '10'

2018-05-28 12:41:09 - [MESSAGE][PASSED] - Attribute 'value' of object 'Object Repository/DispensaryToStore/Page_Store/input_txttotal' is: '10'

2018-05-28 12:41:09 - [TEST_STEP][PASSED] - Statement - out.println("Requested QTY : " + RequestedQty): null

2018-05-28 12:41:09 - [TEST_STEP][PASSED] - Statement - BatchNumber = com.kms.katalon.core.webui.keyword.WebUiBuiltInKeywords.getNumberOfTotalOption(com.kms.katalon.core.testobject.ObjectRepository.findTestObject(DispensaryToStore/Page_Store/select_--Select--BA1170BA2376B)): 3 options of object 'Object Repository/DispensaryToStore/Page_Store/select_--Select--BA1170BA2376B' counted

2018-05-28 12:41:09 - [MESSAGE][PASSED] - 3 options of object 'Object Repository/DispensaryToStore/Page_Store/select_--Select--BA1170BA2376B' counted

2018-05-28 12:41:09 - [TEST_STEP][PASSED] - Statement - For ([g = 1, g <= BatchNumber - 1, (g++)]): null

2018-05-28 12:41:09 - [TEST_STEP][PASSED] - selectOptionByIndex: All options with index in [1] are selected on object 'Object Repository/DispensaryToStore/Page_Store/select_--Select--BA1170BA2376B'

2018-05-28 12:41:09 - [MESSAGE][PASSED] - All options with index in [1] are selected on object 'Object Repository/DispensaryToStore/Page_Store/select_--Select--BA1170BA2376B'

2018-05-28 12:41:09 - [TEST_STEP][PASSED] - Statement - Try: null

2018-05-28 12:41:09 - [TEST_STEP][PASSED] - Statement - StockQty = com.kms.katalon.core.webui.keyword.WebUiBuiltInKeywords.getAttribute(com.kms.katalon.core.testobject.ObjectRepository.findTestObject(DispensaryToStore/Page_Store/input_txtprice), "value"): Attribute 'value' of object 'Object Repository/DispensaryToStore/Page_Store/input_txtprice' is: '430'

2018-05-28 12:41:09 - [MESSAGE][PASSED] - Attribute 'value' of object 'Object Repository/DispensaryToStore/Page_Store/input_txtprice' is: '430'

2018-05-28 12:41:09 - [TEST_STEP][PASSED] - Statement - out.println("Stock QTY : " + StockQty): null

2018-05-28 12:41:09 - [TEST_STEP][PASSED] - delay: Delayed 2 second(s)

2018-05-28 12:41:11 - [MESSAGE][PASSED] - Delayed 2 second(s)

2018-05-28 12:41:11 - [TEST_STEP][PASSED] - Statement - If (java.lang.String.valueOf(StockQty) >= java.lang.String.valueOf(RequestedQty)): null

2018-05-28 12:41:11 - [TEST_STEP][PASSED] - setText: Text '10' is set on object 'Object Repository/DispensaryToStore/Page_Store/input_txtqty'

2018-05-28 12:41:11 - [MESSAGE][PASSED] - Text '10' is set on object 'Object Repository/DispensaryToStore/Page_Store/input_txtqty'

2018-05-28 12:41:11 - [TEST_STEP][PASSED] - click: Object: 'Object Repository/DispensaryToStore/Page_Store/button_Add' is clicked on

2018-05-28 12:41:11 - [MESSAGE][PASSED] - Object: 'Object Repository/DispensaryToStore/Page_Store/button_Add' is clicked on

2018-05-28 12:41:11 - [TEST_STEP][PASSED] - Statement - Break: null

2018-05-28 12:41:11 - [TEST_STEP][PASSED] - selectOptionByIndex: All options with index in [12] are selected on object 'Object Repository/DispensaryToStore/Page_Store/select_--Select--Adernaline 0.'

2018-05-28 12:41:12 - [MESSAGE][PASSED] - All options with index in [12] are selected on object 'Object Repository/DispensaryToStore/Page_Store/select_--Select--Adernaline 0.'

2018-05-28 12:41:12 - [TEST_STEP][PASSED] - delay: Delayed 2 second(s)

2018-05-28 12:41:14 - [MESSAGE][PASSED] - Delayed 2 second(s)

2018-05-28 12:41:14 - [TEST_STEP][PASSED] - Statement - RequestedQty = com.kms.katalon.core.webui.keyword.WebUiBuiltInKeywords.getAttribute(com.kms.katalon.core.testobject.ObjectRepository.findTestObject(DispensaryToStore/Page_Store/input_txttotal), "value"): Attribute 'value' of object 'Object Repository/DispensaryToStore/Page_Store/input_txttotal' is: '10'

2018-05-28 12:41:14 - [MESSAGE][PASSED] - Attribute 'value' of object 'Object Repository/DispensaryToStore/Page_Store/input_txttotal' is: '10'

2018-05-28 12:41:14 - [TEST_STEP][PASSED] - Statement - out.println("Requested QTY : " + RequestedQty): null

2018-05-28 12:41:14 - [TEST_STEP][PASSED] - Statement - BatchNumber = com.kms.katalon.core.webui.keyword.WebUiBuiltInKeywords.getNumberOfTotalOption(com.kms.katalon.core.testobject.ObjectRepository.findTestObject(DispensaryToStore/Page_Store/select_--Select--BA1170BA2376B)): 2 options of object 'Object Repository/DispensaryToStore/Page_Store/select_--Select--BA1170BA2376B' counted

2018-05-28 12:41:14 - [MESSAGE][PASSED] - 2 options of object 'Object Repository/DispensaryToStore/Page_Store/select_--Select--BA1170BA2376B' counted

2018-05-28 12:41:14 - [TEST_STEP][PASSED] - Statement - For ([g = 1, g <= BatchNumber - 1, (g++)]): null

2018-05-28 12:41:14 - [TEST_STEP][PASSED] - selectOptionByIndex: All options with index in [1] are selected on object 'Object Repository/DispensaryToStore/Page_Store/select_--Select--BA1170BA2376B'

2018-05-28 12:41:14 - [MESSAGE][PASSED] - All options with index in [1] are selected on object 'Object Repository/DispensaryToStore/Page_Store/select_--Select--BA1170BA2376B'

2018-05-28 12:41:14 - [TEST_STEP][PASSED] - Statement - Try: null

2018-05-28 12:41:14 - [TEST_STEP][PASSED] - Statement - StockQty = com.kms.katalon.core.webui.keyword.WebUiBuiltInKeywords.getAttribute(com.kms.katalon.core.testobject.ObjectRepository.findTestObject(DispensaryToStore/Page_Store/input_txtprice), "value"): Attribute 'value' of object 'Object Repository/DispensaryToStore/Page_Store/input_txtprice' is: '1520'

2018-05-28 12:41:14 - [MESSAGE][PASSED] - Attribute 'value' of object 'Object Repository/DispensaryToStore/Page_Store/input_txtprice' is: '1520'

2018-05-28 12:41:14 - [TEST_STEP][PASSED] - Statement - out.println("Stock QTY : " + StockQty): null

2018-05-28 12:41:14 - [TEST_STEP][PASSED] - delay: Delayed 2 second(s)

2018-05-28 12:41:16 - [MESSAGE][PASSED] - Delayed 2 second(s)

2018-05-28 12:41:16 - [TEST_STEP][PASSED] - Statement - If (java.lang.String.valueOf(StockQty) >= java.lang.String.valueOf(RequestedQty)): null

2018-05-28 12:41:16 - [TEST_STEP][PASSED] - setText: Text '10' is set on object 'Object Repository/DispensaryToStore/Page_Store/input_txtqty'

2018-05-28 12:41:16 - [MESSAGE][PASSED] - Text '10' is set on object 'Object Repository/DispensaryToStore/Page_Store/input_txtqty'

2018-05-28 12:41:16 - [TEST_STEP][PASSED] - click: Object: 'Object Repository/DispensaryToStore/Page_Store/button_Add' is clicked on

2018-05-28 12:41:16 - [MESSAGE][PASSED] - Object: 'Object Repository/DispensaryToStore/Page_Store/button_Add' is clicked on

2018-05-28 12:41:16 - [TEST_STEP][PASSED] - Statement - Break: null

2018-05-28 12:41:16 - [TEST_STEP][PASSED] - selectOptionByIndex: All options with index in [13] are selected on object 'Object Repository/DispensaryToStore/Page_Store/select_--Select--Adernaline 0.'

2018-05-28 12:41:16 - [MESSAGE][PASSED] - All options with index in [13] are selected on object 'Object Repository/DispensaryToStore/Page_Store/select_--Select--Adernaline 0.'

2018-05-28 12:41:16 - [TEST_STEP][PASSED] - delay: Delayed 2 second(s)

2018-05-28 12:41:18 - [MESSAGE][PASSED] - Delayed 2 second(s)

2018-05-28 12:41:18 - [TEST_STEP][PASSED] - Statement - RequestedQty = com.kms.katalon.core.webui.keyword.WebUiBuiltInKeywords.getAttribute(com.kms.katalon.core.testobject.ObjectRepository.findTestObject(DispensaryToStore/Page_Store/input_txttotal), "value"): Attribute 'value' of object 'Object Repository/DispensaryToStore/Page_Store/input_txttotal' is: '10'

2018-05-28 12:41:18 - [MESSAGE][PASSED] - Attribute 'value' of object 'Object Repository/DispensaryToStore/Page_Store/input_txttotal' is: '10'

2018-05-28 12:41:18 - [TEST_STEP][PASSED] - Statement - out.println("Requested QTY : " + RequestedQty): null

2018-05-28 12:41:18 - [TEST_STEP][PASSED] - Statement - BatchNumber = com.kms.katalon.core.webui.keyword.WebUiBuiltInKeywords.getNumberOfTotalOption(com.kms.katalon.core.testobject.ObjectRepository.findTestObject(DispensaryToStore/Page_Store/select_--Select--BA1170BA2376B)): 3 options of object 'Object Repository/DispensaryToStore/Page_Store/select_--Select--BA1170BA2376B' counted

2018-05-28 12:41:18 - [MESSAGE][PASSED] - 3 options of object 'Object Repository/DispensaryToStore/Page_Store/select_--Select--BA1170BA2376B' counted

2018-05-28 12:41:18 - [TEST_STEP][PASSED] - Statement - For ([g = 1, g <= BatchNumber - 1, (g++)]): null

2018-05-28 12:41:18 - [TEST_STEP][PASSED] - selectOptionByIndex: All options with index in [1] are selected on object 'Object Repository/DispensaryToStore/Page_Store/select_--Select--BA1170BA2376B'

2018-05-28 12:41:18 - [MESSAGE][PASSED] - All options with index in [1] are selected on object 'Object Repository/DispensaryToStore/Page_Store/select_--Select--BA1170BA2376B'

2018-05-28 12:41:18 - [TEST_STEP][PASSED] - Statement - Try: null

2018-05-28 12:41:18 - [TEST_STEP][PASSED] - Statement - StockQty = com.kms.katalon.core.webui.keyword.WebUiBuiltInKeywords.getAttribute(com.kms.katalon.core.testobject.ObjectRepository.findTestObject(DispensaryToStore/Page_Store/input_txtprice), "value"): Attribute 'value' of object 'Object Repository/DispensaryToStore/Page_Store/input_txtprice' is: '1320'

2018-05-28 12:41:18 - [MESSAGE][PASSED] - Attribute 'value' of object 'Object Repository/DispensaryToStore/Page_Store/input_txtprice' is: '1320'

2018-05-28 12:41:18 - [TEST_STEP][PASSED] - Statement - out.println("Stock QTY : " + StockQty): null

2018-05-28 12:41:18 - [TEST_STEP][PASSED] - delay: Delayed 2 second(s)

2018-05-28 12:41:20 - [MESSAGE][PASSED] - Delayed 2 second(s)

2018-05-28 12:41:20 - [TEST_STEP][PASSED] - Statement - If (java.lang.String.valueOf(StockQty) >= java.lang.String.valueOf(RequestedQty)): null

2018-05-28 12:41:20 - [TEST_STEP][PASSED] - setText: Text '10' is set on object 'Object Repository/DispensaryToStore/Page_Store/input_txtqty'

2018-05-28 12:41:21 - [MESSAGE][PASSED] - Text '10' is set on object 'Object Repository/DispensaryToStore/Page_Store/input_txtqty'

2018-05-28 12:41:21 - [TEST_STEP][PASSED] - click: Object: 'Object Repository/DispensaryToStore/Page_Store/button_Add' is clicked on

2018-05-28 12:41:21 - [MESSAGE][PASSED] - Object: 'Object Repository/DispensaryToStore/Page_Store/button_Add' is clicked on

2018-05-28 12:41:21 - [TEST_STEP][PASSED] - Statement - Break: null

2018-05-28 12:41:21 - [TEST_STEP][PASSED] - selectOptionByIndex: All options with index in [14] are selected on object 'Object Repository/DispensaryToStore/Page_Store/select_--Select--Adernaline 0.'

2018-05-28 12:41:21 - [MESSAGE][PASSED] - All options with index in [14] are selected on object 'Object Repository/DispensaryToStore/Page_Store/select_--Select--Adernaline 0.'

2018-05-28 12:41:21 - [TEST_STEP][PASSED] - delay: Delayed 2 second(s)

2018-05-28 12:41:23 - [MESSAGE][PASSED] - Delayed 2 second(s)

2018-05-28 12:41:23 - [TEST_STEP][PASSED] - Statement - RequestedQty = com.kms.katalon.core.webui.keyword.WebUiBuiltInKeywords.getAttribute(com.kms.katalon.core.testobject.ObjectRepository.findTestObject(DispensaryToStore/Page_Store/input_txttotal), "value"): Attribute 'value' of object 'Object Repository/DispensaryToStore/Page_Store/input_txttotal' is: '10'

2018-05-28 12:41:23 - [MESSAGE][PASSED] - Attribute 'value' of object 'Object Repository/DispensaryToStore/Page_Store/input_txttotal' is: '10'

2018-05-28 12:41:23 - [TEST_STEP][PASSED] - Statement - out.println("Requested QTY : " + RequestedQty): null

2018-05-28 12:41:23 - [TEST_STEP][PASSED] - Statement - BatchNumber = com.kms.katalon.core.webui.keyword.WebUiBuiltInKeywords.getNumberOfTotalOption(com.kms.katalon.core.testobject.ObjectRepository.findTestObject(DispensaryToStore/Page_Store/select_--Select--BA1170BA2376B)): 4 options of object 'Object Repository/DispensaryToStore/Page_Store/select_--Select--BA1170BA2376B' counted

2018-05-28 12:41:23 - [MESSAGE][PASSED] - 4 options of object 'Object Repository/DispensaryToStore/Page_Store/select_--Select--BA1170BA2376B' counted

2018-05-28 12:41:23 - [TEST_STEP][PASSED] - Statement - For ([g = 1, g <= BatchNumber - 1, (g++)]): null

2018-05-28 12:41:23 - [TEST_STEP][PASSED] - selectOptionByIndex: All options with index in [1] are selected on object 'Object Repository/DispensaryToStore/Page_Store/select_--Select--BA1170BA2376B'

2018-05-28 12:41:23 - [MESSAGE][PASSED] - All options with index in [1] are selected on object 'Object Repository/DispensaryToStore/Page_Store/select_--Select--BA1170BA2376B'

2018-05-28 12:41:23 - [TEST_STEP][PASSED] - Statement - Try: null

2018-05-28 12:41:23 - [TEST_STEP][PASSED] - Statement - StockQty = com.kms.katalon.core.webui.keyword.WebUiBuiltInKeywords.getAttribute(com.kms.katalon.core.testobject.ObjectRepository.findTestObject(DispensaryToStore/Page_Store/input_txtprice), "value"): Attribute 'value' of object 'Object Repository/DispensaryToStore/Page_Store/input_txtprice' is: '80'

2018-05-28 12:41:23 - [MESSAGE][PASSED] - Attribute 'value' of object 'Object Repository/DispensaryToStore/Page_Store/input_txtprice' is: '80'

2018-05-28 12:41:23 - [TEST_STEP][PASSED] - Statement - out.println("Stock QTY : " + StockQty): null

2018-05-28 12:41:23 - [TEST_STEP][PASSED] - delay: Delayed 2 second(s)

2018-05-28 12:41:25 - [MESSAGE][PASSED] - Delayed 2 second(s)

2018-05-28 12:41:25 - [TEST_STEP][PASSED] - Statement - If (java.lang.String.valueOf(StockQty) >= java.lang.String.valueOf(RequestedQty)): null

2018-05-28 12:41:25 - [TEST_STEP][PASSED] - setText: Text '10' is set on object 'Object Repository/DispensaryToStore/Page_Store/input_txtqty'

2018-05-28 12:41:25 - [MESSAGE][PASSED] - Text '10' is set on object 'Object Repository/DispensaryToStore/Page_Store/input_txtqty'

2018-05-28 12:41:25 - [TEST_STEP][PASSED] - click: Object: 'Object Repository/DispensaryToStore/Page_Store/button_Add' is clicked on

2018-05-28 12:41:25 - [MESSAGE][PASSED] - Object: 'Object Repository/DispensaryToStore/Page_Store/button_Add' is clicked on

2018-05-28 12:41:25 - [TEST_STEP][PASSED] - Statement - Break: null

2018-05-28 12:41:25 - [TEST_STEP][PASSED] - selectOptionByIndex: All options with index in [15] are selected on object 'Object Repository/DispensaryToStore/Page_Store/select_--Select--Adernaline 0.'

2018-05-28 12:41:26 - [MESSAGE][PASSED] - All options with index in [15] are selected on object 'Object Repository/DispensaryToStore/Page_Store/select_--Select--Adernaline 0.'

2018-05-28 12:41:26 - [TEST_STEP][PASSED] - delay: Delayed 2 second(s)

2018-05-28 12:41:28 - [MESSAGE][PASSED] - Delayed 2 second(s)

2018-05-28 12:41:28 - [TEST_STEP][PASSED] - Statement - RequestedQty = com.kms.katalon.core.webui.keyword.WebUiBuiltInKeywords.getAttribute(com.kms.katalon.core.testobject.ObjectRepository.findTestObject(DispensaryToStore/Page_Store/input_txttotal), "value"): Attribute 'value' of object 'Object Repository/DispensaryToStore/Page_Store/input_txttotal' is: '10'

2018-05-28 12:41:28 - [MESSAGE][PASSED] - Attribute 'value' of object 'Object Repository/DispensaryToStore/Page_Store/input_txttotal' is: '10'

2018-05-28 12:41:28 - [TEST_STEP][PASSED] - Statement - out.println("Requested QTY : " + RequestedQty): null

2018-05-28 12:41:28 - [TEST_STEP][PASSED] - Statement - BatchNumber = com.kms.katalon.core.webui.keyword.WebUiBuiltInKeywords.getNumberOfTotalOption(com.kms.katalon.core.testobject.ObjectRepository.findTestObject(DispensaryToStore/Page_Store/select_--Select--BA1170BA2376B)): 5 options of object 'Object Repository/DispensaryToStore/Page_Store/select_--Select--BA1170BA2376B' counted

2018-05-28 12:41:28 - [MESSAGE][PASSED] - 5 options of object 'Object Repository/DispensaryToStore/Page_Store/select_--Select--BA1170BA2376B' counted

2018-05-28 12:41:28 - [TEST_STEP][PASSED] - Statement - For ([g = 1, g <= BatchNumber - 1, (g++)]): null

2018-05-28 12:41:28 - [TEST_STEP][PASSED] - selectOptionByIndex: All options with index in [1] are selected on object 'Object Repository/DispensaryToStore/Page_Store/select_--Select--BA1170BA2376B'

2018-05-28 12:41:28 - [MESSAGE][PASSED] - All options with index in [1] are selected on object 'Object Repository/DispensaryToStore/Page_Store/select_--Select--BA1170BA2376B'

2018-05-28 12:41:28 - [TEST_STEP][PASSED] - Statement - Try: null

2018-05-28 12:41:28 - [TEST_STEP][PASSED] - Statement - StockQty = com.kms.katalon.core.webui.keyword.WebUiBuiltInKeywords.getAttribute(com.kms.katalon.core.testobject.ObjectRepository.findTestObject(DispensaryToStore/Page_Store/input_txtprice), "value"): Attribute 'value' of object 'Object Repository/DispensaryToStore/Page_Store/input_txtprice' is: ''

2018-05-28 12:41:28 - [MESSAGE][PASSED] - Attribute 'value' of object 'Object Repository/DispensaryToStore/Page_Store/input_txtprice' is: ''

2018-05-28 12:41:28 - [TEST_STEP][PASSED] - Statement - out.println("Stock QTY : " + StockQty): null

2018-05-28 12:41:28 - [TEST_STEP][PASSED] - delay: Delayed 2 second(s)

2018-05-28 12:41:30 - [MESSAGE][PASSED] - Delayed 2 second(s)

2018-05-28 12:41:30 - [TEST_STEP][PASSED] - Statement - If (java.lang.String.valueOf(StockQty) >= java.lang.String.valueOf(RequestedQty)): null

2018-05-28 12:41:30 - [TEST_STEP][PASSED] - Statement - Else: null

2018-05-28 12:41:30 - [TEST_STEP][PASSED] - Statement - out.println("Stock Is Less Than Requested Qty"): null

2018-05-28 12:41:30 - [TEST_STEP][PASSED] - selectOptionByIndex: All options with index in [2] are selected on object 'Object Repository/DispensaryToStore/Page_Store/select_--Select--BA1170BA2376B'

2018-05-28 12:41:30 - [MESSAGE][PASSED] - All options with index in [2] are selected on object 'Object Repository/DispensaryToStore/Page_Store/select_--Select--BA1170BA2376B'

2018-05-28 12:41:30 - [TEST_STEP][PASSED] - Statement - Try: null

2018-05-28 12:41:30 - [TEST_STEP][PASSED] - Statement - StockQty = com.kms.katalon.core.webui.keyword.WebUiBuiltInKeywords.getAttribute(com.kms.katalon.core.testobject.ObjectRepository.findTestObject(DispensaryToStore/Page_Store/input_txtprice), "value"): Attribute 'value' of object 'Object Repository/DispensaryToStore/Page_Store/input_txtprice' is: '30'

2018-05-28 12:41:30 - [MESSAGE][PASSED] - Attribute 'value' of object 'Object Repository/DispensaryToStore/Page_Store/input_txtprice' is: '30'

2018-05-28 12:41:30 - [TEST_STEP][PASSED] - Statement - out.println("Stock QTY : " + StockQty): null

2018-05-28 12:41:30 - [TEST_STEP][PASSED] - delay: Delayed 2 second(s)

2018-05-28 12:41:32 - [MESSAGE][PASSED] - Delayed 2 second(s)

2018-05-28 12:41:32 - [TEST_STEP][PASSED] - Statement - If (java.lang.String.valueOf(StockQty) >= java.lang.String.valueOf(RequestedQty)): null

2018-05-28 12:41:32 - [TEST_STEP][PASSED] - setText: Text '10' is set on object 'Object Repository/DispensaryToStore/Page_Store/input_txtqty'

2018-05-28 12:41:32 - [MESSAGE][PASSED] - Text '10' is set on object 'Object Repository/DispensaryToStore/Page_Store/input_txtqty'

2018-05-28 12:41:32 - [TEST_STEP][PASSED] - click: Object: 'Object Repository/DispensaryToStore/Page_Store/button_Add' is clicked on

2018-05-28 12:41:32 - [MESSAGE][PASSED] - Object: 'Object Repository/DispensaryToStore/Page_Store/button_Add' is clicked on

2018-05-28 12:41:32 - [TEST_STEP][PASSED] - Statement - Break: null

2018-05-28 12:41:32 - [TEST_STEP][PASSED] - scrollToElement: Scroll to object 'Object Repository/DispensaryToStore/Page_Store/input_btnSubmit' successfully

2018-05-28 12:41:32 - [MESSAGE][PASSED] - Scroll to object 'Object Repository/DispensaryToStore/Page_Store/input_btnSubmit' successfully

2018-05-28 12:41:32 - [TEST_STEP][PASSED] - click: Object: 'Object Repository/DispensaryToStore/Page_Store/input_btnSubmit' is clicked on

2018-05-28 12:41:32 - [MESSAGE][PASSED] - Object: 'Object Repository/DispensaryToStore/Page_Store/input_btnSubmit' is clicked on

2018-05-28 12:41:32 - [TEST_STEP][PASSED] - delay: Delayed 3 second(s)

2018-05-28 12:41:35 - [MESSAGE][PASSED] - Delayed 3 second(s)

2018-05-28 12:41:35 - [TEST_STEP][PASSED] - click: Object: 'Object Repository/DispensaryToStore/Page_Store/button_OK' is clicked on

2018-05-28 12:41:36 - [MESSAGE][PASSED] - Object: 'Object Repository/DispensaryToStore/Page_Store/button_OK' is clicked on

2018-05-28 12:41:36 - [TEST_STEP][PASSED] - delay: Delayed 3 second(s)

2018-05-28 12:41:39 - [MESSAGE][PASSED] - Delayed 3 second(s)

2018-05-28 12:41:39 - [TEST_STEP][PASSED] - waitForElementPresent: Object 'Object Repository/DispensaryToStore/Page_Dispensary Store/a_dropdown-toggle' is present

2018-05-28 12:41:39 - [MESSAGE][PASSED] - Object 'Object Repository/DispensaryToStore/Page_Dispensary Store/a_dropdown-toggle' is present

2018-05-28 12:41:39 - [TEST_STEP][PASSED] - click: Object: 'Object Repository/DispensaryToStore/Page_Store/a_dropdown-toggle' is clicked on

2018-05-28 12:41:39 - [MESSAGE][PASSED] - Object: 'Object Repository/DispensaryToStore/Page_Store/a_dropdown-toggle' is clicked on

2018-05-28 12:41:39 - [TEST_STEP][PASSED] - click: Object: 'Object Repository/DispensaryToStore/Page_Store/a_Sign out' is clicked on

2018-05-28 12:41:40 - [MESSAGE][PASSED] - Object: 'Object Repository/DispensaryToStore/Page_Store/a_Sign out' is clicked on

2018-05-28 12:41:40 - [TEST_STEP][PASSED] - closeBrowser: Browser is closed

2018-05-28 12:41:40 - [MESSAGE][PASSED] - Browser is closed]]></system-out>
         <system-err><![CDATA[]]></system-err>
      </testcase>
      <testcase name="Test Cases/DISPENSARY TEST CASES/TC_DP_005 Verify Schedule 5 Dispensary Request Are Working Successfully Or Not" classname="Test Cases/DISPENSARY TEST CASES/TC_DP_005 Verify Schedule 5 Dispensary Request Are Working Successfully Or Not" status="PASSED">
         <system-out><![CDATA[2018-05-28 12:41:40 - [TEST_CASE][PASSED] - Test Cases/DISPENSARY TEST CASES/TC_DP_005 Verify Schedule 5 Dispensary Request Are Working Successfully Or Not: Test Cases/DISPENSARY TEST CASES/TC_DP_005 Verify Schedule 5 Dispensary Request Are Working Successfully Or Not

2018-05-28 12:41:41 - [TEST_STEP][PASSED] - openBrowser: Browser is opened with url: ''

2018-05-28 12:41:43 - [MESSAGE][PASSED] - Browser is opened with url: ''

2018-05-28 12:41:43 - [TEST_STEP][PASSED] - navigateToUrl: Navigate to 'http://192.168.137.1/multihospital_new/HDSplashscreen.aspx' successfully

2018-05-28 12:41:44 - [MESSAGE][PASSED] - Navigate to 'http://192.168.137.1/multihospital_new/HDSplashscreen.aspx' successfully

2018-05-28 12:41:44 - [TEST_STEP][PASSED] - maximizeWindow: Current window maximized

2018-05-28 12:41:46 - [MESSAGE][PASSED] - Current window maximized

2018-05-28 12:41:46 - [TEST_STEP][PASSED] - click: Object: 'Object Repository/DispensaryToStore/Page_KDMC/a_Dispensary Store' is clicked on

2018-05-28 12:41:46 - [MESSAGE][PASSED] - Object: 'Object Repository/DispensaryToStore/Page_KDMC/a_Dispensary Store' is clicked on

2018-05-28 12:41:46 - [TEST_STEP][PASSED] - setText: Text 'rajaram' is set on object 'Object Repository/DispensaryToStore/Page_Dispensary Store Login/input_txtusername'

2018-05-28 12:41:46 - [MESSAGE][PASSED] - Text 'rajaram' is set on object 'Object Repository/DispensaryToStore/Page_Dispensary Store Login/input_txtusername'

2018-05-28 12:41:46 - [TEST_STEP][PASSED] - setText: Text '123' is set on object 'Object Repository/DispensaryToStore/Page_Dispensary Store Login/input_txtpassword'

2018-05-28 12:41:47 - [MESSAGE][PASSED] - Text '123' is set on object 'Object Repository/DispensaryToStore/Page_Dispensary Store Login/input_txtpassword'

2018-05-28 12:41:47 - [TEST_STEP][PASSED] - delay: Delayed 3 second(s)

2018-05-28 12:41:50 - [MESSAGE][PASSED] - Delayed 3 second(s)

2018-05-28 12:41:50 - [TEST_STEP][PASSED] - sendKeys: Keys 'ENTER + ' sent to object: 'Object Repository/DispensaryToStore/Page_Dispensary Store Login/input_txtpassword'

2018-05-28 12:41:50 - [MESSAGE][PASSED] - Keys 'ENTER + ' sent to object: 'Object Repository/DispensaryToStore/Page_Dispensary Store Login/input_txtpassword'

2018-05-28 12:41:50 - [TEST_STEP][PASSED] - delay: Delayed 3 second(s)

2018-05-28 12:41:53 - [MESSAGE][PASSED] - Delayed 3 second(s)

2018-05-28 12:41:53 - [TEST_STEP][PASSED] - click: Object: 'Object Repository/DispensaryToStore/Page_Dispensary Store/a_Request to Store' is clicked on

2018-05-28 12:41:53 - [MESSAGE][PASSED] - Object: 'Object Repository/DispensaryToStore/Page_Dispensary Store/a_Request to Store' is clicked on

2018-05-28 12:41:53 - [TEST_STEP][PASSED] - click: Object: 'Object Repository/DispensaryToStore/Page_Dispensary Store/a_Medicine Request' is clicked on

2018-05-28 12:41:54 - [MESSAGE][PASSED] - Object: 'Object Repository/DispensaryToStore/Page_Dispensary Store/a_Medicine Request' is clicked on

2018-05-28 12:41:54 - [TEST_STEP][PASSED] - selectOptionByIndex: All options with index in [5] are selected on object 'Object Repository/DispensaryToStore/Page_Dispensary Store/select_--Select--Schedule 1Inj'

2018-05-28 12:41:54 - [MESSAGE][PASSED] - All options with index in [5] are selected on object 'Object Repository/DispensaryToStore/Page_Dispensary Store/select_--Select--Schedule 1Inj'

2018-05-28 12:41:54 - [TEST_STEP][PASSED] - Statement - medicineslength = com.kms.katalon.core.webui.keyword.WebUiBuiltInKeywords.getNumberOfTotalOption(com.kms.katalon.core.testobject.ObjectRepository.findTestObject(DispensaryToStore/Page_Dispensary Store/select_--Select--Adernaline 0.)): 17 options of object 'Object Repository/DispensaryToStore/Page_Dispensary Store/select_--Select--Adernaline 0.' counted

2018-05-28 12:41:54 - [MESSAGE][PASSED] - 17 options of object 'Object Repository/DispensaryToStore/Page_Dispensary Store/select_--Select--Adernaline 0.' counted

2018-05-28 12:41:54 - [TEST_STEP][PASSED] - Statement - For ([e = 1, e <= medicineslength - 1, (e++)]): Object: 'Object Repository/DispensaryToStore/Page_Dispensary Store/button_Add' is clicked on

2018-05-28 12:41:54 - [TEST_STEP][PASSED] - selectOptionByIndex: All options with index in [5] are selected on object 'Object Repository/DispensaryToStore/Page_Dispensary Store/select_--Select--Schedule 1Inj'

2018-05-28 12:41:54 - [MESSAGE][PASSED] - All options with index in [5] are selected on object 'Object Repository/DispensaryToStore/Page_Dispensary Store/select_--Select--Schedule 1Inj'

2018-05-28 12:41:54 - [TEST_STEP][PASSED] - selectOptionByIndex: All options with index in [1] are selected on object 'Object Repository/DispensaryToStore/Page_Dispensary Store/select_--Select--Adernaline 0.'

2018-05-28 12:41:55 - [MESSAGE][PASSED] - All options with index in [1] are selected on object 'Object Repository/DispensaryToStore/Page_Dispensary Store/select_--Select--Adernaline 0.'

2018-05-28 12:41:55 - [TEST_STEP][PASSED] - setText: Text '10' is set on object 'Object Repository/DispensaryToStore/Page_Dispensary Store/input_txttreat'

2018-05-28 12:41:55 - [MESSAGE][PASSED] - Text '10' is set on object 'Object Repository/DispensaryToStore/Page_Dispensary Store/input_txttreat'

2018-05-28 12:41:55 - [TEST_STEP][PASSED] - click: Object: 'Object Repository/DispensaryToStore/Page_Dispensary Store/button_Add' is clicked on

2018-05-28 12:41:55 - [MESSAGE][PASSED] - Object: 'Object Repository/DispensaryToStore/Page_Dispensary Store/button_Add' is clicked on

2018-05-28 12:41:55 - [TEST_STEP][PASSED] - selectOptionByIndex: All options with index in [5] are selected on object 'Object Repository/DispensaryToStore/Page_Dispensary Store/select_--Select--Schedule 1Inj'

2018-05-28 12:41:55 - [MESSAGE][PASSED] - All options with index in [5] are selected on object 'Object Repository/DispensaryToStore/Page_Dispensary Store/select_--Select--Schedule 1Inj'

2018-05-28 12:41:55 - [TEST_STEP][PASSED] - selectOptionByIndex: All options with index in [2] are selected on object 'Object Repository/DispensaryToStore/Page_Dispensary Store/select_--Select--Adernaline 0.'

2018-05-28 12:41:55 - [MESSAGE][PASSED] - All options with index in [2] are selected on object 'Object Repository/DispensaryToStore/Page_Dispensary Store/select_--Select--Adernaline 0.'

2018-05-28 12:41:55 - [TEST_STEP][PASSED] - setText: Text '10' is set on object 'Object Repository/DispensaryToStore/Page_Dispensary Store/input_txttreat'

2018-05-28 12:41:55 - [MESSAGE][PASSED] - Text '10' is set on object 'Object Repository/DispensaryToStore/Page_Dispensary Store/input_txttreat'

2018-05-28 12:41:55 - [TEST_STEP][PASSED] - click: Object: 'Object Repository/DispensaryToStore/Page_Dispensary Store/button_Add' is clicked on

2018-05-28 12:41:55 - [MESSAGE][PASSED] - Object: 'Object Repository/DispensaryToStore/Page_Dispensary Store/button_Add' is clicked on

2018-05-28 12:41:55 - [TEST_STEP][PASSED] - selectOptionByIndex: All options with index in [5] are selected on object 'Object Repository/DispensaryToStore/Page_Dispensary Store/select_--Select--Schedule 1Inj'

2018-05-28 12:41:55 - [MESSAGE][PASSED] - All options with index in [5] are selected on object 'Object Repository/DispensaryToStore/Page_Dispensary Store/select_--Select--Schedule 1Inj'

2018-05-28 12:41:55 - [TEST_STEP][PASSED] - selectOptionByIndex: All options with index in [3] are selected on object 'Object Repository/DispensaryToStore/Page_Dispensary Store/select_--Select--Adernaline 0.'

2018-05-28 12:41:55 - [MESSAGE][PASSED] - All options with index in [3] are selected on object 'Object Repository/DispensaryToStore/Page_Dispensary Store/select_--Select--Adernaline 0.'

2018-05-28 12:41:55 - [TEST_STEP][PASSED] - setText: Text '10' is set on object 'Object Repository/DispensaryToStore/Page_Dispensary Store/input_txttreat'

2018-05-28 12:41:56 - [MESSAGE][PASSED] - Text '10' is set on object 'Object Repository/DispensaryToStore/Page_Dispensary Store/input_txttreat'

2018-05-28 12:41:56 - [TEST_STEP][PASSED] - click: Object: 'Object Repository/DispensaryToStore/Page_Dispensary Store/button_Add' is clicked on

2018-05-28 12:41:56 - [MESSAGE][PASSED] - Object: 'Object Repository/DispensaryToStore/Page_Dispensary Store/button_Add' is clicked on

2018-05-28 12:41:56 - [TEST_STEP][PASSED] - selectOptionByIndex: All options with index in [5] are selected on object 'Object Repository/DispensaryToStore/Page_Dispensary Store/select_--Select--Schedule 1Inj'

2018-05-28 12:41:56 - [MESSAGE][PASSED] - All options with index in [5] are selected on object 'Object Repository/DispensaryToStore/Page_Dispensary Store/select_--Select--Schedule 1Inj'

2018-05-28 12:41:56 - [TEST_STEP][PASSED] - selectOptionByIndex: All options with index in [4] are selected on object 'Object Repository/DispensaryToStore/Page_Dispensary Store/select_--Select--Adernaline 0.'

2018-05-28 12:41:56 - [MESSAGE][PASSED] - All options with index in [4] are selected on object 'Object Repository/DispensaryToStore/Page_Dispensary Store/select_--Select--Adernaline 0.'

2018-05-28 12:41:56 - [TEST_STEP][PASSED] - setText: Text '10' is set on object 'Object Repository/DispensaryToStore/Page_Dispensary Store/input_txttreat'

2018-05-28 12:41:56 - [MESSAGE][PASSED] - Text '10' is set on object 'Object Repository/DispensaryToStore/Page_Dispensary Store/input_txttreat'

2018-05-28 12:41:56 - [TEST_STEP][PASSED] - click: Object: 'Object Repository/DispensaryToStore/Page_Dispensary Store/button_Add' is clicked on

2018-05-28 12:41:56 - [MESSAGE][PASSED] - Object: 'Object Repository/DispensaryToStore/Page_Dispensary Store/button_Add' is clicked on

2018-05-28 12:41:56 - [TEST_STEP][PASSED] - selectOptionByIndex: All options with index in [5] are selected on object 'Object Repository/DispensaryToStore/Page_Dispensary Store/select_--Select--Schedule 1Inj'

2018-05-28 12:41:56 - [MESSAGE][PASSED] - All options with index in [5] are selected on object 'Object Repository/DispensaryToStore/Page_Dispensary Store/select_--Select--Schedule 1Inj'

2018-05-28 12:41:56 - [TEST_STEP][PASSED] - selectOptionByIndex: All options with index in [5] are selected on object 'Object Repository/DispensaryToStore/Page_Dispensary Store/select_--Select--Adernaline 0.'

2018-05-28 12:41:56 - [MESSAGE][PASSED] - All options with index in [5] are selected on object 'Object Repository/DispensaryToStore/Page_Dispensary Store/select_--Select--Adernaline 0.'

2018-05-28 12:41:56 - [TEST_STEP][PASSED] - setText: Text '10' is set on object 'Object Repository/DispensaryToStore/Page_Dispensary Store/input_txttreat'

2018-05-28 12:41:57 - [MESSAGE][PASSED] - Text '10' is set on object 'Object Repository/DispensaryToStore/Page_Dispensary Store/input_txttreat'

2018-05-28 12:41:57 - [TEST_STEP][PASSED] - click: Object: 'Object Repository/DispensaryToStore/Page_Dispensary Store/button_Add' is clicked on

2018-05-28 12:41:57 - [MESSAGE][PASSED] - Object: 'Object Repository/DispensaryToStore/Page_Dispensary Store/button_Add' is clicked on

2018-05-28 12:41:57 - [TEST_STEP][PASSED] - selectOptionByIndex: All options with index in [5] are selected on object 'Object Repository/DispensaryToStore/Page_Dispensary Store/select_--Select--Schedule 1Inj'

2018-05-28 12:41:57 - [MESSAGE][PASSED] - All options with index in [5] are selected on object 'Object Repository/DispensaryToStore/Page_Dispensary Store/select_--Select--Schedule 1Inj'

2018-05-28 12:41:57 - [TEST_STEP][PASSED] - selectOptionByIndex: All options with index in [6] are selected on object 'Object Repository/DispensaryToStore/Page_Dispensary Store/select_--Select--Adernaline 0.'

2018-05-28 12:41:57 - [MESSAGE][PASSED] - All options with index in [6] are selected on object 'Object Repository/DispensaryToStore/Page_Dispensary Store/select_--Select--Adernaline 0.'

2018-05-28 12:41:57 - [TEST_STEP][PASSED] - setText: Text '10' is set on object 'Object Repository/DispensaryToStore/Page_Dispensary Store/input_txttreat'

2018-05-28 12:41:57 - [MESSAGE][PASSED] - Text '10' is set on object 'Object Repository/DispensaryToStore/Page_Dispensary Store/input_txttreat'

2018-05-28 12:41:57 - [TEST_STEP][PASSED] - click: Object: 'Object Repository/DispensaryToStore/Page_Dispensary Store/button_Add' is clicked on

2018-05-28 12:41:57 - [MESSAGE][PASSED] - Object: 'Object Repository/DispensaryToStore/Page_Dispensary Store/button_Add' is clicked on

2018-05-28 12:41:57 - [TEST_STEP][PASSED] - selectOptionByIndex: All options with index in [5] are selected on object 'Object Repository/DispensaryToStore/Page_Dispensary Store/select_--Select--Schedule 1Inj'

2018-05-28 12:41:57 - [MESSAGE][PASSED] - All options with index in [5] are selected on object 'Object Repository/DispensaryToStore/Page_Dispensary Store/select_--Select--Schedule 1Inj'

2018-05-28 12:41:57 - [TEST_STEP][PASSED] - selectOptionByIndex: All options with index in [7] are selected on object 'Object Repository/DispensaryToStore/Page_Dispensary Store/select_--Select--Adernaline 0.'

2018-05-28 12:41:57 - [MESSAGE][PASSED] - All options with index in [7] are selected on object 'Object Repository/DispensaryToStore/Page_Dispensary Store/select_--Select--Adernaline 0.'

2018-05-28 12:41:57 - [TEST_STEP][PASSED] - setText: Text '10' is set on object 'Object Repository/DispensaryToStore/Page_Dispensary Store/input_txttreat'

2018-05-28 12:41:58 - [MESSAGE][PASSED] - Text '10' is set on object 'Object Repository/DispensaryToStore/Page_Dispensary Store/input_txttreat'

2018-05-28 12:41:58 - [TEST_STEP][PASSED] - click: Object: 'Object Repository/DispensaryToStore/Page_Dispensary Store/button_Add' is clicked on

2018-05-28 12:41:58 - [MESSAGE][PASSED] - Object: 'Object Repository/DispensaryToStore/Page_Dispensary Store/button_Add' is clicked on

2018-05-28 12:41:58 - [TEST_STEP][PASSED] - selectOptionByIndex: All options with index in [5] are selected on object 'Object Repository/DispensaryToStore/Page_Dispensary Store/select_--Select--Schedule 1Inj'

2018-05-28 12:41:58 - [MESSAGE][PASSED] - All options with index in [5] are selected on object 'Object Repository/DispensaryToStore/Page_Dispensary Store/select_--Select--Schedule 1Inj'

2018-05-28 12:41:58 - [TEST_STEP][PASSED] - selectOptionByIndex: All options with index in [8] are selected on object 'Object Repository/DispensaryToStore/Page_Dispensary Store/select_--Select--Adernaline 0.'

2018-05-28 12:41:58 - [MESSAGE][PASSED] - All options with index in [8] are selected on object 'Object Repository/DispensaryToStore/Page_Dispensary Store/select_--Select--Adernaline 0.'

2018-05-28 12:41:58 - [TEST_STEP][PASSED] - setText: Text '10' is set on object 'Object Repository/DispensaryToStore/Page_Dispensary Store/input_txttreat'

2018-05-28 12:41:58 - [MESSAGE][PASSED] - Text '10' is set on object 'Object Repository/DispensaryToStore/Page_Dispensary Store/input_txttreat'

2018-05-28 12:41:58 - [TEST_STEP][PASSED] - click: Object: 'Object Repository/DispensaryToStore/Page_Dispensary Store/button_Add' is clicked on

2018-05-28 12:41:58 - [MESSAGE][PASSED] - Object: 'Object Repository/DispensaryToStore/Page_Dispensary Store/button_Add' is clicked on

2018-05-28 12:41:58 - [TEST_STEP][PASSED] - selectOptionByIndex: All options with index in [5] are selected on object 'Object Repository/DispensaryToStore/Page_Dispensary Store/select_--Select--Schedule 1Inj'

2018-05-28 12:41:58 - [MESSAGE][PASSED] - All options with index in [5] are selected on object 'Object Repository/DispensaryToStore/Page_Dispensary Store/select_--Select--Schedule 1Inj'

2018-05-28 12:41:58 - [TEST_STEP][PASSED] - selectOptionByIndex: All options with index in [9] are selected on object 'Object Repository/DispensaryToStore/Page_Dispensary Store/select_--Select--Adernaline 0.'

2018-05-28 12:41:58 - [MESSAGE][PASSED] - All options with index in [9] are selected on object 'Object Repository/DispensaryToStore/Page_Dispensary Store/select_--Select--Adernaline 0.'

2018-05-28 12:41:58 - [TEST_STEP][PASSED] - setText: Text '10' is set on object 'Object Repository/DispensaryToStore/Page_Dispensary Store/input_txttreat'

2018-05-28 12:41:59 - [MESSAGE][PASSED] - Text '10' is set on object 'Object Repository/DispensaryToStore/Page_Dispensary Store/input_txttreat'

2018-05-28 12:41:59 - [TEST_STEP][PASSED] - click: Object: 'Object Repository/DispensaryToStore/Page_Dispensary Store/button_Add' is clicked on

2018-05-28 12:41:59 - [MESSAGE][PASSED] - Object: 'Object Repository/DispensaryToStore/Page_Dispensary Store/button_Add' is clicked on

2018-05-28 12:41:59 - [TEST_STEP][PASSED] - selectOptionByIndex: All options with index in [5] are selected on object 'Object Repository/DispensaryToStore/Page_Dispensary Store/select_--Select--Schedule 1Inj'

2018-05-28 12:41:59 - [MESSAGE][PASSED] - All options with index in [5] are selected on object 'Object Repository/DispensaryToStore/Page_Dispensary Store/select_--Select--Schedule 1Inj'

2018-05-28 12:41:59 - [TEST_STEP][PASSED] - selectOptionByIndex: All options with index in [10] are selected on object 'Object Repository/DispensaryToStore/Page_Dispensary Store/select_--Select--Adernaline 0.'

2018-05-28 12:41:59 - [MESSAGE][PASSED] - All options with index in [10] are selected on object 'Object Repository/DispensaryToStore/Page_Dispensary Store/select_--Select--Adernaline 0.'

2018-05-28 12:41:59 - [TEST_STEP][PASSED] - setText: Text '10' is set on object 'Object Repository/DispensaryToStore/Page_Dispensary Store/input_txttreat'

2018-05-28 12:41:59 - [MESSAGE][PASSED] - Text '10' is set on object 'Object Repository/DispensaryToStore/Page_Dispensary Store/input_txttreat'

2018-05-28 12:41:59 - [TEST_STEP][PASSED] - click: Object: 'Object Repository/DispensaryToStore/Page_Dispensary Store/button_Add' is clicked on

2018-05-28 12:41:59 - [MESSAGE][PASSED] - Object: 'Object Repository/DispensaryToStore/Page_Dispensary Store/button_Add' is clicked on

2018-05-28 12:41:59 - [TEST_STEP][PASSED] - selectOptionByIndex: All options with index in [5] are selected on object 'Object Repository/DispensaryToStore/Page_Dispensary Store/select_--Select--Schedule 1Inj'

2018-05-28 12:41:59 - [MESSAGE][PASSED] - All options with index in [5] are selected on object 'Object Repository/DispensaryToStore/Page_Dispensary Store/select_--Select--Schedule 1Inj'

2018-05-28 12:41:59 - [TEST_STEP][PASSED] - selectOptionByIndex: All options with index in [11] are selected on object 'Object Repository/DispensaryToStore/Page_Dispensary Store/select_--Select--Adernaline 0.'

2018-05-28 12:41:59 - [MESSAGE][PASSED] - All options with index in [11] are selected on object 'Object Repository/DispensaryToStore/Page_Dispensary Store/select_--Select--Adernaline 0.'

2018-05-28 12:41:59 - [TEST_STEP][PASSED] - setText: Text '10' is set on object 'Object Repository/DispensaryToStore/Page_Dispensary Store/input_txttreat'

2018-05-28 12:42:00 - [MESSAGE][PASSED] - Text '10' is set on object 'Object Repository/DispensaryToStore/Page_Dispensary Store/input_txttreat'

2018-05-28 12:42:00 - [TEST_STEP][PASSED] - click: Object: 'Object Repository/DispensaryToStore/Page_Dispensary Store/button_Add' is clicked on

2018-05-28 12:42:00 - [MESSAGE][PASSED] - Object: 'Object Repository/DispensaryToStore/Page_Dispensary Store/button_Add' is clicked on

2018-05-28 12:42:00 - [TEST_STEP][PASSED] - selectOptionByIndex: All options with index in [5] are selected on object 'Object Repository/DispensaryToStore/Page_Dispensary Store/select_--Select--Schedule 1Inj'

2018-05-28 12:42:00 - [MESSAGE][PASSED] - All options with index in [5] are selected on object 'Object Repository/DispensaryToStore/Page_Dispensary Store/select_--Select--Schedule 1Inj'

2018-05-28 12:42:00 - [TEST_STEP][PASSED] - selectOptionByIndex: All options with index in [12] are selected on object 'Object Repository/DispensaryToStore/Page_Dispensary Store/select_--Select--Adernaline 0.'

2018-05-28 12:42:00 - [MESSAGE][PASSED] - All options with index in [12] are selected on object 'Object Repository/DispensaryToStore/Page_Dispensary Store/select_--Select--Adernaline 0.'

2018-05-28 12:42:00 - [TEST_STEP][PASSED] - setText: Text '10' is set on object 'Object Repository/DispensaryToStore/Page_Dispensary Store/input_txttreat'

2018-05-28 12:42:00 - [MESSAGE][PASSED] - Text '10' is set on object 'Object Repository/DispensaryToStore/Page_Dispensary Store/input_txttreat'

2018-05-28 12:42:00 - [TEST_STEP][PASSED] - click: Object: 'Object Repository/DispensaryToStore/Page_Dispensary Store/button_Add' is clicked on

2018-05-28 12:42:00 - [MESSAGE][PASSED] - Object: 'Object Repository/DispensaryToStore/Page_Dispensary Store/button_Add' is clicked on

2018-05-28 12:42:00 - [TEST_STEP][PASSED] - selectOptionByIndex: All options with index in [5] are selected on object 'Object Repository/DispensaryToStore/Page_Dispensary Store/select_--Select--Schedule 1Inj'

2018-05-28 12:42:00 - [MESSAGE][PASSED] - All options with index in [5] are selected on object 'Object Repository/DispensaryToStore/Page_Dispensary Store/select_--Select--Schedule 1Inj'

2018-05-28 12:42:00 - [TEST_STEP][PASSED] - selectOptionByIndex: All options with index in [13] are selected on object 'Object Repository/DispensaryToStore/Page_Dispensary Store/select_--Select--Adernaline 0.'

2018-05-28 12:42:01 - [MESSAGE][PASSED] - All options with index in [13] are selected on object 'Object Repository/DispensaryToStore/Page_Dispensary Store/select_--Select--Adernaline 0.'

2018-05-28 12:42:01 - [TEST_STEP][PASSED] - setText: Text '10' is set on object 'Object Repository/DispensaryToStore/Page_Dispensary Store/input_txttreat'

2018-05-28 12:42:01 - [MESSAGE][PASSED] - Text '10' is set on object 'Object Repository/DispensaryToStore/Page_Dispensary Store/input_txttreat'

2018-05-28 12:42:01 - [TEST_STEP][PASSED] - click: Object: 'Object Repository/DispensaryToStore/Page_Dispensary Store/button_Add' is clicked on

2018-05-28 12:42:01 - [MESSAGE][PASSED] - Object: 'Object Repository/DispensaryToStore/Page_Dispensary Store/button_Add' is clicked on

2018-05-28 12:42:01 - [TEST_STEP][PASSED] - selectOptionByIndex: All options with index in [5] are selected on object 'Object Repository/DispensaryToStore/Page_Dispensary Store/select_--Select--Schedule 1Inj'

2018-05-28 12:42:01 - [MESSAGE][PASSED] - All options with index in [5] are selected on object 'Object Repository/DispensaryToStore/Page_Dispensary Store/select_--Select--Schedule 1Inj'

2018-05-28 12:42:01 - [TEST_STEP][PASSED] - selectOptionByIndex: All options with index in [14] are selected on object 'Object Repository/DispensaryToStore/Page_Dispensary Store/select_--Select--Adernaline 0.'

2018-05-28 12:42:01 - [MESSAGE][PASSED] - All options with index in [14] are selected on object 'Object Repository/DispensaryToStore/Page_Dispensary Store/select_--Select--Adernaline 0.'

2018-05-28 12:42:01 - [TEST_STEP][PASSED] - setText: Text '10' is set on object 'Object Repository/DispensaryToStore/Page_Dispensary Store/input_txttreat'

2018-05-28 12:42:01 - [MESSAGE][PASSED] - Text '10' is set on object 'Object Repository/DispensaryToStore/Page_Dispensary Store/input_txttreat'

2018-05-28 12:42:01 - [TEST_STEP][PASSED] - click: Object: 'Object Repository/DispensaryToStore/Page_Dispensary Store/button_Add' is clicked on

2018-05-28 12:42:01 - [MESSAGE][PASSED] - Object: 'Object Repository/DispensaryToStore/Page_Dispensary Store/button_Add' is clicked on

2018-05-28 12:42:01 - [TEST_STEP][PASSED] - selectOptionByIndex: All options with index in [5] are selected on object 'Object Repository/DispensaryToStore/Page_Dispensary Store/select_--Select--Schedule 1Inj'

2018-05-28 12:42:01 - [MESSAGE][PASSED] - All options with index in [5] are selected on object 'Object Repository/DispensaryToStore/Page_Dispensary Store/select_--Select--Schedule 1Inj'

2018-05-28 12:42:01 - [TEST_STEP][PASSED] - selectOptionByIndex: All options with index in [15] are selected on object 'Object Repository/DispensaryToStore/Page_Dispensary Store/select_--Select--Adernaline 0.'

2018-05-28 12:42:02 - [MESSAGE][PASSED] - All options with index in [15] are selected on object 'Object Repository/DispensaryToStore/Page_Dispensary Store/select_--Select--Adernaline 0.'

2018-05-28 12:42:02 - [TEST_STEP][PASSED] - setText: Text '10' is set on object 'Object Repository/DispensaryToStore/Page_Dispensary Store/input_txttreat'

2018-05-28 12:42:02 - [MESSAGE][PASSED] - Text '10' is set on object 'Object Repository/DispensaryToStore/Page_Dispensary Store/input_txttreat'

2018-05-28 12:42:02 - [TEST_STEP][PASSED] - click: Object: 'Object Repository/DispensaryToStore/Page_Dispensary Store/button_Add' is clicked on

2018-05-28 12:42:02 - [MESSAGE][PASSED] - Object: 'Object Repository/DispensaryToStore/Page_Dispensary Store/button_Add' is clicked on

2018-05-28 12:42:02 - [TEST_STEP][PASSED] - selectOptionByIndex: All options with index in [5] are selected on object 'Object Repository/DispensaryToStore/Page_Dispensary Store/select_--Select--Schedule 1Inj'

2018-05-28 12:42:02 - [MESSAGE][PASSED] - All options with index in [5] are selected on object 'Object Repository/DispensaryToStore/Page_Dispensary Store/select_--Select--Schedule 1Inj'

2018-05-28 12:42:02 - [TEST_STEP][PASSED] - selectOptionByIndex: All options with index in [16] are selected on object 'Object Repository/DispensaryToStore/Page_Dispensary Store/select_--Select--Adernaline 0.'

2018-05-28 12:42:02 - [MESSAGE][PASSED] - All options with index in [16] are selected on object 'Object Repository/DispensaryToStore/Page_Dispensary Store/select_--Select--Adernaline 0.'

2018-05-28 12:42:02 - [TEST_STEP][PASSED] - setText: Text '10' is set on object 'Object Repository/DispensaryToStore/Page_Dispensary Store/input_txttreat'

2018-05-28 12:42:02 - [MESSAGE][PASSED] - Text '10' is set on object 'Object Repository/DispensaryToStore/Page_Dispensary Store/input_txttreat'

2018-05-28 12:42:02 - [TEST_STEP][PASSED] - click: Object: 'Object Repository/DispensaryToStore/Page_Dispensary Store/button_Add' is clicked on

2018-05-28 12:42:02 - [MESSAGE][PASSED] - Object: 'Object Repository/DispensaryToStore/Page_Dispensary Store/button_Add' is clicked on

2018-05-28 12:42:02 - [TEST_STEP][PASSED] - scrollToElement: Scroll to object 'Object Repository/DispensaryToStore/Page_Dispensary Store/input_btnsave' successfully

2018-05-28 12:42:03 - [MESSAGE][PASSED] - Scroll to object 'Object Repository/DispensaryToStore/Page_Dispensary Store/input_btnsave' successfully

2018-05-28 12:42:03 - [TEST_STEP][PASSED] - click: Object: 'Object Repository/DispensaryToStore/Page_Dispensary Store/input_btnsave' is clicked on

2018-05-28 12:42:03 - [MESSAGE][PASSED] - Object: 'Object Repository/DispensaryToStore/Page_Dispensary Store/input_btnsave' is clicked on

2018-05-28 12:42:03 - [TEST_STEP][PASSED] - delay: Delayed 3 second(s)

2018-05-28 12:42:06 - [MESSAGE][PASSED] - Delayed 3 second(s)

2018-05-28 12:42:06 - [TEST_STEP][PASSED] - Statement - RN1 = com.kms.katalon.core.webui.keyword.WebUiBuiltInKeywords.getText(com.kms.katalon.core.testobject.ObjectRepository.findTestObject(DispensaryToStore/Page_Dispensary Store/font_HPRNO180520187)): Text of object 'Object Repository/DispensaryToStore/Page_Dispensary Store/font_HPRNO180520187' is: 'DPRNO/28052018/124'

2018-05-28 12:42:06 - [MESSAGE][PASSED] - Text of object 'Object Repository/DispensaryToStore/Page_Dispensary Store/font_HPRNO180520187' is: 'DPRNO/28052018/124'

2018-05-28 12:42:06 - [TEST_STEP][PASSED] - Statement - out.println(RN1): null

2018-05-28 12:42:06 - [TEST_STEP][PASSED] - Statement - RID = RN1.split("/")[2]: null

2018-05-28 12:42:06 - [TEST_STEP][PASSED] - click: Object: 'Object Repository/DispensaryToStore/Page_Dispensary Store/button_OK' is clicked on

2018-05-28 12:42:06 - [MESSAGE][PASSED] - Object: 'Object Repository/DispensaryToStore/Page_Dispensary Store/button_OK' is clicked on

2018-05-28 12:42:06 - [TEST_STEP][PASSED] - delay: Delayed 3 second(s)

2018-05-28 12:42:09 - [MESSAGE][PASSED] - Delayed 3 second(s)

2018-05-28 12:42:09 - [TEST_STEP][PASSED] - waitForElementPresent: Object 'Object Repository/DispensaryToStore/Page_Dispensary Store/a_dropdown-toggle' is present

2018-05-28 12:42:09 - [MESSAGE][PASSED] - Object 'Object Repository/DispensaryToStore/Page_Dispensary Store/a_dropdown-toggle' is present

2018-05-28 12:42:09 - [TEST_STEP][PASSED] - click: Object: 'Object Repository/DispensaryToStore/Page_Dispensary Store/a_dropdown-toggle' is clicked on

2018-05-28 12:42:09 - [MESSAGE][PASSED] - Object: 'Object Repository/DispensaryToStore/Page_Dispensary Store/a_dropdown-toggle' is clicked on

2018-05-28 12:42:09 - [TEST_STEP][PASSED] - click: Object: 'Object Repository/DispensaryToStore/Page_Dispensary Store/a_Sign out' is clicked on

2018-05-28 12:42:10 - [MESSAGE][PASSED] - Object: 'Object Repository/DispensaryToStore/Page_Dispensary Store/a_Sign out' is clicked on

2018-05-28 12:42:10 - [TEST_STEP][PASSED] - delay: Delayed 3 second(s)

2018-05-28 12:42:13 - [MESSAGE][PASSED] - Delayed 3 second(s)

2018-05-28 12:42:13 - [TEST_STEP][PASSED] - navigateToUrl: Navigate to 'http://192.168.137.1/multihospital_new/' successfully

2018-05-28 12:42:14 - [MESSAGE][PASSED] - Navigate to 'http://192.168.137.1/multihospital_new/' successfully

2018-05-28 12:42:14 - [TEST_STEP][PASSED] - click: Object: 'Object Repository/DispensaryToStore/Page_KDMC/a_CMO' is clicked on

2018-05-28 12:42:15 - [MESSAGE][PASSED] - Object: 'Object Repository/DispensaryToStore/Page_KDMC/a_CMO' is clicked on

2018-05-28 12:42:15 - [TEST_STEP][PASSED] - setText: Text 'guru' is set on object 'Object Repository/DispensaryToStore/Page_CMO login/input_txtusername'

2018-05-28 12:42:15 - [MESSAGE][PASSED] - Text 'guru' is set on object 'Object Repository/DispensaryToStore/Page_CMO login/input_txtusername'

2018-05-28 12:42:15 - [TEST_STEP][PASSED] - setText: Text '123' is set on object 'Object Repository/DispensaryToStore/Page_CMO login/input_txtpassword'

2018-05-28 12:42:15 - [MESSAGE][PASSED] - Text '123' is set on object 'Object Repository/DispensaryToStore/Page_CMO login/input_txtpassword'

2018-05-28 12:42:15 - [TEST_STEP][PASSED] - delay: Delayed 3 second(s)

2018-05-28 12:42:18 - [MESSAGE][PASSED] - Delayed 3 second(s)

2018-05-28 12:42:18 - [TEST_STEP][PASSED] - click: Object: 'Object Repository/DispensaryToStore/Page_CMO login/button_Sign in' is clicked on

2018-05-28 12:42:19 - [MESSAGE][PASSED] - Object: 'Object Repository/DispensaryToStore/Page_CMO login/button_Sign in' is clicked on

2018-05-28 12:42:19 - [TEST_STEP][PASSED] - click: Object: 'Object Repository/DispensaryToStore/Page_KDMC - CMO/a_Department Wise Request' is clicked on

2018-05-28 12:42:22 - [MESSAGE][PASSED] - Object: 'Object Repository/DispensaryToStore/Page_KDMC - CMO/a_Department Wise Request' is clicked on

2018-05-28 12:42:22 - [TEST_STEP][PASSED] - delay: Delayed 2 second(s)

2018-05-28 12:42:24 - [MESSAGE][PASSED] - Delayed 2 second(s)

2018-05-28 12:42:24 - [TEST_STEP][PASSED] - selectOptionByIndex: All options with index in [6] are selected on object 'Object Repository/DispensaryToStore/Page_KDMC - CMO/select_--ALL--'

2018-05-28 12:42:24 - [MESSAGE][PASSED] - All options with index in [6] are selected on object 'Object Repository/DispensaryToStore/Page_KDMC - CMO/select_--ALL--'

2018-05-28 12:42:24 - [TEST_STEP][PASSED] - click: Object: 'Object Repository/DispensaryToStore/Page_KDMC - CMO/input_btnsearch' is clicked on

2018-05-28 12:42:24 - [MESSAGE][PASSED] - Object: 'Object Repository/DispensaryToStore/Page_KDMC - CMO/input_btnsearch' is clicked on

2018-05-28 12:42:24 - [TEST_STEP][PASSED] - selectOptionByIndex: All options with index in [1] are selected on object 'Object Repository/DispensaryToStore/Page_KDMC - CMO/select_--ALL--                _1'

2018-05-28 12:42:24 - [MESSAGE][PASSED] - All options with index in [1] are selected on object 'Object Repository/DispensaryToStore/Page_KDMC - CMO/select_--ALL--                _1'

2018-05-28 12:42:24 - [TEST_STEP][PASSED] - click: Object: 'Object Repository/DispensaryToStore/Page_KDMC - CMO/input_btnsearch' is clicked on

2018-05-28 12:42:24 - [MESSAGE][PASSED] - Object: 'Object Repository/DispensaryToStore/Page_KDMC - CMO/input_btnsearch' is clicked on

2018-05-28 12:42:24 - [TEST_STEP][PASSED] - Statement - ID = com.kms.katalon.core.webui.keyword.WebUiBuiltInKeywords.modifyObjectProperty(com.kms.katalon.core.testobject.ObjectRepository.findTestObject(lab/Page_KDMC - CMO/input_1), "xpath", "equals", "//*[@id=" + RID + "]", true): Modify property of object successfully

2018-05-28 12:42:24 - [MESSAGE][PASSED] - Modify property of object successfully

2018-05-28 12:42:24 - [TEST_STEP][PASSED] - scrollToElement: Scroll to object 'Object Repository/lab/Page_KDMC - CMO/input_1' successfully

2018-05-28 12:42:25 - [MESSAGE][PASSED] - Scroll to object 'Object Repository/lab/Page_KDMC - CMO/input_1' successfully

2018-05-28 12:42:25 - [TEST_STEP][PASSED] - click: Object: 'Object Repository/lab/Page_KDMC - CMO/input_1' is clicked on

2018-05-28 12:42:25 - [MESSAGE][PASSED] - Object: 'Object Repository/lab/Page_KDMC - CMO/input_1' is clicked on

2018-05-28 12:42:25 - [TEST_STEP][PASSED] - delay: Delayed 2 second(s)

2018-05-28 12:42:27 - [MESSAGE][PASSED] - Delayed 2 second(s)

2018-05-28 12:42:27 - [TEST_STEP][PASSED] - selectOptionByIndex: All options with index in [1] are selected on object 'Object Repository/DispensaryToStore/Page_KDMC - CMO/select_--Select--'

2018-05-28 12:42:27 - [MESSAGE][PASSED] - All options with index in [1] are selected on object 'Object Repository/DispensaryToStore/Page_KDMC - CMO/select_--Select--'

2018-05-28 12:42:27 - [TEST_STEP][PASSED] - click: Object: 'Object Repository/DispensaryToStore/Page_KDMC - CMO/input_btnupdate' is clicked on

2018-05-28 12:42:27 - [MESSAGE][PASSED] - Object: 'Object Repository/DispensaryToStore/Page_KDMC - CMO/input_btnupdate' is clicked on

2018-05-28 12:42:27 - [TEST_STEP][PASSED] - delay: Delayed 2 second(s)

2018-05-28 12:42:29 - [MESSAGE][PASSED] - Delayed 2 second(s)

2018-05-28 12:42:29 - [TEST_STEP][PASSED] - click: Object: 'Object Repository/DispensaryToStore/Page_KDMC - CMO/button_OK' is clicked on

2018-05-28 12:42:30 - [MESSAGE][PASSED] - Object: 'Object Repository/DispensaryToStore/Page_KDMC - CMO/button_OK' is clicked on

2018-05-28 12:42:30 - [TEST_STEP][PASSED] - delay: Delayed 2 second(s)

2018-05-28 12:42:32 - [MESSAGE][PASSED] - Delayed 2 second(s)

2018-05-28 12:42:32 - [TEST_STEP][PASSED] - waitForElementPresent: Object 'Object Repository/DispensaryToStore/Page_Dispensary Store/a_dropdown-toggle' is not present after 20 second(s)

2018-05-28 12:42:53 - [MESSAGE][WARNING] - Object 'Object Repository/DispensaryToStore/Page_Dispensary Store/a_dropdown-toggle' is not present after 20 second(s)

2018-05-28 12:42:53 - [TEST_STEP][PASSED] - click: Object: 'Object Repository/DispensaryToStore/Page_KDMC - CMO/a_dropdown-toggle' is clicked on

2018-05-28 12:42:53 - [MESSAGE][PASSED] - Object: 'Object Repository/DispensaryToStore/Page_KDMC - CMO/a_dropdown-toggle' is clicked on

2018-05-28 12:42:53 - [TEST_STEP][PASSED] - click: Object: 'Object Repository/DispensaryToStore/Page_KDMC - CMO/a_Sign out' is clicked on

2018-05-28 12:42:53 - [MESSAGE][PASSED] - Object: 'Object Repository/DispensaryToStore/Page_KDMC - CMO/a_Sign out' is clicked on

2018-05-28 12:42:53 - [TEST_STEP][PASSED] - delay: Delayed 3 second(s)

2018-05-28 12:42:56 - [MESSAGE][PASSED] - Delayed 3 second(s)

2018-05-28 12:42:56 - [TEST_STEP][PASSED] - click: Object: 'Object Repository/DispensaryToStore/Page_KDMC/a_Divisional Store' is clicked on

2018-05-28 12:42:58 - [MESSAGE][PASSED] - Object: 'Object Repository/DispensaryToStore/Page_KDMC/a_Divisional Store' is clicked on

2018-05-28 12:42:58 - [TEST_STEP][PASSED] - setText: Text 'ragu' is set on object 'Object Repository/DispensaryToStore/Page_Divisonal Store Login/input_txtusername'

2018-05-28 12:42:58 - [MESSAGE][PASSED] - Text 'ragu' is set on object 'Object Repository/DispensaryToStore/Page_Divisonal Store Login/input_txtusername'

2018-05-28 12:42:58 - [TEST_STEP][PASSED] - setText: Text '123' is set on object 'Object Repository/DispensaryToStore/Page_Divisonal Store Login/input_txtpassword'

2018-05-28 12:42:58 - [MESSAGE][PASSED] - Text '123' is set on object 'Object Repository/DispensaryToStore/Page_Divisonal Store Login/input_txtpassword'

2018-05-28 12:42:58 - [TEST_STEP][PASSED] - delay: Delayed 3 second(s)

2018-05-28 12:43:01 - [MESSAGE][PASSED] - Delayed 3 second(s)

2018-05-28 12:43:01 - [TEST_STEP][PASSED] - click: Object: 'Object Repository/DispensaryToStore/Page_Divisonal Store Login/button_Sign in' is clicked on

2018-05-28 12:43:02 - [MESSAGE][PASSED] - Object: 'Object Repository/DispensaryToStore/Page_Divisonal Store Login/button_Sign in' is clicked on

2018-05-28 12:43:02 - [TEST_STEP][PASSED] - delay: Delayed 3 second(s)

2018-05-28 12:43:05 - [MESSAGE][PASSED] - Delayed 3 second(s)

2018-05-28 12:43:05 - [TEST_STEP][PASSED] - scrollToPosition: Browser is scrolled to position x = 100, y = 100

2018-05-28 12:43:05 - [MESSAGE][PASSED] - Browser is scrolled to position x = 100, y = 100

2018-05-28 12:43:05 - [TEST_STEP][PASSED] - click: Object: 'Object Repository/DispensaryToStore/Page_Store/a_Dispensary Request' is clicked on

2018-05-28 12:43:05 - [MESSAGE][PASSED] - Object: 'Object Repository/DispensaryToStore/Page_Store/a_Dispensary Request' is clicked on

2018-05-28 12:43:05 - [TEST_STEP][PASSED] - delay: Delayed 2 second(s)

2018-05-28 12:43:07 - [MESSAGE][PASSED] - Delayed 2 second(s)

2018-05-28 12:43:07 - [TEST_STEP][PASSED] - click: Object: 'Object Repository/DispensaryToStore/Page_Store/a_Request Item Dispensary' is clicked on

2018-05-28 12:43:08 - [MESSAGE][PASSED] - Object: 'Object Repository/DispensaryToStore/Page_Store/a_Request Item Dispensary' is clicked on

2018-05-28 12:43:08 - [TEST_STEP][PASSED] - Statement - ChooseRequest = com.kms.katalon.core.webui.keyword.WebUiBuiltInKeywords.modifyObjectProperty(com.kms.katalon.core.testobject.ObjectRepository.findTestObject(lab/Page_Store/input_1), "xpath", "equals", "//*[@id=" + RID + "]", true): Modify property of object successfully

2018-05-28 12:43:08 - [MESSAGE][PASSED] - Modify property of object successfully

2018-05-28 12:43:08 - [TEST_STEP][PASSED] - click: Object: 'Object Repository/lab/Page_Store/input_1' is clicked on

2018-05-28 12:43:09 - [MESSAGE][PASSED] - Object: 'Object Repository/lab/Page_Store/input_1' is clicked on

2018-05-28 12:43:09 - [TEST_STEP][PASSED] - Statement - selectedoptions = com.kms.katalon.core.webui.keyword.WebUiBuiltInKeywords.getNumberOfTotalOption(com.kms.katalon.core.testobject.ObjectRepository.findTestObject(DispensaryToStore/Page_Store/select_--Select--Adernaline 0.)): 17 options of object 'Object Repository/DispensaryToStore/Page_Store/select_--Select--Adernaline 0.' counted

2018-05-28 12:43:09 - [MESSAGE][PASSED] - 17 options of object 'Object Repository/DispensaryToStore/Page_Store/select_--Select--Adernaline 0.' counted

2018-05-28 12:43:09 - [TEST_STEP][PASSED] - Statement - For ([a = 1, a <= selectedoptions - 1, (a++)]): null

2018-05-28 12:43:09 - [TEST_STEP][PASSED] - selectOptionByIndex: All options with index in [1] are selected on object 'Object Repository/DispensaryToStore/Page_Store/select_--Select--Adernaline 0.'

2018-05-28 12:43:09 - [MESSAGE][PASSED] - All options with index in [1] are selected on object 'Object Repository/DispensaryToStore/Page_Store/select_--Select--Adernaline 0.'

2018-05-28 12:43:09 - [TEST_STEP][PASSED] - delay: Delayed 2 second(s)

2018-05-28 12:43:11 - [MESSAGE][PASSED] - Delayed 2 second(s)

2018-05-28 12:43:11 - [TEST_STEP][PASSED] - Statement - RequestedQty = com.kms.katalon.core.webui.keyword.WebUiBuiltInKeywords.getAttribute(com.kms.katalon.core.testobject.ObjectRepository.findTestObject(DispensaryToStore/Page_Store/input_txttotal), "value"): Attribute 'value' of object 'Object Repository/DispensaryToStore/Page_Store/input_txttotal' is: '10'

2018-05-28 12:43:11 - [MESSAGE][PASSED] - Attribute 'value' of object 'Object Repository/DispensaryToStore/Page_Store/input_txttotal' is: '10'

2018-05-28 12:43:11 - [TEST_STEP][PASSED] - Statement - out.println("Requested QTY : " + RequestedQty): null

2018-05-28 12:43:11 - [TEST_STEP][PASSED] - Statement - BatchNumber = com.kms.katalon.core.webui.keyword.WebUiBuiltInKeywords.getNumberOfTotalOption(com.kms.katalon.core.testobject.ObjectRepository.findTestObject(DispensaryToStore/Page_Store/select_--Select--BA1170BA2376B)): 4 options of object 'Object Repository/DispensaryToStore/Page_Store/select_--Select--BA1170BA2376B' counted

2018-05-28 12:43:11 - [MESSAGE][PASSED] - 4 options of object 'Object Repository/DispensaryToStore/Page_Store/select_--Select--BA1170BA2376B' counted

2018-05-28 12:43:11 - [TEST_STEP][PASSED] - Statement - For ([g = 1, g <= BatchNumber - 1, (g++)]): null

2018-05-28 12:43:11 - [TEST_STEP][PASSED] - selectOptionByIndex: All options with index in [1] are selected on object 'Object Repository/DispensaryToStore/Page_Store/select_--Select--BA1170BA2376B'

2018-05-28 12:43:11 - [MESSAGE][PASSED] - All options with index in [1] are selected on object 'Object Repository/DispensaryToStore/Page_Store/select_--Select--BA1170BA2376B'

2018-05-28 12:43:11 - [TEST_STEP][PASSED] - Statement - Try: null

2018-05-28 12:43:11 - [TEST_STEP][PASSED] - Statement - StockQty = com.kms.katalon.core.webui.keyword.WebUiBuiltInKeywords.getAttribute(com.kms.katalon.core.testobject.ObjectRepository.findTestObject(DispensaryToStore/Page_Store/input_txtprice), "value"): Attribute 'value' of object 'Object Repository/DispensaryToStore/Page_Store/input_txtprice' is: '1840'

2018-05-28 12:43:12 - [MESSAGE][PASSED] - Attribute 'value' of object 'Object Repository/DispensaryToStore/Page_Store/input_txtprice' is: '1840'

2018-05-28 12:43:12 - [TEST_STEP][PASSED] - Statement - out.println("Stock QTY : " + StockQty): null

2018-05-28 12:43:12 - [TEST_STEP][PASSED] - delay: Delayed 2 second(s)

2018-05-28 12:43:14 - [MESSAGE][PASSED] - Delayed 2 second(s)

2018-05-28 12:43:14 - [TEST_STEP][PASSED] - Statement - If (java.lang.String.valueOf(StockQty) >= java.lang.String.valueOf(RequestedQty)): null

2018-05-28 12:43:14 - [TEST_STEP][PASSED] - setText: Text '10' is set on object 'Object Repository/DispensaryToStore/Page_Store/input_txtqty'

2018-05-28 12:43:14 - [MESSAGE][PASSED] - Text '10' is set on object 'Object Repository/DispensaryToStore/Page_Store/input_txtqty'

2018-05-28 12:43:14 - [TEST_STEP][PASSED] - click: Object: 'Object Repository/DispensaryToStore/Page_Store/button_Add' is clicked on

2018-05-28 12:43:14 - [MESSAGE][PASSED] - Object: 'Object Repository/DispensaryToStore/Page_Store/button_Add' is clicked on

2018-05-28 12:43:14 - [TEST_STEP][PASSED] - Statement - Break: null

2018-05-28 12:43:14 - [TEST_STEP][PASSED] - selectOptionByIndex: All options with index in [2] are selected on object 'Object Repository/DispensaryToStore/Page_Store/select_--Select--Adernaline 0.'

2018-05-28 12:43:14 - [MESSAGE][PASSED] - All options with index in [2] are selected on object 'Object Repository/DispensaryToStore/Page_Store/select_--Select--Adernaline 0.'

2018-05-28 12:43:14 - [TEST_STEP][PASSED] - delay: Delayed 2 second(s)

2018-05-28 12:43:16 - [MESSAGE][PASSED] - Delayed 2 second(s)

2018-05-28 12:43:16 - [TEST_STEP][PASSED] - Statement - RequestedQty = com.kms.katalon.core.webui.keyword.WebUiBuiltInKeywords.getAttribute(com.kms.katalon.core.testobject.ObjectRepository.findTestObject(DispensaryToStore/Page_Store/input_txttotal), "value"): Attribute 'value' of object 'Object Repository/DispensaryToStore/Page_Store/input_txttotal' is: '10'

2018-05-28 12:43:16 - [MESSAGE][PASSED] - Attribute 'value' of object 'Object Repository/DispensaryToStore/Page_Store/input_txttotal' is: '10'

2018-05-28 12:43:16 - [TEST_STEP][PASSED] - Statement - out.println("Requested QTY : " + RequestedQty): null

2018-05-28 12:43:16 - [TEST_STEP][PASSED] - Statement - BatchNumber = com.kms.katalon.core.webui.keyword.WebUiBuiltInKeywords.getNumberOfTotalOption(com.kms.katalon.core.testobject.ObjectRepository.findTestObject(DispensaryToStore/Page_Store/select_--Select--BA1170BA2376B)): 3 options of object 'Object Repository/DispensaryToStore/Page_Store/select_--Select--BA1170BA2376B' counted

2018-05-28 12:43:16 - [MESSAGE][PASSED] - 3 options of object 'Object Repository/DispensaryToStore/Page_Store/select_--Select--BA1170BA2376B' counted

2018-05-28 12:43:16 - [TEST_STEP][PASSED] - Statement - For ([g = 1, g <= BatchNumber - 1, (g++)]): null

2018-05-28 12:43:16 - [TEST_STEP][PASSED] - selectOptionByIndex: All options with index in [1] are selected on object 'Object Repository/DispensaryToStore/Page_Store/select_--Select--BA1170BA2376B'

2018-05-28 12:43:16 - [MESSAGE][PASSED] - All options with index in [1] are selected on object 'Object Repository/DispensaryToStore/Page_Store/select_--Select--BA1170BA2376B'

2018-05-28 12:43:16 - [TEST_STEP][PASSED] - Statement - Try: null

2018-05-28 12:43:16 - [TEST_STEP][PASSED] - Statement - StockQty = com.kms.katalon.core.webui.keyword.WebUiBuiltInKeywords.getAttribute(com.kms.katalon.core.testobject.ObjectRepository.findTestObject(DispensaryToStore/Page_Store/input_txtprice), "value"): Attribute 'value' of object 'Object Repository/DispensaryToStore/Page_Store/input_txtprice' is: '1558'

2018-05-28 12:43:16 - [MESSAGE][PASSED] - Attribute 'value' of object 'Object Repository/DispensaryToStore/Page_Store/input_txtprice' is: '1558'

2018-05-28 12:43:16 - [TEST_STEP][PASSED] - Statement - out.println("Stock QTY : " + StockQty): null

2018-05-28 12:43:16 - [TEST_STEP][PASSED] - delay: Delayed 2 second(s)

2018-05-28 12:43:18 - [MESSAGE][PASSED] - Delayed 2 second(s)

2018-05-28 12:43:18 - [TEST_STEP][PASSED] - Statement - If (java.lang.String.valueOf(StockQty) >= java.lang.String.valueOf(RequestedQty)): null

2018-05-28 12:43:18 - [TEST_STEP][PASSED] - setText: Text '10' is set on object 'Object Repository/DispensaryToStore/Page_Store/input_txtqty'

2018-05-28 12:43:18 - [MESSAGE][PASSED] - Text '10' is set on object 'Object Repository/DispensaryToStore/Page_Store/input_txtqty'

2018-05-28 12:43:18 - [TEST_STEP][PASSED] - click: Object: 'Object Repository/DispensaryToStore/Page_Store/button_Add' is clicked on

2018-05-28 12:43:18 - [MESSAGE][PASSED] - Object: 'Object Repository/DispensaryToStore/Page_Store/button_Add' is clicked on

2018-05-28 12:43:18 - [TEST_STEP][PASSED] - Statement - Break: null

2018-05-28 12:43:18 - [TEST_STEP][PASSED] - selectOptionByIndex: All options with index in [3] are selected on object 'Object Repository/DispensaryToStore/Page_Store/select_--Select--Adernaline 0.'

2018-05-28 12:43:19 - [MESSAGE][PASSED] - All options with index in [3] are selected on object 'Object Repository/DispensaryToStore/Page_Store/select_--Select--Adernaline 0.'

2018-05-28 12:43:19 - [TEST_STEP][PASSED] - delay: Delayed 2 second(s)

2018-05-28 12:43:21 - [MESSAGE][PASSED] - Delayed 2 second(s)

2018-05-28 12:43:21 - [TEST_STEP][PASSED] - Statement - RequestedQty = com.kms.katalon.core.webui.keyword.WebUiBuiltInKeywords.getAttribute(com.kms.katalon.core.testobject.ObjectRepository.findTestObject(DispensaryToStore/Page_Store/input_txttotal), "value"): Attribute 'value' of object 'Object Repository/DispensaryToStore/Page_Store/input_txttotal' is: '10'

2018-05-28 12:43:21 - [MESSAGE][PASSED] - Attribute 'value' of object 'Object Repository/DispensaryToStore/Page_Store/input_txttotal' is: '10'

2018-05-28 12:43:21 - [TEST_STEP][PASSED] - Statement - out.println("Requested QTY : " + RequestedQty): null

2018-05-28 12:43:21 - [TEST_STEP][PASSED] - Statement - BatchNumber = com.kms.katalon.core.webui.keyword.WebUiBuiltInKeywords.getNumberOfTotalOption(com.kms.katalon.core.testobject.ObjectRepository.findTestObject(DispensaryToStore/Page_Store/select_--Select--BA1170BA2376B)): 2 options of object 'Object Repository/DispensaryToStore/Page_Store/select_--Select--BA1170BA2376B' counted

2018-05-28 12:43:21 - [MESSAGE][PASSED] - 2 options of object 'Object Repository/DispensaryToStore/Page_Store/select_--Select--BA1170BA2376B' counted

2018-05-28 12:43:21 - [TEST_STEP][PASSED] - Statement - For ([g = 1, g <= BatchNumber - 1, (g++)]): null

2018-05-28 12:43:21 - [TEST_STEP][PASSED] - selectOptionByIndex: All options with index in [1] are selected on object 'Object Repository/DispensaryToStore/Page_Store/select_--Select--BA1170BA2376B'

2018-05-28 12:43:21 - [MESSAGE][PASSED] - All options with index in [1] are selected on object 'Object Repository/DispensaryToStore/Page_Store/select_--Select--BA1170BA2376B'

2018-05-28 12:43:21 - [TEST_STEP][PASSED] - Statement - Try: null

2018-05-28 12:43:21 - [TEST_STEP][PASSED] - Statement - StockQty = com.kms.katalon.core.webui.keyword.WebUiBuiltInKeywords.getAttribute(com.kms.katalon.core.testobject.ObjectRepository.findTestObject(DispensaryToStore/Page_Store/input_txtprice), "value"): Attribute 'value' of object 'Object Repository/DispensaryToStore/Page_Store/input_txtprice' is: '9985'

2018-05-28 12:43:21 - [MESSAGE][PASSED] - Attribute 'value' of object 'Object Repository/DispensaryToStore/Page_Store/input_txtprice' is: '9985'

2018-05-28 12:43:21 - [TEST_STEP][PASSED] - Statement - out.println("Stock QTY : " + StockQty): null

2018-05-28 12:43:21 - [TEST_STEP][PASSED] - delay: Delayed 2 second(s)

2018-05-28 12:43:23 - [MESSAGE][PASSED] - Delayed 2 second(s)

2018-05-28 12:43:23 - [TEST_STEP][PASSED] - Statement - If (java.lang.String.valueOf(StockQty) >= java.lang.String.valueOf(RequestedQty)): null

2018-05-28 12:43:23 - [TEST_STEP][PASSED] - setText: Text '10' is set on object 'Object Repository/DispensaryToStore/Page_Store/input_txtqty'

2018-05-28 12:43:23 - [MESSAGE][PASSED] - Text '10' is set on object 'Object Repository/DispensaryToStore/Page_Store/input_txtqty'

2018-05-28 12:43:23 - [TEST_STEP][PASSED] - click: Object: 'Object Repository/DispensaryToStore/Page_Store/button_Add' is clicked on

2018-05-28 12:43:23 - [MESSAGE][PASSED] - Object: 'Object Repository/DispensaryToStore/Page_Store/button_Add' is clicked on

2018-05-28 12:43:23 - [TEST_STEP][PASSED] - Statement - Break: null

2018-05-28 12:43:23 - [TEST_STEP][PASSED] - selectOptionByIndex: All options with index in [4] are selected on object 'Object Repository/DispensaryToStore/Page_Store/select_--Select--Adernaline 0.'

2018-05-28 12:43:23 - [MESSAGE][PASSED] - All options with index in [4] are selected on object 'Object Repository/DispensaryToStore/Page_Store/select_--Select--Adernaline 0.'

2018-05-28 12:43:23 - [TEST_STEP][PASSED] - delay: Delayed 2 second(s)

2018-05-28 12:43:25 - [MESSAGE][PASSED] - Delayed 2 second(s)

2018-05-28 12:43:25 - [TEST_STEP][PASSED] - Statement - RequestedQty = com.kms.katalon.core.webui.keyword.WebUiBuiltInKeywords.getAttribute(com.kms.katalon.core.testobject.ObjectRepository.findTestObject(DispensaryToStore/Page_Store/input_txttotal), "value"): Attribute 'value' of object 'Object Repository/DispensaryToStore/Page_Store/input_txttotal' is: '10'

2018-05-28 12:43:25 - [MESSAGE][PASSED] - Attribute 'value' of object 'Object Repository/DispensaryToStore/Page_Store/input_txttotal' is: '10'

2018-05-28 12:43:25 - [TEST_STEP][PASSED] - Statement - out.println("Requested QTY : " + RequestedQty): null

2018-05-28 12:43:25 - [TEST_STEP][PASSED] - Statement - BatchNumber = com.kms.katalon.core.webui.keyword.WebUiBuiltInKeywords.getNumberOfTotalOption(com.kms.katalon.core.testobject.ObjectRepository.findTestObject(DispensaryToStore/Page_Store/select_--Select--BA1170BA2376B)): 2 options of object 'Object Repository/DispensaryToStore/Page_Store/select_--Select--BA1170BA2376B' counted

2018-05-28 12:43:25 - [MESSAGE][PASSED] - 2 options of object 'Object Repository/DispensaryToStore/Page_Store/select_--Select--BA1170BA2376B' counted

2018-05-28 12:43:25 - [TEST_STEP][PASSED] - Statement - For ([g = 1, g <= BatchNumber - 1, (g++)]): null

2018-05-28 12:43:25 - [TEST_STEP][PASSED] - selectOptionByIndex: All options with index in [1] are selected on object 'Object Repository/DispensaryToStore/Page_Store/select_--Select--BA1170BA2376B'

2018-05-28 12:43:25 - [MESSAGE][PASSED] - All options with index in [1] are selected on object 'Object Repository/DispensaryToStore/Page_Store/select_--Select--BA1170BA2376B'

2018-05-28 12:43:25 - [TEST_STEP][PASSED] - Statement - Try: null

2018-05-28 12:43:25 - [TEST_STEP][PASSED] - Statement - StockQty = com.kms.katalon.core.webui.keyword.WebUiBuiltInKeywords.getAttribute(com.kms.katalon.core.testobject.ObjectRepository.findTestObject(DispensaryToStore/Page_Store/input_txtprice), "value"): Attribute 'value' of object 'Object Repository/DispensaryToStore/Page_Store/input_txtprice' is: '9975'

2018-05-28 12:43:25 - [MESSAGE][PASSED] - Attribute 'value' of object 'Object Repository/DispensaryToStore/Page_Store/input_txtprice' is: '9975'

2018-05-28 12:43:25 - [TEST_STEP][PASSED] - Statement - out.println("Stock QTY : " + StockQty): null

2018-05-28 12:43:25 - [TEST_STEP][PASSED] - delay: Delayed 2 second(s)

2018-05-28 12:43:27 - [MESSAGE][PASSED] - Delayed 2 second(s)

2018-05-28 12:43:27 - [TEST_STEP][PASSED] - Statement - If (java.lang.String.valueOf(StockQty) >= java.lang.String.valueOf(RequestedQty)): null

2018-05-28 12:43:27 - [TEST_STEP][PASSED] - setText: Text '10' is set on object 'Object Repository/DispensaryToStore/Page_Store/input_txtqty'

2018-05-28 12:43:28 - [MESSAGE][PASSED] - Text '10' is set on object 'Object Repository/DispensaryToStore/Page_Store/input_txtqty'

2018-05-28 12:43:28 - [TEST_STEP][PASSED] - click: Object: 'Object Repository/DispensaryToStore/Page_Store/button_Add' is clicked on

2018-05-28 12:43:28 - [MESSAGE][PASSED] - Object: 'Object Repository/DispensaryToStore/Page_Store/button_Add' is clicked on

2018-05-28 12:43:28 - [TEST_STEP][PASSED] - Statement - Break: null

2018-05-28 12:43:28 - [TEST_STEP][PASSED] - selectOptionByIndex: All options with index in [5] are selected on object 'Object Repository/DispensaryToStore/Page_Store/select_--Select--Adernaline 0.'

2018-05-28 12:43:28 - [MESSAGE][PASSED] - All options with index in [5] are selected on object 'Object Repository/DispensaryToStore/Page_Store/select_--Select--Adernaline 0.'

2018-05-28 12:43:28 - [TEST_STEP][PASSED] - delay: Delayed 2 second(s)

2018-05-28 12:43:30 - [MESSAGE][PASSED] - Delayed 2 second(s)

2018-05-28 12:43:30 - [TEST_STEP][PASSED] - Statement - RequestedQty = com.kms.katalon.core.webui.keyword.WebUiBuiltInKeywords.getAttribute(com.kms.katalon.core.testobject.ObjectRepository.findTestObject(DispensaryToStore/Page_Store/input_txttotal), "value"): Attribute 'value' of object 'Object Repository/DispensaryToStore/Page_Store/input_txttotal' is: '10'

2018-05-28 12:43:30 - [MESSAGE][PASSED] - Attribute 'value' of object 'Object Repository/DispensaryToStore/Page_Store/input_txttotal' is: '10'

2018-05-28 12:43:30 - [TEST_STEP][PASSED] - Statement - out.println("Requested QTY : " + RequestedQty): null

2018-05-28 12:43:30 - [TEST_STEP][PASSED] - Statement - BatchNumber = com.kms.katalon.core.webui.keyword.WebUiBuiltInKeywords.getNumberOfTotalOption(com.kms.katalon.core.testobject.ObjectRepository.findTestObject(DispensaryToStore/Page_Store/select_--Select--BA1170BA2376B)): 2 options of object 'Object Repository/DispensaryToStore/Page_Store/select_--Select--BA1170BA2376B' counted

2018-05-28 12:43:30 - [MESSAGE][PASSED] - 2 options of object 'Object Repository/DispensaryToStore/Page_Store/select_--Select--BA1170BA2376B' counted

2018-05-28 12:43:30 - [TEST_STEP][PASSED] - Statement - For ([g = 1, g <= BatchNumber - 1, (g++)]): null

2018-05-28 12:43:30 - [TEST_STEP][PASSED] - selectOptionByIndex: All options with index in [1] are selected on object 'Object Repository/DispensaryToStore/Page_Store/select_--Select--BA1170BA2376B'

2018-05-28 12:43:30 - [MESSAGE][PASSED] - All options with index in [1] are selected on object 'Object Repository/DispensaryToStore/Page_Store/select_--Select--BA1170BA2376B'

2018-05-28 12:43:30 - [TEST_STEP][PASSED] - Statement - Try: null

2018-05-28 12:43:30 - [TEST_STEP][PASSED] - Statement - StockQty = com.kms.katalon.core.webui.keyword.WebUiBuiltInKeywords.getAttribute(com.kms.katalon.core.testobject.ObjectRepository.findTestObject(DispensaryToStore/Page_Store/input_txtprice), "value"): Attribute 'value' of object 'Object Repository/DispensaryToStore/Page_Store/input_txtprice' is: '9975'

2018-05-28 12:43:30 - [MESSAGE][PASSED] - Attribute 'value' of object 'Object Repository/DispensaryToStore/Page_Store/input_txtprice' is: '9975'

2018-05-28 12:43:30 - [TEST_STEP][PASSED] - Statement - out.println("Stock QTY : " + StockQty): null

2018-05-28 12:43:30 - [TEST_STEP][PASSED] - delay: Delayed 2 second(s)

2018-05-28 12:43:32 - [MESSAGE][PASSED] - Delayed 2 second(s)

2018-05-28 12:43:32 - [TEST_STEP][PASSED] - Statement - If (java.lang.String.valueOf(StockQty) >= java.lang.String.valueOf(RequestedQty)): null

2018-05-28 12:43:32 - [TEST_STEP][PASSED] - setText: Text '10' is set on object 'Object Repository/DispensaryToStore/Page_Store/input_txtqty'

2018-05-28 12:43:32 - [MESSAGE][PASSED] - Text '10' is set on object 'Object Repository/DispensaryToStore/Page_Store/input_txtqty'

2018-05-28 12:43:32 - [TEST_STEP][PASSED] - click: Object: 'Object Repository/DispensaryToStore/Page_Store/button_Add' is clicked on

2018-05-28 12:43:32 - [MESSAGE][PASSED] - Object: 'Object Repository/DispensaryToStore/Page_Store/button_Add' is clicked on

2018-05-28 12:43:32 - [TEST_STEP][PASSED] - Statement - Break: null

2018-05-28 12:43:32 - [TEST_STEP][PASSED] - selectOptionByIndex: All options with index in [6] are selected on object 'Object Repository/DispensaryToStore/Page_Store/select_--Select--Adernaline 0.'

2018-05-28 12:43:32 - [MESSAGE][PASSED] - All options with index in [6] are selected on object 'Object Repository/DispensaryToStore/Page_Store/select_--Select--Adernaline 0.'

2018-05-28 12:43:32 - [TEST_STEP][PASSED] - delay: Delayed 2 second(s)

2018-05-28 12:43:34 - [MESSAGE][PASSED] - Delayed 2 second(s)

2018-05-28 12:43:34 - [TEST_STEP][PASSED] - Statement - RequestedQty = com.kms.katalon.core.webui.keyword.WebUiBuiltInKeywords.getAttribute(com.kms.katalon.core.testobject.ObjectRepository.findTestObject(DispensaryToStore/Page_Store/input_txttotal), "value"): Attribute 'value' of object 'Object Repository/DispensaryToStore/Page_Store/input_txttotal' is: '10'

2018-05-28 12:43:34 - [MESSAGE][PASSED] - Attribute 'value' of object 'Object Repository/DispensaryToStore/Page_Store/input_txttotal' is: '10'

2018-05-28 12:43:34 - [TEST_STEP][PASSED] - Statement - out.println("Requested QTY : " + RequestedQty): null

2018-05-28 12:43:34 - [TEST_STEP][PASSED] - Statement - BatchNumber = com.kms.katalon.core.webui.keyword.WebUiBuiltInKeywords.getNumberOfTotalOption(com.kms.katalon.core.testobject.ObjectRepository.findTestObject(DispensaryToStore/Page_Store/select_--Select--BA1170BA2376B)): 2 options of object 'Object Repository/DispensaryToStore/Page_Store/select_--Select--BA1170BA2376B' counted

2018-05-28 12:43:34 - [MESSAGE][PASSED] - 2 options of object 'Object Repository/DispensaryToStore/Page_Store/select_--Select--BA1170BA2376B' counted

2018-05-28 12:43:34 - [TEST_STEP][PASSED] - Statement - For ([g = 1, g <= BatchNumber - 1, (g++)]): null

2018-05-28 12:43:34 - [TEST_STEP][PASSED] - selectOptionByIndex: All options with index in [1] are selected on object 'Object Repository/DispensaryToStore/Page_Store/select_--Select--BA1170BA2376B'

2018-05-28 12:43:35 - [MESSAGE][PASSED] - All options with index in [1] are selected on object 'Object Repository/DispensaryToStore/Page_Store/select_--Select--BA1170BA2376B'

2018-05-28 12:43:35 - [TEST_STEP][PASSED] - Statement - Try: null

2018-05-28 12:43:35 - [TEST_STEP][PASSED] - Statement - StockQty = com.kms.katalon.core.webui.keyword.WebUiBuiltInKeywords.getAttribute(com.kms.katalon.core.testobject.ObjectRepository.findTestObject(DispensaryToStore/Page_Store/input_txtprice), "value"): Attribute 'value' of object 'Object Repository/DispensaryToStore/Page_Store/input_txtprice' is: '9050'

2018-05-28 12:43:35 - [MESSAGE][PASSED] - Attribute 'value' of object 'Object Repository/DispensaryToStore/Page_Store/input_txtprice' is: '9050'

2018-05-28 12:43:35 - [TEST_STEP][PASSED] - Statement - out.println("Stock QTY : " + StockQty): null

2018-05-28 12:43:35 - [TEST_STEP][PASSED] - delay: Delayed 2 second(s)

2018-05-28 12:43:37 - [MESSAGE][PASSED] - Delayed 2 second(s)

2018-05-28 12:43:37 - [TEST_STEP][PASSED] - Statement - If (java.lang.String.valueOf(StockQty) >= java.lang.String.valueOf(RequestedQty)): null

2018-05-28 12:43:37 - [TEST_STEP][PASSED] - setText: Text '10' is set on object 'Object Repository/DispensaryToStore/Page_Store/input_txtqty'

2018-05-28 12:43:37 - [MESSAGE][PASSED] - Text '10' is set on object 'Object Repository/DispensaryToStore/Page_Store/input_txtqty'

2018-05-28 12:43:37 - [TEST_STEP][PASSED] - click: Object: 'Object Repository/DispensaryToStore/Page_Store/button_Add' is clicked on

2018-05-28 12:43:37 - [MESSAGE][PASSED] - Object: 'Object Repository/DispensaryToStore/Page_Store/button_Add' is clicked on

2018-05-28 12:43:37 - [TEST_STEP][PASSED] - Statement - Break: null

2018-05-28 12:43:37 - [TEST_STEP][PASSED] - selectOptionByIndex: All options with index in [7] are selected on object 'Object Repository/DispensaryToStore/Page_Store/select_--Select--Adernaline 0.'

2018-05-28 12:43:37 - [MESSAGE][PASSED] - All options with index in [7] are selected on object 'Object Repository/DispensaryToStore/Page_Store/select_--Select--Adernaline 0.'

2018-05-28 12:43:37 - [TEST_STEP][PASSED] - delay: Delayed 2 second(s)

2018-05-28 12:43:39 - [MESSAGE][PASSED] - Delayed 2 second(s)

2018-05-28 12:43:39 - [TEST_STEP][PASSED] - Statement - RequestedQty = com.kms.katalon.core.webui.keyword.WebUiBuiltInKeywords.getAttribute(com.kms.katalon.core.testobject.ObjectRepository.findTestObject(DispensaryToStore/Page_Store/input_txttotal), "value"): Attribute 'value' of object 'Object Repository/DispensaryToStore/Page_Store/input_txttotal' is: '10'

2018-05-28 12:43:39 - [MESSAGE][PASSED] - Attribute 'value' of object 'Object Repository/DispensaryToStore/Page_Store/input_txttotal' is: '10'

2018-05-28 12:43:39 - [TEST_STEP][PASSED] - Statement - out.println("Requested QTY : " + RequestedQty): null

2018-05-28 12:43:39 - [TEST_STEP][PASSED] - Statement - BatchNumber = com.kms.katalon.core.webui.keyword.WebUiBuiltInKeywords.getNumberOfTotalOption(com.kms.katalon.core.testobject.ObjectRepository.findTestObject(DispensaryToStore/Page_Store/select_--Select--BA1170BA2376B)): 2 options of object 'Object Repository/DispensaryToStore/Page_Store/select_--Select--BA1170BA2376B' counted

2018-05-28 12:43:39 - [MESSAGE][PASSED] - 2 options of object 'Object Repository/DispensaryToStore/Page_Store/select_--Select--BA1170BA2376B' counted

2018-05-28 12:43:39 - [TEST_STEP][PASSED] - Statement - For ([g = 1, g <= BatchNumber - 1, (g++)]): null

2018-05-28 12:43:39 - [TEST_STEP][PASSED] - selectOptionByIndex: All options with index in [1] are selected on object 'Object Repository/DispensaryToStore/Page_Store/select_--Select--BA1170BA2376B'

2018-05-28 12:43:39 - [MESSAGE][PASSED] - All options with index in [1] are selected on object 'Object Repository/DispensaryToStore/Page_Store/select_--Select--BA1170BA2376B'

2018-05-28 12:43:39 - [TEST_STEP][PASSED] - Statement - Try: null

2018-05-28 12:43:39 - [TEST_STEP][PASSED] - Statement - StockQty = com.kms.katalon.core.webui.keyword.WebUiBuiltInKeywords.getAttribute(com.kms.katalon.core.testobject.ObjectRepository.findTestObject(DispensaryToStore/Page_Store/input_txtprice), "value"): Attribute 'value' of object 'Object Repository/DispensaryToStore/Page_Store/input_txtprice' is: '8040'

2018-05-28 12:43:39 - [MESSAGE][PASSED] - Attribute 'value' of object 'Object Repository/DispensaryToStore/Page_Store/input_txtprice' is: '8040'

2018-05-28 12:43:39 - [TEST_STEP][PASSED] - Statement - out.println("Stock QTY : " + StockQty): null

2018-05-28 12:43:39 - [TEST_STEP][PASSED] - delay: Delayed 2 second(s)

2018-05-28 12:43:41 - [MESSAGE][PASSED] - Delayed 2 second(s)

2018-05-28 12:43:41 - [TEST_STEP][PASSED] - Statement - If (java.lang.String.valueOf(StockQty) >= java.lang.String.valueOf(RequestedQty)): null

2018-05-28 12:43:41 - [TEST_STEP][PASSED] - setText: Text '10' is set on object 'Object Repository/DispensaryToStore/Page_Store/input_txtqty'

2018-05-28 12:43:41 - [MESSAGE][PASSED] - Text '10' is set on object 'Object Repository/DispensaryToStore/Page_Store/input_txtqty'

2018-05-28 12:43:41 - [TEST_STEP][PASSED] - click: Object: 'Object Repository/DispensaryToStore/Page_Store/button_Add' is clicked on

2018-05-28 12:43:41 - [MESSAGE][PASSED] - Object: 'Object Repository/DispensaryToStore/Page_Store/button_Add' is clicked on

2018-05-28 12:43:41 - [TEST_STEP][PASSED] - Statement - Break: null

2018-05-28 12:43:41 - [TEST_STEP][PASSED] - selectOptionByIndex: All options with index in [8] are selected on object 'Object Repository/DispensaryToStore/Page_Store/select_--Select--Adernaline 0.'

2018-05-28 12:43:41 - [MESSAGE][PASSED] - All options with index in [8] are selected on object 'Object Repository/DispensaryToStore/Page_Store/select_--Select--Adernaline 0.'

2018-05-28 12:43:41 - [TEST_STEP][PASSED] - delay: Delayed 2 second(s)

2018-05-28 12:43:43 - [MESSAGE][PASSED] - Delayed 2 second(s)

2018-05-28 12:43:43 - [TEST_STEP][PASSED] - Statement - RequestedQty = com.kms.katalon.core.webui.keyword.WebUiBuiltInKeywords.getAttribute(com.kms.katalon.core.testobject.ObjectRepository.findTestObject(DispensaryToStore/Page_Store/input_txttotal), "value"): Attribute 'value' of object 'Object Repository/DispensaryToStore/Page_Store/input_txttotal' is: '10'

2018-05-28 12:43:44 - [MESSAGE][PASSED] - Attribute 'value' of object 'Object Repository/DispensaryToStore/Page_Store/input_txttotal' is: '10'

2018-05-28 12:43:44 - [TEST_STEP][PASSED] - Statement - out.println("Requested QTY : " + RequestedQty): null

2018-05-28 12:43:44 - [TEST_STEP][PASSED] - Statement - BatchNumber = com.kms.katalon.core.webui.keyword.WebUiBuiltInKeywords.getNumberOfTotalOption(com.kms.katalon.core.testobject.ObjectRepository.findTestObject(DispensaryToStore/Page_Store/select_--Select--BA1170BA2376B)): 2 options of object 'Object Repository/DispensaryToStore/Page_Store/select_--Select--BA1170BA2376B' counted

2018-05-28 12:43:44 - [MESSAGE][PASSED] - 2 options of object 'Object Repository/DispensaryToStore/Page_Store/select_--Select--BA1170BA2376B' counted

2018-05-28 12:43:44 - [TEST_STEP][PASSED] - Statement - For ([g = 1, g <= BatchNumber - 1, (g++)]): null

2018-05-28 12:43:44 - [TEST_STEP][PASSED] - selectOptionByIndex: All options with index in [1] are selected on object 'Object Repository/DispensaryToStore/Page_Store/select_--Select--BA1170BA2376B'

2018-05-28 12:43:44 - [MESSAGE][PASSED] - All options with index in [1] are selected on object 'Object Repository/DispensaryToStore/Page_Store/select_--Select--BA1170BA2376B'

2018-05-28 12:43:44 - [TEST_STEP][PASSED] - Statement - Try: null

2018-05-28 12:43:44 - [TEST_STEP][PASSED] - Statement - StockQty = com.kms.katalon.core.webui.keyword.WebUiBuiltInKeywords.getAttribute(com.kms.katalon.core.testobject.ObjectRepository.findTestObject(DispensaryToStore/Page_Store/input_txtprice), "value"): Attribute 'value' of object 'Object Repository/DispensaryToStore/Page_Store/input_txtprice' is: '8763'

2018-05-28 12:43:44 - [MESSAGE][PASSED] - Attribute 'value' of object 'Object Repository/DispensaryToStore/Page_Store/input_txtprice' is: '8763'

2018-05-28 12:43:44 - [TEST_STEP][PASSED] - Statement - out.println("Stock QTY : " + StockQty): null

2018-05-28 12:43:44 - [TEST_STEP][PASSED] - delay: Delayed 2 second(s)

2018-05-28 12:43:46 - [MESSAGE][PASSED] - Delayed 2 second(s)

2018-05-28 12:43:46 - [TEST_STEP][PASSED] - Statement - If (java.lang.String.valueOf(StockQty) >= java.lang.String.valueOf(RequestedQty)): null

2018-05-28 12:43:46 - [TEST_STEP][PASSED] - setText: Text '10' is set on object 'Object Repository/DispensaryToStore/Page_Store/input_txtqty'

2018-05-28 12:43:46 - [MESSAGE][PASSED] - Text '10' is set on object 'Object Repository/DispensaryToStore/Page_Store/input_txtqty'

2018-05-28 12:43:46 - [TEST_STEP][PASSED] - click: Object: 'Object Repository/DispensaryToStore/Page_Store/button_Add' is clicked on

2018-05-28 12:43:46 - [MESSAGE][PASSED] - Object: 'Object Repository/DispensaryToStore/Page_Store/button_Add' is clicked on

2018-05-28 12:43:46 - [TEST_STEP][PASSED] - Statement - Break: null

2018-05-28 12:43:46 - [TEST_STEP][PASSED] - selectOptionByIndex: All options with index in [9] are selected on object 'Object Repository/DispensaryToStore/Page_Store/select_--Select--Adernaline 0.'

2018-05-28 12:43:46 - [MESSAGE][PASSED] - All options with index in [9] are selected on object 'Object Repository/DispensaryToStore/Page_Store/select_--Select--Adernaline 0.'

2018-05-28 12:43:46 - [TEST_STEP][PASSED] - delay: Delayed 2 second(s)

2018-05-28 12:43:48 - [MESSAGE][PASSED] - Delayed 2 second(s)

2018-05-28 12:43:48 - [TEST_STEP][PASSED] - Statement - RequestedQty = com.kms.katalon.core.webui.keyword.WebUiBuiltInKeywords.getAttribute(com.kms.katalon.core.testobject.ObjectRepository.findTestObject(DispensaryToStore/Page_Store/input_txttotal), "value"): Attribute 'value' of object 'Object Repository/DispensaryToStore/Page_Store/input_txttotal' is: '10'

2018-05-28 12:43:48 - [MESSAGE][PASSED] - Attribute 'value' of object 'Object Repository/DispensaryToStore/Page_Store/input_txttotal' is: '10'

2018-05-28 12:43:48 - [TEST_STEP][PASSED] - Statement - out.println("Requested QTY : " + RequestedQty): null

2018-05-28 12:43:48 - [TEST_STEP][PASSED] - Statement - BatchNumber = com.kms.katalon.core.webui.keyword.WebUiBuiltInKeywords.getNumberOfTotalOption(com.kms.katalon.core.testobject.ObjectRepository.findTestObject(DispensaryToStore/Page_Store/select_--Select--BA1170BA2376B)): 2 options of object 'Object Repository/DispensaryToStore/Page_Store/select_--Select--BA1170BA2376B' counted

2018-05-28 12:43:48 - [MESSAGE][PASSED] - 2 options of object 'Object Repository/DispensaryToStore/Page_Store/select_--Select--BA1170BA2376B' counted

2018-05-28 12:43:48 - [TEST_STEP][PASSED] - Statement - For ([g = 1, g <= BatchNumber - 1, (g++)]): null

2018-05-28 12:43:48 - [TEST_STEP][PASSED] - selectOptionByIndex: All options with index in [1] are selected on object 'Object Repository/DispensaryToStore/Page_Store/select_--Select--BA1170BA2376B'

2018-05-28 12:43:48 - [MESSAGE][PASSED] - All options with index in [1] are selected on object 'Object Repository/DispensaryToStore/Page_Store/select_--Select--BA1170BA2376B'

2018-05-28 12:43:48 - [TEST_STEP][PASSED] - Statement - Try: null

2018-05-28 12:43:48 - [TEST_STEP][PASSED] - Statement - StockQty = com.kms.katalon.core.webui.keyword.WebUiBuiltInKeywords.getAttribute(com.kms.katalon.core.testobject.ObjectRepository.findTestObject(DispensaryToStore/Page_Store/input_txtprice), "value"): Attribute 'value' of object 'Object Repository/DispensaryToStore/Page_Store/input_txtprice' is: '8286'

2018-05-28 12:43:48 - [MESSAGE][PASSED] - Attribute 'value' of object 'Object Repository/DispensaryToStore/Page_Store/input_txtprice' is: '8286'

2018-05-28 12:43:48 - [TEST_STEP][PASSED] - Statement - out.println("Stock QTY : " + StockQty): null

2018-05-28 12:43:48 - [TEST_STEP][PASSED] - delay: Delayed 2 second(s)

2018-05-28 12:43:50 - [MESSAGE][PASSED] - Delayed 2 second(s)

2018-05-28 12:43:50 - [TEST_STEP][PASSED] - Statement - If (java.lang.String.valueOf(StockQty) >= java.lang.String.valueOf(RequestedQty)): null

2018-05-28 12:43:50 - [TEST_STEP][PASSED] - setText: Text '10' is set on object 'Object Repository/DispensaryToStore/Page_Store/input_txtqty'

2018-05-28 12:43:50 - [MESSAGE][PASSED] - Text '10' is set on object 'Object Repository/DispensaryToStore/Page_Store/input_txtqty'

2018-05-28 12:43:50 - [TEST_STEP][PASSED] - click: Object: 'Object Repository/DispensaryToStore/Page_Store/button_Add' is clicked on

2018-05-28 12:43:51 - [MESSAGE][PASSED] - Object: 'Object Repository/DispensaryToStore/Page_Store/button_Add' is clicked on

2018-05-28 12:43:51 - [TEST_STEP][PASSED] - Statement - Break: null

2018-05-28 12:43:51 - [TEST_STEP][PASSED] - selectOptionByIndex: All options with index in [10] are selected on object 'Object Repository/DispensaryToStore/Page_Store/select_--Select--Adernaline 0.'

2018-05-28 12:43:51 - [MESSAGE][PASSED] - All options with index in [10] are selected on object 'Object Repository/DispensaryToStore/Page_Store/select_--Select--Adernaline 0.'

2018-05-28 12:43:51 - [TEST_STEP][PASSED] - delay: Delayed 2 second(s)

2018-05-28 12:43:53 - [MESSAGE][PASSED] - Delayed 2 second(s)

2018-05-28 12:43:53 - [TEST_STEP][PASSED] - Statement - RequestedQty = com.kms.katalon.core.webui.keyword.WebUiBuiltInKeywords.getAttribute(com.kms.katalon.core.testobject.ObjectRepository.findTestObject(DispensaryToStore/Page_Store/input_txttotal), "value"): Attribute 'value' of object 'Object Repository/DispensaryToStore/Page_Store/input_txttotal' is: '10'

2018-05-28 12:43:53 - [MESSAGE][PASSED] - Attribute 'value' of object 'Object Repository/DispensaryToStore/Page_Store/input_txttotal' is: '10'

2018-05-28 12:43:53 - [TEST_STEP][PASSED] - Statement - out.println("Requested QTY : " + RequestedQty): null

2018-05-28 12:43:53 - [TEST_STEP][PASSED] - Statement - BatchNumber = com.kms.katalon.core.webui.keyword.WebUiBuiltInKeywords.getNumberOfTotalOption(com.kms.katalon.core.testobject.ObjectRepository.findTestObject(DispensaryToStore/Page_Store/select_--Select--BA1170BA2376B)): 2 options of object 'Object Repository/DispensaryToStore/Page_Store/select_--Select--BA1170BA2376B' counted

2018-05-28 12:43:53 - [MESSAGE][PASSED] - 2 options of object 'Object Repository/DispensaryToStore/Page_Store/select_--Select--BA1170BA2376B' counted

2018-05-28 12:43:53 - [TEST_STEP][PASSED] - Statement - For ([g = 1, g <= BatchNumber - 1, (g++)]): null

2018-05-28 12:43:53 - [TEST_STEP][PASSED] - selectOptionByIndex: All options with index in [1] are selected on object 'Object Repository/DispensaryToStore/Page_Store/select_--Select--BA1170BA2376B'

2018-05-28 12:43:53 - [MESSAGE][PASSED] - All options with index in [1] are selected on object 'Object Repository/DispensaryToStore/Page_Store/select_--Select--BA1170BA2376B'

2018-05-28 12:43:53 - [TEST_STEP][PASSED] - Statement - Try: null

2018-05-28 12:43:53 - [TEST_STEP][PASSED] - Statement - StockQty = com.kms.katalon.core.webui.keyword.WebUiBuiltInKeywords.getAttribute(com.kms.katalon.core.testobject.ObjectRepository.findTestObject(DispensaryToStore/Page_Store/input_txtprice), "value"): Attribute 'value' of object 'Object Repository/DispensaryToStore/Page_Store/input_txtprice' is: '9965'

2018-05-28 12:43:53 - [MESSAGE][PASSED] - Attribute 'value' of object 'Object Repository/DispensaryToStore/Page_Store/input_txtprice' is: '9965'

2018-05-28 12:43:53 - [TEST_STEP][PASSED] - Statement - out.println("Stock QTY : " + StockQty): null

2018-05-28 12:43:53 - [TEST_STEP][PASSED] - delay: Delayed 2 second(s)

2018-05-28 12:43:55 - [MESSAGE][PASSED] - Delayed 2 second(s)

2018-05-28 12:43:55 - [TEST_STEP][PASSED] - Statement - If (java.lang.String.valueOf(StockQty) >= java.lang.String.valueOf(RequestedQty)): null

2018-05-28 12:43:55 - [TEST_STEP][PASSED] - setText: Text '10' is set on object 'Object Repository/DispensaryToStore/Page_Store/input_txtqty'

2018-05-28 12:43:55 - [MESSAGE][PASSED] - Text '10' is set on object 'Object Repository/DispensaryToStore/Page_Store/input_txtqty'

2018-05-28 12:43:55 - [TEST_STEP][PASSED] - click: Object: 'Object Repository/DispensaryToStore/Page_Store/button_Add' is clicked on

2018-05-28 12:43:55 - [MESSAGE][PASSED] - Object: 'Object Repository/DispensaryToStore/Page_Store/button_Add' is clicked on

2018-05-28 12:43:55 - [TEST_STEP][PASSED] - Statement - Break: null

2018-05-28 12:43:55 - [TEST_STEP][PASSED] - selectOptionByIndex: All options with index in [11] are selected on object 'Object Repository/DispensaryToStore/Page_Store/select_--Select--Adernaline 0.'

2018-05-28 12:43:55 - [MESSAGE][PASSED] - All options with index in [11] are selected on object 'Object Repository/DispensaryToStore/Page_Store/select_--Select--Adernaline 0.'

2018-05-28 12:43:55 - [TEST_STEP][PASSED] - delay: Delayed 2 second(s)

2018-05-28 12:43:57 - [MESSAGE][PASSED] - Delayed 2 second(s)

2018-05-28 12:43:57 - [TEST_STEP][PASSED] - Statement - RequestedQty = com.kms.katalon.core.webui.keyword.WebUiBuiltInKeywords.getAttribute(com.kms.katalon.core.testobject.ObjectRepository.findTestObject(DispensaryToStore/Page_Store/input_txttotal), "value"): Attribute 'value' of object 'Object Repository/DispensaryToStore/Page_Store/input_txttotal' is: '10'

2018-05-28 12:43:57 - [MESSAGE][PASSED] - Attribute 'value' of object 'Object Repository/DispensaryToStore/Page_Store/input_txttotal' is: '10'

2018-05-28 12:43:57 - [TEST_STEP][PASSED] - Statement - out.println("Requested QTY : " + RequestedQty): null

2018-05-28 12:43:57 - [TEST_STEP][PASSED] - Statement - BatchNumber = com.kms.katalon.core.webui.keyword.WebUiBuiltInKeywords.getNumberOfTotalOption(com.kms.katalon.core.testobject.ObjectRepository.findTestObject(DispensaryToStore/Page_Store/select_--Select--BA1170BA2376B)): 2 options of object 'Object Repository/DispensaryToStore/Page_Store/select_--Select--BA1170BA2376B' counted

2018-05-28 12:43:57 - [MESSAGE][PASSED] - 2 options of object 'Object Repository/DispensaryToStore/Page_Store/select_--Select--BA1170BA2376B' counted

2018-05-28 12:43:57 - [TEST_STEP][PASSED] - Statement - For ([g = 1, g <= BatchNumber - 1, (g++)]): null

2018-05-28 12:43:57 - [TEST_STEP][PASSED] - selectOptionByIndex: All options with index in [1] are selected on object 'Object Repository/DispensaryToStore/Page_Store/select_--Select--BA1170BA2376B'

2018-05-28 12:43:58 - [MESSAGE][PASSED] - All options with index in [1] are selected on object 'Object Repository/DispensaryToStore/Page_Store/select_--Select--BA1170BA2376B'

2018-05-28 12:43:58 - [TEST_STEP][PASSED] - Statement - Try: null

2018-05-28 12:43:58 - [TEST_STEP][PASSED] - Statement - StockQty = com.kms.katalon.core.webui.keyword.WebUiBuiltInKeywords.getAttribute(com.kms.katalon.core.testobject.ObjectRepository.findTestObject(DispensaryToStore/Page_Store/input_txtprice), "value"): Attribute 'value' of object 'Object Repository/DispensaryToStore/Page_Store/input_txtprice' is: '8353'

2018-05-28 12:43:58 - [MESSAGE][PASSED] - Attribute 'value' of object 'Object Repository/DispensaryToStore/Page_Store/input_txtprice' is: '8353'

2018-05-28 12:43:58 - [TEST_STEP][PASSED] - Statement - out.println("Stock QTY : " + StockQty): null

2018-05-28 12:43:58 - [TEST_STEP][PASSED] - delay: Delayed 2 second(s)

2018-05-28 12:44:00 - [MESSAGE][PASSED] - Delayed 2 second(s)

2018-05-28 12:44:00 - [TEST_STEP][PASSED] - Statement - If (java.lang.String.valueOf(StockQty) >= java.lang.String.valueOf(RequestedQty)): null

2018-05-28 12:44:00 - [TEST_STEP][PASSED] - setText: Text '10' is set on object 'Object Repository/DispensaryToStore/Page_Store/input_txtqty'

2018-05-28 12:44:00 - [MESSAGE][PASSED] - Text '10' is set on object 'Object Repository/DispensaryToStore/Page_Store/input_txtqty'

2018-05-28 12:44:00 - [TEST_STEP][PASSED] - click: Object: 'Object Repository/DispensaryToStore/Page_Store/button_Add' is clicked on

2018-05-28 12:44:00 - [MESSAGE][PASSED] - Object: 'Object Repository/DispensaryToStore/Page_Store/button_Add' is clicked on

2018-05-28 12:44:00 - [TEST_STEP][PASSED] - Statement - Break: null

2018-05-28 12:44:00 - [TEST_STEP][PASSED] - selectOptionByIndex: All options with index in [12] are selected on object 'Object Repository/DispensaryToStore/Page_Store/select_--Select--Adernaline 0.'

2018-05-28 12:44:00 - [MESSAGE][PASSED] - All options with index in [12] are selected on object 'Object Repository/DispensaryToStore/Page_Store/select_--Select--Adernaline 0.'

2018-05-28 12:44:00 - [TEST_STEP][PASSED] - delay: Delayed 2 second(s)

2018-05-28 12:44:02 - [MESSAGE][PASSED] - Delayed 2 second(s)

2018-05-28 12:44:02 - [TEST_STEP][PASSED] - Statement - RequestedQty = com.kms.katalon.core.webui.keyword.WebUiBuiltInKeywords.getAttribute(com.kms.katalon.core.testobject.ObjectRepository.findTestObject(DispensaryToStore/Page_Store/input_txttotal), "value"): Attribute 'value' of object 'Object Repository/DispensaryToStore/Page_Store/input_txttotal' is: '10'

2018-05-28 12:44:02 - [MESSAGE][PASSED] - Attribute 'value' of object 'Object Repository/DispensaryToStore/Page_Store/input_txttotal' is: '10'

2018-05-28 12:44:02 - [TEST_STEP][PASSED] - Statement - out.println("Requested QTY : " + RequestedQty): null

2018-05-28 12:44:02 - [TEST_STEP][PASSED] - Statement - BatchNumber = com.kms.katalon.core.webui.keyword.WebUiBuiltInKeywords.getNumberOfTotalOption(com.kms.katalon.core.testobject.ObjectRepository.findTestObject(DispensaryToStore/Page_Store/select_--Select--BA1170BA2376B)): 2 options of object 'Object Repository/DispensaryToStore/Page_Store/select_--Select--BA1170BA2376B' counted

2018-05-28 12:44:02 - [MESSAGE][PASSED] - 2 options of object 'Object Repository/DispensaryToStore/Page_Store/select_--Select--BA1170BA2376B' counted

2018-05-28 12:44:02 - [TEST_STEP][PASSED] - Statement - For ([g = 1, g <= BatchNumber - 1, (g++)]): null

2018-05-28 12:44:02 - [TEST_STEP][PASSED] - selectOptionByIndex: All options with index in [1] are selected on object 'Object Repository/DispensaryToStore/Page_Store/select_--Select--BA1170BA2376B'

2018-05-28 12:44:02 - [MESSAGE][PASSED] - All options with index in [1] are selected on object 'Object Repository/DispensaryToStore/Page_Store/select_--Select--BA1170BA2376B'

2018-05-28 12:44:02 - [TEST_STEP][PASSED] - Statement - Try: null

2018-05-28 12:44:02 - [TEST_STEP][PASSED] - Statement - StockQty = com.kms.katalon.core.webui.keyword.WebUiBuiltInKeywords.getAttribute(com.kms.katalon.core.testobject.ObjectRepository.findTestObject(DispensaryToStore/Page_Store/input_txtprice), "value"): Attribute 'value' of object 'Object Repository/DispensaryToStore/Page_Store/input_txtprice' is: '9955'

2018-05-28 12:44:02 - [MESSAGE][PASSED] - Attribute 'value' of object 'Object Repository/DispensaryToStore/Page_Store/input_txtprice' is: '9955'

2018-05-28 12:44:02 - [TEST_STEP][PASSED] - Statement - out.println("Stock QTY : " + StockQty): null

2018-05-28 12:44:02 - [TEST_STEP][PASSED] - delay: Delayed 2 second(s)

2018-05-28 12:44:04 - [MESSAGE][PASSED] - Delayed 2 second(s)

2018-05-28 12:44:04 - [TEST_STEP][PASSED] - Statement - If (java.lang.String.valueOf(StockQty) >= java.lang.String.valueOf(RequestedQty)): null

2018-05-28 12:44:04 - [TEST_STEP][PASSED] - setText: Text '10' is set on object 'Object Repository/DispensaryToStore/Page_Store/input_txtqty'

2018-05-28 12:44:04 - [MESSAGE][PASSED] - Text '10' is set on object 'Object Repository/DispensaryToStore/Page_Store/input_txtqty'

2018-05-28 12:44:04 - [TEST_STEP][PASSED] - click: Object: 'Object Repository/DispensaryToStore/Page_Store/button_Add' is clicked on

2018-05-28 12:44:04 - [MESSAGE][PASSED] - Object: 'Object Repository/DispensaryToStore/Page_Store/button_Add' is clicked on

2018-05-28 12:44:04 - [TEST_STEP][PASSED] - Statement - Break: null

2018-05-28 12:44:04 - [TEST_STEP][PASSED] - selectOptionByIndex: All options with index in [13] are selected on object 'Object Repository/DispensaryToStore/Page_Store/select_--Select--Adernaline 0.'

2018-05-28 12:44:05 - [MESSAGE][PASSED] - All options with index in [13] are selected on object 'Object Repository/DispensaryToStore/Page_Store/select_--Select--Adernaline 0.'

2018-05-28 12:44:05 - [TEST_STEP][PASSED] - delay: Delayed 2 second(s)

2018-05-28 12:44:07 - [MESSAGE][PASSED] - Delayed 2 second(s)

2018-05-28 12:44:07 - [TEST_STEP][PASSED] - Statement - RequestedQty = com.kms.katalon.core.webui.keyword.WebUiBuiltInKeywords.getAttribute(com.kms.katalon.core.testobject.ObjectRepository.findTestObject(DispensaryToStore/Page_Store/input_txttotal), "value"): Attribute 'value' of object 'Object Repository/DispensaryToStore/Page_Store/input_txttotal' is: '10'

2018-05-28 12:44:07 - [MESSAGE][PASSED] - Attribute 'value' of object 'Object Repository/DispensaryToStore/Page_Store/input_txttotal' is: '10'

2018-05-28 12:44:07 - [TEST_STEP][PASSED] - Statement - out.println("Requested QTY : " + RequestedQty): null

2018-05-28 12:44:07 - [TEST_STEP][PASSED] - Statement - BatchNumber = com.kms.katalon.core.webui.keyword.WebUiBuiltInKeywords.getNumberOfTotalOption(com.kms.katalon.core.testobject.ObjectRepository.findTestObject(DispensaryToStore/Page_Store/select_--Select--BA1170BA2376B)): 2 options of object 'Object Repository/DispensaryToStore/Page_Store/select_--Select--BA1170BA2376B' counted

2018-05-28 12:44:07 - [MESSAGE][PASSED] - 2 options of object 'Object Repository/DispensaryToStore/Page_Store/select_--Select--BA1170BA2376B' counted

2018-05-28 12:44:07 - [TEST_STEP][PASSED] - Statement - For ([g = 1, g <= BatchNumber - 1, (g++)]): null

2018-05-28 12:44:07 - [TEST_STEP][PASSED] - selectOptionByIndex: All options with index in [1] are selected on object 'Object Repository/DispensaryToStore/Page_Store/select_--Select--BA1170BA2376B'

2018-05-28 12:44:07 - [MESSAGE][PASSED] - All options with index in [1] are selected on object 'Object Repository/DispensaryToStore/Page_Store/select_--Select--BA1170BA2376B'

2018-05-28 12:44:07 - [TEST_STEP][PASSED] - Statement - Try: null

2018-05-28 12:44:07 - [TEST_STEP][PASSED] - Statement - StockQty = com.kms.katalon.core.webui.keyword.WebUiBuiltInKeywords.getAttribute(com.kms.katalon.core.testobject.ObjectRepository.findTestObject(DispensaryToStore/Page_Store/input_txtprice), "value"): Attribute 'value' of object 'Object Repository/DispensaryToStore/Page_Store/input_txtprice' is: '9940'

2018-05-28 12:44:07 - [MESSAGE][PASSED] - Attribute 'value' of object 'Object Repository/DispensaryToStore/Page_Store/input_txtprice' is: '9940'

2018-05-28 12:44:07 - [TEST_STEP][PASSED] - Statement - out.println("Stock QTY : " + StockQty): null

2018-05-28 12:44:07 - [TEST_STEP][PASSED] - delay: Delayed 2 second(s)

2018-05-28 12:44:09 - [MESSAGE][PASSED] - Delayed 2 second(s)

2018-05-28 12:44:09 - [TEST_STEP][PASSED] - Statement - If (java.lang.String.valueOf(StockQty) >= java.lang.String.valueOf(RequestedQty)): null

2018-05-28 12:44:09 - [TEST_STEP][PASSED] - setText: Text '10' is set on object 'Object Repository/DispensaryToStore/Page_Store/input_txtqty'

2018-05-28 12:44:09 - [MESSAGE][PASSED] - Text '10' is set on object 'Object Repository/DispensaryToStore/Page_Store/input_txtqty'

2018-05-28 12:44:09 - [TEST_STEP][PASSED] - click: Object: 'Object Repository/DispensaryToStore/Page_Store/button_Add' is clicked on

2018-05-28 12:44:09 - [MESSAGE][PASSED] - Object: 'Object Repository/DispensaryToStore/Page_Store/button_Add' is clicked on

2018-05-28 12:44:09 - [TEST_STEP][PASSED] - Statement - Break: null

2018-05-28 12:44:09 - [TEST_STEP][PASSED] - selectOptionByIndex: All options with index in [14] are selected on object 'Object Repository/DispensaryToStore/Page_Store/select_--Select--Adernaline 0.'

2018-05-28 12:44:09 - [MESSAGE][PASSED] - All options with index in [14] are selected on object 'Object Repository/DispensaryToStore/Page_Store/select_--Select--Adernaline 0.'

2018-05-28 12:44:09 - [TEST_STEP][PASSED] - delay: Delayed 2 second(s)

2018-05-28 12:44:11 - [MESSAGE][PASSED] - Delayed 2 second(s)

2018-05-28 12:44:11 - [TEST_STEP][PASSED] - Statement - RequestedQty = com.kms.katalon.core.webui.keyword.WebUiBuiltInKeywords.getAttribute(com.kms.katalon.core.testobject.ObjectRepository.findTestObject(DispensaryToStore/Page_Store/input_txttotal), "value"): Attribute 'value' of object 'Object Repository/DispensaryToStore/Page_Store/input_txttotal' is: '10'

2018-05-28 12:44:11 - [MESSAGE][PASSED] - Attribute 'value' of object 'Object Repository/DispensaryToStore/Page_Store/input_txttotal' is: '10'

2018-05-28 12:44:11 - [TEST_STEP][PASSED] - Statement - out.println("Requested QTY : " + RequestedQty): null

2018-05-28 12:44:11 - [TEST_STEP][PASSED] - Statement - BatchNumber = com.kms.katalon.core.webui.keyword.WebUiBuiltInKeywords.getNumberOfTotalOption(com.kms.katalon.core.testobject.ObjectRepository.findTestObject(DispensaryToStore/Page_Store/select_--Select--BA1170BA2376B)): 2 options of object 'Object Repository/DispensaryToStore/Page_Store/select_--Select--BA1170BA2376B' counted

2018-05-28 12:44:11 - [MESSAGE][PASSED] - 2 options of object 'Object Repository/DispensaryToStore/Page_Store/select_--Select--BA1170BA2376B' counted

2018-05-28 12:44:11 - [TEST_STEP][PASSED] - Statement - For ([g = 1, g <= BatchNumber - 1, (g++)]): null

2018-05-28 12:44:11 - [TEST_STEP][PASSED] - selectOptionByIndex: All options with index in [1] are selected on object 'Object Repository/DispensaryToStore/Page_Store/select_--Select--BA1170BA2376B'

2018-05-28 12:44:12 - [MESSAGE][PASSED] - All options with index in [1] are selected on object 'Object Repository/DispensaryToStore/Page_Store/select_--Select--BA1170BA2376B'

2018-05-28 12:44:12 - [TEST_STEP][PASSED] - Statement - Try: null

2018-05-28 12:44:12 - [TEST_STEP][PASSED] - Statement - StockQty = com.kms.katalon.core.webui.keyword.WebUiBuiltInKeywords.getAttribute(com.kms.katalon.core.testobject.ObjectRepository.findTestObject(DispensaryToStore/Page_Store/input_txtprice), "value"): Attribute 'value' of object 'Object Repository/DispensaryToStore/Page_Store/input_txtprice' is: '9945'

2018-05-28 12:44:12 - [MESSAGE][PASSED] - Attribute 'value' of object 'Object Repository/DispensaryToStore/Page_Store/input_txtprice' is: '9945'

2018-05-28 12:44:12 - [TEST_STEP][PASSED] - Statement - out.println("Stock QTY : " + StockQty): null

2018-05-28 12:44:12 - [TEST_STEP][PASSED] - delay: Delayed 2 second(s)

2018-05-28 12:44:14 - [MESSAGE][PASSED] - Delayed 2 second(s)

2018-05-28 12:44:14 - [TEST_STEP][PASSED] - Statement - If (java.lang.String.valueOf(StockQty) >= java.lang.String.valueOf(RequestedQty)): null

2018-05-28 12:44:14 - [TEST_STEP][PASSED] - setText: Text '10' is set on object 'Object Repository/DispensaryToStore/Page_Store/input_txtqty'

2018-05-28 12:44:14 - [MESSAGE][PASSED] - Text '10' is set on object 'Object Repository/DispensaryToStore/Page_Store/input_txtqty'

2018-05-28 12:44:14 - [TEST_STEP][PASSED] - click: Object: 'Object Repository/DispensaryToStore/Page_Store/button_Add' is clicked on

2018-05-28 12:44:14 - [MESSAGE][PASSED] - Object: 'Object Repository/DispensaryToStore/Page_Store/button_Add' is clicked on

2018-05-28 12:44:14 - [TEST_STEP][PASSED] - Statement - Break: null

2018-05-28 12:44:14 - [TEST_STEP][PASSED] - selectOptionByIndex: All options with index in [15] are selected on object 'Object Repository/DispensaryToStore/Page_Store/select_--Select--Adernaline 0.'

2018-05-28 12:44:14 - [MESSAGE][PASSED] - All options with index in [15] are selected on object 'Object Repository/DispensaryToStore/Page_Store/select_--Select--Adernaline 0.'

2018-05-28 12:44:14 - [TEST_STEP][PASSED] - delay: Delayed 2 second(s)

2018-05-28 12:44:16 - [MESSAGE][PASSED] - Delayed 2 second(s)

2018-05-28 12:44:16 - [TEST_STEP][PASSED] - Statement - RequestedQty = com.kms.katalon.core.webui.keyword.WebUiBuiltInKeywords.getAttribute(com.kms.katalon.core.testobject.ObjectRepository.findTestObject(DispensaryToStore/Page_Store/input_txttotal), "value"): Attribute 'value' of object 'Object Repository/DispensaryToStore/Page_Store/input_txttotal' is: '10'

2018-05-28 12:44:16 - [MESSAGE][PASSED] - Attribute 'value' of object 'Object Repository/DispensaryToStore/Page_Store/input_txttotal' is: '10'

2018-05-28 12:44:16 - [TEST_STEP][PASSED] - Statement - out.println("Requested QTY : " + RequestedQty): null

2018-05-28 12:44:16 - [TEST_STEP][PASSED] - Statement - BatchNumber = com.kms.katalon.core.webui.keyword.WebUiBuiltInKeywords.getNumberOfTotalOption(com.kms.katalon.core.testobject.ObjectRepository.findTestObject(DispensaryToStore/Page_Store/select_--Select--BA1170BA2376B)): 2 options of object 'Object Repository/DispensaryToStore/Page_Store/select_--Select--BA1170BA2376B' counted

2018-05-28 12:44:16 - [MESSAGE][PASSED] - 2 options of object 'Object Repository/DispensaryToStore/Page_Store/select_--Select--BA1170BA2376B' counted

2018-05-28 12:44:16 - [TEST_STEP][PASSED] - Statement - For ([g = 1, g <= BatchNumber - 1, (g++)]): null

2018-05-28 12:44:16 - [TEST_STEP][PASSED] - selectOptionByIndex: All options with index in [1] are selected on object 'Object Repository/DispensaryToStore/Page_Store/select_--Select--BA1170BA2376B'

2018-05-28 12:44:16 - [MESSAGE][PASSED] - All options with index in [1] are selected on object 'Object Repository/DispensaryToStore/Page_Store/select_--Select--BA1170BA2376B'

2018-05-28 12:44:16 - [TEST_STEP][PASSED] - Statement - Try: null

2018-05-28 12:44:16 - [TEST_STEP][PASSED] - Statement - StockQty = com.kms.katalon.core.webui.keyword.WebUiBuiltInKeywords.getAttribute(com.kms.katalon.core.testobject.ObjectRepository.findTestObject(DispensaryToStore/Page_Store/input_txtprice), "value"): Attribute 'value' of object 'Object Repository/DispensaryToStore/Page_Store/input_txtprice' is: '9920'

2018-05-28 12:44:16 - [MESSAGE][PASSED] - Attribute 'value' of object 'Object Repository/DispensaryToStore/Page_Store/input_txtprice' is: '9920'

2018-05-28 12:44:16 - [TEST_STEP][PASSED] - Statement - out.println("Stock QTY : " + StockQty): null

2018-05-28 12:44:16 - [TEST_STEP][PASSED] - delay: Delayed 2 second(s)

2018-05-28 12:44:18 - [MESSAGE][PASSED] - Delayed 2 second(s)

2018-05-28 12:44:18 - [TEST_STEP][PASSED] - Statement - If (java.lang.String.valueOf(StockQty) >= java.lang.String.valueOf(RequestedQty)): null

2018-05-28 12:44:18 - [TEST_STEP][PASSED] - setText: Text '10' is set on object 'Object Repository/DispensaryToStore/Page_Store/input_txtqty'

2018-05-28 12:44:18 - [MESSAGE][PASSED] - Text '10' is set on object 'Object Repository/DispensaryToStore/Page_Store/input_txtqty'

2018-05-28 12:44:18 - [TEST_STEP][PASSED] - click: Object: 'Object Repository/DispensaryToStore/Page_Store/button_Add' is clicked on

2018-05-28 12:44:18 - [MESSAGE][PASSED] - Object: 'Object Repository/DispensaryToStore/Page_Store/button_Add' is clicked on

2018-05-28 12:44:18 - [TEST_STEP][PASSED] - Statement - Break: null

2018-05-28 12:44:18 - [TEST_STEP][PASSED] - selectOptionByIndex: All options with index in [16] are selected on object 'Object Repository/DispensaryToStore/Page_Store/select_--Select--Adernaline 0.'

2018-05-28 12:44:19 - [MESSAGE][PASSED] - All options with index in [16] are selected on object 'Object Repository/DispensaryToStore/Page_Store/select_--Select--Adernaline 0.'

2018-05-28 12:44:19 - [TEST_STEP][PASSED] - delay: Delayed 2 second(s)

2018-05-28 12:44:21 - [MESSAGE][PASSED] - Delayed 2 second(s)

2018-05-28 12:44:21 - [TEST_STEP][PASSED] - Statement - RequestedQty = com.kms.katalon.core.webui.keyword.WebUiBuiltInKeywords.getAttribute(com.kms.katalon.core.testobject.ObjectRepository.findTestObject(DispensaryToStore/Page_Store/input_txttotal), "value"): Attribute 'value' of object 'Object Repository/DispensaryToStore/Page_Store/input_txttotal' is: '10'

2018-05-28 12:44:21 - [MESSAGE][PASSED] - Attribute 'value' of object 'Object Repository/DispensaryToStore/Page_Store/input_txttotal' is: '10'

2018-05-28 12:44:21 - [TEST_STEP][PASSED] - Statement - out.println("Requested QTY : " + RequestedQty): null

2018-05-28 12:44:21 - [TEST_STEP][PASSED] - Statement - BatchNumber = com.kms.katalon.core.webui.keyword.WebUiBuiltInKeywords.getNumberOfTotalOption(com.kms.katalon.core.testobject.ObjectRepository.findTestObject(DispensaryToStore/Page_Store/select_--Select--BA1170BA2376B)): 2 options of object 'Object Repository/DispensaryToStore/Page_Store/select_--Select--BA1170BA2376B' counted

2018-05-28 12:44:21 - [MESSAGE][PASSED] - 2 options of object 'Object Repository/DispensaryToStore/Page_Store/select_--Select--BA1170BA2376B' counted

2018-05-28 12:44:21 - [TEST_STEP][PASSED] - Statement - For ([g = 1, g <= BatchNumber - 1, (g++)]): null

2018-05-28 12:44:21 - [TEST_STEP][PASSED] - selectOptionByIndex: All options with index in [1] are selected on object 'Object Repository/DispensaryToStore/Page_Store/select_--Select--BA1170BA2376B'

2018-05-28 12:44:21 - [MESSAGE][PASSED] - All options with index in [1] are selected on object 'Object Repository/DispensaryToStore/Page_Store/select_--Select--BA1170BA2376B'

2018-05-28 12:44:21 - [TEST_STEP][PASSED] - Statement - Try: null

2018-05-28 12:44:21 - [TEST_STEP][PASSED] - Statement - StockQty = com.kms.katalon.core.webui.keyword.WebUiBuiltInKeywords.getAttribute(com.kms.katalon.core.testobject.ObjectRepository.findTestObject(DispensaryToStore/Page_Store/input_txtprice), "value"): Attribute 'value' of object 'Object Repository/DispensaryToStore/Page_Store/input_txtprice' is: '9920'

2018-05-28 12:44:21 - [MESSAGE][PASSED] - Attribute 'value' of object 'Object Repository/DispensaryToStore/Page_Store/input_txtprice' is: '9920'

2018-05-28 12:44:21 - [TEST_STEP][PASSED] - Statement - out.println("Stock QTY : " + StockQty): null

2018-05-28 12:44:21 - [TEST_STEP][PASSED] - delay: Delayed 2 second(s)

2018-05-28 12:44:23 - [MESSAGE][PASSED] - Delayed 2 second(s)

2018-05-28 12:44:23 - [TEST_STEP][PASSED] - Statement - If (java.lang.String.valueOf(StockQty) >= java.lang.String.valueOf(RequestedQty)): null

2018-05-28 12:44:23 - [TEST_STEP][PASSED] - setText: Text '10' is set on object 'Object Repository/DispensaryToStore/Page_Store/input_txtqty'

2018-05-28 12:44:23 - [MESSAGE][PASSED] - Text '10' is set on object 'Object Repository/DispensaryToStore/Page_Store/input_txtqty'

2018-05-28 12:44:23 - [TEST_STEP][PASSED] - click: Object: 'Object Repository/DispensaryToStore/Page_Store/button_Add' is clicked on

2018-05-28 12:44:23 - [MESSAGE][PASSED] - Object: 'Object Repository/DispensaryToStore/Page_Store/button_Add' is clicked on

2018-05-28 12:44:23 - [TEST_STEP][PASSED] - Statement - Break: null

2018-05-28 12:44:23 - [TEST_STEP][PASSED] - scrollToElement: Scroll to object 'Object Repository/DispensaryToStore/Page_Store/input_btnSubmit' successfully

2018-05-28 12:44:23 - [MESSAGE][PASSED] - Scroll to object 'Object Repository/DispensaryToStore/Page_Store/input_btnSubmit' successfully

2018-05-28 12:44:23 - [TEST_STEP][PASSED] - click: Object: 'Object Repository/DispensaryToStore/Page_Store/input_btnSubmit' is clicked on

2018-05-28 12:44:23 - [MESSAGE][PASSED] - Object: 'Object Repository/DispensaryToStore/Page_Store/input_btnSubmit' is clicked on

2018-05-28 12:44:23 - [TEST_STEP][PASSED] - delay: Delayed 3 second(s)

2018-05-28 12:44:26 - [MESSAGE][PASSED] - Delayed 3 second(s)

2018-05-28 12:44:26 - [TEST_STEP][PASSED] - click: Object: 'Object Repository/DispensaryToStore/Page_Store/button_OK' is clicked on

2018-05-28 12:44:27 - [MESSAGE][PASSED] - Object: 'Object Repository/DispensaryToStore/Page_Store/button_OK' is clicked on

2018-05-28 12:44:27 - [TEST_STEP][PASSED] - delay: Delayed 3 second(s)

2018-05-28 12:44:30 - [MESSAGE][PASSED] - Delayed 3 second(s)

2018-05-28 12:44:30 - [TEST_STEP][PASSED] - waitForElementPresent: Object 'Object Repository/DispensaryToStore/Page_Dispensary Store/a_dropdown-toggle' is present

2018-05-28 12:44:30 - [MESSAGE][PASSED] - Object 'Object Repository/DispensaryToStore/Page_Dispensary Store/a_dropdown-toggle' is present

2018-05-28 12:44:30 - [TEST_STEP][PASSED] - click: Object: 'Object Repository/DispensaryToStore/Page_Store/a_dropdown-toggle' is clicked on

2018-05-28 12:44:30 - [MESSAGE][PASSED] - Object: 'Object Repository/DispensaryToStore/Page_Store/a_dropdown-toggle' is clicked on

2018-05-28 12:44:30 - [TEST_STEP][PASSED] - click: Object: 'Object Repository/DispensaryToStore/Page_Store/a_Sign out' is clicked on

2018-05-28 12:44:30 - [MESSAGE][PASSED] - Object: 'Object Repository/DispensaryToStore/Page_Store/a_Sign out' is clicked on

2018-05-28 12:44:30 - [TEST_STEP][PASSED] - closeBrowser: Browser is closed

2018-05-28 12:44:31 - [MESSAGE][PASSED] - Browser is closed]]></system-out>
         <system-err><![CDATA[]]></system-err>
      </testcase>
      <testcase name="Test Cases/DISPENSARY TEST CASES/TC_DP_006 Verify Schedule 6 Dispensary Request Are Working Successfully Or Not" classname="Test Cases/DISPENSARY TEST CASES/TC_DP_006 Verify Schedule 6 Dispensary Request Are Working Successfully Or Not" status="PASSED">
         <system-out><![CDATA[2018-05-28 12:44:31 - [TEST_CASE][PASSED] - Test Cases/DISPENSARY TEST CASES/TC_DP_006 Verify Schedule 6 Dispensary Request Are Working Successfully Or Not: Test Cases/DISPENSARY TEST CASES/TC_DP_006 Verify Schedule 6 Dispensary Request Are Working Successfully Or Not

2018-05-28 12:44:31 - [TEST_STEP][PASSED] - openBrowser: Browser is opened with url: ''

2018-05-28 12:44:33 - [MESSAGE][PASSED] - Browser is opened with url: ''

2018-05-28 12:44:33 - [TEST_STEP][PASSED] - navigateToUrl: Navigate to 'http://192.168.137.1/multihospital_new/HDSplashscreen.aspx' successfully

2018-05-28 12:44:35 - [MESSAGE][PASSED] - Navigate to 'http://192.168.137.1/multihospital_new/HDSplashscreen.aspx' successfully

2018-05-28 12:44:35 - [TEST_STEP][PASSED] - maximizeWindow: Current window maximized

2018-05-28 12:44:36 - [MESSAGE][PASSED] - Current window maximized

2018-05-28 12:44:36 - [TEST_STEP][PASSED] - click: Object: 'Object Repository/DispensaryToStore/Page_KDMC/a_Dispensary Store' is clicked on

2018-05-28 12:44:37 - [MESSAGE][PASSED] - Object: 'Object Repository/DispensaryToStore/Page_KDMC/a_Dispensary Store' is clicked on

2018-05-28 12:44:37 - [TEST_STEP][PASSED] - setText: Text 'rajaram' is set on object 'Object Repository/DispensaryToStore/Page_Dispensary Store Login/input_txtusername'

2018-05-28 12:44:37 - [MESSAGE][PASSED] - Text 'rajaram' is set on object 'Object Repository/DispensaryToStore/Page_Dispensary Store Login/input_txtusername'

2018-05-28 12:44:37 - [TEST_STEP][PASSED] - setText: Text '123' is set on object 'Object Repository/DispensaryToStore/Page_Dispensary Store Login/input_txtpassword'

2018-05-28 12:44:37 - [MESSAGE][PASSED] - Text '123' is set on object 'Object Repository/DispensaryToStore/Page_Dispensary Store Login/input_txtpassword'

2018-05-28 12:44:37 - [TEST_STEP][PASSED] - delay: Delayed 3 second(s)

2018-05-28 12:44:40 - [MESSAGE][PASSED] - Delayed 3 second(s)

2018-05-28 12:44:40 - [TEST_STEP][PASSED] - sendKeys: Keys 'ENTER + ' sent to object: 'Object Repository/DispensaryToStore/Page_Dispensary Store Login/input_txtpassword'

2018-05-28 12:44:40 - [MESSAGE][PASSED] - Keys 'ENTER + ' sent to object: 'Object Repository/DispensaryToStore/Page_Dispensary Store Login/input_txtpassword'

2018-05-28 12:44:40 - [TEST_STEP][PASSED] - delay: Delayed 3 second(s)

2018-05-28 12:44:43 - [MESSAGE][PASSED] - Delayed 3 second(s)

2018-05-28 12:44:43 - [TEST_STEP][PASSED] - click: Object: 'Object Repository/DispensaryToStore/Page_Dispensary Store/a_Request to Store' is clicked on

2018-05-28 12:44:44 - [MESSAGE][PASSED] - Object: 'Object Repository/DispensaryToStore/Page_Dispensary Store/a_Request to Store' is clicked on

2018-05-28 12:44:44 - [TEST_STEP][PASSED] - click: Object: 'Object Repository/DispensaryToStore/Page_Dispensary Store/a_Medicine Request' is clicked on

2018-05-28 12:44:44 - [MESSAGE][PASSED] - Object: 'Object Repository/DispensaryToStore/Page_Dispensary Store/a_Medicine Request' is clicked on

2018-05-28 12:44:44 - [TEST_STEP][PASSED] - selectOptionByIndex: All options with index in [6] are selected on object 'Object Repository/DispensaryToStore/Page_Dispensary Store/select_--Select--Schedule 1Inj'

2018-05-28 12:44:44 - [MESSAGE][PASSED] - All options with index in [6] are selected on object 'Object Repository/DispensaryToStore/Page_Dispensary Store/select_--Select--Schedule 1Inj'

2018-05-28 12:44:44 - [TEST_STEP][PASSED] - Statement - medicineslength = com.kms.katalon.core.webui.keyword.WebUiBuiltInKeywords.getNumberOfTotalOption(com.kms.katalon.core.testobject.ObjectRepository.findTestObject(DispensaryToStore/Page_Dispensary Store/select_--Select--Adernaline 0.)): 14 options of object 'Object Repository/DispensaryToStore/Page_Dispensary Store/select_--Select--Adernaline 0.' counted

2018-05-28 12:44:44 - [MESSAGE][PASSED] - 14 options of object 'Object Repository/DispensaryToStore/Page_Dispensary Store/select_--Select--Adernaline 0.' counted

2018-05-28 12:44:44 - [TEST_STEP][PASSED] - Statement - For ([e = 1, e <= medicineslength - 1, (e++)]): Object: 'Object Repository/DispensaryToStore/Page_Dispensary Store/button_Add' is clicked on

2018-05-28 12:44:44 - [TEST_STEP][PASSED] - selectOptionByIndex: All options with index in [6] are selected on object 'Object Repository/DispensaryToStore/Page_Dispensary Store/select_--Select--Schedule 1Inj'

2018-05-28 12:44:45 - [MESSAGE][PASSED] - All options with index in [6] are selected on object 'Object Repository/DispensaryToStore/Page_Dispensary Store/select_--Select--Schedule 1Inj'

2018-05-28 12:44:45 - [TEST_STEP][PASSED] - selectOptionByIndex: All options with index in [1] are selected on object 'Object Repository/DispensaryToStore/Page_Dispensary Store/select_--Select--Adernaline 0.'

2018-05-28 12:44:45 - [MESSAGE][PASSED] - All options with index in [1] are selected on object 'Object Repository/DispensaryToStore/Page_Dispensary Store/select_--Select--Adernaline 0.'

2018-05-28 12:44:45 - [TEST_STEP][PASSED] - setText: Text '10' is set on object 'Object Repository/DispensaryToStore/Page_Dispensary Store/input_txttreat'

2018-05-28 12:44:45 - [MESSAGE][PASSED] - Text '10' is set on object 'Object Repository/DispensaryToStore/Page_Dispensary Store/input_txttreat'

2018-05-28 12:44:45 - [TEST_STEP][PASSED] - click: Object: 'Object Repository/DispensaryToStore/Page_Dispensary Store/button_Add' is clicked on

2018-05-28 12:44:45 - [MESSAGE][PASSED] - Object: 'Object Repository/DispensaryToStore/Page_Dispensary Store/button_Add' is clicked on

2018-05-28 12:44:45 - [TEST_STEP][PASSED] - selectOptionByIndex: All options with index in [6] are selected on object 'Object Repository/DispensaryToStore/Page_Dispensary Store/select_--Select--Schedule 1Inj'

2018-05-28 12:44:45 - [MESSAGE][PASSED] - All options with index in [6] are selected on object 'Object Repository/DispensaryToStore/Page_Dispensary Store/select_--Select--Schedule 1Inj'

2018-05-28 12:44:45 - [TEST_STEP][PASSED] - selectOptionByIndex: All options with index in [2] are selected on object 'Object Repository/DispensaryToStore/Page_Dispensary Store/select_--Select--Adernaline 0.'

2018-05-28 12:44:45 - [MESSAGE][PASSED] - All options with index in [2] are selected on object 'Object Repository/DispensaryToStore/Page_Dispensary Store/select_--Select--Adernaline 0.'

2018-05-28 12:44:45 - [TEST_STEP][PASSED] - setText: Text '10' is set on object 'Object Repository/DispensaryToStore/Page_Dispensary Store/input_txttreat'

2018-05-28 12:44:46 - [MESSAGE][PASSED] - Text '10' is set on object 'Object Repository/DispensaryToStore/Page_Dispensary Store/input_txttreat'

2018-05-28 12:44:46 - [TEST_STEP][PASSED] - click: Object: 'Object Repository/DispensaryToStore/Page_Dispensary Store/button_Add' is clicked on

2018-05-28 12:44:46 - [MESSAGE][PASSED] - Object: 'Object Repository/DispensaryToStore/Page_Dispensary Store/button_Add' is clicked on

2018-05-28 12:44:46 - [TEST_STEP][PASSED] - selectOptionByIndex: All options with index in [6] are selected on object 'Object Repository/DispensaryToStore/Page_Dispensary Store/select_--Select--Schedule 1Inj'

2018-05-28 12:44:46 - [MESSAGE][PASSED] - All options with index in [6] are selected on object 'Object Repository/DispensaryToStore/Page_Dispensary Store/select_--Select--Schedule 1Inj'

2018-05-28 12:44:46 - [TEST_STEP][PASSED] - selectOptionByIndex: All options with index in [3] are selected on object 'Object Repository/DispensaryToStore/Page_Dispensary Store/select_--Select--Adernaline 0.'

2018-05-28 12:44:46 - [MESSAGE][PASSED] - All options with index in [3] are selected on object 'Object Repository/DispensaryToStore/Page_Dispensary Store/select_--Select--Adernaline 0.'

2018-05-28 12:44:46 - [TEST_STEP][PASSED] - setText: Text '10' is set on object 'Object Repository/DispensaryToStore/Page_Dispensary Store/input_txttreat'

2018-05-28 12:44:46 - [MESSAGE][PASSED] - Text '10' is set on object 'Object Repository/DispensaryToStore/Page_Dispensary Store/input_txttreat'

2018-05-28 12:44:46 - [TEST_STEP][PASSED] - click: Object: 'Object Repository/DispensaryToStore/Page_Dispensary Store/button_Add' is clicked on

2018-05-28 12:44:46 - [MESSAGE][PASSED] - Object: 'Object Repository/DispensaryToStore/Page_Dispensary Store/button_Add' is clicked on

2018-05-28 12:44:46 - [TEST_STEP][PASSED] - selectOptionByIndex: All options with index in [6] are selected on object 'Object Repository/DispensaryToStore/Page_Dispensary Store/select_--Select--Schedule 1Inj'

2018-05-28 12:44:46 - [MESSAGE][PASSED] - All options with index in [6] are selected on object 'Object Repository/DispensaryToStore/Page_Dispensary Store/select_--Select--Schedule 1Inj'

2018-05-28 12:44:46 - [TEST_STEP][PASSED] - selectOptionByIndex: All options with index in [4] are selected on object 'Object Repository/DispensaryToStore/Page_Dispensary Store/select_--Select--Adernaline 0.'

2018-05-28 12:44:46 - [MESSAGE][PASSED] - All options with index in [4] are selected on object 'Object Repository/DispensaryToStore/Page_Dispensary Store/select_--Select--Adernaline 0.'

2018-05-28 12:44:46 - [TEST_STEP][PASSED] - setText: Text '10' is set on object 'Object Repository/DispensaryToStore/Page_Dispensary Store/input_txttreat'

2018-05-28 12:44:46 - [MESSAGE][PASSED] - Text '10' is set on object 'Object Repository/DispensaryToStore/Page_Dispensary Store/input_txttreat'

2018-05-28 12:44:46 - [TEST_STEP][PASSED] - click: Object: 'Object Repository/DispensaryToStore/Page_Dispensary Store/button_Add' is clicked on

2018-05-28 12:44:47 - [MESSAGE][PASSED] - Object: 'Object Repository/DispensaryToStore/Page_Dispensary Store/button_Add' is clicked on

2018-05-28 12:44:47 - [TEST_STEP][PASSED] - selectOptionByIndex: All options with index in [6] are selected on object 'Object Repository/DispensaryToStore/Page_Dispensary Store/select_--Select--Schedule 1Inj'

2018-05-28 12:44:47 - [MESSAGE][PASSED] - All options with index in [6] are selected on object 'Object Repository/DispensaryToStore/Page_Dispensary Store/select_--Select--Schedule 1Inj'

2018-05-28 12:44:47 - [TEST_STEP][PASSED] - selectOptionByIndex: All options with index in [5] are selected on object 'Object Repository/DispensaryToStore/Page_Dispensary Store/select_--Select--Adernaline 0.'

2018-05-28 12:44:47 - [MESSAGE][PASSED] - All options with index in [5] are selected on object 'Object Repository/DispensaryToStore/Page_Dispensary Store/select_--Select--Adernaline 0.'

2018-05-28 12:44:47 - [TEST_STEP][PASSED] - setText: Text '10' is set on object 'Object Repository/DispensaryToStore/Page_Dispensary Store/input_txttreat'

2018-05-28 12:44:47 - [MESSAGE][PASSED] - Text '10' is set on object 'Object Repository/DispensaryToStore/Page_Dispensary Store/input_txttreat'

2018-05-28 12:44:47 - [TEST_STEP][PASSED] - click: Object: 'Object Repository/DispensaryToStore/Page_Dispensary Store/button_Add' is clicked on

2018-05-28 12:44:47 - [MESSAGE][PASSED] - Object: 'Object Repository/DispensaryToStore/Page_Dispensary Store/button_Add' is clicked on

2018-05-28 12:44:47 - [TEST_STEP][PASSED] - selectOptionByIndex: All options with index in [6] are selected on object 'Object Repository/DispensaryToStore/Page_Dispensary Store/select_--Select--Schedule 1Inj'

2018-05-28 12:44:47 - [MESSAGE][PASSED] - All options with index in [6] are selected on object 'Object Repository/DispensaryToStore/Page_Dispensary Store/select_--Select--Schedule 1Inj'

2018-05-28 12:44:47 - [TEST_STEP][PASSED] - selectOptionByIndex: All options with index in [6] are selected on object 'Object Repository/DispensaryToStore/Page_Dispensary Store/select_--Select--Adernaline 0.'

2018-05-28 12:44:47 - [MESSAGE][PASSED] - All options with index in [6] are selected on object 'Object Repository/DispensaryToStore/Page_Dispensary Store/select_--Select--Adernaline 0.'

2018-05-28 12:44:47 - [TEST_STEP][PASSED] - setText: Text '10' is set on object 'Object Repository/DispensaryToStore/Page_Dispensary Store/input_txttreat'

2018-05-28 12:44:47 - [MESSAGE][PASSED] - Text '10' is set on object 'Object Repository/DispensaryToStore/Page_Dispensary Store/input_txttreat'

2018-05-28 12:44:47 - [TEST_STEP][PASSED] - click: Object: 'Object Repository/DispensaryToStore/Page_Dispensary Store/button_Add' is clicked on

2018-05-28 12:44:47 - [MESSAGE][PASSED] - Object: 'Object Repository/DispensaryToStore/Page_Dispensary Store/button_Add' is clicked on

2018-05-28 12:44:47 - [TEST_STEP][PASSED] - selectOptionByIndex: All options with index in [6] are selected on object 'Object Repository/DispensaryToStore/Page_Dispensary Store/select_--Select--Schedule 1Inj'

2018-05-28 12:44:48 - [MESSAGE][PASSED] - All options with index in [6] are selected on object 'Object Repository/DispensaryToStore/Page_Dispensary Store/select_--Select--Schedule 1Inj'

2018-05-28 12:44:48 - [TEST_STEP][PASSED] - selectOptionByIndex: All options with index in [7] are selected on object 'Object Repository/DispensaryToStore/Page_Dispensary Store/select_--Select--Adernaline 0.'

2018-05-28 12:44:48 - [MESSAGE][PASSED] - All options with index in [7] are selected on object 'Object Repository/DispensaryToStore/Page_Dispensary Store/select_--Select--Adernaline 0.'

2018-05-28 12:44:48 - [TEST_STEP][PASSED] - setText: Text '10' is set on object 'Object Repository/DispensaryToStore/Page_Dispensary Store/input_txttreat'

2018-05-28 12:44:48 - [MESSAGE][PASSED] - Text '10' is set on object 'Object Repository/DispensaryToStore/Page_Dispensary Store/input_txttreat'

2018-05-28 12:44:48 - [TEST_STEP][PASSED] - click: Object: 'Object Repository/DispensaryToStore/Page_Dispensary Store/button_Add' is clicked on

2018-05-28 12:44:48 - [MESSAGE][PASSED] - Object: 'Object Repository/DispensaryToStore/Page_Dispensary Store/button_Add' is clicked on

2018-05-28 12:44:48 - [TEST_STEP][PASSED] - selectOptionByIndex: All options with index in [6] are selected on object 'Object Repository/DispensaryToStore/Page_Dispensary Store/select_--Select--Schedule 1Inj'

2018-05-28 12:44:48 - [MESSAGE][PASSED] - All options with index in [6] are selected on object 'Object Repository/DispensaryToStore/Page_Dispensary Store/select_--Select--Schedule 1Inj'

2018-05-28 12:44:48 - [TEST_STEP][PASSED] - selectOptionByIndex: All options with index in [8] are selected on object 'Object Repository/DispensaryToStore/Page_Dispensary Store/select_--Select--Adernaline 0.'

2018-05-28 12:44:48 - [MESSAGE][PASSED] - All options with index in [8] are selected on object 'Object Repository/DispensaryToStore/Page_Dispensary Store/select_--Select--Adernaline 0.'

2018-05-28 12:44:48 - [TEST_STEP][PASSED] - setText: Text '10' is set on object 'Object Repository/DispensaryToStore/Page_Dispensary Store/input_txttreat'

2018-05-28 12:44:48 - [MESSAGE][PASSED] - Text '10' is set on object 'Object Repository/DispensaryToStore/Page_Dispensary Store/input_txttreat'

2018-05-28 12:44:48 - [TEST_STEP][PASSED] - click: Object: 'Object Repository/DispensaryToStore/Page_Dispensary Store/button_Add' is clicked on

2018-05-28 12:44:48 - [MESSAGE][PASSED] - Object: 'Object Repository/DispensaryToStore/Page_Dispensary Store/button_Add' is clicked on

2018-05-28 12:44:48 - [TEST_STEP][PASSED] - selectOptionByIndex: All options with index in [6] are selected on object 'Object Repository/DispensaryToStore/Page_Dispensary Store/select_--Select--Schedule 1Inj'

2018-05-28 12:44:49 - [MESSAGE][PASSED] - All options with index in [6] are selected on object 'Object Repository/DispensaryToStore/Page_Dispensary Store/select_--Select--Schedule 1Inj'

2018-05-28 12:44:49 - [TEST_STEP][PASSED] - selectOptionByIndex: All options with index in [9] are selected on object 'Object Repository/DispensaryToStore/Page_Dispensary Store/select_--Select--Adernaline 0.'

2018-05-28 12:44:49 - [MESSAGE][PASSED] - All options with index in [9] are selected on object 'Object Repository/DispensaryToStore/Page_Dispensary Store/select_--Select--Adernaline 0.'

2018-05-28 12:44:49 - [TEST_STEP][PASSED] - setText: Text '10' is set on object 'Object Repository/DispensaryToStore/Page_Dispensary Store/input_txttreat'

2018-05-28 12:44:49 - [MESSAGE][PASSED] - Text '10' is set on object 'Object Repository/DispensaryToStore/Page_Dispensary Store/input_txttreat'

2018-05-28 12:44:49 - [TEST_STEP][PASSED] - click: Object: 'Object Repository/DispensaryToStore/Page_Dispensary Store/button_Add' is clicked on

2018-05-28 12:44:49 - [MESSAGE][PASSED] - Object: 'Object Repository/DispensaryToStore/Page_Dispensary Store/button_Add' is clicked on

2018-05-28 12:44:49 - [TEST_STEP][PASSED] - selectOptionByIndex: All options with index in [6] are selected on object 'Object Repository/DispensaryToStore/Page_Dispensary Store/select_--Select--Schedule 1Inj'

2018-05-28 12:44:49 - [MESSAGE][PASSED] - All options with index in [6] are selected on object 'Object Repository/DispensaryToStore/Page_Dispensary Store/select_--Select--Schedule 1Inj'

2018-05-28 12:44:49 - [TEST_STEP][PASSED] - selectOptionByIndex: All options with index in [10] are selected on object 'Object Repository/DispensaryToStore/Page_Dispensary Store/select_--Select--Adernaline 0.'

2018-05-28 12:44:49 - [MESSAGE][PASSED] - All options with index in [10] are selected on object 'Object Repository/DispensaryToStore/Page_Dispensary Store/select_--Select--Adernaline 0.'

2018-05-28 12:44:49 - [TEST_STEP][PASSED] - setText: Text '10' is set on object 'Object Repository/DispensaryToStore/Page_Dispensary Store/input_txttreat'

2018-05-28 12:44:49 - [MESSAGE][PASSED] - Text '10' is set on object 'Object Repository/DispensaryToStore/Page_Dispensary Store/input_txttreat'

2018-05-28 12:44:49 - [TEST_STEP][PASSED] - click: Object: 'Object Repository/DispensaryToStore/Page_Dispensary Store/button_Add' is clicked on

2018-05-28 12:44:49 - [MESSAGE][PASSED] - Object: 'Object Repository/DispensaryToStore/Page_Dispensary Store/button_Add' is clicked on

2018-05-28 12:44:49 - [TEST_STEP][PASSED] - selectOptionByIndex: All options with index in [6] are selected on object 'Object Repository/DispensaryToStore/Page_Dispensary Store/select_--Select--Schedule 1Inj'

2018-05-28 12:44:50 - [MESSAGE][PASSED] - All options with index in [6] are selected on object 'Object Repository/DispensaryToStore/Page_Dispensary Store/select_--Select--Schedule 1Inj'

2018-05-28 12:44:50 - [TEST_STEP][PASSED] - selectOptionByIndex: All options with index in [11] are selected on object 'Object Repository/DispensaryToStore/Page_Dispensary Store/select_--Select--Adernaline 0.'

2018-05-28 12:44:50 - [MESSAGE][PASSED] - All options with index in [11] are selected on object 'Object Repository/DispensaryToStore/Page_Dispensary Store/select_--Select--Adernaline 0.'

2018-05-28 12:44:50 - [TEST_STEP][PASSED] - setText: Text '10' is set on object 'Object Repository/DispensaryToStore/Page_Dispensary Store/input_txttreat'

2018-05-28 12:44:50 - [MESSAGE][PASSED] - Text '10' is set on object 'Object Repository/DispensaryToStore/Page_Dispensary Store/input_txttreat'

2018-05-28 12:44:50 - [TEST_STEP][PASSED] - click: Object: 'Object Repository/DispensaryToStore/Page_Dispensary Store/button_Add' is clicked on

2018-05-28 12:44:50 - [MESSAGE][PASSED] - Object: 'Object Repository/DispensaryToStore/Page_Dispensary Store/button_Add' is clicked on

2018-05-28 12:44:50 - [TEST_STEP][PASSED] - selectOptionByIndex: All options with index in [6] are selected on object 'Object Repository/DispensaryToStore/Page_Dispensary Store/select_--Select--Schedule 1Inj'

2018-05-28 12:44:50 - [MESSAGE][PASSED] - All options with index in [6] are selected on object 'Object Repository/DispensaryToStore/Page_Dispensary Store/select_--Select--Schedule 1Inj'

2018-05-28 12:44:50 - [TEST_STEP][PASSED] - selectOptionByIndex: All options with index in [12] are selected on object 'Object Repository/DispensaryToStore/Page_Dispensary Store/select_--Select--Adernaline 0.'

2018-05-28 12:44:50 - [MESSAGE][PASSED] - All options with index in [12] are selected on object 'Object Repository/DispensaryToStore/Page_Dispensary Store/select_--Select--Adernaline 0.'

2018-05-28 12:44:50 - [TEST_STEP][PASSED] - setText: Text '10' is set on object 'Object Repository/DispensaryToStore/Page_Dispensary Store/input_txttreat'

2018-05-28 12:44:51 - [MESSAGE][PASSED] - Text '10' is set on object 'Object Repository/DispensaryToStore/Page_Dispensary Store/input_txttreat'

2018-05-28 12:44:51 - [TEST_STEP][PASSED] - click: Object: 'Object Repository/DispensaryToStore/Page_Dispensary Store/button_Add' is clicked on

2018-05-28 12:44:51 - [MESSAGE][PASSED] - Object: 'Object Repository/DispensaryToStore/Page_Dispensary Store/button_Add' is clicked on

2018-05-28 12:44:51 - [TEST_STEP][PASSED] - selectOptionByIndex: All options with index in [6] are selected on object 'Object Repository/DispensaryToStore/Page_Dispensary Store/select_--Select--Schedule 1Inj'

2018-05-28 12:44:51 - [MESSAGE][PASSED] - All options with index in [6] are selected on object 'Object Repository/DispensaryToStore/Page_Dispensary Store/select_--Select--Schedule 1Inj'

2018-05-28 12:44:51 - [TEST_STEP][PASSED] - selectOptionByIndex: All options with index in [13] are selected on object 'Object Repository/DispensaryToStore/Page_Dispensary Store/select_--Select--Adernaline 0.'

2018-05-28 12:44:51 - [MESSAGE][PASSED] - All options with index in [13] are selected on object 'Object Repository/DispensaryToStore/Page_Dispensary Store/select_--Select--Adernaline 0.'

2018-05-28 12:44:51 - [TEST_STEP][PASSED] - setText: Text '10' is set on object 'Object Repository/DispensaryToStore/Page_Dispensary Store/input_txttreat'

2018-05-28 12:44:51 - [MESSAGE][PASSED] - Text '10' is set on object 'Object Repository/DispensaryToStore/Page_Dispensary Store/input_txttreat'

2018-05-28 12:44:51 - [TEST_STEP][PASSED] - click: Object: 'Object Repository/DispensaryToStore/Page_Dispensary Store/button_Add' is clicked on

2018-05-28 12:44:51 - [MESSAGE][PASSED] - Object: 'Object Repository/DispensaryToStore/Page_Dispensary Store/button_Add' is clicked on

2018-05-28 12:44:51 - [TEST_STEP][PASSED] - scrollToElement: Scroll to object 'Object Repository/DispensaryToStore/Page_Dispensary Store/input_btnsave' successfully

2018-05-28 12:44:51 - [MESSAGE][PASSED] - Scroll to object 'Object Repository/DispensaryToStore/Page_Dispensary Store/input_btnsave' successfully

2018-05-28 12:44:51 - [TEST_STEP][PASSED] - click: Object: 'Object Repository/DispensaryToStore/Page_Dispensary Store/input_btnsave' is clicked on

2018-05-28 12:44:51 - [MESSAGE][PASSED] - Object: 'Object Repository/DispensaryToStore/Page_Dispensary Store/input_btnsave' is clicked on

2018-05-28 12:44:51 - [TEST_STEP][PASSED] - delay: Delayed 3 second(s)

2018-05-28 12:44:54 - [MESSAGE][PASSED] - Delayed 3 second(s)

2018-05-28 12:44:54 - [TEST_STEP][PASSED] - Statement - RN1 = com.kms.katalon.core.webui.keyword.WebUiBuiltInKeywords.getText(com.kms.katalon.core.testobject.ObjectRepository.findTestObject(DispensaryToStore/Page_Dispensary Store/font_HPRNO180520187)): Text of object 'Object Repository/DispensaryToStore/Page_Dispensary Store/font_HPRNO180520187' is: 'DPRNO/28052018/125'

2018-05-28 12:44:54 - [MESSAGE][PASSED] - Text of object 'Object Repository/DispensaryToStore/Page_Dispensary Store/font_HPRNO180520187' is: 'DPRNO/28052018/125'

2018-05-28 12:44:54 - [TEST_STEP][PASSED] - Statement - out.println(RN1): null

2018-05-28 12:44:54 - [TEST_STEP][PASSED] - Statement - RID = RN1.split("/")[2]: null

2018-05-28 12:44:54 - [TEST_STEP][PASSED] - click: Object: 'Object Repository/DispensaryToStore/Page_Dispensary Store/button_OK' is clicked on

2018-05-28 12:44:55 - [MESSAGE][PASSED] - Object: 'Object Repository/DispensaryToStore/Page_Dispensary Store/button_OK' is clicked on

2018-05-28 12:44:55 - [TEST_STEP][PASSED] - delay: Delayed 3 second(s)

2018-05-28 12:44:58 - [MESSAGE][PASSED] - Delayed 3 second(s)

2018-05-28 12:44:58 - [TEST_STEP][PASSED] - waitForElementPresent: Object 'Object Repository/DispensaryToStore/Page_Dispensary Store/a_dropdown-toggle' is present

2018-05-28 12:44:58 - [MESSAGE][PASSED] - Object 'Object Repository/DispensaryToStore/Page_Dispensary Store/a_dropdown-toggle' is present

2018-05-28 12:44:58 - [TEST_STEP][PASSED] - click: Object: 'Object Repository/DispensaryToStore/Page_Dispensary Store/a_dropdown-toggle' is clicked on

2018-05-28 12:44:58 - [MESSAGE][PASSED] - Object: 'Object Repository/DispensaryToStore/Page_Dispensary Store/a_dropdown-toggle' is clicked on

2018-05-28 12:44:58 - [TEST_STEP][PASSED] - click: Object: 'Object Repository/DispensaryToStore/Page_Dispensary Store/a_Sign out' is clicked on

2018-05-28 12:44:59 - [MESSAGE][PASSED] - Object: 'Object Repository/DispensaryToStore/Page_Dispensary Store/a_Sign out' is clicked on

2018-05-28 12:44:59 - [TEST_STEP][PASSED] - delay: Delayed 3 second(s)

2018-05-28 12:45:02 - [MESSAGE][PASSED] - Delayed 3 second(s)

2018-05-28 12:45:02 - [TEST_STEP][PASSED] - navigateToUrl: Navigate to 'http://192.168.137.1/multihospital_new/' successfully

2018-05-28 12:45:02 - [MESSAGE][PASSED] - Navigate to 'http://192.168.137.1/multihospital_new/' successfully

2018-05-28 12:45:02 - [TEST_STEP][PASSED] - click: Object: 'Object Repository/DispensaryToStore/Page_KDMC/a_CMO' is clicked on

2018-05-28 12:45:03 - [MESSAGE][PASSED] - Object: 'Object Repository/DispensaryToStore/Page_KDMC/a_CMO' is clicked on

2018-05-28 12:45:03 - [TEST_STEP][PASSED] - setText: Text 'guru' is set on object 'Object Repository/DispensaryToStore/Page_CMO login/input_txtusername'

2018-05-28 12:45:03 - [MESSAGE][PASSED] - Text 'guru' is set on object 'Object Repository/DispensaryToStore/Page_CMO login/input_txtusername'

2018-05-28 12:45:03 - [TEST_STEP][PASSED] - setText: Text '123' is set on object 'Object Repository/DispensaryToStore/Page_CMO login/input_txtpassword'

2018-05-28 12:45:03 - [MESSAGE][PASSED] - Text '123' is set on object 'Object Repository/DispensaryToStore/Page_CMO login/input_txtpassword'

2018-05-28 12:45:03 - [TEST_STEP][PASSED] - delay: Delayed 3 second(s)

2018-05-28 12:45:06 - [MESSAGE][PASSED] - Delayed 3 second(s)

2018-05-28 12:45:06 - [TEST_STEP][PASSED] - click: Object: 'Object Repository/DispensaryToStore/Page_CMO login/button_Sign in' is clicked on

2018-05-28 12:45:07 - [MESSAGE][PASSED] - Object: 'Object Repository/DispensaryToStore/Page_CMO login/button_Sign in' is clicked on

2018-05-28 12:45:07 - [TEST_STEP][PASSED] - click: Object: 'Object Repository/DispensaryToStore/Page_KDMC - CMO/a_Department Wise Request' is clicked on

2018-05-28 12:45:09 - [MESSAGE][PASSED] - Object: 'Object Repository/DispensaryToStore/Page_KDMC - CMO/a_Department Wise Request' is clicked on

2018-05-28 12:45:09 - [TEST_STEP][PASSED] - delay: Delayed 2 second(s)

2018-05-28 12:45:11 - [MESSAGE][PASSED] - Delayed 2 second(s)

2018-05-28 12:45:11 - [TEST_STEP][PASSED] - selectOptionByIndex: All options with index in [6] are selected on object 'Object Repository/DispensaryToStore/Page_KDMC - CMO/select_--ALL--'

2018-05-28 12:45:11 - [MESSAGE][PASSED] - All options with index in [6] are selected on object 'Object Repository/DispensaryToStore/Page_KDMC - CMO/select_--ALL--'

2018-05-28 12:45:11 - [TEST_STEP][PASSED] - click: Object: 'Object Repository/DispensaryToStore/Page_KDMC - CMO/input_btnsearch' is clicked on

2018-05-28 12:45:11 - [MESSAGE][PASSED] - Object: 'Object Repository/DispensaryToStore/Page_KDMC - CMO/input_btnsearch' is clicked on

2018-05-28 12:45:11 - [TEST_STEP][PASSED] - selectOptionByIndex: All options with index in [1] are selected on object 'Object Repository/DispensaryToStore/Page_KDMC - CMO/select_--ALL--                _1'

2018-05-28 12:45:12 - [MESSAGE][PASSED] - All options with index in [1] are selected on object 'Object Repository/DispensaryToStore/Page_KDMC - CMO/select_--ALL--                _1'

2018-05-28 12:45:12 - [TEST_STEP][PASSED] - click: Object: 'Object Repository/DispensaryToStore/Page_KDMC - CMO/input_btnsearch' is clicked on

2018-05-28 12:45:12 - [MESSAGE][PASSED] - Object: 'Object Repository/DispensaryToStore/Page_KDMC - CMO/input_btnsearch' is clicked on

2018-05-28 12:45:12 - [TEST_STEP][PASSED] - Statement - ID = com.kms.katalon.core.webui.keyword.WebUiBuiltInKeywords.modifyObjectProperty(com.kms.katalon.core.testobject.ObjectRepository.findTestObject(lab/Page_KDMC - CMO/input_1), "xpath", "equals", "//*[@id=" + RID + "]", true): Modify property of object successfully

2018-05-28 12:45:12 - [MESSAGE][PASSED] - Modify property of object successfully

2018-05-28 12:45:12 - [TEST_STEP][PASSED] - click: Object: 'Object Repository/lab/Page_KDMC - CMO/input_1' is clicked on

2018-05-28 12:45:12 - [MESSAGE][PASSED] - Object: 'Object Repository/lab/Page_KDMC - CMO/input_1' is clicked on

2018-05-28 12:45:12 - [TEST_STEP][PASSED] - delay: Delayed 2 second(s)

2018-05-28 12:45:14 - [MESSAGE][PASSED] - Delayed 2 second(s)

2018-05-28 12:45:14 - [TEST_STEP][PASSED] - selectOptionByIndex: All options with index in [1] are selected on object 'Object Repository/DispensaryToStore/Page_KDMC - CMO/select_--Select--'

2018-05-28 12:45:14 - [MESSAGE][PASSED] - All options with index in [1] are selected on object 'Object Repository/DispensaryToStore/Page_KDMC - CMO/select_--Select--'

2018-05-28 12:45:14 - [TEST_STEP][PASSED] - click: Object: 'Object Repository/DispensaryToStore/Page_KDMC - CMO/input_btnupdate' is clicked on

2018-05-28 12:45:15 - [MESSAGE][PASSED] - Object: 'Object Repository/DispensaryToStore/Page_KDMC - CMO/input_btnupdate' is clicked on

2018-05-28 12:45:15 - [TEST_STEP][PASSED] - delay: Delayed 2 second(s)

2018-05-28 12:45:17 - [MESSAGE][PASSED] - Delayed 2 second(s)

2018-05-28 12:45:17 - [TEST_STEP][PASSED] - click: Object: 'Object Repository/DispensaryToStore/Page_KDMC - CMO/button_OK' is clicked on

2018-05-28 12:45:17 - [MESSAGE][PASSED] - Object: 'Object Repository/DispensaryToStore/Page_KDMC - CMO/button_OK' is clicked on

2018-05-28 12:45:17 - [TEST_STEP][PASSED] - delay: Delayed 2 second(s)

2018-05-28 12:45:19 - [MESSAGE][PASSED] - Delayed 2 second(s)

2018-05-28 12:45:19 - [TEST_STEP][PASSED] - waitForElementPresent: Object 'Object Repository/DispensaryToStore/Page_Dispensary Store/a_dropdown-toggle' is not present after 20 second(s)

2018-05-28 12:45:40 - [MESSAGE][WARNING] - Object 'Object Repository/DispensaryToStore/Page_Dispensary Store/a_dropdown-toggle' is not present after 20 second(s)

2018-05-28 12:45:40 - [TEST_STEP][PASSED] - click: Object: 'Object Repository/DispensaryToStore/Page_KDMC - CMO/a_dropdown-toggle' is clicked on

2018-05-28 12:45:40 - [MESSAGE][PASSED] - Object: 'Object Repository/DispensaryToStore/Page_KDMC - CMO/a_dropdown-toggle' is clicked on

2018-05-28 12:45:40 - [TEST_STEP][PASSED] - click: Object: 'Object Repository/DispensaryToStore/Page_KDMC - CMO/a_Sign out' is clicked on

2018-05-28 12:45:40 - [MESSAGE][PASSED] - Object: 'Object Repository/DispensaryToStore/Page_KDMC - CMO/a_Sign out' is clicked on

2018-05-28 12:45:40 - [TEST_STEP][PASSED] - delay: Delayed 3 second(s)

2018-05-28 12:45:43 - [MESSAGE][PASSED] - Delayed 3 second(s)

2018-05-28 12:45:43 - [TEST_STEP][PASSED] - click: Object: 'Object Repository/DispensaryToStore/Page_KDMC/a_Divisional Store' is clicked on

2018-05-28 12:45:44 - [MESSAGE][PASSED] - Object: 'Object Repository/DispensaryToStore/Page_KDMC/a_Divisional Store' is clicked on

2018-05-28 12:45:44 - [TEST_STEP][PASSED] - setText: Text 'ragu' is set on object 'Object Repository/DispensaryToStore/Page_Divisonal Store Login/input_txtusername'

2018-05-28 12:45:45 - [MESSAGE][PASSED] - Text 'ragu' is set on object 'Object Repository/DispensaryToStore/Page_Divisonal Store Login/input_txtusername'

2018-05-28 12:45:45 - [TEST_STEP][PASSED] - setText: Text '123' is set on object 'Object Repository/DispensaryToStore/Page_Divisonal Store Login/input_txtpassword'

2018-05-28 12:45:45 - [MESSAGE][PASSED] - Text '123' is set on object 'Object Repository/DispensaryToStore/Page_Divisonal Store Login/input_txtpassword'

2018-05-28 12:45:45 - [TEST_STEP][PASSED] - delay: Delayed 3 second(s)

2018-05-28 12:45:48 - [MESSAGE][PASSED] - Delayed 3 second(s)

2018-05-28 12:45:48 - [TEST_STEP][PASSED] - click: Object: 'Object Repository/DispensaryToStore/Page_Divisonal Store Login/button_Sign in' is clicked on

2018-05-28 12:45:49 - [MESSAGE][PASSED] - Object: 'Object Repository/DispensaryToStore/Page_Divisonal Store Login/button_Sign in' is clicked on

2018-05-28 12:45:49 - [TEST_STEP][PASSED] - delay: Delayed 3 second(s)

2018-05-28 12:45:52 - [MESSAGE][PASSED] - Delayed 3 second(s)

2018-05-28 12:45:52 - [TEST_STEP][PASSED] - scrollToPosition: Browser is scrolled to position x = 100, y = 100

2018-05-28 12:45:52 - [MESSAGE][PASSED] - Browser is scrolled to position x = 100, y = 100

2018-05-28 12:45:52 - [TEST_STEP][PASSED] - click: Object: 'Object Repository/DispensaryToStore/Page_Store/a_Dispensary Request' is clicked on

2018-05-28 12:45:52 - [MESSAGE][PASSED] - Object: 'Object Repository/DispensaryToStore/Page_Store/a_Dispensary Request' is clicked on

2018-05-28 12:45:52 - [TEST_STEP][PASSED] - delay: Delayed 2 second(s)

2018-05-28 12:45:54 - [MESSAGE][PASSED] - Delayed 2 second(s)

2018-05-28 12:45:54 - [TEST_STEP][PASSED] - click: Object: 'Object Repository/DispensaryToStore/Page_Store/a_Request Item Dispensary' is clicked on

2018-05-28 12:45:56 - [MESSAGE][PASSED] - Object: 'Object Repository/DispensaryToStore/Page_Store/a_Request Item Dispensary' is clicked on

2018-05-28 12:45:56 - [TEST_STEP][PASSED] - Statement - ChooseRequest = com.kms.katalon.core.webui.keyword.WebUiBuiltInKeywords.modifyObjectProperty(com.kms.katalon.core.testobject.ObjectRepository.findTestObject(lab/Page_Store/input_1), "xpath", "equals", "//*[@id=" + RID + "]", true): Modify property of object successfully

2018-05-28 12:45:56 - [MESSAGE][PASSED] - Modify property of object successfully

2018-05-28 12:45:56 - [TEST_STEP][PASSED] - click: Object: 'Object Repository/lab/Page_Store/input_1' is clicked on

2018-05-28 12:45:56 - [MESSAGE][PASSED] - Object: 'Object Repository/lab/Page_Store/input_1' is clicked on

2018-05-28 12:45:56 - [TEST_STEP][PASSED] - Statement - selectedoptions = com.kms.katalon.core.webui.keyword.WebUiBuiltInKeywords.getNumberOfTotalOption(com.kms.katalon.core.testobject.ObjectRepository.findTestObject(DispensaryToStore/Page_Store/select_--Select--Adernaline 0.)): 14 options of object 'Object Repository/DispensaryToStore/Page_Store/select_--Select--Adernaline 0.' counted

2018-05-28 12:45:56 - [MESSAGE][PASSED] - 14 options of object 'Object Repository/DispensaryToStore/Page_Store/select_--Select--Adernaline 0.' counted

2018-05-28 12:45:56 - [TEST_STEP][PASSED] - Statement - For ([a = 1, a <= selectedoptions - 1, (a++)]): null

2018-05-28 12:45:56 - [TEST_STEP][PASSED] - selectOptionByIndex: All options with index in [1] are selected on object 'Object Repository/DispensaryToStore/Page_Store/select_--Select--Adernaline 0.'

2018-05-28 12:45:57 - [MESSAGE][PASSED] - All options with index in [1] are selected on object 'Object Repository/DispensaryToStore/Page_Store/select_--Select--Adernaline 0.'

2018-05-28 12:45:57 - [TEST_STEP][PASSED] - delay: Delayed 2 second(s)

2018-05-28 12:45:59 - [MESSAGE][PASSED] - Delayed 2 second(s)

2018-05-28 12:45:59 - [TEST_STEP][PASSED] - Statement - RequestedQty = com.kms.katalon.core.webui.keyword.WebUiBuiltInKeywords.getAttribute(com.kms.katalon.core.testobject.ObjectRepository.findTestObject(DispensaryToStore/Page_Store/input_txttotal), "value"): Attribute 'value' of object 'Object Repository/DispensaryToStore/Page_Store/input_txttotal' is: '10'

2018-05-28 12:45:59 - [MESSAGE][PASSED] - Attribute 'value' of object 'Object Repository/DispensaryToStore/Page_Store/input_txttotal' is: '10'

2018-05-28 12:45:59 - [TEST_STEP][PASSED] - Statement - out.println("Requested QTY : " + RequestedQty): null

2018-05-28 12:45:59 - [TEST_STEP][PASSED] - Statement - BatchNumber = com.kms.katalon.core.webui.keyword.WebUiBuiltInKeywords.getNumberOfTotalOption(com.kms.katalon.core.testobject.ObjectRepository.findTestObject(DispensaryToStore/Page_Store/select_--Select--BA1170BA2376B)): 3 options of object 'Object Repository/DispensaryToStore/Page_Store/select_--Select--BA1170BA2376B' counted

2018-05-28 12:45:59 - [MESSAGE][PASSED] - 3 options of object 'Object Repository/DispensaryToStore/Page_Store/select_--Select--BA1170BA2376B' counted

2018-05-28 12:45:59 - [TEST_STEP][PASSED] - Statement - For ([g = 1, g <= BatchNumber - 1, (g++)]): null

2018-05-28 12:45:59 - [TEST_STEP][PASSED] - selectOptionByIndex: All options with index in [1] are selected on object 'Object Repository/DispensaryToStore/Page_Store/select_--Select--BA1170BA2376B'

2018-05-28 12:45:59 - [MESSAGE][PASSED] - All options with index in [1] are selected on object 'Object Repository/DispensaryToStore/Page_Store/select_--Select--BA1170BA2376B'

2018-05-28 12:45:59 - [TEST_STEP][PASSED] - Statement - Try: null

2018-05-28 12:45:59 - [TEST_STEP][PASSED] - Statement - StockQty = com.kms.katalon.core.webui.keyword.WebUiBuiltInKeywords.getAttribute(com.kms.katalon.core.testobject.ObjectRepository.findTestObject(DispensaryToStore/Page_Store/input_txtprice), "value"): Attribute 'value' of object 'Object Repository/DispensaryToStore/Page_Store/input_txtprice' is: '560'

2018-05-28 12:45:59 - [MESSAGE][PASSED] - Attribute 'value' of object 'Object Repository/DispensaryToStore/Page_Store/input_txtprice' is: '560'

2018-05-28 12:45:59 - [TEST_STEP][PASSED] - Statement - out.println("Stock QTY : " + StockQty): null

2018-05-28 12:45:59 - [TEST_STEP][PASSED] - delay: Delayed 2 second(s)

2018-05-28 12:46:01 - [MESSAGE][PASSED] - Delayed 2 second(s)

2018-05-28 12:46:01 - [TEST_STEP][PASSED] - Statement - If (java.lang.String.valueOf(StockQty) >= java.lang.String.valueOf(RequestedQty)): null

2018-05-28 12:46:01 - [TEST_STEP][PASSED] - setText: Text '10' is set on object 'Object Repository/DispensaryToStore/Page_Store/input_txtqty'

2018-05-28 12:46:01 - [MESSAGE][PASSED] - Text '10' is set on object 'Object Repository/DispensaryToStore/Page_Store/input_txtqty'

2018-05-28 12:46:01 - [TEST_STEP][PASSED] - click: Object: 'Object Repository/DispensaryToStore/Page_Store/button_Add' is clicked on

2018-05-28 12:46:01 - [MESSAGE][PASSED] - Object: 'Object Repository/DispensaryToStore/Page_Store/button_Add' is clicked on

2018-05-28 12:46:01 - [TEST_STEP][PASSED] - Statement - Break: null

2018-05-28 12:46:01 - [TEST_STEP][PASSED] - selectOptionByIndex: All options with index in [2] are selected on object 'Object Repository/DispensaryToStore/Page_Store/select_--Select--Adernaline 0.'

2018-05-28 12:46:01 - [MESSAGE][PASSED] - All options with index in [2] are selected on object 'Object Repository/DispensaryToStore/Page_Store/select_--Select--Adernaline 0.'

2018-05-28 12:46:01 - [TEST_STEP][PASSED] - delay: Delayed 2 second(s)

2018-05-28 12:46:03 - [MESSAGE][PASSED] - Delayed 2 second(s)

2018-05-28 12:46:03 - [TEST_STEP][PASSED] - Statement - RequestedQty = com.kms.katalon.core.webui.keyword.WebUiBuiltInKeywords.getAttribute(com.kms.katalon.core.testobject.ObjectRepository.findTestObject(DispensaryToStore/Page_Store/input_txttotal), "value"): Attribute 'value' of object 'Object Repository/DispensaryToStore/Page_Store/input_txttotal' is: '10'

2018-05-28 12:46:03 - [MESSAGE][PASSED] - Attribute 'value' of object 'Object Repository/DispensaryToStore/Page_Store/input_txttotal' is: '10'

2018-05-28 12:46:03 - [TEST_STEP][PASSED] - Statement - out.println("Requested QTY : " + RequestedQty): null

2018-05-28 12:46:03 - [TEST_STEP][PASSED] - Statement - BatchNumber = com.kms.katalon.core.webui.keyword.WebUiBuiltInKeywords.getNumberOfTotalOption(com.kms.katalon.core.testobject.ObjectRepository.findTestObject(DispensaryToStore/Page_Store/select_--Select--BA1170BA2376B)): 4 options of object 'Object Repository/DispensaryToStore/Page_Store/select_--Select--BA1170BA2376B' counted

2018-05-28 12:46:04 - [MESSAGE][PASSED] - 4 options of object 'Object Repository/DispensaryToStore/Page_Store/select_--Select--BA1170BA2376B' counted

2018-05-28 12:46:04 - [TEST_STEP][PASSED] - Statement - For ([g = 1, g <= BatchNumber - 1, (g++)]): null

2018-05-28 12:46:04 - [TEST_STEP][PASSED] - selectOptionByIndex: All options with index in [1] are selected on object 'Object Repository/DispensaryToStore/Page_Store/select_--Select--BA1170BA2376B'

2018-05-28 12:46:04 - [MESSAGE][PASSED] - All options with index in [1] are selected on object 'Object Repository/DispensaryToStore/Page_Store/select_--Select--BA1170BA2376B'

2018-05-28 12:46:04 - [TEST_STEP][PASSED] - Statement - Try: null

2018-05-28 12:46:04 - [TEST_STEP][PASSED] - Statement - StockQty = com.kms.katalon.core.webui.keyword.WebUiBuiltInKeywords.getAttribute(com.kms.katalon.core.testobject.ObjectRepository.findTestObject(DispensaryToStore/Page_Store/input_txtprice), "value"): Attribute 'value' of object 'Object Repository/DispensaryToStore/Page_Store/input_txtprice' is: '90'

2018-05-28 12:46:04 - [MESSAGE][PASSED] - Attribute 'value' of object 'Object Repository/DispensaryToStore/Page_Store/input_txtprice' is: '90'

2018-05-28 12:46:04 - [TEST_STEP][PASSED] - Statement - out.println("Stock QTY : " + StockQty): null

2018-05-28 12:46:04 - [TEST_STEP][PASSED] - delay: Delayed 2 second(s)

2018-05-28 12:46:06 - [MESSAGE][PASSED] - Delayed 2 second(s)

2018-05-28 12:46:06 - [TEST_STEP][PASSED] - Statement - If (java.lang.String.valueOf(StockQty) >= java.lang.String.valueOf(RequestedQty)): null

2018-05-28 12:46:06 - [TEST_STEP][PASSED] - setText: Text '10' is set on object 'Object Repository/DispensaryToStore/Page_Store/input_txtqty'

2018-05-28 12:46:06 - [MESSAGE][PASSED] - Text '10' is set on object 'Object Repository/DispensaryToStore/Page_Store/input_txtqty'

2018-05-28 12:46:06 - [TEST_STEP][PASSED] - click: Object: 'Object Repository/DispensaryToStore/Page_Store/button_Add' is clicked on

2018-05-28 12:46:06 - [MESSAGE][PASSED] - Object: 'Object Repository/DispensaryToStore/Page_Store/button_Add' is clicked on

2018-05-28 12:46:06 - [TEST_STEP][PASSED] - Statement - Break: null

2018-05-28 12:46:06 - [TEST_STEP][PASSED] - selectOptionByIndex: All options with index in [3] are selected on object 'Object Repository/DispensaryToStore/Page_Store/select_--Select--Adernaline 0.'

2018-05-28 12:46:06 - [MESSAGE][PASSED] - All options with index in [3] are selected on object 'Object Repository/DispensaryToStore/Page_Store/select_--Select--Adernaline 0.'

2018-05-28 12:46:06 - [TEST_STEP][PASSED] - delay: Delayed 2 second(s)

2018-05-28 12:46:08 - [MESSAGE][PASSED] - Delayed 2 second(s)

2018-05-28 12:46:08 - [TEST_STEP][PASSED] - Statement - RequestedQty = com.kms.katalon.core.webui.keyword.WebUiBuiltInKeywords.getAttribute(com.kms.katalon.core.testobject.ObjectRepository.findTestObject(DispensaryToStore/Page_Store/input_txttotal), "value"): Attribute 'value' of object 'Object Repository/DispensaryToStore/Page_Store/input_txttotal' is: '10'

2018-05-28 12:46:08 - [MESSAGE][PASSED] - Attribute 'value' of object 'Object Repository/DispensaryToStore/Page_Store/input_txttotal' is: '10'

2018-05-28 12:46:08 - [TEST_STEP][PASSED] - Statement - out.println("Requested QTY : " + RequestedQty): null

2018-05-28 12:46:08 - [TEST_STEP][PASSED] - Statement - BatchNumber = com.kms.katalon.core.webui.keyword.WebUiBuiltInKeywords.getNumberOfTotalOption(com.kms.katalon.core.testobject.ObjectRepository.findTestObject(DispensaryToStore/Page_Store/select_--Select--BA1170BA2376B)): 2 options of object 'Object Repository/DispensaryToStore/Page_Store/select_--Select--BA1170BA2376B' counted

2018-05-28 12:46:08 - [MESSAGE][PASSED] - 2 options of object 'Object Repository/DispensaryToStore/Page_Store/select_--Select--BA1170BA2376B' counted

2018-05-28 12:46:08 - [TEST_STEP][PASSED] - Statement - For ([g = 1, g <= BatchNumber - 1, (g++)]): null

2018-05-28 12:46:08 - [TEST_STEP][PASSED] - selectOptionByIndex: All options with index in [1] are selected on object 'Object Repository/DispensaryToStore/Page_Store/select_--Select--BA1170BA2376B'

2018-05-28 12:46:08 - [MESSAGE][PASSED] - All options with index in [1] are selected on object 'Object Repository/DispensaryToStore/Page_Store/select_--Select--BA1170BA2376B'

2018-05-28 12:46:08 - [TEST_STEP][PASSED] - Statement - Try: null

2018-05-28 12:46:08 - [TEST_STEP][PASSED] - Statement - StockQty = com.kms.katalon.core.webui.keyword.WebUiBuiltInKeywords.getAttribute(com.kms.katalon.core.testobject.ObjectRepository.findTestObject(DispensaryToStore/Page_Store/input_txtprice), "value"): Attribute 'value' of object 'Object Repository/DispensaryToStore/Page_Store/input_txtprice' is: '600'

2018-05-28 12:46:08 - [MESSAGE][PASSED] - Attribute 'value' of object 'Object Repository/DispensaryToStore/Page_Store/input_txtprice' is: '600'

2018-05-28 12:46:08 - [TEST_STEP][PASSED] - Statement - out.println("Stock QTY : " + StockQty): null

2018-05-28 12:46:08 - [TEST_STEP][PASSED] - delay: Delayed 2 second(s)

2018-05-28 12:46:10 - [MESSAGE][PASSED] - Delayed 2 second(s)

2018-05-28 12:46:10 - [TEST_STEP][PASSED] - Statement - If (java.lang.String.valueOf(StockQty) >= java.lang.String.valueOf(RequestedQty)): null

2018-05-28 12:46:10 - [TEST_STEP][PASSED] - setText: Text '10' is set on object 'Object Repository/DispensaryToStore/Page_Store/input_txtqty'

2018-05-28 12:46:10 - [MESSAGE][PASSED] - Text '10' is set on object 'Object Repository/DispensaryToStore/Page_Store/input_txtqty'

2018-05-28 12:46:10 - [TEST_STEP][PASSED] - click: Object: 'Object Repository/DispensaryToStore/Page_Store/button_Add' is clicked on

2018-05-28 12:46:10 - [MESSAGE][PASSED] - Object: 'Object Repository/DispensaryToStore/Page_Store/button_Add' is clicked on

2018-05-28 12:46:10 - [TEST_STEP][PASSED] - Statement - Break: null

2018-05-28 12:46:10 - [TEST_STEP][PASSED] - selectOptionByIndex: All options with index in [4] are selected on object 'Object Repository/DispensaryToStore/Page_Store/select_--Select--Adernaline 0.'

2018-05-28 12:46:11 - [MESSAGE][PASSED] - All options with index in [4] are selected on object 'Object Repository/DispensaryToStore/Page_Store/select_--Select--Adernaline 0.'

2018-05-28 12:46:11 - [TEST_STEP][PASSED] - delay: Delayed 2 second(s)

2018-05-28 12:46:13 - [MESSAGE][PASSED] - Delayed 2 second(s)

2018-05-28 12:46:13 - [TEST_STEP][PASSED] - Statement - RequestedQty = com.kms.katalon.core.webui.keyword.WebUiBuiltInKeywords.getAttribute(com.kms.katalon.core.testobject.ObjectRepository.findTestObject(DispensaryToStore/Page_Store/input_txttotal), "value"): Attribute 'value' of object 'Object Repository/DispensaryToStore/Page_Store/input_txttotal' is: '10'

2018-05-28 12:46:13 - [MESSAGE][PASSED] - Attribute 'value' of object 'Object Repository/DispensaryToStore/Page_Store/input_txttotal' is: '10'

2018-05-28 12:46:13 - [TEST_STEP][PASSED] - Statement - out.println("Requested QTY : " + RequestedQty): null

2018-05-28 12:46:13 - [TEST_STEP][PASSED] - Statement - BatchNumber = com.kms.katalon.core.webui.keyword.WebUiBuiltInKeywords.getNumberOfTotalOption(com.kms.katalon.core.testobject.ObjectRepository.findTestObject(DispensaryToStore/Page_Store/select_--Select--BA1170BA2376B)): 3 options of object 'Object Repository/DispensaryToStore/Page_Store/select_--Select--BA1170BA2376B' counted

2018-05-28 12:46:13 - [MESSAGE][PASSED] - 3 options of object 'Object Repository/DispensaryToStore/Page_Store/select_--Select--BA1170BA2376B' counted

2018-05-28 12:46:13 - [TEST_STEP][PASSED] - Statement - For ([g = 1, g <= BatchNumber - 1, (g++)]): null

2018-05-28 12:46:13 - [TEST_STEP][PASSED] - selectOptionByIndex: All options with index in [1] are selected on object 'Object Repository/DispensaryToStore/Page_Store/select_--Select--BA1170BA2376B'

2018-05-28 12:46:13 - [MESSAGE][PASSED] - All options with index in [1] are selected on object 'Object Repository/DispensaryToStore/Page_Store/select_--Select--BA1170BA2376B'

2018-05-28 12:46:13 - [TEST_STEP][PASSED] - Statement - Try: null

2018-05-28 12:46:13 - [TEST_STEP][PASSED] - Statement - StockQty = com.kms.katalon.core.webui.keyword.WebUiBuiltInKeywords.getAttribute(com.kms.katalon.core.testobject.ObjectRepository.findTestObject(DispensaryToStore/Page_Store/input_txtprice), "value"): Attribute 'value' of object 'Object Repository/DispensaryToStore/Page_Store/input_txtprice' is: '560'

2018-05-28 12:46:13 - [MESSAGE][PASSED] - Attribute 'value' of object 'Object Repository/DispensaryToStore/Page_Store/input_txtprice' is: '560'

2018-05-28 12:46:13 - [TEST_STEP][PASSED] - Statement - out.println("Stock QTY : " + StockQty): null

2018-05-28 12:46:13 - [TEST_STEP][PASSED] - delay: Delayed 2 second(s)

2018-05-28 12:46:15 - [MESSAGE][PASSED] - Delayed 2 second(s)

2018-05-28 12:46:15 - [TEST_STEP][PASSED] - Statement - If (java.lang.String.valueOf(StockQty) >= java.lang.String.valueOf(RequestedQty)): null

2018-05-28 12:46:15 - [TEST_STEP][PASSED] - setText: Text '10' is set on object 'Object Repository/DispensaryToStore/Page_Store/input_txtqty'

2018-05-28 12:46:15 - [MESSAGE][PASSED] - Text '10' is set on object 'Object Repository/DispensaryToStore/Page_Store/input_txtqty'

2018-05-28 12:46:15 - [TEST_STEP][PASSED] - click: Object: 'Object Repository/DispensaryToStore/Page_Store/button_Add' is clicked on

2018-05-28 12:46:15 - [MESSAGE][PASSED] - Object: 'Object Repository/DispensaryToStore/Page_Store/button_Add' is clicked on

2018-05-28 12:46:15 - [TEST_STEP][PASSED] - Statement - Break: null

2018-05-28 12:46:15 - [TEST_STEP][PASSED] - selectOptionByIndex: All options with index in [5] are selected on object 'Object Repository/DispensaryToStore/Page_Store/select_--Select--Adernaline 0.'

2018-05-28 12:46:15 - [MESSAGE][PASSED] - All options with index in [5] are selected on object 'Object Repository/DispensaryToStore/Page_Store/select_--Select--Adernaline 0.'

2018-05-28 12:46:15 - [TEST_STEP][PASSED] - delay: Delayed 2 second(s)

2018-05-28 12:46:17 - [MESSAGE][PASSED] - Delayed 2 second(s)

2018-05-28 12:46:17 - [TEST_STEP][PASSED] - Statement - RequestedQty = com.kms.katalon.core.webui.keyword.WebUiBuiltInKeywords.getAttribute(com.kms.katalon.core.testobject.ObjectRepository.findTestObject(DispensaryToStore/Page_Store/input_txttotal), "value"): Attribute 'value' of object 'Object Repository/DispensaryToStore/Page_Store/input_txttotal' is: '10'

2018-05-28 12:46:17 - [MESSAGE][PASSED] - Attribute 'value' of object 'Object Repository/DispensaryToStore/Page_Store/input_txttotal' is: '10'

2018-05-28 12:46:17 - [TEST_STEP][PASSED] - Statement - out.println("Requested QTY : " + RequestedQty): null

2018-05-28 12:46:17 - [TEST_STEP][PASSED] - Statement - BatchNumber = com.kms.katalon.core.webui.keyword.WebUiBuiltInKeywords.getNumberOfTotalOption(com.kms.katalon.core.testobject.ObjectRepository.findTestObject(DispensaryToStore/Page_Store/select_--Select--BA1170BA2376B)): 2 options of object 'Object Repository/DispensaryToStore/Page_Store/select_--Select--BA1170BA2376B' counted

2018-05-28 12:46:17 - [MESSAGE][PASSED] - 2 options of object 'Object Repository/DispensaryToStore/Page_Store/select_--Select--BA1170BA2376B' counted

2018-05-28 12:46:17 - [TEST_STEP][PASSED] - Statement - For ([g = 1, g <= BatchNumber - 1, (g++)]): null

2018-05-28 12:46:17 - [TEST_STEP][PASSED] - selectOptionByIndex: All options with index in [1] are selected on object 'Object Repository/DispensaryToStore/Page_Store/select_--Select--BA1170BA2376B'

2018-05-28 12:46:18 - [MESSAGE][PASSED] - All options with index in [1] are selected on object 'Object Repository/DispensaryToStore/Page_Store/select_--Select--BA1170BA2376B'

2018-05-28 12:46:18 - [TEST_STEP][PASSED] - Statement - Try: null

2018-05-28 12:46:18 - [TEST_STEP][PASSED] - Statement - StockQty = com.kms.katalon.core.webui.keyword.WebUiBuiltInKeywords.getAttribute(com.kms.katalon.core.testobject.ObjectRepository.findTestObject(DispensaryToStore/Page_Store/input_txtprice), "value"): Attribute 'value' of object 'Object Repository/DispensaryToStore/Page_Store/input_txtprice' is: '520'

2018-05-28 12:46:18 - [MESSAGE][PASSED] - Attribute 'value' of object 'Object Repository/DispensaryToStore/Page_Store/input_txtprice' is: '520'

2018-05-28 12:46:18 - [TEST_STEP][PASSED] - Statement - out.println("Stock QTY : " + StockQty): null

2018-05-28 12:46:18 - [TEST_STEP][PASSED] - delay: Delayed 2 second(s)

2018-05-28 12:46:20 - [MESSAGE][PASSED] - Delayed 2 second(s)

2018-05-28 12:46:20 - [TEST_STEP][PASSED] - Statement - If (java.lang.String.valueOf(StockQty) >= java.lang.String.valueOf(RequestedQty)): null

2018-05-28 12:46:20 - [TEST_STEP][PASSED] - setText: Text '10' is set on object 'Object Repository/DispensaryToStore/Page_Store/input_txtqty'

2018-05-28 12:46:20 - [MESSAGE][PASSED] - Text '10' is set on object 'Object Repository/DispensaryToStore/Page_Store/input_txtqty'

2018-05-28 12:46:20 - [TEST_STEP][PASSED] - click: Object: 'Object Repository/DispensaryToStore/Page_Store/button_Add' is clicked on

2018-05-28 12:46:20 - [MESSAGE][PASSED] - Object: 'Object Repository/DispensaryToStore/Page_Store/button_Add' is clicked on

2018-05-28 12:46:20 - [TEST_STEP][PASSED] - Statement - Break: null

2018-05-28 12:46:20 - [TEST_STEP][PASSED] - selectOptionByIndex: All options with index in [6] are selected on object 'Object Repository/DispensaryToStore/Page_Store/select_--Select--Adernaline 0.'

2018-05-28 12:46:20 - [MESSAGE][PASSED] - All options with index in [6] are selected on object 'Object Repository/DispensaryToStore/Page_Store/select_--Select--Adernaline 0.'

2018-05-28 12:46:20 - [TEST_STEP][PASSED] - delay: Delayed 2 second(s)

2018-05-28 12:46:22 - [MESSAGE][PASSED] - Delayed 2 second(s)

2018-05-28 12:46:22 - [TEST_STEP][PASSED] - Statement - RequestedQty = com.kms.katalon.core.webui.keyword.WebUiBuiltInKeywords.getAttribute(com.kms.katalon.core.testobject.ObjectRepository.findTestObject(DispensaryToStore/Page_Store/input_txttotal), "value"): Attribute 'value' of object 'Object Repository/DispensaryToStore/Page_Store/input_txttotal' is: '10'

2018-05-28 12:46:22 - [MESSAGE][PASSED] - Attribute 'value' of object 'Object Repository/DispensaryToStore/Page_Store/input_txttotal' is: '10'

2018-05-28 12:46:22 - [TEST_STEP][PASSED] - Statement - out.println("Requested QTY : " + RequestedQty): null

2018-05-28 12:46:22 - [TEST_STEP][PASSED] - Statement - BatchNumber = com.kms.katalon.core.webui.keyword.WebUiBuiltInKeywords.getNumberOfTotalOption(com.kms.katalon.core.testobject.ObjectRepository.findTestObject(DispensaryToStore/Page_Store/select_--Select--BA1170BA2376B)): 3 options of object 'Object Repository/DispensaryToStore/Page_Store/select_--Select--BA1170BA2376B' counted

2018-05-28 12:46:22 - [MESSAGE][PASSED] - 3 options of object 'Object Repository/DispensaryToStore/Page_Store/select_--Select--BA1170BA2376B' counted

2018-05-28 12:46:22 - [TEST_STEP][PASSED] - Statement - For ([g = 1, g <= BatchNumber - 1, (g++)]): null

2018-05-28 12:46:22 - [TEST_STEP][PASSED] - selectOptionByIndex: All options with index in [1] are selected on object 'Object Repository/DispensaryToStore/Page_Store/select_--Select--BA1170BA2376B'

2018-05-28 12:46:22 - [MESSAGE][PASSED] - All options with index in [1] are selected on object 'Object Repository/DispensaryToStore/Page_Store/select_--Select--BA1170BA2376B'

2018-05-28 12:46:22 - [TEST_STEP][PASSED] - Statement - Try: null

2018-05-28 12:46:22 - [TEST_STEP][PASSED] - Statement - StockQty = com.kms.katalon.core.webui.keyword.WebUiBuiltInKeywords.getAttribute(com.kms.katalon.core.testobject.ObjectRepository.findTestObject(DispensaryToStore/Page_Store/input_txtprice), "value"): Attribute 'value' of object 'Object Repository/DispensaryToStore/Page_Store/input_txtprice' is: '580'

2018-05-28 12:46:22 - [MESSAGE][PASSED] - Attribute 'value' of object 'Object Repository/DispensaryToStore/Page_Store/input_txtprice' is: '580'

2018-05-28 12:46:22 - [TEST_STEP][PASSED] - Statement - out.println("Stock QTY : " + StockQty): null

2018-05-28 12:46:22 - [TEST_STEP][PASSED] - delay: Delayed 2 second(s)

2018-05-28 12:46:24 - [MESSAGE][PASSED] - Delayed 2 second(s)

2018-05-28 12:46:24 - [TEST_STEP][PASSED] - Statement - If (java.lang.String.valueOf(StockQty) >= java.lang.String.valueOf(RequestedQty)): null

2018-05-28 12:46:24 - [TEST_STEP][PASSED] - setText: Text '10' is set on object 'Object Repository/DispensaryToStore/Page_Store/input_txtqty'

2018-05-28 12:46:24 - [MESSAGE][PASSED] - Text '10' is set on object 'Object Repository/DispensaryToStore/Page_Store/input_txtqty'

2018-05-28 12:46:24 - [TEST_STEP][PASSED] - click: Object: 'Object Repository/DispensaryToStore/Page_Store/button_Add' is clicked on

2018-05-28 12:46:24 - [MESSAGE][PASSED] - Object: 'Object Repository/DispensaryToStore/Page_Store/button_Add' is clicked on

2018-05-28 12:46:24 - [TEST_STEP][PASSED] - Statement - Break: null

2018-05-28 12:46:24 - [TEST_STEP][PASSED] - selectOptionByIndex: All options with index in [7] are selected on object 'Object Repository/DispensaryToStore/Page_Store/select_--Select--Adernaline 0.'

2018-05-28 12:46:25 - [MESSAGE][PASSED] - All options with index in [7] are selected on object 'Object Repository/DispensaryToStore/Page_Store/select_--Select--Adernaline 0.'

2018-05-28 12:46:25 - [TEST_STEP][PASSED] - delay: Delayed 2 second(s)

2018-05-28 12:46:27 - [MESSAGE][PASSED] - Delayed 2 second(s)

2018-05-28 12:46:27 - [TEST_STEP][PASSED] - Statement - RequestedQty = com.kms.katalon.core.webui.keyword.WebUiBuiltInKeywords.getAttribute(com.kms.katalon.core.testobject.ObjectRepository.findTestObject(DispensaryToStore/Page_Store/input_txttotal), "value"): Attribute 'value' of object 'Object Repository/DispensaryToStore/Page_Store/input_txttotal' is: '10'

2018-05-28 12:46:27 - [MESSAGE][PASSED] - Attribute 'value' of object 'Object Repository/DispensaryToStore/Page_Store/input_txttotal' is: '10'

2018-05-28 12:46:27 - [TEST_STEP][PASSED] - Statement - out.println("Requested QTY : " + RequestedQty): null

2018-05-28 12:46:27 - [TEST_STEP][PASSED] - Statement - BatchNumber = com.kms.katalon.core.webui.keyword.WebUiBuiltInKeywords.getNumberOfTotalOption(com.kms.katalon.core.testobject.ObjectRepository.findTestObject(DispensaryToStore/Page_Store/select_--Select--BA1170BA2376B)): 3 options of object 'Object Repository/DispensaryToStore/Page_Store/select_--Select--BA1170BA2376B' counted

2018-05-28 12:46:27 - [MESSAGE][PASSED] - 3 options of object 'Object Repository/DispensaryToStore/Page_Store/select_--Select--BA1170BA2376B' counted

2018-05-28 12:46:27 - [TEST_STEP][PASSED] - Statement - For ([g = 1, g <= BatchNumber - 1, (g++)]): null

2018-05-28 12:46:27 - [TEST_STEP][PASSED] - selectOptionByIndex: All options with index in [1] are selected on object 'Object Repository/DispensaryToStore/Page_Store/select_--Select--BA1170BA2376B'

2018-05-28 12:46:27 - [MESSAGE][PASSED] - All options with index in [1] are selected on object 'Object Repository/DispensaryToStore/Page_Store/select_--Select--BA1170BA2376B'

2018-05-28 12:46:27 - [TEST_STEP][PASSED] - Statement - Try: null

2018-05-28 12:46:27 - [TEST_STEP][PASSED] - Statement - StockQty = com.kms.katalon.core.webui.keyword.WebUiBuiltInKeywords.getAttribute(com.kms.katalon.core.testobject.ObjectRepository.findTestObject(DispensaryToStore/Page_Store/input_txtprice), "value"): Attribute 'value' of object 'Object Repository/DispensaryToStore/Page_Store/input_txtprice' is: '90'

2018-05-28 12:46:27 - [MESSAGE][PASSED] - Attribute 'value' of object 'Object Repository/DispensaryToStore/Page_Store/input_txtprice' is: '90'

2018-05-28 12:46:27 - [TEST_STEP][PASSED] - Statement - out.println("Stock QTY : " + StockQty): null

2018-05-28 12:46:27 - [TEST_STEP][PASSED] - delay: Delayed 2 second(s)

2018-05-28 12:46:29 - [MESSAGE][PASSED] - Delayed 2 second(s)

2018-05-28 12:46:29 - [TEST_STEP][PASSED] - Statement - If (java.lang.String.valueOf(StockQty) >= java.lang.String.valueOf(RequestedQty)): null

2018-05-28 12:46:29 - [TEST_STEP][PASSED] - setText: Text '10' is set on object 'Object Repository/DispensaryToStore/Page_Store/input_txtqty'

2018-05-28 12:46:29 - [MESSAGE][PASSED] - Text '10' is set on object 'Object Repository/DispensaryToStore/Page_Store/input_txtqty'

2018-05-28 12:46:29 - [TEST_STEP][PASSED] - click: Object: 'Object Repository/DispensaryToStore/Page_Store/button_Add' is clicked on

2018-05-28 12:46:29 - [MESSAGE][PASSED] - Object: 'Object Repository/DispensaryToStore/Page_Store/button_Add' is clicked on

2018-05-28 12:46:29 - [TEST_STEP][PASSED] - Statement - Break: null

2018-05-28 12:46:29 - [TEST_STEP][PASSED] - selectOptionByIndex: All options with index in [8] are selected on object 'Object Repository/DispensaryToStore/Page_Store/select_--Select--Adernaline 0.'

2018-05-28 12:46:29 - [MESSAGE][PASSED] - All options with index in [8] are selected on object 'Object Repository/DispensaryToStore/Page_Store/select_--Select--Adernaline 0.'

2018-05-28 12:46:29 - [TEST_STEP][PASSED] - delay: Delayed 2 second(s)

2018-05-28 12:46:31 - [MESSAGE][PASSED] - Delayed 2 second(s)

2018-05-28 12:46:31 - [TEST_STEP][PASSED] - Statement - RequestedQty = com.kms.katalon.core.webui.keyword.WebUiBuiltInKeywords.getAttribute(com.kms.katalon.core.testobject.ObjectRepository.findTestObject(DispensaryToStore/Page_Store/input_txttotal), "value"): Attribute 'value' of object 'Object Repository/DispensaryToStore/Page_Store/input_txttotal' is: '10'

2018-05-28 12:46:31 - [MESSAGE][PASSED] - Attribute 'value' of object 'Object Repository/DispensaryToStore/Page_Store/input_txttotal' is: '10'

2018-05-28 12:46:31 - [TEST_STEP][PASSED] - Statement - out.println("Requested QTY : " + RequestedQty): null

2018-05-28 12:46:31 - [TEST_STEP][PASSED] - Statement - BatchNumber = com.kms.katalon.core.webui.keyword.WebUiBuiltInKeywords.getNumberOfTotalOption(com.kms.katalon.core.testobject.ObjectRepository.findTestObject(DispensaryToStore/Page_Store/select_--Select--BA1170BA2376B)): 3 options of object 'Object Repository/DispensaryToStore/Page_Store/select_--Select--BA1170BA2376B' counted

2018-05-28 12:46:31 - [MESSAGE][PASSED] - 3 options of object 'Object Repository/DispensaryToStore/Page_Store/select_--Select--BA1170BA2376B' counted

2018-05-28 12:46:31 - [TEST_STEP][PASSED] - Statement - For ([g = 1, g <= BatchNumber - 1, (g++)]): null

2018-05-28 12:46:31 - [TEST_STEP][PASSED] - selectOptionByIndex: All options with index in [1] are selected on object 'Object Repository/DispensaryToStore/Page_Store/select_--Select--BA1170BA2376B'

2018-05-28 12:46:31 - [MESSAGE][PASSED] - All options with index in [1] are selected on object 'Object Repository/DispensaryToStore/Page_Store/select_--Select--BA1170BA2376B'

2018-05-28 12:46:31 - [TEST_STEP][PASSED] - Statement - Try: null

2018-05-28 12:46:31 - [TEST_STEP][PASSED] - Statement - StockQty = com.kms.katalon.core.webui.keyword.WebUiBuiltInKeywords.getAttribute(com.kms.katalon.core.testobject.ObjectRepository.findTestObject(DispensaryToStore/Page_Store/input_txtprice), "value"): Attribute 'value' of object 'Object Repository/DispensaryToStore/Page_Store/input_txtprice' is: '580'

2018-05-28 12:46:31 - [MESSAGE][PASSED] - Attribute 'value' of object 'Object Repository/DispensaryToStore/Page_Store/input_txtprice' is: '580'

2018-05-28 12:46:31 - [TEST_STEP][PASSED] - Statement - out.println("Stock QTY : " + StockQty): null

2018-05-28 12:46:31 - [TEST_STEP][PASSED] - delay: Delayed 2 second(s)

2018-05-28 12:46:33 - [MESSAGE][PASSED] - Delayed 2 second(s)

2018-05-28 12:46:33 - [TEST_STEP][PASSED] - Statement - If (java.lang.String.valueOf(StockQty) >= java.lang.String.valueOf(RequestedQty)): null

2018-05-28 12:46:33 - [TEST_STEP][PASSED] - setText: Text '10' is set on object 'Object Repository/DispensaryToStore/Page_Store/input_txtqty'

2018-05-28 12:46:34 - [MESSAGE][PASSED] - Text '10' is set on object 'Object Repository/DispensaryToStore/Page_Store/input_txtqty'

2018-05-28 12:46:34 - [TEST_STEP][PASSED] - click: Object: 'Object Repository/DispensaryToStore/Page_Store/button_Add' is clicked on

2018-05-28 12:46:34 - [MESSAGE][PASSED] - Object: 'Object Repository/DispensaryToStore/Page_Store/button_Add' is clicked on

2018-05-28 12:46:34 - [TEST_STEP][PASSED] - Statement - Break: null

2018-05-28 12:46:34 - [TEST_STEP][PASSED] - selectOptionByIndex: All options with index in [9] are selected on object 'Object Repository/DispensaryToStore/Page_Store/select_--Select--Adernaline 0.'

2018-05-28 12:46:34 - [MESSAGE][PASSED] - All options with index in [9] are selected on object 'Object Repository/DispensaryToStore/Page_Store/select_--Select--Adernaline 0.'

2018-05-28 12:46:34 - [TEST_STEP][PASSED] - delay: Delayed 2 second(s)

2018-05-28 12:46:36 - [MESSAGE][PASSED] - Delayed 2 second(s)

2018-05-28 12:46:36 - [TEST_STEP][PASSED] - Statement - RequestedQty = com.kms.katalon.core.webui.keyword.WebUiBuiltInKeywords.getAttribute(com.kms.katalon.core.testobject.ObjectRepository.findTestObject(DispensaryToStore/Page_Store/input_txttotal), "value"): Attribute 'value' of object 'Object Repository/DispensaryToStore/Page_Store/input_txttotal' is: '10'

2018-05-28 12:46:36 - [MESSAGE][PASSED] - Attribute 'value' of object 'Object Repository/DispensaryToStore/Page_Store/input_txttotal' is: '10'

2018-05-28 12:46:36 - [TEST_STEP][PASSED] - Statement - out.println("Requested QTY : " + RequestedQty): null

2018-05-28 12:46:36 - [TEST_STEP][PASSED] - Statement - BatchNumber = com.kms.katalon.core.webui.keyword.WebUiBuiltInKeywords.getNumberOfTotalOption(com.kms.katalon.core.testobject.ObjectRepository.findTestObject(DispensaryToStore/Page_Store/select_--Select--BA1170BA2376B)): 3 options of object 'Object Repository/DispensaryToStore/Page_Store/select_--Select--BA1170BA2376B' counted

2018-05-28 12:46:36 - [MESSAGE][PASSED] - 3 options of object 'Object Repository/DispensaryToStore/Page_Store/select_--Select--BA1170BA2376B' counted

2018-05-28 12:46:36 - [TEST_STEP][PASSED] - Statement - For ([g = 1, g <= BatchNumber - 1, (g++)]): null

2018-05-28 12:46:36 - [TEST_STEP][PASSED] - selectOptionByIndex: All options with index in [1] are selected on object 'Object Repository/DispensaryToStore/Page_Store/select_--Select--BA1170BA2376B'

2018-05-28 12:46:36 - [MESSAGE][PASSED] - All options with index in [1] are selected on object 'Object Repository/DispensaryToStore/Page_Store/select_--Select--BA1170BA2376B'

2018-05-28 12:46:36 - [TEST_STEP][PASSED] - Statement - Try: null

2018-05-28 12:46:36 - [TEST_STEP][PASSED] - Statement - StockQty = com.kms.katalon.core.webui.keyword.WebUiBuiltInKeywords.getAttribute(com.kms.katalon.core.testobject.ObjectRepository.findTestObject(DispensaryToStore/Page_Store/input_txtprice), "value"): Attribute 'value' of object 'Object Repository/DispensaryToStore/Page_Store/input_txtprice' is: '580'

2018-05-28 12:46:36 - [MESSAGE][PASSED] - Attribute 'value' of object 'Object Repository/DispensaryToStore/Page_Store/input_txtprice' is: '580'

2018-05-28 12:46:36 - [TEST_STEP][PASSED] - Statement - out.println("Stock QTY : " + StockQty): null

2018-05-28 12:46:36 - [TEST_STEP][PASSED] - delay: Delayed 2 second(s)

2018-05-28 12:46:38 - [MESSAGE][PASSED] - Delayed 2 second(s)

2018-05-28 12:46:38 - [TEST_STEP][PASSED] - Statement - If (java.lang.String.valueOf(StockQty) >= java.lang.String.valueOf(RequestedQty)): null

2018-05-28 12:46:38 - [TEST_STEP][PASSED] - setText: Text '10' is set on object 'Object Repository/DispensaryToStore/Page_Store/input_txtqty'

2018-05-28 12:46:38 - [MESSAGE][PASSED] - Text '10' is set on object 'Object Repository/DispensaryToStore/Page_Store/input_txtqty'

2018-05-28 12:46:38 - [TEST_STEP][PASSED] - click: Object: 'Object Repository/DispensaryToStore/Page_Store/button_Add' is clicked on

2018-05-28 12:46:38 - [MESSAGE][PASSED] - Object: 'Object Repository/DispensaryToStore/Page_Store/button_Add' is clicked on

2018-05-28 12:46:38 - [TEST_STEP][PASSED] - Statement - Break: null

2018-05-28 12:46:38 - [TEST_STEP][PASSED] - selectOptionByIndex: All options with index in [10] are selected on object 'Object Repository/DispensaryToStore/Page_Store/select_--Select--Adernaline 0.'

2018-05-28 12:46:38 - [MESSAGE][PASSED] - All options with index in [10] are selected on object 'Object Repository/DispensaryToStore/Page_Store/select_--Select--Adernaline 0.'

2018-05-28 12:46:38 - [TEST_STEP][PASSED] - delay: Delayed 2 second(s)

2018-05-28 12:46:40 - [MESSAGE][PASSED] - Delayed 2 second(s)

2018-05-28 12:46:40 - [TEST_STEP][PASSED] - Statement - RequestedQty = com.kms.katalon.core.webui.keyword.WebUiBuiltInKeywords.getAttribute(com.kms.katalon.core.testobject.ObjectRepository.findTestObject(DispensaryToStore/Page_Store/input_txttotal), "value"): Attribute 'value' of object 'Object Repository/DispensaryToStore/Page_Store/input_txttotal' is: '10'

2018-05-28 12:46:41 - [MESSAGE][PASSED] - Attribute 'value' of object 'Object Repository/DispensaryToStore/Page_Store/input_txttotal' is: '10'

2018-05-28 12:46:41 - [TEST_STEP][PASSED] - Statement - out.println("Requested QTY : " + RequestedQty): null

2018-05-28 12:46:41 - [TEST_STEP][PASSED] - Statement - BatchNumber = com.kms.katalon.core.webui.keyword.WebUiBuiltInKeywords.getNumberOfTotalOption(com.kms.katalon.core.testobject.ObjectRepository.findTestObject(DispensaryToStore/Page_Store/select_--Select--BA1170BA2376B)): 3 options of object 'Object Repository/DispensaryToStore/Page_Store/select_--Select--BA1170BA2376B' counted

2018-05-28 12:46:41 - [MESSAGE][PASSED] - 3 options of object 'Object Repository/DispensaryToStore/Page_Store/select_--Select--BA1170BA2376B' counted

2018-05-28 12:46:41 - [TEST_STEP][PASSED] - Statement - For ([g = 1, g <= BatchNumber - 1, (g++)]): null

2018-05-28 12:46:41 - [TEST_STEP][PASSED] - selectOptionByIndex: All options with index in [1] are selected on object 'Object Repository/DispensaryToStore/Page_Store/select_--Select--BA1170BA2376B'

2018-05-28 12:46:41 - [MESSAGE][PASSED] - All options with index in [1] are selected on object 'Object Repository/DispensaryToStore/Page_Store/select_--Select--BA1170BA2376B'

2018-05-28 12:46:41 - [TEST_STEP][PASSED] - Statement - Try: null

2018-05-28 12:46:41 - [TEST_STEP][PASSED] - Statement - StockQty = com.kms.katalon.core.webui.keyword.WebUiBuiltInKeywords.getAttribute(com.kms.katalon.core.testobject.ObjectRepository.findTestObject(DispensaryToStore/Page_Store/input_txtprice), "value"): Attribute 'value' of object 'Object Repository/DispensaryToStore/Page_Store/input_txtprice' is: '580'

2018-05-28 12:46:41 - [MESSAGE][PASSED] - Attribute 'value' of object 'Object Repository/DispensaryToStore/Page_Store/input_txtprice' is: '580'

2018-05-28 12:46:41 - [TEST_STEP][PASSED] - Statement - out.println("Stock QTY : " + StockQty): null

2018-05-28 12:46:41 - [TEST_STEP][PASSED] - delay: Delayed 2 second(s)

2018-05-28 12:46:43 - [MESSAGE][PASSED] - Delayed 2 second(s)

2018-05-28 12:46:43 - [TEST_STEP][PASSED] - Statement - If (java.lang.String.valueOf(StockQty) >= java.lang.String.valueOf(RequestedQty)): null

2018-05-28 12:46:43 - [TEST_STEP][PASSED] - setText: Text '10' is set on object 'Object Repository/DispensaryToStore/Page_Store/input_txtqty'

2018-05-28 12:46:43 - [MESSAGE][PASSED] - Text '10' is set on object 'Object Repository/DispensaryToStore/Page_Store/input_txtqty'

2018-05-28 12:46:43 - [TEST_STEP][PASSED] - click: Object: 'Object Repository/DispensaryToStore/Page_Store/button_Add' is clicked on

2018-05-28 12:46:43 - [MESSAGE][PASSED] - Object: 'Object Repository/DispensaryToStore/Page_Store/button_Add' is clicked on

2018-05-28 12:46:43 - [TEST_STEP][PASSED] - Statement - Break: null

2018-05-28 12:46:43 - [TEST_STEP][PASSED] - selectOptionByIndex: All options with index in [11] are selected on object 'Object Repository/DispensaryToStore/Page_Store/select_--Select--Adernaline 0.'

2018-05-28 12:46:43 - [MESSAGE][PASSED] - All options with index in [11] are selected on object 'Object Repository/DispensaryToStore/Page_Store/select_--Select--Adernaline 0.'

2018-05-28 12:46:43 - [TEST_STEP][PASSED] - delay: Delayed 2 second(s)

2018-05-28 12:46:45 - [MESSAGE][PASSED] - Delayed 2 second(s)

2018-05-28 12:46:45 - [TEST_STEP][PASSED] - Statement - RequestedQty = com.kms.katalon.core.webui.keyword.WebUiBuiltInKeywords.getAttribute(com.kms.katalon.core.testobject.ObjectRepository.findTestObject(DispensaryToStore/Page_Store/input_txttotal), "value"): Attribute 'value' of object 'Object Repository/DispensaryToStore/Page_Store/input_txttotal' is: '10'

2018-05-28 12:46:45 - [MESSAGE][PASSED] - Attribute 'value' of object 'Object Repository/DispensaryToStore/Page_Store/input_txttotal' is: '10'

2018-05-28 12:46:45 - [TEST_STEP][PASSED] - Statement - out.println("Requested QTY : " + RequestedQty): null

2018-05-28 12:46:45 - [TEST_STEP][PASSED] - Statement - BatchNumber = com.kms.katalon.core.webui.keyword.WebUiBuiltInKeywords.getNumberOfTotalOption(com.kms.katalon.core.testobject.ObjectRepository.findTestObject(DispensaryToStore/Page_Store/select_--Select--BA1170BA2376B)): 2 options of object 'Object Repository/DispensaryToStore/Page_Store/select_--Select--BA1170BA2376B' counted

2018-05-28 12:46:45 - [MESSAGE][PASSED] - 2 options of object 'Object Repository/DispensaryToStore/Page_Store/select_--Select--BA1170BA2376B' counted

2018-05-28 12:46:45 - [TEST_STEP][PASSED] - Statement - For ([g = 1, g <= BatchNumber - 1, (g++)]): null

2018-05-28 12:46:45 - [TEST_STEP][PASSED] - selectOptionByIndex: All options with index in [1] are selected on object 'Object Repository/DispensaryToStore/Page_Store/select_--Select--BA1170BA2376B'

2018-05-28 12:46:45 - [MESSAGE][PASSED] - All options with index in [1] are selected on object 'Object Repository/DispensaryToStore/Page_Store/select_--Select--BA1170BA2376B'

2018-05-28 12:46:45 - [TEST_STEP][PASSED] - Statement - Try: null

2018-05-28 12:46:45 - [TEST_STEP][PASSED] - Statement - StockQty = com.kms.katalon.core.webui.keyword.WebUiBuiltInKeywords.getAttribute(com.kms.katalon.core.testobject.ObjectRepository.findTestObject(DispensaryToStore/Page_Store/input_txtprice), "value"): Attribute 'value' of object 'Object Repository/DispensaryToStore/Page_Store/input_txtprice' is: '620'

2018-05-28 12:46:45 - [MESSAGE][PASSED] - Attribute 'value' of object 'Object Repository/DispensaryToStore/Page_Store/input_txtprice' is: '620'

2018-05-28 12:46:45 - [TEST_STEP][PASSED] - Statement - out.println("Stock QTY : " + StockQty): null

2018-05-28 12:46:45 - [TEST_STEP][PASSED] - delay: Delayed 2 second(s)

2018-05-28 12:46:47 - [MESSAGE][PASSED] - Delayed 2 second(s)

2018-05-28 12:46:47 - [TEST_STEP][PASSED] - Statement - If (java.lang.String.valueOf(StockQty) >= java.lang.String.valueOf(RequestedQty)): null

2018-05-28 12:46:47 - [TEST_STEP][PASSED] - setText: Text '10' is set on object 'Object Repository/DispensaryToStore/Page_Store/input_txtqty'

2018-05-28 12:46:47 - [MESSAGE][PASSED] - Text '10' is set on object 'Object Repository/DispensaryToStore/Page_Store/input_txtqty'

2018-05-28 12:46:47 - [TEST_STEP][PASSED] - click: Object: 'Object Repository/DispensaryToStore/Page_Store/button_Add' is clicked on

2018-05-28 12:46:48 - [MESSAGE][PASSED] - Object: 'Object Repository/DispensaryToStore/Page_Store/button_Add' is clicked on

2018-05-28 12:46:48 - [TEST_STEP][PASSED] - Statement - Break: null

2018-05-28 12:46:48 - [TEST_STEP][PASSED] - selectOptionByIndex: All options with index in [12] are selected on object 'Object Repository/DispensaryToStore/Page_Store/select_--Select--Adernaline 0.'

2018-05-28 12:46:48 - [MESSAGE][PASSED] - All options with index in [12] are selected on object 'Object Repository/DispensaryToStore/Page_Store/select_--Select--Adernaline 0.'

2018-05-28 12:46:48 - [TEST_STEP][PASSED] - delay: Delayed 2 second(s)

2018-05-28 12:46:50 - [MESSAGE][PASSED] - Delayed 2 second(s)

2018-05-28 12:46:50 - [TEST_STEP][PASSED] - Statement - RequestedQty = com.kms.katalon.core.webui.keyword.WebUiBuiltInKeywords.getAttribute(com.kms.katalon.core.testobject.ObjectRepository.findTestObject(DispensaryToStore/Page_Store/input_txttotal), "value"): Attribute 'value' of object 'Object Repository/DispensaryToStore/Page_Store/input_txttotal' is: '10'

2018-05-28 12:46:50 - [MESSAGE][PASSED] - Attribute 'value' of object 'Object Repository/DispensaryToStore/Page_Store/input_txttotal' is: '10'

2018-05-28 12:46:50 - [TEST_STEP][PASSED] - Statement - out.println("Requested QTY : " + RequestedQty): null

2018-05-28 12:46:50 - [TEST_STEP][PASSED] - Statement - BatchNumber = com.kms.katalon.core.webui.keyword.WebUiBuiltInKeywords.getNumberOfTotalOption(com.kms.katalon.core.testobject.ObjectRepository.findTestObject(DispensaryToStore/Page_Store/select_--Select--BA1170BA2376B)): 3 options of object 'Object Repository/DispensaryToStore/Page_Store/select_--Select--BA1170BA2376B' counted

2018-05-28 12:46:50 - [MESSAGE][PASSED] - 3 options of object 'Object Repository/DispensaryToStore/Page_Store/select_--Select--BA1170BA2376B' counted

2018-05-28 12:46:50 - [TEST_STEP][PASSED] - Statement - For ([g = 1, g <= BatchNumber - 1, (g++)]): null

2018-05-28 12:46:50 - [TEST_STEP][PASSED] - selectOptionByIndex: All options with index in [1] are selected on object 'Object Repository/DispensaryToStore/Page_Store/select_--Select--BA1170BA2376B'

2018-05-28 12:46:50 - [MESSAGE][PASSED] - All options with index in [1] are selected on object 'Object Repository/DispensaryToStore/Page_Store/select_--Select--BA1170BA2376B'

2018-05-28 12:46:50 - [TEST_STEP][PASSED] - Statement - Try: null

2018-05-28 12:46:50 - [TEST_STEP][PASSED] - Statement - StockQty = com.kms.katalon.core.webui.keyword.WebUiBuiltInKeywords.getAttribute(com.kms.katalon.core.testobject.ObjectRepository.findTestObject(DispensaryToStore/Page_Store/input_txtprice), "value"): Attribute 'value' of object 'Object Repository/DispensaryToStore/Page_Store/input_txtprice' is: '580'

2018-05-28 12:46:50 - [MESSAGE][PASSED] - Attribute 'value' of object 'Object Repository/DispensaryToStore/Page_Store/input_txtprice' is: '580'

2018-05-28 12:46:50 - [TEST_STEP][PASSED] - Statement - out.println("Stock QTY : " + StockQty): null

2018-05-28 12:46:50 - [TEST_STEP][PASSED] - delay: Delayed 2 second(s)

2018-05-28 12:46:52 - [MESSAGE][PASSED] - Delayed 2 second(s)

2018-05-28 12:46:52 - [TEST_STEP][PASSED] - Statement - If (java.lang.String.valueOf(StockQty) >= java.lang.String.valueOf(RequestedQty)): null

2018-05-28 12:46:52 - [TEST_STEP][PASSED] - setText: Text '10' is set on object 'Object Repository/DispensaryToStore/Page_Store/input_txtqty'

2018-05-28 12:46:52 - [MESSAGE][PASSED] - Text '10' is set on object 'Object Repository/DispensaryToStore/Page_Store/input_txtqty'

2018-05-28 12:46:52 - [TEST_STEP][PASSED] - click: Object: 'Object Repository/DispensaryToStore/Page_Store/button_Add' is clicked on

2018-05-28 12:46:52 - [MESSAGE][PASSED] - Object: 'Object Repository/DispensaryToStore/Page_Store/button_Add' is clicked on

2018-05-28 12:46:52 - [TEST_STEP][PASSED] - Statement - Break: null

2018-05-28 12:46:52 - [TEST_STEP][PASSED] - selectOptionByIndex: All options with index in [13] are selected on object 'Object Repository/DispensaryToStore/Page_Store/select_--Select--Adernaline 0.'

2018-05-28 12:46:52 - [MESSAGE][PASSED] - All options with index in [13] are selected on object 'Object Repository/DispensaryToStore/Page_Store/select_--Select--Adernaline 0.'

2018-05-28 12:46:52 - [TEST_STEP][PASSED] - delay: Delayed 2 second(s)

2018-05-28 12:46:54 - [MESSAGE][PASSED] - Delayed 2 second(s)

2018-05-28 12:46:54 - [TEST_STEP][PASSED] - Statement - RequestedQty = com.kms.katalon.core.webui.keyword.WebUiBuiltInKeywords.getAttribute(com.kms.katalon.core.testobject.ObjectRepository.findTestObject(DispensaryToStore/Page_Store/input_txttotal), "value"): Attribute 'value' of object 'Object Repository/DispensaryToStore/Page_Store/input_txttotal' is: '10'

2018-05-28 12:46:54 - [MESSAGE][PASSED] - Attribute 'value' of object 'Object Repository/DispensaryToStore/Page_Store/input_txttotal' is: '10'

2018-05-28 12:46:54 - [TEST_STEP][PASSED] - Statement - out.println("Requested QTY : " + RequestedQty): null

2018-05-28 12:46:54 - [TEST_STEP][PASSED] - Statement - BatchNumber = com.kms.katalon.core.webui.keyword.WebUiBuiltInKeywords.getNumberOfTotalOption(com.kms.katalon.core.testobject.ObjectRepository.findTestObject(DispensaryToStore/Page_Store/select_--Select--BA1170BA2376B)): 3 options of object 'Object Repository/DispensaryToStore/Page_Store/select_--Select--BA1170BA2376B' counted

2018-05-28 12:46:55 - [MESSAGE][PASSED] - 3 options of object 'Object Repository/DispensaryToStore/Page_Store/select_--Select--BA1170BA2376B' counted

2018-05-28 12:46:55 - [TEST_STEP][PASSED] - Statement - For ([g = 1, g <= BatchNumber - 1, (g++)]): null

2018-05-28 12:46:55 - [TEST_STEP][PASSED] - selectOptionByIndex: All options with index in [1] are selected on object 'Object Repository/DispensaryToStore/Page_Store/select_--Select--BA1170BA2376B'

2018-05-28 12:46:55 - [MESSAGE][PASSED] - All options with index in [1] are selected on object 'Object Repository/DispensaryToStore/Page_Store/select_--Select--BA1170BA2376B'

2018-05-28 12:46:55 - [TEST_STEP][PASSED] - Statement - Try: null

2018-05-28 12:46:55 - [TEST_STEP][PASSED] - Statement - StockQty = com.kms.katalon.core.webui.keyword.WebUiBuiltInKeywords.getAttribute(com.kms.katalon.core.testobject.ObjectRepository.findTestObject(DispensaryToStore/Page_Store/input_txtprice), "value"): Attribute 'value' of object 'Object Repository/DispensaryToStore/Page_Store/input_txtprice' is: ''

2018-05-28 12:46:55 - [MESSAGE][PASSED] - Attribute 'value' of object 'Object Repository/DispensaryToStore/Page_Store/input_txtprice' is: ''

2018-05-28 12:46:55 - [TEST_STEP][PASSED] - Statement - out.println("Stock QTY : " + StockQty): null

2018-05-28 12:46:55 - [TEST_STEP][PASSED] - delay: Delayed 2 second(s)

2018-05-28 12:46:57 - [MESSAGE][PASSED] - Delayed 2 second(s)

2018-05-28 12:46:57 - [TEST_STEP][PASSED] - Statement - If (java.lang.String.valueOf(StockQty) >= java.lang.String.valueOf(RequestedQty)): null

2018-05-28 12:46:57 - [TEST_STEP][PASSED] - Statement - Else: null

2018-05-28 12:46:57 - [TEST_STEP][PASSED] - Statement - out.println("Stock Is Less Than Requested Qty"): null

2018-05-28 12:46:57 - [TEST_STEP][PASSED] - selectOptionByIndex: All options with index in [2] are selected on object 'Object Repository/DispensaryToStore/Page_Store/select_--Select--BA1170BA2376B'

2018-05-28 12:46:57 - [MESSAGE][PASSED] - All options with index in [2] are selected on object 'Object Repository/DispensaryToStore/Page_Store/select_--Select--BA1170BA2376B'

2018-05-28 12:46:57 - [TEST_STEP][PASSED] - Statement - Try: null

2018-05-28 12:46:57 - [TEST_STEP][PASSED] - Statement - StockQty = com.kms.katalon.core.webui.keyword.WebUiBuiltInKeywords.getAttribute(com.kms.katalon.core.testobject.ObjectRepository.findTestObject(DispensaryToStore/Page_Store/input_txtprice), "value"): Attribute 'value' of object 'Object Repository/DispensaryToStore/Page_Store/input_txtprice' is: '40'

2018-05-28 12:46:57 - [MESSAGE][PASSED] - Attribute 'value' of object 'Object Repository/DispensaryToStore/Page_Store/input_txtprice' is: '40'

2018-05-28 12:46:57 - [TEST_STEP][PASSED] - Statement - out.println("Stock QTY : " + StockQty): null

2018-05-28 12:46:57 - [TEST_STEP][PASSED] - delay: Delayed 2 second(s)

2018-05-28 12:46:59 - [MESSAGE][PASSED] - Delayed 2 second(s)

2018-05-28 12:46:59 - [TEST_STEP][PASSED] - Statement - If (java.lang.String.valueOf(StockQty) >= java.lang.String.valueOf(RequestedQty)): null

2018-05-28 12:46:59 - [TEST_STEP][PASSED] - setText: Text '10' is set on object 'Object Repository/DispensaryToStore/Page_Store/input_txtqty'

2018-05-28 12:46:59 - [MESSAGE][PASSED] - Text '10' is set on object 'Object Repository/DispensaryToStore/Page_Store/input_txtqty'

2018-05-28 12:46:59 - [TEST_STEP][PASSED] - click: Object: 'Object Repository/DispensaryToStore/Page_Store/button_Add' is clicked on

2018-05-28 12:46:59 - [MESSAGE][PASSED] - Object: 'Object Repository/DispensaryToStore/Page_Store/button_Add' is clicked on

2018-05-28 12:46:59 - [TEST_STEP][PASSED] - Statement - Break: null

2018-05-28 12:46:59 - [TEST_STEP][PASSED] - scrollToElement: Scroll to object 'Object Repository/DispensaryToStore/Page_Store/input_btnSubmit' successfully

2018-05-28 12:46:59 - [MESSAGE][PASSED] - Scroll to object 'Object Repository/DispensaryToStore/Page_Store/input_btnSubmit' successfully

2018-05-28 12:46:59 - [TEST_STEP][PASSED] - click: Object: 'Object Repository/DispensaryToStore/Page_Store/input_btnSubmit' is clicked on

2018-05-28 12:46:59 - [MESSAGE][PASSED] - Object: 'Object Repository/DispensaryToStore/Page_Store/input_btnSubmit' is clicked on

2018-05-28 12:46:59 - [TEST_STEP][PASSED] - delay: Delayed 3 second(s)

2018-05-28 12:47:02 - [MESSAGE][PASSED] - Delayed 3 second(s)

2018-05-28 12:47:02 - [TEST_STEP][PASSED] - click: Object: 'Object Repository/DispensaryToStore/Page_Store/button_OK' is clicked on

2018-05-28 12:47:03 - [MESSAGE][PASSED] - Object: 'Object Repository/DispensaryToStore/Page_Store/button_OK' is clicked on

2018-05-28 12:47:03 - [TEST_STEP][PASSED] - delay: Delayed 3 second(s)

2018-05-28 12:47:06 - [MESSAGE][PASSED] - Delayed 3 second(s)

2018-05-28 12:47:06 - [TEST_STEP][PASSED] - waitForElementPresent: Object 'Object Repository/DispensaryToStore/Page_Dispensary Store/a_dropdown-toggle' is present

2018-05-28 12:47:06 - [MESSAGE][PASSED] - Object 'Object Repository/DispensaryToStore/Page_Dispensary Store/a_dropdown-toggle' is present

2018-05-28 12:47:06 - [TEST_STEP][PASSED] - click: Object: 'Object Repository/DispensaryToStore/Page_Store/a_dropdown-toggle' is clicked on

2018-05-28 12:47:06 - [MESSAGE][PASSED] - Object: 'Object Repository/DispensaryToStore/Page_Store/a_dropdown-toggle' is clicked on

2018-05-28 12:47:06 - [TEST_STEP][PASSED] - click: Object: 'Object Repository/DispensaryToStore/Page_Store/a_Sign out' is clicked on

2018-05-28 12:47:07 - [MESSAGE][PASSED] - Object: 'Object Repository/DispensaryToStore/Page_Store/a_Sign out' is clicked on

2018-05-28 12:47:07 - [TEST_STEP][PASSED] - closeBrowser: Browser is closed

2018-05-28 12:47:07 - [MESSAGE][PASSED] - Browser is closed]]></system-out>
         <system-err><![CDATA[]]></system-err>
      </testcase>
      <testcase name="Test Cases/DISPENSARY TEST CASES/TC_DP_007 Verify Schedule 7 Dispensary Request Are Working Successfully Or Not" classname="Test Cases/DISPENSARY TEST CASES/TC_DP_007 Verify Schedule 7 Dispensary Request Are Working Successfully Or Not" status="PASSED">
         <system-out><![CDATA[2018-05-28 12:47:07 - [TEST_CASE][PASSED] - Test Cases/DISPENSARY TEST CASES/TC_DP_007 Verify Schedule 7 Dispensary Request Are Working Successfully Or Not: Test Cases/DISPENSARY TEST CASES/TC_DP_007 Verify Schedule 7 Dispensary Request Are Working Successfully Or Not

2018-05-28 12:47:07 - [TEST_STEP][PASSED] - openBrowser: Browser is opened with url: ''

2018-05-28 12:47:09 - [MESSAGE][PASSED] - Browser is opened with url: ''

2018-05-28 12:47:09 - [TEST_STEP][PASSED] - navigateToUrl: Navigate to 'http://192.168.137.1/multihospital_new/HDSplashscreen.aspx' successfully

2018-05-28 12:47:11 - [MESSAGE][PASSED] - Navigate to 'http://192.168.137.1/multihospital_new/HDSplashscreen.aspx' successfully

2018-05-28 12:47:11 - [TEST_STEP][PASSED] - maximizeWindow: Current window maximized

2018-05-28 12:47:12 - [MESSAGE][PASSED] - Current window maximized

2018-05-28 12:47:12 - [TEST_STEP][PASSED] - click: Object: 'Object Repository/DispensaryToStore/Page_KDMC/a_Dispensary Store' is clicked on

2018-05-28 12:47:13 - [MESSAGE][PASSED] - Object: 'Object Repository/DispensaryToStore/Page_KDMC/a_Dispensary Store' is clicked on

2018-05-28 12:47:13 - [TEST_STEP][PASSED] - setText: Text 'rajaram' is set on object 'Object Repository/DispensaryToStore/Page_Dispensary Store Login/input_txtusername'

2018-05-28 12:47:13 - [MESSAGE][PASSED] - Text 'rajaram' is set on object 'Object Repository/DispensaryToStore/Page_Dispensary Store Login/input_txtusername'

2018-05-28 12:47:13 - [TEST_STEP][PASSED] - setText: Text '123' is set on object 'Object Repository/DispensaryToStore/Page_Dispensary Store Login/input_txtpassword'

2018-05-28 12:47:14 - [MESSAGE][PASSED] - Text '123' is set on object 'Object Repository/DispensaryToStore/Page_Dispensary Store Login/input_txtpassword'

2018-05-28 12:47:14 - [TEST_STEP][PASSED] - delay: Delayed 3 second(s)

2018-05-28 12:47:17 - [MESSAGE][PASSED] - Delayed 3 second(s)

2018-05-28 12:47:17 - [TEST_STEP][PASSED] - sendKeys: Keys 'ENTER + ' sent to object: 'Object Repository/DispensaryToStore/Page_Dispensary Store Login/input_txtpassword'

2018-05-28 12:47:17 - [MESSAGE][PASSED] - Keys 'ENTER + ' sent to object: 'Object Repository/DispensaryToStore/Page_Dispensary Store Login/input_txtpassword'

2018-05-28 12:47:17 - [TEST_STEP][PASSED] - delay: Delayed 3 second(s)

2018-05-28 12:47:20 - [MESSAGE][PASSED] - Delayed 3 second(s)

2018-05-28 12:47:20 - [TEST_STEP][PASSED] - click: Object: 'Object Repository/DispensaryToStore/Page_Dispensary Store/a_Request to Store' is clicked on

2018-05-28 12:47:20 - [MESSAGE][PASSED] - Object: 'Object Repository/DispensaryToStore/Page_Dispensary Store/a_Request to Store' is clicked on

2018-05-28 12:47:20 - [TEST_STEP][PASSED] - click: Object: 'Object Repository/DispensaryToStore/Page_Dispensary Store/a_Medicine Request' is clicked on

2018-05-28 12:47:21 - [MESSAGE][PASSED] - Object: 'Object Repository/DispensaryToStore/Page_Dispensary Store/a_Medicine Request' is clicked on

2018-05-28 12:47:21 - [TEST_STEP][PASSED] - selectOptionByIndex: All options with index in [7] are selected on object 'Object Repository/DispensaryToStore/Page_Dispensary Store/select_--Select--Schedule 1Inj'

2018-05-28 12:47:21 - [MESSAGE][PASSED] - All options with index in [7] are selected on object 'Object Repository/DispensaryToStore/Page_Dispensary Store/select_--Select--Schedule 1Inj'

2018-05-28 12:47:21 - [TEST_STEP][PASSED] - Statement - medicineslength = com.kms.katalon.core.webui.keyword.WebUiBuiltInKeywords.getNumberOfTotalOption(com.kms.katalon.core.testobject.ObjectRepository.findTestObject(DispensaryToStore/Page_Dispensary Store/select_--Select--Adernaline 0.)): 24 options of object 'Object Repository/DispensaryToStore/Page_Dispensary Store/select_--Select--Adernaline 0.' counted

2018-05-28 12:47:21 - [MESSAGE][PASSED] - 24 options of object 'Object Repository/DispensaryToStore/Page_Dispensary Store/select_--Select--Adernaline 0.' counted

2018-05-28 12:47:21 - [TEST_STEP][PASSED] - Statement - For ([e = 1, e <= medicineslength - 1, (e++)]): Object: 'Object Repository/DispensaryToStore/Page_Dispensary Store/button_Add' is clicked on

2018-05-28 12:47:21 - [TEST_STEP][PASSED] - selectOptionByIndex: All options with index in [7] are selected on object 'Object Repository/DispensaryToStore/Page_Dispensary Store/select_--Select--Schedule 1Inj'

2018-05-28 12:47:22 - [MESSAGE][PASSED] - All options with index in [7] are selected on object 'Object Repository/DispensaryToStore/Page_Dispensary Store/select_--Select--Schedule 1Inj'

2018-05-28 12:47:22 - [TEST_STEP][PASSED] - selectOptionByIndex: All options with index in [1] are selected on object 'Object Repository/DispensaryToStore/Page_Dispensary Store/select_--Select--Adernaline 0.'

2018-05-28 12:47:22 - [MESSAGE][PASSED] - All options with index in [1] are selected on object 'Object Repository/DispensaryToStore/Page_Dispensary Store/select_--Select--Adernaline 0.'

2018-05-28 12:47:22 - [TEST_STEP][PASSED] - setText: Text '10' is set on object 'Object Repository/DispensaryToStore/Page_Dispensary Store/input_txttreat'

2018-05-28 12:47:22 - [MESSAGE][PASSED] - Text '10' is set on object 'Object Repository/DispensaryToStore/Page_Dispensary Store/input_txttreat'

2018-05-28 12:47:22 - [TEST_STEP][PASSED] - click: Object: 'Object Repository/DispensaryToStore/Page_Dispensary Store/button_Add' is clicked on

2018-05-28 12:47:22 - [MESSAGE][PASSED] - Object: 'Object Repository/DispensaryToStore/Page_Dispensary Store/button_Add' is clicked on

2018-05-28 12:47:22 - [TEST_STEP][PASSED] - selectOptionByIndex: All options with index in [7] are selected on object 'Object Repository/DispensaryToStore/Page_Dispensary Store/select_--Select--Schedule 1Inj'

2018-05-28 12:47:22 - [MESSAGE][PASSED] - All options with index in [7] are selected on object 'Object Repository/DispensaryToStore/Page_Dispensary Store/select_--Select--Schedule 1Inj'

2018-05-28 12:47:22 - [TEST_STEP][PASSED] - selectOptionByIndex: All options with index in [2] are selected on object 'Object Repository/DispensaryToStore/Page_Dispensary Store/select_--Select--Adernaline 0.'

2018-05-28 12:47:22 - [MESSAGE][PASSED] - All options with index in [2] are selected on object 'Object Repository/DispensaryToStore/Page_Dispensary Store/select_--Select--Adernaline 0.'

2018-05-28 12:47:22 - [TEST_STEP][PASSED] - setText: Text '10' is set on object 'Object Repository/DispensaryToStore/Page_Dispensary Store/input_txttreat'

2018-05-28 12:47:22 - [MESSAGE][PASSED] - Text '10' is set on object 'Object Repository/DispensaryToStore/Page_Dispensary Store/input_txttreat'

2018-05-28 12:47:22 - [TEST_STEP][PASSED] - click: Object: 'Object Repository/DispensaryToStore/Page_Dispensary Store/button_Add' is clicked on

2018-05-28 12:47:22 - [MESSAGE][PASSED] - Object: 'Object Repository/DispensaryToStore/Page_Dispensary Store/button_Add' is clicked on

2018-05-28 12:47:22 - [TEST_STEP][PASSED] - selectOptionByIndex: All options with index in [7] are selected on object 'Object Repository/DispensaryToStore/Page_Dispensary Store/select_--Select--Schedule 1Inj'

2018-05-28 12:47:23 - [MESSAGE][PASSED] - All options with index in [7] are selected on object 'Object Repository/DispensaryToStore/Page_Dispensary Store/select_--Select--Schedule 1Inj'

2018-05-28 12:47:23 - [TEST_STEP][PASSED] - selectOptionByIndex: All options with index in [3] are selected on object 'Object Repository/DispensaryToStore/Page_Dispensary Store/select_--Select--Adernaline 0.'

2018-05-28 12:47:23 - [MESSAGE][PASSED] - All options with index in [3] are selected on object 'Object Repository/DispensaryToStore/Page_Dispensary Store/select_--Select--Adernaline 0.'

2018-05-28 12:47:23 - [TEST_STEP][PASSED] - setText: Text '10' is set on object 'Object Repository/DispensaryToStore/Page_Dispensary Store/input_txttreat'

2018-05-28 12:47:23 - [MESSAGE][PASSED] - Text '10' is set on object 'Object Repository/DispensaryToStore/Page_Dispensary Store/input_txttreat'

2018-05-28 12:47:23 - [TEST_STEP][PASSED] - click: Object: 'Object Repository/DispensaryToStore/Page_Dispensary Store/button_Add' is clicked on

2018-05-28 12:47:23 - [MESSAGE][PASSED] - Object: 'Object Repository/DispensaryToStore/Page_Dispensary Store/button_Add' is clicked on

2018-05-28 12:47:23 - [TEST_STEP][PASSED] - selectOptionByIndex: All options with index in [7] are selected on object 'Object Repository/DispensaryToStore/Page_Dispensary Store/select_--Select--Schedule 1Inj'

2018-05-28 12:47:23 - [MESSAGE][PASSED] - All options with index in [7] are selected on object 'Object Repository/DispensaryToStore/Page_Dispensary Store/select_--Select--Schedule 1Inj'

2018-05-28 12:47:23 - [TEST_STEP][PASSED] - selectOptionByIndex: All options with index in [4] are selected on object 'Object Repository/DispensaryToStore/Page_Dispensary Store/select_--Select--Adernaline 0.'

2018-05-28 12:47:23 - [MESSAGE][PASSED] - All options with index in [4] are selected on object 'Object Repository/DispensaryToStore/Page_Dispensary Store/select_--Select--Adernaline 0.'

2018-05-28 12:47:23 - [TEST_STEP][PASSED] - setText: Text '10' is set on object 'Object Repository/DispensaryToStore/Page_Dispensary Store/input_txttreat'

2018-05-28 12:47:23 - [MESSAGE][PASSED] - Text '10' is set on object 'Object Repository/DispensaryToStore/Page_Dispensary Store/input_txttreat'

2018-05-28 12:47:23 - [TEST_STEP][PASSED] - click: Object: 'Object Repository/DispensaryToStore/Page_Dispensary Store/button_Add' is clicked on

2018-05-28 12:47:23 - [MESSAGE][PASSED] - Object: 'Object Repository/DispensaryToStore/Page_Dispensary Store/button_Add' is clicked on

2018-05-28 12:47:23 - [TEST_STEP][PASSED] - selectOptionByIndex: All options with index in [7] are selected on object 'Object Repository/DispensaryToStore/Page_Dispensary Store/select_--Select--Schedule 1Inj'

2018-05-28 12:47:23 - [MESSAGE][PASSED] - All options with index in [7] are selected on object 'Object Repository/DispensaryToStore/Page_Dispensary Store/select_--Select--Schedule 1Inj'

2018-05-28 12:47:23 - [TEST_STEP][PASSED] - selectOptionByIndex: All options with index in [5] are selected on object 'Object Repository/DispensaryToStore/Page_Dispensary Store/select_--Select--Adernaline 0.'

2018-05-28 12:47:24 - [MESSAGE][PASSED] - All options with index in [5] are selected on object 'Object Repository/DispensaryToStore/Page_Dispensary Store/select_--Select--Adernaline 0.'

2018-05-28 12:47:24 - [TEST_STEP][PASSED] - setText: Text '10' is set on object 'Object Repository/DispensaryToStore/Page_Dispensary Store/input_txttreat'

2018-05-28 12:47:24 - [MESSAGE][PASSED] - Text '10' is set on object 'Object Repository/DispensaryToStore/Page_Dispensary Store/input_txttreat'

2018-05-28 12:47:24 - [TEST_STEP][PASSED] - click: Object: 'Object Repository/DispensaryToStore/Page_Dispensary Store/button_Add' is clicked on

2018-05-28 12:47:24 - [MESSAGE][PASSED] - Object: 'Object Repository/DispensaryToStore/Page_Dispensary Store/button_Add' is clicked on

2018-05-28 12:47:24 - [TEST_STEP][PASSED] - selectOptionByIndex: All options with index in [7] are selected on object 'Object Repository/DispensaryToStore/Page_Dispensary Store/select_--Select--Schedule 1Inj'

2018-05-28 12:47:24 - [MESSAGE][PASSED] - All options with index in [7] are selected on object 'Object Repository/DispensaryToStore/Page_Dispensary Store/select_--Select--Schedule 1Inj'

2018-05-28 12:47:24 - [TEST_STEP][PASSED] - selectOptionByIndex: All options with index in [6] are selected on object 'Object Repository/DispensaryToStore/Page_Dispensary Store/select_--Select--Adernaline 0.'

2018-05-28 12:47:24 - [MESSAGE][PASSED] - All options with index in [6] are selected on object 'Object Repository/DispensaryToStore/Page_Dispensary Store/select_--Select--Adernaline 0.'

2018-05-28 12:47:24 - [TEST_STEP][PASSED] - setText: Text '10' is set on object 'Object Repository/DispensaryToStore/Page_Dispensary Store/input_txttreat'

2018-05-28 12:47:24 - [MESSAGE][PASSED] - Text '10' is set on object 'Object Repository/DispensaryToStore/Page_Dispensary Store/input_txttreat'

2018-05-28 12:47:24 - [TEST_STEP][PASSED] - click: Object: 'Object Repository/DispensaryToStore/Page_Dispensary Store/button_Add' is clicked on

2018-05-28 12:47:24 - [MESSAGE][PASSED] - Object: 'Object Repository/DispensaryToStore/Page_Dispensary Store/button_Add' is clicked on

2018-05-28 12:47:24 - [TEST_STEP][PASSED] - selectOptionByIndex: All options with index in [7] are selected on object 'Object Repository/DispensaryToStore/Page_Dispensary Store/select_--Select--Schedule 1Inj'

2018-05-28 12:47:24 - [MESSAGE][PASSED] - All options with index in [7] are selected on object 'Object Repository/DispensaryToStore/Page_Dispensary Store/select_--Select--Schedule 1Inj'

2018-05-28 12:47:24 - [TEST_STEP][PASSED] - selectOptionByIndex: All options with index in [7] are selected on object 'Object Repository/DispensaryToStore/Page_Dispensary Store/select_--Select--Adernaline 0.'

2018-05-28 12:47:25 - [MESSAGE][PASSED] - All options with index in [7] are selected on object 'Object Repository/DispensaryToStore/Page_Dispensary Store/select_--Select--Adernaline 0.'

2018-05-28 12:47:25 - [TEST_STEP][PASSED] - setText: Text '10' is set on object 'Object Repository/DispensaryToStore/Page_Dispensary Store/input_txttreat'

2018-05-28 12:47:25 - [MESSAGE][PASSED] - Text '10' is set on object 'Object Repository/DispensaryToStore/Page_Dispensary Store/input_txttreat'

2018-05-28 12:47:25 - [TEST_STEP][PASSED] - click: Object: 'Object Repository/DispensaryToStore/Page_Dispensary Store/button_Add' is clicked on

2018-05-28 12:47:25 - [MESSAGE][PASSED] - Object: 'Object Repository/DispensaryToStore/Page_Dispensary Store/button_Add' is clicked on

2018-05-28 12:47:25 - [TEST_STEP][PASSED] - selectOptionByIndex: All options with index in [7] are selected on object 'Object Repository/DispensaryToStore/Page_Dispensary Store/select_--Select--Schedule 1Inj'

2018-05-28 12:47:25 - [MESSAGE][PASSED] - All options with index in [7] are selected on object 'Object Repository/DispensaryToStore/Page_Dispensary Store/select_--Select--Schedule 1Inj'

2018-05-28 12:47:25 - [TEST_STEP][PASSED] - selectOptionByIndex: All options with index in [8] are selected on object 'Object Repository/DispensaryToStore/Page_Dispensary Store/select_--Select--Adernaline 0.'

2018-05-28 12:47:25 - [MESSAGE][PASSED] - All options with index in [8] are selected on object 'Object Repository/DispensaryToStore/Page_Dispensary Store/select_--Select--Adernaline 0.'

2018-05-28 12:47:25 - [TEST_STEP][PASSED] - setText: Text '10' is set on object 'Object Repository/DispensaryToStore/Page_Dispensary Store/input_txttreat'

2018-05-28 12:47:25 - [MESSAGE][PASSED] - Text '10' is set on object 'Object Repository/DispensaryToStore/Page_Dispensary Store/input_txttreat'

2018-05-28 12:47:25 - [TEST_STEP][PASSED] - click: Object: 'Object Repository/DispensaryToStore/Page_Dispensary Store/button_Add' is clicked on

2018-05-28 12:47:25 - [MESSAGE][PASSED] - Object: 'Object Repository/DispensaryToStore/Page_Dispensary Store/button_Add' is clicked on

2018-05-28 12:47:25 - [TEST_STEP][PASSED] - selectOptionByIndex: All options with index in [7] are selected on object 'Object Repository/DispensaryToStore/Page_Dispensary Store/select_--Select--Schedule 1Inj'

2018-05-28 12:47:26 - [MESSAGE][PASSED] - All options with index in [7] are selected on object 'Object Repository/DispensaryToStore/Page_Dispensary Store/select_--Select--Schedule 1Inj'

2018-05-28 12:47:26 - [TEST_STEP][PASSED] - selectOptionByIndex: All options with index in [9] are selected on object 'Object Repository/DispensaryToStore/Page_Dispensary Store/select_--Select--Adernaline 0.'

2018-05-28 12:47:26 - [MESSAGE][PASSED] - All options with index in [9] are selected on object 'Object Repository/DispensaryToStore/Page_Dispensary Store/select_--Select--Adernaline 0.'

2018-05-28 12:47:26 - [TEST_STEP][PASSED] - setText: Text '10' is set on object 'Object Repository/DispensaryToStore/Page_Dispensary Store/input_txttreat'

2018-05-28 12:47:26 - [MESSAGE][PASSED] - Text '10' is set on object 'Object Repository/DispensaryToStore/Page_Dispensary Store/input_txttreat'

2018-05-28 12:47:26 - [TEST_STEP][PASSED] - click: Object: 'Object Repository/DispensaryToStore/Page_Dispensary Store/button_Add' is clicked on

2018-05-28 12:47:26 - [MESSAGE][PASSED] - Object: 'Object Repository/DispensaryToStore/Page_Dispensary Store/button_Add' is clicked on

2018-05-28 12:47:26 - [TEST_STEP][PASSED] - selectOptionByIndex: All options with index in [7] are selected on object 'Object Repository/DispensaryToStore/Page_Dispensary Store/select_--Select--Schedule 1Inj'

2018-05-28 12:47:26 - [MESSAGE][PASSED] - All options with index in [7] are selected on object 'Object Repository/DispensaryToStore/Page_Dispensary Store/select_--Select--Schedule 1Inj'

2018-05-28 12:47:26 - [TEST_STEP][PASSED] - selectOptionByIndex: All options with index in [10] are selected on object 'Object Repository/DispensaryToStore/Page_Dispensary Store/select_--Select--Adernaline 0.'

2018-05-28 12:47:26 - [MESSAGE][PASSED] - All options with index in [10] are selected on object 'Object Repository/DispensaryToStore/Page_Dispensary Store/select_--Select--Adernaline 0.'

2018-05-28 12:47:26 - [TEST_STEP][PASSED] - setText: Text '10' is set on object 'Object Repository/DispensaryToStore/Page_Dispensary Store/input_txttreat'

2018-05-28 12:47:26 - [MESSAGE][PASSED] - Text '10' is set on object 'Object Repository/DispensaryToStore/Page_Dispensary Store/input_txttreat'

2018-05-28 12:47:26 - [TEST_STEP][PASSED] - click: Object: 'Object Repository/DispensaryToStore/Page_Dispensary Store/button_Add' is clicked on

2018-05-28 12:47:26 - [MESSAGE][PASSED] - Object: 'Object Repository/DispensaryToStore/Page_Dispensary Store/button_Add' is clicked on

2018-05-28 12:47:26 - [TEST_STEP][PASSED] - selectOptionByIndex: All options with index in [7] are selected on object 'Object Repository/DispensaryToStore/Page_Dispensary Store/select_--Select--Schedule 1Inj'

2018-05-28 12:47:27 - [MESSAGE][PASSED] - All options with index in [7] are selected on object 'Object Repository/DispensaryToStore/Page_Dispensary Store/select_--Select--Schedule 1Inj'

2018-05-28 12:47:27 - [TEST_STEP][PASSED] - selectOptionByIndex: All options with index in [11] are selected on object 'Object Repository/DispensaryToStore/Page_Dispensary Store/select_--Select--Adernaline 0.'

2018-05-28 12:47:27 - [MESSAGE][PASSED] - All options with index in [11] are selected on object 'Object Repository/DispensaryToStore/Page_Dispensary Store/select_--Select--Adernaline 0.'

2018-05-28 12:47:27 - [TEST_STEP][PASSED] - setText: Text '10' is set on object 'Object Repository/DispensaryToStore/Page_Dispensary Store/input_txttreat'

2018-05-28 12:47:27 - [MESSAGE][PASSED] - Text '10' is set on object 'Object Repository/DispensaryToStore/Page_Dispensary Store/input_txttreat'

2018-05-28 12:47:27 - [TEST_STEP][PASSED] - click: Object: 'Object Repository/DispensaryToStore/Page_Dispensary Store/button_Add' is clicked on

2018-05-28 12:47:27 - [MESSAGE][PASSED] - Object: 'Object Repository/DispensaryToStore/Page_Dispensary Store/button_Add' is clicked on

2018-05-28 12:47:27 - [TEST_STEP][PASSED] - selectOptionByIndex: All options with index in [7] are selected on object 'Object Repository/DispensaryToStore/Page_Dispensary Store/select_--Select--Schedule 1Inj'

2018-05-28 12:47:27 - [MESSAGE][PASSED] - All options with index in [7] are selected on object 'Object Repository/DispensaryToStore/Page_Dispensary Store/select_--Select--Schedule 1Inj'

2018-05-28 12:47:27 - [TEST_STEP][PASSED] - selectOptionByIndex: All options with index in [12] are selected on object 'Object Repository/DispensaryToStore/Page_Dispensary Store/select_--Select--Adernaline 0.'

2018-05-28 12:47:27 - [MESSAGE][PASSED] - All options with index in [12] are selected on object 'Object Repository/DispensaryToStore/Page_Dispensary Store/select_--Select--Adernaline 0.'

2018-05-28 12:47:27 - [TEST_STEP][PASSED] - setText: Text '10' is set on object 'Object Repository/DispensaryToStore/Page_Dispensary Store/input_txttreat'

2018-05-28 12:47:27 - [MESSAGE][PASSED] - Text '10' is set on object 'Object Repository/DispensaryToStore/Page_Dispensary Store/input_txttreat'

2018-05-28 12:47:27 - [TEST_STEP][PASSED] - click: Object: 'Object Repository/DispensaryToStore/Page_Dispensary Store/button_Add' is clicked on

2018-05-28 12:47:28 - [MESSAGE][PASSED] - Object: 'Object Repository/DispensaryToStore/Page_Dispensary Store/button_Add' is clicked on

2018-05-28 12:47:28 - [TEST_STEP][PASSED] - selectOptionByIndex: All options with index in [7] are selected on object 'Object Repository/DispensaryToStore/Page_Dispensary Store/select_--Select--Schedule 1Inj'

2018-05-28 12:47:28 - [MESSAGE][PASSED] - All options with index in [7] are selected on object 'Object Repository/DispensaryToStore/Page_Dispensary Store/select_--Select--Schedule 1Inj'

2018-05-28 12:47:28 - [TEST_STEP][PASSED] - selectOptionByIndex: All options with index in [13] are selected on object 'Object Repository/DispensaryToStore/Page_Dispensary Store/select_--Select--Adernaline 0.'

2018-05-28 12:47:28 - [MESSAGE][PASSED] - All options with index in [13] are selected on object 'Object Repository/DispensaryToStore/Page_Dispensary Store/select_--Select--Adernaline 0.'

2018-05-28 12:47:28 - [TEST_STEP][PASSED] - setText: Text '10' is set on object 'Object Repository/DispensaryToStore/Page_Dispensary Store/input_txttreat'

2018-05-28 12:47:28 - [MESSAGE][PASSED] - Text '10' is set on object 'Object Repository/DispensaryToStore/Page_Dispensary Store/input_txttreat'

2018-05-28 12:47:28 - [TEST_STEP][PASSED] - click: Object: 'Object Repository/DispensaryToStore/Page_Dispensary Store/button_Add' is clicked on

2018-05-28 12:47:28 - [MESSAGE][PASSED] - Object: 'Object Repository/DispensaryToStore/Page_Dispensary Store/button_Add' is clicked on

2018-05-28 12:47:28 - [TEST_STEP][PASSED] - selectOptionByIndex: All options with index in [7] are selected on object 'Object Repository/DispensaryToStore/Page_Dispensary Store/select_--Select--Schedule 1Inj'

2018-05-28 12:47:28 - [MESSAGE][PASSED] - All options with index in [7] are selected on object 'Object Repository/DispensaryToStore/Page_Dispensary Store/select_--Select--Schedule 1Inj'

2018-05-28 12:47:28 - [TEST_STEP][PASSED] - selectOptionByIndex: All options with index in [14] are selected on object 'Object Repository/DispensaryToStore/Page_Dispensary Store/select_--Select--Adernaline 0.'

2018-05-28 12:47:29 - [MESSAGE][PASSED] - All options with index in [14] are selected on object 'Object Repository/DispensaryToStore/Page_Dispensary Store/select_--Select--Adernaline 0.'

2018-05-28 12:47:29 - [TEST_STEP][PASSED] - setText: Text '10' is set on object 'Object Repository/DispensaryToStore/Page_Dispensary Store/input_txttreat'

2018-05-28 12:47:29 - [MESSAGE][PASSED] - Text '10' is set on object 'Object Repository/DispensaryToStore/Page_Dispensary Store/input_txttreat'

2018-05-28 12:47:29 - [TEST_STEP][PASSED] - click: Object: 'Object Repository/DispensaryToStore/Page_Dispensary Store/button_Add' is clicked on

2018-05-28 12:47:29 - [MESSAGE][PASSED] - Object: 'Object Repository/DispensaryToStore/Page_Dispensary Store/button_Add' is clicked on

2018-05-28 12:47:29 - [TEST_STEP][PASSED] - selectOptionByIndex: All options with index in [7] are selected on object 'Object Repository/DispensaryToStore/Page_Dispensary Store/select_--Select--Schedule 1Inj'

2018-05-28 12:47:29 - [MESSAGE][PASSED] - All options with index in [7] are selected on object 'Object Repository/DispensaryToStore/Page_Dispensary Store/select_--Select--Schedule 1Inj'

2018-05-28 12:47:29 - [TEST_STEP][PASSED] - selectOptionByIndex: All options with index in [15] are selected on object 'Object Repository/DispensaryToStore/Page_Dispensary Store/select_--Select--Adernaline 0.'

2018-05-28 12:47:29 - [MESSAGE][PASSED] - All options with index in [15] are selected on object 'Object Repository/DispensaryToStore/Page_Dispensary Store/select_--Select--Adernaline 0.'

2018-05-28 12:47:29 - [TEST_STEP][PASSED] - setText: Text '10' is set on object 'Object Repository/DispensaryToStore/Page_Dispensary Store/input_txttreat'

2018-05-28 12:47:29 - [MESSAGE][PASSED] - Text '10' is set on object 'Object Repository/DispensaryToStore/Page_Dispensary Store/input_txttreat'

2018-05-28 12:47:29 - [TEST_STEP][PASSED] - click: Object: 'Object Repository/DispensaryToStore/Page_Dispensary Store/button_Add' is clicked on

2018-05-28 12:47:29 - [MESSAGE][PASSED] - Object: 'Object Repository/DispensaryToStore/Page_Dispensary Store/button_Add' is clicked on

2018-05-28 12:47:29 - [TEST_STEP][PASSED] - selectOptionByIndex: All options with index in [7] are selected on object 'Object Repository/DispensaryToStore/Page_Dispensary Store/select_--Select--Schedule 1Inj'

2018-05-28 12:47:29 - [MESSAGE][PASSED] - All options with index in [7] are selected on object 'Object Repository/DispensaryToStore/Page_Dispensary Store/select_--Select--Schedule 1Inj'

2018-05-28 12:47:29 - [TEST_STEP][PASSED] - selectOptionByIndex: All options with index in [16] are selected on object 'Object Repository/DispensaryToStore/Page_Dispensary Store/select_--Select--Adernaline 0.'

2018-05-28 12:47:30 - [MESSAGE][PASSED] - All options with index in [16] are selected on object 'Object Repository/DispensaryToStore/Page_Dispensary Store/select_--Select--Adernaline 0.'

2018-05-28 12:47:30 - [TEST_STEP][PASSED] - setText: Text '10' is set on object 'Object Repository/DispensaryToStore/Page_Dispensary Store/input_txttreat'

2018-05-28 12:47:30 - [MESSAGE][PASSED] - Text '10' is set on object 'Object Repository/DispensaryToStore/Page_Dispensary Store/input_txttreat'

2018-05-28 12:47:30 - [TEST_STEP][PASSED] - click: Object: 'Object Repository/DispensaryToStore/Page_Dispensary Store/button_Add' is clicked on

2018-05-28 12:47:30 - [MESSAGE][PASSED] - Object: 'Object Repository/DispensaryToStore/Page_Dispensary Store/button_Add' is clicked on

2018-05-28 12:47:30 - [TEST_STEP][PASSED] - selectOptionByIndex: All options with index in [7] are selected on object 'Object Repository/DispensaryToStore/Page_Dispensary Store/select_--Select--Schedule 1Inj'

2018-05-28 12:47:30 - [MESSAGE][PASSED] - All options with index in [7] are selected on object 'Object Repository/DispensaryToStore/Page_Dispensary Store/select_--Select--Schedule 1Inj'

2018-05-28 12:47:30 - [TEST_STEP][PASSED] - selectOptionByIndex: All options with index in [17] are selected on object 'Object Repository/DispensaryToStore/Page_Dispensary Store/select_--Select--Adernaline 0.'

2018-05-28 12:47:30 - [MESSAGE][PASSED] - All options with index in [17] are selected on object 'Object Repository/DispensaryToStore/Page_Dispensary Store/select_--Select--Adernaline 0.'

2018-05-28 12:47:30 - [TEST_STEP][PASSED] - setText: Text '10' is set on object 'Object Repository/DispensaryToStore/Page_Dispensary Store/input_txttreat'

2018-05-28 12:47:30 - [MESSAGE][PASSED] - Text '10' is set on object 'Object Repository/DispensaryToStore/Page_Dispensary Store/input_txttreat'

2018-05-28 12:47:30 - [TEST_STEP][PASSED] - click: Object: 'Object Repository/DispensaryToStore/Page_Dispensary Store/button_Add' is clicked on

2018-05-28 12:47:30 - [MESSAGE][PASSED] - Object: 'Object Repository/DispensaryToStore/Page_Dispensary Store/button_Add' is clicked on

2018-05-28 12:47:30 - [TEST_STEP][PASSED] - selectOptionByIndex: All options with index in [7] are selected on object 'Object Repository/DispensaryToStore/Page_Dispensary Store/select_--Select--Schedule 1Inj'

2018-05-28 12:47:31 - [MESSAGE][PASSED] - All options with index in [7] are selected on object 'Object Repository/DispensaryToStore/Page_Dispensary Store/select_--Select--Schedule 1Inj'

2018-05-28 12:47:31 - [TEST_STEP][PASSED] - selectOptionByIndex: All options with index in [18] are selected on object 'Object Repository/DispensaryToStore/Page_Dispensary Store/select_--Select--Adernaline 0.'

2018-05-28 12:47:31 - [MESSAGE][PASSED] - All options with index in [18] are selected on object 'Object Repository/DispensaryToStore/Page_Dispensary Store/select_--Select--Adernaline 0.'

2018-05-28 12:47:31 - [TEST_STEP][PASSED] - setText: Text '10' is set on object 'Object Repository/DispensaryToStore/Page_Dispensary Store/input_txttreat'

2018-05-28 12:47:31 - [MESSAGE][PASSED] - Text '10' is set on object 'Object Repository/DispensaryToStore/Page_Dispensary Store/input_txttreat'

2018-05-28 12:47:31 - [TEST_STEP][PASSED] - click: Object: 'Object Repository/DispensaryToStore/Page_Dispensary Store/button_Add' is clicked on

2018-05-28 12:47:31 - [MESSAGE][PASSED] - Object: 'Object Repository/DispensaryToStore/Page_Dispensary Store/button_Add' is clicked on

2018-05-28 12:47:31 - [TEST_STEP][PASSED] - selectOptionByIndex: All options with index in [7] are selected on object 'Object Repository/DispensaryToStore/Page_Dispensary Store/select_--Select--Schedule 1Inj'

2018-05-28 12:47:31 - [MESSAGE][PASSED] - All options with index in [7] are selected on object 'Object Repository/DispensaryToStore/Page_Dispensary Store/select_--Select--Schedule 1Inj'

2018-05-28 12:47:31 - [TEST_STEP][PASSED] - selectOptionByIndex: All options with index in [19] are selected on object 'Object Repository/DispensaryToStore/Page_Dispensary Store/select_--Select--Adernaline 0.'

2018-05-28 12:47:32 - [MESSAGE][PASSED] - All options with index in [19] are selected on object 'Object Repository/DispensaryToStore/Page_Dispensary Store/select_--Select--Adernaline 0.'

2018-05-28 12:47:32 - [TEST_STEP][PASSED] - setText: Text '10' is set on object 'Object Repository/DispensaryToStore/Page_Dispensary Store/input_txttreat'

2018-05-28 12:47:32 - [MESSAGE][PASSED] - Text '10' is set on object 'Object Repository/DispensaryToStore/Page_Dispensary Store/input_txttreat'

2018-05-28 12:47:32 - [TEST_STEP][PASSED] - click: Object: 'Object Repository/DispensaryToStore/Page_Dispensary Store/button_Add' is clicked on

2018-05-28 12:47:32 - [MESSAGE][PASSED] - Object: 'Object Repository/DispensaryToStore/Page_Dispensary Store/button_Add' is clicked on

2018-05-28 12:47:32 - [TEST_STEP][PASSED] - selectOptionByIndex: All options with index in [7] are selected on object 'Object Repository/DispensaryToStore/Page_Dispensary Store/select_--Select--Schedule 1Inj'

2018-05-28 12:47:32 - [MESSAGE][PASSED] - All options with index in [7] are selected on object 'Object Repository/DispensaryToStore/Page_Dispensary Store/select_--Select--Schedule 1Inj'

2018-05-28 12:47:32 - [TEST_STEP][PASSED] - selectOptionByIndex: All options with index in [20] are selected on object 'Object Repository/DispensaryToStore/Page_Dispensary Store/select_--Select--Adernaline 0.'

2018-05-28 12:47:32 - [MESSAGE][PASSED] - All options with index in [20] are selected on object 'Object Repository/DispensaryToStore/Page_Dispensary Store/select_--Select--Adernaline 0.'

2018-05-28 12:47:32 - [TEST_STEP][PASSED] - setText: Text '10' is set on object 'Object Repository/DispensaryToStore/Page_Dispensary Store/input_txttreat'

2018-05-28 12:47:32 - [MESSAGE][PASSED] - Text '10' is set on object 'Object Repository/DispensaryToStore/Page_Dispensary Store/input_txttreat'

2018-05-28 12:47:32 - [TEST_STEP][PASSED] - click: Object: 'Object Repository/DispensaryToStore/Page_Dispensary Store/button_Add' is clicked on

2018-05-28 12:47:32 - [MESSAGE][PASSED] - Object: 'Object Repository/DispensaryToStore/Page_Dispensary Store/button_Add' is clicked on

2018-05-28 12:47:32 - [TEST_STEP][PASSED] - selectOptionByIndex: All options with index in [7] are selected on object 'Object Repository/DispensaryToStore/Page_Dispensary Store/select_--Select--Schedule 1Inj'

2018-05-28 12:47:32 - [MESSAGE][PASSED] - All options with index in [7] are selected on object 'Object Repository/DispensaryToStore/Page_Dispensary Store/select_--Select--Schedule 1Inj'

2018-05-28 12:47:32 - [TEST_STEP][PASSED] - selectOptionByIndex: All options with index in [21] are selected on object 'Object Repository/DispensaryToStore/Page_Dispensary Store/select_--Select--Adernaline 0.'

2018-05-28 12:47:33 - [MESSAGE][PASSED] - All options with index in [21] are selected on object 'Object Repository/DispensaryToStore/Page_Dispensary Store/select_--Select--Adernaline 0.'

2018-05-28 12:47:33 - [TEST_STEP][PASSED] - setText: Text '10' is set on object 'Object Repository/DispensaryToStore/Page_Dispensary Store/input_txttreat'

2018-05-28 12:47:33 - [MESSAGE][PASSED] - Text '10' is set on object 'Object Repository/DispensaryToStore/Page_Dispensary Store/input_txttreat'

2018-05-28 12:47:33 - [TEST_STEP][PASSED] - click: Object: 'Object Repository/DispensaryToStore/Page_Dispensary Store/button_Add' is clicked on

2018-05-28 12:47:33 - [MESSAGE][PASSED] - Object: 'Object Repository/DispensaryToStore/Page_Dispensary Store/button_Add' is clicked on

2018-05-28 12:47:33 - [TEST_STEP][PASSED] - selectOptionByIndex: All options with index in [7] are selected on object 'Object Repository/DispensaryToStore/Page_Dispensary Store/select_--Select--Schedule 1Inj'

2018-05-28 12:47:33 - [MESSAGE][PASSED] - All options with index in [7] are selected on object 'Object Repository/DispensaryToStore/Page_Dispensary Store/select_--Select--Schedule 1Inj'

2018-05-28 12:47:33 - [TEST_STEP][PASSED] - selectOptionByIndex: All options with index in [22] are selected on object 'Object Repository/DispensaryToStore/Page_Dispensary Store/select_--Select--Adernaline 0.'

2018-05-28 12:47:33 - [MESSAGE][PASSED] - All options with index in [22] are selected on object 'Object Repository/DispensaryToStore/Page_Dispensary Store/select_--Select--Adernaline 0.'

2018-05-28 12:47:33 - [TEST_STEP][PASSED] - setText: Text '10' is set on object 'Object Repository/DispensaryToStore/Page_Dispensary Store/input_txttreat'

2018-05-28 12:47:34 - [MESSAGE][PASSED] - Text '10' is set on object 'Object Repository/DispensaryToStore/Page_Dispensary Store/input_txttreat'

2018-05-28 12:47:34 - [TEST_STEP][PASSED] - click: Object: 'Object Repository/DispensaryToStore/Page_Dispensary Store/button_Add' is clicked on

2018-05-28 12:47:34 - [MESSAGE][PASSED] - Object: 'Object Repository/DispensaryToStore/Page_Dispensary Store/button_Add' is clicked on

2018-05-28 12:47:34 - [TEST_STEP][PASSED] - selectOptionByIndex: All options with index in [7] are selected on object 'Object Repository/DispensaryToStore/Page_Dispensary Store/select_--Select--Schedule 1Inj'

2018-05-28 12:47:34 - [MESSAGE][PASSED] - All options with index in [7] are selected on object 'Object Repository/DispensaryToStore/Page_Dispensary Store/select_--Select--Schedule 1Inj'

2018-05-28 12:47:34 - [TEST_STEP][PASSED] - selectOptionByIndex: All options with index in [23] are selected on object 'Object Repository/DispensaryToStore/Page_Dispensary Store/select_--Select--Adernaline 0.'

2018-05-28 12:47:34 - [MESSAGE][PASSED] - All options with index in [23] are selected on object 'Object Repository/DispensaryToStore/Page_Dispensary Store/select_--Select--Adernaline 0.'

2018-05-28 12:47:34 - [TEST_STEP][PASSED] - setText: Text '10' is set on object 'Object Repository/DispensaryToStore/Page_Dispensary Store/input_txttreat'

2018-05-28 12:47:34 - [MESSAGE][PASSED] - Text '10' is set on object 'Object Repository/DispensaryToStore/Page_Dispensary Store/input_txttreat'

2018-05-28 12:47:34 - [TEST_STEP][PASSED] - click: Object: 'Object Repository/DispensaryToStore/Page_Dispensary Store/button_Add' is clicked on

2018-05-28 12:47:34 - [MESSAGE][PASSED] - Object: 'Object Repository/DispensaryToStore/Page_Dispensary Store/button_Add' is clicked on

2018-05-28 12:47:34 - [TEST_STEP][PASSED] - scrollToElement: Scroll to object 'Object Repository/DispensaryToStore/Page_Dispensary Store/input_btnsave' successfully

2018-05-28 12:47:34 - [MESSAGE][PASSED] - Scroll to object 'Object Repository/DispensaryToStore/Page_Dispensary Store/input_btnsave' successfully

2018-05-28 12:47:34 - [TEST_STEP][PASSED] - click: Object: 'Object Repository/DispensaryToStore/Page_Dispensary Store/input_btnsave' is clicked on

2018-05-28 12:47:34 - [MESSAGE][PASSED] - Object: 'Object Repository/DispensaryToStore/Page_Dispensary Store/input_btnsave' is clicked on

2018-05-28 12:47:34 - [TEST_STEP][PASSED] - delay: Delayed 3 second(s)

2018-05-28 12:47:37 - [MESSAGE][PASSED] - Delayed 3 second(s)

2018-05-28 12:47:37 - [TEST_STEP][PASSED] - Statement - RN1 = com.kms.katalon.core.webui.keyword.WebUiBuiltInKeywords.getText(com.kms.katalon.core.testobject.ObjectRepository.findTestObject(DispensaryToStore/Page_Dispensary Store/font_HPRNO180520187)): Text of object 'Object Repository/DispensaryToStore/Page_Dispensary Store/font_HPRNO180520187' is: 'DPRNO/28052018/126'

2018-05-28 12:47:37 - [MESSAGE][PASSED] - Text of object 'Object Repository/DispensaryToStore/Page_Dispensary Store/font_HPRNO180520187' is: 'DPRNO/28052018/126'

2018-05-28 12:47:37 - [TEST_STEP][PASSED] - Statement - out.println(RN1): null

2018-05-28 12:47:37 - [TEST_STEP][PASSED] - Statement - RID = RN1.split("/")[2]: null

2018-05-28 12:47:37 - [TEST_STEP][PASSED] - click: Object: 'Object Repository/DispensaryToStore/Page_Dispensary Store/button_OK' is clicked on

2018-05-28 12:47:38 - [MESSAGE][PASSED] - Object: 'Object Repository/DispensaryToStore/Page_Dispensary Store/button_OK' is clicked on

2018-05-28 12:47:38 - [TEST_STEP][PASSED] - delay: Delayed 3 second(s)

2018-05-28 12:47:41 - [MESSAGE][PASSED] - Delayed 3 second(s)

2018-05-28 12:47:41 - [TEST_STEP][PASSED] - click: Object: 'Object Repository/DispensaryToStore/Page_Dispensary Store/a_dropdown-toggle' is clicked on

2018-05-28 12:47:41 - [MESSAGE][PASSED] - Object: 'Object Repository/DispensaryToStore/Page_Dispensary Store/a_dropdown-toggle' is clicked on

2018-05-28 12:47:41 - [TEST_STEP][PASSED] - click: Object: 'Object Repository/DispensaryToStore/Page_Dispensary Store/a_Sign out' is clicked on

2018-05-28 12:47:42 - [MESSAGE][PASSED] - Object: 'Object Repository/DispensaryToStore/Page_Dispensary Store/a_Sign out' is clicked on

2018-05-28 12:47:42 - [TEST_STEP][PASSED] - delay: Delayed 3 second(s)

2018-05-28 12:47:45 - [MESSAGE][PASSED] - Delayed 3 second(s)

2018-05-28 12:47:45 - [TEST_STEP][PASSED] - navigateToUrl: Navigate to 'http://192.168.137.1/multihospital_new/' successfully

2018-05-28 12:47:45 - [MESSAGE][PASSED] - Navigate to 'http://192.168.137.1/multihospital_new/' successfully

2018-05-28 12:47:45 - [TEST_STEP][PASSED] - click: Object: 'Object Repository/DispensaryToStore/Page_KDMC/a_CMO' is clicked on

2018-05-28 12:47:46 - [MESSAGE][PASSED] - Object: 'Object Repository/DispensaryToStore/Page_KDMC/a_CMO' is clicked on

2018-05-28 12:47:46 - [TEST_STEP][PASSED] - setText: Text 'guru' is set on object 'Object Repository/DispensaryToStore/Page_CMO login/input_txtusername'

2018-05-28 12:47:46 - [MESSAGE][PASSED] - Text 'guru' is set on object 'Object Repository/DispensaryToStore/Page_CMO login/input_txtusername'

2018-05-28 12:47:46 - [TEST_STEP][PASSED] - setText: Text '123' is set on object 'Object Repository/DispensaryToStore/Page_CMO login/input_txtpassword'

2018-05-28 12:47:46 - [MESSAGE][PASSED] - Text '123' is set on object 'Object Repository/DispensaryToStore/Page_CMO login/input_txtpassword'

2018-05-28 12:47:46 - [TEST_STEP][PASSED] - delay: Delayed 3 second(s)

2018-05-28 12:47:49 - [MESSAGE][PASSED] - Delayed 3 second(s)

2018-05-28 12:47:49 - [TEST_STEP][PASSED] - click: Object: 'Object Repository/DispensaryToStore/Page_CMO login/button_Sign in' is clicked on

2018-05-28 12:47:50 - [MESSAGE][PASSED] - Object: 'Object Repository/DispensaryToStore/Page_CMO login/button_Sign in' is clicked on

2018-05-28 12:47:50 - [TEST_STEP][PASSED] - click: Object: 'Object Repository/DispensaryToStore/Page_KDMC - CMO/a_Department Wise Request' is clicked on

2018-05-28 12:47:52 - [MESSAGE][PASSED] - Object: 'Object Repository/DispensaryToStore/Page_KDMC - CMO/a_Department Wise Request' is clicked on

2018-05-28 12:47:52 - [TEST_STEP][PASSED] - delay: Delayed 2 second(s)

2018-05-28 12:47:54 - [MESSAGE][PASSED] - Delayed 2 second(s)

2018-05-28 12:47:54 - [TEST_STEP][PASSED] - selectOptionByIndex: All options with index in [6] are selected on object 'Object Repository/DispensaryToStore/Page_KDMC - CMO/select_--ALL--'

2018-05-28 12:47:54 - [MESSAGE][PASSED] - All options with index in [6] are selected on object 'Object Repository/DispensaryToStore/Page_KDMC - CMO/select_--ALL--'

2018-05-28 12:47:54 - [TEST_STEP][PASSED] - click: Object: 'Object Repository/DispensaryToStore/Page_KDMC - CMO/input_btnsearch' is clicked on

2018-05-28 12:47:54 - [MESSAGE][PASSED] - Object: 'Object Repository/DispensaryToStore/Page_KDMC - CMO/input_btnsearch' is clicked on

2018-05-28 12:47:54 - [TEST_STEP][PASSED] - selectOptionByIndex: All options with index in [1] are selected on object 'Object Repository/DispensaryToStore/Page_KDMC - CMO/select_--ALL--                _1'

2018-05-28 12:47:54 - [MESSAGE][PASSED] - All options with index in [1] are selected on object 'Object Repository/DispensaryToStore/Page_KDMC - CMO/select_--ALL--                _1'

2018-05-28 12:47:54 - [TEST_STEP][PASSED] - click: Object: 'Object Repository/DispensaryToStore/Page_KDMC - CMO/input_btnsearch' is clicked on

2018-05-28 12:47:54 - [MESSAGE][PASSED] - Object: 'Object Repository/DispensaryToStore/Page_KDMC - CMO/input_btnsearch' is clicked on

2018-05-28 12:47:54 - [TEST_STEP][PASSED] - Statement - ID = com.kms.katalon.core.webui.keyword.WebUiBuiltInKeywords.modifyObjectProperty(com.kms.katalon.core.testobject.ObjectRepository.findTestObject(lab/Page_KDMC - CMO/input_1), "xpath", "equals", "//*[@id=" + RID + "]", true): Modify property of object successfully

2018-05-28 12:47:54 - [MESSAGE][PASSED] - Modify property of object successfully

2018-05-28 12:47:54 - [TEST_STEP][PASSED] - click: Object: 'Object Repository/lab/Page_KDMC - CMO/input_1' is clicked on

2018-05-28 12:47:55 - [MESSAGE][PASSED] - Object: 'Object Repository/lab/Page_KDMC - CMO/input_1' is clicked on

2018-05-28 12:47:55 - [TEST_STEP][PASSED] - delay: Delayed 2 second(s)

2018-05-28 12:47:57 - [MESSAGE][PASSED] - Delayed 2 second(s)

2018-05-28 12:47:57 - [TEST_STEP][PASSED] - selectOptionByIndex: All options with index in [1] are selected on object 'Object Repository/DispensaryToStore/Page_KDMC - CMO/select_--Select--'

2018-05-28 12:47:57 - [MESSAGE][PASSED] - All options with index in [1] are selected on object 'Object Repository/DispensaryToStore/Page_KDMC - CMO/select_--Select--'

2018-05-28 12:47:57 - [TEST_STEP][PASSED] - click: Object: 'Object Repository/DispensaryToStore/Page_KDMC - CMO/input_btnupdate' is clicked on

2018-05-28 12:47:57 - [MESSAGE][PASSED] - Object: 'Object Repository/DispensaryToStore/Page_KDMC - CMO/input_btnupdate' is clicked on

2018-05-28 12:47:57 - [TEST_STEP][PASSED] - delay: Delayed 2 second(s)

2018-05-28 12:47:59 - [MESSAGE][PASSED] - Delayed 2 second(s)

2018-05-28 12:47:59 - [TEST_STEP][PASSED] - click: Object: 'Object Repository/DispensaryToStore/Page_KDMC - CMO/button_OK' is clicked on

2018-05-28 12:48:00 - [MESSAGE][PASSED] - Object: 'Object Repository/DispensaryToStore/Page_KDMC - CMO/button_OK' is clicked on

2018-05-28 12:48:00 - [TEST_STEP][PASSED] - delay: Delayed 2 second(s)

2018-05-28 12:48:02 - [MESSAGE][PASSED] - Delayed 2 second(s)

2018-05-28 12:48:02 - [TEST_STEP][PASSED] - click: Object: 'Object Repository/DispensaryToStore/Page_KDMC - CMO/a_dropdown-toggle' is clicked on

2018-05-28 12:48:02 - [MESSAGE][PASSED] - Object: 'Object Repository/DispensaryToStore/Page_KDMC - CMO/a_dropdown-toggle' is clicked on

2018-05-28 12:48:02 - [TEST_STEP][PASSED] - click: Object: 'Object Repository/DispensaryToStore/Page_KDMC - CMO/a_Sign out' is clicked on

2018-05-28 12:48:02 - [MESSAGE][PASSED] - Object: 'Object Repository/DispensaryToStore/Page_KDMC - CMO/a_Sign out' is clicked on

2018-05-28 12:48:02 - [TEST_STEP][PASSED] - delay: Delayed 3 second(s)

2018-05-28 12:48:05 - [MESSAGE][PASSED] - Delayed 3 second(s)

2018-05-28 12:48:05 - [TEST_STEP][PASSED] - click: Object: 'Object Repository/DispensaryToStore/Page_KDMC/a_Divisional Store' is clicked on

2018-05-28 12:48:06 - [MESSAGE][PASSED] - Object: 'Object Repository/DispensaryToStore/Page_KDMC/a_Divisional Store' is clicked on

2018-05-28 12:48:06 - [TEST_STEP][PASSED] - setText: Text 'ragu' is set on object 'Object Repository/DispensaryToStore/Page_Divisonal Store Login/input_txtusername'

2018-05-28 12:48:06 - [MESSAGE][PASSED] - Text 'ragu' is set on object 'Object Repository/DispensaryToStore/Page_Divisonal Store Login/input_txtusername'

2018-05-28 12:48:06 - [TEST_STEP][PASSED] - setText: Text '123' is set on object 'Object Repository/DispensaryToStore/Page_Divisonal Store Login/input_txtpassword'

2018-05-28 12:48:06 - [MESSAGE][PASSED] - Text '123' is set on object 'Object Repository/DispensaryToStore/Page_Divisonal Store Login/input_txtpassword'

2018-05-28 12:48:06 - [TEST_STEP][PASSED] - delay: Delayed 3 second(s)

2018-05-28 12:48:09 - [MESSAGE][PASSED] - Delayed 3 second(s)

2018-05-28 12:48:09 - [TEST_STEP][PASSED] - click: Object: 'Object Repository/DispensaryToStore/Page_Divisonal Store Login/button_Sign in' is clicked on

2018-05-28 12:48:11 - [MESSAGE][PASSED] - Object: 'Object Repository/DispensaryToStore/Page_Divisonal Store Login/button_Sign in' is clicked on

2018-05-28 12:48:11 - [TEST_STEP][PASSED] - delay: Delayed 3 second(s)

2018-05-28 12:48:14 - [MESSAGE][PASSED] - Delayed 3 second(s)

2018-05-28 12:48:14 - [TEST_STEP][PASSED] - scrollToPosition: Browser is scrolled to position x = 100, y = 100

2018-05-28 12:48:14 - [MESSAGE][PASSED] - Browser is scrolled to position x = 100, y = 100

2018-05-28 12:48:14 - [TEST_STEP][PASSED] - click: Object: 'Object Repository/DispensaryToStore/Page_Store/a_Dispensary Request' is clicked on

2018-05-28 12:48:14 - [MESSAGE][PASSED] - Object: 'Object Repository/DispensaryToStore/Page_Store/a_Dispensary Request' is clicked on

2018-05-28 12:48:14 - [TEST_STEP][PASSED] - delay: Delayed 2 second(s)

2018-05-28 12:48:16 - [MESSAGE][PASSED] - Delayed 2 second(s)

2018-05-28 12:48:16 - [TEST_STEP][PASSED] - click: Object: 'Object Repository/DispensaryToStore/Page_Store/a_Request Item Dispensary' is clicked on

2018-05-28 12:48:17 - [MESSAGE][PASSED] - Object: 'Object Repository/DispensaryToStore/Page_Store/a_Request Item Dispensary' is clicked on

2018-05-28 12:48:17 - [TEST_STEP][PASSED] - Statement - ChooseRequest = com.kms.katalon.core.webui.keyword.WebUiBuiltInKeywords.modifyObjectProperty(com.kms.katalon.core.testobject.ObjectRepository.findTestObject(lab/Page_Store/input_1), "xpath", "equals", "//*[@id=" + RID + "]", true): Modify property of object successfully

2018-05-28 12:48:17 - [MESSAGE][PASSED] - Modify property of object successfully

2018-05-28 12:48:17 - [TEST_STEP][PASSED] - click: Object: 'Object Repository/lab/Page_Store/input_1' is clicked on

2018-05-28 12:48:17 - [MESSAGE][PASSED] - Object: 'Object Repository/lab/Page_Store/input_1' is clicked on

2018-05-28 12:48:17 - [TEST_STEP][PASSED] - Statement - selectedoptions = com.kms.katalon.core.webui.keyword.WebUiBuiltInKeywords.getNumberOfTotalOption(com.kms.katalon.core.testobject.ObjectRepository.findTestObject(DispensaryToStore/Page_Store/select_--Select--Adernaline 0.)): 24 options of object 'Object Repository/DispensaryToStore/Page_Store/select_--Select--Adernaline 0.' counted

2018-05-28 12:48:18 - [MESSAGE][PASSED] - 24 options of object 'Object Repository/DispensaryToStore/Page_Store/select_--Select--Adernaline 0.' counted

2018-05-28 12:48:18 - [TEST_STEP][PASSED] - Statement - For ([a = 1, a <= selectedoptions - 1, (a++)]): null

2018-05-28 12:48:18 - [TEST_STEP][PASSED] - selectOptionByIndex: All options with index in [1] are selected on object 'Object Repository/DispensaryToStore/Page_Store/select_--Select--Adernaline 0.'

2018-05-28 12:48:18 - [MESSAGE][PASSED] - All options with index in [1] are selected on object 'Object Repository/DispensaryToStore/Page_Store/select_--Select--Adernaline 0.'

2018-05-28 12:48:18 - [TEST_STEP][PASSED] - delay: Delayed 2 second(s)

2018-05-28 12:48:20 - [MESSAGE][PASSED] - Delayed 2 second(s)

2018-05-28 12:48:20 - [TEST_STEP][PASSED] - Statement - RequestedQty = com.kms.katalon.core.webui.keyword.WebUiBuiltInKeywords.getAttribute(com.kms.katalon.core.testobject.ObjectRepository.findTestObject(DispensaryToStore/Page_Store/input_txttotal), "value"): Attribute 'value' of object 'Object Repository/DispensaryToStore/Page_Store/input_txttotal' is: '10'

2018-05-28 12:48:20 - [MESSAGE][PASSED] - Attribute 'value' of object 'Object Repository/DispensaryToStore/Page_Store/input_txttotal' is: '10'

2018-05-28 12:48:20 - [TEST_STEP][PASSED] - Statement - out.println("Requested QTY : " + RequestedQty): null

2018-05-28 12:48:20 - [TEST_STEP][PASSED] - Statement - BatchNumber = com.kms.katalon.core.webui.keyword.WebUiBuiltInKeywords.getNumberOfTotalOption(com.kms.katalon.core.testobject.ObjectRepository.findTestObject(DispensaryToStore/Page_Store/select_--Select--BA1170BA2376B)): 3 options of object 'Object Repository/DispensaryToStore/Page_Store/select_--Select--BA1170BA2376B' counted

2018-05-28 12:48:20 - [MESSAGE][PASSED] - 3 options of object 'Object Repository/DispensaryToStore/Page_Store/select_--Select--BA1170BA2376B' counted

2018-05-28 12:48:20 - [TEST_STEP][PASSED] - Statement - For ([g = 1, g <= BatchNumber - 1, (g++)]): null

2018-05-28 12:48:20 - [TEST_STEP][PASSED] - selectOptionByIndex: All options with index in [1] are selected on object 'Object Repository/DispensaryToStore/Page_Store/select_--Select--BA1170BA2376B'

2018-05-28 12:48:20 - [MESSAGE][PASSED] - All options with index in [1] are selected on object 'Object Repository/DispensaryToStore/Page_Store/select_--Select--BA1170BA2376B'

2018-05-28 12:48:20 - [TEST_STEP][PASSED] - Statement - Try: null

2018-05-28 12:48:20 - [TEST_STEP][PASSED] - Statement - StockQty = com.kms.katalon.core.webui.keyword.WebUiBuiltInKeywords.getAttribute(com.kms.katalon.core.testobject.ObjectRepository.findTestObject(DispensaryToStore/Page_Store/input_txtprice), "value"): Attribute 'value' of object 'Object Repository/DispensaryToStore/Page_Store/input_txtprice' is: '440'

2018-05-28 12:48:20 - [MESSAGE][PASSED] - Attribute 'value' of object 'Object Repository/DispensaryToStore/Page_Store/input_txtprice' is: '440'

2018-05-28 12:48:20 - [TEST_STEP][PASSED] - Statement - out.println("Stock QTY : " + StockQty): null

2018-05-28 12:48:20 - [TEST_STEP][PASSED] - delay: Delayed 2 second(s)

2018-05-28 12:48:22 - [MESSAGE][PASSED] - Delayed 2 second(s)

2018-05-28 12:48:22 - [TEST_STEP][PASSED] - Statement - If (java.lang.String.valueOf(StockQty) >= java.lang.String.valueOf(RequestedQty)): null

2018-05-28 12:48:22 - [TEST_STEP][PASSED] - setText: Text '10' is set on object 'Object Repository/DispensaryToStore/Page_Store/input_txtqty'

2018-05-28 12:48:22 - [MESSAGE][PASSED] - Text '10' is set on object 'Object Repository/DispensaryToStore/Page_Store/input_txtqty'

2018-05-28 12:48:22 - [TEST_STEP][PASSED] - click: Object: 'Object Repository/DispensaryToStore/Page_Store/button_Add' is clicked on

2018-05-28 12:48:22 - [MESSAGE][PASSED] - Object: 'Object Repository/DispensaryToStore/Page_Store/button_Add' is clicked on

2018-05-28 12:48:22 - [TEST_STEP][PASSED] - Statement - Break: null

2018-05-28 12:48:22 - [TEST_STEP][PASSED] - selectOptionByIndex: All options with index in [2] are selected on object 'Object Repository/DispensaryToStore/Page_Store/select_--Select--Adernaline 0.'

2018-05-28 12:48:22 - [MESSAGE][PASSED] - All options with index in [2] are selected on object 'Object Repository/DispensaryToStore/Page_Store/select_--Select--Adernaline 0.'

2018-05-28 12:48:22 - [TEST_STEP][PASSED] - delay: Delayed 2 second(s)

2018-05-28 12:48:24 - [MESSAGE][PASSED] - Delayed 2 second(s)

2018-05-28 12:48:24 - [TEST_STEP][PASSED] - Statement - RequestedQty = com.kms.katalon.core.webui.keyword.WebUiBuiltInKeywords.getAttribute(com.kms.katalon.core.testobject.ObjectRepository.findTestObject(DispensaryToStore/Page_Store/input_txttotal), "value"): Attribute 'value' of object 'Object Repository/DispensaryToStore/Page_Store/input_txttotal' is: '10'

2018-05-28 12:48:25 - [MESSAGE][PASSED] - Attribute 'value' of object 'Object Repository/DispensaryToStore/Page_Store/input_txttotal' is: '10'

2018-05-28 12:48:25 - [TEST_STEP][PASSED] - Statement - out.println("Requested QTY : " + RequestedQty): null

2018-05-28 12:48:25 - [TEST_STEP][PASSED] - Statement - BatchNumber = com.kms.katalon.core.webui.keyword.WebUiBuiltInKeywords.getNumberOfTotalOption(com.kms.katalon.core.testobject.ObjectRepository.findTestObject(DispensaryToStore/Page_Store/select_--Select--BA1170BA2376B)): 4 options of object 'Object Repository/DispensaryToStore/Page_Store/select_--Select--BA1170BA2376B' counted

2018-05-28 12:48:25 - [MESSAGE][PASSED] - 4 options of object 'Object Repository/DispensaryToStore/Page_Store/select_--Select--BA1170BA2376B' counted

2018-05-28 12:48:25 - [TEST_STEP][PASSED] - Statement - For ([g = 1, g <= BatchNumber - 1, (g++)]): null

2018-05-28 12:48:25 - [TEST_STEP][PASSED] - selectOptionByIndex: All options with index in [1] are selected on object 'Object Repository/DispensaryToStore/Page_Store/select_--Select--BA1170BA2376B'

2018-05-28 12:48:25 - [MESSAGE][PASSED] - All options with index in [1] are selected on object 'Object Repository/DispensaryToStore/Page_Store/select_--Select--BA1170BA2376B'

2018-05-28 12:48:25 - [TEST_STEP][PASSED] - Statement - Try: null

2018-05-28 12:48:25 - [TEST_STEP][PASSED] - Statement - StockQty = com.kms.katalon.core.webui.keyword.WebUiBuiltInKeywords.getAttribute(com.kms.katalon.core.testobject.ObjectRepository.findTestObject(DispensaryToStore/Page_Store/input_txtprice), "value"): Attribute 'value' of object 'Object Repository/DispensaryToStore/Page_Store/input_txtprice' is: '90'

2018-05-28 12:48:25 - [MESSAGE][PASSED] - Attribute 'value' of object 'Object Repository/DispensaryToStore/Page_Store/input_txtprice' is: '90'

2018-05-28 12:48:25 - [TEST_STEP][PASSED] - Statement - out.println("Stock QTY : " + StockQty): null

2018-05-28 12:48:25 - [TEST_STEP][PASSED] - delay: Delayed 2 second(s)

2018-05-28 12:48:27 - [MESSAGE][PASSED] - Delayed 2 second(s)

2018-05-28 12:48:27 - [TEST_STEP][PASSED] - Statement - If (java.lang.String.valueOf(StockQty) >= java.lang.String.valueOf(RequestedQty)): null

2018-05-28 12:48:27 - [TEST_STEP][PASSED] - setText: Text '10' is set on object 'Object Repository/DispensaryToStore/Page_Store/input_txtqty'

2018-05-28 12:48:27 - [MESSAGE][PASSED] - Text '10' is set on object 'Object Repository/DispensaryToStore/Page_Store/input_txtqty'

2018-05-28 12:48:27 - [TEST_STEP][PASSED] - click: Object: 'Object Repository/DispensaryToStore/Page_Store/button_Add' is clicked on

2018-05-28 12:48:27 - [MESSAGE][PASSED] - Object: 'Object Repository/DispensaryToStore/Page_Store/button_Add' is clicked on

2018-05-28 12:48:27 - [TEST_STEP][PASSED] - Statement - Break: null

2018-05-28 12:48:27 - [TEST_STEP][PASSED] - selectOptionByIndex: All options with index in [3] are selected on object 'Object Repository/DispensaryToStore/Page_Store/select_--Select--Adernaline 0.'

2018-05-28 12:48:27 - [MESSAGE][PASSED] - All options with index in [3] are selected on object 'Object Repository/DispensaryToStore/Page_Store/select_--Select--Adernaline 0.'

2018-05-28 12:48:27 - [TEST_STEP][PASSED] - delay: Delayed 2 second(s)

2018-05-28 12:48:29 - [MESSAGE][PASSED] - Delayed 2 second(s)

2018-05-28 12:48:29 - [TEST_STEP][PASSED] - Statement - RequestedQty = com.kms.katalon.core.webui.keyword.WebUiBuiltInKeywords.getAttribute(com.kms.katalon.core.testobject.ObjectRepository.findTestObject(DispensaryToStore/Page_Store/input_txttotal), "value"): Attribute 'value' of object 'Object Repository/DispensaryToStore/Page_Store/input_txttotal' is: '10'

2018-05-28 12:48:29 - [MESSAGE][PASSED] - Attribute 'value' of object 'Object Repository/DispensaryToStore/Page_Store/input_txttotal' is: '10'

2018-05-28 12:48:29 - [TEST_STEP][PASSED] - Statement - out.println("Requested QTY : " + RequestedQty): null

2018-05-28 12:48:29 - [TEST_STEP][PASSED] - Statement - BatchNumber = com.kms.katalon.core.webui.keyword.WebUiBuiltInKeywords.getNumberOfTotalOption(com.kms.katalon.core.testobject.ObjectRepository.findTestObject(DispensaryToStore/Page_Store/select_--Select--BA1170BA2376B)): 3 options of object 'Object Repository/DispensaryToStore/Page_Store/select_--Select--BA1170BA2376B' counted

2018-05-28 12:48:29 - [MESSAGE][PASSED] - 3 options of object 'Object Repository/DispensaryToStore/Page_Store/select_--Select--BA1170BA2376B' counted

2018-05-28 12:48:29 - [TEST_STEP][PASSED] - Statement - For ([g = 1, g <= BatchNumber - 1, (g++)]): null

2018-05-28 12:48:29 - [TEST_STEP][PASSED] - selectOptionByIndex: All options with index in [1] are selected on object 'Object Repository/DispensaryToStore/Page_Store/select_--Select--BA1170BA2376B'

2018-05-28 12:48:29 - [MESSAGE][PASSED] - All options with index in [1] are selected on object 'Object Repository/DispensaryToStore/Page_Store/select_--Select--BA1170BA2376B'

2018-05-28 12:48:29 - [TEST_STEP][PASSED] - Statement - Try: null

2018-05-28 12:48:29 - [TEST_STEP][PASSED] - Statement - StockQty = com.kms.katalon.core.webui.keyword.WebUiBuiltInKeywords.getAttribute(com.kms.katalon.core.testobject.ObjectRepository.findTestObject(DispensaryToStore/Page_Store/input_txtprice), "value"): Attribute 'value' of object 'Object Repository/DispensaryToStore/Page_Store/input_txtprice' is: '440'

2018-05-28 12:48:29 - [MESSAGE][PASSED] - Attribute 'value' of object 'Object Repository/DispensaryToStore/Page_Store/input_txtprice' is: '440'

2018-05-28 12:48:29 - [TEST_STEP][PASSED] - Statement - out.println("Stock QTY : " + StockQty): null

2018-05-28 12:48:29 - [TEST_STEP][PASSED] - delay: Delayed 2 second(s)

2018-05-28 12:48:31 - [MESSAGE][PASSED] - Delayed 2 second(s)

2018-05-28 12:48:31 - [TEST_STEP][PASSED] - Statement - If (java.lang.String.valueOf(StockQty) >= java.lang.String.valueOf(RequestedQty)): null

2018-05-28 12:48:31 - [TEST_STEP][PASSED] - setText: Text '10' is set on object 'Object Repository/DispensaryToStore/Page_Store/input_txtqty'

2018-05-28 12:48:31 - [MESSAGE][PASSED] - Text '10' is set on object 'Object Repository/DispensaryToStore/Page_Store/input_txtqty'

2018-05-28 12:48:31 - [TEST_STEP][PASSED] - click: Object: 'Object Repository/DispensaryToStore/Page_Store/button_Add' is clicked on

2018-05-28 12:48:32 - [MESSAGE][PASSED] - Object: 'Object Repository/DispensaryToStore/Page_Store/button_Add' is clicked on

2018-05-28 12:48:32 - [TEST_STEP][PASSED] - Statement - Break: null

2018-05-28 12:48:32 - [TEST_STEP][PASSED] - selectOptionByIndex: All options with index in [4] are selected on object 'Object Repository/DispensaryToStore/Page_Store/select_--Select--Adernaline 0.'

2018-05-28 12:48:32 - [MESSAGE][PASSED] - All options with index in [4] are selected on object 'Object Repository/DispensaryToStore/Page_Store/select_--Select--Adernaline 0.'

2018-05-28 12:48:32 - [TEST_STEP][PASSED] - delay: Delayed 2 second(s)

2018-05-28 12:48:34 - [MESSAGE][PASSED] - Delayed 2 second(s)

2018-05-28 12:48:34 - [TEST_STEP][PASSED] - Statement - RequestedQty = com.kms.katalon.core.webui.keyword.WebUiBuiltInKeywords.getAttribute(com.kms.katalon.core.testobject.ObjectRepository.findTestObject(DispensaryToStore/Page_Store/input_txttotal), "value"): Attribute 'value' of object 'Object Repository/DispensaryToStore/Page_Store/input_txttotal' is: '10'

2018-05-28 12:48:34 - [MESSAGE][PASSED] - Attribute 'value' of object 'Object Repository/DispensaryToStore/Page_Store/input_txttotal' is: '10'

2018-05-28 12:48:34 - [TEST_STEP][PASSED] - Statement - out.println("Requested QTY : " + RequestedQty): null

2018-05-28 12:48:34 - [TEST_STEP][PASSED] - Statement - BatchNumber = com.kms.katalon.core.webui.keyword.WebUiBuiltInKeywords.getNumberOfTotalOption(com.kms.katalon.core.testobject.ObjectRepository.findTestObject(DispensaryToStore/Page_Store/select_--Select--BA1170BA2376B)): 3 options of object 'Object Repository/DispensaryToStore/Page_Store/select_--Select--BA1170BA2376B' counted

2018-05-28 12:48:34 - [MESSAGE][PASSED] - 3 options of object 'Object Repository/DispensaryToStore/Page_Store/select_--Select--BA1170BA2376B' counted

2018-05-28 12:48:34 - [TEST_STEP][PASSED] - Statement - For ([g = 1, g <= BatchNumber - 1, (g++)]): null

2018-05-28 12:48:34 - [TEST_STEP][PASSED] - selectOptionByIndex: All options with index in [1] are selected on object 'Object Repository/DispensaryToStore/Page_Store/select_--Select--BA1170BA2376B'

2018-05-28 12:48:34 - [MESSAGE][PASSED] - All options with index in [1] are selected on object 'Object Repository/DispensaryToStore/Page_Store/select_--Select--BA1170BA2376B'

2018-05-28 12:48:34 - [TEST_STEP][PASSED] - Statement - Try: null

2018-05-28 12:48:34 - [TEST_STEP][PASSED] - Statement - StockQty = com.kms.katalon.core.webui.keyword.WebUiBuiltInKeywords.getAttribute(com.kms.katalon.core.testobject.ObjectRepository.findTestObject(DispensaryToStore/Page_Store/input_txtprice), "value"): Attribute 'value' of object 'Object Repository/DispensaryToStore/Page_Store/input_txtprice' is: '440'

2018-05-28 12:48:34 - [MESSAGE][PASSED] - Attribute 'value' of object 'Object Repository/DispensaryToStore/Page_Store/input_txtprice' is: '440'

2018-05-28 12:48:34 - [TEST_STEP][PASSED] - Statement - out.println("Stock QTY : " + StockQty): null

2018-05-28 12:48:34 - [TEST_STEP][PASSED] - delay: Delayed 2 second(s)

2018-05-28 12:48:36 - [MESSAGE][PASSED] - Delayed 2 second(s)

2018-05-28 12:48:36 - [TEST_STEP][PASSED] - Statement - If (java.lang.String.valueOf(StockQty) >= java.lang.String.valueOf(RequestedQty)): null

2018-05-28 12:48:36 - [TEST_STEP][PASSED] - setText: Text '10' is set on object 'Object Repository/DispensaryToStore/Page_Store/input_txtqty'

2018-05-28 12:48:36 - [MESSAGE][PASSED] - Text '10' is set on object 'Object Repository/DispensaryToStore/Page_Store/input_txtqty'

2018-05-28 12:48:36 - [TEST_STEP][PASSED] - click: Object: 'Object Repository/DispensaryToStore/Page_Store/button_Add' is clicked on

2018-05-28 12:48:36 - [MESSAGE][PASSED] - Object: 'Object Repository/DispensaryToStore/Page_Store/button_Add' is clicked on

2018-05-28 12:48:36 - [TEST_STEP][PASSED] - Statement - Break: null

2018-05-28 12:48:36 - [TEST_STEP][PASSED] - selectOptionByIndex: All options with index in [5] are selected on object 'Object Repository/DispensaryToStore/Page_Store/select_--Select--Adernaline 0.'

2018-05-28 12:48:36 - [MESSAGE][PASSED] - All options with index in [5] are selected on object 'Object Repository/DispensaryToStore/Page_Store/select_--Select--Adernaline 0.'

2018-05-28 12:48:36 - [TEST_STEP][PASSED] - delay: Delayed 2 second(s)

2018-05-28 12:48:38 - [MESSAGE][PASSED] - Delayed 2 second(s)

2018-05-28 12:48:38 - [TEST_STEP][PASSED] - Statement - RequestedQty = com.kms.katalon.core.webui.keyword.WebUiBuiltInKeywords.getAttribute(com.kms.katalon.core.testobject.ObjectRepository.findTestObject(DispensaryToStore/Page_Store/input_txttotal), "value"): Attribute 'value' of object 'Object Repository/DispensaryToStore/Page_Store/input_txttotal' is: '10'

2018-05-28 12:48:38 - [MESSAGE][PASSED] - Attribute 'value' of object 'Object Repository/DispensaryToStore/Page_Store/input_txttotal' is: '10'

2018-05-28 12:48:38 - [TEST_STEP][PASSED] - Statement - out.println("Requested QTY : " + RequestedQty): null

2018-05-28 12:48:38 - [TEST_STEP][PASSED] - Statement - BatchNumber = com.kms.katalon.core.webui.keyword.WebUiBuiltInKeywords.getNumberOfTotalOption(com.kms.katalon.core.testobject.ObjectRepository.findTestObject(DispensaryToStore/Page_Store/select_--Select--BA1170BA2376B)): 4 options of object 'Object Repository/DispensaryToStore/Page_Store/select_--Select--BA1170BA2376B' counted

2018-05-28 12:48:39 - [MESSAGE][PASSED] - 4 options of object 'Object Repository/DispensaryToStore/Page_Store/select_--Select--BA1170BA2376B' counted

2018-05-28 12:48:39 - [TEST_STEP][PASSED] - Statement - For ([g = 1, g <= BatchNumber - 1, (g++)]): null

2018-05-28 12:48:39 - [TEST_STEP][PASSED] - selectOptionByIndex: All options with index in [1] are selected on object 'Object Repository/DispensaryToStore/Page_Store/select_--Select--BA1170BA2376B'

2018-05-28 12:48:39 - [MESSAGE][PASSED] - All options with index in [1] are selected on object 'Object Repository/DispensaryToStore/Page_Store/select_--Select--BA1170BA2376B'

2018-05-28 12:48:39 - [TEST_STEP][PASSED] - Statement - Try: null

2018-05-28 12:48:39 - [TEST_STEP][PASSED] - Statement - StockQty = com.kms.katalon.core.webui.keyword.WebUiBuiltInKeywords.getAttribute(com.kms.katalon.core.testobject.ObjectRepository.findTestObject(DispensaryToStore/Page_Store/input_txtprice), "value"): Attribute 'value' of object 'Object Repository/DispensaryToStore/Page_Store/input_txtprice' is: '90'

2018-05-28 12:48:39 - [MESSAGE][PASSED] - Attribute 'value' of object 'Object Repository/DispensaryToStore/Page_Store/input_txtprice' is: '90'

2018-05-28 12:48:39 - [TEST_STEP][PASSED] - Statement - out.println("Stock QTY : " + StockQty): null

2018-05-28 12:48:39 - [TEST_STEP][PASSED] - delay: Delayed 2 second(s)

2018-05-28 12:48:41 - [MESSAGE][PASSED] - Delayed 2 second(s)

2018-05-28 12:48:41 - [TEST_STEP][PASSED] - Statement - If (java.lang.String.valueOf(StockQty) >= java.lang.String.valueOf(RequestedQty)): null

2018-05-28 12:48:41 - [TEST_STEP][PASSED] - setText: Text '10' is set on object 'Object Repository/DispensaryToStore/Page_Store/input_txtqty'

2018-05-28 12:48:41 - [MESSAGE][PASSED] - Text '10' is set on object 'Object Repository/DispensaryToStore/Page_Store/input_txtqty'

2018-05-28 12:48:41 - [TEST_STEP][PASSED] - click: Object: 'Object Repository/DispensaryToStore/Page_Store/button_Add' is clicked on

2018-05-28 12:48:41 - [MESSAGE][PASSED] - Object: 'Object Repository/DispensaryToStore/Page_Store/button_Add' is clicked on

2018-05-28 12:48:41 - [TEST_STEP][PASSED] - Statement - Break: null

2018-05-28 12:48:41 - [TEST_STEP][PASSED] - selectOptionByIndex: All options with index in [6] are selected on object 'Object Repository/DispensaryToStore/Page_Store/select_--Select--Adernaline 0.'

2018-05-28 12:48:41 - [MESSAGE][PASSED] - All options with index in [6] are selected on object 'Object Repository/DispensaryToStore/Page_Store/select_--Select--Adernaline 0.'

2018-05-28 12:48:41 - [TEST_STEP][PASSED] - delay: Delayed 2 second(s)

2018-05-28 12:48:43 - [MESSAGE][PASSED] - Delayed 2 second(s)

2018-05-28 12:48:43 - [TEST_STEP][PASSED] - Statement - RequestedQty = com.kms.katalon.core.webui.keyword.WebUiBuiltInKeywords.getAttribute(com.kms.katalon.core.testobject.ObjectRepository.findTestObject(DispensaryToStore/Page_Store/input_txttotal), "value"): Attribute 'value' of object 'Object Repository/DispensaryToStore/Page_Store/input_txttotal' is: '10'

2018-05-28 12:48:43 - [MESSAGE][PASSED] - Attribute 'value' of object 'Object Repository/DispensaryToStore/Page_Store/input_txttotal' is: '10'

2018-05-28 12:48:43 - [TEST_STEP][PASSED] - Statement - out.println("Requested QTY : " + RequestedQty): null

2018-05-28 12:48:43 - [TEST_STEP][PASSED] - Statement - BatchNumber = com.kms.katalon.core.webui.keyword.WebUiBuiltInKeywords.getNumberOfTotalOption(com.kms.katalon.core.testobject.ObjectRepository.findTestObject(DispensaryToStore/Page_Store/select_--Select--BA1170BA2376B)): 3 options of object 'Object Repository/DispensaryToStore/Page_Store/select_--Select--BA1170BA2376B' counted

2018-05-28 12:48:43 - [MESSAGE][PASSED] - 3 options of object 'Object Repository/DispensaryToStore/Page_Store/select_--Select--BA1170BA2376B' counted

2018-05-28 12:48:43 - [TEST_STEP][PASSED] - Statement - For ([g = 1, g <= BatchNumber - 1, (g++)]): null

2018-05-28 12:48:43 - [TEST_STEP][PASSED] - selectOptionByIndex: All options with index in [1] are selected on object 'Object Repository/DispensaryToStore/Page_Store/select_--Select--BA1170BA2376B'

2018-05-28 12:48:43 - [MESSAGE][PASSED] - All options with index in [1] are selected on object 'Object Repository/DispensaryToStore/Page_Store/select_--Select--BA1170BA2376B'

2018-05-28 12:48:43 - [TEST_STEP][PASSED] - Statement - Try: null

2018-05-28 12:48:43 - [TEST_STEP][PASSED] - Statement - StockQty = com.kms.katalon.core.webui.keyword.WebUiBuiltInKeywords.getAttribute(com.kms.katalon.core.testobject.ObjectRepository.findTestObject(DispensaryToStore/Page_Store/input_txtprice), "value"): Attribute 'value' of object 'Object Repository/DispensaryToStore/Page_Store/input_txtprice' is: '440'

2018-05-28 12:48:43 - [MESSAGE][PASSED] - Attribute 'value' of object 'Object Repository/DispensaryToStore/Page_Store/input_txtprice' is: '440'

2018-05-28 12:48:43 - [TEST_STEP][PASSED] - Statement - out.println("Stock QTY : " + StockQty): null

2018-05-28 12:48:43 - [TEST_STEP][PASSED] - delay: Delayed 2 second(s)

2018-05-28 12:48:45 - [MESSAGE][PASSED] - Delayed 2 second(s)

2018-05-28 12:48:45 - [TEST_STEP][PASSED] - Statement - If (java.lang.String.valueOf(StockQty) >= java.lang.String.valueOf(RequestedQty)): null

2018-05-28 12:48:45 - [TEST_STEP][PASSED] - setText: Text '10' is set on object 'Object Repository/DispensaryToStore/Page_Store/input_txtqty'

2018-05-28 12:48:45 - [MESSAGE][PASSED] - Text '10' is set on object 'Object Repository/DispensaryToStore/Page_Store/input_txtqty'

2018-05-28 12:48:45 - [TEST_STEP][PASSED] - click: Object: 'Object Repository/DispensaryToStore/Page_Store/button_Add' is clicked on

2018-05-28 12:48:45 - [MESSAGE][PASSED] - Object: 'Object Repository/DispensaryToStore/Page_Store/button_Add' is clicked on

2018-05-28 12:48:45 - [TEST_STEP][PASSED] - Statement - Break: null

2018-05-28 12:48:45 - [TEST_STEP][PASSED] - selectOptionByIndex: All options with index in [7] are selected on object 'Object Repository/DispensaryToStore/Page_Store/select_--Select--Adernaline 0.'

2018-05-28 12:48:46 - [MESSAGE][PASSED] - All options with index in [7] are selected on object 'Object Repository/DispensaryToStore/Page_Store/select_--Select--Adernaline 0.'

2018-05-28 12:48:46 - [TEST_STEP][PASSED] - delay: Delayed 2 second(s)

2018-05-28 12:48:48 - [MESSAGE][PASSED] - Delayed 2 second(s)

2018-05-28 12:48:48 - [TEST_STEP][PASSED] - Statement - RequestedQty = com.kms.katalon.core.webui.keyword.WebUiBuiltInKeywords.getAttribute(com.kms.katalon.core.testobject.ObjectRepository.findTestObject(DispensaryToStore/Page_Store/input_txttotal), "value"): Attribute 'value' of object 'Object Repository/DispensaryToStore/Page_Store/input_txttotal' is: '10'

2018-05-28 12:48:48 - [MESSAGE][PASSED] - Attribute 'value' of object 'Object Repository/DispensaryToStore/Page_Store/input_txttotal' is: '10'

2018-05-28 12:48:48 - [TEST_STEP][PASSED] - Statement - out.println("Requested QTY : " + RequestedQty): null

2018-05-28 12:48:48 - [TEST_STEP][PASSED] - Statement - BatchNumber = com.kms.katalon.core.webui.keyword.WebUiBuiltInKeywords.getNumberOfTotalOption(com.kms.katalon.core.testobject.ObjectRepository.findTestObject(DispensaryToStore/Page_Store/select_--Select--BA1170BA2376B)): 4 options of object 'Object Repository/DispensaryToStore/Page_Store/select_--Select--BA1170BA2376B' counted

2018-05-28 12:48:48 - [MESSAGE][PASSED] - 4 options of object 'Object Repository/DispensaryToStore/Page_Store/select_--Select--BA1170BA2376B' counted

2018-05-28 12:48:48 - [TEST_STEP][PASSED] - Statement - For ([g = 1, g <= BatchNumber - 1, (g++)]): null

2018-05-28 12:48:48 - [TEST_STEP][PASSED] - selectOptionByIndex: All options with index in [1] are selected on object 'Object Repository/DispensaryToStore/Page_Store/select_--Select--BA1170BA2376B'

2018-05-28 12:48:48 - [MESSAGE][PASSED] - All options with index in [1] are selected on object 'Object Repository/DispensaryToStore/Page_Store/select_--Select--BA1170BA2376B'

2018-05-28 12:48:48 - [TEST_STEP][PASSED] - Statement - Try: null

2018-05-28 12:48:48 - [TEST_STEP][PASSED] - Statement - StockQty = com.kms.katalon.core.webui.keyword.WebUiBuiltInKeywords.getAttribute(com.kms.katalon.core.testobject.ObjectRepository.findTestObject(DispensaryToStore/Page_Store/input_txtprice), "value"): Attribute 'value' of object 'Object Repository/DispensaryToStore/Page_Store/input_txtprice' is: '90'

2018-05-28 12:48:48 - [MESSAGE][PASSED] - Attribute 'value' of object 'Object Repository/DispensaryToStore/Page_Store/input_txtprice' is: '90'

2018-05-28 12:48:48 - [TEST_STEP][PASSED] - Statement - out.println("Stock QTY : " + StockQty): null

2018-05-28 12:48:48 - [TEST_STEP][PASSED] - delay: Delayed 2 second(s)

2018-05-28 12:48:50 - [MESSAGE][PASSED] - Delayed 2 second(s)

2018-05-28 12:48:50 - [TEST_STEP][PASSED] - Statement - If (java.lang.String.valueOf(StockQty) >= java.lang.String.valueOf(RequestedQty)): null

2018-05-28 12:48:50 - [TEST_STEP][PASSED] - setText: Text '10' is set on object 'Object Repository/DispensaryToStore/Page_Store/input_txtqty'

2018-05-28 12:48:50 - [MESSAGE][PASSED] - Text '10' is set on object 'Object Repository/DispensaryToStore/Page_Store/input_txtqty'

2018-05-28 12:48:50 - [TEST_STEP][PASSED] - click: Object: 'Object Repository/DispensaryToStore/Page_Store/button_Add' is clicked on

2018-05-28 12:48:50 - [MESSAGE][PASSED] - Object: 'Object Repository/DispensaryToStore/Page_Store/button_Add' is clicked on

2018-05-28 12:48:50 - [TEST_STEP][PASSED] - Statement - Break: null

2018-05-28 12:48:50 - [TEST_STEP][PASSED] - selectOptionByIndex: All options with index in [8] are selected on object 'Object Repository/DispensaryToStore/Page_Store/select_--Select--Adernaline 0.'

2018-05-28 12:48:50 - [MESSAGE][PASSED] - All options with index in [8] are selected on object 'Object Repository/DispensaryToStore/Page_Store/select_--Select--Adernaline 0.'

2018-05-28 12:48:50 - [TEST_STEP][PASSED] - delay: Delayed 2 second(s)

2018-05-28 12:48:52 - [MESSAGE][PASSED] - Delayed 2 second(s)

2018-05-28 12:48:52 - [TEST_STEP][PASSED] - Statement - RequestedQty = com.kms.katalon.core.webui.keyword.WebUiBuiltInKeywords.getAttribute(com.kms.katalon.core.testobject.ObjectRepository.findTestObject(DispensaryToStore/Page_Store/input_txttotal), "value"): Attribute 'value' of object 'Object Repository/DispensaryToStore/Page_Store/input_txttotal' is: '10'

2018-05-28 12:48:52 - [MESSAGE][PASSED] - Attribute 'value' of object 'Object Repository/DispensaryToStore/Page_Store/input_txttotal' is: '10'

2018-05-28 12:48:52 - [TEST_STEP][PASSED] - Statement - out.println("Requested QTY : " + RequestedQty): null

2018-05-28 12:48:52 - [TEST_STEP][PASSED] - Statement - BatchNumber = com.kms.katalon.core.webui.keyword.WebUiBuiltInKeywords.getNumberOfTotalOption(com.kms.katalon.core.testobject.ObjectRepository.findTestObject(DispensaryToStore/Page_Store/select_--Select--BA1170BA2376B)): 3 options of object 'Object Repository/DispensaryToStore/Page_Store/select_--Select--BA1170BA2376B' counted

2018-05-28 12:48:52 - [MESSAGE][PASSED] - 3 options of object 'Object Repository/DispensaryToStore/Page_Store/select_--Select--BA1170BA2376B' counted

2018-05-28 12:48:52 - [TEST_STEP][PASSED] - Statement - For ([g = 1, g <= BatchNumber - 1, (g++)]): null

2018-05-28 12:48:52 - [TEST_STEP][PASSED] - selectOptionByIndex: All options with index in [1] are selected on object 'Object Repository/DispensaryToStore/Page_Store/select_--Select--BA1170BA2376B'

2018-05-28 12:48:53 - [MESSAGE][PASSED] - All options with index in [1] are selected on object 'Object Repository/DispensaryToStore/Page_Store/select_--Select--BA1170BA2376B'

2018-05-28 12:48:53 - [TEST_STEP][PASSED] - Statement - Try: null

2018-05-28 12:48:53 - [TEST_STEP][PASSED] - Statement - StockQty = com.kms.katalon.core.webui.keyword.WebUiBuiltInKeywords.getAttribute(com.kms.katalon.core.testobject.ObjectRepository.findTestObject(DispensaryToStore/Page_Store/input_txtprice), "value"): Attribute 'value' of object 'Object Repository/DispensaryToStore/Page_Store/input_txtprice' is: '440'

2018-05-28 12:48:53 - [MESSAGE][PASSED] - Attribute 'value' of object 'Object Repository/DispensaryToStore/Page_Store/input_txtprice' is: '440'

2018-05-28 12:48:53 - [TEST_STEP][PASSED] - Statement - out.println("Stock QTY : " + StockQty): null

2018-05-28 12:48:53 - [TEST_STEP][PASSED] - delay: Delayed 2 second(s)

2018-05-28 12:48:55 - [MESSAGE][PASSED] - Delayed 2 second(s)

2018-05-28 12:48:55 - [TEST_STEP][PASSED] - Statement - If (java.lang.String.valueOf(StockQty) >= java.lang.String.valueOf(RequestedQty)): null

2018-05-28 12:48:55 - [TEST_STEP][PASSED] - setText: Text '10' is set on object 'Object Repository/DispensaryToStore/Page_Store/input_txtqty'

2018-05-28 12:48:55 - [MESSAGE][PASSED] - Text '10' is set on object 'Object Repository/DispensaryToStore/Page_Store/input_txtqty'

2018-05-28 12:48:55 - [TEST_STEP][PASSED] - click: Object: 'Object Repository/DispensaryToStore/Page_Store/button_Add' is clicked on

2018-05-28 12:48:55 - [MESSAGE][PASSED] - Object: 'Object Repository/DispensaryToStore/Page_Store/button_Add' is clicked on

2018-05-28 12:48:55 - [TEST_STEP][PASSED] - Statement - Break: null

2018-05-28 12:48:55 - [TEST_STEP][PASSED] - selectOptionByIndex: All options with index in [9] are selected on object 'Object Repository/DispensaryToStore/Page_Store/select_--Select--Adernaline 0.'

2018-05-28 12:48:55 - [MESSAGE][PASSED] - All options with index in [9] are selected on object 'Object Repository/DispensaryToStore/Page_Store/select_--Select--Adernaline 0.'

2018-05-28 12:48:55 - [TEST_STEP][PASSED] - delay: Delayed 2 second(s)

2018-05-28 12:48:57 - [MESSAGE][PASSED] - Delayed 2 second(s)

2018-05-28 12:48:57 - [TEST_STEP][PASSED] - Statement - RequestedQty = com.kms.katalon.core.webui.keyword.WebUiBuiltInKeywords.getAttribute(com.kms.katalon.core.testobject.ObjectRepository.findTestObject(DispensaryToStore/Page_Store/input_txttotal), "value"): Attribute 'value' of object 'Object Repository/DispensaryToStore/Page_Store/input_txttotal' is: '10'

2018-05-28 12:48:57 - [MESSAGE][PASSED] - Attribute 'value' of object 'Object Repository/DispensaryToStore/Page_Store/input_txttotal' is: '10'

2018-05-28 12:48:57 - [TEST_STEP][PASSED] - Statement - out.println("Requested QTY : " + RequestedQty): null

2018-05-28 12:48:57 - [TEST_STEP][PASSED] - Statement - BatchNumber = com.kms.katalon.core.webui.keyword.WebUiBuiltInKeywords.getNumberOfTotalOption(com.kms.katalon.core.testobject.ObjectRepository.findTestObject(DispensaryToStore/Page_Store/select_--Select--BA1170BA2376B)): 3 options of object 'Object Repository/DispensaryToStore/Page_Store/select_--Select--BA1170BA2376B' counted

2018-05-28 12:48:57 - [MESSAGE][PASSED] - 3 options of object 'Object Repository/DispensaryToStore/Page_Store/select_--Select--BA1170BA2376B' counted

2018-05-28 12:48:57 - [TEST_STEP][PASSED] - Statement - For ([g = 1, g <= BatchNumber - 1, (g++)]): null

2018-05-28 12:48:57 - [TEST_STEP][PASSED] - selectOptionByIndex: All options with index in [1] are selected on object 'Object Repository/DispensaryToStore/Page_Store/select_--Select--BA1170BA2376B'

2018-05-28 12:48:57 - [MESSAGE][PASSED] - All options with index in [1] are selected on object 'Object Repository/DispensaryToStore/Page_Store/select_--Select--BA1170BA2376B'

2018-05-28 12:48:57 - [TEST_STEP][PASSED] - Statement - Try: null

2018-05-28 12:48:57 - [TEST_STEP][PASSED] - Statement - StockQty = com.kms.katalon.core.webui.keyword.WebUiBuiltInKeywords.getAttribute(com.kms.katalon.core.testobject.ObjectRepository.findTestObject(DispensaryToStore/Page_Store/input_txtprice), "value"): Attribute 'value' of object 'Object Repository/DispensaryToStore/Page_Store/input_txtprice' is: '440'

2018-05-28 12:48:57 - [MESSAGE][PASSED] - Attribute 'value' of object 'Object Repository/DispensaryToStore/Page_Store/input_txtprice' is: '440'

2018-05-28 12:48:57 - [TEST_STEP][PASSED] - Statement - out.println("Stock QTY : " + StockQty): null

2018-05-28 12:48:57 - [TEST_STEP][PASSED] - delay: Delayed 2 second(s)

2018-05-28 12:48:59 - [MESSAGE][PASSED] - Delayed 2 second(s)

2018-05-28 12:48:59 - [TEST_STEP][PASSED] - Statement - If (java.lang.String.valueOf(StockQty) >= java.lang.String.valueOf(RequestedQty)): null

2018-05-28 12:48:59 - [TEST_STEP][PASSED] - setText: Text '10' is set on object 'Object Repository/DispensaryToStore/Page_Store/input_txtqty'

2018-05-28 12:48:59 - [MESSAGE][PASSED] - Text '10' is set on object 'Object Repository/DispensaryToStore/Page_Store/input_txtqty'

2018-05-28 12:48:59 - [TEST_STEP][PASSED] - click: Object: 'Object Repository/DispensaryToStore/Page_Store/button_Add' is clicked on

2018-05-28 12:48:59 - [MESSAGE][PASSED] - Object: 'Object Repository/DispensaryToStore/Page_Store/button_Add' is clicked on

2018-05-28 12:48:59 - [TEST_STEP][PASSED] - Statement - Break: null

2018-05-28 12:48:59 - [TEST_STEP][PASSED] - selectOptionByIndex: All options with index in [10] are selected on object 'Object Repository/DispensaryToStore/Page_Store/select_--Select--Adernaline 0.'

2018-05-28 12:49:00 - [MESSAGE][PASSED] - All options with index in [10] are selected on object 'Object Repository/DispensaryToStore/Page_Store/select_--Select--Adernaline 0.'

2018-05-28 12:49:00 - [TEST_STEP][PASSED] - delay: Delayed 2 second(s)

2018-05-28 12:49:02 - [MESSAGE][PASSED] - Delayed 2 second(s)

2018-05-28 12:49:02 - [TEST_STEP][PASSED] - Statement - RequestedQty = com.kms.katalon.core.webui.keyword.WebUiBuiltInKeywords.getAttribute(com.kms.katalon.core.testobject.ObjectRepository.findTestObject(DispensaryToStore/Page_Store/input_txttotal), "value"): Attribute 'value' of object 'Object Repository/DispensaryToStore/Page_Store/input_txttotal' is: '10'

2018-05-28 12:49:02 - [MESSAGE][PASSED] - Attribute 'value' of object 'Object Repository/DispensaryToStore/Page_Store/input_txttotal' is: '10'

2018-05-28 12:49:02 - [TEST_STEP][PASSED] - Statement - out.println("Requested QTY : " + RequestedQty): null

2018-05-28 12:49:02 - [TEST_STEP][PASSED] - Statement - BatchNumber = com.kms.katalon.core.webui.keyword.WebUiBuiltInKeywords.getNumberOfTotalOption(com.kms.katalon.core.testobject.ObjectRepository.findTestObject(DispensaryToStore/Page_Store/select_--Select--BA1170BA2376B)): 3 options of object 'Object Repository/DispensaryToStore/Page_Store/select_--Select--BA1170BA2376B' counted

2018-05-28 12:49:02 - [MESSAGE][PASSED] - 3 options of object 'Object Repository/DispensaryToStore/Page_Store/select_--Select--BA1170BA2376B' counted

2018-05-28 12:49:02 - [TEST_STEP][PASSED] - Statement - For ([g = 1, g <= BatchNumber - 1, (g++)]): null

2018-05-28 12:49:02 - [TEST_STEP][PASSED] - selectOptionByIndex: All options with index in [1] are selected on object 'Object Repository/DispensaryToStore/Page_Store/select_--Select--BA1170BA2376B'

2018-05-28 12:49:02 - [MESSAGE][PASSED] - All options with index in [1] are selected on object 'Object Repository/DispensaryToStore/Page_Store/select_--Select--BA1170BA2376B'

2018-05-28 12:49:02 - [TEST_STEP][PASSED] - Statement - Try: null

2018-05-28 12:49:02 - [TEST_STEP][PASSED] - Statement - StockQty = com.kms.katalon.core.webui.keyword.WebUiBuiltInKeywords.getAttribute(com.kms.katalon.core.testobject.ObjectRepository.findTestObject(DispensaryToStore/Page_Store/input_txtprice), "value"): Attribute 'value' of object 'Object Repository/DispensaryToStore/Page_Store/input_txtprice' is: '440'

2018-05-28 12:49:02 - [MESSAGE][PASSED] - Attribute 'value' of object 'Object Repository/DispensaryToStore/Page_Store/input_txtprice' is: '440'

2018-05-28 12:49:02 - [TEST_STEP][PASSED] - Statement - out.println("Stock QTY : " + StockQty): null

2018-05-28 12:49:02 - [TEST_STEP][PASSED] - delay: Delayed 2 second(s)

2018-05-28 12:49:04 - [MESSAGE][PASSED] - Delayed 2 second(s)

2018-05-28 12:49:04 - [TEST_STEP][PASSED] - Statement - If (java.lang.String.valueOf(StockQty) >= java.lang.String.valueOf(RequestedQty)): null

2018-05-28 12:49:04 - [TEST_STEP][PASSED] - setText: Text '10' is set on object 'Object Repository/DispensaryToStore/Page_Store/input_txtqty'

2018-05-28 12:49:04 - [MESSAGE][PASSED] - Text '10' is set on object 'Object Repository/DispensaryToStore/Page_Store/input_txtqty'

2018-05-28 12:49:04 - [TEST_STEP][PASSED] - click: Object: 'Object Repository/DispensaryToStore/Page_Store/button_Add' is clicked on

2018-05-28 12:49:04 - [MESSAGE][PASSED] - Object: 'Object Repository/DispensaryToStore/Page_Store/button_Add' is clicked on

2018-05-28 12:49:04 - [TEST_STEP][PASSED] - Statement - Break: null

2018-05-28 12:49:04 - [TEST_STEP][PASSED] - selectOptionByIndex: All options with index in [11] are selected on object 'Object Repository/DispensaryToStore/Page_Store/select_--Select--Adernaline 0.'

2018-05-28 12:49:04 - [MESSAGE][PASSED] - All options with index in [11] are selected on object 'Object Repository/DispensaryToStore/Page_Store/select_--Select--Adernaline 0.'

2018-05-28 12:49:04 - [TEST_STEP][PASSED] - delay: Delayed 2 second(s)

2018-05-28 12:49:06 - [MESSAGE][PASSED] - Delayed 2 second(s)

2018-05-28 12:49:06 - [TEST_STEP][PASSED] - Statement - RequestedQty = com.kms.katalon.core.webui.keyword.WebUiBuiltInKeywords.getAttribute(com.kms.katalon.core.testobject.ObjectRepository.findTestObject(DispensaryToStore/Page_Store/input_txttotal), "value"): Attribute 'value' of object 'Object Repository/DispensaryToStore/Page_Store/input_txttotal' is: '10'

2018-05-28 12:49:06 - [MESSAGE][PASSED] - Attribute 'value' of object 'Object Repository/DispensaryToStore/Page_Store/input_txttotal' is: '10'

2018-05-28 12:49:06 - [TEST_STEP][PASSED] - Statement - out.println("Requested QTY : " + RequestedQty): null

2018-05-28 12:49:06 - [TEST_STEP][PASSED] - Statement - BatchNumber = com.kms.katalon.core.webui.keyword.WebUiBuiltInKeywords.getNumberOfTotalOption(com.kms.katalon.core.testobject.ObjectRepository.findTestObject(DispensaryToStore/Page_Store/select_--Select--BA1170BA2376B)): 3 options of object 'Object Repository/DispensaryToStore/Page_Store/select_--Select--BA1170BA2376B' counted

2018-05-28 12:49:06 - [MESSAGE][PASSED] - 3 options of object 'Object Repository/DispensaryToStore/Page_Store/select_--Select--BA1170BA2376B' counted

2018-05-28 12:49:06 - [TEST_STEP][PASSED] - Statement - For ([g = 1, g <= BatchNumber - 1, (g++)]): null

2018-05-28 12:49:06 - [TEST_STEP][PASSED] - selectOptionByIndex: All options with index in [1] are selected on object 'Object Repository/DispensaryToStore/Page_Store/select_--Select--BA1170BA2376B'

2018-05-28 12:49:07 - [MESSAGE][PASSED] - All options with index in [1] are selected on object 'Object Repository/DispensaryToStore/Page_Store/select_--Select--BA1170BA2376B'

2018-05-28 12:49:07 - [TEST_STEP][PASSED] - Statement - Try: null

2018-05-28 12:49:07 - [TEST_STEP][PASSED] - Statement - StockQty = com.kms.katalon.core.webui.keyword.WebUiBuiltInKeywords.getAttribute(com.kms.katalon.core.testobject.ObjectRepository.findTestObject(DispensaryToStore/Page_Store/input_txtprice), "value"): Attribute 'value' of object 'Object Repository/DispensaryToStore/Page_Store/input_txtprice' is: '440'

2018-05-28 12:49:07 - [MESSAGE][PASSED] - Attribute 'value' of object 'Object Repository/DispensaryToStore/Page_Store/input_txtprice' is: '440'

2018-05-28 12:49:07 - [TEST_STEP][PASSED] - Statement - out.println("Stock QTY : " + StockQty): null

2018-05-28 12:49:07 - [TEST_STEP][PASSED] - delay: Delayed 2 second(s)

2018-05-28 12:49:09 - [MESSAGE][PASSED] - Delayed 2 second(s)

2018-05-28 12:49:09 - [TEST_STEP][PASSED] - Statement - If (java.lang.String.valueOf(StockQty) >= java.lang.String.valueOf(RequestedQty)): null

2018-05-28 12:49:09 - [TEST_STEP][PASSED] - setText: Text '10' is set on object 'Object Repository/DispensaryToStore/Page_Store/input_txtqty'

2018-05-28 12:49:09 - [MESSAGE][PASSED] - Text '10' is set on object 'Object Repository/DispensaryToStore/Page_Store/input_txtqty'

2018-05-28 12:49:09 - [TEST_STEP][PASSED] - click: Object: 'Object Repository/DispensaryToStore/Page_Store/button_Add' is clicked on

2018-05-28 12:49:09 - [MESSAGE][PASSED] - Object: 'Object Repository/DispensaryToStore/Page_Store/button_Add' is clicked on

2018-05-28 12:49:09 - [TEST_STEP][PASSED] - Statement - Break: null

2018-05-28 12:49:09 - [TEST_STEP][PASSED] - selectOptionByIndex: All options with index in [12] are selected on object 'Object Repository/DispensaryToStore/Page_Store/select_--Select--Adernaline 0.'

2018-05-28 12:49:09 - [MESSAGE][PASSED] - All options with index in [12] are selected on object 'Object Repository/DispensaryToStore/Page_Store/select_--Select--Adernaline 0.'

2018-05-28 12:49:09 - [TEST_STEP][PASSED] - delay: Delayed 2 second(s)

2018-05-28 12:49:11 - [MESSAGE][PASSED] - Delayed 2 second(s)

2018-05-28 12:49:11 - [TEST_STEP][PASSED] - Statement - RequestedQty = com.kms.katalon.core.webui.keyword.WebUiBuiltInKeywords.getAttribute(com.kms.katalon.core.testobject.ObjectRepository.findTestObject(DispensaryToStore/Page_Store/input_txttotal), "value"): Attribute 'value' of object 'Object Repository/DispensaryToStore/Page_Store/input_txttotal' is: '10'

2018-05-28 12:49:11 - [MESSAGE][PASSED] - Attribute 'value' of object 'Object Repository/DispensaryToStore/Page_Store/input_txttotal' is: '10'

2018-05-28 12:49:11 - [TEST_STEP][PASSED] - Statement - out.println("Requested QTY : " + RequestedQty): null

2018-05-28 12:49:11 - [TEST_STEP][PASSED] - Statement - BatchNumber = com.kms.katalon.core.webui.keyword.WebUiBuiltInKeywords.getNumberOfTotalOption(com.kms.katalon.core.testobject.ObjectRepository.findTestObject(DispensaryToStore/Page_Store/select_--Select--BA1170BA2376B)): 2 options of object 'Object Repository/DispensaryToStore/Page_Store/select_--Select--BA1170BA2376B' counted

2018-05-28 12:49:11 - [MESSAGE][PASSED] - 2 options of object 'Object Repository/DispensaryToStore/Page_Store/select_--Select--BA1170BA2376B' counted

2018-05-28 12:49:11 - [TEST_STEP][PASSED] - Statement - For ([g = 1, g <= BatchNumber - 1, (g++)]): null

2018-05-28 12:49:11 - [TEST_STEP][PASSED] - selectOptionByIndex: All options with index in [1] are selected on object 'Object Repository/DispensaryToStore/Page_Store/select_--Select--BA1170BA2376B'

2018-05-28 12:49:11 - [MESSAGE][PASSED] - All options with index in [1] are selected on object 'Object Repository/DispensaryToStore/Page_Store/select_--Select--BA1170BA2376B'

2018-05-28 12:49:11 - [TEST_STEP][PASSED] - Statement - Try: null

2018-05-28 12:49:11 - [TEST_STEP][PASSED] - Statement - StockQty = com.kms.katalon.core.webui.keyword.WebUiBuiltInKeywords.getAttribute(com.kms.katalon.core.testobject.ObjectRepository.findTestObject(DispensaryToStore/Page_Store/input_txtprice), "value"): Attribute 'value' of object 'Object Repository/DispensaryToStore/Page_Store/input_txtprice' is: '510'

2018-05-28 12:49:11 - [MESSAGE][PASSED] - Attribute 'value' of object 'Object Repository/DispensaryToStore/Page_Store/input_txtprice' is: '510'

2018-05-28 12:49:11 - [TEST_STEP][PASSED] - Statement - out.println("Stock QTY : " + StockQty): null

2018-05-28 12:49:11 - [TEST_STEP][PASSED] - delay: Delayed 2 second(s)

2018-05-28 12:49:13 - [MESSAGE][PASSED] - Delayed 2 second(s)

2018-05-28 12:49:13 - [TEST_STEP][PASSED] - Statement - If (java.lang.String.valueOf(StockQty) >= java.lang.String.valueOf(RequestedQty)): null

2018-05-28 12:49:13 - [TEST_STEP][PASSED] - setText: Text '10' is set on object 'Object Repository/DispensaryToStore/Page_Store/input_txtqty'

2018-05-28 12:49:13 - [MESSAGE][PASSED] - Text '10' is set on object 'Object Repository/DispensaryToStore/Page_Store/input_txtqty'

2018-05-28 12:49:13 - [TEST_STEP][PASSED] - click: Object: 'Object Repository/DispensaryToStore/Page_Store/button_Add' is clicked on

2018-05-28 12:49:14 - [MESSAGE][PASSED] - Object: 'Object Repository/DispensaryToStore/Page_Store/button_Add' is clicked on

2018-05-28 12:49:14 - [TEST_STEP][PASSED] - Statement - Break: null

2018-05-28 12:49:14 - [TEST_STEP][PASSED] - selectOptionByIndex: All options with index in [13] are selected on object 'Object Repository/DispensaryToStore/Page_Store/select_--Select--Adernaline 0.'

2018-05-28 12:49:14 - [MESSAGE][PASSED] - All options with index in [13] are selected on object 'Object Repository/DispensaryToStore/Page_Store/select_--Select--Adernaline 0.'

2018-05-28 12:49:14 - [TEST_STEP][PASSED] - delay: Delayed 2 second(s)

2018-05-28 12:49:16 - [MESSAGE][PASSED] - Delayed 2 second(s)

2018-05-28 12:49:16 - [TEST_STEP][PASSED] - Statement - RequestedQty = com.kms.katalon.core.webui.keyword.WebUiBuiltInKeywords.getAttribute(com.kms.katalon.core.testobject.ObjectRepository.findTestObject(DispensaryToStore/Page_Store/input_txttotal), "value"): Attribute 'value' of object 'Object Repository/DispensaryToStore/Page_Store/input_txttotal' is: '10'

2018-05-28 12:49:16 - [MESSAGE][PASSED] - Attribute 'value' of object 'Object Repository/DispensaryToStore/Page_Store/input_txttotal' is: '10'

2018-05-28 12:49:16 - [TEST_STEP][PASSED] - Statement - out.println("Requested QTY : " + RequestedQty): null

2018-05-28 12:49:16 - [TEST_STEP][PASSED] - Statement - BatchNumber = com.kms.katalon.core.webui.keyword.WebUiBuiltInKeywords.getNumberOfTotalOption(com.kms.katalon.core.testobject.ObjectRepository.findTestObject(DispensaryToStore/Page_Store/select_--Select--BA1170BA2376B)): 3 options of object 'Object Repository/DispensaryToStore/Page_Store/select_--Select--BA1170BA2376B' counted

2018-05-28 12:49:16 - [MESSAGE][PASSED] - 3 options of object 'Object Repository/DispensaryToStore/Page_Store/select_--Select--BA1170BA2376B' counted

2018-05-28 12:49:16 - [TEST_STEP][PASSED] - Statement - For ([g = 1, g <= BatchNumber - 1, (g++)]): null

2018-05-28 12:49:16 - [TEST_STEP][PASSED] - selectOptionByIndex: All options with index in [1] are selected on object 'Object Repository/DispensaryToStore/Page_Store/select_--Select--BA1170BA2376B'

2018-05-28 12:49:16 - [MESSAGE][PASSED] - All options with index in [1] are selected on object 'Object Repository/DispensaryToStore/Page_Store/select_--Select--BA1170BA2376B'

2018-05-28 12:49:16 - [TEST_STEP][PASSED] - Statement - Try: null

2018-05-28 12:49:16 - [TEST_STEP][PASSED] - Statement - StockQty = com.kms.katalon.core.webui.keyword.WebUiBuiltInKeywords.getAttribute(com.kms.katalon.core.testobject.ObjectRepository.findTestObject(DispensaryToStore/Page_Store/input_txtprice), "value"): Attribute 'value' of object 'Object Repository/DispensaryToStore/Page_Store/input_txtprice' is: '440'

2018-05-28 12:49:16 - [MESSAGE][PASSED] - Attribute 'value' of object 'Object Repository/DispensaryToStore/Page_Store/input_txtprice' is: '440'

2018-05-28 12:49:16 - [TEST_STEP][PASSED] - Statement - out.println("Stock QTY : " + StockQty): null

2018-05-28 12:49:16 - [TEST_STEP][PASSED] - delay: Delayed 2 second(s)

2018-05-28 12:49:18 - [MESSAGE][PASSED] - Delayed 2 second(s)

2018-05-28 12:49:18 - [TEST_STEP][PASSED] - Statement - If (java.lang.String.valueOf(StockQty) >= java.lang.String.valueOf(RequestedQty)): null

2018-05-28 12:49:18 - [TEST_STEP][PASSED] - setText: Text '10' is set on object 'Object Repository/DispensaryToStore/Page_Store/input_txtqty'

2018-05-28 12:49:18 - [MESSAGE][PASSED] - Text '10' is set on object 'Object Repository/DispensaryToStore/Page_Store/input_txtqty'

2018-05-28 12:49:18 - [TEST_STEP][PASSED] - click: Object: 'Object Repository/DispensaryToStore/Page_Store/button_Add' is clicked on

2018-05-28 12:49:18 - [MESSAGE][PASSED] - Object: 'Object Repository/DispensaryToStore/Page_Store/button_Add' is clicked on

2018-05-28 12:49:18 - [TEST_STEP][PASSED] - Statement - Break: null

2018-05-28 12:49:18 - [TEST_STEP][PASSED] - selectOptionByIndex: All options with index in [14] are selected on object 'Object Repository/DispensaryToStore/Page_Store/select_--Select--Adernaline 0.'

2018-05-28 12:49:18 - [MESSAGE][PASSED] - All options with index in [14] are selected on object 'Object Repository/DispensaryToStore/Page_Store/select_--Select--Adernaline 0.'

2018-05-28 12:49:18 - [TEST_STEP][PASSED] - delay: Delayed 2 second(s)

2018-05-28 12:49:20 - [MESSAGE][PASSED] - Delayed 2 second(s)

2018-05-28 12:49:20 - [TEST_STEP][PASSED] - Statement - RequestedQty = com.kms.katalon.core.webui.keyword.WebUiBuiltInKeywords.getAttribute(com.kms.katalon.core.testobject.ObjectRepository.findTestObject(DispensaryToStore/Page_Store/input_txttotal), "value"): Attribute 'value' of object 'Object Repository/DispensaryToStore/Page_Store/input_txttotal' is: '10'

2018-05-28 12:49:20 - [MESSAGE][PASSED] - Attribute 'value' of object 'Object Repository/DispensaryToStore/Page_Store/input_txttotal' is: '10'

2018-05-28 12:49:20 - [TEST_STEP][PASSED] - Statement - out.println("Requested QTY : " + RequestedQty): null

2018-05-28 12:49:20 - [TEST_STEP][PASSED] - Statement - BatchNumber = com.kms.katalon.core.webui.keyword.WebUiBuiltInKeywords.getNumberOfTotalOption(com.kms.katalon.core.testobject.ObjectRepository.findTestObject(DispensaryToStore/Page_Store/select_--Select--BA1170BA2376B)): 2 options of object 'Object Repository/DispensaryToStore/Page_Store/select_--Select--BA1170BA2376B' counted

2018-05-28 12:49:21 - [MESSAGE][PASSED] - 2 options of object 'Object Repository/DispensaryToStore/Page_Store/select_--Select--BA1170BA2376B' counted

2018-05-28 12:49:21 - [TEST_STEP][PASSED] - Statement - For ([g = 1, g <= BatchNumber - 1, (g++)]): null

2018-05-28 12:49:21 - [TEST_STEP][PASSED] - selectOptionByIndex: All options with index in [1] are selected on object 'Object Repository/DispensaryToStore/Page_Store/select_--Select--BA1170BA2376B'

2018-05-28 12:49:21 - [MESSAGE][PASSED] - All options with index in [1] are selected on object 'Object Repository/DispensaryToStore/Page_Store/select_--Select--BA1170BA2376B'

2018-05-28 12:49:21 - [TEST_STEP][PASSED] - Statement - Try: null

2018-05-28 12:49:21 - [TEST_STEP][PASSED] - Statement - StockQty = com.kms.katalon.core.webui.keyword.WebUiBuiltInKeywords.getAttribute(com.kms.katalon.core.testobject.ObjectRepository.findTestObject(DispensaryToStore/Page_Store/input_txtprice), "value"): Attribute 'value' of object 'Object Repository/DispensaryToStore/Page_Store/input_txtprice' is: '510'

2018-05-28 12:49:21 - [MESSAGE][PASSED] - Attribute 'value' of object 'Object Repository/DispensaryToStore/Page_Store/input_txtprice' is: '510'

2018-05-28 12:49:21 - [TEST_STEP][PASSED] - Statement - out.println("Stock QTY : " + StockQty): null

2018-05-28 12:49:21 - [TEST_STEP][PASSED] - delay: Delayed 2 second(s)

2018-05-28 12:49:23 - [MESSAGE][PASSED] - Delayed 2 second(s)

2018-05-28 12:49:23 - [TEST_STEP][PASSED] - Statement - If (java.lang.String.valueOf(StockQty) >= java.lang.String.valueOf(RequestedQty)): null

2018-05-28 12:49:23 - [TEST_STEP][PASSED] - setText: Text '10' is set on object 'Object Repository/DispensaryToStore/Page_Store/input_txtqty'

2018-05-28 12:49:23 - [MESSAGE][PASSED] - Text '10' is set on object 'Object Repository/DispensaryToStore/Page_Store/input_txtqty'

2018-05-28 12:49:23 - [TEST_STEP][PASSED] - click: Object: 'Object Repository/DispensaryToStore/Page_Store/button_Add' is clicked on

2018-05-28 12:49:23 - [MESSAGE][PASSED] - Object: 'Object Repository/DispensaryToStore/Page_Store/button_Add' is clicked on

2018-05-28 12:49:23 - [TEST_STEP][PASSED] - Statement - Break: null

2018-05-28 12:49:23 - [TEST_STEP][PASSED] - selectOptionByIndex: All options with index in [15] are selected on object 'Object Repository/DispensaryToStore/Page_Store/select_--Select--Adernaline 0.'

2018-05-28 12:49:23 - [MESSAGE][PASSED] - All options with index in [15] are selected on object 'Object Repository/DispensaryToStore/Page_Store/select_--Select--Adernaline 0.'

2018-05-28 12:49:23 - [TEST_STEP][PASSED] - delay: Delayed 2 second(s)

2018-05-28 12:49:25 - [MESSAGE][PASSED] - Delayed 2 second(s)

2018-05-28 12:49:25 - [TEST_STEP][PASSED] - Statement - RequestedQty = com.kms.katalon.core.webui.keyword.WebUiBuiltInKeywords.getAttribute(com.kms.katalon.core.testobject.ObjectRepository.findTestObject(DispensaryToStore/Page_Store/input_txttotal), "value"): Attribute 'value' of object 'Object Repository/DispensaryToStore/Page_Store/input_txttotal' is: '10'

2018-05-28 12:49:25 - [MESSAGE][PASSED] - Attribute 'value' of object 'Object Repository/DispensaryToStore/Page_Store/input_txttotal' is: '10'

2018-05-28 12:49:25 - [TEST_STEP][PASSED] - Statement - out.println("Requested QTY : " + RequestedQty): null

2018-05-28 12:49:25 - [TEST_STEP][PASSED] - Statement - BatchNumber = com.kms.katalon.core.webui.keyword.WebUiBuiltInKeywords.getNumberOfTotalOption(com.kms.katalon.core.testobject.ObjectRepository.findTestObject(DispensaryToStore/Page_Store/select_--Select--BA1170BA2376B)): 2 options of object 'Object Repository/DispensaryToStore/Page_Store/select_--Select--BA1170BA2376B' counted

2018-05-28 12:49:25 - [MESSAGE][PASSED] - 2 options of object 'Object Repository/DispensaryToStore/Page_Store/select_--Select--BA1170BA2376B' counted

2018-05-28 12:49:25 - [TEST_STEP][PASSED] - Statement - For ([g = 1, g <= BatchNumber - 1, (g++)]): null

2018-05-28 12:49:25 - [TEST_STEP][PASSED] - selectOptionByIndex: All options with index in [1] are selected on object 'Object Repository/DispensaryToStore/Page_Store/select_--Select--BA1170BA2376B'

2018-05-28 12:49:25 - [MESSAGE][PASSED] - All options with index in [1] are selected on object 'Object Repository/DispensaryToStore/Page_Store/select_--Select--BA1170BA2376B'

2018-05-28 12:49:25 - [TEST_STEP][PASSED] - Statement - Try: null

2018-05-28 12:49:25 - [TEST_STEP][PASSED] - Statement - StockQty = com.kms.katalon.core.webui.keyword.WebUiBuiltInKeywords.getAttribute(com.kms.katalon.core.testobject.ObjectRepository.findTestObject(DispensaryToStore/Page_Store/input_txtprice), "value"): Attribute 'value' of object 'Object Repository/DispensaryToStore/Page_Store/input_txtprice' is: ''

2018-05-28 12:49:26 - [MESSAGE][PASSED] - Attribute 'value' of object 'Object Repository/DispensaryToStore/Page_Store/input_txtprice' is: ''

2018-05-28 12:49:26 - [TEST_STEP][PASSED] - Statement - out.println("Stock QTY : " + StockQty): null

2018-05-28 12:49:26 - [TEST_STEP][PASSED] - delay: Delayed 2 second(s)

2018-05-28 12:49:28 - [MESSAGE][PASSED] - Delayed 2 second(s)

2018-05-28 12:49:28 - [TEST_STEP][PASSED] - Statement - If (java.lang.String.valueOf(StockQty) >= java.lang.String.valueOf(RequestedQty)): null

2018-05-28 12:49:28 - [TEST_STEP][PASSED] - Statement - Else: null

2018-05-28 12:49:28 - [TEST_STEP][PASSED] - Statement - out.println("Stock Is Less Than Requested Qty"): null

2018-05-28 12:49:28 - [TEST_STEP][PASSED] - selectOptionByIndex: All options with index in [16] are selected on object 'Object Repository/DispensaryToStore/Page_Store/select_--Select--Adernaline 0.'

2018-05-28 12:49:28 - [MESSAGE][PASSED] - All options with index in [16] are selected on object 'Object Repository/DispensaryToStore/Page_Store/select_--Select--Adernaline 0.'

2018-05-28 12:49:28 - [TEST_STEP][PASSED] - delay: Delayed 2 second(s)

2018-05-28 12:49:30 - [MESSAGE][PASSED] - Delayed 2 second(s)

2018-05-28 12:49:30 - [TEST_STEP][PASSED] - Statement - RequestedQty = com.kms.katalon.core.webui.keyword.WebUiBuiltInKeywords.getAttribute(com.kms.katalon.core.testobject.ObjectRepository.findTestObject(DispensaryToStore/Page_Store/input_txttotal), "value"): Attribute 'value' of object 'Object Repository/DispensaryToStore/Page_Store/input_txttotal' is: '10'

2018-05-28 12:49:30 - [MESSAGE][PASSED] - Attribute 'value' of object 'Object Repository/DispensaryToStore/Page_Store/input_txttotal' is: '10'

2018-05-28 12:49:30 - [TEST_STEP][PASSED] - Statement - out.println("Requested QTY : " + RequestedQty): null

2018-05-28 12:49:30 - [TEST_STEP][PASSED] - Statement - BatchNumber = com.kms.katalon.core.webui.keyword.WebUiBuiltInKeywords.getNumberOfTotalOption(com.kms.katalon.core.testobject.ObjectRepository.findTestObject(DispensaryToStore/Page_Store/select_--Select--BA1170BA2376B)): 4 options of object 'Object Repository/DispensaryToStore/Page_Store/select_--Select--BA1170BA2376B' counted

2018-05-28 12:49:30 - [MESSAGE][PASSED] - 4 options of object 'Object Repository/DispensaryToStore/Page_Store/select_--Select--BA1170BA2376B' counted

2018-05-28 12:49:30 - [TEST_STEP][PASSED] - Statement - For ([g = 1, g <= BatchNumber - 1, (g++)]): null

2018-05-28 12:49:30 - [TEST_STEP][PASSED] - selectOptionByIndex: All options with index in [1] are selected on object 'Object Repository/DispensaryToStore/Page_Store/select_--Select--BA1170BA2376B'

2018-05-28 12:49:30 - [MESSAGE][PASSED] - All options with index in [1] are selected on object 'Object Repository/DispensaryToStore/Page_Store/select_--Select--BA1170BA2376B'

2018-05-28 12:49:30 - [TEST_STEP][PASSED] - Statement - Try: null

2018-05-28 12:49:30 - [TEST_STEP][PASSED] - Statement - StockQty = com.kms.katalon.core.webui.keyword.WebUiBuiltInKeywords.getAttribute(com.kms.katalon.core.testobject.ObjectRepository.findTestObject(DispensaryToStore/Page_Store/input_txtprice), "value"): Attribute 'value' of object 'Object Repository/DispensaryToStore/Page_Store/input_txtprice' is: '90'

2018-05-28 12:49:30 - [MESSAGE][PASSED] - Attribute 'value' of object 'Object Repository/DispensaryToStore/Page_Store/input_txtprice' is: '90'

2018-05-28 12:49:30 - [TEST_STEP][PASSED] - Statement - out.println("Stock QTY : " + StockQty): null

2018-05-28 12:49:30 - [TEST_STEP][PASSED] - delay: Delayed 2 second(s)

2018-05-28 12:49:32 - [MESSAGE][PASSED] - Delayed 2 second(s)

2018-05-28 12:49:32 - [TEST_STEP][PASSED] - Statement - If (java.lang.String.valueOf(StockQty) >= java.lang.String.valueOf(RequestedQty)): null

2018-05-28 12:49:32 - [TEST_STEP][PASSED] - setText: Text '10' is set on object 'Object Repository/DispensaryToStore/Page_Store/input_txtqty'

2018-05-28 12:49:32 - [MESSAGE][PASSED] - Text '10' is set on object 'Object Repository/DispensaryToStore/Page_Store/input_txtqty'

2018-05-28 12:49:32 - [TEST_STEP][PASSED] - click: Object: 'Object Repository/DispensaryToStore/Page_Store/button_Add' is clicked on

2018-05-28 12:49:32 - [MESSAGE][PASSED] - Object: 'Object Repository/DispensaryToStore/Page_Store/button_Add' is clicked on

2018-05-28 12:49:32 - [TEST_STEP][PASSED] - Statement - Break: null

2018-05-28 12:49:32 - [TEST_STEP][PASSED] - selectOptionByIndex: All options with index in [17] are selected on object 'Object Repository/DispensaryToStore/Page_Store/select_--Select--Adernaline 0.'

2018-05-28 12:49:33 - [MESSAGE][PASSED] - All options with index in [17] are selected on object 'Object Repository/DispensaryToStore/Page_Store/select_--Select--Adernaline 0.'

2018-05-28 12:49:33 - [TEST_STEP][PASSED] - delay: Delayed 2 second(s)

2018-05-28 12:49:35 - [MESSAGE][PASSED] - Delayed 2 second(s)

2018-05-28 12:49:35 - [TEST_STEP][PASSED] - Statement - RequestedQty = com.kms.katalon.core.webui.keyword.WebUiBuiltInKeywords.getAttribute(com.kms.katalon.core.testobject.ObjectRepository.findTestObject(DispensaryToStore/Page_Store/input_txttotal), "value"): Attribute 'value' of object 'Object Repository/DispensaryToStore/Page_Store/input_txttotal' is: '10'

2018-05-28 12:49:35 - [MESSAGE][PASSED] - Attribute 'value' of object 'Object Repository/DispensaryToStore/Page_Store/input_txttotal' is: '10'

2018-05-28 12:49:35 - [TEST_STEP][PASSED] - Statement - out.println("Requested QTY : " + RequestedQty): null

2018-05-28 12:49:35 - [TEST_STEP][PASSED] - Statement - BatchNumber = com.kms.katalon.core.webui.keyword.WebUiBuiltInKeywords.getNumberOfTotalOption(com.kms.katalon.core.testobject.ObjectRepository.findTestObject(DispensaryToStore/Page_Store/select_--Select--BA1170BA2376B)): 3 options of object 'Object Repository/DispensaryToStore/Page_Store/select_--Select--BA1170BA2376B' counted

2018-05-28 12:49:35 - [MESSAGE][PASSED] - 3 options of object 'Object Repository/DispensaryToStore/Page_Store/select_--Select--BA1170BA2376B' counted

2018-05-28 12:49:35 - [TEST_STEP][PASSED] - Statement - For ([g = 1, g <= BatchNumber - 1, (g++)]): null

2018-05-28 12:49:35 - [TEST_STEP][PASSED] - selectOptionByIndex: All options with index in [1] are selected on object 'Object Repository/DispensaryToStore/Page_Store/select_--Select--BA1170BA2376B'

2018-05-28 12:49:35 - [MESSAGE][PASSED] - All options with index in [1] are selected on object 'Object Repository/DispensaryToStore/Page_Store/select_--Select--BA1170BA2376B'

2018-05-28 12:49:35 - [TEST_STEP][PASSED] - Statement - Try: null

2018-05-28 12:49:35 - [TEST_STEP][PASSED] - Statement - StockQty = com.kms.katalon.core.webui.keyword.WebUiBuiltInKeywords.getAttribute(com.kms.katalon.core.testobject.ObjectRepository.findTestObject(DispensaryToStore/Page_Store/input_txtprice), "value"): Attribute 'value' of object 'Object Repository/DispensaryToStore/Page_Store/input_txtprice' is: '440'

2018-05-28 12:49:35 - [MESSAGE][PASSED] - Attribute 'value' of object 'Object Repository/DispensaryToStore/Page_Store/input_txtprice' is: '440'

2018-05-28 12:49:35 - [TEST_STEP][PASSED] - Statement - out.println("Stock QTY : " + StockQty): null

2018-05-28 12:49:35 - [TEST_STEP][PASSED] - delay: Delayed 2 second(s)

2018-05-28 12:49:37 - [MESSAGE][PASSED] - Delayed 2 second(s)

2018-05-28 12:49:37 - [TEST_STEP][PASSED] - Statement - If (java.lang.String.valueOf(StockQty) >= java.lang.String.valueOf(RequestedQty)): null

2018-05-28 12:49:37 - [TEST_STEP][PASSED] - setText: Text '10' is set on object 'Object Repository/DispensaryToStore/Page_Store/input_txtqty'

2018-05-28 12:49:37 - [MESSAGE][PASSED] - Text '10' is set on object 'Object Repository/DispensaryToStore/Page_Store/input_txtqty'

2018-05-28 12:49:37 - [TEST_STEP][PASSED] - click: Object: 'Object Repository/DispensaryToStore/Page_Store/button_Add' is clicked on

2018-05-28 12:49:37 - [MESSAGE][PASSED] - Object: 'Object Repository/DispensaryToStore/Page_Store/button_Add' is clicked on

2018-05-28 12:49:37 - [TEST_STEP][PASSED] - Statement - Break: null

2018-05-28 12:49:37 - [TEST_STEP][PASSED] - selectOptionByIndex: All options with index in [18] are selected on object 'Object Repository/DispensaryToStore/Page_Store/select_--Select--Adernaline 0.'

2018-05-28 12:49:37 - [MESSAGE][PASSED] - All options with index in [18] are selected on object 'Object Repository/DispensaryToStore/Page_Store/select_--Select--Adernaline 0.'

2018-05-28 12:49:37 - [TEST_STEP][PASSED] - delay: Delayed 2 second(s)

2018-05-28 12:49:39 - [MESSAGE][PASSED] - Delayed 2 second(s)

2018-05-28 12:49:39 - [TEST_STEP][PASSED] - Statement - RequestedQty = com.kms.katalon.core.webui.keyword.WebUiBuiltInKeywords.getAttribute(com.kms.katalon.core.testobject.ObjectRepository.findTestObject(DispensaryToStore/Page_Store/input_txttotal), "value"): Attribute 'value' of object 'Object Repository/DispensaryToStore/Page_Store/input_txttotal' is: '10'

2018-05-28 12:49:39 - [MESSAGE][PASSED] - Attribute 'value' of object 'Object Repository/DispensaryToStore/Page_Store/input_txttotal' is: '10'

2018-05-28 12:49:39 - [TEST_STEP][PASSED] - Statement - out.println("Requested QTY : " + RequestedQty): null

2018-05-28 12:49:39 - [TEST_STEP][PASSED] - Statement - BatchNumber = com.kms.katalon.core.webui.keyword.WebUiBuiltInKeywords.getNumberOfTotalOption(com.kms.katalon.core.testobject.ObjectRepository.findTestObject(DispensaryToStore/Page_Store/select_--Select--BA1170BA2376B)): 3 options of object 'Object Repository/DispensaryToStore/Page_Store/select_--Select--BA1170BA2376B' counted

2018-05-28 12:49:39 - [MESSAGE][PASSED] - 3 options of object 'Object Repository/DispensaryToStore/Page_Store/select_--Select--BA1170BA2376B' counted

2018-05-28 12:49:39 - [TEST_STEP][PASSED] - Statement - For ([g = 1, g <= BatchNumber - 1, (g++)]): null

2018-05-28 12:49:39 - [TEST_STEP][PASSED] - selectOptionByIndex: All options with index in [1] are selected on object 'Object Repository/DispensaryToStore/Page_Store/select_--Select--BA1170BA2376B'

2018-05-28 12:49:40 - [MESSAGE][PASSED] - All options with index in [1] are selected on object 'Object Repository/DispensaryToStore/Page_Store/select_--Select--BA1170BA2376B'

2018-05-28 12:49:40 - [TEST_STEP][PASSED] - Statement - Try: null

2018-05-28 12:49:40 - [TEST_STEP][PASSED] - Statement - StockQty = com.kms.katalon.core.webui.keyword.WebUiBuiltInKeywords.getAttribute(com.kms.katalon.core.testobject.ObjectRepository.findTestObject(DispensaryToStore/Page_Store/input_txtprice), "value"): Attribute 'value' of object 'Object Repository/DispensaryToStore/Page_Store/input_txtprice' is: ''

2018-05-28 12:49:40 - [MESSAGE][PASSED] - Attribute 'value' of object 'Object Repository/DispensaryToStore/Page_Store/input_txtprice' is: ''

2018-05-28 12:49:40 - [TEST_STEP][PASSED] - Statement - out.println("Stock QTY : " + StockQty): null

2018-05-28 12:49:40 - [TEST_STEP][PASSED] - delay: Delayed 2 second(s)

2018-05-28 12:49:42 - [MESSAGE][PASSED] - Delayed 2 second(s)

2018-05-28 12:49:42 - [TEST_STEP][PASSED] - Statement - If (java.lang.String.valueOf(StockQty) >= java.lang.String.valueOf(RequestedQty)): null

2018-05-28 12:49:42 - [TEST_STEP][PASSED] - Statement - Else: null

2018-05-28 12:49:42 - [TEST_STEP][PASSED] - Statement - out.println("Stock Is Less Than Requested Qty"): null

2018-05-28 12:49:42 - [TEST_STEP][PASSED] - selectOptionByIndex: All options with index in [2] are selected on object 'Object Repository/DispensaryToStore/Page_Store/select_--Select--BA1170BA2376B'

2018-05-28 12:49:42 - [MESSAGE][PASSED] - All options with index in [2] are selected on object 'Object Repository/DispensaryToStore/Page_Store/select_--Select--BA1170BA2376B'

2018-05-28 12:49:42 - [TEST_STEP][PASSED] - Statement - Try: null

2018-05-28 12:49:42 - [TEST_STEP][PASSED] - Statement - StockQty = com.kms.katalon.core.webui.keyword.WebUiBuiltInKeywords.getAttribute(com.kms.katalon.core.testobject.ObjectRepository.findTestObject(DispensaryToStore/Page_Store/input_txtprice), "value"): Attribute 'value' of object 'Object Repository/DispensaryToStore/Page_Store/input_txtprice' is: '70'

2018-05-28 12:49:42 - [MESSAGE][PASSED] - Attribute 'value' of object 'Object Repository/DispensaryToStore/Page_Store/input_txtprice' is: '70'

2018-05-28 12:49:42 - [TEST_STEP][PASSED] - Statement - out.println("Stock QTY : " + StockQty): null

2018-05-28 12:49:42 - [TEST_STEP][PASSED] - delay: Delayed 2 second(s)

2018-05-28 12:49:44 - [MESSAGE][PASSED] - Delayed 2 second(s)

2018-05-28 12:49:44 - [TEST_STEP][PASSED] - Statement - If (java.lang.String.valueOf(StockQty) >= java.lang.String.valueOf(RequestedQty)): null

2018-05-28 12:49:44 - [TEST_STEP][PASSED] - setText: Text '10' is set on object 'Object Repository/DispensaryToStore/Page_Store/input_txtqty'

2018-05-28 12:49:44 - [MESSAGE][PASSED] - Text '10' is set on object 'Object Repository/DispensaryToStore/Page_Store/input_txtqty'

2018-05-28 12:49:44 - [TEST_STEP][PASSED] - click: Object: 'Object Repository/DispensaryToStore/Page_Store/button_Add' is clicked on

2018-05-28 12:49:44 - [MESSAGE][PASSED] - Object: 'Object Repository/DispensaryToStore/Page_Store/button_Add' is clicked on

2018-05-28 12:49:44 - [TEST_STEP][PASSED] - Statement - Break: null

2018-05-28 12:49:44 - [TEST_STEP][PASSED] - selectOptionByIndex: All options with index in [19] are selected on object 'Object Repository/DispensaryToStore/Page_Store/select_--Select--Adernaline 0.'

2018-05-28 12:49:44 - [MESSAGE][PASSED] - All options with index in [19] are selected on object 'Object Repository/DispensaryToStore/Page_Store/select_--Select--Adernaline 0.'

2018-05-28 12:49:44 - [TEST_STEP][PASSED] - delay: Delayed 2 second(s)

2018-05-28 12:49:46 - [MESSAGE][PASSED] - Delayed 2 second(s)

2018-05-28 12:49:46 - [TEST_STEP][PASSED] - Statement - RequestedQty = com.kms.katalon.core.webui.keyword.WebUiBuiltInKeywords.getAttribute(com.kms.katalon.core.testobject.ObjectRepository.findTestObject(DispensaryToStore/Page_Store/input_txttotal), "value"): Attribute 'value' of object 'Object Repository/DispensaryToStore/Page_Store/input_txttotal' is: '10'

2018-05-28 12:49:46 - [MESSAGE][PASSED] - Attribute 'value' of object 'Object Repository/DispensaryToStore/Page_Store/input_txttotal' is: '10'

2018-05-28 12:49:46 - [TEST_STEP][PASSED] - Statement - out.println("Requested QTY : " + RequestedQty): null

2018-05-28 12:49:46 - [TEST_STEP][PASSED] - Statement - BatchNumber = com.kms.katalon.core.webui.keyword.WebUiBuiltInKeywords.getNumberOfTotalOption(com.kms.katalon.core.testobject.ObjectRepository.findTestObject(DispensaryToStore/Page_Store/select_--Select--BA1170BA2376B)): 3 options of object 'Object Repository/DispensaryToStore/Page_Store/select_--Select--BA1170BA2376B' counted

2018-05-28 12:49:46 - [MESSAGE][PASSED] - 3 options of object 'Object Repository/DispensaryToStore/Page_Store/select_--Select--BA1170BA2376B' counted

2018-05-28 12:49:46 - [TEST_STEP][PASSED] - Statement - For ([g = 1, g <= BatchNumber - 1, (g++)]): null

2018-05-28 12:49:46 - [TEST_STEP][PASSED] - selectOptionByIndex: All options with index in [1] are selected on object 'Object Repository/DispensaryToStore/Page_Store/select_--Select--BA1170BA2376B'

2018-05-28 12:49:46 - [MESSAGE][PASSED] - All options with index in [1] are selected on object 'Object Repository/DispensaryToStore/Page_Store/select_--Select--BA1170BA2376B'

2018-05-28 12:49:46 - [TEST_STEP][PASSED] - Statement - Try: null

2018-05-28 12:49:46 - [TEST_STEP][PASSED] - Statement - StockQty = com.kms.katalon.core.webui.keyword.WebUiBuiltInKeywords.getAttribute(com.kms.katalon.core.testobject.ObjectRepository.findTestObject(DispensaryToStore/Page_Store/input_txtprice), "value"): Attribute 'value' of object 'Object Repository/DispensaryToStore/Page_Store/input_txtprice' is: '440'

2018-05-28 12:49:46 - [MESSAGE][PASSED] - Attribute 'value' of object 'Object Repository/DispensaryToStore/Page_Store/input_txtprice' is: '440'

2018-05-28 12:49:46 - [TEST_STEP][PASSED] - Statement - out.println("Stock QTY : " + StockQty): null

2018-05-28 12:49:46 - [TEST_STEP][PASSED] - delay: Delayed 2 second(s)

2018-05-28 12:49:48 - [MESSAGE][PASSED] - Delayed 2 second(s)

2018-05-28 12:49:48 - [TEST_STEP][PASSED] - Statement - If (java.lang.String.valueOf(StockQty) >= java.lang.String.valueOf(RequestedQty)): null

2018-05-28 12:49:48 - [TEST_STEP][PASSED] - setText: Text '10' is set on object 'Object Repository/DispensaryToStore/Page_Store/input_txtqty'

2018-05-28 12:49:49 - [MESSAGE][PASSED] - Text '10' is set on object 'Object Repository/DispensaryToStore/Page_Store/input_txtqty'

2018-05-28 12:49:49 - [TEST_STEP][PASSED] - click: Object: 'Object Repository/DispensaryToStore/Page_Store/button_Add' is clicked on

2018-05-28 12:49:49 - [MESSAGE][PASSED] - Object: 'Object Repository/DispensaryToStore/Page_Store/button_Add' is clicked on

2018-05-28 12:49:49 - [TEST_STEP][PASSED] - Statement - Break: null

2018-05-28 12:49:49 - [TEST_STEP][PASSED] - selectOptionByIndex: All options with index in [20] are selected on object 'Object Repository/DispensaryToStore/Page_Store/select_--Select--Adernaline 0.'

2018-05-28 12:49:49 - [MESSAGE][PASSED] - All options with index in [20] are selected on object 'Object Repository/DispensaryToStore/Page_Store/select_--Select--Adernaline 0.'

2018-05-28 12:49:49 - [TEST_STEP][PASSED] - delay: Delayed 2 second(s)

2018-05-28 12:49:51 - [MESSAGE][PASSED] - Delayed 2 second(s)

2018-05-28 12:49:51 - [TEST_STEP][PASSED] - Statement - RequestedQty = com.kms.katalon.core.webui.keyword.WebUiBuiltInKeywords.getAttribute(com.kms.katalon.core.testobject.ObjectRepository.findTestObject(DispensaryToStore/Page_Store/input_txttotal), "value"): Attribute 'value' of object 'Object Repository/DispensaryToStore/Page_Store/input_txttotal' is: '10'

2018-05-28 12:49:51 - [MESSAGE][PASSED] - Attribute 'value' of object 'Object Repository/DispensaryToStore/Page_Store/input_txttotal' is: '10'

2018-05-28 12:49:51 - [TEST_STEP][PASSED] - Statement - out.println("Requested QTY : " + RequestedQty): null

2018-05-28 12:49:51 - [TEST_STEP][PASSED] - Statement - BatchNumber = com.kms.katalon.core.webui.keyword.WebUiBuiltInKeywords.getNumberOfTotalOption(com.kms.katalon.core.testobject.ObjectRepository.findTestObject(DispensaryToStore/Page_Store/select_--Select--BA1170BA2376B)): 3 options of object 'Object Repository/DispensaryToStore/Page_Store/select_--Select--BA1170BA2376B' counted

2018-05-28 12:49:51 - [MESSAGE][PASSED] - 3 options of object 'Object Repository/DispensaryToStore/Page_Store/select_--Select--BA1170BA2376B' counted

2018-05-28 12:49:51 - [TEST_STEP][PASSED] - Statement - For ([g = 1, g <= BatchNumber - 1, (g++)]): null

2018-05-28 12:49:51 - [TEST_STEP][PASSED] - selectOptionByIndex: All options with index in [1] are selected on object 'Object Repository/DispensaryToStore/Page_Store/select_--Select--BA1170BA2376B'

2018-05-28 12:49:51 - [MESSAGE][PASSED] - All options with index in [1] are selected on object 'Object Repository/DispensaryToStore/Page_Store/select_--Select--BA1170BA2376B'

2018-05-28 12:49:51 - [TEST_STEP][PASSED] - Statement - Try: null

2018-05-28 12:49:51 - [TEST_STEP][PASSED] - Statement - StockQty = com.kms.katalon.core.webui.keyword.WebUiBuiltInKeywords.getAttribute(com.kms.katalon.core.testobject.ObjectRepository.findTestObject(DispensaryToStore/Page_Store/input_txtprice), "value"): Attribute 'value' of object 'Object Repository/DispensaryToStore/Page_Store/input_txtprice' is: '440'

2018-05-28 12:49:51 - [MESSAGE][PASSED] - Attribute 'value' of object 'Object Repository/DispensaryToStore/Page_Store/input_txtprice' is: '440'

2018-05-28 12:49:51 - [TEST_STEP][PASSED] - Statement - out.println("Stock QTY : " + StockQty): null

2018-05-28 12:49:51 - [TEST_STEP][PASSED] - delay: Delayed 2 second(s)

2018-05-28 12:49:53 - [MESSAGE][PASSED] - Delayed 2 second(s)

2018-05-28 12:49:53 - [TEST_STEP][PASSED] - Statement - If (java.lang.String.valueOf(StockQty) >= java.lang.String.valueOf(RequestedQty)): null

2018-05-28 12:49:53 - [TEST_STEP][PASSED] - setText: Text '10' is set on object 'Object Repository/DispensaryToStore/Page_Store/input_txtqty'

2018-05-28 12:49:53 - [MESSAGE][PASSED] - Text '10' is set on object 'Object Repository/DispensaryToStore/Page_Store/input_txtqty'

2018-05-28 12:49:53 - [TEST_STEP][PASSED] - click: Object: 'Object Repository/DispensaryToStore/Page_Store/button_Add' is clicked on

2018-05-28 12:49:53 - [MESSAGE][PASSED] - Object: 'Object Repository/DispensaryToStore/Page_Store/button_Add' is clicked on

2018-05-28 12:49:53 - [TEST_STEP][PASSED] - Statement - Break: null

2018-05-28 12:49:53 - [TEST_STEP][PASSED] - selectOptionByIndex: All options with index in [21] are selected on object 'Object Repository/DispensaryToStore/Page_Store/select_--Select--Adernaline 0.'

2018-05-28 12:49:54 - [MESSAGE][PASSED] - All options with index in [21] are selected on object 'Object Repository/DispensaryToStore/Page_Store/select_--Select--Adernaline 0.'

2018-05-28 12:49:54 - [TEST_STEP][PASSED] - delay: Delayed 2 second(s)

2018-05-28 12:49:56 - [MESSAGE][PASSED] - Delayed 2 second(s)

2018-05-28 12:49:56 - [TEST_STEP][PASSED] - Statement - RequestedQty = com.kms.katalon.core.webui.keyword.WebUiBuiltInKeywords.getAttribute(com.kms.katalon.core.testobject.ObjectRepository.findTestObject(DispensaryToStore/Page_Store/input_txttotal), "value"): Attribute 'value' of object 'Object Repository/DispensaryToStore/Page_Store/input_txttotal' is: '10'

2018-05-28 12:49:56 - [MESSAGE][PASSED] - Attribute 'value' of object 'Object Repository/DispensaryToStore/Page_Store/input_txttotal' is: '10'

2018-05-28 12:49:56 - [TEST_STEP][PASSED] - Statement - out.println("Requested QTY : " + RequestedQty): null

2018-05-28 12:49:56 - [TEST_STEP][PASSED] - Statement - BatchNumber = com.kms.katalon.core.webui.keyword.WebUiBuiltInKeywords.getNumberOfTotalOption(com.kms.katalon.core.testobject.ObjectRepository.findTestObject(DispensaryToStore/Page_Store/select_--Select--BA1170BA2376B)): 3 options of object 'Object Repository/DispensaryToStore/Page_Store/select_--Select--BA1170BA2376B' counted

2018-05-28 12:49:56 - [MESSAGE][PASSED] - 3 options of object 'Object Repository/DispensaryToStore/Page_Store/select_--Select--BA1170BA2376B' counted

2018-05-28 12:49:56 - [TEST_STEP][PASSED] - Statement - For ([g = 1, g <= BatchNumber - 1, (g++)]): null

2018-05-28 12:49:56 - [TEST_STEP][PASSED] - selectOptionByIndex: All options with index in [1] are selected on object 'Object Repository/DispensaryToStore/Page_Store/select_--Select--BA1170BA2376B'

2018-05-28 12:49:56 - [MESSAGE][PASSED] - All options with index in [1] are selected on object 'Object Repository/DispensaryToStore/Page_Store/select_--Select--BA1170BA2376B'

2018-05-28 12:49:56 - [TEST_STEP][PASSED] - Statement - Try: null

2018-05-28 12:49:56 - [TEST_STEP][PASSED] - Statement - StockQty = com.kms.katalon.core.webui.keyword.WebUiBuiltInKeywords.getAttribute(com.kms.katalon.core.testobject.ObjectRepository.findTestObject(DispensaryToStore/Page_Store/input_txtprice), "value"): Attribute 'value' of object 'Object Repository/DispensaryToStore/Page_Store/input_txtprice' is: '440'

2018-05-28 12:49:56 - [MESSAGE][PASSED] - Attribute 'value' of object 'Object Repository/DispensaryToStore/Page_Store/input_txtprice' is: '440'

2018-05-28 12:49:56 - [TEST_STEP][PASSED] - Statement - out.println("Stock QTY : " + StockQty): null

2018-05-28 12:49:56 - [TEST_STEP][PASSED] - delay: Delayed 2 second(s)

2018-05-28 12:49:58 - [MESSAGE][PASSED] - Delayed 2 second(s)

2018-05-28 12:49:58 - [TEST_STEP][PASSED] - Statement - If (java.lang.String.valueOf(StockQty) >= java.lang.String.valueOf(RequestedQty)): null

2018-05-28 12:49:58 - [TEST_STEP][PASSED] - setText: Text '10' is set on object 'Object Repository/DispensaryToStore/Page_Store/input_txtqty'

2018-05-28 12:49:58 - [MESSAGE][PASSED] - Text '10' is set on object 'Object Repository/DispensaryToStore/Page_Store/input_txtqty'

2018-05-28 12:49:58 - [TEST_STEP][PASSED] - click: Object: 'Object Repository/DispensaryToStore/Page_Store/button_Add' is clicked on

2018-05-28 12:49:58 - [MESSAGE][PASSED] - Object: 'Object Repository/DispensaryToStore/Page_Store/button_Add' is clicked on

2018-05-28 12:49:58 - [TEST_STEP][PASSED] - Statement - Break: null

2018-05-28 12:49:58 - [TEST_STEP][PASSED] - selectOptionByIndex: All options with index in [22] are selected on object 'Object Repository/DispensaryToStore/Page_Store/select_--Select--Adernaline 0.'

2018-05-28 12:49:58 - [MESSAGE][PASSED] - All options with index in [22] are selected on object 'Object Repository/DispensaryToStore/Page_Store/select_--Select--Adernaline 0.'

2018-05-28 12:49:58 - [TEST_STEP][PASSED] - delay: Delayed 2 second(s)

2018-05-28 12:50:00 - [MESSAGE][PASSED] - Delayed 2 second(s)

2018-05-28 12:50:00 - [TEST_STEP][PASSED] - Statement - RequestedQty = com.kms.katalon.core.webui.keyword.WebUiBuiltInKeywords.getAttribute(com.kms.katalon.core.testobject.ObjectRepository.findTestObject(DispensaryToStore/Page_Store/input_txttotal), "value"): Attribute 'value' of object 'Object Repository/DispensaryToStore/Page_Store/input_txttotal' is: '10'

2018-05-28 12:50:00 - [MESSAGE][PASSED] - Attribute 'value' of object 'Object Repository/DispensaryToStore/Page_Store/input_txttotal' is: '10'

2018-05-28 12:50:00 - [TEST_STEP][PASSED] - Statement - out.println("Requested QTY : " + RequestedQty): null

2018-05-28 12:50:00 - [TEST_STEP][PASSED] - Statement - BatchNumber = com.kms.katalon.core.webui.keyword.WebUiBuiltInKeywords.getNumberOfTotalOption(com.kms.katalon.core.testobject.ObjectRepository.findTestObject(DispensaryToStore/Page_Store/select_--Select--BA1170BA2376B)): 3 options of object 'Object Repository/DispensaryToStore/Page_Store/select_--Select--BA1170BA2376B' counted

2018-05-28 12:50:01 - [MESSAGE][PASSED] - 3 options of object 'Object Repository/DispensaryToStore/Page_Store/select_--Select--BA1170BA2376B' counted

2018-05-28 12:50:01 - [TEST_STEP][PASSED] - Statement - For ([g = 1, g <= BatchNumber - 1, (g++)]): null

2018-05-28 12:50:01 - [TEST_STEP][PASSED] - selectOptionByIndex: All options with index in [1] are selected on object 'Object Repository/DispensaryToStore/Page_Store/select_--Select--BA1170BA2376B'

2018-05-28 12:50:01 - [MESSAGE][PASSED] - All options with index in [1] are selected on object 'Object Repository/DispensaryToStore/Page_Store/select_--Select--BA1170BA2376B'

2018-05-28 12:50:01 - [TEST_STEP][PASSED] - Statement - Try: null

2018-05-28 12:50:01 - [TEST_STEP][PASSED] - Statement - StockQty = com.kms.katalon.core.webui.keyword.WebUiBuiltInKeywords.getAttribute(com.kms.katalon.core.testobject.ObjectRepository.findTestObject(DispensaryToStore/Page_Store/input_txtprice), "value"): Attribute 'value' of object 'Object Repository/DispensaryToStore/Page_Store/input_txtprice' is: '440'

2018-05-28 12:50:01 - [MESSAGE][PASSED] - Attribute 'value' of object 'Object Repository/DispensaryToStore/Page_Store/input_txtprice' is: '440'

2018-05-28 12:50:01 - [TEST_STEP][PASSED] - Statement - out.println("Stock QTY : " + StockQty): null

2018-05-28 12:50:01 - [TEST_STEP][PASSED] - delay: Delayed 2 second(s)

2018-05-28 12:50:03 - [MESSAGE][PASSED] - Delayed 2 second(s)

2018-05-28 12:50:03 - [TEST_STEP][PASSED] - Statement - If (java.lang.String.valueOf(StockQty) >= java.lang.String.valueOf(RequestedQty)): null

2018-05-28 12:50:03 - [TEST_STEP][PASSED] - setText: Text '10' is set on object 'Object Repository/DispensaryToStore/Page_Store/input_txtqty'

2018-05-28 12:50:03 - [MESSAGE][PASSED] - Text '10' is set on object 'Object Repository/DispensaryToStore/Page_Store/input_txtqty'

2018-05-28 12:50:03 - [TEST_STEP][PASSED] - click: Object: 'Object Repository/DispensaryToStore/Page_Store/button_Add' is clicked on

2018-05-28 12:50:03 - [MESSAGE][PASSED] - Object: 'Object Repository/DispensaryToStore/Page_Store/button_Add' is clicked on

2018-05-28 12:50:03 - [TEST_STEP][PASSED] - Statement - Break: null

2018-05-28 12:50:03 - [TEST_STEP][PASSED] - selectOptionByIndex: All options with index in [23] are selected on object 'Object Repository/DispensaryToStore/Page_Store/select_--Select--Adernaline 0.'

2018-05-28 12:50:03 - [MESSAGE][PASSED] - All options with index in [23] are selected on object 'Object Repository/DispensaryToStore/Page_Store/select_--Select--Adernaline 0.'

2018-05-28 12:50:03 - [TEST_STEP][PASSED] - delay: Delayed 2 second(s)

2018-05-28 12:50:05 - [MESSAGE][PASSED] - Delayed 2 second(s)

2018-05-28 12:50:05 - [TEST_STEP][PASSED] - Statement - RequestedQty = com.kms.katalon.core.webui.keyword.WebUiBuiltInKeywords.getAttribute(com.kms.katalon.core.testobject.ObjectRepository.findTestObject(DispensaryToStore/Page_Store/input_txttotal), "value"): Attribute 'value' of object 'Object Repository/DispensaryToStore/Page_Store/input_txttotal' is: '10'

2018-05-28 12:50:05 - [MESSAGE][PASSED] - Attribute 'value' of object 'Object Repository/DispensaryToStore/Page_Store/input_txttotal' is: '10'

2018-05-28 12:50:05 - [TEST_STEP][PASSED] - Statement - out.println("Requested QTY : " + RequestedQty): null

2018-05-28 12:50:05 - [TEST_STEP][PASSED] - Statement - BatchNumber = com.kms.katalon.core.webui.keyword.WebUiBuiltInKeywords.getNumberOfTotalOption(com.kms.katalon.core.testobject.ObjectRepository.findTestObject(DispensaryToStore/Page_Store/select_--Select--BA1170BA2376B)): 3 options of object 'Object Repository/DispensaryToStore/Page_Store/select_--Select--BA1170BA2376B' counted

2018-05-28 12:50:05 - [MESSAGE][PASSED] - 3 options of object 'Object Repository/DispensaryToStore/Page_Store/select_--Select--BA1170BA2376B' counted

2018-05-28 12:50:05 - [TEST_STEP][PASSED] - Statement - For ([g = 1, g <= BatchNumber - 1, (g++)]): null

2018-05-28 12:50:05 - [TEST_STEP][PASSED] - selectOptionByIndex: All options with index in [1] are selected on object 'Object Repository/DispensaryToStore/Page_Store/select_--Select--BA1170BA2376B'

2018-05-28 12:50:05 - [MESSAGE][PASSED] - All options with index in [1] are selected on object 'Object Repository/DispensaryToStore/Page_Store/select_--Select--BA1170BA2376B'

2018-05-28 12:50:05 - [TEST_STEP][PASSED] - Statement - Try: null

2018-05-28 12:50:05 - [TEST_STEP][PASSED] - Statement - StockQty = com.kms.katalon.core.webui.keyword.WebUiBuiltInKeywords.getAttribute(com.kms.katalon.core.testobject.ObjectRepository.findTestObject(DispensaryToStore/Page_Store/input_txtprice), "value"): Attribute 'value' of object 'Object Repository/DispensaryToStore/Page_Store/input_txtprice' is: '440'

2018-05-28 12:50:05 - [MESSAGE][PASSED] - Attribute 'value' of object 'Object Repository/DispensaryToStore/Page_Store/input_txtprice' is: '440'

2018-05-28 12:50:05 - [TEST_STEP][PASSED] - Statement - out.println("Stock QTY : " + StockQty): null

2018-05-28 12:50:05 - [TEST_STEP][PASSED] - delay: Delayed 2 second(s)

2018-05-28 12:50:07 - [MESSAGE][PASSED] - Delayed 2 second(s)

2018-05-28 12:50:07 - [TEST_STEP][PASSED] - Statement - If (java.lang.String.valueOf(StockQty) >= java.lang.String.valueOf(RequestedQty)): null

2018-05-28 12:50:07 - [TEST_STEP][PASSED] - setText: Text '10' is set on object 'Object Repository/DispensaryToStore/Page_Store/input_txtqty'

2018-05-28 12:50:08 - [MESSAGE][PASSED] - Text '10' is set on object 'Object Repository/DispensaryToStore/Page_Store/input_txtqty'

2018-05-28 12:50:08 - [TEST_STEP][PASSED] - click: Object: 'Object Repository/DispensaryToStore/Page_Store/button_Add' is clicked on

2018-05-28 12:50:08 - [MESSAGE][PASSED] - Object: 'Object Repository/DispensaryToStore/Page_Store/button_Add' is clicked on

2018-05-28 12:50:08 - [TEST_STEP][PASSED] - Statement - Break: null

2018-05-28 12:50:08 - [TEST_STEP][PASSED] - scrollToElement: Scroll to object 'Object Repository/DispensaryToStore/Page_Store/input_btnSubmit' successfully

2018-05-28 12:50:08 - [MESSAGE][PASSED] - Scroll to object 'Object Repository/DispensaryToStore/Page_Store/input_btnSubmit' successfully

2018-05-28 12:50:08 - [TEST_STEP][PASSED] - click: Object: 'Object Repository/DispensaryToStore/Page_Store/input_btnSubmit' is clicked on

2018-05-28 12:50:08 - [MESSAGE][PASSED] - Object: 'Object Repository/DispensaryToStore/Page_Store/input_btnSubmit' is clicked on

2018-05-28 12:50:08 - [TEST_STEP][PASSED] - delay: Delayed 3 second(s)

2018-05-28 12:50:11 - [MESSAGE][PASSED] - Delayed 3 second(s)

2018-05-28 12:50:11 - [TEST_STEP][PASSED] - click: Object: 'Object Repository/DispensaryToStore/Page_Store/button_OK' is clicked on

2018-05-28 12:50:11 - [MESSAGE][PASSED] - Object: 'Object Repository/DispensaryToStore/Page_Store/button_OK' is clicked on

2018-05-28 12:50:11 - [TEST_STEP][PASSED] - delay: Delayed 3 second(s)

2018-05-28 12:50:14 - [MESSAGE][PASSED] - Delayed 3 second(s)

2018-05-28 12:50:14 - [TEST_STEP][PASSED] - click: Object: 'Object Repository/DispensaryToStore/Page_Store/a_dropdown-toggle' is clicked on

2018-05-28 12:50:15 - [MESSAGE][PASSED] - Object: 'Object Repository/DispensaryToStore/Page_Store/a_dropdown-toggle' is clicked on

2018-05-28 12:50:15 - [TEST_STEP][PASSED] - click: Object: 'Object Repository/DispensaryToStore/Page_Store/a_Sign out' is clicked on

2018-05-28 12:50:15 - [MESSAGE][PASSED] - Object: 'Object Repository/DispensaryToStore/Page_Store/a_Sign out' is clicked on

2018-05-28 12:50:15 - [TEST_STEP][PASSED] - closeBrowser: Browser is closed

2018-05-28 12:50:16 - [MESSAGE][PASSED] - Browser is closed]]></system-out>
         <system-err><![CDATA[]]></system-err>
      </testcase>
      <testcase name="Test Cases/DISPENSARY TEST CASES/TC_DP_008 Verify Schedule 8 Dispensary Request Are Working Successfully Or Not" classname="Test Cases/DISPENSARY TEST CASES/TC_DP_008 Verify Schedule 8 Dispensary Request Are Working Successfully Or Not" status="PASSED">
         <system-out><![CDATA[2018-05-28 12:50:16 - [TEST_CASE][PASSED] - Test Cases/DISPENSARY TEST CASES/TC_DP_008 Verify Schedule 8 Dispensary Request Are Working Successfully Or Not: Test Cases/DISPENSARY TEST CASES/TC_DP_008 Verify Schedule 8 Dispensary Request Are Working Successfully Or Not

2018-05-28 12:50:16 - [TEST_STEP][PASSED] - openBrowser: Browser is opened with url: ''

2018-05-28 12:50:18 - [MESSAGE][PASSED] - Browser is opened with url: ''

2018-05-28 12:50:18 - [TEST_STEP][PASSED] - navigateToUrl: Navigate to 'http://192.168.137.1/multihospital_new/HDSplashscreen.aspx' successfully

2018-05-28 12:50:21 - [MESSAGE][PASSED] - Navigate to 'http://192.168.137.1/multihospital_new/HDSplashscreen.aspx' successfully

2018-05-28 12:50:21 - [TEST_STEP][PASSED] - maximizeWindow: Current window maximized

2018-05-28 12:50:22 - [MESSAGE][PASSED] - Current window maximized

2018-05-28 12:50:22 - [TEST_STEP][PASSED] - click: Object: 'Object Repository/DispensaryToStore/Page_KDMC/a_Dispensary Store' is clicked on

2018-05-28 12:50:23 - [MESSAGE][PASSED] - Object: 'Object Repository/DispensaryToStore/Page_KDMC/a_Dispensary Store' is clicked on

2018-05-28 12:50:23 - [TEST_STEP][PASSED] - setText: Text 'rajaram' is set on object 'Object Repository/DispensaryToStore/Page_Dispensary Store Login/input_txtusername'

2018-05-28 12:50:23 - [MESSAGE][PASSED] - Text 'rajaram' is set on object 'Object Repository/DispensaryToStore/Page_Dispensary Store Login/input_txtusername'

2018-05-28 12:50:23 - [TEST_STEP][PASSED] - setText: Text '123' is set on object 'Object Repository/DispensaryToStore/Page_Dispensary Store Login/input_txtpassword'

2018-05-28 12:50:23 - [MESSAGE][PASSED] - Text '123' is set on object 'Object Repository/DispensaryToStore/Page_Dispensary Store Login/input_txtpassword'

2018-05-28 12:50:23 - [TEST_STEP][PASSED] - delay: Delayed 3 second(s)

2018-05-28 12:50:26 - [MESSAGE][PASSED] - Delayed 3 second(s)

2018-05-28 12:50:26 - [TEST_STEP][PASSED] - sendKeys: Keys 'ENTER + ' sent to object: 'Object Repository/DispensaryToStore/Page_Dispensary Store Login/input_txtpassword'

2018-05-28 12:50:27 - [MESSAGE][PASSED] - Keys 'ENTER + ' sent to object: 'Object Repository/DispensaryToStore/Page_Dispensary Store Login/input_txtpassword'

2018-05-28 12:50:27 - [TEST_STEP][PASSED] - delay: Delayed 3 second(s)

2018-05-28 12:50:30 - [MESSAGE][PASSED] - Delayed 3 second(s)

2018-05-28 12:50:30 - [TEST_STEP][PASSED] - click: Object: 'Object Repository/DispensaryToStore/Page_Dispensary Store/a_Request to Store' is clicked on

2018-05-28 12:50:30 - [MESSAGE][PASSED] - Object: 'Object Repository/DispensaryToStore/Page_Dispensary Store/a_Request to Store' is clicked on

2018-05-28 12:50:30 - [TEST_STEP][PASSED] - click: Object: 'Object Repository/DispensaryToStore/Page_Dispensary Store/a_Medicine Request' is clicked on

2018-05-28 12:50:30 - [MESSAGE][PASSED] - Object: 'Object Repository/DispensaryToStore/Page_Dispensary Store/a_Medicine Request' is clicked on

2018-05-28 12:50:30 - [TEST_STEP][PASSED] - selectOptionByIndex: All options with index in [8] are selected on object 'Object Repository/DispensaryToStore/Page_Dispensary Store/select_--Select--Schedule 1Inj'

2018-05-28 12:50:31 - [MESSAGE][PASSED] - All options with index in [8] are selected on object 'Object Repository/DispensaryToStore/Page_Dispensary Store/select_--Select--Schedule 1Inj'

2018-05-28 12:50:31 - [TEST_STEP][PASSED] - Statement - medicineslength = com.kms.katalon.core.webui.keyword.WebUiBuiltInKeywords.getNumberOfTotalOption(com.kms.katalon.core.testobject.ObjectRepository.findTestObject(DispensaryToStore/Page_Dispensary Store/select_--Select--Adernaline 0.)): 18 options of object 'Object Repository/DispensaryToStore/Page_Dispensary Store/select_--Select--Adernaline 0.' counted

2018-05-28 12:50:31 - [MESSAGE][PASSED] - 18 options of object 'Object Repository/DispensaryToStore/Page_Dispensary Store/select_--Select--Adernaline 0.' counted

2018-05-28 12:50:31 - [TEST_STEP][PASSED] - Statement - For ([e = 1, e <= medicineslength - 1, (e++)]): Object: 'Object Repository/DispensaryToStore/Page_Dispensary Store/button_Add' is clicked on

2018-05-28 12:50:31 - [TEST_STEP][PASSED] - selectOptionByIndex: All options with index in [8] are selected on object 'Object Repository/DispensaryToStore/Page_Dispensary Store/select_--Select--Schedule 1Inj'

2018-05-28 12:50:31 - [MESSAGE][PASSED] - All options with index in [8] are selected on object 'Object Repository/DispensaryToStore/Page_Dispensary Store/select_--Select--Schedule 1Inj'

2018-05-28 12:50:31 - [TEST_STEP][PASSED] - selectOptionByIndex: All options with index in [1] are selected on object 'Object Repository/DispensaryToStore/Page_Dispensary Store/select_--Select--Adernaline 0.'

2018-05-28 12:50:31 - [MESSAGE][PASSED] - All options with index in [1] are selected on object 'Object Repository/DispensaryToStore/Page_Dispensary Store/select_--Select--Adernaline 0.'

2018-05-28 12:50:31 - [TEST_STEP][PASSED] - setText: Text '10' is set on object 'Object Repository/DispensaryToStore/Page_Dispensary Store/input_txttreat'

2018-05-28 12:50:31 - [MESSAGE][PASSED] - Text '10' is set on object 'Object Repository/DispensaryToStore/Page_Dispensary Store/input_txttreat'

2018-05-28 12:50:31 - [TEST_STEP][PASSED] - click: Object: 'Object Repository/DispensaryToStore/Page_Dispensary Store/button_Add' is clicked on

2018-05-28 12:50:31 - [MESSAGE][PASSED] - Object: 'Object Repository/DispensaryToStore/Page_Dispensary Store/button_Add' is clicked on

2018-05-28 12:50:31 - [TEST_STEP][PASSED] - selectOptionByIndex: All options with index in [8] are selected on object 'Object Repository/DispensaryToStore/Page_Dispensary Store/select_--Select--Schedule 1Inj'

2018-05-28 12:50:32 - [MESSAGE][PASSED] - All options with index in [8] are selected on object 'Object Repository/DispensaryToStore/Page_Dispensary Store/select_--Select--Schedule 1Inj'

2018-05-28 12:50:32 - [TEST_STEP][PASSED] - selectOptionByIndex: All options with index in [2] are selected on object 'Object Repository/DispensaryToStore/Page_Dispensary Store/select_--Select--Adernaline 0.'

2018-05-28 12:50:32 - [MESSAGE][PASSED] - All options with index in [2] are selected on object 'Object Repository/DispensaryToStore/Page_Dispensary Store/select_--Select--Adernaline 0.'

2018-05-28 12:50:32 - [TEST_STEP][PASSED] - setText: Text '10' is set on object 'Object Repository/DispensaryToStore/Page_Dispensary Store/input_txttreat'

2018-05-28 12:50:32 - [MESSAGE][PASSED] - Text '10' is set on object 'Object Repository/DispensaryToStore/Page_Dispensary Store/input_txttreat'

2018-05-28 12:50:32 - [TEST_STEP][PASSED] - click: Object: 'Object Repository/DispensaryToStore/Page_Dispensary Store/button_Add' is clicked on

2018-05-28 12:50:32 - [MESSAGE][PASSED] - Object: 'Object Repository/DispensaryToStore/Page_Dispensary Store/button_Add' is clicked on

2018-05-28 12:50:32 - [TEST_STEP][PASSED] - selectOptionByIndex: All options with index in [8] are selected on object 'Object Repository/DispensaryToStore/Page_Dispensary Store/select_--Select--Schedule 1Inj'

2018-05-28 12:50:32 - [MESSAGE][PASSED] - All options with index in [8] are selected on object 'Object Repository/DispensaryToStore/Page_Dispensary Store/select_--Select--Schedule 1Inj'

2018-05-28 12:50:32 - [TEST_STEP][PASSED] - selectOptionByIndex: All options with index in [3] are selected on object 'Object Repository/DispensaryToStore/Page_Dispensary Store/select_--Select--Adernaline 0.'

2018-05-28 12:50:32 - [MESSAGE][PASSED] - All options with index in [3] are selected on object 'Object Repository/DispensaryToStore/Page_Dispensary Store/select_--Select--Adernaline 0.'

2018-05-28 12:50:32 - [TEST_STEP][PASSED] - setText: Text '10' is set on object 'Object Repository/DispensaryToStore/Page_Dispensary Store/input_txttreat'

2018-05-28 12:50:32 - [MESSAGE][PASSED] - Text '10' is set on object 'Object Repository/DispensaryToStore/Page_Dispensary Store/input_txttreat'

2018-05-28 12:50:32 - [TEST_STEP][PASSED] - click: Object: 'Object Repository/DispensaryToStore/Page_Dispensary Store/button_Add' is clicked on

2018-05-28 12:50:32 - [MESSAGE][PASSED] - Object: 'Object Repository/DispensaryToStore/Page_Dispensary Store/button_Add' is clicked on

2018-05-28 12:50:32 - [TEST_STEP][PASSED] - selectOptionByIndex: All options with index in [8] are selected on object 'Object Repository/DispensaryToStore/Page_Dispensary Store/select_--Select--Schedule 1Inj'

2018-05-28 12:50:33 - [MESSAGE][PASSED] - All options with index in [8] are selected on object 'Object Repository/DispensaryToStore/Page_Dispensary Store/select_--Select--Schedule 1Inj'

2018-05-28 12:50:33 - [TEST_STEP][PASSED] - selectOptionByIndex: All options with index in [4] are selected on object 'Object Repository/DispensaryToStore/Page_Dispensary Store/select_--Select--Adernaline 0.'

2018-05-28 12:50:33 - [MESSAGE][PASSED] - All options with index in [4] are selected on object 'Object Repository/DispensaryToStore/Page_Dispensary Store/select_--Select--Adernaline 0.'

2018-05-28 12:50:33 - [TEST_STEP][PASSED] - setText: Text '10' is set on object 'Object Repository/DispensaryToStore/Page_Dispensary Store/input_txttreat'

2018-05-28 12:50:33 - [MESSAGE][PASSED] - Text '10' is set on object 'Object Repository/DispensaryToStore/Page_Dispensary Store/input_txttreat'

2018-05-28 12:50:33 - [TEST_STEP][PASSED] - click: Object: 'Object Repository/DispensaryToStore/Page_Dispensary Store/button_Add' is clicked on

2018-05-28 12:50:33 - [MESSAGE][PASSED] - Object: 'Object Repository/DispensaryToStore/Page_Dispensary Store/button_Add' is clicked on

2018-05-28 12:50:33 - [TEST_STEP][PASSED] - selectOptionByIndex: All options with index in [8] are selected on object 'Object Repository/DispensaryToStore/Page_Dispensary Store/select_--Select--Schedule 1Inj'

2018-05-28 12:50:33 - [MESSAGE][PASSED] - All options with index in [8] are selected on object 'Object Repository/DispensaryToStore/Page_Dispensary Store/select_--Select--Schedule 1Inj'

2018-05-28 12:50:33 - [TEST_STEP][PASSED] - selectOptionByIndex: All options with index in [5] are selected on object 'Object Repository/DispensaryToStore/Page_Dispensary Store/select_--Select--Adernaline 0.'

2018-05-28 12:50:33 - [MESSAGE][PASSED] - All options with index in [5] are selected on object 'Object Repository/DispensaryToStore/Page_Dispensary Store/select_--Select--Adernaline 0.'

2018-05-28 12:50:33 - [TEST_STEP][PASSED] - setText: Text '10' is set on object 'Object Repository/DispensaryToStore/Page_Dispensary Store/input_txttreat'

2018-05-28 12:50:33 - [MESSAGE][PASSED] - Text '10' is set on object 'Object Repository/DispensaryToStore/Page_Dispensary Store/input_txttreat'

2018-05-28 12:50:33 - [TEST_STEP][PASSED] - click: Object: 'Object Repository/DispensaryToStore/Page_Dispensary Store/button_Add' is clicked on

2018-05-28 12:50:33 - [MESSAGE][PASSED] - Object: 'Object Repository/DispensaryToStore/Page_Dispensary Store/button_Add' is clicked on

2018-05-28 12:50:33 - [TEST_STEP][PASSED] - selectOptionByIndex: All options with index in [8] are selected on object 'Object Repository/DispensaryToStore/Page_Dispensary Store/select_--Select--Schedule 1Inj'

2018-05-28 12:50:34 - [MESSAGE][PASSED] - All options with index in [8] are selected on object 'Object Repository/DispensaryToStore/Page_Dispensary Store/select_--Select--Schedule 1Inj'

2018-05-28 12:50:34 - [TEST_STEP][PASSED] - selectOptionByIndex: All options with index in [6] are selected on object 'Object Repository/DispensaryToStore/Page_Dispensary Store/select_--Select--Adernaline 0.'

2018-05-28 12:50:34 - [MESSAGE][PASSED] - All options with index in [6] are selected on object 'Object Repository/DispensaryToStore/Page_Dispensary Store/select_--Select--Adernaline 0.'

2018-05-28 12:50:34 - [TEST_STEP][PASSED] - setText: Text '10' is set on object 'Object Repository/DispensaryToStore/Page_Dispensary Store/input_txttreat'

2018-05-28 12:50:34 - [MESSAGE][PASSED] - Text '10' is set on object 'Object Repository/DispensaryToStore/Page_Dispensary Store/input_txttreat'

2018-05-28 12:50:34 - [TEST_STEP][PASSED] - click: Object: 'Object Repository/DispensaryToStore/Page_Dispensary Store/button_Add' is clicked on

2018-05-28 12:50:34 - [MESSAGE][PASSED] - Object: 'Object Repository/DispensaryToStore/Page_Dispensary Store/button_Add' is clicked on

2018-05-28 12:50:34 - [TEST_STEP][PASSED] - selectOptionByIndex: All options with index in [8] are selected on object 'Object Repository/DispensaryToStore/Page_Dispensary Store/select_--Select--Schedule 1Inj'

2018-05-28 12:50:34 - [MESSAGE][PASSED] - All options with index in [8] are selected on object 'Object Repository/DispensaryToStore/Page_Dispensary Store/select_--Select--Schedule 1Inj'

2018-05-28 12:50:34 - [TEST_STEP][PASSED] - selectOptionByIndex: All options with index in [7] are selected on object 'Object Repository/DispensaryToStore/Page_Dispensary Store/select_--Select--Adernaline 0.'

2018-05-28 12:50:34 - [MESSAGE][PASSED] - All options with index in [7] are selected on object 'Object Repository/DispensaryToStore/Page_Dispensary Store/select_--Select--Adernaline 0.'

2018-05-28 12:50:34 - [TEST_STEP][PASSED] - setText: Text '10' is set on object 'Object Repository/DispensaryToStore/Page_Dispensary Store/input_txttreat'

2018-05-28 12:50:34 - [MESSAGE][PASSED] - Text '10' is set on object 'Object Repository/DispensaryToStore/Page_Dispensary Store/input_txttreat'

2018-05-28 12:50:34 - [TEST_STEP][PASSED] - click: Object: 'Object Repository/DispensaryToStore/Page_Dispensary Store/button_Add' is clicked on

2018-05-28 12:50:34 - [MESSAGE][PASSED] - Object: 'Object Repository/DispensaryToStore/Page_Dispensary Store/button_Add' is clicked on

2018-05-28 12:50:34 - [TEST_STEP][PASSED] - selectOptionByIndex: All options with index in [8] are selected on object 'Object Repository/DispensaryToStore/Page_Dispensary Store/select_--Select--Schedule 1Inj'

2018-05-28 12:50:35 - [MESSAGE][PASSED] - All options with index in [8] are selected on object 'Object Repository/DispensaryToStore/Page_Dispensary Store/select_--Select--Schedule 1Inj'

2018-05-28 12:50:35 - [TEST_STEP][PASSED] - selectOptionByIndex: All options with index in [8] are selected on object 'Object Repository/DispensaryToStore/Page_Dispensary Store/select_--Select--Adernaline 0.'

2018-05-28 12:50:35 - [MESSAGE][PASSED] - All options with index in [8] are selected on object 'Object Repository/DispensaryToStore/Page_Dispensary Store/select_--Select--Adernaline 0.'

2018-05-28 12:50:35 - [TEST_STEP][PASSED] - setText: Text '10' is set on object 'Object Repository/DispensaryToStore/Page_Dispensary Store/input_txttreat'

2018-05-28 12:50:35 - [MESSAGE][PASSED] - Text '10' is set on object 'Object Repository/DispensaryToStore/Page_Dispensary Store/input_txttreat'

2018-05-28 12:50:35 - [TEST_STEP][PASSED] - click: Object: 'Object Repository/DispensaryToStore/Page_Dispensary Store/button_Add' is clicked on

2018-05-28 12:50:35 - [MESSAGE][PASSED] - Object: 'Object Repository/DispensaryToStore/Page_Dispensary Store/button_Add' is clicked on

2018-05-28 12:50:35 - [TEST_STEP][PASSED] - selectOptionByIndex: All options with index in [8] are selected on object 'Object Repository/DispensaryToStore/Page_Dispensary Store/select_--Select--Schedule 1Inj'

2018-05-28 12:50:35 - [MESSAGE][PASSED] - All options with index in [8] are selected on object 'Object Repository/DispensaryToStore/Page_Dispensary Store/select_--Select--Schedule 1Inj'

2018-05-28 12:50:35 - [TEST_STEP][PASSED] - selectOptionByIndex: All options with index in [9] are selected on object 'Object Repository/DispensaryToStore/Page_Dispensary Store/select_--Select--Adernaline 0.'

2018-05-28 12:50:35 - [MESSAGE][PASSED] - All options with index in [9] are selected on object 'Object Repository/DispensaryToStore/Page_Dispensary Store/select_--Select--Adernaline 0.'

2018-05-28 12:50:35 - [TEST_STEP][PASSED] - setText: Text '10' is set on object 'Object Repository/DispensaryToStore/Page_Dispensary Store/input_txttreat'

2018-05-28 12:50:35 - [MESSAGE][PASSED] - Text '10' is set on object 'Object Repository/DispensaryToStore/Page_Dispensary Store/input_txttreat'

2018-05-28 12:50:35 - [TEST_STEP][PASSED] - click: Object: 'Object Repository/DispensaryToStore/Page_Dispensary Store/button_Add' is clicked on

2018-05-28 12:50:36 - [MESSAGE][PASSED] - Object: 'Object Repository/DispensaryToStore/Page_Dispensary Store/button_Add' is clicked on

2018-05-28 12:50:36 - [TEST_STEP][PASSED] - selectOptionByIndex: All options with index in [8] are selected on object 'Object Repository/DispensaryToStore/Page_Dispensary Store/select_--Select--Schedule 1Inj'

2018-05-28 12:50:36 - [MESSAGE][PASSED] - All options with index in [8] are selected on object 'Object Repository/DispensaryToStore/Page_Dispensary Store/select_--Select--Schedule 1Inj'

2018-05-28 12:50:36 - [TEST_STEP][PASSED] - selectOptionByIndex: All options with index in [10] are selected on object 'Object Repository/DispensaryToStore/Page_Dispensary Store/select_--Select--Adernaline 0.'

2018-05-28 12:50:36 - [MESSAGE][PASSED] - All options with index in [10] are selected on object 'Object Repository/DispensaryToStore/Page_Dispensary Store/select_--Select--Adernaline 0.'

2018-05-28 12:50:36 - [TEST_STEP][PASSED] - setText: Text '10' is set on object 'Object Repository/DispensaryToStore/Page_Dispensary Store/input_txttreat'

2018-05-28 12:50:36 - [MESSAGE][PASSED] - Text '10' is set on object 'Object Repository/DispensaryToStore/Page_Dispensary Store/input_txttreat'

2018-05-28 12:50:36 - [TEST_STEP][PASSED] - click: Object: 'Object Repository/DispensaryToStore/Page_Dispensary Store/button_Add' is clicked on

2018-05-28 12:50:36 - [MESSAGE][PASSED] - Object: 'Object Repository/DispensaryToStore/Page_Dispensary Store/button_Add' is clicked on

2018-05-28 12:50:36 - [TEST_STEP][PASSED] - selectOptionByIndex: All options with index in [8] are selected on object 'Object Repository/DispensaryToStore/Page_Dispensary Store/select_--Select--Schedule 1Inj'

2018-05-28 12:50:36 - [MESSAGE][PASSED] - All options with index in [8] are selected on object 'Object Repository/DispensaryToStore/Page_Dispensary Store/select_--Select--Schedule 1Inj'

2018-05-28 12:50:36 - [TEST_STEP][PASSED] - selectOptionByIndex: All options with index in [11] are selected on object 'Object Repository/DispensaryToStore/Page_Dispensary Store/select_--Select--Adernaline 0.'

2018-05-28 12:50:36 - [MESSAGE][PASSED] - All options with index in [11] are selected on object 'Object Repository/DispensaryToStore/Page_Dispensary Store/select_--Select--Adernaline 0.'

2018-05-28 12:50:36 - [TEST_STEP][PASSED] - setText: Text '10' is set on object 'Object Repository/DispensaryToStore/Page_Dispensary Store/input_txttreat'

2018-05-28 12:50:37 - [MESSAGE][PASSED] - Text '10' is set on object 'Object Repository/DispensaryToStore/Page_Dispensary Store/input_txttreat'

2018-05-28 12:50:37 - [TEST_STEP][PASSED] - click: Object: 'Object Repository/DispensaryToStore/Page_Dispensary Store/button_Add' is clicked on

2018-05-28 12:50:37 - [MESSAGE][PASSED] - Object: 'Object Repository/DispensaryToStore/Page_Dispensary Store/button_Add' is clicked on

2018-05-28 12:50:37 - [TEST_STEP][PASSED] - selectOptionByIndex: All options with index in [8] are selected on object 'Object Repository/DispensaryToStore/Page_Dispensary Store/select_--Select--Schedule 1Inj'

2018-05-28 12:50:37 - [MESSAGE][PASSED] - All options with index in [8] are selected on object 'Object Repository/DispensaryToStore/Page_Dispensary Store/select_--Select--Schedule 1Inj'

2018-05-28 12:50:37 - [TEST_STEP][PASSED] - selectOptionByIndex: All options with index in [12] are selected on object 'Object Repository/DispensaryToStore/Page_Dispensary Store/select_--Select--Adernaline 0.'

2018-05-28 12:50:37 - [MESSAGE][PASSED] - All options with index in [12] are selected on object 'Object Repository/DispensaryToStore/Page_Dispensary Store/select_--Select--Adernaline 0.'

2018-05-28 12:50:37 - [TEST_STEP][PASSED] - setText: Text '10' is set on object 'Object Repository/DispensaryToStore/Page_Dispensary Store/input_txttreat'

2018-05-28 12:50:37 - [MESSAGE][PASSED] - Text '10' is set on object 'Object Repository/DispensaryToStore/Page_Dispensary Store/input_txttreat'

2018-05-28 12:50:37 - [TEST_STEP][PASSED] - click: Object: 'Object Repository/DispensaryToStore/Page_Dispensary Store/button_Add' is clicked on

2018-05-28 12:50:37 - [MESSAGE][PASSED] - Object: 'Object Repository/DispensaryToStore/Page_Dispensary Store/button_Add' is clicked on

2018-05-28 12:50:37 - [TEST_STEP][PASSED] - selectOptionByIndex: All options with index in [8] are selected on object 'Object Repository/DispensaryToStore/Page_Dispensary Store/select_--Select--Schedule 1Inj'

2018-05-28 12:50:37 - [MESSAGE][PASSED] - All options with index in [8] are selected on object 'Object Repository/DispensaryToStore/Page_Dispensary Store/select_--Select--Schedule 1Inj'

2018-05-28 12:50:37 - [TEST_STEP][PASSED] - selectOptionByIndex: All options with index in [13] are selected on object 'Object Repository/DispensaryToStore/Page_Dispensary Store/select_--Select--Adernaline 0.'

2018-05-28 12:50:38 - [MESSAGE][PASSED] - All options with index in [13] are selected on object 'Object Repository/DispensaryToStore/Page_Dispensary Store/select_--Select--Adernaline 0.'

2018-05-28 12:50:38 - [TEST_STEP][PASSED] - setText: Text '10' is set on object 'Object Repository/DispensaryToStore/Page_Dispensary Store/input_txttreat'

2018-05-28 12:50:38 - [MESSAGE][PASSED] - Text '10' is set on object 'Object Repository/DispensaryToStore/Page_Dispensary Store/input_txttreat'

2018-05-28 12:50:38 - [TEST_STEP][PASSED] - click: Object: 'Object Repository/DispensaryToStore/Page_Dispensary Store/button_Add' is clicked on

2018-05-28 12:50:38 - [MESSAGE][PASSED] - Object: 'Object Repository/DispensaryToStore/Page_Dispensary Store/button_Add' is clicked on

2018-05-28 12:50:38 - [TEST_STEP][PASSED] - selectOptionByIndex: All options with index in [8] are selected on object 'Object Repository/DispensaryToStore/Page_Dispensary Store/select_--Select--Schedule 1Inj'

2018-05-28 12:50:38 - [MESSAGE][PASSED] - All options with index in [8] are selected on object 'Object Repository/DispensaryToStore/Page_Dispensary Store/select_--Select--Schedule 1Inj'

2018-05-28 12:50:38 - [TEST_STEP][PASSED] - selectOptionByIndex: All options with index in [14] are selected on object 'Object Repository/DispensaryToStore/Page_Dispensary Store/select_--Select--Adernaline 0.'

2018-05-28 12:50:38 - [MESSAGE][PASSED] - All options with index in [14] are selected on object 'Object Repository/DispensaryToStore/Page_Dispensary Store/select_--Select--Adernaline 0.'

2018-05-28 12:50:38 - [TEST_STEP][PASSED] - setText: Text '10' is set on object 'Object Repository/DispensaryToStore/Page_Dispensary Store/input_txttreat'

2018-05-28 12:50:38 - [MESSAGE][PASSED] - Text '10' is set on object 'Object Repository/DispensaryToStore/Page_Dispensary Store/input_txttreat'

2018-05-28 12:50:38 - [TEST_STEP][PASSED] - click: Object: 'Object Repository/DispensaryToStore/Page_Dispensary Store/button_Add' is clicked on

2018-05-28 12:50:38 - [MESSAGE][PASSED] - Object: 'Object Repository/DispensaryToStore/Page_Dispensary Store/button_Add' is clicked on

2018-05-28 12:50:38 - [TEST_STEP][PASSED] - selectOptionByIndex: All options with index in [8] are selected on object 'Object Repository/DispensaryToStore/Page_Dispensary Store/select_--Select--Schedule 1Inj'

2018-05-28 12:50:38 - [MESSAGE][PASSED] - All options with index in [8] are selected on object 'Object Repository/DispensaryToStore/Page_Dispensary Store/select_--Select--Schedule 1Inj'

2018-05-28 12:50:38 - [TEST_STEP][PASSED] - selectOptionByIndex: All options with index in [15] are selected on object 'Object Repository/DispensaryToStore/Page_Dispensary Store/select_--Select--Adernaline 0.'

2018-05-28 12:50:39 - [MESSAGE][PASSED] - All options with index in [15] are selected on object 'Object Repository/DispensaryToStore/Page_Dispensary Store/select_--Select--Adernaline 0.'

2018-05-28 12:50:39 - [TEST_STEP][PASSED] - setText: Text '10' is set on object 'Object Repository/DispensaryToStore/Page_Dispensary Store/input_txttreat'

2018-05-28 12:50:39 - [MESSAGE][PASSED] - Text '10' is set on object 'Object Repository/DispensaryToStore/Page_Dispensary Store/input_txttreat'

2018-05-28 12:50:39 - [TEST_STEP][PASSED] - click: Object: 'Object Repository/DispensaryToStore/Page_Dispensary Store/button_Add' is clicked on

2018-05-28 12:50:39 - [MESSAGE][PASSED] - Object: 'Object Repository/DispensaryToStore/Page_Dispensary Store/button_Add' is clicked on

2018-05-28 12:50:39 - [TEST_STEP][PASSED] - selectOptionByIndex: All options with index in [8] are selected on object 'Object Repository/DispensaryToStore/Page_Dispensary Store/select_--Select--Schedule 1Inj'

2018-05-28 12:50:39 - [MESSAGE][PASSED] - All options with index in [8] are selected on object 'Object Repository/DispensaryToStore/Page_Dispensary Store/select_--Select--Schedule 1Inj'

2018-05-28 12:50:39 - [TEST_STEP][PASSED] - selectOptionByIndex: All options with index in [16] are selected on object 'Object Repository/DispensaryToStore/Page_Dispensary Store/select_--Select--Adernaline 0.'

2018-05-28 12:50:39 - [MESSAGE][PASSED] - All options with index in [16] are selected on object 'Object Repository/DispensaryToStore/Page_Dispensary Store/select_--Select--Adernaline 0.'

2018-05-28 12:50:39 - [TEST_STEP][PASSED] - setText: Text '10' is set on object 'Object Repository/DispensaryToStore/Page_Dispensary Store/input_txttreat'

2018-05-28 12:50:39 - [MESSAGE][PASSED] - Text '10' is set on object 'Object Repository/DispensaryToStore/Page_Dispensary Store/input_txttreat'

2018-05-28 12:50:39 - [TEST_STEP][PASSED] - click: Object: 'Object Repository/DispensaryToStore/Page_Dispensary Store/button_Add' is clicked on

2018-05-28 12:50:39 - [MESSAGE][PASSED] - Object: 'Object Repository/DispensaryToStore/Page_Dispensary Store/button_Add' is clicked on

2018-05-28 12:50:39 - [TEST_STEP][PASSED] - selectOptionByIndex: All options with index in [8] are selected on object 'Object Repository/DispensaryToStore/Page_Dispensary Store/select_--Select--Schedule 1Inj'

2018-05-28 12:50:40 - [MESSAGE][PASSED] - All options with index in [8] are selected on object 'Object Repository/DispensaryToStore/Page_Dispensary Store/select_--Select--Schedule 1Inj'

2018-05-28 12:50:40 - [TEST_STEP][PASSED] - selectOptionByIndex: All options with index in [17] are selected on object 'Object Repository/DispensaryToStore/Page_Dispensary Store/select_--Select--Adernaline 0.'

2018-05-28 12:50:40 - [MESSAGE][PASSED] - All options with index in [17] are selected on object 'Object Repository/DispensaryToStore/Page_Dispensary Store/select_--Select--Adernaline 0.'

2018-05-28 12:50:40 - [TEST_STEP][PASSED] - setText: Text '10' is set on object 'Object Repository/DispensaryToStore/Page_Dispensary Store/input_txttreat'

2018-05-28 12:50:40 - [MESSAGE][PASSED] - Text '10' is set on object 'Object Repository/DispensaryToStore/Page_Dispensary Store/input_txttreat'

2018-05-28 12:50:40 - [TEST_STEP][PASSED] - click: Object: 'Object Repository/DispensaryToStore/Page_Dispensary Store/button_Add' is clicked on

2018-05-28 12:50:40 - [MESSAGE][PASSED] - Object: 'Object Repository/DispensaryToStore/Page_Dispensary Store/button_Add' is clicked on

2018-05-28 12:50:40 - [TEST_STEP][PASSED] - scrollToElement: Scroll to object 'Object Repository/DispensaryToStore/Page_Dispensary Store/input_btnsave' successfully

2018-05-28 12:50:40 - [MESSAGE][PASSED] - Scroll to object 'Object Repository/DispensaryToStore/Page_Dispensary Store/input_btnsave' successfully

2018-05-28 12:50:40 - [TEST_STEP][PASSED] - click: Object: 'Object Repository/DispensaryToStore/Page_Dispensary Store/input_btnsave' is clicked on

2018-05-28 12:50:40 - [MESSAGE][PASSED] - Object: 'Object Repository/DispensaryToStore/Page_Dispensary Store/input_btnsave' is clicked on

2018-05-28 12:50:40 - [TEST_STEP][PASSED] - delay: Delayed 3 second(s)

2018-05-28 12:50:43 - [MESSAGE][PASSED] - Delayed 3 second(s)

2018-05-28 12:50:43 - [TEST_STEP][PASSED] - Statement - RN1 = com.kms.katalon.core.webui.keyword.WebUiBuiltInKeywords.getText(com.kms.katalon.core.testobject.ObjectRepository.findTestObject(DispensaryToStore/Page_Dispensary Store/font_HPRNO180520187)): Text of object 'Object Repository/DispensaryToStore/Page_Dispensary Store/font_HPRNO180520187' is: 'DPRNO/28052018/127'

2018-05-28 12:50:43 - [MESSAGE][PASSED] - Text of object 'Object Repository/DispensaryToStore/Page_Dispensary Store/font_HPRNO180520187' is: 'DPRNO/28052018/127'

2018-05-28 12:50:43 - [TEST_STEP][PASSED] - Statement - out.println(RN1): null

2018-05-28 12:50:43 - [TEST_STEP][PASSED] - Statement - RID = RN1.split("/")[2]: null

2018-05-28 12:50:43 - [TEST_STEP][PASSED] - click: Object: 'Object Repository/DispensaryToStore/Page_Dispensary Store/button_OK' is clicked on

2018-05-28 12:50:44 - [MESSAGE][PASSED] - Object: 'Object Repository/DispensaryToStore/Page_Dispensary Store/button_OK' is clicked on

2018-05-28 12:50:44 - [TEST_STEP][PASSED] - delay: Delayed 3 second(s)

2018-05-28 12:50:47 - [MESSAGE][PASSED] - Delayed 3 second(s)

2018-05-28 12:50:47 - [TEST_STEP][PASSED] - click: Object: 'Object Repository/DispensaryToStore/Page_Dispensary Store/a_dropdown-toggle' is clicked on

2018-05-28 12:50:47 - [MESSAGE][PASSED] - Object: 'Object Repository/DispensaryToStore/Page_Dispensary Store/a_dropdown-toggle' is clicked on

2018-05-28 12:50:47 - [TEST_STEP][PASSED] - click: Object: 'Object Repository/DispensaryToStore/Page_Dispensary Store/a_Sign out' is clicked on

2018-05-28 12:50:48 - [MESSAGE][PASSED] - Object: 'Object Repository/DispensaryToStore/Page_Dispensary Store/a_Sign out' is clicked on

2018-05-28 12:50:48 - [TEST_STEP][PASSED] - delay: Delayed 3 second(s)

2018-05-28 12:50:51 - [MESSAGE][PASSED] - Delayed 3 second(s)

2018-05-28 12:50:51 - [TEST_STEP][PASSED] - navigateToUrl: Navigate to 'http://192.168.137.1/multihospital_new/' successfully

2018-05-28 12:50:52 - [MESSAGE][PASSED] - Navigate to 'http://192.168.137.1/multihospital_new/' successfully

2018-05-28 12:50:52 - [TEST_STEP][PASSED] - click: Object: 'Object Repository/DispensaryToStore/Page_KDMC/a_CMO' is clicked on

2018-05-28 12:50:52 - [MESSAGE][PASSED] - Object: 'Object Repository/DispensaryToStore/Page_KDMC/a_CMO' is clicked on

2018-05-28 12:50:52 - [TEST_STEP][PASSED] - setText: Text 'guru' is set on object 'Object Repository/DispensaryToStore/Page_CMO login/input_txtusername'

2018-05-28 12:50:53 - [MESSAGE][PASSED] - Text 'guru' is set on object 'Object Repository/DispensaryToStore/Page_CMO login/input_txtusername'

2018-05-28 12:50:53 - [TEST_STEP][PASSED] - setText: Text '123' is set on object 'Object Repository/DispensaryToStore/Page_CMO login/input_txtpassword'

2018-05-28 12:50:53 - [MESSAGE][PASSED] - Text '123' is set on object 'Object Repository/DispensaryToStore/Page_CMO login/input_txtpassword'

2018-05-28 12:50:53 - [TEST_STEP][PASSED] - delay: Delayed 3 second(s)

2018-05-28 12:50:56 - [MESSAGE][PASSED] - Delayed 3 second(s)

2018-05-28 12:50:56 - [TEST_STEP][PASSED] - click: Object: 'Object Repository/DispensaryToStore/Page_CMO login/button_Sign in' is clicked on

2018-05-28 12:50:57 - [MESSAGE][PASSED] - Object: 'Object Repository/DispensaryToStore/Page_CMO login/button_Sign in' is clicked on

2018-05-28 12:50:57 - [TEST_STEP][PASSED] - click: Object: 'Object Repository/DispensaryToStore/Page_KDMC - CMO/a_Department Wise Request' is clicked on

2018-05-28 12:50:59 - [MESSAGE][PASSED] - Object: 'Object Repository/DispensaryToStore/Page_KDMC - CMO/a_Department Wise Request' is clicked on

2018-05-28 12:50:59 - [TEST_STEP][PASSED] - delay: Delayed 2 second(s)

2018-05-28 12:51:01 - [MESSAGE][PASSED] - Delayed 2 second(s)

2018-05-28 12:51:01 - [TEST_STEP][PASSED] - selectOptionByIndex: All options with index in [6] are selected on object 'Object Repository/DispensaryToStore/Page_KDMC - CMO/select_--ALL--'

2018-05-28 12:51:01 - [MESSAGE][PASSED] - All options with index in [6] are selected on object 'Object Repository/DispensaryToStore/Page_KDMC - CMO/select_--ALL--'

2018-05-28 12:51:01 - [TEST_STEP][PASSED] - click: Object: 'Object Repository/DispensaryToStore/Page_KDMC - CMO/input_btnsearch' is clicked on

2018-05-28 12:51:01 - [MESSAGE][PASSED] - Object: 'Object Repository/DispensaryToStore/Page_KDMC - CMO/input_btnsearch' is clicked on

2018-05-28 12:51:01 - [TEST_STEP][PASSED] - selectOptionByIndex: All options with index in [1] are selected on object 'Object Repository/DispensaryToStore/Page_KDMC - CMO/select_--ALL--                _1'

2018-05-28 12:51:01 - [MESSAGE][PASSED] - All options with index in [1] are selected on object 'Object Repository/DispensaryToStore/Page_KDMC - CMO/select_--ALL--                _1'

2018-05-28 12:51:01 - [TEST_STEP][PASSED] - click: Object: 'Object Repository/DispensaryToStore/Page_KDMC - CMO/input_btnsearch' is clicked on

2018-05-28 12:51:02 - [MESSAGE][PASSED] - Object: 'Object Repository/DispensaryToStore/Page_KDMC - CMO/input_btnsearch' is clicked on

2018-05-28 12:51:02 - [TEST_STEP][PASSED] - Statement - ID = com.kms.katalon.core.webui.keyword.WebUiBuiltInKeywords.modifyObjectProperty(com.kms.katalon.core.testobject.ObjectRepository.findTestObject(lab/Page_KDMC - CMO/input_1), "xpath", "equals", "//*[@id=" + RID + "]", true): Modify property of object successfully

2018-05-28 12:51:02 - [MESSAGE][PASSED] - Modify property of object successfully

2018-05-28 12:51:02 - [TEST_STEP][PASSED] - click: Object: 'Object Repository/lab/Page_KDMC - CMO/input_1' is clicked on

2018-05-28 12:51:02 - [MESSAGE][PASSED] - Object: 'Object Repository/lab/Page_KDMC - CMO/input_1' is clicked on

2018-05-28 12:51:02 - [TEST_STEP][PASSED] - delay: Delayed 2 second(s)

2018-05-28 12:51:04 - [MESSAGE][PASSED] - Delayed 2 second(s)

2018-05-28 12:51:04 - [TEST_STEP][PASSED] - selectOptionByIndex: All options with index in [1] are selected on object 'Object Repository/DispensaryToStore/Page_KDMC - CMO/select_--Select--'

2018-05-28 12:51:04 - [MESSAGE][PASSED] - All options with index in [1] are selected on object 'Object Repository/DispensaryToStore/Page_KDMC - CMO/select_--Select--'

2018-05-28 12:51:04 - [TEST_STEP][PASSED] - click: Object: 'Object Repository/DispensaryToStore/Page_KDMC - CMO/input_btnupdate' is clicked on

2018-05-28 12:51:04 - [MESSAGE][PASSED] - Object: 'Object Repository/DispensaryToStore/Page_KDMC - CMO/input_btnupdate' is clicked on

2018-05-28 12:51:04 - [TEST_STEP][PASSED] - delay: Delayed 2 second(s)

2018-05-28 12:51:06 - [MESSAGE][PASSED] - Delayed 2 second(s)

2018-05-28 12:51:06 - [TEST_STEP][PASSED] - click: Object: 'Object Repository/DispensaryToStore/Page_KDMC - CMO/button_OK' is clicked on

2018-05-28 12:51:07 - [MESSAGE][PASSED] - Object: 'Object Repository/DispensaryToStore/Page_KDMC - CMO/button_OK' is clicked on

2018-05-28 12:51:07 - [TEST_STEP][PASSED] - delay: Delayed 2 second(s)

2018-05-28 12:51:09 - [MESSAGE][PASSED] - Delayed 2 second(s)

2018-05-28 12:51:09 - [TEST_STEP][PASSED] - click: Object: 'Object Repository/DispensaryToStore/Page_KDMC - CMO/a_dropdown-toggle' is clicked on

2018-05-28 12:51:09 - [MESSAGE][PASSED] - Object: 'Object Repository/DispensaryToStore/Page_KDMC - CMO/a_dropdown-toggle' is clicked on

2018-05-28 12:51:09 - [TEST_STEP][PASSED] - click: Object: 'Object Repository/DispensaryToStore/Page_KDMC - CMO/a_Sign out' is clicked on

2018-05-28 12:51:10 - [MESSAGE][PASSED] - Object: 'Object Repository/DispensaryToStore/Page_KDMC - CMO/a_Sign out' is clicked on

2018-05-28 12:51:10 - [TEST_STEP][PASSED] - delay: Delayed 3 second(s)

2018-05-28 12:51:13 - [MESSAGE][PASSED] - Delayed 3 second(s)

2018-05-28 12:51:13 - [TEST_STEP][PASSED] - click: Object: 'Object Repository/DispensaryToStore/Page_KDMC/a_Divisional Store' is clicked on

2018-05-28 12:51:14 - [MESSAGE][PASSED] - Object: 'Object Repository/DispensaryToStore/Page_KDMC/a_Divisional Store' is clicked on

2018-05-28 12:51:14 - [TEST_STEP][PASSED] - setText: Text 'ragu' is set on object 'Object Repository/DispensaryToStore/Page_Divisonal Store Login/input_txtusername'

2018-05-28 12:51:14 - [MESSAGE][PASSED] - Text 'ragu' is set on object 'Object Repository/DispensaryToStore/Page_Divisonal Store Login/input_txtusername'

2018-05-28 12:51:14 - [TEST_STEP][PASSED] - setText: Text '123' is set on object 'Object Repository/DispensaryToStore/Page_Divisonal Store Login/input_txtpassword'

2018-05-28 12:51:14 - [MESSAGE][PASSED] - Text '123' is set on object 'Object Repository/DispensaryToStore/Page_Divisonal Store Login/input_txtpassword'

2018-05-28 12:51:14 - [TEST_STEP][PASSED] - delay: Delayed 3 second(s)

2018-05-28 12:51:17 - [MESSAGE][PASSED] - Delayed 3 second(s)

2018-05-28 12:51:17 - [TEST_STEP][PASSED] - click: Object: 'Object Repository/DispensaryToStore/Page_Divisonal Store Login/button_Sign in' is clicked on

2018-05-28 12:51:19 - [MESSAGE][PASSED] - Object: 'Object Repository/DispensaryToStore/Page_Divisonal Store Login/button_Sign in' is clicked on

2018-05-28 12:51:19 - [TEST_STEP][PASSED] - delay: Delayed 3 second(s)

2018-05-28 12:51:22 - [MESSAGE][PASSED] - Delayed 3 second(s)

2018-05-28 12:51:22 - [TEST_STEP][PASSED] - scrollToPosition: Browser is scrolled to position x = 100, y = 100

2018-05-28 12:51:22 - [MESSAGE][PASSED] - Browser is scrolled to position x = 100, y = 100

2018-05-28 12:51:22 - [TEST_STEP][PASSED] - click: Object: 'Object Repository/DispensaryToStore/Page_Store/a_Dispensary Request' is clicked on

2018-05-28 12:51:22 - [MESSAGE][PASSED] - Object: 'Object Repository/DispensaryToStore/Page_Store/a_Dispensary Request' is clicked on

2018-05-28 12:51:22 - [TEST_STEP][PASSED] - delay: Delayed 2 second(s)

2018-05-28 12:51:24 - [MESSAGE][PASSED] - Delayed 2 second(s)

2018-05-28 12:51:24 - [TEST_STEP][PASSED] - click: Object: 'Object Repository/DispensaryToStore/Page_Store/a_Request Item Dispensary' is clicked on

2018-05-28 12:51:25 - [MESSAGE][PASSED] - Object: 'Object Repository/DispensaryToStore/Page_Store/a_Request Item Dispensary' is clicked on

2018-05-28 12:51:25 - [TEST_STEP][PASSED] - Statement - ChooseRequest = com.kms.katalon.core.webui.keyword.WebUiBuiltInKeywords.modifyObjectProperty(com.kms.katalon.core.testobject.ObjectRepository.findTestObject(lab/Page_Store/input_1), "xpath", "equals", "//*[@id=" + RID + "]", true): Modify property of object successfully

2018-05-28 12:51:25 - [MESSAGE][PASSED] - Modify property of object successfully

2018-05-28 12:51:25 - [TEST_STEP][PASSED] - click: Object: 'Object Repository/lab/Page_Store/input_1' is clicked on

2018-05-28 12:51:26 - [MESSAGE][PASSED] - Object: 'Object Repository/lab/Page_Store/input_1' is clicked on

2018-05-28 12:51:26 - [TEST_STEP][PASSED] - Statement - selectedoptions = com.kms.katalon.core.webui.keyword.WebUiBuiltInKeywords.getNumberOfTotalOption(com.kms.katalon.core.testobject.ObjectRepository.findTestObject(DispensaryToStore/Page_Store/select_--Select--Adernaline 0.)): 18 options of object 'Object Repository/DispensaryToStore/Page_Store/select_--Select--Adernaline 0.' counted

2018-05-28 12:51:26 - [MESSAGE][PASSED] - 18 options of object 'Object Repository/DispensaryToStore/Page_Store/select_--Select--Adernaline 0.' counted

2018-05-28 12:51:26 - [TEST_STEP][PASSED] - Statement - For ([a = 1, a <= selectedoptions - 1, (a++)]): null

2018-05-28 12:51:26 - [TEST_STEP][PASSED] - selectOptionByIndex: All options with index in [1] are selected on object 'Object Repository/DispensaryToStore/Page_Store/select_--Select--Adernaline 0.'

2018-05-28 12:51:26 - [MESSAGE][PASSED] - All options with index in [1] are selected on object 'Object Repository/DispensaryToStore/Page_Store/select_--Select--Adernaline 0.'

2018-05-28 12:51:26 - [TEST_STEP][PASSED] - delay: Delayed 2 second(s)

2018-05-28 12:51:28 - [MESSAGE][PASSED] - Delayed 2 second(s)

2018-05-28 12:51:28 - [TEST_STEP][PASSED] - Statement - RequestedQty = com.kms.katalon.core.webui.keyword.WebUiBuiltInKeywords.getAttribute(com.kms.katalon.core.testobject.ObjectRepository.findTestObject(DispensaryToStore/Page_Store/input_txttotal), "value"): Attribute 'value' of object 'Object Repository/DispensaryToStore/Page_Store/input_txttotal' is: '10'

2018-05-28 12:51:28 - [MESSAGE][PASSED] - Attribute 'value' of object 'Object Repository/DispensaryToStore/Page_Store/input_txttotal' is: '10'

2018-05-28 12:51:28 - [TEST_STEP][PASSED] - Statement - out.println("Requested QTY : " + RequestedQty): null

2018-05-28 12:51:28 - [TEST_STEP][PASSED] - Statement - BatchNumber = com.kms.katalon.core.webui.keyword.WebUiBuiltInKeywords.getNumberOfTotalOption(com.kms.katalon.core.testobject.ObjectRepository.findTestObject(DispensaryToStore/Page_Store/select_--Select--BA1170BA2376B)): 2 options of object 'Object Repository/DispensaryToStore/Page_Store/select_--Select--BA1170BA2376B' counted

2018-05-28 12:51:28 - [MESSAGE][PASSED] - 2 options of object 'Object Repository/DispensaryToStore/Page_Store/select_--Select--BA1170BA2376B' counted

2018-05-28 12:51:28 - [TEST_STEP][PASSED] - Statement - For ([g = 1, g <= BatchNumber - 1, (g++)]): null

2018-05-28 12:51:28 - [TEST_STEP][PASSED] - selectOptionByIndex: All options with index in [1] are selected on object 'Object Repository/DispensaryToStore/Page_Store/select_--Select--BA1170BA2376B'

2018-05-28 12:51:28 - [MESSAGE][PASSED] - All options with index in [1] are selected on object 'Object Repository/DispensaryToStore/Page_Store/select_--Select--BA1170BA2376B'

2018-05-28 12:51:28 - [TEST_STEP][PASSED] - Statement - Try: null

2018-05-28 12:51:28 - [TEST_STEP][PASSED] - Statement - StockQty = com.kms.katalon.core.webui.keyword.WebUiBuiltInKeywords.getAttribute(com.kms.katalon.core.testobject.ObjectRepository.findTestObject(DispensaryToStore/Page_Store/input_txtprice), "value"): Attribute 'value' of object 'Object Repository/DispensaryToStore/Page_Store/input_txtprice' is: '1445'

2018-05-28 12:51:28 - [MESSAGE][PASSED] - Attribute 'value' of object 'Object Repository/DispensaryToStore/Page_Store/input_txtprice' is: '1445'

2018-05-28 12:51:28 - [TEST_STEP][PASSED] - Statement - out.println("Stock QTY : " + StockQty): null

2018-05-28 12:51:28 - [TEST_STEP][PASSED] - delay: Delayed 2 second(s)

2018-05-28 12:51:30 - [MESSAGE][PASSED] - Delayed 2 second(s)

2018-05-28 12:51:30 - [TEST_STEP][PASSED] - Statement - If (java.lang.String.valueOf(StockQty) >= java.lang.String.valueOf(RequestedQty)): null

2018-05-28 12:51:30 - [TEST_STEP][PASSED] - setText: Text '10' is set on object 'Object Repository/DispensaryToStore/Page_Store/input_txtqty'

2018-05-28 12:51:30 - [MESSAGE][PASSED] - Text '10' is set on object 'Object Repository/DispensaryToStore/Page_Store/input_txtqty'

2018-05-28 12:51:30 - [TEST_STEP][PASSED] - click: Object: 'Object Repository/DispensaryToStore/Page_Store/button_Add' is clicked on

2018-05-28 12:51:30 - [MESSAGE][PASSED] - Object: 'Object Repository/DispensaryToStore/Page_Store/button_Add' is clicked on

2018-05-28 12:51:30 - [TEST_STEP][PASSED] - Statement - Break: null

2018-05-28 12:51:30 - [TEST_STEP][PASSED] - selectOptionByIndex: All options with index in [2] are selected on object 'Object Repository/DispensaryToStore/Page_Store/select_--Select--Adernaline 0.'

2018-05-28 12:51:30 - [MESSAGE][PASSED] - All options with index in [2] are selected on object 'Object Repository/DispensaryToStore/Page_Store/select_--Select--Adernaline 0.'

2018-05-28 12:51:30 - [TEST_STEP][PASSED] - delay: Delayed 2 second(s)

2018-05-28 12:51:32 - [MESSAGE][PASSED] - Delayed 2 second(s)

2018-05-28 12:51:32 - [TEST_STEP][PASSED] - Statement - RequestedQty = com.kms.katalon.core.webui.keyword.WebUiBuiltInKeywords.getAttribute(com.kms.katalon.core.testobject.ObjectRepository.findTestObject(DispensaryToStore/Page_Store/input_txttotal), "value"): Attribute 'value' of object 'Object Repository/DispensaryToStore/Page_Store/input_txttotal' is: '10'

2018-05-28 12:51:32 - [MESSAGE][PASSED] - Attribute 'value' of object 'Object Repository/DispensaryToStore/Page_Store/input_txttotal' is: '10'

2018-05-28 12:51:32 - [TEST_STEP][PASSED] - Statement - out.println("Requested QTY : " + RequestedQty): null

2018-05-28 12:51:32 - [TEST_STEP][PASSED] - Statement - BatchNumber = com.kms.katalon.core.webui.keyword.WebUiBuiltInKeywords.getNumberOfTotalOption(com.kms.katalon.core.testobject.ObjectRepository.findTestObject(DispensaryToStore/Page_Store/select_--Select--BA1170BA2376B)): 3 options of object 'Object Repository/DispensaryToStore/Page_Store/select_--Select--BA1170BA2376B' counted

2018-05-28 12:51:32 - [MESSAGE][PASSED] - 3 options of object 'Object Repository/DispensaryToStore/Page_Store/select_--Select--BA1170BA2376B' counted

2018-05-28 12:51:32 - [TEST_STEP][PASSED] - Statement - For ([g = 1, g <= BatchNumber - 1, (g++)]): null

2018-05-28 12:51:32 - [TEST_STEP][PASSED] - selectOptionByIndex: All options with index in [1] are selected on object 'Object Repository/DispensaryToStore/Page_Store/select_--Select--BA1170BA2376B'

2018-05-28 12:51:33 - [MESSAGE][PASSED] - All options with index in [1] are selected on object 'Object Repository/DispensaryToStore/Page_Store/select_--Select--BA1170BA2376B'

2018-05-28 12:51:33 - [TEST_STEP][PASSED] - Statement - Try: null

2018-05-28 12:51:33 - [TEST_STEP][PASSED] - Statement - StockQty = com.kms.katalon.core.webui.keyword.WebUiBuiltInKeywords.getAttribute(com.kms.katalon.core.testobject.ObjectRepository.findTestObject(DispensaryToStore/Page_Store/input_txtprice), "value"): Attribute 'value' of object 'Object Repository/DispensaryToStore/Page_Store/input_txtprice' is: '327'

2018-05-28 12:51:33 - [MESSAGE][PASSED] - Attribute 'value' of object 'Object Repository/DispensaryToStore/Page_Store/input_txtprice' is: '327'

2018-05-28 12:51:33 - [TEST_STEP][PASSED] - Statement - out.println("Stock QTY : " + StockQty): null

2018-05-28 12:51:33 - [TEST_STEP][PASSED] - delay: Delayed 2 second(s)

2018-05-28 12:51:35 - [MESSAGE][PASSED] - Delayed 2 second(s)

2018-05-28 12:51:35 - [TEST_STEP][PASSED] - Statement - If (java.lang.String.valueOf(StockQty) >= java.lang.String.valueOf(RequestedQty)): null

2018-05-28 12:51:35 - [TEST_STEP][PASSED] - setText: Text '10' is set on object 'Object Repository/DispensaryToStore/Page_Store/input_txtqty'

2018-05-28 12:51:35 - [MESSAGE][PASSED] - Text '10' is set on object 'Object Repository/DispensaryToStore/Page_Store/input_txtqty'

2018-05-28 12:51:35 - [TEST_STEP][PASSED] - click: Object: 'Object Repository/DispensaryToStore/Page_Store/button_Add' is clicked on

2018-05-28 12:51:35 - [MESSAGE][PASSED] - Object: 'Object Repository/DispensaryToStore/Page_Store/button_Add' is clicked on

2018-05-28 12:51:35 - [TEST_STEP][PASSED] - Statement - Break: null

2018-05-28 12:51:35 - [TEST_STEP][PASSED] - selectOptionByIndex: All options with index in [3] are selected on object 'Object Repository/DispensaryToStore/Page_Store/select_--Select--Adernaline 0.'

2018-05-28 12:51:35 - [MESSAGE][PASSED] - All options with index in [3] are selected on object 'Object Repository/DispensaryToStore/Page_Store/select_--Select--Adernaline 0.'

2018-05-28 12:51:35 - [TEST_STEP][PASSED] - delay: Delayed 2 second(s)

2018-05-28 12:51:37 - [MESSAGE][PASSED] - Delayed 2 second(s)

2018-05-28 12:51:37 - [TEST_STEP][PASSED] - Statement - RequestedQty = com.kms.katalon.core.webui.keyword.WebUiBuiltInKeywords.getAttribute(com.kms.katalon.core.testobject.ObjectRepository.findTestObject(DispensaryToStore/Page_Store/input_txttotal), "value"): Attribute 'value' of object 'Object Repository/DispensaryToStore/Page_Store/input_txttotal' is: '10'

2018-05-28 12:51:37 - [MESSAGE][PASSED] - Attribute 'value' of object 'Object Repository/DispensaryToStore/Page_Store/input_txttotal' is: '10'

2018-05-28 12:51:37 - [TEST_STEP][PASSED] - Statement - out.println("Requested QTY : " + RequestedQty): null

2018-05-28 12:51:37 - [TEST_STEP][PASSED] - Statement - BatchNumber = com.kms.katalon.core.webui.keyword.WebUiBuiltInKeywords.getNumberOfTotalOption(com.kms.katalon.core.testobject.ObjectRepository.findTestObject(DispensaryToStore/Page_Store/select_--Select--BA1170BA2376B)): 3 options of object 'Object Repository/DispensaryToStore/Page_Store/select_--Select--BA1170BA2376B' counted

2018-05-28 12:51:37 - [MESSAGE][PASSED] - 3 options of object 'Object Repository/DispensaryToStore/Page_Store/select_--Select--BA1170BA2376B' counted

2018-05-28 12:51:37 - [TEST_STEP][PASSED] - Statement - For ([g = 1, g <= BatchNumber - 1, (g++)]): null

2018-05-28 12:51:37 - [TEST_STEP][PASSED] - selectOptionByIndex: All options with index in [1] are selected on object 'Object Repository/DispensaryToStore/Page_Store/select_--Select--BA1170BA2376B'

2018-05-28 12:51:37 - [MESSAGE][PASSED] - All options with index in [1] are selected on object 'Object Repository/DispensaryToStore/Page_Store/select_--Select--BA1170BA2376B'

2018-05-28 12:51:37 - [TEST_STEP][PASSED] - Statement - Try: null

2018-05-28 12:51:37 - [TEST_STEP][PASSED] - Statement - StockQty = com.kms.katalon.core.webui.keyword.WebUiBuiltInKeywords.getAttribute(com.kms.katalon.core.testobject.ObjectRepository.findTestObject(DispensaryToStore/Page_Store/input_txtprice), "value"): Attribute 'value' of object 'Object Repository/DispensaryToStore/Page_Store/input_txtprice' is: '1345'

2018-05-28 12:51:37 - [MESSAGE][PASSED] - Attribute 'value' of object 'Object Repository/DispensaryToStore/Page_Store/input_txtprice' is: '1345'

2018-05-28 12:51:37 - [TEST_STEP][PASSED] - Statement - out.println("Stock QTY : " + StockQty): null

2018-05-28 12:51:37 - [TEST_STEP][PASSED] - delay: Delayed 2 second(s)

2018-05-28 12:51:39 - [MESSAGE][PASSED] - Delayed 2 second(s)

2018-05-28 12:51:39 - [TEST_STEP][PASSED] - Statement - If (java.lang.String.valueOf(StockQty) >= java.lang.String.valueOf(RequestedQty)): null

2018-05-28 12:51:39 - [TEST_STEP][PASSED] - setText: Text '10' is set on object 'Object Repository/DispensaryToStore/Page_Store/input_txtqty'

2018-05-28 12:51:39 - [MESSAGE][PASSED] - Text '10' is set on object 'Object Repository/DispensaryToStore/Page_Store/input_txtqty'

2018-05-28 12:51:39 - [TEST_STEP][PASSED] - click: Object: 'Object Repository/DispensaryToStore/Page_Store/button_Add' is clicked on

2018-05-28 12:51:39 - [MESSAGE][PASSED] - Object: 'Object Repository/DispensaryToStore/Page_Store/button_Add' is clicked on

2018-05-28 12:51:39 - [TEST_STEP][PASSED] - Statement - Break: null

2018-05-28 12:51:39 - [TEST_STEP][PASSED] - selectOptionByIndex: All options with index in [4] are selected on object 'Object Repository/DispensaryToStore/Page_Store/select_--Select--Adernaline 0.'

2018-05-28 12:51:40 - [MESSAGE][PASSED] - All options with index in [4] are selected on object 'Object Repository/DispensaryToStore/Page_Store/select_--Select--Adernaline 0.'

2018-05-28 12:51:40 - [TEST_STEP][PASSED] - delay: Delayed 2 second(s)

2018-05-28 12:51:42 - [MESSAGE][PASSED] - Delayed 2 second(s)

2018-05-28 12:51:42 - [TEST_STEP][PASSED] - Statement - RequestedQty = com.kms.katalon.core.webui.keyword.WebUiBuiltInKeywords.getAttribute(com.kms.katalon.core.testobject.ObjectRepository.findTestObject(DispensaryToStore/Page_Store/input_txttotal), "value"): Attribute 'value' of object 'Object Repository/DispensaryToStore/Page_Store/input_txttotal' is: '10'

2018-05-28 12:51:42 - [MESSAGE][PASSED] - Attribute 'value' of object 'Object Repository/DispensaryToStore/Page_Store/input_txttotal' is: '10'

2018-05-28 12:51:42 - [TEST_STEP][PASSED] - Statement - out.println("Requested QTY : " + RequestedQty): null

2018-05-28 12:51:42 - [TEST_STEP][PASSED] - Statement - BatchNumber = com.kms.katalon.core.webui.keyword.WebUiBuiltInKeywords.getNumberOfTotalOption(com.kms.katalon.core.testobject.ObjectRepository.findTestObject(DispensaryToStore/Page_Store/select_--Select--BA1170BA2376B)): 3 options of object 'Object Repository/DispensaryToStore/Page_Store/select_--Select--BA1170BA2376B' counted

2018-05-28 12:51:42 - [MESSAGE][PASSED] - 3 options of object 'Object Repository/DispensaryToStore/Page_Store/select_--Select--BA1170BA2376B' counted

2018-05-28 12:51:42 - [TEST_STEP][PASSED] - Statement - For ([g = 1, g <= BatchNumber - 1, (g++)]): null

2018-05-28 12:51:42 - [TEST_STEP][PASSED] - selectOptionByIndex: All options with index in [1] are selected on object 'Object Repository/DispensaryToStore/Page_Store/select_--Select--BA1170BA2376B'

2018-05-28 12:51:42 - [MESSAGE][PASSED] - All options with index in [1] are selected on object 'Object Repository/DispensaryToStore/Page_Store/select_--Select--BA1170BA2376B'

2018-05-28 12:51:42 - [TEST_STEP][PASSED] - Statement - Try: null

2018-05-28 12:51:42 - [TEST_STEP][PASSED] - Statement - StockQty = com.kms.katalon.core.webui.keyword.WebUiBuiltInKeywords.getAttribute(com.kms.katalon.core.testobject.ObjectRepository.findTestObject(DispensaryToStore/Page_Store/input_txtprice), "value"): Attribute 'value' of object 'Object Repository/DispensaryToStore/Page_Store/input_txtprice' is: '435'

2018-05-28 12:51:42 - [MESSAGE][PASSED] - Attribute 'value' of object 'Object Repository/DispensaryToStore/Page_Store/input_txtprice' is: '435'

2018-05-28 12:51:42 - [TEST_STEP][PASSED] - Statement - out.println("Stock QTY : " + StockQty): null

2018-05-28 12:51:42 - [TEST_STEP][PASSED] - delay: Delayed 2 second(s)

2018-05-28 12:51:44 - [MESSAGE][PASSED] - Delayed 2 second(s)

2018-05-28 12:51:44 - [TEST_STEP][PASSED] - Statement - If (java.lang.String.valueOf(StockQty) >= java.lang.String.valueOf(RequestedQty)): null

2018-05-28 12:51:44 - [TEST_STEP][PASSED] - setText: Text '10' is set on object 'Object Repository/DispensaryToStore/Page_Store/input_txtqty'

2018-05-28 12:51:44 - [MESSAGE][PASSED] - Text '10' is set on object 'Object Repository/DispensaryToStore/Page_Store/input_txtqty'

2018-05-28 12:51:44 - [TEST_STEP][PASSED] - click: Object: 'Object Repository/DispensaryToStore/Page_Store/button_Add' is clicked on

2018-05-28 12:51:44 - [MESSAGE][PASSED] - Object: 'Object Repository/DispensaryToStore/Page_Store/button_Add' is clicked on

2018-05-28 12:51:44 - [TEST_STEP][PASSED] - Statement - Break: null

2018-05-28 12:51:44 - [TEST_STEP][PASSED] - selectOptionByIndex: All options with index in [5] are selected on object 'Object Repository/DispensaryToStore/Page_Store/select_--Select--Adernaline 0.'

2018-05-28 12:51:44 - [MESSAGE][PASSED] - All options with index in [5] are selected on object 'Object Repository/DispensaryToStore/Page_Store/select_--Select--Adernaline 0.'

2018-05-28 12:51:44 - [TEST_STEP][PASSED] - delay: Delayed 2 second(s)

2018-05-28 12:51:46 - [MESSAGE][PASSED] - Delayed 2 second(s)

2018-05-28 12:51:46 - [TEST_STEP][PASSED] - Statement - RequestedQty = com.kms.katalon.core.webui.keyword.WebUiBuiltInKeywords.getAttribute(com.kms.katalon.core.testobject.ObjectRepository.findTestObject(DispensaryToStore/Page_Store/input_txttotal), "value"): Attribute 'value' of object 'Object Repository/DispensaryToStore/Page_Store/input_txttotal' is: '10'

2018-05-28 12:51:46 - [MESSAGE][PASSED] - Attribute 'value' of object 'Object Repository/DispensaryToStore/Page_Store/input_txttotal' is: '10'

2018-05-28 12:51:46 - [TEST_STEP][PASSED] - Statement - out.println("Requested QTY : " + RequestedQty): null

2018-05-28 12:51:46 - [TEST_STEP][PASSED] - Statement - BatchNumber = com.kms.katalon.core.webui.keyword.WebUiBuiltInKeywords.getNumberOfTotalOption(com.kms.katalon.core.testobject.ObjectRepository.findTestObject(DispensaryToStore/Page_Store/select_--Select--BA1170BA2376B)): 3 options of object 'Object Repository/DispensaryToStore/Page_Store/select_--Select--BA1170BA2376B' counted

2018-05-28 12:51:46 - [MESSAGE][PASSED] - 3 options of object 'Object Repository/DispensaryToStore/Page_Store/select_--Select--BA1170BA2376B' counted

2018-05-28 12:51:46 - [TEST_STEP][PASSED] - Statement - For ([g = 1, g <= BatchNumber - 1, (g++)]): null

2018-05-28 12:51:46 - [TEST_STEP][PASSED] - selectOptionByIndex: All options with index in [1] are selected on object 'Object Repository/DispensaryToStore/Page_Store/select_--Select--BA1170BA2376B'

2018-05-28 12:51:46 - [MESSAGE][PASSED] - All options with index in [1] are selected on object 'Object Repository/DispensaryToStore/Page_Store/select_--Select--BA1170BA2376B'

2018-05-28 12:51:46 - [TEST_STEP][PASSED] - Statement - Try: null

2018-05-28 12:51:46 - [TEST_STEP][PASSED] - Statement - StockQty = com.kms.katalon.core.webui.keyword.WebUiBuiltInKeywords.getAttribute(com.kms.katalon.core.testobject.ObjectRepository.findTestObject(DispensaryToStore/Page_Store/input_txtprice), "value"): Attribute 'value' of object 'Object Repository/DispensaryToStore/Page_Store/input_txtprice' is: '435'

2018-05-28 12:51:46 - [MESSAGE][PASSED] - Attribute 'value' of object 'Object Repository/DispensaryToStore/Page_Store/input_txtprice' is: '435'

2018-05-28 12:51:46 - [TEST_STEP][PASSED] - Statement - out.println("Stock QTY : " + StockQty): null

2018-05-28 12:51:46 - [TEST_STEP][PASSED] - delay: Delayed 2 second(s)

2018-05-28 12:51:48 - [MESSAGE][PASSED] - Delayed 2 second(s)

2018-05-28 12:51:48 - [TEST_STEP][PASSED] - Statement - If (java.lang.String.valueOf(StockQty) >= java.lang.String.valueOf(RequestedQty)): null

2018-05-28 12:51:48 - [TEST_STEP][PASSED] - setText: Text '10' is set on object 'Object Repository/DispensaryToStore/Page_Store/input_txtqty'

2018-05-28 12:51:48 - [MESSAGE][PASSED] - Text '10' is set on object 'Object Repository/DispensaryToStore/Page_Store/input_txtqty'

2018-05-28 12:51:48 - [TEST_STEP][PASSED] - click: Object: 'Object Repository/DispensaryToStore/Page_Store/button_Add' is clicked on

2018-05-28 12:51:49 - [MESSAGE][PASSED] - Object: 'Object Repository/DispensaryToStore/Page_Store/button_Add' is clicked on

2018-05-28 12:51:49 - [TEST_STEP][PASSED] - Statement - Break: null

2018-05-28 12:51:49 - [TEST_STEP][PASSED] - selectOptionByIndex: All options with index in [6] are selected on object 'Object Repository/DispensaryToStore/Page_Store/select_--Select--Adernaline 0.'

2018-05-28 12:51:49 - [MESSAGE][PASSED] - All options with index in [6] are selected on object 'Object Repository/DispensaryToStore/Page_Store/select_--Select--Adernaline 0.'

2018-05-28 12:51:49 - [TEST_STEP][PASSED] - delay: Delayed 2 second(s)

2018-05-28 12:51:51 - [MESSAGE][PASSED] - Delayed 2 second(s)

2018-05-28 12:51:51 - [TEST_STEP][PASSED] - Statement - RequestedQty = com.kms.katalon.core.webui.keyword.WebUiBuiltInKeywords.getAttribute(com.kms.katalon.core.testobject.ObjectRepository.findTestObject(DispensaryToStore/Page_Store/input_txttotal), "value"): Attribute 'value' of object 'Object Repository/DispensaryToStore/Page_Store/input_txttotal' is: '10'

2018-05-28 12:51:51 - [MESSAGE][PASSED] - Attribute 'value' of object 'Object Repository/DispensaryToStore/Page_Store/input_txttotal' is: '10'

2018-05-28 12:51:51 - [TEST_STEP][PASSED] - Statement - out.println("Requested QTY : " + RequestedQty): null

2018-05-28 12:51:51 - [TEST_STEP][PASSED] - Statement - BatchNumber = com.kms.katalon.core.webui.keyword.WebUiBuiltInKeywords.getNumberOfTotalOption(com.kms.katalon.core.testobject.ObjectRepository.findTestObject(DispensaryToStore/Page_Store/select_--Select--BA1170BA2376B)): 3 options of object 'Object Repository/DispensaryToStore/Page_Store/select_--Select--BA1170BA2376B' counted

2018-05-28 12:51:51 - [MESSAGE][PASSED] - 3 options of object 'Object Repository/DispensaryToStore/Page_Store/select_--Select--BA1170BA2376B' counted

2018-05-28 12:51:51 - [TEST_STEP][PASSED] - Statement - For ([g = 1, g <= BatchNumber - 1, (g++)]): null

2018-05-28 12:51:51 - [TEST_STEP][PASSED] - selectOptionByIndex: All options with index in [1] are selected on object 'Object Repository/DispensaryToStore/Page_Store/select_--Select--BA1170BA2376B'

2018-05-28 12:51:51 - [MESSAGE][PASSED] - All options with index in [1] are selected on object 'Object Repository/DispensaryToStore/Page_Store/select_--Select--BA1170BA2376B'

2018-05-28 12:51:51 - [TEST_STEP][PASSED] - Statement - Try: null

2018-05-28 12:51:51 - [TEST_STEP][PASSED] - Statement - StockQty = com.kms.katalon.core.webui.keyword.WebUiBuiltInKeywords.getAttribute(com.kms.katalon.core.testobject.ObjectRepository.findTestObject(DispensaryToStore/Page_Store/input_txtprice), "value"): Attribute 'value' of object 'Object Repository/DispensaryToStore/Page_Store/input_txtprice' is: '435'

2018-05-28 12:51:51 - [MESSAGE][PASSED] - Attribute 'value' of object 'Object Repository/DispensaryToStore/Page_Store/input_txtprice' is: '435'

2018-05-28 12:51:51 - [TEST_STEP][PASSED] - Statement - out.println("Stock QTY : " + StockQty): null

2018-05-28 12:51:51 - [TEST_STEP][PASSED] - delay: Delayed 2 second(s)

2018-05-28 12:51:53 - [MESSAGE][PASSED] - Delayed 2 second(s)

2018-05-28 12:51:53 - [TEST_STEP][PASSED] - Statement - If (java.lang.String.valueOf(StockQty) >= java.lang.String.valueOf(RequestedQty)): null

2018-05-28 12:51:53 - [TEST_STEP][PASSED] - setText: Text '10' is set on object 'Object Repository/DispensaryToStore/Page_Store/input_txtqty'

2018-05-28 12:51:53 - [MESSAGE][PASSED] - Text '10' is set on object 'Object Repository/DispensaryToStore/Page_Store/input_txtqty'

2018-05-28 12:51:53 - [TEST_STEP][PASSED] - click: Object: 'Object Repository/DispensaryToStore/Page_Store/button_Add' is clicked on

2018-05-28 12:51:53 - [MESSAGE][PASSED] - Object: 'Object Repository/DispensaryToStore/Page_Store/button_Add' is clicked on

2018-05-28 12:51:53 - [TEST_STEP][PASSED] - Statement - Break: null

2018-05-28 12:51:53 - [TEST_STEP][PASSED] - selectOptionByIndex: All options with index in [7] are selected on object 'Object Repository/DispensaryToStore/Page_Store/select_--Select--Adernaline 0.'

2018-05-28 12:51:53 - [MESSAGE][PASSED] - All options with index in [7] are selected on object 'Object Repository/DispensaryToStore/Page_Store/select_--Select--Adernaline 0.'

2018-05-28 12:51:53 - [TEST_STEP][PASSED] - delay: Delayed 2 second(s)

2018-05-28 12:51:55 - [MESSAGE][PASSED] - Delayed 2 second(s)

2018-05-28 12:51:55 - [TEST_STEP][PASSED] - Statement - RequestedQty = com.kms.katalon.core.webui.keyword.WebUiBuiltInKeywords.getAttribute(com.kms.katalon.core.testobject.ObjectRepository.findTestObject(DispensaryToStore/Page_Store/input_txttotal), "value"): Attribute 'value' of object 'Object Repository/DispensaryToStore/Page_Store/input_txttotal' is: '10'

2018-05-28 12:51:55 - [MESSAGE][PASSED] - Attribute 'value' of object 'Object Repository/DispensaryToStore/Page_Store/input_txttotal' is: '10'

2018-05-28 12:51:55 - [TEST_STEP][PASSED] - Statement - out.println("Requested QTY : " + RequestedQty): null

2018-05-28 12:51:55 - [TEST_STEP][PASSED] - Statement - BatchNumber = com.kms.katalon.core.webui.keyword.WebUiBuiltInKeywords.getNumberOfTotalOption(com.kms.katalon.core.testobject.ObjectRepository.findTestObject(DispensaryToStore/Page_Store/select_--Select--BA1170BA2376B)): 2 options of object 'Object Repository/DispensaryToStore/Page_Store/select_--Select--BA1170BA2376B' counted

2018-05-28 12:51:56 - [MESSAGE][PASSED] - 2 options of object 'Object Repository/DispensaryToStore/Page_Store/select_--Select--BA1170BA2376B' counted

2018-05-28 12:51:56 - [TEST_STEP][PASSED] - Statement - For ([g = 1, g <= BatchNumber - 1, (g++)]): null

2018-05-28 12:51:56 - [TEST_STEP][PASSED] - selectOptionByIndex: All options with index in [1] are selected on object 'Object Repository/DispensaryToStore/Page_Store/select_--Select--BA1170BA2376B'

2018-05-28 12:51:56 - [MESSAGE][PASSED] - All options with index in [1] are selected on object 'Object Repository/DispensaryToStore/Page_Store/select_--Select--BA1170BA2376B'

2018-05-28 12:51:56 - [TEST_STEP][PASSED] - Statement - Try: null

2018-05-28 12:51:56 - [TEST_STEP][PASSED] - Statement - StockQty = com.kms.katalon.core.webui.keyword.WebUiBuiltInKeywords.getAttribute(com.kms.katalon.core.testobject.ObjectRepository.findTestObject(DispensaryToStore/Page_Store/input_txtprice), "value"): Attribute 'value' of object 'Object Repository/DispensaryToStore/Page_Store/input_txtprice' is: '1445'

2018-05-28 12:51:56 - [MESSAGE][PASSED] - Attribute 'value' of object 'Object Repository/DispensaryToStore/Page_Store/input_txtprice' is: '1445'

2018-05-28 12:51:56 - [TEST_STEP][PASSED] - Statement - out.println("Stock QTY : " + StockQty): null

2018-05-28 12:51:56 - [TEST_STEP][PASSED] - delay: Delayed 2 second(s)

2018-05-28 12:51:58 - [MESSAGE][PASSED] - Delayed 2 second(s)

2018-05-28 12:51:58 - [TEST_STEP][PASSED] - Statement - If (java.lang.String.valueOf(StockQty) >= java.lang.String.valueOf(RequestedQty)): null

2018-05-28 12:51:58 - [TEST_STEP][PASSED] - setText: Text '10' is set on object 'Object Repository/DispensaryToStore/Page_Store/input_txtqty'

2018-05-28 12:51:58 - [MESSAGE][PASSED] - Text '10' is set on object 'Object Repository/DispensaryToStore/Page_Store/input_txtqty'

2018-05-28 12:51:58 - [TEST_STEP][PASSED] - click: Object: 'Object Repository/DispensaryToStore/Page_Store/button_Add' is clicked on

2018-05-28 12:51:58 - [MESSAGE][PASSED] - Object: 'Object Repository/DispensaryToStore/Page_Store/button_Add' is clicked on

2018-05-28 12:51:58 - [TEST_STEP][PASSED] - Statement - Break: null

2018-05-28 12:51:58 - [TEST_STEP][PASSED] - selectOptionByIndex: All options with index in [8] are selected on object 'Object Repository/DispensaryToStore/Page_Store/select_--Select--Adernaline 0.'

2018-05-28 12:51:58 - [MESSAGE][PASSED] - All options with index in [8] are selected on object 'Object Repository/DispensaryToStore/Page_Store/select_--Select--Adernaline 0.'

2018-05-28 12:51:58 - [TEST_STEP][PASSED] - delay: Delayed 2 second(s)

2018-05-28 12:52:00 - [MESSAGE][PASSED] - Delayed 2 second(s)

2018-05-28 12:52:00 - [TEST_STEP][PASSED] - Statement - RequestedQty = com.kms.katalon.core.webui.keyword.WebUiBuiltInKeywords.getAttribute(com.kms.katalon.core.testobject.ObjectRepository.findTestObject(DispensaryToStore/Page_Store/input_txttotal), "value"): Attribute 'value' of object 'Object Repository/DispensaryToStore/Page_Store/input_txttotal' is: '10'

2018-05-28 12:52:00 - [MESSAGE][PASSED] - Attribute 'value' of object 'Object Repository/DispensaryToStore/Page_Store/input_txttotal' is: '10'

2018-05-28 12:52:00 - [TEST_STEP][PASSED] - Statement - out.println("Requested QTY : " + RequestedQty): null

2018-05-28 12:52:00 - [TEST_STEP][PASSED] - Statement - BatchNumber = com.kms.katalon.core.webui.keyword.WebUiBuiltInKeywords.getNumberOfTotalOption(com.kms.katalon.core.testobject.ObjectRepository.findTestObject(DispensaryToStore/Page_Store/select_--Select--BA1170BA2376B)): 3 options of object 'Object Repository/DispensaryToStore/Page_Store/select_--Select--BA1170BA2376B' counted

2018-05-28 12:52:00 - [MESSAGE][PASSED] - 3 options of object 'Object Repository/DispensaryToStore/Page_Store/select_--Select--BA1170BA2376B' counted

2018-05-28 12:52:00 - [TEST_STEP][PASSED] - Statement - For ([g = 1, g <= BatchNumber - 1, (g++)]): null

2018-05-28 12:52:00 - [TEST_STEP][PASSED] - selectOptionByIndex: All options with index in [1] are selected on object 'Object Repository/DispensaryToStore/Page_Store/select_--Select--BA1170BA2376B'

2018-05-28 12:52:00 - [MESSAGE][PASSED] - All options with index in [1] are selected on object 'Object Repository/DispensaryToStore/Page_Store/select_--Select--BA1170BA2376B'

2018-05-28 12:52:00 - [TEST_STEP][PASSED] - Statement - Try: null

2018-05-28 12:52:00 - [TEST_STEP][PASSED] - Statement - StockQty = com.kms.katalon.core.webui.keyword.WebUiBuiltInKeywords.getAttribute(com.kms.katalon.core.testobject.ObjectRepository.findTestObject(DispensaryToStore/Page_Store/input_txtprice), "value"): Attribute 'value' of object 'Object Repository/DispensaryToStore/Page_Store/input_txtprice' is: '1345'

2018-05-28 12:52:00 - [MESSAGE][PASSED] - Attribute 'value' of object 'Object Repository/DispensaryToStore/Page_Store/input_txtprice' is: '1345'

2018-05-28 12:52:00 - [TEST_STEP][PASSED] - Statement - out.println("Stock QTY : " + StockQty): null

2018-05-28 12:52:00 - [TEST_STEP][PASSED] - delay: Delayed 2 second(s)

2018-05-28 12:52:02 - [MESSAGE][PASSED] - Delayed 2 second(s)

2018-05-28 12:52:02 - [TEST_STEP][PASSED] - Statement - If (java.lang.String.valueOf(StockQty) >= java.lang.String.valueOf(RequestedQty)): null

2018-05-28 12:52:02 - [TEST_STEP][PASSED] - setText: Text '10' is set on object 'Object Repository/DispensaryToStore/Page_Store/input_txtqty'

2018-05-28 12:52:02 - [MESSAGE][PASSED] - Text '10' is set on object 'Object Repository/DispensaryToStore/Page_Store/input_txtqty'

2018-05-28 12:52:02 - [TEST_STEP][PASSED] - click: Object: 'Object Repository/DispensaryToStore/Page_Store/button_Add' is clicked on

2018-05-28 12:52:03 - [MESSAGE][PASSED] - Object: 'Object Repository/DispensaryToStore/Page_Store/button_Add' is clicked on

2018-05-28 12:52:03 - [TEST_STEP][PASSED] - Statement - Break: null

2018-05-28 12:52:03 - [TEST_STEP][PASSED] - selectOptionByIndex: All options with index in [9] are selected on object 'Object Repository/DispensaryToStore/Page_Store/select_--Select--Adernaline 0.'

2018-05-28 12:52:03 - [MESSAGE][PASSED] - All options with index in [9] are selected on object 'Object Repository/DispensaryToStore/Page_Store/select_--Select--Adernaline 0.'

2018-05-28 12:52:03 - [TEST_STEP][PASSED] - delay: Delayed 2 second(s)

2018-05-28 12:52:05 - [MESSAGE][PASSED] - Delayed 2 second(s)

2018-05-28 12:52:05 - [TEST_STEP][PASSED] - Statement - RequestedQty = com.kms.katalon.core.webui.keyword.WebUiBuiltInKeywords.getAttribute(com.kms.katalon.core.testobject.ObjectRepository.findTestObject(DispensaryToStore/Page_Store/input_txttotal), "value"): Attribute 'value' of object 'Object Repository/DispensaryToStore/Page_Store/input_txttotal' is: '10'

2018-05-28 12:52:05 - [MESSAGE][PASSED] - Attribute 'value' of object 'Object Repository/DispensaryToStore/Page_Store/input_txttotal' is: '10'

2018-05-28 12:52:05 - [TEST_STEP][PASSED] - Statement - out.println("Requested QTY : " + RequestedQty): null

2018-05-28 12:52:05 - [TEST_STEP][PASSED] - Statement - BatchNumber = com.kms.katalon.core.webui.keyword.WebUiBuiltInKeywords.getNumberOfTotalOption(com.kms.katalon.core.testobject.ObjectRepository.findTestObject(DispensaryToStore/Page_Store/select_--Select--BA1170BA2376B)): 3 options of object 'Object Repository/DispensaryToStore/Page_Store/select_--Select--BA1170BA2376B' counted

2018-05-28 12:52:05 - [MESSAGE][PASSED] - 3 options of object 'Object Repository/DispensaryToStore/Page_Store/select_--Select--BA1170BA2376B' counted

2018-05-28 12:52:05 - [TEST_STEP][PASSED] - Statement - For ([g = 1, g <= BatchNumber - 1, (g++)]): null

2018-05-28 12:52:05 - [TEST_STEP][PASSED] - selectOptionByIndex: All options with index in [1] are selected on object 'Object Repository/DispensaryToStore/Page_Store/select_--Select--BA1170BA2376B'

2018-05-28 12:52:05 - [MESSAGE][PASSED] - All options with index in [1] are selected on object 'Object Repository/DispensaryToStore/Page_Store/select_--Select--BA1170BA2376B'

2018-05-28 12:52:05 - [TEST_STEP][PASSED] - Statement - Try: null

2018-05-28 12:52:05 - [TEST_STEP][PASSED] - Statement - StockQty = com.kms.katalon.core.webui.keyword.WebUiBuiltInKeywords.getAttribute(com.kms.katalon.core.testobject.ObjectRepository.findTestObject(DispensaryToStore/Page_Store/input_txtprice), "value"): Attribute 'value' of object 'Object Repository/DispensaryToStore/Page_Store/input_txtprice' is: '435'

2018-05-28 12:52:05 - [MESSAGE][PASSED] - Attribute 'value' of object 'Object Repository/DispensaryToStore/Page_Store/input_txtprice' is: '435'

2018-05-28 12:52:05 - [TEST_STEP][PASSED] - Statement - out.println("Stock QTY : " + StockQty): null

2018-05-28 12:52:05 - [TEST_STEP][PASSED] - delay: Delayed 2 second(s)

2018-05-28 12:52:07 - [MESSAGE][PASSED] - Delayed 2 second(s)

2018-05-28 12:52:07 - [TEST_STEP][PASSED] - Statement - If (java.lang.String.valueOf(StockQty) >= java.lang.String.valueOf(RequestedQty)): null

2018-05-28 12:52:07 - [TEST_STEP][PASSED] - setText: Text '10' is set on object 'Object Repository/DispensaryToStore/Page_Store/input_txtqty'

2018-05-28 12:52:07 - [MESSAGE][PASSED] - Text '10' is set on object 'Object Repository/DispensaryToStore/Page_Store/input_txtqty'

2018-05-28 12:52:07 - [TEST_STEP][PASSED] - click: Object: 'Object Repository/DispensaryToStore/Page_Store/button_Add' is clicked on

2018-05-28 12:52:07 - [MESSAGE][PASSED] - Object: 'Object Repository/DispensaryToStore/Page_Store/button_Add' is clicked on

2018-05-28 12:52:07 - [TEST_STEP][PASSED] - Statement - Break: null

2018-05-28 12:52:07 - [TEST_STEP][PASSED] - selectOptionByIndex: All options with index in [10] are selected on object 'Object Repository/DispensaryToStore/Page_Store/select_--Select--Adernaline 0.'

2018-05-28 12:52:07 - [MESSAGE][PASSED] - All options with index in [10] are selected on object 'Object Repository/DispensaryToStore/Page_Store/select_--Select--Adernaline 0.'

2018-05-28 12:52:07 - [TEST_STEP][PASSED] - delay: Delayed 2 second(s)

2018-05-28 12:52:09 - [MESSAGE][PASSED] - Delayed 2 second(s)

2018-05-28 12:52:09 - [TEST_STEP][PASSED] - Statement - RequestedQty = com.kms.katalon.core.webui.keyword.WebUiBuiltInKeywords.getAttribute(com.kms.katalon.core.testobject.ObjectRepository.findTestObject(DispensaryToStore/Page_Store/input_txttotal), "value"): Attribute 'value' of object 'Object Repository/DispensaryToStore/Page_Store/input_txttotal' is: '10'

2018-05-28 12:52:09 - [MESSAGE][PASSED] - Attribute 'value' of object 'Object Repository/DispensaryToStore/Page_Store/input_txttotal' is: '10'

2018-05-28 12:52:09 - [TEST_STEP][PASSED] - Statement - out.println("Requested QTY : " + RequestedQty): null

2018-05-28 12:52:09 - [TEST_STEP][PASSED] - Statement - BatchNumber = com.kms.katalon.core.webui.keyword.WebUiBuiltInKeywords.getNumberOfTotalOption(com.kms.katalon.core.testobject.ObjectRepository.findTestObject(DispensaryToStore/Page_Store/select_--Select--BA1170BA2376B)): 2 options of object 'Object Repository/DispensaryToStore/Page_Store/select_--Select--BA1170BA2376B' counted

2018-05-28 12:52:09 - [MESSAGE][PASSED] - 2 options of object 'Object Repository/DispensaryToStore/Page_Store/select_--Select--BA1170BA2376B' counted

2018-05-28 12:52:09 - [TEST_STEP][PASSED] - Statement - For ([g = 1, g <= BatchNumber - 1, (g++)]): null

2018-05-28 12:52:09 - [TEST_STEP][PASSED] - selectOptionByIndex: All options with index in [1] are selected on object 'Object Repository/DispensaryToStore/Page_Store/select_--Select--BA1170BA2376B'

2018-05-28 12:52:10 - [MESSAGE][PASSED] - All options with index in [1] are selected on object 'Object Repository/DispensaryToStore/Page_Store/select_--Select--BA1170BA2376B'

2018-05-28 12:52:10 - [TEST_STEP][PASSED] - Statement - Try: null

2018-05-28 12:52:10 - [TEST_STEP][PASSED] - Statement - StockQty = com.kms.katalon.core.webui.keyword.WebUiBuiltInKeywords.getAttribute(com.kms.katalon.core.testobject.ObjectRepository.findTestObject(DispensaryToStore/Page_Store/input_txtprice), "value"): Attribute 'value' of object 'Object Repository/DispensaryToStore/Page_Store/input_txtprice' is: '1445'

2018-05-28 12:52:10 - [MESSAGE][PASSED] - Attribute 'value' of object 'Object Repository/DispensaryToStore/Page_Store/input_txtprice' is: '1445'

2018-05-28 12:52:10 - [TEST_STEP][PASSED] - Statement - out.println("Stock QTY : " + StockQty): null

2018-05-28 12:52:10 - [TEST_STEP][PASSED] - delay: Delayed 2 second(s)

2018-05-28 12:52:12 - [MESSAGE][PASSED] - Delayed 2 second(s)

2018-05-28 12:52:12 - [TEST_STEP][PASSED] - Statement - If (java.lang.String.valueOf(StockQty) >= java.lang.String.valueOf(RequestedQty)): null

2018-05-28 12:52:12 - [TEST_STEP][PASSED] - setText: Text '10' is set on object 'Object Repository/DispensaryToStore/Page_Store/input_txtqty'

2018-05-28 12:52:12 - [MESSAGE][PASSED] - Text '10' is set on object 'Object Repository/DispensaryToStore/Page_Store/input_txtqty'

2018-05-28 12:52:12 - [TEST_STEP][PASSED] - click: Object: 'Object Repository/DispensaryToStore/Page_Store/button_Add' is clicked on

2018-05-28 12:52:12 - [MESSAGE][PASSED] - Object: 'Object Repository/DispensaryToStore/Page_Store/button_Add' is clicked on

2018-05-28 12:52:12 - [TEST_STEP][PASSED] - Statement - Break: null

2018-05-28 12:52:12 - [TEST_STEP][PASSED] - selectOptionByIndex: All options with index in [11] are selected on object 'Object Repository/DispensaryToStore/Page_Store/select_--Select--Adernaline 0.'

2018-05-28 12:52:12 - [MESSAGE][PASSED] - All options with index in [11] are selected on object 'Object Repository/DispensaryToStore/Page_Store/select_--Select--Adernaline 0.'

2018-05-28 12:52:12 - [TEST_STEP][PASSED] - delay: Delayed 2 second(s)

2018-05-28 12:52:14 - [MESSAGE][PASSED] - Delayed 2 second(s)

2018-05-28 12:52:14 - [TEST_STEP][PASSED] - Statement - RequestedQty = com.kms.katalon.core.webui.keyword.WebUiBuiltInKeywords.getAttribute(com.kms.katalon.core.testobject.ObjectRepository.findTestObject(DispensaryToStore/Page_Store/input_txttotal), "value"): Attribute 'value' of object 'Object Repository/DispensaryToStore/Page_Store/input_txttotal' is: '10'

2018-05-28 12:52:14 - [MESSAGE][PASSED] - Attribute 'value' of object 'Object Repository/DispensaryToStore/Page_Store/input_txttotal' is: '10'

2018-05-28 12:52:14 - [TEST_STEP][PASSED] - Statement - out.println("Requested QTY : " + RequestedQty): null

2018-05-28 12:52:14 - [TEST_STEP][PASSED] - Statement - BatchNumber = com.kms.katalon.core.webui.keyword.WebUiBuiltInKeywords.getNumberOfTotalOption(com.kms.katalon.core.testobject.ObjectRepository.findTestObject(DispensaryToStore/Page_Store/select_--Select--BA1170BA2376B)): 4 options of object 'Object Repository/DispensaryToStore/Page_Store/select_--Select--BA1170BA2376B' counted

2018-05-28 12:52:14 - [MESSAGE][PASSED] - 4 options of object 'Object Repository/DispensaryToStore/Page_Store/select_--Select--BA1170BA2376B' counted

2018-05-28 12:52:14 - [TEST_STEP][PASSED] - Statement - For ([g = 1, g <= BatchNumber - 1, (g++)]): null

2018-05-28 12:52:14 - [TEST_STEP][PASSED] - selectOptionByIndex: All options with index in [1] are selected on object 'Object Repository/DispensaryToStore/Page_Store/select_--Select--BA1170BA2376B'

2018-05-28 12:52:14 - [MESSAGE][PASSED] - All options with index in [1] are selected on object 'Object Repository/DispensaryToStore/Page_Store/select_--Select--BA1170BA2376B'

2018-05-28 12:52:14 - [TEST_STEP][PASSED] - Statement - Try: null

2018-05-28 12:52:14 - [TEST_STEP][PASSED] - Statement - StockQty = com.kms.katalon.core.webui.keyword.WebUiBuiltInKeywords.getAttribute(com.kms.katalon.core.testobject.ObjectRepository.findTestObject(DispensaryToStore/Page_Store/input_txtprice), "value"): Attribute 'value' of object 'Object Repository/DispensaryToStore/Page_Store/input_txtprice' is: '435'

2018-05-28 12:52:14 - [MESSAGE][PASSED] - Attribute 'value' of object 'Object Repository/DispensaryToStore/Page_Store/input_txtprice' is: '435'

2018-05-28 12:52:14 - [TEST_STEP][PASSED] - Statement - out.println("Stock QTY : " + StockQty): null

2018-05-28 12:52:14 - [TEST_STEP][PASSED] - delay: Delayed 2 second(s)

2018-05-28 12:52:16 - [MESSAGE][PASSED] - Delayed 2 second(s)

2018-05-28 12:52:16 - [TEST_STEP][PASSED] - Statement - If (java.lang.String.valueOf(StockQty) >= java.lang.String.valueOf(RequestedQty)): null

2018-05-28 12:52:16 - [TEST_STEP][PASSED] - setText: Text '10' is set on object 'Object Repository/DispensaryToStore/Page_Store/input_txtqty'

2018-05-28 12:52:16 - [MESSAGE][PASSED] - Text '10' is set on object 'Object Repository/DispensaryToStore/Page_Store/input_txtqty'

2018-05-28 12:52:16 - [TEST_STEP][PASSED] - click: Object: 'Object Repository/DispensaryToStore/Page_Store/button_Add' is clicked on

2018-05-28 12:52:16 - [MESSAGE][PASSED] - Object: 'Object Repository/DispensaryToStore/Page_Store/button_Add' is clicked on

2018-05-28 12:52:16 - [TEST_STEP][PASSED] - Statement - Break: null

2018-05-28 12:52:16 - [TEST_STEP][PASSED] - selectOptionByIndex: All options with index in [12] are selected on object 'Object Repository/DispensaryToStore/Page_Store/select_--Select--Adernaline 0.'

2018-05-28 12:52:17 - [MESSAGE][PASSED] - All options with index in [12] are selected on object 'Object Repository/DispensaryToStore/Page_Store/select_--Select--Adernaline 0.'

2018-05-28 12:52:17 - [TEST_STEP][PASSED] - delay: Delayed 2 second(s)

2018-05-28 12:52:19 - [MESSAGE][PASSED] - Delayed 2 second(s)

2018-05-28 12:52:19 - [TEST_STEP][PASSED] - Statement - RequestedQty = com.kms.katalon.core.webui.keyword.WebUiBuiltInKeywords.getAttribute(com.kms.katalon.core.testobject.ObjectRepository.findTestObject(DispensaryToStore/Page_Store/input_txttotal), "value"): Attribute 'value' of object 'Object Repository/DispensaryToStore/Page_Store/input_txttotal' is: '10'

2018-05-28 12:52:19 - [MESSAGE][PASSED] - Attribute 'value' of object 'Object Repository/DispensaryToStore/Page_Store/input_txttotal' is: '10'

2018-05-28 12:52:19 - [TEST_STEP][PASSED] - Statement - out.println("Requested QTY : " + RequestedQty): null

2018-05-28 12:52:19 - [TEST_STEP][PASSED] - Statement - BatchNumber = com.kms.katalon.core.webui.keyword.WebUiBuiltInKeywords.getNumberOfTotalOption(com.kms.katalon.core.testobject.ObjectRepository.findTestObject(DispensaryToStore/Page_Store/select_--Select--BA1170BA2376B)): 2 options of object 'Object Repository/DispensaryToStore/Page_Store/select_--Select--BA1170BA2376B' counted

2018-05-28 12:52:19 - [MESSAGE][PASSED] - 2 options of object 'Object Repository/DispensaryToStore/Page_Store/select_--Select--BA1170BA2376B' counted

2018-05-28 12:52:19 - [TEST_STEP][PASSED] - Statement - For ([g = 1, g <= BatchNumber - 1, (g++)]): null

2018-05-28 12:52:19 - [TEST_STEP][PASSED] - selectOptionByIndex: All options with index in [1] are selected on object 'Object Repository/DispensaryToStore/Page_Store/select_--Select--BA1170BA2376B'

2018-05-28 12:52:19 - [MESSAGE][PASSED] - All options with index in [1] are selected on object 'Object Repository/DispensaryToStore/Page_Store/select_--Select--BA1170BA2376B'

2018-05-28 12:52:19 - [TEST_STEP][PASSED] - Statement - Try: null

2018-05-28 12:52:19 - [TEST_STEP][PASSED] - Statement - StockQty = com.kms.katalon.core.webui.keyword.WebUiBuiltInKeywords.getAttribute(com.kms.katalon.core.testobject.ObjectRepository.findTestObject(DispensaryToStore/Page_Store/input_txtprice), "value"): Attribute 'value' of object 'Object Repository/DispensaryToStore/Page_Store/input_txtprice' is: '1445'

2018-05-28 12:52:19 - [MESSAGE][PASSED] - Attribute 'value' of object 'Object Repository/DispensaryToStore/Page_Store/input_txtprice' is: '1445'

2018-05-28 12:52:19 - [TEST_STEP][PASSED] - Statement - out.println("Stock QTY : " + StockQty): null

2018-05-28 12:52:19 - [TEST_STEP][PASSED] - delay: Delayed 2 second(s)

2018-05-28 12:52:21 - [MESSAGE][PASSED] - Delayed 2 second(s)

2018-05-28 12:52:21 - [TEST_STEP][PASSED] - Statement - If (java.lang.String.valueOf(StockQty) >= java.lang.String.valueOf(RequestedQty)): null

2018-05-28 12:52:21 - [TEST_STEP][PASSED] - setText: Text '10' is set on object 'Object Repository/DispensaryToStore/Page_Store/input_txtqty'

2018-05-28 12:52:21 - [MESSAGE][PASSED] - Text '10' is set on object 'Object Repository/DispensaryToStore/Page_Store/input_txtqty'

2018-05-28 12:52:21 - [TEST_STEP][PASSED] - click: Object: 'Object Repository/DispensaryToStore/Page_Store/button_Add' is clicked on

2018-05-28 12:52:21 - [MESSAGE][PASSED] - Object: 'Object Repository/DispensaryToStore/Page_Store/button_Add' is clicked on

2018-05-28 12:52:21 - [TEST_STEP][PASSED] - Statement - Break: null

2018-05-28 12:52:21 - [TEST_STEP][PASSED] - selectOptionByIndex: All options with index in [13] are selected on object 'Object Repository/DispensaryToStore/Page_Store/select_--Select--Adernaline 0.'

2018-05-28 12:52:21 - [MESSAGE][PASSED] - All options with index in [13] are selected on object 'Object Repository/DispensaryToStore/Page_Store/select_--Select--Adernaline 0.'

2018-05-28 12:52:21 - [TEST_STEP][PASSED] - delay: Delayed 2 second(s)

2018-05-28 12:52:23 - [MESSAGE][PASSED] - Delayed 2 second(s)

2018-05-28 12:52:23 - [TEST_STEP][PASSED] - Statement - RequestedQty = com.kms.katalon.core.webui.keyword.WebUiBuiltInKeywords.getAttribute(com.kms.katalon.core.testobject.ObjectRepository.findTestObject(DispensaryToStore/Page_Store/input_txttotal), "value"): Attribute 'value' of object 'Object Repository/DispensaryToStore/Page_Store/input_txttotal' is: '10'

2018-05-28 12:52:23 - [MESSAGE][PASSED] - Attribute 'value' of object 'Object Repository/DispensaryToStore/Page_Store/input_txttotal' is: '10'

2018-05-28 12:52:23 - [TEST_STEP][PASSED] - Statement - out.println("Requested QTY : " + RequestedQty): null

2018-05-28 12:52:23 - [TEST_STEP][PASSED] - Statement - BatchNumber = com.kms.katalon.core.webui.keyword.WebUiBuiltInKeywords.getNumberOfTotalOption(com.kms.katalon.core.testobject.ObjectRepository.findTestObject(DispensaryToStore/Page_Store/select_--Select--BA1170BA2376B)): 3 options of object 'Object Repository/DispensaryToStore/Page_Store/select_--Select--BA1170BA2376B' counted

2018-05-28 12:52:23 - [MESSAGE][PASSED] - 3 options of object 'Object Repository/DispensaryToStore/Page_Store/select_--Select--BA1170BA2376B' counted

2018-05-28 12:52:23 - [TEST_STEP][PASSED] - Statement - For ([g = 1, g <= BatchNumber - 1, (g++)]): null

2018-05-28 12:52:23 - [TEST_STEP][PASSED] - selectOptionByIndex: All options with index in [1] are selected on object 'Object Repository/DispensaryToStore/Page_Store/select_--Select--BA1170BA2376B'

2018-05-28 12:52:23 - [MESSAGE][PASSED] - All options with index in [1] are selected on object 'Object Repository/DispensaryToStore/Page_Store/select_--Select--BA1170BA2376B'

2018-05-28 12:52:23 - [TEST_STEP][PASSED] - Statement - Try: null

2018-05-28 12:52:23 - [TEST_STEP][PASSED] - Statement - StockQty = com.kms.katalon.core.webui.keyword.WebUiBuiltInKeywords.getAttribute(com.kms.katalon.core.testobject.ObjectRepository.findTestObject(DispensaryToStore/Page_Store/input_txtprice), "value"): Attribute 'value' of object 'Object Repository/DispensaryToStore/Page_Store/input_txtprice' is: '435'

2018-05-28 12:52:24 - [MESSAGE][PASSED] - Attribute 'value' of object 'Object Repository/DispensaryToStore/Page_Store/input_txtprice' is: '435'

2018-05-28 12:52:24 - [TEST_STEP][PASSED] - Statement - out.println("Stock QTY : " + StockQty): null

2018-05-28 12:52:24 - [TEST_STEP][PASSED] - delay: Delayed 2 second(s)

2018-05-28 12:52:26 - [MESSAGE][PASSED] - Delayed 2 second(s)

2018-05-28 12:52:26 - [TEST_STEP][PASSED] - Statement - If (java.lang.String.valueOf(StockQty) >= java.lang.String.valueOf(RequestedQty)): null

2018-05-28 12:52:26 - [TEST_STEP][PASSED] - setText: Text '10' is set on object 'Object Repository/DispensaryToStore/Page_Store/input_txtqty'

2018-05-28 12:52:26 - [MESSAGE][PASSED] - Text '10' is set on object 'Object Repository/DispensaryToStore/Page_Store/input_txtqty'

2018-05-28 12:52:26 - [TEST_STEP][PASSED] - click: Object: 'Object Repository/DispensaryToStore/Page_Store/button_Add' is clicked on

2018-05-28 12:52:26 - [MESSAGE][PASSED] - Object: 'Object Repository/DispensaryToStore/Page_Store/button_Add' is clicked on

2018-05-28 12:52:26 - [TEST_STEP][PASSED] - Statement - Break: null

2018-05-28 12:52:26 - [TEST_STEP][PASSED] - selectOptionByIndex: All options with index in [14] are selected on object 'Object Repository/DispensaryToStore/Page_Store/select_--Select--Adernaline 0.'

2018-05-28 12:52:26 - [MESSAGE][PASSED] - All options with index in [14] are selected on object 'Object Repository/DispensaryToStore/Page_Store/select_--Select--Adernaline 0.'

2018-05-28 12:52:26 - [TEST_STEP][PASSED] - delay: Delayed 2 second(s)

2018-05-28 12:52:28 - [MESSAGE][PASSED] - Delayed 2 second(s)

2018-05-28 12:52:28 - [TEST_STEP][PASSED] - Statement - RequestedQty = com.kms.katalon.core.webui.keyword.WebUiBuiltInKeywords.getAttribute(com.kms.katalon.core.testobject.ObjectRepository.findTestObject(DispensaryToStore/Page_Store/input_txttotal), "value"): Attribute 'value' of object 'Object Repository/DispensaryToStore/Page_Store/input_txttotal' is: '10'

2018-05-28 12:52:28 - [MESSAGE][PASSED] - Attribute 'value' of object 'Object Repository/DispensaryToStore/Page_Store/input_txttotal' is: '10'

2018-05-28 12:52:28 - [TEST_STEP][PASSED] - Statement - out.println("Requested QTY : " + RequestedQty): null

2018-05-28 12:52:28 - [TEST_STEP][PASSED] - Statement - BatchNumber = com.kms.katalon.core.webui.keyword.WebUiBuiltInKeywords.getNumberOfTotalOption(com.kms.katalon.core.testobject.ObjectRepository.findTestObject(DispensaryToStore/Page_Store/select_--Select--BA1170BA2376B)): 2 options of object 'Object Repository/DispensaryToStore/Page_Store/select_--Select--BA1170BA2376B' counted

2018-05-28 12:52:28 - [MESSAGE][PASSED] - 2 options of object 'Object Repository/DispensaryToStore/Page_Store/select_--Select--BA1170BA2376B' counted

2018-05-28 12:52:28 - [TEST_STEP][PASSED] - Statement - For ([g = 1, g <= BatchNumber - 1, (g++)]): null

2018-05-28 12:52:28 - [TEST_STEP][PASSED] - selectOptionByIndex: All options with index in [1] are selected on object 'Object Repository/DispensaryToStore/Page_Store/select_--Select--BA1170BA2376B'

2018-05-28 12:52:28 - [MESSAGE][PASSED] - All options with index in [1] are selected on object 'Object Repository/DispensaryToStore/Page_Store/select_--Select--BA1170BA2376B'

2018-05-28 12:52:28 - [TEST_STEP][PASSED] - Statement - Try: null

2018-05-28 12:52:28 - [TEST_STEP][PASSED] - Statement - StockQty = com.kms.katalon.core.webui.keyword.WebUiBuiltInKeywords.getAttribute(com.kms.katalon.core.testobject.ObjectRepository.findTestObject(DispensaryToStore/Page_Store/input_txtprice), "value"): Attribute 'value' of object 'Object Repository/DispensaryToStore/Page_Store/input_txtprice' is: '39955'

2018-05-28 12:52:28 - [MESSAGE][PASSED] - Attribute 'value' of object 'Object Repository/DispensaryToStore/Page_Store/input_txtprice' is: '39955'

2018-05-28 12:52:28 - [TEST_STEP][PASSED] - Statement - out.println("Stock QTY : " + StockQty): null

2018-05-28 12:52:28 - [TEST_STEP][PASSED] - delay: Delayed 2 second(s)

2018-05-28 12:52:30 - [MESSAGE][PASSED] - Delayed 2 second(s)

2018-05-28 12:52:30 - [TEST_STEP][PASSED] - Statement - If (java.lang.String.valueOf(StockQty) >= java.lang.String.valueOf(RequestedQty)): null

2018-05-28 12:52:30 - [TEST_STEP][PASSED] - setText: Text '10' is set on object 'Object Repository/DispensaryToStore/Page_Store/input_txtqty'

2018-05-28 12:52:30 - [MESSAGE][PASSED] - Text '10' is set on object 'Object Repository/DispensaryToStore/Page_Store/input_txtqty'

2018-05-28 12:52:30 - [TEST_STEP][PASSED] - click: Object: 'Object Repository/DispensaryToStore/Page_Store/button_Add' is clicked on

2018-05-28 12:52:30 - [MESSAGE][PASSED] - Object: 'Object Repository/DispensaryToStore/Page_Store/button_Add' is clicked on

2018-05-28 12:52:30 - [TEST_STEP][PASSED] - Statement - Break: null

2018-05-28 12:52:30 - [TEST_STEP][PASSED] - selectOptionByIndex: All options with index in [15] are selected on object 'Object Repository/DispensaryToStore/Page_Store/select_--Select--Adernaline 0.'

2018-05-28 12:52:31 - [MESSAGE][PASSED] - All options with index in [15] are selected on object 'Object Repository/DispensaryToStore/Page_Store/select_--Select--Adernaline 0.'

2018-05-28 12:52:31 - [TEST_STEP][PASSED] - delay: Delayed 2 second(s)

2018-05-28 12:52:33 - [MESSAGE][PASSED] - Delayed 2 second(s)

2018-05-28 12:52:33 - [TEST_STEP][PASSED] - Statement - RequestedQty = com.kms.katalon.core.webui.keyword.WebUiBuiltInKeywords.getAttribute(com.kms.katalon.core.testobject.ObjectRepository.findTestObject(DispensaryToStore/Page_Store/input_txttotal), "value"): Attribute 'value' of object 'Object Repository/DispensaryToStore/Page_Store/input_txttotal' is: '10'

2018-05-28 12:52:33 - [MESSAGE][PASSED] - Attribute 'value' of object 'Object Repository/DispensaryToStore/Page_Store/input_txttotal' is: '10'

2018-05-28 12:52:33 - [TEST_STEP][PASSED] - Statement - out.println("Requested QTY : " + RequestedQty): null

2018-05-28 12:52:33 - [TEST_STEP][PASSED] - Statement - BatchNumber = com.kms.katalon.core.webui.keyword.WebUiBuiltInKeywords.getNumberOfTotalOption(com.kms.katalon.core.testobject.ObjectRepository.findTestObject(DispensaryToStore/Page_Store/select_--Select--BA1170BA2376B)): 2 options of object 'Object Repository/DispensaryToStore/Page_Store/select_--Select--BA1170BA2376B' counted

2018-05-28 12:52:33 - [MESSAGE][PASSED] - 2 options of object 'Object Repository/DispensaryToStore/Page_Store/select_--Select--BA1170BA2376B' counted

2018-05-28 12:52:33 - [TEST_STEP][PASSED] - Statement - For ([g = 1, g <= BatchNumber - 1, (g++)]): null

2018-05-28 12:52:33 - [TEST_STEP][PASSED] - selectOptionByIndex: All options with index in [1] are selected on object 'Object Repository/DispensaryToStore/Page_Store/select_--Select--BA1170BA2376B'

2018-05-28 12:52:33 - [MESSAGE][PASSED] - All options with index in [1] are selected on object 'Object Repository/DispensaryToStore/Page_Store/select_--Select--BA1170BA2376B'

2018-05-28 12:52:33 - [TEST_STEP][PASSED] - Statement - Try: null

2018-05-28 12:52:33 - [TEST_STEP][PASSED] - Statement - StockQty = com.kms.katalon.core.webui.keyword.WebUiBuiltInKeywords.getAttribute(com.kms.katalon.core.testobject.ObjectRepository.findTestObject(DispensaryToStore/Page_Store/input_txtprice), "value"): Attribute 'value' of object 'Object Repository/DispensaryToStore/Page_Store/input_txtprice' is: '39955'

2018-05-28 12:52:33 - [MESSAGE][PASSED] - Attribute 'value' of object 'Object Repository/DispensaryToStore/Page_Store/input_txtprice' is: '39955'

2018-05-28 12:52:33 - [TEST_STEP][PASSED] - Statement - out.println("Stock QTY : " + StockQty): null

2018-05-28 12:52:33 - [TEST_STEP][PASSED] - delay: Delayed 2 second(s)

2018-05-28 12:52:35 - [MESSAGE][PASSED] - Delayed 2 second(s)

2018-05-28 12:52:35 - [TEST_STEP][PASSED] - Statement - If (java.lang.String.valueOf(StockQty) >= java.lang.String.valueOf(RequestedQty)): null

2018-05-28 12:52:35 - [TEST_STEP][PASSED] - setText: Text '10' is set on object 'Object Repository/DispensaryToStore/Page_Store/input_txtqty'

2018-05-28 12:52:35 - [MESSAGE][PASSED] - Text '10' is set on object 'Object Repository/DispensaryToStore/Page_Store/input_txtqty'

2018-05-28 12:52:35 - [TEST_STEP][PASSED] - click: Object: 'Object Repository/DispensaryToStore/Page_Store/button_Add' is clicked on

2018-05-28 12:52:35 - [MESSAGE][PASSED] - Object: 'Object Repository/DispensaryToStore/Page_Store/button_Add' is clicked on

2018-05-28 12:52:35 - [TEST_STEP][PASSED] - Statement - Break: null

2018-05-28 12:52:35 - [TEST_STEP][PASSED] - selectOptionByIndex: All options with index in [16] are selected on object 'Object Repository/DispensaryToStore/Page_Store/select_--Select--Adernaline 0.'

2018-05-28 12:52:35 - [MESSAGE][PASSED] - All options with index in [16] are selected on object 'Object Repository/DispensaryToStore/Page_Store/select_--Select--Adernaline 0.'

2018-05-28 12:52:35 - [TEST_STEP][PASSED] - delay: Delayed 2 second(s)

2018-05-28 12:52:37 - [MESSAGE][PASSED] - Delayed 2 second(s)

2018-05-28 12:52:37 - [TEST_STEP][PASSED] - Statement - RequestedQty = com.kms.katalon.core.webui.keyword.WebUiBuiltInKeywords.getAttribute(com.kms.katalon.core.testobject.ObjectRepository.findTestObject(DispensaryToStore/Page_Store/input_txttotal), "value"): Attribute 'value' of object 'Object Repository/DispensaryToStore/Page_Store/input_txttotal' is: '10'

2018-05-28 12:52:37 - [MESSAGE][PASSED] - Attribute 'value' of object 'Object Repository/DispensaryToStore/Page_Store/input_txttotal' is: '10'

2018-05-28 12:52:37 - [TEST_STEP][PASSED] - Statement - out.println("Requested QTY : " + RequestedQty): null

2018-05-28 12:52:37 - [TEST_STEP][PASSED] - Statement - BatchNumber = com.kms.katalon.core.webui.keyword.WebUiBuiltInKeywords.getNumberOfTotalOption(com.kms.katalon.core.testobject.ObjectRepository.findTestObject(DispensaryToStore/Page_Store/select_--Select--BA1170BA2376B)): 2 options of object 'Object Repository/DispensaryToStore/Page_Store/select_--Select--BA1170BA2376B' counted

2018-05-28 12:52:37 - [MESSAGE][PASSED] - 2 options of object 'Object Repository/DispensaryToStore/Page_Store/select_--Select--BA1170BA2376B' counted

2018-05-28 12:52:37 - [TEST_STEP][PASSED] - Statement - For ([g = 1, g <= BatchNumber - 1, (g++)]): null

2018-05-28 12:52:37 - [TEST_STEP][PASSED] - selectOptionByIndex: All options with index in [1] are selected on object 'Object Repository/DispensaryToStore/Page_Store/select_--Select--BA1170BA2376B'

2018-05-28 12:52:37 - [MESSAGE][PASSED] - All options with index in [1] are selected on object 'Object Repository/DispensaryToStore/Page_Store/select_--Select--BA1170BA2376B'

2018-05-28 12:52:37 - [TEST_STEP][PASSED] - Statement - Try: null

2018-05-28 12:52:37 - [TEST_STEP][PASSED] - Statement - StockQty = com.kms.katalon.core.webui.keyword.WebUiBuiltInKeywords.getAttribute(com.kms.katalon.core.testobject.ObjectRepository.findTestObject(DispensaryToStore/Page_Store/input_txtprice), "value"): Attribute 'value' of object 'Object Repository/DispensaryToStore/Page_Store/input_txtprice' is: '19970'

2018-05-28 12:52:38 - [MESSAGE][PASSED] - Attribute 'value' of object 'Object Repository/DispensaryToStore/Page_Store/input_txtprice' is: '19970'

2018-05-28 12:52:38 - [TEST_STEP][PASSED] - Statement - out.println("Stock QTY : " + StockQty): null

2018-05-28 12:52:38 - [TEST_STEP][PASSED] - delay: Delayed 2 second(s)

2018-05-28 12:52:40 - [MESSAGE][PASSED] - Delayed 2 second(s)

2018-05-28 12:52:40 - [TEST_STEP][PASSED] - Statement - If (java.lang.String.valueOf(StockQty) >= java.lang.String.valueOf(RequestedQty)): null

2018-05-28 12:52:40 - [TEST_STEP][PASSED] - setText: Text '10' is set on object 'Object Repository/DispensaryToStore/Page_Store/input_txtqty'

2018-05-28 12:52:40 - [MESSAGE][PASSED] - Text '10' is set on object 'Object Repository/DispensaryToStore/Page_Store/input_txtqty'

2018-05-28 12:52:40 - [TEST_STEP][PASSED] - click: Object: 'Object Repository/DispensaryToStore/Page_Store/button_Add' is clicked on

2018-05-28 12:52:40 - [MESSAGE][PASSED] - Object: 'Object Repository/DispensaryToStore/Page_Store/button_Add' is clicked on

2018-05-28 12:52:40 - [TEST_STEP][PASSED] - Statement - Break: null

2018-05-28 12:52:40 - [TEST_STEP][PASSED] - selectOptionByIndex: All options with index in [17] are selected on object 'Object Repository/DispensaryToStore/Page_Store/select_--Select--Adernaline 0.'

2018-05-28 12:52:40 - [MESSAGE][PASSED] - All options with index in [17] are selected on object 'Object Repository/DispensaryToStore/Page_Store/select_--Select--Adernaline 0.'

2018-05-28 12:52:40 - [TEST_STEP][PASSED] - delay: Delayed 2 second(s)

2018-05-28 12:52:42 - [MESSAGE][PASSED] - Delayed 2 second(s)

2018-05-28 12:52:42 - [TEST_STEP][PASSED] - Statement - RequestedQty = com.kms.katalon.core.webui.keyword.WebUiBuiltInKeywords.getAttribute(com.kms.katalon.core.testobject.ObjectRepository.findTestObject(DispensaryToStore/Page_Store/input_txttotal), "value"): Attribute 'value' of object 'Object Repository/DispensaryToStore/Page_Store/input_txttotal' is: '10'

2018-05-28 12:52:42 - [MESSAGE][PASSED] - Attribute 'value' of object 'Object Repository/DispensaryToStore/Page_Store/input_txttotal' is: '10'

2018-05-28 12:52:42 - [TEST_STEP][PASSED] - Statement - out.println("Requested QTY : " + RequestedQty): null

2018-05-28 12:52:42 - [TEST_STEP][PASSED] - Statement - BatchNumber = com.kms.katalon.core.webui.keyword.WebUiBuiltInKeywords.getNumberOfTotalOption(com.kms.katalon.core.testobject.ObjectRepository.findTestObject(DispensaryToStore/Page_Store/select_--Select--BA1170BA2376B)): 2 options of object 'Object Repository/DispensaryToStore/Page_Store/select_--Select--BA1170BA2376B' counted

2018-05-28 12:52:42 - [MESSAGE][PASSED] - 2 options of object 'Object Repository/DispensaryToStore/Page_Store/select_--Select--BA1170BA2376B' counted

2018-05-28 12:52:42 - [TEST_STEP][PASSED] - Statement - For ([g = 1, g <= BatchNumber - 1, (g++)]): null

2018-05-28 12:52:42 - [TEST_STEP][PASSED] - selectOptionByIndex: All options with index in [1] are selected on object 'Object Repository/DispensaryToStore/Page_Store/select_--Select--BA1170BA2376B'

2018-05-28 12:52:42 - [MESSAGE][PASSED] - All options with index in [1] are selected on object 'Object Repository/DispensaryToStore/Page_Store/select_--Select--BA1170BA2376B'

2018-05-28 12:52:42 - [TEST_STEP][PASSED] - Statement - Try: null

2018-05-28 12:52:42 - [TEST_STEP][PASSED] - Statement - StockQty = com.kms.katalon.core.webui.keyword.WebUiBuiltInKeywords.getAttribute(com.kms.katalon.core.testobject.ObjectRepository.findTestObject(DispensaryToStore/Page_Store/input_txtprice), "value"): Attribute 'value' of object 'Object Repository/DispensaryToStore/Page_Store/input_txtprice' is: '19960'

2018-05-28 12:52:42 - [MESSAGE][PASSED] - Attribute 'value' of object 'Object Repository/DispensaryToStore/Page_Store/input_txtprice' is: '19960'

2018-05-28 12:52:42 - [TEST_STEP][PASSED] - Statement - out.println("Stock QTY : " + StockQty): null

2018-05-28 12:52:42 - [TEST_STEP][PASSED] - delay: Delayed 2 second(s)

2018-05-28 12:52:44 - [MESSAGE][PASSED] - Delayed 2 second(s)

2018-05-28 12:52:44 - [TEST_STEP][PASSED] - Statement - If (java.lang.String.valueOf(StockQty) >= java.lang.String.valueOf(RequestedQty)): null

2018-05-28 12:52:44 - [TEST_STEP][PASSED] - setText: Text '10' is set on object 'Object Repository/DispensaryToStore/Page_Store/input_txtqty'

2018-05-28 12:52:44 - [MESSAGE][PASSED] - Text '10' is set on object 'Object Repository/DispensaryToStore/Page_Store/input_txtqty'

2018-05-28 12:52:44 - [TEST_STEP][PASSED] - click: Object: 'Object Repository/DispensaryToStore/Page_Store/button_Add' is clicked on

2018-05-28 12:52:44 - [MESSAGE][PASSED] - Object: 'Object Repository/DispensaryToStore/Page_Store/button_Add' is clicked on

2018-05-28 12:52:44 - [TEST_STEP][PASSED] - Statement - Break: null

2018-05-28 12:52:44 - [TEST_STEP][PASSED] - scrollToElement: Scroll to object 'Object Repository/DispensaryToStore/Page_Store/input_btnSubmit' successfully

2018-05-28 12:52:44 - [MESSAGE][PASSED] - Scroll to object 'Object Repository/DispensaryToStore/Page_Store/input_btnSubmit' successfully

2018-05-28 12:52:44 - [TEST_STEP][PASSED] - click: Object: 'Object Repository/DispensaryToStore/Page_Store/input_btnSubmit' is clicked on

2018-05-28 12:52:45 - [MESSAGE][PASSED] - Object: 'Object Repository/DispensaryToStore/Page_Store/input_btnSubmit' is clicked on

2018-05-28 12:52:45 - [TEST_STEP][PASSED] - delay: Delayed 3 second(s)

2018-05-28 12:52:48 - [MESSAGE][PASSED] - Delayed 3 second(s)

2018-05-28 12:52:48 - [TEST_STEP][PASSED] - click: Object: 'Object Repository/DispensaryToStore/Page_Store/button_OK' is clicked on

2018-05-28 12:52:48 - [MESSAGE][PASSED] - Object: 'Object Repository/DispensaryToStore/Page_Store/button_OK' is clicked on

2018-05-28 12:52:48 - [TEST_STEP][PASSED] - delay: Delayed 3 second(s)

2018-05-28 12:52:51 - [MESSAGE][PASSED] - Delayed 3 second(s)

2018-05-28 12:52:51 - [TEST_STEP][PASSED] - click: Object: 'Object Repository/DispensaryToStore/Page_Store/a_dropdown-toggle' is clicked on

2018-05-28 12:52:51 - [MESSAGE][PASSED] - Object: 'Object Repository/DispensaryToStore/Page_Store/a_dropdown-toggle' is clicked on

2018-05-28 12:52:51 - [TEST_STEP][PASSED] - click: Object: 'Object Repository/DispensaryToStore/Page_Store/a_Sign out' is clicked on

2018-05-28 12:52:52 - [MESSAGE][PASSED] - Object: 'Object Repository/DispensaryToStore/Page_Store/a_Sign out' is clicked on

2018-05-28 12:52:52 - [TEST_STEP][PASSED] - closeBrowser: Browser is closed

2018-05-28 12:52:52 - [MESSAGE][PASSED] - Browser is closed]]></system-out>
         <system-err><![CDATA[]]></system-err>
      </testcase>
      <testcase name="Test Cases/DISPENSARY TEST CASES/TC_DP_009 Verify Schedule 9 Dispensary Request Are Working Successfully Or Not" classname="Test Cases/DISPENSARY TEST CASES/TC_DP_009 Verify Schedule 9 Dispensary Request Are Working Successfully Or Not" status="FAILED">
         <failure type="FAILED" message="Unable to get attribute 'value' of object 'Object Repository/DispensaryToStore/Page_Store/input_txttotal' (Root cause: org.openqa.selenium.UnhandledAlertException: unexpected alert open: {Alert text : function Error() { [native code] }}
  (Session info: chrome=66.0.3359.181)
  (Driver info: chromedriver=2.35.528161 (5b82f2d2aae0ca24b877009200ced9065a772e73),platform=Windows NT 10.0.17134 x86_64) (WARNING: The server did not provide any stacktrace information)
Command duration or timeout: 0 milliseconds: null
Build info: version: '3.7.1', revision: '8a0099a', time: '2017-11-06T21:07:36.161Z'
System info: host: 'DESKTOP-BLFTK83', ip: '169.254.189.85', os.name: 'Windows 10', os.arch: 'amd64', os.version: '10.0', java.version: '1.8.0_102'
Driver info: com.kms.katalon.selenium.driver.CChromeDriver
Capabilities {acceptInsecureCerts: false, acceptSslCerts: false, applicationCacheEnabled: false, browserConnectionEnabled: false, browserName: chrome, chrome: {chromedriverVersion: 2.35.528161 (5b82f2d2aae0ca..., userDataDir: C:\Users\QUALIT~1\AppData\L...}, cssSelectorsEnabled: true, databaseEnabled: false, handlesAlerts: true, hasTouchScreen: false, javascriptEnabled: true, locationContextEnabled: true, mobileEmulationEnabled: false, nativeEvents: true, networkConnectionEnabled: false, pageLoadStrategy: normal, platform: XP, platformName: XP, rotatable: false, setWindowRect: true, takesHeapSnapshot: true, takesScreenshot: true, unexpectedAlertBehaviour: , unhandledPromptBehavior: , version: 66.0.3359.181, webStorageEnabled: true}
Session ID: b93c32783145024d771550720f47adef
*** Element info: {Using=xpath, value=//input[@type = 'text' and @id = 'txttotal' and @name = 'txttotal' and @placeholder = 'Req.Qty']})"/>
         <system-out><![CDATA[2018-05-28 12:52:52 - [TEST_CASE][FAILED] - Test Cases/DISPENSARY TEST CASES/TC_DP_009 Verify Schedule 9 Dispensary Request Are Working Successfully Or Not: Test Cases/DISPENSARY TEST CASES/TC_DP_009 Verify Schedule 9 Dispensary Request Are Working Successfully Or Not FAILED because (of) Unable to get attribute 'value' of object 'Object Repository/DispensaryToStore/Page_Store/input_txttotal' (Root cause: org.openqa.selenium.UnhandledAlertException: unexpected alert open: {Alert text : function Error() { [native code] }}
  (Session info: chrome=66.0.3359.181)
  (Driver info: chromedriver=2.35.528161 (5b82f2d2aae0ca24b877009200ced9065a772e73),platform=Windows NT 10.0.17134 x86_64) (WARNING: The server did not provide any stacktrace information)
Command duration or timeout: 0 milliseconds: null
Build info: version: '3.7.1', revision: '8a0099a', time: '2017-11-06T21:07:36.161Z'
System info: host: 'DESKTOP-BLFTK83', ip: '169.254.189.85', os.name: 'Windows 10', os.arch: 'amd64', os.version: '10.0', java.version: '1.8.0_102'
Driver info: com.kms.katalon.selenium.driver.CChromeDriver
Capabilities {acceptInsecureCerts: false, acceptSslCerts: false, applicationCacheEnabled: false, browserConnectionEnabled: false, browserName: chrome, chrome: {chromedriverVersion: 2.35.528161 (5b82f2d2aae0ca..., userDataDir: C:\Users\QUALIT~1\AppData\L...}, cssSelectorsEnabled: true, databaseEnabled: false, handlesAlerts: true, hasTouchScreen: false, javascriptEnabled: true, locationContextEnabled: true, mobileEmulationEnabled: false, nativeEvents: true, networkConnectionEnabled: false, pageLoadStrategy: normal, platform: XP, platformName: XP, rotatable: false, setWindowRect: true, takesHeapSnapshot: true, takesScreenshot: true, unexpectedAlertBehaviour: , unhandledPromptBehavior: , version: 66.0.3359.181, webStorageEnabled: true}
Session ID: b93c32783145024d771550720f47adef
*** Element info: {Using=xpath, value=//input[@type = 'text' and @id = 'txttotal' and @name = 'txttotal' and @placeholder = 'Req.Qty']})

2018-05-28 12:52:52 - [TEST_STEP][PASSED] - openBrowser: Browser is opened with url: ''

2018-05-28 12:52:55 - [MESSAGE][PASSED] - Browser is opened with url: ''

2018-05-28 12:52:55 - [TEST_STEP][PASSED] - navigateToUrl: Navigate to 'http://192.168.137.1/multihospital_new/HDSplashscreen.aspx' successfully

2018-05-28 12:52:56 - [MESSAGE][PASSED] - Navigate to 'http://192.168.137.1/multihospital_new/HDSplashscreen.aspx' successfully

2018-05-28 12:52:56 - [TEST_STEP][PASSED] - maximizeWindow: Current window maximized

2018-05-28 12:52:57 - [MESSAGE][PASSED] - Current window maximized

2018-05-28 12:52:57 - [TEST_STEP][PASSED] - click: Object: 'Object Repository/DispensaryToStore/Page_KDMC/a_Dispensary Store' is clicked on

2018-05-28 12:52:58 - [MESSAGE][PASSED] - Object: 'Object Repository/DispensaryToStore/Page_KDMC/a_Dispensary Store' is clicked on

2018-05-28 12:52:58 - [TEST_STEP][PASSED] - setText: Text 'rajaram' is set on object 'Object Repository/DispensaryToStore/Page_Dispensary Store Login/input_txtusername'

2018-05-28 12:52:58 - [MESSAGE][PASSED] - Text 'rajaram' is set on object 'Object Repository/DispensaryToStore/Page_Dispensary Store Login/input_txtusername'

2018-05-28 12:52:58 - [TEST_STEP][PASSED] - setText: Text '123' is set on object 'Object Repository/DispensaryToStore/Page_Dispensary Store Login/input_txtpassword'

2018-05-28 12:52:58 - [MESSAGE][PASSED] - Text '123' is set on object 'Object Repository/DispensaryToStore/Page_Dispensary Store Login/input_txtpassword'

2018-05-28 12:52:58 - [TEST_STEP][PASSED] - delay: Delayed 3 second(s)

2018-05-28 12:53:01 - [MESSAGE][PASSED] - Delayed 3 second(s)

2018-05-28 12:53:01 - [TEST_STEP][PASSED] - sendKeys: Keys 'ENTER + ' sent to object: 'Object Repository/DispensaryToStore/Page_Dispensary Store Login/input_txtpassword'

2018-05-28 12:53:02 - [MESSAGE][PASSED] - Keys 'ENTER + ' sent to object: 'Object Repository/DispensaryToStore/Page_Dispensary Store Login/input_txtpassword'

2018-05-28 12:53:02 - [TEST_STEP][PASSED] - delay: Delayed 3 second(s)

2018-05-28 12:53:05 - [MESSAGE][PASSED] - Delayed 3 second(s)

2018-05-28 12:53:05 - [TEST_STEP][PASSED] - click: Object: 'Object Repository/DispensaryToStore/Page_Dispensary Store/a_Request to Store' is clicked on

2018-05-28 12:53:05 - [MESSAGE][PASSED] - Object: 'Object Repository/DispensaryToStore/Page_Dispensary Store/a_Request to Store' is clicked on

2018-05-28 12:53:05 - [TEST_STEP][PASSED] - click: Object: 'Object Repository/DispensaryToStore/Page_Dispensary Store/a_Medicine Request' is clicked on

2018-05-28 12:53:06 - [MESSAGE][PASSED] - Object: 'Object Repository/DispensaryToStore/Page_Dispensary Store/a_Medicine Request' is clicked on

2018-05-28 12:53:06 - [TEST_STEP][PASSED] - selectOptionByIndex: All options with index in [9] are selected on object 'Object Repository/DispensaryToStore/Page_Dispensary Store/select_--Select--Schedule 1Inj'

2018-05-28 12:53:06 - [MESSAGE][PASSED] - All options with index in [9] are selected on object 'Object Repository/DispensaryToStore/Page_Dispensary Store/select_--Select--Schedule 1Inj'

2018-05-28 12:53:06 - [TEST_STEP][PASSED] - Statement - medicineslength = com.kms.katalon.core.webui.keyword.WebUiBuiltInKeywords.getNumberOfTotalOption(com.kms.katalon.core.testobject.ObjectRepository.findTestObject(DispensaryToStore/Page_Dispensary Store/select_--Select--Adernaline 0.)): 36 options of object 'Object Repository/DispensaryToStore/Page_Dispensary Store/select_--Select--Adernaline 0.' counted

2018-05-28 12:53:06 - [MESSAGE][PASSED] - 36 options of object 'Object Repository/DispensaryToStore/Page_Dispensary Store/select_--Select--Adernaline 0.' counted

2018-05-28 12:53:06 - [TEST_STEP][PASSED] - Statement - For ([e = 1, e <= medicineslength - 1, (e++)]): Object: 'Object Repository/DispensaryToStore/Page_Dispensary Store/button_Add' is clicked on

2018-05-28 12:53:06 - [TEST_STEP][PASSED] - selectOptionByIndex: All options with index in [9] are selected on object 'Object Repository/DispensaryToStore/Page_Dispensary Store/select_--Select--Schedule 1Inj'

2018-05-28 12:53:06 - [MESSAGE][PASSED] - All options with index in [9] are selected on object 'Object Repository/DispensaryToStore/Page_Dispensary Store/select_--Select--Schedule 1Inj'

2018-05-28 12:53:06 - [TEST_STEP][PASSED] - selectOptionByIndex: All options with index in [1] are selected on object 'Object Repository/DispensaryToStore/Page_Dispensary Store/select_--Select--Adernaline 0.'

2018-05-28 12:53:07 - [MESSAGE][PASSED] - All options with index in [1] are selected on object 'Object Repository/DispensaryToStore/Page_Dispensary Store/select_--Select--Adernaline 0.'

2018-05-28 12:53:07 - [TEST_STEP][PASSED] - setText: Text '10' is set on object 'Object Repository/DispensaryToStore/Page_Dispensary Store/input_txttreat'

2018-05-28 12:53:07 - [MESSAGE][PASSED] - Text '10' is set on object 'Object Repository/DispensaryToStore/Page_Dispensary Store/input_txttreat'

2018-05-28 12:53:07 - [TEST_STEP][PASSED] - click: Object: 'Object Repository/DispensaryToStore/Page_Dispensary Store/button_Add' is clicked on

2018-05-28 12:53:07 - [MESSAGE][PASSED] - Object: 'Object Repository/DispensaryToStore/Page_Dispensary Store/button_Add' is clicked on

2018-05-28 12:53:07 - [TEST_STEP][PASSED] - selectOptionByIndex: All options with index in [9] are selected on object 'Object Repository/DispensaryToStore/Page_Dispensary Store/select_--Select--Schedule 1Inj'

2018-05-28 12:53:07 - [MESSAGE][PASSED] - All options with index in [9] are selected on object 'Object Repository/DispensaryToStore/Page_Dispensary Store/select_--Select--Schedule 1Inj'

2018-05-28 12:53:07 - [TEST_STEP][PASSED] - selectOptionByIndex: All options with index in [2] are selected on object 'Object Repository/DispensaryToStore/Page_Dispensary Store/select_--Select--Adernaline 0.'

2018-05-28 12:53:07 - [MESSAGE][PASSED] - All options with index in [2] are selected on object 'Object Repository/DispensaryToStore/Page_Dispensary Store/select_--Select--Adernaline 0.'

2018-05-28 12:53:07 - [TEST_STEP][PASSED] - setText: Text '10' is set on object 'Object Repository/DispensaryToStore/Page_Dispensary Store/input_txttreat'

2018-05-28 12:53:07 - [MESSAGE][PASSED] - Text '10' is set on object 'Object Repository/DispensaryToStore/Page_Dispensary Store/input_txttreat'

2018-05-28 12:53:07 - [TEST_STEP][PASSED] - click: Object: 'Object Repository/DispensaryToStore/Page_Dispensary Store/button_Add' is clicked on

2018-05-28 12:53:07 - [MESSAGE][PASSED] - Object: 'Object Repository/DispensaryToStore/Page_Dispensary Store/button_Add' is clicked on

2018-05-28 12:53:07 - [TEST_STEP][PASSED] - selectOptionByIndex: All options with index in [9] are selected on object 'Object Repository/DispensaryToStore/Page_Dispensary Store/select_--Select--Schedule 1Inj'

2018-05-28 12:53:07 - [MESSAGE][PASSED] - All options with index in [9] are selected on object 'Object Repository/DispensaryToStore/Page_Dispensary Store/select_--Select--Schedule 1Inj'

2018-05-28 12:53:07 - [TEST_STEP][PASSED] - selectOptionByIndex: All options with index in [3] are selected on object 'Object Repository/DispensaryToStore/Page_Dispensary Store/select_--Select--Adernaline 0.'

2018-05-28 12:53:08 - [MESSAGE][PASSED] - All options with index in [3] are selected on object 'Object Repository/DispensaryToStore/Page_Dispensary Store/select_--Select--Adernaline 0.'

2018-05-28 12:53:08 - [TEST_STEP][PASSED] - setText: Text '10' is set on object 'Object Repository/DispensaryToStore/Page_Dispensary Store/input_txttreat'

2018-05-28 12:53:08 - [MESSAGE][PASSED] - Text '10' is set on object 'Object Repository/DispensaryToStore/Page_Dispensary Store/input_txttreat'

2018-05-28 12:53:08 - [TEST_STEP][PASSED] - click: Object: 'Object Repository/DispensaryToStore/Page_Dispensary Store/button_Add' is clicked on

2018-05-28 12:53:08 - [MESSAGE][PASSED] - Object: 'Object Repository/DispensaryToStore/Page_Dispensary Store/button_Add' is clicked on

2018-05-28 12:53:08 - [TEST_STEP][PASSED] - selectOptionByIndex: All options with index in [9] are selected on object 'Object Repository/DispensaryToStore/Page_Dispensary Store/select_--Select--Schedule 1Inj'

2018-05-28 12:53:08 - [MESSAGE][PASSED] - All options with index in [9] are selected on object 'Object Repository/DispensaryToStore/Page_Dispensary Store/select_--Select--Schedule 1Inj'

2018-05-28 12:53:08 - [TEST_STEP][PASSED] - selectOptionByIndex: All options with index in [4] are selected on object 'Object Repository/DispensaryToStore/Page_Dispensary Store/select_--Select--Adernaline 0.'

2018-05-28 12:53:08 - [MESSAGE][PASSED] - All options with index in [4] are selected on object 'Object Repository/DispensaryToStore/Page_Dispensary Store/select_--Select--Adernaline 0.'

2018-05-28 12:53:08 - [TEST_STEP][PASSED] - setText: Text '10' is set on object 'Object Repository/DispensaryToStore/Page_Dispensary Store/input_txttreat'

2018-05-28 12:53:08 - [MESSAGE][PASSED] - Text '10' is set on object 'Object Repository/DispensaryToStore/Page_Dispensary Store/input_txttreat'

2018-05-28 12:53:08 - [TEST_STEP][PASSED] - click: Object: 'Object Repository/DispensaryToStore/Page_Dispensary Store/button_Add' is clicked on

2018-05-28 12:53:08 - [MESSAGE][PASSED] - Object: 'Object Repository/DispensaryToStore/Page_Dispensary Store/button_Add' is clicked on

2018-05-28 12:53:08 - [TEST_STEP][PASSED] - selectOptionByIndex: All options with index in [9] are selected on object 'Object Repository/DispensaryToStore/Page_Dispensary Store/select_--Select--Schedule 1Inj'

2018-05-28 12:53:08 - [MESSAGE][PASSED] - All options with index in [9] are selected on object 'Object Repository/DispensaryToStore/Page_Dispensary Store/select_--Select--Schedule 1Inj'

2018-05-28 12:53:08 - [TEST_STEP][PASSED] - selectOptionByIndex: All options with index in [5] are selected on object 'Object Repository/DispensaryToStore/Page_Dispensary Store/select_--Select--Adernaline 0.'

2018-05-28 12:53:09 - [MESSAGE][PASSED] - All options with index in [5] are selected on object 'Object Repository/DispensaryToStore/Page_Dispensary Store/select_--Select--Adernaline 0.'

2018-05-28 12:53:09 - [TEST_STEP][PASSED] - setText: Text '10' is set on object 'Object Repository/DispensaryToStore/Page_Dispensary Store/input_txttreat'

2018-05-28 12:53:09 - [MESSAGE][PASSED] - Text '10' is set on object 'Object Repository/DispensaryToStore/Page_Dispensary Store/input_txttreat'

2018-05-28 12:53:09 - [TEST_STEP][PASSED] - click: Object: 'Object Repository/DispensaryToStore/Page_Dispensary Store/button_Add' is clicked on

2018-05-28 12:53:09 - [MESSAGE][PASSED] - Object: 'Object Repository/DispensaryToStore/Page_Dispensary Store/button_Add' is clicked on

2018-05-28 12:53:09 - [TEST_STEP][PASSED] - selectOptionByIndex: All options with index in [9] are selected on object 'Object Repository/DispensaryToStore/Page_Dispensary Store/select_--Select--Schedule 1Inj'

2018-05-28 12:53:09 - [MESSAGE][PASSED] - All options with index in [9] are selected on object 'Object Repository/DispensaryToStore/Page_Dispensary Store/select_--Select--Schedule 1Inj'

2018-05-28 12:53:09 - [TEST_STEP][PASSED] - selectOptionByIndex: All options with index in [6] are selected on object 'Object Repository/DispensaryToStore/Page_Dispensary Store/select_--Select--Adernaline 0.'

2018-05-28 12:53:09 - [MESSAGE][PASSED] - All options with index in [6] are selected on object 'Object Repository/DispensaryToStore/Page_Dispensary Store/select_--Select--Adernaline 0.'

2018-05-28 12:53:09 - [TEST_STEP][PASSED] - setText: Text '10' is set on object 'Object Repository/DispensaryToStore/Page_Dispensary Store/input_txttreat'

2018-05-28 12:53:09 - [MESSAGE][PASSED] - Text '10' is set on object 'Object Repository/DispensaryToStore/Page_Dispensary Store/input_txttreat'

2018-05-28 12:53:09 - [TEST_STEP][PASSED] - click: Object: 'Object Repository/DispensaryToStore/Page_Dispensary Store/button_Add' is clicked on

2018-05-28 12:53:09 - [MESSAGE][PASSED] - Object: 'Object Repository/DispensaryToStore/Page_Dispensary Store/button_Add' is clicked on

2018-05-28 12:53:09 - [TEST_STEP][PASSED] - selectOptionByIndex: All options with index in [9] are selected on object 'Object Repository/DispensaryToStore/Page_Dispensary Store/select_--Select--Schedule 1Inj'

2018-05-28 12:53:09 - [MESSAGE][PASSED] - All options with index in [9] are selected on object 'Object Repository/DispensaryToStore/Page_Dispensary Store/select_--Select--Schedule 1Inj'

2018-05-28 12:53:09 - [TEST_STEP][PASSED] - selectOptionByIndex: All options with index in [7] are selected on object 'Object Repository/DispensaryToStore/Page_Dispensary Store/select_--Select--Adernaline 0.'

2018-05-28 12:53:10 - [MESSAGE][PASSED] - All options with index in [7] are selected on object 'Object Repository/DispensaryToStore/Page_Dispensary Store/select_--Select--Adernaline 0.'

2018-05-28 12:53:10 - [TEST_STEP][PASSED] - setText: Text '10' is set on object 'Object Repository/DispensaryToStore/Page_Dispensary Store/input_txttreat'

2018-05-28 12:53:10 - [MESSAGE][PASSED] - Text '10' is set on object 'Object Repository/DispensaryToStore/Page_Dispensary Store/input_txttreat'

2018-05-28 12:53:10 - [TEST_STEP][PASSED] - click: Object: 'Object Repository/DispensaryToStore/Page_Dispensary Store/button_Add' is clicked on

2018-05-28 12:53:10 - [MESSAGE][PASSED] - Object: 'Object Repository/DispensaryToStore/Page_Dispensary Store/button_Add' is clicked on

2018-05-28 12:53:10 - [TEST_STEP][PASSED] - selectOptionByIndex: All options with index in [9] are selected on object 'Object Repository/DispensaryToStore/Page_Dispensary Store/select_--Select--Schedule 1Inj'

2018-05-28 12:53:10 - [MESSAGE][PASSED] - All options with index in [9] are selected on object 'Object Repository/DispensaryToStore/Page_Dispensary Store/select_--Select--Schedule 1Inj'

2018-05-28 12:53:10 - [TEST_STEP][PASSED] - selectOptionByIndex: All options with index in [8] are selected on object 'Object Repository/DispensaryToStore/Page_Dispensary Store/select_--Select--Adernaline 0.'

2018-05-28 12:53:10 - [MESSAGE][PASSED] - All options with index in [8] are selected on object 'Object Repository/DispensaryToStore/Page_Dispensary Store/select_--Select--Adernaline 0.'

2018-05-28 12:53:10 - [TEST_STEP][PASSED] - setText: Text '10' is set on object 'Object Repository/DispensaryToStore/Page_Dispensary Store/input_txttreat'

2018-05-28 12:53:10 - [MESSAGE][PASSED] - Text '10' is set on object 'Object Repository/DispensaryToStore/Page_Dispensary Store/input_txttreat'

2018-05-28 12:53:10 - [TEST_STEP][PASSED] - click: Object: 'Object Repository/DispensaryToStore/Page_Dispensary Store/button_Add' is clicked on

2018-05-28 12:53:10 - [MESSAGE][PASSED] - Object: 'Object Repository/DispensaryToStore/Page_Dispensary Store/button_Add' is clicked on

2018-05-28 12:53:10 - [TEST_STEP][PASSED] - selectOptionByIndex: All options with index in [9] are selected on object 'Object Repository/DispensaryToStore/Page_Dispensary Store/select_--Select--Schedule 1Inj'

2018-05-28 12:53:10 - [MESSAGE][PASSED] - All options with index in [9] are selected on object 'Object Repository/DispensaryToStore/Page_Dispensary Store/select_--Select--Schedule 1Inj'

2018-05-28 12:53:10 - [TEST_STEP][PASSED] - selectOptionByIndex: All options with index in [9] are selected on object 'Object Repository/DispensaryToStore/Page_Dispensary Store/select_--Select--Adernaline 0.'

2018-05-28 12:53:11 - [MESSAGE][PASSED] - All options with index in [9] are selected on object 'Object Repository/DispensaryToStore/Page_Dispensary Store/select_--Select--Adernaline 0.'

2018-05-28 12:53:11 - [TEST_STEP][PASSED] - setText: Text '10' is set on object 'Object Repository/DispensaryToStore/Page_Dispensary Store/input_txttreat'

2018-05-28 12:53:11 - [MESSAGE][PASSED] - Text '10' is set on object 'Object Repository/DispensaryToStore/Page_Dispensary Store/input_txttreat'

2018-05-28 12:53:11 - [TEST_STEP][PASSED] - click: Object: 'Object Repository/DispensaryToStore/Page_Dispensary Store/button_Add' is clicked on

2018-05-28 12:53:11 - [MESSAGE][PASSED] - Object: 'Object Repository/DispensaryToStore/Page_Dispensary Store/button_Add' is clicked on

2018-05-28 12:53:11 - [TEST_STEP][PASSED] - selectOptionByIndex: All options with index in [9] are selected on object 'Object Repository/DispensaryToStore/Page_Dispensary Store/select_--Select--Schedule 1Inj'

2018-05-28 12:53:11 - [MESSAGE][PASSED] - All options with index in [9] are selected on object 'Object Repository/DispensaryToStore/Page_Dispensary Store/select_--Select--Schedule 1Inj'

2018-05-28 12:53:11 - [TEST_STEP][PASSED] - selectOptionByIndex: All options with index in [10] are selected on object 'Object Repository/DispensaryToStore/Page_Dispensary Store/select_--Select--Adernaline 0.'

2018-05-28 12:53:11 - [MESSAGE][PASSED] - All options with index in [10] are selected on object 'Object Repository/DispensaryToStore/Page_Dispensary Store/select_--Select--Adernaline 0.'

2018-05-28 12:53:11 - [TEST_STEP][PASSED] - setText: Text '10' is set on object 'Object Repository/DispensaryToStore/Page_Dispensary Store/input_txttreat'

2018-05-28 12:53:11 - [MESSAGE][PASSED] - Text '10' is set on object 'Object Repository/DispensaryToStore/Page_Dispensary Store/input_txttreat'

2018-05-28 12:53:11 - [TEST_STEP][PASSED] - click: Object: 'Object Repository/DispensaryToStore/Page_Dispensary Store/button_Add' is clicked on

2018-05-28 12:53:11 - [MESSAGE][PASSED] - Object: 'Object Repository/DispensaryToStore/Page_Dispensary Store/button_Add' is clicked on

2018-05-28 12:53:11 - [TEST_STEP][PASSED] - selectOptionByIndex: All options with index in [9] are selected on object 'Object Repository/DispensaryToStore/Page_Dispensary Store/select_--Select--Schedule 1Inj'

2018-05-28 12:53:12 - [MESSAGE][PASSED] - All options with index in [9] are selected on object 'Object Repository/DispensaryToStore/Page_Dispensary Store/select_--Select--Schedule 1Inj'

2018-05-28 12:53:12 - [TEST_STEP][PASSED] - selectOptionByIndex: All options with index in [11] are selected on object 'Object Repository/DispensaryToStore/Page_Dispensary Store/select_--Select--Adernaline 0.'

2018-05-28 12:53:12 - [MESSAGE][PASSED] - All options with index in [11] are selected on object 'Object Repository/DispensaryToStore/Page_Dispensary Store/select_--Select--Adernaline 0.'

2018-05-28 12:53:12 - [TEST_STEP][PASSED] - setText: Text '10' is set on object 'Object Repository/DispensaryToStore/Page_Dispensary Store/input_txttreat'

2018-05-28 12:53:12 - [MESSAGE][PASSED] - Text '10' is set on object 'Object Repository/DispensaryToStore/Page_Dispensary Store/input_txttreat'

2018-05-28 12:53:12 - [TEST_STEP][PASSED] - click: Object: 'Object Repository/DispensaryToStore/Page_Dispensary Store/button_Add' is clicked on

2018-05-28 12:53:12 - [MESSAGE][PASSED] - Object: 'Object Repository/DispensaryToStore/Page_Dispensary Store/button_Add' is clicked on

2018-05-28 12:53:12 - [TEST_STEP][PASSED] - selectOptionByIndex: All options with index in [9] are selected on object 'Object Repository/DispensaryToStore/Page_Dispensary Store/select_--Select--Schedule 1Inj'

2018-05-28 12:53:12 - [MESSAGE][PASSED] - All options with index in [9] are selected on object 'Object Repository/DispensaryToStore/Page_Dispensary Store/select_--Select--Schedule 1Inj'

2018-05-28 12:53:12 - [TEST_STEP][PASSED] - selectOptionByIndex: All options with index in [12] are selected on object 'Object Repository/DispensaryToStore/Page_Dispensary Store/select_--Select--Adernaline 0.'

2018-05-28 12:53:12 - [MESSAGE][PASSED] - All options with index in [12] are selected on object 'Object Repository/DispensaryToStore/Page_Dispensary Store/select_--Select--Adernaline 0.'

2018-05-28 12:53:12 - [TEST_STEP][PASSED] - setText: Text '10' is set on object 'Object Repository/DispensaryToStore/Page_Dispensary Store/input_txttreat'

2018-05-28 12:53:12 - [MESSAGE][PASSED] - Text '10' is set on object 'Object Repository/DispensaryToStore/Page_Dispensary Store/input_txttreat'

2018-05-28 12:53:12 - [TEST_STEP][PASSED] - click: Object: 'Object Repository/DispensaryToStore/Page_Dispensary Store/button_Add' is clicked on

2018-05-28 12:53:13 - [MESSAGE][PASSED] - Object: 'Object Repository/DispensaryToStore/Page_Dispensary Store/button_Add' is clicked on

2018-05-28 12:53:13 - [TEST_STEP][PASSED] - selectOptionByIndex: All options with index in [9] are selected on object 'Object Repository/DispensaryToStore/Page_Dispensary Store/select_--Select--Schedule 1Inj'

2018-05-28 12:53:13 - [MESSAGE][PASSED] - All options with index in [9] are selected on object 'Object Repository/DispensaryToStore/Page_Dispensary Store/select_--Select--Schedule 1Inj'

2018-05-28 12:53:13 - [TEST_STEP][PASSED] - selectOptionByIndex: All options with index in [13] are selected on object 'Object Repository/DispensaryToStore/Page_Dispensary Store/select_--Select--Adernaline 0.'

2018-05-28 12:53:13 - [MESSAGE][PASSED] - All options with index in [13] are selected on object 'Object Repository/DispensaryToStore/Page_Dispensary Store/select_--Select--Adernaline 0.'

2018-05-28 12:53:13 - [TEST_STEP][PASSED] - setText: Text '10' is set on object 'Object Repository/DispensaryToStore/Page_Dispensary Store/input_txttreat'

2018-05-28 12:53:13 - [MESSAGE][PASSED] - Text '10' is set on object 'Object Repository/DispensaryToStore/Page_Dispensary Store/input_txttreat'

2018-05-28 12:53:13 - [TEST_STEP][PASSED] - click: Object: 'Object Repository/DispensaryToStore/Page_Dispensary Store/button_Add' is clicked on

2018-05-28 12:53:13 - [MESSAGE][PASSED] - Object: 'Object Repository/DispensaryToStore/Page_Dispensary Store/button_Add' is clicked on

2018-05-28 12:53:13 - [TEST_STEP][PASSED] - selectOptionByIndex: All options with index in [9] are selected on object 'Object Repository/DispensaryToStore/Page_Dispensary Store/select_--Select--Schedule 1Inj'

2018-05-28 12:53:13 - [MESSAGE][PASSED] - All options with index in [9] are selected on object 'Object Repository/DispensaryToStore/Page_Dispensary Store/select_--Select--Schedule 1Inj'

2018-05-28 12:53:13 - [TEST_STEP][PASSED] - selectOptionByIndex: All options with index in [14] are selected on object 'Object Repository/DispensaryToStore/Page_Dispensary Store/select_--Select--Adernaline 0.'

2018-05-28 12:53:14 - [MESSAGE][PASSED] - All options with index in [14] are selected on object 'Object Repository/DispensaryToStore/Page_Dispensary Store/select_--Select--Adernaline 0.'

2018-05-28 12:53:14 - [TEST_STEP][PASSED] - setText: Text '10' is set on object 'Object Repository/DispensaryToStore/Page_Dispensary Store/input_txttreat'

2018-05-28 12:53:14 - [MESSAGE][PASSED] - Text '10' is set on object 'Object Repository/DispensaryToStore/Page_Dispensary Store/input_txttreat'

2018-05-28 12:53:14 - [TEST_STEP][PASSED] - click: Object: 'Object Repository/DispensaryToStore/Page_Dispensary Store/button_Add' is clicked on

2018-05-28 12:53:14 - [MESSAGE][PASSED] - Object: 'Object Repository/DispensaryToStore/Page_Dispensary Store/button_Add' is clicked on

2018-05-28 12:53:14 - [TEST_STEP][PASSED] - selectOptionByIndex: All options with index in [9] are selected on object 'Object Repository/DispensaryToStore/Page_Dispensary Store/select_--Select--Schedule 1Inj'

2018-05-28 12:53:14 - [MESSAGE][PASSED] - All options with index in [9] are selected on object 'Object Repository/DispensaryToStore/Page_Dispensary Store/select_--Select--Schedule 1Inj'

2018-05-28 12:53:14 - [TEST_STEP][PASSED] - selectOptionByIndex: All options with index in [15] are selected on object 'Object Repository/DispensaryToStore/Page_Dispensary Store/select_--Select--Adernaline 0.'

2018-05-28 12:53:14 - [MESSAGE][PASSED] - All options with index in [15] are selected on object 'Object Repository/DispensaryToStore/Page_Dispensary Store/select_--Select--Adernaline 0.'

2018-05-28 12:53:14 - [TEST_STEP][PASSED] - setText: Text '10' is set on object 'Object Repository/DispensaryToStore/Page_Dispensary Store/input_txttreat'

2018-05-28 12:53:14 - [MESSAGE][PASSED] - Text '10' is set on object 'Object Repository/DispensaryToStore/Page_Dispensary Store/input_txttreat'

2018-05-28 12:53:14 - [TEST_STEP][PASSED] - click: Object: 'Object Repository/DispensaryToStore/Page_Dispensary Store/button_Add' is clicked on

2018-05-28 12:53:14 - [MESSAGE][PASSED] - Object: 'Object Repository/DispensaryToStore/Page_Dispensary Store/button_Add' is clicked on

2018-05-28 12:53:14 - [TEST_STEP][PASSED] - selectOptionByIndex: All options with index in [9] are selected on object 'Object Repository/DispensaryToStore/Page_Dispensary Store/select_--Select--Schedule 1Inj'

2018-05-28 12:53:14 - [MESSAGE][PASSED] - All options with index in [9] are selected on object 'Object Repository/DispensaryToStore/Page_Dispensary Store/select_--Select--Schedule 1Inj'

2018-05-28 12:53:14 - [TEST_STEP][PASSED] - selectOptionByIndex: All options with index in [16] are selected on object 'Object Repository/DispensaryToStore/Page_Dispensary Store/select_--Select--Adernaline 0.'

2018-05-28 12:53:15 - [MESSAGE][PASSED] - All options with index in [16] are selected on object 'Object Repository/DispensaryToStore/Page_Dispensary Store/select_--Select--Adernaline 0.'

2018-05-28 12:53:15 - [TEST_STEP][PASSED] - setText: Text '10' is set on object 'Object Repository/DispensaryToStore/Page_Dispensary Store/input_txttreat'

2018-05-28 12:53:15 - [MESSAGE][PASSED] - Text '10' is set on object 'Object Repository/DispensaryToStore/Page_Dispensary Store/input_txttreat'

2018-05-28 12:53:15 - [TEST_STEP][PASSED] - click: Object: 'Object Repository/DispensaryToStore/Page_Dispensary Store/button_Add' is clicked on

2018-05-28 12:53:15 - [MESSAGE][PASSED] - Object: 'Object Repository/DispensaryToStore/Page_Dispensary Store/button_Add' is clicked on

2018-05-28 12:53:15 - [TEST_STEP][PASSED] - selectOptionByIndex: All options with index in [9] are selected on object 'Object Repository/DispensaryToStore/Page_Dispensary Store/select_--Select--Schedule 1Inj'

2018-05-28 12:53:15 - [MESSAGE][PASSED] - All options with index in [9] are selected on object 'Object Repository/DispensaryToStore/Page_Dispensary Store/select_--Select--Schedule 1Inj'

2018-05-28 12:53:15 - [TEST_STEP][PASSED] - selectOptionByIndex: All options with index in [17] are selected on object 'Object Repository/DispensaryToStore/Page_Dispensary Store/select_--Select--Adernaline 0.'

2018-05-28 12:53:15 - [MESSAGE][PASSED] - All options with index in [17] are selected on object 'Object Repository/DispensaryToStore/Page_Dispensary Store/select_--Select--Adernaline 0.'

2018-05-28 12:53:15 - [TEST_STEP][PASSED] - setText: Text '10' is set on object 'Object Repository/DispensaryToStore/Page_Dispensary Store/input_txttreat'

2018-05-28 12:53:15 - [MESSAGE][PASSED] - Text '10' is set on object 'Object Repository/DispensaryToStore/Page_Dispensary Store/input_txttreat'

2018-05-28 12:53:15 - [TEST_STEP][PASSED] - click: Object: 'Object Repository/DispensaryToStore/Page_Dispensary Store/button_Add' is clicked on

2018-05-28 12:53:15 - [MESSAGE][PASSED] - Object: 'Object Repository/DispensaryToStore/Page_Dispensary Store/button_Add' is clicked on

2018-05-28 12:53:15 - [TEST_STEP][PASSED] - selectOptionByIndex: All options with index in [9] are selected on object 'Object Repository/DispensaryToStore/Page_Dispensary Store/select_--Select--Schedule 1Inj'

2018-05-28 12:53:16 - [MESSAGE][PASSED] - All options with index in [9] are selected on object 'Object Repository/DispensaryToStore/Page_Dispensary Store/select_--Select--Schedule 1Inj'

2018-05-28 12:53:16 - [TEST_STEP][PASSED] - selectOptionByIndex: All options with index in [18] are selected on object 'Object Repository/DispensaryToStore/Page_Dispensary Store/select_--Select--Adernaline 0.'

2018-05-28 12:53:16 - [MESSAGE][PASSED] - All options with index in [18] are selected on object 'Object Repository/DispensaryToStore/Page_Dispensary Store/select_--Select--Adernaline 0.'

2018-05-28 12:53:16 - [TEST_STEP][PASSED] - setText: Text '10' is set on object 'Object Repository/DispensaryToStore/Page_Dispensary Store/input_txttreat'

2018-05-28 12:53:16 - [MESSAGE][PASSED] - Text '10' is set on object 'Object Repository/DispensaryToStore/Page_Dispensary Store/input_txttreat'

2018-05-28 12:53:16 - [TEST_STEP][PASSED] - click: Object: 'Object Repository/DispensaryToStore/Page_Dispensary Store/button_Add' is clicked on

2018-05-28 12:53:16 - [MESSAGE][PASSED] - Object: 'Object Repository/DispensaryToStore/Page_Dispensary Store/button_Add' is clicked on

2018-05-28 12:53:16 - [TEST_STEP][PASSED] - selectOptionByIndex: All options with index in [9] are selected on object 'Object Repository/DispensaryToStore/Page_Dispensary Store/select_--Select--Schedule 1Inj'

2018-05-28 12:53:16 - [MESSAGE][PASSED] - All options with index in [9] are selected on object 'Object Repository/DispensaryToStore/Page_Dispensary Store/select_--Select--Schedule 1Inj'

2018-05-28 12:53:16 - [TEST_STEP][PASSED] - selectOptionByIndex: All options with index in [19] are selected on object 'Object Repository/DispensaryToStore/Page_Dispensary Store/select_--Select--Adernaline 0.'

2018-05-28 12:53:17 - [MESSAGE][PASSED] - All options with index in [19] are selected on object 'Object Repository/DispensaryToStore/Page_Dispensary Store/select_--Select--Adernaline 0.'

2018-05-28 12:53:17 - [TEST_STEP][PASSED] - setText: Text '10' is set on object 'Object Repository/DispensaryToStore/Page_Dispensary Store/input_txttreat'

2018-05-28 12:53:17 - [MESSAGE][PASSED] - Text '10' is set on object 'Object Repository/DispensaryToStore/Page_Dispensary Store/input_txttreat'

2018-05-28 12:53:17 - [TEST_STEP][PASSED] - click: Object: 'Object Repository/DispensaryToStore/Page_Dispensary Store/button_Add' is clicked on

2018-05-28 12:53:17 - [MESSAGE][PASSED] - Object: 'Object Repository/DispensaryToStore/Page_Dispensary Store/button_Add' is clicked on

2018-05-28 12:53:17 - [TEST_STEP][PASSED] - selectOptionByIndex: All options with index in [9] are selected on object 'Object Repository/DispensaryToStore/Page_Dispensary Store/select_--Select--Schedule 1Inj'

2018-05-28 12:53:17 - [MESSAGE][PASSED] - All options with index in [9] are selected on object 'Object Repository/DispensaryToStore/Page_Dispensary Store/select_--Select--Schedule 1Inj'

2018-05-28 12:53:17 - [TEST_STEP][PASSED] - selectOptionByIndex: All options with index in [20] are selected on object 'Object Repository/DispensaryToStore/Page_Dispensary Store/select_--Select--Adernaline 0.'

2018-05-28 12:53:17 - [MESSAGE][PASSED] - All options with index in [20] are selected on object 'Object Repository/DispensaryToStore/Page_Dispensary Store/select_--Select--Adernaline 0.'

2018-05-28 12:53:17 - [TEST_STEP][PASSED] - setText: Text '10' is set on object 'Object Repository/DispensaryToStore/Page_Dispensary Store/input_txttreat'

2018-05-28 12:53:17 - [MESSAGE][PASSED] - Text '10' is set on object 'Object Repository/DispensaryToStore/Page_Dispensary Store/input_txttreat'

2018-05-28 12:53:17 - [TEST_STEP][PASSED] - click: Object: 'Object Repository/DispensaryToStore/Page_Dispensary Store/button_Add' is clicked on

2018-05-28 12:53:17 - [MESSAGE][PASSED] - Object: 'Object Repository/DispensaryToStore/Page_Dispensary Store/button_Add' is clicked on

2018-05-28 12:53:17 - [TEST_STEP][PASSED] - selectOptionByIndex: All options with index in [9] are selected on object 'Object Repository/DispensaryToStore/Page_Dispensary Store/select_--Select--Schedule 1Inj'

2018-05-28 12:53:18 - [MESSAGE][PASSED] - All options with index in [9] are selected on object 'Object Repository/DispensaryToStore/Page_Dispensary Store/select_--Select--Schedule 1Inj'

2018-05-28 12:53:18 - [TEST_STEP][PASSED] - selectOptionByIndex: All options with index in [21] are selected on object 'Object Repository/DispensaryToStore/Page_Dispensary Store/select_--Select--Adernaline 0.'

2018-05-28 12:53:18 - [MESSAGE][PASSED] - All options with index in [21] are selected on object 'Object Repository/DispensaryToStore/Page_Dispensary Store/select_--Select--Adernaline 0.'

2018-05-28 12:53:18 - [TEST_STEP][PASSED] - setText: Text '10' is set on object 'Object Repository/DispensaryToStore/Page_Dispensary Store/input_txttreat'

2018-05-28 12:53:18 - [MESSAGE][PASSED] - Text '10' is set on object 'Object Repository/DispensaryToStore/Page_Dispensary Store/input_txttreat'

2018-05-28 12:53:18 - [TEST_STEP][PASSED] - click: Object: 'Object Repository/DispensaryToStore/Page_Dispensary Store/button_Add' is clicked on

2018-05-28 12:53:18 - [MESSAGE][PASSED] - Object: 'Object Repository/DispensaryToStore/Page_Dispensary Store/button_Add' is clicked on

2018-05-28 12:53:18 - [TEST_STEP][PASSED] - selectOptionByIndex: All options with index in [9] are selected on object 'Object Repository/DispensaryToStore/Page_Dispensary Store/select_--Select--Schedule 1Inj'

2018-05-28 12:53:18 - [MESSAGE][PASSED] - All options with index in [9] are selected on object 'Object Repository/DispensaryToStore/Page_Dispensary Store/select_--Select--Schedule 1Inj'

2018-05-28 12:53:18 - [TEST_STEP][PASSED] - selectOptionByIndex: All options with index in [22] are selected on object 'Object Repository/DispensaryToStore/Page_Dispensary Store/select_--Select--Adernaline 0.'

2018-05-28 12:53:18 - [MESSAGE][PASSED] - All options with index in [22] are selected on object 'Object Repository/DispensaryToStore/Page_Dispensary Store/select_--Select--Adernaline 0.'

2018-05-28 12:53:18 - [TEST_STEP][PASSED] - setText: Text '10' is set on object 'Object Repository/DispensaryToStore/Page_Dispensary Store/input_txttreat'

2018-05-28 12:53:19 - [MESSAGE][PASSED] - Text '10' is set on object 'Object Repository/DispensaryToStore/Page_Dispensary Store/input_txttreat'

2018-05-28 12:53:19 - [TEST_STEP][PASSED] - click: Object: 'Object Repository/DispensaryToStore/Page_Dispensary Store/button_Add' is clicked on

2018-05-28 12:53:19 - [MESSAGE][PASSED] - Object: 'Object Repository/DispensaryToStore/Page_Dispensary Store/button_Add' is clicked on

2018-05-28 12:53:19 - [TEST_STEP][PASSED] - selectOptionByIndex: All options with index in [9] are selected on object 'Object Repository/DispensaryToStore/Page_Dispensary Store/select_--Select--Schedule 1Inj'

2018-05-28 12:53:19 - [MESSAGE][PASSED] - All options with index in [9] are selected on object 'Object Repository/DispensaryToStore/Page_Dispensary Store/select_--Select--Schedule 1Inj'

2018-05-28 12:53:19 - [TEST_STEP][PASSED] - selectOptionByIndex: All options with index in [23] are selected on object 'Object Repository/DispensaryToStore/Page_Dispensary Store/select_--Select--Adernaline 0.'

2018-05-28 12:53:19 - [MESSAGE][PASSED] - All options with index in [23] are selected on object 'Object Repository/DispensaryToStore/Page_Dispensary Store/select_--Select--Adernaline 0.'

2018-05-28 12:53:19 - [TEST_STEP][PASSED] - setText: Text '10' is set on object 'Object Repository/DispensaryToStore/Page_Dispensary Store/input_txttreat'

2018-05-28 12:53:19 - [MESSAGE][PASSED] - Text '10' is set on object 'Object Repository/DispensaryToStore/Page_Dispensary Store/input_txttreat'

2018-05-28 12:53:19 - [TEST_STEP][PASSED] - click: Object: 'Object Repository/DispensaryToStore/Page_Dispensary Store/button_Add' is clicked on

2018-05-28 12:53:19 - [MESSAGE][PASSED] - Object: 'Object Repository/DispensaryToStore/Page_Dispensary Store/button_Add' is clicked on

2018-05-28 12:53:19 - [TEST_STEP][PASSED] - selectOptionByIndex: All options with index in [9] are selected on object 'Object Repository/DispensaryToStore/Page_Dispensary Store/select_--Select--Schedule 1Inj'

2018-05-28 12:53:19 - [MESSAGE][PASSED] - All options with index in [9] are selected on object 'Object Repository/DispensaryToStore/Page_Dispensary Store/select_--Select--Schedule 1Inj'

2018-05-28 12:53:19 - [TEST_STEP][PASSED] - selectOptionByIndex: All options with index in [24] are selected on object 'Object Repository/DispensaryToStore/Page_Dispensary Store/select_--Select--Adernaline 0.'

2018-05-28 12:53:20 - [MESSAGE][PASSED] - All options with index in [24] are selected on object 'Object Repository/DispensaryToStore/Page_Dispensary Store/select_--Select--Adernaline 0.'

2018-05-28 12:53:20 - [TEST_STEP][PASSED] - setText: Text '10' is set on object 'Object Repository/DispensaryToStore/Page_Dispensary Store/input_txttreat'

2018-05-28 12:53:20 - [MESSAGE][PASSED] - Text '10' is set on object 'Object Repository/DispensaryToStore/Page_Dispensary Store/input_txttreat'

2018-05-28 12:53:20 - [TEST_STEP][PASSED] - click: Object: 'Object Repository/DispensaryToStore/Page_Dispensary Store/button_Add' is clicked on

2018-05-28 12:53:20 - [MESSAGE][PASSED] - Object: 'Object Repository/DispensaryToStore/Page_Dispensary Store/button_Add' is clicked on

2018-05-28 12:53:20 - [TEST_STEP][PASSED] - selectOptionByIndex: All options with index in [9] are selected on object 'Object Repository/DispensaryToStore/Page_Dispensary Store/select_--Select--Schedule 1Inj'

2018-05-28 12:53:20 - [MESSAGE][PASSED] - All options with index in [9] are selected on object 'Object Repository/DispensaryToStore/Page_Dispensary Store/select_--Select--Schedule 1Inj'

2018-05-28 12:53:20 - [TEST_STEP][PASSED] - selectOptionByIndex: All options with index in [25] are selected on object 'Object Repository/DispensaryToStore/Page_Dispensary Store/select_--Select--Adernaline 0.'

2018-05-28 12:53:20 - [MESSAGE][PASSED] - All options with index in [25] are selected on object 'Object Repository/DispensaryToStore/Page_Dispensary Store/select_--Select--Adernaline 0.'

2018-05-28 12:53:20 - [TEST_STEP][PASSED] - setText: Text '10' is set on object 'Object Repository/DispensaryToStore/Page_Dispensary Store/input_txttreat'

2018-05-28 12:53:21 - [MESSAGE][PASSED] - Text '10' is set on object 'Object Repository/DispensaryToStore/Page_Dispensary Store/input_txttreat'

2018-05-28 12:53:21 - [TEST_STEP][PASSED] - click: Object: 'Object Repository/DispensaryToStore/Page_Dispensary Store/button_Add' is clicked on

2018-05-28 12:53:21 - [MESSAGE][PASSED] - Object: 'Object Repository/DispensaryToStore/Page_Dispensary Store/button_Add' is clicked on

2018-05-28 12:53:21 - [TEST_STEP][PASSED] - selectOptionByIndex: All options with index in [9] are selected on object 'Object Repository/DispensaryToStore/Page_Dispensary Store/select_--Select--Schedule 1Inj'

2018-05-28 12:53:21 - [MESSAGE][PASSED] - All options with index in [9] are selected on object 'Object Repository/DispensaryToStore/Page_Dispensary Store/select_--Select--Schedule 1Inj'

2018-05-28 12:53:21 - [TEST_STEP][PASSED] - selectOptionByIndex: All options with index in [26] are selected on object 'Object Repository/DispensaryToStore/Page_Dispensary Store/select_--Select--Adernaline 0.'

2018-05-28 12:53:21 - [MESSAGE][PASSED] - All options with index in [26] are selected on object 'Object Repository/DispensaryToStore/Page_Dispensary Store/select_--Select--Adernaline 0.'

2018-05-28 12:53:21 - [TEST_STEP][PASSED] - setText: Text '10' is set on object 'Object Repository/DispensaryToStore/Page_Dispensary Store/input_txttreat'

2018-05-28 12:53:21 - [MESSAGE][PASSED] - Text '10' is set on object 'Object Repository/DispensaryToStore/Page_Dispensary Store/input_txttreat'

2018-05-28 12:53:21 - [TEST_STEP][PASSED] - click: Object: 'Object Repository/DispensaryToStore/Page_Dispensary Store/button_Add' is clicked on

2018-05-28 12:53:21 - [MESSAGE][PASSED] - Object: 'Object Repository/DispensaryToStore/Page_Dispensary Store/button_Add' is clicked on

2018-05-28 12:53:21 - [TEST_STEP][PASSED] - selectOptionByIndex: All options with index in [9] are selected on object 'Object Repository/DispensaryToStore/Page_Dispensary Store/select_--Select--Schedule 1Inj'

2018-05-28 12:53:21 - [MESSAGE][PASSED] - All options with index in [9] are selected on object 'Object Repository/DispensaryToStore/Page_Dispensary Store/select_--Select--Schedule 1Inj'

2018-05-28 12:53:21 - [TEST_STEP][PASSED] - selectOptionByIndex: All options with index in [27] are selected on object 'Object Repository/DispensaryToStore/Page_Dispensary Store/select_--Select--Adernaline 0.'

2018-05-28 12:53:22 - [MESSAGE][PASSED] - All options with index in [27] are selected on object 'Object Repository/DispensaryToStore/Page_Dispensary Store/select_--Select--Adernaline 0.'

2018-05-28 12:53:22 - [TEST_STEP][PASSED] - setText: Text '10' is set on object 'Object Repository/DispensaryToStore/Page_Dispensary Store/input_txttreat'

2018-05-28 12:53:22 - [MESSAGE][PASSED] - Text '10' is set on object 'Object Repository/DispensaryToStore/Page_Dispensary Store/input_txttreat'

2018-05-28 12:53:22 - [TEST_STEP][PASSED] - click: Object: 'Object Repository/DispensaryToStore/Page_Dispensary Store/button_Add' is clicked on

2018-05-28 12:53:22 - [MESSAGE][PASSED] - Object: 'Object Repository/DispensaryToStore/Page_Dispensary Store/button_Add' is clicked on

2018-05-28 12:53:22 - [TEST_STEP][PASSED] - selectOptionByIndex: All options with index in [9] are selected on object 'Object Repository/DispensaryToStore/Page_Dispensary Store/select_--Select--Schedule 1Inj'

2018-05-28 12:53:22 - [MESSAGE][PASSED] - All options with index in [9] are selected on object 'Object Repository/DispensaryToStore/Page_Dispensary Store/select_--Select--Schedule 1Inj'

2018-05-28 12:53:22 - [TEST_STEP][PASSED] - selectOptionByIndex: All options with index in [28] are selected on object 'Object Repository/DispensaryToStore/Page_Dispensary Store/select_--Select--Adernaline 0.'

2018-05-28 12:53:22 - [MESSAGE][PASSED] - All options with index in [28] are selected on object 'Object Repository/DispensaryToStore/Page_Dispensary Store/select_--Select--Adernaline 0.'

2018-05-28 12:53:22 - [TEST_STEP][PASSED] - setText: Text '10' is set on object 'Object Repository/DispensaryToStore/Page_Dispensary Store/input_txttreat'

2018-05-28 12:53:23 - [MESSAGE][PASSED] - Text '10' is set on object 'Object Repository/DispensaryToStore/Page_Dispensary Store/input_txttreat'

2018-05-28 12:53:23 - [TEST_STEP][PASSED] - click: Object: 'Object Repository/DispensaryToStore/Page_Dispensary Store/button_Add' is clicked on

2018-05-28 12:53:23 - [MESSAGE][PASSED] - Object: 'Object Repository/DispensaryToStore/Page_Dispensary Store/button_Add' is clicked on

2018-05-28 12:53:23 - [TEST_STEP][PASSED] - selectOptionByIndex: All options with index in [9] are selected on object 'Object Repository/DispensaryToStore/Page_Dispensary Store/select_--Select--Schedule 1Inj'

2018-05-28 12:53:23 - [MESSAGE][PASSED] - All options with index in [9] are selected on object 'Object Repository/DispensaryToStore/Page_Dispensary Store/select_--Select--Schedule 1Inj'

2018-05-28 12:53:23 - [TEST_STEP][PASSED] - selectOptionByIndex: All options with index in [29] are selected on object 'Object Repository/DispensaryToStore/Page_Dispensary Store/select_--Select--Adernaline 0.'

2018-05-28 12:53:23 - [MESSAGE][PASSED] - All options with index in [29] are selected on object 'Object Repository/DispensaryToStore/Page_Dispensary Store/select_--Select--Adernaline 0.'

2018-05-28 12:53:23 - [TEST_STEP][PASSED] - setText: Text '10' is set on object 'Object Repository/DispensaryToStore/Page_Dispensary Store/input_txttreat'

2018-05-28 12:53:23 - [MESSAGE][PASSED] - Text '10' is set on object 'Object Repository/DispensaryToStore/Page_Dispensary Store/input_txttreat'

2018-05-28 12:53:23 - [TEST_STEP][PASSED] - click: Object: 'Object Repository/DispensaryToStore/Page_Dispensary Store/button_Add' is clicked on

2018-05-28 12:53:23 - [MESSAGE][PASSED] - Object: 'Object Repository/DispensaryToStore/Page_Dispensary Store/button_Add' is clicked on

2018-05-28 12:53:23 - [TEST_STEP][PASSED] - selectOptionByIndex: All options with index in [9] are selected on object 'Object Repository/DispensaryToStore/Page_Dispensary Store/select_--Select--Schedule 1Inj'

2018-05-28 12:53:23 - [MESSAGE][PASSED] - All options with index in [9] are selected on object 'Object Repository/DispensaryToStore/Page_Dispensary Store/select_--Select--Schedule 1Inj'

2018-05-28 12:53:23 - [TEST_STEP][PASSED] - selectOptionByIndex: All options with index in [30] are selected on object 'Object Repository/DispensaryToStore/Page_Dispensary Store/select_--Select--Adernaline 0.'

2018-05-28 12:53:24 - [MESSAGE][PASSED] - All options with index in [30] are selected on object 'Object Repository/DispensaryToStore/Page_Dispensary Store/select_--Select--Adernaline 0.'

2018-05-28 12:53:24 - [TEST_STEP][PASSED] - setText: Text '10' is set on object 'Object Repository/DispensaryToStore/Page_Dispensary Store/input_txttreat'

2018-05-28 12:53:24 - [MESSAGE][PASSED] - Text '10' is set on object 'Object Repository/DispensaryToStore/Page_Dispensary Store/input_txttreat'

2018-05-28 12:53:24 - [TEST_STEP][PASSED] - click: Object: 'Object Repository/DispensaryToStore/Page_Dispensary Store/button_Add' is clicked on

2018-05-28 12:53:24 - [MESSAGE][PASSED] - Object: 'Object Repository/DispensaryToStore/Page_Dispensary Store/button_Add' is clicked on

2018-05-28 12:53:24 - [TEST_STEP][PASSED] - selectOptionByIndex: All options with index in [9] are selected on object 'Object Repository/DispensaryToStore/Page_Dispensary Store/select_--Select--Schedule 1Inj'

2018-05-28 12:53:24 - [MESSAGE][PASSED] - All options with index in [9] are selected on object 'Object Repository/DispensaryToStore/Page_Dispensary Store/select_--Select--Schedule 1Inj'

2018-05-28 12:53:24 - [TEST_STEP][PASSED] - selectOptionByIndex: All options with index in [31] are selected on object 'Object Repository/DispensaryToStore/Page_Dispensary Store/select_--Select--Adernaline 0.'

2018-05-28 12:53:25 - [MESSAGE][PASSED] - All options with index in [31] are selected on object 'Object Repository/DispensaryToStore/Page_Dispensary Store/select_--Select--Adernaline 0.'

2018-05-28 12:53:25 - [TEST_STEP][PASSED] - setText: Text '10' is set on object 'Object Repository/DispensaryToStore/Page_Dispensary Store/input_txttreat'

2018-05-28 12:53:25 - [MESSAGE][PASSED] - Text '10' is set on object 'Object Repository/DispensaryToStore/Page_Dispensary Store/input_txttreat'

2018-05-28 12:53:25 - [TEST_STEP][PASSED] - click: Object: 'Object Repository/DispensaryToStore/Page_Dispensary Store/button_Add' is clicked on

2018-05-28 12:53:25 - [MESSAGE][PASSED] - Object: 'Object Repository/DispensaryToStore/Page_Dispensary Store/button_Add' is clicked on

2018-05-28 12:53:25 - [TEST_STEP][PASSED] - selectOptionByIndex: All options with index in [9] are selected on object 'Object Repository/DispensaryToStore/Page_Dispensary Store/select_--Select--Schedule 1Inj'

2018-05-28 12:53:25 - [MESSAGE][PASSED] - All options with index in [9] are selected on object 'Object Repository/DispensaryToStore/Page_Dispensary Store/select_--Select--Schedule 1Inj'

2018-05-28 12:53:25 - [TEST_STEP][PASSED] - selectOptionByIndex: All options with index in [32] are selected on object 'Object Repository/DispensaryToStore/Page_Dispensary Store/select_--Select--Adernaline 0.'

2018-05-28 12:53:25 - [MESSAGE][PASSED] - All options with index in [32] are selected on object 'Object Repository/DispensaryToStore/Page_Dispensary Store/select_--Select--Adernaline 0.'

2018-05-28 12:53:25 - [TEST_STEP][PASSED] - setText: Text '10' is set on object 'Object Repository/DispensaryToStore/Page_Dispensary Store/input_txttreat'

2018-05-28 12:53:25 - [MESSAGE][PASSED] - Text '10' is set on object 'Object Repository/DispensaryToStore/Page_Dispensary Store/input_txttreat'

2018-05-28 12:53:25 - [TEST_STEP][PASSED] - click: Object: 'Object Repository/DispensaryToStore/Page_Dispensary Store/button_Add' is clicked on

2018-05-28 12:53:25 - [MESSAGE][PASSED] - Object: 'Object Repository/DispensaryToStore/Page_Dispensary Store/button_Add' is clicked on

2018-05-28 12:53:25 - [TEST_STEP][PASSED] - selectOptionByIndex: All options with index in [9] are selected on object 'Object Repository/DispensaryToStore/Page_Dispensary Store/select_--Select--Schedule 1Inj'

2018-05-28 12:53:26 - [MESSAGE][PASSED] - All options with index in [9] are selected on object 'Object Repository/DispensaryToStore/Page_Dispensary Store/select_--Select--Schedule 1Inj'

2018-05-28 12:53:26 - [TEST_STEP][PASSED] - selectOptionByIndex: All options with index in [33] are selected on object 'Object Repository/DispensaryToStore/Page_Dispensary Store/select_--Select--Adernaline 0.'

2018-05-28 12:53:26 - [MESSAGE][PASSED] - All options with index in [33] are selected on object 'Object Repository/DispensaryToStore/Page_Dispensary Store/select_--Select--Adernaline 0.'

2018-05-28 12:53:26 - [TEST_STEP][PASSED] - setText: Text '10' is set on object 'Object Repository/DispensaryToStore/Page_Dispensary Store/input_txttreat'

2018-05-28 12:53:26 - [MESSAGE][PASSED] - Text '10' is set on object 'Object Repository/DispensaryToStore/Page_Dispensary Store/input_txttreat'

2018-05-28 12:53:26 - [TEST_STEP][PASSED] - click: Object: 'Object Repository/DispensaryToStore/Page_Dispensary Store/button_Add' is clicked on

2018-05-28 12:53:26 - [MESSAGE][PASSED] - Object: 'Object Repository/DispensaryToStore/Page_Dispensary Store/button_Add' is clicked on

2018-05-28 12:53:26 - [TEST_STEP][PASSED] - selectOptionByIndex: All options with index in [9] are selected on object 'Object Repository/DispensaryToStore/Page_Dispensary Store/select_--Select--Schedule 1Inj'

2018-05-28 12:53:26 - [MESSAGE][PASSED] - All options with index in [9] are selected on object 'Object Repository/DispensaryToStore/Page_Dispensary Store/select_--Select--Schedule 1Inj'

2018-05-28 12:53:26 - [TEST_STEP][PASSED] - selectOptionByIndex: All options with index in [34] are selected on object 'Object Repository/DispensaryToStore/Page_Dispensary Store/select_--Select--Adernaline 0.'

2018-05-28 12:53:27 - [MESSAGE][PASSED] - All options with index in [34] are selected on object 'Object Repository/DispensaryToStore/Page_Dispensary Store/select_--Select--Adernaline 0.'

2018-05-28 12:53:27 - [TEST_STEP][PASSED] - setText: Text '10' is set on object 'Object Repository/DispensaryToStore/Page_Dispensary Store/input_txttreat'

2018-05-28 12:53:27 - [MESSAGE][PASSED] - Text '10' is set on object 'Object Repository/DispensaryToStore/Page_Dispensary Store/input_txttreat'

2018-05-28 12:53:27 - [TEST_STEP][PASSED] - click: Object: 'Object Repository/DispensaryToStore/Page_Dispensary Store/button_Add' is clicked on

2018-05-28 12:53:27 - [MESSAGE][PASSED] - Object: 'Object Repository/DispensaryToStore/Page_Dispensary Store/button_Add' is clicked on

2018-05-28 12:53:27 - [TEST_STEP][PASSED] - selectOptionByIndex: All options with index in [9] are selected on object 'Object Repository/DispensaryToStore/Page_Dispensary Store/select_--Select--Schedule 1Inj'

2018-05-28 12:53:27 - [MESSAGE][PASSED] - All options with index in [9] are selected on object 'Object Repository/DispensaryToStore/Page_Dispensary Store/select_--Select--Schedule 1Inj'

2018-05-28 12:53:27 - [TEST_STEP][PASSED] - selectOptionByIndex: All options with index in [35] are selected on object 'Object Repository/DispensaryToStore/Page_Dispensary Store/select_--Select--Adernaline 0.'

2018-05-28 12:53:28 - [MESSAGE][PASSED] - All options with index in [35] are selected on object 'Object Repository/DispensaryToStore/Page_Dispensary Store/select_--Select--Adernaline 0.'

2018-05-28 12:53:28 - [TEST_STEP][PASSED] - setText: Text '10' is set on object 'Object Repository/DispensaryToStore/Page_Dispensary Store/input_txttreat'

2018-05-28 12:53:28 - [MESSAGE][PASSED] - Text '10' is set on object 'Object Repository/DispensaryToStore/Page_Dispensary Store/input_txttreat'

2018-05-28 12:53:28 - [TEST_STEP][PASSED] - click: Object: 'Object Repository/DispensaryToStore/Page_Dispensary Store/button_Add' is clicked on

2018-05-28 12:53:28 - [MESSAGE][PASSED] - Object: 'Object Repository/DispensaryToStore/Page_Dispensary Store/button_Add' is clicked on

2018-05-28 12:53:28 - [TEST_STEP][PASSED] - scrollToElement: Scroll to object 'Object Repository/DispensaryToStore/Page_Dispensary Store/input_btnsave' successfully

2018-05-28 12:53:28 - [MESSAGE][PASSED] - Scroll to object 'Object Repository/DispensaryToStore/Page_Dispensary Store/input_btnsave' successfully

2018-05-28 12:53:28 - [TEST_STEP][PASSED] - click: Object: 'Object Repository/DispensaryToStore/Page_Dispensary Store/input_btnsave' is clicked on

2018-05-28 12:53:28 - [MESSAGE][PASSED] - Object: 'Object Repository/DispensaryToStore/Page_Dispensary Store/input_btnsave' is clicked on

2018-05-28 12:53:28 - [TEST_STEP][PASSED] - delay: Delayed 3 second(s)

2018-05-28 12:53:31 - [MESSAGE][PASSED] - Delayed 3 second(s)

2018-05-28 12:53:31 - [TEST_STEP][PASSED] - Statement - RN1 = com.kms.katalon.core.webui.keyword.WebUiBuiltInKeywords.getText(com.kms.katalon.core.testobject.ObjectRepository.findTestObject(DispensaryToStore/Page_Dispensary Store/font_HPRNO180520187)): Text of object 'Object Repository/DispensaryToStore/Page_Dispensary Store/font_HPRNO180520187' is: 'DPRNO/28052018/128'

2018-05-28 12:53:31 - [MESSAGE][PASSED] - Text of object 'Object Repository/DispensaryToStore/Page_Dispensary Store/font_HPRNO180520187' is: 'DPRNO/28052018/128'

2018-05-28 12:53:31 - [TEST_STEP][PASSED] - Statement - out.println(RN1): null

2018-05-28 12:53:31 - [TEST_STEP][PASSED] - Statement - RID = RN1.split("/")[2]: null

2018-05-28 12:53:31 - [TEST_STEP][PASSED] - click: Object: 'Object Repository/DispensaryToStore/Page_Dispensary Store/button_OK' is clicked on

2018-05-28 12:53:31 - [MESSAGE][PASSED] - Object: 'Object Repository/DispensaryToStore/Page_Dispensary Store/button_OK' is clicked on

2018-05-28 12:53:31 - [TEST_STEP][PASSED] - delay: Delayed 3 second(s)

2018-05-28 12:53:34 - [MESSAGE][PASSED] - Delayed 3 second(s)

2018-05-28 12:53:34 - [TEST_STEP][PASSED] - click: Object: 'Object Repository/DispensaryToStore/Page_Dispensary Store/a_dropdown-toggle' is clicked on

2018-05-28 12:53:34 - [MESSAGE][PASSED] - Object: 'Object Repository/DispensaryToStore/Page_Dispensary Store/a_dropdown-toggle' is clicked on

2018-05-28 12:53:34 - [TEST_STEP][PASSED] - click: Object: 'Object Repository/DispensaryToStore/Page_Dispensary Store/a_Sign out' is clicked on

2018-05-28 12:53:35 - [MESSAGE][PASSED] - Object: 'Object Repository/DispensaryToStore/Page_Dispensary Store/a_Sign out' is clicked on

2018-05-28 12:53:35 - [TEST_STEP][PASSED] - delay: Delayed 3 second(s)

2018-05-28 12:53:38 - [MESSAGE][PASSED] - Delayed 3 second(s)

2018-05-28 12:53:38 - [TEST_STEP][PASSED] - navigateToUrl: Navigate to 'http://192.168.137.1/multihospital_new/' successfully

2018-05-28 12:53:38 - [MESSAGE][PASSED] - Navigate to 'http://192.168.137.1/multihospital_new/' successfully

2018-05-28 12:53:38 - [TEST_STEP][PASSED] - click: Object: 'Object Repository/DispensaryToStore/Page_KDMC/a_CMO' is clicked on

2018-05-28 12:53:39 - [MESSAGE][PASSED] - Object: 'Object Repository/DispensaryToStore/Page_KDMC/a_CMO' is clicked on

2018-05-28 12:53:39 - [TEST_STEP][PASSED] - setText: Text 'guru' is set on object 'Object Repository/DispensaryToStore/Page_CMO login/input_txtusername'

2018-05-28 12:53:39 - [MESSAGE][PASSED] - Text 'guru' is set on object 'Object Repository/DispensaryToStore/Page_CMO login/input_txtusername'

2018-05-28 12:53:39 - [TEST_STEP][PASSED] - setText: Text '123' is set on object 'Object Repository/DispensaryToStore/Page_CMO login/input_txtpassword'

2018-05-28 12:53:39 - [MESSAGE][PASSED] - Text '123' is set on object 'Object Repository/DispensaryToStore/Page_CMO login/input_txtpassword'

2018-05-28 12:53:39 - [TEST_STEP][PASSED] - delay: Delayed 3 second(s)

2018-05-28 12:53:42 - [MESSAGE][PASSED] - Delayed 3 second(s)

2018-05-28 12:53:42 - [TEST_STEP][PASSED] - click: Object: 'Object Repository/DispensaryToStore/Page_CMO login/button_Sign in' is clicked on

2018-05-28 12:53:43 - [MESSAGE][PASSED] - Object: 'Object Repository/DispensaryToStore/Page_CMO login/button_Sign in' is clicked on

2018-05-28 12:53:43 - [TEST_STEP][PASSED] - click: Object: 'Object Repository/DispensaryToStore/Page_KDMC - CMO/a_Department Wise Request' is clicked on

2018-05-28 12:53:46 - [MESSAGE][PASSED] - Object: 'Object Repository/DispensaryToStore/Page_KDMC - CMO/a_Department Wise Request' is clicked on

2018-05-28 12:53:46 - [TEST_STEP][PASSED] - delay: Delayed 2 second(s)

2018-05-28 12:53:48 - [MESSAGE][PASSED] - Delayed 2 second(s)

2018-05-28 12:53:48 - [TEST_STEP][PASSED] - selectOptionByIndex: All options with index in [6] are selected on object 'Object Repository/DispensaryToStore/Page_KDMC - CMO/select_--ALL--'

2018-05-28 12:53:48 - [MESSAGE][PASSED] - All options with index in [6] are selected on object 'Object Repository/DispensaryToStore/Page_KDMC - CMO/select_--ALL--'

2018-05-28 12:53:48 - [TEST_STEP][PASSED] - click: Object: 'Object Repository/DispensaryToStore/Page_KDMC - CMO/input_btnsearch' is clicked on

2018-05-28 12:53:48 - [MESSAGE][PASSED] - Object: 'Object Repository/DispensaryToStore/Page_KDMC - CMO/input_btnsearch' is clicked on

2018-05-28 12:53:48 - [TEST_STEP][PASSED] - selectOptionByIndex: All options with index in [1] are selected on object 'Object Repository/DispensaryToStore/Page_KDMC - CMO/select_--ALL--                _1'

2018-05-28 12:53:49 - [MESSAGE][PASSED] - All options with index in [1] are selected on object 'Object Repository/DispensaryToStore/Page_KDMC - CMO/select_--ALL--                _1'

2018-05-28 12:53:49 - [TEST_STEP][PASSED] - click: Object: 'Object Repository/DispensaryToStore/Page_KDMC - CMO/input_btnsearch' is clicked on

2018-05-28 12:53:49 - [MESSAGE][PASSED] - Object: 'Object Repository/DispensaryToStore/Page_KDMC - CMO/input_btnsearch' is clicked on

2018-05-28 12:53:49 - [TEST_STEP][PASSED] - Statement - ID = com.kms.katalon.core.webui.keyword.WebUiBuiltInKeywords.modifyObjectProperty(com.kms.katalon.core.testobject.ObjectRepository.findTestObject(lab/Page_KDMC - CMO/input_1), "xpath", "equals", "//*[@id=" + RID + "]", true): Modify property of object successfully

2018-05-28 12:53:49 - [MESSAGE][PASSED] - Modify property of object successfully

2018-05-28 12:53:49 - [TEST_STEP][PASSED] - click: Object: 'Object Repository/lab/Page_KDMC - CMO/input_1' is clicked on

2018-05-28 12:53:49 - [MESSAGE][PASSED] - Object: 'Object Repository/lab/Page_KDMC - CMO/input_1' is clicked on

2018-05-28 12:53:49 - [TEST_STEP][PASSED] - delay: Delayed 2 second(s)

2018-05-28 12:53:51 - [MESSAGE][PASSED] - Delayed 2 second(s)

2018-05-28 12:53:51 - [TEST_STEP][PASSED] - selectOptionByIndex: All options with index in [1] are selected on object 'Object Repository/DispensaryToStore/Page_KDMC - CMO/select_--Select--'

2018-05-28 12:53:51 - [MESSAGE][PASSED] - All options with index in [1] are selected on object 'Object Repository/DispensaryToStore/Page_KDMC - CMO/select_--Select--'

2018-05-28 12:53:51 - [TEST_STEP][PASSED] - click: Object: 'Object Repository/DispensaryToStore/Page_KDMC - CMO/input_btnupdate' is clicked on

2018-05-28 12:53:51 - [MESSAGE][PASSED] - Object: 'Object Repository/DispensaryToStore/Page_KDMC - CMO/input_btnupdate' is clicked on

2018-05-28 12:53:51 - [TEST_STEP][PASSED] - delay: Delayed 2 second(s)

2018-05-28 12:53:53 - [MESSAGE][PASSED] - Delayed 2 second(s)

2018-05-28 12:53:53 - [TEST_STEP][PASSED] - click: Object: 'Object Repository/DispensaryToStore/Page_KDMC - CMO/button_OK' is clicked on

2018-05-28 12:53:54 - [MESSAGE][PASSED] - Object: 'Object Repository/DispensaryToStore/Page_KDMC - CMO/button_OK' is clicked on

2018-05-28 12:53:54 - [TEST_STEP][PASSED] - delay: Delayed 2 second(s)

2018-05-28 12:53:56 - [MESSAGE][PASSED] - Delayed 2 second(s)

2018-05-28 12:53:56 - [TEST_STEP][PASSED] - click: Object: 'Object Repository/DispensaryToStore/Page_KDMC - CMO/a_dropdown-toggle' is clicked on

2018-05-28 12:53:56 - [MESSAGE][PASSED] - Object: 'Object Repository/DispensaryToStore/Page_KDMC - CMO/a_dropdown-toggle' is clicked on

2018-05-28 12:53:56 - [TEST_STEP][PASSED] - click: Object: 'Object Repository/DispensaryToStore/Page_KDMC - CMO/a_Sign out' is clicked on

2018-05-28 12:53:57 - [MESSAGE][PASSED] - Object: 'Object Repository/DispensaryToStore/Page_KDMC - CMO/a_Sign out' is clicked on

2018-05-28 12:53:57 - [TEST_STEP][PASSED] - delay: Delayed 3 second(s)

2018-05-28 12:54:00 - [MESSAGE][PASSED] - Delayed 3 second(s)

2018-05-28 12:54:00 - [TEST_STEP][PASSED] - click: Object: 'Object Repository/DispensaryToStore/Page_KDMC/a_Divisional Store' is clicked on

2018-05-28 12:54:02 - [MESSAGE][PASSED] - Object: 'Object Repository/DispensaryToStore/Page_KDMC/a_Divisional Store' is clicked on

2018-05-28 12:54:02 - [TEST_STEP][PASSED] - setText: Text 'ragu' is set on object 'Object Repository/DispensaryToStore/Page_Divisonal Store Login/input_txtusername'

2018-05-28 12:54:02 - [MESSAGE][PASSED] - Text 'ragu' is set on object 'Object Repository/DispensaryToStore/Page_Divisonal Store Login/input_txtusername'

2018-05-28 12:54:02 - [TEST_STEP][PASSED] - setText: Text '123' is set on object 'Object Repository/DispensaryToStore/Page_Divisonal Store Login/input_txtpassword'

2018-05-28 12:54:02 - [MESSAGE][PASSED] - Text '123' is set on object 'Object Repository/DispensaryToStore/Page_Divisonal Store Login/input_txtpassword'

2018-05-28 12:54:02 - [TEST_STEP][PASSED] - delay: Delayed 3 second(s)

2018-05-28 12:54:05 - [MESSAGE][PASSED] - Delayed 3 second(s)

2018-05-28 12:54:05 - [TEST_STEP][PASSED] - click: Object: 'Object Repository/DispensaryToStore/Page_Divisonal Store Login/button_Sign in' is clicked on

2018-05-28 12:54:09 - [MESSAGE][PASSED] - Object: 'Object Repository/DispensaryToStore/Page_Divisonal Store Login/button_Sign in' is clicked on

2018-05-28 12:54:09 - [TEST_STEP][PASSED] - delay: Delayed 3 second(s)

2018-05-28 12:54:12 - [MESSAGE][PASSED] - Delayed 3 second(s)

2018-05-28 12:54:12 - [TEST_STEP][PASSED] - scrollToPosition: Browser is scrolled to position x = 100, y = 100

2018-05-28 12:54:12 - [MESSAGE][PASSED] - Browser is scrolled to position x = 100, y = 100

2018-05-28 12:54:12 - [TEST_STEP][PASSED] - click: Object: 'Object Repository/DispensaryToStore/Page_Store/a_Dispensary Request' is clicked on

2018-05-28 12:54:12 - [MESSAGE][PASSED] - Object: 'Object Repository/DispensaryToStore/Page_Store/a_Dispensary Request' is clicked on

2018-05-28 12:54:12 - [TEST_STEP][PASSED] - delay: Delayed 2 second(s)

2018-05-28 12:54:14 - [MESSAGE][PASSED] - Delayed 2 second(s)

2018-05-28 12:54:14 - [TEST_STEP][PASSED] - click: Object: 'Object Repository/DispensaryToStore/Page_Store/a_Request Item Dispensary' is clicked on

2018-05-28 12:54:22 - [MESSAGE][PASSED] - Object: 'Object Repository/DispensaryToStore/Page_Store/a_Request Item Dispensary' is clicked on

2018-05-28 12:54:22 - [TEST_STEP][PASSED] - Statement - ChooseRequest = com.kms.katalon.core.webui.keyword.WebUiBuiltInKeywords.modifyObjectProperty(com.kms.katalon.core.testobject.ObjectRepository.findTestObject(lab/Page_Store/input_1), "xpath", "equals", "//*[@id=" + RID + "]", true): Modify property of object successfully

2018-05-28 12:54:22 - [MESSAGE][PASSED] - Modify property of object successfully

2018-05-28 12:54:22 - [TEST_STEP][PASSED] - click: Object: 'Object Repository/lab/Page_Store/input_1' is clicked on

2018-05-28 12:54:23 - [MESSAGE][PASSED] - Object: 'Object Repository/lab/Page_Store/input_1' is clicked on

2018-05-28 12:54:23 - [TEST_STEP][PASSED] - Statement - selectedoptions = com.kms.katalon.core.webui.keyword.WebUiBuiltInKeywords.getNumberOfTotalOption(com.kms.katalon.core.testobject.ObjectRepository.findTestObject(DispensaryToStore/Page_Store/select_--Select--Adernaline 0.)): 36 options of object 'Object Repository/DispensaryToStore/Page_Store/select_--Select--Adernaline 0.' counted

2018-05-28 12:54:23 - [MESSAGE][PASSED] - 36 options of object 'Object Repository/DispensaryToStore/Page_Store/select_--Select--Adernaline 0.' counted

2018-05-28 12:54:23 - [TEST_STEP][FAILED] - Statement - For ([a = 1, a <= selectedoptions - 1, (a++)]): Unable to get attribute 'value' of object 'Object Repository/DispensaryToStore/Page_Store/input_txttotal' (Root cause: org.openqa.selenium.UnhandledAlertException: unexpected alert open: {Alert text : function Error() { [native code] }}
  (Session info: chrome=66.0.3359.181)
  (Driver info: chromedriver=2.35.528161 (5b82f2d2aae0ca24b877009200ced9065a772e73),platform=Windows NT 10.0.17134 x86_64) (WARNING: The server did not provide any stacktrace information)
Command duration or timeout: 0 milliseconds: null
Build info: version: '3.7.1', revision: '8a0099a', time: '2017-11-06T21:07:36.161Z'
System info: host: 'DESKTOP-BLFTK83', ip: '169.254.189.85', os.name: 'Windows 10', os.arch: 'amd64', os.version: '10.0', java.version: '1.8.0_102'
Driver info: com.kms.katalon.selenium.driver.CChromeDriver
Capabilities {acceptInsecureCerts: false, acceptSslCerts: false, applicationCacheEnabled: false, browserConnectionEnabled: false, browserName: chrome, chrome: {chromedriverVersion: 2.35.528161 (5b82f2d2aae0ca..., userDataDir: C:\Users\QUALIT~1\AppData\L...}, cssSelectorsEnabled: true, databaseEnabled: false, handlesAlerts: true, hasTouchScreen: false, javascriptEnabled: true, locationContextEnabled: true, mobileEmulationEnabled: false, nativeEvents: true, networkConnectionEnabled: false, pageLoadStrategy: normal, platform: XP, platformName: XP, rotatable: false, setWindowRect: true, takesHeapSnapshot: true, takesScreenshot: true, unexpectedAlertBehaviour: , unhandledPromptBehavior: , version: 66.0.3359.181, webStorageEnabled: true}
Session ID: b93c32783145024d771550720f47adef
*** Element info: {Using=xpath, value=//input[@type = 'text' and @id = 'txttotal' and @name = 'txttotal' and @placeholder = 'Req.Qty']})

2018-05-28 12:54:23 - [TEST_STEP][PASSED] - selectOptionByIndex: All options with index in [1] are selected on object 'Object Repository/DispensaryToStore/Page_Store/select_--Select--Adernaline 0.'

2018-05-28 12:54:23 - [MESSAGE][PASSED] - All options with index in [1] are selected on object 'Object Repository/DispensaryToStore/Page_Store/select_--Select--Adernaline 0.'

2018-05-28 12:54:23 - [TEST_STEP][PASSED] - delay: Delayed 2 second(s)

2018-05-28 12:54:25 - [MESSAGE][PASSED] - Delayed 2 second(s)

2018-05-28 12:54:25 - [TEST_STEP][PASSED] - Statement - RequestedQty = com.kms.katalon.core.webui.keyword.WebUiBuiltInKeywords.getAttribute(com.kms.katalon.core.testobject.ObjectRepository.findTestObject(DispensaryToStore/Page_Store/input_txttotal), "value"): Attribute 'value' of object 'Object Repository/DispensaryToStore/Page_Store/input_txttotal' is: '10'

2018-05-28 12:54:26 - [MESSAGE][PASSED] - Attribute 'value' of object 'Object Repository/DispensaryToStore/Page_Store/input_txttotal' is: '10'

2018-05-28 12:54:26 - [TEST_STEP][PASSED] - Statement - out.println("Requested QTY : " + RequestedQty): null

2018-05-28 12:54:26 - [TEST_STEP][PASSED] - Statement - BatchNumber = com.kms.katalon.core.webui.keyword.WebUiBuiltInKeywords.getNumberOfTotalOption(com.kms.katalon.core.testobject.ObjectRepository.findTestObject(DispensaryToStore/Page_Store/select_--Select--BA1170BA2376B)): 3 options of object 'Object Repository/DispensaryToStore/Page_Store/select_--Select--BA1170BA2376B' counted

2018-05-28 12:54:26 - [MESSAGE][PASSED] - 3 options of object 'Object Repository/DispensaryToStore/Page_Store/select_--Select--BA1170BA2376B' counted

2018-05-28 12:54:26 - [TEST_STEP][PASSED] - Statement - For ([g = 1, g <= BatchNumber - 1, (g++)]): null

2018-05-28 12:54:26 - [TEST_STEP][PASSED] - selectOptionByIndex: All options with index in [1] are selected on object 'Object Repository/DispensaryToStore/Page_Store/select_--Select--BA1170BA2376B'

2018-05-28 12:54:26 - [MESSAGE][PASSED] - All options with index in [1] are selected on object 'Object Repository/DispensaryToStore/Page_Store/select_--Select--BA1170BA2376B'

2018-05-28 12:54:26 - [TEST_STEP][PASSED] - Statement - Try: null

2018-05-28 12:54:26 - [TEST_STEP][PASSED] - Statement - StockQty = com.kms.katalon.core.webui.keyword.WebUiBuiltInKeywords.getAttribute(com.kms.katalon.core.testobject.ObjectRepository.findTestObject(DispensaryToStore/Page_Store/input_txtprice), "value"): Attribute 'value' of object 'Object Repository/DispensaryToStore/Page_Store/input_txtprice' is: '495'

2018-05-28 12:54:26 - [MESSAGE][PASSED] - Attribute 'value' of object 'Object Repository/DispensaryToStore/Page_Store/input_txtprice' is: '495'

2018-05-28 12:54:26 - [TEST_STEP][PASSED] - Statement - out.println("Stock QTY : " + StockQty): null

2018-05-28 12:54:26 - [TEST_STEP][PASSED] - delay: Delayed 2 second(s)

2018-05-28 12:54:28 - [MESSAGE][PASSED] - Delayed 2 second(s)

2018-05-28 12:54:28 - [TEST_STEP][PASSED] - Statement - If (java.lang.String.valueOf(StockQty) >= java.lang.String.valueOf(RequestedQty)): null

2018-05-28 12:54:28 - [TEST_STEP][PASSED] - setText: Text '10' is set on object 'Object Repository/DispensaryToStore/Page_Store/input_txtqty'

2018-05-28 12:54:28 - [MESSAGE][PASSED] - Text '10' is set on object 'Object Repository/DispensaryToStore/Page_Store/input_txtqty'

2018-05-28 12:54:28 - [TEST_STEP][PASSED] - click: Object: 'Object Repository/DispensaryToStore/Page_Store/button_Add' is clicked on

2018-05-28 12:54:28 - [MESSAGE][PASSED] - Object: 'Object Repository/DispensaryToStore/Page_Store/button_Add' is clicked on

2018-05-28 12:54:28 - [TEST_STEP][PASSED] - Statement - Break: null

2018-05-28 12:54:28 - [TEST_STEP][PASSED] - selectOptionByIndex: All options with index in [2] are selected on object 'Object Repository/DispensaryToStore/Page_Store/select_--Select--Adernaline 0.'

2018-05-28 12:54:28 - [MESSAGE][PASSED] - All options with index in [2] are selected on object 'Object Repository/DispensaryToStore/Page_Store/select_--Select--Adernaline 0.'

2018-05-28 12:54:28 - [TEST_STEP][PASSED] - delay: Delayed 2 second(s)

2018-05-28 12:54:30 - [MESSAGE][PASSED] - Delayed 2 second(s)

2018-05-28 12:54:30 - [TEST_STEP][PASSED] - Statement - RequestedQty = com.kms.katalon.core.webui.keyword.WebUiBuiltInKeywords.getAttribute(com.kms.katalon.core.testobject.ObjectRepository.findTestObject(DispensaryToStore/Page_Store/input_txttotal), "value"): Attribute 'value' of object 'Object Repository/DispensaryToStore/Page_Store/input_txttotal' is: '10'

2018-05-28 12:54:30 - [MESSAGE][PASSED] - Attribute 'value' of object 'Object Repository/DispensaryToStore/Page_Store/input_txttotal' is: '10'

2018-05-28 12:54:30 - [TEST_STEP][PASSED] - Statement - out.println("Requested QTY : " + RequestedQty): null

2018-05-28 12:54:30 - [TEST_STEP][PASSED] - Statement - BatchNumber = com.kms.katalon.core.webui.keyword.WebUiBuiltInKeywords.getNumberOfTotalOption(com.kms.katalon.core.testobject.ObjectRepository.findTestObject(DispensaryToStore/Page_Store/select_--Select--BA1170BA2376B)): 3 options of object 'Object Repository/DispensaryToStore/Page_Store/select_--Select--BA1170BA2376B' counted

2018-05-28 12:54:30 - [MESSAGE][PASSED] - 3 options of object 'Object Repository/DispensaryToStore/Page_Store/select_--Select--BA1170BA2376B' counted

2018-05-28 12:54:30 - [TEST_STEP][PASSED] - Statement - For ([g = 1, g <= BatchNumber - 1, (g++)]): null

2018-05-28 12:54:30 - [TEST_STEP][PASSED] - selectOptionByIndex: All options with index in [1] are selected on object 'Object Repository/DispensaryToStore/Page_Store/select_--Select--BA1170BA2376B'

2018-05-28 12:54:30 - [MESSAGE][PASSED] - All options with index in [1] are selected on object 'Object Repository/DispensaryToStore/Page_Store/select_--Select--BA1170BA2376B'

2018-05-28 12:54:30 - [TEST_STEP][PASSED] - Statement - Try: null

2018-05-28 12:54:30 - [TEST_STEP][PASSED] - Statement - StockQty = com.kms.katalon.core.webui.keyword.WebUiBuiltInKeywords.getAttribute(com.kms.katalon.core.testobject.ObjectRepository.findTestObject(DispensaryToStore/Page_Store/input_txtprice), "value"): Attribute 'value' of object 'Object Repository/DispensaryToStore/Page_Store/input_txtprice' is: '500'

2018-05-28 12:54:30 - [MESSAGE][PASSED] - Attribute 'value' of object 'Object Repository/DispensaryToStore/Page_Store/input_txtprice' is: '500'

2018-05-28 12:54:30 - [TEST_STEP][PASSED] - Statement - out.println("Stock QTY : " + StockQty): null

2018-05-28 12:54:30 - [TEST_STEP][PASSED] - delay: Delayed 2 second(s)

2018-05-28 12:54:32 - [MESSAGE][PASSED] - Delayed 2 second(s)

2018-05-28 12:54:32 - [TEST_STEP][PASSED] - Statement - If (java.lang.String.valueOf(StockQty) >= java.lang.String.valueOf(RequestedQty)): null

2018-05-28 12:54:32 - [TEST_STEP][PASSED] - setText: Text '10' is set on object 'Object Repository/DispensaryToStore/Page_Store/input_txtqty'

2018-05-28 12:54:33 - [MESSAGE][PASSED] - Text '10' is set on object 'Object Repository/DispensaryToStore/Page_Store/input_txtqty'

2018-05-28 12:54:33 - [TEST_STEP][PASSED] - click: Object: 'Object Repository/DispensaryToStore/Page_Store/button_Add' is clicked on

2018-05-28 12:54:33 - [MESSAGE][PASSED] - Object: 'Object Repository/DispensaryToStore/Page_Store/button_Add' is clicked on

2018-05-28 12:54:33 - [TEST_STEP][PASSED] - Statement - Break: null

2018-05-28 12:54:33 - [TEST_STEP][PASSED] - selectOptionByIndex: All options with index in [3] are selected on object 'Object Repository/DispensaryToStore/Page_Store/select_--Select--Adernaline 0.'

2018-05-28 12:54:33 - [MESSAGE][PASSED] - All options with index in [3] are selected on object 'Object Repository/DispensaryToStore/Page_Store/select_--Select--Adernaline 0.'

2018-05-28 12:54:33 - [TEST_STEP][PASSED] - delay: Delayed 2 second(s)

2018-05-28 12:54:35 - [MESSAGE][PASSED] - Delayed 2 second(s)

2018-05-28 12:54:35 - [TEST_STEP][PASSED] - Statement - RequestedQty = com.kms.katalon.core.webui.keyword.WebUiBuiltInKeywords.getAttribute(com.kms.katalon.core.testobject.ObjectRepository.findTestObject(DispensaryToStore/Page_Store/input_txttotal), "value"): Attribute 'value' of object 'Object Repository/DispensaryToStore/Page_Store/input_txttotal' is: '10'

2018-05-28 12:54:35 - [MESSAGE][PASSED] - Attribute 'value' of object 'Object Repository/DispensaryToStore/Page_Store/input_txttotal' is: '10'

2018-05-28 12:54:35 - [TEST_STEP][PASSED] - Statement - out.println("Requested QTY : " + RequestedQty): null

2018-05-28 12:54:35 - [TEST_STEP][PASSED] - Statement - BatchNumber = com.kms.katalon.core.webui.keyword.WebUiBuiltInKeywords.getNumberOfTotalOption(com.kms.katalon.core.testobject.ObjectRepository.findTestObject(DispensaryToStore/Page_Store/select_--Select--BA1170BA2376B)): 2 options of object 'Object Repository/DispensaryToStore/Page_Store/select_--Select--BA1170BA2376B' counted

2018-05-28 12:54:35 - [MESSAGE][PASSED] - 2 options of object 'Object Repository/DispensaryToStore/Page_Store/select_--Select--BA1170BA2376B' counted

2018-05-28 12:54:35 - [TEST_STEP][PASSED] - Statement - For ([g = 1, g <= BatchNumber - 1, (g++)]): null

2018-05-28 12:54:35 - [TEST_STEP][PASSED] - selectOptionByIndex: All options with index in [1] are selected on object 'Object Repository/DispensaryToStore/Page_Store/select_--Select--BA1170BA2376B'

2018-05-28 12:54:35 - [MESSAGE][PASSED] - All options with index in [1] are selected on object 'Object Repository/DispensaryToStore/Page_Store/select_--Select--BA1170BA2376B'

2018-05-28 12:54:35 - [TEST_STEP][PASSED] - Statement - Try: null

2018-05-28 12:54:35 - [TEST_STEP][PASSED] - Statement - StockQty = com.kms.katalon.core.webui.keyword.WebUiBuiltInKeywords.getAttribute(com.kms.katalon.core.testobject.ObjectRepository.findTestObject(DispensaryToStore/Page_Store/input_txtprice), "value"): Attribute 'value' of object 'Object Repository/DispensaryToStore/Page_Store/input_txtprice' is: '1700'

2018-05-28 12:54:35 - [MESSAGE][PASSED] - Attribute 'value' of object 'Object Repository/DispensaryToStore/Page_Store/input_txtprice' is: '1700'

2018-05-28 12:54:35 - [TEST_STEP][PASSED] - Statement - out.println("Stock QTY : " + StockQty): null

2018-05-28 12:54:35 - [TEST_STEP][PASSED] - delay: Delayed 2 second(s)

2018-05-28 12:54:37 - [MESSAGE][PASSED] - Delayed 2 second(s)

2018-05-28 12:54:37 - [TEST_STEP][PASSED] - Statement - If (java.lang.String.valueOf(StockQty) >= java.lang.String.valueOf(RequestedQty)): null

2018-05-28 12:54:37 - [TEST_STEP][PASSED] - setText: Text '10' is set on object 'Object Repository/DispensaryToStore/Page_Store/input_txtqty'

2018-05-28 12:54:37 - [MESSAGE][PASSED] - Text '10' is set on object 'Object Repository/DispensaryToStore/Page_Store/input_txtqty'

2018-05-28 12:54:37 - [TEST_STEP][PASSED] - click: Object: 'Object Repository/DispensaryToStore/Page_Store/button_Add' is clicked on

2018-05-28 12:54:37 - [MESSAGE][PASSED] - Object: 'Object Repository/DispensaryToStore/Page_Store/button_Add' is clicked on

2018-05-28 12:54:37 - [TEST_STEP][PASSED] - Statement - Break: null

2018-05-28 12:54:37 - [TEST_STEP][PASSED] - selectOptionByIndex: All options with index in [4] are selected on object 'Object Repository/DispensaryToStore/Page_Store/select_--Select--Adernaline 0.'

2018-05-28 12:54:37 - [MESSAGE][PASSED] - All options with index in [4] are selected on object 'Object Repository/DispensaryToStore/Page_Store/select_--Select--Adernaline 0.'

2018-05-28 12:54:37 - [TEST_STEP][PASSED] - delay: Delayed 2 second(s)

2018-05-28 12:54:39 - [MESSAGE][PASSED] - Delayed 2 second(s)

2018-05-28 12:54:39 - [TEST_STEP][PASSED] - Statement - RequestedQty = com.kms.katalon.core.webui.keyword.WebUiBuiltInKeywords.getAttribute(com.kms.katalon.core.testobject.ObjectRepository.findTestObject(DispensaryToStore/Page_Store/input_txttotal), "value"): Attribute 'value' of object 'Object Repository/DispensaryToStore/Page_Store/input_txttotal' is: '10'

2018-05-28 12:54:39 - [MESSAGE][PASSED] - Attribute 'value' of object 'Object Repository/DispensaryToStore/Page_Store/input_txttotal' is: '10'

2018-05-28 12:54:39 - [TEST_STEP][PASSED] - Statement - out.println("Requested QTY : " + RequestedQty): null

2018-05-28 12:54:39 - [TEST_STEP][PASSED] - Statement - BatchNumber = com.kms.katalon.core.webui.keyword.WebUiBuiltInKeywords.getNumberOfTotalOption(com.kms.katalon.core.testobject.ObjectRepository.findTestObject(DispensaryToStore/Page_Store/select_--Select--BA1170BA2376B)): 2 options of object 'Object Repository/DispensaryToStore/Page_Store/select_--Select--BA1170BA2376B' counted

2018-05-28 12:54:39 - [MESSAGE][PASSED] - 2 options of object 'Object Repository/DispensaryToStore/Page_Store/select_--Select--BA1170BA2376B' counted

2018-05-28 12:54:39 - [TEST_STEP][PASSED] - Statement - For ([g = 1, g <= BatchNumber - 1, (g++)]): null

2018-05-28 12:54:39 - [TEST_STEP][PASSED] - selectOptionByIndex: All options with index in [1] are selected on object 'Object Repository/DispensaryToStore/Page_Store/select_--Select--BA1170BA2376B'

2018-05-28 12:54:40 - [MESSAGE][PASSED] - All options with index in [1] are selected on object 'Object Repository/DispensaryToStore/Page_Store/select_--Select--BA1170BA2376B'

2018-05-28 12:54:40 - [TEST_STEP][PASSED] - Statement - Try: null

2018-05-28 12:54:40 - [TEST_STEP][PASSED] - Statement - StockQty = com.kms.katalon.core.webui.keyword.WebUiBuiltInKeywords.getAttribute(com.kms.katalon.core.testobject.ObjectRepository.findTestObject(DispensaryToStore/Page_Store/input_txtprice), "value"): Attribute 'value' of object 'Object Repository/DispensaryToStore/Page_Store/input_txtprice' is: '1700'

2018-05-28 12:54:40 - [MESSAGE][PASSED] - Attribute 'value' of object 'Object Repository/DispensaryToStore/Page_Store/input_txtprice' is: '1700'

2018-05-28 12:54:40 - [TEST_STEP][PASSED] - Statement - out.println("Stock QTY : " + StockQty): null

2018-05-28 12:54:40 - [TEST_STEP][PASSED] - delay: Delayed 2 second(s)

2018-05-28 12:54:42 - [MESSAGE][PASSED] - Delayed 2 second(s)

2018-05-28 12:54:42 - [TEST_STEP][PASSED] - Statement - If (java.lang.String.valueOf(StockQty) >= java.lang.String.valueOf(RequestedQty)): null

2018-05-28 12:54:42 - [TEST_STEP][PASSED] - setText: Text '10' is set on object 'Object Repository/DispensaryToStore/Page_Store/input_txtqty'

2018-05-28 12:54:42 - [MESSAGE][PASSED] - Text '10' is set on object 'Object Repository/DispensaryToStore/Page_Store/input_txtqty'

2018-05-28 12:54:42 - [TEST_STEP][PASSED] - click: Object: 'Object Repository/DispensaryToStore/Page_Store/button_Add' is clicked on

2018-05-28 12:54:42 - [MESSAGE][PASSED] - Object: 'Object Repository/DispensaryToStore/Page_Store/button_Add' is clicked on

2018-05-28 12:54:42 - [TEST_STEP][PASSED] - Statement - Break: null

2018-05-28 12:54:42 - [TEST_STEP][PASSED] - selectOptionByIndex: All options with index in [5] are selected on object 'Object Repository/DispensaryToStore/Page_Store/select_--Select--Adernaline 0.'

2018-05-28 12:54:42 - [MESSAGE][PASSED] - All options with index in [5] are selected on object 'Object Repository/DispensaryToStore/Page_Store/select_--Select--Adernaline 0.'

2018-05-28 12:54:42 - [TEST_STEP][PASSED] - delay: Delayed 2 second(s)

2018-05-28 12:54:44 - [MESSAGE][PASSED] - Delayed 2 second(s)

2018-05-28 12:54:44 - [TEST_STEP][PASSED] - Statement - RequestedQty = com.kms.katalon.core.webui.keyword.WebUiBuiltInKeywords.getAttribute(com.kms.katalon.core.testobject.ObjectRepository.findTestObject(DispensaryToStore/Page_Store/input_txttotal), "value"): Attribute 'value' of object 'Object Repository/DispensaryToStore/Page_Store/input_txttotal' is: '10'

2018-05-28 12:54:44 - [MESSAGE][PASSED] - Attribute 'value' of object 'Object Repository/DispensaryToStore/Page_Store/input_txttotal' is: '10'

2018-05-28 12:54:44 - [TEST_STEP][PASSED] - Statement - out.println("Requested QTY : " + RequestedQty): null

2018-05-28 12:54:44 - [TEST_STEP][PASSED] - Statement - BatchNumber = com.kms.katalon.core.webui.keyword.WebUiBuiltInKeywords.getNumberOfTotalOption(com.kms.katalon.core.testobject.ObjectRepository.findTestObject(DispensaryToStore/Page_Store/select_--Select--BA1170BA2376B)): 2 options of object 'Object Repository/DispensaryToStore/Page_Store/select_--Select--BA1170BA2376B' counted

2018-05-28 12:54:44 - [MESSAGE][PASSED] - 2 options of object 'Object Repository/DispensaryToStore/Page_Store/select_--Select--BA1170BA2376B' counted

2018-05-28 12:54:44 - [TEST_STEP][PASSED] - Statement - For ([g = 1, g <= BatchNumber - 1, (g++)]): null

2018-05-28 12:54:44 - [TEST_STEP][PASSED] - selectOptionByIndex: All options with index in [1] are selected on object 'Object Repository/DispensaryToStore/Page_Store/select_--Select--BA1170BA2376B'

2018-05-28 12:54:44 - [MESSAGE][PASSED] - All options with index in [1] are selected on object 'Object Repository/DispensaryToStore/Page_Store/select_--Select--BA1170BA2376B'

2018-05-28 12:54:44 - [TEST_STEP][PASSED] - Statement - Try: null

2018-05-28 12:54:44 - [TEST_STEP][PASSED] - Statement - StockQty = com.kms.katalon.core.webui.keyword.WebUiBuiltInKeywords.getAttribute(com.kms.katalon.core.testobject.ObjectRepository.findTestObject(DispensaryToStore/Page_Store/input_txtprice), "value"): Attribute 'value' of object 'Object Repository/DispensaryToStore/Page_Store/input_txtprice' is: '500'

2018-05-28 12:54:44 - [MESSAGE][PASSED] - Attribute 'value' of object 'Object Repository/DispensaryToStore/Page_Store/input_txtprice' is: '500'

2018-05-28 12:54:44 - [TEST_STEP][PASSED] - Statement - out.println("Stock QTY : " + StockQty): null

2018-05-28 12:54:44 - [TEST_STEP][PASSED] - delay: Delayed 2 second(s)

2018-05-28 12:54:46 - [MESSAGE][PASSED] - Delayed 2 second(s)

2018-05-28 12:54:46 - [TEST_STEP][PASSED] - Statement - If (java.lang.String.valueOf(StockQty) >= java.lang.String.valueOf(RequestedQty)): null

2018-05-28 12:54:46 - [TEST_STEP][PASSED] - setText: Text '10' is set on object 'Object Repository/DispensaryToStore/Page_Store/input_txtqty'

2018-05-28 12:54:46 - [MESSAGE][PASSED] - Text '10' is set on object 'Object Repository/DispensaryToStore/Page_Store/input_txtqty'

2018-05-28 12:54:46 - [TEST_STEP][PASSED] - click: Object: 'Object Repository/DispensaryToStore/Page_Store/button_Add' is clicked on

2018-05-28 12:54:46 - [MESSAGE][PASSED] - Object: 'Object Repository/DispensaryToStore/Page_Store/button_Add' is clicked on

2018-05-28 12:54:46 - [TEST_STEP][PASSED] - Statement - Break: null

2018-05-28 12:54:46 - [TEST_STEP][PASSED] - selectOptionByIndex: All options with index in [6] are selected on object 'Object Repository/DispensaryToStore/Page_Store/select_--Select--Adernaline 0.'

2018-05-28 12:54:47 - [MESSAGE][PASSED] - All options with index in [6] are selected on object 'Object Repository/DispensaryToStore/Page_Store/select_--Select--Adernaline 0.'

2018-05-28 12:54:47 - [TEST_STEP][PASSED] - delay: Delayed 2 second(s)

2018-05-28 12:54:49 - [MESSAGE][PASSED] - Delayed 2 second(s)

2018-05-28 12:54:49 - [TEST_STEP][PASSED] - Statement - RequestedQty = com.kms.katalon.core.webui.keyword.WebUiBuiltInKeywords.getAttribute(com.kms.katalon.core.testobject.ObjectRepository.findTestObject(DispensaryToStore/Page_Store/input_txttotal), "value"): Attribute 'value' of object 'Object Repository/DispensaryToStore/Page_Store/input_txttotal' is: '10'

2018-05-28 12:54:49 - [MESSAGE][PASSED] - Attribute 'value' of object 'Object Repository/DispensaryToStore/Page_Store/input_txttotal' is: '10'

2018-05-28 12:54:49 - [TEST_STEP][PASSED] - Statement - out.println("Requested QTY : " + RequestedQty): null

2018-05-28 12:54:49 - [TEST_STEP][PASSED] - Statement - BatchNumber = com.kms.katalon.core.webui.keyword.WebUiBuiltInKeywords.getNumberOfTotalOption(com.kms.katalon.core.testobject.ObjectRepository.findTestObject(DispensaryToStore/Page_Store/select_--Select--BA1170BA2376B)): 2 options of object 'Object Repository/DispensaryToStore/Page_Store/select_--Select--BA1170BA2376B' counted

2018-05-28 12:54:49 - [MESSAGE][PASSED] - 2 options of object 'Object Repository/DispensaryToStore/Page_Store/select_--Select--BA1170BA2376B' counted

2018-05-28 12:54:49 - [TEST_STEP][PASSED] - Statement - For ([g = 1, g <= BatchNumber - 1, (g++)]): null

2018-05-28 12:54:49 - [TEST_STEP][PASSED] - selectOptionByIndex: All options with index in [1] are selected on object 'Object Repository/DispensaryToStore/Page_Store/select_--Select--BA1170BA2376B'

2018-05-28 12:54:49 - [MESSAGE][PASSED] - All options with index in [1] are selected on object 'Object Repository/DispensaryToStore/Page_Store/select_--Select--BA1170BA2376B'

2018-05-28 12:54:49 - [TEST_STEP][PASSED] - Statement - Try: null

2018-05-28 12:54:49 - [TEST_STEP][PASSED] - Statement - StockQty = com.kms.katalon.core.webui.keyword.WebUiBuiltInKeywords.getAttribute(com.kms.katalon.core.testobject.ObjectRepository.findTestObject(DispensaryToStore/Page_Store/input_txtprice), "value"): Attribute 'value' of object 'Object Repository/DispensaryToStore/Page_Store/input_txtprice' is: '500'

2018-05-28 12:54:49 - [MESSAGE][PASSED] - Attribute 'value' of object 'Object Repository/DispensaryToStore/Page_Store/input_txtprice' is: '500'

2018-05-28 12:54:49 - [TEST_STEP][PASSED] - Statement - out.println("Stock QTY : " + StockQty): null

2018-05-28 12:54:49 - [TEST_STEP][PASSED] - delay: Delayed 2 second(s)

2018-05-28 12:54:51 - [MESSAGE][PASSED] - Delayed 2 second(s)

2018-05-28 12:54:51 - [TEST_STEP][PASSED] - Statement - If (java.lang.String.valueOf(StockQty) >= java.lang.String.valueOf(RequestedQty)): null

2018-05-28 12:54:51 - [TEST_STEP][PASSED] - setText: Text '10' is set on object 'Object Repository/DispensaryToStore/Page_Store/input_txtqty'

2018-05-28 12:54:51 - [MESSAGE][PASSED] - Text '10' is set on object 'Object Repository/DispensaryToStore/Page_Store/input_txtqty'

2018-05-28 12:54:51 - [TEST_STEP][PASSED] - click: Object: 'Object Repository/DispensaryToStore/Page_Store/button_Add' is clicked on

2018-05-28 12:54:51 - [MESSAGE][PASSED] - Object: 'Object Repository/DispensaryToStore/Page_Store/button_Add' is clicked on

2018-05-28 12:54:51 - [TEST_STEP][PASSED] - Statement - Break: null

2018-05-28 12:54:51 - [TEST_STEP][PASSED] - selectOptionByIndex: All options with index in [7] are selected on object 'Object Repository/DispensaryToStore/Page_Store/select_--Select--Adernaline 0.'

2018-05-28 12:54:51 - [MESSAGE][PASSED] - All options with index in [7] are selected on object 'Object Repository/DispensaryToStore/Page_Store/select_--Select--Adernaline 0.'

2018-05-28 12:54:51 - [TEST_STEP][PASSED] - delay: Delayed 2 second(s)

2018-05-28 12:54:53 - [MESSAGE][PASSED] - Delayed 2 second(s)

2018-05-28 12:54:53 - [TEST_STEP][PASSED] - Statement - RequestedQty = com.kms.katalon.core.webui.keyword.WebUiBuiltInKeywords.getAttribute(com.kms.katalon.core.testobject.ObjectRepository.findTestObject(DispensaryToStore/Page_Store/input_txttotal), "value"): Attribute 'value' of object 'Object Repository/DispensaryToStore/Page_Store/input_txttotal' is: '10'

2018-05-28 12:54:53 - [MESSAGE][PASSED] - Attribute 'value' of object 'Object Repository/DispensaryToStore/Page_Store/input_txttotal' is: '10'

2018-05-28 12:54:53 - [TEST_STEP][PASSED] - Statement - out.println("Requested QTY : " + RequestedQty): null

2018-05-28 12:54:53 - [TEST_STEP][PASSED] - Statement - BatchNumber = com.kms.katalon.core.webui.keyword.WebUiBuiltInKeywords.getNumberOfTotalOption(com.kms.katalon.core.testobject.ObjectRepository.findTestObject(DispensaryToStore/Page_Store/select_--Select--BA1170BA2376B)): 2 options of object 'Object Repository/DispensaryToStore/Page_Store/select_--Select--BA1170BA2376B' counted

2018-05-28 12:54:53 - [MESSAGE][PASSED] - 2 options of object 'Object Repository/DispensaryToStore/Page_Store/select_--Select--BA1170BA2376B' counted

2018-05-28 12:54:53 - [TEST_STEP][PASSED] - Statement - For ([g = 1, g <= BatchNumber - 1, (g++)]): null

2018-05-28 12:54:53 - [TEST_STEP][PASSED] - selectOptionByIndex: All options with index in [1] are selected on object 'Object Repository/DispensaryToStore/Page_Store/select_--Select--BA1170BA2376B'

2018-05-28 12:54:53 - [MESSAGE][PASSED] - All options with index in [1] are selected on object 'Object Repository/DispensaryToStore/Page_Store/select_--Select--BA1170BA2376B'

2018-05-28 12:54:53 - [TEST_STEP][PASSED] - Statement - Try: null

2018-05-28 12:54:53 - [TEST_STEP][PASSED] - Statement - StockQty = com.kms.katalon.core.webui.keyword.WebUiBuiltInKeywords.getAttribute(com.kms.katalon.core.testobject.ObjectRepository.findTestObject(DispensaryToStore/Page_Store/input_txtprice), "value"): Attribute 'value' of object 'Object Repository/DispensaryToStore/Page_Store/input_txtprice' is: '495'

2018-05-28 12:54:53 - [MESSAGE][PASSED] - Attribute 'value' of object 'Object Repository/DispensaryToStore/Page_Store/input_txtprice' is: '495'

2018-05-28 12:54:53 - [TEST_STEP][PASSED] - Statement - out.println("Stock QTY : " + StockQty): null

2018-05-28 12:54:53 - [TEST_STEP][PASSED] - delay: Delayed 2 second(s)

2018-05-28 12:54:55 - [MESSAGE][PASSED] - Delayed 2 second(s)

2018-05-28 12:54:55 - [TEST_STEP][PASSED] - Statement - If (java.lang.String.valueOf(StockQty) >= java.lang.String.valueOf(RequestedQty)): null

2018-05-28 12:54:55 - [TEST_STEP][PASSED] - setText: Text '10' is set on object 'Object Repository/DispensaryToStore/Page_Store/input_txtqty'

2018-05-28 12:54:56 - [MESSAGE][PASSED] - Text '10' is set on object 'Object Repository/DispensaryToStore/Page_Store/input_txtqty'

2018-05-28 12:54:56 - [TEST_STEP][PASSED] - click: Object: 'Object Repository/DispensaryToStore/Page_Store/button_Add' is clicked on

2018-05-28 12:54:56 - [MESSAGE][PASSED] - Object: 'Object Repository/DispensaryToStore/Page_Store/button_Add' is clicked on

2018-05-28 12:54:56 - [TEST_STEP][PASSED] - Statement - Break: null

2018-05-28 12:54:56 - [TEST_STEP][PASSED] - selectOptionByIndex: All options with index in [8] are selected on object 'Object Repository/DispensaryToStore/Page_Store/select_--Select--Adernaline 0.'

2018-05-28 12:54:56 - [MESSAGE][PASSED] - All options with index in [8] are selected on object 'Object Repository/DispensaryToStore/Page_Store/select_--Select--Adernaline 0.'

2018-05-28 12:54:56 - [TEST_STEP][PASSED] - delay: Delayed 2 second(s)

2018-05-28 12:54:58 - [MESSAGE][PASSED] - Delayed 2 second(s)

2018-05-28 12:54:58 - [TEST_STEP][PASSED] - Statement - RequestedQty = com.kms.katalon.core.webui.keyword.WebUiBuiltInKeywords.getAttribute(com.kms.katalon.core.testobject.ObjectRepository.findTestObject(DispensaryToStore/Page_Store/input_txttotal), "value"): Attribute 'value' of object 'Object Repository/DispensaryToStore/Page_Store/input_txttotal' is: '10'

2018-05-28 12:54:58 - [MESSAGE][PASSED] - Attribute 'value' of object 'Object Repository/DispensaryToStore/Page_Store/input_txttotal' is: '10'

2018-05-28 12:54:58 - [TEST_STEP][PASSED] - Statement - out.println("Requested QTY : " + RequestedQty): null

2018-05-28 12:54:58 - [TEST_STEP][PASSED] - Statement - BatchNumber = com.kms.katalon.core.webui.keyword.WebUiBuiltInKeywords.getNumberOfTotalOption(com.kms.katalon.core.testobject.ObjectRepository.findTestObject(DispensaryToStore/Page_Store/select_--Select--BA1170BA2376B)): 2 options of object 'Object Repository/DispensaryToStore/Page_Store/select_--Select--BA1170BA2376B' counted

2018-05-28 12:54:58 - [MESSAGE][PASSED] - 2 options of object 'Object Repository/DispensaryToStore/Page_Store/select_--Select--BA1170BA2376B' counted

2018-05-28 12:54:58 - [TEST_STEP][PASSED] - Statement - For ([g = 1, g <= BatchNumber - 1, (g++)]): null

2018-05-28 12:54:58 - [TEST_STEP][PASSED] - selectOptionByIndex: All options with index in [1] are selected on object 'Object Repository/DispensaryToStore/Page_Store/select_--Select--BA1170BA2376B'

2018-05-28 12:54:58 - [MESSAGE][PASSED] - All options with index in [1] are selected on object 'Object Repository/DispensaryToStore/Page_Store/select_--Select--BA1170BA2376B'

2018-05-28 12:54:58 - [TEST_STEP][PASSED] - Statement - Try: null

2018-05-28 12:54:58 - [TEST_STEP][PASSED] - Statement - StockQty = com.kms.katalon.core.webui.keyword.WebUiBuiltInKeywords.getAttribute(com.kms.katalon.core.testobject.ObjectRepository.findTestObject(DispensaryToStore/Page_Store/input_txtprice), "value"): Attribute 'value' of object 'Object Repository/DispensaryToStore/Page_Store/input_txtprice' is: '500'

2018-05-28 12:54:58 - [MESSAGE][PASSED] - Attribute 'value' of object 'Object Repository/DispensaryToStore/Page_Store/input_txtprice' is: '500'

2018-05-28 12:54:58 - [TEST_STEP][PASSED] - Statement - out.println("Stock QTY : " + StockQty): null

2018-05-28 12:54:58 - [TEST_STEP][PASSED] - delay: Delayed 2 second(s)

2018-05-28 12:55:00 - [MESSAGE][PASSED] - Delayed 2 second(s)

2018-05-28 12:55:00 - [TEST_STEP][PASSED] - Statement - If (java.lang.String.valueOf(StockQty) >= java.lang.String.valueOf(RequestedQty)): null

2018-05-28 12:55:00 - [TEST_STEP][PASSED] - setText: Text '10' is set on object 'Object Repository/DispensaryToStore/Page_Store/input_txtqty'

2018-05-28 12:55:00 - [MESSAGE][PASSED] - Text '10' is set on object 'Object Repository/DispensaryToStore/Page_Store/input_txtqty'

2018-05-28 12:55:00 - [TEST_STEP][PASSED] - click: Object: 'Object Repository/DispensaryToStore/Page_Store/button_Add' is clicked on

2018-05-28 12:55:00 - [MESSAGE][PASSED] - Object: 'Object Repository/DispensaryToStore/Page_Store/button_Add' is clicked on

2018-05-28 12:55:00 - [TEST_STEP][PASSED] - Statement - Break: null

2018-05-28 12:55:00 - [TEST_STEP][PASSED] - selectOptionByIndex: All options with index in [9] are selected on object 'Object Repository/DispensaryToStore/Page_Store/select_--Select--Adernaline 0.'

2018-05-28 12:55:00 - [MESSAGE][PASSED] - All options with index in [9] are selected on object 'Object Repository/DispensaryToStore/Page_Store/select_--Select--Adernaline 0.'

2018-05-28 12:55:00 - [TEST_STEP][PASSED] - delay: Delayed 2 second(s)

2018-05-28 12:55:02 - [MESSAGE][PASSED] - Delayed 2 second(s)

2018-05-28 12:55:02 - [TEST_STEP][PASSED] - Statement - RequestedQty = com.kms.katalon.core.webui.keyword.WebUiBuiltInKeywords.getAttribute(com.kms.katalon.core.testobject.ObjectRepository.findTestObject(DispensaryToStore/Page_Store/input_txttotal), "value"): Attribute 'value' of object 'Object Repository/DispensaryToStore/Page_Store/input_txttotal' is: '10'

2018-05-28 12:55:02 - [MESSAGE][PASSED] - Attribute 'value' of object 'Object Repository/DispensaryToStore/Page_Store/input_txttotal' is: '10'

2018-05-28 12:55:02 - [TEST_STEP][PASSED] - Statement - out.println("Requested QTY : " + RequestedQty): null

2018-05-28 12:55:02 - [TEST_STEP][PASSED] - Statement - BatchNumber = com.kms.katalon.core.webui.keyword.WebUiBuiltInKeywords.getNumberOfTotalOption(com.kms.katalon.core.testobject.ObjectRepository.findTestObject(DispensaryToStore/Page_Store/select_--Select--BA1170BA2376B)): 2 options of object 'Object Repository/DispensaryToStore/Page_Store/select_--Select--BA1170BA2376B' counted

2018-05-28 12:55:02 - [MESSAGE][PASSED] - 2 options of object 'Object Repository/DispensaryToStore/Page_Store/select_--Select--BA1170BA2376B' counted

2018-05-28 12:55:02 - [TEST_STEP][PASSED] - Statement - For ([g = 1, g <= BatchNumber - 1, (g++)]): null

2018-05-28 12:55:02 - [TEST_STEP][PASSED] - selectOptionByIndex: All options with index in [1] are selected on object 'Object Repository/DispensaryToStore/Page_Store/select_--Select--BA1170BA2376B'

2018-05-28 12:55:03 - [MESSAGE][PASSED] - All options with index in [1] are selected on object 'Object Repository/DispensaryToStore/Page_Store/select_--Select--BA1170BA2376B'

2018-05-28 12:55:03 - [TEST_STEP][PASSED] - Statement - Try: null

2018-05-28 12:55:03 - [TEST_STEP][PASSED] - Statement - StockQty = com.kms.katalon.core.webui.keyword.WebUiBuiltInKeywords.getAttribute(com.kms.katalon.core.testobject.ObjectRepository.findTestObject(DispensaryToStore/Page_Store/input_txtprice), "value"): Attribute 'value' of object 'Object Repository/DispensaryToStore/Page_Store/input_txtprice' is: '500'

2018-05-28 12:55:03 - [MESSAGE][PASSED] - Attribute 'value' of object 'Object Repository/DispensaryToStore/Page_Store/input_txtprice' is: '500'

2018-05-28 12:55:03 - [TEST_STEP][PASSED] - Statement - out.println("Stock QTY : " + StockQty): null

2018-05-28 12:55:03 - [TEST_STEP][PASSED] - delay: Delayed 2 second(s)

2018-05-28 12:55:05 - [MESSAGE][PASSED] - Delayed 2 second(s)

2018-05-28 12:55:05 - [TEST_STEP][PASSED] - Statement - If (java.lang.String.valueOf(StockQty) >= java.lang.String.valueOf(RequestedQty)): null

2018-05-28 12:55:05 - [TEST_STEP][PASSED] - setText: Text '10' is set on object 'Object Repository/DispensaryToStore/Page_Store/input_txtqty'

2018-05-28 12:55:05 - [MESSAGE][PASSED] - Text '10' is set on object 'Object Repository/DispensaryToStore/Page_Store/input_txtqty'

2018-05-28 12:55:05 - [TEST_STEP][PASSED] - click: Object: 'Object Repository/DispensaryToStore/Page_Store/button_Add' is clicked on

2018-05-28 12:55:05 - [MESSAGE][PASSED] - Object: 'Object Repository/DispensaryToStore/Page_Store/button_Add' is clicked on

2018-05-28 12:55:05 - [TEST_STEP][PASSED] - Statement - Break: null

2018-05-28 12:55:05 - [TEST_STEP][PASSED] - selectOptionByIndex: All options with index in [10] are selected on object 'Object Repository/DispensaryToStore/Page_Store/select_--Select--Adernaline 0.'

2018-05-28 12:55:05 - [MESSAGE][PASSED] - All options with index in [10] are selected on object 'Object Repository/DispensaryToStore/Page_Store/select_--Select--Adernaline 0.'

2018-05-28 12:55:05 - [TEST_STEP][PASSED] - delay: Delayed 2 second(s)

2018-05-28 12:55:07 - [MESSAGE][PASSED] - Delayed 2 second(s)

2018-05-28 12:55:07 - [TEST_STEP][PASSED] - Statement - RequestedQty = com.kms.katalon.core.webui.keyword.WebUiBuiltInKeywords.getAttribute(com.kms.katalon.core.testobject.ObjectRepository.findTestObject(DispensaryToStore/Page_Store/input_txttotal), "value"): Attribute 'value' of object 'Object Repository/DispensaryToStore/Page_Store/input_txttotal' is: '10'

2018-05-28 12:55:07 - [MESSAGE][PASSED] - Attribute 'value' of object 'Object Repository/DispensaryToStore/Page_Store/input_txttotal' is: '10'

2018-05-28 12:55:07 - [TEST_STEP][PASSED] - Statement - out.println("Requested QTY : " + RequestedQty): null

2018-05-28 12:55:07 - [TEST_STEP][PASSED] - Statement - BatchNumber = com.kms.katalon.core.webui.keyword.WebUiBuiltInKeywords.getNumberOfTotalOption(com.kms.katalon.core.testobject.ObjectRepository.findTestObject(DispensaryToStore/Page_Store/select_--Select--BA1170BA2376B)): 2 options of object 'Object Repository/DispensaryToStore/Page_Store/select_--Select--BA1170BA2376B' counted

2018-05-28 12:55:07 - [MESSAGE][PASSED] - 2 options of object 'Object Repository/DispensaryToStore/Page_Store/select_--Select--BA1170BA2376B' counted

2018-05-28 12:55:07 - [TEST_STEP][PASSED] - Statement - For ([g = 1, g <= BatchNumber - 1, (g++)]): null

2018-05-28 12:55:07 - [TEST_STEP][PASSED] - selectOptionByIndex: All options with index in [1] are selected on object 'Object Repository/DispensaryToStore/Page_Store/select_--Select--BA1170BA2376B'

2018-05-28 12:55:07 - [MESSAGE][PASSED] - All options with index in [1] are selected on object 'Object Repository/DispensaryToStore/Page_Store/select_--Select--BA1170BA2376B'

2018-05-28 12:55:07 - [TEST_STEP][PASSED] - Statement - Try: null

2018-05-28 12:55:07 - [TEST_STEP][PASSED] - Statement - StockQty = com.kms.katalon.core.webui.keyword.WebUiBuiltInKeywords.getAttribute(com.kms.katalon.core.testobject.ObjectRepository.findTestObject(DispensaryToStore/Page_Store/input_txtprice), "value"): Attribute 'value' of object 'Object Repository/DispensaryToStore/Page_Store/input_txtprice' is: '500'

2018-05-28 12:55:07 - [MESSAGE][PASSED] - Attribute 'value' of object 'Object Repository/DispensaryToStore/Page_Store/input_txtprice' is: '500'

2018-05-28 12:55:07 - [TEST_STEP][PASSED] - Statement - out.println("Stock QTY : " + StockQty): null

2018-05-28 12:55:07 - [TEST_STEP][PASSED] - delay: Delayed 2 second(s)

2018-05-28 12:55:09 - [MESSAGE][PASSED] - Delayed 2 second(s)

2018-05-28 12:55:09 - [TEST_STEP][PASSED] - Statement - If (java.lang.String.valueOf(StockQty) >= java.lang.String.valueOf(RequestedQty)): null

2018-05-28 12:55:09 - [TEST_STEP][PASSED] - setText: Text '10' is set on object 'Object Repository/DispensaryToStore/Page_Store/input_txtqty'

2018-05-28 12:55:09 - [MESSAGE][PASSED] - Text '10' is set on object 'Object Repository/DispensaryToStore/Page_Store/input_txtqty'

2018-05-28 12:55:09 - [TEST_STEP][PASSED] - click: Object: 'Object Repository/DispensaryToStore/Page_Store/button_Add' is clicked on

2018-05-28 12:55:09 - [MESSAGE][PASSED] - Object: 'Object Repository/DispensaryToStore/Page_Store/button_Add' is clicked on

2018-05-28 12:55:09 - [TEST_STEP][PASSED] - Statement - Break: null

2018-05-28 12:55:09 - [TEST_STEP][PASSED] - selectOptionByIndex: All options with index in [11] are selected on object 'Object Repository/DispensaryToStore/Page_Store/select_--Select--Adernaline 0.'

2018-05-28 12:55:10 - [MESSAGE][PASSED] - All options with index in [11] are selected on object 'Object Repository/DispensaryToStore/Page_Store/select_--Select--Adernaline 0.'

2018-05-28 12:55:10 - [TEST_STEP][PASSED] - delay: Delayed 2 second(s)

2018-05-28 12:55:12 - [MESSAGE][PASSED] - Delayed 2 second(s)

2018-05-28 12:55:12 - [TEST_STEP][PASSED] - Statement - RequestedQty = com.kms.katalon.core.webui.keyword.WebUiBuiltInKeywords.getAttribute(com.kms.katalon.core.testobject.ObjectRepository.findTestObject(DispensaryToStore/Page_Store/input_txttotal), "value"): Attribute 'value' of object 'Object Repository/DispensaryToStore/Page_Store/input_txttotal' is: '10'

2018-05-28 12:55:12 - [MESSAGE][PASSED] - Attribute 'value' of object 'Object Repository/DispensaryToStore/Page_Store/input_txttotal' is: '10'

2018-05-28 12:55:12 - [TEST_STEP][PASSED] - Statement - out.println("Requested QTY : " + RequestedQty): null

2018-05-28 12:55:12 - [TEST_STEP][PASSED] - Statement - BatchNumber = com.kms.katalon.core.webui.keyword.WebUiBuiltInKeywords.getNumberOfTotalOption(com.kms.katalon.core.testobject.ObjectRepository.findTestObject(DispensaryToStore/Page_Store/select_--Select--BA1170BA2376B)): 3 options of object 'Object Repository/DispensaryToStore/Page_Store/select_--Select--BA1170BA2376B' counted

2018-05-28 12:55:12 - [MESSAGE][PASSED] - 3 options of object 'Object Repository/DispensaryToStore/Page_Store/select_--Select--BA1170BA2376B' counted

2018-05-28 12:55:12 - [TEST_STEP][PASSED] - Statement - For ([g = 1, g <= BatchNumber - 1, (g++)]): null

2018-05-28 12:55:12 - [TEST_STEP][PASSED] - selectOptionByIndex: All options with index in [1] are selected on object 'Object Repository/DispensaryToStore/Page_Store/select_--Select--BA1170BA2376B'

2018-05-28 12:55:12 - [MESSAGE][PASSED] - All options with index in [1] are selected on object 'Object Repository/DispensaryToStore/Page_Store/select_--Select--BA1170BA2376B'

2018-05-28 12:55:12 - [TEST_STEP][PASSED] - Statement - Try: null

2018-05-28 12:55:12 - [TEST_STEP][PASSED] - Statement - StockQty = com.kms.katalon.core.webui.keyword.WebUiBuiltInKeywords.getAttribute(com.kms.katalon.core.testobject.ObjectRepository.findTestObject(DispensaryToStore/Page_Store/input_txtprice), "value"): Attribute 'value' of object 'Object Repository/DispensaryToStore/Page_Store/input_txtprice' is: '100'

2018-05-28 12:55:12 - [MESSAGE][PASSED] - Attribute 'value' of object 'Object Repository/DispensaryToStore/Page_Store/input_txtprice' is: '100'

2018-05-28 12:55:12 - [TEST_STEP][PASSED] - Statement - out.println("Stock QTY : " + StockQty): null

2018-05-28 12:55:12 - [TEST_STEP][PASSED] - delay: Delayed 2 second(s)

2018-05-28 12:55:14 - [MESSAGE][PASSED] - Delayed 2 second(s)

2018-05-28 12:55:14 - [TEST_STEP][PASSED] - Statement - If (java.lang.String.valueOf(StockQty) >= java.lang.String.valueOf(RequestedQty)): null

2018-05-28 12:55:14 - [TEST_STEP][PASSED] - setText: Text '10' is set on object 'Object Repository/DispensaryToStore/Page_Store/input_txtqty'

2018-05-28 12:55:14 - [MESSAGE][PASSED] - Text '10' is set on object 'Object Repository/DispensaryToStore/Page_Store/input_txtqty'

2018-05-28 12:55:14 - [TEST_STEP][PASSED] - click: Object: 'Object Repository/DispensaryToStore/Page_Store/button_Add' is clicked on

2018-05-28 12:55:14 - [MESSAGE][PASSED] - Object: 'Object Repository/DispensaryToStore/Page_Store/button_Add' is clicked on

2018-05-28 12:55:14 - [TEST_STEP][PASSED] - Statement - Break: null

2018-05-28 12:55:14 - [TEST_STEP][PASSED] - selectOptionByIndex: All options with index in [12] are selected on object 'Object Repository/DispensaryToStore/Page_Store/select_--Select--Adernaline 0.'

2018-05-28 12:55:14 - [MESSAGE][PASSED] - All options with index in [12] are selected on object 'Object Repository/DispensaryToStore/Page_Store/select_--Select--Adernaline 0.'

2018-05-28 12:55:14 - [TEST_STEP][PASSED] - delay: Delayed 2 second(s)

2018-05-28 12:55:16 - [MESSAGE][PASSED] - Delayed 2 second(s)

2018-05-28 12:55:16 - [TEST_STEP][PASSED] - Statement - RequestedQty = com.kms.katalon.core.webui.keyword.WebUiBuiltInKeywords.getAttribute(com.kms.katalon.core.testobject.ObjectRepository.findTestObject(DispensaryToStore/Page_Store/input_txttotal), "value"): Attribute 'value' of object 'Object Repository/DispensaryToStore/Page_Store/input_txttotal' is: '10'

2018-05-28 12:55:16 - [MESSAGE][PASSED] - Attribute 'value' of object 'Object Repository/DispensaryToStore/Page_Store/input_txttotal' is: '10'

2018-05-28 12:55:16 - [TEST_STEP][PASSED] - Statement - out.println("Requested QTY : " + RequestedQty): null

2018-05-28 12:55:16 - [TEST_STEP][PASSED] - Statement - BatchNumber = com.kms.katalon.core.webui.keyword.WebUiBuiltInKeywords.getNumberOfTotalOption(com.kms.katalon.core.testobject.ObjectRepository.findTestObject(DispensaryToStore/Page_Store/select_--Select--BA1170BA2376B)): 3 options of object 'Object Repository/DispensaryToStore/Page_Store/select_--Select--BA1170BA2376B' counted

2018-05-28 12:55:16 - [MESSAGE][PASSED] - 3 options of object 'Object Repository/DispensaryToStore/Page_Store/select_--Select--BA1170BA2376B' counted

2018-05-28 12:55:16 - [TEST_STEP][PASSED] - Statement - For ([g = 1, g <= BatchNumber - 1, (g++)]): null

2018-05-28 12:55:16 - [TEST_STEP][PASSED] - selectOptionByIndex: All options with index in [1] are selected on object 'Object Repository/DispensaryToStore/Page_Store/select_--Select--BA1170BA2376B'

2018-05-28 12:55:16 - [MESSAGE][PASSED] - All options with index in [1] are selected on object 'Object Repository/DispensaryToStore/Page_Store/select_--Select--BA1170BA2376B'

2018-05-28 12:55:16 - [TEST_STEP][PASSED] - Statement - Try: null

2018-05-28 12:55:16 - [TEST_STEP][PASSED] - Statement - StockQty = com.kms.katalon.core.webui.keyword.WebUiBuiltInKeywords.getAttribute(com.kms.katalon.core.testobject.ObjectRepository.findTestObject(DispensaryToStore/Page_Store/input_txtprice), "value"): Attribute 'value' of object 'Object Repository/DispensaryToStore/Page_Store/input_txtprice' is: '100'

2018-05-28 12:55:16 - [MESSAGE][PASSED] - Attribute 'value' of object 'Object Repository/DispensaryToStore/Page_Store/input_txtprice' is: '100'

2018-05-28 12:55:16 - [TEST_STEP][PASSED] - Statement - out.println("Stock QTY : " + StockQty): null

2018-05-28 12:55:16 - [TEST_STEP][PASSED] - delay: Delayed 2 second(s)

2018-05-28 12:55:18 - [MESSAGE][PASSED] - Delayed 2 second(s)

2018-05-28 12:55:18 - [TEST_STEP][PASSED] - Statement - If (java.lang.String.valueOf(StockQty) >= java.lang.String.valueOf(RequestedQty)): null

2018-05-28 12:55:18 - [TEST_STEP][PASSED] - setText: Text '10' is set on object 'Object Repository/DispensaryToStore/Page_Store/input_txtqty'

2018-05-28 12:55:19 - [MESSAGE][PASSED] - Text '10' is set on object 'Object Repository/DispensaryToStore/Page_Store/input_txtqty'

2018-05-28 12:55:19 - [TEST_STEP][PASSED] - click: Object: 'Object Repository/DispensaryToStore/Page_Store/button_Add' is clicked on

2018-05-28 12:55:19 - [MESSAGE][PASSED] - Object: 'Object Repository/DispensaryToStore/Page_Store/button_Add' is clicked on

2018-05-28 12:55:19 - [TEST_STEP][PASSED] - Statement - Break: null

2018-05-28 12:55:19 - [TEST_STEP][PASSED] - selectOptionByIndex: All options with index in [13] are selected on object 'Object Repository/DispensaryToStore/Page_Store/select_--Select--Adernaline 0.'

2018-05-28 12:55:19 - [MESSAGE][PASSED] - All options with index in [13] are selected on object 'Object Repository/DispensaryToStore/Page_Store/select_--Select--Adernaline 0.'

2018-05-28 12:55:19 - [TEST_STEP][PASSED] - delay: Delayed 2 second(s)

2018-05-28 12:55:21 - [MESSAGE][PASSED] - Delayed 2 second(s)

2018-05-28 12:55:21 - [TEST_STEP][PASSED] - Statement - RequestedQty = com.kms.katalon.core.webui.keyword.WebUiBuiltInKeywords.getAttribute(com.kms.katalon.core.testobject.ObjectRepository.findTestObject(DispensaryToStore/Page_Store/input_txttotal), "value"): Attribute 'value' of object 'Object Repository/DispensaryToStore/Page_Store/input_txttotal' is: '10'

2018-05-28 12:55:21 - [MESSAGE][PASSED] - Attribute 'value' of object 'Object Repository/DispensaryToStore/Page_Store/input_txttotal' is: '10'

2018-05-28 12:55:21 - [TEST_STEP][PASSED] - Statement - out.println("Requested QTY : " + RequestedQty): null

2018-05-28 12:55:21 - [TEST_STEP][PASSED] - Statement - BatchNumber = com.kms.katalon.core.webui.keyword.WebUiBuiltInKeywords.getNumberOfTotalOption(com.kms.katalon.core.testobject.ObjectRepository.findTestObject(DispensaryToStore/Page_Store/select_--Select--BA1170BA2376B)): 4 options of object 'Object Repository/DispensaryToStore/Page_Store/select_--Select--BA1170BA2376B' counted

2018-05-28 12:55:21 - [MESSAGE][PASSED] - 4 options of object 'Object Repository/DispensaryToStore/Page_Store/select_--Select--BA1170BA2376B' counted

2018-05-28 12:55:21 - [TEST_STEP][PASSED] - Statement - For ([g = 1, g <= BatchNumber - 1, (g++)]): null

2018-05-28 12:55:21 - [TEST_STEP][PASSED] - selectOptionByIndex: All options with index in [1] are selected on object 'Object Repository/DispensaryToStore/Page_Store/select_--Select--BA1170BA2376B'

2018-05-28 12:55:21 - [MESSAGE][PASSED] - All options with index in [1] are selected on object 'Object Repository/DispensaryToStore/Page_Store/select_--Select--BA1170BA2376B'

2018-05-28 12:55:21 - [TEST_STEP][PASSED] - Statement - Try: null

2018-05-28 12:55:21 - [TEST_STEP][PASSED] - Statement - StockQty = com.kms.katalon.core.webui.keyword.WebUiBuiltInKeywords.getAttribute(com.kms.katalon.core.testobject.ObjectRepository.findTestObject(DispensaryToStore/Page_Store/input_txtprice), "value"): Attribute 'value' of object 'Object Repository/DispensaryToStore/Page_Store/input_txtprice' is: '100'

2018-05-28 12:55:21 - [MESSAGE][PASSED] - Attribute 'value' of object 'Object Repository/DispensaryToStore/Page_Store/input_txtprice' is: '100'

2018-05-28 12:55:21 - [TEST_STEP][PASSED] - Statement - out.println("Stock QTY : " + StockQty): null

2018-05-28 12:55:21 - [TEST_STEP][PASSED] - delay: Delayed 2 second(s)

2018-05-28 12:55:23 - [MESSAGE][PASSED] - Delayed 2 second(s)

2018-05-28 12:55:23 - [TEST_STEP][PASSED] - Statement - If (java.lang.String.valueOf(StockQty) >= java.lang.String.valueOf(RequestedQty)): null

2018-05-28 12:55:23 - [TEST_STEP][PASSED] - setText: Text '10' is set on object 'Object Repository/DispensaryToStore/Page_Store/input_txtqty'

2018-05-28 12:55:23 - [MESSAGE][PASSED] - Text '10' is set on object 'Object Repository/DispensaryToStore/Page_Store/input_txtqty'

2018-05-28 12:55:23 - [TEST_STEP][PASSED] - click: Object: 'Object Repository/DispensaryToStore/Page_Store/button_Add' is clicked on

2018-05-28 12:55:23 - [MESSAGE][PASSED] - Object: 'Object Repository/DispensaryToStore/Page_Store/button_Add' is clicked on

2018-05-28 12:55:23 - [TEST_STEP][PASSED] - Statement - Break: null

2018-05-28 12:55:23 - [TEST_STEP][PASSED] - selectOptionByIndex: All options with index in [14] are selected on object 'Object Repository/DispensaryToStore/Page_Store/select_--Select--Adernaline 0.'

2018-05-28 12:55:24 - [MESSAGE][PASSED] - All options with index in [14] are selected on object 'Object Repository/DispensaryToStore/Page_Store/select_--Select--Adernaline 0.'

2018-05-28 12:55:24 - [TEST_STEP][PASSED] - delay: Delayed 2 second(s)

2018-05-28 12:55:26 - [MESSAGE][PASSED] - Delayed 2 second(s)

2018-05-28 12:55:26 - [TEST_STEP][PASSED] - Statement - RequestedQty = com.kms.katalon.core.webui.keyword.WebUiBuiltInKeywords.getAttribute(com.kms.katalon.core.testobject.ObjectRepository.findTestObject(DispensaryToStore/Page_Store/input_txttotal), "value"): Attribute 'value' of object 'Object Repository/DispensaryToStore/Page_Store/input_txttotal' is: '10'

2018-05-28 12:55:26 - [MESSAGE][PASSED] - Attribute 'value' of object 'Object Repository/DispensaryToStore/Page_Store/input_txttotal' is: '10'

2018-05-28 12:55:26 - [TEST_STEP][PASSED] - Statement - out.println("Requested QTY : " + RequestedQty): null

2018-05-28 12:55:26 - [TEST_STEP][PASSED] - Statement - BatchNumber = com.kms.katalon.core.webui.keyword.WebUiBuiltInKeywords.getNumberOfTotalOption(com.kms.katalon.core.testobject.ObjectRepository.findTestObject(DispensaryToStore/Page_Store/select_--Select--BA1170BA2376B)): 2 options of object 'Object Repository/DispensaryToStore/Page_Store/select_--Select--BA1170BA2376B' counted

2018-05-28 12:55:26 - [MESSAGE][PASSED] - 2 options of object 'Object Repository/DispensaryToStore/Page_Store/select_--Select--BA1170BA2376B' counted

2018-05-28 12:55:26 - [TEST_STEP][PASSED] - Statement - For ([g = 1, g <= BatchNumber - 1, (g++)]): null

2018-05-28 12:55:26 - [TEST_STEP][PASSED] - selectOptionByIndex: All options with index in [1] are selected on object 'Object Repository/DispensaryToStore/Page_Store/select_--Select--BA1170BA2376B'

2018-05-28 12:55:26 - [MESSAGE][PASSED] - All options with index in [1] are selected on object 'Object Repository/DispensaryToStore/Page_Store/select_--Select--BA1170BA2376B'

2018-05-28 12:55:26 - [TEST_STEP][PASSED] - Statement - Try: null

2018-05-28 12:55:26 - [TEST_STEP][PASSED] - Statement - StockQty = com.kms.katalon.core.webui.keyword.WebUiBuiltInKeywords.getAttribute(com.kms.katalon.core.testobject.ObjectRepository.findTestObject(DispensaryToStore/Page_Store/input_txtprice), "value"): Attribute 'value' of object 'Object Repository/DispensaryToStore/Page_Store/input_txtprice' is: '500'

2018-05-28 12:55:26 - [MESSAGE][PASSED] - Attribute 'value' of object 'Object Repository/DispensaryToStore/Page_Store/input_txtprice' is: '500'

2018-05-28 12:55:26 - [TEST_STEP][PASSED] - Statement - out.println("Stock QTY : " + StockQty): null

2018-05-28 12:55:26 - [TEST_STEP][PASSED] - delay: Delayed 2 second(s)

2018-05-28 12:55:28 - [MESSAGE][PASSED] - Delayed 2 second(s)

2018-05-28 12:55:28 - [TEST_STEP][PASSED] - Statement - If (java.lang.String.valueOf(StockQty) >= java.lang.String.valueOf(RequestedQty)): null

2018-05-28 12:55:28 - [TEST_STEP][PASSED] - setText: Text '10' is set on object 'Object Repository/DispensaryToStore/Page_Store/input_txtqty'

2018-05-28 12:55:28 - [MESSAGE][PASSED] - Text '10' is set on object 'Object Repository/DispensaryToStore/Page_Store/input_txtqty'

2018-05-28 12:55:28 - [TEST_STEP][PASSED] - click: Object: 'Object Repository/DispensaryToStore/Page_Store/button_Add' is clicked on

2018-05-28 12:55:28 - [MESSAGE][PASSED] - Object: 'Object Repository/DispensaryToStore/Page_Store/button_Add' is clicked on

2018-05-28 12:55:28 - [TEST_STEP][PASSED] - Statement - Break: null

2018-05-28 12:55:28 - [TEST_STEP][PASSED] - selectOptionByIndex: All options with index in [15] are selected on object 'Object Repository/DispensaryToStore/Page_Store/select_--Select--Adernaline 0.'

2018-05-28 12:55:28 - [MESSAGE][PASSED] - All options with index in [15] are selected on object 'Object Repository/DispensaryToStore/Page_Store/select_--Select--Adernaline 0.'

2018-05-28 12:55:28 - [TEST_STEP][PASSED] - delay: Delayed 2 second(s)

2018-05-28 12:55:30 - [MESSAGE][PASSED] - Delayed 2 second(s)

2018-05-28 12:55:30 - [TEST_STEP][PASSED] - Statement - RequestedQty = com.kms.katalon.core.webui.keyword.WebUiBuiltInKeywords.getAttribute(com.kms.katalon.core.testobject.ObjectRepository.findTestObject(DispensaryToStore/Page_Store/input_txttotal), "value"): Attribute 'value' of object 'Object Repository/DispensaryToStore/Page_Store/input_txttotal' is: '10'

2018-05-28 12:55:30 - [MESSAGE][PASSED] - Attribute 'value' of object 'Object Repository/DispensaryToStore/Page_Store/input_txttotal' is: '10'

2018-05-28 12:55:30 - [TEST_STEP][PASSED] - Statement - out.println("Requested QTY : " + RequestedQty): null

2018-05-28 12:55:30 - [TEST_STEP][PASSED] - Statement - BatchNumber = com.kms.katalon.core.webui.keyword.WebUiBuiltInKeywords.getNumberOfTotalOption(com.kms.katalon.core.testobject.ObjectRepository.findTestObject(DispensaryToStore/Page_Store/select_--Select--BA1170BA2376B)): 2 options of object 'Object Repository/DispensaryToStore/Page_Store/select_--Select--BA1170BA2376B' counted

2018-05-28 12:55:30 - [MESSAGE][PASSED] - 2 options of object 'Object Repository/DispensaryToStore/Page_Store/select_--Select--BA1170BA2376B' counted

2018-05-28 12:55:30 - [TEST_STEP][PASSED] - Statement - For ([g = 1, g <= BatchNumber - 1, (g++)]): null

2018-05-28 12:55:30 - [TEST_STEP][PASSED] - selectOptionByIndex: All options with index in [1] are selected on object 'Object Repository/DispensaryToStore/Page_Store/select_--Select--BA1170BA2376B'

2018-05-28 12:55:31 - [MESSAGE][PASSED] - All options with index in [1] are selected on object 'Object Repository/DispensaryToStore/Page_Store/select_--Select--BA1170BA2376B'

2018-05-28 12:55:31 - [TEST_STEP][PASSED] - Statement - Try: null

2018-05-28 12:55:31 - [TEST_STEP][PASSED] - Statement - StockQty = com.kms.katalon.core.webui.keyword.WebUiBuiltInKeywords.getAttribute(com.kms.katalon.core.testobject.ObjectRepository.findTestObject(DispensaryToStore/Page_Store/input_txtprice), "value"): Attribute 'value' of object 'Object Repository/DispensaryToStore/Page_Store/input_txtprice' is: '500'

2018-05-28 12:55:31 - [MESSAGE][PASSED] - Attribute 'value' of object 'Object Repository/DispensaryToStore/Page_Store/input_txtprice' is: '500'

2018-05-28 12:55:31 - [TEST_STEP][PASSED] - Statement - out.println("Stock QTY : " + StockQty): null

2018-05-28 12:55:31 - [TEST_STEP][PASSED] - delay: Delayed 2 second(s)

2018-05-28 12:55:33 - [MESSAGE][PASSED] - Delayed 2 second(s)

2018-05-28 12:55:33 - [TEST_STEP][PASSED] - Statement - If (java.lang.String.valueOf(StockQty) >= java.lang.String.valueOf(RequestedQty)): null

2018-05-28 12:55:33 - [TEST_STEP][PASSED] - setText: Text '10' is set on object 'Object Repository/DispensaryToStore/Page_Store/input_txtqty'

2018-05-28 12:55:33 - [MESSAGE][PASSED] - Text '10' is set on object 'Object Repository/DispensaryToStore/Page_Store/input_txtqty'

2018-05-28 12:55:33 - [TEST_STEP][PASSED] - click: Object: 'Object Repository/DispensaryToStore/Page_Store/button_Add' is clicked on

2018-05-28 12:55:33 - [MESSAGE][PASSED] - Object: 'Object Repository/DispensaryToStore/Page_Store/button_Add' is clicked on

2018-05-28 12:55:33 - [TEST_STEP][PASSED] - Statement - Break: null

2018-05-28 12:55:33 - [TEST_STEP][PASSED] - selectOptionByIndex: All options with index in [16] are selected on object 'Object Repository/DispensaryToStore/Page_Store/select_--Select--Adernaline 0.'

2018-05-28 12:55:33 - [MESSAGE][PASSED] - All options with index in [16] are selected on object 'Object Repository/DispensaryToStore/Page_Store/select_--Select--Adernaline 0.'

2018-05-28 12:55:33 - [TEST_STEP][PASSED] - delay: Delayed 2 second(s)

2018-05-28 12:55:35 - [MESSAGE][PASSED] - Delayed 2 second(s)

2018-05-28 12:55:35 - [TEST_STEP][PASSED] - Statement - RequestedQty = com.kms.katalon.core.webui.keyword.WebUiBuiltInKeywords.getAttribute(com.kms.katalon.core.testobject.ObjectRepository.findTestObject(DispensaryToStore/Page_Store/input_txttotal), "value"): Attribute 'value' of object 'Object Repository/DispensaryToStore/Page_Store/input_txttotal' is: '10'

2018-05-28 12:55:35 - [MESSAGE][PASSED] - Attribute 'value' of object 'Object Repository/DispensaryToStore/Page_Store/input_txttotal' is: '10'

2018-05-28 12:55:35 - [TEST_STEP][PASSED] - Statement - out.println("Requested QTY : " + RequestedQty): null

2018-05-28 12:55:35 - [TEST_STEP][PASSED] - Statement - BatchNumber = com.kms.katalon.core.webui.keyword.WebUiBuiltInKeywords.getNumberOfTotalOption(com.kms.katalon.core.testobject.ObjectRepository.findTestObject(DispensaryToStore/Page_Store/select_--Select--BA1170BA2376B)): 2 options of object 'Object Repository/DispensaryToStore/Page_Store/select_--Select--BA1170BA2376B' counted

2018-05-28 12:55:35 - [MESSAGE][PASSED] - 2 options of object 'Object Repository/DispensaryToStore/Page_Store/select_--Select--BA1170BA2376B' counted

2018-05-28 12:55:35 - [TEST_STEP][PASSED] - Statement - For ([g = 1, g <= BatchNumber - 1, (g++)]): null

2018-05-28 12:55:35 - [TEST_STEP][PASSED] - selectOptionByIndex: All options with index in [1] are selected on object 'Object Repository/DispensaryToStore/Page_Store/select_--Select--BA1170BA2376B'

2018-05-28 12:55:35 - [MESSAGE][PASSED] - All options with index in [1] are selected on object 'Object Repository/DispensaryToStore/Page_Store/select_--Select--BA1170BA2376B'

2018-05-28 12:55:35 - [TEST_STEP][PASSED] - Statement - Try: null

2018-05-28 12:55:35 - [TEST_STEP][PASSED] - Statement - StockQty = com.kms.katalon.core.webui.keyword.WebUiBuiltInKeywords.getAttribute(com.kms.katalon.core.testobject.ObjectRepository.findTestObject(DispensaryToStore/Page_Store/input_txtprice), "value"): Attribute 'value' of object 'Object Repository/DispensaryToStore/Page_Store/input_txtprice' is: '500'

2018-05-28 12:55:35 - [MESSAGE][PASSED] - Attribute 'value' of object 'Object Repository/DispensaryToStore/Page_Store/input_txtprice' is: '500'

2018-05-28 12:55:35 - [TEST_STEP][PASSED] - Statement - out.println("Stock QTY : " + StockQty): null

2018-05-28 12:55:35 - [TEST_STEP][PASSED] - delay: Delayed 2 second(s)

2018-05-28 12:55:37 - [MESSAGE][PASSED] - Delayed 2 second(s)

2018-05-28 12:55:37 - [TEST_STEP][PASSED] - Statement - If (java.lang.String.valueOf(StockQty) >= java.lang.String.valueOf(RequestedQty)): null

2018-05-28 12:55:37 - [TEST_STEP][PASSED] - setText: Text '10' is set on object 'Object Repository/DispensaryToStore/Page_Store/input_txtqty'

2018-05-28 12:55:37 - [MESSAGE][PASSED] - Text '10' is set on object 'Object Repository/DispensaryToStore/Page_Store/input_txtqty'

2018-05-28 12:55:37 - [TEST_STEP][PASSED] - click: Object: 'Object Repository/DispensaryToStore/Page_Store/button_Add' is clicked on

2018-05-28 12:55:37 - [MESSAGE][PASSED] - Object: 'Object Repository/DispensaryToStore/Page_Store/button_Add' is clicked on

2018-05-28 12:55:37 - [TEST_STEP][PASSED] - Statement - Break: null

2018-05-28 12:55:37 - [TEST_STEP][PASSED] - selectOptionByIndex: All options with index in [17] are selected on object 'Object Repository/DispensaryToStore/Page_Store/select_--Select--Adernaline 0.'

2018-05-28 12:55:38 - [MESSAGE][PASSED] - All options with index in [17] are selected on object 'Object Repository/DispensaryToStore/Page_Store/select_--Select--Adernaline 0.'

2018-05-28 12:55:38 - [TEST_STEP][PASSED] - delay: Delayed 2 second(s)

2018-05-28 12:55:40 - [MESSAGE][PASSED] - Delayed 2 second(s)

2018-05-28 12:55:40 - [TEST_STEP][PASSED] - Statement - RequestedQty = com.kms.katalon.core.webui.keyword.WebUiBuiltInKeywords.getAttribute(com.kms.katalon.core.testobject.ObjectRepository.findTestObject(DispensaryToStore/Page_Store/input_txttotal), "value"): Attribute 'value' of object 'Object Repository/DispensaryToStore/Page_Store/input_txttotal' is: '10'

2018-05-28 12:55:40 - [MESSAGE][PASSED] - Attribute 'value' of object 'Object Repository/DispensaryToStore/Page_Store/input_txttotal' is: '10'

2018-05-28 12:55:40 - [TEST_STEP][PASSED] - Statement - out.println("Requested QTY : " + RequestedQty): null

2018-05-28 12:55:40 - [TEST_STEP][PASSED] - Statement - BatchNumber = com.kms.katalon.core.webui.keyword.WebUiBuiltInKeywords.getNumberOfTotalOption(com.kms.katalon.core.testobject.ObjectRepository.findTestObject(DispensaryToStore/Page_Store/select_--Select--BA1170BA2376B)): 2 options of object 'Object Repository/DispensaryToStore/Page_Store/select_--Select--BA1170BA2376B' counted

2018-05-28 12:55:40 - [MESSAGE][PASSED] - 2 options of object 'Object Repository/DispensaryToStore/Page_Store/select_--Select--BA1170BA2376B' counted

2018-05-28 12:55:40 - [TEST_STEP][PASSED] - Statement - For ([g = 1, g <= BatchNumber - 1, (g++)]): null

2018-05-28 12:55:40 - [TEST_STEP][PASSED] - selectOptionByIndex: All options with index in [1] are selected on object 'Object Repository/DispensaryToStore/Page_Store/select_--Select--BA1170BA2376B'

2018-05-28 12:55:40 - [MESSAGE][PASSED] - All options with index in [1] are selected on object 'Object Repository/DispensaryToStore/Page_Store/select_--Select--BA1170BA2376B'

2018-05-28 12:55:40 - [TEST_STEP][PASSED] - Statement - Try: null

2018-05-28 12:55:40 - [TEST_STEP][PASSED] - Statement - StockQty = com.kms.katalon.core.webui.keyword.WebUiBuiltInKeywords.getAttribute(com.kms.katalon.core.testobject.ObjectRepository.findTestObject(DispensaryToStore/Page_Store/input_txtprice), "value"): Attribute 'value' of object 'Object Repository/DispensaryToStore/Page_Store/input_txtprice' is: '500'

2018-05-28 12:55:40 - [MESSAGE][PASSED] - Attribute 'value' of object 'Object Repository/DispensaryToStore/Page_Store/input_txtprice' is: '500'

2018-05-28 12:55:40 - [TEST_STEP][PASSED] - Statement - out.println("Stock QTY : " + StockQty): null

2018-05-28 12:55:40 - [TEST_STEP][PASSED] - delay: Delayed 2 second(s)

2018-05-28 12:55:42 - [MESSAGE][PASSED] - Delayed 2 second(s)

2018-05-28 12:55:42 - [TEST_STEP][PASSED] - Statement - If (java.lang.String.valueOf(StockQty) >= java.lang.String.valueOf(RequestedQty)): null

2018-05-28 12:55:42 - [TEST_STEP][PASSED] - setText: Text '10' is set on object 'Object Repository/DispensaryToStore/Page_Store/input_txtqty'

2018-05-28 12:55:42 - [MESSAGE][PASSED] - Text '10' is set on object 'Object Repository/DispensaryToStore/Page_Store/input_txtqty'

2018-05-28 12:55:42 - [TEST_STEP][PASSED] - click: Object: 'Object Repository/DispensaryToStore/Page_Store/button_Add' is clicked on

2018-05-28 12:55:42 - [MESSAGE][PASSED] - Object: 'Object Repository/DispensaryToStore/Page_Store/button_Add' is clicked on

2018-05-28 12:55:42 - [TEST_STEP][PASSED] - Statement - Break: null

2018-05-28 12:55:42 - [TEST_STEP][PASSED] - selectOptionByIndex: All options with index in [18] are selected on object 'Object Repository/DispensaryToStore/Page_Store/select_--Select--Adernaline 0.'

2018-05-28 12:55:42 - [MESSAGE][PASSED] - All options with index in [18] are selected on object 'Object Repository/DispensaryToStore/Page_Store/select_--Select--Adernaline 0.'

2018-05-28 12:55:42 - [TEST_STEP][PASSED] - delay: Delayed 2 second(s)

2018-05-28 12:55:44 - [MESSAGE][PASSED] - Delayed 2 second(s)

2018-05-28 12:55:44 - [TEST_STEP][PASSED] - Statement - RequestedQty = com.kms.katalon.core.webui.keyword.WebUiBuiltInKeywords.getAttribute(com.kms.katalon.core.testobject.ObjectRepository.findTestObject(DispensaryToStore/Page_Store/input_txttotal), "value"): Attribute 'value' of object 'Object Repository/DispensaryToStore/Page_Store/input_txttotal' is: '10'

2018-05-28 12:55:44 - [MESSAGE][PASSED] - Attribute 'value' of object 'Object Repository/DispensaryToStore/Page_Store/input_txttotal' is: '10'

2018-05-28 12:55:44 - [TEST_STEP][PASSED] - Statement - out.println("Requested QTY : " + RequestedQty): null

2018-05-28 12:55:44 - [TEST_STEP][PASSED] - Statement - BatchNumber = com.kms.katalon.core.webui.keyword.WebUiBuiltInKeywords.getNumberOfTotalOption(com.kms.katalon.core.testobject.ObjectRepository.findTestObject(DispensaryToStore/Page_Store/select_--Select--BA1170BA2376B)): 2 options of object 'Object Repository/DispensaryToStore/Page_Store/select_--Select--BA1170BA2376B' counted

2018-05-28 12:55:45 - [MESSAGE][PASSED] - 2 options of object 'Object Repository/DispensaryToStore/Page_Store/select_--Select--BA1170BA2376B' counted

2018-05-28 12:55:45 - [TEST_STEP][PASSED] - Statement - For ([g = 1, g <= BatchNumber - 1, (g++)]): null

2018-05-28 12:55:45 - [TEST_STEP][PASSED] - selectOptionByIndex: All options with index in [1] are selected on object 'Object Repository/DispensaryToStore/Page_Store/select_--Select--BA1170BA2376B'

2018-05-28 12:55:45 - [MESSAGE][PASSED] - All options with index in [1] are selected on object 'Object Repository/DispensaryToStore/Page_Store/select_--Select--BA1170BA2376B'

2018-05-28 12:55:45 - [TEST_STEP][PASSED] - Statement - Try: null

2018-05-28 12:55:45 - [TEST_STEP][PASSED] - Statement - StockQty = com.kms.katalon.core.webui.keyword.WebUiBuiltInKeywords.getAttribute(com.kms.katalon.core.testobject.ObjectRepository.findTestObject(DispensaryToStore/Page_Store/input_txtprice), "value"): Attribute 'value' of object 'Object Repository/DispensaryToStore/Page_Store/input_txtprice' is: '500'

2018-05-28 12:55:45 - [MESSAGE][PASSED] - Attribute 'value' of object 'Object Repository/DispensaryToStore/Page_Store/input_txtprice' is: '500'

2018-05-28 12:55:45 - [TEST_STEP][PASSED] - Statement - out.println("Stock QTY : " + StockQty): null

2018-05-28 12:55:45 - [TEST_STEP][PASSED] - delay: Delayed 2 second(s)

2018-05-28 12:55:47 - [MESSAGE][PASSED] - Delayed 2 second(s)

2018-05-28 12:55:47 - [TEST_STEP][PASSED] - Statement - If (java.lang.String.valueOf(StockQty) >= java.lang.String.valueOf(RequestedQty)): null

2018-05-28 12:55:47 - [TEST_STEP][PASSED] - setText: Text '10' is set on object 'Object Repository/DispensaryToStore/Page_Store/input_txtqty'

2018-05-28 12:55:47 - [MESSAGE][PASSED] - Text '10' is set on object 'Object Repository/DispensaryToStore/Page_Store/input_txtqty'

2018-05-28 12:55:47 - [TEST_STEP][PASSED] - click: Object: 'Object Repository/DispensaryToStore/Page_Store/button_Add' is clicked on

2018-05-28 12:55:47 - [MESSAGE][PASSED] - Object: 'Object Repository/DispensaryToStore/Page_Store/button_Add' is clicked on

2018-05-28 12:55:47 - [TEST_STEP][PASSED] - Statement - Break: null

2018-05-28 12:55:47 - [TEST_STEP][PASSED] - selectOptionByIndex: All options with index in [19] are selected on object 'Object Repository/DispensaryToStore/Page_Store/select_--Select--Adernaline 0.'

2018-05-28 12:55:47 - [MESSAGE][PASSED] - All options with index in [19] are selected on object 'Object Repository/DispensaryToStore/Page_Store/select_--Select--Adernaline 0.'

2018-05-28 12:55:47 - [TEST_STEP][PASSED] - delay: Delayed 2 second(s)

2018-05-28 12:55:49 - [MESSAGE][PASSED] - Delayed 2 second(s)

2018-05-28 12:55:49 - [TEST_STEP][PASSED] - Statement - RequestedQty = com.kms.katalon.core.webui.keyword.WebUiBuiltInKeywords.getAttribute(com.kms.katalon.core.testobject.ObjectRepository.findTestObject(DispensaryToStore/Page_Store/input_txttotal), "value"): Attribute 'value' of object 'Object Repository/DispensaryToStore/Page_Store/input_txttotal' is: '10'

2018-05-28 12:55:49 - [MESSAGE][PASSED] - Attribute 'value' of object 'Object Repository/DispensaryToStore/Page_Store/input_txttotal' is: '10'

2018-05-28 12:55:49 - [TEST_STEP][PASSED] - Statement - out.println("Requested QTY : " + RequestedQty): null

2018-05-28 12:55:49 - [TEST_STEP][PASSED] - Statement - BatchNumber = com.kms.katalon.core.webui.keyword.WebUiBuiltInKeywords.getNumberOfTotalOption(com.kms.katalon.core.testobject.ObjectRepository.findTestObject(DispensaryToStore/Page_Store/select_--Select--BA1170BA2376B)): 2 options of object 'Object Repository/DispensaryToStore/Page_Store/select_--Select--BA1170BA2376B' counted

2018-05-28 12:55:49 - [MESSAGE][PASSED] - 2 options of object 'Object Repository/DispensaryToStore/Page_Store/select_--Select--BA1170BA2376B' counted

2018-05-28 12:55:49 - [TEST_STEP][PASSED] - Statement - For ([g = 1, g <= BatchNumber - 1, (g++)]): null

2018-05-28 12:55:49 - [TEST_STEP][PASSED] - selectOptionByIndex: All options with index in [1] are selected on object 'Object Repository/DispensaryToStore/Page_Store/select_--Select--BA1170BA2376B'

2018-05-28 12:55:49 - [MESSAGE][PASSED] - All options with index in [1] are selected on object 'Object Repository/DispensaryToStore/Page_Store/select_--Select--BA1170BA2376B'

2018-05-28 12:55:49 - [TEST_STEP][PASSED] - Statement - Try: null

2018-05-28 12:55:49 - [TEST_STEP][PASSED] - Statement - StockQty = com.kms.katalon.core.webui.keyword.WebUiBuiltInKeywords.getAttribute(com.kms.katalon.core.testobject.ObjectRepository.findTestObject(DispensaryToStore/Page_Store/input_txtprice), "value"): Attribute 'value' of object 'Object Repository/DispensaryToStore/Page_Store/input_txtprice' is: '500'

2018-05-28 12:55:49 - [MESSAGE][PASSED] - Attribute 'value' of object 'Object Repository/DispensaryToStore/Page_Store/input_txtprice' is: '500'

2018-05-28 12:55:49 - [TEST_STEP][PASSED] - Statement - out.println("Stock QTY : " + StockQty): null

2018-05-28 12:55:49 - [TEST_STEP][PASSED] - delay: Delayed 2 second(s)

2018-05-28 12:55:51 - [MESSAGE][PASSED] - Delayed 2 second(s)

2018-05-28 12:55:51 - [TEST_STEP][PASSED] - Statement - If (java.lang.String.valueOf(StockQty) >= java.lang.String.valueOf(RequestedQty)): null

2018-05-28 12:55:51 - [TEST_STEP][PASSED] - setText: Text '10' is set on object 'Object Repository/DispensaryToStore/Page_Store/input_txtqty'

2018-05-28 12:55:52 - [MESSAGE][PASSED] - Text '10' is set on object 'Object Repository/DispensaryToStore/Page_Store/input_txtqty'

2018-05-28 12:55:52 - [TEST_STEP][PASSED] - click: Object: 'Object Repository/DispensaryToStore/Page_Store/button_Add' is clicked on

2018-05-28 12:55:52 - [MESSAGE][PASSED] - Object: 'Object Repository/DispensaryToStore/Page_Store/button_Add' is clicked on

2018-05-28 12:55:52 - [TEST_STEP][PASSED] - Statement - Break: null

2018-05-28 12:55:52 - [TEST_STEP][PASSED] - selectOptionByIndex: All options with index in [20] are selected on object 'Object Repository/DispensaryToStore/Page_Store/select_--Select--Adernaline 0.'

2018-05-28 12:55:52 - [MESSAGE][PASSED] - All options with index in [20] are selected on object 'Object Repository/DispensaryToStore/Page_Store/select_--Select--Adernaline 0.'

2018-05-28 12:55:52 - [TEST_STEP][PASSED] - delay: Delayed 2 second(s)

2018-05-28 12:55:54 - [MESSAGE][PASSED] - Delayed 2 second(s)

2018-05-28 12:55:54 - [TEST_STEP][FAILED] - Statement - RequestedQty = com.kms.katalon.core.webui.keyword.WebUiBuiltInKeywords.getAttribute(com.kms.katalon.core.testobject.ObjectRepository.findTestObject(DispensaryToStore/Page_Store/input_txttotal), "value"): Unable to get attribute 'value' of object 'Object Repository/DispensaryToStore/Page_Store/input_txttotal' (Root cause: org.openqa.selenium.UnhandledAlertException: unexpected alert open: {Alert text : function Error() { [native code] }}
  (Session info: chrome=66.0.3359.181)
  (Driver info: chromedriver=2.35.528161 (5b82f2d2aae0ca24b877009200ced9065a772e73),platform=Windows NT 10.0.17134 x86_64) (WARNING: The server did not provide any stacktrace information)
Command duration or timeout: 0 milliseconds: null
Build info: version: '3.7.1', revision: '8a0099a', time: '2017-11-06T21:07:36.161Z'
System info: host: 'DESKTOP-BLFTK83', ip: '169.254.189.85', os.name: 'Windows 10', os.arch: 'amd64', os.version: '10.0', java.version: '1.8.0_102'
Driver info: com.kms.katalon.selenium.driver.CChromeDriver
Capabilities {acceptInsecureCerts: false, acceptSslCerts: false, applicationCacheEnabled: false, browserConnectionEnabled: false, browserName: chrome, chrome: {chromedriverVersion: 2.35.528161 (5b82f2d2aae0ca..., userDataDir: C:\Users\QUALIT~1\AppData\L...}, cssSelectorsEnabled: true, databaseEnabled: false, handlesAlerts: true, hasTouchScreen: false, javascriptEnabled: true, locationContextEnabled: true, mobileEmulationEnabled: false, nativeEvents: true, networkConnectionEnabled: false, pageLoadStrategy: normal, platform: XP, platformName: XP, rotatable: false, setWindowRect: true, takesHeapSnapshot: true, takesScreenshot: true, unexpectedAlertBehaviour: , unhandledPromptBehavior: , version: 66.0.3359.181, webStorageEnabled: true}
Session ID: b93c32783145024d771550720f47adef
*** Element info: {Using=xpath, value=//input[@type = 'text' and @id = 'txttotal' and @name = 'txttotal' and @placeholder = 'Req.Qty']})

2018-05-28 12:55:54 - [MESSAGE][WARNING] - Cannot take screenshot

2018-05-28 12:55:54 - [MESSAGE][FAILED] - Unable to get attribute 'value' of object 'Object Repository/DispensaryToStore/Page_Store/input_txttotal' (Root cause: org.openqa.selenium.UnhandledAlertException: unexpected alert open: {Alert text : function Error() { [native code] }}
  (Session info: chrome=66.0.3359.181)
  (Driver info: chromedriver=2.35.528161 (5b82f2d2aae0ca24b877009200ced9065a772e73),platform=Windows NT 10.0.17134 x86_64) (WARNING: The server did not provide any stacktrace information)
Command duration or timeout: 0 milliseconds: null
Build info: version: '3.7.1', revision: '8a0099a', time: '2017-11-06T21:07:36.161Z'
System info: host: 'DESKTOP-BLFTK83', ip: '169.254.189.85', os.name: 'Windows 10', os.arch: 'amd64', os.version: '10.0', java.version: '1.8.0_102'
Driver info: com.kms.katalon.selenium.driver.CChromeDriver
Capabilities {acceptInsecureCerts: false, acceptSslCerts: false, applicationCacheEnabled: false, browserConnectionEnabled: false, browserName: chrome, chrome: {chromedriverVersion: 2.35.528161 (5b82f2d2aae0ca..., userDataDir: C:\Users\QUALIT~1\AppData\L...}, cssSelectorsEnabled: true, databaseEnabled: false, handlesAlerts: true, hasTouchScreen: false, javascriptEnabled: true, locationContextEnabled: true, mobileEmulationEnabled: false, nativeEvents: true, networkConnectionEnabled: false, pageLoadStrategy: normal, platform: XP, platformName: XP, rotatable: false, setWindowRect: true, takesHeapSnapshot: true, takesScreenshot: true, unexpectedAlertBehaviour: , unhandledPromptBehavior: , version: 66.0.3359.181, webStorageEnabled: true}
Session ID: b93c32783145024d771550720f47adef
*** Element info: {Using=xpath, value=//input[@type = 'text' and @id = 'txttotal' and @name = 'txttotal' and @placeholder = 'Req.Qty']})]]></system-out>
         <system-err><![CDATA[2018-05-28 12:52:52 - [TEST_CASE][FAILED] - Test Cases/DISPENSARY TEST CASES/TC_DP_009 Verify Schedule 9 Dispensary Request Are Working Successfully Or Not: Test Cases/DISPENSARY TEST CASES/TC_DP_009 Verify Schedule 9 Dispensary Request Are Working Successfully Or Not FAILED because (of) Unable to get attribute 'value' of object 'Object Repository/DispensaryToStore/Page_Store/input_txttotal' (Root cause: org.openqa.selenium.UnhandledAlertException: unexpected alert open: {Alert text : function Error() { [native code] }}
  (Session info: chrome=66.0.3359.181)
  (Driver info: chromedriver=2.35.528161 (5b82f2d2aae0ca24b877009200ced9065a772e73),platform=Windows NT 10.0.17134 x86_64) (WARNING: The server did not provide any stacktrace information)
Command duration or timeout: 0 milliseconds: null
Build info: version: '3.7.1', revision: '8a0099a', time: '2017-11-06T21:07:36.161Z'
System info: host: 'DESKTOP-BLFTK83', ip: '169.254.189.85', os.name: 'Windows 10', os.arch: 'amd64', os.version: '10.0', java.version: '1.8.0_102'
Driver info: com.kms.katalon.selenium.driver.CChromeDriver
Capabilities {acceptInsecureCerts: false, acceptSslCerts: false, applicationCacheEnabled: false, browserConnectionEnabled: false, browserName: chrome, chrome: {chromedriverVersion: 2.35.528161 (5b82f2d2aae0ca..., userDataDir: C:\Users\QUALIT~1\AppData\L...}, cssSelectorsEnabled: true, databaseEnabled: false, handlesAlerts: true, hasTouchScreen: false, javascriptEnabled: true, locationContextEnabled: true, mobileEmulationEnabled: false, nativeEvents: true, networkConnectionEnabled: false, pageLoadStrategy: normal, platform: XP, platformName: XP, rotatable: false, setWindowRect: true, takesHeapSnapshot: true, takesScreenshot: true, unexpectedAlertBehaviour: , unhandledPromptBehavior: , version: 66.0.3359.181, webStorageEnabled: true}
Session ID: b93c32783145024d771550720f47adef
*** Element info: {Using=xpath, value=//input[@type = 'text' and @id = 'txttotal' and @name = 'txttotal' and @placeholder = 'Req.Qty']})]]></system-err>
      </testcase>
      <testcase name="Test Cases/DISPENSARY TEST CASES/TC_DP_010 Verify Schedule 10 Dispensary Request Are Working Successfully Or Not" classname="Test Cases/DISPENSARY TEST CASES/TC_DP_010 Verify Schedule 10 Dispensary Request Are Working Successfully Or Not" status="PASSED">
         <system-out><![CDATA[2018-05-28 12:55:54 - [TEST_CASE][PASSED] - Test Cases/DISPENSARY TEST CASES/TC_DP_010 Verify Schedule 10 Dispensary Request Are Working Successfully Or Not: Test Cases/DISPENSARY TEST CASES/TC_DP_010 Verify Schedule 10 Dispensary Request Are Working Successfully Or Not

2018-05-28 12:55:54 - [TEST_STEP][PASSED] - openBrowser: Browser is opened with url: ''

2018-05-28 12:55:54 - [MESSAGE][WARNING] - A browser is already opened. Closing browser and opening a new one

2018-05-28 12:55:57 - [MESSAGE][PASSED] - Browser is opened with url: ''

2018-05-28 12:55:57 - [TEST_STEP][PASSED] - navigateToUrl: Navigate to 'http://192.168.137.1/multihospital_new/HDSplashscreen.aspx' successfully

2018-05-28 12:56:01 - [MESSAGE][PASSED] - Navigate to 'http://192.168.137.1/multihospital_new/HDSplashscreen.aspx' successfully

2018-05-28 12:56:01 - [TEST_STEP][PASSED] - maximizeWindow: Current window maximized

2018-05-28 12:56:02 - [MESSAGE][PASSED] - Current window maximized

2018-05-28 12:56:02 - [TEST_STEP][PASSED] - click: Object: 'Object Repository/DispensaryToStore/Page_KDMC/a_Dispensary Store' is clicked on

2018-05-28 12:56:02 - [MESSAGE][PASSED] - Object: 'Object Repository/DispensaryToStore/Page_KDMC/a_Dispensary Store' is clicked on

2018-05-28 12:56:02 - [TEST_STEP][PASSED] - setText: Text 'rajaram' is set on object 'Object Repository/DispensaryToStore/Page_Dispensary Store Login/input_txtusername'

2018-05-28 12:56:03 - [MESSAGE][PASSED] - Text 'rajaram' is set on object 'Object Repository/DispensaryToStore/Page_Dispensary Store Login/input_txtusername'

2018-05-28 12:56:03 - [TEST_STEP][PASSED] - setText: Text '123' is set on object 'Object Repository/DispensaryToStore/Page_Dispensary Store Login/input_txtpassword'

2018-05-28 12:56:03 - [MESSAGE][PASSED] - Text '123' is set on object 'Object Repository/DispensaryToStore/Page_Dispensary Store Login/input_txtpassword'

2018-05-28 12:56:03 - [TEST_STEP][PASSED] - delay: Delayed 3 second(s)

2018-05-28 12:56:06 - [MESSAGE][PASSED] - Delayed 3 second(s)

2018-05-28 12:56:06 - [TEST_STEP][PASSED] - sendKeys: Keys 'ENTER + ' sent to object: 'Object Repository/DispensaryToStore/Page_Dispensary Store Login/input_txtpassword'

2018-05-28 12:56:07 - [MESSAGE][PASSED] - Keys 'ENTER + ' sent to object: 'Object Repository/DispensaryToStore/Page_Dispensary Store Login/input_txtpassword'

2018-05-28 12:56:07 - [TEST_STEP][PASSED] - delay: Delayed 3 second(s)

2018-05-28 12:56:10 - [MESSAGE][PASSED] - Delayed 3 second(s)

2018-05-28 12:56:10 - [TEST_STEP][PASSED] - click: Object: 'Object Repository/DispensaryToStore/Page_Dispensary Store/a_Request to Store' is clicked on

2018-05-28 12:56:10 - [MESSAGE][PASSED] - Object: 'Object Repository/DispensaryToStore/Page_Dispensary Store/a_Request to Store' is clicked on

2018-05-28 12:56:10 - [TEST_STEP][PASSED] - click: Object: 'Object Repository/DispensaryToStore/Page_Dispensary Store/a_Medicine Request' is clicked on

2018-05-28 12:56:10 - [MESSAGE][PASSED] - Object: 'Object Repository/DispensaryToStore/Page_Dispensary Store/a_Medicine Request' is clicked on

2018-05-28 12:56:10 - [TEST_STEP][PASSED] - selectOptionByIndex: All options with index in [10] are selected on object 'Object Repository/DispensaryToStore/Page_Dispensary Store/select_--Select--Schedule 1Inj'

2018-05-28 12:56:11 - [MESSAGE][PASSED] - All options with index in [10] are selected on object 'Object Repository/DispensaryToStore/Page_Dispensary Store/select_--Select--Schedule 1Inj'

2018-05-28 12:56:11 - [TEST_STEP][PASSED] - Statement - medicineslength = com.kms.katalon.core.webui.keyword.WebUiBuiltInKeywords.getNumberOfTotalOption(com.kms.katalon.core.testobject.ObjectRepository.findTestObject(DispensaryToStore/Page_Dispensary Store/select_--Select--Adernaline 0.)): 19 options of object 'Object Repository/DispensaryToStore/Page_Dispensary Store/select_--Select--Adernaline 0.' counted

2018-05-28 12:56:11 - [MESSAGE][PASSED] - 19 options of object 'Object Repository/DispensaryToStore/Page_Dispensary Store/select_--Select--Adernaline 0.' counted

2018-05-28 12:56:11 - [TEST_STEP][PASSED] - Statement - For ([e = 1, e <= medicineslength - 1, (e++)]): Object: 'Object Repository/DispensaryToStore/Page_Dispensary Store/button_Add' is clicked on

2018-05-28 12:56:11 - [TEST_STEP][PASSED] - selectOptionByIndex: All options with index in [10] are selected on object 'Object Repository/DispensaryToStore/Page_Dispensary Store/select_--Select--Schedule 1Inj'

2018-05-28 12:56:11 - [MESSAGE][PASSED] - All options with index in [10] are selected on object 'Object Repository/DispensaryToStore/Page_Dispensary Store/select_--Select--Schedule 1Inj'

2018-05-28 12:56:11 - [TEST_STEP][PASSED] - selectOptionByIndex: All options with index in [1] are selected on object 'Object Repository/DispensaryToStore/Page_Dispensary Store/select_--Select--Adernaline 0.'

2018-05-28 12:56:11 - [MESSAGE][PASSED] - All options with index in [1] are selected on object 'Object Repository/DispensaryToStore/Page_Dispensary Store/select_--Select--Adernaline 0.'

2018-05-28 12:56:11 - [TEST_STEP][PASSED] - setText: Text '10' is set on object 'Object Repository/DispensaryToStore/Page_Dispensary Store/input_txttreat'

2018-05-28 12:56:11 - [MESSAGE][PASSED] - Text '10' is set on object 'Object Repository/DispensaryToStore/Page_Dispensary Store/input_txttreat'

2018-05-28 12:56:11 - [TEST_STEP][PASSED] - click: Object: 'Object Repository/DispensaryToStore/Page_Dispensary Store/button_Add' is clicked on

2018-05-28 12:56:11 - [MESSAGE][PASSED] - Object: 'Object Repository/DispensaryToStore/Page_Dispensary Store/button_Add' is clicked on

2018-05-28 12:56:11 - [TEST_STEP][PASSED] - selectOptionByIndex: All options with index in [10] are selected on object 'Object Repository/DispensaryToStore/Page_Dispensary Store/select_--Select--Schedule 1Inj'

2018-05-28 12:56:12 - [MESSAGE][PASSED] - All options with index in [10] are selected on object 'Object Repository/DispensaryToStore/Page_Dispensary Store/select_--Select--Schedule 1Inj'

2018-05-28 12:56:12 - [TEST_STEP][PASSED] - selectOptionByIndex: All options with index in [2] are selected on object 'Object Repository/DispensaryToStore/Page_Dispensary Store/select_--Select--Adernaline 0.'

2018-05-28 12:56:12 - [MESSAGE][PASSED] - All options with index in [2] are selected on object 'Object Repository/DispensaryToStore/Page_Dispensary Store/select_--Select--Adernaline 0.'

2018-05-28 12:56:12 - [TEST_STEP][PASSED] - setText: Text '10' is set on object 'Object Repository/DispensaryToStore/Page_Dispensary Store/input_txttreat'

2018-05-28 12:56:12 - [MESSAGE][PASSED] - Text '10' is set on object 'Object Repository/DispensaryToStore/Page_Dispensary Store/input_txttreat'

2018-05-28 12:56:12 - [TEST_STEP][PASSED] - click: Object: 'Object Repository/DispensaryToStore/Page_Dispensary Store/button_Add' is clicked on

2018-05-28 12:56:12 - [MESSAGE][PASSED] - Object: 'Object Repository/DispensaryToStore/Page_Dispensary Store/button_Add' is clicked on

2018-05-28 12:56:12 - [TEST_STEP][PASSED] - selectOptionByIndex: All options with index in [10] are selected on object 'Object Repository/DispensaryToStore/Page_Dispensary Store/select_--Select--Schedule 1Inj'

2018-05-28 12:56:12 - [MESSAGE][PASSED] - All options with index in [10] are selected on object 'Object Repository/DispensaryToStore/Page_Dispensary Store/select_--Select--Schedule 1Inj'

2018-05-28 12:56:12 - [TEST_STEP][PASSED] - selectOptionByIndex: All options with index in [3] are selected on object 'Object Repository/DispensaryToStore/Page_Dispensary Store/select_--Select--Adernaline 0.'

2018-05-28 12:56:12 - [MESSAGE][PASSED] - All options with index in [3] are selected on object 'Object Repository/DispensaryToStore/Page_Dispensary Store/select_--Select--Adernaline 0.'

2018-05-28 12:56:12 - [TEST_STEP][PASSED] - setText: Text '10' is set on object 'Object Repository/DispensaryToStore/Page_Dispensary Store/input_txttreat'

2018-05-28 12:56:12 - [MESSAGE][PASSED] - Text '10' is set on object 'Object Repository/DispensaryToStore/Page_Dispensary Store/input_txttreat'

2018-05-28 12:56:12 - [TEST_STEP][PASSED] - click: Object: 'Object Repository/DispensaryToStore/Page_Dispensary Store/button_Add' is clicked on

2018-05-28 12:56:12 - [MESSAGE][PASSED] - Object: 'Object Repository/DispensaryToStore/Page_Dispensary Store/button_Add' is clicked on

2018-05-28 12:56:12 - [TEST_STEP][PASSED] - selectOptionByIndex: All options with index in [10] are selected on object 'Object Repository/DispensaryToStore/Page_Dispensary Store/select_--Select--Schedule 1Inj'

2018-05-28 12:56:12 - [MESSAGE][PASSED] - All options with index in [10] are selected on object 'Object Repository/DispensaryToStore/Page_Dispensary Store/select_--Select--Schedule 1Inj'

2018-05-28 12:56:12 - [TEST_STEP][PASSED] - selectOptionByIndex: All options with index in [4] are selected on object 'Object Repository/DispensaryToStore/Page_Dispensary Store/select_--Select--Adernaline 0.'

2018-05-28 12:56:13 - [MESSAGE][PASSED] - All options with index in [4] are selected on object 'Object Repository/DispensaryToStore/Page_Dispensary Store/select_--Select--Adernaline 0.'

2018-05-28 12:56:13 - [TEST_STEP][PASSED] - setText: Text '10' is set on object 'Object Repository/DispensaryToStore/Page_Dispensary Store/input_txttreat'

2018-05-28 12:56:13 - [MESSAGE][PASSED] - Text '10' is set on object 'Object Repository/DispensaryToStore/Page_Dispensary Store/input_txttreat'

2018-05-28 12:56:13 - [TEST_STEP][PASSED] - click: Object: 'Object Repository/DispensaryToStore/Page_Dispensary Store/button_Add' is clicked on

2018-05-28 12:56:13 - [MESSAGE][PASSED] - Object: 'Object Repository/DispensaryToStore/Page_Dispensary Store/button_Add' is clicked on

2018-05-28 12:56:13 - [TEST_STEP][PASSED] - selectOptionByIndex: All options with index in [10] are selected on object 'Object Repository/DispensaryToStore/Page_Dispensary Store/select_--Select--Schedule 1Inj'

2018-05-28 12:56:13 - [MESSAGE][PASSED] - All options with index in [10] are selected on object 'Object Repository/DispensaryToStore/Page_Dispensary Store/select_--Select--Schedule 1Inj'

2018-05-28 12:56:13 - [TEST_STEP][PASSED] - selectOptionByIndex: All options with index in [5] are selected on object 'Object Repository/DispensaryToStore/Page_Dispensary Store/select_--Select--Adernaline 0.'

2018-05-28 12:56:13 - [MESSAGE][PASSED] - All options with index in [5] are selected on object 'Object Repository/DispensaryToStore/Page_Dispensary Store/select_--Select--Adernaline 0.'

2018-05-28 12:56:13 - [TEST_STEP][PASSED] - setText: Text '10' is set on object 'Object Repository/DispensaryToStore/Page_Dispensary Store/input_txttreat'

2018-05-28 12:56:13 - [MESSAGE][PASSED] - Text '10' is set on object 'Object Repository/DispensaryToStore/Page_Dispensary Store/input_txttreat'

2018-05-28 12:56:13 - [TEST_STEP][PASSED] - click: Object: 'Object Repository/DispensaryToStore/Page_Dispensary Store/button_Add' is clicked on

2018-05-28 12:56:13 - [MESSAGE][PASSED] - Object: 'Object Repository/DispensaryToStore/Page_Dispensary Store/button_Add' is clicked on

2018-05-28 12:56:13 - [TEST_STEP][PASSED] - selectOptionByIndex: All options with index in [10] are selected on object 'Object Repository/DispensaryToStore/Page_Dispensary Store/select_--Select--Schedule 1Inj'

2018-05-28 12:56:13 - [MESSAGE][PASSED] - All options with index in [10] are selected on object 'Object Repository/DispensaryToStore/Page_Dispensary Store/select_--Select--Schedule 1Inj'

2018-05-28 12:56:13 - [TEST_STEP][PASSED] - selectOptionByIndex: All options with index in [6] are selected on object 'Object Repository/DispensaryToStore/Page_Dispensary Store/select_--Select--Adernaline 0.'

2018-05-28 12:56:14 - [MESSAGE][PASSED] - All options with index in [6] are selected on object 'Object Repository/DispensaryToStore/Page_Dispensary Store/select_--Select--Adernaline 0.'

2018-05-28 12:56:14 - [TEST_STEP][PASSED] - setText: Text '10' is set on object 'Object Repository/DispensaryToStore/Page_Dispensary Store/input_txttreat'

2018-05-28 12:56:14 - [MESSAGE][PASSED] - Text '10' is set on object 'Object Repository/DispensaryToStore/Page_Dispensary Store/input_txttreat'

2018-05-28 12:56:14 - [TEST_STEP][PASSED] - click: Object: 'Object Repository/DispensaryToStore/Page_Dispensary Store/button_Add' is clicked on

2018-05-28 12:56:14 - [MESSAGE][PASSED] - Object: 'Object Repository/DispensaryToStore/Page_Dispensary Store/button_Add' is clicked on

2018-05-28 12:56:14 - [TEST_STEP][PASSED] - selectOptionByIndex: All options with index in [10] are selected on object 'Object Repository/DispensaryToStore/Page_Dispensary Store/select_--Select--Schedule 1Inj'

2018-05-28 12:56:14 - [MESSAGE][PASSED] - All options with index in [10] are selected on object 'Object Repository/DispensaryToStore/Page_Dispensary Store/select_--Select--Schedule 1Inj'

2018-05-28 12:56:14 - [TEST_STEP][PASSED] - selectOptionByIndex: All options with index in [7] are selected on object 'Object Repository/DispensaryToStore/Page_Dispensary Store/select_--Select--Adernaline 0.'

2018-05-28 12:56:14 - [MESSAGE][PASSED] - All options with index in [7] are selected on object 'Object Repository/DispensaryToStore/Page_Dispensary Store/select_--Select--Adernaline 0.'

2018-05-28 12:56:14 - [TEST_STEP][PASSED] - setText: Text '10' is set on object 'Object Repository/DispensaryToStore/Page_Dispensary Store/input_txttreat'

2018-05-28 12:56:14 - [MESSAGE][PASSED] - Text '10' is set on object 'Object Repository/DispensaryToStore/Page_Dispensary Store/input_txttreat'

2018-05-28 12:56:14 - [TEST_STEP][PASSED] - click: Object: 'Object Repository/DispensaryToStore/Page_Dispensary Store/button_Add' is clicked on

2018-05-28 12:56:14 - [MESSAGE][PASSED] - Object: 'Object Repository/DispensaryToStore/Page_Dispensary Store/button_Add' is clicked on

2018-05-28 12:56:14 - [TEST_STEP][PASSED] - selectOptionByIndex: All options with index in [10] are selected on object 'Object Repository/DispensaryToStore/Page_Dispensary Store/select_--Select--Schedule 1Inj'

2018-05-28 12:56:15 - [MESSAGE][PASSED] - All options with index in [10] are selected on object 'Object Repository/DispensaryToStore/Page_Dispensary Store/select_--Select--Schedule 1Inj'

2018-05-28 12:56:15 - [TEST_STEP][PASSED] - selectOptionByIndex: All options with index in [8] are selected on object 'Object Repository/DispensaryToStore/Page_Dispensary Store/select_--Select--Adernaline 0.'

2018-05-28 12:56:15 - [MESSAGE][PASSED] - All options with index in [8] are selected on object 'Object Repository/DispensaryToStore/Page_Dispensary Store/select_--Select--Adernaline 0.'

2018-05-28 12:56:15 - [TEST_STEP][PASSED] - setText: Text '10' is set on object 'Object Repository/DispensaryToStore/Page_Dispensary Store/input_txttreat'

2018-05-28 12:56:15 - [MESSAGE][PASSED] - Text '10' is set on object 'Object Repository/DispensaryToStore/Page_Dispensary Store/input_txttreat'

2018-05-28 12:56:15 - [TEST_STEP][PASSED] - click: Object: 'Object Repository/DispensaryToStore/Page_Dispensary Store/button_Add' is clicked on

2018-05-28 12:56:15 - [MESSAGE][PASSED] - Object: 'Object Repository/DispensaryToStore/Page_Dispensary Store/button_Add' is clicked on

2018-05-28 12:56:15 - [TEST_STEP][PASSED] - selectOptionByIndex: All options with index in [10] are selected on object 'Object Repository/DispensaryToStore/Page_Dispensary Store/select_--Select--Schedule 1Inj'

2018-05-28 12:56:15 - [MESSAGE][PASSED] - All options with index in [10] are selected on object 'Object Repository/DispensaryToStore/Page_Dispensary Store/select_--Select--Schedule 1Inj'

2018-05-28 12:56:15 - [TEST_STEP][PASSED] - selectOptionByIndex: All options with index in [9] are selected on object 'Object Repository/DispensaryToStore/Page_Dispensary Store/select_--Select--Adernaline 0.'

2018-05-28 12:56:15 - [MESSAGE][PASSED] - All options with index in [9] are selected on object 'Object Repository/DispensaryToStore/Page_Dispensary Store/select_--Select--Adernaline 0.'

2018-05-28 12:56:15 - [TEST_STEP][PASSED] - setText: Text '10' is set on object 'Object Repository/DispensaryToStore/Page_Dispensary Store/input_txttreat'

2018-05-28 12:56:15 - [MESSAGE][PASSED] - Text '10' is set on object 'Object Repository/DispensaryToStore/Page_Dispensary Store/input_txttreat'

2018-05-28 12:56:15 - [TEST_STEP][PASSED] - click: Object: 'Object Repository/DispensaryToStore/Page_Dispensary Store/button_Add' is clicked on

2018-05-28 12:56:15 - [MESSAGE][PASSED] - Object: 'Object Repository/DispensaryToStore/Page_Dispensary Store/button_Add' is clicked on

2018-05-28 12:56:15 - [TEST_STEP][PASSED] - selectOptionByIndex: All options with index in [10] are selected on object 'Object Repository/DispensaryToStore/Page_Dispensary Store/select_--Select--Schedule 1Inj'

2018-05-28 12:56:16 - [MESSAGE][PASSED] - All options with index in [10] are selected on object 'Object Repository/DispensaryToStore/Page_Dispensary Store/select_--Select--Schedule 1Inj'

2018-05-28 12:56:16 - [TEST_STEP][PASSED] - selectOptionByIndex: All options with index in [10] are selected on object 'Object Repository/DispensaryToStore/Page_Dispensary Store/select_--Select--Adernaline 0.'

2018-05-28 12:56:16 - [MESSAGE][PASSED] - All options with index in [10] are selected on object 'Object Repository/DispensaryToStore/Page_Dispensary Store/select_--Select--Adernaline 0.'

2018-05-28 12:56:16 - [TEST_STEP][PASSED] - setText: Text '10' is set on object 'Object Repository/DispensaryToStore/Page_Dispensary Store/input_txttreat'

2018-05-28 12:56:16 - [MESSAGE][PASSED] - Text '10' is set on object 'Object Repository/DispensaryToStore/Page_Dispensary Store/input_txttreat'

2018-05-28 12:56:16 - [TEST_STEP][PASSED] - click: Object: 'Object Repository/DispensaryToStore/Page_Dispensary Store/button_Add' is clicked on

2018-05-28 12:56:16 - [MESSAGE][PASSED] - Object: 'Object Repository/DispensaryToStore/Page_Dispensary Store/button_Add' is clicked on

2018-05-28 12:56:16 - [TEST_STEP][PASSED] - selectOptionByIndex: All options with index in [10] are selected on object 'Object Repository/DispensaryToStore/Page_Dispensary Store/select_--Select--Schedule 1Inj'

2018-05-28 12:56:16 - [MESSAGE][PASSED] - All options with index in [10] are selected on object 'Object Repository/DispensaryToStore/Page_Dispensary Store/select_--Select--Schedule 1Inj'

2018-05-28 12:56:16 - [TEST_STEP][PASSED] - selectOptionByIndex: All options with index in [11] are selected on object 'Object Repository/DispensaryToStore/Page_Dispensary Store/select_--Select--Adernaline 0.'

2018-05-28 12:56:16 - [MESSAGE][PASSED] - All options with index in [11] are selected on object 'Object Repository/DispensaryToStore/Page_Dispensary Store/select_--Select--Adernaline 0.'

2018-05-28 12:56:16 - [TEST_STEP][PASSED] - setText: Text '10' is set on object 'Object Repository/DispensaryToStore/Page_Dispensary Store/input_txttreat'

2018-05-28 12:56:17 - [MESSAGE][PASSED] - Text '10' is set on object 'Object Repository/DispensaryToStore/Page_Dispensary Store/input_txttreat'

2018-05-28 12:56:17 - [TEST_STEP][PASSED] - click: Object: 'Object Repository/DispensaryToStore/Page_Dispensary Store/button_Add' is clicked on

2018-05-28 12:56:17 - [MESSAGE][PASSED] - Object: 'Object Repository/DispensaryToStore/Page_Dispensary Store/button_Add' is clicked on

2018-05-28 12:56:17 - [TEST_STEP][PASSED] - selectOptionByIndex: All options with index in [10] are selected on object 'Object Repository/DispensaryToStore/Page_Dispensary Store/select_--Select--Schedule 1Inj'

2018-05-28 12:56:17 - [MESSAGE][PASSED] - All options with index in [10] are selected on object 'Object Repository/DispensaryToStore/Page_Dispensary Store/select_--Select--Schedule 1Inj'

2018-05-28 12:56:17 - [TEST_STEP][PASSED] - selectOptionByIndex: All options with index in [12] are selected on object 'Object Repository/DispensaryToStore/Page_Dispensary Store/select_--Select--Adernaline 0.'

2018-05-28 12:56:17 - [MESSAGE][PASSED] - All options with index in [12] are selected on object 'Object Repository/DispensaryToStore/Page_Dispensary Store/select_--Select--Adernaline 0.'

2018-05-28 12:56:17 - [TEST_STEP][PASSED] - setText: Text '10' is set on object 'Object Repository/DispensaryToStore/Page_Dispensary Store/input_txttreat'

2018-05-28 12:56:17 - [MESSAGE][PASSED] - Text '10' is set on object 'Object Repository/DispensaryToStore/Page_Dispensary Store/input_txttreat'

2018-05-28 12:56:17 - [TEST_STEP][PASSED] - click: Object: 'Object Repository/DispensaryToStore/Page_Dispensary Store/button_Add' is clicked on

2018-05-28 12:56:17 - [MESSAGE][PASSED] - Object: 'Object Repository/DispensaryToStore/Page_Dispensary Store/button_Add' is clicked on

2018-05-28 12:56:17 - [TEST_STEP][PASSED] - selectOptionByIndex: All options with index in [10] are selected on object 'Object Repository/DispensaryToStore/Page_Dispensary Store/select_--Select--Schedule 1Inj'

2018-05-28 12:56:17 - [MESSAGE][PASSED] - All options with index in [10] are selected on object 'Object Repository/DispensaryToStore/Page_Dispensary Store/select_--Select--Schedule 1Inj'

2018-05-28 12:56:17 - [TEST_STEP][PASSED] - selectOptionByIndex: All options with index in [13] are selected on object 'Object Repository/DispensaryToStore/Page_Dispensary Store/select_--Select--Adernaline 0.'

2018-05-28 12:56:18 - [MESSAGE][PASSED] - All options with index in [13] are selected on object 'Object Repository/DispensaryToStore/Page_Dispensary Store/select_--Select--Adernaline 0.'

2018-05-28 12:56:18 - [TEST_STEP][PASSED] - setText: Text '10' is set on object 'Object Repository/DispensaryToStore/Page_Dispensary Store/input_txttreat'

2018-05-28 12:56:18 - [MESSAGE][PASSED] - Text '10' is set on object 'Object Repository/DispensaryToStore/Page_Dispensary Store/input_txttreat'

2018-05-28 12:56:18 - [TEST_STEP][PASSED] - click: Object: 'Object Repository/DispensaryToStore/Page_Dispensary Store/button_Add' is clicked on

2018-05-28 12:56:18 - [MESSAGE][PASSED] - Object: 'Object Repository/DispensaryToStore/Page_Dispensary Store/button_Add' is clicked on

2018-05-28 12:56:18 - [TEST_STEP][PASSED] - selectOptionByIndex: All options with index in [10] are selected on object 'Object Repository/DispensaryToStore/Page_Dispensary Store/select_--Select--Schedule 1Inj'

2018-05-28 12:56:18 - [MESSAGE][PASSED] - All options with index in [10] are selected on object 'Object Repository/DispensaryToStore/Page_Dispensary Store/select_--Select--Schedule 1Inj'

2018-05-28 12:56:18 - [TEST_STEP][PASSED] - selectOptionByIndex: All options with index in [14] are selected on object 'Object Repository/DispensaryToStore/Page_Dispensary Store/select_--Select--Adernaline 0.'

2018-05-28 12:56:18 - [MESSAGE][PASSED] - All options with index in [14] are selected on object 'Object Repository/DispensaryToStore/Page_Dispensary Store/select_--Select--Adernaline 0.'

2018-05-28 12:56:18 - [TEST_STEP][PASSED] - setText: Text '10' is set on object 'Object Repository/DispensaryToStore/Page_Dispensary Store/input_txttreat'

2018-05-28 12:56:18 - [MESSAGE][PASSED] - Text '10' is set on object 'Object Repository/DispensaryToStore/Page_Dispensary Store/input_txttreat'

2018-05-28 12:56:18 - [TEST_STEP][PASSED] - click: Object: 'Object Repository/DispensaryToStore/Page_Dispensary Store/button_Add' is clicked on

2018-05-28 12:56:18 - [MESSAGE][PASSED] - Object: 'Object Repository/DispensaryToStore/Page_Dispensary Store/button_Add' is clicked on

2018-05-28 12:56:18 - [TEST_STEP][PASSED] - selectOptionByIndex: All options with index in [10] are selected on object 'Object Repository/DispensaryToStore/Page_Dispensary Store/select_--Select--Schedule 1Inj'

2018-05-28 12:56:19 - [MESSAGE][PASSED] - All options with index in [10] are selected on object 'Object Repository/DispensaryToStore/Page_Dispensary Store/select_--Select--Schedule 1Inj'

2018-05-28 12:56:19 - [TEST_STEP][PASSED] - selectOptionByIndex: All options with index in [15] are selected on object 'Object Repository/DispensaryToStore/Page_Dispensary Store/select_--Select--Adernaline 0.'

2018-05-28 12:56:19 - [MESSAGE][PASSED] - All options with index in [15] are selected on object 'Object Repository/DispensaryToStore/Page_Dispensary Store/select_--Select--Adernaline 0.'

2018-05-28 12:56:19 - [TEST_STEP][PASSED] - setText: Text '10' is set on object 'Object Repository/DispensaryToStore/Page_Dispensary Store/input_txttreat'

2018-05-28 12:56:19 - [MESSAGE][PASSED] - Text '10' is set on object 'Object Repository/DispensaryToStore/Page_Dispensary Store/input_txttreat'

2018-05-28 12:56:19 - [TEST_STEP][PASSED] - click: Object: 'Object Repository/DispensaryToStore/Page_Dispensary Store/button_Add' is clicked on

2018-05-28 12:56:19 - [MESSAGE][PASSED] - Object: 'Object Repository/DispensaryToStore/Page_Dispensary Store/button_Add' is clicked on

2018-05-28 12:56:19 - [TEST_STEP][PASSED] - selectOptionByIndex: All options with index in [10] are selected on object 'Object Repository/DispensaryToStore/Page_Dispensary Store/select_--Select--Schedule 1Inj'

2018-05-28 12:56:19 - [MESSAGE][PASSED] - All options with index in [10] are selected on object 'Object Repository/DispensaryToStore/Page_Dispensary Store/select_--Select--Schedule 1Inj'

2018-05-28 12:56:19 - [TEST_STEP][PASSED] - selectOptionByIndex: All options with index in [16] are selected on object 'Object Repository/DispensaryToStore/Page_Dispensary Store/select_--Select--Adernaline 0.'

2018-05-28 12:56:20 - [MESSAGE][PASSED] - All options with index in [16] are selected on object 'Object Repository/DispensaryToStore/Page_Dispensary Store/select_--Select--Adernaline 0.'

2018-05-28 12:56:20 - [TEST_STEP][PASSED] - setText: Text '10' is set on object 'Object Repository/DispensaryToStore/Page_Dispensary Store/input_txttreat'

2018-05-28 12:56:20 - [MESSAGE][PASSED] - Text '10' is set on object 'Object Repository/DispensaryToStore/Page_Dispensary Store/input_txttreat'

2018-05-28 12:56:20 - [TEST_STEP][PASSED] - click: Object: 'Object Repository/DispensaryToStore/Page_Dispensary Store/button_Add' is clicked on

2018-05-28 12:56:20 - [MESSAGE][PASSED] - Object: 'Object Repository/DispensaryToStore/Page_Dispensary Store/button_Add' is clicked on

2018-05-28 12:56:20 - [TEST_STEP][PASSED] - selectOptionByIndex: All options with index in [10] are selected on object 'Object Repository/DispensaryToStore/Page_Dispensary Store/select_--Select--Schedule 1Inj'

2018-05-28 12:56:20 - [MESSAGE][PASSED] - All options with index in [10] are selected on object 'Object Repository/DispensaryToStore/Page_Dispensary Store/select_--Select--Schedule 1Inj'

2018-05-28 12:56:20 - [TEST_STEP][PASSED] - selectOptionByIndex: All options with index in [17] are selected on object 'Object Repository/DispensaryToStore/Page_Dispensary Store/select_--Select--Adernaline 0.'

2018-05-28 12:56:20 - [MESSAGE][PASSED] - All options with index in [17] are selected on object 'Object Repository/DispensaryToStore/Page_Dispensary Store/select_--Select--Adernaline 0.'

2018-05-28 12:56:20 - [TEST_STEP][PASSED] - setText: Text '10' is set on object 'Object Repository/DispensaryToStore/Page_Dispensary Store/input_txttreat'

2018-05-28 12:56:20 - [MESSAGE][PASSED] - Text '10' is set on object 'Object Repository/DispensaryToStore/Page_Dispensary Store/input_txttreat'

2018-05-28 12:56:20 - [TEST_STEP][PASSED] - click: Object: 'Object Repository/DispensaryToStore/Page_Dispensary Store/button_Add' is clicked on

2018-05-28 12:56:20 - [MESSAGE][PASSED] - Object: 'Object Repository/DispensaryToStore/Page_Dispensary Store/button_Add' is clicked on

2018-05-28 12:56:20 - [TEST_STEP][PASSED] - selectOptionByIndex: All options with index in [10] are selected on object 'Object Repository/DispensaryToStore/Page_Dispensary Store/select_--Select--Schedule 1Inj'

2018-05-28 12:56:21 - [MESSAGE][PASSED] - All options with index in [10] are selected on object 'Object Repository/DispensaryToStore/Page_Dispensary Store/select_--Select--Schedule 1Inj'

2018-05-28 12:56:21 - [TEST_STEP][PASSED] - selectOptionByIndex: All options with index in [18] are selected on object 'Object Repository/DispensaryToStore/Page_Dispensary Store/select_--Select--Adernaline 0.'

2018-05-28 12:56:21 - [MESSAGE][PASSED] - All options with index in [18] are selected on object 'Object Repository/DispensaryToStore/Page_Dispensary Store/select_--Select--Adernaline 0.'

2018-05-28 12:56:21 - [TEST_STEP][PASSED] - setText: Text '10' is set on object 'Object Repository/DispensaryToStore/Page_Dispensary Store/input_txttreat'

2018-05-28 12:56:21 - [MESSAGE][PASSED] - Text '10' is set on object 'Object Repository/DispensaryToStore/Page_Dispensary Store/input_txttreat'

2018-05-28 12:56:21 - [TEST_STEP][PASSED] - click: Object: 'Object Repository/DispensaryToStore/Page_Dispensary Store/button_Add' is clicked on

2018-05-28 12:56:21 - [MESSAGE][PASSED] - Object: 'Object Repository/DispensaryToStore/Page_Dispensary Store/button_Add' is clicked on

2018-05-28 12:56:21 - [TEST_STEP][PASSED] - scrollToElement: Scroll to object 'Object Repository/DispensaryToStore/Page_Dispensary Store/input_btnsave' successfully

2018-05-28 12:56:21 - [MESSAGE][PASSED] - Scroll to object 'Object Repository/DispensaryToStore/Page_Dispensary Store/input_btnsave' successfully

2018-05-28 12:56:21 - [TEST_STEP][PASSED] - click: Object: 'Object Repository/DispensaryToStore/Page_Dispensary Store/input_btnsave' is clicked on

2018-05-28 12:56:21 - [MESSAGE][PASSED] - Object: 'Object Repository/DispensaryToStore/Page_Dispensary Store/input_btnsave' is clicked on

2018-05-28 12:56:21 - [TEST_STEP][PASSED] - delay: Delayed 3 second(s)

2018-05-28 12:56:24 - [MESSAGE][PASSED] - Delayed 3 second(s)

2018-05-28 12:56:24 - [TEST_STEP][PASSED] - Statement - RN1 = com.kms.katalon.core.webui.keyword.WebUiBuiltInKeywords.getText(com.kms.katalon.core.testobject.ObjectRepository.findTestObject(DispensaryToStore/Page_Dispensary Store/font_HPRNO180520187)): Text of object 'Object Repository/DispensaryToStore/Page_Dispensary Store/font_HPRNO180520187' is: 'DPRNO/28052018/129'

2018-05-28 12:56:24 - [MESSAGE][PASSED] - Text of object 'Object Repository/DispensaryToStore/Page_Dispensary Store/font_HPRNO180520187' is: 'DPRNO/28052018/129'

2018-05-28 12:56:24 - [TEST_STEP][PASSED] - Statement - out.println(RN1): null

2018-05-28 12:56:24 - [TEST_STEP][PASSED] - Statement - RID = RN1.split("/")[2]: null

2018-05-28 12:56:24 - [TEST_STEP][PASSED] - click: Object: 'Object Repository/DispensaryToStore/Page_Dispensary Store/button_OK' is clicked on

2018-05-28 12:56:25 - [MESSAGE][PASSED] - Object: 'Object Repository/DispensaryToStore/Page_Dispensary Store/button_OK' is clicked on

2018-05-28 12:56:25 - [TEST_STEP][PASSED] - delay: Delayed 3 second(s)

2018-05-28 12:56:28 - [MESSAGE][PASSED] - Delayed 3 second(s)

2018-05-28 12:56:28 - [TEST_STEP][PASSED] - click: Object: 'Object Repository/DispensaryToStore/Page_Dispensary Store/a_dropdown-toggle' is clicked on

2018-05-28 12:56:28 - [MESSAGE][PASSED] - Object: 'Object Repository/DispensaryToStore/Page_Dispensary Store/a_dropdown-toggle' is clicked on

2018-05-28 12:56:28 - [TEST_STEP][PASSED] - click: Object: 'Object Repository/DispensaryToStore/Page_Dispensary Store/a_Sign out' is clicked on

2018-05-28 12:56:29 - [MESSAGE][PASSED] - Object: 'Object Repository/DispensaryToStore/Page_Dispensary Store/a_Sign out' is clicked on

2018-05-28 12:56:29 - [TEST_STEP][PASSED] - delay: Delayed 3 second(s)

2018-05-28 12:56:32 - [MESSAGE][PASSED] - Delayed 3 second(s)

2018-05-28 12:56:32 - [TEST_STEP][PASSED] - navigateToUrl: Navigate to 'http://192.168.137.1/multihospital_new/' successfully

2018-05-28 12:56:33 - [MESSAGE][PASSED] - Navigate to 'http://192.168.137.1/multihospital_new/' successfully

2018-05-28 12:56:33 - [TEST_STEP][PASSED] - click: Object: 'Object Repository/DispensaryToStore/Page_KDMC/a_CMO' is clicked on

2018-05-28 12:56:33 - [MESSAGE][PASSED] - Object: 'Object Repository/DispensaryToStore/Page_KDMC/a_CMO' is clicked on

2018-05-28 12:56:33 - [TEST_STEP][PASSED] - setText: Text 'guru' is set on object 'Object Repository/DispensaryToStore/Page_CMO login/input_txtusername'

2018-05-28 12:56:33 - [MESSAGE][PASSED] - Text 'guru' is set on object 'Object Repository/DispensaryToStore/Page_CMO login/input_txtusername'

2018-05-28 12:56:33 - [TEST_STEP][PASSED] - setText: Text '123' is set on object 'Object Repository/DispensaryToStore/Page_CMO login/input_txtpassword'

2018-05-28 12:56:34 - [MESSAGE][PASSED] - Text '123' is set on object 'Object Repository/DispensaryToStore/Page_CMO login/input_txtpassword'

2018-05-28 12:56:34 - [TEST_STEP][PASSED] - delay: Delayed 3 second(s)

2018-05-28 12:56:37 - [MESSAGE][PASSED] - Delayed 3 second(s)

2018-05-28 12:56:37 - [TEST_STEP][PASSED] - click: Object: 'Object Repository/DispensaryToStore/Page_CMO login/button_Sign in' is clicked on

2018-05-28 12:56:38 - [MESSAGE][PASSED] - Object: 'Object Repository/DispensaryToStore/Page_CMO login/button_Sign in' is clicked on

2018-05-28 12:56:38 - [TEST_STEP][PASSED] - click: Object: 'Object Repository/DispensaryToStore/Page_KDMC - CMO/a_Department Wise Request' is clicked on

2018-05-28 12:56:40 - [MESSAGE][PASSED] - Object: 'Object Repository/DispensaryToStore/Page_KDMC - CMO/a_Department Wise Request' is clicked on

2018-05-28 12:56:40 - [TEST_STEP][PASSED] - delay: Delayed 2 second(s)

2018-05-28 12:56:42 - [MESSAGE][PASSED] - Delayed 2 second(s)

2018-05-28 12:56:42 - [TEST_STEP][PASSED] - selectOptionByIndex: All options with index in [6] are selected on object 'Object Repository/DispensaryToStore/Page_KDMC - CMO/select_--ALL--'

2018-05-28 12:56:42 - [MESSAGE][PASSED] - All options with index in [6] are selected on object 'Object Repository/DispensaryToStore/Page_KDMC - CMO/select_--ALL--'

2018-05-28 12:56:42 - [TEST_STEP][PASSED] - click: Object: 'Object Repository/DispensaryToStore/Page_KDMC - CMO/input_btnsearch' is clicked on

2018-05-28 12:56:42 - [MESSAGE][PASSED] - Object: 'Object Repository/DispensaryToStore/Page_KDMC - CMO/input_btnsearch' is clicked on

2018-05-28 12:56:42 - [TEST_STEP][PASSED] - selectOptionByIndex: All options with index in [1] are selected on object 'Object Repository/DispensaryToStore/Page_KDMC - CMO/select_--ALL--                _1'

2018-05-28 12:56:42 - [MESSAGE][PASSED] - All options with index in [1] are selected on object 'Object Repository/DispensaryToStore/Page_KDMC - CMO/select_--ALL--                _1'

2018-05-28 12:56:42 - [TEST_STEP][PASSED] - click: Object: 'Object Repository/DispensaryToStore/Page_KDMC - CMO/input_btnsearch' is clicked on

2018-05-28 12:56:43 - [MESSAGE][PASSED] - Object: 'Object Repository/DispensaryToStore/Page_KDMC - CMO/input_btnsearch' is clicked on

2018-05-28 12:56:43 - [TEST_STEP][PASSED] - Statement - ID = com.kms.katalon.core.webui.keyword.WebUiBuiltInKeywords.modifyObjectProperty(com.kms.katalon.core.testobject.ObjectRepository.findTestObject(lab/Page_KDMC - CMO/input_1), "xpath", "equals", "//*[@id=" + RID + "]", true): Modify property of object successfully

2018-05-28 12:56:43 - [MESSAGE][PASSED] - Modify property of object successfully

2018-05-28 12:56:43 - [TEST_STEP][PASSED] - click: Object: 'Object Repository/lab/Page_KDMC - CMO/input_1' is clicked on

2018-05-28 12:56:43 - [MESSAGE][PASSED] - Object: 'Object Repository/lab/Page_KDMC - CMO/input_1' is clicked on

2018-05-28 12:56:43 - [TEST_STEP][PASSED] - delay: Delayed 2 second(s)

2018-05-28 12:56:45 - [MESSAGE][PASSED] - Delayed 2 second(s)

2018-05-28 12:56:45 - [TEST_STEP][PASSED] - selectOptionByIndex: All options with index in [1] are selected on object 'Object Repository/DispensaryToStore/Page_KDMC - CMO/select_--Select--'

2018-05-28 12:56:45 - [MESSAGE][PASSED] - All options with index in [1] are selected on object 'Object Repository/DispensaryToStore/Page_KDMC - CMO/select_--Select--'

2018-05-28 12:56:45 - [TEST_STEP][PASSED] - click: Object: 'Object Repository/DispensaryToStore/Page_KDMC - CMO/input_btnupdate' is clicked on

2018-05-28 12:56:45 - [MESSAGE][PASSED] - Object: 'Object Repository/DispensaryToStore/Page_KDMC - CMO/input_btnupdate' is clicked on

2018-05-28 12:56:45 - [TEST_STEP][PASSED] - delay: Delayed 2 second(s)

2018-05-28 12:56:47 - [MESSAGE][PASSED] - Delayed 2 second(s)

2018-05-28 12:56:47 - [TEST_STEP][PASSED] - click: Object: 'Object Repository/DispensaryToStore/Page_KDMC - CMO/button_OK' is clicked on

2018-05-28 12:56:49 - [MESSAGE][PASSED] - Object: 'Object Repository/DispensaryToStore/Page_KDMC - CMO/button_OK' is clicked on

2018-05-28 12:56:49 - [TEST_STEP][PASSED] - delay: Delayed 2 second(s)

2018-05-28 12:56:51 - [MESSAGE][PASSED] - Delayed 2 second(s)

2018-05-28 12:56:51 - [TEST_STEP][PASSED] - click: Object: 'Object Repository/DispensaryToStore/Page_KDMC - CMO/a_dropdown-toggle' is clicked on

2018-05-28 12:56:51 - [MESSAGE][PASSED] - Object: 'Object Repository/DispensaryToStore/Page_KDMC - CMO/a_dropdown-toggle' is clicked on

2018-05-28 12:56:51 - [TEST_STEP][PASSED] - click: Object: 'Object Repository/DispensaryToStore/Page_KDMC - CMO/a_Sign out' is clicked on

2018-05-28 12:56:52 - [MESSAGE][PASSED] - Object: 'Object Repository/DispensaryToStore/Page_KDMC - CMO/a_Sign out' is clicked on

2018-05-28 12:56:52 - [TEST_STEP][PASSED] - delay: Delayed 3 second(s)

2018-05-28 12:56:55 - [MESSAGE][PASSED] - Delayed 3 second(s)

2018-05-28 12:56:55 - [TEST_STEP][PASSED] - click: Object: 'Object Repository/DispensaryToStore/Page_KDMC/a_Divisional Store' is clicked on

2018-05-28 12:56:56 - [MESSAGE][PASSED] - Object: 'Object Repository/DispensaryToStore/Page_KDMC/a_Divisional Store' is clicked on

2018-05-28 12:56:56 - [TEST_STEP][PASSED] - setText: Text 'ragu' is set on object 'Object Repository/DispensaryToStore/Page_Divisonal Store Login/input_txtusername'

2018-05-28 12:56:56 - [MESSAGE][PASSED] - Text 'ragu' is set on object 'Object Repository/DispensaryToStore/Page_Divisonal Store Login/input_txtusername'

2018-05-28 12:56:56 - [TEST_STEP][PASSED] - setText: Text '123' is set on object 'Object Repository/DispensaryToStore/Page_Divisonal Store Login/input_txtpassword'

2018-05-28 12:56:57 - [MESSAGE][PASSED] - Text '123' is set on object 'Object Repository/DispensaryToStore/Page_Divisonal Store Login/input_txtpassword'

2018-05-28 12:56:57 - [TEST_STEP][PASSED] - delay: Delayed 3 second(s)

2018-05-28 12:57:00 - [MESSAGE][PASSED] - Delayed 3 second(s)

2018-05-28 12:57:00 - [TEST_STEP][PASSED] - click: Object: 'Object Repository/DispensaryToStore/Page_Divisonal Store Login/button_Sign in' is clicked on

2018-05-28 12:57:01 - [MESSAGE][PASSED] - Object: 'Object Repository/DispensaryToStore/Page_Divisonal Store Login/button_Sign in' is clicked on

2018-05-28 12:57:01 - [TEST_STEP][PASSED] - delay: Delayed 3 second(s)

2018-05-28 12:57:04 - [MESSAGE][PASSED] - Delayed 3 second(s)

2018-05-28 12:57:04 - [TEST_STEP][PASSED] - scrollToPosition: Browser is scrolled to position x = 100, y = 100

2018-05-28 12:57:04 - [MESSAGE][PASSED] - Browser is scrolled to position x = 100, y = 100

2018-05-28 12:57:04 - [TEST_STEP][PASSED] - click: Object: 'Object Repository/DispensaryToStore/Page_Store/a_Dispensary Request' is clicked on

2018-05-28 12:57:04 - [MESSAGE][PASSED] - Object: 'Object Repository/DispensaryToStore/Page_Store/a_Dispensary Request' is clicked on

2018-05-28 12:57:04 - [TEST_STEP][PASSED] - delay: Delayed 2 second(s)

2018-05-28 12:57:06 - [MESSAGE][PASSED] - Delayed 2 second(s)

2018-05-28 12:57:06 - [TEST_STEP][PASSED] - click: Object: 'Object Repository/DispensaryToStore/Page_Store/a_Request Item Dispensary' is clicked on

2018-05-28 12:57:07 - [MESSAGE][PASSED] - Object: 'Object Repository/DispensaryToStore/Page_Store/a_Request Item Dispensary' is clicked on

2018-05-28 12:57:07 - [TEST_STEP][PASSED] - Statement - ChooseRequest = com.kms.katalon.core.webui.keyword.WebUiBuiltInKeywords.modifyObjectProperty(com.kms.katalon.core.testobject.ObjectRepository.findTestObject(lab/Page_Store/input_1), "xpath", "equals", "//*[@id=" + RID + "]", true): Modify property of object successfully

2018-05-28 12:57:07 - [MESSAGE][PASSED] - Modify property of object successfully

2018-05-28 12:57:07 - [TEST_STEP][PASSED] - click: Object: 'Object Repository/lab/Page_Store/input_1' is clicked on

2018-05-28 12:57:08 - [MESSAGE][PASSED] - Object: 'Object Repository/lab/Page_Store/input_1' is clicked on

2018-05-28 12:57:08 - [TEST_STEP][PASSED] - Statement - selectedoptions = com.kms.katalon.core.webui.keyword.WebUiBuiltInKeywords.getNumberOfTotalOption(com.kms.katalon.core.testobject.ObjectRepository.findTestObject(DispensaryToStore/Page_Store/select_--Select--Adernaline 0.)): 19 options of object 'Object Repository/DispensaryToStore/Page_Store/select_--Select--Adernaline 0.' counted

2018-05-28 12:57:08 - [MESSAGE][PASSED] - 19 options of object 'Object Repository/DispensaryToStore/Page_Store/select_--Select--Adernaline 0.' counted

2018-05-28 12:57:08 - [TEST_STEP][PASSED] - Statement - For ([a = 1, a <= selectedoptions - 1, (a++)]): null

2018-05-28 12:57:08 - [TEST_STEP][PASSED] - selectOptionByIndex: All options with index in [1] are selected on object 'Object Repository/DispensaryToStore/Page_Store/select_--Select--Adernaline 0.'

2018-05-28 12:57:08 - [MESSAGE][PASSED] - All options with index in [1] are selected on object 'Object Repository/DispensaryToStore/Page_Store/select_--Select--Adernaline 0.'

2018-05-28 12:57:08 - [TEST_STEP][PASSED] - delay: Delayed 2 second(s)

2018-05-28 12:57:10 - [MESSAGE][PASSED] - Delayed 2 second(s)

2018-05-28 12:57:10 - [TEST_STEP][PASSED] - Statement - RequestedQty = com.kms.katalon.core.webui.keyword.WebUiBuiltInKeywords.getAttribute(com.kms.katalon.core.testobject.ObjectRepository.findTestObject(DispensaryToStore/Page_Store/input_txttotal), "value"): Attribute 'value' of object 'Object Repository/DispensaryToStore/Page_Store/input_txttotal' is: '10'

2018-05-28 12:57:10 - [MESSAGE][PASSED] - Attribute 'value' of object 'Object Repository/DispensaryToStore/Page_Store/input_txttotal' is: '10'

2018-05-28 12:57:10 - [TEST_STEP][PASSED] - Statement - out.println("Requested QTY : " + RequestedQty): null

2018-05-28 12:57:10 - [TEST_STEP][PASSED] - Statement - BatchNumber = com.kms.katalon.core.webui.keyword.WebUiBuiltInKeywords.getNumberOfTotalOption(com.kms.katalon.core.testobject.ObjectRepository.findTestObject(DispensaryToStore/Page_Store/select_--Select--BA1170BA2376B)): 4 options of object 'Object Repository/DispensaryToStore/Page_Store/select_--Select--BA1170BA2376B' counted

2018-05-28 12:57:10 - [MESSAGE][PASSED] - 4 options of object 'Object Repository/DispensaryToStore/Page_Store/select_--Select--BA1170BA2376B' counted

2018-05-28 12:57:10 - [TEST_STEP][PASSED] - Statement - For ([g = 1, g <= BatchNumber - 1, (g++)]): null

2018-05-28 12:57:10 - [TEST_STEP][PASSED] - selectOptionByIndex: All options with index in [1] are selected on object 'Object Repository/DispensaryToStore/Page_Store/select_--Select--BA1170BA2376B'

2018-05-28 12:57:10 - [MESSAGE][PASSED] - All options with index in [1] are selected on object 'Object Repository/DispensaryToStore/Page_Store/select_--Select--BA1170BA2376B'

2018-05-28 12:57:10 - [TEST_STEP][PASSED] - Statement - Try: null

2018-05-28 12:57:10 - [TEST_STEP][PASSED] - Statement - StockQty = com.kms.katalon.core.webui.keyword.WebUiBuiltInKeywords.getAttribute(com.kms.katalon.core.testobject.ObjectRepository.findTestObject(DispensaryToStore/Page_Store/input_txtprice), "value"): Attribute 'value' of object 'Object Repository/DispensaryToStore/Page_Store/input_txtprice' is: '200'

2018-05-28 12:57:10 - [MESSAGE][PASSED] - Attribute 'value' of object 'Object Repository/DispensaryToStore/Page_Store/input_txtprice' is: '200'

2018-05-28 12:57:10 - [TEST_STEP][PASSED] - Statement - out.println("Stock QTY : " + StockQty): null

2018-05-28 12:57:10 - [TEST_STEP][PASSED] - delay: Delayed 2 second(s)

2018-05-28 12:57:12 - [MESSAGE][PASSED] - Delayed 2 second(s)

2018-05-28 12:57:12 - [TEST_STEP][PASSED] - Statement - If (java.lang.String.valueOf(StockQty) >= java.lang.String.valueOf(RequestedQty)): null

2018-05-28 12:57:12 - [TEST_STEP][PASSED] - setText: Text '10' is set on object 'Object Repository/DispensaryToStore/Page_Store/input_txtqty'

2018-05-28 12:57:12 - [MESSAGE][PASSED] - Text '10' is set on object 'Object Repository/DispensaryToStore/Page_Store/input_txtqty'

2018-05-28 12:57:12 - [TEST_STEP][PASSED] - click: Object: 'Object Repository/DispensaryToStore/Page_Store/button_Add' is clicked on

2018-05-28 12:57:13 - [MESSAGE][PASSED] - Object: 'Object Repository/DispensaryToStore/Page_Store/button_Add' is clicked on

2018-05-28 12:57:13 - [TEST_STEP][PASSED] - Statement - Break: null

2018-05-28 12:57:13 - [TEST_STEP][PASSED] - selectOptionByIndex: All options with index in [2] are selected on object 'Object Repository/DispensaryToStore/Page_Store/select_--Select--Adernaline 0.'

2018-05-28 12:57:13 - [MESSAGE][PASSED] - All options with index in [2] are selected on object 'Object Repository/DispensaryToStore/Page_Store/select_--Select--Adernaline 0.'

2018-05-28 12:57:13 - [TEST_STEP][PASSED] - delay: Delayed 2 second(s)

2018-05-28 12:57:15 - [MESSAGE][PASSED] - Delayed 2 second(s)

2018-05-28 12:57:15 - [TEST_STEP][PASSED] - Statement - RequestedQty = com.kms.katalon.core.webui.keyword.WebUiBuiltInKeywords.getAttribute(com.kms.katalon.core.testobject.ObjectRepository.findTestObject(DispensaryToStore/Page_Store/input_txttotal), "value"): Attribute 'value' of object 'Object Repository/DispensaryToStore/Page_Store/input_txttotal' is: '10'

2018-05-28 12:57:15 - [MESSAGE][PASSED] - Attribute 'value' of object 'Object Repository/DispensaryToStore/Page_Store/input_txttotal' is: '10'

2018-05-28 12:57:15 - [TEST_STEP][PASSED] - Statement - out.println("Requested QTY : " + RequestedQty): null

2018-05-28 12:57:15 - [TEST_STEP][PASSED] - Statement - BatchNumber = com.kms.katalon.core.webui.keyword.WebUiBuiltInKeywords.getNumberOfTotalOption(com.kms.katalon.core.testobject.ObjectRepository.findTestObject(DispensaryToStore/Page_Store/select_--Select--BA1170BA2376B)): 4 options of object 'Object Repository/DispensaryToStore/Page_Store/select_--Select--BA1170BA2376B' counted

2018-05-28 12:57:15 - [MESSAGE][PASSED] - 4 options of object 'Object Repository/DispensaryToStore/Page_Store/select_--Select--BA1170BA2376B' counted

2018-05-28 12:57:15 - [TEST_STEP][PASSED] - Statement - For ([g = 1, g <= BatchNumber - 1, (g++)]): null

2018-05-28 12:57:15 - [TEST_STEP][PASSED] - selectOptionByIndex: All options with index in [1] are selected on object 'Object Repository/DispensaryToStore/Page_Store/select_--Select--BA1170BA2376B'

2018-05-28 12:57:15 - [MESSAGE][PASSED] - All options with index in [1] are selected on object 'Object Repository/DispensaryToStore/Page_Store/select_--Select--BA1170BA2376B'

2018-05-28 12:57:15 - [TEST_STEP][PASSED] - Statement - Try: null

2018-05-28 12:57:15 - [TEST_STEP][PASSED] - Statement - StockQty = com.kms.katalon.core.webui.keyword.WebUiBuiltInKeywords.getAttribute(com.kms.katalon.core.testobject.ObjectRepository.findTestObject(DispensaryToStore/Page_Store/input_txtprice), "value"): Attribute 'value' of object 'Object Repository/DispensaryToStore/Page_Store/input_txtprice' is: '100'

2018-05-28 12:57:15 - [MESSAGE][PASSED] - Attribute 'value' of object 'Object Repository/DispensaryToStore/Page_Store/input_txtprice' is: '100'

2018-05-28 12:57:15 - [TEST_STEP][PASSED] - Statement - out.println("Stock QTY : " + StockQty): null

2018-05-28 12:57:15 - [TEST_STEP][PASSED] - delay: Delayed 2 second(s)

2018-05-28 12:57:17 - [MESSAGE][PASSED] - Delayed 2 second(s)

2018-05-28 12:57:17 - [TEST_STEP][PASSED] - Statement - If (java.lang.String.valueOf(StockQty) >= java.lang.String.valueOf(RequestedQty)): null

2018-05-28 12:57:17 - [TEST_STEP][PASSED] - setText: Text '10' is set on object 'Object Repository/DispensaryToStore/Page_Store/input_txtqty'

2018-05-28 12:57:17 - [MESSAGE][PASSED] - Text '10' is set on object 'Object Repository/DispensaryToStore/Page_Store/input_txtqty'

2018-05-28 12:57:17 - [TEST_STEP][PASSED] - click: Object: 'Object Repository/DispensaryToStore/Page_Store/button_Add' is clicked on

2018-05-28 12:57:17 - [MESSAGE][PASSED] - Object: 'Object Repository/DispensaryToStore/Page_Store/button_Add' is clicked on

2018-05-28 12:57:17 - [TEST_STEP][PASSED] - Statement - Break: null

2018-05-28 12:57:17 - [TEST_STEP][PASSED] - selectOptionByIndex: All options with index in [3] are selected on object 'Object Repository/DispensaryToStore/Page_Store/select_--Select--Adernaline 0.'

2018-05-28 12:57:17 - [MESSAGE][PASSED] - All options with index in [3] are selected on object 'Object Repository/DispensaryToStore/Page_Store/select_--Select--Adernaline 0.'

2018-05-28 12:57:17 - [TEST_STEP][PASSED] - delay: Delayed 2 second(s)

2018-05-28 12:57:19 - [MESSAGE][PASSED] - Delayed 2 second(s)

2018-05-28 12:57:19 - [TEST_STEP][PASSED] - Statement - RequestedQty = com.kms.katalon.core.webui.keyword.WebUiBuiltInKeywords.getAttribute(com.kms.katalon.core.testobject.ObjectRepository.findTestObject(DispensaryToStore/Page_Store/input_txttotal), "value"): Attribute 'value' of object 'Object Repository/DispensaryToStore/Page_Store/input_txttotal' is: '10'

2018-05-28 12:57:19 - [MESSAGE][PASSED] - Attribute 'value' of object 'Object Repository/DispensaryToStore/Page_Store/input_txttotal' is: '10'

2018-05-28 12:57:19 - [TEST_STEP][PASSED] - Statement - out.println("Requested QTY : " + RequestedQty): null

2018-05-28 12:57:19 - [TEST_STEP][PASSED] - Statement - BatchNumber = com.kms.katalon.core.webui.keyword.WebUiBuiltInKeywords.getNumberOfTotalOption(com.kms.katalon.core.testobject.ObjectRepository.findTestObject(DispensaryToStore/Page_Store/select_--Select--BA1170BA2376B)): 4 options of object 'Object Repository/DispensaryToStore/Page_Store/select_--Select--BA1170BA2376B' counted

2018-05-28 12:57:19 - [MESSAGE][PASSED] - 4 options of object 'Object Repository/DispensaryToStore/Page_Store/select_--Select--BA1170BA2376B' counted

2018-05-28 12:57:19 - [TEST_STEP][PASSED] - Statement - For ([g = 1, g <= BatchNumber - 1, (g++)]): null

2018-05-28 12:57:19 - [TEST_STEP][PASSED] - selectOptionByIndex: All options with index in [1] are selected on object 'Object Repository/DispensaryToStore/Page_Store/select_--Select--BA1170BA2376B'

2018-05-28 12:57:19 - [MESSAGE][PASSED] - All options with index in [1] are selected on object 'Object Repository/DispensaryToStore/Page_Store/select_--Select--BA1170BA2376B'

2018-05-28 12:57:19 - [TEST_STEP][PASSED] - Statement - Try: null

2018-05-28 12:57:19 - [TEST_STEP][PASSED] - Statement - StockQty = com.kms.katalon.core.webui.keyword.WebUiBuiltInKeywords.getAttribute(com.kms.katalon.core.testobject.ObjectRepository.findTestObject(DispensaryToStore/Page_Store/input_txtprice), "value"): Attribute 'value' of object 'Object Repository/DispensaryToStore/Page_Store/input_txtprice' is: '100'

2018-05-28 12:57:19 - [MESSAGE][PASSED] - Attribute 'value' of object 'Object Repository/DispensaryToStore/Page_Store/input_txtprice' is: '100'

2018-05-28 12:57:19 - [TEST_STEP][PASSED] - Statement - out.println("Stock QTY : " + StockQty): null

2018-05-28 12:57:19 - [TEST_STEP][PASSED] - delay: Delayed 2 second(s)

2018-05-28 12:57:21 - [MESSAGE][PASSED] - Delayed 2 second(s)

2018-05-28 12:57:21 - [TEST_STEP][PASSED] - Statement - If (java.lang.String.valueOf(StockQty) >= java.lang.String.valueOf(RequestedQty)): null

2018-05-28 12:57:21 - [TEST_STEP][PASSED] - setText: Text '10' is set on object 'Object Repository/DispensaryToStore/Page_Store/input_txtqty'

2018-05-28 12:57:22 - [MESSAGE][PASSED] - Text '10' is set on object 'Object Repository/DispensaryToStore/Page_Store/input_txtqty'

2018-05-28 12:57:22 - [TEST_STEP][PASSED] - click: Object: 'Object Repository/DispensaryToStore/Page_Store/button_Add' is clicked on

2018-05-28 12:57:22 - [MESSAGE][PASSED] - Object: 'Object Repository/DispensaryToStore/Page_Store/button_Add' is clicked on

2018-05-28 12:57:22 - [TEST_STEP][PASSED] - Statement - Break: null

2018-05-28 12:57:22 - [TEST_STEP][PASSED] - selectOptionByIndex: All options with index in [4] are selected on object 'Object Repository/DispensaryToStore/Page_Store/select_--Select--Adernaline 0.'

2018-05-28 12:57:22 - [MESSAGE][PASSED] - All options with index in [4] are selected on object 'Object Repository/DispensaryToStore/Page_Store/select_--Select--Adernaline 0.'

2018-05-28 12:57:22 - [TEST_STEP][PASSED] - delay: Delayed 2 second(s)

2018-05-28 12:57:24 - [MESSAGE][PASSED] - Delayed 2 second(s)

2018-05-28 12:57:24 - [TEST_STEP][PASSED] - Statement - RequestedQty = com.kms.katalon.core.webui.keyword.WebUiBuiltInKeywords.getAttribute(com.kms.katalon.core.testobject.ObjectRepository.findTestObject(DispensaryToStore/Page_Store/input_txttotal), "value"): Attribute 'value' of object 'Object Repository/DispensaryToStore/Page_Store/input_txttotal' is: '10'

2018-05-28 12:57:24 - [MESSAGE][PASSED] - Attribute 'value' of object 'Object Repository/DispensaryToStore/Page_Store/input_txttotal' is: '10'

2018-05-28 12:57:24 - [TEST_STEP][PASSED] - Statement - out.println("Requested QTY : " + RequestedQty): null

2018-05-28 12:57:24 - [TEST_STEP][PASSED] - Statement - BatchNumber = com.kms.katalon.core.webui.keyword.WebUiBuiltInKeywords.getNumberOfTotalOption(com.kms.katalon.core.testobject.ObjectRepository.findTestObject(DispensaryToStore/Page_Store/select_--Select--BA1170BA2376B)): 3 options of object 'Object Repository/DispensaryToStore/Page_Store/select_--Select--BA1170BA2376B' counted

2018-05-28 12:57:24 - [MESSAGE][PASSED] - 3 options of object 'Object Repository/DispensaryToStore/Page_Store/select_--Select--BA1170BA2376B' counted

2018-05-28 12:57:24 - [TEST_STEP][PASSED] - Statement - For ([g = 1, g <= BatchNumber - 1, (g++)]): null

2018-05-28 12:57:24 - [TEST_STEP][PASSED] - selectOptionByIndex: All options with index in [1] are selected on object 'Object Repository/DispensaryToStore/Page_Store/select_--Select--BA1170BA2376B'

2018-05-28 12:57:24 - [MESSAGE][PASSED] - All options with index in [1] are selected on object 'Object Repository/DispensaryToStore/Page_Store/select_--Select--BA1170BA2376B'

2018-05-28 12:57:24 - [TEST_STEP][PASSED] - Statement - Try: null

2018-05-28 12:57:24 - [TEST_STEP][PASSED] - Statement - StockQty = com.kms.katalon.core.webui.keyword.WebUiBuiltInKeywords.getAttribute(com.kms.katalon.core.testobject.ObjectRepository.findTestObject(DispensaryToStore/Page_Store/input_txtprice), "value"): Attribute 'value' of object 'Object Repository/DispensaryToStore/Page_Store/input_txtprice' is: '200'

2018-05-28 12:57:24 - [MESSAGE][PASSED] - Attribute 'value' of object 'Object Repository/DispensaryToStore/Page_Store/input_txtprice' is: '200'

2018-05-28 12:57:24 - [TEST_STEP][PASSED] - Statement - out.println("Stock QTY : " + StockQty): null

2018-05-28 12:57:24 - [TEST_STEP][PASSED] - delay: Delayed 2 second(s)

2018-05-28 12:57:26 - [MESSAGE][PASSED] - Delayed 2 second(s)

2018-05-28 12:57:26 - [TEST_STEP][PASSED] - Statement - If (java.lang.String.valueOf(StockQty) >= java.lang.String.valueOf(RequestedQty)): null

2018-05-28 12:57:26 - [TEST_STEP][PASSED] - setText: Text '10' is set on object 'Object Repository/DispensaryToStore/Page_Store/input_txtqty'

2018-05-28 12:57:26 - [MESSAGE][PASSED] - Text '10' is set on object 'Object Repository/DispensaryToStore/Page_Store/input_txtqty'

2018-05-28 12:57:26 - [TEST_STEP][PASSED] - click: Object: 'Object Repository/DispensaryToStore/Page_Store/button_Add' is clicked on

2018-05-28 12:57:26 - [MESSAGE][PASSED] - Object: 'Object Repository/DispensaryToStore/Page_Store/button_Add' is clicked on

2018-05-28 12:57:26 - [TEST_STEP][PASSED] - Statement - Break: null

2018-05-28 12:57:26 - [TEST_STEP][PASSED] - selectOptionByIndex: All options with index in [5] are selected on object 'Object Repository/DispensaryToStore/Page_Store/select_--Select--Adernaline 0.'

2018-05-28 12:57:26 - [MESSAGE][PASSED] - All options with index in [5] are selected on object 'Object Repository/DispensaryToStore/Page_Store/select_--Select--Adernaline 0.'

2018-05-28 12:57:26 - [TEST_STEP][PASSED] - delay: Delayed 2 second(s)

2018-05-28 12:57:28 - [MESSAGE][PASSED] - Delayed 2 second(s)

2018-05-28 12:57:28 - [TEST_STEP][PASSED] - Statement - RequestedQty = com.kms.katalon.core.webui.keyword.WebUiBuiltInKeywords.getAttribute(com.kms.katalon.core.testobject.ObjectRepository.findTestObject(DispensaryToStore/Page_Store/input_txttotal), "value"): Attribute 'value' of object 'Object Repository/DispensaryToStore/Page_Store/input_txttotal' is: '10'

2018-05-28 12:57:29 - [MESSAGE][PASSED] - Attribute 'value' of object 'Object Repository/DispensaryToStore/Page_Store/input_txttotal' is: '10'

2018-05-28 12:57:29 - [TEST_STEP][PASSED] - Statement - out.println("Requested QTY : " + RequestedQty): null

2018-05-28 12:57:29 - [TEST_STEP][PASSED] - Statement - BatchNumber = com.kms.katalon.core.webui.keyword.WebUiBuiltInKeywords.getNumberOfTotalOption(com.kms.katalon.core.testobject.ObjectRepository.findTestObject(DispensaryToStore/Page_Store/select_--Select--BA1170BA2376B)): 3 options of object 'Object Repository/DispensaryToStore/Page_Store/select_--Select--BA1170BA2376B' counted

2018-05-28 12:57:29 - [MESSAGE][PASSED] - 3 options of object 'Object Repository/DispensaryToStore/Page_Store/select_--Select--BA1170BA2376B' counted

2018-05-28 12:57:29 - [TEST_STEP][PASSED] - Statement - For ([g = 1, g <= BatchNumber - 1, (g++)]): null

2018-05-28 12:57:29 - [TEST_STEP][PASSED] - selectOptionByIndex: All options with index in [1] are selected on object 'Object Repository/DispensaryToStore/Page_Store/select_--Select--BA1170BA2376B'

2018-05-28 12:57:29 - [MESSAGE][PASSED] - All options with index in [1] are selected on object 'Object Repository/DispensaryToStore/Page_Store/select_--Select--BA1170BA2376B'

2018-05-28 12:57:29 - [TEST_STEP][PASSED] - Statement - Try: null

2018-05-28 12:57:29 - [TEST_STEP][PASSED] - Statement - StockQty = com.kms.katalon.core.webui.keyword.WebUiBuiltInKeywords.getAttribute(com.kms.katalon.core.testobject.ObjectRepository.findTestObject(DispensaryToStore/Page_Store/input_txtprice), "value"): Attribute 'value' of object 'Object Repository/DispensaryToStore/Page_Store/input_txtprice' is: '1070'

2018-05-28 12:57:29 - [MESSAGE][PASSED] - Attribute 'value' of object 'Object Repository/DispensaryToStore/Page_Store/input_txtprice' is: '1070'

2018-05-28 12:57:29 - [TEST_STEP][PASSED] - Statement - out.println("Stock QTY : " + StockQty): null

2018-05-28 12:57:29 - [TEST_STEP][PASSED] - delay: Delayed 2 second(s)

2018-05-28 12:57:31 - [MESSAGE][PASSED] - Delayed 2 second(s)

2018-05-28 12:57:31 - [TEST_STEP][PASSED] - Statement - If (java.lang.String.valueOf(StockQty) >= java.lang.String.valueOf(RequestedQty)): null

2018-05-28 12:57:31 - [TEST_STEP][PASSED] - setText: Text '10' is set on object 'Object Repository/DispensaryToStore/Page_Store/input_txtqty'

2018-05-28 12:57:31 - [MESSAGE][PASSED] - Text '10' is set on object 'Object Repository/DispensaryToStore/Page_Store/input_txtqty'

2018-05-28 12:57:31 - [TEST_STEP][PASSED] - click: Object: 'Object Repository/DispensaryToStore/Page_Store/button_Add' is clicked on

2018-05-28 12:57:31 - [MESSAGE][PASSED] - Object: 'Object Repository/DispensaryToStore/Page_Store/button_Add' is clicked on

2018-05-28 12:57:31 - [TEST_STEP][PASSED] - Statement - Break: null

2018-05-28 12:57:31 - [TEST_STEP][PASSED] - selectOptionByIndex: All options with index in [6] are selected on object 'Object Repository/DispensaryToStore/Page_Store/select_--Select--Adernaline 0.'

2018-05-28 12:57:31 - [MESSAGE][PASSED] - All options with index in [6] are selected on object 'Object Repository/DispensaryToStore/Page_Store/select_--Select--Adernaline 0.'

2018-05-28 12:57:31 - [TEST_STEP][PASSED] - delay: Delayed 2 second(s)

2018-05-28 12:57:33 - [MESSAGE][PASSED] - Delayed 2 second(s)

2018-05-28 12:57:33 - [TEST_STEP][PASSED] - Statement - RequestedQty = com.kms.katalon.core.webui.keyword.WebUiBuiltInKeywords.getAttribute(com.kms.katalon.core.testobject.ObjectRepository.findTestObject(DispensaryToStore/Page_Store/input_txttotal), "value"): Attribute 'value' of object 'Object Repository/DispensaryToStore/Page_Store/input_txttotal' is: '10'

2018-05-28 12:57:33 - [MESSAGE][PASSED] - Attribute 'value' of object 'Object Repository/DispensaryToStore/Page_Store/input_txttotal' is: '10'

2018-05-28 12:57:33 - [TEST_STEP][PASSED] - Statement - out.println("Requested QTY : " + RequestedQty): null

2018-05-28 12:57:33 - [TEST_STEP][PASSED] - Statement - BatchNumber = com.kms.katalon.core.webui.keyword.WebUiBuiltInKeywords.getNumberOfTotalOption(com.kms.katalon.core.testobject.ObjectRepository.findTestObject(DispensaryToStore/Page_Store/select_--Select--BA1170BA2376B)): 3 options of object 'Object Repository/DispensaryToStore/Page_Store/select_--Select--BA1170BA2376B' counted

2018-05-28 12:57:33 - [MESSAGE][PASSED] - 3 options of object 'Object Repository/DispensaryToStore/Page_Store/select_--Select--BA1170BA2376B' counted

2018-05-28 12:57:33 - [TEST_STEP][PASSED] - Statement - For ([g = 1, g <= BatchNumber - 1, (g++)]): null

2018-05-28 12:57:33 - [TEST_STEP][PASSED] - selectOptionByIndex: All options with index in [1] are selected on object 'Object Repository/DispensaryToStore/Page_Store/select_--Select--BA1170BA2376B'

2018-05-28 12:57:33 - [MESSAGE][PASSED] - All options with index in [1] are selected on object 'Object Repository/DispensaryToStore/Page_Store/select_--Select--BA1170BA2376B'

2018-05-28 12:57:33 - [TEST_STEP][PASSED] - Statement - Try: null

2018-05-28 12:57:33 - [TEST_STEP][PASSED] - Statement - StockQty = com.kms.katalon.core.webui.keyword.WebUiBuiltInKeywords.getAttribute(com.kms.katalon.core.testobject.ObjectRepository.findTestObject(DispensaryToStore/Page_Store/input_txtprice), "value"): Attribute 'value' of object 'Object Repository/DispensaryToStore/Page_Store/input_txtprice' is: '980'

2018-05-28 12:57:33 - [MESSAGE][PASSED] - Attribute 'value' of object 'Object Repository/DispensaryToStore/Page_Store/input_txtprice' is: '980'

2018-05-28 12:57:33 - [TEST_STEP][PASSED] - Statement - out.println("Stock QTY : " + StockQty): null

2018-05-28 12:57:33 - [TEST_STEP][PASSED] - delay: Delayed 2 second(s)

2018-05-28 12:57:35 - [MESSAGE][PASSED] - Delayed 2 second(s)

2018-05-28 12:57:35 - [TEST_STEP][PASSED] - Statement - If (java.lang.String.valueOf(StockQty) >= java.lang.String.valueOf(RequestedQty)): null

2018-05-28 12:57:35 - [TEST_STEP][PASSED] - setText: Text '10' is set on object 'Object Repository/DispensaryToStore/Page_Store/input_txtqty'

2018-05-28 12:57:36 - [MESSAGE][PASSED] - Text '10' is set on object 'Object Repository/DispensaryToStore/Page_Store/input_txtqty'

2018-05-28 12:57:36 - [TEST_STEP][PASSED] - click: Object: 'Object Repository/DispensaryToStore/Page_Store/button_Add' is clicked on

2018-05-28 12:57:36 - [MESSAGE][PASSED] - Object: 'Object Repository/DispensaryToStore/Page_Store/button_Add' is clicked on

2018-05-28 12:57:36 - [TEST_STEP][PASSED] - Statement - Break: null

2018-05-28 12:57:36 - [TEST_STEP][PASSED] - selectOptionByIndex: All options with index in [7] are selected on object 'Object Repository/DispensaryToStore/Page_Store/select_--Select--Adernaline 0.'

2018-05-28 12:57:36 - [MESSAGE][PASSED] - All options with index in [7] are selected on object 'Object Repository/DispensaryToStore/Page_Store/select_--Select--Adernaline 0.'

2018-05-28 12:57:36 - [TEST_STEP][PASSED] - delay: Delayed 2 second(s)

2018-05-28 12:57:38 - [MESSAGE][PASSED] - Delayed 2 second(s)

2018-05-28 12:57:38 - [TEST_STEP][PASSED] - Statement - RequestedQty = com.kms.katalon.core.webui.keyword.WebUiBuiltInKeywords.getAttribute(com.kms.katalon.core.testobject.ObjectRepository.findTestObject(DispensaryToStore/Page_Store/input_txttotal), "value"): Attribute 'value' of object 'Object Repository/DispensaryToStore/Page_Store/input_txttotal' is: '10'

2018-05-28 12:57:38 - [MESSAGE][PASSED] - Attribute 'value' of object 'Object Repository/DispensaryToStore/Page_Store/input_txttotal' is: '10'

2018-05-28 12:57:38 - [TEST_STEP][PASSED] - Statement - out.println("Requested QTY : " + RequestedQty): null

2018-05-28 12:57:38 - [TEST_STEP][PASSED] - Statement - BatchNumber = com.kms.katalon.core.webui.keyword.WebUiBuiltInKeywords.getNumberOfTotalOption(com.kms.katalon.core.testobject.ObjectRepository.findTestObject(DispensaryToStore/Page_Store/select_--Select--BA1170BA2376B)): 3 options of object 'Object Repository/DispensaryToStore/Page_Store/select_--Select--BA1170BA2376B' counted

2018-05-28 12:57:38 - [MESSAGE][PASSED] - 3 options of object 'Object Repository/DispensaryToStore/Page_Store/select_--Select--BA1170BA2376B' counted

2018-05-28 12:57:38 - [TEST_STEP][PASSED] - Statement - For ([g = 1, g <= BatchNumber - 1, (g++)]): null

2018-05-28 12:57:38 - [TEST_STEP][PASSED] - selectOptionByIndex: All options with index in [1] are selected on object 'Object Repository/DispensaryToStore/Page_Store/select_--Select--BA1170BA2376B'

2018-05-28 12:57:38 - [MESSAGE][PASSED] - All options with index in [1] are selected on object 'Object Repository/DispensaryToStore/Page_Store/select_--Select--BA1170BA2376B'

2018-05-28 12:57:38 - [TEST_STEP][PASSED] - Statement - Try: null

2018-05-28 12:57:38 - [TEST_STEP][PASSED] - Statement - StockQty = com.kms.katalon.core.webui.keyword.WebUiBuiltInKeywords.getAttribute(com.kms.katalon.core.testobject.ObjectRepository.findTestObject(DispensaryToStore/Page_Store/input_txtprice), "value"): Attribute 'value' of object 'Object Repository/DispensaryToStore/Page_Store/input_txtprice' is: '114'

2018-05-28 12:57:38 - [MESSAGE][PASSED] - Attribute 'value' of object 'Object Repository/DispensaryToStore/Page_Store/input_txtprice' is: '114'

2018-05-28 12:57:38 - [TEST_STEP][PASSED] - Statement - out.println("Stock QTY : " + StockQty): null

2018-05-28 12:57:38 - [TEST_STEP][PASSED] - delay: Delayed 2 second(s)

2018-05-28 12:57:40 - [MESSAGE][PASSED] - Delayed 2 second(s)

2018-05-28 12:57:40 - [TEST_STEP][PASSED] - Statement - If (java.lang.String.valueOf(StockQty) >= java.lang.String.valueOf(RequestedQty)): null

2018-05-28 12:57:40 - [TEST_STEP][PASSED] - setText: Text '10' is set on object 'Object Repository/DispensaryToStore/Page_Store/input_txtqty'

2018-05-28 12:57:40 - [MESSAGE][PASSED] - Text '10' is set on object 'Object Repository/DispensaryToStore/Page_Store/input_txtqty'

2018-05-28 12:57:40 - [TEST_STEP][PASSED] - click: Object: 'Object Repository/DispensaryToStore/Page_Store/button_Add' is clicked on

2018-05-28 12:57:40 - [MESSAGE][PASSED] - Object: 'Object Repository/DispensaryToStore/Page_Store/button_Add' is clicked on

2018-05-28 12:57:40 - [TEST_STEP][PASSED] - Statement - Break: null

2018-05-28 12:57:40 - [TEST_STEP][PASSED] - selectOptionByIndex: All options with index in [8] are selected on object 'Object Repository/DispensaryToStore/Page_Store/select_--Select--Adernaline 0.'

2018-05-28 12:57:41 - [MESSAGE][PASSED] - All options with index in [8] are selected on object 'Object Repository/DispensaryToStore/Page_Store/select_--Select--Adernaline 0.'

2018-05-28 12:57:41 - [TEST_STEP][PASSED] - delay: Delayed 2 second(s)

2018-05-28 12:57:43 - [MESSAGE][PASSED] - Delayed 2 second(s)

2018-05-28 12:57:43 - [TEST_STEP][PASSED] - Statement - RequestedQty = com.kms.katalon.core.webui.keyword.WebUiBuiltInKeywords.getAttribute(com.kms.katalon.core.testobject.ObjectRepository.findTestObject(DispensaryToStore/Page_Store/input_txttotal), "value"): Attribute 'value' of object 'Object Repository/DispensaryToStore/Page_Store/input_txttotal' is: '10'

2018-05-28 12:57:43 - [MESSAGE][PASSED] - Attribute 'value' of object 'Object Repository/DispensaryToStore/Page_Store/input_txttotal' is: '10'

2018-05-28 12:57:43 - [TEST_STEP][PASSED] - Statement - out.println("Requested QTY : " + RequestedQty): null

2018-05-28 12:57:43 - [TEST_STEP][PASSED] - Statement - BatchNumber = com.kms.katalon.core.webui.keyword.WebUiBuiltInKeywords.getNumberOfTotalOption(com.kms.katalon.core.testobject.ObjectRepository.findTestObject(DispensaryToStore/Page_Store/select_--Select--BA1170BA2376B)): 3 options of object 'Object Repository/DispensaryToStore/Page_Store/select_--Select--BA1170BA2376B' counted

2018-05-28 12:57:43 - [MESSAGE][PASSED] - 3 options of object 'Object Repository/DispensaryToStore/Page_Store/select_--Select--BA1170BA2376B' counted

2018-05-28 12:57:43 - [TEST_STEP][PASSED] - Statement - For ([g = 1, g <= BatchNumber - 1, (g++)]): null

2018-05-28 12:57:43 - [TEST_STEP][PASSED] - selectOptionByIndex: All options with index in [1] are selected on object 'Object Repository/DispensaryToStore/Page_Store/select_--Select--BA1170BA2376B'

2018-05-28 12:57:43 - [MESSAGE][PASSED] - All options with index in [1] are selected on object 'Object Repository/DispensaryToStore/Page_Store/select_--Select--BA1170BA2376B'

2018-05-28 12:57:43 - [TEST_STEP][PASSED] - Statement - Try: null

2018-05-28 12:57:43 - [TEST_STEP][PASSED] - Statement - StockQty = com.kms.katalon.core.webui.keyword.WebUiBuiltInKeywords.getAttribute(com.kms.katalon.core.testobject.ObjectRepository.findTestObject(DispensaryToStore/Page_Store/input_txtprice), "value"): Attribute 'value' of object 'Object Repository/DispensaryToStore/Page_Store/input_txtprice' is: '220'

2018-05-28 12:57:43 - [MESSAGE][PASSED] - Attribute 'value' of object 'Object Repository/DispensaryToStore/Page_Store/input_txtprice' is: '220'

2018-05-28 12:57:43 - [TEST_STEP][PASSED] - Statement - out.println("Stock QTY : " + StockQty): null

2018-05-28 12:57:43 - [TEST_STEP][PASSED] - delay: Delayed 2 second(s)

2018-05-28 12:57:45 - [MESSAGE][PASSED] - Delayed 2 second(s)

2018-05-28 12:57:45 - [TEST_STEP][PASSED] - Statement - If (java.lang.String.valueOf(StockQty) >= java.lang.String.valueOf(RequestedQty)): null

2018-05-28 12:57:45 - [TEST_STEP][PASSED] - setText: Text '10' is set on object 'Object Repository/DispensaryToStore/Page_Store/input_txtqty'

2018-05-28 12:57:45 - [MESSAGE][PASSED] - Text '10' is set on object 'Object Repository/DispensaryToStore/Page_Store/input_txtqty'

2018-05-28 12:57:45 - [TEST_STEP][PASSED] - click: Object: 'Object Repository/DispensaryToStore/Page_Store/button_Add' is clicked on

2018-05-28 12:57:45 - [MESSAGE][PASSED] - Object: 'Object Repository/DispensaryToStore/Page_Store/button_Add' is clicked on

2018-05-28 12:57:45 - [TEST_STEP][PASSED] - Statement - Break: null

2018-05-28 12:57:45 - [TEST_STEP][PASSED] - selectOptionByIndex: All options with index in [9] are selected on object 'Object Repository/DispensaryToStore/Page_Store/select_--Select--Adernaline 0.'

2018-05-28 12:57:45 - [MESSAGE][PASSED] - All options with index in [9] are selected on object 'Object Repository/DispensaryToStore/Page_Store/select_--Select--Adernaline 0.'

2018-05-28 12:57:45 - [TEST_STEP][PASSED] - delay: Delayed 2 second(s)

2018-05-28 12:57:47 - [MESSAGE][PASSED] - Delayed 2 second(s)

2018-05-28 12:57:47 - [TEST_STEP][PASSED] - Statement - RequestedQty = com.kms.katalon.core.webui.keyword.WebUiBuiltInKeywords.getAttribute(com.kms.katalon.core.testobject.ObjectRepository.findTestObject(DispensaryToStore/Page_Store/input_txttotal), "value"): Attribute 'value' of object 'Object Repository/DispensaryToStore/Page_Store/input_txttotal' is: '10'

2018-05-28 12:57:47 - [MESSAGE][PASSED] - Attribute 'value' of object 'Object Repository/DispensaryToStore/Page_Store/input_txttotal' is: '10'

2018-05-28 12:57:47 - [TEST_STEP][PASSED] - Statement - out.println("Requested QTY : " + RequestedQty): null

2018-05-28 12:57:47 - [TEST_STEP][PASSED] - Statement - BatchNumber = com.kms.katalon.core.webui.keyword.WebUiBuiltInKeywords.getNumberOfTotalOption(com.kms.katalon.core.testobject.ObjectRepository.findTestObject(DispensaryToStore/Page_Store/select_--Select--BA1170BA2376B)): 4 options of object 'Object Repository/DispensaryToStore/Page_Store/select_--Select--BA1170BA2376B' counted

2018-05-28 12:57:47 - [MESSAGE][PASSED] - 4 options of object 'Object Repository/DispensaryToStore/Page_Store/select_--Select--BA1170BA2376B' counted

2018-05-28 12:57:47 - [TEST_STEP][PASSED] - Statement - For ([g = 1, g <= BatchNumber - 1, (g++)]): null

2018-05-28 12:57:47 - [TEST_STEP][PASSED] - selectOptionByIndex: All options with index in [1] are selected on object 'Object Repository/DispensaryToStore/Page_Store/select_--Select--BA1170BA2376B'

2018-05-28 12:57:47 - [MESSAGE][PASSED] - All options with index in [1] are selected on object 'Object Repository/DispensaryToStore/Page_Store/select_--Select--BA1170BA2376B'

2018-05-28 12:57:47 - [TEST_STEP][PASSED] - Statement - Try: null

2018-05-28 12:57:47 - [TEST_STEP][PASSED] - Statement - StockQty = com.kms.katalon.core.webui.keyword.WebUiBuiltInKeywords.getAttribute(com.kms.katalon.core.testobject.ObjectRepository.findTestObject(DispensaryToStore/Page_Store/input_txtprice), "value"): Attribute 'value' of object 'Object Repository/DispensaryToStore/Page_Store/input_txtprice' is: '38'

2018-05-28 12:57:48 - [MESSAGE][PASSED] - Attribute 'value' of object 'Object Repository/DispensaryToStore/Page_Store/input_txtprice' is: '38'

2018-05-28 12:57:48 - [TEST_STEP][PASSED] - Statement - out.println("Stock QTY : " + StockQty): null

2018-05-28 12:57:48 - [TEST_STEP][PASSED] - delay: Delayed 2 second(s)

2018-05-28 12:57:50 - [MESSAGE][PASSED] - Delayed 2 second(s)

2018-05-28 12:57:50 - [TEST_STEP][PASSED] - Statement - If (java.lang.String.valueOf(StockQty) >= java.lang.String.valueOf(RequestedQty)): null

2018-05-28 12:57:50 - [TEST_STEP][PASSED] - setText: Text '10' is set on object 'Object Repository/DispensaryToStore/Page_Store/input_txtqty'

2018-05-28 12:57:50 - [MESSAGE][PASSED] - Text '10' is set on object 'Object Repository/DispensaryToStore/Page_Store/input_txtqty'

2018-05-28 12:57:50 - [TEST_STEP][PASSED] - click: Object: 'Object Repository/DispensaryToStore/Page_Store/button_Add' is clicked on

2018-05-28 12:57:50 - [MESSAGE][PASSED] - Object: 'Object Repository/DispensaryToStore/Page_Store/button_Add' is clicked on

2018-05-28 12:57:50 - [TEST_STEP][PASSED] - Statement - Break: null

2018-05-28 12:57:50 - [TEST_STEP][PASSED] - selectOptionByIndex: All options with index in [10] are selected on object 'Object Repository/DispensaryToStore/Page_Store/select_--Select--Adernaline 0.'

2018-05-28 12:57:50 - [MESSAGE][PASSED] - All options with index in [10] are selected on object 'Object Repository/DispensaryToStore/Page_Store/select_--Select--Adernaline 0.'

2018-05-28 12:57:50 - [TEST_STEP][PASSED] - delay: Delayed 2 second(s)

2018-05-28 12:57:52 - [MESSAGE][PASSED] - Delayed 2 second(s)

2018-05-28 12:57:52 - [TEST_STEP][PASSED] - Statement - RequestedQty = com.kms.katalon.core.webui.keyword.WebUiBuiltInKeywords.getAttribute(com.kms.katalon.core.testobject.ObjectRepository.findTestObject(DispensaryToStore/Page_Store/input_txttotal), "value"): Attribute 'value' of object 'Object Repository/DispensaryToStore/Page_Store/input_txttotal' is: '10'

2018-05-28 12:57:52 - [MESSAGE][PASSED] - Attribute 'value' of object 'Object Repository/DispensaryToStore/Page_Store/input_txttotal' is: '10'

2018-05-28 12:57:52 - [TEST_STEP][PASSED] - Statement - out.println("Requested QTY : " + RequestedQty): null

2018-05-28 12:57:52 - [TEST_STEP][PASSED] - Statement - BatchNumber = com.kms.katalon.core.webui.keyword.WebUiBuiltInKeywords.getNumberOfTotalOption(com.kms.katalon.core.testobject.ObjectRepository.findTestObject(DispensaryToStore/Page_Store/select_--Select--BA1170BA2376B)): 3 options of object 'Object Repository/DispensaryToStore/Page_Store/select_--Select--BA1170BA2376B' counted

2018-05-28 12:57:52 - [MESSAGE][PASSED] - 3 options of object 'Object Repository/DispensaryToStore/Page_Store/select_--Select--BA1170BA2376B' counted

2018-05-28 12:57:52 - [TEST_STEP][PASSED] - Statement - For ([g = 1, g <= BatchNumber - 1, (g++)]): null

2018-05-28 12:57:52 - [TEST_STEP][PASSED] - selectOptionByIndex: All options with index in [1] are selected on object 'Object Repository/DispensaryToStore/Page_Store/select_--Select--BA1170BA2376B'

2018-05-28 12:57:52 - [MESSAGE][PASSED] - All options with index in [1] are selected on object 'Object Repository/DispensaryToStore/Page_Store/select_--Select--BA1170BA2376B'

2018-05-28 12:57:52 - [TEST_STEP][PASSED] - Statement - Try: null

2018-05-28 12:57:52 - [TEST_STEP][PASSED] - Statement - StockQty = com.kms.katalon.core.webui.keyword.WebUiBuiltInKeywords.getAttribute(com.kms.katalon.core.testobject.ObjectRepository.findTestObject(DispensaryToStore/Page_Store/input_txtprice), "value"): Attribute 'value' of object 'Object Repository/DispensaryToStore/Page_Store/input_txtprice' is: '210'

2018-05-28 12:57:52 - [MESSAGE][PASSED] - Attribute 'value' of object 'Object Repository/DispensaryToStore/Page_Store/input_txtprice' is: '210'

2018-05-28 12:57:52 - [TEST_STEP][PASSED] - Statement - out.println("Stock QTY : " + StockQty): null

2018-05-28 12:57:52 - [TEST_STEP][PASSED] - delay: Delayed 2 second(s)

2018-05-28 12:57:54 - [MESSAGE][PASSED] - Delayed 2 second(s)

2018-05-28 12:57:54 - [TEST_STEP][PASSED] - Statement - If (java.lang.String.valueOf(StockQty) >= java.lang.String.valueOf(RequestedQty)): null

2018-05-28 12:57:54 - [TEST_STEP][PASSED] - setText: Text '10' is set on object 'Object Repository/DispensaryToStore/Page_Store/input_txtqty'

2018-05-28 12:57:54 - [MESSAGE][PASSED] - Text '10' is set on object 'Object Repository/DispensaryToStore/Page_Store/input_txtqty'

2018-05-28 12:57:54 - [TEST_STEP][PASSED] - click: Object: 'Object Repository/DispensaryToStore/Page_Store/button_Add' is clicked on

2018-05-28 12:57:54 - [MESSAGE][PASSED] - Object: 'Object Repository/DispensaryToStore/Page_Store/button_Add' is clicked on

2018-05-28 12:57:54 - [TEST_STEP][PASSED] - Statement - Break: null

2018-05-28 12:57:54 - [TEST_STEP][PASSED] - selectOptionByIndex: All options with index in [11] are selected on object 'Object Repository/DispensaryToStore/Page_Store/select_--Select--Adernaline 0.'

2018-05-28 12:57:54 - [MESSAGE][PASSED] - All options with index in [11] are selected on object 'Object Repository/DispensaryToStore/Page_Store/select_--Select--Adernaline 0.'

2018-05-28 12:57:54 - [TEST_STEP][PASSED] - delay: Delayed 2 second(s)

2018-05-28 12:57:56 - [MESSAGE][PASSED] - Delayed 2 second(s)

2018-05-28 12:57:56 - [TEST_STEP][PASSED] - Statement - RequestedQty = com.kms.katalon.core.webui.keyword.WebUiBuiltInKeywords.getAttribute(com.kms.katalon.core.testobject.ObjectRepository.findTestObject(DispensaryToStore/Page_Store/input_txttotal), "value"): Attribute 'value' of object 'Object Repository/DispensaryToStore/Page_Store/input_txttotal' is: '10'

2018-05-28 12:57:57 - [MESSAGE][PASSED] - Attribute 'value' of object 'Object Repository/DispensaryToStore/Page_Store/input_txttotal' is: '10'

2018-05-28 12:57:57 - [TEST_STEP][PASSED] - Statement - out.println("Requested QTY : " + RequestedQty): null

2018-05-28 12:57:57 - [TEST_STEP][PASSED] - Statement - BatchNumber = com.kms.katalon.core.webui.keyword.WebUiBuiltInKeywords.getNumberOfTotalOption(com.kms.katalon.core.testobject.ObjectRepository.findTestObject(DispensaryToStore/Page_Store/select_--Select--BA1170BA2376B)): 4 options of object 'Object Repository/DispensaryToStore/Page_Store/select_--Select--BA1170BA2376B' counted

2018-05-28 12:57:57 - [MESSAGE][PASSED] - 4 options of object 'Object Repository/DispensaryToStore/Page_Store/select_--Select--BA1170BA2376B' counted

2018-05-28 12:57:57 - [TEST_STEP][PASSED] - Statement - For ([g = 1, g <= BatchNumber - 1, (g++)]): null

2018-05-28 12:57:57 - [TEST_STEP][PASSED] - selectOptionByIndex: All options with index in [1] are selected on object 'Object Repository/DispensaryToStore/Page_Store/select_--Select--BA1170BA2376B'

2018-05-28 12:57:57 - [MESSAGE][PASSED] - All options with index in [1] are selected on object 'Object Repository/DispensaryToStore/Page_Store/select_--Select--BA1170BA2376B'

2018-05-28 12:57:57 - [TEST_STEP][PASSED] - Statement - Try: null

2018-05-28 12:57:57 - [TEST_STEP][PASSED] - Statement - StockQty = com.kms.katalon.core.webui.keyword.WebUiBuiltInKeywords.getAttribute(com.kms.katalon.core.testobject.ObjectRepository.findTestObject(DispensaryToStore/Page_Store/input_txtprice), "value"): Attribute 'value' of object 'Object Repository/DispensaryToStore/Page_Store/input_txtprice' is: '14'

2018-05-28 12:57:57 - [MESSAGE][PASSED] - Attribute 'value' of object 'Object Repository/DispensaryToStore/Page_Store/input_txtprice' is: '14'

2018-05-28 12:57:57 - [TEST_STEP][PASSED] - Statement - out.println("Stock QTY : " + StockQty): null

2018-05-28 12:57:57 - [TEST_STEP][PASSED] - delay: Delayed 2 second(s)

2018-05-28 12:57:59 - [MESSAGE][PASSED] - Delayed 2 second(s)

2018-05-28 12:57:59 - [TEST_STEP][PASSED] - Statement - If (java.lang.String.valueOf(StockQty) >= java.lang.String.valueOf(RequestedQty)): null

2018-05-28 12:57:59 - [TEST_STEP][PASSED] - setText: Text '10' is set on object 'Object Repository/DispensaryToStore/Page_Store/input_txtqty'

2018-05-28 12:57:59 - [MESSAGE][PASSED] - Text '10' is set on object 'Object Repository/DispensaryToStore/Page_Store/input_txtqty'

2018-05-28 12:57:59 - [TEST_STEP][PASSED] - click: Object: 'Object Repository/DispensaryToStore/Page_Store/button_Add' is clicked on

2018-05-28 12:57:59 - [MESSAGE][PASSED] - Object: 'Object Repository/DispensaryToStore/Page_Store/button_Add' is clicked on

2018-05-28 12:57:59 - [TEST_STEP][PASSED] - Statement - Break: null

2018-05-28 12:57:59 - [TEST_STEP][PASSED] - selectOptionByIndex: All options with index in [12] are selected on object 'Object Repository/DispensaryToStore/Page_Store/select_--Select--Adernaline 0.'

2018-05-28 12:57:59 - [MESSAGE][PASSED] - All options with index in [12] are selected on object 'Object Repository/DispensaryToStore/Page_Store/select_--Select--Adernaline 0.'

2018-05-28 12:57:59 - [TEST_STEP][PASSED] - delay: Delayed 2 second(s)

2018-05-28 12:58:01 - [MESSAGE][PASSED] - Delayed 2 second(s)

2018-05-28 12:58:01 - [TEST_STEP][PASSED] - Statement - RequestedQty = com.kms.katalon.core.webui.keyword.WebUiBuiltInKeywords.getAttribute(com.kms.katalon.core.testobject.ObjectRepository.findTestObject(DispensaryToStore/Page_Store/input_txttotal), "value"): Attribute 'value' of object 'Object Repository/DispensaryToStore/Page_Store/input_txttotal' is: '10'

2018-05-28 12:58:01 - [MESSAGE][PASSED] - Attribute 'value' of object 'Object Repository/DispensaryToStore/Page_Store/input_txttotal' is: '10'

2018-05-28 12:58:01 - [TEST_STEP][PASSED] - Statement - out.println("Requested QTY : " + RequestedQty): null

2018-05-28 12:58:01 - [TEST_STEP][PASSED] - Statement - BatchNumber = com.kms.katalon.core.webui.keyword.WebUiBuiltInKeywords.getNumberOfTotalOption(com.kms.katalon.core.testobject.ObjectRepository.findTestObject(DispensaryToStore/Page_Store/select_--Select--BA1170BA2376B)): 4 options of object 'Object Repository/DispensaryToStore/Page_Store/select_--Select--BA1170BA2376B' counted

2018-05-28 12:58:01 - [MESSAGE][PASSED] - 4 options of object 'Object Repository/DispensaryToStore/Page_Store/select_--Select--BA1170BA2376B' counted

2018-05-28 12:58:01 - [TEST_STEP][PASSED] - Statement - For ([g = 1, g <= BatchNumber - 1, (g++)]): null

2018-05-28 12:58:01 - [TEST_STEP][PASSED] - selectOptionByIndex: All options with index in [1] are selected on object 'Object Repository/DispensaryToStore/Page_Store/select_--Select--BA1170BA2376B'

2018-05-28 12:58:01 - [MESSAGE][PASSED] - All options with index in [1] are selected on object 'Object Repository/DispensaryToStore/Page_Store/select_--Select--BA1170BA2376B'

2018-05-28 12:58:01 - [TEST_STEP][PASSED] - Statement - Try: null

2018-05-28 12:58:01 - [TEST_STEP][PASSED] - Statement - StockQty = com.kms.katalon.core.webui.keyword.WebUiBuiltInKeywords.getAttribute(com.kms.katalon.core.testobject.ObjectRepository.findTestObject(DispensaryToStore/Page_Store/input_txtprice), "value"): Attribute 'value' of object 'Object Repository/DispensaryToStore/Page_Store/input_txtprice' is: '110'

2018-05-28 12:58:01 - [MESSAGE][PASSED] - Attribute 'value' of object 'Object Repository/DispensaryToStore/Page_Store/input_txtprice' is: '110'

2018-05-28 12:58:01 - [TEST_STEP][PASSED] - Statement - out.println("Stock QTY : " + StockQty): null

2018-05-28 12:58:01 - [TEST_STEP][PASSED] - delay: Delayed 2 second(s)

2018-05-28 12:58:03 - [MESSAGE][PASSED] - Delayed 2 second(s)

2018-05-28 12:58:03 - [TEST_STEP][PASSED] - Statement - If (java.lang.String.valueOf(StockQty) >= java.lang.String.valueOf(RequestedQty)): null

2018-05-28 12:58:03 - [TEST_STEP][PASSED] - setText: Text '10' is set on object 'Object Repository/DispensaryToStore/Page_Store/input_txtqty'

2018-05-28 12:58:04 - [MESSAGE][PASSED] - Text '10' is set on object 'Object Repository/DispensaryToStore/Page_Store/input_txtqty'

2018-05-28 12:58:04 - [TEST_STEP][PASSED] - click: Object: 'Object Repository/DispensaryToStore/Page_Store/button_Add' is clicked on

2018-05-28 12:58:04 - [MESSAGE][PASSED] - Object: 'Object Repository/DispensaryToStore/Page_Store/button_Add' is clicked on

2018-05-28 12:58:04 - [TEST_STEP][PASSED] - Statement - Break: null

2018-05-28 12:58:04 - [TEST_STEP][PASSED] - selectOptionByIndex: All options with index in [13] are selected on object 'Object Repository/DispensaryToStore/Page_Store/select_--Select--Adernaline 0.'

2018-05-28 12:58:04 - [MESSAGE][PASSED] - All options with index in [13] are selected on object 'Object Repository/DispensaryToStore/Page_Store/select_--Select--Adernaline 0.'

2018-05-28 12:58:04 - [TEST_STEP][PASSED] - delay: Delayed 2 second(s)

2018-05-28 12:58:06 - [MESSAGE][PASSED] - Delayed 2 second(s)

2018-05-28 12:58:06 - [TEST_STEP][PASSED] - Statement - RequestedQty = com.kms.katalon.core.webui.keyword.WebUiBuiltInKeywords.getAttribute(com.kms.katalon.core.testobject.ObjectRepository.findTestObject(DispensaryToStore/Page_Store/input_txttotal), "value"): Attribute 'value' of object 'Object Repository/DispensaryToStore/Page_Store/input_txttotal' is: '10'

2018-05-28 12:58:06 - [MESSAGE][PASSED] - Attribute 'value' of object 'Object Repository/DispensaryToStore/Page_Store/input_txttotal' is: '10'

2018-05-28 12:58:06 - [TEST_STEP][PASSED] - Statement - out.println("Requested QTY : " + RequestedQty): null

2018-05-28 12:58:06 - [TEST_STEP][PASSED] - Statement - BatchNumber = com.kms.katalon.core.webui.keyword.WebUiBuiltInKeywords.getNumberOfTotalOption(com.kms.katalon.core.testobject.ObjectRepository.findTestObject(DispensaryToStore/Page_Store/select_--Select--BA1170BA2376B)): 3 options of object 'Object Repository/DispensaryToStore/Page_Store/select_--Select--BA1170BA2376B' counted

2018-05-28 12:58:06 - [MESSAGE][PASSED] - 3 options of object 'Object Repository/DispensaryToStore/Page_Store/select_--Select--BA1170BA2376B' counted

2018-05-28 12:58:06 - [TEST_STEP][PASSED] - Statement - For ([g = 1, g <= BatchNumber - 1, (g++)]): null

2018-05-28 12:58:06 - [TEST_STEP][PASSED] - selectOptionByIndex: All options with index in [1] are selected on object 'Object Repository/DispensaryToStore/Page_Store/select_--Select--BA1170BA2376B'

2018-05-28 12:58:06 - [MESSAGE][PASSED] - All options with index in [1] are selected on object 'Object Repository/DispensaryToStore/Page_Store/select_--Select--BA1170BA2376B'

2018-05-28 12:58:06 - [TEST_STEP][PASSED] - Statement - Try: null

2018-05-28 12:58:06 - [TEST_STEP][PASSED] - Statement - StockQty = com.kms.katalon.core.webui.keyword.WebUiBuiltInKeywords.getAttribute(com.kms.katalon.core.testobject.ObjectRepository.findTestObject(DispensaryToStore/Page_Store/input_txtprice), "value"): Attribute 'value' of object 'Object Repository/DispensaryToStore/Page_Store/input_txtprice' is: '1070'

2018-05-28 12:58:06 - [MESSAGE][PASSED] - Attribute 'value' of object 'Object Repository/DispensaryToStore/Page_Store/input_txtprice' is: '1070'

2018-05-28 12:58:06 - [TEST_STEP][PASSED] - Statement - out.println("Stock QTY : " + StockQty): null

2018-05-28 12:58:06 - [TEST_STEP][PASSED] - delay: Delayed 2 second(s)

2018-05-28 12:58:08 - [MESSAGE][PASSED] - Delayed 2 second(s)

2018-05-28 12:58:08 - [TEST_STEP][PASSED] - Statement - If (java.lang.String.valueOf(StockQty) >= java.lang.String.valueOf(RequestedQty)): null

2018-05-28 12:58:08 - [TEST_STEP][PASSED] - setText: Text '10' is set on object 'Object Repository/DispensaryToStore/Page_Store/input_txtqty'

2018-05-28 12:58:08 - [MESSAGE][PASSED] - Text '10' is set on object 'Object Repository/DispensaryToStore/Page_Store/input_txtqty'

2018-05-28 12:58:08 - [TEST_STEP][PASSED] - click: Object: 'Object Repository/DispensaryToStore/Page_Store/button_Add' is clicked on

2018-05-28 12:58:08 - [MESSAGE][PASSED] - Object: 'Object Repository/DispensaryToStore/Page_Store/button_Add' is clicked on

2018-05-28 12:58:08 - [TEST_STEP][PASSED] - Statement - Break: null

2018-05-28 12:58:08 - [TEST_STEP][PASSED] - selectOptionByIndex: All options with index in [14] are selected on object 'Object Repository/DispensaryToStore/Page_Store/select_--Select--Adernaline 0.'

2018-05-28 12:58:09 - [MESSAGE][PASSED] - All options with index in [14] are selected on object 'Object Repository/DispensaryToStore/Page_Store/select_--Select--Adernaline 0.'

2018-05-28 12:58:09 - [TEST_STEP][PASSED] - delay: Delayed 2 second(s)

2018-05-28 12:58:11 - [MESSAGE][PASSED] - Delayed 2 second(s)

2018-05-28 12:58:11 - [TEST_STEP][PASSED] - Statement - RequestedQty = com.kms.katalon.core.webui.keyword.WebUiBuiltInKeywords.getAttribute(com.kms.katalon.core.testobject.ObjectRepository.findTestObject(DispensaryToStore/Page_Store/input_txttotal), "value"): Attribute 'value' of object 'Object Repository/DispensaryToStore/Page_Store/input_txttotal' is: '10'

2018-05-28 12:58:11 - [MESSAGE][PASSED] - Attribute 'value' of object 'Object Repository/DispensaryToStore/Page_Store/input_txttotal' is: '10'

2018-05-28 12:58:11 - [TEST_STEP][PASSED] - Statement - out.println("Requested QTY : " + RequestedQty): null

2018-05-28 12:58:11 - [TEST_STEP][PASSED] - Statement - BatchNumber = com.kms.katalon.core.webui.keyword.WebUiBuiltInKeywords.getNumberOfTotalOption(com.kms.katalon.core.testobject.ObjectRepository.findTestObject(DispensaryToStore/Page_Store/select_--Select--BA1170BA2376B)): 4 options of object 'Object Repository/DispensaryToStore/Page_Store/select_--Select--BA1170BA2376B' counted

2018-05-28 12:58:11 - [MESSAGE][PASSED] - 4 options of object 'Object Repository/DispensaryToStore/Page_Store/select_--Select--BA1170BA2376B' counted

2018-05-28 12:58:11 - [TEST_STEP][PASSED] - Statement - For ([g = 1, g <= BatchNumber - 1, (g++)]): null

2018-05-28 12:58:11 - [TEST_STEP][PASSED] - selectOptionByIndex: All options with index in [1] are selected on object 'Object Repository/DispensaryToStore/Page_Store/select_--Select--BA1170BA2376B'

2018-05-28 12:58:11 - [MESSAGE][PASSED] - All options with index in [1] are selected on object 'Object Repository/DispensaryToStore/Page_Store/select_--Select--BA1170BA2376B'

2018-05-28 12:58:11 - [TEST_STEP][PASSED] - Statement - Try: null

2018-05-28 12:58:11 - [TEST_STEP][PASSED] - Statement - StockQty = com.kms.katalon.core.webui.keyword.WebUiBuiltInKeywords.getAttribute(com.kms.katalon.core.testobject.ObjectRepository.findTestObject(DispensaryToStore/Page_Store/input_txtprice), "value"): Attribute 'value' of object 'Object Repository/DispensaryToStore/Page_Store/input_txtprice' is: '110'

2018-05-28 12:58:11 - [MESSAGE][PASSED] - Attribute 'value' of object 'Object Repository/DispensaryToStore/Page_Store/input_txtprice' is: '110'

2018-05-28 12:58:11 - [TEST_STEP][PASSED] - Statement - out.println("Stock QTY : " + StockQty): null

2018-05-28 12:58:11 - [TEST_STEP][PASSED] - delay: Delayed 2 second(s)

2018-05-28 12:58:13 - [MESSAGE][PASSED] - Delayed 2 second(s)

2018-05-28 12:58:13 - [TEST_STEP][PASSED] - Statement - If (java.lang.String.valueOf(StockQty) >= java.lang.String.valueOf(RequestedQty)): null

2018-05-28 12:58:13 - [TEST_STEP][PASSED] - setText: Text '10' is set on object 'Object Repository/DispensaryToStore/Page_Store/input_txtqty'

2018-05-28 12:58:13 - [MESSAGE][PASSED] - Text '10' is set on object 'Object Repository/DispensaryToStore/Page_Store/input_txtqty'

2018-05-28 12:58:13 - [TEST_STEP][PASSED] - click: Object: 'Object Repository/DispensaryToStore/Page_Store/button_Add' is clicked on

2018-05-28 12:58:13 - [MESSAGE][PASSED] - Object: 'Object Repository/DispensaryToStore/Page_Store/button_Add' is clicked on

2018-05-28 12:58:13 - [TEST_STEP][PASSED] - Statement - Break: null

2018-05-28 12:58:13 - [TEST_STEP][PASSED] - selectOptionByIndex: All options with index in [15] are selected on object 'Object Repository/DispensaryToStore/Page_Store/select_--Select--Adernaline 0.'

2018-05-28 12:58:13 - [MESSAGE][PASSED] - All options with index in [15] are selected on object 'Object Repository/DispensaryToStore/Page_Store/select_--Select--Adernaline 0.'

2018-05-28 12:58:13 - [TEST_STEP][PASSED] - delay: Delayed 2 second(s)

2018-05-28 12:58:15 - [MESSAGE][PASSED] - Delayed 2 second(s)

2018-05-28 12:58:15 - [TEST_STEP][PASSED] - Statement - RequestedQty = com.kms.katalon.core.webui.keyword.WebUiBuiltInKeywords.getAttribute(com.kms.katalon.core.testobject.ObjectRepository.findTestObject(DispensaryToStore/Page_Store/input_txttotal), "value"): Attribute 'value' of object 'Object Repository/DispensaryToStore/Page_Store/input_txttotal' is: '10'

2018-05-28 12:58:15 - [MESSAGE][PASSED] - Attribute 'value' of object 'Object Repository/DispensaryToStore/Page_Store/input_txttotal' is: '10'

2018-05-28 12:58:15 - [TEST_STEP][PASSED] - Statement - out.println("Requested QTY : " + RequestedQty): null

2018-05-28 12:58:15 - [TEST_STEP][PASSED] - Statement - BatchNumber = com.kms.katalon.core.webui.keyword.WebUiBuiltInKeywords.getNumberOfTotalOption(com.kms.katalon.core.testobject.ObjectRepository.findTestObject(DispensaryToStore/Page_Store/select_--Select--BA1170BA2376B)): 4 options of object 'Object Repository/DispensaryToStore/Page_Store/select_--Select--BA1170BA2376B' counted

2018-05-28 12:58:15 - [MESSAGE][PASSED] - 4 options of object 'Object Repository/DispensaryToStore/Page_Store/select_--Select--BA1170BA2376B' counted

2018-05-28 12:58:15 - [TEST_STEP][PASSED] - Statement - For ([g = 1, g <= BatchNumber - 1, (g++)]): null

2018-05-28 12:58:15 - [TEST_STEP][PASSED] - selectOptionByIndex: All options with index in [1] are selected on object 'Object Repository/DispensaryToStore/Page_Store/select_--Select--BA1170BA2376B'

2018-05-28 12:58:15 - [MESSAGE][PASSED] - All options with index in [1] are selected on object 'Object Repository/DispensaryToStore/Page_Store/select_--Select--BA1170BA2376B'

2018-05-28 12:58:15 - [TEST_STEP][PASSED] - Statement - Try: null

2018-05-28 12:58:15 - [TEST_STEP][PASSED] - Statement - StockQty = com.kms.katalon.core.webui.keyword.WebUiBuiltInKeywords.getAttribute(com.kms.katalon.core.testobject.ObjectRepository.findTestObject(DispensaryToStore/Page_Store/input_txtprice), "value"): Attribute 'value' of object 'Object Repository/DispensaryToStore/Page_Store/input_txtprice' is: '110'

2018-05-28 12:58:15 - [MESSAGE][PASSED] - Attribute 'value' of object 'Object Repository/DispensaryToStore/Page_Store/input_txtprice' is: '110'

2018-05-28 12:58:15 - [TEST_STEP][PASSED] - Statement - out.println("Stock QTY : " + StockQty): null

2018-05-28 12:58:15 - [TEST_STEP][PASSED] - delay: Delayed 2 second(s)

2018-05-28 12:58:17 - [MESSAGE][PASSED] - Delayed 2 second(s)

2018-05-28 12:58:17 - [TEST_STEP][PASSED] - Statement - If (java.lang.String.valueOf(StockQty) >= java.lang.String.valueOf(RequestedQty)): null

2018-05-28 12:58:17 - [TEST_STEP][PASSED] - setText: Text '10' is set on object 'Object Repository/DispensaryToStore/Page_Store/input_txtqty'

2018-05-28 12:58:18 - [MESSAGE][PASSED] - Text '10' is set on object 'Object Repository/DispensaryToStore/Page_Store/input_txtqty'

2018-05-28 12:58:18 - [TEST_STEP][PASSED] - click: Object: 'Object Repository/DispensaryToStore/Page_Store/button_Add' is clicked on

2018-05-28 12:58:18 - [MESSAGE][PASSED] - Object: 'Object Repository/DispensaryToStore/Page_Store/button_Add' is clicked on

2018-05-28 12:58:18 - [TEST_STEP][PASSED] - Statement - Break: null

2018-05-28 12:58:18 - [TEST_STEP][PASSED] - selectOptionByIndex: All options with index in [16] are selected on object 'Object Repository/DispensaryToStore/Page_Store/select_--Select--Adernaline 0.'

2018-05-28 12:58:18 - [MESSAGE][PASSED] - All options with index in [16] are selected on object 'Object Repository/DispensaryToStore/Page_Store/select_--Select--Adernaline 0.'

2018-05-28 12:58:18 - [TEST_STEP][PASSED] - delay: Delayed 2 second(s)

2018-05-28 12:58:20 - [MESSAGE][PASSED] - Delayed 2 second(s)

2018-05-28 12:58:20 - [TEST_STEP][PASSED] - Statement - RequestedQty = com.kms.katalon.core.webui.keyword.WebUiBuiltInKeywords.getAttribute(com.kms.katalon.core.testobject.ObjectRepository.findTestObject(DispensaryToStore/Page_Store/input_txttotal), "value"): Attribute 'value' of object 'Object Repository/DispensaryToStore/Page_Store/input_txttotal' is: '10'

2018-05-28 12:58:20 - [MESSAGE][PASSED] - Attribute 'value' of object 'Object Repository/DispensaryToStore/Page_Store/input_txttotal' is: '10'

2018-05-28 12:58:20 - [TEST_STEP][PASSED] - Statement - out.println("Requested QTY : " + RequestedQty): null

2018-05-28 12:58:20 - [TEST_STEP][PASSED] - Statement - BatchNumber = com.kms.katalon.core.webui.keyword.WebUiBuiltInKeywords.getNumberOfTotalOption(com.kms.katalon.core.testobject.ObjectRepository.findTestObject(DispensaryToStore/Page_Store/select_--Select--BA1170BA2376B)): 4 options of object 'Object Repository/DispensaryToStore/Page_Store/select_--Select--BA1170BA2376B' counted

2018-05-28 12:58:20 - [MESSAGE][PASSED] - 4 options of object 'Object Repository/DispensaryToStore/Page_Store/select_--Select--BA1170BA2376B' counted

2018-05-28 12:58:20 - [TEST_STEP][PASSED] - Statement - For ([g = 1, g <= BatchNumber - 1, (g++)]): null

2018-05-28 12:58:20 - [TEST_STEP][PASSED] - selectOptionByIndex: All options with index in [1] are selected on object 'Object Repository/DispensaryToStore/Page_Store/select_--Select--BA1170BA2376B'

2018-05-28 12:58:20 - [MESSAGE][PASSED] - All options with index in [1] are selected on object 'Object Repository/DispensaryToStore/Page_Store/select_--Select--BA1170BA2376B'

2018-05-28 12:58:20 - [TEST_STEP][PASSED] - Statement - Try: null

2018-05-28 12:58:20 - [TEST_STEP][PASSED] - Statement - StockQty = com.kms.katalon.core.webui.keyword.WebUiBuiltInKeywords.getAttribute(com.kms.katalon.core.testobject.ObjectRepository.findTestObject(DispensaryToStore/Page_Store/input_txtprice), "value"): Attribute 'value' of object 'Object Repository/DispensaryToStore/Page_Store/input_txtprice' is: '10'

2018-05-28 12:58:20 - [MESSAGE][PASSED] - Attribute 'value' of object 'Object Repository/DispensaryToStore/Page_Store/input_txtprice' is: '10'

2018-05-28 12:58:20 - [TEST_STEP][PASSED] - Statement - out.println("Stock QTY : " + StockQty): null

2018-05-28 12:58:20 - [TEST_STEP][PASSED] - delay: Delayed 2 second(s)

2018-05-28 12:58:22 - [MESSAGE][PASSED] - Delayed 2 second(s)

2018-05-28 12:58:22 - [TEST_STEP][PASSED] - Statement - If (java.lang.String.valueOf(StockQty) >= java.lang.String.valueOf(RequestedQty)): null

2018-05-28 12:58:22 - [TEST_STEP][PASSED] - setText: Text '10' is set on object 'Object Repository/DispensaryToStore/Page_Store/input_txtqty'

2018-05-28 12:58:22 - [MESSAGE][PASSED] - Text '10' is set on object 'Object Repository/DispensaryToStore/Page_Store/input_txtqty'

2018-05-28 12:58:22 - [TEST_STEP][PASSED] - click: Object: 'Object Repository/DispensaryToStore/Page_Store/button_Add' is clicked on

2018-05-28 12:58:22 - [MESSAGE][PASSED] - Object: 'Object Repository/DispensaryToStore/Page_Store/button_Add' is clicked on

2018-05-28 12:58:22 - [TEST_STEP][PASSED] - Statement - Break: null

2018-05-28 12:58:22 - [TEST_STEP][PASSED] - selectOptionByIndex: All options with index in [17] are selected on object 'Object Repository/DispensaryToStore/Page_Store/select_--Select--Adernaline 0.'

2018-05-28 12:58:23 - [MESSAGE][PASSED] - All options with index in [17] are selected on object 'Object Repository/DispensaryToStore/Page_Store/select_--Select--Adernaline 0.'

2018-05-28 12:58:23 - [TEST_STEP][PASSED] - delay: Delayed 2 second(s)

2018-05-28 12:58:25 - [MESSAGE][PASSED] - Delayed 2 second(s)

2018-05-28 12:58:25 - [TEST_STEP][PASSED] - Statement - RequestedQty = com.kms.katalon.core.webui.keyword.WebUiBuiltInKeywords.getAttribute(com.kms.katalon.core.testobject.ObjectRepository.findTestObject(DispensaryToStore/Page_Store/input_txttotal), "value"): Attribute 'value' of object 'Object Repository/DispensaryToStore/Page_Store/input_txttotal' is: '10'

2018-05-28 12:58:25 - [MESSAGE][PASSED] - Attribute 'value' of object 'Object Repository/DispensaryToStore/Page_Store/input_txttotal' is: '10'

2018-05-28 12:58:25 - [TEST_STEP][PASSED] - Statement - out.println("Requested QTY : " + RequestedQty): null

2018-05-28 12:58:25 - [TEST_STEP][PASSED] - Statement - BatchNumber = com.kms.katalon.core.webui.keyword.WebUiBuiltInKeywords.getNumberOfTotalOption(com.kms.katalon.core.testobject.ObjectRepository.findTestObject(DispensaryToStore/Page_Store/select_--Select--BA1170BA2376B)): 3 options of object 'Object Repository/DispensaryToStore/Page_Store/select_--Select--BA1170BA2376B' counted

2018-05-28 12:58:25 - [MESSAGE][PASSED] - 3 options of object 'Object Repository/DispensaryToStore/Page_Store/select_--Select--BA1170BA2376B' counted

2018-05-28 12:58:25 - [TEST_STEP][PASSED] - Statement - For ([g = 1, g <= BatchNumber - 1, (g++)]): null

2018-05-28 12:58:25 - [TEST_STEP][PASSED] - selectOptionByIndex: All options with index in [1] are selected on object 'Object Repository/DispensaryToStore/Page_Store/select_--Select--BA1170BA2376B'

2018-05-28 12:58:25 - [MESSAGE][PASSED] - All options with index in [1] are selected on object 'Object Repository/DispensaryToStore/Page_Store/select_--Select--BA1170BA2376B'

2018-05-28 12:58:25 - [TEST_STEP][PASSED] - Statement - Try: null

2018-05-28 12:58:25 - [TEST_STEP][PASSED] - Statement - StockQty = com.kms.katalon.core.webui.keyword.WebUiBuiltInKeywords.getAttribute(com.kms.katalon.core.testobject.ObjectRepository.findTestObject(DispensaryToStore/Page_Store/input_txtprice), "value"): Attribute 'value' of object 'Object Repository/DispensaryToStore/Page_Store/input_txtprice' is: '1070'

2018-05-28 12:58:25 - [MESSAGE][PASSED] - Attribute 'value' of object 'Object Repository/DispensaryToStore/Page_Store/input_txtprice' is: '1070'

2018-05-28 12:58:25 - [TEST_STEP][PASSED] - Statement - out.println("Stock QTY : " + StockQty): null

2018-05-28 12:58:25 - [TEST_STEP][PASSED] - delay: Delayed 2 second(s)

2018-05-28 12:58:27 - [MESSAGE][PASSED] - Delayed 2 second(s)

2018-05-28 12:58:27 - [TEST_STEP][PASSED] - Statement - If (java.lang.String.valueOf(StockQty) >= java.lang.String.valueOf(RequestedQty)): null

2018-05-28 12:58:27 - [TEST_STEP][PASSED] - setText: Text '10' is set on object 'Object Repository/DispensaryToStore/Page_Store/input_txtqty'

2018-05-28 12:58:27 - [MESSAGE][PASSED] - Text '10' is set on object 'Object Repository/DispensaryToStore/Page_Store/input_txtqty'

2018-05-28 12:58:27 - [TEST_STEP][PASSED] - click: Object: 'Object Repository/DispensaryToStore/Page_Store/button_Add' is clicked on

2018-05-28 12:58:27 - [MESSAGE][PASSED] - Object: 'Object Repository/DispensaryToStore/Page_Store/button_Add' is clicked on

2018-05-28 12:58:27 - [TEST_STEP][PASSED] - Statement - Break: null

2018-05-28 12:58:27 - [TEST_STEP][PASSED] - selectOptionByIndex: All options with index in [18] are selected on object 'Object Repository/DispensaryToStore/Page_Store/select_--Select--Adernaline 0.'

2018-05-28 12:58:27 - [MESSAGE][PASSED] - All options with index in [18] are selected on object 'Object Repository/DispensaryToStore/Page_Store/select_--Select--Adernaline 0.'

2018-05-28 12:58:27 - [TEST_STEP][PASSED] - delay: Delayed 2 second(s)

2018-05-28 12:58:29 - [MESSAGE][PASSED] - Delayed 2 second(s)

2018-05-28 12:58:29 - [TEST_STEP][PASSED] - Statement - RequestedQty = com.kms.katalon.core.webui.keyword.WebUiBuiltInKeywords.getAttribute(com.kms.katalon.core.testobject.ObjectRepository.findTestObject(DispensaryToStore/Page_Store/input_txttotal), "value"): Attribute 'value' of object 'Object Repository/DispensaryToStore/Page_Store/input_txttotal' is: '10'

2018-05-28 12:58:29 - [MESSAGE][PASSED] - Attribute 'value' of object 'Object Repository/DispensaryToStore/Page_Store/input_txttotal' is: '10'

2018-05-28 12:58:29 - [TEST_STEP][PASSED] - Statement - out.println("Requested QTY : " + RequestedQty): null

2018-05-28 12:58:29 - [TEST_STEP][PASSED] - Statement - BatchNumber = com.kms.katalon.core.webui.keyword.WebUiBuiltInKeywords.getNumberOfTotalOption(com.kms.katalon.core.testobject.ObjectRepository.findTestObject(DispensaryToStore/Page_Store/select_--Select--BA1170BA2376B)): 4 options of object 'Object Repository/DispensaryToStore/Page_Store/select_--Select--BA1170BA2376B' counted

2018-05-28 12:58:30 - [MESSAGE][PASSED] - 4 options of object 'Object Repository/DispensaryToStore/Page_Store/select_--Select--BA1170BA2376B' counted

2018-05-28 12:58:30 - [TEST_STEP][PASSED] - Statement - For ([g = 1, g <= BatchNumber - 1, (g++)]): null

2018-05-28 12:58:30 - [TEST_STEP][PASSED] - selectOptionByIndex: All options with index in [1] are selected on object 'Object Repository/DispensaryToStore/Page_Store/select_--Select--BA1170BA2376B'

2018-05-28 12:58:30 - [MESSAGE][PASSED] - All options with index in [1] are selected on object 'Object Repository/DispensaryToStore/Page_Store/select_--Select--BA1170BA2376B'

2018-05-28 12:58:30 - [TEST_STEP][PASSED] - Statement - Try: null

2018-05-28 12:58:30 - [TEST_STEP][PASSED] - Statement - StockQty = com.kms.katalon.core.webui.keyword.WebUiBuiltInKeywords.getAttribute(com.kms.katalon.core.testobject.ObjectRepository.findTestObject(DispensaryToStore/Page_Store/input_txtprice), "value"): Attribute 'value' of object 'Object Repository/DispensaryToStore/Page_Store/input_txtprice' is: '110'

2018-05-28 12:58:30 - [MESSAGE][PASSED] - Attribute 'value' of object 'Object Repository/DispensaryToStore/Page_Store/input_txtprice' is: '110'

2018-05-28 12:58:30 - [TEST_STEP][PASSED] - Statement - out.println("Stock QTY : " + StockQty): null

2018-05-28 12:58:30 - [TEST_STEP][PASSED] - delay: Delayed 2 second(s)

2018-05-28 12:58:32 - [MESSAGE][PASSED] - Delayed 2 second(s)

2018-05-28 12:58:32 - [TEST_STEP][PASSED] - Statement - If (java.lang.String.valueOf(StockQty) >= java.lang.String.valueOf(RequestedQty)): null

2018-05-28 12:58:32 - [TEST_STEP][PASSED] - setText: Text '10' is set on object 'Object Repository/DispensaryToStore/Page_Store/input_txtqty'

2018-05-28 12:58:32 - [MESSAGE][PASSED] - Text '10' is set on object 'Object Repository/DispensaryToStore/Page_Store/input_txtqty'

2018-05-28 12:58:32 - [TEST_STEP][PASSED] - click: Object: 'Object Repository/DispensaryToStore/Page_Store/button_Add' is clicked on

2018-05-28 12:58:32 - [MESSAGE][PASSED] - Object: 'Object Repository/DispensaryToStore/Page_Store/button_Add' is clicked on

2018-05-28 12:58:32 - [TEST_STEP][PASSED] - Statement - Break: null

2018-05-28 12:58:32 - [TEST_STEP][PASSED] - scrollToElement: Scroll to object 'Object Repository/DispensaryToStore/Page_Store/input_btnSubmit' successfully

2018-05-28 12:58:32 - [MESSAGE][PASSED] - Scroll to object 'Object Repository/DispensaryToStore/Page_Store/input_btnSubmit' successfully

2018-05-28 12:58:32 - [TEST_STEP][PASSED] - click: Object: 'Object Repository/DispensaryToStore/Page_Store/input_btnSubmit' is clicked on

2018-05-28 12:58:32 - [MESSAGE][PASSED] - Object: 'Object Repository/DispensaryToStore/Page_Store/input_btnSubmit' is clicked on

2018-05-28 12:58:32 - [TEST_STEP][PASSED] - delay: Delayed 3 second(s)

2018-05-28 12:58:35 - [MESSAGE][PASSED] - Delayed 3 second(s)

2018-05-28 12:58:35 - [TEST_STEP][PASSED] - click: Object: 'Object Repository/DispensaryToStore/Page_Store/button_OK' is clicked on

2018-05-28 12:58:36 - [MESSAGE][PASSED] - Object: 'Object Repository/DispensaryToStore/Page_Store/button_OK' is clicked on

2018-05-28 12:58:36 - [TEST_STEP][PASSED] - delay: Delayed 3 second(s)

2018-05-28 12:58:39 - [MESSAGE][PASSED] - Delayed 3 second(s)

2018-05-28 12:58:39 - [TEST_STEP][PASSED] - click: Object: 'Object Repository/DispensaryToStore/Page_Store/a_dropdown-toggle' is clicked on

2018-05-28 12:58:39 - [MESSAGE][PASSED] - Object: 'Object Repository/DispensaryToStore/Page_Store/a_dropdown-toggle' is clicked on

2018-05-28 12:58:39 - [TEST_STEP][PASSED] - click: Object: 'Object Repository/DispensaryToStore/Page_Store/a_Sign out' is clicked on

2018-05-28 12:58:40 - [MESSAGE][PASSED] - Object: 'Object Repository/DispensaryToStore/Page_Store/a_Sign out' is clicked on

2018-05-28 12:58:40 - [TEST_STEP][PASSED] - closeBrowser: Browser is closed

2018-05-28 12:58:40 - [MESSAGE][PASSED] - Browser is closed]]></system-out>
         <system-err><![CDATA[]]></system-err>
      </testcase>
      <testcase name="Test Cases/DISPENSARY TEST CASES/TC_DP_011 Verify Schedule 11 Dispensary Request Are Working Successfully Or Not" classname="Test Cases/DISPENSARY TEST CASES/TC_DP_011 Verify Schedule 11 Dispensary Request Are Working Successfully Or Not" status="PASSED">
         <system-out><![CDATA[2018-05-28 12:58:40 - [TEST_CASE][PASSED] - Test Cases/DISPENSARY TEST CASES/TC_DP_011 Verify Schedule 11 Dispensary Request Are Working Successfully Or Not: Test Cases/DISPENSARY TEST CASES/TC_DP_011 Verify Schedule 11 Dispensary Request Are Working Successfully Or Not

2018-05-28 12:58:41 - [TEST_STEP][PASSED] - openBrowser: Browser is opened with url: ''

2018-05-28 12:58:43 - [MESSAGE][PASSED] - Browser is opened with url: ''

2018-05-28 12:58:43 - [TEST_STEP][PASSED] - navigateToUrl: Navigate to 'http://192.168.137.1/multihospital_new/HDSplashscreen.aspx' successfully

2018-05-28 12:58:46 - [MESSAGE][PASSED] - Navigate to 'http://192.168.137.1/multihospital_new/HDSplashscreen.aspx' successfully

2018-05-28 12:58:46 - [TEST_STEP][PASSED] - maximizeWindow: Current window maximized

2018-05-28 12:58:47 - [MESSAGE][PASSED] - Current window maximized

2018-05-28 12:58:47 - [TEST_STEP][PASSED] - click: Object: 'Object Repository/DispensaryToStore/Page_KDMC/a_Dispensary Store' is clicked on

2018-05-28 12:58:48 - [MESSAGE][PASSED] - Object: 'Object Repository/DispensaryToStore/Page_KDMC/a_Dispensary Store' is clicked on

2018-05-28 12:58:48 - [TEST_STEP][PASSED] - setText: Text 'rajaram' is set on object 'Object Repository/DispensaryToStore/Page_Dispensary Store Login/input_txtusername'

2018-05-28 12:58:49 - [MESSAGE][PASSED] - Text 'rajaram' is set on object 'Object Repository/DispensaryToStore/Page_Dispensary Store Login/input_txtusername'

2018-05-28 12:58:49 - [TEST_STEP][PASSED] - setText: Text '123' is set on object 'Object Repository/DispensaryToStore/Page_Dispensary Store Login/input_txtpassword'

2018-05-28 12:58:49 - [MESSAGE][PASSED] - Text '123' is set on object 'Object Repository/DispensaryToStore/Page_Dispensary Store Login/input_txtpassword'

2018-05-28 12:58:49 - [TEST_STEP][PASSED] - delay: Delayed 3 second(s)

2018-05-28 12:58:52 - [MESSAGE][PASSED] - Delayed 3 second(s)

2018-05-28 12:58:52 - [TEST_STEP][PASSED] - sendKeys: Keys 'ENTER + ' sent to object: 'Object Repository/DispensaryToStore/Page_Dispensary Store Login/input_txtpassword'

2018-05-28 12:58:52 - [MESSAGE][PASSED] - Keys 'ENTER + ' sent to object: 'Object Repository/DispensaryToStore/Page_Dispensary Store Login/input_txtpassword'

2018-05-28 12:58:52 - [TEST_STEP][PASSED] - delay: Delayed 3 second(s)

2018-05-28 12:58:55 - [MESSAGE][PASSED] - Delayed 3 second(s)

2018-05-28 12:58:55 - [TEST_STEP][PASSED] - click: Object: 'Object Repository/DispensaryToStore/Page_Dispensary Store/a_Request to Store' is clicked on

2018-05-28 12:58:56 - [MESSAGE][PASSED] - Object: 'Object Repository/DispensaryToStore/Page_Dispensary Store/a_Request to Store' is clicked on

2018-05-28 12:58:56 - [TEST_STEP][PASSED] - click: Object: 'Object Repository/DispensaryToStore/Page_Dispensary Store/a_Medicine Request' is clicked on

2018-05-28 12:58:56 - [MESSAGE][PASSED] - Object: 'Object Repository/DispensaryToStore/Page_Dispensary Store/a_Medicine Request' is clicked on

2018-05-28 12:58:56 - [TEST_STEP][PASSED] - selectOptionByIndex: All options with index in [11] are selected on object 'Object Repository/DispensaryToStore/Page_Dispensary Store/select_--Select--Schedule 1Inj'

2018-05-28 12:58:57 - [MESSAGE][PASSED] - All options with index in [11] are selected on object 'Object Repository/DispensaryToStore/Page_Dispensary Store/select_--Select--Schedule 1Inj'

2018-05-28 12:58:57 - [TEST_STEP][PASSED] - Statement - medicineslength = com.kms.katalon.core.webui.keyword.WebUiBuiltInKeywords.getNumberOfTotalOption(com.kms.katalon.core.testobject.ObjectRepository.findTestObject(DispensaryToStore/Page_Dispensary Store/select_--Select--Adernaline 0.)): 81 options of object 'Object Repository/DispensaryToStore/Page_Dispensary Store/select_--Select--Adernaline 0.' counted

2018-05-28 12:58:57 - [MESSAGE][PASSED] - 81 options of object 'Object Repository/DispensaryToStore/Page_Dispensary Store/select_--Select--Adernaline 0.' counted

2018-05-28 12:58:57 - [TEST_STEP][PASSED] - Statement - For ([e = 1, e <= medicineslength - 1, (e++)]): Object: 'Object Repository/DispensaryToStore/Page_Dispensary Store/button_Add' is clicked on

2018-05-28 12:58:57 - [TEST_STEP][PASSED] - selectOptionByIndex: All options with index in [11] are selected on object 'Object Repository/DispensaryToStore/Page_Dispensary Store/select_--Select--Schedule 1Inj'

2018-05-28 12:58:57 - [MESSAGE][PASSED] - All options with index in [11] are selected on object 'Object Repository/DispensaryToStore/Page_Dispensary Store/select_--Select--Schedule 1Inj'

2018-05-28 12:58:57 - [TEST_STEP][PASSED] - delay: Delayed 1 second(s)

2018-05-28 12:58:58 - [MESSAGE][PASSED] - Delayed 1 second(s)

2018-05-28 12:58:58 - [TEST_STEP][PASSED] - selectOptionByIndex: All options with index in [1] are selected on object 'Object Repository/DispensaryToStore/Page_Dispensary Store/select_--Select--Adernaline 0.'

2018-05-28 12:58:58 - [MESSAGE][PASSED] - All options with index in [1] are selected on object 'Object Repository/DispensaryToStore/Page_Dispensary Store/select_--Select--Adernaline 0.'

2018-05-28 12:58:58 - [TEST_STEP][PASSED] - delay: Delayed 1 second(s)

2018-05-28 12:58:59 - [MESSAGE][PASSED] - Delayed 1 second(s)

2018-05-28 12:58:59 - [TEST_STEP][PASSED] - setText: Text '10' is set on object 'Object Repository/DispensaryToStore/Page_Dispensary Store/input_txttreat'

2018-05-28 12:58:59 - [MESSAGE][PASSED] - Text '10' is set on object 'Object Repository/DispensaryToStore/Page_Dispensary Store/input_txttreat'

2018-05-28 12:58:59 - [TEST_STEP][PASSED] - click: Object: 'Object Repository/DispensaryToStore/Page_Dispensary Store/button_Add' is clicked on

2018-05-28 12:58:59 - [MESSAGE][PASSED] - Object: 'Object Repository/DispensaryToStore/Page_Dispensary Store/button_Add' is clicked on

2018-05-28 12:58:59 - [TEST_STEP][PASSED] - selectOptionByIndex: All options with index in [11] are selected on object 'Object Repository/DispensaryToStore/Page_Dispensary Store/select_--Select--Schedule 1Inj'

2018-05-28 12:58:59 - [MESSAGE][PASSED] - All options with index in [11] are selected on object 'Object Repository/DispensaryToStore/Page_Dispensary Store/select_--Select--Schedule 1Inj'

2018-05-28 12:58:59 - [TEST_STEP][PASSED] - delay: Delayed 1 second(s)

2018-05-28 12:59:00 - [MESSAGE][PASSED] - Delayed 1 second(s)

2018-05-28 12:59:00 - [TEST_STEP][PASSED] - selectOptionByIndex: All options with index in [2] are selected on object 'Object Repository/DispensaryToStore/Page_Dispensary Store/select_--Select--Adernaline 0.'

2018-05-28 12:59:01 - [MESSAGE][PASSED] - All options with index in [2] are selected on object 'Object Repository/DispensaryToStore/Page_Dispensary Store/select_--Select--Adernaline 0.'

2018-05-28 12:59:01 - [TEST_STEP][PASSED] - delay: Delayed 1 second(s)

2018-05-28 12:59:02 - [MESSAGE][PASSED] - Delayed 1 second(s)

2018-05-28 12:59:02 - [TEST_STEP][PASSED] - setText: Text '10' is set on object 'Object Repository/DispensaryToStore/Page_Dispensary Store/input_txttreat'

2018-05-28 12:59:02 - [MESSAGE][PASSED] - Text '10' is set on object 'Object Repository/DispensaryToStore/Page_Dispensary Store/input_txttreat'

2018-05-28 12:59:02 - [TEST_STEP][PASSED] - click: Object: 'Object Repository/DispensaryToStore/Page_Dispensary Store/button_Add' is clicked on

2018-05-28 12:59:02 - [MESSAGE][PASSED] - Object: 'Object Repository/DispensaryToStore/Page_Dispensary Store/button_Add' is clicked on

2018-05-28 12:59:02 - [TEST_STEP][PASSED] - selectOptionByIndex: All options with index in [11] are selected on object 'Object Repository/DispensaryToStore/Page_Dispensary Store/select_--Select--Schedule 1Inj'

2018-05-28 12:59:02 - [MESSAGE][PASSED] - All options with index in [11] are selected on object 'Object Repository/DispensaryToStore/Page_Dispensary Store/select_--Select--Schedule 1Inj'

2018-05-28 12:59:02 - [TEST_STEP][PASSED] - delay: Delayed 1 second(s)

2018-05-28 12:59:03 - [MESSAGE][PASSED] - Delayed 1 second(s)

2018-05-28 12:59:03 - [TEST_STEP][PASSED] - selectOptionByIndex: All options with index in [3] are selected on object 'Object Repository/DispensaryToStore/Page_Dispensary Store/select_--Select--Adernaline 0.'

2018-05-28 12:59:03 - [MESSAGE][PASSED] - All options with index in [3] are selected on object 'Object Repository/DispensaryToStore/Page_Dispensary Store/select_--Select--Adernaline 0.'

2018-05-28 12:59:03 - [TEST_STEP][PASSED] - delay: Delayed 1 second(s)

2018-05-28 12:59:04 - [MESSAGE][PASSED] - Delayed 1 second(s)

2018-05-28 12:59:04 - [TEST_STEP][PASSED] - setText: Text '10' is set on object 'Object Repository/DispensaryToStore/Page_Dispensary Store/input_txttreat'

2018-05-28 12:59:04 - [MESSAGE][PASSED] - Text '10' is set on object 'Object Repository/DispensaryToStore/Page_Dispensary Store/input_txttreat'

2018-05-28 12:59:04 - [TEST_STEP][PASSED] - click: Object: 'Object Repository/DispensaryToStore/Page_Dispensary Store/button_Add' is clicked on

2018-05-28 12:59:04 - [MESSAGE][PASSED] - Object: 'Object Repository/DispensaryToStore/Page_Dispensary Store/button_Add' is clicked on

2018-05-28 12:59:04 - [TEST_STEP][PASSED] - selectOptionByIndex: All options with index in [11] are selected on object 'Object Repository/DispensaryToStore/Page_Dispensary Store/select_--Select--Schedule 1Inj'

2018-05-28 12:59:05 - [MESSAGE][PASSED] - All options with index in [11] are selected on object 'Object Repository/DispensaryToStore/Page_Dispensary Store/select_--Select--Schedule 1Inj'

2018-05-28 12:59:05 - [TEST_STEP][PASSED] - delay: Delayed 1 second(s)

2018-05-28 12:59:06 - [MESSAGE][PASSED] - Delayed 1 second(s)

2018-05-28 12:59:06 - [TEST_STEP][PASSED] - selectOptionByIndex: All options with index in [4] are selected on object 'Object Repository/DispensaryToStore/Page_Dispensary Store/select_--Select--Adernaline 0.'

2018-05-28 12:59:06 - [MESSAGE][PASSED] - All options with index in [4] are selected on object 'Object Repository/DispensaryToStore/Page_Dispensary Store/select_--Select--Adernaline 0.'

2018-05-28 12:59:06 - [TEST_STEP][PASSED] - delay: Delayed 1 second(s)

2018-05-28 12:59:07 - [MESSAGE][PASSED] - Delayed 1 second(s)

2018-05-28 12:59:07 - [TEST_STEP][PASSED] - setText: Text '10' is set on object 'Object Repository/DispensaryToStore/Page_Dispensary Store/input_txttreat'

2018-05-28 12:59:07 - [MESSAGE][PASSED] - Text '10' is set on object 'Object Repository/DispensaryToStore/Page_Dispensary Store/input_txttreat'

2018-05-28 12:59:07 - [TEST_STEP][PASSED] - click: Object: 'Object Repository/DispensaryToStore/Page_Dispensary Store/button_Add' is clicked on

2018-05-28 12:59:07 - [MESSAGE][PASSED] - Object: 'Object Repository/DispensaryToStore/Page_Dispensary Store/button_Add' is clicked on

2018-05-28 12:59:07 - [TEST_STEP][PASSED] - selectOptionByIndex: All options with index in [11] are selected on object 'Object Repository/DispensaryToStore/Page_Dispensary Store/select_--Select--Schedule 1Inj'

2018-05-28 12:59:07 - [MESSAGE][PASSED] - All options with index in [11] are selected on object 'Object Repository/DispensaryToStore/Page_Dispensary Store/select_--Select--Schedule 1Inj'

2018-05-28 12:59:07 - [TEST_STEP][PASSED] - delay: Delayed 1 second(s)

2018-05-28 12:59:08 - [MESSAGE][PASSED] - Delayed 1 second(s)

2018-05-28 12:59:08 - [TEST_STEP][PASSED] - selectOptionByIndex: All options with index in [5] are selected on object 'Object Repository/DispensaryToStore/Page_Dispensary Store/select_--Select--Adernaline 0.'

2018-05-28 12:59:09 - [MESSAGE][PASSED] - All options with index in [5] are selected on object 'Object Repository/DispensaryToStore/Page_Dispensary Store/select_--Select--Adernaline 0.'

2018-05-28 12:59:09 - [TEST_STEP][PASSED] - delay: Delayed 1 second(s)

2018-05-28 12:59:10 - [MESSAGE][PASSED] - Delayed 1 second(s)

2018-05-28 12:59:10 - [TEST_STEP][PASSED] - setText: Text '10' is set on object 'Object Repository/DispensaryToStore/Page_Dispensary Store/input_txttreat'

2018-05-28 12:59:10 - [MESSAGE][PASSED] - Text '10' is set on object 'Object Repository/DispensaryToStore/Page_Dispensary Store/input_txttreat'

2018-05-28 12:59:10 - [TEST_STEP][PASSED] - click: Object: 'Object Repository/DispensaryToStore/Page_Dispensary Store/button_Add' is clicked on

2018-05-28 12:59:10 - [MESSAGE][PASSED] - Object: 'Object Repository/DispensaryToStore/Page_Dispensary Store/button_Add' is clicked on

2018-05-28 12:59:10 - [TEST_STEP][PASSED] - selectOptionByIndex: All options with index in [11] are selected on object 'Object Repository/DispensaryToStore/Page_Dispensary Store/select_--Select--Schedule 1Inj'

2018-05-28 12:59:10 - [MESSAGE][PASSED] - All options with index in [11] are selected on object 'Object Repository/DispensaryToStore/Page_Dispensary Store/select_--Select--Schedule 1Inj'

2018-05-28 12:59:10 - [TEST_STEP][PASSED] - delay: Delayed 1 second(s)

2018-05-28 12:59:11 - [MESSAGE][PASSED] - Delayed 1 second(s)

2018-05-28 12:59:11 - [TEST_STEP][PASSED] - selectOptionByIndex: All options with index in [6] are selected on object 'Object Repository/DispensaryToStore/Page_Dispensary Store/select_--Select--Adernaline 0.'

2018-05-28 12:59:11 - [MESSAGE][PASSED] - All options with index in [6] are selected on object 'Object Repository/DispensaryToStore/Page_Dispensary Store/select_--Select--Adernaline 0.'

2018-05-28 12:59:11 - [TEST_STEP][PASSED] - delay: Delayed 1 second(s)

2018-05-28 12:59:12 - [MESSAGE][PASSED] - Delayed 1 second(s)

2018-05-28 12:59:12 - [TEST_STEP][PASSED] - setText: Text '10' is set on object 'Object Repository/DispensaryToStore/Page_Dispensary Store/input_txttreat'

2018-05-28 12:59:12 - [MESSAGE][PASSED] - Text '10' is set on object 'Object Repository/DispensaryToStore/Page_Dispensary Store/input_txttreat'

2018-05-28 12:59:12 - [TEST_STEP][PASSED] - click: Object: 'Object Repository/DispensaryToStore/Page_Dispensary Store/button_Add' is clicked on

2018-05-28 12:59:12 - [MESSAGE][PASSED] - Object: 'Object Repository/DispensaryToStore/Page_Dispensary Store/button_Add' is clicked on

2018-05-28 12:59:12 - [TEST_STEP][PASSED] - selectOptionByIndex: All options with index in [11] are selected on object 'Object Repository/DispensaryToStore/Page_Dispensary Store/select_--Select--Schedule 1Inj'

2018-05-28 12:59:13 - [MESSAGE][PASSED] - All options with index in [11] are selected on object 'Object Repository/DispensaryToStore/Page_Dispensary Store/select_--Select--Schedule 1Inj'

2018-05-28 12:59:13 - [TEST_STEP][PASSED] - delay: Delayed 1 second(s)

2018-05-28 12:59:14 - [MESSAGE][PASSED] - Delayed 1 second(s)

2018-05-28 12:59:14 - [TEST_STEP][PASSED] - selectOptionByIndex: All options with index in [7] are selected on object 'Object Repository/DispensaryToStore/Page_Dispensary Store/select_--Select--Adernaline 0.'

2018-05-28 12:59:14 - [MESSAGE][PASSED] - All options with index in [7] are selected on object 'Object Repository/DispensaryToStore/Page_Dispensary Store/select_--Select--Adernaline 0.'

2018-05-28 12:59:14 - [TEST_STEP][PASSED] - delay: Delayed 1 second(s)

2018-05-28 12:59:15 - [MESSAGE][PASSED] - Delayed 1 second(s)

2018-05-28 12:59:15 - [TEST_STEP][PASSED] - setText: Text '10' is set on object 'Object Repository/DispensaryToStore/Page_Dispensary Store/input_txttreat'

2018-05-28 12:59:15 - [MESSAGE][PASSED] - Text '10' is set on object 'Object Repository/DispensaryToStore/Page_Dispensary Store/input_txttreat'

2018-05-28 12:59:15 - [TEST_STEP][PASSED] - click: Object: 'Object Repository/DispensaryToStore/Page_Dispensary Store/button_Add' is clicked on

2018-05-28 12:59:15 - [MESSAGE][PASSED] - Object: 'Object Repository/DispensaryToStore/Page_Dispensary Store/button_Add' is clicked on

2018-05-28 12:59:15 - [TEST_STEP][PASSED] - selectOptionByIndex: All options with index in [11] are selected on object 'Object Repository/DispensaryToStore/Page_Dispensary Store/select_--Select--Schedule 1Inj'

2018-05-28 12:59:15 - [MESSAGE][PASSED] - All options with index in [11] are selected on object 'Object Repository/DispensaryToStore/Page_Dispensary Store/select_--Select--Schedule 1Inj'

2018-05-28 12:59:15 - [TEST_STEP][PASSED] - delay: Delayed 1 second(s)

2018-05-28 12:59:16 - [MESSAGE][PASSED] - Delayed 1 second(s)

2018-05-28 12:59:16 - [TEST_STEP][PASSED] - selectOptionByIndex: All options with index in [8] are selected on object 'Object Repository/DispensaryToStore/Page_Dispensary Store/select_--Select--Adernaline 0.'

2018-05-28 12:59:17 - [MESSAGE][PASSED] - All options with index in [8] are selected on object 'Object Repository/DispensaryToStore/Page_Dispensary Store/select_--Select--Adernaline 0.'

2018-05-28 12:59:17 - [TEST_STEP][PASSED] - delay: Delayed 1 second(s)

2018-05-28 12:59:18 - [MESSAGE][PASSED] - Delayed 1 second(s)

2018-05-28 12:59:18 - [TEST_STEP][PASSED] - setText: Text '10' is set on object 'Object Repository/DispensaryToStore/Page_Dispensary Store/input_txttreat'

2018-05-28 12:59:18 - [MESSAGE][PASSED] - Text '10' is set on object 'Object Repository/DispensaryToStore/Page_Dispensary Store/input_txttreat'

2018-05-28 12:59:18 - [TEST_STEP][PASSED] - click: Object: 'Object Repository/DispensaryToStore/Page_Dispensary Store/button_Add' is clicked on

2018-05-28 12:59:18 - [MESSAGE][PASSED] - Object: 'Object Repository/DispensaryToStore/Page_Dispensary Store/button_Add' is clicked on

2018-05-28 12:59:18 - [TEST_STEP][PASSED] - selectOptionByIndex: All options with index in [11] are selected on object 'Object Repository/DispensaryToStore/Page_Dispensary Store/select_--Select--Schedule 1Inj'

2018-05-28 12:59:18 - [MESSAGE][PASSED] - All options with index in [11] are selected on object 'Object Repository/DispensaryToStore/Page_Dispensary Store/select_--Select--Schedule 1Inj'

2018-05-28 12:59:18 - [TEST_STEP][PASSED] - delay: Delayed 1 second(s)

2018-05-28 12:59:19 - [MESSAGE][PASSED] - Delayed 1 second(s)

2018-05-28 12:59:19 - [TEST_STEP][PASSED] - selectOptionByIndex: All options with index in [9] are selected on object 'Object Repository/DispensaryToStore/Page_Dispensary Store/select_--Select--Adernaline 0.'

2018-05-28 12:59:20 - [MESSAGE][PASSED] - All options with index in [9] are selected on object 'Object Repository/DispensaryToStore/Page_Dispensary Store/select_--Select--Adernaline 0.'

2018-05-28 12:59:20 - [TEST_STEP][PASSED] - delay: Delayed 1 second(s)

2018-05-28 12:59:21 - [MESSAGE][PASSED] - Delayed 1 second(s)

2018-05-28 12:59:21 - [TEST_STEP][PASSED] - setText: Text '10' is set on object 'Object Repository/DispensaryToStore/Page_Dispensary Store/input_txttreat'

2018-05-28 12:59:21 - [MESSAGE][PASSED] - Text '10' is set on object 'Object Repository/DispensaryToStore/Page_Dispensary Store/input_txttreat'

2018-05-28 12:59:21 - [TEST_STEP][PASSED] - click: Object: 'Object Repository/DispensaryToStore/Page_Dispensary Store/button_Add' is clicked on

2018-05-28 12:59:21 - [MESSAGE][PASSED] - Object: 'Object Repository/DispensaryToStore/Page_Dispensary Store/button_Add' is clicked on

2018-05-28 12:59:21 - [TEST_STEP][PASSED] - selectOptionByIndex: All options with index in [11] are selected on object 'Object Repository/DispensaryToStore/Page_Dispensary Store/select_--Select--Schedule 1Inj'

2018-05-28 12:59:21 - [MESSAGE][PASSED] - All options with index in [11] are selected on object 'Object Repository/DispensaryToStore/Page_Dispensary Store/select_--Select--Schedule 1Inj'

2018-05-28 12:59:21 - [TEST_STEP][PASSED] - delay: Delayed 1 second(s)

2018-05-28 12:59:22 - [MESSAGE][PASSED] - Delayed 1 second(s)

2018-05-28 12:59:22 - [TEST_STEP][PASSED] - selectOptionByIndex: All options with index in [10] are selected on object 'Object Repository/DispensaryToStore/Page_Dispensary Store/select_--Select--Adernaline 0.'

2018-05-28 12:59:22 - [MESSAGE][PASSED] - All options with index in [10] are selected on object 'Object Repository/DispensaryToStore/Page_Dispensary Store/select_--Select--Adernaline 0.'

2018-05-28 12:59:22 - [TEST_STEP][PASSED] - delay: Delayed 1 second(s)

2018-05-28 12:59:23 - [MESSAGE][PASSED] - Delayed 1 second(s)

2018-05-28 12:59:23 - [TEST_STEP][PASSED] - setText: Text '10' is set on object 'Object Repository/DispensaryToStore/Page_Dispensary Store/input_txttreat'

2018-05-28 12:59:23 - [MESSAGE][PASSED] - Text '10' is set on object 'Object Repository/DispensaryToStore/Page_Dispensary Store/input_txttreat'

2018-05-28 12:59:23 - [TEST_STEP][PASSED] - click: Object: 'Object Repository/DispensaryToStore/Page_Dispensary Store/button_Add' is clicked on

2018-05-28 12:59:23 - [MESSAGE][PASSED] - Object: 'Object Repository/DispensaryToStore/Page_Dispensary Store/button_Add' is clicked on

2018-05-28 12:59:23 - [TEST_STEP][PASSED] - selectOptionByIndex: All options with index in [11] are selected on object 'Object Repository/DispensaryToStore/Page_Dispensary Store/select_--Select--Schedule 1Inj'

2018-05-28 12:59:24 - [MESSAGE][PASSED] - All options with index in [11] are selected on object 'Object Repository/DispensaryToStore/Page_Dispensary Store/select_--Select--Schedule 1Inj'

2018-05-28 12:59:24 - [TEST_STEP][PASSED] - delay: Delayed 1 second(s)

2018-05-28 12:59:25 - [MESSAGE][PASSED] - Delayed 1 second(s)

2018-05-28 12:59:25 - [TEST_STEP][PASSED] - selectOptionByIndex: All options with index in [11] are selected on object 'Object Repository/DispensaryToStore/Page_Dispensary Store/select_--Select--Adernaline 0.'

2018-05-28 12:59:25 - [MESSAGE][PASSED] - All options with index in [11] are selected on object 'Object Repository/DispensaryToStore/Page_Dispensary Store/select_--Select--Adernaline 0.'

2018-05-28 12:59:25 - [TEST_STEP][PASSED] - delay: Delayed 1 second(s)

2018-05-28 12:59:26 - [MESSAGE][PASSED] - Delayed 1 second(s)

2018-05-28 12:59:26 - [TEST_STEP][PASSED] - setText: Text '10' is set on object 'Object Repository/DispensaryToStore/Page_Dispensary Store/input_txttreat'

2018-05-28 12:59:26 - [MESSAGE][PASSED] - Text '10' is set on object 'Object Repository/DispensaryToStore/Page_Dispensary Store/input_txttreat'

2018-05-28 12:59:26 - [TEST_STEP][PASSED] - click: Object: 'Object Repository/DispensaryToStore/Page_Dispensary Store/button_Add' is clicked on

2018-05-28 12:59:26 - [MESSAGE][PASSED] - Object: 'Object Repository/DispensaryToStore/Page_Dispensary Store/button_Add' is clicked on

2018-05-28 12:59:26 - [TEST_STEP][PASSED] - selectOptionByIndex: All options with index in [11] are selected on object 'Object Repository/DispensaryToStore/Page_Dispensary Store/select_--Select--Schedule 1Inj'

2018-05-28 12:59:26 - [MESSAGE][PASSED] - All options with index in [11] are selected on object 'Object Repository/DispensaryToStore/Page_Dispensary Store/select_--Select--Schedule 1Inj'

2018-05-28 12:59:26 - [TEST_STEP][PASSED] - delay: Delayed 1 second(s)

2018-05-28 12:59:27 - [MESSAGE][PASSED] - Delayed 1 second(s)

2018-05-28 12:59:27 - [TEST_STEP][PASSED] - selectOptionByIndex: All options with index in [12] are selected on object 'Object Repository/DispensaryToStore/Page_Dispensary Store/select_--Select--Adernaline 0.'

2018-05-28 12:59:28 - [MESSAGE][PASSED] - All options with index in [12] are selected on object 'Object Repository/DispensaryToStore/Page_Dispensary Store/select_--Select--Adernaline 0.'

2018-05-28 12:59:28 - [TEST_STEP][PASSED] - delay: Delayed 1 second(s)

2018-05-28 12:59:29 - [MESSAGE][PASSED] - Delayed 1 second(s)

2018-05-28 12:59:29 - [TEST_STEP][PASSED] - setText: Text '10' is set on object 'Object Repository/DispensaryToStore/Page_Dispensary Store/input_txttreat'

2018-05-28 12:59:29 - [MESSAGE][PASSED] - Text '10' is set on object 'Object Repository/DispensaryToStore/Page_Dispensary Store/input_txttreat'

2018-05-28 12:59:29 - [TEST_STEP][PASSED] - click: Object: 'Object Repository/DispensaryToStore/Page_Dispensary Store/button_Add' is clicked on

2018-05-28 12:59:29 - [MESSAGE][PASSED] - Object: 'Object Repository/DispensaryToStore/Page_Dispensary Store/button_Add' is clicked on

2018-05-28 12:59:29 - [TEST_STEP][PASSED] - selectOptionByIndex: All options with index in [11] are selected on object 'Object Repository/DispensaryToStore/Page_Dispensary Store/select_--Select--Schedule 1Inj'

2018-05-28 12:59:29 - [MESSAGE][PASSED] - All options with index in [11] are selected on object 'Object Repository/DispensaryToStore/Page_Dispensary Store/select_--Select--Schedule 1Inj'

2018-05-28 12:59:29 - [TEST_STEP][PASSED] - delay: Delayed 1 second(s)

2018-05-28 12:59:30 - [MESSAGE][PASSED] - Delayed 1 second(s)

2018-05-28 12:59:30 - [TEST_STEP][PASSED] - selectOptionByIndex: All options with index in [13] are selected on object 'Object Repository/DispensaryToStore/Page_Dispensary Store/select_--Select--Adernaline 0.'

2018-05-28 12:59:31 - [MESSAGE][PASSED] - All options with index in [13] are selected on object 'Object Repository/DispensaryToStore/Page_Dispensary Store/select_--Select--Adernaline 0.'

2018-05-28 12:59:31 - [TEST_STEP][PASSED] - delay: Delayed 1 second(s)

2018-05-28 12:59:32 - [MESSAGE][PASSED] - Delayed 1 second(s)

2018-05-28 12:59:32 - [TEST_STEP][PASSED] - setText: Text '10' is set on object 'Object Repository/DispensaryToStore/Page_Dispensary Store/input_txttreat'

2018-05-28 12:59:32 - [MESSAGE][PASSED] - Text '10' is set on object 'Object Repository/DispensaryToStore/Page_Dispensary Store/input_txttreat'

2018-05-28 12:59:32 - [TEST_STEP][PASSED] - click: Object: 'Object Repository/DispensaryToStore/Page_Dispensary Store/button_Add' is clicked on

2018-05-28 12:59:32 - [MESSAGE][PASSED] - Object: 'Object Repository/DispensaryToStore/Page_Dispensary Store/button_Add' is clicked on

2018-05-28 12:59:32 - [TEST_STEP][PASSED] - selectOptionByIndex: All options with index in [11] are selected on object 'Object Repository/DispensaryToStore/Page_Dispensary Store/select_--Select--Schedule 1Inj'

2018-05-28 12:59:32 - [MESSAGE][PASSED] - All options with index in [11] are selected on object 'Object Repository/DispensaryToStore/Page_Dispensary Store/select_--Select--Schedule 1Inj'

2018-05-28 12:59:32 - [TEST_STEP][PASSED] - delay: Delayed 1 second(s)

2018-05-28 12:59:33 - [MESSAGE][PASSED] - Delayed 1 second(s)

2018-05-28 12:59:33 - [TEST_STEP][PASSED] - selectOptionByIndex: All options with index in [14] are selected on object 'Object Repository/DispensaryToStore/Page_Dispensary Store/select_--Select--Adernaline 0.'

2018-05-28 12:59:33 - [MESSAGE][PASSED] - All options with index in [14] are selected on object 'Object Repository/DispensaryToStore/Page_Dispensary Store/select_--Select--Adernaline 0.'

2018-05-28 12:59:33 - [TEST_STEP][PASSED] - delay: Delayed 1 second(s)

2018-05-28 12:59:34 - [MESSAGE][PASSED] - Delayed 1 second(s)

2018-05-28 12:59:34 - [TEST_STEP][PASSED] - setText: Text '10' is set on object 'Object Repository/DispensaryToStore/Page_Dispensary Store/input_txttreat'

2018-05-28 12:59:34 - [MESSAGE][PASSED] - Text '10' is set on object 'Object Repository/DispensaryToStore/Page_Dispensary Store/input_txttreat'

2018-05-28 12:59:34 - [TEST_STEP][PASSED] - click: Object: 'Object Repository/DispensaryToStore/Page_Dispensary Store/button_Add' is clicked on

2018-05-28 12:59:34 - [MESSAGE][PASSED] - Object: 'Object Repository/DispensaryToStore/Page_Dispensary Store/button_Add' is clicked on

2018-05-28 12:59:34 - [TEST_STEP][PASSED] - selectOptionByIndex: All options with index in [11] are selected on object 'Object Repository/DispensaryToStore/Page_Dispensary Store/select_--Select--Schedule 1Inj'

2018-05-28 12:59:35 - [MESSAGE][PASSED] - All options with index in [11] are selected on object 'Object Repository/DispensaryToStore/Page_Dispensary Store/select_--Select--Schedule 1Inj'

2018-05-28 12:59:35 - [TEST_STEP][PASSED] - delay: Delayed 1 second(s)

2018-05-28 12:59:36 - [MESSAGE][PASSED] - Delayed 1 second(s)

2018-05-28 12:59:36 - [TEST_STEP][PASSED] - selectOptionByIndex: All options with index in [15] are selected on object 'Object Repository/DispensaryToStore/Page_Dispensary Store/select_--Select--Adernaline 0.'

2018-05-28 12:59:36 - [MESSAGE][PASSED] - All options with index in [15] are selected on object 'Object Repository/DispensaryToStore/Page_Dispensary Store/select_--Select--Adernaline 0.'

2018-05-28 12:59:36 - [TEST_STEP][PASSED] - delay: Delayed 1 second(s)

2018-05-28 12:59:37 - [MESSAGE][PASSED] - Delayed 1 second(s)

2018-05-28 12:59:37 - [TEST_STEP][PASSED] - setText: Text '10' is set on object 'Object Repository/DispensaryToStore/Page_Dispensary Store/input_txttreat'

2018-05-28 12:59:37 - [MESSAGE][PASSED] - Text '10' is set on object 'Object Repository/DispensaryToStore/Page_Dispensary Store/input_txttreat'

2018-05-28 12:59:37 - [TEST_STEP][PASSED] - click: Object: 'Object Repository/DispensaryToStore/Page_Dispensary Store/button_Add' is clicked on

2018-05-28 12:59:37 - [MESSAGE][PASSED] - Object: 'Object Repository/DispensaryToStore/Page_Dispensary Store/button_Add' is clicked on

2018-05-28 12:59:37 - [TEST_STEP][PASSED] - selectOptionByIndex: All options with index in [11] are selected on object 'Object Repository/DispensaryToStore/Page_Dispensary Store/select_--Select--Schedule 1Inj'

2018-05-28 12:59:37 - [MESSAGE][PASSED] - All options with index in [11] are selected on object 'Object Repository/DispensaryToStore/Page_Dispensary Store/select_--Select--Schedule 1Inj'

2018-05-28 12:59:37 - [TEST_STEP][PASSED] - delay: Delayed 1 second(s)

2018-05-28 12:59:38 - [MESSAGE][PASSED] - Delayed 1 second(s)

2018-05-28 12:59:38 - [TEST_STEP][PASSED] - selectOptionByIndex: All options with index in [16] are selected on object 'Object Repository/DispensaryToStore/Page_Dispensary Store/select_--Select--Adernaline 0.'

2018-05-28 12:59:39 - [MESSAGE][PASSED] - All options with index in [16] are selected on object 'Object Repository/DispensaryToStore/Page_Dispensary Store/select_--Select--Adernaline 0.'

2018-05-28 12:59:39 - [TEST_STEP][PASSED] - delay: Delayed 1 second(s)

2018-05-28 12:59:40 - [MESSAGE][PASSED] - Delayed 1 second(s)

2018-05-28 12:59:40 - [TEST_STEP][PASSED] - setText: Text '10' is set on object 'Object Repository/DispensaryToStore/Page_Dispensary Store/input_txttreat'

2018-05-28 12:59:40 - [MESSAGE][PASSED] - Text '10' is set on object 'Object Repository/DispensaryToStore/Page_Dispensary Store/input_txttreat'

2018-05-28 12:59:40 - [TEST_STEP][PASSED] - click: Object: 'Object Repository/DispensaryToStore/Page_Dispensary Store/button_Add' is clicked on

2018-05-28 12:59:40 - [MESSAGE][PASSED] - Object: 'Object Repository/DispensaryToStore/Page_Dispensary Store/button_Add' is clicked on

2018-05-28 12:59:40 - [TEST_STEP][PASSED] - selectOptionByIndex: All options with index in [11] are selected on object 'Object Repository/DispensaryToStore/Page_Dispensary Store/select_--Select--Schedule 1Inj'

2018-05-28 12:59:40 - [MESSAGE][PASSED] - All options with index in [11] are selected on object 'Object Repository/DispensaryToStore/Page_Dispensary Store/select_--Select--Schedule 1Inj'

2018-05-28 12:59:40 - [TEST_STEP][PASSED] - delay: Delayed 1 second(s)

2018-05-28 12:59:41 - [MESSAGE][PASSED] - Delayed 1 second(s)

2018-05-28 12:59:41 - [TEST_STEP][PASSED] - selectOptionByIndex: All options with index in [17] are selected on object 'Object Repository/DispensaryToStore/Page_Dispensary Store/select_--Select--Adernaline 0.'

2018-05-28 12:59:41 - [MESSAGE][PASSED] - All options with index in [17] are selected on object 'Object Repository/DispensaryToStore/Page_Dispensary Store/select_--Select--Adernaline 0.'

2018-05-28 12:59:41 - [TEST_STEP][PASSED] - delay: Delayed 1 second(s)

2018-05-28 12:59:42 - [MESSAGE][PASSED] - Delayed 1 second(s)

2018-05-28 12:59:42 - [TEST_STEP][PASSED] - setText: Text '10' is set on object 'Object Repository/DispensaryToStore/Page_Dispensary Store/input_txttreat'

2018-05-28 12:59:42 - [MESSAGE][PASSED] - Text '10' is set on object 'Object Repository/DispensaryToStore/Page_Dispensary Store/input_txttreat'

2018-05-28 12:59:42 - [TEST_STEP][PASSED] - click: Object: 'Object Repository/DispensaryToStore/Page_Dispensary Store/button_Add' is clicked on

2018-05-28 12:59:43 - [MESSAGE][PASSED] - Object: 'Object Repository/DispensaryToStore/Page_Dispensary Store/button_Add' is clicked on

2018-05-28 12:59:43 - [TEST_STEP][PASSED] - selectOptionByIndex: All options with index in [11] are selected on object 'Object Repository/DispensaryToStore/Page_Dispensary Store/select_--Select--Schedule 1Inj'

2018-05-28 12:59:43 - [MESSAGE][PASSED] - All options with index in [11] are selected on object 'Object Repository/DispensaryToStore/Page_Dispensary Store/select_--Select--Schedule 1Inj'

2018-05-28 12:59:43 - [TEST_STEP][PASSED] - delay: Delayed 1 second(s)

2018-05-28 12:59:44 - [MESSAGE][PASSED] - Delayed 1 second(s)

2018-05-28 12:59:44 - [TEST_STEP][PASSED] - selectOptionByIndex: All options with index in [18] are selected on object 'Object Repository/DispensaryToStore/Page_Dispensary Store/select_--Select--Adernaline 0.'

2018-05-28 12:59:44 - [MESSAGE][PASSED] - All options with index in [18] are selected on object 'Object Repository/DispensaryToStore/Page_Dispensary Store/select_--Select--Adernaline 0.'

2018-05-28 12:59:44 - [TEST_STEP][PASSED] - delay: Delayed 1 second(s)

2018-05-28 12:59:45 - [MESSAGE][PASSED] - Delayed 1 second(s)

2018-05-28 12:59:45 - [TEST_STEP][PASSED] - setText: Text '10' is set on object 'Object Repository/DispensaryToStore/Page_Dispensary Store/input_txttreat'

2018-05-28 12:59:45 - [MESSAGE][PASSED] - Text '10' is set on object 'Object Repository/DispensaryToStore/Page_Dispensary Store/input_txttreat'

2018-05-28 12:59:45 - [TEST_STEP][PASSED] - click: Object: 'Object Repository/DispensaryToStore/Page_Dispensary Store/button_Add' is clicked on

2018-05-28 12:59:45 - [MESSAGE][PASSED] - Object: 'Object Repository/DispensaryToStore/Page_Dispensary Store/button_Add' is clicked on

2018-05-28 12:59:45 - [TEST_STEP][PASSED] - selectOptionByIndex: All options with index in [11] are selected on object 'Object Repository/DispensaryToStore/Page_Dispensary Store/select_--Select--Schedule 1Inj'

2018-05-28 12:59:45 - [MESSAGE][PASSED] - All options with index in [11] are selected on object 'Object Repository/DispensaryToStore/Page_Dispensary Store/select_--Select--Schedule 1Inj'

2018-05-28 12:59:45 - [TEST_STEP][PASSED] - delay: Delayed 1 second(s)

2018-05-28 12:59:46 - [MESSAGE][PASSED] - Delayed 1 second(s)

2018-05-28 12:59:46 - [TEST_STEP][PASSED] - selectOptionByIndex: All options with index in [19] are selected on object 'Object Repository/DispensaryToStore/Page_Dispensary Store/select_--Select--Adernaline 0.'

2018-05-28 12:59:47 - [MESSAGE][PASSED] - All options with index in [19] are selected on object 'Object Repository/DispensaryToStore/Page_Dispensary Store/select_--Select--Adernaline 0.'

2018-05-28 12:59:47 - [TEST_STEP][PASSED] - delay: Delayed 1 second(s)

2018-05-28 12:59:48 - [MESSAGE][PASSED] - Delayed 1 second(s)

2018-05-28 12:59:48 - [TEST_STEP][PASSED] - setText: Text '10' is set on object 'Object Repository/DispensaryToStore/Page_Dispensary Store/input_txttreat'

2018-05-28 12:59:48 - [MESSAGE][PASSED] - Text '10' is set on object 'Object Repository/DispensaryToStore/Page_Dispensary Store/input_txttreat'

2018-05-28 12:59:48 - [TEST_STEP][PASSED] - click: Object: 'Object Repository/DispensaryToStore/Page_Dispensary Store/button_Add' is clicked on

2018-05-28 12:59:48 - [MESSAGE][PASSED] - Object: 'Object Repository/DispensaryToStore/Page_Dispensary Store/button_Add' is clicked on

2018-05-28 12:59:48 - [TEST_STEP][PASSED] - selectOptionByIndex: All options with index in [11] are selected on object 'Object Repository/DispensaryToStore/Page_Dispensary Store/select_--Select--Schedule 1Inj'

2018-05-28 12:59:48 - [MESSAGE][PASSED] - All options with index in [11] are selected on object 'Object Repository/DispensaryToStore/Page_Dispensary Store/select_--Select--Schedule 1Inj'

2018-05-28 12:59:48 - [TEST_STEP][PASSED] - delay: Delayed 1 second(s)

2018-05-28 12:59:49 - [MESSAGE][PASSED] - Delayed 1 second(s)

2018-05-28 12:59:49 - [TEST_STEP][PASSED] - selectOptionByIndex: All options with index in [20] are selected on object 'Object Repository/DispensaryToStore/Page_Dispensary Store/select_--Select--Adernaline 0.'

2018-05-28 12:59:50 - [MESSAGE][PASSED] - All options with index in [20] are selected on object 'Object Repository/DispensaryToStore/Page_Dispensary Store/select_--Select--Adernaline 0.'

2018-05-28 12:59:50 - [TEST_STEP][PASSED] - delay: Delayed 1 second(s)

2018-05-28 12:59:51 - [MESSAGE][PASSED] - Delayed 1 second(s)

2018-05-28 12:59:51 - [TEST_STEP][PASSED] - setText: Text '10' is set on object 'Object Repository/DispensaryToStore/Page_Dispensary Store/input_txttreat'

2018-05-28 12:59:51 - [MESSAGE][PASSED] - Text '10' is set on object 'Object Repository/DispensaryToStore/Page_Dispensary Store/input_txttreat'

2018-05-28 12:59:51 - [TEST_STEP][PASSED] - click: Object: 'Object Repository/DispensaryToStore/Page_Dispensary Store/button_Add' is clicked on

2018-05-28 12:59:51 - [MESSAGE][PASSED] - Object: 'Object Repository/DispensaryToStore/Page_Dispensary Store/button_Add' is clicked on

2018-05-28 12:59:51 - [TEST_STEP][PASSED] - selectOptionByIndex: All options with index in [11] are selected on object 'Object Repository/DispensaryToStore/Page_Dispensary Store/select_--Select--Schedule 1Inj'

2018-05-28 12:59:51 - [MESSAGE][PASSED] - All options with index in [11] are selected on object 'Object Repository/DispensaryToStore/Page_Dispensary Store/select_--Select--Schedule 1Inj'

2018-05-28 12:59:51 - [TEST_STEP][PASSED] - delay: Delayed 1 second(s)

2018-05-28 12:59:52 - [MESSAGE][PASSED] - Delayed 1 second(s)

2018-05-28 12:59:52 - [TEST_STEP][PASSED] - selectOptionByIndex: All options with index in [21] are selected on object 'Object Repository/DispensaryToStore/Page_Dispensary Store/select_--Select--Adernaline 0.'

2018-05-28 12:59:52 - [MESSAGE][PASSED] - All options with index in [21] are selected on object 'Object Repository/DispensaryToStore/Page_Dispensary Store/select_--Select--Adernaline 0.'

2018-05-28 12:59:52 - [TEST_STEP][PASSED] - delay: Delayed 1 second(s)

2018-05-28 12:59:53 - [MESSAGE][PASSED] - Delayed 1 second(s)

2018-05-28 12:59:53 - [TEST_STEP][PASSED] - setText: Text '10' is set on object 'Object Repository/DispensaryToStore/Page_Dispensary Store/input_txttreat'

2018-05-28 12:59:53 - [MESSAGE][PASSED] - Text '10' is set on object 'Object Repository/DispensaryToStore/Page_Dispensary Store/input_txttreat'

2018-05-28 12:59:53 - [TEST_STEP][PASSED] - click: Object: 'Object Repository/DispensaryToStore/Page_Dispensary Store/button_Add' is clicked on

2018-05-28 12:59:53 - [MESSAGE][PASSED] - Object: 'Object Repository/DispensaryToStore/Page_Dispensary Store/button_Add' is clicked on

2018-05-28 12:59:53 - [TEST_STEP][PASSED] - selectOptionByIndex: All options with index in [11] are selected on object 'Object Repository/DispensaryToStore/Page_Dispensary Store/select_--Select--Schedule 1Inj'

2018-05-28 12:59:54 - [MESSAGE][PASSED] - All options with index in [11] are selected on object 'Object Repository/DispensaryToStore/Page_Dispensary Store/select_--Select--Schedule 1Inj'

2018-05-28 12:59:54 - [TEST_STEP][PASSED] - delay: Delayed 1 second(s)

2018-05-28 12:59:55 - [MESSAGE][PASSED] - Delayed 1 second(s)

2018-05-28 12:59:55 - [TEST_STEP][PASSED] - selectOptionByIndex: All options with index in [22] are selected on object 'Object Repository/DispensaryToStore/Page_Dispensary Store/select_--Select--Adernaline 0.'

2018-05-28 12:59:55 - [MESSAGE][PASSED] - All options with index in [22] are selected on object 'Object Repository/DispensaryToStore/Page_Dispensary Store/select_--Select--Adernaline 0.'

2018-05-28 12:59:55 - [TEST_STEP][PASSED] - delay: Delayed 1 second(s)

2018-05-28 12:59:56 - [MESSAGE][PASSED] - Delayed 1 second(s)

2018-05-28 12:59:56 - [TEST_STEP][PASSED] - setText: Text '10' is set on object 'Object Repository/DispensaryToStore/Page_Dispensary Store/input_txttreat'

2018-05-28 12:59:56 - [MESSAGE][PASSED] - Text '10' is set on object 'Object Repository/DispensaryToStore/Page_Dispensary Store/input_txttreat'

2018-05-28 12:59:56 - [TEST_STEP][PASSED] - click: Object: 'Object Repository/DispensaryToStore/Page_Dispensary Store/button_Add' is clicked on

2018-05-28 12:59:56 - [MESSAGE][PASSED] - Object: 'Object Repository/DispensaryToStore/Page_Dispensary Store/button_Add' is clicked on

2018-05-28 12:59:56 - [TEST_STEP][PASSED] - selectOptionByIndex: All options with index in [11] are selected on object 'Object Repository/DispensaryToStore/Page_Dispensary Store/select_--Select--Schedule 1Inj'

2018-05-28 12:59:57 - [MESSAGE][PASSED] - All options with index in [11] are selected on object 'Object Repository/DispensaryToStore/Page_Dispensary Store/select_--Select--Schedule 1Inj'

2018-05-28 12:59:57 - [TEST_STEP][PASSED] - delay: Delayed 1 second(s)

2018-05-28 12:59:58 - [MESSAGE][PASSED] - Delayed 1 second(s)

2018-05-28 12:59:58 - [TEST_STEP][PASSED] - selectOptionByIndex: All options with index in [23] are selected on object 'Object Repository/DispensaryToStore/Page_Dispensary Store/select_--Select--Adernaline 0.'

2018-05-28 12:59:58 - [MESSAGE][PASSED] - All options with index in [23] are selected on object 'Object Repository/DispensaryToStore/Page_Dispensary Store/select_--Select--Adernaline 0.'

2018-05-28 12:59:58 - [TEST_STEP][PASSED] - delay: Delayed 1 second(s)

2018-05-28 12:59:59 - [MESSAGE][PASSED] - Delayed 1 second(s)

2018-05-28 12:59:59 - [TEST_STEP][PASSED] - setText: Text '10' is set on object 'Object Repository/DispensaryToStore/Page_Dispensary Store/input_txttreat'

2018-05-28 12:59:59 - [MESSAGE][PASSED] - Text '10' is set on object 'Object Repository/DispensaryToStore/Page_Dispensary Store/input_txttreat'

2018-05-28 12:59:59 - [TEST_STEP][PASSED] - click: Object: 'Object Repository/DispensaryToStore/Page_Dispensary Store/button_Add' is clicked on

2018-05-28 12:59:59 - [MESSAGE][PASSED] - Object: 'Object Repository/DispensaryToStore/Page_Dispensary Store/button_Add' is clicked on

2018-05-28 12:59:59 - [TEST_STEP][PASSED] - selectOptionByIndex: All options with index in [11] are selected on object 'Object Repository/DispensaryToStore/Page_Dispensary Store/select_--Select--Schedule 1Inj'

2018-05-28 12:59:59 - [MESSAGE][PASSED] - All options with index in [11] are selected on object 'Object Repository/DispensaryToStore/Page_Dispensary Store/select_--Select--Schedule 1Inj'

2018-05-28 12:59:59 - [TEST_STEP][PASSED] - delay: Delayed 1 second(s)

2018-05-28 13:00:00 - [MESSAGE][PASSED] - Delayed 1 second(s)

2018-05-28 13:00:00 - [TEST_STEP][PASSED] - selectOptionByIndex: All options with index in [24] are selected on object 'Object Repository/DispensaryToStore/Page_Dispensary Store/select_--Select--Adernaline 0.'

2018-05-28 13:00:01 - [MESSAGE][PASSED] - All options with index in [24] are selected on object 'Object Repository/DispensaryToStore/Page_Dispensary Store/select_--Select--Adernaline 0.'

2018-05-28 13:00:01 - [TEST_STEP][PASSED] - delay: Delayed 1 second(s)

2018-05-28 13:00:02 - [MESSAGE][PASSED] - Delayed 1 second(s)

2018-05-28 13:00:02 - [TEST_STEP][PASSED] - setText: Text '10' is set on object 'Object Repository/DispensaryToStore/Page_Dispensary Store/input_txttreat'

2018-05-28 13:00:02 - [MESSAGE][PASSED] - Text '10' is set on object 'Object Repository/DispensaryToStore/Page_Dispensary Store/input_txttreat'

2018-05-28 13:00:02 - [TEST_STEP][PASSED] - click: Object: 'Object Repository/DispensaryToStore/Page_Dispensary Store/button_Add' is clicked on

2018-05-28 13:00:02 - [MESSAGE][PASSED] - Object: 'Object Repository/DispensaryToStore/Page_Dispensary Store/button_Add' is clicked on

2018-05-28 13:00:02 - [TEST_STEP][PASSED] - selectOptionByIndex: All options with index in [11] are selected on object 'Object Repository/DispensaryToStore/Page_Dispensary Store/select_--Select--Schedule 1Inj'

2018-05-28 13:00:02 - [MESSAGE][PASSED] - All options with index in [11] are selected on object 'Object Repository/DispensaryToStore/Page_Dispensary Store/select_--Select--Schedule 1Inj'

2018-05-28 13:00:02 - [TEST_STEP][PASSED] - delay: Delayed 1 second(s)

2018-05-28 13:00:03 - [MESSAGE][PASSED] - Delayed 1 second(s)

2018-05-28 13:00:03 - [TEST_STEP][PASSED] - selectOptionByIndex: All options with index in [25] are selected on object 'Object Repository/DispensaryToStore/Page_Dispensary Store/select_--Select--Adernaline 0.'

2018-05-28 13:00:04 - [MESSAGE][PASSED] - All options with index in [25] are selected on object 'Object Repository/DispensaryToStore/Page_Dispensary Store/select_--Select--Adernaline 0.'

2018-05-28 13:00:04 - [TEST_STEP][PASSED] - delay: Delayed 1 second(s)

2018-05-28 13:00:05 - [MESSAGE][PASSED] - Delayed 1 second(s)

2018-05-28 13:00:05 - [TEST_STEP][PASSED] - setText: Text '10' is set on object 'Object Repository/DispensaryToStore/Page_Dispensary Store/input_txttreat'

2018-05-28 13:00:05 - [MESSAGE][PASSED] - Text '10' is set on object 'Object Repository/DispensaryToStore/Page_Dispensary Store/input_txttreat'

2018-05-28 13:00:05 - [TEST_STEP][PASSED] - click: Object: 'Object Repository/DispensaryToStore/Page_Dispensary Store/button_Add' is clicked on

2018-05-28 13:00:05 - [MESSAGE][PASSED] - Object: 'Object Repository/DispensaryToStore/Page_Dispensary Store/button_Add' is clicked on

2018-05-28 13:00:05 - [TEST_STEP][PASSED] - selectOptionByIndex: All options with index in [11] are selected on object 'Object Repository/DispensaryToStore/Page_Dispensary Store/select_--Select--Schedule 1Inj'

2018-05-28 13:00:05 - [MESSAGE][PASSED] - All options with index in [11] are selected on object 'Object Repository/DispensaryToStore/Page_Dispensary Store/select_--Select--Schedule 1Inj'

2018-05-28 13:00:05 - [TEST_STEP][PASSED] - delay: Delayed 1 second(s)

2018-05-28 13:00:06 - [MESSAGE][PASSED] - Delayed 1 second(s)

2018-05-28 13:00:06 - [TEST_STEP][PASSED] - selectOptionByIndex: All options with index in [26] are selected on object 'Object Repository/DispensaryToStore/Page_Dispensary Store/select_--Select--Adernaline 0.'

2018-05-28 13:00:07 - [MESSAGE][PASSED] - All options with index in [26] are selected on object 'Object Repository/DispensaryToStore/Page_Dispensary Store/select_--Select--Adernaline 0.'

2018-05-28 13:00:07 - [TEST_STEP][PASSED] - delay: Delayed 1 second(s)

2018-05-28 13:00:08 - [MESSAGE][PASSED] - Delayed 1 second(s)

2018-05-28 13:00:08 - [TEST_STEP][PASSED] - setText: Text '10' is set on object 'Object Repository/DispensaryToStore/Page_Dispensary Store/input_txttreat'

2018-05-28 13:00:08 - [MESSAGE][PASSED] - Text '10' is set on object 'Object Repository/DispensaryToStore/Page_Dispensary Store/input_txttreat'

2018-05-28 13:00:08 - [TEST_STEP][PASSED] - click: Object: 'Object Repository/DispensaryToStore/Page_Dispensary Store/button_Add' is clicked on

2018-05-28 13:00:08 - [MESSAGE][PASSED] - Object: 'Object Repository/DispensaryToStore/Page_Dispensary Store/button_Add' is clicked on

2018-05-28 13:00:08 - [TEST_STEP][PASSED] - selectOptionByIndex: All options with index in [11] are selected on object 'Object Repository/DispensaryToStore/Page_Dispensary Store/select_--Select--Schedule 1Inj'

2018-05-28 13:00:08 - [MESSAGE][PASSED] - All options with index in [11] are selected on object 'Object Repository/DispensaryToStore/Page_Dispensary Store/select_--Select--Schedule 1Inj'

2018-05-28 13:00:08 - [TEST_STEP][PASSED] - delay: Delayed 1 second(s)

2018-05-28 13:00:09 - [MESSAGE][PASSED] - Delayed 1 second(s)

2018-05-28 13:00:09 - [TEST_STEP][PASSED] - selectOptionByIndex: All options with index in [27] are selected on object 'Object Repository/DispensaryToStore/Page_Dispensary Store/select_--Select--Adernaline 0.'

2018-05-28 13:00:09 - [MESSAGE][PASSED] - All options with index in [27] are selected on object 'Object Repository/DispensaryToStore/Page_Dispensary Store/select_--Select--Adernaline 0.'

2018-05-28 13:00:09 - [TEST_STEP][PASSED] - delay: Delayed 1 second(s)

2018-05-28 13:00:10 - [MESSAGE][PASSED] - Delayed 1 second(s)

2018-05-28 13:00:10 - [TEST_STEP][PASSED] - setText: Text '10' is set on object 'Object Repository/DispensaryToStore/Page_Dispensary Store/input_txttreat'

2018-05-28 13:00:11 - [MESSAGE][PASSED] - Text '10' is set on object 'Object Repository/DispensaryToStore/Page_Dispensary Store/input_txttreat'

2018-05-28 13:00:11 - [TEST_STEP][PASSED] - click: Object: 'Object Repository/DispensaryToStore/Page_Dispensary Store/button_Add' is clicked on

2018-05-28 13:00:11 - [MESSAGE][PASSED] - Object: 'Object Repository/DispensaryToStore/Page_Dispensary Store/button_Add' is clicked on

2018-05-28 13:00:11 - [TEST_STEP][PASSED] - selectOptionByIndex: All options with index in [11] are selected on object 'Object Repository/DispensaryToStore/Page_Dispensary Store/select_--Select--Schedule 1Inj'

2018-05-28 13:00:11 - [MESSAGE][PASSED] - All options with index in [11] are selected on object 'Object Repository/DispensaryToStore/Page_Dispensary Store/select_--Select--Schedule 1Inj'

2018-05-28 13:00:11 - [TEST_STEP][PASSED] - delay: Delayed 1 second(s)

2018-05-28 13:00:12 - [MESSAGE][PASSED] - Delayed 1 second(s)

2018-05-28 13:00:12 - [TEST_STEP][PASSED] - selectOptionByIndex: All options with index in [28] are selected on object 'Object Repository/DispensaryToStore/Page_Dispensary Store/select_--Select--Adernaline 0.'

2018-05-28 13:00:12 - [MESSAGE][PASSED] - All options with index in [28] are selected on object 'Object Repository/DispensaryToStore/Page_Dispensary Store/select_--Select--Adernaline 0.'

2018-05-28 13:00:12 - [TEST_STEP][PASSED] - delay: Delayed 1 second(s)

2018-05-28 13:00:13 - [MESSAGE][PASSED] - Delayed 1 second(s)

2018-05-28 13:00:13 - [TEST_STEP][PASSED] - setText: Text '10' is set on object 'Object Repository/DispensaryToStore/Page_Dispensary Store/input_txttreat'

2018-05-28 13:00:13 - [MESSAGE][PASSED] - Text '10' is set on object 'Object Repository/DispensaryToStore/Page_Dispensary Store/input_txttreat'

2018-05-28 13:00:13 - [TEST_STEP][PASSED] - click: Object: 'Object Repository/DispensaryToStore/Page_Dispensary Store/button_Add' is clicked on

2018-05-28 13:00:13 - [MESSAGE][PASSED] - Object: 'Object Repository/DispensaryToStore/Page_Dispensary Store/button_Add' is clicked on

2018-05-28 13:00:13 - [TEST_STEP][PASSED] - selectOptionByIndex: All options with index in [11] are selected on object 'Object Repository/DispensaryToStore/Page_Dispensary Store/select_--Select--Schedule 1Inj'

2018-05-28 13:00:14 - [MESSAGE][PASSED] - All options with index in [11] are selected on object 'Object Repository/DispensaryToStore/Page_Dispensary Store/select_--Select--Schedule 1Inj'

2018-05-28 13:00:14 - [TEST_STEP][PASSED] - delay: Delayed 1 second(s)

2018-05-28 13:00:15 - [MESSAGE][PASSED] - Delayed 1 second(s)

2018-05-28 13:00:15 - [TEST_STEP][PASSED] - selectOptionByIndex: All options with index in [29] are selected on object 'Object Repository/DispensaryToStore/Page_Dispensary Store/select_--Select--Adernaline 0.'

2018-05-28 13:00:15 - [MESSAGE][PASSED] - All options with index in [29] are selected on object 'Object Repository/DispensaryToStore/Page_Dispensary Store/select_--Select--Adernaline 0.'

2018-05-28 13:00:15 - [TEST_STEP][PASSED] - delay: Delayed 1 second(s)

2018-05-28 13:00:16 - [MESSAGE][PASSED] - Delayed 1 second(s)

2018-05-28 13:00:16 - [TEST_STEP][PASSED] - setText: Text '10' is set on object 'Object Repository/DispensaryToStore/Page_Dispensary Store/input_txttreat'

2018-05-28 13:00:16 - [MESSAGE][PASSED] - Text '10' is set on object 'Object Repository/DispensaryToStore/Page_Dispensary Store/input_txttreat'

2018-05-28 13:00:16 - [TEST_STEP][PASSED] - click: Object: 'Object Repository/DispensaryToStore/Page_Dispensary Store/button_Add' is clicked on

2018-05-28 13:00:16 - [MESSAGE][PASSED] - Object: 'Object Repository/DispensaryToStore/Page_Dispensary Store/button_Add' is clicked on

2018-05-28 13:00:16 - [TEST_STEP][PASSED] - selectOptionByIndex: All options with index in [11] are selected on object 'Object Repository/DispensaryToStore/Page_Dispensary Store/select_--Select--Schedule 1Inj'

2018-05-28 13:00:17 - [MESSAGE][PASSED] - All options with index in [11] are selected on object 'Object Repository/DispensaryToStore/Page_Dispensary Store/select_--Select--Schedule 1Inj'

2018-05-28 13:00:17 - [TEST_STEP][PASSED] - delay: Delayed 1 second(s)

2018-05-28 13:00:18 - [MESSAGE][PASSED] - Delayed 1 second(s)

2018-05-28 13:00:18 - [TEST_STEP][PASSED] - selectOptionByIndex: All options with index in [30] are selected on object 'Object Repository/DispensaryToStore/Page_Dispensary Store/select_--Select--Adernaline 0.'

2018-05-28 13:00:18 - [MESSAGE][PASSED] - All options with index in [30] are selected on object 'Object Repository/DispensaryToStore/Page_Dispensary Store/select_--Select--Adernaline 0.'

2018-05-28 13:00:18 - [TEST_STEP][PASSED] - delay: Delayed 1 second(s)

2018-05-28 13:00:19 - [MESSAGE][PASSED] - Delayed 1 second(s)

2018-05-28 13:00:19 - [TEST_STEP][PASSED] - setText: Text '10' is set on object 'Object Repository/DispensaryToStore/Page_Dispensary Store/input_txttreat'

2018-05-28 13:00:19 - [MESSAGE][PASSED] - Text '10' is set on object 'Object Repository/DispensaryToStore/Page_Dispensary Store/input_txttreat'

2018-05-28 13:00:19 - [TEST_STEP][PASSED] - click: Object: 'Object Repository/DispensaryToStore/Page_Dispensary Store/button_Add' is clicked on

2018-05-28 13:00:19 - [MESSAGE][PASSED] - Object: 'Object Repository/DispensaryToStore/Page_Dispensary Store/button_Add' is clicked on

2018-05-28 13:00:19 - [TEST_STEP][PASSED] - selectOptionByIndex: All options with index in [11] are selected on object 'Object Repository/DispensaryToStore/Page_Dispensary Store/select_--Select--Schedule 1Inj'

2018-05-28 13:00:19 - [MESSAGE][PASSED] - All options with index in [11] are selected on object 'Object Repository/DispensaryToStore/Page_Dispensary Store/select_--Select--Schedule 1Inj'

2018-05-28 13:00:19 - [TEST_STEP][PASSED] - delay: Delayed 1 second(s)

2018-05-28 13:00:20 - [MESSAGE][PASSED] - Delayed 1 second(s)

2018-05-28 13:00:20 - [TEST_STEP][PASSED] - selectOptionByIndex: All options with index in [31] are selected on object 'Object Repository/DispensaryToStore/Page_Dispensary Store/select_--Select--Adernaline 0.'

2018-05-28 13:00:21 - [MESSAGE][PASSED] - All options with index in [31] are selected on object 'Object Repository/DispensaryToStore/Page_Dispensary Store/select_--Select--Adernaline 0.'

2018-05-28 13:00:21 - [TEST_STEP][PASSED] - delay: Delayed 1 second(s)

2018-05-28 13:00:22 - [MESSAGE][PASSED] - Delayed 1 second(s)

2018-05-28 13:00:22 - [TEST_STEP][PASSED] - setText: Text '10' is set on object 'Object Repository/DispensaryToStore/Page_Dispensary Store/input_txttreat'

2018-05-28 13:00:22 - [MESSAGE][PASSED] - Text '10' is set on object 'Object Repository/DispensaryToStore/Page_Dispensary Store/input_txttreat'

2018-05-28 13:00:22 - [TEST_STEP][PASSED] - click: Object: 'Object Repository/DispensaryToStore/Page_Dispensary Store/button_Add' is clicked on

2018-05-28 13:00:22 - [MESSAGE][PASSED] - Object: 'Object Repository/DispensaryToStore/Page_Dispensary Store/button_Add' is clicked on

2018-05-28 13:00:22 - [TEST_STEP][PASSED] - selectOptionByIndex: All options with index in [11] are selected on object 'Object Repository/DispensaryToStore/Page_Dispensary Store/select_--Select--Schedule 1Inj'

2018-05-28 13:00:22 - [MESSAGE][PASSED] - All options with index in [11] are selected on object 'Object Repository/DispensaryToStore/Page_Dispensary Store/select_--Select--Schedule 1Inj'

2018-05-28 13:00:22 - [TEST_STEP][PASSED] - delay: Delayed 1 second(s)

2018-05-28 13:00:23 - [MESSAGE][PASSED] - Delayed 1 second(s)

2018-05-28 13:00:23 - [TEST_STEP][PASSED] - selectOptionByIndex: All options with index in [32] are selected on object 'Object Repository/DispensaryToStore/Page_Dispensary Store/select_--Select--Adernaline 0.'

2018-05-28 13:00:24 - [MESSAGE][PASSED] - All options with index in [32] are selected on object 'Object Repository/DispensaryToStore/Page_Dispensary Store/select_--Select--Adernaline 0.'

2018-05-28 13:00:24 - [TEST_STEP][PASSED] - delay: Delayed 1 second(s)

2018-05-28 13:00:25 - [MESSAGE][PASSED] - Delayed 1 second(s)

2018-05-28 13:00:25 - [TEST_STEP][PASSED] - setText: Text '10' is set on object 'Object Repository/DispensaryToStore/Page_Dispensary Store/input_txttreat'

2018-05-28 13:00:25 - [MESSAGE][PASSED] - Text '10' is set on object 'Object Repository/DispensaryToStore/Page_Dispensary Store/input_txttreat'

2018-05-28 13:00:25 - [TEST_STEP][PASSED] - click: Object: 'Object Repository/DispensaryToStore/Page_Dispensary Store/button_Add' is clicked on

2018-05-28 13:00:25 - [MESSAGE][PASSED] - Object: 'Object Repository/DispensaryToStore/Page_Dispensary Store/button_Add' is clicked on

2018-05-28 13:00:25 - [TEST_STEP][PASSED] - selectOptionByIndex: All options with index in [11] are selected on object 'Object Repository/DispensaryToStore/Page_Dispensary Store/select_--Select--Schedule 1Inj'

2018-05-28 13:00:25 - [MESSAGE][PASSED] - All options with index in [11] are selected on object 'Object Repository/DispensaryToStore/Page_Dispensary Store/select_--Select--Schedule 1Inj'

2018-05-28 13:00:25 - [TEST_STEP][PASSED] - delay: Delayed 1 second(s)

2018-05-28 13:00:26 - [MESSAGE][PASSED] - Delayed 1 second(s)

2018-05-28 13:00:26 - [TEST_STEP][PASSED] - selectOptionByIndex: All options with index in [33] are selected on object 'Object Repository/DispensaryToStore/Page_Dispensary Store/select_--Select--Adernaline 0.'

2018-05-28 13:00:27 - [MESSAGE][PASSED] - All options with index in [33] are selected on object 'Object Repository/DispensaryToStore/Page_Dispensary Store/select_--Select--Adernaline 0.'

2018-05-28 13:00:27 - [TEST_STEP][PASSED] - delay: Delayed 1 second(s)

2018-05-28 13:00:28 - [MESSAGE][PASSED] - Delayed 1 second(s)

2018-05-28 13:00:28 - [TEST_STEP][PASSED] - setText: Text '10' is set on object 'Object Repository/DispensaryToStore/Page_Dispensary Store/input_txttreat'

2018-05-28 13:00:28 - [MESSAGE][PASSED] - Text '10' is set on object 'Object Repository/DispensaryToStore/Page_Dispensary Store/input_txttreat'

2018-05-28 13:00:28 - [TEST_STEP][PASSED] - click: Object: 'Object Repository/DispensaryToStore/Page_Dispensary Store/button_Add' is clicked on

2018-05-28 13:00:28 - [MESSAGE][PASSED] - Object: 'Object Repository/DispensaryToStore/Page_Dispensary Store/button_Add' is clicked on

2018-05-28 13:00:28 - [TEST_STEP][PASSED] - selectOptionByIndex: All options with index in [11] are selected on object 'Object Repository/DispensaryToStore/Page_Dispensary Store/select_--Select--Schedule 1Inj'

2018-05-28 13:00:28 - [MESSAGE][PASSED] - All options with index in [11] are selected on object 'Object Repository/DispensaryToStore/Page_Dispensary Store/select_--Select--Schedule 1Inj'

2018-05-28 13:00:28 - [TEST_STEP][PASSED] - delay: Delayed 1 second(s)

2018-05-28 13:00:29 - [MESSAGE][PASSED] - Delayed 1 second(s)

2018-05-28 13:00:29 - [TEST_STEP][PASSED] - selectOptionByIndex: All options with index in [34] are selected on object 'Object Repository/DispensaryToStore/Page_Dispensary Store/select_--Select--Adernaline 0.'

2018-05-28 13:00:30 - [MESSAGE][PASSED] - All options with index in [34] are selected on object 'Object Repository/DispensaryToStore/Page_Dispensary Store/select_--Select--Adernaline 0.'

2018-05-28 13:00:30 - [TEST_STEP][PASSED] - delay: Delayed 1 second(s)

2018-05-28 13:00:31 - [MESSAGE][PASSED] - Delayed 1 second(s)

2018-05-28 13:00:31 - [TEST_STEP][PASSED] - setText: Text '10' is set on object 'Object Repository/DispensaryToStore/Page_Dispensary Store/input_txttreat'

2018-05-28 13:00:31 - [MESSAGE][PASSED] - Text '10' is set on object 'Object Repository/DispensaryToStore/Page_Dispensary Store/input_txttreat'

2018-05-28 13:00:31 - [TEST_STEP][PASSED] - click: Object: 'Object Repository/DispensaryToStore/Page_Dispensary Store/button_Add' is clicked on

2018-05-28 13:00:31 - [MESSAGE][PASSED] - Object: 'Object Repository/DispensaryToStore/Page_Dispensary Store/button_Add' is clicked on

2018-05-28 13:00:31 - [TEST_STEP][PASSED] - selectOptionByIndex: All options with index in [11] are selected on object 'Object Repository/DispensaryToStore/Page_Dispensary Store/select_--Select--Schedule 1Inj'

2018-05-28 13:00:31 - [MESSAGE][PASSED] - All options with index in [11] are selected on object 'Object Repository/DispensaryToStore/Page_Dispensary Store/select_--Select--Schedule 1Inj'

2018-05-28 13:00:31 - [TEST_STEP][PASSED] - delay: Delayed 1 second(s)

2018-05-28 13:00:32 - [MESSAGE][PASSED] - Delayed 1 second(s)

2018-05-28 13:00:32 - [TEST_STEP][PASSED] - selectOptionByIndex: All options with index in [35] are selected on object 'Object Repository/DispensaryToStore/Page_Dispensary Store/select_--Select--Adernaline 0.'

2018-05-28 13:00:33 - [MESSAGE][PASSED] - All options with index in [35] are selected on object 'Object Repository/DispensaryToStore/Page_Dispensary Store/select_--Select--Adernaline 0.'

2018-05-28 13:00:33 - [TEST_STEP][PASSED] - delay: Delayed 1 second(s)

2018-05-28 13:00:34 - [MESSAGE][PASSED] - Delayed 1 second(s)

2018-05-28 13:00:34 - [TEST_STEP][PASSED] - setText: Text '10' is set on object 'Object Repository/DispensaryToStore/Page_Dispensary Store/input_txttreat'

2018-05-28 13:00:34 - [MESSAGE][PASSED] - Text '10' is set on object 'Object Repository/DispensaryToStore/Page_Dispensary Store/input_txttreat'

2018-05-28 13:00:34 - [TEST_STEP][PASSED] - click: Object: 'Object Repository/DispensaryToStore/Page_Dispensary Store/button_Add' is clicked on

2018-05-28 13:00:34 - [MESSAGE][PASSED] - Object: 'Object Repository/DispensaryToStore/Page_Dispensary Store/button_Add' is clicked on

2018-05-28 13:00:34 - [TEST_STEP][PASSED] - selectOptionByIndex: All options with index in [11] are selected on object 'Object Repository/DispensaryToStore/Page_Dispensary Store/select_--Select--Schedule 1Inj'

2018-05-28 13:00:34 - [MESSAGE][PASSED] - All options with index in [11] are selected on object 'Object Repository/DispensaryToStore/Page_Dispensary Store/select_--Select--Schedule 1Inj'

2018-05-28 13:00:34 - [TEST_STEP][PASSED] - delay: Delayed 1 second(s)

2018-05-28 13:00:35 - [MESSAGE][PASSED] - Delayed 1 second(s)

2018-05-28 13:00:35 - [TEST_STEP][PASSED] - selectOptionByIndex: All options with index in [36] are selected on object 'Object Repository/DispensaryToStore/Page_Dispensary Store/select_--Select--Adernaline 0.'

2018-05-28 13:00:36 - [MESSAGE][PASSED] - All options with index in [36] are selected on object 'Object Repository/DispensaryToStore/Page_Dispensary Store/select_--Select--Adernaline 0.'

2018-05-28 13:00:36 - [TEST_STEP][PASSED] - delay: Delayed 1 second(s)

2018-05-28 13:00:37 - [MESSAGE][PASSED] - Delayed 1 second(s)

2018-05-28 13:00:37 - [TEST_STEP][PASSED] - setText: Text '10' is set on object 'Object Repository/DispensaryToStore/Page_Dispensary Store/input_txttreat'

2018-05-28 13:00:37 - [MESSAGE][PASSED] - Text '10' is set on object 'Object Repository/DispensaryToStore/Page_Dispensary Store/input_txttreat'

2018-05-28 13:00:37 - [TEST_STEP][PASSED] - click: Object: 'Object Repository/DispensaryToStore/Page_Dispensary Store/button_Add' is clicked on

2018-05-28 13:00:37 - [MESSAGE][PASSED] - Object: 'Object Repository/DispensaryToStore/Page_Dispensary Store/button_Add' is clicked on

2018-05-28 13:00:37 - [TEST_STEP][PASSED] - selectOptionByIndex: All options with index in [11] are selected on object 'Object Repository/DispensaryToStore/Page_Dispensary Store/select_--Select--Schedule 1Inj'

2018-05-28 13:00:37 - [MESSAGE][PASSED] - All options with index in [11] are selected on object 'Object Repository/DispensaryToStore/Page_Dispensary Store/select_--Select--Schedule 1Inj'

2018-05-28 13:00:37 - [TEST_STEP][PASSED] - delay: Delayed 1 second(s)

2018-05-28 13:00:38 - [MESSAGE][PASSED] - Delayed 1 second(s)

2018-05-28 13:00:38 - [TEST_STEP][PASSED] - selectOptionByIndex: All options with index in [37] are selected on object 'Object Repository/DispensaryToStore/Page_Dispensary Store/select_--Select--Adernaline 0.'

2018-05-28 13:00:39 - [MESSAGE][PASSED] - All options with index in [37] are selected on object 'Object Repository/DispensaryToStore/Page_Dispensary Store/select_--Select--Adernaline 0.'

2018-05-28 13:00:39 - [TEST_STEP][PASSED] - delay: Delayed 1 second(s)

2018-05-28 13:00:40 - [MESSAGE][PASSED] - Delayed 1 second(s)

2018-05-28 13:00:40 - [TEST_STEP][PASSED] - setText: Text '10' is set on object 'Object Repository/DispensaryToStore/Page_Dispensary Store/input_txttreat'

2018-05-28 13:00:40 - [MESSAGE][PASSED] - Text '10' is set on object 'Object Repository/DispensaryToStore/Page_Dispensary Store/input_txttreat'

2018-05-28 13:00:40 - [TEST_STEP][PASSED] - click: Object: 'Object Repository/DispensaryToStore/Page_Dispensary Store/button_Add' is clicked on

2018-05-28 13:00:40 - [MESSAGE][PASSED] - Object: 'Object Repository/DispensaryToStore/Page_Dispensary Store/button_Add' is clicked on

2018-05-28 13:00:40 - [TEST_STEP][PASSED] - selectOptionByIndex: All options with index in [11] are selected on object 'Object Repository/DispensaryToStore/Page_Dispensary Store/select_--Select--Schedule 1Inj'

2018-05-28 13:00:40 - [MESSAGE][PASSED] - All options with index in [11] are selected on object 'Object Repository/DispensaryToStore/Page_Dispensary Store/select_--Select--Schedule 1Inj'

2018-05-28 13:00:40 - [TEST_STEP][PASSED] - delay: Delayed 1 second(s)

2018-05-28 13:00:41 - [MESSAGE][PASSED] - Delayed 1 second(s)

2018-05-28 13:00:41 - [TEST_STEP][PASSED] - selectOptionByIndex: All options with index in [38] are selected on object 'Object Repository/DispensaryToStore/Page_Dispensary Store/select_--Select--Adernaline 0.'

2018-05-28 13:00:42 - [MESSAGE][PASSED] - All options with index in [38] are selected on object 'Object Repository/DispensaryToStore/Page_Dispensary Store/select_--Select--Adernaline 0.'

2018-05-28 13:00:42 - [TEST_STEP][PASSED] - delay: Delayed 1 second(s)

2018-05-28 13:00:43 - [MESSAGE][PASSED] - Delayed 1 second(s)

2018-05-28 13:00:43 - [TEST_STEP][PASSED] - setText: Text '10' is set on object 'Object Repository/DispensaryToStore/Page_Dispensary Store/input_txttreat'

2018-05-28 13:00:43 - [MESSAGE][PASSED] - Text '10' is set on object 'Object Repository/DispensaryToStore/Page_Dispensary Store/input_txttreat'

2018-05-28 13:00:43 - [TEST_STEP][PASSED] - click: Object: 'Object Repository/DispensaryToStore/Page_Dispensary Store/button_Add' is clicked on

2018-05-28 13:00:43 - [MESSAGE][PASSED] - Object: 'Object Repository/DispensaryToStore/Page_Dispensary Store/button_Add' is clicked on

2018-05-28 13:00:43 - [TEST_STEP][PASSED] - selectOptionByIndex: All options with index in [11] are selected on object 'Object Repository/DispensaryToStore/Page_Dispensary Store/select_--Select--Schedule 1Inj'

2018-05-28 13:00:43 - [MESSAGE][PASSED] - All options with index in [11] are selected on object 'Object Repository/DispensaryToStore/Page_Dispensary Store/select_--Select--Schedule 1Inj'

2018-05-28 13:00:43 - [TEST_STEP][PASSED] - delay: Delayed 1 second(s)

2018-05-28 13:00:44 - [MESSAGE][PASSED] - Delayed 1 second(s)

2018-05-28 13:00:44 - [TEST_STEP][PASSED] - selectOptionByIndex: All options with index in [39] are selected on object 'Object Repository/DispensaryToStore/Page_Dispensary Store/select_--Select--Adernaline 0.'

2018-05-28 13:00:45 - [MESSAGE][PASSED] - All options with index in [39] are selected on object 'Object Repository/DispensaryToStore/Page_Dispensary Store/select_--Select--Adernaline 0.'

2018-05-28 13:00:45 - [TEST_STEP][PASSED] - delay: Delayed 1 second(s)

2018-05-28 13:00:46 - [MESSAGE][PASSED] - Delayed 1 second(s)

2018-05-28 13:00:46 - [TEST_STEP][PASSED] - setText: Text '10' is set on object 'Object Repository/DispensaryToStore/Page_Dispensary Store/input_txttreat'

2018-05-28 13:00:46 - [MESSAGE][PASSED] - Text '10' is set on object 'Object Repository/DispensaryToStore/Page_Dispensary Store/input_txttreat'

2018-05-28 13:00:46 - [TEST_STEP][PASSED] - click: Object: 'Object Repository/DispensaryToStore/Page_Dispensary Store/button_Add' is clicked on

2018-05-28 13:00:46 - [MESSAGE][PASSED] - Object: 'Object Repository/DispensaryToStore/Page_Dispensary Store/button_Add' is clicked on

2018-05-28 13:00:46 - [TEST_STEP][PASSED] - selectOptionByIndex: All options with index in [11] are selected on object 'Object Repository/DispensaryToStore/Page_Dispensary Store/select_--Select--Schedule 1Inj'

2018-05-28 13:00:46 - [MESSAGE][PASSED] - All options with index in [11] are selected on object 'Object Repository/DispensaryToStore/Page_Dispensary Store/select_--Select--Schedule 1Inj'

2018-05-28 13:00:46 - [TEST_STEP][PASSED] - delay: Delayed 1 second(s)

2018-05-28 13:00:47 - [MESSAGE][PASSED] - Delayed 1 second(s)

2018-05-28 13:00:47 - [TEST_STEP][PASSED] - selectOptionByIndex: All options with index in [40] are selected on object 'Object Repository/DispensaryToStore/Page_Dispensary Store/select_--Select--Adernaline 0.'

2018-05-28 13:00:48 - [MESSAGE][PASSED] - All options with index in [40] are selected on object 'Object Repository/DispensaryToStore/Page_Dispensary Store/select_--Select--Adernaline 0.'

2018-05-28 13:00:48 - [TEST_STEP][PASSED] - delay: Delayed 1 second(s)

2018-05-28 13:00:49 - [MESSAGE][PASSED] - Delayed 1 second(s)

2018-05-28 13:00:49 - [TEST_STEP][PASSED] - setText: Text '10' is set on object 'Object Repository/DispensaryToStore/Page_Dispensary Store/input_txttreat'

2018-05-28 13:00:49 - [MESSAGE][PASSED] - Text '10' is set on object 'Object Repository/DispensaryToStore/Page_Dispensary Store/input_txttreat'

2018-05-28 13:00:49 - [TEST_STEP][PASSED] - click: Object: 'Object Repository/DispensaryToStore/Page_Dispensary Store/button_Add' is clicked on

2018-05-28 13:00:49 - [MESSAGE][PASSED] - Object: 'Object Repository/DispensaryToStore/Page_Dispensary Store/button_Add' is clicked on

2018-05-28 13:00:49 - [TEST_STEP][PASSED] - selectOptionByIndex: All options with index in [11] are selected on object 'Object Repository/DispensaryToStore/Page_Dispensary Store/select_--Select--Schedule 1Inj'

2018-05-28 13:00:49 - [MESSAGE][PASSED] - All options with index in [11] are selected on object 'Object Repository/DispensaryToStore/Page_Dispensary Store/select_--Select--Schedule 1Inj'

2018-05-28 13:00:49 - [TEST_STEP][PASSED] - delay: Delayed 1 second(s)

2018-05-28 13:00:50 - [MESSAGE][PASSED] - Delayed 1 second(s)

2018-05-28 13:00:50 - [TEST_STEP][PASSED] - selectOptionByIndex: All options with index in [41] are selected on object 'Object Repository/DispensaryToStore/Page_Dispensary Store/select_--Select--Adernaline 0.'

2018-05-28 13:00:51 - [MESSAGE][PASSED] - All options with index in [41] are selected on object 'Object Repository/DispensaryToStore/Page_Dispensary Store/select_--Select--Adernaline 0.'

2018-05-28 13:00:51 - [TEST_STEP][PASSED] - delay: Delayed 1 second(s)

2018-05-28 13:00:52 - [MESSAGE][PASSED] - Delayed 1 second(s)

2018-05-28 13:00:52 - [TEST_STEP][PASSED] - setText: Text '10' is set on object 'Object Repository/DispensaryToStore/Page_Dispensary Store/input_txttreat'

2018-05-28 13:00:52 - [MESSAGE][PASSED] - Text '10' is set on object 'Object Repository/DispensaryToStore/Page_Dispensary Store/input_txttreat'

2018-05-28 13:00:52 - [TEST_STEP][PASSED] - click: Object: 'Object Repository/DispensaryToStore/Page_Dispensary Store/button_Add' is clicked on

2018-05-28 13:00:52 - [MESSAGE][PASSED] - Object: 'Object Repository/DispensaryToStore/Page_Dispensary Store/button_Add' is clicked on

2018-05-28 13:00:52 - [TEST_STEP][PASSED] - selectOptionByIndex: All options with index in [11] are selected on object 'Object Repository/DispensaryToStore/Page_Dispensary Store/select_--Select--Schedule 1Inj'

2018-05-28 13:00:52 - [MESSAGE][PASSED] - All options with index in [11] are selected on object 'Object Repository/DispensaryToStore/Page_Dispensary Store/select_--Select--Schedule 1Inj'

2018-05-28 13:00:52 - [TEST_STEP][PASSED] - delay: Delayed 1 second(s)

2018-05-28 13:00:53 - [MESSAGE][PASSED] - Delayed 1 second(s)

2018-05-28 13:00:53 - [TEST_STEP][PASSED] - selectOptionByIndex: All options with index in [42] are selected on object 'Object Repository/DispensaryToStore/Page_Dispensary Store/select_--Select--Adernaline 0.'

2018-05-28 13:00:54 - [MESSAGE][PASSED] - All options with index in [42] are selected on object 'Object Repository/DispensaryToStore/Page_Dispensary Store/select_--Select--Adernaline 0.'

2018-05-28 13:00:54 - [TEST_STEP][PASSED] - delay: Delayed 1 second(s)

2018-05-28 13:00:55 - [MESSAGE][PASSED] - Delayed 1 second(s)

2018-05-28 13:00:55 - [TEST_STEP][PASSED] - setText: Text '10' is set on object 'Object Repository/DispensaryToStore/Page_Dispensary Store/input_txttreat'

2018-05-28 13:00:55 - [MESSAGE][PASSED] - Text '10' is set on object 'Object Repository/DispensaryToStore/Page_Dispensary Store/input_txttreat'

2018-05-28 13:00:55 - [TEST_STEP][PASSED] - click: Object: 'Object Repository/DispensaryToStore/Page_Dispensary Store/button_Add' is clicked on

2018-05-28 13:00:55 - [MESSAGE][PASSED] - Object: 'Object Repository/DispensaryToStore/Page_Dispensary Store/button_Add' is clicked on

2018-05-28 13:00:55 - [TEST_STEP][PASSED] - selectOptionByIndex: All options with index in [11] are selected on object 'Object Repository/DispensaryToStore/Page_Dispensary Store/select_--Select--Schedule 1Inj'

2018-05-28 13:00:56 - [MESSAGE][PASSED] - All options with index in [11] are selected on object 'Object Repository/DispensaryToStore/Page_Dispensary Store/select_--Select--Schedule 1Inj'

2018-05-28 13:00:56 - [TEST_STEP][PASSED] - delay: Delayed 1 second(s)

2018-05-28 13:00:57 - [MESSAGE][PASSED] - Delayed 1 second(s)

2018-05-28 13:00:57 - [TEST_STEP][PASSED] - selectOptionByIndex: All options with index in [43] are selected on object 'Object Repository/DispensaryToStore/Page_Dispensary Store/select_--Select--Adernaline 0.'

2018-05-28 13:00:57 - [MESSAGE][PASSED] - All options with index in [43] are selected on object 'Object Repository/DispensaryToStore/Page_Dispensary Store/select_--Select--Adernaline 0.'

2018-05-28 13:00:57 - [TEST_STEP][PASSED] - delay: Delayed 1 second(s)

2018-05-28 13:00:58 - [MESSAGE][PASSED] - Delayed 1 second(s)

2018-05-28 13:00:58 - [TEST_STEP][PASSED] - setText: Text '10' is set on object 'Object Repository/DispensaryToStore/Page_Dispensary Store/input_txttreat'

2018-05-28 13:00:58 - [MESSAGE][PASSED] - Text '10' is set on object 'Object Repository/DispensaryToStore/Page_Dispensary Store/input_txttreat'

2018-05-28 13:00:58 - [TEST_STEP][PASSED] - click: Object: 'Object Repository/DispensaryToStore/Page_Dispensary Store/button_Add' is clicked on

2018-05-28 13:00:58 - [MESSAGE][PASSED] - Object: 'Object Repository/DispensaryToStore/Page_Dispensary Store/button_Add' is clicked on

2018-05-28 13:00:58 - [TEST_STEP][PASSED] - selectOptionByIndex: All options with index in [11] are selected on object 'Object Repository/DispensaryToStore/Page_Dispensary Store/select_--Select--Schedule 1Inj'

2018-05-28 13:00:59 - [MESSAGE][PASSED] - All options with index in [11] are selected on object 'Object Repository/DispensaryToStore/Page_Dispensary Store/select_--Select--Schedule 1Inj'

2018-05-28 13:00:59 - [TEST_STEP][PASSED] - delay: Delayed 1 second(s)

2018-05-28 13:01:00 - [MESSAGE][PASSED] - Delayed 1 second(s)

2018-05-28 13:01:00 - [TEST_STEP][PASSED] - selectOptionByIndex: All options with index in [44] are selected on object 'Object Repository/DispensaryToStore/Page_Dispensary Store/select_--Select--Adernaline 0.'

2018-05-28 13:01:00 - [MESSAGE][PASSED] - All options with index in [44] are selected on object 'Object Repository/DispensaryToStore/Page_Dispensary Store/select_--Select--Adernaline 0.'

2018-05-28 13:01:00 - [TEST_STEP][PASSED] - delay: Delayed 1 second(s)

2018-05-28 13:01:01 - [MESSAGE][PASSED] - Delayed 1 second(s)

2018-05-28 13:01:01 - [TEST_STEP][PASSED] - setText: Text '10' is set on object 'Object Repository/DispensaryToStore/Page_Dispensary Store/input_txttreat'

2018-05-28 13:01:01 - [MESSAGE][PASSED] - Text '10' is set on object 'Object Repository/DispensaryToStore/Page_Dispensary Store/input_txttreat'

2018-05-28 13:01:01 - [TEST_STEP][PASSED] - click: Object: 'Object Repository/DispensaryToStore/Page_Dispensary Store/button_Add' is clicked on

2018-05-28 13:01:01 - [MESSAGE][PASSED] - Object: 'Object Repository/DispensaryToStore/Page_Dispensary Store/button_Add' is clicked on

2018-05-28 13:01:01 - [TEST_STEP][PASSED] - selectOptionByIndex: All options with index in [11] are selected on object 'Object Repository/DispensaryToStore/Page_Dispensary Store/select_--Select--Schedule 1Inj'

2018-05-28 13:01:02 - [MESSAGE][PASSED] - All options with index in [11] are selected on object 'Object Repository/DispensaryToStore/Page_Dispensary Store/select_--Select--Schedule 1Inj'

2018-05-28 13:01:02 - [TEST_STEP][PASSED] - delay: Delayed 1 second(s)

2018-05-28 13:01:03 - [MESSAGE][PASSED] - Delayed 1 second(s)

2018-05-28 13:01:03 - [TEST_STEP][PASSED] - selectOptionByIndex: All options with index in [45] are selected on object 'Object Repository/DispensaryToStore/Page_Dispensary Store/select_--Select--Adernaline 0.'

2018-05-28 13:01:03 - [MESSAGE][PASSED] - All options with index in [45] are selected on object 'Object Repository/DispensaryToStore/Page_Dispensary Store/select_--Select--Adernaline 0.'

2018-05-28 13:01:03 - [TEST_STEP][PASSED] - delay: Delayed 1 second(s)

2018-05-28 13:01:04 - [MESSAGE][PASSED] - Delayed 1 second(s)

2018-05-28 13:01:04 - [TEST_STEP][PASSED] - setText: Text '10' is set on object 'Object Repository/DispensaryToStore/Page_Dispensary Store/input_txttreat'

2018-05-28 13:01:04 - [MESSAGE][PASSED] - Text '10' is set on object 'Object Repository/DispensaryToStore/Page_Dispensary Store/input_txttreat'

2018-05-28 13:01:04 - [TEST_STEP][PASSED] - click: Object: 'Object Repository/DispensaryToStore/Page_Dispensary Store/button_Add' is clicked on

2018-05-28 13:01:04 - [MESSAGE][PASSED] - Object: 'Object Repository/DispensaryToStore/Page_Dispensary Store/button_Add' is clicked on

2018-05-28 13:01:04 - [TEST_STEP][PASSED] - selectOptionByIndex: All options with index in [11] are selected on object 'Object Repository/DispensaryToStore/Page_Dispensary Store/select_--Select--Schedule 1Inj'

2018-05-28 13:01:05 - [MESSAGE][PASSED] - All options with index in [11] are selected on object 'Object Repository/DispensaryToStore/Page_Dispensary Store/select_--Select--Schedule 1Inj'

2018-05-28 13:01:05 - [TEST_STEP][PASSED] - delay: Delayed 1 second(s)

2018-05-28 13:01:06 - [MESSAGE][PASSED] - Delayed 1 second(s)

2018-05-28 13:01:06 - [TEST_STEP][PASSED] - selectOptionByIndex: All options with index in [46] are selected on object 'Object Repository/DispensaryToStore/Page_Dispensary Store/select_--Select--Adernaline 0.'

2018-05-28 13:01:06 - [MESSAGE][PASSED] - All options with index in [46] are selected on object 'Object Repository/DispensaryToStore/Page_Dispensary Store/select_--Select--Adernaline 0.'

2018-05-28 13:01:06 - [TEST_STEP][PASSED] - delay: Delayed 1 second(s)

2018-05-28 13:01:07 - [MESSAGE][PASSED] - Delayed 1 second(s)

2018-05-28 13:01:07 - [TEST_STEP][PASSED] - setText: Text '10' is set on object 'Object Repository/DispensaryToStore/Page_Dispensary Store/input_txttreat'

2018-05-28 13:01:07 - [MESSAGE][PASSED] - Text '10' is set on object 'Object Repository/DispensaryToStore/Page_Dispensary Store/input_txttreat'

2018-05-28 13:01:07 - [TEST_STEP][PASSED] - click: Object: 'Object Repository/DispensaryToStore/Page_Dispensary Store/button_Add' is clicked on

2018-05-28 13:01:07 - [MESSAGE][PASSED] - Object: 'Object Repository/DispensaryToStore/Page_Dispensary Store/button_Add' is clicked on

2018-05-28 13:01:07 - [TEST_STEP][PASSED] - selectOptionByIndex: All options with index in [11] are selected on object 'Object Repository/DispensaryToStore/Page_Dispensary Store/select_--Select--Schedule 1Inj'

2018-05-28 13:01:08 - [MESSAGE][PASSED] - All options with index in [11] are selected on object 'Object Repository/DispensaryToStore/Page_Dispensary Store/select_--Select--Schedule 1Inj'

2018-05-28 13:01:08 - [TEST_STEP][PASSED] - delay: Delayed 1 second(s)

2018-05-28 13:01:09 - [MESSAGE][PASSED] - Delayed 1 second(s)

2018-05-28 13:01:09 - [TEST_STEP][PASSED] - selectOptionByIndex: All options with index in [47] are selected on object 'Object Repository/DispensaryToStore/Page_Dispensary Store/select_--Select--Adernaline 0.'

2018-05-28 13:01:09 - [MESSAGE][PASSED] - All options with index in [47] are selected on object 'Object Repository/DispensaryToStore/Page_Dispensary Store/select_--Select--Adernaline 0.'

2018-05-28 13:01:09 - [TEST_STEP][PASSED] - delay: Delayed 1 second(s)

2018-05-28 13:01:10 - [MESSAGE][PASSED] - Delayed 1 second(s)

2018-05-28 13:01:10 - [TEST_STEP][PASSED] - setText: Text '10' is set on object 'Object Repository/DispensaryToStore/Page_Dispensary Store/input_txttreat'

2018-05-28 13:01:11 - [MESSAGE][PASSED] - Text '10' is set on object 'Object Repository/DispensaryToStore/Page_Dispensary Store/input_txttreat'

2018-05-28 13:01:11 - [TEST_STEP][PASSED] - click: Object: 'Object Repository/DispensaryToStore/Page_Dispensary Store/button_Add' is clicked on

2018-05-28 13:01:11 - [MESSAGE][PASSED] - Object: 'Object Repository/DispensaryToStore/Page_Dispensary Store/button_Add' is clicked on

2018-05-28 13:01:11 - [TEST_STEP][PASSED] - selectOptionByIndex: All options with index in [11] are selected on object 'Object Repository/DispensaryToStore/Page_Dispensary Store/select_--Select--Schedule 1Inj'

2018-05-28 13:01:11 - [MESSAGE][PASSED] - All options with index in [11] are selected on object 'Object Repository/DispensaryToStore/Page_Dispensary Store/select_--Select--Schedule 1Inj'

2018-05-28 13:01:11 - [TEST_STEP][PASSED] - delay: Delayed 1 second(s)

2018-05-28 13:01:12 - [MESSAGE][PASSED] - Delayed 1 second(s)

2018-05-28 13:01:12 - [TEST_STEP][PASSED] - selectOptionByIndex: All options with index in [48] are selected on object 'Object Repository/DispensaryToStore/Page_Dispensary Store/select_--Select--Adernaline 0.'

2018-05-28 13:01:13 - [MESSAGE][PASSED] - All options with index in [48] are selected on object 'Object Repository/DispensaryToStore/Page_Dispensary Store/select_--Select--Adernaline 0.'

2018-05-28 13:01:13 - [TEST_STEP][PASSED] - delay: Delayed 1 second(s)

2018-05-28 13:01:14 - [MESSAGE][PASSED] - Delayed 1 second(s)

2018-05-28 13:01:14 - [TEST_STEP][PASSED] - setText: Text '10' is set on object 'Object Repository/DispensaryToStore/Page_Dispensary Store/input_txttreat'

2018-05-28 13:01:14 - [MESSAGE][PASSED] - Text '10' is set on object 'Object Repository/DispensaryToStore/Page_Dispensary Store/input_txttreat'

2018-05-28 13:01:14 - [TEST_STEP][PASSED] - click: Object: 'Object Repository/DispensaryToStore/Page_Dispensary Store/button_Add' is clicked on

2018-05-28 13:01:14 - [MESSAGE][PASSED] - Object: 'Object Repository/DispensaryToStore/Page_Dispensary Store/button_Add' is clicked on

2018-05-28 13:01:14 - [TEST_STEP][PASSED] - selectOptionByIndex: All options with index in [11] are selected on object 'Object Repository/DispensaryToStore/Page_Dispensary Store/select_--Select--Schedule 1Inj'

2018-05-28 13:01:14 - [MESSAGE][PASSED] - All options with index in [11] are selected on object 'Object Repository/DispensaryToStore/Page_Dispensary Store/select_--Select--Schedule 1Inj'

2018-05-28 13:01:14 - [TEST_STEP][PASSED] - delay: Delayed 1 second(s)

2018-05-28 13:01:15 - [MESSAGE][PASSED] - Delayed 1 second(s)

2018-05-28 13:01:15 - [TEST_STEP][PASSED] - selectOptionByIndex: All options with index in [49] are selected on object 'Object Repository/DispensaryToStore/Page_Dispensary Store/select_--Select--Adernaline 0.'

2018-05-28 13:01:16 - [MESSAGE][PASSED] - All options with index in [49] are selected on object 'Object Repository/DispensaryToStore/Page_Dispensary Store/select_--Select--Adernaline 0.'

2018-05-28 13:01:16 - [TEST_STEP][PASSED] - delay: Delayed 1 second(s)

2018-05-28 13:01:17 - [MESSAGE][PASSED] - Delayed 1 second(s)

2018-05-28 13:01:17 - [TEST_STEP][PASSED] - setText: Text '10' is set on object 'Object Repository/DispensaryToStore/Page_Dispensary Store/input_txttreat'

2018-05-28 13:01:17 - [MESSAGE][PASSED] - Text '10' is set on object 'Object Repository/DispensaryToStore/Page_Dispensary Store/input_txttreat'

2018-05-28 13:01:17 - [TEST_STEP][PASSED] - click: Object: 'Object Repository/DispensaryToStore/Page_Dispensary Store/button_Add' is clicked on

2018-05-28 13:01:17 - [MESSAGE][PASSED] - Object: 'Object Repository/DispensaryToStore/Page_Dispensary Store/button_Add' is clicked on

2018-05-28 13:01:17 - [TEST_STEP][PASSED] - selectOptionByIndex: All options with index in [11] are selected on object 'Object Repository/DispensaryToStore/Page_Dispensary Store/select_--Select--Schedule 1Inj'

2018-05-28 13:01:17 - [MESSAGE][PASSED] - All options with index in [11] are selected on object 'Object Repository/DispensaryToStore/Page_Dispensary Store/select_--Select--Schedule 1Inj'

2018-05-28 13:01:17 - [TEST_STEP][PASSED] - delay: Delayed 1 second(s)

2018-05-28 13:01:18 - [MESSAGE][PASSED] - Delayed 1 second(s)

2018-05-28 13:01:18 - [TEST_STEP][PASSED] - selectOptionByIndex: All options with index in [50] are selected on object 'Object Repository/DispensaryToStore/Page_Dispensary Store/select_--Select--Adernaline 0.'

2018-05-28 13:01:19 - [MESSAGE][PASSED] - All options with index in [50] are selected on object 'Object Repository/DispensaryToStore/Page_Dispensary Store/select_--Select--Adernaline 0.'

2018-05-28 13:01:19 - [TEST_STEP][PASSED] - delay: Delayed 1 second(s)

2018-05-28 13:01:20 - [MESSAGE][PASSED] - Delayed 1 second(s)

2018-05-28 13:01:20 - [TEST_STEP][PASSED] - setText: Text '10' is set on object 'Object Repository/DispensaryToStore/Page_Dispensary Store/input_txttreat'

2018-05-28 13:01:20 - [MESSAGE][PASSED] - Text '10' is set on object 'Object Repository/DispensaryToStore/Page_Dispensary Store/input_txttreat'

2018-05-28 13:01:20 - [TEST_STEP][PASSED] - click: Object: 'Object Repository/DispensaryToStore/Page_Dispensary Store/button_Add' is clicked on

2018-05-28 13:01:20 - [MESSAGE][PASSED] - Object: 'Object Repository/DispensaryToStore/Page_Dispensary Store/button_Add' is clicked on

2018-05-28 13:01:20 - [TEST_STEP][PASSED] - selectOptionByIndex: All options with index in [11] are selected on object 'Object Repository/DispensaryToStore/Page_Dispensary Store/select_--Select--Schedule 1Inj'

2018-05-28 13:01:20 - [MESSAGE][PASSED] - All options with index in [11] are selected on object 'Object Repository/DispensaryToStore/Page_Dispensary Store/select_--Select--Schedule 1Inj'

2018-05-28 13:01:20 - [TEST_STEP][PASSED] - delay: Delayed 1 second(s)

2018-05-28 13:01:21 - [MESSAGE][PASSED] - Delayed 1 second(s)

2018-05-28 13:01:21 - [TEST_STEP][PASSED] - selectOptionByIndex: All options with index in [51] are selected on object 'Object Repository/DispensaryToStore/Page_Dispensary Store/select_--Select--Adernaline 0.'

2018-05-28 13:01:22 - [MESSAGE][PASSED] - All options with index in [51] are selected on object 'Object Repository/DispensaryToStore/Page_Dispensary Store/select_--Select--Adernaline 0.'

2018-05-28 13:01:22 - [TEST_STEP][PASSED] - delay: Delayed 1 second(s)

2018-05-28 13:01:23 - [MESSAGE][PASSED] - Delayed 1 second(s)

2018-05-28 13:01:23 - [TEST_STEP][PASSED] - setText: Text '10' is set on object 'Object Repository/DispensaryToStore/Page_Dispensary Store/input_txttreat'

2018-05-28 13:01:23 - [MESSAGE][PASSED] - Text '10' is set on object 'Object Repository/DispensaryToStore/Page_Dispensary Store/input_txttreat'

2018-05-28 13:01:23 - [TEST_STEP][PASSED] - click: Object: 'Object Repository/DispensaryToStore/Page_Dispensary Store/button_Add' is clicked on

2018-05-28 13:01:23 - [MESSAGE][PASSED] - Object: 'Object Repository/DispensaryToStore/Page_Dispensary Store/button_Add' is clicked on

2018-05-28 13:01:23 - [TEST_STEP][PASSED] - selectOptionByIndex: All options with index in [11] are selected on object 'Object Repository/DispensaryToStore/Page_Dispensary Store/select_--Select--Schedule 1Inj'

2018-05-28 13:01:23 - [MESSAGE][PASSED] - All options with index in [11] are selected on object 'Object Repository/DispensaryToStore/Page_Dispensary Store/select_--Select--Schedule 1Inj'

2018-05-28 13:01:23 - [TEST_STEP][PASSED] - delay: Delayed 1 second(s)

2018-05-28 13:01:24 - [MESSAGE][PASSED] - Delayed 1 second(s)

2018-05-28 13:01:24 - [TEST_STEP][PASSED] - selectOptionByIndex: All options with index in [52] are selected on object 'Object Repository/DispensaryToStore/Page_Dispensary Store/select_--Select--Adernaline 0.'

2018-05-28 13:01:25 - [MESSAGE][PASSED] - All options with index in [52] are selected on object 'Object Repository/DispensaryToStore/Page_Dispensary Store/select_--Select--Adernaline 0.'

2018-05-28 13:01:25 - [TEST_STEP][PASSED] - delay: Delayed 1 second(s)

2018-05-28 13:01:26 - [MESSAGE][PASSED] - Delayed 1 second(s)

2018-05-28 13:01:26 - [TEST_STEP][PASSED] - setText: Text '10' is set on object 'Object Repository/DispensaryToStore/Page_Dispensary Store/input_txttreat'

2018-05-28 13:01:26 - [MESSAGE][PASSED] - Text '10' is set on object 'Object Repository/DispensaryToStore/Page_Dispensary Store/input_txttreat'

2018-05-28 13:01:26 - [TEST_STEP][PASSED] - click: Object: 'Object Repository/DispensaryToStore/Page_Dispensary Store/button_Add' is clicked on

2018-05-28 13:01:26 - [MESSAGE][PASSED] - Object: 'Object Repository/DispensaryToStore/Page_Dispensary Store/button_Add' is clicked on

2018-05-28 13:01:26 - [TEST_STEP][PASSED] - selectOptionByIndex: All options with index in [11] are selected on object 'Object Repository/DispensaryToStore/Page_Dispensary Store/select_--Select--Schedule 1Inj'

2018-05-28 13:01:26 - [MESSAGE][PASSED] - All options with index in [11] are selected on object 'Object Repository/DispensaryToStore/Page_Dispensary Store/select_--Select--Schedule 1Inj'

2018-05-28 13:01:26 - [TEST_STEP][PASSED] - delay: Delayed 1 second(s)

2018-05-28 13:01:27 - [MESSAGE][PASSED] - Delayed 1 second(s)

2018-05-28 13:01:27 - [TEST_STEP][PASSED] - selectOptionByIndex: All options with index in [53] are selected on object 'Object Repository/DispensaryToStore/Page_Dispensary Store/select_--Select--Adernaline 0.'

2018-05-28 13:01:28 - [MESSAGE][PASSED] - All options with index in [53] are selected on object 'Object Repository/DispensaryToStore/Page_Dispensary Store/select_--Select--Adernaline 0.'

2018-05-28 13:01:28 - [TEST_STEP][PASSED] - delay: Delayed 1 second(s)

2018-05-28 13:01:29 - [MESSAGE][PASSED] - Delayed 1 second(s)

2018-05-28 13:01:29 - [TEST_STEP][PASSED] - setText: Text '10' is set on object 'Object Repository/DispensaryToStore/Page_Dispensary Store/input_txttreat'

2018-05-28 13:01:29 - [MESSAGE][PASSED] - Text '10' is set on object 'Object Repository/DispensaryToStore/Page_Dispensary Store/input_txttreat'

2018-05-28 13:01:29 - [TEST_STEP][PASSED] - click: Object: 'Object Repository/DispensaryToStore/Page_Dispensary Store/button_Add' is clicked on

2018-05-28 13:01:29 - [MESSAGE][PASSED] - Object: 'Object Repository/DispensaryToStore/Page_Dispensary Store/button_Add' is clicked on

2018-05-28 13:01:29 - [TEST_STEP][PASSED] - selectOptionByIndex: All options with index in [11] are selected on object 'Object Repository/DispensaryToStore/Page_Dispensary Store/select_--Select--Schedule 1Inj'

2018-05-28 13:01:29 - [MESSAGE][PASSED] - All options with index in [11] are selected on object 'Object Repository/DispensaryToStore/Page_Dispensary Store/select_--Select--Schedule 1Inj'

2018-05-28 13:01:29 - [TEST_STEP][PASSED] - delay: Delayed 1 second(s)

2018-05-28 13:01:30 - [MESSAGE][PASSED] - Delayed 1 second(s)

2018-05-28 13:01:30 - [TEST_STEP][PASSED] - selectOptionByIndex: All options with index in [54] are selected on object 'Object Repository/DispensaryToStore/Page_Dispensary Store/select_--Select--Adernaline 0.'

2018-05-28 13:01:31 - [MESSAGE][PASSED] - All options with index in [54] are selected on object 'Object Repository/DispensaryToStore/Page_Dispensary Store/select_--Select--Adernaline 0.'

2018-05-28 13:01:31 - [TEST_STEP][PASSED] - delay: Delayed 1 second(s)

2018-05-28 13:01:32 - [MESSAGE][PASSED] - Delayed 1 second(s)

2018-05-28 13:01:32 - [TEST_STEP][PASSED] - setText: Text '10' is set on object 'Object Repository/DispensaryToStore/Page_Dispensary Store/input_txttreat'

2018-05-28 13:01:32 - [MESSAGE][PASSED] - Text '10' is set on object 'Object Repository/DispensaryToStore/Page_Dispensary Store/input_txttreat'

2018-05-28 13:01:32 - [TEST_STEP][PASSED] - click: Object: 'Object Repository/DispensaryToStore/Page_Dispensary Store/button_Add' is clicked on

2018-05-28 13:01:32 - [MESSAGE][PASSED] - Object: 'Object Repository/DispensaryToStore/Page_Dispensary Store/button_Add' is clicked on

2018-05-28 13:01:32 - [TEST_STEP][PASSED] - selectOptionByIndex: All options with index in [11] are selected on object 'Object Repository/DispensaryToStore/Page_Dispensary Store/select_--Select--Schedule 1Inj'

2018-05-28 13:01:33 - [MESSAGE][PASSED] - All options with index in [11] are selected on object 'Object Repository/DispensaryToStore/Page_Dispensary Store/select_--Select--Schedule 1Inj'

2018-05-28 13:01:33 - [TEST_STEP][PASSED] - delay: Delayed 1 second(s)

2018-05-28 13:01:34 - [MESSAGE][PASSED] - Delayed 1 second(s)

2018-05-28 13:01:34 - [TEST_STEP][PASSED] - selectOptionByIndex: All options with index in [55] are selected on object 'Object Repository/DispensaryToStore/Page_Dispensary Store/select_--Select--Adernaline 0.'

2018-05-28 13:01:34 - [MESSAGE][PASSED] - All options with index in [55] are selected on object 'Object Repository/DispensaryToStore/Page_Dispensary Store/select_--Select--Adernaline 0.'

2018-05-28 13:01:34 - [TEST_STEP][PASSED] - delay: Delayed 1 second(s)

2018-05-28 13:01:35 - [MESSAGE][PASSED] - Delayed 1 second(s)

2018-05-28 13:01:35 - [TEST_STEP][PASSED] - setText: Text '10' is set on object 'Object Repository/DispensaryToStore/Page_Dispensary Store/input_txttreat'

2018-05-28 13:01:36 - [MESSAGE][PASSED] - Text '10' is set on object 'Object Repository/DispensaryToStore/Page_Dispensary Store/input_txttreat'

2018-05-28 13:01:36 - [TEST_STEP][PASSED] - click: Object: 'Object Repository/DispensaryToStore/Page_Dispensary Store/button_Add' is clicked on

2018-05-28 13:01:36 - [MESSAGE][PASSED] - Object: 'Object Repository/DispensaryToStore/Page_Dispensary Store/button_Add' is clicked on

2018-05-28 13:01:36 - [TEST_STEP][PASSED] - selectOptionByIndex: All options with index in [11] are selected on object 'Object Repository/DispensaryToStore/Page_Dispensary Store/select_--Select--Schedule 1Inj'

2018-05-28 13:01:36 - [MESSAGE][PASSED] - All options with index in [11] are selected on object 'Object Repository/DispensaryToStore/Page_Dispensary Store/select_--Select--Schedule 1Inj'

2018-05-28 13:01:36 - [TEST_STEP][PASSED] - delay: Delayed 1 second(s)

2018-05-28 13:01:37 - [MESSAGE][PASSED] - Delayed 1 second(s)

2018-05-28 13:01:37 - [TEST_STEP][PASSED] - selectOptionByIndex: All options with index in [56] are selected on object 'Object Repository/DispensaryToStore/Page_Dispensary Store/select_--Select--Adernaline 0.'

2018-05-28 13:01:38 - [MESSAGE][PASSED] - All options with index in [56] are selected on object 'Object Repository/DispensaryToStore/Page_Dispensary Store/select_--Select--Adernaline 0.'

2018-05-28 13:01:38 - [TEST_STEP][PASSED] - delay: Delayed 1 second(s)

2018-05-28 13:01:39 - [MESSAGE][PASSED] - Delayed 1 second(s)

2018-05-28 13:01:39 - [TEST_STEP][PASSED] - setText: Text '10' is set on object 'Object Repository/DispensaryToStore/Page_Dispensary Store/input_txttreat'

2018-05-28 13:01:39 - [MESSAGE][PASSED] - Text '10' is set on object 'Object Repository/DispensaryToStore/Page_Dispensary Store/input_txttreat'

2018-05-28 13:01:39 - [TEST_STEP][PASSED] - click: Object: 'Object Repository/DispensaryToStore/Page_Dispensary Store/button_Add' is clicked on

2018-05-28 13:01:39 - [MESSAGE][PASSED] - Object: 'Object Repository/DispensaryToStore/Page_Dispensary Store/button_Add' is clicked on

2018-05-28 13:01:39 - [TEST_STEP][PASSED] - selectOptionByIndex: All options with index in [11] are selected on object 'Object Repository/DispensaryToStore/Page_Dispensary Store/select_--Select--Schedule 1Inj'

2018-05-28 13:01:39 - [MESSAGE][PASSED] - All options with index in [11] are selected on object 'Object Repository/DispensaryToStore/Page_Dispensary Store/select_--Select--Schedule 1Inj'

2018-05-28 13:01:39 - [TEST_STEP][PASSED] - delay: Delayed 1 second(s)

2018-05-28 13:01:40 - [MESSAGE][PASSED] - Delayed 1 second(s)

2018-05-28 13:01:40 - [TEST_STEP][PASSED] - selectOptionByIndex: All options with index in [57] are selected on object 'Object Repository/DispensaryToStore/Page_Dispensary Store/select_--Select--Adernaline 0.'

2018-05-28 13:01:41 - [MESSAGE][PASSED] - All options with index in [57] are selected on object 'Object Repository/DispensaryToStore/Page_Dispensary Store/select_--Select--Adernaline 0.'

2018-05-28 13:01:41 - [TEST_STEP][PASSED] - delay: Delayed 1 second(s)

2018-05-28 13:01:42 - [MESSAGE][PASSED] - Delayed 1 second(s)

2018-05-28 13:01:42 - [TEST_STEP][PASSED] - setText: Text '10' is set on object 'Object Repository/DispensaryToStore/Page_Dispensary Store/input_txttreat'

2018-05-28 13:01:42 - [MESSAGE][PASSED] - Text '10' is set on object 'Object Repository/DispensaryToStore/Page_Dispensary Store/input_txttreat'

2018-05-28 13:01:42 - [TEST_STEP][PASSED] - click: Object: 'Object Repository/DispensaryToStore/Page_Dispensary Store/button_Add' is clicked on

2018-05-28 13:01:42 - [MESSAGE][PASSED] - Object: 'Object Repository/DispensaryToStore/Page_Dispensary Store/button_Add' is clicked on

2018-05-28 13:01:42 - [TEST_STEP][PASSED] - selectOptionByIndex: All options with index in [11] are selected on object 'Object Repository/DispensaryToStore/Page_Dispensary Store/select_--Select--Schedule 1Inj'

2018-05-28 13:01:42 - [MESSAGE][PASSED] - All options with index in [11] are selected on object 'Object Repository/DispensaryToStore/Page_Dispensary Store/select_--Select--Schedule 1Inj'

2018-05-28 13:01:42 - [TEST_STEP][PASSED] - delay: Delayed 1 second(s)

2018-05-28 13:01:43 - [MESSAGE][PASSED] - Delayed 1 second(s)

2018-05-28 13:01:43 - [TEST_STEP][PASSED] - selectOptionByIndex: All options with index in [58] are selected on object 'Object Repository/DispensaryToStore/Page_Dispensary Store/select_--Select--Adernaline 0.'

2018-05-28 13:01:44 - [MESSAGE][PASSED] - All options with index in [58] are selected on object 'Object Repository/DispensaryToStore/Page_Dispensary Store/select_--Select--Adernaline 0.'

2018-05-28 13:01:44 - [TEST_STEP][PASSED] - delay: Delayed 1 second(s)

2018-05-28 13:01:45 - [MESSAGE][PASSED] - Delayed 1 second(s)

2018-05-28 13:01:45 - [TEST_STEP][PASSED] - setText: Text '10' is set on object 'Object Repository/DispensaryToStore/Page_Dispensary Store/input_txttreat'

2018-05-28 13:01:45 - [MESSAGE][PASSED] - Text '10' is set on object 'Object Repository/DispensaryToStore/Page_Dispensary Store/input_txttreat'

2018-05-28 13:01:45 - [TEST_STEP][PASSED] - click: Object: 'Object Repository/DispensaryToStore/Page_Dispensary Store/button_Add' is clicked on

2018-05-28 13:01:45 - [MESSAGE][PASSED] - Object: 'Object Repository/DispensaryToStore/Page_Dispensary Store/button_Add' is clicked on

2018-05-28 13:01:45 - [TEST_STEP][PASSED] - selectOptionByIndex: All options with index in [11] are selected on object 'Object Repository/DispensaryToStore/Page_Dispensary Store/select_--Select--Schedule 1Inj'

2018-05-28 13:01:45 - [MESSAGE][PASSED] - All options with index in [11] are selected on object 'Object Repository/DispensaryToStore/Page_Dispensary Store/select_--Select--Schedule 1Inj'

2018-05-28 13:01:45 - [TEST_STEP][PASSED] - delay: Delayed 1 second(s)

2018-05-28 13:01:46 - [MESSAGE][PASSED] - Delayed 1 second(s)

2018-05-28 13:01:46 - [TEST_STEP][PASSED] - selectOptionByIndex: All options with index in [59] are selected on object 'Object Repository/DispensaryToStore/Page_Dispensary Store/select_--Select--Adernaline 0.'

2018-05-28 13:01:47 - [MESSAGE][PASSED] - All options with index in [59] are selected on object 'Object Repository/DispensaryToStore/Page_Dispensary Store/select_--Select--Adernaline 0.'

2018-05-28 13:01:47 - [TEST_STEP][PASSED] - delay: Delayed 1 second(s)

2018-05-28 13:01:48 - [MESSAGE][PASSED] - Delayed 1 second(s)

2018-05-28 13:01:48 - [TEST_STEP][PASSED] - setText: Text '10' is set on object 'Object Repository/DispensaryToStore/Page_Dispensary Store/input_txttreat'

2018-05-28 13:01:48 - [MESSAGE][PASSED] - Text '10' is set on object 'Object Repository/DispensaryToStore/Page_Dispensary Store/input_txttreat'

2018-05-28 13:01:48 - [TEST_STEP][PASSED] - click: Object: 'Object Repository/DispensaryToStore/Page_Dispensary Store/button_Add' is clicked on

2018-05-28 13:01:48 - [MESSAGE][PASSED] - Object: 'Object Repository/DispensaryToStore/Page_Dispensary Store/button_Add' is clicked on

2018-05-28 13:01:48 - [TEST_STEP][PASSED] - selectOptionByIndex: All options with index in [11] are selected on object 'Object Repository/DispensaryToStore/Page_Dispensary Store/select_--Select--Schedule 1Inj'

2018-05-28 13:01:49 - [MESSAGE][PASSED] - All options with index in [11] are selected on object 'Object Repository/DispensaryToStore/Page_Dispensary Store/select_--Select--Schedule 1Inj'

2018-05-28 13:01:49 - [TEST_STEP][PASSED] - delay: Delayed 1 second(s)

2018-05-28 13:01:50 - [MESSAGE][PASSED] - Delayed 1 second(s)

2018-05-28 13:01:50 - [TEST_STEP][PASSED] - selectOptionByIndex: All options with index in [60] are selected on object 'Object Repository/DispensaryToStore/Page_Dispensary Store/select_--Select--Adernaline 0.'

2018-05-28 13:01:50 - [MESSAGE][PASSED] - All options with index in [60] are selected on object 'Object Repository/DispensaryToStore/Page_Dispensary Store/select_--Select--Adernaline 0.'

2018-05-28 13:01:50 - [TEST_STEP][PASSED] - delay: Delayed 1 second(s)

2018-05-28 13:01:51 - [MESSAGE][PASSED] - Delayed 1 second(s)

2018-05-28 13:01:51 - [TEST_STEP][PASSED] - setText: Text '10' is set on object 'Object Repository/DispensaryToStore/Page_Dispensary Store/input_txttreat'

2018-05-28 13:01:51 - [MESSAGE][PASSED] - Text '10' is set on object 'Object Repository/DispensaryToStore/Page_Dispensary Store/input_txttreat'

2018-05-28 13:01:51 - [TEST_STEP][PASSED] - click: Object: 'Object Repository/DispensaryToStore/Page_Dispensary Store/button_Add' is clicked on

2018-05-28 13:01:52 - [MESSAGE][PASSED] - Object: 'Object Repository/DispensaryToStore/Page_Dispensary Store/button_Add' is clicked on

2018-05-28 13:01:52 - [TEST_STEP][PASSED] - selectOptionByIndex: All options with index in [11] are selected on object 'Object Repository/DispensaryToStore/Page_Dispensary Store/select_--Select--Schedule 1Inj'

2018-05-28 13:01:52 - [MESSAGE][PASSED] - All options with index in [11] are selected on object 'Object Repository/DispensaryToStore/Page_Dispensary Store/select_--Select--Schedule 1Inj'

2018-05-28 13:01:52 - [TEST_STEP][PASSED] - delay: Delayed 1 second(s)

2018-05-28 13:01:53 - [MESSAGE][PASSED] - Delayed 1 second(s)

2018-05-28 13:01:53 - [TEST_STEP][PASSED] - selectOptionByIndex: All options with index in [61] are selected on object 'Object Repository/DispensaryToStore/Page_Dispensary Store/select_--Select--Adernaline 0.'

2018-05-28 13:01:54 - [MESSAGE][PASSED] - All options with index in [61] are selected on object 'Object Repository/DispensaryToStore/Page_Dispensary Store/select_--Select--Adernaline 0.'

2018-05-28 13:01:54 - [TEST_STEP][PASSED] - delay: Delayed 1 second(s)

2018-05-28 13:01:55 - [MESSAGE][PASSED] - Delayed 1 second(s)

2018-05-28 13:01:55 - [TEST_STEP][PASSED] - setText: Text '10' is set on object 'Object Repository/DispensaryToStore/Page_Dispensary Store/input_txttreat'

2018-05-28 13:01:55 - [MESSAGE][PASSED] - Text '10' is set on object 'Object Repository/DispensaryToStore/Page_Dispensary Store/input_txttreat'

2018-05-28 13:01:55 - [TEST_STEP][PASSED] - click: Object: 'Object Repository/DispensaryToStore/Page_Dispensary Store/button_Add' is clicked on

2018-05-28 13:01:55 - [MESSAGE][PASSED] - Object: 'Object Repository/DispensaryToStore/Page_Dispensary Store/button_Add' is clicked on

2018-05-28 13:01:55 - [TEST_STEP][PASSED] - selectOptionByIndex: All options with index in [11] are selected on object 'Object Repository/DispensaryToStore/Page_Dispensary Store/select_--Select--Schedule 1Inj'

2018-05-28 13:01:55 - [MESSAGE][PASSED] - All options with index in [11] are selected on object 'Object Repository/DispensaryToStore/Page_Dispensary Store/select_--Select--Schedule 1Inj'

2018-05-28 13:01:55 - [TEST_STEP][PASSED] - delay: Delayed 1 second(s)

2018-05-28 13:01:56 - [MESSAGE][PASSED] - Delayed 1 second(s)

2018-05-28 13:01:56 - [TEST_STEP][PASSED] - selectOptionByIndex: All options with index in [62] are selected on object 'Object Repository/DispensaryToStore/Page_Dispensary Store/select_--Select--Adernaline 0.'

2018-05-28 13:01:57 - [MESSAGE][PASSED] - All options with index in [62] are selected on object 'Object Repository/DispensaryToStore/Page_Dispensary Store/select_--Select--Adernaline 0.'

2018-05-28 13:01:57 - [TEST_STEP][PASSED] - delay: Delayed 1 second(s)

2018-05-28 13:01:58 - [MESSAGE][PASSED] - Delayed 1 second(s)

2018-05-28 13:01:58 - [TEST_STEP][PASSED] - setText: Text '10' is set on object 'Object Repository/DispensaryToStore/Page_Dispensary Store/input_txttreat'

2018-05-28 13:01:58 - [MESSAGE][PASSED] - Text '10' is set on object 'Object Repository/DispensaryToStore/Page_Dispensary Store/input_txttreat'

2018-05-28 13:01:58 - [TEST_STEP][PASSED] - click: Object: 'Object Repository/DispensaryToStore/Page_Dispensary Store/button_Add' is clicked on

2018-05-28 13:01:58 - [MESSAGE][PASSED] - Object: 'Object Repository/DispensaryToStore/Page_Dispensary Store/button_Add' is clicked on

2018-05-28 13:01:58 - [TEST_STEP][PASSED] - selectOptionByIndex: All options with index in [11] are selected on object 'Object Repository/DispensaryToStore/Page_Dispensary Store/select_--Select--Schedule 1Inj'

2018-05-28 13:01:58 - [MESSAGE][PASSED] - All options with index in [11] are selected on object 'Object Repository/DispensaryToStore/Page_Dispensary Store/select_--Select--Schedule 1Inj'

2018-05-28 13:01:58 - [TEST_STEP][PASSED] - delay: Delayed 1 second(s)

2018-05-28 13:01:59 - [MESSAGE][PASSED] - Delayed 1 second(s)

2018-05-28 13:01:59 - [TEST_STEP][PASSED] - selectOptionByIndex: All options with index in [63] are selected on object 'Object Repository/DispensaryToStore/Page_Dispensary Store/select_--Select--Adernaline 0.'

2018-05-28 13:02:00 - [MESSAGE][PASSED] - All options with index in [63] are selected on object 'Object Repository/DispensaryToStore/Page_Dispensary Store/select_--Select--Adernaline 0.'

2018-05-28 13:02:00 - [TEST_STEP][PASSED] - delay: Delayed 1 second(s)

2018-05-28 13:02:01 - [MESSAGE][PASSED] - Delayed 1 second(s)

2018-05-28 13:02:01 - [TEST_STEP][PASSED] - setText: Text '10' is set on object 'Object Repository/DispensaryToStore/Page_Dispensary Store/input_txttreat'

2018-05-28 13:02:01 - [MESSAGE][PASSED] - Text '10' is set on object 'Object Repository/DispensaryToStore/Page_Dispensary Store/input_txttreat'

2018-05-28 13:02:01 - [TEST_STEP][PASSED] - click: Object: 'Object Repository/DispensaryToStore/Page_Dispensary Store/button_Add' is clicked on

2018-05-28 13:02:01 - [MESSAGE][PASSED] - Object: 'Object Repository/DispensaryToStore/Page_Dispensary Store/button_Add' is clicked on

2018-05-28 13:02:01 - [TEST_STEP][PASSED] - selectOptionByIndex: All options with index in [11] are selected on object 'Object Repository/DispensaryToStore/Page_Dispensary Store/select_--Select--Schedule 1Inj'

2018-05-28 13:02:02 - [MESSAGE][PASSED] - All options with index in [11] are selected on object 'Object Repository/DispensaryToStore/Page_Dispensary Store/select_--Select--Schedule 1Inj'

2018-05-28 13:02:02 - [TEST_STEP][PASSED] - delay: Delayed 1 second(s)

2018-05-28 13:02:03 - [MESSAGE][PASSED] - Delayed 1 second(s)

2018-05-28 13:02:03 - [TEST_STEP][PASSED] - selectOptionByIndex: All options with index in [64] are selected on object 'Object Repository/DispensaryToStore/Page_Dispensary Store/select_--Select--Adernaline 0.'

2018-05-28 13:02:03 - [MESSAGE][PASSED] - All options with index in [64] are selected on object 'Object Repository/DispensaryToStore/Page_Dispensary Store/select_--Select--Adernaline 0.'

2018-05-28 13:02:03 - [TEST_STEP][PASSED] - delay: Delayed 1 second(s)

2018-05-28 13:02:04 - [MESSAGE][PASSED] - Delayed 1 second(s)

2018-05-28 13:02:04 - [TEST_STEP][PASSED] - setText: Text '10' is set on object 'Object Repository/DispensaryToStore/Page_Dispensary Store/input_txttreat'

2018-05-28 13:02:04 - [MESSAGE][PASSED] - Text '10' is set on object 'Object Repository/DispensaryToStore/Page_Dispensary Store/input_txttreat'

2018-05-28 13:02:04 - [TEST_STEP][PASSED] - click: Object: 'Object Repository/DispensaryToStore/Page_Dispensary Store/button_Add' is clicked on

2018-05-28 13:02:04 - [MESSAGE][PASSED] - Object: 'Object Repository/DispensaryToStore/Page_Dispensary Store/button_Add' is clicked on

2018-05-28 13:02:04 - [TEST_STEP][PASSED] - selectOptionByIndex: All options with index in [11] are selected on object 'Object Repository/DispensaryToStore/Page_Dispensary Store/select_--Select--Schedule 1Inj'

2018-05-28 13:02:05 - [MESSAGE][PASSED] - All options with index in [11] are selected on object 'Object Repository/DispensaryToStore/Page_Dispensary Store/select_--Select--Schedule 1Inj'

2018-05-28 13:02:05 - [TEST_STEP][PASSED] - delay: Delayed 1 second(s)

2018-05-28 13:02:06 - [MESSAGE][PASSED] - Delayed 1 second(s)

2018-05-28 13:02:06 - [TEST_STEP][PASSED] - selectOptionByIndex: All options with index in [65] are selected on object 'Object Repository/DispensaryToStore/Page_Dispensary Store/select_--Select--Adernaline 0.'

2018-05-28 13:02:07 - [MESSAGE][PASSED] - All options with index in [65] are selected on object 'Object Repository/DispensaryToStore/Page_Dispensary Store/select_--Select--Adernaline 0.'

2018-05-28 13:02:07 - [TEST_STEP][PASSED] - delay: Delayed 1 second(s)

2018-05-28 13:02:08 - [MESSAGE][PASSED] - Delayed 1 second(s)

2018-05-28 13:02:08 - [TEST_STEP][PASSED] - setText: Text '10' is set on object 'Object Repository/DispensaryToStore/Page_Dispensary Store/input_txttreat'

2018-05-28 13:02:08 - [MESSAGE][PASSED] - Text '10' is set on object 'Object Repository/DispensaryToStore/Page_Dispensary Store/input_txttreat'

2018-05-28 13:02:08 - [TEST_STEP][PASSED] - click: Object: 'Object Repository/DispensaryToStore/Page_Dispensary Store/button_Add' is clicked on

2018-05-28 13:02:08 - [MESSAGE][PASSED] - Object: 'Object Repository/DispensaryToStore/Page_Dispensary Store/button_Add' is clicked on

2018-05-28 13:02:08 - [TEST_STEP][PASSED] - selectOptionByIndex: All options with index in [11] are selected on object 'Object Repository/DispensaryToStore/Page_Dispensary Store/select_--Select--Schedule 1Inj'

2018-05-28 13:02:08 - [MESSAGE][PASSED] - All options with index in [11] are selected on object 'Object Repository/DispensaryToStore/Page_Dispensary Store/select_--Select--Schedule 1Inj'

2018-05-28 13:02:08 - [TEST_STEP][PASSED] - delay: Delayed 1 second(s)

2018-05-28 13:02:09 - [MESSAGE][PASSED] - Delayed 1 second(s)

2018-05-28 13:02:09 - [TEST_STEP][PASSED] - selectOptionByIndex: All options with index in [66] are selected on object 'Object Repository/DispensaryToStore/Page_Dispensary Store/select_--Select--Adernaline 0.'

2018-05-28 13:02:10 - [MESSAGE][PASSED] - All options with index in [66] are selected on object 'Object Repository/DispensaryToStore/Page_Dispensary Store/select_--Select--Adernaline 0.'

2018-05-28 13:02:10 - [TEST_STEP][PASSED] - delay: Delayed 1 second(s)

2018-05-28 13:02:11 - [MESSAGE][PASSED] - Delayed 1 second(s)

2018-05-28 13:02:11 - [TEST_STEP][PASSED] - setText: Text '10' is set on object 'Object Repository/DispensaryToStore/Page_Dispensary Store/input_txttreat'

2018-05-28 13:02:11 - [MESSAGE][PASSED] - Text '10' is set on object 'Object Repository/DispensaryToStore/Page_Dispensary Store/input_txttreat'

2018-05-28 13:02:11 - [TEST_STEP][PASSED] - click: Object: 'Object Repository/DispensaryToStore/Page_Dispensary Store/button_Add' is clicked on

2018-05-28 13:02:11 - [MESSAGE][PASSED] - Object: 'Object Repository/DispensaryToStore/Page_Dispensary Store/button_Add' is clicked on

2018-05-28 13:02:11 - [TEST_STEP][PASSED] - selectOptionByIndex: All options with index in [11] are selected on object 'Object Repository/DispensaryToStore/Page_Dispensary Store/select_--Select--Schedule 1Inj'

2018-05-28 13:02:11 - [MESSAGE][PASSED] - All options with index in [11] are selected on object 'Object Repository/DispensaryToStore/Page_Dispensary Store/select_--Select--Schedule 1Inj'

2018-05-28 13:02:11 - [TEST_STEP][PASSED] - delay: Delayed 1 second(s)

2018-05-28 13:02:12 - [MESSAGE][PASSED] - Delayed 1 second(s)

2018-05-28 13:02:12 - [TEST_STEP][PASSED] - selectOptionByIndex: All options with index in [67] are selected on object 'Object Repository/DispensaryToStore/Page_Dispensary Store/select_--Select--Adernaline 0.'

2018-05-28 13:02:13 - [MESSAGE][PASSED] - All options with index in [67] are selected on object 'Object Repository/DispensaryToStore/Page_Dispensary Store/select_--Select--Adernaline 0.'

2018-05-28 13:02:13 - [TEST_STEP][PASSED] - delay: Delayed 1 second(s)

2018-05-28 13:02:14 - [MESSAGE][PASSED] - Delayed 1 second(s)

2018-05-28 13:02:14 - [TEST_STEP][PASSED] - setText: Text '10' is set on object 'Object Repository/DispensaryToStore/Page_Dispensary Store/input_txttreat'

2018-05-28 13:02:14 - [MESSAGE][PASSED] - Text '10' is set on object 'Object Repository/DispensaryToStore/Page_Dispensary Store/input_txttreat'

2018-05-28 13:02:14 - [TEST_STEP][PASSED] - click: Object: 'Object Repository/DispensaryToStore/Page_Dispensary Store/button_Add' is clicked on

2018-05-28 13:02:14 - [MESSAGE][PASSED] - Object: 'Object Repository/DispensaryToStore/Page_Dispensary Store/button_Add' is clicked on

2018-05-28 13:02:14 - [TEST_STEP][PASSED] - selectOptionByIndex: All options with index in [11] are selected on object 'Object Repository/DispensaryToStore/Page_Dispensary Store/select_--Select--Schedule 1Inj'

2018-05-28 13:02:15 - [MESSAGE][PASSED] - All options with index in [11] are selected on object 'Object Repository/DispensaryToStore/Page_Dispensary Store/select_--Select--Schedule 1Inj'

2018-05-28 13:02:15 - [TEST_STEP][PASSED] - delay: Delayed 1 second(s)

2018-05-28 13:02:16 - [MESSAGE][PASSED] - Delayed 1 second(s)

2018-05-28 13:02:16 - [TEST_STEP][PASSED] - selectOptionByIndex: All options with index in [68] are selected on object 'Object Repository/DispensaryToStore/Page_Dispensary Store/select_--Select--Adernaline 0.'

2018-05-28 13:02:16 - [MESSAGE][PASSED] - All options with index in [68] are selected on object 'Object Repository/DispensaryToStore/Page_Dispensary Store/select_--Select--Adernaline 0.'

2018-05-28 13:02:16 - [TEST_STEP][PASSED] - delay: Delayed 1 second(s)

2018-05-28 13:02:17 - [MESSAGE][PASSED] - Delayed 1 second(s)

2018-05-28 13:02:17 - [TEST_STEP][PASSED] - setText: Text '10' is set on object 'Object Repository/DispensaryToStore/Page_Dispensary Store/input_txttreat'

2018-05-28 13:02:17 - [MESSAGE][PASSED] - Text '10' is set on object 'Object Repository/DispensaryToStore/Page_Dispensary Store/input_txttreat'

2018-05-28 13:02:17 - [TEST_STEP][PASSED] - click: Object: 'Object Repository/DispensaryToStore/Page_Dispensary Store/button_Add' is clicked on

2018-05-28 13:02:18 - [MESSAGE][PASSED] - Object: 'Object Repository/DispensaryToStore/Page_Dispensary Store/button_Add' is clicked on

2018-05-28 13:02:18 - [TEST_STEP][PASSED] - selectOptionByIndex: All options with index in [11] are selected on object 'Object Repository/DispensaryToStore/Page_Dispensary Store/select_--Select--Schedule 1Inj'

2018-05-28 13:02:18 - [MESSAGE][PASSED] - All options with index in [11] are selected on object 'Object Repository/DispensaryToStore/Page_Dispensary Store/select_--Select--Schedule 1Inj'

2018-05-28 13:02:18 - [TEST_STEP][PASSED] - delay: Delayed 1 second(s)

2018-05-28 13:02:19 - [MESSAGE][PASSED] - Delayed 1 second(s)

2018-05-28 13:02:19 - [TEST_STEP][PASSED] - selectOptionByIndex: All options with index in [69] are selected on object 'Object Repository/DispensaryToStore/Page_Dispensary Store/select_--Select--Adernaline 0.'

2018-05-28 13:02:20 - [MESSAGE][PASSED] - All options with index in [69] are selected on object 'Object Repository/DispensaryToStore/Page_Dispensary Store/select_--Select--Adernaline 0.'

2018-05-28 13:02:20 - [TEST_STEP][PASSED] - delay: Delayed 1 second(s)

2018-05-28 13:02:21 - [MESSAGE][PASSED] - Delayed 1 second(s)

2018-05-28 13:02:21 - [TEST_STEP][PASSED] - setText: Text '10' is set on object 'Object Repository/DispensaryToStore/Page_Dispensary Store/input_txttreat'

2018-05-28 13:02:21 - [MESSAGE][PASSED] - Text '10' is set on object 'Object Repository/DispensaryToStore/Page_Dispensary Store/input_txttreat'

2018-05-28 13:02:21 - [TEST_STEP][PASSED] - click: Object: 'Object Repository/DispensaryToStore/Page_Dispensary Store/button_Add' is clicked on

2018-05-28 13:02:21 - [MESSAGE][PASSED] - Object: 'Object Repository/DispensaryToStore/Page_Dispensary Store/button_Add' is clicked on

2018-05-28 13:02:21 - [TEST_STEP][PASSED] - selectOptionByIndex: All options with index in [11] are selected on object 'Object Repository/DispensaryToStore/Page_Dispensary Store/select_--Select--Schedule 1Inj'

2018-05-28 13:02:21 - [MESSAGE][PASSED] - All options with index in [11] are selected on object 'Object Repository/DispensaryToStore/Page_Dispensary Store/select_--Select--Schedule 1Inj'

2018-05-28 13:02:21 - [TEST_STEP][PASSED] - delay: Delayed 1 second(s)

2018-05-28 13:02:22 - [MESSAGE][PASSED] - Delayed 1 second(s)

2018-05-28 13:02:22 - [TEST_STEP][PASSED] - selectOptionByIndex: All options with index in [70] are selected on object 'Object Repository/DispensaryToStore/Page_Dispensary Store/select_--Select--Adernaline 0.'

2018-05-28 13:02:23 - [MESSAGE][PASSED] - All options with index in [70] are selected on object 'Object Repository/DispensaryToStore/Page_Dispensary Store/select_--Select--Adernaline 0.'

2018-05-28 13:02:23 - [TEST_STEP][PASSED] - delay: Delayed 1 second(s)

2018-05-28 13:02:24 - [MESSAGE][PASSED] - Delayed 1 second(s)

2018-05-28 13:02:24 - [TEST_STEP][PASSED] - setText: Text '10' is set on object 'Object Repository/DispensaryToStore/Page_Dispensary Store/input_txttreat'

2018-05-28 13:02:24 - [MESSAGE][PASSED] - Text '10' is set on object 'Object Repository/DispensaryToStore/Page_Dispensary Store/input_txttreat'

2018-05-28 13:02:24 - [TEST_STEP][PASSED] - click: Object: 'Object Repository/DispensaryToStore/Page_Dispensary Store/button_Add' is clicked on

2018-05-28 13:02:24 - [MESSAGE][PASSED] - Object: 'Object Repository/DispensaryToStore/Page_Dispensary Store/button_Add' is clicked on

2018-05-28 13:02:24 - [TEST_STEP][PASSED] - selectOptionByIndex: All options with index in [11] are selected on object 'Object Repository/DispensaryToStore/Page_Dispensary Store/select_--Select--Schedule 1Inj'

2018-05-28 13:02:24 - [MESSAGE][PASSED] - All options with index in [11] are selected on object 'Object Repository/DispensaryToStore/Page_Dispensary Store/select_--Select--Schedule 1Inj'

2018-05-28 13:02:24 - [TEST_STEP][PASSED] - delay: Delayed 1 second(s)

2018-05-28 13:02:25 - [MESSAGE][PASSED] - Delayed 1 second(s)

2018-05-28 13:02:25 - [TEST_STEP][PASSED] - selectOptionByIndex: All options with index in [71] are selected on object 'Object Repository/DispensaryToStore/Page_Dispensary Store/select_--Select--Adernaline 0.'

2018-05-28 13:02:26 - [MESSAGE][PASSED] - All options with index in [71] are selected on object 'Object Repository/DispensaryToStore/Page_Dispensary Store/select_--Select--Adernaline 0.'

2018-05-28 13:02:26 - [TEST_STEP][PASSED] - delay: Delayed 1 second(s)

2018-05-28 13:02:27 - [MESSAGE][PASSED] - Delayed 1 second(s)

2018-05-28 13:02:27 - [TEST_STEP][PASSED] - setText: Text '10' is set on object 'Object Repository/DispensaryToStore/Page_Dispensary Store/input_txttreat'

2018-05-28 13:02:27 - [MESSAGE][PASSED] - Text '10' is set on object 'Object Repository/DispensaryToStore/Page_Dispensary Store/input_txttreat'

2018-05-28 13:02:27 - [TEST_STEP][PASSED] - click: Object: 'Object Repository/DispensaryToStore/Page_Dispensary Store/button_Add' is clicked on

2018-05-28 13:02:27 - [MESSAGE][PASSED] - Object: 'Object Repository/DispensaryToStore/Page_Dispensary Store/button_Add' is clicked on

2018-05-28 13:02:27 - [TEST_STEP][PASSED] - selectOptionByIndex: All options with index in [11] are selected on object 'Object Repository/DispensaryToStore/Page_Dispensary Store/select_--Select--Schedule 1Inj'

2018-05-28 13:02:28 - [MESSAGE][PASSED] - All options with index in [11] are selected on object 'Object Repository/DispensaryToStore/Page_Dispensary Store/select_--Select--Schedule 1Inj'

2018-05-28 13:02:28 - [TEST_STEP][PASSED] - delay: Delayed 1 second(s)

2018-05-28 13:02:29 - [MESSAGE][PASSED] - Delayed 1 second(s)

2018-05-28 13:02:29 - [TEST_STEP][PASSED] - selectOptionByIndex: All options with index in [72] are selected on object 'Object Repository/DispensaryToStore/Page_Dispensary Store/select_--Select--Adernaline 0.'

2018-05-28 13:02:30 - [MESSAGE][PASSED] - All options with index in [72] are selected on object 'Object Repository/DispensaryToStore/Page_Dispensary Store/select_--Select--Adernaline 0.'

2018-05-28 13:02:30 - [TEST_STEP][PASSED] - delay: Delayed 1 second(s)

2018-05-28 13:02:31 - [MESSAGE][PASSED] - Delayed 1 second(s)

2018-05-28 13:02:31 - [TEST_STEP][PASSED] - setText: Text '10' is set on object 'Object Repository/DispensaryToStore/Page_Dispensary Store/input_txttreat'

2018-05-28 13:02:31 - [MESSAGE][PASSED] - Text '10' is set on object 'Object Repository/DispensaryToStore/Page_Dispensary Store/input_txttreat'

2018-05-28 13:02:31 - [TEST_STEP][PASSED] - click: Object: 'Object Repository/DispensaryToStore/Page_Dispensary Store/button_Add' is clicked on

2018-05-28 13:02:31 - [MESSAGE][PASSED] - Object: 'Object Repository/DispensaryToStore/Page_Dispensary Store/button_Add' is clicked on

2018-05-28 13:02:31 - [TEST_STEP][PASSED] - selectOptionByIndex: All options with index in [11] are selected on object 'Object Repository/DispensaryToStore/Page_Dispensary Store/select_--Select--Schedule 1Inj'

2018-05-28 13:02:31 - [MESSAGE][PASSED] - All options with index in [11] are selected on object 'Object Repository/DispensaryToStore/Page_Dispensary Store/select_--Select--Schedule 1Inj'

2018-05-28 13:02:31 - [TEST_STEP][PASSED] - delay: Delayed 1 second(s)

2018-05-28 13:02:32 - [MESSAGE][PASSED] - Delayed 1 second(s)

2018-05-28 13:02:32 - [TEST_STEP][PASSED] - selectOptionByIndex: All options with index in [73] are selected on object 'Object Repository/DispensaryToStore/Page_Dispensary Store/select_--Select--Adernaline 0.'

2018-05-28 13:02:33 - [MESSAGE][PASSED] - All options with index in [73] are selected on object 'Object Repository/DispensaryToStore/Page_Dispensary Store/select_--Select--Adernaline 0.'

2018-05-28 13:02:33 - [TEST_STEP][PASSED] - delay: Delayed 1 second(s)

2018-05-28 13:02:34 - [MESSAGE][PASSED] - Delayed 1 second(s)

2018-05-28 13:02:34 - [TEST_STEP][PASSED] - setText: Text '10' is set on object 'Object Repository/DispensaryToStore/Page_Dispensary Store/input_txttreat'

2018-05-28 13:02:34 - [MESSAGE][PASSED] - Text '10' is set on object 'Object Repository/DispensaryToStore/Page_Dispensary Store/input_txttreat'

2018-05-28 13:02:34 - [TEST_STEP][PASSED] - click: Object: 'Object Repository/DispensaryToStore/Page_Dispensary Store/button_Add' is clicked on

2018-05-28 13:02:34 - [MESSAGE][PASSED] - Object: 'Object Repository/DispensaryToStore/Page_Dispensary Store/button_Add' is clicked on

2018-05-28 13:02:34 - [TEST_STEP][PASSED] - selectOptionByIndex: All options with index in [11] are selected on object 'Object Repository/DispensaryToStore/Page_Dispensary Store/select_--Select--Schedule 1Inj'

2018-05-28 13:02:35 - [MESSAGE][PASSED] - All options with index in [11] are selected on object 'Object Repository/DispensaryToStore/Page_Dispensary Store/select_--Select--Schedule 1Inj'

2018-05-28 13:02:35 - [TEST_STEP][PASSED] - delay: Delayed 1 second(s)

2018-05-28 13:02:36 - [MESSAGE][PASSED] - Delayed 1 second(s)

2018-05-28 13:02:36 - [TEST_STEP][PASSED] - selectOptionByIndex: All options with index in [74] are selected on object 'Object Repository/DispensaryToStore/Page_Dispensary Store/select_--Select--Adernaline 0.'

2018-05-28 13:02:37 - [MESSAGE][PASSED] - All options with index in [74] are selected on object 'Object Repository/DispensaryToStore/Page_Dispensary Store/select_--Select--Adernaline 0.'

2018-05-28 13:02:37 - [TEST_STEP][PASSED] - delay: Delayed 1 second(s)

2018-05-28 13:02:38 - [MESSAGE][PASSED] - Delayed 1 second(s)

2018-05-28 13:02:38 - [TEST_STEP][PASSED] - setText: Text '10' is set on object 'Object Repository/DispensaryToStore/Page_Dispensary Store/input_txttreat'

2018-05-28 13:02:38 - [MESSAGE][PASSED] - Text '10' is set on object 'Object Repository/DispensaryToStore/Page_Dispensary Store/input_txttreat'

2018-05-28 13:02:38 - [TEST_STEP][PASSED] - click: Object: 'Object Repository/DispensaryToStore/Page_Dispensary Store/button_Add' is clicked on

2018-05-28 13:02:38 - [MESSAGE][PASSED] - Object: 'Object Repository/DispensaryToStore/Page_Dispensary Store/button_Add' is clicked on

2018-05-28 13:02:38 - [TEST_STEP][PASSED] - selectOptionByIndex: All options with index in [11] are selected on object 'Object Repository/DispensaryToStore/Page_Dispensary Store/select_--Select--Schedule 1Inj'

2018-05-28 13:02:38 - [MESSAGE][PASSED] - All options with index in [11] are selected on object 'Object Repository/DispensaryToStore/Page_Dispensary Store/select_--Select--Schedule 1Inj'

2018-05-28 13:02:38 - [TEST_STEP][PASSED] - delay: Delayed 1 second(s)

2018-05-28 13:02:39 - [MESSAGE][PASSED] - Delayed 1 second(s)

2018-05-28 13:02:39 - [TEST_STEP][PASSED] - selectOptionByIndex: All options with index in [75] are selected on object 'Object Repository/DispensaryToStore/Page_Dispensary Store/select_--Select--Adernaline 0.'

2018-05-28 13:02:40 - [MESSAGE][PASSED] - All options with index in [75] are selected on object 'Object Repository/DispensaryToStore/Page_Dispensary Store/select_--Select--Adernaline 0.'

2018-05-28 13:02:40 - [TEST_STEP][PASSED] - delay: Delayed 1 second(s)

2018-05-28 13:02:41 - [MESSAGE][PASSED] - Delayed 1 second(s)

2018-05-28 13:02:41 - [TEST_STEP][PASSED] - setText: Text '10' is set on object 'Object Repository/DispensaryToStore/Page_Dispensary Store/input_txttreat'

2018-05-28 13:02:41 - [MESSAGE][PASSED] - Text '10' is set on object 'Object Repository/DispensaryToStore/Page_Dispensary Store/input_txttreat'

2018-05-28 13:02:41 - [TEST_STEP][PASSED] - click: Object: 'Object Repository/DispensaryToStore/Page_Dispensary Store/button_Add' is clicked on

2018-05-28 13:02:41 - [MESSAGE][PASSED] - Object: 'Object Repository/DispensaryToStore/Page_Dispensary Store/button_Add' is clicked on

2018-05-28 13:02:41 - [TEST_STEP][PASSED] - selectOptionByIndex: All options with index in [11] are selected on object 'Object Repository/DispensaryToStore/Page_Dispensary Store/select_--Select--Schedule 1Inj'

2018-05-28 13:02:41 - [MESSAGE][PASSED] - All options with index in [11] are selected on object 'Object Repository/DispensaryToStore/Page_Dispensary Store/select_--Select--Schedule 1Inj'

2018-05-28 13:02:41 - [TEST_STEP][PASSED] - delay: Delayed 1 second(s)

2018-05-28 13:02:42 - [MESSAGE][PASSED] - Delayed 1 second(s)

2018-05-28 13:02:42 - [TEST_STEP][PASSED] - selectOptionByIndex: All options with index in [76] are selected on object 'Object Repository/DispensaryToStore/Page_Dispensary Store/select_--Select--Adernaline 0.'

2018-05-28 13:02:43 - [MESSAGE][PASSED] - All options with index in [76] are selected on object 'Object Repository/DispensaryToStore/Page_Dispensary Store/select_--Select--Adernaline 0.'

2018-05-28 13:02:43 - [TEST_STEP][PASSED] - delay: Delayed 1 second(s)

2018-05-28 13:02:44 - [MESSAGE][PASSED] - Delayed 1 second(s)

2018-05-28 13:02:44 - [TEST_STEP][PASSED] - setText: Text '10' is set on object 'Object Repository/DispensaryToStore/Page_Dispensary Store/input_txttreat'

2018-05-28 13:02:44 - [MESSAGE][PASSED] - Text '10' is set on object 'Object Repository/DispensaryToStore/Page_Dispensary Store/input_txttreat'

2018-05-28 13:02:44 - [TEST_STEP][PASSED] - click: Object: 'Object Repository/DispensaryToStore/Page_Dispensary Store/button_Add' is clicked on

2018-05-28 13:02:44 - [MESSAGE][PASSED] - Object: 'Object Repository/DispensaryToStore/Page_Dispensary Store/button_Add' is clicked on

2018-05-28 13:02:44 - [TEST_STEP][PASSED] - selectOptionByIndex: All options with index in [11] are selected on object 'Object Repository/DispensaryToStore/Page_Dispensary Store/select_--Select--Schedule 1Inj'

2018-05-28 13:02:45 - [MESSAGE][PASSED] - All options with index in [11] are selected on object 'Object Repository/DispensaryToStore/Page_Dispensary Store/select_--Select--Schedule 1Inj'

2018-05-28 13:02:45 - [TEST_STEP][PASSED] - delay: Delayed 1 second(s)

2018-05-28 13:02:46 - [MESSAGE][PASSED] - Delayed 1 second(s)

2018-05-28 13:02:46 - [TEST_STEP][PASSED] - selectOptionByIndex: All options with index in [77] are selected on object 'Object Repository/DispensaryToStore/Page_Dispensary Store/select_--Select--Adernaline 0.'

2018-05-28 13:02:46 - [MESSAGE][PASSED] - All options with index in [77] are selected on object 'Object Repository/DispensaryToStore/Page_Dispensary Store/select_--Select--Adernaline 0.'

2018-05-28 13:02:46 - [TEST_STEP][PASSED] - delay: Delayed 1 second(s)

2018-05-28 13:02:47 - [MESSAGE][PASSED] - Delayed 1 second(s)

2018-05-28 13:02:47 - [TEST_STEP][PASSED] - setText: Text '10' is set on object 'Object Repository/DispensaryToStore/Page_Dispensary Store/input_txttreat'

2018-05-28 13:02:48 - [MESSAGE][PASSED] - Text '10' is set on object 'Object Repository/DispensaryToStore/Page_Dispensary Store/input_txttreat'

2018-05-28 13:02:48 - [TEST_STEP][PASSED] - click: Object: 'Object Repository/DispensaryToStore/Page_Dispensary Store/button_Add' is clicked on

2018-05-28 13:02:48 - [MESSAGE][PASSED] - Object: 'Object Repository/DispensaryToStore/Page_Dispensary Store/button_Add' is clicked on

2018-05-28 13:02:48 - [TEST_STEP][PASSED] - selectOptionByIndex: All options with index in [11] are selected on object 'Object Repository/DispensaryToStore/Page_Dispensary Store/select_--Select--Schedule 1Inj'

2018-05-28 13:02:48 - [MESSAGE][PASSED] - All options with index in [11] are selected on object 'Object Repository/DispensaryToStore/Page_Dispensary Store/select_--Select--Schedule 1Inj'

2018-05-28 13:02:48 - [TEST_STEP][PASSED] - delay: Delayed 1 second(s)

2018-05-28 13:02:49 - [MESSAGE][PASSED] - Delayed 1 second(s)

2018-05-28 13:02:49 - [TEST_STEP][PASSED] - selectOptionByIndex: All options with index in [78] are selected on object 'Object Repository/DispensaryToStore/Page_Dispensary Store/select_--Select--Adernaline 0.'

2018-05-28 13:02:50 - [MESSAGE][PASSED] - All options with index in [78] are selected on object 'Object Repository/DispensaryToStore/Page_Dispensary Store/select_--Select--Adernaline 0.'

2018-05-28 13:02:50 - [TEST_STEP][PASSED] - delay: Delayed 1 second(s)

2018-05-28 13:02:51 - [MESSAGE][PASSED] - Delayed 1 second(s)

2018-05-28 13:02:51 - [TEST_STEP][PASSED] - setText: Text '10' is set on object 'Object Repository/DispensaryToStore/Page_Dispensary Store/input_txttreat'

2018-05-28 13:02:51 - [MESSAGE][PASSED] - Text '10' is set on object 'Object Repository/DispensaryToStore/Page_Dispensary Store/input_txttreat'

2018-05-28 13:02:51 - [TEST_STEP][PASSED] - click: Object: 'Object Repository/DispensaryToStore/Page_Dispensary Store/button_Add' is clicked on

2018-05-28 13:02:51 - [MESSAGE][PASSED] - Object: 'Object Repository/DispensaryToStore/Page_Dispensary Store/button_Add' is clicked on

2018-05-28 13:02:51 - [TEST_STEP][PASSED] - selectOptionByIndex: All options with index in [11] are selected on object 'Object Repository/DispensaryToStore/Page_Dispensary Store/select_--Select--Schedule 1Inj'

2018-05-28 13:02:51 - [MESSAGE][PASSED] - All options with index in [11] are selected on object 'Object Repository/DispensaryToStore/Page_Dispensary Store/select_--Select--Schedule 1Inj'

2018-05-28 13:02:51 - [TEST_STEP][PASSED] - delay: Delayed 1 second(s)

2018-05-28 13:02:52 - [MESSAGE][PASSED] - Delayed 1 second(s)

2018-05-28 13:02:52 - [TEST_STEP][PASSED] - selectOptionByIndex: All options with index in [79] are selected on object 'Object Repository/DispensaryToStore/Page_Dispensary Store/select_--Select--Adernaline 0.'

2018-05-28 13:02:53 - [MESSAGE][PASSED] - All options with index in [79] are selected on object 'Object Repository/DispensaryToStore/Page_Dispensary Store/select_--Select--Adernaline 0.'

2018-05-28 13:02:53 - [TEST_STEP][PASSED] - delay: Delayed 1 second(s)

2018-05-28 13:02:54 - [MESSAGE][PASSED] - Delayed 1 second(s)

2018-05-28 13:02:54 - [TEST_STEP][PASSED] - setText: Text '10' is set on object 'Object Repository/DispensaryToStore/Page_Dispensary Store/input_txttreat'

2018-05-28 13:02:54 - [MESSAGE][PASSED] - Text '10' is set on object 'Object Repository/DispensaryToStore/Page_Dispensary Store/input_txttreat'

2018-05-28 13:02:54 - [TEST_STEP][PASSED] - click: Object: 'Object Repository/DispensaryToStore/Page_Dispensary Store/button_Add' is clicked on

2018-05-28 13:02:54 - [MESSAGE][PASSED] - Object: 'Object Repository/DispensaryToStore/Page_Dispensary Store/button_Add' is clicked on

2018-05-28 13:02:54 - [TEST_STEP][PASSED] - selectOptionByIndex: All options with index in [11] are selected on object 'Object Repository/DispensaryToStore/Page_Dispensary Store/select_--Select--Schedule 1Inj'

2018-05-28 13:02:55 - [MESSAGE][PASSED] - All options with index in [11] are selected on object 'Object Repository/DispensaryToStore/Page_Dispensary Store/select_--Select--Schedule 1Inj'

2018-05-28 13:02:55 - [TEST_STEP][PASSED] - delay: Delayed 1 second(s)

2018-05-28 13:02:56 - [MESSAGE][PASSED] - Delayed 1 second(s)

2018-05-28 13:02:56 - [TEST_STEP][PASSED] - selectOptionByIndex: All options with index in [80] are selected on object 'Object Repository/DispensaryToStore/Page_Dispensary Store/select_--Select--Adernaline 0.'

2018-05-28 13:02:56 - [MESSAGE][PASSED] - All options with index in [80] are selected on object 'Object Repository/DispensaryToStore/Page_Dispensary Store/select_--Select--Adernaline 0.'

2018-05-28 13:02:56 - [TEST_STEP][PASSED] - delay: Delayed 1 second(s)

2018-05-28 13:02:57 - [MESSAGE][PASSED] - Delayed 1 second(s)

2018-05-28 13:02:57 - [TEST_STEP][PASSED] - setText: Text '10' is set on object 'Object Repository/DispensaryToStore/Page_Dispensary Store/input_txttreat'

2018-05-28 13:02:58 - [MESSAGE][PASSED] - Text '10' is set on object 'Object Repository/DispensaryToStore/Page_Dispensary Store/input_txttreat'

2018-05-28 13:02:58 - [TEST_STEP][PASSED] - click: Object: 'Object Repository/DispensaryToStore/Page_Dispensary Store/button_Add' is clicked on

2018-05-28 13:02:58 - [MESSAGE][PASSED] - Object: 'Object Repository/DispensaryToStore/Page_Dispensary Store/button_Add' is clicked on

2018-05-28 13:02:58 - [TEST_STEP][PASSED] - scrollToElement: Scroll to object 'Object Repository/DispensaryToStore/Page_Dispensary Store/input_btnsave' successfully

2018-05-28 13:02:58 - [MESSAGE][PASSED] - Scroll to object 'Object Repository/DispensaryToStore/Page_Dispensary Store/input_btnsave' successfully

2018-05-28 13:02:58 - [TEST_STEP][PASSED] - click: Object: 'Object Repository/DispensaryToStore/Page_Dispensary Store/input_btnsave' is clicked on

2018-05-28 13:02:58 - [MESSAGE][PASSED] - Object: 'Object Repository/DispensaryToStore/Page_Dispensary Store/input_btnsave' is clicked on

2018-05-28 13:02:58 - [TEST_STEP][PASSED] - delay: Delayed 3 second(s)

2018-05-28 13:03:01 - [MESSAGE][PASSED] - Delayed 3 second(s)

2018-05-28 13:03:01 - [TEST_STEP][PASSED] - Statement - RN1 = com.kms.katalon.core.webui.keyword.WebUiBuiltInKeywords.getText(com.kms.katalon.core.testobject.ObjectRepository.findTestObject(DispensaryToStore/Page_Dispensary Store/font_HPRNO180520187)): Text of object 'Object Repository/DispensaryToStore/Page_Dispensary Store/font_HPRNO180520187' is: 'DPRNO/28052018/130'

2018-05-28 13:03:01 - [MESSAGE][PASSED] - Text of object 'Object Repository/DispensaryToStore/Page_Dispensary Store/font_HPRNO180520187' is: 'DPRNO/28052018/130'

2018-05-28 13:03:01 - [TEST_STEP][PASSED] - Statement - out.println(RN1): null

2018-05-28 13:03:01 - [TEST_STEP][PASSED] - Statement - RID = RN1.split("/")[2]: null

2018-05-28 13:03:01 - [TEST_STEP][PASSED] - click: Object: 'Object Repository/DispensaryToStore/Page_Dispensary Store/button_OK' is clicked on

2018-05-28 13:03:06 - [MESSAGE][PASSED] - Object: 'Object Repository/DispensaryToStore/Page_Dispensary Store/button_OK' is clicked on

2018-05-28 13:03:06 - [TEST_STEP][PASSED] - delay: Delayed 3 second(s)

2018-05-28 13:03:09 - [MESSAGE][PASSED] - Delayed 3 second(s)

2018-05-28 13:03:09 - [TEST_STEP][PASSED] - click: Object: 'Object Repository/DispensaryToStore/Page_Dispensary Store/a_dropdown-toggle' is clicked on

2018-05-28 13:03:09 - [MESSAGE][PASSED] - Object: 'Object Repository/DispensaryToStore/Page_Dispensary Store/a_dropdown-toggle' is clicked on

2018-05-28 13:03:09 - [TEST_STEP][PASSED] - click: Object: 'Object Repository/DispensaryToStore/Page_Dispensary Store/a_Sign out' is clicked on

2018-05-28 13:03:10 - [MESSAGE][PASSED] - Object: 'Object Repository/DispensaryToStore/Page_Dispensary Store/a_Sign out' is clicked on

2018-05-28 13:03:10 - [TEST_STEP][PASSED] - delay: Delayed 3 second(s)

2018-05-28 13:03:13 - [MESSAGE][PASSED] - Delayed 3 second(s)

2018-05-28 13:03:13 - [TEST_STEP][PASSED] - navigateToUrl: Navigate to 'http://192.168.137.1/multihospital_new/' successfully

2018-05-28 13:03:13 - [MESSAGE][PASSED] - Navigate to 'http://192.168.137.1/multihospital_new/' successfully

2018-05-28 13:03:13 - [TEST_STEP][PASSED] - click: Object: 'Object Repository/DispensaryToStore/Page_KDMC/a_CMO' is clicked on

2018-05-28 13:03:14 - [MESSAGE][PASSED] - Object: 'Object Repository/DispensaryToStore/Page_KDMC/a_CMO' is clicked on

2018-05-28 13:03:14 - [TEST_STEP][PASSED] - setText: Text 'guru' is set on object 'Object Repository/DispensaryToStore/Page_CMO login/input_txtusername'

2018-05-28 13:03:14 - [MESSAGE][PASSED] - Text 'guru' is set on object 'Object Repository/DispensaryToStore/Page_CMO login/input_txtusername'

2018-05-28 13:03:14 - [TEST_STEP][PASSED] - setText: Text '123' is set on object 'Object Repository/DispensaryToStore/Page_CMO login/input_txtpassword'

2018-05-28 13:03:14 - [MESSAGE][PASSED] - Text '123' is set on object 'Object Repository/DispensaryToStore/Page_CMO login/input_txtpassword'

2018-05-28 13:03:14 - [TEST_STEP][PASSED] - delay: Delayed 3 second(s)

2018-05-28 13:03:17 - [MESSAGE][PASSED] - Delayed 3 second(s)

2018-05-28 13:03:17 - [TEST_STEP][PASSED] - click: Object: 'Object Repository/DispensaryToStore/Page_CMO login/button_Sign in' is clicked on

2018-05-28 13:03:18 - [MESSAGE][PASSED] - Object: 'Object Repository/DispensaryToStore/Page_CMO login/button_Sign in' is clicked on

2018-05-28 13:03:18 - [TEST_STEP][PASSED] - click: Object: 'Object Repository/DispensaryToStore/Page_KDMC - CMO/a_Department Wise Request' is clicked on

2018-05-28 13:03:20 - [MESSAGE][PASSED] - Object: 'Object Repository/DispensaryToStore/Page_KDMC - CMO/a_Department Wise Request' is clicked on

2018-05-28 13:03:20 - [TEST_STEP][PASSED] - delay: Delayed 2 second(s)

2018-05-28 13:03:22 - [MESSAGE][PASSED] - Delayed 2 second(s)

2018-05-28 13:03:22 - [TEST_STEP][PASSED] - selectOptionByIndex: All options with index in [6] are selected on object 'Object Repository/DispensaryToStore/Page_KDMC - CMO/select_--ALL--'

2018-05-28 13:03:22 - [MESSAGE][PASSED] - All options with index in [6] are selected on object 'Object Repository/DispensaryToStore/Page_KDMC - CMO/select_--ALL--'

2018-05-28 13:03:22 - [TEST_STEP][PASSED] - click: Object: 'Object Repository/DispensaryToStore/Page_KDMC - CMO/input_btnsearch' is clicked on

2018-05-28 13:03:22 - [MESSAGE][PASSED] - Object: 'Object Repository/DispensaryToStore/Page_KDMC - CMO/input_btnsearch' is clicked on

2018-05-28 13:03:22 - [TEST_STEP][PASSED] - selectOptionByIndex: All options with index in [1] are selected on object 'Object Repository/DispensaryToStore/Page_KDMC - CMO/select_--ALL--                _1'

2018-05-28 13:03:22 - [MESSAGE][PASSED] - All options with index in [1] are selected on object 'Object Repository/DispensaryToStore/Page_KDMC - CMO/select_--ALL--                _1'

2018-05-28 13:03:22 - [TEST_STEP][PASSED] - click: Object: 'Object Repository/DispensaryToStore/Page_KDMC - CMO/input_btnsearch' is clicked on

2018-05-28 13:03:22 - [MESSAGE][PASSED] - Object: 'Object Repository/DispensaryToStore/Page_KDMC - CMO/input_btnsearch' is clicked on

2018-05-28 13:03:22 - [TEST_STEP][PASSED] - Statement - ID = com.kms.katalon.core.webui.keyword.WebUiBuiltInKeywords.modifyObjectProperty(com.kms.katalon.core.testobject.ObjectRepository.findTestObject(lab/Page_KDMC - CMO/input_1), "xpath", "equals", "//*[@id=" + RID + "]", true): Modify property of object successfully

2018-05-28 13:03:22 - [MESSAGE][PASSED] - Modify property of object successfully

2018-05-28 13:03:22 - [TEST_STEP][PASSED] - click: Object: 'Object Repository/lab/Page_KDMC - CMO/input_1' is clicked on

2018-05-28 13:03:23 - [MESSAGE][PASSED] - Object: 'Object Repository/lab/Page_KDMC - CMO/input_1' is clicked on

2018-05-28 13:03:23 - [TEST_STEP][PASSED] - delay: Delayed 2 second(s)

2018-05-28 13:03:25 - [MESSAGE][PASSED] - Delayed 2 second(s)

2018-05-28 13:03:25 - [TEST_STEP][PASSED] - selectOptionByIndex: All options with index in [1] are selected on object 'Object Repository/DispensaryToStore/Page_KDMC - CMO/select_--Select--'

2018-05-28 13:03:25 - [MESSAGE][PASSED] - All options with index in [1] are selected on object 'Object Repository/DispensaryToStore/Page_KDMC - CMO/select_--Select--'

2018-05-28 13:03:25 - [TEST_STEP][PASSED] - click: Object: 'Object Repository/DispensaryToStore/Page_KDMC - CMO/input_btnupdate' is clicked on

2018-05-28 13:03:25 - [MESSAGE][PASSED] - Object: 'Object Repository/DispensaryToStore/Page_KDMC - CMO/input_btnupdate' is clicked on

2018-05-28 13:03:25 - [TEST_STEP][PASSED] - delay: Delayed 2 second(s)

2018-05-28 13:03:27 - [MESSAGE][PASSED] - Delayed 2 second(s)

2018-05-28 13:03:27 - [TEST_STEP][PASSED] - click: Object: 'Object Repository/DispensaryToStore/Page_KDMC - CMO/button_OK' is clicked on

2018-05-28 13:03:28 - [MESSAGE][PASSED] - Object: 'Object Repository/DispensaryToStore/Page_KDMC - CMO/button_OK' is clicked on

2018-05-28 13:03:28 - [TEST_STEP][PASSED] - delay: Delayed 2 second(s)

2018-05-28 13:03:30 - [MESSAGE][PASSED] - Delayed 2 second(s)

2018-05-28 13:03:30 - [TEST_STEP][PASSED] - click: Object: 'Object Repository/DispensaryToStore/Page_KDMC - CMO/a_dropdown-toggle' is clicked on

2018-05-28 13:03:30 - [MESSAGE][PASSED] - Object: 'Object Repository/DispensaryToStore/Page_KDMC - CMO/a_dropdown-toggle' is clicked on

2018-05-28 13:03:30 - [TEST_STEP][PASSED] - click: Object: 'Object Repository/DispensaryToStore/Page_KDMC - CMO/a_Sign out' is clicked on

2018-05-28 13:03:31 - [MESSAGE][PASSED] - Object: 'Object Repository/DispensaryToStore/Page_KDMC - CMO/a_Sign out' is clicked on

2018-05-28 13:03:31 - [TEST_STEP][PASSED] - delay: Delayed 3 second(s)

2018-05-28 13:03:34 - [MESSAGE][PASSED] - Delayed 3 second(s)

2018-05-28 13:03:34 - [TEST_STEP][PASSED] - click: Object: 'Object Repository/DispensaryToStore/Page_KDMC/a_Divisional Store' is clicked on

2018-05-28 13:03:35 - [MESSAGE][PASSED] - Object: 'Object Repository/DispensaryToStore/Page_KDMC/a_Divisional Store' is clicked on

2018-05-28 13:03:35 - [TEST_STEP][PASSED] - setText: Text 'ragu' is set on object 'Object Repository/DispensaryToStore/Page_Divisonal Store Login/input_txtusername'

2018-05-28 13:03:35 - [MESSAGE][PASSED] - Text 'ragu' is set on object 'Object Repository/DispensaryToStore/Page_Divisonal Store Login/input_txtusername'

2018-05-28 13:03:35 - [TEST_STEP][PASSED] - setText: Text '123' is set on object 'Object Repository/DispensaryToStore/Page_Divisonal Store Login/input_txtpassword'

2018-05-28 13:03:35 - [MESSAGE][PASSED] - Text '123' is set on object 'Object Repository/DispensaryToStore/Page_Divisonal Store Login/input_txtpassword'

2018-05-28 13:03:35 - [TEST_STEP][PASSED] - delay: Delayed 3 second(s)

2018-05-28 13:03:38 - [MESSAGE][PASSED] - Delayed 3 second(s)

2018-05-28 13:03:38 - [TEST_STEP][PASSED] - click: Object: 'Object Repository/DispensaryToStore/Page_Divisonal Store Login/button_Sign in' is clicked on

2018-05-28 13:03:39 - [MESSAGE][PASSED] - Object: 'Object Repository/DispensaryToStore/Page_Divisonal Store Login/button_Sign in' is clicked on

2018-05-28 13:03:39 - [TEST_STEP][PASSED] - delay: Delayed 3 second(s)

2018-05-28 13:03:42 - [MESSAGE][PASSED] - Delayed 3 second(s)

2018-05-28 13:03:42 - [TEST_STEP][PASSED] - scrollToPosition: Browser is scrolled to position x = 100, y = 100

2018-05-28 13:03:42 - [MESSAGE][PASSED] - Browser is scrolled to position x = 100, y = 100

2018-05-28 13:03:42 - [TEST_STEP][PASSED] - click: Object: 'Object Repository/DispensaryToStore/Page_Store/a_Dispensary Request' is clicked on

2018-05-28 13:03:43 - [MESSAGE][PASSED] - Object: 'Object Repository/DispensaryToStore/Page_Store/a_Dispensary Request' is clicked on

2018-05-28 13:03:43 - [TEST_STEP][PASSED] - delay: Delayed 2 second(s)

2018-05-28 13:03:45 - [MESSAGE][PASSED] - Delayed 2 second(s)

2018-05-28 13:03:45 - [TEST_STEP][PASSED] - click: Object: 'Object Repository/DispensaryToStore/Page_Store/a_Request Item Dispensary' is clicked on

2018-05-28 13:03:45 - [MESSAGE][PASSED] - Object: 'Object Repository/DispensaryToStore/Page_Store/a_Request Item Dispensary' is clicked on

2018-05-28 13:03:45 - [TEST_STEP][PASSED] - Statement - ChooseRequest = com.kms.katalon.core.webui.keyword.WebUiBuiltInKeywords.modifyObjectProperty(com.kms.katalon.core.testobject.ObjectRepository.findTestObject(lab/Page_Store/input_1), "xpath", "equals", "//*[@id=" + RID + "]", true): Modify property of object successfully

2018-05-28 13:03:45 - [MESSAGE][PASSED] - Modify property of object successfully

2018-05-28 13:03:45 - [TEST_STEP][PASSED] - click: Object: 'Object Repository/lab/Page_Store/input_1' is clicked on

2018-05-28 13:03:46 - [MESSAGE][PASSED] - Object: 'Object Repository/lab/Page_Store/input_1' is clicked on

2018-05-28 13:03:46 - [TEST_STEP][PASSED] - Statement - selectedoptions = com.kms.katalon.core.webui.keyword.WebUiBuiltInKeywords.getNumberOfTotalOption(com.kms.katalon.core.testobject.ObjectRepository.findTestObject(DispensaryToStore/Page_Store/select_--Select--Adernaline 0.)): 81 options of object 'Object Repository/DispensaryToStore/Page_Store/select_--Select--Adernaline 0.' counted

2018-05-28 13:03:46 - [MESSAGE][PASSED] - 81 options of object 'Object Repository/DispensaryToStore/Page_Store/select_--Select--Adernaline 0.' counted

2018-05-28 13:03:46 - [TEST_STEP][PASSED] - Statement - For ([a = 1, a <= selectedoptions - 1, (a++)]): null

2018-05-28 13:03:46 - [TEST_STEP][PASSED] - selectOptionByIndex: All options with index in [1] are selected on object 'Object Repository/DispensaryToStore/Page_Store/select_--Select--Adernaline 0.'

2018-05-28 13:03:46 - [MESSAGE][PASSED] - All options with index in [1] are selected on object 'Object Repository/DispensaryToStore/Page_Store/select_--Select--Adernaline 0.'

2018-05-28 13:03:46 - [TEST_STEP][PASSED] - delay: Delayed 2 second(s)

2018-05-28 13:03:48 - [MESSAGE][PASSED] - Delayed 2 second(s)

2018-05-28 13:03:48 - [TEST_STEP][PASSED] - Statement - RequestedQty = com.kms.katalon.core.webui.keyword.WebUiBuiltInKeywords.getAttribute(com.kms.katalon.core.testobject.ObjectRepository.findTestObject(DispensaryToStore/Page_Store/input_txttotal), "value"): Attribute 'value' of object 'Object Repository/DispensaryToStore/Page_Store/input_txttotal' is: '10'

2018-05-28 13:03:48 - [MESSAGE][PASSED] - Attribute 'value' of object 'Object Repository/DispensaryToStore/Page_Store/input_txttotal' is: '10'

2018-05-28 13:03:48 - [TEST_STEP][PASSED] - Statement - out.println("Requested QTY : " + RequestedQty): null

2018-05-28 13:03:48 - [TEST_STEP][PASSED] - Statement - BatchNumber = com.kms.katalon.core.webui.keyword.WebUiBuiltInKeywords.getNumberOfTotalOption(com.kms.katalon.core.testobject.ObjectRepository.findTestObject(DispensaryToStore/Page_Store/select_--Select--BA1170BA2376B)): 2 options of object 'Object Repository/DispensaryToStore/Page_Store/select_--Select--BA1170BA2376B' counted

2018-05-28 13:03:48 - [MESSAGE][PASSED] - 2 options of object 'Object Repository/DispensaryToStore/Page_Store/select_--Select--BA1170BA2376B' counted

2018-05-28 13:03:48 - [TEST_STEP][PASSED] - Statement - For ([g = 1, g <= BatchNumber - 1, (g++)]): null

2018-05-28 13:03:48 - [TEST_STEP][PASSED] - selectOptionByIndex: All options with index in [1] are selected on object 'Object Repository/DispensaryToStore/Page_Store/select_--Select--BA1170BA2376B'

2018-05-28 13:03:49 - [MESSAGE][PASSED] - All options with index in [1] are selected on object 'Object Repository/DispensaryToStore/Page_Store/select_--Select--BA1170BA2376B'

2018-05-28 13:03:49 - [TEST_STEP][PASSED] - Statement - Try: null

2018-05-28 13:03:49 - [TEST_STEP][PASSED] - Statement - StockQty = com.kms.katalon.core.webui.keyword.WebUiBuiltInKeywords.getAttribute(com.kms.katalon.core.testobject.ObjectRepository.findTestObject(DispensaryToStore/Page_Store/input_txtprice), "value"): Attribute 'value' of object 'Object Repository/DispensaryToStore/Page_Store/input_txtprice' is: '140'

2018-05-28 13:03:49 - [MESSAGE][PASSED] - Attribute 'value' of object 'Object Repository/DispensaryToStore/Page_Store/input_txtprice' is: '140'

2018-05-28 13:03:49 - [TEST_STEP][PASSED] - Statement - out.println("Stock QTY : " + StockQty): null

2018-05-28 13:03:49 - [TEST_STEP][PASSED] - delay: Delayed 2 second(s)

2018-05-28 13:03:51 - [MESSAGE][PASSED] - Delayed 2 second(s)

2018-05-28 13:03:51 - [TEST_STEP][PASSED] - Statement - If (java.lang.String.valueOf(StockQty) >= java.lang.String.valueOf(RequestedQty)): null

2018-05-28 13:03:51 - [TEST_STEP][PASSED] - setText: Text '10' is set on object 'Object Repository/DispensaryToStore/Page_Store/input_txtqty'

2018-05-28 13:03:51 - [MESSAGE][PASSED] - Text '10' is set on object 'Object Repository/DispensaryToStore/Page_Store/input_txtqty'

2018-05-28 13:03:51 - [TEST_STEP][PASSED] - click: Object: 'Object Repository/DispensaryToStore/Page_Store/button_Add' is clicked on

2018-05-28 13:03:51 - [MESSAGE][PASSED] - Object: 'Object Repository/DispensaryToStore/Page_Store/button_Add' is clicked on

2018-05-28 13:03:51 - [TEST_STEP][PASSED] - Statement - Break: null

2018-05-28 13:03:51 - [TEST_STEP][PASSED] - selectOptionByIndex: All options with index in [2] are selected on object 'Object Repository/DispensaryToStore/Page_Store/select_--Select--Adernaline 0.'

2018-05-28 13:03:51 - [MESSAGE][PASSED] - All options with index in [2] are selected on object 'Object Repository/DispensaryToStore/Page_Store/select_--Select--Adernaline 0.'

2018-05-28 13:03:51 - [TEST_STEP][PASSED] - delay: Delayed 2 second(s)

2018-05-28 13:03:53 - [MESSAGE][PASSED] - Delayed 2 second(s)

2018-05-28 13:03:53 - [TEST_STEP][PASSED] - Statement - RequestedQty = com.kms.katalon.core.webui.keyword.WebUiBuiltInKeywords.getAttribute(com.kms.katalon.core.testobject.ObjectRepository.findTestObject(DispensaryToStore/Page_Store/input_txttotal), "value"): Attribute 'value' of object 'Object Repository/DispensaryToStore/Page_Store/input_txttotal' is: '10'

2018-05-28 13:03:53 - [MESSAGE][PASSED] - Attribute 'value' of object 'Object Repository/DispensaryToStore/Page_Store/input_txttotal' is: '10'

2018-05-28 13:03:53 - [TEST_STEP][PASSED] - Statement - out.println("Requested QTY : " + RequestedQty): null

2018-05-28 13:03:53 - [TEST_STEP][PASSED] - Statement - BatchNumber = com.kms.katalon.core.webui.keyword.WebUiBuiltInKeywords.getNumberOfTotalOption(com.kms.katalon.core.testobject.ObjectRepository.findTestObject(DispensaryToStore/Page_Store/select_--Select--BA1170BA2376B)): 2 options of object 'Object Repository/DispensaryToStore/Page_Store/select_--Select--BA1170BA2376B' counted

2018-05-28 13:03:53 - [MESSAGE][PASSED] - 2 options of object 'Object Repository/DispensaryToStore/Page_Store/select_--Select--BA1170BA2376B' counted

2018-05-28 13:03:53 - [TEST_STEP][PASSED] - Statement - For ([g = 1, g <= BatchNumber - 1, (g++)]): null

2018-05-28 13:03:53 - [TEST_STEP][PASSED] - selectOptionByIndex: All options with index in [1] are selected on object 'Object Repository/DispensaryToStore/Page_Store/select_--Select--BA1170BA2376B'

2018-05-28 13:03:53 - [MESSAGE][PASSED] - All options with index in [1] are selected on object 'Object Repository/DispensaryToStore/Page_Store/select_--Select--BA1170BA2376B'

2018-05-28 13:03:53 - [TEST_STEP][PASSED] - Statement - Try: null

2018-05-28 13:03:53 - [TEST_STEP][PASSED] - Statement - StockQty = com.kms.katalon.core.webui.keyword.WebUiBuiltInKeywords.getAttribute(com.kms.katalon.core.testobject.ObjectRepository.findTestObject(DispensaryToStore/Page_Store/input_txtprice), "value"): Attribute 'value' of object 'Object Repository/DispensaryToStore/Page_Store/input_txtprice' is: '170'

2018-05-28 13:03:53 - [MESSAGE][PASSED] - Attribute 'value' of object 'Object Repository/DispensaryToStore/Page_Store/input_txtprice' is: '170'

2018-05-28 13:03:53 - [TEST_STEP][PASSED] - Statement - out.println("Stock QTY : " + StockQty): null

2018-05-28 13:03:53 - [TEST_STEP][PASSED] - delay: Delayed 2 second(s)

2018-05-28 13:03:55 - [MESSAGE][PASSED] - Delayed 2 second(s)

2018-05-28 13:03:55 - [TEST_STEP][PASSED] - Statement - If (java.lang.String.valueOf(StockQty) >= java.lang.String.valueOf(RequestedQty)): null

2018-05-28 13:03:55 - [TEST_STEP][PASSED] - setText: Text '10' is set on object 'Object Repository/DispensaryToStore/Page_Store/input_txtqty'

2018-05-28 13:03:55 - [MESSAGE][PASSED] - Text '10' is set on object 'Object Repository/DispensaryToStore/Page_Store/input_txtqty'

2018-05-28 13:03:55 - [TEST_STEP][PASSED] - click: Object: 'Object Repository/DispensaryToStore/Page_Store/button_Add' is clicked on

2018-05-28 13:03:55 - [MESSAGE][PASSED] - Object: 'Object Repository/DispensaryToStore/Page_Store/button_Add' is clicked on

2018-05-28 13:03:55 - [TEST_STEP][PASSED] - Statement - Break: null

2018-05-28 13:03:55 - [TEST_STEP][PASSED] - selectOptionByIndex: All options with index in [3] are selected on object 'Object Repository/DispensaryToStore/Page_Store/select_--Select--Adernaline 0.'

2018-05-28 13:03:56 - [MESSAGE][PASSED] - All options with index in [3] are selected on object 'Object Repository/DispensaryToStore/Page_Store/select_--Select--Adernaline 0.'

2018-05-28 13:03:56 - [TEST_STEP][PASSED] - delay: Delayed 2 second(s)

2018-05-28 13:03:58 - [MESSAGE][PASSED] - Delayed 2 second(s)

2018-05-28 13:03:58 - [TEST_STEP][PASSED] - Statement - RequestedQty = com.kms.katalon.core.webui.keyword.WebUiBuiltInKeywords.getAttribute(com.kms.katalon.core.testobject.ObjectRepository.findTestObject(DispensaryToStore/Page_Store/input_txttotal), "value"): Attribute 'value' of object 'Object Repository/DispensaryToStore/Page_Store/input_txttotal' is: '10'

2018-05-28 13:03:58 - [MESSAGE][PASSED] - Attribute 'value' of object 'Object Repository/DispensaryToStore/Page_Store/input_txttotal' is: '10'

2018-05-28 13:03:58 - [TEST_STEP][PASSED] - Statement - out.println("Requested QTY : " + RequestedQty): null

2018-05-28 13:03:58 - [TEST_STEP][PASSED] - Statement - BatchNumber = com.kms.katalon.core.webui.keyword.WebUiBuiltInKeywords.getNumberOfTotalOption(com.kms.katalon.core.testobject.ObjectRepository.findTestObject(DispensaryToStore/Page_Store/select_--Select--BA1170BA2376B)): 2 options of object 'Object Repository/DispensaryToStore/Page_Store/select_--Select--BA1170BA2376B' counted

2018-05-28 13:03:58 - [MESSAGE][PASSED] - 2 options of object 'Object Repository/DispensaryToStore/Page_Store/select_--Select--BA1170BA2376B' counted

2018-05-28 13:03:58 - [TEST_STEP][PASSED] - Statement - For ([g = 1, g <= BatchNumber - 1, (g++)]): null

2018-05-28 13:03:58 - [TEST_STEP][PASSED] - selectOptionByIndex: All options with index in [1] are selected on object 'Object Repository/DispensaryToStore/Page_Store/select_--Select--BA1170BA2376B'

2018-05-28 13:03:58 - [MESSAGE][PASSED] - All options with index in [1] are selected on object 'Object Repository/DispensaryToStore/Page_Store/select_--Select--BA1170BA2376B'

2018-05-28 13:03:58 - [TEST_STEP][PASSED] - Statement - Try: null

2018-05-28 13:03:58 - [TEST_STEP][PASSED] - Statement - StockQty = com.kms.katalon.core.webui.keyword.WebUiBuiltInKeywords.getAttribute(com.kms.katalon.core.testobject.ObjectRepository.findTestObject(DispensaryToStore/Page_Store/input_txtprice), "value"): Attribute 'value' of object 'Object Repository/DispensaryToStore/Page_Store/input_txtprice' is: '170'

2018-05-28 13:03:58 - [MESSAGE][PASSED] - Attribute 'value' of object 'Object Repository/DispensaryToStore/Page_Store/input_txtprice' is: '170'

2018-05-28 13:03:58 - [TEST_STEP][PASSED] - Statement - out.println("Stock QTY : " + StockQty): null

2018-05-28 13:03:58 - [TEST_STEP][PASSED] - delay: Delayed 2 second(s)

2018-05-28 13:04:00 - [MESSAGE][PASSED] - Delayed 2 second(s)

2018-05-28 13:04:00 - [TEST_STEP][PASSED] - Statement - If (java.lang.String.valueOf(StockQty) >= java.lang.String.valueOf(RequestedQty)): null

2018-05-28 13:04:00 - [TEST_STEP][PASSED] - setText: Text '10' is set on object 'Object Repository/DispensaryToStore/Page_Store/input_txtqty'

2018-05-28 13:04:00 - [MESSAGE][PASSED] - Text '10' is set on object 'Object Repository/DispensaryToStore/Page_Store/input_txtqty'

2018-05-28 13:04:00 - [TEST_STEP][PASSED] - click: Object: 'Object Repository/DispensaryToStore/Page_Store/button_Add' is clicked on

2018-05-28 13:04:00 - [MESSAGE][PASSED] - Object: 'Object Repository/DispensaryToStore/Page_Store/button_Add' is clicked on

2018-05-28 13:04:00 - [TEST_STEP][PASSED] - Statement - Break: null

2018-05-28 13:04:00 - [TEST_STEP][PASSED] - selectOptionByIndex: All options with index in [4] are selected on object 'Object Repository/DispensaryToStore/Page_Store/select_--Select--Adernaline 0.'

2018-05-28 13:04:00 - [MESSAGE][PASSED] - All options with index in [4] are selected on object 'Object Repository/DispensaryToStore/Page_Store/select_--Select--Adernaline 0.'

2018-05-28 13:04:00 - [TEST_STEP][PASSED] - delay: Delayed 2 second(s)

2018-05-28 13:04:02 - [MESSAGE][PASSED] - Delayed 2 second(s)

2018-05-28 13:04:02 - [TEST_STEP][PASSED] - Statement - RequestedQty = com.kms.katalon.core.webui.keyword.WebUiBuiltInKeywords.getAttribute(com.kms.katalon.core.testobject.ObjectRepository.findTestObject(DispensaryToStore/Page_Store/input_txttotal), "value"): Attribute 'value' of object 'Object Repository/DispensaryToStore/Page_Store/input_txttotal' is: '10'

2018-05-28 13:04:02 - [MESSAGE][PASSED] - Attribute 'value' of object 'Object Repository/DispensaryToStore/Page_Store/input_txttotal' is: '10'

2018-05-28 13:04:02 - [TEST_STEP][PASSED] - Statement - out.println("Requested QTY : " + RequestedQty): null

2018-05-28 13:04:02 - [TEST_STEP][PASSED] - Statement - BatchNumber = com.kms.katalon.core.webui.keyword.WebUiBuiltInKeywords.getNumberOfTotalOption(com.kms.katalon.core.testobject.ObjectRepository.findTestObject(DispensaryToStore/Page_Store/select_--Select--BA1170BA2376B)): 2 options of object 'Object Repository/DispensaryToStore/Page_Store/select_--Select--BA1170BA2376B' counted

2018-05-28 13:04:02 - [MESSAGE][PASSED] - 2 options of object 'Object Repository/DispensaryToStore/Page_Store/select_--Select--BA1170BA2376B' counted

2018-05-28 13:04:02 - [TEST_STEP][PASSED] - Statement - For ([g = 1, g <= BatchNumber - 1, (g++)]): null

2018-05-28 13:04:02 - [TEST_STEP][PASSED] - selectOptionByIndex: All options with index in [1] are selected on object 'Object Repository/DispensaryToStore/Page_Store/select_--Select--BA1170BA2376B'

2018-05-28 13:04:02 - [MESSAGE][PASSED] - All options with index in [1] are selected on object 'Object Repository/DispensaryToStore/Page_Store/select_--Select--BA1170BA2376B'

2018-05-28 13:04:02 - [TEST_STEP][PASSED] - Statement - Try: null

2018-05-28 13:04:02 - [TEST_STEP][PASSED] - Statement - StockQty = com.kms.katalon.core.webui.keyword.WebUiBuiltInKeywords.getAttribute(com.kms.katalon.core.testobject.ObjectRepository.findTestObject(DispensaryToStore/Page_Store/input_txtprice), "value"): Attribute 'value' of object 'Object Repository/DispensaryToStore/Page_Store/input_txtprice' is: '170'

2018-05-28 13:04:02 - [MESSAGE][PASSED] - Attribute 'value' of object 'Object Repository/DispensaryToStore/Page_Store/input_txtprice' is: '170'

2018-05-28 13:04:02 - [TEST_STEP][PASSED] - Statement - out.println("Stock QTY : " + StockQty): null

2018-05-28 13:04:02 - [TEST_STEP][PASSED] - delay: Delayed 2 second(s)

2018-05-28 13:04:04 - [MESSAGE][PASSED] - Delayed 2 second(s)

2018-05-28 13:04:04 - [TEST_STEP][PASSED] - Statement - If (java.lang.String.valueOf(StockQty) >= java.lang.String.valueOf(RequestedQty)): null

2018-05-28 13:04:04 - [TEST_STEP][PASSED] - setText: Text '10' is set on object 'Object Repository/DispensaryToStore/Page_Store/input_txtqty'

2018-05-28 13:04:04 - [MESSAGE][PASSED] - Text '10' is set on object 'Object Repository/DispensaryToStore/Page_Store/input_txtqty'

2018-05-28 13:04:04 - [TEST_STEP][PASSED] - click: Object: 'Object Repository/DispensaryToStore/Page_Store/button_Add' is clicked on

2018-05-28 13:04:05 - [MESSAGE][PASSED] - Object: 'Object Repository/DispensaryToStore/Page_Store/button_Add' is clicked on

2018-05-28 13:04:05 - [TEST_STEP][PASSED] - Statement - Break: null

2018-05-28 13:04:05 - [TEST_STEP][PASSED] - selectOptionByIndex: All options with index in [5] are selected on object 'Object Repository/DispensaryToStore/Page_Store/select_--Select--Adernaline 0.'

2018-05-28 13:04:05 - [MESSAGE][PASSED] - All options with index in [5] are selected on object 'Object Repository/DispensaryToStore/Page_Store/select_--Select--Adernaline 0.'

2018-05-28 13:04:05 - [TEST_STEP][PASSED] - delay: Delayed 2 second(s)

2018-05-28 13:04:07 - [MESSAGE][PASSED] - Delayed 2 second(s)

2018-05-28 13:04:07 - [TEST_STEP][PASSED] - Statement - RequestedQty = com.kms.katalon.core.webui.keyword.WebUiBuiltInKeywords.getAttribute(com.kms.katalon.core.testobject.ObjectRepository.findTestObject(DispensaryToStore/Page_Store/input_txttotal), "value"): Attribute 'value' of object 'Object Repository/DispensaryToStore/Page_Store/input_txttotal' is: '10'

2018-05-28 13:04:07 - [MESSAGE][PASSED] - Attribute 'value' of object 'Object Repository/DispensaryToStore/Page_Store/input_txttotal' is: '10'

2018-05-28 13:04:07 - [TEST_STEP][PASSED] - Statement - out.println("Requested QTY : " + RequestedQty): null

2018-05-28 13:04:07 - [TEST_STEP][PASSED] - Statement - BatchNumber = com.kms.katalon.core.webui.keyword.WebUiBuiltInKeywords.getNumberOfTotalOption(com.kms.katalon.core.testobject.ObjectRepository.findTestObject(DispensaryToStore/Page_Store/select_--Select--BA1170BA2376B)): 2 options of object 'Object Repository/DispensaryToStore/Page_Store/select_--Select--BA1170BA2376B' counted

2018-05-28 13:04:07 - [MESSAGE][PASSED] - 2 options of object 'Object Repository/DispensaryToStore/Page_Store/select_--Select--BA1170BA2376B' counted

2018-05-28 13:04:07 - [TEST_STEP][PASSED] - Statement - For ([g = 1, g <= BatchNumber - 1, (g++)]): null

2018-05-28 13:04:07 - [TEST_STEP][PASSED] - selectOptionByIndex: All options with index in [1] are selected on object 'Object Repository/DispensaryToStore/Page_Store/select_--Select--BA1170BA2376B'

2018-05-28 13:04:07 - [MESSAGE][PASSED] - All options with index in [1] are selected on object 'Object Repository/DispensaryToStore/Page_Store/select_--Select--BA1170BA2376B'

2018-05-28 13:04:07 - [TEST_STEP][PASSED] - Statement - Try: null

2018-05-28 13:04:07 - [TEST_STEP][PASSED] - Statement - StockQty = com.kms.katalon.core.webui.keyword.WebUiBuiltInKeywords.getAttribute(com.kms.katalon.core.testobject.ObjectRepository.findTestObject(DispensaryToStore/Page_Store/input_txtprice), "value"): Attribute 'value' of object 'Object Repository/DispensaryToStore/Page_Store/input_txtprice' is: '170'

2018-05-28 13:04:07 - [MESSAGE][PASSED] - Attribute 'value' of object 'Object Repository/DispensaryToStore/Page_Store/input_txtprice' is: '170'

2018-05-28 13:04:07 - [TEST_STEP][PASSED] - Statement - out.println("Stock QTY : " + StockQty): null

2018-05-28 13:04:07 - [TEST_STEP][PASSED] - delay: Delayed 2 second(s)

2018-05-28 13:04:09 - [MESSAGE][PASSED] - Delayed 2 second(s)

2018-05-28 13:04:09 - [TEST_STEP][PASSED] - Statement - If (java.lang.String.valueOf(StockQty) >= java.lang.String.valueOf(RequestedQty)): null

2018-05-28 13:04:09 - [TEST_STEP][PASSED] - setText: Text '10' is set on object 'Object Repository/DispensaryToStore/Page_Store/input_txtqty'

2018-05-28 13:04:09 - [MESSAGE][PASSED] - Text '10' is set on object 'Object Repository/DispensaryToStore/Page_Store/input_txtqty'

2018-05-28 13:04:09 - [TEST_STEP][PASSED] - click: Object: 'Object Repository/DispensaryToStore/Page_Store/button_Add' is clicked on

2018-05-28 13:04:09 - [MESSAGE][PASSED] - Object: 'Object Repository/DispensaryToStore/Page_Store/button_Add' is clicked on

2018-05-28 13:04:09 - [TEST_STEP][PASSED] - Statement - Break: null

2018-05-28 13:04:09 - [TEST_STEP][PASSED] - selectOptionByIndex: All options with index in [6] are selected on object 'Object Repository/DispensaryToStore/Page_Store/select_--Select--Adernaline 0.'

2018-05-28 13:04:09 - [MESSAGE][PASSED] - All options with index in [6] are selected on object 'Object Repository/DispensaryToStore/Page_Store/select_--Select--Adernaline 0.'

2018-05-28 13:04:09 - [TEST_STEP][PASSED] - delay: Delayed 2 second(s)

2018-05-28 13:04:11 - [MESSAGE][PASSED] - Delayed 2 second(s)

2018-05-28 13:04:11 - [TEST_STEP][PASSED] - Statement - RequestedQty = com.kms.katalon.core.webui.keyword.WebUiBuiltInKeywords.getAttribute(com.kms.katalon.core.testobject.ObjectRepository.findTestObject(DispensaryToStore/Page_Store/input_txttotal), "value"): Attribute 'value' of object 'Object Repository/DispensaryToStore/Page_Store/input_txttotal' is: '10'

2018-05-28 13:04:11 - [MESSAGE][PASSED] - Attribute 'value' of object 'Object Repository/DispensaryToStore/Page_Store/input_txttotal' is: '10'

2018-05-28 13:04:11 - [TEST_STEP][PASSED] - Statement - out.println("Requested QTY : " + RequestedQty): null

2018-05-28 13:04:11 - [TEST_STEP][PASSED] - Statement - BatchNumber = com.kms.katalon.core.webui.keyword.WebUiBuiltInKeywords.getNumberOfTotalOption(com.kms.katalon.core.testobject.ObjectRepository.findTestObject(DispensaryToStore/Page_Store/select_--Select--BA1170BA2376B)): 2 options of object 'Object Repository/DispensaryToStore/Page_Store/select_--Select--BA1170BA2376B' counted

2018-05-28 13:04:12 - [MESSAGE][PASSED] - 2 options of object 'Object Repository/DispensaryToStore/Page_Store/select_--Select--BA1170BA2376B' counted

2018-05-28 13:04:12 - [TEST_STEP][PASSED] - Statement - For ([g = 1, g <= BatchNumber - 1, (g++)]): null

2018-05-28 13:04:12 - [TEST_STEP][PASSED] - selectOptionByIndex: All options with index in [1] are selected on object 'Object Repository/DispensaryToStore/Page_Store/select_--Select--BA1170BA2376B'

2018-05-28 13:04:12 - [MESSAGE][PASSED] - All options with index in [1] are selected on object 'Object Repository/DispensaryToStore/Page_Store/select_--Select--BA1170BA2376B'

2018-05-28 13:04:12 - [TEST_STEP][PASSED] - Statement - Try: null

2018-05-28 13:04:12 - [TEST_STEP][PASSED] - Statement - StockQty = com.kms.katalon.core.webui.keyword.WebUiBuiltInKeywords.getAttribute(com.kms.katalon.core.testobject.ObjectRepository.findTestObject(DispensaryToStore/Page_Store/input_txtprice), "value"): Attribute 'value' of object 'Object Repository/DispensaryToStore/Page_Store/input_txtprice' is: '170'

2018-05-28 13:04:12 - [MESSAGE][PASSED] - Attribute 'value' of object 'Object Repository/DispensaryToStore/Page_Store/input_txtprice' is: '170'

2018-05-28 13:04:12 - [TEST_STEP][PASSED] - Statement - out.println("Stock QTY : " + StockQty): null

2018-05-28 13:04:12 - [TEST_STEP][PASSED] - delay: Delayed 2 second(s)

2018-05-28 13:04:14 - [MESSAGE][PASSED] - Delayed 2 second(s)

2018-05-28 13:04:14 - [TEST_STEP][PASSED] - Statement - If (java.lang.String.valueOf(StockQty) >= java.lang.String.valueOf(RequestedQty)): null

2018-05-28 13:04:14 - [TEST_STEP][PASSED] - setText: Text '10' is set on object 'Object Repository/DispensaryToStore/Page_Store/input_txtqty'

2018-05-28 13:04:14 - [MESSAGE][PASSED] - Text '10' is set on object 'Object Repository/DispensaryToStore/Page_Store/input_txtqty'

2018-05-28 13:04:14 - [TEST_STEP][PASSED] - click: Object: 'Object Repository/DispensaryToStore/Page_Store/button_Add' is clicked on

2018-05-28 13:04:14 - [MESSAGE][PASSED] - Object: 'Object Repository/DispensaryToStore/Page_Store/button_Add' is clicked on

2018-05-28 13:04:14 - [TEST_STEP][PASSED] - Statement - Break: null

2018-05-28 13:04:14 - [TEST_STEP][PASSED] - selectOptionByIndex: All options with index in [7] are selected on object 'Object Repository/DispensaryToStore/Page_Store/select_--Select--Adernaline 0.'

2018-05-28 13:04:14 - [MESSAGE][PASSED] - All options with index in [7] are selected on object 'Object Repository/DispensaryToStore/Page_Store/select_--Select--Adernaline 0.'

2018-05-28 13:04:14 - [TEST_STEP][PASSED] - delay: Delayed 2 second(s)

2018-05-28 13:04:16 - [MESSAGE][PASSED] - Delayed 2 second(s)

2018-05-28 13:04:16 - [TEST_STEP][PASSED] - Statement - RequestedQty = com.kms.katalon.core.webui.keyword.WebUiBuiltInKeywords.getAttribute(com.kms.katalon.core.testobject.ObjectRepository.findTestObject(DispensaryToStore/Page_Store/input_txttotal), "value"): Attribute 'value' of object 'Object Repository/DispensaryToStore/Page_Store/input_txttotal' is: '10'

2018-05-28 13:04:16 - [MESSAGE][PASSED] - Attribute 'value' of object 'Object Repository/DispensaryToStore/Page_Store/input_txttotal' is: '10'

2018-05-28 13:04:16 - [TEST_STEP][PASSED] - Statement - out.println("Requested QTY : " + RequestedQty): null

2018-05-28 13:04:16 - [TEST_STEP][PASSED] - Statement - BatchNumber = com.kms.katalon.core.webui.keyword.WebUiBuiltInKeywords.getNumberOfTotalOption(com.kms.katalon.core.testobject.ObjectRepository.findTestObject(DispensaryToStore/Page_Store/select_--Select--BA1170BA2376B)): 2 options of object 'Object Repository/DispensaryToStore/Page_Store/select_--Select--BA1170BA2376B' counted

2018-05-28 13:04:16 - [MESSAGE][PASSED] - 2 options of object 'Object Repository/DispensaryToStore/Page_Store/select_--Select--BA1170BA2376B' counted

2018-05-28 13:04:16 - [TEST_STEP][PASSED] - Statement - For ([g = 1, g <= BatchNumber - 1, (g++)]): null

2018-05-28 13:04:16 - [TEST_STEP][PASSED] - selectOptionByIndex: All options with index in [1] are selected on object 'Object Repository/DispensaryToStore/Page_Store/select_--Select--BA1170BA2376B'

2018-05-28 13:04:16 - [MESSAGE][PASSED] - All options with index in [1] are selected on object 'Object Repository/DispensaryToStore/Page_Store/select_--Select--BA1170BA2376B'

2018-05-28 13:04:16 - [TEST_STEP][PASSED] - Statement - Try: null

2018-05-28 13:04:16 - [TEST_STEP][PASSED] - Statement - StockQty = com.kms.katalon.core.webui.keyword.WebUiBuiltInKeywords.getAttribute(com.kms.katalon.core.testobject.ObjectRepository.findTestObject(DispensaryToStore/Page_Store/input_txtprice), "value"): Attribute 'value' of object 'Object Repository/DispensaryToStore/Page_Store/input_txtprice' is: '170'

2018-05-28 13:04:16 - [MESSAGE][PASSED] - Attribute 'value' of object 'Object Repository/DispensaryToStore/Page_Store/input_txtprice' is: '170'

2018-05-28 13:04:16 - [TEST_STEP][PASSED] - Statement - out.println("Stock QTY : " + StockQty): null

2018-05-28 13:04:16 - [TEST_STEP][PASSED] - delay: Delayed 2 second(s)

2018-05-28 13:04:18 - [MESSAGE][PASSED] - Delayed 2 second(s)

2018-05-28 13:04:18 - [TEST_STEP][PASSED] - Statement - If (java.lang.String.valueOf(StockQty) >= java.lang.String.valueOf(RequestedQty)): null

2018-05-28 13:04:18 - [TEST_STEP][PASSED] - setText: Text '10' is set on object 'Object Repository/DispensaryToStore/Page_Store/input_txtqty'

2018-05-28 13:04:18 - [MESSAGE][PASSED] - Text '10' is set on object 'Object Repository/DispensaryToStore/Page_Store/input_txtqty'

2018-05-28 13:04:18 - [TEST_STEP][PASSED] - click: Object: 'Object Repository/DispensaryToStore/Page_Store/button_Add' is clicked on

2018-05-28 13:04:18 - [MESSAGE][PASSED] - Object: 'Object Repository/DispensaryToStore/Page_Store/button_Add' is clicked on

2018-05-28 13:04:18 - [TEST_STEP][PASSED] - Statement - Break: null

2018-05-28 13:04:18 - [TEST_STEP][PASSED] - selectOptionByIndex: All options with index in [8] are selected on object 'Object Repository/DispensaryToStore/Page_Store/select_--Select--Adernaline 0.'

2018-05-28 13:04:19 - [MESSAGE][PASSED] - All options with index in [8] are selected on object 'Object Repository/DispensaryToStore/Page_Store/select_--Select--Adernaline 0.'

2018-05-28 13:04:19 - [TEST_STEP][PASSED] - delay: Delayed 2 second(s)

2018-05-28 13:04:21 - [MESSAGE][PASSED] - Delayed 2 second(s)

2018-05-28 13:04:21 - [TEST_STEP][PASSED] - Statement - RequestedQty = com.kms.katalon.core.webui.keyword.WebUiBuiltInKeywords.getAttribute(com.kms.katalon.core.testobject.ObjectRepository.findTestObject(DispensaryToStore/Page_Store/input_txttotal), "value"): Attribute 'value' of object 'Object Repository/DispensaryToStore/Page_Store/input_txttotal' is: '10'

2018-05-28 13:04:21 - [MESSAGE][PASSED] - Attribute 'value' of object 'Object Repository/DispensaryToStore/Page_Store/input_txttotal' is: '10'

2018-05-28 13:04:21 - [TEST_STEP][PASSED] - Statement - out.println("Requested QTY : " + RequestedQty): null

2018-05-28 13:04:21 - [TEST_STEP][PASSED] - Statement - BatchNumber = com.kms.katalon.core.webui.keyword.WebUiBuiltInKeywords.getNumberOfTotalOption(com.kms.katalon.core.testobject.ObjectRepository.findTestObject(DispensaryToStore/Page_Store/select_--Select--BA1170BA2376B)): 2 options of object 'Object Repository/DispensaryToStore/Page_Store/select_--Select--BA1170BA2376B' counted

2018-05-28 13:04:21 - [MESSAGE][PASSED] - 2 options of object 'Object Repository/DispensaryToStore/Page_Store/select_--Select--BA1170BA2376B' counted

2018-05-28 13:04:21 - [TEST_STEP][PASSED] - Statement - For ([g = 1, g <= BatchNumber - 1, (g++)]): null

2018-05-28 13:04:21 - [TEST_STEP][PASSED] - selectOptionByIndex: All options with index in [1] are selected on object 'Object Repository/DispensaryToStore/Page_Store/select_--Select--BA1170BA2376B'

2018-05-28 13:04:21 - [MESSAGE][PASSED] - All options with index in [1] are selected on object 'Object Repository/DispensaryToStore/Page_Store/select_--Select--BA1170BA2376B'

2018-05-28 13:04:21 - [TEST_STEP][PASSED] - Statement - Try: null

2018-05-28 13:04:21 - [TEST_STEP][PASSED] - Statement - StockQty = com.kms.katalon.core.webui.keyword.WebUiBuiltInKeywords.getAttribute(com.kms.katalon.core.testobject.ObjectRepository.findTestObject(DispensaryToStore/Page_Store/input_txtprice), "value"): Attribute 'value' of object 'Object Repository/DispensaryToStore/Page_Store/input_txtprice' is: '170'

2018-05-28 13:04:21 - [MESSAGE][PASSED] - Attribute 'value' of object 'Object Repository/DispensaryToStore/Page_Store/input_txtprice' is: '170'

2018-05-28 13:04:21 - [TEST_STEP][PASSED] - Statement - out.println("Stock QTY : " + StockQty): null

2018-05-28 13:04:21 - [TEST_STEP][PASSED] - delay: Delayed 2 second(s)

2018-05-28 13:04:23 - [MESSAGE][PASSED] - Delayed 2 second(s)

2018-05-28 13:04:23 - [TEST_STEP][PASSED] - Statement - If (java.lang.String.valueOf(StockQty) >= java.lang.String.valueOf(RequestedQty)): null

2018-05-28 13:04:23 - [TEST_STEP][PASSED] - setText: Text '10' is set on object 'Object Repository/DispensaryToStore/Page_Store/input_txtqty'

2018-05-28 13:04:23 - [MESSAGE][PASSED] - Text '10' is set on object 'Object Repository/DispensaryToStore/Page_Store/input_txtqty'

2018-05-28 13:04:23 - [TEST_STEP][PASSED] - click: Object: 'Object Repository/DispensaryToStore/Page_Store/button_Add' is clicked on

2018-05-28 13:04:23 - [MESSAGE][PASSED] - Object: 'Object Repository/DispensaryToStore/Page_Store/button_Add' is clicked on

2018-05-28 13:04:23 - [TEST_STEP][PASSED] - Statement - Break: null

2018-05-28 13:04:23 - [TEST_STEP][PASSED] - selectOptionByIndex: All options with index in [9] are selected on object 'Object Repository/DispensaryToStore/Page_Store/select_--Select--Adernaline 0.'

2018-05-28 13:04:23 - [MESSAGE][PASSED] - All options with index in [9] are selected on object 'Object Repository/DispensaryToStore/Page_Store/select_--Select--Adernaline 0.'

2018-05-28 13:04:23 - [TEST_STEP][PASSED] - delay: Delayed 2 second(s)

2018-05-28 13:04:25 - [MESSAGE][PASSED] - Delayed 2 second(s)

2018-05-28 13:04:25 - [TEST_STEP][PASSED] - Statement - RequestedQty = com.kms.katalon.core.webui.keyword.WebUiBuiltInKeywords.getAttribute(com.kms.katalon.core.testobject.ObjectRepository.findTestObject(DispensaryToStore/Page_Store/input_txttotal), "value"): Attribute 'value' of object 'Object Repository/DispensaryToStore/Page_Store/input_txttotal' is: '10'

2018-05-28 13:04:25 - [MESSAGE][PASSED] - Attribute 'value' of object 'Object Repository/DispensaryToStore/Page_Store/input_txttotal' is: '10'

2018-05-28 13:04:25 - [TEST_STEP][PASSED] - Statement - out.println("Requested QTY : " + RequestedQty): null

2018-05-28 13:04:25 - [TEST_STEP][PASSED] - Statement - BatchNumber = com.kms.katalon.core.webui.keyword.WebUiBuiltInKeywords.getNumberOfTotalOption(com.kms.katalon.core.testobject.ObjectRepository.findTestObject(DispensaryToStore/Page_Store/select_--Select--BA1170BA2376B)): 2 options of object 'Object Repository/DispensaryToStore/Page_Store/select_--Select--BA1170BA2376B' counted

2018-05-28 13:04:25 - [MESSAGE][PASSED] - 2 options of object 'Object Repository/DispensaryToStore/Page_Store/select_--Select--BA1170BA2376B' counted

2018-05-28 13:04:25 - [TEST_STEP][PASSED] - Statement - For ([g = 1, g <= BatchNumber - 1, (g++)]): null

2018-05-28 13:04:25 - [TEST_STEP][PASSED] - selectOptionByIndex: All options with index in [1] are selected on object 'Object Repository/DispensaryToStore/Page_Store/select_--Select--BA1170BA2376B'

2018-05-28 13:04:25 - [MESSAGE][PASSED] - All options with index in [1] are selected on object 'Object Repository/DispensaryToStore/Page_Store/select_--Select--BA1170BA2376B'

2018-05-28 13:04:25 - [TEST_STEP][PASSED] - Statement - Try: null

2018-05-28 13:04:25 - [TEST_STEP][PASSED] - Statement - StockQty = com.kms.katalon.core.webui.keyword.WebUiBuiltInKeywords.getAttribute(com.kms.katalon.core.testobject.ObjectRepository.findTestObject(DispensaryToStore/Page_Store/input_txtprice), "value"): Attribute 'value' of object 'Object Repository/DispensaryToStore/Page_Store/input_txtprice' is: '170'

2018-05-28 13:04:26 - [MESSAGE][PASSED] - Attribute 'value' of object 'Object Repository/DispensaryToStore/Page_Store/input_txtprice' is: '170'

2018-05-28 13:04:26 - [TEST_STEP][PASSED] - Statement - out.println("Stock QTY : " + StockQty): null

2018-05-28 13:04:26 - [TEST_STEP][PASSED] - delay: Delayed 2 second(s)

2018-05-28 13:04:28 - [MESSAGE][PASSED] - Delayed 2 second(s)

2018-05-28 13:04:28 - [TEST_STEP][PASSED] - Statement - If (java.lang.String.valueOf(StockQty) >= java.lang.String.valueOf(RequestedQty)): null

2018-05-28 13:04:28 - [TEST_STEP][PASSED] - setText: Text '10' is set on object 'Object Repository/DispensaryToStore/Page_Store/input_txtqty'

2018-05-28 13:04:28 - [MESSAGE][PASSED] - Text '10' is set on object 'Object Repository/DispensaryToStore/Page_Store/input_txtqty'

2018-05-28 13:04:28 - [TEST_STEP][PASSED] - click: Object: 'Object Repository/DispensaryToStore/Page_Store/button_Add' is clicked on

2018-05-28 13:04:28 - [MESSAGE][PASSED] - Object: 'Object Repository/DispensaryToStore/Page_Store/button_Add' is clicked on

2018-05-28 13:04:28 - [TEST_STEP][PASSED] - Statement - Break: null

2018-05-28 13:04:28 - [TEST_STEP][PASSED] - selectOptionByIndex: All options with index in [10] are selected on object 'Object Repository/DispensaryToStore/Page_Store/select_--Select--Adernaline 0.'

2018-05-28 13:04:28 - [MESSAGE][PASSED] - All options with index in [10] are selected on object 'Object Repository/DispensaryToStore/Page_Store/select_--Select--Adernaline 0.'

2018-05-28 13:04:28 - [TEST_STEP][PASSED] - delay: Delayed 2 second(s)

2018-05-28 13:04:30 - [MESSAGE][PASSED] - Delayed 2 second(s)

2018-05-28 13:04:30 - [TEST_STEP][PASSED] - Statement - RequestedQty = com.kms.katalon.core.webui.keyword.WebUiBuiltInKeywords.getAttribute(com.kms.katalon.core.testobject.ObjectRepository.findTestObject(DispensaryToStore/Page_Store/input_txttotal), "value"): Attribute 'value' of object 'Object Repository/DispensaryToStore/Page_Store/input_txttotal' is: '10'

2018-05-28 13:04:30 - [MESSAGE][PASSED] - Attribute 'value' of object 'Object Repository/DispensaryToStore/Page_Store/input_txttotal' is: '10'

2018-05-28 13:04:30 - [TEST_STEP][PASSED] - Statement - out.println("Requested QTY : " + RequestedQty): null

2018-05-28 13:04:30 - [TEST_STEP][PASSED] - Statement - BatchNumber = com.kms.katalon.core.webui.keyword.WebUiBuiltInKeywords.getNumberOfTotalOption(com.kms.katalon.core.testobject.ObjectRepository.findTestObject(DispensaryToStore/Page_Store/select_--Select--BA1170BA2376B)): 2 options of object 'Object Repository/DispensaryToStore/Page_Store/select_--Select--BA1170BA2376B' counted

2018-05-28 13:04:30 - [MESSAGE][PASSED] - 2 options of object 'Object Repository/DispensaryToStore/Page_Store/select_--Select--BA1170BA2376B' counted

2018-05-28 13:04:30 - [TEST_STEP][PASSED] - Statement - For ([g = 1, g <= BatchNumber - 1, (g++)]): null

2018-05-28 13:04:30 - [TEST_STEP][PASSED] - selectOptionByIndex: All options with index in [1] are selected on object 'Object Repository/DispensaryToStore/Page_Store/select_--Select--BA1170BA2376B'

2018-05-28 13:04:30 - [MESSAGE][PASSED] - All options with index in [1] are selected on object 'Object Repository/DispensaryToStore/Page_Store/select_--Select--BA1170BA2376B'

2018-05-28 13:04:30 - [TEST_STEP][PASSED] - Statement - Try: null

2018-05-28 13:04:30 - [TEST_STEP][PASSED] - Statement - StockQty = com.kms.katalon.core.webui.keyword.WebUiBuiltInKeywords.getAttribute(com.kms.katalon.core.testobject.ObjectRepository.findTestObject(DispensaryToStore/Page_Store/input_txtprice), "value"): Attribute 'value' of object 'Object Repository/DispensaryToStore/Page_Store/input_txtprice' is: '170'

2018-05-28 13:04:30 - [MESSAGE][PASSED] - Attribute 'value' of object 'Object Repository/DispensaryToStore/Page_Store/input_txtprice' is: '170'

2018-05-28 13:04:30 - [TEST_STEP][PASSED] - Statement - out.println("Stock QTY : " + StockQty): null

2018-05-28 13:04:30 - [TEST_STEP][PASSED] - delay: Delayed 2 second(s)

2018-05-28 13:04:32 - [MESSAGE][PASSED] - Delayed 2 second(s)

2018-05-28 13:04:32 - [TEST_STEP][PASSED] - Statement - If (java.lang.String.valueOf(StockQty) >= java.lang.String.valueOf(RequestedQty)): null

2018-05-28 13:04:32 - [TEST_STEP][PASSED] - setText: Text '10' is set on object 'Object Repository/DispensaryToStore/Page_Store/input_txtqty'

2018-05-28 13:04:32 - [MESSAGE][PASSED] - Text '10' is set on object 'Object Repository/DispensaryToStore/Page_Store/input_txtqty'

2018-05-28 13:04:32 - [TEST_STEP][PASSED] - click: Object: 'Object Repository/DispensaryToStore/Page_Store/button_Add' is clicked on

2018-05-28 13:04:32 - [MESSAGE][PASSED] - Object: 'Object Repository/DispensaryToStore/Page_Store/button_Add' is clicked on

2018-05-28 13:04:32 - [TEST_STEP][PASSED] - Statement - Break: null

2018-05-28 13:04:32 - [TEST_STEP][PASSED] - selectOptionByIndex: All options with index in [11] are selected on object 'Object Repository/DispensaryToStore/Page_Store/select_--Select--Adernaline 0.'

2018-05-28 13:04:33 - [MESSAGE][PASSED] - All options with index in [11] are selected on object 'Object Repository/DispensaryToStore/Page_Store/select_--Select--Adernaline 0.'

2018-05-28 13:04:33 - [TEST_STEP][PASSED] - delay: Delayed 2 second(s)

2018-05-28 13:04:35 - [MESSAGE][PASSED] - Delayed 2 second(s)

2018-05-28 13:04:35 - [TEST_STEP][PASSED] - Statement - RequestedQty = com.kms.katalon.core.webui.keyword.WebUiBuiltInKeywords.getAttribute(com.kms.katalon.core.testobject.ObjectRepository.findTestObject(DispensaryToStore/Page_Store/input_txttotal), "value"): Attribute 'value' of object 'Object Repository/DispensaryToStore/Page_Store/input_txttotal' is: '10'

2018-05-28 13:04:35 - [MESSAGE][PASSED] - Attribute 'value' of object 'Object Repository/DispensaryToStore/Page_Store/input_txttotal' is: '10'

2018-05-28 13:04:35 - [TEST_STEP][PASSED] - Statement - out.println("Requested QTY : " + RequestedQty): null

2018-05-28 13:04:35 - [TEST_STEP][PASSED] - Statement - BatchNumber = com.kms.katalon.core.webui.keyword.WebUiBuiltInKeywords.getNumberOfTotalOption(com.kms.katalon.core.testobject.ObjectRepository.findTestObject(DispensaryToStore/Page_Store/select_--Select--BA1170BA2376B)): 2 options of object 'Object Repository/DispensaryToStore/Page_Store/select_--Select--BA1170BA2376B' counted

2018-05-28 13:04:35 - [MESSAGE][PASSED] - 2 options of object 'Object Repository/DispensaryToStore/Page_Store/select_--Select--BA1170BA2376B' counted

2018-05-28 13:04:35 - [TEST_STEP][PASSED] - Statement - For ([g = 1, g <= BatchNumber - 1, (g++)]): null

2018-05-28 13:04:35 - [TEST_STEP][PASSED] - selectOptionByIndex: All options with index in [1] are selected on object 'Object Repository/DispensaryToStore/Page_Store/select_--Select--BA1170BA2376B'

2018-05-28 13:04:35 - [MESSAGE][PASSED] - All options with index in [1] are selected on object 'Object Repository/DispensaryToStore/Page_Store/select_--Select--BA1170BA2376B'

2018-05-28 13:04:35 - [TEST_STEP][PASSED] - Statement - Try: null

2018-05-28 13:04:35 - [TEST_STEP][PASSED] - Statement - StockQty = com.kms.katalon.core.webui.keyword.WebUiBuiltInKeywords.getAttribute(com.kms.katalon.core.testobject.ObjectRepository.findTestObject(DispensaryToStore/Page_Store/input_txtprice), "value"): Attribute 'value' of object 'Object Repository/DispensaryToStore/Page_Store/input_txtprice' is: '170'

2018-05-28 13:04:35 - [MESSAGE][PASSED] - Attribute 'value' of object 'Object Repository/DispensaryToStore/Page_Store/input_txtprice' is: '170'

2018-05-28 13:04:35 - [TEST_STEP][PASSED] - Statement - out.println("Stock QTY : " + StockQty): null

2018-05-28 13:04:35 - [TEST_STEP][PASSED] - delay: Delayed 2 second(s)

2018-05-28 13:04:37 - [MESSAGE][PASSED] - Delayed 2 second(s)

2018-05-28 13:04:37 - [TEST_STEP][PASSED] - Statement - If (java.lang.String.valueOf(StockQty) >= java.lang.String.valueOf(RequestedQty)): null

2018-05-28 13:04:37 - [TEST_STEP][PASSED] - setText: Text '10' is set on object 'Object Repository/DispensaryToStore/Page_Store/input_txtqty'

2018-05-28 13:04:37 - [MESSAGE][PASSED] - Text '10' is set on object 'Object Repository/DispensaryToStore/Page_Store/input_txtqty'

2018-05-28 13:04:37 - [TEST_STEP][PASSED] - click: Object: 'Object Repository/DispensaryToStore/Page_Store/button_Add' is clicked on

2018-05-28 13:04:37 - [MESSAGE][PASSED] - Object: 'Object Repository/DispensaryToStore/Page_Store/button_Add' is clicked on

2018-05-28 13:04:37 - [TEST_STEP][PASSED] - Statement - Break: null

2018-05-28 13:04:37 - [TEST_STEP][PASSED] - selectOptionByIndex: All options with index in [12] are selected on object 'Object Repository/DispensaryToStore/Page_Store/select_--Select--Adernaline 0.'

2018-05-28 13:04:37 - [MESSAGE][PASSED] - All options with index in [12] are selected on object 'Object Repository/DispensaryToStore/Page_Store/select_--Select--Adernaline 0.'

2018-05-28 13:04:37 - [TEST_STEP][PASSED] - delay: Delayed 2 second(s)

2018-05-28 13:04:39 - [MESSAGE][PASSED] - Delayed 2 second(s)

2018-05-28 13:04:39 - [TEST_STEP][PASSED] - Statement - RequestedQty = com.kms.katalon.core.webui.keyword.WebUiBuiltInKeywords.getAttribute(com.kms.katalon.core.testobject.ObjectRepository.findTestObject(DispensaryToStore/Page_Store/input_txttotal), "value"): Attribute 'value' of object 'Object Repository/DispensaryToStore/Page_Store/input_txttotal' is: '10'

2018-05-28 13:04:39 - [MESSAGE][PASSED] - Attribute 'value' of object 'Object Repository/DispensaryToStore/Page_Store/input_txttotal' is: '10'

2018-05-28 13:04:39 - [TEST_STEP][PASSED] - Statement - out.println("Requested QTY : " + RequestedQty): null

2018-05-28 13:04:39 - [TEST_STEP][PASSED] - Statement - BatchNumber = com.kms.katalon.core.webui.keyword.WebUiBuiltInKeywords.getNumberOfTotalOption(com.kms.katalon.core.testobject.ObjectRepository.findTestObject(DispensaryToStore/Page_Store/select_--Select--BA1170BA2376B)): 2 options of object 'Object Repository/DispensaryToStore/Page_Store/select_--Select--BA1170BA2376B' counted

2018-05-28 13:04:39 - [MESSAGE][PASSED] - 2 options of object 'Object Repository/DispensaryToStore/Page_Store/select_--Select--BA1170BA2376B' counted

2018-05-28 13:04:39 - [TEST_STEP][PASSED] - Statement - For ([g = 1, g <= BatchNumber - 1, (g++)]): null

2018-05-28 13:04:39 - [TEST_STEP][PASSED] - selectOptionByIndex: All options with index in [1] are selected on object 'Object Repository/DispensaryToStore/Page_Store/select_--Select--BA1170BA2376B'

2018-05-28 13:04:39 - [MESSAGE][PASSED] - All options with index in [1] are selected on object 'Object Repository/DispensaryToStore/Page_Store/select_--Select--BA1170BA2376B'

2018-05-28 13:04:39 - [TEST_STEP][PASSED] - Statement - Try: null

2018-05-28 13:04:39 - [TEST_STEP][PASSED] - Statement - StockQty = com.kms.katalon.core.webui.keyword.WebUiBuiltInKeywords.getAttribute(com.kms.katalon.core.testobject.ObjectRepository.findTestObject(DispensaryToStore/Page_Store/input_txtprice), "value"): Attribute 'value' of object 'Object Repository/DispensaryToStore/Page_Store/input_txtprice' is: '170'

2018-05-28 13:04:39 - [MESSAGE][PASSED] - Attribute 'value' of object 'Object Repository/DispensaryToStore/Page_Store/input_txtprice' is: '170'

2018-05-28 13:04:39 - [TEST_STEP][PASSED] - Statement - out.println("Stock QTY : " + StockQty): null

2018-05-28 13:04:39 - [TEST_STEP][PASSED] - delay: Delayed 2 second(s)

2018-05-28 13:04:41 - [MESSAGE][PASSED] - Delayed 2 second(s)

2018-05-28 13:04:41 - [TEST_STEP][PASSED] - Statement - If (java.lang.String.valueOf(StockQty) >= java.lang.String.valueOf(RequestedQty)): null

2018-05-28 13:04:41 - [TEST_STEP][PASSED] - setText: Text '10' is set on object 'Object Repository/DispensaryToStore/Page_Store/input_txtqty'

2018-05-28 13:04:42 - [MESSAGE][PASSED] - Text '10' is set on object 'Object Repository/DispensaryToStore/Page_Store/input_txtqty'

2018-05-28 13:04:42 - [TEST_STEP][PASSED] - click: Object: 'Object Repository/DispensaryToStore/Page_Store/button_Add' is clicked on

2018-05-28 13:04:42 - [MESSAGE][PASSED] - Object: 'Object Repository/DispensaryToStore/Page_Store/button_Add' is clicked on

2018-05-28 13:04:42 - [TEST_STEP][PASSED] - Statement - Break: null

2018-05-28 13:04:42 - [TEST_STEP][PASSED] - selectOptionByIndex: All options with index in [13] are selected on object 'Object Repository/DispensaryToStore/Page_Store/select_--Select--Adernaline 0.'

2018-05-28 13:04:42 - [MESSAGE][PASSED] - All options with index in [13] are selected on object 'Object Repository/DispensaryToStore/Page_Store/select_--Select--Adernaline 0.'

2018-05-28 13:04:42 - [TEST_STEP][PASSED] - delay: Delayed 2 second(s)

2018-05-28 13:04:44 - [MESSAGE][PASSED] - Delayed 2 second(s)

2018-05-28 13:04:44 - [TEST_STEP][PASSED] - Statement - RequestedQty = com.kms.katalon.core.webui.keyword.WebUiBuiltInKeywords.getAttribute(com.kms.katalon.core.testobject.ObjectRepository.findTestObject(DispensaryToStore/Page_Store/input_txttotal), "value"): Attribute 'value' of object 'Object Repository/DispensaryToStore/Page_Store/input_txttotal' is: '10'

2018-05-28 13:04:44 - [MESSAGE][PASSED] - Attribute 'value' of object 'Object Repository/DispensaryToStore/Page_Store/input_txttotal' is: '10'

2018-05-28 13:04:44 - [TEST_STEP][PASSED] - Statement - out.println("Requested QTY : " + RequestedQty): null

2018-05-28 13:04:44 - [TEST_STEP][PASSED] - Statement - BatchNumber = com.kms.katalon.core.webui.keyword.WebUiBuiltInKeywords.getNumberOfTotalOption(com.kms.katalon.core.testobject.ObjectRepository.findTestObject(DispensaryToStore/Page_Store/select_--Select--BA1170BA2376B)): 2 options of object 'Object Repository/DispensaryToStore/Page_Store/select_--Select--BA1170BA2376B' counted

2018-05-28 13:04:44 - [MESSAGE][PASSED] - 2 options of object 'Object Repository/DispensaryToStore/Page_Store/select_--Select--BA1170BA2376B' counted

2018-05-28 13:04:44 - [TEST_STEP][PASSED] - Statement - For ([g = 1, g <= BatchNumber - 1, (g++)]): null

2018-05-28 13:04:44 - [TEST_STEP][PASSED] - selectOptionByIndex: All options with index in [1] are selected on object 'Object Repository/DispensaryToStore/Page_Store/select_--Select--BA1170BA2376B'

2018-05-28 13:04:44 - [MESSAGE][PASSED] - All options with index in [1] are selected on object 'Object Repository/DispensaryToStore/Page_Store/select_--Select--BA1170BA2376B'

2018-05-28 13:04:44 - [TEST_STEP][PASSED] - Statement - Try: null

2018-05-28 13:04:44 - [TEST_STEP][PASSED] - Statement - StockQty = com.kms.katalon.core.webui.keyword.WebUiBuiltInKeywords.getAttribute(com.kms.katalon.core.testobject.ObjectRepository.findTestObject(DispensaryToStore/Page_Store/input_txtprice), "value"): Attribute 'value' of object 'Object Repository/DispensaryToStore/Page_Store/input_txtprice' is: '170'

2018-05-28 13:04:44 - [MESSAGE][PASSED] - Attribute 'value' of object 'Object Repository/DispensaryToStore/Page_Store/input_txtprice' is: '170'

2018-05-28 13:04:44 - [TEST_STEP][PASSED] - Statement - out.println("Stock QTY : " + StockQty): null

2018-05-28 13:04:44 - [TEST_STEP][PASSED] - delay: Delayed 2 second(s)

2018-05-28 13:04:46 - [MESSAGE][PASSED] - Delayed 2 second(s)

2018-05-28 13:04:46 - [TEST_STEP][PASSED] - Statement - If (java.lang.String.valueOf(StockQty) >= java.lang.String.valueOf(RequestedQty)): null

2018-05-28 13:04:46 - [TEST_STEP][PASSED] - setText: Text '10' is set on object 'Object Repository/DispensaryToStore/Page_Store/input_txtqty'

2018-05-28 13:04:46 - [MESSAGE][PASSED] - Text '10' is set on object 'Object Repository/DispensaryToStore/Page_Store/input_txtqty'

2018-05-28 13:04:46 - [TEST_STEP][PASSED] - click: Object: 'Object Repository/DispensaryToStore/Page_Store/button_Add' is clicked on

2018-05-28 13:04:46 - [MESSAGE][PASSED] - Object: 'Object Repository/DispensaryToStore/Page_Store/button_Add' is clicked on

2018-05-28 13:04:46 - [TEST_STEP][PASSED] - Statement - Break: null

2018-05-28 13:04:46 - [TEST_STEP][PASSED] - selectOptionByIndex: All options with index in [14] are selected on object 'Object Repository/DispensaryToStore/Page_Store/select_--Select--Adernaline 0.'

2018-05-28 13:04:47 - [MESSAGE][PASSED] - All options with index in [14] are selected on object 'Object Repository/DispensaryToStore/Page_Store/select_--Select--Adernaline 0.'

2018-05-28 13:04:47 - [TEST_STEP][PASSED] - delay: Delayed 2 second(s)

2018-05-28 13:04:49 - [MESSAGE][PASSED] - Delayed 2 second(s)

2018-05-28 13:04:49 - [TEST_STEP][PASSED] - Statement - RequestedQty = com.kms.katalon.core.webui.keyword.WebUiBuiltInKeywords.getAttribute(com.kms.katalon.core.testobject.ObjectRepository.findTestObject(DispensaryToStore/Page_Store/input_txttotal), "value"): Attribute 'value' of object 'Object Repository/DispensaryToStore/Page_Store/input_txttotal' is: '10'

2018-05-28 13:04:49 - [MESSAGE][PASSED] - Attribute 'value' of object 'Object Repository/DispensaryToStore/Page_Store/input_txttotal' is: '10'

2018-05-28 13:04:49 - [TEST_STEP][PASSED] - Statement - out.println("Requested QTY : " + RequestedQty): null

2018-05-28 13:04:49 - [TEST_STEP][PASSED] - Statement - BatchNumber = com.kms.katalon.core.webui.keyword.WebUiBuiltInKeywords.getNumberOfTotalOption(com.kms.katalon.core.testobject.ObjectRepository.findTestObject(DispensaryToStore/Page_Store/select_--Select--BA1170BA2376B)): 2 options of object 'Object Repository/DispensaryToStore/Page_Store/select_--Select--BA1170BA2376B' counted

2018-05-28 13:04:49 - [MESSAGE][PASSED] - 2 options of object 'Object Repository/DispensaryToStore/Page_Store/select_--Select--BA1170BA2376B' counted

2018-05-28 13:04:49 - [TEST_STEP][PASSED] - Statement - For ([g = 1, g <= BatchNumber - 1, (g++)]): null

2018-05-28 13:04:49 - [TEST_STEP][PASSED] - selectOptionByIndex: All options with index in [1] are selected on object 'Object Repository/DispensaryToStore/Page_Store/select_--Select--BA1170BA2376B'

2018-05-28 13:04:49 - [MESSAGE][PASSED] - All options with index in [1] are selected on object 'Object Repository/DispensaryToStore/Page_Store/select_--Select--BA1170BA2376B'

2018-05-28 13:04:49 - [TEST_STEP][PASSED] - Statement - Try: null

2018-05-28 13:04:49 - [TEST_STEP][PASSED] - Statement - StockQty = com.kms.katalon.core.webui.keyword.WebUiBuiltInKeywords.getAttribute(com.kms.katalon.core.testobject.ObjectRepository.findTestObject(DispensaryToStore/Page_Store/input_txtprice), "value"): Attribute 'value' of object 'Object Repository/DispensaryToStore/Page_Store/input_txtprice' is: '170'

2018-05-28 13:04:49 - [MESSAGE][PASSED] - Attribute 'value' of object 'Object Repository/DispensaryToStore/Page_Store/input_txtprice' is: '170'

2018-05-28 13:04:49 - [TEST_STEP][PASSED] - Statement - out.println("Stock QTY : " + StockQty): null

2018-05-28 13:04:49 - [TEST_STEP][PASSED] - delay: Delayed 2 second(s)

2018-05-28 13:04:51 - [MESSAGE][PASSED] - Delayed 2 second(s)

2018-05-28 13:04:51 - [TEST_STEP][PASSED] - Statement - If (java.lang.String.valueOf(StockQty) >= java.lang.String.valueOf(RequestedQty)): null

2018-05-28 13:04:51 - [TEST_STEP][PASSED] - setText: Text '10' is set on object 'Object Repository/DispensaryToStore/Page_Store/input_txtqty'

2018-05-28 13:04:51 - [MESSAGE][PASSED] - Text '10' is set on object 'Object Repository/DispensaryToStore/Page_Store/input_txtqty'

2018-05-28 13:04:51 - [TEST_STEP][PASSED] - click: Object: 'Object Repository/DispensaryToStore/Page_Store/button_Add' is clicked on

2018-05-28 13:04:51 - [MESSAGE][PASSED] - Object: 'Object Repository/DispensaryToStore/Page_Store/button_Add' is clicked on

2018-05-28 13:04:51 - [TEST_STEP][PASSED] - Statement - Break: null

2018-05-28 13:04:51 - [TEST_STEP][PASSED] - selectOptionByIndex: All options with index in [15] are selected on object 'Object Repository/DispensaryToStore/Page_Store/select_--Select--Adernaline 0.'

2018-05-28 13:04:51 - [MESSAGE][PASSED] - All options with index in [15] are selected on object 'Object Repository/DispensaryToStore/Page_Store/select_--Select--Adernaline 0.'

2018-05-28 13:04:51 - [TEST_STEP][PASSED] - delay: Delayed 2 second(s)

2018-05-28 13:04:53 - [MESSAGE][PASSED] - Delayed 2 second(s)

2018-05-28 13:04:53 - [TEST_STEP][PASSED] - Statement - RequestedQty = com.kms.katalon.core.webui.keyword.WebUiBuiltInKeywords.getAttribute(com.kms.katalon.core.testobject.ObjectRepository.findTestObject(DispensaryToStore/Page_Store/input_txttotal), "value"): Attribute 'value' of object 'Object Repository/DispensaryToStore/Page_Store/input_txttotal' is: '10'

2018-05-28 13:04:53 - [MESSAGE][PASSED] - Attribute 'value' of object 'Object Repository/DispensaryToStore/Page_Store/input_txttotal' is: '10'

2018-05-28 13:04:53 - [TEST_STEP][PASSED] - Statement - out.println("Requested QTY : " + RequestedQty): null

2018-05-28 13:04:53 - [TEST_STEP][PASSED] - Statement - BatchNumber = com.kms.katalon.core.webui.keyword.WebUiBuiltInKeywords.getNumberOfTotalOption(com.kms.katalon.core.testobject.ObjectRepository.findTestObject(DispensaryToStore/Page_Store/select_--Select--BA1170BA2376B)): 2 options of object 'Object Repository/DispensaryToStore/Page_Store/select_--Select--BA1170BA2376B' counted

2018-05-28 13:04:53 - [MESSAGE][PASSED] - 2 options of object 'Object Repository/DispensaryToStore/Page_Store/select_--Select--BA1170BA2376B' counted

2018-05-28 13:04:53 - [TEST_STEP][PASSED] - Statement - For ([g = 1, g <= BatchNumber - 1, (g++)]): null

2018-05-28 13:04:53 - [TEST_STEP][PASSED] - selectOptionByIndex: All options with index in [1] are selected on object 'Object Repository/DispensaryToStore/Page_Store/select_--Select--BA1170BA2376B'

2018-05-28 13:04:53 - [MESSAGE][PASSED] - All options with index in [1] are selected on object 'Object Repository/DispensaryToStore/Page_Store/select_--Select--BA1170BA2376B'

2018-05-28 13:04:53 - [TEST_STEP][PASSED] - Statement - Try: null

2018-05-28 13:04:53 - [TEST_STEP][PASSED] - Statement - StockQty = com.kms.katalon.core.webui.keyword.WebUiBuiltInKeywords.getAttribute(com.kms.katalon.core.testobject.ObjectRepository.findTestObject(DispensaryToStore/Page_Store/input_txtprice), "value"): Attribute 'value' of object 'Object Repository/DispensaryToStore/Page_Store/input_txtprice' is: '170'

2018-05-28 13:04:53 - [MESSAGE][PASSED] - Attribute 'value' of object 'Object Repository/DispensaryToStore/Page_Store/input_txtprice' is: '170'

2018-05-28 13:04:53 - [TEST_STEP][PASSED] - Statement - out.println("Stock QTY : " + StockQty): null

2018-05-28 13:04:53 - [TEST_STEP][PASSED] - delay: Delayed 2 second(s)

2018-05-28 13:04:55 - [MESSAGE][PASSED] - Delayed 2 second(s)

2018-05-28 13:04:55 - [TEST_STEP][PASSED] - Statement - If (java.lang.String.valueOf(StockQty) >= java.lang.String.valueOf(RequestedQty)): null

2018-05-28 13:04:55 - [TEST_STEP][PASSED] - setText: Text '10' is set on object 'Object Repository/DispensaryToStore/Page_Store/input_txtqty'

2018-05-28 13:04:56 - [MESSAGE][PASSED] - Text '10' is set on object 'Object Repository/DispensaryToStore/Page_Store/input_txtqty'

2018-05-28 13:04:56 - [TEST_STEP][PASSED] - click: Object: 'Object Repository/DispensaryToStore/Page_Store/button_Add' is clicked on

2018-05-28 13:04:56 - [MESSAGE][PASSED] - Object: 'Object Repository/DispensaryToStore/Page_Store/button_Add' is clicked on

2018-05-28 13:04:56 - [TEST_STEP][PASSED] - Statement - Break: null

2018-05-28 13:04:56 - [TEST_STEP][PASSED] - selectOptionByIndex: All options with index in [16] are selected on object 'Object Repository/DispensaryToStore/Page_Store/select_--Select--Adernaline 0.'

2018-05-28 13:04:56 - [MESSAGE][PASSED] - All options with index in [16] are selected on object 'Object Repository/DispensaryToStore/Page_Store/select_--Select--Adernaline 0.'

2018-05-28 13:04:56 - [TEST_STEP][PASSED] - delay: Delayed 2 second(s)

2018-05-28 13:04:58 - [MESSAGE][PASSED] - Delayed 2 second(s)

2018-05-28 13:04:58 - [TEST_STEP][PASSED] - Statement - RequestedQty = com.kms.katalon.core.webui.keyword.WebUiBuiltInKeywords.getAttribute(com.kms.katalon.core.testobject.ObjectRepository.findTestObject(DispensaryToStore/Page_Store/input_txttotal), "value"): Attribute 'value' of object 'Object Repository/DispensaryToStore/Page_Store/input_txttotal' is: '10'

2018-05-28 13:04:58 - [MESSAGE][PASSED] - Attribute 'value' of object 'Object Repository/DispensaryToStore/Page_Store/input_txttotal' is: '10'

2018-05-28 13:04:58 - [TEST_STEP][PASSED] - Statement - out.println("Requested QTY : " + RequestedQty): null

2018-05-28 13:04:58 - [TEST_STEP][PASSED] - Statement - BatchNumber = com.kms.katalon.core.webui.keyword.WebUiBuiltInKeywords.getNumberOfTotalOption(com.kms.katalon.core.testobject.ObjectRepository.findTestObject(DispensaryToStore/Page_Store/select_--Select--BA1170BA2376B)): 2 options of object 'Object Repository/DispensaryToStore/Page_Store/select_--Select--BA1170BA2376B' counted

2018-05-28 13:04:58 - [MESSAGE][PASSED] - 2 options of object 'Object Repository/DispensaryToStore/Page_Store/select_--Select--BA1170BA2376B' counted

2018-05-28 13:04:58 - [TEST_STEP][PASSED] - Statement - For ([g = 1, g <= BatchNumber - 1, (g++)]): null

2018-05-28 13:04:58 - [TEST_STEP][PASSED] - selectOptionByIndex: All options with index in [1] are selected on object 'Object Repository/DispensaryToStore/Page_Store/select_--Select--BA1170BA2376B'

2018-05-28 13:04:58 - [MESSAGE][PASSED] - All options with index in [1] are selected on object 'Object Repository/DispensaryToStore/Page_Store/select_--Select--BA1170BA2376B'

2018-05-28 13:04:58 - [TEST_STEP][PASSED] - Statement - Try: null

2018-05-28 13:04:58 - [TEST_STEP][PASSED] - Statement - StockQty = com.kms.katalon.core.webui.keyword.WebUiBuiltInKeywords.getAttribute(com.kms.katalon.core.testobject.ObjectRepository.findTestObject(DispensaryToStore/Page_Store/input_txtprice), "value"): Attribute 'value' of object 'Object Repository/DispensaryToStore/Page_Store/input_txtprice' is: '170'

2018-05-28 13:04:58 - [MESSAGE][PASSED] - Attribute 'value' of object 'Object Repository/DispensaryToStore/Page_Store/input_txtprice' is: '170'

2018-05-28 13:04:58 - [TEST_STEP][PASSED] - Statement - out.println("Stock QTY : " + StockQty): null

2018-05-28 13:04:58 - [TEST_STEP][PASSED] - delay: Delayed 2 second(s)

2018-05-28 13:05:00 - [MESSAGE][PASSED] - Delayed 2 second(s)

2018-05-28 13:05:00 - [TEST_STEP][PASSED] - Statement - If (java.lang.String.valueOf(StockQty) >= java.lang.String.valueOf(RequestedQty)): null

2018-05-28 13:05:00 - [TEST_STEP][PASSED] - setText: Text '10' is set on object 'Object Repository/DispensaryToStore/Page_Store/input_txtqty'

2018-05-28 13:05:00 - [MESSAGE][PASSED] - Text '10' is set on object 'Object Repository/DispensaryToStore/Page_Store/input_txtqty'

2018-05-28 13:05:00 - [TEST_STEP][PASSED] - click: Object: 'Object Repository/DispensaryToStore/Page_Store/button_Add' is clicked on

2018-05-28 13:05:01 - [MESSAGE][PASSED] - Object: 'Object Repository/DispensaryToStore/Page_Store/button_Add' is clicked on

2018-05-28 13:05:01 - [TEST_STEP][PASSED] - Statement - Break: null

2018-05-28 13:05:01 - [TEST_STEP][PASSED] - selectOptionByIndex: All options with index in [17] are selected on object 'Object Repository/DispensaryToStore/Page_Store/select_--Select--Adernaline 0.'

2018-05-28 13:05:01 - [MESSAGE][PASSED] - All options with index in [17] are selected on object 'Object Repository/DispensaryToStore/Page_Store/select_--Select--Adernaline 0.'

2018-05-28 13:05:01 - [TEST_STEP][PASSED] - delay: Delayed 2 second(s)

2018-05-28 13:05:03 - [MESSAGE][PASSED] - Delayed 2 second(s)

2018-05-28 13:05:03 - [TEST_STEP][PASSED] - Statement - RequestedQty = com.kms.katalon.core.webui.keyword.WebUiBuiltInKeywords.getAttribute(com.kms.katalon.core.testobject.ObjectRepository.findTestObject(DispensaryToStore/Page_Store/input_txttotal), "value"): Attribute 'value' of object 'Object Repository/DispensaryToStore/Page_Store/input_txttotal' is: '10'

2018-05-28 13:05:03 - [MESSAGE][PASSED] - Attribute 'value' of object 'Object Repository/DispensaryToStore/Page_Store/input_txttotal' is: '10'

2018-05-28 13:05:03 - [TEST_STEP][PASSED] - Statement - out.println("Requested QTY : " + RequestedQty): null

2018-05-28 13:05:03 - [TEST_STEP][PASSED] - Statement - BatchNumber = com.kms.katalon.core.webui.keyword.WebUiBuiltInKeywords.getNumberOfTotalOption(com.kms.katalon.core.testobject.ObjectRepository.findTestObject(DispensaryToStore/Page_Store/select_--Select--BA1170BA2376B)): 2 options of object 'Object Repository/DispensaryToStore/Page_Store/select_--Select--BA1170BA2376B' counted

2018-05-28 13:05:03 - [MESSAGE][PASSED] - 2 options of object 'Object Repository/DispensaryToStore/Page_Store/select_--Select--BA1170BA2376B' counted

2018-05-28 13:05:03 - [TEST_STEP][PASSED] - Statement - For ([g = 1, g <= BatchNumber - 1, (g++)]): null

2018-05-28 13:05:03 - [TEST_STEP][PASSED] - selectOptionByIndex: All options with index in [1] are selected on object 'Object Repository/DispensaryToStore/Page_Store/select_--Select--BA1170BA2376B'

2018-05-28 13:05:03 - [MESSAGE][PASSED] - All options with index in [1] are selected on object 'Object Repository/DispensaryToStore/Page_Store/select_--Select--BA1170BA2376B'

2018-05-28 13:05:03 - [TEST_STEP][PASSED] - Statement - Try: null

2018-05-28 13:05:03 - [TEST_STEP][PASSED] - Statement - StockQty = com.kms.katalon.core.webui.keyword.WebUiBuiltInKeywords.getAttribute(com.kms.katalon.core.testobject.ObjectRepository.findTestObject(DispensaryToStore/Page_Store/input_txtprice), "value"): Attribute 'value' of object 'Object Repository/DispensaryToStore/Page_Store/input_txtprice' is: '170'

2018-05-28 13:05:03 - [MESSAGE][PASSED] - Attribute 'value' of object 'Object Repository/DispensaryToStore/Page_Store/input_txtprice' is: '170'

2018-05-28 13:05:03 - [TEST_STEP][PASSED] - Statement - out.println("Stock QTY : " + StockQty): null

2018-05-28 13:05:03 - [TEST_STEP][PASSED] - delay: Delayed 2 second(s)

2018-05-28 13:05:05 - [MESSAGE][PASSED] - Delayed 2 second(s)

2018-05-28 13:05:05 - [TEST_STEP][PASSED] - Statement - If (java.lang.String.valueOf(StockQty) >= java.lang.String.valueOf(RequestedQty)): null

2018-05-28 13:05:05 - [TEST_STEP][PASSED] - setText: Text '10' is set on object 'Object Repository/DispensaryToStore/Page_Store/input_txtqty'

2018-05-28 13:05:05 - [MESSAGE][PASSED] - Text '10' is set on object 'Object Repository/DispensaryToStore/Page_Store/input_txtqty'

2018-05-28 13:05:05 - [TEST_STEP][PASSED] - click: Object: 'Object Repository/DispensaryToStore/Page_Store/button_Add' is clicked on

2018-05-28 13:05:05 - [MESSAGE][PASSED] - Object: 'Object Repository/DispensaryToStore/Page_Store/button_Add' is clicked on

2018-05-28 13:05:05 - [TEST_STEP][PASSED] - Statement - Break: null

2018-05-28 13:05:05 - [TEST_STEP][PASSED] - selectOptionByIndex: All options with index in [18] are selected on object 'Object Repository/DispensaryToStore/Page_Store/select_--Select--Adernaline 0.'

2018-05-28 13:05:06 - [MESSAGE][PASSED] - All options with index in [18] are selected on object 'Object Repository/DispensaryToStore/Page_Store/select_--Select--Adernaline 0.'

2018-05-28 13:05:06 - [TEST_STEP][PASSED] - delay: Delayed 2 second(s)

2018-05-28 13:05:08 - [MESSAGE][PASSED] - Delayed 2 second(s)

2018-05-28 13:05:08 - [TEST_STEP][PASSED] - Statement - RequestedQty = com.kms.katalon.core.webui.keyword.WebUiBuiltInKeywords.getAttribute(com.kms.katalon.core.testobject.ObjectRepository.findTestObject(DispensaryToStore/Page_Store/input_txttotal), "value"): Attribute 'value' of object 'Object Repository/DispensaryToStore/Page_Store/input_txttotal' is: '10'

2018-05-28 13:05:08 - [MESSAGE][PASSED] - Attribute 'value' of object 'Object Repository/DispensaryToStore/Page_Store/input_txttotal' is: '10'

2018-05-28 13:05:08 - [TEST_STEP][PASSED] - Statement - out.println("Requested QTY : " + RequestedQty): null

2018-05-28 13:05:08 - [TEST_STEP][PASSED] - Statement - BatchNumber = com.kms.katalon.core.webui.keyword.WebUiBuiltInKeywords.getNumberOfTotalOption(com.kms.katalon.core.testobject.ObjectRepository.findTestObject(DispensaryToStore/Page_Store/select_--Select--BA1170BA2376B)): 2 options of object 'Object Repository/DispensaryToStore/Page_Store/select_--Select--BA1170BA2376B' counted

2018-05-28 13:05:08 - [MESSAGE][PASSED] - 2 options of object 'Object Repository/DispensaryToStore/Page_Store/select_--Select--BA1170BA2376B' counted

2018-05-28 13:05:08 - [TEST_STEP][PASSED] - Statement - For ([g = 1, g <= BatchNumber - 1, (g++)]): null

2018-05-28 13:05:08 - [TEST_STEP][PASSED] - selectOptionByIndex: All options with index in [1] are selected on object 'Object Repository/DispensaryToStore/Page_Store/select_--Select--BA1170BA2376B'

2018-05-28 13:05:08 - [MESSAGE][PASSED] - All options with index in [1] are selected on object 'Object Repository/DispensaryToStore/Page_Store/select_--Select--BA1170BA2376B'

2018-05-28 13:05:08 - [TEST_STEP][PASSED] - Statement - Try: null

2018-05-28 13:05:08 - [TEST_STEP][PASSED] - Statement - StockQty = com.kms.katalon.core.webui.keyword.WebUiBuiltInKeywords.getAttribute(com.kms.katalon.core.testobject.ObjectRepository.findTestObject(DispensaryToStore/Page_Store/input_txtprice), "value"): Attribute 'value' of object 'Object Repository/DispensaryToStore/Page_Store/input_txtprice' is: '170'

2018-05-28 13:05:08 - [MESSAGE][PASSED] - Attribute 'value' of object 'Object Repository/DispensaryToStore/Page_Store/input_txtprice' is: '170'

2018-05-28 13:05:08 - [TEST_STEP][PASSED] - Statement - out.println("Stock QTY : " + StockQty): null

2018-05-28 13:05:08 - [TEST_STEP][PASSED] - delay: Delayed 2 second(s)

2018-05-28 13:05:10 - [MESSAGE][PASSED] - Delayed 2 second(s)

2018-05-28 13:05:10 - [TEST_STEP][PASSED] - Statement - If (java.lang.String.valueOf(StockQty) >= java.lang.String.valueOf(RequestedQty)): null

2018-05-28 13:05:10 - [TEST_STEP][PASSED] - setText: Text '10' is set on object 'Object Repository/DispensaryToStore/Page_Store/input_txtqty'

2018-05-28 13:05:10 - [MESSAGE][PASSED] - Text '10' is set on object 'Object Repository/DispensaryToStore/Page_Store/input_txtqty'

2018-05-28 13:05:10 - [TEST_STEP][PASSED] - click: Object: 'Object Repository/DispensaryToStore/Page_Store/button_Add' is clicked on

2018-05-28 13:05:10 - [MESSAGE][PASSED] - Object: 'Object Repository/DispensaryToStore/Page_Store/button_Add' is clicked on

2018-05-28 13:05:10 - [TEST_STEP][PASSED] - Statement - Break: null

2018-05-28 13:05:10 - [TEST_STEP][PASSED] - selectOptionByIndex: All options with index in [19] are selected on object 'Object Repository/DispensaryToStore/Page_Store/select_--Select--Adernaline 0.'

2018-05-28 13:05:10 - [MESSAGE][PASSED] - All options with index in [19] are selected on object 'Object Repository/DispensaryToStore/Page_Store/select_--Select--Adernaline 0.'

2018-05-28 13:05:10 - [TEST_STEP][PASSED] - delay: Delayed 2 second(s)

2018-05-28 13:05:12 - [MESSAGE][PASSED] - Delayed 2 second(s)

2018-05-28 13:05:12 - [TEST_STEP][PASSED] - Statement - RequestedQty = com.kms.katalon.core.webui.keyword.WebUiBuiltInKeywords.getAttribute(com.kms.katalon.core.testobject.ObjectRepository.findTestObject(DispensaryToStore/Page_Store/input_txttotal), "value"): Attribute 'value' of object 'Object Repository/DispensaryToStore/Page_Store/input_txttotal' is: '10'

2018-05-28 13:05:12 - [MESSAGE][PASSED] - Attribute 'value' of object 'Object Repository/DispensaryToStore/Page_Store/input_txttotal' is: '10'

2018-05-28 13:05:12 - [TEST_STEP][PASSED] - Statement - out.println("Requested QTY : " + RequestedQty): null

2018-05-28 13:05:12 - [TEST_STEP][PASSED] - Statement - BatchNumber = com.kms.katalon.core.webui.keyword.WebUiBuiltInKeywords.getNumberOfTotalOption(com.kms.katalon.core.testobject.ObjectRepository.findTestObject(DispensaryToStore/Page_Store/select_--Select--BA1170BA2376B)): 2 options of object 'Object Repository/DispensaryToStore/Page_Store/select_--Select--BA1170BA2376B' counted

2018-05-28 13:05:12 - [MESSAGE][PASSED] - 2 options of object 'Object Repository/DispensaryToStore/Page_Store/select_--Select--BA1170BA2376B' counted

2018-05-28 13:05:12 - [TEST_STEP][PASSED] - Statement - For ([g = 1, g <= BatchNumber - 1, (g++)]): null

2018-05-28 13:05:12 - [TEST_STEP][PASSED] - selectOptionByIndex: All options with index in [1] are selected on object 'Object Repository/DispensaryToStore/Page_Store/select_--Select--BA1170BA2376B'

2018-05-28 13:05:13 - [MESSAGE][PASSED] - All options with index in [1] are selected on object 'Object Repository/DispensaryToStore/Page_Store/select_--Select--BA1170BA2376B'

2018-05-28 13:05:13 - [TEST_STEP][PASSED] - Statement - Try: null

2018-05-28 13:05:13 - [TEST_STEP][PASSED] - Statement - StockQty = com.kms.katalon.core.webui.keyword.WebUiBuiltInKeywords.getAttribute(com.kms.katalon.core.testobject.ObjectRepository.findTestObject(DispensaryToStore/Page_Store/input_txtprice), "value"): Attribute 'value' of object 'Object Repository/DispensaryToStore/Page_Store/input_txtprice' is: '170'

2018-05-28 13:05:13 - [MESSAGE][PASSED] - Attribute 'value' of object 'Object Repository/DispensaryToStore/Page_Store/input_txtprice' is: '170'

2018-05-28 13:05:13 - [TEST_STEP][PASSED] - Statement - out.println("Stock QTY : " + StockQty): null

2018-05-28 13:05:13 - [TEST_STEP][PASSED] - delay: Delayed 2 second(s)

2018-05-28 13:05:15 - [MESSAGE][PASSED] - Delayed 2 second(s)

2018-05-28 13:05:15 - [TEST_STEP][PASSED] - Statement - If (java.lang.String.valueOf(StockQty) >= java.lang.String.valueOf(RequestedQty)): null

2018-05-28 13:05:15 - [TEST_STEP][PASSED] - setText: Text '10' is set on object 'Object Repository/DispensaryToStore/Page_Store/input_txtqty'

2018-05-28 13:05:15 - [MESSAGE][PASSED] - Text '10' is set on object 'Object Repository/DispensaryToStore/Page_Store/input_txtqty'

2018-05-28 13:05:15 - [TEST_STEP][PASSED] - click: Object: 'Object Repository/DispensaryToStore/Page_Store/button_Add' is clicked on

2018-05-28 13:05:15 - [MESSAGE][PASSED] - Object: 'Object Repository/DispensaryToStore/Page_Store/button_Add' is clicked on

2018-05-28 13:05:15 - [TEST_STEP][PASSED] - Statement - Break: null

2018-05-28 13:05:15 - [TEST_STEP][PASSED] - selectOptionByIndex: All options with index in [20] are selected on object 'Object Repository/DispensaryToStore/Page_Store/select_--Select--Adernaline 0.'

2018-05-28 13:05:15 - [MESSAGE][PASSED] - All options with index in [20] are selected on object 'Object Repository/DispensaryToStore/Page_Store/select_--Select--Adernaline 0.'

2018-05-28 13:05:15 - [TEST_STEP][PASSED] - delay: Delayed 2 second(s)

2018-05-28 13:05:17 - [MESSAGE][PASSED] - Delayed 2 second(s)

2018-05-28 13:05:17 - [TEST_STEP][PASSED] - Statement - RequestedQty = com.kms.katalon.core.webui.keyword.WebUiBuiltInKeywords.getAttribute(com.kms.katalon.core.testobject.ObjectRepository.findTestObject(DispensaryToStore/Page_Store/input_txttotal), "value"): Attribute 'value' of object 'Object Repository/DispensaryToStore/Page_Store/input_txttotal' is: '10'

2018-05-28 13:05:17 - [MESSAGE][PASSED] - Attribute 'value' of object 'Object Repository/DispensaryToStore/Page_Store/input_txttotal' is: '10'

2018-05-28 13:05:17 - [TEST_STEP][PASSED] - Statement - out.println("Requested QTY : " + RequestedQty): null

2018-05-28 13:05:17 - [TEST_STEP][PASSED] - Statement - BatchNumber = com.kms.katalon.core.webui.keyword.WebUiBuiltInKeywords.getNumberOfTotalOption(com.kms.katalon.core.testobject.ObjectRepository.findTestObject(DispensaryToStore/Page_Store/select_--Select--BA1170BA2376B)): 2 options of object 'Object Repository/DispensaryToStore/Page_Store/select_--Select--BA1170BA2376B' counted

2018-05-28 13:05:17 - [MESSAGE][PASSED] - 2 options of object 'Object Repository/DispensaryToStore/Page_Store/select_--Select--BA1170BA2376B' counted

2018-05-28 13:05:17 - [TEST_STEP][PASSED] - Statement - For ([g = 1, g <= BatchNumber - 1, (g++)]): null

2018-05-28 13:05:17 - [TEST_STEP][PASSED] - selectOptionByIndex: All options with index in [1] are selected on object 'Object Repository/DispensaryToStore/Page_Store/select_--Select--BA1170BA2376B'

2018-05-28 13:05:17 - [MESSAGE][PASSED] - All options with index in [1] are selected on object 'Object Repository/DispensaryToStore/Page_Store/select_--Select--BA1170BA2376B'

2018-05-28 13:05:17 - [TEST_STEP][PASSED] - Statement - Try: null

2018-05-28 13:05:17 - [TEST_STEP][PASSED] - Statement - StockQty = com.kms.katalon.core.webui.keyword.WebUiBuiltInKeywords.getAttribute(com.kms.katalon.core.testobject.ObjectRepository.findTestObject(DispensaryToStore/Page_Store/input_txtprice), "value"): Attribute 'value' of object 'Object Repository/DispensaryToStore/Page_Store/input_txtprice' is: '170'

2018-05-28 13:05:17 - [MESSAGE][PASSED] - Attribute 'value' of object 'Object Repository/DispensaryToStore/Page_Store/input_txtprice' is: '170'

2018-05-28 13:05:17 - [TEST_STEP][PASSED] - Statement - out.println("Stock QTY : " + StockQty): null

2018-05-28 13:05:17 - [TEST_STEP][PASSED] - delay: Delayed 2 second(s)

2018-05-28 13:05:19 - [MESSAGE][PASSED] - Delayed 2 second(s)

2018-05-28 13:05:19 - [TEST_STEP][PASSED] - Statement - If (java.lang.String.valueOf(StockQty) >= java.lang.String.valueOf(RequestedQty)): null

2018-05-28 13:05:19 - [TEST_STEP][PASSED] - setText: Text '10' is set on object 'Object Repository/DispensaryToStore/Page_Store/input_txtqty'

2018-05-28 13:05:20 - [MESSAGE][PASSED] - Text '10' is set on object 'Object Repository/DispensaryToStore/Page_Store/input_txtqty'

2018-05-28 13:05:20 - [TEST_STEP][PASSED] - click: Object: 'Object Repository/DispensaryToStore/Page_Store/button_Add' is clicked on

2018-05-28 13:05:20 - [MESSAGE][PASSED] - Object: 'Object Repository/DispensaryToStore/Page_Store/button_Add' is clicked on

2018-05-28 13:05:20 - [TEST_STEP][PASSED] - Statement - Break: null

2018-05-28 13:05:20 - [TEST_STEP][PASSED] - selectOptionByIndex: All options with index in [21] are selected on object 'Object Repository/DispensaryToStore/Page_Store/select_--Select--Adernaline 0.'

2018-05-28 13:05:20 - [MESSAGE][PASSED] - All options with index in [21] are selected on object 'Object Repository/DispensaryToStore/Page_Store/select_--Select--Adernaline 0.'

2018-05-28 13:05:20 - [TEST_STEP][PASSED] - delay: Delayed 2 second(s)

2018-05-28 13:05:22 - [MESSAGE][PASSED] - Delayed 2 second(s)

2018-05-28 13:05:22 - [TEST_STEP][PASSED] - Statement - RequestedQty = com.kms.katalon.core.webui.keyword.WebUiBuiltInKeywords.getAttribute(com.kms.katalon.core.testobject.ObjectRepository.findTestObject(DispensaryToStore/Page_Store/input_txttotal), "value"): Attribute 'value' of object 'Object Repository/DispensaryToStore/Page_Store/input_txttotal' is: '10'

2018-05-28 13:05:22 - [MESSAGE][PASSED] - Attribute 'value' of object 'Object Repository/DispensaryToStore/Page_Store/input_txttotal' is: '10'

2018-05-28 13:05:22 - [TEST_STEP][PASSED] - Statement - out.println("Requested QTY : " + RequestedQty): null

2018-05-28 13:05:22 - [TEST_STEP][PASSED] - Statement - BatchNumber = com.kms.katalon.core.webui.keyword.WebUiBuiltInKeywords.getNumberOfTotalOption(com.kms.katalon.core.testobject.ObjectRepository.findTestObject(DispensaryToStore/Page_Store/select_--Select--BA1170BA2376B)): 2 options of object 'Object Repository/DispensaryToStore/Page_Store/select_--Select--BA1170BA2376B' counted

2018-05-28 13:05:22 - [MESSAGE][PASSED] - 2 options of object 'Object Repository/DispensaryToStore/Page_Store/select_--Select--BA1170BA2376B' counted

2018-05-28 13:05:22 - [TEST_STEP][PASSED] - Statement - For ([g = 1, g <= BatchNumber - 1, (g++)]): null

2018-05-28 13:05:22 - [TEST_STEP][PASSED] - selectOptionByIndex: All options with index in [1] are selected on object 'Object Repository/DispensaryToStore/Page_Store/select_--Select--BA1170BA2376B'

2018-05-28 13:05:22 - [MESSAGE][PASSED] - All options with index in [1] are selected on object 'Object Repository/DispensaryToStore/Page_Store/select_--Select--BA1170BA2376B'

2018-05-28 13:05:22 - [TEST_STEP][PASSED] - Statement - Try: null

2018-05-28 13:05:22 - [TEST_STEP][PASSED] - Statement - StockQty = com.kms.katalon.core.webui.keyword.WebUiBuiltInKeywords.getAttribute(com.kms.katalon.core.testobject.ObjectRepository.findTestObject(DispensaryToStore/Page_Store/input_txtprice), "value"): Attribute 'value' of object 'Object Repository/DispensaryToStore/Page_Store/input_txtprice' is: '170'

2018-05-28 13:05:22 - [MESSAGE][PASSED] - Attribute 'value' of object 'Object Repository/DispensaryToStore/Page_Store/input_txtprice' is: '170'

2018-05-28 13:05:22 - [TEST_STEP][PASSED] - Statement - out.println("Stock QTY : " + StockQty): null

2018-05-28 13:05:22 - [TEST_STEP][PASSED] - delay: Delayed 2 second(s)

2018-05-28 13:05:24 - [MESSAGE][PASSED] - Delayed 2 second(s)

2018-05-28 13:05:24 - [TEST_STEP][PASSED] - Statement - If (java.lang.String.valueOf(StockQty) >= java.lang.String.valueOf(RequestedQty)): null

2018-05-28 13:05:24 - [TEST_STEP][PASSED] - setText: Text '10' is set on object 'Object Repository/DispensaryToStore/Page_Store/input_txtqty'

2018-05-28 13:05:24 - [MESSAGE][PASSED] - Text '10' is set on object 'Object Repository/DispensaryToStore/Page_Store/input_txtqty'

2018-05-28 13:05:24 - [TEST_STEP][PASSED] - click: Object: 'Object Repository/DispensaryToStore/Page_Store/button_Add' is clicked on

2018-05-28 13:05:24 - [MESSAGE][PASSED] - Object: 'Object Repository/DispensaryToStore/Page_Store/button_Add' is clicked on

2018-05-28 13:05:24 - [TEST_STEP][PASSED] - Statement - Break: null

2018-05-28 13:05:24 - [TEST_STEP][PASSED] - selectOptionByIndex: All options with index in [22] are selected on object 'Object Repository/DispensaryToStore/Page_Store/select_--Select--Adernaline 0.'

2018-05-28 13:05:25 - [MESSAGE][PASSED] - All options with index in [22] are selected on object 'Object Repository/DispensaryToStore/Page_Store/select_--Select--Adernaline 0.'

2018-05-28 13:05:25 - [TEST_STEP][PASSED] - delay: Delayed 2 second(s)

2018-05-28 13:05:27 - [MESSAGE][PASSED] - Delayed 2 second(s)

2018-05-28 13:05:27 - [TEST_STEP][PASSED] - Statement - RequestedQty = com.kms.katalon.core.webui.keyword.WebUiBuiltInKeywords.getAttribute(com.kms.katalon.core.testobject.ObjectRepository.findTestObject(DispensaryToStore/Page_Store/input_txttotal), "value"): Attribute 'value' of object 'Object Repository/DispensaryToStore/Page_Store/input_txttotal' is: '10'

2018-05-28 13:05:27 - [MESSAGE][PASSED] - Attribute 'value' of object 'Object Repository/DispensaryToStore/Page_Store/input_txttotal' is: '10'

2018-05-28 13:05:27 - [TEST_STEP][PASSED] - Statement - out.println("Requested QTY : " + RequestedQty): null

2018-05-28 13:05:27 - [TEST_STEP][PASSED] - Statement - BatchNumber = com.kms.katalon.core.webui.keyword.WebUiBuiltInKeywords.getNumberOfTotalOption(com.kms.katalon.core.testobject.ObjectRepository.findTestObject(DispensaryToStore/Page_Store/select_--Select--BA1170BA2376B)): 2 options of object 'Object Repository/DispensaryToStore/Page_Store/select_--Select--BA1170BA2376B' counted

2018-05-28 13:05:27 - [MESSAGE][PASSED] - 2 options of object 'Object Repository/DispensaryToStore/Page_Store/select_--Select--BA1170BA2376B' counted

2018-05-28 13:05:27 - [TEST_STEP][PASSED] - Statement - For ([g = 1, g <= BatchNumber - 1, (g++)]): null

2018-05-28 13:05:27 - [TEST_STEP][PASSED] - selectOptionByIndex: All options with index in [1] are selected on object 'Object Repository/DispensaryToStore/Page_Store/select_--Select--BA1170BA2376B'

2018-05-28 13:05:27 - [MESSAGE][PASSED] - All options with index in [1] are selected on object 'Object Repository/DispensaryToStore/Page_Store/select_--Select--BA1170BA2376B'

2018-05-28 13:05:27 - [TEST_STEP][PASSED] - Statement - Try: null

2018-05-28 13:05:27 - [TEST_STEP][PASSED] - Statement - StockQty = com.kms.katalon.core.webui.keyword.WebUiBuiltInKeywords.getAttribute(com.kms.katalon.core.testobject.ObjectRepository.findTestObject(DispensaryToStore/Page_Store/input_txtprice), "value"): Attribute 'value' of object 'Object Repository/DispensaryToStore/Page_Store/input_txtprice' is: '170'

2018-05-28 13:05:27 - [MESSAGE][PASSED] - Attribute 'value' of object 'Object Repository/DispensaryToStore/Page_Store/input_txtprice' is: '170'

2018-05-28 13:05:27 - [TEST_STEP][PASSED] - Statement - out.println("Stock QTY : " + StockQty): null

2018-05-28 13:05:27 - [TEST_STEP][PASSED] - delay: Delayed 2 second(s)

2018-05-28 13:05:29 - [MESSAGE][PASSED] - Delayed 2 second(s)

2018-05-28 13:05:29 - [TEST_STEP][PASSED] - Statement - If (java.lang.String.valueOf(StockQty) >= java.lang.String.valueOf(RequestedQty)): null

2018-05-28 13:05:29 - [TEST_STEP][PASSED] - setText: Text '10' is set on object 'Object Repository/DispensaryToStore/Page_Store/input_txtqty'

2018-05-28 13:05:29 - [MESSAGE][PASSED] - Text '10' is set on object 'Object Repository/DispensaryToStore/Page_Store/input_txtqty'

2018-05-28 13:05:29 - [TEST_STEP][PASSED] - click: Object: 'Object Repository/DispensaryToStore/Page_Store/button_Add' is clicked on

2018-05-28 13:05:29 - [MESSAGE][PASSED] - Object: 'Object Repository/DispensaryToStore/Page_Store/button_Add' is clicked on

2018-05-28 13:05:29 - [TEST_STEP][PASSED] - Statement - Break: null

2018-05-28 13:05:29 - [TEST_STEP][PASSED] - selectOptionByIndex: All options with index in [23] are selected on object 'Object Repository/DispensaryToStore/Page_Store/select_--Select--Adernaline 0.'

2018-05-28 13:05:30 - [MESSAGE][PASSED] - All options with index in [23] are selected on object 'Object Repository/DispensaryToStore/Page_Store/select_--Select--Adernaline 0.'

2018-05-28 13:05:30 - [TEST_STEP][PASSED] - delay: Delayed 2 second(s)

2018-05-28 13:05:32 - [MESSAGE][PASSED] - Delayed 2 second(s)

2018-05-28 13:05:32 - [TEST_STEP][PASSED] - Statement - RequestedQty = com.kms.katalon.core.webui.keyword.WebUiBuiltInKeywords.getAttribute(com.kms.katalon.core.testobject.ObjectRepository.findTestObject(DispensaryToStore/Page_Store/input_txttotal), "value"): Attribute 'value' of object 'Object Repository/DispensaryToStore/Page_Store/input_txttotal' is: '10'

2018-05-28 13:05:32 - [MESSAGE][PASSED] - Attribute 'value' of object 'Object Repository/DispensaryToStore/Page_Store/input_txttotal' is: '10'

2018-05-28 13:05:32 - [TEST_STEP][PASSED] - Statement - out.println("Requested QTY : " + RequestedQty): null

2018-05-28 13:05:32 - [TEST_STEP][PASSED] - Statement - BatchNumber = com.kms.katalon.core.webui.keyword.WebUiBuiltInKeywords.getNumberOfTotalOption(com.kms.katalon.core.testobject.ObjectRepository.findTestObject(DispensaryToStore/Page_Store/select_--Select--BA1170BA2376B)): 2 options of object 'Object Repository/DispensaryToStore/Page_Store/select_--Select--BA1170BA2376B' counted

2018-05-28 13:05:32 - [MESSAGE][PASSED] - 2 options of object 'Object Repository/DispensaryToStore/Page_Store/select_--Select--BA1170BA2376B' counted

2018-05-28 13:05:32 - [TEST_STEP][PASSED] - Statement - For ([g = 1, g <= BatchNumber - 1, (g++)]): null

2018-05-28 13:05:32 - [TEST_STEP][PASSED] - selectOptionByIndex: All options with index in [1] are selected on object 'Object Repository/DispensaryToStore/Page_Store/select_--Select--BA1170BA2376B'

2018-05-28 13:05:32 - [MESSAGE][PASSED] - All options with index in [1] are selected on object 'Object Repository/DispensaryToStore/Page_Store/select_--Select--BA1170BA2376B'

2018-05-28 13:05:32 - [TEST_STEP][PASSED] - Statement - Try: null

2018-05-28 13:05:32 - [TEST_STEP][PASSED] - Statement - StockQty = com.kms.katalon.core.webui.keyword.WebUiBuiltInKeywords.getAttribute(com.kms.katalon.core.testobject.ObjectRepository.findTestObject(DispensaryToStore/Page_Store/input_txtprice), "value"): Attribute 'value' of object 'Object Repository/DispensaryToStore/Page_Store/input_txtprice' is: '170'

2018-05-28 13:05:32 - [MESSAGE][PASSED] - Attribute 'value' of object 'Object Repository/DispensaryToStore/Page_Store/input_txtprice' is: '170'

2018-05-28 13:05:32 - [TEST_STEP][PASSED] - Statement - out.println("Stock QTY : " + StockQty): null

2018-05-28 13:05:32 - [TEST_STEP][PASSED] - delay: Delayed 2 second(s)

2018-05-28 13:05:34 - [MESSAGE][PASSED] - Delayed 2 second(s)

2018-05-28 13:05:34 - [TEST_STEP][PASSED] - Statement - If (java.lang.String.valueOf(StockQty) >= java.lang.String.valueOf(RequestedQty)): null

2018-05-28 13:05:34 - [TEST_STEP][PASSED] - setText: Text '10' is set on object 'Object Repository/DispensaryToStore/Page_Store/input_txtqty'

2018-05-28 13:05:34 - [MESSAGE][PASSED] - Text '10' is set on object 'Object Repository/DispensaryToStore/Page_Store/input_txtqty'

2018-05-28 13:05:34 - [TEST_STEP][PASSED] - click: Object: 'Object Repository/DispensaryToStore/Page_Store/button_Add' is clicked on

2018-05-28 13:05:34 - [MESSAGE][PASSED] - Object: 'Object Repository/DispensaryToStore/Page_Store/button_Add' is clicked on

2018-05-28 13:05:34 - [TEST_STEP][PASSED] - Statement - Break: null

2018-05-28 13:05:34 - [TEST_STEP][PASSED] - selectOptionByIndex: All options with index in [24] are selected on object 'Object Repository/DispensaryToStore/Page_Store/select_--Select--Adernaline 0.'

2018-05-28 13:05:34 - [MESSAGE][PASSED] - All options with index in [24] are selected on object 'Object Repository/DispensaryToStore/Page_Store/select_--Select--Adernaline 0.'

2018-05-28 13:05:34 - [TEST_STEP][PASSED] - delay: Delayed 2 second(s)

2018-05-28 13:05:36 - [MESSAGE][PASSED] - Delayed 2 second(s)

2018-05-28 13:05:36 - [TEST_STEP][PASSED] - Statement - RequestedQty = com.kms.katalon.core.webui.keyword.WebUiBuiltInKeywords.getAttribute(com.kms.katalon.core.testobject.ObjectRepository.findTestObject(DispensaryToStore/Page_Store/input_txttotal), "value"): Attribute 'value' of object 'Object Repository/DispensaryToStore/Page_Store/input_txttotal' is: '10'

2018-05-28 13:05:36 - [MESSAGE][PASSED] - Attribute 'value' of object 'Object Repository/DispensaryToStore/Page_Store/input_txttotal' is: '10'

2018-05-28 13:05:36 - [TEST_STEP][PASSED] - Statement - out.println("Requested QTY : " + RequestedQty): null

2018-05-28 13:05:36 - [TEST_STEP][PASSED] - Statement - BatchNumber = com.kms.katalon.core.webui.keyword.WebUiBuiltInKeywords.getNumberOfTotalOption(com.kms.katalon.core.testobject.ObjectRepository.findTestObject(DispensaryToStore/Page_Store/select_--Select--BA1170BA2376B)): 2 options of object 'Object Repository/DispensaryToStore/Page_Store/select_--Select--BA1170BA2376B' counted

2018-05-28 13:05:36 - [MESSAGE][PASSED] - 2 options of object 'Object Repository/DispensaryToStore/Page_Store/select_--Select--BA1170BA2376B' counted

2018-05-28 13:05:36 - [TEST_STEP][PASSED] - Statement - For ([g = 1, g <= BatchNumber - 1, (g++)]): null

2018-05-28 13:05:36 - [TEST_STEP][PASSED] - selectOptionByIndex: All options with index in [1] are selected on object 'Object Repository/DispensaryToStore/Page_Store/select_--Select--BA1170BA2376B'

2018-05-28 13:05:36 - [MESSAGE][PASSED] - All options with index in [1] are selected on object 'Object Repository/DispensaryToStore/Page_Store/select_--Select--BA1170BA2376B'

2018-05-28 13:05:36 - [TEST_STEP][PASSED] - Statement - Try: null

2018-05-28 13:05:36 - [TEST_STEP][PASSED] - Statement - StockQty = com.kms.katalon.core.webui.keyword.WebUiBuiltInKeywords.getAttribute(com.kms.katalon.core.testobject.ObjectRepository.findTestObject(DispensaryToStore/Page_Store/input_txtprice), "value"): Attribute 'value' of object 'Object Repository/DispensaryToStore/Page_Store/input_txtprice' is: '170'

2018-05-28 13:05:37 - [MESSAGE][PASSED] - Attribute 'value' of object 'Object Repository/DispensaryToStore/Page_Store/input_txtprice' is: '170'

2018-05-28 13:05:37 - [TEST_STEP][PASSED] - Statement - out.println("Stock QTY : " + StockQty): null

2018-05-28 13:05:37 - [TEST_STEP][PASSED] - delay: Delayed 2 second(s)

2018-05-28 13:05:39 - [MESSAGE][PASSED] - Delayed 2 second(s)

2018-05-28 13:05:39 - [TEST_STEP][PASSED] - Statement - If (java.lang.String.valueOf(StockQty) >= java.lang.String.valueOf(RequestedQty)): null

2018-05-28 13:05:39 - [TEST_STEP][PASSED] - setText: Text '10' is set on object 'Object Repository/DispensaryToStore/Page_Store/input_txtqty'

2018-05-28 13:05:39 - [MESSAGE][PASSED] - Text '10' is set on object 'Object Repository/DispensaryToStore/Page_Store/input_txtqty'

2018-05-28 13:05:39 - [TEST_STEP][PASSED] - click: Object: 'Object Repository/DispensaryToStore/Page_Store/button_Add' is clicked on

2018-05-28 13:05:39 - [MESSAGE][PASSED] - Object: 'Object Repository/DispensaryToStore/Page_Store/button_Add' is clicked on

2018-05-28 13:05:39 - [TEST_STEP][PASSED] - Statement - Break: null

2018-05-28 13:05:39 - [TEST_STEP][PASSED] - selectOptionByIndex: All options with index in [25] are selected on object 'Object Repository/DispensaryToStore/Page_Store/select_--Select--Adernaline 0.'

2018-05-28 13:05:39 - [MESSAGE][PASSED] - All options with index in [25] are selected on object 'Object Repository/DispensaryToStore/Page_Store/select_--Select--Adernaline 0.'

2018-05-28 13:05:39 - [TEST_STEP][PASSED] - delay: Delayed 2 second(s)

2018-05-28 13:05:41 - [MESSAGE][PASSED] - Delayed 2 second(s)

2018-05-28 13:05:41 - [TEST_STEP][PASSED] - Statement - RequestedQty = com.kms.katalon.core.webui.keyword.WebUiBuiltInKeywords.getAttribute(com.kms.katalon.core.testobject.ObjectRepository.findTestObject(DispensaryToStore/Page_Store/input_txttotal), "value"): Attribute 'value' of object 'Object Repository/DispensaryToStore/Page_Store/input_txttotal' is: '10'

2018-05-28 13:05:41 - [MESSAGE][PASSED] - Attribute 'value' of object 'Object Repository/DispensaryToStore/Page_Store/input_txttotal' is: '10'

2018-05-28 13:05:41 - [TEST_STEP][PASSED] - Statement - out.println("Requested QTY : " + RequestedQty): null

2018-05-28 13:05:41 - [TEST_STEP][PASSED] - Statement - BatchNumber = com.kms.katalon.core.webui.keyword.WebUiBuiltInKeywords.getNumberOfTotalOption(com.kms.katalon.core.testobject.ObjectRepository.findTestObject(DispensaryToStore/Page_Store/select_--Select--BA1170BA2376B)): 2 options of object 'Object Repository/DispensaryToStore/Page_Store/select_--Select--BA1170BA2376B' counted

2018-05-28 13:05:41 - [MESSAGE][PASSED] - 2 options of object 'Object Repository/DispensaryToStore/Page_Store/select_--Select--BA1170BA2376B' counted

2018-05-28 13:05:41 - [TEST_STEP][PASSED] - Statement - For ([g = 1, g <= BatchNumber - 1, (g++)]): null

2018-05-28 13:05:41 - [TEST_STEP][PASSED] - selectOptionByIndex: All options with index in [1] are selected on object 'Object Repository/DispensaryToStore/Page_Store/select_--Select--BA1170BA2376B'

2018-05-28 13:05:41 - [MESSAGE][PASSED] - All options with index in [1] are selected on object 'Object Repository/DispensaryToStore/Page_Store/select_--Select--BA1170BA2376B'

2018-05-28 13:05:41 - [TEST_STEP][PASSED] - Statement - Try: null

2018-05-28 13:05:41 - [TEST_STEP][PASSED] - Statement - StockQty = com.kms.katalon.core.webui.keyword.WebUiBuiltInKeywords.getAttribute(com.kms.katalon.core.testobject.ObjectRepository.findTestObject(DispensaryToStore/Page_Store/input_txtprice), "value"): Attribute 'value' of object 'Object Repository/DispensaryToStore/Page_Store/input_txtprice' is: '170'

2018-05-28 13:05:41 - [MESSAGE][PASSED] - Attribute 'value' of object 'Object Repository/DispensaryToStore/Page_Store/input_txtprice' is: '170'

2018-05-28 13:05:41 - [TEST_STEP][PASSED] - Statement - out.println("Stock QTY : " + StockQty): null

2018-05-28 13:05:41 - [TEST_STEP][PASSED] - delay: Delayed 2 second(s)

2018-05-28 13:05:43 - [MESSAGE][PASSED] - Delayed 2 second(s)

2018-05-28 13:05:43 - [TEST_STEP][PASSED] - Statement - If (java.lang.String.valueOf(StockQty) >= java.lang.String.valueOf(RequestedQty)): null

2018-05-28 13:05:43 - [TEST_STEP][PASSED] - setText: Text '10' is set on object 'Object Repository/DispensaryToStore/Page_Store/input_txtqty'

2018-05-28 13:05:43 - [MESSAGE][PASSED] - Text '10' is set on object 'Object Repository/DispensaryToStore/Page_Store/input_txtqty'

2018-05-28 13:05:43 - [TEST_STEP][PASSED] - click: Object: 'Object Repository/DispensaryToStore/Page_Store/button_Add' is clicked on

2018-05-28 13:05:44 - [MESSAGE][PASSED] - Object: 'Object Repository/DispensaryToStore/Page_Store/button_Add' is clicked on

2018-05-28 13:05:44 - [TEST_STEP][PASSED] - Statement - Break: null

2018-05-28 13:05:44 - [TEST_STEP][PASSED] - selectOptionByIndex: All options with index in [26] are selected on object 'Object Repository/DispensaryToStore/Page_Store/select_--Select--Adernaline 0.'

2018-05-28 13:05:44 - [MESSAGE][PASSED] - All options with index in [26] are selected on object 'Object Repository/DispensaryToStore/Page_Store/select_--Select--Adernaline 0.'

2018-05-28 13:05:44 - [TEST_STEP][PASSED] - delay: Delayed 2 second(s)

2018-05-28 13:05:46 - [MESSAGE][PASSED] - Delayed 2 second(s)

2018-05-28 13:05:46 - [TEST_STEP][PASSED] - Statement - RequestedQty = com.kms.katalon.core.webui.keyword.WebUiBuiltInKeywords.getAttribute(com.kms.katalon.core.testobject.ObjectRepository.findTestObject(DispensaryToStore/Page_Store/input_txttotal), "value"): Attribute 'value' of object 'Object Repository/DispensaryToStore/Page_Store/input_txttotal' is: '10'

2018-05-28 13:05:46 - [MESSAGE][PASSED] - Attribute 'value' of object 'Object Repository/DispensaryToStore/Page_Store/input_txttotal' is: '10'

2018-05-28 13:05:46 - [TEST_STEP][PASSED] - Statement - out.println("Requested QTY : " + RequestedQty): null

2018-05-28 13:05:46 - [TEST_STEP][PASSED] - Statement - BatchNumber = com.kms.katalon.core.webui.keyword.WebUiBuiltInKeywords.getNumberOfTotalOption(com.kms.katalon.core.testobject.ObjectRepository.findTestObject(DispensaryToStore/Page_Store/select_--Select--BA1170BA2376B)): 2 options of object 'Object Repository/DispensaryToStore/Page_Store/select_--Select--BA1170BA2376B' counted

2018-05-28 13:05:46 - [MESSAGE][PASSED] - 2 options of object 'Object Repository/DispensaryToStore/Page_Store/select_--Select--BA1170BA2376B' counted

2018-05-28 13:05:46 - [TEST_STEP][PASSED] - Statement - For ([g = 1, g <= BatchNumber - 1, (g++)]): null

2018-05-28 13:05:46 - [TEST_STEP][PASSED] - selectOptionByIndex: All options with index in [1] are selected on object 'Object Repository/DispensaryToStore/Page_Store/select_--Select--BA1170BA2376B'

2018-05-28 13:05:46 - [MESSAGE][PASSED] - All options with index in [1] are selected on object 'Object Repository/DispensaryToStore/Page_Store/select_--Select--BA1170BA2376B'

2018-05-28 13:05:46 - [TEST_STEP][PASSED] - Statement - Try: null

2018-05-28 13:05:46 - [TEST_STEP][PASSED] - Statement - StockQty = com.kms.katalon.core.webui.keyword.WebUiBuiltInKeywords.getAttribute(com.kms.katalon.core.testobject.ObjectRepository.findTestObject(DispensaryToStore/Page_Store/input_txtprice), "value"): Attribute 'value' of object 'Object Repository/DispensaryToStore/Page_Store/input_txtprice' is: '170'

2018-05-28 13:05:46 - [MESSAGE][PASSED] - Attribute 'value' of object 'Object Repository/DispensaryToStore/Page_Store/input_txtprice' is: '170'

2018-05-28 13:05:46 - [TEST_STEP][PASSED] - Statement - out.println("Stock QTY : " + StockQty): null

2018-05-28 13:05:46 - [TEST_STEP][PASSED] - delay: Delayed 2 second(s)

2018-05-28 13:05:48 - [MESSAGE][PASSED] - Delayed 2 second(s)

2018-05-28 13:05:48 - [TEST_STEP][PASSED] - Statement - If (java.lang.String.valueOf(StockQty) >= java.lang.String.valueOf(RequestedQty)): null

2018-05-28 13:05:48 - [TEST_STEP][PASSED] - setText: Text '10' is set on object 'Object Repository/DispensaryToStore/Page_Store/input_txtqty'

2018-05-28 13:05:48 - [MESSAGE][PASSED] - Text '10' is set on object 'Object Repository/DispensaryToStore/Page_Store/input_txtqty'

2018-05-28 13:05:48 - [TEST_STEP][PASSED] - click: Object: 'Object Repository/DispensaryToStore/Page_Store/button_Add' is clicked on

2018-05-28 13:05:48 - [MESSAGE][PASSED] - Object: 'Object Repository/DispensaryToStore/Page_Store/button_Add' is clicked on

2018-05-28 13:05:48 - [TEST_STEP][PASSED] - Statement - Break: null

2018-05-28 13:05:48 - [TEST_STEP][PASSED] - selectOptionByIndex: All options with index in [27] are selected on object 'Object Repository/DispensaryToStore/Page_Store/select_--Select--Adernaline 0.'

2018-05-28 13:05:49 - [MESSAGE][PASSED] - All options with index in [27] are selected on object 'Object Repository/DispensaryToStore/Page_Store/select_--Select--Adernaline 0.'

2018-05-28 13:05:49 - [TEST_STEP][PASSED] - delay: Delayed 2 second(s)

2018-05-28 13:05:51 - [MESSAGE][PASSED] - Delayed 2 second(s)

2018-05-28 13:05:51 - [TEST_STEP][PASSED] - Statement - RequestedQty = com.kms.katalon.core.webui.keyword.WebUiBuiltInKeywords.getAttribute(com.kms.katalon.core.testobject.ObjectRepository.findTestObject(DispensaryToStore/Page_Store/input_txttotal), "value"): Attribute 'value' of object 'Object Repository/DispensaryToStore/Page_Store/input_txttotal' is: '10'

2018-05-28 13:05:51 - [MESSAGE][PASSED] - Attribute 'value' of object 'Object Repository/DispensaryToStore/Page_Store/input_txttotal' is: '10'

2018-05-28 13:05:51 - [TEST_STEP][PASSED] - Statement - out.println("Requested QTY : " + RequestedQty): null

2018-05-28 13:05:51 - [TEST_STEP][PASSED] - Statement - BatchNumber = com.kms.katalon.core.webui.keyword.WebUiBuiltInKeywords.getNumberOfTotalOption(com.kms.katalon.core.testobject.ObjectRepository.findTestObject(DispensaryToStore/Page_Store/select_--Select--BA1170BA2376B)): 2 options of object 'Object Repository/DispensaryToStore/Page_Store/select_--Select--BA1170BA2376B' counted

2018-05-28 13:05:51 - [MESSAGE][PASSED] - 2 options of object 'Object Repository/DispensaryToStore/Page_Store/select_--Select--BA1170BA2376B' counted

2018-05-28 13:05:51 - [TEST_STEP][PASSED] - Statement - For ([g = 1, g <= BatchNumber - 1, (g++)]): null

2018-05-28 13:05:51 - [TEST_STEP][PASSED] - selectOptionByIndex: All options with index in [1] are selected on object 'Object Repository/DispensaryToStore/Page_Store/select_--Select--BA1170BA2376B'

2018-05-28 13:05:51 - [MESSAGE][PASSED] - All options with index in [1] are selected on object 'Object Repository/DispensaryToStore/Page_Store/select_--Select--BA1170BA2376B'

2018-05-28 13:05:51 - [TEST_STEP][PASSED] - Statement - Try: null

2018-05-28 13:05:51 - [TEST_STEP][PASSED] - Statement - StockQty = com.kms.katalon.core.webui.keyword.WebUiBuiltInKeywords.getAttribute(com.kms.katalon.core.testobject.ObjectRepository.findTestObject(DispensaryToStore/Page_Store/input_txtprice), "value"): Attribute 'value' of object 'Object Repository/DispensaryToStore/Page_Store/input_txtprice' is: '170'

2018-05-28 13:05:51 - [MESSAGE][PASSED] - Attribute 'value' of object 'Object Repository/DispensaryToStore/Page_Store/input_txtprice' is: '170'

2018-05-28 13:05:51 - [TEST_STEP][PASSED] - Statement - out.println("Stock QTY : " + StockQty): null

2018-05-28 13:05:51 - [TEST_STEP][PASSED] - delay: Delayed 2 second(s)

2018-05-28 13:05:53 - [MESSAGE][PASSED] - Delayed 2 second(s)

2018-05-28 13:05:53 - [TEST_STEP][PASSED] - Statement - If (java.lang.String.valueOf(StockQty) >= java.lang.String.valueOf(RequestedQty)): null

2018-05-28 13:05:53 - [TEST_STEP][PASSED] - setText: Text '10' is set on object 'Object Repository/DispensaryToStore/Page_Store/input_txtqty'

2018-05-28 13:05:53 - [MESSAGE][PASSED] - Text '10' is set on object 'Object Repository/DispensaryToStore/Page_Store/input_txtqty'

2018-05-28 13:05:53 - [TEST_STEP][PASSED] - click: Object: 'Object Repository/DispensaryToStore/Page_Store/button_Add' is clicked on

2018-05-28 13:05:53 - [MESSAGE][PASSED] - Object: 'Object Repository/DispensaryToStore/Page_Store/button_Add' is clicked on

2018-05-28 13:05:53 - [TEST_STEP][PASSED] - Statement - Break: null

2018-05-28 13:05:53 - [TEST_STEP][PASSED] - selectOptionByIndex: All options with index in [28] are selected on object 'Object Repository/DispensaryToStore/Page_Store/select_--Select--Adernaline 0.'

2018-05-28 13:05:54 - [MESSAGE][PASSED] - All options with index in [28] are selected on object 'Object Repository/DispensaryToStore/Page_Store/select_--Select--Adernaline 0.'

2018-05-28 13:05:54 - [TEST_STEP][PASSED] - delay: Delayed 2 second(s)

2018-05-28 13:05:56 - [MESSAGE][PASSED] - Delayed 2 second(s)

2018-05-28 13:05:56 - [TEST_STEP][PASSED] - Statement - RequestedQty = com.kms.katalon.core.webui.keyword.WebUiBuiltInKeywords.getAttribute(com.kms.katalon.core.testobject.ObjectRepository.findTestObject(DispensaryToStore/Page_Store/input_txttotal), "value"): Attribute 'value' of object 'Object Repository/DispensaryToStore/Page_Store/input_txttotal' is: '10'

2018-05-28 13:05:56 - [MESSAGE][PASSED] - Attribute 'value' of object 'Object Repository/DispensaryToStore/Page_Store/input_txttotal' is: '10'

2018-05-28 13:05:56 - [TEST_STEP][PASSED] - Statement - out.println("Requested QTY : " + RequestedQty): null

2018-05-28 13:05:56 - [TEST_STEP][PASSED] - Statement - BatchNumber = com.kms.katalon.core.webui.keyword.WebUiBuiltInKeywords.getNumberOfTotalOption(com.kms.katalon.core.testobject.ObjectRepository.findTestObject(DispensaryToStore/Page_Store/select_--Select--BA1170BA2376B)): 2 options of object 'Object Repository/DispensaryToStore/Page_Store/select_--Select--BA1170BA2376B' counted

2018-05-28 13:05:56 - [MESSAGE][PASSED] - 2 options of object 'Object Repository/DispensaryToStore/Page_Store/select_--Select--BA1170BA2376B' counted

2018-05-28 13:05:56 - [TEST_STEP][PASSED] - Statement - For ([g = 1, g <= BatchNumber - 1, (g++)]): null

2018-05-28 13:05:56 - [TEST_STEP][PASSED] - selectOptionByIndex: All options with index in [1] are selected on object 'Object Repository/DispensaryToStore/Page_Store/select_--Select--BA1170BA2376B'

2018-05-28 13:05:56 - [MESSAGE][PASSED] - All options with index in [1] are selected on object 'Object Repository/DispensaryToStore/Page_Store/select_--Select--BA1170BA2376B'

2018-05-28 13:05:56 - [TEST_STEP][PASSED] - Statement - Try: null

2018-05-28 13:05:56 - [TEST_STEP][PASSED] - Statement - StockQty = com.kms.katalon.core.webui.keyword.WebUiBuiltInKeywords.getAttribute(com.kms.katalon.core.testobject.ObjectRepository.findTestObject(DispensaryToStore/Page_Store/input_txtprice), "value"): Attribute 'value' of object 'Object Repository/DispensaryToStore/Page_Store/input_txtprice' is: '170'

2018-05-28 13:05:56 - [MESSAGE][PASSED] - Attribute 'value' of object 'Object Repository/DispensaryToStore/Page_Store/input_txtprice' is: '170'

2018-05-28 13:05:56 - [TEST_STEP][PASSED] - Statement - out.println("Stock QTY : " + StockQty): null

2018-05-28 13:05:56 - [TEST_STEP][PASSED] - delay: Delayed 2 second(s)

2018-05-28 13:05:58 - [MESSAGE][PASSED] - Delayed 2 second(s)

2018-05-28 13:05:58 - [TEST_STEP][PASSED] - Statement - If (java.lang.String.valueOf(StockQty) >= java.lang.String.valueOf(RequestedQty)): null

2018-05-28 13:05:58 - [TEST_STEP][PASSED] - setText: Text '10' is set on object 'Object Repository/DispensaryToStore/Page_Store/input_txtqty'

2018-05-28 13:05:58 - [MESSAGE][PASSED] - Text '10' is set on object 'Object Repository/DispensaryToStore/Page_Store/input_txtqty'

2018-05-28 13:05:58 - [TEST_STEP][PASSED] - click: Object: 'Object Repository/DispensaryToStore/Page_Store/button_Add' is clicked on

2018-05-28 13:05:58 - [MESSAGE][PASSED] - Object: 'Object Repository/DispensaryToStore/Page_Store/button_Add' is clicked on

2018-05-28 13:05:58 - [TEST_STEP][PASSED] - Statement - Break: null

2018-05-28 13:05:58 - [TEST_STEP][PASSED] - selectOptionByIndex: All options with index in [29] are selected on object 'Object Repository/DispensaryToStore/Page_Store/select_--Select--Adernaline 0.'

2018-05-28 13:05:58 - [MESSAGE][PASSED] - All options with index in [29] are selected on object 'Object Repository/DispensaryToStore/Page_Store/select_--Select--Adernaline 0.'

2018-05-28 13:05:58 - [TEST_STEP][PASSED] - delay: Delayed 2 second(s)

2018-05-28 13:06:00 - [MESSAGE][PASSED] - Delayed 2 second(s)

2018-05-28 13:06:00 - [TEST_STEP][PASSED] - Statement - RequestedQty = com.kms.katalon.core.webui.keyword.WebUiBuiltInKeywords.getAttribute(com.kms.katalon.core.testobject.ObjectRepository.findTestObject(DispensaryToStore/Page_Store/input_txttotal), "value"): Attribute 'value' of object 'Object Repository/DispensaryToStore/Page_Store/input_txttotal' is: '10'

2018-05-28 13:06:01 - [MESSAGE][PASSED] - Attribute 'value' of object 'Object Repository/DispensaryToStore/Page_Store/input_txttotal' is: '10'

2018-05-28 13:06:01 - [TEST_STEP][PASSED] - Statement - out.println("Requested QTY : " + RequestedQty): null

2018-05-28 13:06:01 - [TEST_STEP][PASSED] - Statement - BatchNumber = com.kms.katalon.core.webui.keyword.WebUiBuiltInKeywords.getNumberOfTotalOption(com.kms.katalon.core.testobject.ObjectRepository.findTestObject(DispensaryToStore/Page_Store/select_--Select--BA1170BA2376B)): 2 options of object 'Object Repository/DispensaryToStore/Page_Store/select_--Select--BA1170BA2376B' counted

2018-05-28 13:06:01 - [MESSAGE][PASSED] - 2 options of object 'Object Repository/DispensaryToStore/Page_Store/select_--Select--BA1170BA2376B' counted

2018-05-28 13:06:01 - [TEST_STEP][PASSED] - Statement - For ([g = 1, g <= BatchNumber - 1, (g++)]): null

2018-05-28 13:06:01 - [TEST_STEP][PASSED] - selectOptionByIndex: All options with index in [1] are selected on object 'Object Repository/DispensaryToStore/Page_Store/select_--Select--BA1170BA2376B'

2018-05-28 13:06:01 - [MESSAGE][PASSED] - All options with index in [1] are selected on object 'Object Repository/DispensaryToStore/Page_Store/select_--Select--BA1170BA2376B'

2018-05-28 13:06:01 - [TEST_STEP][PASSED] - Statement - Try: null

2018-05-28 13:06:01 - [TEST_STEP][PASSED] - Statement - StockQty = com.kms.katalon.core.webui.keyword.WebUiBuiltInKeywords.getAttribute(com.kms.katalon.core.testobject.ObjectRepository.findTestObject(DispensaryToStore/Page_Store/input_txtprice), "value"): Attribute 'value' of object 'Object Repository/DispensaryToStore/Page_Store/input_txtprice' is: '170'

2018-05-28 13:06:01 - [MESSAGE][PASSED] - Attribute 'value' of object 'Object Repository/DispensaryToStore/Page_Store/input_txtprice' is: '170'

2018-05-28 13:06:01 - [TEST_STEP][PASSED] - Statement - out.println("Stock QTY : " + StockQty): null

2018-05-28 13:06:01 - [TEST_STEP][PASSED] - delay: Delayed 2 second(s)

2018-05-28 13:06:03 - [MESSAGE][PASSED] - Delayed 2 second(s)

2018-05-28 13:06:03 - [TEST_STEP][PASSED] - Statement - If (java.lang.String.valueOf(StockQty) >= java.lang.String.valueOf(RequestedQty)): null

2018-05-28 13:06:03 - [TEST_STEP][PASSED] - setText: Text '10' is set on object 'Object Repository/DispensaryToStore/Page_Store/input_txtqty'

2018-05-28 13:06:03 - [MESSAGE][PASSED] - Text '10' is set on object 'Object Repository/DispensaryToStore/Page_Store/input_txtqty'

2018-05-28 13:06:03 - [TEST_STEP][PASSED] - click: Object: 'Object Repository/DispensaryToStore/Page_Store/button_Add' is clicked on

2018-05-28 13:06:03 - [MESSAGE][PASSED] - Object: 'Object Repository/DispensaryToStore/Page_Store/button_Add' is clicked on

2018-05-28 13:06:03 - [TEST_STEP][PASSED] - Statement - Break: null

2018-05-28 13:06:03 - [TEST_STEP][PASSED] - selectOptionByIndex: All options with index in [30] are selected on object 'Object Repository/DispensaryToStore/Page_Store/select_--Select--Adernaline 0.'

2018-05-28 13:06:03 - [MESSAGE][PASSED] - All options with index in [30] are selected on object 'Object Repository/DispensaryToStore/Page_Store/select_--Select--Adernaline 0.'

2018-05-28 13:06:03 - [TEST_STEP][PASSED] - delay: Delayed 2 second(s)

2018-05-28 13:06:05 - [MESSAGE][PASSED] - Delayed 2 second(s)

2018-05-28 13:06:05 - [TEST_STEP][PASSED] - Statement - RequestedQty = com.kms.katalon.core.webui.keyword.WebUiBuiltInKeywords.getAttribute(com.kms.katalon.core.testobject.ObjectRepository.findTestObject(DispensaryToStore/Page_Store/input_txttotal), "value"): Attribute 'value' of object 'Object Repository/DispensaryToStore/Page_Store/input_txttotal' is: '10'

2018-05-28 13:06:05 - [MESSAGE][PASSED] - Attribute 'value' of object 'Object Repository/DispensaryToStore/Page_Store/input_txttotal' is: '10'

2018-05-28 13:06:05 - [TEST_STEP][PASSED] - Statement - out.println("Requested QTY : " + RequestedQty): null

2018-05-28 13:06:05 - [TEST_STEP][PASSED] - Statement - BatchNumber = com.kms.katalon.core.webui.keyword.WebUiBuiltInKeywords.getNumberOfTotalOption(com.kms.katalon.core.testobject.ObjectRepository.findTestObject(DispensaryToStore/Page_Store/select_--Select--BA1170BA2376B)): 2 options of object 'Object Repository/DispensaryToStore/Page_Store/select_--Select--BA1170BA2376B' counted

2018-05-28 13:06:05 - [MESSAGE][PASSED] - 2 options of object 'Object Repository/DispensaryToStore/Page_Store/select_--Select--BA1170BA2376B' counted

2018-05-28 13:06:05 - [TEST_STEP][PASSED] - Statement - For ([g = 1, g <= BatchNumber - 1, (g++)]): null

2018-05-28 13:06:05 - [TEST_STEP][PASSED] - selectOptionByIndex: All options with index in [1] are selected on object 'Object Repository/DispensaryToStore/Page_Store/select_--Select--BA1170BA2376B'

2018-05-28 13:06:05 - [MESSAGE][PASSED] - All options with index in [1] are selected on object 'Object Repository/DispensaryToStore/Page_Store/select_--Select--BA1170BA2376B'

2018-05-28 13:06:05 - [TEST_STEP][PASSED] - Statement - Try: null

2018-05-28 13:06:05 - [TEST_STEP][PASSED] - Statement - StockQty = com.kms.katalon.core.webui.keyword.WebUiBuiltInKeywords.getAttribute(com.kms.katalon.core.testobject.ObjectRepository.findTestObject(DispensaryToStore/Page_Store/input_txtprice), "value"): Attribute 'value' of object 'Object Repository/DispensaryToStore/Page_Store/input_txtprice' is: '170'

2018-05-28 13:06:06 - [MESSAGE][PASSED] - Attribute 'value' of object 'Object Repository/DispensaryToStore/Page_Store/input_txtprice' is: '170'

2018-05-28 13:06:06 - [TEST_STEP][PASSED] - Statement - out.println("Stock QTY : " + StockQty): null

2018-05-28 13:06:06 - [TEST_STEP][PASSED] - delay: Delayed 2 second(s)

2018-05-28 13:06:08 - [MESSAGE][PASSED] - Delayed 2 second(s)

2018-05-28 13:06:08 - [TEST_STEP][PASSED] - Statement - If (java.lang.String.valueOf(StockQty) >= java.lang.String.valueOf(RequestedQty)): null

2018-05-28 13:06:08 - [TEST_STEP][PASSED] - setText: Text '10' is set on object 'Object Repository/DispensaryToStore/Page_Store/input_txtqty'

2018-05-28 13:06:08 - [MESSAGE][PASSED] - Text '10' is set on object 'Object Repository/DispensaryToStore/Page_Store/input_txtqty'

2018-05-28 13:06:08 - [TEST_STEP][PASSED] - click: Object: 'Object Repository/DispensaryToStore/Page_Store/button_Add' is clicked on

2018-05-28 13:06:08 - [MESSAGE][PASSED] - Object: 'Object Repository/DispensaryToStore/Page_Store/button_Add' is clicked on

2018-05-28 13:06:08 - [TEST_STEP][PASSED] - Statement - Break: null

2018-05-28 13:06:08 - [TEST_STEP][PASSED] - selectOptionByIndex: All options with index in [31] are selected on object 'Object Repository/DispensaryToStore/Page_Store/select_--Select--Adernaline 0.'

2018-05-28 13:06:08 - [MESSAGE][PASSED] - All options with index in [31] are selected on object 'Object Repository/DispensaryToStore/Page_Store/select_--Select--Adernaline 0.'

2018-05-28 13:06:08 - [TEST_STEP][PASSED] - delay: Delayed 2 second(s)

2018-05-28 13:06:10 - [MESSAGE][PASSED] - Delayed 2 second(s)

2018-05-28 13:06:10 - [TEST_STEP][PASSED] - Statement - RequestedQty = com.kms.katalon.core.webui.keyword.WebUiBuiltInKeywords.getAttribute(com.kms.katalon.core.testobject.ObjectRepository.findTestObject(DispensaryToStore/Page_Store/input_txttotal), "value"): Attribute 'value' of object 'Object Repository/DispensaryToStore/Page_Store/input_txttotal' is: '10'

2018-05-28 13:06:10 - [MESSAGE][PASSED] - Attribute 'value' of object 'Object Repository/DispensaryToStore/Page_Store/input_txttotal' is: '10'

2018-05-28 13:06:10 - [TEST_STEP][PASSED] - Statement - out.println("Requested QTY : " + RequestedQty): null

2018-05-28 13:06:10 - [TEST_STEP][PASSED] - Statement - BatchNumber = com.kms.katalon.core.webui.keyword.WebUiBuiltInKeywords.getNumberOfTotalOption(com.kms.katalon.core.testobject.ObjectRepository.findTestObject(DispensaryToStore/Page_Store/select_--Select--BA1170BA2376B)): 2 options of object 'Object Repository/DispensaryToStore/Page_Store/select_--Select--BA1170BA2376B' counted

2018-05-28 13:06:10 - [MESSAGE][PASSED] - 2 options of object 'Object Repository/DispensaryToStore/Page_Store/select_--Select--BA1170BA2376B' counted

2018-05-28 13:06:10 - [TEST_STEP][PASSED] - Statement - For ([g = 1, g <= BatchNumber - 1, (g++)]): null

2018-05-28 13:06:10 - [TEST_STEP][PASSED] - selectOptionByIndex: All options with index in [1] are selected on object 'Object Repository/DispensaryToStore/Page_Store/select_--Select--BA1170BA2376B'

2018-05-28 13:06:10 - [MESSAGE][PASSED] - All options with index in [1] are selected on object 'Object Repository/DispensaryToStore/Page_Store/select_--Select--BA1170BA2376B'

2018-05-28 13:06:10 - [TEST_STEP][PASSED] - Statement - Try: null

2018-05-28 13:06:10 - [TEST_STEP][PASSED] - Statement - StockQty = com.kms.katalon.core.webui.keyword.WebUiBuiltInKeywords.getAttribute(com.kms.katalon.core.testobject.ObjectRepository.findTestObject(DispensaryToStore/Page_Store/input_txtprice), "value"): Attribute 'value' of object 'Object Repository/DispensaryToStore/Page_Store/input_txtprice' is: '170'

2018-05-28 13:06:10 - [MESSAGE][PASSED] - Attribute 'value' of object 'Object Repository/DispensaryToStore/Page_Store/input_txtprice' is: '170'

2018-05-28 13:06:10 - [TEST_STEP][PASSED] - Statement - out.println("Stock QTY : " + StockQty): null

2018-05-28 13:06:10 - [TEST_STEP][PASSED] - delay: Delayed 2 second(s)

2018-05-28 13:06:12 - [MESSAGE][PASSED] - Delayed 2 second(s)

2018-05-28 13:06:12 - [TEST_STEP][PASSED] - Statement - If (java.lang.String.valueOf(StockQty) >= java.lang.String.valueOf(RequestedQty)): null

2018-05-28 13:06:12 - [TEST_STEP][PASSED] - setText: Text '10' is set on object 'Object Repository/DispensaryToStore/Page_Store/input_txtqty'

2018-05-28 13:06:12 - [MESSAGE][PASSED] - Text '10' is set on object 'Object Repository/DispensaryToStore/Page_Store/input_txtqty'

2018-05-28 13:06:12 - [TEST_STEP][PASSED] - click: Object: 'Object Repository/DispensaryToStore/Page_Store/button_Add' is clicked on

2018-05-28 13:06:13 - [MESSAGE][PASSED] - Object: 'Object Repository/DispensaryToStore/Page_Store/button_Add' is clicked on

2018-05-28 13:06:13 - [TEST_STEP][PASSED] - Statement - Break: null

2018-05-28 13:06:13 - [TEST_STEP][PASSED] - selectOptionByIndex: All options with index in [32] are selected on object 'Object Repository/DispensaryToStore/Page_Store/select_--Select--Adernaline 0.'

2018-05-28 13:06:13 - [MESSAGE][PASSED] - All options with index in [32] are selected on object 'Object Repository/DispensaryToStore/Page_Store/select_--Select--Adernaline 0.'

2018-05-28 13:06:13 - [TEST_STEP][PASSED] - delay: Delayed 2 second(s)

2018-05-28 13:06:15 - [MESSAGE][PASSED] - Delayed 2 second(s)

2018-05-28 13:06:15 - [TEST_STEP][PASSED] - Statement - RequestedQty = com.kms.katalon.core.webui.keyword.WebUiBuiltInKeywords.getAttribute(com.kms.katalon.core.testobject.ObjectRepository.findTestObject(DispensaryToStore/Page_Store/input_txttotal), "value"): Attribute 'value' of object 'Object Repository/DispensaryToStore/Page_Store/input_txttotal' is: '10'

2018-05-28 13:06:15 - [MESSAGE][PASSED] - Attribute 'value' of object 'Object Repository/DispensaryToStore/Page_Store/input_txttotal' is: '10'

2018-05-28 13:06:15 - [TEST_STEP][PASSED] - Statement - out.println("Requested QTY : " + RequestedQty): null

2018-05-28 13:06:15 - [TEST_STEP][PASSED] - Statement - BatchNumber = com.kms.katalon.core.webui.keyword.WebUiBuiltInKeywords.getNumberOfTotalOption(com.kms.katalon.core.testobject.ObjectRepository.findTestObject(DispensaryToStore/Page_Store/select_--Select--BA1170BA2376B)): 2 options of object 'Object Repository/DispensaryToStore/Page_Store/select_--Select--BA1170BA2376B' counted

2018-05-28 13:06:15 - [MESSAGE][PASSED] - 2 options of object 'Object Repository/DispensaryToStore/Page_Store/select_--Select--BA1170BA2376B' counted

2018-05-28 13:06:15 - [TEST_STEP][PASSED] - Statement - For ([g = 1, g <= BatchNumber - 1, (g++)]): null

2018-05-28 13:06:15 - [TEST_STEP][PASSED] - selectOptionByIndex: All options with index in [1] are selected on object 'Object Repository/DispensaryToStore/Page_Store/select_--Select--BA1170BA2376B'

2018-05-28 13:06:15 - [MESSAGE][PASSED] - All options with index in [1] are selected on object 'Object Repository/DispensaryToStore/Page_Store/select_--Select--BA1170BA2376B'

2018-05-28 13:06:15 - [TEST_STEP][PASSED] - Statement - Try: null

2018-05-28 13:06:15 - [TEST_STEP][PASSED] - Statement - StockQty = com.kms.katalon.core.webui.keyword.WebUiBuiltInKeywords.getAttribute(com.kms.katalon.core.testobject.ObjectRepository.findTestObject(DispensaryToStore/Page_Store/input_txtprice), "value"): Attribute 'value' of object 'Object Repository/DispensaryToStore/Page_Store/input_txtprice' is: '170'

2018-05-28 13:06:15 - [MESSAGE][PASSED] - Attribute 'value' of object 'Object Repository/DispensaryToStore/Page_Store/input_txtprice' is: '170'

2018-05-28 13:06:15 - [TEST_STEP][PASSED] - Statement - out.println("Stock QTY : " + StockQty): null

2018-05-28 13:06:15 - [TEST_STEP][PASSED] - delay: Delayed 2 second(s)

2018-05-28 13:06:17 - [MESSAGE][PASSED] - Delayed 2 second(s)

2018-05-28 13:06:17 - [TEST_STEP][PASSED] - Statement - If (java.lang.String.valueOf(StockQty) >= java.lang.String.valueOf(RequestedQty)): null

2018-05-28 13:06:17 - [TEST_STEP][PASSED] - setText: Text '10' is set on object 'Object Repository/DispensaryToStore/Page_Store/input_txtqty'

2018-05-28 13:06:17 - [MESSAGE][PASSED] - Text '10' is set on object 'Object Repository/DispensaryToStore/Page_Store/input_txtqty'

2018-05-28 13:06:17 - [TEST_STEP][PASSED] - click: Object: 'Object Repository/DispensaryToStore/Page_Store/button_Add' is clicked on

2018-05-28 13:06:17 - [MESSAGE][PASSED] - Object: 'Object Repository/DispensaryToStore/Page_Store/button_Add' is clicked on

2018-05-28 13:06:17 - [TEST_STEP][PASSED] - Statement - Break: null

2018-05-28 13:06:17 - [TEST_STEP][PASSED] - selectOptionByIndex: All options with index in [33] are selected on object 'Object Repository/DispensaryToStore/Page_Store/select_--Select--Adernaline 0.'

2018-05-28 13:06:18 - [MESSAGE][PASSED] - All options with index in [33] are selected on object 'Object Repository/DispensaryToStore/Page_Store/select_--Select--Adernaline 0.'

2018-05-28 13:06:18 - [TEST_STEP][PASSED] - delay: Delayed 2 second(s)

2018-05-28 13:06:20 - [MESSAGE][PASSED] - Delayed 2 second(s)

2018-05-28 13:06:20 - [TEST_STEP][PASSED] - Statement - RequestedQty = com.kms.katalon.core.webui.keyword.WebUiBuiltInKeywords.getAttribute(com.kms.katalon.core.testobject.ObjectRepository.findTestObject(DispensaryToStore/Page_Store/input_txttotal), "value"): Attribute 'value' of object 'Object Repository/DispensaryToStore/Page_Store/input_txttotal' is: '10'

2018-05-28 13:06:20 - [MESSAGE][PASSED] - Attribute 'value' of object 'Object Repository/DispensaryToStore/Page_Store/input_txttotal' is: '10'

2018-05-28 13:06:20 - [TEST_STEP][PASSED] - Statement - out.println("Requested QTY : " + RequestedQty): null

2018-05-28 13:06:20 - [TEST_STEP][PASSED] - Statement - BatchNumber = com.kms.katalon.core.webui.keyword.WebUiBuiltInKeywords.getNumberOfTotalOption(com.kms.katalon.core.testobject.ObjectRepository.findTestObject(DispensaryToStore/Page_Store/select_--Select--BA1170BA2376B)): 2 options of object 'Object Repository/DispensaryToStore/Page_Store/select_--Select--BA1170BA2376B' counted

2018-05-28 13:06:20 - [MESSAGE][PASSED] - 2 options of object 'Object Repository/DispensaryToStore/Page_Store/select_--Select--BA1170BA2376B' counted

2018-05-28 13:06:20 - [TEST_STEP][PASSED] - Statement - For ([g = 1, g <= BatchNumber - 1, (g++)]): null

2018-05-28 13:06:20 - [TEST_STEP][PASSED] - selectOptionByIndex: All options with index in [1] are selected on object 'Object Repository/DispensaryToStore/Page_Store/select_--Select--BA1170BA2376B'

2018-05-28 13:06:20 - [MESSAGE][PASSED] - All options with index in [1] are selected on object 'Object Repository/DispensaryToStore/Page_Store/select_--Select--BA1170BA2376B'

2018-05-28 13:06:20 - [TEST_STEP][PASSED] - Statement - Try: null

2018-05-28 13:06:20 - [TEST_STEP][PASSED] - Statement - StockQty = com.kms.katalon.core.webui.keyword.WebUiBuiltInKeywords.getAttribute(com.kms.katalon.core.testobject.ObjectRepository.findTestObject(DispensaryToStore/Page_Store/input_txtprice), "value"): Attribute 'value' of object 'Object Repository/DispensaryToStore/Page_Store/input_txtprice' is: '170'

2018-05-28 13:06:20 - [MESSAGE][PASSED] - Attribute 'value' of object 'Object Repository/DispensaryToStore/Page_Store/input_txtprice' is: '170'

2018-05-28 13:06:20 - [TEST_STEP][PASSED] - Statement - out.println("Stock QTY : " + StockQty): null

2018-05-28 13:06:20 - [TEST_STEP][PASSED] - delay: Delayed 2 second(s)

2018-05-28 13:06:22 - [MESSAGE][PASSED] - Delayed 2 second(s)

2018-05-28 13:06:22 - [TEST_STEP][PASSED] - Statement - If (java.lang.String.valueOf(StockQty) >= java.lang.String.valueOf(RequestedQty)): null

2018-05-28 13:06:22 - [TEST_STEP][PASSED] - setText: Text '10' is set on object 'Object Repository/DispensaryToStore/Page_Store/input_txtqty'

2018-05-28 13:06:22 - [MESSAGE][PASSED] - Text '10' is set on object 'Object Repository/DispensaryToStore/Page_Store/input_txtqty'

2018-05-28 13:06:22 - [TEST_STEP][PASSED] - click: Object: 'Object Repository/DispensaryToStore/Page_Store/button_Add' is clicked on

2018-05-28 13:06:22 - [MESSAGE][PASSED] - Object: 'Object Repository/DispensaryToStore/Page_Store/button_Add' is clicked on

2018-05-28 13:06:22 - [TEST_STEP][PASSED] - Statement - Break: null

2018-05-28 13:06:22 - [TEST_STEP][PASSED] - selectOptionByIndex: All options with index in [34] are selected on object 'Object Repository/DispensaryToStore/Page_Store/select_--Select--Adernaline 0.'

2018-05-28 13:06:23 - [MESSAGE][PASSED] - All options with index in [34] are selected on object 'Object Repository/DispensaryToStore/Page_Store/select_--Select--Adernaline 0.'

2018-05-28 13:06:23 - [TEST_STEP][PASSED] - delay: Delayed 2 second(s)

2018-05-28 13:06:25 - [MESSAGE][PASSED] - Delayed 2 second(s)

2018-05-28 13:06:25 - [TEST_STEP][PASSED] - Statement - RequestedQty = com.kms.katalon.core.webui.keyword.WebUiBuiltInKeywords.getAttribute(com.kms.katalon.core.testobject.ObjectRepository.findTestObject(DispensaryToStore/Page_Store/input_txttotal), "value"): Attribute 'value' of object 'Object Repository/DispensaryToStore/Page_Store/input_txttotal' is: '10'

2018-05-28 13:06:25 - [MESSAGE][PASSED] - Attribute 'value' of object 'Object Repository/DispensaryToStore/Page_Store/input_txttotal' is: '10'

2018-05-28 13:06:25 - [TEST_STEP][PASSED] - Statement - out.println("Requested QTY : " + RequestedQty): null

2018-05-28 13:06:25 - [TEST_STEP][PASSED] - Statement - BatchNumber = com.kms.katalon.core.webui.keyword.WebUiBuiltInKeywords.getNumberOfTotalOption(com.kms.katalon.core.testobject.ObjectRepository.findTestObject(DispensaryToStore/Page_Store/select_--Select--BA1170BA2376B)): 2 options of object 'Object Repository/DispensaryToStore/Page_Store/select_--Select--BA1170BA2376B' counted

2018-05-28 13:06:25 - [MESSAGE][PASSED] - 2 options of object 'Object Repository/DispensaryToStore/Page_Store/select_--Select--BA1170BA2376B' counted

2018-05-28 13:06:25 - [TEST_STEP][PASSED] - Statement - For ([g = 1, g <= BatchNumber - 1, (g++)]): null

2018-05-28 13:06:25 - [TEST_STEP][PASSED] - selectOptionByIndex: All options with index in [1] are selected on object 'Object Repository/DispensaryToStore/Page_Store/select_--Select--BA1170BA2376B'

2018-05-28 13:06:25 - [MESSAGE][PASSED] - All options with index in [1] are selected on object 'Object Repository/DispensaryToStore/Page_Store/select_--Select--BA1170BA2376B'

2018-05-28 13:06:25 - [TEST_STEP][PASSED] - Statement - Try: null

2018-05-28 13:06:25 - [TEST_STEP][PASSED] - Statement - StockQty = com.kms.katalon.core.webui.keyword.WebUiBuiltInKeywords.getAttribute(com.kms.katalon.core.testobject.ObjectRepository.findTestObject(DispensaryToStore/Page_Store/input_txtprice), "value"): Attribute 'value' of object 'Object Repository/DispensaryToStore/Page_Store/input_txtprice' is: '170'

2018-05-28 13:06:25 - [MESSAGE][PASSED] - Attribute 'value' of object 'Object Repository/DispensaryToStore/Page_Store/input_txtprice' is: '170'

2018-05-28 13:06:25 - [TEST_STEP][PASSED] - Statement - out.println("Stock QTY : " + StockQty): null

2018-05-28 13:06:25 - [TEST_STEP][PASSED] - delay: Delayed 2 second(s)

2018-05-28 13:06:27 - [MESSAGE][PASSED] - Delayed 2 second(s)

2018-05-28 13:06:27 - [TEST_STEP][PASSED] - Statement - If (java.lang.String.valueOf(StockQty) >= java.lang.String.valueOf(RequestedQty)): null

2018-05-28 13:06:27 - [TEST_STEP][PASSED] - setText: Text '10' is set on object 'Object Repository/DispensaryToStore/Page_Store/input_txtqty'

2018-05-28 13:06:27 - [MESSAGE][PASSED] - Text '10' is set on object 'Object Repository/DispensaryToStore/Page_Store/input_txtqty'

2018-05-28 13:06:27 - [TEST_STEP][PASSED] - click: Object: 'Object Repository/DispensaryToStore/Page_Store/button_Add' is clicked on

2018-05-28 13:06:27 - [MESSAGE][PASSED] - Object: 'Object Repository/DispensaryToStore/Page_Store/button_Add' is clicked on

2018-05-28 13:06:27 - [TEST_STEP][PASSED] - Statement - Break: null

2018-05-28 13:06:27 - [TEST_STEP][PASSED] - selectOptionByIndex: All options with index in [35] are selected on object 'Object Repository/DispensaryToStore/Page_Store/select_--Select--Adernaline 0.'

2018-05-28 13:06:28 - [MESSAGE][PASSED] - All options with index in [35] are selected on object 'Object Repository/DispensaryToStore/Page_Store/select_--Select--Adernaline 0.'

2018-05-28 13:06:28 - [TEST_STEP][PASSED] - delay: Delayed 2 second(s)

2018-05-28 13:06:30 - [MESSAGE][PASSED] - Delayed 2 second(s)

2018-05-28 13:06:30 - [TEST_STEP][PASSED] - Statement - RequestedQty = com.kms.katalon.core.webui.keyword.WebUiBuiltInKeywords.getAttribute(com.kms.katalon.core.testobject.ObjectRepository.findTestObject(DispensaryToStore/Page_Store/input_txttotal), "value"): Attribute 'value' of object 'Object Repository/DispensaryToStore/Page_Store/input_txttotal' is: '10'

2018-05-28 13:06:30 - [MESSAGE][PASSED] - Attribute 'value' of object 'Object Repository/DispensaryToStore/Page_Store/input_txttotal' is: '10'

2018-05-28 13:06:30 - [TEST_STEP][PASSED] - Statement - out.println("Requested QTY : " + RequestedQty): null

2018-05-28 13:06:30 - [TEST_STEP][PASSED] - Statement - BatchNumber = com.kms.katalon.core.webui.keyword.WebUiBuiltInKeywords.getNumberOfTotalOption(com.kms.katalon.core.testobject.ObjectRepository.findTestObject(DispensaryToStore/Page_Store/select_--Select--BA1170BA2376B)): 2 options of object 'Object Repository/DispensaryToStore/Page_Store/select_--Select--BA1170BA2376B' counted

2018-05-28 13:06:30 - [MESSAGE][PASSED] - 2 options of object 'Object Repository/DispensaryToStore/Page_Store/select_--Select--BA1170BA2376B' counted

2018-05-28 13:06:30 - [TEST_STEP][PASSED] - Statement - For ([g = 1, g <= BatchNumber - 1, (g++)]): null

2018-05-28 13:06:30 - [TEST_STEP][PASSED] - selectOptionByIndex: All options with index in [1] are selected on object 'Object Repository/DispensaryToStore/Page_Store/select_--Select--BA1170BA2376B'

2018-05-28 13:06:30 - [MESSAGE][PASSED] - All options with index in [1] are selected on object 'Object Repository/DispensaryToStore/Page_Store/select_--Select--BA1170BA2376B'

2018-05-28 13:06:30 - [TEST_STEP][PASSED] - Statement - Try: null

2018-05-28 13:06:30 - [TEST_STEP][PASSED] - Statement - StockQty = com.kms.katalon.core.webui.keyword.WebUiBuiltInKeywords.getAttribute(com.kms.katalon.core.testobject.ObjectRepository.findTestObject(DispensaryToStore/Page_Store/input_txtprice), "value"): Attribute 'value' of object 'Object Repository/DispensaryToStore/Page_Store/input_txtprice' is: '170'

2018-05-28 13:06:30 - [MESSAGE][PASSED] - Attribute 'value' of object 'Object Repository/DispensaryToStore/Page_Store/input_txtprice' is: '170'

2018-05-28 13:06:30 - [TEST_STEP][PASSED] - Statement - out.println("Stock QTY : " + StockQty): null

2018-05-28 13:06:30 - [TEST_STEP][PASSED] - delay: Delayed 2 second(s)

2018-05-28 13:06:32 - [MESSAGE][PASSED] - Delayed 2 second(s)

2018-05-28 13:06:32 - [TEST_STEP][PASSED] - Statement - If (java.lang.String.valueOf(StockQty) >= java.lang.String.valueOf(RequestedQty)): null

2018-05-28 13:06:32 - [TEST_STEP][PASSED] - setText: Text '10' is set on object 'Object Repository/DispensaryToStore/Page_Store/input_txtqty'

2018-05-28 13:06:32 - [MESSAGE][PASSED] - Text '10' is set on object 'Object Repository/DispensaryToStore/Page_Store/input_txtqty'

2018-05-28 13:06:32 - [TEST_STEP][PASSED] - click: Object: 'Object Repository/DispensaryToStore/Page_Store/button_Add' is clicked on

2018-05-28 13:06:32 - [MESSAGE][PASSED] - Object: 'Object Repository/DispensaryToStore/Page_Store/button_Add' is clicked on

2018-05-28 13:06:32 - [TEST_STEP][PASSED] - Statement - Break: null

2018-05-28 13:06:32 - [TEST_STEP][PASSED] - selectOptionByIndex: All options with index in [36] are selected on object 'Object Repository/DispensaryToStore/Page_Store/select_--Select--Adernaline 0.'

2018-05-28 13:06:33 - [MESSAGE][PASSED] - All options with index in [36] are selected on object 'Object Repository/DispensaryToStore/Page_Store/select_--Select--Adernaline 0.'

2018-05-28 13:06:33 - [TEST_STEP][PASSED] - delay: Delayed 2 second(s)

2018-05-28 13:06:35 - [MESSAGE][PASSED] - Delayed 2 second(s)

2018-05-28 13:06:35 - [TEST_STEP][PASSED] - Statement - RequestedQty = com.kms.katalon.core.webui.keyword.WebUiBuiltInKeywords.getAttribute(com.kms.katalon.core.testobject.ObjectRepository.findTestObject(DispensaryToStore/Page_Store/input_txttotal), "value"): Attribute 'value' of object 'Object Repository/DispensaryToStore/Page_Store/input_txttotal' is: '10'

2018-05-28 13:06:35 - [MESSAGE][PASSED] - Attribute 'value' of object 'Object Repository/DispensaryToStore/Page_Store/input_txttotal' is: '10'

2018-05-28 13:06:35 - [TEST_STEP][PASSED] - Statement - out.println("Requested QTY : " + RequestedQty): null

2018-05-28 13:06:35 - [TEST_STEP][PASSED] - Statement - BatchNumber = com.kms.katalon.core.webui.keyword.WebUiBuiltInKeywords.getNumberOfTotalOption(com.kms.katalon.core.testobject.ObjectRepository.findTestObject(DispensaryToStore/Page_Store/select_--Select--BA1170BA2376B)): 2 options of object 'Object Repository/DispensaryToStore/Page_Store/select_--Select--BA1170BA2376B' counted

2018-05-28 13:06:35 - [MESSAGE][PASSED] - 2 options of object 'Object Repository/DispensaryToStore/Page_Store/select_--Select--BA1170BA2376B' counted

2018-05-28 13:06:35 - [TEST_STEP][PASSED] - Statement - For ([g = 1, g <= BatchNumber - 1, (g++)]): null

2018-05-28 13:06:35 - [TEST_STEP][PASSED] - selectOptionByIndex: All options with index in [1] are selected on object 'Object Repository/DispensaryToStore/Page_Store/select_--Select--BA1170BA2376B'

2018-05-28 13:06:35 - [MESSAGE][PASSED] - All options with index in [1] are selected on object 'Object Repository/DispensaryToStore/Page_Store/select_--Select--BA1170BA2376B'

2018-05-28 13:06:35 - [TEST_STEP][PASSED] - Statement - Try: null

2018-05-28 13:06:35 - [TEST_STEP][PASSED] - Statement - StockQty = com.kms.katalon.core.webui.keyword.WebUiBuiltInKeywords.getAttribute(com.kms.katalon.core.testobject.ObjectRepository.findTestObject(DispensaryToStore/Page_Store/input_txtprice), "value"): Attribute 'value' of object 'Object Repository/DispensaryToStore/Page_Store/input_txtprice' is: '170'

2018-05-28 13:06:35 - [MESSAGE][PASSED] - Attribute 'value' of object 'Object Repository/DispensaryToStore/Page_Store/input_txtprice' is: '170'

2018-05-28 13:06:35 - [TEST_STEP][PASSED] - Statement - out.println("Stock QTY : " + StockQty): null

2018-05-28 13:06:35 - [TEST_STEP][PASSED] - delay: Delayed 2 second(s)

2018-05-28 13:06:37 - [MESSAGE][PASSED] - Delayed 2 second(s)

2018-05-28 13:06:37 - [TEST_STEP][PASSED] - Statement - If (java.lang.String.valueOf(StockQty) >= java.lang.String.valueOf(RequestedQty)): null

2018-05-28 13:06:37 - [TEST_STEP][PASSED] - setText: Text '10' is set on object 'Object Repository/DispensaryToStore/Page_Store/input_txtqty'

2018-05-28 13:06:37 - [MESSAGE][PASSED] - Text '10' is set on object 'Object Repository/DispensaryToStore/Page_Store/input_txtqty'

2018-05-28 13:06:37 - [TEST_STEP][PASSED] - click: Object: 'Object Repository/DispensaryToStore/Page_Store/button_Add' is clicked on

2018-05-28 13:06:37 - [MESSAGE][PASSED] - Object: 'Object Repository/DispensaryToStore/Page_Store/button_Add' is clicked on

2018-05-28 13:06:37 - [TEST_STEP][PASSED] - Statement - Break: null

2018-05-28 13:06:37 - [TEST_STEP][PASSED] - selectOptionByIndex: All options with index in [37] are selected on object 'Object Repository/DispensaryToStore/Page_Store/select_--Select--Adernaline 0.'

2018-05-28 13:06:37 - [MESSAGE][PASSED] - All options with index in [37] are selected on object 'Object Repository/DispensaryToStore/Page_Store/select_--Select--Adernaline 0.'

2018-05-28 13:06:37 - [TEST_STEP][PASSED] - delay: Delayed 2 second(s)

2018-05-28 13:06:39 - [MESSAGE][PASSED] - Delayed 2 second(s)

2018-05-28 13:06:39 - [TEST_STEP][PASSED] - Statement - RequestedQty = com.kms.katalon.core.webui.keyword.WebUiBuiltInKeywords.getAttribute(com.kms.katalon.core.testobject.ObjectRepository.findTestObject(DispensaryToStore/Page_Store/input_txttotal), "value"): Attribute 'value' of object 'Object Repository/DispensaryToStore/Page_Store/input_txttotal' is: '10'

2018-05-28 13:06:39 - [MESSAGE][PASSED] - Attribute 'value' of object 'Object Repository/DispensaryToStore/Page_Store/input_txttotal' is: '10'

2018-05-28 13:06:39 - [TEST_STEP][PASSED] - Statement - out.println("Requested QTY : " + RequestedQty): null

2018-05-28 13:06:39 - [TEST_STEP][PASSED] - Statement - BatchNumber = com.kms.katalon.core.webui.keyword.WebUiBuiltInKeywords.getNumberOfTotalOption(com.kms.katalon.core.testobject.ObjectRepository.findTestObject(DispensaryToStore/Page_Store/select_--Select--BA1170BA2376B)): 2 options of object 'Object Repository/DispensaryToStore/Page_Store/select_--Select--BA1170BA2376B' counted

2018-05-28 13:06:39 - [MESSAGE][PASSED] - 2 options of object 'Object Repository/DispensaryToStore/Page_Store/select_--Select--BA1170BA2376B' counted

2018-05-28 13:06:39 - [TEST_STEP][PASSED] - Statement - For ([g = 1, g <= BatchNumber - 1, (g++)]): null

2018-05-28 13:06:39 - [TEST_STEP][PASSED] - selectOptionByIndex: All options with index in [1] are selected on object 'Object Repository/DispensaryToStore/Page_Store/select_--Select--BA1170BA2376B'

2018-05-28 13:06:40 - [MESSAGE][PASSED] - All options with index in [1] are selected on object 'Object Repository/DispensaryToStore/Page_Store/select_--Select--BA1170BA2376B'

2018-05-28 13:06:40 - [TEST_STEP][PASSED] - Statement - Try: null

2018-05-28 13:06:40 - [TEST_STEP][PASSED] - Statement - StockQty = com.kms.katalon.core.webui.keyword.WebUiBuiltInKeywords.getAttribute(com.kms.katalon.core.testobject.ObjectRepository.findTestObject(DispensaryToStore/Page_Store/input_txtprice), "value"): Attribute 'value' of object 'Object Repository/DispensaryToStore/Page_Store/input_txtprice' is: '170'

2018-05-28 13:06:40 - [MESSAGE][PASSED] - Attribute 'value' of object 'Object Repository/DispensaryToStore/Page_Store/input_txtprice' is: '170'

2018-05-28 13:06:40 - [TEST_STEP][PASSED] - Statement - out.println("Stock QTY : " + StockQty): null

2018-05-28 13:06:40 - [TEST_STEP][PASSED] - delay: Delayed 2 second(s)

2018-05-28 13:06:42 - [MESSAGE][PASSED] - Delayed 2 second(s)

2018-05-28 13:06:42 - [TEST_STEP][PASSED] - Statement - If (java.lang.String.valueOf(StockQty) >= java.lang.String.valueOf(RequestedQty)): null

2018-05-28 13:06:42 - [TEST_STEP][PASSED] - setText: Text '10' is set on object 'Object Repository/DispensaryToStore/Page_Store/input_txtqty'

2018-05-28 13:06:42 - [MESSAGE][PASSED] - Text '10' is set on object 'Object Repository/DispensaryToStore/Page_Store/input_txtqty'

2018-05-28 13:06:42 - [TEST_STEP][PASSED] - click: Object: 'Object Repository/DispensaryToStore/Page_Store/button_Add' is clicked on

2018-05-28 13:06:42 - [MESSAGE][PASSED] - Object: 'Object Repository/DispensaryToStore/Page_Store/button_Add' is clicked on

2018-05-28 13:06:42 - [TEST_STEP][PASSED] - Statement - Break: null

2018-05-28 13:06:42 - [TEST_STEP][PASSED] - selectOptionByIndex: All options with index in [38] are selected on object 'Object Repository/DispensaryToStore/Page_Store/select_--Select--Adernaline 0.'

2018-05-28 13:06:42 - [MESSAGE][PASSED] - All options with index in [38] are selected on object 'Object Repository/DispensaryToStore/Page_Store/select_--Select--Adernaline 0.'

2018-05-28 13:06:42 - [TEST_STEP][PASSED] - delay: Delayed 2 second(s)

2018-05-28 13:06:44 - [MESSAGE][PASSED] - Delayed 2 second(s)

2018-05-28 13:06:44 - [TEST_STEP][PASSED] - Statement - RequestedQty = com.kms.katalon.core.webui.keyword.WebUiBuiltInKeywords.getAttribute(com.kms.katalon.core.testobject.ObjectRepository.findTestObject(DispensaryToStore/Page_Store/input_txttotal), "value"): Attribute 'value' of object 'Object Repository/DispensaryToStore/Page_Store/input_txttotal' is: '10'

2018-05-28 13:06:44 - [MESSAGE][PASSED] - Attribute 'value' of object 'Object Repository/DispensaryToStore/Page_Store/input_txttotal' is: '10'

2018-05-28 13:06:44 - [TEST_STEP][PASSED] - Statement - out.println("Requested QTY : " + RequestedQty): null

2018-05-28 13:06:44 - [TEST_STEP][PASSED] - Statement - BatchNumber = com.kms.katalon.core.webui.keyword.WebUiBuiltInKeywords.getNumberOfTotalOption(com.kms.katalon.core.testobject.ObjectRepository.findTestObject(DispensaryToStore/Page_Store/select_--Select--BA1170BA2376B)): 2 options of object 'Object Repository/DispensaryToStore/Page_Store/select_--Select--BA1170BA2376B' counted

2018-05-28 13:06:44 - [MESSAGE][PASSED] - 2 options of object 'Object Repository/DispensaryToStore/Page_Store/select_--Select--BA1170BA2376B' counted

2018-05-28 13:06:44 - [TEST_STEP][PASSED] - Statement - For ([g = 1, g <= BatchNumber - 1, (g++)]): null

2018-05-28 13:06:44 - [TEST_STEP][PASSED] - selectOptionByIndex: All options with index in [1] are selected on object 'Object Repository/DispensaryToStore/Page_Store/select_--Select--BA1170BA2376B'

2018-05-28 13:06:44 - [MESSAGE][PASSED] - All options with index in [1] are selected on object 'Object Repository/DispensaryToStore/Page_Store/select_--Select--BA1170BA2376B'

2018-05-28 13:06:44 - [TEST_STEP][PASSED] - Statement - Try: null

2018-05-28 13:06:44 - [TEST_STEP][PASSED] - Statement - StockQty = com.kms.katalon.core.webui.keyword.WebUiBuiltInKeywords.getAttribute(com.kms.katalon.core.testobject.ObjectRepository.findTestObject(DispensaryToStore/Page_Store/input_txtprice), "value"): Attribute 'value' of object 'Object Repository/DispensaryToStore/Page_Store/input_txtprice' is: '170'

2018-05-28 13:06:45 - [MESSAGE][PASSED] - Attribute 'value' of object 'Object Repository/DispensaryToStore/Page_Store/input_txtprice' is: '170'

2018-05-28 13:06:45 - [TEST_STEP][PASSED] - Statement - out.println("Stock QTY : " + StockQty): null

2018-05-28 13:06:45 - [TEST_STEP][PASSED] - delay: Delayed 2 second(s)

2018-05-28 13:06:47 - [MESSAGE][PASSED] - Delayed 2 second(s)

2018-05-28 13:06:47 - [TEST_STEP][PASSED] - Statement - If (java.lang.String.valueOf(StockQty) >= java.lang.String.valueOf(RequestedQty)): null

2018-05-28 13:06:47 - [TEST_STEP][PASSED] - setText: Text '10' is set on object 'Object Repository/DispensaryToStore/Page_Store/input_txtqty'

2018-05-28 13:06:47 - [MESSAGE][PASSED] - Text '10' is set on object 'Object Repository/DispensaryToStore/Page_Store/input_txtqty'

2018-05-28 13:06:47 - [TEST_STEP][PASSED] - click: Object: 'Object Repository/DispensaryToStore/Page_Store/button_Add' is clicked on

2018-05-28 13:06:47 - [MESSAGE][PASSED] - Object: 'Object Repository/DispensaryToStore/Page_Store/button_Add' is clicked on

2018-05-28 13:06:47 - [TEST_STEP][PASSED] - Statement - Break: null

2018-05-28 13:06:47 - [TEST_STEP][PASSED] - selectOptionByIndex: All options with index in [39] are selected on object 'Object Repository/DispensaryToStore/Page_Store/select_--Select--Adernaline 0.'

2018-05-28 13:06:47 - [MESSAGE][PASSED] - All options with index in [39] are selected on object 'Object Repository/DispensaryToStore/Page_Store/select_--Select--Adernaline 0.'

2018-05-28 13:06:47 - [TEST_STEP][PASSED] - delay: Delayed 2 second(s)

2018-05-28 13:06:49 - [MESSAGE][PASSED] - Delayed 2 second(s)

2018-05-28 13:06:49 - [TEST_STEP][PASSED] - Statement - RequestedQty = com.kms.katalon.core.webui.keyword.WebUiBuiltInKeywords.getAttribute(com.kms.katalon.core.testobject.ObjectRepository.findTestObject(DispensaryToStore/Page_Store/input_txttotal), "value"): Attribute 'value' of object 'Object Repository/DispensaryToStore/Page_Store/input_txttotal' is: '10'

2018-05-28 13:06:49 - [MESSAGE][PASSED] - Attribute 'value' of object 'Object Repository/DispensaryToStore/Page_Store/input_txttotal' is: '10'

2018-05-28 13:06:49 - [TEST_STEP][PASSED] - Statement - out.println("Requested QTY : " + RequestedQty): null

2018-05-28 13:06:49 - [TEST_STEP][PASSED] - Statement - BatchNumber = com.kms.katalon.core.webui.keyword.WebUiBuiltInKeywords.getNumberOfTotalOption(com.kms.katalon.core.testobject.ObjectRepository.findTestObject(DispensaryToStore/Page_Store/select_--Select--BA1170BA2376B)): 2 options of object 'Object Repository/DispensaryToStore/Page_Store/select_--Select--BA1170BA2376B' counted

2018-05-28 13:06:49 - [MESSAGE][PASSED] - 2 options of object 'Object Repository/DispensaryToStore/Page_Store/select_--Select--BA1170BA2376B' counted

2018-05-28 13:06:49 - [TEST_STEP][PASSED] - Statement - For ([g = 1, g <= BatchNumber - 1, (g++)]): null

2018-05-28 13:06:49 - [TEST_STEP][PASSED] - selectOptionByIndex: All options with index in [1] are selected on object 'Object Repository/DispensaryToStore/Page_Store/select_--Select--BA1170BA2376B'

2018-05-28 13:06:49 - [MESSAGE][PASSED] - All options with index in [1] are selected on object 'Object Repository/DispensaryToStore/Page_Store/select_--Select--BA1170BA2376B'

2018-05-28 13:06:49 - [TEST_STEP][PASSED] - Statement - Try: null

2018-05-28 13:06:49 - [TEST_STEP][PASSED] - Statement - StockQty = com.kms.katalon.core.webui.keyword.WebUiBuiltInKeywords.getAttribute(com.kms.katalon.core.testobject.ObjectRepository.findTestObject(DispensaryToStore/Page_Store/input_txtprice), "value"): Attribute 'value' of object 'Object Repository/DispensaryToStore/Page_Store/input_txtprice' is: '170'

2018-05-28 13:06:49 - [MESSAGE][PASSED] - Attribute 'value' of object 'Object Repository/DispensaryToStore/Page_Store/input_txtprice' is: '170'

2018-05-28 13:06:49 - [TEST_STEP][PASSED] - Statement - out.println("Stock QTY : " + StockQty): null

2018-05-28 13:06:49 - [TEST_STEP][PASSED] - delay: Delayed 2 second(s)

2018-05-28 13:06:51 - [MESSAGE][PASSED] - Delayed 2 second(s)

2018-05-28 13:06:51 - [TEST_STEP][PASSED] - Statement - If (java.lang.String.valueOf(StockQty) >= java.lang.String.valueOf(RequestedQty)): null

2018-05-28 13:06:51 - [TEST_STEP][PASSED] - setText: Text '10' is set on object 'Object Repository/DispensaryToStore/Page_Store/input_txtqty'

2018-05-28 13:06:51 - [MESSAGE][PASSED] - Text '10' is set on object 'Object Repository/DispensaryToStore/Page_Store/input_txtqty'

2018-05-28 13:06:51 - [TEST_STEP][PASSED] - click: Object: 'Object Repository/DispensaryToStore/Page_Store/button_Add' is clicked on

2018-05-28 13:06:52 - [MESSAGE][PASSED] - Object: 'Object Repository/DispensaryToStore/Page_Store/button_Add' is clicked on

2018-05-28 13:06:52 - [TEST_STEP][PASSED] - Statement - Break: null

2018-05-28 13:06:52 - [TEST_STEP][PASSED] - selectOptionByIndex: All options with index in [40] are selected on object 'Object Repository/DispensaryToStore/Page_Store/select_--Select--Adernaline 0.'

2018-05-28 13:06:52 - [MESSAGE][PASSED] - All options with index in [40] are selected on object 'Object Repository/DispensaryToStore/Page_Store/select_--Select--Adernaline 0.'

2018-05-28 13:06:52 - [TEST_STEP][PASSED] - delay: Delayed 2 second(s)

2018-05-28 13:06:54 - [MESSAGE][PASSED] - Delayed 2 second(s)

2018-05-28 13:06:54 - [TEST_STEP][PASSED] - Statement - RequestedQty = com.kms.katalon.core.webui.keyword.WebUiBuiltInKeywords.getAttribute(com.kms.katalon.core.testobject.ObjectRepository.findTestObject(DispensaryToStore/Page_Store/input_txttotal), "value"): Attribute 'value' of object 'Object Repository/DispensaryToStore/Page_Store/input_txttotal' is: '10'

2018-05-28 13:06:54 - [MESSAGE][PASSED] - Attribute 'value' of object 'Object Repository/DispensaryToStore/Page_Store/input_txttotal' is: '10'

2018-05-28 13:06:54 - [TEST_STEP][PASSED] - Statement - out.println("Requested QTY : " + RequestedQty): null

2018-05-28 13:06:54 - [TEST_STEP][PASSED] - Statement - BatchNumber = com.kms.katalon.core.webui.keyword.WebUiBuiltInKeywords.getNumberOfTotalOption(com.kms.katalon.core.testobject.ObjectRepository.findTestObject(DispensaryToStore/Page_Store/select_--Select--BA1170BA2376B)): 2 options of object 'Object Repository/DispensaryToStore/Page_Store/select_--Select--BA1170BA2376B' counted

2018-05-28 13:06:54 - [MESSAGE][PASSED] - 2 options of object 'Object Repository/DispensaryToStore/Page_Store/select_--Select--BA1170BA2376B' counted

2018-05-28 13:06:54 - [TEST_STEP][PASSED] - Statement - For ([g = 1, g <= BatchNumber - 1, (g++)]): null

2018-05-28 13:06:54 - [TEST_STEP][PASSED] - selectOptionByIndex: All options with index in [1] are selected on object 'Object Repository/DispensaryToStore/Page_Store/select_--Select--BA1170BA2376B'

2018-05-28 13:06:54 - [MESSAGE][PASSED] - All options with index in [1] are selected on object 'Object Repository/DispensaryToStore/Page_Store/select_--Select--BA1170BA2376B'

2018-05-28 13:06:54 - [TEST_STEP][PASSED] - Statement - Try: null

2018-05-28 13:06:54 - [TEST_STEP][PASSED] - Statement - StockQty = com.kms.katalon.core.webui.keyword.WebUiBuiltInKeywords.getAttribute(com.kms.katalon.core.testobject.ObjectRepository.findTestObject(DispensaryToStore/Page_Store/input_txtprice), "value"): Attribute 'value' of object 'Object Repository/DispensaryToStore/Page_Store/input_txtprice' is: '170'

2018-05-28 13:06:54 - [MESSAGE][PASSED] - Attribute 'value' of object 'Object Repository/DispensaryToStore/Page_Store/input_txtprice' is: '170'

2018-05-28 13:06:54 - [TEST_STEP][PASSED] - Statement - out.println("Stock QTY : " + StockQty): null

2018-05-28 13:06:54 - [TEST_STEP][PASSED] - delay: Delayed 2 second(s)

2018-05-28 13:06:56 - [MESSAGE][PASSED] - Delayed 2 second(s)

2018-05-28 13:06:56 - [TEST_STEP][PASSED] - Statement - If (java.lang.String.valueOf(StockQty) >= java.lang.String.valueOf(RequestedQty)): null

2018-05-28 13:06:56 - [TEST_STEP][PASSED] - setText: Text '10' is set on object 'Object Repository/DispensaryToStore/Page_Store/input_txtqty'

2018-05-28 13:06:56 - [MESSAGE][PASSED] - Text '10' is set on object 'Object Repository/DispensaryToStore/Page_Store/input_txtqty'

2018-05-28 13:06:56 - [TEST_STEP][PASSED] - click: Object: 'Object Repository/DispensaryToStore/Page_Store/button_Add' is clicked on

2018-05-28 13:06:56 - [MESSAGE][PASSED] - Object: 'Object Repository/DispensaryToStore/Page_Store/button_Add' is clicked on

2018-05-28 13:06:56 - [TEST_STEP][PASSED] - Statement - Break: null

2018-05-28 13:06:56 - [TEST_STEP][PASSED] - selectOptionByIndex: All options with index in [41] are selected on object 'Object Repository/DispensaryToStore/Page_Store/select_--Select--Adernaline 0.'

2018-05-28 13:06:57 - [MESSAGE][PASSED] - All options with index in [41] are selected on object 'Object Repository/DispensaryToStore/Page_Store/select_--Select--Adernaline 0.'

2018-05-28 13:06:57 - [TEST_STEP][PASSED] - delay: Delayed 2 second(s)

2018-05-28 13:06:59 - [MESSAGE][PASSED] - Delayed 2 second(s)

2018-05-28 13:06:59 - [TEST_STEP][PASSED] - Statement - RequestedQty = com.kms.katalon.core.webui.keyword.WebUiBuiltInKeywords.getAttribute(com.kms.katalon.core.testobject.ObjectRepository.findTestObject(DispensaryToStore/Page_Store/input_txttotal), "value"): Attribute 'value' of object 'Object Repository/DispensaryToStore/Page_Store/input_txttotal' is: '10'

2018-05-28 13:06:59 - [MESSAGE][PASSED] - Attribute 'value' of object 'Object Repository/DispensaryToStore/Page_Store/input_txttotal' is: '10'

2018-05-28 13:06:59 - [TEST_STEP][PASSED] - Statement - out.println("Requested QTY : " + RequestedQty): null

2018-05-28 13:06:59 - [TEST_STEP][PASSED] - Statement - BatchNumber = com.kms.katalon.core.webui.keyword.WebUiBuiltInKeywords.getNumberOfTotalOption(com.kms.katalon.core.testobject.ObjectRepository.findTestObject(DispensaryToStore/Page_Store/select_--Select--BA1170BA2376B)): 2 options of object 'Object Repository/DispensaryToStore/Page_Store/select_--Select--BA1170BA2376B' counted

2018-05-28 13:06:59 - [MESSAGE][PASSED] - 2 options of object 'Object Repository/DispensaryToStore/Page_Store/select_--Select--BA1170BA2376B' counted

2018-05-28 13:06:59 - [TEST_STEP][PASSED] - Statement - For ([g = 1, g <= BatchNumber - 1, (g++)]): null

2018-05-28 13:06:59 - [TEST_STEP][PASSED] - selectOptionByIndex: All options with index in [1] are selected on object 'Object Repository/DispensaryToStore/Page_Store/select_--Select--BA1170BA2376B'

2018-05-28 13:06:59 - [MESSAGE][PASSED] - All options with index in [1] are selected on object 'Object Repository/DispensaryToStore/Page_Store/select_--Select--BA1170BA2376B'

2018-05-28 13:06:59 - [TEST_STEP][PASSED] - Statement - Try: null

2018-05-28 13:06:59 - [TEST_STEP][PASSED] - Statement - StockQty = com.kms.katalon.core.webui.keyword.WebUiBuiltInKeywords.getAttribute(com.kms.katalon.core.testobject.ObjectRepository.findTestObject(DispensaryToStore/Page_Store/input_txtprice), "value"): Attribute 'value' of object 'Object Repository/DispensaryToStore/Page_Store/input_txtprice' is: '170'

2018-05-28 13:06:59 - [MESSAGE][PASSED] - Attribute 'value' of object 'Object Repository/DispensaryToStore/Page_Store/input_txtprice' is: '170'

2018-05-28 13:06:59 - [TEST_STEP][PASSED] - Statement - out.println("Stock QTY : " + StockQty): null

2018-05-28 13:06:59 - [TEST_STEP][PASSED] - delay: Delayed 2 second(s)

2018-05-28 13:07:01 - [MESSAGE][PASSED] - Delayed 2 second(s)

2018-05-28 13:07:01 - [TEST_STEP][PASSED] - Statement - If (java.lang.String.valueOf(StockQty) >= java.lang.String.valueOf(RequestedQty)): null

2018-05-28 13:07:01 - [TEST_STEP][PASSED] - setText: Text '10' is set on object 'Object Repository/DispensaryToStore/Page_Store/input_txtqty'

2018-05-28 13:07:01 - [MESSAGE][PASSED] - Text '10' is set on object 'Object Repository/DispensaryToStore/Page_Store/input_txtqty'

2018-05-28 13:07:01 - [TEST_STEP][PASSED] - click: Object: 'Object Repository/DispensaryToStore/Page_Store/button_Add' is clicked on

2018-05-28 13:07:01 - [MESSAGE][PASSED] - Object: 'Object Repository/DispensaryToStore/Page_Store/button_Add' is clicked on

2018-05-28 13:07:01 - [TEST_STEP][PASSED] - Statement - Break: null

2018-05-28 13:07:01 - [TEST_STEP][PASSED] - selectOptionByIndex: All options with index in [42] are selected on object 'Object Repository/DispensaryToStore/Page_Store/select_--Select--Adernaline 0.'

2018-05-28 13:07:02 - [MESSAGE][PASSED] - All options with index in [42] are selected on object 'Object Repository/DispensaryToStore/Page_Store/select_--Select--Adernaline 0.'

2018-05-28 13:07:02 - [TEST_STEP][PASSED] - delay: Delayed 2 second(s)

2018-05-28 13:07:04 - [MESSAGE][PASSED] - Delayed 2 second(s)

2018-05-28 13:07:04 - [TEST_STEP][PASSED] - Statement - RequestedQty = com.kms.katalon.core.webui.keyword.WebUiBuiltInKeywords.getAttribute(com.kms.katalon.core.testobject.ObjectRepository.findTestObject(DispensaryToStore/Page_Store/input_txttotal), "value"): Attribute 'value' of object 'Object Repository/DispensaryToStore/Page_Store/input_txttotal' is: '10'

2018-05-28 13:07:04 - [MESSAGE][PASSED] - Attribute 'value' of object 'Object Repository/DispensaryToStore/Page_Store/input_txttotal' is: '10'

2018-05-28 13:07:04 - [TEST_STEP][PASSED] - Statement - out.println("Requested QTY : " + RequestedQty): null

2018-05-28 13:07:04 - [TEST_STEP][PASSED] - Statement - BatchNumber = com.kms.katalon.core.webui.keyword.WebUiBuiltInKeywords.getNumberOfTotalOption(com.kms.katalon.core.testobject.ObjectRepository.findTestObject(DispensaryToStore/Page_Store/select_--Select--BA1170BA2376B)): 2 options of object 'Object Repository/DispensaryToStore/Page_Store/select_--Select--BA1170BA2376B' counted

2018-05-28 13:07:04 - [MESSAGE][PASSED] - 2 options of object 'Object Repository/DispensaryToStore/Page_Store/select_--Select--BA1170BA2376B' counted

2018-05-28 13:07:04 - [TEST_STEP][PASSED] - Statement - For ([g = 1, g <= BatchNumber - 1, (g++)]): null

2018-05-28 13:07:04 - [TEST_STEP][PASSED] - selectOptionByIndex: All options with index in [1] are selected on object 'Object Repository/DispensaryToStore/Page_Store/select_--Select--BA1170BA2376B'

2018-05-28 13:07:04 - [MESSAGE][PASSED] - All options with index in [1] are selected on object 'Object Repository/DispensaryToStore/Page_Store/select_--Select--BA1170BA2376B'

2018-05-28 13:07:04 - [TEST_STEP][PASSED] - Statement - Try: null

2018-05-28 13:07:04 - [TEST_STEP][PASSED] - Statement - StockQty = com.kms.katalon.core.webui.keyword.WebUiBuiltInKeywords.getAttribute(com.kms.katalon.core.testobject.ObjectRepository.findTestObject(DispensaryToStore/Page_Store/input_txtprice), "value"): Attribute 'value' of object 'Object Repository/DispensaryToStore/Page_Store/input_txtprice' is: '170'

2018-05-28 13:07:04 - [MESSAGE][PASSED] - Attribute 'value' of object 'Object Repository/DispensaryToStore/Page_Store/input_txtprice' is: '170'

2018-05-28 13:07:04 - [TEST_STEP][PASSED] - Statement - out.println("Stock QTY : " + StockQty): null

2018-05-28 13:07:04 - [TEST_STEP][PASSED] - delay: Delayed 2 second(s)

2018-05-28 13:07:06 - [MESSAGE][PASSED] - Delayed 2 second(s)

2018-05-28 13:07:06 - [TEST_STEP][PASSED] - Statement - If (java.lang.String.valueOf(StockQty) >= java.lang.String.valueOf(RequestedQty)): null

2018-05-28 13:07:06 - [TEST_STEP][PASSED] - setText: Text '10' is set on object 'Object Repository/DispensaryToStore/Page_Store/input_txtqty'

2018-05-28 13:07:06 - [MESSAGE][PASSED] - Text '10' is set on object 'Object Repository/DispensaryToStore/Page_Store/input_txtqty'

2018-05-28 13:07:06 - [TEST_STEP][PASSED] - click: Object: 'Object Repository/DispensaryToStore/Page_Store/button_Add' is clicked on

2018-05-28 13:07:06 - [MESSAGE][PASSED] - Object: 'Object Repository/DispensaryToStore/Page_Store/button_Add' is clicked on

2018-05-28 13:07:06 - [TEST_STEP][PASSED] - Statement - Break: null

2018-05-28 13:07:06 - [TEST_STEP][PASSED] - selectOptionByIndex: All options with index in [43] are selected on object 'Object Repository/DispensaryToStore/Page_Store/select_--Select--Adernaline 0.'

2018-05-28 13:07:07 - [MESSAGE][PASSED] - All options with index in [43] are selected on object 'Object Repository/DispensaryToStore/Page_Store/select_--Select--Adernaline 0.'

2018-05-28 13:07:07 - [TEST_STEP][PASSED] - delay: Delayed 2 second(s)

2018-05-28 13:07:09 - [MESSAGE][PASSED] - Delayed 2 second(s)

2018-05-28 13:07:09 - [TEST_STEP][PASSED] - Statement - RequestedQty = com.kms.katalon.core.webui.keyword.WebUiBuiltInKeywords.getAttribute(com.kms.katalon.core.testobject.ObjectRepository.findTestObject(DispensaryToStore/Page_Store/input_txttotal), "value"): Attribute 'value' of object 'Object Repository/DispensaryToStore/Page_Store/input_txttotal' is: '10'

2018-05-28 13:07:09 - [MESSAGE][PASSED] - Attribute 'value' of object 'Object Repository/DispensaryToStore/Page_Store/input_txttotal' is: '10'

2018-05-28 13:07:09 - [TEST_STEP][PASSED] - Statement - out.println("Requested QTY : " + RequestedQty): null

2018-05-28 13:07:09 - [TEST_STEP][PASSED] - Statement - BatchNumber = com.kms.katalon.core.webui.keyword.WebUiBuiltInKeywords.getNumberOfTotalOption(com.kms.katalon.core.testobject.ObjectRepository.findTestObject(DispensaryToStore/Page_Store/select_--Select--BA1170BA2376B)): 2 options of object 'Object Repository/DispensaryToStore/Page_Store/select_--Select--BA1170BA2376B' counted

2018-05-28 13:07:09 - [MESSAGE][PASSED] - 2 options of object 'Object Repository/DispensaryToStore/Page_Store/select_--Select--BA1170BA2376B' counted

2018-05-28 13:07:09 - [TEST_STEP][PASSED] - Statement - For ([g = 1, g <= BatchNumber - 1, (g++)]): null

2018-05-28 13:07:09 - [TEST_STEP][PASSED] - selectOptionByIndex: All options with index in [1] are selected on object 'Object Repository/DispensaryToStore/Page_Store/select_--Select--BA1170BA2376B'

2018-05-28 13:07:09 - [MESSAGE][PASSED] - All options with index in [1] are selected on object 'Object Repository/DispensaryToStore/Page_Store/select_--Select--BA1170BA2376B'

2018-05-28 13:07:09 - [TEST_STEP][PASSED] - Statement - Try: null

2018-05-28 13:07:09 - [TEST_STEP][PASSED] - Statement - StockQty = com.kms.katalon.core.webui.keyword.WebUiBuiltInKeywords.getAttribute(com.kms.katalon.core.testobject.ObjectRepository.findTestObject(DispensaryToStore/Page_Store/input_txtprice), "value"): Attribute 'value' of object 'Object Repository/DispensaryToStore/Page_Store/input_txtprice' is: '170'

2018-05-28 13:07:09 - [MESSAGE][PASSED] - Attribute 'value' of object 'Object Repository/DispensaryToStore/Page_Store/input_txtprice' is: '170'

2018-05-28 13:07:09 - [TEST_STEP][PASSED] - Statement - out.println("Stock QTY : " + StockQty): null

2018-05-28 13:07:09 - [TEST_STEP][PASSED] - delay: Delayed 2 second(s)

2018-05-28 13:07:11 - [MESSAGE][PASSED] - Delayed 2 second(s)

2018-05-28 13:07:11 - [TEST_STEP][PASSED] - Statement - If (java.lang.String.valueOf(StockQty) >= java.lang.String.valueOf(RequestedQty)): null

2018-05-28 13:07:11 - [TEST_STEP][PASSED] - setText: Text '10' is set on object 'Object Repository/DispensaryToStore/Page_Store/input_txtqty'

2018-05-28 13:07:11 - [MESSAGE][PASSED] - Text '10' is set on object 'Object Repository/DispensaryToStore/Page_Store/input_txtqty'

2018-05-28 13:07:11 - [TEST_STEP][PASSED] - click: Object: 'Object Repository/DispensaryToStore/Page_Store/button_Add' is clicked on

2018-05-28 13:07:11 - [MESSAGE][PASSED] - Object: 'Object Repository/DispensaryToStore/Page_Store/button_Add' is clicked on

2018-05-28 13:07:11 - [TEST_STEP][PASSED] - Statement - Break: null

2018-05-28 13:07:11 - [TEST_STEP][PASSED] - selectOptionByIndex: All options with index in [44] are selected on object 'Object Repository/DispensaryToStore/Page_Store/select_--Select--Adernaline 0.'

2018-05-28 13:07:12 - [MESSAGE][PASSED] - All options with index in [44] are selected on object 'Object Repository/DispensaryToStore/Page_Store/select_--Select--Adernaline 0.'

2018-05-28 13:07:12 - [TEST_STEP][PASSED] - delay: Delayed 2 second(s)

2018-05-28 13:07:14 - [MESSAGE][PASSED] - Delayed 2 second(s)

2018-05-28 13:07:14 - [TEST_STEP][PASSED] - Statement - RequestedQty = com.kms.katalon.core.webui.keyword.WebUiBuiltInKeywords.getAttribute(com.kms.katalon.core.testobject.ObjectRepository.findTestObject(DispensaryToStore/Page_Store/input_txttotal), "value"): Attribute 'value' of object 'Object Repository/DispensaryToStore/Page_Store/input_txttotal' is: '10'

2018-05-28 13:07:14 - [MESSAGE][PASSED] - Attribute 'value' of object 'Object Repository/DispensaryToStore/Page_Store/input_txttotal' is: '10'

2018-05-28 13:07:14 - [TEST_STEP][PASSED] - Statement - out.println("Requested QTY : " + RequestedQty): null

2018-05-28 13:07:14 - [TEST_STEP][PASSED] - Statement - BatchNumber = com.kms.katalon.core.webui.keyword.WebUiBuiltInKeywords.getNumberOfTotalOption(com.kms.katalon.core.testobject.ObjectRepository.findTestObject(DispensaryToStore/Page_Store/select_--Select--BA1170BA2376B)): 2 options of object 'Object Repository/DispensaryToStore/Page_Store/select_--Select--BA1170BA2376B' counted

2018-05-28 13:07:14 - [MESSAGE][PASSED] - 2 options of object 'Object Repository/DispensaryToStore/Page_Store/select_--Select--BA1170BA2376B' counted

2018-05-28 13:07:14 - [TEST_STEP][PASSED] - Statement - For ([g = 1, g <= BatchNumber - 1, (g++)]): null

2018-05-28 13:07:14 - [TEST_STEP][PASSED] - selectOptionByIndex: All options with index in [1] are selected on object 'Object Repository/DispensaryToStore/Page_Store/select_--Select--BA1170BA2376B'

2018-05-28 13:07:14 - [MESSAGE][PASSED] - All options with index in [1] are selected on object 'Object Repository/DispensaryToStore/Page_Store/select_--Select--BA1170BA2376B'

2018-05-28 13:07:14 - [TEST_STEP][PASSED] - Statement - Try: null

2018-05-28 13:07:14 - [TEST_STEP][PASSED] - Statement - StockQty = com.kms.katalon.core.webui.keyword.WebUiBuiltInKeywords.getAttribute(com.kms.katalon.core.testobject.ObjectRepository.findTestObject(DispensaryToStore/Page_Store/input_txtprice), "value"): Attribute 'value' of object 'Object Repository/DispensaryToStore/Page_Store/input_txtprice' is: '170'

2018-05-28 13:07:14 - [MESSAGE][PASSED] - Attribute 'value' of object 'Object Repository/DispensaryToStore/Page_Store/input_txtprice' is: '170'

2018-05-28 13:07:14 - [TEST_STEP][PASSED] - Statement - out.println("Stock QTY : " + StockQty): null

2018-05-28 13:07:14 - [TEST_STEP][PASSED] - delay: Delayed 2 second(s)

2018-05-28 13:07:16 - [MESSAGE][PASSED] - Delayed 2 second(s)

2018-05-28 13:07:16 - [TEST_STEP][PASSED] - Statement - If (java.lang.String.valueOf(StockQty) >= java.lang.String.valueOf(RequestedQty)): null

2018-05-28 13:07:16 - [TEST_STEP][PASSED] - setText: Text '10' is set on object 'Object Repository/DispensaryToStore/Page_Store/input_txtqty'

2018-05-28 13:07:16 - [MESSAGE][PASSED] - Text '10' is set on object 'Object Repository/DispensaryToStore/Page_Store/input_txtqty'

2018-05-28 13:07:16 - [TEST_STEP][PASSED] - click: Object: 'Object Repository/DispensaryToStore/Page_Store/button_Add' is clicked on

2018-05-28 13:07:16 - [MESSAGE][PASSED] - Object: 'Object Repository/DispensaryToStore/Page_Store/button_Add' is clicked on

2018-05-28 13:07:16 - [TEST_STEP][PASSED] - Statement - Break: null

2018-05-28 13:07:16 - [TEST_STEP][PASSED] - selectOptionByIndex: All options with index in [45] are selected on object 'Object Repository/DispensaryToStore/Page_Store/select_--Select--Adernaline 0.'

2018-05-28 13:07:17 - [MESSAGE][PASSED] - All options with index in [45] are selected on object 'Object Repository/DispensaryToStore/Page_Store/select_--Select--Adernaline 0.'

2018-05-28 13:07:17 - [TEST_STEP][PASSED] - delay: Delayed 2 second(s)

2018-05-28 13:07:19 - [MESSAGE][PASSED] - Delayed 2 second(s)

2018-05-28 13:07:19 - [TEST_STEP][PASSED] - Statement - RequestedQty = com.kms.katalon.core.webui.keyword.WebUiBuiltInKeywords.getAttribute(com.kms.katalon.core.testobject.ObjectRepository.findTestObject(DispensaryToStore/Page_Store/input_txttotal), "value"): Attribute 'value' of object 'Object Repository/DispensaryToStore/Page_Store/input_txttotal' is: '10'

2018-05-28 13:07:19 - [MESSAGE][PASSED] - Attribute 'value' of object 'Object Repository/DispensaryToStore/Page_Store/input_txttotal' is: '10'

2018-05-28 13:07:19 - [TEST_STEP][PASSED] - Statement - out.println("Requested QTY : " + RequestedQty): null

2018-05-28 13:07:19 - [TEST_STEP][PASSED] - Statement - BatchNumber = com.kms.katalon.core.webui.keyword.WebUiBuiltInKeywords.getNumberOfTotalOption(com.kms.katalon.core.testobject.ObjectRepository.findTestObject(DispensaryToStore/Page_Store/select_--Select--BA1170BA2376B)): 2 options of object 'Object Repository/DispensaryToStore/Page_Store/select_--Select--BA1170BA2376B' counted

2018-05-28 13:07:19 - [MESSAGE][PASSED] - 2 options of object 'Object Repository/DispensaryToStore/Page_Store/select_--Select--BA1170BA2376B' counted

2018-05-28 13:07:19 - [TEST_STEP][PASSED] - Statement - For ([g = 1, g <= BatchNumber - 1, (g++)]): null

2018-05-28 13:07:19 - [TEST_STEP][PASSED] - selectOptionByIndex: All options with index in [1] are selected on object 'Object Repository/DispensaryToStore/Page_Store/select_--Select--BA1170BA2376B'

2018-05-28 13:07:19 - [MESSAGE][PASSED] - All options with index in [1] are selected on object 'Object Repository/DispensaryToStore/Page_Store/select_--Select--BA1170BA2376B'

2018-05-28 13:07:19 - [TEST_STEP][PASSED] - Statement - Try: null

2018-05-28 13:07:19 - [TEST_STEP][PASSED] - Statement - StockQty = com.kms.katalon.core.webui.keyword.WebUiBuiltInKeywords.getAttribute(com.kms.katalon.core.testobject.ObjectRepository.findTestObject(DispensaryToStore/Page_Store/input_txtprice), "value"): Attribute 'value' of object 'Object Repository/DispensaryToStore/Page_Store/input_txtprice' is: '170'

2018-05-28 13:07:19 - [MESSAGE][PASSED] - Attribute 'value' of object 'Object Repository/DispensaryToStore/Page_Store/input_txtprice' is: '170'

2018-05-28 13:07:19 - [TEST_STEP][PASSED] - Statement - out.println("Stock QTY : " + StockQty): null

2018-05-28 13:07:19 - [TEST_STEP][PASSED] - delay: Delayed 2 second(s)

2018-05-28 13:07:21 - [MESSAGE][PASSED] - Delayed 2 second(s)

2018-05-28 13:07:21 - [TEST_STEP][PASSED] - Statement - If (java.lang.String.valueOf(StockQty) >= java.lang.String.valueOf(RequestedQty)): null

2018-05-28 13:07:21 - [TEST_STEP][PASSED] - setText: Text '10' is set on object 'Object Repository/DispensaryToStore/Page_Store/input_txtqty'

2018-05-28 13:07:21 - [MESSAGE][PASSED] - Text '10' is set on object 'Object Repository/DispensaryToStore/Page_Store/input_txtqty'

2018-05-28 13:07:21 - [TEST_STEP][PASSED] - click: Object: 'Object Repository/DispensaryToStore/Page_Store/button_Add' is clicked on

2018-05-28 13:07:21 - [MESSAGE][PASSED] - Object: 'Object Repository/DispensaryToStore/Page_Store/button_Add' is clicked on

2018-05-28 13:07:21 - [TEST_STEP][PASSED] - Statement - Break: null

2018-05-28 13:07:21 - [TEST_STEP][PASSED] - selectOptionByIndex: All options with index in [46] are selected on object 'Object Repository/DispensaryToStore/Page_Store/select_--Select--Adernaline 0.'

2018-05-28 13:07:22 - [MESSAGE][PASSED] - All options with index in [46] are selected on object 'Object Repository/DispensaryToStore/Page_Store/select_--Select--Adernaline 0.'

2018-05-28 13:07:22 - [TEST_STEP][PASSED] - delay: Delayed 2 second(s)

2018-05-28 13:07:24 - [MESSAGE][PASSED] - Delayed 2 second(s)

2018-05-28 13:07:24 - [TEST_STEP][PASSED] - Statement - RequestedQty = com.kms.katalon.core.webui.keyword.WebUiBuiltInKeywords.getAttribute(com.kms.katalon.core.testobject.ObjectRepository.findTestObject(DispensaryToStore/Page_Store/input_txttotal), "value"): Attribute 'value' of object 'Object Repository/DispensaryToStore/Page_Store/input_txttotal' is: '10'

2018-05-28 13:07:24 - [MESSAGE][PASSED] - Attribute 'value' of object 'Object Repository/DispensaryToStore/Page_Store/input_txttotal' is: '10'

2018-05-28 13:07:24 - [TEST_STEP][PASSED] - Statement - out.println("Requested QTY : " + RequestedQty): null

2018-05-28 13:07:24 - [TEST_STEP][PASSED] - Statement - BatchNumber = com.kms.katalon.core.webui.keyword.WebUiBuiltInKeywords.getNumberOfTotalOption(com.kms.katalon.core.testobject.ObjectRepository.findTestObject(DispensaryToStore/Page_Store/select_--Select--BA1170BA2376B)): 2 options of object 'Object Repository/DispensaryToStore/Page_Store/select_--Select--BA1170BA2376B' counted

2018-05-28 13:07:24 - [MESSAGE][PASSED] - 2 options of object 'Object Repository/DispensaryToStore/Page_Store/select_--Select--BA1170BA2376B' counted

2018-05-28 13:07:24 - [TEST_STEP][PASSED] - Statement - For ([g = 1, g <= BatchNumber - 1, (g++)]): null

2018-05-28 13:07:24 - [TEST_STEP][PASSED] - selectOptionByIndex: All options with index in [1] are selected on object 'Object Repository/DispensaryToStore/Page_Store/select_--Select--BA1170BA2376B'

2018-05-28 13:07:24 - [MESSAGE][PASSED] - All options with index in [1] are selected on object 'Object Repository/DispensaryToStore/Page_Store/select_--Select--BA1170BA2376B'

2018-05-28 13:07:24 - [TEST_STEP][PASSED] - Statement - Try: null

2018-05-28 13:07:24 - [TEST_STEP][PASSED] - Statement - StockQty = com.kms.katalon.core.webui.keyword.WebUiBuiltInKeywords.getAttribute(com.kms.katalon.core.testobject.ObjectRepository.findTestObject(DispensaryToStore/Page_Store/input_txtprice), "value"): Attribute 'value' of object 'Object Repository/DispensaryToStore/Page_Store/input_txtprice' is: '170'

2018-05-28 13:07:24 - [MESSAGE][PASSED] - Attribute 'value' of object 'Object Repository/DispensaryToStore/Page_Store/input_txtprice' is: '170'

2018-05-28 13:07:24 - [TEST_STEP][PASSED] - Statement - out.println("Stock QTY : " + StockQty): null

2018-05-28 13:07:24 - [TEST_STEP][PASSED] - delay: Delayed 2 second(s)

2018-05-28 13:07:26 - [MESSAGE][PASSED] - Delayed 2 second(s)

2018-05-28 13:07:26 - [TEST_STEP][PASSED] - Statement - If (java.lang.String.valueOf(StockQty) >= java.lang.String.valueOf(RequestedQty)): null

2018-05-28 13:07:26 - [TEST_STEP][PASSED] - setText: Text '10' is set on object 'Object Repository/DispensaryToStore/Page_Store/input_txtqty'

2018-05-28 13:07:26 - [MESSAGE][PASSED] - Text '10' is set on object 'Object Repository/DispensaryToStore/Page_Store/input_txtqty'

2018-05-28 13:07:26 - [TEST_STEP][PASSED] - click: Object: 'Object Repository/DispensaryToStore/Page_Store/button_Add' is clicked on

2018-05-28 13:07:26 - [MESSAGE][PASSED] - Object: 'Object Repository/DispensaryToStore/Page_Store/button_Add' is clicked on

2018-05-28 13:07:26 - [TEST_STEP][PASSED] - Statement - Break: null

2018-05-28 13:07:26 - [TEST_STEP][PASSED] - selectOptionByIndex: All options with index in [47] are selected on object 'Object Repository/DispensaryToStore/Page_Store/select_--Select--Adernaline 0.'

2018-05-28 13:07:27 - [MESSAGE][PASSED] - All options with index in [47] are selected on object 'Object Repository/DispensaryToStore/Page_Store/select_--Select--Adernaline 0.'

2018-05-28 13:07:27 - [TEST_STEP][PASSED] - delay: Delayed 2 second(s)

2018-05-28 13:07:29 - [MESSAGE][PASSED] - Delayed 2 second(s)

2018-05-28 13:07:29 - [TEST_STEP][PASSED] - Statement - RequestedQty = com.kms.katalon.core.webui.keyword.WebUiBuiltInKeywords.getAttribute(com.kms.katalon.core.testobject.ObjectRepository.findTestObject(DispensaryToStore/Page_Store/input_txttotal), "value"): Attribute 'value' of object 'Object Repository/DispensaryToStore/Page_Store/input_txttotal' is: '10'

2018-05-28 13:07:29 - [MESSAGE][PASSED] - Attribute 'value' of object 'Object Repository/DispensaryToStore/Page_Store/input_txttotal' is: '10'

2018-05-28 13:07:29 - [TEST_STEP][PASSED] - Statement - out.println("Requested QTY : " + RequestedQty): null

2018-05-28 13:07:29 - [TEST_STEP][PASSED] - Statement - BatchNumber = com.kms.katalon.core.webui.keyword.WebUiBuiltInKeywords.getNumberOfTotalOption(com.kms.katalon.core.testobject.ObjectRepository.findTestObject(DispensaryToStore/Page_Store/select_--Select--BA1170BA2376B)): 2 options of object 'Object Repository/DispensaryToStore/Page_Store/select_--Select--BA1170BA2376B' counted

2018-05-28 13:07:29 - [MESSAGE][PASSED] - 2 options of object 'Object Repository/DispensaryToStore/Page_Store/select_--Select--BA1170BA2376B' counted

2018-05-28 13:07:29 - [TEST_STEP][PASSED] - Statement - For ([g = 1, g <= BatchNumber - 1, (g++)]): null

2018-05-28 13:07:29 - [TEST_STEP][PASSED] - selectOptionByIndex: All options with index in [1] are selected on object 'Object Repository/DispensaryToStore/Page_Store/select_--Select--BA1170BA2376B'

2018-05-28 13:07:29 - [MESSAGE][PASSED] - All options with index in [1] are selected on object 'Object Repository/DispensaryToStore/Page_Store/select_--Select--BA1170BA2376B'

2018-05-28 13:07:29 - [TEST_STEP][PASSED] - Statement - Try: null

2018-05-28 13:07:29 - [TEST_STEP][PASSED] - Statement - StockQty = com.kms.katalon.core.webui.keyword.WebUiBuiltInKeywords.getAttribute(com.kms.katalon.core.testobject.ObjectRepository.findTestObject(DispensaryToStore/Page_Store/input_txtprice), "value"): Attribute 'value' of object 'Object Repository/DispensaryToStore/Page_Store/input_txtprice' is: '370'

2018-05-28 13:07:29 - [MESSAGE][PASSED] - Attribute 'value' of object 'Object Repository/DispensaryToStore/Page_Store/input_txtprice' is: '370'

2018-05-28 13:07:29 - [TEST_STEP][PASSED] - Statement - out.println("Stock QTY : " + StockQty): null

2018-05-28 13:07:29 - [TEST_STEP][PASSED] - delay: Delayed 2 second(s)

2018-05-28 13:07:31 - [MESSAGE][PASSED] - Delayed 2 second(s)

2018-05-28 13:07:31 - [TEST_STEP][PASSED] - Statement - If (java.lang.String.valueOf(StockQty) >= java.lang.String.valueOf(RequestedQty)): null

2018-05-28 13:07:31 - [TEST_STEP][PASSED] - setText: Text '10' is set on object 'Object Repository/DispensaryToStore/Page_Store/input_txtqty'

2018-05-28 13:07:31 - [MESSAGE][PASSED] - Text '10' is set on object 'Object Repository/DispensaryToStore/Page_Store/input_txtqty'

2018-05-28 13:07:31 - [TEST_STEP][PASSED] - click: Object: 'Object Repository/DispensaryToStore/Page_Store/button_Add' is clicked on

2018-05-28 13:07:31 - [MESSAGE][PASSED] - Object: 'Object Repository/DispensaryToStore/Page_Store/button_Add' is clicked on

2018-05-28 13:07:31 - [TEST_STEP][PASSED] - Statement - Break: null

2018-05-28 13:07:31 - [TEST_STEP][PASSED] - selectOptionByIndex: All options with index in [48] are selected on object 'Object Repository/DispensaryToStore/Page_Store/select_--Select--Adernaline 0.'

2018-05-28 13:07:32 - [MESSAGE][PASSED] - All options with index in [48] are selected on object 'Object Repository/DispensaryToStore/Page_Store/select_--Select--Adernaline 0.'

2018-05-28 13:07:32 - [TEST_STEP][PASSED] - delay: Delayed 2 second(s)

2018-05-28 13:07:34 - [MESSAGE][PASSED] - Delayed 2 second(s)

2018-05-28 13:07:34 - [TEST_STEP][PASSED] - Statement - RequestedQty = com.kms.katalon.core.webui.keyword.WebUiBuiltInKeywords.getAttribute(com.kms.katalon.core.testobject.ObjectRepository.findTestObject(DispensaryToStore/Page_Store/input_txttotal), "value"): Attribute 'value' of object 'Object Repository/DispensaryToStore/Page_Store/input_txttotal' is: '10'

2018-05-28 13:07:34 - [MESSAGE][PASSED] - Attribute 'value' of object 'Object Repository/DispensaryToStore/Page_Store/input_txttotal' is: '10'

2018-05-28 13:07:34 - [TEST_STEP][PASSED] - Statement - out.println("Requested QTY : " + RequestedQty): null

2018-05-28 13:07:34 - [TEST_STEP][PASSED] - Statement - BatchNumber = com.kms.katalon.core.webui.keyword.WebUiBuiltInKeywords.getNumberOfTotalOption(com.kms.katalon.core.testobject.ObjectRepository.findTestObject(DispensaryToStore/Page_Store/select_--Select--BA1170BA2376B)): 2 options of object 'Object Repository/DispensaryToStore/Page_Store/select_--Select--BA1170BA2376B' counted

2018-05-28 13:07:34 - [MESSAGE][PASSED] - 2 options of object 'Object Repository/DispensaryToStore/Page_Store/select_--Select--BA1170BA2376B' counted

2018-05-28 13:07:34 - [TEST_STEP][PASSED] - Statement - For ([g = 1, g <= BatchNumber - 1, (g++)]): null

2018-05-28 13:07:34 - [TEST_STEP][PASSED] - selectOptionByIndex: All options with index in [1] are selected on object 'Object Repository/DispensaryToStore/Page_Store/select_--Select--BA1170BA2376B'

2018-05-28 13:07:34 - [MESSAGE][PASSED] - All options with index in [1] are selected on object 'Object Repository/DispensaryToStore/Page_Store/select_--Select--BA1170BA2376B'

2018-05-28 13:07:34 - [TEST_STEP][PASSED] - Statement - Try: null

2018-05-28 13:07:34 - [TEST_STEP][PASSED] - Statement - StockQty = com.kms.katalon.core.webui.keyword.WebUiBuiltInKeywords.getAttribute(com.kms.katalon.core.testobject.ObjectRepository.findTestObject(DispensaryToStore/Page_Store/input_txtprice), "value"): Attribute 'value' of object 'Object Repository/DispensaryToStore/Page_Store/input_txtprice' is: '400'

2018-05-28 13:07:34 - [MESSAGE][PASSED] - Attribute 'value' of object 'Object Repository/DispensaryToStore/Page_Store/input_txtprice' is: '400'

2018-05-28 13:07:34 - [TEST_STEP][PASSED] - Statement - out.println("Stock QTY : " + StockQty): null

2018-05-28 13:07:34 - [TEST_STEP][PASSED] - delay: Delayed 2 second(s)

2018-05-28 13:07:36 - [MESSAGE][PASSED] - Delayed 2 second(s)

2018-05-28 13:07:36 - [TEST_STEP][PASSED] - Statement - If (java.lang.String.valueOf(StockQty) >= java.lang.String.valueOf(RequestedQty)): null

2018-05-28 13:07:36 - [TEST_STEP][PASSED] - setText: Text '10' is set on object 'Object Repository/DispensaryToStore/Page_Store/input_txtqty'

2018-05-28 13:07:36 - [MESSAGE][PASSED] - Text '10' is set on object 'Object Repository/DispensaryToStore/Page_Store/input_txtqty'

2018-05-28 13:07:36 - [TEST_STEP][PASSED] - click: Object: 'Object Repository/DispensaryToStore/Page_Store/button_Add' is clicked on

2018-05-28 13:07:36 - [MESSAGE][PASSED] - Object: 'Object Repository/DispensaryToStore/Page_Store/button_Add' is clicked on

2018-05-28 13:07:36 - [TEST_STEP][PASSED] - Statement - Break: null

2018-05-28 13:07:36 - [TEST_STEP][PASSED] - selectOptionByIndex: All options with index in [49] are selected on object 'Object Repository/DispensaryToStore/Page_Store/select_--Select--Adernaline 0.'

2018-05-28 13:07:37 - [MESSAGE][PASSED] - All options with index in [49] are selected on object 'Object Repository/DispensaryToStore/Page_Store/select_--Select--Adernaline 0.'

2018-05-28 13:07:37 - [TEST_STEP][PASSED] - delay: Delayed 2 second(s)

2018-05-28 13:07:39 - [MESSAGE][PASSED] - Delayed 2 second(s)

2018-05-28 13:07:39 - [TEST_STEP][PASSED] - Statement - RequestedQty = com.kms.katalon.core.webui.keyword.WebUiBuiltInKeywords.getAttribute(com.kms.katalon.core.testobject.ObjectRepository.findTestObject(DispensaryToStore/Page_Store/input_txttotal), "value"): Attribute 'value' of object 'Object Repository/DispensaryToStore/Page_Store/input_txttotal' is: '10'

2018-05-28 13:07:39 - [MESSAGE][PASSED] - Attribute 'value' of object 'Object Repository/DispensaryToStore/Page_Store/input_txttotal' is: '10'

2018-05-28 13:07:39 - [TEST_STEP][PASSED] - Statement - out.println("Requested QTY : " + RequestedQty): null

2018-05-28 13:07:39 - [TEST_STEP][PASSED] - Statement - BatchNumber = com.kms.katalon.core.webui.keyword.WebUiBuiltInKeywords.getNumberOfTotalOption(com.kms.katalon.core.testobject.ObjectRepository.findTestObject(DispensaryToStore/Page_Store/select_--Select--BA1170BA2376B)): 2 options of object 'Object Repository/DispensaryToStore/Page_Store/select_--Select--BA1170BA2376B' counted

2018-05-28 13:07:39 - [MESSAGE][PASSED] - 2 options of object 'Object Repository/DispensaryToStore/Page_Store/select_--Select--BA1170BA2376B' counted

2018-05-28 13:07:39 - [TEST_STEP][PASSED] - Statement - For ([g = 1, g <= BatchNumber - 1, (g++)]): null

2018-05-28 13:07:39 - [TEST_STEP][PASSED] - selectOptionByIndex: All options with index in [1] are selected on object 'Object Repository/DispensaryToStore/Page_Store/select_--Select--BA1170BA2376B'

2018-05-28 13:07:39 - [MESSAGE][PASSED] - All options with index in [1] are selected on object 'Object Repository/DispensaryToStore/Page_Store/select_--Select--BA1170BA2376B'

2018-05-28 13:07:39 - [TEST_STEP][PASSED] - Statement - Try: null

2018-05-28 13:07:39 - [TEST_STEP][PASSED] - Statement - StockQty = com.kms.katalon.core.webui.keyword.WebUiBuiltInKeywords.getAttribute(com.kms.katalon.core.testobject.ObjectRepository.findTestObject(DispensaryToStore/Page_Store/input_txtprice), "value"): Attribute 'value' of object 'Object Repository/DispensaryToStore/Page_Store/input_txtprice' is: '200'

2018-05-28 13:07:39 - [MESSAGE][PASSED] - Attribute 'value' of object 'Object Repository/DispensaryToStore/Page_Store/input_txtprice' is: '200'

2018-05-28 13:07:39 - [TEST_STEP][PASSED] - Statement - out.println("Stock QTY : " + StockQty): null

2018-05-28 13:07:39 - [TEST_STEP][PASSED] - delay: Delayed 2 second(s)

2018-05-28 13:07:41 - [MESSAGE][PASSED] - Delayed 2 second(s)

2018-05-28 13:07:41 - [TEST_STEP][PASSED] - Statement - If (java.lang.String.valueOf(StockQty) >= java.lang.String.valueOf(RequestedQty)): null

2018-05-28 13:07:41 - [TEST_STEP][PASSED] - setText: Text '10' is set on object 'Object Repository/DispensaryToStore/Page_Store/input_txtqty'

2018-05-28 13:07:41 - [MESSAGE][PASSED] - Text '10' is set on object 'Object Repository/DispensaryToStore/Page_Store/input_txtqty'

2018-05-28 13:07:41 - [TEST_STEP][PASSED] - click: Object: 'Object Repository/DispensaryToStore/Page_Store/button_Add' is clicked on

2018-05-28 13:07:41 - [MESSAGE][PASSED] - Object: 'Object Repository/DispensaryToStore/Page_Store/button_Add' is clicked on

2018-05-28 13:07:41 - [TEST_STEP][PASSED] - Statement - Break: null

2018-05-28 13:07:41 - [TEST_STEP][PASSED] - selectOptionByIndex: All options with index in [50] are selected on object 'Object Repository/DispensaryToStore/Page_Store/select_--Select--Adernaline 0.'

2018-05-28 13:07:42 - [MESSAGE][PASSED] - All options with index in [50] are selected on object 'Object Repository/DispensaryToStore/Page_Store/select_--Select--Adernaline 0.'

2018-05-28 13:07:42 - [TEST_STEP][PASSED] - delay: Delayed 2 second(s)

2018-05-28 13:07:44 - [MESSAGE][PASSED] - Delayed 2 second(s)

2018-05-28 13:07:44 - [TEST_STEP][PASSED] - Statement - RequestedQty = com.kms.katalon.core.webui.keyword.WebUiBuiltInKeywords.getAttribute(com.kms.katalon.core.testobject.ObjectRepository.findTestObject(DispensaryToStore/Page_Store/input_txttotal), "value"): Attribute 'value' of object 'Object Repository/DispensaryToStore/Page_Store/input_txttotal' is: '10'

2018-05-28 13:07:44 - [MESSAGE][PASSED] - Attribute 'value' of object 'Object Repository/DispensaryToStore/Page_Store/input_txttotal' is: '10'

2018-05-28 13:07:44 - [TEST_STEP][PASSED] - Statement - out.println("Requested QTY : " + RequestedQty): null

2018-05-28 13:07:44 - [TEST_STEP][PASSED] - Statement - BatchNumber = com.kms.katalon.core.webui.keyword.WebUiBuiltInKeywords.getNumberOfTotalOption(com.kms.katalon.core.testobject.ObjectRepository.findTestObject(DispensaryToStore/Page_Store/select_--Select--BA1170BA2376B)): 2 options of object 'Object Repository/DispensaryToStore/Page_Store/select_--Select--BA1170BA2376B' counted

2018-05-28 13:07:44 - [MESSAGE][PASSED] - 2 options of object 'Object Repository/DispensaryToStore/Page_Store/select_--Select--BA1170BA2376B' counted

2018-05-28 13:07:44 - [TEST_STEP][PASSED] - Statement - For ([g = 1, g <= BatchNumber - 1, (g++)]): null

2018-05-28 13:07:44 - [TEST_STEP][PASSED] - selectOptionByIndex: All options with index in [1] are selected on object 'Object Repository/DispensaryToStore/Page_Store/select_--Select--BA1170BA2376B'

2018-05-28 13:07:44 - [MESSAGE][PASSED] - All options with index in [1] are selected on object 'Object Repository/DispensaryToStore/Page_Store/select_--Select--BA1170BA2376B'

2018-05-28 13:07:44 - [TEST_STEP][PASSED] - Statement - Try: null

2018-05-28 13:07:44 - [TEST_STEP][PASSED] - Statement - StockQty = com.kms.katalon.core.webui.keyword.WebUiBuiltInKeywords.getAttribute(com.kms.katalon.core.testobject.ObjectRepository.findTestObject(DispensaryToStore/Page_Store/input_txtprice), "value"): Attribute 'value' of object 'Object Repository/DispensaryToStore/Page_Store/input_txtprice' is: '170'

2018-05-28 13:07:44 - [MESSAGE][PASSED] - Attribute 'value' of object 'Object Repository/DispensaryToStore/Page_Store/input_txtprice' is: '170'

2018-05-28 13:07:44 - [TEST_STEP][PASSED] - Statement - out.println("Stock QTY : " + StockQty): null

2018-05-28 13:07:44 - [TEST_STEP][PASSED] - delay: Delayed 2 second(s)

2018-05-28 13:07:46 - [MESSAGE][PASSED] - Delayed 2 second(s)

2018-05-28 13:07:46 - [TEST_STEP][PASSED] - Statement - If (java.lang.String.valueOf(StockQty) >= java.lang.String.valueOf(RequestedQty)): null

2018-05-28 13:07:46 - [TEST_STEP][PASSED] - setText: Text '10' is set on object 'Object Repository/DispensaryToStore/Page_Store/input_txtqty'

2018-05-28 13:07:46 - [MESSAGE][PASSED] - Text '10' is set on object 'Object Repository/DispensaryToStore/Page_Store/input_txtqty'

2018-05-28 13:07:46 - [TEST_STEP][PASSED] - click: Object: 'Object Repository/DispensaryToStore/Page_Store/button_Add' is clicked on

2018-05-28 13:07:46 - [MESSAGE][PASSED] - Object: 'Object Repository/DispensaryToStore/Page_Store/button_Add' is clicked on

2018-05-28 13:07:46 - [TEST_STEP][PASSED] - Statement - Break: null

2018-05-28 13:07:46 - [TEST_STEP][PASSED] - selectOptionByIndex: All options with index in [51] are selected on object 'Object Repository/DispensaryToStore/Page_Store/select_--Select--Adernaline 0.'

2018-05-28 13:07:47 - [MESSAGE][PASSED] - All options with index in [51] are selected on object 'Object Repository/DispensaryToStore/Page_Store/select_--Select--Adernaline 0.'

2018-05-28 13:07:47 - [TEST_STEP][PASSED] - delay: Delayed 2 second(s)

2018-05-28 13:07:49 - [MESSAGE][PASSED] - Delayed 2 second(s)

2018-05-28 13:07:49 - [TEST_STEP][PASSED] - Statement - RequestedQty = com.kms.katalon.core.webui.keyword.WebUiBuiltInKeywords.getAttribute(com.kms.katalon.core.testobject.ObjectRepository.findTestObject(DispensaryToStore/Page_Store/input_txttotal), "value"): Attribute 'value' of object 'Object Repository/DispensaryToStore/Page_Store/input_txttotal' is: '10'

2018-05-28 13:07:49 - [MESSAGE][PASSED] - Attribute 'value' of object 'Object Repository/DispensaryToStore/Page_Store/input_txttotal' is: '10'

2018-05-28 13:07:49 - [TEST_STEP][PASSED] - Statement - out.println("Requested QTY : " + RequestedQty): null

2018-05-28 13:07:49 - [TEST_STEP][PASSED] - Statement - BatchNumber = com.kms.katalon.core.webui.keyword.WebUiBuiltInKeywords.getNumberOfTotalOption(com.kms.katalon.core.testobject.ObjectRepository.findTestObject(DispensaryToStore/Page_Store/select_--Select--BA1170BA2376B)): 2 options of object 'Object Repository/DispensaryToStore/Page_Store/select_--Select--BA1170BA2376B' counted

2018-05-28 13:07:49 - [MESSAGE][PASSED] - 2 options of object 'Object Repository/DispensaryToStore/Page_Store/select_--Select--BA1170BA2376B' counted

2018-05-28 13:07:49 - [TEST_STEP][PASSED] - Statement - For ([g = 1, g <= BatchNumber - 1, (g++)]): null

2018-05-28 13:07:49 - [TEST_STEP][PASSED] - selectOptionByIndex: All options with index in [1] are selected on object 'Object Repository/DispensaryToStore/Page_Store/select_--Select--BA1170BA2376B'

2018-05-28 13:07:49 - [MESSAGE][PASSED] - All options with index in [1] are selected on object 'Object Repository/DispensaryToStore/Page_Store/select_--Select--BA1170BA2376B'

2018-05-28 13:07:49 - [TEST_STEP][PASSED] - Statement - Try: null

2018-05-28 13:07:49 - [TEST_STEP][PASSED] - Statement - StockQty = com.kms.katalon.core.webui.keyword.WebUiBuiltInKeywords.getAttribute(com.kms.katalon.core.testobject.ObjectRepository.findTestObject(DispensaryToStore/Page_Store/input_txtprice), "value"): Attribute 'value' of object 'Object Repository/DispensaryToStore/Page_Store/input_txtprice' is: '170'

2018-05-28 13:07:49 - [MESSAGE][PASSED] - Attribute 'value' of object 'Object Repository/DispensaryToStore/Page_Store/input_txtprice' is: '170'

2018-05-28 13:07:49 - [TEST_STEP][PASSED] - Statement - out.println("Stock QTY : " + StockQty): null

2018-05-28 13:07:49 - [TEST_STEP][PASSED] - delay: Delayed 2 second(s)

2018-05-28 13:07:51 - [MESSAGE][PASSED] - Delayed 2 second(s)

2018-05-28 13:07:51 - [TEST_STEP][PASSED] - Statement - If (java.lang.String.valueOf(StockQty) >= java.lang.String.valueOf(RequestedQty)): null

2018-05-28 13:07:51 - [TEST_STEP][PASSED] - setText: Text '10' is set on object 'Object Repository/DispensaryToStore/Page_Store/input_txtqty'

2018-05-28 13:07:51 - [MESSAGE][PASSED] - Text '10' is set on object 'Object Repository/DispensaryToStore/Page_Store/input_txtqty'

2018-05-28 13:07:51 - [TEST_STEP][PASSED] - click: Object: 'Object Repository/DispensaryToStore/Page_Store/button_Add' is clicked on

2018-05-28 13:07:51 - [MESSAGE][PASSED] - Object: 'Object Repository/DispensaryToStore/Page_Store/button_Add' is clicked on

2018-05-28 13:07:51 - [TEST_STEP][PASSED] - Statement - Break: null

2018-05-28 13:07:51 - [TEST_STEP][PASSED] - selectOptionByIndex: All options with index in [52] are selected on object 'Object Repository/DispensaryToStore/Page_Store/select_--Select--Adernaline 0.'

2018-05-28 13:07:52 - [MESSAGE][PASSED] - All options with index in [52] are selected on object 'Object Repository/DispensaryToStore/Page_Store/select_--Select--Adernaline 0.'

2018-05-28 13:07:52 - [TEST_STEP][PASSED] - delay: Delayed 2 second(s)

2018-05-28 13:07:54 - [MESSAGE][PASSED] - Delayed 2 second(s)

2018-05-28 13:07:54 - [TEST_STEP][PASSED] - Statement - RequestedQty = com.kms.katalon.core.webui.keyword.WebUiBuiltInKeywords.getAttribute(com.kms.katalon.core.testobject.ObjectRepository.findTestObject(DispensaryToStore/Page_Store/input_txttotal), "value"): Attribute 'value' of object 'Object Repository/DispensaryToStore/Page_Store/input_txttotal' is: '10'

2018-05-28 13:07:54 - [MESSAGE][PASSED] - Attribute 'value' of object 'Object Repository/DispensaryToStore/Page_Store/input_txttotal' is: '10'

2018-05-28 13:07:54 - [TEST_STEP][PASSED] - Statement - out.println("Requested QTY : " + RequestedQty): null

2018-05-28 13:07:54 - [TEST_STEP][PASSED] - Statement - BatchNumber = com.kms.katalon.core.webui.keyword.WebUiBuiltInKeywords.getNumberOfTotalOption(com.kms.katalon.core.testobject.ObjectRepository.findTestObject(DispensaryToStore/Page_Store/select_--Select--BA1170BA2376B)): 2 options of object 'Object Repository/DispensaryToStore/Page_Store/select_--Select--BA1170BA2376B' counted

2018-05-28 13:07:54 - [MESSAGE][PASSED] - 2 options of object 'Object Repository/DispensaryToStore/Page_Store/select_--Select--BA1170BA2376B' counted

2018-05-28 13:07:54 - [TEST_STEP][PASSED] - Statement - For ([g = 1, g <= BatchNumber - 1, (g++)]): null

2018-05-28 13:07:54 - [TEST_STEP][PASSED] - selectOptionByIndex: All options with index in [1] are selected on object 'Object Repository/DispensaryToStore/Page_Store/select_--Select--BA1170BA2376B'

2018-05-28 13:07:54 - [MESSAGE][PASSED] - All options with index in [1] are selected on object 'Object Repository/DispensaryToStore/Page_Store/select_--Select--BA1170BA2376B'

2018-05-28 13:07:54 - [TEST_STEP][PASSED] - Statement - Try: null

2018-05-28 13:07:54 - [TEST_STEP][PASSED] - Statement - StockQty = com.kms.katalon.core.webui.keyword.WebUiBuiltInKeywords.getAttribute(com.kms.katalon.core.testobject.ObjectRepository.findTestObject(DispensaryToStore/Page_Store/input_txtprice), "value"): Attribute 'value' of object 'Object Repository/DispensaryToStore/Page_Store/input_txtprice' is: '170'

2018-05-28 13:07:54 - [MESSAGE][PASSED] - Attribute 'value' of object 'Object Repository/DispensaryToStore/Page_Store/input_txtprice' is: '170'

2018-05-28 13:07:54 - [TEST_STEP][PASSED] - Statement - out.println("Stock QTY : " + StockQty): null

2018-05-28 13:07:54 - [TEST_STEP][PASSED] - delay: Delayed 2 second(s)

2018-05-28 13:07:56 - [MESSAGE][PASSED] - Delayed 2 second(s)

2018-05-28 13:07:56 - [TEST_STEP][PASSED] - Statement - If (java.lang.String.valueOf(StockQty) >= java.lang.String.valueOf(RequestedQty)): null

2018-05-28 13:07:56 - [TEST_STEP][PASSED] - setText: Text '10' is set on object 'Object Repository/DispensaryToStore/Page_Store/input_txtqty'

2018-05-28 13:07:56 - [MESSAGE][PASSED] - Text '10' is set on object 'Object Repository/DispensaryToStore/Page_Store/input_txtqty'

2018-05-28 13:07:56 - [TEST_STEP][PASSED] - click: Object: 'Object Repository/DispensaryToStore/Page_Store/button_Add' is clicked on

2018-05-28 13:07:56 - [MESSAGE][PASSED] - Object: 'Object Repository/DispensaryToStore/Page_Store/button_Add' is clicked on

2018-05-28 13:07:56 - [TEST_STEP][PASSED] - Statement - Break: null

2018-05-28 13:07:56 - [TEST_STEP][PASSED] - selectOptionByIndex: All options with index in [53] are selected on object 'Object Repository/DispensaryToStore/Page_Store/select_--Select--Adernaline 0.'

2018-05-28 13:07:57 - [MESSAGE][PASSED] - All options with index in [53] are selected on object 'Object Repository/DispensaryToStore/Page_Store/select_--Select--Adernaline 0.'

2018-05-28 13:07:57 - [TEST_STEP][PASSED] - delay: Delayed 2 second(s)

2018-05-28 13:07:59 - [MESSAGE][PASSED] - Delayed 2 second(s)

2018-05-28 13:07:59 - [TEST_STEP][PASSED] - Statement - RequestedQty = com.kms.katalon.core.webui.keyword.WebUiBuiltInKeywords.getAttribute(com.kms.katalon.core.testobject.ObjectRepository.findTestObject(DispensaryToStore/Page_Store/input_txttotal), "value"): Attribute 'value' of object 'Object Repository/DispensaryToStore/Page_Store/input_txttotal' is: '10'

2018-05-28 13:07:59 - [MESSAGE][PASSED] - Attribute 'value' of object 'Object Repository/DispensaryToStore/Page_Store/input_txttotal' is: '10'

2018-05-28 13:07:59 - [TEST_STEP][PASSED] - Statement - out.println("Requested QTY : " + RequestedQty): null

2018-05-28 13:07:59 - [TEST_STEP][PASSED] - Statement - BatchNumber = com.kms.katalon.core.webui.keyword.WebUiBuiltInKeywords.getNumberOfTotalOption(com.kms.katalon.core.testobject.ObjectRepository.findTestObject(DispensaryToStore/Page_Store/select_--Select--BA1170BA2376B)): 2 options of object 'Object Repository/DispensaryToStore/Page_Store/select_--Select--BA1170BA2376B' counted

2018-05-28 13:07:59 - [MESSAGE][PASSED] - 2 options of object 'Object Repository/DispensaryToStore/Page_Store/select_--Select--BA1170BA2376B' counted

2018-05-28 13:07:59 - [TEST_STEP][PASSED] - Statement - For ([g = 1, g <= BatchNumber - 1, (g++)]): null

2018-05-28 13:07:59 - [TEST_STEP][PASSED] - selectOptionByIndex: All options with index in [1] are selected on object 'Object Repository/DispensaryToStore/Page_Store/select_--Select--BA1170BA2376B'

2018-05-28 13:07:59 - [MESSAGE][PASSED] - All options with index in [1] are selected on object 'Object Repository/DispensaryToStore/Page_Store/select_--Select--BA1170BA2376B'

2018-05-28 13:07:59 - [TEST_STEP][PASSED] - Statement - Try: null

2018-05-28 13:07:59 - [TEST_STEP][PASSED] - Statement - StockQty = com.kms.katalon.core.webui.keyword.WebUiBuiltInKeywords.getAttribute(com.kms.katalon.core.testobject.ObjectRepository.findTestObject(DispensaryToStore/Page_Store/input_txtprice), "value"): Attribute 'value' of object 'Object Repository/DispensaryToStore/Page_Store/input_txtprice' is: '170'

2018-05-28 13:07:59 - [MESSAGE][PASSED] - Attribute 'value' of object 'Object Repository/DispensaryToStore/Page_Store/input_txtprice' is: '170'

2018-05-28 13:07:59 - [TEST_STEP][PASSED] - Statement - out.println("Stock QTY : " + StockQty): null

2018-05-28 13:07:59 - [TEST_STEP][PASSED] - delay: Delayed 2 second(s)

2018-05-28 13:08:01 - [MESSAGE][PASSED] - Delayed 2 second(s)

2018-05-28 13:08:01 - [TEST_STEP][PASSED] - Statement - If (java.lang.String.valueOf(StockQty) >= java.lang.String.valueOf(RequestedQty)): null

2018-05-28 13:08:01 - [TEST_STEP][PASSED] - setText: Text '10' is set on object 'Object Repository/DispensaryToStore/Page_Store/input_txtqty'

2018-05-28 13:08:01 - [MESSAGE][PASSED] - Text '10' is set on object 'Object Repository/DispensaryToStore/Page_Store/input_txtqty'

2018-05-28 13:08:01 - [TEST_STEP][PASSED] - click: Object: 'Object Repository/DispensaryToStore/Page_Store/button_Add' is clicked on

2018-05-28 13:08:01 - [MESSAGE][PASSED] - Object: 'Object Repository/DispensaryToStore/Page_Store/button_Add' is clicked on

2018-05-28 13:08:01 - [TEST_STEP][PASSED] - Statement - Break: null

2018-05-28 13:08:01 - [TEST_STEP][PASSED] - selectOptionByIndex: All options with index in [54] are selected on object 'Object Repository/DispensaryToStore/Page_Store/select_--Select--Adernaline 0.'

2018-05-28 13:08:02 - [MESSAGE][PASSED] - All options with index in [54] are selected on object 'Object Repository/DispensaryToStore/Page_Store/select_--Select--Adernaline 0.'

2018-05-28 13:08:02 - [TEST_STEP][PASSED] - delay: Delayed 2 second(s)

2018-05-28 13:08:04 - [MESSAGE][PASSED] - Delayed 2 second(s)

2018-05-28 13:08:04 - [TEST_STEP][PASSED] - Statement - RequestedQty = com.kms.katalon.core.webui.keyword.WebUiBuiltInKeywords.getAttribute(com.kms.katalon.core.testobject.ObjectRepository.findTestObject(DispensaryToStore/Page_Store/input_txttotal), "value"): Attribute 'value' of object 'Object Repository/DispensaryToStore/Page_Store/input_txttotal' is: '10'

2018-05-28 13:08:04 - [MESSAGE][PASSED] - Attribute 'value' of object 'Object Repository/DispensaryToStore/Page_Store/input_txttotal' is: '10'

2018-05-28 13:08:04 - [TEST_STEP][PASSED] - Statement - out.println("Requested QTY : " + RequestedQty): null

2018-05-28 13:08:04 - [TEST_STEP][PASSED] - Statement - BatchNumber = com.kms.katalon.core.webui.keyword.WebUiBuiltInKeywords.getNumberOfTotalOption(com.kms.katalon.core.testobject.ObjectRepository.findTestObject(DispensaryToStore/Page_Store/select_--Select--BA1170BA2376B)): 2 options of object 'Object Repository/DispensaryToStore/Page_Store/select_--Select--BA1170BA2376B' counted

2018-05-28 13:08:04 - [MESSAGE][PASSED] - 2 options of object 'Object Repository/DispensaryToStore/Page_Store/select_--Select--BA1170BA2376B' counted

2018-05-28 13:08:04 - [TEST_STEP][PASSED] - Statement - For ([g = 1, g <= BatchNumber - 1, (g++)]): null

2018-05-28 13:08:04 - [TEST_STEP][PASSED] - selectOptionByIndex: All options with index in [1] are selected on object 'Object Repository/DispensaryToStore/Page_Store/select_--Select--BA1170BA2376B'

2018-05-28 13:08:04 - [MESSAGE][PASSED] - All options with index in [1] are selected on object 'Object Repository/DispensaryToStore/Page_Store/select_--Select--BA1170BA2376B'

2018-05-28 13:08:04 - [TEST_STEP][PASSED] - Statement - Try: null

2018-05-28 13:08:04 - [TEST_STEP][PASSED] - Statement - StockQty = com.kms.katalon.core.webui.keyword.WebUiBuiltInKeywords.getAttribute(com.kms.katalon.core.testobject.ObjectRepository.findTestObject(DispensaryToStore/Page_Store/input_txtprice), "value"): Attribute 'value' of object 'Object Repository/DispensaryToStore/Page_Store/input_txtprice' is: '170'

2018-05-28 13:08:04 - [MESSAGE][PASSED] - Attribute 'value' of object 'Object Repository/DispensaryToStore/Page_Store/input_txtprice' is: '170'

2018-05-28 13:08:04 - [TEST_STEP][PASSED] - Statement - out.println("Stock QTY : " + StockQty): null

2018-05-28 13:08:04 - [TEST_STEP][PASSED] - delay: Delayed 2 second(s)

2018-05-28 13:08:06 - [MESSAGE][PASSED] - Delayed 2 second(s)

2018-05-28 13:08:06 - [TEST_STEP][PASSED] - Statement - If (java.lang.String.valueOf(StockQty) >= java.lang.String.valueOf(RequestedQty)): null

2018-05-28 13:08:06 - [TEST_STEP][PASSED] - setText: Text '10' is set on object 'Object Repository/DispensaryToStore/Page_Store/input_txtqty'

2018-05-28 13:08:06 - [MESSAGE][PASSED] - Text '10' is set on object 'Object Repository/DispensaryToStore/Page_Store/input_txtqty'

2018-05-28 13:08:06 - [TEST_STEP][PASSED] - click: Object: 'Object Repository/DispensaryToStore/Page_Store/button_Add' is clicked on

2018-05-28 13:08:06 - [MESSAGE][PASSED] - Object: 'Object Repository/DispensaryToStore/Page_Store/button_Add' is clicked on

2018-05-28 13:08:06 - [TEST_STEP][PASSED] - Statement - Break: null

2018-05-28 13:08:06 - [TEST_STEP][PASSED] - selectOptionByIndex: All options with index in [55] are selected on object 'Object Repository/DispensaryToStore/Page_Store/select_--Select--Adernaline 0.'

2018-05-28 13:08:07 - [MESSAGE][PASSED] - All options with index in [55] are selected on object 'Object Repository/DispensaryToStore/Page_Store/select_--Select--Adernaline 0.'

2018-05-28 13:08:07 - [TEST_STEP][PASSED] - delay: Delayed 2 second(s)

2018-05-28 13:08:09 - [MESSAGE][PASSED] - Delayed 2 second(s)

2018-05-28 13:08:09 - [TEST_STEP][PASSED] - Statement - RequestedQty = com.kms.katalon.core.webui.keyword.WebUiBuiltInKeywords.getAttribute(com.kms.katalon.core.testobject.ObjectRepository.findTestObject(DispensaryToStore/Page_Store/input_txttotal), "value"): Attribute 'value' of object 'Object Repository/DispensaryToStore/Page_Store/input_txttotal' is: '10'

2018-05-28 13:08:09 - [MESSAGE][PASSED] - Attribute 'value' of object 'Object Repository/DispensaryToStore/Page_Store/input_txttotal' is: '10'

2018-05-28 13:08:09 - [TEST_STEP][PASSED] - Statement - out.println("Requested QTY : " + RequestedQty): null

2018-05-28 13:08:09 - [TEST_STEP][PASSED] - Statement - BatchNumber = com.kms.katalon.core.webui.keyword.WebUiBuiltInKeywords.getNumberOfTotalOption(com.kms.katalon.core.testobject.ObjectRepository.findTestObject(DispensaryToStore/Page_Store/select_--Select--BA1170BA2376B)): 2 options of object 'Object Repository/DispensaryToStore/Page_Store/select_--Select--BA1170BA2376B' counted

2018-05-28 13:08:09 - [MESSAGE][PASSED] - 2 options of object 'Object Repository/DispensaryToStore/Page_Store/select_--Select--BA1170BA2376B' counted

2018-05-28 13:08:09 - [TEST_STEP][PASSED] - Statement - For ([g = 1, g <= BatchNumber - 1, (g++)]): null

2018-05-28 13:08:09 - [TEST_STEP][PASSED] - selectOptionByIndex: All options with index in [1] are selected on object 'Object Repository/DispensaryToStore/Page_Store/select_--Select--BA1170BA2376B'

2018-05-28 13:08:09 - [MESSAGE][PASSED] - All options with index in [1] are selected on object 'Object Repository/DispensaryToStore/Page_Store/select_--Select--BA1170BA2376B'

2018-05-28 13:08:09 - [TEST_STEP][PASSED] - Statement - Try: null

2018-05-28 13:08:09 - [TEST_STEP][PASSED] - Statement - StockQty = com.kms.katalon.core.webui.keyword.WebUiBuiltInKeywords.getAttribute(com.kms.katalon.core.testobject.ObjectRepository.findTestObject(DispensaryToStore/Page_Store/input_txtprice), "value"): Attribute 'value' of object 'Object Repository/DispensaryToStore/Page_Store/input_txtprice' is: '170'

2018-05-28 13:08:09 - [MESSAGE][PASSED] - Attribute 'value' of object 'Object Repository/DispensaryToStore/Page_Store/input_txtprice' is: '170'

2018-05-28 13:08:09 - [TEST_STEP][PASSED] - Statement - out.println("Stock QTY : " + StockQty): null

2018-05-28 13:08:09 - [TEST_STEP][PASSED] - delay: Delayed 2 second(s)

2018-05-28 13:08:11 - [MESSAGE][PASSED] - Delayed 2 second(s)

2018-05-28 13:08:11 - [TEST_STEP][PASSED] - Statement - If (java.lang.String.valueOf(StockQty) >= java.lang.String.valueOf(RequestedQty)): null

2018-05-28 13:08:11 - [TEST_STEP][PASSED] - setText: Text '10' is set on object 'Object Repository/DispensaryToStore/Page_Store/input_txtqty'

2018-05-28 13:08:11 - [MESSAGE][PASSED] - Text '10' is set on object 'Object Repository/DispensaryToStore/Page_Store/input_txtqty'

2018-05-28 13:08:11 - [TEST_STEP][PASSED] - click: Object: 'Object Repository/DispensaryToStore/Page_Store/button_Add' is clicked on

2018-05-28 13:08:12 - [MESSAGE][PASSED] - Object: 'Object Repository/DispensaryToStore/Page_Store/button_Add' is clicked on

2018-05-28 13:08:12 - [TEST_STEP][PASSED] - Statement - Break: null

2018-05-28 13:08:12 - [TEST_STEP][PASSED] - selectOptionByIndex: All options with index in [56] are selected on object 'Object Repository/DispensaryToStore/Page_Store/select_--Select--Adernaline 0.'

2018-05-28 13:08:12 - [MESSAGE][PASSED] - All options with index in [56] are selected on object 'Object Repository/DispensaryToStore/Page_Store/select_--Select--Adernaline 0.'

2018-05-28 13:08:12 - [TEST_STEP][PASSED] - delay: Delayed 2 second(s)

2018-05-28 13:08:14 - [MESSAGE][PASSED] - Delayed 2 second(s)

2018-05-28 13:08:14 - [TEST_STEP][PASSED] - Statement - RequestedQty = com.kms.katalon.core.webui.keyword.WebUiBuiltInKeywords.getAttribute(com.kms.katalon.core.testobject.ObjectRepository.findTestObject(DispensaryToStore/Page_Store/input_txttotal), "value"): Attribute 'value' of object 'Object Repository/DispensaryToStore/Page_Store/input_txttotal' is: '10'

2018-05-28 13:08:14 - [MESSAGE][PASSED] - Attribute 'value' of object 'Object Repository/DispensaryToStore/Page_Store/input_txttotal' is: '10'

2018-05-28 13:08:14 - [TEST_STEP][PASSED] - Statement - out.println("Requested QTY : " + RequestedQty): null

2018-05-28 13:08:14 - [TEST_STEP][PASSED] - Statement - BatchNumber = com.kms.katalon.core.webui.keyword.WebUiBuiltInKeywords.getNumberOfTotalOption(com.kms.katalon.core.testobject.ObjectRepository.findTestObject(DispensaryToStore/Page_Store/select_--Select--BA1170BA2376B)): 2 options of object 'Object Repository/DispensaryToStore/Page_Store/select_--Select--BA1170BA2376B' counted

2018-05-28 13:08:14 - [MESSAGE][PASSED] - 2 options of object 'Object Repository/DispensaryToStore/Page_Store/select_--Select--BA1170BA2376B' counted

2018-05-28 13:08:14 - [TEST_STEP][PASSED] - Statement - For ([g = 1, g <= BatchNumber - 1, (g++)]): null

2018-05-28 13:08:14 - [TEST_STEP][PASSED] - selectOptionByIndex: All options with index in [1] are selected on object 'Object Repository/DispensaryToStore/Page_Store/select_--Select--BA1170BA2376B'

2018-05-28 13:08:14 - [MESSAGE][PASSED] - All options with index in [1] are selected on object 'Object Repository/DispensaryToStore/Page_Store/select_--Select--BA1170BA2376B'

2018-05-28 13:08:14 - [TEST_STEP][PASSED] - Statement - Try: null

2018-05-28 13:08:14 - [TEST_STEP][PASSED] - Statement - StockQty = com.kms.katalon.core.webui.keyword.WebUiBuiltInKeywords.getAttribute(com.kms.katalon.core.testobject.ObjectRepository.findTestObject(DispensaryToStore/Page_Store/input_txtprice), "value"): Attribute 'value' of object 'Object Repository/DispensaryToStore/Page_Store/input_txtprice' is: '170'

2018-05-28 13:08:15 - [MESSAGE][PASSED] - Attribute 'value' of object 'Object Repository/DispensaryToStore/Page_Store/input_txtprice' is: '170'

2018-05-28 13:08:15 - [TEST_STEP][PASSED] - Statement - out.println("Stock QTY : " + StockQty): null

2018-05-28 13:08:15 - [TEST_STEP][PASSED] - delay: Delayed 2 second(s)

2018-05-28 13:08:17 - [MESSAGE][PASSED] - Delayed 2 second(s)

2018-05-28 13:08:17 - [TEST_STEP][PASSED] - Statement - If (java.lang.String.valueOf(StockQty) >= java.lang.String.valueOf(RequestedQty)): null

2018-05-28 13:08:17 - [TEST_STEP][PASSED] - setText: Text '10' is set on object 'Object Repository/DispensaryToStore/Page_Store/input_txtqty'

2018-05-28 13:08:17 - [MESSAGE][PASSED] - Text '10' is set on object 'Object Repository/DispensaryToStore/Page_Store/input_txtqty'

2018-05-28 13:08:17 - [TEST_STEP][PASSED] - click: Object: 'Object Repository/DispensaryToStore/Page_Store/button_Add' is clicked on

2018-05-28 13:08:17 - [MESSAGE][PASSED] - Object: 'Object Repository/DispensaryToStore/Page_Store/button_Add' is clicked on

2018-05-28 13:08:17 - [TEST_STEP][PASSED] - Statement - Break: null

2018-05-28 13:08:17 - [TEST_STEP][PASSED] - selectOptionByIndex: All options with index in [57] are selected on object 'Object Repository/DispensaryToStore/Page_Store/select_--Select--Adernaline 0.'

2018-05-28 13:08:17 - [MESSAGE][PASSED] - All options with index in [57] are selected on object 'Object Repository/DispensaryToStore/Page_Store/select_--Select--Adernaline 0.'

2018-05-28 13:08:17 - [TEST_STEP][PASSED] - delay: Delayed 2 second(s)

2018-05-28 13:08:19 - [MESSAGE][PASSED] - Delayed 2 second(s)

2018-05-28 13:08:19 - [TEST_STEP][PASSED] - Statement - RequestedQty = com.kms.katalon.core.webui.keyword.WebUiBuiltInKeywords.getAttribute(com.kms.katalon.core.testobject.ObjectRepository.findTestObject(DispensaryToStore/Page_Store/input_txttotal), "value"): Attribute 'value' of object 'Object Repository/DispensaryToStore/Page_Store/input_txttotal' is: '10'

2018-05-28 13:08:19 - [MESSAGE][PASSED] - Attribute 'value' of object 'Object Repository/DispensaryToStore/Page_Store/input_txttotal' is: '10'

2018-05-28 13:08:19 - [TEST_STEP][PASSED] - Statement - out.println("Requested QTY : " + RequestedQty): null

2018-05-28 13:08:19 - [TEST_STEP][PASSED] - Statement - BatchNumber = com.kms.katalon.core.webui.keyword.WebUiBuiltInKeywords.getNumberOfTotalOption(com.kms.katalon.core.testobject.ObjectRepository.findTestObject(DispensaryToStore/Page_Store/select_--Select--BA1170BA2376B)): 2 options of object 'Object Repository/DispensaryToStore/Page_Store/select_--Select--BA1170BA2376B' counted

2018-05-28 13:08:19 - [MESSAGE][PASSED] - 2 options of object 'Object Repository/DispensaryToStore/Page_Store/select_--Select--BA1170BA2376B' counted

2018-05-28 13:08:19 - [TEST_STEP][PASSED] - Statement - For ([g = 1, g <= BatchNumber - 1, (g++)]): null

2018-05-28 13:08:19 - [TEST_STEP][PASSED] - selectOptionByIndex: All options with index in [1] are selected on object 'Object Repository/DispensaryToStore/Page_Store/select_--Select--BA1170BA2376B'

2018-05-28 13:08:19 - [MESSAGE][PASSED] - All options with index in [1] are selected on object 'Object Repository/DispensaryToStore/Page_Store/select_--Select--BA1170BA2376B'

2018-05-28 13:08:19 - [TEST_STEP][PASSED] - Statement - Try: null

2018-05-28 13:08:19 - [TEST_STEP][PASSED] - Statement - StockQty = com.kms.katalon.core.webui.keyword.WebUiBuiltInKeywords.getAttribute(com.kms.katalon.core.testobject.ObjectRepository.findTestObject(DispensaryToStore/Page_Store/input_txtprice), "value"): Attribute 'value' of object 'Object Repository/DispensaryToStore/Page_Store/input_txtprice' is: '170'

2018-05-28 13:08:20 - [MESSAGE][PASSED] - Attribute 'value' of object 'Object Repository/DispensaryToStore/Page_Store/input_txtprice' is: '170'

2018-05-28 13:08:20 - [TEST_STEP][PASSED] - Statement - out.println("Stock QTY : " + StockQty): null

2018-05-28 13:08:20 - [TEST_STEP][PASSED] - delay: Delayed 2 second(s)

2018-05-28 13:08:22 - [MESSAGE][PASSED] - Delayed 2 second(s)

2018-05-28 13:08:22 - [TEST_STEP][PASSED] - Statement - If (java.lang.String.valueOf(StockQty) >= java.lang.String.valueOf(RequestedQty)): null

2018-05-28 13:08:22 - [TEST_STEP][PASSED] - setText: Text '10' is set on object 'Object Repository/DispensaryToStore/Page_Store/input_txtqty'

2018-05-28 13:08:22 - [MESSAGE][PASSED] - Text '10' is set on object 'Object Repository/DispensaryToStore/Page_Store/input_txtqty'

2018-05-28 13:08:22 - [TEST_STEP][PASSED] - click: Object: 'Object Repository/DispensaryToStore/Page_Store/button_Add' is clicked on

2018-05-28 13:08:22 - [MESSAGE][PASSED] - Object: 'Object Repository/DispensaryToStore/Page_Store/button_Add' is clicked on

2018-05-28 13:08:22 - [TEST_STEP][PASSED] - Statement - Break: null

2018-05-28 13:08:22 - [TEST_STEP][PASSED] - selectOptionByIndex: All options with index in [58] are selected on object 'Object Repository/DispensaryToStore/Page_Store/select_--Select--Adernaline 0.'

2018-05-28 13:08:22 - [MESSAGE][PASSED] - All options with index in [58] are selected on object 'Object Repository/DispensaryToStore/Page_Store/select_--Select--Adernaline 0.'

2018-05-28 13:08:22 - [TEST_STEP][PASSED] - delay: Delayed 2 second(s)

2018-05-28 13:08:24 - [MESSAGE][PASSED] - Delayed 2 second(s)

2018-05-28 13:08:24 - [TEST_STEP][PASSED] - Statement - RequestedQty = com.kms.katalon.core.webui.keyword.WebUiBuiltInKeywords.getAttribute(com.kms.katalon.core.testobject.ObjectRepository.findTestObject(DispensaryToStore/Page_Store/input_txttotal), "value"): Attribute 'value' of object 'Object Repository/DispensaryToStore/Page_Store/input_txttotal' is: '10'

2018-05-28 13:08:24 - [MESSAGE][PASSED] - Attribute 'value' of object 'Object Repository/DispensaryToStore/Page_Store/input_txttotal' is: '10'

2018-05-28 13:08:24 - [TEST_STEP][PASSED] - Statement - out.println("Requested QTY : " + RequestedQty): null

2018-05-28 13:08:24 - [TEST_STEP][PASSED] - Statement - BatchNumber = com.kms.katalon.core.webui.keyword.WebUiBuiltInKeywords.getNumberOfTotalOption(com.kms.katalon.core.testobject.ObjectRepository.findTestObject(DispensaryToStore/Page_Store/select_--Select--BA1170BA2376B)): 2 options of object 'Object Repository/DispensaryToStore/Page_Store/select_--Select--BA1170BA2376B' counted

2018-05-28 13:08:24 - [MESSAGE][PASSED] - 2 options of object 'Object Repository/DispensaryToStore/Page_Store/select_--Select--BA1170BA2376B' counted

2018-05-28 13:08:24 - [TEST_STEP][PASSED] - Statement - For ([g = 1, g <= BatchNumber - 1, (g++)]): null

2018-05-28 13:08:24 - [TEST_STEP][PASSED] - selectOptionByIndex: All options with index in [1] are selected on object 'Object Repository/DispensaryToStore/Page_Store/select_--Select--BA1170BA2376B'

2018-05-28 13:08:25 - [MESSAGE][PASSED] - All options with index in [1] are selected on object 'Object Repository/DispensaryToStore/Page_Store/select_--Select--BA1170BA2376B'

2018-05-28 13:08:25 - [TEST_STEP][PASSED] - Statement - Try: null

2018-05-28 13:08:25 - [TEST_STEP][PASSED] - Statement - StockQty = com.kms.katalon.core.webui.keyword.WebUiBuiltInKeywords.getAttribute(com.kms.katalon.core.testobject.ObjectRepository.findTestObject(DispensaryToStore/Page_Store/input_txtprice), "value"): Attribute 'value' of object 'Object Repository/DispensaryToStore/Page_Store/input_txtprice' is: '170'

2018-05-28 13:08:25 - [MESSAGE][PASSED] - Attribute 'value' of object 'Object Repository/DispensaryToStore/Page_Store/input_txtprice' is: '170'

2018-05-28 13:08:25 - [TEST_STEP][PASSED] - Statement - out.println("Stock QTY : " + StockQty): null

2018-05-28 13:08:25 - [TEST_STEP][PASSED] - delay: Delayed 2 second(s)

2018-05-28 13:08:27 - [MESSAGE][PASSED] - Delayed 2 second(s)

2018-05-28 13:08:27 - [TEST_STEP][PASSED] - Statement - If (java.lang.String.valueOf(StockQty) >= java.lang.String.valueOf(RequestedQty)): null

2018-05-28 13:08:27 - [TEST_STEP][PASSED] - setText: Text '10' is set on object 'Object Repository/DispensaryToStore/Page_Store/input_txtqty'

2018-05-28 13:08:27 - [MESSAGE][PASSED] - Text '10' is set on object 'Object Repository/DispensaryToStore/Page_Store/input_txtqty'

2018-05-28 13:08:27 - [TEST_STEP][PASSED] - click: Object: 'Object Repository/DispensaryToStore/Page_Store/button_Add' is clicked on

2018-05-28 13:08:27 - [MESSAGE][PASSED] - Object: 'Object Repository/DispensaryToStore/Page_Store/button_Add' is clicked on

2018-05-28 13:08:27 - [TEST_STEP][PASSED] - Statement - Break: null

2018-05-28 13:08:27 - [TEST_STEP][PASSED] - selectOptionByIndex: All options with index in [59] are selected on object 'Object Repository/DispensaryToStore/Page_Store/select_--Select--Adernaline 0.'

2018-05-28 13:08:27 - [MESSAGE][PASSED] - All options with index in [59] are selected on object 'Object Repository/DispensaryToStore/Page_Store/select_--Select--Adernaline 0.'

2018-05-28 13:08:27 - [TEST_STEP][PASSED] - delay: Delayed 2 second(s)

2018-05-28 13:08:29 - [MESSAGE][PASSED] - Delayed 2 second(s)

2018-05-28 13:08:29 - [TEST_STEP][PASSED] - Statement - RequestedQty = com.kms.katalon.core.webui.keyword.WebUiBuiltInKeywords.getAttribute(com.kms.katalon.core.testobject.ObjectRepository.findTestObject(DispensaryToStore/Page_Store/input_txttotal), "value"): Attribute 'value' of object 'Object Repository/DispensaryToStore/Page_Store/input_txttotal' is: '10'

2018-05-28 13:08:29 - [MESSAGE][PASSED] - Attribute 'value' of object 'Object Repository/DispensaryToStore/Page_Store/input_txttotal' is: '10'

2018-05-28 13:08:29 - [TEST_STEP][PASSED] - Statement - out.println("Requested QTY : " + RequestedQty): null

2018-05-28 13:08:29 - [TEST_STEP][PASSED] - Statement - BatchNumber = com.kms.katalon.core.webui.keyword.WebUiBuiltInKeywords.getNumberOfTotalOption(com.kms.katalon.core.testobject.ObjectRepository.findTestObject(DispensaryToStore/Page_Store/select_--Select--BA1170BA2376B)): 2 options of object 'Object Repository/DispensaryToStore/Page_Store/select_--Select--BA1170BA2376B' counted

2018-05-28 13:08:29 - [MESSAGE][PASSED] - 2 options of object 'Object Repository/DispensaryToStore/Page_Store/select_--Select--BA1170BA2376B' counted

2018-05-28 13:08:29 - [TEST_STEP][PASSED] - Statement - For ([g = 1, g <= BatchNumber - 1, (g++)]): null

2018-05-28 13:08:29 - [TEST_STEP][PASSED] - selectOptionByIndex: All options with index in [1] are selected on object 'Object Repository/DispensaryToStore/Page_Store/select_--Select--BA1170BA2376B'

2018-05-28 13:08:30 - [MESSAGE][PASSED] - All options with index in [1] are selected on object 'Object Repository/DispensaryToStore/Page_Store/select_--Select--BA1170BA2376B'

2018-05-28 13:08:30 - [TEST_STEP][PASSED] - Statement - Try: null

2018-05-28 13:08:30 - [TEST_STEP][PASSED] - Statement - StockQty = com.kms.katalon.core.webui.keyword.WebUiBuiltInKeywords.getAttribute(com.kms.katalon.core.testobject.ObjectRepository.findTestObject(DispensaryToStore/Page_Store/input_txtprice), "value"): Attribute 'value' of object 'Object Repository/DispensaryToStore/Page_Store/input_txtprice' is: '170'

2018-05-28 13:08:30 - [MESSAGE][PASSED] - Attribute 'value' of object 'Object Repository/DispensaryToStore/Page_Store/input_txtprice' is: '170'

2018-05-28 13:08:30 - [TEST_STEP][PASSED] - Statement - out.println("Stock QTY : " + StockQty): null

2018-05-28 13:08:30 - [TEST_STEP][PASSED] - delay: Delayed 2 second(s)

2018-05-28 13:08:32 - [MESSAGE][PASSED] - Delayed 2 second(s)

2018-05-28 13:08:32 - [TEST_STEP][PASSED] - Statement - If (java.lang.String.valueOf(StockQty) >= java.lang.String.valueOf(RequestedQty)): null

2018-05-28 13:08:32 - [TEST_STEP][PASSED] - setText: Text '10' is set on object 'Object Repository/DispensaryToStore/Page_Store/input_txtqty'

2018-05-28 13:08:32 - [MESSAGE][PASSED] - Text '10' is set on object 'Object Repository/DispensaryToStore/Page_Store/input_txtqty'

2018-05-28 13:08:32 - [TEST_STEP][PASSED] - click: Object: 'Object Repository/DispensaryToStore/Page_Store/button_Add' is clicked on

2018-05-28 13:08:32 - [MESSAGE][PASSED] - Object: 'Object Repository/DispensaryToStore/Page_Store/button_Add' is clicked on

2018-05-28 13:08:32 - [TEST_STEP][PASSED] - Statement - Break: null

2018-05-28 13:08:32 - [TEST_STEP][PASSED] - selectOptionByIndex: All options with index in [60] are selected on object 'Object Repository/DispensaryToStore/Page_Store/select_--Select--Adernaline 0.'

2018-05-28 13:08:33 - [MESSAGE][PASSED] - All options with index in [60] are selected on object 'Object Repository/DispensaryToStore/Page_Store/select_--Select--Adernaline 0.'

2018-05-28 13:08:33 - [TEST_STEP][PASSED] - delay: Delayed 2 second(s)

2018-05-28 13:08:35 - [MESSAGE][PASSED] - Delayed 2 second(s)

2018-05-28 13:08:35 - [TEST_STEP][PASSED] - Statement - RequestedQty = com.kms.katalon.core.webui.keyword.WebUiBuiltInKeywords.getAttribute(com.kms.katalon.core.testobject.ObjectRepository.findTestObject(DispensaryToStore/Page_Store/input_txttotal), "value"): Attribute 'value' of object 'Object Repository/DispensaryToStore/Page_Store/input_txttotal' is: '10'

2018-05-28 13:08:35 - [MESSAGE][PASSED] - Attribute 'value' of object 'Object Repository/DispensaryToStore/Page_Store/input_txttotal' is: '10'

2018-05-28 13:08:35 - [TEST_STEP][PASSED] - Statement - out.println("Requested QTY : " + RequestedQty): null

2018-05-28 13:08:35 - [TEST_STEP][PASSED] - Statement - BatchNumber = com.kms.katalon.core.webui.keyword.WebUiBuiltInKeywords.getNumberOfTotalOption(com.kms.katalon.core.testobject.ObjectRepository.findTestObject(DispensaryToStore/Page_Store/select_--Select--BA1170BA2376B)): 2 options of object 'Object Repository/DispensaryToStore/Page_Store/select_--Select--BA1170BA2376B' counted

2018-05-28 13:08:35 - [MESSAGE][PASSED] - 2 options of object 'Object Repository/DispensaryToStore/Page_Store/select_--Select--BA1170BA2376B' counted

2018-05-28 13:08:35 - [TEST_STEP][PASSED] - Statement - For ([g = 1, g <= BatchNumber - 1, (g++)]): null

2018-05-28 13:08:35 - [TEST_STEP][PASSED] - selectOptionByIndex: All options with index in [1] are selected on object 'Object Repository/DispensaryToStore/Page_Store/select_--Select--BA1170BA2376B'

2018-05-28 13:08:35 - [MESSAGE][PASSED] - All options with index in [1] are selected on object 'Object Repository/DispensaryToStore/Page_Store/select_--Select--BA1170BA2376B'

2018-05-28 13:08:35 - [TEST_STEP][PASSED] - Statement - Try: null

2018-05-28 13:08:35 - [TEST_STEP][PASSED] - Statement - StockQty = com.kms.katalon.core.webui.keyword.WebUiBuiltInKeywords.getAttribute(com.kms.katalon.core.testobject.ObjectRepository.findTestObject(DispensaryToStore/Page_Store/input_txtprice), "value"): Attribute 'value' of object 'Object Repository/DispensaryToStore/Page_Store/input_txtprice' is: '170'

2018-05-28 13:08:35 - [MESSAGE][PASSED] - Attribute 'value' of object 'Object Repository/DispensaryToStore/Page_Store/input_txtprice' is: '170'

2018-05-28 13:08:35 - [TEST_STEP][PASSED] - Statement - out.println("Stock QTY : " + StockQty): null

2018-05-28 13:08:35 - [TEST_STEP][PASSED] - delay: Delayed 2 second(s)

2018-05-28 13:08:37 - [MESSAGE][PASSED] - Delayed 2 second(s)

2018-05-28 13:08:37 - [TEST_STEP][PASSED] - Statement - If (java.lang.String.valueOf(StockQty) >= java.lang.String.valueOf(RequestedQty)): null

2018-05-28 13:08:37 - [TEST_STEP][PASSED] - setText: Text '10' is set on object 'Object Repository/DispensaryToStore/Page_Store/input_txtqty'

2018-05-28 13:08:37 - [MESSAGE][PASSED] - Text '10' is set on object 'Object Repository/DispensaryToStore/Page_Store/input_txtqty'

2018-05-28 13:08:37 - [TEST_STEP][PASSED] - click: Object: 'Object Repository/DispensaryToStore/Page_Store/button_Add' is clicked on

2018-05-28 13:08:37 - [MESSAGE][PASSED] - Object: 'Object Repository/DispensaryToStore/Page_Store/button_Add' is clicked on

2018-05-28 13:08:37 - [TEST_STEP][PASSED] - Statement - Break: null

2018-05-28 13:08:37 - [TEST_STEP][PASSED] - selectOptionByIndex: All options with index in [61] are selected on object 'Object Repository/DispensaryToStore/Page_Store/select_--Select--Adernaline 0.'

2018-05-28 13:08:38 - [MESSAGE][PASSED] - All options with index in [61] are selected on object 'Object Repository/DispensaryToStore/Page_Store/select_--Select--Adernaline 0.'

2018-05-28 13:08:38 - [TEST_STEP][PASSED] - delay: Delayed 2 second(s)

2018-05-28 13:08:40 - [MESSAGE][PASSED] - Delayed 2 second(s)

2018-05-28 13:08:40 - [TEST_STEP][PASSED] - Statement - RequestedQty = com.kms.katalon.core.webui.keyword.WebUiBuiltInKeywords.getAttribute(com.kms.katalon.core.testobject.ObjectRepository.findTestObject(DispensaryToStore/Page_Store/input_txttotal), "value"): Attribute 'value' of object 'Object Repository/DispensaryToStore/Page_Store/input_txttotal' is: '10'

2018-05-28 13:08:40 - [MESSAGE][PASSED] - Attribute 'value' of object 'Object Repository/DispensaryToStore/Page_Store/input_txttotal' is: '10'

2018-05-28 13:08:40 - [TEST_STEP][PASSED] - Statement - out.println("Requested QTY : " + RequestedQty): null

2018-05-28 13:08:40 - [TEST_STEP][PASSED] - Statement - BatchNumber = com.kms.katalon.core.webui.keyword.WebUiBuiltInKeywords.getNumberOfTotalOption(com.kms.katalon.core.testobject.ObjectRepository.findTestObject(DispensaryToStore/Page_Store/select_--Select--BA1170BA2376B)): 2 options of object 'Object Repository/DispensaryToStore/Page_Store/select_--Select--BA1170BA2376B' counted

2018-05-28 13:08:40 - [MESSAGE][PASSED] - 2 options of object 'Object Repository/DispensaryToStore/Page_Store/select_--Select--BA1170BA2376B' counted

2018-05-28 13:08:40 - [TEST_STEP][PASSED] - Statement - For ([g = 1, g <= BatchNumber - 1, (g++)]): null

2018-05-28 13:08:40 - [TEST_STEP][PASSED] - selectOptionByIndex: All options with index in [1] are selected on object 'Object Repository/DispensaryToStore/Page_Store/select_--Select--BA1170BA2376B'

2018-05-28 13:08:40 - [MESSAGE][PASSED] - All options with index in [1] are selected on object 'Object Repository/DispensaryToStore/Page_Store/select_--Select--BA1170BA2376B'

2018-05-28 13:08:40 - [TEST_STEP][PASSED] - Statement - Try: null

2018-05-28 13:08:40 - [TEST_STEP][PASSED] - Statement - StockQty = com.kms.katalon.core.webui.keyword.WebUiBuiltInKeywords.getAttribute(com.kms.katalon.core.testobject.ObjectRepository.findTestObject(DispensaryToStore/Page_Store/input_txtprice), "value"): Attribute 'value' of object 'Object Repository/DispensaryToStore/Page_Store/input_txtprice' is: '170'

2018-05-28 13:08:40 - [MESSAGE][PASSED] - Attribute 'value' of object 'Object Repository/DispensaryToStore/Page_Store/input_txtprice' is: '170'

2018-05-28 13:08:40 - [TEST_STEP][PASSED] - Statement - out.println("Stock QTY : " + StockQty): null

2018-05-28 13:08:40 - [TEST_STEP][PASSED] - delay: Delayed 2 second(s)

2018-05-28 13:08:42 - [MESSAGE][PASSED] - Delayed 2 second(s)

2018-05-28 13:08:42 - [TEST_STEP][PASSED] - Statement - If (java.lang.String.valueOf(StockQty) >= java.lang.String.valueOf(RequestedQty)): null

2018-05-28 13:08:42 - [TEST_STEP][PASSED] - setText: Text '10' is set on object 'Object Repository/DispensaryToStore/Page_Store/input_txtqty'

2018-05-28 13:08:42 - [MESSAGE][PASSED] - Text '10' is set on object 'Object Repository/DispensaryToStore/Page_Store/input_txtqty'

2018-05-28 13:08:42 - [TEST_STEP][PASSED] - click: Object: 'Object Repository/DispensaryToStore/Page_Store/button_Add' is clicked on

2018-05-28 13:08:42 - [MESSAGE][PASSED] - Object: 'Object Repository/DispensaryToStore/Page_Store/button_Add' is clicked on

2018-05-28 13:08:42 - [TEST_STEP][PASSED] - Statement - Break: null

2018-05-28 13:08:42 - [TEST_STEP][PASSED] - selectOptionByIndex: All options with index in [62] are selected on object 'Object Repository/DispensaryToStore/Page_Store/select_--Select--Adernaline 0.'

2018-05-28 13:08:43 - [MESSAGE][PASSED] - All options with index in [62] are selected on object 'Object Repository/DispensaryToStore/Page_Store/select_--Select--Adernaline 0.'

2018-05-28 13:08:43 - [TEST_STEP][PASSED] - delay: Delayed 2 second(s)

2018-05-28 13:08:45 - [MESSAGE][PASSED] - Delayed 2 second(s)

2018-05-28 13:08:45 - [TEST_STEP][PASSED] - Statement - RequestedQty = com.kms.katalon.core.webui.keyword.WebUiBuiltInKeywords.getAttribute(com.kms.katalon.core.testobject.ObjectRepository.findTestObject(DispensaryToStore/Page_Store/input_txttotal), "value"): Attribute 'value' of object 'Object Repository/DispensaryToStore/Page_Store/input_txttotal' is: '10'

2018-05-28 13:08:45 - [MESSAGE][PASSED] - Attribute 'value' of object 'Object Repository/DispensaryToStore/Page_Store/input_txttotal' is: '10'

2018-05-28 13:08:45 - [TEST_STEP][PASSED] - Statement - out.println("Requested QTY : " + RequestedQty): null

2018-05-28 13:08:45 - [TEST_STEP][PASSED] - Statement - BatchNumber = com.kms.katalon.core.webui.keyword.WebUiBuiltInKeywords.getNumberOfTotalOption(com.kms.katalon.core.testobject.ObjectRepository.findTestObject(DispensaryToStore/Page_Store/select_--Select--BA1170BA2376B)): 2 options of object 'Object Repository/DispensaryToStore/Page_Store/select_--Select--BA1170BA2376B' counted

2018-05-28 13:08:45 - [MESSAGE][PASSED] - 2 options of object 'Object Repository/DispensaryToStore/Page_Store/select_--Select--BA1170BA2376B' counted

2018-05-28 13:08:45 - [TEST_STEP][PASSED] - Statement - For ([g = 1, g <= BatchNumber - 1, (g++)]): null

2018-05-28 13:08:45 - [TEST_STEP][PASSED] - selectOptionByIndex: All options with index in [1] are selected on object 'Object Repository/DispensaryToStore/Page_Store/select_--Select--BA1170BA2376B'

2018-05-28 13:08:45 - [MESSAGE][PASSED] - All options with index in [1] are selected on object 'Object Repository/DispensaryToStore/Page_Store/select_--Select--BA1170BA2376B'

2018-05-28 13:08:45 - [TEST_STEP][PASSED] - Statement - Try: null

2018-05-28 13:08:45 - [TEST_STEP][PASSED] - Statement - StockQty = com.kms.katalon.core.webui.keyword.WebUiBuiltInKeywords.getAttribute(com.kms.katalon.core.testobject.ObjectRepository.findTestObject(DispensaryToStore/Page_Store/input_txtprice), "value"): Attribute 'value' of object 'Object Repository/DispensaryToStore/Page_Store/input_txtprice' is: '170'

2018-05-28 13:08:45 - [MESSAGE][PASSED] - Attribute 'value' of object 'Object Repository/DispensaryToStore/Page_Store/input_txtprice' is: '170'

2018-05-28 13:08:45 - [TEST_STEP][PASSED] - Statement - out.println("Stock QTY : " + StockQty): null

2018-05-28 13:08:45 - [TEST_STEP][PASSED] - delay: Delayed 2 second(s)

2018-05-28 13:08:47 - [MESSAGE][PASSED] - Delayed 2 second(s)

2018-05-28 13:08:47 - [TEST_STEP][PASSED] - Statement - If (java.lang.String.valueOf(StockQty) >= java.lang.String.valueOf(RequestedQty)): null

2018-05-28 13:08:47 - [TEST_STEP][PASSED] - setText: Text '10' is set on object 'Object Repository/DispensaryToStore/Page_Store/input_txtqty'

2018-05-28 13:08:47 - [MESSAGE][PASSED] - Text '10' is set on object 'Object Repository/DispensaryToStore/Page_Store/input_txtqty'

2018-05-28 13:08:47 - [TEST_STEP][PASSED] - click: Object: 'Object Repository/DispensaryToStore/Page_Store/button_Add' is clicked on

2018-05-28 13:08:47 - [MESSAGE][PASSED] - Object: 'Object Repository/DispensaryToStore/Page_Store/button_Add' is clicked on

2018-05-28 13:08:47 - [TEST_STEP][PASSED] - Statement - Break: null

2018-05-28 13:08:47 - [TEST_STEP][PASSED] - selectOptionByIndex: All options with index in [63] are selected on object 'Object Repository/DispensaryToStore/Page_Store/select_--Select--Adernaline 0.'

2018-05-28 13:08:48 - [MESSAGE][PASSED] - All options with index in [63] are selected on object 'Object Repository/DispensaryToStore/Page_Store/select_--Select--Adernaline 0.'

2018-05-28 13:08:48 - [TEST_STEP][PASSED] - delay: Delayed 2 second(s)

2018-05-28 13:08:50 - [MESSAGE][PASSED] - Delayed 2 second(s)

2018-05-28 13:08:50 - [TEST_STEP][PASSED] - Statement - RequestedQty = com.kms.katalon.core.webui.keyword.WebUiBuiltInKeywords.getAttribute(com.kms.katalon.core.testobject.ObjectRepository.findTestObject(DispensaryToStore/Page_Store/input_txttotal), "value"): Attribute 'value' of object 'Object Repository/DispensaryToStore/Page_Store/input_txttotal' is: '10'

2018-05-28 13:08:50 - [MESSAGE][PASSED] - Attribute 'value' of object 'Object Repository/DispensaryToStore/Page_Store/input_txttotal' is: '10'

2018-05-28 13:08:50 - [TEST_STEP][PASSED] - Statement - out.println("Requested QTY : " + RequestedQty): null

2018-05-28 13:08:50 - [TEST_STEP][PASSED] - Statement - BatchNumber = com.kms.katalon.core.webui.keyword.WebUiBuiltInKeywords.getNumberOfTotalOption(com.kms.katalon.core.testobject.ObjectRepository.findTestObject(DispensaryToStore/Page_Store/select_--Select--BA1170BA2376B)): 2 options of object 'Object Repository/DispensaryToStore/Page_Store/select_--Select--BA1170BA2376B' counted

2018-05-28 13:08:50 - [MESSAGE][PASSED] - 2 options of object 'Object Repository/DispensaryToStore/Page_Store/select_--Select--BA1170BA2376B' counted

2018-05-28 13:08:50 - [TEST_STEP][PASSED] - Statement - For ([g = 1, g <= BatchNumber - 1, (g++)]): null

2018-05-28 13:08:50 - [TEST_STEP][PASSED] - selectOptionByIndex: All options with index in [1] are selected on object 'Object Repository/DispensaryToStore/Page_Store/select_--Select--BA1170BA2376B'

2018-05-28 13:08:50 - [MESSAGE][PASSED] - All options with index in [1] are selected on object 'Object Repository/DispensaryToStore/Page_Store/select_--Select--BA1170BA2376B'

2018-05-28 13:08:50 - [TEST_STEP][PASSED] - Statement - Try: null

2018-05-28 13:08:50 - [TEST_STEP][PASSED] - Statement - StockQty = com.kms.katalon.core.webui.keyword.WebUiBuiltInKeywords.getAttribute(com.kms.katalon.core.testobject.ObjectRepository.findTestObject(DispensaryToStore/Page_Store/input_txtprice), "value"): Attribute 'value' of object 'Object Repository/DispensaryToStore/Page_Store/input_txtprice' is: '170'

2018-05-28 13:08:50 - [MESSAGE][PASSED] - Attribute 'value' of object 'Object Repository/DispensaryToStore/Page_Store/input_txtprice' is: '170'

2018-05-28 13:08:50 - [TEST_STEP][PASSED] - Statement - out.println("Stock QTY : " + StockQty): null

2018-05-28 13:08:50 - [TEST_STEP][PASSED] - delay: Delayed 2 second(s)

2018-05-28 13:08:52 - [MESSAGE][PASSED] - Delayed 2 second(s)

2018-05-28 13:08:52 - [TEST_STEP][PASSED] - Statement - If (java.lang.String.valueOf(StockQty) >= java.lang.String.valueOf(RequestedQty)): null

2018-05-28 13:08:52 - [TEST_STEP][PASSED] - setText: Text '10' is set on object 'Object Repository/DispensaryToStore/Page_Store/input_txtqty'

2018-05-28 13:08:52 - [MESSAGE][PASSED] - Text '10' is set on object 'Object Repository/DispensaryToStore/Page_Store/input_txtqty'

2018-05-28 13:08:52 - [TEST_STEP][PASSED] - click: Object: 'Object Repository/DispensaryToStore/Page_Store/button_Add' is clicked on

2018-05-28 13:08:52 - [MESSAGE][PASSED] - Object: 'Object Repository/DispensaryToStore/Page_Store/button_Add' is clicked on

2018-05-28 13:08:52 - [TEST_STEP][PASSED] - Statement - Break: null

2018-05-28 13:08:52 - [TEST_STEP][PASSED] - selectOptionByIndex: All options with index in [64] are selected on object 'Object Repository/DispensaryToStore/Page_Store/select_--Select--Adernaline 0.'

2018-05-28 13:08:53 - [MESSAGE][PASSED] - All options with index in [64] are selected on object 'Object Repository/DispensaryToStore/Page_Store/select_--Select--Adernaline 0.'

2018-05-28 13:08:53 - [TEST_STEP][PASSED] - delay: Delayed 2 second(s)

2018-05-28 13:08:55 - [MESSAGE][PASSED] - Delayed 2 second(s)

2018-05-28 13:08:55 - [TEST_STEP][PASSED] - Statement - RequestedQty = com.kms.katalon.core.webui.keyword.WebUiBuiltInKeywords.getAttribute(com.kms.katalon.core.testobject.ObjectRepository.findTestObject(DispensaryToStore/Page_Store/input_txttotal), "value"): Attribute 'value' of object 'Object Repository/DispensaryToStore/Page_Store/input_txttotal' is: '10'

2018-05-28 13:08:55 - [MESSAGE][PASSED] - Attribute 'value' of object 'Object Repository/DispensaryToStore/Page_Store/input_txttotal' is: '10'

2018-05-28 13:08:55 - [TEST_STEP][PASSED] - Statement - out.println("Requested QTY : " + RequestedQty): null

2018-05-28 13:08:55 - [TEST_STEP][PASSED] - Statement - BatchNumber = com.kms.katalon.core.webui.keyword.WebUiBuiltInKeywords.getNumberOfTotalOption(com.kms.katalon.core.testobject.ObjectRepository.findTestObject(DispensaryToStore/Page_Store/select_--Select--BA1170BA2376B)): 2 options of object 'Object Repository/DispensaryToStore/Page_Store/select_--Select--BA1170BA2376B' counted

2018-05-28 13:08:55 - [MESSAGE][PASSED] - 2 options of object 'Object Repository/DispensaryToStore/Page_Store/select_--Select--BA1170BA2376B' counted

2018-05-28 13:08:55 - [TEST_STEP][PASSED] - Statement - For ([g = 1, g <= BatchNumber - 1, (g++)]): null

2018-05-28 13:08:55 - [TEST_STEP][PASSED] - selectOptionByIndex: All options with index in [1] are selected on object 'Object Repository/DispensaryToStore/Page_Store/select_--Select--BA1170BA2376B'

2018-05-28 13:08:55 - [MESSAGE][PASSED] - All options with index in [1] are selected on object 'Object Repository/DispensaryToStore/Page_Store/select_--Select--BA1170BA2376B'

2018-05-28 13:08:55 - [TEST_STEP][PASSED] - Statement - Try: null

2018-05-28 13:08:55 - [TEST_STEP][PASSED] - Statement - StockQty = com.kms.katalon.core.webui.keyword.WebUiBuiltInKeywords.getAttribute(com.kms.katalon.core.testobject.ObjectRepository.findTestObject(DispensaryToStore/Page_Store/input_txtprice), "value"): Attribute 'value' of object 'Object Repository/DispensaryToStore/Page_Store/input_txtprice' is: '170'

2018-05-28 13:08:55 - [MESSAGE][PASSED] - Attribute 'value' of object 'Object Repository/DispensaryToStore/Page_Store/input_txtprice' is: '170'

2018-05-28 13:08:55 - [TEST_STEP][PASSED] - Statement - out.println("Stock QTY : " + StockQty): null

2018-05-28 13:08:55 - [TEST_STEP][PASSED] - delay: Delayed 2 second(s)

2018-05-28 13:08:57 - [MESSAGE][PASSED] - Delayed 2 second(s)

2018-05-28 13:08:57 - [TEST_STEP][PASSED] - Statement - If (java.lang.String.valueOf(StockQty) >= java.lang.String.valueOf(RequestedQty)): null

2018-05-28 13:08:57 - [TEST_STEP][PASSED] - setText: Text '10' is set on object 'Object Repository/DispensaryToStore/Page_Store/input_txtqty'

2018-05-28 13:08:57 - [MESSAGE][PASSED] - Text '10' is set on object 'Object Repository/DispensaryToStore/Page_Store/input_txtqty'

2018-05-28 13:08:57 - [TEST_STEP][PASSED] - click: Object: 'Object Repository/DispensaryToStore/Page_Store/button_Add' is clicked on

2018-05-28 13:08:57 - [MESSAGE][PASSED] - Object: 'Object Repository/DispensaryToStore/Page_Store/button_Add' is clicked on

2018-05-28 13:08:57 - [TEST_STEP][PASSED] - Statement - Break: null

2018-05-28 13:08:57 - [TEST_STEP][PASSED] - selectOptionByIndex: All options with index in [65] are selected on object 'Object Repository/DispensaryToStore/Page_Store/select_--Select--Adernaline 0.'

2018-05-28 13:08:58 - [MESSAGE][PASSED] - All options with index in [65] are selected on object 'Object Repository/DispensaryToStore/Page_Store/select_--Select--Adernaline 0.'

2018-05-28 13:08:58 - [TEST_STEP][PASSED] - delay: Delayed 2 second(s)

2018-05-28 13:09:00 - [MESSAGE][PASSED] - Delayed 2 second(s)

2018-05-28 13:09:00 - [TEST_STEP][PASSED] - Statement - RequestedQty = com.kms.katalon.core.webui.keyword.WebUiBuiltInKeywords.getAttribute(com.kms.katalon.core.testobject.ObjectRepository.findTestObject(DispensaryToStore/Page_Store/input_txttotal), "value"): Attribute 'value' of object 'Object Repository/DispensaryToStore/Page_Store/input_txttotal' is: '10'

2018-05-28 13:09:00 - [MESSAGE][PASSED] - Attribute 'value' of object 'Object Repository/DispensaryToStore/Page_Store/input_txttotal' is: '10'

2018-05-28 13:09:00 - [TEST_STEP][PASSED] - Statement - out.println("Requested QTY : " + RequestedQty): null

2018-05-28 13:09:00 - [TEST_STEP][PASSED] - Statement - BatchNumber = com.kms.katalon.core.webui.keyword.WebUiBuiltInKeywords.getNumberOfTotalOption(com.kms.katalon.core.testobject.ObjectRepository.findTestObject(DispensaryToStore/Page_Store/select_--Select--BA1170BA2376B)): 2 options of object 'Object Repository/DispensaryToStore/Page_Store/select_--Select--BA1170BA2376B' counted

2018-05-28 13:09:00 - [MESSAGE][PASSED] - 2 options of object 'Object Repository/DispensaryToStore/Page_Store/select_--Select--BA1170BA2376B' counted

2018-05-28 13:09:00 - [TEST_STEP][PASSED] - Statement - For ([g = 1, g <= BatchNumber - 1, (g++)]): null

2018-05-28 13:09:00 - [TEST_STEP][PASSED] - selectOptionByIndex: All options with index in [1] are selected on object 'Object Repository/DispensaryToStore/Page_Store/select_--Select--BA1170BA2376B'

2018-05-28 13:09:00 - [MESSAGE][PASSED] - All options with index in [1] are selected on object 'Object Repository/DispensaryToStore/Page_Store/select_--Select--BA1170BA2376B'

2018-05-28 13:09:00 - [TEST_STEP][PASSED] - Statement - Try: null

2018-05-28 13:09:00 - [TEST_STEP][PASSED] - Statement - StockQty = com.kms.katalon.core.webui.keyword.WebUiBuiltInKeywords.getAttribute(com.kms.katalon.core.testobject.ObjectRepository.findTestObject(DispensaryToStore/Page_Store/input_txtprice), "value"): Attribute 'value' of object 'Object Repository/DispensaryToStore/Page_Store/input_txtprice' is: '170'

2018-05-28 13:09:00 - [MESSAGE][PASSED] - Attribute 'value' of object 'Object Repository/DispensaryToStore/Page_Store/input_txtprice' is: '170'

2018-05-28 13:09:00 - [TEST_STEP][PASSED] - Statement - out.println("Stock QTY : " + StockQty): null

2018-05-28 13:09:00 - [TEST_STEP][PASSED] - delay: Delayed 2 second(s)

2018-05-28 13:09:02 - [MESSAGE][PASSED] - Delayed 2 second(s)

2018-05-28 13:09:02 - [TEST_STEP][PASSED] - Statement - If (java.lang.String.valueOf(StockQty) >= java.lang.String.valueOf(RequestedQty)): null

2018-05-28 13:09:02 - [TEST_STEP][PASSED] - setText: Text '10' is set on object 'Object Repository/DispensaryToStore/Page_Store/input_txtqty'

2018-05-28 13:09:02 - [MESSAGE][PASSED] - Text '10' is set on object 'Object Repository/DispensaryToStore/Page_Store/input_txtqty'

2018-05-28 13:09:02 - [TEST_STEP][PASSED] - click: Object: 'Object Repository/DispensaryToStore/Page_Store/button_Add' is clicked on

2018-05-28 13:09:02 - [MESSAGE][PASSED] - Object: 'Object Repository/DispensaryToStore/Page_Store/button_Add' is clicked on

2018-05-28 13:09:02 - [TEST_STEP][PASSED] - Statement - Break: null

2018-05-28 13:09:02 - [TEST_STEP][PASSED] - selectOptionByIndex: All options with index in [66] are selected on object 'Object Repository/DispensaryToStore/Page_Store/select_--Select--Adernaline 0.'

2018-05-28 13:09:03 - [MESSAGE][PASSED] - All options with index in [66] are selected on object 'Object Repository/DispensaryToStore/Page_Store/select_--Select--Adernaline 0.'

2018-05-28 13:09:03 - [TEST_STEP][PASSED] - delay: Delayed 2 second(s)

2018-05-28 13:09:05 - [MESSAGE][PASSED] - Delayed 2 second(s)

2018-05-28 13:09:05 - [TEST_STEP][PASSED] - Statement - RequestedQty = com.kms.katalon.core.webui.keyword.WebUiBuiltInKeywords.getAttribute(com.kms.katalon.core.testobject.ObjectRepository.findTestObject(DispensaryToStore/Page_Store/input_txttotal), "value"): Attribute 'value' of object 'Object Repository/DispensaryToStore/Page_Store/input_txttotal' is: '10'

2018-05-28 13:09:05 - [MESSAGE][PASSED] - Attribute 'value' of object 'Object Repository/DispensaryToStore/Page_Store/input_txttotal' is: '10'

2018-05-28 13:09:05 - [TEST_STEP][PASSED] - Statement - out.println("Requested QTY : " + RequestedQty): null

2018-05-28 13:09:05 - [TEST_STEP][PASSED] - Statement - BatchNumber = com.kms.katalon.core.webui.keyword.WebUiBuiltInKeywords.getNumberOfTotalOption(com.kms.katalon.core.testobject.ObjectRepository.findTestObject(DispensaryToStore/Page_Store/select_--Select--BA1170BA2376B)): 2 options of object 'Object Repository/DispensaryToStore/Page_Store/select_--Select--BA1170BA2376B' counted

2018-05-28 13:09:05 - [MESSAGE][PASSED] - 2 options of object 'Object Repository/DispensaryToStore/Page_Store/select_--Select--BA1170BA2376B' counted

2018-05-28 13:09:05 - [TEST_STEP][PASSED] - Statement - For ([g = 1, g <= BatchNumber - 1, (g++)]): null

2018-05-28 13:09:05 - [TEST_STEP][PASSED] - selectOptionByIndex: All options with index in [1] are selected on object 'Object Repository/DispensaryToStore/Page_Store/select_--Select--BA1170BA2376B'

2018-05-28 13:09:05 - [MESSAGE][PASSED] - All options with index in [1] are selected on object 'Object Repository/DispensaryToStore/Page_Store/select_--Select--BA1170BA2376B'

2018-05-28 13:09:05 - [TEST_STEP][PASSED] - Statement - Try: null

2018-05-28 13:09:05 - [TEST_STEP][PASSED] - Statement - StockQty = com.kms.katalon.core.webui.keyword.WebUiBuiltInKeywords.getAttribute(com.kms.katalon.core.testobject.ObjectRepository.findTestObject(DispensaryToStore/Page_Store/input_txtprice), "value"): Attribute 'value' of object 'Object Repository/DispensaryToStore/Page_Store/input_txtprice' is: '170'

2018-05-28 13:09:05 - [MESSAGE][PASSED] - Attribute 'value' of object 'Object Repository/DispensaryToStore/Page_Store/input_txtprice' is: '170'

2018-05-28 13:09:05 - [TEST_STEP][PASSED] - Statement - out.println("Stock QTY : " + StockQty): null

2018-05-28 13:09:05 - [TEST_STEP][PASSED] - delay: Delayed 2 second(s)

2018-05-28 13:09:07 - [MESSAGE][PASSED] - Delayed 2 second(s)

2018-05-28 13:09:07 - [TEST_STEP][PASSED] - Statement - If (java.lang.String.valueOf(StockQty) >= java.lang.String.valueOf(RequestedQty)): null

2018-05-28 13:09:07 - [TEST_STEP][PASSED] - setText: Text '10' is set on object 'Object Repository/DispensaryToStore/Page_Store/input_txtqty'

2018-05-28 13:09:07 - [MESSAGE][PASSED] - Text '10' is set on object 'Object Repository/DispensaryToStore/Page_Store/input_txtqty'

2018-05-28 13:09:07 - [TEST_STEP][PASSED] - click: Object: 'Object Repository/DispensaryToStore/Page_Store/button_Add' is clicked on

2018-05-28 13:09:08 - [MESSAGE][PASSED] - Object: 'Object Repository/DispensaryToStore/Page_Store/button_Add' is clicked on

2018-05-28 13:09:08 - [TEST_STEP][PASSED] - Statement - Break: null

2018-05-28 13:09:08 - [TEST_STEP][PASSED] - selectOptionByIndex: All options with index in [67] are selected on object 'Object Repository/DispensaryToStore/Page_Store/select_--Select--Adernaline 0.'

2018-05-28 13:09:08 - [MESSAGE][PASSED] - All options with index in [67] are selected on object 'Object Repository/DispensaryToStore/Page_Store/select_--Select--Adernaline 0.'

2018-05-28 13:09:08 - [TEST_STEP][PASSED] - delay: Delayed 2 second(s)

2018-05-28 13:09:10 - [MESSAGE][PASSED] - Delayed 2 second(s)

2018-05-28 13:09:10 - [TEST_STEP][PASSED] - Statement - RequestedQty = com.kms.katalon.core.webui.keyword.WebUiBuiltInKeywords.getAttribute(com.kms.katalon.core.testobject.ObjectRepository.findTestObject(DispensaryToStore/Page_Store/input_txttotal), "value"): Attribute 'value' of object 'Object Repository/DispensaryToStore/Page_Store/input_txttotal' is: '10'

2018-05-28 13:09:10 - [MESSAGE][PASSED] - Attribute 'value' of object 'Object Repository/DispensaryToStore/Page_Store/input_txttotal' is: '10'

2018-05-28 13:09:10 - [TEST_STEP][PASSED] - Statement - out.println("Requested QTY : " + RequestedQty): null

2018-05-28 13:09:10 - [TEST_STEP][PASSED] - Statement - BatchNumber = com.kms.katalon.core.webui.keyword.WebUiBuiltInKeywords.getNumberOfTotalOption(com.kms.katalon.core.testobject.ObjectRepository.findTestObject(DispensaryToStore/Page_Store/select_--Select--BA1170BA2376B)): 2 options of object 'Object Repository/DispensaryToStore/Page_Store/select_--Select--BA1170BA2376B' counted

2018-05-28 13:09:10 - [MESSAGE][PASSED] - 2 options of object 'Object Repository/DispensaryToStore/Page_Store/select_--Select--BA1170BA2376B' counted

2018-05-28 13:09:10 - [TEST_STEP][PASSED] - Statement - For ([g = 1, g <= BatchNumber - 1, (g++)]): null

2018-05-28 13:09:10 - [TEST_STEP][PASSED] - selectOptionByIndex: All options with index in [1] are selected on object 'Object Repository/DispensaryToStore/Page_Store/select_--Select--BA1170BA2376B'

2018-05-28 13:09:11 - [MESSAGE][PASSED] - All options with index in [1] are selected on object 'Object Repository/DispensaryToStore/Page_Store/select_--Select--BA1170BA2376B'

2018-05-28 13:09:11 - [TEST_STEP][PASSED] - Statement - Try: null

2018-05-28 13:09:11 - [TEST_STEP][PASSED] - Statement - StockQty = com.kms.katalon.core.webui.keyword.WebUiBuiltInKeywords.getAttribute(com.kms.katalon.core.testobject.ObjectRepository.findTestObject(DispensaryToStore/Page_Store/input_txtprice), "value"): Attribute 'value' of object 'Object Repository/DispensaryToStore/Page_Store/input_txtprice' is: '170'

2018-05-28 13:09:11 - [MESSAGE][PASSED] - Attribute 'value' of object 'Object Repository/DispensaryToStore/Page_Store/input_txtprice' is: '170'

2018-05-28 13:09:11 - [TEST_STEP][PASSED] - Statement - out.println("Stock QTY : " + StockQty): null

2018-05-28 13:09:11 - [TEST_STEP][PASSED] - delay: Delayed 2 second(s)

2018-05-28 13:09:13 - [MESSAGE][PASSED] - Delayed 2 second(s)

2018-05-28 13:09:13 - [TEST_STEP][PASSED] - Statement - If (java.lang.String.valueOf(StockQty) >= java.lang.String.valueOf(RequestedQty)): null

2018-05-28 13:09:13 - [TEST_STEP][PASSED] - setText: Text '10' is set on object 'Object Repository/DispensaryToStore/Page_Store/input_txtqty'

2018-05-28 13:09:13 - [MESSAGE][PASSED] - Text '10' is set on object 'Object Repository/DispensaryToStore/Page_Store/input_txtqty'

2018-05-28 13:09:13 - [TEST_STEP][PASSED] - click: Object: 'Object Repository/DispensaryToStore/Page_Store/button_Add' is clicked on

2018-05-28 13:09:13 - [MESSAGE][PASSED] - Object: 'Object Repository/DispensaryToStore/Page_Store/button_Add' is clicked on

2018-05-28 13:09:13 - [TEST_STEP][PASSED] - Statement - Break: null

2018-05-28 13:09:13 - [TEST_STEP][PASSED] - selectOptionByIndex: All options with index in [68] are selected on object 'Object Repository/DispensaryToStore/Page_Store/select_--Select--Adernaline 0.'

2018-05-28 13:09:13 - [MESSAGE][PASSED] - All options with index in [68] are selected on object 'Object Repository/DispensaryToStore/Page_Store/select_--Select--Adernaline 0.'

2018-05-28 13:09:13 - [TEST_STEP][PASSED] - delay: Delayed 2 second(s)

2018-05-28 13:09:15 - [MESSAGE][PASSED] - Delayed 2 second(s)

2018-05-28 13:09:15 - [TEST_STEP][PASSED] - Statement - RequestedQty = com.kms.katalon.core.webui.keyword.WebUiBuiltInKeywords.getAttribute(com.kms.katalon.core.testobject.ObjectRepository.findTestObject(DispensaryToStore/Page_Store/input_txttotal), "value"): Attribute 'value' of object 'Object Repository/DispensaryToStore/Page_Store/input_txttotal' is: '10'

2018-05-28 13:09:15 - [MESSAGE][PASSED] - Attribute 'value' of object 'Object Repository/DispensaryToStore/Page_Store/input_txttotal' is: '10'

2018-05-28 13:09:15 - [TEST_STEP][PASSED] - Statement - out.println("Requested QTY : " + RequestedQty): null

2018-05-28 13:09:15 - [TEST_STEP][PASSED] - Statement - BatchNumber = com.kms.katalon.core.webui.keyword.WebUiBuiltInKeywords.getNumberOfTotalOption(com.kms.katalon.core.testobject.ObjectRepository.findTestObject(DispensaryToStore/Page_Store/select_--Select--BA1170BA2376B)): 2 options of object 'Object Repository/DispensaryToStore/Page_Store/select_--Select--BA1170BA2376B' counted

2018-05-28 13:09:16 - [MESSAGE][PASSED] - 2 options of object 'Object Repository/DispensaryToStore/Page_Store/select_--Select--BA1170BA2376B' counted

2018-05-28 13:09:16 - [TEST_STEP][PASSED] - Statement - For ([g = 1, g <= BatchNumber - 1, (g++)]): null

2018-05-28 13:09:16 - [TEST_STEP][PASSED] - selectOptionByIndex: All options with index in [1] are selected on object 'Object Repository/DispensaryToStore/Page_Store/select_--Select--BA1170BA2376B'

2018-05-28 13:09:16 - [MESSAGE][PASSED] - All options with index in [1] are selected on object 'Object Repository/DispensaryToStore/Page_Store/select_--Select--BA1170BA2376B'

2018-05-28 13:09:16 - [TEST_STEP][PASSED] - Statement - Try: null

2018-05-28 13:09:16 - [TEST_STEP][PASSED] - Statement - StockQty = com.kms.katalon.core.webui.keyword.WebUiBuiltInKeywords.getAttribute(com.kms.katalon.core.testobject.ObjectRepository.findTestObject(DispensaryToStore/Page_Store/input_txtprice), "value"): Attribute 'value' of object 'Object Repository/DispensaryToStore/Page_Store/input_txtprice' is: '170'

2018-05-28 13:09:16 - [MESSAGE][PASSED] - Attribute 'value' of object 'Object Repository/DispensaryToStore/Page_Store/input_txtprice' is: '170'

2018-05-28 13:09:16 - [TEST_STEP][PASSED] - Statement - out.println("Stock QTY : " + StockQty): null

2018-05-28 13:09:16 - [TEST_STEP][PASSED] - delay: Delayed 2 second(s)

2018-05-28 13:09:18 - [MESSAGE][PASSED] - Delayed 2 second(s)

2018-05-28 13:09:18 - [TEST_STEP][PASSED] - Statement - If (java.lang.String.valueOf(StockQty) >= java.lang.String.valueOf(RequestedQty)): null

2018-05-28 13:09:18 - [TEST_STEP][PASSED] - setText: Text '10' is set on object 'Object Repository/DispensaryToStore/Page_Store/input_txtqty'

2018-05-28 13:09:18 - [MESSAGE][PASSED] - Text '10' is set on object 'Object Repository/DispensaryToStore/Page_Store/input_txtqty'

2018-05-28 13:09:18 - [TEST_STEP][PASSED] - click: Object: 'Object Repository/DispensaryToStore/Page_Store/button_Add' is clicked on

2018-05-28 13:09:18 - [MESSAGE][PASSED] - Object: 'Object Repository/DispensaryToStore/Page_Store/button_Add' is clicked on

2018-05-28 13:09:18 - [TEST_STEP][PASSED] - Statement - Break: null

2018-05-28 13:09:18 - [TEST_STEP][PASSED] - selectOptionByIndex: All options with index in [69] are selected on object 'Object Repository/DispensaryToStore/Page_Store/select_--Select--Adernaline 0.'

2018-05-28 13:09:19 - [MESSAGE][PASSED] - All options with index in [69] are selected on object 'Object Repository/DispensaryToStore/Page_Store/select_--Select--Adernaline 0.'

2018-05-28 13:09:19 - [TEST_STEP][PASSED] - delay: Delayed 2 second(s)

2018-05-28 13:09:21 - [MESSAGE][PASSED] - Delayed 2 second(s)

2018-05-28 13:09:21 - [TEST_STEP][PASSED] - Statement - RequestedQty = com.kms.katalon.core.webui.keyword.WebUiBuiltInKeywords.getAttribute(com.kms.katalon.core.testobject.ObjectRepository.findTestObject(DispensaryToStore/Page_Store/input_txttotal), "value"): Attribute 'value' of object 'Object Repository/DispensaryToStore/Page_Store/input_txttotal' is: '10'

2018-05-28 13:09:21 - [MESSAGE][PASSED] - Attribute 'value' of object 'Object Repository/DispensaryToStore/Page_Store/input_txttotal' is: '10'

2018-05-28 13:09:21 - [TEST_STEP][PASSED] - Statement - out.println("Requested QTY : " + RequestedQty): null

2018-05-28 13:09:21 - [TEST_STEP][PASSED] - Statement - BatchNumber = com.kms.katalon.core.webui.keyword.WebUiBuiltInKeywords.getNumberOfTotalOption(com.kms.katalon.core.testobject.ObjectRepository.findTestObject(DispensaryToStore/Page_Store/select_--Select--BA1170BA2376B)): 2 options of object 'Object Repository/DispensaryToStore/Page_Store/select_--Select--BA1170BA2376B' counted

2018-05-28 13:09:21 - [MESSAGE][PASSED] - 2 options of object 'Object Repository/DispensaryToStore/Page_Store/select_--Select--BA1170BA2376B' counted

2018-05-28 13:09:21 - [TEST_STEP][PASSED] - Statement - For ([g = 1, g <= BatchNumber - 1, (g++)]): null

2018-05-28 13:09:21 - [TEST_STEP][PASSED] - selectOptionByIndex: All options with index in [1] are selected on object 'Object Repository/DispensaryToStore/Page_Store/select_--Select--BA1170BA2376B'

2018-05-28 13:09:21 - [MESSAGE][PASSED] - All options with index in [1] are selected on object 'Object Repository/DispensaryToStore/Page_Store/select_--Select--BA1170BA2376B'

2018-05-28 13:09:21 - [TEST_STEP][PASSED] - Statement - Try: null

2018-05-28 13:09:21 - [TEST_STEP][PASSED] - Statement - StockQty = com.kms.katalon.core.webui.keyword.WebUiBuiltInKeywords.getAttribute(com.kms.katalon.core.testobject.ObjectRepository.findTestObject(DispensaryToStore/Page_Store/input_txtprice), "value"): Attribute 'value' of object 'Object Repository/DispensaryToStore/Page_Store/input_txtprice' is: ''

2018-05-28 13:09:21 - [MESSAGE][PASSED] - Attribute 'value' of object 'Object Repository/DispensaryToStore/Page_Store/input_txtprice' is: ''

2018-05-28 13:09:21 - [TEST_STEP][PASSED] - Statement - out.println("Stock QTY : " + StockQty): null

2018-05-28 13:09:21 - [TEST_STEP][PASSED] - delay: Delayed 2 second(s)

2018-05-28 13:09:23 - [MESSAGE][PASSED] - Delayed 2 second(s)

2018-05-28 13:09:23 - [TEST_STEP][PASSED] - Statement - If (java.lang.String.valueOf(StockQty) >= java.lang.String.valueOf(RequestedQty)): null

2018-05-28 13:09:23 - [TEST_STEP][PASSED] - Statement - Else: null

2018-05-28 13:09:23 - [TEST_STEP][PASSED] - Statement - out.println("Stock Is Less Than Requested Qty"): null

2018-05-28 13:09:23 - [TEST_STEP][PASSED] - selectOptionByIndex: All options with index in [70] are selected on object 'Object Repository/DispensaryToStore/Page_Store/select_--Select--Adernaline 0.'

2018-05-28 13:09:24 - [MESSAGE][PASSED] - All options with index in [70] are selected on object 'Object Repository/DispensaryToStore/Page_Store/select_--Select--Adernaline 0.'

2018-05-28 13:09:24 - [TEST_STEP][PASSED] - delay: Delayed 2 second(s)

2018-05-28 13:09:26 - [MESSAGE][PASSED] - Delayed 2 second(s)

2018-05-28 13:09:26 - [TEST_STEP][PASSED] - Statement - RequestedQty = com.kms.katalon.core.webui.keyword.WebUiBuiltInKeywords.getAttribute(com.kms.katalon.core.testobject.ObjectRepository.findTestObject(DispensaryToStore/Page_Store/input_txttotal), "value"): Attribute 'value' of object 'Object Repository/DispensaryToStore/Page_Store/input_txttotal' is: '10'

2018-05-28 13:09:26 - [MESSAGE][PASSED] - Attribute 'value' of object 'Object Repository/DispensaryToStore/Page_Store/input_txttotal' is: '10'

2018-05-28 13:09:26 - [TEST_STEP][PASSED] - Statement - out.println("Requested QTY : " + RequestedQty): null

2018-05-28 13:09:26 - [TEST_STEP][PASSED] - Statement - BatchNumber = com.kms.katalon.core.webui.keyword.WebUiBuiltInKeywords.getNumberOfTotalOption(com.kms.katalon.core.testobject.ObjectRepository.findTestObject(DispensaryToStore/Page_Store/select_--Select--BA1170BA2376B)): 2 options of object 'Object Repository/DispensaryToStore/Page_Store/select_--Select--BA1170BA2376B' counted

2018-05-28 13:09:26 - [MESSAGE][PASSED] - 2 options of object 'Object Repository/DispensaryToStore/Page_Store/select_--Select--BA1170BA2376B' counted

2018-05-28 13:09:26 - [TEST_STEP][PASSED] - Statement - For ([g = 1, g <= BatchNumber - 1, (g++)]): null

2018-05-28 13:09:26 - [TEST_STEP][PASSED] - selectOptionByIndex: All options with index in [1] are selected on object 'Object Repository/DispensaryToStore/Page_Store/select_--Select--BA1170BA2376B'

2018-05-28 13:09:26 - [MESSAGE][PASSED] - All options with index in [1] are selected on object 'Object Repository/DispensaryToStore/Page_Store/select_--Select--BA1170BA2376B'

2018-05-28 13:09:26 - [TEST_STEP][PASSED] - Statement - Try: null

2018-05-28 13:09:26 - [TEST_STEP][PASSED] - Statement - StockQty = com.kms.katalon.core.webui.keyword.WebUiBuiltInKeywords.getAttribute(com.kms.katalon.core.testobject.ObjectRepository.findTestObject(DispensaryToStore/Page_Store/input_txtprice), "value"): Attribute 'value' of object 'Object Repository/DispensaryToStore/Page_Store/input_txtprice' is: '170'

2018-05-28 13:09:26 - [MESSAGE][PASSED] - Attribute 'value' of object 'Object Repository/DispensaryToStore/Page_Store/input_txtprice' is: '170'

2018-05-28 13:09:26 - [TEST_STEP][PASSED] - Statement - out.println("Stock QTY : " + StockQty): null

2018-05-28 13:09:26 - [TEST_STEP][PASSED] - delay: Delayed 2 second(s)

2018-05-28 13:09:28 - [MESSAGE][PASSED] - Delayed 2 second(s)

2018-05-28 13:09:28 - [TEST_STEP][PASSED] - Statement - If (java.lang.String.valueOf(StockQty) >= java.lang.String.valueOf(RequestedQty)): null

2018-05-28 13:09:28 - [TEST_STEP][PASSED] - setText: Text '10' is set on object 'Object Repository/DispensaryToStore/Page_Store/input_txtqty'

2018-05-28 13:09:28 - [MESSAGE][PASSED] - Text '10' is set on object 'Object Repository/DispensaryToStore/Page_Store/input_txtqty'

2018-05-28 13:09:28 - [TEST_STEP][PASSED] - click: Object: 'Object Repository/DispensaryToStore/Page_Store/button_Add' is clicked on

2018-05-28 13:09:28 - [MESSAGE][PASSED] - Object: 'Object Repository/DispensaryToStore/Page_Store/button_Add' is clicked on

2018-05-28 13:09:28 - [TEST_STEP][PASSED] - Statement - Break: null

2018-05-28 13:09:28 - [TEST_STEP][PASSED] - selectOptionByIndex: All options with index in [71] are selected on object 'Object Repository/DispensaryToStore/Page_Store/select_--Select--Adernaline 0.'

2018-05-28 13:09:29 - [MESSAGE][PASSED] - All options with index in [71] are selected on object 'Object Repository/DispensaryToStore/Page_Store/select_--Select--Adernaline 0.'

2018-05-28 13:09:29 - [TEST_STEP][PASSED] - delay: Delayed 2 second(s)

2018-05-28 13:09:31 - [MESSAGE][PASSED] - Delayed 2 second(s)

2018-05-28 13:09:31 - [TEST_STEP][PASSED] - Statement - RequestedQty = com.kms.katalon.core.webui.keyword.WebUiBuiltInKeywords.getAttribute(com.kms.katalon.core.testobject.ObjectRepository.findTestObject(DispensaryToStore/Page_Store/input_txttotal), "value"): Attribute 'value' of object 'Object Repository/DispensaryToStore/Page_Store/input_txttotal' is: '10'

2018-05-28 13:09:31 - [MESSAGE][PASSED] - Attribute 'value' of object 'Object Repository/DispensaryToStore/Page_Store/input_txttotal' is: '10'

2018-05-28 13:09:31 - [TEST_STEP][PASSED] - Statement - out.println("Requested QTY : " + RequestedQty): null

2018-05-28 13:09:31 - [TEST_STEP][PASSED] - Statement - BatchNumber = com.kms.katalon.core.webui.keyword.WebUiBuiltInKeywords.getNumberOfTotalOption(com.kms.katalon.core.testobject.ObjectRepository.findTestObject(DispensaryToStore/Page_Store/select_--Select--BA1170BA2376B)): 2 options of object 'Object Repository/DispensaryToStore/Page_Store/select_--Select--BA1170BA2376B' counted

2018-05-28 13:09:31 - [MESSAGE][PASSED] - 2 options of object 'Object Repository/DispensaryToStore/Page_Store/select_--Select--BA1170BA2376B' counted

2018-05-28 13:09:31 - [TEST_STEP][PASSED] - Statement - For ([g = 1, g <= BatchNumber - 1, (g++)]): null

2018-05-28 13:09:31 - [TEST_STEP][PASSED] - selectOptionByIndex: All options with index in [1] are selected on object 'Object Repository/DispensaryToStore/Page_Store/select_--Select--BA1170BA2376B'

2018-05-28 13:09:31 - [MESSAGE][PASSED] - All options with index in [1] are selected on object 'Object Repository/DispensaryToStore/Page_Store/select_--Select--BA1170BA2376B'

2018-05-28 13:09:31 - [TEST_STEP][PASSED] - Statement - Try: null

2018-05-28 13:09:31 - [TEST_STEP][PASSED] - Statement - StockQty = com.kms.katalon.core.webui.keyword.WebUiBuiltInKeywords.getAttribute(com.kms.katalon.core.testobject.ObjectRepository.findTestObject(DispensaryToStore/Page_Store/input_txtprice), "value"): Attribute 'value' of object 'Object Repository/DispensaryToStore/Page_Store/input_txtprice' is: '170'

2018-05-28 13:09:31 - [MESSAGE][PASSED] - Attribute 'value' of object 'Object Repository/DispensaryToStore/Page_Store/input_txtprice' is: '170'

2018-05-28 13:09:31 - [TEST_STEP][PASSED] - Statement - out.println("Stock QTY : " + StockQty): null

2018-05-28 13:09:31 - [TEST_STEP][PASSED] - delay: Delayed 2 second(s)

2018-05-28 13:09:33 - [MESSAGE][PASSED] - Delayed 2 second(s)

2018-05-28 13:09:33 - [TEST_STEP][PASSED] - Statement - If (java.lang.String.valueOf(StockQty) >= java.lang.String.valueOf(RequestedQty)): null

2018-05-28 13:09:33 - [TEST_STEP][PASSED] - setText: Text '10' is set on object 'Object Repository/DispensaryToStore/Page_Store/input_txtqty'

2018-05-28 13:09:33 - [MESSAGE][PASSED] - Text '10' is set on object 'Object Repository/DispensaryToStore/Page_Store/input_txtqty'

2018-05-28 13:09:33 - [TEST_STEP][PASSED] - click: Object: 'Object Repository/DispensaryToStore/Page_Store/button_Add' is clicked on

2018-05-28 13:09:34 - [MESSAGE][PASSED] - Object: 'Object Repository/DispensaryToStore/Page_Store/button_Add' is clicked on

2018-05-28 13:09:34 - [TEST_STEP][PASSED] - Statement - Break: null

2018-05-28 13:09:34 - [TEST_STEP][PASSED] - selectOptionByIndex: All options with index in [72] are selected on object 'Object Repository/DispensaryToStore/Page_Store/select_--Select--Adernaline 0.'

2018-05-28 13:09:34 - [MESSAGE][PASSED] - All options with index in [72] are selected on object 'Object Repository/DispensaryToStore/Page_Store/select_--Select--Adernaline 0.'

2018-05-28 13:09:34 - [TEST_STEP][PASSED] - delay: Delayed 2 second(s)

2018-05-28 13:09:36 - [MESSAGE][PASSED] - Delayed 2 second(s)

2018-05-28 13:09:36 - [TEST_STEP][PASSED] - Statement - RequestedQty = com.kms.katalon.core.webui.keyword.WebUiBuiltInKeywords.getAttribute(com.kms.katalon.core.testobject.ObjectRepository.findTestObject(DispensaryToStore/Page_Store/input_txttotal), "value"): Attribute 'value' of object 'Object Repository/DispensaryToStore/Page_Store/input_txttotal' is: '10'

2018-05-28 13:09:36 - [MESSAGE][PASSED] - Attribute 'value' of object 'Object Repository/DispensaryToStore/Page_Store/input_txttotal' is: '10'

2018-05-28 13:09:36 - [TEST_STEP][PASSED] - Statement - out.println("Requested QTY : " + RequestedQty): null

2018-05-28 13:09:36 - [TEST_STEP][PASSED] - Statement - BatchNumber = com.kms.katalon.core.webui.keyword.WebUiBuiltInKeywords.getNumberOfTotalOption(com.kms.katalon.core.testobject.ObjectRepository.findTestObject(DispensaryToStore/Page_Store/select_--Select--BA1170BA2376B)): 2 options of object 'Object Repository/DispensaryToStore/Page_Store/select_--Select--BA1170BA2376B' counted

2018-05-28 13:09:36 - [MESSAGE][PASSED] - 2 options of object 'Object Repository/DispensaryToStore/Page_Store/select_--Select--BA1170BA2376B' counted

2018-05-28 13:09:36 - [TEST_STEP][PASSED] - Statement - For ([g = 1, g <= BatchNumber - 1, (g++)]): null

2018-05-28 13:09:36 - [TEST_STEP][PASSED] - selectOptionByIndex: All options with index in [1] are selected on object 'Object Repository/DispensaryToStore/Page_Store/select_--Select--BA1170BA2376B'

2018-05-28 13:09:37 - [MESSAGE][PASSED] - All options with index in [1] are selected on object 'Object Repository/DispensaryToStore/Page_Store/select_--Select--BA1170BA2376B'

2018-05-28 13:09:37 - [TEST_STEP][PASSED] - Statement - Try: null

2018-05-28 13:09:37 - [TEST_STEP][PASSED] - Statement - StockQty = com.kms.katalon.core.webui.keyword.WebUiBuiltInKeywords.getAttribute(com.kms.katalon.core.testobject.ObjectRepository.findTestObject(DispensaryToStore/Page_Store/input_txtprice), "value"): Attribute 'value' of object 'Object Repository/DispensaryToStore/Page_Store/input_txtprice' is: '170'

2018-05-28 13:09:37 - [MESSAGE][PASSED] - Attribute 'value' of object 'Object Repository/DispensaryToStore/Page_Store/input_txtprice' is: '170'

2018-05-28 13:09:37 - [TEST_STEP][PASSED] - Statement - out.println("Stock QTY : " + StockQty): null

2018-05-28 13:09:37 - [TEST_STEP][PASSED] - delay: Delayed 2 second(s)

2018-05-28 13:09:39 - [MESSAGE][PASSED] - Delayed 2 second(s)

2018-05-28 13:09:39 - [TEST_STEP][PASSED] - Statement - If (java.lang.String.valueOf(StockQty) >= java.lang.String.valueOf(RequestedQty)): null

2018-05-28 13:09:39 - [TEST_STEP][PASSED] - setText: Text '10' is set on object 'Object Repository/DispensaryToStore/Page_Store/input_txtqty'

2018-05-28 13:09:39 - [MESSAGE][PASSED] - Text '10' is set on object 'Object Repository/DispensaryToStore/Page_Store/input_txtqty'

2018-05-28 13:09:39 - [TEST_STEP][PASSED] - click: Object: 'Object Repository/DispensaryToStore/Page_Store/button_Add' is clicked on

2018-05-28 13:09:39 - [MESSAGE][PASSED] - Object: 'Object Repository/DispensaryToStore/Page_Store/button_Add' is clicked on

2018-05-28 13:09:39 - [TEST_STEP][PASSED] - Statement - Break: null

2018-05-28 13:09:39 - [TEST_STEP][PASSED] - selectOptionByIndex: All options with index in [73] are selected on object 'Object Repository/DispensaryToStore/Page_Store/select_--Select--Adernaline 0.'

2018-05-28 13:09:40 - [MESSAGE][PASSED] - All options with index in [73] are selected on object 'Object Repository/DispensaryToStore/Page_Store/select_--Select--Adernaline 0.'

2018-05-28 13:09:40 - [TEST_STEP][PASSED] - delay: Delayed 2 second(s)

2018-05-28 13:09:42 - [MESSAGE][PASSED] - Delayed 2 second(s)

2018-05-28 13:09:42 - [TEST_STEP][PASSED] - Statement - RequestedQty = com.kms.katalon.core.webui.keyword.WebUiBuiltInKeywords.getAttribute(com.kms.katalon.core.testobject.ObjectRepository.findTestObject(DispensaryToStore/Page_Store/input_txttotal), "value"): Attribute 'value' of object 'Object Repository/DispensaryToStore/Page_Store/input_txttotal' is: '10'

2018-05-28 13:09:42 - [MESSAGE][PASSED] - Attribute 'value' of object 'Object Repository/DispensaryToStore/Page_Store/input_txttotal' is: '10'

2018-05-28 13:09:42 - [TEST_STEP][PASSED] - Statement - out.println("Requested QTY : " + RequestedQty): null

2018-05-28 13:09:42 - [TEST_STEP][PASSED] - Statement - BatchNumber = com.kms.katalon.core.webui.keyword.WebUiBuiltInKeywords.getNumberOfTotalOption(com.kms.katalon.core.testobject.ObjectRepository.findTestObject(DispensaryToStore/Page_Store/select_--Select--BA1170BA2376B)): 2 options of object 'Object Repository/DispensaryToStore/Page_Store/select_--Select--BA1170BA2376B' counted

2018-05-28 13:09:42 - [MESSAGE][PASSED] - 2 options of object 'Object Repository/DispensaryToStore/Page_Store/select_--Select--BA1170BA2376B' counted

2018-05-28 13:09:42 - [TEST_STEP][PASSED] - Statement - For ([g = 1, g <= BatchNumber - 1, (g++)]): null

2018-05-28 13:09:42 - [TEST_STEP][PASSED] - selectOptionByIndex: All options with index in [1] are selected on object 'Object Repository/DispensaryToStore/Page_Store/select_--Select--BA1170BA2376B'

2018-05-28 13:09:42 - [MESSAGE][PASSED] - All options with index in [1] are selected on object 'Object Repository/DispensaryToStore/Page_Store/select_--Select--BA1170BA2376B'

2018-05-28 13:09:42 - [TEST_STEP][PASSED] - Statement - Try: null

2018-05-28 13:09:42 - [TEST_STEP][PASSED] - Statement - StockQty = com.kms.katalon.core.webui.keyword.WebUiBuiltInKeywords.getAttribute(com.kms.katalon.core.testobject.ObjectRepository.findTestObject(DispensaryToStore/Page_Store/input_txtprice), "value"): Attribute 'value' of object 'Object Repository/DispensaryToStore/Page_Store/input_txtprice' is: '170'

2018-05-28 13:09:42 - [MESSAGE][PASSED] - Attribute 'value' of object 'Object Repository/DispensaryToStore/Page_Store/input_txtprice' is: '170'

2018-05-28 13:09:42 - [TEST_STEP][PASSED] - Statement - out.println("Stock QTY : " + StockQty): null

2018-05-28 13:09:42 - [TEST_STEP][PASSED] - delay: Delayed 2 second(s)

2018-05-28 13:09:44 - [MESSAGE][PASSED] - Delayed 2 second(s)

2018-05-28 13:09:44 - [TEST_STEP][PASSED] - Statement - If (java.lang.String.valueOf(StockQty) >= java.lang.String.valueOf(RequestedQty)): null

2018-05-28 13:09:44 - [TEST_STEP][PASSED] - setText: Text '10' is set on object 'Object Repository/DispensaryToStore/Page_Store/input_txtqty'

2018-05-28 13:09:44 - [MESSAGE][PASSED] - Text '10' is set on object 'Object Repository/DispensaryToStore/Page_Store/input_txtqty'

2018-05-28 13:09:44 - [TEST_STEP][PASSED] - click: Object: 'Object Repository/DispensaryToStore/Page_Store/button_Add' is clicked on

2018-05-28 13:09:44 - [MESSAGE][PASSED] - Object: 'Object Repository/DispensaryToStore/Page_Store/button_Add' is clicked on

2018-05-28 13:09:44 - [TEST_STEP][PASSED] - Statement - Break: null

2018-05-28 13:09:44 - [TEST_STEP][PASSED] - selectOptionByIndex: All options with index in [74] are selected on object 'Object Repository/DispensaryToStore/Page_Store/select_--Select--Adernaline 0.'

2018-05-28 13:09:45 - [MESSAGE][PASSED] - All options with index in [74] are selected on object 'Object Repository/DispensaryToStore/Page_Store/select_--Select--Adernaline 0.'

2018-05-28 13:09:45 - [TEST_STEP][PASSED] - delay: Delayed 2 second(s)

2018-05-28 13:09:47 - [MESSAGE][PASSED] - Delayed 2 second(s)

2018-05-28 13:09:47 - [TEST_STEP][PASSED] - Statement - RequestedQty = com.kms.katalon.core.webui.keyword.WebUiBuiltInKeywords.getAttribute(com.kms.katalon.core.testobject.ObjectRepository.findTestObject(DispensaryToStore/Page_Store/input_txttotal), "value"): Attribute 'value' of object 'Object Repository/DispensaryToStore/Page_Store/input_txttotal' is: '10'

2018-05-28 13:09:47 - [MESSAGE][PASSED] - Attribute 'value' of object 'Object Repository/DispensaryToStore/Page_Store/input_txttotal' is: '10'

2018-05-28 13:09:47 - [TEST_STEP][PASSED] - Statement - out.println("Requested QTY : " + RequestedQty): null

2018-05-28 13:09:47 - [TEST_STEP][PASSED] - Statement - BatchNumber = com.kms.katalon.core.webui.keyword.WebUiBuiltInKeywords.getNumberOfTotalOption(com.kms.katalon.core.testobject.ObjectRepository.findTestObject(DispensaryToStore/Page_Store/select_--Select--BA1170BA2376B)): 2 options of object 'Object Repository/DispensaryToStore/Page_Store/select_--Select--BA1170BA2376B' counted

2018-05-28 13:09:47 - [MESSAGE][PASSED] - 2 options of object 'Object Repository/DispensaryToStore/Page_Store/select_--Select--BA1170BA2376B' counted

2018-05-28 13:09:47 - [TEST_STEP][PASSED] - Statement - For ([g = 1, g <= BatchNumber - 1, (g++)]): null

2018-05-28 13:09:47 - [TEST_STEP][PASSED] - selectOptionByIndex: All options with index in [1] are selected on object 'Object Repository/DispensaryToStore/Page_Store/select_--Select--BA1170BA2376B'

2018-05-28 13:09:47 - [MESSAGE][PASSED] - All options with index in [1] are selected on object 'Object Repository/DispensaryToStore/Page_Store/select_--Select--BA1170BA2376B'

2018-05-28 13:09:47 - [TEST_STEP][PASSED] - Statement - Try: null

2018-05-28 13:09:47 - [TEST_STEP][PASSED] - Statement - StockQty = com.kms.katalon.core.webui.keyword.WebUiBuiltInKeywords.getAttribute(com.kms.katalon.core.testobject.ObjectRepository.findTestObject(DispensaryToStore/Page_Store/input_txtprice), "value"): Attribute 'value' of object 'Object Repository/DispensaryToStore/Page_Store/input_txtprice' is: '180'

2018-05-28 13:09:47 - [MESSAGE][PASSED] - Attribute 'value' of object 'Object Repository/DispensaryToStore/Page_Store/input_txtprice' is: '180'

2018-05-28 13:09:47 - [TEST_STEP][PASSED] - Statement - out.println("Stock QTY : " + StockQty): null

2018-05-28 13:09:47 - [TEST_STEP][PASSED] - delay: Delayed 2 second(s)

2018-05-28 13:09:49 - [MESSAGE][PASSED] - Delayed 2 second(s)

2018-05-28 13:09:49 - [TEST_STEP][PASSED] - Statement - If (java.lang.String.valueOf(StockQty) >= java.lang.String.valueOf(RequestedQty)): null

2018-05-28 13:09:49 - [TEST_STEP][PASSED] - setText: Text '10' is set on object 'Object Repository/DispensaryToStore/Page_Store/input_txtqty'

2018-05-28 13:09:49 - [MESSAGE][PASSED] - Text '10' is set on object 'Object Repository/DispensaryToStore/Page_Store/input_txtqty'

2018-05-28 13:09:49 - [TEST_STEP][PASSED] - click: Object: 'Object Repository/DispensaryToStore/Page_Store/button_Add' is clicked on

2018-05-28 13:09:49 - [MESSAGE][PASSED] - Object: 'Object Repository/DispensaryToStore/Page_Store/button_Add' is clicked on

2018-05-28 13:09:49 - [TEST_STEP][PASSED] - Statement - Break: null

2018-05-28 13:09:49 - [TEST_STEP][PASSED] - selectOptionByIndex: All options with index in [75] are selected on object 'Object Repository/DispensaryToStore/Page_Store/select_--Select--Adernaline 0.'

2018-05-28 13:09:50 - [MESSAGE][PASSED] - All options with index in [75] are selected on object 'Object Repository/DispensaryToStore/Page_Store/select_--Select--Adernaline 0.'

2018-05-28 13:09:50 - [TEST_STEP][PASSED] - delay: Delayed 2 second(s)

2018-05-28 13:09:52 - [MESSAGE][PASSED] - Delayed 2 second(s)

2018-05-28 13:09:52 - [TEST_STEP][PASSED] - Statement - RequestedQty = com.kms.katalon.core.webui.keyword.WebUiBuiltInKeywords.getAttribute(com.kms.katalon.core.testobject.ObjectRepository.findTestObject(DispensaryToStore/Page_Store/input_txttotal), "value"): Attribute 'value' of object 'Object Repository/DispensaryToStore/Page_Store/input_txttotal' is: '10'

2018-05-28 13:09:52 - [MESSAGE][PASSED] - Attribute 'value' of object 'Object Repository/DispensaryToStore/Page_Store/input_txttotal' is: '10'

2018-05-28 13:09:52 - [TEST_STEP][PASSED] - Statement - out.println("Requested QTY : " + RequestedQty): null

2018-05-28 13:09:52 - [TEST_STEP][PASSED] - Statement - BatchNumber = com.kms.katalon.core.webui.keyword.WebUiBuiltInKeywords.getNumberOfTotalOption(com.kms.katalon.core.testobject.ObjectRepository.findTestObject(DispensaryToStore/Page_Store/select_--Select--BA1170BA2376B)): 2 options of object 'Object Repository/DispensaryToStore/Page_Store/select_--Select--BA1170BA2376B' counted

2018-05-28 13:09:52 - [MESSAGE][PASSED] - 2 options of object 'Object Repository/DispensaryToStore/Page_Store/select_--Select--BA1170BA2376B' counted

2018-05-28 13:09:52 - [TEST_STEP][PASSED] - Statement - For ([g = 1, g <= BatchNumber - 1, (g++)]): null

2018-05-28 13:09:52 - [TEST_STEP][PASSED] - selectOptionByIndex: All options with index in [1] are selected on object 'Object Repository/DispensaryToStore/Page_Store/select_--Select--BA1170BA2376B'

2018-05-28 13:09:52 - [MESSAGE][PASSED] - All options with index in [1] are selected on object 'Object Repository/DispensaryToStore/Page_Store/select_--Select--BA1170BA2376B'

2018-05-28 13:09:52 - [TEST_STEP][PASSED] - Statement - Try: null

2018-05-28 13:09:52 - [TEST_STEP][PASSED] - Statement - StockQty = com.kms.katalon.core.webui.keyword.WebUiBuiltInKeywords.getAttribute(com.kms.katalon.core.testobject.ObjectRepository.findTestObject(DispensaryToStore/Page_Store/input_txtprice), "value"): Attribute 'value' of object 'Object Repository/DispensaryToStore/Page_Store/input_txtprice' is: '170'

2018-05-28 13:09:52 - [MESSAGE][PASSED] - Attribute 'value' of object 'Object Repository/DispensaryToStore/Page_Store/input_txtprice' is: '170'

2018-05-28 13:09:52 - [TEST_STEP][PASSED] - Statement - out.println("Stock QTY : " + StockQty): null

2018-05-28 13:09:52 - [TEST_STEP][PASSED] - delay: Delayed 2 second(s)

2018-05-28 13:09:54 - [MESSAGE][PASSED] - Delayed 2 second(s)

2018-05-28 13:09:54 - [TEST_STEP][PASSED] - Statement - If (java.lang.String.valueOf(StockQty) >= java.lang.String.valueOf(RequestedQty)): null

2018-05-28 13:09:54 - [TEST_STEP][PASSED] - setText: Text '10' is set on object 'Object Repository/DispensaryToStore/Page_Store/input_txtqty'

2018-05-28 13:09:55 - [MESSAGE][PASSED] - Text '10' is set on object 'Object Repository/DispensaryToStore/Page_Store/input_txtqty'

2018-05-28 13:09:55 - [TEST_STEP][PASSED] - click: Object: 'Object Repository/DispensaryToStore/Page_Store/button_Add' is clicked on

2018-05-28 13:09:55 - [MESSAGE][PASSED] - Object: 'Object Repository/DispensaryToStore/Page_Store/button_Add' is clicked on

2018-05-28 13:09:55 - [TEST_STEP][PASSED] - Statement - Break: null

2018-05-28 13:09:55 - [TEST_STEP][PASSED] - selectOptionByIndex: All options with index in [76] are selected on object 'Object Repository/DispensaryToStore/Page_Store/select_--Select--Adernaline 0.'

2018-05-28 13:09:55 - [MESSAGE][PASSED] - All options with index in [76] are selected on object 'Object Repository/DispensaryToStore/Page_Store/select_--Select--Adernaline 0.'

2018-05-28 13:09:55 - [TEST_STEP][PASSED] - delay: Delayed 2 second(s)

2018-05-28 13:09:57 - [MESSAGE][PASSED] - Delayed 2 second(s)

2018-05-28 13:09:57 - [TEST_STEP][PASSED] - Statement - RequestedQty = com.kms.katalon.core.webui.keyword.WebUiBuiltInKeywords.getAttribute(com.kms.katalon.core.testobject.ObjectRepository.findTestObject(DispensaryToStore/Page_Store/input_txttotal), "value"): Attribute 'value' of object 'Object Repository/DispensaryToStore/Page_Store/input_txttotal' is: '10'

2018-05-28 13:09:57 - [MESSAGE][PASSED] - Attribute 'value' of object 'Object Repository/DispensaryToStore/Page_Store/input_txttotal' is: '10'

2018-05-28 13:09:57 - [TEST_STEP][PASSED] - Statement - out.println("Requested QTY : " + RequestedQty): null

2018-05-28 13:09:57 - [TEST_STEP][PASSED] - Statement - BatchNumber = com.kms.katalon.core.webui.keyword.WebUiBuiltInKeywords.getNumberOfTotalOption(com.kms.katalon.core.testobject.ObjectRepository.findTestObject(DispensaryToStore/Page_Store/select_--Select--BA1170BA2376B)): 2 options of object 'Object Repository/DispensaryToStore/Page_Store/select_--Select--BA1170BA2376B' counted

2018-05-28 13:09:57 - [MESSAGE][PASSED] - 2 options of object 'Object Repository/DispensaryToStore/Page_Store/select_--Select--BA1170BA2376B' counted

2018-05-28 13:09:57 - [TEST_STEP][PASSED] - Statement - For ([g = 1, g <= BatchNumber - 1, (g++)]): null

2018-05-28 13:09:57 - [TEST_STEP][PASSED] - selectOptionByIndex: All options with index in [1] are selected on object 'Object Repository/DispensaryToStore/Page_Store/select_--Select--BA1170BA2376B'

2018-05-28 13:09:58 - [MESSAGE][PASSED] - All options with index in [1] are selected on object 'Object Repository/DispensaryToStore/Page_Store/select_--Select--BA1170BA2376B'

2018-05-28 13:09:58 - [TEST_STEP][PASSED] - Statement - Try: null

2018-05-28 13:09:58 - [TEST_STEP][PASSED] - Statement - StockQty = com.kms.katalon.core.webui.keyword.WebUiBuiltInKeywords.getAttribute(com.kms.katalon.core.testobject.ObjectRepository.findTestObject(DispensaryToStore/Page_Store/input_txtprice), "value"): Attribute 'value' of object 'Object Repository/DispensaryToStore/Page_Store/input_txtprice' is: '170'

2018-05-28 13:09:58 - [MESSAGE][PASSED] - Attribute 'value' of object 'Object Repository/DispensaryToStore/Page_Store/input_txtprice' is: '170'

2018-05-28 13:09:58 - [TEST_STEP][PASSED] - Statement - out.println("Stock QTY : " + StockQty): null

2018-05-28 13:09:58 - [TEST_STEP][PASSED] - delay: Delayed 2 second(s)

2018-05-28 13:10:00 - [MESSAGE][PASSED] - Delayed 2 second(s)

2018-05-28 13:10:00 - [TEST_STEP][PASSED] - Statement - If (java.lang.String.valueOf(StockQty) >= java.lang.String.valueOf(RequestedQty)): null

2018-05-28 13:10:00 - [TEST_STEP][PASSED] - setText: Text '10' is set on object 'Object Repository/DispensaryToStore/Page_Store/input_txtqty'

2018-05-28 13:10:00 - [MESSAGE][PASSED] - Text '10' is set on object 'Object Repository/DispensaryToStore/Page_Store/input_txtqty'

2018-05-28 13:10:00 - [TEST_STEP][PASSED] - click: Object: 'Object Repository/DispensaryToStore/Page_Store/button_Add' is clicked on

2018-05-28 13:10:00 - [MESSAGE][PASSED] - Object: 'Object Repository/DispensaryToStore/Page_Store/button_Add' is clicked on

2018-05-28 13:10:00 - [TEST_STEP][PASSED] - Statement - Break: null

2018-05-28 13:10:00 - [TEST_STEP][PASSED] - selectOptionByIndex: All options with index in [77] are selected on object 'Object Repository/DispensaryToStore/Page_Store/select_--Select--Adernaline 0.'

2018-05-28 13:10:01 - [MESSAGE][PASSED] - All options with index in [77] are selected on object 'Object Repository/DispensaryToStore/Page_Store/select_--Select--Adernaline 0.'

2018-05-28 13:10:01 - [TEST_STEP][PASSED] - delay: Delayed 2 second(s)

2018-05-28 13:10:03 - [MESSAGE][PASSED] - Delayed 2 second(s)

2018-05-28 13:10:03 - [TEST_STEP][PASSED] - Statement - RequestedQty = com.kms.katalon.core.webui.keyword.WebUiBuiltInKeywords.getAttribute(com.kms.katalon.core.testobject.ObjectRepository.findTestObject(DispensaryToStore/Page_Store/input_txttotal), "value"): Attribute 'value' of object 'Object Repository/DispensaryToStore/Page_Store/input_txttotal' is: '10'

2018-05-28 13:10:03 - [MESSAGE][PASSED] - Attribute 'value' of object 'Object Repository/DispensaryToStore/Page_Store/input_txttotal' is: '10'

2018-05-28 13:10:03 - [TEST_STEP][PASSED] - Statement - out.println("Requested QTY : " + RequestedQty): null

2018-05-28 13:10:03 - [TEST_STEP][PASSED] - Statement - BatchNumber = com.kms.katalon.core.webui.keyword.WebUiBuiltInKeywords.getNumberOfTotalOption(com.kms.katalon.core.testobject.ObjectRepository.findTestObject(DispensaryToStore/Page_Store/select_--Select--BA1170BA2376B)): 2 options of object 'Object Repository/DispensaryToStore/Page_Store/select_--Select--BA1170BA2376B' counted

2018-05-28 13:10:03 - [MESSAGE][PASSED] - 2 options of object 'Object Repository/DispensaryToStore/Page_Store/select_--Select--BA1170BA2376B' counted

2018-05-28 13:10:03 - [TEST_STEP][PASSED] - Statement - For ([g = 1, g <= BatchNumber - 1, (g++)]): null

2018-05-28 13:10:03 - [TEST_STEP][PASSED] - selectOptionByIndex: All options with index in [1] are selected on object 'Object Repository/DispensaryToStore/Page_Store/select_--Select--BA1170BA2376B'

2018-05-28 13:10:03 - [MESSAGE][PASSED] - All options with index in [1] are selected on object 'Object Repository/DispensaryToStore/Page_Store/select_--Select--BA1170BA2376B'

2018-05-28 13:10:03 - [TEST_STEP][PASSED] - Statement - Try: null

2018-05-28 13:10:03 - [TEST_STEP][PASSED] - Statement - StockQty = com.kms.katalon.core.webui.keyword.WebUiBuiltInKeywords.getAttribute(com.kms.katalon.core.testobject.ObjectRepository.findTestObject(DispensaryToStore/Page_Store/input_txtprice), "value"): Attribute 'value' of object 'Object Repository/DispensaryToStore/Page_Store/input_txtprice' is: '170'

2018-05-28 13:10:03 - [MESSAGE][PASSED] - Attribute 'value' of object 'Object Repository/DispensaryToStore/Page_Store/input_txtprice' is: '170'

2018-05-28 13:10:03 - [TEST_STEP][PASSED] - Statement - out.println("Stock QTY : " + StockQty): null

2018-05-28 13:10:03 - [TEST_STEP][PASSED] - delay: Delayed 2 second(s)

2018-05-28 13:10:05 - [MESSAGE][PASSED] - Delayed 2 second(s)

2018-05-28 13:10:05 - [TEST_STEP][PASSED] - Statement - If (java.lang.String.valueOf(StockQty) >= java.lang.String.valueOf(RequestedQty)): null

2018-05-28 13:10:05 - [TEST_STEP][PASSED] - setText: Text '10' is set on object 'Object Repository/DispensaryToStore/Page_Store/input_txtqty'

2018-05-28 13:10:05 - [MESSAGE][PASSED] - Text '10' is set on object 'Object Repository/DispensaryToStore/Page_Store/input_txtqty'

2018-05-28 13:10:05 - [TEST_STEP][PASSED] - click: Object: 'Object Repository/DispensaryToStore/Page_Store/button_Add' is clicked on

2018-05-28 13:10:05 - [MESSAGE][PASSED] - Object: 'Object Repository/DispensaryToStore/Page_Store/button_Add' is clicked on

2018-05-28 13:10:05 - [TEST_STEP][PASSED] - Statement - Break: null

2018-05-28 13:10:05 - [TEST_STEP][PASSED] - selectOptionByIndex: All options with index in [78] are selected on object 'Object Repository/DispensaryToStore/Page_Store/select_--Select--Adernaline 0.'

2018-05-28 13:10:06 - [MESSAGE][PASSED] - All options with index in [78] are selected on object 'Object Repository/DispensaryToStore/Page_Store/select_--Select--Adernaline 0.'

2018-05-28 13:10:06 - [TEST_STEP][PASSED] - delay: Delayed 2 second(s)

2018-05-28 13:10:08 - [MESSAGE][PASSED] - Delayed 2 second(s)

2018-05-28 13:10:08 - [TEST_STEP][PASSED] - Statement - RequestedQty = com.kms.katalon.core.webui.keyword.WebUiBuiltInKeywords.getAttribute(com.kms.katalon.core.testobject.ObjectRepository.findTestObject(DispensaryToStore/Page_Store/input_txttotal), "value"): Attribute 'value' of object 'Object Repository/DispensaryToStore/Page_Store/input_txttotal' is: '10'

2018-05-28 13:10:08 - [MESSAGE][PASSED] - Attribute 'value' of object 'Object Repository/DispensaryToStore/Page_Store/input_txttotal' is: '10'

2018-05-28 13:10:08 - [TEST_STEP][PASSED] - Statement - out.println("Requested QTY : " + RequestedQty): null

2018-05-28 13:10:08 - [TEST_STEP][PASSED] - Statement - BatchNumber = com.kms.katalon.core.webui.keyword.WebUiBuiltInKeywords.getNumberOfTotalOption(com.kms.katalon.core.testobject.ObjectRepository.findTestObject(DispensaryToStore/Page_Store/select_--Select--BA1170BA2376B)): 2 options of object 'Object Repository/DispensaryToStore/Page_Store/select_--Select--BA1170BA2376B' counted

2018-05-28 13:10:08 - [MESSAGE][PASSED] - 2 options of object 'Object Repository/DispensaryToStore/Page_Store/select_--Select--BA1170BA2376B' counted

2018-05-28 13:10:08 - [TEST_STEP][PASSED] - Statement - For ([g = 1, g <= BatchNumber - 1, (g++)]): null

2018-05-28 13:10:08 - [TEST_STEP][PASSED] - selectOptionByIndex: All options with index in [1] are selected on object 'Object Repository/DispensaryToStore/Page_Store/select_--Select--BA1170BA2376B'

2018-05-28 13:10:08 - [MESSAGE][PASSED] - All options with index in [1] are selected on object 'Object Repository/DispensaryToStore/Page_Store/select_--Select--BA1170BA2376B'

2018-05-28 13:10:08 - [TEST_STEP][PASSED] - Statement - Try: null

2018-05-28 13:10:08 - [TEST_STEP][PASSED] - Statement - StockQty = com.kms.katalon.core.webui.keyword.WebUiBuiltInKeywords.getAttribute(com.kms.katalon.core.testobject.ObjectRepository.findTestObject(DispensaryToStore/Page_Store/input_txtprice), "value"): Attribute 'value' of object 'Object Repository/DispensaryToStore/Page_Store/input_txtprice' is: '170'

2018-05-28 13:10:08 - [MESSAGE][PASSED] - Attribute 'value' of object 'Object Repository/DispensaryToStore/Page_Store/input_txtprice' is: '170'

2018-05-28 13:10:08 - [TEST_STEP][PASSED] - Statement - out.println("Stock QTY : " + StockQty): null

2018-05-28 13:10:08 - [TEST_STEP][PASSED] - delay: Delayed 2 second(s)

2018-05-28 13:10:10 - [MESSAGE][PASSED] - Delayed 2 second(s)

2018-05-28 13:10:10 - [TEST_STEP][PASSED] - Statement - If (java.lang.String.valueOf(StockQty) >= java.lang.String.valueOf(RequestedQty)): null

2018-05-28 13:10:10 - [TEST_STEP][PASSED] - setText: Text '10' is set on object 'Object Repository/DispensaryToStore/Page_Store/input_txtqty'

2018-05-28 13:10:10 - [MESSAGE][PASSED] - Text '10' is set on object 'Object Repository/DispensaryToStore/Page_Store/input_txtqty'

2018-05-28 13:10:10 - [TEST_STEP][PASSED] - click: Object: 'Object Repository/DispensaryToStore/Page_Store/button_Add' is clicked on

2018-05-28 13:10:10 - [MESSAGE][PASSED] - Object: 'Object Repository/DispensaryToStore/Page_Store/button_Add' is clicked on

2018-05-28 13:10:10 - [TEST_STEP][PASSED] - Statement - Break: null

2018-05-28 13:10:10 - [TEST_STEP][PASSED] - selectOptionByIndex: All options with index in [79] are selected on object 'Object Repository/DispensaryToStore/Page_Store/select_--Select--Adernaline 0.'

2018-05-28 13:10:11 - [MESSAGE][PASSED] - All options with index in [79] are selected on object 'Object Repository/DispensaryToStore/Page_Store/select_--Select--Adernaline 0.'

2018-05-28 13:10:11 - [TEST_STEP][PASSED] - delay: Delayed 2 second(s)

2018-05-28 13:10:13 - [MESSAGE][PASSED] - Delayed 2 second(s)

2018-05-28 13:10:13 - [TEST_STEP][PASSED] - Statement - RequestedQty = com.kms.katalon.core.webui.keyword.WebUiBuiltInKeywords.getAttribute(com.kms.katalon.core.testobject.ObjectRepository.findTestObject(DispensaryToStore/Page_Store/input_txttotal), "value"): Attribute 'value' of object 'Object Repository/DispensaryToStore/Page_Store/input_txttotal' is: '10'

2018-05-28 13:10:13 - [MESSAGE][PASSED] - Attribute 'value' of object 'Object Repository/DispensaryToStore/Page_Store/input_txttotal' is: '10'

2018-05-28 13:10:13 - [TEST_STEP][PASSED] - Statement - out.println("Requested QTY : " + RequestedQty): null

2018-05-28 13:10:13 - [TEST_STEP][PASSED] - Statement - BatchNumber = com.kms.katalon.core.webui.keyword.WebUiBuiltInKeywords.getNumberOfTotalOption(com.kms.katalon.core.testobject.ObjectRepository.findTestObject(DispensaryToStore/Page_Store/select_--Select--BA1170BA2376B)): 2 options of object 'Object Repository/DispensaryToStore/Page_Store/select_--Select--BA1170BA2376B' counted

2018-05-28 13:10:13 - [MESSAGE][PASSED] - 2 options of object 'Object Repository/DispensaryToStore/Page_Store/select_--Select--BA1170BA2376B' counted

2018-05-28 13:10:13 - [TEST_STEP][PASSED] - Statement - For ([g = 1, g <= BatchNumber - 1, (g++)]): null

2018-05-28 13:10:13 - [TEST_STEP][PASSED] - selectOptionByIndex: All options with index in [1] are selected on object 'Object Repository/DispensaryToStore/Page_Store/select_--Select--BA1170BA2376B'

2018-05-28 13:10:13 - [MESSAGE][PASSED] - All options with index in [1] are selected on object 'Object Repository/DispensaryToStore/Page_Store/select_--Select--BA1170BA2376B'

2018-05-28 13:10:13 - [TEST_STEP][PASSED] - Statement - Try: null

2018-05-28 13:10:13 - [TEST_STEP][PASSED] - Statement - StockQty = com.kms.katalon.core.webui.keyword.WebUiBuiltInKeywords.getAttribute(com.kms.katalon.core.testobject.ObjectRepository.findTestObject(DispensaryToStore/Page_Store/input_txtprice), "value"): Attribute 'value' of object 'Object Repository/DispensaryToStore/Page_Store/input_txtprice' is: '170'

2018-05-28 13:10:13 - [MESSAGE][PASSED] - Attribute 'value' of object 'Object Repository/DispensaryToStore/Page_Store/input_txtprice' is: '170'

2018-05-28 13:10:13 - [TEST_STEP][PASSED] - Statement - out.println("Stock QTY : " + StockQty): null

2018-05-28 13:10:13 - [TEST_STEP][PASSED] - delay: Delayed 2 second(s)

2018-05-28 13:10:15 - [MESSAGE][PASSED] - Delayed 2 second(s)

2018-05-28 13:10:15 - [TEST_STEP][PASSED] - Statement - If (java.lang.String.valueOf(StockQty) >= java.lang.String.valueOf(RequestedQty)): null

2018-05-28 13:10:15 - [TEST_STEP][PASSED] - setText: Text '10' is set on object 'Object Repository/DispensaryToStore/Page_Store/input_txtqty'

2018-05-28 13:10:15 - [MESSAGE][PASSED] - Text '10' is set on object 'Object Repository/DispensaryToStore/Page_Store/input_txtqty'

2018-05-28 13:10:15 - [TEST_STEP][PASSED] - click: Object: 'Object Repository/DispensaryToStore/Page_Store/button_Add' is clicked on

2018-05-28 13:10:15 - [MESSAGE][PASSED] - Object: 'Object Repository/DispensaryToStore/Page_Store/button_Add' is clicked on

2018-05-28 13:10:15 - [TEST_STEP][PASSED] - Statement - Break: null

2018-05-28 13:10:15 - [TEST_STEP][PASSED] - selectOptionByIndex: All options with index in [80] are selected on object 'Object Repository/DispensaryToStore/Page_Store/select_--Select--Adernaline 0.'

2018-05-28 13:10:16 - [MESSAGE][PASSED] - All options with index in [80] are selected on object 'Object Repository/DispensaryToStore/Page_Store/select_--Select--Adernaline 0.'

2018-05-28 13:10:16 - [TEST_STEP][PASSED] - delay: Delayed 2 second(s)

2018-05-28 13:10:18 - [MESSAGE][PASSED] - Delayed 2 second(s)

2018-05-28 13:10:18 - [TEST_STEP][PASSED] - Statement - RequestedQty = com.kms.katalon.core.webui.keyword.WebUiBuiltInKeywords.getAttribute(com.kms.katalon.core.testobject.ObjectRepository.findTestObject(DispensaryToStore/Page_Store/input_txttotal), "value"): Attribute 'value' of object 'Object Repository/DispensaryToStore/Page_Store/input_txttotal' is: '10'

2018-05-28 13:10:18 - [MESSAGE][PASSED] - Attribute 'value' of object 'Object Repository/DispensaryToStore/Page_Store/input_txttotal' is: '10'

2018-05-28 13:10:18 - [TEST_STEP][PASSED] - Statement - out.println("Requested QTY : " + RequestedQty): null

2018-05-28 13:10:18 - [TEST_STEP][PASSED] - Statement - BatchNumber = com.kms.katalon.core.webui.keyword.WebUiBuiltInKeywords.getNumberOfTotalOption(com.kms.katalon.core.testobject.ObjectRepository.findTestObject(DispensaryToStore/Page_Store/select_--Select--BA1170BA2376B)): 2 options of object 'Object Repository/DispensaryToStore/Page_Store/select_--Select--BA1170BA2376B' counted

2018-05-28 13:10:18 - [MESSAGE][PASSED] - 2 options of object 'Object Repository/DispensaryToStore/Page_Store/select_--Select--BA1170BA2376B' counted

2018-05-28 13:10:18 - [TEST_STEP][PASSED] - Statement - For ([g = 1, g <= BatchNumber - 1, (g++)]): null

2018-05-28 13:10:18 - [TEST_STEP][PASSED] - selectOptionByIndex: All options with index in [1] are selected on object 'Object Repository/DispensaryToStore/Page_Store/select_--Select--BA1170BA2376B'

2018-05-28 13:10:19 - [MESSAGE][PASSED] - All options with index in [1] are selected on object 'Object Repository/DispensaryToStore/Page_Store/select_--Select--BA1170BA2376B'

2018-05-28 13:10:19 - [TEST_STEP][PASSED] - Statement - Try: null

2018-05-28 13:10:19 - [TEST_STEP][PASSED] - Statement - StockQty = com.kms.katalon.core.webui.keyword.WebUiBuiltInKeywords.getAttribute(com.kms.katalon.core.testobject.ObjectRepository.findTestObject(DispensaryToStore/Page_Store/input_txtprice), "value"): Attribute 'value' of object 'Object Repository/DispensaryToStore/Page_Store/input_txtprice' is: '170'

2018-05-28 13:10:19 - [MESSAGE][PASSED] - Attribute 'value' of object 'Object Repository/DispensaryToStore/Page_Store/input_txtprice' is: '170'

2018-05-28 13:10:19 - [TEST_STEP][PASSED] - Statement - out.println("Stock QTY : " + StockQty): null

2018-05-28 13:10:19 - [TEST_STEP][PASSED] - delay: Delayed 2 second(s)

2018-05-28 13:10:21 - [MESSAGE][PASSED] - Delayed 2 second(s)

2018-05-28 13:10:21 - [TEST_STEP][PASSED] - Statement - If (java.lang.String.valueOf(StockQty) >= java.lang.String.valueOf(RequestedQty)): null

2018-05-28 13:10:21 - [TEST_STEP][PASSED] - setText: Text '10' is set on object 'Object Repository/DispensaryToStore/Page_Store/input_txtqty'

2018-05-28 13:10:21 - [MESSAGE][PASSED] - Text '10' is set on object 'Object Repository/DispensaryToStore/Page_Store/input_txtqty'

2018-05-28 13:10:21 - [TEST_STEP][PASSED] - click: Object: 'Object Repository/DispensaryToStore/Page_Store/button_Add' is clicked on

2018-05-28 13:10:21 - [MESSAGE][PASSED] - Object: 'Object Repository/DispensaryToStore/Page_Store/button_Add' is clicked on

2018-05-28 13:10:21 - [TEST_STEP][PASSED] - Statement - Break: null

2018-05-28 13:10:21 - [TEST_STEP][PASSED] - scrollToElement: Scroll to object 'Object Repository/DispensaryToStore/Page_Store/input_btnSubmit' successfully

2018-05-28 13:10:21 - [MESSAGE][PASSED] - Scroll to object 'Object Repository/DispensaryToStore/Page_Store/input_btnSubmit' successfully

2018-05-28 13:10:21 - [TEST_STEP][PASSED] - click: Object: 'Object Repository/DispensaryToStore/Page_Store/input_btnSubmit' is clicked on

2018-05-28 13:10:21 - [MESSAGE][PASSED] - Object: 'Object Repository/DispensaryToStore/Page_Store/input_btnSubmit' is clicked on

2018-05-28 13:10:21 - [TEST_STEP][PASSED] - delay: Delayed 3 second(s)

2018-05-28 13:10:24 - [MESSAGE][PASSED] - Delayed 3 second(s)

2018-05-28 13:10:24 - [TEST_STEP][PASSED] - click: Object: 'Object Repository/DispensaryToStore/Page_Store/button_OK' is clicked on

2018-05-28 13:10:29 - [MESSAGE][PASSED] - Object: 'Object Repository/DispensaryToStore/Page_Store/button_OK' is clicked on

2018-05-28 13:10:29 - [TEST_STEP][PASSED] - delay: Delayed 3 second(s)

2018-05-28 13:10:32 - [MESSAGE][PASSED] - Delayed 3 second(s)

2018-05-28 13:10:32 - [TEST_STEP][PASSED] - click: Object: 'Object Repository/DispensaryToStore/Page_Store/a_dropdown-toggle' is clicked on

2018-05-28 13:10:32 - [MESSAGE][PASSED] - Object: 'Object Repository/DispensaryToStore/Page_Store/a_dropdown-toggle' is clicked on

2018-05-28 13:10:32 - [TEST_STEP][PASSED] - click: Object: 'Object Repository/DispensaryToStore/Page_Store/a_Sign out' is clicked on

2018-05-28 13:10:33 - [MESSAGE][PASSED] - Object: 'Object Repository/DispensaryToStore/Page_Store/a_Sign out' is clicked on

2018-05-28 13:10:33 - [TEST_STEP][PASSED] - closeBrowser: Browser is closed

2018-05-28 13:10:34 - [MESSAGE][PASSED] - Browser is closed]]></system-out>
         <system-err><![CDATA[]]></system-err>
      </testcase>
      <testcase name="Test Cases/DISPENSARY TEST CASES/TC_DP_012 Verify Schedule 12 Dispensary Request Are Working Successfully Or Not" classname="Test Cases/DISPENSARY TEST CASES/TC_DP_012 Verify Schedule 12 Dispensary Request Are Working Successfully Or Not" status="PASSED">
         <system-out><![CDATA[2018-05-28 13:10:34 - [TEST_CASE][PASSED] - Test Cases/DISPENSARY TEST CASES/TC_DP_012 Verify Schedule 12 Dispensary Request Are Working Successfully Or Not: Test Cases/DISPENSARY TEST CASES/TC_DP_012 Verify Schedule 12 Dispensary Request Are Working Successfully Or Not

2018-05-28 13:10:34 - [TEST_STEP][PASSED] - openBrowser: Browser is opened with url: ''

2018-05-28 13:10:36 - [MESSAGE][PASSED] - Browser is opened with url: ''

2018-05-28 13:10:36 - [TEST_STEP][PASSED] - navigateToUrl: Navigate to 'http://192.168.137.1/multihospital_new/HDSplashscreen.aspx' successfully

2018-05-28 13:10:40 - [MESSAGE][PASSED] - Navigate to 'http://192.168.137.1/multihospital_new/HDSplashscreen.aspx' successfully

2018-05-28 13:10:40 - [TEST_STEP][PASSED] - maximizeWindow: Current window maximized

2018-05-28 13:10:41 - [MESSAGE][PASSED] - Current window maximized

2018-05-28 13:10:41 - [TEST_STEP][PASSED] - click: Object: 'Object Repository/DispensaryToStore/Page_KDMC/a_Dispensary Store' is clicked on

2018-05-28 13:10:42 - [MESSAGE][PASSED] - Object: 'Object Repository/DispensaryToStore/Page_KDMC/a_Dispensary Store' is clicked on

2018-05-28 13:10:42 - [TEST_STEP][PASSED] - setText: Text 'rajaram' is set on object 'Object Repository/DispensaryToStore/Page_Dispensary Store Login/input_txtusername'

2018-05-28 13:10:42 - [MESSAGE][PASSED] - Text 'rajaram' is set on object 'Object Repository/DispensaryToStore/Page_Dispensary Store Login/input_txtusername'

2018-05-28 13:10:42 - [TEST_STEP][PASSED] - setText: Text '123' is set on object 'Object Repository/DispensaryToStore/Page_Dispensary Store Login/input_txtpassword'

2018-05-28 13:10:42 - [MESSAGE][PASSED] - Text '123' is set on object 'Object Repository/DispensaryToStore/Page_Dispensary Store Login/input_txtpassword'

2018-05-28 13:10:42 - [TEST_STEP][PASSED] - delay: Delayed 3 second(s)

2018-05-28 13:10:45 - [MESSAGE][PASSED] - Delayed 3 second(s)

2018-05-28 13:10:45 - [TEST_STEP][PASSED] - sendKeys: Keys 'ENTER + ' sent to object: 'Object Repository/DispensaryToStore/Page_Dispensary Store Login/input_txtpassword'

2018-05-28 13:10:46 - [MESSAGE][PASSED] - Keys 'ENTER + ' sent to object: 'Object Repository/DispensaryToStore/Page_Dispensary Store Login/input_txtpassword'

2018-05-28 13:10:46 - [TEST_STEP][PASSED] - delay: Delayed 3 second(s)

2018-05-28 13:10:49 - [MESSAGE][PASSED] - Delayed 3 second(s)

2018-05-28 13:10:49 - [TEST_STEP][PASSED] - click: Object: 'Object Repository/DispensaryToStore/Page_Dispensary Store/a_Request to Store' is clicked on

2018-05-28 13:10:49 - [MESSAGE][PASSED] - Object: 'Object Repository/DispensaryToStore/Page_Dispensary Store/a_Request to Store' is clicked on

2018-05-28 13:10:49 - [TEST_STEP][PASSED] - click: Object: 'Object Repository/DispensaryToStore/Page_Dispensary Store/a_Medicine Request' is clicked on

2018-05-28 13:10:50 - [MESSAGE][PASSED] - Object: 'Object Repository/DispensaryToStore/Page_Dispensary Store/a_Medicine Request' is clicked on

2018-05-28 13:10:50 - [TEST_STEP][PASSED] - selectOptionByIndex: All options with index in [12] are selected on object 'Object Repository/DispensaryToStore/Page_Dispensary Store/select_--Select--Schedule 1Inj'

2018-05-28 13:10:51 - [MESSAGE][PASSED] - All options with index in [12] are selected on object 'Object Repository/DispensaryToStore/Page_Dispensary Store/select_--Select--Schedule 1Inj'

2018-05-28 13:10:51 - [TEST_STEP][PASSED] - Statement - medicineslength = com.kms.katalon.core.webui.keyword.WebUiBuiltInKeywords.getNumberOfTotalOption(com.kms.katalon.core.testobject.ObjectRepository.findTestObject(DispensaryToStore/Page_Dispensary Store/select_--Select--Adernaline 0.)): 19 options of object 'Object Repository/DispensaryToStore/Page_Dispensary Store/select_--Select--Adernaline 0.' counted

2018-05-28 13:10:51 - [MESSAGE][PASSED] - 19 options of object 'Object Repository/DispensaryToStore/Page_Dispensary Store/select_--Select--Adernaline 0.' counted

2018-05-28 13:10:51 - [TEST_STEP][PASSED] - Statement - For ([e = 1, e <= medicineslength - 1, (e++)]): Object: 'Object Repository/DispensaryToStore/Page_Dispensary Store/button_Add' is clicked on

2018-05-28 13:10:51 - [TEST_STEP][PASSED] - selectOptionByIndex: All options with index in [12] are selected on object 'Object Repository/DispensaryToStore/Page_Dispensary Store/select_--Select--Schedule 1Inj'

2018-05-28 13:10:51 - [MESSAGE][PASSED] - All options with index in [12] are selected on object 'Object Repository/DispensaryToStore/Page_Dispensary Store/select_--Select--Schedule 1Inj'

2018-05-28 13:10:51 - [TEST_STEP][PASSED] - selectOptionByIndex: All options with index in [1] are selected on object 'Object Repository/DispensaryToStore/Page_Dispensary Store/select_--Select--Adernaline 0.'

2018-05-28 13:10:51 - [MESSAGE][PASSED] - All options with index in [1] are selected on object 'Object Repository/DispensaryToStore/Page_Dispensary Store/select_--Select--Adernaline 0.'

2018-05-28 13:10:51 - [TEST_STEP][PASSED] - setText: Text '10' is set on object 'Object Repository/DispensaryToStore/Page_Dispensary Store/input_txttreat'

2018-05-28 13:10:51 - [MESSAGE][PASSED] - Text '10' is set on object 'Object Repository/DispensaryToStore/Page_Dispensary Store/input_txttreat'

2018-05-28 13:10:51 - [TEST_STEP][PASSED] - click: Object: 'Object Repository/DispensaryToStore/Page_Dispensary Store/button_Add' is clicked on

2018-05-28 13:10:51 - [MESSAGE][PASSED] - Object: 'Object Repository/DispensaryToStore/Page_Dispensary Store/button_Add' is clicked on

2018-05-28 13:10:51 - [TEST_STEP][PASSED] - selectOptionByIndex: All options with index in [12] are selected on object 'Object Repository/DispensaryToStore/Page_Dispensary Store/select_--Select--Schedule 1Inj'

2018-05-28 13:10:51 - [MESSAGE][PASSED] - All options with index in [12] are selected on object 'Object Repository/DispensaryToStore/Page_Dispensary Store/select_--Select--Schedule 1Inj'

2018-05-28 13:10:51 - [TEST_STEP][PASSED] - selectOptionByIndex: All options with index in [2] are selected on object 'Object Repository/DispensaryToStore/Page_Dispensary Store/select_--Select--Adernaline 0.'

2018-05-28 13:10:52 - [MESSAGE][PASSED] - All options with index in [2] are selected on object 'Object Repository/DispensaryToStore/Page_Dispensary Store/select_--Select--Adernaline 0.'

2018-05-28 13:10:52 - [TEST_STEP][PASSED] - setText: Text '10' is set on object 'Object Repository/DispensaryToStore/Page_Dispensary Store/input_txttreat'

2018-05-28 13:10:52 - [MESSAGE][PASSED] - Text '10' is set on object 'Object Repository/DispensaryToStore/Page_Dispensary Store/input_txttreat'

2018-05-28 13:10:52 - [TEST_STEP][PASSED] - click: Object: 'Object Repository/DispensaryToStore/Page_Dispensary Store/button_Add' is clicked on

2018-05-28 13:10:52 - [MESSAGE][PASSED] - Object: 'Object Repository/DispensaryToStore/Page_Dispensary Store/button_Add' is clicked on

2018-05-28 13:10:52 - [TEST_STEP][PASSED] - selectOptionByIndex: All options with index in [12] are selected on object 'Object Repository/DispensaryToStore/Page_Dispensary Store/select_--Select--Schedule 1Inj'

2018-05-28 13:10:52 - [MESSAGE][PASSED] - All options with index in [12] are selected on object 'Object Repository/DispensaryToStore/Page_Dispensary Store/select_--Select--Schedule 1Inj'

2018-05-28 13:10:52 - [TEST_STEP][PASSED] - selectOptionByIndex: All options with index in [3] are selected on object 'Object Repository/DispensaryToStore/Page_Dispensary Store/select_--Select--Adernaline 0.'

2018-05-28 13:10:52 - [MESSAGE][PASSED] - All options with index in [3] are selected on object 'Object Repository/DispensaryToStore/Page_Dispensary Store/select_--Select--Adernaline 0.'

2018-05-28 13:10:52 - [TEST_STEP][PASSED] - setText: Text '10' is set on object 'Object Repository/DispensaryToStore/Page_Dispensary Store/input_txttreat'

2018-05-28 13:10:52 - [MESSAGE][PASSED] - Text '10' is set on object 'Object Repository/DispensaryToStore/Page_Dispensary Store/input_txttreat'

2018-05-28 13:10:52 - [TEST_STEP][PASSED] - click: Object: 'Object Repository/DispensaryToStore/Page_Dispensary Store/button_Add' is clicked on

2018-05-28 13:10:52 - [MESSAGE][PASSED] - Object: 'Object Repository/DispensaryToStore/Page_Dispensary Store/button_Add' is clicked on

2018-05-28 13:10:52 - [TEST_STEP][PASSED] - selectOptionByIndex: All options with index in [12] are selected on object 'Object Repository/DispensaryToStore/Page_Dispensary Store/select_--Select--Schedule 1Inj'

2018-05-28 13:10:53 - [MESSAGE][PASSED] - All options with index in [12] are selected on object 'Object Repository/DispensaryToStore/Page_Dispensary Store/select_--Select--Schedule 1Inj'

2018-05-28 13:10:53 - [TEST_STEP][PASSED] - selectOptionByIndex: All options with index in [4] are selected on object 'Object Repository/DispensaryToStore/Page_Dispensary Store/select_--Select--Adernaline 0.'

2018-05-28 13:10:53 - [MESSAGE][PASSED] - All options with index in [4] are selected on object 'Object Repository/DispensaryToStore/Page_Dispensary Store/select_--Select--Adernaline 0.'

2018-05-28 13:10:53 - [TEST_STEP][PASSED] - setText: Text '10' is set on object 'Object Repository/DispensaryToStore/Page_Dispensary Store/input_txttreat'

2018-05-28 13:10:53 - [MESSAGE][PASSED] - Text '10' is set on object 'Object Repository/DispensaryToStore/Page_Dispensary Store/input_txttreat'

2018-05-28 13:10:53 - [TEST_STEP][PASSED] - click: Object: 'Object Repository/DispensaryToStore/Page_Dispensary Store/button_Add' is clicked on

2018-05-28 13:10:53 - [MESSAGE][PASSED] - Object: 'Object Repository/DispensaryToStore/Page_Dispensary Store/button_Add' is clicked on

2018-05-28 13:10:53 - [TEST_STEP][PASSED] - selectOptionByIndex: All options with index in [12] are selected on object 'Object Repository/DispensaryToStore/Page_Dispensary Store/select_--Select--Schedule 1Inj'

2018-05-28 13:10:53 - [MESSAGE][PASSED] - All options with index in [12] are selected on object 'Object Repository/DispensaryToStore/Page_Dispensary Store/select_--Select--Schedule 1Inj'

2018-05-28 13:10:53 - [TEST_STEP][PASSED] - selectOptionByIndex: All options with index in [5] are selected on object 'Object Repository/DispensaryToStore/Page_Dispensary Store/select_--Select--Adernaline 0.'

2018-05-28 13:10:53 - [MESSAGE][PASSED] - All options with index in [5] are selected on object 'Object Repository/DispensaryToStore/Page_Dispensary Store/select_--Select--Adernaline 0.'

2018-05-28 13:10:53 - [TEST_STEP][PASSED] - setText: Text '10' is set on object 'Object Repository/DispensaryToStore/Page_Dispensary Store/input_txttreat'

2018-05-28 13:10:53 - [MESSAGE][PASSED] - Text '10' is set on object 'Object Repository/DispensaryToStore/Page_Dispensary Store/input_txttreat'

2018-05-28 13:10:53 - [TEST_STEP][PASSED] - click: Object: 'Object Repository/DispensaryToStore/Page_Dispensary Store/button_Add' is clicked on

2018-05-28 13:10:53 - [MESSAGE][PASSED] - Object: 'Object Repository/DispensaryToStore/Page_Dispensary Store/button_Add' is clicked on

2018-05-28 13:10:53 - [TEST_STEP][PASSED] - selectOptionByIndex: All options with index in [12] are selected on object 'Object Repository/DispensaryToStore/Page_Dispensary Store/select_--Select--Schedule 1Inj'

2018-05-28 13:10:54 - [MESSAGE][PASSED] - All options with index in [12] are selected on object 'Object Repository/DispensaryToStore/Page_Dispensary Store/select_--Select--Schedule 1Inj'

2018-05-28 13:10:54 - [TEST_STEP][PASSED] - selectOptionByIndex: All options with index in [6] are selected on object 'Object Repository/DispensaryToStore/Page_Dispensary Store/select_--Select--Adernaline 0.'

2018-05-28 13:10:54 - [MESSAGE][PASSED] - All options with index in [6] are selected on object 'Object Repository/DispensaryToStore/Page_Dispensary Store/select_--Select--Adernaline 0.'

2018-05-28 13:10:54 - [TEST_STEP][PASSED] - setText: Text '10' is set on object 'Object Repository/DispensaryToStore/Page_Dispensary Store/input_txttreat'

2018-05-28 13:10:54 - [MESSAGE][PASSED] - Text '10' is set on object 'Object Repository/DispensaryToStore/Page_Dispensary Store/input_txttreat'

2018-05-28 13:10:54 - [TEST_STEP][PASSED] - click: Object: 'Object Repository/DispensaryToStore/Page_Dispensary Store/button_Add' is clicked on

2018-05-28 13:10:54 - [MESSAGE][PASSED] - Object: 'Object Repository/DispensaryToStore/Page_Dispensary Store/button_Add' is clicked on

2018-05-28 13:10:54 - [TEST_STEP][PASSED] - selectOptionByIndex: All options with index in [12] are selected on object 'Object Repository/DispensaryToStore/Page_Dispensary Store/select_--Select--Schedule 1Inj'

2018-05-28 13:10:54 - [MESSAGE][PASSED] - All options with index in [12] are selected on object 'Object Repository/DispensaryToStore/Page_Dispensary Store/select_--Select--Schedule 1Inj'

2018-05-28 13:10:54 - [TEST_STEP][PASSED] - selectOptionByIndex: All options with index in [7] are selected on object 'Object Repository/DispensaryToStore/Page_Dispensary Store/select_--Select--Adernaline 0.'

2018-05-28 13:10:54 - [MESSAGE][PASSED] - All options with index in [7] are selected on object 'Object Repository/DispensaryToStore/Page_Dispensary Store/select_--Select--Adernaline 0.'

2018-05-28 13:10:54 - [TEST_STEP][PASSED] - setText: Text '10' is set on object 'Object Repository/DispensaryToStore/Page_Dispensary Store/input_txttreat'

2018-05-28 13:10:55 - [MESSAGE][PASSED] - Text '10' is set on object 'Object Repository/DispensaryToStore/Page_Dispensary Store/input_txttreat'

2018-05-28 13:10:55 - [TEST_STEP][PASSED] - click: Object: 'Object Repository/DispensaryToStore/Page_Dispensary Store/button_Add' is clicked on

2018-05-28 13:10:55 - [MESSAGE][PASSED] - Object: 'Object Repository/DispensaryToStore/Page_Dispensary Store/button_Add' is clicked on

2018-05-28 13:10:55 - [TEST_STEP][PASSED] - selectOptionByIndex: All options with index in [12] are selected on object 'Object Repository/DispensaryToStore/Page_Dispensary Store/select_--Select--Schedule 1Inj'

2018-05-28 13:10:55 - [MESSAGE][PASSED] - All options with index in [12] are selected on object 'Object Repository/DispensaryToStore/Page_Dispensary Store/select_--Select--Schedule 1Inj'

2018-05-28 13:10:55 - [TEST_STEP][PASSED] - selectOptionByIndex: All options with index in [8] are selected on object 'Object Repository/DispensaryToStore/Page_Dispensary Store/select_--Select--Adernaline 0.'

2018-05-28 13:10:55 - [MESSAGE][PASSED] - All options with index in [8] are selected on object 'Object Repository/DispensaryToStore/Page_Dispensary Store/select_--Select--Adernaline 0.'

2018-05-28 13:10:55 - [TEST_STEP][PASSED] - setText: Text '10' is set on object 'Object Repository/DispensaryToStore/Page_Dispensary Store/input_txttreat'

2018-05-28 13:10:55 - [MESSAGE][PASSED] - Text '10' is set on object 'Object Repository/DispensaryToStore/Page_Dispensary Store/input_txttreat'

2018-05-28 13:10:55 - [TEST_STEP][PASSED] - click: Object: 'Object Repository/DispensaryToStore/Page_Dispensary Store/button_Add' is clicked on

2018-05-28 13:10:55 - [MESSAGE][PASSED] - Object: 'Object Repository/DispensaryToStore/Page_Dispensary Store/button_Add' is clicked on

2018-05-28 13:10:55 - [TEST_STEP][PASSED] - selectOptionByIndex: All options with index in [12] are selected on object 'Object Repository/DispensaryToStore/Page_Dispensary Store/select_--Select--Schedule 1Inj'

2018-05-28 13:10:55 - [MESSAGE][PASSED] - All options with index in [12] are selected on object 'Object Repository/DispensaryToStore/Page_Dispensary Store/select_--Select--Schedule 1Inj'

2018-05-28 13:10:55 - [TEST_STEP][PASSED] - selectOptionByIndex: All options with index in [9] are selected on object 'Object Repository/DispensaryToStore/Page_Dispensary Store/select_--Select--Adernaline 0.'

2018-05-28 13:10:56 - [MESSAGE][PASSED] - All options with index in [9] are selected on object 'Object Repository/DispensaryToStore/Page_Dispensary Store/select_--Select--Adernaline 0.'

2018-05-28 13:10:56 - [TEST_STEP][PASSED] - setText: Text '10' is set on object 'Object Repository/DispensaryToStore/Page_Dispensary Store/input_txttreat'

2018-05-28 13:10:56 - [MESSAGE][PASSED] - Text '10' is set on object 'Object Repository/DispensaryToStore/Page_Dispensary Store/input_txttreat'

2018-05-28 13:10:56 - [TEST_STEP][PASSED] - click: Object: 'Object Repository/DispensaryToStore/Page_Dispensary Store/button_Add' is clicked on

2018-05-28 13:10:56 - [MESSAGE][PASSED] - Object: 'Object Repository/DispensaryToStore/Page_Dispensary Store/button_Add' is clicked on

2018-05-28 13:10:56 - [TEST_STEP][PASSED] - selectOptionByIndex: All options with index in [12] are selected on object 'Object Repository/DispensaryToStore/Page_Dispensary Store/select_--Select--Schedule 1Inj'

2018-05-28 13:10:56 - [MESSAGE][PASSED] - All options with index in [12] are selected on object 'Object Repository/DispensaryToStore/Page_Dispensary Store/select_--Select--Schedule 1Inj'

2018-05-28 13:10:56 - [TEST_STEP][PASSED] - selectOptionByIndex: All options with index in [10] are selected on object 'Object Repository/DispensaryToStore/Page_Dispensary Store/select_--Select--Adernaline 0.'

2018-05-28 13:10:56 - [MESSAGE][PASSED] - All options with index in [10] are selected on object 'Object Repository/DispensaryToStore/Page_Dispensary Store/select_--Select--Adernaline 0.'

2018-05-28 13:10:56 - [TEST_STEP][PASSED] - setText: Text '10' is set on object 'Object Repository/DispensaryToStore/Page_Dispensary Store/input_txttreat'

2018-05-28 13:10:56 - [MESSAGE][PASSED] - Text '10' is set on object 'Object Repository/DispensaryToStore/Page_Dispensary Store/input_txttreat'

2018-05-28 13:10:56 - [TEST_STEP][PASSED] - click: Object: 'Object Repository/DispensaryToStore/Page_Dispensary Store/button_Add' is clicked on

2018-05-28 13:10:56 - [MESSAGE][PASSED] - Object: 'Object Repository/DispensaryToStore/Page_Dispensary Store/button_Add' is clicked on

2018-05-28 13:10:56 - [TEST_STEP][PASSED] - selectOptionByIndex: All options with index in [12] are selected on object 'Object Repository/DispensaryToStore/Page_Dispensary Store/select_--Select--Schedule 1Inj'

2018-05-28 13:10:57 - [MESSAGE][PASSED] - All options with index in [12] are selected on object 'Object Repository/DispensaryToStore/Page_Dispensary Store/select_--Select--Schedule 1Inj'

2018-05-28 13:10:57 - [TEST_STEP][PASSED] - selectOptionByIndex: All options with index in [11] are selected on object 'Object Repository/DispensaryToStore/Page_Dispensary Store/select_--Select--Adernaline 0.'

2018-05-28 13:10:57 - [MESSAGE][PASSED] - All options with index in [11] are selected on object 'Object Repository/DispensaryToStore/Page_Dispensary Store/select_--Select--Adernaline 0.'

2018-05-28 13:10:57 - [TEST_STEP][PASSED] - setText: Text '10' is set on object 'Object Repository/DispensaryToStore/Page_Dispensary Store/input_txttreat'

2018-05-28 13:10:57 - [MESSAGE][PASSED] - Text '10' is set on object 'Object Repository/DispensaryToStore/Page_Dispensary Store/input_txttreat'

2018-05-28 13:10:57 - [TEST_STEP][PASSED] - click: Object: 'Object Repository/DispensaryToStore/Page_Dispensary Store/button_Add' is clicked on

2018-05-28 13:10:57 - [MESSAGE][PASSED] - Object: 'Object Repository/DispensaryToStore/Page_Dispensary Store/button_Add' is clicked on

2018-05-28 13:10:57 - [TEST_STEP][PASSED] - selectOptionByIndex: All options with index in [12] are selected on object 'Object Repository/DispensaryToStore/Page_Dispensary Store/select_--Select--Schedule 1Inj'

2018-05-28 13:10:57 - [MESSAGE][PASSED] - All options with index in [12] are selected on object 'Object Repository/DispensaryToStore/Page_Dispensary Store/select_--Select--Schedule 1Inj'

2018-05-28 13:10:57 - [TEST_STEP][PASSED] - selectOptionByIndex: All options with index in [12] are selected on object 'Object Repository/DispensaryToStore/Page_Dispensary Store/select_--Select--Adernaline 0.'

2018-05-28 13:10:57 - [MESSAGE][PASSED] - All options with index in [12] are selected on object 'Object Repository/DispensaryToStore/Page_Dispensary Store/select_--Select--Adernaline 0.'

2018-05-28 13:10:57 - [TEST_STEP][PASSED] - setText: Text '10' is set on object 'Object Repository/DispensaryToStore/Page_Dispensary Store/input_txttreat'

2018-05-28 13:10:58 - [MESSAGE][PASSED] - Text '10' is set on object 'Object Repository/DispensaryToStore/Page_Dispensary Store/input_txttreat'

2018-05-28 13:10:58 - [TEST_STEP][PASSED] - click: Object: 'Object Repository/DispensaryToStore/Page_Dispensary Store/button_Add' is clicked on

2018-05-28 13:10:58 - [MESSAGE][PASSED] - Object: 'Object Repository/DispensaryToStore/Page_Dispensary Store/button_Add' is clicked on

2018-05-28 13:10:58 - [TEST_STEP][PASSED] - selectOptionByIndex: All options with index in [12] are selected on object 'Object Repository/DispensaryToStore/Page_Dispensary Store/select_--Select--Schedule 1Inj'

2018-05-28 13:10:58 - [MESSAGE][PASSED] - All options with index in [12] are selected on object 'Object Repository/DispensaryToStore/Page_Dispensary Store/select_--Select--Schedule 1Inj'

2018-05-28 13:10:58 - [TEST_STEP][PASSED] - selectOptionByIndex: All options with index in [13] are selected on object 'Object Repository/DispensaryToStore/Page_Dispensary Store/select_--Select--Adernaline 0.'

2018-05-28 13:10:58 - [MESSAGE][PASSED] - All options with index in [13] are selected on object 'Object Repository/DispensaryToStore/Page_Dispensary Store/select_--Select--Adernaline 0.'

2018-05-28 13:10:58 - [TEST_STEP][PASSED] - setText: Text '10' is set on object 'Object Repository/DispensaryToStore/Page_Dispensary Store/input_txttreat'

2018-05-28 13:10:58 - [MESSAGE][PASSED] - Text '10' is set on object 'Object Repository/DispensaryToStore/Page_Dispensary Store/input_txttreat'

2018-05-28 13:10:58 - [TEST_STEP][PASSED] - click: Object: 'Object Repository/DispensaryToStore/Page_Dispensary Store/button_Add' is clicked on

2018-05-28 13:10:58 - [MESSAGE][PASSED] - Object: 'Object Repository/DispensaryToStore/Page_Dispensary Store/button_Add' is clicked on

2018-05-28 13:10:58 - [TEST_STEP][PASSED] - selectOptionByIndex: All options with index in [12] are selected on object 'Object Repository/DispensaryToStore/Page_Dispensary Store/select_--Select--Schedule 1Inj'

2018-05-28 13:10:58 - [MESSAGE][PASSED] - All options with index in [12] are selected on object 'Object Repository/DispensaryToStore/Page_Dispensary Store/select_--Select--Schedule 1Inj'

2018-05-28 13:10:58 - [TEST_STEP][PASSED] - selectOptionByIndex: All options with index in [14] are selected on object 'Object Repository/DispensaryToStore/Page_Dispensary Store/select_--Select--Adernaline 0.'

2018-05-28 13:10:59 - [MESSAGE][PASSED] - All options with index in [14] are selected on object 'Object Repository/DispensaryToStore/Page_Dispensary Store/select_--Select--Adernaline 0.'

2018-05-28 13:10:59 - [TEST_STEP][PASSED] - setText: Text '10' is set on object 'Object Repository/DispensaryToStore/Page_Dispensary Store/input_txttreat'

2018-05-28 13:10:59 - [MESSAGE][PASSED] - Text '10' is set on object 'Object Repository/DispensaryToStore/Page_Dispensary Store/input_txttreat'

2018-05-28 13:10:59 - [TEST_STEP][PASSED] - click: Object: 'Object Repository/DispensaryToStore/Page_Dispensary Store/button_Add' is clicked on

2018-05-28 13:10:59 - [MESSAGE][PASSED] - Object: 'Object Repository/DispensaryToStore/Page_Dispensary Store/button_Add' is clicked on

2018-05-28 13:10:59 - [TEST_STEP][PASSED] - selectOptionByIndex: All options with index in [12] are selected on object 'Object Repository/DispensaryToStore/Page_Dispensary Store/select_--Select--Schedule 1Inj'

2018-05-28 13:10:59 - [MESSAGE][PASSED] - All options with index in [12] are selected on object 'Object Repository/DispensaryToStore/Page_Dispensary Store/select_--Select--Schedule 1Inj'

2018-05-28 13:10:59 - [TEST_STEP][PASSED] - selectOptionByIndex: All options with index in [15] are selected on object 'Object Repository/DispensaryToStore/Page_Dispensary Store/select_--Select--Adernaline 0.'

2018-05-28 13:10:59 - [MESSAGE][PASSED] - All options with index in [15] are selected on object 'Object Repository/DispensaryToStore/Page_Dispensary Store/select_--Select--Adernaline 0.'

2018-05-28 13:10:59 - [TEST_STEP][PASSED] - setText: Text '10' is set on object 'Object Repository/DispensaryToStore/Page_Dispensary Store/input_txttreat'

2018-05-28 13:10:59 - [MESSAGE][PASSED] - Text '10' is set on object 'Object Repository/DispensaryToStore/Page_Dispensary Store/input_txttreat'

2018-05-28 13:10:59 - [TEST_STEP][PASSED] - click: Object: 'Object Repository/DispensaryToStore/Page_Dispensary Store/button_Add' is clicked on

2018-05-28 13:10:59 - [MESSAGE][PASSED] - Object: 'Object Repository/DispensaryToStore/Page_Dispensary Store/button_Add' is clicked on

2018-05-28 13:10:59 - [TEST_STEP][PASSED] - selectOptionByIndex: All options with index in [12] are selected on object 'Object Repository/DispensaryToStore/Page_Dispensary Store/select_--Select--Schedule 1Inj'

2018-05-28 13:11:00 - [MESSAGE][PASSED] - All options with index in [12] are selected on object 'Object Repository/DispensaryToStore/Page_Dispensary Store/select_--Select--Schedule 1Inj'

2018-05-28 13:11:00 - [TEST_STEP][PASSED] - selectOptionByIndex: All options with index in [16] are selected on object 'Object Repository/DispensaryToStore/Page_Dispensary Store/select_--Select--Adernaline 0.'

2018-05-28 13:11:00 - [MESSAGE][PASSED] - All options with index in [16] are selected on object 'Object Repository/DispensaryToStore/Page_Dispensary Store/select_--Select--Adernaline 0.'

2018-05-28 13:11:00 - [TEST_STEP][PASSED] - setText: Text '10' is set on object 'Object Repository/DispensaryToStore/Page_Dispensary Store/input_txttreat'

2018-05-28 13:11:00 - [MESSAGE][PASSED] - Text '10' is set on object 'Object Repository/DispensaryToStore/Page_Dispensary Store/input_txttreat'

2018-05-28 13:11:00 - [TEST_STEP][PASSED] - click: Object: 'Object Repository/DispensaryToStore/Page_Dispensary Store/button_Add' is clicked on

2018-05-28 13:11:00 - [MESSAGE][PASSED] - Object: 'Object Repository/DispensaryToStore/Page_Dispensary Store/button_Add' is clicked on

2018-05-28 13:11:00 - [TEST_STEP][PASSED] - selectOptionByIndex: All options with index in [12] are selected on object 'Object Repository/DispensaryToStore/Page_Dispensary Store/select_--Select--Schedule 1Inj'

2018-05-28 13:11:00 - [MESSAGE][PASSED] - All options with index in [12] are selected on object 'Object Repository/DispensaryToStore/Page_Dispensary Store/select_--Select--Schedule 1Inj'

2018-05-28 13:11:00 - [TEST_STEP][PASSED] - selectOptionByIndex: All options with index in [17] are selected on object 'Object Repository/DispensaryToStore/Page_Dispensary Store/select_--Select--Adernaline 0.'

2018-05-28 13:11:01 - [MESSAGE][PASSED] - All options with index in [17] are selected on object 'Object Repository/DispensaryToStore/Page_Dispensary Store/select_--Select--Adernaline 0.'

2018-05-28 13:11:01 - [TEST_STEP][PASSED] - setText: Text '10' is set on object 'Object Repository/DispensaryToStore/Page_Dispensary Store/input_txttreat'

2018-05-28 13:11:01 - [MESSAGE][PASSED] - Text '10' is set on object 'Object Repository/DispensaryToStore/Page_Dispensary Store/input_txttreat'

2018-05-28 13:11:01 - [TEST_STEP][PASSED] - click: Object: 'Object Repository/DispensaryToStore/Page_Dispensary Store/button_Add' is clicked on

2018-05-28 13:11:01 - [MESSAGE][PASSED] - Object: 'Object Repository/DispensaryToStore/Page_Dispensary Store/button_Add' is clicked on

2018-05-28 13:11:01 - [TEST_STEP][PASSED] - selectOptionByIndex: All options with index in [12] are selected on object 'Object Repository/DispensaryToStore/Page_Dispensary Store/select_--Select--Schedule 1Inj'

2018-05-28 13:11:01 - [MESSAGE][PASSED] - All options with index in [12] are selected on object 'Object Repository/DispensaryToStore/Page_Dispensary Store/select_--Select--Schedule 1Inj'

2018-05-28 13:11:01 - [TEST_STEP][PASSED] - selectOptionByIndex: All options with index in [18] are selected on object 'Object Repository/DispensaryToStore/Page_Dispensary Store/select_--Select--Adernaline 0.'

2018-05-28 13:11:01 - [MESSAGE][PASSED] - All options with index in [18] are selected on object 'Object Repository/DispensaryToStore/Page_Dispensary Store/select_--Select--Adernaline 0.'

2018-05-28 13:11:01 - [TEST_STEP][PASSED] - setText: Text '10' is set on object 'Object Repository/DispensaryToStore/Page_Dispensary Store/input_txttreat'

2018-05-28 13:11:01 - [MESSAGE][PASSED] - Text '10' is set on object 'Object Repository/DispensaryToStore/Page_Dispensary Store/input_txttreat'

2018-05-28 13:11:01 - [TEST_STEP][PASSED] - click: Object: 'Object Repository/DispensaryToStore/Page_Dispensary Store/button_Add' is clicked on

2018-05-28 13:11:02 - [MESSAGE][PASSED] - Object: 'Object Repository/DispensaryToStore/Page_Dispensary Store/button_Add' is clicked on

2018-05-28 13:11:02 - [TEST_STEP][PASSED] - scrollToElement: Scroll to object 'Object Repository/DispensaryToStore/Page_Dispensary Store/input_btnsave' successfully

2018-05-28 13:11:02 - [MESSAGE][PASSED] - Scroll to object 'Object Repository/DispensaryToStore/Page_Dispensary Store/input_btnsave' successfully

2018-05-28 13:11:02 - [TEST_STEP][PASSED] - click: Object: 'Object Repository/DispensaryToStore/Page_Dispensary Store/input_btnsave' is clicked on

2018-05-28 13:11:02 - [MESSAGE][PASSED] - Object: 'Object Repository/DispensaryToStore/Page_Dispensary Store/input_btnsave' is clicked on

2018-05-28 13:11:02 - [TEST_STEP][PASSED] - delay: Delayed 3 second(s)

2018-05-28 13:11:05 - [MESSAGE][PASSED] - Delayed 3 second(s)

2018-05-28 13:11:05 - [TEST_STEP][PASSED] - Statement - RN1 = com.kms.katalon.core.webui.keyword.WebUiBuiltInKeywords.getText(com.kms.katalon.core.testobject.ObjectRepository.findTestObject(DispensaryToStore/Page_Dispensary Store/font_HPRNO180520187)): Text of object 'Object Repository/DispensaryToStore/Page_Dispensary Store/font_HPRNO180520187' is: 'DPRNO/28052018/131'

2018-05-28 13:11:05 - [MESSAGE][PASSED] - Text of object 'Object Repository/DispensaryToStore/Page_Dispensary Store/font_HPRNO180520187' is: 'DPRNO/28052018/131'

2018-05-28 13:11:05 - [TEST_STEP][PASSED] - Statement - out.println(RN1): null

2018-05-28 13:11:05 - [TEST_STEP][PASSED] - Statement - RID = RN1.split("/")[2]: null

2018-05-28 13:11:05 - [TEST_STEP][PASSED] - click: Object: 'Object Repository/DispensaryToStore/Page_Dispensary Store/button_OK' is clicked on

2018-05-28 13:11:06 - [MESSAGE][PASSED] - Object: 'Object Repository/DispensaryToStore/Page_Dispensary Store/button_OK' is clicked on

2018-05-28 13:11:06 - [TEST_STEP][PASSED] - delay: Delayed 3 second(s)

2018-05-28 13:11:09 - [MESSAGE][PASSED] - Delayed 3 second(s)

2018-05-28 13:11:09 - [TEST_STEP][PASSED] - click: Object: 'Object Repository/DispensaryToStore/Page_Dispensary Store/a_dropdown-toggle' is clicked on

2018-05-28 13:11:09 - [MESSAGE][PASSED] - Object: 'Object Repository/DispensaryToStore/Page_Dispensary Store/a_dropdown-toggle' is clicked on

2018-05-28 13:11:09 - [TEST_STEP][PASSED] - click: Object: 'Object Repository/DispensaryToStore/Page_Dispensary Store/a_Sign out' is clicked on

2018-05-28 13:11:10 - [MESSAGE][PASSED] - Object: 'Object Repository/DispensaryToStore/Page_Dispensary Store/a_Sign out' is clicked on

2018-05-28 13:11:10 - [TEST_STEP][PASSED] - delay: Delayed 3 second(s)

2018-05-28 13:11:13 - [MESSAGE][PASSED] - Delayed 3 second(s)

2018-05-28 13:11:13 - [TEST_STEP][PASSED] - navigateToUrl: Navigate to 'http://192.168.137.1/multihospital_new/' successfully

2018-05-28 13:11:14 - [MESSAGE][PASSED] - Navigate to 'http://192.168.137.1/multihospital_new/' successfully

2018-05-28 13:11:14 - [TEST_STEP][PASSED] - click: Object: 'Object Repository/DispensaryToStore/Page_KDMC/a_CMO' is clicked on

2018-05-28 13:11:14 - [MESSAGE][PASSED] - Object: 'Object Repository/DispensaryToStore/Page_KDMC/a_CMO' is clicked on

2018-05-28 13:11:14 - [TEST_STEP][PASSED] - setText: Text 'guru' is set on object 'Object Repository/DispensaryToStore/Page_CMO login/input_txtusername'

2018-05-28 13:11:15 - [MESSAGE][PASSED] - Text 'guru' is set on object 'Object Repository/DispensaryToStore/Page_CMO login/input_txtusername'

2018-05-28 13:11:15 - [TEST_STEP][PASSED] - setText: Text '123' is set on object 'Object Repository/DispensaryToStore/Page_CMO login/input_txtpassword'

2018-05-28 13:11:15 - [MESSAGE][PASSED] - Text '123' is set on object 'Object Repository/DispensaryToStore/Page_CMO login/input_txtpassword'

2018-05-28 13:11:15 - [TEST_STEP][PASSED] - delay: Delayed 3 second(s)

2018-05-28 13:11:18 - [MESSAGE][PASSED] - Delayed 3 second(s)

2018-05-28 13:11:18 - [TEST_STEP][PASSED] - click: Object: 'Object Repository/DispensaryToStore/Page_CMO login/button_Sign in' is clicked on

2018-05-28 13:11:22 - [MESSAGE][PASSED] - Object: 'Object Repository/DispensaryToStore/Page_CMO login/button_Sign in' is clicked on

2018-05-28 13:11:22 - [TEST_STEP][PASSED] - click: Object: 'Object Repository/DispensaryToStore/Page_KDMC - CMO/a_Department Wise Request' is clicked on

2018-05-28 13:11:24 - [MESSAGE][PASSED] - Object: 'Object Repository/DispensaryToStore/Page_KDMC - CMO/a_Department Wise Request' is clicked on

2018-05-28 13:11:24 - [TEST_STEP][PASSED] - delay: Delayed 2 second(s)

2018-05-28 13:11:26 - [MESSAGE][PASSED] - Delayed 2 second(s)

2018-05-28 13:11:26 - [TEST_STEP][PASSED] - selectOptionByIndex: All options with index in [6] are selected on object 'Object Repository/DispensaryToStore/Page_KDMC - CMO/select_--ALL--'

2018-05-28 13:11:26 - [MESSAGE][PASSED] - All options with index in [6] are selected on object 'Object Repository/DispensaryToStore/Page_KDMC - CMO/select_--ALL--'

2018-05-28 13:11:26 - [TEST_STEP][PASSED] - click: Object: 'Object Repository/DispensaryToStore/Page_KDMC - CMO/input_btnsearch' is clicked on

2018-05-28 13:11:26 - [MESSAGE][PASSED] - Object: 'Object Repository/DispensaryToStore/Page_KDMC - CMO/input_btnsearch' is clicked on

2018-05-28 13:11:26 - [TEST_STEP][PASSED] - selectOptionByIndex: All options with index in [1] are selected on object 'Object Repository/DispensaryToStore/Page_KDMC - CMO/select_--ALL--                _1'

2018-05-28 13:11:26 - [MESSAGE][PASSED] - All options with index in [1] are selected on object 'Object Repository/DispensaryToStore/Page_KDMC - CMO/select_--ALL--                _1'

2018-05-28 13:11:26 - [TEST_STEP][PASSED] - click: Object: 'Object Repository/DispensaryToStore/Page_KDMC - CMO/input_btnsearch' is clicked on

2018-05-28 13:11:26 - [MESSAGE][PASSED] - Object: 'Object Repository/DispensaryToStore/Page_KDMC - CMO/input_btnsearch' is clicked on

2018-05-28 13:11:26 - [TEST_STEP][PASSED] - Statement - ID = com.kms.katalon.core.webui.keyword.WebUiBuiltInKeywords.modifyObjectProperty(com.kms.katalon.core.testobject.ObjectRepository.findTestObject(lab/Page_KDMC - CMO/input_1), "xpath", "equals", "//*[@id=" + RID + "]", true): Modify property of object successfully

2018-05-28 13:11:26 - [MESSAGE][PASSED] - Modify property of object successfully

2018-05-28 13:11:26 - [TEST_STEP][PASSED] - click: Object: 'Object Repository/lab/Page_KDMC - CMO/input_1' is clicked on

2018-05-28 13:11:27 - [MESSAGE][PASSED] - Object: 'Object Repository/lab/Page_KDMC - CMO/input_1' is clicked on

2018-05-28 13:11:27 - [TEST_STEP][PASSED] - delay: Delayed 2 second(s)

2018-05-28 13:11:29 - [MESSAGE][PASSED] - Delayed 2 second(s)

2018-05-28 13:11:29 - [TEST_STEP][PASSED] - selectOptionByIndex: All options with index in [1] are selected on object 'Object Repository/DispensaryToStore/Page_KDMC - CMO/select_--Select--'

2018-05-28 13:11:29 - [MESSAGE][PASSED] - All options with index in [1] are selected on object 'Object Repository/DispensaryToStore/Page_KDMC - CMO/select_--Select--'

2018-05-28 13:11:29 - [TEST_STEP][PASSED] - click: Object: 'Object Repository/DispensaryToStore/Page_KDMC - CMO/input_btnupdate' is clicked on

2018-05-28 13:11:29 - [MESSAGE][PASSED] - Object: 'Object Repository/DispensaryToStore/Page_KDMC - CMO/input_btnupdate' is clicked on

2018-05-28 13:11:29 - [TEST_STEP][PASSED] - delay: Delayed 2 second(s)

2018-05-28 13:11:31 - [MESSAGE][PASSED] - Delayed 2 second(s)

2018-05-28 13:11:31 - [TEST_STEP][PASSED] - click: Object: 'Object Repository/DispensaryToStore/Page_KDMC - CMO/button_OK' is clicked on

2018-05-28 13:11:32 - [MESSAGE][PASSED] - Object: 'Object Repository/DispensaryToStore/Page_KDMC - CMO/button_OK' is clicked on

2018-05-28 13:11:32 - [TEST_STEP][PASSED] - delay: Delayed 2 second(s)

2018-05-28 13:11:34 - [MESSAGE][PASSED] - Delayed 2 second(s)

2018-05-28 13:11:34 - [TEST_STEP][PASSED] - click: Object: 'Object Repository/DispensaryToStore/Page_KDMC - CMO/a_dropdown-toggle' is clicked on

2018-05-28 13:11:34 - [MESSAGE][PASSED] - Object: 'Object Repository/DispensaryToStore/Page_KDMC - CMO/a_dropdown-toggle' is clicked on

2018-05-28 13:11:34 - [TEST_STEP][PASSED] - click: Object: 'Object Repository/DispensaryToStore/Page_KDMC - CMO/a_Sign out' is clicked on

2018-05-28 13:11:34 - [MESSAGE][PASSED] - Object: 'Object Repository/DispensaryToStore/Page_KDMC - CMO/a_Sign out' is clicked on

2018-05-28 13:11:34 - [TEST_STEP][PASSED] - delay: Delayed 3 second(s)

2018-05-28 13:11:37 - [MESSAGE][PASSED] - Delayed 3 second(s)

2018-05-28 13:11:37 - [TEST_STEP][PASSED] - click: Object: 'Object Repository/DispensaryToStore/Page_KDMC/a_Divisional Store' is clicked on

2018-05-28 13:11:38 - [MESSAGE][PASSED] - Object: 'Object Repository/DispensaryToStore/Page_KDMC/a_Divisional Store' is clicked on

2018-05-28 13:11:38 - [TEST_STEP][PASSED] - setText: Text 'ragu' is set on object 'Object Repository/DispensaryToStore/Page_Divisonal Store Login/input_txtusername'

2018-05-28 13:11:39 - [MESSAGE][PASSED] - Text 'ragu' is set on object 'Object Repository/DispensaryToStore/Page_Divisonal Store Login/input_txtusername'

2018-05-28 13:11:39 - [TEST_STEP][PASSED] - setText: Text '123' is set on object 'Object Repository/DispensaryToStore/Page_Divisonal Store Login/input_txtpassword'

2018-05-28 13:11:39 - [MESSAGE][PASSED] - Text '123' is set on object 'Object Repository/DispensaryToStore/Page_Divisonal Store Login/input_txtpassword'

2018-05-28 13:11:39 - [TEST_STEP][PASSED] - delay: Delayed 3 second(s)

2018-05-28 13:11:42 - [MESSAGE][PASSED] - Delayed 3 second(s)

2018-05-28 13:11:42 - [TEST_STEP][PASSED] - click: Object: 'Object Repository/DispensaryToStore/Page_Divisonal Store Login/button_Sign in' is clicked on

2018-05-28 13:11:43 - [MESSAGE][PASSED] - Object: 'Object Repository/DispensaryToStore/Page_Divisonal Store Login/button_Sign in' is clicked on

2018-05-28 13:11:43 - [TEST_STEP][PASSED] - delay: Delayed 3 second(s)

2018-05-28 13:11:46 - [MESSAGE][PASSED] - Delayed 3 second(s)

2018-05-28 13:11:46 - [TEST_STEP][PASSED] - scrollToPosition: Browser is scrolled to position x = 100, y = 100

2018-05-28 13:11:46 - [MESSAGE][PASSED] - Browser is scrolled to position x = 100, y = 100

2018-05-28 13:11:46 - [TEST_STEP][PASSED] - click: Object: 'Object Repository/DispensaryToStore/Page_Store/a_Dispensary Request' is clicked on

2018-05-28 13:11:46 - [MESSAGE][PASSED] - Object: 'Object Repository/DispensaryToStore/Page_Store/a_Dispensary Request' is clicked on

2018-05-28 13:11:46 - [TEST_STEP][PASSED] - delay: Delayed 2 second(s)

2018-05-28 13:11:48 - [MESSAGE][PASSED] - Delayed 2 second(s)

2018-05-28 13:11:48 - [TEST_STEP][PASSED] - click: Object: 'Object Repository/DispensaryToStore/Page_Store/a_Request Item Dispensary' is clicked on

2018-05-28 13:11:49 - [MESSAGE][PASSED] - Object: 'Object Repository/DispensaryToStore/Page_Store/a_Request Item Dispensary' is clicked on

2018-05-28 13:11:49 - [TEST_STEP][PASSED] - Statement - ChooseRequest = com.kms.katalon.core.webui.keyword.WebUiBuiltInKeywords.modifyObjectProperty(com.kms.katalon.core.testobject.ObjectRepository.findTestObject(lab/Page_Store/input_1), "xpath", "equals", "//*[@id=" + RID + "]", true): Modify property of object successfully

2018-05-28 13:11:49 - [MESSAGE][PASSED] - Modify property of object successfully

2018-05-28 13:11:49 - [TEST_STEP][PASSED] - click: Object: 'Object Repository/lab/Page_Store/input_1' is clicked on

2018-05-28 13:11:50 - [MESSAGE][PASSED] - Object: 'Object Repository/lab/Page_Store/input_1' is clicked on

2018-05-28 13:11:50 - [TEST_STEP][PASSED] - Statement - selectedoptions = com.kms.katalon.core.webui.keyword.WebUiBuiltInKeywords.getNumberOfTotalOption(com.kms.katalon.core.testobject.ObjectRepository.findTestObject(DispensaryToStore/Page_Store/select_--Select--Adernaline 0.)): 19 options of object 'Object Repository/DispensaryToStore/Page_Store/select_--Select--Adernaline 0.' counted

2018-05-28 13:11:50 - [MESSAGE][PASSED] - 19 options of object 'Object Repository/DispensaryToStore/Page_Store/select_--Select--Adernaline 0.' counted

2018-05-28 13:11:50 - [TEST_STEP][PASSED] - Statement - For ([a = 1, a <= selectedoptions - 1, (a++)]): null

2018-05-28 13:11:50 - [TEST_STEP][PASSED] - selectOptionByIndex: All options with index in [1] are selected on object 'Object Repository/DispensaryToStore/Page_Store/select_--Select--Adernaline 0.'

2018-05-28 13:11:50 - [MESSAGE][PASSED] - All options with index in [1] are selected on object 'Object Repository/DispensaryToStore/Page_Store/select_--Select--Adernaline 0.'

2018-05-28 13:11:50 - [TEST_STEP][PASSED] - delay: Delayed 2 second(s)

2018-05-28 13:11:52 - [MESSAGE][PASSED] - Delayed 2 second(s)

2018-05-28 13:11:52 - [TEST_STEP][PASSED] - Statement - RequestedQty = com.kms.katalon.core.webui.keyword.WebUiBuiltInKeywords.getAttribute(com.kms.katalon.core.testobject.ObjectRepository.findTestObject(DispensaryToStore/Page_Store/input_txttotal), "value"): Attribute 'value' of object 'Object Repository/DispensaryToStore/Page_Store/input_txttotal' is: '10'

2018-05-28 13:11:52 - [MESSAGE][PASSED] - Attribute 'value' of object 'Object Repository/DispensaryToStore/Page_Store/input_txttotal' is: '10'

2018-05-28 13:11:52 - [TEST_STEP][PASSED] - Statement - out.println("Requested QTY : " + RequestedQty): null

2018-05-28 13:11:52 - [TEST_STEP][PASSED] - Statement - BatchNumber = com.kms.katalon.core.webui.keyword.WebUiBuiltInKeywords.getNumberOfTotalOption(com.kms.katalon.core.testobject.ObjectRepository.findTestObject(DispensaryToStore/Page_Store/select_--Select--BA1170BA2376B)): 3 options of object 'Object Repository/DispensaryToStore/Page_Store/select_--Select--BA1170BA2376B' counted

2018-05-28 13:11:52 - [MESSAGE][PASSED] - 3 options of object 'Object Repository/DispensaryToStore/Page_Store/select_--Select--BA1170BA2376B' counted

2018-05-28 13:11:52 - [TEST_STEP][PASSED] - Statement - For ([g = 1, g <= BatchNumber - 1, (g++)]): null

2018-05-28 13:11:52 - [TEST_STEP][PASSED] - selectOptionByIndex: All options with index in [1] are selected on object 'Object Repository/DispensaryToStore/Page_Store/select_--Select--BA1170BA2376B'

2018-05-28 13:11:52 - [MESSAGE][PASSED] - All options with index in [1] are selected on object 'Object Repository/DispensaryToStore/Page_Store/select_--Select--BA1170BA2376B'

2018-05-28 13:11:52 - [TEST_STEP][PASSED] - Statement - Try: null

2018-05-28 13:11:52 - [TEST_STEP][PASSED] - Statement - StockQty = com.kms.katalon.core.webui.keyword.WebUiBuiltInKeywords.getAttribute(com.kms.katalon.core.testobject.ObjectRepository.findTestObject(DispensaryToStore/Page_Store/input_txtprice), "value"): Attribute 'value' of object 'Object Repository/DispensaryToStore/Page_Store/input_txtprice' is: '245'

2018-05-28 13:11:52 - [MESSAGE][PASSED] - Attribute 'value' of object 'Object Repository/DispensaryToStore/Page_Store/input_txtprice' is: '245'

2018-05-28 13:11:52 - [TEST_STEP][PASSED] - Statement - out.println("Stock QTY : " + StockQty): null

2018-05-28 13:11:52 - [TEST_STEP][PASSED] - delay: Delayed 2 second(s)

2018-05-28 13:11:54 - [MESSAGE][PASSED] - Delayed 2 second(s)

2018-05-28 13:11:54 - [TEST_STEP][PASSED] - Statement - If (java.lang.String.valueOf(StockQty) >= java.lang.String.valueOf(RequestedQty)): null

2018-05-28 13:11:54 - [TEST_STEP][PASSED] - setText: Text '10' is set on object 'Object Repository/DispensaryToStore/Page_Store/input_txtqty'

2018-05-28 13:11:54 - [MESSAGE][PASSED] - Text '10' is set on object 'Object Repository/DispensaryToStore/Page_Store/input_txtqty'

2018-05-28 13:11:54 - [TEST_STEP][PASSED] - click: Object: 'Object Repository/DispensaryToStore/Page_Store/button_Add' is clicked on

2018-05-28 13:11:54 - [MESSAGE][PASSED] - Object: 'Object Repository/DispensaryToStore/Page_Store/button_Add' is clicked on

2018-05-28 13:11:54 - [TEST_STEP][PASSED] - Statement - Break: null

2018-05-28 13:11:54 - [TEST_STEP][PASSED] - selectOptionByIndex: All options with index in [2] are selected on object 'Object Repository/DispensaryToStore/Page_Store/select_--Select--Adernaline 0.'

2018-05-28 13:11:55 - [MESSAGE][PASSED] - All options with index in [2] are selected on object 'Object Repository/DispensaryToStore/Page_Store/select_--Select--Adernaline 0.'

2018-05-28 13:11:55 - [TEST_STEP][PASSED] - delay: Delayed 2 second(s)

2018-05-28 13:11:57 - [MESSAGE][PASSED] - Delayed 2 second(s)

2018-05-28 13:11:57 - [TEST_STEP][PASSED] - Statement - RequestedQty = com.kms.katalon.core.webui.keyword.WebUiBuiltInKeywords.getAttribute(com.kms.katalon.core.testobject.ObjectRepository.findTestObject(DispensaryToStore/Page_Store/input_txttotal), "value"): Attribute 'value' of object 'Object Repository/DispensaryToStore/Page_Store/input_txttotal' is: '10'

2018-05-28 13:11:57 - [MESSAGE][PASSED] - Attribute 'value' of object 'Object Repository/DispensaryToStore/Page_Store/input_txttotal' is: '10'

2018-05-28 13:11:57 - [TEST_STEP][PASSED] - Statement - out.println("Requested QTY : " + RequestedQty): null

2018-05-28 13:11:57 - [TEST_STEP][PASSED] - Statement - BatchNumber = com.kms.katalon.core.webui.keyword.WebUiBuiltInKeywords.getNumberOfTotalOption(com.kms.katalon.core.testobject.ObjectRepository.findTestObject(DispensaryToStore/Page_Store/select_--Select--BA1170BA2376B)): 2 options of object 'Object Repository/DispensaryToStore/Page_Store/select_--Select--BA1170BA2376B' counted

2018-05-28 13:11:57 - [MESSAGE][PASSED] - 2 options of object 'Object Repository/DispensaryToStore/Page_Store/select_--Select--BA1170BA2376B' counted

2018-05-28 13:11:57 - [TEST_STEP][PASSED] - Statement - For ([g = 1, g <= BatchNumber - 1, (g++)]): null

2018-05-28 13:11:57 - [TEST_STEP][PASSED] - selectOptionByIndex: All options with index in [1] are selected on object 'Object Repository/DispensaryToStore/Page_Store/select_--Select--BA1170BA2376B'

2018-05-28 13:11:57 - [MESSAGE][PASSED] - All options with index in [1] are selected on object 'Object Repository/DispensaryToStore/Page_Store/select_--Select--BA1170BA2376B'

2018-05-28 13:11:57 - [TEST_STEP][PASSED] - Statement - Try: null

2018-05-28 13:11:57 - [TEST_STEP][PASSED] - Statement - StockQty = com.kms.katalon.core.webui.keyword.WebUiBuiltInKeywords.getAttribute(com.kms.katalon.core.testobject.ObjectRepository.findTestObject(DispensaryToStore/Page_Store/input_txtprice), "value"): Attribute 'value' of object 'Object Repository/DispensaryToStore/Page_Store/input_txtprice' is: '966'

2018-05-28 13:11:57 - [MESSAGE][PASSED] - Attribute 'value' of object 'Object Repository/DispensaryToStore/Page_Store/input_txtprice' is: '966'

2018-05-28 13:11:57 - [TEST_STEP][PASSED] - Statement - out.println("Stock QTY : " + StockQty): null

2018-05-28 13:11:57 - [TEST_STEP][PASSED] - delay: Delayed 2 second(s)

2018-05-28 13:11:59 - [MESSAGE][PASSED] - Delayed 2 second(s)

2018-05-28 13:11:59 - [TEST_STEP][PASSED] - Statement - If (java.lang.String.valueOf(StockQty) >= java.lang.String.valueOf(RequestedQty)): null

2018-05-28 13:11:59 - [TEST_STEP][PASSED] - setText: Text '10' is set on object 'Object Repository/DispensaryToStore/Page_Store/input_txtqty'

2018-05-28 13:11:59 - [MESSAGE][PASSED] - Text '10' is set on object 'Object Repository/DispensaryToStore/Page_Store/input_txtqty'

2018-05-28 13:11:59 - [TEST_STEP][PASSED] - click: Object: 'Object Repository/DispensaryToStore/Page_Store/button_Add' is clicked on

2018-05-28 13:11:59 - [MESSAGE][PASSED] - Object: 'Object Repository/DispensaryToStore/Page_Store/button_Add' is clicked on

2018-05-28 13:11:59 - [TEST_STEP][PASSED] - Statement - Break: null

2018-05-28 13:11:59 - [TEST_STEP][PASSED] - selectOptionByIndex: All options with index in [3] are selected on object 'Object Repository/DispensaryToStore/Page_Store/select_--Select--Adernaline 0.'

2018-05-28 13:11:59 - [MESSAGE][PASSED] - All options with index in [3] are selected on object 'Object Repository/DispensaryToStore/Page_Store/select_--Select--Adernaline 0.'

2018-05-28 13:11:59 - [TEST_STEP][PASSED] - delay: Delayed 2 second(s)

2018-05-28 13:12:01 - [MESSAGE][PASSED] - Delayed 2 second(s)

2018-05-28 13:12:01 - [TEST_STEP][PASSED] - Statement - RequestedQty = com.kms.katalon.core.webui.keyword.WebUiBuiltInKeywords.getAttribute(com.kms.katalon.core.testobject.ObjectRepository.findTestObject(DispensaryToStore/Page_Store/input_txttotal), "value"): Attribute 'value' of object 'Object Repository/DispensaryToStore/Page_Store/input_txttotal' is: '10'

2018-05-28 13:12:01 - [MESSAGE][PASSED] - Attribute 'value' of object 'Object Repository/DispensaryToStore/Page_Store/input_txttotal' is: '10'

2018-05-28 13:12:01 - [TEST_STEP][PASSED] - Statement - out.println("Requested QTY : " + RequestedQty): null

2018-05-28 13:12:01 - [TEST_STEP][PASSED] - Statement - BatchNumber = com.kms.katalon.core.webui.keyword.WebUiBuiltInKeywords.getNumberOfTotalOption(com.kms.katalon.core.testobject.ObjectRepository.findTestObject(DispensaryToStore/Page_Store/select_--Select--BA1170BA2376B)): 3 options of object 'Object Repository/DispensaryToStore/Page_Store/select_--Select--BA1170BA2376B' counted

2018-05-28 13:12:01 - [MESSAGE][PASSED] - 3 options of object 'Object Repository/DispensaryToStore/Page_Store/select_--Select--BA1170BA2376B' counted

2018-05-28 13:12:01 - [TEST_STEP][PASSED] - Statement - For ([g = 1, g <= BatchNumber - 1, (g++)]): null

2018-05-28 13:12:01 - [TEST_STEP][PASSED] - selectOptionByIndex: All options with index in [1] are selected on object 'Object Repository/DispensaryToStore/Page_Store/select_--Select--BA1170BA2376B'

2018-05-28 13:12:01 - [MESSAGE][PASSED] - All options with index in [1] are selected on object 'Object Repository/DispensaryToStore/Page_Store/select_--Select--BA1170BA2376B'

2018-05-28 13:12:01 - [TEST_STEP][PASSED] - Statement - Try: null

2018-05-28 13:12:01 - [TEST_STEP][PASSED] - Statement - StockQty = com.kms.katalon.core.webui.keyword.WebUiBuiltInKeywords.getAttribute(com.kms.katalon.core.testobject.ObjectRepository.findTestObject(DispensaryToStore/Page_Store/input_txtprice), "value"): Attribute 'value' of object 'Object Repository/DispensaryToStore/Page_Store/input_txtprice' is: '245'

2018-05-28 13:12:01 - [MESSAGE][PASSED] - Attribute 'value' of object 'Object Repository/DispensaryToStore/Page_Store/input_txtprice' is: '245'

2018-05-28 13:12:01 - [TEST_STEP][PASSED] - Statement - out.println("Stock QTY : " + StockQty): null

2018-05-28 13:12:01 - [TEST_STEP][PASSED] - delay: Delayed 2 second(s)

2018-05-28 13:12:03 - [MESSAGE][PASSED] - Delayed 2 second(s)

2018-05-28 13:12:03 - [TEST_STEP][PASSED] - Statement - If (java.lang.String.valueOf(StockQty) >= java.lang.String.valueOf(RequestedQty)): null

2018-05-28 13:12:03 - [TEST_STEP][PASSED] - setText: Text '10' is set on object 'Object Repository/DispensaryToStore/Page_Store/input_txtqty'

2018-05-28 13:12:03 - [MESSAGE][PASSED] - Text '10' is set on object 'Object Repository/DispensaryToStore/Page_Store/input_txtqty'

2018-05-28 13:12:03 - [TEST_STEP][PASSED] - click: Object: 'Object Repository/DispensaryToStore/Page_Store/button_Add' is clicked on

2018-05-28 13:12:04 - [MESSAGE][PASSED] - Object: 'Object Repository/DispensaryToStore/Page_Store/button_Add' is clicked on

2018-05-28 13:12:04 - [TEST_STEP][PASSED] - Statement - Break: null

2018-05-28 13:12:04 - [TEST_STEP][PASSED] - selectOptionByIndex: All options with index in [4] are selected on object 'Object Repository/DispensaryToStore/Page_Store/select_--Select--Adernaline 0.'

2018-05-28 13:12:04 - [MESSAGE][PASSED] - All options with index in [4] are selected on object 'Object Repository/DispensaryToStore/Page_Store/select_--Select--Adernaline 0.'

2018-05-28 13:12:04 - [TEST_STEP][PASSED] - delay: Delayed 2 second(s)

2018-05-28 13:12:06 - [MESSAGE][PASSED] - Delayed 2 second(s)

2018-05-28 13:12:06 - [TEST_STEP][PASSED] - Statement - RequestedQty = com.kms.katalon.core.webui.keyword.WebUiBuiltInKeywords.getAttribute(com.kms.katalon.core.testobject.ObjectRepository.findTestObject(DispensaryToStore/Page_Store/input_txttotal), "value"): Attribute 'value' of object 'Object Repository/DispensaryToStore/Page_Store/input_txttotal' is: '10'

2018-05-28 13:12:06 - [MESSAGE][PASSED] - Attribute 'value' of object 'Object Repository/DispensaryToStore/Page_Store/input_txttotal' is: '10'

2018-05-28 13:12:06 - [TEST_STEP][PASSED] - Statement - out.println("Requested QTY : " + RequestedQty): null

2018-05-28 13:12:06 - [TEST_STEP][PASSED] - Statement - BatchNumber = com.kms.katalon.core.webui.keyword.WebUiBuiltInKeywords.getNumberOfTotalOption(com.kms.katalon.core.testobject.ObjectRepository.findTestObject(DispensaryToStore/Page_Store/select_--Select--BA1170BA2376B)): 3 options of object 'Object Repository/DispensaryToStore/Page_Store/select_--Select--BA1170BA2376B' counted

2018-05-28 13:12:06 - [MESSAGE][PASSED] - 3 options of object 'Object Repository/DispensaryToStore/Page_Store/select_--Select--BA1170BA2376B' counted

2018-05-28 13:12:06 - [TEST_STEP][PASSED] - Statement - For ([g = 1, g <= BatchNumber - 1, (g++)]): null

2018-05-28 13:12:06 - [TEST_STEP][PASSED] - selectOptionByIndex: All options with index in [1] are selected on object 'Object Repository/DispensaryToStore/Page_Store/select_--Select--BA1170BA2376B'

2018-05-28 13:12:06 - [MESSAGE][PASSED] - All options with index in [1] are selected on object 'Object Repository/DispensaryToStore/Page_Store/select_--Select--BA1170BA2376B'

2018-05-28 13:12:06 - [TEST_STEP][PASSED] - Statement - Try: null

2018-05-28 13:12:06 - [TEST_STEP][PASSED] - Statement - StockQty = com.kms.katalon.core.webui.keyword.WebUiBuiltInKeywords.getAttribute(com.kms.katalon.core.testobject.ObjectRepository.findTestObject(DispensaryToStore/Page_Store/input_txtprice), "value"): Attribute 'value' of object 'Object Repository/DispensaryToStore/Page_Store/input_txtprice' is: '245'

2018-05-28 13:12:06 - [MESSAGE][PASSED] - Attribute 'value' of object 'Object Repository/DispensaryToStore/Page_Store/input_txtprice' is: '245'

2018-05-28 13:12:06 - [TEST_STEP][PASSED] - Statement - out.println("Stock QTY : " + StockQty): null

2018-05-28 13:12:06 - [TEST_STEP][PASSED] - delay: Delayed 2 second(s)

2018-05-28 13:12:08 - [MESSAGE][PASSED] - Delayed 2 second(s)

2018-05-28 13:12:08 - [TEST_STEP][PASSED] - Statement - If (java.lang.String.valueOf(StockQty) >= java.lang.String.valueOf(RequestedQty)): null

2018-05-28 13:12:08 - [TEST_STEP][PASSED] - setText: Text '10' is set on object 'Object Repository/DispensaryToStore/Page_Store/input_txtqty'

2018-05-28 13:12:08 - [MESSAGE][PASSED] - Text '10' is set on object 'Object Repository/DispensaryToStore/Page_Store/input_txtqty'

2018-05-28 13:12:08 - [TEST_STEP][PASSED] - click: Object: 'Object Repository/DispensaryToStore/Page_Store/button_Add' is clicked on

2018-05-28 13:12:08 - [MESSAGE][PASSED] - Object: 'Object Repository/DispensaryToStore/Page_Store/button_Add' is clicked on

2018-05-28 13:12:08 - [TEST_STEP][PASSED] - Statement - Break: null

2018-05-28 13:12:08 - [TEST_STEP][PASSED] - selectOptionByIndex: All options with index in [5] are selected on object 'Object Repository/DispensaryToStore/Page_Store/select_--Select--Adernaline 0.'

2018-05-28 13:12:08 - [MESSAGE][PASSED] - All options with index in [5] are selected on object 'Object Repository/DispensaryToStore/Page_Store/select_--Select--Adernaline 0.'

2018-05-28 13:12:08 - [TEST_STEP][PASSED] - delay: Delayed 2 second(s)

2018-05-28 13:12:10 - [MESSAGE][PASSED] - Delayed 2 second(s)

2018-05-28 13:12:10 - [TEST_STEP][PASSED] - Statement - RequestedQty = com.kms.katalon.core.webui.keyword.WebUiBuiltInKeywords.getAttribute(com.kms.katalon.core.testobject.ObjectRepository.findTestObject(DispensaryToStore/Page_Store/input_txttotal), "value"): Attribute 'value' of object 'Object Repository/DispensaryToStore/Page_Store/input_txttotal' is: '10'

2018-05-28 13:12:10 - [MESSAGE][PASSED] - Attribute 'value' of object 'Object Repository/DispensaryToStore/Page_Store/input_txttotal' is: '10'

2018-05-28 13:12:10 - [TEST_STEP][PASSED] - Statement - out.println("Requested QTY : " + RequestedQty): null

2018-05-28 13:12:10 - [TEST_STEP][PASSED] - Statement - BatchNumber = com.kms.katalon.core.webui.keyword.WebUiBuiltInKeywords.getNumberOfTotalOption(com.kms.katalon.core.testobject.ObjectRepository.findTestObject(DispensaryToStore/Page_Store/select_--Select--BA1170BA2376B)): 3 options of object 'Object Repository/DispensaryToStore/Page_Store/select_--Select--BA1170BA2376B' counted

2018-05-28 13:12:10 - [MESSAGE][PASSED] - 3 options of object 'Object Repository/DispensaryToStore/Page_Store/select_--Select--BA1170BA2376B' counted

2018-05-28 13:12:10 - [TEST_STEP][PASSED] - Statement - For ([g = 1, g <= BatchNumber - 1, (g++)]): null

2018-05-28 13:12:10 - [TEST_STEP][PASSED] - selectOptionByIndex: All options with index in [1] are selected on object 'Object Repository/DispensaryToStore/Page_Store/select_--Select--BA1170BA2376B'

2018-05-28 13:12:11 - [MESSAGE][PASSED] - All options with index in [1] are selected on object 'Object Repository/DispensaryToStore/Page_Store/select_--Select--BA1170BA2376B'

2018-05-28 13:12:11 - [TEST_STEP][PASSED] - Statement - Try: null

2018-05-28 13:12:11 - [TEST_STEP][PASSED] - Statement - StockQty = com.kms.katalon.core.webui.keyword.WebUiBuiltInKeywords.getAttribute(com.kms.katalon.core.testobject.ObjectRepository.findTestObject(DispensaryToStore/Page_Store/input_txtprice), "value"): Attribute 'value' of object 'Object Repository/DispensaryToStore/Page_Store/input_txtprice' is: '255'

2018-05-28 13:12:11 - [MESSAGE][PASSED] - Attribute 'value' of object 'Object Repository/DispensaryToStore/Page_Store/input_txtprice' is: '255'

2018-05-28 13:12:11 - [TEST_STEP][PASSED] - Statement - out.println("Stock QTY : " + StockQty): null

2018-05-28 13:12:11 - [TEST_STEP][PASSED] - delay: Delayed 2 second(s)

2018-05-28 13:12:13 - [MESSAGE][PASSED] - Delayed 2 second(s)

2018-05-28 13:12:13 - [TEST_STEP][PASSED] - Statement - If (java.lang.String.valueOf(StockQty) >= java.lang.String.valueOf(RequestedQty)): null

2018-05-28 13:12:13 - [TEST_STEP][PASSED] - setText: Text '10' is set on object 'Object Repository/DispensaryToStore/Page_Store/input_txtqty'

2018-05-28 13:12:13 - [MESSAGE][PASSED] - Text '10' is set on object 'Object Repository/DispensaryToStore/Page_Store/input_txtqty'

2018-05-28 13:12:13 - [TEST_STEP][PASSED] - click: Object: 'Object Repository/DispensaryToStore/Page_Store/button_Add' is clicked on

2018-05-28 13:12:13 - [MESSAGE][PASSED] - Object: 'Object Repository/DispensaryToStore/Page_Store/button_Add' is clicked on

2018-05-28 13:12:13 - [TEST_STEP][PASSED] - Statement - Break: null

2018-05-28 13:12:13 - [TEST_STEP][PASSED] - selectOptionByIndex: All options with index in [6] are selected on object 'Object Repository/DispensaryToStore/Page_Store/select_--Select--Adernaline 0.'

2018-05-28 13:12:13 - [MESSAGE][PASSED] - All options with index in [6] are selected on object 'Object Repository/DispensaryToStore/Page_Store/select_--Select--Adernaline 0.'

2018-05-28 13:12:13 - [TEST_STEP][PASSED] - delay: Delayed 2 second(s)

2018-05-28 13:12:15 - [MESSAGE][PASSED] - Delayed 2 second(s)

2018-05-28 13:12:15 - [TEST_STEP][PASSED] - Statement - RequestedQty = com.kms.katalon.core.webui.keyword.WebUiBuiltInKeywords.getAttribute(com.kms.katalon.core.testobject.ObjectRepository.findTestObject(DispensaryToStore/Page_Store/input_txttotal), "value"): Attribute 'value' of object 'Object Repository/DispensaryToStore/Page_Store/input_txttotal' is: '10'

2018-05-28 13:12:15 - [MESSAGE][PASSED] - Attribute 'value' of object 'Object Repository/DispensaryToStore/Page_Store/input_txttotal' is: '10'

2018-05-28 13:12:15 - [TEST_STEP][PASSED] - Statement - out.println("Requested QTY : " + RequestedQty): null

2018-05-28 13:12:15 - [TEST_STEP][PASSED] - Statement - BatchNumber = com.kms.katalon.core.webui.keyword.WebUiBuiltInKeywords.getNumberOfTotalOption(com.kms.katalon.core.testobject.ObjectRepository.findTestObject(DispensaryToStore/Page_Store/select_--Select--BA1170BA2376B)): 3 options of object 'Object Repository/DispensaryToStore/Page_Store/select_--Select--BA1170BA2376B' counted

2018-05-28 13:12:15 - [MESSAGE][PASSED] - 3 options of object 'Object Repository/DispensaryToStore/Page_Store/select_--Select--BA1170BA2376B' counted

2018-05-28 13:12:15 - [TEST_STEP][PASSED] - Statement - For ([g = 1, g <= BatchNumber - 1, (g++)]): null

2018-05-28 13:12:15 - [TEST_STEP][PASSED] - selectOptionByIndex: All options with index in [1] are selected on object 'Object Repository/DispensaryToStore/Page_Store/select_--Select--BA1170BA2376B'

2018-05-28 13:12:15 - [MESSAGE][PASSED] - All options with index in [1] are selected on object 'Object Repository/DispensaryToStore/Page_Store/select_--Select--BA1170BA2376B'

2018-05-28 13:12:15 - [TEST_STEP][PASSED] - Statement - Try: null

2018-05-28 13:12:15 - [TEST_STEP][PASSED] - Statement - StockQty = com.kms.katalon.core.webui.keyword.WebUiBuiltInKeywords.getAttribute(com.kms.katalon.core.testobject.ObjectRepository.findTestObject(DispensaryToStore/Page_Store/input_txtprice), "value"): Attribute 'value' of object 'Object Repository/DispensaryToStore/Page_Store/input_txtprice' is: '255'

2018-05-28 13:12:15 - [MESSAGE][PASSED] - Attribute 'value' of object 'Object Repository/DispensaryToStore/Page_Store/input_txtprice' is: '255'

2018-05-28 13:12:15 - [TEST_STEP][PASSED] - Statement - out.println("Stock QTY : " + StockQty): null

2018-05-28 13:12:15 - [TEST_STEP][PASSED] - delay: Delayed 2 second(s)

2018-05-28 13:12:17 - [MESSAGE][PASSED] - Delayed 2 second(s)

2018-05-28 13:12:17 - [TEST_STEP][PASSED] - Statement - If (java.lang.String.valueOf(StockQty) >= java.lang.String.valueOf(RequestedQty)): null

2018-05-28 13:12:17 - [TEST_STEP][PASSED] - setText: Text '10' is set on object 'Object Repository/DispensaryToStore/Page_Store/input_txtqty'

2018-05-28 13:12:17 - [MESSAGE][PASSED] - Text '10' is set on object 'Object Repository/DispensaryToStore/Page_Store/input_txtqty'

2018-05-28 13:12:17 - [TEST_STEP][PASSED] - click: Object: 'Object Repository/DispensaryToStore/Page_Store/button_Add' is clicked on

2018-05-28 13:12:17 - [MESSAGE][PASSED] - Object: 'Object Repository/DispensaryToStore/Page_Store/button_Add' is clicked on

2018-05-28 13:12:17 - [TEST_STEP][PASSED] - Statement - Break: null

2018-05-28 13:12:17 - [TEST_STEP][PASSED] - selectOptionByIndex: All options with index in [7] are selected on object 'Object Repository/DispensaryToStore/Page_Store/select_--Select--Adernaline 0.'

2018-05-28 13:12:17 - [MESSAGE][PASSED] - All options with index in [7] are selected on object 'Object Repository/DispensaryToStore/Page_Store/select_--Select--Adernaline 0.'

2018-05-28 13:12:17 - [TEST_STEP][PASSED] - delay: Delayed 2 second(s)

2018-05-28 13:12:19 - [MESSAGE][PASSED] - Delayed 2 second(s)

2018-05-28 13:12:19 - [TEST_STEP][PASSED] - Statement - RequestedQty = com.kms.katalon.core.webui.keyword.WebUiBuiltInKeywords.getAttribute(com.kms.katalon.core.testobject.ObjectRepository.findTestObject(DispensaryToStore/Page_Store/input_txttotal), "value"): Attribute 'value' of object 'Object Repository/DispensaryToStore/Page_Store/input_txttotal' is: '10'

2018-05-28 13:12:20 - [MESSAGE][PASSED] - Attribute 'value' of object 'Object Repository/DispensaryToStore/Page_Store/input_txttotal' is: '10'

2018-05-28 13:12:20 - [TEST_STEP][PASSED] - Statement - out.println("Requested QTY : " + RequestedQty): null

2018-05-28 13:12:20 - [TEST_STEP][PASSED] - Statement - BatchNumber = com.kms.katalon.core.webui.keyword.WebUiBuiltInKeywords.getNumberOfTotalOption(com.kms.katalon.core.testobject.ObjectRepository.findTestObject(DispensaryToStore/Page_Store/select_--Select--BA1170BA2376B)): 4 options of object 'Object Repository/DispensaryToStore/Page_Store/select_--Select--BA1170BA2376B' counted

2018-05-28 13:12:20 - [MESSAGE][PASSED] - 4 options of object 'Object Repository/DispensaryToStore/Page_Store/select_--Select--BA1170BA2376B' counted

2018-05-28 13:12:20 - [TEST_STEP][PASSED] - Statement - For ([g = 1, g <= BatchNumber - 1, (g++)]): null

2018-05-28 13:12:20 - [TEST_STEP][PASSED] - selectOptionByIndex: All options with index in [1] are selected on object 'Object Repository/DispensaryToStore/Page_Store/select_--Select--BA1170BA2376B'

2018-05-28 13:12:20 - [MESSAGE][PASSED] - All options with index in [1] are selected on object 'Object Repository/DispensaryToStore/Page_Store/select_--Select--BA1170BA2376B'

2018-05-28 13:12:20 - [TEST_STEP][PASSED] - Statement - Try: null

2018-05-28 13:12:20 - [TEST_STEP][PASSED] - Statement - StockQty = com.kms.katalon.core.webui.keyword.WebUiBuiltInKeywords.getAttribute(com.kms.katalon.core.testobject.ObjectRepository.findTestObject(DispensaryToStore/Page_Store/input_txtprice), "value"): Attribute 'value' of object 'Object Repository/DispensaryToStore/Page_Store/input_txtprice' is: '75'

2018-05-28 13:12:20 - [MESSAGE][PASSED] - Attribute 'value' of object 'Object Repository/DispensaryToStore/Page_Store/input_txtprice' is: '75'

2018-05-28 13:12:20 - [TEST_STEP][PASSED] - Statement - out.println("Stock QTY : " + StockQty): null

2018-05-28 13:12:20 - [TEST_STEP][PASSED] - delay: Delayed 2 second(s)

2018-05-28 13:12:22 - [MESSAGE][PASSED] - Delayed 2 second(s)

2018-05-28 13:12:22 - [TEST_STEP][PASSED] - Statement - If (java.lang.String.valueOf(StockQty) >= java.lang.String.valueOf(RequestedQty)): null

2018-05-28 13:12:22 - [TEST_STEP][PASSED] - setText: Text '10' is set on object 'Object Repository/DispensaryToStore/Page_Store/input_txtqty'

2018-05-28 13:12:22 - [MESSAGE][PASSED] - Text '10' is set on object 'Object Repository/DispensaryToStore/Page_Store/input_txtqty'

2018-05-28 13:12:22 - [TEST_STEP][PASSED] - click: Object: 'Object Repository/DispensaryToStore/Page_Store/button_Add' is clicked on

2018-05-28 13:12:22 - [MESSAGE][PASSED] - Object: 'Object Repository/DispensaryToStore/Page_Store/button_Add' is clicked on

2018-05-28 13:12:22 - [TEST_STEP][PASSED] - Statement - Break: null

2018-05-28 13:12:22 - [TEST_STEP][PASSED] - selectOptionByIndex: All options with index in [8] are selected on object 'Object Repository/DispensaryToStore/Page_Store/select_--Select--Adernaline 0.'

2018-05-28 13:12:22 - [MESSAGE][PASSED] - All options with index in [8] are selected on object 'Object Repository/DispensaryToStore/Page_Store/select_--Select--Adernaline 0.'

2018-05-28 13:12:22 - [TEST_STEP][PASSED] - delay: Delayed 2 second(s)

2018-05-28 13:12:24 - [MESSAGE][PASSED] - Delayed 2 second(s)

2018-05-28 13:12:24 - [TEST_STEP][PASSED] - Statement - RequestedQty = com.kms.katalon.core.webui.keyword.WebUiBuiltInKeywords.getAttribute(com.kms.katalon.core.testobject.ObjectRepository.findTestObject(DispensaryToStore/Page_Store/input_txttotal), "value"): Attribute 'value' of object 'Object Repository/DispensaryToStore/Page_Store/input_txttotal' is: '10'

2018-05-28 13:12:24 - [MESSAGE][PASSED] - Attribute 'value' of object 'Object Repository/DispensaryToStore/Page_Store/input_txttotal' is: '10'

2018-05-28 13:12:24 - [TEST_STEP][PASSED] - Statement - out.println("Requested QTY : " + RequestedQty): null

2018-05-28 13:12:24 - [TEST_STEP][PASSED] - Statement - BatchNumber = com.kms.katalon.core.webui.keyword.WebUiBuiltInKeywords.getNumberOfTotalOption(com.kms.katalon.core.testobject.ObjectRepository.findTestObject(DispensaryToStore/Page_Store/select_--Select--BA1170BA2376B)): 2 options of object 'Object Repository/DispensaryToStore/Page_Store/select_--Select--BA1170BA2376B' counted

2018-05-28 13:12:24 - [MESSAGE][PASSED] - 2 options of object 'Object Repository/DispensaryToStore/Page_Store/select_--Select--BA1170BA2376B' counted

2018-05-28 13:12:24 - [TEST_STEP][PASSED] - Statement - For ([g = 1, g <= BatchNumber - 1, (g++)]): null

2018-05-28 13:12:24 - [TEST_STEP][PASSED] - selectOptionByIndex: All options with index in [1] are selected on object 'Object Repository/DispensaryToStore/Page_Store/select_--Select--BA1170BA2376B'

2018-05-28 13:12:24 - [MESSAGE][PASSED] - All options with index in [1] are selected on object 'Object Repository/DispensaryToStore/Page_Store/select_--Select--BA1170BA2376B'

2018-05-28 13:12:24 - [TEST_STEP][PASSED] - Statement - Try: null

2018-05-28 13:12:24 - [TEST_STEP][PASSED] - Statement - StockQty = com.kms.katalon.core.webui.keyword.WebUiBuiltInKeywords.getAttribute(com.kms.katalon.core.testobject.ObjectRepository.findTestObject(DispensaryToStore/Page_Store/input_txtprice), "value"): Attribute 'value' of object 'Object Repository/DispensaryToStore/Page_Store/input_txtprice' is: '1210'

2018-05-28 13:12:24 - [MESSAGE][PASSED] - Attribute 'value' of object 'Object Repository/DispensaryToStore/Page_Store/input_txtprice' is: '1210'

2018-05-28 13:12:24 - [TEST_STEP][PASSED] - Statement - out.println("Stock QTY : " + StockQty): null

2018-05-28 13:12:24 - [TEST_STEP][PASSED] - delay: Delayed 2 second(s)

2018-05-28 13:12:26 - [MESSAGE][PASSED] - Delayed 2 second(s)

2018-05-28 13:12:26 - [TEST_STEP][PASSED] - Statement - If (java.lang.String.valueOf(StockQty) >= java.lang.String.valueOf(RequestedQty)): null

2018-05-28 13:12:26 - [TEST_STEP][PASSED] - setText: Text '10' is set on object 'Object Repository/DispensaryToStore/Page_Store/input_txtqty'

2018-05-28 13:12:27 - [MESSAGE][PASSED] - Text '10' is set on object 'Object Repository/DispensaryToStore/Page_Store/input_txtqty'

2018-05-28 13:12:27 - [TEST_STEP][PASSED] - click: Object: 'Object Repository/DispensaryToStore/Page_Store/button_Add' is clicked on

2018-05-28 13:12:27 - [MESSAGE][PASSED] - Object: 'Object Repository/DispensaryToStore/Page_Store/button_Add' is clicked on

2018-05-28 13:12:27 - [TEST_STEP][PASSED] - Statement - Break: null

2018-05-28 13:12:27 - [TEST_STEP][PASSED] - selectOptionByIndex: All options with index in [9] are selected on object 'Object Repository/DispensaryToStore/Page_Store/select_--Select--Adernaline 0.'

2018-05-28 13:12:27 - [MESSAGE][PASSED] - All options with index in [9] are selected on object 'Object Repository/DispensaryToStore/Page_Store/select_--Select--Adernaline 0.'

2018-05-28 13:12:27 - [TEST_STEP][PASSED] - delay: Delayed 2 second(s)

2018-05-28 13:12:29 - [MESSAGE][PASSED] - Delayed 2 second(s)

2018-05-28 13:12:29 - [TEST_STEP][PASSED] - Statement - RequestedQty = com.kms.katalon.core.webui.keyword.WebUiBuiltInKeywords.getAttribute(com.kms.katalon.core.testobject.ObjectRepository.findTestObject(DispensaryToStore/Page_Store/input_txttotal), "value"): Attribute 'value' of object 'Object Repository/DispensaryToStore/Page_Store/input_txttotal' is: '10'

2018-05-28 13:12:29 - [MESSAGE][PASSED] - Attribute 'value' of object 'Object Repository/DispensaryToStore/Page_Store/input_txttotal' is: '10'

2018-05-28 13:12:29 - [TEST_STEP][PASSED] - Statement - out.println("Requested QTY : " + RequestedQty): null

2018-05-28 13:12:29 - [TEST_STEP][PASSED] - Statement - BatchNumber = com.kms.katalon.core.webui.keyword.WebUiBuiltInKeywords.getNumberOfTotalOption(com.kms.katalon.core.testobject.ObjectRepository.findTestObject(DispensaryToStore/Page_Store/select_--Select--BA1170BA2376B)): 4 options of object 'Object Repository/DispensaryToStore/Page_Store/select_--Select--BA1170BA2376B' counted

2018-05-28 13:12:29 - [MESSAGE][PASSED] - 4 options of object 'Object Repository/DispensaryToStore/Page_Store/select_--Select--BA1170BA2376B' counted

2018-05-28 13:12:29 - [TEST_STEP][PASSED] - Statement - For ([g = 1, g <= BatchNumber - 1, (g++)]): null

2018-05-28 13:12:29 - [TEST_STEP][PASSED] - selectOptionByIndex: All options with index in [1] are selected on object 'Object Repository/DispensaryToStore/Page_Store/select_--Select--BA1170BA2376B'

2018-05-28 13:12:29 - [MESSAGE][PASSED] - All options with index in [1] are selected on object 'Object Repository/DispensaryToStore/Page_Store/select_--Select--BA1170BA2376B'

2018-05-28 13:12:29 - [TEST_STEP][PASSED] - Statement - Try: null

2018-05-28 13:12:29 - [TEST_STEP][PASSED] - Statement - StockQty = com.kms.katalon.core.webui.keyword.WebUiBuiltInKeywords.getAttribute(com.kms.katalon.core.testobject.ObjectRepository.findTestObject(DispensaryToStore/Page_Store/input_txtprice), "value"): Attribute 'value' of object 'Object Repository/DispensaryToStore/Page_Store/input_txtprice' is: '75'

2018-05-28 13:12:29 - [MESSAGE][PASSED] - Attribute 'value' of object 'Object Repository/DispensaryToStore/Page_Store/input_txtprice' is: '75'

2018-05-28 13:12:29 - [TEST_STEP][PASSED] - Statement - out.println("Stock QTY : " + StockQty): null

2018-05-28 13:12:29 - [TEST_STEP][PASSED] - delay: Delayed 2 second(s)

2018-05-28 13:12:31 - [MESSAGE][PASSED] - Delayed 2 second(s)

2018-05-28 13:12:31 - [TEST_STEP][PASSED] - Statement - If (java.lang.String.valueOf(StockQty) >= java.lang.String.valueOf(RequestedQty)): null

2018-05-28 13:12:31 - [TEST_STEP][PASSED] - setText: Text '10' is set on object 'Object Repository/DispensaryToStore/Page_Store/input_txtqty'

2018-05-28 13:12:31 - [MESSAGE][PASSED] - Text '10' is set on object 'Object Repository/DispensaryToStore/Page_Store/input_txtqty'

2018-05-28 13:12:31 - [TEST_STEP][PASSED] - click: Object: 'Object Repository/DispensaryToStore/Page_Store/button_Add' is clicked on

2018-05-28 13:12:31 - [MESSAGE][PASSED] - Object: 'Object Repository/DispensaryToStore/Page_Store/button_Add' is clicked on

2018-05-28 13:12:31 - [TEST_STEP][PASSED] - Statement - Break: null

2018-05-28 13:12:31 - [TEST_STEP][PASSED] - selectOptionByIndex: All options with index in [10] are selected on object 'Object Repository/DispensaryToStore/Page_Store/select_--Select--Adernaline 0.'

2018-05-28 13:12:32 - [MESSAGE][PASSED] - All options with index in [10] are selected on object 'Object Repository/DispensaryToStore/Page_Store/select_--Select--Adernaline 0.'

2018-05-28 13:12:32 - [TEST_STEP][PASSED] - delay: Delayed 2 second(s)

2018-05-28 13:12:34 - [MESSAGE][PASSED] - Delayed 2 second(s)

2018-05-28 13:12:34 - [TEST_STEP][PASSED] - Statement - RequestedQty = com.kms.katalon.core.webui.keyword.WebUiBuiltInKeywords.getAttribute(com.kms.katalon.core.testobject.ObjectRepository.findTestObject(DispensaryToStore/Page_Store/input_txttotal), "value"): Attribute 'value' of object 'Object Repository/DispensaryToStore/Page_Store/input_txttotal' is: '10'

2018-05-28 13:12:34 - [MESSAGE][PASSED] - Attribute 'value' of object 'Object Repository/DispensaryToStore/Page_Store/input_txttotal' is: '10'

2018-05-28 13:12:34 - [TEST_STEP][PASSED] - Statement - out.println("Requested QTY : " + RequestedQty): null

2018-05-28 13:12:34 - [TEST_STEP][PASSED] - Statement - BatchNumber = com.kms.katalon.core.webui.keyword.WebUiBuiltInKeywords.getNumberOfTotalOption(com.kms.katalon.core.testobject.ObjectRepository.findTestObject(DispensaryToStore/Page_Store/select_--Select--BA1170BA2376B)): 2 options of object 'Object Repository/DispensaryToStore/Page_Store/select_--Select--BA1170BA2376B' counted

2018-05-28 13:12:34 - [MESSAGE][PASSED] - 2 options of object 'Object Repository/DispensaryToStore/Page_Store/select_--Select--BA1170BA2376B' counted

2018-05-28 13:12:34 - [TEST_STEP][PASSED] - Statement - For ([g = 1, g <= BatchNumber - 1, (g++)]): null

2018-05-28 13:12:34 - [TEST_STEP][PASSED] - selectOptionByIndex: All options with index in [1] are selected on object 'Object Repository/DispensaryToStore/Page_Store/select_--Select--BA1170BA2376B'

2018-05-28 13:12:34 - [MESSAGE][PASSED] - All options with index in [1] are selected on object 'Object Repository/DispensaryToStore/Page_Store/select_--Select--BA1170BA2376B'

2018-05-28 13:12:34 - [TEST_STEP][PASSED] - Statement - Try: null

2018-05-28 13:12:34 - [TEST_STEP][PASSED] - Statement - StockQty = com.kms.katalon.core.webui.keyword.WebUiBuiltInKeywords.getAttribute(com.kms.katalon.core.testobject.ObjectRepository.findTestObject(DispensaryToStore/Page_Store/input_txtprice), "value"): Attribute 'value' of object 'Object Repository/DispensaryToStore/Page_Store/input_txtprice' is: '9296'

2018-05-28 13:12:34 - [MESSAGE][PASSED] - Attribute 'value' of object 'Object Repository/DispensaryToStore/Page_Store/input_txtprice' is: '9296'

2018-05-28 13:12:34 - [TEST_STEP][PASSED] - Statement - out.println("Stock QTY : " + StockQty): null

2018-05-28 13:12:34 - [TEST_STEP][PASSED] - delay: Delayed 2 second(s)

2018-05-28 13:12:36 - [MESSAGE][PASSED] - Delayed 2 second(s)

2018-05-28 13:12:36 - [TEST_STEP][PASSED] - Statement - If (java.lang.String.valueOf(StockQty) >= java.lang.String.valueOf(RequestedQty)): null

2018-05-28 13:12:36 - [TEST_STEP][PASSED] - setText: Text '10' is set on object 'Object Repository/DispensaryToStore/Page_Store/input_txtqty'

2018-05-28 13:12:36 - [MESSAGE][PASSED] - Text '10' is set on object 'Object Repository/DispensaryToStore/Page_Store/input_txtqty'

2018-05-28 13:12:36 - [TEST_STEP][PASSED] - click: Object: 'Object Repository/DispensaryToStore/Page_Store/button_Add' is clicked on

2018-05-28 13:12:36 - [MESSAGE][PASSED] - Object: 'Object Repository/DispensaryToStore/Page_Store/button_Add' is clicked on

2018-05-28 13:12:36 - [TEST_STEP][PASSED] - Statement - Break: null

2018-05-28 13:12:36 - [TEST_STEP][PASSED] - selectOptionByIndex: All options with index in [11] are selected on object 'Object Repository/DispensaryToStore/Page_Store/select_--Select--Adernaline 0.'

2018-05-28 13:12:36 - [MESSAGE][PASSED] - All options with index in [11] are selected on object 'Object Repository/DispensaryToStore/Page_Store/select_--Select--Adernaline 0.'

2018-05-28 13:12:36 - [TEST_STEP][PASSED] - delay: Delayed 2 second(s)

2018-05-28 13:12:38 - [MESSAGE][PASSED] - Delayed 2 second(s)

2018-05-28 13:12:38 - [TEST_STEP][PASSED] - Statement - RequestedQty = com.kms.katalon.core.webui.keyword.WebUiBuiltInKeywords.getAttribute(com.kms.katalon.core.testobject.ObjectRepository.findTestObject(DispensaryToStore/Page_Store/input_txttotal), "value"): Attribute 'value' of object 'Object Repository/DispensaryToStore/Page_Store/input_txttotal' is: '10'

2018-05-28 13:12:38 - [MESSAGE][PASSED] - Attribute 'value' of object 'Object Repository/DispensaryToStore/Page_Store/input_txttotal' is: '10'

2018-05-28 13:12:38 - [TEST_STEP][PASSED] - Statement - out.println("Requested QTY : " + RequestedQty): null

2018-05-28 13:12:38 - [TEST_STEP][PASSED] - Statement - BatchNumber = com.kms.katalon.core.webui.keyword.WebUiBuiltInKeywords.getNumberOfTotalOption(com.kms.katalon.core.testobject.ObjectRepository.findTestObject(DispensaryToStore/Page_Store/select_--Select--BA1170BA2376B)): 2 options of object 'Object Repository/DispensaryToStore/Page_Store/select_--Select--BA1170BA2376B' counted

2018-05-28 13:12:38 - [MESSAGE][PASSED] - 2 options of object 'Object Repository/DispensaryToStore/Page_Store/select_--Select--BA1170BA2376B' counted

2018-05-28 13:12:38 - [TEST_STEP][PASSED] - Statement - For ([g = 1, g <= BatchNumber - 1, (g++)]): null

2018-05-28 13:12:38 - [TEST_STEP][PASSED] - selectOptionByIndex: All options with index in [1] are selected on object 'Object Repository/DispensaryToStore/Page_Store/select_--Select--BA1170BA2376B'

2018-05-28 13:12:38 - [MESSAGE][PASSED] - All options with index in [1] are selected on object 'Object Repository/DispensaryToStore/Page_Store/select_--Select--BA1170BA2376B'

2018-05-28 13:12:38 - [TEST_STEP][PASSED] - Statement - Try: null

2018-05-28 13:12:38 - [TEST_STEP][PASSED] - Statement - StockQty = com.kms.katalon.core.webui.keyword.WebUiBuiltInKeywords.getAttribute(com.kms.katalon.core.testobject.ObjectRepository.findTestObject(DispensaryToStore/Page_Store/input_txtprice), "value"): Attribute 'value' of object 'Object Repository/DispensaryToStore/Page_Store/input_txtprice' is: '9995'

2018-05-28 13:12:38 - [MESSAGE][PASSED] - Attribute 'value' of object 'Object Repository/DispensaryToStore/Page_Store/input_txtprice' is: '9995'

2018-05-28 13:12:38 - [TEST_STEP][PASSED] - Statement - out.println("Stock QTY : " + StockQty): null

2018-05-28 13:12:38 - [TEST_STEP][PASSED] - delay: Delayed 2 second(s)

2018-05-28 13:12:40 - [MESSAGE][PASSED] - Delayed 2 second(s)

2018-05-28 13:12:40 - [TEST_STEP][PASSED] - Statement - If (java.lang.String.valueOf(StockQty) >= java.lang.String.valueOf(RequestedQty)): null

2018-05-28 13:12:40 - [TEST_STEP][PASSED] - setText: Text '10' is set on object 'Object Repository/DispensaryToStore/Page_Store/input_txtqty'

2018-05-28 13:12:41 - [MESSAGE][PASSED] - Text '10' is set on object 'Object Repository/DispensaryToStore/Page_Store/input_txtqty'

2018-05-28 13:12:41 - [TEST_STEP][PASSED] - click: Object: 'Object Repository/DispensaryToStore/Page_Store/button_Add' is clicked on

2018-05-28 13:12:41 - [MESSAGE][PASSED] - Object: 'Object Repository/DispensaryToStore/Page_Store/button_Add' is clicked on

2018-05-28 13:12:41 - [TEST_STEP][PASSED] - Statement - Break: null

2018-05-28 13:12:41 - [TEST_STEP][PASSED] - selectOptionByIndex: All options with index in [12] are selected on object 'Object Repository/DispensaryToStore/Page_Store/select_--Select--Adernaline 0.'

2018-05-28 13:12:41 - [MESSAGE][PASSED] - All options with index in [12] are selected on object 'Object Repository/DispensaryToStore/Page_Store/select_--Select--Adernaline 0.'

2018-05-28 13:12:41 - [TEST_STEP][PASSED] - delay: Delayed 2 second(s)

2018-05-28 13:12:43 - [MESSAGE][PASSED] - Delayed 2 second(s)

2018-05-28 13:12:43 - [TEST_STEP][PASSED] - Statement - RequestedQty = com.kms.katalon.core.webui.keyword.WebUiBuiltInKeywords.getAttribute(com.kms.katalon.core.testobject.ObjectRepository.findTestObject(DispensaryToStore/Page_Store/input_txttotal), "value"): Attribute 'value' of object 'Object Repository/DispensaryToStore/Page_Store/input_txttotal' is: '10'

2018-05-28 13:12:43 - [MESSAGE][PASSED] - Attribute 'value' of object 'Object Repository/DispensaryToStore/Page_Store/input_txttotal' is: '10'

2018-05-28 13:12:43 - [TEST_STEP][PASSED] - Statement - out.println("Requested QTY : " + RequestedQty): null

2018-05-28 13:12:43 - [TEST_STEP][PASSED] - Statement - BatchNumber = com.kms.katalon.core.webui.keyword.WebUiBuiltInKeywords.getNumberOfTotalOption(com.kms.katalon.core.testobject.ObjectRepository.findTestObject(DispensaryToStore/Page_Store/select_--Select--BA1170BA2376B)): 2 options of object 'Object Repository/DispensaryToStore/Page_Store/select_--Select--BA1170BA2376B' counted

2018-05-28 13:12:43 - [MESSAGE][PASSED] - 2 options of object 'Object Repository/DispensaryToStore/Page_Store/select_--Select--BA1170BA2376B' counted

2018-05-28 13:12:43 - [TEST_STEP][PASSED] - Statement - For ([g = 1, g <= BatchNumber - 1, (g++)]): null

2018-05-28 13:12:43 - [TEST_STEP][PASSED] - selectOptionByIndex: All options with index in [1] are selected on object 'Object Repository/DispensaryToStore/Page_Store/select_--Select--BA1170BA2376B'

2018-05-28 13:12:43 - [MESSAGE][PASSED] - All options with index in [1] are selected on object 'Object Repository/DispensaryToStore/Page_Store/select_--Select--BA1170BA2376B'

2018-05-28 13:12:43 - [TEST_STEP][PASSED] - Statement - Try: null

2018-05-28 13:12:43 - [TEST_STEP][PASSED] - Statement - StockQty = com.kms.katalon.core.webui.keyword.WebUiBuiltInKeywords.getAttribute(com.kms.katalon.core.testobject.ObjectRepository.findTestObject(DispensaryToStore/Page_Store/input_txtprice), "value"): Attribute 'value' of object 'Object Repository/DispensaryToStore/Page_Store/input_txtprice' is: '9995'

2018-05-28 13:12:43 - [MESSAGE][PASSED] - Attribute 'value' of object 'Object Repository/DispensaryToStore/Page_Store/input_txtprice' is: '9995'

2018-05-28 13:12:43 - [TEST_STEP][PASSED] - Statement - out.println("Stock QTY : " + StockQty): null

2018-05-28 13:12:43 - [TEST_STEP][PASSED] - delay: Delayed 2 second(s)

2018-05-28 13:12:45 - [MESSAGE][PASSED] - Delayed 2 second(s)

2018-05-28 13:12:45 - [TEST_STEP][PASSED] - Statement - If (java.lang.String.valueOf(StockQty) >= java.lang.String.valueOf(RequestedQty)): null

2018-05-28 13:12:45 - [TEST_STEP][PASSED] - setText: Text '10' is set on object 'Object Repository/DispensaryToStore/Page_Store/input_txtqty'

2018-05-28 13:12:45 - [MESSAGE][PASSED] - Text '10' is set on object 'Object Repository/DispensaryToStore/Page_Store/input_txtqty'

2018-05-28 13:12:45 - [TEST_STEP][PASSED] - click: Object: 'Object Repository/DispensaryToStore/Page_Store/button_Add' is clicked on

2018-05-28 13:12:45 - [MESSAGE][PASSED] - Object: 'Object Repository/DispensaryToStore/Page_Store/button_Add' is clicked on

2018-05-28 13:12:45 - [TEST_STEP][PASSED] - Statement - Break: null

2018-05-28 13:12:45 - [TEST_STEP][PASSED] - selectOptionByIndex: All options with index in [13] are selected on object 'Object Repository/DispensaryToStore/Page_Store/select_--Select--Adernaline 0.'

2018-05-28 13:12:46 - [MESSAGE][PASSED] - All options with index in [13] are selected on object 'Object Repository/DispensaryToStore/Page_Store/select_--Select--Adernaline 0.'

2018-05-28 13:12:46 - [TEST_STEP][PASSED] - delay: Delayed 2 second(s)

2018-05-28 13:12:48 - [MESSAGE][PASSED] - Delayed 2 second(s)

2018-05-28 13:12:48 - [TEST_STEP][PASSED] - Statement - RequestedQty = com.kms.katalon.core.webui.keyword.WebUiBuiltInKeywords.getAttribute(com.kms.katalon.core.testobject.ObjectRepository.findTestObject(DispensaryToStore/Page_Store/input_txttotal), "value"): Attribute 'value' of object 'Object Repository/DispensaryToStore/Page_Store/input_txttotal' is: '10'

2018-05-28 13:12:48 - [MESSAGE][PASSED] - Attribute 'value' of object 'Object Repository/DispensaryToStore/Page_Store/input_txttotal' is: '10'

2018-05-28 13:12:48 - [TEST_STEP][PASSED] - Statement - out.println("Requested QTY : " + RequestedQty): null

2018-05-28 13:12:48 - [TEST_STEP][PASSED] - Statement - BatchNumber = com.kms.katalon.core.webui.keyword.WebUiBuiltInKeywords.getNumberOfTotalOption(com.kms.katalon.core.testobject.ObjectRepository.findTestObject(DispensaryToStore/Page_Store/select_--Select--BA1170BA2376B)): 2 options of object 'Object Repository/DispensaryToStore/Page_Store/select_--Select--BA1170BA2376B' counted

2018-05-28 13:12:48 - [MESSAGE][PASSED] - 2 options of object 'Object Repository/DispensaryToStore/Page_Store/select_--Select--BA1170BA2376B' counted

2018-05-28 13:12:48 - [TEST_STEP][PASSED] - Statement - For ([g = 1, g <= BatchNumber - 1, (g++)]): null

2018-05-28 13:12:48 - [TEST_STEP][PASSED] - selectOptionByIndex: All options with index in [1] are selected on object 'Object Repository/DispensaryToStore/Page_Store/select_--Select--BA1170BA2376B'

2018-05-28 13:12:48 - [MESSAGE][PASSED] - All options with index in [1] are selected on object 'Object Repository/DispensaryToStore/Page_Store/select_--Select--BA1170BA2376B'

2018-05-28 13:12:48 - [TEST_STEP][PASSED] - Statement - Try: null

2018-05-28 13:12:48 - [TEST_STEP][PASSED] - Statement - StockQty = com.kms.katalon.core.webui.keyword.WebUiBuiltInKeywords.getAttribute(com.kms.katalon.core.testobject.ObjectRepository.findTestObject(DispensaryToStore/Page_Store/input_txtprice), "value"): Attribute 'value' of object 'Object Repository/DispensaryToStore/Page_Store/input_txtprice' is: '9995'

2018-05-28 13:12:48 - [MESSAGE][PASSED] - Attribute 'value' of object 'Object Repository/DispensaryToStore/Page_Store/input_txtprice' is: '9995'

2018-05-28 13:12:48 - [TEST_STEP][PASSED] - Statement - out.println("Stock QTY : " + StockQty): null

2018-05-28 13:12:48 - [TEST_STEP][PASSED] - delay: Delayed 2 second(s)

2018-05-28 13:12:50 - [MESSAGE][PASSED] - Delayed 2 second(s)

2018-05-28 13:12:50 - [TEST_STEP][PASSED] - Statement - If (java.lang.String.valueOf(StockQty) >= java.lang.String.valueOf(RequestedQty)): null

2018-05-28 13:12:50 - [TEST_STEP][PASSED] - setText: Text '10' is set on object 'Object Repository/DispensaryToStore/Page_Store/input_txtqty'

2018-05-28 13:12:50 - [MESSAGE][PASSED] - Text '10' is set on object 'Object Repository/DispensaryToStore/Page_Store/input_txtqty'

2018-05-28 13:12:50 - [TEST_STEP][PASSED] - click: Object: 'Object Repository/DispensaryToStore/Page_Store/button_Add' is clicked on

2018-05-28 13:12:50 - [MESSAGE][PASSED] - Object: 'Object Repository/DispensaryToStore/Page_Store/button_Add' is clicked on

2018-05-28 13:12:50 - [TEST_STEP][PASSED] - Statement - Break: null

2018-05-28 13:12:50 - [TEST_STEP][PASSED] - selectOptionByIndex: All options with index in [14] are selected on object 'Object Repository/DispensaryToStore/Page_Store/select_--Select--Adernaline 0.'

2018-05-28 13:12:50 - [MESSAGE][PASSED] - All options with index in [14] are selected on object 'Object Repository/DispensaryToStore/Page_Store/select_--Select--Adernaline 0.'

2018-05-28 13:12:50 - [TEST_STEP][PASSED] - delay: Delayed 2 second(s)

2018-05-28 13:12:52 - [MESSAGE][PASSED] - Delayed 2 second(s)

2018-05-28 13:12:52 - [TEST_STEP][PASSED] - Statement - RequestedQty = com.kms.katalon.core.webui.keyword.WebUiBuiltInKeywords.getAttribute(com.kms.katalon.core.testobject.ObjectRepository.findTestObject(DispensaryToStore/Page_Store/input_txttotal), "value"): Attribute 'value' of object 'Object Repository/DispensaryToStore/Page_Store/input_txttotal' is: '10'

2018-05-28 13:12:52 - [MESSAGE][PASSED] - Attribute 'value' of object 'Object Repository/DispensaryToStore/Page_Store/input_txttotal' is: '10'

2018-05-28 13:12:52 - [TEST_STEP][PASSED] - Statement - out.println("Requested QTY : " + RequestedQty): null

2018-05-28 13:12:52 - [TEST_STEP][PASSED] - Statement - BatchNumber = com.kms.katalon.core.webui.keyword.WebUiBuiltInKeywords.getNumberOfTotalOption(com.kms.katalon.core.testobject.ObjectRepository.findTestObject(DispensaryToStore/Page_Store/select_--Select--BA1170BA2376B)): 2 options of object 'Object Repository/DispensaryToStore/Page_Store/select_--Select--BA1170BA2376B' counted

2018-05-28 13:12:53 - [MESSAGE][PASSED] - 2 options of object 'Object Repository/DispensaryToStore/Page_Store/select_--Select--BA1170BA2376B' counted

2018-05-28 13:12:53 - [TEST_STEP][PASSED] - Statement - For ([g = 1, g <= BatchNumber - 1, (g++)]): null

2018-05-28 13:12:53 - [TEST_STEP][PASSED] - selectOptionByIndex: All options with index in [1] are selected on object 'Object Repository/DispensaryToStore/Page_Store/select_--Select--BA1170BA2376B'

2018-05-28 13:12:53 - [MESSAGE][PASSED] - All options with index in [1] are selected on object 'Object Repository/DispensaryToStore/Page_Store/select_--Select--BA1170BA2376B'

2018-05-28 13:12:53 - [TEST_STEP][PASSED] - Statement - Try: null

2018-05-28 13:12:53 - [TEST_STEP][PASSED] - Statement - StockQty = com.kms.katalon.core.webui.keyword.WebUiBuiltInKeywords.getAttribute(com.kms.katalon.core.testobject.ObjectRepository.findTestObject(DispensaryToStore/Page_Store/input_txtprice), "value"): Attribute 'value' of object 'Object Repository/DispensaryToStore/Page_Store/input_txtprice' is: '9985'

2018-05-28 13:12:53 - [MESSAGE][PASSED] - Attribute 'value' of object 'Object Repository/DispensaryToStore/Page_Store/input_txtprice' is: '9985'

2018-05-28 13:12:53 - [TEST_STEP][PASSED] - Statement - out.println("Stock QTY : " + StockQty): null

2018-05-28 13:12:53 - [TEST_STEP][PASSED] - delay: Delayed 2 second(s)

2018-05-28 13:12:55 - [MESSAGE][PASSED] - Delayed 2 second(s)

2018-05-28 13:12:55 - [TEST_STEP][PASSED] - Statement - If (java.lang.String.valueOf(StockQty) >= java.lang.String.valueOf(RequestedQty)): null

2018-05-28 13:12:55 - [TEST_STEP][PASSED] - setText: Text '10' is set on object 'Object Repository/DispensaryToStore/Page_Store/input_txtqty'

2018-05-28 13:12:55 - [MESSAGE][PASSED] - Text '10' is set on object 'Object Repository/DispensaryToStore/Page_Store/input_txtqty'

2018-05-28 13:12:55 - [TEST_STEP][PASSED] - click: Object: 'Object Repository/DispensaryToStore/Page_Store/button_Add' is clicked on

2018-05-28 13:12:55 - [MESSAGE][PASSED] - Object: 'Object Repository/DispensaryToStore/Page_Store/button_Add' is clicked on

2018-05-28 13:12:55 - [TEST_STEP][PASSED] - Statement - Break: null

2018-05-28 13:12:55 - [TEST_STEP][PASSED] - selectOptionByIndex: All options with index in [15] are selected on object 'Object Repository/DispensaryToStore/Page_Store/select_--Select--Adernaline 0.'

2018-05-28 13:12:55 - [MESSAGE][PASSED] - All options with index in [15] are selected on object 'Object Repository/DispensaryToStore/Page_Store/select_--Select--Adernaline 0.'

2018-05-28 13:12:55 - [TEST_STEP][PASSED] - delay: Delayed 2 second(s)

2018-05-28 13:12:57 - [MESSAGE][PASSED] - Delayed 2 second(s)

2018-05-28 13:12:57 - [TEST_STEP][PASSED] - Statement - RequestedQty = com.kms.katalon.core.webui.keyword.WebUiBuiltInKeywords.getAttribute(com.kms.katalon.core.testobject.ObjectRepository.findTestObject(DispensaryToStore/Page_Store/input_txttotal), "value"): Attribute 'value' of object 'Object Repository/DispensaryToStore/Page_Store/input_txttotal' is: '10'

2018-05-28 13:12:57 - [MESSAGE][PASSED] - Attribute 'value' of object 'Object Repository/DispensaryToStore/Page_Store/input_txttotal' is: '10'

2018-05-28 13:12:57 - [TEST_STEP][PASSED] - Statement - out.println("Requested QTY : " + RequestedQty): null

2018-05-28 13:12:57 - [TEST_STEP][PASSED] - Statement - BatchNumber = com.kms.katalon.core.webui.keyword.WebUiBuiltInKeywords.getNumberOfTotalOption(com.kms.katalon.core.testobject.ObjectRepository.findTestObject(DispensaryToStore/Page_Store/select_--Select--BA1170BA2376B)): 2 options of object 'Object Repository/DispensaryToStore/Page_Store/select_--Select--BA1170BA2376B' counted

2018-05-28 13:12:57 - [MESSAGE][PASSED] - 2 options of object 'Object Repository/DispensaryToStore/Page_Store/select_--Select--BA1170BA2376B' counted

2018-05-28 13:12:57 - [TEST_STEP][PASSED] - Statement - For ([g = 1, g <= BatchNumber - 1, (g++)]): null

2018-05-28 13:12:57 - [TEST_STEP][PASSED] - selectOptionByIndex: All options with index in [1] are selected on object 'Object Repository/DispensaryToStore/Page_Store/select_--Select--BA1170BA2376B'

2018-05-28 13:12:57 - [MESSAGE][PASSED] - All options with index in [1] are selected on object 'Object Repository/DispensaryToStore/Page_Store/select_--Select--BA1170BA2376B'

2018-05-28 13:12:57 - [TEST_STEP][PASSED] - Statement - Try: null

2018-05-28 13:12:57 - [TEST_STEP][PASSED] - Statement - StockQty = com.kms.katalon.core.webui.keyword.WebUiBuiltInKeywords.getAttribute(com.kms.katalon.core.testobject.ObjectRepository.findTestObject(DispensaryToStore/Page_Store/input_txtprice), "value"): Attribute 'value' of object 'Object Repository/DispensaryToStore/Page_Store/input_txtprice' is: '19985'

2018-05-28 13:12:57 - [MESSAGE][PASSED] - Attribute 'value' of object 'Object Repository/DispensaryToStore/Page_Store/input_txtprice' is: '19985'

2018-05-28 13:12:57 - [TEST_STEP][PASSED] - Statement - out.println("Stock QTY : " + StockQty): null

2018-05-28 13:12:57 - [TEST_STEP][PASSED] - delay: Delayed 2 second(s)

2018-05-28 13:12:59 - [MESSAGE][PASSED] - Delayed 2 second(s)

2018-05-28 13:12:59 - [TEST_STEP][PASSED] - Statement - If (java.lang.String.valueOf(StockQty) >= java.lang.String.valueOf(RequestedQty)): null

2018-05-28 13:12:59 - [TEST_STEP][PASSED] - setText: Text '10' is set on object 'Object Repository/DispensaryToStore/Page_Store/input_txtqty'

2018-05-28 13:13:00 - [MESSAGE][PASSED] - Text '10' is set on object 'Object Repository/DispensaryToStore/Page_Store/input_txtqty'

2018-05-28 13:13:00 - [TEST_STEP][PASSED] - click: Object: 'Object Repository/DispensaryToStore/Page_Store/button_Add' is clicked on

2018-05-28 13:13:00 - [MESSAGE][PASSED] - Object: 'Object Repository/DispensaryToStore/Page_Store/button_Add' is clicked on

2018-05-28 13:13:00 - [TEST_STEP][PASSED] - Statement - Break: null

2018-05-28 13:13:00 - [TEST_STEP][PASSED] - selectOptionByIndex: All options with index in [16] are selected on object 'Object Repository/DispensaryToStore/Page_Store/select_--Select--Adernaline 0.'

2018-05-28 13:13:00 - [MESSAGE][PASSED] - All options with index in [16] are selected on object 'Object Repository/DispensaryToStore/Page_Store/select_--Select--Adernaline 0.'

2018-05-28 13:13:00 - [TEST_STEP][PASSED] - delay: Delayed 2 second(s)

2018-05-28 13:13:02 - [MESSAGE][PASSED] - Delayed 2 second(s)

2018-05-28 13:13:02 - [TEST_STEP][PASSED] - Statement - RequestedQty = com.kms.katalon.core.webui.keyword.WebUiBuiltInKeywords.getAttribute(com.kms.katalon.core.testobject.ObjectRepository.findTestObject(DispensaryToStore/Page_Store/input_txttotal), "value"): Attribute 'value' of object 'Object Repository/DispensaryToStore/Page_Store/input_txttotal' is: '10'

2018-05-28 13:13:02 - [MESSAGE][PASSED] - Attribute 'value' of object 'Object Repository/DispensaryToStore/Page_Store/input_txttotal' is: '10'

2018-05-28 13:13:02 - [TEST_STEP][PASSED] - Statement - out.println("Requested QTY : " + RequestedQty): null

2018-05-28 13:13:02 - [TEST_STEP][PASSED] - Statement - BatchNumber = com.kms.katalon.core.webui.keyword.WebUiBuiltInKeywords.getNumberOfTotalOption(com.kms.katalon.core.testobject.ObjectRepository.findTestObject(DispensaryToStore/Page_Store/select_--Select--BA1170BA2376B)): 2 options of object 'Object Repository/DispensaryToStore/Page_Store/select_--Select--BA1170BA2376B' counted

2018-05-28 13:13:02 - [MESSAGE][PASSED] - 2 options of object 'Object Repository/DispensaryToStore/Page_Store/select_--Select--BA1170BA2376B' counted

2018-05-28 13:13:02 - [TEST_STEP][PASSED] - Statement - For ([g = 1, g <= BatchNumber - 1, (g++)]): null

2018-05-28 13:13:02 - [TEST_STEP][PASSED] - selectOptionByIndex: All options with index in [1] are selected on object 'Object Repository/DispensaryToStore/Page_Store/select_--Select--BA1170BA2376B'

2018-05-28 13:13:02 - [MESSAGE][PASSED] - All options with index in [1] are selected on object 'Object Repository/DispensaryToStore/Page_Store/select_--Select--BA1170BA2376B'

2018-05-28 13:13:02 - [TEST_STEP][PASSED] - Statement - Try: null

2018-05-28 13:13:02 - [TEST_STEP][PASSED] - Statement - StockQty = com.kms.katalon.core.webui.keyword.WebUiBuiltInKeywords.getAttribute(com.kms.katalon.core.testobject.ObjectRepository.findTestObject(DispensaryToStore/Page_Store/input_txtprice), "value"): Attribute 'value' of object 'Object Repository/DispensaryToStore/Page_Store/input_txtprice' is: '9985'

2018-05-28 13:13:02 - [MESSAGE][PASSED] - Attribute 'value' of object 'Object Repository/DispensaryToStore/Page_Store/input_txtprice' is: '9985'

2018-05-28 13:13:02 - [TEST_STEP][PASSED] - Statement - out.println("Stock QTY : " + StockQty): null

2018-05-28 13:13:02 - [TEST_STEP][PASSED] - delay: Delayed 2 second(s)

2018-05-28 13:13:04 - [MESSAGE][PASSED] - Delayed 2 second(s)

2018-05-28 13:13:04 - [TEST_STEP][PASSED] - Statement - If (java.lang.String.valueOf(StockQty) >= java.lang.String.valueOf(RequestedQty)): null

2018-05-28 13:13:04 - [TEST_STEP][PASSED] - setText: Text '10' is set on object 'Object Repository/DispensaryToStore/Page_Store/input_txtqty'

2018-05-28 13:13:04 - [MESSAGE][PASSED] - Text '10' is set on object 'Object Repository/DispensaryToStore/Page_Store/input_txtqty'

2018-05-28 13:13:04 - [TEST_STEP][PASSED] - click: Object: 'Object Repository/DispensaryToStore/Page_Store/button_Add' is clicked on

2018-05-28 13:13:04 - [MESSAGE][PASSED] - Object: 'Object Repository/DispensaryToStore/Page_Store/button_Add' is clicked on

2018-05-28 13:13:04 - [TEST_STEP][PASSED] - Statement - Break: null

2018-05-28 13:13:04 - [TEST_STEP][PASSED] - selectOptionByIndex: All options with index in [17] are selected on object 'Object Repository/DispensaryToStore/Page_Store/select_--Select--Adernaline 0.'

2018-05-28 13:13:05 - [MESSAGE][PASSED] - All options with index in [17] are selected on object 'Object Repository/DispensaryToStore/Page_Store/select_--Select--Adernaline 0.'

2018-05-28 13:13:05 - [TEST_STEP][PASSED] - delay: Delayed 2 second(s)

2018-05-28 13:13:07 - [MESSAGE][PASSED] - Delayed 2 second(s)

2018-05-28 13:13:07 - [TEST_STEP][PASSED] - Statement - RequestedQty = com.kms.katalon.core.webui.keyword.WebUiBuiltInKeywords.getAttribute(com.kms.katalon.core.testobject.ObjectRepository.findTestObject(DispensaryToStore/Page_Store/input_txttotal), "value"): Attribute 'value' of object 'Object Repository/DispensaryToStore/Page_Store/input_txttotal' is: '10'

2018-05-28 13:13:07 - [MESSAGE][PASSED] - Attribute 'value' of object 'Object Repository/DispensaryToStore/Page_Store/input_txttotal' is: '10'

2018-05-28 13:13:07 - [TEST_STEP][PASSED] - Statement - out.println("Requested QTY : " + RequestedQty): null

2018-05-28 13:13:07 - [TEST_STEP][PASSED] - Statement - BatchNumber = com.kms.katalon.core.webui.keyword.WebUiBuiltInKeywords.getNumberOfTotalOption(com.kms.katalon.core.testobject.ObjectRepository.findTestObject(DispensaryToStore/Page_Store/select_--Select--BA1170BA2376B)): 2 options of object 'Object Repository/DispensaryToStore/Page_Store/select_--Select--BA1170BA2376B' counted

2018-05-28 13:13:07 - [MESSAGE][PASSED] - 2 options of object 'Object Repository/DispensaryToStore/Page_Store/select_--Select--BA1170BA2376B' counted

2018-05-28 13:13:07 - [TEST_STEP][PASSED] - Statement - For ([g = 1, g <= BatchNumber - 1, (g++)]): null

2018-05-28 13:13:07 - [TEST_STEP][PASSED] - selectOptionByIndex: All options with index in [1] are selected on object 'Object Repository/DispensaryToStore/Page_Store/select_--Select--BA1170BA2376B'

2018-05-28 13:13:07 - [MESSAGE][PASSED] - All options with index in [1] are selected on object 'Object Repository/DispensaryToStore/Page_Store/select_--Select--BA1170BA2376B'

2018-05-28 13:13:07 - [TEST_STEP][PASSED] - Statement - Try: null

2018-05-28 13:13:07 - [TEST_STEP][PASSED] - Statement - StockQty = com.kms.katalon.core.webui.keyword.WebUiBuiltInKeywords.getAttribute(com.kms.katalon.core.testobject.ObjectRepository.findTestObject(DispensaryToStore/Page_Store/input_txtprice), "value"): Attribute 'value' of object 'Object Repository/DispensaryToStore/Page_Store/input_txtprice' is: '9985'

2018-05-28 13:13:07 - [MESSAGE][PASSED] - Attribute 'value' of object 'Object Repository/DispensaryToStore/Page_Store/input_txtprice' is: '9985'

2018-05-28 13:13:07 - [TEST_STEP][PASSED] - Statement - out.println("Stock QTY : " + StockQty): null

2018-05-28 13:13:07 - [TEST_STEP][PASSED] - delay: Delayed 2 second(s)

2018-05-28 13:13:09 - [MESSAGE][PASSED] - Delayed 2 second(s)

2018-05-28 13:13:09 - [TEST_STEP][PASSED] - Statement - If (java.lang.String.valueOf(StockQty) >= java.lang.String.valueOf(RequestedQty)): null

2018-05-28 13:13:09 - [TEST_STEP][PASSED] - setText: Text '10' is set on object 'Object Repository/DispensaryToStore/Page_Store/input_txtqty'

2018-05-28 13:13:09 - [MESSAGE][PASSED] - Text '10' is set on object 'Object Repository/DispensaryToStore/Page_Store/input_txtqty'

2018-05-28 13:13:09 - [TEST_STEP][PASSED] - click: Object: 'Object Repository/DispensaryToStore/Page_Store/button_Add' is clicked on

2018-05-28 13:13:09 - [MESSAGE][PASSED] - Object: 'Object Repository/DispensaryToStore/Page_Store/button_Add' is clicked on

2018-05-28 13:13:09 - [TEST_STEP][PASSED] - Statement - Break: null

2018-05-28 13:13:09 - [TEST_STEP][PASSED] - selectOptionByIndex: All options with index in [18] are selected on object 'Object Repository/DispensaryToStore/Page_Store/select_--Select--Adernaline 0.'

2018-05-28 13:13:09 - [MESSAGE][PASSED] - All options with index in [18] are selected on object 'Object Repository/DispensaryToStore/Page_Store/select_--Select--Adernaline 0.'

2018-05-28 13:13:09 - [TEST_STEP][PASSED] - delay: Delayed 2 second(s)

2018-05-28 13:13:11 - [MESSAGE][PASSED] - Delayed 2 second(s)

2018-05-28 13:13:11 - [TEST_STEP][PASSED] - Statement - RequestedQty = com.kms.katalon.core.webui.keyword.WebUiBuiltInKeywords.getAttribute(com.kms.katalon.core.testobject.ObjectRepository.findTestObject(DispensaryToStore/Page_Store/input_txttotal), "value"): Attribute 'value' of object 'Object Repository/DispensaryToStore/Page_Store/input_txttotal' is: '10'

2018-05-28 13:13:12 - [MESSAGE][PASSED] - Attribute 'value' of object 'Object Repository/DispensaryToStore/Page_Store/input_txttotal' is: '10'

2018-05-28 13:13:12 - [TEST_STEP][PASSED] - Statement - out.println("Requested QTY : " + RequestedQty): null

2018-05-28 13:13:12 - [TEST_STEP][PASSED] - Statement - BatchNumber = com.kms.katalon.core.webui.keyword.WebUiBuiltInKeywords.getNumberOfTotalOption(com.kms.katalon.core.testobject.ObjectRepository.findTestObject(DispensaryToStore/Page_Store/select_--Select--BA1170BA2376B)): 2 options of object 'Object Repository/DispensaryToStore/Page_Store/select_--Select--BA1170BA2376B' counted

2018-05-28 13:13:12 - [MESSAGE][PASSED] - 2 options of object 'Object Repository/DispensaryToStore/Page_Store/select_--Select--BA1170BA2376B' counted

2018-05-28 13:13:12 - [TEST_STEP][PASSED] - Statement - For ([g = 1, g <= BatchNumber - 1, (g++)]): null

2018-05-28 13:13:12 - [TEST_STEP][PASSED] - selectOptionByIndex: All options with index in [1] are selected on object 'Object Repository/DispensaryToStore/Page_Store/select_--Select--BA1170BA2376B'

2018-05-28 13:13:12 - [MESSAGE][PASSED] - All options with index in [1] are selected on object 'Object Repository/DispensaryToStore/Page_Store/select_--Select--BA1170BA2376B'

2018-05-28 13:13:12 - [TEST_STEP][PASSED] - Statement - Try: null

2018-05-28 13:13:12 - [TEST_STEP][PASSED] - Statement - StockQty = com.kms.katalon.core.webui.keyword.WebUiBuiltInKeywords.getAttribute(com.kms.katalon.core.testobject.ObjectRepository.findTestObject(DispensaryToStore/Page_Store/input_txtprice), "value"): Attribute 'value' of object 'Object Repository/DispensaryToStore/Page_Store/input_txtprice' is: '9985'

2018-05-28 13:13:12 - [MESSAGE][PASSED] - Attribute 'value' of object 'Object Repository/DispensaryToStore/Page_Store/input_txtprice' is: '9985'

2018-05-28 13:13:12 - [TEST_STEP][PASSED] - Statement - out.println("Stock QTY : " + StockQty): null

2018-05-28 13:13:12 - [TEST_STEP][PASSED] - delay: Delayed 2 second(s)

2018-05-28 13:13:14 - [MESSAGE][PASSED] - Delayed 2 second(s)

2018-05-28 13:13:14 - [TEST_STEP][PASSED] - Statement - If (java.lang.String.valueOf(StockQty) >= java.lang.String.valueOf(RequestedQty)): null

2018-05-28 13:13:14 - [TEST_STEP][PASSED] - setText: Text '10' is set on object 'Object Repository/DispensaryToStore/Page_Store/input_txtqty'

2018-05-28 13:13:14 - [MESSAGE][PASSED] - Text '10' is set on object 'Object Repository/DispensaryToStore/Page_Store/input_txtqty'

2018-05-28 13:13:14 - [TEST_STEP][PASSED] - click: Object: 'Object Repository/DispensaryToStore/Page_Store/button_Add' is clicked on

2018-05-28 13:13:14 - [MESSAGE][PASSED] - Object: 'Object Repository/DispensaryToStore/Page_Store/button_Add' is clicked on

2018-05-28 13:13:14 - [TEST_STEP][PASSED] - Statement - Break: null

2018-05-28 13:13:14 - [TEST_STEP][PASSED] - scrollToElement: Scroll to object 'Object Repository/DispensaryToStore/Page_Store/input_btnSubmit' successfully

2018-05-28 13:13:14 - [MESSAGE][PASSED] - Scroll to object 'Object Repository/DispensaryToStore/Page_Store/input_btnSubmit' successfully

2018-05-28 13:13:14 - [TEST_STEP][PASSED] - click: Object: 'Object Repository/DispensaryToStore/Page_Store/input_btnSubmit' is clicked on

2018-05-28 13:13:14 - [MESSAGE][PASSED] - Object: 'Object Repository/DispensaryToStore/Page_Store/input_btnSubmit' is clicked on

2018-05-28 13:13:14 - [TEST_STEP][PASSED] - delay: Delayed 3 second(s)

2018-05-28 13:13:17 - [MESSAGE][PASSED] - Delayed 3 second(s)

2018-05-28 13:13:17 - [TEST_STEP][PASSED] - click: Object: 'Object Repository/DispensaryToStore/Page_Store/button_OK' is clicked on

2018-05-28 13:13:18 - [MESSAGE][PASSED] - Object: 'Object Repository/DispensaryToStore/Page_Store/button_OK' is clicked on

2018-05-28 13:13:18 - [TEST_STEP][PASSED] - delay: Delayed 3 second(s)

2018-05-28 13:13:21 - [MESSAGE][PASSED] - Delayed 3 second(s)

2018-05-28 13:13:21 - [TEST_STEP][PASSED] - click: Object: 'Object Repository/DispensaryToStore/Page_Store/a_dropdown-toggle' is clicked on

2018-05-28 13:13:21 - [MESSAGE][PASSED] - Object: 'Object Repository/DispensaryToStore/Page_Store/a_dropdown-toggle' is clicked on

2018-05-28 13:13:21 - [TEST_STEP][PASSED] - click: Object: 'Object Repository/DispensaryToStore/Page_Store/a_Sign out' is clicked on

2018-05-28 13:13:21 - [MESSAGE][PASSED] - Object: 'Object Repository/DispensaryToStore/Page_Store/a_Sign out' is clicked on

2018-05-28 13:13:21 - [TEST_STEP][PASSED] - closeBrowser: Browser is closed

2018-05-28 13:13:22 - [MESSAGE][PASSED] - Browser is closed]]></system-out>
         <system-err><![CDATA[]]></system-err>
      </testcase>
      <system-out><![CDATA[2018-05-28 12:22:22 - [TEST_SUITE][FAILED] - Dispensary_Store_Suite: Test Cases/DISPENSARY TEST CASES/TC_DP_001 Verify Schedule 1 Dispensary Request Are Working Successfully Or Not FAILED because (of) Unable to select option by index '1' of object 'Object Repository/DispensaryToStore/Page_Dispensary Store/select_--Select--Schedule 1Inj' (Root cause: com.kms.katalon.core.webui.exception.WebElementNotFoundException: Web element with id: 'Object Repository/DispensaryToStore/Page_Dispensary Store/select_--Select--Schedule 1Inj' located by 'By.xpath: id("optcategory")[count(. | //select[@id = 'optcategory']) = count(//select[@id = 'optcategory'])]' not found)]]></system-out>
      <system-err><![CDATA[2018-05-28 12:22:22 - [TEST_SUITE][FAILED] - Dispensary_Store_Suite: Test Cases/DISPENSARY TEST CASES/TC_DP_001 Verify Schedule 1 Dispensary Request Are Working Successfully Or Not FAILED because (of) Unable to select option by index '1' of object 'Object Repository/DispensaryToStore/Page_Dispensary Store/select_--Select--Schedule 1Inj' (Root cause: com.kms.katalon.core.webui.exception.WebElementNotFoundException: Web element with id: 'Object Repository/DispensaryToStore/Page_Dispensary Store/select_--Select--Schedule 1Inj' located by 'By.xpath: id("optcategory")[count(. | //select[@id = 'optcategory']) = count(//select[@id = 'optcategory'])]' not found)]]></system-err>
   </testsuite>
</testsuites>
