<?xml version="1.0" encoding="UTF-8"?>
<testsuites name="Moh_Request" time="55" tests="0" failures="1" errors="0">
   <testsuite name="Moh_Request" tests="0" failures="1" errors="0" time="55" timestamp="2018-05-03 16:48:11" hostname="Quality Analyst - DESKTOP-BLFTK83" id="Test Suites/Moh_Request">
      <properties>
         <property name="deviceName" value=""/>
         <property name="devicePlatform" value=""/>
         <property name="logFolder" value="C:\\Users\\Quality Analyst\\Katalon Studio\\ds\\Reports\\Moh_Request\\20180503_164805"/>
         <property name="logFiles" value="C:\\Users\\Quality Analyst\\Katalon Studio\\ds\\Reports\\Moh_Request\\20180503_164805\\execution0.log"/>
         <property name="attachments" value="C:\\Users\\Quality Analyst\\Katalon Studio\\ds\\Reports\\Moh_Request\\20180503_164805\\1525346345835.png"/>
         <property name="hostName" value="Quality Analyst - DESKTOP-BLFTK83"/>
         <property name="os" value="Windows 10 64bit"/>
         <property name="katalonVersion" value="5.4.1.1"/>
         <property name="browser" value="Chrome 66.0.3359.139"/>
         <property name="hostAddress" value="192.168.71.2"/>
         <property name="sessionId" value="da3fd19deabb43317823f6572db0ba28"/>
         <property name="seleniumVersion" value="3.7.1"/>
         <property name="proxyInformation" value="ProxyInformation{proxyOption=NO_PROXY, proxyServerType=HTTP, password=, proxyServerAddress=, proxyServerPort=0}"/>
         <property name="platform" value="Windows 10"/>
      </properties>
      <testcase name="Test Cases/MohRequestSchedule2" classname="Test Cases/MohRequestSchedule2" status="FAILED">
         <failure type="FAILED" message="Unable to get total options of object 'Object Repository/sd/Page_KDMC - CMS/select_--Select--Albendazole' (Root cause: com.kms.katalon.core.webui.exception.WebElementNotFoundException: Web element with id: 'Object Repository/sd/Page_KDMC - CMS/select_--Select--Albendazole' located by 'By.xpath: //select[@id = 'optmedicine' and (text() = '--Select--Albendazole  (single dose)-400 mgAmlodepin -5 mgAmoxycilin- 250 mg, Cloxacilin-250 mgAmoxycillin -250 mgAmoxycillin - 250 mg, Clavulanic Acid 125 mg Amoxycillin - 500 mg -500 mgAmoxycillin - 500mg, Clavulanic Acid 125 mgAmoxycillin(Dispersable)-125  mgAmoxycilline - 875 mg, Clavulanic Acid 125 mgAntacid (dried Alum, Hydrox gel - 240mg. Mag Hydrox - 100mg, carb - 60 mg, activated dimethicome - 25 mg)Atenolol-50 mgAzithromycin-250 mgBisacodyl-5 mgCefixime -200 mgCetrizine -10 mgChloroquin -150 mgChlorpheniramine maleate -4 mgCiprofloxacin-500 mgClarithromycin-500 mgClopidogrel-75 mgClotrimazole Vag with Applicator-100 mgCycloserine -250 mgDexamethasone-0.5 mgDibasic calcium phospate dihydrate 500 mg. vitamin D3 200 iuDiclofenac 50 mg with paracetamol - 500 mgDicyclomin HCL -20 mgDomperidone -10 mgDoxycylone -100 mgErythomycin salt -500 mgEthambutol -800 mgEthambutol -200 mgEthambutol -400 mgEthionamide -250 mgEtophylline - 77 mg. Theophylline - 23 mgFerrous Ascorbate 100 mg, Folic Acid 1.5 mgFlucanzole single dose-150 mgFolic Acid-5 mgFolic Acide 0.1 mg, Ferrous Sulphate 67 mg (small)Furazelidone-100 mgGibenciamide -5 mgGlimipride-1 mgGriseofulvin -125 mgIbuprofen 400mg+Pracetamol 325mg-5 mgIsoniazid -100 mgIsoniazid -300 mglbuprolen 400 mg + Paracetamol 325 mg--Levocetrizine hcl -5 mgLevofloxacin -250 mgLevofloxacin -500 mgLinezolid-600 mgMebendazole -100 mgMeiformin HCL -500 mgMoxifloxacin-400 mgMultivitamin (Vitamin B1+B2+b6+B12+NiacinamideOmeprazole -20 mgOndensetron-8 mgParacetamol-500 mgPhenytonin Sodium-100 mgPhyrizinamide -500 mgPrednisolone-5 mgPrimaquine -2.5 mgprimaquine -7.5 mgPyrizinamide -750 mgRamipril -2.5 mgRanitidine-150 mgRifampicin-150 mgRifampicin -450 mgSalbutamol-4 mgtestmed-350mgTetracycline HCL -250 mgTrypsin and chymotrypsin 100000 A.V.Vit B Complex' or . = '--Select--Albendazole  (single dose)-400 mgAmlodepin -5 mgAmoxycilin- 250 mg, Cloxacilin-250 mgAmoxycillin -250 mgAmoxycillin - 250 mg, Clavulanic Acid 125 mg Amoxycillin - 500 mg -500 mgAmoxycillin - 500mg, Clavulanic Acid 125 mgAmoxycillin(Dispersable)-125  mgAmoxycilline - 875 mg, Clavulanic Acid 125 mgAntacid (dried Alum, Hydrox gel - 240mg. Mag Hydrox - 100mg, carb - 60 mg, activated dimethicome - 25 mg)Atenolol-50 mgAzithromycin-250 mgBisacodyl-5 mgCefixime -200 mgCetrizine -10 mgChloroquin -150 mgChlorpheniramine maleate -4 mgCiprofloxacin-500 mgClarithromycin-500 mgClopidogrel-75 mgClotrimazole Vag with Applicator-100 mgCycloserine -250 mgDexamethasone-0.5 mgDibasic calcium phospate dihydrate 500 mg. vitamin D3 200 iuDiclofenac 50 mg with paracetamol - 500 mgDicyclomin HCL -20 mgDomperidone -10 mgDoxycylone -100 mgErythomycin salt -500 mgEthambutol -800 mgEthambutol -200 mgEthambutol -400 mgEthionamide -250 mgEtophylline - 77 mg. Theophylline - 23 mgFerrous Ascorbate 100 mg, Folic Acid 1.5 mgFlucanzole single dose-150 mgFolic Acid-5 mgFolic Acide 0.1 mg, Ferrous Sulphate 67 mg (small)Furazelidone-100 mgGibenciamide -5 mgGlimipride-1 mgGriseofulvin -125 mgIbuprofen 400mg+Pracetamol 325mg-5 mgIsoniazid -100 mgIsoniazid -300 mglbuprolen 400 mg + Paracetamol 325 mg--Levocetrizine hcl -5 mgLevofloxacin -250 mgLevofloxacin -500 mgLinezolid-600 mgMebendazole -100 mgMeiformin HCL -500 mgMoxifloxacin-400 mgMultivitamin (Vitamin B1+B2+b6+B12+NiacinamideOmeprazole -20 mgOndensetron-8 mgParacetamol-500 mgPhenytonin Sodium-100 mgPhyrizinamide -500 mgPrednisolone-5 mgPrimaquine -2.5 mgprimaquine -7.5 mgPyrizinamide -750 mgRamipril -2.5 mgRanitidine-150 mgRifampicin-150 mgRifampicin -450 mgSalbutamol-4 mgtestmed-350mgTetracycline HCL -250 mgTrypsin and chymotrypsin 100000 A.V.Vit B Complex')]' not found)"/>
         <system-out><![CDATA[2018-05-03 16:48:11 - [TEST_CASE][FAILED] - Test Cases/MohRequestSchedule2: Test Cases/MohRequestSchedule2 FAILED because (of) Unable to get total options of object 'Object Repository/sd/Page_KDMC - CMS/select_--Select--Albendazole' (Root cause: com.kms.katalon.core.webui.exception.WebElementNotFoundException: Web element with id: 'Object Repository/sd/Page_KDMC - CMS/select_--Select--Albendazole' located by 'By.xpath: //select[@id = 'optmedicine' and (text() = '--Select--Albendazole  (single dose)-400 mgAmlodepin -5 mgAmoxycilin- 250 mg, Cloxacilin-250 mgAmoxycillin -250 mgAmoxycillin - 250 mg, Clavulanic Acid 125 mg Amoxycillin - 500 mg -500 mgAmoxycillin - 500mg, Clavulanic Acid 125 mgAmoxycillin(Dispersable)-125  mgAmoxycilline - 875 mg, Clavulanic Acid 125 mgAntacid (dried Alum, Hydrox gel - 240mg. Mag Hydrox - 100mg, carb - 60 mg, activated dimethicome - 25 mg)Atenolol-50 mgAzithromycin-250 mgBisacodyl-5 mgCefixime -200 mgCetrizine -10 mgChloroquin -150 mgChlorpheniramine maleate -4 mgCiprofloxacin-500 mgClarithromycin-500 mgClopidogrel-75 mgClotrimazole Vag with Applicator-100 mgCycloserine -250 mgDexamethasone-0.5 mgDibasic calcium phospate dihydrate 500 mg. vitamin D3 200 iuDiclofenac 50 mg with paracetamol - 500 mgDicyclomin HCL -20 mgDomperidone -10 mgDoxycylone -100 mgErythomycin salt -500 mgEthambutol -800 mgEthambutol -200 mgEthambutol -400 mgEthionamide -250 mgEtophylline - 77 mg. Theophylline - 23 mgFerrous Ascorbate 100 mg, Folic Acid 1.5 mgFlucanzole single dose-150 mgFolic Acid-5 mgFolic Acide 0.1 mg, Ferrous Sulphate 67 mg (small)Furazelidone-100 mgGibenciamide -5 mgGlimipride-1 mgGriseofulvin -125 mgIbuprofen 400mg+Pracetamol 325mg-5 mgIsoniazid -100 mgIsoniazid -300 mglbuprolen 400 mg + Paracetamol 325 mg--Levocetrizine hcl -5 mgLevofloxacin -250 mgLevofloxacin -500 mgLinezolid-600 mgMebendazole -100 mgMeiformin HCL -500 mgMoxifloxacin-400 mgMultivitamin (Vitamin B1+B2+b6+B12+NiacinamideOmeprazole -20 mgOndensetron-8 mgParacetamol-500 mgPhenytonin Sodium-100 mgPhyrizinamide -500 mgPrednisolone-5 mgPrimaquine -2.5 mgprimaquine -7.5 mgPyrizinamide -750 mgRamipril -2.5 mgRanitidine-150 mgRifampicin-150 mgRifampicin -450 mgSalbutamol-4 mgtestmed-350mgTetracycline HCL -250 mgTrypsin and chymotrypsin 100000 A.V.Vit B Complex' or . = '--Select--Albendazole  (single dose)-400 mgAmlodepin -5 mgAmoxycilin- 250 mg, Cloxacilin-250 mgAmoxycillin -250 mgAmoxycillin - 250 mg, Clavulanic Acid 125 mg Amoxycillin - 500 mg -500 mgAmoxycillin - 500mg, Clavulanic Acid 125 mgAmoxycillin(Dispersable)-125  mgAmoxycilline - 875 mg, Clavulanic Acid 125 mgAntacid (dried Alum, Hydrox gel - 240mg. Mag Hydrox - 100mg, carb - 60 mg, activated dimethicome - 25 mg)Atenolol-50 mgAzithromycin-250 mgBisacodyl-5 mgCefixime -200 mgCetrizine -10 mgChloroquin -150 mgChlorpheniramine maleate -4 mgCiprofloxacin-500 mgClarithromycin-500 mgClopidogrel-75 mgClotrimazole Vag with Applicator-100 mgCycloserine -250 mgDexamethasone-0.5 mgDibasic calcium phospate dihydrate 500 mg. vitamin D3 200 iuDiclofenac 50 mg with paracetamol - 500 mgDicyclomin HCL -20 mgDomperidone -10 mgDoxycylone -100 mgErythomycin salt -500 mgEthambutol -800 mgEthambutol -200 mgEthambutol -400 mgEthionamide -250 mgEtophylline - 77 mg. Theophylline - 23 mgFerrous Ascorbate 100 mg, Folic Acid 1.5 mgFlucanzole single dose-150 mgFolic Acid-5 mgFolic Acide 0.1 mg, Ferrous Sulphate 67 mg (small)Furazelidone-100 mgGibenciamide -5 mgGlimipride-1 mgGriseofulvin -125 mgIbuprofen 400mg+Pracetamol 325mg-5 mgIsoniazid -100 mgIsoniazid -300 mglbuprolen 400 mg + Paracetamol 325 mg--Levocetrizine hcl -5 mgLevofloxacin -250 mgLevofloxacin -500 mgLinezolid-600 mgMebendazole -100 mgMeiformin HCL -500 mgMoxifloxacin-400 mgMultivitamin (Vitamin B1+B2+b6+B12+NiacinamideOmeprazole -20 mgOndensetron-8 mgParacetamol-500 mgPhenytonin Sodium-100 mgPhyrizinamide -500 mgPrednisolone-5 mgPrimaquine -2.5 mgprimaquine -7.5 mgPyrizinamide -750 mgRamipril -2.5 mgRanitidine-150 mgRifampicin-150 mgRifampicin -450 mgSalbutamol-4 mgtestmed-350mgTetracycline HCL -250 mgTrypsin and chymotrypsin 100000 A.V.Vit B Complex')]' not found)

2018-05-03 16:48:11 - [TEST_STEP][PASSED] - openBrowser: Browser is opened with url: ''

2018-05-03 16:48:14 - [MESSAGE][PASSED] - Browser is opened with url: ''

2018-05-03 16:48:14 - [TEST_STEP][PASSED] - Statement - i = 1: null

2018-05-03 16:48:14 - [TEST_STEP][PASSED] - navigateToUrl: Navigate to 'http://192.168.137.1/multihospital_new/' successfully

2018-05-03 16:48:19 - [MESSAGE][PASSED] - Navigate to 'http://192.168.137.1/multihospital_new/' successfully

2018-05-03 16:48:19 - [TEST_STEP][PASSED] - maximizeWindow: Current window maximized

2018-05-03 16:48:21 - [MESSAGE][PASSED] - Current window maximized

2018-05-03 16:48:21 - [TEST_STEP][PASSED] - click: Object: 'Object Repository/sd/Page_KDMC/a_CMS' is clicked on

2018-05-03 16:48:21 - [MESSAGE][PASSED] - Object: 'Object Repository/sd/Page_KDMC/a_CMS' is clicked on

2018-05-03 16:48:21 - [TEST_STEP][PASSED] - setText: Text 'bala' is set on object 'Object Repository/sd/Page_CMS login/input_txtusername'

2018-05-03 16:48:22 - [MESSAGE][PASSED] - Text 'bala' is set on object 'Object Repository/sd/Page_CMS login/input_txtusername'

2018-05-03 16:48:22 - [TEST_STEP][PASSED] - setText: Text '123' is set on object 'Object Repository/sd/Page_CMS login/input_txtpassword'

2018-05-03 16:48:22 - [MESSAGE][PASSED] - Text '123' is set on object 'Object Repository/sd/Page_CMS login/input_txtpassword'

2018-05-03 16:48:22 - [TEST_STEP][PASSED] - delay: Delayed 4 second(s)

2018-05-03 16:48:26 - [MESSAGE][PASSED] - Delayed 4 second(s)

2018-05-03 16:48:26 - [TEST_STEP][PASSED] - click: Object: 'Object Repository/sd/Page_CMS login/button_Sign in' is clicked on

2018-05-03 16:48:27 - [MESSAGE][PASSED] - Object: 'Object Repository/sd/Page_CMS login/button_Sign in' is clicked on

2018-05-03 16:48:27 - [TEST_STEP][PASSED] - delay: Delayed 2 second(s)

2018-05-03 16:48:29 - [MESSAGE][PASSED] - Delayed 2 second(s)

2018-05-03 16:48:29 - [TEST_STEP][PASSED] - click: Object: 'Object Repository/sd/Page_KDMC - CMS/a_Request to MOH' is clicked on

2018-05-03 16:48:30 - [MESSAGE][PASSED] - Object: 'Object Repository/sd/Page_KDMC - CMS/a_Request to MOH' is clicked on

2018-05-03 16:48:30 - [TEST_STEP][PASSED] - delay: Delayed 2 second(s)

2018-05-03 16:48:32 - [MESSAGE][PASSED] - Delayed 2 second(s)

2018-05-03 16:48:32 - [TEST_STEP][PASSED] - selectOptionByValue: All options with value 'Weekly/Monthly' are selected in object 'Object Repository/sd/Page_KDMC - CMS/select_--Select--'  using regular expression

2018-05-03 16:48:32 - [MESSAGE][PASSED] - All options with value 'Weekly/Monthly' are selected in object 'Object Repository/sd/Page_KDMC - CMS/select_--Select--'  using regular expression

2018-05-03 16:48:32 - [TEST_STEP][PASSED] - delay: Delayed 2 second(s)

2018-05-03 16:48:34 - [MESSAGE][PASSED] - Delayed 2 second(s)

2018-05-03 16:48:34 - [TEST_STEP][FAILED] - Statement - selectedoptions = com.kms.katalon.core.webui.keyword.WebUiBuiltInKeywords.getNumberOfTotalOption(com.kms.katalon.core.testobject.ObjectRepository.findTestObject(sd/Page_KDMC - CMS/select_--Select--Albendazole)): Unable to get total options of object 'Object Repository/sd/Page_KDMC - CMS/select_--Select--Albendazole' (Root cause: com.kms.katalon.core.webui.exception.WebElementNotFoundException: Web element with id: 'Object Repository/sd/Page_KDMC - CMS/select_--Select--Albendazole' located by 'By.xpath: //select[@id = 'optmedicine' and (text() = '--Select--Albendazole  (single dose)-400 mgAmlodepin -5 mgAmoxycilin- 250 mg, Cloxacilin-250 mgAmoxycillin -250 mgAmoxycillin - 250 mg, Clavulanic Acid 125 mg Amoxycillin - 500 mg -500 mgAmoxycillin - 500mg, Clavulanic Acid 125 mgAmoxycillin(Dispersable)-125  mgAmoxycilline - 875 mg, Clavulanic Acid 125 mgAntacid (dried Alum, Hydrox gel - 240mg. Mag Hydrox - 100mg, carb - 60 mg, activated dimethicome - 25 mg)Atenolol-50 mgAzithromycin-250 mgBisacodyl-5 mgCefixime -200 mgCetrizine -10 mgChloroquin -150 mgChlorpheniramine maleate -4 mgCiprofloxacin-500 mgClarithromycin-500 mgClopidogrel-75 mgClotrimazole Vag with Applicator-100 mgCycloserine -250 mgDexamethasone-0.5 mgDibasic calcium phospate dihydrate 500 mg. vitamin D3 200 iuDiclofenac 50 mg with paracetamol - 500 mgDicyclomin HCL -20 mgDomperidone -10 mgDoxycylone -100 mgErythomycin salt -500 mgEthambutol -800 mgEthambutol -200 mgEthambutol -400 mgEthionamide -250 mgEtophylline - 77 mg. Theophylline - 23 mgFerrous Ascorbate 100 mg, Folic Acid 1.5 mgFlucanzole single dose-150 mgFolic Acid-5 mgFolic Acide 0.1 mg, Ferrous Sulphate 67 mg (small)Furazelidone-100 mgGibenciamide -5 mgGlimipride-1 mgGriseofulvin -125 mgIbuprofen 400mg+Pracetamol 325mg-5 mgIsoniazid -100 mgIsoniazid -300 mglbuprolen 400 mg + Paracetamol 325 mg--Levocetrizine hcl -5 mgLevofloxacin -250 mgLevofloxacin -500 mgLinezolid-600 mgMebendazole -100 mgMeiformin HCL -500 mgMoxifloxacin-400 mgMultivitamin (Vitamin B1+B2+b6+B12+NiacinamideOmeprazole -20 mgOndensetron-8 mgParacetamol-500 mgPhenytonin Sodium-100 mgPhyrizinamide -500 mgPrednisolone-5 mgPrimaquine -2.5 mgprimaquine -7.5 mgPyrizinamide -750 mgRamipril -2.5 mgRanitidine-150 mgRifampicin-150 mgRifampicin -450 mgSalbutamol-4 mgtestmed-350mgTetracycline HCL -250 mgTrypsin and chymotrypsin 100000 A.V.Vit B Complex' or . = '--Select--Albendazole  (single dose)-400 mgAmlodepin -5 mgAmoxycilin- 250 mg, Cloxacilin-250 mgAmoxycillin -250 mgAmoxycillin - 250 mg, Clavulanic Acid 125 mg Amoxycillin - 500 mg -500 mgAmoxycillin - 500mg, Clavulanic Acid 125 mgAmoxycillin(Dispersable)-125  mgAmoxycilline - 875 mg, Clavulanic Acid 125 mgAntacid (dried Alum, Hydrox gel - 240mg. Mag Hydrox - 100mg, carb - 60 mg, activated dimethicome - 25 mg)Atenolol-50 mgAzithromycin-250 mgBisacodyl-5 mgCefixime -200 mgCetrizine -10 mgChloroquin -150 mgChlorpheniramine maleate -4 mgCiprofloxacin-500 mgClarithromycin-500 mgClopidogrel-75 mgClotrimazole Vag with Applicator-100 mgCycloserine -250 mgDexamethasone-0.5 mgDibasic calcium phospate dihydrate 500 mg. vitamin D3 200 iuDiclofenac 50 mg with paracetamol - 500 mgDicyclomin HCL -20 mgDomperidone -10 mgDoxycylone -100 mgErythomycin salt -500 mgEthambutol -800 mgEthambutol -200 mgEthambutol -400 mgEthionamide -250 mgEtophylline - 77 mg. Theophylline - 23 mgFerrous Ascorbate 100 mg, Folic Acid 1.5 mgFlucanzole single dose-150 mgFolic Acid-5 mgFolic Acide 0.1 mg, Ferrous Sulphate 67 mg (small)Furazelidone-100 mgGibenciamide -5 mgGlimipride-1 mgGriseofulvin -125 mgIbuprofen 400mg+Pracetamol 325mg-5 mgIsoniazid -100 mgIsoniazid -300 mglbuprolen 400 mg + Paracetamol 325 mg--Levocetrizine hcl -5 mgLevofloxacin -250 mgLevofloxacin -500 mgLinezolid-600 mgMebendazole -100 mgMeiformin HCL -500 mgMoxifloxacin-400 mgMultivitamin (Vitamin B1+B2+b6+B12+NiacinamideOmeprazole -20 mgOndensetron-8 mgParacetamol-500 mgPhenytonin Sodium-100 mgPhyrizinamide -500 mgPrednisolone-5 mgPrimaquine -2.5 mgprimaquine -7.5 mgPyrizinamide -750 mgRamipril -2.5 mgRanitidine-150 mgRifampicin-150 mgRifampicin -450 mgSalbutamol-4 mgtestmed-350mgTetracycline HCL -250 mgTrypsin and chymotrypsin 100000 A.V.Vit B Complex')]' not found)

2018-05-03 16:49:06 - [MESSAGE][FAILED] - Unable to get total options of object 'Object Repository/sd/Page_KDMC - CMS/select_--Select--Albendazole' (Root cause: com.kms.katalon.core.webui.exception.WebElementNotFoundException: Web element with id: 'Object Repository/sd/Page_KDMC - CMS/select_--Select--Albendazole' located by 'By.xpath: //select[@id = 'optmedicine' and (text() = '--Select--Albendazole  (single dose)-400 mgAmlodepin -5 mgAmoxycilin- 250 mg, Cloxacilin-250 mgAmoxycillin -250 mgAmoxycillin - 250 mg, Clavulanic Acid 125 mg Amoxycillin - 500 mg -500 mgAmoxycillin - 500mg, Clavulanic Acid 125 mgAmoxycillin(Dispersable)-125  mgAmoxycilline - 875 mg, Clavulanic Acid 125 mgAntacid (dried Alum, Hydrox gel - 240mg. Mag Hydrox - 100mg, carb - 60 mg, activated dimethicome - 25 mg)Atenolol-50 mgAzithromycin-250 mgBisacodyl-5 mgCefixime -200 mgCetrizine -10 mgChloroquin -150 mgChlorpheniramine maleate -4 mgCiprofloxacin-500 mgClarithromycin-500 mgClopidogrel-75 mgClotrimazole Vag with Applicator-100 mgCycloserine -250 mgDexamethasone-0.5 mgDibasic calcium phospate dihydrate 500 mg. vitamin D3 200 iuDiclofenac 50 mg with paracetamol - 500 mgDicyclomin HCL -20 mgDomperidone -10 mgDoxycylone -100 mgErythomycin salt -500 mgEthambutol -800 mgEthambutol -200 mgEthambutol -400 mgEthionamide -250 mgEtophylline - 77 mg. Theophylline - 23 mgFerrous Ascorbate 100 mg, Folic Acid 1.5 mgFlucanzole single dose-150 mgFolic Acid-5 mgFolic Acide 0.1 mg, Ferrous Sulphate 67 mg (small)Furazelidone-100 mgGibenciamide -5 mgGlimipride-1 mgGriseofulvin -125 mgIbuprofen 400mg+Pracetamol 325mg-5 mgIsoniazid -100 mgIsoniazid -300 mglbuprolen 400 mg + Paracetamol 325 mg--Levocetrizine hcl -5 mgLevofloxacin -250 mgLevofloxacin -500 mgLinezolid-600 mgMebendazole -100 mgMeiformin HCL -500 mgMoxifloxacin-400 mgMultivitamin (Vitamin B1+B2+b6+B12+NiacinamideOmeprazole -20 mgOndensetron-8 mgParacetamol-500 mgPhenytonin Sodium-100 mgPhyrizinamide -500 mgPrednisolone-5 mgPrimaquine -2.5 mgprimaquine -7.5 mgPyrizinamide -750 mgRamipril -2.5 mgRanitidine-150 mgRifampicin-150 mgRifampicin -450 mgSalbutamol-4 mgtestmed-350mgTetracycline HCL -250 mgTrypsin and chymotrypsin 100000 A.V.Vit B Complex' or . = '--Select--Albendazole  (single dose)-400 mgAmlodepin -5 mgAmoxycilin- 250 mg, Cloxacilin-250 mgAmoxycillin -250 mgAmoxycillin - 250 mg, Clavulanic Acid 125 mg Amoxycillin - 500 mg -500 mgAmoxycillin - 500mg, Clavulanic Acid 125 mgAmoxycillin(Dispersable)-125  mgAmoxycilline - 875 mg, Clavulanic Acid 125 mgAntacid (dried Alum, Hydrox gel - 240mg. Mag Hydrox - 100mg, carb - 60 mg, activated dimethicome - 25 mg)Atenolol-50 mgAzithromycin-250 mgBisacodyl-5 mgCefixime -200 mgCetrizine -10 mgChloroquin -150 mgChlorpheniramine maleate -4 mgCiprofloxacin-500 mgClarithromycin-500 mgClopidogrel-75 mgClotrimazole Vag with Applicator-100 mgCycloserine -250 mgDexamethasone-0.5 mgDibasic calcium phospate dihydrate 500 mg. vitamin D3 200 iuDiclofenac 50 mg with paracetamol - 500 mgDicyclomin HCL -20 mgDomperidone -10 mgDoxycylone -100 mgErythomycin salt -500 mgEthambutol -800 mgEthambutol -200 mgEthambutol -400 mgEthionamide -250 mgEtophylline - 77 mg. Theophylline - 23 mgFerrous Ascorbate 100 mg, Folic Acid 1.5 mgFlucanzole single dose-150 mgFolic Acid-5 mgFolic Acide 0.1 mg, Ferrous Sulphate 67 mg (small)Furazelidone-100 mgGibenciamide -5 mgGlimipride-1 mgGriseofulvin -125 mgIbuprofen 400mg+Pracetamol 325mg-5 mgIsoniazid -100 mgIsoniazid -300 mglbuprolen 400 mg + Paracetamol 325 mg--Levocetrizine hcl -5 mgLevofloxacin -250 mgLevofloxacin -500 mgLinezolid-600 mgMebendazole -100 mgMeiformin HCL -500 mgMoxifloxacin-400 mgMultivitamin (Vitamin B1+B2+b6+B12+NiacinamideOmeprazole -20 mgOndensetron-8 mgParacetamol-500 mgPhenytonin Sodium-100 mgPhyrizinamide -500 mgPrednisolone-5 mgPrimaquine -2.5 mgprimaquine -7.5 mgPyrizinamide -750 mgRamipril -2.5 mgRanitidine-150 mgRifampicin-150 mgRifampicin -450 mgSalbutamol-4 mgtestmed-350mgTetracycline HCL -250 mgTrypsin and chymotrypsin 100000 A.V.Vit B Complex')]' not found)
[[ATTACHMENT|C:\\Users\\Quality Analyst\\Katalon Studio\\ds\\Reports\\Moh_Request\\20180503_164805\\1525346345835.png]]]]></system-out>
         <system-err><![CDATA[2018-05-03 16:48:11 - [TEST_CASE][FAILED] - Test Cases/MohRequestSchedule2: Test Cases/MohRequestSchedule2 FAILED because (of) Unable to get total options of object 'Object Repository/sd/Page_KDMC - CMS/select_--Select--Albendazole' (Root cause: com.kms.katalon.core.webui.exception.WebElementNotFoundException: Web element with id: 'Object Repository/sd/Page_KDMC - CMS/select_--Select--Albendazole' located by 'By.xpath: //select[@id = 'optmedicine' and (text() = '--Select--Albendazole  (single dose)-400 mgAmlodepin -5 mgAmoxycilin- 250 mg, Cloxacilin-250 mgAmoxycillin -250 mgAmoxycillin - 250 mg, Clavulanic Acid 125 mg Amoxycillin - 500 mg -500 mgAmoxycillin - 500mg, Clavulanic Acid 125 mgAmoxycillin(Dispersable)-125  mgAmoxycilline - 875 mg, Clavulanic Acid 125 mgAntacid (dried Alum, Hydrox gel - 240mg. Mag Hydrox - 100mg, carb - 60 mg, activated dimethicome - 25 mg)Atenolol-50 mgAzithromycin-250 mgBisacodyl-5 mgCefixime -200 mgCetrizine -10 mgChloroquin -150 mgChlorpheniramine maleate -4 mgCiprofloxacin-500 mgClarithromycin-500 mgClopidogrel-75 mgClotrimazole Vag with Applicator-100 mgCycloserine -250 mgDexamethasone-0.5 mgDibasic calcium phospate dihydrate 500 mg. vitamin D3 200 iuDiclofenac 50 mg with paracetamol - 500 mgDicyclomin HCL -20 mgDomperidone -10 mgDoxycylone -100 mgErythomycin salt -500 mgEthambutol -800 mgEthambutol -200 mgEthambutol -400 mgEthionamide -250 mgEtophylline - 77 mg. Theophylline - 23 mgFerrous Ascorbate 100 mg, Folic Acid 1.5 mgFlucanzole single dose-150 mgFolic Acid-5 mgFolic Acide 0.1 mg, Ferrous Sulphate 67 mg (small)Furazelidone-100 mgGibenciamide -5 mgGlimipride-1 mgGriseofulvin -125 mgIbuprofen 400mg+Pracetamol 325mg-5 mgIsoniazid -100 mgIsoniazid -300 mglbuprolen 400 mg + Paracetamol 325 mg--Levocetrizine hcl -5 mgLevofloxacin -250 mgLevofloxacin -500 mgLinezolid-600 mgMebendazole -100 mgMeiformin HCL -500 mgMoxifloxacin-400 mgMultivitamin (Vitamin B1+B2+b6+B12+NiacinamideOmeprazole -20 mgOndensetron-8 mgParacetamol-500 mgPhenytonin Sodium-100 mgPhyrizinamide -500 mgPrednisolone-5 mgPrimaquine -2.5 mgprimaquine -7.5 mgPyrizinamide -750 mgRamipril -2.5 mgRanitidine-150 mgRifampicin-150 mgRifampicin -450 mgSalbutamol-4 mgtestmed-350mgTetracycline HCL -250 mgTrypsin and chymotrypsin 100000 A.V.Vit B Complex' or . = '--Select--Albendazole  (single dose)-400 mgAmlodepin -5 mgAmoxycilin- 250 mg, Cloxacilin-250 mgAmoxycillin -250 mgAmoxycillin - 250 mg, Clavulanic Acid 125 mg Amoxycillin - 500 mg -500 mgAmoxycillin - 500mg, Clavulanic Acid 125 mgAmoxycillin(Dispersable)-125  mgAmoxycilline - 875 mg, Clavulanic Acid 125 mgAntacid (dried Alum, Hydrox gel - 240mg. Mag Hydrox - 100mg, carb - 60 mg, activated dimethicome - 25 mg)Atenolol-50 mgAzithromycin-250 mgBisacodyl-5 mgCefixime -200 mgCetrizine -10 mgChloroquin -150 mgChlorpheniramine maleate -4 mgCiprofloxacin-500 mgClarithromycin-500 mgClopidogrel-75 mgClotrimazole Vag with Applicator-100 mgCycloserine -250 mgDexamethasone-0.5 mgDibasic calcium phospate dihydrate 500 mg. vitamin D3 200 iuDiclofenac 50 mg with paracetamol - 500 mgDicyclomin HCL -20 mgDomperidone -10 mgDoxycylone -100 mgErythomycin salt -500 mgEthambutol -800 mgEthambutol -200 mgEthambutol -400 mgEthionamide -250 mgEtophylline - 77 mg. Theophylline - 23 mgFerrous Ascorbate 100 mg, Folic Acid 1.5 mgFlucanzole single dose-150 mgFolic Acid-5 mgFolic Acide 0.1 mg, Ferrous Sulphate 67 mg (small)Furazelidone-100 mgGibenciamide -5 mgGlimipride-1 mgGriseofulvin -125 mgIbuprofen 400mg+Pracetamol 325mg-5 mgIsoniazid -100 mgIsoniazid -300 mglbuprolen 400 mg + Paracetamol 325 mg--Levocetrizine hcl -5 mgLevofloxacin -250 mgLevofloxacin -500 mgLinezolid-600 mgMebendazole -100 mgMeiformin HCL -500 mgMoxifloxacin-400 mgMultivitamin (Vitamin B1+B2+b6+B12+NiacinamideOmeprazole -20 mgOndensetron-8 mgParacetamol-500 mgPhenytonin Sodium-100 mgPhyrizinamide -500 mgPrednisolone-5 mgPrimaquine -2.5 mgprimaquine -7.5 mgPyrizinamide -750 mgRamipril -2.5 mgRanitidine-150 mgRifampicin-150 mgRifampicin -450 mgSalbutamol-4 mgtestmed-350mgTetracycline HCL -250 mgTrypsin and chymotrypsin 100000 A.V.Vit B Complex')]' not found)]]></system-err>
      </testcase>
      <system-out><![CDATA[2018-05-03 16:48:11 - [TEST_SUITE][FAILED] - Moh_Request: Test Cases/MohRequestSchedule2 FAILED because (of) Unable to get total options of object 'Object Repository/sd/Page_KDMC - CMS/select_--Select--Albendazole' (Root cause: com.kms.katalon.core.webui.exception.WebElementNotFoundException: Web element with id: 'Object Repository/sd/Page_KDMC - CMS/select_--Select--Albendazole' located by 'By.xpath: //select[@id = 'optmedicine' and (text() = '--Select--Albendazole  (single dose)-400 mgAmlodepin -5 mgAmoxycilin- 250 mg, Cloxacilin-250 mgAmoxycillin -250 mgAmoxycillin - 250 mg, Clavulanic Acid 125 mg Amoxycillin - 500 mg -500 mgAmoxycillin - 500mg, Clavulanic Acid 125 mgAmoxycillin(Dispersable)-125  mgAmoxycilline - 875 mg, Clavulanic Acid 125 mgAntacid (dried Alum, Hydrox gel - 240mg. Mag Hydrox - 100mg, carb - 60 mg, activated dimethicome - 25 mg)Atenolol-50 mgAzithromycin-250 mgBisacodyl-5 mgCefixime -200 mgCetrizine -10 mgChloroquin -150 mgChlorpheniramine maleate -4 mgCiprofloxacin-500 mgClarithromycin-500 mgClopidogrel-75 mgClotrimazole Vag with Applicator-100 mgCycloserine -250 mgDexamethasone-0.5 mgDibasic calcium phospate dihydrate 500 mg. vitamin D3 200 iuDiclofenac 50 mg with paracetamol - 500 mgDicyclomin HCL -20 mgDomperidone -10 mgDoxycylone -100 mgErythomycin salt -500 mgEthambutol -800 mgEthambutol -200 mgEthambutol -400 mgEthionamide -250 mgEtophylline - 77 mg. Theophylline - 23 mgFerrous Ascorbate 100 mg, Folic Acid 1.5 mgFlucanzole single dose-150 mgFolic Acid-5 mgFolic Acide 0.1 mg, Ferrous Sulphate 67 mg (small)Furazelidone-100 mgGibenciamide -5 mgGlimipride-1 mgGriseofulvin -125 mgIbuprofen 400mg+Pracetamol 325mg-5 mgIsoniazid -100 mgIsoniazid -300 mglbuprolen 400 mg + Paracetamol 325 mg--Levocetrizine hcl -5 mgLevofloxacin -250 mgLevofloxacin -500 mgLinezolid-600 mgMebendazole -100 mgMeiformin HCL -500 mgMoxifloxacin-400 mgMultivitamin (Vitamin B1+B2+b6+B12+NiacinamideOmeprazole -20 mgOndensetron-8 mgParacetamol-500 mgPhenytonin Sodium-100 mgPhyrizinamide -500 mgPrednisolone-5 mgPrimaquine -2.5 mgprimaquine -7.5 mgPyrizinamide -750 mgRamipril -2.5 mgRanitidine-150 mgRifampicin-150 mgRifampicin -450 mgSalbutamol-4 mgtestmed-350mgTetracycline HCL -250 mgTrypsin and chymotrypsin 100000 A.V.Vit B Complex' or . = '--Select--Albendazole  (single dose)-400 mgAmlodepin -5 mgAmoxycilin- 250 mg, Cloxacilin-250 mgAmoxycillin -250 mgAmoxycillin - 250 mg, Clavulanic Acid 125 mg Amoxycillin - 500 mg -500 mgAmoxycillin - 500mg, Clavulanic Acid 125 mgAmoxycillin(Dispersable)-125  mgAmoxycilline - 875 mg, Clavulanic Acid 125 mgAntacid (dried Alum, Hydrox gel - 240mg. Mag Hydrox - 100mg, carb - 60 mg, activated dimethicome - 25 mg)Atenolol-50 mgAzithromycin-250 mgBisacodyl-5 mgCefixime -200 mgCetrizine -10 mgChloroquin -150 mgChlorpheniramine maleate -4 mgCiprofloxacin-500 mgClarithromycin-500 mgClopidogrel-75 mgClotrimazole Vag with Applicator-100 mgCycloserine -250 mgDexamethasone-0.5 mgDibasic calcium phospate dihydrate 500 mg. vitamin D3 200 iuDiclofenac 50 mg with paracetamol - 500 mgDicyclomin HCL -20 mgDomperidone -10 mgDoxycylone -100 mgErythomycin salt -500 mgEthambutol -800 mgEthambutol -200 mgEthambutol -400 mgEthionamide -250 mgEtophylline - 77 mg. Theophylline - 23 mgFerrous Ascorbate 100 mg, Folic Acid 1.5 mgFlucanzole single dose-150 mgFolic Acid-5 mgFolic Acide 0.1 mg, Ferrous Sulphate 67 mg (small)Furazelidone-100 mgGibenciamide -5 mgGlimipride-1 mgGriseofulvin -125 mgIbuprofen 400mg+Pracetamol 325mg-5 mgIsoniazid -100 mgIsoniazid -300 mglbuprolen 400 mg + Paracetamol 325 mg--Levocetrizine hcl -5 mgLevofloxacin -250 mgLevofloxacin -500 mgLinezolid-600 mgMebendazole -100 mgMeiformin HCL -500 mgMoxifloxacin-400 mgMultivitamin (Vitamin B1+B2+b6+B12+NiacinamideOmeprazole -20 mgOndensetron-8 mgParacetamol-500 mgPhenytonin Sodium-100 mgPhyrizinamide -500 mgPrednisolone-5 mgPrimaquine -2.5 mgprimaquine -7.5 mgPyrizinamide -750 mgRamipril -2.5 mgRanitidine-150 mgRifampicin-150 mgRifampicin -450 mgSalbutamol-4 mgtestmed-350mgTetracycline HCL -250 mgTrypsin and chymotrypsin 100000 A.V.Vit B Complex')]' not found)]]></system-out>
      <system-err><![CDATA[2018-05-03 16:48:11 - [TEST_SUITE][FAILED] - Moh_Request: Test Cases/MohRequestSchedule2 FAILED because (of) Unable to get total options of object 'Object Repository/sd/Page_KDMC - CMS/select_--Select--Albendazole' (Root cause: com.kms.katalon.core.webui.exception.WebElementNotFoundException: Web element with id: 'Object Repository/sd/Page_KDMC - CMS/select_--Select--Albendazole' located by 'By.xpath: //select[@id = 'optmedicine' and (text() = '--Select--Albendazole  (single dose)-400 mgAmlodepin -5 mgAmoxycilin- 250 mg, Cloxacilin-250 mgAmoxycillin -250 mgAmoxycillin - 250 mg, Clavulanic Acid 125 mg Amoxycillin - 500 mg -500 mgAmoxycillin - 500mg, Clavulanic Acid 125 mgAmoxycillin(Dispersable)-125  mgAmoxycilline - 875 mg, Clavulanic Acid 125 mgAntacid (dried Alum, Hydrox gel - 240mg. Mag Hydrox - 100mg, carb - 60 mg, activated dimethicome - 25 mg)Atenolol-50 mgAzithromycin-250 mgBisacodyl-5 mgCefixime -200 mgCetrizine -10 mgChloroquin -150 mgChlorpheniramine maleate -4 mgCiprofloxacin-500 mgClarithromycin-500 mgClopidogrel-75 mgClotrimazole Vag with Applicator-100 mgCycloserine -250 mgDexamethasone-0.5 mgDibasic calcium phospate dihydrate 500 mg. vitamin D3 200 iuDiclofenac 50 mg with paracetamol - 500 mgDicyclomin HCL -20 mgDomperidone -10 mgDoxycylone -100 mgErythomycin salt -500 mgEthambutol -800 mgEthambutol -200 mgEthambutol -400 mgEthionamide -250 mgEtophylline - 77 mg. Theophylline - 23 mgFerrous Ascorbate 100 mg, Folic Acid 1.5 mgFlucanzole single dose-150 mgFolic Acid-5 mgFolic Acide 0.1 mg, Ferrous Sulphate 67 mg (small)Furazelidone-100 mgGibenciamide -5 mgGlimipride-1 mgGriseofulvin -125 mgIbuprofen 400mg+Pracetamol 325mg-5 mgIsoniazid -100 mgIsoniazid -300 mglbuprolen 400 mg + Paracetamol 325 mg--Levocetrizine hcl -5 mgLevofloxacin -250 mgLevofloxacin -500 mgLinezolid-600 mgMebendazole -100 mgMeiformin HCL -500 mgMoxifloxacin-400 mgMultivitamin (Vitamin B1+B2+b6+B12+NiacinamideOmeprazole -20 mgOndensetron-8 mgParacetamol-500 mgPhenytonin Sodium-100 mgPhyrizinamide -500 mgPrednisolone-5 mgPrimaquine -2.5 mgprimaquine -7.5 mgPyrizinamide -750 mgRamipril -2.5 mgRanitidine-150 mgRifampicin-150 mgRifampicin -450 mgSalbutamol-4 mgtestmed-350mgTetracycline HCL -250 mgTrypsin and chymotrypsin 100000 A.V.Vit B Complex' or . = '--Select--Albendazole  (single dose)-400 mgAmlodepin -5 mgAmoxycilin- 250 mg, Cloxacilin-250 mgAmoxycillin -250 mgAmoxycillin - 250 mg, Clavulanic Acid 125 mg Amoxycillin - 500 mg -500 mgAmoxycillin - 500mg, Clavulanic Acid 125 mgAmoxycillin(Dispersable)-125  mgAmoxycilline - 875 mg, Clavulanic Acid 125 mgAntacid (dried Alum, Hydrox gel - 240mg. Mag Hydrox - 100mg, carb - 60 mg, activated dimethicome - 25 mg)Atenolol-50 mgAzithromycin-250 mgBisacodyl-5 mgCefixime -200 mgCetrizine -10 mgChloroquin -150 mgChlorpheniramine maleate -4 mgCiprofloxacin-500 mgClarithromycin-500 mgClopidogrel-75 mgClotrimazole Vag with Applicator-100 mgCycloserine -250 mgDexamethasone-0.5 mgDibasic calcium phospate dihydrate 500 mg. vitamin D3 200 iuDiclofenac 50 mg with paracetamol - 500 mgDicyclomin HCL -20 mgDomperidone -10 mgDoxycylone -100 mgErythomycin salt -500 mgEthambutol -800 mgEthambutol -200 mgEthambutol -400 mgEthionamide -250 mgEtophylline - 77 mg. Theophylline - 23 mgFerrous Ascorbate 100 mg, Folic Acid 1.5 mgFlucanzole single dose-150 mgFolic Acid-5 mgFolic Acide 0.1 mg, Ferrous Sulphate 67 mg (small)Furazelidone-100 mgGibenciamide -5 mgGlimipride-1 mgGriseofulvin -125 mgIbuprofen 400mg+Pracetamol 325mg-5 mgIsoniazid -100 mgIsoniazid -300 mglbuprolen 400 mg + Paracetamol 325 mg--Levocetrizine hcl -5 mgLevofloxacin -250 mgLevofloxacin -500 mgLinezolid-600 mgMebendazole -100 mgMeiformin HCL -500 mgMoxifloxacin-400 mgMultivitamin (Vitamin B1+B2+b6+B12+NiacinamideOmeprazole -20 mgOndensetron-8 mgParacetamol-500 mgPhenytonin Sodium-100 mgPhyrizinamide -500 mgPrednisolone-5 mgPrimaquine -2.5 mgprimaquine -7.5 mgPyrizinamide -750 mgRamipril -2.5 mgRanitidine-150 mgRifampicin-150 mgRifampicin -450 mgSalbutamol-4 mgtestmed-350mgTetracycline HCL -250 mgTrypsin and chymotrypsin 100000 A.V.Vit B Complex')]' not found)]]></system-err>
   </testsuite>
</testsuites>
