<?xml version="1.0" encoding="UTF-8"?>
<testsuites name="HealthPost_Store_Suite" time="2960" tests="4" failures="5" errors="3">
   <testsuite name="HealthPost_Store_Suite" tests="4" failures="5" errors="3" time="2960" timestamp="2018-05-22 11:22:25" hostname="Quality Analyst - DESKTOP-BLFTK83" id="Test Suites/HealthPost_Store_Suite">
      <properties>
         <property name="deviceName" value=""/>
         <property name="devicePlatform" value=""/>
         <property name="logFolder" value="C:\\Users\\Quality Analyst\\Katalon Studio\\ds\\Reports\\HealthPost_Store_Suite\\20180522_112214"/>
         <property name="logFiles" value="C:\\Users\\Quality Analyst\\Katalon Studio\\ds\\Reports\\HealthPost_Store_Suite\\20180522_112214\\execution0.log, C:\\Users\\Quality Analyst\\Katalon Studio\\ds\\Reports\\HealthPost_Store_Suite\\20180522_112214\\execution1.log"/>
         <property name="attachments" value="C:\\Users\\Quality Analyst\\Katalon Studio\\ds\\Reports\\HealthPost_Store_Suite\\20180522_112214\\1526969128311.png, C:\\Users\\Quality Analyst\\Katalon Studio\\ds\\Reports\\HealthPost_Store_Suite\\20180522_112214\\1526969645638.png, C:\\Users\\Quality Analyst\\Katalon Studio\\ds\\Reports\\HealthPost_Store_Suite\\20180522_112214\\1526969756806.png, C:\\Users\\Quality Analyst\\Katalon Studio\\ds\\Reports\\HealthPost_Store_Suite\\20180522_112214\\1526971136200.png, C:\\Users\\Quality Analyst\\Katalon Studio\\ds\\Reports\\HealthPost_Store_Suite\\20180522_112214\\1526971304634.png"/>
         <property name="hostName" value="Quality Analyst - DESKTOP-BLFTK83"/>
         <property name="os" value="Windows 10 64bit"/>
         <property name="katalonVersion" value="5.4.1.1"/>
         <property name="browser" value="Chrome 66.0.3359.181"/>
         <property name="hostAddress" value="169.254.189.85"/>
         <property name="sessionId" value="b9067809ddf1fbb6a5bd11dce9bda19e"/>
         <property name="seleniumVersion" value="3.7.1"/>
         <property name="proxyInformation" value="ProxyInformation{proxyOption=NO_PROXY, proxyServerType=HTTP, password=, proxyServerAddress=, proxyServerPort=0}"/>
         <property name="platform" value="Windows 10"/>
      </properties>
      <testcase name="Test Cases/HEALTHPOST TEST CASES/TC_HP_001 Verify Schedule 1 Healthpost Request Are Working Successfully Or Not" classname="Test Cases/HEALTHPOST TEST CASES/TC_HP_001 Verify Schedule 1 Healthpost Request Are Working Successfully Or Not" status="PASSED">
         <system-out><![CDATA[2018-05-22 11:22:25 - [TEST_CASE][PASSED] - Test Cases/HEALTHPOST TEST CASES/TC_HP_001 Verify Schedule 1 Healthpost Request Are Working Successfully Or Not: Test Cases/HEALTHPOST TEST CASES/TC_HP_001 Verify Schedule 1 Healthpost Request Are Working Successfully Or Not

2018-05-22 11:22:26 - [TEST_STEP][PASSED] - openBrowser: Browser is opened with url: ''

2018-05-22 11:22:28 - [MESSAGE][PASSED] - Browser is opened with url: ''

2018-05-22 11:22:28 - [TEST_STEP][PASSED] - navigateToUrl: Navigate to 'http://192.168.137.1/multihospital_new/HDSplashscreen.aspx' successfully

2018-05-22 11:22:32 - [MESSAGE][PASSED] - Navigate to 'http://192.168.137.1/multihospital_new/HDSplashscreen.aspx' successfully

2018-05-22 11:22:32 - [TEST_STEP][PASSED] - maximizeWindow: Current window maximized

2018-05-22 11:22:33 - [MESSAGE][PASSED] - Current window maximized

2018-05-22 11:22:33 - [TEST_STEP][PASSED] - click: Object: 'Object Repository/HealthpostToStore/Page_KDMC/a_Healthpost Store' is clicked on

2018-05-22 11:22:35 - [MESSAGE][PASSED] - Object: 'Object Repository/HealthpostToStore/Page_KDMC/a_Healthpost Store' is clicked on

2018-05-22 11:22:35 - [TEST_STEP][PASSED] - setText: Text 'raguram' is set on object 'Object Repository/HealthpostToStore/Page_HealthPost Store Login/input_txtusername'

2018-05-22 11:22:35 - [MESSAGE][PASSED] - Text 'raguram' is set on object 'Object Repository/HealthpostToStore/Page_HealthPost Store Login/input_txtusername'

2018-05-22 11:22:35 - [TEST_STEP][PASSED] - setText: Text '123' is set on object 'Object Repository/HealthpostToStore/Page_HealthPost Store Login/input_txtpassword'

2018-05-22 11:22:35 - [MESSAGE][PASSED] - Text '123' is set on object 'Object Repository/HealthpostToStore/Page_HealthPost Store Login/input_txtpassword'

2018-05-22 11:22:35 - [TEST_STEP][PASSED] - delay: Delayed 3 second(s)

2018-05-22 11:22:38 - [MESSAGE][PASSED] - Delayed 3 second(s)

2018-05-22 11:22:38 - [TEST_STEP][PASSED] - sendKeys: Keys 'ENTER + ' sent to object: 'Object Repository/HealthpostToStore/Page_HealthPost Store Login/input_txtpassword'

2018-05-22 11:22:39 - [MESSAGE][PASSED] - Keys 'ENTER + ' sent to object: 'Object Repository/HealthpostToStore/Page_HealthPost Store Login/input_txtpassword'

2018-05-22 11:22:39 - [TEST_STEP][PASSED] - delay: Delayed 3 second(s)

2018-05-22 11:22:42 - [MESSAGE][PASSED] - Delayed 3 second(s)

2018-05-22 11:22:42 - [TEST_STEP][PASSED] - doubleClick: Object: 'Object Repository/HealthpostToStore/Page_HealthPost Store/a_Request to Store' is double clicked on

2018-05-22 11:22:42 - [MESSAGE][PASSED] - Object: 'Object Repository/HealthpostToStore/Page_HealthPost Store/a_Request to Store' is double clicked on

2018-05-22 11:22:42 - [TEST_STEP][PASSED] - delay: Delayed 1 second(s)

2018-05-22 11:22:43 - [MESSAGE][PASSED] - Delayed 1 second(s)

2018-05-22 11:22:43 - [TEST_STEP][PASSED] - doubleClick: Object: 'Object Repository/HealthpostToStore/Page_HealthPost Store/a_Medicine Request' is double clicked on

2018-05-22 11:22:44 - [MESSAGE][PASSED] - Object: 'Object Repository/HealthpostToStore/Page_HealthPost Store/a_Medicine Request' is double clicked on

2018-05-22 11:22:44 - [TEST_STEP][PASSED] - delay: Delayed 1 second(s)

2018-05-22 11:22:45 - [MESSAGE][PASSED] - Delayed 1 second(s)

2018-05-22 11:22:45 - [TEST_STEP][PASSED] - selectOptionByIndex: All options with index in [1] are selected on object 'Object Repository/HealthpostToStore/Page_HealthPost Store/select_--Select--Schedule 1Inj'

2018-05-22 11:22:45 - [MESSAGE][PASSED] - All options with index in [1] are selected on object 'Object Repository/HealthpostToStore/Page_HealthPost Store/select_--Select--Schedule 1Inj'

2018-05-22 11:22:45 - [TEST_STEP][PASSED] - Statement - medicineslength = com.kms.katalon.core.webui.keyword.WebUiBuiltInKeywords.getNumberOfTotalOption(com.kms.katalon.core.testobject.ObjectRepository.findTestObject(HealthpostToStore/Page_HealthPost Store/select_--Select--Adernaline 0.)): 63 options of object 'Object Repository/HealthpostToStore/Page_HealthPost Store/select_--Select--Adernaline 0.' counted

2018-05-22 11:22:45 - [MESSAGE][PASSED] - 63 options of object 'Object Repository/HealthpostToStore/Page_HealthPost Store/select_--Select--Adernaline 0.' counted

2018-05-22 11:22:45 - [TEST_STEP][PASSED] - Statement - For ([e = 1, e <= medicineslength - 1, (e++)]): Object: 'Object Repository/HealthpostToStore/Page_HealthPost Store/button_Add' is double clicked on

2018-05-22 11:22:45 - [TEST_STEP][PASSED] - selectOptionByIndex: All options with index in [1] are selected on object 'Object Repository/HealthpostToStore/Page_HealthPost Store/select_--Select--Schedule 1Inj'

2018-05-22 11:22:45 - [MESSAGE][PASSED] - All options with index in [1] are selected on object 'Object Repository/HealthpostToStore/Page_HealthPost Store/select_--Select--Schedule 1Inj'

2018-05-22 11:22:45 - [TEST_STEP][PASSED] - delay: Delayed 1 second(s)

2018-05-22 11:22:46 - [MESSAGE][PASSED] - Delayed 1 second(s)

2018-05-22 11:22:46 - [TEST_STEP][PASSED] - selectOptionByIndex: All options with index in [1] are selected on object 'Object Repository/HealthpostToStore/Page_HealthPost Store/select_--Select--Adernaline 0.'

2018-05-22 11:22:47 - [MESSAGE][PASSED] - All options with index in [1] are selected on object 'Object Repository/HealthpostToStore/Page_HealthPost Store/select_--Select--Adernaline 0.'

2018-05-22 11:22:47 - [TEST_STEP][PASSED] - setText: Text '10' is set on object 'Object Repository/HealthpostToStore/Page_HealthPost Store/input_txttreat'

2018-05-22 11:22:47 - [MESSAGE][PASSED] - Text '10' is set on object 'Object Repository/HealthpostToStore/Page_HealthPost Store/input_txttreat'

2018-05-22 11:22:47 - [TEST_STEP][PASSED] - doubleClick: Object: 'Object Repository/HealthpostToStore/Page_HealthPost Store/button_Add' is double clicked on

2018-05-22 11:22:47 - [MESSAGE][PASSED] - Object: 'Object Repository/HealthpostToStore/Page_HealthPost Store/button_Add' is double clicked on

2018-05-22 11:22:47 - [TEST_STEP][PASSED] - selectOptionByIndex: All options with index in [1] are selected on object 'Object Repository/HealthpostToStore/Page_HealthPost Store/select_--Select--Schedule 1Inj'

2018-05-22 11:22:47 - [MESSAGE][PASSED] - All options with index in [1] are selected on object 'Object Repository/HealthpostToStore/Page_HealthPost Store/select_--Select--Schedule 1Inj'

2018-05-22 11:22:47 - [TEST_STEP][PASSED] - delay: Delayed 1 second(s)

2018-05-22 11:22:48 - [MESSAGE][PASSED] - Delayed 1 second(s)

2018-05-22 11:22:48 - [TEST_STEP][PASSED] - selectOptionByIndex: All options with index in [2] are selected on object 'Object Repository/HealthpostToStore/Page_HealthPost Store/select_--Select--Adernaline 0.'

2018-05-22 11:22:48 - [MESSAGE][PASSED] - All options with index in [2] are selected on object 'Object Repository/HealthpostToStore/Page_HealthPost Store/select_--Select--Adernaline 0.'

2018-05-22 11:22:48 - [TEST_STEP][PASSED] - setText: Text '10' is set on object 'Object Repository/HealthpostToStore/Page_HealthPost Store/input_txttreat'

2018-05-22 11:22:48 - [MESSAGE][PASSED] - Text '10' is set on object 'Object Repository/HealthpostToStore/Page_HealthPost Store/input_txttreat'

2018-05-22 11:22:48 - [TEST_STEP][PASSED] - doubleClick: Object: 'Object Repository/HealthpostToStore/Page_HealthPost Store/button_Add' is double clicked on

2018-05-22 11:22:48 - [MESSAGE][PASSED] - Object: 'Object Repository/HealthpostToStore/Page_HealthPost Store/button_Add' is double clicked on

2018-05-22 11:22:48 - [TEST_STEP][PASSED] - selectOptionByIndex: All options with index in [1] are selected on object 'Object Repository/HealthpostToStore/Page_HealthPost Store/select_--Select--Schedule 1Inj'

2018-05-22 11:22:49 - [MESSAGE][PASSED] - All options with index in [1] are selected on object 'Object Repository/HealthpostToStore/Page_HealthPost Store/select_--Select--Schedule 1Inj'

2018-05-22 11:22:49 - [TEST_STEP][PASSED] - delay: Delayed 1 second(s)

2018-05-22 11:22:50 - [MESSAGE][PASSED] - Delayed 1 second(s)

2018-05-22 11:22:50 - [TEST_STEP][PASSED] - selectOptionByIndex: All options with index in [3] are selected on object 'Object Repository/HealthpostToStore/Page_HealthPost Store/select_--Select--Adernaline 0.'

2018-05-22 11:22:50 - [MESSAGE][PASSED] - All options with index in [3] are selected on object 'Object Repository/HealthpostToStore/Page_HealthPost Store/select_--Select--Adernaline 0.'

2018-05-22 11:22:50 - [TEST_STEP][PASSED] - setText: Text '10' is set on object 'Object Repository/HealthpostToStore/Page_HealthPost Store/input_txttreat'

2018-05-22 11:22:50 - [MESSAGE][PASSED] - Text '10' is set on object 'Object Repository/HealthpostToStore/Page_HealthPost Store/input_txttreat'

2018-05-22 11:22:50 - [TEST_STEP][PASSED] - doubleClick: Object: 'Object Repository/HealthpostToStore/Page_HealthPost Store/button_Add' is double clicked on

2018-05-22 11:22:50 - [MESSAGE][PASSED] - Object: 'Object Repository/HealthpostToStore/Page_HealthPost Store/button_Add' is double clicked on

2018-05-22 11:22:50 - [TEST_STEP][PASSED] - selectOptionByIndex: All options with index in [1] are selected on object 'Object Repository/HealthpostToStore/Page_HealthPost Store/select_--Select--Schedule 1Inj'

2018-05-22 11:22:50 - [MESSAGE][PASSED] - All options with index in [1] are selected on object 'Object Repository/HealthpostToStore/Page_HealthPost Store/select_--Select--Schedule 1Inj'

2018-05-22 11:22:50 - [TEST_STEP][PASSED] - delay: Delayed 1 second(s)

2018-05-22 11:22:51 - [MESSAGE][PASSED] - Delayed 1 second(s)

2018-05-22 11:22:51 - [TEST_STEP][PASSED] - selectOptionByIndex: All options with index in [4] are selected on object 'Object Repository/HealthpostToStore/Page_HealthPost Store/select_--Select--Adernaline 0.'

2018-05-22 11:22:51 - [MESSAGE][PASSED] - All options with index in [4] are selected on object 'Object Repository/HealthpostToStore/Page_HealthPost Store/select_--Select--Adernaline 0.'

2018-05-22 11:22:51 - [TEST_STEP][PASSED] - setText: Text '10' is set on object 'Object Repository/HealthpostToStore/Page_HealthPost Store/input_txttreat'

2018-05-22 11:22:51 - [MESSAGE][PASSED] - Text '10' is set on object 'Object Repository/HealthpostToStore/Page_HealthPost Store/input_txttreat'

2018-05-22 11:22:51 - [TEST_STEP][PASSED] - doubleClick: Object: 'Object Repository/HealthpostToStore/Page_HealthPost Store/button_Add' is double clicked on

2018-05-22 11:22:52 - [MESSAGE][PASSED] - Object: 'Object Repository/HealthpostToStore/Page_HealthPost Store/button_Add' is double clicked on

2018-05-22 11:22:52 - [TEST_STEP][PASSED] - selectOptionByIndex: All options with index in [1] are selected on object 'Object Repository/HealthpostToStore/Page_HealthPost Store/select_--Select--Schedule 1Inj'

2018-05-22 11:22:52 - [MESSAGE][PASSED] - All options with index in [1] are selected on object 'Object Repository/HealthpostToStore/Page_HealthPost Store/select_--Select--Schedule 1Inj'

2018-05-22 11:22:52 - [TEST_STEP][PASSED] - delay: Delayed 1 second(s)

2018-05-22 11:22:53 - [MESSAGE][PASSED] - Delayed 1 second(s)

2018-05-22 11:22:53 - [TEST_STEP][PASSED] - selectOptionByIndex: All options with index in [5] are selected on object 'Object Repository/HealthpostToStore/Page_HealthPost Store/select_--Select--Adernaline 0.'

2018-05-22 11:22:53 - [MESSAGE][PASSED] - All options with index in [5] are selected on object 'Object Repository/HealthpostToStore/Page_HealthPost Store/select_--Select--Adernaline 0.'

2018-05-22 11:22:53 - [TEST_STEP][PASSED] - setText: Text '10' is set on object 'Object Repository/HealthpostToStore/Page_HealthPost Store/input_txttreat'

2018-05-22 11:22:53 - [MESSAGE][PASSED] - Text '10' is set on object 'Object Repository/HealthpostToStore/Page_HealthPost Store/input_txttreat'

2018-05-22 11:22:53 - [TEST_STEP][PASSED] - doubleClick: Object: 'Object Repository/HealthpostToStore/Page_HealthPost Store/button_Add' is double clicked on

2018-05-22 11:22:53 - [MESSAGE][PASSED] - Object: 'Object Repository/HealthpostToStore/Page_HealthPost Store/button_Add' is double clicked on

2018-05-22 11:22:53 - [TEST_STEP][PASSED] - selectOptionByIndex: All options with index in [1] are selected on object 'Object Repository/HealthpostToStore/Page_HealthPost Store/select_--Select--Schedule 1Inj'

2018-05-22 11:22:53 - [MESSAGE][PASSED] - All options with index in [1] are selected on object 'Object Repository/HealthpostToStore/Page_HealthPost Store/select_--Select--Schedule 1Inj'

2018-05-22 11:22:53 - [TEST_STEP][PASSED] - delay: Delayed 1 second(s)

2018-05-22 11:22:54 - [MESSAGE][PASSED] - Delayed 1 second(s)

2018-05-22 11:22:54 - [TEST_STEP][PASSED] - selectOptionByIndex: All options with index in [6] are selected on object 'Object Repository/HealthpostToStore/Page_HealthPost Store/select_--Select--Adernaline 0.'

2018-05-22 11:22:54 - [MESSAGE][PASSED] - All options with index in [6] are selected on object 'Object Repository/HealthpostToStore/Page_HealthPost Store/select_--Select--Adernaline 0.'

2018-05-22 11:22:54 - [TEST_STEP][PASSED] - setText: Text '10' is set on object 'Object Repository/HealthpostToStore/Page_HealthPost Store/input_txttreat'

2018-05-22 11:22:54 - [MESSAGE][PASSED] - Text '10' is set on object 'Object Repository/HealthpostToStore/Page_HealthPost Store/input_txttreat'

2018-05-22 11:22:54 - [TEST_STEP][PASSED] - doubleClick: Object: 'Object Repository/HealthpostToStore/Page_HealthPost Store/button_Add' is double clicked on

2018-05-22 11:22:55 - [MESSAGE][PASSED] - Object: 'Object Repository/HealthpostToStore/Page_HealthPost Store/button_Add' is double clicked on

2018-05-22 11:22:55 - [TEST_STEP][PASSED] - selectOptionByIndex: All options with index in [1] are selected on object 'Object Repository/HealthpostToStore/Page_HealthPost Store/select_--Select--Schedule 1Inj'

2018-05-22 11:22:55 - [MESSAGE][PASSED] - All options with index in [1] are selected on object 'Object Repository/HealthpostToStore/Page_HealthPost Store/select_--Select--Schedule 1Inj'

2018-05-22 11:22:55 - [TEST_STEP][PASSED] - delay: Delayed 1 second(s)

2018-05-22 11:22:56 - [MESSAGE][PASSED] - Delayed 1 second(s)

2018-05-22 11:22:56 - [TEST_STEP][PASSED] - selectOptionByIndex: All options with index in [7] are selected on object 'Object Repository/HealthpostToStore/Page_HealthPost Store/select_--Select--Adernaline 0.'

2018-05-22 11:22:56 - [MESSAGE][PASSED] - All options with index in [7] are selected on object 'Object Repository/HealthpostToStore/Page_HealthPost Store/select_--Select--Adernaline 0.'

2018-05-22 11:22:56 - [TEST_STEP][PASSED] - setText: Text '10' is set on object 'Object Repository/HealthpostToStore/Page_HealthPost Store/input_txttreat'

2018-05-22 11:22:56 - [MESSAGE][PASSED] - Text '10' is set on object 'Object Repository/HealthpostToStore/Page_HealthPost Store/input_txttreat'

2018-05-22 11:22:56 - [TEST_STEP][PASSED] - doubleClick: Object: 'Object Repository/HealthpostToStore/Page_HealthPost Store/button_Add' is double clicked on

2018-05-22 11:22:56 - [MESSAGE][PASSED] - Object: 'Object Repository/HealthpostToStore/Page_HealthPost Store/button_Add' is double clicked on

2018-05-22 11:22:56 - [TEST_STEP][PASSED] - selectOptionByIndex: All options with index in [1] are selected on object 'Object Repository/HealthpostToStore/Page_HealthPost Store/select_--Select--Schedule 1Inj'

2018-05-22 11:22:56 - [MESSAGE][PASSED] - All options with index in [1] are selected on object 'Object Repository/HealthpostToStore/Page_HealthPost Store/select_--Select--Schedule 1Inj'

2018-05-22 11:22:56 - [TEST_STEP][PASSED] - delay: Delayed 1 second(s)

2018-05-22 11:22:57 - [MESSAGE][PASSED] - Delayed 1 second(s)

2018-05-22 11:22:57 - [TEST_STEP][PASSED] - selectOptionByIndex: All options with index in [8] are selected on object 'Object Repository/HealthpostToStore/Page_HealthPost Store/select_--Select--Adernaline 0.'

2018-05-22 11:22:58 - [MESSAGE][PASSED] - All options with index in [8] are selected on object 'Object Repository/HealthpostToStore/Page_HealthPost Store/select_--Select--Adernaline 0.'

2018-05-22 11:22:58 - [TEST_STEP][PASSED] - setText: Text '10' is set on object 'Object Repository/HealthpostToStore/Page_HealthPost Store/input_txttreat'

2018-05-22 11:22:58 - [MESSAGE][PASSED] - Text '10' is set on object 'Object Repository/HealthpostToStore/Page_HealthPost Store/input_txttreat'

2018-05-22 11:22:58 - [TEST_STEP][PASSED] - doubleClick: Object: 'Object Repository/HealthpostToStore/Page_HealthPost Store/button_Add' is double clicked on

2018-05-22 11:22:58 - [MESSAGE][PASSED] - Object: 'Object Repository/HealthpostToStore/Page_HealthPost Store/button_Add' is double clicked on

2018-05-22 11:22:58 - [TEST_STEP][PASSED] - selectOptionByIndex: All options with index in [1] are selected on object 'Object Repository/HealthpostToStore/Page_HealthPost Store/select_--Select--Schedule 1Inj'

2018-05-22 11:22:58 - [MESSAGE][PASSED] - All options with index in [1] are selected on object 'Object Repository/HealthpostToStore/Page_HealthPost Store/select_--Select--Schedule 1Inj'

2018-05-22 11:22:58 - [TEST_STEP][PASSED] - delay: Delayed 1 second(s)

2018-05-22 11:22:59 - [MESSAGE][PASSED] - Delayed 1 second(s)

2018-05-22 11:22:59 - [TEST_STEP][PASSED] - selectOptionByIndex: All options with index in [9] are selected on object 'Object Repository/HealthpostToStore/Page_HealthPost Store/select_--Select--Adernaline 0.'

2018-05-22 11:22:59 - [MESSAGE][PASSED] - All options with index in [9] are selected on object 'Object Repository/HealthpostToStore/Page_HealthPost Store/select_--Select--Adernaline 0.'

2018-05-22 11:22:59 - [TEST_STEP][PASSED] - setText: Text '10' is set on object 'Object Repository/HealthpostToStore/Page_HealthPost Store/input_txttreat'

2018-05-22 11:22:59 - [MESSAGE][PASSED] - Text '10' is set on object 'Object Repository/HealthpostToStore/Page_HealthPost Store/input_txttreat'

2018-05-22 11:22:59 - [TEST_STEP][PASSED] - doubleClick: Object: 'Object Repository/HealthpostToStore/Page_HealthPost Store/button_Add' is double clicked on

2018-05-22 11:22:59 - [MESSAGE][PASSED] - Object: 'Object Repository/HealthpostToStore/Page_HealthPost Store/button_Add' is double clicked on

2018-05-22 11:22:59 - [TEST_STEP][PASSED] - selectOptionByIndex: All options with index in [1] are selected on object 'Object Repository/HealthpostToStore/Page_HealthPost Store/select_--Select--Schedule 1Inj'

2018-05-22 11:22:59 - [MESSAGE][PASSED] - All options with index in [1] are selected on object 'Object Repository/HealthpostToStore/Page_HealthPost Store/select_--Select--Schedule 1Inj'

2018-05-22 11:22:59 - [TEST_STEP][PASSED] - delay: Delayed 1 second(s)

2018-05-22 11:23:00 - [MESSAGE][PASSED] - Delayed 1 second(s)

2018-05-22 11:23:00 - [TEST_STEP][PASSED] - selectOptionByIndex: All options with index in [10] are selected on object 'Object Repository/HealthpostToStore/Page_HealthPost Store/select_--Select--Adernaline 0.'

2018-05-22 11:23:01 - [MESSAGE][PASSED] - All options with index in [10] are selected on object 'Object Repository/HealthpostToStore/Page_HealthPost Store/select_--Select--Adernaline 0.'

2018-05-22 11:23:01 - [TEST_STEP][PASSED] - setText: Text '10' is set on object 'Object Repository/HealthpostToStore/Page_HealthPost Store/input_txttreat'

2018-05-22 11:23:01 - [MESSAGE][PASSED] - Text '10' is set on object 'Object Repository/HealthpostToStore/Page_HealthPost Store/input_txttreat'

2018-05-22 11:23:01 - [TEST_STEP][PASSED] - doubleClick: Object: 'Object Repository/HealthpostToStore/Page_HealthPost Store/button_Add' is double clicked on

2018-05-22 11:23:01 - [MESSAGE][PASSED] - Object: 'Object Repository/HealthpostToStore/Page_HealthPost Store/button_Add' is double clicked on

2018-05-22 11:23:01 - [TEST_STEP][PASSED] - selectOptionByIndex: All options with index in [1] are selected on object 'Object Repository/HealthpostToStore/Page_HealthPost Store/select_--Select--Schedule 1Inj'

2018-05-22 11:23:01 - [MESSAGE][PASSED] - All options with index in [1] are selected on object 'Object Repository/HealthpostToStore/Page_HealthPost Store/select_--Select--Schedule 1Inj'

2018-05-22 11:23:01 - [TEST_STEP][PASSED] - delay: Delayed 1 second(s)

2018-05-22 11:23:02 - [MESSAGE][PASSED] - Delayed 1 second(s)

2018-05-22 11:23:02 - [TEST_STEP][PASSED] - selectOptionByIndex: All options with index in [11] are selected on object 'Object Repository/HealthpostToStore/Page_HealthPost Store/select_--Select--Adernaline 0.'

2018-05-22 11:23:02 - [MESSAGE][PASSED] - All options with index in [11] are selected on object 'Object Repository/HealthpostToStore/Page_HealthPost Store/select_--Select--Adernaline 0.'

2018-05-22 11:23:02 - [TEST_STEP][PASSED] - setText: Text '10' is set on object 'Object Repository/HealthpostToStore/Page_HealthPost Store/input_txttreat'

2018-05-22 11:23:02 - [MESSAGE][PASSED] - Text '10' is set on object 'Object Repository/HealthpostToStore/Page_HealthPost Store/input_txttreat'

2018-05-22 11:23:02 - [TEST_STEP][PASSED] - doubleClick: Object: 'Object Repository/HealthpostToStore/Page_HealthPost Store/button_Add' is double clicked on

2018-05-22 11:23:02 - [MESSAGE][PASSED] - Object: 'Object Repository/HealthpostToStore/Page_HealthPost Store/button_Add' is double clicked on

2018-05-22 11:23:02 - [TEST_STEP][PASSED] - selectOptionByIndex: All options with index in [1] are selected on object 'Object Repository/HealthpostToStore/Page_HealthPost Store/select_--Select--Schedule 1Inj'

2018-05-22 11:23:03 - [MESSAGE][PASSED] - All options with index in [1] are selected on object 'Object Repository/HealthpostToStore/Page_HealthPost Store/select_--Select--Schedule 1Inj'

2018-05-22 11:23:03 - [TEST_STEP][PASSED] - delay: Delayed 1 second(s)

2018-05-22 11:23:04 - [MESSAGE][PASSED] - Delayed 1 second(s)

2018-05-22 11:23:04 - [TEST_STEP][PASSED] - selectOptionByIndex: All options with index in [12] are selected on object 'Object Repository/HealthpostToStore/Page_HealthPost Store/select_--Select--Adernaline 0.'

2018-05-22 11:23:04 - [MESSAGE][PASSED] - All options with index in [12] are selected on object 'Object Repository/HealthpostToStore/Page_HealthPost Store/select_--Select--Adernaline 0.'

2018-05-22 11:23:04 - [TEST_STEP][PASSED] - setText: Text '10' is set on object 'Object Repository/HealthpostToStore/Page_HealthPost Store/input_txttreat'

2018-05-22 11:23:04 - [MESSAGE][PASSED] - Text '10' is set on object 'Object Repository/HealthpostToStore/Page_HealthPost Store/input_txttreat'

2018-05-22 11:23:04 - [TEST_STEP][PASSED] - doubleClick: Object: 'Object Repository/HealthpostToStore/Page_HealthPost Store/button_Add' is double clicked on

2018-05-22 11:23:04 - [MESSAGE][PASSED] - Object: 'Object Repository/HealthpostToStore/Page_HealthPost Store/button_Add' is double clicked on

2018-05-22 11:23:04 - [TEST_STEP][PASSED] - selectOptionByIndex: All options with index in [1] are selected on object 'Object Repository/HealthpostToStore/Page_HealthPost Store/select_--Select--Schedule 1Inj'

2018-05-22 11:23:04 - [MESSAGE][PASSED] - All options with index in [1] are selected on object 'Object Repository/HealthpostToStore/Page_HealthPost Store/select_--Select--Schedule 1Inj'

2018-05-22 11:23:04 - [TEST_STEP][PASSED] - delay: Delayed 1 second(s)

2018-05-22 11:23:05 - [MESSAGE][PASSED] - Delayed 1 second(s)

2018-05-22 11:23:05 - [TEST_STEP][PASSED] - selectOptionByIndex: All options with index in [13] are selected on object 'Object Repository/HealthpostToStore/Page_HealthPost Store/select_--Select--Adernaline 0.'

2018-05-22 11:23:05 - [MESSAGE][PASSED] - All options with index in [13] are selected on object 'Object Repository/HealthpostToStore/Page_HealthPost Store/select_--Select--Adernaline 0.'

2018-05-22 11:23:05 - [TEST_STEP][PASSED] - setText: Text '10' is set on object 'Object Repository/HealthpostToStore/Page_HealthPost Store/input_txttreat'

2018-05-22 11:23:06 - [MESSAGE][PASSED] - Text '10' is set on object 'Object Repository/HealthpostToStore/Page_HealthPost Store/input_txttreat'

2018-05-22 11:23:06 - [TEST_STEP][PASSED] - doubleClick: Object: 'Object Repository/HealthpostToStore/Page_HealthPost Store/button_Add' is double clicked on

2018-05-22 11:23:06 - [MESSAGE][PASSED] - Object: 'Object Repository/HealthpostToStore/Page_HealthPost Store/button_Add' is double clicked on

2018-05-22 11:23:06 - [TEST_STEP][PASSED] - selectOptionByIndex: All options with index in [1] are selected on object 'Object Repository/HealthpostToStore/Page_HealthPost Store/select_--Select--Schedule 1Inj'

2018-05-22 11:23:06 - [MESSAGE][PASSED] - All options with index in [1] are selected on object 'Object Repository/HealthpostToStore/Page_HealthPost Store/select_--Select--Schedule 1Inj'

2018-05-22 11:23:06 - [TEST_STEP][PASSED] - delay: Delayed 1 second(s)

2018-05-22 11:23:07 - [MESSAGE][PASSED] - Delayed 1 second(s)

2018-05-22 11:23:07 - [TEST_STEP][PASSED] - selectOptionByIndex: All options with index in [14] are selected on object 'Object Repository/HealthpostToStore/Page_HealthPost Store/select_--Select--Adernaline 0.'

2018-05-22 11:23:07 - [MESSAGE][PASSED] - All options with index in [14] are selected on object 'Object Repository/HealthpostToStore/Page_HealthPost Store/select_--Select--Adernaline 0.'

2018-05-22 11:23:07 - [TEST_STEP][PASSED] - setText: Text '10' is set on object 'Object Repository/HealthpostToStore/Page_HealthPost Store/input_txttreat'

2018-05-22 11:23:07 - [MESSAGE][PASSED] - Text '10' is set on object 'Object Repository/HealthpostToStore/Page_HealthPost Store/input_txttreat'

2018-05-22 11:23:07 - [TEST_STEP][PASSED] - doubleClick: Object: 'Object Repository/HealthpostToStore/Page_HealthPost Store/button_Add' is double clicked on

2018-05-22 11:23:07 - [MESSAGE][PASSED] - Object: 'Object Repository/HealthpostToStore/Page_HealthPost Store/button_Add' is double clicked on

2018-05-22 11:23:07 - [TEST_STEP][PASSED] - selectOptionByIndex: All options with index in [1] are selected on object 'Object Repository/HealthpostToStore/Page_HealthPost Store/select_--Select--Schedule 1Inj'

2018-05-22 11:23:07 - [MESSAGE][PASSED] - All options with index in [1] are selected on object 'Object Repository/HealthpostToStore/Page_HealthPost Store/select_--Select--Schedule 1Inj'

2018-05-22 11:23:07 - [TEST_STEP][PASSED] - delay: Delayed 1 second(s)

2018-05-22 11:23:08 - [MESSAGE][PASSED] - Delayed 1 second(s)

2018-05-22 11:23:08 - [TEST_STEP][PASSED] - selectOptionByIndex: All options with index in [15] are selected on object 'Object Repository/HealthpostToStore/Page_HealthPost Store/select_--Select--Adernaline 0.'

2018-05-22 11:23:09 - [MESSAGE][PASSED] - All options with index in [15] are selected on object 'Object Repository/HealthpostToStore/Page_HealthPost Store/select_--Select--Adernaline 0.'

2018-05-22 11:23:09 - [TEST_STEP][PASSED] - setText: Text '10' is set on object 'Object Repository/HealthpostToStore/Page_HealthPost Store/input_txttreat'

2018-05-22 11:23:09 - [MESSAGE][PASSED] - Text '10' is set on object 'Object Repository/HealthpostToStore/Page_HealthPost Store/input_txttreat'

2018-05-22 11:23:09 - [TEST_STEP][PASSED] - doubleClick: Object: 'Object Repository/HealthpostToStore/Page_HealthPost Store/button_Add' is double clicked on

2018-05-22 11:23:09 - [MESSAGE][PASSED] - Object: 'Object Repository/HealthpostToStore/Page_HealthPost Store/button_Add' is double clicked on

2018-05-22 11:23:09 - [TEST_STEP][PASSED] - selectOptionByIndex: All options with index in [1] are selected on object 'Object Repository/HealthpostToStore/Page_HealthPost Store/select_--Select--Schedule 1Inj'

2018-05-22 11:23:09 - [MESSAGE][PASSED] - All options with index in [1] are selected on object 'Object Repository/HealthpostToStore/Page_HealthPost Store/select_--Select--Schedule 1Inj'

2018-05-22 11:23:09 - [TEST_STEP][PASSED] - delay: Delayed 1 second(s)

2018-05-22 11:23:10 - [MESSAGE][PASSED] - Delayed 1 second(s)

2018-05-22 11:23:10 - [TEST_STEP][PASSED] - selectOptionByIndex: All options with index in [16] are selected on object 'Object Repository/HealthpostToStore/Page_HealthPost Store/select_--Select--Adernaline 0.'

2018-05-22 11:23:10 - [MESSAGE][PASSED] - All options with index in [16] are selected on object 'Object Repository/HealthpostToStore/Page_HealthPost Store/select_--Select--Adernaline 0.'

2018-05-22 11:23:10 - [TEST_STEP][PASSED] - setText: Text '10' is set on object 'Object Repository/HealthpostToStore/Page_HealthPost Store/input_txttreat'

2018-05-22 11:23:10 - [MESSAGE][PASSED] - Text '10' is set on object 'Object Repository/HealthpostToStore/Page_HealthPost Store/input_txttreat'

2018-05-22 11:23:10 - [TEST_STEP][PASSED] - doubleClick: Object: 'Object Repository/HealthpostToStore/Page_HealthPost Store/button_Add' is double clicked on

2018-05-22 11:23:11 - [MESSAGE][PASSED] - Object: 'Object Repository/HealthpostToStore/Page_HealthPost Store/button_Add' is double clicked on

2018-05-22 11:23:11 - [TEST_STEP][PASSED] - selectOptionByIndex: All options with index in [1] are selected on object 'Object Repository/HealthpostToStore/Page_HealthPost Store/select_--Select--Schedule 1Inj'

2018-05-22 11:23:11 - [MESSAGE][PASSED] - All options with index in [1] are selected on object 'Object Repository/HealthpostToStore/Page_HealthPost Store/select_--Select--Schedule 1Inj'

2018-05-22 11:23:11 - [TEST_STEP][PASSED] - delay: Delayed 1 second(s)

2018-05-22 11:23:12 - [MESSAGE][PASSED] - Delayed 1 second(s)

2018-05-22 11:23:12 - [TEST_STEP][PASSED] - selectOptionByIndex: All options with index in [17] are selected on object 'Object Repository/HealthpostToStore/Page_HealthPost Store/select_--Select--Adernaline 0.'

2018-05-22 11:23:12 - [MESSAGE][PASSED] - All options with index in [17] are selected on object 'Object Repository/HealthpostToStore/Page_HealthPost Store/select_--Select--Adernaline 0.'

2018-05-22 11:23:12 - [TEST_STEP][PASSED] - setText: Text '10' is set on object 'Object Repository/HealthpostToStore/Page_HealthPost Store/input_txttreat'

2018-05-22 11:23:12 - [MESSAGE][PASSED] - Text '10' is set on object 'Object Repository/HealthpostToStore/Page_HealthPost Store/input_txttreat'

2018-05-22 11:23:12 - [TEST_STEP][PASSED] - doubleClick: Object: 'Object Repository/HealthpostToStore/Page_HealthPost Store/button_Add' is double clicked on

2018-05-22 11:23:12 - [MESSAGE][PASSED] - Object: 'Object Repository/HealthpostToStore/Page_HealthPost Store/button_Add' is double clicked on

2018-05-22 11:23:12 - [TEST_STEP][PASSED] - selectOptionByIndex: All options with index in [1] are selected on object 'Object Repository/HealthpostToStore/Page_HealthPost Store/select_--Select--Schedule 1Inj'

2018-05-22 11:23:12 - [MESSAGE][PASSED] - All options with index in [1] are selected on object 'Object Repository/HealthpostToStore/Page_HealthPost Store/select_--Select--Schedule 1Inj'

2018-05-22 11:23:12 - [TEST_STEP][PASSED] - delay: Delayed 1 second(s)

2018-05-22 11:23:13 - [MESSAGE][PASSED] - Delayed 1 second(s)

2018-05-22 11:23:13 - [TEST_STEP][PASSED] - selectOptionByIndex: All options with index in [18] are selected on object 'Object Repository/HealthpostToStore/Page_HealthPost Store/select_--Select--Adernaline 0.'

2018-05-22 11:23:14 - [MESSAGE][PASSED] - All options with index in [18] are selected on object 'Object Repository/HealthpostToStore/Page_HealthPost Store/select_--Select--Adernaline 0.'

2018-05-22 11:23:14 - [TEST_STEP][PASSED] - setText: Text '10' is set on object 'Object Repository/HealthpostToStore/Page_HealthPost Store/input_txttreat'

2018-05-22 11:23:14 - [MESSAGE][PASSED] - Text '10' is set on object 'Object Repository/HealthpostToStore/Page_HealthPost Store/input_txttreat'

2018-05-22 11:23:14 - [TEST_STEP][PASSED] - doubleClick: Object: 'Object Repository/HealthpostToStore/Page_HealthPost Store/button_Add' is double clicked on

2018-05-22 11:23:14 - [MESSAGE][PASSED] - Object: 'Object Repository/HealthpostToStore/Page_HealthPost Store/button_Add' is double clicked on

2018-05-22 11:23:14 - [TEST_STEP][PASSED] - selectOptionByIndex: All options with index in [1] are selected on object 'Object Repository/HealthpostToStore/Page_HealthPost Store/select_--Select--Schedule 1Inj'

2018-05-22 11:23:14 - [MESSAGE][PASSED] - All options with index in [1] are selected on object 'Object Repository/HealthpostToStore/Page_HealthPost Store/select_--Select--Schedule 1Inj'

2018-05-22 11:23:14 - [TEST_STEP][PASSED] - delay: Delayed 1 second(s)

2018-05-22 11:23:15 - [MESSAGE][PASSED] - Delayed 1 second(s)

2018-05-22 11:23:15 - [TEST_STEP][PASSED] - selectOptionByIndex: All options with index in [19] are selected on object 'Object Repository/HealthpostToStore/Page_HealthPost Store/select_--Select--Adernaline 0.'

2018-05-22 11:23:15 - [MESSAGE][PASSED] - All options with index in [19] are selected on object 'Object Repository/HealthpostToStore/Page_HealthPost Store/select_--Select--Adernaline 0.'

2018-05-22 11:23:15 - [TEST_STEP][PASSED] - setText: Text '10' is set on object 'Object Repository/HealthpostToStore/Page_HealthPost Store/input_txttreat'

2018-05-22 11:23:15 - [MESSAGE][PASSED] - Text '10' is set on object 'Object Repository/HealthpostToStore/Page_HealthPost Store/input_txttreat'

2018-05-22 11:23:15 - [TEST_STEP][PASSED] - doubleClick: Object: 'Object Repository/HealthpostToStore/Page_HealthPost Store/button_Add' is double clicked on

2018-05-22 11:23:16 - [MESSAGE][PASSED] - Object: 'Object Repository/HealthpostToStore/Page_HealthPost Store/button_Add' is double clicked on

2018-05-22 11:23:16 - [TEST_STEP][PASSED] - selectOptionByIndex: All options with index in [1] are selected on object 'Object Repository/HealthpostToStore/Page_HealthPost Store/select_--Select--Schedule 1Inj'

2018-05-22 11:23:16 - [MESSAGE][PASSED] - All options with index in [1] are selected on object 'Object Repository/HealthpostToStore/Page_HealthPost Store/select_--Select--Schedule 1Inj'

2018-05-22 11:23:16 - [TEST_STEP][PASSED] - delay: Delayed 1 second(s)

2018-05-22 11:23:17 - [MESSAGE][PASSED] - Delayed 1 second(s)

2018-05-22 11:23:17 - [TEST_STEP][PASSED] - selectOptionByIndex: All options with index in [20] are selected on object 'Object Repository/HealthpostToStore/Page_HealthPost Store/select_--Select--Adernaline 0.'

2018-05-22 11:23:17 - [MESSAGE][PASSED] - All options with index in [20] are selected on object 'Object Repository/HealthpostToStore/Page_HealthPost Store/select_--Select--Adernaline 0.'

2018-05-22 11:23:17 - [TEST_STEP][PASSED] - setText: Text '10' is set on object 'Object Repository/HealthpostToStore/Page_HealthPost Store/input_txttreat'

2018-05-22 11:23:17 - [MESSAGE][PASSED] - Text '10' is set on object 'Object Repository/HealthpostToStore/Page_HealthPost Store/input_txttreat'

2018-05-22 11:23:17 - [TEST_STEP][PASSED] - doubleClick: Object: 'Object Repository/HealthpostToStore/Page_HealthPost Store/button_Add' is double clicked on

2018-05-22 11:23:17 - [MESSAGE][PASSED] - Object: 'Object Repository/HealthpostToStore/Page_HealthPost Store/button_Add' is double clicked on

2018-05-22 11:23:17 - [TEST_STEP][PASSED] - selectOptionByIndex: All options with index in [1] are selected on object 'Object Repository/HealthpostToStore/Page_HealthPost Store/select_--Select--Schedule 1Inj'

2018-05-22 11:23:17 - [MESSAGE][PASSED] - All options with index in [1] are selected on object 'Object Repository/HealthpostToStore/Page_HealthPost Store/select_--Select--Schedule 1Inj'

2018-05-22 11:23:17 - [TEST_STEP][PASSED] - delay: Delayed 1 second(s)

2018-05-22 11:23:18 - [MESSAGE][PASSED] - Delayed 1 second(s)

2018-05-22 11:23:18 - [TEST_STEP][PASSED] - selectOptionByIndex: All options with index in [21] are selected on object 'Object Repository/HealthpostToStore/Page_HealthPost Store/select_--Select--Adernaline 0.'

2018-05-22 11:23:19 - [MESSAGE][PASSED] - All options with index in [21] are selected on object 'Object Repository/HealthpostToStore/Page_HealthPost Store/select_--Select--Adernaline 0.'

2018-05-22 11:23:19 - [TEST_STEP][PASSED] - setText: Text '10' is set on object 'Object Repository/HealthpostToStore/Page_HealthPost Store/input_txttreat'

2018-05-22 11:23:19 - [MESSAGE][PASSED] - Text '10' is set on object 'Object Repository/HealthpostToStore/Page_HealthPost Store/input_txttreat'

2018-05-22 11:23:19 - [TEST_STEP][PASSED] - doubleClick: Object: 'Object Repository/HealthpostToStore/Page_HealthPost Store/button_Add' is double clicked on

2018-05-22 11:23:19 - [MESSAGE][PASSED] - Object: 'Object Repository/HealthpostToStore/Page_HealthPost Store/button_Add' is double clicked on

2018-05-22 11:23:19 - [TEST_STEP][PASSED] - selectOptionByIndex: All options with index in [1] are selected on object 'Object Repository/HealthpostToStore/Page_HealthPost Store/select_--Select--Schedule 1Inj'

2018-05-22 11:23:19 - [MESSAGE][PASSED] - All options with index in [1] are selected on object 'Object Repository/HealthpostToStore/Page_HealthPost Store/select_--Select--Schedule 1Inj'

2018-05-22 11:23:19 - [TEST_STEP][PASSED] - delay: Delayed 1 second(s)

2018-05-22 11:23:20 - [MESSAGE][PASSED] - Delayed 1 second(s)

2018-05-22 11:23:20 - [TEST_STEP][PASSED] - selectOptionByIndex: All options with index in [22] are selected on object 'Object Repository/HealthpostToStore/Page_HealthPost Store/select_--Select--Adernaline 0.'

2018-05-22 11:23:20 - [MESSAGE][PASSED] - All options with index in [22] are selected on object 'Object Repository/HealthpostToStore/Page_HealthPost Store/select_--Select--Adernaline 0.'

2018-05-22 11:23:20 - [TEST_STEP][PASSED] - setText: Text '10' is set on object 'Object Repository/HealthpostToStore/Page_HealthPost Store/input_txttreat'

2018-05-22 11:23:21 - [MESSAGE][PASSED] - Text '10' is set on object 'Object Repository/HealthpostToStore/Page_HealthPost Store/input_txttreat'

2018-05-22 11:23:21 - [TEST_STEP][PASSED] - doubleClick: Object: 'Object Repository/HealthpostToStore/Page_HealthPost Store/button_Add' is double clicked on

2018-05-22 11:23:21 - [MESSAGE][PASSED] - Object: 'Object Repository/HealthpostToStore/Page_HealthPost Store/button_Add' is double clicked on

2018-05-22 11:23:21 - [TEST_STEP][PASSED] - selectOptionByIndex: All options with index in [1] are selected on object 'Object Repository/HealthpostToStore/Page_HealthPost Store/select_--Select--Schedule 1Inj'

2018-05-22 11:23:21 - [MESSAGE][PASSED] - All options with index in [1] are selected on object 'Object Repository/HealthpostToStore/Page_HealthPost Store/select_--Select--Schedule 1Inj'

2018-05-22 11:23:21 - [TEST_STEP][PASSED] - delay: Delayed 1 second(s)

2018-05-22 11:23:22 - [MESSAGE][PASSED] - Delayed 1 second(s)

2018-05-22 11:23:22 - [TEST_STEP][PASSED] - selectOptionByIndex: All options with index in [23] are selected on object 'Object Repository/HealthpostToStore/Page_HealthPost Store/select_--Select--Adernaline 0.'

2018-05-22 11:23:22 - [MESSAGE][PASSED] - All options with index in [23] are selected on object 'Object Repository/HealthpostToStore/Page_HealthPost Store/select_--Select--Adernaline 0.'

2018-05-22 11:23:22 - [TEST_STEP][PASSED] - setText: Text '10' is set on object 'Object Repository/HealthpostToStore/Page_HealthPost Store/input_txttreat'

2018-05-22 11:23:22 - [MESSAGE][PASSED] - Text '10' is set on object 'Object Repository/HealthpostToStore/Page_HealthPost Store/input_txttreat'

2018-05-22 11:23:22 - [TEST_STEP][PASSED] - doubleClick: Object: 'Object Repository/HealthpostToStore/Page_HealthPost Store/button_Add' is double clicked on

2018-05-22 11:23:22 - [MESSAGE][PASSED] - Object: 'Object Repository/HealthpostToStore/Page_HealthPost Store/button_Add' is double clicked on

2018-05-22 11:23:22 - [TEST_STEP][PASSED] - selectOptionByIndex: All options with index in [1] are selected on object 'Object Repository/HealthpostToStore/Page_HealthPost Store/select_--Select--Schedule 1Inj'

2018-05-22 11:23:22 - [MESSAGE][PASSED] - All options with index in [1] are selected on object 'Object Repository/HealthpostToStore/Page_HealthPost Store/select_--Select--Schedule 1Inj'

2018-05-22 11:23:22 - [TEST_STEP][PASSED] - delay: Delayed 1 second(s)

2018-05-22 11:23:23 - [MESSAGE][PASSED] - Delayed 1 second(s)

2018-05-22 11:23:23 - [TEST_STEP][PASSED] - selectOptionByIndex: All options with index in [24] are selected on object 'Object Repository/HealthpostToStore/Page_HealthPost Store/select_--Select--Adernaline 0.'

2018-05-22 11:23:24 - [MESSAGE][PASSED] - All options with index in [24] are selected on object 'Object Repository/HealthpostToStore/Page_HealthPost Store/select_--Select--Adernaline 0.'

2018-05-22 11:23:24 - [TEST_STEP][PASSED] - setText: Text '10' is set on object 'Object Repository/HealthpostToStore/Page_HealthPost Store/input_txttreat'

2018-05-22 11:23:24 - [MESSAGE][PASSED] - Text '10' is set on object 'Object Repository/HealthpostToStore/Page_HealthPost Store/input_txttreat'

2018-05-22 11:23:24 - [TEST_STEP][PASSED] - doubleClick: Object: 'Object Repository/HealthpostToStore/Page_HealthPost Store/button_Add' is double clicked on

2018-05-22 11:23:24 - [MESSAGE][PASSED] - Object: 'Object Repository/HealthpostToStore/Page_HealthPost Store/button_Add' is double clicked on

2018-05-22 11:23:24 - [TEST_STEP][PASSED] - selectOptionByIndex: All options with index in [1] are selected on object 'Object Repository/HealthpostToStore/Page_HealthPost Store/select_--Select--Schedule 1Inj'

2018-05-22 11:23:24 - [MESSAGE][PASSED] - All options with index in [1] are selected on object 'Object Repository/HealthpostToStore/Page_HealthPost Store/select_--Select--Schedule 1Inj'

2018-05-22 11:23:24 - [TEST_STEP][PASSED] - delay: Delayed 1 second(s)

2018-05-22 11:23:25 - [MESSAGE][PASSED] - Delayed 1 second(s)

2018-05-22 11:23:25 - [TEST_STEP][PASSED] - selectOptionByIndex: All options with index in [25] are selected on object 'Object Repository/HealthpostToStore/Page_HealthPost Store/select_--Select--Adernaline 0.'

2018-05-22 11:23:26 - [MESSAGE][PASSED] - All options with index in [25] are selected on object 'Object Repository/HealthpostToStore/Page_HealthPost Store/select_--Select--Adernaline 0.'

2018-05-22 11:23:26 - [TEST_STEP][PASSED] - setText: Text '10' is set on object 'Object Repository/HealthpostToStore/Page_HealthPost Store/input_txttreat'

2018-05-22 11:23:26 - [MESSAGE][PASSED] - Text '10' is set on object 'Object Repository/HealthpostToStore/Page_HealthPost Store/input_txttreat'

2018-05-22 11:23:26 - [TEST_STEP][PASSED] - doubleClick: Object: 'Object Repository/HealthpostToStore/Page_HealthPost Store/button_Add' is double clicked on

2018-05-22 11:23:26 - [MESSAGE][PASSED] - Object: 'Object Repository/HealthpostToStore/Page_HealthPost Store/button_Add' is double clicked on

2018-05-22 11:23:26 - [TEST_STEP][PASSED] - selectOptionByIndex: All options with index in [1] are selected on object 'Object Repository/HealthpostToStore/Page_HealthPost Store/select_--Select--Schedule 1Inj'

2018-05-22 11:23:26 - [MESSAGE][PASSED] - All options with index in [1] are selected on object 'Object Repository/HealthpostToStore/Page_HealthPost Store/select_--Select--Schedule 1Inj'

2018-05-22 11:23:26 - [TEST_STEP][PASSED] - delay: Delayed 1 second(s)

2018-05-22 11:23:27 - [MESSAGE][PASSED] - Delayed 1 second(s)

2018-05-22 11:23:27 - [TEST_STEP][PASSED] - selectOptionByIndex: All options with index in [26] are selected on object 'Object Repository/HealthpostToStore/Page_HealthPost Store/select_--Select--Adernaline 0.'

2018-05-22 11:23:27 - [MESSAGE][PASSED] - All options with index in [26] are selected on object 'Object Repository/HealthpostToStore/Page_HealthPost Store/select_--Select--Adernaline 0.'

2018-05-22 11:23:27 - [TEST_STEP][PASSED] - setText: Text '10' is set on object 'Object Repository/HealthpostToStore/Page_HealthPost Store/input_txttreat'

2018-05-22 11:23:28 - [MESSAGE][PASSED] - Text '10' is set on object 'Object Repository/HealthpostToStore/Page_HealthPost Store/input_txttreat'

2018-05-22 11:23:28 - [TEST_STEP][PASSED] - doubleClick: Object: 'Object Repository/HealthpostToStore/Page_HealthPost Store/button_Add' is double clicked on

2018-05-22 11:23:28 - [MESSAGE][PASSED] - Object: 'Object Repository/HealthpostToStore/Page_HealthPost Store/button_Add' is double clicked on

2018-05-22 11:23:28 - [TEST_STEP][PASSED] - selectOptionByIndex: All options with index in [1] are selected on object 'Object Repository/HealthpostToStore/Page_HealthPost Store/select_--Select--Schedule 1Inj'

2018-05-22 11:23:28 - [MESSAGE][PASSED] - All options with index in [1] are selected on object 'Object Repository/HealthpostToStore/Page_HealthPost Store/select_--Select--Schedule 1Inj'

2018-05-22 11:23:28 - [TEST_STEP][PASSED] - delay: Delayed 1 second(s)

2018-05-22 11:23:29 - [MESSAGE][PASSED] - Delayed 1 second(s)

2018-05-22 11:23:29 - [TEST_STEP][PASSED] - selectOptionByIndex: All options with index in [27] are selected on object 'Object Repository/HealthpostToStore/Page_HealthPost Store/select_--Select--Adernaline 0.'

2018-05-22 11:23:29 - [MESSAGE][PASSED] - All options with index in [27] are selected on object 'Object Repository/HealthpostToStore/Page_HealthPost Store/select_--Select--Adernaline 0.'

2018-05-22 11:23:29 - [TEST_STEP][PASSED] - setText: Text '10' is set on object 'Object Repository/HealthpostToStore/Page_HealthPost Store/input_txttreat'

2018-05-22 11:23:29 - [MESSAGE][PASSED] - Text '10' is set on object 'Object Repository/HealthpostToStore/Page_HealthPost Store/input_txttreat'

2018-05-22 11:23:29 - [TEST_STEP][PASSED] - doubleClick: Object: 'Object Repository/HealthpostToStore/Page_HealthPost Store/button_Add' is double clicked on

2018-05-22 11:23:29 - [MESSAGE][PASSED] - Object: 'Object Repository/HealthpostToStore/Page_HealthPost Store/button_Add' is double clicked on

2018-05-22 11:23:29 - [TEST_STEP][PASSED] - selectOptionByIndex: All options with index in [1] are selected on object 'Object Repository/HealthpostToStore/Page_HealthPost Store/select_--Select--Schedule 1Inj'

2018-05-22 11:23:29 - [MESSAGE][PASSED] - All options with index in [1] are selected on object 'Object Repository/HealthpostToStore/Page_HealthPost Store/select_--Select--Schedule 1Inj'

2018-05-22 11:23:29 - [TEST_STEP][PASSED] - delay: Delayed 1 second(s)

2018-05-22 11:23:30 - [MESSAGE][PASSED] - Delayed 1 second(s)

2018-05-22 11:23:30 - [TEST_STEP][PASSED] - selectOptionByIndex: All options with index in [28] are selected on object 'Object Repository/HealthpostToStore/Page_HealthPost Store/select_--Select--Adernaline 0.'

2018-05-22 11:23:31 - [MESSAGE][PASSED] - All options with index in [28] are selected on object 'Object Repository/HealthpostToStore/Page_HealthPost Store/select_--Select--Adernaline 0.'

2018-05-22 11:23:31 - [TEST_STEP][PASSED] - setText: Text '10' is set on object 'Object Repository/HealthpostToStore/Page_HealthPost Store/input_txttreat'

2018-05-22 11:23:31 - [MESSAGE][PASSED] - Text '10' is set on object 'Object Repository/HealthpostToStore/Page_HealthPost Store/input_txttreat'

2018-05-22 11:23:31 - [TEST_STEP][PASSED] - doubleClick: Object: 'Object Repository/HealthpostToStore/Page_HealthPost Store/button_Add' is double clicked on

2018-05-22 11:23:31 - [MESSAGE][PASSED] - Object: 'Object Repository/HealthpostToStore/Page_HealthPost Store/button_Add' is double clicked on

2018-05-22 11:23:31 - [TEST_STEP][PASSED] - selectOptionByIndex: All options with index in [1] are selected on object 'Object Repository/HealthpostToStore/Page_HealthPost Store/select_--Select--Schedule 1Inj'

2018-05-22 11:23:31 - [MESSAGE][PASSED] - All options with index in [1] are selected on object 'Object Repository/HealthpostToStore/Page_HealthPost Store/select_--Select--Schedule 1Inj'

2018-05-22 11:23:31 - [TEST_STEP][PASSED] - delay: Delayed 1 second(s)

2018-05-22 11:23:32 - [MESSAGE][PASSED] - Delayed 1 second(s)

2018-05-22 11:23:32 - [TEST_STEP][PASSED] - selectOptionByIndex: All options with index in [29] are selected on object 'Object Repository/HealthpostToStore/Page_HealthPost Store/select_--Select--Adernaline 0.'

2018-05-22 11:23:33 - [MESSAGE][PASSED] - All options with index in [29] are selected on object 'Object Repository/HealthpostToStore/Page_HealthPost Store/select_--Select--Adernaline 0.'

2018-05-22 11:23:33 - [TEST_STEP][PASSED] - setText: Text '10' is set on object 'Object Repository/HealthpostToStore/Page_HealthPost Store/input_txttreat'

2018-05-22 11:23:33 - [MESSAGE][PASSED] - Text '10' is set on object 'Object Repository/HealthpostToStore/Page_HealthPost Store/input_txttreat'

2018-05-22 11:23:33 - [TEST_STEP][PASSED] - doubleClick: Object: 'Object Repository/HealthpostToStore/Page_HealthPost Store/button_Add' is double clicked on

2018-05-22 11:23:33 - [MESSAGE][PASSED] - Object: 'Object Repository/HealthpostToStore/Page_HealthPost Store/button_Add' is double clicked on

2018-05-22 11:23:33 - [TEST_STEP][PASSED] - selectOptionByIndex: All options with index in [1] are selected on object 'Object Repository/HealthpostToStore/Page_HealthPost Store/select_--Select--Schedule 1Inj'

2018-05-22 11:23:33 - [MESSAGE][PASSED] - All options with index in [1] are selected on object 'Object Repository/HealthpostToStore/Page_HealthPost Store/select_--Select--Schedule 1Inj'

2018-05-22 11:23:33 - [TEST_STEP][PASSED] - delay: Delayed 1 second(s)

2018-05-22 11:23:34 - [MESSAGE][PASSED] - Delayed 1 second(s)

2018-05-22 11:23:34 - [TEST_STEP][PASSED] - selectOptionByIndex: All options with index in [30] are selected on object 'Object Repository/HealthpostToStore/Page_HealthPost Store/select_--Select--Adernaline 0.'

2018-05-22 11:23:34 - [MESSAGE][PASSED] - All options with index in [30] are selected on object 'Object Repository/HealthpostToStore/Page_HealthPost Store/select_--Select--Adernaline 0.'

2018-05-22 11:23:34 - [TEST_STEP][PASSED] - setText: Text '10' is set on object 'Object Repository/HealthpostToStore/Page_HealthPost Store/input_txttreat'

2018-05-22 11:23:35 - [MESSAGE][PASSED] - Text '10' is set on object 'Object Repository/HealthpostToStore/Page_HealthPost Store/input_txttreat'

2018-05-22 11:23:35 - [TEST_STEP][PASSED] - doubleClick: Object: 'Object Repository/HealthpostToStore/Page_HealthPost Store/button_Add' is double clicked on

2018-05-22 11:23:35 - [MESSAGE][PASSED] - Object: 'Object Repository/HealthpostToStore/Page_HealthPost Store/button_Add' is double clicked on

2018-05-22 11:23:35 - [TEST_STEP][PASSED] - selectOptionByIndex: All options with index in [1] are selected on object 'Object Repository/HealthpostToStore/Page_HealthPost Store/select_--Select--Schedule 1Inj'

2018-05-22 11:23:35 - [MESSAGE][PASSED] - All options with index in [1] are selected on object 'Object Repository/HealthpostToStore/Page_HealthPost Store/select_--Select--Schedule 1Inj'

2018-05-22 11:23:35 - [TEST_STEP][PASSED] - delay: Delayed 1 second(s)

2018-05-22 11:23:36 - [MESSAGE][PASSED] - Delayed 1 second(s)

2018-05-22 11:23:36 - [TEST_STEP][PASSED] - selectOptionByIndex: All options with index in [31] are selected on object 'Object Repository/HealthpostToStore/Page_HealthPost Store/select_--Select--Adernaline 0.'

2018-05-22 11:23:36 - [MESSAGE][PASSED] - All options with index in [31] are selected on object 'Object Repository/HealthpostToStore/Page_HealthPost Store/select_--Select--Adernaline 0.'

2018-05-22 11:23:36 - [TEST_STEP][PASSED] - setText: Text '10' is set on object 'Object Repository/HealthpostToStore/Page_HealthPost Store/input_txttreat'

2018-05-22 11:23:36 - [MESSAGE][PASSED] - Text '10' is set on object 'Object Repository/HealthpostToStore/Page_HealthPost Store/input_txttreat'

2018-05-22 11:23:36 - [TEST_STEP][PASSED] - doubleClick: Object: 'Object Repository/HealthpostToStore/Page_HealthPost Store/button_Add' is double clicked on

2018-05-22 11:23:36 - [MESSAGE][PASSED] - Object: 'Object Repository/HealthpostToStore/Page_HealthPost Store/button_Add' is double clicked on

2018-05-22 11:23:36 - [TEST_STEP][PASSED] - selectOptionByIndex: All options with index in [1] are selected on object 'Object Repository/HealthpostToStore/Page_HealthPost Store/select_--Select--Schedule 1Inj'

2018-05-22 11:23:37 - [MESSAGE][PASSED] - All options with index in [1] are selected on object 'Object Repository/HealthpostToStore/Page_HealthPost Store/select_--Select--Schedule 1Inj'

2018-05-22 11:23:37 - [TEST_STEP][PASSED] - delay: Delayed 1 second(s)

2018-05-22 11:23:38 - [MESSAGE][PASSED] - Delayed 1 second(s)

2018-05-22 11:23:38 - [TEST_STEP][PASSED] - selectOptionByIndex: All options with index in [32] are selected on object 'Object Repository/HealthpostToStore/Page_HealthPost Store/select_--Select--Adernaline 0.'

2018-05-22 11:23:38 - [MESSAGE][PASSED] - All options with index in [32] are selected on object 'Object Repository/HealthpostToStore/Page_HealthPost Store/select_--Select--Adernaline 0.'

2018-05-22 11:23:38 - [TEST_STEP][PASSED] - setText: Text '10' is set on object 'Object Repository/HealthpostToStore/Page_HealthPost Store/input_txttreat'

2018-05-22 11:23:38 - [MESSAGE][PASSED] - Text '10' is set on object 'Object Repository/HealthpostToStore/Page_HealthPost Store/input_txttreat'

2018-05-22 11:23:38 - [TEST_STEP][PASSED] - doubleClick: Object: 'Object Repository/HealthpostToStore/Page_HealthPost Store/button_Add' is double clicked on

2018-05-22 11:23:38 - [MESSAGE][PASSED] - Object: 'Object Repository/HealthpostToStore/Page_HealthPost Store/button_Add' is double clicked on

2018-05-22 11:23:38 - [TEST_STEP][PASSED] - selectOptionByIndex: All options with index in [1] are selected on object 'Object Repository/HealthpostToStore/Page_HealthPost Store/select_--Select--Schedule 1Inj'

2018-05-22 11:23:38 - [MESSAGE][PASSED] - All options with index in [1] are selected on object 'Object Repository/HealthpostToStore/Page_HealthPost Store/select_--Select--Schedule 1Inj'

2018-05-22 11:23:38 - [TEST_STEP][PASSED] - delay: Delayed 1 second(s)

2018-05-22 11:23:39 - [MESSAGE][PASSED] - Delayed 1 second(s)

2018-05-22 11:23:39 - [TEST_STEP][PASSED] - selectOptionByIndex: All options with index in [33] are selected on object 'Object Repository/HealthpostToStore/Page_HealthPost Store/select_--Select--Adernaline 0.'

2018-05-22 11:23:40 - [MESSAGE][PASSED] - All options with index in [33] are selected on object 'Object Repository/HealthpostToStore/Page_HealthPost Store/select_--Select--Adernaline 0.'

2018-05-22 11:23:40 - [TEST_STEP][PASSED] - setText: Text '10' is set on object 'Object Repository/HealthpostToStore/Page_HealthPost Store/input_txttreat'

2018-05-22 11:23:40 - [MESSAGE][PASSED] - Text '10' is set on object 'Object Repository/HealthpostToStore/Page_HealthPost Store/input_txttreat'

2018-05-22 11:23:40 - [TEST_STEP][PASSED] - doubleClick: Object: 'Object Repository/HealthpostToStore/Page_HealthPost Store/button_Add' is double clicked on

2018-05-22 11:23:40 - [MESSAGE][PASSED] - Object: 'Object Repository/HealthpostToStore/Page_HealthPost Store/button_Add' is double clicked on

2018-05-22 11:23:40 - [TEST_STEP][PASSED] - selectOptionByIndex: All options with index in [1] are selected on object 'Object Repository/HealthpostToStore/Page_HealthPost Store/select_--Select--Schedule 1Inj'

2018-05-22 11:23:40 - [MESSAGE][PASSED] - All options with index in [1] are selected on object 'Object Repository/HealthpostToStore/Page_HealthPost Store/select_--Select--Schedule 1Inj'

2018-05-22 11:23:40 - [TEST_STEP][PASSED] - delay: Delayed 1 second(s)

2018-05-22 11:23:41 - [MESSAGE][PASSED] - Delayed 1 second(s)

2018-05-22 11:23:41 - [TEST_STEP][PASSED] - selectOptionByIndex: All options with index in [34] are selected on object 'Object Repository/HealthpostToStore/Page_HealthPost Store/select_--Select--Adernaline 0.'

2018-05-22 11:23:42 - [MESSAGE][PASSED] - All options with index in [34] are selected on object 'Object Repository/HealthpostToStore/Page_HealthPost Store/select_--Select--Adernaline 0.'

2018-05-22 11:23:42 - [TEST_STEP][PASSED] - setText: Text '10' is set on object 'Object Repository/HealthpostToStore/Page_HealthPost Store/input_txttreat'

2018-05-22 11:23:42 - [MESSAGE][PASSED] - Text '10' is set on object 'Object Repository/HealthpostToStore/Page_HealthPost Store/input_txttreat'

2018-05-22 11:23:42 - [TEST_STEP][PASSED] - doubleClick: Object: 'Object Repository/HealthpostToStore/Page_HealthPost Store/button_Add' is double clicked on

2018-05-22 11:23:42 - [MESSAGE][PASSED] - Object: 'Object Repository/HealthpostToStore/Page_HealthPost Store/button_Add' is double clicked on

2018-05-22 11:23:42 - [TEST_STEP][PASSED] - selectOptionByIndex: All options with index in [1] are selected on object 'Object Repository/HealthpostToStore/Page_HealthPost Store/select_--Select--Schedule 1Inj'

2018-05-22 11:23:42 - [MESSAGE][PASSED] - All options with index in [1] are selected on object 'Object Repository/HealthpostToStore/Page_HealthPost Store/select_--Select--Schedule 1Inj'

2018-05-22 11:23:42 - [TEST_STEP][PASSED] - delay: Delayed 1 second(s)

2018-05-22 11:23:43 - [MESSAGE][PASSED] - Delayed 1 second(s)

2018-05-22 11:23:43 - [TEST_STEP][PASSED] - selectOptionByIndex: All options with index in [35] are selected on object 'Object Repository/HealthpostToStore/Page_HealthPost Store/select_--Select--Adernaline 0.'

2018-05-22 11:23:43 - [MESSAGE][PASSED] - All options with index in [35] are selected on object 'Object Repository/HealthpostToStore/Page_HealthPost Store/select_--Select--Adernaline 0.'

2018-05-22 11:23:43 - [TEST_STEP][PASSED] - setText: Text '10' is set on object 'Object Repository/HealthpostToStore/Page_HealthPost Store/input_txttreat'

2018-05-22 11:23:43 - [MESSAGE][PASSED] - Text '10' is set on object 'Object Repository/HealthpostToStore/Page_HealthPost Store/input_txttreat'

2018-05-22 11:23:43 - [TEST_STEP][PASSED] - doubleClick: Object: 'Object Repository/HealthpostToStore/Page_HealthPost Store/button_Add' is double clicked on

2018-05-22 11:23:44 - [MESSAGE][PASSED] - Object: 'Object Repository/HealthpostToStore/Page_HealthPost Store/button_Add' is double clicked on

2018-05-22 11:23:44 - [TEST_STEP][PASSED] - selectOptionByIndex: All options with index in [1] are selected on object 'Object Repository/HealthpostToStore/Page_HealthPost Store/select_--Select--Schedule 1Inj'

2018-05-22 11:23:44 - [MESSAGE][PASSED] - All options with index in [1] are selected on object 'Object Repository/HealthpostToStore/Page_HealthPost Store/select_--Select--Schedule 1Inj'

2018-05-22 11:23:44 - [TEST_STEP][PASSED] - delay: Delayed 1 second(s)

2018-05-22 11:23:45 - [MESSAGE][PASSED] - Delayed 1 second(s)

2018-05-22 11:23:45 - [TEST_STEP][PASSED] - selectOptionByIndex: All options with index in [36] are selected on object 'Object Repository/HealthpostToStore/Page_HealthPost Store/select_--Select--Adernaline 0.'

2018-05-22 11:23:45 - [MESSAGE][PASSED] - All options with index in [36] are selected on object 'Object Repository/HealthpostToStore/Page_HealthPost Store/select_--Select--Adernaline 0.'

2018-05-22 11:23:45 - [TEST_STEP][PASSED] - setText: Text '10' is set on object 'Object Repository/HealthpostToStore/Page_HealthPost Store/input_txttreat'

2018-05-22 11:23:45 - [MESSAGE][PASSED] - Text '10' is set on object 'Object Repository/HealthpostToStore/Page_HealthPost Store/input_txttreat'

2018-05-22 11:23:45 - [TEST_STEP][PASSED] - doubleClick: Object: 'Object Repository/HealthpostToStore/Page_HealthPost Store/button_Add' is double clicked on

2018-05-22 11:23:46 - [MESSAGE][PASSED] - Object: 'Object Repository/HealthpostToStore/Page_HealthPost Store/button_Add' is double clicked on

2018-05-22 11:23:46 - [TEST_STEP][PASSED] - selectOptionByIndex: All options with index in [1] are selected on object 'Object Repository/HealthpostToStore/Page_HealthPost Store/select_--Select--Schedule 1Inj'

2018-05-22 11:23:46 - [MESSAGE][PASSED] - All options with index in [1] are selected on object 'Object Repository/HealthpostToStore/Page_HealthPost Store/select_--Select--Schedule 1Inj'

2018-05-22 11:23:46 - [TEST_STEP][PASSED] - delay: Delayed 1 second(s)

2018-05-22 11:23:47 - [MESSAGE][PASSED] - Delayed 1 second(s)

2018-05-22 11:23:47 - [TEST_STEP][PASSED] - selectOptionByIndex: All options with index in [37] are selected on object 'Object Repository/HealthpostToStore/Page_HealthPost Store/select_--Select--Adernaline 0.'

2018-05-22 11:23:47 - [MESSAGE][PASSED] - All options with index in [37] are selected on object 'Object Repository/HealthpostToStore/Page_HealthPost Store/select_--Select--Adernaline 0.'

2018-05-22 11:23:47 - [TEST_STEP][PASSED] - setText: Text '10' is set on object 'Object Repository/HealthpostToStore/Page_HealthPost Store/input_txttreat'

2018-05-22 11:23:47 - [MESSAGE][PASSED] - Text '10' is set on object 'Object Repository/HealthpostToStore/Page_HealthPost Store/input_txttreat'

2018-05-22 11:23:47 - [TEST_STEP][PASSED] - doubleClick: Object: 'Object Repository/HealthpostToStore/Page_HealthPost Store/button_Add' is double clicked on

2018-05-22 11:23:47 - [MESSAGE][PASSED] - Object: 'Object Repository/HealthpostToStore/Page_HealthPost Store/button_Add' is double clicked on

2018-05-22 11:23:47 - [TEST_STEP][PASSED] - selectOptionByIndex: All options with index in [1] are selected on object 'Object Repository/HealthpostToStore/Page_HealthPost Store/select_--Select--Schedule 1Inj'

2018-05-22 11:23:48 - [MESSAGE][PASSED] - All options with index in [1] are selected on object 'Object Repository/HealthpostToStore/Page_HealthPost Store/select_--Select--Schedule 1Inj'

2018-05-22 11:23:48 - [TEST_STEP][PASSED] - delay: Delayed 1 second(s)

2018-05-22 11:23:49 - [MESSAGE][PASSED] - Delayed 1 second(s)

2018-05-22 11:23:49 - [TEST_STEP][PASSED] - selectOptionByIndex: All options with index in [38] are selected on object 'Object Repository/HealthpostToStore/Page_HealthPost Store/select_--Select--Adernaline 0.'

2018-05-22 11:23:49 - [MESSAGE][PASSED] - All options with index in [38] are selected on object 'Object Repository/HealthpostToStore/Page_HealthPost Store/select_--Select--Adernaline 0.'

2018-05-22 11:23:49 - [TEST_STEP][PASSED] - setText: Text '10' is set on object 'Object Repository/HealthpostToStore/Page_HealthPost Store/input_txttreat'

2018-05-22 11:23:49 - [MESSAGE][PASSED] - Text '10' is set on object 'Object Repository/HealthpostToStore/Page_HealthPost Store/input_txttreat'

2018-05-22 11:23:49 - [TEST_STEP][PASSED] - doubleClick: Object: 'Object Repository/HealthpostToStore/Page_HealthPost Store/button_Add' is double clicked on

2018-05-22 11:23:49 - [MESSAGE][PASSED] - Object: 'Object Repository/HealthpostToStore/Page_HealthPost Store/button_Add' is double clicked on

2018-05-22 11:23:49 - [TEST_STEP][PASSED] - selectOptionByIndex: All options with index in [1] are selected on object 'Object Repository/HealthpostToStore/Page_HealthPost Store/select_--Select--Schedule 1Inj'

2018-05-22 11:23:50 - [MESSAGE][PASSED] - All options with index in [1] are selected on object 'Object Repository/HealthpostToStore/Page_HealthPost Store/select_--Select--Schedule 1Inj'

2018-05-22 11:23:50 - [TEST_STEP][PASSED] - delay: Delayed 1 second(s)

2018-05-22 11:23:51 - [MESSAGE][PASSED] - Delayed 1 second(s)

2018-05-22 11:23:51 - [TEST_STEP][PASSED] - selectOptionByIndex: All options with index in [39] are selected on object 'Object Repository/HealthpostToStore/Page_HealthPost Store/select_--Select--Adernaline 0.'

2018-05-22 11:23:51 - [MESSAGE][PASSED] - All options with index in [39] are selected on object 'Object Repository/HealthpostToStore/Page_HealthPost Store/select_--Select--Adernaline 0.'

2018-05-22 11:23:51 - [TEST_STEP][PASSED] - setText: Text '10' is set on object 'Object Repository/HealthpostToStore/Page_HealthPost Store/input_txttreat'

2018-05-22 11:23:51 - [MESSAGE][PASSED] - Text '10' is set on object 'Object Repository/HealthpostToStore/Page_HealthPost Store/input_txttreat'

2018-05-22 11:23:51 - [TEST_STEP][PASSED] - doubleClick: Object: 'Object Repository/HealthpostToStore/Page_HealthPost Store/button_Add' is double clicked on

2018-05-22 11:23:51 - [MESSAGE][PASSED] - Object: 'Object Repository/HealthpostToStore/Page_HealthPost Store/button_Add' is double clicked on

2018-05-22 11:23:51 - [TEST_STEP][PASSED] - selectOptionByIndex: All options with index in [1] are selected on object 'Object Repository/HealthpostToStore/Page_HealthPost Store/select_--Select--Schedule 1Inj'

2018-05-22 11:23:51 - [MESSAGE][PASSED] - All options with index in [1] are selected on object 'Object Repository/HealthpostToStore/Page_HealthPost Store/select_--Select--Schedule 1Inj'

2018-05-22 11:23:51 - [TEST_STEP][PASSED] - delay: Delayed 1 second(s)

2018-05-22 11:23:52 - [MESSAGE][PASSED] - Delayed 1 second(s)

2018-05-22 11:23:52 - [TEST_STEP][PASSED] - selectOptionByIndex: All options with index in [40] are selected on object 'Object Repository/HealthpostToStore/Page_HealthPost Store/select_--Select--Adernaline 0.'

2018-05-22 11:23:53 - [MESSAGE][PASSED] - All options with index in [40] are selected on object 'Object Repository/HealthpostToStore/Page_HealthPost Store/select_--Select--Adernaline 0.'

2018-05-22 11:23:53 - [TEST_STEP][PASSED] - setText: Text '10' is set on object 'Object Repository/HealthpostToStore/Page_HealthPost Store/input_txttreat'

2018-05-22 11:23:53 - [MESSAGE][PASSED] - Text '10' is set on object 'Object Repository/HealthpostToStore/Page_HealthPost Store/input_txttreat'

2018-05-22 11:23:53 - [TEST_STEP][PASSED] - doubleClick: Object: 'Object Repository/HealthpostToStore/Page_HealthPost Store/button_Add' is double clicked on

2018-05-22 11:23:53 - [MESSAGE][PASSED] - Object: 'Object Repository/HealthpostToStore/Page_HealthPost Store/button_Add' is double clicked on

2018-05-22 11:23:53 - [TEST_STEP][PASSED] - selectOptionByIndex: All options with index in [1] are selected on object 'Object Repository/HealthpostToStore/Page_HealthPost Store/select_--Select--Schedule 1Inj'

2018-05-22 11:23:53 - [MESSAGE][PASSED] - All options with index in [1] are selected on object 'Object Repository/HealthpostToStore/Page_HealthPost Store/select_--Select--Schedule 1Inj'

2018-05-22 11:23:53 - [TEST_STEP][PASSED] - delay: Delayed 1 second(s)

2018-05-22 11:23:54 - [MESSAGE][PASSED] - Delayed 1 second(s)

2018-05-22 11:23:54 - [TEST_STEP][PASSED] - selectOptionByIndex: All options with index in [41] are selected on object 'Object Repository/HealthpostToStore/Page_HealthPost Store/select_--Select--Adernaline 0.'

2018-05-22 11:23:55 - [MESSAGE][PASSED] - All options with index in [41] are selected on object 'Object Repository/HealthpostToStore/Page_HealthPost Store/select_--Select--Adernaline 0.'

2018-05-22 11:23:55 - [TEST_STEP][PASSED] - setText: Text '10' is set on object 'Object Repository/HealthpostToStore/Page_HealthPost Store/input_txttreat'

2018-05-22 11:23:55 - [MESSAGE][PASSED] - Text '10' is set on object 'Object Repository/HealthpostToStore/Page_HealthPost Store/input_txttreat'

2018-05-22 11:23:55 - [TEST_STEP][PASSED] - doubleClick: Object: 'Object Repository/HealthpostToStore/Page_HealthPost Store/button_Add' is double clicked on

2018-05-22 11:23:55 - [MESSAGE][PASSED] - Object: 'Object Repository/HealthpostToStore/Page_HealthPost Store/button_Add' is double clicked on

2018-05-22 11:23:55 - [TEST_STEP][PASSED] - selectOptionByIndex: All options with index in [1] are selected on object 'Object Repository/HealthpostToStore/Page_HealthPost Store/select_--Select--Schedule 1Inj'

2018-05-22 11:23:55 - [MESSAGE][PASSED] - All options with index in [1] are selected on object 'Object Repository/HealthpostToStore/Page_HealthPost Store/select_--Select--Schedule 1Inj'

2018-05-22 11:23:55 - [TEST_STEP][PASSED] - delay: Delayed 1 second(s)

2018-05-22 11:23:56 - [MESSAGE][PASSED] - Delayed 1 second(s)

2018-05-22 11:23:56 - [TEST_STEP][PASSED] - selectOptionByIndex: All options with index in [42] are selected on object 'Object Repository/HealthpostToStore/Page_HealthPost Store/select_--Select--Adernaline 0.'

2018-05-22 11:23:57 - [MESSAGE][PASSED] - All options with index in [42] are selected on object 'Object Repository/HealthpostToStore/Page_HealthPost Store/select_--Select--Adernaline 0.'

2018-05-22 11:23:57 - [TEST_STEP][PASSED] - setText: Text '10' is set on object 'Object Repository/HealthpostToStore/Page_HealthPost Store/input_txttreat'

2018-05-22 11:23:57 - [MESSAGE][PASSED] - Text '10' is set on object 'Object Repository/HealthpostToStore/Page_HealthPost Store/input_txttreat'

2018-05-22 11:23:57 - [TEST_STEP][PASSED] - doubleClick: Object: 'Object Repository/HealthpostToStore/Page_HealthPost Store/button_Add' is double clicked on

2018-05-22 11:23:57 - [MESSAGE][PASSED] - Object: 'Object Repository/HealthpostToStore/Page_HealthPost Store/button_Add' is double clicked on

2018-05-22 11:23:57 - [TEST_STEP][PASSED] - selectOptionByIndex: All options with index in [1] are selected on object 'Object Repository/HealthpostToStore/Page_HealthPost Store/select_--Select--Schedule 1Inj'

2018-05-22 11:23:57 - [MESSAGE][PASSED] - All options with index in [1] are selected on object 'Object Repository/HealthpostToStore/Page_HealthPost Store/select_--Select--Schedule 1Inj'

2018-05-22 11:23:57 - [TEST_STEP][PASSED] - delay: Delayed 1 second(s)

2018-05-22 11:23:58 - [MESSAGE][PASSED] - Delayed 1 second(s)

2018-05-22 11:23:58 - [TEST_STEP][PASSED] - selectOptionByIndex: All options with index in [43] are selected on object 'Object Repository/HealthpostToStore/Page_HealthPost Store/select_--Select--Adernaline 0.'

2018-05-22 11:23:59 - [MESSAGE][PASSED] - All options with index in [43] are selected on object 'Object Repository/HealthpostToStore/Page_HealthPost Store/select_--Select--Adernaline 0.'

2018-05-22 11:23:59 - [TEST_STEP][PASSED] - setText: Text '10' is set on object 'Object Repository/HealthpostToStore/Page_HealthPost Store/input_txttreat'

2018-05-22 11:23:59 - [MESSAGE][PASSED] - Text '10' is set on object 'Object Repository/HealthpostToStore/Page_HealthPost Store/input_txttreat'

2018-05-22 11:23:59 - [TEST_STEP][PASSED] - doubleClick: Object: 'Object Repository/HealthpostToStore/Page_HealthPost Store/button_Add' is double clicked on

2018-05-22 11:23:59 - [MESSAGE][PASSED] - Object: 'Object Repository/HealthpostToStore/Page_HealthPost Store/button_Add' is double clicked on

2018-05-22 11:23:59 - [TEST_STEP][PASSED] - selectOptionByIndex: All options with index in [1] are selected on object 'Object Repository/HealthpostToStore/Page_HealthPost Store/select_--Select--Schedule 1Inj'

2018-05-22 11:24:00 - [MESSAGE][PASSED] - All options with index in [1] are selected on object 'Object Repository/HealthpostToStore/Page_HealthPost Store/select_--Select--Schedule 1Inj'

2018-05-22 11:24:00 - [TEST_STEP][PASSED] - delay: Delayed 1 second(s)

2018-05-22 11:24:01 - [MESSAGE][PASSED] - Delayed 1 second(s)

2018-05-22 11:24:01 - [TEST_STEP][PASSED] - selectOptionByIndex: All options with index in [44] are selected on object 'Object Repository/HealthpostToStore/Page_HealthPost Store/select_--Select--Adernaline 0.'

2018-05-22 11:24:01 - [MESSAGE][PASSED] - All options with index in [44] are selected on object 'Object Repository/HealthpostToStore/Page_HealthPost Store/select_--Select--Adernaline 0.'

2018-05-22 11:24:01 - [TEST_STEP][PASSED] - setText: Text '10' is set on object 'Object Repository/HealthpostToStore/Page_HealthPost Store/input_txttreat'

2018-05-22 11:24:01 - [MESSAGE][PASSED] - Text '10' is set on object 'Object Repository/HealthpostToStore/Page_HealthPost Store/input_txttreat'

2018-05-22 11:24:01 - [TEST_STEP][PASSED] - doubleClick: Object: 'Object Repository/HealthpostToStore/Page_HealthPost Store/button_Add' is double clicked on

2018-05-22 11:24:01 - [MESSAGE][PASSED] - Object: 'Object Repository/HealthpostToStore/Page_HealthPost Store/button_Add' is double clicked on

2018-05-22 11:24:01 - [TEST_STEP][PASSED] - selectOptionByIndex: All options with index in [1] are selected on object 'Object Repository/HealthpostToStore/Page_HealthPost Store/select_--Select--Schedule 1Inj'

2018-05-22 11:24:02 - [MESSAGE][PASSED] - All options with index in [1] are selected on object 'Object Repository/HealthpostToStore/Page_HealthPost Store/select_--Select--Schedule 1Inj'

2018-05-22 11:24:02 - [TEST_STEP][PASSED] - delay: Delayed 1 second(s)

2018-05-22 11:24:03 - [MESSAGE][PASSED] - Delayed 1 second(s)

2018-05-22 11:24:03 - [TEST_STEP][PASSED] - selectOptionByIndex: All options with index in [45] are selected on object 'Object Repository/HealthpostToStore/Page_HealthPost Store/select_--Select--Adernaline 0.'

2018-05-22 11:24:03 - [MESSAGE][PASSED] - All options with index in [45] are selected on object 'Object Repository/HealthpostToStore/Page_HealthPost Store/select_--Select--Adernaline 0.'

2018-05-22 11:24:03 - [TEST_STEP][PASSED] - setText: Text '10' is set on object 'Object Repository/HealthpostToStore/Page_HealthPost Store/input_txttreat'

2018-05-22 11:24:03 - [MESSAGE][PASSED] - Text '10' is set on object 'Object Repository/HealthpostToStore/Page_HealthPost Store/input_txttreat'

2018-05-22 11:24:03 - [TEST_STEP][PASSED] - doubleClick: Object: 'Object Repository/HealthpostToStore/Page_HealthPost Store/button_Add' is double clicked on

2018-05-22 11:24:03 - [MESSAGE][PASSED] - Object: 'Object Repository/HealthpostToStore/Page_HealthPost Store/button_Add' is double clicked on

2018-05-22 11:24:03 - [TEST_STEP][PASSED] - selectOptionByIndex: All options with index in [1] are selected on object 'Object Repository/HealthpostToStore/Page_HealthPost Store/select_--Select--Schedule 1Inj'

2018-05-22 11:24:04 - [MESSAGE][PASSED] - All options with index in [1] are selected on object 'Object Repository/HealthpostToStore/Page_HealthPost Store/select_--Select--Schedule 1Inj'

2018-05-22 11:24:04 - [TEST_STEP][PASSED] - delay: Delayed 1 second(s)

2018-05-22 11:24:05 - [MESSAGE][PASSED] - Delayed 1 second(s)

2018-05-22 11:24:05 - [TEST_STEP][PASSED] - selectOptionByIndex: All options with index in [46] are selected on object 'Object Repository/HealthpostToStore/Page_HealthPost Store/select_--Select--Adernaline 0.'

2018-05-22 11:24:05 - [MESSAGE][PASSED] - All options with index in [46] are selected on object 'Object Repository/HealthpostToStore/Page_HealthPost Store/select_--Select--Adernaline 0.'

2018-05-22 11:24:05 - [TEST_STEP][PASSED] - setText: Text '10' is set on object 'Object Repository/HealthpostToStore/Page_HealthPost Store/input_txttreat'

2018-05-22 11:24:05 - [MESSAGE][PASSED] - Text '10' is set on object 'Object Repository/HealthpostToStore/Page_HealthPost Store/input_txttreat'

2018-05-22 11:24:05 - [TEST_STEP][PASSED] - doubleClick: Object: 'Object Repository/HealthpostToStore/Page_HealthPost Store/button_Add' is double clicked on

2018-05-22 11:24:06 - [MESSAGE][PASSED] - Object: 'Object Repository/HealthpostToStore/Page_HealthPost Store/button_Add' is double clicked on

2018-05-22 11:24:06 - [TEST_STEP][PASSED] - selectOptionByIndex: All options with index in [1] are selected on object 'Object Repository/HealthpostToStore/Page_HealthPost Store/select_--Select--Schedule 1Inj'

2018-05-22 11:24:06 - [MESSAGE][PASSED] - All options with index in [1] are selected on object 'Object Repository/HealthpostToStore/Page_HealthPost Store/select_--Select--Schedule 1Inj'

2018-05-22 11:24:06 - [TEST_STEP][PASSED] - delay: Delayed 1 second(s)

2018-05-22 11:24:07 - [MESSAGE][PASSED] - Delayed 1 second(s)

2018-05-22 11:24:07 - [TEST_STEP][PASSED] - selectOptionByIndex: All options with index in [47] are selected on object 'Object Repository/HealthpostToStore/Page_HealthPost Store/select_--Select--Adernaline 0.'

2018-05-22 11:24:07 - [MESSAGE][PASSED] - All options with index in [47] are selected on object 'Object Repository/HealthpostToStore/Page_HealthPost Store/select_--Select--Adernaline 0.'

2018-05-22 11:24:07 - [TEST_STEP][PASSED] - setText: Text '10' is set on object 'Object Repository/HealthpostToStore/Page_HealthPost Store/input_txttreat'

2018-05-22 11:24:07 - [MESSAGE][PASSED] - Text '10' is set on object 'Object Repository/HealthpostToStore/Page_HealthPost Store/input_txttreat'

2018-05-22 11:24:07 - [TEST_STEP][PASSED] - doubleClick: Object: 'Object Repository/HealthpostToStore/Page_HealthPost Store/button_Add' is double clicked on

2018-05-22 11:24:07 - [MESSAGE][PASSED] - Object: 'Object Repository/HealthpostToStore/Page_HealthPost Store/button_Add' is double clicked on

2018-05-22 11:24:07 - [TEST_STEP][PASSED] - selectOptionByIndex: All options with index in [1] are selected on object 'Object Repository/HealthpostToStore/Page_HealthPost Store/select_--Select--Schedule 1Inj'

2018-05-22 11:24:08 - [MESSAGE][PASSED] - All options with index in [1] are selected on object 'Object Repository/HealthpostToStore/Page_HealthPost Store/select_--Select--Schedule 1Inj'

2018-05-22 11:24:08 - [TEST_STEP][PASSED] - delay: Delayed 1 second(s)

2018-05-22 11:24:09 - [MESSAGE][PASSED] - Delayed 1 second(s)

2018-05-22 11:24:09 - [TEST_STEP][PASSED] - selectOptionByIndex: All options with index in [48] are selected on object 'Object Repository/HealthpostToStore/Page_HealthPost Store/select_--Select--Adernaline 0.'

2018-05-22 11:24:09 - [MESSAGE][PASSED] - All options with index in [48] are selected on object 'Object Repository/HealthpostToStore/Page_HealthPost Store/select_--Select--Adernaline 0.'

2018-05-22 11:24:09 - [TEST_STEP][PASSED] - setText: Text '10' is set on object 'Object Repository/HealthpostToStore/Page_HealthPost Store/input_txttreat'

2018-05-22 11:24:09 - [MESSAGE][PASSED] - Text '10' is set on object 'Object Repository/HealthpostToStore/Page_HealthPost Store/input_txttreat'

2018-05-22 11:24:09 - [TEST_STEP][PASSED] - doubleClick: Object: 'Object Repository/HealthpostToStore/Page_HealthPost Store/button_Add' is double clicked on

2018-05-22 11:24:10 - [MESSAGE][PASSED] - Object: 'Object Repository/HealthpostToStore/Page_HealthPost Store/button_Add' is double clicked on

2018-05-22 11:24:10 - [TEST_STEP][PASSED] - selectOptionByIndex: All options with index in [1] are selected on object 'Object Repository/HealthpostToStore/Page_HealthPost Store/select_--Select--Schedule 1Inj'

2018-05-22 11:24:10 - [MESSAGE][PASSED] - All options with index in [1] are selected on object 'Object Repository/HealthpostToStore/Page_HealthPost Store/select_--Select--Schedule 1Inj'

2018-05-22 11:24:10 - [TEST_STEP][PASSED] - delay: Delayed 1 second(s)

2018-05-22 11:24:11 - [MESSAGE][PASSED] - Delayed 1 second(s)

2018-05-22 11:24:11 - [TEST_STEP][PASSED] - selectOptionByIndex: All options with index in [49] are selected on object 'Object Repository/HealthpostToStore/Page_HealthPost Store/select_--Select--Adernaline 0.'

2018-05-22 11:24:12 - [MESSAGE][PASSED] - All options with index in [49] are selected on object 'Object Repository/HealthpostToStore/Page_HealthPost Store/select_--Select--Adernaline 0.'

2018-05-22 11:24:12 - [TEST_STEP][PASSED] - setText: Text '10' is set on object 'Object Repository/HealthpostToStore/Page_HealthPost Store/input_txttreat'

2018-05-22 11:24:12 - [MESSAGE][PASSED] - Text '10' is set on object 'Object Repository/HealthpostToStore/Page_HealthPost Store/input_txttreat'

2018-05-22 11:24:12 - [TEST_STEP][PASSED] - doubleClick: Object: 'Object Repository/HealthpostToStore/Page_HealthPost Store/button_Add' is double clicked on

2018-05-22 11:24:12 - [MESSAGE][PASSED] - Object: 'Object Repository/HealthpostToStore/Page_HealthPost Store/button_Add' is double clicked on

2018-05-22 11:24:12 - [TEST_STEP][PASSED] - selectOptionByIndex: All options with index in [1] are selected on object 'Object Repository/HealthpostToStore/Page_HealthPost Store/select_--Select--Schedule 1Inj'

2018-05-22 11:24:12 - [MESSAGE][PASSED] - All options with index in [1] are selected on object 'Object Repository/HealthpostToStore/Page_HealthPost Store/select_--Select--Schedule 1Inj'

2018-05-22 11:24:12 - [TEST_STEP][PASSED] - delay: Delayed 1 second(s)

2018-05-22 11:24:13 - [MESSAGE][PASSED] - Delayed 1 second(s)

2018-05-22 11:24:13 - [TEST_STEP][PASSED] - selectOptionByIndex: All options with index in [50] are selected on object 'Object Repository/HealthpostToStore/Page_HealthPost Store/select_--Select--Adernaline 0.'

2018-05-22 11:24:13 - [MESSAGE][PASSED] - All options with index in [50] are selected on object 'Object Repository/HealthpostToStore/Page_HealthPost Store/select_--Select--Adernaline 0.'

2018-05-22 11:24:13 - [TEST_STEP][PASSED] - setText: Text '10' is set on object 'Object Repository/HealthpostToStore/Page_HealthPost Store/input_txttreat'

2018-05-22 11:24:14 - [MESSAGE][PASSED] - Text '10' is set on object 'Object Repository/HealthpostToStore/Page_HealthPost Store/input_txttreat'

2018-05-22 11:24:14 - [TEST_STEP][PASSED] - doubleClick: Object: 'Object Repository/HealthpostToStore/Page_HealthPost Store/button_Add' is double clicked on

2018-05-22 11:24:14 - [MESSAGE][PASSED] - Object: 'Object Repository/HealthpostToStore/Page_HealthPost Store/button_Add' is double clicked on

2018-05-22 11:24:14 - [TEST_STEP][PASSED] - selectOptionByIndex: All options with index in [1] are selected on object 'Object Repository/HealthpostToStore/Page_HealthPost Store/select_--Select--Schedule 1Inj'

2018-05-22 11:24:14 - [MESSAGE][PASSED] - All options with index in [1] are selected on object 'Object Repository/HealthpostToStore/Page_HealthPost Store/select_--Select--Schedule 1Inj'

2018-05-22 11:24:14 - [TEST_STEP][PASSED] - delay: Delayed 1 second(s)

2018-05-22 11:24:15 - [MESSAGE][PASSED] - Delayed 1 second(s)

2018-05-22 11:24:15 - [TEST_STEP][PASSED] - selectOptionByIndex: All options with index in [51] are selected on object 'Object Repository/HealthpostToStore/Page_HealthPost Store/select_--Select--Adernaline 0.'

2018-05-22 11:24:15 - [MESSAGE][PASSED] - All options with index in [51] are selected on object 'Object Repository/HealthpostToStore/Page_HealthPost Store/select_--Select--Adernaline 0.'

2018-05-22 11:24:15 - [TEST_STEP][PASSED] - setText: Text '10' is set on object 'Object Repository/HealthpostToStore/Page_HealthPost Store/input_txttreat'

2018-05-22 11:24:16 - [MESSAGE][PASSED] - Text '10' is set on object 'Object Repository/HealthpostToStore/Page_HealthPost Store/input_txttreat'

2018-05-22 11:24:16 - [TEST_STEP][PASSED] - doubleClick: Object: 'Object Repository/HealthpostToStore/Page_HealthPost Store/button_Add' is double clicked on

2018-05-22 11:24:16 - [MESSAGE][PASSED] - Object: 'Object Repository/HealthpostToStore/Page_HealthPost Store/button_Add' is double clicked on

2018-05-22 11:24:16 - [TEST_STEP][PASSED] - selectOptionByIndex: All options with index in [1] are selected on object 'Object Repository/HealthpostToStore/Page_HealthPost Store/select_--Select--Schedule 1Inj'

2018-05-22 11:24:16 - [MESSAGE][PASSED] - All options with index in [1] are selected on object 'Object Repository/HealthpostToStore/Page_HealthPost Store/select_--Select--Schedule 1Inj'

2018-05-22 11:24:16 - [TEST_STEP][PASSED] - delay: Delayed 1 second(s)

2018-05-22 11:24:17 - [MESSAGE][PASSED] - Delayed 1 second(s)

2018-05-22 11:24:17 - [TEST_STEP][PASSED] - selectOptionByIndex: All options with index in [52] are selected on object 'Object Repository/HealthpostToStore/Page_HealthPost Store/select_--Select--Adernaline 0.'

2018-05-22 11:24:17 - [MESSAGE][PASSED] - All options with index in [52] are selected on object 'Object Repository/HealthpostToStore/Page_HealthPost Store/select_--Select--Adernaline 0.'

2018-05-22 11:24:17 - [TEST_STEP][PASSED] - setText: Text '10' is set on object 'Object Repository/HealthpostToStore/Page_HealthPost Store/input_txttreat'

2018-05-22 11:24:17 - [MESSAGE][PASSED] - Text '10' is set on object 'Object Repository/HealthpostToStore/Page_HealthPost Store/input_txttreat'

2018-05-22 11:24:17 - [TEST_STEP][PASSED] - doubleClick: Object: 'Object Repository/HealthpostToStore/Page_HealthPost Store/button_Add' is double clicked on

2018-05-22 11:24:18 - [MESSAGE][PASSED] - Object: 'Object Repository/HealthpostToStore/Page_HealthPost Store/button_Add' is double clicked on

2018-05-22 11:24:18 - [TEST_STEP][PASSED] - selectOptionByIndex: All options with index in [1] are selected on object 'Object Repository/HealthpostToStore/Page_HealthPost Store/select_--Select--Schedule 1Inj'

2018-05-22 11:24:18 - [MESSAGE][PASSED] - All options with index in [1] are selected on object 'Object Repository/HealthpostToStore/Page_HealthPost Store/select_--Select--Schedule 1Inj'

2018-05-22 11:24:18 - [TEST_STEP][PASSED] - delay: Delayed 1 second(s)

2018-05-22 11:24:19 - [MESSAGE][PASSED] - Delayed 1 second(s)

2018-05-22 11:24:19 - [TEST_STEP][PASSED] - selectOptionByIndex: All options with index in [53] are selected on object 'Object Repository/HealthpostToStore/Page_HealthPost Store/select_--Select--Adernaline 0.'

2018-05-22 11:24:19 - [MESSAGE][PASSED] - All options with index in [53] are selected on object 'Object Repository/HealthpostToStore/Page_HealthPost Store/select_--Select--Adernaline 0.'

2018-05-22 11:24:19 - [TEST_STEP][PASSED] - setText: Text '10' is set on object 'Object Repository/HealthpostToStore/Page_HealthPost Store/input_txttreat'

2018-05-22 11:24:19 - [MESSAGE][PASSED] - Text '10' is set on object 'Object Repository/HealthpostToStore/Page_HealthPost Store/input_txttreat'

2018-05-22 11:24:19 - [TEST_STEP][PASSED] - doubleClick: Object: 'Object Repository/HealthpostToStore/Page_HealthPost Store/button_Add' is double clicked on

2018-05-22 11:24:20 - [MESSAGE][PASSED] - Object: 'Object Repository/HealthpostToStore/Page_HealthPost Store/button_Add' is double clicked on

2018-05-22 11:24:20 - [TEST_STEP][PASSED] - selectOptionByIndex: All options with index in [1] are selected on object 'Object Repository/HealthpostToStore/Page_HealthPost Store/select_--Select--Schedule 1Inj'

2018-05-22 11:24:20 - [MESSAGE][PASSED] - All options with index in [1] are selected on object 'Object Repository/HealthpostToStore/Page_HealthPost Store/select_--Select--Schedule 1Inj'

2018-05-22 11:24:20 - [TEST_STEP][PASSED] - delay: Delayed 1 second(s)

2018-05-22 11:24:21 - [MESSAGE][PASSED] - Delayed 1 second(s)

2018-05-22 11:24:21 - [TEST_STEP][PASSED] - selectOptionByIndex: All options with index in [54] are selected on object 'Object Repository/HealthpostToStore/Page_HealthPost Store/select_--Select--Adernaline 0.'

2018-05-22 11:24:21 - [MESSAGE][PASSED] - All options with index in [54] are selected on object 'Object Repository/HealthpostToStore/Page_HealthPost Store/select_--Select--Adernaline 0.'

2018-05-22 11:24:21 - [TEST_STEP][PASSED] - setText: Text '10' is set on object 'Object Repository/HealthpostToStore/Page_HealthPost Store/input_txttreat'

2018-05-22 11:24:21 - [MESSAGE][PASSED] - Text '10' is set on object 'Object Repository/HealthpostToStore/Page_HealthPost Store/input_txttreat'

2018-05-22 11:24:21 - [TEST_STEP][PASSED] - doubleClick: Object: 'Object Repository/HealthpostToStore/Page_HealthPost Store/button_Add' is double clicked on

2018-05-22 11:24:21 - [MESSAGE][PASSED] - Object: 'Object Repository/HealthpostToStore/Page_HealthPost Store/button_Add' is double clicked on

2018-05-22 11:24:21 - [TEST_STEP][PASSED] - selectOptionByIndex: All options with index in [1] are selected on object 'Object Repository/HealthpostToStore/Page_HealthPost Store/select_--Select--Schedule 1Inj'

2018-05-22 11:24:22 - [MESSAGE][PASSED] - All options with index in [1] are selected on object 'Object Repository/HealthpostToStore/Page_HealthPost Store/select_--Select--Schedule 1Inj'

2018-05-22 11:24:22 - [TEST_STEP][PASSED] - delay: Delayed 1 second(s)

2018-05-22 11:24:23 - [MESSAGE][PASSED] - Delayed 1 second(s)

2018-05-22 11:24:23 - [TEST_STEP][PASSED] - selectOptionByIndex: All options with index in [55] are selected on object 'Object Repository/HealthpostToStore/Page_HealthPost Store/select_--Select--Adernaline 0.'

2018-05-22 11:24:23 - [MESSAGE][PASSED] - All options with index in [55] are selected on object 'Object Repository/HealthpostToStore/Page_HealthPost Store/select_--Select--Adernaline 0.'

2018-05-22 11:24:23 - [TEST_STEP][PASSED] - setText: Text '10' is set on object 'Object Repository/HealthpostToStore/Page_HealthPost Store/input_txttreat'

2018-05-22 11:24:24 - [MESSAGE][PASSED] - Text '10' is set on object 'Object Repository/HealthpostToStore/Page_HealthPost Store/input_txttreat'

2018-05-22 11:24:24 - [TEST_STEP][PASSED] - doubleClick: Object: 'Object Repository/HealthpostToStore/Page_HealthPost Store/button_Add' is double clicked on

2018-05-22 11:24:24 - [MESSAGE][PASSED] - Object: 'Object Repository/HealthpostToStore/Page_HealthPost Store/button_Add' is double clicked on

2018-05-22 11:24:24 - [TEST_STEP][PASSED] - selectOptionByIndex: All options with index in [1] are selected on object 'Object Repository/HealthpostToStore/Page_HealthPost Store/select_--Select--Schedule 1Inj'

2018-05-22 11:24:24 - [MESSAGE][PASSED] - All options with index in [1] are selected on object 'Object Repository/HealthpostToStore/Page_HealthPost Store/select_--Select--Schedule 1Inj'

2018-05-22 11:24:24 - [TEST_STEP][PASSED] - delay: Delayed 1 second(s)

2018-05-22 11:24:25 - [MESSAGE][PASSED] - Delayed 1 second(s)

2018-05-22 11:24:25 - [TEST_STEP][PASSED] - selectOptionByIndex: All options with index in [56] are selected on object 'Object Repository/HealthpostToStore/Page_HealthPost Store/select_--Select--Adernaline 0.'

2018-05-22 11:24:26 - [MESSAGE][PASSED] - All options with index in [56] are selected on object 'Object Repository/HealthpostToStore/Page_HealthPost Store/select_--Select--Adernaline 0.'

2018-05-22 11:24:26 - [TEST_STEP][PASSED] - setText: Text '10' is set on object 'Object Repository/HealthpostToStore/Page_HealthPost Store/input_txttreat'

2018-05-22 11:24:26 - [MESSAGE][PASSED] - Text '10' is set on object 'Object Repository/HealthpostToStore/Page_HealthPost Store/input_txttreat'

2018-05-22 11:24:26 - [TEST_STEP][PASSED] - doubleClick: Object: 'Object Repository/HealthpostToStore/Page_HealthPost Store/button_Add' is double clicked on

2018-05-22 11:24:26 - [MESSAGE][PASSED] - Object: 'Object Repository/HealthpostToStore/Page_HealthPost Store/button_Add' is double clicked on

2018-05-22 11:24:26 - [TEST_STEP][PASSED] - selectOptionByIndex: All options with index in [1] are selected on object 'Object Repository/HealthpostToStore/Page_HealthPost Store/select_--Select--Schedule 1Inj'

2018-05-22 11:24:26 - [MESSAGE][PASSED] - All options with index in [1] are selected on object 'Object Repository/HealthpostToStore/Page_HealthPost Store/select_--Select--Schedule 1Inj'

2018-05-22 11:24:26 - [TEST_STEP][PASSED] - delay: Delayed 1 second(s)

2018-05-22 11:24:27 - [MESSAGE][PASSED] - Delayed 1 second(s)

2018-05-22 11:24:27 - [TEST_STEP][PASSED] - selectOptionByIndex: All options with index in [57] are selected on object 'Object Repository/HealthpostToStore/Page_HealthPost Store/select_--Select--Adernaline 0.'

2018-05-22 11:24:28 - [MESSAGE][PASSED] - All options with index in [57] are selected on object 'Object Repository/HealthpostToStore/Page_HealthPost Store/select_--Select--Adernaline 0.'

2018-05-22 11:24:28 - [TEST_STEP][PASSED] - setText: Text '10' is set on object 'Object Repository/HealthpostToStore/Page_HealthPost Store/input_txttreat'

2018-05-22 11:24:28 - [MESSAGE][PASSED] - Text '10' is set on object 'Object Repository/HealthpostToStore/Page_HealthPost Store/input_txttreat'

2018-05-22 11:24:28 - [TEST_STEP][PASSED] - doubleClick: Object: 'Object Repository/HealthpostToStore/Page_HealthPost Store/button_Add' is double clicked on

2018-05-22 11:24:28 - [MESSAGE][PASSED] - Object: 'Object Repository/HealthpostToStore/Page_HealthPost Store/button_Add' is double clicked on

2018-05-22 11:24:28 - [TEST_STEP][PASSED] - selectOptionByIndex: All options with index in [1] are selected on object 'Object Repository/HealthpostToStore/Page_HealthPost Store/select_--Select--Schedule 1Inj'

2018-05-22 11:24:28 - [MESSAGE][PASSED] - All options with index in [1] are selected on object 'Object Repository/HealthpostToStore/Page_HealthPost Store/select_--Select--Schedule 1Inj'

2018-05-22 11:24:28 - [TEST_STEP][PASSED] - delay: Delayed 1 second(s)

2018-05-22 11:24:29 - [MESSAGE][PASSED] - Delayed 1 second(s)

2018-05-22 11:24:29 - [TEST_STEP][PASSED] - selectOptionByIndex: All options with index in [58] are selected on object 'Object Repository/HealthpostToStore/Page_HealthPost Store/select_--Select--Adernaline 0.'

2018-05-22 11:24:30 - [MESSAGE][PASSED] - All options with index in [58] are selected on object 'Object Repository/HealthpostToStore/Page_HealthPost Store/select_--Select--Adernaline 0.'

2018-05-22 11:24:30 - [TEST_STEP][PASSED] - setText: Text '10' is set on object 'Object Repository/HealthpostToStore/Page_HealthPost Store/input_txttreat'

2018-05-22 11:24:30 - [MESSAGE][PASSED] - Text '10' is set on object 'Object Repository/HealthpostToStore/Page_HealthPost Store/input_txttreat'

2018-05-22 11:24:30 - [TEST_STEP][PASSED] - doubleClick: Object: 'Object Repository/HealthpostToStore/Page_HealthPost Store/button_Add' is double clicked on

2018-05-22 11:24:30 - [MESSAGE][PASSED] - Object: 'Object Repository/HealthpostToStore/Page_HealthPost Store/button_Add' is double clicked on

2018-05-22 11:24:30 - [TEST_STEP][PASSED] - selectOptionByIndex: All options with index in [1] are selected on object 'Object Repository/HealthpostToStore/Page_HealthPost Store/select_--Select--Schedule 1Inj'

2018-05-22 11:24:30 - [MESSAGE][PASSED] - All options with index in [1] are selected on object 'Object Repository/HealthpostToStore/Page_HealthPost Store/select_--Select--Schedule 1Inj'

2018-05-22 11:24:30 - [TEST_STEP][PASSED] - delay: Delayed 1 second(s)

2018-05-22 11:24:31 - [MESSAGE][PASSED] - Delayed 1 second(s)

2018-05-22 11:24:31 - [TEST_STEP][PASSED] - selectOptionByIndex: All options with index in [59] are selected on object 'Object Repository/HealthpostToStore/Page_HealthPost Store/select_--Select--Adernaline 0.'

2018-05-22 11:24:32 - [MESSAGE][PASSED] - All options with index in [59] are selected on object 'Object Repository/HealthpostToStore/Page_HealthPost Store/select_--Select--Adernaline 0.'

2018-05-22 11:24:32 - [TEST_STEP][PASSED] - setText: Text '10' is set on object 'Object Repository/HealthpostToStore/Page_HealthPost Store/input_txttreat'

2018-05-22 11:24:32 - [MESSAGE][PASSED] - Text '10' is set on object 'Object Repository/HealthpostToStore/Page_HealthPost Store/input_txttreat'

2018-05-22 11:24:32 - [TEST_STEP][PASSED] - doubleClick: Object: 'Object Repository/HealthpostToStore/Page_HealthPost Store/button_Add' is double clicked on

2018-05-22 11:24:32 - [MESSAGE][PASSED] - Object: 'Object Repository/HealthpostToStore/Page_HealthPost Store/button_Add' is double clicked on

2018-05-22 11:24:32 - [TEST_STEP][PASSED] - selectOptionByIndex: All options with index in [1] are selected on object 'Object Repository/HealthpostToStore/Page_HealthPost Store/select_--Select--Schedule 1Inj'

2018-05-22 11:24:32 - [MESSAGE][PASSED] - All options with index in [1] are selected on object 'Object Repository/HealthpostToStore/Page_HealthPost Store/select_--Select--Schedule 1Inj'

2018-05-22 11:24:32 - [TEST_STEP][PASSED] - delay: Delayed 1 second(s)

2018-05-22 11:24:33 - [MESSAGE][PASSED] - Delayed 1 second(s)

2018-05-22 11:24:33 - [TEST_STEP][PASSED] - selectOptionByIndex: All options with index in [60] are selected on object 'Object Repository/HealthpostToStore/Page_HealthPost Store/select_--Select--Adernaline 0.'

2018-05-22 11:24:34 - [MESSAGE][PASSED] - All options with index in [60] are selected on object 'Object Repository/HealthpostToStore/Page_HealthPost Store/select_--Select--Adernaline 0.'

2018-05-22 11:24:34 - [TEST_STEP][PASSED] - setText: Text '10' is set on object 'Object Repository/HealthpostToStore/Page_HealthPost Store/input_txttreat'

2018-05-22 11:24:34 - [MESSAGE][PASSED] - Text '10' is set on object 'Object Repository/HealthpostToStore/Page_HealthPost Store/input_txttreat'

2018-05-22 11:24:34 - [TEST_STEP][PASSED] - doubleClick: Object: 'Object Repository/HealthpostToStore/Page_HealthPost Store/button_Add' is double clicked on

2018-05-22 11:24:34 - [MESSAGE][PASSED] - Object: 'Object Repository/HealthpostToStore/Page_HealthPost Store/button_Add' is double clicked on

2018-05-22 11:24:34 - [TEST_STEP][PASSED] - selectOptionByIndex: All options with index in [1] are selected on object 'Object Repository/HealthpostToStore/Page_HealthPost Store/select_--Select--Schedule 1Inj'

2018-05-22 11:24:34 - [MESSAGE][PASSED] - All options with index in [1] are selected on object 'Object Repository/HealthpostToStore/Page_HealthPost Store/select_--Select--Schedule 1Inj'

2018-05-22 11:24:34 - [TEST_STEP][PASSED] - delay: Delayed 1 second(s)

2018-05-22 11:24:35 - [MESSAGE][PASSED] - Delayed 1 second(s)

2018-05-22 11:24:35 - [TEST_STEP][PASSED] - selectOptionByIndex: All options with index in [61] are selected on object 'Object Repository/HealthpostToStore/Page_HealthPost Store/select_--Select--Adernaline 0.'

2018-05-22 11:24:36 - [MESSAGE][PASSED] - All options with index in [61] are selected on object 'Object Repository/HealthpostToStore/Page_HealthPost Store/select_--Select--Adernaline 0.'

2018-05-22 11:24:36 - [TEST_STEP][PASSED] - setText: Text '10' is set on object 'Object Repository/HealthpostToStore/Page_HealthPost Store/input_txttreat'

2018-05-22 11:24:36 - [MESSAGE][PASSED] - Text '10' is set on object 'Object Repository/HealthpostToStore/Page_HealthPost Store/input_txttreat'

2018-05-22 11:24:36 - [TEST_STEP][PASSED] - doubleClick: Object: 'Object Repository/HealthpostToStore/Page_HealthPost Store/button_Add' is double clicked on

2018-05-22 11:24:36 - [MESSAGE][PASSED] - Object: 'Object Repository/HealthpostToStore/Page_HealthPost Store/button_Add' is double clicked on

2018-05-22 11:24:36 - [TEST_STEP][PASSED] - selectOptionByIndex: All options with index in [1] are selected on object 'Object Repository/HealthpostToStore/Page_HealthPost Store/select_--Select--Schedule 1Inj'

2018-05-22 11:24:37 - [MESSAGE][PASSED] - All options with index in [1] are selected on object 'Object Repository/HealthpostToStore/Page_HealthPost Store/select_--Select--Schedule 1Inj'

2018-05-22 11:24:37 - [TEST_STEP][PASSED] - delay: Delayed 1 second(s)

2018-05-22 11:24:38 - [MESSAGE][PASSED] - Delayed 1 second(s)

2018-05-22 11:24:38 - [TEST_STEP][PASSED] - selectOptionByIndex: All options with index in [62] are selected on object 'Object Repository/HealthpostToStore/Page_HealthPost Store/select_--Select--Adernaline 0.'

2018-05-22 11:24:38 - [MESSAGE][PASSED] - All options with index in [62] are selected on object 'Object Repository/HealthpostToStore/Page_HealthPost Store/select_--Select--Adernaline 0.'

2018-05-22 11:24:38 - [TEST_STEP][PASSED] - setText: Text '10' is set on object 'Object Repository/HealthpostToStore/Page_HealthPost Store/input_txttreat'

2018-05-22 11:24:38 - [MESSAGE][PASSED] - Text '10' is set on object 'Object Repository/HealthpostToStore/Page_HealthPost Store/input_txttreat'

2018-05-22 11:24:38 - [TEST_STEP][PASSED] - doubleClick: Object: 'Object Repository/HealthpostToStore/Page_HealthPost Store/button_Add' is double clicked on

2018-05-22 11:24:38 - [MESSAGE][PASSED] - Object: 'Object Repository/HealthpostToStore/Page_HealthPost Store/button_Add' is double clicked on

2018-05-22 11:24:38 - [TEST_STEP][PASSED] - scrollToElement: Scroll to object 'Object Repository/HealthpostToStore/Page_HealthPost Store/input_btnsave' successfully

2018-05-22 11:24:39 - [MESSAGE][PASSED] - Scroll to object 'Object Repository/HealthpostToStore/Page_HealthPost Store/input_btnsave' successfully

2018-05-22 11:24:39 - [TEST_STEP][PASSED] - click: Object: 'Object Repository/HealthpostToStore/Page_HealthPost Store/input_btnsave' is clicked on

2018-05-22 11:24:39 - [MESSAGE][PASSED] - Object: 'Object Repository/HealthpostToStore/Page_HealthPost Store/input_btnsave' is clicked on

2018-05-22 11:24:39 - [TEST_STEP][PASSED] - delay: Delayed 3 second(s)

2018-05-22 11:24:42 - [MESSAGE][PASSED] - Delayed 3 second(s)

2018-05-22 11:24:42 - [TEST_STEP][PASSED] - Statement - RN1 = com.kms.katalon.core.webui.keyword.WebUiBuiltInKeywords.getText(com.kms.katalon.core.testobject.ObjectRepository.findTestObject(HealthpostToStore/Page_HealthPost Store/font_HPRNO180520187)): Text of object 'Object Repository/HealthpostToStore/Page_HealthPost Store/font_HPRNO180520187' is: 'HPRNO/22052018/56'

2018-05-22 11:24:42 - [MESSAGE][PASSED] - Text of object 'Object Repository/HealthpostToStore/Page_HealthPost Store/font_HPRNO180520187' is: 'HPRNO/22052018/56'

2018-05-22 11:24:42 - [TEST_STEP][PASSED] - Statement - out.println(RN1): null

2018-05-22 11:24:42 - [TEST_STEP][PASSED] - Statement - RID = RN1.split("/")[2]: null

2018-05-22 11:24:42 - [TEST_STEP][PASSED] - click: Object: 'Object Repository/HealthpostToStore/Page_HealthPost Store/button_OK' is clicked on

2018-05-22 11:24:42 - [MESSAGE][PASSED] - Object: 'Object Repository/HealthpostToStore/Page_HealthPost Store/button_OK' is clicked on

2018-05-22 11:24:42 - [TEST_STEP][PASSED] - delay: Delayed 3 second(s)

2018-05-22 11:24:45 - [MESSAGE][PASSED] - Delayed 3 second(s)

2018-05-22 11:24:45 - [TEST_STEP][PASSED] - click: Object: 'Object Repository/HealthpostToStore/Page_HealthPost Store/a_dropdown-toggle' is clicked on

2018-05-22 11:24:45 - [MESSAGE][PASSED] - Object: 'Object Repository/HealthpostToStore/Page_HealthPost Store/a_dropdown-toggle' is clicked on

2018-05-22 11:24:45 - [TEST_STEP][PASSED] - click: Object: 'Object Repository/HealthpostToStore/Page_HealthPost Store/a_Sign out' is clicked on

2018-05-22 11:24:46 - [MESSAGE][PASSED] - Object: 'Object Repository/HealthpostToStore/Page_HealthPost Store/a_Sign out' is clicked on

2018-05-22 11:24:46 - [TEST_STEP][PASSED] - delay: Delayed 3 second(s)

2018-05-22 11:24:49 - [MESSAGE][PASSED] - Delayed 3 second(s)

2018-05-22 11:24:49 - [TEST_STEP][PASSED] - navigateToUrl: Navigate to 'http://192.168.137.1/multihospital_new/' successfully

2018-05-22 11:24:49 - [MESSAGE][PASSED] - Navigate to 'http://192.168.137.1/multihospital_new/' successfully

2018-05-22 11:24:49 - [TEST_STEP][PASSED] - click: Object: 'Object Repository/HealthpostToStore/Page_KDMC/a_CMO' is clicked on

2018-05-22 11:24:50 - [MESSAGE][PASSED] - Object: 'Object Repository/HealthpostToStore/Page_KDMC/a_CMO' is clicked on

2018-05-22 11:24:50 - [TEST_STEP][PASSED] - setText: Text 'guru' is set on object 'Object Repository/HealthpostToStore/Page_CMO login/input_txtusername'

2018-05-22 11:24:50 - [MESSAGE][PASSED] - Text 'guru' is set on object 'Object Repository/HealthpostToStore/Page_CMO login/input_txtusername'

2018-05-22 11:24:50 - [TEST_STEP][PASSED] - setText: Text '123' is set on object 'Object Repository/HealthpostToStore/Page_CMO login/input_txtpassword'

2018-05-22 11:24:50 - [MESSAGE][PASSED] - Text '123' is set on object 'Object Repository/HealthpostToStore/Page_CMO login/input_txtpassword'

2018-05-22 11:24:50 - [TEST_STEP][PASSED] - delay: Delayed 3 second(s)

2018-05-22 11:24:53 - [MESSAGE][PASSED] - Delayed 3 second(s)

2018-05-22 11:24:53 - [TEST_STEP][PASSED] - click: Object: 'Object Repository/HealthpostToStore/Page_CMO login/button_Sign in' is clicked on

2018-05-22 11:24:54 - [MESSAGE][PASSED] - Object: 'Object Repository/HealthpostToStore/Page_CMO login/button_Sign in' is clicked on

2018-05-22 11:24:54 - [TEST_STEP][PASSED] - click: Object: 'Object Repository/HealthpostToStore/Page_KDMC - CMO/a_Department Wise Request' is clicked on

2018-05-22 11:24:56 - [MESSAGE][PASSED] - Object: 'Object Repository/HealthpostToStore/Page_KDMC - CMO/a_Department Wise Request' is clicked on

2018-05-22 11:24:56 - [TEST_STEP][PASSED] - delay: Delayed 2 second(s)

2018-05-22 11:24:58 - [MESSAGE][PASSED] - Delayed 2 second(s)

2018-05-22 11:24:58 - [TEST_STEP][PASSED] - selectOptionByIndex: All options with index in [5] are selected on object 'Object Repository/HealthpostToStore/Page_KDMC - CMO/select_--ALL--'

2018-05-22 11:24:58 - [MESSAGE][PASSED] - All options with index in [5] are selected on object 'Object Repository/HealthpostToStore/Page_KDMC - CMO/select_--ALL--'

2018-05-22 11:24:58 - [TEST_STEP][PASSED] - click: Object: 'Object Repository/HealthpostToStore/Page_KDMC - CMO/input_btnsearch' is clicked on

2018-05-22 11:24:58 - [MESSAGE][PASSED] - Object: 'Object Repository/HealthpostToStore/Page_KDMC - CMO/input_btnsearch' is clicked on

2018-05-22 11:24:58 - [TEST_STEP][PASSED] - selectOptionByIndex: All options with index in [1] are selected on object 'Object Repository/HealthpostToStore/Page_KDMC - CMO/select_--ALL--                _1'

2018-05-22 11:24:59 - [MESSAGE][PASSED] - All options with index in [1] are selected on object 'Object Repository/HealthpostToStore/Page_KDMC - CMO/select_--ALL--                _1'

2018-05-22 11:24:59 - [TEST_STEP][PASSED] - click: Object: 'Object Repository/HealthpostToStore/Page_KDMC - CMO/input_btnsearch' is clicked on

2018-05-22 11:24:59 - [MESSAGE][PASSED] - Object: 'Object Repository/HealthpostToStore/Page_KDMC - CMO/input_btnsearch' is clicked on

2018-05-22 11:24:59 - [TEST_STEP][PASSED] - Statement - ID = com.kms.katalon.core.webui.keyword.WebUiBuiltInKeywords.modifyObjectProperty(com.kms.katalon.core.testobject.ObjectRepository.findTestObject(lab/Page_KDMC - CMO/input_1), "xpath", "equals", "//*[@id=" + RID + "]", true): Modify property of object successfully

2018-05-22 11:24:59 - [MESSAGE][PASSED] - Modify property of object successfully

2018-05-22 11:24:59 - [TEST_STEP][PASSED] - click: Object: 'Object Repository/lab/Page_KDMC - CMO/input_1' is clicked on

2018-05-22 11:24:59 - [MESSAGE][PASSED] - Object: 'Object Repository/lab/Page_KDMC - CMO/input_1' is clicked on

2018-05-22 11:24:59 - [TEST_STEP][PASSED] - delay: Delayed 2 second(s)

2018-05-22 11:25:01 - [MESSAGE][PASSED] - Delayed 2 second(s)

2018-05-22 11:25:01 - [TEST_STEP][PASSED] - selectOptionByIndex: All options with index in [1] are selected on object 'Object Repository/HealthpostToStore/Page_KDMC - CMO/select_--Select--'

2018-05-22 11:25:02 - [MESSAGE][PASSED] - All options with index in [1] are selected on object 'Object Repository/HealthpostToStore/Page_KDMC - CMO/select_--Select--'

2018-05-22 11:25:02 - [TEST_STEP][PASSED] - click: Object: 'Object Repository/HealthpostToStore/Page_KDMC - CMO/input_btnupdate' is clicked on

2018-05-22 11:25:02 - [MESSAGE][PASSED] - Object: 'Object Repository/HealthpostToStore/Page_KDMC - CMO/input_btnupdate' is clicked on

2018-05-22 11:25:02 - [TEST_STEP][PASSED] - delay: Delayed 2 second(s)

2018-05-22 11:25:04 - [MESSAGE][PASSED] - Delayed 2 second(s)

2018-05-22 11:25:04 - [TEST_STEP][PASSED] - click: Object: 'Object Repository/HealthpostToStore/Page_KDMC - CMO/button_OK' is clicked on

2018-05-22 11:25:04 - [MESSAGE][PASSED] - Object: 'Object Repository/HealthpostToStore/Page_KDMC - CMO/button_OK' is clicked on

2018-05-22 11:25:04 - [TEST_STEP][PASSED] - delay: Delayed 2 second(s)

2018-05-22 11:25:06 - [MESSAGE][PASSED] - Delayed 2 second(s)

2018-05-22 11:25:06 - [TEST_STEP][PASSED] - click: Object: 'Object Repository/HealthpostToStore/Page_KDMC - CMO/a_dropdown-toggle' is clicked on

2018-05-22 11:25:06 - [MESSAGE][PASSED] - Object: 'Object Repository/HealthpostToStore/Page_KDMC - CMO/a_dropdown-toggle' is clicked on

2018-05-22 11:25:06 - [TEST_STEP][PASSED] - click: Object: 'Object Repository/HealthpostToStore/Page_KDMC - CMO/a_Sign out' is clicked on

2018-05-22 11:25:07 - [MESSAGE][PASSED] - Object: 'Object Repository/HealthpostToStore/Page_KDMC - CMO/a_Sign out' is clicked on

2018-05-22 11:25:07 - [TEST_STEP][PASSED] - delay: Delayed 3 second(s)

2018-05-22 11:25:10 - [MESSAGE][PASSED] - Delayed 3 second(s)

2018-05-22 11:25:10 - [TEST_STEP][PASSED] - click: Object: 'Object Repository/HealthpostToStore/Page_KDMC/a_Divisional Store' is clicked on

2018-05-22 11:25:10 - [MESSAGE][PASSED] - Object: 'Object Repository/HealthpostToStore/Page_KDMC/a_Divisional Store' is clicked on

2018-05-22 11:25:10 - [TEST_STEP][PASSED] - setText: Text 'ragu' is set on object 'Object Repository/HealthpostToStore/Page_Divisonal Store Login/input_txtusername'

2018-05-22 11:25:11 - [MESSAGE][PASSED] - Text 'ragu' is set on object 'Object Repository/HealthpostToStore/Page_Divisonal Store Login/input_txtusername'

2018-05-22 11:25:11 - [TEST_STEP][PASSED] - setText: Text '123' is set on object 'Object Repository/HealthpostToStore/Page_Divisonal Store Login/input_txtpassword'

2018-05-22 11:25:11 - [MESSAGE][PASSED] - Text '123' is set on object 'Object Repository/HealthpostToStore/Page_Divisonal Store Login/input_txtpassword'

2018-05-22 11:25:11 - [TEST_STEP][PASSED] - delay: Delayed 3 second(s)

2018-05-22 11:25:14 - [MESSAGE][PASSED] - Delayed 3 second(s)

2018-05-22 11:25:14 - [TEST_STEP][PASSED] - click: Object: 'Object Repository/HealthpostToStore/Page_Divisonal Store Login/button_Sign in' is clicked on

2018-05-22 11:25:15 - [MESSAGE][PASSED] - Object: 'Object Repository/HealthpostToStore/Page_Divisonal Store Login/button_Sign in' is clicked on

2018-05-22 11:25:15 - [TEST_STEP][PASSED] - delay: Delayed 3 second(s)

2018-05-22 11:25:18 - [MESSAGE][PASSED] - Delayed 3 second(s)

2018-05-22 11:25:18 - [TEST_STEP][PASSED] - click: Object: 'Object Repository/HealthpostToStore/Page_Store/a_Health Post Request' is clicked on

2018-05-22 11:25:19 - [MESSAGE][PASSED] - Object: 'Object Repository/HealthpostToStore/Page_Store/a_Health Post Request' is clicked on

2018-05-22 11:25:19 - [TEST_STEP][PASSED] - click: Object: 'Object Repository/HealthpostToStore/Page_Store/a_Request Item HealthPost' is clicked on

2018-05-22 11:25:19 - [MESSAGE][PASSED] - Object: 'Object Repository/HealthpostToStore/Page_Store/a_Request Item HealthPost' is clicked on

2018-05-22 11:25:19 - [TEST_STEP][PASSED] - Statement - ChooseRequest = com.kms.katalon.core.webui.keyword.WebUiBuiltInKeywords.modifyObjectProperty(com.kms.katalon.core.testobject.ObjectRepository.findTestObject(lab/Page_Store/input_1), "xpath", "equals", "//*[@id=" + RID + "]", true): Modify property of object successfully

2018-05-22 11:25:19 - [MESSAGE][PASSED] - Modify property of object successfully

2018-05-22 11:25:19 - [TEST_STEP][PASSED] - click: Object: 'Object Repository/lab/Page_Store/input_1' is clicked on

2018-05-22 11:25:21 - [MESSAGE][PASSED] - Object: 'Object Repository/lab/Page_Store/input_1' is clicked on

2018-05-22 11:25:21 - [TEST_STEP][PASSED] - Statement - selectedoptions = com.kms.katalon.core.webui.keyword.WebUiBuiltInKeywords.getNumberOfTotalOption(com.kms.katalon.core.testobject.ObjectRepository.findTestObject(HealthpostToStore/Page_Store/select_--Select--Adernaline 0.)): 63 options of object 'Object Repository/HealthpostToStore/Page_Store/select_--Select--Adernaline 0.' counted

2018-05-22 11:25:21 - [MESSAGE][PASSED] - 63 options of object 'Object Repository/HealthpostToStore/Page_Store/select_--Select--Adernaline 0.' counted

2018-05-22 11:25:21 - [TEST_STEP][PASSED] - Statement - For ([a = 1, a <= selectedoptions - 1, (a++)]): null

2018-05-22 11:25:21 - [TEST_STEP][PASSED] - selectOptionByIndex: All options with index in [1] are selected on object 'Object Repository/HealthpostToStore/Page_Store/select_--Select--Adernaline 0.'

2018-05-22 11:25:21 - [MESSAGE][PASSED] - All options with index in [1] are selected on object 'Object Repository/HealthpostToStore/Page_Store/select_--Select--Adernaline 0.'

2018-05-22 11:25:21 - [TEST_STEP][PASSED] - delay: Delayed 2 second(s)

2018-05-22 11:25:23 - [MESSAGE][PASSED] - Delayed 2 second(s)

2018-05-22 11:25:23 - [TEST_STEP][PASSED] - Statement - RequestedQty = com.kms.katalon.core.webui.keyword.WebUiBuiltInKeywords.getAttribute(com.kms.katalon.core.testobject.ObjectRepository.findTestObject(HealthpostToStore/Page_Store/input_txttotal), "value"): Attribute 'value' of object 'Object Repository/HealthpostToStore/Page_Store/input_txttotal' is: '10'

2018-05-22 11:25:23 - [MESSAGE][PASSED] - Attribute 'value' of object 'Object Repository/HealthpostToStore/Page_Store/input_txttotal' is: '10'

2018-05-22 11:25:23 - [TEST_STEP][PASSED] - Statement - out.println("Requested QTY : " + RequestedQty): null

2018-05-22 11:25:23 - [TEST_STEP][PASSED] - Statement - BatchNumber = com.kms.katalon.core.webui.keyword.WebUiBuiltInKeywords.getNumberOfTotalOption(com.kms.katalon.core.testobject.ObjectRepository.findTestObject(HealthpostToStore/Page_Store/select_--Select--BA1170BA2376B)): 4 options of object 'Object Repository/HealthpostToStore/Page_Store/select_--Select--BA1170BA2376B' counted

2018-05-22 11:25:23 - [MESSAGE][PASSED] - 4 options of object 'Object Repository/HealthpostToStore/Page_Store/select_--Select--BA1170BA2376B' counted

2018-05-22 11:25:23 - [TEST_STEP][PASSED] - Statement - For ([g = 1, g <= BatchNumber - 1, (g++)]): null

2018-05-22 11:25:23 - [TEST_STEP][PASSED] - selectOptionByIndex: All options with index in [1] are selected on object 'Object Repository/HealthpostToStore/Page_Store/select_--Select--BA1170BA2376B'

2018-05-22 11:25:23 - [MESSAGE][PASSED] - All options with index in [1] are selected on object 'Object Repository/HealthpostToStore/Page_Store/select_--Select--BA1170BA2376B'

2018-05-22 11:25:23 - [TEST_STEP][PASSED] - Statement - Try: null

2018-05-22 11:25:23 - [TEST_STEP][PASSED] - Statement - StockQty = com.kms.katalon.core.webui.keyword.WebUiBuiltInKeywords.getAttribute(com.kms.katalon.core.testobject.ObjectRepository.findTestObject(HealthpostToStore/Page_Store/input_txtprice), "value"): Attribute 'value' of object 'Object Repository/HealthpostToStore/Page_Store/input_txtprice' is: '970'

2018-05-22 11:25:23 - [MESSAGE][PASSED] - Attribute 'value' of object 'Object Repository/HealthpostToStore/Page_Store/input_txtprice' is: '970'

2018-05-22 11:25:23 - [TEST_STEP][PASSED] - Statement - out.println("Stock QTY : " + StockQty): null

2018-05-22 11:25:23 - [TEST_STEP][PASSED] - delay: Delayed 2 second(s)

2018-05-22 11:25:25 - [MESSAGE][PASSED] - Delayed 2 second(s)

2018-05-22 11:25:25 - [TEST_STEP][PASSED] - Statement - If (java.lang.String.valueOf(StockQty) >= java.lang.String.valueOf(RequestedQty)): null

2018-05-22 11:25:25 - [TEST_STEP][PASSED] - setText: Text '10' is set on object 'Object Repository/HealthpostToStore/Page_Store/input_txtqty'

2018-05-22 11:25:25 - [MESSAGE][PASSED] - Text '10' is set on object 'Object Repository/HealthpostToStore/Page_Store/input_txtqty'

2018-05-22 11:25:25 - [TEST_STEP][PASSED] - click: Object: 'Object Repository/HealthpostToStore/Page_Store/button_Add' is clicked on

2018-05-22 11:25:25 - [MESSAGE][PASSED] - Object: 'Object Repository/HealthpostToStore/Page_Store/button_Add' is clicked on

2018-05-22 11:25:25 - [TEST_STEP][PASSED] - Statement - Break: null

2018-05-22 11:25:25 - [TEST_STEP][PASSED] - selectOptionByIndex: All options with index in [2] are selected on object 'Object Repository/HealthpostToStore/Page_Store/select_--Select--Adernaline 0.'

2018-05-22 11:25:26 - [MESSAGE][PASSED] - All options with index in [2] are selected on object 'Object Repository/HealthpostToStore/Page_Store/select_--Select--Adernaline 0.'

2018-05-22 11:25:26 - [TEST_STEP][PASSED] - delay: Delayed 2 second(s)

2018-05-22 11:25:28 - [MESSAGE][PASSED] - Delayed 2 second(s)

2018-05-22 11:25:28 - [TEST_STEP][PASSED] - Statement - RequestedQty = com.kms.katalon.core.webui.keyword.WebUiBuiltInKeywords.getAttribute(com.kms.katalon.core.testobject.ObjectRepository.findTestObject(HealthpostToStore/Page_Store/input_txttotal), "value"): Attribute 'value' of object 'Object Repository/HealthpostToStore/Page_Store/input_txttotal' is: '10'

2018-05-22 11:25:28 - [MESSAGE][PASSED] - Attribute 'value' of object 'Object Repository/HealthpostToStore/Page_Store/input_txttotal' is: '10'

2018-05-22 11:25:28 - [TEST_STEP][PASSED] - Statement - out.println("Requested QTY : " + RequestedQty): null

2018-05-22 11:25:28 - [TEST_STEP][PASSED] - Statement - BatchNumber = com.kms.katalon.core.webui.keyword.WebUiBuiltInKeywords.getNumberOfTotalOption(com.kms.katalon.core.testobject.ObjectRepository.findTestObject(HealthpostToStore/Page_Store/select_--Select--BA1170BA2376B)): 3 options of object 'Object Repository/HealthpostToStore/Page_Store/select_--Select--BA1170BA2376B' counted

2018-05-22 11:25:28 - [MESSAGE][PASSED] - 3 options of object 'Object Repository/HealthpostToStore/Page_Store/select_--Select--BA1170BA2376B' counted

2018-05-22 11:25:28 - [TEST_STEP][PASSED] - Statement - For ([g = 1, g <= BatchNumber - 1, (g++)]): null

2018-05-22 11:25:28 - [TEST_STEP][PASSED] - selectOptionByIndex: All options with index in [1] are selected on object 'Object Repository/HealthpostToStore/Page_Store/select_--Select--BA1170BA2376B'

2018-05-22 11:25:28 - [MESSAGE][PASSED] - All options with index in [1] are selected on object 'Object Repository/HealthpostToStore/Page_Store/select_--Select--BA1170BA2376B'

2018-05-22 11:25:28 - [TEST_STEP][PASSED] - Statement - Try: null

2018-05-22 11:25:28 - [TEST_STEP][PASSED] - Statement - StockQty = com.kms.katalon.core.webui.keyword.WebUiBuiltInKeywords.getAttribute(com.kms.katalon.core.testobject.ObjectRepository.findTestObject(HealthpostToStore/Page_Store/input_txtprice), "value"): Attribute 'value' of object 'Object Repository/HealthpostToStore/Page_Store/input_txtprice' is: '965'

2018-05-22 11:25:28 - [MESSAGE][PASSED] - Attribute 'value' of object 'Object Repository/HealthpostToStore/Page_Store/input_txtprice' is: '965'

2018-05-22 11:25:28 - [TEST_STEP][PASSED] - Statement - out.println("Stock QTY : " + StockQty): null

2018-05-22 11:25:28 - [TEST_STEP][PASSED] - delay: Delayed 2 second(s)

2018-05-22 11:25:30 - [MESSAGE][PASSED] - Delayed 2 second(s)

2018-05-22 11:25:30 - [TEST_STEP][PASSED] - Statement - If (java.lang.String.valueOf(StockQty) >= java.lang.String.valueOf(RequestedQty)): null

2018-05-22 11:25:30 - [TEST_STEP][PASSED] - setText: Text '10' is set on object 'Object Repository/HealthpostToStore/Page_Store/input_txtqty'

2018-05-22 11:25:30 - [MESSAGE][PASSED] - Text '10' is set on object 'Object Repository/HealthpostToStore/Page_Store/input_txtqty'

2018-05-22 11:25:30 - [TEST_STEP][PASSED] - click: Object: 'Object Repository/HealthpostToStore/Page_Store/button_Add' is clicked on

2018-05-22 11:25:30 - [MESSAGE][PASSED] - Object: 'Object Repository/HealthpostToStore/Page_Store/button_Add' is clicked on

2018-05-22 11:25:30 - [TEST_STEP][PASSED] - Statement - Break: null

2018-05-22 11:25:30 - [TEST_STEP][PASSED] - selectOptionByIndex: All options with index in [3] are selected on object 'Object Repository/HealthpostToStore/Page_Store/select_--Select--Adernaline 0.'

2018-05-22 11:25:30 - [MESSAGE][PASSED] - All options with index in [3] are selected on object 'Object Repository/HealthpostToStore/Page_Store/select_--Select--Adernaline 0.'

2018-05-22 11:25:30 - [TEST_STEP][PASSED] - delay: Delayed 2 second(s)

2018-05-22 11:25:32 - [MESSAGE][PASSED] - Delayed 2 second(s)

2018-05-22 11:25:32 - [TEST_STEP][PASSED] - Statement - RequestedQty = com.kms.katalon.core.webui.keyword.WebUiBuiltInKeywords.getAttribute(com.kms.katalon.core.testobject.ObjectRepository.findTestObject(HealthpostToStore/Page_Store/input_txttotal), "value"): Attribute 'value' of object 'Object Repository/HealthpostToStore/Page_Store/input_txttotal' is: '10'

2018-05-22 11:25:32 - [MESSAGE][PASSED] - Attribute 'value' of object 'Object Repository/HealthpostToStore/Page_Store/input_txttotal' is: '10'

2018-05-22 11:25:32 - [TEST_STEP][PASSED] - Statement - out.println("Requested QTY : " + RequestedQty): null

2018-05-22 11:25:32 - [TEST_STEP][PASSED] - Statement - BatchNumber = com.kms.katalon.core.webui.keyword.WebUiBuiltInKeywords.getNumberOfTotalOption(com.kms.katalon.core.testobject.ObjectRepository.findTestObject(HealthpostToStore/Page_Store/select_--Select--BA1170BA2376B)): 3 options of object 'Object Repository/HealthpostToStore/Page_Store/select_--Select--BA1170BA2376B' counted

2018-05-22 11:25:32 - [MESSAGE][PASSED] - 3 options of object 'Object Repository/HealthpostToStore/Page_Store/select_--Select--BA1170BA2376B' counted

2018-05-22 11:25:32 - [TEST_STEP][PASSED] - Statement - For ([g = 1, g <= BatchNumber - 1, (g++)]): null

2018-05-22 11:25:32 - [TEST_STEP][PASSED] - selectOptionByIndex: All options with index in [1] are selected on object 'Object Repository/HealthpostToStore/Page_Store/select_--Select--BA1170BA2376B'

2018-05-22 11:25:32 - [MESSAGE][PASSED] - All options with index in [1] are selected on object 'Object Repository/HealthpostToStore/Page_Store/select_--Select--BA1170BA2376B'

2018-05-22 11:25:32 - [TEST_STEP][PASSED] - Statement - Try: null

2018-05-22 11:25:32 - [TEST_STEP][PASSED] - Statement - StockQty = com.kms.katalon.core.webui.keyword.WebUiBuiltInKeywords.getAttribute(com.kms.katalon.core.testobject.ObjectRepository.findTestObject(HealthpostToStore/Page_Store/input_txtprice), "value"): Attribute 'value' of object 'Object Repository/HealthpostToStore/Page_Store/input_txtprice' is: '90'

2018-05-22 11:25:32 - [MESSAGE][PASSED] - Attribute 'value' of object 'Object Repository/HealthpostToStore/Page_Store/input_txtprice' is: '90'

2018-05-22 11:25:32 - [TEST_STEP][PASSED] - Statement - out.println("Stock QTY : " + StockQty): null

2018-05-22 11:25:32 - [TEST_STEP][PASSED] - delay: Delayed 2 second(s)

2018-05-22 11:25:34 - [MESSAGE][PASSED] - Delayed 2 second(s)

2018-05-22 11:25:34 - [TEST_STEP][PASSED] - Statement - If (java.lang.String.valueOf(StockQty) >= java.lang.String.valueOf(RequestedQty)): null

2018-05-22 11:25:34 - [TEST_STEP][PASSED] - setText: Text '10' is set on object 'Object Repository/HealthpostToStore/Page_Store/input_txtqty'

2018-05-22 11:25:34 - [MESSAGE][PASSED] - Text '10' is set on object 'Object Repository/HealthpostToStore/Page_Store/input_txtqty'

2018-05-22 11:25:34 - [TEST_STEP][PASSED] - click: Object: 'Object Repository/HealthpostToStore/Page_Store/button_Add' is clicked on

2018-05-22 11:25:35 - [MESSAGE][PASSED] - Object: 'Object Repository/HealthpostToStore/Page_Store/button_Add' is clicked on

2018-05-22 11:25:35 - [TEST_STEP][PASSED] - Statement - Break: null

2018-05-22 11:25:35 - [TEST_STEP][PASSED] - selectOptionByIndex: All options with index in [4] are selected on object 'Object Repository/HealthpostToStore/Page_Store/select_--Select--Adernaline 0.'

2018-05-22 11:25:35 - [MESSAGE][PASSED] - All options with index in [4] are selected on object 'Object Repository/HealthpostToStore/Page_Store/select_--Select--Adernaline 0.'

2018-05-22 11:25:35 - [TEST_STEP][PASSED] - delay: Delayed 2 second(s)

2018-05-22 11:25:37 - [MESSAGE][PASSED] - Delayed 2 second(s)

2018-05-22 11:25:37 - [TEST_STEP][PASSED] - Statement - RequestedQty = com.kms.katalon.core.webui.keyword.WebUiBuiltInKeywords.getAttribute(com.kms.katalon.core.testobject.ObjectRepository.findTestObject(HealthpostToStore/Page_Store/input_txttotal), "value"): Attribute 'value' of object 'Object Repository/HealthpostToStore/Page_Store/input_txttotal' is: '10'

2018-05-22 11:25:37 - [MESSAGE][PASSED] - Attribute 'value' of object 'Object Repository/HealthpostToStore/Page_Store/input_txttotal' is: '10'

2018-05-22 11:25:37 - [TEST_STEP][PASSED] - Statement - out.println("Requested QTY : " + RequestedQty): null

2018-05-22 11:25:37 - [TEST_STEP][PASSED] - Statement - BatchNumber = com.kms.katalon.core.webui.keyword.WebUiBuiltInKeywords.getNumberOfTotalOption(com.kms.katalon.core.testobject.ObjectRepository.findTestObject(HealthpostToStore/Page_Store/select_--Select--BA1170BA2376B)): 5 options of object 'Object Repository/HealthpostToStore/Page_Store/select_--Select--BA1170BA2376B' counted

2018-05-22 11:25:37 - [MESSAGE][PASSED] - 5 options of object 'Object Repository/HealthpostToStore/Page_Store/select_--Select--BA1170BA2376B' counted

2018-05-22 11:25:37 - [TEST_STEP][PASSED] - Statement - For ([g = 1, g <= BatchNumber - 1, (g++)]): null

2018-05-22 11:25:37 - [TEST_STEP][PASSED] - selectOptionByIndex: All options with index in [1] are selected on object 'Object Repository/HealthpostToStore/Page_Store/select_--Select--BA1170BA2376B'

2018-05-22 11:25:37 - [MESSAGE][PASSED] - All options with index in [1] are selected on object 'Object Repository/HealthpostToStore/Page_Store/select_--Select--BA1170BA2376B'

2018-05-22 11:25:37 - [TEST_STEP][PASSED] - Statement - Try: null

2018-05-22 11:25:37 - [TEST_STEP][PASSED] - Statement - StockQty = com.kms.katalon.core.webui.keyword.WebUiBuiltInKeywords.getAttribute(com.kms.katalon.core.testobject.ObjectRepository.findTestObject(HealthpostToStore/Page_Store/input_txtprice), "value"): Attribute 'value' of object 'Object Repository/HealthpostToStore/Page_Store/input_txtprice' is: '90'

2018-05-22 11:25:37 - [MESSAGE][PASSED] - Attribute 'value' of object 'Object Repository/HealthpostToStore/Page_Store/input_txtprice' is: '90'

2018-05-22 11:25:37 - [TEST_STEP][PASSED] - Statement - out.println("Stock QTY : " + StockQty): null

2018-05-22 11:25:37 - [TEST_STEP][PASSED] - delay: Delayed 2 second(s)

2018-05-22 11:25:39 - [MESSAGE][PASSED] - Delayed 2 second(s)

2018-05-22 11:25:39 - [TEST_STEP][PASSED] - Statement - If (java.lang.String.valueOf(StockQty) >= java.lang.String.valueOf(RequestedQty)): null

2018-05-22 11:25:39 - [TEST_STEP][PASSED] - setText: Text '10' is set on object 'Object Repository/HealthpostToStore/Page_Store/input_txtqty'

2018-05-22 11:25:39 - [MESSAGE][PASSED] - Text '10' is set on object 'Object Repository/HealthpostToStore/Page_Store/input_txtqty'

2018-05-22 11:25:39 - [TEST_STEP][PASSED] - click: Object: 'Object Repository/HealthpostToStore/Page_Store/button_Add' is clicked on

2018-05-22 11:25:39 - [MESSAGE][PASSED] - Object: 'Object Repository/HealthpostToStore/Page_Store/button_Add' is clicked on

2018-05-22 11:25:39 - [TEST_STEP][PASSED] - Statement - Break: null

2018-05-22 11:25:39 - [TEST_STEP][PASSED] - selectOptionByIndex: All options with index in [5] are selected on object 'Object Repository/HealthpostToStore/Page_Store/select_--Select--Adernaline 0.'

2018-05-22 11:25:39 - [MESSAGE][PASSED] - All options with index in [5] are selected on object 'Object Repository/HealthpostToStore/Page_Store/select_--Select--Adernaline 0.'

2018-05-22 11:25:39 - [TEST_STEP][PASSED] - delay: Delayed 2 second(s)

2018-05-22 11:25:41 - [MESSAGE][PASSED] - Delayed 2 second(s)

2018-05-22 11:25:41 - [TEST_STEP][PASSED] - Statement - RequestedQty = com.kms.katalon.core.webui.keyword.WebUiBuiltInKeywords.getAttribute(com.kms.katalon.core.testobject.ObjectRepository.findTestObject(HealthpostToStore/Page_Store/input_txttotal), "value"): Attribute 'value' of object 'Object Repository/HealthpostToStore/Page_Store/input_txttotal' is: '10'

2018-05-22 11:25:41 - [MESSAGE][PASSED] - Attribute 'value' of object 'Object Repository/HealthpostToStore/Page_Store/input_txttotal' is: '10'

2018-05-22 11:25:41 - [TEST_STEP][PASSED] - Statement - out.println("Requested QTY : " + RequestedQty): null

2018-05-22 11:25:41 - [TEST_STEP][PASSED] - Statement - BatchNumber = com.kms.katalon.core.webui.keyword.WebUiBuiltInKeywords.getNumberOfTotalOption(com.kms.katalon.core.testobject.ObjectRepository.findTestObject(HealthpostToStore/Page_Store/select_--Select--BA1170BA2376B)): 4 options of object 'Object Repository/HealthpostToStore/Page_Store/select_--Select--BA1170BA2376B' counted

2018-05-22 11:25:41 - [MESSAGE][PASSED] - 4 options of object 'Object Repository/HealthpostToStore/Page_Store/select_--Select--BA1170BA2376B' counted

2018-05-22 11:25:41 - [TEST_STEP][PASSED] - Statement - For ([g = 1, g <= BatchNumber - 1, (g++)]): null

2018-05-22 11:25:41 - [TEST_STEP][PASSED] - selectOptionByIndex: All options with index in [1] are selected on object 'Object Repository/HealthpostToStore/Page_Store/select_--Select--BA1170BA2376B'

2018-05-22 11:25:42 - [MESSAGE][PASSED] - All options with index in [1] are selected on object 'Object Repository/HealthpostToStore/Page_Store/select_--Select--BA1170BA2376B'

2018-05-22 11:25:42 - [TEST_STEP][PASSED] - Statement - Try: null

2018-05-22 11:25:42 - [TEST_STEP][PASSED] - Statement - StockQty = com.kms.katalon.core.webui.keyword.WebUiBuiltInKeywords.getAttribute(com.kms.katalon.core.testobject.ObjectRepository.findTestObject(HealthpostToStore/Page_Store/input_txtprice), "value"): Attribute 'value' of object 'Object Repository/HealthpostToStore/Page_Store/input_txtprice' is: '90'

2018-05-22 11:25:42 - [MESSAGE][PASSED] - Attribute 'value' of object 'Object Repository/HealthpostToStore/Page_Store/input_txtprice' is: '90'

2018-05-22 11:25:42 - [TEST_STEP][PASSED] - Statement - out.println("Stock QTY : " + StockQty): null

2018-05-22 11:25:42 - [TEST_STEP][PASSED] - delay: Delayed 2 second(s)

2018-05-22 11:25:44 - [MESSAGE][PASSED] - Delayed 2 second(s)

2018-05-22 11:25:44 - [TEST_STEP][PASSED] - Statement - If (java.lang.String.valueOf(StockQty) >= java.lang.String.valueOf(RequestedQty)): null

2018-05-22 11:25:44 - [TEST_STEP][PASSED] - setText: Text '10' is set on object 'Object Repository/HealthpostToStore/Page_Store/input_txtqty'

2018-05-22 11:25:44 - [MESSAGE][PASSED] - Text '10' is set on object 'Object Repository/HealthpostToStore/Page_Store/input_txtqty'

2018-05-22 11:25:44 - [TEST_STEP][PASSED] - click: Object: 'Object Repository/HealthpostToStore/Page_Store/button_Add' is clicked on

2018-05-22 11:25:44 - [MESSAGE][PASSED] - Object: 'Object Repository/HealthpostToStore/Page_Store/button_Add' is clicked on

2018-05-22 11:25:44 - [TEST_STEP][PASSED] - Statement - Break: null

2018-05-22 11:25:44 - [TEST_STEP][PASSED] - selectOptionByIndex: All options with index in [6] are selected on object 'Object Repository/HealthpostToStore/Page_Store/select_--Select--Adernaline 0.'

2018-05-22 11:25:44 - [MESSAGE][PASSED] - All options with index in [6] are selected on object 'Object Repository/HealthpostToStore/Page_Store/select_--Select--Adernaline 0.'

2018-05-22 11:25:44 - [TEST_STEP][PASSED] - delay: Delayed 2 second(s)

2018-05-22 11:25:46 - [MESSAGE][PASSED] - Delayed 2 second(s)

2018-05-22 11:25:46 - [TEST_STEP][PASSED] - Statement - RequestedQty = com.kms.katalon.core.webui.keyword.WebUiBuiltInKeywords.getAttribute(com.kms.katalon.core.testobject.ObjectRepository.findTestObject(HealthpostToStore/Page_Store/input_txttotal), "value"): Attribute 'value' of object 'Object Repository/HealthpostToStore/Page_Store/input_txttotal' is: '10'

2018-05-22 11:25:46 - [MESSAGE][PASSED] - Attribute 'value' of object 'Object Repository/HealthpostToStore/Page_Store/input_txttotal' is: '10'

2018-05-22 11:25:46 - [TEST_STEP][PASSED] - Statement - out.println("Requested QTY : " + RequestedQty): null

2018-05-22 11:25:46 - [TEST_STEP][PASSED] - Statement - BatchNumber = com.kms.katalon.core.webui.keyword.WebUiBuiltInKeywords.getNumberOfTotalOption(com.kms.katalon.core.testobject.ObjectRepository.findTestObject(HealthpostToStore/Page_Store/select_--Select--BA1170BA2376B)): 4 options of object 'Object Repository/HealthpostToStore/Page_Store/select_--Select--BA1170BA2376B' counted

2018-05-22 11:25:46 - [MESSAGE][PASSED] - 4 options of object 'Object Repository/HealthpostToStore/Page_Store/select_--Select--BA1170BA2376B' counted

2018-05-22 11:25:46 - [TEST_STEP][PASSED] - Statement - For ([g = 1, g <= BatchNumber - 1, (g++)]): null

2018-05-22 11:25:46 - [TEST_STEP][PASSED] - selectOptionByIndex: All options with index in [1] are selected on object 'Object Repository/HealthpostToStore/Page_Store/select_--Select--BA1170BA2376B'

2018-05-22 11:25:46 - [MESSAGE][PASSED] - All options with index in [1] are selected on object 'Object Repository/HealthpostToStore/Page_Store/select_--Select--BA1170BA2376B'

2018-05-22 11:25:46 - [TEST_STEP][PASSED] - Statement - Try: null

2018-05-22 11:25:46 - [TEST_STEP][PASSED] - Statement - StockQty = com.kms.katalon.core.webui.keyword.WebUiBuiltInKeywords.getAttribute(com.kms.katalon.core.testobject.ObjectRepository.findTestObject(HealthpostToStore/Page_Store/input_txtprice), "value"): Attribute 'value' of object 'Object Repository/HealthpostToStore/Page_Store/input_txtprice' is: '90'

2018-05-22 11:25:46 - [MESSAGE][PASSED] - Attribute 'value' of object 'Object Repository/HealthpostToStore/Page_Store/input_txtprice' is: '90'

2018-05-22 11:25:46 - [TEST_STEP][PASSED] - Statement - out.println("Stock QTY : " + StockQty): null

2018-05-22 11:25:46 - [TEST_STEP][PASSED] - delay: Delayed 2 second(s)

2018-05-22 11:25:48 - [MESSAGE][PASSED] - Delayed 2 second(s)

2018-05-22 11:25:48 - [TEST_STEP][PASSED] - Statement - If (java.lang.String.valueOf(StockQty) >= java.lang.String.valueOf(RequestedQty)): null

2018-05-22 11:25:48 - [TEST_STEP][PASSED] - setText: Text '10' is set on object 'Object Repository/HealthpostToStore/Page_Store/input_txtqty'

2018-05-22 11:25:48 - [MESSAGE][PASSED] - Text '10' is set on object 'Object Repository/HealthpostToStore/Page_Store/input_txtqty'

2018-05-22 11:25:48 - [TEST_STEP][PASSED] - click: Object: 'Object Repository/HealthpostToStore/Page_Store/button_Add' is clicked on

2018-05-22 11:25:48 - [MESSAGE][PASSED] - Object: 'Object Repository/HealthpostToStore/Page_Store/button_Add' is clicked on

2018-05-22 11:25:48 - [TEST_STEP][PASSED] - Statement - Break: null

2018-05-22 11:25:48 - [TEST_STEP][PASSED] - selectOptionByIndex: All options with index in [7] are selected on object 'Object Repository/HealthpostToStore/Page_Store/select_--Select--Adernaline 0.'

2018-05-22 11:25:49 - [MESSAGE][PASSED] - All options with index in [7] are selected on object 'Object Repository/HealthpostToStore/Page_Store/select_--Select--Adernaline 0.'

2018-05-22 11:25:49 - [TEST_STEP][PASSED] - delay: Delayed 2 second(s)

2018-05-22 11:25:51 - [MESSAGE][PASSED] - Delayed 2 second(s)

2018-05-22 11:25:51 - [TEST_STEP][PASSED] - Statement - RequestedQty = com.kms.katalon.core.webui.keyword.WebUiBuiltInKeywords.getAttribute(com.kms.katalon.core.testobject.ObjectRepository.findTestObject(HealthpostToStore/Page_Store/input_txttotal), "value"): Attribute 'value' of object 'Object Repository/HealthpostToStore/Page_Store/input_txttotal' is: '10'

2018-05-22 11:25:51 - [MESSAGE][PASSED] - Attribute 'value' of object 'Object Repository/HealthpostToStore/Page_Store/input_txttotal' is: '10'

2018-05-22 11:25:51 - [TEST_STEP][PASSED] - Statement - out.println("Requested QTY : " + RequestedQty): null

2018-05-22 11:25:51 - [TEST_STEP][PASSED] - Statement - BatchNumber = com.kms.katalon.core.webui.keyword.WebUiBuiltInKeywords.getNumberOfTotalOption(com.kms.katalon.core.testobject.ObjectRepository.findTestObject(HealthpostToStore/Page_Store/select_--Select--BA1170BA2376B)): 4 options of object 'Object Repository/HealthpostToStore/Page_Store/select_--Select--BA1170BA2376B' counted

2018-05-22 11:25:51 - [MESSAGE][PASSED] - 4 options of object 'Object Repository/HealthpostToStore/Page_Store/select_--Select--BA1170BA2376B' counted

2018-05-22 11:25:51 - [TEST_STEP][PASSED] - Statement - For ([g = 1, g <= BatchNumber - 1, (g++)]): null

2018-05-22 11:25:51 - [TEST_STEP][PASSED] - selectOptionByIndex: All options with index in [1] are selected on object 'Object Repository/HealthpostToStore/Page_Store/select_--Select--BA1170BA2376B'

2018-05-22 11:25:51 - [MESSAGE][PASSED] - All options with index in [1] are selected on object 'Object Repository/HealthpostToStore/Page_Store/select_--Select--BA1170BA2376B'

2018-05-22 11:25:51 - [TEST_STEP][PASSED] - Statement - Try: null

2018-05-22 11:25:51 - [TEST_STEP][PASSED] - Statement - StockQty = com.kms.katalon.core.webui.keyword.WebUiBuiltInKeywords.getAttribute(com.kms.katalon.core.testobject.ObjectRepository.findTestObject(HealthpostToStore/Page_Store/input_txtprice), "value"): Attribute 'value' of object 'Object Repository/HealthpostToStore/Page_Store/input_txtprice' is: '90'

2018-05-22 11:25:51 - [MESSAGE][PASSED] - Attribute 'value' of object 'Object Repository/HealthpostToStore/Page_Store/input_txtprice' is: '90'

2018-05-22 11:25:51 - [TEST_STEP][PASSED] - Statement - out.println("Stock QTY : " + StockQty): null

2018-05-22 11:25:51 - [TEST_STEP][PASSED] - delay: Delayed 2 second(s)

2018-05-22 11:25:53 - [MESSAGE][PASSED] - Delayed 2 second(s)

2018-05-22 11:25:53 - [TEST_STEP][PASSED] - Statement - If (java.lang.String.valueOf(StockQty) >= java.lang.String.valueOf(RequestedQty)): null

2018-05-22 11:25:53 - [TEST_STEP][PASSED] - setText: Text '10' is set on object 'Object Repository/HealthpostToStore/Page_Store/input_txtqty'

2018-05-22 11:25:53 - [MESSAGE][PASSED] - Text '10' is set on object 'Object Repository/HealthpostToStore/Page_Store/input_txtqty'

2018-05-22 11:25:53 - [TEST_STEP][PASSED] - click: Object: 'Object Repository/HealthpostToStore/Page_Store/button_Add' is clicked on

2018-05-22 11:25:53 - [MESSAGE][PASSED] - Object: 'Object Repository/HealthpostToStore/Page_Store/button_Add' is clicked on

2018-05-22 11:25:53 - [TEST_STEP][PASSED] - Statement - Break: null

2018-05-22 11:25:53 - [TEST_STEP][PASSED] - selectOptionByIndex: All options with index in [8] are selected on object 'Object Repository/HealthpostToStore/Page_Store/select_--Select--Adernaline 0.'

2018-05-22 11:25:53 - [MESSAGE][PASSED] - All options with index in [8] are selected on object 'Object Repository/HealthpostToStore/Page_Store/select_--Select--Adernaline 0.'

2018-05-22 11:25:53 - [TEST_STEP][PASSED] - delay: Delayed 2 second(s)

2018-05-22 11:25:55 - [MESSAGE][PASSED] - Delayed 2 second(s)

2018-05-22 11:25:55 - [TEST_STEP][PASSED] - Statement - RequestedQty = com.kms.katalon.core.webui.keyword.WebUiBuiltInKeywords.getAttribute(com.kms.katalon.core.testobject.ObjectRepository.findTestObject(HealthpostToStore/Page_Store/input_txttotal), "value"): Attribute 'value' of object 'Object Repository/HealthpostToStore/Page_Store/input_txttotal' is: '10'

2018-05-22 11:25:55 - [MESSAGE][PASSED] - Attribute 'value' of object 'Object Repository/HealthpostToStore/Page_Store/input_txttotal' is: '10'

2018-05-22 11:25:55 - [TEST_STEP][PASSED] - Statement - out.println("Requested QTY : " + RequestedQty): null

2018-05-22 11:25:55 - [TEST_STEP][PASSED] - Statement - BatchNumber = com.kms.katalon.core.webui.keyword.WebUiBuiltInKeywords.getNumberOfTotalOption(com.kms.katalon.core.testobject.ObjectRepository.findTestObject(HealthpostToStore/Page_Store/select_--Select--BA1170BA2376B)): 5 options of object 'Object Repository/HealthpostToStore/Page_Store/select_--Select--BA1170BA2376B' counted

2018-05-22 11:25:55 - [MESSAGE][PASSED] - 5 options of object 'Object Repository/HealthpostToStore/Page_Store/select_--Select--BA1170BA2376B' counted

2018-05-22 11:25:55 - [TEST_STEP][PASSED] - Statement - For ([g = 1, g <= BatchNumber - 1, (g++)]): null

2018-05-22 11:25:55 - [TEST_STEP][PASSED] - selectOptionByIndex: All options with index in [1] are selected on object 'Object Repository/HealthpostToStore/Page_Store/select_--Select--BA1170BA2376B'

2018-05-22 11:25:55 - [MESSAGE][PASSED] - All options with index in [1] are selected on object 'Object Repository/HealthpostToStore/Page_Store/select_--Select--BA1170BA2376B'

2018-05-22 11:25:55 - [TEST_STEP][PASSED] - Statement - Try: null

2018-05-22 11:25:55 - [TEST_STEP][PASSED] - Statement - StockQty = com.kms.katalon.core.webui.keyword.WebUiBuiltInKeywords.getAttribute(com.kms.katalon.core.testobject.ObjectRepository.findTestObject(HealthpostToStore/Page_Store/input_txtprice), "value"): Attribute 'value' of object 'Object Repository/HealthpostToStore/Page_Store/input_txtprice' is: '90'

2018-05-22 11:25:56 - [MESSAGE][PASSED] - Attribute 'value' of object 'Object Repository/HealthpostToStore/Page_Store/input_txtprice' is: '90'

2018-05-22 11:25:56 - [TEST_STEP][PASSED] - Statement - out.println("Stock QTY : " + StockQty): null

2018-05-22 11:25:56 - [TEST_STEP][PASSED] - delay: Delayed 2 second(s)

2018-05-22 11:25:58 - [MESSAGE][PASSED] - Delayed 2 second(s)

2018-05-22 11:25:58 - [TEST_STEP][PASSED] - Statement - If (java.lang.String.valueOf(StockQty) >= java.lang.String.valueOf(RequestedQty)): null

2018-05-22 11:25:58 - [TEST_STEP][PASSED] - setText: Text '10' is set on object 'Object Repository/HealthpostToStore/Page_Store/input_txtqty'

2018-05-22 11:25:58 - [MESSAGE][PASSED] - Text '10' is set on object 'Object Repository/HealthpostToStore/Page_Store/input_txtqty'

2018-05-22 11:25:58 - [TEST_STEP][PASSED] - click: Object: 'Object Repository/HealthpostToStore/Page_Store/button_Add' is clicked on

2018-05-22 11:25:58 - [MESSAGE][PASSED] - Object: 'Object Repository/HealthpostToStore/Page_Store/button_Add' is clicked on

2018-05-22 11:25:58 - [TEST_STEP][PASSED] - Statement - Break: null

2018-05-22 11:25:58 - [TEST_STEP][PASSED] - selectOptionByIndex: All options with index in [9] are selected on object 'Object Repository/HealthpostToStore/Page_Store/select_--Select--Adernaline 0.'

2018-05-22 11:25:58 - [MESSAGE][PASSED] - All options with index in [9] are selected on object 'Object Repository/HealthpostToStore/Page_Store/select_--Select--Adernaline 0.'

2018-05-22 11:25:58 - [TEST_STEP][PASSED] - delay: Delayed 2 second(s)

2018-05-22 11:26:00 - [MESSAGE][PASSED] - Delayed 2 second(s)

2018-05-22 11:26:00 - [TEST_STEP][PASSED] - Statement - RequestedQty = com.kms.katalon.core.webui.keyword.WebUiBuiltInKeywords.getAttribute(com.kms.katalon.core.testobject.ObjectRepository.findTestObject(HealthpostToStore/Page_Store/input_txttotal), "value"): Attribute 'value' of object 'Object Repository/HealthpostToStore/Page_Store/input_txttotal' is: '10'

2018-05-22 11:26:00 - [MESSAGE][PASSED] - Attribute 'value' of object 'Object Repository/HealthpostToStore/Page_Store/input_txttotal' is: '10'

2018-05-22 11:26:00 - [TEST_STEP][PASSED] - Statement - out.println("Requested QTY : " + RequestedQty): null

2018-05-22 11:26:00 - [TEST_STEP][PASSED] - Statement - BatchNumber = com.kms.katalon.core.webui.keyword.WebUiBuiltInKeywords.getNumberOfTotalOption(com.kms.katalon.core.testobject.ObjectRepository.findTestObject(HealthpostToStore/Page_Store/select_--Select--BA1170BA2376B)): 4 options of object 'Object Repository/HealthpostToStore/Page_Store/select_--Select--BA1170BA2376B' counted

2018-05-22 11:26:00 - [MESSAGE][PASSED] - 4 options of object 'Object Repository/HealthpostToStore/Page_Store/select_--Select--BA1170BA2376B' counted

2018-05-22 11:26:00 - [TEST_STEP][PASSED] - Statement - For ([g = 1, g <= BatchNumber - 1, (g++)]): null

2018-05-22 11:26:00 - [TEST_STEP][PASSED] - selectOptionByIndex: All options with index in [1] are selected on object 'Object Repository/HealthpostToStore/Page_Store/select_--Select--BA1170BA2376B'

2018-05-22 11:26:00 - [MESSAGE][PASSED] - All options with index in [1] are selected on object 'Object Repository/HealthpostToStore/Page_Store/select_--Select--BA1170BA2376B'

2018-05-22 11:26:00 - [TEST_STEP][PASSED] - Statement - Try: null

2018-05-22 11:26:00 - [TEST_STEP][PASSED] - Statement - StockQty = com.kms.katalon.core.webui.keyword.WebUiBuiltInKeywords.getAttribute(com.kms.katalon.core.testobject.ObjectRepository.findTestObject(HealthpostToStore/Page_Store/input_txtprice), "value"): Attribute 'value' of object 'Object Repository/HealthpostToStore/Page_Store/input_txtprice' is: '90'

2018-05-22 11:26:00 - [MESSAGE][PASSED] - Attribute 'value' of object 'Object Repository/HealthpostToStore/Page_Store/input_txtprice' is: '90'

2018-05-22 11:26:00 - [TEST_STEP][PASSED] - Statement - out.println("Stock QTY : " + StockQty): null

2018-05-22 11:26:00 - [TEST_STEP][PASSED] - delay: Delayed 2 second(s)

2018-05-22 11:26:02 - [MESSAGE][PASSED] - Delayed 2 second(s)

2018-05-22 11:26:02 - [TEST_STEP][PASSED] - Statement - If (java.lang.String.valueOf(StockQty) >= java.lang.String.valueOf(RequestedQty)): null

2018-05-22 11:26:02 - [TEST_STEP][PASSED] - setText: Text '10' is set on object 'Object Repository/HealthpostToStore/Page_Store/input_txtqty'

2018-05-22 11:26:02 - [MESSAGE][PASSED] - Text '10' is set on object 'Object Repository/HealthpostToStore/Page_Store/input_txtqty'

2018-05-22 11:26:02 - [TEST_STEP][PASSED] - click: Object: 'Object Repository/HealthpostToStore/Page_Store/button_Add' is clicked on

2018-05-22 11:26:02 - [MESSAGE][PASSED] - Object: 'Object Repository/HealthpostToStore/Page_Store/button_Add' is clicked on

2018-05-22 11:26:02 - [TEST_STEP][PASSED] - Statement - Break: null

2018-05-22 11:26:02 - [TEST_STEP][PASSED] - selectOptionByIndex: All options with index in [10] are selected on object 'Object Repository/HealthpostToStore/Page_Store/select_--Select--Adernaline 0.'

2018-05-22 11:26:03 - [MESSAGE][PASSED] - All options with index in [10] are selected on object 'Object Repository/HealthpostToStore/Page_Store/select_--Select--Adernaline 0.'

2018-05-22 11:26:03 - [TEST_STEP][PASSED] - delay: Delayed 2 second(s)

2018-05-22 11:26:05 - [MESSAGE][PASSED] - Delayed 2 second(s)

2018-05-22 11:26:05 - [TEST_STEP][PASSED] - Statement - RequestedQty = com.kms.katalon.core.webui.keyword.WebUiBuiltInKeywords.getAttribute(com.kms.katalon.core.testobject.ObjectRepository.findTestObject(HealthpostToStore/Page_Store/input_txttotal), "value"): Attribute 'value' of object 'Object Repository/HealthpostToStore/Page_Store/input_txttotal' is: '10'

2018-05-22 11:26:05 - [MESSAGE][PASSED] - Attribute 'value' of object 'Object Repository/HealthpostToStore/Page_Store/input_txttotal' is: '10'

2018-05-22 11:26:05 - [TEST_STEP][PASSED] - Statement - out.println("Requested QTY : " + RequestedQty): null

2018-05-22 11:26:05 - [TEST_STEP][PASSED] - Statement - BatchNumber = com.kms.katalon.core.webui.keyword.WebUiBuiltInKeywords.getNumberOfTotalOption(com.kms.katalon.core.testobject.ObjectRepository.findTestObject(HealthpostToStore/Page_Store/select_--Select--BA1170BA2376B)): 4 options of object 'Object Repository/HealthpostToStore/Page_Store/select_--Select--BA1170BA2376B' counted

2018-05-22 11:26:05 - [MESSAGE][PASSED] - 4 options of object 'Object Repository/HealthpostToStore/Page_Store/select_--Select--BA1170BA2376B' counted

2018-05-22 11:26:05 - [TEST_STEP][PASSED] - Statement - For ([g = 1, g <= BatchNumber - 1, (g++)]): null

2018-05-22 11:26:05 - [TEST_STEP][PASSED] - selectOptionByIndex: All options with index in [1] are selected on object 'Object Repository/HealthpostToStore/Page_Store/select_--Select--BA1170BA2376B'

2018-05-22 11:26:05 - [MESSAGE][PASSED] - All options with index in [1] are selected on object 'Object Repository/HealthpostToStore/Page_Store/select_--Select--BA1170BA2376B'

2018-05-22 11:26:05 - [TEST_STEP][PASSED] - Statement - Try: null

2018-05-22 11:26:05 - [TEST_STEP][PASSED] - Statement - StockQty = com.kms.katalon.core.webui.keyword.WebUiBuiltInKeywords.getAttribute(com.kms.katalon.core.testobject.ObjectRepository.findTestObject(HealthpostToStore/Page_Store/input_txtprice), "value"): Attribute 'value' of object 'Object Repository/HealthpostToStore/Page_Store/input_txtprice' is: '90'

2018-05-22 11:26:05 - [MESSAGE][PASSED] - Attribute 'value' of object 'Object Repository/HealthpostToStore/Page_Store/input_txtprice' is: '90'

2018-05-22 11:26:05 - [TEST_STEP][PASSED] - Statement - out.println("Stock QTY : " + StockQty): null

2018-05-22 11:26:05 - [TEST_STEP][PASSED] - delay: Delayed 2 second(s)

2018-05-22 11:26:07 - [MESSAGE][PASSED] - Delayed 2 second(s)

2018-05-22 11:26:07 - [TEST_STEP][PASSED] - Statement - If (java.lang.String.valueOf(StockQty) >= java.lang.String.valueOf(RequestedQty)): null

2018-05-22 11:26:07 - [TEST_STEP][PASSED] - setText: Text '10' is set on object 'Object Repository/HealthpostToStore/Page_Store/input_txtqty'

2018-05-22 11:26:07 - [MESSAGE][PASSED] - Text '10' is set on object 'Object Repository/HealthpostToStore/Page_Store/input_txtqty'

2018-05-22 11:26:07 - [TEST_STEP][PASSED] - click: Object: 'Object Repository/HealthpostToStore/Page_Store/button_Add' is clicked on

2018-05-22 11:26:07 - [MESSAGE][PASSED] - Object: 'Object Repository/HealthpostToStore/Page_Store/button_Add' is clicked on

2018-05-22 11:26:07 - [TEST_STEP][PASSED] - Statement - Break: null

2018-05-22 11:26:07 - [TEST_STEP][PASSED] - selectOptionByIndex: All options with index in [11] are selected on object 'Object Repository/HealthpostToStore/Page_Store/select_--Select--Adernaline 0.'

2018-05-22 11:26:07 - [MESSAGE][PASSED] - All options with index in [11] are selected on object 'Object Repository/HealthpostToStore/Page_Store/select_--Select--Adernaline 0.'

2018-05-22 11:26:07 - [TEST_STEP][PASSED] - delay: Delayed 2 second(s)

2018-05-22 11:26:09 - [MESSAGE][PASSED] - Delayed 2 second(s)

2018-05-22 11:26:09 - [TEST_STEP][PASSED] - Statement - RequestedQty = com.kms.katalon.core.webui.keyword.WebUiBuiltInKeywords.getAttribute(com.kms.katalon.core.testobject.ObjectRepository.findTestObject(HealthpostToStore/Page_Store/input_txttotal), "value"): Attribute 'value' of object 'Object Repository/HealthpostToStore/Page_Store/input_txttotal' is: '10'

2018-05-22 11:26:09 - [MESSAGE][PASSED] - Attribute 'value' of object 'Object Repository/HealthpostToStore/Page_Store/input_txttotal' is: '10'

2018-05-22 11:26:09 - [TEST_STEP][PASSED] - Statement - out.println("Requested QTY : " + RequestedQty): null

2018-05-22 11:26:09 - [TEST_STEP][PASSED] - Statement - BatchNumber = com.kms.katalon.core.webui.keyword.WebUiBuiltInKeywords.getNumberOfTotalOption(com.kms.katalon.core.testobject.ObjectRepository.findTestObject(HealthpostToStore/Page_Store/select_--Select--BA1170BA2376B)): 4 options of object 'Object Repository/HealthpostToStore/Page_Store/select_--Select--BA1170BA2376B' counted

2018-05-22 11:26:09 - [MESSAGE][PASSED] - 4 options of object 'Object Repository/HealthpostToStore/Page_Store/select_--Select--BA1170BA2376B' counted

2018-05-22 11:26:09 - [TEST_STEP][PASSED] - Statement - For ([g = 1, g <= BatchNumber - 1, (g++)]): null

2018-05-22 11:26:09 - [TEST_STEP][PASSED] - selectOptionByIndex: All options with index in [1] are selected on object 'Object Repository/HealthpostToStore/Page_Store/select_--Select--BA1170BA2376B'

2018-05-22 11:26:09 - [MESSAGE][PASSED] - All options with index in [1] are selected on object 'Object Repository/HealthpostToStore/Page_Store/select_--Select--BA1170BA2376B'

2018-05-22 11:26:09 - [TEST_STEP][PASSED] - Statement - Try: null

2018-05-22 11:26:09 - [TEST_STEP][PASSED] - Statement - StockQty = com.kms.katalon.core.webui.keyword.WebUiBuiltInKeywords.getAttribute(com.kms.katalon.core.testobject.ObjectRepository.findTestObject(HealthpostToStore/Page_Store/input_txtprice), "value"): Attribute 'value' of object 'Object Repository/HealthpostToStore/Page_Store/input_txtprice' is: '1030'

2018-05-22 11:26:09 - [MESSAGE][PASSED] - Attribute 'value' of object 'Object Repository/HealthpostToStore/Page_Store/input_txtprice' is: '1030'

2018-05-22 11:26:09 - [TEST_STEP][PASSED] - Statement - out.println("Stock QTY : " + StockQty): null

2018-05-22 11:26:09 - [TEST_STEP][PASSED] - delay: Delayed 2 second(s)

2018-05-22 11:26:11 - [MESSAGE][PASSED] - Delayed 2 second(s)

2018-05-22 11:26:11 - [TEST_STEP][PASSED] - Statement - If (java.lang.String.valueOf(StockQty) >= java.lang.String.valueOf(RequestedQty)): null

2018-05-22 11:26:11 - [TEST_STEP][PASSED] - setText: Text '10' is set on object 'Object Repository/HealthpostToStore/Page_Store/input_txtqty'

2018-05-22 11:26:12 - [MESSAGE][PASSED] - Text '10' is set on object 'Object Repository/HealthpostToStore/Page_Store/input_txtqty'

2018-05-22 11:26:12 - [TEST_STEP][PASSED] - click: Object: 'Object Repository/HealthpostToStore/Page_Store/button_Add' is clicked on

2018-05-22 11:26:12 - [MESSAGE][PASSED] - Object: 'Object Repository/HealthpostToStore/Page_Store/button_Add' is clicked on

2018-05-22 11:26:12 - [TEST_STEP][PASSED] - Statement - Break: null

2018-05-22 11:26:12 - [TEST_STEP][PASSED] - selectOptionByIndex: All options with index in [12] are selected on object 'Object Repository/HealthpostToStore/Page_Store/select_--Select--Adernaline 0.'

2018-05-22 11:26:12 - [MESSAGE][PASSED] - All options with index in [12] are selected on object 'Object Repository/HealthpostToStore/Page_Store/select_--Select--Adernaline 0.'

2018-05-22 11:26:12 - [TEST_STEP][PASSED] - delay: Delayed 2 second(s)

2018-05-22 11:26:14 - [MESSAGE][PASSED] - Delayed 2 second(s)

2018-05-22 11:26:14 - [TEST_STEP][PASSED] - Statement - RequestedQty = com.kms.katalon.core.webui.keyword.WebUiBuiltInKeywords.getAttribute(com.kms.katalon.core.testobject.ObjectRepository.findTestObject(HealthpostToStore/Page_Store/input_txttotal), "value"): Attribute 'value' of object 'Object Repository/HealthpostToStore/Page_Store/input_txttotal' is: '10'

2018-05-22 11:26:14 - [MESSAGE][PASSED] - Attribute 'value' of object 'Object Repository/HealthpostToStore/Page_Store/input_txttotal' is: '10'

2018-05-22 11:26:14 - [TEST_STEP][PASSED] - Statement - out.println("Requested QTY : " + RequestedQty): null

2018-05-22 11:26:14 - [TEST_STEP][PASSED] - Statement - BatchNumber = com.kms.katalon.core.webui.keyword.WebUiBuiltInKeywords.getNumberOfTotalOption(com.kms.katalon.core.testobject.ObjectRepository.findTestObject(HealthpostToStore/Page_Store/select_--Select--BA1170BA2376B)): 3 options of object 'Object Repository/HealthpostToStore/Page_Store/select_--Select--BA1170BA2376B' counted

2018-05-22 11:26:14 - [MESSAGE][PASSED] - 3 options of object 'Object Repository/HealthpostToStore/Page_Store/select_--Select--BA1170BA2376B' counted

2018-05-22 11:26:14 - [TEST_STEP][PASSED] - Statement - For ([g = 1, g <= BatchNumber - 1, (g++)]): null

2018-05-22 11:26:14 - [TEST_STEP][PASSED] - selectOptionByIndex: All options with index in [1] are selected on object 'Object Repository/HealthpostToStore/Page_Store/select_--Select--BA1170BA2376B'

2018-05-22 11:26:14 - [MESSAGE][PASSED] - All options with index in [1] are selected on object 'Object Repository/HealthpostToStore/Page_Store/select_--Select--BA1170BA2376B'

2018-05-22 11:26:14 - [TEST_STEP][PASSED] - Statement - Try: null

2018-05-22 11:26:14 - [TEST_STEP][PASSED] - Statement - StockQty = com.kms.katalon.core.webui.keyword.WebUiBuiltInKeywords.getAttribute(com.kms.katalon.core.testobject.ObjectRepository.findTestObject(HealthpostToStore/Page_Store/input_txtprice), "value"): Attribute 'value' of object 'Object Repository/HealthpostToStore/Page_Store/input_txtprice' is: '1130'

2018-05-22 11:26:14 - [MESSAGE][PASSED] - Attribute 'value' of object 'Object Repository/HealthpostToStore/Page_Store/input_txtprice' is: '1130'

2018-05-22 11:26:14 - [TEST_STEP][PASSED] - Statement - out.println("Stock QTY : " + StockQty): null

2018-05-22 11:26:14 - [TEST_STEP][PASSED] - delay: Delayed 2 second(s)

2018-05-22 11:26:16 - [MESSAGE][PASSED] - Delayed 2 second(s)

2018-05-22 11:26:16 - [TEST_STEP][PASSED] - Statement - If (java.lang.String.valueOf(StockQty) >= java.lang.String.valueOf(RequestedQty)): null

2018-05-22 11:26:16 - [TEST_STEP][PASSED] - setText: Text '10' is set on object 'Object Repository/HealthpostToStore/Page_Store/input_txtqty'

2018-05-22 11:26:16 - [MESSAGE][PASSED] - Text '10' is set on object 'Object Repository/HealthpostToStore/Page_Store/input_txtqty'

2018-05-22 11:26:16 - [TEST_STEP][PASSED] - click: Object: 'Object Repository/HealthpostToStore/Page_Store/button_Add' is clicked on

2018-05-22 11:26:16 - [MESSAGE][PASSED] - Object: 'Object Repository/HealthpostToStore/Page_Store/button_Add' is clicked on

2018-05-22 11:26:16 - [TEST_STEP][PASSED] - Statement - Break: null

2018-05-22 11:26:16 - [TEST_STEP][PASSED] - selectOptionByIndex: All options with index in [13] are selected on object 'Object Repository/HealthpostToStore/Page_Store/select_--Select--Adernaline 0.'

2018-05-22 11:26:17 - [MESSAGE][PASSED] - All options with index in [13] are selected on object 'Object Repository/HealthpostToStore/Page_Store/select_--Select--Adernaline 0.'

2018-05-22 11:26:17 - [TEST_STEP][PASSED] - delay: Delayed 2 second(s)

2018-05-22 11:26:19 - [MESSAGE][PASSED] - Delayed 2 second(s)

2018-05-22 11:26:19 - [TEST_STEP][PASSED] - Statement - RequestedQty = com.kms.katalon.core.webui.keyword.WebUiBuiltInKeywords.getAttribute(com.kms.katalon.core.testobject.ObjectRepository.findTestObject(HealthpostToStore/Page_Store/input_txttotal), "value"): Attribute 'value' of object 'Object Repository/HealthpostToStore/Page_Store/input_txttotal' is: '10'

2018-05-22 11:26:19 - [MESSAGE][PASSED] - Attribute 'value' of object 'Object Repository/HealthpostToStore/Page_Store/input_txttotal' is: '10'

2018-05-22 11:26:19 - [TEST_STEP][PASSED] - Statement - out.println("Requested QTY : " + RequestedQty): null

2018-05-22 11:26:19 - [TEST_STEP][PASSED] - Statement - BatchNumber = com.kms.katalon.core.webui.keyword.WebUiBuiltInKeywords.getNumberOfTotalOption(com.kms.katalon.core.testobject.ObjectRepository.findTestObject(HealthpostToStore/Page_Store/select_--Select--BA1170BA2376B)): 4 options of object 'Object Repository/HealthpostToStore/Page_Store/select_--Select--BA1170BA2376B' counted

2018-05-22 11:26:19 - [MESSAGE][PASSED] - 4 options of object 'Object Repository/HealthpostToStore/Page_Store/select_--Select--BA1170BA2376B' counted

2018-05-22 11:26:19 - [TEST_STEP][PASSED] - Statement - For ([g = 1, g <= BatchNumber - 1, (g++)]): null

2018-05-22 11:26:19 - [TEST_STEP][PASSED] - selectOptionByIndex: All options with index in [1] are selected on object 'Object Repository/HealthpostToStore/Page_Store/select_--Select--BA1170BA2376B'

2018-05-22 11:26:19 - [MESSAGE][PASSED] - All options with index in [1] are selected on object 'Object Repository/HealthpostToStore/Page_Store/select_--Select--BA1170BA2376B'

2018-05-22 11:26:19 - [TEST_STEP][PASSED] - Statement - Try: null

2018-05-22 11:26:19 - [TEST_STEP][PASSED] - Statement - StockQty = com.kms.katalon.core.webui.keyword.WebUiBuiltInKeywords.getAttribute(com.kms.katalon.core.testobject.ObjectRepository.findTestObject(HealthpostToStore/Page_Store/input_txtprice), "value"): Attribute 'value' of object 'Object Repository/HealthpostToStore/Page_Store/input_txtprice' is: '90'

2018-05-22 11:26:19 - [MESSAGE][PASSED] - Attribute 'value' of object 'Object Repository/HealthpostToStore/Page_Store/input_txtprice' is: '90'

2018-05-22 11:26:19 - [TEST_STEP][PASSED] - Statement - out.println("Stock QTY : " + StockQty): null

2018-05-22 11:26:19 - [TEST_STEP][PASSED] - delay: Delayed 2 second(s)

2018-05-22 11:26:21 - [MESSAGE][PASSED] - Delayed 2 second(s)

2018-05-22 11:26:21 - [TEST_STEP][PASSED] - Statement - If (java.lang.String.valueOf(StockQty) >= java.lang.String.valueOf(RequestedQty)): null

2018-05-22 11:26:21 - [TEST_STEP][PASSED] - setText: Text '10' is set on object 'Object Repository/HealthpostToStore/Page_Store/input_txtqty'

2018-05-22 11:26:21 - [MESSAGE][PASSED] - Text '10' is set on object 'Object Repository/HealthpostToStore/Page_Store/input_txtqty'

2018-05-22 11:26:21 - [TEST_STEP][PASSED] - click: Object: 'Object Repository/HealthpostToStore/Page_Store/button_Add' is clicked on

2018-05-22 11:26:21 - [MESSAGE][PASSED] - Object: 'Object Repository/HealthpostToStore/Page_Store/button_Add' is clicked on

2018-05-22 11:26:21 - [TEST_STEP][PASSED] - Statement - Break: null

2018-05-22 11:26:21 - [TEST_STEP][PASSED] - selectOptionByIndex: All options with index in [14] are selected on object 'Object Repository/HealthpostToStore/Page_Store/select_--Select--Adernaline 0.'

2018-05-22 11:26:21 - [MESSAGE][PASSED] - All options with index in [14] are selected on object 'Object Repository/HealthpostToStore/Page_Store/select_--Select--Adernaline 0.'

2018-05-22 11:26:21 - [TEST_STEP][PASSED] - delay: Delayed 2 second(s)

2018-05-22 11:26:23 - [MESSAGE][PASSED] - Delayed 2 second(s)

2018-05-22 11:26:23 - [TEST_STEP][PASSED] - Statement - RequestedQty = com.kms.katalon.core.webui.keyword.WebUiBuiltInKeywords.getAttribute(com.kms.katalon.core.testobject.ObjectRepository.findTestObject(HealthpostToStore/Page_Store/input_txttotal), "value"): Attribute 'value' of object 'Object Repository/HealthpostToStore/Page_Store/input_txttotal' is: '10'

2018-05-22 11:26:23 - [MESSAGE][PASSED] - Attribute 'value' of object 'Object Repository/HealthpostToStore/Page_Store/input_txttotal' is: '10'

2018-05-22 11:26:23 - [TEST_STEP][PASSED] - Statement - out.println("Requested QTY : " + RequestedQty): null

2018-05-22 11:26:23 - [TEST_STEP][PASSED] - Statement - BatchNumber = com.kms.katalon.core.webui.keyword.WebUiBuiltInKeywords.getNumberOfTotalOption(com.kms.katalon.core.testobject.ObjectRepository.findTestObject(HealthpostToStore/Page_Store/select_--Select--BA1170BA2376B)): 5 options of object 'Object Repository/HealthpostToStore/Page_Store/select_--Select--BA1170BA2376B' counted

2018-05-22 11:26:23 - [MESSAGE][PASSED] - 5 options of object 'Object Repository/HealthpostToStore/Page_Store/select_--Select--BA1170BA2376B' counted

2018-05-22 11:26:23 - [TEST_STEP][PASSED] - Statement - For ([g = 1, g <= BatchNumber - 1, (g++)]): null

2018-05-22 11:26:23 - [TEST_STEP][PASSED] - selectOptionByIndex: All options with index in [1] are selected on object 'Object Repository/HealthpostToStore/Page_Store/select_--Select--BA1170BA2376B'

2018-05-22 11:26:23 - [MESSAGE][PASSED] - All options with index in [1] are selected on object 'Object Repository/HealthpostToStore/Page_Store/select_--Select--BA1170BA2376B'

2018-05-22 11:26:23 - [TEST_STEP][PASSED] - Statement - Try: null

2018-05-22 11:26:23 - [TEST_STEP][PASSED] - Statement - StockQty = com.kms.katalon.core.webui.keyword.WebUiBuiltInKeywords.getAttribute(com.kms.katalon.core.testobject.ObjectRepository.findTestObject(HealthpostToStore/Page_Store/input_txtprice), "value"): Attribute 'value' of object 'Object Repository/HealthpostToStore/Page_Store/input_txtprice' is: '90'

2018-05-22 11:26:23 - [MESSAGE][PASSED] - Attribute 'value' of object 'Object Repository/HealthpostToStore/Page_Store/input_txtprice' is: '90'

2018-05-22 11:26:23 - [TEST_STEP][PASSED] - Statement - out.println("Stock QTY : " + StockQty): null

2018-05-22 11:26:23 - [TEST_STEP][PASSED] - delay: Delayed 2 second(s)

2018-05-22 11:26:25 - [MESSAGE][PASSED] - Delayed 2 second(s)

2018-05-22 11:26:25 - [TEST_STEP][PASSED] - Statement - If (java.lang.String.valueOf(StockQty) >= java.lang.String.valueOf(RequestedQty)): null

2018-05-22 11:26:25 - [TEST_STEP][PASSED] - setText: Text '10' is set on object 'Object Repository/HealthpostToStore/Page_Store/input_txtqty'

2018-05-22 11:26:26 - [MESSAGE][PASSED] - Text '10' is set on object 'Object Repository/HealthpostToStore/Page_Store/input_txtqty'

2018-05-22 11:26:26 - [TEST_STEP][PASSED] - click: Object: 'Object Repository/HealthpostToStore/Page_Store/button_Add' is clicked on

2018-05-22 11:26:26 - [MESSAGE][PASSED] - Object: 'Object Repository/HealthpostToStore/Page_Store/button_Add' is clicked on

2018-05-22 11:26:26 - [TEST_STEP][PASSED] - Statement - Break: null

2018-05-22 11:26:26 - [TEST_STEP][PASSED] - selectOptionByIndex: All options with index in [15] are selected on object 'Object Repository/HealthpostToStore/Page_Store/select_--Select--Adernaline 0.'

2018-05-22 11:26:26 - [MESSAGE][PASSED] - All options with index in [15] are selected on object 'Object Repository/HealthpostToStore/Page_Store/select_--Select--Adernaline 0.'

2018-05-22 11:26:26 - [TEST_STEP][PASSED] - delay: Delayed 2 second(s)

2018-05-22 11:26:28 - [MESSAGE][PASSED] - Delayed 2 second(s)

2018-05-22 11:26:28 - [TEST_STEP][PASSED] - Statement - RequestedQty = com.kms.katalon.core.webui.keyword.WebUiBuiltInKeywords.getAttribute(com.kms.katalon.core.testobject.ObjectRepository.findTestObject(HealthpostToStore/Page_Store/input_txttotal), "value"): Attribute 'value' of object 'Object Repository/HealthpostToStore/Page_Store/input_txttotal' is: '10'

2018-05-22 11:26:28 - [MESSAGE][PASSED] - Attribute 'value' of object 'Object Repository/HealthpostToStore/Page_Store/input_txttotal' is: '10'

2018-05-22 11:26:28 - [TEST_STEP][PASSED] - Statement - out.println("Requested QTY : " + RequestedQty): null

2018-05-22 11:26:28 - [TEST_STEP][PASSED] - Statement - BatchNumber = com.kms.katalon.core.webui.keyword.WebUiBuiltInKeywords.getNumberOfTotalOption(com.kms.katalon.core.testobject.ObjectRepository.findTestObject(HealthpostToStore/Page_Store/select_--Select--BA1170BA2376B)): 4 options of object 'Object Repository/HealthpostToStore/Page_Store/select_--Select--BA1170BA2376B' counted

2018-05-22 11:26:28 - [MESSAGE][PASSED] - 4 options of object 'Object Repository/HealthpostToStore/Page_Store/select_--Select--BA1170BA2376B' counted

2018-05-22 11:26:28 - [TEST_STEP][PASSED] - Statement - For ([g = 1, g <= BatchNumber - 1, (g++)]): null

2018-05-22 11:26:28 - [TEST_STEP][PASSED] - selectOptionByIndex: All options with index in [1] are selected on object 'Object Repository/HealthpostToStore/Page_Store/select_--Select--BA1170BA2376B'

2018-05-22 11:26:28 - [MESSAGE][PASSED] - All options with index in [1] are selected on object 'Object Repository/HealthpostToStore/Page_Store/select_--Select--BA1170BA2376B'

2018-05-22 11:26:28 - [TEST_STEP][PASSED] - Statement - Try: null

2018-05-22 11:26:28 - [TEST_STEP][PASSED] - Statement - StockQty = com.kms.katalon.core.webui.keyword.WebUiBuiltInKeywords.getAttribute(com.kms.katalon.core.testobject.ObjectRepository.findTestObject(HealthpostToStore/Page_Store/input_txtprice), "value"): Attribute 'value' of object 'Object Repository/HealthpostToStore/Page_Store/input_txtprice' is: '90'

2018-05-22 11:26:28 - [MESSAGE][PASSED] - Attribute 'value' of object 'Object Repository/HealthpostToStore/Page_Store/input_txtprice' is: '90'

2018-05-22 11:26:28 - [TEST_STEP][PASSED] - Statement - out.println("Stock QTY : " + StockQty): null

2018-05-22 11:26:28 - [TEST_STEP][PASSED] - delay: Delayed 2 second(s)

2018-05-22 11:26:30 - [MESSAGE][PASSED] - Delayed 2 second(s)

2018-05-22 11:26:30 - [TEST_STEP][PASSED] - Statement - If (java.lang.String.valueOf(StockQty) >= java.lang.String.valueOf(RequestedQty)): null

2018-05-22 11:26:30 - [TEST_STEP][PASSED] - setText: Text '10' is set on object 'Object Repository/HealthpostToStore/Page_Store/input_txtqty'

2018-05-22 11:26:30 - [MESSAGE][PASSED] - Text '10' is set on object 'Object Repository/HealthpostToStore/Page_Store/input_txtqty'

2018-05-22 11:26:30 - [TEST_STEP][PASSED] - click: Object: 'Object Repository/HealthpostToStore/Page_Store/button_Add' is clicked on

2018-05-22 11:26:30 - [MESSAGE][PASSED] - Object: 'Object Repository/HealthpostToStore/Page_Store/button_Add' is clicked on

2018-05-22 11:26:30 - [TEST_STEP][PASSED] - Statement - Break: null

2018-05-22 11:26:30 - [TEST_STEP][PASSED] - selectOptionByIndex: All options with index in [16] are selected on object 'Object Repository/HealthpostToStore/Page_Store/select_--Select--Adernaline 0.'

2018-05-22 11:26:31 - [MESSAGE][PASSED] - All options with index in [16] are selected on object 'Object Repository/HealthpostToStore/Page_Store/select_--Select--Adernaline 0.'

2018-05-22 11:26:31 - [TEST_STEP][PASSED] - delay: Delayed 2 second(s)

2018-05-22 11:26:33 - [MESSAGE][PASSED] - Delayed 2 second(s)

2018-05-22 11:26:33 - [TEST_STEP][PASSED] - Statement - RequestedQty = com.kms.katalon.core.webui.keyword.WebUiBuiltInKeywords.getAttribute(com.kms.katalon.core.testobject.ObjectRepository.findTestObject(HealthpostToStore/Page_Store/input_txttotal), "value"): Attribute 'value' of object 'Object Repository/HealthpostToStore/Page_Store/input_txttotal' is: '10'

2018-05-22 11:26:33 - [MESSAGE][PASSED] - Attribute 'value' of object 'Object Repository/HealthpostToStore/Page_Store/input_txttotal' is: '10'

2018-05-22 11:26:33 - [TEST_STEP][PASSED] - Statement - out.println("Requested QTY : " + RequestedQty): null

2018-05-22 11:26:33 - [TEST_STEP][PASSED] - Statement - BatchNumber = com.kms.katalon.core.webui.keyword.WebUiBuiltInKeywords.getNumberOfTotalOption(com.kms.katalon.core.testobject.ObjectRepository.findTestObject(HealthpostToStore/Page_Store/select_--Select--BA1170BA2376B)): 3 options of object 'Object Repository/HealthpostToStore/Page_Store/select_--Select--BA1170BA2376B' counted

2018-05-22 11:26:33 - [MESSAGE][PASSED] - 3 options of object 'Object Repository/HealthpostToStore/Page_Store/select_--Select--BA1170BA2376B' counted

2018-05-22 11:26:33 - [TEST_STEP][PASSED] - Statement - For ([g = 1, g <= BatchNumber - 1, (g++)]): null

2018-05-22 11:26:33 - [TEST_STEP][PASSED] - selectOptionByIndex: All options with index in [1] are selected on object 'Object Repository/HealthpostToStore/Page_Store/select_--Select--BA1170BA2376B'

2018-05-22 11:26:33 - [MESSAGE][PASSED] - All options with index in [1] are selected on object 'Object Repository/HealthpostToStore/Page_Store/select_--Select--BA1170BA2376B'

2018-05-22 11:26:33 - [TEST_STEP][PASSED] - Statement - Try: null

2018-05-22 11:26:33 - [TEST_STEP][PASSED] - Statement - StockQty = com.kms.katalon.core.webui.keyword.WebUiBuiltInKeywords.getAttribute(com.kms.katalon.core.testobject.ObjectRepository.findTestObject(HealthpostToStore/Page_Store/input_txtprice), "value"): Attribute 'value' of object 'Object Repository/HealthpostToStore/Page_Store/input_txtprice' is: '1140'

2018-05-22 11:26:33 - [MESSAGE][PASSED] - Attribute 'value' of object 'Object Repository/HealthpostToStore/Page_Store/input_txtprice' is: '1140'

2018-05-22 11:26:33 - [TEST_STEP][PASSED] - Statement - out.println("Stock QTY : " + StockQty): null

2018-05-22 11:26:33 - [TEST_STEP][PASSED] - delay: Delayed 2 second(s)

2018-05-22 11:26:35 - [MESSAGE][PASSED] - Delayed 2 second(s)

2018-05-22 11:26:35 - [TEST_STEP][PASSED] - Statement - If (java.lang.String.valueOf(StockQty) >= java.lang.String.valueOf(RequestedQty)): null

2018-05-22 11:26:35 - [TEST_STEP][PASSED] - setText: Text '10' is set on object 'Object Repository/HealthpostToStore/Page_Store/input_txtqty'

2018-05-22 11:26:35 - [MESSAGE][PASSED] - Text '10' is set on object 'Object Repository/HealthpostToStore/Page_Store/input_txtqty'

2018-05-22 11:26:35 - [TEST_STEP][PASSED] - click: Object: 'Object Repository/HealthpostToStore/Page_Store/button_Add' is clicked on

2018-05-22 11:26:35 - [MESSAGE][PASSED] - Object: 'Object Repository/HealthpostToStore/Page_Store/button_Add' is clicked on

2018-05-22 11:26:35 - [TEST_STEP][PASSED] - Statement - Break: null

2018-05-22 11:26:35 - [TEST_STEP][PASSED] - selectOptionByIndex: All options with index in [17] are selected on object 'Object Repository/HealthpostToStore/Page_Store/select_--Select--Adernaline 0.'

2018-05-22 11:26:35 - [MESSAGE][PASSED] - All options with index in [17] are selected on object 'Object Repository/HealthpostToStore/Page_Store/select_--Select--Adernaline 0.'

2018-05-22 11:26:35 - [TEST_STEP][PASSED] - delay: Delayed 2 second(s)

2018-05-22 11:26:37 - [MESSAGE][PASSED] - Delayed 2 second(s)

2018-05-22 11:26:37 - [TEST_STEP][PASSED] - Statement - RequestedQty = com.kms.katalon.core.webui.keyword.WebUiBuiltInKeywords.getAttribute(com.kms.katalon.core.testobject.ObjectRepository.findTestObject(HealthpostToStore/Page_Store/input_txttotal), "value"): Attribute 'value' of object 'Object Repository/HealthpostToStore/Page_Store/input_txttotal' is: '10'

2018-05-22 11:26:37 - [MESSAGE][PASSED] - Attribute 'value' of object 'Object Repository/HealthpostToStore/Page_Store/input_txttotal' is: '10'

2018-05-22 11:26:37 - [TEST_STEP][PASSED] - Statement - out.println("Requested QTY : " + RequestedQty): null

2018-05-22 11:26:37 - [TEST_STEP][PASSED] - Statement - BatchNumber = com.kms.katalon.core.webui.keyword.WebUiBuiltInKeywords.getNumberOfTotalOption(com.kms.katalon.core.testobject.ObjectRepository.findTestObject(HealthpostToStore/Page_Store/select_--Select--BA1170BA2376B)): 4 options of object 'Object Repository/HealthpostToStore/Page_Store/select_--Select--BA1170BA2376B' counted

2018-05-22 11:26:38 - [MESSAGE][PASSED] - 4 options of object 'Object Repository/HealthpostToStore/Page_Store/select_--Select--BA1170BA2376B' counted

2018-05-22 11:26:38 - [TEST_STEP][PASSED] - Statement - For ([g = 1, g <= BatchNumber - 1, (g++)]): null

2018-05-22 11:26:38 - [TEST_STEP][PASSED] - selectOptionByIndex: All options with index in [1] are selected on object 'Object Repository/HealthpostToStore/Page_Store/select_--Select--BA1170BA2376B'

2018-05-22 11:26:38 - [MESSAGE][PASSED] - All options with index in [1] are selected on object 'Object Repository/HealthpostToStore/Page_Store/select_--Select--BA1170BA2376B'

2018-05-22 11:26:38 - [TEST_STEP][PASSED] - Statement - Try: null

2018-05-22 11:26:38 - [TEST_STEP][PASSED] - Statement - StockQty = com.kms.katalon.core.webui.keyword.WebUiBuiltInKeywords.getAttribute(com.kms.katalon.core.testobject.ObjectRepository.findTestObject(HealthpostToStore/Page_Store/input_txtprice), "value"): Attribute 'value' of object 'Object Repository/HealthpostToStore/Page_Store/input_txtprice' is: '90'

2018-05-22 11:26:38 - [MESSAGE][PASSED] - Attribute 'value' of object 'Object Repository/HealthpostToStore/Page_Store/input_txtprice' is: '90'

2018-05-22 11:26:38 - [TEST_STEP][PASSED] - Statement - out.println("Stock QTY : " + StockQty): null

2018-05-22 11:26:38 - [TEST_STEP][PASSED] - delay: Delayed 2 second(s)

2018-05-22 11:26:40 - [MESSAGE][PASSED] - Delayed 2 second(s)

2018-05-22 11:26:40 - [TEST_STEP][PASSED] - Statement - If (java.lang.String.valueOf(StockQty) >= java.lang.String.valueOf(RequestedQty)): null

2018-05-22 11:26:40 - [TEST_STEP][PASSED] - setText: Text '10' is set on object 'Object Repository/HealthpostToStore/Page_Store/input_txtqty'

2018-05-22 11:26:40 - [MESSAGE][PASSED] - Text '10' is set on object 'Object Repository/HealthpostToStore/Page_Store/input_txtqty'

2018-05-22 11:26:40 - [TEST_STEP][PASSED] - click: Object: 'Object Repository/HealthpostToStore/Page_Store/button_Add' is clicked on

2018-05-22 11:26:40 - [MESSAGE][PASSED] - Object: 'Object Repository/HealthpostToStore/Page_Store/button_Add' is clicked on

2018-05-22 11:26:40 - [TEST_STEP][PASSED] - Statement - Break: null

2018-05-22 11:26:40 - [TEST_STEP][PASSED] - selectOptionByIndex: All options with index in [18] are selected on object 'Object Repository/HealthpostToStore/Page_Store/select_--Select--Adernaline 0.'

2018-05-22 11:26:40 - [MESSAGE][PASSED] - All options with index in [18] are selected on object 'Object Repository/HealthpostToStore/Page_Store/select_--Select--Adernaline 0.'

2018-05-22 11:26:40 - [TEST_STEP][PASSED] - delay: Delayed 2 second(s)

2018-05-22 11:26:42 - [MESSAGE][PASSED] - Delayed 2 second(s)

2018-05-22 11:26:42 - [TEST_STEP][PASSED] - Statement - RequestedQty = com.kms.katalon.core.webui.keyword.WebUiBuiltInKeywords.getAttribute(com.kms.katalon.core.testobject.ObjectRepository.findTestObject(HealthpostToStore/Page_Store/input_txttotal), "value"): Attribute 'value' of object 'Object Repository/HealthpostToStore/Page_Store/input_txttotal' is: '10'

2018-05-22 11:26:42 - [MESSAGE][PASSED] - Attribute 'value' of object 'Object Repository/HealthpostToStore/Page_Store/input_txttotal' is: '10'

2018-05-22 11:26:42 - [TEST_STEP][PASSED] - Statement - out.println("Requested QTY : " + RequestedQty): null

2018-05-22 11:26:42 - [TEST_STEP][PASSED] - Statement - BatchNumber = com.kms.katalon.core.webui.keyword.WebUiBuiltInKeywords.getNumberOfTotalOption(com.kms.katalon.core.testobject.ObjectRepository.findTestObject(HealthpostToStore/Page_Store/select_--Select--BA1170BA2376B)): 3 options of object 'Object Repository/HealthpostToStore/Page_Store/select_--Select--BA1170BA2376B' counted

2018-05-22 11:26:42 - [MESSAGE][PASSED] - 3 options of object 'Object Repository/HealthpostToStore/Page_Store/select_--Select--BA1170BA2376B' counted

2018-05-22 11:26:42 - [TEST_STEP][PASSED] - Statement - For ([g = 1, g <= BatchNumber - 1, (g++)]): null

2018-05-22 11:26:42 - [TEST_STEP][PASSED] - selectOptionByIndex: All options with index in [1] are selected on object 'Object Repository/HealthpostToStore/Page_Store/select_--Select--BA1170BA2376B'

2018-05-22 11:26:42 - [MESSAGE][PASSED] - All options with index in [1] are selected on object 'Object Repository/HealthpostToStore/Page_Store/select_--Select--BA1170BA2376B'

2018-05-22 11:26:42 - [TEST_STEP][PASSED] - Statement - Try: null

2018-05-22 11:26:42 - [TEST_STEP][PASSED] - Statement - StockQty = com.kms.katalon.core.webui.keyword.WebUiBuiltInKeywords.getAttribute(com.kms.katalon.core.testobject.ObjectRepository.findTestObject(HealthpostToStore/Page_Store/input_txtprice), "value"): Attribute 'value' of object 'Object Repository/HealthpostToStore/Page_Store/input_txtprice' is: '1130'

2018-05-22 11:26:43 - [MESSAGE][PASSED] - Attribute 'value' of object 'Object Repository/HealthpostToStore/Page_Store/input_txtprice' is: '1130'

2018-05-22 11:26:43 - [TEST_STEP][PASSED] - Statement - out.println("Stock QTY : " + StockQty): null

2018-05-22 11:26:43 - [TEST_STEP][PASSED] - delay: Delayed 2 second(s)

2018-05-22 11:26:45 - [MESSAGE][PASSED] - Delayed 2 second(s)

2018-05-22 11:26:45 - [TEST_STEP][PASSED] - Statement - If (java.lang.String.valueOf(StockQty) >= java.lang.String.valueOf(RequestedQty)): null

2018-05-22 11:26:45 - [TEST_STEP][PASSED] - setText: Text '10' is set on object 'Object Repository/HealthpostToStore/Page_Store/input_txtqty'

2018-05-22 11:26:45 - [MESSAGE][PASSED] - Text '10' is set on object 'Object Repository/HealthpostToStore/Page_Store/input_txtqty'

2018-05-22 11:26:45 - [TEST_STEP][PASSED] - click: Object: 'Object Repository/HealthpostToStore/Page_Store/button_Add' is clicked on

2018-05-22 11:26:50 - [MESSAGE][PASSED] - Object: 'Object Repository/HealthpostToStore/Page_Store/button_Add' is clicked on

2018-05-22 11:26:50 - [TEST_STEP][PASSED] - Statement - Break: null

2018-05-22 11:26:50 - [TEST_STEP][PASSED] - selectOptionByIndex: All options with index in [19] are selected on object 'Object Repository/HealthpostToStore/Page_Store/select_--Select--Adernaline 0.'

2018-05-22 11:26:50 - [MESSAGE][PASSED] - All options with index in [19] are selected on object 'Object Repository/HealthpostToStore/Page_Store/select_--Select--Adernaline 0.'

2018-05-22 11:26:50 - [TEST_STEP][PASSED] - delay: Delayed 2 second(s)

2018-05-22 11:26:52 - [MESSAGE][PASSED] - Delayed 2 second(s)

2018-05-22 11:26:52 - [TEST_STEP][PASSED] - Statement - RequestedQty = com.kms.katalon.core.webui.keyword.WebUiBuiltInKeywords.getAttribute(com.kms.katalon.core.testobject.ObjectRepository.findTestObject(HealthpostToStore/Page_Store/input_txttotal), "value"): Attribute 'value' of object 'Object Repository/HealthpostToStore/Page_Store/input_txttotal' is: '10'

2018-05-22 11:26:52 - [MESSAGE][PASSED] - Attribute 'value' of object 'Object Repository/HealthpostToStore/Page_Store/input_txttotal' is: '10'

2018-05-22 11:26:52 - [TEST_STEP][PASSED] - Statement - out.println("Requested QTY : " + RequestedQty): null

2018-05-22 11:26:52 - [TEST_STEP][PASSED] - Statement - BatchNumber = com.kms.katalon.core.webui.keyword.WebUiBuiltInKeywords.getNumberOfTotalOption(com.kms.katalon.core.testobject.ObjectRepository.findTestObject(HealthpostToStore/Page_Store/select_--Select--BA1170BA2376B)): 4 options of object 'Object Repository/HealthpostToStore/Page_Store/select_--Select--BA1170BA2376B' counted

2018-05-22 11:26:52 - [MESSAGE][PASSED] - 4 options of object 'Object Repository/HealthpostToStore/Page_Store/select_--Select--BA1170BA2376B' counted

2018-05-22 11:26:52 - [TEST_STEP][PASSED] - Statement - For ([g = 1, g <= BatchNumber - 1, (g++)]): null

2018-05-22 11:26:52 - [TEST_STEP][PASSED] - selectOptionByIndex: All options with index in [1] are selected on object 'Object Repository/HealthpostToStore/Page_Store/select_--Select--BA1170BA2376B'

2018-05-22 11:26:52 - [MESSAGE][PASSED] - All options with index in [1] are selected on object 'Object Repository/HealthpostToStore/Page_Store/select_--Select--BA1170BA2376B'

2018-05-22 11:26:52 - [TEST_STEP][PASSED] - Statement - Try: null

2018-05-22 11:26:52 - [TEST_STEP][PASSED] - Statement - StockQty = com.kms.katalon.core.webui.keyword.WebUiBuiltInKeywords.getAttribute(com.kms.katalon.core.testobject.ObjectRepository.findTestObject(HealthpostToStore/Page_Store/input_txtprice), "value"): Attribute 'value' of object 'Object Repository/HealthpostToStore/Page_Store/input_txtprice' is: '2030'

2018-05-22 11:26:52 - [MESSAGE][PASSED] - Attribute 'value' of object 'Object Repository/HealthpostToStore/Page_Store/input_txtprice' is: '2030'

2018-05-22 11:26:52 - [TEST_STEP][PASSED] - Statement - out.println("Stock QTY : " + StockQty): null

2018-05-22 11:26:52 - [TEST_STEP][PASSED] - delay: Delayed 2 second(s)

2018-05-22 11:26:54 - [MESSAGE][PASSED] - Delayed 2 second(s)

2018-05-22 11:26:54 - [TEST_STEP][PASSED] - Statement - If (java.lang.String.valueOf(StockQty) >= java.lang.String.valueOf(RequestedQty)): null

2018-05-22 11:26:54 - [TEST_STEP][PASSED] - setText: Text '10' is set on object 'Object Repository/HealthpostToStore/Page_Store/input_txtqty'

2018-05-22 11:26:54 - [MESSAGE][PASSED] - Text '10' is set on object 'Object Repository/HealthpostToStore/Page_Store/input_txtqty'

2018-05-22 11:26:54 - [TEST_STEP][PASSED] - click: Object: 'Object Repository/HealthpostToStore/Page_Store/button_Add' is clicked on

2018-05-22 11:27:00 - [MESSAGE][PASSED] - Object: 'Object Repository/HealthpostToStore/Page_Store/button_Add' is clicked on

2018-05-22 11:27:00 - [TEST_STEP][PASSED] - Statement - Break: null

2018-05-22 11:27:00 - [TEST_STEP][PASSED] - selectOptionByIndex: All options with index in [20] are selected on object 'Object Repository/HealthpostToStore/Page_Store/select_--Select--Adernaline 0.'

2018-05-22 11:27:00 - [MESSAGE][PASSED] - All options with index in [20] are selected on object 'Object Repository/HealthpostToStore/Page_Store/select_--Select--Adernaline 0.'

2018-05-22 11:27:00 - [TEST_STEP][PASSED] - delay: Delayed 2 second(s)

2018-05-22 11:27:02 - [MESSAGE][PASSED] - Delayed 2 second(s)

2018-05-22 11:27:02 - [TEST_STEP][PASSED] - Statement - RequestedQty = com.kms.katalon.core.webui.keyword.WebUiBuiltInKeywords.getAttribute(com.kms.katalon.core.testobject.ObjectRepository.findTestObject(HealthpostToStore/Page_Store/input_txttotal), "value"): Attribute 'value' of object 'Object Repository/HealthpostToStore/Page_Store/input_txttotal' is: '10'

2018-05-22 11:27:02 - [MESSAGE][PASSED] - Attribute 'value' of object 'Object Repository/HealthpostToStore/Page_Store/input_txttotal' is: '10'

2018-05-22 11:27:02 - [TEST_STEP][PASSED] - Statement - out.println("Requested QTY : " + RequestedQty): null

2018-05-22 11:27:02 - [TEST_STEP][PASSED] - Statement - BatchNumber = com.kms.katalon.core.webui.keyword.WebUiBuiltInKeywords.getNumberOfTotalOption(com.kms.katalon.core.testobject.ObjectRepository.findTestObject(HealthpostToStore/Page_Store/select_--Select--BA1170BA2376B)): 4 options of object 'Object Repository/HealthpostToStore/Page_Store/select_--Select--BA1170BA2376B' counted

2018-05-22 11:27:02 - [MESSAGE][PASSED] - 4 options of object 'Object Repository/HealthpostToStore/Page_Store/select_--Select--BA1170BA2376B' counted

2018-05-22 11:27:02 - [TEST_STEP][PASSED] - Statement - For ([g = 1, g <= BatchNumber - 1, (g++)]): null

2018-05-22 11:27:02 - [TEST_STEP][PASSED] - selectOptionByIndex: All options with index in [1] are selected on object 'Object Repository/HealthpostToStore/Page_Store/select_--Select--BA1170BA2376B'

2018-05-22 11:27:02 - [MESSAGE][PASSED] - All options with index in [1] are selected on object 'Object Repository/HealthpostToStore/Page_Store/select_--Select--BA1170BA2376B'

2018-05-22 11:27:02 - [TEST_STEP][PASSED] - Statement - Try: null

2018-05-22 11:27:02 - [TEST_STEP][PASSED] - Statement - StockQty = com.kms.katalon.core.webui.keyword.WebUiBuiltInKeywords.getAttribute(com.kms.katalon.core.testobject.ObjectRepository.findTestObject(HealthpostToStore/Page_Store/input_txtprice), "value"): Attribute 'value' of object 'Object Repository/HealthpostToStore/Page_Store/input_txtprice' is: '90'

2018-05-22 11:27:02 - [MESSAGE][PASSED] - Attribute 'value' of object 'Object Repository/HealthpostToStore/Page_Store/input_txtprice' is: '90'

2018-05-22 11:27:02 - [TEST_STEP][PASSED] - Statement - out.println("Stock QTY : " + StockQty): null

2018-05-22 11:27:02 - [TEST_STEP][PASSED] - delay: Delayed 2 second(s)

2018-05-22 11:27:04 - [MESSAGE][PASSED] - Delayed 2 second(s)

2018-05-22 11:27:04 - [TEST_STEP][PASSED] - Statement - If (java.lang.String.valueOf(StockQty) >= java.lang.String.valueOf(RequestedQty)): null

2018-05-22 11:27:04 - [TEST_STEP][PASSED] - setText: Text '10' is set on object 'Object Repository/HealthpostToStore/Page_Store/input_txtqty'

2018-05-22 11:27:04 - [MESSAGE][PASSED] - Text '10' is set on object 'Object Repository/HealthpostToStore/Page_Store/input_txtqty'

2018-05-22 11:27:04 - [TEST_STEP][PASSED] - click: Object: 'Object Repository/HealthpostToStore/Page_Store/button_Add' is clicked on

2018-05-22 11:27:09 - [MESSAGE][PASSED] - Object: 'Object Repository/HealthpostToStore/Page_Store/button_Add' is clicked on

2018-05-22 11:27:09 - [TEST_STEP][PASSED] - Statement - Break: null

2018-05-22 11:27:09 - [TEST_STEP][PASSED] - selectOptionByIndex: All options with index in [21] are selected on object 'Object Repository/HealthpostToStore/Page_Store/select_--Select--Adernaline 0.'

2018-05-22 11:27:10 - [MESSAGE][PASSED] - All options with index in [21] are selected on object 'Object Repository/HealthpostToStore/Page_Store/select_--Select--Adernaline 0.'

2018-05-22 11:27:10 - [TEST_STEP][PASSED] - delay: Delayed 2 second(s)

2018-05-22 11:27:12 - [MESSAGE][PASSED] - Delayed 2 second(s)

2018-05-22 11:27:12 - [TEST_STEP][PASSED] - Statement - RequestedQty = com.kms.katalon.core.webui.keyword.WebUiBuiltInKeywords.getAttribute(com.kms.katalon.core.testobject.ObjectRepository.findTestObject(HealthpostToStore/Page_Store/input_txttotal), "value"): Attribute 'value' of object 'Object Repository/HealthpostToStore/Page_Store/input_txttotal' is: '10'

2018-05-22 11:27:12 - [MESSAGE][PASSED] - Attribute 'value' of object 'Object Repository/HealthpostToStore/Page_Store/input_txttotal' is: '10'

2018-05-22 11:27:12 - [TEST_STEP][PASSED] - Statement - out.println("Requested QTY : " + RequestedQty): null

2018-05-22 11:27:12 - [TEST_STEP][PASSED] - Statement - BatchNumber = com.kms.katalon.core.webui.keyword.WebUiBuiltInKeywords.getNumberOfTotalOption(com.kms.katalon.core.testobject.ObjectRepository.findTestObject(HealthpostToStore/Page_Store/select_--Select--BA1170BA2376B)): 4 options of object 'Object Repository/HealthpostToStore/Page_Store/select_--Select--BA1170BA2376B' counted

2018-05-22 11:27:12 - [MESSAGE][PASSED] - 4 options of object 'Object Repository/HealthpostToStore/Page_Store/select_--Select--BA1170BA2376B' counted

2018-05-22 11:27:12 - [TEST_STEP][PASSED] - Statement - For ([g = 1, g <= BatchNumber - 1, (g++)]): null

2018-05-22 11:27:12 - [TEST_STEP][PASSED] - selectOptionByIndex: All options with index in [1] are selected on object 'Object Repository/HealthpostToStore/Page_Store/select_--Select--BA1170BA2376B'

2018-05-22 11:27:12 - [MESSAGE][PASSED] - All options with index in [1] are selected on object 'Object Repository/HealthpostToStore/Page_Store/select_--Select--BA1170BA2376B'

2018-05-22 11:27:12 - [TEST_STEP][PASSED] - Statement - Try: null

2018-05-22 11:27:12 - [TEST_STEP][PASSED] - Statement - StockQty = com.kms.katalon.core.webui.keyword.WebUiBuiltInKeywords.getAttribute(com.kms.katalon.core.testobject.ObjectRepository.findTestObject(HealthpostToStore/Page_Store/input_txtprice), "value"): Attribute 'value' of object 'Object Repository/HealthpostToStore/Page_Store/input_txtprice' is: '90'

2018-05-22 11:27:12 - [MESSAGE][PASSED] - Attribute 'value' of object 'Object Repository/HealthpostToStore/Page_Store/input_txtprice' is: '90'

2018-05-22 11:27:12 - [TEST_STEP][PASSED] - Statement - out.println("Stock QTY : " + StockQty): null

2018-05-22 11:27:12 - [TEST_STEP][PASSED] - delay: Delayed 2 second(s)

2018-05-22 11:27:14 - [MESSAGE][PASSED] - Delayed 2 second(s)

2018-05-22 11:27:14 - [TEST_STEP][PASSED] - Statement - If (java.lang.String.valueOf(StockQty) >= java.lang.String.valueOf(RequestedQty)): null

2018-05-22 11:27:14 - [TEST_STEP][PASSED] - setText: Text '10' is set on object 'Object Repository/HealthpostToStore/Page_Store/input_txtqty'

2018-05-22 11:27:14 - [MESSAGE][PASSED] - Text '10' is set on object 'Object Repository/HealthpostToStore/Page_Store/input_txtqty'

2018-05-22 11:27:14 - [TEST_STEP][PASSED] - click: Object: 'Object Repository/HealthpostToStore/Page_Store/button_Add' is clicked on

2018-05-22 11:27:19 - [MESSAGE][PASSED] - Object: 'Object Repository/HealthpostToStore/Page_Store/button_Add' is clicked on

2018-05-22 11:27:19 - [TEST_STEP][PASSED] - Statement - Break: null

2018-05-22 11:27:19 - [TEST_STEP][PASSED] - selectOptionByIndex: All options with index in [22] are selected on object 'Object Repository/HealthpostToStore/Page_Store/select_--Select--Adernaline 0.'

2018-05-22 11:27:20 - [MESSAGE][PASSED] - All options with index in [22] are selected on object 'Object Repository/HealthpostToStore/Page_Store/select_--Select--Adernaline 0.'

2018-05-22 11:27:20 - [TEST_STEP][PASSED] - delay: Delayed 2 second(s)

2018-05-22 11:27:22 - [MESSAGE][PASSED] - Delayed 2 second(s)

2018-05-22 11:27:22 - [TEST_STEP][PASSED] - Statement - RequestedQty = com.kms.katalon.core.webui.keyword.WebUiBuiltInKeywords.getAttribute(com.kms.katalon.core.testobject.ObjectRepository.findTestObject(HealthpostToStore/Page_Store/input_txttotal), "value"): Attribute 'value' of object 'Object Repository/HealthpostToStore/Page_Store/input_txttotal' is: '10'

2018-05-22 11:27:22 - [MESSAGE][PASSED] - Attribute 'value' of object 'Object Repository/HealthpostToStore/Page_Store/input_txttotal' is: '10'

2018-05-22 11:27:22 - [TEST_STEP][PASSED] - Statement - out.println("Requested QTY : " + RequestedQty): null

2018-05-22 11:27:22 - [TEST_STEP][PASSED] - Statement - BatchNumber = com.kms.katalon.core.webui.keyword.WebUiBuiltInKeywords.getNumberOfTotalOption(com.kms.katalon.core.testobject.ObjectRepository.findTestObject(HealthpostToStore/Page_Store/select_--Select--BA1170BA2376B)): 3 options of object 'Object Repository/HealthpostToStore/Page_Store/select_--Select--BA1170BA2376B' counted

2018-05-22 11:27:22 - [MESSAGE][PASSED] - 3 options of object 'Object Repository/HealthpostToStore/Page_Store/select_--Select--BA1170BA2376B' counted

2018-05-22 11:27:22 - [TEST_STEP][PASSED] - Statement - For ([g = 1, g <= BatchNumber - 1, (g++)]): null

2018-05-22 11:27:22 - [TEST_STEP][PASSED] - selectOptionByIndex: All options with index in [1] are selected on object 'Object Repository/HealthpostToStore/Page_Store/select_--Select--BA1170BA2376B'

2018-05-22 11:27:22 - [MESSAGE][PASSED] - All options with index in [1] are selected on object 'Object Repository/HealthpostToStore/Page_Store/select_--Select--BA1170BA2376B'

2018-05-22 11:27:22 - [TEST_STEP][PASSED] - Statement - Try: null

2018-05-22 11:27:22 - [TEST_STEP][PASSED] - Statement - StockQty = com.kms.katalon.core.webui.keyword.WebUiBuiltInKeywords.getAttribute(com.kms.katalon.core.testobject.ObjectRepository.findTestObject(HealthpostToStore/Page_Store/input_txtprice), "value"): Attribute 'value' of object 'Object Repository/HealthpostToStore/Page_Store/input_txtprice' is: '1130'

2018-05-22 11:27:22 - [MESSAGE][PASSED] - Attribute 'value' of object 'Object Repository/HealthpostToStore/Page_Store/input_txtprice' is: '1130'

2018-05-22 11:27:22 - [TEST_STEP][PASSED] - Statement - out.println("Stock QTY : " + StockQty): null

2018-05-22 11:27:22 - [TEST_STEP][PASSED] - delay: Delayed 2 second(s)

2018-05-22 11:27:24 - [MESSAGE][PASSED] - Delayed 2 second(s)

2018-05-22 11:27:24 - [TEST_STEP][PASSED] - Statement - If (java.lang.String.valueOf(StockQty) >= java.lang.String.valueOf(RequestedQty)): null

2018-05-22 11:27:24 - [TEST_STEP][PASSED] - setText: Text '10' is set on object 'Object Repository/HealthpostToStore/Page_Store/input_txtqty'

2018-05-22 11:27:24 - [MESSAGE][PASSED] - Text '10' is set on object 'Object Repository/HealthpostToStore/Page_Store/input_txtqty'

2018-05-22 11:27:24 - [TEST_STEP][PASSED] - click: Object: 'Object Repository/HealthpostToStore/Page_Store/button_Add' is clicked on

2018-05-22 11:27:29 - [MESSAGE][PASSED] - Object: 'Object Repository/HealthpostToStore/Page_Store/button_Add' is clicked on

2018-05-22 11:27:29 - [TEST_STEP][PASSED] - Statement - Break: null

2018-05-22 11:27:29 - [TEST_STEP][PASSED] - selectOptionByIndex: All options with index in [23] are selected on object 'Object Repository/HealthpostToStore/Page_Store/select_--Select--Adernaline 0.'

2018-05-22 11:27:29 - [MESSAGE][PASSED] - All options with index in [23] are selected on object 'Object Repository/HealthpostToStore/Page_Store/select_--Select--Adernaline 0.'

2018-05-22 11:27:29 - [TEST_STEP][PASSED] - delay: Delayed 2 second(s)

2018-05-22 11:27:31 - [MESSAGE][PASSED] - Delayed 2 second(s)

2018-05-22 11:27:31 - [TEST_STEP][PASSED] - Statement - RequestedQty = com.kms.katalon.core.webui.keyword.WebUiBuiltInKeywords.getAttribute(com.kms.katalon.core.testobject.ObjectRepository.findTestObject(HealthpostToStore/Page_Store/input_txttotal), "value"): Attribute 'value' of object 'Object Repository/HealthpostToStore/Page_Store/input_txttotal' is: '10'

2018-05-22 11:27:32 - [MESSAGE][PASSED] - Attribute 'value' of object 'Object Repository/HealthpostToStore/Page_Store/input_txttotal' is: '10'

2018-05-22 11:27:32 - [TEST_STEP][PASSED] - Statement - out.println("Requested QTY : " + RequestedQty): null

2018-05-22 11:27:32 - [TEST_STEP][PASSED] - Statement - BatchNumber = com.kms.katalon.core.webui.keyword.WebUiBuiltInKeywords.getNumberOfTotalOption(com.kms.katalon.core.testobject.ObjectRepository.findTestObject(HealthpostToStore/Page_Store/select_--Select--BA1170BA2376B)): 3 options of object 'Object Repository/HealthpostToStore/Page_Store/select_--Select--BA1170BA2376B' counted

2018-05-22 11:27:32 - [MESSAGE][PASSED] - 3 options of object 'Object Repository/HealthpostToStore/Page_Store/select_--Select--BA1170BA2376B' counted

2018-05-22 11:27:32 - [TEST_STEP][PASSED] - Statement - For ([g = 1, g <= BatchNumber - 1, (g++)]): null

2018-05-22 11:27:32 - [TEST_STEP][PASSED] - selectOptionByIndex: All options with index in [1] are selected on object 'Object Repository/HealthpostToStore/Page_Store/select_--Select--BA1170BA2376B'

2018-05-22 11:27:32 - [MESSAGE][PASSED] - All options with index in [1] are selected on object 'Object Repository/HealthpostToStore/Page_Store/select_--Select--BA1170BA2376B'

2018-05-22 11:27:32 - [TEST_STEP][PASSED] - Statement - Try: null

2018-05-22 11:27:32 - [TEST_STEP][PASSED] - Statement - StockQty = com.kms.katalon.core.webui.keyword.WebUiBuiltInKeywords.getAttribute(com.kms.katalon.core.testobject.ObjectRepository.findTestObject(HealthpostToStore/Page_Store/input_txtprice), "value"): Attribute 'value' of object 'Object Repository/HealthpostToStore/Page_Store/input_txtprice' is: '2030'

2018-05-22 11:27:32 - [MESSAGE][PASSED] - Attribute 'value' of object 'Object Repository/HealthpostToStore/Page_Store/input_txtprice' is: '2030'

2018-05-22 11:27:32 - [TEST_STEP][PASSED] - Statement - out.println("Stock QTY : " + StockQty): null

2018-05-22 11:27:32 - [TEST_STEP][PASSED] - delay: Delayed 2 second(s)

2018-05-22 11:27:34 - [MESSAGE][PASSED] - Delayed 2 second(s)

2018-05-22 11:27:34 - [TEST_STEP][PASSED] - Statement - If (java.lang.String.valueOf(StockQty) >= java.lang.String.valueOf(RequestedQty)): null

2018-05-22 11:27:34 - [TEST_STEP][PASSED] - setText: Text '10' is set on object 'Object Repository/HealthpostToStore/Page_Store/input_txtqty'

2018-05-22 11:27:34 - [MESSAGE][PASSED] - Text '10' is set on object 'Object Repository/HealthpostToStore/Page_Store/input_txtqty'

2018-05-22 11:27:34 - [TEST_STEP][PASSED] - click: Object: 'Object Repository/HealthpostToStore/Page_Store/button_Add' is clicked on

2018-05-22 11:27:39 - [MESSAGE][PASSED] - Object: 'Object Repository/HealthpostToStore/Page_Store/button_Add' is clicked on

2018-05-22 11:27:39 - [TEST_STEP][PASSED] - Statement - Break: null

2018-05-22 11:27:39 - [TEST_STEP][PASSED] - selectOptionByIndex: All options with index in [24] are selected on object 'Object Repository/HealthpostToStore/Page_Store/select_--Select--Adernaline 0.'

2018-05-22 11:27:39 - [MESSAGE][PASSED] - All options with index in [24] are selected on object 'Object Repository/HealthpostToStore/Page_Store/select_--Select--Adernaline 0.'

2018-05-22 11:27:39 - [TEST_STEP][PASSED] - delay: Delayed 2 second(s)

2018-05-22 11:27:41 - [MESSAGE][PASSED] - Delayed 2 second(s)

2018-05-22 11:27:41 - [TEST_STEP][PASSED] - Statement - RequestedQty = com.kms.katalon.core.webui.keyword.WebUiBuiltInKeywords.getAttribute(com.kms.katalon.core.testobject.ObjectRepository.findTestObject(HealthpostToStore/Page_Store/input_txttotal), "value"): Attribute 'value' of object 'Object Repository/HealthpostToStore/Page_Store/input_txttotal' is: '10'

2018-05-22 11:27:41 - [MESSAGE][PASSED] - Attribute 'value' of object 'Object Repository/HealthpostToStore/Page_Store/input_txttotal' is: '10'

2018-05-22 11:27:41 - [TEST_STEP][PASSED] - Statement - out.println("Requested QTY : " + RequestedQty): null

2018-05-22 11:27:41 - [TEST_STEP][PASSED] - Statement - BatchNumber = com.kms.katalon.core.webui.keyword.WebUiBuiltInKeywords.getNumberOfTotalOption(com.kms.katalon.core.testobject.ObjectRepository.findTestObject(HealthpostToStore/Page_Store/select_--Select--BA1170BA2376B)): 3 options of object 'Object Repository/HealthpostToStore/Page_Store/select_--Select--BA1170BA2376B' counted

2018-05-22 11:27:41 - [MESSAGE][PASSED] - 3 options of object 'Object Repository/HealthpostToStore/Page_Store/select_--Select--BA1170BA2376B' counted

2018-05-22 11:27:41 - [TEST_STEP][PASSED] - Statement - For ([g = 1, g <= BatchNumber - 1, (g++)]): null

2018-05-22 11:27:41 - [TEST_STEP][PASSED] - selectOptionByIndex: All options with index in [1] are selected on object 'Object Repository/HealthpostToStore/Page_Store/select_--Select--BA1170BA2376B'

2018-05-22 11:27:41 - [MESSAGE][PASSED] - All options with index in [1] are selected on object 'Object Repository/HealthpostToStore/Page_Store/select_--Select--BA1170BA2376B'

2018-05-22 11:27:41 - [TEST_STEP][PASSED] - Statement - Try: null

2018-05-22 11:27:41 - [TEST_STEP][PASSED] - Statement - StockQty = com.kms.katalon.core.webui.keyword.WebUiBuiltInKeywords.getAttribute(com.kms.katalon.core.testobject.ObjectRepository.findTestObject(HealthpostToStore/Page_Store/input_txtprice), "value"): Attribute 'value' of object 'Object Repository/HealthpostToStore/Page_Store/input_txtprice' is: '1130'

2018-05-22 11:27:41 - [MESSAGE][PASSED] - Attribute 'value' of object 'Object Repository/HealthpostToStore/Page_Store/input_txtprice' is: '1130'

2018-05-22 11:27:41 - [TEST_STEP][PASSED] - Statement - out.println("Stock QTY : " + StockQty): null

2018-05-22 11:27:41 - [TEST_STEP][PASSED] - delay: Delayed 2 second(s)

2018-05-22 11:27:43 - [MESSAGE][PASSED] - Delayed 2 second(s)

2018-05-22 11:27:43 - [TEST_STEP][PASSED] - Statement - If (java.lang.String.valueOf(StockQty) >= java.lang.String.valueOf(RequestedQty)): null

2018-05-22 11:27:43 - [TEST_STEP][PASSED] - setText: Text '10' is set on object 'Object Repository/HealthpostToStore/Page_Store/input_txtqty'

2018-05-22 11:27:44 - [MESSAGE][PASSED] - Text '10' is set on object 'Object Repository/HealthpostToStore/Page_Store/input_txtqty'

2018-05-22 11:27:44 - [TEST_STEP][PASSED] - click: Object: 'Object Repository/HealthpostToStore/Page_Store/button_Add' is clicked on

2018-05-22 11:27:49 - [MESSAGE][PASSED] - Object: 'Object Repository/HealthpostToStore/Page_Store/button_Add' is clicked on

2018-05-22 11:27:49 - [TEST_STEP][PASSED] - Statement - Break: null

2018-05-22 11:27:49 - [TEST_STEP][PASSED] - selectOptionByIndex: All options with index in [25] are selected on object 'Object Repository/HealthpostToStore/Page_Store/select_--Select--Adernaline 0.'

2018-05-22 11:27:49 - [MESSAGE][PASSED] - All options with index in [25] are selected on object 'Object Repository/HealthpostToStore/Page_Store/select_--Select--Adernaline 0.'

2018-05-22 11:27:49 - [TEST_STEP][PASSED] - delay: Delayed 2 second(s)

2018-05-22 11:27:51 - [MESSAGE][PASSED] - Delayed 2 second(s)

2018-05-22 11:27:51 - [TEST_STEP][PASSED] - Statement - RequestedQty = com.kms.katalon.core.webui.keyword.WebUiBuiltInKeywords.getAttribute(com.kms.katalon.core.testobject.ObjectRepository.findTestObject(HealthpostToStore/Page_Store/input_txttotal), "value"): Attribute 'value' of object 'Object Repository/HealthpostToStore/Page_Store/input_txttotal' is: '10'

2018-05-22 11:27:51 - [MESSAGE][PASSED] - Attribute 'value' of object 'Object Repository/HealthpostToStore/Page_Store/input_txttotal' is: '10'

2018-05-22 11:27:51 - [TEST_STEP][PASSED] - Statement - out.println("Requested QTY : " + RequestedQty): null

2018-05-22 11:27:51 - [TEST_STEP][PASSED] - Statement - BatchNumber = com.kms.katalon.core.webui.keyword.WebUiBuiltInKeywords.getNumberOfTotalOption(com.kms.katalon.core.testobject.ObjectRepository.findTestObject(HealthpostToStore/Page_Store/select_--Select--BA1170BA2376B)): 4 options of object 'Object Repository/HealthpostToStore/Page_Store/select_--Select--BA1170BA2376B' counted

2018-05-22 11:27:51 - [MESSAGE][PASSED] - 4 options of object 'Object Repository/HealthpostToStore/Page_Store/select_--Select--BA1170BA2376B' counted

2018-05-22 11:27:51 - [TEST_STEP][PASSED] - Statement - For ([g = 1, g <= BatchNumber - 1, (g++)]): null

2018-05-22 11:27:51 - [TEST_STEP][PASSED] - selectOptionByIndex: All options with index in [1] are selected on object 'Object Repository/HealthpostToStore/Page_Store/select_--Select--BA1170BA2376B'

2018-05-22 11:27:51 - [MESSAGE][PASSED] - All options with index in [1] are selected on object 'Object Repository/HealthpostToStore/Page_Store/select_--Select--BA1170BA2376B'

2018-05-22 11:27:51 - [TEST_STEP][PASSED] - Statement - Try: null

2018-05-22 11:27:51 - [TEST_STEP][PASSED] - Statement - StockQty = com.kms.katalon.core.webui.keyword.WebUiBuiltInKeywords.getAttribute(com.kms.katalon.core.testobject.ObjectRepository.findTestObject(HealthpostToStore/Page_Store/input_txtprice), "value"): Attribute 'value' of object 'Object Repository/HealthpostToStore/Page_Store/input_txtprice' is: '90'

2018-05-22 11:27:51 - [MESSAGE][PASSED] - Attribute 'value' of object 'Object Repository/HealthpostToStore/Page_Store/input_txtprice' is: '90'

2018-05-22 11:27:51 - [TEST_STEP][PASSED] - Statement - out.println("Stock QTY : " + StockQty): null

2018-05-22 11:27:51 - [TEST_STEP][PASSED] - delay: Delayed 2 second(s)

2018-05-22 11:27:53 - [MESSAGE][PASSED] - Delayed 2 second(s)

2018-05-22 11:27:53 - [TEST_STEP][PASSED] - Statement - If (java.lang.String.valueOf(StockQty) >= java.lang.String.valueOf(RequestedQty)): null

2018-05-22 11:27:53 - [TEST_STEP][PASSED] - setText: Text '10' is set on object 'Object Repository/HealthpostToStore/Page_Store/input_txtqty'

2018-05-22 11:27:54 - [MESSAGE][PASSED] - Text '10' is set on object 'Object Repository/HealthpostToStore/Page_Store/input_txtqty'

2018-05-22 11:27:54 - [TEST_STEP][PASSED] - click: Object: 'Object Repository/HealthpostToStore/Page_Store/button_Add' is clicked on

2018-05-22 11:27:59 - [MESSAGE][PASSED] - Object: 'Object Repository/HealthpostToStore/Page_Store/button_Add' is clicked on

2018-05-22 11:27:59 - [TEST_STEP][PASSED] - Statement - Break: null

2018-05-22 11:27:59 - [TEST_STEP][PASSED] - selectOptionByIndex: All options with index in [26] are selected on object 'Object Repository/HealthpostToStore/Page_Store/select_--Select--Adernaline 0.'

2018-05-22 11:27:59 - [MESSAGE][PASSED] - All options with index in [26] are selected on object 'Object Repository/HealthpostToStore/Page_Store/select_--Select--Adernaline 0.'

2018-05-22 11:27:59 - [TEST_STEP][PASSED] - delay: Delayed 2 second(s)

2018-05-22 11:28:01 - [MESSAGE][PASSED] - Delayed 2 second(s)

2018-05-22 11:28:01 - [TEST_STEP][PASSED] - Statement - RequestedQty = com.kms.katalon.core.webui.keyword.WebUiBuiltInKeywords.getAttribute(com.kms.katalon.core.testobject.ObjectRepository.findTestObject(HealthpostToStore/Page_Store/input_txttotal), "value"): Attribute 'value' of object 'Object Repository/HealthpostToStore/Page_Store/input_txttotal' is: '10'

2018-05-22 11:28:01 - [MESSAGE][PASSED] - Attribute 'value' of object 'Object Repository/HealthpostToStore/Page_Store/input_txttotal' is: '10'

2018-05-22 11:28:01 - [TEST_STEP][PASSED] - Statement - out.println("Requested QTY : " + RequestedQty): null

2018-05-22 11:28:01 - [TEST_STEP][PASSED] - Statement - BatchNumber = com.kms.katalon.core.webui.keyword.WebUiBuiltInKeywords.getNumberOfTotalOption(com.kms.katalon.core.testobject.ObjectRepository.findTestObject(HealthpostToStore/Page_Store/select_--Select--BA1170BA2376B)): 3 options of object 'Object Repository/HealthpostToStore/Page_Store/select_--Select--BA1170BA2376B' counted

2018-05-22 11:28:01 - [MESSAGE][PASSED] - 3 options of object 'Object Repository/HealthpostToStore/Page_Store/select_--Select--BA1170BA2376B' counted

2018-05-22 11:28:01 - [TEST_STEP][PASSED] - Statement - For ([g = 1, g <= BatchNumber - 1, (g++)]): null

2018-05-22 11:28:01 - [TEST_STEP][PASSED] - selectOptionByIndex: All options with index in [1] are selected on object 'Object Repository/HealthpostToStore/Page_Store/select_--Select--BA1170BA2376B'

2018-05-22 11:28:01 - [MESSAGE][PASSED] - All options with index in [1] are selected on object 'Object Repository/HealthpostToStore/Page_Store/select_--Select--BA1170BA2376B'

2018-05-22 11:28:01 - [TEST_STEP][PASSED] - Statement - Try: null

2018-05-22 11:28:01 - [TEST_STEP][PASSED] - Statement - StockQty = com.kms.katalon.core.webui.keyword.WebUiBuiltInKeywords.getAttribute(com.kms.katalon.core.testobject.ObjectRepository.findTestObject(HealthpostToStore/Page_Store/input_txtprice), "value"): Attribute 'value' of object 'Object Repository/HealthpostToStore/Page_Store/input_txtprice' is: '1130'

2018-05-22 11:28:01 - [MESSAGE][PASSED] - Attribute 'value' of object 'Object Repository/HealthpostToStore/Page_Store/input_txtprice' is: '1130'

2018-05-22 11:28:01 - [TEST_STEP][PASSED] - Statement - out.println("Stock QTY : " + StockQty): null

2018-05-22 11:28:01 - [TEST_STEP][PASSED] - delay: Delayed 2 second(s)

2018-05-22 11:28:03 - [MESSAGE][PASSED] - Delayed 2 second(s)

2018-05-22 11:28:03 - [TEST_STEP][PASSED] - Statement - If (java.lang.String.valueOf(StockQty) >= java.lang.String.valueOf(RequestedQty)): null

2018-05-22 11:28:03 - [TEST_STEP][PASSED] - setText: Text '10' is set on object 'Object Repository/HealthpostToStore/Page_Store/input_txtqty'

2018-05-22 11:28:03 - [MESSAGE][PASSED] - Text '10' is set on object 'Object Repository/HealthpostToStore/Page_Store/input_txtqty'

2018-05-22 11:28:03 - [TEST_STEP][PASSED] - click: Object: 'Object Repository/HealthpostToStore/Page_Store/button_Add' is clicked on

2018-05-22 11:28:08 - [MESSAGE][PASSED] - Object: 'Object Repository/HealthpostToStore/Page_Store/button_Add' is clicked on

2018-05-22 11:28:08 - [TEST_STEP][PASSED] - Statement - Break: null

2018-05-22 11:28:08 - [TEST_STEP][PASSED] - selectOptionByIndex: All options with index in [27] are selected on object 'Object Repository/HealthpostToStore/Page_Store/select_--Select--Adernaline 0.'

2018-05-22 11:28:09 - [MESSAGE][PASSED] - All options with index in [27] are selected on object 'Object Repository/HealthpostToStore/Page_Store/select_--Select--Adernaline 0.'

2018-05-22 11:28:09 - [TEST_STEP][PASSED] - delay: Delayed 2 second(s)

2018-05-22 11:28:11 - [MESSAGE][PASSED] - Delayed 2 second(s)

2018-05-22 11:28:11 - [TEST_STEP][PASSED] - Statement - RequestedQty = com.kms.katalon.core.webui.keyword.WebUiBuiltInKeywords.getAttribute(com.kms.katalon.core.testobject.ObjectRepository.findTestObject(HealthpostToStore/Page_Store/input_txttotal), "value"): Attribute 'value' of object 'Object Repository/HealthpostToStore/Page_Store/input_txttotal' is: '10'

2018-05-22 11:28:11 - [MESSAGE][PASSED] - Attribute 'value' of object 'Object Repository/HealthpostToStore/Page_Store/input_txttotal' is: '10'

2018-05-22 11:28:11 - [TEST_STEP][PASSED] - Statement - out.println("Requested QTY : " + RequestedQty): null

2018-05-22 11:28:11 - [TEST_STEP][PASSED] - Statement - BatchNumber = com.kms.katalon.core.webui.keyword.WebUiBuiltInKeywords.getNumberOfTotalOption(com.kms.katalon.core.testobject.ObjectRepository.findTestObject(HealthpostToStore/Page_Store/select_--Select--BA1170BA2376B)): 3 options of object 'Object Repository/HealthpostToStore/Page_Store/select_--Select--BA1170BA2376B' counted

2018-05-22 11:28:11 - [MESSAGE][PASSED] - 3 options of object 'Object Repository/HealthpostToStore/Page_Store/select_--Select--BA1170BA2376B' counted

2018-05-22 11:28:11 - [TEST_STEP][PASSED] - Statement - For ([g = 1, g <= BatchNumber - 1, (g++)]): null

2018-05-22 11:28:11 - [TEST_STEP][PASSED] - selectOptionByIndex: All options with index in [1] are selected on object 'Object Repository/HealthpostToStore/Page_Store/select_--Select--BA1170BA2376B'

2018-05-22 11:28:11 - [MESSAGE][PASSED] - All options with index in [1] are selected on object 'Object Repository/HealthpostToStore/Page_Store/select_--Select--BA1170BA2376B'

2018-05-22 11:28:11 - [TEST_STEP][PASSED] - Statement - Try: null

2018-05-22 11:28:11 - [TEST_STEP][PASSED] - Statement - StockQty = com.kms.katalon.core.webui.keyword.WebUiBuiltInKeywords.getAttribute(com.kms.katalon.core.testobject.ObjectRepository.findTestObject(HealthpostToStore/Page_Store/input_txtprice), "value"): Attribute 'value' of object 'Object Repository/HealthpostToStore/Page_Store/input_txtprice' is: '1130'

2018-05-22 11:28:11 - [MESSAGE][PASSED] - Attribute 'value' of object 'Object Repository/HealthpostToStore/Page_Store/input_txtprice' is: '1130'

2018-05-22 11:28:11 - [TEST_STEP][PASSED] - Statement - out.println("Stock QTY : " + StockQty): null

2018-05-22 11:28:11 - [TEST_STEP][PASSED] - delay: Delayed 2 second(s)

2018-05-22 11:28:13 - [MESSAGE][PASSED] - Delayed 2 second(s)

2018-05-22 11:28:13 - [TEST_STEP][PASSED] - Statement - If (java.lang.String.valueOf(StockQty) >= java.lang.String.valueOf(RequestedQty)): null

2018-05-22 11:28:13 - [TEST_STEP][PASSED] - setText: Text '10' is set on object 'Object Repository/HealthpostToStore/Page_Store/input_txtqty'

2018-05-22 11:28:13 - [MESSAGE][PASSED] - Text '10' is set on object 'Object Repository/HealthpostToStore/Page_Store/input_txtqty'

2018-05-22 11:28:13 - [TEST_STEP][PASSED] - click: Object: 'Object Repository/HealthpostToStore/Page_Store/button_Add' is clicked on

2018-05-22 11:28:18 - [MESSAGE][PASSED] - Object: 'Object Repository/HealthpostToStore/Page_Store/button_Add' is clicked on

2018-05-22 11:28:18 - [TEST_STEP][PASSED] - Statement - Break: null

2018-05-22 11:28:18 - [TEST_STEP][PASSED] - selectOptionByIndex: All options with index in [28] are selected on object 'Object Repository/HealthpostToStore/Page_Store/select_--Select--Adernaline 0.'

2018-05-22 11:28:19 - [MESSAGE][PASSED] - All options with index in [28] are selected on object 'Object Repository/HealthpostToStore/Page_Store/select_--Select--Adernaline 0.'

2018-05-22 11:28:19 - [TEST_STEP][PASSED] - delay: Delayed 2 second(s)

2018-05-22 11:28:21 - [MESSAGE][PASSED] - Delayed 2 second(s)

2018-05-22 11:28:21 - [TEST_STEP][PASSED] - Statement - RequestedQty = com.kms.katalon.core.webui.keyword.WebUiBuiltInKeywords.getAttribute(com.kms.katalon.core.testobject.ObjectRepository.findTestObject(HealthpostToStore/Page_Store/input_txttotal), "value"): Attribute 'value' of object 'Object Repository/HealthpostToStore/Page_Store/input_txttotal' is: '10'

2018-05-22 11:28:21 - [MESSAGE][PASSED] - Attribute 'value' of object 'Object Repository/HealthpostToStore/Page_Store/input_txttotal' is: '10'

2018-05-22 11:28:21 - [TEST_STEP][PASSED] - Statement - out.println("Requested QTY : " + RequestedQty): null

2018-05-22 11:28:21 - [TEST_STEP][PASSED] - Statement - BatchNumber = com.kms.katalon.core.webui.keyword.WebUiBuiltInKeywords.getNumberOfTotalOption(com.kms.katalon.core.testobject.ObjectRepository.findTestObject(HealthpostToStore/Page_Store/select_--Select--BA1170BA2376B)): 4 options of object 'Object Repository/HealthpostToStore/Page_Store/select_--Select--BA1170BA2376B' counted

2018-05-22 11:28:21 - [MESSAGE][PASSED] - 4 options of object 'Object Repository/HealthpostToStore/Page_Store/select_--Select--BA1170BA2376B' counted

2018-05-22 11:28:21 - [TEST_STEP][PASSED] - Statement - For ([g = 1, g <= BatchNumber - 1, (g++)]): null

2018-05-22 11:28:21 - [TEST_STEP][PASSED] - selectOptionByIndex: All options with index in [1] are selected on object 'Object Repository/HealthpostToStore/Page_Store/select_--Select--BA1170BA2376B'

2018-05-22 11:28:21 - [MESSAGE][PASSED] - All options with index in [1] are selected on object 'Object Repository/HealthpostToStore/Page_Store/select_--Select--BA1170BA2376B'

2018-05-22 11:28:21 - [TEST_STEP][PASSED] - Statement - Try: null

2018-05-22 11:28:21 - [TEST_STEP][PASSED] - Statement - StockQty = com.kms.katalon.core.webui.keyword.WebUiBuiltInKeywords.getAttribute(com.kms.katalon.core.testobject.ObjectRepository.findTestObject(HealthpostToStore/Page_Store/input_txtprice), "value"): Attribute 'value' of object 'Object Repository/HealthpostToStore/Page_Store/input_txtprice' is: '90'

2018-05-22 11:28:21 - [MESSAGE][PASSED] - Attribute 'value' of object 'Object Repository/HealthpostToStore/Page_Store/input_txtprice' is: '90'

2018-05-22 11:28:21 - [TEST_STEP][PASSED] - Statement - out.println("Stock QTY : " + StockQty): null

2018-05-22 11:28:21 - [TEST_STEP][PASSED] - delay: Delayed 2 second(s)

2018-05-22 11:28:23 - [MESSAGE][PASSED] - Delayed 2 second(s)

2018-05-22 11:28:23 - [TEST_STEP][PASSED] - Statement - If (java.lang.String.valueOf(StockQty) >= java.lang.String.valueOf(RequestedQty)): null

2018-05-22 11:28:23 - [TEST_STEP][PASSED] - setText: Text '10' is set on object 'Object Repository/HealthpostToStore/Page_Store/input_txtqty'

2018-05-22 11:28:23 - [MESSAGE][PASSED] - Text '10' is set on object 'Object Repository/HealthpostToStore/Page_Store/input_txtqty'

2018-05-22 11:28:23 - [TEST_STEP][PASSED] - click: Object: 'Object Repository/HealthpostToStore/Page_Store/button_Add' is clicked on

2018-05-22 11:28:28 - [MESSAGE][PASSED] - Object: 'Object Repository/HealthpostToStore/Page_Store/button_Add' is clicked on

2018-05-22 11:28:28 - [TEST_STEP][PASSED] - Statement - Break: null

2018-05-22 11:28:28 - [TEST_STEP][PASSED] - selectOptionByIndex: All options with index in [29] are selected on object 'Object Repository/HealthpostToStore/Page_Store/select_--Select--Adernaline 0.'

2018-05-22 11:28:28 - [MESSAGE][PASSED] - All options with index in [29] are selected on object 'Object Repository/HealthpostToStore/Page_Store/select_--Select--Adernaline 0.'

2018-05-22 11:28:28 - [TEST_STEP][PASSED] - delay: Delayed 2 second(s)

2018-05-22 11:28:30 - [MESSAGE][PASSED] - Delayed 2 second(s)

2018-05-22 11:28:30 - [TEST_STEP][PASSED] - Statement - RequestedQty = com.kms.katalon.core.webui.keyword.WebUiBuiltInKeywords.getAttribute(com.kms.katalon.core.testobject.ObjectRepository.findTestObject(HealthpostToStore/Page_Store/input_txttotal), "value"): Attribute 'value' of object 'Object Repository/HealthpostToStore/Page_Store/input_txttotal' is: '10'

2018-05-22 11:28:30 - [MESSAGE][PASSED] - Attribute 'value' of object 'Object Repository/HealthpostToStore/Page_Store/input_txttotal' is: '10'

2018-05-22 11:28:30 - [TEST_STEP][PASSED] - Statement - out.println("Requested QTY : " + RequestedQty): null

2018-05-22 11:28:30 - [TEST_STEP][PASSED] - Statement - BatchNumber = com.kms.katalon.core.webui.keyword.WebUiBuiltInKeywords.getNumberOfTotalOption(com.kms.katalon.core.testobject.ObjectRepository.findTestObject(HealthpostToStore/Page_Store/select_--Select--BA1170BA2376B)): 3 options of object 'Object Repository/HealthpostToStore/Page_Store/select_--Select--BA1170BA2376B' counted

2018-05-22 11:28:30 - [MESSAGE][PASSED] - 3 options of object 'Object Repository/HealthpostToStore/Page_Store/select_--Select--BA1170BA2376B' counted

2018-05-22 11:28:30 - [TEST_STEP][PASSED] - Statement - For ([g = 1, g <= BatchNumber - 1, (g++)]): null

2018-05-22 11:28:30 - [TEST_STEP][PASSED] - selectOptionByIndex: All options with index in [1] are selected on object 'Object Repository/HealthpostToStore/Page_Store/select_--Select--BA1170BA2376B'

2018-05-22 11:28:31 - [MESSAGE][PASSED] - All options with index in [1] are selected on object 'Object Repository/HealthpostToStore/Page_Store/select_--Select--BA1170BA2376B'

2018-05-22 11:28:31 - [TEST_STEP][PASSED] - Statement - Try: null

2018-05-22 11:28:31 - [TEST_STEP][PASSED] - Statement - StockQty = com.kms.katalon.core.webui.keyword.WebUiBuiltInKeywords.getAttribute(com.kms.katalon.core.testobject.ObjectRepository.findTestObject(HealthpostToStore/Page_Store/input_txtprice), "value"): Attribute 'value' of object 'Object Repository/HealthpostToStore/Page_Store/input_txtprice' is: '1130'

2018-05-22 11:28:31 - [MESSAGE][PASSED] - Attribute 'value' of object 'Object Repository/HealthpostToStore/Page_Store/input_txtprice' is: '1130'

2018-05-22 11:28:31 - [TEST_STEP][PASSED] - Statement - out.println("Stock QTY : " + StockQty): null

2018-05-22 11:28:31 - [TEST_STEP][PASSED] - delay: Delayed 2 second(s)

2018-05-22 11:28:33 - [MESSAGE][PASSED] - Delayed 2 second(s)

2018-05-22 11:28:33 - [TEST_STEP][PASSED] - Statement - If (java.lang.String.valueOf(StockQty) >= java.lang.String.valueOf(RequestedQty)): null

2018-05-22 11:28:33 - [TEST_STEP][PASSED] - setText: Text '10' is set on object 'Object Repository/HealthpostToStore/Page_Store/input_txtqty'

2018-05-22 11:28:33 - [MESSAGE][PASSED] - Text '10' is set on object 'Object Repository/HealthpostToStore/Page_Store/input_txtqty'

2018-05-22 11:28:33 - [TEST_STEP][PASSED] - click: Object: 'Object Repository/HealthpostToStore/Page_Store/button_Add' is clicked on

2018-05-22 11:28:38 - [MESSAGE][PASSED] - Object: 'Object Repository/HealthpostToStore/Page_Store/button_Add' is clicked on

2018-05-22 11:28:38 - [TEST_STEP][PASSED] - Statement - Break: null

2018-05-22 11:28:38 - [TEST_STEP][PASSED] - selectOptionByIndex: All options with index in [30] are selected on object 'Object Repository/HealthpostToStore/Page_Store/select_--Select--Adernaline 0.'

2018-05-22 11:28:38 - [MESSAGE][PASSED] - All options with index in [30] are selected on object 'Object Repository/HealthpostToStore/Page_Store/select_--Select--Adernaline 0.'

2018-05-22 11:28:38 - [TEST_STEP][PASSED] - delay: Delayed 2 second(s)

2018-05-22 11:28:40 - [MESSAGE][PASSED] - Delayed 2 second(s)

2018-05-22 11:28:40 - [TEST_STEP][PASSED] - Statement - RequestedQty = com.kms.katalon.core.webui.keyword.WebUiBuiltInKeywords.getAttribute(com.kms.katalon.core.testobject.ObjectRepository.findTestObject(HealthpostToStore/Page_Store/input_txttotal), "value"): Attribute 'value' of object 'Object Repository/HealthpostToStore/Page_Store/input_txttotal' is: '10'

2018-05-22 11:28:40 - [MESSAGE][PASSED] - Attribute 'value' of object 'Object Repository/HealthpostToStore/Page_Store/input_txttotal' is: '10'

2018-05-22 11:28:40 - [TEST_STEP][PASSED] - Statement - out.println("Requested QTY : " + RequestedQty): null

2018-05-22 11:28:40 - [TEST_STEP][PASSED] - Statement - BatchNumber = com.kms.katalon.core.webui.keyword.WebUiBuiltInKeywords.getNumberOfTotalOption(com.kms.katalon.core.testobject.ObjectRepository.findTestObject(HealthpostToStore/Page_Store/select_--Select--BA1170BA2376B)): 3 options of object 'Object Repository/HealthpostToStore/Page_Store/select_--Select--BA1170BA2376B' counted

2018-05-22 11:28:40 - [MESSAGE][PASSED] - 3 options of object 'Object Repository/HealthpostToStore/Page_Store/select_--Select--BA1170BA2376B' counted

2018-05-22 11:28:40 - [TEST_STEP][PASSED] - Statement - For ([g = 1, g <= BatchNumber - 1, (g++)]): null

2018-05-22 11:28:40 - [TEST_STEP][PASSED] - selectOptionByIndex: All options with index in [1] are selected on object 'Object Repository/HealthpostToStore/Page_Store/select_--Select--BA1170BA2376B'

2018-05-22 11:28:40 - [MESSAGE][PASSED] - All options with index in [1] are selected on object 'Object Repository/HealthpostToStore/Page_Store/select_--Select--BA1170BA2376B'

2018-05-22 11:28:40 - [TEST_STEP][PASSED] - Statement - Try: null

2018-05-22 11:28:40 - [TEST_STEP][PASSED] - Statement - StockQty = com.kms.katalon.core.webui.keyword.WebUiBuiltInKeywords.getAttribute(com.kms.katalon.core.testobject.ObjectRepository.findTestObject(HealthpostToStore/Page_Store/input_txtprice), "value"): Attribute 'value' of object 'Object Repository/HealthpostToStore/Page_Store/input_txtprice' is: '1130'

2018-05-22 11:28:40 - [MESSAGE][PASSED] - Attribute 'value' of object 'Object Repository/HealthpostToStore/Page_Store/input_txtprice' is: '1130'

2018-05-22 11:28:40 - [TEST_STEP][PASSED] - Statement - out.println("Stock QTY : " + StockQty): null

2018-05-22 11:28:40 - [TEST_STEP][PASSED] - delay: Delayed 2 second(s)

2018-05-22 11:28:42 - [MESSAGE][PASSED] - Delayed 2 second(s)

2018-05-22 11:28:42 - [TEST_STEP][PASSED] - Statement - If (java.lang.String.valueOf(StockQty) >= java.lang.String.valueOf(RequestedQty)): null

2018-05-22 11:28:42 - [TEST_STEP][PASSED] - setText: Text '10' is set on object 'Object Repository/HealthpostToStore/Page_Store/input_txtqty'

2018-05-22 11:28:43 - [MESSAGE][PASSED] - Text '10' is set on object 'Object Repository/HealthpostToStore/Page_Store/input_txtqty'

2018-05-22 11:28:43 - [TEST_STEP][PASSED] - click: Object: 'Object Repository/HealthpostToStore/Page_Store/button_Add' is clicked on

2018-05-22 11:28:48 - [MESSAGE][PASSED] - Object: 'Object Repository/HealthpostToStore/Page_Store/button_Add' is clicked on

2018-05-22 11:28:48 - [TEST_STEP][PASSED] - Statement - Break: null

2018-05-22 11:28:48 - [TEST_STEP][PASSED] - selectOptionByIndex: All options with index in [31] are selected on object 'Object Repository/HealthpostToStore/Page_Store/select_--Select--Adernaline 0.'

2018-05-22 11:28:48 - [MESSAGE][PASSED] - All options with index in [31] are selected on object 'Object Repository/HealthpostToStore/Page_Store/select_--Select--Adernaline 0.'

2018-05-22 11:28:48 - [TEST_STEP][PASSED] - delay: Delayed 2 second(s)

2018-05-22 11:28:50 - [MESSAGE][PASSED] - Delayed 2 second(s)

2018-05-22 11:28:50 - [TEST_STEP][PASSED] - Statement - RequestedQty = com.kms.katalon.core.webui.keyword.WebUiBuiltInKeywords.getAttribute(com.kms.katalon.core.testobject.ObjectRepository.findTestObject(HealthpostToStore/Page_Store/input_txttotal), "value"): Attribute 'value' of object 'Object Repository/HealthpostToStore/Page_Store/input_txttotal' is: '10'

2018-05-22 11:28:50 - [MESSAGE][PASSED] - Attribute 'value' of object 'Object Repository/HealthpostToStore/Page_Store/input_txttotal' is: '10'

2018-05-22 11:28:50 - [TEST_STEP][PASSED] - Statement - out.println("Requested QTY : " + RequestedQty): null

2018-05-22 11:28:50 - [TEST_STEP][PASSED] - Statement - BatchNumber = com.kms.katalon.core.webui.keyword.WebUiBuiltInKeywords.getNumberOfTotalOption(com.kms.katalon.core.testobject.ObjectRepository.findTestObject(HealthpostToStore/Page_Store/select_--Select--BA1170BA2376B)): 4 options of object 'Object Repository/HealthpostToStore/Page_Store/select_--Select--BA1170BA2376B' counted

2018-05-22 11:28:50 - [MESSAGE][PASSED] - 4 options of object 'Object Repository/HealthpostToStore/Page_Store/select_--Select--BA1170BA2376B' counted

2018-05-22 11:28:50 - [TEST_STEP][PASSED] - Statement - For ([g = 1, g <= BatchNumber - 1, (g++)]): null

2018-05-22 11:28:50 - [TEST_STEP][PASSED] - selectOptionByIndex: All options with index in [1] are selected on object 'Object Repository/HealthpostToStore/Page_Store/select_--Select--BA1170BA2376B'

2018-05-22 11:28:50 - [MESSAGE][PASSED] - All options with index in [1] are selected on object 'Object Repository/HealthpostToStore/Page_Store/select_--Select--BA1170BA2376B'

2018-05-22 11:28:50 - [TEST_STEP][PASSED] - Statement - Try: null

2018-05-22 11:28:50 - [TEST_STEP][PASSED] - Statement - StockQty = com.kms.katalon.core.webui.keyword.WebUiBuiltInKeywords.getAttribute(com.kms.katalon.core.testobject.ObjectRepository.findTestObject(HealthpostToStore/Page_Store/input_txtprice), "value"): Attribute 'value' of object 'Object Repository/HealthpostToStore/Page_Store/input_txtprice' is: '90'

2018-05-22 11:28:50 - [MESSAGE][PASSED] - Attribute 'value' of object 'Object Repository/HealthpostToStore/Page_Store/input_txtprice' is: '90'

2018-05-22 11:28:50 - [TEST_STEP][PASSED] - Statement - out.println("Stock QTY : " + StockQty): null

2018-05-22 11:28:50 - [TEST_STEP][PASSED] - delay: Delayed 2 second(s)

2018-05-22 11:28:52 - [MESSAGE][PASSED] - Delayed 2 second(s)

2018-05-22 11:28:52 - [TEST_STEP][PASSED] - Statement - If (java.lang.String.valueOf(StockQty) >= java.lang.String.valueOf(RequestedQty)): null

2018-05-22 11:28:52 - [TEST_STEP][PASSED] - setText: Text '10' is set on object 'Object Repository/HealthpostToStore/Page_Store/input_txtqty'

2018-05-22 11:28:52 - [MESSAGE][PASSED] - Text '10' is set on object 'Object Repository/HealthpostToStore/Page_Store/input_txtqty'

2018-05-22 11:28:52 - [TEST_STEP][PASSED] - click: Object: 'Object Repository/HealthpostToStore/Page_Store/button_Add' is clicked on

2018-05-22 11:28:58 - [MESSAGE][PASSED] - Object: 'Object Repository/HealthpostToStore/Page_Store/button_Add' is clicked on

2018-05-22 11:28:58 - [TEST_STEP][PASSED] - Statement - Break: null

2018-05-22 11:28:58 - [TEST_STEP][PASSED] - selectOptionByIndex: All options with index in [32] are selected on object 'Object Repository/HealthpostToStore/Page_Store/select_--Select--Adernaline 0.'

2018-05-22 11:28:58 - [MESSAGE][PASSED] - All options with index in [32] are selected on object 'Object Repository/HealthpostToStore/Page_Store/select_--Select--Adernaline 0.'

2018-05-22 11:28:58 - [TEST_STEP][PASSED] - delay: Delayed 2 second(s)

2018-05-22 11:29:00 - [MESSAGE][PASSED] - Delayed 2 second(s)

2018-05-22 11:29:00 - [TEST_STEP][PASSED] - Statement - RequestedQty = com.kms.katalon.core.webui.keyword.WebUiBuiltInKeywords.getAttribute(com.kms.katalon.core.testobject.ObjectRepository.findTestObject(HealthpostToStore/Page_Store/input_txttotal), "value"): Attribute 'value' of object 'Object Repository/HealthpostToStore/Page_Store/input_txttotal' is: '10'

2018-05-22 11:29:00 - [MESSAGE][PASSED] - Attribute 'value' of object 'Object Repository/HealthpostToStore/Page_Store/input_txttotal' is: '10'

2018-05-22 11:29:00 - [TEST_STEP][PASSED] - Statement - out.println("Requested QTY : " + RequestedQty): null

2018-05-22 11:29:00 - [TEST_STEP][PASSED] - Statement - BatchNumber = com.kms.katalon.core.webui.keyword.WebUiBuiltInKeywords.getNumberOfTotalOption(com.kms.katalon.core.testobject.ObjectRepository.findTestObject(HealthpostToStore/Page_Store/select_--Select--BA1170BA2376B)): 4 options of object 'Object Repository/HealthpostToStore/Page_Store/select_--Select--BA1170BA2376B' counted

2018-05-22 11:29:00 - [MESSAGE][PASSED] - 4 options of object 'Object Repository/HealthpostToStore/Page_Store/select_--Select--BA1170BA2376B' counted

2018-05-22 11:29:00 - [TEST_STEP][PASSED] - Statement - For ([g = 1, g <= BatchNumber - 1, (g++)]): null

2018-05-22 11:29:00 - [TEST_STEP][PASSED] - selectOptionByIndex: All options with index in [1] are selected on object 'Object Repository/HealthpostToStore/Page_Store/select_--Select--BA1170BA2376B'

2018-05-22 11:29:00 - [MESSAGE][PASSED] - All options with index in [1] are selected on object 'Object Repository/HealthpostToStore/Page_Store/select_--Select--BA1170BA2376B'

2018-05-22 11:29:00 - [TEST_STEP][PASSED] - Statement - Try: null

2018-05-22 11:29:00 - [TEST_STEP][PASSED] - Statement - StockQty = com.kms.katalon.core.webui.keyword.WebUiBuiltInKeywords.getAttribute(com.kms.katalon.core.testobject.ObjectRepository.findTestObject(HealthpostToStore/Page_Store/input_txtprice), "value"): Attribute 'value' of object 'Object Repository/HealthpostToStore/Page_Store/input_txtprice' is: '1030'

2018-05-22 11:29:00 - [MESSAGE][PASSED] - Attribute 'value' of object 'Object Repository/HealthpostToStore/Page_Store/input_txtprice' is: '1030'

2018-05-22 11:29:00 - [TEST_STEP][PASSED] - Statement - out.println("Stock QTY : " + StockQty): null

2018-05-22 11:29:00 - [TEST_STEP][PASSED] - delay: Delayed 2 second(s)

2018-05-22 11:29:02 - [MESSAGE][PASSED] - Delayed 2 second(s)

2018-05-22 11:29:02 - [TEST_STEP][PASSED] - Statement - If (java.lang.String.valueOf(StockQty) >= java.lang.String.valueOf(RequestedQty)): null

2018-05-22 11:29:02 - [TEST_STEP][PASSED] - setText: Text '10' is set on object 'Object Repository/HealthpostToStore/Page_Store/input_txtqty'

2018-05-22 11:29:02 - [MESSAGE][PASSED] - Text '10' is set on object 'Object Repository/HealthpostToStore/Page_Store/input_txtqty'

2018-05-22 11:29:02 - [TEST_STEP][PASSED] - click: Object: 'Object Repository/HealthpostToStore/Page_Store/button_Add' is clicked on

2018-05-22 11:29:07 - [MESSAGE][PASSED] - Object: 'Object Repository/HealthpostToStore/Page_Store/button_Add' is clicked on

2018-05-22 11:29:07 - [TEST_STEP][PASSED] - Statement - Break: null

2018-05-22 11:29:07 - [TEST_STEP][PASSED] - selectOptionByIndex: All options with index in [33] are selected on object 'Object Repository/HealthpostToStore/Page_Store/select_--Select--Adernaline 0.'

2018-05-22 11:29:08 - [MESSAGE][PASSED] - All options with index in [33] are selected on object 'Object Repository/HealthpostToStore/Page_Store/select_--Select--Adernaline 0.'

2018-05-22 11:29:08 - [TEST_STEP][PASSED] - delay: Delayed 2 second(s)

2018-05-22 11:29:10 - [MESSAGE][PASSED] - Delayed 2 second(s)

2018-05-22 11:29:10 - [TEST_STEP][PASSED] - Statement - RequestedQty = com.kms.katalon.core.webui.keyword.WebUiBuiltInKeywords.getAttribute(com.kms.katalon.core.testobject.ObjectRepository.findTestObject(HealthpostToStore/Page_Store/input_txttotal), "value"): Attribute 'value' of object 'Object Repository/HealthpostToStore/Page_Store/input_txttotal' is: '10'

2018-05-22 11:29:10 - [MESSAGE][PASSED] - Attribute 'value' of object 'Object Repository/HealthpostToStore/Page_Store/input_txttotal' is: '10'

2018-05-22 11:29:10 - [TEST_STEP][PASSED] - Statement - out.println("Requested QTY : " + RequestedQty): null

2018-05-22 11:29:10 - [TEST_STEP][PASSED] - Statement - BatchNumber = com.kms.katalon.core.webui.keyword.WebUiBuiltInKeywords.getNumberOfTotalOption(com.kms.katalon.core.testobject.ObjectRepository.findTestObject(HealthpostToStore/Page_Store/select_--Select--BA1170BA2376B)): 3 options of object 'Object Repository/HealthpostToStore/Page_Store/select_--Select--BA1170BA2376B' counted

2018-05-22 11:29:10 - [MESSAGE][PASSED] - 3 options of object 'Object Repository/HealthpostToStore/Page_Store/select_--Select--BA1170BA2376B' counted

2018-05-22 11:29:10 - [TEST_STEP][PASSED] - Statement - For ([g = 1, g <= BatchNumber - 1, (g++)]): null

2018-05-22 11:29:10 - [TEST_STEP][PASSED] - selectOptionByIndex: All options with index in [1] are selected on object 'Object Repository/HealthpostToStore/Page_Store/select_--Select--BA1170BA2376B'

2018-05-22 11:29:10 - [MESSAGE][PASSED] - All options with index in [1] are selected on object 'Object Repository/HealthpostToStore/Page_Store/select_--Select--BA1170BA2376B'

2018-05-22 11:29:10 - [TEST_STEP][PASSED] - Statement - Try: null

2018-05-22 11:29:10 - [TEST_STEP][PASSED] - Statement - StockQty = com.kms.katalon.core.webui.keyword.WebUiBuiltInKeywords.getAttribute(com.kms.katalon.core.testobject.ObjectRepository.findTestObject(HealthpostToStore/Page_Store/input_txtprice), "value"): Attribute 'value' of object 'Object Repository/HealthpostToStore/Page_Store/input_txtprice' is: ''

2018-05-22 11:29:10 - [MESSAGE][PASSED] - Attribute 'value' of object 'Object Repository/HealthpostToStore/Page_Store/input_txtprice' is: ''

2018-05-22 11:29:10 - [TEST_STEP][PASSED] - Statement - out.println("Stock QTY : " + StockQty): null

2018-05-22 11:29:10 - [TEST_STEP][PASSED] - delay: Delayed 2 second(s)

2018-05-22 11:29:12 - [MESSAGE][PASSED] - Delayed 2 second(s)

2018-05-22 11:29:12 - [TEST_STEP][PASSED] - Statement - If (java.lang.String.valueOf(StockQty) >= java.lang.String.valueOf(RequestedQty)): null

2018-05-22 11:29:12 - [TEST_STEP][PASSED] - Statement - Else: null

2018-05-22 11:29:12 - [TEST_STEP][PASSED] - Statement - out.println("Stock Is Less Than Requested Qty"): null

2018-05-22 11:29:12 - [TEST_STEP][PASSED] - selectOptionByIndex: All options with index in [2] are selected on object 'Object Repository/HealthpostToStore/Page_Store/select_--Select--BA1170BA2376B'

2018-05-22 11:29:12 - [MESSAGE][PASSED] - All options with index in [2] are selected on object 'Object Repository/HealthpostToStore/Page_Store/select_--Select--BA1170BA2376B'

2018-05-22 11:29:12 - [TEST_STEP][PASSED] - Statement - Try: null

2018-05-22 11:29:12 - [TEST_STEP][PASSED] - Statement - StockQty = com.kms.katalon.core.webui.keyword.WebUiBuiltInKeywords.getAttribute(com.kms.katalon.core.testobject.ObjectRepository.findTestObject(HealthpostToStore/Page_Store/input_txtprice), "value"): Attribute 'value' of object 'Object Repository/HealthpostToStore/Page_Store/input_txtprice' is: '990'

2018-05-22 11:29:12 - [MESSAGE][PASSED] - Attribute 'value' of object 'Object Repository/HealthpostToStore/Page_Store/input_txtprice' is: '990'

2018-05-22 11:29:12 - [TEST_STEP][PASSED] - Statement - out.println("Stock QTY : " + StockQty): null

2018-05-22 11:29:12 - [TEST_STEP][PASSED] - delay: Delayed 2 second(s)

2018-05-22 11:29:14 - [MESSAGE][PASSED] - Delayed 2 second(s)

2018-05-22 11:29:14 - [TEST_STEP][PASSED] - Statement - If (java.lang.String.valueOf(StockQty) >= java.lang.String.valueOf(RequestedQty)): null

2018-05-22 11:29:14 - [TEST_STEP][PASSED] - setText: Text '10' is set on object 'Object Repository/HealthpostToStore/Page_Store/input_txtqty'

2018-05-22 11:29:15 - [MESSAGE][PASSED] - Text '10' is set on object 'Object Repository/HealthpostToStore/Page_Store/input_txtqty'

2018-05-22 11:29:15 - [TEST_STEP][PASSED] - click: Object: 'Object Repository/HealthpostToStore/Page_Store/button_Add' is clicked on

2018-05-22 11:29:20 - [MESSAGE][PASSED] - Object: 'Object Repository/HealthpostToStore/Page_Store/button_Add' is clicked on

2018-05-22 11:29:20 - [TEST_STEP][PASSED] - Statement - Break: null

2018-05-22 11:29:20 - [TEST_STEP][PASSED] - selectOptionByIndex: All options with index in [34] are selected on object 'Object Repository/HealthpostToStore/Page_Store/select_--Select--Adernaline 0.'

2018-05-22 11:29:20 - [MESSAGE][PASSED] - All options with index in [34] are selected on object 'Object Repository/HealthpostToStore/Page_Store/select_--Select--Adernaline 0.'

2018-05-22 11:29:20 - [TEST_STEP][PASSED] - delay: Delayed 2 second(s)

2018-05-22 11:29:22 - [MESSAGE][PASSED] - Delayed 2 second(s)

2018-05-22 11:29:22 - [TEST_STEP][PASSED] - Statement - RequestedQty = com.kms.katalon.core.webui.keyword.WebUiBuiltInKeywords.getAttribute(com.kms.katalon.core.testobject.ObjectRepository.findTestObject(HealthpostToStore/Page_Store/input_txttotal), "value"): Attribute 'value' of object 'Object Repository/HealthpostToStore/Page_Store/input_txttotal' is: '10'

2018-05-22 11:29:22 - [MESSAGE][PASSED] - Attribute 'value' of object 'Object Repository/HealthpostToStore/Page_Store/input_txttotal' is: '10'

2018-05-22 11:29:22 - [TEST_STEP][PASSED] - Statement - out.println("Requested QTY : " + RequestedQty): null

2018-05-22 11:29:22 - [TEST_STEP][PASSED] - Statement - BatchNumber = com.kms.katalon.core.webui.keyword.WebUiBuiltInKeywords.getNumberOfTotalOption(com.kms.katalon.core.testobject.ObjectRepository.findTestObject(HealthpostToStore/Page_Store/select_--Select--BA1170BA2376B)): 3 options of object 'Object Repository/HealthpostToStore/Page_Store/select_--Select--BA1170BA2376B' counted

2018-05-22 11:29:22 - [MESSAGE][PASSED] - 3 options of object 'Object Repository/HealthpostToStore/Page_Store/select_--Select--BA1170BA2376B' counted

2018-05-22 11:29:22 - [TEST_STEP][PASSED] - Statement - For ([g = 1, g <= BatchNumber - 1, (g++)]): null

2018-05-22 11:29:22 - [TEST_STEP][PASSED] - selectOptionByIndex: All options with index in [1] are selected on object 'Object Repository/HealthpostToStore/Page_Store/select_--Select--BA1170BA2376B'

2018-05-22 11:29:22 - [MESSAGE][PASSED] - All options with index in [1] are selected on object 'Object Repository/HealthpostToStore/Page_Store/select_--Select--BA1170BA2376B'

2018-05-22 11:29:22 - [TEST_STEP][PASSED] - Statement - Try: null

2018-05-22 11:29:22 - [TEST_STEP][PASSED] - Statement - StockQty = com.kms.katalon.core.webui.keyword.WebUiBuiltInKeywords.getAttribute(com.kms.katalon.core.testobject.ObjectRepository.findTestObject(HealthpostToStore/Page_Store/input_txtprice), "value"): Attribute 'value' of object 'Object Repository/HealthpostToStore/Page_Store/input_txtprice' is: '1030'

2018-05-22 11:29:22 - [MESSAGE][PASSED] - Attribute 'value' of object 'Object Repository/HealthpostToStore/Page_Store/input_txtprice' is: '1030'

2018-05-22 11:29:22 - [TEST_STEP][PASSED] - Statement - out.println("Stock QTY : " + StockQty): null

2018-05-22 11:29:22 - [TEST_STEP][PASSED] - delay: Delayed 2 second(s)

2018-05-22 11:29:24 - [MESSAGE][PASSED] - Delayed 2 second(s)

2018-05-22 11:29:24 - [TEST_STEP][PASSED] - Statement - If (java.lang.String.valueOf(StockQty) >= java.lang.String.valueOf(RequestedQty)): null

2018-05-22 11:29:24 - [TEST_STEP][PASSED] - setText: Text '10' is set on object 'Object Repository/HealthpostToStore/Page_Store/input_txtqty'

2018-05-22 11:29:24 - [MESSAGE][PASSED] - Text '10' is set on object 'Object Repository/HealthpostToStore/Page_Store/input_txtqty'

2018-05-22 11:29:24 - [TEST_STEP][PASSED] - click: Object: 'Object Repository/HealthpostToStore/Page_Store/button_Add' is clicked on

2018-05-22 11:29:30 - [MESSAGE][PASSED] - Object: 'Object Repository/HealthpostToStore/Page_Store/button_Add' is clicked on

2018-05-22 11:29:30 - [TEST_STEP][PASSED] - Statement - Break: null

2018-05-22 11:29:30 - [TEST_STEP][PASSED] - selectOptionByIndex: All options with index in [35] are selected on object 'Object Repository/HealthpostToStore/Page_Store/select_--Select--Adernaline 0.'

2018-05-22 11:29:30 - [MESSAGE][PASSED] - All options with index in [35] are selected on object 'Object Repository/HealthpostToStore/Page_Store/select_--Select--Adernaline 0.'

2018-05-22 11:29:30 - [TEST_STEP][PASSED] - delay: Delayed 2 second(s)

2018-05-22 11:29:32 - [MESSAGE][PASSED] - Delayed 2 second(s)

2018-05-22 11:29:32 - [TEST_STEP][PASSED] - Statement - RequestedQty = com.kms.katalon.core.webui.keyword.WebUiBuiltInKeywords.getAttribute(com.kms.katalon.core.testobject.ObjectRepository.findTestObject(HealthpostToStore/Page_Store/input_txttotal), "value"): Attribute 'value' of object 'Object Repository/HealthpostToStore/Page_Store/input_txttotal' is: '10'

2018-05-22 11:29:32 - [MESSAGE][PASSED] - Attribute 'value' of object 'Object Repository/HealthpostToStore/Page_Store/input_txttotal' is: '10'

2018-05-22 11:29:32 - [TEST_STEP][PASSED] - Statement - out.println("Requested QTY : " + RequestedQty): null

2018-05-22 11:29:32 - [TEST_STEP][PASSED] - Statement - BatchNumber = com.kms.katalon.core.webui.keyword.WebUiBuiltInKeywords.getNumberOfTotalOption(com.kms.katalon.core.testobject.ObjectRepository.findTestObject(HealthpostToStore/Page_Store/select_--Select--BA1170BA2376B)): 3 options of object 'Object Repository/HealthpostToStore/Page_Store/select_--Select--BA1170BA2376B' counted

2018-05-22 11:29:32 - [MESSAGE][PASSED] - 3 options of object 'Object Repository/HealthpostToStore/Page_Store/select_--Select--BA1170BA2376B' counted

2018-05-22 11:29:32 - [TEST_STEP][PASSED] - Statement - For ([g = 1, g <= BatchNumber - 1, (g++)]): null

2018-05-22 11:29:32 - [TEST_STEP][PASSED] - selectOptionByIndex: All options with index in [1] are selected on object 'Object Repository/HealthpostToStore/Page_Store/select_--Select--BA1170BA2376B'

2018-05-22 11:29:32 - [MESSAGE][PASSED] - All options with index in [1] are selected on object 'Object Repository/HealthpostToStore/Page_Store/select_--Select--BA1170BA2376B'

2018-05-22 11:29:32 - [TEST_STEP][PASSED] - Statement - Try: null

2018-05-22 11:29:32 - [TEST_STEP][PASSED] - Statement - StockQty = com.kms.katalon.core.webui.keyword.WebUiBuiltInKeywords.getAttribute(com.kms.katalon.core.testobject.ObjectRepository.findTestObject(HealthpostToStore/Page_Store/input_txtprice), "value"): Attribute 'value' of object 'Object Repository/HealthpostToStore/Page_Store/input_txtprice' is: '2030'

2018-05-22 11:29:32 - [MESSAGE][PASSED] - Attribute 'value' of object 'Object Repository/HealthpostToStore/Page_Store/input_txtprice' is: '2030'

2018-05-22 11:29:32 - [TEST_STEP][PASSED] - Statement - out.println("Stock QTY : " + StockQty): null

2018-05-22 11:29:32 - [TEST_STEP][PASSED] - delay: Delayed 2 second(s)

2018-05-22 11:29:34 - [MESSAGE][PASSED] - Delayed 2 second(s)

2018-05-22 11:29:34 - [TEST_STEP][PASSED] - Statement - If (java.lang.String.valueOf(StockQty) >= java.lang.String.valueOf(RequestedQty)): null

2018-05-22 11:29:34 - [TEST_STEP][PASSED] - setText: Text '10' is set on object 'Object Repository/HealthpostToStore/Page_Store/input_txtqty'

2018-05-22 11:29:34 - [MESSAGE][PASSED] - Text '10' is set on object 'Object Repository/HealthpostToStore/Page_Store/input_txtqty'

2018-05-22 11:29:34 - [TEST_STEP][PASSED] - click: Object: 'Object Repository/HealthpostToStore/Page_Store/button_Add' is clicked on

2018-05-22 11:29:40 - [MESSAGE][PASSED] - Object: 'Object Repository/HealthpostToStore/Page_Store/button_Add' is clicked on

2018-05-22 11:29:40 - [TEST_STEP][PASSED] - Statement - Break: null

2018-05-22 11:29:40 - [TEST_STEP][PASSED] - selectOptionByIndex: All options with index in [36] are selected on object 'Object Repository/HealthpostToStore/Page_Store/select_--Select--Adernaline 0.'

2018-05-22 11:29:40 - [MESSAGE][PASSED] - All options with index in [36] are selected on object 'Object Repository/HealthpostToStore/Page_Store/select_--Select--Adernaline 0.'

2018-05-22 11:29:40 - [TEST_STEP][PASSED] - delay: Delayed 2 second(s)

2018-05-22 11:29:42 - [MESSAGE][PASSED] - Delayed 2 second(s)

2018-05-22 11:29:42 - [TEST_STEP][PASSED] - Statement - RequestedQty = com.kms.katalon.core.webui.keyword.WebUiBuiltInKeywords.getAttribute(com.kms.katalon.core.testobject.ObjectRepository.findTestObject(HealthpostToStore/Page_Store/input_txttotal), "value"): Attribute 'value' of object 'Object Repository/HealthpostToStore/Page_Store/input_txttotal' is: '10'

2018-05-22 11:29:42 - [MESSAGE][PASSED] - Attribute 'value' of object 'Object Repository/HealthpostToStore/Page_Store/input_txttotal' is: '10'

2018-05-22 11:29:42 - [TEST_STEP][PASSED] - Statement - out.println("Requested QTY : " + RequestedQty): null

2018-05-22 11:29:42 - [TEST_STEP][PASSED] - Statement - BatchNumber = com.kms.katalon.core.webui.keyword.WebUiBuiltInKeywords.getNumberOfTotalOption(com.kms.katalon.core.testobject.ObjectRepository.findTestObject(HealthpostToStore/Page_Store/select_--Select--BA1170BA2376B)): 5 options of object 'Object Repository/HealthpostToStore/Page_Store/select_--Select--BA1170BA2376B' counted

2018-05-22 11:29:42 - [MESSAGE][PASSED] - 5 options of object 'Object Repository/HealthpostToStore/Page_Store/select_--Select--BA1170BA2376B' counted

2018-05-22 11:29:42 - [TEST_STEP][PASSED] - Statement - For ([g = 1, g <= BatchNumber - 1, (g++)]): null

2018-05-22 11:29:42 - [TEST_STEP][PASSED] - selectOptionByIndex: All options with index in [1] are selected on object 'Object Repository/HealthpostToStore/Page_Store/select_--Select--BA1170BA2376B'

2018-05-22 11:29:42 - [MESSAGE][PASSED] - All options with index in [1] are selected on object 'Object Repository/HealthpostToStore/Page_Store/select_--Select--BA1170BA2376B'

2018-05-22 11:29:42 - [TEST_STEP][PASSED] - Statement - Try: null

2018-05-22 11:29:42 - [TEST_STEP][PASSED] - Statement - StockQty = com.kms.katalon.core.webui.keyword.WebUiBuiltInKeywords.getAttribute(com.kms.katalon.core.testobject.ObjectRepository.findTestObject(HealthpostToStore/Page_Store/input_txtprice), "value"): Attribute 'value' of object 'Object Repository/HealthpostToStore/Page_Store/input_txtprice' is: '90'

2018-05-22 11:29:42 - [MESSAGE][PASSED] - Attribute 'value' of object 'Object Repository/HealthpostToStore/Page_Store/input_txtprice' is: '90'

2018-05-22 11:29:42 - [TEST_STEP][PASSED] - Statement - out.println("Stock QTY : " + StockQty): null

2018-05-22 11:29:42 - [TEST_STEP][PASSED] - delay: Delayed 2 second(s)

2018-05-22 11:29:44 - [MESSAGE][PASSED] - Delayed 2 second(s)

2018-05-22 11:29:44 - [TEST_STEP][PASSED] - Statement - If (java.lang.String.valueOf(StockQty) >= java.lang.String.valueOf(RequestedQty)): null

2018-05-22 11:29:44 - [TEST_STEP][PASSED] - setText: Text '10' is set on object 'Object Repository/HealthpostToStore/Page_Store/input_txtqty'

2018-05-22 11:29:44 - [MESSAGE][PASSED] - Text '10' is set on object 'Object Repository/HealthpostToStore/Page_Store/input_txtqty'

2018-05-22 11:29:44 - [TEST_STEP][PASSED] - click: Object: 'Object Repository/HealthpostToStore/Page_Store/button_Add' is clicked on

2018-05-22 11:29:49 - [MESSAGE][PASSED] - Object: 'Object Repository/HealthpostToStore/Page_Store/button_Add' is clicked on

2018-05-22 11:29:49 - [TEST_STEP][PASSED] - Statement - Break: null

2018-05-22 11:29:49 - [TEST_STEP][PASSED] - selectOptionByIndex: All options with index in [37] are selected on object 'Object Repository/HealthpostToStore/Page_Store/select_--Select--Adernaline 0.'

2018-05-22 11:29:50 - [MESSAGE][PASSED] - All options with index in [37] are selected on object 'Object Repository/HealthpostToStore/Page_Store/select_--Select--Adernaline 0.'

2018-05-22 11:29:50 - [TEST_STEP][PASSED] - delay: Delayed 2 second(s)

2018-05-22 11:29:52 - [MESSAGE][PASSED] - Delayed 2 second(s)

2018-05-22 11:29:52 - [TEST_STEP][PASSED] - Statement - RequestedQty = com.kms.katalon.core.webui.keyword.WebUiBuiltInKeywords.getAttribute(com.kms.katalon.core.testobject.ObjectRepository.findTestObject(HealthpostToStore/Page_Store/input_txttotal), "value"): Attribute 'value' of object 'Object Repository/HealthpostToStore/Page_Store/input_txttotal' is: '10'

2018-05-22 11:29:52 - [MESSAGE][PASSED] - Attribute 'value' of object 'Object Repository/HealthpostToStore/Page_Store/input_txttotal' is: '10'

2018-05-22 11:29:52 - [TEST_STEP][PASSED] - Statement - out.println("Requested QTY : " + RequestedQty): null

2018-05-22 11:29:52 - [TEST_STEP][PASSED] - Statement - BatchNumber = com.kms.katalon.core.webui.keyword.WebUiBuiltInKeywords.getNumberOfTotalOption(com.kms.katalon.core.testobject.ObjectRepository.findTestObject(HealthpostToStore/Page_Store/select_--Select--BA1170BA2376B)): 4 options of object 'Object Repository/HealthpostToStore/Page_Store/select_--Select--BA1170BA2376B' counted

2018-05-22 11:29:52 - [MESSAGE][PASSED] - 4 options of object 'Object Repository/HealthpostToStore/Page_Store/select_--Select--BA1170BA2376B' counted

2018-05-22 11:29:52 - [TEST_STEP][PASSED] - Statement - For ([g = 1, g <= BatchNumber - 1, (g++)]): null

2018-05-22 11:29:52 - [TEST_STEP][PASSED] - selectOptionByIndex: All options with index in [1] are selected on object 'Object Repository/HealthpostToStore/Page_Store/select_--Select--BA1170BA2376B'

2018-05-22 11:29:52 - [MESSAGE][PASSED] - All options with index in [1] are selected on object 'Object Repository/HealthpostToStore/Page_Store/select_--Select--BA1170BA2376B'

2018-05-22 11:29:52 - [TEST_STEP][PASSED] - Statement - Try: null

2018-05-22 11:29:52 - [TEST_STEP][PASSED] - Statement - StockQty = com.kms.katalon.core.webui.keyword.WebUiBuiltInKeywords.getAttribute(com.kms.katalon.core.testobject.ObjectRepository.findTestObject(HealthpostToStore/Page_Store/input_txtprice), "value"): Attribute 'value' of object 'Object Repository/HealthpostToStore/Page_Store/input_txtprice' is: '1030'

2018-05-22 11:29:52 - [MESSAGE][PASSED] - Attribute 'value' of object 'Object Repository/HealthpostToStore/Page_Store/input_txtprice' is: '1030'

2018-05-22 11:29:52 - [TEST_STEP][PASSED] - Statement - out.println("Stock QTY : " + StockQty): null

2018-05-22 11:29:52 - [TEST_STEP][PASSED] - delay: Delayed 2 second(s)

2018-05-22 11:29:54 - [MESSAGE][PASSED] - Delayed 2 second(s)

2018-05-22 11:29:54 - [TEST_STEP][PASSED] - Statement - If (java.lang.String.valueOf(StockQty) >= java.lang.String.valueOf(RequestedQty)): null

2018-05-22 11:29:54 - [TEST_STEP][PASSED] - setText: Text '10' is set on object 'Object Repository/HealthpostToStore/Page_Store/input_txtqty'

2018-05-22 11:29:54 - [MESSAGE][PASSED] - Text '10' is set on object 'Object Repository/HealthpostToStore/Page_Store/input_txtqty'

2018-05-22 11:29:54 - [TEST_STEP][PASSED] - click: Object: 'Object Repository/HealthpostToStore/Page_Store/button_Add' is clicked on

2018-05-22 11:30:00 - [MESSAGE][PASSED] - Object: 'Object Repository/HealthpostToStore/Page_Store/button_Add' is clicked on

2018-05-22 11:30:00 - [TEST_STEP][PASSED] - Statement - Break: null

2018-05-22 11:30:00 - [TEST_STEP][PASSED] - selectOptionByIndex: All options with index in [38] are selected on object 'Object Repository/HealthpostToStore/Page_Store/select_--Select--Adernaline 0.'

2018-05-22 11:30:00 - [MESSAGE][PASSED] - All options with index in [38] are selected on object 'Object Repository/HealthpostToStore/Page_Store/select_--Select--Adernaline 0.'

2018-05-22 11:30:00 - [TEST_STEP][PASSED] - delay: Delayed 2 second(s)

2018-05-22 11:30:02 - [MESSAGE][PASSED] - Delayed 2 second(s)

2018-05-22 11:30:02 - [TEST_STEP][PASSED] - Statement - RequestedQty = com.kms.katalon.core.webui.keyword.WebUiBuiltInKeywords.getAttribute(com.kms.katalon.core.testobject.ObjectRepository.findTestObject(HealthpostToStore/Page_Store/input_txttotal), "value"): Attribute 'value' of object 'Object Repository/HealthpostToStore/Page_Store/input_txttotal' is: '10'

2018-05-22 11:30:02 - [MESSAGE][PASSED] - Attribute 'value' of object 'Object Repository/HealthpostToStore/Page_Store/input_txttotal' is: '10'

2018-05-22 11:30:02 - [TEST_STEP][PASSED] - Statement - out.println("Requested QTY : " + RequestedQty): null

2018-05-22 11:30:02 - [TEST_STEP][PASSED] - Statement - BatchNumber = com.kms.katalon.core.webui.keyword.WebUiBuiltInKeywords.getNumberOfTotalOption(com.kms.katalon.core.testobject.ObjectRepository.findTestObject(HealthpostToStore/Page_Store/select_--Select--BA1170BA2376B)): 4 options of object 'Object Repository/HealthpostToStore/Page_Store/select_--Select--BA1170BA2376B' counted

2018-05-22 11:30:02 - [MESSAGE][PASSED] - 4 options of object 'Object Repository/HealthpostToStore/Page_Store/select_--Select--BA1170BA2376B' counted

2018-05-22 11:30:02 - [TEST_STEP][PASSED] - Statement - For ([g = 1, g <= BatchNumber - 1, (g++)]): null

2018-05-22 11:30:02 - [TEST_STEP][PASSED] - selectOptionByIndex: All options with index in [1] are selected on object 'Object Repository/HealthpostToStore/Page_Store/select_--Select--BA1170BA2376B'

2018-05-22 11:30:02 - [MESSAGE][PASSED] - All options with index in [1] are selected on object 'Object Repository/HealthpostToStore/Page_Store/select_--Select--BA1170BA2376B'

2018-05-22 11:30:02 - [TEST_STEP][PASSED] - Statement - Try: null

2018-05-22 11:30:02 - [TEST_STEP][PASSED] - Statement - StockQty = com.kms.katalon.core.webui.keyword.WebUiBuiltInKeywords.getAttribute(com.kms.katalon.core.testobject.ObjectRepository.findTestObject(HealthpostToStore/Page_Store/input_txtprice), "value"): Attribute 'value' of object 'Object Repository/HealthpostToStore/Page_Store/input_txtprice' is: '90'

2018-05-22 11:30:02 - [MESSAGE][PASSED] - Attribute 'value' of object 'Object Repository/HealthpostToStore/Page_Store/input_txtprice' is: '90'

2018-05-22 11:30:02 - [TEST_STEP][PASSED] - Statement - out.println("Stock QTY : " + StockQty): null

2018-05-22 11:30:02 - [TEST_STEP][PASSED] - delay: Delayed 2 second(s)

2018-05-22 11:30:04 - [MESSAGE][PASSED] - Delayed 2 second(s)

2018-05-22 11:30:04 - [TEST_STEP][PASSED] - Statement - If (java.lang.String.valueOf(StockQty) >= java.lang.String.valueOf(RequestedQty)): null

2018-05-22 11:30:04 - [TEST_STEP][PASSED] - setText: Text '10' is set on object 'Object Repository/HealthpostToStore/Page_Store/input_txtqty'

2018-05-22 11:30:04 - [MESSAGE][PASSED] - Text '10' is set on object 'Object Repository/HealthpostToStore/Page_Store/input_txtqty'

2018-05-22 11:30:04 - [TEST_STEP][PASSED] - click: Object: 'Object Repository/HealthpostToStore/Page_Store/button_Add' is clicked on

2018-05-22 11:30:10 - [MESSAGE][PASSED] - Object: 'Object Repository/HealthpostToStore/Page_Store/button_Add' is clicked on

2018-05-22 11:30:10 - [TEST_STEP][PASSED] - Statement - Break: null

2018-05-22 11:30:10 - [TEST_STEP][PASSED] - selectOptionByIndex: All options with index in [39] are selected on object 'Object Repository/HealthpostToStore/Page_Store/select_--Select--Adernaline 0.'

2018-05-22 11:30:10 - [MESSAGE][PASSED] - All options with index in [39] are selected on object 'Object Repository/HealthpostToStore/Page_Store/select_--Select--Adernaline 0.'

2018-05-22 11:30:10 - [TEST_STEP][PASSED] - delay: Delayed 2 second(s)

2018-05-22 11:30:12 - [MESSAGE][PASSED] - Delayed 2 second(s)

2018-05-22 11:30:12 - [TEST_STEP][PASSED] - Statement - RequestedQty = com.kms.katalon.core.webui.keyword.WebUiBuiltInKeywords.getAttribute(com.kms.katalon.core.testobject.ObjectRepository.findTestObject(HealthpostToStore/Page_Store/input_txttotal), "value"): Attribute 'value' of object 'Object Repository/HealthpostToStore/Page_Store/input_txttotal' is: '10'

2018-05-22 11:30:12 - [MESSAGE][PASSED] - Attribute 'value' of object 'Object Repository/HealthpostToStore/Page_Store/input_txttotal' is: '10'

2018-05-22 11:30:12 - [TEST_STEP][PASSED] - Statement - out.println("Requested QTY : " + RequestedQty): null

2018-05-22 11:30:12 - [TEST_STEP][PASSED] - Statement - BatchNumber = com.kms.katalon.core.webui.keyword.WebUiBuiltInKeywords.getNumberOfTotalOption(com.kms.katalon.core.testobject.ObjectRepository.findTestObject(HealthpostToStore/Page_Store/select_--Select--BA1170BA2376B)): 3 options of object 'Object Repository/HealthpostToStore/Page_Store/select_--Select--BA1170BA2376B' counted

2018-05-22 11:30:12 - [MESSAGE][PASSED] - 3 options of object 'Object Repository/HealthpostToStore/Page_Store/select_--Select--BA1170BA2376B' counted

2018-05-22 11:30:12 - [TEST_STEP][PASSED] - Statement - For ([g = 1, g <= BatchNumber - 1, (g++)]): null

2018-05-22 11:30:12 - [TEST_STEP][PASSED] - selectOptionByIndex: All options with index in [1] are selected on object 'Object Repository/HealthpostToStore/Page_Store/select_--Select--BA1170BA2376B'

2018-05-22 11:30:12 - [MESSAGE][PASSED] - All options with index in [1] are selected on object 'Object Repository/HealthpostToStore/Page_Store/select_--Select--BA1170BA2376B'

2018-05-22 11:30:12 - [TEST_STEP][PASSED] - Statement - Try: null

2018-05-22 11:30:12 - [TEST_STEP][PASSED] - Statement - StockQty = com.kms.katalon.core.webui.keyword.WebUiBuiltInKeywords.getAttribute(com.kms.katalon.core.testobject.ObjectRepository.findTestObject(HealthpostToStore/Page_Store/input_txtprice), "value"): Attribute 'value' of object 'Object Repository/HealthpostToStore/Page_Store/input_txtprice' is: '1130'

2018-05-22 11:30:12 - [MESSAGE][PASSED] - Attribute 'value' of object 'Object Repository/HealthpostToStore/Page_Store/input_txtprice' is: '1130'

2018-05-22 11:30:12 - [TEST_STEP][PASSED] - Statement - out.println("Stock QTY : " + StockQty): null

2018-05-22 11:30:12 - [TEST_STEP][PASSED] - delay: Delayed 2 second(s)

2018-05-22 11:30:14 - [MESSAGE][PASSED] - Delayed 2 second(s)

2018-05-22 11:30:14 - [TEST_STEP][PASSED] - Statement - If (java.lang.String.valueOf(StockQty) >= java.lang.String.valueOf(RequestedQty)): null

2018-05-22 11:30:14 - [TEST_STEP][PASSED] - setText: Text '10' is set on object 'Object Repository/HealthpostToStore/Page_Store/input_txtqty'

2018-05-22 11:30:14 - [MESSAGE][PASSED] - Text '10' is set on object 'Object Repository/HealthpostToStore/Page_Store/input_txtqty'

2018-05-22 11:30:14 - [TEST_STEP][PASSED] - click: Object: 'Object Repository/HealthpostToStore/Page_Store/button_Add' is clicked on

2018-05-22 11:30:19 - [MESSAGE][PASSED] - Object: 'Object Repository/HealthpostToStore/Page_Store/button_Add' is clicked on

2018-05-22 11:30:19 - [TEST_STEP][PASSED] - Statement - Break: null

2018-05-22 11:30:19 - [TEST_STEP][PASSED] - selectOptionByIndex: All options with index in [40] are selected on object 'Object Repository/HealthpostToStore/Page_Store/select_--Select--Adernaline 0.'

2018-05-22 11:30:20 - [MESSAGE][PASSED] - All options with index in [40] are selected on object 'Object Repository/HealthpostToStore/Page_Store/select_--Select--Adernaline 0.'

2018-05-22 11:30:20 - [TEST_STEP][PASSED] - delay: Delayed 2 second(s)

2018-05-22 11:30:22 - [MESSAGE][PASSED] - Delayed 2 second(s)

2018-05-22 11:30:22 - [TEST_STEP][PASSED] - Statement - RequestedQty = com.kms.katalon.core.webui.keyword.WebUiBuiltInKeywords.getAttribute(com.kms.katalon.core.testobject.ObjectRepository.findTestObject(HealthpostToStore/Page_Store/input_txttotal), "value"): Attribute 'value' of object 'Object Repository/HealthpostToStore/Page_Store/input_txttotal' is: '10'

2018-05-22 11:30:22 - [MESSAGE][PASSED] - Attribute 'value' of object 'Object Repository/HealthpostToStore/Page_Store/input_txttotal' is: '10'

2018-05-22 11:30:22 - [TEST_STEP][PASSED] - Statement - out.println("Requested QTY : " + RequestedQty): null

2018-05-22 11:30:22 - [TEST_STEP][PASSED] - Statement - BatchNumber = com.kms.katalon.core.webui.keyword.WebUiBuiltInKeywords.getNumberOfTotalOption(com.kms.katalon.core.testobject.ObjectRepository.findTestObject(HealthpostToStore/Page_Store/select_--Select--BA1170BA2376B)): 4 options of object 'Object Repository/HealthpostToStore/Page_Store/select_--Select--BA1170BA2376B' counted

2018-05-22 11:30:22 - [MESSAGE][PASSED] - 4 options of object 'Object Repository/HealthpostToStore/Page_Store/select_--Select--BA1170BA2376B' counted

2018-05-22 11:30:22 - [TEST_STEP][PASSED] - Statement - For ([g = 1, g <= BatchNumber - 1, (g++)]): null

2018-05-22 11:30:22 - [TEST_STEP][PASSED] - selectOptionByIndex: All options with index in [1] are selected on object 'Object Repository/HealthpostToStore/Page_Store/select_--Select--BA1170BA2376B'

2018-05-22 11:30:22 - [MESSAGE][PASSED] - All options with index in [1] are selected on object 'Object Repository/HealthpostToStore/Page_Store/select_--Select--BA1170BA2376B'

2018-05-22 11:30:22 - [TEST_STEP][PASSED] - Statement - Try: null

2018-05-22 11:30:22 - [TEST_STEP][PASSED] - Statement - StockQty = com.kms.katalon.core.webui.keyword.WebUiBuiltInKeywords.getAttribute(com.kms.katalon.core.testobject.ObjectRepository.findTestObject(HealthpostToStore/Page_Store/input_txtprice), "value"): Attribute 'value' of object 'Object Repository/HealthpostToStore/Page_Store/input_txtprice' is: '1030'

2018-05-22 11:30:22 - [MESSAGE][PASSED] - Attribute 'value' of object 'Object Repository/HealthpostToStore/Page_Store/input_txtprice' is: '1030'

2018-05-22 11:30:22 - [TEST_STEP][PASSED] - Statement - out.println("Stock QTY : " + StockQty): null

2018-05-22 11:30:22 - [TEST_STEP][PASSED] - delay: Delayed 2 second(s)

2018-05-22 11:30:24 - [MESSAGE][PASSED] - Delayed 2 second(s)

2018-05-22 11:30:24 - [TEST_STEP][PASSED] - Statement - If (java.lang.String.valueOf(StockQty) >= java.lang.String.valueOf(RequestedQty)): null

2018-05-22 11:30:24 - [TEST_STEP][PASSED] - setText: Text '10' is set on object 'Object Repository/HealthpostToStore/Page_Store/input_txtqty'

2018-05-22 11:30:24 - [MESSAGE][PASSED] - Text '10' is set on object 'Object Repository/HealthpostToStore/Page_Store/input_txtqty'

2018-05-22 11:30:24 - [TEST_STEP][PASSED] - click: Object: 'Object Repository/HealthpostToStore/Page_Store/button_Add' is clicked on

2018-05-22 11:30:29 - [MESSAGE][PASSED] - Object: 'Object Repository/HealthpostToStore/Page_Store/button_Add' is clicked on

2018-05-22 11:30:29 - [TEST_STEP][PASSED] - Statement - Break: null

2018-05-22 11:30:29 - [TEST_STEP][PASSED] - selectOptionByIndex: All options with index in [41] are selected on object 'Object Repository/HealthpostToStore/Page_Store/select_--Select--Adernaline 0.'

2018-05-22 11:30:30 - [MESSAGE][PASSED] - All options with index in [41] are selected on object 'Object Repository/HealthpostToStore/Page_Store/select_--Select--Adernaline 0.'

2018-05-22 11:30:30 - [TEST_STEP][PASSED] - delay: Delayed 2 second(s)

2018-05-22 11:30:32 - [MESSAGE][PASSED] - Delayed 2 second(s)

2018-05-22 11:30:32 - [TEST_STEP][PASSED] - Statement - RequestedQty = com.kms.katalon.core.webui.keyword.WebUiBuiltInKeywords.getAttribute(com.kms.katalon.core.testobject.ObjectRepository.findTestObject(HealthpostToStore/Page_Store/input_txttotal), "value"): Attribute 'value' of object 'Object Repository/HealthpostToStore/Page_Store/input_txttotal' is: '10'

2018-05-22 11:30:32 - [MESSAGE][PASSED] - Attribute 'value' of object 'Object Repository/HealthpostToStore/Page_Store/input_txttotal' is: '10'

2018-05-22 11:30:32 - [TEST_STEP][PASSED] - Statement - out.println("Requested QTY : " + RequestedQty): null

2018-05-22 11:30:32 - [TEST_STEP][PASSED] - Statement - BatchNumber = com.kms.katalon.core.webui.keyword.WebUiBuiltInKeywords.getNumberOfTotalOption(com.kms.katalon.core.testobject.ObjectRepository.findTestObject(HealthpostToStore/Page_Store/select_--Select--BA1170BA2376B)): 3 options of object 'Object Repository/HealthpostToStore/Page_Store/select_--Select--BA1170BA2376B' counted

2018-05-22 11:30:32 - [MESSAGE][PASSED] - 3 options of object 'Object Repository/HealthpostToStore/Page_Store/select_--Select--BA1170BA2376B' counted

2018-05-22 11:30:32 - [TEST_STEP][PASSED] - Statement - For ([g = 1, g <= BatchNumber - 1, (g++)]): null

2018-05-22 11:30:32 - [TEST_STEP][PASSED] - selectOptionByIndex: All options with index in [1] are selected on object 'Object Repository/HealthpostToStore/Page_Store/select_--Select--BA1170BA2376B'

2018-05-22 11:30:32 - [MESSAGE][PASSED] - All options with index in [1] are selected on object 'Object Repository/HealthpostToStore/Page_Store/select_--Select--BA1170BA2376B'

2018-05-22 11:30:32 - [TEST_STEP][PASSED] - Statement - Try: null

2018-05-22 11:30:32 - [TEST_STEP][PASSED] - Statement - StockQty = com.kms.katalon.core.webui.keyword.WebUiBuiltInKeywords.getAttribute(com.kms.katalon.core.testobject.ObjectRepository.findTestObject(HealthpostToStore/Page_Store/input_txtprice), "value"): Attribute 'value' of object 'Object Repository/HealthpostToStore/Page_Store/input_txtprice' is: '2030'

2018-05-22 11:30:32 - [MESSAGE][PASSED] - Attribute 'value' of object 'Object Repository/HealthpostToStore/Page_Store/input_txtprice' is: '2030'

2018-05-22 11:30:32 - [TEST_STEP][PASSED] - Statement - out.println("Stock QTY : " + StockQty): null

2018-05-22 11:30:32 - [TEST_STEP][PASSED] - delay: Delayed 2 second(s)

2018-05-22 11:30:34 - [MESSAGE][PASSED] - Delayed 2 second(s)

2018-05-22 11:30:34 - [TEST_STEP][PASSED] - Statement - If (java.lang.String.valueOf(StockQty) >= java.lang.String.valueOf(RequestedQty)): null

2018-05-22 11:30:34 - [TEST_STEP][PASSED] - setText: Text '10' is set on object 'Object Repository/HealthpostToStore/Page_Store/input_txtqty'

2018-05-22 11:30:34 - [MESSAGE][PASSED] - Text '10' is set on object 'Object Repository/HealthpostToStore/Page_Store/input_txtqty'

2018-05-22 11:30:34 - [TEST_STEP][PASSED] - click: Object: 'Object Repository/HealthpostToStore/Page_Store/button_Add' is clicked on

2018-05-22 11:30:40 - [MESSAGE][PASSED] - Object: 'Object Repository/HealthpostToStore/Page_Store/button_Add' is clicked on

2018-05-22 11:30:40 - [TEST_STEP][PASSED] - Statement - Break: null

2018-05-22 11:30:40 - [TEST_STEP][PASSED] - selectOptionByIndex: All options with index in [42] are selected on object 'Object Repository/HealthpostToStore/Page_Store/select_--Select--Adernaline 0.'

2018-05-22 11:30:40 - [MESSAGE][PASSED] - All options with index in [42] are selected on object 'Object Repository/HealthpostToStore/Page_Store/select_--Select--Adernaline 0.'

2018-05-22 11:30:40 - [TEST_STEP][PASSED] - delay: Delayed 2 second(s)

2018-05-22 11:30:42 - [MESSAGE][PASSED] - Delayed 2 second(s)

2018-05-22 11:30:42 - [TEST_STEP][PASSED] - Statement - RequestedQty = com.kms.katalon.core.webui.keyword.WebUiBuiltInKeywords.getAttribute(com.kms.katalon.core.testobject.ObjectRepository.findTestObject(HealthpostToStore/Page_Store/input_txttotal), "value"): Attribute 'value' of object 'Object Repository/HealthpostToStore/Page_Store/input_txttotal' is: '10'

2018-05-22 11:30:42 - [MESSAGE][PASSED] - Attribute 'value' of object 'Object Repository/HealthpostToStore/Page_Store/input_txttotal' is: '10'

2018-05-22 11:30:42 - [TEST_STEP][PASSED] - Statement - out.println("Requested QTY : " + RequestedQty): null

2018-05-22 11:30:42 - [TEST_STEP][PASSED] - Statement - BatchNumber = com.kms.katalon.core.webui.keyword.WebUiBuiltInKeywords.getNumberOfTotalOption(com.kms.katalon.core.testobject.ObjectRepository.findTestObject(HealthpostToStore/Page_Store/select_--Select--BA1170BA2376B)): 3 options of object 'Object Repository/HealthpostToStore/Page_Store/select_--Select--BA1170BA2376B' counted

2018-05-22 11:30:42 - [MESSAGE][PASSED] - 3 options of object 'Object Repository/HealthpostToStore/Page_Store/select_--Select--BA1170BA2376B' counted

2018-05-22 11:30:42 - [TEST_STEP][PASSED] - Statement - For ([g = 1, g <= BatchNumber - 1, (g++)]): null

2018-05-22 11:30:42 - [TEST_STEP][PASSED] - selectOptionByIndex: All options with index in [1] are selected on object 'Object Repository/HealthpostToStore/Page_Store/select_--Select--BA1170BA2376B'

2018-05-22 11:30:42 - [MESSAGE][PASSED] - All options with index in [1] are selected on object 'Object Repository/HealthpostToStore/Page_Store/select_--Select--BA1170BA2376B'

2018-05-22 11:30:42 - [TEST_STEP][PASSED] - Statement - Try: null

2018-05-22 11:30:42 - [TEST_STEP][PASSED] - Statement - StockQty = com.kms.katalon.core.webui.keyword.WebUiBuiltInKeywords.getAttribute(com.kms.katalon.core.testobject.ObjectRepository.findTestObject(HealthpostToStore/Page_Store/input_txtprice), "value"): Attribute 'value' of object 'Object Repository/HealthpostToStore/Page_Store/input_txtprice' is: '2030'

2018-05-22 11:30:42 - [MESSAGE][PASSED] - Attribute 'value' of object 'Object Repository/HealthpostToStore/Page_Store/input_txtprice' is: '2030'

2018-05-22 11:30:42 - [TEST_STEP][PASSED] - Statement - out.println("Stock QTY : " + StockQty): null

2018-05-22 11:30:42 - [TEST_STEP][PASSED] - delay: Delayed 2 second(s)

2018-05-22 11:30:44 - [MESSAGE][PASSED] - Delayed 2 second(s)

2018-05-22 11:30:44 - [TEST_STEP][PASSED] - Statement - If (java.lang.String.valueOf(StockQty) >= java.lang.String.valueOf(RequestedQty)): null

2018-05-22 11:30:44 - [TEST_STEP][PASSED] - setText: Text '10' is set on object 'Object Repository/HealthpostToStore/Page_Store/input_txtqty'

2018-05-22 11:30:45 - [MESSAGE][PASSED] - Text '10' is set on object 'Object Repository/HealthpostToStore/Page_Store/input_txtqty'

2018-05-22 11:30:45 - [TEST_STEP][PASSED] - click: Object: 'Object Repository/HealthpostToStore/Page_Store/button_Add' is clicked on

2018-05-22 11:30:50 - [MESSAGE][PASSED] - Object: 'Object Repository/HealthpostToStore/Page_Store/button_Add' is clicked on

2018-05-22 11:30:50 - [TEST_STEP][PASSED] - Statement - Break: null

2018-05-22 11:30:50 - [TEST_STEP][PASSED] - selectOptionByIndex: All options with index in [43] are selected on object 'Object Repository/HealthpostToStore/Page_Store/select_--Select--Adernaline 0.'

2018-05-22 11:30:50 - [MESSAGE][PASSED] - All options with index in [43] are selected on object 'Object Repository/HealthpostToStore/Page_Store/select_--Select--Adernaline 0.'

2018-05-22 11:30:50 - [TEST_STEP][PASSED] - delay: Delayed 2 second(s)

2018-05-22 11:30:52 - [MESSAGE][PASSED] - Delayed 2 second(s)

2018-05-22 11:30:52 - [TEST_STEP][PASSED] - Statement - RequestedQty = com.kms.katalon.core.webui.keyword.WebUiBuiltInKeywords.getAttribute(com.kms.katalon.core.testobject.ObjectRepository.findTestObject(HealthpostToStore/Page_Store/input_txttotal), "value"): Attribute 'value' of object 'Object Repository/HealthpostToStore/Page_Store/input_txttotal' is: '10'

2018-05-22 11:30:52 - [MESSAGE][PASSED] - Attribute 'value' of object 'Object Repository/HealthpostToStore/Page_Store/input_txttotal' is: '10'

2018-05-22 11:30:52 - [TEST_STEP][PASSED] - Statement - out.println("Requested QTY : " + RequestedQty): null

2018-05-22 11:30:52 - [TEST_STEP][PASSED] - Statement - BatchNumber = com.kms.katalon.core.webui.keyword.WebUiBuiltInKeywords.getNumberOfTotalOption(com.kms.katalon.core.testobject.ObjectRepository.findTestObject(HealthpostToStore/Page_Store/select_--Select--BA1170BA2376B)): 5 options of object 'Object Repository/HealthpostToStore/Page_Store/select_--Select--BA1170BA2376B' counted

2018-05-22 11:30:52 - [MESSAGE][PASSED] - 5 options of object 'Object Repository/HealthpostToStore/Page_Store/select_--Select--BA1170BA2376B' counted

2018-05-22 11:30:52 - [TEST_STEP][PASSED] - Statement - For ([g = 1, g <= BatchNumber - 1, (g++)]): null

2018-05-22 11:30:52 - [TEST_STEP][PASSED] - selectOptionByIndex: All options with index in [1] are selected on object 'Object Repository/HealthpostToStore/Page_Store/select_--Select--BA1170BA2376B'

2018-05-22 11:30:52 - [MESSAGE][PASSED] - All options with index in [1] are selected on object 'Object Repository/HealthpostToStore/Page_Store/select_--Select--BA1170BA2376B'

2018-05-22 11:30:52 - [TEST_STEP][PASSED] - Statement - Try: null

2018-05-22 11:30:52 - [TEST_STEP][PASSED] - Statement - StockQty = com.kms.katalon.core.webui.keyword.WebUiBuiltInKeywords.getAttribute(com.kms.katalon.core.testobject.ObjectRepository.findTestObject(HealthpostToStore/Page_Store/input_txtprice), "value"): Attribute 'value' of object 'Object Repository/HealthpostToStore/Page_Store/input_txtprice' is: '90'

2018-05-22 11:30:52 - [MESSAGE][PASSED] - Attribute 'value' of object 'Object Repository/HealthpostToStore/Page_Store/input_txtprice' is: '90'

2018-05-22 11:30:52 - [TEST_STEP][PASSED] - Statement - out.println("Stock QTY : " + StockQty): null

2018-05-22 11:30:52 - [TEST_STEP][PASSED] - delay: Delayed 2 second(s)

2018-05-22 11:30:54 - [MESSAGE][PASSED] - Delayed 2 second(s)

2018-05-22 11:30:54 - [TEST_STEP][PASSED] - Statement - If (java.lang.String.valueOf(StockQty) >= java.lang.String.valueOf(RequestedQty)): null

2018-05-22 11:30:54 - [TEST_STEP][PASSED] - setText: Text '10' is set on object 'Object Repository/HealthpostToStore/Page_Store/input_txtqty'

2018-05-22 11:30:54 - [MESSAGE][PASSED] - Text '10' is set on object 'Object Repository/HealthpostToStore/Page_Store/input_txtqty'

2018-05-22 11:30:54 - [TEST_STEP][PASSED] - click: Object: 'Object Repository/HealthpostToStore/Page_Store/button_Add' is clicked on

2018-05-22 11:31:00 - [MESSAGE][PASSED] - Object: 'Object Repository/HealthpostToStore/Page_Store/button_Add' is clicked on

2018-05-22 11:31:00 - [TEST_STEP][PASSED] - Statement - Break: null

2018-05-22 11:31:00 - [TEST_STEP][PASSED] - selectOptionByIndex: All options with index in [44] are selected on object 'Object Repository/HealthpostToStore/Page_Store/select_--Select--Adernaline 0.'

2018-05-22 11:31:00 - [MESSAGE][PASSED] - All options with index in [44] are selected on object 'Object Repository/HealthpostToStore/Page_Store/select_--Select--Adernaline 0.'

2018-05-22 11:31:00 - [TEST_STEP][PASSED] - delay: Delayed 2 second(s)

2018-05-22 11:31:02 - [MESSAGE][PASSED] - Delayed 2 second(s)

2018-05-22 11:31:02 - [TEST_STEP][PASSED] - Statement - RequestedQty = com.kms.katalon.core.webui.keyword.WebUiBuiltInKeywords.getAttribute(com.kms.katalon.core.testobject.ObjectRepository.findTestObject(HealthpostToStore/Page_Store/input_txttotal), "value"): Attribute 'value' of object 'Object Repository/HealthpostToStore/Page_Store/input_txttotal' is: '10'

2018-05-22 11:31:02 - [MESSAGE][PASSED] - Attribute 'value' of object 'Object Repository/HealthpostToStore/Page_Store/input_txttotal' is: '10'

2018-05-22 11:31:02 - [TEST_STEP][PASSED] - Statement - out.println("Requested QTY : " + RequestedQty): null

2018-05-22 11:31:02 - [TEST_STEP][PASSED] - Statement - BatchNumber = com.kms.katalon.core.webui.keyword.WebUiBuiltInKeywords.getNumberOfTotalOption(com.kms.katalon.core.testobject.ObjectRepository.findTestObject(HealthpostToStore/Page_Store/select_--Select--BA1170BA2376B)): 4 options of object 'Object Repository/HealthpostToStore/Page_Store/select_--Select--BA1170BA2376B' counted

2018-05-22 11:31:02 - [MESSAGE][PASSED] - 4 options of object 'Object Repository/HealthpostToStore/Page_Store/select_--Select--BA1170BA2376B' counted

2018-05-22 11:31:02 - [TEST_STEP][PASSED] - Statement - For ([g = 1, g <= BatchNumber - 1, (g++)]): null

2018-05-22 11:31:02 - [TEST_STEP][PASSED] - selectOptionByIndex: All options with index in [1] are selected on object 'Object Repository/HealthpostToStore/Page_Store/select_--Select--BA1170BA2376B'

2018-05-22 11:31:02 - [MESSAGE][PASSED] - All options with index in [1] are selected on object 'Object Repository/HealthpostToStore/Page_Store/select_--Select--BA1170BA2376B'

2018-05-22 11:31:02 - [TEST_STEP][PASSED] - Statement - Try: null

2018-05-22 11:31:02 - [TEST_STEP][PASSED] - Statement - StockQty = com.kms.katalon.core.webui.keyword.WebUiBuiltInKeywords.getAttribute(com.kms.katalon.core.testobject.ObjectRepository.findTestObject(HealthpostToStore/Page_Store/input_txtprice), "value"): Attribute 'value' of object 'Object Repository/HealthpostToStore/Page_Store/input_txtprice' is: '90'

2018-05-22 11:31:02 - [MESSAGE][PASSED] - Attribute 'value' of object 'Object Repository/HealthpostToStore/Page_Store/input_txtprice' is: '90'

2018-05-22 11:31:02 - [TEST_STEP][PASSED] - Statement - out.println("Stock QTY : " + StockQty): null

2018-05-22 11:31:02 - [TEST_STEP][PASSED] - delay: Delayed 2 second(s)

2018-05-22 11:31:04 - [MESSAGE][PASSED] - Delayed 2 second(s)

2018-05-22 11:31:04 - [TEST_STEP][PASSED] - Statement - If (java.lang.String.valueOf(StockQty) >= java.lang.String.valueOf(RequestedQty)): null

2018-05-22 11:31:04 - [TEST_STEP][PASSED] - setText: Text '10' is set on object 'Object Repository/HealthpostToStore/Page_Store/input_txtqty'

2018-05-22 11:31:04 - [MESSAGE][PASSED] - Text '10' is set on object 'Object Repository/HealthpostToStore/Page_Store/input_txtqty'

2018-05-22 11:31:04 - [TEST_STEP][PASSED] - click: Object: 'Object Repository/HealthpostToStore/Page_Store/button_Add' is clicked on

2018-05-22 11:31:10 - [MESSAGE][PASSED] - Object: 'Object Repository/HealthpostToStore/Page_Store/button_Add' is clicked on

2018-05-22 11:31:10 - [TEST_STEP][PASSED] - Statement - Break: null

2018-05-22 11:31:10 - [TEST_STEP][PASSED] - selectOptionByIndex: All options with index in [45] are selected on object 'Object Repository/HealthpostToStore/Page_Store/select_--Select--Adernaline 0.'

2018-05-22 11:31:10 - [MESSAGE][PASSED] - All options with index in [45] are selected on object 'Object Repository/HealthpostToStore/Page_Store/select_--Select--Adernaline 0.'

2018-05-22 11:31:10 - [TEST_STEP][PASSED] - delay: Delayed 2 second(s)

2018-05-22 11:31:12 - [MESSAGE][PASSED] - Delayed 2 second(s)

2018-05-22 11:31:12 - [TEST_STEP][PASSED] - Statement - RequestedQty = com.kms.katalon.core.webui.keyword.WebUiBuiltInKeywords.getAttribute(com.kms.katalon.core.testobject.ObjectRepository.findTestObject(HealthpostToStore/Page_Store/input_txttotal), "value"): Attribute 'value' of object 'Object Repository/HealthpostToStore/Page_Store/input_txttotal' is: '10'

2018-05-22 11:31:12 - [MESSAGE][PASSED] - Attribute 'value' of object 'Object Repository/HealthpostToStore/Page_Store/input_txttotal' is: '10'

2018-05-22 11:31:12 - [TEST_STEP][PASSED] - Statement - out.println("Requested QTY : " + RequestedQty): null

2018-05-22 11:31:12 - [TEST_STEP][PASSED] - Statement - BatchNumber = com.kms.katalon.core.webui.keyword.WebUiBuiltInKeywords.getNumberOfTotalOption(com.kms.katalon.core.testobject.ObjectRepository.findTestObject(HealthpostToStore/Page_Store/select_--Select--BA1170BA2376B)): 5 options of object 'Object Repository/HealthpostToStore/Page_Store/select_--Select--BA1170BA2376B' counted

2018-05-22 11:31:12 - [MESSAGE][PASSED] - 5 options of object 'Object Repository/HealthpostToStore/Page_Store/select_--Select--BA1170BA2376B' counted

2018-05-22 11:31:12 - [TEST_STEP][PASSED] - Statement - For ([g = 1, g <= BatchNumber - 1, (g++)]): null

2018-05-22 11:31:12 - [TEST_STEP][PASSED] - selectOptionByIndex: All options with index in [1] are selected on object 'Object Repository/HealthpostToStore/Page_Store/select_--Select--BA1170BA2376B'

2018-05-22 11:31:12 - [MESSAGE][PASSED] - All options with index in [1] are selected on object 'Object Repository/HealthpostToStore/Page_Store/select_--Select--BA1170BA2376B'

2018-05-22 11:31:12 - [TEST_STEP][PASSED] - Statement - Try: null

2018-05-22 11:31:12 - [TEST_STEP][PASSED] - Statement - StockQty = com.kms.katalon.core.webui.keyword.WebUiBuiltInKeywords.getAttribute(com.kms.katalon.core.testobject.ObjectRepository.findTestObject(HealthpostToStore/Page_Store/input_txtprice), "value"): Attribute 'value' of object 'Object Repository/HealthpostToStore/Page_Store/input_txtprice' is: '90'

2018-05-22 11:31:12 - [MESSAGE][PASSED] - Attribute 'value' of object 'Object Repository/HealthpostToStore/Page_Store/input_txtprice' is: '90'

2018-05-22 11:31:12 - [TEST_STEP][PASSED] - Statement - out.println("Stock QTY : " + StockQty): null

2018-05-22 11:31:12 - [TEST_STEP][PASSED] - delay: Delayed 2 second(s)

2018-05-22 11:31:14 - [MESSAGE][PASSED] - Delayed 2 second(s)

2018-05-22 11:31:14 - [TEST_STEP][PASSED] - Statement - If (java.lang.String.valueOf(StockQty) >= java.lang.String.valueOf(RequestedQty)): null

2018-05-22 11:31:14 - [TEST_STEP][PASSED] - setText: Text '10' is set on object 'Object Repository/HealthpostToStore/Page_Store/input_txtqty'

2018-05-22 11:31:15 - [MESSAGE][PASSED] - Text '10' is set on object 'Object Repository/HealthpostToStore/Page_Store/input_txtqty'

2018-05-22 11:31:15 - [TEST_STEP][PASSED] - click: Object: 'Object Repository/HealthpostToStore/Page_Store/button_Add' is clicked on

2018-05-22 11:31:20 - [MESSAGE][PASSED] - Object: 'Object Repository/HealthpostToStore/Page_Store/button_Add' is clicked on

2018-05-22 11:31:20 - [TEST_STEP][PASSED] - Statement - Break: null

2018-05-22 11:31:20 - [TEST_STEP][PASSED] - selectOptionByIndex: All options with index in [46] are selected on object 'Object Repository/HealthpostToStore/Page_Store/select_--Select--Adernaline 0.'

2018-05-22 11:31:20 - [MESSAGE][PASSED] - All options with index in [46] are selected on object 'Object Repository/HealthpostToStore/Page_Store/select_--Select--Adernaline 0.'

2018-05-22 11:31:20 - [TEST_STEP][PASSED] - delay: Delayed 2 second(s)

2018-05-22 11:31:22 - [MESSAGE][PASSED] - Delayed 2 second(s)

2018-05-22 11:31:22 - [TEST_STEP][PASSED] - Statement - RequestedQty = com.kms.katalon.core.webui.keyword.WebUiBuiltInKeywords.getAttribute(com.kms.katalon.core.testobject.ObjectRepository.findTestObject(HealthpostToStore/Page_Store/input_txttotal), "value"): Attribute 'value' of object 'Object Repository/HealthpostToStore/Page_Store/input_txttotal' is: '10'

2018-05-22 11:31:22 - [MESSAGE][PASSED] - Attribute 'value' of object 'Object Repository/HealthpostToStore/Page_Store/input_txttotal' is: '10'

2018-05-22 11:31:22 - [TEST_STEP][PASSED] - Statement - out.println("Requested QTY : " + RequestedQty): null

2018-05-22 11:31:22 - [TEST_STEP][PASSED] - Statement - BatchNumber = com.kms.katalon.core.webui.keyword.WebUiBuiltInKeywords.getNumberOfTotalOption(com.kms.katalon.core.testobject.ObjectRepository.findTestObject(HealthpostToStore/Page_Store/select_--Select--BA1170BA2376B)): 3 options of object 'Object Repository/HealthpostToStore/Page_Store/select_--Select--BA1170BA2376B' counted

2018-05-22 11:31:22 - [MESSAGE][PASSED] - 3 options of object 'Object Repository/HealthpostToStore/Page_Store/select_--Select--BA1170BA2376B' counted

2018-05-22 11:31:22 - [TEST_STEP][PASSED] - Statement - For ([g = 1, g <= BatchNumber - 1, (g++)]): null

2018-05-22 11:31:22 - [TEST_STEP][PASSED] - selectOptionByIndex: All options with index in [1] are selected on object 'Object Repository/HealthpostToStore/Page_Store/select_--Select--BA1170BA2376B'

2018-05-22 11:31:23 - [MESSAGE][PASSED] - All options with index in [1] are selected on object 'Object Repository/HealthpostToStore/Page_Store/select_--Select--BA1170BA2376B'

2018-05-22 11:31:23 - [TEST_STEP][PASSED] - Statement - Try: null

2018-05-22 11:31:23 - [TEST_STEP][PASSED] - Statement - StockQty = com.kms.katalon.core.webui.keyword.WebUiBuiltInKeywords.getAttribute(com.kms.katalon.core.testobject.ObjectRepository.findTestObject(HealthpostToStore/Page_Store/input_txtprice), "value"): Attribute 'value' of object 'Object Repository/HealthpostToStore/Page_Store/input_txtprice' is: '2030'

2018-05-22 11:31:23 - [MESSAGE][PASSED] - Attribute 'value' of object 'Object Repository/HealthpostToStore/Page_Store/input_txtprice' is: '2030'

2018-05-22 11:31:23 - [TEST_STEP][PASSED] - Statement - out.println("Stock QTY : " + StockQty): null

2018-05-22 11:31:23 - [TEST_STEP][PASSED] - delay: Delayed 2 second(s)

2018-05-22 11:31:25 - [MESSAGE][PASSED] - Delayed 2 second(s)

2018-05-22 11:31:25 - [TEST_STEP][PASSED] - Statement - If (java.lang.String.valueOf(StockQty) >= java.lang.String.valueOf(RequestedQty)): null

2018-05-22 11:31:25 - [TEST_STEP][PASSED] - setText: Text '10' is set on object 'Object Repository/HealthpostToStore/Page_Store/input_txtqty'

2018-05-22 11:31:25 - [MESSAGE][PASSED] - Text '10' is set on object 'Object Repository/HealthpostToStore/Page_Store/input_txtqty'

2018-05-22 11:31:25 - [TEST_STEP][PASSED] - click: Object: 'Object Repository/HealthpostToStore/Page_Store/button_Add' is clicked on

2018-05-22 11:31:30 - [MESSAGE][PASSED] - Object: 'Object Repository/HealthpostToStore/Page_Store/button_Add' is clicked on

2018-05-22 11:31:30 - [TEST_STEP][PASSED] - Statement - Break: null

2018-05-22 11:31:30 - [TEST_STEP][PASSED] - selectOptionByIndex: All options with index in [47] are selected on object 'Object Repository/HealthpostToStore/Page_Store/select_--Select--Adernaline 0.'

2018-05-22 11:31:30 - [MESSAGE][PASSED] - All options with index in [47] are selected on object 'Object Repository/HealthpostToStore/Page_Store/select_--Select--Adernaline 0.'

2018-05-22 11:31:30 - [TEST_STEP][PASSED] - delay: Delayed 2 second(s)

2018-05-22 11:31:32 - [MESSAGE][PASSED] - Delayed 2 second(s)

2018-05-22 11:31:32 - [TEST_STEP][PASSED] - Statement - RequestedQty = com.kms.katalon.core.webui.keyword.WebUiBuiltInKeywords.getAttribute(com.kms.katalon.core.testobject.ObjectRepository.findTestObject(HealthpostToStore/Page_Store/input_txttotal), "value"): Attribute 'value' of object 'Object Repository/HealthpostToStore/Page_Store/input_txttotal' is: '10'

2018-05-22 11:31:32 - [MESSAGE][PASSED] - Attribute 'value' of object 'Object Repository/HealthpostToStore/Page_Store/input_txttotal' is: '10'

2018-05-22 11:31:32 - [TEST_STEP][PASSED] - Statement - out.println("Requested QTY : " + RequestedQty): null

2018-05-22 11:31:32 - [TEST_STEP][PASSED] - Statement - BatchNumber = com.kms.katalon.core.webui.keyword.WebUiBuiltInKeywords.getNumberOfTotalOption(com.kms.katalon.core.testobject.ObjectRepository.findTestObject(HealthpostToStore/Page_Store/select_--Select--BA1170BA2376B)): 4 options of object 'Object Repository/HealthpostToStore/Page_Store/select_--Select--BA1170BA2376B' counted

2018-05-22 11:31:32 - [MESSAGE][PASSED] - 4 options of object 'Object Repository/HealthpostToStore/Page_Store/select_--Select--BA1170BA2376B' counted

2018-05-22 11:31:32 - [TEST_STEP][PASSED] - Statement - For ([g = 1, g <= BatchNumber - 1, (g++)]): null

2018-05-22 11:31:32 - [TEST_STEP][PASSED] - selectOptionByIndex: All options with index in [1] are selected on object 'Object Repository/HealthpostToStore/Page_Store/select_--Select--BA1170BA2376B'

2018-05-22 11:31:33 - [MESSAGE][PASSED] - All options with index in [1] are selected on object 'Object Repository/HealthpostToStore/Page_Store/select_--Select--BA1170BA2376B'

2018-05-22 11:31:33 - [TEST_STEP][PASSED] - Statement - Try: null

2018-05-22 11:31:33 - [TEST_STEP][PASSED] - Statement - StockQty = com.kms.katalon.core.webui.keyword.WebUiBuiltInKeywords.getAttribute(com.kms.katalon.core.testobject.ObjectRepository.findTestObject(HealthpostToStore/Page_Store/input_txtprice), "value"): Attribute 'value' of object 'Object Repository/HealthpostToStore/Page_Store/input_txtprice' is: '90'

2018-05-22 11:31:33 - [MESSAGE][PASSED] - Attribute 'value' of object 'Object Repository/HealthpostToStore/Page_Store/input_txtprice' is: '90'

2018-05-22 11:31:33 - [TEST_STEP][PASSED] - Statement - out.println("Stock QTY : " + StockQty): null

2018-05-22 11:31:33 - [TEST_STEP][PASSED] - delay: Delayed 2 second(s)

2018-05-22 11:31:35 - [MESSAGE][PASSED] - Delayed 2 second(s)

2018-05-22 11:31:35 - [TEST_STEP][PASSED] - Statement - If (java.lang.String.valueOf(StockQty) >= java.lang.String.valueOf(RequestedQty)): null

2018-05-22 11:31:35 - [TEST_STEP][PASSED] - setText: Text '10' is set on object 'Object Repository/HealthpostToStore/Page_Store/input_txtqty'

2018-05-22 11:31:35 - [MESSAGE][PASSED] - Text '10' is set on object 'Object Repository/HealthpostToStore/Page_Store/input_txtqty'

2018-05-22 11:31:35 - [TEST_STEP][PASSED] - click: Object: 'Object Repository/HealthpostToStore/Page_Store/button_Add' is clicked on

2018-05-22 11:31:40 - [MESSAGE][PASSED] - Object: 'Object Repository/HealthpostToStore/Page_Store/button_Add' is clicked on

2018-05-22 11:31:40 - [TEST_STEP][PASSED] - Statement - Break: null

2018-05-22 11:31:40 - [TEST_STEP][PASSED] - selectOptionByIndex: All options with index in [48] are selected on object 'Object Repository/HealthpostToStore/Page_Store/select_--Select--Adernaline 0.'

2018-05-22 11:31:40 - [MESSAGE][PASSED] - All options with index in [48] are selected on object 'Object Repository/HealthpostToStore/Page_Store/select_--Select--Adernaline 0.'

2018-05-22 11:31:40 - [TEST_STEP][PASSED] - delay: Delayed 2 second(s)

2018-05-22 11:31:42 - [MESSAGE][PASSED] - Delayed 2 second(s)

2018-05-22 11:31:42 - [TEST_STEP][PASSED] - Statement - RequestedQty = com.kms.katalon.core.webui.keyword.WebUiBuiltInKeywords.getAttribute(com.kms.katalon.core.testobject.ObjectRepository.findTestObject(HealthpostToStore/Page_Store/input_txttotal), "value"): Attribute 'value' of object 'Object Repository/HealthpostToStore/Page_Store/input_txttotal' is: '10'

2018-05-22 11:31:42 - [MESSAGE][PASSED] - Attribute 'value' of object 'Object Repository/HealthpostToStore/Page_Store/input_txttotal' is: '10'

2018-05-22 11:31:42 - [TEST_STEP][PASSED] - Statement - out.println("Requested QTY : " + RequestedQty): null

2018-05-22 11:31:42 - [TEST_STEP][PASSED] - Statement - BatchNumber = com.kms.katalon.core.webui.keyword.WebUiBuiltInKeywords.getNumberOfTotalOption(com.kms.katalon.core.testobject.ObjectRepository.findTestObject(HealthpostToStore/Page_Store/select_--Select--BA1170BA2376B)): 3 options of object 'Object Repository/HealthpostToStore/Page_Store/select_--Select--BA1170BA2376B' counted

2018-05-22 11:31:42 - [MESSAGE][PASSED] - 3 options of object 'Object Repository/HealthpostToStore/Page_Store/select_--Select--BA1170BA2376B' counted

2018-05-22 11:31:42 - [TEST_STEP][PASSED] - Statement - For ([g = 1, g <= BatchNumber - 1, (g++)]): null

2018-05-22 11:31:42 - [TEST_STEP][PASSED] - selectOptionByIndex: All options with index in [1] are selected on object 'Object Repository/HealthpostToStore/Page_Store/select_--Select--BA1170BA2376B'

2018-05-22 11:31:43 - [MESSAGE][PASSED] - All options with index in [1] are selected on object 'Object Repository/HealthpostToStore/Page_Store/select_--Select--BA1170BA2376B'

2018-05-22 11:31:43 - [TEST_STEP][PASSED] - Statement - Try: null

2018-05-22 11:31:43 - [TEST_STEP][PASSED] - Statement - StockQty = com.kms.katalon.core.webui.keyword.WebUiBuiltInKeywords.getAttribute(com.kms.katalon.core.testobject.ObjectRepository.findTestObject(HealthpostToStore/Page_Store/input_txtprice), "value"): Attribute 'value' of object 'Object Repository/HealthpostToStore/Page_Store/input_txtprice' is: '1130'

2018-05-22 11:31:43 - [MESSAGE][PASSED] - Attribute 'value' of object 'Object Repository/HealthpostToStore/Page_Store/input_txtprice' is: '1130'

2018-05-22 11:31:43 - [TEST_STEP][PASSED] - Statement - out.println("Stock QTY : " + StockQty): null

2018-05-22 11:31:43 - [TEST_STEP][PASSED] - delay: Delayed 2 second(s)

2018-05-22 11:31:45 - [MESSAGE][PASSED] - Delayed 2 second(s)

2018-05-22 11:31:45 - [TEST_STEP][PASSED] - Statement - If (java.lang.String.valueOf(StockQty) >= java.lang.String.valueOf(RequestedQty)): null

2018-05-22 11:31:45 - [TEST_STEP][PASSED] - setText: Text '10' is set on object 'Object Repository/HealthpostToStore/Page_Store/input_txtqty'

2018-05-22 11:31:45 - [MESSAGE][PASSED] - Text '10' is set on object 'Object Repository/HealthpostToStore/Page_Store/input_txtqty'

2018-05-22 11:31:45 - [TEST_STEP][PASSED] - click: Object: 'Object Repository/HealthpostToStore/Page_Store/button_Add' is clicked on

2018-05-22 11:31:50 - [MESSAGE][PASSED] - Object: 'Object Repository/HealthpostToStore/Page_Store/button_Add' is clicked on

2018-05-22 11:31:50 - [TEST_STEP][PASSED] - Statement - Break: null

2018-05-22 11:31:50 - [TEST_STEP][PASSED] - selectOptionByIndex: All options with index in [49] are selected on object 'Object Repository/HealthpostToStore/Page_Store/select_--Select--Adernaline 0.'

2018-05-22 11:31:51 - [MESSAGE][PASSED] - All options with index in [49] are selected on object 'Object Repository/HealthpostToStore/Page_Store/select_--Select--Adernaline 0.'

2018-05-22 11:31:51 - [TEST_STEP][PASSED] - delay: Delayed 2 second(s)

2018-05-22 11:31:53 - [MESSAGE][PASSED] - Delayed 2 second(s)

2018-05-22 11:31:53 - [TEST_STEP][PASSED] - Statement - RequestedQty = com.kms.katalon.core.webui.keyword.WebUiBuiltInKeywords.getAttribute(com.kms.katalon.core.testobject.ObjectRepository.findTestObject(HealthpostToStore/Page_Store/input_txttotal), "value"): Attribute 'value' of object 'Object Repository/HealthpostToStore/Page_Store/input_txttotal' is: '10'

2018-05-22 11:31:53 - [MESSAGE][PASSED] - Attribute 'value' of object 'Object Repository/HealthpostToStore/Page_Store/input_txttotal' is: '10'

2018-05-22 11:31:53 - [TEST_STEP][PASSED] - Statement - out.println("Requested QTY : " + RequestedQty): null

2018-05-22 11:31:53 - [TEST_STEP][PASSED] - Statement - BatchNumber = com.kms.katalon.core.webui.keyword.WebUiBuiltInKeywords.getNumberOfTotalOption(com.kms.katalon.core.testobject.ObjectRepository.findTestObject(HealthpostToStore/Page_Store/select_--Select--BA1170BA2376B)): 2 options of object 'Object Repository/HealthpostToStore/Page_Store/select_--Select--BA1170BA2376B' counted

2018-05-22 11:31:53 - [MESSAGE][PASSED] - 2 options of object 'Object Repository/HealthpostToStore/Page_Store/select_--Select--BA1170BA2376B' counted

2018-05-22 11:31:53 - [TEST_STEP][PASSED] - Statement - For ([g = 1, g <= BatchNumber - 1, (g++)]): null

2018-05-22 11:31:53 - [TEST_STEP][PASSED] - selectOptionByIndex: All options with index in [1] are selected on object 'Object Repository/HealthpostToStore/Page_Store/select_--Select--BA1170BA2376B'

2018-05-22 11:31:53 - [MESSAGE][PASSED] - All options with index in [1] are selected on object 'Object Repository/HealthpostToStore/Page_Store/select_--Select--BA1170BA2376B'

2018-05-22 11:31:53 - [TEST_STEP][PASSED] - Statement - Try: null

2018-05-22 11:31:53 - [TEST_STEP][PASSED] - Statement - StockQty = com.kms.katalon.core.webui.keyword.WebUiBuiltInKeywords.getAttribute(com.kms.katalon.core.testobject.ObjectRepository.findTestObject(HealthpostToStore/Page_Store/input_txtprice), "value"): Attribute 'value' of object 'Object Repository/HealthpostToStore/Page_Store/input_txtprice' is: '2130'

2018-05-22 11:31:53 - [MESSAGE][PASSED] - Attribute 'value' of object 'Object Repository/HealthpostToStore/Page_Store/input_txtprice' is: '2130'

2018-05-22 11:31:53 - [TEST_STEP][PASSED] - Statement - out.println("Stock QTY : " + StockQty): null

2018-05-22 11:31:53 - [TEST_STEP][PASSED] - delay: Delayed 2 second(s)

2018-05-22 11:31:55 - [MESSAGE][PASSED] - Delayed 2 second(s)

2018-05-22 11:31:55 - [TEST_STEP][PASSED] - Statement - If (java.lang.String.valueOf(StockQty) >= java.lang.String.valueOf(RequestedQty)): null

2018-05-22 11:31:55 - [TEST_STEP][PASSED] - setText: Text '10' is set on object 'Object Repository/HealthpostToStore/Page_Store/input_txtqty'

2018-05-22 11:31:55 - [MESSAGE][PASSED] - Text '10' is set on object 'Object Repository/HealthpostToStore/Page_Store/input_txtqty'

2018-05-22 11:31:55 - [TEST_STEP][PASSED] - click: Object: 'Object Repository/HealthpostToStore/Page_Store/button_Add' is clicked on

2018-05-22 11:32:00 - [MESSAGE][PASSED] - Object: 'Object Repository/HealthpostToStore/Page_Store/button_Add' is clicked on

2018-05-22 11:32:00 - [TEST_STEP][PASSED] - Statement - Break: null

2018-05-22 11:32:00 - [TEST_STEP][PASSED] - selectOptionByIndex: All options with index in [50] are selected on object 'Object Repository/HealthpostToStore/Page_Store/select_--Select--Adernaline 0.'

2018-05-22 11:32:01 - [MESSAGE][PASSED] - All options with index in [50] are selected on object 'Object Repository/HealthpostToStore/Page_Store/select_--Select--Adernaline 0.'

2018-05-22 11:32:01 - [TEST_STEP][PASSED] - delay: Delayed 2 second(s)

2018-05-22 11:32:03 - [MESSAGE][PASSED] - Delayed 2 second(s)

2018-05-22 11:32:03 - [TEST_STEP][PASSED] - Statement - RequestedQty = com.kms.katalon.core.webui.keyword.WebUiBuiltInKeywords.getAttribute(com.kms.katalon.core.testobject.ObjectRepository.findTestObject(HealthpostToStore/Page_Store/input_txttotal), "value"): Attribute 'value' of object 'Object Repository/HealthpostToStore/Page_Store/input_txttotal' is: '10'

2018-05-22 11:32:03 - [MESSAGE][PASSED] - Attribute 'value' of object 'Object Repository/HealthpostToStore/Page_Store/input_txttotal' is: '10'

2018-05-22 11:32:03 - [TEST_STEP][PASSED] - Statement - out.println("Requested QTY : " + RequestedQty): null

2018-05-22 11:32:03 - [TEST_STEP][PASSED] - Statement - BatchNumber = com.kms.katalon.core.webui.keyword.WebUiBuiltInKeywords.getNumberOfTotalOption(com.kms.katalon.core.testobject.ObjectRepository.findTestObject(HealthpostToStore/Page_Store/select_--Select--BA1170BA2376B)): 4 options of object 'Object Repository/HealthpostToStore/Page_Store/select_--Select--BA1170BA2376B' counted

2018-05-22 11:32:03 - [MESSAGE][PASSED] - 4 options of object 'Object Repository/HealthpostToStore/Page_Store/select_--Select--BA1170BA2376B' counted

2018-05-22 11:32:03 - [TEST_STEP][PASSED] - Statement - For ([g = 1, g <= BatchNumber - 1, (g++)]): null

2018-05-22 11:32:03 - [TEST_STEP][PASSED] - selectOptionByIndex: All options with index in [1] are selected on object 'Object Repository/HealthpostToStore/Page_Store/select_--Select--BA1170BA2376B'

2018-05-22 11:32:03 - [MESSAGE][PASSED] - All options with index in [1] are selected on object 'Object Repository/HealthpostToStore/Page_Store/select_--Select--BA1170BA2376B'

2018-05-22 11:32:03 - [TEST_STEP][PASSED] - Statement - Try: null

2018-05-22 11:32:03 - [TEST_STEP][PASSED] - Statement - StockQty = com.kms.katalon.core.webui.keyword.WebUiBuiltInKeywords.getAttribute(com.kms.katalon.core.testobject.ObjectRepository.findTestObject(HealthpostToStore/Page_Store/input_txtprice), "value"): Attribute 'value' of object 'Object Repository/HealthpostToStore/Page_Store/input_txtprice' is: '90'

2018-05-22 11:32:03 - [MESSAGE][PASSED] - Attribute 'value' of object 'Object Repository/HealthpostToStore/Page_Store/input_txtprice' is: '90'

2018-05-22 11:32:03 - [TEST_STEP][PASSED] - Statement - out.println("Stock QTY : " + StockQty): null

2018-05-22 11:32:03 - [TEST_STEP][PASSED] - delay: Delayed 2 second(s)

2018-05-22 11:32:05 - [MESSAGE][PASSED] - Delayed 2 second(s)

2018-05-22 11:32:05 - [TEST_STEP][PASSED] - Statement - If (java.lang.String.valueOf(StockQty) >= java.lang.String.valueOf(RequestedQty)): null

2018-05-22 11:32:05 - [TEST_STEP][PASSED] - setText: Text '10' is set on object 'Object Repository/HealthpostToStore/Page_Store/input_txtqty'

2018-05-22 11:32:05 - [MESSAGE][PASSED] - Text '10' is set on object 'Object Repository/HealthpostToStore/Page_Store/input_txtqty'

2018-05-22 11:32:05 - [TEST_STEP][PASSED] - click: Object: 'Object Repository/HealthpostToStore/Page_Store/button_Add' is clicked on

2018-05-22 11:32:10 - [MESSAGE][PASSED] - Object: 'Object Repository/HealthpostToStore/Page_Store/button_Add' is clicked on

2018-05-22 11:32:10 - [TEST_STEP][PASSED] - Statement - Break: null

2018-05-22 11:32:10 - [TEST_STEP][PASSED] - selectOptionByIndex: All options with index in [51] are selected on object 'Object Repository/HealthpostToStore/Page_Store/select_--Select--Adernaline 0.'

2018-05-22 11:32:11 - [MESSAGE][PASSED] - All options with index in [51] are selected on object 'Object Repository/HealthpostToStore/Page_Store/select_--Select--Adernaline 0.'

2018-05-22 11:32:11 - [TEST_STEP][PASSED] - delay: Delayed 2 second(s)

2018-05-22 11:32:13 - [MESSAGE][PASSED] - Delayed 2 second(s)

2018-05-22 11:32:13 - [TEST_STEP][PASSED] - Statement - RequestedQty = com.kms.katalon.core.webui.keyword.WebUiBuiltInKeywords.getAttribute(com.kms.katalon.core.testobject.ObjectRepository.findTestObject(HealthpostToStore/Page_Store/input_txttotal), "value"): Attribute 'value' of object 'Object Repository/HealthpostToStore/Page_Store/input_txttotal' is: '10'

2018-05-22 11:32:13 - [MESSAGE][PASSED] - Attribute 'value' of object 'Object Repository/HealthpostToStore/Page_Store/input_txttotal' is: '10'

2018-05-22 11:32:13 - [TEST_STEP][PASSED] - Statement - out.println("Requested QTY : " + RequestedQty): null

2018-05-22 11:32:13 - [TEST_STEP][PASSED] - Statement - BatchNumber = com.kms.katalon.core.webui.keyword.WebUiBuiltInKeywords.getNumberOfTotalOption(com.kms.katalon.core.testobject.ObjectRepository.findTestObject(HealthpostToStore/Page_Store/select_--Select--BA1170BA2376B)): 3 options of object 'Object Repository/HealthpostToStore/Page_Store/select_--Select--BA1170BA2376B' counted

2018-05-22 11:32:13 - [MESSAGE][PASSED] - 3 options of object 'Object Repository/HealthpostToStore/Page_Store/select_--Select--BA1170BA2376B' counted

2018-05-22 11:32:13 - [TEST_STEP][PASSED] - Statement - For ([g = 1, g <= BatchNumber - 1, (g++)]): null

2018-05-22 11:32:13 - [TEST_STEP][PASSED] - selectOptionByIndex: All options with index in [1] are selected on object 'Object Repository/HealthpostToStore/Page_Store/select_--Select--BA1170BA2376B'

2018-05-22 11:32:13 - [MESSAGE][PASSED] - All options with index in [1] are selected on object 'Object Repository/HealthpostToStore/Page_Store/select_--Select--BA1170BA2376B'

2018-05-22 11:32:13 - [TEST_STEP][PASSED] - Statement - Try: null

2018-05-22 11:32:13 - [TEST_STEP][PASSED] - Statement - StockQty = com.kms.katalon.core.webui.keyword.WebUiBuiltInKeywords.getAttribute(com.kms.katalon.core.testobject.ObjectRepository.findTestObject(HealthpostToStore/Page_Store/input_txtprice), "value"): Attribute 'value' of object 'Object Repository/HealthpostToStore/Page_Store/input_txtprice' is: '1030'

2018-05-22 11:32:13 - [MESSAGE][PASSED] - Attribute 'value' of object 'Object Repository/HealthpostToStore/Page_Store/input_txtprice' is: '1030'

2018-05-22 11:32:13 - [TEST_STEP][PASSED] - Statement - out.println("Stock QTY : " + StockQty): null

2018-05-22 11:32:13 - [TEST_STEP][PASSED] - delay: Delayed 2 second(s)

2018-05-22 11:32:15 - [MESSAGE][PASSED] - Delayed 2 second(s)

2018-05-22 11:32:15 - [TEST_STEP][PASSED] - Statement - If (java.lang.String.valueOf(StockQty) >= java.lang.String.valueOf(RequestedQty)): null

2018-05-22 11:32:15 - [TEST_STEP][PASSED] - setText: Text '10' is set on object 'Object Repository/HealthpostToStore/Page_Store/input_txtqty'

2018-05-22 11:32:15 - [MESSAGE][PASSED] - Text '10' is set on object 'Object Repository/HealthpostToStore/Page_Store/input_txtqty'

2018-05-22 11:32:15 - [TEST_STEP][PASSED] - click: Object: 'Object Repository/HealthpostToStore/Page_Store/button_Add' is clicked on

2018-05-22 11:32:20 - [MESSAGE][PASSED] - Object: 'Object Repository/HealthpostToStore/Page_Store/button_Add' is clicked on

2018-05-22 11:32:20 - [TEST_STEP][PASSED] - Statement - Break: null

2018-05-22 11:32:20 - [TEST_STEP][PASSED] - selectOptionByIndex: All options with index in [52] are selected on object 'Object Repository/HealthpostToStore/Page_Store/select_--Select--Adernaline 0.'

2018-05-22 11:32:21 - [MESSAGE][PASSED] - All options with index in [52] are selected on object 'Object Repository/HealthpostToStore/Page_Store/select_--Select--Adernaline 0.'

2018-05-22 11:32:21 - [TEST_STEP][PASSED] - delay: Delayed 2 second(s)

2018-05-22 11:32:23 - [MESSAGE][PASSED] - Delayed 2 second(s)

2018-05-22 11:32:23 - [TEST_STEP][PASSED] - Statement - RequestedQty = com.kms.katalon.core.webui.keyword.WebUiBuiltInKeywords.getAttribute(com.kms.katalon.core.testobject.ObjectRepository.findTestObject(HealthpostToStore/Page_Store/input_txttotal), "value"): Attribute 'value' of object 'Object Repository/HealthpostToStore/Page_Store/input_txttotal' is: '10'

2018-05-22 11:32:23 - [MESSAGE][PASSED] - Attribute 'value' of object 'Object Repository/HealthpostToStore/Page_Store/input_txttotal' is: '10'

2018-05-22 11:32:23 - [TEST_STEP][PASSED] - Statement - out.println("Requested QTY : " + RequestedQty): null

2018-05-22 11:32:23 - [TEST_STEP][PASSED] - Statement - BatchNumber = com.kms.katalon.core.webui.keyword.WebUiBuiltInKeywords.getNumberOfTotalOption(com.kms.katalon.core.testobject.ObjectRepository.findTestObject(HealthpostToStore/Page_Store/select_--Select--BA1170BA2376B)): 2 options of object 'Object Repository/HealthpostToStore/Page_Store/select_--Select--BA1170BA2376B' counted

2018-05-22 11:32:23 - [MESSAGE][PASSED] - 2 options of object 'Object Repository/HealthpostToStore/Page_Store/select_--Select--BA1170BA2376B' counted

2018-05-22 11:32:23 - [TEST_STEP][PASSED] - Statement - For ([g = 1, g <= BatchNumber - 1, (g++)]): null

2018-05-22 11:32:23 - [TEST_STEP][PASSED] - selectOptionByIndex: All options with index in [1] are selected on object 'Object Repository/HealthpostToStore/Page_Store/select_--Select--BA1170BA2376B'

2018-05-22 11:32:23 - [MESSAGE][PASSED] - All options with index in [1] are selected on object 'Object Repository/HealthpostToStore/Page_Store/select_--Select--BA1170BA2376B'

2018-05-22 11:32:23 - [TEST_STEP][PASSED] - Statement - Try: null

2018-05-22 11:32:23 - [TEST_STEP][PASSED] - Statement - StockQty = com.kms.katalon.core.webui.keyword.WebUiBuiltInKeywords.getAttribute(com.kms.katalon.core.testobject.ObjectRepository.findTestObject(HealthpostToStore/Page_Store/input_txtprice), "value"): Attribute 'value' of object 'Object Repository/HealthpostToStore/Page_Store/input_txtprice' is: '2130'

2018-05-22 11:32:23 - [MESSAGE][PASSED] - Attribute 'value' of object 'Object Repository/HealthpostToStore/Page_Store/input_txtprice' is: '2130'

2018-05-22 11:32:23 - [TEST_STEP][PASSED] - Statement - out.println("Stock QTY : " + StockQty): null

2018-05-22 11:32:23 - [TEST_STEP][PASSED] - delay: Delayed 2 second(s)

2018-05-22 11:32:25 - [MESSAGE][PASSED] - Delayed 2 second(s)

2018-05-22 11:32:25 - [TEST_STEP][PASSED] - Statement - If (java.lang.String.valueOf(StockQty) >= java.lang.String.valueOf(RequestedQty)): null

2018-05-22 11:32:25 - [TEST_STEP][PASSED] - setText: Text '10' is set on object 'Object Repository/HealthpostToStore/Page_Store/input_txtqty'

2018-05-22 11:32:25 - [MESSAGE][PASSED] - Text '10' is set on object 'Object Repository/HealthpostToStore/Page_Store/input_txtqty'

2018-05-22 11:32:25 - [TEST_STEP][PASSED] - click: Object: 'Object Repository/HealthpostToStore/Page_Store/button_Add' is clicked on

2018-05-22 11:32:30 - [MESSAGE][PASSED] - Object: 'Object Repository/HealthpostToStore/Page_Store/button_Add' is clicked on

2018-05-22 11:32:30 - [TEST_STEP][PASSED] - Statement - Break: null

2018-05-22 11:32:30 - [TEST_STEP][PASSED] - selectOptionByIndex: All options with index in [53] are selected on object 'Object Repository/HealthpostToStore/Page_Store/select_--Select--Adernaline 0.'

2018-05-22 11:32:31 - [MESSAGE][PASSED] - All options with index in [53] are selected on object 'Object Repository/HealthpostToStore/Page_Store/select_--Select--Adernaline 0.'

2018-05-22 11:32:31 - [TEST_STEP][PASSED] - delay: Delayed 2 second(s)

2018-05-22 11:32:33 - [MESSAGE][PASSED] - Delayed 2 second(s)

2018-05-22 11:32:33 - [TEST_STEP][PASSED] - Statement - RequestedQty = com.kms.katalon.core.webui.keyword.WebUiBuiltInKeywords.getAttribute(com.kms.katalon.core.testobject.ObjectRepository.findTestObject(HealthpostToStore/Page_Store/input_txttotal), "value"): Attribute 'value' of object 'Object Repository/HealthpostToStore/Page_Store/input_txttotal' is: '10'

2018-05-22 11:32:33 - [MESSAGE][PASSED] - Attribute 'value' of object 'Object Repository/HealthpostToStore/Page_Store/input_txttotal' is: '10'

2018-05-22 11:32:33 - [TEST_STEP][PASSED] - Statement - out.println("Requested QTY : " + RequestedQty): null

2018-05-22 11:32:33 - [TEST_STEP][PASSED] - Statement - BatchNumber = com.kms.katalon.core.webui.keyword.WebUiBuiltInKeywords.getNumberOfTotalOption(com.kms.katalon.core.testobject.ObjectRepository.findTestObject(HealthpostToStore/Page_Store/select_--Select--BA1170BA2376B)): 3 options of object 'Object Repository/HealthpostToStore/Page_Store/select_--Select--BA1170BA2376B' counted

2018-05-22 11:32:33 - [MESSAGE][PASSED] - 3 options of object 'Object Repository/HealthpostToStore/Page_Store/select_--Select--BA1170BA2376B' counted

2018-05-22 11:32:33 - [TEST_STEP][PASSED] - Statement - For ([g = 1, g <= BatchNumber - 1, (g++)]): null

2018-05-22 11:32:33 - [TEST_STEP][PASSED] - selectOptionByIndex: All options with index in [1] are selected on object 'Object Repository/HealthpostToStore/Page_Store/select_--Select--BA1170BA2376B'

2018-05-22 11:32:33 - [MESSAGE][PASSED] - All options with index in [1] are selected on object 'Object Repository/HealthpostToStore/Page_Store/select_--Select--BA1170BA2376B'

2018-05-22 11:32:33 - [TEST_STEP][PASSED] - Statement - Try: null

2018-05-22 11:32:33 - [TEST_STEP][PASSED] - Statement - StockQty = com.kms.katalon.core.webui.keyword.WebUiBuiltInKeywords.getAttribute(com.kms.katalon.core.testobject.ObjectRepository.findTestObject(HealthpostToStore/Page_Store/input_txtprice), "value"): Attribute 'value' of object 'Object Repository/HealthpostToStore/Page_Store/input_txtprice' is: '1030'

2018-05-22 11:32:33 - [MESSAGE][PASSED] - Attribute 'value' of object 'Object Repository/HealthpostToStore/Page_Store/input_txtprice' is: '1030'

2018-05-22 11:32:33 - [TEST_STEP][PASSED] - Statement - out.println("Stock QTY : " + StockQty): null

2018-05-22 11:32:33 - [TEST_STEP][PASSED] - delay: Delayed 2 second(s)

2018-05-22 11:32:35 - [MESSAGE][PASSED] - Delayed 2 second(s)

2018-05-22 11:32:35 - [TEST_STEP][PASSED] - Statement - If (java.lang.String.valueOf(StockQty) >= java.lang.String.valueOf(RequestedQty)): null

2018-05-22 11:32:35 - [TEST_STEP][PASSED] - setText: Text '10' is set on object 'Object Repository/HealthpostToStore/Page_Store/input_txtqty'

2018-05-22 11:32:36 - [MESSAGE][PASSED] - Text '10' is set on object 'Object Repository/HealthpostToStore/Page_Store/input_txtqty'

2018-05-22 11:32:36 - [TEST_STEP][PASSED] - click: Object: 'Object Repository/HealthpostToStore/Page_Store/button_Add' is clicked on

2018-05-22 11:32:41 - [MESSAGE][PASSED] - Object: 'Object Repository/HealthpostToStore/Page_Store/button_Add' is clicked on

2018-05-22 11:32:41 - [TEST_STEP][PASSED] - Statement - Break: null

2018-05-22 11:32:41 - [TEST_STEP][PASSED] - selectOptionByIndex: All options with index in [54] are selected on object 'Object Repository/HealthpostToStore/Page_Store/select_--Select--Adernaline 0.'

2018-05-22 11:32:41 - [MESSAGE][PASSED] - All options with index in [54] are selected on object 'Object Repository/HealthpostToStore/Page_Store/select_--Select--Adernaline 0.'

2018-05-22 11:32:41 - [TEST_STEP][PASSED] - delay: Delayed 2 second(s)

2018-05-22 11:32:43 - [MESSAGE][PASSED] - Delayed 2 second(s)

2018-05-22 11:32:43 - [TEST_STEP][PASSED] - Statement - RequestedQty = com.kms.katalon.core.webui.keyword.WebUiBuiltInKeywords.getAttribute(com.kms.katalon.core.testobject.ObjectRepository.findTestObject(HealthpostToStore/Page_Store/input_txttotal), "value"): Attribute 'value' of object 'Object Repository/HealthpostToStore/Page_Store/input_txttotal' is: '10'

2018-05-22 11:32:43 - [MESSAGE][PASSED] - Attribute 'value' of object 'Object Repository/HealthpostToStore/Page_Store/input_txttotal' is: '10'

2018-05-22 11:32:43 - [TEST_STEP][PASSED] - Statement - out.println("Requested QTY : " + RequestedQty): null

2018-05-22 11:32:43 - [TEST_STEP][PASSED] - Statement - BatchNumber = com.kms.katalon.core.webui.keyword.WebUiBuiltInKeywords.getNumberOfTotalOption(com.kms.katalon.core.testobject.ObjectRepository.findTestObject(HealthpostToStore/Page_Store/select_--Select--BA1170BA2376B)): 3 options of object 'Object Repository/HealthpostToStore/Page_Store/select_--Select--BA1170BA2376B' counted

2018-05-22 11:32:43 - [MESSAGE][PASSED] - 3 options of object 'Object Repository/HealthpostToStore/Page_Store/select_--Select--BA1170BA2376B' counted

2018-05-22 11:32:43 - [TEST_STEP][PASSED] - Statement - For ([g = 1, g <= BatchNumber - 1, (g++)]): null

2018-05-22 11:32:43 - [TEST_STEP][PASSED] - selectOptionByIndex: All options with index in [1] are selected on object 'Object Repository/HealthpostToStore/Page_Store/select_--Select--BA1170BA2376B'

2018-05-22 11:32:43 - [MESSAGE][PASSED] - All options with index in [1] are selected on object 'Object Repository/HealthpostToStore/Page_Store/select_--Select--BA1170BA2376B'

2018-05-22 11:32:43 - [TEST_STEP][PASSED] - Statement - Try: null

2018-05-22 11:32:43 - [TEST_STEP][PASSED] - Statement - StockQty = com.kms.katalon.core.webui.keyword.WebUiBuiltInKeywords.getAttribute(com.kms.katalon.core.testobject.ObjectRepository.findTestObject(HealthpostToStore/Page_Store/input_txtprice), "value"): Attribute 'value' of object 'Object Repository/HealthpostToStore/Page_Store/input_txtprice' is: '90'

2018-05-22 11:32:43 - [MESSAGE][PASSED] - Attribute 'value' of object 'Object Repository/HealthpostToStore/Page_Store/input_txtprice' is: '90'

2018-05-22 11:32:43 - [TEST_STEP][PASSED] - Statement - out.println("Stock QTY : " + StockQty): null

2018-05-22 11:32:43 - [TEST_STEP][PASSED] - delay: Delayed 2 second(s)

2018-05-22 11:32:45 - [MESSAGE][PASSED] - Delayed 2 second(s)

2018-05-22 11:32:45 - [TEST_STEP][PASSED] - Statement - If (java.lang.String.valueOf(StockQty) >= java.lang.String.valueOf(RequestedQty)): null

2018-05-22 11:32:45 - [TEST_STEP][PASSED] - setText: Text '10' is set on object 'Object Repository/HealthpostToStore/Page_Store/input_txtqty'

2018-05-22 11:32:46 - [MESSAGE][PASSED] - Text '10' is set on object 'Object Repository/HealthpostToStore/Page_Store/input_txtqty'

2018-05-22 11:32:46 - [TEST_STEP][PASSED] - click: Object: 'Object Repository/HealthpostToStore/Page_Store/button_Add' is clicked on

2018-05-22 11:32:51 - [MESSAGE][PASSED] - Object: 'Object Repository/HealthpostToStore/Page_Store/button_Add' is clicked on

2018-05-22 11:32:51 - [TEST_STEP][PASSED] - Statement - Break: null

2018-05-22 11:32:51 - [TEST_STEP][PASSED] - selectOptionByIndex: All options with index in [55] are selected on object 'Object Repository/HealthpostToStore/Page_Store/select_--Select--Adernaline 0.'

2018-05-22 11:32:51 - [MESSAGE][PASSED] - All options with index in [55] are selected on object 'Object Repository/HealthpostToStore/Page_Store/select_--Select--Adernaline 0.'

2018-05-22 11:32:51 - [TEST_STEP][PASSED] - delay: Delayed 2 second(s)

2018-05-22 11:32:53 - [MESSAGE][PASSED] - Delayed 2 second(s)

2018-05-22 11:32:53 - [TEST_STEP][PASSED] - Statement - RequestedQty = com.kms.katalon.core.webui.keyword.WebUiBuiltInKeywords.getAttribute(com.kms.katalon.core.testobject.ObjectRepository.findTestObject(HealthpostToStore/Page_Store/input_txttotal), "value"): Attribute 'value' of object 'Object Repository/HealthpostToStore/Page_Store/input_txttotal' is: '10'

2018-05-22 11:32:53 - [MESSAGE][PASSED] - Attribute 'value' of object 'Object Repository/HealthpostToStore/Page_Store/input_txttotal' is: '10'

2018-05-22 11:32:53 - [TEST_STEP][PASSED] - Statement - out.println("Requested QTY : " + RequestedQty): null

2018-05-22 11:32:53 - [TEST_STEP][PASSED] - Statement - BatchNumber = com.kms.katalon.core.webui.keyword.WebUiBuiltInKeywords.getNumberOfTotalOption(com.kms.katalon.core.testobject.ObjectRepository.findTestObject(HealthpostToStore/Page_Store/select_--Select--BA1170BA2376B)): 3 options of object 'Object Repository/HealthpostToStore/Page_Store/select_--Select--BA1170BA2376B' counted

2018-05-22 11:32:53 - [MESSAGE][PASSED] - 3 options of object 'Object Repository/HealthpostToStore/Page_Store/select_--Select--BA1170BA2376B' counted

2018-05-22 11:32:53 - [TEST_STEP][PASSED] - Statement - For ([g = 1, g <= BatchNumber - 1, (g++)]): null

2018-05-22 11:32:53 - [TEST_STEP][PASSED] - selectOptionByIndex: All options with index in [1] are selected on object 'Object Repository/HealthpostToStore/Page_Store/select_--Select--BA1170BA2376B'

2018-05-22 11:32:54 - [MESSAGE][PASSED] - All options with index in [1] are selected on object 'Object Repository/HealthpostToStore/Page_Store/select_--Select--BA1170BA2376B'

2018-05-22 11:32:54 - [TEST_STEP][PASSED] - Statement - Try: null

2018-05-22 11:32:54 - [TEST_STEP][PASSED] - Statement - StockQty = com.kms.katalon.core.webui.keyword.WebUiBuiltInKeywords.getAttribute(com.kms.katalon.core.testobject.ObjectRepository.findTestObject(HealthpostToStore/Page_Store/input_txtprice), "value"): Attribute 'value' of object 'Object Repository/HealthpostToStore/Page_Store/input_txtprice' is: '1030'

2018-05-22 11:32:54 - [MESSAGE][PASSED] - Attribute 'value' of object 'Object Repository/HealthpostToStore/Page_Store/input_txtprice' is: '1030'

2018-05-22 11:32:54 - [TEST_STEP][PASSED] - Statement - out.println("Stock QTY : " + StockQty): null

2018-05-22 11:32:54 - [TEST_STEP][PASSED] - delay: Delayed 2 second(s)

2018-05-22 11:32:56 - [MESSAGE][PASSED] - Delayed 2 second(s)

2018-05-22 11:32:56 - [TEST_STEP][PASSED] - Statement - If (java.lang.String.valueOf(StockQty) >= java.lang.String.valueOf(RequestedQty)): null

2018-05-22 11:32:56 - [TEST_STEP][PASSED] - setText: Text '10' is set on object 'Object Repository/HealthpostToStore/Page_Store/input_txtqty'

2018-05-22 11:32:56 - [MESSAGE][PASSED] - Text '10' is set on object 'Object Repository/HealthpostToStore/Page_Store/input_txtqty'

2018-05-22 11:32:56 - [TEST_STEP][PASSED] - click: Object: 'Object Repository/HealthpostToStore/Page_Store/button_Add' is clicked on

2018-05-22 11:33:01 - [MESSAGE][PASSED] - Object: 'Object Repository/HealthpostToStore/Page_Store/button_Add' is clicked on

2018-05-22 11:33:01 - [TEST_STEP][PASSED] - Statement - Break: null

2018-05-22 11:33:01 - [TEST_STEP][PASSED] - selectOptionByIndex: All options with index in [56] are selected on object 'Object Repository/HealthpostToStore/Page_Store/select_--Select--Adernaline 0.'

2018-05-22 11:33:01 - [MESSAGE][PASSED] - All options with index in [56] are selected on object 'Object Repository/HealthpostToStore/Page_Store/select_--Select--Adernaline 0.'

2018-05-22 11:33:01 - [TEST_STEP][PASSED] - delay: Delayed 2 second(s)

2018-05-22 11:33:03 - [MESSAGE][PASSED] - Delayed 2 second(s)

2018-05-22 11:33:03 - [TEST_STEP][PASSED] - Statement - RequestedQty = com.kms.katalon.core.webui.keyword.WebUiBuiltInKeywords.getAttribute(com.kms.katalon.core.testobject.ObjectRepository.findTestObject(HealthpostToStore/Page_Store/input_txttotal), "value"): Attribute 'value' of object 'Object Repository/HealthpostToStore/Page_Store/input_txttotal' is: '10'

2018-05-22 11:33:03 - [MESSAGE][PASSED] - Attribute 'value' of object 'Object Repository/HealthpostToStore/Page_Store/input_txttotal' is: '10'

2018-05-22 11:33:03 - [TEST_STEP][PASSED] - Statement - out.println("Requested QTY : " + RequestedQty): null

2018-05-22 11:33:03 - [TEST_STEP][PASSED] - Statement - BatchNumber = com.kms.katalon.core.webui.keyword.WebUiBuiltInKeywords.getNumberOfTotalOption(com.kms.katalon.core.testobject.ObjectRepository.findTestObject(HealthpostToStore/Page_Store/select_--Select--BA1170BA2376B)): 4 options of object 'Object Repository/HealthpostToStore/Page_Store/select_--Select--BA1170BA2376B' counted

2018-05-22 11:33:04 - [MESSAGE][PASSED] - 4 options of object 'Object Repository/HealthpostToStore/Page_Store/select_--Select--BA1170BA2376B' counted

2018-05-22 11:33:04 - [TEST_STEP][PASSED] - Statement - For ([g = 1, g <= BatchNumber - 1, (g++)]): null

2018-05-22 11:33:04 - [TEST_STEP][PASSED] - selectOptionByIndex: All options with index in [1] are selected on object 'Object Repository/HealthpostToStore/Page_Store/select_--Select--BA1170BA2376B'

2018-05-22 11:33:04 - [MESSAGE][PASSED] - All options with index in [1] are selected on object 'Object Repository/HealthpostToStore/Page_Store/select_--Select--BA1170BA2376B'

2018-05-22 11:33:04 - [TEST_STEP][PASSED] - Statement - Try: null

2018-05-22 11:33:04 - [TEST_STEP][PASSED] - Statement - StockQty = com.kms.katalon.core.webui.keyword.WebUiBuiltInKeywords.getAttribute(com.kms.katalon.core.testobject.ObjectRepository.findTestObject(HealthpostToStore/Page_Store/input_txtprice), "value"): Attribute 'value' of object 'Object Repository/HealthpostToStore/Page_Store/input_txtprice' is: '90'

2018-05-22 11:33:04 - [MESSAGE][PASSED] - Attribute 'value' of object 'Object Repository/HealthpostToStore/Page_Store/input_txtprice' is: '90'

2018-05-22 11:33:04 - [TEST_STEP][PASSED] - Statement - out.println("Stock QTY : " + StockQty): null

2018-05-22 11:33:04 - [TEST_STEP][PASSED] - delay: Delayed 2 second(s)

2018-05-22 11:33:06 - [MESSAGE][PASSED] - Delayed 2 second(s)

2018-05-22 11:33:06 - [TEST_STEP][PASSED] - Statement - If (java.lang.String.valueOf(StockQty) >= java.lang.String.valueOf(RequestedQty)): null

2018-05-22 11:33:06 - [TEST_STEP][PASSED] - setText: Text '10' is set on object 'Object Repository/HealthpostToStore/Page_Store/input_txtqty'

2018-05-22 11:33:06 - [MESSAGE][PASSED] - Text '10' is set on object 'Object Repository/HealthpostToStore/Page_Store/input_txtqty'

2018-05-22 11:33:06 - [TEST_STEP][PASSED] - click: Object: 'Object Repository/HealthpostToStore/Page_Store/button_Add' is clicked on

2018-05-22 11:33:11 - [MESSAGE][PASSED] - Object: 'Object Repository/HealthpostToStore/Page_Store/button_Add' is clicked on

2018-05-22 11:33:11 - [TEST_STEP][PASSED] - Statement - Break: null

2018-05-22 11:33:11 - [TEST_STEP][PASSED] - selectOptionByIndex: All options with index in [57] are selected on object 'Object Repository/HealthpostToStore/Page_Store/select_--Select--Adernaline 0.'

2018-05-22 11:33:11 - [MESSAGE][PASSED] - All options with index in [57] are selected on object 'Object Repository/HealthpostToStore/Page_Store/select_--Select--Adernaline 0.'

2018-05-22 11:33:11 - [TEST_STEP][PASSED] - delay: Delayed 2 second(s)

2018-05-22 11:33:13 - [MESSAGE][PASSED] - Delayed 2 second(s)

2018-05-22 11:33:13 - [TEST_STEP][PASSED] - Statement - RequestedQty = com.kms.katalon.core.webui.keyword.WebUiBuiltInKeywords.getAttribute(com.kms.katalon.core.testobject.ObjectRepository.findTestObject(HealthpostToStore/Page_Store/input_txttotal), "value"): Attribute 'value' of object 'Object Repository/HealthpostToStore/Page_Store/input_txttotal' is: '10'

2018-05-22 11:33:14 - [MESSAGE][PASSED] - Attribute 'value' of object 'Object Repository/HealthpostToStore/Page_Store/input_txttotal' is: '10'

2018-05-22 11:33:14 - [TEST_STEP][PASSED] - Statement - out.println("Requested QTY : " + RequestedQty): null

2018-05-22 11:33:14 - [TEST_STEP][PASSED] - Statement - BatchNumber = com.kms.katalon.core.webui.keyword.WebUiBuiltInKeywords.getNumberOfTotalOption(com.kms.katalon.core.testobject.ObjectRepository.findTestObject(HealthpostToStore/Page_Store/select_--Select--BA1170BA2376B)): 3 options of object 'Object Repository/HealthpostToStore/Page_Store/select_--Select--BA1170BA2376B' counted

2018-05-22 11:33:14 - [MESSAGE][PASSED] - 3 options of object 'Object Repository/HealthpostToStore/Page_Store/select_--Select--BA1170BA2376B' counted

2018-05-22 11:33:14 - [TEST_STEP][PASSED] - Statement - For ([g = 1, g <= BatchNumber - 1, (g++)]): null

2018-05-22 11:33:14 - [TEST_STEP][PASSED] - selectOptionByIndex: All options with index in [1] are selected on object 'Object Repository/HealthpostToStore/Page_Store/select_--Select--BA1170BA2376B'

2018-05-22 11:33:14 - [MESSAGE][PASSED] - All options with index in [1] are selected on object 'Object Repository/HealthpostToStore/Page_Store/select_--Select--BA1170BA2376B'

2018-05-22 11:33:14 - [TEST_STEP][PASSED] - Statement - Try: null

2018-05-22 11:33:14 - [TEST_STEP][PASSED] - Statement - StockQty = com.kms.katalon.core.webui.keyword.WebUiBuiltInKeywords.getAttribute(com.kms.katalon.core.testobject.ObjectRepository.findTestObject(HealthpostToStore/Page_Store/input_txtprice), "value"): Attribute 'value' of object 'Object Repository/HealthpostToStore/Page_Store/input_txtprice' is: '1030'

2018-05-22 11:33:14 - [MESSAGE][PASSED] - Attribute 'value' of object 'Object Repository/HealthpostToStore/Page_Store/input_txtprice' is: '1030'

2018-05-22 11:33:14 - [TEST_STEP][PASSED] - Statement - out.println("Stock QTY : " + StockQty): null

2018-05-22 11:33:14 - [TEST_STEP][PASSED] - delay: Delayed 2 second(s)

2018-05-22 11:33:16 - [MESSAGE][PASSED] - Delayed 2 second(s)

2018-05-22 11:33:16 - [TEST_STEP][PASSED] - Statement - If (java.lang.String.valueOf(StockQty) >= java.lang.String.valueOf(RequestedQty)): null

2018-05-22 11:33:16 - [TEST_STEP][PASSED] - setText: Text '10' is set on object 'Object Repository/HealthpostToStore/Page_Store/input_txtqty'

2018-05-22 11:33:16 - [MESSAGE][PASSED] - Text '10' is set on object 'Object Repository/HealthpostToStore/Page_Store/input_txtqty'

2018-05-22 11:33:16 - [TEST_STEP][PASSED] - click: Object: 'Object Repository/HealthpostToStore/Page_Store/button_Add' is clicked on

2018-05-22 11:33:21 - [MESSAGE][PASSED] - Object: 'Object Repository/HealthpostToStore/Page_Store/button_Add' is clicked on

2018-05-22 11:33:21 - [TEST_STEP][PASSED] - Statement - Break: null

2018-05-22 11:33:21 - [TEST_STEP][PASSED] - selectOptionByIndex: All options with index in [58] are selected on object 'Object Repository/HealthpostToStore/Page_Store/select_--Select--Adernaline 0.'

2018-05-22 11:33:22 - [MESSAGE][PASSED] - All options with index in [58] are selected on object 'Object Repository/HealthpostToStore/Page_Store/select_--Select--Adernaline 0.'

2018-05-22 11:33:22 - [TEST_STEP][PASSED] - delay: Delayed 2 second(s)

2018-05-22 11:33:24 - [MESSAGE][PASSED] - Delayed 2 second(s)

2018-05-22 11:33:24 - [TEST_STEP][PASSED] - Statement - RequestedQty = com.kms.katalon.core.webui.keyword.WebUiBuiltInKeywords.getAttribute(com.kms.katalon.core.testobject.ObjectRepository.findTestObject(HealthpostToStore/Page_Store/input_txttotal), "value"): Attribute 'value' of object 'Object Repository/HealthpostToStore/Page_Store/input_txttotal' is: '10'

2018-05-22 11:33:24 - [MESSAGE][PASSED] - Attribute 'value' of object 'Object Repository/HealthpostToStore/Page_Store/input_txttotal' is: '10'

2018-05-22 11:33:24 - [TEST_STEP][PASSED] - Statement - out.println("Requested QTY : " + RequestedQty): null

2018-05-22 11:33:24 - [TEST_STEP][PASSED] - Statement - BatchNumber = com.kms.katalon.core.webui.keyword.WebUiBuiltInKeywords.getNumberOfTotalOption(com.kms.katalon.core.testobject.ObjectRepository.findTestObject(HealthpostToStore/Page_Store/select_--Select--BA1170BA2376B)): 4 options of object 'Object Repository/HealthpostToStore/Page_Store/select_--Select--BA1170BA2376B' counted

2018-05-22 11:33:24 - [MESSAGE][PASSED] - 4 options of object 'Object Repository/HealthpostToStore/Page_Store/select_--Select--BA1170BA2376B' counted

2018-05-22 11:33:24 - [TEST_STEP][PASSED] - Statement - For ([g = 1, g <= BatchNumber - 1, (g++)]): null

2018-05-22 11:33:24 - [TEST_STEP][PASSED] - selectOptionByIndex: All options with index in [1] are selected on object 'Object Repository/HealthpostToStore/Page_Store/select_--Select--BA1170BA2376B'

2018-05-22 11:33:24 - [MESSAGE][PASSED] - All options with index in [1] are selected on object 'Object Repository/HealthpostToStore/Page_Store/select_--Select--BA1170BA2376B'

2018-05-22 11:33:24 - [TEST_STEP][PASSED] - Statement - Try: null

2018-05-22 11:33:24 - [TEST_STEP][PASSED] - Statement - StockQty = com.kms.katalon.core.webui.keyword.WebUiBuiltInKeywords.getAttribute(com.kms.katalon.core.testobject.ObjectRepository.findTestObject(HealthpostToStore/Page_Store/input_txtprice), "value"): Attribute 'value' of object 'Object Repository/HealthpostToStore/Page_Store/input_txtprice' is: '90'

2018-05-22 11:33:24 - [MESSAGE][PASSED] - Attribute 'value' of object 'Object Repository/HealthpostToStore/Page_Store/input_txtprice' is: '90'

2018-05-22 11:33:24 - [TEST_STEP][PASSED] - Statement - out.println("Stock QTY : " + StockQty): null

2018-05-22 11:33:24 - [TEST_STEP][PASSED] - delay: Delayed 2 second(s)

2018-05-22 11:33:26 - [MESSAGE][PASSED] - Delayed 2 second(s)

2018-05-22 11:33:26 - [TEST_STEP][PASSED] - Statement - If (java.lang.String.valueOf(StockQty) >= java.lang.String.valueOf(RequestedQty)): null

2018-05-22 11:33:26 - [TEST_STEP][PASSED] - setText: Text '10' is set on object 'Object Repository/HealthpostToStore/Page_Store/input_txtqty'

2018-05-22 11:33:26 - [MESSAGE][PASSED] - Text '10' is set on object 'Object Repository/HealthpostToStore/Page_Store/input_txtqty'

2018-05-22 11:33:26 - [TEST_STEP][PASSED] - click: Object: 'Object Repository/HealthpostToStore/Page_Store/button_Add' is clicked on

2018-05-22 11:33:31 - [MESSAGE][PASSED] - Object: 'Object Repository/HealthpostToStore/Page_Store/button_Add' is clicked on

2018-05-22 11:33:31 - [TEST_STEP][PASSED] - Statement - Break: null

2018-05-22 11:33:31 - [TEST_STEP][PASSED] - selectOptionByIndex: All options with index in [59] are selected on object 'Object Repository/HealthpostToStore/Page_Store/select_--Select--Adernaline 0.'

2018-05-22 11:33:32 - [MESSAGE][PASSED] - All options with index in [59] are selected on object 'Object Repository/HealthpostToStore/Page_Store/select_--Select--Adernaline 0.'

2018-05-22 11:33:32 - [TEST_STEP][PASSED] - delay: Delayed 2 second(s)

2018-05-22 11:33:34 - [MESSAGE][PASSED] - Delayed 2 second(s)

2018-05-22 11:33:34 - [TEST_STEP][PASSED] - Statement - RequestedQty = com.kms.katalon.core.webui.keyword.WebUiBuiltInKeywords.getAttribute(com.kms.katalon.core.testobject.ObjectRepository.findTestObject(HealthpostToStore/Page_Store/input_txttotal), "value"): Attribute 'value' of object 'Object Repository/HealthpostToStore/Page_Store/input_txttotal' is: '10'

2018-05-22 11:33:34 - [MESSAGE][PASSED] - Attribute 'value' of object 'Object Repository/HealthpostToStore/Page_Store/input_txttotal' is: '10'

2018-05-22 11:33:34 - [TEST_STEP][PASSED] - Statement - out.println("Requested QTY : " + RequestedQty): null

2018-05-22 11:33:34 - [TEST_STEP][PASSED] - Statement - BatchNumber = com.kms.katalon.core.webui.keyword.WebUiBuiltInKeywords.getNumberOfTotalOption(com.kms.katalon.core.testobject.ObjectRepository.findTestObject(HealthpostToStore/Page_Store/select_--Select--BA1170BA2376B)): 3 options of object 'Object Repository/HealthpostToStore/Page_Store/select_--Select--BA1170BA2376B' counted

2018-05-22 11:33:34 - [MESSAGE][PASSED] - 3 options of object 'Object Repository/HealthpostToStore/Page_Store/select_--Select--BA1170BA2376B' counted

2018-05-22 11:33:34 - [TEST_STEP][PASSED] - Statement - For ([g = 1, g <= BatchNumber - 1, (g++)]): null

2018-05-22 11:33:34 - [TEST_STEP][PASSED] - selectOptionByIndex: All options with index in [1] are selected on object 'Object Repository/HealthpostToStore/Page_Store/select_--Select--BA1170BA2376B'

2018-05-22 11:33:34 - [MESSAGE][PASSED] - All options with index in [1] are selected on object 'Object Repository/HealthpostToStore/Page_Store/select_--Select--BA1170BA2376B'

2018-05-22 11:33:34 - [TEST_STEP][PASSED] - Statement - Try: null

2018-05-22 11:33:34 - [TEST_STEP][PASSED] - Statement - StockQty = com.kms.katalon.core.webui.keyword.WebUiBuiltInKeywords.getAttribute(com.kms.katalon.core.testobject.ObjectRepository.findTestObject(HealthpostToStore/Page_Store/input_txtprice), "value"): Attribute 'value' of object 'Object Repository/HealthpostToStore/Page_Store/input_txtprice' is: '90'

2018-05-22 11:33:34 - [MESSAGE][PASSED] - Attribute 'value' of object 'Object Repository/HealthpostToStore/Page_Store/input_txtprice' is: '90'

2018-05-22 11:33:34 - [TEST_STEP][PASSED] - Statement - out.println("Stock QTY : " + StockQty): null

2018-05-22 11:33:34 - [TEST_STEP][PASSED] - delay: Delayed 2 second(s)

2018-05-22 11:33:36 - [MESSAGE][PASSED] - Delayed 2 second(s)

2018-05-22 11:33:36 - [TEST_STEP][PASSED] - Statement - If (java.lang.String.valueOf(StockQty) >= java.lang.String.valueOf(RequestedQty)): null

2018-05-22 11:33:36 - [TEST_STEP][PASSED] - setText: Text '10' is set on object 'Object Repository/HealthpostToStore/Page_Store/input_txtqty'

2018-05-22 11:33:36 - [MESSAGE][PASSED] - Text '10' is set on object 'Object Repository/HealthpostToStore/Page_Store/input_txtqty'

2018-05-22 11:33:36 - [TEST_STEP][PASSED] - click: Object: 'Object Repository/HealthpostToStore/Page_Store/button_Add' is clicked on

2018-05-22 11:33:42 - [MESSAGE][PASSED] - Object: 'Object Repository/HealthpostToStore/Page_Store/button_Add' is clicked on

2018-05-22 11:33:42 - [TEST_STEP][PASSED] - Statement - Break: null

2018-05-22 11:33:42 - [TEST_STEP][PASSED] - selectOptionByIndex: All options with index in [60] are selected on object 'Object Repository/HealthpostToStore/Page_Store/select_--Select--Adernaline 0.'

2018-05-22 11:33:42 - [MESSAGE][PASSED] - All options with index in [60] are selected on object 'Object Repository/HealthpostToStore/Page_Store/select_--Select--Adernaline 0.'

2018-05-22 11:33:42 - [TEST_STEP][PASSED] - delay: Delayed 2 second(s)

2018-05-22 11:33:44 - [MESSAGE][PASSED] - Delayed 2 second(s)

2018-05-22 11:33:44 - [TEST_STEP][PASSED] - Statement - RequestedQty = com.kms.katalon.core.webui.keyword.WebUiBuiltInKeywords.getAttribute(com.kms.katalon.core.testobject.ObjectRepository.findTestObject(HealthpostToStore/Page_Store/input_txttotal), "value"): Attribute 'value' of object 'Object Repository/HealthpostToStore/Page_Store/input_txttotal' is: '10'

2018-05-22 11:33:44 - [MESSAGE][PASSED] - Attribute 'value' of object 'Object Repository/HealthpostToStore/Page_Store/input_txttotal' is: '10'

2018-05-22 11:33:44 - [TEST_STEP][PASSED] - Statement - out.println("Requested QTY : " + RequestedQty): null

2018-05-22 11:33:44 - [TEST_STEP][PASSED] - Statement - BatchNumber = com.kms.katalon.core.webui.keyword.WebUiBuiltInKeywords.getNumberOfTotalOption(com.kms.katalon.core.testobject.ObjectRepository.findTestObject(HealthpostToStore/Page_Store/select_--Select--BA1170BA2376B)): 2 options of object 'Object Repository/HealthpostToStore/Page_Store/select_--Select--BA1170BA2376B' counted

2018-05-22 11:33:44 - [MESSAGE][PASSED] - 2 options of object 'Object Repository/HealthpostToStore/Page_Store/select_--Select--BA1170BA2376B' counted

2018-05-22 11:33:44 - [TEST_STEP][PASSED] - Statement - For ([g = 1, g <= BatchNumber - 1, (g++)]): null

2018-05-22 11:33:44 - [TEST_STEP][PASSED] - selectOptionByIndex: All options with index in [1] are selected on object 'Object Repository/HealthpostToStore/Page_Store/select_--Select--BA1170BA2376B'

2018-05-22 11:33:44 - [MESSAGE][PASSED] - All options with index in [1] are selected on object 'Object Repository/HealthpostToStore/Page_Store/select_--Select--BA1170BA2376B'

2018-05-22 11:33:44 - [TEST_STEP][PASSED] - Statement - Try: null

2018-05-22 11:33:44 - [TEST_STEP][PASSED] - Statement - StockQty = com.kms.katalon.core.webui.keyword.WebUiBuiltInKeywords.getAttribute(com.kms.katalon.core.testobject.ObjectRepository.findTestObject(HealthpostToStore/Page_Store/input_txtprice), "value"): Attribute 'value' of object 'Object Repository/HealthpostToStore/Page_Store/input_txtprice' is: '2130'

2018-05-22 11:33:44 - [MESSAGE][PASSED] - Attribute 'value' of object 'Object Repository/HealthpostToStore/Page_Store/input_txtprice' is: '2130'

2018-05-22 11:33:44 - [TEST_STEP][PASSED] - Statement - out.println("Stock QTY : " + StockQty): null

2018-05-22 11:33:44 - [TEST_STEP][PASSED] - delay: Delayed 2 second(s)

2018-05-22 11:33:46 - [MESSAGE][PASSED] - Delayed 2 second(s)

2018-05-22 11:33:46 - [TEST_STEP][PASSED] - Statement - If (java.lang.String.valueOf(StockQty) >= java.lang.String.valueOf(RequestedQty)): null

2018-05-22 11:33:46 - [TEST_STEP][PASSED] - setText: Text '10' is set on object 'Object Repository/HealthpostToStore/Page_Store/input_txtqty'

2018-05-22 11:33:47 - [MESSAGE][PASSED] - Text '10' is set on object 'Object Repository/HealthpostToStore/Page_Store/input_txtqty'

2018-05-22 11:33:47 - [TEST_STEP][PASSED] - click: Object: 'Object Repository/HealthpostToStore/Page_Store/button_Add' is clicked on

2018-05-22 11:33:52 - [MESSAGE][PASSED] - Object: 'Object Repository/HealthpostToStore/Page_Store/button_Add' is clicked on

2018-05-22 11:33:52 - [TEST_STEP][PASSED] - Statement - Break: null

2018-05-22 11:33:52 - [TEST_STEP][PASSED] - selectOptionByIndex: All options with index in [61] are selected on object 'Object Repository/HealthpostToStore/Page_Store/select_--Select--Adernaline 0.'

2018-05-22 11:33:52 - [MESSAGE][PASSED] - All options with index in [61] are selected on object 'Object Repository/HealthpostToStore/Page_Store/select_--Select--Adernaline 0.'

2018-05-22 11:33:52 - [TEST_STEP][PASSED] - delay: Delayed 2 second(s)

2018-05-22 11:33:54 - [MESSAGE][PASSED] - Delayed 2 second(s)

2018-05-22 11:33:54 - [TEST_STEP][PASSED] - Statement - RequestedQty = com.kms.katalon.core.webui.keyword.WebUiBuiltInKeywords.getAttribute(com.kms.katalon.core.testobject.ObjectRepository.findTestObject(HealthpostToStore/Page_Store/input_txttotal), "value"): Attribute 'value' of object 'Object Repository/HealthpostToStore/Page_Store/input_txttotal' is: '10'

2018-05-22 11:33:54 - [MESSAGE][PASSED] - Attribute 'value' of object 'Object Repository/HealthpostToStore/Page_Store/input_txttotal' is: '10'

2018-05-22 11:33:54 - [TEST_STEP][PASSED] - Statement - out.println("Requested QTY : " + RequestedQty): null

2018-05-22 11:33:54 - [TEST_STEP][PASSED] - Statement - BatchNumber = com.kms.katalon.core.webui.keyword.WebUiBuiltInKeywords.getNumberOfTotalOption(com.kms.katalon.core.testobject.ObjectRepository.findTestObject(HealthpostToStore/Page_Store/select_--Select--BA1170BA2376B)): 4 options of object 'Object Repository/HealthpostToStore/Page_Store/select_--Select--BA1170BA2376B' counted

2018-05-22 11:33:54 - [MESSAGE][PASSED] - 4 options of object 'Object Repository/HealthpostToStore/Page_Store/select_--Select--BA1170BA2376B' counted

2018-05-22 11:33:54 - [TEST_STEP][PASSED] - Statement - For ([g = 1, g <= BatchNumber - 1, (g++)]): null

2018-05-22 11:33:54 - [TEST_STEP][PASSED] - selectOptionByIndex: All options with index in [1] are selected on object 'Object Repository/HealthpostToStore/Page_Store/select_--Select--BA1170BA2376B'

2018-05-22 11:33:55 - [MESSAGE][PASSED] - All options with index in [1] are selected on object 'Object Repository/HealthpostToStore/Page_Store/select_--Select--BA1170BA2376B'

2018-05-22 11:33:55 - [TEST_STEP][PASSED] - Statement - Try: null

2018-05-22 11:33:55 - [TEST_STEP][PASSED] - Statement - StockQty = com.kms.katalon.core.webui.keyword.WebUiBuiltInKeywords.getAttribute(com.kms.katalon.core.testobject.ObjectRepository.findTestObject(HealthpostToStore/Page_Store/input_txtprice), "value"): Attribute 'value' of object 'Object Repository/HealthpostToStore/Page_Store/input_txtprice' is: '90'

2018-05-22 11:33:55 - [MESSAGE][PASSED] - Attribute 'value' of object 'Object Repository/HealthpostToStore/Page_Store/input_txtprice' is: '90'

2018-05-22 11:33:55 - [TEST_STEP][PASSED] - Statement - out.println("Stock QTY : " + StockQty): null

2018-05-22 11:33:55 - [TEST_STEP][PASSED] - delay: Delayed 2 second(s)

2018-05-22 11:33:57 - [MESSAGE][PASSED] - Delayed 2 second(s)

2018-05-22 11:33:57 - [TEST_STEP][PASSED] - Statement - If (java.lang.String.valueOf(StockQty) >= java.lang.String.valueOf(RequestedQty)): null

2018-05-22 11:33:57 - [TEST_STEP][PASSED] - setText: Text '10' is set on object 'Object Repository/HealthpostToStore/Page_Store/input_txtqty'

2018-05-22 11:33:57 - [MESSAGE][PASSED] - Text '10' is set on object 'Object Repository/HealthpostToStore/Page_Store/input_txtqty'

2018-05-22 11:33:57 - [TEST_STEP][PASSED] - click: Object: 'Object Repository/HealthpostToStore/Page_Store/button_Add' is clicked on

2018-05-22 11:34:02 - [MESSAGE][PASSED] - Object: 'Object Repository/HealthpostToStore/Page_Store/button_Add' is clicked on

2018-05-22 11:34:02 - [TEST_STEP][PASSED] - Statement - Break: null

2018-05-22 11:34:02 - [TEST_STEP][PASSED] - selectOptionByIndex: All options with index in [62] are selected on object 'Object Repository/HealthpostToStore/Page_Store/select_--Select--Adernaline 0.'

2018-05-22 11:34:03 - [MESSAGE][PASSED] - All options with index in [62] are selected on object 'Object Repository/HealthpostToStore/Page_Store/select_--Select--Adernaline 0.'

2018-05-22 11:34:03 - [TEST_STEP][PASSED] - delay: Delayed 2 second(s)

2018-05-22 11:34:05 - [MESSAGE][PASSED] - Delayed 2 second(s)

2018-05-22 11:34:05 - [TEST_STEP][PASSED] - Statement - RequestedQty = com.kms.katalon.core.webui.keyword.WebUiBuiltInKeywords.getAttribute(com.kms.katalon.core.testobject.ObjectRepository.findTestObject(HealthpostToStore/Page_Store/input_txttotal), "value"): Attribute 'value' of object 'Object Repository/HealthpostToStore/Page_Store/input_txttotal' is: '10'

2018-05-22 11:34:05 - [MESSAGE][PASSED] - Attribute 'value' of object 'Object Repository/HealthpostToStore/Page_Store/input_txttotal' is: '10'

2018-05-22 11:34:05 - [TEST_STEP][PASSED] - Statement - out.println("Requested QTY : " + RequestedQty): null

2018-05-22 11:34:05 - [TEST_STEP][PASSED] - Statement - BatchNumber = com.kms.katalon.core.webui.keyword.WebUiBuiltInKeywords.getNumberOfTotalOption(com.kms.katalon.core.testobject.ObjectRepository.findTestObject(HealthpostToStore/Page_Store/select_--Select--BA1170BA2376B)): 3 options of object 'Object Repository/HealthpostToStore/Page_Store/select_--Select--BA1170BA2376B' counted

2018-05-22 11:34:05 - [MESSAGE][PASSED] - 3 options of object 'Object Repository/HealthpostToStore/Page_Store/select_--Select--BA1170BA2376B' counted

2018-05-22 11:34:05 - [TEST_STEP][PASSED] - Statement - For ([g = 1, g <= BatchNumber - 1, (g++)]): null

2018-05-22 11:34:05 - [TEST_STEP][PASSED] - selectOptionByIndex: All options with index in [1] are selected on object 'Object Repository/HealthpostToStore/Page_Store/select_--Select--BA1170BA2376B'

2018-05-22 11:34:05 - [MESSAGE][PASSED] - All options with index in [1] are selected on object 'Object Repository/HealthpostToStore/Page_Store/select_--Select--BA1170BA2376B'

2018-05-22 11:34:05 - [TEST_STEP][PASSED] - Statement - Try: null

2018-05-22 11:34:05 - [TEST_STEP][PASSED] - Statement - StockQty = com.kms.katalon.core.webui.keyword.WebUiBuiltInKeywords.getAttribute(com.kms.katalon.core.testobject.ObjectRepository.findTestObject(HealthpostToStore/Page_Store/input_txtprice), "value"): Attribute 'value' of object 'Object Repository/HealthpostToStore/Page_Store/input_txtprice' is: '90'

2018-05-22 11:34:05 - [MESSAGE][PASSED] - Attribute 'value' of object 'Object Repository/HealthpostToStore/Page_Store/input_txtprice' is: '90'

2018-05-22 11:34:05 - [TEST_STEP][PASSED] - Statement - out.println("Stock QTY : " + StockQty): null

2018-05-22 11:34:05 - [TEST_STEP][PASSED] - delay: Delayed 2 second(s)

2018-05-22 11:34:07 - [MESSAGE][PASSED] - Delayed 2 second(s)

2018-05-22 11:34:07 - [TEST_STEP][PASSED] - Statement - If (java.lang.String.valueOf(StockQty) >= java.lang.String.valueOf(RequestedQty)): null

2018-05-22 11:34:07 - [TEST_STEP][PASSED] - setText: Text '10' is set on object 'Object Repository/HealthpostToStore/Page_Store/input_txtqty'

2018-05-22 11:34:07 - [MESSAGE][PASSED] - Text '10' is set on object 'Object Repository/HealthpostToStore/Page_Store/input_txtqty'

2018-05-22 11:34:07 - [TEST_STEP][PASSED] - click: Object: 'Object Repository/HealthpostToStore/Page_Store/button_Add' is clicked on

2018-05-22 11:34:12 - [MESSAGE][PASSED] - Object: 'Object Repository/HealthpostToStore/Page_Store/button_Add' is clicked on

2018-05-22 11:34:12 - [TEST_STEP][PASSED] - Statement - Break: null

2018-05-22 11:34:12 - [TEST_STEP][PASSED] - scrollToElement: Scroll to object 'Object Repository/HealthpostToStore/Page_Store/input_btnSubmit' successfully

2018-05-22 11:34:12 - [MESSAGE][PASSED] - Scroll to object 'Object Repository/HealthpostToStore/Page_Store/input_btnSubmit' successfully

2018-05-22 11:34:12 - [TEST_STEP][PASSED] - click: Object: 'Object Repository/HealthpostToStore/Page_Store/input_btnSubmit' is clicked on

2018-05-22 11:34:17 - [MESSAGE][PASSED] - Object: 'Object Repository/HealthpostToStore/Page_Store/input_btnSubmit' is clicked on

2018-05-22 11:34:17 - [TEST_STEP][PASSED] - delay: Delayed 3 second(s)

2018-05-22 11:34:20 - [MESSAGE][PASSED] - Delayed 3 second(s)

2018-05-22 11:34:20 - [TEST_STEP][PASSED] - click: Object: 'Object Repository/HealthpostToStore/Page_Store/button_OK' is clicked on

2018-05-22 11:34:28 - [MESSAGE][PASSED] - Object: 'Object Repository/HealthpostToStore/Page_Store/button_OK' is clicked on

2018-05-22 11:34:28 - [TEST_STEP][PASSED] - delay: Delayed 3 second(s)

2018-05-22 11:34:31 - [MESSAGE][PASSED] - Delayed 3 second(s)

2018-05-22 11:34:31 - [TEST_STEP][PASSED] - click: Object: 'Object Repository/HealthpostToStore/Page_Store/a_dropdown-toggle' is clicked on

2018-05-22 11:34:37 - [MESSAGE][PASSED] - Object: 'Object Repository/HealthpostToStore/Page_Store/a_dropdown-toggle' is clicked on

2018-05-22 11:34:37 - [TEST_STEP][PASSED] - click: Object: 'Object Repository/HealthpostToStore/Page_Store/a_Sign out' is clicked on

2018-05-22 11:34:42 - [MESSAGE][PASSED] - Object: 'Object Repository/HealthpostToStore/Page_Store/a_Sign out' is clicked on

2018-05-22 11:34:42 - [TEST_STEP][PASSED] - closeBrowser: Browser is closed

2018-05-22 11:34:43 - [MESSAGE][PASSED] - Browser is closed]]></system-out>
         <system-err><![CDATA[]]></system-err>
      </testcase>
      <testcase name="Test Cases/HEALTHPOST TEST CASES/TC_HP_002 Verify Schedule 2 Healthpost Request Are Working Successfully Or Not" classname="Test Cases/HEALTHPOST TEST CASES/TC_HP_002 Verify Schedule 2 Healthpost Request Are Working Successfully Or Not" status="FAILED">
         <failure type="FAILED" message="Unable to select option by index '2' of object 'Object Repository/HealthpostToStore/Page_HealthPost Store/select_--Select--Schedule 1Inj' (Root cause: com.kms.katalon.core.webui.exception.WebElementNotFoundException: Web element with id: 'Object Repository/HealthpostToStore/Page_HealthPost Store/select_--Select--Schedule 1Inj' located by 'By.xpath: id(&quot;optcategory&quot;)[count(. | //select[@id = 'optcategory']) = count(//select[@id = 'optcategory'])]' not found)"/>
         <system-out><![CDATA[2018-05-22 11:34:43 - [TEST_CASE][FAILED] - Test Cases/HEALTHPOST TEST CASES/TC_HP_002 Verify Schedule 2 Healthpost Request Are Working Successfully Or Not: Test Cases/HEALTHPOST TEST CASES/TC_HP_002 Verify Schedule 2 Healthpost Request Are Working Successfully Or Not FAILED because (of) Unable to select option by index '2' of object 'Object Repository/HealthpostToStore/Page_HealthPost Store/select_--Select--Schedule 1Inj' (Root cause: com.kms.katalon.core.webui.exception.WebElementNotFoundException: Web element with id: 'Object Repository/HealthpostToStore/Page_HealthPost Store/select_--Select--Schedule 1Inj' located by 'By.xpath: id("optcategory")[count(. | //select[@id = 'optcategory']) = count(//select[@id = 'optcategory'])]' not found)

2018-05-22 11:34:43 - [TEST_STEP][PASSED] - openBrowser: Browser is opened with url: ''

2018-05-22 11:34:45 - [MESSAGE][PASSED] - Browser is opened with url: ''

2018-05-22 11:34:45 - [TEST_STEP][PASSED] - navigateToUrl: Navigate to 'http://192.168.137.1/multihospital_new/HDSplashscreen.aspx' successfully

2018-05-22 11:34:47 - [MESSAGE][PASSED] - Navigate to 'http://192.168.137.1/multihospital_new/HDSplashscreen.aspx' successfully

2018-05-22 11:34:47 - [TEST_STEP][PASSED] - maximizeWindow: Current window maximized

2018-05-22 11:34:48 - [MESSAGE][PASSED] - Current window maximized

2018-05-22 11:34:48 - [TEST_STEP][PASSED] - click: Object: 'Object Repository/HealthpostToStore/Page_KDMC/a_Healthpost Store' is clicked on

2018-05-22 11:34:49 - [MESSAGE][PASSED] - Object: 'Object Repository/HealthpostToStore/Page_KDMC/a_Healthpost Store' is clicked on

2018-05-22 11:34:49 - [TEST_STEP][PASSED] - setText: Text 'raguram' is set on object 'Object Repository/HealthpostToStore/Page_HealthPost Store Login/input_txtusername'

2018-05-22 11:34:49 - [MESSAGE][PASSED] - Text 'raguram' is set on object 'Object Repository/HealthpostToStore/Page_HealthPost Store Login/input_txtusername'

2018-05-22 11:34:49 - [TEST_STEP][PASSED] - setText: Text '123' is set on object 'Object Repository/HealthpostToStore/Page_HealthPost Store Login/input_txtpassword'

2018-05-22 11:34:49 - [MESSAGE][PASSED] - Text '123' is set on object 'Object Repository/HealthpostToStore/Page_HealthPost Store Login/input_txtpassword'

2018-05-22 11:34:49 - [TEST_STEP][PASSED] - delay: Delayed 3 second(s)

2018-05-22 11:34:52 - [MESSAGE][PASSED] - Delayed 3 second(s)

2018-05-22 11:34:52 - [TEST_STEP][PASSED] - sendKeys: Keys 'ENTER + ' sent to object: 'Object Repository/HealthpostToStore/Page_HealthPost Store Login/input_txtpassword'

2018-05-22 11:34:53 - [MESSAGE][PASSED] - Keys 'ENTER + ' sent to object: 'Object Repository/HealthpostToStore/Page_HealthPost Store Login/input_txtpassword'

2018-05-22 11:34:53 - [TEST_STEP][PASSED] - delay: Delayed 3 second(s)

2018-05-22 11:34:56 - [MESSAGE][PASSED] - Delayed 3 second(s)

2018-05-22 11:34:56 - [TEST_STEP][PASSED] - doubleClick: Object: 'Object Repository/HealthpostToStore/Page_HealthPost Store/a_Request to Store' is double clicked on

2018-05-22 11:34:56 - [MESSAGE][PASSED] - Object: 'Object Repository/HealthpostToStore/Page_HealthPost Store/a_Request to Store' is double clicked on

2018-05-22 11:34:56 - [TEST_STEP][PASSED] - doubleClick: Object: 'Object Repository/HealthpostToStore/Page_HealthPost Store/a_Medicine Request' is double clicked on

2018-05-22 11:34:57 - [MESSAGE][PASSED] - Object: 'Object Repository/HealthpostToStore/Page_HealthPost Store/a_Medicine Request' is double clicked on

2018-05-22 11:34:57 - [TEST_STEP][FAILED] - selectOptionByIndex: Unable to select option by index '2' of object 'Object Repository/HealthpostToStore/Page_HealthPost Store/select_--Select--Schedule 1Inj' (Root cause: com.kms.katalon.core.webui.exception.WebElementNotFoundException: Web element with id: 'Object Repository/HealthpostToStore/Page_HealthPost Store/select_--Select--Schedule 1Inj' located by 'By.xpath: id("optcategory")[count(. | //select[@id = 'optcategory']) = count(//select[@id = 'optcategory'])]' not found)

2018-05-22 11:35:28 - [MESSAGE][FAILED] - Unable to select option by index '2' of object 'Object Repository/HealthpostToStore/Page_HealthPost Store/select_--Select--Schedule 1Inj' (Root cause: com.kms.katalon.core.webui.exception.WebElementNotFoundException: Web element with id: 'Object Repository/HealthpostToStore/Page_HealthPost Store/select_--Select--Schedule 1Inj' located by 'By.xpath: id("optcategory")[count(. | //select[@id = 'optcategory']) = count(//select[@id = 'optcategory'])]' not found)
[[ATTACHMENT|C:\\Users\\Quality Analyst\\Katalon Studio\\ds\\Reports\\HealthPost_Store_Suite\\20180522_112214\\1526969128311.png]]]]></system-out>
         <system-err><![CDATA[2018-05-22 11:34:43 - [TEST_CASE][FAILED] - Test Cases/HEALTHPOST TEST CASES/TC_HP_002 Verify Schedule 2 Healthpost Request Are Working Successfully Or Not: Test Cases/HEALTHPOST TEST CASES/TC_HP_002 Verify Schedule 2 Healthpost Request Are Working Successfully Or Not FAILED because (of) Unable to select option by index '2' of object 'Object Repository/HealthpostToStore/Page_HealthPost Store/select_--Select--Schedule 1Inj' (Root cause: com.kms.katalon.core.webui.exception.WebElementNotFoundException: Web element with id: 'Object Repository/HealthpostToStore/Page_HealthPost Store/select_--Select--Schedule 1Inj' located by 'By.xpath: id("optcategory")[count(. | //select[@id = 'optcategory']) = count(//select[@id = 'optcategory'])]' not found)]]></system-err>
      </testcase>
      <testcase name="Test Cases/HEALTHPOST TEST CASES/TC_HP_003 Verify Schedule 3 Healthpost Request Are Working Successfully Or Not" classname="Test Cases/HEALTHPOST TEST CASES/TC_HP_003 Verify Schedule 3 Healthpost Request Are Working Successfully Or Not" status="ERROR">
         <error type="ERROR" message="Test Cases/HEALTHPOST TEST CASES/TC_HP_003 Verify Schedule 3 Healthpost Request Are Working Successfully Or Not FAILED because (of) java.lang.ArrayIndexOutOfBoundsException: 2"/>
         <system-out><![CDATA[2018-05-22 11:35:28 - [TEST_CASE][ERROR] - Test Cases/HEALTHPOST TEST CASES/TC_HP_003 Verify Schedule 3 Healthpost Request Are Working Successfully Or Not: Test Cases/HEALTHPOST TEST CASES/TC_HP_003 Verify Schedule 3 Healthpost Request Are Working Successfully Or Not FAILED because (of) java.lang.ArrayIndexOutOfBoundsException: 2

2018-05-22 11:35:28 - [TEST_STEP][PASSED] - openBrowser: Browser is opened with url: ''

2018-05-22 11:35:28 - [MESSAGE][WARNING] - A browser is already opened. Closing browser and opening a new one

2018-05-22 11:35:31 - [MESSAGE][PASSED] - Browser is opened with url: ''

2018-05-22 11:35:31 - [TEST_STEP][PASSED] - navigateToUrl: Navigate to 'http://192.168.137.1/multihospital_new/HDSplashscreen.aspx' successfully

2018-05-22 11:35:33 - [MESSAGE][PASSED] - Navigate to 'http://192.168.137.1/multihospital_new/HDSplashscreen.aspx' successfully

2018-05-22 11:35:33 - [TEST_STEP][PASSED] - maximizeWindow: Current window maximized

2018-05-22 11:35:34 - [MESSAGE][PASSED] - Current window maximized

2018-05-22 11:35:34 - [TEST_STEP][PASSED] - click: Object: 'Object Repository/HealthpostToStore/Page_KDMC/a_Healthpost Store' is clicked on

2018-05-22 11:35:35 - [MESSAGE][PASSED] - Object: 'Object Repository/HealthpostToStore/Page_KDMC/a_Healthpost Store' is clicked on

2018-05-22 11:35:35 - [TEST_STEP][PASSED] - setText: Text 'raguram' is set on object 'Object Repository/HealthpostToStore/Page_HealthPost Store Login/input_txtusername'

2018-05-22 11:35:35 - [MESSAGE][PASSED] - Text 'raguram' is set on object 'Object Repository/HealthpostToStore/Page_HealthPost Store Login/input_txtusername'

2018-05-22 11:35:35 - [TEST_STEP][PASSED] - setText: Text '123' is set on object 'Object Repository/HealthpostToStore/Page_HealthPost Store Login/input_txtpassword'

2018-05-22 11:35:35 - [MESSAGE][PASSED] - Text '123' is set on object 'Object Repository/HealthpostToStore/Page_HealthPost Store Login/input_txtpassword'

2018-05-22 11:35:35 - [TEST_STEP][PASSED] - delay: Delayed 3 second(s)

2018-05-22 11:35:38 - [MESSAGE][PASSED] - Delayed 3 second(s)

2018-05-22 11:35:38 - [TEST_STEP][PASSED] - sendKeys: Keys 'ENTER + ' sent to object: 'Object Repository/HealthpostToStore/Page_HealthPost Store Login/input_txtpassword'

2018-05-22 11:35:39 - [MESSAGE][PASSED] - Keys 'ENTER + ' sent to object: 'Object Repository/HealthpostToStore/Page_HealthPost Store Login/input_txtpassword'

2018-05-22 11:35:39 - [TEST_STEP][PASSED] - delay: Delayed 3 second(s)

2018-05-22 11:35:42 - [MESSAGE][PASSED] - Delayed 3 second(s)

2018-05-22 11:35:42 - [TEST_STEP][PASSED] - doubleClick: Object: 'Object Repository/HealthpostToStore/Page_HealthPost Store/a_Request to Store' is double clicked on

2018-05-22 11:35:42 - [MESSAGE][PASSED] - Object: 'Object Repository/HealthpostToStore/Page_HealthPost Store/a_Request to Store' is double clicked on

2018-05-22 11:35:42 - [TEST_STEP][PASSED] - delay: Delayed 1 second(s)

2018-05-22 11:35:43 - [MESSAGE][PASSED] - Delayed 1 second(s)

2018-05-22 11:35:43 - [TEST_STEP][PASSED] - doubleClick: Object: 'Object Repository/HealthpostToStore/Page_HealthPost Store/a_Medicine Request' is double clicked on

2018-05-22 11:35:44 - [MESSAGE][PASSED] - Object: 'Object Repository/HealthpostToStore/Page_HealthPost Store/a_Medicine Request' is double clicked on

2018-05-22 11:35:44 - [TEST_STEP][PASSED] - delay: Delayed 1 second(s)

2018-05-22 11:35:45 - [MESSAGE][PASSED] - Delayed 1 second(s)

2018-05-22 11:35:45 - [TEST_STEP][PASSED] - selectOptionByIndex: All options with index in [3] are selected on object 'Object Repository/HealthpostToStore/Page_HealthPost Store/select_--Select--Schedule 1Inj'

2018-05-22 11:35:45 - [MESSAGE][PASSED] - All options with index in [3] are selected on object 'Object Repository/HealthpostToStore/Page_HealthPost Store/select_--Select--Schedule 1Inj'

2018-05-22 11:35:45 - [TEST_STEP][PASSED] - Statement - medicineslength = com.kms.katalon.core.webui.keyword.WebUiBuiltInKeywords.getNumberOfTotalOption(com.kms.katalon.core.testobject.ObjectRepository.findTestObject(HealthpostToStore/Page_HealthPost Store/select_--Select--Adernaline 0.)): 37 options of object 'Object Repository/HealthpostToStore/Page_HealthPost Store/select_--Select--Adernaline 0.' counted

2018-05-22 11:35:45 - [MESSAGE][PASSED] - 37 options of object 'Object Repository/HealthpostToStore/Page_HealthPost Store/select_--Select--Adernaline 0.' counted

2018-05-22 11:35:45 - [TEST_STEP][PASSED] - Statement - For ([e = 1, e <= medicineslength - 1, (e++)]): Object: 'Object Repository/HealthpostToStore/Page_HealthPost Store/button_Add' is double clicked on

2018-05-22 11:35:45 - [TEST_STEP][PASSED] - selectOptionByIndex: All options with index in [3] are selected on object 'Object Repository/HealthpostToStore/Page_HealthPost Store/select_--Select--Schedule 1Inj'

2018-05-22 11:35:45 - [MESSAGE][PASSED] - All options with index in [3] are selected on object 'Object Repository/HealthpostToStore/Page_HealthPost Store/select_--Select--Schedule 1Inj'

2018-05-22 11:35:45 - [TEST_STEP][PASSED] - delay: Delayed 1 second(s)

2018-05-22 11:35:46 - [MESSAGE][PASSED] - Delayed 1 second(s)

2018-05-22 11:35:46 - [TEST_STEP][PASSED] - selectOptionByIndex: All options with index in [1] are selected on object 'Object Repository/HealthpostToStore/Page_HealthPost Store/select_--Select--Adernaline 0.'

2018-05-22 11:35:46 - [MESSAGE][PASSED] - All options with index in [1] are selected on object 'Object Repository/HealthpostToStore/Page_HealthPost Store/select_--Select--Adernaline 0.'

2018-05-22 11:35:46 - [TEST_STEP][PASSED] - setText: Text '10' is set on object 'Object Repository/HealthpostToStore/Page_HealthPost Store/input_txttreat'

2018-05-22 11:35:46 - [MESSAGE][PASSED] - Text '10' is set on object 'Object Repository/HealthpostToStore/Page_HealthPost Store/input_txttreat'

2018-05-22 11:35:46 - [TEST_STEP][PASSED] - doubleClick: Object: 'Object Repository/HealthpostToStore/Page_HealthPost Store/button_Add' is double clicked on

2018-05-22 11:35:46 - [MESSAGE][PASSED] - Object: 'Object Repository/HealthpostToStore/Page_HealthPost Store/button_Add' is double clicked on

2018-05-22 11:35:46 - [TEST_STEP][PASSED] - selectOptionByIndex: All options with index in [3] are selected on object 'Object Repository/HealthpostToStore/Page_HealthPost Store/select_--Select--Schedule 1Inj'

2018-05-22 11:35:47 - [MESSAGE][PASSED] - All options with index in [3] are selected on object 'Object Repository/HealthpostToStore/Page_HealthPost Store/select_--Select--Schedule 1Inj'

2018-05-22 11:35:47 - [TEST_STEP][PASSED] - delay: Delayed 1 second(s)

2018-05-22 11:35:48 - [MESSAGE][PASSED] - Delayed 1 second(s)

2018-05-22 11:35:48 - [TEST_STEP][PASSED] - selectOptionByIndex: All options with index in [2] are selected on object 'Object Repository/HealthpostToStore/Page_HealthPost Store/select_--Select--Adernaline 0.'

2018-05-22 11:35:48 - [MESSAGE][PASSED] - All options with index in [2] are selected on object 'Object Repository/HealthpostToStore/Page_HealthPost Store/select_--Select--Adernaline 0.'

2018-05-22 11:35:48 - [TEST_STEP][PASSED] - setText: Text '10' is set on object 'Object Repository/HealthpostToStore/Page_HealthPost Store/input_txttreat'

2018-05-22 11:35:48 - [MESSAGE][PASSED] - Text '10' is set on object 'Object Repository/HealthpostToStore/Page_HealthPost Store/input_txttreat'

2018-05-22 11:35:48 - [TEST_STEP][PASSED] - doubleClick: Object: 'Object Repository/HealthpostToStore/Page_HealthPost Store/button_Add' is double clicked on

2018-05-22 11:35:48 - [MESSAGE][PASSED] - Object: 'Object Repository/HealthpostToStore/Page_HealthPost Store/button_Add' is double clicked on

2018-05-22 11:35:48 - [TEST_STEP][PASSED] - selectOptionByIndex: All options with index in [3] are selected on object 'Object Repository/HealthpostToStore/Page_HealthPost Store/select_--Select--Schedule 1Inj'

2018-05-22 11:35:48 - [MESSAGE][PASSED] - All options with index in [3] are selected on object 'Object Repository/HealthpostToStore/Page_HealthPost Store/select_--Select--Schedule 1Inj'

2018-05-22 11:35:48 - [TEST_STEP][PASSED] - delay: Delayed 1 second(s)

2018-05-22 11:35:49 - [MESSAGE][PASSED] - Delayed 1 second(s)

2018-05-22 11:35:49 - [TEST_STEP][PASSED] - selectOptionByIndex: All options with index in [3] are selected on object 'Object Repository/HealthpostToStore/Page_HealthPost Store/select_--Select--Adernaline 0.'

2018-05-22 11:35:49 - [MESSAGE][PASSED] - All options with index in [3] are selected on object 'Object Repository/HealthpostToStore/Page_HealthPost Store/select_--Select--Adernaline 0.'

2018-05-22 11:35:49 - [TEST_STEP][PASSED] - setText: Text '10' is set on object 'Object Repository/HealthpostToStore/Page_HealthPost Store/input_txttreat'

2018-05-22 11:35:49 - [MESSAGE][PASSED] - Text '10' is set on object 'Object Repository/HealthpostToStore/Page_HealthPost Store/input_txttreat'

2018-05-22 11:35:49 - [TEST_STEP][PASSED] - doubleClick: Object: 'Object Repository/HealthpostToStore/Page_HealthPost Store/button_Add' is double clicked on

2018-05-22 11:35:49 - [MESSAGE][PASSED] - Object: 'Object Repository/HealthpostToStore/Page_HealthPost Store/button_Add' is double clicked on

2018-05-22 11:35:49 - [TEST_STEP][PASSED] - selectOptionByIndex: All options with index in [3] are selected on object 'Object Repository/HealthpostToStore/Page_HealthPost Store/select_--Select--Schedule 1Inj'

2018-05-22 11:35:50 - [MESSAGE][PASSED] - All options with index in [3] are selected on object 'Object Repository/HealthpostToStore/Page_HealthPost Store/select_--Select--Schedule 1Inj'

2018-05-22 11:35:50 - [TEST_STEP][PASSED] - delay: Delayed 1 second(s)

2018-05-22 11:35:51 - [MESSAGE][PASSED] - Delayed 1 second(s)

2018-05-22 11:35:51 - [TEST_STEP][PASSED] - selectOptionByIndex: All options with index in [4] are selected on object 'Object Repository/HealthpostToStore/Page_HealthPost Store/select_--Select--Adernaline 0.'

2018-05-22 11:35:51 - [MESSAGE][PASSED] - All options with index in [4] are selected on object 'Object Repository/HealthpostToStore/Page_HealthPost Store/select_--Select--Adernaline 0.'

2018-05-22 11:35:51 - [TEST_STEP][PASSED] - setText: Text '10' is set on object 'Object Repository/HealthpostToStore/Page_HealthPost Store/input_txttreat'

2018-05-22 11:35:51 - [MESSAGE][PASSED] - Text '10' is set on object 'Object Repository/HealthpostToStore/Page_HealthPost Store/input_txttreat'

2018-05-22 11:35:51 - [TEST_STEP][PASSED] - doubleClick: Object: 'Object Repository/HealthpostToStore/Page_HealthPost Store/button_Add' is double clicked on

2018-05-22 11:35:51 - [MESSAGE][PASSED] - Object: 'Object Repository/HealthpostToStore/Page_HealthPost Store/button_Add' is double clicked on

2018-05-22 11:35:51 - [TEST_STEP][PASSED] - selectOptionByIndex: All options with index in [3] are selected on object 'Object Repository/HealthpostToStore/Page_HealthPost Store/select_--Select--Schedule 1Inj'

2018-05-22 11:35:51 - [MESSAGE][PASSED] - All options with index in [3] are selected on object 'Object Repository/HealthpostToStore/Page_HealthPost Store/select_--Select--Schedule 1Inj'

2018-05-22 11:35:51 - [TEST_STEP][PASSED] - delay: Delayed 1 second(s)

2018-05-22 11:35:52 - [MESSAGE][PASSED] - Delayed 1 second(s)

2018-05-22 11:35:52 - [TEST_STEP][PASSED] - selectOptionByIndex: All options with index in [5] are selected on object 'Object Repository/HealthpostToStore/Page_HealthPost Store/select_--Select--Adernaline 0.'

2018-05-22 11:35:52 - [MESSAGE][PASSED] - All options with index in [5] are selected on object 'Object Repository/HealthpostToStore/Page_HealthPost Store/select_--Select--Adernaline 0.'

2018-05-22 11:35:52 - [TEST_STEP][PASSED] - setText: Text '10' is set on object 'Object Repository/HealthpostToStore/Page_HealthPost Store/input_txttreat'

2018-05-22 11:35:52 - [MESSAGE][PASSED] - Text '10' is set on object 'Object Repository/HealthpostToStore/Page_HealthPost Store/input_txttreat'

2018-05-22 11:35:52 - [TEST_STEP][PASSED] - doubleClick: Object: 'Object Repository/HealthpostToStore/Page_HealthPost Store/button_Add' is double clicked on

2018-05-22 11:35:53 - [MESSAGE][PASSED] - Object: 'Object Repository/HealthpostToStore/Page_HealthPost Store/button_Add' is double clicked on

2018-05-22 11:35:53 - [TEST_STEP][PASSED] - selectOptionByIndex: All options with index in [3] are selected on object 'Object Repository/HealthpostToStore/Page_HealthPost Store/select_--Select--Schedule 1Inj'

2018-05-22 11:35:53 - [MESSAGE][PASSED] - All options with index in [3] are selected on object 'Object Repository/HealthpostToStore/Page_HealthPost Store/select_--Select--Schedule 1Inj'

2018-05-22 11:35:53 - [TEST_STEP][PASSED] - delay: Delayed 1 second(s)

2018-05-22 11:35:54 - [MESSAGE][PASSED] - Delayed 1 second(s)

2018-05-22 11:35:54 - [TEST_STEP][PASSED] - selectOptionByIndex: All options with index in [6] are selected on object 'Object Repository/HealthpostToStore/Page_HealthPost Store/select_--Select--Adernaline 0.'

2018-05-22 11:35:54 - [MESSAGE][PASSED] - All options with index in [6] are selected on object 'Object Repository/HealthpostToStore/Page_HealthPost Store/select_--Select--Adernaline 0.'

2018-05-22 11:35:54 - [TEST_STEP][PASSED] - setText: Text '10' is set on object 'Object Repository/HealthpostToStore/Page_HealthPost Store/input_txttreat'

2018-05-22 11:35:54 - [MESSAGE][PASSED] - Text '10' is set on object 'Object Repository/HealthpostToStore/Page_HealthPost Store/input_txttreat'

2018-05-22 11:35:54 - [TEST_STEP][PASSED] - doubleClick: Object: 'Object Repository/HealthpostToStore/Page_HealthPost Store/button_Add' is double clicked on

2018-05-22 11:35:54 - [MESSAGE][PASSED] - Object: 'Object Repository/HealthpostToStore/Page_HealthPost Store/button_Add' is double clicked on

2018-05-22 11:35:54 - [TEST_STEP][PASSED] - selectOptionByIndex: All options with index in [3] are selected on object 'Object Repository/HealthpostToStore/Page_HealthPost Store/select_--Select--Schedule 1Inj'

2018-05-22 11:35:54 - [MESSAGE][PASSED] - All options with index in [3] are selected on object 'Object Repository/HealthpostToStore/Page_HealthPost Store/select_--Select--Schedule 1Inj'

2018-05-22 11:35:54 - [TEST_STEP][PASSED] - delay: Delayed 1 second(s)

2018-05-22 11:35:55 - [MESSAGE][PASSED] - Delayed 1 second(s)

2018-05-22 11:35:55 - [TEST_STEP][PASSED] - selectOptionByIndex: All options with index in [7] are selected on object 'Object Repository/HealthpostToStore/Page_HealthPost Store/select_--Select--Adernaline 0.'

2018-05-22 11:35:55 - [MESSAGE][PASSED] - All options with index in [7] are selected on object 'Object Repository/HealthpostToStore/Page_HealthPost Store/select_--Select--Adernaline 0.'

2018-05-22 11:35:55 - [TEST_STEP][PASSED] - setText: Text '10' is set on object 'Object Repository/HealthpostToStore/Page_HealthPost Store/input_txttreat'

2018-05-22 11:35:56 - [MESSAGE][PASSED] - Text '10' is set on object 'Object Repository/HealthpostToStore/Page_HealthPost Store/input_txttreat'

2018-05-22 11:35:56 - [TEST_STEP][PASSED] - doubleClick: Object: 'Object Repository/HealthpostToStore/Page_HealthPost Store/button_Add' is double clicked on

2018-05-22 11:35:56 - [MESSAGE][PASSED] - Object: 'Object Repository/HealthpostToStore/Page_HealthPost Store/button_Add' is double clicked on

2018-05-22 11:35:56 - [TEST_STEP][PASSED] - selectOptionByIndex: All options with index in [3] are selected on object 'Object Repository/HealthpostToStore/Page_HealthPost Store/select_--Select--Schedule 1Inj'

2018-05-22 11:35:56 - [MESSAGE][PASSED] - All options with index in [3] are selected on object 'Object Repository/HealthpostToStore/Page_HealthPost Store/select_--Select--Schedule 1Inj'

2018-05-22 11:35:56 - [TEST_STEP][PASSED] - delay: Delayed 1 second(s)

2018-05-22 11:35:57 - [MESSAGE][PASSED] - Delayed 1 second(s)

2018-05-22 11:35:57 - [TEST_STEP][PASSED] - selectOptionByIndex: All options with index in [8] are selected on object 'Object Repository/HealthpostToStore/Page_HealthPost Store/select_--Select--Adernaline 0.'

2018-05-22 11:35:57 - [MESSAGE][PASSED] - All options with index in [8] are selected on object 'Object Repository/HealthpostToStore/Page_HealthPost Store/select_--Select--Adernaline 0.'

2018-05-22 11:35:57 - [TEST_STEP][PASSED] - setText: Text '10' is set on object 'Object Repository/HealthpostToStore/Page_HealthPost Store/input_txttreat'

2018-05-22 11:35:57 - [MESSAGE][PASSED] - Text '10' is set on object 'Object Repository/HealthpostToStore/Page_HealthPost Store/input_txttreat'

2018-05-22 11:35:57 - [TEST_STEP][PASSED] - doubleClick: Object: 'Object Repository/HealthpostToStore/Page_HealthPost Store/button_Add' is double clicked on

2018-05-22 11:35:57 - [MESSAGE][PASSED] - Object: 'Object Repository/HealthpostToStore/Page_HealthPost Store/button_Add' is double clicked on

2018-05-22 11:35:57 - [TEST_STEP][PASSED] - selectOptionByIndex: All options with index in [3] are selected on object 'Object Repository/HealthpostToStore/Page_HealthPost Store/select_--Select--Schedule 1Inj'

2018-05-22 11:35:57 - [MESSAGE][PASSED] - All options with index in [3] are selected on object 'Object Repository/HealthpostToStore/Page_HealthPost Store/select_--Select--Schedule 1Inj'

2018-05-22 11:35:57 - [TEST_STEP][PASSED] - delay: Delayed 1 second(s)

2018-05-22 11:35:58 - [MESSAGE][PASSED] - Delayed 1 second(s)

2018-05-22 11:35:58 - [TEST_STEP][PASSED] - selectOptionByIndex: All options with index in [9] are selected on object 'Object Repository/HealthpostToStore/Page_HealthPost Store/select_--Select--Adernaline 0.'

2018-05-22 11:35:59 - [MESSAGE][PASSED] - All options with index in [9] are selected on object 'Object Repository/HealthpostToStore/Page_HealthPost Store/select_--Select--Adernaline 0.'

2018-05-22 11:35:59 - [TEST_STEP][PASSED] - setText: Text '10' is set on object 'Object Repository/HealthpostToStore/Page_HealthPost Store/input_txttreat'

2018-05-22 11:35:59 - [MESSAGE][PASSED] - Text '10' is set on object 'Object Repository/HealthpostToStore/Page_HealthPost Store/input_txttreat'

2018-05-22 11:35:59 - [TEST_STEP][PASSED] - doubleClick: Object: 'Object Repository/HealthpostToStore/Page_HealthPost Store/button_Add' is double clicked on

2018-05-22 11:35:59 - [MESSAGE][PASSED] - Object: 'Object Repository/HealthpostToStore/Page_HealthPost Store/button_Add' is double clicked on

2018-05-22 11:35:59 - [TEST_STEP][PASSED] - selectOptionByIndex: All options with index in [3] are selected on object 'Object Repository/HealthpostToStore/Page_HealthPost Store/select_--Select--Schedule 1Inj'

2018-05-22 11:35:59 - [MESSAGE][PASSED] - All options with index in [3] are selected on object 'Object Repository/HealthpostToStore/Page_HealthPost Store/select_--Select--Schedule 1Inj'

2018-05-22 11:35:59 - [TEST_STEP][PASSED] - delay: Delayed 1 second(s)

2018-05-22 11:36:00 - [MESSAGE][PASSED] - Delayed 1 second(s)

2018-05-22 11:36:00 - [TEST_STEP][PASSED] - selectOptionByIndex: All options with index in [10] are selected on object 'Object Repository/HealthpostToStore/Page_HealthPost Store/select_--Select--Adernaline 0.'

2018-05-22 11:36:00 - [MESSAGE][PASSED] - All options with index in [10] are selected on object 'Object Repository/HealthpostToStore/Page_HealthPost Store/select_--Select--Adernaline 0.'

2018-05-22 11:36:00 - [TEST_STEP][PASSED] - setText: Text '10' is set on object 'Object Repository/HealthpostToStore/Page_HealthPost Store/input_txttreat'

2018-05-22 11:36:00 - [MESSAGE][PASSED] - Text '10' is set on object 'Object Repository/HealthpostToStore/Page_HealthPost Store/input_txttreat'

2018-05-22 11:36:00 - [TEST_STEP][PASSED] - doubleClick: Object: 'Object Repository/HealthpostToStore/Page_HealthPost Store/button_Add' is double clicked on

2018-05-22 11:36:01 - [MESSAGE][PASSED] - Object: 'Object Repository/HealthpostToStore/Page_HealthPost Store/button_Add' is double clicked on

2018-05-22 11:36:01 - [TEST_STEP][PASSED] - selectOptionByIndex: All options with index in [3] are selected on object 'Object Repository/HealthpostToStore/Page_HealthPost Store/select_--Select--Schedule 1Inj'

2018-05-22 11:36:01 - [MESSAGE][PASSED] - All options with index in [3] are selected on object 'Object Repository/HealthpostToStore/Page_HealthPost Store/select_--Select--Schedule 1Inj'

2018-05-22 11:36:01 - [TEST_STEP][PASSED] - delay: Delayed 1 second(s)

2018-05-22 11:36:02 - [MESSAGE][PASSED] - Delayed 1 second(s)

2018-05-22 11:36:02 - [TEST_STEP][PASSED] - selectOptionByIndex: All options with index in [11] are selected on object 'Object Repository/HealthpostToStore/Page_HealthPost Store/select_--Select--Adernaline 0.'

2018-05-22 11:36:02 - [MESSAGE][PASSED] - All options with index in [11] are selected on object 'Object Repository/HealthpostToStore/Page_HealthPost Store/select_--Select--Adernaline 0.'

2018-05-22 11:36:02 - [TEST_STEP][PASSED] - setText: Text '10' is set on object 'Object Repository/HealthpostToStore/Page_HealthPost Store/input_txttreat'

2018-05-22 11:36:02 - [MESSAGE][PASSED] - Text '10' is set on object 'Object Repository/HealthpostToStore/Page_HealthPost Store/input_txttreat'

2018-05-22 11:36:02 - [TEST_STEP][PASSED] - doubleClick: Object: 'Object Repository/HealthpostToStore/Page_HealthPost Store/button_Add' is double clicked on

2018-05-22 11:36:02 - [MESSAGE][PASSED] - Object: 'Object Repository/HealthpostToStore/Page_HealthPost Store/button_Add' is double clicked on

2018-05-22 11:36:02 - [TEST_STEP][PASSED] - selectOptionByIndex: All options with index in [3] are selected on object 'Object Repository/HealthpostToStore/Page_HealthPost Store/select_--Select--Schedule 1Inj'

2018-05-22 11:36:02 - [MESSAGE][PASSED] - All options with index in [3] are selected on object 'Object Repository/HealthpostToStore/Page_HealthPost Store/select_--Select--Schedule 1Inj'

2018-05-22 11:36:02 - [TEST_STEP][PASSED] - delay: Delayed 1 second(s)

2018-05-22 11:36:03 - [MESSAGE][PASSED] - Delayed 1 second(s)

2018-05-22 11:36:03 - [TEST_STEP][PASSED] - selectOptionByIndex: All options with index in [12] are selected on object 'Object Repository/HealthpostToStore/Page_HealthPost Store/select_--Select--Adernaline 0.'

2018-05-22 11:36:04 - [MESSAGE][PASSED] - All options with index in [12] are selected on object 'Object Repository/HealthpostToStore/Page_HealthPost Store/select_--Select--Adernaline 0.'

2018-05-22 11:36:04 - [TEST_STEP][PASSED] - setText: Text '10' is set on object 'Object Repository/HealthpostToStore/Page_HealthPost Store/input_txttreat'

2018-05-22 11:36:04 - [MESSAGE][PASSED] - Text '10' is set on object 'Object Repository/HealthpostToStore/Page_HealthPost Store/input_txttreat'

2018-05-22 11:36:04 - [TEST_STEP][PASSED] - doubleClick: Object: 'Object Repository/HealthpostToStore/Page_HealthPost Store/button_Add' is double clicked on

2018-05-22 11:36:04 - [MESSAGE][PASSED] - Object: 'Object Repository/HealthpostToStore/Page_HealthPost Store/button_Add' is double clicked on

2018-05-22 11:36:04 - [TEST_STEP][PASSED] - selectOptionByIndex: All options with index in [3] are selected on object 'Object Repository/HealthpostToStore/Page_HealthPost Store/select_--Select--Schedule 1Inj'

2018-05-22 11:36:04 - [MESSAGE][PASSED] - All options with index in [3] are selected on object 'Object Repository/HealthpostToStore/Page_HealthPost Store/select_--Select--Schedule 1Inj'

2018-05-22 11:36:04 - [TEST_STEP][PASSED] - delay: Delayed 1 second(s)

2018-05-22 11:36:05 - [MESSAGE][PASSED] - Delayed 1 second(s)

2018-05-22 11:36:05 - [TEST_STEP][PASSED] - selectOptionByIndex: All options with index in [13] are selected on object 'Object Repository/HealthpostToStore/Page_HealthPost Store/select_--Select--Adernaline 0.'

2018-05-22 11:36:05 - [MESSAGE][PASSED] - All options with index in [13] are selected on object 'Object Repository/HealthpostToStore/Page_HealthPost Store/select_--Select--Adernaline 0.'

2018-05-22 11:36:05 - [TEST_STEP][PASSED] - setText: Text '10' is set on object 'Object Repository/HealthpostToStore/Page_HealthPost Store/input_txttreat'

2018-05-22 11:36:05 - [MESSAGE][PASSED] - Text '10' is set on object 'Object Repository/HealthpostToStore/Page_HealthPost Store/input_txttreat'

2018-05-22 11:36:05 - [TEST_STEP][PASSED] - doubleClick: Object: 'Object Repository/HealthpostToStore/Page_HealthPost Store/button_Add' is double clicked on

2018-05-22 11:36:05 - [MESSAGE][PASSED] - Object: 'Object Repository/HealthpostToStore/Page_HealthPost Store/button_Add' is double clicked on

2018-05-22 11:36:05 - [TEST_STEP][PASSED] - selectOptionByIndex: All options with index in [3] are selected on object 'Object Repository/HealthpostToStore/Page_HealthPost Store/select_--Select--Schedule 1Inj'

2018-05-22 11:36:06 - [MESSAGE][PASSED] - All options with index in [3] are selected on object 'Object Repository/HealthpostToStore/Page_HealthPost Store/select_--Select--Schedule 1Inj'

2018-05-22 11:36:06 - [TEST_STEP][PASSED] - delay: Delayed 1 second(s)

2018-05-22 11:36:07 - [MESSAGE][PASSED] - Delayed 1 second(s)

2018-05-22 11:36:07 - [TEST_STEP][PASSED] - selectOptionByIndex: All options with index in [14] are selected on object 'Object Repository/HealthpostToStore/Page_HealthPost Store/select_--Select--Adernaline 0.'

2018-05-22 11:36:07 - [MESSAGE][PASSED] - All options with index in [14] are selected on object 'Object Repository/HealthpostToStore/Page_HealthPost Store/select_--Select--Adernaline 0.'

2018-05-22 11:36:07 - [TEST_STEP][PASSED] - setText: Text '10' is set on object 'Object Repository/HealthpostToStore/Page_HealthPost Store/input_txttreat'

2018-05-22 11:36:07 - [MESSAGE][PASSED] - Text '10' is set on object 'Object Repository/HealthpostToStore/Page_HealthPost Store/input_txttreat'

2018-05-22 11:36:07 - [TEST_STEP][PASSED] - doubleClick: Object: 'Object Repository/HealthpostToStore/Page_HealthPost Store/button_Add' is double clicked on

2018-05-22 11:36:07 - [MESSAGE][PASSED] - Object: 'Object Repository/HealthpostToStore/Page_HealthPost Store/button_Add' is double clicked on

2018-05-22 11:36:07 - [TEST_STEP][PASSED] - selectOptionByIndex: All options with index in [3] are selected on object 'Object Repository/HealthpostToStore/Page_HealthPost Store/select_--Select--Schedule 1Inj'

2018-05-22 11:36:07 - [MESSAGE][PASSED] - All options with index in [3] are selected on object 'Object Repository/HealthpostToStore/Page_HealthPost Store/select_--Select--Schedule 1Inj'

2018-05-22 11:36:07 - [TEST_STEP][PASSED] - delay: Delayed 1 second(s)

2018-05-22 11:36:08 - [MESSAGE][PASSED] - Delayed 1 second(s)

2018-05-22 11:36:08 - [TEST_STEP][PASSED] - selectOptionByIndex: All options with index in [15] are selected on object 'Object Repository/HealthpostToStore/Page_HealthPost Store/select_--Select--Adernaline 0.'

2018-05-22 11:36:09 - [MESSAGE][PASSED] - All options with index in [15] are selected on object 'Object Repository/HealthpostToStore/Page_HealthPost Store/select_--Select--Adernaline 0.'

2018-05-22 11:36:09 - [TEST_STEP][PASSED] - setText: Text '10' is set on object 'Object Repository/HealthpostToStore/Page_HealthPost Store/input_txttreat'

2018-05-22 11:36:09 - [MESSAGE][PASSED] - Text '10' is set on object 'Object Repository/HealthpostToStore/Page_HealthPost Store/input_txttreat'

2018-05-22 11:36:09 - [TEST_STEP][PASSED] - doubleClick: Object: 'Object Repository/HealthpostToStore/Page_HealthPost Store/button_Add' is double clicked on

2018-05-22 11:36:09 - [MESSAGE][PASSED] - Object: 'Object Repository/HealthpostToStore/Page_HealthPost Store/button_Add' is double clicked on

2018-05-22 11:36:09 - [TEST_STEP][PASSED] - selectOptionByIndex: All options with index in [3] are selected on object 'Object Repository/HealthpostToStore/Page_HealthPost Store/select_--Select--Schedule 1Inj'

2018-05-22 11:36:09 - [MESSAGE][PASSED] - All options with index in [3] are selected on object 'Object Repository/HealthpostToStore/Page_HealthPost Store/select_--Select--Schedule 1Inj'

2018-05-22 11:36:09 - [TEST_STEP][PASSED] - delay: Delayed 1 second(s)

2018-05-22 11:36:10 - [MESSAGE][PASSED] - Delayed 1 second(s)

2018-05-22 11:36:10 - [TEST_STEP][PASSED] - selectOptionByIndex: All options with index in [16] are selected on object 'Object Repository/HealthpostToStore/Page_HealthPost Store/select_--Select--Adernaline 0.'

2018-05-22 11:36:10 - [MESSAGE][PASSED] - All options with index in [16] are selected on object 'Object Repository/HealthpostToStore/Page_HealthPost Store/select_--Select--Adernaline 0.'

2018-05-22 11:36:10 - [TEST_STEP][PASSED] - setText: Text '10' is set on object 'Object Repository/HealthpostToStore/Page_HealthPost Store/input_txttreat'

2018-05-22 11:36:10 - [MESSAGE][PASSED] - Text '10' is set on object 'Object Repository/HealthpostToStore/Page_HealthPost Store/input_txttreat'

2018-05-22 11:36:10 - [TEST_STEP][PASSED] - doubleClick: Object: 'Object Repository/HealthpostToStore/Page_HealthPost Store/button_Add' is double clicked on

2018-05-22 11:36:10 - [MESSAGE][PASSED] - Object: 'Object Repository/HealthpostToStore/Page_HealthPost Store/button_Add' is double clicked on

2018-05-22 11:36:10 - [TEST_STEP][PASSED] - selectOptionByIndex: All options with index in [3] are selected on object 'Object Repository/HealthpostToStore/Page_HealthPost Store/select_--Select--Schedule 1Inj'

2018-05-22 11:36:11 - [MESSAGE][PASSED] - All options with index in [3] are selected on object 'Object Repository/HealthpostToStore/Page_HealthPost Store/select_--Select--Schedule 1Inj'

2018-05-22 11:36:11 - [TEST_STEP][PASSED] - delay: Delayed 1 second(s)

2018-05-22 11:36:12 - [MESSAGE][PASSED] - Delayed 1 second(s)

2018-05-22 11:36:12 - [TEST_STEP][PASSED] - selectOptionByIndex: All options with index in [17] are selected on object 'Object Repository/HealthpostToStore/Page_HealthPost Store/select_--Select--Adernaline 0.'

2018-05-22 11:36:12 - [MESSAGE][PASSED] - All options with index in [17] are selected on object 'Object Repository/HealthpostToStore/Page_HealthPost Store/select_--Select--Adernaline 0.'

2018-05-22 11:36:12 - [TEST_STEP][PASSED] - setText: Text '10' is set on object 'Object Repository/HealthpostToStore/Page_HealthPost Store/input_txttreat'

2018-05-22 11:36:12 - [MESSAGE][PASSED] - Text '10' is set on object 'Object Repository/HealthpostToStore/Page_HealthPost Store/input_txttreat'

2018-05-22 11:36:12 - [TEST_STEP][PASSED] - doubleClick: Object: 'Object Repository/HealthpostToStore/Page_HealthPost Store/button_Add' is double clicked on

2018-05-22 11:36:12 - [MESSAGE][PASSED] - Object: 'Object Repository/HealthpostToStore/Page_HealthPost Store/button_Add' is double clicked on

2018-05-22 11:36:12 - [TEST_STEP][PASSED] - selectOptionByIndex: All options with index in [3] are selected on object 'Object Repository/HealthpostToStore/Page_HealthPost Store/select_--Select--Schedule 1Inj'

2018-05-22 11:36:12 - [MESSAGE][PASSED] - All options with index in [3] are selected on object 'Object Repository/HealthpostToStore/Page_HealthPost Store/select_--Select--Schedule 1Inj'

2018-05-22 11:36:12 - [TEST_STEP][PASSED] - delay: Delayed 1 second(s)

2018-05-22 11:36:13 - [MESSAGE][PASSED] - Delayed 1 second(s)

2018-05-22 11:36:13 - [TEST_STEP][PASSED] - selectOptionByIndex: All options with index in [18] are selected on object 'Object Repository/HealthpostToStore/Page_HealthPost Store/select_--Select--Adernaline 0.'

2018-05-22 11:36:14 - [MESSAGE][PASSED] - All options with index in [18] are selected on object 'Object Repository/HealthpostToStore/Page_HealthPost Store/select_--Select--Adernaline 0.'

2018-05-22 11:36:14 - [TEST_STEP][PASSED] - setText: Text '10' is set on object 'Object Repository/HealthpostToStore/Page_HealthPost Store/input_txttreat'

2018-05-22 11:36:14 - [MESSAGE][PASSED] - Text '10' is set on object 'Object Repository/HealthpostToStore/Page_HealthPost Store/input_txttreat'

2018-05-22 11:36:14 - [TEST_STEP][PASSED] - doubleClick: Object: 'Object Repository/HealthpostToStore/Page_HealthPost Store/button_Add' is double clicked on

2018-05-22 11:36:14 - [MESSAGE][PASSED] - Object: 'Object Repository/HealthpostToStore/Page_HealthPost Store/button_Add' is double clicked on

2018-05-22 11:36:14 - [TEST_STEP][PASSED] - selectOptionByIndex: All options with index in [3] are selected on object 'Object Repository/HealthpostToStore/Page_HealthPost Store/select_--Select--Schedule 1Inj'

2018-05-22 11:36:14 - [MESSAGE][PASSED] - All options with index in [3] are selected on object 'Object Repository/HealthpostToStore/Page_HealthPost Store/select_--Select--Schedule 1Inj'

2018-05-22 11:36:14 - [TEST_STEP][PASSED] - delay: Delayed 1 second(s)

2018-05-22 11:36:15 - [MESSAGE][PASSED] - Delayed 1 second(s)

2018-05-22 11:36:15 - [TEST_STEP][PASSED] - selectOptionByIndex: All options with index in [19] are selected on object 'Object Repository/HealthpostToStore/Page_HealthPost Store/select_--Select--Adernaline 0.'

2018-05-22 11:36:15 - [MESSAGE][PASSED] - All options with index in [19] are selected on object 'Object Repository/HealthpostToStore/Page_HealthPost Store/select_--Select--Adernaline 0.'

2018-05-22 11:36:15 - [TEST_STEP][PASSED] - setText: Text '10' is set on object 'Object Repository/HealthpostToStore/Page_HealthPost Store/input_txttreat'

2018-05-22 11:36:15 - [MESSAGE][PASSED] - Text '10' is set on object 'Object Repository/HealthpostToStore/Page_HealthPost Store/input_txttreat'

2018-05-22 11:36:15 - [TEST_STEP][PASSED] - doubleClick: Object: 'Object Repository/HealthpostToStore/Page_HealthPost Store/button_Add' is double clicked on

2018-05-22 11:36:15 - [MESSAGE][PASSED] - Object: 'Object Repository/HealthpostToStore/Page_HealthPost Store/button_Add' is double clicked on

2018-05-22 11:36:15 - [TEST_STEP][PASSED] - selectOptionByIndex: All options with index in [3] are selected on object 'Object Repository/HealthpostToStore/Page_HealthPost Store/select_--Select--Schedule 1Inj'

2018-05-22 11:36:16 - [MESSAGE][PASSED] - All options with index in [3] are selected on object 'Object Repository/HealthpostToStore/Page_HealthPost Store/select_--Select--Schedule 1Inj'

2018-05-22 11:36:16 - [TEST_STEP][PASSED] - delay: Delayed 1 second(s)

2018-05-22 11:36:17 - [MESSAGE][PASSED] - Delayed 1 second(s)

2018-05-22 11:36:17 - [TEST_STEP][PASSED] - selectOptionByIndex: All options with index in [20] are selected on object 'Object Repository/HealthpostToStore/Page_HealthPost Store/select_--Select--Adernaline 0.'

2018-05-22 11:36:17 - [MESSAGE][PASSED] - All options with index in [20] are selected on object 'Object Repository/HealthpostToStore/Page_HealthPost Store/select_--Select--Adernaline 0.'

2018-05-22 11:36:17 - [TEST_STEP][PASSED] - setText: Text '10' is set on object 'Object Repository/HealthpostToStore/Page_HealthPost Store/input_txttreat'

2018-05-22 11:36:17 - [MESSAGE][PASSED] - Text '10' is set on object 'Object Repository/HealthpostToStore/Page_HealthPost Store/input_txttreat'

2018-05-22 11:36:17 - [TEST_STEP][PASSED] - doubleClick: Object: 'Object Repository/HealthpostToStore/Page_HealthPost Store/button_Add' is double clicked on

2018-05-22 11:36:17 - [MESSAGE][PASSED] - Object: 'Object Repository/HealthpostToStore/Page_HealthPost Store/button_Add' is double clicked on

2018-05-22 11:36:17 - [TEST_STEP][PASSED] - selectOptionByIndex: All options with index in [3] are selected on object 'Object Repository/HealthpostToStore/Page_HealthPost Store/select_--Select--Schedule 1Inj'

2018-05-22 11:36:17 - [MESSAGE][PASSED] - All options with index in [3] are selected on object 'Object Repository/HealthpostToStore/Page_HealthPost Store/select_--Select--Schedule 1Inj'

2018-05-22 11:36:17 - [TEST_STEP][PASSED] - delay: Delayed 1 second(s)

2018-05-22 11:36:18 - [MESSAGE][PASSED] - Delayed 1 second(s)

2018-05-22 11:36:18 - [TEST_STEP][PASSED] - selectOptionByIndex: All options with index in [21] are selected on object 'Object Repository/HealthpostToStore/Page_HealthPost Store/select_--Select--Adernaline 0.'

2018-05-22 11:36:19 - [MESSAGE][PASSED] - All options with index in [21] are selected on object 'Object Repository/HealthpostToStore/Page_HealthPost Store/select_--Select--Adernaline 0.'

2018-05-22 11:36:19 - [TEST_STEP][PASSED] - setText: Text '10' is set on object 'Object Repository/HealthpostToStore/Page_HealthPost Store/input_txttreat'

2018-05-22 11:36:19 - [MESSAGE][PASSED] - Text '10' is set on object 'Object Repository/HealthpostToStore/Page_HealthPost Store/input_txttreat'

2018-05-22 11:36:19 - [TEST_STEP][PASSED] - doubleClick: Object: 'Object Repository/HealthpostToStore/Page_HealthPost Store/button_Add' is double clicked on

2018-05-22 11:36:19 - [MESSAGE][PASSED] - Object: 'Object Repository/HealthpostToStore/Page_HealthPost Store/button_Add' is double clicked on

2018-05-22 11:36:19 - [TEST_STEP][PASSED] - selectOptionByIndex: All options with index in [3] are selected on object 'Object Repository/HealthpostToStore/Page_HealthPost Store/select_--Select--Schedule 1Inj'

2018-05-22 11:36:19 - [MESSAGE][PASSED] - All options with index in [3] are selected on object 'Object Repository/HealthpostToStore/Page_HealthPost Store/select_--Select--Schedule 1Inj'

2018-05-22 11:36:19 - [TEST_STEP][PASSED] - delay: Delayed 1 second(s)

2018-05-22 11:36:20 - [MESSAGE][PASSED] - Delayed 1 second(s)

2018-05-22 11:36:20 - [TEST_STEP][PASSED] - selectOptionByIndex: All options with index in [22] are selected on object 'Object Repository/HealthpostToStore/Page_HealthPost Store/select_--Select--Adernaline 0.'

2018-05-22 11:36:20 - [MESSAGE][PASSED] - All options with index in [22] are selected on object 'Object Repository/HealthpostToStore/Page_HealthPost Store/select_--Select--Adernaline 0.'

2018-05-22 11:36:20 - [TEST_STEP][PASSED] - setText: Text '10' is set on object 'Object Repository/HealthpostToStore/Page_HealthPost Store/input_txttreat'

2018-05-22 11:36:20 - [MESSAGE][PASSED] - Text '10' is set on object 'Object Repository/HealthpostToStore/Page_HealthPost Store/input_txttreat'

2018-05-22 11:36:20 - [TEST_STEP][PASSED] - doubleClick: Object: 'Object Repository/HealthpostToStore/Page_HealthPost Store/button_Add' is double clicked on

2018-05-22 11:36:21 - [MESSAGE][PASSED] - Object: 'Object Repository/HealthpostToStore/Page_HealthPost Store/button_Add' is double clicked on

2018-05-22 11:36:21 - [TEST_STEP][PASSED] - selectOptionByIndex: All options with index in [3] are selected on object 'Object Repository/HealthpostToStore/Page_HealthPost Store/select_--Select--Schedule 1Inj'

2018-05-22 11:36:21 - [MESSAGE][PASSED] - All options with index in [3] are selected on object 'Object Repository/HealthpostToStore/Page_HealthPost Store/select_--Select--Schedule 1Inj'

2018-05-22 11:36:21 - [TEST_STEP][PASSED] - delay: Delayed 1 second(s)

2018-05-22 11:36:22 - [MESSAGE][PASSED] - Delayed 1 second(s)

2018-05-22 11:36:22 - [TEST_STEP][PASSED] - selectOptionByIndex: All options with index in [23] are selected on object 'Object Repository/HealthpostToStore/Page_HealthPost Store/select_--Select--Adernaline 0.'

2018-05-22 11:36:22 - [MESSAGE][PASSED] - All options with index in [23] are selected on object 'Object Repository/HealthpostToStore/Page_HealthPost Store/select_--Select--Adernaline 0.'

2018-05-22 11:36:22 - [TEST_STEP][PASSED] - setText: Text '10' is set on object 'Object Repository/HealthpostToStore/Page_HealthPost Store/input_txttreat'

2018-05-22 11:36:22 - [MESSAGE][PASSED] - Text '10' is set on object 'Object Repository/HealthpostToStore/Page_HealthPost Store/input_txttreat'

2018-05-22 11:36:22 - [TEST_STEP][PASSED] - doubleClick: Object: 'Object Repository/HealthpostToStore/Page_HealthPost Store/button_Add' is double clicked on

2018-05-22 11:36:22 - [MESSAGE][PASSED] - Object: 'Object Repository/HealthpostToStore/Page_HealthPost Store/button_Add' is double clicked on

2018-05-22 11:36:22 - [TEST_STEP][PASSED] - selectOptionByIndex: All options with index in [3] are selected on object 'Object Repository/HealthpostToStore/Page_HealthPost Store/select_--Select--Schedule 1Inj'

2018-05-22 11:36:22 - [MESSAGE][PASSED] - All options with index in [3] are selected on object 'Object Repository/HealthpostToStore/Page_HealthPost Store/select_--Select--Schedule 1Inj'

2018-05-22 11:36:22 - [TEST_STEP][PASSED] - delay: Delayed 1 second(s)

2018-05-22 11:36:23 - [MESSAGE][PASSED] - Delayed 1 second(s)

2018-05-22 11:36:23 - [TEST_STEP][PASSED] - selectOptionByIndex: All options with index in [24] are selected on object 'Object Repository/HealthpostToStore/Page_HealthPost Store/select_--Select--Adernaline 0.'

2018-05-22 11:36:24 - [MESSAGE][PASSED] - All options with index in [24] are selected on object 'Object Repository/HealthpostToStore/Page_HealthPost Store/select_--Select--Adernaline 0.'

2018-05-22 11:36:24 - [TEST_STEP][PASSED] - setText: Text '10' is set on object 'Object Repository/HealthpostToStore/Page_HealthPost Store/input_txttreat'

2018-05-22 11:36:24 - [MESSAGE][PASSED] - Text '10' is set on object 'Object Repository/HealthpostToStore/Page_HealthPost Store/input_txttreat'

2018-05-22 11:36:24 - [TEST_STEP][PASSED] - doubleClick: Object: 'Object Repository/HealthpostToStore/Page_HealthPost Store/button_Add' is double clicked on

2018-05-22 11:36:24 - [MESSAGE][PASSED] - Object: 'Object Repository/HealthpostToStore/Page_HealthPost Store/button_Add' is double clicked on

2018-05-22 11:36:24 - [TEST_STEP][PASSED] - selectOptionByIndex: All options with index in [3] are selected on object 'Object Repository/HealthpostToStore/Page_HealthPost Store/select_--Select--Schedule 1Inj'

2018-05-22 11:36:24 - [MESSAGE][PASSED] - All options with index in [3] are selected on object 'Object Repository/HealthpostToStore/Page_HealthPost Store/select_--Select--Schedule 1Inj'

2018-05-22 11:36:24 - [TEST_STEP][PASSED] - delay: Delayed 1 second(s)

2018-05-22 11:36:25 - [MESSAGE][PASSED] - Delayed 1 second(s)

2018-05-22 11:36:25 - [TEST_STEP][PASSED] - selectOptionByIndex: All options with index in [25] are selected on object 'Object Repository/HealthpostToStore/Page_HealthPost Store/select_--Select--Adernaline 0.'

2018-05-22 11:36:26 - [MESSAGE][PASSED] - All options with index in [25] are selected on object 'Object Repository/HealthpostToStore/Page_HealthPost Store/select_--Select--Adernaline 0.'

2018-05-22 11:36:26 - [TEST_STEP][PASSED] - setText: Text '10' is set on object 'Object Repository/HealthpostToStore/Page_HealthPost Store/input_txttreat'

2018-05-22 11:36:26 - [MESSAGE][PASSED] - Text '10' is set on object 'Object Repository/HealthpostToStore/Page_HealthPost Store/input_txttreat'

2018-05-22 11:36:26 - [TEST_STEP][PASSED] - doubleClick: Object: 'Object Repository/HealthpostToStore/Page_HealthPost Store/button_Add' is double clicked on

2018-05-22 11:36:26 - [MESSAGE][PASSED] - Object: 'Object Repository/HealthpostToStore/Page_HealthPost Store/button_Add' is double clicked on

2018-05-22 11:36:26 - [TEST_STEP][PASSED] - selectOptionByIndex: All options with index in [3] are selected on object 'Object Repository/HealthpostToStore/Page_HealthPost Store/select_--Select--Schedule 1Inj'

2018-05-22 11:36:26 - [MESSAGE][PASSED] - All options with index in [3] are selected on object 'Object Repository/HealthpostToStore/Page_HealthPost Store/select_--Select--Schedule 1Inj'

2018-05-22 11:36:26 - [TEST_STEP][PASSED] - delay: Delayed 1 second(s)

2018-05-22 11:36:27 - [MESSAGE][PASSED] - Delayed 1 second(s)

2018-05-22 11:36:27 - [TEST_STEP][PASSED] - selectOptionByIndex: All options with index in [26] are selected on object 'Object Repository/HealthpostToStore/Page_HealthPost Store/select_--Select--Adernaline 0.'

2018-05-22 11:36:27 - [MESSAGE][PASSED] - All options with index in [26] are selected on object 'Object Repository/HealthpostToStore/Page_HealthPost Store/select_--Select--Adernaline 0.'

2018-05-22 11:36:27 - [TEST_STEP][PASSED] - setText: Text '10' is set on object 'Object Repository/HealthpostToStore/Page_HealthPost Store/input_txttreat'

2018-05-22 11:36:27 - [MESSAGE][PASSED] - Text '10' is set on object 'Object Repository/HealthpostToStore/Page_HealthPost Store/input_txttreat'

2018-05-22 11:36:27 - [TEST_STEP][PASSED] - doubleClick: Object: 'Object Repository/HealthpostToStore/Page_HealthPost Store/button_Add' is double clicked on

2018-05-22 11:36:28 - [MESSAGE][PASSED] - Object: 'Object Repository/HealthpostToStore/Page_HealthPost Store/button_Add' is double clicked on

2018-05-22 11:36:28 - [TEST_STEP][PASSED] - selectOptionByIndex: All options with index in [3] are selected on object 'Object Repository/HealthpostToStore/Page_HealthPost Store/select_--Select--Schedule 1Inj'

2018-05-22 11:36:28 - [MESSAGE][PASSED] - All options with index in [3] are selected on object 'Object Repository/HealthpostToStore/Page_HealthPost Store/select_--Select--Schedule 1Inj'

2018-05-22 11:36:28 - [TEST_STEP][PASSED] - delay: Delayed 1 second(s)

2018-05-22 11:36:29 - [MESSAGE][PASSED] - Delayed 1 second(s)

2018-05-22 11:36:29 - [TEST_STEP][PASSED] - selectOptionByIndex: All options with index in [27] are selected on object 'Object Repository/HealthpostToStore/Page_HealthPost Store/select_--Select--Adernaline 0.'

2018-05-22 11:36:29 - [MESSAGE][PASSED] - All options with index in [27] are selected on object 'Object Repository/HealthpostToStore/Page_HealthPost Store/select_--Select--Adernaline 0.'

2018-05-22 11:36:29 - [TEST_STEP][PASSED] - setText: Text '10' is set on object 'Object Repository/HealthpostToStore/Page_HealthPost Store/input_txttreat'

2018-05-22 11:36:29 - [MESSAGE][PASSED] - Text '10' is set on object 'Object Repository/HealthpostToStore/Page_HealthPost Store/input_txttreat'

2018-05-22 11:36:29 - [TEST_STEP][PASSED] - doubleClick: Object: 'Object Repository/HealthpostToStore/Page_HealthPost Store/button_Add' is double clicked on

2018-05-22 11:36:29 - [MESSAGE][PASSED] - Object: 'Object Repository/HealthpostToStore/Page_HealthPost Store/button_Add' is double clicked on

2018-05-22 11:36:29 - [TEST_STEP][PASSED] - selectOptionByIndex: All options with index in [3] are selected on object 'Object Repository/HealthpostToStore/Page_HealthPost Store/select_--Select--Schedule 1Inj'

2018-05-22 11:36:30 - [MESSAGE][PASSED] - All options with index in [3] are selected on object 'Object Repository/HealthpostToStore/Page_HealthPost Store/select_--Select--Schedule 1Inj'

2018-05-22 11:36:30 - [TEST_STEP][PASSED] - delay: Delayed 1 second(s)

2018-05-22 11:36:31 - [MESSAGE][PASSED] - Delayed 1 second(s)

2018-05-22 11:36:31 - [TEST_STEP][PASSED] - selectOptionByIndex: All options with index in [28] are selected on object 'Object Repository/HealthpostToStore/Page_HealthPost Store/select_--Select--Adernaline 0.'

2018-05-22 11:36:31 - [MESSAGE][PASSED] - All options with index in [28] are selected on object 'Object Repository/HealthpostToStore/Page_HealthPost Store/select_--Select--Adernaline 0.'

2018-05-22 11:36:31 - [TEST_STEP][PASSED] - setText: Text '10' is set on object 'Object Repository/HealthpostToStore/Page_HealthPost Store/input_txttreat'

2018-05-22 11:36:31 - [MESSAGE][PASSED] - Text '10' is set on object 'Object Repository/HealthpostToStore/Page_HealthPost Store/input_txttreat'

2018-05-22 11:36:31 - [TEST_STEP][PASSED] - doubleClick: Object: 'Object Repository/HealthpostToStore/Page_HealthPost Store/button_Add' is double clicked on

2018-05-22 11:36:31 - [MESSAGE][PASSED] - Object: 'Object Repository/HealthpostToStore/Page_HealthPost Store/button_Add' is double clicked on

2018-05-22 11:36:31 - [TEST_STEP][PASSED] - selectOptionByIndex: All options with index in [3] are selected on object 'Object Repository/HealthpostToStore/Page_HealthPost Store/select_--Select--Schedule 1Inj'

2018-05-22 11:36:31 - [MESSAGE][PASSED] - All options with index in [3] are selected on object 'Object Repository/HealthpostToStore/Page_HealthPost Store/select_--Select--Schedule 1Inj'

2018-05-22 11:36:31 - [TEST_STEP][PASSED] - delay: Delayed 1 second(s)

2018-05-22 11:36:32 - [MESSAGE][PASSED] - Delayed 1 second(s)

2018-05-22 11:36:32 - [TEST_STEP][PASSED] - selectOptionByIndex: All options with index in [29] are selected on object 'Object Repository/HealthpostToStore/Page_HealthPost Store/select_--Select--Adernaline 0.'

2018-05-22 11:36:33 - [MESSAGE][PASSED] - All options with index in [29] are selected on object 'Object Repository/HealthpostToStore/Page_HealthPost Store/select_--Select--Adernaline 0.'

2018-05-22 11:36:33 - [TEST_STEP][PASSED] - setText: Text '10' is set on object 'Object Repository/HealthpostToStore/Page_HealthPost Store/input_txttreat'

2018-05-22 11:36:33 - [MESSAGE][PASSED] - Text '10' is set on object 'Object Repository/HealthpostToStore/Page_HealthPost Store/input_txttreat'

2018-05-22 11:36:33 - [TEST_STEP][PASSED] - doubleClick: Object: 'Object Repository/HealthpostToStore/Page_HealthPost Store/button_Add' is double clicked on

2018-05-22 11:36:33 - [MESSAGE][PASSED] - Object: 'Object Repository/HealthpostToStore/Page_HealthPost Store/button_Add' is double clicked on

2018-05-22 11:36:33 - [TEST_STEP][PASSED] - selectOptionByIndex: All options with index in [3] are selected on object 'Object Repository/HealthpostToStore/Page_HealthPost Store/select_--Select--Schedule 1Inj'

2018-05-22 11:36:33 - [MESSAGE][PASSED] - All options with index in [3] are selected on object 'Object Repository/HealthpostToStore/Page_HealthPost Store/select_--Select--Schedule 1Inj'

2018-05-22 11:36:33 - [TEST_STEP][PASSED] - delay: Delayed 1 second(s)

2018-05-22 11:36:34 - [MESSAGE][PASSED] - Delayed 1 second(s)

2018-05-22 11:36:34 - [TEST_STEP][PASSED] - selectOptionByIndex: All options with index in [30] are selected on object 'Object Repository/HealthpostToStore/Page_HealthPost Store/select_--Select--Adernaline 0.'

2018-05-22 11:36:34 - [MESSAGE][PASSED] - All options with index in [30] are selected on object 'Object Repository/HealthpostToStore/Page_HealthPost Store/select_--Select--Adernaline 0.'

2018-05-22 11:36:34 - [TEST_STEP][PASSED] - setText: Text '10' is set on object 'Object Repository/HealthpostToStore/Page_HealthPost Store/input_txttreat'

2018-05-22 11:36:34 - [MESSAGE][PASSED] - Text '10' is set on object 'Object Repository/HealthpostToStore/Page_HealthPost Store/input_txttreat'

2018-05-22 11:36:34 - [TEST_STEP][PASSED] - doubleClick: Object: 'Object Repository/HealthpostToStore/Page_HealthPost Store/button_Add' is double clicked on

2018-05-22 11:36:35 - [MESSAGE][PASSED] - Object: 'Object Repository/HealthpostToStore/Page_HealthPost Store/button_Add' is double clicked on

2018-05-22 11:36:35 - [TEST_STEP][PASSED] - selectOptionByIndex: All options with index in [3] are selected on object 'Object Repository/HealthpostToStore/Page_HealthPost Store/select_--Select--Schedule 1Inj'

2018-05-22 11:36:35 - [MESSAGE][PASSED] - All options with index in [3] are selected on object 'Object Repository/HealthpostToStore/Page_HealthPost Store/select_--Select--Schedule 1Inj'

2018-05-22 11:36:35 - [TEST_STEP][PASSED] - delay: Delayed 1 second(s)

2018-05-22 11:36:36 - [MESSAGE][PASSED] - Delayed 1 second(s)

2018-05-22 11:36:36 - [TEST_STEP][PASSED] - selectOptionByIndex: All options with index in [31] are selected on object 'Object Repository/HealthpostToStore/Page_HealthPost Store/select_--Select--Adernaline 0.'

2018-05-22 11:36:36 - [MESSAGE][PASSED] - All options with index in [31] are selected on object 'Object Repository/HealthpostToStore/Page_HealthPost Store/select_--Select--Adernaline 0.'

2018-05-22 11:36:36 - [TEST_STEP][PASSED] - setText: Text '10' is set on object 'Object Repository/HealthpostToStore/Page_HealthPost Store/input_txttreat'

2018-05-22 11:36:36 - [MESSAGE][PASSED] - Text '10' is set on object 'Object Repository/HealthpostToStore/Page_HealthPost Store/input_txttreat'

2018-05-22 11:36:36 - [TEST_STEP][PASSED] - doubleClick: Object: 'Object Repository/HealthpostToStore/Page_HealthPost Store/button_Add' is double clicked on

2018-05-22 11:36:36 - [MESSAGE][PASSED] - Object: 'Object Repository/HealthpostToStore/Page_HealthPost Store/button_Add' is double clicked on

2018-05-22 11:36:36 - [TEST_STEP][PASSED] - selectOptionByIndex: All options with index in [3] are selected on object 'Object Repository/HealthpostToStore/Page_HealthPost Store/select_--Select--Schedule 1Inj'

2018-05-22 11:36:37 - [MESSAGE][PASSED] - All options with index in [3] are selected on object 'Object Repository/HealthpostToStore/Page_HealthPost Store/select_--Select--Schedule 1Inj'

2018-05-22 11:36:37 - [TEST_STEP][PASSED] - delay: Delayed 1 second(s)

2018-05-22 11:36:38 - [MESSAGE][PASSED] - Delayed 1 second(s)

2018-05-22 11:36:38 - [TEST_STEP][PASSED] - selectOptionByIndex: All options with index in [32] are selected on object 'Object Repository/HealthpostToStore/Page_HealthPost Store/select_--Select--Adernaline 0.'

2018-05-22 11:36:38 - [MESSAGE][PASSED] - All options with index in [32] are selected on object 'Object Repository/HealthpostToStore/Page_HealthPost Store/select_--Select--Adernaline 0.'

2018-05-22 11:36:38 - [TEST_STEP][PASSED] - setText: Text '10' is set on object 'Object Repository/HealthpostToStore/Page_HealthPost Store/input_txttreat'

2018-05-22 11:36:38 - [MESSAGE][PASSED] - Text '10' is set on object 'Object Repository/HealthpostToStore/Page_HealthPost Store/input_txttreat'

2018-05-22 11:36:38 - [TEST_STEP][PASSED] - doubleClick: Object: 'Object Repository/HealthpostToStore/Page_HealthPost Store/button_Add' is double clicked on

2018-05-22 11:36:38 - [MESSAGE][PASSED] - Object: 'Object Repository/HealthpostToStore/Page_HealthPost Store/button_Add' is double clicked on

2018-05-22 11:36:38 - [TEST_STEP][PASSED] - selectOptionByIndex: All options with index in [3] are selected on object 'Object Repository/HealthpostToStore/Page_HealthPost Store/select_--Select--Schedule 1Inj'

2018-05-22 11:36:38 - [MESSAGE][PASSED] - All options with index in [3] are selected on object 'Object Repository/HealthpostToStore/Page_HealthPost Store/select_--Select--Schedule 1Inj'

2018-05-22 11:36:38 - [TEST_STEP][PASSED] - delay: Delayed 1 second(s)

2018-05-22 11:36:39 - [MESSAGE][PASSED] - Delayed 1 second(s)

2018-05-22 11:36:39 - [TEST_STEP][PASSED] - selectOptionByIndex: All options with index in [33] are selected on object 'Object Repository/HealthpostToStore/Page_HealthPost Store/select_--Select--Adernaline 0.'

2018-05-22 11:36:40 - [MESSAGE][PASSED] - All options with index in [33] are selected on object 'Object Repository/HealthpostToStore/Page_HealthPost Store/select_--Select--Adernaline 0.'

2018-05-22 11:36:40 - [TEST_STEP][PASSED] - setText: Text '10' is set on object 'Object Repository/HealthpostToStore/Page_HealthPost Store/input_txttreat'

2018-05-22 11:36:40 - [MESSAGE][PASSED] - Text '10' is set on object 'Object Repository/HealthpostToStore/Page_HealthPost Store/input_txttreat'

2018-05-22 11:36:40 - [TEST_STEP][PASSED] - doubleClick: Object: 'Object Repository/HealthpostToStore/Page_HealthPost Store/button_Add' is double clicked on

2018-05-22 11:36:40 - [MESSAGE][PASSED] - Object: 'Object Repository/HealthpostToStore/Page_HealthPost Store/button_Add' is double clicked on

2018-05-22 11:36:40 - [TEST_STEP][PASSED] - selectOptionByIndex: All options with index in [3] are selected on object 'Object Repository/HealthpostToStore/Page_HealthPost Store/select_--Select--Schedule 1Inj'

2018-05-22 11:36:40 - [MESSAGE][PASSED] - All options with index in [3] are selected on object 'Object Repository/HealthpostToStore/Page_HealthPost Store/select_--Select--Schedule 1Inj'

2018-05-22 11:36:40 - [TEST_STEP][PASSED] - delay: Delayed 1 second(s)

2018-05-22 11:36:41 - [MESSAGE][PASSED] - Delayed 1 second(s)

2018-05-22 11:36:41 - [TEST_STEP][PASSED] - selectOptionByIndex: All options with index in [34] are selected on object 'Object Repository/HealthpostToStore/Page_HealthPost Store/select_--Select--Adernaline 0.'

2018-05-22 11:36:42 - [MESSAGE][PASSED] - All options with index in [34] are selected on object 'Object Repository/HealthpostToStore/Page_HealthPost Store/select_--Select--Adernaline 0.'

2018-05-22 11:36:42 - [TEST_STEP][PASSED] - setText: Text '10' is set on object 'Object Repository/HealthpostToStore/Page_HealthPost Store/input_txttreat'

2018-05-22 11:36:42 - [MESSAGE][PASSED] - Text '10' is set on object 'Object Repository/HealthpostToStore/Page_HealthPost Store/input_txttreat'

2018-05-22 11:36:42 - [TEST_STEP][PASSED] - doubleClick: Object: 'Object Repository/HealthpostToStore/Page_HealthPost Store/button_Add' is double clicked on

2018-05-22 11:36:52 - [MESSAGE][PASSED] - Object: 'Object Repository/HealthpostToStore/Page_HealthPost Store/button_Add' is double clicked on

2018-05-22 11:36:52 - [TEST_STEP][PASSED] - selectOptionByIndex: All options with index in [3] are selected on object 'Object Repository/HealthpostToStore/Page_HealthPost Store/select_--Select--Schedule 1Inj'

2018-05-22 11:36:52 - [MESSAGE][PASSED] - All options with index in [3] are selected on object 'Object Repository/HealthpostToStore/Page_HealthPost Store/select_--Select--Schedule 1Inj'

2018-05-22 11:36:52 - [TEST_STEP][PASSED] - delay: Delayed 1 second(s)

2018-05-22 11:36:53 - [MESSAGE][PASSED] - Delayed 1 second(s)

2018-05-22 11:36:53 - [TEST_STEP][PASSED] - selectOptionByIndex: All options with index in [35] are selected on object 'Object Repository/HealthpostToStore/Page_HealthPost Store/select_--Select--Adernaline 0.'

2018-05-22 11:36:54 - [MESSAGE][PASSED] - All options with index in [35] are selected on object 'Object Repository/HealthpostToStore/Page_HealthPost Store/select_--Select--Adernaline 0.'

2018-05-22 11:36:54 - [TEST_STEP][PASSED] - setText: Text '10' is set on object 'Object Repository/HealthpostToStore/Page_HealthPost Store/input_txttreat'

2018-05-22 11:36:54 - [MESSAGE][PASSED] - Text '10' is set on object 'Object Repository/HealthpostToStore/Page_HealthPost Store/input_txttreat'

2018-05-22 11:36:54 - [TEST_STEP][PASSED] - doubleClick: Object: 'Object Repository/HealthpostToStore/Page_HealthPost Store/button_Add' is double clicked on

2018-05-22 11:37:04 - [MESSAGE][PASSED] - Object: 'Object Repository/HealthpostToStore/Page_HealthPost Store/button_Add' is double clicked on

2018-05-22 11:37:04 - [TEST_STEP][PASSED] - selectOptionByIndex: All options with index in [3] are selected on object 'Object Repository/HealthpostToStore/Page_HealthPost Store/select_--Select--Schedule 1Inj'

2018-05-22 11:37:04 - [MESSAGE][PASSED] - All options with index in [3] are selected on object 'Object Repository/HealthpostToStore/Page_HealthPost Store/select_--Select--Schedule 1Inj'

2018-05-22 11:37:04 - [TEST_STEP][PASSED] - delay: Delayed 1 second(s)

2018-05-22 11:37:05 - [MESSAGE][PASSED] - Delayed 1 second(s)

2018-05-22 11:37:05 - [TEST_STEP][PASSED] - selectOptionByIndex: All options with index in [36] are selected on object 'Object Repository/HealthpostToStore/Page_HealthPost Store/select_--Select--Adernaline 0.'

2018-05-22 11:37:05 - [MESSAGE][PASSED] - All options with index in [36] are selected on object 'Object Repository/HealthpostToStore/Page_HealthPost Store/select_--Select--Adernaline 0.'

2018-05-22 11:37:05 - [TEST_STEP][PASSED] - setText: Text '10' is set on object 'Object Repository/HealthpostToStore/Page_HealthPost Store/input_txttreat'

2018-05-22 11:37:06 - [MESSAGE][PASSED] - Text '10' is set on object 'Object Repository/HealthpostToStore/Page_HealthPost Store/input_txttreat'

2018-05-22 11:37:06 - [TEST_STEP][PASSED] - doubleClick: Object: 'Object Repository/HealthpostToStore/Page_HealthPost Store/button_Add' is double clicked on

2018-05-22 11:37:16 - [MESSAGE][PASSED] - Object: 'Object Repository/HealthpostToStore/Page_HealthPost Store/button_Add' is double clicked on

2018-05-22 11:37:16 - [TEST_STEP][PASSED] - scrollToElement: Scroll to object 'Object Repository/HealthpostToStore/Page_HealthPost Store/input_btnsave' successfully

2018-05-22 11:37:16 - [MESSAGE][PASSED] - Scroll to object 'Object Repository/HealthpostToStore/Page_HealthPost Store/input_btnsave' successfully

2018-05-22 11:37:16 - [TEST_STEP][PASSED] - click: Object: 'Object Repository/HealthpostToStore/Page_HealthPost Store/input_btnsave' is clicked on

2018-05-22 11:37:21 - [MESSAGE][PASSED] - Object: 'Object Repository/HealthpostToStore/Page_HealthPost Store/input_btnsave' is clicked on

2018-05-22 11:37:21 - [TEST_STEP][PASSED] - delay: Delayed 3 second(s)

2018-05-22 11:37:24 - [MESSAGE][PASSED] - Delayed 3 second(s)

2018-05-22 11:37:24 - [TEST_STEP][PASSED] - Statement - RN1 = com.kms.katalon.core.webui.keyword.WebUiBuiltInKeywords.getText(com.kms.katalon.core.testobject.ObjectRepository.findTestObject(HealthpostToStore/Page_HealthPost Store/font_HPRNO180520187)): Text of object 'Object Repository/HealthpostToStore/Page_HealthPost Store/font_HPRNO180520187' is: ''

2018-05-22 11:37:24 - [MESSAGE][PASSED] - Text of object 'Object Repository/HealthpostToStore/Page_HealthPost Store/font_HPRNO180520187' is: ''

2018-05-22 11:37:24 - [TEST_STEP][PASSED] - Statement - out.println(RN1): null

2018-05-22 11:37:24 - [TEST_STEP][PASSED] - Statement - RID = RN1.split("/")[2]: null]]></system-out>
         <system-err><![CDATA[2018-05-22 11:35:28 - [TEST_CASE][ERROR] - Test Cases/HEALTHPOST TEST CASES/TC_HP_003 Verify Schedule 3 Healthpost Request Are Working Successfully Or Not: Test Cases/HEALTHPOST TEST CASES/TC_HP_003 Verify Schedule 3 Healthpost Request Are Working Successfully Or Not FAILED because (of) java.lang.ArrayIndexOutOfBoundsException: 2]]></system-err>
      </testcase>
      <testcase name="Test Cases/HEALTHPOST TEST CASES/TC_HP_004 Verify Schedule 4 Healthpost Request Are Working Successfully Or Not" classname="Test Cases/HEALTHPOST TEST CASES/TC_HP_004 Verify Schedule 4 Healthpost Request Are Working Successfully Or Not" status="PASSED">
         <system-out><![CDATA[2018-05-22 11:37:24 - [TEST_CASE][PASSED] - Test Cases/HEALTHPOST TEST CASES/TC_HP_004 Verify Schedule 4 Healthpost Request Are Working Successfully Or Not: Test Cases/HEALTHPOST TEST CASES/TC_HP_004 Verify Schedule 4 Healthpost Request Are Working Successfully Or Not

2018-05-22 11:37:24 - [TEST_STEP][PASSED] - openBrowser: Browser is opened with url: ''

2018-05-22 11:37:24 - [MESSAGE][WARNING] - A browser is already opened. Closing browser and opening a new one

2018-05-22 11:37:27 - [MESSAGE][PASSED] - Browser is opened with url: ''

2018-05-22 11:37:27 - [TEST_STEP][PASSED] - navigateToUrl: Navigate to 'http://192.168.137.1/multihospital_new/HDSplashscreen.aspx' successfully

2018-05-22 11:37:28 - [MESSAGE][PASSED] - Navigate to 'http://192.168.137.1/multihospital_new/HDSplashscreen.aspx' successfully

2018-05-22 11:37:28 - [TEST_STEP][PASSED] - maximizeWindow: Current window maximized

2018-05-22 11:37:30 - [MESSAGE][PASSED] - Current window maximized

2018-05-22 11:37:30 - [TEST_STEP][PASSED] - click: Object: 'Object Repository/HealthpostToStore/Page_KDMC/a_Healthpost Store' is clicked on

2018-05-22 11:37:30 - [MESSAGE][PASSED] - Object: 'Object Repository/HealthpostToStore/Page_KDMC/a_Healthpost Store' is clicked on

2018-05-22 11:37:30 - [TEST_STEP][PASSED] - setText: Text 'raguram' is set on object 'Object Repository/HealthpostToStore/Page_HealthPost Store Login/input_txtusername'

2018-05-22 11:37:30 - [MESSAGE][PASSED] - Text 'raguram' is set on object 'Object Repository/HealthpostToStore/Page_HealthPost Store Login/input_txtusername'

2018-05-22 11:37:30 - [TEST_STEP][PASSED] - setText: Text '123' is set on object 'Object Repository/HealthpostToStore/Page_HealthPost Store Login/input_txtpassword'

2018-05-22 11:37:30 - [MESSAGE][PASSED] - Text '123' is set on object 'Object Repository/HealthpostToStore/Page_HealthPost Store Login/input_txtpassword'

2018-05-22 11:37:30 - [TEST_STEP][PASSED] - delay: Delayed 3 second(s)

2018-05-22 11:37:33 - [MESSAGE][PASSED] - Delayed 3 second(s)

2018-05-22 11:37:33 - [TEST_STEP][PASSED] - sendKeys: Keys 'ENTER + ' sent to object: 'Object Repository/HealthpostToStore/Page_HealthPost Store Login/input_txtpassword'

2018-05-22 11:37:34 - [MESSAGE][PASSED] - Keys 'ENTER + ' sent to object: 'Object Repository/HealthpostToStore/Page_HealthPost Store Login/input_txtpassword'

2018-05-22 11:37:34 - [TEST_STEP][PASSED] - delay: Delayed 3 second(s)

2018-05-22 11:37:37 - [MESSAGE][PASSED] - Delayed 3 second(s)

2018-05-22 11:37:37 - [TEST_STEP][PASSED] - doubleClick: Object: 'Object Repository/HealthpostToStore/Page_HealthPost Store/a_Request to Store' is double clicked on

2018-05-22 11:37:37 - [MESSAGE][PASSED] - Object: 'Object Repository/HealthpostToStore/Page_HealthPost Store/a_Request to Store' is double clicked on

2018-05-22 11:37:37 - [TEST_STEP][PASSED] - delay: Delayed 1 second(s)

2018-05-22 11:37:38 - [MESSAGE][PASSED] - Delayed 1 second(s)

2018-05-22 11:37:38 - [TEST_STEP][PASSED] - doubleClick: Object: 'Object Repository/HealthpostToStore/Page_HealthPost Store/a_Medicine Request' is double clicked on

2018-05-22 11:37:39 - [MESSAGE][PASSED] - Object: 'Object Repository/HealthpostToStore/Page_HealthPost Store/a_Medicine Request' is double clicked on

2018-05-22 11:37:39 - [TEST_STEP][PASSED] - delay: Delayed 1 second(s)

2018-05-22 11:37:40 - [MESSAGE][PASSED] - Delayed 1 second(s)

2018-05-22 11:37:40 - [TEST_STEP][PASSED] - selectOptionByIndex: All options with index in [4] are selected on object 'Object Repository/HealthpostToStore/Page_HealthPost Store/select_--Select--Schedule 1Inj'

2018-05-22 11:37:40 - [MESSAGE][PASSED] - All options with index in [4] are selected on object 'Object Repository/HealthpostToStore/Page_HealthPost Store/select_--Select--Schedule 1Inj'

2018-05-22 11:37:40 - [TEST_STEP][PASSED] - Statement - medicineslength = com.kms.katalon.core.webui.keyword.WebUiBuiltInKeywords.getNumberOfTotalOption(com.kms.katalon.core.testobject.ObjectRepository.findTestObject(HealthpostToStore/Page_HealthPost Store/select_--Select--Adernaline 0.)): 16 options of object 'Object Repository/HealthpostToStore/Page_HealthPost Store/select_--Select--Adernaline 0.' counted

2018-05-22 11:37:40 - [MESSAGE][PASSED] - 16 options of object 'Object Repository/HealthpostToStore/Page_HealthPost Store/select_--Select--Adernaline 0.' counted

2018-05-22 11:37:40 - [TEST_STEP][PASSED] - Statement - For ([e = 1, e <= medicineslength - 1, (e++)]): Object: 'Object Repository/HealthpostToStore/Page_HealthPost Store/button_Add' is double clicked on

2018-05-22 11:37:40 - [TEST_STEP][PASSED] - selectOptionByIndex: All options with index in [4] are selected on object 'Object Repository/HealthpostToStore/Page_HealthPost Store/select_--Select--Schedule 1Inj'

2018-05-22 11:37:40 - [MESSAGE][PASSED] - All options with index in [4] are selected on object 'Object Repository/HealthpostToStore/Page_HealthPost Store/select_--Select--Schedule 1Inj'

2018-05-22 11:37:40 - [TEST_STEP][PASSED] - delay: Delayed 1 second(s)

2018-05-22 11:37:41 - [MESSAGE][PASSED] - Delayed 1 second(s)

2018-05-22 11:37:41 - [TEST_STEP][PASSED] - selectOptionByIndex: All options with index in [1] are selected on object 'Object Repository/HealthpostToStore/Page_HealthPost Store/select_--Select--Adernaline 0.'

2018-05-22 11:37:41 - [MESSAGE][PASSED] - All options with index in [1] are selected on object 'Object Repository/HealthpostToStore/Page_HealthPost Store/select_--Select--Adernaline 0.'

2018-05-22 11:37:41 - [TEST_STEP][PASSED] - setText: Text '10' is set on object 'Object Repository/HealthpostToStore/Page_HealthPost Store/input_txttreat'

2018-05-22 11:37:42 - [MESSAGE][PASSED] - Text '10' is set on object 'Object Repository/HealthpostToStore/Page_HealthPost Store/input_txttreat'

2018-05-22 11:37:42 - [TEST_STEP][PASSED] - doubleClick: Object: 'Object Repository/HealthpostToStore/Page_HealthPost Store/button_Add' is double clicked on

2018-05-22 11:37:42 - [MESSAGE][PASSED] - Object: 'Object Repository/HealthpostToStore/Page_HealthPost Store/button_Add' is double clicked on

2018-05-22 11:37:42 - [TEST_STEP][PASSED] - selectOptionByIndex: All options with index in [4] are selected on object 'Object Repository/HealthpostToStore/Page_HealthPost Store/select_--Select--Schedule 1Inj'

2018-05-22 11:37:42 - [MESSAGE][PASSED] - All options with index in [4] are selected on object 'Object Repository/HealthpostToStore/Page_HealthPost Store/select_--Select--Schedule 1Inj'

2018-05-22 11:37:42 - [TEST_STEP][PASSED] - delay: Delayed 1 second(s)

2018-05-22 11:37:43 - [MESSAGE][PASSED] - Delayed 1 second(s)

2018-05-22 11:37:43 - [TEST_STEP][PASSED] - selectOptionByIndex: All options with index in [2] are selected on object 'Object Repository/HealthpostToStore/Page_HealthPost Store/select_--Select--Adernaline 0.'

2018-05-22 11:37:43 - [MESSAGE][PASSED] - All options with index in [2] are selected on object 'Object Repository/HealthpostToStore/Page_HealthPost Store/select_--Select--Adernaline 0.'

2018-05-22 11:37:43 - [TEST_STEP][PASSED] - setText: Text '10' is set on object 'Object Repository/HealthpostToStore/Page_HealthPost Store/input_txttreat'

2018-05-22 11:37:43 - [MESSAGE][PASSED] - Text '10' is set on object 'Object Repository/HealthpostToStore/Page_HealthPost Store/input_txttreat'

2018-05-22 11:37:43 - [TEST_STEP][PASSED] - doubleClick: Object: 'Object Repository/HealthpostToStore/Page_HealthPost Store/button_Add' is double clicked on

2018-05-22 11:37:43 - [MESSAGE][PASSED] - Object: 'Object Repository/HealthpostToStore/Page_HealthPost Store/button_Add' is double clicked on

2018-05-22 11:37:43 - [TEST_STEP][PASSED] - selectOptionByIndex: All options with index in [4] are selected on object 'Object Repository/HealthpostToStore/Page_HealthPost Store/select_--Select--Schedule 1Inj'

2018-05-22 11:37:43 - [MESSAGE][PASSED] - All options with index in [4] are selected on object 'Object Repository/HealthpostToStore/Page_HealthPost Store/select_--Select--Schedule 1Inj'

2018-05-22 11:37:43 - [TEST_STEP][PASSED] - delay: Delayed 1 second(s)

2018-05-22 11:37:44 - [MESSAGE][PASSED] - Delayed 1 second(s)

2018-05-22 11:37:44 - [TEST_STEP][PASSED] - selectOptionByIndex: All options with index in [3] are selected on object 'Object Repository/HealthpostToStore/Page_HealthPost Store/select_--Select--Adernaline 0.'

2018-05-22 11:37:45 - [MESSAGE][PASSED] - All options with index in [3] are selected on object 'Object Repository/HealthpostToStore/Page_HealthPost Store/select_--Select--Adernaline 0.'

2018-05-22 11:37:45 - [TEST_STEP][PASSED] - setText: Text '10' is set on object 'Object Repository/HealthpostToStore/Page_HealthPost Store/input_txttreat'

2018-05-22 11:37:45 - [MESSAGE][PASSED] - Text '10' is set on object 'Object Repository/HealthpostToStore/Page_HealthPost Store/input_txttreat'

2018-05-22 11:37:45 - [TEST_STEP][PASSED] - doubleClick: Object: 'Object Repository/HealthpostToStore/Page_HealthPost Store/button_Add' is double clicked on

2018-05-22 11:37:45 - [MESSAGE][PASSED] - Object: 'Object Repository/HealthpostToStore/Page_HealthPost Store/button_Add' is double clicked on

2018-05-22 11:37:45 - [TEST_STEP][PASSED] - selectOptionByIndex: All options with index in [4] are selected on object 'Object Repository/HealthpostToStore/Page_HealthPost Store/select_--Select--Schedule 1Inj'

2018-05-22 11:37:45 - [MESSAGE][PASSED] - All options with index in [4] are selected on object 'Object Repository/HealthpostToStore/Page_HealthPost Store/select_--Select--Schedule 1Inj'

2018-05-22 11:37:45 - [TEST_STEP][PASSED] - delay: Delayed 1 second(s)

2018-05-22 11:37:46 - [MESSAGE][PASSED] - Delayed 1 second(s)

2018-05-22 11:37:46 - [TEST_STEP][PASSED] - selectOptionByIndex: All options with index in [4] are selected on object 'Object Repository/HealthpostToStore/Page_HealthPost Store/select_--Select--Adernaline 0.'

2018-05-22 11:37:46 - [MESSAGE][PASSED] - All options with index in [4] are selected on object 'Object Repository/HealthpostToStore/Page_HealthPost Store/select_--Select--Adernaline 0.'

2018-05-22 11:37:46 - [TEST_STEP][PASSED] - setText: Text '10' is set on object 'Object Repository/HealthpostToStore/Page_HealthPost Store/input_txttreat'

2018-05-22 11:37:46 - [MESSAGE][PASSED] - Text '10' is set on object 'Object Repository/HealthpostToStore/Page_HealthPost Store/input_txttreat'

2018-05-22 11:37:46 - [TEST_STEP][PASSED] - doubleClick: Object: 'Object Repository/HealthpostToStore/Page_HealthPost Store/button_Add' is double clicked on

2018-05-22 11:37:46 - [MESSAGE][PASSED] - Object: 'Object Repository/HealthpostToStore/Page_HealthPost Store/button_Add' is double clicked on

2018-05-22 11:37:46 - [TEST_STEP][PASSED] - selectOptionByIndex: All options with index in [4] are selected on object 'Object Repository/HealthpostToStore/Page_HealthPost Store/select_--Select--Schedule 1Inj'

2018-05-22 11:37:46 - [MESSAGE][PASSED] - All options with index in [4] are selected on object 'Object Repository/HealthpostToStore/Page_HealthPost Store/select_--Select--Schedule 1Inj'

2018-05-22 11:37:46 - [TEST_STEP][PASSED] - delay: Delayed 1 second(s)

2018-05-22 11:37:47 - [MESSAGE][PASSED] - Delayed 1 second(s)

2018-05-22 11:37:47 - [TEST_STEP][PASSED] - selectOptionByIndex: All options with index in [5] are selected on object 'Object Repository/HealthpostToStore/Page_HealthPost Store/select_--Select--Adernaline 0.'

2018-05-22 11:37:48 - [MESSAGE][PASSED] - All options with index in [5] are selected on object 'Object Repository/HealthpostToStore/Page_HealthPost Store/select_--Select--Adernaline 0.'

2018-05-22 11:37:48 - [TEST_STEP][PASSED] - setText: Text '10' is set on object 'Object Repository/HealthpostToStore/Page_HealthPost Store/input_txttreat'

2018-05-22 11:37:48 - [MESSAGE][PASSED] - Text '10' is set on object 'Object Repository/HealthpostToStore/Page_HealthPost Store/input_txttreat'

2018-05-22 11:37:48 - [TEST_STEP][PASSED] - doubleClick: Object: 'Object Repository/HealthpostToStore/Page_HealthPost Store/button_Add' is double clicked on

2018-05-22 11:37:48 - [MESSAGE][PASSED] - Object: 'Object Repository/HealthpostToStore/Page_HealthPost Store/button_Add' is double clicked on

2018-05-22 11:37:48 - [TEST_STEP][PASSED] - selectOptionByIndex: All options with index in [4] are selected on object 'Object Repository/HealthpostToStore/Page_HealthPost Store/select_--Select--Schedule 1Inj'

2018-05-22 11:37:48 - [MESSAGE][PASSED] - All options with index in [4] are selected on object 'Object Repository/HealthpostToStore/Page_HealthPost Store/select_--Select--Schedule 1Inj'

2018-05-22 11:37:48 - [TEST_STEP][PASSED] - delay: Delayed 1 second(s)

2018-05-22 11:37:49 - [MESSAGE][PASSED] - Delayed 1 second(s)

2018-05-22 11:37:49 - [TEST_STEP][PASSED] - selectOptionByIndex: All options with index in [6] are selected on object 'Object Repository/HealthpostToStore/Page_HealthPost Store/select_--Select--Adernaline 0.'

2018-05-22 11:37:49 - [MESSAGE][PASSED] - All options with index in [6] are selected on object 'Object Repository/HealthpostToStore/Page_HealthPost Store/select_--Select--Adernaline 0.'

2018-05-22 11:37:49 - [TEST_STEP][PASSED] - setText: Text '10' is set on object 'Object Repository/HealthpostToStore/Page_HealthPost Store/input_txttreat'

2018-05-22 11:37:49 - [MESSAGE][PASSED] - Text '10' is set on object 'Object Repository/HealthpostToStore/Page_HealthPost Store/input_txttreat'

2018-05-22 11:37:49 - [TEST_STEP][PASSED] - doubleClick: Object: 'Object Repository/HealthpostToStore/Page_HealthPost Store/button_Add' is double clicked on

2018-05-22 11:37:49 - [MESSAGE][PASSED] - Object: 'Object Repository/HealthpostToStore/Page_HealthPost Store/button_Add' is double clicked on

2018-05-22 11:37:49 - [TEST_STEP][PASSED] - selectOptionByIndex: All options with index in [4] are selected on object 'Object Repository/HealthpostToStore/Page_HealthPost Store/select_--Select--Schedule 1Inj'

2018-05-22 11:37:49 - [MESSAGE][PASSED] - All options with index in [4] are selected on object 'Object Repository/HealthpostToStore/Page_HealthPost Store/select_--Select--Schedule 1Inj'

2018-05-22 11:37:49 - [TEST_STEP][PASSED] - delay: Delayed 1 second(s)

2018-05-22 11:37:50 - [MESSAGE][PASSED] - Delayed 1 second(s)

2018-05-22 11:37:50 - [TEST_STEP][PASSED] - selectOptionByIndex: All options with index in [7] are selected on object 'Object Repository/HealthpostToStore/Page_HealthPost Store/select_--Select--Adernaline 0.'

2018-05-22 11:37:51 - [MESSAGE][PASSED] - All options with index in [7] are selected on object 'Object Repository/HealthpostToStore/Page_HealthPost Store/select_--Select--Adernaline 0.'

2018-05-22 11:37:51 - [TEST_STEP][PASSED] - setText: Text '10' is set on object 'Object Repository/HealthpostToStore/Page_HealthPost Store/input_txttreat'

2018-05-22 11:37:51 - [MESSAGE][PASSED] - Text '10' is set on object 'Object Repository/HealthpostToStore/Page_HealthPost Store/input_txttreat'

2018-05-22 11:37:51 - [TEST_STEP][PASSED] - doubleClick: Object: 'Object Repository/HealthpostToStore/Page_HealthPost Store/button_Add' is double clicked on

2018-05-22 11:37:51 - [MESSAGE][PASSED] - Object: 'Object Repository/HealthpostToStore/Page_HealthPost Store/button_Add' is double clicked on

2018-05-22 11:37:51 - [TEST_STEP][PASSED] - selectOptionByIndex: All options with index in [4] are selected on object 'Object Repository/HealthpostToStore/Page_HealthPost Store/select_--Select--Schedule 1Inj'

2018-05-22 11:37:51 - [MESSAGE][PASSED] - All options with index in [4] are selected on object 'Object Repository/HealthpostToStore/Page_HealthPost Store/select_--Select--Schedule 1Inj'

2018-05-22 11:37:51 - [TEST_STEP][PASSED] - delay: Delayed 1 second(s)

2018-05-22 11:37:52 - [MESSAGE][PASSED] - Delayed 1 second(s)

2018-05-22 11:37:52 - [TEST_STEP][PASSED] - selectOptionByIndex: All options with index in [8] are selected on object 'Object Repository/HealthpostToStore/Page_HealthPost Store/select_--Select--Adernaline 0.'

2018-05-22 11:37:52 - [MESSAGE][PASSED] - All options with index in [8] are selected on object 'Object Repository/HealthpostToStore/Page_HealthPost Store/select_--Select--Adernaline 0.'

2018-05-22 11:37:52 - [TEST_STEP][PASSED] - setText: Text '10' is set on object 'Object Repository/HealthpostToStore/Page_HealthPost Store/input_txttreat'

2018-05-22 11:37:53 - [MESSAGE][PASSED] - Text '10' is set on object 'Object Repository/HealthpostToStore/Page_HealthPost Store/input_txttreat'

2018-05-22 11:37:53 - [TEST_STEP][PASSED] - doubleClick: Object: 'Object Repository/HealthpostToStore/Page_HealthPost Store/button_Add' is double clicked on

2018-05-22 11:37:53 - [MESSAGE][PASSED] - Object: 'Object Repository/HealthpostToStore/Page_HealthPost Store/button_Add' is double clicked on

2018-05-22 11:37:53 - [TEST_STEP][PASSED] - selectOptionByIndex: All options with index in [4] are selected on object 'Object Repository/HealthpostToStore/Page_HealthPost Store/select_--Select--Schedule 1Inj'

2018-05-22 11:37:53 - [MESSAGE][PASSED] - All options with index in [4] are selected on object 'Object Repository/HealthpostToStore/Page_HealthPost Store/select_--Select--Schedule 1Inj'

2018-05-22 11:37:53 - [TEST_STEP][PASSED] - delay: Delayed 1 second(s)

2018-05-22 11:37:54 - [MESSAGE][PASSED] - Delayed 1 second(s)

2018-05-22 11:37:54 - [TEST_STEP][PASSED] - selectOptionByIndex: All options with index in [9] are selected on object 'Object Repository/HealthpostToStore/Page_HealthPost Store/select_--Select--Adernaline 0.'

2018-05-22 11:37:54 - [MESSAGE][PASSED] - All options with index in [9] are selected on object 'Object Repository/HealthpostToStore/Page_HealthPost Store/select_--Select--Adernaline 0.'

2018-05-22 11:37:54 - [TEST_STEP][PASSED] - setText: Text '10' is set on object 'Object Repository/HealthpostToStore/Page_HealthPost Store/input_txttreat'

2018-05-22 11:37:54 - [MESSAGE][PASSED] - Text '10' is set on object 'Object Repository/HealthpostToStore/Page_HealthPost Store/input_txttreat'

2018-05-22 11:37:54 - [TEST_STEP][PASSED] - doubleClick: Object: 'Object Repository/HealthpostToStore/Page_HealthPost Store/button_Add' is double clicked on

2018-05-22 11:37:54 - [MESSAGE][PASSED] - Object: 'Object Repository/HealthpostToStore/Page_HealthPost Store/button_Add' is double clicked on

2018-05-22 11:37:54 - [TEST_STEP][PASSED] - selectOptionByIndex: All options with index in [4] are selected on object 'Object Repository/HealthpostToStore/Page_HealthPost Store/select_--Select--Schedule 1Inj'

2018-05-22 11:37:54 - [MESSAGE][PASSED] - All options with index in [4] are selected on object 'Object Repository/HealthpostToStore/Page_HealthPost Store/select_--Select--Schedule 1Inj'

2018-05-22 11:37:54 - [TEST_STEP][PASSED] - delay: Delayed 1 second(s)

2018-05-22 11:37:55 - [MESSAGE][PASSED] - Delayed 1 second(s)

2018-05-22 11:37:55 - [TEST_STEP][PASSED] - selectOptionByIndex: All options with index in [10] are selected on object 'Object Repository/HealthpostToStore/Page_HealthPost Store/select_--Select--Adernaline 0.'

2018-05-22 11:37:56 - [MESSAGE][PASSED] - All options with index in [10] are selected on object 'Object Repository/HealthpostToStore/Page_HealthPost Store/select_--Select--Adernaline 0.'

2018-05-22 11:37:56 - [TEST_STEP][PASSED] - setText: Text '10' is set on object 'Object Repository/HealthpostToStore/Page_HealthPost Store/input_txttreat'

2018-05-22 11:37:56 - [MESSAGE][PASSED] - Text '10' is set on object 'Object Repository/HealthpostToStore/Page_HealthPost Store/input_txttreat'

2018-05-22 11:37:56 - [TEST_STEP][PASSED] - doubleClick: Object: 'Object Repository/HealthpostToStore/Page_HealthPost Store/button_Add' is double clicked on

2018-05-22 11:37:56 - [MESSAGE][PASSED] - Object: 'Object Repository/HealthpostToStore/Page_HealthPost Store/button_Add' is double clicked on

2018-05-22 11:37:56 - [TEST_STEP][PASSED] - selectOptionByIndex: All options with index in [4] are selected on object 'Object Repository/HealthpostToStore/Page_HealthPost Store/select_--Select--Schedule 1Inj'

2018-05-22 11:37:56 - [MESSAGE][PASSED] - All options with index in [4] are selected on object 'Object Repository/HealthpostToStore/Page_HealthPost Store/select_--Select--Schedule 1Inj'

2018-05-22 11:37:56 - [TEST_STEP][PASSED] - delay: Delayed 1 second(s)

2018-05-22 11:37:57 - [MESSAGE][PASSED] - Delayed 1 second(s)

2018-05-22 11:37:57 - [TEST_STEP][PASSED] - selectOptionByIndex: All options with index in [11] are selected on object 'Object Repository/HealthpostToStore/Page_HealthPost Store/select_--Select--Adernaline 0.'

2018-05-22 11:37:57 - [MESSAGE][PASSED] - All options with index in [11] are selected on object 'Object Repository/HealthpostToStore/Page_HealthPost Store/select_--Select--Adernaline 0.'

2018-05-22 11:37:57 - [TEST_STEP][PASSED] - setText: Text '10' is set on object 'Object Repository/HealthpostToStore/Page_HealthPost Store/input_txttreat'

2018-05-22 11:37:57 - [MESSAGE][PASSED] - Text '10' is set on object 'Object Repository/HealthpostToStore/Page_HealthPost Store/input_txttreat'

2018-05-22 11:37:57 - [TEST_STEP][PASSED] - doubleClick: Object: 'Object Repository/HealthpostToStore/Page_HealthPost Store/button_Add' is double clicked on

2018-05-22 11:37:57 - [MESSAGE][PASSED] - Object: 'Object Repository/HealthpostToStore/Page_HealthPost Store/button_Add' is double clicked on

2018-05-22 11:37:57 - [TEST_STEP][PASSED] - selectOptionByIndex: All options with index in [4] are selected on object 'Object Repository/HealthpostToStore/Page_HealthPost Store/select_--Select--Schedule 1Inj'

2018-05-22 11:37:58 - [MESSAGE][PASSED] - All options with index in [4] are selected on object 'Object Repository/HealthpostToStore/Page_HealthPost Store/select_--Select--Schedule 1Inj'

2018-05-22 11:37:58 - [TEST_STEP][PASSED] - delay: Delayed 1 second(s)

2018-05-22 11:37:59 - [MESSAGE][PASSED] - Delayed 1 second(s)

2018-05-22 11:37:59 - [TEST_STEP][PASSED] - selectOptionByIndex: All options with index in [12] are selected on object 'Object Repository/HealthpostToStore/Page_HealthPost Store/select_--Select--Adernaline 0.'

2018-05-22 11:37:59 - [MESSAGE][PASSED] - All options with index in [12] are selected on object 'Object Repository/HealthpostToStore/Page_HealthPost Store/select_--Select--Adernaline 0.'

2018-05-22 11:37:59 - [TEST_STEP][PASSED] - setText: Text '10' is set on object 'Object Repository/HealthpostToStore/Page_HealthPost Store/input_txttreat'

2018-05-22 11:37:59 - [MESSAGE][PASSED] - Text '10' is set on object 'Object Repository/HealthpostToStore/Page_HealthPost Store/input_txttreat'

2018-05-22 11:37:59 - [TEST_STEP][PASSED] - doubleClick: Object: 'Object Repository/HealthpostToStore/Page_HealthPost Store/button_Add' is double clicked on

2018-05-22 11:37:59 - [MESSAGE][PASSED] - Object: 'Object Repository/HealthpostToStore/Page_HealthPost Store/button_Add' is double clicked on

2018-05-22 11:37:59 - [TEST_STEP][PASSED] - selectOptionByIndex: All options with index in [4] are selected on object 'Object Repository/HealthpostToStore/Page_HealthPost Store/select_--Select--Schedule 1Inj'

2018-05-22 11:37:59 - [MESSAGE][PASSED] - All options with index in [4] are selected on object 'Object Repository/HealthpostToStore/Page_HealthPost Store/select_--Select--Schedule 1Inj'

2018-05-22 11:37:59 - [TEST_STEP][PASSED] - delay: Delayed 1 second(s)

2018-05-22 11:38:00 - [MESSAGE][PASSED] - Delayed 1 second(s)

2018-05-22 11:38:00 - [TEST_STEP][PASSED] - selectOptionByIndex: All options with index in [13] are selected on object 'Object Repository/HealthpostToStore/Page_HealthPost Store/select_--Select--Adernaline 0.'

2018-05-22 11:38:01 - [MESSAGE][PASSED] - All options with index in [13] are selected on object 'Object Repository/HealthpostToStore/Page_HealthPost Store/select_--Select--Adernaline 0.'

2018-05-22 11:38:01 - [TEST_STEP][PASSED] - setText: Text '10' is set on object 'Object Repository/HealthpostToStore/Page_HealthPost Store/input_txttreat'

2018-05-22 11:38:01 - [MESSAGE][PASSED] - Text '10' is set on object 'Object Repository/HealthpostToStore/Page_HealthPost Store/input_txttreat'

2018-05-22 11:38:01 - [TEST_STEP][PASSED] - doubleClick: Object: 'Object Repository/HealthpostToStore/Page_HealthPost Store/button_Add' is double clicked on

2018-05-22 11:38:01 - [MESSAGE][PASSED] - Object: 'Object Repository/HealthpostToStore/Page_HealthPost Store/button_Add' is double clicked on

2018-05-22 11:38:01 - [TEST_STEP][PASSED] - selectOptionByIndex: All options with index in [4] are selected on object 'Object Repository/HealthpostToStore/Page_HealthPost Store/select_--Select--Schedule 1Inj'

2018-05-22 11:38:01 - [MESSAGE][PASSED] - All options with index in [4] are selected on object 'Object Repository/HealthpostToStore/Page_HealthPost Store/select_--Select--Schedule 1Inj'

2018-05-22 11:38:01 - [TEST_STEP][PASSED] - delay: Delayed 1 second(s)

2018-05-22 11:38:02 - [MESSAGE][PASSED] - Delayed 1 second(s)

2018-05-22 11:38:02 - [TEST_STEP][PASSED] - selectOptionByIndex: All options with index in [14] are selected on object 'Object Repository/HealthpostToStore/Page_HealthPost Store/select_--Select--Adernaline 0.'

2018-05-22 11:38:02 - [MESSAGE][PASSED] - All options with index in [14] are selected on object 'Object Repository/HealthpostToStore/Page_HealthPost Store/select_--Select--Adernaline 0.'

2018-05-22 11:38:02 - [TEST_STEP][PASSED] - setText: Text '10' is set on object 'Object Repository/HealthpostToStore/Page_HealthPost Store/input_txttreat'

2018-05-22 11:38:03 - [MESSAGE][PASSED] - Text '10' is set on object 'Object Repository/HealthpostToStore/Page_HealthPost Store/input_txttreat'

2018-05-22 11:38:03 - [TEST_STEP][PASSED] - doubleClick: Object: 'Object Repository/HealthpostToStore/Page_HealthPost Store/button_Add' is double clicked on

2018-05-22 11:38:03 - [MESSAGE][PASSED] - Object: 'Object Repository/HealthpostToStore/Page_HealthPost Store/button_Add' is double clicked on

2018-05-22 11:38:03 - [TEST_STEP][PASSED] - selectOptionByIndex: All options with index in [4] are selected on object 'Object Repository/HealthpostToStore/Page_HealthPost Store/select_--Select--Schedule 1Inj'

2018-05-22 11:38:03 - [MESSAGE][PASSED] - All options with index in [4] are selected on object 'Object Repository/HealthpostToStore/Page_HealthPost Store/select_--Select--Schedule 1Inj'

2018-05-22 11:38:03 - [TEST_STEP][PASSED] - delay: Delayed 1 second(s)

2018-05-22 11:38:04 - [MESSAGE][PASSED] - Delayed 1 second(s)

2018-05-22 11:38:04 - [TEST_STEP][PASSED] - selectOptionByIndex: All options with index in [15] are selected on object 'Object Repository/HealthpostToStore/Page_HealthPost Store/select_--Select--Adernaline 0.'

2018-05-22 11:38:04 - [MESSAGE][PASSED] - All options with index in [15] are selected on object 'Object Repository/HealthpostToStore/Page_HealthPost Store/select_--Select--Adernaline 0.'

2018-05-22 11:38:04 - [TEST_STEP][PASSED] - setText: Text '10' is set on object 'Object Repository/HealthpostToStore/Page_HealthPost Store/input_txttreat'

2018-05-22 11:38:04 - [MESSAGE][PASSED] - Text '10' is set on object 'Object Repository/HealthpostToStore/Page_HealthPost Store/input_txttreat'

2018-05-22 11:38:04 - [TEST_STEP][PASSED] - doubleClick: Object: 'Object Repository/HealthpostToStore/Page_HealthPost Store/button_Add' is double clicked on

2018-05-22 11:38:04 - [MESSAGE][PASSED] - Object: 'Object Repository/HealthpostToStore/Page_HealthPost Store/button_Add' is double clicked on

2018-05-22 11:38:04 - [TEST_STEP][PASSED] - scrollToElement: Scroll to object 'Object Repository/HealthpostToStore/Page_HealthPost Store/input_btnsave' successfully

2018-05-22 11:38:04 - [MESSAGE][PASSED] - Scroll to object 'Object Repository/HealthpostToStore/Page_HealthPost Store/input_btnsave' successfully

2018-05-22 11:38:04 - [TEST_STEP][PASSED] - click: Object: 'Object Repository/HealthpostToStore/Page_HealthPost Store/input_btnsave' is clicked on

2018-05-22 11:38:04 - [MESSAGE][PASSED] - Object: 'Object Repository/HealthpostToStore/Page_HealthPost Store/input_btnsave' is clicked on

2018-05-22 11:38:04 - [TEST_STEP][PASSED] - delay: Delayed 3 second(s)

2018-05-22 11:38:07 - [MESSAGE][PASSED] - Delayed 3 second(s)

2018-05-22 11:38:07 - [TEST_STEP][PASSED] - Statement - RN1 = com.kms.katalon.core.webui.keyword.WebUiBuiltInKeywords.getText(com.kms.katalon.core.testobject.ObjectRepository.findTestObject(HealthpostToStore/Page_HealthPost Store/font_HPRNO180520187)): Text of object 'Object Repository/HealthpostToStore/Page_HealthPost Store/font_HPRNO180520187' is: 'HPRNO/22052018/58'

2018-05-22 11:38:07 - [MESSAGE][PASSED] - Text of object 'Object Repository/HealthpostToStore/Page_HealthPost Store/font_HPRNO180520187' is: 'HPRNO/22052018/58'

2018-05-22 11:38:07 - [TEST_STEP][PASSED] - Statement - out.println(RN1): null

2018-05-22 11:38:07 - [TEST_STEP][PASSED] - Statement - RID = RN1.split("/")[2]: null

2018-05-22 11:38:07 - [TEST_STEP][PASSED] - click: Object: 'Object Repository/HealthpostToStore/Page_HealthPost Store/button_OK' is clicked on

2018-05-22 11:38:08 - [MESSAGE][PASSED] - Object: 'Object Repository/HealthpostToStore/Page_HealthPost Store/button_OK' is clicked on

2018-05-22 11:38:08 - [TEST_STEP][PASSED] - delay: Delayed 3 second(s)

2018-05-22 11:38:11 - [MESSAGE][PASSED] - Delayed 3 second(s)

2018-05-22 11:38:11 - [TEST_STEP][PASSED] - click: Object: 'Object Repository/HealthpostToStore/Page_HealthPost Store/a_dropdown-toggle' is clicked on

2018-05-22 11:38:11 - [MESSAGE][PASSED] - Object: 'Object Repository/HealthpostToStore/Page_HealthPost Store/a_dropdown-toggle' is clicked on

2018-05-22 11:38:11 - [TEST_STEP][PASSED] - click: Object: 'Object Repository/HealthpostToStore/Page_HealthPost Store/a_Sign out' is clicked on

2018-05-22 11:38:12 - [MESSAGE][PASSED] - Object: 'Object Repository/HealthpostToStore/Page_HealthPost Store/a_Sign out' is clicked on

2018-05-22 11:38:12 - [TEST_STEP][PASSED] - delay: Delayed 3 second(s)

2018-05-22 11:38:15 - [MESSAGE][PASSED] - Delayed 3 second(s)

2018-05-22 11:38:15 - [TEST_STEP][PASSED] - navigateToUrl: Navigate to 'http://192.168.137.1/multihospital_new/' successfully

2018-05-22 11:38:15 - [MESSAGE][PASSED] - Navigate to 'http://192.168.137.1/multihospital_new/' successfully

2018-05-22 11:38:15 - [TEST_STEP][PASSED] - click: Object: 'Object Repository/HealthpostToStore/Page_KDMC/a_CMO' is clicked on

2018-05-22 11:38:16 - [MESSAGE][PASSED] - Object: 'Object Repository/HealthpostToStore/Page_KDMC/a_CMO' is clicked on

2018-05-22 11:38:16 - [TEST_STEP][PASSED] - setText: Text 'guru' is set on object 'Object Repository/HealthpostToStore/Page_CMO login/input_txtusername'

2018-05-22 11:38:16 - [MESSAGE][PASSED] - Text 'guru' is set on object 'Object Repository/HealthpostToStore/Page_CMO login/input_txtusername'

2018-05-22 11:38:16 - [TEST_STEP][PASSED] - setText: Text '123' is set on object 'Object Repository/HealthpostToStore/Page_CMO login/input_txtpassword'

2018-05-22 11:38:16 - [MESSAGE][PASSED] - Text '123' is set on object 'Object Repository/HealthpostToStore/Page_CMO login/input_txtpassword'

2018-05-22 11:38:16 - [TEST_STEP][PASSED] - delay: Delayed 3 second(s)

2018-05-22 11:38:19 - [MESSAGE][PASSED] - Delayed 3 second(s)

2018-05-22 11:38:19 - [TEST_STEP][PASSED] - click: Object: 'Object Repository/HealthpostToStore/Page_CMO login/button_Sign in' is clicked on

2018-05-22 11:38:21 - [MESSAGE][PASSED] - Object: 'Object Repository/HealthpostToStore/Page_CMO login/button_Sign in' is clicked on

2018-05-22 11:38:21 - [TEST_STEP][PASSED] - click: Object: 'Object Repository/HealthpostToStore/Page_KDMC - CMO/a_Department Wise Request' is clicked on

2018-05-22 11:38:22 - [MESSAGE][PASSED] - Object: 'Object Repository/HealthpostToStore/Page_KDMC - CMO/a_Department Wise Request' is clicked on

2018-05-22 11:38:22 - [TEST_STEP][PASSED] - delay: Delayed 2 second(s)

2018-05-22 11:38:24 - [MESSAGE][PASSED] - Delayed 2 second(s)

2018-05-22 11:38:24 - [TEST_STEP][PASSED] - selectOptionByIndex: All options with index in [5] are selected on object 'Object Repository/HealthpostToStore/Page_KDMC - CMO/select_--ALL--'

2018-05-22 11:38:24 - [MESSAGE][PASSED] - All options with index in [5] are selected on object 'Object Repository/HealthpostToStore/Page_KDMC - CMO/select_--ALL--'

2018-05-22 11:38:24 - [TEST_STEP][PASSED] - click: Object: 'Object Repository/HealthpostToStore/Page_KDMC - CMO/input_btnsearch' is clicked on

2018-05-22 11:38:24 - [MESSAGE][PASSED] - Object: 'Object Repository/HealthpostToStore/Page_KDMC - CMO/input_btnsearch' is clicked on

2018-05-22 11:38:24 - [TEST_STEP][PASSED] - selectOptionByIndex: All options with index in [1] are selected on object 'Object Repository/HealthpostToStore/Page_KDMC - CMO/select_--ALL--                _1'

2018-05-22 11:38:24 - [MESSAGE][PASSED] - All options with index in [1] are selected on object 'Object Repository/HealthpostToStore/Page_KDMC - CMO/select_--ALL--                _1'

2018-05-22 11:38:24 - [TEST_STEP][PASSED] - click: Object: 'Object Repository/HealthpostToStore/Page_KDMC - CMO/input_btnsearch' is clicked on

2018-05-22 11:38:25 - [MESSAGE][PASSED] - Object: 'Object Repository/HealthpostToStore/Page_KDMC - CMO/input_btnsearch' is clicked on

2018-05-22 11:38:25 - [TEST_STEP][PASSED] - Statement - ID = com.kms.katalon.core.webui.keyword.WebUiBuiltInKeywords.modifyObjectProperty(com.kms.katalon.core.testobject.ObjectRepository.findTestObject(lab/Page_KDMC - CMO/input_1), "xpath", "equals", "//*[@id=" + RID + "]", true): Modify property of object successfully

2018-05-22 11:38:25 - [MESSAGE][PASSED] - Modify property of object successfully

2018-05-22 11:38:25 - [TEST_STEP][PASSED] - click: Object: 'Object Repository/lab/Page_KDMC - CMO/input_1' is clicked on

2018-05-22 11:38:25 - [MESSAGE][PASSED] - Object: 'Object Repository/lab/Page_KDMC - CMO/input_1' is clicked on

2018-05-22 11:38:25 - [TEST_STEP][PASSED] - delay: Delayed 2 second(s)

2018-05-22 11:38:27 - [MESSAGE][PASSED] - Delayed 2 second(s)

2018-05-22 11:38:27 - [TEST_STEP][PASSED] - selectOptionByIndex: All options with index in [1] are selected on object 'Object Repository/HealthpostToStore/Page_KDMC - CMO/select_--Select--'

2018-05-22 11:38:27 - [MESSAGE][PASSED] - All options with index in [1] are selected on object 'Object Repository/HealthpostToStore/Page_KDMC - CMO/select_--Select--'

2018-05-22 11:38:27 - [TEST_STEP][PASSED] - click: Object: 'Object Repository/HealthpostToStore/Page_KDMC - CMO/input_btnupdate' is clicked on

2018-05-22 11:38:27 - [MESSAGE][PASSED] - Object: 'Object Repository/HealthpostToStore/Page_KDMC - CMO/input_btnupdate' is clicked on

2018-05-22 11:38:27 - [TEST_STEP][PASSED] - delay: Delayed 2 second(s)

2018-05-22 11:38:29 - [MESSAGE][PASSED] - Delayed 2 second(s)

2018-05-22 11:38:29 - [TEST_STEP][PASSED] - click: Object: 'Object Repository/HealthpostToStore/Page_KDMC - CMO/button_OK' is clicked on

2018-05-22 11:38:30 - [MESSAGE][PASSED] - Object: 'Object Repository/HealthpostToStore/Page_KDMC - CMO/button_OK' is clicked on

2018-05-22 11:38:30 - [TEST_STEP][PASSED] - delay: Delayed 2 second(s)

2018-05-22 11:38:32 - [MESSAGE][PASSED] - Delayed 2 second(s)

2018-05-22 11:38:32 - [TEST_STEP][PASSED] - click: Object: 'Object Repository/HealthpostToStore/Page_KDMC - CMO/a_dropdown-toggle' is clicked on

2018-05-22 11:38:32 - [MESSAGE][PASSED] - Object: 'Object Repository/HealthpostToStore/Page_KDMC - CMO/a_dropdown-toggle' is clicked on

2018-05-22 11:38:32 - [TEST_STEP][PASSED] - click: Object: 'Object Repository/HealthpostToStore/Page_KDMC - CMO/a_Sign out' is clicked on

2018-05-22 11:38:32 - [MESSAGE][PASSED] - Object: 'Object Repository/HealthpostToStore/Page_KDMC - CMO/a_Sign out' is clicked on

2018-05-22 11:38:32 - [TEST_STEP][PASSED] - delay: Delayed 3 second(s)

2018-05-22 11:38:35 - [MESSAGE][PASSED] - Delayed 3 second(s)

2018-05-22 11:38:35 - [TEST_STEP][PASSED] - click: Object: 'Object Repository/HealthpostToStore/Page_KDMC/a_Divisional Store' is clicked on

2018-05-22 11:38:36 - [MESSAGE][PASSED] - Object: 'Object Repository/HealthpostToStore/Page_KDMC/a_Divisional Store' is clicked on

2018-05-22 11:38:36 - [TEST_STEP][PASSED] - setText: Text 'ragu' is set on object 'Object Repository/HealthpostToStore/Page_Divisonal Store Login/input_txtusername'

2018-05-22 11:38:36 - [MESSAGE][PASSED] - Text 'ragu' is set on object 'Object Repository/HealthpostToStore/Page_Divisonal Store Login/input_txtusername'

2018-05-22 11:38:36 - [TEST_STEP][PASSED] - setText: Text '123' is set on object 'Object Repository/HealthpostToStore/Page_Divisonal Store Login/input_txtpassword'

2018-05-22 11:38:36 - [MESSAGE][PASSED] - Text '123' is set on object 'Object Repository/HealthpostToStore/Page_Divisonal Store Login/input_txtpassword'

2018-05-22 11:38:36 - [TEST_STEP][PASSED] - delay: Delayed 3 second(s)

2018-05-22 11:38:39 - [MESSAGE][PASSED] - Delayed 3 second(s)

2018-05-22 11:38:39 - [TEST_STEP][PASSED] - click: Object: 'Object Repository/HealthpostToStore/Page_Divisonal Store Login/button_Sign in' is clicked on

2018-05-22 11:38:41 - [MESSAGE][PASSED] - Object: 'Object Repository/HealthpostToStore/Page_Divisonal Store Login/button_Sign in' is clicked on

2018-05-22 11:38:41 - [TEST_STEP][PASSED] - delay: Delayed 3 second(s)

2018-05-22 11:38:44 - [MESSAGE][PASSED] - Delayed 3 second(s)

2018-05-22 11:38:44 - [TEST_STEP][PASSED] - click: Object: 'Object Repository/HealthpostToStore/Page_Store/a_Health Post Request' is clicked on

2018-05-22 11:38:44 - [MESSAGE][PASSED] - Object: 'Object Repository/HealthpostToStore/Page_Store/a_Health Post Request' is clicked on

2018-05-22 11:38:44 - [TEST_STEP][PASSED] - click: Object: 'Object Repository/HealthpostToStore/Page_Store/a_Request Item HealthPost' is clicked on

2018-05-22 11:38:45 - [MESSAGE][PASSED] - Object: 'Object Repository/HealthpostToStore/Page_Store/a_Request Item HealthPost' is clicked on

2018-05-22 11:38:45 - [TEST_STEP][PASSED] - Statement - ChooseRequest = com.kms.katalon.core.webui.keyword.WebUiBuiltInKeywords.modifyObjectProperty(com.kms.katalon.core.testobject.ObjectRepository.findTestObject(lab/Page_Store/input_1), "xpath", "equals", "//*[@id=" + RID + "]", true): Modify property of object successfully

2018-05-22 11:38:45 - [MESSAGE][PASSED] - Modify property of object successfully

2018-05-22 11:38:45 - [TEST_STEP][PASSED] - click: Object: 'Object Repository/lab/Page_Store/input_1' is clicked on

2018-05-22 11:38:46 - [MESSAGE][PASSED] - Object: 'Object Repository/lab/Page_Store/input_1' is clicked on

2018-05-22 11:38:46 - [TEST_STEP][PASSED] - Statement - selectedoptions = com.kms.katalon.core.webui.keyword.WebUiBuiltInKeywords.getNumberOfTotalOption(com.kms.katalon.core.testobject.ObjectRepository.findTestObject(HealthpostToStore/Page_Store/select_--Select--Adernaline 0.)): 16 options of object 'Object Repository/HealthpostToStore/Page_Store/select_--Select--Adernaline 0.' counted

2018-05-22 11:38:46 - [MESSAGE][PASSED] - 16 options of object 'Object Repository/HealthpostToStore/Page_Store/select_--Select--Adernaline 0.' counted

2018-05-22 11:38:46 - [TEST_STEP][PASSED] - Statement - For ([a = 1, a <= selectedoptions - 1, (a++)]): null

2018-05-22 11:38:46 - [TEST_STEP][PASSED] - selectOptionByIndex: All options with index in [1] are selected on object 'Object Repository/HealthpostToStore/Page_Store/select_--Select--Adernaline 0.'

2018-05-22 11:38:47 - [MESSAGE][PASSED] - All options with index in [1] are selected on object 'Object Repository/HealthpostToStore/Page_Store/select_--Select--Adernaline 0.'

2018-05-22 11:38:47 - [TEST_STEP][PASSED] - delay: Delayed 2 second(s)

2018-05-22 11:38:49 - [MESSAGE][PASSED] - Delayed 2 second(s)

2018-05-22 11:38:49 - [TEST_STEP][PASSED] - Statement - RequestedQty = com.kms.katalon.core.webui.keyword.WebUiBuiltInKeywords.getAttribute(com.kms.katalon.core.testobject.ObjectRepository.findTestObject(HealthpostToStore/Page_Store/input_txttotal), "value"): Attribute 'value' of object 'Object Repository/HealthpostToStore/Page_Store/input_txttotal' is: '10'

2018-05-22 11:38:49 - [MESSAGE][PASSED] - Attribute 'value' of object 'Object Repository/HealthpostToStore/Page_Store/input_txttotal' is: '10'

2018-05-22 11:38:49 - [TEST_STEP][PASSED] - Statement - out.println("Requested QTY : " + RequestedQty): null

2018-05-22 11:38:49 - [TEST_STEP][PASSED] - Statement - BatchNumber = com.kms.katalon.core.webui.keyword.WebUiBuiltInKeywords.getNumberOfTotalOption(com.kms.katalon.core.testobject.ObjectRepository.findTestObject(HealthpostToStore/Page_Store/select_--Select--BA1170BA2376B)): 6 options of object 'Object Repository/HealthpostToStore/Page_Store/select_--Select--BA1170BA2376B' counted

2018-05-22 11:38:49 - [MESSAGE][PASSED] - 6 options of object 'Object Repository/HealthpostToStore/Page_Store/select_--Select--BA1170BA2376B' counted

2018-05-22 11:38:49 - [TEST_STEP][PASSED] - Statement - For ([g = 1, g <= BatchNumber - 1, (g++)]): null

2018-05-22 11:38:49 - [TEST_STEP][PASSED] - selectOptionByIndex: All options with index in [1] are selected on object 'Object Repository/HealthpostToStore/Page_Store/select_--Select--BA1170BA2376B'

2018-05-22 11:38:49 - [MESSAGE][PASSED] - All options with index in [1] are selected on object 'Object Repository/HealthpostToStore/Page_Store/select_--Select--BA1170BA2376B'

2018-05-22 11:38:49 - [TEST_STEP][PASSED] - Statement - Try: null

2018-05-22 11:38:49 - [TEST_STEP][PASSED] - Statement - StockQty = com.kms.katalon.core.webui.keyword.WebUiBuiltInKeywords.getAttribute(com.kms.katalon.core.testobject.ObjectRepository.findTestObject(HealthpostToStore/Page_Store/input_txtprice), "value"): Attribute 'value' of object 'Object Repository/HealthpostToStore/Page_Store/input_txtprice' is: '190'

2018-05-22 11:38:49 - [MESSAGE][PASSED] - Attribute 'value' of object 'Object Repository/HealthpostToStore/Page_Store/input_txtprice' is: '190'

2018-05-22 11:38:49 - [TEST_STEP][PASSED] - Statement - out.println("Stock QTY : " + StockQty): null

2018-05-22 11:38:49 - [TEST_STEP][PASSED] - delay: Delayed 2 second(s)

2018-05-22 11:38:51 - [MESSAGE][PASSED] - Delayed 2 second(s)

2018-05-22 11:38:51 - [TEST_STEP][PASSED] - Statement - If (java.lang.String.valueOf(StockQty) >= java.lang.String.valueOf(RequestedQty)): null

2018-05-22 11:38:51 - [TEST_STEP][PASSED] - setText: Text '10' is set on object 'Object Repository/HealthpostToStore/Page_Store/input_txtqty'

2018-05-22 11:38:51 - [MESSAGE][PASSED] - Text '10' is set on object 'Object Repository/HealthpostToStore/Page_Store/input_txtqty'

2018-05-22 11:38:51 - [TEST_STEP][PASSED] - click: Object: 'Object Repository/HealthpostToStore/Page_Store/button_Add' is clicked on

2018-05-22 11:38:51 - [MESSAGE][PASSED] - Object: 'Object Repository/HealthpostToStore/Page_Store/button_Add' is clicked on

2018-05-22 11:38:51 - [TEST_STEP][PASSED] - Statement - Break: null

2018-05-22 11:38:51 - [TEST_STEP][PASSED] - selectOptionByIndex: All options with index in [2] are selected on object 'Object Repository/HealthpostToStore/Page_Store/select_--Select--Adernaline 0.'

2018-05-22 11:38:51 - [MESSAGE][PASSED] - All options with index in [2] are selected on object 'Object Repository/HealthpostToStore/Page_Store/select_--Select--Adernaline 0.'

2018-05-22 11:38:51 - [TEST_STEP][PASSED] - delay: Delayed 2 second(s)

2018-05-22 11:38:53 - [MESSAGE][PASSED] - Delayed 2 second(s)

2018-05-22 11:38:53 - [TEST_STEP][PASSED] - Statement - RequestedQty = com.kms.katalon.core.webui.keyword.WebUiBuiltInKeywords.getAttribute(com.kms.katalon.core.testobject.ObjectRepository.findTestObject(HealthpostToStore/Page_Store/input_txttotal), "value"): Attribute 'value' of object 'Object Repository/HealthpostToStore/Page_Store/input_txttotal' is: '10'

2018-05-22 11:38:53 - [MESSAGE][PASSED] - Attribute 'value' of object 'Object Repository/HealthpostToStore/Page_Store/input_txttotal' is: '10'

2018-05-22 11:38:53 - [TEST_STEP][PASSED] - Statement - out.println("Requested QTY : " + RequestedQty): null

2018-05-22 11:38:53 - [TEST_STEP][PASSED] - Statement - BatchNumber = com.kms.katalon.core.webui.keyword.WebUiBuiltInKeywords.getNumberOfTotalOption(com.kms.katalon.core.testobject.ObjectRepository.findTestObject(HealthpostToStore/Page_Store/select_--Select--BA1170BA2376B)): 4 options of object 'Object Repository/HealthpostToStore/Page_Store/select_--Select--BA1170BA2376B' counted

2018-05-22 11:38:54 - [MESSAGE][PASSED] - 4 options of object 'Object Repository/HealthpostToStore/Page_Store/select_--Select--BA1170BA2376B' counted

2018-05-22 11:38:54 - [TEST_STEP][PASSED] - Statement - For ([g = 1, g <= BatchNumber - 1, (g++)]): null

2018-05-22 11:38:54 - [TEST_STEP][PASSED] - selectOptionByIndex: All options with index in [1] are selected on object 'Object Repository/HealthpostToStore/Page_Store/select_--Select--BA1170BA2376B'

2018-05-22 11:38:54 - [MESSAGE][PASSED] - All options with index in [1] are selected on object 'Object Repository/HealthpostToStore/Page_Store/select_--Select--BA1170BA2376B'

2018-05-22 11:38:54 - [TEST_STEP][PASSED] - Statement - Try: null

2018-05-22 11:38:54 - [TEST_STEP][PASSED] - Statement - StockQty = com.kms.katalon.core.webui.keyword.WebUiBuiltInKeywords.getAttribute(com.kms.katalon.core.testobject.ObjectRepository.findTestObject(HealthpostToStore/Page_Store/input_txtprice), "value"): Attribute 'value' of object 'Object Repository/HealthpostToStore/Page_Store/input_txtprice' is: '220'

2018-05-22 11:38:54 - [MESSAGE][PASSED] - Attribute 'value' of object 'Object Repository/HealthpostToStore/Page_Store/input_txtprice' is: '220'

2018-05-22 11:38:54 - [TEST_STEP][PASSED] - Statement - out.println("Stock QTY : " + StockQty): null

2018-05-22 11:38:54 - [TEST_STEP][PASSED] - delay: Delayed 2 second(s)

2018-05-22 11:38:56 - [MESSAGE][PASSED] - Delayed 2 second(s)

2018-05-22 11:38:56 - [TEST_STEP][PASSED] - Statement - If (java.lang.String.valueOf(StockQty) >= java.lang.String.valueOf(RequestedQty)): null

2018-05-22 11:38:56 - [TEST_STEP][PASSED] - setText: Text '10' is set on object 'Object Repository/HealthpostToStore/Page_Store/input_txtqty'

2018-05-22 11:38:56 - [MESSAGE][PASSED] - Text '10' is set on object 'Object Repository/HealthpostToStore/Page_Store/input_txtqty'

2018-05-22 11:38:56 - [TEST_STEP][PASSED] - click: Object: 'Object Repository/HealthpostToStore/Page_Store/button_Add' is clicked on

2018-05-22 11:38:56 - [MESSAGE][PASSED] - Object: 'Object Repository/HealthpostToStore/Page_Store/button_Add' is clicked on

2018-05-22 11:38:56 - [TEST_STEP][PASSED] - Statement - Break: null

2018-05-22 11:38:56 - [TEST_STEP][PASSED] - selectOptionByIndex: All options with index in [3] are selected on object 'Object Repository/HealthpostToStore/Page_Store/select_--Select--Adernaline 0.'

2018-05-22 11:38:56 - [MESSAGE][PASSED] - All options with index in [3] are selected on object 'Object Repository/HealthpostToStore/Page_Store/select_--Select--Adernaline 0.'

2018-05-22 11:38:56 - [TEST_STEP][PASSED] - delay: Delayed 2 second(s)

2018-05-22 11:38:58 - [MESSAGE][PASSED] - Delayed 2 second(s)

2018-05-22 11:38:58 - [TEST_STEP][PASSED] - Statement - RequestedQty = com.kms.katalon.core.webui.keyword.WebUiBuiltInKeywords.getAttribute(com.kms.katalon.core.testobject.ObjectRepository.findTestObject(HealthpostToStore/Page_Store/input_txttotal), "value"): Attribute 'value' of object 'Object Repository/HealthpostToStore/Page_Store/input_txttotal' is: '10'

2018-05-22 11:38:58 - [MESSAGE][PASSED] - Attribute 'value' of object 'Object Repository/HealthpostToStore/Page_Store/input_txttotal' is: '10'

2018-05-22 11:38:58 - [TEST_STEP][PASSED] - Statement - out.println("Requested QTY : " + RequestedQty): null

2018-05-22 11:38:58 - [TEST_STEP][PASSED] - Statement - BatchNumber = com.kms.katalon.core.webui.keyword.WebUiBuiltInKeywords.getNumberOfTotalOption(com.kms.katalon.core.testobject.ObjectRepository.findTestObject(HealthpostToStore/Page_Store/select_--Select--BA1170BA2376B)): 5 options of object 'Object Repository/HealthpostToStore/Page_Store/select_--Select--BA1170BA2376B' counted

2018-05-22 11:38:58 - [MESSAGE][PASSED] - 5 options of object 'Object Repository/HealthpostToStore/Page_Store/select_--Select--BA1170BA2376B' counted

2018-05-22 11:38:58 - [TEST_STEP][PASSED] - Statement - For ([g = 1, g <= BatchNumber - 1, (g++)]): null

2018-05-22 11:38:58 - [TEST_STEP][PASSED] - selectOptionByIndex: All options with index in [1] are selected on object 'Object Repository/HealthpostToStore/Page_Store/select_--Select--BA1170BA2376B'

2018-05-22 11:38:58 - [MESSAGE][PASSED] - All options with index in [1] are selected on object 'Object Repository/HealthpostToStore/Page_Store/select_--Select--BA1170BA2376B'

2018-05-22 11:38:58 - [TEST_STEP][PASSED] - Statement - Try: null

2018-05-22 11:38:58 - [TEST_STEP][PASSED] - Statement - StockQty = com.kms.katalon.core.webui.keyword.WebUiBuiltInKeywords.getAttribute(com.kms.katalon.core.testobject.ObjectRepository.findTestObject(HealthpostToStore/Page_Store/input_txtprice), "value"): Attribute 'value' of object 'Object Repository/HealthpostToStore/Page_Store/input_txtprice' is: '190'

2018-05-22 11:38:58 - [MESSAGE][PASSED] - Attribute 'value' of object 'Object Repository/HealthpostToStore/Page_Store/input_txtprice' is: '190'

2018-05-22 11:38:58 - [TEST_STEP][PASSED] - Statement - out.println("Stock QTY : " + StockQty): null

2018-05-22 11:38:58 - [TEST_STEP][PASSED] - delay: Delayed 2 second(s)

2018-05-22 11:39:00 - [MESSAGE][PASSED] - Delayed 2 second(s)

2018-05-22 11:39:00 - [TEST_STEP][PASSED] - Statement - If (java.lang.String.valueOf(StockQty) >= java.lang.String.valueOf(RequestedQty)): null

2018-05-22 11:39:00 - [TEST_STEP][PASSED] - setText: Text '10' is set on object 'Object Repository/HealthpostToStore/Page_Store/input_txtqty'

2018-05-22 11:39:00 - [MESSAGE][PASSED] - Text '10' is set on object 'Object Repository/HealthpostToStore/Page_Store/input_txtqty'

2018-05-22 11:39:00 - [TEST_STEP][PASSED] - click: Object: 'Object Repository/HealthpostToStore/Page_Store/button_Add' is clicked on

2018-05-22 11:39:00 - [MESSAGE][PASSED] - Object: 'Object Repository/HealthpostToStore/Page_Store/button_Add' is clicked on

2018-05-22 11:39:00 - [TEST_STEP][PASSED] - Statement - Break: null

2018-05-22 11:39:00 - [TEST_STEP][PASSED] - selectOptionByIndex: All options with index in [4] are selected on object 'Object Repository/HealthpostToStore/Page_Store/select_--Select--Adernaline 0.'

2018-05-22 11:39:01 - [MESSAGE][PASSED] - All options with index in [4] are selected on object 'Object Repository/HealthpostToStore/Page_Store/select_--Select--Adernaline 0.'

2018-05-22 11:39:01 - [TEST_STEP][PASSED] - delay: Delayed 2 second(s)

2018-05-22 11:39:03 - [MESSAGE][PASSED] - Delayed 2 second(s)

2018-05-22 11:39:03 - [TEST_STEP][PASSED] - Statement - RequestedQty = com.kms.katalon.core.webui.keyword.WebUiBuiltInKeywords.getAttribute(com.kms.katalon.core.testobject.ObjectRepository.findTestObject(HealthpostToStore/Page_Store/input_txttotal), "value"): Attribute 'value' of object 'Object Repository/HealthpostToStore/Page_Store/input_txttotal' is: '10'

2018-05-22 11:39:03 - [MESSAGE][PASSED] - Attribute 'value' of object 'Object Repository/HealthpostToStore/Page_Store/input_txttotal' is: '10'

2018-05-22 11:39:03 - [TEST_STEP][PASSED] - Statement - out.println("Requested QTY : " + RequestedQty): null

2018-05-22 11:39:03 - [TEST_STEP][PASSED] - Statement - BatchNumber = com.kms.katalon.core.webui.keyword.WebUiBuiltInKeywords.getNumberOfTotalOption(com.kms.katalon.core.testobject.ObjectRepository.findTestObject(HealthpostToStore/Page_Store/select_--Select--BA1170BA2376B)): 3 options of object 'Object Repository/HealthpostToStore/Page_Store/select_--Select--BA1170BA2376B' counted

2018-05-22 11:39:03 - [MESSAGE][PASSED] - 3 options of object 'Object Repository/HealthpostToStore/Page_Store/select_--Select--BA1170BA2376B' counted

2018-05-22 11:39:03 - [TEST_STEP][PASSED] - Statement - For ([g = 1, g <= BatchNumber - 1, (g++)]): null

2018-05-22 11:39:03 - [TEST_STEP][PASSED] - selectOptionByIndex: All options with index in [1] are selected on object 'Object Repository/HealthpostToStore/Page_Store/select_--Select--BA1170BA2376B'

2018-05-22 11:39:03 - [MESSAGE][PASSED] - All options with index in [1] are selected on object 'Object Repository/HealthpostToStore/Page_Store/select_--Select--BA1170BA2376B'

2018-05-22 11:39:03 - [TEST_STEP][PASSED] - Statement - Try: null

2018-05-22 11:39:03 - [TEST_STEP][PASSED] - Statement - StockQty = com.kms.katalon.core.webui.keyword.WebUiBuiltInKeywords.getAttribute(com.kms.katalon.core.testobject.ObjectRepository.findTestObject(HealthpostToStore/Page_Store/input_txtprice), "value"): Attribute 'value' of object 'Object Repository/HealthpostToStore/Page_Store/input_txtprice' is: '190'

2018-05-22 11:39:03 - [MESSAGE][PASSED] - Attribute 'value' of object 'Object Repository/HealthpostToStore/Page_Store/input_txtprice' is: '190'

2018-05-22 11:39:03 - [TEST_STEP][PASSED] - Statement - out.println("Stock QTY : " + StockQty): null

2018-05-22 11:39:03 - [TEST_STEP][PASSED] - delay: Delayed 2 second(s)

2018-05-22 11:39:05 - [MESSAGE][PASSED] - Delayed 2 second(s)

2018-05-22 11:39:05 - [TEST_STEP][PASSED] - Statement - If (java.lang.String.valueOf(StockQty) >= java.lang.String.valueOf(RequestedQty)): null

2018-05-22 11:39:05 - [TEST_STEP][PASSED] - setText: Text '10' is set on object 'Object Repository/HealthpostToStore/Page_Store/input_txtqty'

2018-05-22 11:39:05 - [MESSAGE][PASSED] - Text '10' is set on object 'Object Repository/HealthpostToStore/Page_Store/input_txtqty'

2018-05-22 11:39:05 - [TEST_STEP][PASSED] - click: Object: 'Object Repository/HealthpostToStore/Page_Store/button_Add' is clicked on

2018-05-22 11:39:05 - [MESSAGE][PASSED] - Object: 'Object Repository/HealthpostToStore/Page_Store/button_Add' is clicked on

2018-05-22 11:39:05 - [TEST_STEP][PASSED] - Statement - Break: null

2018-05-22 11:39:05 - [TEST_STEP][PASSED] - selectOptionByIndex: All options with index in [5] are selected on object 'Object Repository/HealthpostToStore/Page_Store/select_--Select--Adernaline 0.'

2018-05-22 11:39:05 - [MESSAGE][PASSED] - All options with index in [5] are selected on object 'Object Repository/HealthpostToStore/Page_Store/select_--Select--Adernaline 0.'

2018-05-22 11:39:05 - [TEST_STEP][PASSED] - delay: Delayed 2 second(s)

2018-05-22 11:39:07 - [MESSAGE][PASSED] - Delayed 2 second(s)

2018-05-22 11:39:07 - [TEST_STEP][PASSED] - Statement - RequestedQty = com.kms.katalon.core.webui.keyword.WebUiBuiltInKeywords.getAttribute(com.kms.katalon.core.testobject.ObjectRepository.findTestObject(HealthpostToStore/Page_Store/input_txttotal), "value"): Attribute 'value' of object 'Object Repository/HealthpostToStore/Page_Store/input_txttotal' is: '10'

2018-05-22 11:39:07 - [MESSAGE][PASSED] - Attribute 'value' of object 'Object Repository/HealthpostToStore/Page_Store/input_txttotal' is: '10'

2018-05-22 11:39:07 - [TEST_STEP][PASSED] - Statement - out.println("Requested QTY : " + RequestedQty): null

2018-05-22 11:39:07 - [TEST_STEP][PASSED] - Statement - BatchNumber = com.kms.katalon.core.webui.keyword.WebUiBuiltInKeywords.getNumberOfTotalOption(com.kms.katalon.core.testobject.ObjectRepository.findTestObject(HealthpostToStore/Page_Store/select_--Select--BA1170BA2376B)): 3 options of object 'Object Repository/HealthpostToStore/Page_Store/select_--Select--BA1170BA2376B' counted

2018-05-22 11:39:07 - [MESSAGE][PASSED] - 3 options of object 'Object Repository/HealthpostToStore/Page_Store/select_--Select--BA1170BA2376B' counted

2018-05-22 11:39:07 - [TEST_STEP][PASSED] - Statement - For ([g = 1, g <= BatchNumber - 1, (g++)]): null

2018-05-22 11:39:07 - [TEST_STEP][PASSED] - selectOptionByIndex: All options with index in [1] are selected on object 'Object Repository/HealthpostToStore/Page_Store/select_--Select--BA1170BA2376B'

2018-05-22 11:39:07 - [MESSAGE][PASSED] - All options with index in [1] are selected on object 'Object Repository/HealthpostToStore/Page_Store/select_--Select--BA1170BA2376B'

2018-05-22 11:39:07 - [TEST_STEP][PASSED] - Statement - Try: null

2018-05-22 11:39:07 - [TEST_STEP][PASSED] - Statement - StockQty = com.kms.katalon.core.webui.keyword.WebUiBuiltInKeywords.getAttribute(com.kms.katalon.core.testobject.ObjectRepository.findTestObject(HealthpostToStore/Page_Store/input_txtprice), "value"): Attribute 'value' of object 'Object Repository/HealthpostToStore/Page_Store/input_txtprice' is: '2215'

2018-05-22 11:39:08 - [MESSAGE][PASSED] - Attribute 'value' of object 'Object Repository/HealthpostToStore/Page_Store/input_txtprice' is: '2215'

2018-05-22 11:39:08 - [TEST_STEP][PASSED] - Statement - out.println("Stock QTY : " + StockQty): null

2018-05-22 11:39:08 - [TEST_STEP][PASSED] - delay: Delayed 2 second(s)

2018-05-22 11:39:10 - [MESSAGE][PASSED] - Delayed 2 second(s)

2018-05-22 11:39:10 - [TEST_STEP][PASSED] - Statement - If (java.lang.String.valueOf(StockQty) >= java.lang.String.valueOf(RequestedQty)): null

2018-05-22 11:39:10 - [TEST_STEP][PASSED] - setText: Text '10' is set on object 'Object Repository/HealthpostToStore/Page_Store/input_txtqty'

2018-05-22 11:39:10 - [MESSAGE][PASSED] - Text '10' is set on object 'Object Repository/HealthpostToStore/Page_Store/input_txtqty'

2018-05-22 11:39:10 - [TEST_STEP][PASSED] - click: Object: 'Object Repository/HealthpostToStore/Page_Store/button_Add' is clicked on

2018-05-22 11:39:10 - [MESSAGE][PASSED] - Object: 'Object Repository/HealthpostToStore/Page_Store/button_Add' is clicked on

2018-05-22 11:39:10 - [TEST_STEP][PASSED] - Statement - Break: null

2018-05-22 11:39:10 - [TEST_STEP][PASSED] - selectOptionByIndex: All options with index in [6] are selected on object 'Object Repository/HealthpostToStore/Page_Store/select_--Select--Adernaline 0.'

2018-05-22 11:39:10 - [MESSAGE][PASSED] - All options with index in [6] are selected on object 'Object Repository/HealthpostToStore/Page_Store/select_--Select--Adernaline 0.'

2018-05-22 11:39:10 - [TEST_STEP][PASSED] - delay: Delayed 2 second(s)

2018-05-22 11:39:12 - [MESSAGE][PASSED] - Delayed 2 second(s)

2018-05-22 11:39:12 - [TEST_STEP][PASSED] - Statement - RequestedQty = com.kms.katalon.core.webui.keyword.WebUiBuiltInKeywords.getAttribute(com.kms.katalon.core.testobject.ObjectRepository.findTestObject(HealthpostToStore/Page_Store/input_txttotal), "value"): Attribute 'value' of object 'Object Repository/HealthpostToStore/Page_Store/input_txttotal' is: '10'

2018-05-22 11:39:12 - [MESSAGE][PASSED] - Attribute 'value' of object 'Object Repository/HealthpostToStore/Page_Store/input_txttotal' is: '10'

2018-05-22 11:39:12 - [TEST_STEP][PASSED] - Statement - out.println("Requested QTY : " + RequestedQty): null

2018-05-22 11:39:12 - [TEST_STEP][PASSED] - Statement - BatchNumber = com.kms.katalon.core.webui.keyword.WebUiBuiltInKeywords.getNumberOfTotalOption(com.kms.katalon.core.testobject.ObjectRepository.findTestObject(HealthpostToStore/Page_Store/select_--Select--BA1170BA2376B)): 3 options of object 'Object Repository/HealthpostToStore/Page_Store/select_--Select--BA1170BA2376B' counted

2018-05-22 11:39:12 - [MESSAGE][PASSED] - 3 options of object 'Object Repository/HealthpostToStore/Page_Store/select_--Select--BA1170BA2376B' counted

2018-05-22 11:39:12 - [TEST_STEP][PASSED] - Statement - For ([g = 1, g <= BatchNumber - 1, (g++)]): null

2018-05-22 11:39:12 - [TEST_STEP][PASSED] - selectOptionByIndex: All options with index in [1] are selected on object 'Object Repository/HealthpostToStore/Page_Store/select_--Select--BA1170BA2376B'

2018-05-22 11:39:12 - [MESSAGE][PASSED] - All options with index in [1] are selected on object 'Object Repository/HealthpostToStore/Page_Store/select_--Select--BA1170BA2376B'

2018-05-22 11:39:12 - [TEST_STEP][PASSED] - Statement - Try: null

2018-05-22 11:39:12 - [TEST_STEP][PASSED] - Statement - StockQty = com.kms.katalon.core.webui.keyword.WebUiBuiltInKeywords.getAttribute(com.kms.katalon.core.testobject.ObjectRepository.findTestObject(HealthpostToStore/Page_Store/input_txtprice), "value"): Attribute 'value' of object 'Object Repository/HealthpostToStore/Page_Store/input_txtprice' is: '1220'

2018-05-22 11:39:12 - [MESSAGE][PASSED] - Attribute 'value' of object 'Object Repository/HealthpostToStore/Page_Store/input_txtprice' is: '1220'

2018-05-22 11:39:12 - [TEST_STEP][PASSED] - Statement - out.println("Stock QTY : " + StockQty): null

2018-05-22 11:39:12 - [TEST_STEP][PASSED] - delay: Delayed 2 second(s)

2018-05-22 11:39:14 - [MESSAGE][PASSED] - Delayed 2 second(s)

2018-05-22 11:39:14 - [TEST_STEP][PASSED] - Statement - If (java.lang.String.valueOf(StockQty) >= java.lang.String.valueOf(RequestedQty)): null

2018-05-22 11:39:14 - [TEST_STEP][PASSED] - setText: Text '10' is set on object 'Object Repository/HealthpostToStore/Page_Store/input_txtqty'

2018-05-22 11:39:14 - [MESSAGE][PASSED] - Text '10' is set on object 'Object Repository/HealthpostToStore/Page_Store/input_txtqty'

2018-05-22 11:39:14 - [TEST_STEP][PASSED] - click: Object: 'Object Repository/HealthpostToStore/Page_Store/button_Add' is clicked on

2018-05-22 11:39:14 - [MESSAGE][PASSED] - Object: 'Object Repository/HealthpostToStore/Page_Store/button_Add' is clicked on

2018-05-22 11:39:14 - [TEST_STEP][PASSED] - Statement - Break: null

2018-05-22 11:39:14 - [TEST_STEP][PASSED] - selectOptionByIndex: All options with index in [7] are selected on object 'Object Repository/HealthpostToStore/Page_Store/select_--Select--Adernaline 0.'

2018-05-22 11:39:14 - [MESSAGE][PASSED] - All options with index in [7] are selected on object 'Object Repository/HealthpostToStore/Page_Store/select_--Select--Adernaline 0.'

2018-05-22 11:39:14 - [TEST_STEP][PASSED] - delay: Delayed 2 second(s)

2018-05-22 11:39:16 - [MESSAGE][PASSED] - Delayed 2 second(s)

2018-05-22 11:39:16 - [TEST_STEP][PASSED] - Statement - RequestedQty = com.kms.katalon.core.webui.keyword.WebUiBuiltInKeywords.getAttribute(com.kms.katalon.core.testobject.ObjectRepository.findTestObject(HealthpostToStore/Page_Store/input_txttotal), "value"): Attribute 'value' of object 'Object Repository/HealthpostToStore/Page_Store/input_txttotal' is: '10'

2018-05-22 11:39:16 - [MESSAGE][PASSED] - Attribute 'value' of object 'Object Repository/HealthpostToStore/Page_Store/input_txttotal' is: '10'

2018-05-22 11:39:16 - [TEST_STEP][PASSED] - Statement - out.println("Requested QTY : " + RequestedQty): null

2018-05-22 11:39:17 - [TEST_STEP][PASSED] - Statement - BatchNumber = com.kms.katalon.core.webui.keyword.WebUiBuiltInKeywords.getNumberOfTotalOption(com.kms.katalon.core.testobject.ObjectRepository.findTestObject(HealthpostToStore/Page_Store/select_--Select--BA1170BA2376B)): 3 options of object 'Object Repository/HealthpostToStore/Page_Store/select_--Select--BA1170BA2376B' counted

2018-05-22 11:39:17 - [MESSAGE][PASSED] - 3 options of object 'Object Repository/HealthpostToStore/Page_Store/select_--Select--BA1170BA2376B' counted

2018-05-22 11:39:17 - [TEST_STEP][PASSED] - Statement - For ([g = 1, g <= BatchNumber - 1, (g++)]): null

2018-05-22 11:39:17 - [TEST_STEP][PASSED] - selectOptionByIndex: All options with index in [1] are selected on object 'Object Repository/HealthpostToStore/Page_Store/select_--Select--BA1170BA2376B'

2018-05-22 11:39:17 - [MESSAGE][PASSED] - All options with index in [1] are selected on object 'Object Repository/HealthpostToStore/Page_Store/select_--Select--BA1170BA2376B'

2018-05-22 11:39:17 - [TEST_STEP][PASSED] - Statement - Try: null

2018-05-22 11:39:17 - [TEST_STEP][PASSED] - Statement - StockQty = com.kms.katalon.core.webui.keyword.WebUiBuiltInKeywords.getAttribute(com.kms.katalon.core.testobject.ObjectRepository.findTestObject(HealthpostToStore/Page_Store/input_txtprice), "value"): Attribute 'value' of object 'Object Repository/HealthpostToStore/Page_Store/input_txtprice' is: '1120'

2018-05-22 11:39:17 - [MESSAGE][PASSED] - Attribute 'value' of object 'Object Repository/HealthpostToStore/Page_Store/input_txtprice' is: '1120'

2018-05-22 11:39:17 - [TEST_STEP][PASSED] - Statement - out.println("Stock QTY : " + StockQty): null

2018-05-22 11:39:17 - [TEST_STEP][PASSED] - delay: Delayed 2 second(s)

2018-05-22 11:39:19 - [MESSAGE][PASSED] - Delayed 2 second(s)

2018-05-22 11:39:19 - [TEST_STEP][PASSED] - Statement - If (java.lang.String.valueOf(StockQty) >= java.lang.String.valueOf(RequestedQty)): null

2018-05-22 11:39:19 - [TEST_STEP][PASSED] - setText: Text '10' is set on object 'Object Repository/HealthpostToStore/Page_Store/input_txtqty'

2018-05-22 11:39:19 - [MESSAGE][PASSED] - Text '10' is set on object 'Object Repository/HealthpostToStore/Page_Store/input_txtqty'

2018-05-22 11:39:19 - [TEST_STEP][PASSED] - click: Object: 'Object Repository/HealthpostToStore/Page_Store/button_Add' is clicked on

2018-05-22 11:39:19 - [MESSAGE][PASSED] - Object: 'Object Repository/HealthpostToStore/Page_Store/button_Add' is clicked on

2018-05-22 11:39:19 - [TEST_STEP][PASSED] - Statement - Break: null

2018-05-22 11:39:19 - [TEST_STEP][PASSED] - selectOptionByIndex: All options with index in [8] are selected on object 'Object Repository/HealthpostToStore/Page_Store/select_--Select--Adernaline 0.'

2018-05-22 11:39:19 - [MESSAGE][PASSED] - All options with index in [8] are selected on object 'Object Repository/HealthpostToStore/Page_Store/select_--Select--Adernaline 0.'

2018-05-22 11:39:19 - [TEST_STEP][PASSED] - delay: Delayed 2 second(s)

2018-05-22 11:39:21 - [MESSAGE][PASSED] - Delayed 2 second(s)

2018-05-22 11:39:21 - [TEST_STEP][PASSED] - Statement - RequestedQty = com.kms.katalon.core.webui.keyword.WebUiBuiltInKeywords.getAttribute(com.kms.katalon.core.testobject.ObjectRepository.findTestObject(HealthpostToStore/Page_Store/input_txttotal), "value"): Attribute 'value' of object 'Object Repository/HealthpostToStore/Page_Store/input_txttotal' is: '10'

2018-05-22 11:39:21 - [MESSAGE][PASSED] - Attribute 'value' of object 'Object Repository/HealthpostToStore/Page_Store/input_txttotal' is: '10'

2018-05-22 11:39:21 - [TEST_STEP][PASSED] - Statement - out.println("Requested QTY : " + RequestedQty): null

2018-05-22 11:39:21 - [TEST_STEP][PASSED] - Statement - BatchNumber = com.kms.katalon.core.webui.keyword.WebUiBuiltInKeywords.getNumberOfTotalOption(com.kms.katalon.core.testobject.ObjectRepository.findTestObject(HealthpostToStore/Page_Store/select_--Select--BA1170BA2376B)): 2 options of object 'Object Repository/HealthpostToStore/Page_Store/select_--Select--BA1170BA2376B' counted

2018-05-22 11:39:21 - [MESSAGE][PASSED] - 2 options of object 'Object Repository/HealthpostToStore/Page_Store/select_--Select--BA1170BA2376B' counted

2018-05-22 11:39:21 - [TEST_STEP][PASSED] - Statement - For ([g = 1, g <= BatchNumber - 1, (g++)]): null

2018-05-22 11:39:21 - [TEST_STEP][PASSED] - selectOptionByIndex: All options with index in [1] are selected on object 'Object Repository/HealthpostToStore/Page_Store/select_--Select--BA1170BA2376B'

2018-05-22 11:39:21 - [MESSAGE][PASSED] - All options with index in [1] are selected on object 'Object Repository/HealthpostToStore/Page_Store/select_--Select--BA1170BA2376B'

2018-05-22 11:39:21 - [TEST_STEP][PASSED] - Statement - Try: null

2018-05-22 11:39:21 - [TEST_STEP][PASSED] - Statement - StockQty = com.kms.katalon.core.webui.keyword.WebUiBuiltInKeywords.getAttribute(com.kms.katalon.core.testobject.ObjectRepository.findTestObject(HealthpostToStore/Page_Store/input_txtprice), "value"): Attribute 'value' of object 'Object Repository/HealthpostToStore/Page_Store/input_txtprice' is: '1220'

2018-05-22 11:39:21 - [MESSAGE][PASSED] - Attribute 'value' of object 'Object Repository/HealthpostToStore/Page_Store/input_txtprice' is: '1220'

2018-05-22 11:39:21 - [TEST_STEP][PASSED] - Statement - out.println("Stock QTY : " + StockQty): null

2018-05-22 11:39:21 - [TEST_STEP][PASSED] - delay: Delayed 2 second(s)

2018-05-22 11:39:23 - [MESSAGE][PASSED] - Delayed 2 second(s)

2018-05-22 11:39:23 - [TEST_STEP][PASSED] - Statement - If (java.lang.String.valueOf(StockQty) >= java.lang.String.valueOf(RequestedQty)): null

2018-05-22 11:39:23 - [TEST_STEP][PASSED] - setText: Text '10' is set on object 'Object Repository/HealthpostToStore/Page_Store/input_txtqty'

2018-05-22 11:39:23 - [MESSAGE][PASSED] - Text '10' is set on object 'Object Repository/HealthpostToStore/Page_Store/input_txtqty'

2018-05-22 11:39:23 - [TEST_STEP][PASSED] - click: Object: 'Object Repository/HealthpostToStore/Page_Store/button_Add' is clicked on

2018-05-22 11:39:24 - [MESSAGE][PASSED] - Object: 'Object Repository/HealthpostToStore/Page_Store/button_Add' is clicked on

2018-05-22 11:39:24 - [TEST_STEP][PASSED] - Statement - Break: null

2018-05-22 11:39:24 - [TEST_STEP][PASSED] - selectOptionByIndex: All options with index in [9] are selected on object 'Object Repository/HealthpostToStore/Page_Store/select_--Select--Adernaline 0.'

2018-05-22 11:39:24 - [MESSAGE][PASSED] - All options with index in [9] are selected on object 'Object Repository/HealthpostToStore/Page_Store/select_--Select--Adernaline 0.'

2018-05-22 11:39:24 - [TEST_STEP][PASSED] - delay: Delayed 2 second(s)

2018-05-22 11:39:26 - [MESSAGE][PASSED] - Delayed 2 second(s)

2018-05-22 11:39:26 - [TEST_STEP][PASSED] - Statement - RequestedQty = com.kms.katalon.core.webui.keyword.WebUiBuiltInKeywords.getAttribute(com.kms.katalon.core.testobject.ObjectRepository.findTestObject(HealthpostToStore/Page_Store/input_txttotal), "value"): Attribute 'value' of object 'Object Repository/HealthpostToStore/Page_Store/input_txttotal' is: '10'

2018-05-22 11:39:26 - [MESSAGE][PASSED] - Attribute 'value' of object 'Object Repository/HealthpostToStore/Page_Store/input_txttotal' is: '10'

2018-05-22 11:39:26 - [TEST_STEP][PASSED] - Statement - out.println("Requested QTY : " + RequestedQty): null

2018-05-22 11:39:26 - [TEST_STEP][PASSED] - Statement - BatchNumber = com.kms.katalon.core.webui.keyword.WebUiBuiltInKeywords.getNumberOfTotalOption(com.kms.katalon.core.testobject.ObjectRepository.findTestObject(HealthpostToStore/Page_Store/select_--Select--BA1170BA2376B)): 4 options of object 'Object Repository/HealthpostToStore/Page_Store/select_--Select--BA1170BA2376B' counted

2018-05-22 11:39:26 - [MESSAGE][PASSED] - 4 options of object 'Object Repository/HealthpostToStore/Page_Store/select_--Select--BA1170BA2376B' counted

2018-05-22 11:39:26 - [TEST_STEP][PASSED] - Statement - For ([g = 1, g <= BatchNumber - 1, (g++)]): null

2018-05-22 11:39:26 - [TEST_STEP][PASSED] - selectOptionByIndex: All options with index in [1] are selected on object 'Object Repository/HealthpostToStore/Page_Store/select_--Select--BA1170BA2376B'

2018-05-22 11:39:26 - [MESSAGE][PASSED] - All options with index in [1] are selected on object 'Object Repository/HealthpostToStore/Page_Store/select_--Select--BA1170BA2376B'

2018-05-22 11:39:26 - [TEST_STEP][PASSED] - Statement - Try: null

2018-05-22 11:39:26 - [TEST_STEP][PASSED] - Statement - StockQty = com.kms.katalon.core.webui.keyword.WebUiBuiltInKeywords.getAttribute(com.kms.katalon.core.testobject.ObjectRepository.findTestObject(HealthpostToStore/Page_Store/input_txtprice), "value"): Attribute 'value' of object 'Object Repository/HealthpostToStore/Page_Store/input_txtprice' is: '1120'

2018-05-22 11:39:26 - [MESSAGE][PASSED] - Attribute 'value' of object 'Object Repository/HealthpostToStore/Page_Store/input_txtprice' is: '1120'

2018-05-22 11:39:26 - [TEST_STEP][PASSED] - Statement - out.println("Stock QTY : " + StockQty): null

2018-05-22 11:39:26 - [TEST_STEP][PASSED] - delay: Delayed 2 second(s)

2018-05-22 11:39:28 - [MESSAGE][PASSED] - Delayed 2 second(s)

2018-05-22 11:39:28 - [TEST_STEP][PASSED] - Statement - If (java.lang.String.valueOf(StockQty) >= java.lang.String.valueOf(RequestedQty)): null

2018-05-22 11:39:28 - [TEST_STEP][PASSED] - setText: Text '10' is set on object 'Object Repository/HealthpostToStore/Page_Store/input_txtqty'

2018-05-22 11:39:28 - [MESSAGE][PASSED] - Text '10' is set on object 'Object Repository/HealthpostToStore/Page_Store/input_txtqty'

2018-05-22 11:39:28 - [TEST_STEP][PASSED] - click: Object: 'Object Repository/HealthpostToStore/Page_Store/button_Add' is clicked on

2018-05-22 11:39:28 - [MESSAGE][PASSED] - Object: 'Object Repository/HealthpostToStore/Page_Store/button_Add' is clicked on

2018-05-22 11:39:28 - [TEST_STEP][PASSED] - Statement - Break: null

2018-05-22 11:39:28 - [TEST_STEP][PASSED] - selectOptionByIndex: All options with index in [10] are selected on object 'Object Repository/HealthpostToStore/Page_Store/select_--Select--Adernaline 0.'

2018-05-22 11:39:28 - [MESSAGE][PASSED] - All options with index in [10] are selected on object 'Object Repository/HealthpostToStore/Page_Store/select_--Select--Adernaline 0.'

2018-05-22 11:39:28 - [TEST_STEP][PASSED] - delay: Delayed 2 second(s)

2018-05-22 11:39:30 - [MESSAGE][PASSED] - Delayed 2 second(s)

2018-05-22 11:39:30 - [TEST_STEP][PASSED] - Statement - RequestedQty = com.kms.katalon.core.webui.keyword.WebUiBuiltInKeywords.getAttribute(com.kms.katalon.core.testobject.ObjectRepository.findTestObject(HealthpostToStore/Page_Store/input_txttotal), "value"): Attribute 'value' of object 'Object Repository/HealthpostToStore/Page_Store/input_txttotal' is: '10'

2018-05-22 11:39:30 - [MESSAGE][PASSED] - Attribute 'value' of object 'Object Repository/HealthpostToStore/Page_Store/input_txttotal' is: '10'

2018-05-22 11:39:30 - [TEST_STEP][PASSED] - Statement - out.println("Requested QTY : " + RequestedQty): null

2018-05-22 11:39:30 - [TEST_STEP][PASSED] - Statement - BatchNumber = com.kms.katalon.core.webui.keyword.WebUiBuiltInKeywords.getNumberOfTotalOption(com.kms.katalon.core.testobject.ObjectRepository.findTestObject(HealthpostToStore/Page_Store/select_--Select--BA1170BA2376B)): 4 options of object 'Object Repository/HealthpostToStore/Page_Store/select_--Select--BA1170BA2376B' counted

2018-05-22 11:39:30 - [MESSAGE][PASSED] - 4 options of object 'Object Repository/HealthpostToStore/Page_Store/select_--Select--BA1170BA2376B' counted

2018-05-22 11:39:30 - [TEST_STEP][PASSED] - Statement - For ([g = 1, g <= BatchNumber - 1, (g++)]): null

2018-05-22 11:39:30 - [TEST_STEP][PASSED] - selectOptionByIndex: All options with index in [1] are selected on object 'Object Repository/HealthpostToStore/Page_Store/select_--Select--BA1170BA2376B'

2018-05-22 11:39:31 - [MESSAGE][PASSED] - All options with index in [1] are selected on object 'Object Repository/HealthpostToStore/Page_Store/select_--Select--BA1170BA2376B'

2018-05-22 11:39:31 - [TEST_STEP][PASSED] - Statement - Try: null

2018-05-22 11:39:31 - [TEST_STEP][PASSED] - Statement - StockQty = com.kms.katalon.core.webui.keyword.WebUiBuiltInKeywords.getAttribute(com.kms.katalon.core.testobject.ObjectRepository.findTestObject(HealthpostToStore/Page_Store/input_txtprice), "value"): Attribute 'value' of object 'Object Repository/HealthpostToStore/Page_Store/input_txtprice' is: '20'

2018-05-22 11:39:31 - [MESSAGE][PASSED] - Attribute 'value' of object 'Object Repository/HealthpostToStore/Page_Store/input_txtprice' is: '20'

2018-05-22 11:39:31 - [TEST_STEP][PASSED] - Statement - out.println("Stock QTY : " + StockQty): null

2018-05-22 11:39:31 - [TEST_STEP][PASSED] - delay: Delayed 2 second(s)

2018-05-22 11:39:33 - [MESSAGE][PASSED] - Delayed 2 second(s)

2018-05-22 11:39:33 - [TEST_STEP][PASSED] - Statement - If (java.lang.String.valueOf(StockQty) >= java.lang.String.valueOf(RequestedQty)): null

2018-05-22 11:39:33 - [TEST_STEP][PASSED] - setText: Text '10' is set on object 'Object Repository/HealthpostToStore/Page_Store/input_txtqty'

2018-05-22 11:39:33 - [MESSAGE][PASSED] - Text '10' is set on object 'Object Repository/HealthpostToStore/Page_Store/input_txtqty'

2018-05-22 11:39:33 - [TEST_STEP][PASSED] - click: Object: 'Object Repository/HealthpostToStore/Page_Store/button_Add' is clicked on

2018-05-22 11:39:33 - [MESSAGE][PASSED] - Object: 'Object Repository/HealthpostToStore/Page_Store/button_Add' is clicked on

2018-05-22 11:39:33 - [TEST_STEP][PASSED] - Statement - Break: null

2018-05-22 11:39:33 - [TEST_STEP][PASSED] - selectOptionByIndex: All options with index in [11] are selected on object 'Object Repository/HealthpostToStore/Page_Store/select_--Select--Adernaline 0.'

2018-05-22 11:39:33 - [MESSAGE][PASSED] - All options with index in [11] are selected on object 'Object Repository/HealthpostToStore/Page_Store/select_--Select--Adernaline 0.'

2018-05-22 11:39:33 - [TEST_STEP][PASSED] - delay: Delayed 2 second(s)

2018-05-22 11:39:35 - [MESSAGE][PASSED] - Delayed 2 second(s)

2018-05-22 11:39:35 - [TEST_STEP][PASSED] - Statement - RequestedQty = com.kms.katalon.core.webui.keyword.WebUiBuiltInKeywords.getAttribute(com.kms.katalon.core.testobject.ObjectRepository.findTestObject(HealthpostToStore/Page_Store/input_txttotal), "value"): Attribute 'value' of object 'Object Repository/HealthpostToStore/Page_Store/input_txttotal' is: '10'

2018-05-22 11:39:35 - [MESSAGE][PASSED] - Attribute 'value' of object 'Object Repository/HealthpostToStore/Page_Store/input_txttotal' is: '10'

2018-05-22 11:39:35 - [TEST_STEP][PASSED] - Statement - out.println("Requested QTY : " + RequestedQty): null

2018-05-22 11:39:35 - [TEST_STEP][PASSED] - Statement - BatchNumber = com.kms.katalon.core.webui.keyword.WebUiBuiltInKeywords.getNumberOfTotalOption(com.kms.katalon.core.testobject.ObjectRepository.findTestObject(HealthpostToStore/Page_Store/select_--Select--BA1170BA2376B)): 4 options of object 'Object Repository/HealthpostToStore/Page_Store/select_--Select--BA1170BA2376B' counted

2018-05-22 11:39:35 - [MESSAGE][PASSED] - 4 options of object 'Object Repository/HealthpostToStore/Page_Store/select_--Select--BA1170BA2376B' counted

2018-05-22 11:39:35 - [TEST_STEP][PASSED] - Statement - For ([g = 1, g <= BatchNumber - 1, (g++)]): null

2018-05-22 11:39:35 - [TEST_STEP][PASSED] - selectOptionByIndex: All options with index in [1] are selected on object 'Object Repository/HealthpostToStore/Page_Store/select_--Select--BA1170BA2376B'

2018-05-22 11:39:35 - [MESSAGE][PASSED] - All options with index in [1] are selected on object 'Object Repository/HealthpostToStore/Page_Store/select_--Select--BA1170BA2376B'

2018-05-22 11:39:35 - [TEST_STEP][PASSED] - Statement - Try: null

2018-05-22 11:39:35 - [TEST_STEP][PASSED] - Statement - StockQty = com.kms.katalon.core.webui.keyword.WebUiBuiltInKeywords.getAttribute(com.kms.katalon.core.testobject.ObjectRepository.findTestObject(HealthpostToStore/Page_Store/input_txtprice), "value"): Attribute 'value' of object 'Object Repository/HealthpostToStore/Page_Store/input_txtprice' is: '20'

2018-05-22 11:39:35 - [MESSAGE][PASSED] - Attribute 'value' of object 'Object Repository/HealthpostToStore/Page_Store/input_txtprice' is: '20'

2018-05-22 11:39:35 - [TEST_STEP][PASSED] - Statement - out.println("Stock QTY : " + StockQty): null

2018-05-22 11:39:35 - [TEST_STEP][PASSED] - delay: Delayed 2 second(s)

2018-05-22 11:39:37 - [MESSAGE][PASSED] - Delayed 2 second(s)

2018-05-22 11:39:37 - [TEST_STEP][PASSED] - Statement - If (java.lang.String.valueOf(StockQty) >= java.lang.String.valueOf(RequestedQty)): null

2018-05-22 11:39:37 - [TEST_STEP][PASSED] - setText: Text '10' is set on object 'Object Repository/HealthpostToStore/Page_Store/input_txtqty'

2018-05-22 11:39:37 - [MESSAGE][PASSED] - Text '10' is set on object 'Object Repository/HealthpostToStore/Page_Store/input_txtqty'

2018-05-22 11:39:37 - [TEST_STEP][PASSED] - click: Object: 'Object Repository/HealthpostToStore/Page_Store/button_Add' is clicked on

2018-05-22 11:39:37 - [MESSAGE][PASSED] - Object: 'Object Repository/HealthpostToStore/Page_Store/button_Add' is clicked on

2018-05-22 11:39:37 - [TEST_STEP][PASSED] - Statement - Break: null

2018-05-22 11:39:37 - [TEST_STEP][PASSED] - selectOptionByIndex: All options with index in [12] are selected on object 'Object Repository/HealthpostToStore/Page_Store/select_--Select--Adernaline 0.'

2018-05-22 11:39:38 - [MESSAGE][PASSED] - All options with index in [12] are selected on object 'Object Repository/HealthpostToStore/Page_Store/select_--Select--Adernaline 0.'

2018-05-22 11:39:38 - [TEST_STEP][PASSED] - delay: Delayed 2 second(s)

2018-05-22 11:39:40 - [MESSAGE][PASSED] - Delayed 2 second(s)

2018-05-22 11:39:40 - [TEST_STEP][PASSED] - Statement - RequestedQty = com.kms.katalon.core.webui.keyword.WebUiBuiltInKeywords.getAttribute(com.kms.katalon.core.testobject.ObjectRepository.findTestObject(HealthpostToStore/Page_Store/input_txttotal), "value"): Attribute 'value' of object 'Object Repository/HealthpostToStore/Page_Store/input_txttotal' is: '10'

2018-05-22 11:39:40 - [MESSAGE][PASSED] - Attribute 'value' of object 'Object Repository/HealthpostToStore/Page_Store/input_txttotal' is: '10'

2018-05-22 11:39:40 - [TEST_STEP][PASSED] - Statement - out.println("Requested QTY : " + RequestedQty): null

2018-05-22 11:39:40 - [TEST_STEP][PASSED] - Statement - BatchNumber = com.kms.katalon.core.webui.keyword.WebUiBuiltInKeywords.getNumberOfTotalOption(com.kms.katalon.core.testobject.ObjectRepository.findTestObject(HealthpostToStore/Page_Store/select_--Select--BA1170BA2376B)): 3 options of object 'Object Repository/HealthpostToStore/Page_Store/select_--Select--BA1170BA2376B' counted

2018-05-22 11:39:40 - [MESSAGE][PASSED] - 3 options of object 'Object Repository/HealthpostToStore/Page_Store/select_--Select--BA1170BA2376B' counted

2018-05-22 11:39:40 - [TEST_STEP][PASSED] - Statement - For ([g = 1, g <= BatchNumber - 1, (g++)]): null

2018-05-22 11:39:40 - [TEST_STEP][PASSED] - selectOptionByIndex: All options with index in [1] are selected on object 'Object Repository/HealthpostToStore/Page_Store/select_--Select--BA1170BA2376B'

2018-05-22 11:39:40 - [MESSAGE][PASSED] - All options with index in [1] are selected on object 'Object Repository/HealthpostToStore/Page_Store/select_--Select--BA1170BA2376B'

2018-05-22 11:39:40 - [TEST_STEP][PASSED] - Statement - Try: null

2018-05-22 11:39:40 - [TEST_STEP][PASSED] - Statement - StockQty = com.kms.katalon.core.webui.keyword.WebUiBuiltInKeywords.getAttribute(com.kms.katalon.core.testobject.ObjectRepository.findTestObject(HealthpostToStore/Page_Store/input_txtprice), "value"): Attribute 'value' of object 'Object Repository/HealthpostToStore/Page_Store/input_txtprice' is: '20'

2018-05-22 11:39:40 - [MESSAGE][PASSED] - Attribute 'value' of object 'Object Repository/HealthpostToStore/Page_Store/input_txtprice' is: '20'

2018-05-22 11:39:40 - [TEST_STEP][PASSED] - Statement - out.println("Stock QTY : " + StockQty): null

2018-05-22 11:39:40 - [TEST_STEP][PASSED] - delay: Delayed 2 second(s)

2018-05-22 11:39:42 - [MESSAGE][PASSED] - Delayed 2 second(s)

2018-05-22 11:39:42 - [TEST_STEP][PASSED] - Statement - If (java.lang.String.valueOf(StockQty) >= java.lang.String.valueOf(RequestedQty)): null

2018-05-22 11:39:42 - [TEST_STEP][PASSED] - setText: Text '10' is set on object 'Object Repository/HealthpostToStore/Page_Store/input_txtqty'

2018-05-22 11:39:42 - [MESSAGE][PASSED] - Text '10' is set on object 'Object Repository/HealthpostToStore/Page_Store/input_txtqty'

2018-05-22 11:39:42 - [TEST_STEP][PASSED] - click: Object: 'Object Repository/HealthpostToStore/Page_Store/button_Add' is clicked on

2018-05-22 11:39:42 - [MESSAGE][PASSED] - Object: 'Object Repository/HealthpostToStore/Page_Store/button_Add' is clicked on

2018-05-22 11:39:42 - [TEST_STEP][PASSED] - Statement - Break: null

2018-05-22 11:39:42 - [TEST_STEP][PASSED] - selectOptionByIndex: All options with index in [13] are selected on object 'Object Repository/HealthpostToStore/Page_Store/select_--Select--Adernaline 0.'

2018-05-22 11:39:42 - [MESSAGE][PASSED] - All options with index in [13] are selected on object 'Object Repository/HealthpostToStore/Page_Store/select_--Select--Adernaline 0.'

2018-05-22 11:39:42 - [TEST_STEP][PASSED] - delay: Delayed 2 second(s)

2018-05-22 11:39:44 - [MESSAGE][PASSED] - Delayed 2 second(s)

2018-05-22 11:39:44 - [TEST_STEP][PASSED] - Statement - RequestedQty = com.kms.katalon.core.webui.keyword.WebUiBuiltInKeywords.getAttribute(com.kms.katalon.core.testobject.ObjectRepository.findTestObject(HealthpostToStore/Page_Store/input_txttotal), "value"): Attribute 'value' of object 'Object Repository/HealthpostToStore/Page_Store/input_txttotal' is: '10'

2018-05-22 11:39:44 - [MESSAGE][PASSED] - Attribute 'value' of object 'Object Repository/HealthpostToStore/Page_Store/input_txttotal' is: '10'

2018-05-22 11:39:44 - [TEST_STEP][PASSED] - Statement - out.println("Requested QTY : " + RequestedQty): null

2018-05-22 11:39:44 - [TEST_STEP][PASSED] - Statement - BatchNumber = com.kms.katalon.core.webui.keyword.WebUiBuiltInKeywords.getNumberOfTotalOption(com.kms.katalon.core.testobject.ObjectRepository.findTestObject(HealthpostToStore/Page_Store/select_--Select--BA1170BA2376B)): 3 options of object 'Object Repository/HealthpostToStore/Page_Store/select_--Select--BA1170BA2376B' counted

2018-05-22 11:39:44 - [MESSAGE][PASSED] - 3 options of object 'Object Repository/HealthpostToStore/Page_Store/select_--Select--BA1170BA2376B' counted

2018-05-22 11:39:44 - [TEST_STEP][PASSED] - Statement - For ([g = 1, g <= BatchNumber - 1, (g++)]): null

2018-05-22 11:39:44 - [TEST_STEP][PASSED] - selectOptionByIndex: All options with index in [1] are selected on object 'Object Repository/HealthpostToStore/Page_Store/select_--Select--BA1170BA2376B'

2018-05-22 11:39:45 - [MESSAGE][PASSED] - All options with index in [1] are selected on object 'Object Repository/HealthpostToStore/Page_Store/select_--Select--BA1170BA2376B'

2018-05-22 11:39:45 - [TEST_STEP][PASSED] - Statement - Try: null

2018-05-22 11:39:45 - [TEST_STEP][PASSED] - Statement - StockQty = com.kms.katalon.core.webui.keyword.WebUiBuiltInKeywords.getAttribute(com.kms.katalon.core.testobject.ObjectRepository.findTestObject(HealthpostToStore/Page_Store/input_txtprice), "value"): Attribute 'value' of object 'Object Repository/HealthpostToStore/Page_Store/input_txtprice' is: '1120'

2018-05-22 11:39:45 - [MESSAGE][PASSED] - Attribute 'value' of object 'Object Repository/HealthpostToStore/Page_Store/input_txtprice' is: '1120'

2018-05-22 11:39:45 - [TEST_STEP][PASSED] - Statement - out.println("Stock QTY : " + StockQty): null

2018-05-22 11:39:45 - [TEST_STEP][PASSED] - delay: Delayed 2 second(s)

2018-05-22 11:39:47 - [MESSAGE][PASSED] - Delayed 2 second(s)

2018-05-22 11:39:47 - [TEST_STEP][PASSED] - Statement - If (java.lang.String.valueOf(StockQty) >= java.lang.String.valueOf(RequestedQty)): null

2018-05-22 11:39:47 - [TEST_STEP][PASSED] - setText: Text '10' is set on object 'Object Repository/HealthpostToStore/Page_Store/input_txtqty'

2018-05-22 11:39:47 - [MESSAGE][PASSED] - Text '10' is set on object 'Object Repository/HealthpostToStore/Page_Store/input_txtqty'

2018-05-22 11:39:47 - [TEST_STEP][PASSED] - click: Object: 'Object Repository/HealthpostToStore/Page_Store/button_Add' is clicked on

2018-05-22 11:39:47 - [MESSAGE][PASSED] - Object: 'Object Repository/HealthpostToStore/Page_Store/button_Add' is clicked on

2018-05-22 11:39:47 - [TEST_STEP][PASSED] - Statement - Break: null

2018-05-22 11:39:47 - [TEST_STEP][PASSED] - selectOptionByIndex: All options with index in [14] are selected on object 'Object Repository/HealthpostToStore/Page_Store/select_--Select--Adernaline 0.'

2018-05-22 11:39:47 - [MESSAGE][PASSED] - All options with index in [14] are selected on object 'Object Repository/HealthpostToStore/Page_Store/select_--Select--Adernaline 0.'

2018-05-22 11:39:47 - [TEST_STEP][PASSED] - delay: Delayed 2 second(s)

2018-05-22 11:39:49 - [MESSAGE][PASSED] - Delayed 2 second(s)

2018-05-22 11:39:49 - [TEST_STEP][PASSED] - Statement - RequestedQty = com.kms.katalon.core.webui.keyword.WebUiBuiltInKeywords.getAttribute(com.kms.katalon.core.testobject.ObjectRepository.findTestObject(HealthpostToStore/Page_Store/input_txttotal), "value"): Attribute 'value' of object 'Object Repository/HealthpostToStore/Page_Store/input_txttotal' is: '10'

2018-05-22 11:39:49 - [MESSAGE][PASSED] - Attribute 'value' of object 'Object Repository/HealthpostToStore/Page_Store/input_txttotal' is: '10'

2018-05-22 11:39:49 - [TEST_STEP][PASSED] - Statement - out.println("Requested QTY : " + RequestedQty): null

2018-05-22 11:39:49 - [TEST_STEP][PASSED] - Statement - BatchNumber = com.kms.katalon.core.webui.keyword.WebUiBuiltInKeywords.getNumberOfTotalOption(com.kms.katalon.core.testobject.ObjectRepository.findTestObject(HealthpostToStore/Page_Store/select_--Select--BA1170BA2376B)): 3 options of object 'Object Repository/HealthpostToStore/Page_Store/select_--Select--BA1170BA2376B' counted

2018-05-22 11:39:49 - [MESSAGE][PASSED] - 3 options of object 'Object Repository/HealthpostToStore/Page_Store/select_--Select--BA1170BA2376B' counted

2018-05-22 11:39:49 - [TEST_STEP][PASSED] - Statement - For ([g = 1, g <= BatchNumber - 1, (g++)]): null

2018-05-22 11:39:49 - [TEST_STEP][PASSED] - selectOptionByIndex: All options with index in [1] are selected on object 'Object Repository/HealthpostToStore/Page_Store/select_--Select--BA1170BA2376B'

2018-05-22 11:39:49 - [MESSAGE][PASSED] - All options with index in [1] are selected on object 'Object Repository/HealthpostToStore/Page_Store/select_--Select--BA1170BA2376B'

2018-05-22 11:39:49 - [TEST_STEP][PASSED] - Statement - Try: null

2018-05-22 11:39:49 - [TEST_STEP][PASSED] - Statement - StockQty = com.kms.katalon.core.webui.keyword.WebUiBuiltInKeywords.getAttribute(com.kms.katalon.core.testobject.ObjectRepository.findTestObject(HealthpostToStore/Page_Store/input_txtprice), "value"): Attribute 'value' of object 'Object Repository/HealthpostToStore/Page_Store/input_txtprice' is: '1120'

2018-05-22 11:39:49 - [MESSAGE][PASSED] - Attribute 'value' of object 'Object Repository/HealthpostToStore/Page_Store/input_txtprice' is: '1120'

2018-05-22 11:39:49 - [TEST_STEP][PASSED] - Statement - out.println("Stock QTY : " + StockQty): null

2018-05-22 11:39:49 - [TEST_STEP][PASSED] - delay: Delayed 2 second(s)

2018-05-22 11:39:51 - [MESSAGE][PASSED] - Delayed 2 second(s)

2018-05-22 11:39:51 - [TEST_STEP][PASSED] - Statement - If (java.lang.String.valueOf(StockQty) >= java.lang.String.valueOf(RequestedQty)): null

2018-05-22 11:39:51 - [TEST_STEP][PASSED] - setText: Text '10' is set on object 'Object Repository/HealthpostToStore/Page_Store/input_txtqty'

2018-05-22 11:39:51 - [MESSAGE][PASSED] - Text '10' is set on object 'Object Repository/HealthpostToStore/Page_Store/input_txtqty'

2018-05-22 11:39:51 - [TEST_STEP][PASSED] - click: Object: 'Object Repository/HealthpostToStore/Page_Store/button_Add' is clicked on

2018-05-22 11:39:51 - [MESSAGE][PASSED] - Object: 'Object Repository/HealthpostToStore/Page_Store/button_Add' is clicked on

2018-05-22 11:39:51 - [TEST_STEP][PASSED] - Statement - Break: null

2018-05-22 11:39:51 - [TEST_STEP][PASSED] - selectOptionByIndex: All options with index in [15] are selected on object 'Object Repository/HealthpostToStore/Page_Store/select_--Select--Adernaline 0.'

2018-05-22 11:39:52 - [MESSAGE][PASSED] - All options with index in [15] are selected on object 'Object Repository/HealthpostToStore/Page_Store/select_--Select--Adernaline 0.'

2018-05-22 11:39:52 - [TEST_STEP][PASSED] - delay: Delayed 2 second(s)

2018-05-22 11:39:54 - [MESSAGE][PASSED] - Delayed 2 second(s)

2018-05-22 11:39:54 - [TEST_STEP][PASSED] - Statement - RequestedQty = com.kms.katalon.core.webui.keyword.WebUiBuiltInKeywords.getAttribute(com.kms.katalon.core.testobject.ObjectRepository.findTestObject(HealthpostToStore/Page_Store/input_txttotal), "value"): Attribute 'value' of object 'Object Repository/HealthpostToStore/Page_Store/input_txttotal' is: '10'

2018-05-22 11:39:54 - [MESSAGE][PASSED] - Attribute 'value' of object 'Object Repository/HealthpostToStore/Page_Store/input_txttotal' is: '10'

2018-05-22 11:39:54 - [TEST_STEP][PASSED] - Statement - out.println("Requested QTY : " + RequestedQty): null

2018-05-22 11:39:54 - [TEST_STEP][PASSED] - Statement - BatchNumber = com.kms.katalon.core.webui.keyword.WebUiBuiltInKeywords.getNumberOfTotalOption(com.kms.katalon.core.testobject.ObjectRepository.findTestObject(HealthpostToStore/Page_Store/select_--Select--BA1170BA2376B)): 5 options of object 'Object Repository/HealthpostToStore/Page_Store/select_--Select--BA1170BA2376B' counted

2018-05-22 11:39:54 - [MESSAGE][PASSED] - 5 options of object 'Object Repository/HealthpostToStore/Page_Store/select_--Select--BA1170BA2376B' counted

2018-05-22 11:39:54 - [TEST_STEP][PASSED] - Statement - For ([g = 1, g <= BatchNumber - 1, (g++)]): null

2018-05-22 11:39:54 - [TEST_STEP][PASSED] - selectOptionByIndex: All options with index in [1] are selected on object 'Object Repository/HealthpostToStore/Page_Store/select_--Select--BA1170BA2376B'

2018-05-22 11:39:54 - [MESSAGE][PASSED] - All options with index in [1] are selected on object 'Object Repository/HealthpostToStore/Page_Store/select_--Select--BA1170BA2376B'

2018-05-22 11:39:54 - [TEST_STEP][PASSED] - Statement - Try: null

2018-05-22 11:39:54 - [TEST_STEP][PASSED] - Statement - StockQty = com.kms.katalon.core.webui.keyword.WebUiBuiltInKeywords.getAttribute(com.kms.katalon.core.testobject.ObjectRepository.findTestObject(HealthpostToStore/Page_Store/input_txtprice), "value"): Attribute 'value' of object 'Object Repository/HealthpostToStore/Page_Store/input_txtprice' is: '190'

2018-05-22 11:39:54 - [MESSAGE][PASSED] - Attribute 'value' of object 'Object Repository/HealthpostToStore/Page_Store/input_txtprice' is: '190'

2018-05-22 11:39:54 - [TEST_STEP][PASSED] - Statement - out.println("Stock QTY : " + StockQty): null

2018-05-22 11:39:54 - [TEST_STEP][PASSED] - delay: Delayed 2 second(s)

2018-05-22 11:39:56 - [MESSAGE][PASSED] - Delayed 2 second(s)

2018-05-22 11:39:56 - [TEST_STEP][PASSED] - Statement - If (java.lang.String.valueOf(StockQty) >= java.lang.String.valueOf(RequestedQty)): null

2018-05-22 11:39:56 - [TEST_STEP][PASSED] - setText: Text '10' is set on object 'Object Repository/HealthpostToStore/Page_Store/input_txtqty'

2018-05-22 11:39:56 - [MESSAGE][PASSED] - Text '10' is set on object 'Object Repository/HealthpostToStore/Page_Store/input_txtqty'

2018-05-22 11:39:56 - [TEST_STEP][PASSED] - click: Object: 'Object Repository/HealthpostToStore/Page_Store/button_Add' is clicked on

2018-05-22 11:39:56 - [MESSAGE][PASSED] - Object: 'Object Repository/HealthpostToStore/Page_Store/button_Add' is clicked on

2018-05-22 11:39:56 - [TEST_STEP][PASSED] - Statement - Break: null

2018-05-22 11:39:56 - [TEST_STEP][PASSED] - scrollToElement: Scroll to object 'Object Repository/HealthpostToStore/Page_Store/input_btnSubmit' successfully

2018-05-22 11:39:56 - [MESSAGE][PASSED] - Scroll to object 'Object Repository/HealthpostToStore/Page_Store/input_btnSubmit' successfully

2018-05-22 11:39:56 - [TEST_STEP][PASSED] - click: Object: 'Object Repository/HealthpostToStore/Page_Store/input_btnSubmit' is clicked on

2018-05-22 11:39:56 - [MESSAGE][PASSED] - Object: 'Object Repository/HealthpostToStore/Page_Store/input_btnSubmit' is clicked on

2018-05-22 11:39:56 - [TEST_STEP][PASSED] - delay: Delayed 3 second(s)

2018-05-22 11:39:59 - [MESSAGE][PASSED] - Delayed 3 second(s)

2018-05-22 11:39:59 - [TEST_STEP][PASSED] - click: Object: 'Object Repository/HealthpostToStore/Page_Store/button_OK' is clicked on

2018-05-22 11:40:01 - [MESSAGE][PASSED] - Object: 'Object Repository/HealthpostToStore/Page_Store/button_OK' is clicked on

2018-05-22 11:40:01 - [TEST_STEP][PASSED] - delay: Delayed 3 second(s)

2018-05-22 11:40:04 - [MESSAGE][PASSED] - Delayed 3 second(s)

2018-05-22 11:40:04 - [TEST_STEP][PASSED] - click: Object: 'Object Repository/HealthpostToStore/Page_Store/a_dropdown-toggle' is clicked on

2018-05-22 11:40:04 - [MESSAGE][PASSED] - Object: 'Object Repository/HealthpostToStore/Page_Store/a_dropdown-toggle' is clicked on

2018-05-22 11:40:04 - [TEST_STEP][PASSED] - click: Object: 'Object Repository/HealthpostToStore/Page_Store/a_Sign out' is clicked on

2018-05-22 11:40:06 - [MESSAGE][PASSED] - Object: 'Object Repository/HealthpostToStore/Page_Store/a_Sign out' is clicked on

2018-05-22 11:40:06 - [TEST_STEP][PASSED] - closeBrowser: Browser is closed

2018-05-22 11:40:06 - [MESSAGE][PASSED] - Browser is closed]]></system-out>
         <system-err><![CDATA[]]></system-err>
      </testcase>
      <testcase name="Test Cases/HEALTHPOST TEST CASES/TC_HP_005 Verify Schedule 5 Healthpost Request Are Working Successfully Or Not" classname="Test Cases/HEALTHPOST TEST CASES/TC_HP_005 Verify Schedule 5 Healthpost Request Are Working Successfully Or Not" status="PASSED">
         <system-out><![CDATA[2018-05-22 11:40:06 - [TEST_CASE][PASSED] - Test Cases/HEALTHPOST TEST CASES/TC_HP_005 Verify Schedule 5 Healthpost Request Are Working Successfully Or Not: Test Cases/HEALTHPOST TEST CASES/TC_HP_005 Verify Schedule 5 Healthpost Request Are Working Successfully Or Not

2018-05-22 11:40:07 - [TEST_STEP][PASSED] - openBrowser: Browser is opened with url: ''

2018-05-22 11:40:09 - [MESSAGE][PASSED] - Browser is opened with url: ''

2018-05-22 11:40:09 - [TEST_STEP][PASSED] - navigateToUrl: Navigate to 'http://192.168.137.1/multihospital_new/HDSplashscreen.aspx' successfully

2018-05-22 11:40:25 - [MESSAGE][PASSED] - Navigate to 'http://192.168.137.1/multihospital_new/HDSplashscreen.aspx' successfully

2018-05-22 11:40:25 - [TEST_STEP][PASSED] - maximizeWindow: Current window maximized

2018-05-22 11:40:26 - [MESSAGE][PASSED] - Current window maximized

2018-05-22 11:40:26 - [TEST_STEP][PASSED] - click: Object: 'Object Repository/HealthpostToStore/Page_KDMC/a_Healthpost Store' is clicked on

2018-05-22 11:40:30 - [MESSAGE][PASSED] - Object: 'Object Repository/HealthpostToStore/Page_KDMC/a_Healthpost Store' is clicked on

2018-05-22 11:40:30 - [TEST_STEP][PASSED] - setText: Text 'raguram' is set on object 'Object Repository/HealthpostToStore/Page_HealthPost Store Login/input_txtusername'

2018-05-22 11:40:30 - [MESSAGE][PASSED] - Text 'raguram' is set on object 'Object Repository/HealthpostToStore/Page_HealthPost Store Login/input_txtusername'

2018-05-22 11:40:30 - [TEST_STEP][PASSED] - setText: Text '123' is set on object 'Object Repository/HealthpostToStore/Page_HealthPost Store Login/input_txtpassword'

2018-05-22 11:40:30 - [MESSAGE][PASSED] - Text '123' is set on object 'Object Repository/HealthpostToStore/Page_HealthPost Store Login/input_txtpassword'

2018-05-22 11:40:30 - [TEST_STEP][PASSED] - delay: Delayed 3 second(s)

2018-05-22 11:40:33 - [MESSAGE][PASSED] - Delayed 3 second(s)

2018-05-22 11:40:33 - [TEST_STEP][PASSED] - sendKeys: Keys 'ENTER + ' sent to object: 'Object Repository/HealthpostToStore/Page_HealthPost Store Login/input_txtpassword'

2018-05-22 11:41:11 - [MESSAGE][PASSED] - Keys 'ENTER + ' sent to object: 'Object Repository/HealthpostToStore/Page_HealthPost Store Login/input_txtpassword'

2018-05-22 11:41:11 - [TEST_STEP][PASSED] - delay: Delayed 3 second(s)

2018-05-22 11:41:14 - [MESSAGE][PASSED] - Delayed 3 second(s)

2018-05-22 11:41:14 - [TEST_STEP][PASSED] - doubleClick: Object: 'Object Repository/HealthpostToStore/Page_HealthPost Store/a_Request to Store' is double clicked on

2018-05-22 11:41:14 - [MESSAGE][PASSED] - Object: 'Object Repository/HealthpostToStore/Page_HealthPost Store/a_Request to Store' is double clicked on

2018-05-22 11:41:14 - [TEST_STEP][PASSED] - delay: Delayed 1 second(s)

2018-05-22 11:41:15 - [MESSAGE][PASSED] - Delayed 1 second(s)

2018-05-22 11:41:15 - [TEST_STEP][PASSED] - doubleClick: Object: 'Object Repository/HealthpostToStore/Page_HealthPost Store/a_Medicine Request' is double clicked on

2018-05-22 11:42:11 - [MESSAGE][PASSED] - Object: 'Object Repository/HealthpostToStore/Page_HealthPost Store/a_Medicine Request' is double clicked on

2018-05-22 11:42:11 - [TEST_STEP][PASSED] - delay: Delayed 1 second(s)

2018-05-22 11:42:12 - [MESSAGE][PASSED] - Delayed 1 second(s)

2018-05-22 11:42:12 - [TEST_STEP][PASSED] - selectOptionByIndex: All options with index in [5] are selected on object 'Object Repository/HealthpostToStore/Page_HealthPost Store/select_--Select--Schedule 1Inj'

2018-05-22 11:42:12 - [MESSAGE][PASSED] - All options with index in [5] are selected on object 'Object Repository/HealthpostToStore/Page_HealthPost Store/select_--Select--Schedule 1Inj'

2018-05-22 11:42:12 - [TEST_STEP][PASSED] - Statement - medicineslength = com.kms.katalon.core.webui.keyword.WebUiBuiltInKeywords.getNumberOfTotalOption(com.kms.katalon.core.testobject.ObjectRepository.findTestObject(HealthpostToStore/Page_HealthPost Store/select_--Select--Adernaline 0.)): 17 options of object 'Object Repository/HealthpostToStore/Page_HealthPost Store/select_--Select--Adernaline 0.' counted

2018-05-22 11:42:12 - [MESSAGE][PASSED] - 17 options of object 'Object Repository/HealthpostToStore/Page_HealthPost Store/select_--Select--Adernaline 0.' counted

2018-05-22 11:42:12 - [TEST_STEP][PASSED] - Statement - For ([e = 1, e <= medicineslength - 1, (e++)]): Object: 'Object Repository/HealthpostToStore/Page_HealthPost Store/button_Add' is double clicked on

2018-05-22 11:42:12 - [TEST_STEP][PASSED] - selectOptionByIndex: All options with index in [5] are selected on object 'Object Repository/HealthpostToStore/Page_HealthPost Store/select_--Select--Schedule 1Inj'

2018-05-22 11:42:12 - [MESSAGE][PASSED] - All options with index in [5] are selected on object 'Object Repository/HealthpostToStore/Page_HealthPost Store/select_--Select--Schedule 1Inj'

2018-05-22 11:42:12 - [TEST_STEP][PASSED] - delay: Delayed 1 second(s)

2018-05-22 11:42:13 - [MESSAGE][PASSED] - Delayed 1 second(s)

2018-05-22 11:42:13 - [TEST_STEP][PASSED] - selectOptionByIndex: All options with index in [1] are selected on object 'Object Repository/HealthpostToStore/Page_HealthPost Store/select_--Select--Adernaline 0.'

2018-05-22 11:42:14 - [MESSAGE][PASSED] - All options with index in [1] are selected on object 'Object Repository/HealthpostToStore/Page_HealthPost Store/select_--Select--Adernaline 0.'

2018-05-22 11:42:14 - [TEST_STEP][PASSED] - setText: Text '10' is set on object 'Object Repository/HealthpostToStore/Page_HealthPost Store/input_txttreat'

2018-05-22 11:42:14 - [MESSAGE][PASSED] - Text '10' is set on object 'Object Repository/HealthpostToStore/Page_HealthPost Store/input_txttreat'

2018-05-22 11:42:14 - [TEST_STEP][PASSED] - doubleClick: Object: 'Object Repository/HealthpostToStore/Page_HealthPost Store/button_Add' is double clicked on

2018-05-22 11:42:14 - [MESSAGE][PASSED] - Object: 'Object Repository/HealthpostToStore/Page_HealthPost Store/button_Add' is double clicked on

2018-05-22 11:42:14 - [TEST_STEP][PASSED] - selectOptionByIndex: All options with index in [5] are selected on object 'Object Repository/HealthpostToStore/Page_HealthPost Store/select_--Select--Schedule 1Inj'

2018-05-22 11:42:14 - [MESSAGE][PASSED] - All options with index in [5] are selected on object 'Object Repository/HealthpostToStore/Page_HealthPost Store/select_--Select--Schedule 1Inj'

2018-05-22 11:42:14 - [TEST_STEP][PASSED] - delay: Delayed 1 second(s)

2018-05-22 11:42:15 - [MESSAGE][PASSED] - Delayed 1 second(s)

2018-05-22 11:42:15 - [TEST_STEP][PASSED] - selectOptionByIndex: All options with index in [2] are selected on object 'Object Repository/HealthpostToStore/Page_HealthPost Store/select_--Select--Adernaline 0.'

2018-05-22 11:42:15 - [MESSAGE][PASSED] - All options with index in [2] are selected on object 'Object Repository/HealthpostToStore/Page_HealthPost Store/select_--Select--Adernaline 0.'

2018-05-22 11:42:15 - [TEST_STEP][PASSED] - setText: Text '10' is set on object 'Object Repository/HealthpostToStore/Page_HealthPost Store/input_txttreat'

2018-05-22 11:42:15 - [MESSAGE][PASSED] - Text '10' is set on object 'Object Repository/HealthpostToStore/Page_HealthPost Store/input_txttreat'

2018-05-22 11:42:15 - [TEST_STEP][PASSED] - doubleClick: Object: 'Object Repository/HealthpostToStore/Page_HealthPost Store/button_Add' is double clicked on

2018-05-22 11:42:15 - [MESSAGE][PASSED] - Object: 'Object Repository/HealthpostToStore/Page_HealthPost Store/button_Add' is double clicked on

2018-05-22 11:42:15 - [TEST_STEP][PASSED] - selectOptionByIndex: All options with index in [5] are selected on object 'Object Repository/HealthpostToStore/Page_HealthPost Store/select_--Select--Schedule 1Inj'

2018-05-22 11:42:15 - [MESSAGE][PASSED] - All options with index in [5] are selected on object 'Object Repository/HealthpostToStore/Page_HealthPost Store/select_--Select--Schedule 1Inj'

2018-05-22 11:42:15 - [TEST_STEP][PASSED] - delay: Delayed 1 second(s)

2018-05-22 11:42:16 - [MESSAGE][PASSED] - Delayed 1 second(s)

2018-05-22 11:42:16 - [TEST_STEP][PASSED] - selectOptionByIndex: All options with index in [3] are selected on object 'Object Repository/HealthpostToStore/Page_HealthPost Store/select_--Select--Adernaline 0.'

2018-05-22 11:42:17 - [MESSAGE][PASSED] - All options with index in [3] are selected on object 'Object Repository/HealthpostToStore/Page_HealthPost Store/select_--Select--Adernaline 0.'

2018-05-22 11:42:17 - [TEST_STEP][PASSED] - setText: Text '10' is set on object 'Object Repository/HealthpostToStore/Page_HealthPost Store/input_txttreat'

2018-05-22 11:42:17 - [MESSAGE][PASSED] - Text '10' is set on object 'Object Repository/HealthpostToStore/Page_HealthPost Store/input_txttreat'

2018-05-22 11:42:17 - [TEST_STEP][PASSED] - doubleClick: Object: 'Object Repository/HealthpostToStore/Page_HealthPost Store/button_Add' is double clicked on

2018-05-22 11:42:17 - [MESSAGE][PASSED] - Object: 'Object Repository/HealthpostToStore/Page_HealthPost Store/button_Add' is double clicked on

2018-05-22 11:42:17 - [TEST_STEP][PASSED] - selectOptionByIndex: All options with index in [5] are selected on object 'Object Repository/HealthpostToStore/Page_HealthPost Store/select_--Select--Schedule 1Inj'

2018-05-22 11:42:17 - [MESSAGE][PASSED] - All options with index in [5] are selected on object 'Object Repository/HealthpostToStore/Page_HealthPost Store/select_--Select--Schedule 1Inj'

2018-05-22 11:42:17 - [TEST_STEP][PASSED] - delay: Delayed 1 second(s)

2018-05-22 11:42:18 - [MESSAGE][PASSED] - Delayed 1 second(s)

2018-05-22 11:42:18 - [TEST_STEP][PASSED] - selectOptionByIndex: All options with index in [4] are selected on object 'Object Repository/HealthpostToStore/Page_HealthPost Store/select_--Select--Adernaline 0.'

2018-05-22 11:42:18 - [MESSAGE][PASSED] - All options with index in [4] are selected on object 'Object Repository/HealthpostToStore/Page_HealthPost Store/select_--Select--Adernaline 0.'

2018-05-22 11:42:18 - [TEST_STEP][PASSED] - setText: Text '10' is set on object 'Object Repository/HealthpostToStore/Page_HealthPost Store/input_txttreat'

2018-05-22 11:42:18 - [MESSAGE][PASSED] - Text '10' is set on object 'Object Repository/HealthpostToStore/Page_HealthPost Store/input_txttreat'

2018-05-22 11:42:18 - [TEST_STEP][PASSED] - doubleClick: Object: 'Object Repository/HealthpostToStore/Page_HealthPost Store/button_Add' is double clicked on

2018-05-22 11:42:18 - [MESSAGE][PASSED] - Object: 'Object Repository/HealthpostToStore/Page_HealthPost Store/button_Add' is double clicked on

2018-05-22 11:42:18 - [TEST_STEP][PASSED] - selectOptionByIndex: All options with index in [5] are selected on object 'Object Repository/HealthpostToStore/Page_HealthPost Store/select_--Select--Schedule 1Inj'

2018-05-22 11:42:19 - [MESSAGE][PASSED] - All options with index in [5] are selected on object 'Object Repository/HealthpostToStore/Page_HealthPost Store/select_--Select--Schedule 1Inj'

2018-05-22 11:42:19 - [TEST_STEP][PASSED] - delay: Delayed 1 second(s)

2018-05-22 11:42:20 - [MESSAGE][PASSED] - Delayed 1 second(s)

2018-05-22 11:42:20 - [TEST_STEP][PASSED] - selectOptionByIndex: All options with index in [5] are selected on object 'Object Repository/HealthpostToStore/Page_HealthPost Store/select_--Select--Adernaline 0.'

2018-05-22 11:42:20 - [MESSAGE][PASSED] - All options with index in [5] are selected on object 'Object Repository/HealthpostToStore/Page_HealthPost Store/select_--Select--Adernaline 0.'

2018-05-22 11:42:20 - [TEST_STEP][PASSED] - setText: Text '10' is set on object 'Object Repository/HealthpostToStore/Page_HealthPost Store/input_txttreat'

2018-05-22 11:42:20 - [MESSAGE][PASSED] - Text '10' is set on object 'Object Repository/HealthpostToStore/Page_HealthPost Store/input_txttreat'

2018-05-22 11:42:20 - [TEST_STEP][PASSED] - doubleClick: Object: 'Object Repository/HealthpostToStore/Page_HealthPost Store/button_Add' is double clicked on

2018-05-22 11:42:20 - [MESSAGE][PASSED] - Object: 'Object Repository/HealthpostToStore/Page_HealthPost Store/button_Add' is double clicked on

2018-05-22 11:42:20 - [TEST_STEP][PASSED] - selectOptionByIndex: All options with index in [5] are selected on object 'Object Repository/HealthpostToStore/Page_HealthPost Store/select_--Select--Schedule 1Inj'

2018-05-22 11:42:20 - [MESSAGE][PASSED] - All options with index in [5] are selected on object 'Object Repository/HealthpostToStore/Page_HealthPost Store/select_--Select--Schedule 1Inj'

2018-05-22 11:42:20 - [TEST_STEP][PASSED] - delay: Delayed 1 second(s)

2018-05-22 11:42:21 - [MESSAGE][PASSED] - Delayed 1 second(s)

2018-05-22 11:42:21 - [TEST_STEP][PASSED] - selectOptionByIndex: All options with index in [6] are selected on object 'Object Repository/HealthpostToStore/Page_HealthPost Store/select_--Select--Adernaline 0.'

2018-05-22 11:42:21 - [MESSAGE][PASSED] - All options with index in [6] are selected on object 'Object Repository/HealthpostToStore/Page_HealthPost Store/select_--Select--Adernaline 0.'

2018-05-22 11:42:21 - [TEST_STEP][PASSED] - setText: Text '10' is set on object 'Object Repository/HealthpostToStore/Page_HealthPost Store/input_txttreat'

2018-05-22 11:42:21 - [MESSAGE][PASSED] - Text '10' is set on object 'Object Repository/HealthpostToStore/Page_HealthPost Store/input_txttreat'

2018-05-22 11:42:21 - [TEST_STEP][PASSED] - doubleClick: Object: 'Object Repository/HealthpostToStore/Page_HealthPost Store/button_Add' is double clicked on

2018-05-22 11:42:21 - [MESSAGE][PASSED] - Object: 'Object Repository/HealthpostToStore/Page_HealthPost Store/button_Add' is double clicked on

2018-05-22 11:42:21 - [TEST_STEP][PASSED] - selectOptionByIndex: All options with index in [5] are selected on object 'Object Repository/HealthpostToStore/Page_HealthPost Store/select_--Select--Schedule 1Inj'

2018-05-22 11:42:22 - [MESSAGE][PASSED] - All options with index in [5] are selected on object 'Object Repository/HealthpostToStore/Page_HealthPost Store/select_--Select--Schedule 1Inj'

2018-05-22 11:42:22 - [TEST_STEP][PASSED] - delay: Delayed 1 second(s)

2018-05-22 11:42:23 - [MESSAGE][PASSED] - Delayed 1 second(s)

2018-05-22 11:42:23 - [TEST_STEP][PASSED] - selectOptionByIndex: All options with index in [7] are selected on object 'Object Repository/HealthpostToStore/Page_HealthPost Store/select_--Select--Adernaline 0.'

2018-05-22 11:42:23 - [MESSAGE][PASSED] - All options with index in [7] are selected on object 'Object Repository/HealthpostToStore/Page_HealthPost Store/select_--Select--Adernaline 0.'

2018-05-22 11:42:23 - [TEST_STEP][PASSED] - setText: Text '10' is set on object 'Object Repository/HealthpostToStore/Page_HealthPost Store/input_txttreat'

2018-05-22 11:42:23 - [MESSAGE][PASSED] - Text '10' is set on object 'Object Repository/HealthpostToStore/Page_HealthPost Store/input_txttreat'

2018-05-22 11:42:23 - [TEST_STEP][PASSED] - doubleClick: Object: 'Object Repository/HealthpostToStore/Page_HealthPost Store/button_Add' is double clicked on

2018-05-22 11:42:23 - [MESSAGE][PASSED] - Object: 'Object Repository/HealthpostToStore/Page_HealthPost Store/button_Add' is double clicked on

2018-05-22 11:42:23 - [TEST_STEP][PASSED] - selectOptionByIndex: All options with index in [5] are selected on object 'Object Repository/HealthpostToStore/Page_HealthPost Store/select_--Select--Schedule 1Inj'

2018-05-22 11:42:23 - [MESSAGE][PASSED] - All options with index in [5] are selected on object 'Object Repository/HealthpostToStore/Page_HealthPost Store/select_--Select--Schedule 1Inj'

2018-05-22 11:42:23 - [TEST_STEP][PASSED] - delay: Delayed 1 second(s)

2018-05-22 11:42:24 - [MESSAGE][PASSED] - Delayed 1 second(s)

2018-05-22 11:42:24 - [TEST_STEP][PASSED] - selectOptionByIndex: All options with index in [8] are selected on object 'Object Repository/HealthpostToStore/Page_HealthPost Store/select_--Select--Adernaline 0.'

2018-05-22 11:42:25 - [MESSAGE][PASSED] - All options with index in [8] are selected on object 'Object Repository/HealthpostToStore/Page_HealthPost Store/select_--Select--Adernaline 0.'

2018-05-22 11:42:25 - [TEST_STEP][PASSED] - setText: Text '10' is set on object 'Object Repository/HealthpostToStore/Page_HealthPost Store/input_txttreat'

2018-05-22 11:42:25 - [MESSAGE][PASSED] - Text '10' is set on object 'Object Repository/HealthpostToStore/Page_HealthPost Store/input_txttreat'

2018-05-22 11:42:25 - [TEST_STEP][PASSED] - doubleClick: Object: 'Object Repository/HealthpostToStore/Page_HealthPost Store/button_Add' is double clicked on

2018-05-22 11:42:25 - [MESSAGE][PASSED] - Object: 'Object Repository/HealthpostToStore/Page_HealthPost Store/button_Add' is double clicked on

2018-05-22 11:42:25 - [TEST_STEP][PASSED] - selectOptionByIndex: All options with index in [5] are selected on object 'Object Repository/HealthpostToStore/Page_HealthPost Store/select_--Select--Schedule 1Inj'

2018-05-22 11:42:25 - [MESSAGE][PASSED] - All options with index in [5] are selected on object 'Object Repository/HealthpostToStore/Page_HealthPost Store/select_--Select--Schedule 1Inj'

2018-05-22 11:42:25 - [TEST_STEP][PASSED] - delay: Delayed 1 second(s)

2018-05-22 11:42:26 - [MESSAGE][PASSED] - Delayed 1 second(s)

2018-05-22 11:42:26 - [TEST_STEP][PASSED] - selectOptionByIndex: All options with index in [9] are selected on object 'Object Repository/HealthpostToStore/Page_HealthPost Store/select_--Select--Adernaline 0.'

2018-05-22 11:42:26 - [MESSAGE][PASSED] - All options with index in [9] are selected on object 'Object Repository/HealthpostToStore/Page_HealthPost Store/select_--Select--Adernaline 0.'

2018-05-22 11:42:26 - [TEST_STEP][PASSED] - setText: Text '10' is set on object 'Object Repository/HealthpostToStore/Page_HealthPost Store/input_txttreat'

2018-05-22 11:42:26 - [MESSAGE][PASSED] - Text '10' is set on object 'Object Repository/HealthpostToStore/Page_HealthPost Store/input_txttreat'

2018-05-22 11:42:26 - [TEST_STEP][PASSED] - doubleClick: Object: 'Object Repository/HealthpostToStore/Page_HealthPost Store/button_Add' is double clicked on

2018-05-22 11:42:26 - [MESSAGE][PASSED] - Object: 'Object Repository/HealthpostToStore/Page_HealthPost Store/button_Add' is double clicked on

2018-05-22 11:42:26 - [TEST_STEP][PASSED] - selectOptionByIndex: All options with index in [5] are selected on object 'Object Repository/HealthpostToStore/Page_HealthPost Store/select_--Select--Schedule 1Inj'

2018-05-22 11:42:26 - [MESSAGE][PASSED] - All options with index in [5] are selected on object 'Object Repository/HealthpostToStore/Page_HealthPost Store/select_--Select--Schedule 1Inj'

2018-05-22 11:42:26 - [TEST_STEP][PASSED] - delay: Delayed 1 second(s)

2018-05-22 11:42:27 - [MESSAGE][PASSED] - Delayed 1 second(s)

2018-05-22 11:42:27 - [TEST_STEP][PASSED] - selectOptionByIndex: All options with index in [10] are selected on object 'Object Repository/HealthpostToStore/Page_HealthPost Store/select_--Select--Adernaline 0.'

2018-05-22 11:42:28 - [MESSAGE][PASSED] - All options with index in [10] are selected on object 'Object Repository/HealthpostToStore/Page_HealthPost Store/select_--Select--Adernaline 0.'

2018-05-22 11:42:28 - [TEST_STEP][PASSED] - setText: Text '10' is set on object 'Object Repository/HealthpostToStore/Page_HealthPost Store/input_txttreat'

2018-05-22 11:42:28 - [MESSAGE][PASSED] - Text '10' is set on object 'Object Repository/HealthpostToStore/Page_HealthPost Store/input_txttreat'

2018-05-22 11:42:28 - [TEST_STEP][PASSED] - doubleClick: Object: 'Object Repository/HealthpostToStore/Page_HealthPost Store/button_Add' is double clicked on

2018-05-22 11:42:28 - [MESSAGE][PASSED] - Object: 'Object Repository/HealthpostToStore/Page_HealthPost Store/button_Add' is double clicked on

2018-05-22 11:42:28 - [TEST_STEP][PASSED] - selectOptionByIndex: All options with index in [5] are selected on object 'Object Repository/HealthpostToStore/Page_HealthPost Store/select_--Select--Schedule 1Inj'

2018-05-22 11:42:28 - [MESSAGE][PASSED] - All options with index in [5] are selected on object 'Object Repository/HealthpostToStore/Page_HealthPost Store/select_--Select--Schedule 1Inj'

2018-05-22 11:42:28 - [TEST_STEP][PASSED] - delay: Delayed 1 second(s)

2018-05-22 11:42:29 - [MESSAGE][PASSED] - Delayed 1 second(s)

2018-05-22 11:42:29 - [TEST_STEP][PASSED] - selectOptionByIndex: All options with index in [11] are selected on object 'Object Repository/HealthpostToStore/Page_HealthPost Store/select_--Select--Adernaline 0.'

2018-05-22 11:42:29 - [MESSAGE][PASSED] - All options with index in [11] are selected on object 'Object Repository/HealthpostToStore/Page_HealthPost Store/select_--Select--Adernaline 0.'

2018-05-22 11:42:29 - [TEST_STEP][PASSED] - setText: Text '10' is set on object 'Object Repository/HealthpostToStore/Page_HealthPost Store/input_txttreat'

2018-05-22 11:42:29 - [MESSAGE][PASSED] - Text '10' is set on object 'Object Repository/HealthpostToStore/Page_HealthPost Store/input_txttreat'

2018-05-22 11:42:29 - [TEST_STEP][PASSED] - doubleClick: Object: 'Object Repository/HealthpostToStore/Page_HealthPost Store/button_Add' is double clicked on

2018-05-22 11:42:29 - [MESSAGE][PASSED] - Object: 'Object Repository/HealthpostToStore/Page_HealthPost Store/button_Add' is double clicked on

2018-05-22 11:42:29 - [TEST_STEP][PASSED] - selectOptionByIndex: All options with index in [5] are selected on object 'Object Repository/HealthpostToStore/Page_HealthPost Store/select_--Select--Schedule 1Inj'

2018-05-22 11:42:30 - [MESSAGE][PASSED] - All options with index in [5] are selected on object 'Object Repository/HealthpostToStore/Page_HealthPost Store/select_--Select--Schedule 1Inj'

2018-05-22 11:42:30 - [TEST_STEP][PASSED] - delay: Delayed 1 second(s)

2018-05-22 11:42:31 - [MESSAGE][PASSED] - Delayed 1 second(s)

2018-05-22 11:42:31 - [TEST_STEP][PASSED] - selectOptionByIndex: All options with index in [12] are selected on object 'Object Repository/HealthpostToStore/Page_HealthPost Store/select_--Select--Adernaline 0.'

2018-05-22 11:42:31 - [MESSAGE][PASSED] - All options with index in [12] are selected on object 'Object Repository/HealthpostToStore/Page_HealthPost Store/select_--Select--Adernaline 0.'

2018-05-22 11:42:31 - [TEST_STEP][PASSED] - setText: Text '10' is set on object 'Object Repository/HealthpostToStore/Page_HealthPost Store/input_txttreat'

2018-05-22 11:42:31 - [MESSAGE][PASSED] - Text '10' is set on object 'Object Repository/HealthpostToStore/Page_HealthPost Store/input_txttreat'

2018-05-22 11:42:31 - [TEST_STEP][PASSED] - doubleClick: Object: 'Object Repository/HealthpostToStore/Page_HealthPost Store/button_Add' is double clicked on

2018-05-22 11:42:31 - [MESSAGE][PASSED] - Object: 'Object Repository/HealthpostToStore/Page_HealthPost Store/button_Add' is double clicked on

2018-05-22 11:42:31 - [TEST_STEP][PASSED] - selectOptionByIndex: All options with index in [5] are selected on object 'Object Repository/HealthpostToStore/Page_HealthPost Store/select_--Select--Schedule 1Inj'

2018-05-22 11:42:31 - [MESSAGE][PASSED] - All options with index in [5] are selected on object 'Object Repository/HealthpostToStore/Page_HealthPost Store/select_--Select--Schedule 1Inj'

2018-05-22 11:42:31 - [TEST_STEP][PASSED] - delay: Delayed 1 second(s)

2018-05-22 11:42:32 - [MESSAGE][PASSED] - Delayed 1 second(s)

2018-05-22 11:42:32 - [TEST_STEP][PASSED] - selectOptionByIndex: All options with index in [13] are selected on object 'Object Repository/HealthpostToStore/Page_HealthPost Store/select_--Select--Adernaline 0.'

2018-05-22 11:42:33 - [MESSAGE][PASSED] - All options with index in [13] are selected on object 'Object Repository/HealthpostToStore/Page_HealthPost Store/select_--Select--Adernaline 0.'

2018-05-22 11:42:33 - [TEST_STEP][PASSED] - setText: Text '10' is set on object 'Object Repository/HealthpostToStore/Page_HealthPost Store/input_txttreat'

2018-05-22 11:42:33 - [MESSAGE][PASSED] - Text '10' is set on object 'Object Repository/HealthpostToStore/Page_HealthPost Store/input_txttreat'

2018-05-22 11:42:33 - [TEST_STEP][PASSED] - doubleClick: Object: 'Object Repository/HealthpostToStore/Page_HealthPost Store/button_Add' is double clicked on

2018-05-22 11:42:33 - [MESSAGE][PASSED] - Object: 'Object Repository/HealthpostToStore/Page_HealthPost Store/button_Add' is double clicked on

2018-05-22 11:42:33 - [TEST_STEP][PASSED] - selectOptionByIndex: All options with index in [5] are selected on object 'Object Repository/HealthpostToStore/Page_HealthPost Store/select_--Select--Schedule 1Inj'

2018-05-22 11:42:33 - [MESSAGE][PASSED] - All options with index in [5] are selected on object 'Object Repository/HealthpostToStore/Page_HealthPost Store/select_--Select--Schedule 1Inj'

2018-05-22 11:42:33 - [TEST_STEP][PASSED] - delay: Delayed 1 second(s)

2018-05-22 11:42:34 - [MESSAGE][PASSED] - Delayed 1 second(s)

2018-05-22 11:42:34 - [TEST_STEP][PASSED] - selectOptionByIndex: All options with index in [14] are selected on object 'Object Repository/HealthpostToStore/Page_HealthPost Store/select_--Select--Adernaline 0.'

2018-05-22 11:42:34 - [MESSAGE][PASSED] - All options with index in [14] are selected on object 'Object Repository/HealthpostToStore/Page_HealthPost Store/select_--Select--Adernaline 0.'

2018-05-22 11:42:34 - [TEST_STEP][PASSED] - setText: Text '10' is set on object 'Object Repository/HealthpostToStore/Page_HealthPost Store/input_txttreat'

2018-05-22 11:42:34 - [MESSAGE][PASSED] - Text '10' is set on object 'Object Repository/HealthpostToStore/Page_HealthPost Store/input_txttreat'

2018-05-22 11:42:34 - [TEST_STEP][PASSED] - doubleClick: Object: 'Object Repository/HealthpostToStore/Page_HealthPost Store/button_Add' is double clicked on

2018-05-22 11:42:34 - [MESSAGE][PASSED] - Object: 'Object Repository/HealthpostToStore/Page_HealthPost Store/button_Add' is double clicked on

2018-05-22 11:42:34 - [TEST_STEP][PASSED] - selectOptionByIndex: All options with index in [5] are selected on object 'Object Repository/HealthpostToStore/Page_HealthPost Store/select_--Select--Schedule 1Inj'

2018-05-22 11:42:34 - [MESSAGE][PASSED] - All options with index in [5] are selected on object 'Object Repository/HealthpostToStore/Page_HealthPost Store/select_--Select--Schedule 1Inj'

2018-05-22 11:42:34 - [TEST_STEP][PASSED] - delay: Delayed 1 second(s)

2018-05-22 11:42:35 - [MESSAGE][PASSED] - Delayed 1 second(s)

2018-05-22 11:42:35 - [TEST_STEP][PASSED] - selectOptionByIndex: All options with index in [15] are selected on object 'Object Repository/HealthpostToStore/Page_HealthPost Store/select_--Select--Adernaline 0.'

2018-05-22 11:42:36 - [MESSAGE][PASSED] - All options with index in [15] are selected on object 'Object Repository/HealthpostToStore/Page_HealthPost Store/select_--Select--Adernaline 0.'

2018-05-22 11:42:36 - [TEST_STEP][PASSED] - setText: Text '10' is set on object 'Object Repository/HealthpostToStore/Page_HealthPost Store/input_txttreat'

2018-05-22 11:42:36 - [MESSAGE][PASSED] - Text '10' is set on object 'Object Repository/HealthpostToStore/Page_HealthPost Store/input_txttreat'

2018-05-22 11:42:36 - [TEST_STEP][PASSED] - doubleClick: Object: 'Object Repository/HealthpostToStore/Page_HealthPost Store/button_Add' is double clicked on

2018-05-22 11:42:36 - [MESSAGE][PASSED] - Object: 'Object Repository/HealthpostToStore/Page_HealthPost Store/button_Add' is double clicked on

2018-05-22 11:42:36 - [TEST_STEP][PASSED] - selectOptionByIndex: All options with index in [5] are selected on object 'Object Repository/HealthpostToStore/Page_HealthPost Store/select_--Select--Schedule 1Inj'

2018-05-22 11:42:36 - [MESSAGE][PASSED] - All options with index in [5] are selected on object 'Object Repository/HealthpostToStore/Page_HealthPost Store/select_--Select--Schedule 1Inj'

2018-05-22 11:42:36 - [TEST_STEP][PASSED] - delay: Delayed 1 second(s)

2018-05-22 11:42:37 - [MESSAGE][PASSED] - Delayed 1 second(s)

2018-05-22 11:42:37 - [TEST_STEP][PASSED] - selectOptionByIndex: All options with index in [16] are selected on object 'Object Repository/HealthpostToStore/Page_HealthPost Store/select_--Select--Adernaline 0.'

2018-05-22 11:42:37 - [MESSAGE][PASSED] - All options with index in [16] are selected on object 'Object Repository/HealthpostToStore/Page_HealthPost Store/select_--Select--Adernaline 0.'

2018-05-22 11:42:37 - [TEST_STEP][PASSED] - setText: Text '10' is set on object 'Object Repository/HealthpostToStore/Page_HealthPost Store/input_txttreat'

2018-05-22 11:42:37 - [MESSAGE][PASSED] - Text '10' is set on object 'Object Repository/HealthpostToStore/Page_HealthPost Store/input_txttreat'

2018-05-22 11:42:37 - [TEST_STEP][PASSED] - doubleClick: Object: 'Object Repository/HealthpostToStore/Page_HealthPost Store/button_Add' is double clicked on

2018-05-22 11:42:37 - [MESSAGE][PASSED] - Object: 'Object Repository/HealthpostToStore/Page_HealthPost Store/button_Add' is double clicked on

2018-05-22 11:42:37 - [TEST_STEP][PASSED] - scrollToElement: Scroll to object 'Object Repository/HealthpostToStore/Page_HealthPost Store/input_btnsave' successfully

2018-05-22 11:42:38 - [MESSAGE][PASSED] - Scroll to object 'Object Repository/HealthpostToStore/Page_HealthPost Store/input_btnsave' successfully

2018-05-22 11:42:38 - [TEST_STEP][PASSED] - click: Object: 'Object Repository/HealthpostToStore/Page_HealthPost Store/input_btnsave' is clicked on

2018-05-22 11:42:38 - [MESSAGE][PASSED] - Object: 'Object Repository/HealthpostToStore/Page_HealthPost Store/input_btnsave' is clicked on

2018-05-22 11:42:38 - [TEST_STEP][PASSED] - delay: Delayed 3 second(s)

2018-05-22 11:42:41 - [MESSAGE][PASSED] - Delayed 3 second(s)

2018-05-22 11:42:41 - [TEST_STEP][PASSED] - Statement - RN1 = com.kms.katalon.core.webui.keyword.WebUiBuiltInKeywords.getText(com.kms.katalon.core.testobject.ObjectRepository.findTestObject(HealthpostToStore/Page_HealthPost Store/font_HPRNO180520187)): Text of object 'Object Repository/HealthpostToStore/Page_HealthPost Store/font_HPRNO180520187' is: 'HPRNO/22052018/59'

2018-05-22 11:42:41 - [MESSAGE][PASSED] - Text of object 'Object Repository/HealthpostToStore/Page_HealthPost Store/font_HPRNO180520187' is: 'HPRNO/22052018/59'

2018-05-22 11:42:41 - [TEST_STEP][PASSED] - Statement - out.println(RN1): null

2018-05-22 11:42:41 - [TEST_STEP][PASSED] - Statement - RID = RN1.split("/")[2]: null

2018-05-22 11:42:41 - [TEST_STEP][PASSED] - click: Object: 'Object Repository/HealthpostToStore/Page_HealthPost Store/button_OK' is clicked on

2018-05-22 11:42:42 - [MESSAGE][PASSED] - Object: 'Object Repository/HealthpostToStore/Page_HealthPost Store/button_OK' is clicked on

2018-05-22 11:42:42 - [TEST_STEP][PASSED] - delay: Delayed 3 second(s)

2018-05-22 11:42:45 - [MESSAGE][PASSED] - Delayed 3 second(s)

2018-05-22 11:42:45 - [TEST_STEP][PASSED] - click: Object: 'Object Repository/HealthpostToStore/Page_HealthPost Store/a_dropdown-toggle' is clicked on

2018-05-22 11:42:45 - [MESSAGE][PASSED] - Object: 'Object Repository/HealthpostToStore/Page_HealthPost Store/a_dropdown-toggle' is clicked on

2018-05-22 11:42:45 - [TEST_STEP][PASSED] - click: Object: 'Object Repository/HealthpostToStore/Page_HealthPost Store/a_Sign out' is clicked on

2018-05-22 11:42:46 - [MESSAGE][PASSED] - Object: 'Object Repository/HealthpostToStore/Page_HealthPost Store/a_Sign out' is clicked on

2018-05-22 11:42:46 - [TEST_STEP][PASSED] - delay: Delayed 3 second(s)

2018-05-22 11:42:49 - [MESSAGE][PASSED] - Delayed 3 second(s)

2018-05-22 11:42:49 - [TEST_STEP][PASSED] - navigateToUrl: Navigate to 'http://192.168.137.1/multihospital_new/' successfully

2018-05-22 11:42:50 - [MESSAGE][PASSED] - Navigate to 'http://192.168.137.1/multihospital_new/' successfully

2018-05-22 11:42:50 - [TEST_STEP][PASSED] - click: Object: 'Object Repository/HealthpostToStore/Page_KDMC/a_CMO' is clicked on

2018-05-22 11:42:50 - [MESSAGE][PASSED] - Object: 'Object Repository/HealthpostToStore/Page_KDMC/a_CMO' is clicked on

2018-05-22 11:42:50 - [TEST_STEP][PASSED] - setText: Text 'guru' is set on object 'Object Repository/HealthpostToStore/Page_CMO login/input_txtusername'

2018-05-22 11:42:51 - [MESSAGE][PASSED] - Text 'guru' is set on object 'Object Repository/HealthpostToStore/Page_CMO login/input_txtusername'

2018-05-22 11:42:51 - [TEST_STEP][PASSED] - setText: Text '123' is set on object 'Object Repository/HealthpostToStore/Page_CMO login/input_txtpassword'

2018-05-22 11:42:51 - [MESSAGE][PASSED] - Text '123' is set on object 'Object Repository/HealthpostToStore/Page_CMO login/input_txtpassword'

2018-05-22 11:42:51 - [TEST_STEP][PASSED] - delay: Delayed 3 second(s)

2018-05-22 11:42:54 - [MESSAGE][PASSED] - Delayed 3 second(s)

2018-05-22 11:42:54 - [TEST_STEP][PASSED] - click: Object: 'Object Repository/HealthpostToStore/Page_CMO login/button_Sign in' is clicked on

2018-05-22 11:42:56 - [MESSAGE][PASSED] - Object: 'Object Repository/HealthpostToStore/Page_CMO login/button_Sign in' is clicked on

2018-05-22 11:42:56 - [TEST_STEP][PASSED] - click: Object: 'Object Repository/HealthpostToStore/Page_KDMC - CMO/a_Department Wise Request' is clicked on

2018-05-22 11:42:58 - [MESSAGE][PASSED] - Object: 'Object Repository/HealthpostToStore/Page_KDMC - CMO/a_Department Wise Request' is clicked on

2018-05-22 11:42:58 - [TEST_STEP][PASSED] - delay: Delayed 2 second(s)

2018-05-22 11:43:00 - [MESSAGE][PASSED] - Delayed 2 second(s)

2018-05-22 11:43:00 - [TEST_STEP][PASSED] - selectOptionByIndex: All options with index in [5] are selected on object 'Object Repository/HealthpostToStore/Page_KDMC - CMO/select_--ALL--'

2018-05-22 11:43:00 - [MESSAGE][PASSED] - All options with index in [5] are selected on object 'Object Repository/HealthpostToStore/Page_KDMC - CMO/select_--ALL--'

2018-05-22 11:43:00 - [TEST_STEP][PASSED] - click: Object: 'Object Repository/HealthpostToStore/Page_KDMC - CMO/input_btnsearch' is clicked on

2018-05-22 11:43:00 - [MESSAGE][PASSED] - Object: 'Object Repository/HealthpostToStore/Page_KDMC - CMO/input_btnsearch' is clicked on

2018-05-22 11:43:00 - [TEST_STEP][PASSED] - selectOptionByIndex: All options with index in [1] are selected on object 'Object Repository/HealthpostToStore/Page_KDMC - CMO/select_--ALL--                _1'

2018-05-22 11:43:01 - [MESSAGE][PASSED] - All options with index in [1] are selected on object 'Object Repository/HealthpostToStore/Page_KDMC - CMO/select_--ALL--                _1'

2018-05-22 11:43:01 - [TEST_STEP][PASSED] - click: Object: 'Object Repository/HealthpostToStore/Page_KDMC - CMO/input_btnsearch' is clicked on

2018-05-22 11:43:01 - [MESSAGE][PASSED] - Object: 'Object Repository/HealthpostToStore/Page_KDMC - CMO/input_btnsearch' is clicked on

2018-05-22 11:43:01 - [TEST_STEP][PASSED] - Statement - ID = com.kms.katalon.core.webui.keyword.WebUiBuiltInKeywords.modifyObjectProperty(com.kms.katalon.core.testobject.ObjectRepository.findTestObject(lab/Page_KDMC - CMO/input_1), "xpath", "equals", "//*[@id=" + RID + "]", true): Modify property of object successfully

2018-05-22 11:43:01 - [MESSAGE][PASSED] - Modify property of object successfully

2018-05-22 11:43:01 - [TEST_STEP][PASSED] - click: Object: 'Object Repository/lab/Page_KDMC - CMO/input_1' is clicked on

2018-05-22 11:43:01 - [MESSAGE][PASSED] - Object: 'Object Repository/lab/Page_KDMC - CMO/input_1' is clicked on

2018-05-22 11:43:01 - [TEST_STEP][PASSED] - delay: Delayed 2 second(s)

2018-05-22 11:43:03 - [MESSAGE][PASSED] - Delayed 2 second(s)

2018-05-22 11:43:03 - [TEST_STEP][PASSED] - selectOptionByIndex: All options with index in [1] are selected on object 'Object Repository/HealthpostToStore/Page_KDMC - CMO/select_--Select--'

2018-05-22 11:43:04 - [MESSAGE][PASSED] - All options with index in [1] are selected on object 'Object Repository/HealthpostToStore/Page_KDMC - CMO/select_--Select--'

2018-05-22 11:43:04 - [TEST_STEP][PASSED] - click: Object: 'Object Repository/HealthpostToStore/Page_KDMC - CMO/input_btnupdate' is clicked on

2018-05-22 11:43:04 - [MESSAGE][PASSED] - Object: 'Object Repository/HealthpostToStore/Page_KDMC - CMO/input_btnupdate' is clicked on

2018-05-22 11:43:04 - [TEST_STEP][PASSED] - delay: Delayed 2 second(s)

2018-05-22 11:43:06 - [MESSAGE][PASSED] - Delayed 2 second(s)

2018-05-22 11:43:06 - [TEST_STEP][PASSED] - click: Object: 'Object Repository/HealthpostToStore/Page_KDMC - CMO/button_OK' is clicked on

2018-05-22 11:43:09 - [MESSAGE][PASSED] - Object: 'Object Repository/HealthpostToStore/Page_KDMC - CMO/button_OK' is clicked on

2018-05-22 11:43:09 - [TEST_STEP][PASSED] - delay: Delayed 2 second(s)

2018-05-22 11:43:11 - [MESSAGE][PASSED] - Delayed 2 second(s)

2018-05-22 11:43:11 - [TEST_STEP][PASSED] - click: Object: 'Object Repository/HealthpostToStore/Page_KDMC - CMO/a_dropdown-toggle' is clicked on

2018-05-22 11:43:11 - [MESSAGE][PASSED] - Object: 'Object Repository/HealthpostToStore/Page_KDMC - CMO/a_dropdown-toggle' is clicked on

2018-05-22 11:43:11 - [TEST_STEP][PASSED] - click: Object: 'Object Repository/HealthpostToStore/Page_KDMC - CMO/a_Sign out' is clicked on

2018-05-22 11:43:12 - [MESSAGE][PASSED] - Object: 'Object Repository/HealthpostToStore/Page_KDMC - CMO/a_Sign out' is clicked on

2018-05-22 11:43:12 - [TEST_STEP][PASSED] - delay: Delayed 3 second(s)

2018-05-22 11:43:15 - [MESSAGE][PASSED] - Delayed 3 second(s)

2018-05-22 11:43:15 - [TEST_STEP][PASSED] - click: Object: 'Object Repository/HealthpostToStore/Page_KDMC/a_Divisional Store' is clicked on

2018-05-22 11:43:16 - [MESSAGE][PASSED] - Object: 'Object Repository/HealthpostToStore/Page_KDMC/a_Divisional Store' is clicked on

2018-05-22 11:43:16 - [TEST_STEP][PASSED] - setText: Text 'ragu' is set on object 'Object Repository/HealthpostToStore/Page_Divisonal Store Login/input_txtusername'

2018-05-22 11:43:16 - [MESSAGE][PASSED] - Text 'ragu' is set on object 'Object Repository/HealthpostToStore/Page_Divisonal Store Login/input_txtusername'

2018-05-22 11:43:16 - [TEST_STEP][PASSED] - setText: Text '123' is set on object 'Object Repository/HealthpostToStore/Page_Divisonal Store Login/input_txtpassword'

2018-05-22 11:43:17 - [MESSAGE][PASSED] - Text '123' is set on object 'Object Repository/HealthpostToStore/Page_Divisonal Store Login/input_txtpassword'

2018-05-22 11:43:17 - [TEST_STEP][PASSED] - delay: Delayed 3 second(s)

2018-05-22 11:43:20 - [MESSAGE][PASSED] - Delayed 3 second(s)

2018-05-22 11:43:20 - [TEST_STEP][PASSED] - click: Object: 'Object Repository/HealthpostToStore/Page_Divisonal Store Login/button_Sign in' is clicked on

2018-05-22 11:43:21 - [MESSAGE][PASSED] - Object: 'Object Repository/HealthpostToStore/Page_Divisonal Store Login/button_Sign in' is clicked on

2018-05-22 11:43:21 - [TEST_STEP][PASSED] - delay: Delayed 3 second(s)

2018-05-22 11:43:24 - [MESSAGE][PASSED] - Delayed 3 second(s)

2018-05-22 11:43:24 - [TEST_STEP][PASSED] - click: Object: 'Object Repository/HealthpostToStore/Page_Store/a_Health Post Request' is clicked on

2018-05-22 11:43:24 - [MESSAGE][PASSED] - Object: 'Object Repository/HealthpostToStore/Page_Store/a_Health Post Request' is clicked on

2018-05-22 11:43:24 - [TEST_STEP][PASSED] - click: Object: 'Object Repository/HealthpostToStore/Page_Store/a_Request Item HealthPost' is clicked on

2018-05-22 11:43:25 - [MESSAGE][PASSED] - Object: 'Object Repository/HealthpostToStore/Page_Store/a_Request Item HealthPost' is clicked on

2018-05-22 11:43:25 - [TEST_STEP][PASSED] - Statement - ChooseRequest = com.kms.katalon.core.webui.keyword.WebUiBuiltInKeywords.modifyObjectProperty(com.kms.katalon.core.testobject.ObjectRepository.findTestObject(lab/Page_Store/input_1), "xpath", "equals", "//*[@id=" + RID + "]", true): Modify property of object successfully

2018-05-22 11:43:25 - [MESSAGE][PASSED] - Modify property of object successfully

2018-05-22 11:43:25 - [TEST_STEP][PASSED] - click: Object: 'Object Repository/lab/Page_Store/input_1' is clicked on

2018-05-22 11:43:26 - [MESSAGE][PASSED] - Object: 'Object Repository/lab/Page_Store/input_1' is clicked on

2018-05-22 11:43:26 - [TEST_STEP][PASSED] - Statement - selectedoptions = com.kms.katalon.core.webui.keyword.WebUiBuiltInKeywords.getNumberOfTotalOption(com.kms.katalon.core.testobject.ObjectRepository.findTestObject(HealthpostToStore/Page_Store/select_--Select--Adernaline 0.)): 17 options of object 'Object Repository/HealthpostToStore/Page_Store/select_--Select--Adernaline 0.' counted

2018-05-22 11:43:26 - [MESSAGE][PASSED] - 17 options of object 'Object Repository/HealthpostToStore/Page_Store/select_--Select--Adernaline 0.' counted

2018-05-22 11:43:26 - [TEST_STEP][FAILED] - Statement - For ([a = 1, a <= selectedoptions - 1, (a++)]): null

2018-05-22 11:43:26 - [TEST_STEP][PASSED] - selectOptionByIndex: All options with index in [1] are selected on object 'Object Repository/HealthpostToStore/Page_Store/select_--Select--Adernaline 0.'

2018-05-22 11:43:26 - [MESSAGE][PASSED] - All options with index in [1] are selected on object 'Object Repository/HealthpostToStore/Page_Store/select_--Select--Adernaline 0.'

2018-05-22 11:43:26 - [TEST_STEP][PASSED] - delay: Delayed 2 second(s)

2018-05-22 11:43:28 - [MESSAGE][PASSED] - Delayed 2 second(s)

2018-05-22 11:43:28 - [TEST_STEP][PASSED] - Statement - RequestedQty = com.kms.katalon.core.webui.keyword.WebUiBuiltInKeywords.getAttribute(com.kms.katalon.core.testobject.ObjectRepository.findTestObject(HealthpostToStore/Page_Store/input_txttotal), "value"): Attribute 'value' of object 'Object Repository/HealthpostToStore/Page_Store/input_txttotal' is: '10'

2018-05-22 11:43:28 - [MESSAGE][PASSED] - Attribute 'value' of object 'Object Repository/HealthpostToStore/Page_Store/input_txttotal' is: '10'

2018-05-22 11:43:28 - [TEST_STEP][PASSED] - Statement - out.println("Requested QTY : " + RequestedQty): null

2018-05-22 11:43:28 - [TEST_STEP][PASSED] - Statement - BatchNumber = com.kms.katalon.core.webui.keyword.WebUiBuiltInKeywords.getNumberOfTotalOption(com.kms.katalon.core.testobject.ObjectRepository.findTestObject(HealthpostToStore/Page_Store/select_--Select--BA1170BA2376B)): 3 options of object 'Object Repository/HealthpostToStore/Page_Store/select_--Select--BA1170BA2376B' counted

2018-05-22 11:43:29 - [MESSAGE][PASSED] - 3 options of object 'Object Repository/HealthpostToStore/Page_Store/select_--Select--BA1170BA2376B' counted

2018-05-22 11:43:29 - [TEST_STEP][PASSED] - Statement - For ([g = 1, g <= BatchNumber - 1, (g++)]): null

2018-05-22 11:43:29 - [TEST_STEP][PASSED] - selectOptionByIndex: All options with index in [1] are selected on object 'Object Repository/HealthpostToStore/Page_Store/select_--Select--BA1170BA2376B'

2018-05-22 11:43:29 - [MESSAGE][PASSED] - All options with index in [1] are selected on object 'Object Repository/HealthpostToStore/Page_Store/select_--Select--BA1170BA2376B'

2018-05-22 11:43:29 - [TEST_STEP][PASSED] - Statement - Try: null

2018-05-22 11:43:29 - [TEST_STEP][PASSED] - Statement - StockQty = com.kms.katalon.core.webui.keyword.WebUiBuiltInKeywords.getAttribute(com.kms.katalon.core.testobject.ObjectRepository.findTestObject(HealthpostToStore/Page_Store/input_txtprice), "value"): Attribute 'value' of object 'Object Repository/HealthpostToStore/Page_Store/input_txtprice' is: '1955'

2018-05-22 11:43:29 - [MESSAGE][PASSED] - Attribute 'value' of object 'Object Repository/HealthpostToStore/Page_Store/input_txtprice' is: '1955'

2018-05-22 11:43:29 - [TEST_STEP][PASSED] - Statement - out.println("Stock QTY : " + StockQty): null

2018-05-22 11:43:29 - [TEST_STEP][PASSED] - delay: Delayed 2 second(s)

2018-05-22 11:43:31 - [MESSAGE][PASSED] - Delayed 2 second(s)

2018-05-22 11:43:31 - [TEST_STEP][PASSED] - Statement - If (java.lang.String.valueOf(StockQty) >= java.lang.String.valueOf(RequestedQty)): null

2018-05-22 11:43:31 - [TEST_STEP][PASSED] - setText: Text '10' is set on object 'Object Repository/HealthpostToStore/Page_Store/input_txtqty'

2018-05-22 11:43:31 - [MESSAGE][PASSED] - Text '10' is set on object 'Object Repository/HealthpostToStore/Page_Store/input_txtqty'

2018-05-22 11:43:31 - [TEST_STEP][PASSED] - click: Object: 'Object Repository/HealthpostToStore/Page_Store/button_Add' is clicked on

2018-05-22 11:43:31 - [MESSAGE][PASSED] - Object: 'Object Repository/HealthpostToStore/Page_Store/button_Add' is clicked on

2018-05-22 11:43:31 - [TEST_STEP][PASSED] - Statement - Break: null

2018-05-22 11:43:31 - [TEST_STEP][PASSED] - selectOptionByIndex: All options with index in [2] are selected on object 'Object Repository/HealthpostToStore/Page_Store/select_--Select--Adernaline 0.'

2018-05-22 11:43:31 - [MESSAGE][PASSED] - All options with index in [2] are selected on object 'Object Repository/HealthpostToStore/Page_Store/select_--Select--Adernaline 0.'

2018-05-22 11:43:31 - [TEST_STEP][PASSED] - delay: Delayed 2 second(s)

2018-05-22 11:43:33 - [MESSAGE][PASSED] - Delayed 2 second(s)

2018-05-22 11:43:33 - [TEST_STEP][PASSED] - Statement - RequestedQty = com.kms.katalon.core.webui.keyword.WebUiBuiltInKeywords.getAttribute(com.kms.katalon.core.testobject.ObjectRepository.findTestObject(HealthpostToStore/Page_Store/input_txttotal), "value"): Attribute 'value' of object 'Object Repository/HealthpostToStore/Page_Store/input_txttotal' is: '10'

2018-05-22 11:43:33 - [MESSAGE][PASSED] - Attribute 'value' of object 'Object Repository/HealthpostToStore/Page_Store/input_txttotal' is: '10'

2018-05-22 11:43:33 - [TEST_STEP][PASSED] - Statement - out.println("Requested QTY : " + RequestedQty): null

2018-05-22 11:43:33 - [TEST_STEP][PASSED] - Statement - BatchNumber = com.kms.katalon.core.webui.keyword.WebUiBuiltInKeywords.getNumberOfTotalOption(com.kms.katalon.core.testobject.ObjectRepository.findTestObject(HealthpostToStore/Page_Store/select_--Select--BA1170BA2376B)): 3 options of object 'Object Repository/HealthpostToStore/Page_Store/select_--Select--BA1170BA2376B' counted

2018-05-22 11:43:33 - [MESSAGE][PASSED] - 3 options of object 'Object Repository/HealthpostToStore/Page_Store/select_--Select--BA1170BA2376B' counted

2018-05-22 11:43:33 - [TEST_STEP][PASSED] - Statement - For ([g = 1, g <= BatchNumber - 1, (g++)]): null

2018-05-22 11:43:33 - [TEST_STEP][PASSED] - selectOptionByIndex: All options with index in [1] are selected on object 'Object Repository/HealthpostToStore/Page_Store/select_--Select--BA1170BA2376B'

2018-05-22 11:43:33 - [MESSAGE][PASSED] - All options with index in [1] are selected on object 'Object Repository/HealthpostToStore/Page_Store/select_--Select--BA1170BA2376B'

2018-05-22 11:43:33 - [TEST_STEP][PASSED] - Statement - Try: null

2018-05-22 11:43:33 - [TEST_STEP][PASSED] - Statement - StockQty = com.kms.katalon.core.webui.keyword.WebUiBuiltInKeywords.getAttribute(com.kms.katalon.core.testobject.ObjectRepository.findTestObject(HealthpostToStore/Page_Store/input_txtprice), "value"): Attribute 'value' of object 'Object Repository/HealthpostToStore/Page_Store/input_txtprice' is: '1611'

2018-05-22 11:43:33 - [MESSAGE][PASSED] - Attribute 'value' of object 'Object Repository/HealthpostToStore/Page_Store/input_txtprice' is: '1611'

2018-05-22 11:43:33 - [TEST_STEP][PASSED] - Statement - out.println("Stock QTY : " + StockQty): null

2018-05-22 11:43:33 - [TEST_STEP][PASSED] - delay: Delayed 2 second(s)

2018-05-22 11:43:35 - [MESSAGE][PASSED] - Delayed 2 second(s)

2018-05-22 11:43:35 - [TEST_STEP][PASSED] - Statement - If (java.lang.String.valueOf(StockQty) >= java.lang.String.valueOf(RequestedQty)): null

2018-05-22 11:43:35 - [TEST_STEP][PASSED] - setText: Text '10' is set on object 'Object Repository/HealthpostToStore/Page_Store/input_txtqty'

2018-05-22 11:43:35 - [MESSAGE][PASSED] - Text '10' is set on object 'Object Repository/HealthpostToStore/Page_Store/input_txtqty'

2018-05-22 11:43:35 - [TEST_STEP][PASSED] - click: Object: 'Object Repository/HealthpostToStore/Page_Store/button_Add' is clicked on

2018-05-22 11:43:35 - [MESSAGE][PASSED] - Object: 'Object Repository/HealthpostToStore/Page_Store/button_Add' is clicked on

2018-05-22 11:43:35 - [TEST_STEP][PASSED] - Statement - Break: null

2018-05-22 11:43:35 - [TEST_STEP][PASSED] - selectOptionByIndex: All options with index in [3] are selected on object 'Object Repository/HealthpostToStore/Page_Store/select_--Select--Adernaline 0.'

2018-05-22 11:43:36 - [MESSAGE][PASSED] - All options with index in [3] are selected on object 'Object Repository/HealthpostToStore/Page_Store/select_--Select--Adernaline 0.'

2018-05-22 11:43:36 - [TEST_STEP][PASSED] - delay: Delayed 2 second(s)

2018-05-22 11:43:38 - [MESSAGE][PASSED] - Delayed 2 second(s)

2018-05-22 11:43:38 - [TEST_STEP][PASSED] - Statement - RequestedQty = com.kms.katalon.core.webui.keyword.WebUiBuiltInKeywords.getAttribute(com.kms.katalon.core.testobject.ObjectRepository.findTestObject(HealthpostToStore/Page_Store/input_txttotal), "value"): Attribute 'value' of object 'Object Repository/HealthpostToStore/Page_Store/input_txttotal' is: '10'

2018-05-22 11:43:38 - [MESSAGE][PASSED] - Attribute 'value' of object 'Object Repository/HealthpostToStore/Page_Store/input_txttotal' is: '10'

2018-05-22 11:43:38 - [TEST_STEP][PASSED] - Statement - out.println("Requested QTY : " + RequestedQty): null

2018-05-22 11:43:38 - [TEST_STEP][PASSED] - Statement - BatchNumber = com.kms.katalon.core.webui.keyword.WebUiBuiltInKeywords.getNumberOfTotalOption(com.kms.katalon.core.testobject.ObjectRepository.findTestObject(HealthpostToStore/Page_Store/select_--Select--BA1170BA2376B)): 3 options of object 'Object Repository/HealthpostToStore/Page_Store/select_--Select--BA1170BA2376B' counted

2018-05-22 11:43:38 - [MESSAGE][PASSED] - 3 options of object 'Object Repository/HealthpostToStore/Page_Store/select_--Select--BA1170BA2376B' counted

2018-05-22 11:43:38 - [TEST_STEP][PASSED] - Statement - For ([g = 1, g <= BatchNumber - 1, (g++)]): null

2018-05-22 11:43:38 - [TEST_STEP][PASSED] - selectOptionByIndex: All options with index in [1] are selected on object 'Object Repository/HealthpostToStore/Page_Store/select_--Select--BA1170BA2376B'

2018-05-22 11:43:38 - [MESSAGE][PASSED] - All options with index in [1] are selected on object 'Object Repository/HealthpostToStore/Page_Store/select_--Select--BA1170BA2376B'

2018-05-22 11:43:38 - [TEST_STEP][PASSED] - Statement - Try: null

2018-05-22 11:43:38 - [TEST_STEP][PASSED] - Statement - StockQty = com.kms.katalon.core.webui.keyword.WebUiBuiltInKeywords.getAttribute(com.kms.katalon.core.testobject.ObjectRepository.findTestObject(HealthpostToStore/Page_Store/input_txtprice), "value"): Attribute 'value' of object 'Object Repository/HealthpostToStore/Page_Store/input_txtprice' is: '1860'

2018-05-22 11:43:38 - [MESSAGE][PASSED] - Attribute 'value' of object 'Object Repository/HealthpostToStore/Page_Store/input_txtprice' is: '1860'

2018-05-22 11:43:38 - [TEST_STEP][PASSED] - Statement - out.println("Stock QTY : " + StockQty): null

2018-05-22 11:43:38 - [TEST_STEP][PASSED] - delay: Delayed 2 second(s)

2018-05-22 11:43:40 - [MESSAGE][PASSED] - Delayed 2 second(s)

2018-05-22 11:43:40 - [TEST_STEP][PASSED] - Statement - If (java.lang.String.valueOf(StockQty) >= java.lang.String.valueOf(RequestedQty)): null

2018-05-22 11:43:40 - [TEST_STEP][PASSED] - setText: Text '10' is set on object 'Object Repository/HealthpostToStore/Page_Store/input_txtqty'

2018-05-22 11:43:40 - [MESSAGE][PASSED] - Text '10' is set on object 'Object Repository/HealthpostToStore/Page_Store/input_txtqty'

2018-05-22 11:43:40 - [TEST_STEP][PASSED] - click: Object: 'Object Repository/HealthpostToStore/Page_Store/button_Add' is clicked on

2018-05-22 11:43:40 - [MESSAGE][PASSED] - Object: 'Object Repository/HealthpostToStore/Page_Store/button_Add' is clicked on

2018-05-22 11:43:40 - [TEST_STEP][PASSED] - Statement - Break: null

2018-05-22 11:43:40 - [TEST_STEP][PASSED] - selectOptionByIndex: All options with index in [4] are selected on object 'Object Repository/HealthpostToStore/Page_Store/select_--Select--Adernaline 0.'

2018-05-22 11:43:40 - [MESSAGE][PASSED] - All options with index in [4] are selected on object 'Object Repository/HealthpostToStore/Page_Store/select_--Select--Adernaline 0.'

2018-05-22 11:43:40 - [TEST_STEP][PASSED] - delay: Delayed 2 second(s)

2018-05-22 11:43:42 - [MESSAGE][PASSED] - Delayed 2 second(s)

2018-05-22 11:43:42 - [TEST_STEP][PASSED] - Statement - RequestedQty = com.kms.katalon.core.webui.keyword.WebUiBuiltInKeywords.getAttribute(com.kms.katalon.core.testobject.ObjectRepository.findTestObject(HealthpostToStore/Page_Store/input_txttotal), "value"): Attribute 'value' of object 'Object Repository/HealthpostToStore/Page_Store/input_txttotal' is: '10'

2018-05-22 11:43:42 - [MESSAGE][PASSED] - Attribute 'value' of object 'Object Repository/HealthpostToStore/Page_Store/input_txttotal' is: '10'

2018-05-22 11:43:42 - [TEST_STEP][PASSED] - Statement - out.println("Requested QTY : " + RequestedQty): null

2018-05-22 11:43:42 - [TEST_STEP][PASSED] - Statement - BatchNumber = com.kms.katalon.core.webui.keyword.WebUiBuiltInKeywords.getNumberOfTotalOption(com.kms.katalon.core.testobject.ObjectRepository.findTestObject(HealthpostToStore/Page_Store/select_--Select--BA1170BA2376B)): 3 options of object 'Object Repository/HealthpostToStore/Page_Store/select_--Select--BA1170BA2376B' counted

2018-05-22 11:43:42 - [MESSAGE][PASSED] - 3 options of object 'Object Repository/HealthpostToStore/Page_Store/select_--Select--BA1170BA2376B' counted

2018-05-22 11:43:42 - [TEST_STEP][PASSED] - Statement - For ([g = 1, g <= BatchNumber - 1, (g++)]): null

2018-05-22 11:43:42 - [TEST_STEP][PASSED] - selectOptionByIndex: All options with index in [1] are selected on object 'Object Repository/HealthpostToStore/Page_Store/select_--Select--BA1170BA2376B'

2018-05-22 11:43:42 - [MESSAGE][PASSED] - All options with index in [1] are selected on object 'Object Repository/HealthpostToStore/Page_Store/select_--Select--BA1170BA2376B'

2018-05-22 11:43:42 - [TEST_STEP][PASSED] - Statement - Try: null

2018-05-22 11:43:42 - [TEST_STEP][PASSED] - Statement - StockQty = com.kms.katalon.core.webui.keyword.WebUiBuiltInKeywords.getAttribute(com.kms.katalon.core.testobject.ObjectRepository.findTestObject(HealthpostToStore/Page_Store/input_txtprice), "value"): Attribute 'value' of object 'Object Repository/HealthpostToStore/Page_Store/input_txtprice' is: '1860'

2018-05-22 11:43:42 - [MESSAGE][PASSED] - Attribute 'value' of object 'Object Repository/HealthpostToStore/Page_Store/input_txtprice' is: '1860'

2018-05-22 11:43:42 - [TEST_STEP][PASSED] - Statement - out.println("Stock QTY : " + StockQty): null

2018-05-22 11:43:42 - [TEST_STEP][PASSED] - delay: Delayed 2 second(s)

2018-05-22 11:43:44 - [MESSAGE][PASSED] - Delayed 2 second(s)

2018-05-22 11:43:44 - [TEST_STEP][PASSED] - Statement - If (java.lang.String.valueOf(StockQty) >= java.lang.String.valueOf(RequestedQty)): null

2018-05-22 11:43:44 - [TEST_STEP][PASSED] - setText: Text '10' is set on object 'Object Repository/HealthpostToStore/Page_Store/input_txtqty'

2018-05-22 11:43:45 - [MESSAGE][PASSED] - Text '10' is set on object 'Object Repository/HealthpostToStore/Page_Store/input_txtqty'

2018-05-22 11:43:45 - [TEST_STEP][PASSED] - click: Object: 'Object Repository/HealthpostToStore/Page_Store/button_Add' is clicked on

2018-05-22 11:43:45 - [MESSAGE][PASSED] - Object: 'Object Repository/HealthpostToStore/Page_Store/button_Add' is clicked on

2018-05-22 11:43:45 - [TEST_STEP][PASSED] - Statement - Break: null

2018-05-22 11:43:45 - [TEST_STEP][PASSED] - selectOptionByIndex: All options with index in [5] are selected on object 'Object Repository/HealthpostToStore/Page_Store/select_--Select--Adernaline 0.'

2018-05-22 11:43:45 - [MESSAGE][PASSED] - All options with index in [5] are selected on object 'Object Repository/HealthpostToStore/Page_Store/select_--Select--Adernaline 0.'

2018-05-22 11:43:45 - [TEST_STEP][PASSED] - delay: Delayed 2 second(s)

2018-05-22 11:43:47 - [MESSAGE][PASSED] - Delayed 2 second(s)

2018-05-22 11:43:47 - [TEST_STEP][PASSED] - Statement - RequestedQty = com.kms.katalon.core.webui.keyword.WebUiBuiltInKeywords.getAttribute(com.kms.katalon.core.testobject.ObjectRepository.findTestObject(HealthpostToStore/Page_Store/input_txttotal), "value"): Attribute 'value' of object 'Object Repository/HealthpostToStore/Page_Store/input_txttotal' is: '10'

2018-05-22 11:43:47 - [MESSAGE][PASSED] - Attribute 'value' of object 'Object Repository/HealthpostToStore/Page_Store/input_txttotal' is: '10'

2018-05-22 11:43:47 - [TEST_STEP][PASSED] - Statement - out.println("Requested QTY : " + RequestedQty): null

2018-05-22 11:43:47 - [TEST_STEP][PASSED] - Statement - BatchNumber = com.kms.katalon.core.webui.keyword.WebUiBuiltInKeywords.getNumberOfTotalOption(com.kms.katalon.core.testobject.ObjectRepository.findTestObject(HealthpostToStore/Page_Store/select_--Select--BA1170BA2376B)): 3 options of object 'Object Repository/HealthpostToStore/Page_Store/select_--Select--BA1170BA2376B' counted

2018-05-22 11:43:47 - [MESSAGE][PASSED] - 3 options of object 'Object Repository/HealthpostToStore/Page_Store/select_--Select--BA1170BA2376B' counted

2018-05-22 11:43:47 - [TEST_STEP][PASSED] - Statement - For ([g = 1, g <= BatchNumber - 1, (g++)]): null

2018-05-22 11:43:47 - [TEST_STEP][PASSED] - selectOptionByIndex: All options with index in [1] are selected on object 'Object Repository/HealthpostToStore/Page_Store/select_--Select--BA1170BA2376B'

2018-05-22 11:43:47 - [MESSAGE][PASSED] - All options with index in [1] are selected on object 'Object Repository/HealthpostToStore/Page_Store/select_--Select--BA1170BA2376B'

2018-05-22 11:43:47 - [TEST_STEP][PASSED] - Statement - Try: null

2018-05-22 11:43:47 - [TEST_STEP][PASSED] - Statement - StockQty = com.kms.katalon.core.webui.keyword.WebUiBuiltInKeywords.getAttribute(com.kms.katalon.core.testobject.ObjectRepository.findTestObject(HealthpostToStore/Page_Store/input_txtprice), "value"): Attribute 'value' of object 'Object Repository/HealthpostToStore/Page_Store/input_txtprice' is: ''

2018-05-22 11:43:47 - [MESSAGE][PASSED] - Attribute 'value' of object 'Object Repository/HealthpostToStore/Page_Store/input_txtprice' is: ''

2018-05-22 11:43:47 - [TEST_STEP][PASSED] - Statement - out.println("Stock QTY : " + StockQty): null

2018-05-22 11:43:47 - [TEST_STEP][PASSED] - delay: Delayed 2 second(s)

2018-05-22 11:43:49 - [MESSAGE][PASSED] - Delayed 2 second(s)

2018-05-22 11:43:49 - [TEST_STEP][PASSED] - Statement - If (java.lang.String.valueOf(StockQty) >= java.lang.String.valueOf(RequestedQty)): null

2018-05-22 11:43:49 - [TEST_STEP][PASSED] - Statement - Else: null

2018-05-22 11:43:49 - [TEST_STEP][PASSED] - Statement - out.println("Stock Is Less Than Requested Qty"): null

2018-05-22 11:43:49 - [TEST_STEP][PASSED] - selectOptionByIndex: All options with index in [2] are selected on object 'Object Repository/HealthpostToStore/Page_Store/select_--Select--BA1170BA2376B'

2018-05-22 11:43:49 - [MESSAGE][PASSED] - All options with index in [2] are selected on object 'Object Repository/HealthpostToStore/Page_Store/select_--Select--BA1170BA2376B'

2018-05-22 11:43:49 - [TEST_STEP][PASSED] - Statement - Try: null

2018-05-22 11:43:49 - [TEST_STEP][PASSED] - Statement - StockQty = com.kms.katalon.core.webui.keyword.WebUiBuiltInKeywords.getAttribute(com.kms.katalon.core.testobject.ObjectRepository.findTestObject(HealthpostToStore/Page_Store/input_txtprice), "value"): Attribute 'value' of object 'Object Repository/HealthpostToStore/Page_Store/input_txtprice' is: '200'

2018-05-22 11:43:49 - [MESSAGE][PASSED] - Attribute 'value' of object 'Object Repository/HealthpostToStore/Page_Store/input_txtprice' is: '200'

2018-05-22 11:43:49 - [TEST_STEP][PASSED] - Statement - out.println("Stock QTY : " + StockQty): null

2018-05-22 11:43:49 - [TEST_STEP][PASSED] - delay: Delayed 2 second(s)

2018-05-22 11:43:51 - [MESSAGE][PASSED] - Delayed 2 second(s)

2018-05-22 11:43:51 - [TEST_STEP][PASSED] - Statement - If (java.lang.String.valueOf(StockQty) >= java.lang.String.valueOf(RequestedQty)): null

2018-05-22 11:43:51 - [TEST_STEP][PASSED] - setText: Text '10' is set on object 'Object Repository/HealthpostToStore/Page_Store/input_txtqty'

2018-05-22 11:43:51 - [MESSAGE][PASSED] - Text '10' is set on object 'Object Repository/HealthpostToStore/Page_Store/input_txtqty'

2018-05-22 11:43:51 - [TEST_STEP][PASSED] - click: Object: 'Object Repository/HealthpostToStore/Page_Store/button_Add' is clicked on

2018-05-22 11:43:51 - [MESSAGE][PASSED] - Object: 'Object Repository/HealthpostToStore/Page_Store/button_Add' is clicked on

2018-05-22 11:43:51 - [TEST_STEP][PASSED] - Statement - Break: null

2018-05-22 11:43:51 - [TEST_STEP][PASSED] - selectOptionByIndex: All options with index in [6] are selected on object 'Object Repository/HealthpostToStore/Page_Store/select_--Select--Adernaline 0.'

2018-05-22 11:43:52 - [MESSAGE][PASSED] - All options with index in [6] are selected on object 'Object Repository/HealthpostToStore/Page_Store/select_--Select--Adernaline 0.'

2018-05-22 11:43:52 - [TEST_STEP][PASSED] - delay: Delayed 2 second(s)

2018-05-22 11:43:54 - [MESSAGE][PASSED] - Delayed 2 second(s)

2018-05-22 11:43:54 - [TEST_STEP][PASSED] - Statement - RequestedQty = com.kms.katalon.core.webui.keyword.WebUiBuiltInKeywords.getAttribute(com.kms.katalon.core.testobject.ObjectRepository.findTestObject(HealthpostToStore/Page_Store/input_txttotal), "value"): Attribute 'value' of object 'Object Repository/HealthpostToStore/Page_Store/input_txttotal' is: '10'

2018-05-22 11:43:54 - [MESSAGE][PASSED] - Attribute 'value' of object 'Object Repository/HealthpostToStore/Page_Store/input_txttotal' is: '10'

2018-05-22 11:43:54 - [TEST_STEP][PASSED] - Statement - out.println("Requested QTY : " + RequestedQty): null

2018-05-22 11:43:54 - [TEST_STEP][PASSED] - Statement - BatchNumber = com.kms.katalon.core.webui.keyword.WebUiBuiltInKeywords.getNumberOfTotalOption(com.kms.katalon.core.testobject.ObjectRepository.findTestObject(HealthpostToStore/Page_Store/select_--Select--BA1170BA2376B)): 3 options of object 'Object Repository/HealthpostToStore/Page_Store/select_--Select--BA1170BA2376B' counted

2018-05-22 11:43:54 - [MESSAGE][PASSED] - 3 options of object 'Object Repository/HealthpostToStore/Page_Store/select_--Select--BA1170BA2376B' counted

2018-05-22 11:43:54 - [TEST_STEP][PASSED] - Statement - For ([g = 1, g <= BatchNumber - 1, (g++)]): null

2018-05-22 11:43:54 - [TEST_STEP][PASSED] - selectOptionByIndex: All options with index in [1] are selected on object 'Object Repository/HealthpostToStore/Page_Store/select_--Select--BA1170BA2376B'

2018-05-22 11:43:54 - [MESSAGE][PASSED] - All options with index in [1] are selected on object 'Object Repository/HealthpostToStore/Page_Store/select_--Select--BA1170BA2376B'

2018-05-22 11:43:54 - [TEST_STEP][PASSED] - Statement - Try: null

2018-05-22 11:43:54 - [TEST_STEP][PASSED] - Statement - StockQty = com.kms.katalon.core.webui.keyword.WebUiBuiltInKeywords.getAttribute(com.kms.katalon.core.testobject.ObjectRepository.findTestObject(HealthpostToStore/Page_Store/input_txtprice), "value"): Attribute 'value' of object 'Object Repository/HealthpostToStore/Page_Store/input_txtprice' is: '1730'

2018-05-22 11:43:54 - [MESSAGE][PASSED] - Attribute 'value' of object 'Object Repository/HealthpostToStore/Page_Store/input_txtprice' is: '1730'

2018-05-22 11:43:54 - [TEST_STEP][PASSED] - Statement - out.println("Stock QTY : " + StockQty): null

2018-05-22 11:43:54 - [TEST_STEP][PASSED] - delay: Delayed 2 second(s)

2018-05-22 11:43:56 - [MESSAGE][PASSED] - Delayed 2 second(s)

2018-05-22 11:43:56 - [TEST_STEP][PASSED] - Statement - If (java.lang.String.valueOf(StockQty) >= java.lang.String.valueOf(RequestedQty)): null

2018-05-22 11:43:56 - [TEST_STEP][PASSED] - setText: Text '10' is set on object 'Object Repository/HealthpostToStore/Page_Store/input_txtqty'

2018-05-22 11:43:56 - [MESSAGE][PASSED] - Text '10' is set on object 'Object Repository/HealthpostToStore/Page_Store/input_txtqty'

2018-05-22 11:43:56 - [TEST_STEP][PASSED] - click: Object: 'Object Repository/HealthpostToStore/Page_Store/button_Add' is clicked on

2018-05-22 11:43:56 - [MESSAGE][PASSED] - Object: 'Object Repository/HealthpostToStore/Page_Store/button_Add' is clicked on

2018-05-22 11:43:56 - [TEST_STEP][PASSED] - Statement - Break: null

2018-05-22 11:43:56 - [TEST_STEP][PASSED] - selectOptionByIndex: All options with index in [7] are selected on object 'Object Repository/HealthpostToStore/Page_Store/select_--Select--Adernaline 0.'

2018-05-22 11:43:56 - [MESSAGE][PASSED] - All options with index in [7] are selected on object 'Object Repository/HealthpostToStore/Page_Store/select_--Select--Adernaline 0.'

2018-05-22 11:43:56 - [TEST_STEP][PASSED] - delay: Delayed 2 second(s)

2018-05-22 11:43:58 - [MESSAGE][PASSED] - Delayed 2 second(s)

2018-05-22 11:43:58 - [TEST_STEP][PASSED] - Statement - RequestedQty = com.kms.katalon.core.webui.keyword.WebUiBuiltInKeywords.getAttribute(com.kms.katalon.core.testobject.ObjectRepository.findTestObject(HealthpostToStore/Page_Store/input_txttotal), "value"): Attribute 'value' of object 'Object Repository/HealthpostToStore/Page_Store/input_txttotal' is: '10'

2018-05-22 11:43:58 - [MESSAGE][PASSED] - Attribute 'value' of object 'Object Repository/HealthpostToStore/Page_Store/input_txttotal' is: '10'

2018-05-22 11:43:58 - [TEST_STEP][PASSED] - Statement - out.println("Requested QTY : " + RequestedQty): null

2018-05-22 11:43:58 - [TEST_STEP][PASSED] - Statement - BatchNumber = com.kms.katalon.core.webui.keyword.WebUiBuiltInKeywords.getNumberOfTotalOption(com.kms.katalon.core.testobject.ObjectRepository.findTestObject(HealthpostToStore/Page_Store/select_--Select--BA1170BA2376B)): 5 options of object 'Object Repository/HealthpostToStore/Page_Store/select_--Select--BA1170BA2376B' counted

2018-05-22 11:43:58 - [MESSAGE][PASSED] - 5 options of object 'Object Repository/HealthpostToStore/Page_Store/select_--Select--BA1170BA2376B' counted

2018-05-22 11:43:58 - [TEST_STEP][PASSED] - Statement - For ([g = 1, g <= BatchNumber - 1, (g++)]): null

2018-05-22 11:43:58 - [TEST_STEP][PASSED] - selectOptionByIndex: All options with index in [1] are selected on object 'Object Repository/HealthpostToStore/Page_Store/select_--Select--BA1170BA2376B'

2018-05-22 11:43:58 - [MESSAGE][PASSED] - All options with index in [1] are selected on object 'Object Repository/HealthpostToStore/Page_Store/select_--Select--BA1170BA2376B'

2018-05-22 11:43:58 - [TEST_STEP][PASSED] - Statement - Try: null

2018-05-22 11:43:58 - [TEST_STEP][PASSED] - Statement - StockQty = com.kms.katalon.core.webui.keyword.WebUiBuiltInKeywords.getAttribute(com.kms.katalon.core.testobject.ObjectRepository.findTestObject(HealthpostToStore/Page_Store/input_txtprice), "value"): Attribute 'value' of object 'Object Repository/HealthpostToStore/Page_Store/input_txtprice' is: '4'

2018-05-22 11:43:58 - [MESSAGE][PASSED] - Attribute 'value' of object 'Object Repository/HealthpostToStore/Page_Store/input_txtprice' is: '4'

2018-05-22 11:43:58 - [TEST_STEP][PASSED] - Statement - out.println("Stock QTY : " + StockQty): null

2018-05-22 11:43:58 - [TEST_STEP][PASSED] - delay: Delayed 2 second(s)

2018-05-22 11:44:00 - [MESSAGE][PASSED] - Delayed 2 second(s)

2018-05-22 11:44:00 - [TEST_STEP][PASSED] - Statement - If (java.lang.String.valueOf(StockQty) >= java.lang.String.valueOf(RequestedQty)): null

2018-05-22 11:44:00 - [TEST_STEP][PASSED] - setText: Text '10' is set on object 'Object Repository/HealthpostToStore/Page_Store/input_txtqty'

2018-05-22 11:44:00 - [MESSAGE][PASSED] - Text '10' is set on object 'Object Repository/HealthpostToStore/Page_Store/input_txtqty'

2018-05-22 11:44:00 - [TEST_STEP][PASSED] - click: Object: 'Object Repository/HealthpostToStore/Page_Store/button_Add' is clicked on

2018-05-22 11:44:01 - [MESSAGE][PASSED] - Object: 'Object Repository/HealthpostToStore/Page_Store/button_Add' is clicked on

2018-05-22 11:44:01 - [TEST_STEP][PASSED] - Statement - Break: null

2018-05-22 11:44:01 - [TEST_STEP][PASSED] - selectOptionByIndex: All options with index in [8] are selected on object 'Object Repository/HealthpostToStore/Page_Store/select_--Select--Adernaline 0.'

2018-05-22 11:44:01 - [MESSAGE][PASSED] - All options with index in [8] are selected on object 'Object Repository/HealthpostToStore/Page_Store/select_--Select--Adernaline 0.'

2018-05-22 11:44:01 - [TEST_STEP][PASSED] - delay: Delayed 2 second(s)

2018-05-22 11:44:03 - [MESSAGE][PASSED] - Delayed 2 second(s)

2018-05-22 11:44:03 - [TEST_STEP][PASSED] - Statement - RequestedQty = com.kms.katalon.core.webui.keyword.WebUiBuiltInKeywords.getAttribute(com.kms.katalon.core.testobject.ObjectRepository.findTestObject(HealthpostToStore/Page_Store/input_txttotal), "value"): Attribute 'value' of object 'Object Repository/HealthpostToStore/Page_Store/input_txttotal' is: '10'

2018-05-22 11:44:03 - [MESSAGE][PASSED] - Attribute 'value' of object 'Object Repository/HealthpostToStore/Page_Store/input_txttotal' is: '10'

2018-05-22 11:44:03 - [TEST_STEP][PASSED] - Statement - out.println("Requested QTY : " + RequestedQty): null

2018-05-22 11:44:03 - [TEST_STEP][PASSED] - Statement - BatchNumber = com.kms.katalon.core.webui.keyword.WebUiBuiltInKeywords.getNumberOfTotalOption(com.kms.katalon.core.testobject.ObjectRepository.findTestObject(HealthpostToStore/Page_Store/select_--Select--BA1170BA2376B)): 3 options of object 'Object Repository/HealthpostToStore/Page_Store/select_--Select--BA1170BA2376B' counted

2018-05-22 11:44:03 - [MESSAGE][PASSED] - 3 options of object 'Object Repository/HealthpostToStore/Page_Store/select_--Select--BA1170BA2376B' counted

2018-05-22 11:44:03 - [TEST_STEP][FAILED] - Statement - For ([g = 1, g <= BatchNumber - 1, (g++)]): null

2018-05-22 11:44:03 - [TEST_STEP][PASSED] - selectOptionByIndex: All options with index in [1] are selected on object 'Object Repository/HealthpostToStore/Page_Store/select_--Select--BA1170BA2376B'

2018-05-22 11:44:03 - [MESSAGE][PASSED] - All options with index in [1] are selected on object 'Object Repository/HealthpostToStore/Page_Store/select_--Select--BA1170BA2376B'

2018-05-22 11:44:03 - [TEST_STEP][FAILED] - Statement - Try: Unable to set text '10' of object 'Object Repository/HealthpostToStore/Page_Store/input_txtqty' (Root cause: org.openqa.selenium.WebDriverException: unknown error: cannot focus element
  (Session info: chrome=66.0.3359.181)
  (Driver info: chromedriver=2.35.528161 (5b82f2d2aae0ca24b877009200ced9065a772e73),platform=Windows NT 10.0.17134 x86_64) (WARNING: The server did not provide any stacktrace information)
Command duration or timeout: 0 milliseconds
Build info: version: '3.7.1', revision: '8a0099a', time: '2017-11-06T21:07:36.161Z'
System info: host: 'DESKTOP-BLFTK83', ip: '169.254.189.85', os.name: 'Windows 10', os.arch: 'amd64', os.version: '10.0', java.version: '1.8.0_102'
Driver info: com.kms.katalon.selenium.driver.CChromeDriver
Capabilities {acceptInsecureCerts: false, acceptSslCerts: false, applicationCacheEnabled: false, browserConnectionEnabled: false, browserName: chrome, chrome: {chromedriverVersion: 2.35.528161 (5b82f2d2aae0ca..., userDataDir: C:\Users\QUALIT~1\AppData\L...}, cssSelectorsEnabled: true, databaseEnabled: false, handlesAlerts: true, hasTouchScreen: false, javascriptEnabled: true, locationContextEnabled: true, mobileEmulationEnabled: false, nativeEvents: true, networkConnectionEnabled: false, pageLoadStrategy: normal, platform: XP, platformName: XP, rotatable: false, setWindowRect: true, takesHeapSnapshot: true, takesScreenshot: true, unexpectedAlertBehaviour: , unhandledPromptBehavior: , version: 66.0.3359.181, webStorageEnabled: true}
Session ID: f6b95d8143db7f07e3f28240e0c30480)

2018-05-22 11:44:03 - [TEST_STEP][PASSED] - Statement - StockQty = com.kms.katalon.core.webui.keyword.WebUiBuiltInKeywords.getAttribute(com.kms.katalon.core.testobject.ObjectRepository.findTestObject(HealthpostToStore/Page_Store/input_txtprice), "value"): Attribute 'value' of object 'Object Repository/HealthpostToStore/Page_Store/input_txtprice' is: '1703'

2018-05-22 11:44:03 - [MESSAGE][PASSED] - Attribute 'value' of object 'Object Repository/HealthpostToStore/Page_Store/input_txtprice' is: '1703'

2018-05-22 11:44:03 - [TEST_STEP][PASSED] - Statement - out.println("Stock QTY : " + StockQty): null

2018-05-22 11:44:03 - [TEST_STEP][PASSED] - delay: Delayed 2 second(s)

2018-05-22 11:44:05 - [MESSAGE][PASSED] - Delayed 2 second(s)

2018-05-22 11:44:05 - [TEST_STEP][FAILED] - Statement - If (java.lang.String.valueOf(StockQty) >= java.lang.String.valueOf(RequestedQty)): Unable to set text '10' of object 'Object Repository/HealthpostToStore/Page_Store/input_txtqty' (Root cause: org.openqa.selenium.WebDriverException: unknown error: cannot focus element
  (Session info: chrome=66.0.3359.181)
  (Driver info: chromedriver=2.35.528161 (5b82f2d2aae0ca24b877009200ced9065a772e73),platform=Windows NT 10.0.17134 x86_64) (WARNING: The server did not provide any stacktrace information)
Command duration or timeout: 0 milliseconds
Build info: version: '3.7.1', revision: '8a0099a', time: '2017-11-06T21:07:36.161Z'
System info: host: 'DESKTOP-BLFTK83', ip: '169.254.189.85', os.name: 'Windows 10', os.arch: 'amd64', os.version: '10.0', java.version: '1.8.0_102'
Driver info: com.kms.katalon.selenium.driver.CChromeDriver
Capabilities {acceptInsecureCerts: false, acceptSslCerts: false, applicationCacheEnabled: false, browserConnectionEnabled: false, browserName: chrome, chrome: {chromedriverVersion: 2.35.528161 (5b82f2d2aae0ca..., userDataDir: C:\Users\QUALIT~1\AppData\L...}, cssSelectorsEnabled: true, databaseEnabled: false, handlesAlerts: true, hasTouchScreen: false, javascriptEnabled: true, locationContextEnabled: true, mobileEmulationEnabled: false, nativeEvents: true, networkConnectionEnabled: false, pageLoadStrategy: normal, platform: XP, platformName: XP, rotatable: false, setWindowRect: true, takesHeapSnapshot: true, takesScreenshot: true, unexpectedAlertBehaviour: , unhandledPromptBehavior: , version: 66.0.3359.181, webStorageEnabled: true}
Session ID: f6b95d8143db7f07e3f28240e0c30480)

2018-05-22 11:44:05 - [TEST_STEP][FAILED] - setText: Unable to set text '10' of object 'Object Repository/HealthpostToStore/Page_Store/input_txtqty' (Root cause: org.openqa.selenium.WebDriverException: unknown error: cannot focus element
  (Session info: chrome=66.0.3359.181)
  (Driver info: chromedriver=2.35.528161 (5b82f2d2aae0ca24b877009200ced9065a772e73),platform=Windows NT 10.0.17134 x86_64) (WARNING: The server did not provide any stacktrace information)
Command duration or timeout: 0 milliseconds
Build info: version: '3.7.1', revision: '8a0099a', time: '2017-11-06T21:07:36.161Z'
System info: host: 'DESKTOP-BLFTK83', ip: '169.254.189.85', os.name: 'Windows 10', os.arch: 'amd64', os.version: '10.0', java.version: '1.8.0_102'
Driver info: com.kms.katalon.selenium.driver.CChromeDriver
Capabilities {acceptInsecureCerts: false, acceptSslCerts: false, applicationCacheEnabled: false, browserConnectionEnabled: false, browserName: chrome, chrome: {chromedriverVersion: 2.35.528161 (5b82f2d2aae0ca..., userDataDir: C:\Users\QUALIT~1\AppData\L...}, cssSelectorsEnabled: true, databaseEnabled: false, handlesAlerts: true, hasTouchScreen: false, javascriptEnabled: true, locationContextEnabled: true, mobileEmulationEnabled: false, nativeEvents: true, networkConnectionEnabled: false, pageLoadStrategy: normal, platform: XP, platformName: XP, rotatable: false, setWindowRect: true, takesHeapSnapshot: true, takesScreenshot: true, unexpectedAlertBehaviour: , unhandledPromptBehavior: , version: 66.0.3359.181, webStorageEnabled: true}
Session ID: f6b95d8143db7f07e3f28240e0c30480)

2018-05-22 11:44:05 - [MESSAGE][FAILED] - Unable to set text '10' of object 'Object Repository/HealthpostToStore/Page_Store/input_txtqty' (Root cause: org.openqa.selenium.WebDriverException: unknown error: cannot focus element
  (Session info: chrome=66.0.3359.181)
  (Driver info: chromedriver=2.35.528161 (5b82f2d2aae0ca24b877009200ced9065a772e73),platform=Windows NT 10.0.17134 x86_64) (WARNING: The server did not provide any stacktrace information)
Command duration or timeout: 0 milliseconds
Build info: version: '3.7.1', revision: '8a0099a', time: '2017-11-06T21:07:36.161Z'
System info: host: 'DESKTOP-BLFTK83', ip: '169.254.189.85', os.name: 'Windows 10', os.arch: 'amd64', os.version: '10.0', java.version: '1.8.0_102'
Driver info: com.kms.katalon.selenium.driver.CChromeDriver
Capabilities {acceptInsecureCerts: false, acceptSslCerts: false, applicationCacheEnabled: false, browserConnectionEnabled: false, browserName: chrome, chrome: {chromedriverVersion: 2.35.528161 (5b82f2d2aae0ca..., userDataDir: C:\Users\QUALIT~1\AppData\L...}, cssSelectorsEnabled: true, databaseEnabled: false, handlesAlerts: true, hasTouchScreen: false, javascriptEnabled: true, locationContextEnabled: true, mobileEmulationEnabled: false, nativeEvents: true, networkConnectionEnabled: false, pageLoadStrategy: normal, platform: XP, platformName: XP, rotatable: false, setWindowRect: true, takesHeapSnapshot: true, takesScreenshot: true, unexpectedAlertBehaviour: , unhandledPromptBehavior: , version: 66.0.3359.181, webStorageEnabled: true}
Session ID: f6b95d8143db7f07e3f28240e0c30480)
[[ATTACHMENT|C:\\Users\\Quality Analyst\\Katalon Studio\\ds\\Reports\\HealthPost_Store_Suite\\20180522_112214\\1526969645638.png]]

2018-05-22 11:44:05 - [TEST_STEP][PASSED] - Statement - Catch (Exception e): null

2018-05-22 11:44:05 - [TEST_STEP][PASSED] - click: Object: 'Object Repository/HealthpostToStore/Page_Store/button_OK' is clicked on

2018-05-22 11:44:06 - [MESSAGE][PASSED] - Object: 'Object Repository/HealthpostToStore/Page_Store/button_OK' is clicked on

2018-05-22 11:44:06 - [TEST_STEP][PASSED] - Statement - <not implemented yet for class: org.codehaus.groovy.ast.stmt.ContinueStatement>: null

2018-05-22 11:44:06 - [TEST_STEP][PASSED] - selectOptionByIndex: All options with index in [2] are selected on object 'Object Repository/HealthpostToStore/Page_Store/select_--Select--BA1170BA2376B'

2018-05-22 11:44:06 - [MESSAGE][PASSED] - All options with index in [2] are selected on object 'Object Repository/HealthpostToStore/Page_Store/select_--Select--BA1170BA2376B'

2018-05-22 11:44:06 - [TEST_STEP][PASSED] - Statement - Try: null

2018-05-22 11:44:06 - [TEST_STEP][PASSED] - Statement - StockQty = com.kms.katalon.core.webui.keyword.WebUiBuiltInKeywords.getAttribute(com.kms.katalon.core.testobject.ObjectRepository.findTestObject(HealthpostToStore/Page_Store/input_txtprice), "value"): Attribute 'value' of object 'Object Repository/HealthpostToStore/Page_Store/input_txtprice' is: '91'

2018-05-22 11:44:06 - [MESSAGE][PASSED] - Attribute 'value' of object 'Object Repository/HealthpostToStore/Page_Store/input_txtprice' is: '91'

2018-05-22 11:44:06 - [TEST_STEP][PASSED] - Statement - out.println("Stock QTY : " + StockQty): null

2018-05-22 11:44:06 - [TEST_STEP][PASSED] - delay: Delayed 2 second(s)

2018-05-22 11:44:08 - [MESSAGE][PASSED] - Delayed 2 second(s)

2018-05-22 11:44:08 - [TEST_STEP][PASSED] - Statement - If (java.lang.String.valueOf(StockQty) >= java.lang.String.valueOf(RequestedQty)): null

2018-05-22 11:44:08 - [TEST_STEP][PASSED] - setText: Text '10' is set on object 'Object Repository/HealthpostToStore/Page_Store/input_txtqty'

2018-05-22 11:44:08 - [MESSAGE][PASSED] - Text '10' is set on object 'Object Repository/HealthpostToStore/Page_Store/input_txtqty'

2018-05-22 11:44:08 - [TEST_STEP][PASSED] - click: Object: 'Object Repository/HealthpostToStore/Page_Store/button_Add' is clicked on

2018-05-22 11:44:08 - [MESSAGE][PASSED] - Object: 'Object Repository/HealthpostToStore/Page_Store/button_Add' is clicked on

2018-05-22 11:44:08 - [TEST_STEP][PASSED] - Statement - Break: null

2018-05-22 11:44:08 - [TEST_STEP][PASSED] - selectOptionByIndex: All options with index in [9] are selected on object 'Object Repository/HealthpostToStore/Page_Store/select_--Select--Adernaline 0.'

2018-05-22 11:44:08 - [MESSAGE][PASSED] - All options with index in [9] are selected on object 'Object Repository/HealthpostToStore/Page_Store/select_--Select--Adernaline 0.'

2018-05-22 11:44:08 - [TEST_STEP][PASSED] - delay: Delayed 2 second(s)

2018-05-22 11:44:10 - [MESSAGE][PASSED] - Delayed 2 second(s)

2018-05-22 11:44:10 - [TEST_STEP][PASSED] - Statement - RequestedQty = com.kms.katalon.core.webui.keyword.WebUiBuiltInKeywords.getAttribute(com.kms.katalon.core.testobject.ObjectRepository.findTestObject(HealthpostToStore/Page_Store/input_txttotal), "value"): Attribute 'value' of object 'Object Repository/HealthpostToStore/Page_Store/input_txttotal' is: '10'

2018-05-22 11:44:10 - [MESSAGE][PASSED] - Attribute 'value' of object 'Object Repository/HealthpostToStore/Page_Store/input_txttotal' is: '10'

2018-05-22 11:44:10 - [TEST_STEP][PASSED] - Statement - out.println("Requested QTY : " + RequestedQty): null

2018-05-22 11:44:10 - [TEST_STEP][PASSED] - Statement - BatchNumber = com.kms.katalon.core.webui.keyword.WebUiBuiltInKeywords.getNumberOfTotalOption(com.kms.katalon.core.testobject.ObjectRepository.findTestObject(HealthpostToStore/Page_Store/select_--Select--BA1170BA2376B)): 3 options of object 'Object Repository/HealthpostToStore/Page_Store/select_--Select--BA1170BA2376B' counted

2018-05-22 11:44:10 - [MESSAGE][PASSED] - 3 options of object 'Object Repository/HealthpostToStore/Page_Store/select_--Select--BA1170BA2376B' counted

2018-05-22 11:44:10 - [TEST_STEP][PASSED] - Statement - For ([g = 1, g <= BatchNumber - 1, (g++)]): null

2018-05-22 11:44:10 - [TEST_STEP][PASSED] - selectOptionByIndex: All options with index in [1] are selected on object 'Object Repository/HealthpostToStore/Page_Store/select_--Select--BA1170BA2376B'

2018-05-22 11:44:10 - [MESSAGE][PASSED] - All options with index in [1] are selected on object 'Object Repository/HealthpostToStore/Page_Store/select_--Select--BA1170BA2376B'

2018-05-22 11:44:10 - [TEST_STEP][PASSED] - Statement - Try: null

2018-05-22 11:44:10 - [TEST_STEP][PASSED] - Statement - StockQty = com.kms.katalon.core.webui.keyword.WebUiBuiltInKeywords.getAttribute(com.kms.katalon.core.testobject.ObjectRepository.findTestObject(HealthpostToStore/Page_Store/input_txtprice), "value"): Attribute 'value' of object 'Object Repository/HealthpostToStore/Page_Store/input_txtprice' is: '1489'

2018-05-22 11:44:10 - [MESSAGE][PASSED] - Attribute 'value' of object 'Object Repository/HealthpostToStore/Page_Store/input_txtprice' is: '1489'

2018-05-22 11:44:10 - [TEST_STEP][PASSED] - Statement - out.println("Stock QTY : " + StockQty): null

2018-05-22 11:44:10 - [TEST_STEP][PASSED] - delay: Delayed 2 second(s)

2018-05-22 11:44:12 - [MESSAGE][PASSED] - Delayed 2 second(s)

2018-05-22 11:44:12 - [TEST_STEP][PASSED] - Statement - If (java.lang.String.valueOf(StockQty) >= java.lang.String.valueOf(RequestedQty)): null

2018-05-22 11:44:12 - [TEST_STEP][PASSED] - setText: Text '10' is set on object 'Object Repository/HealthpostToStore/Page_Store/input_txtqty'

2018-05-22 11:44:12 - [MESSAGE][PASSED] - Text '10' is set on object 'Object Repository/HealthpostToStore/Page_Store/input_txtqty'

2018-05-22 11:44:12 - [TEST_STEP][PASSED] - click: Object: 'Object Repository/HealthpostToStore/Page_Store/button_Add' is clicked on

2018-05-22 11:44:12 - [MESSAGE][PASSED] - Object: 'Object Repository/HealthpostToStore/Page_Store/button_Add' is clicked on

2018-05-22 11:44:12 - [TEST_STEP][PASSED] - Statement - Break: null

2018-05-22 11:44:12 - [TEST_STEP][PASSED] - selectOptionByIndex: All options with index in [10] are selected on object 'Object Repository/HealthpostToStore/Page_Store/select_--Select--Adernaline 0.'

2018-05-22 11:44:13 - [MESSAGE][PASSED] - All options with index in [10] are selected on object 'Object Repository/HealthpostToStore/Page_Store/select_--Select--Adernaline 0.'

2018-05-22 11:44:13 - [TEST_STEP][PASSED] - delay: Delayed 2 second(s)

2018-05-22 11:44:15 - [MESSAGE][PASSED] - Delayed 2 second(s)

2018-05-22 11:44:15 - [TEST_STEP][PASSED] - Statement - RequestedQty = com.kms.katalon.core.webui.keyword.WebUiBuiltInKeywords.getAttribute(com.kms.katalon.core.testobject.ObjectRepository.findTestObject(HealthpostToStore/Page_Store/input_txttotal), "value"): Attribute 'value' of object 'Object Repository/HealthpostToStore/Page_Store/input_txttotal' is: '10'

2018-05-22 11:44:15 - [MESSAGE][PASSED] - Attribute 'value' of object 'Object Repository/HealthpostToStore/Page_Store/input_txttotal' is: '10'

2018-05-22 11:44:15 - [TEST_STEP][PASSED] - Statement - out.println("Requested QTY : " + RequestedQty): null

2018-05-22 11:44:15 - [TEST_STEP][PASSED] - Statement - BatchNumber = com.kms.katalon.core.webui.keyword.WebUiBuiltInKeywords.getNumberOfTotalOption(com.kms.katalon.core.testobject.ObjectRepository.findTestObject(HealthpostToStore/Page_Store/select_--Select--BA1170BA2376B)): 3 options of object 'Object Repository/HealthpostToStore/Page_Store/select_--Select--BA1170BA2376B' counted

2018-05-22 11:44:15 - [MESSAGE][PASSED] - 3 options of object 'Object Repository/HealthpostToStore/Page_Store/select_--Select--BA1170BA2376B' counted

2018-05-22 11:44:15 - [TEST_STEP][PASSED] - Statement - For ([g = 1, g <= BatchNumber - 1, (g++)]): null

2018-05-22 11:44:15 - [TEST_STEP][PASSED] - selectOptionByIndex: All options with index in [1] are selected on object 'Object Repository/HealthpostToStore/Page_Store/select_--Select--BA1170BA2376B'

2018-05-22 11:44:15 - [MESSAGE][PASSED] - All options with index in [1] are selected on object 'Object Repository/HealthpostToStore/Page_Store/select_--Select--BA1170BA2376B'

2018-05-22 11:44:15 - [TEST_STEP][PASSED] - Statement - Try: null

2018-05-22 11:44:15 - [TEST_STEP][PASSED] - Statement - StockQty = com.kms.katalon.core.webui.keyword.WebUiBuiltInKeywords.getAttribute(com.kms.katalon.core.testobject.ObjectRepository.findTestObject(HealthpostToStore/Page_Store/input_txtprice), "value"): Attribute 'value' of object 'Object Repository/HealthpostToStore/Page_Store/input_txtprice' is: '1860'

2018-05-22 11:44:15 - [MESSAGE][PASSED] - Attribute 'value' of object 'Object Repository/HealthpostToStore/Page_Store/input_txtprice' is: '1860'

2018-05-22 11:44:15 - [TEST_STEP][PASSED] - Statement - out.println("Stock QTY : " + StockQty): null

2018-05-22 11:44:15 - [TEST_STEP][PASSED] - delay: Delayed 2 second(s)

2018-05-22 11:44:17 - [MESSAGE][PASSED] - Delayed 2 second(s)

2018-05-22 11:44:17 - [TEST_STEP][PASSED] - Statement - If (java.lang.String.valueOf(StockQty) >= java.lang.String.valueOf(RequestedQty)): null

2018-05-22 11:44:17 - [TEST_STEP][PASSED] - setText: Text '10' is set on object 'Object Repository/HealthpostToStore/Page_Store/input_txtqty'

2018-05-22 11:44:17 - [MESSAGE][PASSED] - Text '10' is set on object 'Object Repository/HealthpostToStore/Page_Store/input_txtqty'

2018-05-22 11:44:17 - [TEST_STEP][PASSED] - click: Object: 'Object Repository/HealthpostToStore/Page_Store/button_Add' is clicked on

2018-05-22 11:44:17 - [MESSAGE][PASSED] - Object: 'Object Repository/HealthpostToStore/Page_Store/button_Add' is clicked on

2018-05-22 11:44:17 - [TEST_STEP][PASSED] - Statement - Break: null

2018-05-22 11:44:17 - [TEST_STEP][PASSED] - selectOptionByIndex: All options with index in [11] are selected on object 'Object Repository/HealthpostToStore/Page_Store/select_--Select--Adernaline 0.'

2018-05-22 11:44:17 - [MESSAGE][PASSED] - All options with index in [11] are selected on object 'Object Repository/HealthpostToStore/Page_Store/select_--Select--Adernaline 0.'

2018-05-22 11:44:17 - [TEST_STEP][PASSED] - delay: Delayed 2 second(s)

2018-05-22 11:44:19 - [MESSAGE][PASSED] - Delayed 2 second(s)

2018-05-22 11:44:19 - [TEST_STEP][PASSED] - Statement - RequestedQty = com.kms.katalon.core.webui.keyword.WebUiBuiltInKeywords.getAttribute(com.kms.katalon.core.testobject.ObjectRepository.findTestObject(HealthpostToStore/Page_Store/input_txttotal), "value"): Attribute 'value' of object 'Object Repository/HealthpostToStore/Page_Store/input_txttotal' is: '10'

2018-05-22 11:44:19 - [MESSAGE][PASSED] - Attribute 'value' of object 'Object Repository/HealthpostToStore/Page_Store/input_txttotal' is: '10'

2018-05-22 11:44:19 - [TEST_STEP][PASSED] - Statement - out.println("Requested QTY : " + RequestedQty): null

2018-05-22 11:44:19 - [TEST_STEP][PASSED] - Statement - BatchNumber = com.kms.katalon.core.webui.keyword.WebUiBuiltInKeywords.getNumberOfTotalOption(com.kms.katalon.core.testobject.ObjectRepository.findTestObject(HealthpostToStore/Page_Store/select_--Select--BA1170BA2376B)): 3 options of object 'Object Repository/HealthpostToStore/Page_Store/select_--Select--BA1170BA2376B' counted

2018-05-22 11:44:19 - [MESSAGE][PASSED] - 3 options of object 'Object Repository/HealthpostToStore/Page_Store/select_--Select--BA1170BA2376B' counted

2018-05-22 11:44:19 - [TEST_STEP][PASSED] - Statement - For ([g = 1, g <= BatchNumber - 1, (g++)]): null

2018-05-22 11:44:19 - [TEST_STEP][PASSED] - selectOptionByIndex: All options with index in [1] are selected on object 'Object Repository/HealthpostToStore/Page_Store/select_--Select--BA1170BA2376B'

2018-05-22 11:44:19 - [MESSAGE][PASSED] - All options with index in [1] are selected on object 'Object Repository/HealthpostToStore/Page_Store/select_--Select--BA1170BA2376B'

2018-05-22 11:44:19 - [TEST_STEP][PASSED] - Statement - Try: null

2018-05-22 11:44:19 - [TEST_STEP][PASSED] - Statement - StockQty = com.kms.katalon.core.webui.keyword.WebUiBuiltInKeywords.getAttribute(com.kms.katalon.core.testobject.ObjectRepository.findTestObject(HealthpostToStore/Page_Store/input_txtprice), "value"): Attribute 'value' of object 'Object Repository/HealthpostToStore/Page_Store/input_txtprice' is: '1754'

2018-05-22 11:44:19 - [MESSAGE][PASSED] - Attribute 'value' of object 'Object Repository/HealthpostToStore/Page_Store/input_txtprice' is: '1754'

2018-05-22 11:44:19 - [TEST_STEP][PASSED] - Statement - out.println("Stock QTY : " + StockQty): null

2018-05-22 11:44:19 - [TEST_STEP][PASSED] - delay: Delayed 2 second(s)

2018-05-22 11:44:21 - [MESSAGE][PASSED] - Delayed 2 second(s)

2018-05-22 11:44:21 - [TEST_STEP][PASSED] - Statement - If (java.lang.String.valueOf(StockQty) >= java.lang.String.valueOf(RequestedQty)): null

2018-05-22 11:44:21 - [TEST_STEP][PASSED] - setText: Text '10' is set on object 'Object Repository/HealthpostToStore/Page_Store/input_txtqty'

2018-05-22 11:44:22 - [MESSAGE][PASSED] - Text '10' is set on object 'Object Repository/HealthpostToStore/Page_Store/input_txtqty'

2018-05-22 11:44:22 - [TEST_STEP][PASSED] - click: Object: 'Object Repository/HealthpostToStore/Page_Store/button_Add' is clicked on

2018-05-22 11:44:22 - [MESSAGE][PASSED] - Object: 'Object Repository/HealthpostToStore/Page_Store/button_Add' is clicked on

2018-05-22 11:44:22 - [TEST_STEP][PASSED] - Statement - Break: null

2018-05-22 11:44:22 - [TEST_STEP][PASSED] - selectOptionByIndex: All options with index in [12] are selected on object 'Object Repository/HealthpostToStore/Page_Store/select_--Select--Adernaline 0.'

2018-05-22 11:44:22 - [MESSAGE][PASSED] - All options with index in [12] are selected on object 'Object Repository/HealthpostToStore/Page_Store/select_--Select--Adernaline 0.'

2018-05-22 11:44:22 - [TEST_STEP][PASSED] - delay: Delayed 2 second(s)

2018-05-22 11:44:24 - [MESSAGE][PASSED] - Delayed 2 second(s)

2018-05-22 11:44:24 - [TEST_STEP][PASSED] - Statement - RequestedQty = com.kms.katalon.core.webui.keyword.WebUiBuiltInKeywords.getAttribute(com.kms.katalon.core.testobject.ObjectRepository.findTestObject(HealthpostToStore/Page_Store/input_txttotal), "value"): Attribute 'value' of object 'Object Repository/HealthpostToStore/Page_Store/input_txttotal' is: '10'

2018-05-22 11:44:24 - [MESSAGE][PASSED] - Attribute 'value' of object 'Object Repository/HealthpostToStore/Page_Store/input_txttotal' is: '10'

2018-05-22 11:44:24 - [TEST_STEP][PASSED] - Statement - out.println("Requested QTY : " + RequestedQty): null

2018-05-22 11:44:24 - [TEST_STEP][PASSED] - Statement - BatchNumber = com.kms.katalon.core.webui.keyword.WebUiBuiltInKeywords.getNumberOfTotalOption(com.kms.katalon.core.testobject.ObjectRepository.findTestObject(HealthpostToStore/Page_Store/select_--Select--BA1170BA2376B)): 3 options of object 'Object Repository/HealthpostToStore/Page_Store/select_--Select--BA1170BA2376B' counted

2018-05-22 11:44:24 - [MESSAGE][PASSED] - 3 options of object 'Object Repository/HealthpostToStore/Page_Store/select_--Select--BA1170BA2376B' counted

2018-05-22 11:44:24 - [TEST_STEP][PASSED] - Statement - For ([g = 1, g <= BatchNumber - 1, (g++)]): null

2018-05-22 11:44:24 - [TEST_STEP][PASSED] - selectOptionByIndex: All options with index in [1] are selected on object 'Object Repository/HealthpostToStore/Page_Store/select_--Select--BA1170BA2376B'

2018-05-22 11:44:24 - [MESSAGE][PASSED] - All options with index in [1] are selected on object 'Object Repository/HealthpostToStore/Page_Store/select_--Select--BA1170BA2376B'

2018-05-22 11:44:24 - [TEST_STEP][PASSED] - Statement - Try: null

2018-05-22 11:44:24 - [TEST_STEP][PASSED] - Statement - StockQty = com.kms.katalon.core.webui.keyword.WebUiBuiltInKeywords.getAttribute(com.kms.katalon.core.testobject.ObjectRepository.findTestObject(HealthpostToStore/Page_Store/input_txtprice), "value"): Attribute 'value' of object 'Object Repository/HealthpostToStore/Page_Store/input_txtprice' is: '1835'

2018-05-22 11:44:24 - [MESSAGE][PASSED] - Attribute 'value' of object 'Object Repository/HealthpostToStore/Page_Store/input_txtprice' is: '1835'

2018-05-22 11:44:24 - [TEST_STEP][PASSED] - Statement - out.println("Stock QTY : " + StockQty): null

2018-05-22 11:44:24 - [TEST_STEP][PASSED] - delay: Delayed 2 second(s)

2018-05-22 11:44:26 - [MESSAGE][PASSED] - Delayed 2 second(s)

2018-05-22 11:44:26 - [TEST_STEP][PASSED] - Statement - If (java.lang.String.valueOf(StockQty) >= java.lang.String.valueOf(RequestedQty)): null

2018-05-22 11:44:26 - [TEST_STEP][PASSED] - setText: Text '10' is set on object 'Object Repository/HealthpostToStore/Page_Store/input_txtqty'

2018-05-22 11:44:26 - [MESSAGE][PASSED] - Text '10' is set on object 'Object Repository/HealthpostToStore/Page_Store/input_txtqty'

2018-05-22 11:44:26 - [TEST_STEP][PASSED] - click: Object: 'Object Repository/HealthpostToStore/Page_Store/button_Add' is clicked on

2018-05-22 11:44:26 - [MESSAGE][PASSED] - Object: 'Object Repository/HealthpostToStore/Page_Store/button_Add' is clicked on

2018-05-22 11:44:26 - [TEST_STEP][PASSED] - Statement - Break: null

2018-05-22 11:44:26 - [TEST_STEP][PASSED] - selectOptionByIndex: All options with index in [13] are selected on object 'Object Repository/HealthpostToStore/Page_Store/select_--Select--Adernaline 0.'

2018-05-22 11:44:26 - [MESSAGE][PASSED] - All options with index in [13] are selected on object 'Object Repository/HealthpostToStore/Page_Store/select_--Select--Adernaline 0.'

2018-05-22 11:44:26 - [TEST_STEP][PASSED] - delay: Delayed 2 second(s)

2018-05-22 11:44:28 - [MESSAGE][PASSED] - Delayed 2 second(s)

2018-05-22 11:44:28 - [TEST_STEP][PASSED] - Statement - RequestedQty = com.kms.katalon.core.webui.keyword.WebUiBuiltInKeywords.getAttribute(com.kms.katalon.core.testobject.ObjectRepository.findTestObject(HealthpostToStore/Page_Store/input_txttotal), "value"): Attribute 'value' of object 'Object Repository/HealthpostToStore/Page_Store/input_txttotal' is: '10'

2018-05-22 11:44:28 - [MESSAGE][PASSED] - Attribute 'value' of object 'Object Repository/HealthpostToStore/Page_Store/input_txttotal' is: '10'

2018-05-22 11:44:28 - [TEST_STEP][PASSED] - Statement - out.println("Requested QTY : " + RequestedQty): null

2018-05-22 11:44:28 - [TEST_STEP][PASSED] - Statement - BatchNumber = com.kms.katalon.core.webui.keyword.WebUiBuiltInKeywords.getNumberOfTotalOption(com.kms.katalon.core.testobject.ObjectRepository.findTestObject(HealthpostToStore/Page_Store/select_--Select--BA1170BA2376B)): 3 options of object 'Object Repository/HealthpostToStore/Page_Store/select_--Select--BA1170BA2376B' counted

2018-05-22 11:44:28 - [MESSAGE][PASSED] - 3 options of object 'Object Repository/HealthpostToStore/Page_Store/select_--Select--BA1170BA2376B' counted

2018-05-22 11:44:28 - [TEST_STEP][PASSED] - Statement - For ([g = 1, g <= BatchNumber - 1, (g++)]): null

2018-05-22 11:44:28 - [TEST_STEP][PASSED] - selectOptionByIndex: All options with index in [1] are selected on object 'Object Repository/HealthpostToStore/Page_Store/select_--Select--BA1170BA2376B'

2018-05-22 11:44:29 - [MESSAGE][PASSED] - All options with index in [1] are selected on object 'Object Repository/HealthpostToStore/Page_Store/select_--Select--BA1170BA2376B'

2018-05-22 11:44:29 - [TEST_STEP][PASSED] - Statement - Try: null

2018-05-22 11:44:29 - [TEST_STEP][PASSED] - Statement - StockQty = com.kms.katalon.core.webui.keyword.WebUiBuiltInKeywords.getAttribute(com.kms.katalon.core.testobject.ObjectRepository.findTestObject(HealthpostToStore/Page_Store/input_txtprice), "value"): Attribute 'value' of object 'Object Repository/HealthpostToStore/Page_Store/input_txtprice' is: '105'

2018-05-22 11:44:29 - [MESSAGE][PASSED] - Attribute 'value' of object 'Object Repository/HealthpostToStore/Page_Store/input_txtprice' is: '105'

2018-05-22 11:44:29 - [TEST_STEP][PASSED] - Statement - out.println("Stock QTY : " + StockQty): null

2018-05-22 11:44:29 - [TEST_STEP][PASSED] - delay: Delayed 2 second(s)

2018-05-22 11:44:31 - [MESSAGE][PASSED] - Delayed 2 second(s)

2018-05-22 11:44:31 - [TEST_STEP][PASSED] - Statement - If (java.lang.String.valueOf(StockQty) >= java.lang.String.valueOf(RequestedQty)): null

2018-05-22 11:44:31 - [TEST_STEP][PASSED] - setText: Text '10' is set on object 'Object Repository/HealthpostToStore/Page_Store/input_txtqty'

2018-05-22 11:44:31 - [MESSAGE][PASSED] - Text '10' is set on object 'Object Repository/HealthpostToStore/Page_Store/input_txtqty'

2018-05-22 11:44:31 - [TEST_STEP][PASSED] - click: Object: 'Object Repository/HealthpostToStore/Page_Store/button_Add' is clicked on

2018-05-22 11:44:31 - [MESSAGE][PASSED] - Object: 'Object Repository/HealthpostToStore/Page_Store/button_Add' is clicked on

2018-05-22 11:44:31 - [TEST_STEP][PASSED] - Statement - Break: null

2018-05-22 11:44:31 - [TEST_STEP][PASSED] - selectOptionByIndex: All options with index in [14] are selected on object 'Object Repository/HealthpostToStore/Page_Store/select_--Select--Adernaline 0.'

2018-05-22 11:44:31 - [MESSAGE][PASSED] - All options with index in [14] are selected on object 'Object Repository/HealthpostToStore/Page_Store/select_--Select--Adernaline 0.'

2018-05-22 11:44:31 - [TEST_STEP][PASSED] - delay: Delayed 2 second(s)

2018-05-22 11:44:33 - [MESSAGE][PASSED] - Delayed 2 second(s)

2018-05-22 11:44:33 - [TEST_STEP][PASSED] - Statement - RequestedQty = com.kms.katalon.core.webui.keyword.WebUiBuiltInKeywords.getAttribute(com.kms.katalon.core.testobject.ObjectRepository.findTestObject(HealthpostToStore/Page_Store/input_txttotal), "value"): Attribute 'value' of object 'Object Repository/HealthpostToStore/Page_Store/input_txttotal' is: '10'

2018-05-22 11:44:33 - [MESSAGE][PASSED] - Attribute 'value' of object 'Object Repository/HealthpostToStore/Page_Store/input_txttotal' is: '10'

2018-05-22 11:44:33 - [TEST_STEP][PASSED] - Statement - out.println("Requested QTY : " + RequestedQty): null

2018-05-22 11:44:33 - [TEST_STEP][PASSED] - Statement - BatchNumber = com.kms.katalon.core.webui.keyword.WebUiBuiltInKeywords.getNumberOfTotalOption(com.kms.katalon.core.testobject.ObjectRepository.findTestObject(HealthpostToStore/Page_Store/select_--Select--BA1170BA2376B)): 3 options of object 'Object Repository/HealthpostToStore/Page_Store/select_--Select--BA1170BA2376B' counted

2018-05-22 11:44:33 - [MESSAGE][PASSED] - 3 options of object 'Object Repository/HealthpostToStore/Page_Store/select_--Select--BA1170BA2376B' counted

2018-05-22 11:44:33 - [TEST_STEP][PASSED] - Statement - For ([g = 1, g <= BatchNumber - 1, (g++)]): null

2018-05-22 11:44:33 - [TEST_STEP][PASSED] - selectOptionByIndex: All options with index in [1] are selected on object 'Object Repository/HealthpostToStore/Page_Store/select_--Select--BA1170BA2376B'

2018-05-22 11:44:33 - [MESSAGE][PASSED] - All options with index in [1] are selected on object 'Object Repository/HealthpostToStore/Page_Store/select_--Select--BA1170BA2376B'

2018-05-22 11:44:33 - [TEST_STEP][PASSED] - Statement - Try: null

2018-05-22 11:44:33 - [TEST_STEP][PASSED] - Statement - StockQty = com.kms.katalon.core.webui.keyword.WebUiBuiltInKeywords.getAttribute(com.kms.katalon.core.testobject.ObjectRepository.findTestObject(HealthpostToStore/Page_Store/input_txtprice), "value"): Attribute 'value' of object 'Object Repository/HealthpostToStore/Page_Store/input_txtprice' is: '1870'

2018-05-22 11:44:33 - [MESSAGE][PASSED] - Attribute 'value' of object 'Object Repository/HealthpostToStore/Page_Store/input_txtprice' is: '1870'

2018-05-22 11:44:33 - [TEST_STEP][PASSED] - Statement - out.println("Stock QTY : " + StockQty): null

2018-05-22 11:44:33 - [TEST_STEP][PASSED] - delay: Delayed 2 second(s)

2018-05-22 11:44:35 - [MESSAGE][PASSED] - Delayed 2 second(s)

2018-05-22 11:44:35 - [TEST_STEP][PASSED] - Statement - If (java.lang.String.valueOf(StockQty) >= java.lang.String.valueOf(RequestedQty)): null

2018-05-22 11:44:35 - [TEST_STEP][PASSED] - setText: Text '10' is set on object 'Object Repository/HealthpostToStore/Page_Store/input_txtqty'

2018-05-22 11:44:35 - [MESSAGE][PASSED] - Text '10' is set on object 'Object Repository/HealthpostToStore/Page_Store/input_txtqty'

2018-05-22 11:44:35 - [TEST_STEP][PASSED] - click: Object: 'Object Repository/HealthpostToStore/Page_Store/button_Add' is clicked on

2018-05-22 11:44:35 - [MESSAGE][PASSED] - Object: 'Object Repository/HealthpostToStore/Page_Store/button_Add' is clicked on

2018-05-22 11:44:35 - [TEST_STEP][PASSED] - Statement - Break: null

2018-05-22 11:44:35 - [TEST_STEP][PASSED] - selectOptionByIndex: All options with index in [15] are selected on object 'Object Repository/HealthpostToStore/Page_Store/select_--Select--Adernaline 0.'

2018-05-22 11:44:36 - [MESSAGE][PASSED] - All options with index in [15] are selected on object 'Object Repository/HealthpostToStore/Page_Store/select_--Select--Adernaline 0.'

2018-05-22 11:44:36 - [TEST_STEP][PASSED] - delay: Delayed 2 second(s)

2018-05-22 11:44:38 - [MESSAGE][PASSED] - Delayed 2 second(s)

2018-05-22 11:44:38 - [TEST_STEP][PASSED] - Statement - RequestedQty = com.kms.katalon.core.webui.keyword.WebUiBuiltInKeywords.getAttribute(com.kms.katalon.core.testobject.ObjectRepository.findTestObject(HealthpostToStore/Page_Store/input_txttotal), "value"): Attribute 'value' of object 'Object Repository/HealthpostToStore/Page_Store/input_txttotal' is: '10'

2018-05-22 11:44:38 - [MESSAGE][PASSED] - Attribute 'value' of object 'Object Repository/HealthpostToStore/Page_Store/input_txttotal' is: '10'

2018-05-22 11:44:38 - [TEST_STEP][PASSED] - Statement - out.println("Requested QTY : " + RequestedQty): null

2018-05-22 11:44:38 - [TEST_STEP][PASSED] - Statement - BatchNumber = com.kms.katalon.core.webui.keyword.WebUiBuiltInKeywords.getNumberOfTotalOption(com.kms.katalon.core.testobject.ObjectRepository.findTestObject(HealthpostToStore/Page_Store/select_--Select--BA1170BA2376B)): 3 options of object 'Object Repository/HealthpostToStore/Page_Store/select_--Select--BA1170BA2376B' counted

2018-05-22 11:44:38 - [MESSAGE][PASSED] - 3 options of object 'Object Repository/HealthpostToStore/Page_Store/select_--Select--BA1170BA2376B' counted

2018-05-22 11:44:38 - [TEST_STEP][PASSED] - Statement - For ([g = 1, g <= BatchNumber - 1, (g++)]): null

2018-05-22 11:44:38 - [TEST_STEP][PASSED] - selectOptionByIndex: All options with index in [1] are selected on object 'Object Repository/HealthpostToStore/Page_Store/select_--Select--BA1170BA2376B'

2018-05-22 11:44:38 - [MESSAGE][PASSED] - All options with index in [1] are selected on object 'Object Repository/HealthpostToStore/Page_Store/select_--Select--BA1170BA2376B'

2018-05-22 11:44:38 - [TEST_STEP][PASSED] - Statement - Try: null

2018-05-22 11:44:38 - [TEST_STEP][PASSED] - Statement - StockQty = com.kms.katalon.core.webui.keyword.WebUiBuiltInKeywords.getAttribute(com.kms.katalon.core.testobject.ObjectRepository.findTestObject(HealthpostToStore/Page_Store/input_txtprice), "value"): Attribute 'value' of object 'Object Repository/HealthpostToStore/Page_Store/input_txtprice' is: '1860'

2018-05-22 11:44:38 - [MESSAGE][PASSED] - Attribute 'value' of object 'Object Repository/HealthpostToStore/Page_Store/input_txtprice' is: '1860'

2018-05-22 11:44:38 - [TEST_STEP][PASSED] - Statement - out.println("Stock QTY : " + StockQty): null

2018-05-22 11:44:38 - [TEST_STEP][PASSED] - delay: Delayed 2 second(s)

2018-05-22 11:44:40 - [MESSAGE][PASSED] - Delayed 2 second(s)

2018-05-22 11:44:40 - [TEST_STEP][PASSED] - Statement - If (java.lang.String.valueOf(StockQty) >= java.lang.String.valueOf(RequestedQty)): null

2018-05-22 11:44:40 - [TEST_STEP][PASSED] - setText: Text '10' is set on object 'Object Repository/HealthpostToStore/Page_Store/input_txtqty'

2018-05-22 11:44:40 - [MESSAGE][PASSED] - Text '10' is set on object 'Object Repository/HealthpostToStore/Page_Store/input_txtqty'

2018-05-22 11:44:40 - [TEST_STEP][PASSED] - click: Object: 'Object Repository/HealthpostToStore/Page_Store/button_Add' is clicked on

2018-05-22 11:44:40 - [MESSAGE][PASSED] - Object: 'Object Repository/HealthpostToStore/Page_Store/button_Add' is clicked on

2018-05-22 11:44:40 - [TEST_STEP][PASSED] - Statement - Break: null

2018-05-22 11:44:40 - [TEST_STEP][PASSED] - selectOptionByIndex: All options with index in [16] are selected on object 'Object Repository/HealthpostToStore/Page_Store/select_--Select--Adernaline 0.'

2018-05-22 11:44:40 - [MESSAGE][PASSED] - All options with index in [16] are selected on object 'Object Repository/HealthpostToStore/Page_Store/select_--Select--Adernaline 0.'

2018-05-22 11:44:40 - [TEST_STEP][PASSED] - delay: Delayed 2 second(s)

2018-05-22 11:44:42 - [MESSAGE][PASSED] - Delayed 2 second(s)

2018-05-22 11:44:42 - [TEST_STEP][PASSED] - Statement - RequestedQty = com.kms.katalon.core.webui.keyword.WebUiBuiltInKeywords.getAttribute(com.kms.katalon.core.testobject.ObjectRepository.findTestObject(HealthpostToStore/Page_Store/input_txttotal), "value"): Attribute 'value' of object 'Object Repository/HealthpostToStore/Page_Store/input_txttotal' is: '10'

2018-05-22 11:44:42 - [MESSAGE][PASSED] - Attribute 'value' of object 'Object Repository/HealthpostToStore/Page_Store/input_txttotal' is: '10'

2018-05-22 11:44:42 - [TEST_STEP][PASSED] - Statement - out.println("Requested QTY : " + RequestedQty): null

2018-05-22 11:44:42 - [TEST_STEP][PASSED] - Statement - BatchNumber = com.kms.katalon.core.webui.keyword.WebUiBuiltInKeywords.getNumberOfTotalOption(com.kms.katalon.core.testobject.ObjectRepository.findTestObject(HealthpostToStore/Page_Store/select_--Select--BA1170BA2376B)): 2 options of object 'Object Repository/HealthpostToStore/Page_Store/select_--Select--BA1170BA2376B' counted

2018-05-22 11:44:42 - [MESSAGE][PASSED] - 2 options of object 'Object Repository/HealthpostToStore/Page_Store/select_--Select--BA1170BA2376B' counted

2018-05-22 11:44:42 - [TEST_STEP][PASSED] - Statement - For ([g = 1, g <= BatchNumber - 1, (g++)]): null

2018-05-22 11:44:42 - [TEST_STEP][PASSED] - selectOptionByIndex: All options with index in [1] are selected on object 'Object Repository/HealthpostToStore/Page_Store/select_--Select--BA1170BA2376B'

2018-05-22 11:44:43 - [MESSAGE][PASSED] - All options with index in [1] are selected on object 'Object Repository/HealthpostToStore/Page_Store/select_--Select--BA1170BA2376B'

2018-05-22 11:44:43 - [TEST_STEP][PASSED] - Statement - Try: null

2018-05-22 11:44:43 - [TEST_STEP][PASSED] - Statement - StockQty = com.kms.katalon.core.webui.keyword.WebUiBuiltInKeywords.getAttribute(com.kms.katalon.core.testobject.ObjectRepository.findTestObject(HealthpostToStore/Page_Store/input_txtprice), "value"): Attribute 'value' of object 'Object Repository/HealthpostToStore/Page_Store/input_txtprice' is: '95'

2018-05-22 11:44:43 - [MESSAGE][PASSED] - Attribute 'value' of object 'Object Repository/HealthpostToStore/Page_Store/input_txtprice' is: '95'

2018-05-22 11:44:43 - [TEST_STEP][PASSED] - Statement - out.println("Stock QTY : " + StockQty): null

2018-05-22 11:44:43 - [TEST_STEP][PASSED] - delay: Delayed 2 second(s)

2018-05-22 11:44:45 - [MESSAGE][PASSED] - Delayed 2 second(s)

2018-05-22 11:44:45 - [TEST_STEP][PASSED] - Statement - If (java.lang.String.valueOf(StockQty) >= java.lang.String.valueOf(RequestedQty)): null

2018-05-22 11:44:45 - [TEST_STEP][PASSED] - setText: Text '10' is set on object 'Object Repository/HealthpostToStore/Page_Store/input_txtqty'

2018-05-22 11:44:45 - [MESSAGE][PASSED] - Text '10' is set on object 'Object Repository/HealthpostToStore/Page_Store/input_txtqty'

2018-05-22 11:44:45 - [TEST_STEP][PASSED] - click: Object: 'Object Repository/HealthpostToStore/Page_Store/button_Add' is clicked on

2018-05-22 11:44:45 - [MESSAGE][PASSED] - Object: 'Object Repository/HealthpostToStore/Page_Store/button_Add' is clicked on

2018-05-22 11:44:45 - [TEST_STEP][PASSED] - Statement - Break: null

2018-05-22 11:44:45 - [TEST_STEP][PASSED] - scrollToElement: Scroll to object 'Object Repository/HealthpostToStore/Page_Store/input_btnSubmit' successfully

2018-05-22 11:44:45 - [MESSAGE][PASSED] - Scroll to object 'Object Repository/HealthpostToStore/Page_Store/input_btnSubmit' successfully

2018-05-22 11:44:45 - [TEST_STEP][PASSED] - click: Object: 'Object Repository/HealthpostToStore/Page_Store/input_btnSubmit' is clicked on

2018-05-22 11:44:45 - [MESSAGE][PASSED] - Object: 'Object Repository/HealthpostToStore/Page_Store/input_btnSubmit' is clicked on

2018-05-22 11:44:45 - [TEST_STEP][PASSED] - delay: Delayed 3 second(s)

2018-05-22 11:44:48 - [MESSAGE][PASSED] - Delayed 3 second(s)

2018-05-22 11:44:48 - [TEST_STEP][PASSED] - click: Object: 'Object Repository/HealthpostToStore/Page_Store/button_OK' is clicked on

2018-05-22 11:44:49 - [MESSAGE][PASSED] - Object: 'Object Repository/HealthpostToStore/Page_Store/button_OK' is clicked on

2018-05-22 11:44:49 - [TEST_STEP][PASSED] - delay: Delayed 3 second(s)

2018-05-22 11:44:52 - [MESSAGE][PASSED] - Delayed 3 second(s)

2018-05-22 11:44:52 - [TEST_STEP][PASSED] - click: Object: 'Object Repository/HealthpostToStore/Page_Store/a_dropdown-toggle' is clicked on

2018-05-22 11:44:52 - [MESSAGE][PASSED] - Object: 'Object Repository/HealthpostToStore/Page_Store/a_dropdown-toggle' is clicked on

2018-05-22 11:44:52 - [TEST_STEP][PASSED] - click: Object: 'Object Repository/HealthpostToStore/Page_Store/a_Sign out' is clicked on

2018-05-22 11:44:54 - [MESSAGE][PASSED] - Object: 'Object Repository/HealthpostToStore/Page_Store/a_Sign out' is clicked on

2018-05-22 11:44:54 - [TEST_STEP][PASSED] - closeBrowser: Browser is closed

2018-05-22 11:44:55 - [MESSAGE][PASSED] - Browser is closed]]></system-out>
         <system-err><![CDATA[]]></system-err>
      </testcase>
      <testcase name="Test Cases/HEALTHPOST TEST CASES/TC_HP_006 Verify Schedule 6 Healthpost Request Are Working Successfully Or Not" classname="Test Cases/HEALTHPOST TEST CASES/TC_HP_006 Verify Schedule 6 Healthpost Request Are Working Successfully Or Not" status="FAILED">
         <failure type="FAILED" message="Unable to select option by index '6' of object 'Object Repository/HealthpostToStore/Page_HealthPost Store/select_--Select--Schedule 1Inj' (Root cause: com.kms.katalon.core.webui.exception.WebElementNotFoundException: Web element with id: 'Object Repository/HealthpostToStore/Page_HealthPost Store/select_--Select--Schedule 1Inj' located by 'By.xpath: id(&quot;optcategory&quot;)[count(. | //select[@id = 'optcategory']) = count(//select[@id = 'optcategory'])]' not found)"/>
         <system-out><![CDATA[2018-05-22 11:44:55 - [TEST_CASE][FAILED] - Test Cases/HEALTHPOST TEST CASES/TC_HP_006 Verify Schedule 6 Healthpost Request Are Working Successfully Or Not: Test Cases/HEALTHPOST TEST CASES/TC_HP_006 Verify Schedule 6 Healthpost Request Are Working Successfully Or Not FAILED because (of) Unable to select option by index '6' of object 'Object Repository/HealthpostToStore/Page_HealthPost Store/select_--Select--Schedule 1Inj' (Root cause: com.kms.katalon.core.webui.exception.WebElementNotFoundException: Web element with id: 'Object Repository/HealthpostToStore/Page_HealthPost Store/select_--Select--Schedule 1Inj' located by 'By.xpath: id("optcategory")[count(. | //select[@id = 'optcategory']) = count(//select[@id = 'optcategory'])]' not found)

2018-05-22 11:44:55 - [TEST_STEP][PASSED] - openBrowser: Browser is opened with url: ''

2018-05-22 11:44:59 - [MESSAGE][PASSED] - Browser is opened with url: ''

2018-05-22 11:44:59 - [TEST_STEP][PASSED] - navigateToUrl: Navigate to 'http://192.168.137.1/multihospital_new/HDSplashscreen.aspx' successfully

2018-05-22 11:45:07 - [MESSAGE][PASSED] - Navigate to 'http://192.168.137.1/multihospital_new/HDSplashscreen.aspx' successfully

2018-05-22 11:45:07 - [TEST_STEP][PASSED] - maximizeWindow: Current window maximized

2018-05-22 11:45:08 - [MESSAGE][PASSED] - Current window maximized

2018-05-22 11:45:08 - [TEST_STEP][PASSED] - click: Object: 'Object Repository/HealthpostToStore/Page_KDMC/a_Healthpost Store' is clicked on

2018-05-22 11:45:18 - [MESSAGE][PASSED] - Object: 'Object Repository/HealthpostToStore/Page_KDMC/a_Healthpost Store' is clicked on

2018-05-22 11:45:18 - [TEST_STEP][PASSED] - setText: Text 'raguram' is set on object 'Object Repository/HealthpostToStore/Page_HealthPost Store Login/input_txtusername'

2018-05-22 11:45:18 - [MESSAGE][PASSED] - Text 'raguram' is set on object 'Object Repository/HealthpostToStore/Page_HealthPost Store Login/input_txtusername'

2018-05-22 11:45:18 - [TEST_STEP][PASSED] - setText: Text '123' is set on object 'Object Repository/HealthpostToStore/Page_HealthPost Store Login/input_txtpassword'

2018-05-22 11:45:18 - [MESSAGE][PASSED] - Text '123' is set on object 'Object Repository/HealthpostToStore/Page_HealthPost Store Login/input_txtpassword'

2018-05-22 11:45:18 - [TEST_STEP][PASSED] - delay: Delayed 3 second(s)

2018-05-22 11:45:21 - [MESSAGE][PASSED] - Delayed 3 second(s)

2018-05-22 11:45:21 - [TEST_STEP][PASSED] - sendKeys: Keys 'ENTER + ' sent to object: 'Object Repository/HealthpostToStore/Page_HealthPost Store Login/input_txtpassword'

2018-05-22 11:45:22 - [MESSAGE][PASSED] - Keys 'ENTER + ' sent to object: 'Object Repository/HealthpostToStore/Page_HealthPost Store Login/input_txtpassword'

2018-05-22 11:45:22 - [TEST_STEP][PASSED] - delay: Delayed 3 second(s)

2018-05-22 11:45:25 - [MESSAGE][PASSED] - Delayed 3 second(s)

2018-05-22 11:45:25 - [TEST_STEP][PASSED] - doubleClick: Object: 'Object Repository/HealthpostToStore/Page_HealthPost Store/a_Request to Store' is double clicked on

2018-05-22 11:45:25 - [MESSAGE][PASSED] - Object: 'Object Repository/HealthpostToStore/Page_HealthPost Store/a_Request to Store' is double clicked on

2018-05-22 11:45:25 - [TEST_STEP][PASSED] - doubleClick: Object: 'Object Repository/HealthpostToStore/Page_HealthPost Store/a_Medicine Request' is double clicked on

2018-05-22 11:45:26 - [MESSAGE][PASSED] - Object: 'Object Repository/HealthpostToStore/Page_HealthPost Store/a_Medicine Request' is double clicked on

2018-05-22 11:45:26 - [TEST_STEP][FAILED] - selectOptionByIndex: Unable to select option by index '6' of object 'Object Repository/HealthpostToStore/Page_HealthPost Store/select_--Select--Schedule 1Inj' (Root cause: com.kms.katalon.core.webui.exception.WebElementNotFoundException: Web element with id: 'Object Repository/HealthpostToStore/Page_HealthPost Store/select_--Select--Schedule 1Inj' located by 'By.xpath: id("optcategory")[count(. | //select[@id = 'optcategory']) = count(//select[@id = 'optcategory'])]' not found)

2018-05-22 11:45:57 - [MESSAGE][FAILED] - Unable to select option by index '6' of object 'Object Repository/HealthpostToStore/Page_HealthPost Store/select_--Select--Schedule 1Inj' (Root cause: com.kms.katalon.core.webui.exception.WebElementNotFoundException: Web element with id: 'Object Repository/HealthpostToStore/Page_HealthPost Store/select_--Select--Schedule 1Inj' located by 'By.xpath: id("optcategory")[count(. | //select[@id = 'optcategory']) = count(//select[@id = 'optcategory'])]' not found)
[[ATTACHMENT|C:\\Users\\Quality Analyst\\Katalon Studio\\ds\\Reports\\HealthPost_Store_Suite\\20180522_112214\\1526969756806.png]]]]></system-out>
         <system-err><![CDATA[2018-05-22 11:44:55 - [TEST_CASE][FAILED] - Test Cases/HEALTHPOST TEST CASES/TC_HP_006 Verify Schedule 6 Healthpost Request Are Working Successfully Or Not: Test Cases/HEALTHPOST TEST CASES/TC_HP_006 Verify Schedule 6 Healthpost Request Are Working Successfully Or Not FAILED because (of) Unable to select option by index '6' of object 'Object Repository/HealthpostToStore/Page_HealthPost Store/select_--Select--Schedule 1Inj' (Root cause: com.kms.katalon.core.webui.exception.WebElementNotFoundException: Web element with id: 'Object Repository/HealthpostToStore/Page_HealthPost Store/select_--Select--Schedule 1Inj' located by 'By.xpath: id("optcategory")[count(. | //select[@id = 'optcategory']) = count(//select[@id = 'optcategory'])]' not found)]]></system-err>
      </testcase>
      <testcase name="Test Cases/HEALTHPOST TEST CASES/TC_HP_007 Verify Schedule 7 Healthpost Request Are Working Successfully Or Not" classname="Test Cases/HEALTHPOST TEST CASES/TC_HP_007 Verify Schedule 7 Healthpost Request Are Working Successfully Or Not" status="ERROR">
         <error type="ERROR" message="Test Cases/HEALTHPOST TEST CASES/TC_HP_007 Verify Schedule 7 Healthpost Request Are Working Successfully Or Not FAILED because (of) java.lang.ArrayIndexOutOfBoundsException: 2"/>
         <system-out><![CDATA[2018-05-22 11:45:57 - [TEST_CASE][ERROR] - Test Cases/HEALTHPOST TEST CASES/TC_HP_007 Verify Schedule 7 Healthpost Request Are Working Successfully Or Not: Test Cases/HEALTHPOST TEST CASES/TC_HP_007 Verify Schedule 7 Healthpost Request Are Working Successfully Or Not FAILED because (of) java.lang.ArrayIndexOutOfBoundsException: 2

2018-05-22 11:45:57 - [TEST_STEP][PASSED] - openBrowser: Browser is opened with url: ''

2018-05-22 11:45:57 - [MESSAGE][WARNING] - A browser is already opened. Closing browser and opening a new one

2018-05-22 11:46:00 - [MESSAGE][PASSED] - Browser is opened with url: ''

2018-05-22 11:46:00 - [TEST_STEP][PASSED] - navigateToUrl: Navigate to 'http://192.168.137.1/multihospital_new/HDSplashscreen.aspx' successfully

2018-05-22 11:46:08 - [MESSAGE][PASSED] - Navigate to 'http://192.168.137.1/multihospital_new/HDSplashscreen.aspx' successfully

2018-05-22 11:46:08 - [TEST_STEP][PASSED] - maximizeWindow: Current window maximized

2018-05-22 11:46:09 - [MESSAGE][PASSED] - Current window maximized

2018-05-22 11:46:09 - [TEST_STEP][PASSED] - click: Object: 'Object Repository/HealthpostToStore/Page_KDMC/a_Healthpost Store' is clicked on

2018-05-22 11:46:11 - [MESSAGE][PASSED] - Object: 'Object Repository/HealthpostToStore/Page_KDMC/a_Healthpost Store' is clicked on

2018-05-22 11:46:11 - [TEST_STEP][PASSED] - setText: Text 'raguram' is set on object 'Object Repository/HealthpostToStore/Page_HealthPost Store Login/input_txtusername'

2018-05-22 11:46:11 - [MESSAGE][PASSED] - Text 'raguram' is set on object 'Object Repository/HealthpostToStore/Page_HealthPost Store Login/input_txtusername'

2018-05-22 11:46:11 - [TEST_STEP][PASSED] - setText: Text '123' is set on object 'Object Repository/HealthpostToStore/Page_HealthPost Store Login/input_txtpassword'

2018-05-22 11:46:11 - [MESSAGE][PASSED] - Text '123' is set on object 'Object Repository/HealthpostToStore/Page_HealthPost Store Login/input_txtpassword'

2018-05-22 11:46:11 - [TEST_STEP][PASSED] - delay: Delayed 3 second(s)

2018-05-22 11:46:14 - [MESSAGE][PASSED] - Delayed 3 second(s)

2018-05-22 11:46:14 - [TEST_STEP][PASSED] - sendKeys: Keys 'ENTER + ' sent to object: 'Object Repository/HealthpostToStore/Page_HealthPost Store Login/input_txtpassword'

2018-05-22 11:46:15 - [MESSAGE][PASSED] - Keys 'ENTER + ' sent to object: 'Object Repository/HealthpostToStore/Page_HealthPost Store Login/input_txtpassword'

2018-05-22 11:46:15 - [TEST_STEP][PASSED] - delay: Delayed 3 second(s)

2018-05-22 11:46:18 - [MESSAGE][PASSED] - Delayed 3 second(s)

2018-05-22 11:46:18 - [TEST_STEP][PASSED] - doubleClick: Object: 'Object Repository/HealthpostToStore/Page_HealthPost Store/a_Request to Store' is double clicked on

2018-05-22 11:46:19 - [MESSAGE][PASSED] - Object: 'Object Repository/HealthpostToStore/Page_HealthPost Store/a_Request to Store' is double clicked on

2018-05-22 11:46:19 - [TEST_STEP][PASSED] - delay: Delayed 1 second(s)

2018-05-22 11:46:20 - [MESSAGE][PASSED] - Delayed 1 second(s)

2018-05-22 11:46:20 - [TEST_STEP][PASSED] - doubleClick: Object: 'Object Repository/HealthpostToStore/Page_HealthPost Store/a_Medicine Request' is double clicked on

2018-05-22 11:46:21 - [MESSAGE][PASSED] - Object: 'Object Repository/HealthpostToStore/Page_HealthPost Store/a_Medicine Request' is double clicked on

2018-05-22 11:46:21 - [TEST_STEP][PASSED] - delay: Delayed 1 second(s)

2018-05-22 11:46:22 - [MESSAGE][PASSED] - Delayed 1 second(s)

2018-05-22 11:46:22 - [TEST_STEP][PASSED] - selectOptionByIndex: All options with index in [7] are selected on object 'Object Repository/HealthpostToStore/Page_HealthPost Store/select_--Select--Schedule 1Inj'

2018-05-22 11:46:22 - [MESSAGE][PASSED] - All options with index in [7] are selected on object 'Object Repository/HealthpostToStore/Page_HealthPost Store/select_--Select--Schedule 1Inj'

2018-05-22 11:46:22 - [TEST_STEP][PASSED] - Statement - medicineslength = com.kms.katalon.core.webui.keyword.WebUiBuiltInKeywords.getNumberOfTotalOption(com.kms.katalon.core.testobject.ObjectRepository.findTestObject(HealthpostToStore/Page_HealthPost Store/select_--Select--Adernaline 0.)): 24 options of object 'Object Repository/HealthpostToStore/Page_HealthPost Store/select_--Select--Adernaline 0.' counted

2018-05-22 11:46:22 - [MESSAGE][PASSED] - 24 options of object 'Object Repository/HealthpostToStore/Page_HealthPost Store/select_--Select--Adernaline 0.' counted

2018-05-22 11:46:22 - [TEST_STEP][PASSED] - Statement - For ([e = 1, e <= medicineslength - 1, (e++)]): Object: 'Object Repository/HealthpostToStore/Page_HealthPost Store/button_Add' is double clicked on

2018-05-22 11:46:22 - [TEST_STEP][PASSED] - selectOptionByIndex: All options with index in [7] are selected on object 'Object Repository/HealthpostToStore/Page_HealthPost Store/select_--Select--Schedule 1Inj'

2018-05-22 11:46:22 - [MESSAGE][PASSED] - All options with index in [7] are selected on object 'Object Repository/HealthpostToStore/Page_HealthPost Store/select_--Select--Schedule 1Inj'

2018-05-22 11:46:22 - [TEST_STEP][PASSED] - delay: Delayed 1 second(s)

2018-05-22 11:46:23 - [MESSAGE][PASSED] - Delayed 1 second(s)

2018-05-22 11:46:23 - [TEST_STEP][PASSED] - selectOptionByIndex: All options with index in [1] are selected on object 'Object Repository/HealthpostToStore/Page_HealthPost Store/select_--Select--Adernaline 0.'

2018-05-22 11:46:23 - [MESSAGE][PASSED] - All options with index in [1] are selected on object 'Object Repository/HealthpostToStore/Page_HealthPost Store/select_--Select--Adernaline 0.'

2018-05-22 11:46:23 - [TEST_STEP][PASSED] - setText: Text '10' is set on object 'Object Repository/HealthpostToStore/Page_HealthPost Store/input_txttreat'

2018-05-22 11:46:23 - [MESSAGE][PASSED] - Text '10' is set on object 'Object Repository/HealthpostToStore/Page_HealthPost Store/input_txttreat'

2018-05-22 11:46:23 - [TEST_STEP][PASSED] - doubleClick: Object: 'Object Repository/HealthpostToStore/Page_HealthPost Store/button_Add' is double clicked on

2018-05-22 11:46:23 - [MESSAGE][PASSED] - Object: 'Object Repository/HealthpostToStore/Page_HealthPost Store/button_Add' is double clicked on

2018-05-22 11:46:23 - [TEST_STEP][PASSED] - selectOptionByIndex: All options with index in [7] are selected on object 'Object Repository/HealthpostToStore/Page_HealthPost Store/select_--Select--Schedule 1Inj'

2018-05-22 11:46:24 - [MESSAGE][PASSED] - All options with index in [7] are selected on object 'Object Repository/HealthpostToStore/Page_HealthPost Store/select_--Select--Schedule 1Inj'

2018-05-22 11:46:24 - [TEST_STEP][PASSED] - delay: Delayed 1 second(s)

2018-05-22 11:46:25 - [MESSAGE][PASSED] - Delayed 1 second(s)

2018-05-22 11:46:25 - [TEST_STEP][PASSED] - selectOptionByIndex: All options with index in [2] are selected on object 'Object Repository/HealthpostToStore/Page_HealthPost Store/select_--Select--Adernaline 0.'

2018-05-22 11:46:25 - [MESSAGE][PASSED] - All options with index in [2] are selected on object 'Object Repository/HealthpostToStore/Page_HealthPost Store/select_--Select--Adernaline 0.'

2018-05-22 11:46:25 - [TEST_STEP][PASSED] - setText: Text '10' is set on object 'Object Repository/HealthpostToStore/Page_HealthPost Store/input_txttreat'

2018-05-22 11:46:25 - [MESSAGE][PASSED] - Text '10' is set on object 'Object Repository/HealthpostToStore/Page_HealthPost Store/input_txttreat'

2018-05-22 11:46:25 - [TEST_STEP][PASSED] - doubleClick: Object: 'Object Repository/HealthpostToStore/Page_HealthPost Store/button_Add' is double clicked on

2018-05-22 11:46:25 - [MESSAGE][PASSED] - Object: 'Object Repository/HealthpostToStore/Page_HealthPost Store/button_Add' is double clicked on

2018-05-22 11:46:25 - [TEST_STEP][PASSED] - selectOptionByIndex: All options with index in [7] are selected on object 'Object Repository/HealthpostToStore/Page_HealthPost Store/select_--Select--Schedule 1Inj'

2018-05-22 11:46:25 - [MESSAGE][PASSED] - All options with index in [7] are selected on object 'Object Repository/HealthpostToStore/Page_HealthPost Store/select_--Select--Schedule 1Inj'

2018-05-22 11:46:25 - [TEST_STEP][PASSED] - delay: Delayed 1 second(s)

2018-05-22 11:46:26 - [MESSAGE][PASSED] - Delayed 1 second(s)

2018-05-22 11:46:26 - [TEST_STEP][PASSED] - selectOptionByIndex: All options with index in [3] are selected on object 'Object Repository/HealthpostToStore/Page_HealthPost Store/select_--Select--Adernaline 0.'

2018-05-22 11:46:26 - [MESSAGE][PASSED] - All options with index in [3] are selected on object 'Object Repository/HealthpostToStore/Page_HealthPost Store/select_--Select--Adernaline 0.'

2018-05-22 11:46:26 - [TEST_STEP][PASSED] - setText: Text '10' is set on object 'Object Repository/HealthpostToStore/Page_HealthPost Store/input_txttreat'

2018-05-22 11:46:26 - [MESSAGE][PASSED] - Text '10' is set on object 'Object Repository/HealthpostToStore/Page_HealthPost Store/input_txttreat'

2018-05-22 11:46:26 - [TEST_STEP][PASSED] - doubleClick: Object: 'Object Repository/HealthpostToStore/Page_HealthPost Store/button_Add' is double clicked on

2018-05-22 11:46:26 - [MESSAGE][PASSED] - Object: 'Object Repository/HealthpostToStore/Page_HealthPost Store/button_Add' is double clicked on

2018-05-22 11:46:26 - [TEST_STEP][PASSED] - selectOptionByIndex: All options with index in [7] are selected on object 'Object Repository/HealthpostToStore/Page_HealthPost Store/select_--Select--Schedule 1Inj'

2018-05-22 11:46:27 - [MESSAGE][PASSED] - All options with index in [7] are selected on object 'Object Repository/HealthpostToStore/Page_HealthPost Store/select_--Select--Schedule 1Inj'

2018-05-22 11:46:27 - [TEST_STEP][PASSED] - delay: Delayed 1 second(s)

2018-05-22 11:46:28 - [MESSAGE][PASSED] - Delayed 1 second(s)

2018-05-22 11:46:28 - [TEST_STEP][PASSED] - selectOptionByIndex: All options with index in [4] are selected on object 'Object Repository/HealthpostToStore/Page_HealthPost Store/select_--Select--Adernaline 0.'

2018-05-22 11:46:28 - [MESSAGE][PASSED] - All options with index in [4] are selected on object 'Object Repository/HealthpostToStore/Page_HealthPost Store/select_--Select--Adernaline 0.'

2018-05-22 11:46:28 - [TEST_STEP][PASSED] - setText: Text '10' is set on object 'Object Repository/HealthpostToStore/Page_HealthPost Store/input_txttreat'

2018-05-22 11:46:28 - [MESSAGE][PASSED] - Text '10' is set on object 'Object Repository/HealthpostToStore/Page_HealthPost Store/input_txttreat'

2018-05-22 11:46:28 - [TEST_STEP][PASSED] - doubleClick: Object: 'Object Repository/HealthpostToStore/Page_HealthPost Store/button_Add' is double clicked on

2018-05-22 11:46:28 - [MESSAGE][PASSED] - Object: 'Object Repository/HealthpostToStore/Page_HealthPost Store/button_Add' is double clicked on

2018-05-22 11:46:28 - [TEST_STEP][PASSED] - selectOptionByIndex: All options with index in [7] are selected on object 'Object Repository/HealthpostToStore/Page_HealthPost Store/select_--Select--Schedule 1Inj'

2018-05-22 11:46:28 - [MESSAGE][PASSED] - All options with index in [7] are selected on object 'Object Repository/HealthpostToStore/Page_HealthPost Store/select_--Select--Schedule 1Inj'

2018-05-22 11:46:28 - [TEST_STEP][PASSED] - delay: Delayed 1 second(s)

2018-05-22 11:46:29 - [MESSAGE][PASSED] - Delayed 1 second(s)

2018-05-22 11:46:29 - [TEST_STEP][PASSED] - selectOptionByIndex: All options with index in [5] are selected on object 'Object Repository/HealthpostToStore/Page_HealthPost Store/select_--Select--Adernaline 0.'

2018-05-22 11:46:29 - [MESSAGE][PASSED] - All options with index in [5] are selected on object 'Object Repository/HealthpostToStore/Page_HealthPost Store/select_--Select--Adernaline 0.'

2018-05-22 11:46:29 - [TEST_STEP][PASSED] - setText: Text '10' is set on object 'Object Repository/HealthpostToStore/Page_HealthPost Store/input_txttreat'

2018-05-22 11:46:29 - [MESSAGE][PASSED] - Text '10' is set on object 'Object Repository/HealthpostToStore/Page_HealthPost Store/input_txttreat'

2018-05-22 11:46:29 - [TEST_STEP][PASSED] - doubleClick: Object: 'Object Repository/HealthpostToStore/Page_HealthPost Store/button_Add' is double clicked on

2018-05-22 11:46:29 - [MESSAGE][PASSED] - Object: 'Object Repository/HealthpostToStore/Page_HealthPost Store/button_Add' is double clicked on

2018-05-22 11:46:29 - [TEST_STEP][PASSED] - selectOptionByIndex: All options with index in [7] are selected on object 'Object Repository/HealthpostToStore/Page_HealthPost Store/select_--Select--Schedule 1Inj'

2018-05-22 11:46:30 - [MESSAGE][PASSED] - All options with index in [7] are selected on object 'Object Repository/HealthpostToStore/Page_HealthPost Store/select_--Select--Schedule 1Inj'

2018-05-22 11:46:30 - [TEST_STEP][PASSED] - delay: Delayed 1 second(s)

2018-05-22 11:46:31 - [MESSAGE][PASSED] - Delayed 1 second(s)

2018-05-22 11:46:31 - [TEST_STEP][PASSED] - selectOptionByIndex: All options with index in [6] are selected on object 'Object Repository/HealthpostToStore/Page_HealthPost Store/select_--Select--Adernaline 0.'

2018-05-22 11:46:31 - [MESSAGE][PASSED] - All options with index in [6] are selected on object 'Object Repository/HealthpostToStore/Page_HealthPost Store/select_--Select--Adernaline 0.'

2018-05-22 11:46:31 - [TEST_STEP][PASSED] - setText: Text '10' is set on object 'Object Repository/HealthpostToStore/Page_HealthPost Store/input_txttreat'

2018-05-22 11:46:31 - [MESSAGE][PASSED] - Text '10' is set on object 'Object Repository/HealthpostToStore/Page_HealthPost Store/input_txttreat'

2018-05-22 11:46:31 - [TEST_STEP][PASSED] - doubleClick: Object: 'Object Repository/HealthpostToStore/Page_HealthPost Store/button_Add' is double clicked on

2018-05-22 11:46:31 - [MESSAGE][PASSED] - Object: 'Object Repository/HealthpostToStore/Page_HealthPost Store/button_Add' is double clicked on

2018-05-22 11:46:31 - [TEST_STEP][PASSED] - selectOptionByIndex: All options with index in [7] are selected on object 'Object Repository/HealthpostToStore/Page_HealthPost Store/select_--Select--Schedule 1Inj'

2018-05-22 11:46:31 - [MESSAGE][PASSED] - All options with index in [7] are selected on object 'Object Repository/HealthpostToStore/Page_HealthPost Store/select_--Select--Schedule 1Inj'

2018-05-22 11:46:31 - [TEST_STEP][PASSED] - delay: Delayed 1 second(s)

2018-05-22 11:46:32 - [MESSAGE][PASSED] - Delayed 1 second(s)

2018-05-22 11:46:32 - [TEST_STEP][PASSED] - selectOptionByIndex: All options with index in [7] are selected on object 'Object Repository/HealthpostToStore/Page_HealthPost Store/select_--Select--Adernaline 0.'

2018-05-22 11:46:32 - [MESSAGE][PASSED] - All options with index in [7] are selected on object 'Object Repository/HealthpostToStore/Page_HealthPost Store/select_--Select--Adernaline 0.'

2018-05-22 11:46:32 - [TEST_STEP][PASSED] - setText: Text '10' is set on object 'Object Repository/HealthpostToStore/Page_HealthPost Store/input_txttreat'

2018-05-22 11:46:32 - [MESSAGE][PASSED] - Text '10' is set on object 'Object Repository/HealthpostToStore/Page_HealthPost Store/input_txttreat'

2018-05-22 11:46:32 - [TEST_STEP][PASSED] - doubleClick: Object: 'Object Repository/HealthpostToStore/Page_HealthPost Store/button_Add' is double clicked on

2018-05-22 11:46:33 - [MESSAGE][PASSED] - Object: 'Object Repository/HealthpostToStore/Page_HealthPost Store/button_Add' is double clicked on

2018-05-22 11:46:33 - [TEST_STEP][PASSED] - selectOptionByIndex: All options with index in [7] are selected on object 'Object Repository/HealthpostToStore/Page_HealthPost Store/select_--Select--Schedule 1Inj'

2018-05-22 11:46:33 - [MESSAGE][PASSED] - All options with index in [7] are selected on object 'Object Repository/HealthpostToStore/Page_HealthPost Store/select_--Select--Schedule 1Inj'

2018-05-22 11:46:33 - [TEST_STEP][PASSED] - delay: Delayed 1 second(s)

2018-05-22 11:46:34 - [MESSAGE][PASSED] - Delayed 1 second(s)

2018-05-22 11:46:34 - [TEST_STEP][PASSED] - selectOptionByIndex: All options with index in [8] are selected on object 'Object Repository/HealthpostToStore/Page_HealthPost Store/select_--Select--Adernaline 0.'

2018-05-22 11:46:34 - [MESSAGE][PASSED] - All options with index in [8] are selected on object 'Object Repository/HealthpostToStore/Page_HealthPost Store/select_--Select--Adernaline 0.'

2018-05-22 11:46:34 - [TEST_STEP][PASSED] - setText: Text '10' is set on object 'Object Repository/HealthpostToStore/Page_HealthPost Store/input_txttreat'

2018-05-22 11:46:34 - [MESSAGE][PASSED] - Text '10' is set on object 'Object Repository/HealthpostToStore/Page_HealthPost Store/input_txttreat'

2018-05-22 11:46:34 - [TEST_STEP][PASSED] - doubleClick: Object: 'Object Repository/HealthpostToStore/Page_HealthPost Store/button_Add' is double clicked on

2018-05-22 11:46:34 - [MESSAGE][PASSED] - Object: 'Object Repository/HealthpostToStore/Page_HealthPost Store/button_Add' is double clicked on

2018-05-22 11:46:34 - [TEST_STEP][PASSED] - selectOptionByIndex: All options with index in [7] are selected on object 'Object Repository/HealthpostToStore/Page_HealthPost Store/select_--Select--Schedule 1Inj'

2018-05-22 11:46:34 - [MESSAGE][PASSED] - All options with index in [7] are selected on object 'Object Repository/HealthpostToStore/Page_HealthPost Store/select_--Select--Schedule 1Inj'

2018-05-22 11:46:34 - [TEST_STEP][PASSED] - delay: Delayed 1 second(s)

2018-05-22 11:46:35 - [MESSAGE][PASSED] - Delayed 1 second(s)

2018-05-22 11:46:35 - [TEST_STEP][PASSED] - selectOptionByIndex: All options with index in [9] are selected on object 'Object Repository/HealthpostToStore/Page_HealthPost Store/select_--Select--Adernaline 0.'

2018-05-22 11:46:35 - [MESSAGE][PASSED] - All options with index in [9] are selected on object 'Object Repository/HealthpostToStore/Page_HealthPost Store/select_--Select--Adernaline 0.'

2018-05-22 11:46:35 - [TEST_STEP][PASSED] - setText: Text '10' is set on object 'Object Repository/HealthpostToStore/Page_HealthPost Store/input_txttreat'

2018-05-22 11:46:35 - [MESSAGE][PASSED] - Text '10' is set on object 'Object Repository/HealthpostToStore/Page_HealthPost Store/input_txttreat'

2018-05-22 11:46:35 - [TEST_STEP][PASSED] - doubleClick: Object: 'Object Repository/HealthpostToStore/Page_HealthPost Store/button_Add' is double clicked on

2018-05-22 11:46:36 - [MESSAGE][PASSED] - Object: 'Object Repository/HealthpostToStore/Page_HealthPost Store/button_Add' is double clicked on

2018-05-22 11:46:36 - [TEST_STEP][PASSED] - selectOptionByIndex: All options with index in [7] are selected on object 'Object Repository/HealthpostToStore/Page_HealthPost Store/select_--Select--Schedule 1Inj'

2018-05-22 11:46:36 - [MESSAGE][PASSED] - All options with index in [7] are selected on object 'Object Repository/HealthpostToStore/Page_HealthPost Store/select_--Select--Schedule 1Inj'

2018-05-22 11:46:36 - [TEST_STEP][PASSED] - delay: Delayed 1 second(s)

2018-05-22 11:46:37 - [MESSAGE][PASSED] - Delayed 1 second(s)

2018-05-22 11:46:37 - [TEST_STEP][PASSED] - selectOptionByIndex: All options with index in [10] are selected on object 'Object Repository/HealthpostToStore/Page_HealthPost Store/select_--Select--Adernaline 0.'

2018-05-22 11:46:37 - [MESSAGE][PASSED] - All options with index in [10] are selected on object 'Object Repository/HealthpostToStore/Page_HealthPost Store/select_--Select--Adernaline 0.'

2018-05-22 11:46:37 - [TEST_STEP][PASSED] - setText: Text '10' is set on object 'Object Repository/HealthpostToStore/Page_HealthPost Store/input_txttreat'

2018-05-22 11:46:37 - [MESSAGE][PASSED] - Text '10' is set on object 'Object Repository/HealthpostToStore/Page_HealthPost Store/input_txttreat'

2018-05-22 11:46:37 - [TEST_STEP][PASSED] - doubleClick: Object: 'Object Repository/HealthpostToStore/Page_HealthPost Store/button_Add' is double clicked on

2018-05-22 11:46:47 - [MESSAGE][PASSED] - Object: 'Object Repository/HealthpostToStore/Page_HealthPost Store/button_Add' is double clicked on

2018-05-22 11:46:47 - [TEST_STEP][PASSED] - selectOptionByIndex: All options with index in [7] are selected on object 'Object Repository/HealthpostToStore/Page_HealthPost Store/select_--Select--Schedule 1Inj'

2018-05-22 11:46:47 - [MESSAGE][PASSED] - All options with index in [7] are selected on object 'Object Repository/HealthpostToStore/Page_HealthPost Store/select_--Select--Schedule 1Inj'

2018-05-22 11:46:47 - [TEST_STEP][PASSED] - delay: Delayed 1 second(s)

2018-05-22 11:46:48 - [MESSAGE][PASSED] - Delayed 1 second(s)

2018-05-22 11:46:48 - [TEST_STEP][PASSED] - selectOptionByIndex: All options with index in [11] are selected on object 'Object Repository/HealthpostToStore/Page_HealthPost Store/select_--Select--Adernaline 0.'

2018-05-22 11:46:49 - [MESSAGE][PASSED] - All options with index in [11] are selected on object 'Object Repository/HealthpostToStore/Page_HealthPost Store/select_--Select--Adernaline 0.'

2018-05-22 11:46:49 - [TEST_STEP][PASSED] - setText: Text '10' is set on object 'Object Repository/HealthpostToStore/Page_HealthPost Store/input_txttreat'

2018-05-22 11:46:49 - [MESSAGE][PASSED] - Text '10' is set on object 'Object Repository/HealthpostToStore/Page_HealthPost Store/input_txttreat'

2018-05-22 11:46:49 - [TEST_STEP][PASSED] - doubleClick: Object: 'Object Repository/HealthpostToStore/Page_HealthPost Store/button_Add' is double clicked on

2018-05-22 11:46:59 - [MESSAGE][PASSED] - Object: 'Object Repository/HealthpostToStore/Page_HealthPost Store/button_Add' is double clicked on

2018-05-22 11:46:59 - [TEST_STEP][PASSED] - selectOptionByIndex: All options with index in [7] are selected on object 'Object Repository/HealthpostToStore/Page_HealthPost Store/select_--Select--Schedule 1Inj'

2018-05-22 11:46:59 - [MESSAGE][PASSED] - All options with index in [7] are selected on object 'Object Repository/HealthpostToStore/Page_HealthPost Store/select_--Select--Schedule 1Inj'

2018-05-22 11:46:59 - [TEST_STEP][PASSED] - delay: Delayed 1 second(s)

2018-05-22 11:47:00 - [MESSAGE][PASSED] - Delayed 1 second(s)

2018-05-22 11:47:00 - [TEST_STEP][PASSED] - selectOptionByIndex: All options with index in [12] are selected on object 'Object Repository/HealthpostToStore/Page_HealthPost Store/select_--Select--Adernaline 0.'

2018-05-22 11:47:00 - [MESSAGE][PASSED] - All options with index in [12] are selected on object 'Object Repository/HealthpostToStore/Page_HealthPost Store/select_--Select--Adernaline 0.'

2018-05-22 11:47:00 - [TEST_STEP][PASSED] - setText: Text '10' is set on object 'Object Repository/HealthpostToStore/Page_HealthPost Store/input_txttreat'

2018-05-22 11:47:00 - [MESSAGE][PASSED] - Text '10' is set on object 'Object Repository/HealthpostToStore/Page_HealthPost Store/input_txttreat'

2018-05-22 11:47:00 - [TEST_STEP][PASSED] - doubleClick: Object: 'Object Repository/HealthpostToStore/Page_HealthPost Store/button_Add' is double clicked on

2018-05-22 11:47:11 - [MESSAGE][PASSED] - Object: 'Object Repository/HealthpostToStore/Page_HealthPost Store/button_Add' is double clicked on

2018-05-22 11:47:11 - [TEST_STEP][PASSED] - selectOptionByIndex: All options with index in [7] are selected on object 'Object Repository/HealthpostToStore/Page_HealthPost Store/select_--Select--Schedule 1Inj'

2018-05-22 11:47:11 - [MESSAGE][PASSED] - All options with index in [7] are selected on object 'Object Repository/HealthpostToStore/Page_HealthPost Store/select_--Select--Schedule 1Inj'

2018-05-22 11:47:11 - [TEST_STEP][PASSED] - delay: Delayed 1 second(s)

2018-05-22 11:47:12 - [MESSAGE][PASSED] - Delayed 1 second(s)

2018-05-22 11:47:12 - [TEST_STEP][PASSED] - selectOptionByIndex: All options with index in [13] are selected on object 'Object Repository/HealthpostToStore/Page_HealthPost Store/select_--Select--Adernaline 0.'

2018-05-22 11:47:12 - [MESSAGE][PASSED] - All options with index in [13] are selected on object 'Object Repository/HealthpostToStore/Page_HealthPost Store/select_--Select--Adernaline 0.'

2018-05-22 11:47:12 - [TEST_STEP][PASSED] - setText: Text '10' is set on object 'Object Repository/HealthpostToStore/Page_HealthPost Store/input_txttreat'

2018-05-22 11:47:12 - [MESSAGE][PASSED] - Text '10' is set on object 'Object Repository/HealthpostToStore/Page_HealthPost Store/input_txttreat'

2018-05-22 11:47:12 - [TEST_STEP][PASSED] - doubleClick: Object: 'Object Repository/HealthpostToStore/Page_HealthPost Store/button_Add' is double clicked on

2018-05-22 11:47:22 - [MESSAGE][PASSED] - Object: 'Object Repository/HealthpostToStore/Page_HealthPost Store/button_Add' is double clicked on

2018-05-22 11:47:22 - [TEST_STEP][PASSED] - selectOptionByIndex: All options with index in [7] are selected on object 'Object Repository/HealthpostToStore/Page_HealthPost Store/select_--Select--Schedule 1Inj'

2018-05-22 11:47:22 - [MESSAGE][PASSED] - All options with index in [7] are selected on object 'Object Repository/HealthpostToStore/Page_HealthPost Store/select_--Select--Schedule 1Inj'

2018-05-22 11:47:22 - [TEST_STEP][PASSED] - delay: Delayed 1 second(s)

2018-05-22 11:47:23 - [MESSAGE][PASSED] - Delayed 1 second(s)

2018-05-22 11:47:23 - [TEST_STEP][PASSED] - selectOptionByIndex: All options with index in [14] are selected on object 'Object Repository/HealthpostToStore/Page_HealthPost Store/select_--Select--Adernaline 0.'

2018-05-22 11:47:24 - [MESSAGE][PASSED] - All options with index in [14] are selected on object 'Object Repository/HealthpostToStore/Page_HealthPost Store/select_--Select--Adernaline 0.'

2018-05-22 11:47:24 - [TEST_STEP][PASSED] - setText: Text '10' is set on object 'Object Repository/HealthpostToStore/Page_HealthPost Store/input_txttreat'

2018-05-22 11:47:24 - [MESSAGE][PASSED] - Text '10' is set on object 'Object Repository/HealthpostToStore/Page_HealthPost Store/input_txttreat'

2018-05-22 11:47:24 - [TEST_STEP][PASSED] - doubleClick: Object: 'Object Repository/HealthpostToStore/Page_HealthPost Store/button_Add' is double clicked on

2018-05-22 11:47:34 - [MESSAGE][PASSED] - Object: 'Object Repository/HealthpostToStore/Page_HealthPost Store/button_Add' is double clicked on

2018-05-22 11:47:34 - [TEST_STEP][PASSED] - selectOptionByIndex: All options with index in [7] are selected on object 'Object Repository/HealthpostToStore/Page_HealthPost Store/select_--Select--Schedule 1Inj'

2018-05-22 11:47:34 - [MESSAGE][PASSED] - All options with index in [7] are selected on object 'Object Repository/HealthpostToStore/Page_HealthPost Store/select_--Select--Schedule 1Inj'

2018-05-22 11:47:34 - [TEST_STEP][PASSED] - delay: Delayed 1 second(s)

2018-05-22 11:47:35 - [MESSAGE][PASSED] - Delayed 1 second(s)

2018-05-22 11:47:35 - [TEST_STEP][PASSED] - selectOptionByIndex: All options with index in [15] are selected on object 'Object Repository/HealthpostToStore/Page_HealthPost Store/select_--Select--Adernaline 0.'

2018-05-22 11:47:35 - [MESSAGE][PASSED] - All options with index in [15] are selected on object 'Object Repository/HealthpostToStore/Page_HealthPost Store/select_--Select--Adernaline 0.'

2018-05-22 11:47:35 - [TEST_STEP][PASSED] - setText: Text '10' is set on object 'Object Repository/HealthpostToStore/Page_HealthPost Store/input_txttreat'

2018-05-22 11:47:35 - [MESSAGE][PASSED] - Text '10' is set on object 'Object Repository/HealthpostToStore/Page_HealthPost Store/input_txttreat'

2018-05-22 11:47:35 - [TEST_STEP][PASSED] - doubleClick: Object: 'Object Repository/HealthpostToStore/Page_HealthPost Store/button_Add' is double clicked on

2018-05-22 11:47:45 - [MESSAGE][PASSED] - Object: 'Object Repository/HealthpostToStore/Page_HealthPost Store/button_Add' is double clicked on

2018-05-22 11:47:45 - [TEST_STEP][PASSED] - selectOptionByIndex: All options with index in [7] are selected on object 'Object Repository/HealthpostToStore/Page_HealthPost Store/select_--Select--Schedule 1Inj'

2018-05-22 11:47:46 - [MESSAGE][PASSED] - All options with index in [7] are selected on object 'Object Repository/HealthpostToStore/Page_HealthPost Store/select_--Select--Schedule 1Inj'

2018-05-22 11:47:46 - [TEST_STEP][PASSED] - delay: Delayed 1 second(s)

2018-05-22 11:47:47 - [MESSAGE][PASSED] - Delayed 1 second(s)

2018-05-22 11:47:47 - [TEST_STEP][PASSED] - selectOptionByIndex: All options with index in [16] are selected on object 'Object Repository/HealthpostToStore/Page_HealthPost Store/select_--Select--Adernaline 0.'

2018-05-22 11:47:47 - [MESSAGE][PASSED] - All options with index in [16] are selected on object 'Object Repository/HealthpostToStore/Page_HealthPost Store/select_--Select--Adernaline 0.'

2018-05-22 11:47:47 - [TEST_STEP][PASSED] - setText: Text '10' is set on object 'Object Repository/HealthpostToStore/Page_HealthPost Store/input_txttreat'

2018-05-22 11:47:47 - [MESSAGE][PASSED] - Text '10' is set on object 'Object Repository/HealthpostToStore/Page_HealthPost Store/input_txttreat'

2018-05-22 11:47:47 - [TEST_STEP][PASSED] - doubleClick: Object: 'Object Repository/HealthpostToStore/Page_HealthPost Store/button_Add' is double clicked on

2018-05-22 11:47:57 - [MESSAGE][PASSED] - Object: 'Object Repository/HealthpostToStore/Page_HealthPost Store/button_Add' is double clicked on

2018-05-22 11:47:57 - [TEST_STEP][PASSED] - selectOptionByIndex: All options with index in [7] are selected on object 'Object Repository/HealthpostToStore/Page_HealthPost Store/select_--Select--Schedule 1Inj'

2018-05-22 11:47:57 - [MESSAGE][PASSED] - All options with index in [7] are selected on object 'Object Repository/HealthpostToStore/Page_HealthPost Store/select_--Select--Schedule 1Inj'

2018-05-22 11:47:57 - [TEST_STEP][PASSED] - delay: Delayed 1 second(s)

2018-05-22 11:47:58 - [MESSAGE][PASSED] - Delayed 1 second(s)

2018-05-22 11:47:58 - [TEST_STEP][PASSED] - selectOptionByIndex: All options with index in [17] are selected on object 'Object Repository/HealthpostToStore/Page_HealthPost Store/select_--Select--Adernaline 0.'

2018-05-22 11:47:59 - [MESSAGE][PASSED] - All options with index in [17] are selected on object 'Object Repository/HealthpostToStore/Page_HealthPost Store/select_--Select--Adernaline 0.'

2018-05-22 11:47:59 - [TEST_STEP][PASSED] - setText: Text '10' is set on object 'Object Repository/HealthpostToStore/Page_HealthPost Store/input_txttreat'

2018-05-22 11:47:59 - [MESSAGE][PASSED] - Text '10' is set on object 'Object Repository/HealthpostToStore/Page_HealthPost Store/input_txttreat'

2018-05-22 11:47:59 - [TEST_STEP][PASSED] - doubleClick: Object: 'Object Repository/HealthpostToStore/Page_HealthPost Store/button_Add' is double clicked on

2018-05-22 11:48:09 - [MESSAGE][PASSED] - Object: 'Object Repository/HealthpostToStore/Page_HealthPost Store/button_Add' is double clicked on

2018-05-22 11:48:09 - [TEST_STEP][PASSED] - selectOptionByIndex: All options with index in [7] are selected on object 'Object Repository/HealthpostToStore/Page_HealthPost Store/select_--Select--Schedule 1Inj'

2018-05-22 11:48:09 - [MESSAGE][PASSED] - All options with index in [7] are selected on object 'Object Repository/HealthpostToStore/Page_HealthPost Store/select_--Select--Schedule 1Inj'

2018-05-22 11:48:09 - [TEST_STEP][PASSED] - delay: Delayed 1 second(s)

2018-05-22 11:48:10 - [MESSAGE][PASSED] - Delayed 1 second(s)

2018-05-22 11:48:10 - [TEST_STEP][PASSED] - selectOptionByIndex: All options with index in [18] are selected on object 'Object Repository/HealthpostToStore/Page_HealthPost Store/select_--Select--Adernaline 0.'

2018-05-22 11:48:10 - [MESSAGE][PASSED] - All options with index in [18] are selected on object 'Object Repository/HealthpostToStore/Page_HealthPost Store/select_--Select--Adernaline 0.'

2018-05-22 11:48:10 - [TEST_STEP][PASSED] - setText: Text '10' is set on object 'Object Repository/HealthpostToStore/Page_HealthPost Store/input_txttreat'

2018-05-22 11:48:10 - [MESSAGE][PASSED] - Text '10' is set on object 'Object Repository/HealthpostToStore/Page_HealthPost Store/input_txttreat'

2018-05-22 11:48:10 - [TEST_STEP][PASSED] - doubleClick: Object: 'Object Repository/HealthpostToStore/Page_HealthPost Store/button_Add' is double clicked on

2018-05-22 11:48:21 - [MESSAGE][PASSED] - Object: 'Object Repository/HealthpostToStore/Page_HealthPost Store/button_Add' is double clicked on

2018-05-22 11:48:21 - [TEST_STEP][PASSED] - selectOptionByIndex: All options with index in [7] are selected on object 'Object Repository/HealthpostToStore/Page_HealthPost Store/select_--Select--Schedule 1Inj'

2018-05-22 11:48:21 - [MESSAGE][PASSED] - All options with index in [7] are selected on object 'Object Repository/HealthpostToStore/Page_HealthPost Store/select_--Select--Schedule 1Inj'

2018-05-22 11:48:21 - [TEST_STEP][PASSED] - delay: Delayed 1 second(s)

2018-05-22 11:48:22 - [MESSAGE][PASSED] - Delayed 1 second(s)

2018-05-22 11:48:22 - [TEST_STEP][PASSED] - selectOptionByIndex: All options with index in [19] are selected on object 'Object Repository/HealthpostToStore/Page_HealthPost Store/select_--Select--Adernaline 0.'

2018-05-22 11:48:22 - [MESSAGE][PASSED] - All options with index in [19] are selected on object 'Object Repository/HealthpostToStore/Page_HealthPost Store/select_--Select--Adernaline 0.'

2018-05-22 11:48:22 - [TEST_STEP][PASSED] - setText: Text '10' is set on object 'Object Repository/HealthpostToStore/Page_HealthPost Store/input_txttreat'

2018-05-22 11:48:22 - [MESSAGE][PASSED] - Text '10' is set on object 'Object Repository/HealthpostToStore/Page_HealthPost Store/input_txttreat'

2018-05-22 11:48:22 - [TEST_STEP][PASSED] - doubleClick: Object: 'Object Repository/HealthpostToStore/Page_HealthPost Store/button_Add' is double clicked on

2018-05-22 11:48:32 - [MESSAGE][PASSED] - Object: 'Object Repository/HealthpostToStore/Page_HealthPost Store/button_Add' is double clicked on

2018-05-22 11:48:32 - [TEST_STEP][PASSED] - selectOptionByIndex: All options with index in [7] are selected on object 'Object Repository/HealthpostToStore/Page_HealthPost Store/select_--Select--Schedule 1Inj'

2018-05-22 11:48:33 - [MESSAGE][PASSED] - All options with index in [7] are selected on object 'Object Repository/HealthpostToStore/Page_HealthPost Store/select_--Select--Schedule 1Inj'

2018-05-22 11:48:33 - [TEST_STEP][PASSED] - delay: Delayed 1 second(s)

2018-05-22 11:48:34 - [MESSAGE][PASSED] - Delayed 1 second(s)

2018-05-22 11:48:34 - [TEST_STEP][PASSED] - selectOptionByIndex: All options with index in [20] are selected on object 'Object Repository/HealthpostToStore/Page_HealthPost Store/select_--Select--Adernaline 0.'

2018-05-22 11:48:34 - [MESSAGE][PASSED] - All options with index in [20] are selected on object 'Object Repository/HealthpostToStore/Page_HealthPost Store/select_--Select--Adernaline 0.'

2018-05-22 11:48:34 - [TEST_STEP][PASSED] - setText: Text '10' is set on object 'Object Repository/HealthpostToStore/Page_HealthPost Store/input_txttreat'

2018-05-22 11:48:34 - [MESSAGE][PASSED] - Text '10' is set on object 'Object Repository/HealthpostToStore/Page_HealthPost Store/input_txttreat'

2018-05-22 11:48:34 - [TEST_STEP][PASSED] - doubleClick: Object: 'Object Repository/HealthpostToStore/Page_HealthPost Store/button_Add' is double clicked on

2018-05-22 11:48:44 - [MESSAGE][PASSED] - Object: 'Object Repository/HealthpostToStore/Page_HealthPost Store/button_Add' is double clicked on

2018-05-22 11:48:44 - [TEST_STEP][PASSED] - selectOptionByIndex: All options with index in [7] are selected on object 'Object Repository/HealthpostToStore/Page_HealthPost Store/select_--Select--Schedule 1Inj'

2018-05-22 11:48:44 - [MESSAGE][PASSED] - All options with index in [7] are selected on object 'Object Repository/HealthpostToStore/Page_HealthPost Store/select_--Select--Schedule 1Inj'

2018-05-22 11:48:44 - [TEST_STEP][PASSED] - delay: Delayed 1 second(s)

2018-05-22 11:48:45 - [MESSAGE][PASSED] - Delayed 1 second(s)

2018-05-22 11:48:45 - [TEST_STEP][PASSED] - selectOptionByIndex: All options with index in [21] are selected on object 'Object Repository/HealthpostToStore/Page_HealthPost Store/select_--Select--Adernaline 0.'

2018-05-22 11:48:46 - [MESSAGE][PASSED] - All options with index in [21] are selected on object 'Object Repository/HealthpostToStore/Page_HealthPost Store/select_--Select--Adernaline 0.'

2018-05-22 11:48:46 - [TEST_STEP][PASSED] - setText: Text '10' is set on object 'Object Repository/HealthpostToStore/Page_HealthPost Store/input_txttreat'

2018-05-22 11:48:46 - [MESSAGE][PASSED] - Text '10' is set on object 'Object Repository/HealthpostToStore/Page_HealthPost Store/input_txttreat'

2018-05-22 11:48:46 - [TEST_STEP][PASSED] - doubleClick: Object: 'Object Repository/HealthpostToStore/Page_HealthPost Store/button_Add' is double clicked on

2018-05-22 11:48:56 - [MESSAGE][PASSED] - Object: 'Object Repository/HealthpostToStore/Page_HealthPost Store/button_Add' is double clicked on

2018-05-22 11:48:56 - [TEST_STEP][PASSED] - selectOptionByIndex: All options with index in [7] are selected on object 'Object Repository/HealthpostToStore/Page_HealthPost Store/select_--Select--Schedule 1Inj'

2018-05-22 11:48:56 - [MESSAGE][PASSED] - All options with index in [7] are selected on object 'Object Repository/HealthpostToStore/Page_HealthPost Store/select_--Select--Schedule 1Inj'

2018-05-22 11:48:56 - [TEST_STEP][PASSED] - delay: Delayed 1 second(s)

2018-05-22 11:48:57 - [MESSAGE][PASSED] - Delayed 1 second(s)

2018-05-22 11:48:57 - [TEST_STEP][PASSED] - selectOptionByIndex: All options with index in [22] are selected on object 'Object Repository/HealthpostToStore/Page_HealthPost Store/select_--Select--Adernaline 0.'

2018-05-22 11:48:57 - [MESSAGE][PASSED] - All options with index in [22] are selected on object 'Object Repository/HealthpostToStore/Page_HealthPost Store/select_--Select--Adernaline 0.'

2018-05-22 11:48:57 - [TEST_STEP][PASSED] - setText: Text '10' is set on object 'Object Repository/HealthpostToStore/Page_HealthPost Store/input_txttreat'

2018-05-22 11:48:58 - [MESSAGE][PASSED] - Text '10' is set on object 'Object Repository/HealthpostToStore/Page_HealthPost Store/input_txttreat'

2018-05-22 11:48:58 - [TEST_STEP][PASSED] - doubleClick: Object: 'Object Repository/HealthpostToStore/Page_HealthPost Store/button_Add' is double clicked on

2018-05-22 11:49:08 - [MESSAGE][PASSED] - Object: 'Object Repository/HealthpostToStore/Page_HealthPost Store/button_Add' is double clicked on

2018-05-22 11:49:08 - [TEST_STEP][PASSED] - selectOptionByIndex: All options with index in [7] are selected on object 'Object Repository/HealthpostToStore/Page_HealthPost Store/select_--Select--Schedule 1Inj'

2018-05-22 11:49:08 - [MESSAGE][PASSED] - All options with index in [7] are selected on object 'Object Repository/HealthpostToStore/Page_HealthPost Store/select_--Select--Schedule 1Inj'

2018-05-22 11:49:08 - [TEST_STEP][PASSED] - delay: Delayed 1 second(s)

2018-05-22 11:49:09 - [MESSAGE][PASSED] - Delayed 1 second(s)

2018-05-22 11:49:09 - [TEST_STEP][PASSED] - selectOptionByIndex: All options with index in [23] are selected on object 'Object Repository/HealthpostToStore/Page_HealthPost Store/select_--Select--Adernaline 0.'

2018-05-22 11:49:09 - [MESSAGE][PASSED] - All options with index in [23] are selected on object 'Object Repository/HealthpostToStore/Page_HealthPost Store/select_--Select--Adernaline 0.'

2018-05-22 11:49:09 - [TEST_STEP][PASSED] - setText: Text '10' is set on object 'Object Repository/HealthpostToStore/Page_HealthPost Store/input_txttreat'

2018-05-22 11:49:09 - [MESSAGE][PASSED] - Text '10' is set on object 'Object Repository/HealthpostToStore/Page_HealthPost Store/input_txttreat'

2018-05-22 11:49:09 - [TEST_STEP][PASSED] - doubleClick: Object: 'Object Repository/HealthpostToStore/Page_HealthPost Store/button_Add' is double clicked on

2018-05-22 11:49:19 - [MESSAGE][PASSED] - Object: 'Object Repository/HealthpostToStore/Page_HealthPost Store/button_Add' is double clicked on

2018-05-22 11:49:19 - [TEST_STEP][PASSED] - scrollToElement: Scroll to object 'Object Repository/HealthpostToStore/Page_HealthPost Store/input_btnsave' successfully

2018-05-22 11:49:19 - [MESSAGE][PASSED] - Scroll to object 'Object Repository/HealthpostToStore/Page_HealthPost Store/input_btnsave' successfully

2018-05-22 11:49:19 - [TEST_STEP][PASSED] - click: Object: 'Object Repository/HealthpostToStore/Page_HealthPost Store/input_btnsave' is clicked on

2018-05-22 11:49:25 - [MESSAGE][PASSED] - Object: 'Object Repository/HealthpostToStore/Page_HealthPost Store/input_btnsave' is clicked on

2018-05-22 11:49:25 - [TEST_STEP][PASSED] - delay: Delayed 3 second(s)

2018-05-22 11:49:28 - [MESSAGE][PASSED] - Delayed 3 second(s)

2018-05-22 11:49:28 - [TEST_STEP][PASSED] - Statement - RN1 = com.kms.katalon.core.webui.keyword.WebUiBuiltInKeywords.getText(com.kms.katalon.core.testobject.ObjectRepository.findTestObject(HealthpostToStore/Page_HealthPost Store/font_HPRNO180520187)): Text of object 'Object Repository/HealthpostToStore/Page_HealthPost Store/font_HPRNO180520187' is: ''

2018-05-22 11:49:28 - [MESSAGE][PASSED] - Text of object 'Object Repository/HealthpostToStore/Page_HealthPost Store/font_HPRNO180520187' is: ''

2018-05-22 11:49:28 - [TEST_STEP][PASSED] - Statement - out.println(RN1): null

2018-05-22 11:49:28 - [TEST_STEP][PASSED] - Statement - RID = RN1.split("/")[2]: null]]></system-out>
         <system-err><![CDATA[2018-05-22 11:45:57 - [TEST_CASE][ERROR] - Test Cases/HEALTHPOST TEST CASES/TC_HP_007 Verify Schedule 7 Healthpost Request Are Working Successfully Or Not: Test Cases/HEALTHPOST TEST CASES/TC_HP_007 Verify Schedule 7 Healthpost Request Are Working Successfully Or Not FAILED because (of) java.lang.ArrayIndexOutOfBoundsException: 2]]></system-err>
      </testcase>
      <testcase name="Test Cases/HEALTHPOST TEST CASES/TC_HP_008 Verify Schedule 8 Healthpost Request Are Working Successfully Or Not" classname="Test Cases/HEALTHPOST TEST CASES/TC_HP_008 Verify Schedule 8 Healthpost Request Are Working Successfully Or Not" status="ERROR">
         <error type="ERROR" message="Test Cases/HEALTHPOST TEST CASES/TC_HP_008 Verify Schedule 8 Healthpost Request Are Working Successfully Or Not FAILED because (of) java.lang.ArrayIndexOutOfBoundsException: 2"/>
         <system-out><![CDATA[2018-05-22 11:49:28 - [TEST_CASE][ERROR] - Test Cases/HEALTHPOST TEST CASES/TC_HP_008 Verify Schedule 8 Healthpost Request Are Working Successfully Or Not: Test Cases/HEALTHPOST TEST CASES/TC_HP_008 Verify Schedule 8 Healthpost Request Are Working Successfully Or Not FAILED because (of) java.lang.ArrayIndexOutOfBoundsException: 2

2018-05-22 11:49:28 - [TEST_STEP][PASSED] - openBrowser: Browser is opened with url: ''

2018-05-22 11:49:28 - [MESSAGE][WARNING] - A browser is already opened. Closing browser and opening a new one

2018-05-22 11:49:31 - [MESSAGE][PASSED] - Browser is opened with url: ''

2018-05-22 11:49:31 - [TEST_STEP][PASSED] - navigateToUrl: Navigate to 'http://192.168.137.1/multihospital_new/HDSplashscreen.aspx' successfully

2018-05-22 11:49:32 - [MESSAGE][PASSED] - Navigate to 'http://192.168.137.1/multihospital_new/HDSplashscreen.aspx' successfully

2018-05-22 11:49:32 - [TEST_STEP][PASSED] - maximizeWindow: Current window maximized

2018-05-22 11:49:33 - [MESSAGE][PASSED] - Current window maximized

2018-05-22 11:49:33 - [TEST_STEP][PASSED] - click: Object: 'Object Repository/HealthpostToStore/Page_KDMC/a_Healthpost Store' is clicked on

2018-05-22 11:49:34 - [MESSAGE][PASSED] - Object: 'Object Repository/HealthpostToStore/Page_KDMC/a_Healthpost Store' is clicked on

2018-05-22 11:49:34 - [TEST_STEP][PASSED] - setText: Text 'raguram' is set on object 'Object Repository/HealthpostToStore/Page_HealthPost Store Login/input_txtusername'

2018-05-22 11:49:34 - [MESSAGE][PASSED] - Text 'raguram' is set on object 'Object Repository/HealthpostToStore/Page_HealthPost Store Login/input_txtusername'

2018-05-22 11:49:34 - [TEST_STEP][PASSED] - setText: Text '123' is set on object 'Object Repository/HealthpostToStore/Page_HealthPost Store Login/input_txtpassword'

2018-05-22 11:49:34 - [MESSAGE][PASSED] - Text '123' is set on object 'Object Repository/HealthpostToStore/Page_HealthPost Store Login/input_txtpassword'

2018-05-22 11:49:34 - [TEST_STEP][PASSED] - delay: Delayed 3 second(s)

2018-05-22 11:49:37 - [MESSAGE][PASSED] - Delayed 3 second(s)

2018-05-22 11:49:37 - [TEST_STEP][PASSED] - sendKeys: Keys 'ENTER + ' sent to object: 'Object Repository/HealthpostToStore/Page_HealthPost Store Login/input_txtpassword'

2018-05-22 11:49:38 - [MESSAGE][PASSED] - Keys 'ENTER + ' sent to object: 'Object Repository/HealthpostToStore/Page_HealthPost Store Login/input_txtpassword'

2018-05-22 11:49:38 - [TEST_STEP][PASSED] - delay: Delayed 3 second(s)

2018-05-22 11:49:41 - [MESSAGE][PASSED] - Delayed 3 second(s)

2018-05-22 11:49:41 - [TEST_STEP][PASSED] - doubleClick: Object: 'Object Repository/HealthpostToStore/Page_HealthPost Store/a_Request to Store' is double clicked on

2018-05-22 11:49:51 - [MESSAGE][PASSED] - Object: 'Object Repository/HealthpostToStore/Page_HealthPost Store/a_Request to Store' is double clicked on

2018-05-22 11:49:51 - [TEST_STEP][PASSED] - delay: Delayed 1 second(s)

2018-05-22 11:49:52 - [MESSAGE][PASSED] - Delayed 1 second(s)

2018-05-22 11:49:52 - [TEST_STEP][PASSED] - doubleClick: Object: 'Object Repository/HealthpostToStore/Page_HealthPost Store/a_Medicine Request' is double clicked on

2018-05-22 11:50:03 - [MESSAGE][PASSED] - Object: 'Object Repository/HealthpostToStore/Page_HealthPost Store/a_Medicine Request' is double clicked on

2018-05-22 11:50:03 - [TEST_STEP][PASSED] - delay: Delayed 1 second(s)

2018-05-22 11:50:04 - [MESSAGE][PASSED] - Delayed 1 second(s)

2018-05-22 11:50:04 - [TEST_STEP][PASSED] - selectOptionByIndex: All options with index in [8] are selected on object 'Object Repository/HealthpostToStore/Page_HealthPost Store/select_--Select--Schedule 1Inj'

2018-05-22 11:50:04 - [MESSAGE][PASSED] - All options with index in [8] are selected on object 'Object Repository/HealthpostToStore/Page_HealthPost Store/select_--Select--Schedule 1Inj'

2018-05-22 11:50:04 - [TEST_STEP][PASSED] - Statement - medicineslength = com.kms.katalon.core.webui.keyword.WebUiBuiltInKeywords.getNumberOfTotalOption(com.kms.katalon.core.testobject.ObjectRepository.findTestObject(HealthpostToStore/Page_HealthPost Store/select_--Select--Adernaline 0.)): 18 options of object 'Object Repository/HealthpostToStore/Page_HealthPost Store/select_--Select--Adernaline 0.' counted

2018-05-22 11:50:04 - [MESSAGE][PASSED] - 18 options of object 'Object Repository/HealthpostToStore/Page_HealthPost Store/select_--Select--Adernaline 0.' counted

2018-05-22 11:50:04 - [TEST_STEP][PASSED] - Statement - For ([e = 1, e <= medicineslength - 1, (e++)]): Object: 'Object Repository/HealthpostToStore/Page_HealthPost Store/button_Add' is double clicked on

2018-05-22 11:50:04 - [TEST_STEP][PASSED] - selectOptionByIndex: All options with index in [8] are selected on object 'Object Repository/HealthpostToStore/Page_HealthPost Store/select_--Select--Schedule 1Inj'

2018-05-22 11:50:04 - [MESSAGE][PASSED] - All options with index in [8] are selected on object 'Object Repository/HealthpostToStore/Page_HealthPost Store/select_--Select--Schedule 1Inj'

2018-05-22 11:50:04 - [TEST_STEP][PASSED] - delay: Delayed 1 second(s)

2018-05-22 11:50:05 - [MESSAGE][PASSED] - Delayed 1 second(s)

2018-05-22 11:50:05 - [TEST_STEP][PASSED] - selectOptionByIndex: All options with index in [1] are selected on object 'Object Repository/HealthpostToStore/Page_HealthPost Store/select_--Select--Adernaline 0.'

2018-05-22 11:50:05 - [MESSAGE][PASSED] - All options with index in [1] are selected on object 'Object Repository/HealthpostToStore/Page_HealthPost Store/select_--Select--Adernaline 0.'

2018-05-22 11:50:05 - [TEST_STEP][PASSED] - setText: Text '10' is set on object 'Object Repository/HealthpostToStore/Page_HealthPost Store/input_txttreat'

2018-05-22 11:50:05 - [MESSAGE][PASSED] - Text '10' is set on object 'Object Repository/HealthpostToStore/Page_HealthPost Store/input_txttreat'

2018-05-22 11:50:05 - [TEST_STEP][PASSED] - doubleClick: Object: 'Object Repository/HealthpostToStore/Page_HealthPost Store/button_Add' is double clicked on

2018-05-22 11:50:16 - [MESSAGE][PASSED] - Object: 'Object Repository/HealthpostToStore/Page_HealthPost Store/button_Add' is double clicked on

2018-05-22 11:50:16 - [TEST_STEP][PASSED] - selectOptionByIndex: All options with index in [8] are selected on object 'Object Repository/HealthpostToStore/Page_HealthPost Store/select_--Select--Schedule 1Inj'

2018-05-22 11:50:16 - [MESSAGE][PASSED] - All options with index in [8] are selected on object 'Object Repository/HealthpostToStore/Page_HealthPost Store/select_--Select--Schedule 1Inj'

2018-05-22 11:50:16 - [TEST_STEP][PASSED] - delay: Delayed 1 second(s)

2018-05-22 11:50:17 - [MESSAGE][PASSED] - Delayed 1 second(s)

2018-05-22 11:50:17 - [TEST_STEP][PASSED] - selectOptionByIndex: All options with index in [2] are selected on object 'Object Repository/HealthpostToStore/Page_HealthPost Store/select_--Select--Adernaline 0.'

2018-05-22 11:50:17 - [MESSAGE][PASSED] - All options with index in [2] are selected on object 'Object Repository/HealthpostToStore/Page_HealthPost Store/select_--Select--Adernaline 0.'

2018-05-22 11:50:17 - [TEST_STEP][PASSED] - setText: Text '10' is set on object 'Object Repository/HealthpostToStore/Page_HealthPost Store/input_txttreat'

2018-05-22 11:50:17 - [MESSAGE][PASSED] - Text '10' is set on object 'Object Repository/HealthpostToStore/Page_HealthPost Store/input_txttreat'

2018-05-22 11:50:17 - [TEST_STEP][PASSED] - doubleClick: Object: 'Object Repository/HealthpostToStore/Page_HealthPost Store/button_Add' is double clicked on

2018-05-22 11:50:27 - [MESSAGE][PASSED] - Object: 'Object Repository/HealthpostToStore/Page_HealthPost Store/button_Add' is double clicked on

2018-05-22 11:50:27 - [TEST_STEP][PASSED] - selectOptionByIndex: All options with index in [8] are selected on object 'Object Repository/HealthpostToStore/Page_HealthPost Store/select_--Select--Schedule 1Inj'

2018-05-22 11:50:27 - [MESSAGE][PASSED] - All options with index in [8] are selected on object 'Object Repository/HealthpostToStore/Page_HealthPost Store/select_--Select--Schedule 1Inj'

2018-05-22 11:50:27 - [TEST_STEP][PASSED] - delay: Delayed 1 second(s)

2018-05-22 11:50:28 - [MESSAGE][PASSED] - Delayed 1 second(s)

2018-05-22 11:50:28 - [TEST_STEP][PASSED] - selectOptionByIndex: All options with index in [3] are selected on object 'Object Repository/HealthpostToStore/Page_HealthPost Store/select_--Select--Adernaline 0.'

2018-05-22 11:50:29 - [MESSAGE][PASSED] - All options with index in [3] are selected on object 'Object Repository/HealthpostToStore/Page_HealthPost Store/select_--Select--Adernaline 0.'

2018-05-22 11:50:29 - [TEST_STEP][PASSED] - setText: Text '10' is set on object 'Object Repository/HealthpostToStore/Page_HealthPost Store/input_txttreat'

2018-05-22 11:50:29 - [MESSAGE][PASSED] - Text '10' is set on object 'Object Repository/HealthpostToStore/Page_HealthPost Store/input_txttreat'

2018-05-22 11:50:29 - [TEST_STEP][PASSED] - doubleClick: Object: 'Object Repository/HealthpostToStore/Page_HealthPost Store/button_Add' is double clicked on

2018-05-22 11:50:39 - [MESSAGE][PASSED] - Object: 'Object Repository/HealthpostToStore/Page_HealthPost Store/button_Add' is double clicked on

2018-05-22 11:50:39 - [TEST_STEP][PASSED] - selectOptionByIndex: All options with index in [8] are selected on object 'Object Repository/HealthpostToStore/Page_HealthPost Store/select_--Select--Schedule 1Inj'

2018-05-22 11:50:39 - [MESSAGE][PASSED] - All options with index in [8] are selected on object 'Object Repository/HealthpostToStore/Page_HealthPost Store/select_--Select--Schedule 1Inj'

2018-05-22 11:50:39 - [TEST_STEP][PASSED] - delay: Delayed 1 second(s)

2018-05-22 11:50:40 - [MESSAGE][PASSED] - Delayed 1 second(s)

2018-05-22 11:50:40 - [TEST_STEP][PASSED] - selectOptionByIndex: All options with index in [4] are selected on object 'Object Repository/HealthpostToStore/Page_HealthPost Store/select_--Select--Adernaline 0.'

2018-05-22 11:50:40 - [MESSAGE][PASSED] - All options with index in [4] are selected on object 'Object Repository/HealthpostToStore/Page_HealthPost Store/select_--Select--Adernaline 0.'

2018-05-22 11:50:40 - [TEST_STEP][PASSED] - setText: Text '10' is set on object 'Object Repository/HealthpostToStore/Page_HealthPost Store/input_txttreat'

2018-05-22 11:50:40 - [MESSAGE][PASSED] - Text '10' is set on object 'Object Repository/HealthpostToStore/Page_HealthPost Store/input_txttreat'

2018-05-22 11:50:40 - [TEST_STEP][PASSED] - doubleClick: Object: 'Object Repository/HealthpostToStore/Page_HealthPost Store/button_Add' is double clicked on

2018-05-22 11:50:50 - [MESSAGE][PASSED] - Object: 'Object Repository/HealthpostToStore/Page_HealthPost Store/button_Add' is double clicked on

2018-05-22 11:50:50 - [TEST_STEP][PASSED] - selectOptionByIndex: All options with index in [8] are selected on object 'Object Repository/HealthpostToStore/Page_HealthPost Store/select_--Select--Schedule 1Inj'

2018-05-22 11:50:51 - [MESSAGE][PASSED] - All options with index in [8] are selected on object 'Object Repository/HealthpostToStore/Page_HealthPost Store/select_--Select--Schedule 1Inj'

2018-05-22 11:50:51 - [TEST_STEP][PASSED] - delay: Delayed 1 second(s)

2018-05-22 11:50:52 - [MESSAGE][PASSED] - Delayed 1 second(s)

2018-05-22 11:50:52 - [TEST_STEP][PASSED] - selectOptionByIndex: All options with index in [5] are selected on object 'Object Repository/HealthpostToStore/Page_HealthPost Store/select_--Select--Adernaline 0.'

2018-05-22 11:50:52 - [MESSAGE][PASSED] - All options with index in [5] are selected on object 'Object Repository/HealthpostToStore/Page_HealthPost Store/select_--Select--Adernaline 0.'

2018-05-22 11:50:52 - [TEST_STEP][PASSED] - setText: Text '10' is set on object 'Object Repository/HealthpostToStore/Page_HealthPost Store/input_txttreat'

2018-05-22 11:50:52 - [MESSAGE][PASSED] - Text '10' is set on object 'Object Repository/HealthpostToStore/Page_HealthPost Store/input_txttreat'

2018-05-22 11:50:52 - [TEST_STEP][PASSED] - doubleClick: Object: 'Object Repository/HealthpostToStore/Page_HealthPost Store/button_Add' is double clicked on

2018-05-22 11:51:02 - [MESSAGE][PASSED] - Object: 'Object Repository/HealthpostToStore/Page_HealthPost Store/button_Add' is double clicked on

2018-05-22 11:51:02 - [TEST_STEP][PASSED] - selectOptionByIndex: All options with index in [8] are selected on object 'Object Repository/HealthpostToStore/Page_HealthPost Store/select_--Select--Schedule 1Inj'

2018-05-22 11:51:02 - [MESSAGE][PASSED] - All options with index in [8] are selected on object 'Object Repository/HealthpostToStore/Page_HealthPost Store/select_--Select--Schedule 1Inj'

2018-05-22 11:51:02 - [TEST_STEP][PASSED] - delay: Delayed 1 second(s)

2018-05-22 11:51:03 - [MESSAGE][PASSED] - Delayed 1 second(s)

2018-05-22 11:51:03 - [TEST_STEP][PASSED] - selectOptionByIndex: All options with index in [6] are selected on object 'Object Repository/HealthpostToStore/Page_HealthPost Store/select_--Select--Adernaline 0.'

2018-05-22 11:51:03 - [MESSAGE][PASSED] - All options with index in [6] are selected on object 'Object Repository/HealthpostToStore/Page_HealthPost Store/select_--Select--Adernaline 0.'

2018-05-22 11:51:03 - [TEST_STEP][PASSED] - setText: Text '10' is set on object 'Object Repository/HealthpostToStore/Page_HealthPost Store/input_txttreat'

2018-05-22 11:51:03 - [MESSAGE][PASSED] - Text '10' is set on object 'Object Repository/HealthpostToStore/Page_HealthPost Store/input_txttreat'

2018-05-22 11:51:03 - [TEST_STEP][PASSED] - doubleClick: Object: 'Object Repository/HealthpostToStore/Page_HealthPost Store/button_Add' is double clicked on

2018-05-22 11:51:13 - [MESSAGE][PASSED] - Object: 'Object Repository/HealthpostToStore/Page_HealthPost Store/button_Add' is double clicked on

2018-05-22 11:51:13 - [TEST_STEP][PASSED] - selectOptionByIndex: All options with index in [8] are selected on object 'Object Repository/HealthpostToStore/Page_HealthPost Store/select_--Select--Schedule 1Inj'

2018-05-22 11:51:14 - [MESSAGE][PASSED] - All options with index in [8] are selected on object 'Object Repository/HealthpostToStore/Page_HealthPost Store/select_--Select--Schedule 1Inj'

2018-05-22 11:51:14 - [TEST_STEP][PASSED] - delay: Delayed 1 second(s)

2018-05-22 11:51:15 - [MESSAGE][PASSED] - Delayed 1 second(s)

2018-05-22 11:51:15 - [TEST_STEP][PASSED] - selectOptionByIndex: All options with index in [7] are selected on object 'Object Repository/HealthpostToStore/Page_HealthPost Store/select_--Select--Adernaline 0.'

2018-05-22 11:51:15 - [MESSAGE][PASSED] - All options with index in [7] are selected on object 'Object Repository/HealthpostToStore/Page_HealthPost Store/select_--Select--Adernaline 0.'

2018-05-22 11:51:15 - [TEST_STEP][PASSED] - setText: Text '10' is set on object 'Object Repository/HealthpostToStore/Page_HealthPost Store/input_txttreat'

2018-05-22 11:51:15 - [MESSAGE][PASSED] - Text '10' is set on object 'Object Repository/HealthpostToStore/Page_HealthPost Store/input_txttreat'

2018-05-22 11:51:15 - [TEST_STEP][PASSED] - doubleClick: Object: 'Object Repository/HealthpostToStore/Page_HealthPost Store/button_Add' is double clicked on

2018-05-22 11:51:25 - [MESSAGE][PASSED] - Object: 'Object Repository/HealthpostToStore/Page_HealthPost Store/button_Add' is double clicked on

2018-05-22 11:51:25 - [TEST_STEP][PASSED] - selectOptionByIndex: All options with index in [8] are selected on object 'Object Repository/HealthpostToStore/Page_HealthPost Store/select_--Select--Schedule 1Inj'

2018-05-22 11:51:25 - [MESSAGE][PASSED] - All options with index in [8] are selected on object 'Object Repository/HealthpostToStore/Page_HealthPost Store/select_--Select--Schedule 1Inj'

2018-05-22 11:51:25 - [TEST_STEP][PASSED] - delay: Delayed 1 second(s)

2018-05-22 11:51:26 - [MESSAGE][PASSED] - Delayed 1 second(s)

2018-05-22 11:51:26 - [TEST_STEP][PASSED] - selectOptionByIndex: All options with index in [8] are selected on object 'Object Repository/HealthpostToStore/Page_HealthPost Store/select_--Select--Adernaline 0.'

2018-05-22 11:51:26 - [MESSAGE][PASSED] - All options with index in [8] are selected on object 'Object Repository/HealthpostToStore/Page_HealthPost Store/select_--Select--Adernaline 0.'

2018-05-22 11:51:26 - [TEST_STEP][PASSED] - setText: Text '10' is set on object 'Object Repository/HealthpostToStore/Page_HealthPost Store/input_txttreat'

2018-05-22 11:51:27 - [MESSAGE][PASSED] - Text '10' is set on object 'Object Repository/HealthpostToStore/Page_HealthPost Store/input_txttreat'

2018-05-22 11:51:27 - [TEST_STEP][PASSED] - doubleClick: Object: 'Object Repository/HealthpostToStore/Page_HealthPost Store/button_Add' is double clicked on

2018-05-22 11:51:37 - [MESSAGE][PASSED] - Object: 'Object Repository/HealthpostToStore/Page_HealthPost Store/button_Add' is double clicked on

2018-05-22 11:51:37 - [TEST_STEP][PASSED] - selectOptionByIndex: All options with index in [8] are selected on object 'Object Repository/HealthpostToStore/Page_HealthPost Store/select_--Select--Schedule 1Inj'

2018-05-22 11:51:37 - [MESSAGE][PASSED] - All options with index in [8] are selected on object 'Object Repository/HealthpostToStore/Page_HealthPost Store/select_--Select--Schedule 1Inj'

2018-05-22 11:51:37 - [TEST_STEP][PASSED] - delay: Delayed 1 second(s)

2018-05-22 11:51:38 - [MESSAGE][PASSED] - Delayed 1 second(s)

2018-05-22 11:51:38 - [TEST_STEP][PASSED] - selectOptionByIndex: All options with index in [9] are selected on object 'Object Repository/HealthpostToStore/Page_HealthPost Store/select_--Select--Adernaline 0.'

2018-05-22 11:51:38 - [MESSAGE][PASSED] - All options with index in [9] are selected on object 'Object Repository/HealthpostToStore/Page_HealthPost Store/select_--Select--Adernaline 0.'

2018-05-22 11:51:38 - [TEST_STEP][PASSED] - setText: Text '10' is set on object 'Object Repository/HealthpostToStore/Page_HealthPost Store/input_txttreat'

2018-05-22 11:51:38 - [MESSAGE][PASSED] - Text '10' is set on object 'Object Repository/HealthpostToStore/Page_HealthPost Store/input_txttreat'

2018-05-22 11:51:38 - [TEST_STEP][PASSED] - doubleClick: Object: 'Object Repository/HealthpostToStore/Page_HealthPost Store/button_Add' is double clicked on

2018-05-22 11:51:38 - [MESSAGE][PASSED] - Object: 'Object Repository/HealthpostToStore/Page_HealthPost Store/button_Add' is double clicked on

2018-05-22 11:51:38 - [TEST_STEP][PASSED] - selectOptionByIndex: All options with index in [8] are selected on object 'Object Repository/HealthpostToStore/Page_HealthPost Store/select_--Select--Schedule 1Inj'

2018-05-22 11:51:38 - [MESSAGE][PASSED] - All options with index in [8] are selected on object 'Object Repository/HealthpostToStore/Page_HealthPost Store/select_--Select--Schedule 1Inj'

2018-05-22 11:51:38 - [TEST_STEP][PASSED] - delay: Delayed 1 second(s)

2018-05-22 11:51:39 - [MESSAGE][PASSED] - Delayed 1 second(s)

2018-05-22 11:51:39 - [TEST_STEP][PASSED] - selectOptionByIndex: All options with index in [10] are selected on object 'Object Repository/HealthpostToStore/Page_HealthPost Store/select_--Select--Adernaline 0.'

2018-05-22 11:51:40 - [MESSAGE][PASSED] - All options with index in [10] are selected on object 'Object Repository/HealthpostToStore/Page_HealthPost Store/select_--Select--Adernaline 0.'

2018-05-22 11:51:40 - [TEST_STEP][PASSED] - setText: Text '10' is set on object 'Object Repository/HealthpostToStore/Page_HealthPost Store/input_txttreat'

2018-05-22 11:51:40 - [MESSAGE][PASSED] - Text '10' is set on object 'Object Repository/HealthpostToStore/Page_HealthPost Store/input_txttreat'

2018-05-22 11:51:40 - [TEST_STEP][PASSED] - doubleClick: Object: 'Object Repository/HealthpostToStore/Page_HealthPost Store/button_Add' is double clicked on

2018-05-22 11:51:50 - [MESSAGE][PASSED] - Object: 'Object Repository/HealthpostToStore/Page_HealthPost Store/button_Add' is double clicked on

2018-05-22 11:51:50 - [TEST_STEP][PASSED] - selectOptionByIndex: All options with index in [8] are selected on object 'Object Repository/HealthpostToStore/Page_HealthPost Store/select_--Select--Schedule 1Inj'

2018-05-22 11:51:50 - [MESSAGE][PASSED] - All options with index in [8] are selected on object 'Object Repository/HealthpostToStore/Page_HealthPost Store/select_--Select--Schedule 1Inj'

2018-05-22 11:51:50 - [TEST_STEP][PASSED] - delay: Delayed 1 second(s)

2018-05-22 11:51:51 - [MESSAGE][PASSED] - Delayed 1 second(s)

2018-05-22 11:51:51 - [TEST_STEP][PASSED] - selectOptionByIndex: All options with index in [11] are selected on object 'Object Repository/HealthpostToStore/Page_HealthPost Store/select_--Select--Adernaline 0.'

2018-05-22 11:51:51 - [MESSAGE][PASSED] - All options with index in [11] are selected on object 'Object Repository/HealthpostToStore/Page_HealthPost Store/select_--Select--Adernaline 0.'

2018-05-22 11:51:51 - [TEST_STEP][PASSED] - setText: Text '10' is set on object 'Object Repository/HealthpostToStore/Page_HealthPost Store/input_txttreat'

2018-05-22 11:51:51 - [MESSAGE][PASSED] - Text '10' is set on object 'Object Repository/HealthpostToStore/Page_HealthPost Store/input_txttreat'

2018-05-22 11:51:51 - [TEST_STEP][PASSED] - doubleClick: Object: 'Object Repository/HealthpostToStore/Page_HealthPost Store/button_Add' is double clicked on

2018-05-22 11:52:02 - [MESSAGE][PASSED] - Object: 'Object Repository/HealthpostToStore/Page_HealthPost Store/button_Add' is double clicked on

2018-05-22 11:52:02 - [TEST_STEP][PASSED] - selectOptionByIndex: All options with index in [8] are selected on object 'Object Repository/HealthpostToStore/Page_HealthPost Store/select_--Select--Schedule 1Inj'

2018-05-22 11:52:02 - [MESSAGE][PASSED] - All options with index in [8] are selected on object 'Object Repository/HealthpostToStore/Page_HealthPost Store/select_--Select--Schedule 1Inj'

2018-05-22 11:52:02 - [TEST_STEP][PASSED] - delay: Delayed 1 second(s)

2018-05-22 11:52:03 - [MESSAGE][PASSED] - Delayed 1 second(s)

2018-05-22 11:52:03 - [TEST_STEP][PASSED] - selectOptionByIndex: All options with index in [12] are selected on object 'Object Repository/HealthpostToStore/Page_HealthPost Store/select_--Select--Adernaline 0.'

2018-05-22 11:52:03 - [MESSAGE][PASSED] - All options with index in [12] are selected on object 'Object Repository/HealthpostToStore/Page_HealthPost Store/select_--Select--Adernaline 0.'

2018-05-22 11:52:03 - [TEST_STEP][PASSED] - setText: Text '10' is set on object 'Object Repository/HealthpostToStore/Page_HealthPost Store/input_txttreat'

2018-05-22 11:52:03 - [MESSAGE][PASSED] - Text '10' is set on object 'Object Repository/HealthpostToStore/Page_HealthPost Store/input_txttreat'

2018-05-22 11:52:03 - [TEST_STEP][PASSED] - doubleClick: Object: 'Object Repository/HealthpostToStore/Page_HealthPost Store/button_Add' is double clicked on

2018-05-22 11:52:13 - [MESSAGE][PASSED] - Object: 'Object Repository/HealthpostToStore/Page_HealthPost Store/button_Add' is double clicked on

2018-05-22 11:52:13 - [TEST_STEP][PASSED] - selectOptionByIndex: All options with index in [8] are selected on object 'Object Repository/HealthpostToStore/Page_HealthPost Store/select_--Select--Schedule 1Inj'

2018-05-22 11:52:13 - [MESSAGE][PASSED] - All options with index in [8] are selected on object 'Object Repository/HealthpostToStore/Page_HealthPost Store/select_--Select--Schedule 1Inj'

2018-05-22 11:52:13 - [TEST_STEP][PASSED] - delay: Delayed 1 second(s)

2018-05-22 11:52:14 - [MESSAGE][PASSED] - Delayed 1 second(s)

2018-05-22 11:52:14 - [TEST_STEP][PASSED] - selectOptionByIndex: All options with index in [13] are selected on object 'Object Repository/HealthpostToStore/Page_HealthPost Store/select_--Select--Adernaline 0.'

2018-05-22 11:52:15 - [MESSAGE][PASSED] - All options with index in [13] are selected on object 'Object Repository/HealthpostToStore/Page_HealthPost Store/select_--Select--Adernaline 0.'

2018-05-22 11:52:15 - [TEST_STEP][PASSED] - setText: Text '10' is set on object 'Object Repository/HealthpostToStore/Page_HealthPost Store/input_txttreat'

2018-05-22 11:52:15 - [MESSAGE][PASSED] - Text '10' is set on object 'Object Repository/HealthpostToStore/Page_HealthPost Store/input_txttreat'

2018-05-22 11:52:15 - [TEST_STEP][PASSED] - doubleClick: Object: 'Object Repository/HealthpostToStore/Page_HealthPost Store/button_Add' is double clicked on

2018-05-22 11:52:25 - [MESSAGE][PASSED] - Object: 'Object Repository/HealthpostToStore/Page_HealthPost Store/button_Add' is double clicked on

2018-05-22 11:52:25 - [TEST_STEP][PASSED] - selectOptionByIndex: All options with index in [8] are selected on object 'Object Repository/HealthpostToStore/Page_HealthPost Store/select_--Select--Schedule 1Inj'

2018-05-22 11:52:25 - [MESSAGE][PASSED] - All options with index in [8] are selected on object 'Object Repository/HealthpostToStore/Page_HealthPost Store/select_--Select--Schedule 1Inj'

2018-05-22 11:52:25 - [TEST_STEP][PASSED] - delay: Delayed 1 second(s)

2018-05-22 11:52:26 - [MESSAGE][PASSED] - Delayed 1 second(s)

2018-05-22 11:52:26 - [TEST_STEP][PASSED] - selectOptionByIndex: All options with index in [14] are selected on object 'Object Repository/HealthpostToStore/Page_HealthPost Store/select_--Select--Adernaline 0.'

2018-05-22 11:52:26 - [MESSAGE][PASSED] - All options with index in [14] are selected on object 'Object Repository/HealthpostToStore/Page_HealthPost Store/select_--Select--Adernaline 0.'

2018-05-22 11:52:26 - [TEST_STEP][PASSED] - setText: Text '10' is set on object 'Object Repository/HealthpostToStore/Page_HealthPost Store/input_txttreat'

2018-05-22 11:52:26 - [MESSAGE][PASSED] - Text '10' is set on object 'Object Repository/HealthpostToStore/Page_HealthPost Store/input_txttreat'

2018-05-22 11:52:26 - [TEST_STEP][PASSED] - doubleClick: Object: 'Object Repository/HealthpostToStore/Page_HealthPost Store/button_Add' is double clicked on

2018-05-22 11:52:37 - [MESSAGE][PASSED] - Object: 'Object Repository/HealthpostToStore/Page_HealthPost Store/button_Add' is double clicked on

2018-05-22 11:52:37 - [TEST_STEP][PASSED] - selectOptionByIndex: All options with index in [8] are selected on object 'Object Repository/HealthpostToStore/Page_HealthPost Store/select_--Select--Schedule 1Inj'

2018-05-22 11:52:37 - [MESSAGE][PASSED] - All options with index in [8] are selected on object 'Object Repository/HealthpostToStore/Page_HealthPost Store/select_--Select--Schedule 1Inj'

2018-05-22 11:52:37 - [TEST_STEP][PASSED] - delay: Delayed 1 second(s)

2018-05-22 11:52:38 - [MESSAGE][PASSED] - Delayed 1 second(s)

2018-05-22 11:52:38 - [TEST_STEP][PASSED] - selectOptionByIndex: All options with index in [15] are selected on object 'Object Repository/HealthpostToStore/Page_HealthPost Store/select_--Select--Adernaline 0.'

2018-05-22 11:52:38 - [MESSAGE][PASSED] - All options with index in [15] are selected on object 'Object Repository/HealthpostToStore/Page_HealthPost Store/select_--Select--Adernaline 0.'

2018-05-22 11:52:38 - [TEST_STEP][PASSED] - setText: Text '10' is set on object 'Object Repository/HealthpostToStore/Page_HealthPost Store/input_txttreat'

2018-05-22 11:52:38 - [MESSAGE][PASSED] - Text '10' is set on object 'Object Repository/HealthpostToStore/Page_HealthPost Store/input_txttreat'

2018-05-22 11:52:38 - [TEST_STEP][PASSED] - doubleClick: Object: 'Object Repository/HealthpostToStore/Page_HealthPost Store/button_Add' is double clicked on

2018-05-22 11:52:48 - [MESSAGE][PASSED] - Object: 'Object Repository/HealthpostToStore/Page_HealthPost Store/button_Add' is double clicked on

2018-05-22 11:52:48 - [TEST_STEP][PASSED] - selectOptionByIndex: All options with index in [8] are selected on object 'Object Repository/HealthpostToStore/Page_HealthPost Store/select_--Select--Schedule 1Inj'

2018-05-22 11:52:48 - [MESSAGE][PASSED] - All options with index in [8] are selected on object 'Object Repository/HealthpostToStore/Page_HealthPost Store/select_--Select--Schedule 1Inj'

2018-05-22 11:52:48 - [TEST_STEP][PASSED] - delay: Delayed 1 second(s)

2018-05-22 11:52:49 - [MESSAGE][PASSED] - Delayed 1 second(s)

2018-05-22 11:52:49 - [TEST_STEP][PASSED] - selectOptionByIndex: All options with index in [16] are selected on object 'Object Repository/HealthpostToStore/Page_HealthPost Store/select_--Select--Adernaline 0.'

2018-05-22 11:52:50 - [MESSAGE][PASSED] - All options with index in [16] are selected on object 'Object Repository/HealthpostToStore/Page_HealthPost Store/select_--Select--Adernaline 0.'

2018-05-22 11:52:50 - [TEST_STEP][PASSED] - setText: Text '10' is set on object 'Object Repository/HealthpostToStore/Page_HealthPost Store/input_txttreat'

2018-05-22 11:52:50 - [MESSAGE][PASSED] - Text '10' is set on object 'Object Repository/HealthpostToStore/Page_HealthPost Store/input_txttreat'

2018-05-22 11:52:50 - [TEST_STEP][PASSED] - doubleClick: Object: 'Object Repository/HealthpostToStore/Page_HealthPost Store/button_Add' is double clicked on

2018-05-22 11:53:00 - [MESSAGE][PASSED] - Object: 'Object Repository/HealthpostToStore/Page_HealthPost Store/button_Add' is double clicked on

2018-05-22 11:53:00 - [TEST_STEP][PASSED] - selectOptionByIndex: All options with index in [8] are selected on object 'Object Repository/HealthpostToStore/Page_HealthPost Store/select_--Select--Schedule 1Inj'

2018-05-22 11:53:00 - [MESSAGE][PASSED] - All options with index in [8] are selected on object 'Object Repository/HealthpostToStore/Page_HealthPost Store/select_--Select--Schedule 1Inj'

2018-05-22 11:53:00 - [TEST_STEP][PASSED] - delay: Delayed 1 second(s)

2018-05-22 11:53:01 - [MESSAGE][PASSED] - Delayed 1 second(s)

2018-05-22 11:53:01 - [TEST_STEP][PASSED] - selectOptionByIndex: All options with index in [17] are selected on object 'Object Repository/HealthpostToStore/Page_HealthPost Store/select_--Select--Adernaline 0.'

2018-05-22 11:53:01 - [MESSAGE][PASSED] - All options with index in [17] are selected on object 'Object Repository/HealthpostToStore/Page_HealthPost Store/select_--Select--Adernaline 0.'

2018-05-22 11:53:01 - [TEST_STEP][PASSED] - setText: Text '10' is set on object 'Object Repository/HealthpostToStore/Page_HealthPost Store/input_txttreat'

2018-05-22 11:53:01 - [MESSAGE][PASSED] - Text '10' is set on object 'Object Repository/HealthpostToStore/Page_HealthPost Store/input_txttreat'

2018-05-22 11:53:01 - [TEST_STEP][PASSED] - doubleClick: Object: 'Object Repository/HealthpostToStore/Page_HealthPost Store/button_Add' is double clicked on

2018-05-22 11:53:11 - [MESSAGE][PASSED] - Object: 'Object Repository/HealthpostToStore/Page_HealthPost Store/button_Add' is double clicked on

2018-05-22 11:53:11 - [TEST_STEP][PASSED] - scrollToElement: Scroll to object 'Object Repository/HealthpostToStore/Page_HealthPost Store/input_btnsave' successfully

2018-05-22 11:53:11 - [MESSAGE][PASSED] - Scroll to object 'Object Repository/HealthpostToStore/Page_HealthPost Store/input_btnsave' successfully

2018-05-22 11:53:11 - [TEST_STEP][PASSED] - click: Object: 'Object Repository/HealthpostToStore/Page_HealthPost Store/input_btnsave' is clicked on

2018-05-22 11:53:17 - [MESSAGE][PASSED] - Object: 'Object Repository/HealthpostToStore/Page_HealthPost Store/input_btnsave' is clicked on

2018-05-22 11:53:17 - [TEST_STEP][PASSED] - delay: Delayed 3 second(s)

2018-05-22 11:53:20 - [MESSAGE][PASSED] - Delayed 3 second(s)

2018-05-22 11:53:20 - [TEST_STEP][PASSED] - Statement - RN1 = com.kms.katalon.core.webui.keyword.WebUiBuiltInKeywords.getText(com.kms.katalon.core.testobject.ObjectRepository.findTestObject(HealthpostToStore/Page_HealthPost Store/font_HPRNO180520187)): Text of object 'Object Repository/HealthpostToStore/Page_HealthPost Store/font_HPRNO180520187' is: ''

2018-05-22 11:53:20 - [MESSAGE][PASSED] - Text of object 'Object Repository/HealthpostToStore/Page_HealthPost Store/font_HPRNO180520187' is: ''

2018-05-22 11:53:20 - [TEST_STEP][PASSED] - Statement - out.println(RN1): null

2018-05-22 11:53:20 - [TEST_STEP][PASSED] - Statement - RID = RN1.split("/")[2]: null]]></system-out>
         <system-err><![CDATA[2018-05-22 11:49:28 - [TEST_CASE][ERROR] - Test Cases/HEALTHPOST TEST CASES/TC_HP_008 Verify Schedule 8 Healthpost Request Are Working Successfully Or Not: Test Cases/HEALTHPOST TEST CASES/TC_HP_008 Verify Schedule 8 Healthpost Request Are Working Successfully Or Not FAILED because (of) java.lang.ArrayIndexOutOfBoundsException: 2]]></system-err>
      </testcase>
      <testcase name="Test Cases/HEALTHPOST TEST CASES/TC_HP_009 Verify Schedule 9 Healthpost Request Are Working Successfully Or Not" classname="Test Cases/HEALTHPOST TEST CASES/TC_HP_009 Verify Schedule 9 Healthpost Request Are Working Successfully Or Not" status="FAILED">
         <failure type="FAILED" message="Unable to get attribute 'value' of object 'Object Repository/HealthpostToStore/Page_Store/input_txttotal' (Root cause: org.openqa.selenium.UnhandledAlertException: unexpected alert open: {Alert text : function Error() { [native code] }}
  (Session info: chrome=66.0.3359.181)
  (Driver info: chromedriver=2.35.528161 (5b82f2d2aae0ca24b877009200ced9065a772e73),platform=Windows NT 10.0.17134 x86_64) (WARNING: The server did not provide any stacktrace information)
Command duration or timeout: 0 milliseconds: null
Build info: version: '3.7.1', revision: '8a0099a', time: '2017-11-06T21:07:36.161Z'
System info: host: 'DESKTOP-BLFTK83', ip: '169.254.189.85', os.name: 'Windows 10', os.arch: 'amd64', os.version: '10.0', java.version: '1.8.0_102'
Driver info: com.kms.katalon.selenium.driver.CChromeDriver
Capabilities {acceptInsecureCerts: false, acceptSslCerts: false, applicationCacheEnabled: false, browserConnectionEnabled: false, browserName: chrome, chrome: {chromedriverVersion: 2.35.528161 (5b82f2d2aae0ca..., userDataDir: C:\Users\QUALIT~1\AppData\L...}, cssSelectorsEnabled: true, databaseEnabled: false, handlesAlerts: true, hasTouchScreen: false, javascriptEnabled: true, locationContextEnabled: true, mobileEmulationEnabled: false, nativeEvents: true, networkConnectionEnabled: false, pageLoadStrategy: normal, platform: XP, platformName: XP, rotatable: false, setWindowRect: true, takesHeapSnapshot: true, takesScreenshot: true, unexpectedAlertBehaviour: , unhandledPromptBehavior: , version: 66.0.3359.181, webStorageEnabled: true}
Session ID: 3a3b03ab4bd0875fbd9ec57a2a2a56b0
*** Element info: {Using=xpath, value=//input[@type = 'text' and @id = 'txttotal' and @name = 'txttotal' and @placeholder = 'Req.Qty']})"/>
         <system-out><![CDATA[2018-05-22 11:53:20 - [TEST_CASE][FAILED] - Test Cases/HEALTHPOST TEST CASES/TC_HP_009 Verify Schedule 9 Healthpost Request Are Working Successfully Or Not: Test Cases/HEALTHPOST TEST CASES/TC_HP_009 Verify Schedule 9 Healthpost Request Are Working Successfully Or Not FAILED because (of) Unable to get attribute 'value' of object 'Object Repository/HealthpostToStore/Page_Store/input_txttotal' (Root cause: org.openqa.selenium.UnhandledAlertException: unexpected alert open: {Alert text : function Error() { [native code] }}
  (Session info: chrome=66.0.3359.181)
  (Driver info: chromedriver=2.35.528161 (5b82f2d2aae0ca24b877009200ced9065a772e73),platform=Windows NT 10.0.17134 x86_64) (WARNING: The server did not provide any stacktrace information)
Command duration or timeout: 0 milliseconds: null
Build info: version: '3.7.1', revision: '8a0099a', time: '2017-11-06T21:07:36.161Z'
System info: host: 'DESKTOP-BLFTK83', ip: '169.254.189.85', os.name: 'Windows 10', os.arch: 'amd64', os.version: '10.0', java.version: '1.8.0_102'
Driver info: com.kms.katalon.selenium.driver.CChromeDriver
Capabilities {acceptInsecureCerts: false, acceptSslCerts: false, applicationCacheEnabled: false, browserConnectionEnabled: false, browserName: chrome, chrome: {chromedriverVersion: 2.35.528161 (5b82f2d2aae0ca..., userDataDir: C:\Users\QUALIT~1\AppData\L...}, cssSelectorsEnabled: true, databaseEnabled: false, handlesAlerts: true, hasTouchScreen: false, javascriptEnabled: true, locationContextEnabled: true, mobileEmulationEnabled: false, nativeEvents: true, networkConnectionEnabled: false, pageLoadStrategy: normal, platform: XP, platformName: XP, rotatable: false, setWindowRect: true, takesHeapSnapshot: true, takesScreenshot: true, unexpectedAlertBehaviour: , unhandledPromptBehavior: , version: 66.0.3359.181, webStorageEnabled: true}
Session ID: 3a3b03ab4bd0875fbd9ec57a2a2a56b0
*** Element info: {Using=xpath, value=//input[@type = 'text' and @id = 'txttotal' and @name = 'txttotal' and @placeholder = 'Req.Qty']})

2018-05-22 11:53:20 - [TEST_STEP][PASSED] - openBrowser: Browser is opened with url: ''

2018-05-22 11:53:20 - [MESSAGE][WARNING] - A browser is already opened. Closing browser and opening a new one

2018-05-22 11:53:23 - [MESSAGE][PASSED] - Browser is opened with url: ''

2018-05-22 11:53:23 - [TEST_STEP][PASSED] - navigateToUrl: Navigate to 'http://192.168.137.1/multihospital_new/HDSplashscreen.aspx' successfully

2018-05-22 11:53:25 - [MESSAGE][PASSED] - Navigate to 'http://192.168.137.1/multihospital_new/HDSplashscreen.aspx' successfully

2018-05-22 11:53:25 - [TEST_STEP][PASSED] - maximizeWindow: Current window maximized

2018-05-22 11:53:26 - [MESSAGE][PASSED] - Current window maximized

2018-05-22 11:53:26 - [TEST_STEP][PASSED] - click: Object: 'Object Repository/HealthpostToStore/Page_KDMC/a_Healthpost Store' is clicked on

2018-05-22 11:53:27 - [MESSAGE][PASSED] - Object: 'Object Repository/HealthpostToStore/Page_KDMC/a_Healthpost Store' is clicked on

2018-05-22 11:53:27 - [TEST_STEP][PASSED] - setText: Text 'raguram' is set on object 'Object Repository/HealthpostToStore/Page_HealthPost Store Login/input_txtusername'

2018-05-22 11:53:27 - [MESSAGE][PASSED] - Text 'raguram' is set on object 'Object Repository/HealthpostToStore/Page_HealthPost Store Login/input_txtusername'

2018-05-22 11:53:27 - [TEST_STEP][PASSED] - setText: Text '123' is set on object 'Object Repository/HealthpostToStore/Page_HealthPost Store Login/input_txtpassword'

2018-05-22 11:53:27 - [MESSAGE][PASSED] - Text '123' is set on object 'Object Repository/HealthpostToStore/Page_HealthPost Store Login/input_txtpassword'

2018-05-22 11:53:27 - [TEST_STEP][PASSED] - delay: Delayed 3 second(s)

2018-05-22 11:53:30 - [MESSAGE][PASSED] - Delayed 3 second(s)

2018-05-22 11:53:30 - [TEST_STEP][PASSED] - sendKeys: Keys 'ENTER + ' sent to object: 'Object Repository/HealthpostToStore/Page_HealthPost Store Login/input_txtpassword'

2018-05-22 11:53:31 - [MESSAGE][PASSED] - Keys 'ENTER + ' sent to object: 'Object Repository/HealthpostToStore/Page_HealthPost Store Login/input_txtpassword'

2018-05-22 11:53:31 - [TEST_STEP][PASSED] - delay: Delayed 3 second(s)

2018-05-22 11:53:34 - [MESSAGE][PASSED] - Delayed 3 second(s)

2018-05-22 11:53:34 - [TEST_STEP][PASSED] - doubleClick: Object: 'Object Repository/HealthpostToStore/Page_HealthPost Store/a_Request to Store' is double clicked on

2018-05-22 11:53:34 - [MESSAGE][PASSED] - Object: 'Object Repository/HealthpostToStore/Page_HealthPost Store/a_Request to Store' is double clicked on

2018-05-22 11:53:34 - [TEST_STEP][PASSED] - delay: Delayed 1 second(s)

2018-05-22 11:53:35 - [MESSAGE][PASSED] - Delayed 1 second(s)

2018-05-22 11:53:35 - [TEST_STEP][PASSED] - doubleClick: Object: 'Object Repository/HealthpostToStore/Page_HealthPost Store/a_Medicine Request' is double clicked on

2018-05-22 11:53:35 - [MESSAGE][PASSED] - Object: 'Object Repository/HealthpostToStore/Page_HealthPost Store/a_Medicine Request' is double clicked on

2018-05-22 11:53:35 - [TEST_STEP][PASSED] - delay: Delayed 1 second(s)

2018-05-22 11:53:36 - [MESSAGE][PASSED] - Delayed 1 second(s)

2018-05-22 11:53:36 - [TEST_STEP][PASSED] - selectOptionByIndex: All options with index in [9] are selected on object 'Object Repository/HealthpostToStore/Page_HealthPost Store/select_--Select--Schedule 1Inj'

2018-05-22 11:53:36 - [MESSAGE][PASSED] - All options with index in [9] are selected on object 'Object Repository/HealthpostToStore/Page_HealthPost Store/select_--Select--Schedule 1Inj'

2018-05-22 11:53:36 - [TEST_STEP][PASSED] - Statement - medicineslength = com.kms.katalon.core.webui.keyword.WebUiBuiltInKeywords.getNumberOfTotalOption(com.kms.katalon.core.testobject.ObjectRepository.findTestObject(HealthpostToStore/Page_HealthPost Store/select_--Select--Adernaline 0.)): 36 options of object 'Object Repository/HealthpostToStore/Page_HealthPost Store/select_--Select--Adernaline 0.' counted

2018-05-22 11:53:37 - [MESSAGE][PASSED] - 36 options of object 'Object Repository/HealthpostToStore/Page_HealthPost Store/select_--Select--Adernaline 0.' counted

2018-05-22 11:53:37 - [TEST_STEP][PASSED] - Statement - For ([e = 1, e <= medicineslength - 1, (e++)]): Object: 'Object Repository/HealthpostToStore/Page_HealthPost Store/button_Add' is double clicked on

2018-05-22 11:53:37 - [TEST_STEP][PASSED] - selectOptionByIndex: All options with index in [9] are selected on object 'Object Repository/HealthpostToStore/Page_HealthPost Store/select_--Select--Schedule 1Inj'

2018-05-22 11:53:37 - [MESSAGE][PASSED] - All options with index in [9] are selected on object 'Object Repository/HealthpostToStore/Page_HealthPost Store/select_--Select--Schedule 1Inj'

2018-05-22 11:53:37 - [TEST_STEP][PASSED] - selectOptionByIndex: All options with index in [1] are selected on object 'Object Repository/HealthpostToStore/Page_HealthPost Store/select_--Select--Adernaline 0.'

2018-05-22 11:53:37 - [MESSAGE][PASSED] - All options with index in [1] are selected on object 'Object Repository/HealthpostToStore/Page_HealthPost Store/select_--Select--Adernaline 0.'

2018-05-22 11:53:37 - [TEST_STEP][PASSED] - setText: Text '10' is set on object 'Object Repository/HealthpostToStore/Page_HealthPost Store/input_txttreat'

2018-05-22 11:53:37 - [MESSAGE][PASSED] - Text '10' is set on object 'Object Repository/HealthpostToStore/Page_HealthPost Store/input_txttreat'

2018-05-22 11:53:37 - [TEST_STEP][PASSED] - doubleClick: Object: 'Object Repository/HealthpostToStore/Page_HealthPost Store/button_Add' is double clicked on

2018-05-22 11:53:37 - [MESSAGE][PASSED] - Object: 'Object Repository/HealthpostToStore/Page_HealthPost Store/button_Add' is double clicked on

2018-05-22 11:53:37 - [TEST_STEP][PASSED] - selectOptionByIndex: All options with index in [9] are selected on object 'Object Repository/HealthpostToStore/Page_HealthPost Store/select_--Select--Schedule 1Inj'

2018-05-22 11:53:37 - [MESSAGE][PASSED] - All options with index in [9] are selected on object 'Object Repository/HealthpostToStore/Page_HealthPost Store/select_--Select--Schedule 1Inj'

2018-05-22 11:53:37 - [TEST_STEP][PASSED] - selectOptionByIndex: All options with index in [2] are selected on object 'Object Repository/HealthpostToStore/Page_HealthPost Store/select_--Select--Adernaline 0.'

2018-05-22 11:53:37 - [MESSAGE][PASSED] - All options with index in [2] are selected on object 'Object Repository/HealthpostToStore/Page_HealthPost Store/select_--Select--Adernaline 0.'

2018-05-22 11:53:37 - [TEST_STEP][PASSED] - setText: Text '10' is set on object 'Object Repository/HealthpostToStore/Page_HealthPost Store/input_txttreat'

2018-05-22 11:53:37 - [MESSAGE][PASSED] - Text '10' is set on object 'Object Repository/HealthpostToStore/Page_HealthPost Store/input_txttreat'

2018-05-22 11:53:37 - [TEST_STEP][PASSED] - doubleClick: Object: 'Object Repository/HealthpostToStore/Page_HealthPost Store/button_Add' is double clicked on

2018-05-22 11:53:38 - [MESSAGE][PASSED] - Object: 'Object Repository/HealthpostToStore/Page_HealthPost Store/button_Add' is double clicked on

2018-05-22 11:53:38 - [TEST_STEP][PASSED] - selectOptionByIndex: All options with index in [9] are selected on object 'Object Repository/HealthpostToStore/Page_HealthPost Store/select_--Select--Schedule 1Inj'

2018-05-22 11:53:38 - [MESSAGE][PASSED] - All options with index in [9] are selected on object 'Object Repository/HealthpostToStore/Page_HealthPost Store/select_--Select--Schedule 1Inj'

2018-05-22 11:53:38 - [TEST_STEP][PASSED] - selectOptionByIndex: All options with index in [3] are selected on object 'Object Repository/HealthpostToStore/Page_HealthPost Store/select_--Select--Adernaline 0.'

2018-05-22 11:53:38 - [MESSAGE][PASSED] - All options with index in [3] are selected on object 'Object Repository/HealthpostToStore/Page_HealthPost Store/select_--Select--Adernaline 0.'

2018-05-22 11:53:38 - [TEST_STEP][PASSED] - setText: Text '10' is set on object 'Object Repository/HealthpostToStore/Page_HealthPost Store/input_txttreat'

2018-05-22 11:53:38 - [MESSAGE][PASSED] - Text '10' is set on object 'Object Repository/HealthpostToStore/Page_HealthPost Store/input_txttreat'

2018-05-22 11:53:38 - [TEST_STEP][PASSED] - doubleClick: Object: 'Object Repository/HealthpostToStore/Page_HealthPost Store/button_Add' is double clicked on

2018-05-22 11:53:38 - [MESSAGE][PASSED] - Object: 'Object Repository/HealthpostToStore/Page_HealthPost Store/button_Add' is double clicked on

2018-05-22 11:53:38 - [TEST_STEP][PASSED] - selectOptionByIndex: All options with index in [9] are selected on object 'Object Repository/HealthpostToStore/Page_HealthPost Store/select_--Select--Schedule 1Inj'

2018-05-22 11:53:38 - [MESSAGE][PASSED] - All options with index in [9] are selected on object 'Object Repository/HealthpostToStore/Page_HealthPost Store/select_--Select--Schedule 1Inj'

2018-05-22 11:53:38 - [TEST_STEP][PASSED] - selectOptionByIndex: All options with index in [4] are selected on object 'Object Repository/HealthpostToStore/Page_HealthPost Store/select_--Select--Adernaline 0.'

2018-05-22 11:53:38 - [MESSAGE][PASSED] - All options with index in [4] are selected on object 'Object Repository/HealthpostToStore/Page_HealthPost Store/select_--Select--Adernaline 0.'

2018-05-22 11:53:38 - [TEST_STEP][PASSED] - setText: Text '10' is set on object 'Object Repository/HealthpostToStore/Page_HealthPost Store/input_txttreat'

2018-05-22 11:53:39 - [MESSAGE][PASSED] - Text '10' is set on object 'Object Repository/HealthpostToStore/Page_HealthPost Store/input_txttreat'

2018-05-22 11:53:39 - [TEST_STEP][PASSED] - doubleClick: Object: 'Object Repository/HealthpostToStore/Page_HealthPost Store/button_Add' is double clicked on

2018-05-22 11:53:39 - [MESSAGE][PASSED] - Object: 'Object Repository/HealthpostToStore/Page_HealthPost Store/button_Add' is double clicked on

2018-05-22 11:53:39 - [TEST_STEP][PASSED] - selectOptionByIndex: All options with index in [9] are selected on object 'Object Repository/HealthpostToStore/Page_HealthPost Store/select_--Select--Schedule 1Inj'

2018-05-22 11:53:39 - [MESSAGE][PASSED] - All options with index in [9] are selected on object 'Object Repository/HealthpostToStore/Page_HealthPost Store/select_--Select--Schedule 1Inj'

2018-05-22 11:53:39 - [TEST_STEP][PASSED] - selectOptionByIndex: All options with index in [5] are selected on object 'Object Repository/HealthpostToStore/Page_HealthPost Store/select_--Select--Adernaline 0.'

2018-05-22 11:53:39 - [MESSAGE][PASSED] - All options with index in [5] are selected on object 'Object Repository/HealthpostToStore/Page_HealthPost Store/select_--Select--Adernaline 0.'

2018-05-22 11:53:39 - [TEST_STEP][PASSED] - setText: Text '10' is set on object 'Object Repository/HealthpostToStore/Page_HealthPost Store/input_txttreat'

2018-05-22 11:53:39 - [MESSAGE][PASSED] - Text '10' is set on object 'Object Repository/HealthpostToStore/Page_HealthPost Store/input_txttreat'

2018-05-22 11:53:39 - [TEST_STEP][PASSED] - doubleClick: Object: 'Object Repository/HealthpostToStore/Page_HealthPost Store/button_Add' is double clicked on

2018-05-22 11:53:39 - [MESSAGE][PASSED] - Object: 'Object Repository/HealthpostToStore/Page_HealthPost Store/button_Add' is double clicked on

2018-05-22 11:53:39 - [TEST_STEP][PASSED] - selectOptionByIndex: All options with index in [9] are selected on object 'Object Repository/HealthpostToStore/Page_HealthPost Store/select_--Select--Schedule 1Inj'

2018-05-22 11:53:39 - [MESSAGE][PASSED] - All options with index in [9] are selected on object 'Object Repository/HealthpostToStore/Page_HealthPost Store/select_--Select--Schedule 1Inj'

2018-05-22 11:53:39 - [TEST_STEP][PASSED] - selectOptionByIndex: All options with index in [6] are selected on object 'Object Repository/HealthpostToStore/Page_HealthPost Store/select_--Select--Adernaline 0.'

2018-05-22 11:53:40 - [MESSAGE][PASSED] - All options with index in [6] are selected on object 'Object Repository/HealthpostToStore/Page_HealthPost Store/select_--Select--Adernaline 0.'

2018-05-22 11:53:40 - [TEST_STEP][PASSED] - setText: Text '10' is set on object 'Object Repository/HealthpostToStore/Page_HealthPost Store/input_txttreat'

2018-05-22 11:53:40 - [MESSAGE][PASSED] - Text '10' is set on object 'Object Repository/HealthpostToStore/Page_HealthPost Store/input_txttreat'

2018-05-22 11:53:40 - [TEST_STEP][PASSED] - doubleClick: Object: 'Object Repository/HealthpostToStore/Page_HealthPost Store/button_Add' is double clicked on

2018-05-22 11:53:40 - [MESSAGE][PASSED] - Object: 'Object Repository/HealthpostToStore/Page_HealthPost Store/button_Add' is double clicked on

2018-05-22 11:53:40 - [TEST_STEP][PASSED] - selectOptionByIndex: All options with index in [9] are selected on object 'Object Repository/HealthpostToStore/Page_HealthPost Store/select_--Select--Schedule 1Inj'

2018-05-22 11:53:40 - [MESSAGE][PASSED] - All options with index in [9] are selected on object 'Object Repository/HealthpostToStore/Page_HealthPost Store/select_--Select--Schedule 1Inj'

2018-05-22 11:53:40 - [TEST_STEP][PASSED] - selectOptionByIndex: All options with index in [7] are selected on object 'Object Repository/HealthpostToStore/Page_HealthPost Store/select_--Select--Adernaline 0.'

2018-05-22 11:53:40 - [MESSAGE][PASSED] - All options with index in [7] are selected on object 'Object Repository/HealthpostToStore/Page_HealthPost Store/select_--Select--Adernaline 0.'

2018-05-22 11:53:40 - [TEST_STEP][PASSED] - setText: Text '10' is set on object 'Object Repository/HealthpostToStore/Page_HealthPost Store/input_txttreat'

2018-05-22 11:53:40 - [MESSAGE][PASSED] - Text '10' is set on object 'Object Repository/HealthpostToStore/Page_HealthPost Store/input_txttreat'

2018-05-22 11:53:40 - [TEST_STEP][PASSED] - doubleClick: Object: 'Object Repository/HealthpostToStore/Page_HealthPost Store/button_Add' is double clicked on

2018-05-22 11:53:40 - [MESSAGE][PASSED] - Object: 'Object Repository/HealthpostToStore/Page_HealthPost Store/button_Add' is double clicked on

2018-05-22 11:53:40 - [TEST_STEP][PASSED] - selectOptionByIndex: All options with index in [9] are selected on object 'Object Repository/HealthpostToStore/Page_HealthPost Store/select_--Select--Schedule 1Inj'

2018-05-22 11:53:40 - [MESSAGE][PASSED] - All options with index in [9] are selected on object 'Object Repository/HealthpostToStore/Page_HealthPost Store/select_--Select--Schedule 1Inj'

2018-05-22 11:53:40 - [TEST_STEP][PASSED] - selectOptionByIndex: All options with index in [8] are selected on object 'Object Repository/HealthpostToStore/Page_HealthPost Store/select_--Select--Adernaline 0.'

2018-05-22 11:53:41 - [MESSAGE][PASSED] - All options with index in [8] are selected on object 'Object Repository/HealthpostToStore/Page_HealthPost Store/select_--Select--Adernaline 0.'

2018-05-22 11:53:41 - [TEST_STEP][PASSED] - setText: Text '10' is set on object 'Object Repository/HealthpostToStore/Page_HealthPost Store/input_txttreat'

2018-05-22 11:53:41 - [MESSAGE][PASSED] - Text '10' is set on object 'Object Repository/HealthpostToStore/Page_HealthPost Store/input_txttreat'

2018-05-22 11:53:41 - [TEST_STEP][PASSED] - doubleClick: Object: 'Object Repository/HealthpostToStore/Page_HealthPost Store/button_Add' is double clicked on

2018-05-22 11:53:41 - [MESSAGE][PASSED] - Object: 'Object Repository/HealthpostToStore/Page_HealthPost Store/button_Add' is double clicked on

2018-05-22 11:53:41 - [TEST_STEP][PASSED] - selectOptionByIndex: All options with index in [9] are selected on object 'Object Repository/HealthpostToStore/Page_HealthPost Store/select_--Select--Schedule 1Inj'

2018-05-22 11:53:41 - [MESSAGE][PASSED] - All options with index in [9] are selected on object 'Object Repository/HealthpostToStore/Page_HealthPost Store/select_--Select--Schedule 1Inj'

2018-05-22 11:53:41 - [TEST_STEP][PASSED] - selectOptionByIndex: All options with index in [9] are selected on object 'Object Repository/HealthpostToStore/Page_HealthPost Store/select_--Select--Adernaline 0.'

2018-05-22 11:53:41 - [MESSAGE][PASSED] - All options with index in [9] are selected on object 'Object Repository/HealthpostToStore/Page_HealthPost Store/select_--Select--Adernaline 0.'

2018-05-22 11:53:41 - [TEST_STEP][PASSED] - setText: Text '10' is set on object 'Object Repository/HealthpostToStore/Page_HealthPost Store/input_txttreat'

2018-05-22 11:53:41 - [MESSAGE][PASSED] - Text '10' is set on object 'Object Repository/HealthpostToStore/Page_HealthPost Store/input_txttreat'

2018-05-22 11:53:41 - [TEST_STEP][PASSED] - doubleClick: Object: 'Object Repository/HealthpostToStore/Page_HealthPost Store/button_Add' is double clicked on

2018-05-22 11:53:41 - [MESSAGE][PASSED] - Object: 'Object Repository/HealthpostToStore/Page_HealthPost Store/button_Add' is double clicked on

2018-05-22 11:53:41 - [TEST_STEP][PASSED] - selectOptionByIndex: All options with index in [9] are selected on object 'Object Repository/HealthpostToStore/Page_HealthPost Store/select_--Select--Schedule 1Inj'

2018-05-22 11:53:42 - [MESSAGE][PASSED] - All options with index in [9] are selected on object 'Object Repository/HealthpostToStore/Page_HealthPost Store/select_--Select--Schedule 1Inj'

2018-05-22 11:53:42 - [TEST_STEP][PASSED] - selectOptionByIndex: All options with index in [10] are selected on object 'Object Repository/HealthpostToStore/Page_HealthPost Store/select_--Select--Adernaline 0.'

2018-05-22 11:53:42 - [MESSAGE][PASSED] - All options with index in [10] are selected on object 'Object Repository/HealthpostToStore/Page_HealthPost Store/select_--Select--Adernaline 0.'

2018-05-22 11:53:42 - [TEST_STEP][PASSED] - setText: Text '10' is set on object 'Object Repository/HealthpostToStore/Page_HealthPost Store/input_txttreat'

2018-05-22 11:53:42 - [MESSAGE][PASSED] - Text '10' is set on object 'Object Repository/HealthpostToStore/Page_HealthPost Store/input_txttreat'

2018-05-22 11:53:42 - [TEST_STEP][PASSED] - doubleClick: Object: 'Object Repository/HealthpostToStore/Page_HealthPost Store/button_Add' is double clicked on

2018-05-22 11:53:42 - [MESSAGE][PASSED] - Object: 'Object Repository/HealthpostToStore/Page_HealthPost Store/button_Add' is double clicked on

2018-05-22 11:53:42 - [TEST_STEP][PASSED] - selectOptionByIndex: All options with index in [9] are selected on object 'Object Repository/HealthpostToStore/Page_HealthPost Store/select_--Select--Schedule 1Inj'

2018-05-22 11:53:42 - [MESSAGE][PASSED] - All options with index in [9] are selected on object 'Object Repository/HealthpostToStore/Page_HealthPost Store/select_--Select--Schedule 1Inj'

2018-05-22 11:53:42 - [TEST_STEP][PASSED] - selectOptionByIndex: All options with index in [11] are selected on object 'Object Repository/HealthpostToStore/Page_HealthPost Store/select_--Select--Adernaline 0.'

2018-05-22 11:53:42 - [MESSAGE][PASSED] - All options with index in [11] are selected on object 'Object Repository/HealthpostToStore/Page_HealthPost Store/select_--Select--Adernaline 0.'

2018-05-22 11:53:42 - [TEST_STEP][PASSED] - setText: Text '10' is set on object 'Object Repository/HealthpostToStore/Page_HealthPost Store/input_txttreat'

2018-05-22 11:53:43 - [MESSAGE][PASSED] - Text '10' is set on object 'Object Repository/HealthpostToStore/Page_HealthPost Store/input_txttreat'

2018-05-22 11:53:43 - [TEST_STEP][PASSED] - doubleClick: Object: 'Object Repository/HealthpostToStore/Page_HealthPost Store/button_Add' is double clicked on

2018-05-22 11:53:43 - [MESSAGE][PASSED] - Object: 'Object Repository/HealthpostToStore/Page_HealthPost Store/button_Add' is double clicked on

2018-05-22 11:53:43 - [TEST_STEP][PASSED] - selectOptionByIndex: All options with index in [9] are selected on object 'Object Repository/HealthpostToStore/Page_HealthPost Store/select_--Select--Schedule 1Inj'

2018-05-22 11:53:43 - [MESSAGE][PASSED] - All options with index in [9] are selected on object 'Object Repository/HealthpostToStore/Page_HealthPost Store/select_--Select--Schedule 1Inj'

2018-05-22 11:53:43 - [TEST_STEP][PASSED] - selectOptionByIndex: All options with index in [12] are selected on object 'Object Repository/HealthpostToStore/Page_HealthPost Store/select_--Select--Adernaline 0.'

2018-05-22 11:53:43 - [MESSAGE][PASSED] - All options with index in [12] are selected on object 'Object Repository/HealthpostToStore/Page_HealthPost Store/select_--Select--Adernaline 0.'

2018-05-22 11:53:43 - [TEST_STEP][PASSED] - setText: Text '10' is set on object 'Object Repository/HealthpostToStore/Page_HealthPost Store/input_txttreat'

2018-05-22 11:53:43 - [MESSAGE][PASSED] - Text '10' is set on object 'Object Repository/HealthpostToStore/Page_HealthPost Store/input_txttreat'

2018-05-22 11:53:43 - [TEST_STEP][PASSED] - doubleClick: Object: 'Object Repository/HealthpostToStore/Page_HealthPost Store/button_Add' is double clicked on

2018-05-22 11:53:43 - [MESSAGE][PASSED] - Object: 'Object Repository/HealthpostToStore/Page_HealthPost Store/button_Add' is double clicked on

2018-05-22 11:53:43 - [TEST_STEP][PASSED] - selectOptionByIndex: All options with index in [9] are selected on object 'Object Repository/HealthpostToStore/Page_HealthPost Store/select_--Select--Schedule 1Inj'

2018-05-22 11:53:44 - [MESSAGE][PASSED] - All options with index in [9] are selected on object 'Object Repository/HealthpostToStore/Page_HealthPost Store/select_--Select--Schedule 1Inj'

2018-05-22 11:53:44 - [TEST_STEP][PASSED] - selectOptionByIndex: All options with index in [13] are selected on object 'Object Repository/HealthpostToStore/Page_HealthPost Store/select_--Select--Adernaline 0.'

2018-05-22 11:53:44 - [MESSAGE][PASSED] - All options with index in [13] are selected on object 'Object Repository/HealthpostToStore/Page_HealthPost Store/select_--Select--Adernaline 0.'

2018-05-22 11:53:44 - [TEST_STEP][PASSED] - setText: Text '10' is set on object 'Object Repository/HealthpostToStore/Page_HealthPost Store/input_txttreat'

2018-05-22 11:53:44 - [MESSAGE][PASSED] - Text '10' is set on object 'Object Repository/HealthpostToStore/Page_HealthPost Store/input_txttreat'

2018-05-22 11:53:44 - [TEST_STEP][PASSED] - doubleClick: Object: 'Object Repository/HealthpostToStore/Page_HealthPost Store/button_Add' is double clicked on

2018-05-22 11:53:44 - [MESSAGE][PASSED] - Object: 'Object Repository/HealthpostToStore/Page_HealthPost Store/button_Add' is double clicked on

2018-05-22 11:53:44 - [TEST_STEP][PASSED] - selectOptionByIndex: All options with index in [9] are selected on object 'Object Repository/HealthpostToStore/Page_HealthPost Store/select_--Select--Schedule 1Inj'

2018-05-22 11:53:44 - [MESSAGE][PASSED] - All options with index in [9] are selected on object 'Object Repository/HealthpostToStore/Page_HealthPost Store/select_--Select--Schedule 1Inj'

2018-05-22 11:53:44 - [TEST_STEP][PASSED] - selectOptionByIndex: All options with index in [14] are selected on object 'Object Repository/HealthpostToStore/Page_HealthPost Store/select_--Select--Adernaline 0.'

2018-05-22 11:53:44 - [MESSAGE][PASSED] - All options with index in [14] are selected on object 'Object Repository/HealthpostToStore/Page_HealthPost Store/select_--Select--Adernaline 0.'

2018-05-22 11:53:44 - [TEST_STEP][PASSED] - setText: Text '10' is set on object 'Object Repository/HealthpostToStore/Page_HealthPost Store/input_txttreat'

2018-05-22 11:53:45 - [MESSAGE][PASSED] - Text '10' is set on object 'Object Repository/HealthpostToStore/Page_HealthPost Store/input_txttreat'

2018-05-22 11:53:45 - [TEST_STEP][PASSED] - doubleClick: Object: 'Object Repository/HealthpostToStore/Page_HealthPost Store/button_Add' is double clicked on

2018-05-22 11:53:45 - [MESSAGE][PASSED] - Object: 'Object Repository/HealthpostToStore/Page_HealthPost Store/button_Add' is double clicked on

2018-05-22 11:53:45 - [TEST_STEP][PASSED] - selectOptionByIndex: All options with index in [9] are selected on object 'Object Repository/HealthpostToStore/Page_HealthPost Store/select_--Select--Schedule 1Inj'

2018-05-22 11:53:45 - [MESSAGE][PASSED] - All options with index in [9] are selected on object 'Object Repository/HealthpostToStore/Page_HealthPost Store/select_--Select--Schedule 1Inj'

2018-05-22 11:53:45 - [TEST_STEP][PASSED] - selectOptionByIndex: All options with index in [15] are selected on object 'Object Repository/HealthpostToStore/Page_HealthPost Store/select_--Select--Adernaline 0.'

2018-05-22 11:53:45 - [MESSAGE][PASSED] - All options with index in [15] are selected on object 'Object Repository/HealthpostToStore/Page_HealthPost Store/select_--Select--Adernaline 0.'

2018-05-22 11:53:45 - [TEST_STEP][PASSED] - setText: Text '10' is set on object 'Object Repository/HealthpostToStore/Page_HealthPost Store/input_txttreat'

2018-05-22 11:53:45 - [MESSAGE][PASSED] - Text '10' is set on object 'Object Repository/HealthpostToStore/Page_HealthPost Store/input_txttreat'

2018-05-22 11:53:45 - [TEST_STEP][PASSED] - doubleClick: Object: 'Object Repository/HealthpostToStore/Page_HealthPost Store/button_Add' is double clicked on

2018-05-22 11:53:45 - [MESSAGE][PASSED] - Object: 'Object Repository/HealthpostToStore/Page_HealthPost Store/button_Add' is double clicked on

2018-05-22 11:53:45 - [TEST_STEP][PASSED] - selectOptionByIndex: All options with index in [9] are selected on object 'Object Repository/HealthpostToStore/Page_HealthPost Store/select_--Select--Schedule 1Inj'

2018-05-22 11:53:45 - [MESSAGE][PASSED] - All options with index in [9] are selected on object 'Object Repository/HealthpostToStore/Page_HealthPost Store/select_--Select--Schedule 1Inj'

2018-05-22 11:53:45 - [TEST_STEP][PASSED] - selectOptionByIndex: All options with index in [16] are selected on object 'Object Repository/HealthpostToStore/Page_HealthPost Store/select_--Select--Adernaline 0.'

2018-05-22 11:53:46 - [MESSAGE][PASSED] - All options with index in [16] are selected on object 'Object Repository/HealthpostToStore/Page_HealthPost Store/select_--Select--Adernaline 0.'

2018-05-22 11:53:46 - [TEST_STEP][PASSED] - setText: Text '10' is set on object 'Object Repository/HealthpostToStore/Page_HealthPost Store/input_txttreat'

2018-05-22 11:53:46 - [MESSAGE][PASSED] - Text '10' is set on object 'Object Repository/HealthpostToStore/Page_HealthPost Store/input_txttreat'

2018-05-22 11:53:46 - [TEST_STEP][PASSED] - doubleClick: Object: 'Object Repository/HealthpostToStore/Page_HealthPost Store/button_Add' is double clicked on

2018-05-22 11:53:46 - [MESSAGE][PASSED] - Object: 'Object Repository/HealthpostToStore/Page_HealthPost Store/button_Add' is double clicked on

2018-05-22 11:53:46 - [TEST_STEP][PASSED] - selectOptionByIndex: All options with index in [9] are selected on object 'Object Repository/HealthpostToStore/Page_HealthPost Store/select_--Select--Schedule 1Inj'

2018-05-22 11:53:46 - [MESSAGE][PASSED] - All options with index in [9] are selected on object 'Object Repository/HealthpostToStore/Page_HealthPost Store/select_--Select--Schedule 1Inj'

2018-05-22 11:53:46 - [TEST_STEP][PASSED] - selectOptionByIndex: All options with index in [17] are selected on object 'Object Repository/HealthpostToStore/Page_HealthPost Store/select_--Select--Adernaline 0.'

2018-05-22 11:53:46 - [MESSAGE][PASSED] - All options with index in [17] are selected on object 'Object Repository/HealthpostToStore/Page_HealthPost Store/select_--Select--Adernaline 0.'

2018-05-22 11:53:46 - [TEST_STEP][PASSED] - setText: Text '10' is set on object 'Object Repository/HealthpostToStore/Page_HealthPost Store/input_txttreat'

2018-05-22 11:53:47 - [MESSAGE][PASSED] - Text '10' is set on object 'Object Repository/HealthpostToStore/Page_HealthPost Store/input_txttreat'

2018-05-22 11:53:47 - [TEST_STEP][PASSED] - doubleClick: Object: 'Object Repository/HealthpostToStore/Page_HealthPost Store/button_Add' is double clicked on

2018-05-22 11:53:47 - [MESSAGE][PASSED] - Object: 'Object Repository/HealthpostToStore/Page_HealthPost Store/button_Add' is double clicked on

2018-05-22 11:53:47 - [TEST_STEP][PASSED] - selectOptionByIndex: All options with index in [9] are selected on object 'Object Repository/HealthpostToStore/Page_HealthPost Store/select_--Select--Schedule 1Inj'

2018-05-22 11:53:47 - [MESSAGE][PASSED] - All options with index in [9] are selected on object 'Object Repository/HealthpostToStore/Page_HealthPost Store/select_--Select--Schedule 1Inj'

2018-05-22 11:53:47 - [TEST_STEP][PASSED] - selectOptionByIndex: All options with index in [18] are selected on object 'Object Repository/HealthpostToStore/Page_HealthPost Store/select_--Select--Adernaline 0.'

2018-05-22 11:53:47 - [MESSAGE][PASSED] - All options with index in [18] are selected on object 'Object Repository/HealthpostToStore/Page_HealthPost Store/select_--Select--Adernaline 0.'

2018-05-22 11:53:47 - [TEST_STEP][PASSED] - setText: Text '10' is set on object 'Object Repository/HealthpostToStore/Page_HealthPost Store/input_txttreat'

2018-05-22 11:53:47 - [MESSAGE][PASSED] - Text '10' is set on object 'Object Repository/HealthpostToStore/Page_HealthPost Store/input_txttreat'

2018-05-22 11:53:47 - [TEST_STEP][PASSED] - doubleClick: Object: 'Object Repository/HealthpostToStore/Page_HealthPost Store/button_Add' is double clicked on

2018-05-22 11:53:47 - [MESSAGE][PASSED] - Object: 'Object Repository/HealthpostToStore/Page_HealthPost Store/button_Add' is double clicked on

2018-05-22 11:53:47 - [TEST_STEP][PASSED] - selectOptionByIndex: All options with index in [9] are selected on object 'Object Repository/HealthpostToStore/Page_HealthPost Store/select_--Select--Schedule 1Inj'

2018-05-22 11:53:48 - [MESSAGE][PASSED] - All options with index in [9] are selected on object 'Object Repository/HealthpostToStore/Page_HealthPost Store/select_--Select--Schedule 1Inj'

2018-05-22 11:53:48 - [TEST_STEP][PASSED] - selectOptionByIndex: All options with index in [19] are selected on object 'Object Repository/HealthpostToStore/Page_HealthPost Store/select_--Select--Adernaline 0.'

2018-05-22 11:53:48 - [MESSAGE][PASSED] - All options with index in [19] are selected on object 'Object Repository/HealthpostToStore/Page_HealthPost Store/select_--Select--Adernaline 0.'

2018-05-22 11:53:48 - [TEST_STEP][PASSED] - setText: Text '10' is set on object 'Object Repository/HealthpostToStore/Page_HealthPost Store/input_txttreat'

2018-05-22 11:53:48 - [MESSAGE][PASSED] - Text '10' is set on object 'Object Repository/HealthpostToStore/Page_HealthPost Store/input_txttreat'

2018-05-22 11:53:48 - [TEST_STEP][PASSED] - doubleClick: Object: 'Object Repository/HealthpostToStore/Page_HealthPost Store/button_Add' is double clicked on

2018-05-22 11:53:48 - [MESSAGE][PASSED] - Object: 'Object Repository/HealthpostToStore/Page_HealthPost Store/button_Add' is double clicked on

2018-05-22 11:53:48 - [TEST_STEP][PASSED] - selectOptionByIndex: All options with index in [9] are selected on object 'Object Repository/HealthpostToStore/Page_HealthPost Store/select_--Select--Schedule 1Inj'

2018-05-22 11:53:48 - [MESSAGE][PASSED] - All options with index in [9] are selected on object 'Object Repository/HealthpostToStore/Page_HealthPost Store/select_--Select--Schedule 1Inj'

2018-05-22 11:53:48 - [TEST_STEP][PASSED] - selectOptionByIndex: All options with index in [20] are selected on object 'Object Repository/HealthpostToStore/Page_HealthPost Store/select_--Select--Adernaline 0.'

2018-05-22 11:53:49 - [MESSAGE][PASSED] - All options with index in [20] are selected on object 'Object Repository/HealthpostToStore/Page_HealthPost Store/select_--Select--Adernaline 0.'

2018-05-22 11:53:49 - [TEST_STEP][PASSED] - setText: Text '10' is set on object 'Object Repository/HealthpostToStore/Page_HealthPost Store/input_txttreat'

2018-05-22 11:53:49 - [MESSAGE][PASSED] - Text '10' is set on object 'Object Repository/HealthpostToStore/Page_HealthPost Store/input_txttreat'

2018-05-22 11:53:49 - [TEST_STEP][PASSED] - doubleClick: Object: 'Object Repository/HealthpostToStore/Page_HealthPost Store/button_Add' is double clicked on

2018-05-22 11:53:49 - [MESSAGE][PASSED] - Object: 'Object Repository/HealthpostToStore/Page_HealthPost Store/button_Add' is double clicked on

2018-05-22 11:53:49 - [TEST_STEP][PASSED] - selectOptionByIndex: All options with index in [9] are selected on object 'Object Repository/HealthpostToStore/Page_HealthPost Store/select_--Select--Schedule 1Inj'

2018-05-22 11:53:49 - [MESSAGE][PASSED] - All options with index in [9] are selected on object 'Object Repository/HealthpostToStore/Page_HealthPost Store/select_--Select--Schedule 1Inj'

2018-05-22 11:53:49 - [TEST_STEP][PASSED] - selectOptionByIndex: All options with index in [21] are selected on object 'Object Repository/HealthpostToStore/Page_HealthPost Store/select_--Select--Adernaline 0.'

2018-05-22 11:53:49 - [MESSAGE][PASSED] - All options with index in [21] are selected on object 'Object Repository/HealthpostToStore/Page_HealthPost Store/select_--Select--Adernaline 0.'

2018-05-22 11:53:49 - [TEST_STEP][PASSED] - setText: Text '10' is set on object 'Object Repository/HealthpostToStore/Page_HealthPost Store/input_txttreat'

2018-05-22 11:53:49 - [MESSAGE][PASSED] - Text '10' is set on object 'Object Repository/HealthpostToStore/Page_HealthPost Store/input_txttreat'

2018-05-22 11:53:49 - [TEST_STEP][PASSED] - doubleClick: Object: 'Object Repository/HealthpostToStore/Page_HealthPost Store/button_Add' is double clicked on

2018-05-22 11:53:49 - [MESSAGE][PASSED] - Object: 'Object Repository/HealthpostToStore/Page_HealthPost Store/button_Add' is double clicked on

2018-05-22 11:53:49 - [TEST_STEP][PASSED] - selectOptionByIndex: All options with index in [9] are selected on object 'Object Repository/HealthpostToStore/Page_HealthPost Store/select_--Select--Schedule 1Inj'

2018-05-22 11:53:50 - [MESSAGE][PASSED] - All options with index in [9] are selected on object 'Object Repository/HealthpostToStore/Page_HealthPost Store/select_--Select--Schedule 1Inj'

2018-05-22 11:53:50 - [TEST_STEP][PASSED] - selectOptionByIndex: All options with index in [22] are selected on object 'Object Repository/HealthpostToStore/Page_HealthPost Store/select_--Select--Adernaline 0.'

2018-05-22 11:53:50 - [MESSAGE][PASSED] - All options with index in [22] are selected on object 'Object Repository/HealthpostToStore/Page_HealthPost Store/select_--Select--Adernaline 0.'

2018-05-22 11:53:50 - [TEST_STEP][PASSED] - setText: Text '10' is set on object 'Object Repository/HealthpostToStore/Page_HealthPost Store/input_txttreat'

2018-05-22 11:53:50 - [MESSAGE][PASSED] - Text '10' is set on object 'Object Repository/HealthpostToStore/Page_HealthPost Store/input_txttreat'

2018-05-22 11:53:50 - [TEST_STEP][PASSED] - doubleClick: Object: 'Object Repository/HealthpostToStore/Page_HealthPost Store/button_Add' is double clicked on

2018-05-22 11:53:50 - [MESSAGE][PASSED] - Object: 'Object Repository/HealthpostToStore/Page_HealthPost Store/button_Add' is double clicked on

2018-05-22 11:53:50 - [TEST_STEP][PASSED] - selectOptionByIndex: All options with index in [9] are selected on object 'Object Repository/HealthpostToStore/Page_HealthPost Store/select_--Select--Schedule 1Inj'

2018-05-22 11:53:50 - [MESSAGE][PASSED] - All options with index in [9] are selected on object 'Object Repository/HealthpostToStore/Page_HealthPost Store/select_--Select--Schedule 1Inj'

2018-05-22 11:53:50 - [TEST_STEP][PASSED] - selectOptionByIndex: All options with index in [23] are selected on object 'Object Repository/HealthpostToStore/Page_HealthPost Store/select_--Select--Adernaline 0.'

2018-05-22 11:53:51 - [MESSAGE][PASSED] - All options with index in [23] are selected on object 'Object Repository/HealthpostToStore/Page_HealthPost Store/select_--Select--Adernaline 0.'

2018-05-22 11:53:51 - [TEST_STEP][PASSED] - setText: Text '10' is set on object 'Object Repository/HealthpostToStore/Page_HealthPost Store/input_txttreat'

2018-05-22 11:53:51 - [MESSAGE][PASSED] - Text '10' is set on object 'Object Repository/HealthpostToStore/Page_HealthPost Store/input_txttreat'

2018-05-22 11:53:51 - [TEST_STEP][PASSED] - doubleClick: Object: 'Object Repository/HealthpostToStore/Page_HealthPost Store/button_Add' is double clicked on

2018-05-22 11:53:51 - [MESSAGE][PASSED] - Object: 'Object Repository/HealthpostToStore/Page_HealthPost Store/button_Add' is double clicked on

2018-05-22 11:53:51 - [TEST_STEP][PASSED] - selectOptionByIndex: All options with index in [9] are selected on object 'Object Repository/HealthpostToStore/Page_HealthPost Store/select_--Select--Schedule 1Inj'

2018-05-22 11:53:51 - [MESSAGE][PASSED] - All options with index in [9] are selected on object 'Object Repository/HealthpostToStore/Page_HealthPost Store/select_--Select--Schedule 1Inj'

2018-05-22 11:53:51 - [TEST_STEP][PASSED] - selectOptionByIndex: All options with index in [24] are selected on object 'Object Repository/HealthpostToStore/Page_HealthPost Store/select_--Select--Adernaline 0.'

2018-05-22 11:53:51 - [MESSAGE][PASSED] - All options with index in [24] are selected on object 'Object Repository/HealthpostToStore/Page_HealthPost Store/select_--Select--Adernaline 0.'

2018-05-22 11:53:51 - [TEST_STEP][PASSED] - setText: Text '10' is set on object 'Object Repository/HealthpostToStore/Page_HealthPost Store/input_txttreat'

2018-05-22 11:53:51 - [MESSAGE][PASSED] - Text '10' is set on object 'Object Repository/HealthpostToStore/Page_HealthPost Store/input_txttreat'

2018-05-22 11:53:51 - [TEST_STEP][PASSED] - doubleClick: Object: 'Object Repository/HealthpostToStore/Page_HealthPost Store/button_Add' is double clicked on

2018-05-22 11:53:51 - [MESSAGE][PASSED] - Object: 'Object Repository/HealthpostToStore/Page_HealthPost Store/button_Add' is double clicked on

2018-05-22 11:53:51 - [TEST_STEP][PASSED] - selectOptionByIndex: All options with index in [9] are selected on object 'Object Repository/HealthpostToStore/Page_HealthPost Store/select_--Select--Schedule 1Inj'

2018-05-22 11:53:52 - [MESSAGE][PASSED] - All options with index in [9] are selected on object 'Object Repository/HealthpostToStore/Page_HealthPost Store/select_--Select--Schedule 1Inj'

2018-05-22 11:53:52 - [TEST_STEP][PASSED] - selectOptionByIndex: All options with index in [25] are selected on object 'Object Repository/HealthpostToStore/Page_HealthPost Store/select_--Select--Adernaline 0.'

2018-05-22 11:53:52 - [MESSAGE][PASSED] - All options with index in [25] are selected on object 'Object Repository/HealthpostToStore/Page_HealthPost Store/select_--Select--Adernaline 0.'

2018-05-22 11:53:52 - [TEST_STEP][PASSED] - setText: Text '10' is set on object 'Object Repository/HealthpostToStore/Page_HealthPost Store/input_txttreat'

2018-05-22 11:53:52 - [MESSAGE][PASSED] - Text '10' is set on object 'Object Repository/HealthpostToStore/Page_HealthPost Store/input_txttreat'

2018-05-22 11:53:52 - [TEST_STEP][PASSED] - doubleClick: Object: 'Object Repository/HealthpostToStore/Page_HealthPost Store/button_Add' is double clicked on

2018-05-22 11:53:52 - [MESSAGE][PASSED] - Object: 'Object Repository/HealthpostToStore/Page_HealthPost Store/button_Add' is double clicked on

2018-05-22 11:53:52 - [TEST_STEP][PASSED] - selectOptionByIndex: All options with index in [9] are selected on object 'Object Repository/HealthpostToStore/Page_HealthPost Store/select_--Select--Schedule 1Inj'

2018-05-22 11:53:52 - [MESSAGE][PASSED] - All options with index in [9] are selected on object 'Object Repository/HealthpostToStore/Page_HealthPost Store/select_--Select--Schedule 1Inj'

2018-05-22 11:53:52 - [TEST_STEP][PASSED] - selectOptionByIndex: All options with index in [26] are selected on object 'Object Repository/HealthpostToStore/Page_HealthPost Store/select_--Select--Adernaline 0.'

2018-05-22 11:53:53 - [MESSAGE][PASSED] - All options with index in [26] are selected on object 'Object Repository/HealthpostToStore/Page_HealthPost Store/select_--Select--Adernaline 0.'

2018-05-22 11:53:53 - [TEST_STEP][PASSED] - setText: Text '10' is set on object 'Object Repository/HealthpostToStore/Page_HealthPost Store/input_txttreat'

2018-05-22 11:53:53 - [MESSAGE][PASSED] - Text '10' is set on object 'Object Repository/HealthpostToStore/Page_HealthPost Store/input_txttreat'

2018-05-22 11:53:53 - [TEST_STEP][PASSED] - doubleClick: Object: 'Object Repository/HealthpostToStore/Page_HealthPost Store/button_Add' is double clicked on

2018-05-22 11:53:53 - [MESSAGE][PASSED] - Object: 'Object Repository/HealthpostToStore/Page_HealthPost Store/button_Add' is double clicked on

2018-05-22 11:53:53 - [TEST_STEP][PASSED] - selectOptionByIndex: All options with index in [9] are selected on object 'Object Repository/HealthpostToStore/Page_HealthPost Store/select_--Select--Schedule 1Inj'

2018-05-22 11:53:53 - [MESSAGE][PASSED] - All options with index in [9] are selected on object 'Object Repository/HealthpostToStore/Page_HealthPost Store/select_--Select--Schedule 1Inj'

2018-05-22 11:53:53 - [TEST_STEP][PASSED] - selectOptionByIndex: All options with index in [27] are selected on object 'Object Repository/HealthpostToStore/Page_HealthPost Store/select_--Select--Adernaline 0.'

2018-05-22 11:53:54 - [MESSAGE][PASSED] - All options with index in [27] are selected on object 'Object Repository/HealthpostToStore/Page_HealthPost Store/select_--Select--Adernaline 0.'

2018-05-22 11:53:54 - [TEST_STEP][PASSED] - setText: Text '10' is set on object 'Object Repository/HealthpostToStore/Page_HealthPost Store/input_txttreat'

2018-05-22 11:53:54 - [MESSAGE][PASSED] - Text '10' is set on object 'Object Repository/HealthpostToStore/Page_HealthPost Store/input_txttreat'

2018-05-22 11:53:54 - [TEST_STEP][PASSED] - doubleClick: Object: 'Object Repository/HealthpostToStore/Page_HealthPost Store/button_Add' is double clicked on

2018-05-22 11:53:54 - [MESSAGE][PASSED] - Object: 'Object Repository/HealthpostToStore/Page_HealthPost Store/button_Add' is double clicked on

2018-05-22 11:53:54 - [TEST_STEP][PASSED] - selectOptionByIndex: All options with index in [9] are selected on object 'Object Repository/HealthpostToStore/Page_HealthPost Store/select_--Select--Schedule 1Inj'

2018-05-22 11:53:54 - [MESSAGE][PASSED] - All options with index in [9] are selected on object 'Object Repository/HealthpostToStore/Page_HealthPost Store/select_--Select--Schedule 1Inj'

2018-05-22 11:53:54 - [TEST_STEP][PASSED] - selectOptionByIndex: All options with index in [28] are selected on object 'Object Repository/HealthpostToStore/Page_HealthPost Store/select_--Select--Adernaline 0.'

2018-05-22 11:53:54 - [MESSAGE][PASSED] - All options with index in [28] are selected on object 'Object Repository/HealthpostToStore/Page_HealthPost Store/select_--Select--Adernaline 0.'

2018-05-22 11:53:54 - [TEST_STEP][PASSED] - setText: Text '10' is set on object 'Object Repository/HealthpostToStore/Page_HealthPost Store/input_txttreat'

2018-05-22 11:53:54 - [MESSAGE][PASSED] - Text '10' is set on object 'Object Repository/HealthpostToStore/Page_HealthPost Store/input_txttreat'

2018-05-22 11:53:54 - [TEST_STEP][PASSED] - doubleClick: Object: 'Object Repository/HealthpostToStore/Page_HealthPost Store/button_Add' is double clicked on

2018-05-22 11:53:55 - [MESSAGE][PASSED] - Object: 'Object Repository/HealthpostToStore/Page_HealthPost Store/button_Add' is double clicked on

2018-05-22 11:53:55 - [TEST_STEP][PASSED] - selectOptionByIndex: All options with index in [9] are selected on object 'Object Repository/HealthpostToStore/Page_HealthPost Store/select_--Select--Schedule 1Inj'

2018-05-22 11:53:55 - [MESSAGE][PASSED] - All options with index in [9] are selected on object 'Object Repository/HealthpostToStore/Page_HealthPost Store/select_--Select--Schedule 1Inj'

2018-05-22 11:53:55 - [TEST_STEP][PASSED] - selectOptionByIndex: All options with index in [29] are selected on object 'Object Repository/HealthpostToStore/Page_HealthPost Store/select_--Select--Adernaline 0.'

2018-05-22 11:53:55 - [MESSAGE][PASSED] - All options with index in [29] are selected on object 'Object Repository/HealthpostToStore/Page_HealthPost Store/select_--Select--Adernaline 0.'

2018-05-22 11:53:55 - [TEST_STEP][PASSED] - setText: Text '10' is set on object 'Object Repository/HealthpostToStore/Page_HealthPost Store/input_txttreat'

2018-05-22 11:53:55 - [MESSAGE][PASSED] - Text '10' is set on object 'Object Repository/HealthpostToStore/Page_HealthPost Store/input_txttreat'

2018-05-22 11:53:55 - [TEST_STEP][PASSED] - doubleClick: Object: 'Object Repository/HealthpostToStore/Page_HealthPost Store/button_Add' is double clicked on

2018-05-22 11:53:55 - [MESSAGE][PASSED] - Object: 'Object Repository/HealthpostToStore/Page_HealthPost Store/button_Add' is double clicked on

2018-05-22 11:53:55 - [TEST_STEP][PASSED] - selectOptionByIndex: All options with index in [9] are selected on object 'Object Repository/HealthpostToStore/Page_HealthPost Store/select_--Select--Schedule 1Inj'

2018-05-22 11:53:56 - [MESSAGE][PASSED] - All options with index in [9] are selected on object 'Object Repository/HealthpostToStore/Page_HealthPost Store/select_--Select--Schedule 1Inj'

2018-05-22 11:53:56 - [TEST_STEP][PASSED] - selectOptionByIndex: All options with index in [30] are selected on object 'Object Repository/HealthpostToStore/Page_HealthPost Store/select_--Select--Adernaline 0.'

2018-05-22 11:53:56 - [MESSAGE][PASSED] - All options with index in [30] are selected on object 'Object Repository/HealthpostToStore/Page_HealthPost Store/select_--Select--Adernaline 0.'

2018-05-22 11:53:56 - [TEST_STEP][PASSED] - setText: Text '10' is set on object 'Object Repository/HealthpostToStore/Page_HealthPost Store/input_txttreat'

2018-05-22 11:53:56 - [MESSAGE][PASSED] - Text '10' is set on object 'Object Repository/HealthpostToStore/Page_HealthPost Store/input_txttreat'

2018-05-22 11:53:56 - [TEST_STEP][PASSED] - doubleClick: Object: 'Object Repository/HealthpostToStore/Page_HealthPost Store/button_Add' is double clicked on

2018-05-22 11:53:56 - [MESSAGE][PASSED] - Object: 'Object Repository/HealthpostToStore/Page_HealthPost Store/button_Add' is double clicked on

2018-05-22 11:53:56 - [TEST_STEP][PASSED] - selectOptionByIndex: All options with index in [9] are selected on object 'Object Repository/HealthpostToStore/Page_HealthPost Store/select_--Select--Schedule 1Inj'

2018-05-22 11:53:56 - [MESSAGE][PASSED] - All options with index in [9] are selected on object 'Object Repository/HealthpostToStore/Page_HealthPost Store/select_--Select--Schedule 1Inj'

2018-05-22 11:53:56 - [TEST_STEP][PASSED] - selectOptionByIndex: All options with index in [31] are selected on object 'Object Repository/HealthpostToStore/Page_HealthPost Store/select_--Select--Adernaline 0.'

2018-05-22 11:53:57 - [MESSAGE][PASSED] - All options with index in [31] are selected on object 'Object Repository/HealthpostToStore/Page_HealthPost Store/select_--Select--Adernaline 0.'

2018-05-22 11:53:57 - [TEST_STEP][PASSED] - setText: Text '10' is set on object 'Object Repository/HealthpostToStore/Page_HealthPost Store/input_txttreat'

2018-05-22 11:53:57 - [MESSAGE][PASSED] - Text '10' is set on object 'Object Repository/HealthpostToStore/Page_HealthPost Store/input_txttreat'

2018-05-22 11:53:57 - [TEST_STEP][PASSED] - doubleClick: Object: 'Object Repository/HealthpostToStore/Page_HealthPost Store/button_Add' is double clicked on

2018-05-22 11:53:57 - [MESSAGE][PASSED] - Object: 'Object Repository/HealthpostToStore/Page_HealthPost Store/button_Add' is double clicked on

2018-05-22 11:53:57 - [TEST_STEP][PASSED] - selectOptionByIndex: All options with index in [9] are selected on object 'Object Repository/HealthpostToStore/Page_HealthPost Store/select_--Select--Schedule 1Inj'

2018-05-22 11:53:57 - [MESSAGE][PASSED] - All options with index in [9] are selected on object 'Object Repository/HealthpostToStore/Page_HealthPost Store/select_--Select--Schedule 1Inj'

2018-05-22 11:53:57 - [TEST_STEP][PASSED] - selectOptionByIndex: All options with index in [32] are selected on object 'Object Repository/HealthpostToStore/Page_HealthPost Store/select_--Select--Adernaline 0.'

2018-05-22 11:53:58 - [MESSAGE][PASSED] - All options with index in [32] are selected on object 'Object Repository/HealthpostToStore/Page_HealthPost Store/select_--Select--Adernaline 0.'

2018-05-22 11:53:58 - [TEST_STEP][PASSED] - setText: Text '10' is set on object 'Object Repository/HealthpostToStore/Page_HealthPost Store/input_txttreat'

2018-05-22 11:53:58 - [MESSAGE][PASSED] - Text '10' is set on object 'Object Repository/HealthpostToStore/Page_HealthPost Store/input_txttreat'

2018-05-22 11:53:58 - [TEST_STEP][PASSED] - doubleClick: Object: 'Object Repository/HealthpostToStore/Page_HealthPost Store/button_Add' is double clicked on

2018-05-22 11:53:58 - [MESSAGE][PASSED] - Object: 'Object Repository/HealthpostToStore/Page_HealthPost Store/button_Add' is double clicked on

2018-05-22 11:53:58 - [TEST_STEP][PASSED] - selectOptionByIndex: All options with index in [9] are selected on object 'Object Repository/HealthpostToStore/Page_HealthPost Store/select_--Select--Schedule 1Inj'

2018-05-22 11:53:58 - [MESSAGE][PASSED] - All options with index in [9] are selected on object 'Object Repository/HealthpostToStore/Page_HealthPost Store/select_--Select--Schedule 1Inj'

2018-05-22 11:53:58 - [TEST_STEP][PASSED] - selectOptionByIndex: All options with index in [33] are selected on object 'Object Repository/HealthpostToStore/Page_HealthPost Store/select_--Select--Adernaline 0.'

2018-05-22 11:53:58 - [MESSAGE][PASSED] - All options with index in [33] are selected on object 'Object Repository/HealthpostToStore/Page_HealthPost Store/select_--Select--Adernaline 0.'

2018-05-22 11:53:58 - [TEST_STEP][PASSED] - setText: Text '10' is set on object 'Object Repository/HealthpostToStore/Page_HealthPost Store/input_txttreat'

2018-05-22 11:53:59 - [MESSAGE][PASSED] - Text '10' is set on object 'Object Repository/HealthpostToStore/Page_HealthPost Store/input_txttreat'

2018-05-22 11:53:59 - [TEST_STEP][PASSED] - doubleClick: Object: 'Object Repository/HealthpostToStore/Page_HealthPost Store/button_Add' is double clicked on

2018-05-22 11:53:59 - [MESSAGE][PASSED] - Object: 'Object Repository/HealthpostToStore/Page_HealthPost Store/button_Add' is double clicked on

2018-05-22 11:53:59 - [TEST_STEP][PASSED] - selectOptionByIndex: All options with index in [9] are selected on object 'Object Repository/HealthpostToStore/Page_HealthPost Store/select_--Select--Schedule 1Inj'

2018-05-22 11:53:59 - [MESSAGE][PASSED] - All options with index in [9] are selected on object 'Object Repository/HealthpostToStore/Page_HealthPost Store/select_--Select--Schedule 1Inj'

2018-05-22 11:53:59 - [TEST_STEP][PASSED] - selectOptionByIndex: All options with index in [34] are selected on object 'Object Repository/HealthpostToStore/Page_HealthPost Store/select_--Select--Adernaline 0.'

2018-05-22 11:53:59 - [MESSAGE][PASSED] - All options with index in [34] are selected on object 'Object Repository/HealthpostToStore/Page_HealthPost Store/select_--Select--Adernaline 0.'

2018-05-22 11:53:59 - [TEST_STEP][PASSED] - setText: Text '10' is set on object 'Object Repository/HealthpostToStore/Page_HealthPost Store/input_txttreat'

2018-05-22 11:53:59 - [MESSAGE][PASSED] - Text '10' is set on object 'Object Repository/HealthpostToStore/Page_HealthPost Store/input_txttreat'

2018-05-22 11:53:59 - [TEST_STEP][PASSED] - doubleClick: Object: 'Object Repository/HealthpostToStore/Page_HealthPost Store/button_Add' is double clicked on

2018-05-22 11:53:59 - [MESSAGE][PASSED] - Object: 'Object Repository/HealthpostToStore/Page_HealthPost Store/button_Add' is double clicked on

2018-05-22 11:53:59 - [TEST_STEP][PASSED] - selectOptionByIndex: All options with index in [9] are selected on object 'Object Repository/HealthpostToStore/Page_HealthPost Store/select_--Select--Schedule 1Inj'

2018-05-22 11:54:00 - [MESSAGE][PASSED] - All options with index in [9] are selected on object 'Object Repository/HealthpostToStore/Page_HealthPost Store/select_--Select--Schedule 1Inj'

2018-05-22 11:54:00 - [TEST_STEP][PASSED] - selectOptionByIndex: All options with index in [35] are selected on object 'Object Repository/HealthpostToStore/Page_HealthPost Store/select_--Select--Adernaline 0.'

2018-05-22 11:54:00 - [MESSAGE][PASSED] - All options with index in [35] are selected on object 'Object Repository/HealthpostToStore/Page_HealthPost Store/select_--Select--Adernaline 0.'

2018-05-22 11:54:00 - [TEST_STEP][PASSED] - setText: Text '10' is set on object 'Object Repository/HealthpostToStore/Page_HealthPost Store/input_txttreat'

2018-05-22 11:54:00 - [MESSAGE][PASSED] - Text '10' is set on object 'Object Repository/HealthpostToStore/Page_HealthPost Store/input_txttreat'

2018-05-22 11:54:00 - [TEST_STEP][PASSED] - doubleClick: Object: 'Object Repository/HealthpostToStore/Page_HealthPost Store/button_Add' is double clicked on

2018-05-22 11:54:00 - [MESSAGE][PASSED] - Object: 'Object Repository/HealthpostToStore/Page_HealthPost Store/button_Add' is double clicked on

2018-05-22 11:54:00 - [TEST_STEP][PASSED] - scrollToElement: Scroll to object 'Object Repository/HealthpostToStore/Page_HealthPost Store/input_btnsave' successfully

2018-05-22 11:54:00 - [MESSAGE][PASSED] - Scroll to object 'Object Repository/HealthpostToStore/Page_HealthPost Store/input_btnsave' successfully

2018-05-22 11:54:00 - [TEST_STEP][PASSED] - click: Object: 'Object Repository/HealthpostToStore/Page_HealthPost Store/input_btnsave' is clicked on

2018-05-22 11:54:00 - [MESSAGE][PASSED] - Object: 'Object Repository/HealthpostToStore/Page_HealthPost Store/input_btnsave' is clicked on

2018-05-22 11:54:00 - [TEST_STEP][PASSED] - delay: Delayed 3 second(s)

2018-05-22 11:54:03 - [MESSAGE][PASSED] - Delayed 3 second(s)

2018-05-22 11:54:03 - [TEST_STEP][PASSED] - Statement - RN1 = com.kms.katalon.core.webui.keyword.WebUiBuiltInKeywords.getText(com.kms.katalon.core.testobject.ObjectRepository.findTestObject(HealthpostToStore/Page_HealthPost Store/font_HPRNO180520187)): Text of object 'Object Repository/HealthpostToStore/Page_HealthPost Store/font_HPRNO180520187' is: 'HPRNO/22052018/62'

2018-05-22 11:54:04 - [MESSAGE][PASSED] - Text of object 'Object Repository/HealthpostToStore/Page_HealthPost Store/font_HPRNO180520187' is: 'HPRNO/22052018/62'

2018-05-22 11:54:04 - [TEST_STEP][PASSED] - Statement - out.println(RN1): null

2018-05-22 11:54:04 - [TEST_STEP][PASSED] - Statement - RID = RN1.split("/")[2]: null

2018-05-22 11:54:04 - [TEST_STEP][PASSED] - click: Object: 'Object Repository/HealthpostToStore/Page_HealthPost Store/button_OK' is clicked on

2018-05-22 11:54:04 - [MESSAGE][PASSED] - Object: 'Object Repository/HealthpostToStore/Page_HealthPost Store/button_OK' is clicked on

2018-05-22 11:54:04 - [TEST_STEP][PASSED] - delay: Delayed 3 second(s)

2018-05-22 11:54:07 - [MESSAGE][PASSED] - Delayed 3 second(s)

2018-05-22 11:54:07 - [TEST_STEP][PASSED] - click: Object: 'Object Repository/HealthpostToStore/Page_HealthPost Store/a_dropdown-toggle' is clicked on

2018-05-22 11:54:07 - [MESSAGE][PASSED] - Object: 'Object Repository/HealthpostToStore/Page_HealthPost Store/a_dropdown-toggle' is clicked on

2018-05-22 11:54:07 - [TEST_STEP][PASSED] - click: Object: 'Object Repository/HealthpostToStore/Page_HealthPost Store/a_Sign out' is clicked on

2018-05-22 11:54:08 - [MESSAGE][PASSED] - Object: 'Object Repository/HealthpostToStore/Page_HealthPost Store/a_Sign out' is clicked on

2018-05-22 11:54:08 - [TEST_STEP][PASSED] - delay: Delayed 3 second(s)

2018-05-22 11:54:11 - [MESSAGE][PASSED] - Delayed 3 second(s)

2018-05-22 11:54:11 - [TEST_STEP][PASSED] - navigateToUrl: Navigate to 'http://192.168.137.1/multihospital_new/' successfully

2018-05-22 11:54:11 - [MESSAGE][PASSED] - Navigate to 'http://192.168.137.1/multihospital_new/' successfully

2018-05-22 11:54:11 - [TEST_STEP][PASSED] - click: Object: 'Object Repository/HealthpostToStore/Page_KDMC/a_CMO' is clicked on

2018-05-22 11:54:12 - [MESSAGE][PASSED] - Object: 'Object Repository/HealthpostToStore/Page_KDMC/a_CMO' is clicked on

2018-05-22 11:54:12 - [TEST_STEP][PASSED] - setText: Text 'guru' is set on object 'Object Repository/HealthpostToStore/Page_CMO login/input_txtusername'

2018-05-22 11:54:12 - [MESSAGE][PASSED] - Text 'guru' is set on object 'Object Repository/HealthpostToStore/Page_CMO login/input_txtusername'

2018-05-22 11:54:12 - [TEST_STEP][PASSED] - setText: Text '123' is set on object 'Object Repository/HealthpostToStore/Page_CMO login/input_txtpassword'

2018-05-22 11:54:12 - [MESSAGE][PASSED] - Text '123' is set on object 'Object Repository/HealthpostToStore/Page_CMO login/input_txtpassword'

2018-05-22 11:54:12 - [TEST_STEP][PASSED] - delay: Delayed 3 second(s)

2018-05-22 11:54:15 - [MESSAGE][PASSED] - Delayed 3 second(s)

2018-05-22 11:54:15 - [TEST_STEP][PASSED] - click: Object: 'Object Repository/HealthpostToStore/Page_CMO login/button_Sign in' is clicked on

2018-05-22 11:54:16 - [MESSAGE][PASSED] - Object: 'Object Repository/HealthpostToStore/Page_CMO login/button_Sign in' is clicked on

2018-05-22 11:54:16 - [TEST_STEP][PASSED] - delay: Delayed 2 second(s)

2018-05-22 11:54:18 - [MESSAGE][PASSED] - Delayed 2 second(s)

2018-05-22 11:54:18 - [TEST_STEP][PASSED] - click: Object: 'Object Repository/HealthpostToStore/Page_KDMC - CMO/a_Department Wise Request' is clicked on

2018-05-22 11:54:18 - [MESSAGE][PASSED] - Object: 'Object Repository/HealthpostToStore/Page_KDMC - CMO/a_Department Wise Request' is clicked on

2018-05-22 11:54:18 - [TEST_STEP][PASSED] - selectOptionByIndex: All options with index in [5] are selected on object 'Object Repository/HealthpostToStore/Page_KDMC - CMO/select_--ALL--'

2018-05-22 11:54:19 - [MESSAGE][PASSED] - All options with index in [5] are selected on object 'Object Repository/HealthpostToStore/Page_KDMC - CMO/select_--ALL--'

2018-05-22 11:54:19 - [TEST_STEP][PASSED] - click: Object: 'Object Repository/HealthpostToStore/Page_KDMC - CMO/input_btnsearch' is clicked on

2018-05-22 11:54:19 - [MESSAGE][PASSED] - Object: 'Object Repository/HealthpostToStore/Page_KDMC - CMO/input_btnsearch' is clicked on

2018-05-22 11:54:19 - [TEST_STEP][PASSED] - selectOptionByIndex: All options with index in [1] are selected on object 'Object Repository/HealthpostToStore/Page_KDMC - CMO/select_--ALL--                _1'

2018-05-22 11:54:19 - [MESSAGE][PASSED] - All options with index in [1] are selected on object 'Object Repository/HealthpostToStore/Page_KDMC - CMO/select_--ALL--                _1'

2018-05-22 11:54:19 - [TEST_STEP][PASSED] - click: Object: 'Object Repository/HealthpostToStore/Page_KDMC - CMO/input_btnsearch' is clicked on

2018-05-22 11:54:19 - [MESSAGE][PASSED] - Object: 'Object Repository/HealthpostToStore/Page_KDMC - CMO/input_btnsearch' is clicked on

2018-05-22 11:54:19 - [TEST_STEP][PASSED] - Statement - ID = com.kms.katalon.core.webui.keyword.WebUiBuiltInKeywords.modifyObjectProperty(com.kms.katalon.core.testobject.ObjectRepository.findTestObject(lab/Page_KDMC - CMO/input_1), "xpath", "equals", "//*[@id=" + RID + "]", true): Modify property of object successfully

2018-05-22 11:54:19 - [MESSAGE][PASSED] - Modify property of object successfully

2018-05-22 11:54:19 - [TEST_STEP][PASSED] - click: Object: 'Object Repository/lab/Page_KDMC - CMO/input_1' is clicked on

2018-05-22 11:54:20 - [MESSAGE][PASSED] - Object: 'Object Repository/lab/Page_KDMC - CMO/input_1' is clicked on

2018-05-22 11:54:20 - [TEST_STEP][PASSED] - delay: Delayed 2 second(s)

2018-05-22 11:54:22 - [MESSAGE][PASSED] - Delayed 2 second(s)

2018-05-22 11:54:22 - [TEST_STEP][PASSED] - selectOptionByIndex: All options with index in [1] are selected on object 'Object Repository/HealthpostToStore/Page_KDMC - CMO/select_--Select--'

2018-05-22 11:54:22 - [MESSAGE][PASSED] - All options with index in [1] are selected on object 'Object Repository/HealthpostToStore/Page_KDMC - CMO/select_--Select--'

2018-05-22 11:54:22 - [TEST_STEP][PASSED] - click: Object: 'Object Repository/HealthpostToStore/Page_KDMC - CMO/input_btnupdate' is clicked on

2018-05-22 11:54:22 - [MESSAGE][PASSED] - Object: 'Object Repository/HealthpostToStore/Page_KDMC - CMO/input_btnupdate' is clicked on

2018-05-22 11:54:22 - [TEST_STEP][PASSED] - delay: Delayed 2 second(s)

2018-05-22 11:54:24 - [MESSAGE][PASSED] - Delayed 2 second(s)

2018-05-22 11:54:24 - [TEST_STEP][PASSED] - click: Object: 'Object Repository/HealthpostToStore/Page_KDMC - CMO/button_OK' is clicked on

2018-05-22 11:54:25 - [MESSAGE][PASSED] - Object: 'Object Repository/HealthpostToStore/Page_KDMC - CMO/button_OK' is clicked on

2018-05-22 11:54:25 - [TEST_STEP][PASSED] - delay: Delayed 2 second(s)

2018-05-22 11:54:27 - [MESSAGE][PASSED] - Delayed 2 second(s)

2018-05-22 11:54:27 - [TEST_STEP][PASSED] - click: Object: 'Object Repository/HealthpostToStore/Page_KDMC - CMO/a_dropdown-toggle' is clicked on

2018-05-22 11:54:27 - [MESSAGE][PASSED] - Object: 'Object Repository/HealthpostToStore/Page_KDMC - CMO/a_dropdown-toggle' is clicked on

2018-05-22 11:54:27 - [TEST_STEP][PASSED] - click: Object: 'Object Repository/HealthpostToStore/Page_KDMC - CMO/a_Sign out' is clicked on

2018-05-22 11:54:27 - [MESSAGE][PASSED] - Object: 'Object Repository/HealthpostToStore/Page_KDMC - CMO/a_Sign out' is clicked on

2018-05-22 11:54:27 - [TEST_STEP][PASSED] - delay: Delayed 3 second(s)

2018-05-22 11:54:30 - [MESSAGE][PASSED] - Delayed 3 second(s)

2018-05-22 11:54:30 - [TEST_STEP][PASSED] - click: Object: 'Object Repository/HealthpostToStore/Page_KDMC/a_Divisional Store' is clicked on

2018-05-22 11:54:31 - [MESSAGE][PASSED] - Object: 'Object Repository/HealthpostToStore/Page_KDMC/a_Divisional Store' is clicked on

2018-05-22 11:54:31 - [TEST_STEP][PASSED] - setText: Text 'ragu' is set on object 'Object Repository/HealthpostToStore/Page_Divisonal Store Login/input_txtusername'

2018-05-22 11:54:31 - [MESSAGE][PASSED] - Text 'ragu' is set on object 'Object Repository/HealthpostToStore/Page_Divisonal Store Login/input_txtusername'

2018-05-22 11:54:31 - [TEST_STEP][PASSED] - setText: Text '123' is set on object 'Object Repository/HealthpostToStore/Page_Divisonal Store Login/input_txtpassword'

2018-05-22 11:54:31 - [MESSAGE][PASSED] - Text '123' is set on object 'Object Repository/HealthpostToStore/Page_Divisonal Store Login/input_txtpassword'

2018-05-22 11:54:31 - [TEST_STEP][PASSED] - delay: Delayed 3 second(s)

2018-05-22 11:54:34 - [MESSAGE][PASSED] - Delayed 3 second(s)

2018-05-22 11:54:34 - [TEST_STEP][PASSED] - click: Object: 'Object Repository/HealthpostToStore/Page_Divisonal Store Login/button_Sign in' is clicked on

2018-05-22 11:54:36 - [MESSAGE][PASSED] - Object: 'Object Repository/HealthpostToStore/Page_Divisonal Store Login/button_Sign in' is clicked on

2018-05-22 11:54:36 - [TEST_STEP][PASSED] - delay: Delayed 3 second(s)

2018-05-22 11:54:39 - [MESSAGE][PASSED] - Delayed 3 second(s)

2018-05-22 11:54:39 - [TEST_STEP][PASSED] - click: Object: 'Object Repository/HealthpostToStore/Page_Store/a_Health Post Request' is clicked on

2018-05-22 11:54:39 - [MESSAGE][PASSED] - Object: 'Object Repository/HealthpostToStore/Page_Store/a_Health Post Request' is clicked on

2018-05-22 11:54:39 - [TEST_STEP][PASSED] - click: Object: 'Object Repository/HealthpostToStore/Page_Store/a_Request Item HealthPost' is clicked on

2018-05-22 11:54:40 - [MESSAGE][PASSED] - Object: 'Object Repository/HealthpostToStore/Page_Store/a_Request Item HealthPost' is clicked on

2018-05-22 11:54:40 - [TEST_STEP][PASSED] - Statement - ChooseRequest = com.kms.katalon.core.webui.keyword.WebUiBuiltInKeywords.modifyObjectProperty(com.kms.katalon.core.testobject.ObjectRepository.findTestObject(lab/Page_Store/input_1), "xpath", "equals", "//*[@id=" + RID + "]", true): Modify property of object successfully

2018-05-22 11:54:40 - [MESSAGE][PASSED] - Modify property of object successfully

2018-05-22 11:54:40 - [TEST_STEP][PASSED] - click: Object: 'Object Repository/lab/Page_Store/input_1' is clicked on

2018-05-22 11:54:40 - [MESSAGE][PASSED] - Object: 'Object Repository/lab/Page_Store/input_1' is clicked on

2018-05-22 11:54:40 - [TEST_STEP][PASSED] - Statement - selectedoptions = com.kms.katalon.core.webui.keyword.WebUiBuiltInKeywords.getNumberOfTotalOption(com.kms.katalon.core.testobject.ObjectRepository.findTestObject(HealthpostToStore/Page_Store/select_--Select--Adernaline 0.)): 36 options of object 'Object Repository/HealthpostToStore/Page_Store/select_--Select--Adernaline 0.' counted

2018-05-22 11:54:40 - [MESSAGE][PASSED] - 36 options of object 'Object Repository/HealthpostToStore/Page_Store/select_--Select--Adernaline 0.' counted

2018-05-22 11:54:40 - [TEST_STEP][FAILED] - Statement - For ([a = 1, a <= selectedoptions - 1, (a++)]): Unable to get attribute 'value' of object 'Object Repository/HealthpostToStore/Page_Store/input_txttotal' (Root cause: org.openqa.selenium.UnhandledAlertException: unexpected alert open: {Alert text : function Error() { [native code] }}
  (Session info: chrome=66.0.3359.181)
  (Driver info: chromedriver=2.35.528161 (5b82f2d2aae0ca24b877009200ced9065a772e73),platform=Windows NT 10.0.17134 x86_64) (WARNING: The server did not provide any stacktrace information)
Command duration or timeout: 0 milliseconds: null
Build info: version: '3.7.1', revision: '8a0099a', time: '2017-11-06T21:07:36.161Z'
System info: host: 'DESKTOP-BLFTK83', ip: '169.254.189.85', os.name: 'Windows 10', os.arch: 'amd64', os.version: '10.0', java.version: '1.8.0_102'
Driver info: com.kms.katalon.selenium.driver.CChromeDriver
Capabilities {acceptInsecureCerts: false, acceptSslCerts: false, applicationCacheEnabled: false, browserConnectionEnabled: false, browserName: chrome, chrome: {chromedriverVersion: 2.35.528161 (5b82f2d2aae0ca..., userDataDir: C:\Users\QUALIT~1\AppData\L...}, cssSelectorsEnabled: true, databaseEnabled: false, handlesAlerts: true, hasTouchScreen: false, javascriptEnabled: true, locationContextEnabled: true, mobileEmulationEnabled: false, nativeEvents: true, networkConnectionEnabled: false, pageLoadStrategy: normal, platform: XP, platformName: XP, rotatable: false, setWindowRect: true, takesHeapSnapshot: true, takesScreenshot: true, unexpectedAlertBehaviour: , unhandledPromptBehavior: , version: 66.0.3359.181, webStorageEnabled: true}
Session ID: 3a3b03ab4bd0875fbd9ec57a2a2a56b0
*** Element info: {Using=xpath, value=//input[@type = 'text' and @id = 'txttotal' and @name = 'txttotal' and @placeholder = 'Req.Qty']})

2018-05-22 11:54:40 - [TEST_STEP][PASSED] - selectOptionByIndex: All options with index in [1] are selected on object 'Object Repository/HealthpostToStore/Page_Store/select_--Select--Adernaline 0.'

2018-05-22 11:54:41 - [MESSAGE][PASSED] - All options with index in [1] are selected on object 'Object Repository/HealthpostToStore/Page_Store/select_--Select--Adernaline 0.'

2018-05-22 11:54:41 - [TEST_STEP][PASSED] - delay: Delayed 2 second(s)

2018-05-22 11:54:43 - [MESSAGE][PASSED] - Delayed 2 second(s)

2018-05-22 11:54:43 - [TEST_STEP][PASSED] - Statement - RequestedQty = com.kms.katalon.core.webui.keyword.WebUiBuiltInKeywords.getAttribute(com.kms.katalon.core.testobject.ObjectRepository.findTestObject(HealthpostToStore/Page_Store/input_txttotal), "value"): Attribute 'value' of object 'Object Repository/HealthpostToStore/Page_Store/input_txttotal' is: '10'

2018-05-22 11:54:43 - [MESSAGE][PASSED] - Attribute 'value' of object 'Object Repository/HealthpostToStore/Page_Store/input_txttotal' is: '10'

2018-05-22 11:54:43 - [TEST_STEP][PASSED] - Statement - out.println("Requested QTY : " + RequestedQty): null

2018-05-22 11:54:43 - [TEST_STEP][PASSED] - Statement - BatchNumber = com.kms.katalon.core.webui.keyword.WebUiBuiltInKeywords.getNumberOfTotalOption(com.kms.katalon.core.testobject.ObjectRepository.findTestObject(HealthpostToStore/Page_Store/select_--Select--BA1170BA2376B)): 3 options of object 'Object Repository/HealthpostToStore/Page_Store/select_--Select--BA1170BA2376B' counted

2018-05-22 11:54:43 - [MESSAGE][PASSED] - 3 options of object 'Object Repository/HealthpostToStore/Page_Store/select_--Select--BA1170BA2376B' counted

2018-05-22 11:54:43 - [TEST_STEP][PASSED] - Statement - For ([g = 1, g <= BatchNumber - 1, (g++)]): null

2018-05-22 11:54:43 - [TEST_STEP][PASSED] - selectOptionByIndex: All options with index in [1] are selected on object 'Object Repository/HealthpostToStore/Page_Store/select_--Select--BA1170BA2376B'

2018-05-22 11:54:43 - [MESSAGE][PASSED] - All options with index in [1] are selected on object 'Object Repository/HealthpostToStore/Page_Store/select_--Select--BA1170BA2376B'

2018-05-22 11:54:43 - [TEST_STEP][PASSED] - Statement - Try: null

2018-05-22 11:54:43 - [TEST_STEP][PASSED] - Statement - StockQty = com.kms.katalon.core.webui.keyword.WebUiBuiltInKeywords.getAttribute(com.kms.katalon.core.testobject.ObjectRepository.findTestObject(HealthpostToStore/Page_Store/input_txtprice), "value"): Attribute 'value' of object 'Object Repository/HealthpostToStore/Page_Store/input_txtprice' is: '300'

2018-05-22 11:54:43 - [MESSAGE][PASSED] - Attribute 'value' of object 'Object Repository/HealthpostToStore/Page_Store/input_txtprice' is: '300'

2018-05-22 11:54:43 - [TEST_STEP][PASSED] - Statement - out.println("Stock QTY : " + StockQty): null

2018-05-22 11:54:43 - [TEST_STEP][PASSED] - delay: Delayed 2 second(s)

2018-05-22 11:54:45 - [MESSAGE][PASSED] - Delayed 2 second(s)

2018-05-22 11:54:45 - [TEST_STEP][PASSED] - Statement - If (java.lang.String.valueOf(StockQty) >= java.lang.String.valueOf(RequestedQty)): null

2018-05-22 11:54:45 - [TEST_STEP][PASSED] - setText: Text '10' is set on object 'Object Repository/HealthpostToStore/Page_Store/input_txtqty'

2018-05-22 11:54:45 - [MESSAGE][PASSED] - Text '10' is set on object 'Object Repository/HealthpostToStore/Page_Store/input_txtqty'

2018-05-22 11:54:45 - [TEST_STEP][PASSED] - click: Object: 'Object Repository/HealthpostToStore/Page_Store/button_Add' is clicked on

2018-05-22 11:54:45 - [MESSAGE][PASSED] - Object: 'Object Repository/HealthpostToStore/Page_Store/button_Add' is clicked on

2018-05-22 11:54:45 - [TEST_STEP][PASSED] - Statement - Break: null

2018-05-22 11:54:45 - [TEST_STEP][PASSED] - selectOptionByIndex: All options with index in [2] are selected on object 'Object Repository/HealthpostToStore/Page_Store/select_--Select--Adernaline 0.'

2018-05-22 11:54:45 - [MESSAGE][PASSED] - All options with index in [2] are selected on object 'Object Repository/HealthpostToStore/Page_Store/select_--Select--Adernaline 0.'

2018-05-22 11:54:45 - [TEST_STEP][PASSED] - delay: Delayed 2 second(s)

2018-05-22 11:54:47 - [MESSAGE][PASSED] - Delayed 2 second(s)

2018-05-22 11:54:47 - [TEST_STEP][PASSED] - Statement - RequestedQty = com.kms.katalon.core.webui.keyword.WebUiBuiltInKeywords.getAttribute(com.kms.katalon.core.testobject.ObjectRepository.findTestObject(HealthpostToStore/Page_Store/input_txttotal), "value"): Attribute 'value' of object 'Object Repository/HealthpostToStore/Page_Store/input_txttotal' is: '10'

2018-05-22 11:54:47 - [MESSAGE][PASSED] - Attribute 'value' of object 'Object Repository/HealthpostToStore/Page_Store/input_txttotal' is: '10'

2018-05-22 11:54:47 - [TEST_STEP][PASSED] - Statement - out.println("Requested QTY : " + RequestedQty): null

2018-05-22 11:54:47 - [TEST_STEP][PASSED] - Statement - BatchNumber = com.kms.katalon.core.webui.keyword.WebUiBuiltInKeywords.getNumberOfTotalOption(com.kms.katalon.core.testobject.ObjectRepository.findTestObject(HealthpostToStore/Page_Store/select_--Select--BA1170BA2376B)): 3 options of object 'Object Repository/HealthpostToStore/Page_Store/select_--Select--BA1170BA2376B' counted

2018-05-22 11:54:47 - [MESSAGE][PASSED] - 3 options of object 'Object Repository/HealthpostToStore/Page_Store/select_--Select--BA1170BA2376B' counted

2018-05-22 11:54:47 - [TEST_STEP][PASSED] - Statement - For ([g = 1, g <= BatchNumber - 1, (g++)]): null

2018-05-22 11:54:47 - [TEST_STEP][PASSED] - selectOptionByIndex: All options with index in [1] are selected on object 'Object Repository/HealthpostToStore/Page_Store/select_--Select--BA1170BA2376B'

2018-05-22 11:54:47 - [MESSAGE][PASSED] - All options with index in [1] are selected on object 'Object Repository/HealthpostToStore/Page_Store/select_--Select--BA1170BA2376B'

2018-05-22 11:54:47 - [TEST_STEP][PASSED] - Statement - Try: null

2018-05-22 11:54:47 - [TEST_STEP][PASSED] - Statement - StockQty = com.kms.katalon.core.webui.keyword.WebUiBuiltInKeywords.getAttribute(com.kms.katalon.core.testobject.ObjectRepository.findTestObject(HealthpostToStore/Page_Store/input_txtprice), "value"): Attribute 'value' of object 'Object Repository/HealthpostToStore/Page_Store/input_txtprice' is: '300'

2018-05-22 11:54:47 - [MESSAGE][PASSED] - Attribute 'value' of object 'Object Repository/HealthpostToStore/Page_Store/input_txtprice' is: '300'

2018-05-22 11:54:47 - [TEST_STEP][PASSED] - Statement - out.println("Stock QTY : " + StockQty): null

2018-05-22 11:54:47 - [TEST_STEP][PASSED] - delay: Delayed 2 second(s)

2018-05-22 11:54:49 - [MESSAGE][PASSED] - Delayed 2 second(s)

2018-05-22 11:54:49 - [TEST_STEP][PASSED] - Statement - If (java.lang.String.valueOf(StockQty) >= java.lang.String.valueOf(RequestedQty)): null

2018-05-22 11:54:49 - [TEST_STEP][PASSED] - setText: Text '10' is set on object 'Object Repository/HealthpostToStore/Page_Store/input_txtqty'

2018-05-22 11:54:49 - [MESSAGE][PASSED] - Text '10' is set on object 'Object Repository/HealthpostToStore/Page_Store/input_txtqty'

2018-05-22 11:54:49 - [TEST_STEP][PASSED] - click: Object: 'Object Repository/HealthpostToStore/Page_Store/button_Add' is clicked on

2018-05-22 11:54:50 - [MESSAGE][PASSED] - Object: 'Object Repository/HealthpostToStore/Page_Store/button_Add' is clicked on

2018-05-22 11:54:50 - [TEST_STEP][PASSED] - Statement - Break: null

2018-05-22 11:54:50 - [TEST_STEP][PASSED] - selectOptionByIndex: All options with index in [3] are selected on object 'Object Repository/HealthpostToStore/Page_Store/select_--Select--Adernaline 0.'

2018-05-22 11:54:50 - [MESSAGE][PASSED] - All options with index in [3] are selected on object 'Object Repository/HealthpostToStore/Page_Store/select_--Select--Adernaline 0.'

2018-05-22 11:54:50 - [TEST_STEP][PASSED] - delay: Delayed 2 second(s)

2018-05-22 11:54:52 - [MESSAGE][PASSED] - Delayed 2 second(s)

2018-05-22 11:54:52 - [TEST_STEP][PASSED] - Statement - RequestedQty = com.kms.katalon.core.webui.keyword.WebUiBuiltInKeywords.getAttribute(com.kms.katalon.core.testobject.ObjectRepository.findTestObject(HealthpostToStore/Page_Store/input_txttotal), "value"): Attribute 'value' of object 'Object Repository/HealthpostToStore/Page_Store/input_txttotal' is: '10'

2018-05-22 11:54:52 - [MESSAGE][PASSED] - Attribute 'value' of object 'Object Repository/HealthpostToStore/Page_Store/input_txttotal' is: '10'

2018-05-22 11:54:52 - [TEST_STEP][PASSED] - Statement - out.println("Requested QTY : " + RequestedQty): null

2018-05-22 11:54:52 - [TEST_STEP][PASSED] - Statement - BatchNumber = com.kms.katalon.core.webui.keyword.WebUiBuiltInKeywords.getNumberOfTotalOption(com.kms.katalon.core.testobject.ObjectRepository.findTestObject(HealthpostToStore/Page_Store/select_--Select--BA1170BA2376B)): 2 options of object 'Object Repository/HealthpostToStore/Page_Store/select_--Select--BA1170BA2376B' counted

2018-05-22 11:54:52 - [MESSAGE][PASSED] - 2 options of object 'Object Repository/HealthpostToStore/Page_Store/select_--Select--BA1170BA2376B' counted

2018-05-22 11:54:52 - [TEST_STEP][PASSED] - Statement - For ([g = 1, g <= BatchNumber - 1, (g++)]): null

2018-05-22 11:54:52 - [TEST_STEP][PASSED] - selectOptionByIndex: All options with index in [1] are selected on object 'Object Repository/HealthpostToStore/Page_Store/select_--Select--BA1170BA2376B'

2018-05-22 11:54:52 - [MESSAGE][PASSED] - All options with index in [1] are selected on object 'Object Repository/HealthpostToStore/Page_Store/select_--Select--BA1170BA2376B'

2018-05-22 11:54:52 - [TEST_STEP][PASSED] - Statement - Try: null

2018-05-22 11:54:52 - [TEST_STEP][PASSED] - Statement - StockQty = com.kms.katalon.core.webui.keyword.WebUiBuiltInKeywords.getAttribute(com.kms.katalon.core.testobject.ObjectRepository.findTestObject(HealthpostToStore/Page_Store/input_txtprice), "value"): Attribute 'value' of object 'Object Repository/HealthpostToStore/Page_Store/input_txtprice' is: ''

2018-05-22 11:54:52 - [MESSAGE][PASSED] - Attribute 'value' of object 'Object Repository/HealthpostToStore/Page_Store/input_txtprice' is: ''

2018-05-22 11:54:52 - [TEST_STEP][PASSED] - Statement - out.println("Stock QTY : " + StockQty): null

2018-05-22 11:54:52 - [TEST_STEP][PASSED] - delay: Delayed 2 second(s)

2018-05-22 11:54:54 - [MESSAGE][PASSED] - Delayed 2 second(s)

2018-05-22 11:54:54 - [TEST_STEP][PASSED] - Statement - If (java.lang.String.valueOf(StockQty) >= java.lang.String.valueOf(RequestedQty)): null

2018-05-22 11:54:54 - [TEST_STEP][PASSED] - Statement - Else: null

2018-05-22 11:54:54 - [TEST_STEP][PASSED] - Statement - out.println("Stock Is Less Than Requested Qty"): null

2018-05-22 11:54:54 - [TEST_STEP][PASSED] - selectOptionByIndex: All options with index in [4] are selected on object 'Object Repository/HealthpostToStore/Page_Store/select_--Select--Adernaline 0.'

2018-05-22 11:54:54 - [MESSAGE][PASSED] - All options with index in [4] are selected on object 'Object Repository/HealthpostToStore/Page_Store/select_--Select--Adernaline 0.'

2018-05-22 11:54:54 - [TEST_STEP][PASSED] - delay: Delayed 2 second(s)

2018-05-22 11:54:56 - [MESSAGE][PASSED] - Delayed 2 second(s)

2018-05-22 11:54:56 - [TEST_STEP][PASSED] - Statement - RequestedQty = com.kms.katalon.core.webui.keyword.WebUiBuiltInKeywords.getAttribute(com.kms.katalon.core.testobject.ObjectRepository.findTestObject(HealthpostToStore/Page_Store/input_txttotal), "value"): Attribute 'value' of object 'Object Repository/HealthpostToStore/Page_Store/input_txttotal' is: '10'

2018-05-22 11:54:56 - [MESSAGE][PASSED] - Attribute 'value' of object 'Object Repository/HealthpostToStore/Page_Store/input_txttotal' is: '10'

2018-05-22 11:54:56 - [TEST_STEP][PASSED] - Statement - out.println("Requested QTY : " + RequestedQty): null

2018-05-22 11:54:56 - [TEST_STEP][PASSED] - Statement - BatchNumber = com.kms.katalon.core.webui.keyword.WebUiBuiltInKeywords.getNumberOfTotalOption(com.kms.katalon.core.testobject.ObjectRepository.findTestObject(HealthpostToStore/Page_Store/select_--Select--BA1170BA2376B)): 2 options of object 'Object Repository/HealthpostToStore/Page_Store/select_--Select--BA1170BA2376B' counted

2018-05-22 11:54:56 - [MESSAGE][PASSED] - 2 options of object 'Object Repository/HealthpostToStore/Page_Store/select_--Select--BA1170BA2376B' counted

2018-05-22 11:54:56 - [TEST_STEP][PASSED] - Statement - For ([g = 1, g <= BatchNumber - 1, (g++)]): null

2018-05-22 11:54:56 - [TEST_STEP][PASSED] - selectOptionByIndex: All options with index in [1] are selected on object 'Object Repository/HealthpostToStore/Page_Store/select_--Select--BA1170BA2376B'

2018-05-22 11:54:56 - [MESSAGE][PASSED] - All options with index in [1] are selected on object 'Object Repository/HealthpostToStore/Page_Store/select_--Select--BA1170BA2376B'

2018-05-22 11:54:56 - [TEST_STEP][PASSED] - Statement - Try: null

2018-05-22 11:54:56 - [TEST_STEP][PASSED] - Statement - StockQty = com.kms.katalon.core.webui.keyword.WebUiBuiltInKeywords.getAttribute(com.kms.katalon.core.testobject.ObjectRepository.findTestObject(HealthpostToStore/Page_Store/input_txtprice), "value"): Attribute 'value' of object 'Object Repository/HealthpostToStore/Page_Store/input_txtprice' is: '1500'

2018-05-22 11:54:56 - [MESSAGE][PASSED] - Attribute 'value' of object 'Object Repository/HealthpostToStore/Page_Store/input_txtprice' is: '1500'

2018-05-22 11:54:56 - [TEST_STEP][PASSED] - Statement - out.println("Stock QTY : " + StockQty): null

2018-05-22 11:54:56 - [TEST_STEP][PASSED] - delay: Delayed 2 second(s)

2018-05-22 11:54:58 - [MESSAGE][PASSED] - Delayed 2 second(s)

2018-05-22 11:54:58 - [TEST_STEP][PASSED] - Statement - If (java.lang.String.valueOf(StockQty) >= java.lang.String.valueOf(RequestedQty)): null

2018-05-22 11:54:58 - [TEST_STEP][PASSED] - setText: Text '10' is set on object 'Object Repository/HealthpostToStore/Page_Store/input_txtqty'

2018-05-22 11:54:58 - [MESSAGE][PASSED] - Text '10' is set on object 'Object Repository/HealthpostToStore/Page_Store/input_txtqty'

2018-05-22 11:54:58 - [TEST_STEP][PASSED] - click: Object: 'Object Repository/HealthpostToStore/Page_Store/button_Add' is clicked on

2018-05-22 11:54:59 - [MESSAGE][PASSED] - Object: 'Object Repository/HealthpostToStore/Page_Store/button_Add' is clicked on

2018-05-22 11:54:59 - [TEST_STEP][PASSED] - Statement - Break: null

2018-05-22 11:54:59 - [TEST_STEP][PASSED] - selectOptionByIndex: All options with index in [5] are selected on object 'Object Repository/HealthpostToStore/Page_Store/select_--Select--Adernaline 0.'

2018-05-22 11:54:59 - [MESSAGE][PASSED] - All options with index in [5] are selected on object 'Object Repository/HealthpostToStore/Page_Store/select_--Select--Adernaline 0.'

2018-05-22 11:54:59 - [TEST_STEP][PASSED] - delay: Delayed 2 second(s)

2018-05-22 11:55:01 - [MESSAGE][PASSED] - Delayed 2 second(s)

2018-05-22 11:55:01 - [TEST_STEP][PASSED] - Statement - RequestedQty = com.kms.katalon.core.webui.keyword.WebUiBuiltInKeywords.getAttribute(com.kms.katalon.core.testobject.ObjectRepository.findTestObject(HealthpostToStore/Page_Store/input_txttotal), "value"): Attribute 'value' of object 'Object Repository/HealthpostToStore/Page_Store/input_txttotal' is: '10'

2018-05-22 11:55:01 - [MESSAGE][PASSED] - Attribute 'value' of object 'Object Repository/HealthpostToStore/Page_Store/input_txttotal' is: '10'

2018-05-22 11:55:01 - [TEST_STEP][PASSED] - Statement - out.println("Requested QTY : " + RequestedQty): null

2018-05-22 11:55:01 - [TEST_STEP][PASSED] - Statement - BatchNumber = com.kms.katalon.core.webui.keyword.WebUiBuiltInKeywords.getNumberOfTotalOption(com.kms.katalon.core.testobject.ObjectRepository.findTestObject(HealthpostToStore/Page_Store/select_--Select--BA1170BA2376B)): 2 options of object 'Object Repository/HealthpostToStore/Page_Store/select_--Select--BA1170BA2376B' counted

2018-05-22 11:55:01 - [MESSAGE][PASSED] - 2 options of object 'Object Repository/HealthpostToStore/Page_Store/select_--Select--BA1170BA2376B' counted

2018-05-22 11:55:01 - [TEST_STEP][PASSED] - Statement - For ([g = 1, g <= BatchNumber - 1, (g++)]): null

2018-05-22 11:55:01 - [TEST_STEP][PASSED] - selectOptionByIndex: All options with index in [1] are selected on object 'Object Repository/HealthpostToStore/Page_Store/select_--Select--BA1170BA2376B'

2018-05-22 11:55:01 - [MESSAGE][PASSED] - All options with index in [1] are selected on object 'Object Repository/HealthpostToStore/Page_Store/select_--Select--BA1170BA2376B'

2018-05-22 11:55:01 - [TEST_STEP][PASSED] - Statement - Try: null

2018-05-22 11:55:01 - [TEST_STEP][PASSED] - Statement - StockQty = com.kms.katalon.core.webui.keyword.WebUiBuiltInKeywords.getAttribute(com.kms.katalon.core.testobject.ObjectRepository.findTestObject(HealthpostToStore/Page_Store/input_txtprice), "value"): Attribute 'value' of object 'Object Repository/HealthpostToStore/Page_Store/input_txtprice' is: '300'

2018-05-22 11:55:01 - [MESSAGE][PASSED] - Attribute 'value' of object 'Object Repository/HealthpostToStore/Page_Store/input_txtprice' is: '300'

2018-05-22 11:55:01 - [TEST_STEP][PASSED] - Statement - out.println("Stock QTY : " + StockQty): null

2018-05-22 11:55:01 - [TEST_STEP][PASSED] - delay: Delayed 2 second(s)

2018-05-22 11:55:03 - [MESSAGE][PASSED] - Delayed 2 second(s)

2018-05-22 11:55:03 - [TEST_STEP][PASSED] - Statement - If (java.lang.String.valueOf(StockQty) >= java.lang.String.valueOf(RequestedQty)): null

2018-05-22 11:55:03 - [TEST_STEP][PASSED] - setText: Text '10' is set on object 'Object Repository/HealthpostToStore/Page_Store/input_txtqty'

2018-05-22 11:55:03 - [MESSAGE][PASSED] - Text '10' is set on object 'Object Repository/HealthpostToStore/Page_Store/input_txtqty'

2018-05-22 11:55:03 - [TEST_STEP][PASSED] - click: Object: 'Object Repository/HealthpostToStore/Page_Store/button_Add' is clicked on

2018-05-22 11:55:03 - [MESSAGE][PASSED] - Object: 'Object Repository/HealthpostToStore/Page_Store/button_Add' is clicked on

2018-05-22 11:55:03 - [TEST_STEP][PASSED] - Statement - Break: null

2018-05-22 11:55:03 - [TEST_STEP][PASSED] - selectOptionByIndex: All options with index in [6] are selected on object 'Object Repository/HealthpostToStore/Page_Store/select_--Select--Adernaline 0.'

2018-05-22 11:55:03 - [MESSAGE][PASSED] - All options with index in [6] are selected on object 'Object Repository/HealthpostToStore/Page_Store/select_--Select--Adernaline 0.'

2018-05-22 11:55:03 - [TEST_STEP][PASSED] - delay: Delayed 2 second(s)

2018-05-22 11:55:05 - [MESSAGE][PASSED] - Delayed 2 second(s)

2018-05-22 11:55:05 - [TEST_STEP][PASSED] - Statement - RequestedQty = com.kms.katalon.core.webui.keyword.WebUiBuiltInKeywords.getAttribute(com.kms.katalon.core.testobject.ObjectRepository.findTestObject(HealthpostToStore/Page_Store/input_txttotal), "value"): Attribute 'value' of object 'Object Repository/HealthpostToStore/Page_Store/input_txttotal' is: '10'

2018-05-22 11:55:05 - [MESSAGE][PASSED] - Attribute 'value' of object 'Object Repository/HealthpostToStore/Page_Store/input_txttotal' is: '10'

2018-05-22 11:55:05 - [TEST_STEP][PASSED] - Statement - out.println("Requested QTY : " + RequestedQty): null

2018-05-22 11:55:05 - [TEST_STEP][PASSED] - Statement - BatchNumber = com.kms.katalon.core.webui.keyword.WebUiBuiltInKeywords.getNumberOfTotalOption(com.kms.katalon.core.testobject.ObjectRepository.findTestObject(HealthpostToStore/Page_Store/select_--Select--BA1170BA2376B)): 2 options of object 'Object Repository/HealthpostToStore/Page_Store/select_--Select--BA1170BA2376B' counted

2018-05-22 11:55:05 - [MESSAGE][PASSED] - 2 options of object 'Object Repository/HealthpostToStore/Page_Store/select_--Select--BA1170BA2376B' counted

2018-05-22 11:55:05 - [TEST_STEP][PASSED] - Statement - For ([g = 1, g <= BatchNumber - 1, (g++)]): null

2018-05-22 11:55:05 - [TEST_STEP][PASSED] - selectOptionByIndex: All options with index in [1] are selected on object 'Object Repository/HealthpostToStore/Page_Store/select_--Select--BA1170BA2376B'

2018-05-22 11:55:06 - [MESSAGE][PASSED] - All options with index in [1] are selected on object 'Object Repository/HealthpostToStore/Page_Store/select_--Select--BA1170BA2376B'

2018-05-22 11:55:06 - [TEST_STEP][PASSED] - Statement - Try: null

2018-05-22 11:55:06 - [TEST_STEP][PASSED] - Statement - StockQty = com.kms.katalon.core.webui.keyword.WebUiBuiltInKeywords.getAttribute(com.kms.katalon.core.testobject.ObjectRepository.findTestObject(HealthpostToStore/Page_Store/input_txtprice), "value"): Attribute 'value' of object 'Object Repository/HealthpostToStore/Page_Store/input_txtprice' is: '300'

2018-05-22 11:55:06 - [MESSAGE][PASSED] - Attribute 'value' of object 'Object Repository/HealthpostToStore/Page_Store/input_txtprice' is: '300'

2018-05-22 11:55:06 - [TEST_STEP][PASSED] - Statement - out.println("Stock QTY : " + StockQty): null

2018-05-22 11:55:06 - [TEST_STEP][PASSED] - delay: Delayed 2 second(s)

2018-05-22 11:55:08 - [MESSAGE][PASSED] - Delayed 2 second(s)

2018-05-22 11:55:08 - [TEST_STEP][PASSED] - Statement - If (java.lang.String.valueOf(StockQty) >= java.lang.String.valueOf(RequestedQty)): null

2018-05-22 11:55:08 - [TEST_STEP][PASSED] - setText: Text '10' is set on object 'Object Repository/HealthpostToStore/Page_Store/input_txtqty'

2018-05-22 11:55:08 - [MESSAGE][PASSED] - Text '10' is set on object 'Object Repository/HealthpostToStore/Page_Store/input_txtqty'

2018-05-22 11:55:08 - [TEST_STEP][PASSED] - click: Object: 'Object Repository/HealthpostToStore/Page_Store/button_Add' is clicked on

2018-05-22 11:55:08 - [MESSAGE][PASSED] - Object: 'Object Repository/HealthpostToStore/Page_Store/button_Add' is clicked on

2018-05-22 11:55:08 - [TEST_STEP][PASSED] - Statement - Break: null

2018-05-22 11:55:08 - [TEST_STEP][PASSED] - selectOptionByIndex: All options with index in [7] are selected on object 'Object Repository/HealthpostToStore/Page_Store/select_--Select--Adernaline 0.'

2018-05-22 11:55:08 - [MESSAGE][PASSED] - All options with index in [7] are selected on object 'Object Repository/HealthpostToStore/Page_Store/select_--Select--Adernaline 0.'

2018-05-22 11:55:08 - [TEST_STEP][PASSED] - delay: Delayed 2 second(s)

2018-05-22 11:55:10 - [MESSAGE][PASSED] - Delayed 2 second(s)

2018-05-22 11:55:10 - [TEST_STEP][PASSED] - Statement - RequestedQty = com.kms.katalon.core.webui.keyword.WebUiBuiltInKeywords.getAttribute(com.kms.katalon.core.testobject.ObjectRepository.findTestObject(HealthpostToStore/Page_Store/input_txttotal), "value"): Attribute 'value' of object 'Object Repository/HealthpostToStore/Page_Store/input_txttotal' is: '10'

2018-05-22 11:55:10 - [MESSAGE][PASSED] - Attribute 'value' of object 'Object Repository/HealthpostToStore/Page_Store/input_txttotal' is: '10'

2018-05-22 11:55:10 - [TEST_STEP][PASSED] - Statement - out.println("Requested QTY : " + RequestedQty): null

2018-05-22 11:55:10 - [TEST_STEP][PASSED] - Statement - BatchNumber = com.kms.katalon.core.webui.keyword.WebUiBuiltInKeywords.getNumberOfTotalOption(com.kms.katalon.core.testobject.ObjectRepository.findTestObject(HealthpostToStore/Page_Store/select_--Select--BA1170BA2376B)): 2 options of object 'Object Repository/HealthpostToStore/Page_Store/select_--Select--BA1170BA2376B' counted

2018-05-22 11:55:10 - [MESSAGE][PASSED] - 2 options of object 'Object Repository/HealthpostToStore/Page_Store/select_--Select--BA1170BA2376B' counted

2018-05-22 11:55:10 - [TEST_STEP][PASSED] - Statement - For ([g = 1, g <= BatchNumber - 1, (g++)]): null

2018-05-22 11:55:10 - [TEST_STEP][PASSED] - selectOptionByIndex: All options with index in [1] are selected on object 'Object Repository/HealthpostToStore/Page_Store/select_--Select--BA1170BA2376B'

2018-05-22 11:55:10 - [MESSAGE][PASSED] - All options with index in [1] are selected on object 'Object Repository/HealthpostToStore/Page_Store/select_--Select--BA1170BA2376B'

2018-05-22 11:55:10 - [TEST_STEP][PASSED] - Statement - Try: null

2018-05-22 11:55:10 - [TEST_STEP][PASSED] - Statement - StockQty = com.kms.katalon.core.webui.keyword.WebUiBuiltInKeywords.getAttribute(com.kms.katalon.core.testobject.ObjectRepository.findTestObject(HealthpostToStore/Page_Store/input_txtprice), "value"): Attribute 'value' of object 'Object Repository/HealthpostToStore/Page_Store/input_txtprice' is: '300'

2018-05-22 11:55:10 - [MESSAGE][PASSED] - Attribute 'value' of object 'Object Repository/HealthpostToStore/Page_Store/input_txtprice' is: '300'

2018-05-22 11:55:10 - [TEST_STEP][PASSED] - Statement - out.println("Stock QTY : " + StockQty): null

2018-05-22 11:55:10 - [TEST_STEP][PASSED] - delay: Delayed 2 second(s)

2018-05-22 11:55:12 - [MESSAGE][PASSED] - Delayed 2 second(s)

2018-05-22 11:55:12 - [TEST_STEP][PASSED] - Statement - If (java.lang.String.valueOf(StockQty) >= java.lang.String.valueOf(RequestedQty)): null

2018-05-22 11:55:12 - [TEST_STEP][PASSED] - setText: Text '10' is set on object 'Object Repository/HealthpostToStore/Page_Store/input_txtqty'

2018-05-22 11:55:12 - [MESSAGE][PASSED] - Text '10' is set on object 'Object Repository/HealthpostToStore/Page_Store/input_txtqty'

2018-05-22 11:55:12 - [TEST_STEP][PASSED] - click: Object: 'Object Repository/HealthpostToStore/Page_Store/button_Add' is clicked on

2018-05-22 11:55:17 - [MESSAGE][PASSED] - Object: 'Object Repository/HealthpostToStore/Page_Store/button_Add' is clicked on

2018-05-22 11:55:17 - [TEST_STEP][PASSED] - Statement - Break: null

2018-05-22 11:55:17 - [TEST_STEP][PASSED] - selectOptionByIndex: All options with index in [8] are selected on object 'Object Repository/HealthpostToStore/Page_Store/select_--Select--Adernaline 0.'

2018-05-22 11:55:18 - [MESSAGE][PASSED] - All options with index in [8] are selected on object 'Object Repository/HealthpostToStore/Page_Store/select_--Select--Adernaline 0.'

2018-05-22 11:55:18 - [TEST_STEP][PASSED] - delay: Delayed 2 second(s)

2018-05-22 11:55:20 - [MESSAGE][PASSED] - Delayed 2 second(s)

2018-05-22 11:55:20 - [TEST_STEP][PASSED] - Statement - RequestedQty = com.kms.katalon.core.webui.keyword.WebUiBuiltInKeywords.getAttribute(com.kms.katalon.core.testobject.ObjectRepository.findTestObject(HealthpostToStore/Page_Store/input_txttotal), "value"): Attribute 'value' of object 'Object Repository/HealthpostToStore/Page_Store/input_txttotal' is: '10'

2018-05-22 11:55:20 - [MESSAGE][PASSED] - Attribute 'value' of object 'Object Repository/HealthpostToStore/Page_Store/input_txttotal' is: '10'

2018-05-22 11:55:20 - [TEST_STEP][PASSED] - Statement - out.println("Requested QTY : " + RequestedQty): null

2018-05-22 11:55:20 - [TEST_STEP][PASSED] - Statement - BatchNumber = com.kms.katalon.core.webui.keyword.WebUiBuiltInKeywords.getNumberOfTotalOption(com.kms.katalon.core.testobject.ObjectRepository.findTestObject(HealthpostToStore/Page_Store/select_--Select--BA1170BA2376B)): 2 options of object 'Object Repository/HealthpostToStore/Page_Store/select_--Select--BA1170BA2376B' counted

2018-05-22 11:55:20 - [MESSAGE][PASSED] - 2 options of object 'Object Repository/HealthpostToStore/Page_Store/select_--Select--BA1170BA2376B' counted

2018-05-22 11:55:20 - [TEST_STEP][PASSED] - Statement - For ([g = 1, g <= BatchNumber - 1, (g++)]): null

2018-05-22 11:55:20 - [TEST_STEP][PASSED] - selectOptionByIndex: All options with index in [1] are selected on object 'Object Repository/HealthpostToStore/Page_Store/select_--Select--BA1170BA2376B'

2018-05-22 11:55:20 - [MESSAGE][PASSED] - All options with index in [1] are selected on object 'Object Repository/HealthpostToStore/Page_Store/select_--Select--BA1170BA2376B'

2018-05-22 11:55:20 - [TEST_STEP][PASSED] - Statement - Try: null

2018-05-22 11:55:20 - [TEST_STEP][PASSED] - Statement - StockQty = com.kms.katalon.core.webui.keyword.WebUiBuiltInKeywords.getAttribute(com.kms.katalon.core.testobject.ObjectRepository.findTestObject(HealthpostToStore/Page_Store/input_txtprice), "value"): Attribute 'value' of object 'Object Repository/HealthpostToStore/Page_Store/input_txtprice' is: '300'

2018-05-22 11:55:20 - [MESSAGE][PASSED] - Attribute 'value' of object 'Object Repository/HealthpostToStore/Page_Store/input_txtprice' is: '300'

2018-05-22 11:55:20 - [TEST_STEP][PASSED] - Statement - out.println("Stock QTY : " + StockQty): null

2018-05-22 11:55:20 - [TEST_STEP][PASSED] - delay: Delayed 2 second(s)

2018-05-22 11:55:22 - [MESSAGE][PASSED] - Delayed 2 second(s)

2018-05-22 11:55:22 - [TEST_STEP][PASSED] - Statement - If (java.lang.String.valueOf(StockQty) >= java.lang.String.valueOf(RequestedQty)): null

2018-05-22 11:55:22 - [TEST_STEP][PASSED] - setText: Text '10' is set on object 'Object Repository/HealthpostToStore/Page_Store/input_txtqty'

2018-05-22 11:55:22 - [MESSAGE][PASSED] - Text '10' is set on object 'Object Repository/HealthpostToStore/Page_Store/input_txtqty'

2018-05-22 11:55:22 - [TEST_STEP][PASSED] - click: Object: 'Object Repository/HealthpostToStore/Page_Store/button_Add' is clicked on

2018-05-22 11:55:27 - [MESSAGE][PASSED] - Object: 'Object Repository/HealthpostToStore/Page_Store/button_Add' is clicked on

2018-05-22 11:55:27 - [TEST_STEP][PASSED] - Statement - Break: null

2018-05-22 11:55:27 - [TEST_STEP][PASSED] - selectOptionByIndex: All options with index in [9] are selected on object 'Object Repository/HealthpostToStore/Page_Store/select_--Select--Adernaline 0.'

2018-05-22 11:55:27 - [MESSAGE][PASSED] - All options with index in [9] are selected on object 'Object Repository/HealthpostToStore/Page_Store/select_--Select--Adernaline 0.'

2018-05-22 11:55:27 - [TEST_STEP][PASSED] - delay: Delayed 2 second(s)

2018-05-22 11:55:29 - [MESSAGE][PASSED] - Delayed 2 second(s)

2018-05-22 11:55:29 - [TEST_STEP][PASSED] - Statement - RequestedQty = com.kms.katalon.core.webui.keyword.WebUiBuiltInKeywords.getAttribute(com.kms.katalon.core.testobject.ObjectRepository.findTestObject(HealthpostToStore/Page_Store/input_txttotal), "value"): Attribute 'value' of object 'Object Repository/HealthpostToStore/Page_Store/input_txttotal' is: '10'

2018-05-22 11:55:29 - [MESSAGE][PASSED] - Attribute 'value' of object 'Object Repository/HealthpostToStore/Page_Store/input_txttotal' is: '10'

2018-05-22 11:55:29 - [TEST_STEP][PASSED] - Statement - out.println("Requested QTY : " + RequestedQty): null

2018-05-22 11:55:29 - [TEST_STEP][PASSED] - Statement - BatchNumber = com.kms.katalon.core.webui.keyword.WebUiBuiltInKeywords.getNumberOfTotalOption(com.kms.katalon.core.testobject.ObjectRepository.findTestObject(HealthpostToStore/Page_Store/select_--Select--BA1170BA2376B)): 2 options of object 'Object Repository/HealthpostToStore/Page_Store/select_--Select--BA1170BA2376B' counted

2018-05-22 11:55:29 - [MESSAGE][PASSED] - 2 options of object 'Object Repository/HealthpostToStore/Page_Store/select_--Select--BA1170BA2376B' counted

2018-05-22 11:55:29 - [TEST_STEP][PASSED] - Statement - For ([g = 1, g <= BatchNumber - 1, (g++)]): null

2018-05-22 11:55:29 - [TEST_STEP][PASSED] - selectOptionByIndex: All options with index in [1] are selected on object 'Object Repository/HealthpostToStore/Page_Store/select_--Select--BA1170BA2376B'

2018-05-22 11:55:30 - [MESSAGE][PASSED] - All options with index in [1] are selected on object 'Object Repository/HealthpostToStore/Page_Store/select_--Select--BA1170BA2376B'

2018-05-22 11:55:30 - [TEST_STEP][PASSED] - Statement - Try: null

2018-05-22 11:55:30 - [TEST_STEP][PASSED] - Statement - StockQty = com.kms.katalon.core.webui.keyword.WebUiBuiltInKeywords.getAttribute(com.kms.katalon.core.testobject.ObjectRepository.findTestObject(HealthpostToStore/Page_Store/input_txtprice), "value"): Attribute 'value' of object 'Object Repository/HealthpostToStore/Page_Store/input_txtprice' is: '300'

2018-05-22 11:55:30 - [MESSAGE][PASSED] - Attribute 'value' of object 'Object Repository/HealthpostToStore/Page_Store/input_txtprice' is: '300'

2018-05-22 11:55:30 - [TEST_STEP][PASSED] - Statement - out.println("Stock QTY : " + StockQty): null

2018-05-22 11:55:30 - [TEST_STEP][PASSED] - delay: Delayed 2 second(s)

2018-05-22 11:55:32 - [MESSAGE][PASSED] - Delayed 2 second(s)

2018-05-22 11:55:32 - [TEST_STEP][PASSED] - Statement - If (java.lang.String.valueOf(StockQty) >= java.lang.String.valueOf(RequestedQty)): null

2018-05-22 11:55:32 - [TEST_STEP][PASSED] - setText: Text '10' is set on object 'Object Repository/HealthpostToStore/Page_Store/input_txtqty'

2018-05-22 11:55:32 - [MESSAGE][PASSED] - Text '10' is set on object 'Object Repository/HealthpostToStore/Page_Store/input_txtqty'

2018-05-22 11:55:32 - [TEST_STEP][PASSED] - click: Object: 'Object Repository/HealthpostToStore/Page_Store/button_Add' is clicked on

2018-05-22 11:55:37 - [MESSAGE][PASSED] - Object: 'Object Repository/HealthpostToStore/Page_Store/button_Add' is clicked on

2018-05-22 11:55:37 - [TEST_STEP][PASSED] - Statement - Break: null

2018-05-22 11:55:37 - [TEST_STEP][PASSED] - selectOptionByIndex: All options with index in [10] are selected on object 'Object Repository/HealthpostToStore/Page_Store/select_--Select--Adernaline 0.'

2018-05-22 11:55:37 - [MESSAGE][PASSED] - All options with index in [10] are selected on object 'Object Repository/HealthpostToStore/Page_Store/select_--Select--Adernaline 0.'

2018-05-22 11:55:37 - [TEST_STEP][PASSED] - delay: Delayed 2 second(s)

2018-05-22 11:55:39 - [MESSAGE][PASSED] - Delayed 2 second(s)

2018-05-22 11:55:39 - [TEST_STEP][PASSED] - Statement - RequestedQty = com.kms.katalon.core.webui.keyword.WebUiBuiltInKeywords.getAttribute(com.kms.katalon.core.testobject.ObjectRepository.findTestObject(HealthpostToStore/Page_Store/input_txttotal), "value"): Attribute 'value' of object 'Object Repository/HealthpostToStore/Page_Store/input_txttotal' is: '10'

2018-05-22 11:55:39 - [MESSAGE][PASSED] - Attribute 'value' of object 'Object Repository/HealthpostToStore/Page_Store/input_txttotal' is: '10'

2018-05-22 11:55:39 - [TEST_STEP][PASSED] - Statement - out.println("Requested QTY : " + RequestedQty): null

2018-05-22 11:55:39 - [TEST_STEP][PASSED] - Statement - BatchNumber = com.kms.katalon.core.webui.keyword.WebUiBuiltInKeywords.getNumberOfTotalOption(com.kms.katalon.core.testobject.ObjectRepository.findTestObject(HealthpostToStore/Page_Store/select_--Select--BA1170BA2376B)): 2 options of object 'Object Repository/HealthpostToStore/Page_Store/select_--Select--BA1170BA2376B' counted

2018-05-22 11:55:39 - [MESSAGE][PASSED] - 2 options of object 'Object Repository/HealthpostToStore/Page_Store/select_--Select--BA1170BA2376B' counted

2018-05-22 11:55:39 - [TEST_STEP][PASSED] - Statement - For ([g = 1, g <= BatchNumber - 1, (g++)]): null

2018-05-22 11:55:39 - [TEST_STEP][PASSED] - selectOptionByIndex: All options with index in [1] are selected on object 'Object Repository/HealthpostToStore/Page_Store/select_--Select--BA1170BA2376B'

2018-05-22 11:55:39 - [MESSAGE][PASSED] - All options with index in [1] are selected on object 'Object Repository/HealthpostToStore/Page_Store/select_--Select--BA1170BA2376B'

2018-05-22 11:55:39 - [TEST_STEP][PASSED] - Statement - Try: null

2018-05-22 11:55:39 - [TEST_STEP][PASSED] - Statement - StockQty = com.kms.katalon.core.webui.keyword.WebUiBuiltInKeywords.getAttribute(com.kms.katalon.core.testobject.ObjectRepository.findTestObject(HealthpostToStore/Page_Store/input_txtprice), "value"): Attribute 'value' of object 'Object Repository/HealthpostToStore/Page_Store/input_txtprice' is: '300'

2018-05-22 11:55:39 - [MESSAGE][PASSED] - Attribute 'value' of object 'Object Repository/HealthpostToStore/Page_Store/input_txtprice' is: '300'

2018-05-22 11:55:39 - [TEST_STEP][PASSED] - Statement - out.println("Stock QTY : " + StockQty): null

2018-05-22 11:55:39 - [TEST_STEP][PASSED] - delay: Delayed 2 second(s)

2018-05-22 11:55:41 - [MESSAGE][PASSED] - Delayed 2 second(s)

2018-05-22 11:55:41 - [TEST_STEP][PASSED] - Statement - If (java.lang.String.valueOf(StockQty) >= java.lang.String.valueOf(RequestedQty)): null

2018-05-22 11:55:41 - [TEST_STEP][PASSED] - setText: Text '10' is set on object 'Object Repository/HealthpostToStore/Page_Store/input_txtqty'

2018-05-22 11:55:41 - [MESSAGE][PASSED] - Text '10' is set on object 'Object Repository/HealthpostToStore/Page_Store/input_txtqty'

2018-05-22 11:55:41 - [TEST_STEP][PASSED] - click: Object: 'Object Repository/HealthpostToStore/Page_Store/button_Add' is clicked on

2018-05-22 11:55:46 - [MESSAGE][PASSED] - Object: 'Object Repository/HealthpostToStore/Page_Store/button_Add' is clicked on

2018-05-22 11:55:46 - [TEST_STEP][PASSED] - Statement - Break: null

2018-05-22 11:55:46 - [TEST_STEP][PASSED] - selectOptionByIndex: All options with index in [11] are selected on object 'Object Repository/HealthpostToStore/Page_Store/select_--Select--Adernaline 0.'

2018-05-22 11:55:46 - [MESSAGE][PASSED] - All options with index in [11] are selected on object 'Object Repository/HealthpostToStore/Page_Store/select_--Select--Adernaline 0.'

2018-05-22 11:55:46 - [TEST_STEP][PASSED] - delay: Delayed 2 second(s)

2018-05-22 11:55:48 - [MESSAGE][PASSED] - Delayed 2 second(s)

2018-05-22 11:55:48 - [TEST_STEP][PASSED] - Statement - RequestedQty = com.kms.katalon.core.webui.keyword.WebUiBuiltInKeywords.getAttribute(com.kms.katalon.core.testobject.ObjectRepository.findTestObject(HealthpostToStore/Page_Store/input_txttotal), "value"): Attribute 'value' of object 'Object Repository/HealthpostToStore/Page_Store/input_txttotal' is: '10'

2018-05-22 11:55:49 - [MESSAGE][PASSED] - Attribute 'value' of object 'Object Repository/HealthpostToStore/Page_Store/input_txttotal' is: '10'

2018-05-22 11:55:49 - [TEST_STEP][PASSED] - Statement - out.println("Requested QTY : " + RequestedQty): null

2018-05-22 11:55:49 - [TEST_STEP][PASSED] - Statement - BatchNumber = com.kms.katalon.core.webui.keyword.WebUiBuiltInKeywords.getNumberOfTotalOption(com.kms.katalon.core.testobject.ObjectRepository.findTestObject(HealthpostToStore/Page_Store/select_--Select--BA1170BA2376B)): 2 options of object 'Object Repository/HealthpostToStore/Page_Store/select_--Select--BA1170BA2376B' counted

2018-05-22 11:55:49 - [MESSAGE][PASSED] - 2 options of object 'Object Repository/HealthpostToStore/Page_Store/select_--Select--BA1170BA2376B' counted

2018-05-22 11:55:49 - [TEST_STEP][PASSED] - Statement - For ([g = 1, g <= BatchNumber - 1, (g++)]): null

2018-05-22 11:55:49 - [TEST_STEP][PASSED] - selectOptionByIndex: All options with index in [1] are selected on object 'Object Repository/HealthpostToStore/Page_Store/select_--Select--BA1170BA2376B'

2018-05-22 11:55:49 - [MESSAGE][PASSED] - All options with index in [1] are selected on object 'Object Repository/HealthpostToStore/Page_Store/select_--Select--BA1170BA2376B'

2018-05-22 11:55:49 - [TEST_STEP][PASSED] - Statement - Try: null

2018-05-22 11:55:49 - [TEST_STEP][PASSED] - Statement - StockQty = com.kms.katalon.core.webui.keyword.WebUiBuiltInKeywords.getAttribute(com.kms.katalon.core.testobject.ObjectRepository.findTestObject(HealthpostToStore/Page_Store/input_txtprice), "value"): Attribute 'value' of object 'Object Repository/HealthpostToStore/Page_Store/input_txtprice' is: '300'

2018-05-22 11:55:49 - [MESSAGE][PASSED] - Attribute 'value' of object 'Object Repository/HealthpostToStore/Page_Store/input_txtprice' is: '300'

2018-05-22 11:55:49 - [TEST_STEP][PASSED] - Statement - out.println("Stock QTY : " + StockQty): null

2018-05-22 11:55:49 - [TEST_STEP][PASSED] - delay: Delayed 2 second(s)

2018-05-22 11:55:51 - [MESSAGE][PASSED] - Delayed 2 second(s)

2018-05-22 11:55:51 - [TEST_STEP][PASSED] - Statement - If (java.lang.String.valueOf(StockQty) >= java.lang.String.valueOf(RequestedQty)): null

2018-05-22 11:55:51 - [TEST_STEP][PASSED] - setText: Text '10' is set on object 'Object Repository/HealthpostToStore/Page_Store/input_txtqty'

2018-05-22 11:55:51 - [MESSAGE][PASSED] - Text '10' is set on object 'Object Repository/HealthpostToStore/Page_Store/input_txtqty'

2018-05-22 11:55:51 - [TEST_STEP][PASSED] - click: Object: 'Object Repository/HealthpostToStore/Page_Store/button_Add' is clicked on

2018-05-22 11:55:56 - [MESSAGE][PASSED] - Object: 'Object Repository/HealthpostToStore/Page_Store/button_Add' is clicked on

2018-05-22 11:55:56 - [TEST_STEP][PASSED] - Statement - Break: null

2018-05-22 11:55:56 - [TEST_STEP][PASSED] - selectOptionByIndex: All options with index in [12] are selected on object 'Object Repository/HealthpostToStore/Page_Store/select_--Select--Adernaline 0.'

2018-05-22 11:55:56 - [MESSAGE][PASSED] - All options with index in [12] are selected on object 'Object Repository/HealthpostToStore/Page_Store/select_--Select--Adernaline 0.'

2018-05-22 11:55:56 - [TEST_STEP][PASSED] - delay: Delayed 2 second(s)

2018-05-22 11:55:58 - [MESSAGE][PASSED] - Delayed 2 second(s)

2018-05-22 11:55:58 - [TEST_STEP][PASSED] - Statement - RequestedQty = com.kms.katalon.core.webui.keyword.WebUiBuiltInKeywords.getAttribute(com.kms.katalon.core.testobject.ObjectRepository.findTestObject(HealthpostToStore/Page_Store/input_txttotal), "value"): Attribute 'value' of object 'Object Repository/HealthpostToStore/Page_Store/input_txttotal' is: '10'

2018-05-22 11:55:58 - [MESSAGE][PASSED] - Attribute 'value' of object 'Object Repository/HealthpostToStore/Page_Store/input_txttotal' is: '10'

2018-05-22 11:55:58 - [TEST_STEP][PASSED] - Statement - out.println("Requested QTY : " + RequestedQty): null

2018-05-22 11:55:58 - [TEST_STEP][PASSED] - Statement - BatchNumber = com.kms.katalon.core.webui.keyword.WebUiBuiltInKeywords.getNumberOfTotalOption(com.kms.katalon.core.testobject.ObjectRepository.findTestObject(HealthpostToStore/Page_Store/select_--Select--BA1170BA2376B)): 2 options of object 'Object Repository/HealthpostToStore/Page_Store/select_--Select--BA1170BA2376B' counted

2018-05-22 11:55:58 - [MESSAGE][PASSED] - 2 options of object 'Object Repository/HealthpostToStore/Page_Store/select_--Select--BA1170BA2376B' counted

2018-05-22 11:55:58 - [TEST_STEP][PASSED] - Statement - For ([g = 1, g <= BatchNumber - 1, (g++)]): null

2018-05-22 11:55:58 - [TEST_STEP][PASSED] - selectOptionByIndex: All options with index in [1] are selected on object 'Object Repository/HealthpostToStore/Page_Store/select_--Select--BA1170BA2376B'

2018-05-22 11:55:58 - [MESSAGE][PASSED] - All options with index in [1] are selected on object 'Object Repository/HealthpostToStore/Page_Store/select_--Select--BA1170BA2376B'

2018-05-22 11:55:58 - [TEST_STEP][PASSED] - Statement - Try: null

2018-05-22 11:55:58 - [TEST_STEP][PASSED] - Statement - StockQty = com.kms.katalon.core.webui.keyword.WebUiBuiltInKeywords.getAttribute(com.kms.katalon.core.testobject.ObjectRepository.findTestObject(HealthpostToStore/Page_Store/input_txtprice), "value"): Attribute 'value' of object 'Object Repository/HealthpostToStore/Page_Store/input_txtprice' is: '300'

2018-05-22 11:55:58 - [MESSAGE][PASSED] - Attribute 'value' of object 'Object Repository/HealthpostToStore/Page_Store/input_txtprice' is: '300'

2018-05-22 11:55:58 - [TEST_STEP][PASSED] - Statement - out.println("Stock QTY : " + StockQty): null

2018-05-22 11:55:58 - [TEST_STEP][PASSED] - delay: Delayed 2 second(s)

2018-05-22 11:56:00 - [MESSAGE][PASSED] - Delayed 2 second(s)

2018-05-22 11:56:00 - [TEST_STEP][PASSED] - Statement - If (java.lang.String.valueOf(StockQty) >= java.lang.String.valueOf(RequestedQty)): null

2018-05-22 11:56:00 - [TEST_STEP][PASSED] - setText: Text '10' is set on object 'Object Repository/HealthpostToStore/Page_Store/input_txtqty'

2018-05-22 11:56:01 - [MESSAGE][PASSED] - Text '10' is set on object 'Object Repository/HealthpostToStore/Page_Store/input_txtqty'

2018-05-22 11:56:01 - [TEST_STEP][PASSED] - click: Object: 'Object Repository/HealthpostToStore/Page_Store/button_Add' is clicked on

2018-05-22 11:56:06 - [MESSAGE][PASSED] - Object: 'Object Repository/HealthpostToStore/Page_Store/button_Add' is clicked on

2018-05-22 11:56:06 - [TEST_STEP][PASSED] - Statement - Break: null

2018-05-22 11:56:06 - [TEST_STEP][PASSED] - selectOptionByIndex: All options with index in [13] are selected on object 'Object Repository/HealthpostToStore/Page_Store/select_--Select--Adernaline 0.'

2018-05-22 11:56:06 - [MESSAGE][PASSED] - All options with index in [13] are selected on object 'Object Repository/HealthpostToStore/Page_Store/select_--Select--Adernaline 0.'

2018-05-22 11:56:06 - [TEST_STEP][PASSED] - delay: Delayed 2 second(s)

2018-05-22 11:56:08 - [MESSAGE][PASSED] - Delayed 2 second(s)

2018-05-22 11:56:08 - [TEST_STEP][PASSED] - Statement - RequestedQty = com.kms.katalon.core.webui.keyword.WebUiBuiltInKeywords.getAttribute(com.kms.katalon.core.testobject.ObjectRepository.findTestObject(HealthpostToStore/Page_Store/input_txttotal), "value"): Attribute 'value' of object 'Object Repository/HealthpostToStore/Page_Store/input_txttotal' is: '10'

2018-05-22 11:56:08 - [MESSAGE][PASSED] - Attribute 'value' of object 'Object Repository/HealthpostToStore/Page_Store/input_txttotal' is: '10'

2018-05-22 11:56:08 - [TEST_STEP][PASSED] - Statement - out.println("Requested QTY : " + RequestedQty): null

2018-05-22 11:56:08 - [TEST_STEP][PASSED] - Statement - BatchNumber = com.kms.katalon.core.webui.keyword.WebUiBuiltInKeywords.getNumberOfTotalOption(com.kms.katalon.core.testobject.ObjectRepository.findTestObject(HealthpostToStore/Page_Store/select_--Select--BA1170BA2376B)): 3 options of object 'Object Repository/HealthpostToStore/Page_Store/select_--Select--BA1170BA2376B' counted

2018-05-22 11:56:08 - [MESSAGE][PASSED] - 3 options of object 'Object Repository/HealthpostToStore/Page_Store/select_--Select--BA1170BA2376B' counted

2018-05-22 11:56:08 - [TEST_STEP][PASSED] - Statement - For ([g = 1, g <= BatchNumber - 1, (g++)]): null

2018-05-22 11:56:08 - [TEST_STEP][PASSED] - selectOptionByIndex: All options with index in [1] are selected on object 'Object Repository/HealthpostToStore/Page_Store/select_--Select--BA1170BA2376B'

2018-05-22 11:56:08 - [MESSAGE][PASSED] - All options with index in [1] are selected on object 'Object Repository/HealthpostToStore/Page_Store/select_--Select--BA1170BA2376B'

2018-05-22 11:56:08 - [TEST_STEP][PASSED] - Statement - Try: null

2018-05-22 11:56:08 - [TEST_STEP][PASSED] - Statement - StockQty = com.kms.katalon.core.webui.keyword.WebUiBuiltInKeywords.getAttribute(com.kms.katalon.core.testobject.ObjectRepository.findTestObject(HealthpostToStore/Page_Store/input_txtprice), "value"): Attribute 'value' of object 'Object Repository/HealthpostToStore/Page_Store/input_txtprice' is: '300'

2018-05-22 11:56:08 - [MESSAGE][PASSED] - Attribute 'value' of object 'Object Repository/HealthpostToStore/Page_Store/input_txtprice' is: '300'

2018-05-22 11:56:08 - [TEST_STEP][PASSED] - Statement - out.println("Stock QTY : " + StockQty): null

2018-05-22 11:56:08 - [TEST_STEP][PASSED] - delay: Delayed 2 second(s)

2018-05-22 11:56:10 - [MESSAGE][PASSED] - Delayed 2 second(s)

2018-05-22 11:56:10 - [TEST_STEP][PASSED] - Statement - If (java.lang.String.valueOf(StockQty) >= java.lang.String.valueOf(RequestedQty)): null

2018-05-22 11:56:10 - [TEST_STEP][PASSED] - setText: Text '10' is set on object 'Object Repository/HealthpostToStore/Page_Store/input_txtqty'

2018-05-22 11:56:10 - [MESSAGE][PASSED] - Text '10' is set on object 'Object Repository/HealthpostToStore/Page_Store/input_txtqty'

2018-05-22 11:56:10 - [TEST_STEP][PASSED] - click: Object: 'Object Repository/HealthpostToStore/Page_Store/button_Add' is clicked on

2018-05-22 11:56:15 - [MESSAGE][PASSED] - Object: 'Object Repository/HealthpostToStore/Page_Store/button_Add' is clicked on

2018-05-22 11:56:15 - [TEST_STEP][PASSED] - Statement - Break: null

2018-05-22 11:56:15 - [TEST_STEP][PASSED] - selectOptionByIndex: All options with index in [14] are selected on object 'Object Repository/HealthpostToStore/Page_Store/select_--Select--Adernaline 0.'

2018-05-22 11:56:16 - [MESSAGE][PASSED] - All options with index in [14] are selected on object 'Object Repository/HealthpostToStore/Page_Store/select_--Select--Adernaline 0.'

2018-05-22 11:56:16 - [TEST_STEP][PASSED] - delay: Delayed 2 second(s)

2018-05-22 11:56:18 - [MESSAGE][PASSED] - Delayed 2 second(s)

2018-05-22 11:56:18 - [TEST_STEP][PASSED] - Statement - RequestedQty = com.kms.katalon.core.webui.keyword.WebUiBuiltInKeywords.getAttribute(com.kms.katalon.core.testobject.ObjectRepository.findTestObject(HealthpostToStore/Page_Store/input_txttotal), "value"): Attribute 'value' of object 'Object Repository/HealthpostToStore/Page_Store/input_txttotal' is: '10'

2018-05-22 11:56:18 - [MESSAGE][PASSED] - Attribute 'value' of object 'Object Repository/HealthpostToStore/Page_Store/input_txttotal' is: '10'

2018-05-22 11:56:18 - [TEST_STEP][PASSED] - Statement - out.println("Requested QTY : " + RequestedQty): null

2018-05-22 11:56:18 - [TEST_STEP][PASSED] - Statement - BatchNumber = com.kms.katalon.core.webui.keyword.WebUiBuiltInKeywords.getNumberOfTotalOption(com.kms.katalon.core.testobject.ObjectRepository.findTestObject(HealthpostToStore/Page_Store/select_--Select--BA1170BA2376B)): 2 options of object 'Object Repository/HealthpostToStore/Page_Store/select_--Select--BA1170BA2376B' counted

2018-05-22 11:56:18 - [MESSAGE][PASSED] - 2 options of object 'Object Repository/HealthpostToStore/Page_Store/select_--Select--BA1170BA2376B' counted

2018-05-22 11:56:18 - [TEST_STEP][PASSED] - Statement - For ([g = 1, g <= BatchNumber - 1, (g++)]): null

2018-05-22 11:56:18 - [TEST_STEP][PASSED] - selectOptionByIndex: All options with index in [1] are selected on object 'Object Repository/HealthpostToStore/Page_Store/select_--Select--BA1170BA2376B'

2018-05-22 11:56:18 - [MESSAGE][PASSED] - All options with index in [1] are selected on object 'Object Repository/HealthpostToStore/Page_Store/select_--Select--BA1170BA2376B'

2018-05-22 11:56:18 - [TEST_STEP][PASSED] - Statement - Try: null

2018-05-22 11:56:18 - [TEST_STEP][PASSED] - Statement - StockQty = com.kms.katalon.core.webui.keyword.WebUiBuiltInKeywords.getAttribute(com.kms.katalon.core.testobject.ObjectRepository.findTestObject(HealthpostToStore/Page_Store/input_txtprice), "value"): Attribute 'value' of object 'Object Repository/HealthpostToStore/Page_Store/input_txtprice' is: '300'

2018-05-22 11:56:18 - [MESSAGE][PASSED] - Attribute 'value' of object 'Object Repository/HealthpostToStore/Page_Store/input_txtprice' is: '300'

2018-05-22 11:56:18 - [TEST_STEP][PASSED] - Statement - out.println("Stock QTY : " + StockQty): null

2018-05-22 11:56:18 - [TEST_STEP][PASSED] - delay: Delayed 2 second(s)

2018-05-22 11:56:20 - [MESSAGE][PASSED] - Delayed 2 second(s)

2018-05-22 11:56:20 - [TEST_STEP][PASSED] - Statement - If (java.lang.String.valueOf(StockQty) >= java.lang.String.valueOf(RequestedQty)): null

2018-05-22 11:56:20 - [TEST_STEP][PASSED] - setText: Text '10' is set on object 'Object Repository/HealthpostToStore/Page_Store/input_txtqty'

2018-05-22 11:56:20 - [MESSAGE][PASSED] - Text '10' is set on object 'Object Repository/HealthpostToStore/Page_Store/input_txtqty'

2018-05-22 11:56:20 - [TEST_STEP][PASSED] - click: Object: 'Object Repository/HealthpostToStore/Page_Store/button_Add' is clicked on

2018-05-22 11:56:25 - [MESSAGE][PASSED] - Object: 'Object Repository/HealthpostToStore/Page_Store/button_Add' is clicked on

2018-05-22 11:56:25 - [TEST_STEP][PASSED] - Statement - Break: null

2018-05-22 11:56:25 - [TEST_STEP][PASSED] - selectOptionByIndex: All options with index in [15] are selected on object 'Object Repository/HealthpostToStore/Page_Store/select_--Select--Adernaline 0.'

2018-05-22 11:56:25 - [MESSAGE][PASSED] - All options with index in [15] are selected on object 'Object Repository/HealthpostToStore/Page_Store/select_--Select--Adernaline 0.'

2018-05-22 11:56:25 - [TEST_STEP][PASSED] - delay: Delayed 2 second(s)

2018-05-22 11:56:27 - [MESSAGE][PASSED] - Delayed 2 second(s)

2018-05-22 11:56:27 - [TEST_STEP][PASSED] - Statement - RequestedQty = com.kms.katalon.core.webui.keyword.WebUiBuiltInKeywords.getAttribute(com.kms.katalon.core.testobject.ObjectRepository.findTestObject(HealthpostToStore/Page_Store/input_txttotal), "value"): Attribute 'value' of object 'Object Repository/HealthpostToStore/Page_Store/input_txttotal' is: '10'

2018-05-22 11:56:27 - [MESSAGE][PASSED] - Attribute 'value' of object 'Object Repository/HealthpostToStore/Page_Store/input_txttotal' is: '10'

2018-05-22 11:56:27 - [TEST_STEP][PASSED] - Statement - out.println("Requested QTY : " + RequestedQty): null

2018-05-22 11:56:27 - [TEST_STEP][PASSED] - Statement - BatchNumber = com.kms.katalon.core.webui.keyword.WebUiBuiltInKeywords.getNumberOfTotalOption(com.kms.katalon.core.testobject.ObjectRepository.findTestObject(HealthpostToStore/Page_Store/select_--Select--BA1170BA2376B)): 2 options of object 'Object Repository/HealthpostToStore/Page_Store/select_--Select--BA1170BA2376B' counted

2018-05-22 11:56:27 - [MESSAGE][PASSED] - 2 options of object 'Object Repository/HealthpostToStore/Page_Store/select_--Select--BA1170BA2376B' counted

2018-05-22 11:56:27 - [TEST_STEP][PASSED] - Statement - For ([g = 1, g <= BatchNumber - 1, (g++)]): null

2018-05-22 11:56:27 - [TEST_STEP][PASSED] - selectOptionByIndex: All options with index in [1] are selected on object 'Object Repository/HealthpostToStore/Page_Store/select_--Select--BA1170BA2376B'

2018-05-22 11:56:28 - [MESSAGE][PASSED] - All options with index in [1] are selected on object 'Object Repository/HealthpostToStore/Page_Store/select_--Select--BA1170BA2376B'

2018-05-22 11:56:28 - [TEST_STEP][PASSED] - Statement - Try: null

2018-05-22 11:56:28 - [TEST_STEP][PASSED] - Statement - StockQty = com.kms.katalon.core.webui.keyword.WebUiBuiltInKeywords.getAttribute(com.kms.katalon.core.testobject.ObjectRepository.findTestObject(HealthpostToStore/Page_Store/input_txtprice), "value"): Attribute 'value' of object 'Object Repository/HealthpostToStore/Page_Store/input_txtprice' is: '300'

2018-05-22 11:56:28 - [MESSAGE][PASSED] - Attribute 'value' of object 'Object Repository/HealthpostToStore/Page_Store/input_txtprice' is: '300'

2018-05-22 11:56:28 - [TEST_STEP][PASSED] - Statement - out.println("Stock QTY : " + StockQty): null

2018-05-22 11:56:28 - [TEST_STEP][PASSED] - delay: Delayed 2 second(s)

2018-05-22 11:56:30 - [MESSAGE][PASSED] - Delayed 2 second(s)

2018-05-22 11:56:30 - [TEST_STEP][PASSED] - Statement - If (java.lang.String.valueOf(StockQty) >= java.lang.String.valueOf(RequestedQty)): null

2018-05-22 11:56:30 - [TEST_STEP][PASSED] - setText: Text '10' is set on object 'Object Repository/HealthpostToStore/Page_Store/input_txtqty'

2018-05-22 11:56:30 - [MESSAGE][PASSED] - Text '10' is set on object 'Object Repository/HealthpostToStore/Page_Store/input_txtqty'

2018-05-22 11:56:30 - [TEST_STEP][PASSED] - click: Object: 'Object Repository/HealthpostToStore/Page_Store/button_Add' is clicked on

2018-05-22 11:56:35 - [MESSAGE][PASSED] - Object: 'Object Repository/HealthpostToStore/Page_Store/button_Add' is clicked on

2018-05-22 11:56:35 - [TEST_STEP][PASSED] - Statement - Break: null

2018-05-22 11:56:35 - [TEST_STEP][PASSED] - selectOptionByIndex: All options with index in [16] are selected on object 'Object Repository/HealthpostToStore/Page_Store/select_--Select--Adernaline 0.'

2018-05-22 11:56:35 - [MESSAGE][PASSED] - All options with index in [16] are selected on object 'Object Repository/HealthpostToStore/Page_Store/select_--Select--Adernaline 0.'

2018-05-22 11:56:35 - [TEST_STEP][PASSED] - delay: Delayed 2 second(s)

2018-05-22 11:56:37 - [MESSAGE][PASSED] - Delayed 2 second(s)

2018-05-22 11:56:37 - [TEST_STEP][PASSED] - Statement - RequestedQty = com.kms.katalon.core.webui.keyword.WebUiBuiltInKeywords.getAttribute(com.kms.katalon.core.testobject.ObjectRepository.findTestObject(HealthpostToStore/Page_Store/input_txttotal), "value"): Attribute 'value' of object 'Object Repository/HealthpostToStore/Page_Store/input_txttotal' is: '10'

2018-05-22 11:56:37 - [MESSAGE][PASSED] - Attribute 'value' of object 'Object Repository/HealthpostToStore/Page_Store/input_txttotal' is: '10'

2018-05-22 11:56:37 - [TEST_STEP][PASSED] - Statement - out.println("Requested QTY : " + RequestedQty): null

2018-05-22 11:56:37 - [TEST_STEP][PASSED] - Statement - BatchNumber = com.kms.katalon.core.webui.keyword.WebUiBuiltInKeywords.getNumberOfTotalOption(com.kms.katalon.core.testobject.ObjectRepository.findTestObject(HealthpostToStore/Page_Store/select_--Select--BA1170BA2376B)): 2 options of object 'Object Repository/HealthpostToStore/Page_Store/select_--Select--BA1170BA2376B' counted

2018-05-22 11:56:37 - [MESSAGE][PASSED] - 2 options of object 'Object Repository/HealthpostToStore/Page_Store/select_--Select--BA1170BA2376B' counted

2018-05-22 11:56:37 - [TEST_STEP][PASSED] - Statement - For ([g = 1, g <= BatchNumber - 1, (g++)]): null

2018-05-22 11:56:37 - [TEST_STEP][PASSED] - selectOptionByIndex: All options with index in [1] are selected on object 'Object Repository/HealthpostToStore/Page_Store/select_--Select--BA1170BA2376B'

2018-05-22 11:56:37 - [MESSAGE][PASSED] - All options with index in [1] are selected on object 'Object Repository/HealthpostToStore/Page_Store/select_--Select--BA1170BA2376B'

2018-05-22 11:56:37 - [TEST_STEP][PASSED] - Statement - Try: null

2018-05-22 11:56:37 - [TEST_STEP][PASSED] - Statement - StockQty = com.kms.katalon.core.webui.keyword.WebUiBuiltInKeywords.getAttribute(com.kms.katalon.core.testobject.ObjectRepository.findTestObject(HealthpostToStore/Page_Store/input_txtprice), "value"): Attribute 'value' of object 'Object Repository/HealthpostToStore/Page_Store/input_txtprice' is: '300'

2018-05-22 11:56:37 - [MESSAGE][PASSED] - Attribute 'value' of object 'Object Repository/HealthpostToStore/Page_Store/input_txtprice' is: '300'

2018-05-22 11:56:37 - [TEST_STEP][PASSED] - Statement - out.println("Stock QTY : " + StockQty): null

2018-05-22 11:56:37 - [TEST_STEP][PASSED] - delay: Delayed 2 second(s)

2018-05-22 11:56:39 - [MESSAGE][PASSED] - Delayed 2 second(s)

2018-05-22 11:56:39 - [TEST_STEP][PASSED] - Statement - If (java.lang.String.valueOf(StockQty) >= java.lang.String.valueOf(RequestedQty)): null

2018-05-22 11:56:39 - [TEST_STEP][PASSED] - setText: Text '10' is set on object 'Object Repository/HealthpostToStore/Page_Store/input_txtqty'

2018-05-22 11:56:39 - [MESSAGE][PASSED] - Text '10' is set on object 'Object Repository/HealthpostToStore/Page_Store/input_txtqty'

2018-05-22 11:56:39 - [TEST_STEP][PASSED] - click: Object: 'Object Repository/HealthpostToStore/Page_Store/button_Add' is clicked on

2018-05-22 11:56:44 - [MESSAGE][PASSED] - Object: 'Object Repository/HealthpostToStore/Page_Store/button_Add' is clicked on

2018-05-22 11:56:44 - [TEST_STEP][PASSED] - Statement - Break: null

2018-05-22 11:56:44 - [TEST_STEP][PASSED] - selectOptionByIndex: All options with index in [17] are selected on object 'Object Repository/HealthpostToStore/Page_Store/select_--Select--Adernaline 0.'

2018-05-22 11:56:45 - [MESSAGE][PASSED] - All options with index in [17] are selected on object 'Object Repository/HealthpostToStore/Page_Store/select_--Select--Adernaline 0.'

2018-05-22 11:56:45 - [TEST_STEP][PASSED] - delay: Delayed 2 second(s)

2018-05-22 11:56:47 - [MESSAGE][PASSED] - Delayed 2 second(s)

2018-05-22 11:56:47 - [TEST_STEP][PASSED] - Statement - RequestedQty = com.kms.katalon.core.webui.keyword.WebUiBuiltInKeywords.getAttribute(com.kms.katalon.core.testobject.ObjectRepository.findTestObject(HealthpostToStore/Page_Store/input_txttotal), "value"): Attribute 'value' of object 'Object Repository/HealthpostToStore/Page_Store/input_txttotal' is: '10'

2018-05-22 11:56:47 - [MESSAGE][PASSED] - Attribute 'value' of object 'Object Repository/HealthpostToStore/Page_Store/input_txttotal' is: '10'

2018-05-22 11:56:47 - [TEST_STEP][PASSED] - Statement - out.println("Requested QTY : " + RequestedQty): null

2018-05-22 11:56:47 - [TEST_STEP][PASSED] - Statement - BatchNumber = com.kms.katalon.core.webui.keyword.WebUiBuiltInKeywords.getNumberOfTotalOption(com.kms.katalon.core.testobject.ObjectRepository.findTestObject(HealthpostToStore/Page_Store/select_--Select--BA1170BA2376B)): 2 options of object 'Object Repository/HealthpostToStore/Page_Store/select_--Select--BA1170BA2376B' counted

2018-05-22 11:56:47 - [MESSAGE][PASSED] - 2 options of object 'Object Repository/HealthpostToStore/Page_Store/select_--Select--BA1170BA2376B' counted

2018-05-22 11:56:47 - [TEST_STEP][PASSED] - Statement - For ([g = 1, g <= BatchNumber - 1, (g++)]): null

2018-05-22 11:56:47 - [TEST_STEP][PASSED] - selectOptionByIndex: All options with index in [1] are selected on object 'Object Repository/HealthpostToStore/Page_Store/select_--Select--BA1170BA2376B'

2018-05-22 11:56:47 - [MESSAGE][PASSED] - All options with index in [1] are selected on object 'Object Repository/HealthpostToStore/Page_Store/select_--Select--BA1170BA2376B'

2018-05-22 11:56:47 - [TEST_STEP][PASSED] - Statement - Try: null

2018-05-22 11:56:47 - [TEST_STEP][PASSED] - Statement - StockQty = com.kms.katalon.core.webui.keyword.WebUiBuiltInKeywords.getAttribute(com.kms.katalon.core.testobject.ObjectRepository.findTestObject(HealthpostToStore/Page_Store/input_txtprice), "value"): Attribute 'value' of object 'Object Repository/HealthpostToStore/Page_Store/input_txtprice' is: '300'

2018-05-22 11:56:47 - [MESSAGE][PASSED] - Attribute 'value' of object 'Object Repository/HealthpostToStore/Page_Store/input_txtprice' is: '300'

2018-05-22 11:56:47 - [TEST_STEP][PASSED] - Statement - out.println("Stock QTY : " + StockQty): null

2018-05-22 11:56:47 - [TEST_STEP][PASSED] - delay: Delayed 2 second(s)

2018-05-22 11:56:49 - [MESSAGE][PASSED] - Delayed 2 second(s)

2018-05-22 11:56:49 - [TEST_STEP][PASSED] - Statement - If (java.lang.String.valueOf(StockQty) >= java.lang.String.valueOf(RequestedQty)): null

2018-05-22 11:56:49 - [TEST_STEP][PASSED] - setText: Text '10' is set on object 'Object Repository/HealthpostToStore/Page_Store/input_txtqty'

2018-05-22 11:56:49 - [MESSAGE][PASSED] - Text '10' is set on object 'Object Repository/HealthpostToStore/Page_Store/input_txtqty'

2018-05-22 11:56:49 - [TEST_STEP][PASSED] - click: Object: 'Object Repository/HealthpostToStore/Page_Store/button_Add' is clicked on

2018-05-22 11:56:54 - [MESSAGE][PASSED] - Object: 'Object Repository/HealthpostToStore/Page_Store/button_Add' is clicked on

2018-05-22 11:56:54 - [TEST_STEP][PASSED] - Statement - Break: null

2018-05-22 11:56:54 - [TEST_STEP][PASSED] - selectOptionByIndex: All options with index in [18] are selected on object 'Object Repository/HealthpostToStore/Page_Store/select_--Select--Adernaline 0.'

2018-05-22 11:56:55 - [MESSAGE][PASSED] - All options with index in [18] are selected on object 'Object Repository/HealthpostToStore/Page_Store/select_--Select--Adernaline 0.'

2018-05-22 11:56:55 - [TEST_STEP][PASSED] - delay: Delayed 2 second(s)

2018-05-22 11:56:57 - [MESSAGE][PASSED] - Delayed 2 second(s)

2018-05-22 11:56:57 - [TEST_STEP][PASSED] - Statement - RequestedQty = com.kms.katalon.core.webui.keyword.WebUiBuiltInKeywords.getAttribute(com.kms.katalon.core.testobject.ObjectRepository.findTestObject(HealthpostToStore/Page_Store/input_txttotal), "value"): Attribute 'value' of object 'Object Repository/HealthpostToStore/Page_Store/input_txttotal' is: '10'

2018-05-22 11:56:57 - [MESSAGE][PASSED] - Attribute 'value' of object 'Object Repository/HealthpostToStore/Page_Store/input_txttotal' is: '10'

2018-05-22 11:56:57 - [TEST_STEP][PASSED] - Statement - out.println("Requested QTY : " + RequestedQty): null

2018-05-22 11:56:57 - [TEST_STEP][PASSED] - Statement - BatchNumber = com.kms.katalon.core.webui.keyword.WebUiBuiltInKeywords.getNumberOfTotalOption(com.kms.katalon.core.testobject.ObjectRepository.findTestObject(HealthpostToStore/Page_Store/select_--Select--BA1170BA2376B)): 2 options of object 'Object Repository/HealthpostToStore/Page_Store/select_--Select--BA1170BA2376B' counted

2018-05-22 11:56:57 - [MESSAGE][PASSED] - 2 options of object 'Object Repository/HealthpostToStore/Page_Store/select_--Select--BA1170BA2376B' counted

2018-05-22 11:56:57 - [TEST_STEP][PASSED] - Statement - For ([g = 1, g <= BatchNumber - 1, (g++)]): null

2018-05-22 11:56:57 - [TEST_STEP][PASSED] - selectOptionByIndex: All options with index in [1] are selected on object 'Object Repository/HealthpostToStore/Page_Store/select_--Select--BA1170BA2376B'

2018-05-22 11:56:57 - [MESSAGE][PASSED] - All options with index in [1] are selected on object 'Object Repository/HealthpostToStore/Page_Store/select_--Select--BA1170BA2376B'

2018-05-22 11:56:57 - [TEST_STEP][PASSED] - Statement - Try: null

2018-05-22 11:56:57 - [TEST_STEP][PASSED] - Statement - StockQty = com.kms.katalon.core.webui.keyword.WebUiBuiltInKeywords.getAttribute(com.kms.katalon.core.testobject.ObjectRepository.findTestObject(HealthpostToStore/Page_Store/input_txtprice), "value"): Attribute 'value' of object 'Object Repository/HealthpostToStore/Page_Store/input_txtprice' is: '300'

2018-05-22 11:56:57 - [MESSAGE][PASSED] - Attribute 'value' of object 'Object Repository/HealthpostToStore/Page_Store/input_txtprice' is: '300'

2018-05-22 11:56:57 - [TEST_STEP][PASSED] - Statement - out.println("Stock QTY : " + StockQty): null

2018-05-22 11:56:57 - [TEST_STEP][PASSED] - delay: Delayed 2 second(s)

2018-05-22 11:56:59 - [MESSAGE][PASSED] - Delayed 2 second(s)

2018-05-22 11:56:59 - [TEST_STEP][PASSED] - Statement - If (java.lang.String.valueOf(StockQty) >= java.lang.String.valueOf(RequestedQty)): null

2018-05-22 11:56:59 - [TEST_STEP][PASSED] - setText: Text '10' is set on object 'Object Repository/HealthpostToStore/Page_Store/input_txtqty'

2018-05-22 11:56:59 - [MESSAGE][PASSED] - Text '10' is set on object 'Object Repository/HealthpostToStore/Page_Store/input_txtqty'

2018-05-22 11:56:59 - [TEST_STEP][PASSED] - click: Object: 'Object Repository/HealthpostToStore/Page_Store/button_Add' is clicked on

2018-05-22 11:57:04 - [MESSAGE][PASSED] - Object: 'Object Repository/HealthpostToStore/Page_Store/button_Add' is clicked on

2018-05-22 11:57:04 - [TEST_STEP][PASSED] - Statement - Break: null

2018-05-22 11:57:04 - [TEST_STEP][PASSED] - selectOptionByIndex: All options with index in [19] are selected on object 'Object Repository/HealthpostToStore/Page_Store/select_--Select--Adernaline 0.'

2018-05-22 11:57:04 - [MESSAGE][PASSED] - All options with index in [19] are selected on object 'Object Repository/HealthpostToStore/Page_Store/select_--Select--Adernaline 0.'

2018-05-22 11:57:04 - [TEST_STEP][PASSED] - delay: Delayed 2 second(s)

2018-05-22 11:57:06 - [MESSAGE][PASSED] - Delayed 2 second(s)

2018-05-22 11:57:06 - [TEST_STEP][PASSED] - Statement - RequestedQty = com.kms.katalon.core.webui.keyword.WebUiBuiltInKeywords.getAttribute(com.kms.katalon.core.testobject.ObjectRepository.findTestObject(HealthpostToStore/Page_Store/input_txttotal), "value"): Attribute 'value' of object 'Object Repository/HealthpostToStore/Page_Store/input_txttotal' is: '10'

2018-05-22 11:57:06 - [MESSAGE][PASSED] - Attribute 'value' of object 'Object Repository/HealthpostToStore/Page_Store/input_txttotal' is: '10'

2018-05-22 11:57:06 - [TEST_STEP][PASSED] - Statement - out.println("Requested QTY : " + RequestedQty): null

2018-05-22 11:57:06 - [TEST_STEP][PASSED] - Statement - BatchNumber = com.kms.katalon.core.webui.keyword.WebUiBuiltInKeywords.getNumberOfTotalOption(com.kms.katalon.core.testobject.ObjectRepository.findTestObject(HealthpostToStore/Page_Store/select_--Select--BA1170BA2376B)): 2 options of object 'Object Repository/HealthpostToStore/Page_Store/select_--Select--BA1170BA2376B' counted

2018-05-22 11:57:07 - [MESSAGE][PASSED] - 2 options of object 'Object Repository/HealthpostToStore/Page_Store/select_--Select--BA1170BA2376B' counted

2018-05-22 11:57:07 - [TEST_STEP][PASSED] - Statement - For ([g = 1, g <= BatchNumber - 1, (g++)]): null

2018-05-22 11:57:07 - [TEST_STEP][PASSED] - selectOptionByIndex: All options with index in [1] are selected on object 'Object Repository/HealthpostToStore/Page_Store/select_--Select--BA1170BA2376B'

2018-05-22 11:57:07 - [MESSAGE][PASSED] - All options with index in [1] are selected on object 'Object Repository/HealthpostToStore/Page_Store/select_--Select--BA1170BA2376B'

2018-05-22 11:57:07 - [TEST_STEP][PASSED] - Statement - Try: null

2018-05-22 11:57:07 - [TEST_STEP][PASSED] - Statement - StockQty = com.kms.katalon.core.webui.keyword.WebUiBuiltInKeywords.getAttribute(com.kms.katalon.core.testobject.ObjectRepository.findTestObject(HealthpostToStore/Page_Store/input_txtprice), "value"): Attribute 'value' of object 'Object Repository/HealthpostToStore/Page_Store/input_txtprice' is: ''

2018-05-22 11:57:07 - [MESSAGE][PASSED] - Attribute 'value' of object 'Object Repository/HealthpostToStore/Page_Store/input_txtprice' is: ''

2018-05-22 11:57:07 - [TEST_STEP][PASSED] - Statement - out.println("Stock QTY : " + StockQty): null

2018-05-22 11:57:07 - [TEST_STEP][PASSED] - delay: Delayed 2 second(s)

2018-05-22 11:57:09 - [MESSAGE][PASSED] - Delayed 2 second(s)

2018-05-22 11:57:09 - [TEST_STEP][PASSED] - Statement - If (java.lang.String.valueOf(StockQty) >= java.lang.String.valueOf(RequestedQty)): null

2018-05-22 11:57:09 - [TEST_STEP][PASSED] - Statement - Else: null

2018-05-22 11:57:09 - [TEST_STEP][PASSED] - Statement - out.println("Stock Is Less Than Requested Qty"): null

2018-05-22 11:57:09 - [TEST_STEP][PASSED] - selectOptionByIndex: All options with index in [20] are selected on object 'Object Repository/HealthpostToStore/Page_Store/select_--Select--Adernaline 0.'

2018-05-22 11:57:09 - [MESSAGE][PASSED] - All options with index in [20] are selected on object 'Object Repository/HealthpostToStore/Page_Store/select_--Select--Adernaline 0.'

2018-05-22 11:57:09 - [TEST_STEP][PASSED] - delay: Delayed 2 second(s)

2018-05-22 11:57:11 - [MESSAGE][PASSED] - Delayed 2 second(s)

2018-05-22 11:57:11 - [TEST_STEP][FAILED] - Statement - RequestedQty = com.kms.katalon.core.webui.keyword.WebUiBuiltInKeywords.getAttribute(com.kms.katalon.core.testobject.ObjectRepository.findTestObject(HealthpostToStore/Page_Store/input_txttotal), "value"): Unable to get attribute 'value' of object 'Object Repository/HealthpostToStore/Page_Store/input_txttotal' (Root cause: org.openqa.selenium.UnhandledAlertException: unexpected alert open: {Alert text : function Error() { [native code] }}
  (Session info: chrome=66.0.3359.181)
  (Driver info: chromedriver=2.35.528161 (5b82f2d2aae0ca24b877009200ced9065a772e73),platform=Windows NT 10.0.17134 x86_64) (WARNING: The server did not provide any stacktrace information)
Command duration or timeout: 0 milliseconds: null
Build info: version: '3.7.1', revision: '8a0099a', time: '2017-11-06T21:07:36.161Z'
System info: host: 'DESKTOP-BLFTK83', ip: '169.254.189.85', os.name: 'Windows 10', os.arch: 'amd64', os.version: '10.0', java.version: '1.8.0_102'
Driver info: com.kms.katalon.selenium.driver.CChromeDriver
Capabilities {acceptInsecureCerts: false, acceptSslCerts: false, applicationCacheEnabled: false, browserConnectionEnabled: false, browserName: chrome, chrome: {chromedriverVersion: 2.35.528161 (5b82f2d2aae0ca..., userDataDir: C:\Users\QUALIT~1\AppData\L...}, cssSelectorsEnabled: true, databaseEnabled: false, handlesAlerts: true, hasTouchScreen: false, javascriptEnabled: true, locationContextEnabled: true, mobileEmulationEnabled: false, nativeEvents: true, networkConnectionEnabled: false, pageLoadStrategy: normal, platform: XP, platformName: XP, rotatable: false, setWindowRect: true, takesHeapSnapshot: true, takesScreenshot: true, unexpectedAlertBehaviour: , unhandledPromptBehavior: , version: 66.0.3359.181, webStorageEnabled: true}
Session ID: 3a3b03ab4bd0875fbd9ec57a2a2a56b0
*** Element info: {Using=xpath, value=//input[@type = 'text' and @id = 'txttotal' and @name = 'txttotal' and @placeholder = 'Req.Qty']})

2018-05-22 11:57:11 - [MESSAGE][WARNING] - Cannot take screenshot

2018-05-22 11:57:11 - [MESSAGE][FAILED] - Unable to get attribute 'value' of object 'Object Repository/HealthpostToStore/Page_Store/input_txttotal' (Root cause: org.openqa.selenium.UnhandledAlertException: unexpected alert open: {Alert text : function Error() { [native code] }}
  (Session info: chrome=66.0.3359.181)
  (Driver info: chromedriver=2.35.528161 (5b82f2d2aae0ca24b877009200ced9065a772e73),platform=Windows NT 10.0.17134 x86_64) (WARNING: The server did not provide any stacktrace information)
Command duration or timeout: 0 milliseconds: null
Build info: version: '3.7.1', revision: '8a0099a', time: '2017-11-06T21:07:36.161Z'
System info: host: 'DESKTOP-BLFTK83', ip: '169.254.189.85', os.name: 'Windows 10', os.arch: 'amd64', os.version: '10.0', java.version: '1.8.0_102'
Driver info: com.kms.katalon.selenium.driver.CChromeDriver
Capabilities {acceptInsecureCerts: false, acceptSslCerts: false, applicationCacheEnabled: false, browserConnectionEnabled: false, browserName: chrome, chrome: {chromedriverVersion: 2.35.528161 (5b82f2d2aae0ca..., userDataDir: C:\Users\QUALIT~1\AppData\L...}, cssSelectorsEnabled: true, databaseEnabled: false, handlesAlerts: true, hasTouchScreen: false, javascriptEnabled: true, locationContextEnabled: true, mobileEmulationEnabled: false, nativeEvents: true, networkConnectionEnabled: false, pageLoadStrategy: normal, platform: XP, platformName: XP, rotatable: false, setWindowRect: true, takesHeapSnapshot: true, takesScreenshot: true, unexpectedAlertBehaviour: , unhandledPromptBehavior: , version: 66.0.3359.181, webStorageEnabled: true}
Session ID: 3a3b03ab4bd0875fbd9ec57a2a2a56b0
*** Element info: {Using=xpath, value=//input[@type = 'text' and @id = 'txttotal' and @name = 'txttotal' and @placeholder = 'Req.Qty']})]]></system-out>
         <system-err><![CDATA[2018-05-22 11:53:20 - [TEST_CASE][FAILED] - Test Cases/HEALTHPOST TEST CASES/TC_HP_009 Verify Schedule 9 Healthpost Request Are Working Successfully Or Not: Test Cases/HEALTHPOST TEST CASES/TC_HP_009 Verify Schedule 9 Healthpost Request Are Working Successfully Or Not FAILED because (of) Unable to get attribute 'value' of object 'Object Repository/HealthpostToStore/Page_Store/input_txttotal' (Root cause: org.openqa.selenium.UnhandledAlertException: unexpected alert open: {Alert text : function Error() { [native code] }}
  (Session info: chrome=66.0.3359.181)
  (Driver info: chromedriver=2.35.528161 (5b82f2d2aae0ca24b877009200ced9065a772e73),platform=Windows NT 10.0.17134 x86_64) (WARNING: The server did not provide any stacktrace information)
Command duration or timeout: 0 milliseconds: null
Build info: version: '3.7.1', revision: '8a0099a', time: '2017-11-06T21:07:36.161Z'
System info: host: 'DESKTOP-BLFTK83', ip: '169.254.189.85', os.name: 'Windows 10', os.arch: 'amd64', os.version: '10.0', java.version: '1.8.0_102'
Driver info: com.kms.katalon.selenium.driver.CChromeDriver
Capabilities {acceptInsecureCerts: false, acceptSslCerts: false, applicationCacheEnabled: false, browserConnectionEnabled: false, browserName: chrome, chrome: {chromedriverVersion: 2.35.528161 (5b82f2d2aae0ca..., userDataDir: C:\Users\QUALIT~1\AppData\L...}, cssSelectorsEnabled: true, databaseEnabled: false, handlesAlerts: true, hasTouchScreen: false, javascriptEnabled: true, locationContextEnabled: true, mobileEmulationEnabled: false, nativeEvents: true, networkConnectionEnabled: false, pageLoadStrategy: normal, platform: XP, platformName: XP, rotatable: false, setWindowRect: true, takesHeapSnapshot: true, takesScreenshot: true, unexpectedAlertBehaviour: , unhandledPromptBehavior: , version: 66.0.3359.181, webStorageEnabled: true}
Session ID: 3a3b03ab4bd0875fbd9ec57a2a2a56b0
*** Element info: {Using=xpath, value=//input[@type = 'text' and @id = 'txttotal' and @name = 'txttotal' and @placeholder = 'Req.Qty']})]]></system-err>
      </testcase>
      <testcase name="Test Cases/HEALTHPOST TEST CASES/TC_HP_010 Verify Schedule 10 Healthpost Request Are Working Successfully Or Not" classname="Test Cases/HEALTHPOST TEST CASES/TC_HP_010 Verify Schedule 10 Healthpost Request Are Working Successfully Or Not" status="PASSED">
         <system-out><![CDATA[2018-05-22 11:57:11 - [TEST_CASE][PASSED] - Test Cases/HEALTHPOST TEST CASES/TC_HP_010 Verify Schedule 10 Healthpost Request Are Working Successfully Or Not: Test Cases/HEALTHPOST TEST CASES/TC_HP_010 Verify Schedule 10 Healthpost Request Are Working Successfully Or Not

2018-05-22 11:57:11 - [TEST_STEP][PASSED] - openBrowser: Browser is opened with url: ''

2018-05-22 11:57:11 - [MESSAGE][WARNING] - A browser is already opened. Closing browser and opening a new one

2018-05-22 11:57:14 - [MESSAGE][PASSED] - Browser is opened with url: ''

2018-05-22 11:57:14 - [TEST_STEP][PASSED] - navigateToUrl: Navigate to 'http://192.168.137.1/multihospital_new/HDSplashscreen.aspx' successfully

2018-05-22 11:57:16 - [MESSAGE][PASSED] - Navigate to 'http://192.168.137.1/multihospital_new/HDSplashscreen.aspx' successfully

2018-05-22 11:57:16 - [TEST_STEP][PASSED] - maximizeWindow: Current window maximized

2018-05-22 11:57:17 - [MESSAGE][PASSED] - Current window maximized

2018-05-22 11:57:17 - [TEST_STEP][PASSED] - click: Object: 'Object Repository/HealthpostToStore/Page_KDMC/a_Healthpost Store' is clicked on

2018-05-22 11:57:18 - [MESSAGE][PASSED] - Object: 'Object Repository/HealthpostToStore/Page_KDMC/a_Healthpost Store' is clicked on

2018-05-22 11:57:18 - [TEST_STEP][PASSED] - setText: Text 'raguram' is set on object 'Object Repository/HealthpostToStore/Page_HealthPost Store Login/input_txtusername'

2018-05-22 11:57:18 - [MESSAGE][PASSED] - Text 'raguram' is set on object 'Object Repository/HealthpostToStore/Page_HealthPost Store Login/input_txtusername'

2018-05-22 11:57:18 - [TEST_STEP][PASSED] - setText: Text '123' is set on object 'Object Repository/HealthpostToStore/Page_HealthPost Store Login/input_txtpassword'

2018-05-22 11:57:18 - [MESSAGE][PASSED] - Text '123' is set on object 'Object Repository/HealthpostToStore/Page_HealthPost Store Login/input_txtpassword'

2018-05-22 11:57:18 - [TEST_STEP][PASSED] - delay: Delayed 3 second(s)

2018-05-22 11:57:21 - [MESSAGE][PASSED] - Delayed 3 second(s)

2018-05-22 11:57:21 - [TEST_STEP][PASSED] - sendKeys: Keys 'ENTER + ' sent to object: 'Object Repository/HealthpostToStore/Page_HealthPost Store Login/input_txtpassword'

2018-05-22 11:57:22 - [MESSAGE][PASSED] - Keys 'ENTER + ' sent to object: 'Object Repository/HealthpostToStore/Page_HealthPost Store Login/input_txtpassword'

2018-05-22 11:57:22 - [TEST_STEP][PASSED] - delay: Delayed 3 second(s)

2018-05-22 11:57:25 - [MESSAGE][PASSED] - Delayed 3 second(s)

2018-05-22 11:57:25 - [TEST_STEP][PASSED] - click: Object: 'Object Repository/HealthpostToStore/Page_HealthPost Store/a_Request to Store' is clicked on

2018-05-22 11:57:25 - [MESSAGE][PASSED] - Object: 'Object Repository/HealthpostToStore/Page_HealthPost Store/a_Request to Store' is clicked on

2018-05-22 11:57:25 - [TEST_STEP][PASSED] - delay: Delayed 1 second(s)

2018-05-22 11:57:26 - [MESSAGE][PASSED] - Delayed 1 second(s)

2018-05-22 11:57:26 - [TEST_STEP][PASSED] - click: Object: 'Object Repository/HealthpostToStore/Page_HealthPost Store/a_Medicine Request' is clicked on

2018-05-22 11:57:27 - [MESSAGE][PASSED] - Object: 'Object Repository/HealthpostToStore/Page_HealthPost Store/a_Medicine Request' is clicked on

2018-05-22 11:57:27 - [TEST_STEP][PASSED] - delay: Delayed 1 second(s)

2018-05-22 11:57:28 - [MESSAGE][PASSED] - Delayed 1 second(s)

2018-05-22 11:57:28 - [TEST_STEP][PASSED] - selectOptionByIndex: All options with index in [10] are selected on object 'Object Repository/HealthpostToStore/Page_HealthPost Store/select_--Select--Schedule 1Inj'

2018-05-22 11:57:28 - [MESSAGE][PASSED] - All options with index in [10] are selected on object 'Object Repository/HealthpostToStore/Page_HealthPost Store/select_--Select--Schedule 1Inj'

2018-05-22 11:57:28 - [TEST_STEP][PASSED] - Statement - medicineslength = com.kms.katalon.core.webui.keyword.WebUiBuiltInKeywords.getNumberOfTotalOption(com.kms.katalon.core.testobject.ObjectRepository.findTestObject(HealthpostToStore/Page_HealthPost Store/select_--Select--Adernaline 0.)): 19 options of object 'Object Repository/HealthpostToStore/Page_HealthPost Store/select_--Select--Adernaline 0.' counted

2018-05-22 11:57:28 - [MESSAGE][PASSED] - 19 options of object 'Object Repository/HealthpostToStore/Page_HealthPost Store/select_--Select--Adernaline 0.' counted

2018-05-22 11:57:28 - [TEST_STEP][PASSED] - Statement - For ([e = 1, e <= medicineslength - 1, (e++)]): Object: 'Object Repository/HealthpostToStore/Page_HealthPost Store/button_Add' is clicked on

2018-05-22 11:57:28 - [TEST_STEP][PASSED] - selectOptionByIndex: All options with index in [10] are selected on object 'Object Repository/HealthpostToStore/Page_HealthPost Store/select_--Select--Schedule 1Inj'

2018-05-22 11:57:28 - [MESSAGE][PASSED] - All options with index in [10] are selected on object 'Object Repository/HealthpostToStore/Page_HealthPost Store/select_--Select--Schedule 1Inj'

2018-05-22 11:57:28 - [TEST_STEP][PASSED] - selectOptionByIndex: All options with index in [1] are selected on object 'Object Repository/HealthpostToStore/Page_HealthPost Store/select_--Select--Adernaline 0.'

2018-05-22 11:57:28 - [MESSAGE][PASSED] - All options with index in [1] are selected on object 'Object Repository/HealthpostToStore/Page_HealthPost Store/select_--Select--Adernaline 0.'

2018-05-22 11:57:28 - [TEST_STEP][PASSED] - setText: Text '10' is set on object 'Object Repository/HealthpostToStore/Page_HealthPost Store/input_txttreat'

2018-05-22 11:57:28 - [MESSAGE][PASSED] - Text '10' is set on object 'Object Repository/HealthpostToStore/Page_HealthPost Store/input_txttreat'

2018-05-22 11:57:28 - [TEST_STEP][PASSED] - click: Object: 'Object Repository/HealthpostToStore/Page_HealthPost Store/button_Add' is clicked on

2018-05-22 11:57:29 - [MESSAGE][PASSED] - Object: 'Object Repository/HealthpostToStore/Page_HealthPost Store/button_Add' is clicked on

2018-05-22 11:57:29 - [TEST_STEP][PASSED] - selectOptionByIndex: All options with index in [10] are selected on object 'Object Repository/HealthpostToStore/Page_HealthPost Store/select_--Select--Schedule 1Inj'

2018-05-22 11:57:29 - [MESSAGE][PASSED] - All options with index in [10] are selected on object 'Object Repository/HealthpostToStore/Page_HealthPost Store/select_--Select--Schedule 1Inj'

2018-05-22 11:57:29 - [TEST_STEP][PASSED] - selectOptionByIndex: All options with index in [2] are selected on object 'Object Repository/HealthpostToStore/Page_HealthPost Store/select_--Select--Adernaline 0.'

2018-05-22 11:57:29 - [MESSAGE][PASSED] - All options with index in [2] are selected on object 'Object Repository/HealthpostToStore/Page_HealthPost Store/select_--Select--Adernaline 0.'

2018-05-22 11:57:29 - [TEST_STEP][PASSED] - setText: Text '10' is set on object 'Object Repository/HealthpostToStore/Page_HealthPost Store/input_txttreat'

2018-05-22 11:57:29 - [MESSAGE][PASSED] - Text '10' is set on object 'Object Repository/HealthpostToStore/Page_HealthPost Store/input_txttreat'

2018-05-22 11:57:29 - [TEST_STEP][PASSED] - click: Object: 'Object Repository/HealthpostToStore/Page_HealthPost Store/button_Add' is clicked on

2018-05-22 11:57:29 - [MESSAGE][PASSED] - Object: 'Object Repository/HealthpostToStore/Page_HealthPost Store/button_Add' is clicked on

2018-05-22 11:57:29 - [TEST_STEP][PASSED] - selectOptionByIndex: All options with index in [10] are selected on object 'Object Repository/HealthpostToStore/Page_HealthPost Store/select_--Select--Schedule 1Inj'

2018-05-22 11:57:29 - [MESSAGE][PASSED] - All options with index in [10] are selected on object 'Object Repository/HealthpostToStore/Page_HealthPost Store/select_--Select--Schedule 1Inj'

2018-05-22 11:57:29 - [TEST_STEP][PASSED] - selectOptionByIndex: All options with index in [3] are selected on object 'Object Repository/HealthpostToStore/Page_HealthPost Store/select_--Select--Adernaline 0.'

2018-05-22 11:57:29 - [MESSAGE][PASSED] - All options with index in [3] are selected on object 'Object Repository/HealthpostToStore/Page_HealthPost Store/select_--Select--Adernaline 0.'

2018-05-22 11:57:29 - [TEST_STEP][PASSED] - setText: Text '10' is set on object 'Object Repository/HealthpostToStore/Page_HealthPost Store/input_txttreat'

2018-05-22 11:57:30 - [MESSAGE][PASSED] - Text '10' is set on object 'Object Repository/HealthpostToStore/Page_HealthPost Store/input_txttreat'

2018-05-22 11:57:30 - [TEST_STEP][PASSED] - click: Object: 'Object Repository/HealthpostToStore/Page_HealthPost Store/button_Add' is clicked on

2018-05-22 11:57:30 - [MESSAGE][PASSED] - Object: 'Object Repository/HealthpostToStore/Page_HealthPost Store/button_Add' is clicked on

2018-05-22 11:57:30 - [TEST_STEP][PASSED] - selectOptionByIndex: All options with index in [10] are selected on object 'Object Repository/HealthpostToStore/Page_HealthPost Store/select_--Select--Schedule 1Inj'

2018-05-22 11:57:30 - [MESSAGE][PASSED] - All options with index in [10] are selected on object 'Object Repository/HealthpostToStore/Page_HealthPost Store/select_--Select--Schedule 1Inj'

2018-05-22 11:57:30 - [TEST_STEP][PASSED] - selectOptionByIndex: All options with index in [4] are selected on object 'Object Repository/HealthpostToStore/Page_HealthPost Store/select_--Select--Adernaline 0.'

2018-05-22 11:57:30 - [MESSAGE][PASSED] - All options with index in [4] are selected on object 'Object Repository/HealthpostToStore/Page_HealthPost Store/select_--Select--Adernaline 0.'

2018-05-22 11:57:30 - [TEST_STEP][PASSED] - setText: Text '10' is set on object 'Object Repository/HealthpostToStore/Page_HealthPost Store/input_txttreat'

2018-05-22 11:57:30 - [MESSAGE][PASSED] - Text '10' is set on object 'Object Repository/HealthpostToStore/Page_HealthPost Store/input_txttreat'

2018-05-22 11:57:30 - [TEST_STEP][PASSED] - click: Object: 'Object Repository/HealthpostToStore/Page_HealthPost Store/button_Add' is clicked on

2018-05-22 11:57:30 - [MESSAGE][PASSED] - Object: 'Object Repository/HealthpostToStore/Page_HealthPost Store/button_Add' is clicked on

2018-05-22 11:57:30 - [TEST_STEP][PASSED] - selectOptionByIndex: All options with index in [10] are selected on object 'Object Repository/HealthpostToStore/Page_HealthPost Store/select_--Select--Schedule 1Inj'

2018-05-22 11:57:30 - [MESSAGE][PASSED] - All options with index in [10] are selected on object 'Object Repository/HealthpostToStore/Page_HealthPost Store/select_--Select--Schedule 1Inj'

2018-05-22 11:57:30 - [TEST_STEP][PASSED] - selectOptionByIndex: All options with index in [5] are selected on object 'Object Repository/HealthpostToStore/Page_HealthPost Store/select_--Select--Adernaline 0.'

2018-05-22 11:57:30 - [MESSAGE][PASSED] - All options with index in [5] are selected on object 'Object Repository/HealthpostToStore/Page_HealthPost Store/select_--Select--Adernaline 0.'

2018-05-22 11:57:30 - [TEST_STEP][PASSED] - setText: Text '10' is set on object 'Object Repository/HealthpostToStore/Page_HealthPost Store/input_txttreat'

2018-05-22 11:57:30 - [MESSAGE][PASSED] - Text '10' is set on object 'Object Repository/HealthpostToStore/Page_HealthPost Store/input_txttreat'

2018-05-22 11:57:30 - [TEST_STEP][PASSED] - click: Object: 'Object Repository/HealthpostToStore/Page_HealthPost Store/button_Add' is clicked on

2018-05-22 11:57:31 - [MESSAGE][PASSED] - Object: 'Object Repository/HealthpostToStore/Page_HealthPost Store/button_Add' is clicked on

2018-05-22 11:57:31 - [TEST_STEP][PASSED] - selectOptionByIndex: All options with index in [10] are selected on object 'Object Repository/HealthpostToStore/Page_HealthPost Store/select_--Select--Schedule 1Inj'

2018-05-22 11:57:31 - [MESSAGE][PASSED] - All options with index in [10] are selected on object 'Object Repository/HealthpostToStore/Page_HealthPost Store/select_--Select--Schedule 1Inj'

2018-05-22 11:57:31 - [TEST_STEP][PASSED] - selectOptionByIndex: All options with index in [6] are selected on object 'Object Repository/HealthpostToStore/Page_HealthPost Store/select_--Select--Adernaline 0.'

2018-05-22 11:57:31 - [MESSAGE][PASSED] - All options with index in [6] are selected on object 'Object Repository/HealthpostToStore/Page_HealthPost Store/select_--Select--Adernaline 0.'

2018-05-22 11:57:31 - [TEST_STEP][PASSED] - setText: Text '10' is set on object 'Object Repository/HealthpostToStore/Page_HealthPost Store/input_txttreat'

2018-05-22 11:57:31 - [MESSAGE][PASSED] - Text '10' is set on object 'Object Repository/HealthpostToStore/Page_HealthPost Store/input_txttreat'

2018-05-22 11:57:31 - [TEST_STEP][PASSED] - click: Object: 'Object Repository/HealthpostToStore/Page_HealthPost Store/button_Add' is clicked on

2018-05-22 11:57:31 - [MESSAGE][PASSED] - Object: 'Object Repository/HealthpostToStore/Page_HealthPost Store/button_Add' is clicked on

2018-05-22 11:57:31 - [TEST_STEP][PASSED] - selectOptionByIndex: All options with index in [10] are selected on object 'Object Repository/HealthpostToStore/Page_HealthPost Store/select_--Select--Schedule 1Inj'

2018-05-22 11:57:31 - [MESSAGE][PASSED] - All options with index in [10] are selected on object 'Object Repository/HealthpostToStore/Page_HealthPost Store/select_--Select--Schedule 1Inj'

2018-05-22 11:57:31 - [TEST_STEP][PASSED] - selectOptionByIndex: All options with index in [7] are selected on object 'Object Repository/HealthpostToStore/Page_HealthPost Store/select_--Select--Adernaline 0.'

2018-05-22 11:57:31 - [MESSAGE][PASSED] - All options with index in [7] are selected on object 'Object Repository/HealthpostToStore/Page_HealthPost Store/select_--Select--Adernaline 0.'

2018-05-22 11:57:31 - [TEST_STEP][PASSED] - setText: Text '10' is set on object 'Object Repository/HealthpostToStore/Page_HealthPost Store/input_txttreat'

2018-05-22 11:57:32 - [MESSAGE][PASSED] - Text '10' is set on object 'Object Repository/HealthpostToStore/Page_HealthPost Store/input_txttreat'

2018-05-22 11:57:32 - [TEST_STEP][PASSED] - click: Object: 'Object Repository/HealthpostToStore/Page_HealthPost Store/button_Add' is clicked on

2018-05-22 11:57:32 - [MESSAGE][PASSED] - Object: 'Object Repository/HealthpostToStore/Page_HealthPost Store/button_Add' is clicked on

2018-05-22 11:57:32 - [TEST_STEP][PASSED] - selectOptionByIndex: All options with index in [10] are selected on object 'Object Repository/HealthpostToStore/Page_HealthPost Store/select_--Select--Schedule 1Inj'

2018-05-22 11:57:32 - [MESSAGE][PASSED] - All options with index in [10] are selected on object 'Object Repository/HealthpostToStore/Page_HealthPost Store/select_--Select--Schedule 1Inj'

2018-05-22 11:57:32 - [TEST_STEP][PASSED] - selectOptionByIndex: All options with index in [8] are selected on object 'Object Repository/HealthpostToStore/Page_HealthPost Store/select_--Select--Adernaline 0.'

2018-05-22 11:57:32 - [MESSAGE][PASSED] - All options with index in [8] are selected on object 'Object Repository/HealthpostToStore/Page_HealthPost Store/select_--Select--Adernaline 0.'

2018-05-22 11:57:32 - [TEST_STEP][PASSED] - setText: Text '10' is set on object 'Object Repository/HealthpostToStore/Page_HealthPost Store/input_txttreat'

2018-05-22 11:57:32 - [MESSAGE][PASSED] - Text '10' is set on object 'Object Repository/HealthpostToStore/Page_HealthPost Store/input_txttreat'

2018-05-22 11:57:32 - [TEST_STEP][PASSED] - click: Object: 'Object Repository/HealthpostToStore/Page_HealthPost Store/button_Add' is clicked on

2018-05-22 11:57:32 - [MESSAGE][PASSED] - Object: 'Object Repository/HealthpostToStore/Page_HealthPost Store/button_Add' is clicked on

2018-05-22 11:57:32 - [TEST_STEP][PASSED] - selectOptionByIndex: All options with index in [10] are selected on object 'Object Repository/HealthpostToStore/Page_HealthPost Store/select_--Select--Schedule 1Inj'

2018-05-22 11:57:32 - [MESSAGE][PASSED] - All options with index in [10] are selected on object 'Object Repository/HealthpostToStore/Page_HealthPost Store/select_--Select--Schedule 1Inj'

2018-05-22 11:57:32 - [TEST_STEP][PASSED] - selectOptionByIndex: All options with index in [9] are selected on object 'Object Repository/HealthpostToStore/Page_HealthPost Store/select_--Select--Adernaline 0.'

2018-05-22 11:57:33 - [MESSAGE][PASSED] - All options with index in [9] are selected on object 'Object Repository/HealthpostToStore/Page_HealthPost Store/select_--Select--Adernaline 0.'

2018-05-22 11:57:33 - [TEST_STEP][PASSED] - setText: Text '10' is set on object 'Object Repository/HealthpostToStore/Page_HealthPost Store/input_txttreat'

2018-05-22 11:57:33 - [MESSAGE][PASSED] - Text '10' is set on object 'Object Repository/HealthpostToStore/Page_HealthPost Store/input_txttreat'

2018-05-22 11:57:33 - [TEST_STEP][PASSED] - click: Object: 'Object Repository/HealthpostToStore/Page_HealthPost Store/button_Add' is clicked on

2018-05-22 11:57:33 - [MESSAGE][PASSED] - Object: 'Object Repository/HealthpostToStore/Page_HealthPost Store/button_Add' is clicked on

2018-05-22 11:57:33 - [TEST_STEP][PASSED] - selectOptionByIndex: All options with index in [10] are selected on object 'Object Repository/HealthpostToStore/Page_HealthPost Store/select_--Select--Schedule 1Inj'

2018-05-22 11:57:33 - [MESSAGE][PASSED] - All options with index in [10] are selected on object 'Object Repository/HealthpostToStore/Page_HealthPost Store/select_--Select--Schedule 1Inj'

2018-05-22 11:57:33 - [TEST_STEP][PASSED] - selectOptionByIndex: All options with index in [10] are selected on object 'Object Repository/HealthpostToStore/Page_HealthPost Store/select_--Select--Adernaline 0.'

2018-05-22 11:57:33 - [MESSAGE][PASSED] - All options with index in [10] are selected on object 'Object Repository/HealthpostToStore/Page_HealthPost Store/select_--Select--Adernaline 0.'

2018-05-22 11:57:33 - [TEST_STEP][PASSED] - setText: Text '10' is set on object 'Object Repository/HealthpostToStore/Page_HealthPost Store/input_txttreat'

2018-05-22 11:57:33 - [MESSAGE][PASSED] - Text '10' is set on object 'Object Repository/HealthpostToStore/Page_HealthPost Store/input_txttreat'

2018-05-22 11:57:33 - [TEST_STEP][PASSED] - click: Object: 'Object Repository/HealthpostToStore/Page_HealthPost Store/button_Add' is clicked on

2018-05-22 11:57:33 - [MESSAGE][PASSED] - Object: 'Object Repository/HealthpostToStore/Page_HealthPost Store/button_Add' is clicked on

2018-05-22 11:57:33 - [TEST_STEP][PASSED] - selectOptionByIndex: All options with index in [10] are selected on object 'Object Repository/HealthpostToStore/Page_HealthPost Store/select_--Select--Schedule 1Inj'

2018-05-22 11:57:33 - [MESSAGE][PASSED] - All options with index in [10] are selected on object 'Object Repository/HealthpostToStore/Page_HealthPost Store/select_--Select--Schedule 1Inj'

2018-05-22 11:57:33 - [TEST_STEP][PASSED] - selectOptionByIndex: All options with index in [11] are selected on object 'Object Repository/HealthpostToStore/Page_HealthPost Store/select_--Select--Adernaline 0.'

2018-05-22 11:57:34 - [MESSAGE][PASSED] - All options with index in [11] are selected on object 'Object Repository/HealthpostToStore/Page_HealthPost Store/select_--Select--Adernaline 0.'

2018-05-22 11:57:34 - [TEST_STEP][PASSED] - setText: Text '10' is set on object 'Object Repository/HealthpostToStore/Page_HealthPost Store/input_txttreat'

2018-05-22 11:57:34 - [MESSAGE][PASSED] - Text '10' is set on object 'Object Repository/HealthpostToStore/Page_HealthPost Store/input_txttreat'

2018-05-22 11:57:34 - [TEST_STEP][PASSED] - click: Object: 'Object Repository/HealthpostToStore/Page_HealthPost Store/button_Add' is clicked on

2018-05-22 11:57:34 - [MESSAGE][PASSED] - Object: 'Object Repository/HealthpostToStore/Page_HealthPost Store/button_Add' is clicked on

2018-05-22 11:57:34 - [TEST_STEP][PASSED] - selectOptionByIndex: All options with index in [10] are selected on object 'Object Repository/HealthpostToStore/Page_HealthPost Store/select_--Select--Schedule 1Inj'

2018-05-22 11:57:34 - [MESSAGE][PASSED] - All options with index in [10] are selected on object 'Object Repository/HealthpostToStore/Page_HealthPost Store/select_--Select--Schedule 1Inj'

2018-05-22 11:57:34 - [TEST_STEP][PASSED] - selectOptionByIndex: All options with index in [12] are selected on object 'Object Repository/HealthpostToStore/Page_HealthPost Store/select_--Select--Adernaline 0.'

2018-05-22 11:57:34 - [MESSAGE][PASSED] - All options with index in [12] are selected on object 'Object Repository/HealthpostToStore/Page_HealthPost Store/select_--Select--Adernaline 0.'

2018-05-22 11:57:34 - [TEST_STEP][PASSED] - setText: Text '10' is set on object 'Object Repository/HealthpostToStore/Page_HealthPost Store/input_txttreat'

2018-05-22 11:57:34 - [MESSAGE][PASSED] - Text '10' is set on object 'Object Repository/HealthpostToStore/Page_HealthPost Store/input_txttreat'

2018-05-22 11:57:34 - [TEST_STEP][PASSED] - click: Object: 'Object Repository/HealthpostToStore/Page_HealthPost Store/button_Add' is clicked on

2018-05-22 11:57:34 - [MESSAGE][PASSED] - Object: 'Object Repository/HealthpostToStore/Page_HealthPost Store/button_Add' is clicked on

2018-05-22 11:57:34 - [TEST_STEP][PASSED] - selectOptionByIndex: All options with index in [10] are selected on object 'Object Repository/HealthpostToStore/Page_HealthPost Store/select_--Select--Schedule 1Inj'

2018-05-22 11:57:35 - [MESSAGE][PASSED] - All options with index in [10] are selected on object 'Object Repository/HealthpostToStore/Page_HealthPost Store/select_--Select--Schedule 1Inj'

2018-05-22 11:57:35 - [TEST_STEP][PASSED] - selectOptionByIndex: All options with index in [13] are selected on object 'Object Repository/HealthpostToStore/Page_HealthPost Store/select_--Select--Adernaline 0.'

2018-05-22 11:57:35 - [MESSAGE][PASSED] - All options with index in [13] are selected on object 'Object Repository/HealthpostToStore/Page_HealthPost Store/select_--Select--Adernaline 0.'

2018-05-22 11:57:35 - [TEST_STEP][PASSED] - setText: Text '10' is set on object 'Object Repository/HealthpostToStore/Page_HealthPost Store/input_txttreat'

2018-05-22 11:57:35 - [MESSAGE][PASSED] - Text '10' is set on object 'Object Repository/HealthpostToStore/Page_HealthPost Store/input_txttreat'

2018-05-22 11:57:35 - [TEST_STEP][PASSED] - click: Object: 'Object Repository/HealthpostToStore/Page_HealthPost Store/button_Add' is clicked on

2018-05-22 11:57:35 - [MESSAGE][PASSED] - Object: 'Object Repository/HealthpostToStore/Page_HealthPost Store/button_Add' is clicked on

2018-05-22 11:57:35 - [TEST_STEP][PASSED] - selectOptionByIndex: All options with index in [10] are selected on object 'Object Repository/HealthpostToStore/Page_HealthPost Store/select_--Select--Schedule 1Inj'

2018-05-22 11:57:35 - [MESSAGE][PASSED] - All options with index in [10] are selected on object 'Object Repository/HealthpostToStore/Page_HealthPost Store/select_--Select--Schedule 1Inj'

2018-05-22 11:57:35 - [TEST_STEP][PASSED] - selectOptionByIndex: All options with index in [14] are selected on object 'Object Repository/HealthpostToStore/Page_HealthPost Store/select_--Select--Adernaline 0.'

2018-05-22 11:57:35 - [MESSAGE][PASSED] - All options with index in [14] are selected on object 'Object Repository/HealthpostToStore/Page_HealthPost Store/select_--Select--Adernaline 0.'

2018-05-22 11:57:35 - [TEST_STEP][PASSED] - setText: Text '10' is set on object 'Object Repository/HealthpostToStore/Page_HealthPost Store/input_txttreat'

2018-05-22 11:57:35 - [MESSAGE][PASSED] - Text '10' is set on object 'Object Repository/HealthpostToStore/Page_HealthPost Store/input_txttreat'

2018-05-22 11:57:35 - [TEST_STEP][PASSED] - click: Object: 'Object Repository/HealthpostToStore/Page_HealthPost Store/button_Add' is clicked on

2018-05-22 11:57:35 - [MESSAGE][PASSED] - Object: 'Object Repository/HealthpostToStore/Page_HealthPost Store/button_Add' is clicked on

2018-05-22 11:57:35 - [TEST_STEP][PASSED] - selectOptionByIndex: All options with index in [10] are selected on object 'Object Repository/HealthpostToStore/Page_HealthPost Store/select_--Select--Schedule 1Inj'

2018-05-22 11:57:36 - [MESSAGE][PASSED] - All options with index in [10] are selected on object 'Object Repository/HealthpostToStore/Page_HealthPost Store/select_--Select--Schedule 1Inj'

2018-05-22 11:57:36 - [TEST_STEP][PASSED] - selectOptionByIndex: All options with index in [15] are selected on object 'Object Repository/HealthpostToStore/Page_HealthPost Store/select_--Select--Adernaline 0.'

2018-05-22 11:57:36 - [MESSAGE][PASSED] - All options with index in [15] are selected on object 'Object Repository/HealthpostToStore/Page_HealthPost Store/select_--Select--Adernaline 0.'

2018-05-22 11:57:36 - [TEST_STEP][PASSED] - setText: Text '10' is set on object 'Object Repository/HealthpostToStore/Page_HealthPost Store/input_txttreat'

2018-05-22 11:57:36 - [MESSAGE][PASSED] - Text '10' is set on object 'Object Repository/HealthpostToStore/Page_HealthPost Store/input_txttreat'

2018-05-22 11:57:36 - [TEST_STEP][PASSED] - click: Object: 'Object Repository/HealthpostToStore/Page_HealthPost Store/button_Add' is clicked on

2018-05-22 11:57:36 - [MESSAGE][PASSED] - Object: 'Object Repository/HealthpostToStore/Page_HealthPost Store/button_Add' is clicked on

2018-05-22 11:57:36 - [TEST_STEP][PASSED] - selectOptionByIndex: All options with index in [10] are selected on object 'Object Repository/HealthpostToStore/Page_HealthPost Store/select_--Select--Schedule 1Inj'

2018-05-22 11:57:36 - [MESSAGE][PASSED] - All options with index in [10] are selected on object 'Object Repository/HealthpostToStore/Page_HealthPost Store/select_--Select--Schedule 1Inj'

2018-05-22 11:57:36 - [TEST_STEP][PASSED] - selectOptionByIndex: All options with index in [16] are selected on object 'Object Repository/HealthpostToStore/Page_HealthPost Store/select_--Select--Adernaline 0.'

2018-05-22 11:57:37 - [MESSAGE][PASSED] - All options with index in [16] are selected on object 'Object Repository/HealthpostToStore/Page_HealthPost Store/select_--Select--Adernaline 0.'

2018-05-22 11:57:37 - [TEST_STEP][PASSED] - setText: Text '10' is set on object 'Object Repository/HealthpostToStore/Page_HealthPost Store/input_txttreat'

2018-05-22 11:57:37 - [MESSAGE][PASSED] - Text '10' is set on object 'Object Repository/HealthpostToStore/Page_HealthPost Store/input_txttreat'

2018-05-22 11:57:37 - [TEST_STEP][PASSED] - click: Object: 'Object Repository/HealthpostToStore/Page_HealthPost Store/button_Add' is clicked on

2018-05-22 11:57:37 - [MESSAGE][PASSED] - Object: 'Object Repository/HealthpostToStore/Page_HealthPost Store/button_Add' is clicked on

2018-05-22 11:57:37 - [TEST_STEP][PASSED] - selectOptionByIndex: All options with index in [10] are selected on object 'Object Repository/HealthpostToStore/Page_HealthPost Store/select_--Select--Schedule 1Inj'

2018-05-22 11:57:37 - [MESSAGE][PASSED] - All options with index in [10] are selected on object 'Object Repository/HealthpostToStore/Page_HealthPost Store/select_--Select--Schedule 1Inj'

2018-05-22 11:57:37 - [TEST_STEP][PASSED] - selectOptionByIndex: All options with index in [17] are selected on object 'Object Repository/HealthpostToStore/Page_HealthPost Store/select_--Select--Adernaline 0.'

2018-05-22 11:57:37 - [MESSAGE][PASSED] - All options with index in [17] are selected on object 'Object Repository/HealthpostToStore/Page_HealthPost Store/select_--Select--Adernaline 0.'

2018-05-22 11:57:37 - [TEST_STEP][PASSED] - setText: Text '10' is set on object 'Object Repository/HealthpostToStore/Page_HealthPost Store/input_txttreat'

2018-05-22 11:57:37 - [MESSAGE][PASSED] - Text '10' is set on object 'Object Repository/HealthpostToStore/Page_HealthPost Store/input_txttreat'

2018-05-22 11:57:37 - [TEST_STEP][PASSED] - click: Object: 'Object Repository/HealthpostToStore/Page_HealthPost Store/button_Add' is clicked on

2018-05-22 11:57:37 - [MESSAGE][PASSED] - Object: 'Object Repository/HealthpostToStore/Page_HealthPost Store/button_Add' is clicked on

2018-05-22 11:57:37 - [TEST_STEP][PASSED] - selectOptionByIndex: All options with index in [10] are selected on object 'Object Repository/HealthpostToStore/Page_HealthPost Store/select_--Select--Schedule 1Inj'

2018-05-22 11:57:37 - [MESSAGE][PASSED] - All options with index in [10] are selected on object 'Object Repository/HealthpostToStore/Page_HealthPost Store/select_--Select--Schedule 1Inj'

2018-05-22 11:57:37 - [TEST_STEP][PASSED] - selectOptionByIndex: All options with index in [18] are selected on object 'Object Repository/HealthpostToStore/Page_HealthPost Store/select_--Select--Adernaline 0.'

2018-05-22 11:57:38 - [MESSAGE][PASSED] - All options with index in [18] are selected on object 'Object Repository/HealthpostToStore/Page_HealthPost Store/select_--Select--Adernaline 0.'

2018-05-22 11:57:38 - [TEST_STEP][PASSED] - setText: Text '10' is set on object 'Object Repository/HealthpostToStore/Page_HealthPost Store/input_txttreat'

2018-05-22 11:57:38 - [MESSAGE][PASSED] - Text '10' is set on object 'Object Repository/HealthpostToStore/Page_HealthPost Store/input_txttreat'

2018-05-22 11:57:38 - [TEST_STEP][PASSED] - click: Object: 'Object Repository/HealthpostToStore/Page_HealthPost Store/button_Add' is clicked on

2018-05-22 11:57:38 - [MESSAGE][PASSED] - Object: 'Object Repository/HealthpostToStore/Page_HealthPost Store/button_Add' is clicked on

2018-05-22 11:57:38 - [TEST_STEP][PASSED] - scrollToElement: Scroll to object 'Object Repository/HealthpostToStore/Page_HealthPost Store/input_btnsave' successfully

2018-05-22 11:57:38 - [MESSAGE][PASSED] - Scroll to object 'Object Repository/HealthpostToStore/Page_HealthPost Store/input_btnsave' successfully

2018-05-22 11:57:38 - [TEST_STEP][PASSED] - click: Object: 'Object Repository/HealthpostToStore/Page_HealthPost Store/input_btnsave' is clicked on

2018-05-22 11:57:38 - [MESSAGE][PASSED] - Object: 'Object Repository/HealthpostToStore/Page_HealthPost Store/input_btnsave' is clicked on

2018-05-22 11:57:38 - [TEST_STEP][PASSED] - delay: Delayed 3 second(s)

2018-05-22 11:57:41 - [MESSAGE][PASSED] - Delayed 3 second(s)

2018-05-22 11:57:41 - [TEST_STEP][PASSED] - Statement - RN1 = com.kms.katalon.core.webui.keyword.WebUiBuiltInKeywords.getText(com.kms.katalon.core.testobject.ObjectRepository.findTestObject(HealthpostToStore/Page_HealthPost Store/font_HPRNO180520187)): Text of object 'Object Repository/HealthpostToStore/Page_HealthPost Store/font_HPRNO180520187' is: 'HPRNO/22052018/63'

2018-05-22 11:57:41 - [MESSAGE][PASSED] - Text of object 'Object Repository/HealthpostToStore/Page_HealthPost Store/font_HPRNO180520187' is: 'HPRNO/22052018/63'

2018-05-22 11:57:41 - [TEST_STEP][PASSED] - Statement - out.println(RN1): null

2018-05-22 11:57:41 - [TEST_STEP][PASSED] - Statement - RID = RN1.split("/")[2]: null

2018-05-22 11:57:41 - [TEST_STEP][PASSED] - click: Object: 'Object Repository/HealthpostToStore/Page_HealthPost Store/button_OK' is clicked on

2018-05-22 11:57:42 - [MESSAGE][PASSED] - Object: 'Object Repository/HealthpostToStore/Page_HealthPost Store/button_OK' is clicked on

2018-05-22 11:57:42 - [TEST_STEP][PASSED] - delay: Delayed 3 second(s)

2018-05-22 11:57:45 - [MESSAGE][PASSED] - Delayed 3 second(s)

2018-05-22 11:57:45 - [TEST_STEP][PASSED] - click: Object: 'Object Repository/HealthpostToStore/Page_HealthPost Store/a_dropdown-toggle' is clicked on

2018-05-22 11:57:45 - [MESSAGE][PASSED] - Object: 'Object Repository/HealthpostToStore/Page_HealthPost Store/a_dropdown-toggle' is clicked on

2018-05-22 11:57:45 - [TEST_STEP][PASSED] - click: Object: 'Object Repository/HealthpostToStore/Page_HealthPost Store/a_Sign out' is clicked on

2018-05-22 11:57:45 - [MESSAGE][PASSED] - Object: 'Object Repository/HealthpostToStore/Page_HealthPost Store/a_Sign out' is clicked on

2018-05-22 11:57:45 - [TEST_STEP][PASSED] - delay: Delayed 3 second(s)

2018-05-22 11:57:48 - [MESSAGE][PASSED] - Delayed 3 second(s)

2018-05-22 11:57:48 - [TEST_STEP][PASSED] - navigateToUrl: Navigate to 'http://192.168.137.1/multihospital_new/' successfully

2018-05-22 11:57:49 - [MESSAGE][PASSED] - Navigate to 'http://192.168.137.1/multihospital_new/' successfully

2018-05-22 11:57:49 - [TEST_STEP][PASSED] - click: Object: 'Object Repository/HealthpostToStore/Page_KDMC/a_CMO' is clicked on

2018-05-22 11:57:50 - [MESSAGE][PASSED] - Object: 'Object Repository/HealthpostToStore/Page_KDMC/a_CMO' is clicked on

2018-05-22 11:57:50 - [TEST_STEP][PASSED] - setText: Text 'guru' is set on object 'Object Repository/HealthpostToStore/Page_CMO login/input_txtusername'

2018-05-22 11:57:50 - [MESSAGE][PASSED] - Text 'guru' is set on object 'Object Repository/HealthpostToStore/Page_CMO login/input_txtusername'

2018-05-22 11:57:50 - [TEST_STEP][PASSED] - setText: Text '123' is set on object 'Object Repository/HealthpostToStore/Page_CMO login/input_txtpassword'

2018-05-22 11:57:50 - [MESSAGE][PASSED] - Text '123' is set on object 'Object Repository/HealthpostToStore/Page_CMO login/input_txtpassword'

2018-05-22 11:57:50 - [TEST_STEP][PASSED] - delay: Delayed 3 second(s)

2018-05-22 11:57:53 - [MESSAGE][PASSED] - Delayed 3 second(s)

2018-05-22 11:57:53 - [TEST_STEP][PASSED] - click: Object: 'Object Repository/HealthpostToStore/Page_CMO login/button_Sign in' is clicked on

2018-05-22 11:57:54 - [MESSAGE][PASSED] - Object: 'Object Repository/HealthpostToStore/Page_CMO login/button_Sign in' is clicked on

2018-05-22 11:57:54 - [TEST_STEP][PASSED] - click: Object: 'Object Repository/HealthpostToStore/Page_KDMC - CMO/a_Department Wise Request' is clicked on

2018-05-22 11:57:56 - [MESSAGE][PASSED] - Object: 'Object Repository/HealthpostToStore/Page_KDMC - CMO/a_Department Wise Request' is clicked on

2018-05-22 11:57:56 - [TEST_STEP][PASSED] - delay: Delayed 2 second(s)

2018-05-22 11:57:58 - [MESSAGE][PASSED] - Delayed 2 second(s)

2018-05-22 11:57:58 - [TEST_STEP][PASSED] - selectOptionByIndex: All options with index in [5] are selected on object 'Object Repository/HealthpostToStore/Page_KDMC - CMO/select_--ALL--'

2018-05-22 11:57:58 - [MESSAGE][PASSED] - All options with index in [5] are selected on object 'Object Repository/HealthpostToStore/Page_KDMC - CMO/select_--ALL--'

2018-05-22 11:57:58 - [TEST_STEP][PASSED] - click: Object: 'Object Repository/HealthpostToStore/Page_KDMC - CMO/input_btnsearch' is clicked on

2018-05-22 11:57:58 - [MESSAGE][PASSED] - Object: 'Object Repository/HealthpostToStore/Page_KDMC - CMO/input_btnsearch' is clicked on

2018-05-22 11:57:58 - [TEST_STEP][PASSED] - selectOptionByIndex: All options with index in [1] are selected on object 'Object Repository/HealthpostToStore/Page_KDMC - CMO/select_--ALL--                _1'

2018-05-22 11:57:58 - [MESSAGE][PASSED] - All options with index in [1] are selected on object 'Object Repository/HealthpostToStore/Page_KDMC - CMO/select_--ALL--                _1'

2018-05-22 11:57:58 - [TEST_STEP][PASSED] - click: Object: 'Object Repository/HealthpostToStore/Page_KDMC - CMO/input_btnsearch' is clicked on

2018-05-22 11:57:58 - [MESSAGE][PASSED] - Object: 'Object Repository/HealthpostToStore/Page_KDMC - CMO/input_btnsearch' is clicked on

2018-05-22 11:57:58 - [TEST_STEP][PASSED] - Statement - ID = com.kms.katalon.core.webui.keyword.WebUiBuiltInKeywords.modifyObjectProperty(com.kms.katalon.core.testobject.ObjectRepository.findTestObject(lab/Page_KDMC - CMO/input_1), "xpath", "equals", "//*[@id=" + RID + "]", true): Modify property of object successfully

2018-05-22 11:57:58 - [MESSAGE][PASSED] - Modify property of object successfully

2018-05-22 11:57:58 - [TEST_STEP][PASSED] - click: Object: 'Object Repository/lab/Page_KDMC - CMO/input_1' is clicked on

2018-05-22 11:57:59 - [MESSAGE][PASSED] - Object: 'Object Repository/lab/Page_KDMC - CMO/input_1' is clicked on

2018-05-22 11:57:59 - [TEST_STEP][PASSED] - delay: Delayed 2 second(s)

2018-05-22 11:58:01 - [MESSAGE][PASSED] - Delayed 2 second(s)

2018-05-22 11:58:01 - [TEST_STEP][PASSED] - selectOptionByIndex: All options with index in [1] are selected on object 'Object Repository/HealthpostToStore/Page_KDMC - CMO/select_--Select--'

2018-05-22 11:58:01 - [MESSAGE][PASSED] - All options with index in [1] are selected on object 'Object Repository/HealthpostToStore/Page_KDMC - CMO/select_--Select--'

2018-05-22 11:58:01 - [TEST_STEP][PASSED] - click: Object: 'Object Repository/HealthpostToStore/Page_KDMC - CMO/input_btnupdate' is clicked on

2018-05-22 11:58:01 - [MESSAGE][PASSED] - Object: 'Object Repository/HealthpostToStore/Page_KDMC - CMO/input_btnupdate' is clicked on

2018-05-22 11:58:01 - [TEST_STEP][PASSED] - delay: Delayed 2 second(s)

2018-05-22 11:58:03 - [MESSAGE][PASSED] - Delayed 2 second(s)

2018-05-22 11:58:03 - [TEST_STEP][PASSED] - click: Object: 'Object Repository/HealthpostToStore/Page_KDMC - CMO/button_OK' is clicked on

2018-05-22 11:58:04 - [MESSAGE][PASSED] - Object: 'Object Repository/HealthpostToStore/Page_KDMC - CMO/button_OK' is clicked on

2018-05-22 11:58:04 - [TEST_STEP][PASSED] - delay: Delayed 2 second(s)

2018-05-22 11:58:06 - [MESSAGE][PASSED] - Delayed 2 second(s)

2018-05-22 11:58:06 - [TEST_STEP][PASSED] - click: Object: 'Object Repository/HealthpostToStore/Page_KDMC - CMO/a_dropdown-toggle' is clicked on

2018-05-22 11:58:06 - [MESSAGE][PASSED] - Object: 'Object Repository/HealthpostToStore/Page_KDMC - CMO/a_dropdown-toggle' is clicked on

2018-05-22 11:58:06 - [TEST_STEP][PASSED] - click: Object: 'Object Repository/HealthpostToStore/Page_KDMC - CMO/a_Sign out' is clicked on

2018-05-22 11:58:06 - [MESSAGE][PASSED] - Object: 'Object Repository/HealthpostToStore/Page_KDMC - CMO/a_Sign out' is clicked on

2018-05-22 11:58:06 - [TEST_STEP][PASSED] - delay: Delayed 3 second(s)

2018-05-22 11:58:09 - [MESSAGE][PASSED] - Delayed 3 second(s)

2018-05-22 11:58:09 - [TEST_STEP][PASSED] - click: Object: 'Object Repository/HealthpostToStore/Page_KDMC/a_Divisional Store' is clicked on

2018-05-22 11:58:10 - [MESSAGE][PASSED] - Object: 'Object Repository/HealthpostToStore/Page_KDMC/a_Divisional Store' is clicked on

2018-05-22 11:58:10 - [TEST_STEP][PASSED] - setText: Text 'ragu' is set on object 'Object Repository/HealthpostToStore/Page_Divisonal Store Login/input_txtusername'

2018-05-22 11:58:10 - [MESSAGE][PASSED] - Text 'ragu' is set on object 'Object Repository/HealthpostToStore/Page_Divisonal Store Login/input_txtusername'

2018-05-22 11:58:10 - [TEST_STEP][PASSED] - setText: Text '123' is set on object 'Object Repository/HealthpostToStore/Page_Divisonal Store Login/input_txtpassword'

2018-05-22 11:58:10 - [MESSAGE][PASSED] - Text '123' is set on object 'Object Repository/HealthpostToStore/Page_Divisonal Store Login/input_txtpassword'

2018-05-22 11:58:10 - [TEST_STEP][PASSED] - delay: Delayed 3 second(s)

2018-05-22 11:58:13 - [MESSAGE][PASSED] - Delayed 3 second(s)

2018-05-22 11:58:13 - [TEST_STEP][PASSED] - click: Object: 'Object Repository/HealthpostToStore/Page_Divisonal Store Login/button_Sign in' is clicked on

2018-05-22 11:58:15 - [MESSAGE][PASSED] - Object: 'Object Repository/HealthpostToStore/Page_Divisonal Store Login/button_Sign in' is clicked on

2018-05-22 11:58:15 - [TEST_STEP][PASSED] - delay: Delayed 3 second(s)

2018-05-22 11:58:18 - [MESSAGE][PASSED] - Delayed 3 second(s)

2018-05-22 11:58:18 - [TEST_STEP][PASSED] - click: Object: 'Object Repository/HealthpostToStore/Page_Store/a_Health Post Request' is clicked on

2018-05-22 11:58:18 - [MESSAGE][PASSED] - Object: 'Object Repository/HealthpostToStore/Page_Store/a_Health Post Request' is clicked on

2018-05-22 11:58:18 - [TEST_STEP][PASSED] - click: Object: 'Object Repository/HealthpostToStore/Page_Store/a_Request Item HealthPost' is clicked on

2018-05-22 11:58:18 - [MESSAGE][PASSED] - Object: 'Object Repository/HealthpostToStore/Page_Store/a_Request Item HealthPost' is clicked on

2018-05-22 11:58:18 - [TEST_STEP][PASSED] - Statement - ChooseRequest = com.kms.katalon.core.webui.keyword.WebUiBuiltInKeywords.modifyObjectProperty(com.kms.katalon.core.testobject.ObjectRepository.findTestObject(lab/Page_Store/input_1), "xpath", "equals", "//*[@id=" + RID + "]", true): Modify property of object successfully

2018-05-22 11:58:18 - [MESSAGE][PASSED] - Modify property of object successfully

2018-05-22 11:58:18 - [TEST_STEP][PASSED] - click: Object: 'Object Repository/lab/Page_Store/input_1' is clicked on

2018-05-22 11:58:19 - [MESSAGE][PASSED] - Object: 'Object Repository/lab/Page_Store/input_1' is clicked on

2018-05-22 11:58:19 - [TEST_STEP][PASSED] - Statement - selectedoptions = com.kms.katalon.core.webui.keyword.WebUiBuiltInKeywords.getNumberOfTotalOption(com.kms.katalon.core.testobject.ObjectRepository.findTestObject(HealthpostToStore/Page_Store/select_--Select--Adernaline 0.)): 19 options of object 'Object Repository/HealthpostToStore/Page_Store/select_--Select--Adernaline 0.' counted

2018-05-22 11:58:19 - [MESSAGE][PASSED] - 19 options of object 'Object Repository/HealthpostToStore/Page_Store/select_--Select--Adernaline 0.' counted

2018-05-22 11:58:19 - [TEST_STEP][PASSED] - Statement - For ([a = 1, a <= selectedoptions - 1, (a++)]): null

2018-05-22 11:58:19 - [TEST_STEP][PASSED] - selectOptionByIndex: All options with index in [1] are selected on object 'Object Repository/HealthpostToStore/Page_Store/select_--Select--Adernaline 0.'

2018-05-22 11:58:20 - [MESSAGE][PASSED] - All options with index in [1] are selected on object 'Object Repository/HealthpostToStore/Page_Store/select_--Select--Adernaline 0.'

2018-05-22 11:58:20 - [TEST_STEP][PASSED] - delay: Delayed 2 second(s)

2018-05-22 11:58:22 - [MESSAGE][PASSED] - Delayed 2 second(s)

2018-05-22 11:58:22 - [TEST_STEP][PASSED] - Statement - RequestedQty = com.kms.katalon.core.webui.keyword.WebUiBuiltInKeywords.getAttribute(com.kms.katalon.core.testobject.ObjectRepository.findTestObject(HealthpostToStore/Page_Store/input_txttotal), "value"): Attribute 'value' of object 'Object Repository/HealthpostToStore/Page_Store/input_txttotal' is: '10'

2018-05-22 11:58:22 - [MESSAGE][PASSED] - Attribute 'value' of object 'Object Repository/HealthpostToStore/Page_Store/input_txttotal' is: '10'

2018-05-22 11:58:22 - [TEST_STEP][PASSED] - Statement - out.println("Requested QTY : " + RequestedQty): null

2018-05-22 11:58:22 - [TEST_STEP][PASSED] - Statement - BatchNumber = com.kms.katalon.core.webui.keyword.WebUiBuiltInKeywords.getNumberOfTotalOption(com.kms.katalon.core.testobject.ObjectRepository.findTestObject(HealthpostToStore/Page_Store/select_--Select--BA1170BA2376B)): 4 options of object 'Object Repository/HealthpostToStore/Page_Store/select_--Select--BA1170BA2376B' counted

2018-05-22 11:58:22 - [MESSAGE][PASSED] - 4 options of object 'Object Repository/HealthpostToStore/Page_Store/select_--Select--BA1170BA2376B' counted

2018-05-22 11:58:22 - [TEST_STEP][PASSED] - Statement - For ([g = 1, g <= BatchNumber - 1, (g++)]): null

2018-05-22 11:58:22 - [TEST_STEP][PASSED] - selectOptionByIndex: All options with index in [1] are selected on object 'Object Repository/HealthpostToStore/Page_Store/select_--Select--BA1170BA2376B'

2018-05-22 11:58:22 - [MESSAGE][PASSED] - All options with index in [1] are selected on object 'Object Repository/HealthpostToStore/Page_Store/select_--Select--BA1170BA2376B'

2018-05-22 11:58:22 - [TEST_STEP][PASSED] - Statement - Try: null

2018-05-22 11:58:22 - [TEST_STEP][PASSED] - Statement - StockQty = com.kms.katalon.core.webui.keyword.WebUiBuiltInKeywords.getAttribute(com.kms.katalon.core.testobject.ObjectRepository.findTestObject(HealthpostToStore/Page_Store/input_txtprice), "value"): Attribute 'value' of object 'Object Repository/HealthpostToStore/Page_Store/input_txtprice' is: '160'

2018-05-22 11:58:22 - [MESSAGE][PASSED] - Attribute 'value' of object 'Object Repository/HealthpostToStore/Page_Store/input_txtprice' is: '160'

2018-05-22 11:58:22 - [TEST_STEP][PASSED] - Statement - out.println("Stock QTY : " + StockQty): null

2018-05-22 11:58:22 - [TEST_STEP][PASSED] - delay: Delayed 2 second(s)

2018-05-22 11:58:24 - [MESSAGE][PASSED] - Delayed 2 second(s)

2018-05-22 11:58:24 - [TEST_STEP][PASSED] - Statement - If (java.lang.String.valueOf(StockQty) >= java.lang.String.valueOf(RequestedQty)): null

2018-05-22 11:58:24 - [TEST_STEP][PASSED] - setText: Text '10' is set on object 'Object Repository/HealthpostToStore/Page_Store/input_txtqty'

2018-05-22 11:58:24 - [MESSAGE][PASSED] - Text '10' is set on object 'Object Repository/HealthpostToStore/Page_Store/input_txtqty'

2018-05-22 11:58:24 - [TEST_STEP][PASSED] - click: Object: 'Object Repository/HealthpostToStore/Page_Store/button_Add' is clicked on

2018-05-22 11:58:24 - [MESSAGE][PASSED] - Object: 'Object Repository/HealthpostToStore/Page_Store/button_Add' is clicked on

2018-05-22 11:58:24 - [TEST_STEP][PASSED] - Statement - Break: null

2018-05-22 11:58:24 - [TEST_STEP][PASSED] - selectOptionByIndex: All options with index in [2] are selected on object 'Object Repository/HealthpostToStore/Page_Store/select_--Select--Adernaline 0.'

2018-05-22 11:58:24 - [MESSAGE][PASSED] - All options with index in [2] are selected on object 'Object Repository/HealthpostToStore/Page_Store/select_--Select--Adernaline 0.'

2018-05-22 11:58:24 - [TEST_STEP][PASSED] - delay: Delayed 2 second(s)

2018-05-22 11:58:26 - [MESSAGE][PASSED] - Delayed 2 second(s)

2018-05-22 11:58:26 - [TEST_STEP][PASSED] - Statement - RequestedQty = com.kms.katalon.core.webui.keyword.WebUiBuiltInKeywords.getAttribute(com.kms.katalon.core.testobject.ObjectRepository.findTestObject(HealthpostToStore/Page_Store/input_txttotal), "value"): Attribute 'value' of object 'Object Repository/HealthpostToStore/Page_Store/input_txttotal' is: '10'

2018-05-22 11:58:26 - [MESSAGE][PASSED] - Attribute 'value' of object 'Object Repository/HealthpostToStore/Page_Store/input_txttotal' is: '10'

2018-05-22 11:58:26 - [TEST_STEP][PASSED] - Statement - out.println("Requested QTY : " + RequestedQty): null

2018-05-22 11:58:26 - [TEST_STEP][PASSED] - Statement - BatchNumber = com.kms.katalon.core.webui.keyword.WebUiBuiltInKeywords.getNumberOfTotalOption(com.kms.katalon.core.testobject.ObjectRepository.findTestObject(HealthpostToStore/Page_Store/select_--Select--BA1170BA2376B)): 4 options of object 'Object Repository/HealthpostToStore/Page_Store/select_--Select--BA1170BA2376B' counted

2018-05-22 11:58:26 - [MESSAGE][PASSED] - 4 options of object 'Object Repository/HealthpostToStore/Page_Store/select_--Select--BA1170BA2376B' counted

2018-05-22 11:58:26 - [TEST_STEP][PASSED] - Statement - For ([g = 1, g <= BatchNumber - 1, (g++)]): null

2018-05-22 11:58:26 - [TEST_STEP][PASSED] - selectOptionByIndex: All options with index in [1] are selected on object 'Object Repository/HealthpostToStore/Page_Store/select_--Select--BA1170BA2376B'

2018-05-22 11:58:27 - [MESSAGE][PASSED] - All options with index in [1] are selected on object 'Object Repository/HealthpostToStore/Page_Store/select_--Select--BA1170BA2376B'

2018-05-22 11:58:27 - [TEST_STEP][PASSED] - Statement - Try: null

2018-05-22 11:58:27 - [TEST_STEP][PASSED] - Statement - StockQty = com.kms.katalon.core.webui.keyword.WebUiBuiltInKeywords.getAttribute(com.kms.katalon.core.testobject.ObjectRepository.findTestObject(HealthpostToStore/Page_Store/input_txtprice), "value"): Attribute 'value' of object 'Object Repository/HealthpostToStore/Page_Store/input_txtprice' is: '60'

2018-05-22 11:58:27 - [MESSAGE][PASSED] - Attribute 'value' of object 'Object Repository/HealthpostToStore/Page_Store/input_txtprice' is: '60'

2018-05-22 11:58:27 - [TEST_STEP][PASSED] - Statement - out.println("Stock QTY : " + StockQty): null

2018-05-22 11:58:27 - [TEST_STEP][PASSED] - delay: Delayed 2 second(s)

2018-05-22 11:58:29 - [MESSAGE][PASSED] - Delayed 2 second(s)

2018-05-22 11:58:29 - [TEST_STEP][PASSED] - Statement - If (java.lang.String.valueOf(StockQty) >= java.lang.String.valueOf(RequestedQty)): null

2018-05-22 11:58:29 - [TEST_STEP][PASSED] - setText: Text '10' is set on object 'Object Repository/HealthpostToStore/Page_Store/input_txtqty'

2018-05-22 11:58:29 - [MESSAGE][PASSED] - Text '10' is set on object 'Object Repository/HealthpostToStore/Page_Store/input_txtqty'

2018-05-22 11:58:29 - [TEST_STEP][PASSED] - click: Object: 'Object Repository/HealthpostToStore/Page_Store/button_Add' is clicked on

2018-05-22 11:58:29 - [MESSAGE][PASSED] - Object: 'Object Repository/HealthpostToStore/Page_Store/button_Add' is clicked on

2018-05-22 11:58:29 - [TEST_STEP][PASSED] - Statement - Break: null

2018-05-22 11:58:29 - [TEST_STEP][PASSED] - selectOptionByIndex: All options with index in [3] are selected on object 'Object Repository/HealthpostToStore/Page_Store/select_--Select--Adernaline 0.'

2018-05-22 11:58:29 - [MESSAGE][PASSED] - All options with index in [3] are selected on object 'Object Repository/HealthpostToStore/Page_Store/select_--Select--Adernaline 0.'

2018-05-22 11:58:29 - [TEST_STEP][PASSED] - delay: Delayed 2 second(s)

2018-05-22 11:58:31 - [MESSAGE][PASSED] - Delayed 2 second(s)

2018-05-22 11:58:31 - [TEST_STEP][PASSED] - Statement - RequestedQty = com.kms.katalon.core.webui.keyword.WebUiBuiltInKeywords.getAttribute(com.kms.katalon.core.testobject.ObjectRepository.findTestObject(HealthpostToStore/Page_Store/input_txttotal), "value"): Attribute 'value' of object 'Object Repository/HealthpostToStore/Page_Store/input_txttotal' is: '10'

2018-05-22 11:58:31 - [MESSAGE][PASSED] - Attribute 'value' of object 'Object Repository/HealthpostToStore/Page_Store/input_txttotal' is: '10'

2018-05-22 11:58:31 - [TEST_STEP][PASSED] - Statement - out.println("Requested QTY : " + RequestedQty): null

2018-05-22 11:58:31 - [TEST_STEP][PASSED] - Statement - BatchNumber = com.kms.katalon.core.webui.keyword.WebUiBuiltInKeywords.getNumberOfTotalOption(com.kms.katalon.core.testobject.ObjectRepository.findTestObject(HealthpostToStore/Page_Store/select_--Select--BA1170BA2376B)): 4 options of object 'Object Repository/HealthpostToStore/Page_Store/select_--Select--BA1170BA2376B' counted

2018-05-22 11:58:31 - [MESSAGE][PASSED] - 4 options of object 'Object Repository/HealthpostToStore/Page_Store/select_--Select--BA1170BA2376B' counted

2018-05-22 11:58:31 - [TEST_STEP][PASSED] - Statement - For ([g = 1, g <= BatchNumber - 1, (g++)]): null

2018-05-22 11:58:31 - [TEST_STEP][PASSED] - selectOptionByIndex: All options with index in [1] are selected on object 'Object Repository/HealthpostToStore/Page_Store/select_--Select--BA1170BA2376B'

2018-05-22 11:58:31 - [MESSAGE][PASSED] - All options with index in [1] are selected on object 'Object Repository/HealthpostToStore/Page_Store/select_--Select--BA1170BA2376B'

2018-05-22 11:58:31 - [TEST_STEP][PASSED] - Statement - Try: null

2018-05-22 11:58:31 - [TEST_STEP][PASSED] - Statement - StockQty = com.kms.katalon.core.webui.keyword.WebUiBuiltInKeywords.getAttribute(com.kms.katalon.core.testobject.ObjectRepository.findTestObject(HealthpostToStore/Page_Store/input_txtprice), "value"): Attribute 'value' of object 'Object Repository/HealthpostToStore/Page_Store/input_txtprice' is: '60'

2018-05-22 11:58:31 - [MESSAGE][PASSED] - Attribute 'value' of object 'Object Repository/HealthpostToStore/Page_Store/input_txtprice' is: '60'

2018-05-22 11:58:31 - [TEST_STEP][PASSED] - Statement - out.println("Stock QTY : " + StockQty): null

2018-05-22 11:58:31 - [TEST_STEP][PASSED] - delay: Delayed 2 second(s)

2018-05-22 11:58:33 - [MESSAGE][PASSED] - Delayed 2 second(s)

2018-05-22 11:58:33 - [TEST_STEP][PASSED] - Statement - If (java.lang.String.valueOf(StockQty) >= java.lang.String.valueOf(RequestedQty)): null

2018-05-22 11:58:33 - [TEST_STEP][PASSED] - setText: Text '10' is set on object 'Object Repository/HealthpostToStore/Page_Store/input_txtqty'

2018-05-22 11:58:33 - [MESSAGE][PASSED] - Text '10' is set on object 'Object Repository/HealthpostToStore/Page_Store/input_txtqty'

2018-05-22 11:58:33 - [TEST_STEP][PASSED] - click: Object: 'Object Repository/HealthpostToStore/Page_Store/button_Add' is clicked on

2018-05-22 11:58:33 - [MESSAGE][PASSED] - Object: 'Object Repository/HealthpostToStore/Page_Store/button_Add' is clicked on

2018-05-22 11:58:33 - [TEST_STEP][PASSED] - Statement - Break: null

2018-05-22 11:58:33 - [TEST_STEP][PASSED] - selectOptionByIndex: All options with index in [4] are selected on object 'Object Repository/HealthpostToStore/Page_Store/select_--Select--Adernaline 0.'

2018-05-22 11:58:33 - [MESSAGE][PASSED] - All options with index in [4] are selected on object 'Object Repository/HealthpostToStore/Page_Store/select_--Select--Adernaline 0.'

2018-05-22 11:58:33 - [TEST_STEP][PASSED] - delay: Delayed 2 second(s)

2018-05-22 11:58:35 - [MESSAGE][PASSED] - Delayed 2 second(s)

2018-05-22 11:58:35 - [TEST_STEP][PASSED] - Statement - RequestedQty = com.kms.katalon.core.webui.keyword.WebUiBuiltInKeywords.getAttribute(com.kms.katalon.core.testobject.ObjectRepository.findTestObject(HealthpostToStore/Page_Store/input_txttotal), "value"): Attribute 'value' of object 'Object Repository/HealthpostToStore/Page_Store/input_txttotal' is: '10'

2018-05-22 11:58:35 - [MESSAGE][PASSED] - Attribute 'value' of object 'Object Repository/HealthpostToStore/Page_Store/input_txttotal' is: '10'

2018-05-22 11:58:35 - [TEST_STEP][PASSED] - Statement - out.println("Requested QTY : " + RequestedQty): null

2018-05-22 11:58:35 - [TEST_STEP][PASSED] - Statement - BatchNumber = com.kms.katalon.core.webui.keyword.WebUiBuiltInKeywords.getNumberOfTotalOption(com.kms.katalon.core.testobject.ObjectRepository.findTestObject(HealthpostToStore/Page_Store/select_--Select--BA1170BA2376B)): 3 options of object 'Object Repository/HealthpostToStore/Page_Store/select_--Select--BA1170BA2376B' counted

2018-05-22 11:58:36 - [MESSAGE][PASSED] - 3 options of object 'Object Repository/HealthpostToStore/Page_Store/select_--Select--BA1170BA2376B' counted

2018-05-22 11:58:36 - [TEST_STEP][PASSED] - Statement - For ([g = 1, g <= BatchNumber - 1, (g++)]): null

2018-05-22 11:58:36 - [TEST_STEP][PASSED] - selectOptionByIndex: All options with index in [1] are selected on object 'Object Repository/HealthpostToStore/Page_Store/select_--Select--BA1170BA2376B'

2018-05-22 11:58:36 - [MESSAGE][PASSED] - All options with index in [1] are selected on object 'Object Repository/HealthpostToStore/Page_Store/select_--Select--BA1170BA2376B'

2018-05-22 11:58:36 - [TEST_STEP][PASSED] - Statement - Try: null

2018-05-22 11:58:36 - [TEST_STEP][PASSED] - Statement - StockQty = com.kms.katalon.core.webui.keyword.WebUiBuiltInKeywords.getAttribute(com.kms.katalon.core.testobject.ObjectRepository.findTestObject(HealthpostToStore/Page_Store/input_txtprice), "value"): Attribute 'value' of object 'Object Repository/HealthpostToStore/Page_Store/input_txtprice' is: '160'

2018-05-22 11:58:36 - [MESSAGE][PASSED] - Attribute 'value' of object 'Object Repository/HealthpostToStore/Page_Store/input_txtprice' is: '160'

2018-05-22 11:58:36 - [TEST_STEP][PASSED] - Statement - out.println("Stock QTY : " + StockQty): null

2018-05-22 11:58:36 - [TEST_STEP][PASSED] - delay: Delayed 2 second(s)

2018-05-22 11:58:38 - [MESSAGE][PASSED] - Delayed 2 second(s)

2018-05-22 11:58:38 - [TEST_STEP][PASSED] - Statement - If (java.lang.String.valueOf(StockQty) >= java.lang.String.valueOf(RequestedQty)): null

2018-05-22 11:58:38 - [TEST_STEP][PASSED] - setText: Text '10' is set on object 'Object Repository/HealthpostToStore/Page_Store/input_txtqty'

2018-05-22 11:58:38 - [MESSAGE][PASSED] - Text '10' is set on object 'Object Repository/HealthpostToStore/Page_Store/input_txtqty'

2018-05-22 11:58:38 - [TEST_STEP][PASSED] - click: Object: 'Object Repository/HealthpostToStore/Page_Store/button_Add' is clicked on

2018-05-22 11:58:38 - [MESSAGE][PASSED] - Object: 'Object Repository/HealthpostToStore/Page_Store/button_Add' is clicked on

2018-05-22 11:58:38 - [TEST_STEP][PASSED] - Statement - Break: null

2018-05-22 11:58:38 - [TEST_STEP][PASSED] - selectOptionByIndex: All options with index in [5] are selected on object 'Object Repository/HealthpostToStore/Page_Store/select_--Select--Adernaline 0.'

2018-05-22 11:58:38 - [MESSAGE][PASSED] - All options with index in [5] are selected on object 'Object Repository/HealthpostToStore/Page_Store/select_--Select--Adernaline 0.'

2018-05-22 11:58:38 - [TEST_STEP][PASSED] - delay: Delayed 2 second(s)

2018-05-22 11:58:40 - [MESSAGE][PASSED] - Delayed 2 second(s)

2018-05-22 11:58:40 - [TEST_STEP][PASSED] - Statement - RequestedQty = com.kms.katalon.core.webui.keyword.WebUiBuiltInKeywords.getAttribute(com.kms.katalon.core.testobject.ObjectRepository.findTestObject(HealthpostToStore/Page_Store/input_txttotal), "value"): Attribute 'value' of object 'Object Repository/HealthpostToStore/Page_Store/input_txttotal' is: '10'

2018-05-22 11:58:40 - [MESSAGE][PASSED] - Attribute 'value' of object 'Object Repository/HealthpostToStore/Page_Store/input_txttotal' is: '10'

2018-05-22 11:58:40 - [TEST_STEP][PASSED] - Statement - out.println("Requested QTY : " + RequestedQty): null

2018-05-22 11:58:40 - [TEST_STEP][PASSED] - Statement - BatchNumber = com.kms.katalon.core.webui.keyword.WebUiBuiltInKeywords.getNumberOfTotalOption(com.kms.katalon.core.testobject.ObjectRepository.findTestObject(HealthpostToStore/Page_Store/select_--Select--BA1170BA2376B)): 3 options of object 'Object Repository/HealthpostToStore/Page_Store/select_--Select--BA1170BA2376B' counted

2018-05-22 11:58:40 - [MESSAGE][PASSED] - 3 options of object 'Object Repository/HealthpostToStore/Page_Store/select_--Select--BA1170BA2376B' counted

2018-05-22 11:58:40 - [TEST_STEP][PASSED] - Statement - For ([g = 1, g <= BatchNumber - 1, (g++)]): null

2018-05-22 11:58:40 - [TEST_STEP][PASSED] - selectOptionByIndex: All options with index in [1] are selected on object 'Object Repository/HealthpostToStore/Page_Store/select_--Select--BA1170BA2376B'

2018-05-22 11:58:40 - [MESSAGE][PASSED] - All options with index in [1] are selected on object 'Object Repository/HealthpostToStore/Page_Store/select_--Select--BA1170BA2376B'

2018-05-22 11:58:40 - [TEST_STEP][PASSED] - Statement - Try: null

2018-05-22 11:58:40 - [TEST_STEP][PASSED] - Statement - StockQty = com.kms.katalon.core.webui.keyword.WebUiBuiltInKeywords.getAttribute(com.kms.katalon.core.testobject.ObjectRepository.findTestObject(HealthpostToStore/Page_Store/input_txtprice), "value"): Attribute 'value' of object 'Object Repository/HealthpostToStore/Page_Store/input_txtprice' is: '1030'

2018-05-22 11:58:40 - [MESSAGE][PASSED] - Attribute 'value' of object 'Object Repository/HealthpostToStore/Page_Store/input_txtprice' is: '1030'

2018-05-22 11:58:40 - [TEST_STEP][PASSED] - Statement - out.println("Stock QTY : " + StockQty): null

2018-05-22 11:58:40 - [TEST_STEP][PASSED] - delay: Delayed 2 second(s)

2018-05-22 11:58:42 - [MESSAGE][PASSED] - Delayed 2 second(s)

2018-05-22 11:58:42 - [TEST_STEP][PASSED] - Statement - If (java.lang.String.valueOf(StockQty) >= java.lang.String.valueOf(RequestedQty)): null

2018-05-22 11:58:42 - [TEST_STEP][PASSED] - setText: Text '10' is set on object 'Object Repository/HealthpostToStore/Page_Store/input_txtqty'

2018-05-22 11:58:42 - [MESSAGE][PASSED] - Text '10' is set on object 'Object Repository/HealthpostToStore/Page_Store/input_txtqty'

2018-05-22 11:58:42 - [TEST_STEP][PASSED] - click: Object: 'Object Repository/HealthpostToStore/Page_Store/button_Add' is clicked on

2018-05-22 11:58:42 - [MESSAGE][PASSED] - Object: 'Object Repository/HealthpostToStore/Page_Store/button_Add' is clicked on

2018-05-22 11:58:42 - [TEST_STEP][PASSED] - Statement - Break: null

2018-05-22 11:58:42 - [TEST_STEP][PASSED] - selectOptionByIndex: All options with index in [6] are selected on object 'Object Repository/HealthpostToStore/Page_Store/select_--Select--Adernaline 0.'

2018-05-22 11:58:43 - [MESSAGE][PASSED] - All options with index in [6] are selected on object 'Object Repository/HealthpostToStore/Page_Store/select_--Select--Adernaline 0.'

2018-05-22 11:58:43 - [TEST_STEP][PASSED] - delay: Delayed 2 second(s)

2018-05-22 11:58:45 - [MESSAGE][PASSED] - Delayed 2 second(s)

2018-05-22 11:58:45 - [TEST_STEP][PASSED] - Statement - RequestedQty = com.kms.katalon.core.webui.keyword.WebUiBuiltInKeywords.getAttribute(com.kms.katalon.core.testobject.ObjectRepository.findTestObject(HealthpostToStore/Page_Store/input_txttotal), "value"): Attribute 'value' of object 'Object Repository/HealthpostToStore/Page_Store/input_txttotal' is: '10'

2018-05-22 11:58:45 - [MESSAGE][PASSED] - Attribute 'value' of object 'Object Repository/HealthpostToStore/Page_Store/input_txttotal' is: '10'

2018-05-22 11:58:45 - [TEST_STEP][PASSED] - Statement - out.println("Requested QTY : " + RequestedQty): null

2018-05-22 11:58:45 - [TEST_STEP][PASSED] - Statement - BatchNumber = com.kms.katalon.core.webui.keyword.WebUiBuiltInKeywords.getNumberOfTotalOption(com.kms.katalon.core.testobject.ObjectRepository.findTestObject(HealthpostToStore/Page_Store/select_--Select--BA1170BA2376B)): 3 options of object 'Object Repository/HealthpostToStore/Page_Store/select_--Select--BA1170BA2376B' counted

2018-05-22 11:58:45 - [MESSAGE][PASSED] - 3 options of object 'Object Repository/HealthpostToStore/Page_Store/select_--Select--BA1170BA2376B' counted

2018-05-22 11:58:45 - [TEST_STEP][PASSED] - Statement - For ([g = 1, g <= BatchNumber - 1, (g++)]): null

2018-05-22 11:58:45 - [TEST_STEP][PASSED] - selectOptionByIndex: All options with index in [1] are selected on object 'Object Repository/HealthpostToStore/Page_Store/select_--Select--BA1170BA2376B'

2018-05-22 11:58:45 - [MESSAGE][PASSED] - All options with index in [1] are selected on object 'Object Repository/HealthpostToStore/Page_Store/select_--Select--BA1170BA2376B'

2018-05-22 11:58:45 - [TEST_STEP][PASSED] - Statement - Try: null

2018-05-22 11:58:45 - [TEST_STEP][PASSED] - Statement - StockQty = com.kms.katalon.core.webui.keyword.WebUiBuiltInKeywords.getAttribute(com.kms.katalon.core.testobject.ObjectRepository.findTestObject(HealthpostToStore/Page_Store/input_txtprice), "value"): Attribute 'value' of object 'Object Repository/HealthpostToStore/Page_Store/input_txtprice' is: '980'

2018-05-22 11:58:45 - [MESSAGE][PASSED] - Attribute 'value' of object 'Object Repository/HealthpostToStore/Page_Store/input_txtprice' is: '980'

2018-05-22 11:58:45 - [TEST_STEP][PASSED] - Statement - out.println("Stock QTY : " + StockQty): null

2018-05-22 11:58:45 - [TEST_STEP][PASSED] - delay: Delayed 2 second(s)

2018-05-22 11:58:47 - [MESSAGE][PASSED] - Delayed 2 second(s)

2018-05-22 11:58:47 - [TEST_STEP][PASSED] - Statement - If (java.lang.String.valueOf(StockQty) >= java.lang.String.valueOf(RequestedQty)): null

2018-05-22 11:58:47 - [TEST_STEP][PASSED] - setText: Text '10' is set on object 'Object Repository/HealthpostToStore/Page_Store/input_txtqty'

2018-05-22 11:58:47 - [MESSAGE][PASSED] - Text '10' is set on object 'Object Repository/HealthpostToStore/Page_Store/input_txtqty'

2018-05-22 11:58:47 - [TEST_STEP][PASSED] - click: Object: 'Object Repository/HealthpostToStore/Page_Store/button_Add' is clicked on

2018-05-22 11:58:47 - [MESSAGE][PASSED] - Object: 'Object Repository/HealthpostToStore/Page_Store/button_Add' is clicked on

2018-05-22 11:58:47 - [TEST_STEP][PASSED] - Statement - Break: null

2018-05-22 11:58:47 - [TEST_STEP][PASSED] - selectOptionByIndex: All options with index in [7] are selected on object 'Object Repository/HealthpostToStore/Page_Store/select_--Select--Adernaline 0.'

2018-05-22 11:58:47 - [MESSAGE][PASSED] - All options with index in [7] are selected on object 'Object Repository/HealthpostToStore/Page_Store/select_--Select--Adernaline 0.'

2018-05-22 11:58:47 - [TEST_STEP][PASSED] - delay: Delayed 2 second(s)

2018-05-22 11:58:49 - [MESSAGE][PASSED] - Delayed 2 second(s)

2018-05-22 11:58:49 - [TEST_STEP][PASSED] - Statement - RequestedQty = com.kms.katalon.core.webui.keyword.WebUiBuiltInKeywords.getAttribute(com.kms.katalon.core.testobject.ObjectRepository.findTestObject(HealthpostToStore/Page_Store/input_txttotal), "value"): Attribute 'value' of object 'Object Repository/HealthpostToStore/Page_Store/input_txttotal' is: '10'

2018-05-22 11:58:49 - [MESSAGE][PASSED] - Attribute 'value' of object 'Object Repository/HealthpostToStore/Page_Store/input_txttotal' is: '10'

2018-05-22 11:58:49 - [TEST_STEP][PASSED] - Statement - out.println("Requested QTY : " + RequestedQty): null

2018-05-22 11:58:49 - [TEST_STEP][PASSED] - Statement - BatchNumber = com.kms.katalon.core.webui.keyword.WebUiBuiltInKeywords.getNumberOfTotalOption(com.kms.katalon.core.testobject.ObjectRepository.findTestObject(HealthpostToStore/Page_Store/select_--Select--BA1170BA2376B)): 3 options of object 'Object Repository/HealthpostToStore/Page_Store/select_--Select--BA1170BA2376B' counted

2018-05-22 11:58:49 - [MESSAGE][PASSED] - 3 options of object 'Object Repository/HealthpostToStore/Page_Store/select_--Select--BA1170BA2376B' counted

2018-05-22 11:58:49 - [TEST_STEP][PASSED] - Statement - For ([g = 1, g <= BatchNumber - 1, (g++)]): null

2018-05-22 11:58:49 - [TEST_STEP][PASSED] - selectOptionByIndex: All options with index in [1] are selected on object 'Object Repository/HealthpostToStore/Page_Store/select_--Select--BA1170BA2376B'

2018-05-22 11:58:49 - [MESSAGE][PASSED] - All options with index in [1] are selected on object 'Object Repository/HealthpostToStore/Page_Store/select_--Select--BA1170BA2376B'

2018-05-22 11:58:49 - [TEST_STEP][PASSED] - Statement - Try: null

2018-05-22 11:58:49 - [TEST_STEP][PASSED] - Statement - StockQty = com.kms.katalon.core.webui.keyword.WebUiBuiltInKeywords.getAttribute(com.kms.katalon.core.testobject.ObjectRepository.findTestObject(HealthpostToStore/Page_Store/input_txtprice), "value"): Attribute 'value' of object 'Object Repository/HealthpostToStore/Page_Store/input_txtprice' is: '146'

2018-05-22 11:58:49 - [MESSAGE][PASSED] - Attribute 'value' of object 'Object Repository/HealthpostToStore/Page_Store/input_txtprice' is: '146'

2018-05-22 11:58:49 - [TEST_STEP][PASSED] - Statement - out.println("Stock QTY : " + StockQty): null

2018-05-22 11:58:49 - [TEST_STEP][PASSED] - delay: Delayed 2 second(s)

2018-05-22 11:58:51 - [MESSAGE][PASSED] - Delayed 2 second(s)

2018-05-22 11:58:51 - [TEST_STEP][PASSED] - Statement - If (java.lang.String.valueOf(StockQty) >= java.lang.String.valueOf(RequestedQty)): null

2018-05-22 11:58:51 - [TEST_STEP][PASSED] - setText: Text '10' is set on object 'Object Repository/HealthpostToStore/Page_Store/input_txtqty'

2018-05-22 11:58:52 - [MESSAGE][PASSED] - Text '10' is set on object 'Object Repository/HealthpostToStore/Page_Store/input_txtqty'

2018-05-22 11:58:52 - [TEST_STEP][PASSED] - click: Object: 'Object Repository/HealthpostToStore/Page_Store/button_Add' is clicked on

2018-05-22 11:58:52 - [MESSAGE][PASSED] - Object: 'Object Repository/HealthpostToStore/Page_Store/button_Add' is clicked on

2018-05-22 11:58:52 - [TEST_STEP][PASSED] - Statement - Break: null

2018-05-22 11:58:52 - [TEST_STEP][PASSED] - selectOptionByIndex: All options with index in [8] are selected on object 'Object Repository/HealthpostToStore/Page_Store/select_--Select--Adernaline 0.'

2018-05-22 11:58:52 - [MESSAGE][PASSED] - All options with index in [8] are selected on object 'Object Repository/HealthpostToStore/Page_Store/select_--Select--Adernaline 0.'

2018-05-22 11:58:52 - [TEST_STEP][PASSED] - delay: Delayed 2 second(s)

2018-05-22 11:58:54 - [MESSAGE][PASSED] - Delayed 2 second(s)

2018-05-22 11:58:54 - [TEST_STEP][PASSED] - Statement - RequestedQty = com.kms.katalon.core.webui.keyword.WebUiBuiltInKeywords.getAttribute(com.kms.katalon.core.testobject.ObjectRepository.findTestObject(HealthpostToStore/Page_Store/input_txttotal), "value"): Attribute 'value' of object 'Object Repository/HealthpostToStore/Page_Store/input_txttotal' is: '10'

2018-05-22 11:58:54 - [MESSAGE][PASSED] - Attribute 'value' of object 'Object Repository/HealthpostToStore/Page_Store/input_txttotal' is: '10'

2018-05-22 11:58:54 - [TEST_STEP][PASSED] - Statement - out.println("Requested QTY : " + RequestedQty): null

2018-05-22 11:58:54 - [TEST_STEP][PASSED] - Statement - BatchNumber = com.kms.katalon.core.webui.keyword.WebUiBuiltInKeywords.getNumberOfTotalOption(com.kms.katalon.core.testobject.ObjectRepository.findTestObject(HealthpostToStore/Page_Store/select_--Select--BA1170BA2376B)): 3 options of object 'Object Repository/HealthpostToStore/Page_Store/select_--Select--BA1170BA2376B' counted

2018-05-22 11:58:54 - [MESSAGE][PASSED] - 3 options of object 'Object Repository/HealthpostToStore/Page_Store/select_--Select--BA1170BA2376B' counted

2018-05-22 11:58:54 - [TEST_STEP][PASSED] - Statement - For ([g = 1, g <= BatchNumber - 1, (g++)]): null

2018-05-22 11:58:54 - [TEST_STEP][PASSED] - selectOptionByIndex: All options with index in [1] are selected on object 'Object Repository/HealthpostToStore/Page_Store/select_--Select--BA1170BA2376B'

2018-05-22 11:58:54 - [MESSAGE][PASSED] - All options with index in [1] are selected on object 'Object Repository/HealthpostToStore/Page_Store/select_--Select--BA1170BA2376B'

2018-05-22 11:58:54 - [TEST_STEP][PASSED] - Statement - Try: null

2018-05-22 11:58:54 - [TEST_STEP][PASSED] - Statement - StockQty = com.kms.katalon.core.webui.keyword.WebUiBuiltInKeywords.getAttribute(com.kms.katalon.core.testobject.ObjectRepository.findTestObject(HealthpostToStore/Page_Store/input_txtprice), "value"): Attribute 'value' of object 'Object Repository/HealthpostToStore/Page_Store/input_txtprice' is: ''

2018-05-22 11:58:54 - [MESSAGE][PASSED] - Attribute 'value' of object 'Object Repository/HealthpostToStore/Page_Store/input_txtprice' is: ''

2018-05-22 11:58:54 - [TEST_STEP][PASSED] - Statement - out.println("Stock QTY : " + StockQty): null

2018-05-22 11:58:54 - [TEST_STEP][PASSED] - delay: Delayed 2 second(s)

2018-05-22 11:58:56 - [MESSAGE][PASSED] - Delayed 2 second(s)

2018-05-22 11:58:56 - [TEST_STEP][PASSED] - Statement - If (java.lang.String.valueOf(StockQty) >= java.lang.String.valueOf(RequestedQty)): null

2018-05-22 11:58:56 - [TEST_STEP][PASSED] - Statement - Else: null

2018-05-22 11:58:56 - [TEST_STEP][PASSED] - Statement - out.println("Stock Is Less Than Requested Qty"): null

2018-05-22 11:58:56 - [TEST_STEP][PASSED] - selectOptionByIndex: All options with index in [2] are selected on object 'Object Repository/HealthpostToStore/Page_Store/select_--Select--BA1170BA2376B'

2018-05-22 11:58:56 - [MESSAGE][PASSED] - All options with index in [2] are selected on object 'Object Repository/HealthpostToStore/Page_Store/select_--Select--BA1170BA2376B'

2018-05-22 11:58:56 - [TEST_STEP][PASSED] - Statement - Try: null

2018-05-22 11:58:56 - [TEST_STEP][PASSED] - Statement - StockQty = com.kms.katalon.core.webui.keyword.WebUiBuiltInKeywords.getAttribute(com.kms.katalon.core.testobject.ObjectRepository.findTestObject(HealthpostToStore/Page_Store/input_txtprice), "value"): Attribute 'value' of object 'Object Repository/HealthpostToStore/Page_Store/input_txtprice' is: '960'

2018-05-22 11:58:56 - [MESSAGE][PASSED] - Attribute 'value' of object 'Object Repository/HealthpostToStore/Page_Store/input_txtprice' is: '960'

2018-05-22 11:58:56 - [TEST_STEP][PASSED] - Statement - out.println("Stock QTY : " + StockQty): null

2018-05-22 11:58:56 - [TEST_STEP][PASSED] - delay: Delayed 2 second(s)

2018-05-22 11:58:58 - [MESSAGE][PASSED] - Delayed 2 second(s)

2018-05-22 11:58:58 - [TEST_STEP][PASSED] - Statement - If (java.lang.String.valueOf(StockQty) >= java.lang.String.valueOf(RequestedQty)): null

2018-05-22 11:58:58 - [TEST_STEP][PASSED] - setText: Text '10' is set on object 'Object Repository/HealthpostToStore/Page_Store/input_txtqty'

2018-05-22 11:58:58 - [MESSAGE][PASSED] - Text '10' is set on object 'Object Repository/HealthpostToStore/Page_Store/input_txtqty'

2018-05-22 11:58:58 - [TEST_STEP][PASSED] - click: Object: 'Object Repository/HealthpostToStore/Page_Store/button_Add' is clicked on

2018-05-22 11:58:58 - [MESSAGE][PASSED] - Object: 'Object Repository/HealthpostToStore/Page_Store/button_Add' is clicked on

2018-05-22 11:58:58 - [TEST_STEP][PASSED] - Statement - Break: null

2018-05-22 11:58:58 - [TEST_STEP][PASSED] - selectOptionByIndex: All options with index in [9] are selected on object 'Object Repository/HealthpostToStore/Page_Store/select_--Select--Adernaline 0.'

2018-05-22 11:58:59 - [MESSAGE][PASSED] - All options with index in [9] are selected on object 'Object Repository/HealthpostToStore/Page_Store/select_--Select--Adernaline 0.'

2018-05-22 11:58:59 - [TEST_STEP][PASSED] - delay: Delayed 2 second(s)

2018-05-22 11:59:01 - [MESSAGE][PASSED] - Delayed 2 second(s)

2018-05-22 11:59:01 - [TEST_STEP][PASSED] - Statement - RequestedQty = com.kms.katalon.core.webui.keyword.WebUiBuiltInKeywords.getAttribute(com.kms.katalon.core.testobject.ObjectRepository.findTestObject(HealthpostToStore/Page_Store/input_txttotal), "value"): Attribute 'value' of object 'Object Repository/HealthpostToStore/Page_Store/input_txttotal' is: '10'

2018-05-22 11:59:01 - [MESSAGE][PASSED] - Attribute 'value' of object 'Object Repository/HealthpostToStore/Page_Store/input_txttotal' is: '10'

2018-05-22 11:59:01 - [TEST_STEP][PASSED] - Statement - out.println("Requested QTY : " + RequestedQty): null

2018-05-22 11:59:01 - [TEST_STEP][PASSED] - Statement - BatchNumber = com.kms.katalon.core.webui.keyword.WebUiBuiltInKeywords.getNumberOfTotalOption(com.kms.katalon.core.testobject.ObjectRepository.findTestObject(HealthpostToStore/Page_Store/select_--Select--BA1170BA2376B)): 4 options of object 'Object Repository/HealthpostToStore/Page_Store/select_--Select--BA1170BA2376B' counted

2018-05-22 11:59:01 - [MESSAGE][PASSED] - 4 options of object 'Object Repository/HealthpostToStore/Page_Store/select_--Select--BA1170BA2376B' counted

2018-05-22 11:59:01 - [TEST_STEP][PASSED] - Statement - For ([g = 1, g <= BatchNumber - 1, (g++)]): null

2018-05-22 11:59:01 - [TEST_STEP][PASSED] - selectOptionByIndex: All options with index in [1] are selected on object 'Object Repository/HealthpostToStore/Page_Store/select_--Select--BA1170BA2376B'

2018-05-22 11:59:01 - [MESSAGE][PASSED] - All options with index in [1] are selected on object 'Object Repository/HealthpostToStore/Page_Store/select_--Select--BA1170BA2376B'

2018-05-22 11:59:01 - [TEST_STEP][PASSED] - Statement - Try: null

2018-05-22 11:59:01 - [TEST_STEP][PASSED] - Statement - StockQty = com.kms.katalon.core.webui.keyword.WebUiBuiltInKeywords.getAttribute(com.kms.katalon.core.testobject.ObjectRepository.findTestObject(HealthpostToStore/Page_Store/input_txtprice), "value"): Attribute 'value' of object 'Object Repository/HealthpostToStore/Page_Store/input_txtprice' is: '52'

2018-05-22 11:59:01 - [MESSAGE][PASSED] - Attribute 'value' of object 'Object Repository/HealthpostToStore/Page_Store/input_txtprice' is: '52'

2018-05-22 11:59:01 - [TEST_STEP][PASSED] - Statement - out.println("Stock QTY : " + StockQty): null

2018-05-22 11:59:01 - [TEST_STEP][PASSED] - delay: Delayed 2 second(s)

2018-05-22 11:59:03 - [MESSAGE][PASSED] - Delayed 2 second(s)

2018-05-22 11:59:03 - [TEST_STEP][PASSED] - Statement - If (java.lang.String.valueOf(StockQty) >= java.lang.String.valueOf(RequestedQty)): null

2018-05-22 11:59:03 - [TEST_STEP][PASSED] - setText: Text '10' is set on object 'Object Repository/HealthpostToStore/Page_Store/input_txtqty'

2018-05-22 11:59:03 - [MESSAGE][PASSED] - Text '10' is set on object 'Object Repository/HealthpostToStore/Page_Store/input_txtqty'

2018-05-22 11:59:03 - [TEST_STEP][PASSED] - click: Object: 'Object Repository/HealthpostToStore/Page_Store/button_Add' is clicked on

2018-05-22 11:59:03 - [MESSAGE][PASSED] - Object: 'Object Repository/HealthpostToStore/Page_Store/button_Add' is clicked on

2018-05-22 11:59:03 - [TEST_STEP][PASSED] - Statement - Break: null

2018-05-22 11:59:03 - [TEST_STEP][PASSED] - selectOptionByIndex: All options with index in [10] are selected on object 'Object Repository/HealthpostToStore/Page_Store/select_--Select--Adernaline 0.'

2018-05-22 11:59:03 - [MESSAGE][PASSED] - All options with index in [10] are selected on object 'Object Repository/HealthpostToStore/Page_Store/select_--Select--Adernaline 0.'

2018-05-22 11:59:03 - [TEST_STEP][PASSED] - delay: Delayed 2 second(s)

2018-05-22 11:59:05 - [MESSAGE][PASSED] - Delayed 2 second(s)

2018-05-22 11:59:05 - [TEST_STEP][PASSED] - Statement - RequestedQty = com.kms.katalon.core.webui.keyword.WebUiBuiltInKeywords.getAttribute(com.kms.katalon.core.testobject.ObjectRepository.findTestObject(HealthpostToStore/Page_Store/input_txttotal), "value"): Attribute 'value' of object 'Object Repository/HealthpostToStore/Page_Store/input_txttotal' is: '10'

2018-05-22 11:59:05 - [MESSAGE][PASSED] - Attribute 'value' of object 'Object Repository/HealthpostToStore/Page_Store/input_txttotal' is: '10'

2018-05-22 11:59:05 - [TEST_STEP][PASSED] - Statement - out.println("Requested QTY : " + RequestedQty): null

2018-05-22 11:59:05 - [TEST_STEP][PASSED] - Statement - BatchNumber = com.kms.katalon.core.webui.keyword.WebUiBuiltInKeywords.getNumberOfTotalOption(com.kms.katalon.core.testobject.ObjectRepository.findTestObject(HealthpostToStore/Page_Store/select_--Select--BA1170BA2376B)): 3 options of object 'Object Repository/HealthpostToStore/Page_Store/select_--Select--BA1170BA2376B' counted

2018-05-22 11:59:05 - [MESSAGE][PASSED] - 3 options of object 'Object Repository/HealthpostToStore/Page_Store/select_--Select--BA1170BA2376B' counted

2018-05-22 11:59:05 - [TEST_STEP][PASSED] - Statement - For ([g = 1, g <= BatchNumber - 1, (g++)]): null

2018-05-22 11:59:05 - [TEST_STEP][PASSED] - selectOptionByIndex: All options with index in [1] are selected on object 'Object Repository/HealthpostToStore/Page_Store/select_--Select--BA1170BA2376B'

2018-05-22 11:59:05 - [MESSAGE][PASSED] - All options with index in [1] are selected on object 'Object Repository/HealthpostToStore/Page_Store/select_--Select--BA1170BA2376B'

2018-05-22 11:59:05 - [TEST_STEP][PASSED] - Statement - Try: null

2018-05-22 11:59:05 - [TEST_STEP][PASSED] - Statement - StockQty = com.kms.katalon.core.webui.keyword.WebUiBuiltInKeywords.getAttribute(com.kms.katalon.core.testobject.ObjectRepository.findTestObject(HealthpostToStore/Page_Store/input_txtprice), "value"): Attribute 'value' of object 'Object Repository/HealthpostToStore/Page_Store/input_txtprice' is: '170'

2018-05-22 11:59:05 - [MESSAGE][PASSED] - Attribute 'value' of object 'Object Repository/HealthpostToStore/Page_Store/input_txtprice' is: '170'

2018-05-22 11:59:05 - [TEST_STEP][PASSED] - Statement - out.println("Stock QTY : " + StockQty): null

2018-05-22 11:59:05 - [TEST_STEP][PASSED] - delay: Delayed 2 second(s)

2018-05-22 11:59:07 - [MESSAGE][PASSED] - Delayed 2 second(s)

2018-05-22 11:59:07 - [TEST_STEP][PASSED] - Statement - If (java.lang.String.valueOf(StockQty) >= java.lang.String.valueOf(RequestedQty)): null

2018-05-22 11:59:07 - [TEST_STEP][PASSED] - setText: Text '10' is set on object 'Object Repository/HealthpostToStore/Page_Store/input_txtqty'

2018-05-22 11:59:08 - [MESSAGE][PASSED] - Text '10' is set on object 'Object Repository/HealthpostToStore/Page_Store/input_txtqty'

2018-05-22 11:59:08 - [TEST_STEP][PASSED] - click: Object: 'Object Repository/HealthpostToStore/Page_Store/button_Add' is clicked on

2018-05-22 11:59:08 - [MESSAGE][PASSED] - Object: 'Object Repository/HealthpostToStore/Page_Store/button_Add' is clicked on

2018-05-22 11:59:08 - [TEST_STEP][PASSED] - Statement - Break: null

2018-05-22 11:59:08 - [TEST_STEP][PASSED] - selectOptionByIndex: All options with index in [11] are selected on object 'Object Repository/HealthpostToStore/Page_Store/select_--Select--Adernaline 0.'

2018-05-22 11:59:08 - [MESSAGE][PASSED] - All options with index in [11] are selected on object 'Object Repository/HealthpostToStore/Page_Store/select_--Select--Adernaline 0.'

2018-05-22 11:59:08 - [TEST_STEP][PASSED] - delay: Delayed 2 second(s)

2018-05-22 11:59:10 - [MESSAGE][PASSED] - Delayed 2 second(s)

2018-05-22 11:59:10 - [TEST_STEP][PASSED] - Statement - RequestedQty = com.kms.katalon.core.webui.keyword.WebUiBuiltInKeywords.getAttribute(com.kms.katalon.core.testobject.ObjectRepository.findTestObject(HealthpostToStore/Page_Store/input_txttotal), "value"): Attribute 'value' of object 'Object Repository/HealthpostToStore/Page_Store/input_txttotal' is: '10'

2018-05-22 11:59:10 - [MESSAGE][PASSED] - Attribute 'value' of object 'Object Repository/HealthpostToStore/Page_Store/input_txttotal' is: '10'

2018-05-22 11:59:10 - [TEST_STEP][PASSED] - Statement - out.println("Requested QTY : " + RequestedQty): null

2018-05-22 11:59:10 - [TEST_STEP][PASSED] - Statement - BatchNumber = com.kms.katalon.core.webui.keyword.WebUiBuiltInKeywords.getNumberOfTotalOption(com.kms.katalon.core.testobject.ObjectRepository.findTestObject(HealthpostToStore/Page_Store/select_--Select--BA1170BA2376B)): 4 options of object 'Object Repository/HealthpostToStore/Page_Store/select_--Select--BA1170BA2376B' counted

2018-05-22 11:59:10 - [MESSAGE][PASSED] - 4 options of object 'Object Repository/HealthpostToStore/Page_Store/select_--Select--BA1170BA2376B' counted

2018-05-22 11:59:10 - [TEST_STEP][PASSED] - Statement - For ([g = 1, g <= BatchNumber - 1, (g++)]): null

2018-05-22 11:59:10 - [TEST_STEP][PASSED] - selectOptionByIndex: All options with index in [1] are selected on object 'Object Repository/HealthpostToStore/Page_Store/select_--Select--BA1170BA2376B'

2018-05-22 11:59:10 - [MESSAGE][PASSED] - All options with index in [1] are selected on object 'Object Repository/HealthpostToStore/Page_Store/select_--Select--BA1170BA2376B'

2018-05-22 11:59:10 - [TEST_STEP][PASSED] - Statement - Try: null

2018-05-22 11:59:10 - [TEST_STEP][PASSED] - Statement - StockQty = com.kms.katalon.core.webui.keyword.WebUiBuiltInKeywords.getAttribute(com.kms.katalon.core.testobject.ObjectRepository.findTestObject(HealthpostToStore/Page_Store/input_txtprice), "value"): Attribute 'value' of object 'Object Repository/HealthpostToStore/Page_Store/input_txtprice' is: '38'

2018-05-22 11:59:10 - [MESSAGE][PASSED] - Attribute 'value' of object 'Object Repository/HealthpostToStore/Page_Store/input_txtprice' is: '38'

2018-05-22 11:59:10 - [TEST_STEP][PASSED] - Statement - out.println("Stock QTY : " + StockQty): null

2018-05-22 11:59:10 - [TEST_STEP][PASSED] - delay: Delayed 2 second(s)

2018-05-22 11:59:12 - [MESSAGE][PASSED] - Delayed 2 second(s)

2018-05-22 11:59:12 - [TEST_STEP][PASSED] - Statement - If (java.lang.String.valueOf(StockQty) >= java.lang.String.valueOf(RequestedQty)): null

2018-05-22 11:59:12 - [TEST_STEP][PASSED] - setText: Text '10' is set on object 'Object Repository/HealthpostToStore/Page_Store/input_txtqty'

2018-05-22 11:59:12 - [MESSAGE][PASSED] - Text '10' is set on object 'Object Repository/HealthpostToStore/Page_Store/input_txtqty'

2018-05-22 11:59:12 - [TEST_STEP][PASSED] - click: Object: 'Object Repository/HealthpostToStore/Page_Store/button_Add' is clicked on

2018-05-22 11:59:12 - [MESSAGE][PASSED] - Object: 'Object Repository/HealthpostToStore/Page_Store/button_Add' is clicked on

2018-05-22 11:59:12 - [TEST_STEP][PASSED] - Statement - Break: null

2018-05-22 11:59:12 - [TEST_STEP][PASSED] - selectOptionByIndex: All options with index in [12] are selected on object 'Object Repository/HealthpostToStore/Page_Store/select_--Select--Adernaline 0.'

2018-05-22 11:59:12 - [MESSAGE][PASSED] - All options with index in [12] are selected on object 'Object Repository/HealthpostToStore/Page_Store/select_--Select--Adernaline 0.'

2018-05-22 11:59:12 - [TEST_STEP][PASSED] - delay: Delayed 2 second(s)

2018-05-22 11:59:14 - [MESSAGE][PASSED] - Delayed 2 second(s)

2018-05-22 11:59:14 - [TEST_STEP][PASSED] - Statement - RequestedQty = com.kms.katalon.core.webui.keyword.WebUiBuiltInKeywords.getAttribute(com.kms.katalon.core.testobject.ObjectRepository.findTestObject(HealthpostToStore/Page_Store/input_txttotal), "value"): Attribute 'value' of object 'Object Repository/HealthpostToStore/Page_Store/input_txttotal' is: '10'

2018-05-22 11:59:14 - [MESSAGE][PASSED] - Attribute 'value' of object 'Object Repository/HealthpostToStore/Page_Store/input_txttotal' is: '10'

2018-05-22 11:59:14 - [TEST_STEP][PASSED] - Statement - out.println("Requested QTY : " + RequestedQty): null

2018-05-22 11:59:14 - [TEST_STEP][PASSED] - Statement - BatchNumber = com.kms.katalon.core.webui.keyword.WebUiBuiltInKeywords.getNumberOfTotalOption(com.kms.katalon.core.testobject.ObjectRepository.findTestObject(HealthpostToStore/Page_Store/select_--Select--BA1170BA2376B)): 4 options of object 'Object Repository/HealthpostToStore/Page_Store/select_--Select--BA1170BA2376B' counted

2018-05-22 11:59:15 - [MESSAGE][PASSED] - 4 options of object 'Object Repository/HealthpostToStore/Page_Store/select_--Select--BA1170BA2376B' counted

2018-05-22 11:59:15 - [TEST_STEP][PASSED] - Statement - For ([g = 1, g <= BatchNumber - 1, (g++)]): null

2018-05-22 11:59:15 - [TEST_STEP][PASSED] - selectOptionByIndex: All options with index in [1] are selected on object 'Object Repository/HealthpostToStore/Page_Store/select_--Select--BA1170BA2376B'

2018-05-22 11:59:15 - [MESSAGE][PASSED] - All options with index in [1] are selected on object 'Object Repository/HealthpostToStore/Page_Store/select_--Select--BA1170BA2376B'

2018-05-22 11:59:15 - [TEST_STEP][PASSED] - Statement - Try: null

2018-05-22 11:59:15 - [TEST_STEP][PASSED] - Statement - StockQty = com.kms.katalon.core.webui.keyword.WebUiBuiltInKeywords.getAttribute(com.kms.katalon.core.testobject.ObjectRepository.findTestObject(HealthpostToStore/Page_Store/input_txtprice), "value"): Attribute 'value' of object 'Object Repository/HealthpostToStore/Page_Store/input_txtprice' is: '70'

2018-05-22 11:59:15 - [MESSAGE][PASSED] - Attribute 'value' of object 'Object Repository/HealthpostToStore/Page_Store/input_txtprice' is: '70'

2018-05-22 11:59:15 - [TEST_STEP][PASSED] - Statement - out.println("Stock QTY : " + StockQty): null

2018-05-22 11:59:15 - [TEST_STEP][PASSED] - delay: Delayed 2 second(s)

2018-05-22 11:59:17 - [MESSAGE][PASSED] - Delayed 2 second(s)

2018-05-22 11:59:17 - [TEST_STEP][PASSED] - Statement - If (java.lang.String.valueOf(StockQty) >= java.lang.String.valueOf(RequestedQty)): null

2018-05-22 11:59:17 - [TEST_STEP][PASSED] - setText: Text '10' is set on object 'Object Repository/HealthpostToStore/Page_Store/input_txtqty'

2018-05-22 11:59:17 - [MESSAGE][PASSED] - Text '10' is set on object 'Object Repository/HealthpostToStore/Page_Store/input_txtqty'

2018-05-22 11:59:17 - [TEST_STEP][PASSED] - click: Object: 'Object Repository/HealthpostToStore/Page_Store/button_Add' is clicked on

2018-05-22 11:59:17 - [MESSAGE][PASSED] - Object: 'Object Repository/HealthpostToStore/Page_Store/button_Add' is clicked on

2018-05-22 11:59:17 - [TEST_STEP][PASSED] - Statement - Break: null

2018-05-22 11:59:17 - [TEST_STEP][PASSED] - selectOptionByIndex: All options with index in [13] are selected on object 'Object Repository/HealthpostToStore/Page_Store/select_--Select--Adernaline 0.'

2018-05-22 11:59:17 - [MESSAGE][PASSED] - All options with index in [13] are selected on object 'Object Repository/HealthpostToStore/Page_Store/select_--Select--Adernaline 0.'

2018-05-22 11:59:17 - [TEST_STEP][PASSED] - delay: Delayed 2 second(s)

2018-05-22 11:59:19 - [MESSAGE][PASSED] - Delayed 2 second(s)

2018-05-22 11:59:19 - [TEST_STEP][PASSED] - Statement - RequestedQty = com.kms.katalon.core.webui.keyword.WebUiBuiltInKeywords.getAttribute(com.kms.katalon.core.testobject.ObjectRepository.findTestObject(HealthpostToStore/Page_Store/input_txttotal), "value"): Attribute 'value' of object 'Object Repository/HealthpostToStore/Page_Store/input_txttotal' is: '10'

2018-05-22 11:59:19 - [MESSAGE][PASSED] - Attribute 'value' of object 'Object Repository/HealthpostToStore/Page_Store/input_txttotal' is: '10'

2018-05-22 11:59:19 - [TEST_STEP][PASSED] - Statement - out.println("Requested QTY : " + RequestedQty): null

2018-05-22 11:59:19 - [TEST_STEP][PASSED] - Statement - BatchNumber = com.kms.katalon.core.webui.keyword.WebUiBuiltInKeywords.getNumberOfTotalOption(com.kms.katalon.core.testobject.ObjectRepository.findTestObject(HealthpostToStore/Page_Store/select_--Select--BA1170BA2376B)): 3 options of object 'Object Repository/HealthpostToStore/Page_Store/select_--Select--BA1170BA2376B' counted

2018-05-22 11:59:19 - [MESSAGE][PASSED] - 3 options of object 'Object Repository/HealthpostToStore/Page_Store/select_--Select--BA1170BA2376B' counted

2018-05-22 11:59:19 - [TEST_STEP][PASSED] - Statement - For ([g = 1, g <= BatchNumber - 1, (g++)]): null

2018-05-22 11:59:19 - [TEST_STEP][PASSED] - selectOptionByIndex: All options with index in [1] are selected on object 'Object Repository/HealthpostToStore/Page_Store/select_--Select--BA1170BA2376B'

2018-05-22 11:59:19 - [MESSAGE][PASSED] - All options with index in [1] are selected on object 'Object Repository/HealthpostToStore/Page_Store/select_--Select--BA1170BA2376B'

2018-05-22 11:59:19 - [TEST_STEP][PASSED] - Statement - Try: null

2018-05-22 11:59:19 - [TEST_STEP][PASSED] - Statement - StockQty = com.kms.katalon.core.webui.keyword.WebUiBuiltInKeywords.getAttribute(com.kms.katalon.core.testobject.ObjectRepository.findTestObject(HealthpostToStore/Page_Store/input_txtprice), "value"): Attribute 'value' of object 'Object Repository/HealthpostToStore/Page_Store/input_txtprice' is: '1030'

2018-05-22 11:59:19 - [MESSAGE][PASSED] - Attribute 'value' of object 'Object Repository/HealthpostToStore/Page_Store/input_txtprice' is: '1030'

2018-05-22 11:59:19 - [TEST_STEP][PASSED] - Statement - out.println("Stock QTY : " + StockQty): null

2018-05-22 11:59:19 - [TEST_STEP][PASSED] - delay: Delayed 2 second(s)

2018-05-22 11:59:21 - [MESSAGE][PASSED] - Delayed 2 second(s)

2018-05-22 11:59:21 - [TEST_STEP][PASSED] - Statement - If (java.lang.String.valueOf(StockQty) >= java.lang.String.valueOf(RequestedQty)): null

2018-05-22 11:59:21 - [TEST_STEP][PASSED] - setText: Text '10' is set on object 'Object Repository/HealthpostToStore/Page_Store/input_txtqty'

2018-05-22 11:59:21 - [MESSAGE][PASSED] - Text '10' is set on object 'Object Repository/HealthpostToStore/Page_Store/input_txtqty'

2018-05-22 11:59:21 - [TEST_STEP][PASSED] - click: Object: 'Object Repository/HealthpostToStore/Page_Store/button_Add' is clicked on

2018-05-22 11:59:21 - [MESSAGE][PASSED] - Object: 'Object Repository/HealthpostToStore/Page_Store/button_Add' is clicked on

2018-05-22 11:59:21 - [TEST_STEP][PASSED] - Statement - Break: null

2018-05-22 11:59:21 - [TEST_STEP][PASSED] - selectOptionByIndex: All options with index in [14] are selected on object 'Object Repository/HealthpostToStore/Page_Store/select_--Select--Adernaline 0.'

2018-05-22 11:59:22 - [MESSAGE][PASSED] - All options with index in [14] are selected on object 'Object Repository/HealthpostToStore/Page_Store/select_--Select--Adernaline 0.'

2018-05-22 11:59:22 - [TEST_STEP][PASSED] - delay: Delayed 2 second(s)

2018-05-22 11:59:24 - [MESSAGE][PASSED] - Delayed 2 second(s)

2018-05-22 11:59:24 - [TEST_STEP][PASSED] - Statement - RequestedQty = com.kms.katalon.core.webui.keyword.WebUiBuiltInKeywords.getAttribute(com.kms.katalon.core.testobject.ObjectRepository.findTestObject(HealthpostToStore/Page_Store/input_txttotal), "value"): Attribute 'value' of object 'Object Repository/HealthpostToStore/Page_Store/input_txttotal' is: '10'

2018-05-22 11:59:24 - [MESSAGE][PASSED] - Attribute 'value' of object 'Object Repository/HealthpostToStore/Page_Store/input_txttotal' is: '10'

2018-05-22 11:59:24 - [TEST_STEP][PASSED] - Statement - out.println("Requested QTY : " + RequestedQty): null

2018-05-22 11:59:24 - [TEST_STEP][PASSED] - Statement - BatchNumber = com.kms.katalon.core.webui.keyword.WebUiBuiltInKeywords.getNumberOfTotalOption(com.kms.katalon.core.testobject.ObjectRepository.findTestObject(HealthpostToStore/Page_Store/select_--Select--BA1170BA2376B)): 4 options of object 'Object Repository/HealthpostToStore/Page_Store/select_--Select--BA1170BA2376B' counted

2018-05-22 11:59:24 - [MESSAGE][PASSED] - 4 options of object 'Object Repository/HealthpostToStore/Page_Store/select_--Select--BA1170BA2376B' counted

2018-05-22 11:59:24 - [TEST_STEP][PASSED] - Statement - For ([g = 1, g <= BatchNumber - 1, (g++)]): null

2018-05-22 11:59:24 - [TEST_STEP][PASSED] - selectOptionByIndex: All options with index in [1] are selected on object 'Object Repository/HealthpostToStore/Page_Store/select_--Select--BA1170BA2376B'

2018-05-22 11:59:24 - [MESSAGE][PASSED] - All options with index in [1] are selected on object 'Object Repository/HealthpostToStore/Page_Store/select_--Select--BA1170BA2376B'

2018-05-22 11:59:24 - [TEST_STEP][PASSED] - Statement - Try: null

2018-05-22 11:59:24 - [TEST_STEP][PASSED] - Statement - StockQty = com.kms.katalon.core.webui.keyword.WebUiBuiltInKeywords.getAttribute(com.kms.katalon.core.testobject.ObjectRepository.findTestObject(HealthpostToStore/Page_Store/input_txtprice), "value"): Attribute 'value' of object 'Object Repository/HealthpostToStore/Page_Store/input_txtprice' is: '70'

2018-05-22 11:59:24 - [MESSAGE][PASSED] - Attribute 'value' of object 'Object Repository/HealthpostToStore/Page_Store/input_txtprice' is: '70'

2018-05-22 11:59:24 - [TEST_STEP][PASSED] - Statement - out.println("Stock QTY : " + StockQty): null

2018-05-22 11:59:24 - [TEST_STEP][PASSED] - delay: Delayed 2 second(s)

2018-05-22 11:59:26 - [MESSAGE][PASSED] - Delayed 2 second(s)

2018-05-22 11:59:26 - [TEST_STEP][PASSED] - Statement - If (java.lang.String.valueOf(StockQty) >= java.lang.String.valueOf(RequestedQty)): null

2018-05-22 11:59:26 - [TEST_STEP][PASSED] - setText: Text '10' is set on object 'Object Repository/HealthpostToStore/Page_Store/input_txtqty'

2018-05-22 11:59:26 - [MESSAGE][PASSED] - Text '10' is set on object 'Object Repository/HealthpostToStore/Page_Store/input_txtqty'

2018-05-22 11:59:26 - [TEST_STEP][PASSED] - click: Object: 'Object Repository/HealthpostToStore/Page_Store/button_Add' is clicked on

2018-05-22 11:59:26 - [MESSAGE][PASSED] - Object: 'Object Repository/HealthpostToStore/Page_Store/button_Add' is clicked on

2018-05-22 11:59:26 - [TEST_STEP][PASSED] - Statement - Break: null

2018-05-22 11:59:26 - [TEST_STEP][PASSED] - selectOptionByIndex: All options with index in [15] are selected on object 'Object Repository/HealthpostToStore/Page_Store/select_--Select--Adernaline 0.'

2018-05-22 11:59:26 - [MESSAGE][PASSED] - All options with index in [15] are selected on object 'Object Repository/HealthpostToStore/Page_Store/select_--Select--Adernaline 0.'

2018-05-22 11:59:26 - [TEST_STEP][PASSED] - delay: Delayed 2 second(s)

2018-05-22 11:59:28 - [MESSAGE][PASSED] - Delayed 2 second(s)

2018-05-22 11:59:28 - [TEST_STEP][PASSED] - Statement - RequestedQty = com.kms.katalon.core.webui.keyword.WebUiBuiltInKeywords.getAttribute(com.kms.katalon.core.testobject.ObjectRepository.findTestObject(HealthpostToStore/Page_Store/input_txttotal), "value"): Attribute 'value' of object 'Object Repository/HealthpostToStore/Page_Store/input_txttotal' is: '10'

2018-05-22 11:59:28 - [MESSAGE][PASSED] - Attribute 'value' of object 'Object Repository/HealthpostToStore/Page_Store/input_txttotal' is: '10'

2018-05-22 11:59:28 - [TEST_STEP][PASSED] - Statement - out.println("Requested QTY : " + RequestedQty): null

2018-05-22 11:59:28 - [TEST_STEP][PASSED] - Statement - BatchNumber = com.kms.katalon.core.webui.keyword.WebUiBuiltInKeywords.getNumberOfTotalOption(com.kms.katalon.core.testobject.ObjectRepository.findTestObject(HealthpostToStore/Page_Store/select_--Select--BA1170BA2376B)): 4 options of object 'Object Repository/HealthpostToStore/Page_Store/select_--Select--BA1170BA2376B' counted

2018-05-22 11:59:28 - [MESSAGE][PASSED] - 4 options of object 'Object Repository/HealthpostToStore/Page_Store/select_--Select--BA1170BA2376B' counted

2018-05-22 11:59:28 - [TEST_STEP][PASSED] - Statement - For ([g = 1, g <= BatchNumber - 1, (g++)]): null

2018-05-22 11:59:28 - [TEST_STEP][PASSED] - selectOptionByIndex: All options with index in [1] are selected on object 'Object Repository/HealthpostToStore/Page_Store/select_--Select--BA1170BA2376B'

2018-05-22 11:59:29 - [MESSAGE][PASSED] - All options with index in [1] are selected on object 'Object Repository/HealthpostToStore/Page_Store/select_--Select--BA1170BA2376B'

2018-05-22 11:59:29 - [TEST_STEP][PASSED] - Statement - Try: null

2018-05-22 11:59:29 - [TEST_STEP][PASSED] - Statement - StockQty = com.kms.katalon.core.webui.keyword.WebUiBuiltInKeywords.getAttribute(com.kms.katalon.core.testobject.ObjectRepository.findTestObject(HealthpostToStore/Page_Store/input_txtprice), "value"): Attribute 'value' of object 'Object Repository/HealthpostToStore/Page_Store/input_txtprice' is: '70'

2018-05-22 11:59:29 - [MESSAGE][PASSED] - Attribute 'value' of object 'Object Repository/HealthpostToStore/Page_Store/input_txtprice' is: '70'

2018-05-22 11:59:29 - [TEST_STEP][PASSED] - Statement - out.println("Stock QTY : " + StockQty): null

2018-05-22 11:59:29 - [TEST_STEP][PASSED] - delay: Delayed 2 second(s)

2018-05-22 11:59:31 - [MESSAGE][PASSED] - Delayed 2 second(s)

2018-05-22 11:59:31 - [TEST_STEP][PASSED] - Statement - If (java.lang.String.valueOf(StockQty) >= java.lang.String.valueOf(RequestedQty)): null

2018-05-22 11:59:31 - [TEST_STEP][PASSED] - setText: Text '10' is set on object 'Object Repository/HealthpostToStore/Page_Store/input_txtqty'

2018-05-22 11:59:31 - [MESSAGE][PASSED] - Text '10' is set on object 'Object Repository/HealthpostToStore/Page_Store/input_txtqty'

2018-05-22 11:59:31 - [TEST_STEP][PASSED] - click: Object: 'Object Repository/HealthpostToStore/Page_Store/button_Add' is clicked on

2018-05-22 11:59:31 - [MESSAGE][PASSED] - Object: 'Object Repository/HealthpostToStore/Page_Store/button_Add' is clicked on

2018-05-22 11:59:31 - [TEST_STEP][PASSED] - Statement - Break: null

2018-05-22 11:59:31 - [TEST_STEP][PASSED] - selectOptionByIndex: All options with index in [16] are selected on object 'Object Repository/HealthpostToStore/Page_Store/select_--Select--Adernaline 0.'

2018-05-22 11:59:31 - [MESSAGE][PASSED] - All options with index in [16] are selected on object 'Object Repository/HealthpostToStore/Page_Store/select_--Select--Adernaline 0.'

2018-05-22 11:59:31 - [TEST_STEP][PASSED] - delay: Delayed 2 second(s)

2018-05-22 11:59:33 - [MESSAGE][PASSED] - Delayed 2 second(s)

2018-05-22 11:59:33 - [TEST_STEP][PASSED] - Statement - RequestedQty = com.kms.katalon.core.webui.keyword.WebUiBuiltInKeywords.getAttribute(com.kms.katalon.core.testobject.ObjectRepository.findTestObject(HealthpostToStore/Page_Store/input_txttotal), "value"): Attribute 'value' of object 'Object Repository/HealthpostToStore/Page_Store/input_txttotal' is: '10'

2018-05-22 11:59:33 - [MESSAGE][PASSED] - Attribute 'value' of object 'Object Repository/HealthpostToStore/Page_Store/input_txttotal' is: '10'

2018-05-22 11:59:33 - [TEST_STEP][PASSED] - Statement - out.println("Requested QTY : " + RequestedQty): null

2018-05-22 11:59:33 - [TEST_STEP][PASSED] - Statement - BatchNumber = com.kms.katalon.core.webui.keyword.WebUiBuiltInKeywords.getNumberOfTotalOption(com.kms.katalon.core.testobject.ObjectRepository.findTestObject(HealthpostToStore/Page_Store/select_--Select--BA1170BA2376B)): 4 options of object 'Object Repository/HealthpostToStore/Page_Store/select_--Select--BA1170BA2376B' counted

2018-05-22 11:59:33 - [MESSAGE][PASSED] - 4 options of object 'Object Repository/HealthpostToStore/Page_Store/select_--Select--BA1170BA2376B' counted

2018-05-22 11:59:33 - [TEST_STEP][PASSED] - Statement - For ([g = 1, g <= BatchNumber - 1, (g++)]): null

2018-05-22 11:59:33 - [TEST_STEP][PASSED] - selectOptionByIndex: All options with index in [1] are selected on object 'Object Repository/HealthpostToStore/Page_Store/select_--Select--BA1170BA2376B'

2018-05-22 11:59:33 - [MESSAGE][PASSED] - All options with index in [1] are selected on object 'Object Repository/HealthpostToStore/Page_Store/select_--Select--BA1170BA2376B'

2018-05-22 11:59:33 - [TEST_STEP][PASSED] - Statement - Try: null

2018-05-22 11:59:33 - [TEST_STEP][PASSED] - Statement - StockQty = com.kms.katalon.core.webui.keyword.WebUiBuiltInKeywords.getAttribute(com.kms.katalon.core.testobject.ObjectRepository.findTestObject(HealthpostToStore/Page_Store/input_txtprice), "value"): Attribute 'value' of object 'Object Repository/HealthpostToStore/Page_Store/input_txtprice' is: '70'

2018-05-22 11:59:33 - [MESSAGE][PASSED] - Attribute 'value' of object 'Object Repository/HealthpostToStore/Page_Store/input_txtprice' is: '70'

2018-05-22 11:59:33 - [TEST_STEP][PASSED] - Statement - out.println("Stock QTY : " + StockQty): null

2018-05-22 11:59:33 - [TEST_STEP][PASSED] - delay: Delayed 2 second(s)

2018-05-22 11:59:35 - [MESSAGE][PASSED] - Delayed 2 second(s)

2018-05-22 11:59:35 - [TEST_STEP][PASSED] - Statement - If (java.lang.String.valueOf(StockQty) >= java.lang.String.valueOf(RequestedQty)): null

2018-05-22 11:59:35 - [TEST_STEP][PASSED] - setText: Text '10' is set on object 'Object Repository/HealthpostToStore/Page_Store/input_txtqty'

2018-05-22 11:59:35 - [MESSAGE][PASSED] - Text '10' is set on object 'Object Repository/HealthpostToStore/Page_Store/input_txtqty'

2018-05-22 11:59:35 - [TEST_STEP][PASSED] - click: Object: 'Object Repository/HealthpostToStore/Page_Store/button_Add' is clicked on

2018-05-22 11:59:35 - [MESSAGE][PASSED] - Object: 'Object Repository/HealthpostToStore/Page_Store/button_Add' is clicked on

2018-05-22 11:59:35 - [TEST_STEP][PASSED] - Statement - Break: null

2018-05-22 11:59:35 - [TEST_STEP][PASSED] - selectOptionByIndex: All options with index in [17] are selected on object 'Object Repository/HealthpostToStore/Page_Store/select_--Select--Adernaline 0.'

2018-05-22 11:59:36 - [MESSAGE][PASSED] - All options with index in [17] are selected on object 'Object Repository/HealthpostToStore/Page_Store/select_--Select--Adernaline 0.'

2018-05-22 11:59:36 - [TEST_STEP][PASSED] - delay: Delayed 2 second(s)

2018-05-22 11:59:38 - [MESSAGE][PASSED] - Delayed 2 second(s)

2018-05-22 11:59:38 - [TEST_STEP][PASSED] - Statement - RequestedQty = com.kms.katalon.core.webui.keyword.WebUiBuiltInKeywords.getAttribute(com.kms.katalon.core.testobject.ObjectRepository.findTestObject(HealthpostToStore/Page_Store/input_txttotal), "value"): Attribute 'value' of object 'Object Repository/HealthpostToStore/Page_Store/input_txttotal' is: '10'

2018-05-22 11:59:38 - [MESSAGE][PASSED] - Attribute 'value' of object 'Object Repository/HealthpostToStore/Page_Store/input_txttotal' is: '10'

2018-05-22 11:59:38 - [TEST_STEP][PASSED] - Statement - out.println("Requested QTY : " + RequestedQty): null

2018-05-22 11:59:38 - [TEST_STEP][PASSED] - Statement - BatchNumber = com.kms.katalon.core.webui.keyword.WebUiBuiltInKeywords.getNumberOfTotalOption(com.kms.katalon.core.testobject.ObjectRepository.findTestObject(HealthpostToStore/Page_Store/select_--Select--BA1170BA2376B)): 3 options of object 'Object Repository/HealthpostToStore/Page_Store/select_--Select--BA1170BA2376B' counted

2018-05-22 11:59:38 - [MESSAGE][PASSED] - 3 options of object 'Object Repository/HealthpostToStore/Page_Store/select_--Select--BA1170BA2376B' counted

2018-05-22 11:59:38 - [TEST_STEP][PASSED] - Statement - For ([g = 1, g <= BatchNumber - 1, (g++)]): null

2018-05-22 11:59:38 - [TEST_STEP][PASSED] - selectOptionByIndex: All options with index in [1] are selected on object 'Object Repository/HealthpostToStore/Page_Store/select_--Select--BA1170BA2376B'

2018-05-22 11:59:38 - [MESSAGE][PASSED] - All options with index in [1] are selected on object 'Object Repository/HealthpostToStore/Page_Store/select_--Select--BA1170BA2376B'

2018-05-22 11:59:38 - [TEST_STEP][PASSED] - Statement - Try: null

2018-05-22 11:59:38 - [TEST_STEP][PASSED] - Statement - StockQty = com.kms.katalon.core.webui.keyword.WebUiBuiltInKeywords.getAttribute(com.kms.katalon.core.testobject.ObjectRepository.findTestObject(HealthpostToStore/Page_Store/input_txtprice), "value"): Attribute 'value' of object 'Object Repository/HealthpostToStore/Page_Store/input_txtprice' is: '1030'

2018-05-22 11:59:38 - [MESSAGE][PASSED] - Attribute 'value' of object 'Object Repository/HealthpostToStore/Page_Store/input_txtprice' is: '1030'

2018-05-22 11:59:38 - [TEST_STEP][PASSED] - Statement - out.println("Stock QTY : " + StockQty): null

2018-05-22 11:59:38 - [TEST_STEP][PASSED] - delay: Delayed 2 second(s)

2018-05-22 11:59:40 - [MESSAGE][PASSED] - Delayed 2 second(s)

2018-05-22 11:59:40 - [TEST_STEP][PASSED] - Statement - If (java.lang.String.valueOf(StockQty) >= java.lang.String.valueOf(RequestedQty)): null

2018-05-22 11:59:40 - [TEST_STEP][PASSED] - setText: Text '10' is set on object 'Object Repository/HealthpostToStore/Page_Store/input_txtqty'

2018-05-22 11:59:40 - [MESSAGE][PASSED] - Text '10' is set on object 'Object Repository/HealthpostToStore/Page_Store/input_txtqty'

2018-05-22 11:59:40 - [TEST_STEP][PASSED] - click: Object: 'Object Repository/HealthpostToStore/Page_Store/button_Add' is clicked on

2018-05-22 11:59:40 - [MESSAGE][PASSED] - Object: 'Object Repository/HealthpostToStore/Page_Store/button_Add' is clicked on

2018-05-22 11:59:40 - [TEST_STEP][PASSED] - Statement - Break: null

2018-05-22 11:59:40 - [TEST_STEP][PASSED] - selectOptionByIndex: All options with index in [18] are selected on object 'Object Repository/HealthpostToStore/Page_Store/select_--Select--Adernaline 0.'

2018-05-22 11:59:41 - [MESSAGE][PASSED] - All options with index in [18] are selected on object 'Object Repository/HealthpostToStore/Page_Store/select_--Select--Adernaline 0.'

2018-05-22 11:59:41 - [TEST_STEP][PASSED] - delay: Delayed 2 second(s)

2018-05-22 11:59:43 - [MESSAGE][PASSED] - Delayed 2 second(s)

2018-05-22 11:59:43 - [TEST_STEP][PASSED] - Statement - RequestedQty = com.kms.katalon.core.webui.keyword.WebUiBuiltInKeywords.getAttribute(com.kms.katalon.core.testobject.ObjectRepository.findTestObject(HealthpostToStore/Page_Store/input_txttotal), "value"): Attribute 'value' of object 'Object Repository/HealthpostToStore/Page_Store/input_txttotal' is: '10'

2018-05-22 11:59:43 - [MESSAGE][PASSED] - Attribute 'value' of object 'Object Repository/HealthpostToStore/Page_Store/input_txttotal' is: '10'

2018-05-22 11:59:43 - [TEST_STEP][PASSED] - Statement - out.println("Requested QTY : " + RequestedQty): null

2018-05-22 11:59:43 - [TEST_STEP][PASSED] - Statement - BatchNumber = com.kms.katalon.core.webui.keyword.WebUiBuiltInKeywords.getNumberOfTotalOption(com.kms.katalon.core.testobject.ObjectRepository.findTestObject(HealthpostToStore/Page_Store/select_--Select--BA1170BA2376B)): 4 options of object 'Object Repository/HealthpostToStore/Page_Store/select_--Select--BA1170BA2376B' counted

2018-05-22 11:59:43 - [MESSAGE][PASSED] - 4 options of object 'Object Repository/HealthpostToStore/Page_Store/select_--Select--BA1170BA2376B' counted

2018-05-22 11:59:43 - [TEST_STEP][PASSED] - Statement - For ([g = 1, g <= BatchNumber - 1, (g++)]): null

2018-05-22 11:59:43 - [TEST_STEP][PASSED] - selectOptionByIndex: All options with index in [1] are selected on object 'Object Repository/HealthpostToStore/Page_Store/select_--Select--BA1170BA2376B'

2018-05-22 11:59:43 - [MESSAGE][PASSED] - All options with index in [1] are selected on object 'Object Repository/HealthpostToStore/Page_Store/select_--Select--BA1170BA2376B'

2018-05-22 11:59:43 - [TEST_STEP][PASSED] - Statement - Try: null

2018-05-22 11:59:43 - [TEST_STEP][PASSED] - Statement - StockQty = com.kms.katalon.core.webui.keyword.WebUiBuiltInKeywords.getAttribute(com.kms.katalon.core.testobject.ObjectRepository.findTestObject(HealthpostToStore/Page_Store/input_txtprice), "value"): Attribute 'value' of object 'Object Repository/HealthpostToStore/Page_Store/input_txtprice' is: '70'

2018-05-22 11:59:43 - [MESSAGE][PASSED] - Attribute 'value' of object 'Object Repository/HealthpostToStore/Page_Store/input_txtprice' is: '70'

2018-05-22 11:59:43 - [TEST_STEP][PASSED] - Statement - out.println("Stock QTY : " + StockQty): null

2018-05-22 11:59:43 - [TEST_STEP][PASSED] - delay: Delayed 2 second(s)

2018-05-22 11:59:45 - [MESSAGE][PASSED] - Delayed 2 second(s)

2018-05-22 11:59:45 - [TEST_STEP][PASSED] - Statement - If (java.lang.String.valueOf(StockQty) >= java.lang.String.valueOf(RequestedQty)): null

2018-05-22 11:59:45 - [TEST_STEP][PASSED] - setText: Text '10' is set on object 'Object Repository/HealthpostToStore/Page_Store/input_txtqty'

2018-05-22 11:59:45 - [MESSAGE][PASSED] - Text '10' is set on object 'Object Repository/HealthpostToStore/Page_Store/input_txtqty'

2018-05-22 11:59:45 - [TEST_STEP][PASSED] - click: Object: 'Object Repository/HealthpostToStore/Page_Store/button_Add' is clicked on

2018-05-22 11:59:45 - [MESSAGE][PASSED] - Object: 'Object Repository/HealthpostToStore/Page_Store/button_Add' is clicked on

2018-05-22 11:59:45 - [TEST_STEP][PASSED] - Statement - Break: null

2018-05-22 11:59:45 - [TEST_STEP][PASSED] - scrollToElement: Scroll to object 'Object Repository/HealthpostToStore/Page_Store/input_btnSubmit' successfully

2018-05-22 11:59:45 - [MESSAGE][PASSED] - Scroll to object 'Object Repository/HealthpostToStore/Page_Store/input_btnSubmit' successfully

2018-05-22 11:59:45 - [TEST_STEP][PASSED] - click: Object: 'Object Repository/HealthpostToStore/Page_Store/input_btnSubmit' is clicked on

2018-05-22 11:59:45 - [MESSAGE][PASSED] - Object: 'Object Repository/HealthpostToStore/Page_Store/input_btnSubmit' is clicked on

2018-05-22 11:59:45 - [TEST_STEP][PASSED] - delay: Delayed 3 second(s)

2018-05-22 11:59:48 - [MESSAGE][PASSED] - Delayed 3 second(s)

2018-05-22 11:59:48 - [TEST_STEP][PASSED] - click: Object: 'Object Repository/HealthpostToStore/Page_Store/button_OK' is clicked on

2018-05-22 11:59:49 - [MESSAGE][PASSED] - Object: 'Object Repository/HealthpostToStore/Page_Store/button_OK' is clicked on

2018-05-22 11:59:49 - [TEST_STEP][PASSED] - delay: Delayed 3 second(s)

2018-05-22 11:59:52 - [MESSAGE][PASSED] - Delayed 3 second(s)

2018-05-22 11:59:52 - [TEST_STEP][PASSED] - click: Object: 'Object Repository/HealthpostToStore/Page_Store/a_dropdown-toggle' is clicked on

2018-05-22 11:59:52 - [MESSAGE][PASSED] - Object: 'Object Repository/HealthpostToStore/Page_Store/a_dropdown-toggle' is clicked on

2018-05-22 11:59:52 - [TEST_STEP][PASSED] - click: Object: 'Object Repository/HealthpostToStore/Page_Store/a_Sign out' is clicked on

2018-05-22 11:59:52 - [MESSAGE][PASSED] - Object: 'Object Repository/HealthpostToStore/Page_Store/a_Sign out' is clicked on

2018-05-22 11:59:52 - [TEST_STEP][PASSED] - closeBrowser: Browser is closed

2018-05-22 11:59:53 - [MESSAGE][PASSED] - Browser is closed]]></system-out>
         <system-err><![CDATA[]]></system-err>
      </testcase>
      <testcase name="Test Cases/HEALTHPOST TEST CASES/TC_HP_011 Verify Schedule 11 Healthpost Request Are Working Successfully Or Not" classname="Test Cases/HEALTHPOST TEST CASES/TC_HP_011 Verify Schedule 11 Healthpost Request Are Working Successfully Or Not" status="FAILED">
         <failure type="FAILED" message="Unable to click on object 'Object Repository/HealthpostToStore/Page_HealthPost Store/a_dropdown-toggle' (Root cause: com.kms.katalon.core.webui.exception.WebElementNotFoundException: Web element with id: 'Object Repository/HealthpostToStore/Page_HealthPost Store/a_dropdown-toggle' located by 'By.xpath: /html[1]/body[@class=&quot;skin-blue  pace-done&quot;]/header[@class=&quot;header&quot;]/div[@class=&quot;row&quot;]/nav[@class=&quot;navbar navbar-static-top&quot;]/div[@class=&quot;navbar-right&quot;]/ul[@class=&quot;nav navbar-nav&quot;]/li[@class=&quot;dropdown user user-menu&quot;]/a[@class=&quot;dropdown-toggle&quot;][count(. | //*[@class = 'dropdown-toggle' and @data-toggle = 'dropdown']) = count(//*[@class = 'dropdown-toggle' and @data-toggle = 'dropdown'])]' not found)"/>
         <system-out><![CDATA[2018-05-22 11:59:53 - [TEST_CASE][FAILED] - Test Cases/HEALTHPOST TEST CASES/TC_HP_011 Verify Schedule 11 Healthpost Request Are Working Successfully Or Not: Test Cases/HEALTHPOST TEST CASES/TC_HP_011 Verify Schedule 11 Healthpost Request Are Working Successfully Or Not FAILED because (of) Unable to click on object 'Object Repository/HealthpostToStore/Page_HealthPost Store/a_dropdown-toggle' (Root cause: com.kms.katalon.core.webui.exception.WebElementNotFoundException: Web element with id: 'Object Repository/HealthpostToStore/Page_HealthPost Store/a_dropdown-toggle' located by 'By.xpath: /html[1]/body[@class="skin-blue  pace-done"]/header[@class="header"]/div[@class="row"]/nav[@class="navbar navbar-static-top"]/div[@class="navbar-right"]/ul[@class="nav navbar-nav"]/li[@class="dropdown user user-menu"]/a[@class="dropdown-toggle"][count(. | //*[@class = 'dropdown-toggle' and @data-toggle = 'dropdown']) = count(//*[@class = 'dropdown-toggle' and @data-toggle = 'dropdown'])]' not found)

2018-05-22 11:59:53 - [TEST_STEP][PASSED] - openBrowser: Browser is opened with url: ''

2018-05-22 11:59:55 - [MESSAGE][PASSED] - Browser is opened with url: ''

2018-05-22 11:59:55 - [TEST_STEP][PASSED] - navigateToUrl: Navigate to 'http://192.168.137.1/multihospital_new/HDSplashscreen.aspx' successfully

2018-05-22 11:59:57 - [MESSAGE][PASSED] - Navigate to 'http://192.168.137.1/multihospital_new/HDSplashscreen.aspx' successfully

2018-05-22 11:59:57 - [TEST_STEP][PASSED] - maximizeWindow: Current window maximized

2018-05-22 11:59:59 - [MESSAGE][PASSED] - Current window maximized

2018-05-22 11:59:59 - [TEST_STEP][PASSED] - click: Object: 'Object Repository/HealthpostToStore/Page_KDMC/a_Healthpost Store' is clicked on

2018-05-22 11:59:59 - [MESSAGE][PASSED] - Object: 'Object Repository/HealthpostToStore/Page_KDMC/a_Healthpost Store' is clicked on

2018-05-22 11:59:59 - [TEST_STEP][PASSED] - setText: Text 'raguram' is set on object 'Object Repository/HealthpostToStore/Page_HealthPost Store Login/input_txtusername'

2018-05-22 12:00:00 - [MESSAGE][PASSED] - Text 'raguram' is set on object 'Object Repository/HealthpostToStore/Page_HealthPost Store Login/input_txtusername'

2018-05-22 12:00:00 - [TEST_STEP][PASSED] - setText: Text '123' is set on object 'Object Repository/HealthpostToStore/Page_HealthPost Store Login/input_txtpassword'

2018-05-22 12:00:00 - [MESSAGE][PASSED] - Text '123' is set on object 'Object Repository/HealthpostToStore/Page_HealthPost Store Login/input_txtpassword'

2018-05-22 12:00:00 - [TEST_STEP][PASSED] - delay: Delayed 3 second(s)

2018-05-22 12:00:03 - [MESSAGE][PASSED] - Delayed 3 second(s)

2018-05-22 12:00:03 - [TEST_STEP][PASSED] - sendKeys: Keys 'ENTER + ' sent to object: 'Object Repository/HealthpostToStore/Page_HealthPost Store Login/input_txtpassword'

2018-05-22 12:00:03 - [MESSAGE][PASSED] - Keys 'ENTER + ' sent to object: 'Object Repository/HealthpostToStore/Page_HealthPost Store Login/input_txtpassword'

2018-05-22 12:00:03 - [TEST_STEP][PASSED] - delay: Delayed 3 second(s)

2018-05-22 12:00:06 - [MESSAGE][PASSED] - Delayed 3 second(s)

2018-05-22 12:00:06 - [TEST_STEP][PASSED] - click: Object: 'Object Repository/HealthpostToStore/Page_HealthPost Store/a_Request to Store' is clicked on

2018-05-22 12:00:11 - [MESSAGE][PASSED] - Object: 'Object Repository/HealthpostToStore/Page_HealthPost Store/a_Request to Store' is clicked on

2018-05-22 12:00:11 - [TEST_STEP][PASSED] - delay: Delayed 1 second(s)

2018-05-22 12:00:12 - [MESSAGE][PASSED] - Delayed 1 second(s)

2018-05-22 12:00:12 - [TEST_STEP][PASSED] - click: Object: 'Object Repository/HealthpostToStore/Page_HealthPost Store/a_Medicine Request' is clicked on

2018-05-22 12:00:18 - [MESSAGE][PASSED] - Object: 'Object Repository/HealthpostToStore/Page_HealthPost Store/a_Medicine Request' is clicked on

2018-05-22 12:00:18 - [TEST_STEP][PASSED] - delay: Delayed 1 second(s)

2018-05-22 12:00:19 - [MESSAGE][PASSED] - Delayed 1 second(s)

2018-05-22 12:00:19 - [TEST_STEP][PASSED] - selectOptionByIndex: All options with index in [11] are selected on object 'Object Repository/HealthpostToStore/Page_HealthPost Store/select_--Select--Schedule 1Inj'

2018-05-22 12:00:19 - [MESSAGE][PASSED] - All options with index in [11] are selected on object 'Object Repository/HealthpostToStore/Page_HealthPost Store/select_--Select--Schedule 1Inj'

2018-05-22 12:00:19 - [TEST_STEP][PASSED] - Statement - medicineslength = com.kms.katalon.core.webui.keyword.WebUiBuiltInKeywords.getNumberOfTotalOption(com.kms.katalon.core.testobject.ObjectRepository.findTestObject(HealthpostToStore/Page_HealthPost Store/select_--Select--Adernaline 0.)): 81 options of object 'Object Repository/HealthpostToStore/Page_HealthPost Store/select_--Select--Adernaline 0.' counted

2018-05-22 12:00:19 - [MESSAGE][PASSED] - 81 options of object 'Object Repository/HealthpostToStore/Page_HealthPost Store/select_--Select--Adernaline 0.' counted

2018-05-22 12:00:19 - [TEST_STEP][PASSED] - Statement - For ([e = 1, e <= medicineslength - 1, (e++)]): Object: 'Object Repository/HealthpostToStore/Page_HealthPost Store/button_Add' is clicked on

2018-05-22 12:00:19 - [TEST_STEP][PASSED] - selectOptionByIndex: All options with index in [11] are selected on object 'Object Repository/HealthpostToStore/Page_HealthPost Store/select_--Select--Schedule 1Inj'

2018-05-22 12:00:20 - [MESSAGE][PASSED] - All options with index in [11] are selected on object 'Object Repository/HealthpostToStore/Page_HealthPost Store/select_--Select--Schedule 1Inj'

2018-05-22 12:00:20 - [TEST_STEP][PASSED] - selectOptionByIndex: All options with index in [1] are selected on object 'Object Repository/HealthpostToStore/Page_HealthPost Store/select_--Select--Adernaline 0.'

2018-05-22 12:00:20 - [MESSAGE][PASSED] - All options with index in [1] are selected on object 'Object Repository/HealthpostToStore/Page_HealthPost Store/select_--Select--Adernaline 0.'

2018-05-22 12:00:20 - [TEST_STEP][PASSED] - setText: Text '10' is set on object 'Object Repository/HealthpostToStore/Page_HealthPost Store/input_txttreat'

2018-05-22 12:00:20 - [MESSAGE][PASSED] - Text '10' is set on object 'Object Repository/HealthpostToStore/Page_HealthPost Store/input_txttreat'

2018-05-22 12:00:20 - [TEST_STEP][PASSED] - click: Object: 'Object Repository/HealthpostToStore/Page_HealthPost Store/button_Add' is clicked on

2018-05-22 12:00:25 - [MESSAGE][PASSED] - Object: 'Object Repository/HealthpostToStore/Page_HealthPost Store/button_Add' is clicked on

2018-05-22 12:00:25 - [TEST_STEP][PASSED] - selectOptionByIndex: All options with index in [11] are selected on object 'Object Repository/HealthpostToStore/Page_HealthPost Store/select_--Select--Schedule 1Inj'

2018-05-22 12:00:25 - [MESSAGE][PASSED] - All options with index in [11] are selected on object 'Object Repository/HealthpostToStore/Page_HealthPost Store/select_--Select--Schedule 1Inj'

2018-05-22 12:00:25 - [TEST_STEP][PASSED] - selectOptionByIndex: All options with index in [2] are selected on object 'Object Repository/HealthpostToStore/Page_HealthPost Store/select_--Select--Adernaline 0.'

2018-05-22 12:00:26 - [MESSAGE][PASSED] - All options with index in [2] are selected on object 'Object Repository/HealthpostToStore/Page_HealthPost Store/select_--Select--Adernaline 0.'

2018-05-22 12:00:26 - [TEST_STEP][PASSED] - setText: Text '10' is set on object 'Object Repository/HealthpostToStore/Page_HealthPost Store/input_txttreat'

2018-05-22 12:00:26 - [MESSAGE][PASSED] - Text '10' is set on object 'Object Repository/HealthpostToStore/Page_HealthPost Store/input_txttreat'

2018-05-22 12:00:26 - [TEST_STEP][PASSED] - click: Object: 'Object Repository/HealthpostToStore/Page_HealthPost Store/button_Add' is clicked on

2018-05-22 12:00:31 - [MESSAGE][PASSED] - Object: 'Object Repository/HealthpostToStore/Page_HealthPost Store/button_Add' is clicked on

2018-05-22 12:00:31 - [TEST_STEP][PASSED] - selectOptionByIndex: All options with index in [11] are selected on object 'Object Repository/HealthpostToStore/Page_HealthPost Store/select_--Select--Schedule 1Inj'

2018-05-22 12:00:31 - [MESSAGE][PASSED] - All options with index in [11] are selected on object 'Object Repository/HealthpostToStore/Page_HealthPost Store/select_--Select--Schedule 1Inj'

2018-05-22 12:00:31 - [TEST_STEP][PASSED] - selectOptionByIndex: All options with index in [3] are selected on object 'Object Repository/HealthpostToStore/Page_HealthPost Store/select_--Select--Adernaline 0.'

2018-05-22 12:00:31 - [MESSAGE][PASSED] - All options with index in [3] are selected on object 'Object Repository/HealthpostToStore/Page_HealthPost Store/select_--Select--Adernaline 0.'

2018-05-22 12:00:31 - [TEST_STEP][PASSED] - setText: Text '10' is set on object 'Object Repository/HealthpostToStore/Page_HealthPost Store/input_txttreat'

2018-05-22 12:00:31 - [MESSAGE][PASSED] - Text '10' is set on object 'Object Repository/HealthpostToStore/Page_HealthPost Store/input_txttreat'

2018-05-22 12:00:31 - [TEST_STEP][PASSED] - click: Object: 'Object Repository/HealthpostToStore/Page_HealthPost Store/button_Add' is clicked on

2018-05-22 12:00:36 - [MESSAGE][PASSED] - Object: 'Object Repository/HealthpostToStore/Page_HealthPost Store/button_Add' is clicked on

2018-05-22 12:00:36 - [TEST_STEP][PASSED] - selectOptionByIndex: All options with index in [11] are selected on object 'Object Repository/HealthpostToStore/Page_HealthPost Store/select_--Select--Schedule 1Inj'

2018-05-22 12:00:37 - [MESSAGE][PASSED] - All options with index in [11] are selected on object 'Object Repository/HealthpostToStore/Page_HealthPost Store/select_--Select--Schedule 1Inj'

2018-05-22 12:00:37 - [TEST_STEP][PASSED] - selectOptionByIndex: All options with index in [4] are selected on object 'Object Repository/HealthpostToStore/Page_HealthPost Store/select_--Select--Adernaline 0.'

2018-05-22 12:00:37 - [MESSAGE][PASSED] - All options with index in [4] are selected on object 'Object Repository/HealthpostToStore/Page_HealthPost Store/select_--Select--Adernaline 0.'

2018-05-22 12:00:37 - [TEST_STEP][PASSED] - setText: Text '10' is set on object 'Object Repository/HealthpostToStore/Page_HealthPost Store/input_txttreat'

2018-05-22 12:00:37 - [MESSAGE][PASSED] - Text '10' is set on object 'Object Repository/HealthpostToStore/Page_HealthPost Store/input_txttreat'

2018-05-22 12:00:37 - [TEST_STEP][PASSED] - click: Object: 'Object Repository/HealthpostToStore/Page_HealthPost Store/button_Add' is clicked on

2018-05-22 12:00:42 - [MESSAGE][PASSED] - Object: 'Object Repository/HealthpostToStore/Page_HealthPost Store/button_Add' is clicked on

2018-05-22 12:00:42 - [TEST_STEP][PASSED] - selectOptionByIndex: All options with index in [11] are selected on object 'Object Repository/HealthpostToStore/Page_HealthPost Store/select_--Select--Schedule 1Inj'

2018-05-22 12:00:42 - [MESSAGE][PASSED] - All options with index in [11] are selected on object 'Object Repository/HealthpostToStore/Page_HealthPost Store/select_--Select--Schedule 1Inj'

2018-05-22 12:00:42 - [TEST_STEP][PASSED] - selectOptionByIndex: All options with index in [5] are selected on object 'Object Repository/HealthpostToStore/Page_HealthPost Store/select_--Select--Adernaline 0.'

2018-05-22 12:00:43 - [MESSAGE][PASSED] - All options with index in [5] are selected on object 'Object Repository/HealthpostToStore/Page_HealthPost Store/select_--Select--Adernaline 0.'

2018-05-22 12:00:43 - [TEST_STEP][PASSED] - setText: Text '10' is set on object 'Object Repository/HealthpostToStore/Page_HealthPost Store/input_txttreat'

2018-05-22 12:00:43 - [MESSAGE][PASSED] - Text '10' is set on object 'Object Repository/HealthpostToStore/Page_HealthPost Store/input_txttreat'

2018-05-22 12:00:43 - [TEST_STEP][PASSED] - click: Object: 'Object Repository/HealthpostToStore/Page_HealthPost Store/button_Add' is clicked on

2018-05-22 12:00:48 - [MESSAGE][PASSED] - Object: 'Object Repository/HealthpostToStore/Page_HealthPost Store/button_Add' is clicked on

2018-05-22 12:00:48 - [TEST_STEP][PASSED] - selectOptionByIndex: All options with index in [11] are selected on object 'Object Repository/HealthpostToStore/Page_HealthPost Store/select_--Select--Schedule 1Inj'

2018-05-22 12:00:48 - [MESSAGE][PASSED] - All options with index in [11] are selected on object 'Object Repository/HealthpostToStore/Page_HealthPost Store/select_--Select--Schedule 1Inj'

2018-05-22 12:00:48 - [TEST_STEP][PASSED] - selectOptionByIndex: All options with index in [6] are selected on object 'Object Repository/HealthpostToStore/Page_HealthPost Store/select_--Select--Adernaline 0.'

2018-05-22 12:00:48 - [MESSAGE][PASSED] - All options with index in [6] are selected on object 'Object Repository/HealthpostToStore/Page_HealthPost Store/select_--Select--Adernaline 0.'

2018-05-22 12:00:48 - [TEST_STEP][PASSED] - setText: Text '10' is set on object 'Object Repository/HealthpostToStore/Page_HealthPost Store/input_txttreat'

2018-05-22 12:00:48 - [MESSAGE][PASSED] - Text '10' is set on object 'Object Repository/HealthpostToStore/Page_HealthPost Store/input_txttreat'

2018-05-22 12:00:48 - [TEST_STEP][PASSED] - click: Object: 'Object Repository/HealthpostToStore/Page_HealthPost Store/button_Add' is clicked on

2018-05-22 12:00:53 - [MESSAGE][PASSED] - Object: 'Object Repository/HealthpostToStore/Page_HealthPost Store/button_Add' is clicked on

2018-05-22 12:00:53 - [TEST_STEP][PASSED] - selectOptionByIndex: All options with index in [11] are selected on object 'Object Repository/HealthpostToStore/Page_HealthPost Store/select_--Select--Schedule 1Inj'

2018-05-22 12:00:54 - [MESSAGE][PASSED] - All options with index in [11] are selected on object 'Object Repository/HealthpostToStore/Page_HealthPost Store/select_--Select--Schedule 1Inj'

2018-05-22 12:00:54 - [TEST_STEP][PASSED] - selectOptionByIndex: All options with index in [7] are selected on object 'Object Repository/HealthpostToStore/Page_HealthPost Store/select_--Select--Adernaline 0.'

2018-05-22 12:00:54 - [MESSAGE][PASSED] - All options with index in [7] are selected on object 'Object Repository/HealthpostToStore/Page_HealthPost Store/select_--Select--Adernaline 0.'

2018-05-22 12:00:54 - [TEST_STEP][PASSED] - setText: Text '10' is set on object 'Object Repository/HealthpostToStore/Page_HealthPost Store/input_txttreat'

2018-05-22 12:00:54 - [MESSAGE][PASSED] - Text '10' is set on object 'Object Repository/HealthpostToStore/Page_HealthPost Store/input_txttreat'

2018-05-22 12:00:54 - [TEST_STEP][PASSED] - click: Object: 'Object Repository/HealthpostToStore/Page_HealthPost Store/button_Add' is clicked on

2018-05-22 12:00:59 - [MESSAGE][PASSED] - Object: 'Object Repository/HealthpostToStore/Page_HealthPost Store/button_Add' is clicked on

2018-05-22 12:00:59 - [TEST_STEP][PASSED] - selectOptionByIndex: All options with index in [11] are selected on object 'Object Repository/HealthpostToStore/Page_HealthPost Store/select_--Select--Schedule 1Inj'

2018-05-22 12:00:59 - [MESSAGE][PASSED] - All options with index in [11] are selected on object 'Object Repository/HealthpostToStore/Page_HealthPost Store/select_--Select--Schedule 1Inj'

2018-05-22 12:00:59 - [TEST_STEP][PASSED] - selectOptionByIndex: All options with index in [8] are selected on object 'Object Repository/HealthpostToStore/Page_HealthPost Store/select_--Select--Adernaline 0.'

2018-05-22 12:00:59 - [MESSAGE][PASSED] - All options with index in [8] are selected on object 'Object Repository/HealthpostToStore/Page_HealthPost Store/select_--Select--Adernaline 0.'

2018-05-22 12:00:59 - [TEST_STEP][PASSED] - setText: Text '10' is set on object 'Object Repository/HealthpostToStore/Page_HealthPost Store/input_txttreat'

2018-05-22 12:01:00 - [MESSAGE][PASSED] - Text '10' is set on object 'Object Repository/HealthpostToStore/Page_HealthPost Store/input_txttreat'

2018-05-22 12:01:00 - [TEST_STEP][PASSED] - click: Object: 'Object Repository/HealthpostToStore/Page_HealthPost Store/button_Add' is clicked on

2018-05-22 12:01:05 - [MESSAGE][PASSED] - Object: 'Object Repository/HealthpostToStore/Page_HealthPost Store/button_Add' is clicked on

2018-05-22 12:01:05 - [TEST_STEP][PASSED] - selectOptionByIndex: All options with index in [11] are selected on object 'Object Repository/HealthpostToStore/Page_HealthPost Store/select_--Select--Schedule 1Inj'

2018-05-22 12:01:05 - [MESSAGE][PASSED] - All options with index in [11] are selected on object 'Object Repository/HealthpostToStore/Page_HealthPost Store/select_--Select--Schedule 1Inj'

2018-05-22 12:01:05 - [TEST_STEP][PASSED] - selectOptionByIndex: All options with index in [9] are selected on object 'Object Repository/HealthpostToStore/Page_HealthPost Store/select_--Select--Adernaline 0.'

2018-05-22 12:01:05 - [MESSAGE][PASSED] - All options with index in [9] are selected on object 'Object Repository/HealthpostToStore/Page_HealthPost Store/select_--Select--Adernaline 0.'

2018-05-22 12:01:05 - [TEST_STEP][PASSED] - setText: Text '10' is set on object 'Object Repository/HealthpostToStore/Page_HealthPost Store/input_txttreat'

2018-05-22 12:01:05 - [MESSAGE][PASSED] - Text '10' is set on object 'Object Repository/HealthpostToStore/Page_HealthPost Store/input_txttreat'

2018-05-22 12:01:05 - [TEST_STEP][PASSED] - click: Object: 'Object Repository/HealthpostToStore/Page_HealthPost Store/button_Add' is clicked on

2018-05-22 12:01:10 - [MESSAGE][PASSED] - Object: 'Object Repository/HealthpostToStore/Page_HealthPost Store/button_Add' is clicked on

2018-05-22 12:01:10 - [TEST_STEP][PASSED] - selectOptionByIndex: All options with index in [11] are selected on object 'Object Repository/HealthpostToStore/Page_HealthPost Store/select_--Select--Schedule 1Inj'

2018-05-22 12:01:10 - [MESSAGE][PASSED] - All options with index in [11] are selected on object 'Object Repository/HealthpostToStore/Page_HealthPost Store/select_--Select--Schedule 1Inj'

2018-05-22 12:01:10 - [TEST_STEP][PASSED] - selectOptionByIndex: All options with index in [10] are selected on object 'Object Repository/HealthpostToStore/Page_HealthPost Store/select_--Select--Adernaline 0.'

2018-05-22 12:01:11 - [MESSAGE][PASSED] - All options with index in [10] are selected on object 'Object Repository/HealthpostToStore/Page_HealthPost Store/select_--Select--Adernaline 0.'

2018-05-22 12:01:11 - [TEST_STEP][PASSED] - setText: Text '10' is set on object 'Object Repository/HealthpostToStore/Page_HealthPost Store/input_txttreat'

2018-05-22 12:01:11 - [MESSAGE][PASSED] - Text '10' is set on object 'Object Repository/HealthpostToStore/Page_HealthPost Store/input_txttreat'

2018-05-22 12:01:11 - [TEST_STEP][PASSED] - click: Object: 'Object Repository/HealthpostToStore/Page_HealthPost Store/button_Add' is clicked on

2018-05-22 12:01:16 - [MESSAGE][PASSED] - Object: 'Object Repository/HealthpostToStore/Page_HealthPost Store/button_Add' is clicked on

2018-05-22 12:01:16 - [TEST_STEP][PASSED] - selectOptionByIndex: All options with index in [11] are selected on object 'Object Repository/HealthpostToStore/Page_HealthPost Store/select_--Select--Schedule 1Inj'

2018-05-22 12:01:16 - [MESSAGE][PASSED] - All options with index in [11] are selected on object 'Object Repository/HealthpostToStore/Page_HealthPost Store/select_--Select--Schedule 1Inj'

2018-05-22 12:01:16 - [TEST_STEP][PASSED] - selectOptionByIndex: All options with index in [11] are selected on object 'Object Repository/HealthpostToStore/Page_HealthPost Store/select_--Select--Adernaline 0.'

2018-05-22 12:01:16 - [MESSAGE][PASSED] - All options with index in [11] are selected on object 'Object Repository/HealthpostToStore/Page_HealthPost Store/select_--Select--Adernaline 0.'

2018-05-22 12:01:16 - [TEST_STEP][PASSED] - setText: Text '10' is set on object 'Object Repository/HealthpostToStore/Page_HealthPost Store/input_txttreat'

2018-05-22 12:01:16 - [MESSAGE][PASSED] - Text '10' is set on object 'Object Repository/HealthpostToStore/Page_HealthPost Store/input_txttreat'

2018-05-22 12:01:16 - [TEST_STEP][PASSED] - click: Object: 'Object Repository/HealthpostToStore/Page_HealthPost Store/button_Add' is clicked on

2018-05-22 12:01:21 - [MESSAGE][PASSED] - Object: 'Object Repository/HealthpostToStore/Page_HealthPost Store/button_Add' is clicked on

2018-05-22 12:01:21 - [TEST_STEP][PASSED] - selectOptionByIndex: All options with index in [11] are selected on object 'Object Repository/HealthpostToStore/Page_HealthPost Store/select_--Select--Schedule 1Inj'

2018-05-22 12:01:22 - [MESSAGE][PASSED] - All options with index in [11] are selected on object 'Object Repository/HealthpostToStore/Page_HealthPost Store/select_--Select--Schedule 1Inj'

2018-05-22 12:01:22 - [TEST_STEP][PASSED] - selectOptionByIndex: All options with index in [12] are selected on object 'Object Repository/HealthpostToStore/Page_HealthPost Store/select_--Select--Adernaline 0.'

2018-05-22 12:01:22 - [MESSAGE][PASSED] - All options with index in [12] are selected on object 'Object Repository/HealthpostToStore/Page_HealthPost Store/select_--Select--Adernaline 0.'

2018-05-22 12:01:22 - [TEST_STEP][PASSED] - setText: Text '10' is set on object 'Object Repository/HealthpostToStore/Page_HealthPost Store/input_txttreat'

2018-05-22 12:01:22 - [MESSAGE][PASSED] - Text '10' is set on object 'Object Repository/HealthpostToStore/Page_HealthPost Store/input_txttreat'

2018-05-22 12:01:22 - [TEST_STEP][PASSED] - click: Object: 'Object Repository/HealthpostToStore/Page_HealthPost Store/button_Add' is clicked on

2018-05-22 12:01:27 - [MESSAGE][PASSED] - Object: 'Object Repository/HealthpostToStore/Page_HealthPost Store/button_Add' is clicked on

2018-05-22 12:01:27 - [TEST_STEP][PASSED] - selectOptionByIndex: All options with index in [11] are selected on object 'Object Repository/HealthpostToStore/Page_HealthPost Store/select_--Select--Schedule 1Inj'

2018-05-22 12:01:27 - [MESSAGE][PASSED] - All options with index in [11] are selected on object 'Object Repository/HealthpostToStore/Page_HealthPost Store/select_--Select--Schedule 1Inj'

2018-05-22 12:01:27 - [TEST_STEP][PASSED] - selectOptionByIndex: All options with index in [13] are selected on object 'Object Repository/HealthpostToStore/Page_HealthPost Store/select_--Select--Adernaline 0.'

2018-05-22 12:01:28 - [MESSAGE][PASSED] - All options with index in [13] are selected on object 'Object Repository/HealthpostToStore/Page_HealthPost Store/select_--Select--Adernaline 0.'

2018-05-22 12:01:28 - [TEST_STEP][PASSED] - setText: Text '10' is set on object 'Object Repository/HealthpostToStore/Page_HealthPost Store/input_txttreat'

2018-05-22 12:01:28 - [MESSAGE][PASSED] - Text '10' is set on object 'Object Repository/HealthpostToStore/Page_HealthPost Store/input_txttreat'

2018-05-22 12:01:28 - [TEST_STEP][PASSED] - click: Object: 'Object Repository/HealthpostToStore/Page_HealthPost Store/button_Add' is clicked on

2018-05-22 12:01:33 - [MESSAGE][PASSED] - Object: 'Object Repository/HealthpostToStore/Page_HealthPost Store/button_Add' is clicked on

2018-05-22 12:01:33 - [TEST_STEP][PASSED] - selectOptionByIndex: All options with index in [11] are selected on object 'Object Repository/HealthpostToStore/Page_HealthPost Store/select_--Select--Schedule 1Inj'

2018-05-22 12:01:33 - [MESSAGE][PASSED] - All options with index in [11] are selected on object 'Object Repository/HealthpostToStore/Page_HealthPost Store/select_--Select--Schedule 1Inj'

2018-05-22 12:01:33 - [TEST_STEP][PASSED] - selectOptionByIndex: All options with index in [14] are selected on object 'Object Repository/HealthpostToStore/Page_HealthPost Store/select_--Select--Adernaline 0.'

2018-05-22 12:01:33 - [MESSAGE][PASSED] - All options with index in [14] are selected on object 'Object Repository/HealthpostToStore/Page_HealthPost Store/select_--Select--Adernaline 0.'

2018-05-22 12:01:33 - [TEST_STEP][PASSED] - setText: Text '10' is set on object 'Object Repository/HealthpostToStore/Page_HealthPost Store/input_txttreat'

2018-05-22 12:01:33 - [MESSAGE][PASSED] - Text '10' is set on object 'Object Repository/HealthpostToStore/Page_HealthPost Store/input_txttreat'

2018-05-22 12:01:33 - [TEST_STEP][PASSED] - click: Object: 'Object Repository/HealthpostToStore/Page_HealthPost Store/button_Add' is clicked on

2018-05-22 12:01:38 - [MESSAGE][PASSED] - Object: 'Object Repository/HealthpostToStore/Page_HealthPost Store/button_Add' is clicked on

2018-05-22 12:01:38 - [TEST_STEP][PASSED] - selectOptionByIndex: All options with index in [11] are selected on object 'Object Repository/HealthpostToStore/Page_HealthPost Store/select_--Select--Schedule 1Inj'

2018-05-22 12:01:39 - [MESSAGE][PASSED] - All options with index in [11] are selected on object 'Object Repository/HealthpostToStore/Page_HealthPost Store/select_--Select--Schedule 1Inj'

2018-05-22 12:01:39 - [TEST_STEP][PASSED] - selectOptionByIndex: All options with index in [15] are selected on object 'Object Repository/HealthpostToStore/Page_HealthPost Store/select_--Select--Adernaline 0.'

2018-05-22 12:01:39 - [MESSAGE][PASSED] - All options with index in [15] are selected on object 'Object Repository/HealthpostToStore/Page_HealthPost Store/select_--Select--Adernaline 0.'

2018-05-22 12:01:39 - [TEST_STEP][PASSED] - setText: Text '10' is set on object 'Object Repository/HealthpostToStore/Page_HealthPost Store/input_txttreat'

2018-05-22 12:01:39 - [MESSAGE][PASSED] - Text '10' is set on object 'Object Repository/HealthpostToStore/Page_HealthPost Store/input_txttreat'

2018-05-22 12:01:39 - [TEST_STEP][PASSED] - click: Object: 'Object Repository/HealthpostToStore/Page_HealthPost Store/button_Add' is clicked on

2018-05-22 12:01:44 - [MESSAGE][PASSED] - Object: 'Object Repository/HealthpostToStore/Page_HealthPost Store/button_Add' is clicked on

2018-05-22 12:01:44 - [TEST_STEP][PASSED] - selectOptionByIndex: All options with index in [11] are selected on object 'Object Repository/HealthpostToStore/Page_HealthPost Store/select_--Select--Schedule 1Inj'

2018-05-22 12:01:44 - [MESSAGE][PASSED] - All options with index in [11] are selected on object 'Object Repository/HealthpostToStore/Page_HealthPost Store/select_--Select--Schedule 1Inj'

2018-05-22 12:01:44 - [TEST_STEP][PASSED] - selectOptionByIndex: All options with index in [16] are selected on object 'Object Repository/HealthpostToStore/Page_HealthPost Store/select_--Select--Adernaline 0.'

2018-05-22 12:01:45 - [MESSAGE][PASSED] - All options with index in [16] are selected on object 'Object Repository/HealthpostToStore/Page_HealthPost Store/select_--Select--Adernaline 0.'

2018-05-22 12:01:45 - [TEST_STEP][PASSED] - setText: Text '10' is set on object 'Object Repository/HealthpostToStore/Page_HealthPost Store/input_txttreat'

2018-05-22 12:01:45 - [MESSAGE][PASSED] - Text '10' is set on object 'Object Repository/HealthpostToStore/Page_HealthPost Store/input_txttreat'

2018-05-22 12:01:45 - [TEST_STEP][PASSED] - click: Object: 'Object Repository/HealthpostToStore/Page_HealthPost Store/button_Add' is clicked on

2018-05-22 12:01:50 - [MESSAGE][PASSED] - Object: 'Object Repository/HealthpostToStore/Page_HealthPost Store/button_Add' is clicked on

2018-05-22 12:01:50 - [TEST_STEP][PASSED] - selectOptionByIndex: All options with index in [11] are selected on object 'Object Repository/HealthpostToStore/Page_HealthPost Store/select_--Select--Schedule 1Inj'

2018-05-22 12:01:50 - [MESSAGE][PASSED] - All options with index in [11] are selected on object 'Object Repository/HealthpostToStore/Page_HealthPost Store/select_--Select--Schedule 1Inj'

2018-05-22 12:01:50 - [TEST_STEP][PASSED] - selectOptionByIndex: All options with index in [17] are selected on object 'Object Repository/HealthpostToStore/Page_HealthPost Store/select_--Select--Adernaline 0.'

2018-05-22 12:01:50 - [MESSAGE][PASSED] - All options with index in [17] are selected on object 'Object Repository/HealthpostToStore/Page_HealthPost Store/select_--Select--Adernaline 0.'

2018-05-22 12:01:50 - [TEST_STEP][PASSED] - setText: Text '10' is set on object 'Object Repository/HealthpostToStore/Page_HealthPost Store/input_txttreat'

2018-05-22 12:01:50 - [MESSAGE][PASSED] - Text '10' is set on object 'Object Repository/HealthpostToStore/Page_HealthPost Store/input_txttreat'

2018-05-22 12:01:50 - [TEST_STEP][PASSED] - click: Object: 'Object Repository/HealthpostToStore/Page_HealthPost Store/button_Add' is clicked on

2018-05-22 12:01:55 - [MESSAGE][PASSED] - Object: 'Object Repository/HealthpostToStore/Page_HealthPost Store/button_Add' is clicked on

2018-05-22 12:01:55 - [TEST_STEP][PASSED] - selectOptionByIndex: All options with index in [11] are selected on object 'Object Repository/HealthpostToStore/Page_HealthPost Store/select_--Select--Schedule 1Inj'

2018-05-22 12:01:56 - [MESSAGE][PASSED] - All options with index in [11] are selected on object 'Object Repository/HealthpostToStore/Page_HealthPost Store/select_--Select--Schedule 1Inj'

2018-05-22 12:01:56 - [TEST_STEP][PASSED] - selectOptionByIndex: All options with index in [18] are selected on object 'Object Repository/HealthpostToStore/Page_HealthPost Store/select_--Select--Adernaline 0.'

2018-05-22 12:01:56 - [MESSAGE][PASSED] - All options with index in [18] are selected on object 'Object Repository/HealthpostToStore/Page_HealthPost Store/select_--Select--Adernaline 0.'

2018-05-22 12:01:56 - [TEST_STEP][PASSED] - setText: Text '10' is set on object 'Object Repository/HealthpostToStore/Page_HealthPost Store/input_txttreat'

2018-05-22 12:01:56 - [MESSAGE][PASSED] - Text '10' is set on object 'Object Repository/HealthpostToStore/Page_HealthPost Store/input_txttreat'

2018-05-22 12:01:56 - [TEST_STEP][PASSED] - click: Object: 'Object Repository/HealthpostToStore/Page_HealthPost Store/button_Add' is clicked on

2018-05-22 12:02:01 - [MESSAGE][PASSED] - Object: 'Object Repository/HealthpostToStore/Page_HealthPost Store/button_Add' is clicked on

2018-05-22 12:02:01 - [TEST_STEP][PASSED] - selectOptionByIndex: All options with index in [11] are selected on object 'Object Repository/HealthpostToStore/Page_HealthPost Store/select_--Select--Schedule 1Inj'

2018-05-22 12:02:01 - [MESSAGE][PASSED] - All options with index in [11] are selected on object 'Object Repository/HealthpostToStore/Page_HealthPost Store/select_--Select--Schedule 1Inj'

2018-05-22 12:02:01 - [TEST_STEP][PASSED] - selectOptionByIndex: All options with index in [19] are selected on object 'Object Repository/HealthpostToStore/Page_HealthPost Store/select_--Select--Adernaline 0.'

2018-05-22 12:02:02 - [MESSAGE][PASSED] - All options with index in [19] are selected on object 'Object Repository/HealthpostToStore/Page_HealthPost Store/select_--Select--Adernaline 0.'

2018-05-22 12:02:02 - [TEST_STEP][PASSED] - setText: Text '10' is set on object 'Object Repository/HealthpostToStore/Page_HealthPost Store/input_txttreat'

2018-05-22 12:02:02 - [MESSAGE][PASSED] - Text '10' is set on object 'Object Repository/HealthpostToStore/Page_HealthPost Store/input_txttreat'

2018-05-22 12:02:02 - [TEST_STEP][PASSED] - click: Object: 'Object Repository/HealthpostToStore/Page_HealthPost Store/button_Add' is clicked on

2018-05-22 12:02:07 - [MESSAGE][PASSED] - Object: 'Object Repository/HealthpostToStore/Page_HealthPost Store/button_Add' is clicked on

2018-05-22 12:02:07 - [TEST_STEP][PASSED] - selectOptionByIndex: All options with index in [11] are selected on object 'Object Repository/HealthpostToStore/Page_HealthPost Store/select_--Select--Schedule 1Inj'

2018-05-22 12:02:07 - [MESSAGE][PASSED] - All options with index in [11] are selected on object 'Object Repository/HealthpostToStore/Page_HealthPost Store/select_--Select--Schedule 1Inj'

2018-05-22 12:02:07 - [TEST_STEP][PASSED] - selectOptionByIndex: All options with index in [20] are selected on object 'Object Repository/HealthpostToStore/Page_HealthPost Store/select_--Select--Adernaline 0.'

2018-05-22 12:02:07 - [MESSAGE][PASSED] - All options with index in [20] are selected on object 'Object Repository/HealthpostToStore/Page_HealthPost Store/select_--Select--Adernaline 0.'

2018-05-22 12:02:07 - [TEST_STEP][PASSED] - setText: Text '10' is set on object 'Object Repository/HealthpostToStore/Page_HealthPost Store/input_txttreat'

2018-05-22 12:02:07 - [MESSAGE][PASSED] - Text '10' is set on object 'Object Repository/HealthpostToStore/Page_HealthPost Store/input_txttreat'

2018-05-22 12:02:07 - [TEST_STEP][PASSED] - click: Object: 'Object Repository/HealthpostToStore/Page_HealthPost Store/button_Add' is clicked on

2018-05-22 12:02:13 - [MESSAGE][PASSED] - Object: 'Object Repository/HealthpostToStore/Page_HealthPost Store/button_Add' is clicked on

2018-05-22 12:02:13 - [TEST_STEP][PASSED] - selectOptionByIndex: All options with index in [11] are selected on object 'Object Repository/HealthpostToStore/Page_HealthPost Store/select_--Select--Schedule 1Inj'

2018-05-22 12:02:13 - [MESSAGE][PASSED] - All options with index in [11] are selected on object 'Object Repository/HealthpostToStore/Page_HealthPost Store/select_--Select--Schedule 1Inj'

2018-05-22 12:02:13 - [TEST_STEP][PASSED] - selectOptionByIndex: All options with index in [21] are selected on object 'Object Repository/HealthpostToStore/Page_HealthPost Store/select_--Select--Adernaline 0.'

2018-05-22 12:02:13 - [MESSAGE][PASSED] - All options with index in [21] are selected on object 'Object Repository/HealthpostToStore/Page_HealthPost Store/select_--Select--Adernaline 0.'

2018-05-22 12:02:13 - [TEST_STEP][PASSED] - setText: Text '10' is set on object 'Object Repository/HealthpostToStore/Page_HealthPost Store/input_txttreat'

2018-05-22 12:02:13 - [MESSAGE][PASSED] - Text '10' is set on object 'Object Repository/HealthpostToStore/Page_HealthPost Store/input_txttreat'

2018-05-22 12:02:13 - [TEST_STEP][PASSED] - click: Object: 'Object Repository/HealthpostToStore/Page_HealthPost Store/button_Add' is clicked on

2018-05-22 12:02:18 - [MESSAGE][PASSED] - Object: 'Object Repository/HealthpostToStore/Page_HealthPost Store/button_Add' is clicked on

2018-05-22 12:02:18 - [TEST_STEP][PASSED] - selectOptionByIndex: All options with index in [11] are selected on object 'Object Repository/HealthpostToStore/Page_HealthPost Store/select_--Select--Schedule 1Inj'

2018-05-22 12:02:19 - [MESSAGE][PASSED] - All options with index in [11] are selected on object 'Object Repository/HealthpostToStore/Page_HealthPost Store/select_--Select--Schedule 1Inj'

2018-05-22 12:02:19 - [TEST_STEP][PASSED] - selectOptionByIndex: All options with index in [22] are selected on object 'Object Repository/HealthpostToStore/Page_HealthPost Store/select_--Select--Adernaline 0.'

2018-05-22 12:02:19 - [MESSAGE][PASSED] - All options with index in [22] are selected on object 'Object Repository/HealthpostToStore/Page_HealthPost Store/select_--Select--Adernaline 0.'

2018-05-22 12:02:19 - [TEST_STEP][PASSED] - setText: Text '10' is set on object 'Object Repository/HealthpostToStore/Page_HealthPost Store/input_txttreat'

2018-05-22 12:02:19 - [MESSAGE][PASSED] - Text '10' is set on object 'Object Repository/HealthpostToStore/Page_HealthPost Store/input_txttreat'

2018-05-22 12:02:19 - [TEST_STEP][PASSED] - click: Object: 'Object Repository/HealthpostToStore/Page_HealthPost Store/button_Add' is clicked on

2018-05-22 12:02:24 - [MESSAGE][PASSED] - Object: 'Object Repository/HealthpostToStore/Page_HealthPost Store/button_Add' is clicked on

2018-05-22 12:02:24 - [TEST_STEP][PASSED] - selectOptionByIndex: All options with index in [11] are selected on object 'Object Repository/HealthpostToStore/Page_HealthPost Store/select_--Select--Schedule 1Inj'

2018-05-22 12:02:24 - [MESSAGE][PASSED] - All options with index in [11] are selected on object 'Object Repository/HealthpostToStore/Page_HealthPost Store/select_--Select--Schedule 1Inj'

2018-05-22 12:02:24 - [TEST_STEP][PASSED] - selectOptionByIndex: All options with index in [23] are selected on object 'Object Repository/HealthpostToStore/Page_HealthPost Store/select_--Select--Adernaline 0.'

2018-05-22 12:02:25 - [MESSAGE][PASSED] - All options with index in [23] are selected on object 'Object Repository/HealthpostToStore/Page_HealthPost Store/select_--Select--Adernaline 0.'

2018-05-22 12:02:25 - [TEST_STEP][PASSED] - setText: Text '10' is set on object 'Object Repository/HealthpostToStore/Page_HealthPost Store/input_txttreat'

2018-05-22 12:02:25 - [MESSAGE][PASSED] - Text '10' is set on object 'Object Repository/HealthpostToStore/Page_HealthPost Store/input_txttreat'

2018-05-22 12:02:25 - [TEST_STEP][PASSED] - click: Object: 'Object Repository/HealthpostToStore/Page_HealthPost Store/button_Add' is clicked on

2018-05-22 12:02:30 - [MESSAGE][PASSED] - Object: 'Object Repository/HealthpostToStore/Page_HealthPost Store/button_Add' is clicked on

2018-05-22 12:02:30 - [TEST_STEP][PASSED] - selectOptionByIndex: All options with index in [11] are selected on object 'Object Repository/HealthpostToStore/Page_HealthPost Store/select_--Select--Schedule 1Inj'

2018-05-22 12:02:30 - [MESSAGE][PASSED] - All options with index in [11] are selected on object 'Object Repository/HealthpostToStore/Page_HealthPost Store/select_--Select--Schedule 1Inj'

2018-05-22 12:02:30 - [TEST_STEP][PASSED] - selectOptionByIndex: All options with index in [24] are selected on object 'Object Repository/HealthpostToStore/Page_HealthPost Store/select_--Select--Adernaline 0.'

2018-05-22 12:02:30 - [MESSAGE][PASSED] - All options with index in [24] are selected on object 'Object Repository/HealthpostToStore/Page_HealthPost Store/select_--Select--Adernaline 0.'

2018-05-22 12:02:30 - [TEST_STEP][PASSED] - setText: Text '10' is set on object 'Object Repository/HealthpostToStore/Page_HealthPost Store/input_txttreat'

2018-05-22 12:02:31 - [MESSAGE][PASSED] - Text '10' is set on object 'Object Repository/HealthpostToStore/Page_HealthPost Store/input_txttreat'

2018-05-22 12:02:31 - [TEST_STEP][PASSED] - click: Object: 'Object Repository/HealthpostToStore/Page_HealthPost Store/button_Add' is clicked on

2018-05-22 12:02:36 - [MESSAGE][PASSED] - Object: 'Object Repository/HealthpostToStore/Page_HealthPost Store/button_Add' is clicked on

2018-05-22 12:02:36 - [TEST_STEP][PASSED] - selectOptionByIndex: All options with index in [11] are selected on object 'Object Repository/HealthpostToStore/Page_HealthPost Store/select_--Select--Schedule 1Inj'

2018-05-22 12:02:36 - [MESSAGE][PASSED] - All options with index in [11] are selected on object 'Object Repository/HealthpostToStore/Page_HealthPost Store/select_--Select--Schedule 1Inj'

2018-05-22 12:02:36 - [TEST_STEP][PASSED] - selectOptionByIndex: All options with index in [25] are selected on object 'Object Repository/HealthpostToStore/Page_HealthPost Store/select_--Select--Adernaline 0.'

2018-05-22 12:02:36 - [MESSAGE][PASSED] - All options with index in [25] are selected on object 'Object Repository/HealthpostToStore/Page_HealthPost Store/select_--Select--Adernaline 0.'

2018-05-22 12:02:36 - [TEST_STEP][PASSED] - setText: Text '10' is set on object 'Object Repository/HealthpostToStore/Page_HealthPost Store/input_txttreat'

2018-05-22 12:02:36 - [MESSAGE][PASSED] - Text '10' is set on object 'Object Repository/HealthpostToStore/Page_HealthPost Store/input_txttreat'

2018-05-22 12:02:36 - [TEST_STEP][PASSED] - click: Object: 'Object Repository/HealthpostToStore/Page_HealthPost Store/button_Add' is clicked on

2018-05-22 12:02:41 - [MESSAGE][PASSED] - Object: 'Object Repository/HealthpostToStore/Page_HealthPost Store/button_Add' is clicked on

2018-05-22 12:02:41 - [TEST_STEP][PASSED] - selectOptionByIndex: All options with index in [11] are selected on object 'Object Repository/HealthpostToStore/Page_HealthPost Store/select_--Select--Schedule 1Inj'

2018-05-22 12:02:42 - [MESSAGE][PASSED] - All options with index in [11] are selected on object 'Object Repository/HealthpostToStore/Page_HealthPost Store/select_--Select--Schedule 1Inj'

2018-05-22 12:02:42 - [TEST_STEP][PASSED] - selectOptionByIndex: All options with index in [26] are selected on object 'Object Repository/HealthpostToStore/Page_HealthPost Store/select_--Select--Adernaline 0.'

2018-05-22 12:02:42 - [MESSAGE][PASSED] - All options with index in [26] are selected on object 'Object Repository/HealthpostToStore/Page_HealthPost Store/select_--Select--Adernaline 0.'

2018-05-22 12:02:42 - [TEST_STEP][PASSED] - setText: Text '10' is set on object 'Object Repository/HealthpostToStore/Page_HealthPost Store/input_txttreat'

2018-05-22 12:02:42 - [MESSAGE][PASSED] - Text '10' is set on object 'Object Repository/HealthpostToStore/Page_HealthPost Store/input_txttreat'

2018-05-22 12:02:42 - [TEST_STEP][PASSED] - click: Object: 'Object Repository/HealthpostToStore/Page_HealthPost Store/button_Add' is clicked on

2018-05-22 12:02:47 - [MESSAGE][PASSED] - Object: 'Object Repository/HealthpostToStore/Page_HealthPost Store/button_Add' is clicked on

2018-05-22 12:02:47 - [TEST_STEP][PASSED] - selectOptionByIndex: All options with index in [11] are selected on object 'Object Repository/HealthpostToStore/Page_HealthPost Store/select_--Select--Schedule 1Inj'

2018-05-22 12:02:47 - [MESSAGE][PASSED] - All options with index in [11] are selected on object 'Object Repository/HealthpostToStore/Page_HealthPost Store/select_--Select--Schedule 1Inj'

2018-05-22 12:02:47 - [TEST_STEP][PASSED] - selectOptionByIndex: All options with index in [27] are selected on object 'Object Repository/HealthpostToStore/Page_HealthPost Store/select_--Select--Adernaline 0.'

2018-05-22 12:02:48 - [MESSAGE][PASSED] - All options with index in [27] are selected on object 'Object Repository/HealthpostToStore/Page_HealthPost Store/select_--Select--Adernaline 0.'

2018-05-22 12:02:48 - [TEST_STEP][PASSED] - setText: Text '10' is set on object 'Object Repository/HealthpostToStore/Page_HealthPost Store/input_txttreat'

2018-05-22 12:02:48 - [MESSAGE][PASSED] - Text '10' is set on object 'Object Repository/HealthpostToStore/Page_HealthPost Store/input_txttreat'

2018-05-22 12:02:48 - [TEST_STEP][PASSED] - click: Object: 'Object Repository/HealthpostToStore/Page_HealthPost Store/button_Add' is clicked on

2018-05-22 12:02:53 - [MESSAGE][PASSED] - Object: 'Object Repository/HealthpostToStore/Page_HealthPost Store/button_Add' is clicked on

2018-05-22 12:02:53 - [TEST_STEP][PASSED] - selectOptionByIndex: All options with index in [11] are selected on object 'Object Repository/HealthpostToStore/Page_HealthPost Store/select_--Select--Schedule 1Inj'

2018-05-22 12:02:53 - [MESSAGE][PASSED] - All options with index in [11] are selected on object 'Object Repository/HealthpostToStore/Page_HealthPost Store/select_--Select--Schedule 1Inj'

2018-05-22 12:02:53 - [TEST_STEP][PASSED] - selectOptionByIndex: All options with index in [28] are selected on object 'Object Repository/HealthpostToStore/Page_HealthPost Store/select_--Select--Adernaline 0.'

2018-05-22 12:02:54 - [MESSAGE][PASSED] - All options with index in [28] are selected on object 'Object Repository/HealthpostToStore/Page_HealthPost Store/select_--Select--Adernaline 0.'

2018-05-22 12:02:54 - [TEST_STEP][PASSED] - setText: Text '10' is set on object 'Object Repository/HealthpostToStore/Page_HealthPost Store/input_txttreat'

2018-05-22 12:02:54 - [MESSAGE][PASSED] - Text '10' is set on object 'Object Repository/HealthpostToStore/Page_HealthPost Store/input_txttreat'

2018-05-22 12:02:54 - [TEST_STEP][PASSED] - click: Object: 'Object Repository/HealthpostToStore/Page_HealthPost Store/button_Add' is clicked on

2018-05-22 12:02:59 - [MESSAGE][PASSED] - Object: 'Object Repository/HealthpostToStore/Page_HealthPost Store/button_Add' is clicked on

2018-05-22 12:02:59 - [TEST_STEP][PASSED] - selectOptionByIndex: All options with index in [11] are selected on object 'Object Repository/HealthpostToStore/Page_HealthPost Store/select_--Select--Schedule 1Inj'

2018-05-22 12:02:59 - [MESSAGE][PASSED] - All options with index in [11] are selected on object 'Object Repository/HealthpostToStore/Page_HealthPost Store/select_--Select--Schedule 1Inj'

2018-05-22 12:02:59 - [TEST_STEP][PASSED] - selectOptionByIndex: All options with index in [29] are selected on object 'Object Repository/HealthpostToStore/Page_HealthPost Store/select_--Select--Adernaline 0.'

2018-05-22 12:02:59 - [MESSAGE][PASSED] - All options with index in [29] are selected on object 'Object Repository/HealthpostToStore/Page_HealthPost Store/select_--Select--Adernaline 0.'

2018-05-22 12:02:59 - [TEST_STEP][PASSED] - setText: Text '10' is set on object 'Object Repository/HealthpostToStore/Page_HealthPost Store/input_txttreat'

2018-05-22 12:02:59 - [MESSAGE][PASSED] - Text '10' is set on object 'Object Repository/HealthpostToStore/Page_HealthPost Store/input_txttreat'

2018-05-22 12:02:59 - [TEST_STEP][PASSED] - click: Object: 'Object Repository/HealthpostToStore/Page_HealthPost Store/button_Add' is clicked on

2018-05-22 12:03:05 - [MESSAGE][PASSED] - Object: 'Object Repository/HealthpostToStore/Page_HealthPost Store/button_Add' is clicked on

2018-05-22 12:03:05 - [TEST_STEP][PASSED] - selectOptionByIndex: All options with index in [11] are selected on object 'Object Repository/HealthpostToStore/Page_HealthPost Store/select_--Select--Schedule 1Inj'

2018-05-22 12:03:05 - [MESSAGE][PASSED] - All options with index in [11] are selected on object 'Object Repository/HealthpostToStore/Page_HealthPost Store/select_--Select--Schedule 1Inj'

2018-05-22 12:03:05 - [TEST_STEP][PASSED] - selectOptionByIndex: All options with index in [30] are selected on object 'Object Repository/HealthpostToStore/Page_HealthPost Store/select_--Select--Adernaline 0.'

2018-05-22 12:03:05 - [MESSAGE][PASSED] - All options with index in [30] are selected on object 'Object Repository/HealthpostToStore/Page_HealthPost Store/select_--Select--Adernaline 0.'

2018-05-22 12:03:05 - [TEST_STEP][PASSED] - setText: Text '10' is set on object 'Object Repository/HealthpostToStore/Page_HealthPost Store/input_txttreat'

2018-05-22 12:03:05 - [MESSAGE][PASSED] - Text '10' is set on object 'Object Repository/HealthpostToStore/Page_HealthPost Store/input_txttreat'

2018-05-22 12:03:05 - [TEST_STEP][PASSED] - click: Object: 'Object Repository/HealthpostToStore/Page_HealthPost Store/button_Add' is clicked on

2018-05-22 12:03:10 - [MESSAGE][PASSED] - Object: 'Object Repository/HealthpostToStore/Page_HealthPost Store/button_Add' is clicked on

2018-05-22 12:03:10 - [TEST_STEP][PASSED] - selectOptionByIndex: All options with index in [11] are selected on object 'Object Repository/HealthpostToStore/Page_HealthPost Store/select_--Select--Schedule 1Inj'

2018-05-22 12:03:11 - [MESSAGE][PASSED] - All options with index in [11] are selected on object 'Object Repository/HealthpostToStore/Page_HealthPost Store/select_--Select--Schedule 1Inj'

2018-05-22 12:03:11 - [TEST_STEP][PASSED] - selectOptionByIndex: All options with index in [31] are selected on object 'Object Repository/HealthpostToStore/Page_HealthPost Store/select_--Select--Adernaline 0.'

2018-05-22 12:03:11 - [MESSAGE][PASSED] - All options with index in [31] are selected on object 'Object Repository/HealthpostToStore/Page_HealthPost Store/select_--Select--Adernaline 0.'

2018-05-22 12:03:11 - [TEST_STEP][PASSED] - setText: Text '10' is set on object 'Object Repository/HealthpostToStore/Page_HealthPost Store/input_txttreat'

2018-05-22 12:03:11 - [MESSAGE][PASSED] - Text '10' is set on object 'Object Repository/HealthpostToStore/Page_HealthPost Store/input_txttreat'

2018-05-22 12:03:11 - [TEST_STEP][PASSED] - click: Object: 'Object Repository/HealthpostToStore/Page_HealthPost Store/button_Add' is clicked on

2018-05-22 12:03:16 - [MESSAGE][PASSED] - Object: 'Object Repository/HealthpostToStore/Page_HealthPost Store/button_Add' is clicked on

2018-05-22 12:03:16 - [TEST_STEP][PASSED] - selectOptionByIndex: All options with index in [11] are selected on object 'Object Repository/HealthpostToStore/Page_HealthPost Store/select_--Select--Schedule 1Inj'

2018-05-22 12:03:16 - [MESSAGE][PASSED] - All options with index in [11] are selected on object 'Object Repository/HealthpostToStore/Page_HealthPost Store/select_--Select--Schedule 1Inj'

2018-05-22 12:03:16 - [TEST_STEP][PASSED] - selectOptionByIndex: All options with index in [32] are selected on object 'Object Repository/HealthpostToStore/Page_HealthPost Store/select_--Select--Adernaline 0.'

2018-05-22 12:03:17 - [MESSAGE][PASSED] - All options with index in [32] are selected on object 'Object Repository/HealthpostToStore/Page_HealthPost Store/select_--Select--Adernaline 0.'

2018-05-22 12:03:17 - [TEST_STEP][PASSED] - setText: Text '10' is set on object 'Object Repository/HealthpostToStore/Page_HealthPost Store/input_txttreat'

2018-05-22 12:03:17 - [MESSAGE][PASSED] - Text '10' is set on object 'Object Repository/HealthpostToStore/Page_HealthPost Store/input_txttreat'

2018-05-22 12:03:17 - [TEST_STEP][PASSED] - click: Object: 'Object Repository/HealthpostToStore/Page_HealthPost Store/button_Add' is clicked on

2018-05-22 12:03:22 - [MESSAGE][PASSED] - Object: 'Object Repository/HealthpostToStore/Page_HealthPost Store/button_Add' is clicked on

2018-05-22 12:03:22 - [TEST_STEP][PASSED] - selectOptionByIndex: All options with index in [11] are selected on object 'Object Repository/HealthpostToStore/Page_HealthPost Store/select_--Select--Schedule 1Inj'

2018-05-22 12:03:22 - [MESSAGE][PASSED] - All options with index in [11] are selected on object 'Object Repository/HealthpostToStore/Page_HealthPost Store/select_--Select--Schedule 1Inj'

2018-05-22 12:03:22 - [TEST_STEP][PASSED] - selectOptionByIndex: All options with index in [33] are selected on object 'Object Repository/HealthpostToStore/Page_HealthPost Store/select_--Select--Adernaline 0.'

2018-05-22 12:03:23 - [MESSAGE][PASSED] - All options with index in [33] are selected on object 'Object Repository/HealthpostToStore/Page_HealthPost Store/select_--Select--Adernaline 0.'

2018-05-22 12:03:23 - [TEST_STEP][PASSED] - setText: Text '10' is set on object 'Object Repository/HealthpostToStore/Page_HealthPost Store/input_txttreat'

2018-05-22 12:03:23 - [MESSAGE][PASSED] - Text '10' is set on object 'Object Repository/HealthpostToStore/Page_HealthPost Store/input_txttreat'

2018-05-22 12:03:23 - [TEST_STEP][PASSED] - click: Object: 'Object Repository/HealthpostToStore/Page_HealthPost Store/button_Add' is clicked on

2018-05-22 12:03:28 - [MESSAGE][PASSED] - Object: 'Object Repository/HealthpostToStore/Page_HealthPost Store/button_Add' is clicked on

2018-05-22 12:03:28 - [TEST_STEP][PASSED] - selectOptionByIndex: All options with index in [11] are selected on object 'Object Repository/HealthpostToStore/Page_HealthPost Store/select_--Select--Schedule 1Inj'

2018-05-22 12:03:28 - [MESSAGE][PASSED] - All options with index in [11] are selected on object 'Object Repository/HealthpostToStore/Page_HealthPost Store/select_--Select--Schedule 1Inj'

2018-05-22 12:03:28 - [TEST_STEP][PASSED] - selectOptionByIndex: All options with index in [34] are selected on object 'Object Repository/HealthpostToStore/Page_HealthPost Store/select_--Select--Adernaline 0.'

2018-05-22 12:03:28 - [MESSAGE][PASSED] - All options with index in [34] are selected on object 'Object Repository/HealthpostToStore/Page_HealthPost Store/select_--Select--Adernaline 0.'

2018-05-22 12:03:28 - [TEST_STEP][PASSED] - setText: Text '10' is set on object 'Object Repository/HealthpostToStore/Page_HealthPost Store/input_txttreat'

2018-05-22 12:03:29 - [MESSAGE][PASSED] - Text '10' is set on object 'Object Repository/HealthpostToStore/Page_HealthPost Store/input_txttreat'

2018-05-22 12:03:29 - [TEST_STEP][PASSED] - click: Object: 'Object Repository/HealthpostToStore/Page_HealthPost Store/button_Add' is clicked on

2018-05-22 12:03:34 - [MESSAGE][PASSED] - Object: 'Object Repository/HealthpostToStore/Page_HealthPost Store/button_Add' is clicked on

2018-05-22 12:03:34 - [TEST_STEP][PASSED] - selectOptionByIndex: All options with index in [11] are selected on object 'Object Repository/HealthpostToStore/Page_HealthPost Store/select_--Select--Schedule 1Inj'

2018-05-22 12:03:34 - [MESSAGE][PASSED] - All options with index in [11] are selected on object 'Object Repository/HealthpostToStore/Page_HealthPost Store/select_--Select--Schedule 1Inj'

2018-05-22 12:03:34 - [TEST_STEP][PASSED] - selectOptionByIndex: All options with index in [35] are selected on object 'Object Repository/HealthpostToStore/Page_HealthPost Store/select_--Select--Adernaline 0.'

2018-05-22 12:03:34 - [MESSAGE][PASSED] - All options with index in [35] are selected on object 'Object Repository/HealthpostToStore/Page_HealthPost Store/select_--Select--Adernaline 0.'

2018-05-22 12:03:34 - [TEST_STEP][PASSED] - setText: Text '10' is set on object 'Object Repository/HealthpostToStore/Page_HealthPost Store/input_txttreat'

2018-05-22 12:03:34 - [MESSAGE][PASSED] - Text '10' is set on object 'Object Repository/HealthpostToStore/Page_HealthPost Store/input_txttreat'

2018-05-22 12:03:34 - [TEST_STEP][PASSED] - click: Object: 'Object Repository/HealthpostToStore/Page_HealthPost Store/button_Add' is clicked on

2018-05-22 12:03:39 - [MESSAGE][PASSED] - Object: 'Object Repository/HealthpostToStore/Page_HealthPost Store/button_Add' is clicked on

2018-05-22 12:03:39 - [TEST_STEP][PASSED] - selectOptionByIndex: All options with index in [11] are selected on object 'Object Repository/HealthpostToStore/Page_HealthPost Store/select_--Select--Schedule 1Inj'

2018-05-22 12:03:40 - [MESSAGE][PASSED] - All options with index in [11] are selected on object 'Object Repository/HealthpostToStore/Page_HealthPost Store/select_--Select--Schedule 1Inj'

2018-05-22 12:03:40 - [TEST_STEP][PASSED] - selectOptionByIndex: All options with index in [36] are selected on object 'Object Repository/HealthpostToStore/Page_HealthPost Store/select_--Select--Adernaline 0.'

2018-05-22 12:03:40 - [MESSAGE][PASSED] - All options with index in [36] are selected on object 'Object Repository/HealthpostToStore/Page_HealthPost Store/select_--Select--Adernaline 0.'

2018-05-22 12:03:40 - [TEST_STEP][PASSED] - setText: Text '10' is set on object 'Object Repository/HealthpostToStore/Page_HealthPost Store/input_txttreat'

2018-05-22 12:03:40 - [MESSAGE][PASSED] - Text '10' is set on object 'Object Repository/HealthpostToStore/Page_HealthPost Store/input_txttreat'

2018-05-22 12:03:40 - [TEST_STEP][PASSED] - click: Object: 'Object Repository/HealthpostToStore/Page_HealthPost Store/button_Add' is clicked on

2018-05-22 12:03:45 - [MESSAGE][PASSED] - Object: 'Object Repository/HealthpostToStore/Page_HealthPost Store/button_Add' is clicked on

2018-05-22 12:03:45 - [TEST_STEP][PASSED] - selectOptionByIndex: All options with index in [11] are selected on object 'Object Repository/HealthpostToStore/Page_HealthPost Store/select_--Select--Schedule 1Inj'

2018-05-22 12:03:45 - [MESSAGE][PASSED] - All options with index in [11] are selected on object 'Object Repository/HealthpostToStore/Page_HealthPost Store/select_--Select--Schedule 1Inj'

2018-05-22 12:03:45 - [TEST_STEP][PASSED] - selectOptionByIndex: All options with index in [37] are selected on object 'Object Repository/HealthpostToStore/Page_HealthPost Store/select_--Select--Adernaline 0.'

2018-05-22 12:03:46 - [MESSAGE][PASSED] - All options with index in [37] are selected on object 'Object Repository/HealthpostToStore/Page_HealthPost Store/select_--Select--Adernaline 0.'

2018-05-22 12:03:46 - [TEST_STEP][PASSED] - setText: Text '10' is set on object 'Object Repository/HealthpostToStore/Page_HealthPost Store/input_txttreat'

2018-05-22 12:03:46 - [MESSAGE][PASSED] - Text '10' is set on object 'Object Repository/HealthpostToStore/Page_HealthPost Store/input_txttreat'

2018-05-22 12:03:46 - [TEST_STEP][PASSED] - click: Object: 'Object Repository/HealthpostToStore/Page_HealthPost Store/button_Add' is clicked on

2018-05-22 12:03:51 - [MESSAGE][PASSED] - Object: 'Object Repository/HealthpostToStore/Page_HealthPost Store/button_Add' is clicked on

2018-05-22 12:03:51 - [TEST_STEP][PASSED] - selectOptionByIndex: All options with index in [11] are selected on object 'Object Repository/HealthpostToStore/Page_HealthPost Store/select_--Select--Schedule 1Inj'

2018-05-22 12:03:51 - [MESSAGE][PASSED] - All options with index in [11] are selected on object 'Object Repository/HealthpostToStore/Page_HealthPost Store/select_--Select--Schedule 1Inj'

2018-05-22 12:03:51 - [TEST_STEP][PASSED] - selectOptionByIndex: All options with index in [38] are selected on object 'Object Repository/HealthpostToStore/Page_HealthPost Store/select_--Select--Adernaline 0.'

2018-05-22 12:03:52 - [MESSAGE][PASSED] - All options with index in [38] are selected on object 'Object Repository/HealthpostToStore/Page_HealthPost Store/select_--Select--Adernaline 0.'

2018-05-22 12:03:52 - [TEST_STEP][PASSED] - setText: Text '10' is set on object 'Object Repository/HealthpostToStore/Page_HealthPost Store/input_txttreat'

2018-05-22 12:03:52 - [MESSAGE][PASSED] - Text '10' is set on object 'Object Repository/HealthpostToStore/Page_HealthPost Store/input_txttreat'

2018-05-22 12:03:52 - [TEST_STEP][PASSED] - click: Object: 'Object Repository/HealthpostToStore/Page_HealthPost Store/button_Add' is clicked on

2018-05-22 12:03:57 - [MESSAGE][PASSED] - Object: 'Object Repository/HealthpostToStore/Page_HealthPost Store/button_Add' is clicked on

2018-05-22 12:03:57 - [TEST_STEP][PASSED] - selectOptionByIndex: All options with index in [11] are selected on object 'Object Repository/HealthpostToStore/Page_HealthPost Store/select_--Select--Schedule 1Inj'

2018-05-22 12:03:57 - [MESSAGE][PASSED] - All options with index in [11] are selected on object 'Object Repository/HealthpostToStore/Page_HealthPost Store/select_--Select--Schedule 1Inj'

2018-05-22 12:03:57 - [TEST_STEP][PASSED] - selectOptionByIndex: All options with index in [39] are selected on object 'Object Repository/HealthpostToStore/Page_HealthPost Store/select_--Select--Adernaline 0.'

2018-05-22 12:03:58 - [MESSAGE][PASSED] - All options with index in [39] are selected on object 'Object Repository/HealthpostToStore/Page_HealthPost Store/select_--Select--Adernaline 0.'

2018-05-22 12:03:58 - [TEST_STEP][PASSED] - setText: Text '10' is set on object 'Object Repository/HealthpostToStore/Page_HealthPost Store/input_txttreat'

2018-05-22 12:03:58 - [MESSAGE][PASSED] - Text '10' is set on object 'Object Repository/HealthpostToStore/Page_HealthPost Store/input_txttreat'

2018-05-22 12:03:58 - [TEST_STEP][PASSED] - click: Object: 'Object Repository/HealthpostToStore/Page_HealthPost Store/button_Add' is clicked on

2018-05-22 12:04:03 - [MESSAGE][PASSED] - Object: 'Object Repository/HealthpostToStore/Page_HealthPost Store/button_Add' is clicked on

2018-05-22 12:04:03 - [TEST_STEP][PASSED] - selectOptionByIndex: All options with index in [11] are selected on object 'Object Repository/HealthpostToStore/Page_HealthPost Store/select_--Select--Schedule 1Inj'

2018-05-22 12:04:03 - [MESSAGE][PASSED] - All options with index in [11] are selected on object 'Object Repository/HealthpostToStore/Page_HealthPost Store/select_--Select--Schedule 1Inj'

2018-05-22 12:04:03 - [TEST_STEP][PASSED] - selectOptionByIndex: All options with index in [40] are selected on object 'Object Repository/HealthpostToStore/Page_HealthPost Store/select_--Select--Adernaline 0.'

2018-05-22 12:04:04 - [MESSAGE][PASSED] - All options with index in [40] are selected on object 'Object Repository/HealthpostToStore/Page_HealthPost Store/select_--Select--Adernaline 0.'

2018-05-22 12:04:04 - [TEST_STEP][PASSED] - setText: Text '10' is set on object 'Object Repository/HealthpostToStore/Page_HealthPost Store/input_txttreat'

2018-05-22 12:04:04 - [MESSAGE][PASSED] - Text '10' is set on object 'Object Repository/HealthpostToStore/Page_HealthPost Store/input_txttreat'

2018-05-22 12:04:04 - [TEST_STEP][PASSED] - click: Object: 'Object Repository/HealthpostToStore/Page_HealthPost Store/button_Add' is clicked on

2018-05-22 12:04:09 - [MESSAGE][PASSED] - Object: 'Object Repository/HealthpostToStore/Page_HealthPost Store/button_Add' is clicked on

2018-05-22 12:04:09 - [TEST_STEP][PASSED] - selectOptionByIndex: All options with index in [11] are selected on object 'Object Repository/HealthpostToStore/Page_HealthPost Store/select_--Select--Schedule 1Inj'

2018-05-22 12:04:09 - [MESSAGE][PASSED] - All options with index in [11] are selected on object 'Object Repository/HealthpostToStore/Page_HealthPost Store/select_--Select--Schedule 1Inj'

2018-05-22 12:04:09 - [TEST_STEP][PASSED] - selectOptionByIndex: All options with index in [41] are selected on object 'Object Repository/HealthpostToStore/Page_HealthPost Store/select_--Select--Adernaline 0.'

2018-05-22 12:04:09 - [MESSAGE][PASSED] - All options with index in [41] are selected on object 'Object Repository/HealthpostToStore/Page_HealthPost Store/select_--Select--Adernaline 0.'

2018-05-22 12:04:09 - [TEST_STEP][PASSED] - setText: Text '10' is set on object 'Object Repository/HealthpostToStore/Page_HealthPost Store/input_txttreat'

2018-05-22 12:04:10 - [MESSAGE][PASSED] - Text '10' is set on object 'Object Repository/HealthpostToStore/Page_HealthPost Store/input_txttreat'

2018-05-22 12:04:10 - [TEST_STEP][PASSED] - click: Object: 'Object Repository/HealthpostToStore/Page_HealthPost Store/button_Add' is clicked on

2018-05-22 12:04:15 - [MESSAGE][PASSED] - Object: 'Object Repository/HealthpostToStore/Page_HealthPost Store/button_Add' is clicked on

2018-05-22 12:04:15 - [TEST_STEP][PASSED] - selectOptionByIndex: All options with index in [11] are selected on object 'Object Repository/HealthpostToStore/Page_HealthPost Store/select_--Select--Schedule 1Inj'

2018-05-22 12:04:15 - [MESSAGE][PASSED] - All options with index in [11] are selected on object 'Object Repository/HealthpostToStore/Page_HealthPost Store/select_--Select--Schedule 1Inj'

2018-05-22 12:04:15 - [TEST_STEP][PASSED] - selectOptionByIndex: All options with index in [42] are selected on object 'Object Repository/HealthpostToStore/Page_HealthPost Store/select_--Select--Adernaline 0.'

2018-05-22 12:04:15 - [MESSAGE][PASSED] - All options with index in [42] are selected on object 'Object Repository/HealthpostToStore/Page_HealthPost Store/select_--Select--Adernaline 0.'

2018-05-22 12:04:15 - [TEST_STEP][PASSED] - setText: Text '10' is set on object 'Object Repository/HealthpostToStore/Page_HealthPost Store/input_txttreat'

2018-05-22 12:04:15 - [MESSAGE][PASSED] - Text '10' is set on object 'Object Repository/HealthpostToStore/Page_HealthPost Store/input_txttreat'

2018-05-22 12:04:15 - [TEST_STEP][PASSED] - click: Object: 'Object Repository/HealthpostToStore/Page_HealthPost Store/button_Add' is clicked on

2018-05-22 12:04:20 - [MESSAGE][PASSED] - Object: 'Object Repository/HealthpostToStore/Page_HealthPost Store/button_Add' is clicked on

2018-05-22 12:04:20 - [TEST_STEP][PASSED] - selectOptionByIndex: All options with index in [11] are selected on object 'Object Repository/HealthpostToStore/Page_HealthPost Store/select_--Select--Schedule 1Inj'

2018-05-22 12:04:21 - [MESSAGE][PASSED] - All options with index in [11] are selected on object 'Object Repository/HealthpostToStore/Page_HealthPost Store/select_--Select--Schedule 1Inj'

2018-05-22 12:04:21 - [TEST_STEP][PASSED] - selectOptionByIndex: All options with index in [43] are selected on object 'Object Repository/HealthpostToStore/Page_HealthPost Store/select_--Select--Adernaline 0.'

2018-05-22 12:04:21 - [MESSAGE][PASSED] - All options with index in [43] are selected on object 'Object Repository/HealthpostToStore/Page_HealthPost Store/select_--Select--Adernaline 0.'

2018-05-22 12:04:21 - [TEST_STEP][PASSED] - setText: Text '10' is set on object 'Object Repository/HealthpostToStore/Page_HealthPost Store/input_txttreat'

2018-05-22 12:04:21 - [MESSAGE][PASSED] - Text '10' is set on object 'Object Repository/HealthpostToStore/Page_HealthPost Store/input_txttreat'

2018-05-22 12:04:21 - [TEST_STEP][PASSED] - click: Object: 'Object Repository/HealthpostToStore/Page_HealthPost Store/button_Add' is clicked on

2018-05-22 12:04:26 - [MESSAGE][PASSED] - Object: 'Object Repository/HealthpostToStore/Page_HealthPost Store/button_Add' is clicked on

2018-05-22 12:04:26 - [TEST_STEP][PASSED] - selectOptionByIndex: All options with index in [11] are selected on object 'Object Repository/HealthpostToStore/Page_HealthPost Store/select_--Select--Schedule 1Inj'

2018-05-22 12:04:27 - [MESSAGE][PASSED] - All options with index in [11] are selected on object 'Object Repository/HealthpostToStore/Page_HealthPost Store/select_--Select--Schedule 1Inj'

2018-05-22 12:04:27 - [TEST_STEP][PASSED] - selectOptionByIndex: All options with index in [44] are selected on object 'Object Repository/HealthpostToStore/Page_HealthPost Store/select_--Select--Adernaline 0.'

2018-05-22 12:04:27 - [MESSAGE][PASSED] - All options with index in [44] are selected on object 'Object Repository/HealthpostToStore/Page_HealthPost Store/select_--Select--Adernaline 0.'

2018-05-22 12:04:27 - [TEST_STEP][PASSED] - setText: Text '10' is set on object 'Object Repository/HealthpostToStore/Page_HealthPost Store/input_txttreat'

2018-05-22 12:04:27 - [MESSAGE][PASSED] - Text '10' is set on object 'Object Repository/HealthpostToStore/Page_HealthPost Store/input_txttreat'

2018-05-22 12:04:27 - [TEST_STEP][PASSED] - click: Object: 'Object Repository/HealthpostToStore/Page_HealthPost Store/button_Add' is clicked on

2018-05-22 12:04:32 - [MESSAGE][PASSED] - Object: 'Object Repository/HealthpostToStore/Page_HealthPost Store/button_Add' is clicked on

2018-05-22 12:04:32 - [TEST_STEP][PASSED] - selectOptionByIndex: All options with index in [11] are selected on object 'Object Repository/HealthpostToStore/Page_HealthPost Store/select_--Select--Schedule 1Inj'

2018-05-22 12:04:33 - [MESSAGE][PASSED] - All options with index in [11] are selected on object 'Object Repository/HealthpostToStore/Page_HealthPost Store/select_--Select--Schedule 1Inj'

2018-05-22 12:04:33 - [TEST_STEP][PASSED] - selectOptionByIndex: All options with index in [45] are selected on object 'Object Repository/HealthpostToStore/Page_HealthPost Store/select_--Select--Adernaline 0.'

2018-05-22 12:04:33 - [MESSAGE][PASSED] - All options with index in [45] are selected on object 'Object Repository/HealthpostToStore/Page_HealthPost Store/select_--Select--Adernaline 0.'

2018-05-22 12:04:33 - [TEST_STEP][PASSED] - setText: Text '10' is set on object 'Object Repository/HealthpostToStore/Page_HealthPost Store/input_txttreat'

2018-05-22 12:04:33 - [MESSAGE][PASSED] - Text '10' is set on object 'Object Repository/HealthpostToStore/Page_HealthPost Store/input_txttreat'

2018-05-22 12:04:33 - [TEST_STEP][PASSED] - click: Object: 'Object Repository/HealthpostToStore/Page_HealthPost Store/button_Add' is clicked on

2018-05-22 12:04:38 - [MESSAGE][PASSED] - Object: 'Object Repository/HealthpostToStore/Page_HealthPost Store/button_Add' is clicked on

2018-05-22 12:04:38 - [TEST_STEP][PASSED] - selectOptionByIndex: All options with index in [11] are selected on object 'Object Repository/HealthpostToStore/Page_HealthPost Store/select_--Select--Schedule 1Inj'

2018-05-22 12:04:39 - [MESSAGE][PASSED] - All options with index in [11] are selected on object 'Object Repository/HealthpostToStore/Page_HealthPost Store/select_--Select--Schedule 1Inj'

2018-05-22 12:04:39 - [TEST_STEP][PASSED] - selectOptionByIndex: All options with index in [46] are selected on object 'Object Repository/HealthpostToStore/Page_HealthPost Store/select_--Select--Adernaline 0.'

2018-05-22 12:04:39 - [MESSAGE][PASSED] - All options with index in [46] are selected on object 'Object Repository/HealthpostToStore/Page_HealthPost Store/select_--Select--Adernaline 0.'

2018-05-22 12:04:39 - [TEST_STEP][PASSED] - setText: Text '10' is set on object 'Object Repository/HealthpostToStore/Page_HealthPost Store/input_txttreat'

2018-05-22 12:04:39 - [MESSAGE][PASSED] - Text '10' is set on object 'Object Repository/HealthpostToStore/Page_HealthPost Store/input_txttreat'

2018-05-22 12:04:39 - [TEST_STEP][PASSED] - click: Object: 'Object Repository/HealthpostToStore/Page_HealthPost Store/button_Add' is clicked on

2018-05-22 12:04:44 - [MESSAGE][PASSED] - Object: 'Object Repository/HealthpostToStore/Page_HealthPost Store/button_Add' is clicked on

2018-05-22 12:04:44 - [TEST_STEP][PASSED] - selectOptionByIndex: All options with index in [11] are selected on object 'Object Repository/HealthpostToStore/Page_HealthPost Store/select_--Select--Schedule 1Inj'

2018-05-22 12:04:44 - [MESSAGE][PASSED] - All options with index in [11] are selected on object 'Object Repository/HealthpostToStore/Page_HealthPost Store/select_--Select--Schedule 1Inj'

2018-05-22 12:04:44 - [TEST_STEP][PASSED] - selectOptionByIndex: All options with index in [47] are selected on object 'Object Repository/HealthpostToStore/Page_HealthPost Store/select_--Select--Adernaline 0.'

2018-05-22 12:04:45 - [MESSAGE][PASSED] - All options with index in [47] are selected on object 'Object Repository/HealthpostToStore/Page_HealthPost Store/select_--Select--Adernaline 0.'

2018-05-22 12:04:45 - [TEST_STEP][PASSED] - setText: Text '10' is set on object 'Object Repository/HealthpostToStore/Page_HealthPost Store/input_txttreat'

2018-05-22 12:04:45 - [MESSAGE][PASSED] - Text '10' is set on object 'Object Repository/HealthpostToStore/Page_HealthPost Store/input_txttreat'

2018-05-22 12:04:45 - [TEST_STEP][PASSED] - click: Object: 'Object Repository/HealthpostToStore/Page_HealthPost Store/button_Add' is clicked on

2018-05-22 12:04:50 - [MESSAGE][PASSED] - Object: 'Object Repository/HealthpostToStore/Page_HealthPost Store/button_Add' is clicked on

2018-05-22 12:04:50 - [TEST_STEP][PASSED] - selectOptionByIndex: All options with index in [11] are selected on object 'Object Repository/HealthpostToStore/Page_HealthPost Store/select_--Select--Schedule 1Inj'

2018-05-22 12:04:50 - [MESSAGE][PASSED] - All options with index in [11] are selected on object 'Object Repository/HealthpostToStore/Page_HealthPost Store/select_--Select--Schedule 1Inj'

2018-05-22 12:04:50 - [TEST_STEP][PASSED] - selectOptionByIndex: All options with index in [48] are selected on object 'Object Repository/HealthpostToStore/Page_HealthPost Store/select_--Select--Adernaline 0.'

2018-05-22 12:04:51 - [MESSAGE][PASSED] - All options with index in [48] are selected on object 'Object Repository/HealthpostToStore/Page_HealthPost Store/select_--Select--Adernaline 0.'

2018-05-22 12:04:51 - [TEST_STEP][PASSED] - setText: Text '10' is set on object 'Object Repository/HealthpostToStore/Page_HealthPost Store/input_txttreat'

2018-05-22 12:04:51 - [MESSAGE][PASSED] - Text '10' is set on object 'Object Repository/HealthpostToStore/Page_HealthPost Store/input_txttreat'

2018-05-22 12:04:51 - [TEST_STEP][PASSED] - click: Object: 'Object Repository/HealthpostToStore/Page_HealthPost Store/button_Add' is clicked on

2018-05-22 12:04:56 - [MESSAGE][PASSED] - Object: 'Object Repository/HealthpostToStore/Page_HealthPost Store/button_Add' is clicked on

2018-05-22 12:04:56 - [TEST_STEP][PASSED] - selectOptionByIndex: All options with index in [11] are selected on object 'Object Repository/HealthpostToStore/Page_HealthPost Store/select_--Select--Schedule 1Inj'

2018-05-22 12:04:56 - [MESSAGE][PASSED] - All options with index in [11] are selected on object 'Object Repository/HealthpostToStore/Page_HealthPost Store/select_--Select--Schedule 1Inj'

2018-05-22 12:04:56 - [TEST_STEP][PASSED] - selectOptionByIndex: All options with index in [49] are selected on object 'Object Repository/HealthpostToStore/Page_HealthPost Store/select_--Select--Adernaline 0.'

2018-05-22 12:04:57 - [MESSAGE][PASSED] - All options with index in [49] are selected on object 'Object Repository/HealthpostToStore/Page_HealthPost Store/select_--Select--Adernaline 0.'

2018-05-22 12:04:57 - [TEST_STEP][PASSED] - setText: Text '10' is set on object 'Object Repository/HealthpostToStore/Page_HealthPost Store/input_txttreat'

2018-05-22 12:04:57 - [MESSAGE][PASSED] - Text '10' is set on object 'Object Repository/HealthpostToStore/Page_HealthPost Store/input_txttreat'

2018-05-22 12:04:57 - [TEST_STEP][PASSED] - click: Object: 'Object Repository/HealthpostToStore/Page_HealthPost Store/button_Add' is clicked on

2018-05-22 12:05:02 - [MESSAGE][PASSED] - Object: 'Object Repository/HealthpostToStore/Page_HealthPost Store/button_Add' is clicked on

2018-05-22 12:05:02 - [TEST_STEP][PASSED] - selectOptionByIndex: All options with index in [11] are selected on object 'Object Repository/HealthpostToStore/Page_HealthPost Store/select_--Select--Schedule 1Inj'

2018-05-22 12:05:02 - [MESSAGE][PASSED] - All options with index in [11] are selected on object 'Object Repository/HealthpostToStore/Page_HealthPost Store/select_--Select--Schedule 1Inj'

2018-05-22 12:05:02 - [TEST_STEP][PASSED] - selectOptionByIndex: All options with index in [50] are selected on object 'Object Repository/HealthpostToStore/Page_HealthPost Store/select_--Select--Adernaline 0.'

2018-05-22 12:05:03 - [MESSAGE][PASSED] - All options with index in [50] are selected on object 'Object Repository/HealthpostToStore/Page_HealthPost Store/select_--Select--Adernaline 0.'

2018-05-22 12:05:03 - [TEST_STEP][PASSED] - setText: Text '10' is set on object 'Object Repository/HealthpostToStore/Page_HealthPost Store/input_txttreat'

2018-05-22 12:05:03 - [MESSAGE][PASSED] - Text '10' is set on object 'Object Repository/HealthpostToStore/Page_HealthPost Store/input_txttreat'

2018-05-22 12:05:03 - [TEST_STEP][PASSED] - click: Object: 'Object Repository/HealthpostToStore/Page_HealthPost Store/button_Add' is clicked on

2018-05-22 12:05:08 - [MESSAGE][PASSED] - Object: 'Object Repository/HealthpostToStore/Page_HealthPost Store/button_Add' is clicked on

2018-05-22 12:05:08 - [TEST_STEP][PASSED] - selectOptionByIndex: All options with index in [11] are selected on object 'Object Repository/HealthpostToStore/Page_HealthPost Store/select_--Select--Schedule 1Inj'

2018-05-22 12:05:08 - [MESSAGE][PASSED] - All options with index in [11] are selected on object 'Object Repository/HealthpostToStore/Page_HealthPost Store/select_--Select--Schedule 1Inj'

2018-05-22 12:05:08 - [TEST_STEP][PASSED] - selectOptionByIndex: All options with index in [51] are selected on object 'Object Repository/HealthpostToStore/Page_HealthPost Store/select_--Select--Adernaline 0.'

2018-05-22 12:05:09 - [MESSAGE][PASSED] - All options with index in [51] are selected on object 'Object Repository/HealthpostToStore/Page_HealthPost Store/select_--Select--Adernaline 0.'

2018-05-22 12:05:09 - [TEST_STEP][PASSED] - setText: Text '10' is set on object 'Object Repository/HealthpostToStore/Page_HealthPost Store/input_txttreat'

2018-05-22 12:05:09 - [MESSAGE][PASSED] - Text '10' is set on object 'Object Repository/HealthpostToStore/Page_HealthPost Store/input_txttreat'

2018-05-22 12:05:09 - [TEST_STEP][PASSED] - click: Object: 'Object Repository/HealthpostToStore/Page_HealthPost Store/button_Add' is clicked on

2018-05-22 12:05:14 - [MESSAGE][PASSED] - Object: 'Object Repository/HealthpostToStore/Page_HealthPost Store/button_Add' is clicked on

2018-05-22 12:05:14 - [TEST_STEP][PASSED] - selectOptionByIndex: All options with index in [11] are selected on object 'Object Repository/HealthpostToStore/Page_HealthPost Store/select_--Select--Schedule 1Inj'

2018-05-22 12:05:14 - [MESSAGE][PASSED] - All options with index in [11] are selected on object 'Object Repository/HealthpostToStore/Page_HealthPost Store/select_--Select--Schedule 1Inj'

2018-05-22 12:05:14 - [TEST_STEP][PASSED] - selectOptionByIndex: All options with index in [52] are selected on object 'Object Repository/HealthpostToStore/Page_HealthPost Store/select_--Select--Adernaline 0.'

2018-05-22 12:05:15 - [MESSAGE][PASSED] - All options with index in [52] are selected on object 'Object Repository/HealthpostToStore/Page_HealthPost Store/select_--Select--Adernaline 0.'

2018-05-22 12:05:15 - [TEST_STEP][PASSED] - setText: Text '10' is set on object 'Object Repository/HealthpostToStore/Page_HealthPost Store/input_txttreat'

2018-05-22 12:05:15 - [MESSAGE][PASSED] - Text '10' is set on object 'Object Repository/HealthpostToStore/Page_HealthPost Store/input_txttreat'

2018-05-22 12:05:15 - [TEST_STEP][PASSED] - click: Object: 'Object Repository/HealthpostToStore/Page_HealthPost Store/button_Add' is clicked on

2018-05-22 12:05:20 - [MESSAGE][PASSED] - Object: 'Object Repository/HealthpostToStore/Page_HealthPost Store/button_Add' is clicked on

2018-05-22 12:05:20 - [TEST_STEP][PASSED] - selectOptionByIndex: All options with index in [11] are selected on object 'Object Repository/HealthpostToStore/Page_HealthPost Store/select_--Select--Schedule 1Inj'

2018-05-22 12:05:20 - [MESSAGE][PASSED] - All options with index in [11] are selected on object 'Object Repository/HealthpostToStore/Page_HealthPost Store/select_--Select--Schedule 1Inj'

2018-05-22 12:05:20 - [TEST_STEP][PASSED] - selectOptionByIndex: All options with index in [53] are selected on object 'Object Repository/HealthpostToStore/Page_HealthPost Store/select_--Select--Adernaline 0.'

2018-05-22 12:05:21 - [MESSAGE][PASSED] - All options with index in [53] are selected on object 'Object Repository/HealthpostToStore/Page_HealthPost Store/select_--Select--Adernaline 0.'

2018-05-22 12:05:21 - [TEST_STEP][PASSED] - setText: Text '10' is set on object 'Object Repository/HealthpostToStore/Page_HealthPost Store/input_txttreat'

2018-05-22 12:05:21 - [MESSAGE][PASSED] - Text '10' is set on object 'Object Repository/HealthpostToStore/Page_HealthPost Store/input_txttreat'

2018-05-22 12:05:21 - [TEST_STEP][PASSED] - click: Object: 'Object Repository/HealthpostToStore/Page_HealthPost Store/button_Add' is clicked on

2018-05-22 12:05:26 - [MESSAGE][PASSED] - Object: 'Object Repository/HealthpostToStore/Page_HealthPost Store/button_Add' is clicked on

2018-05-22 12:05:26 - [TEST_STEP][PASSED] - selectOptionByIndex: All options with index in [11] are selected on object 'Object Repository/HealthpostToStore/Page_HealthPost Store/select_--Select--Schedule 1Inj'

2018-05-22 12:05:27 - [MESSAGE][PASSED] - All options with index in [11] are selected on object 'Object Repository/HealthpostToStore/Page_HealthPost Store/select_--Select--Schedule 1Inj'

2018-05-22 12:05:27 - [TEST_STEP][PASSED] - selectOptionByIndex: All options with index in [54] are selected on object 'Object Repository/HealthpostToStore/Page_HealthPost Store/select_--Select--Adernaline 0.'

2018-05-22 12:05:27 - [MESSAGE][PASSED] - All options with index in [54] are selected on object 'Object Repository/HealthpostToStore/Page_HealthPost Store/select_--Select--Adernaline 0.'

2018-05-22 12:05:27 - [TEST_STEP][PASSED] - setText: Text '10' is set on object 'Object Repository/HealthpostToStore/Page_HealthPost Store/input_txttreat'

2018-05-22 12:05:28 - [MESSAGE][PASSED] - Text '10' is set on object 'Object Repository/HealthpostToStore/Page_HealthPost Store/input_txttreat'

2018-05-22 12:05:28 - [TEST_STEP][PASSED] - click: Object: 'Object Repository/HealthpostToStore/Page_HealthPost Store/button_Add' is clicked on

2018-05-22 12:05:33 - [MESSAGE][PASSED] - Object: 'Object Repository/HealthpostToStore/Page_HealthPost Store/button_Add' is clicked on

2018-05-22 12:05:33 - [TEST_STEP][PASSED] - selectOptionByIndex: All options with index in [11] are selected on object 'Object Repository/HealthpostToStore/Page_HealthPost Store/select_--Select--Schedule 1Inj'

2018-05-22 12:05:33 - [MESSAGE][PASSED] - All options with index in [11] are selected on object 'Object Repository/HealthpostToStore/Page_HealthPost Store/select_--Select--Schedule 1Inj'

2018-05-22 12:05:33 - [TEST_STEP][PASSED] - selectOptionByIndex: All options with index in [55] are selected on object 'Object Repository/HealthpostToStore/Page_HealthPost Store/select_--Select--Adernaline 0.'

2018-05-22 12:05:33 - [MESSAGE][PASSED] - All options with index in [55] are selected on object 'Object Repository/HealthpostToStore/Page_HealthPost Store/select_--Select--Adernaline 0.'

2018-05-22 12:05:33 - [TEST_STEP][PASSED] - setText: Text '10' is set on object 'Object Repository/HealthpostToStore/Page_HealthPost Store/input_txttreat'

2018-05-22 12:05:33 - [MESSAGE][PASSED] - Text '10' is set on object 'Object Repository/HealthpostToStore/Page_HealthPost Store/input_txttreat'

2018-05-22 12:05:33 - [TEST_STEP][PASSED] - click: Object: 'Object Repository/HealthpostToStore/Page_HealthPost Store/button_Add' is clicked on

2018-05-22 12:05:39 - [MESSAGE][PASSED] - Object: 'Object Repository/HealthpostToStore/Page_HealthPost Store/button_Add' is clicked on

2018-05-22 12:05:39 - [TEST_STEP][PASSED] - selectOptionByIndex: All options with index in [11] are selected on object 'Object Repository/HealthpostToStore/Page_HealthPost Store/select_--Select--Schedule 1Inj'

2018-05-22 12:05:39 - [MESSAGE][PASSED] - All options with index in [11] are selected on object 'Object Repository/HealthpostToStore/Page_HealthPost Store/select_--Select--Schedule 1Inj'

2018-05-22 12:05:39 - [TEST_STEP][PASSED] - selectOptionByIndex: All options with index in [56] are selected on object 'Object Repository/HealthpostToStore/Page_HealthPost Store/select_--Select--Adernaline 0.'

2018-05-22 12:05:40 - [MESSAGE][PASSED] - All options with index in [56] are selected on object 'Object Repository/HealthpostToStore/Page_HealthPost Store/select_--Select--Adernaline 0.'

2018-05-22 12:05:40 - [TEST_STEP][PASSED] - setText: Text '10' is set on object 'Object Repository/HealthpostToStore/Page_HealthPost Store/input_txttreat'

2018-05-22 12:05:40 - [MESSAGE][PASSED] - Text '10' is set on object 'Object Repository/HealthpostToStore/Page_HealthPost Store/input_txttreat'

2018-05-22 12:05:40 - [TEST_STEP][PASSED] - click: Object: 'Object Repository/HealthpostToStore/Page_HealthPost Store/button_Add' is clicked on

2018-05-22 12:05:45 - [MESSAGE][PASSED] - Object: 'Object Repository/HealthpostToStore/Page_HealthPost Store/button_Add' is clicked on

2018-05-22 12:05:45 - [TEST_STEP][PASSED] - selectOptionByIndex: All options with index in [11] are selected on object 'Object Repository/HealthpostToStore/Page_HealthPost Store/select_--Select--Schedule 1Inj'

2018-05-22 12:05:45 - [MESSAGE][PASSED] - All options with index in [11] are selected on object 'Object Repository/HealthpostToStore/Page_HealthPost Store/select_--Select--Schedule 1Inj'

2018-05-22 12:05:45 - [TEST_STEP][PASSED] - selectOptionByIndex: All options with index in [57] are selected on object 'Object Repository/HealthpostToStore/Page_HealthPost Store/select_--Select--Adernaline 0.'

2018-05-22 12:05:46 - [MESSAGE][PASSED] - All options with index in [57] are selected on object 'Object Repository/HealthpostToStore/Page_HealthPost Store/select_--Select--Adernaline 0.'

2018-05-22 12:05:46 - [TEST_STEP][PASSED] - setText: Text '10' is set on object 'Object Repository/HealthpostToStore/Page_HealthPost Store/input_txttreat'

2018-05-22 12:05:46 - [MESSAGE][PASSED] - Text '10' is set on object 'Object Repository/HealthpostToStore/Page_HealthPost Store/input_txttreat'

2018-05-22 12:05:46 - [TEST_STEP][PASSED] - click: Object: 'Object Repository/HealthpostToStore/Page_HealthPost Store/button_Add' is clicked on

2018-05-22 12:05:51 - [MESSAGE][PASSED] - Object: 'Object Repository/HealthpostToStore/Page_HealthPost Store/button_Add' is clicked on

2018-05-22 12:05:51 - [TEST_STEP][PASSED] - selectOptionByIndex: All options with index in [11] are selected on object 'Object Repository/HealthpostToStore/Page_HealthPost Store/select_--Select--Schedule 1Inj'

2018-05-22 12:05:51 - [MESSAGE][PASSED] - All options with index in [11] are selected on object 'Object Repository/HealthpostToStore/Page_HealthPost Store/select_--Select--Schedule 1Inj'

2018-05-22 12:05:51 - [TEST_STEP][PASSED] - selectOptionByIndex: All options with index in [58] are selected on object 'Object Repository/HealthpostToStore/Page_HealthPost Store/select_--Select--Adernaline 0.'

2018-05-22 12:05:52 - [MESSAGE][PASSED] - All options with index in [58] are selected on object 'Object Repository/HealthpostToStore/Page_HealthPost Store/select_--Select--Adernaline 0.'

2018-05-22 12:05:52 - [TEST_STEP][PASSED] - setText: Text '10' is set on object 'Object Repository/HealthpostToStore/Page_HealthPost Store/input_txttreat'

2018-05-22 12:05:52 - [MESSAGE][PASSED] - Text '10' is set on object 'Object Repository/HealthpostToStore/Page_HealthPost Store/input_txttreat'

2018-05-22 12:05:52 - [TEST_STEP][PASSED] - click: Object: 'Object Repository/HealthpostToStore/Page_HealthPost Store/button_Add' is clicked on

2018-05-22 12:05:57 - [MESSAGE][PASSED] - Object: 'Object Repository/HealthpostToStore/Page_HealthPost Store/button_Add' is clicked on

2018-05-22 12:05:57 - [TEST_STEP][PASSED] - selectOptionByIndex: All options with index in [11] are selected on object 'Object Repository/HealthpostToStore/Page_HealthPost Store/select_--Select--Schedule 1Inj'

2018-05-22 12:05:57 - [MESSAGE][PASSED] - All options with index in [11] are selected on object 'Object Repository/HealthpostToStore/Page_HealthPost Store/select_--Select--Schedule 1Inj'

2018-05-22 12:05:57 - [TEST_STEP][PASSED] - selectOptionByIndex: All options with index in [59] are selected on object 'Object Repository/HealthpostToStore/Page_HealthPost Store/select_--Select--Adernaline 0.'

2018-05-22 12:05:58 - [MESSAGE][PASSED] - All options with index in [59] are selected on object 'Object Repository/HealthpostToStore/Page_HealthPost Store/select_--Select--Adernaline 0.'

2018-05-22 12:05:58 - [TEST_STEP][PASSED] - setText: Text '10' is set on object 'Object Repository/HealthpostToStore/Page_HealthPost Store/input_txttreat'

2018-05-22 12:05:58 - [MESSAGE][PASSED] - Text '10' is set on object 'Object Repository/HealthpostToStore/Page_HealthPost Store/input_txttreat'

2018-05-22 12:05:58 - [TEST_STEP][PASSED] - click: Object: 'Object Repository/HealthpostToStore/Page_HealthPost Store/button_Add' is clicked on

2018-05-22 12:06:03 - [MESSAGE][PASSED] - Object: 'Object Repository/HealthpostToStore/Page_HealthPost Store/button_Add' is clicked on

2018-05-22 12:06:03 - [TEST_STEP][PASSED] - selectOptionByIndex: All options with index in [11] are selected on object 'Object Repository/HealthpostToStore/Page_HealthPost Store/select_--Select--Schedule 1Inj'

2018-05-22 12:06:04 - [MESSAGE][PASSED] - All options with index in [11] are selected on object 'Object Repository/HealthpostToStore/Page_HealthPost Store/select_--Select--Schedule 1Inj'

2018-05-22 12:06:04 - [TEST_STEP][PASSED] - selectOptionByIndex: All options with index in [60] are selected on object 'Object Repository/HealthpostToStore/Page_HealthPost Store/select_--Select--Adernaline 0.'

2018-05-22 12:06:04 - [MESSAGE][PASSED] - All options with index in [60] are selected on object 'Object Repository/HealthpostToStore/Page_HealthPost Store/select_--Select--Adernaline 0.'

2018-05-22 12:06:04 - [TEST_STEP][PASSED] - setText: Text '10' is set on object 'Object Repository/HealthpostToStore/Page_HealthPost Store/input_txttreat'

2018-05-22 12:06:04 - [MESSAGE][PASSED] - Text '10' is set on object 'Object Repository/HealthpostToStore/Page_HealthPost Store/input_txttreat'

2018-05-22 12:06:04 - [TEST_STEP][PASSED] - click: Object: 'Object Repository/HealthpostToStore/Page_HealthPost Store/button_Add' is clicked on

2018-05-22 12:06:10 - [MESSAGE][PASSED] - Object: 'Object Repository/HealthpostToStore/Page_HealthPost Store/button_Add' is clicked on

2018-05-22 12:06:10 - [TEST_STEP][PASSED] - selectOptionByIndex: All options with index in [11] are selected on object 'Object Repository/HealthpostToStore/Page_HealthPost Store/select_--Select--Schedule 1Inj'

2018-05-22 12:06:10 - [MESSAGE][PASSED] - All options with index in [11] are selected on object 'Object Repository/HealthpostToStore/Page_HealthPost Store/select_--Select--Schedule 1Inj'

2018-05-22 12:06:10 - [TEST_STEP][PASSED] - selectOptionByIndex: All options with index in [61] are selected on object 'Object Repository/HealthpostToStore/Page_HealthPost Store/select_--Select--Adernaline 0.'

2018-05-22 12:06:10 - [MESSAGE][PASSED] - All options with index in [61] are selected on object 'Object Repository/HealthpostToStore/Page_HealthPost Store/select_--Select--Adernaline 0.'

2018-05-22 12:06:10 - [TEST_STEP][PASSED] - setText: Text '10' is set on object 'Object Repository/HealthpostToStore/Page_HealthPost Store/input_txttreat'

2018-05-22 12:06:11 - [MESSAGE][PASSED] - Text '10' is set on object 'Object Repository/HealthpostToStore/Page_HealthPost Store/input_txttreat'

2018-05-22 12:06:11 - [TEST_STEP][PASSED] - click: Object: 'Object Repository/HealthpostToStore/Page_HealthPost Store/button_Add' is clicked on

2018-05-22 12:06:16 - [MESSAGE][PASSED] - Object: 'Object Repository/HealthpostToStore/Page_HealthPost Store/button_Add' is clicked on

2018-05-22 12:06:16 - [TEST_STEP][PASSED] - selectOptionByIndex: All options with index in [11] are selected on object 'Object Repository/HealthpostToStore/Page_HealthPost Store/select_--Select--Schedule 1Inj'

2018-05-22 12:06:16 - [MESSAGE][PASSED] - All options with index in [11] are selected on object 'Object Repository/HealthpostToStore/Page_HealthPost Store/select_--Select--Schedule 1Inj'

2018-05-22 12:06:16 - [TEST_STEP][PASSED] - selectOptionByIndex: All options with index in [62] are selected on object 'Object Repository/HealthpostToStore/Page_HealthPost Store/select_--Select--Adernaline 0.'

2018-05-22 12:06:17 - [MESSAGE][PASSED] - All options with index in [62] are selected on object 'Object Repository/HealthpostToStore/Page_HealthPost Store/select_--Select--Adernaline 0.'

2018-05-22 12:06:17 - [TEST_STEP][PASSED] - setText: Text '10' is set on object 'Object Repository/HealthpostToStore/Page_HealthPost Store/input_txttreat'

2018-05-22 12:06:17 - [MESSAGE][PASSED] - Text '10' is set on object 'Object Repository/HealthpostToStore/Page_HealthPost Store/input_txttreat'

2018-05-22 12:06:17 - [TEST_STEP][PASSED] - click: Object: 'Object Repository/HealthpostToStore/Page_HealthPost Store/button_Add' is clicked on

2018-05-22 12:06:22 - [MESSAGE][PASSED] - Object: 'Object Repository/HealthpostToStore/Page_HealthPost Store/button_Add' is clicked on

2018-05-22 12:06:22 - [TEST_STEP][PASSED] - selectOptionByIndex: All options with index in [11] are selected on object 'Object Repository/HealthpostToStore/Page_HealthPost Store/select_--Select--Schedule 1Inj'

2018-05-22 12:06:22 - [MESSAGE][PASSED] - All options with index in [11] are selected on object 'Object Repository/HealthpostToStore/Page_HealthPost Store/select_--Select--Schedule 1Inj'

2018-05-22 12:06:22 - [TEST_STEP][PASSED] - selectOptionByIndex: All options with index in [63] are selected on object 'Object Repository/HealthpostToStore/Page_HealthPost Store/select_--Select--Adernaline 0.'

2018-05-22 12:06:23 - [MESSAGE][PASSED] - All options with index in [63] are selected on object 'Object Repository/HealthpostToStore/Page_HealthPost Store/select_--Select--Adernaline 0.'

2018-05-22 12:06:23 - [TEST_STEP][PASSED] - setText: Text '10' is set on object 'Object Repository/HealthpostToStore/Page_HealthPost Store/input_txttreat'

2018-05-22 12:06:23 - [MESSAGE][PASSED] - Text '10' is set on object 'Object Repository/HealthpostToStore/Page_HealthPost Store/input_txttreat'

2018-05-22 12:06:23 - [TEST_STEP][PASSED] - click: Object: 'Object Repository/HealthpostToStore/Page_HealthPost Store/button_Add' is clicked on

2018-05-22 12:06:28 - [MESSAGE][PASSED] - Object: 'Object Repository/HealthpostToStore/Page_HealthPost Store/button_Add' is clicked on

2018-05-22 12:06:28 - [TEST_STEP][PASSED] - selectOptionByIndex: All options with index in [11] are selected on object 'Object Repository/HealthpostToStore/Page_HealthPost Store/select_--Select--Schedule 1Inj'

2018-05-22 12:06:28 - [MESSAGE][PASSED] - All options with index in [11] are selected on object 'Object Repository/HealthpostToStore/Page_HealthPost Store/select_--Select--Schedule 1Inj'

2018-05-22 12:06:28 - [TEST_STEP][PASSED] - selectOptionByIndex: All options with index in [64] are selected on object 'Object Repository/HealthpostToStore/Page_HealthPost Store/select_--Select--Adernaline 0.'

2018-05-22 12:06:29 - [MESSAGE][PASSED] - All options with index in [64] are selected on object 'Object Repository/HealthpostToStore/Page_HealthPost Store/select_--Select--Adernaline 0.'

2018-05-22 12:06:29 - [TEST_STEP][PASSED] - setText: Text '10' is set on object 'Object Repository/HealthpostToStore/Page_HealthPost Store/input_txttreat'

2018-05-22 12:06:29 - [MESSAGE][PASSED] - Text '10' is set on object 'Object Repository/HealthpostToStore/Page_HealthPost Store/input_txttreat'

2018-05-22 12:06:29 - [TEST_STEP][PASSED] - click: Object: 'Object Repository/HealthpostToStore/Page_HealthPost Store/button_Add' is clicked on

2018-05-22 12:06:34 - [MESSAGE][PASSED] - Object: 'Object Repository/HealthpostToStore/Page_HealthPost Store/button_Add' is clicked on

2018-05-22 12:06:34 - [TEST_STEP][PASSED] - selectOptionByIndex: All options with index in [11] are selected on object 'Object Repository/HealthpostToStore/Page_HealthPost Store/select_--Select--Schedule 1Inj'

2018-05-22 12:06:34 - [MESSAGE][PASSED] - All options with index in [11] are selected on object 'Object Repository/HealthpostToStore/Page_HealthPost Store/select_--Select--Schedule 1Inj'

2018-05-22 12:06:34 - [TEST_STEP][PASSED] - selectOptionByIndex: All options with index in [65] are selected on object 'Object Repository/HealthpostToStore/Page_HealthPost Store/select_--Select--Adernaline 0.'

2018-05-22 12:06:35 - [MESSAGE][PASSED] - All options with index in [65] are selected on object 'Object Repository/HealthpostToStore/Page_HealthPost Store/select_--Select--Adernaline 0.'

2018-05-22 12:06:35 - [TEST_STEP][PASSED] - setText: Text '10' is set on object 'Object Repository/HealthpostToStore/Page_HealthPost Store/input_txttreat'

2018-05-22 12:06:35 - [MESSAGE][PASSED] - Text '10' is set on object 'Object Repository/HealthpostToStore/Page_HealthPost Store/input_txttreat'

2018-05-22 12:06:35 - [TEST_STEP][PASSED] - click: Object: 'Object Repository/HealthpostToStore/Page_HealthPost Store/button_Add' is clicked on

2018-05-22 12:06:40 - [MESSAGE][PASSED] - Object: 'Object Repository/HealthpostToStore/Page_HealthPost Store/button_Add' is clicked on

2018-05-22 12:06:40 - [TEST_STEP][PASSED] - selectOptionByIndex: All options with index in [11] are selected on object 'Object Repository/HealthpostToStore/Page_HealthPost Store/select_--Select--Schedule 1Inj'

2018-05-22 12:06:41 - [MESSAGE][PASSED] - All options with index in [11] are selected on object 'Object Repository/HealthpostToStore/Page_HealthPost Store/select_--Select--Schedule 1Inj'

2018-05-22 12:06:41 - [TEST_STEP][PASSED] - selectOptionByIndex: All options with index in [66] are selected on object 'Object Repository/HealthpostToStore/Page_HealthPost Store/select_--Select--Adernaline 0.'

2018-05-22 12:06:42 - [MESSAGE][PASSED] - All options with index in [66] are selected on object 'Object Repository/HealthpostToStore/Page_HealthPost Store/select_--Select--Adernaline 0.'

2018-05-22 12:06:42 - [TEST_STEP][PASSED] - setText: Text '10' is set on object 'Object Repository/HealthpostToStore/Page_HealthPost Store/input_txttreat'

2018-05-22 12:06:42 - [MESSAGE][PASSED] - Text '10' is set on object 'Object Repository/HealthpostToStore/Page_HealthPost Store/input_txttreat'

2018-05-22 12:06:42 - [TEST_STEP][PASSED] - click: Object: 'Object Repository/HealthpostToStore/Page_HealthPost Store/button_Add' is clicked on

2018-05-22 12:06:47 - [MESSAGE][PASSED] - Object: 'Object Repository/HealthpostToStore/Page_HealthPost Store/button_Add' is clicked on

2018-05-22 12:06:47 - [TEST_STEP][PASSED] - selectOptionByIndex: All options with index in [11] are selected on object 'Object Repository/HealthpostToStore/Page_HealthPost Store/select_--Select--Schedule 1Inj'

2018-05-22 12:06:47 - [MESSAGE][PASSED] - All options with index in [11] are selected on object 'Object Repository/HealthpostToStore/Page_HealthPost Store/select_--Select--Schedule 1Inj'

2018-05-22 12:06:47 - [TEST_STEP][PASSED] - selectOptionByIndex: All options with index in [67] are selected on object 'Object Repository/HealthpostToStore/Page_HealthPost Store/select_--Select--Adernaline 0.'

2018-05-22 12:06:48 - [MESSAGE][PASSED] - All options with index in [67] are selected on object 'Object Repository/HealthpostToStore/Page_HealthPost Store/select_--Select--Adernaline 0.'

2018-05-22 12:06:48 - [TEST_STEP][PASSED] - setText: Text '10' is set on object 'Object Repository/HealthpostToStore/Page_HealthPost Store/input_txttreat'

2018-05-22 12:06:48 - [MESSAGE][PASSED] - Text '10' is set on object 'Object Repository/HealthpostToStore/Page_HealthPost Store/input_txttreat'

2018-05-22 12:06:48 - [TEST_STEP][PASSED] - click: Object: 'Object Repository/HealthpostToStore/Page_HealthPost Store/button_Add' is clicked on

2018-05-22 12:06:53 - [MESSAGE][PASSED] - Object: 'Object Repository/HealthpostToStore/Page_HealthPost Store/button_Add' is clicked on

2018-05-22 12:06:53 - [TEST_STEP][PASSED] - selectOptionByIndex: All options with index in [11] are selected on object 'Object Repository/HealthpostToStore/Page_HealthPost Store/select_--Select--Schedule 1Inj'

2018-05-22 12:06:53 - [MESSAGE][PASSED] - All options with index in [11] are selected on object 'Object Repository/HealthpostToStore/Page_HealthPost Store/select_--Select--Schedule 1Inj'

2018-05-22 12:06:53 - [TEST_STEP][PASSED] - selectOptionByIndex: All options with index in [68] are selected on object 'Object Repository/HealthpostToStore/Page_HealthPost Store/select_--Select--Adernaline 0.'

2018-05-22 12:06:54 - [MESSAGE][PASSED] - All options with index in [68] are selected on object 'Object Repository/HealthpostToStore/Page_HealthPost Store/select_--Select--Adernaline 0.'

2018-05-22 12:06:54 - [TEST_STEP][PASSED] - setText: Text '10' is set on object 'Object Repository/HealthpostToStore/Page_HealthPost Store/input_txttreat'

2018-05-22 12:06:54 - [MESSAGE][PASSED] - Text '10' is set on object 'Object Repository/HealthpostToStore/Page_HealthPost Store/input_txttreat'

2018-05-22 12:06:54 - [TEST_STEP][PASSED] - click: Object: 'Object Repository/HealthpostToStore/Page_HealthPost Store/button_Add' is clicked on

2018-05-22 12:06:59 - [MESSAGE][PASSED] - Object: 'Object Repository/HealthpostToStore/Page_HealthPost Store/button_Add' is clicked on

2018-05-22 12:06:59 - [TEST_STEP][PASSED] - selectOptionByIndex: All options with index in [11] are selected on object 'Object Repository/HealthpostToStore/Page_HealthPost Store/select_--Select--Schedule 1Inj'

2018-05-22 12:06:59 - [MESSAGE][PASSED] - All options with index in [11] are selected on object 'Object Repository/HealthpostToStore/Page_HealthPost Store/select_--Select--Schedule 1Inj'

2018-05-22 12:06:59 - [TEST_STEP][PASSED] - selectOptionByIndex: All options with index in [69] are selected on object 'Object Repository/HealthpostToStore/Page_HealthPost Store/select_--Select--Adernaline 0.'

2018-05-22 12:07:00 - [MESSAGE][PASSED] - All options with index in [69] are selected on object 'Object Repository/HealthpostToStore/Page_HealthPost Store/select_--Select--Adernaline 0.'

2018-05-22 12:07:00 - [TEST_STEP][PASSED] - setText: Text '10' is set on object 'Object Repository/HealthpostToStore/Page_HealthPost Store/input_txttreat'

2018-05-22 12:07:00 - [MESSAGE][PASSED] - Text '10' is set on object 'Object Repository/HealthpostToStore/Page_HealthPost Store/input_txttreat'

2018-05-22 12:07:00 - [TEST_STEP][PASSED] - click: Object: 'Object Repository/HealthpostToStore/Page_HealthPost Store/button_Add' is clicked on

2018-05-22 12:07:05 - [MESSAGE][PASSED] - Object: 'Object Repository/HealthpostToStore/Page_HealthPost Store/button_Add' is clicked on

2018-05-22 12:07:05 - [TEST_STEP][PASSED] - selectOptionByIndex: All options with index in [11] are selected on object 'Object Repository/HealthpostToStore/Page_HealthPost Store/select_--Select--Schedule 1Inj'

2018-05-22 12:07:05 - [MESSAGE][PASSED] - All options with index in [11] are selected on object 'Object Repository/HealthpostToStore/Page_HealthPost Store/select_--Select--Schedule 1Inj'

2018-05-22 12:07:05 - [TEST_STEP][PASSED] - selectOptionByIndex: All options with index in [70] are selected on object 'Object Repository/HealthpostToStore/Page_HealthPost Store/select_--Select--Adernaline 0.'

2018-05-22 12:07:06 - [MESSAGE][PASSED] - All options with index in [70] are selected on object 'Object Repository/HealthpostToStore/Page_HealthPost Store/select_--Select--Adernaline 0.'

2018-05-22 12:07:06 - [TEST_STEP][PASSED] - setText: Text '10' is set on object 'Object Repository/HealthpostToStore/Page_HealthPost Store/input_txttreat'

2018-05-22 12:07:06 - [MESSAGE][PASSED] - Text '10' is set on object 'Object Repository/HealthpostToStore/Page_HealthPost Store/input_txttreat'

2018-05-22 12:07:06 - [TEST_STEP][PASSED] - click: Object: 'Object Repository/HealthpostToStore/Page_HealthPost Store/button_Add' is clicked on

2018-05-22 12:07:11 - [MESSAGE][PASSED] - Object: 'Object Repository/HealthpostToStore/Page_HealthPost Store/button_Add' is clicked on

2018-05-22 12:07:11 - [TEST_STEP][PASSED] - selectOptionByIndex: All options with index in [11] are selected on object 'Object Repository/HealthpostToStore/Page_HealthPost Store/select_--Select--Schedule 1Inj'

2018-05-22 12:07:12 - [MESSAGE][PASSED] - All options with index in [11] are selected on object 'Object Repository/HealthpostToStore/Page_HealthPost Store/select_--Select--Schedule 1Inj'

2018-05-22 12:07:12 - [TEST_STEP][PASSED] - selectOptionByIndex: All options with index in [71] are selected on object 'Object Repository/HealthpostToStore/Page_HealthPost Store/select_--Select--Adernaline 0.'

2018-05-22 12:07:12 - [MESSAGE][PASSED] - All options with index in [71] are selected on object 'Object Repository/HealthpostToStore/Page_HealthPost Store/select_--Select--Adernaline 0.'

2018-05-22 12:07:12 - [TEST_STEP][PASSED] - setText: Text '10' is set on object 'Object Repository/HealthpostToStore/Page_HealthPost Store/input_txttreat'

2018-05-22 12:07:12 - [MESSAGE][PASSED] - Text '10' is set on object 'Object Repository/HealthpostToStore/Page_HealthPost Store/input_txttreat'

2018-05-22 12:07:12 - [TEST_STEP][PASSED] - click: Object: 'Object Repository/HealthpostToStore/Page_HealthPost Store/button_Add' is clicked on

2018-05-22 12:07:18 - [MESSAGE][PASSED] - Object: 'Object Repository/HealthpostToStore/Page_HealthPost Store/button_Add' is clicked on

2018-05-22 12:07:18 - [TEST_STEP][PASSED] - selectOptionByIndex: All options with index in [11] are selected on object 'Object Repository/HealthpostToStore/Page_HealthPost Store/select_--Select--Schedule 1Inj'

2018-05-22 12:07:18 - [MESSAGE][PASSED] - All options with index in [11] are selected on object 'Object Repository/HealthpostToStore/Page_HealthPost Store/select_--Select--Schedule 1Inj'

2018-05-22 12:07:18 - [TEST_STEP][PASSED] - selectOptionByIndex: All options with index in [72] are selected on object 'Object Repository/HealthpostToStore/Page_HealthPost Store/select_--Select--Adernaline 0.'

2018-05-22 12:07:18 - [MESSAGE][PASSED] - All options with index in [72] are selected on object 'Object Repository/HealthpostToStore/Page_HealthPost Store/select_--Select--Adernaline 0.'

2018-05-22 12:07:18 - [TEST_STEP][PASSED] - setText: Text '10' is set on object 'Object Repository/HealthpostToStore/Page_HealthPost Store/input_txttreat'

2018-05-22 12:07:19 - [MESSAGE][PASSED] - Text '10' is set on object 'Object Repository/HealthpostToStore/Page_HealthPost Store/input_txttreat'

2018-05-22 12:07:19 - [TEST_STEP][PASSED] - click: Object: 'Object Repository/HealthpostToStore/Page_HealthPost Store/button_Add' is clicked on

2018-05-22 12:07:24 - [MESSAGE][PASSED] - Object: 'Object Repository/HealthpostToStore/Page_HealthPost Store/button_Add' is clicked on

2018-05-22 12:07:24 - [TEST_STEP][PASSED] - selectOptionByIndex: All options with index in [11] are selected on object 'Object Repository/HealthpostToStore/Page_HealthPost Store/select_--Select--Schedule 1Inj'

2018-05-22 12:07:24 - [MESSAGE][PASSED] - All options with index in [11] are selected on object 'Object Repository/HealthpostToStore/Page_HealthPost Store/select_--Select--Schedule 1Inj'

2018-05-22 12:07:24 - [TEST_STEP][PASSED] - selectOptionByIndex: All options with index in [73] are selected on object 'Object Repository/HealthpostToStore/Page_HealthPost Store/select_--Select--Adernaline 0.'

2018-05-22 12:07:25 - [MESSAGE][PASSED] - All options with index in [73] are selected on object 'Object Repository/HealthpostToStore/Page_HealthPost Store/select_--Select--Adernaline 0.'

2018-05-22 12:07:25 - [TEST_STEP][PASSED] - setText: Text '10' is set on object 'Object Repository/HealthpostToStore/Page_HealthPost Store/input_txttreat'

2018-05-22 12:07:25 - [MESSAGE][PASSED] - Text '10' is set on object 'Object Repository/HealthpostToStore/Page_HealthPost Store/input_txttreat'

2018-05-22 12:07:25 - [TEST_STEP][PASSED] - click: Object: 'Object Repository/HealthpostToStore/Page_HealthPost Store/button_Add' is clicked on

2018-05-22 12:07:28 - [MESSAGE][PASSED] - Object: 'Object Repository/HealthpostToStore/Page_HealthPost Store/button_Add' is clicked on

2018-05-22 12:07:28 - [TEST_STEP][PASSED] - selectOptionByIndex: All options with index in [11] are selected on object 'Object Repository/HealthpostToStore/Page_HealthPost Store/select_--Select--Schedule 1Inj'

2018-05-22 12:07:28 - [MESSAGE][PASSED] - All options with index in [11] are selected on object 'Object Repository/HealthpostToStore/Page_HealthPost Store/select_--Select--Schedule 1Inj'

2018-05-22 12:07:28 - [TEST_STEP][PASSED] - selectOptionByIndex: All options with index in [74] are selected on object 'Object Repository/HealthpostToStore/Page_HealthPost Store/select_--Select--Adernaline 0.'

2018-05-22 12:07:30 - [MESSAGE][PASSED] - All options with index in [74] are selected on object 'Object Repository/HealthpostToStore/Page_HealthPost Store/select_--Select--Adernaline 0.'

2018-05-22 12:07:30 - [TEST_STEP][PASSED] - setText: Text '10' is set on object 'Object Repository/HealthpostToStore/Page_HealthPost Store/input_txttreat'

2018-05-22 12:07:30 - [MESSAGE][PASSED] - Text '10' is set on object 'Object Repository/HealthpostToStore/Page_HealthPost Store/input_txttreat'

2018-05-22 12:07:30 - [TEST_STEP][PASSED] - click: Object: 'Object Repository/HealthpostToStore/Page_HealthPost Store/button_Add' is clicked on

2018-05-22 12:07:30 - [MESSAGE][PASSED] - Object: 'Object Repository/HealthpostToStore/Page_HealthPost Store/button_Add' is clicked on

2018-05-22 12:07:30 - [TEST_STEP][PASSED] - selectOptionByIndex: All options with index in [11] are selected on object 'Object Repository/HealthpostToStore/Page_HealthPost Store/select_--Select--Schedule 1Inj'

2018-05-22 12:07:30 - [MESSAGE][PASSED] - All options with index in [11] are selected on object 'Object Repository/HealthpostToStore/Page_HealthPost Store/select_--Select--Schedule 1Inj'

2018-05-22 12:07:30 - [TEST_STEP][PASSED] - selectOptionByIndex: All options with index in [75] are selected on object 'Object Repository/HealthpostToStore/Page_HealthPost Store/select_--Select--Adernaline 0.'

2018-05-22 12:07:31 - [MESSAGE][PASSED] - All options with index in [75] are selected on object 'Object Repository/HealthpostToStore/Page_HealthPost Store/select_--Select--Adernaline 0.'

2018-05-22 12:07:31 - [TEST_STEP][PASSED] - setText: Text '10' is set on object 'Object Repository/HealthpostToStore/Page_HealthPost Store/input_txttreat'

2018-05-22 12:07:31 - [MESSAGE][PASSED] - Text '10' is set on object 'Object Repository/HealthpostToStore/Page_HealthPost Store/input_txttreat'

2018-05-22 12:07:31 - [TEST_STEP][PASSED] - click: Object: 'Object Repository/HealthpostToStore/Page_HealthPost Store/button_Add' is clicked on

2018-05-22 12:07:36 - [MESSAGE][PASSED] - Object: 'Object Repository/HealthpostToStore/Page_HealthPost Store/button_Add' is clicked on

2018-05-22 12:07:36 - [TEST_STEP][PASSED] - selectOptionByIndex: All options with index in [11] are selected on object 'Object Repository/HealthpostToStore/Page_HealthPost Store/select_--Select--Schedule 1Inj'

2018-05-22 12:07:37 - [MESSAGE][PASSED] - All options with index in [11] are selected on object 'Object Repository/HealthpostToStore/Page_HealthPost Store/select_--Select--Schedule 1Inj'

2018-05-22 12:07:37 - [TEST_STEP][PASSED] - selectOptionByIndex: All options with index in [76] are selected on object 'Object Repository/HealthpostToStore/Page_HealthPost Store/select_--Select--Adernaline 0.'

2018-05-22 12:07:37 - [MESSAGE][PASSED] - All options with index in [76] are selected on object 'Object Repository/HealthpostToStore/Page_HealthPost Store/select_--Select--Adernaline 0.'

2018-05-22 12:07:37 - [TEST_STEP][PASSED] - setText: Text '10' is set on object 'Object Repository/HealthpostToStore/Page_HealthPost Store/input_txttreat'

2018-05-22 12:07:37 - [MESSAGE][PASSED] - Text '10' is set on object 'Object Repository/HealthpostToStore/Page_HealthPost Store/input_txttreat'

2018-05-22 12:07:37 - [TEST_STEP][PASSED] - click: Object: 'Object Repository/HealthpostToStore/Page_HealthPost Store/button_Add' is clicked on

2018-05-22 12:07:42 - [MESSAGE][PASSED] - Object: 'Object Repository/HealthpostToStore/Page_HealthPost Store/button_Add' is clicked on

2018-05-22 12:07:42 - [TEST_STEP][PASSED] - selectOptionByIndex: All options with index in [11] are selected on object 'Object Repository/HealthpostToStore/Page_HealthPost Store/select_--Select--Schedule 1Inj'

2018-05-22 12:07:43 - [MESSAGE][PASSED] - All options with index in [11] are selected on object 'Object Repository/HealthpostToStore/Page_HealthPost Store/select_--Select--Schedule 1Inj'

2018-05-22 12:07:43 - [TEST_STEP][PASSED] - selectOptionByIndex: All options with index in [77] are selected on object 'Object Repository/HealthpostToStore/Page_HealthPost Store/select_--Select--Adernaline 0.'

2018-05-22 12:07:44 - [MESSAGE][PASSED] - All options with index in [77] are selected on object 'Object Repository/HealthpostToStore/Page_HealthPost Store/select_--Select--Adernaline 0.'

2018-05-22 12:07:44 - [TEST_STEP][PASSED] - setText: Text '10' is set on object 'Object Repository/HealthpostToStore/Page_HealthPost Store/input_txttreat'

2018-05-22 12:07:44 - [MESSAGE][PASSED] - Text '10' is set on object 'Object Repository/HealthpostToStore/Page_HealthPost Store/input_txttreat'

2018-05-22 12:07:44 - [TEST_STEP][PASSED] - click: Object: 'Object Repository/HealthpostToStore/Page_HealthPost Store/button_Add' is clicked on

2018-05-22 12:07:49 - [MESSAGE][PASSED] - Object: 'Object Repository/HealthpostToStore/Page_HealthPost Store/button_Add' is clicked on

2018-05-22 12:07:49 - [TEST_STEP][PASSED] - selectOptionByIndex: All options with index in [11] are selected on object 'Object Repository/HealthpostToStore/Page_HealthPost Store/select_--Select--Schedule 1Inj'

2018-05-22 12:07:49 - [MESSAGE][PASSED] - All options with index in [11] are selected on object 'Object Repository/HealthpostToStore/Page_HealthPost Store/select_--Select--Schedule 1Inj'

2018-05-22 12:07:49 - [TEST_STEP][PASSED] - selectOptionByIndex: All options with index in [78] are selected on object 'Object Repository/HealthpostToStore/Page_HealthPost Store/select_--Select--Adernaline 0.'

2018-05-22 12:07:50 - [MESSAGE][PASSED] - All options with index in [78] are selected on object 'Object Repository/HealthpostToStore/Page_HealthPost Store/select_--Select--Adernaline 0.'

2018-05-22 12:07:50 - [TEST_STEP][PASSED] - setText: Text '10' is set on object 'Object Repository/HealthpostToStore/Page_HealthPost Store/input_txttreat'

2018-05-22 12:07:50 - [MESSAGE][PASSED] - Text '10' is set on object 'Object Repository/HealthpostToStore/Page_HealthPost Store/input_txttreat'

2018-05-22 12:07:50 - [TEST_STEP][PASSED] - click: Object: 'Object Repository/HealthpostToStore/Page_HealthPost Store/button_Add' is clicked on

2018-05-22 12:07:55 - [MESSAGE][PASSED] - Object: 'Object Repository/HealthpostToStore/Page_HealthPost Store/button_Add' is clicked on

2018-05-22 12:07:55 - [TEST_STEP][PASSED] - selectOptionByIndex: All options with index in [11] are selected on object 'Object Repository/HealthpostToStore/Page_HealthPost Store/select_--Select--Schedule 1Inj'

2018-05-22 12:07:55 - [MESSAGE][PASSED] - All options with index in [11] are selected on object 'Object Repository/HealthpostToStore/Page_HealthPost Store/select_--Select--Schedule 1Inj'

2018-05-22 12:07:55 - [TEST_STEP][PASSED] - selectOptionByIndex: All options with index in [79] are selected on object 'Object Repository/HealthpostToStore/Page_HealthPost Store/select_--Select--Adernaline 0.'

2018-05-22 12:07:56 - [MESSAGE][PASSED] - All options with index in [79] are selected on object 'Object Repository/HealthpostToStore/Page_HealthPost Store/select_--Select--Adernaline 0.'

2018-05-22 12:07:56 - [TEST_STEP][PASSED] - setText: Text '10' is set on object 'Object Repository/HealthpostToStore/Page_HealthPost Store/input_txttreat'

2018-05-22 12:07:56 - [MESSAGE][PASSED] - Text '10' is set on object 'Object Repository/HealthpostToStore/Page_HealthPost Store/input_txttreat'

2018-05-22 12:07:56 - [TEST_STEP][PASSED] - click: Object: 'Object Repository/HealthpostToStore/Page_HealthPost Store/button_Add' is clicked on

2018-05-22 12:08:01 - [MESSAGE][PASSED] - Object: 'Object Repository/HealthpostToStore/Page_HealthPost Store/button_Add' is clicked on

2018-05-22 12:08:01 - [TEST_STEP][PASSED] - selectOptionByIndex: All options with index in [11] are selected on object 'Object Repository/HealthpostToStore/Page_HealthPost Store/select_--Select--Schedule 1Inj'

2018-05-22 12:08:02 - [MESSAGE][PASSED] - All options with index in [11] are selected on object 'Object Repository/HealthpostToStore/Page_HealthPost Store/select_--Select--Schedule 1Inj'

2018-05-22 12:08:02 - [TEST_STEP][PASSED] - selectOptionByIndex: All options with index in [80] are selected on object 'Object Repository/HealthpostToStore/Page_HealthPost Store/select_--Select--Adernaline 0.'

2018-05-22 12:08:02 - [MESSAGE][PASSED] - All options with index in [80] are selected on object 'Object Repository/HealthpostToStore/Page_HealthPost Store/select_--Select--Adernaline 0.'

2018-05-22 12:08:02 - [TEST_STEP][PASSED] - setText: Text '10' is set on object 'Object Repository/HealthpostToStore/Page_HealthPost Store/input_txttreat'

2018-05-22 12:08:03 - [MESSAGE][PASSED] - Text '10' is set on object 'Object Repository/HealthpostToStore/Page_HealthPost Store/input_txttreat'

2018-05-22 12:08:03 - [TEST_STEP][PASSED] - click: Object: 'Object Repository/HealthpostToStore/Page_HealthPost Store/button_Add' is clicked on

2018-05-22 12:08:08 - [MESSAGE][PASSED] - Object: 'Object Repository/HealthpostToStore/Page_HealthPost Store/button_Add' is clicked on

2018-05-22 12:08:08 - [TEST_STEP][PASSED] - scrollToElement: Scroll to object 'Object Repository/HealthpostToStore/Page_HealthPost Store/input_btnsave' successfully

2018-05-22 12:08:08 - [MESSAGE][PASSED] - Scroll to object 'Object Repository/HealthpostToStore/Page_HealthPost Store/input_btnsave' successfully

2018-05-22 12:08:08 - [TEST_STEP][PASSED] - click: Object: 'Object Repository/HealthpostToStore/Page_HealthPost Store/input_btnsave' is clicked on

2018-05-22 12:08:13 - [MESSAGE][PASSED] - Object: 'Object Repository/HealthpostToStore/Page_HealthPost Store/input_btnsave' is clicked on

2018-05-22 12:08:13 - [TEST_STEP][PASSED] - delay: Delayed 3 second(s)

2018-05-22 12:08:16 - [MESSAGE][PASSED] - Delayed 3 second(s)

2018-05-22 12:08:16 - [TEST_STEP][PASSED] - Statement - RN1 = com.kms.katalon.core.webui.keyword.WebUiBuiltInKeywords.getText(com.kms.katalon.core.testobject.ObjectRepository.findTestObject(HealthpostToStore/Page_HealthPost Store/font_HPRNO180520187)): Text of object 'Object Repository/HealthpostToStore/Page_HealthPost Store/font_HPRNO180520187' is: 'HPRNO/22052018/64'

2018-05-22 12:08:16 - [MESSAGE][PASSED] - Text of object 'Object Repository/HealthpostToStore/Page_HealthPost Store/font_HPRNO180520187' is: 'HPRNO/22052018/64'

2018-05-22 12:08:16 - [TEST_STEP][PASSED] - Statement - out.println(RN1): null

2018-05-22 12:08:16 - [TEST_STEP][PASSED] - Statement - RID = RN1.split("/")[2]: null

2018-05-22 12:08:16 - [TEST_STEP][PASSED] - click: Object: 'Object Repository/HealthpostToStore/Page_HealthPost Store/button_OK' is clicked on

2018-05-22 12:08:22 - [MESSAGE][PASSED] - Object: 'Object Repository/HealthpostToStore/Page_HealthPost Store/button_OK' is clicked on

2018-05-22 12:08:22 - [TEST_STEP][PASSED] - delay: Delayed 3 second(s)

2018-05-22 12:08:25 - [MESSAGE][PASSED] - Delayed 3 second(s)

2018-05-22 12:08:25 - [TEST_STEP][FAILED] - click: Unable to click on object 'Object Repository/HealthpostToStore/Page_HealthPost Store/a_dropdown-toggle' (Root cause: com.kms.katalon.core.webui.exception.WebElementNotFoundException: Web element with id: 'Object Repository/HealthpostToStore/Page_HealthPost Store/a_dropdown-toggle' located by 'By.xpath: /html[1]/body[@class="skin-blue  pace-done"]/header[@class="header"]/div[@class="row"]/nav[@class="navbar navbar-static-top"]/div[@class="navbar-right"]/ul[@class="nav navbar-nav"]/li[@class="dropdown user user-menu"]/a[@class="dropdown-toggle"][count(. | //*[@class = 'dropdown-toggle' and @data-toggle = 'dropdown']) = count(//*[@class = 'dropdown-toggle' and @data-toggle = 'dropdown'])]' not found)

2018-05-22 12:08:56 - [MESSAGE][FAILED] - Unable to click on object 'Object Repository/HealthpostToStore/Page_HealthPost Store/a_dropdown-toggle' (Root cause: com.kms.katalon.core.webui.exception.WebElementNotFoundException: Web element with id: 'Object Repository/HealthpostToStore/Page_HealthPost Store/a_dropdown-toggle' located by 'By.xpath: /html[1]/body[@class="skin-blue  pace-done"]/header[@class="header"]/div[@class="row"]/nav[@class="navbar navbar-static-top"]/div[@class="navbar-right"]/ul[@class="nav navbar-nav"]/li[@class="dropdown user user-menu"]/a[@class="dropdown-toggle"][count(. | //*[@class = 'dropdown-toggle' and @data-toggle = 'dropdown']) = count(//*[@class = 'dropdown-toggle' and @data-toggle = 'dropdown'])]' not found)
[[ATTACHMENT|C:\\Users\\Quality Analyst\\Katalon Studio\\ds\\Reports\\HealthPost_Store_Suite\\20180522_112214\\1526971136200.png]]]]></system-out>
         <system-err><![CDATA[2018-05-22 11:59:53 - [TEST_CASE][FAILED] - Test Cases/HEALTHPOST TEST CASES/TC_HP_011 Verify Schedule 11 Healthpost Request Are Working Successfully Or Not: Test Cases/HEALTHPOST TEST CASES/TC_HP_011 Verify Schedule 11 Healthpost Request Are Working Successfully Or Not FAILED because (of) Unable to click on object 'Object Repository/HealthpostToStore/Page_HealthPost Store/a_dropdown-toggle' (Root cause: com.kms.katalon.core.webui.exception.WebElementNotFoundException: Web element with id: 'Object Repository/HealthpostToStore/Page_HealthPost Store/a_dropdown-toggle' located by 'By.xpath: /html[1]/body[@class="skin-blue  pace-done"]/header[@class="header"]/div[@class="row"]/nav[@class="navbar navbar-static-top"]/div[@class="navbar-right"]/ul[@class="nav navbar-nav"]/li[@class="dropdown user user-menu"]/a[@class="dropdown-toggle"][count(. | //*[@class = 'dropdown-toggle' and @data-toggle = 'dropdown']) = count(//*[@class = 'dropdown-toggle' and @data-toggle = 'dropdown'])]' not found)]]></system-err>
      </testcase>
      <testcase name="Test Cases/HEALTHPOST TEST CASES/TC_HP_012 Verify Schedule 12 Healthpost Request Are Working Successfully Or Not" classname="Test Cases/HEALTHPOST TEST CASES/TC_HP_012 Verify Schedule 12 Healthpost Request Are Working Successfully Or Not" status="FAILED">
         <failure type="FAILED" message="Unable to get text of object 'Object Repository/HealthpostToStore/Page_HealthPost Store/font_HPRNO180520187' (Root cause: com.kms.katalon.core.webui.exception.WebElementNotFoundException: Web element with id: 'Object Repository/HealthpostToStore/Page_HealthPost Store/font_HPRNO180520187' located by 'By.xpath: /html[1]/body[@class=&quot;skin-blue  pace-done modal-open&quot;]/div[@class=&quot;bootbox modal fade bootbox-alert in&quot;]/div[@class=&quot;modal-dialog&quot;]/div[@class=&quot;modal-content&quot;]/div[@class=&quot;modal-body&quot;]/div[@class=&quot;bootbox-body&quot;]/b[1]/font[1]' not found)"/>
         <system-out><![CDATA[2018-05-22 12:08:56 - [TEST_CASE][FAILED] - Test Cases/HEALTHPOST TEST CASES/TC_HP_012 Verify Schedule 12 Healthpost Request Are Working Successfully Or Not: Test Cases/HEALTHPOST TEST CASES/TC_HP_012 Verify Schedule 12 Healthpost Request Are Working Successfully Or Not FAILED because (of) Unable to get text of object 'Object Repository/HealthpostToStore/Page_HealthPost Store/font_HPRNO180520187' (Root cause: com.kms.katalon.core.webui.exception.WebElementNotFoundException: Web element with id: 'Object Repository/HealthpostToStore/Page_HealthPost Store/font_HPRNO180520187' located by 'By.xpath: /html[1]/body[@class="skin-blue  pace-done modal-open"]/div[@class="bootbox modal fade bootbox-alert in"]/div[@class="modal-dialog"]/div[@class="modal-content"]/div[@class="modal-body"]/div[@class="bootbox-body"]/b[1]/font[1]' not found)

2018-05-22 12:08:57 - [TEST_STEP][PASSED] - openBrowser: Browser is opened with url: ''

2018-05-22 12:08:57 - [MESSAGE][WARNING] - A browser is already opened. Closing browser and opening a new one

2018-05-22 12:08:59 - [MESSAGE][PASSED] - Browser is opened with url: ''

2018-05-22 12:08:59 - [TEST_STEP][PASSED] - navigateToUrl: Navigate to 'http://192.168.137.1/multihospital_new/HDSplashscreen.aspx' successfully

2018-05-22 12:09:01 - [MESSAGE][PASSED] - Navigate to 'http://192.168.137.1/multihospital_new/HDSplashscreen.aspx' successfully

2018-05-22 12:09:01 - [TEST_STEP][PASSED] - maximizeWindow: Current window maximized

2018-05-22 12:09:02 - [MESSAGE][PASSED] - Current window maximized

2018-05-22 12:09:02 - [TEST_STEP][PASSED] - click: Object: 'Object Repository/HealthpostToStore/Page_KDMC/a_Healthpost Store' is clicked on

2018-05-22 12:09:03 - [MESSAGE][PASSED] - Object: 'Object Repository/HealthpostToStore/Page_KDMC/a_Healthpost Store' is clicked on

2018-05-22 12:09:03 - [TEST_STEP][PASSED] - setText: Text 'raguram' is set on object 'Object Repository/HealthpostToStore/Page_HealthPost Store Login/input_txtusername'

2018-05-22 12:09:03 - [MESSAGE][PASSED] - Text 'raguram' is set on object 'Object Repository/HealthpostToStore/Page_HealthPost Store Login/input_txtusername'

2018-05-22 12:09:03 - [TEST_STEP][PASSED] - setText: Text '123' is set on object 'Object Repository/HealthpostToStore/Page_HealthPost Store Login/input_txtpassword'

2018-05-22 12:09:03 - [MESSAGE][PASSED] - Text '123' is set on object 'Object Repository/HealthpostToStore/Page_HealthPost Store Login/input_txtpassword'

2018-05-22 12:09:03 - [TEST_STEP][PASSED] - delay: Delayed 3 second(s)

2018-05-22 12:09:06 - [MESSAGE][PASSED] - Delayed 3 second(s)

2018-05-22 12:09:06 - [TEST_STEP][PASSED] - sendKeys: Keys 'ENTER + ' sent to object: 'Object Repository/HealthpostToStore/Page_HealthPost Store Login/input_txtpassword'

2018-05-22 12:09:07 - [MESSAGE][PASSED] - Keys 'ENTER + ' sent to object: 'Object Repository/HealthpostToStore/Page_HealthPost Store Login/input_txtpassword'

2018-05-22 12:09:07 - [TEST_STEP][PASSED] - delay: Delayed 3 second(s)

2018-05-22 12:09:10 - [MESSAGE][PASSED] - Delayed 3 second(s)

2018-05-22 12:09:10 - [TEST_STEP][PASSED] - click: Object: 'Object Repository/HealthpostToStore/Page_HealthPost Store/a_Request to Store' is clicked on

2018-05-22 12:09:15 - [MESSAGE][PASSED] - Object: 'Object Repository/HealthpostToStore/Page_HealthPost Store/a_Request to Store' is clicked on

2018-05-22 12:09:15 - [TEST_STEP][PASSED] - delay: Delayed 1 second(s)

2018-05-22 12:09:16 - [MESSAGE][PASSED] - Delayed 1 second(s)

2018-05-22 12:09:16 - [TEST_STEP][PASSED] - click: Object: 'Object Repository/HealthpostToStore/Page_HealthPost Store/a_Medicine Request' is clicked on

2018-05-22 12:09:21 - [MESSAGE][PASSED] - Object: 'Object Repository/HealthpostToStore/Page_HealthPost Store/a_Medicine Request' is clicked on

2018-05-22 12:09:21 - [TEST_STEP][PASSED] - delay: Delayed 1 second(s)

2018-05-22 12:09:22 - [MESSAGE][PASSED] - Delayed 1 second(s)

2018-05-22 12:09:22 - [TEST_STEP][PASSED] - selectOptionByIndex: All options with index in [12] are selected on object 'Object Repository/HealthpostToStore/Page_HealthPost Store/select_--Select--Schedule 1Inj'

2018-05-22 12:09:23 - [MESSAGE][PASSED] - All options with index in [12] are selected on object 'Object Repository/HealthpostToStore/Page_HealthPost Store/select_--Select--Schedule 1Inj'

2018-05-22 12:09:23 - [TEST_STEP][PASSED] - Statement - medicineslength = com.kms.katalon.core.webui.keyword.WebUiBuiltInKeywords.getNumberOfTotalOption(com.kms.katalon.core.testobject.ObjectRepository.findTestObject(HealthpostToStore/Page_HealthPost Store/select_--Select--Adernaline 0.)): 19 options of object 'Object Repository/HealthpostToStore/Page_HealthPost Store/select_--Select--Adernaline 0.' counted

2018-05-22 12:09:23 - [MESSAGE][PASSED] - 19 options of object 'Object Repository/HealthpostToStore/Page_HealthPost Store/select_--Select--Adernaline 0.' counted

2018-05-22 12:09:23 - [TEST_STEP][PASSED] - Statement - For ([e = 1, e <= medicineslength - 1, (e++)]): Object: 'Object Repository/HealthpostToStore/Page_HealthPost Store/button_Add' is clicked on

2018-05-22 12:09:23 - [TEST_STEP][PASSED] - selectOptionByIndex: All options with index in [12] are selected on object 'Object Repository/HealthpostToStore/Page_HealthPost Store/select_--Select--Schedule 1Inj'

2018-05-22 12:09:23 - [MESSAGE][PASSED] - All options with index in [12] are selected on object 'Object Repository/HealthpostToStore/Page_HealthPost Store/select_--Select--Schedule 1Inj'

2018-05-22 12:09:23 - [TEST_STEP][PASSED] - selectOptionByIndex: All options with index in [1] are selected on object 'Object Repository/HealthpostToStore/Page_HealthPost Store/select_--Select--Adernaline 0.'

2018-05-22 12:09:23 - [MESSAGE][PASSED] - All options with index in [1] are selected on object 'Object Repository/HealthpostToStore/Page_HealthPost Store/select_--Select--Adernaline 0.'

2018-05-22 12:09:23 - [TEST_STEP][PASSED] - setText: Text '10' is set on object 'Object Repository/HealthpostToStore/Page_HealthPost Store/input_txttreat'

2018-05-22 12:09:23 - [MESSAGE][PASSED] - Text '10' is set on object 'Object Repository/HealthpostToStore/Page_HealthPost Store/input_txttreat'

2018-05-22 12:09:23 - [TEST_STEP][PASSED] - click: Object: 'Object Repository/HealthpostToStore/Page_HealthPost Store/button_Add' is clicked on

2018-05-22 12:09:29 - [MESSAGE][PASSED] - Object: 'Object Repository/HealthpostToStore/Page_HealthPost Store/button_Add' is clicked on

2018-05-22 12:09:29 - [TEST_STEP][PASSED] - selectOptionByIndex: All options with index in [12] are selected on object 'Object Repository/HealthpostToStore/Page_HealthPost Store/select_--Select--Schedule 1Inj'

2018-05-22 12:09:29 - [MESSAGE][PASSED] - All options with index in [12] are selected on object 'Object Repository/HealthpostToStore/Page_HealthPost Store/select_--Select--Schedule 1Inj'

2018-05-22 12:09:29 - [TEST_STEP][PASSED] - selectOptionByIndex: All options with index in [2] are selected on object 'Object Repository/HealthpostToStore/Page_HealthPost Store/select_--Select--Adernaline 0.'

2018-05-22 12:09:29 - [MESSAGE][PASSED] - All options with index in [2] are selected on object 'Object Repository/HealthpostToStore/Page_HealthPost Store/select_--Select--Adernaline 0.'

2018-05-22 12:09:29 - [TEST_STEP][PASSED] - setText: Text '10' is set on object 'Object Repository/HealthpostToStore/Page_HealthPost Store/input_txttreat'

2018-05-22 12:09:29 - [MESSAGE][PASSED] - Text '10' is set on object 'Object Repository/HealthpostToStore/Page_HealthPost Store/input_txttreat'

2018-05-22 12:09:29 - [TEST_STEP][PASSED] - click: Object: 'Object Repository/HealthpostToStore/Page_HealthPost Store/button_Add' is clicked on

2018-05-22 12:09:34 - [MESSAGE][PASSED] - Object: 'Object Repository/HealthpostToStore/Page_HealthPost Store/button_Add' is clicked on

2018-05-22 12:09:34 - [TEST_STEP][PASSED] - selectOptionByIndex: All options with index in [12] are selected on object 'Object Repository/HealthpostToStore/Page_HealthPost Store/select_--Select--Schedule 1Inj'

2018-05-22 12:09:34 - [MESSAGE][PASSED] - All options with index in [12] are selected on object 'Object Repository/HealthpostToStore/Page_HealthPost Store/select_--Select--Schedule 1Inj'

2018-05-22 12:09:34 - [TEST_STEP][PASSED] - selectOptionByIndex: All options with index in [3] are selected on object 'Object Repository/HealthpostToStore/Page_HealthPost Store/select_--Select--Adernaline 0.'

2018-05-22 12:09:35 - [MESSAGE][PASSED] - All options with index in [3] are selected on object 'Object Repository/HealthpostToStore/Page_HealthPost Store/select_--Select--Adernaline 0.'

2018-05-22 12:09:35 - [TEST_STEP][PASSED] - setText: Text '10' is set on object 'Object Repository/HealthpostToStore/Page_HealthPost Store/input_txttreat'

2018-05-22 12:09:35 - [MESSAGE][PASSED] - Text '10' is set on object 'Object Repository/HealthpostToStore/Page_HealthPost Store/input_txttreat'

2018-05-22 12:09:35 - [TEST_STEP][PASSED] - click: Object: 'Object Repository/HealthpostToStore/Page_HealthPost Store/button_Add' is clicked on

2018-05-22 12:09:40 - [MESSAGE][PASSED] - Object: 'Object Repository/HealthpostToStore/Page_HealthPost Store/button_Add' is clicked on

2018-05-22 12:09:40 - [TEST_STEP][PASSED] - selectOptionByIndex: All options with index in [12] are selected on object 'Object Repository/HealthpostToStore/Page_HealthPost Store/select_--Select--Schedule 1Inj'

2018-05-22 12:09:40 - [MESSAGE][PASSED] - All options with index in [12] are selected on object 'Object Repository/HealthpostToStore/Page_HealthPost Store/select_--Select--Schedule 1Inj'

2018-05-22 12:09:40 - [TEST_STEP][PASSED] - selectOptionByIndex: All options with index in [4] are selected on object 'Object Repository/HealthpostToStore/Page_HealthPost Store/select_--Select--Adernaline 0.'

2018-05-22 12:09:40 - [MESSAGE][PASSED] - All options with index in [4] are selected on object 'Object Repository/HealthpostToStore/Page_HealthPost Store/select_--Select--Adernaline 0.'

2018-05-22 12:09:40 - [TEST_STEP][PASSED] - setText: Text '10' is set on object 'Object Repository/HealthpostToStore/Page_HealthPost Store/input_txttreat'

2018-05-22 12:09:40 - [MESSAGE][PASSED] - Text '10' is set on object 'Object Repository/HealthpostToStore/Page_HealthPost Store/input_txttreat'

2018-05-22 12:09:40 - [TEST_STEP][PASSED] - click: Object: 'Object Repository/HealthpostToStore/Page_HealthPost Store/button_Add' is clicked on

2018-05-22 12:09:45 - [MESSAGE][PASSED] - Object: 'Object Repository/HealthpostToStore/Page_HealthPost Store/button_Add' is clicked on

2018-05-22 12:09:45 - [TEST_STEP][PASSED] - selectOptionByIndex: All options with index in [12] are selected on object 'Object Repository/HealthpostToStore/Page_HealthPost Store/select_--Select--Schedule 1Inj'

2018-05-22 12:09:46 - [MESSAGE][PASSED] - All options with index in [12] are selected on object 'Object Repository/HealthpostToStore/Page_HealthPost Store/select_--Select--Schedule 1Inj'

2018-05-22 12:09:46 - [TEST_STEP][PASSED] - selectOptionByIndex: All options with index in [5] are selected on object 'Object Repository/HealthpostToStore/Page_HealthPost Store/select_--Select--Adernaline 0.'

2018-05-22 12:09:46 - [MESSAGE][PASSED] - All options with index in [5] are selected on object 'Object Repository/HealthpostToStore/Page_HealthPost Store/select_--Select--Adernaline 0.'

2018-05-22 12:09:46 - [TEST_STEP][PASSED] - setText: Text '10' is set on object 'Object Repository/HealthpostToStore/Page_HealthPost Store/input_txttreat'

2018-05-22 12:09:46 - [MESSAGE][PASSED] - Text '10' is set on object 'Object Repository/HealthpostToStore/Page_HealthPost Store/input_txttreat'

2018-05-22 12:09:46 - [TEST_STEP][PASSED] - click: Object: 'Object Repository/HealthpostToStore/Page_HealthPost Store/button_Add' is clicked on

2018-05-22 12:09:51 - [MESSAGE][PASSED] - Object: 'Object Repository/HealthpostToStore/Page_HealthPost Store/button_Add' is clicked on

2018-05-22 12:09:51 - [TEST_STEP][PASSED] - selectOptionByIndex: All options with index in [12] are selected on object 'Object Repository/HealthpostToStore/Page_HealthPost Store/select_--Select--Schedule 1Inj'

2018-05-22 12:09:51 - [MESSAGE][PASSED] - All options with index in [12] are selected on object 'Object Repository/HealthpostToStore/Page_HealthPost Store/select_--Select--Schedule 1Inj'

2018-05-22 12:09:51 - [TEST_STEP][PASSED] - selectOptionByIndex: All options with index in [6] are selected on object 'Object Repository/HealthpostToStore/Page_HealthPost Store/select_--Select--Adernaline 0.'

2018-05-22 12:09:51 - [MESSAGE][PASSED] - All options with index in [6] are selected on object 'Object Repository/HealthpostToStore/Page_HealthPost Store/select_--Select--Adernaline 0.'

2018-05-22 12:09:51 - [TEST_STEP][PASSED] - setText: Text '10' is set on object 'Object Repository/HealthpostToStore/Page_HealthPost Store/input_txttreat'

2018-05-22 12:09:51 - [MESSAGE][PASSED] - Text '10' is set on object 'Object Repository/HealthpostToStore/Page_HealthPost Store/input_txttreat'

2018-05-22 12:09:51 - [TEST_STEP][PASSED] - click: Object: 'Object Repository/HealthpostToStore/Page_HealthPost Store/button_Add' is clicked on

2018-05-22 12:09:57 - [MESSAGE][PASSED] - Object: 'Object Repository/HealthpostToStore/Page_HealthPost Store/button_Add' is clicked on

2018-05-22 12:09:57 - [TEST_STEP][PASSED] - selectOptionByIndex: All options with index in [12] are selected on object 'Object Repository/HealthpostToStore/Page_HealthPost Store/select_--Select--Schedule 1Inj'

2018-05-22 12:09:57 - [MESSAGE][PASSED] - All options with index in [12] are selected on object 'Object Repository/HealthpostToStore/Page_HealthPost Store/select_--Select--Schedule 1Inj'

2018-05-22 12:09:57 - [TEST_STEP][PASSED] - selectOptionByIndex: All options with index in [7] are selected on object 'Object Repository/HealthpostToStore/Page_HealthPost Store/select_--Select--Adernaline 0.'

2018-05-22 12:09:57 - [MESSAGE][PASSED] - All options with index in [7] are selected on object 'Object Repository/HealthpostToStore/Page_HealthPost Store/select_--Select--Adernaline 0.'

2018-05-22 12:09:57 - [TEST_STEP][PASSED] - setText: Text '10' is set on object 'Object Repository/HealthpostToStore/Page_HealthPost Store/input_txttreat'

2018-05-22 12:09:57 - [MESSAGE][PASSED] - Text '10' is set on object 'Object Repository/HealthpostToStore/Page_HealthPost Store/input_txttreat'

2018-05-22 12:09:57 - [TEST_STEP][PASSED] - click: Object: 'Object Repository/HealthpostToStore/Page_HealthPost Store/button_Add' is clicked on

2018-05-22 12:10:02 - [MESSAGE][PASSED] - Object: 'Object Repository/HealthpostToStore/Page_HealthPost Store/button_Add' is clicked on

2018-05-22 12:10:02 - [TEST_STEP][PASSED] - selectOptionByIndex: All options with index in [12] are selected on object 'Object Repository/HealthpostToStore/Page_HealthPost Store/select_--Select--Schedule 1Inj'

2018-05-22 12:10:02 - [MESSAGE][PASSED] - All options with index in [12] are selected on object 'Object Repository/HealthpostToStore/Page_HealthPost Store/select_--Select--Schedule 1Inj'

2018-05-22 12:10:02 - [TEST_STEP][PASSED] - selectOptionByIndex: All options with index in [8] are selected on object 'Object Repository/HealthpostToStore/Page_HealthPost Store/select_--Select--Adernaline 0.'

2018-05-22 12:10:03 - [MESSAGE][PASSED] - All options with index in [8] are selected on object 'Object Repository/HealthpostToStore/Page_HealthPost Store/select_--Select--Adernaline 0.'

2018-05-22 12:10:03 - [TEST_STEP][PASSED] - setText: Text '10' is set on object 'Object Repository/HealthpostToStore/Page_HealthPost Store/input_txttreat'

2018-05-22 12:10:03 - [MESSAGE][PASSED] - Text '10' is set on object 'Object Repository/HealthpostToStore/Page_HealthPost Store/input_txttreat'

2018-05-22 12:10:03 - [TEST_STEP][PASSED] - click: Object: 'Object Repository/HealthpostToStore/Page_HealthPost Store/button_Add' is clicked on

2018-05-22 12:10:08 - [MESSAGE][PASSED] - Object: 'Object Repository/HealthpostToStore/Page_HealthPost Store/button_Add' is clicked on

2018-05-22 12:10:08 - [TEST_STEP][PASSED] - selectOptionByIndex: All options with index in [12] are selected on object 'Object Repository/HealthpostToStore/Page_HealthPost Store/select_--Select--Schedule 1Inj'

2018-05-22 12:10:08 - [MESSAGE][PASSED] - All options with index in [12] are selected on object 'Object Repository/HealthpostToStore/Page_HealthPost Store/select_--Select--Schedule 1Inj'

2018-05-22 12:10:08 - [TEST_STEP][PASSED] - selectOptionByIndex: All options with index in [9] are selected on object 'Object Repository/HealthpostToStore/Page_HealthPost Store/select_--Select--Adernaline 0.'

2018-05-22 12:10:08 - [MESSAGE][PASSED] - All options with index in [9] are selected on object 'Object Repository/HealthpostToStore/Page_HealthPost Store/select_--Select--Adernaline 0.'

2018-05-22 12:10:08 - [TEST_STEP][PASSED] - setText: Text '10' is set on object 'Object Repository/HealthpostToStore/Page_HealthPost Store/input_txttreat'

2018-05-22 12:10:08 - [MESSAGE][PASSED] - Text '10' is set on object 'Object Repository/HealthpostToStore/Page_HealthPost Store/input_txttreat'

2018-05-22 12:10:08 - [TEST_STEP][PASSED] - click: Object: 'Object Repository/HealthpostToStore/Page_HealthPost Store/button_Add' is clicked on

2018-05-22 12:10:13 - [MESSAGE][PASSED] - Object: 'Object Repository/HealthpostToStore/Page_HealthPost Store/button_Add' is clicked on

2018-05-22 12:10:13 - [TEST_STEP][PASSED] - selectOptionByIndex: All options with index in [12] are selected on object 'Object Repository/HealthpostToStore/Page_HealthPost Store/select_--Select--Schedule 1Inj'

2018-05-22 12:10:14 - [MESSAGE][PASSED] - All options with index in [12] are selected on object 'Object Repository/HealthpostToStore/Page_HealthPost Store/select_--Select--Schedule 1Inj'

2018-05-22 12:10:14 - [TEST_STEP][PASSED] - selectOptionByIndex: All options with index in [10] are selected on object 'Object Repository/HealthpostToStore/Page_HealthPost Store/select_--Select--Adernaline 0.'

2018-05-22 12:10:14 - [MESSAGE][PASSED] - All options with index in [10] are selected on object 'Object Repository/HealthpostToStore/Page_HealthPost Store/select_--Select--Adernaline 0.'

2018-05-22 12:10:14 - [TEST_STEP][PASSED] - setText: Text '10' is set on object 'Object Repository/HealthpostToStore/Page_HealthPost Store/input_txttreat'

2018-05-22 12:10:14 - [MESSAGE][PASSED] - Text '10' is set on object 'Object Repository/HealthpostToStore/Page_HealthPost Store/input_txttreat'

2018-05-22 12:10:14 - [TEST_STEP][PASSED] - click: Object: 'Object Repository/HealthpostToStore/Page_HealthPost Store/button_Add' is clicked on

2018-05-22 12:10:19 - [MESSAGE][PASSED] - Object: 'Object Repository/HealthpostToStore/Page_HealthPost Store/button_Add' is clicked on

2018-05-22 12:10:19 - [TEST_STEP][PASSED] - selectOptionByIndex: All options with index in [12] are selected on object 'Object Repository/HealthpostToStore/Page_HealthPost Store/select_--Select--Schedule 1Inj'

2018-05-22 12:10:19 - [MESSAGE][PASSED] - All options with index in [12] are selected on object 'Object Repository/HealthpostToStore/Page_HealthPost Store/select_--Select--Schedule 1Inj'

2018-05-22 12:10:19 - [TEST_STEP][PASSED] - selectOptionByIndex: All options with index in [11] are selected on object 'Object Repository/HealthpostToStore/Page_HealthPost Store/select_--Select--Adernaline 0.'

2018-05-22 12:10:20 - [MESSAGE][PASSED] - All options with index in [11] are selected on object 'Object Repository/HealthpostToStore/Page_HealthPost Store/select_--Select--Adernaline 0.'

2018-05-22 12:10:20 - [TEST_STEP][PASSED] - setText: Text '10' is set on object 'Object Repository/HealthpostToStore/Page_HealthPost Store/input_txttreat'

2018-05-22 12:10:20 - [MESSAGE][PASSED] - Text '10' is set on object 'Object Repository/HealthpostToStore/Page_HealthPost Store/input_txttreat'

2018-05-22 12:10:20 - [TEST_STEP][PASSED] - click: Object: 'Object Repository/HealthpostToStore/Page_HealthPost Store/button_Add' is clicked on

2018-05-22 12:10:25 - [MESSAGE][PASSED] - Object: 'Object Repository/HealthpostToStore/Page_HealthPost Store/button_Add' is clicked on

2018-05-22 12:10:25 - [TEST_STEP][PASSED] - selectOptionByIndex: All options with index in [12] are selected on object 'Object Repository/HealthpostToStore/Page_HealthPost Store/select_--Select--Schedule 1Inj'

2018-05-22 12:10:25 - [MESSAGE][PASSED] - All options with index in [12] are selected on object 'Object Repository/HealthpostToStore/Page_HealthPost Store/select_--Select--Schedule 1Inj'

2018-05-22 12:10:25 - [TEST_STEP][PASSED] - selectOptionByIndex: All options with index in [12] are selected on object 'Object Repository/HealthpostToStore/Page_HealthPost Store/select_--Select--Adernaline 0.'

2018-05-22 12:10:25 - [MESSAGE][PASSED] - All options with index in [12] are selected on object 'Object Repository/HealthpostToStore/Page_HealthPost Store/select_--Select--Adernaline 0.'

2018-05-22 12:10:25 - [TEST_STEP][PASSED] - setText: Text '10' is set on object 'Object Repository/HealthpostToStore/Page_HealthPost Store/input_txttreat'

2018-05-22 12:10:25 - [MESSAGE][PASSED] - Text '10' is set on object 'Object Repository/HealthpostToStore/Page_HealthPost Store/input_txttreat'

2018-05-22 12:10:25 - [TEST_STEP][PASSED] - click: Object: 'Object Repository/HealthpostToStore/Page_HealthPost Store/button_Add' is clicked on

2018-05-22 12:10:30 - [MESSAGE][PASSED] - Object: 'Object Repository/HealthpostToStore/Page_HealthPost Store/button_Add' is clicked on

2018-05-22 12:10:30 - [TEST_STEP][PASSED] - selectOptionByIndex: All options with index in [12] are selected on object 'Object Repository/HealthpostToStore/Page_HealthPost Store/select_--Select--Schedule 1Inj'

2018-05-22 12:10:31 - [MESSAGE][PASSED] - All options with index in [12] are selected on object 'Object Repository/HealthpostToStore/Page_HealthPost Store/select_--Select--Schedule 1Inj'

2018-05-22 12:10:31 - [TEST_STEP][PASSED] - selectOptionByIndex: All options with index in [13] are selected on object 'Object Repository/HealthpostToStore/Page_HealthPost Store/select_--Select--Adernaline 0.'

2018-05-22 12:10:31 - [MESSAGE][PASSED] - All options with index in [13] are selected on object 'Object Repository/HealthpostToStore/Page_HealthPost Store/select_--Select--Adernaline 0.'

2018-05-22 12:10:31 - [TEST_STEP][PASSED] - setText: Text '10' is set on object 'Object Repository/HealthpostToStore/Page_HealthPost Store/input_txttreat'

2018-05-22 12:10:31 - [MESSAGE][PASSED] - Text '10' is set on object 'Object Repository/HealthpostToStore/Page_HealthPost Store/input_txttreat'

2018-05-22 12:10:31 - [TEST_STEP][PASSED] - click: Object: 'Object Repository/HealthpostToStore/Page_HealthPost Store/button_Add' is clicked on

2018-05-22 12:10:36 - [MESSAGE][PASSED] - Object: 'Object Repository/HealthpostToStore/Page_HealthPost Store/button_Add' is clicked on

2018-05-22 12:10:36 - [TEST_STEP][PASSED] - selectOptionByIndex: All options with index in [12] are selected on object 'Object Repository/HealthpostToStore/Page_HealthPost Store/select_--Select--Schedule 1Inj'

2018-05-22 12:10:37 - [MESSAGE][PASSED] - All options with index in [12] are selected on object 'Object Repository/HealthpostToStore/Page_HealthPost Store/select_--Select--Schedule 1Inj'

2018-05-22 12:10:37 - [TEST_STEP][PASSED] - selectOptionByIndex: All options with index in [14] are selected on object 'Object Repository/HealthpostToStore/Page_HealthPost Store/select_--Select--Adernaline 0.'

2018-05-22 12:10:37 - [MESSAGE][PASSED] - All options with index in [14] are selected on object 'Object Repository/HealthpostToStore/Page_HealthPost Store/select_--Select--Adernaline 0.'

2018-05-22 12:10:37 - [TEST_STEP][PASSED] - setText: Text '10' is set on object 'Object Repository/HealthpostToStore/Page_HealthPost Store/input_txttreat'

2018-05-22 12:10:37 - [MESSAGE][PASSED] - Text '10' is set on object 'Object Repository/HealthpostToStore/Page_HealthPost Store/input_txttreat'

2018-05-22 12:10:37 - [TEST_STEP][PASSED] - click: Object: 'Object Repository/HealthpostToStore/Page_HealthPost Store/button_Add' is clicked on

2018-05-22 12:10:42 - [MESSAGE][PASSED] - Object: 'Object Repository/HealthpostToStore/Page_HealthPost Store/button_Add' is clicked on

2018-05-22 12:10:42 - [TEST_STEP][PASSED] - selectOptionByIndex: All options with index in [12] are selected on object 'Object Repository/HealthpostToStore/Page_HealthPost Store/select_--Select--Schedule 1Inj'

2018-05-22 12:10:42 - [MESSAGE][PASSED] - All options with index in [12] are selected on object 'Object Repository/HealthpostToStore/Page_HealthPost Store/select_--Select--Schedule 1Inj'

2018-05-22 12:10:42 - [TEST_STEP][PASSED] - selectOptionByIndex: All options with index in [15] are selected on object 'Object Repository/HealthpostToStore/Page_HealthPost Store/select_--Select--Adernaline 0.'

2018-05-22 12:10:43 - [MESSAGE][PASSED] - All options with index in [15] are selected on object 'Object Repository/HealthpostToStore/Page_HealthPost Store/select_--Select--Adernaline 0.'

2018-05-22 12:10:43 - [TEST_STEP][PASSED] - setText: Text '10' is set on object 'Object Repository/HealthpostToStore/Page_HealthPost Store/input_txttreat'

2018-05-22 12:10:43 - [MESSAGE][PASSED] - Text '10' is set on object 'Object Repository/HealthpostToStore/Page_HealthPost Store/input_txttreat'

2018-05-22 12:10:43 - [TEST_STEP][PASSED] - click: Object: 'Object Repository/HealthpostToStore/Page_HealthPost Store/button_Add' is clicked on

2018-05-22 12:10:48 - [MESSAGE][PASSED] - Object: 'Object Repository/HealthpostToStore/Page_HealthPost Store/button_Add' is clicked on

2018-05-22 12:10:48 - [TEST_STEP][PASSED] - selectOptionByIndex: All options with index in [12] are selected on object 'Object Repository/HealthpostToStore/Page_HealthPost Store/select_--Select--Schedule 1Inj'

2018-05-22 12:10:48 - [MESSAGE][PASSED] - All options with index in [12] are selected on object 'Object Repository/HealthpostToStore/Page_HealthPost Store/select_--Select--Schedule 1Inj'

2018-05-22 12:10:48 - [TEST_STEP][PASSED] - selectOptionByIndex: All options with index in [16] are selected on object 'Object Repository/HealthpostToStore/Page_HealthPost Store/select_--Select--Adernaline 0.'

2018-05-22 12:10:48 - [MESSAGE][PASSED] - All options with index in [16] are selected on object 'Object Repository/HealthpostToStore/Page_HealthPost Store/select_--Select--Adernaline 0.'

2018-05-22 12:10:48 - [TEST_STEP][PASSED] - setText: Text '10' is set on object 'Object Repository/HealthpostToStore/Page_HealthPost Store/input_txttreat'

2018-05-22 12:10:48 - [MESSAGE][PASSED] - Text '10' is set on object 'Object Repository/HealthpostToStore/Page_HealthPost Store/input_txttreat'

2018-05-22 12:10:48 - [TEST_STEP][PASSED] - click: Object: 'Object Repository/HealthpostToStore/Page_HealthPost Store/button_Add' is clicked on

2018-05-22 12:10:53 - [MESSAGE][PASSED] - Object: 'Object Repository/HealthpostToStore/Page_HealthPost Store/button_Add' is clicked on

2018-05-22 12:10:53 - [TEST_STEP][PASSED] - selectOptionByIndex: All options with index in [12] are selected on object 'Object Repository/HealthpostToStore/Page_HealthPost Store/select_--Select--Schedule 1Inj'

2018-05-22 12:10:54 - [MESSAGE][PASSED] - All options with index in [12] are selected on object 'Object Repository/HealthpostToStore/Page_HealthPost Store/select_--Select--Schedule 1Inj'

2018-05-22 12:10:54 - [TEST_STEP][PASSED] - selectOptionByIndex: All options with index in [17] are selected on object 'Object Repository/HealthpostToStore/Page_HealthPost Store/select_--Select--Adernaline 0.'

2018-05-22 12:10:54 - [MESSAGE][PASSED] - All options with index in [17] are selected on object 'Object Repository/HealthpostToStore/Page_HealthPost Store/select_--Select--Adernaline 0.'

2018-05-22 12:10:54 - [TEST_STEP][PASSED] - setText: Text '10' is set on object 'Object Repository/HealthpostToStore/Page_HealthPost Store/input_txttreat'

2018-05-22 12:10:54 - [MESSAGE][PASSED] - Text '10' is set on object 'Object Repository/HealthpostToStore/Page_HealthPost Store/input_txttreat'

2018-05-22 12:10:54 - [TEST_STEP][PASSED] - click: Object: 'Object Repository/HealthpostToStore/Page_HealthPost Store/button_Add' is clicked on

2018-05-22 12:10:59 - [MESSAGE][PASSED] - Object: 'Object Repository/HealthpostToStore/Page_HealthPost Store/button_Add' is clicked on

2018-05-22 12:10:59 - [TEST_STEP][PASSED] - selectOptionByIndex: All options with index in [12] are selected on object 'Object Repository/HealthpostToStore/Page_HealthPost Store/select_--Select--Schedule 1Inj'

2018-05-22 12:10:59 - [MESSAGE][PASSED] - All options with index in [12] are selected on object 'Object Repository/HealthpostToStore/Page_HealthPost Store/select_--Select--Schedule 1Inj'

2018-05-22 12:10:59 - [TEST_STEP][PASSED] - selectOptionByIndex: All options with index in [18] are selected on object 'Object Repository/HealthpostToStore/Page_HealthPost Store/select_--Select--Adernaline 0.'

2018-05-22 12:11:00 - [MESSAGE][PASSED] - All options with index in [18] are selected on object 'Object Repository/HealthpostToStore/Page_HealthPost Store/select_--Select--Adernaline 0.'

2018-05-22 12:11:00 - [TEST_STEP][PASSED] - setText: Text '10' is set on object 'Object Repository/HealthpostToStore/Page_HealthPost Store/input_txttreat'

2018-05-22 12:11:00 - [MESSAGE][PASSED] - Text '10' is set on object 'Object Repository/HealthpostToStore/Page_HealthPost Store/input_txttreat'

2018-05-22 12:11:00 - [TEST_STEP][PASSED] - click: Object: 'Object Repository/HealthpostToStore/Page_HealthPost Store/button_Add' is clicked on

2018-05-22 12:11:05 - [MESSAGE][PASSED] - Object: 'Object Repository/HealthpostToStore/Page_HealthPost Store/button_Add' is clicked on

2018-05-22 12:11:05 - [TEST_STEP][PASSED] - scrollToElement: Scroll to object 'Object Repository/HealthpostToStore/Page_HealthPost Store/input_btnsave' successfully

2018-05-22 12:11:05 - [MESSAGE][PASSED] - Scroll to object 'Object Repository/HealthpostToStore/Page_HealthPost Store/input_btnsave' successfully

2018-05-22 12:11:05 - [TEST_STEP][PASSED] - click: Object: 'Object Repository/HealthpostToStore/Page_HealthPost Store/input_btnsave' is clicked on

2018-05-22 12:11:10 - [MESSAGE][PASSED] - Object: 'Object Repository/HealthpostToStore/Page_HealthPost Store/input_btnsave' is clicked on

2018-05-22 12:11:10 - [TEST_STEP][PASSED] - delay: Delayed 3 second(s)

2018-05-22 12:11:13 - [MESSAGE][PASSED] - Delayed 3 second(s)

2018-05-22 12:11:13 - [TEST_STEP][FAILED] - Statement - RN1 = com.kms.katalon.core.webui.keyword.WebUiBuiltInKeywords.getText(com.kms.katalon.core.testobject.ObjectRepository.findTestObject(HealthpostToStore/Page_HealthPost Store/font_HPRNO180520187)): Unable to get text of object 'Object Repository/HealthpostToStore/Page_HealthPost Store/font_HPRNO180520187' (Root cause: com.kms.katalon.core.webui.exception.WebElementNotFoundException: Web element with id: 'Object Repository/HealthpostToStore/Page_HealthPost Store/font_HPRNO180520187' located by 'By.xpath: /html[1]/body[@class="skin-blue  pace-done modal-open"]/div[@class="bootbox modal fade bootbox-alert in"]/div[@class="modal-dialog"]/div[@class="modal-content"]/div[@class="modal-body"]/div[@class="bootbox-body"]/b[1]/font[1]' not found)

2018-05-22 12:11:45 - [MESSAGE][FAILED] - Unable to get text of object 'Object Repository/HealthpostToStore/Page_HealthPost Store/font_HPRNO180520187' (Root cause: com.kms.katalon.core.webui.exception.WebElementNotFoundException: Web element with id: 'Object Repository/HealthpostToStore/Page_HealthPost Store/font_HPRNO180520187' located by 'By.xpath: /html[1]/body[@class="skin-blue  pace-done modal-open"]/div[@class="bootbox modal fade bootbox-alert in"]/div[@class="modal-dialog"]/div[@class="modal-content"]/div[@class="modal-body"]/div[@class="bootbox-body"]/b[1]/font[1]' not found)
[[ATTACHMENT|C:\\Users\\Quality Analyst\\Katalon Studio\\ds\\Reports\\HealthPost_Store_Suite\\20180522_112214\\1526971304634.png]]]]></system-out>
         <system-err><![CDATA[2018-05-22 12:08:56 - [TEST_CASE][FAILED] - Test Cases/HEALTHPOST TEST CASES/TC_HP_012 Verify Schedule 12 Healthpost Request Are Working Successfully Or Not: Test Cases/HEALTHPOST TEST CASES/TC_HP_012 Verify Schedule 12 Healthpost Request Are Working Successfully Or Not FAILED because (of) Unable to get text of object 'Object Repository/HealthpostToStore/Page_HealthPost Store/font_HPRNO180520187' (Root cause: com.kms.katalon.core.webui.exception.WebElementNotFoundException: Web element with id: 'Object Repository/HealthpostToStore/Page_HealthPost Store/font_HPRNO180520187' located by 'By.xpath: /html[1]/body[@class="skin-blue  pace-done modal-open"]/div[@class="bootbox modal fade bootbox-alert in"]/div[@class="modal-dialog"]/div[@class="modal-content"]/div[@class="modal-body"]/div[@class="bootbox-body"]/b[1]/font[1]' not found)]]></system-err>
      </testcase>
      <system-out><![CDATA[2018-05-22 11:22:25 - [TEST_SUITE][FAILED] - HealthPost_Store_Suite: Test Cases/HEALTHPOST TEST CASES/TC_HP_002 Verify Schedule 2 Healthpost Request Are Working Successfully Or Not FAILED because (of) Unable to select option by index '2' of object 'Object Repository/HealthpostToStore/Page_HealthPost Store/select_--Select--Schedule 1Inj' (Root cause: com.kms.katalon.core.webui.exception.WebElementNotFoundException: Web element with id: 'Object Repository/HealthpostToStore/Page_HealthPost Store/select_--Select--Schedule 1Inj' located by 'By.xpath: id("optcategory")[count(. | //select[@id = 'optcategory']) = count(//select[@id = 'optcategory'])]' not found)]]></system-out>
      <system-err><![CDATA[2018-05-22 11:22:25 - [TEST_SUITE][FAILED] - HealthPost_Store_Suite: Test Cases/HEALTHPOST TEST CASES/TC_HP_002 Verify Schedule 2 Healthpost Request Are Working Successfully Or Not FAILED because (of) Unable to select option by index '2' of object 'Object Repository/HealthpostToStore/Page_HealthPost Store/select_--Select--Schedule 1Inj' (Root cause: com.kms.katalon.core.webui.exception.WebElementNotFoundException: Web element with id: 'Object Repository/HealthpostToStore/Page_HealthPost Store/select_--Select--Schedule 1Inj' located by 'By.xpath: id("optcategory")[count(. | //select[@id = 'optcategory']) = count(//select[@id = 'optcategory'])]' not found)]]></system-err>
   </testsuite>
</testsuites>
