<?xml version="1.0" encoding="UTF-8"?>
<testsuites name="Store_Suit" time="49878" tests="8" failures="2" errors="2">
   <testsuite name="Store_Suit" tests="8" failures="2" errors="2" time="49878" timestamp="2018-05-21 20:24:39" hostname="Quality Analyst - DESKTOP-BLFTK83" id="Test Suites/Store_Suit">
      <properties>
         <property name="deviceName" value=""/>
         <property name="devicePlatform" value=""/>
         <property name="logFolder" value="C:\\Users\\Quality Analyst\\Katalon Studio\\ds\\Reports\\Store_Suit\\20180521_193958"/>
         <property name="logFiles" value="C:\\Users\\Quality Analyst\\Katalon Studio\\ds\\Reports\\Store_Suit\\20180521_193958\\execution0.log, C:\\Users\\Quality Analyst\\Katalon Studio\\ds\\Reports\\Store_Suit\\20180521_193958\\execution1.log, C:\\Users\\Quality Analyst\\Katalon Studio\\ds\\Reports\\Store_Suit\\20180521_193958\\execution2.log"/>
         <property name="attachments" value="C:\\Users\\Quality Analyst\\Katalon Studio\\ds\\Reports\\Store_Suit\\20180521_193958\\1526964356978.png"/>
         <property name="hostName" value="Quality Analyst - DESKTOP-BLFTK83"/>
         <property name="os" value="Windows 10 64bit"/>
         <property name="katalonVersion" value="5.4.1.1"/>
         <property name="browser" value="Chrome 66.0.3359.181"/>
         <property name="hostAddress" value="169.254.189.85"/>
         <property name="sessionId" value="201a193df6b6a257c13d38bd91c104cf"/>
         <property name="seleniumVersion" value="3.7.1"/>
         <property name="proxyInformation" value="ProxyInformation{proxyOption=NO_PROXY, proxyServerType=HTTP, password=, proxyServerAddress=, proxyServerPort=0}"/>
         <property name="platform" value="Windows 10"/>
      </properties>
      <testcase name="Test Cases/STORE TO CMS REQUEST TEST CASES/TC_STCMS_001 To Verify Schedule 1 Store To CMS Request Are Working Successfully Or Not" classname="Test Cases/STORE TO CMS REQUEST TEST CASES/TC_STCMS_001 To Verify Schedule 1 Store To CMS Request Are Working Successfully Or Not" status="PASSED">
         <system-out><![CDATA[2018-05-21 20:24:40 - [TEST_CASE][PASSED] - Test Cases/STORE TO CMS REQUEST TEST CASES/TC_STCMS_001 To Verify Schedule 1 Store To CMS Request Are Working Successfully Or Not: Test Cases/STORE TO CMS REQUEST TEST CASES/TC_STCMS_001 To Verify Schedule 1 Store To CMS Request Are Working Successfully Or Not

2018-05-21 20:24:40 - [TEST_STEP][PASSED] - openBrowser: Browser is opened with url: ''

2018-05-21 20:24:43 - [MESSAGE][PASSED] - Browser is opened with url: ''

2018-05-21 20:24:43 - [TEST_STEP][PASSED] - Statement - out.println("Verify Schedule 1 Store Request Are Working Successfully Or Not"): null

2018-05-21 20:24:43 - [TEST_STEP][PASSED] - navigateToUrl: Navigate to 'http://192.168.137.1/multihospital_new/' successfully

2018-05-21 20:24:45 - [MESSAGE][PASSED] - Navigate to 'http://192.168.137.1/multihospital_new/' successfully

2018-05-21 20:24:45 - [TEST_STEP][PASSED] - maximizeWindow: Current window maximized

2018-05-21 20:24:46 - [MESSAGE][PASSED] - Current window maximized

2018-05-21 20:24:46 - [TEST_STEP][PASSED] - click: Object: 'Object Repository/Store Request Schedule 1/Page_KDMC/a_Divisional Store' is clicked on

2018-05-21 20:24:47 - [MESSAGE][PASSED] - Object: 'Object Repository/Store Request Schedule 1/Page_KDMC/a_Divisional Store' is clicked on

2018-05-21 20:24:47 - [TEST_STEP][PASSED] - setText: Text 'ragu' is set on object 'Object Repository/Store Request Schedule 1/Page_Divisonal Store Login/input_txtusername'

2018-05-21 20:24:48 - [MESSAGE][PASSED] - Text 'ragu' is set on object 'Object Repository/Store Request Schedule 1/Page_Divisonal Store Login/input_txtusername'

2018-05-21 20:24:48 - [TEST_STEP][PASSED] - setText: Text '123' is set on object 'Object Repository/Store Request Schedule 1/Page_Divisonal Store Login/input_txtpassword'

2018-05-21 20:24:48 - [MESSAGE][PASSED] - Text '123' is set on object 'Object Repository/Store Request Schedule 1/Page_Divisonal Store Login/input_txtpassword'

2018-05-21 20:24:48 - [TEST_STEP][PASSED] - delay: Delayed 3 second(s)

2018-05-21 20:24:51 - [MESSAGE][PASSED] - Delayed 3 second(s)

2018-05-21 20:24:51 - [TEST_STEP][PASSED] - click: Object: 'Object Repository/Store Request Schedule 1/Page_Divisonal Store Login/button_Sign in' is clicked on

2018-05-21 20:24:53 - [MESSAGE][PASSED] - Object: 'Object Repository/Store Request Schedule 1/Page_Divisonal Store Login/button_Sign in' is clicked on

2018-05-21 20:24:53 - [TEST_STEP][PASSED] - delay: Delayed 3 second(s)

2018-05-21 20:24:56 - [MESSAGE][PASSED] - Delayed 3 second(s)

2018-05-21 20:24:56 - [TEST_STEP][PASSED] - click: Object: 'Object Repository/Store Request Schedule 1/Page_Store/a_CMS' is clicked on

2018-05-21 20:24:56 - [MESSAGE][PASSED] - Object: 'Object Repository/Store Request Schedule 1/Page_Store/a_CMS' is clicked on

2018-05-21 20:24:56 - [TEST_STEP][PASSED] - delay: Delayed 2 second(s)

2018-05-21 20:24:58 - [MESSAGE][PASSED] - Delayed 2 second(s)

2018-05-21 20:24:58 - [TEST_STEP][PASSED] - click: Object: 'Object Repository/Store Request Schedule 1/Page_Store/a_Request Send' is clicked on

2018-05-21 20:24:59 - [MESSAGE][PASSED] - Object: 'Object Repository/Store Request Schedule 1/Page_Store/a_Request Send' is clicked on

2018-05-21 20:24:59 - [TEST_STEP][PASSED] - selectOptionByIndex: All options with index in [1] are selected on object 'Object Repository/Store Request Schedule 1/Page_Store/select_--Select--'

2018-05-21 20:24:59 - [MESSAGE][PASSED] - All options with index in [1] are selected on object 'Object Repository/Store Request Schedule 1/Page_Store/select_--Select--'

2018-05-21 20:24:59 - [TEST_STEP][PASSED] - selectOptionByIndex: All options with index in [1] are selected on object 'Object Repository/Store Request Schedule 1/Page_Store/select_--Select--Schedule 1Inj'

2018-05-21 20:24:59 - [MESSAGE][PASSED] - All options with index in [1] are selected on object 'Object Repository/Store Request Schedule 1/Page_Store/select_--Select--Schedule 1Inj'

2018-05-21 20:24:59 - [TEST_STEP][PASSED] - Statement - SelectedOptions = com.kms.katalon.core.webui.keyword.WebUiBuiltInKeywords.getNumberOfTotalOption(com.kms.katalon.core.testobject.ObjectRepository.findTestObject(Store Request Schedule 1/Page_Store/select_--Select--Adernaline 0.)): 63 options of object 'Object Repository/Store Request Schedule 1/Page_Store/select_--Select--Adernaline 0.' counted

2018-05-21 20:24:59 - [MESSAGE][PASSED] - 63 options of object 'Object Repository/Store Request Schedule 1/Page_Store/select_--Select--Adernaline 0.' counted

2018-05-21 20:24:59 - [TEST_STEP][PASSED] - Statement - For ([y = 1, y < SelectedOptions, (y++)]): Object: 'Object Repository/Store Request Schedule 1/Page_Store/button_Add' is clicked on

2018-05-21 20:24:59 - [TEST_STEP][PASSED] - selectOptionByIndex: All options with index in [1] are selected on object 'Object Repository/Store Request Schedule 1/Page_Store/select_--Select--Schedule 1Inj'

2018-05-21 20:24:59 - [MESSAGE][PASSED] - All options with index in [1] are selected on object 'Object Repository/Store Request Schedule 1/Page_Store/select_--Select--Schedule 1Inj'

2018-05-21 20:24:59 - [TEST_STEP][PASSED] - delay: Delayed 1 second(s)

2018-05-21 20:25:00 - [MESSAGE][PASSED] - Delayed 1 second(s)

2018-05-21 20:25:00 - [TEST_STEP][PASSED] - selectOptionByIndex: All options with index in [1] are selected on object 'Object Repository/Store Request Schedule 1/Page_Store/select_--Select--Adernaline 0.'

2018-05-21 20:25:01 - [MESSAGE][PASSED] - All options with index in [1] are selected on object 'Object Repository/Store Request Schedule 1/Page_Store/select_--Select--Adernaline 0.'

2018-05-21 20:25:01 - [TEST_STEP][PASSED] - setText: Text '100' is set on object 'Object Repository/Store Request Schedule 1/Page_Store/input_txttreat'

2018-05-21 20:25:01 - [MESSAGE][PASSED] - Text '100' is set on object 'Object Repository/Store Request Schedule 1/Page_Store/input_txttreat'

2018-05-21 20:25:01 - [TEST_STEP][PASSED] - click: Object: 'Object Repository/Store Request Schedule 1/Page_Store/button_Add' is clicked on

2018-05-21 20:25:01 - [MESSAGE][PASSED] - Object: 'Object Repository/Store Request Schedule 1/Page_Store/button_Add' is clicked on

2018-05-21 20:25:01 - [TEST_STEP][PASSED] - selectOptionByIndex: All options with index in [1] are selected on object 'Object Repository/Store Request Schedule 1/Page_Store/select_--Select--Schedule 1Inj'

2018-05-21 20:25:01 - [MESSAGE][PASSED] - All options with index in [1] are selected on object 'Object Repository/Store Request Schedule 1/Page_Store/select_--Select--Schedule 1Inj'

2018-05-21 20:25:01 - [TEST_STEP][PASSED] - delay: Delayed 1 second(s)

2018-05-21 20:25:02 - [MESSAGE][PASSED] - Delayed 1 second(s)

2018-05-21 20:25:02 - [TEST_STEP][PASSED] - selectOptionByIndex: All options with index in [2] are selected on object 'Object Repository/Store Request Schedule 1/Page_Store/select_--Select--Adernaline 0.'

2018-05-21 20:25:02 - [MESSAGE][PASSED] - All options with index in [2] are selected on object 'Object Repository/Store Request Schedule 1/Page_Store/select_--Select--Adernaline 0.'

2018-05-21 20:25:02 - [TEST_STEP][PASSED] - setText: Text '100' is set on object 'Object Repository/Store Request Schedule 1/Page_Store/input_txttreat'

2018-05-21 20:25:02 - [MESSAGE][PASSED] - Text '100' is set on object 'Object Repository/Store Request Schedule 1/Page_Store/input_txttreat'

2018-05-21 20:25:02 - [TEST_STEP][PASSED] - click: Object: 'Object Repository/Store Request Schedule 1/Page_Store/button_Add' is clicked on

2018-05-21 20:25:02 - [MESSAGE][PASSED] - Object: 'Object Repository/Store Request Schedule 1/Page_Store/button_Add' is clicked on

2018-05-21 20:25:02 - [TEST_STEP][PASSED] - selectOptionByIndex: All options with index in [1] are selected on object 'Object Repository/Store Request Schedule 1/Page_Store/select_--Select--Schedule 1Inj'

2018-05-21 20:25:02 - [MESSAGE][PASSED] - All options with index in [1] are selected on object 'Object Repository/Store Request Schedule 1/Page_Store/select_--Select--Schedule 1Inj'

2018-05-21 20:25:02 - [TEST_STEP][PASSED] - delay: Delayed 1 second(s)

2018-05-21 20:25:03 - [MESSAGE][PASSED] - Delayed 1 second(s)

2018-05-21 20:25:03 - [TEST_STEP][PASSED] - selectOptionByIndex: All options with index in [3] are selected on object 'Object Repository/Store Request Schedule 1/Page_Store/select_--Select--Adernaline 0.'

2018-05-21 20:25:04 - [MESSAGE][PASSED] - All options with index in [3] are selected on object 'Object Repository/Store Request Schedule 1/Page_Store/select_--Select--Adernaline 0.'

2018-05-21 20:25:04 - [TEST_STEP][PASSED] - setText: Text '100' is set on object 'Object Repository/Store Request Schedule 1/Page_Store/input_txttreat'

2018-05-21 20:25:04 - [MESSAGE][PASSED] - Text '100' is set on object 'Object Repository/Store Request Schedule 1/Page_Store/input_txttreat'

2018-05-21 20:25:04 - [TEST_STEP][PASSED] - click: Object: 'Object Repository/Store Request Schedule 1/Page_Store/button_Add' is clicked on

2018-05-21 20:25:04 - [MESSAGE][PASSED] - Object: 'Object Repository/Store Request Schedule 1/Page_Store/button_Add' is clicked on

2018-05-21 20:25:04 - [TEST_STEP][PASSED] - selectOptionByIndex: All options with index in [1] are selected on object 'Object Repository/Store Request Schedule 1/Page_Store/select_--Select--Schedule 1Inj'

2018-05-21 20:25:04 - [MESSAGE][PASSED] - All options with index in [1] are selected on object 'Object Repository/Store Request Schedule 1/Page_Store/select_--Select--Schedule 1Inj'

2018-05-21 20:25:04 - [TEST_STEP][PASSED] - delay: Delayed 1 second(s)

2018-05-21 20:25:05 - [MESSAGE][PASSED] - Delayed 1 second(s)

2018-05-21 20:25:05 - [TEST_STEP][PASSED] - selectOptionByIndex: All options with index in [4] are selected on object 'Object Repository/Store Request Schedule 1/Page_Store/select_--Select--Adernaline 0.'

2018-05-21 20:25:05 - [MESSAGE][PASSED] - All options with index in [4] are selected on object 'Object Repository/Store Request Schedule 1/Page_Store/select_--Select--Adernaline 0.'

2018-05-21 20:25:05 - [TEST_STEP][PASSED] - setText: Text '100' is set on object 'Object Repository/Store Request Schedule 1/Page_Store/input_txttreat'

2018-05-21 20:25:05 - [MESSAGE][PASSED] - Text '100' is set on object 'Object Repository/Store Request Schedule 1/Page_Store/input_txttreat'

2018-05-21 20:25:05 - [TEST_STEP][PASSED] - click: Object: 'Object Repository/Store Request Schedule 1/Page_Store/button_Add' is clicked on

2018-05-21 20:25:05 - [MESSAGE][PASSED] - Object: 'Object Repository/Store Request Schedule 1/Page_Store/button_Add' is clicked on

2018-05-21 20:25:05 - [TEST_STEP][PASSED] - selectOptionByIndex: All options with index in [1] are selected on object 'Object Repository/Store Request Schedule 1/Page_Store/select_--Select--Schedule 1Inj'

2018-05-21 20:25:05 - [MESSAGE][PASSED] - All options with index in [1] are selected on object 'Object Repository/Store Request Schedule 1/Page_Store/select_--Select--Schedule 1Inj'

2018-05-21 20:25:05 - [TEST_STEP][PASSED] - delay: Delayed 1 second(s)

2018-05-21 20:25:06 - [MESSAGE][PASSED] - Delayed 1 second(s)

2018-05-21 20:25:06 - [TEST_STEP][PASSED] - selectOptionByIndex: All options with index in [5] are selected on object 'Object Repository/Store Request Schedule 1/Page_Store/select_--Select--Adernaline 0.'

2018-05-21 20:25:07 - [MESSAGE][PASSED] - All options with index in [5] are selected on object 'Object Repository/Store Request Schedule 1/Page_Store/select_--Select--Adernaline 0.'

2018-05-21 20:25:07 - [TEST_STEP][PASSED] - setText: Text '100' is set on object 'Object Repository/Store Request Schedule 1/Page_Store/input_txttreat'

2018-05-21 20:25:07 - [MESSAGE][PASSED] - Text '100' is set on object 'Object Repository/Store Request Schedule 1/Page_Store/input_txttreat'

2018-05-21 20:25:07 - [TEST_STEP][PASSED] - click: Object: 'Object Repository/Store Request Schedule 1/Page_Store/button_Add' is clicked on

2018-05-21 20:25:07 - [MESSAGE][PASSED] - Object: 'Object Repository/Store Request Schedule 1/Page_Store/button_Add' is clicked on

2018-05-21 20:25:07 - [TEST_STEP][PASSED] - selectOptionByIndex: All options with index in [1] are selected on object 'Object Repository/Store Request Schedule 1/Page_Store/select_--Select--Schedule 1Inj'

2018-05-21 20:25:07 - [MESSAGE][PASSED] - All options with index in [1] are selected on object 'Object Repository/Store Request Schedule 1/Page_Store/select_--Select--Schedule 1Inj'

2018-05-21 20:25:07 - [TEST_STEP][PASSED] - delay: Delayed 1 second(s)

2018-05-21 20:25:08 - [MESSAGE][PASSED] - Delayed 1 second(s)

2018-05-21 20:25:08 - [TEST_STEP][PASSED] - selectOptionByIndex: All options with index in [6] are selected on object 'Object Repository/Store Request Schedule 1/Page_Store/select_--Select--Adernaline 0.'

2018-05-21 20:25:08 - [MESSAGE][PASSED] - All options with index in [6] are selected on object 'Object Repository/Store Request Schedule 1/Page_Store/select_--Select--Adernaline 0.'

2018-05-21 20:25:08 - [TEST_STEP][PASSED] - setText: Text '100' is set on object 'Object Repository/Store Request Schedule 1/Page_Store/input_txttreat'

2018-05-21 20:25:08 - [MESSAGE][PASSED] - Text '100' is set on object 'Object Repository/Store Request Schedule 1/Page_Store/input_txttreat'

2018-05-21 20:25:08 - [TEST_STEP][PASSED] - click: Object: 'Object Repository/Store Request Schedule 1/Page_Store/button_Add' is clicked on

2018-05-21 20:25:08 - [MESSAGE][PASSED] - Object: 'Object Repository/Store Request Schedule 1/Page_Store/button_Add' is clicked on

2018-05-21 20:25:08 - [TEST_STEP][PASSED] - selectOptionByIndex: All options with index in [1] are selected on object 'Object Repository/Store Request Schedule 1/Page_Store/select_--Select--Schedule 1Inj'

2018-05-21 20:25:08 - [MESSAGE][PASSED] - All options with index in [1] are selected on object 'Object Repository/Store Request Schedule 1/Page_Store/select_--Select--Schedule 1Inj'

2018-05-21 20:25:08 - [TEST_STEP][PASSED] - delay: Delayed 1 second(s)

2018-05-21 20:25:09 - [MESSAGE][PASSED] - Delayed 1 second(s)

2018-05-21 20:25:09 - [TEST_STEP][PASSED] - selectOptionByIndex: All options with index in [7] are selected on object 'Object Repository/Store Request Schedule 1/Page_Store/select_--Select--Adernaline 0.'

2018-05-21 20:25:10 - [MESSAGE][PASSED] - All options with index in [7] are selected on object 'Object Repository/Store Request Schedule 1/Page_Store/select_--Select--Adernaline 0.'

2018-05-21 20:25:10 - [TEST_STEP][PASSED] - setText: Text '100' is set on object 'Object Repository/Store Request Schedule 1/Page_Store/input_txttreat'

2018-05-21 20:25:10 - [MESSAGE][PASSED] - Text '100' is set on object 'Object Repository/Store Request Schedule 1/Page_Store/input_txttreat'

2018-05-21 20:25:10 - [TEST_STEP][PASSED] - click: Object: 'Object Repository/Store Request Schedule 1/Page_Store/button_Add' is clicked on

2018-05-21 20:25:10 - [MESSAGE][PASSED] - Object: 'Object Repository/Store Request Schedule 1/Page_Store/button_Add' is clicked on

2018-05-21 20:25:10 - [TEST_STEP][PASSED] - selectOptionByIndex: All options with index in [1] are selected on object 'Object Repository/Store Request Schedule 1/Page_Store/select_--Select--Schedule 1Inj'

2018-05-21 20:25:10 - [MESSAGE][PASSED] - All options with index in [1] are selected on object 'Object Repository/Store Request Schedule 1/Page_Store/select_--Select--Schedule 1Inj'

2018-05-21 20:25:10 - [TEST_STEP][PASSED] - delay: Delayed 1 second(s)

2018-05-21 20:25:11 - [MESSAGE][PASSED] - Delayed 1 second(s)

2018-05-21 20:25:11 - [TEST_STEP][PASSED] - selectOptionByIndex: All options with index in [8] are selected on object 'Object Repository/Store Request Schedule 1/Page_Store/select_--Select--Adernaline 0.'

2018-05-21 20:25:11 - [MESSAGE][PASSED] - All options with index in [8] are selected on object 'Object Repository/Store Request Schedule 1/Page_Store/select_--Select--Adernaline 0.'

2018-05-21 20:25:11 - [TEST_STEP][PASSED] - setText: Text '100' is set on object 'Object Repository/Store Request Schedule 1/Page_Store/input_txttreat'

2018-05-21 20:25:11 - [MESSAGE][PASSED] - Text '100' is set on object 'Object Repository/Store Request Schedule 1/Page_Store/input_txttreat'

2018-05-21 20:25:11 - [TEST_STEP][PASSED] - click: Object: 'Object Repository/Store Request Schedule 1/Page_Store/button_Add' is clicked on

2018-05-21 20:25:11 - [MESSAGE][PASSED] - Object: 'Object Repository/Store Request Schedule 1/Page_Store/button_Add' is clicked on

2018-05-21 20:25:11 - [TEST_STEP][PASSED] - selectOptionByIndex: All options with index in [1] are selected on object 'Object Repository/Store Request Schedule 1/Page_Store/select_--Select--Schedule 1Inj'

2018-05-21 20:25:11 - [MESSAGE][PASSED] - All options with index in [1] are selected on object 'Object Repository/Store Request Schedule 1/Page_Store/select_--Select--Schedule 1Inj'

2018-05-21 20:25:11 - [TEST_STEP][PASSED] - delay: Delayed 1 second(s)

2018-05-21 20:25:12 - [MESSAGE][PASSED] - Delayed 1 second(s)

2018-05-21 20:25:12 - [TEST_STEP][PASSED] - selectOptionByIndex: All options with index in [9] are selected on object 'Object Repository/Store Request Schedule 1/Page_Store/select_--Select--Adernaline 0.'

2018-05-21 20:25:13 - [MESSAGE][PASSED] - All options with index in [9] are selected on object 'Object Repository/Store Request Schedule 1/Page_Store/select_--Select--Adernaline 0.'

2018-05-21 20:25:13 - [TEST_STEP][PASSED] - setText: Text '100' is set on object 'Object Repository/Store Request Schedule 1/Page_Store/input_txttreat'

2018-05-21 20:25:13 - [MESSAGE][PASSED] - Text '100' is set on object 'Object Repository/Store Request Schedule 1/Page_Store/input_txttreat'

2018-05-21 20:25:13 - [TEST_STEP][PASSED] - click: Object: 'Object Repository/Store Request Schedule 1/Page_Store/button_Add' is clicked on

2018-05-21 20:25:13 - [MESSAGE][PASSED] - Object: 'Object Repository/Store Request Schedule 1/Page_Store/button_Add' is clicked on

2018-05-21 20:25:13 - [TEST_STEP][PASSED] - selectOptionByIndex: All options with index in [1] are selected on object 'Object Repository/Store Request Schedule 1/Page_Store/select_--Select--Schedule 1Inj'

2018-05-21 20:25:13 - [MESSAGE][PASSED] - All options with index in [1] are selected on object 'Object Repository/Store Request Schedule 1/Page_Store/select_--Select--Schedule 1Inj'

2018-05-21 20:25:13 - [TEST_STEP][PASSED] - delay: Delayed 1 second(s)

2018-05-21 20:25:14 - [MESSAGE][PASSED] - Delayed 1 second(s)

2018-05-21 20:25:14 - [TEST_STEP][PASSED] - selectOptionByIndex: All options with index in [10] are selected on object 'Object Repository/Store Request Schedule 1/Page_Store/select_--Select--Adernaline 0.'

2018-05-21 20:25:14 - [MESSAGE][PASSED] - All options with index in [10] are selected on object 'Object Repository/Store Request Schedule 1/Page_Store/select_--Select--Adernaline 0.'

2018-05-21 20:25:14 - [TEST_STEP][PASSED] - setText: Text '100' is set on object 'Object Repository/Store Request Schedule 1/Page_Store/input_txttreat'

2018-05-21 20:25:14 - [MESSAGE][PASSED] - Text '100' is set on object 'Object Repository/Store Request Schedule 1/Page_Store/input_txttreat'

2018-05-21 20:25:14 - [TEST_STEP][PASSED] - click: Object: 'Object Repository/Store Request Schedule 1/Page_Store/button_Add' is clicked on

2018-05-21 20:25:14 - [MESSAGE][PASSED] - Object: 'Object Repository/Store Request Schedule 1/Page_Store/button_Add' is clicked on

2018-05-21 20:25:14 - [TEST_STEP][PASSED] - selectOptionByIndex: All options with index in [1] are selected on object 'Object Repository/Store Request Schedule 1/Page_Store/select_--Select--Schedule 1Inj'

2018-05-21 20:25:14 - [MESSAGE][PASSED] - All options with index in [1] are selected on object 'Object Repository/Store Request Schedule 1/Page_Store/select_--Select--Schedule 1Inj'

2018-05-21 20:25:14 - [TEST_STEP][PASSED] - delay: Delayed 1 second(s)

2018-05-21 20:25:15 - [MESSAGE][PASSED] - Delayed 1 second(s)

2018-05-21 20:25:15 - [TEST_STEP][PASSED] - selectOptionByIndex: All options with index in [11] are selected on object 'Object Repository/Store Request Schedule 1/Page_Store/select_--Select--Adernaline 0.'

2018-05-21 20:25:16 - [MESSAGE][PASSED] - All options with index in [11] are selected on object 'Object Repository/Store Request Schedule 1/Page_Store/select_--Select--Adernaline 0.'

2018-05-21 20:25:16 - [TEST_STEP][PASSED] - setText: Text '100' is set on object 'Object Repository/Store Request Schedule 1/Page_Store/input_txttreat'

2018-05-21 20:25:16 - [MESSAGE][PASSED] - Text '100' is set on object 'Object Repository/Store Request Schedule 1/Page_Store/input_txttreat'

2018-05-21 20:25:16 - [TEST_STEP][PASSED] - click: Object: 'Object Repository/Store Request Schedule 1/Page_Store/button_Add' is clicked on

2018-05-21 20:25:16 - [MESSAGE][PASSED] - Object: 'Object Repository/Store Request Schedule 1/Page_Store/button_Add' is clicked on

2018-05-21 20:25:16 - [TEST_STEP][PASSED] - selectOptionByIndex: All options with index in [1] are selected on object 'Object Repository/Store Request Schedule 1/Page_Store/select_--Select--Schedule 1Inj'

2018-05-21 20:25:16 - [MESSAGE][PASSED] - All options with index in [1] are selected on object 'Object Repository/Store Request Schedule 1/Page_Store/select_--Select--Schedule 1Inj'

2018-05-21 20:25:16 - [TEST_STEP][PASSED] - delay: Delayed 1 second(s)

2018-05-21 20:25:17 - [MESSAGE][PASSED] - Delayed 1 second(s)

2018-05-21 20:25:17 - [TEST_STEP][PASSED] - selectOptionByIndex: All options with index in [12] are selected on object 'Object Repository/Store Request Schedule 1/Page_Store/select_--Select--Adernaline 0.'

2018-05-21 20:25:17 - [MESSAGE][PASSED] - All options with index in [12] are selected on object 'Object Repository/Store Request Schedule 1/Page_Store/select_--Select--Adernaline 0.'

2018-05-21 20:25:17 - [TEST_STEP][PASSED] - setText: Text '100' is set on object 'Object Repository/Store Request Schedule 1/Page_Store/input_txttreat'

2018-05-21 20:25:17 - [MESSAGE][PASSED] - Text '100' is set on object 'Object Repository/Store Request Schedule 1/Page_Store/input_txttreat'

2018-05-21 20:25:17 - [TEST_STEP][PASSED] - click: Object: 'Object Repository/Store Request Schedule 1/Page_Store/button_Add' is clicked on

2018-05-21 20:25:17 - [MESSAGE][PASSED] - Object: 'Object Repository/Store Request Schedule 1/Page_Store/button_Add' is clicked on

2018-05-21 20:25:17 - [TEST_STEP][PASSED] - selectOptionByIndex: All options with index in [1] are selected on object 'Object Repository/Store Request Schedule 1/Page_Store/select_--Select--Schedule 1Inj'

2018-05-21 20:25:17 - [MESSAGE][PASSED] - All options with index in [1] are selected on object 'Object Repository/Store Request Schedule 1/Page_Store/select_--Select--Schedule 1Inj'

2018-05-21 20:25:17 - [TEST_STEP][PASSED] - delay: Delayed 1 second(s)

2018-05-21 20:25:18 - [MESSAGE][PASSED] - Delayed 1 second(s)

2018-05-21 20:25:18 - [TEST_STEP][PASSED] - selectOptionByIndex: All options with index in [13] are selected on object 'Object Repository/Store Request Schedule 1/Page_Store/select_--Select--Adernaline 0.'

2018-05-21 20:25:19 - [MESSAGE][PASSED] - All options with index in [13] are selected on object 'Object Repository/Store Request Schedule 1/Page_Store/select_--Select--Adernaline 0.'

2018-05-21 20:25:19 - [TEST_STEP][PASSED] - setText: Text '100' is set on object 'Object Repository/Store Request Schedule 1/Page_Store/input_txttreat'

2018-05-21 20:25:19 - [MESSAGE][PASSED] - Text '100' is set on object 'Object Repository/Store Request Schedule 1/Page_Store/input_txttreat'

2018-05-21 20:25:19 - [TEST_STEP][PASSED] - click: Object: 'Object Repository/Store Request Schedule 1/Page_Store/button_Add' is clicked on

2018-05-21 20:25:19 - [MESSAGE][PASSED] - Object: 'Object Repository/Store Request Schedule 1/Page_Store/button_Add' is clicked on

2018-05-21 20:25:19 - [TEST_STEP][PASSED] - selectOptionByIndex: All options with index in [1] are selected on object 'Object Repository/Store Request Schedule 1/Page_Store/select_--Select--Schedule 1Inj'

2018-05-21 20:25:19 - [MESSAGE][PASSED] - All options with index in [1] are selected on object 'Object Repository/Store Request Schedule 1/Page_Store/select_--Select--Schedule 1Inj'

2018-05-21 20:25:19 - [TEST_STEP][PASSED] - delay: Delayed 1 second(s)

2018-05-21 20:25:20 - [MESSAGE][PASSED] - Delayed 1 second(s)

2018-05-21 20:25:20 - [TEST_STEP][PASSED] - selectOptionByIndex: All options with index in [14] are selected on object 'Object Repository/Store Request Schedule 1/Page_Store/select_--Select--Adernaline 0.'

2018-05-21 20:25:20 - [MESSAGE][PASSED] - All options with index in [14] are selected on object 'Object Repository/Store Request Schedule 1/Page_Store/select_--Select--Adernaline 0.'

2018-05-21 20:25:20 - [TEST_STEP][PASSED] - setText: Text '100' is set on object 'Object Repository/Store Request Schedule 1/Page_Store/input_txttreat'

2018-05-21 20:25:20 - [MESSAGE][PASSED] - Text '100' is set on object 'Object Repository/Store Request Schedule 1/Page_Store/input_txttreat'

2018-05-21 20:25:20 - [TEST_STEP][PASSED] - click: Object: 'Object Repository/Store Request Schedule 1/Page_Store/button_Add' is clicked on

2018-05-21 20:25:20 - [MESSAGE][PASSED] - Object: 'Object Repository/Store Request Schedule 1/Page_Store/button_Add' is clicked on

2018-05-21 20:25:20 - [TEST_STEP][PASSED] - selectOptionByIndex: All options with index in [1] are selected on object 'Object Repository/Store Request Schedule 1/Page_Store/select_--Select--Schedule 1Inj'

2018-05-21 20:25:20 - [MESSAGE][PASSED] - All options with index in [1] are selected on object 'Object Repository/Store Request Schedule 1/Page_Store/select_--Select--Schedule 1Inj'

2018-05-21 20:25:20 - [TEST_STEP][PASSED] - delay: Delayed 1 second(s)

2018-05-21 20:25:21 - [MESSAGE][PASSED] - Delayed 1 second(s)

2018-05-21 20:25:21 - [TEST_STEP][PASSED] - selectOptionByIndex: All options with index in [15] are selected on object 'Object Repository/Store Request Schedule 1/Page_Store/select_--Select--Adernaline 0.'

2018-05-21 20:25:22 - [MESSAGE][PASSED] - All options with index in [15] are selected on object 'Object Repository/Store Request Schedule 1/Page_Store/select_--Select--Adernaline 0.'

2018-05-21 20:25:22 - [TEST_STEP][PASSED] - setText: Text '100' is set on object 'Object Repository/Store Request Schedule 1/Page_Store/input_txttreat'

2018-05-21 20:25:22 - [MESSAGE][PASSED] - Text '100' is set on object 'Object Repository/Store Request Schedule 1/Page_Store/input_txttreat'

2018-05-21 20:25:22 - [TEST_STEP][PASSED] - click: Object: 'Object Repository/Store Request Schedule 1/Page_Store/button_Add' is clicked on

2018-05-21 20:25:22 - [MESSAGE][PASSED] - Object: 'Object Repository/Store Request Schedule 1/Page_Store/button_Add' is clicked on

2018-05-21 20:25:22 - [TEST_STEP][PASSED] - selectOptionByIndex: All options with index in [1] are selected on object 'Object Repository/Store Request Schedule 1/Page_Store/select_--Select--Schedule 1Inj'

2018-05-21 20:25:22 - [MESSAGE][PASSED] - All options with index in [1] are selected on object 'Object Repository/Store Request Schedule 1/Page_Store/select_--Select--Schedule 1Inj'

2018-05-21 20:25:22 - [TEST_STEP][PASSED] - delay: Delayed 1 second(s)

2018-05-21 20:25:23 - [MESSAGE][PASSED] - Delayed 1 second(s)

2018-05-21 20:25:23 - [TEST_STEP][PASSED] - selectOptionByIndex: All options with index in [16] are selected on object 'Object Repository/Store Request Schedule 1/Page_Store/select_--Select--Adernaline 0.'

2018-05-21 20:25:23 - [MESSAGE][PASSED] - All options with index in [16] are selected on object 'Object Repository/Store Request Schedule 1/Page_Store/select_--Select--Adernaline 0.'

2018-05-21 20:25:23 - [TEST_STEP][PASSED] - setText: Text '100' is set on object 'Object Repository/Store Request Schedule 1/Page_Store/input_txttreat'

2018-05-21 20:25:23 - [MESSAGE][PASSED] - Text '100' is set on object 'Object Repository/Store Request Schedule 1/Page_Store/input_txttreat'

2018-05-21 20:25:23 - [TEST_STEP][PASSED] - click: Object: 'Object Repository/Store Request Schedule 1/Page_Store/button_Add' is clicked on

2018-05-21 20:25:23 - [MESSAGE][PASSED] - Object: 'Object Repository/Store Request Schedule 1/Page_Store/button_Add' is clicked on

2018-05-21 20:25:23 - [TEST_STEP][PASSED] - selectOptionByIndex: All options with index in [1] are selected on object 'Object Repository/Store Request Schedule 1/Page_Store/select_--Select--Schedule 1Inj'

2018-05-21 20:25:24 - [MESSAGE][PASSED] - All options with index in [1] are selected on object 'Object Repository/Store Request Schedule 1/Page_Store/select_--Select--Schedule 1Inj'

2018-05-21 20:25:24 - [TEST_STEP][PASSED] - delay: Delayed 1 second(s)

2018-05-21 20:25:25 - [MESSAGE][PASSED] - Delayed 1 second(s)

2018-05-21 20:25:25 - [TEST_STEP][PASSED] - selectOptionByIndex: All options with index in [17] are selected on object 'Object Repository/Store Request Schedule 1/Page_Store/select_--Select--Adernaline 0.'

2018-05-21 20:25:25 - [MESSAGE][PASSED] - All options with index in [17] are selected on object 'Object Repository/Store Request Schedule 1/Page_Store/select_--Select--Adernaline 0.'

2018-05-21 20:25:25 - [TEST_STEP][PASSED] - setText: Text '100' is set on object 'Object Repository/Store Request Schedule 1/Page_Store/input_txttreat'

2018-05-21 20:25:25 - [MESSAGE][PASSED] - Text '100' is set on object 'Object Repository/Store Request Schedule 1/Page_Store/input_txttreat'

2018-05-21 20:25:25 - [TEST_STEP][PASSED] - click: Object: 'Object Repository/Store Request Schedule 1/Page_Store/button_Add' is clicked on

2018-05-21 20:25:25 - [MESSAGE][PASSED] - Object: 'Object Repository/Store Request Schedule 1/Page_Store/button_Add' is clicked on

2018-05-21 20:25:25 - [TEST_STEP][PASSED] - selectOptionByIndex: All options with index in [1] are selected on object 'Object Repository/Store Request Schedule 1/Page_Store/select_--Select--Schedule 1Inj'

2018-05-21 20:25:25 - [MESSAGE][PASSED] - All options with index in [1] are selected on object 'Object Repository/Store Request Schedule 1/Page_Store/select_--Select--Schedule 1Inj'

2018-05-21 20:25:25 - [TEST_STEP][PASSED] - delay: Delayed 1 second(s)

2018-05-21 20:25:26 - [MESSAGE][PASSED] - Delayed 1 second(s)

2018-05-21 20:25:26 - [TEST_STEP][PASSED] - selectOptionByIndex: All options with index in [18] are selected on object 'Object Repository/Store Request Schedule 1/Page_Store/select_--Select--Adernaline 0.'

2018-05-21 20:25:26 - [MESSAGE][PASSED] - All options with index in [18] are selected on object 'Object Repository/Store Request Schedule 1/Page_Store/select_--Select--Adernaline 0.'

2018-05-21 20:25:26 - [TEST_STEP][PASSED] - setText: Text '100' is set on object 'Object Repository/Store Request Schedule 1/Page_Store/input_txttreat'

2018-05-21 20:25:26 - [MESSAGE][PASSED] - Text '100' is set on object 'Object Repository/Store Request Schedule 1/Page_Store/input_txttreat'

2018-05-21 20:25:26 - [TEST_STEP][PASSED] - click: Object: 'Object Repository/Store Request Schedule 1/Page_Store/button_Add' is clicked on

2018-05-21 20:25:27 - [MESSAGE][PASSED] - Object: 'Object Repository/Store Request Schedule 1/Page_Store/button_Add' is clicked on

2018-05-21 20:25:27 - [TEST_STEP][PASSED] - selectOptionByIndex: All options with index in [1] are selected on object 'Object Repository/Store Request Schedule 1/Page_Store/select_--Select--Schedule 1Inj'

2018-05-21 20:25:27 - [MESSAGE][PASSED] - All options with index in [1] are selected on object 'Object Repository/Store Request Schedule 1/Page_Store/select_--Select--Schedule 1Inj'

2018-05-21 20:25:27 - [TEST_STEP][PASSED] - delay: Delayed 1 second(s)

2018-05-21 20:25:28 - [MESSAGE][PASSED] - Delayed 1 second(s)

2018-05-21 20:25:28 - [TEST_STEP][PASSED] - selectOptionByIndex: All options with index in [19] are selected on object 'Object Repository/Store Request Schedule 1/Page_Store/select_--Select--Adernaline 0.'

2018-05-21 20:25:28 - [MESSAGE][PASSED] - All options with index in [19] are selected on object 'Object Repository/Store Request Schedule 1/Page_Store/select_--Select--Adernaline 0.'

2018-05-21 20:25:28 - [TEST_STEP][PASSED] - setText: Text '100' is set on object 'Object Repository/Store Request Schedule 1/Page_Store/input_txttreat'

2018-05-21 20:25:28 - [MESSAGE][PASSED] - Text '100' is set on object 'Object Repository/Store Request Schedule 1/Page_Store/input_txttreat'

2018-05-21 20:25:28 - [TEST_STEP][PASSED] - click: Object: 'Object Repository/Store Request Schedule 1/Page_Store/button_Add' is clicked on

2018-05-21 20:25:28 - [MESSAGE][PASSED] - Object: 'Object Repository/Store Request Schedule 1/Page_Store/button_Add' is clicked on

2018-05-21 20:25:28 - [TEST_STEP][PASSED] - selectOptionByIndex: All options with index in [1] are selected on object 'Object Repository/Store Request Schedule 1/Page_Store/select_--Select--Schedule 1Inj'

2018-05-21 20:25:28 - [MESSAGE][PASSED] - All options with index in [1] are selected on object 'Object Repository/Store Request Schedule 1/Page_Store/select_--Select--Schedule 1Inj'

2018-05-21 20:25:28 - [TEST_STEP][PASSED] - delay: Delayed 1 second(s)

2018-05-21 20:25:29 - [MESSAGE][PASSED] - Delayed 1 second(s)

2018-05-21 20:25:29 - [TEST_STEP][PASSED] - selectOptionByIndex: All options with index in [20] are selected on object 'Object Repository/Store Request Schedule 1/Page_Store/select_--Select--Adernaline 0.'

2018-05-21 20:25:30 - [MESSAGE][PASSED] - All options with index in [20] are selected on object 'Object Repository/Store Request Schedule 1/Page_Store/select_--Select--Adernaline 0.'

2018-05-21 20:25:30 - [TEST_STEP][PASSED] - setText: Text '100' is set on object 'Object Repository/Store Request Schedule 1/Page_Store/input_txttreat'

2018-05-21 20:25:30 - [MESSAGE][PASSED] - Text '100' is set on object 'Object Repository/Store Request Schedule 1/Page_Store/input_txttreat'

2018-05-21 20:25:30 - [TEST_STEP][PASSED] - click: Object: 'Object Repository/Store Request Schedule 1/Page_Store/button_Add' is clicked on

2018-05-21 20:25:30 - [MESSAGE][PASSED] - Object: 'Object Repository/Store Request Schedule 1/Page_Store/button_Add' is clicked on

2018-05-21 20:25:30 - [TEST_STEP][PASSED] - selectOptionByIndex: All options with index in [1] are selected on object 'Object Repository/Store Request Schedule 1/Page_Store/select_--Select--Schedule 1Inj'

2018-05-21 20:25:30 - [MESSAGE][PASSED] - All options with index in [1] are selected on object 'Object Repository/Store Request Schedule 1/Page_Store/select_--Select--Schedule 1Inj'

2018-05-21 20:25:30 - [TEST_STEP][PASSED] - delay: Delayed 1 second(s)

2018-05-21 20:25:31 - [MESSAGE][PASSED] - Delayed 1 second(s)

2018-05-21 20:25:31 - [TEST_STEP][PASSED] - selectOptionByIndex: All options with index in [21] are selected on object 'Object Repository/Store Request Schedule 1/Page_Store/select_--Select--Adernaline 0.'

2018-05-21 20:25:31 - [MESSAGE][PASSED] - All options with index in [21] are selected on object 'Object Repository/Store Request Schedule 1/Page_Store/select_--Select--Adernaline 0.'

2018-05-21 20:25:31 - [TEST_STEP][PASSED] - setText: Text '100' is set on object 'Object Repository/Store Request Schedule 1/Page_Store/input_txttreat'

2018-05-21 20:25:31 - [MESSAGE][PASSED] - Text '100' is set on object 'Object Repository/Store Request Schedule 1/Page_Store/input_txttreat'

2018-05-21 20:25:31 - [TEST_STEP][PASSED] - click: Object: 'Object Repository/Store Request Schedule 1/Page_Store/button_Add' is clicked on

2018-05-21 20:25:31 - [MESSAGE][PASSED] - Object: 'Object Repository/Store Request Schedule 1/Page_Store/button_Add' is clicked on

2018-05-21 20:25:31 - [TEST_STEP][PASSED] - selectOptionByIndex: All options with index in [1] are selected on object 'Object Repository/Store Request Schedule 1/Page_Store/select_--Select--Schedule 1Inj'

2018-05-21 20:25:31 - [MESSAGE][PASSED] - All options with index in [1] are selected on object 'Object Repository/Store Request Schedule 1/Page_Store/select_--Select--Schedule 1Inj'

2018-05-21 20:25:31 - [TEST_STEP][PASSED] - delay: Delayed 1 second(s)

2018-05-21 20:25:32 - [MESSAGE][PASSED] - Delayed 1 second(s)

2018-05-21 20:25:32 - [TEST_STEP][PASSED] - selectOptionByIndex: All options with index in [22] are selected on object 'Object Repository/Store Request Schedule 1/Page_Store/select_--Select--Adernaline 0.'

2018-05-21 20:25:33 - [MESSAGE][PASSED] - All options with index in [22] are selected on object 'Object Repository/Store Request Schedule 1/Page_Store/select_--Select--Adernaline 0.'

2018-05-21 20:25:33 - [TEST_STEP][PASSED] - setText: Text '100' is set on object 'Object Repository/Store Request Schedule 1/Page_Store/input_txttreat'

2018-05-21 20:25:33 - [MESSAGE][PASSED] - Text '100' is set on object 'Object Repository/Store Request Schedule 1/Page_Store/input_txttreat'

2018-05-21 20:25:33 - [TEST_STEP][PASSED] - click: Object: 'Object Repository/Store Request Schedule 1/Page_Store/button_Add' is clicked on

2018-05-21 20:25:33 - [MESSAGE][PASSED] - Object: 'Object Repository/Store Request Schedule 1/Page_Store/button_Add' is clicked on

2018-05-21 20:25:33 - [TEST_STEP][PASSED] - selectOptionByIndex: All options with index in [1] are selected on object 'Object Repository/Store Request Schedule 1/Page_Store/select_--Select--Schedule 1Inj'

2018-05-21 20:25:33 - [MESSAGE][PASSED] - All options with index in [1] are selected on object 'Object Repository/Store Request Schedule 1/Page_Store/select_--Select--Schedule 1Inj'

2018-05-21 20:25:33 - [TEST_STEP][PASSED] - delay: Delayed 1 second(s)

2018-05-21 20:25:34 - [MESSAGE][PASSED] - Delayed 1 second(s)

2018-05-21 20:25:34 - [TEST_STEP][PASSED] - selectOptionByIndex: All options with index in [23] are selected on object 'Object Repository/Store Request Schedule 1/Page_Store/select_--Select--Adernaline 0.'

2018-05-21 20:25:34 - [MESSAGE][PASSED] - All options with index in [23] are selected on object 'Object Repository/Store Request Schedule 1/Page_Store/select_--Select--Adernaline 0.'

2018-05-21 20:25:34 - [TEST_STEP][PASSED] - setText: Text '100' is set on object 'Object Repository/Store Request Schedule 1/Page_Store/input_txttreat'

2018-05-21 20:25:34 - [MESSAGE][PASSED] - Text '100' is set on object 'Object Repository/Store Request Schedule 1/Page_Store/input_txttreat'

2018-05-21 20:25:34 - [TEST_STEP][PASSED] - click: Object: 'Object Repository/Store Request Schedule 1/Page_Store/button_Add' is clicked on

2018-05-21 20:25:34 - [MESSAGE][PASSED] - Object: 'Object Repository/Store Request Schedule 1/Page_Store/button_Add' is clicked on

2018-05-21 20:25:34 - [TEST_STEP][PASSED] - selectOptionByIndex: All options with index in [1] are selected on object 'Object Repository/Store Request Schedule 1/Page_Store/select_--Select--Schedule 1Inj'

2018-05-21 20:25:35 - [MESSAGE][PASSED] - All options with index in [1] are selected on object 'Object Repository/Store Request Schedule 1/Page_Store/select_--Select--Schedule 1Inj'

2018-05-21 20:25:35 - [TEST_STEP][PASSED] - delay: Delayed 1 second(s)

2018-05-21 20:25:36 - [MESSAGE][PASSED] - Delayed 1 second(s)

2018-05-21 20:25:36 - [TEST_STEP][PASSED] - selectOptionByIndex: All options with index in [24] are selected on object 'Object Repository/Store Request Schedule 1/Page_Store/select_--Select--Adernaline 0.'

2018-05-21 20:25:36 - [MESSAGE][PASSED] - All options with index in [24] are selected on object 'Object Repository/Store Request Schedule 1/Page_Store/select_--Select--Adernaline 0.'

2018-05-21 20:25:36 - [TEST_STEP][PASSED] - setText: Text '100' is set on object 'Object Repository/Store Request Schedule 1/Page_Store/input_txttreat'

2018-05-21 20:25:36 - [MESSAGE][PASSED] - Text '100' is set on object 'Object Repository/Store Request Schedule 1/Page_Store/input_txttreat'

2018-05-21 20:25:36 - [TEST_STEP][PASSED] - click: Object: 'Object Repository/Store Request Schedule 1/Page_Store/button_Add' is clicked on

2018-05-21 20:25:36 - [MESSAGE][PASSED] - Object: 'Object Repository/Store Request Schedule 1/Page_Store/button_Add' is clicked on

2018-05-21 20:25:36 - [TEST_STEP][PASSED] - selectOptionByIndex: All options with index in [1] are selected on object 'Object Repository/Store Request Schedule 1/Page_Store/select_--Select--Schedule 1Inj'

2018-05-21 20:25:36 - [MESSAGE][PASSED] - All options with index in [1] are selected on object 'Object Repository/Store Request Schedule 1/Page_Store/select_--Select--Schedule 1Inj'

2018-05-21 20:25:36 - [TEST_STEP][PASSED] - delay: Delayed 1 second(s)

2018-05-21 20:25:37 - [MESSAGE][PASSED] - Delayed 1 second(s)

2018-05-21 20:25:37 - [TEST_STEP][PASSED] - selectOptionByIndex: All options with index in [25] are selected on object 'Object Repository/Store Request Schedule 1/Page_Store/select_--Select--Adernaline 0.'

2018-05-21 20:25:38 - [MESSAGE][PASSED] - All options with index in [25] are selected on object 'Object Repository/Store Request Schedule 1/Page_Store/select_--Select--Adernaline 0.'

2018-05-21 20:25:38 - [TEST_STEP][PASSED] - setText: Text '100' is set on object 'Object Repository/Store Request Schedule 1/Page_Store/input_txttreat'

2018-05-21 20:25:38 - [MESSAGE][PASSED] - Text '100' is set on object 'Object Repository/Store Request Schedule 1/Page_Store/input_txttreat'

2018-05-21 20:25:38 - [TEST_STEP][PASSED] - click: Object: 'Object Repository/Store Request Schedule 1/Page_Store/button_Add' is clicked on

2018-05-21 20:25:38 - [MESSAGE][PASSED] - Object: 'Object Repository/Store Request Schedule 1/Page_Store/button_Add' is clicked on

2018-05-21 20:25:38 - [TEST_STEP][PASSED] - selectOptionByIndex: All options with index in [1] are selected on object 'Object Repository/Store Request Schedule 1/Page_Store/select_--Select--Schedule 1Inj'

2018-05-21 20:25:38 - [MESSAGE][PASSED] - All options with index in [1] are selected on object 'Object Repository/Store Request Schedule 1/Page_Store/select_--Select--Schedule 1Inj'

2018-05-21 20:25:38 - [TEST_STEP][PASSED] - delay: Delayed 1 second(s)

2018-05-21 20:25:39 - [MESSAGE][PASSED] - Delayed 1 second(s)

2018-05-21 20:25:39 - [TEST_STEP][PASSED] - selectOptionByIndex: All options with index in [26] are selected on object 'Object Repository/Store Request Schedule 1/Page_Store/select_--Select--Adernaline 0.'

2018-05-21 20:25:39 - [MESSAGE][PASSED] - All options with index in [26] are selected on object 'Object Repository/Store Request Schedule 1/Page_Store/select_--Select--Adernaline 0.'

2018-05-21 20:25:39 - [TEST_STEP][PASSED] - setText: Text '100' is set on object 'Object Repository/Store Request Schedule 1/Page_Store/input_txttreat'

2018-05-21 20:25:39 - [MESSAGE][PASSED] - Text '100' is set on object 'Object Repository/Store Request Schedule 1/Page_Store/input_txttreat'

2018-05-21 20:25:39 - [TEST_STEP][PASSED] - click: Object: 'Object Repository/Store Request Schedule 1/Page_Store/button_Add' is clicked on

2018-05-21 20:25:39 - [MESSAGE][PASSED] - Object: 'Object Repository/Store Request Schedule 1/Page_Store/button_Add' is clicked on

2018-05-21 20:25:39 - [TEST_STEP][PASSED] - selectOptionByIndex: All options with index in [1] are selected on object 'Object Repository/Store Request Schedule 1/Page_Store/select_--Select--Schedule 1Inj'

2018-05-21 20:25:39 - [MESSAGE][PASSED] - All options with index in [1] are selected on object 'Object Repository/Store Request Schedule 1/Page_Store/select_--Select--Schedule 1Inj'

2018-05-21 20:25:39 - [TEST_STEP][PASSED] - delay: Delayed 1 second(s)

2018-05-21 20:25:40 - [MESSAGE][PASSED] - Delayed 1 second(s)

2018-05-21 20:25:40 - [TEST_STEP][PASSED] - selectOptionByIndex: All options with index in [27] are selected on object 'Object Repository/Store Request Schedule 1/Page_Store/select_--Select--Adernaline 0.'

2018-05-21 20:25:41 - [MESSAGE][PASSED] - All options with index in [27] are selected on object 'Object Repository/Store Request Schedule 1/Page_Store/select_--Select--Adernaline 0.'

2018-05-21 20:25:41 - [TEST_STEP][PASSED] - setText: Text '100' is set on object 'Object Repository/Store Request Schedule 1/Page_Store/input_txttreat'

2018-05-21 20:25:41 - [MESSAGE][PASSED] - Text '100' is set on object 'Object Repository/Store Request Schedule 1/Page_Store/input_txttreat'

2018-05-21 20:25:41 - [TEST_STEP][PASSED] - click: Object: 'Object Repository/Store Request Schedule 1/Page_Store/button_Add' is clicked on

2018-05-21 20:25:41 - [MESSAGE][PASSED] - Object: 'Object Repository/Store Request Schedule 1/Page_Store/button_Add' is clicked on

2018-05-21 20:25:41 - [TEST_STEP][PASSED] - selectOptionByIndex: All options with index in [1] are selected on object 'Object Repository/Store Request Schedule 1/Page_Store/select_--Select--Schedule 1Inj'

2018-05-21 20:25:41 - [MESSAGE][PASSED] - All options with index in [1] are selected on object 'Object Repository/Store Request Schedule 1/Page_Store/select_--Select--Schedule 1Inj'

2018-05-21 20:25:41 - [TEST_STEP][PASSED] - delay: Delayed 1 second(s)

2018-05-21 20:25:42 - [MESSAGE][PASSED] - Delayed 1 second(s)

2018-05-21 20:25:42 - [TEST_STEP][PASSED] - selectOptionByIndex: All options with index in [28] are selected on object 'Object Repository/Store Request Schedule 1/Page_Store/select_--Select--Adernaline 0.'

2018-05-21 20:25:42 - [MESSAGE][PASSED] - All options with index in [28] are selected on object 'Object Repository/Store Request Schedule 1/Page_Store/select_--Select--Adernaline 0.'

2018-05-21 20:25:42 - [TEST_STEP][PASSED] - setText: Text '100' is set on object 'Object Repository/Store Request Schedule 1/Page_Store/input_txttreat'

2018-05-21 20:25:43 - [MESSAGE][PASSED] - Text '100' is set on object 'Object Repository/Store Request Schedule 1/Page_Store/input_txttreat'

2018-05-21 20:25:43 - [TEST_STEP][PASSED] - click: Object: 'Object Repository/Store Request Schedule 1/Page_Store/button_Add' is clicked on

2018-05-21 20:25:43 - [MESSAGE][PASSED] - Object: 'Object Repository/Store Request Schedule 1/Page_Store/button_Add' is clicked on

2018-05-21 20:25:43 - [TEST_STEP][PASSED] - selectOptionByIndex: All options with index in [1] are selected on object 'Object Repository/Store Request Schedule 1/Page_Store/select_--Select--Schedule 1Inj'

2018-05-21 20:25:43 - [MESSAGE][PASSED] - All options with index in [1] are selected on object 'Object Repository/Store Request Schedule 1/Page_Store/select_--Select--Schedule 1Inj'

2018-05-21 20:25:43 - [TEST_STEP][PASSED] - delay: Delayed 1 second(s)

2018-05-21 20:25:44 - [MESSAGE][PASSED] - Delayed 1 second(s)

2018-05-21 20:25:44 - [TEST_STEP][PASSED] - selectOptionByIndex: All options with index in [29] are selected on object 'Object Repository/Store Request Schedule 1/Page_Store/select_--Select--Adernaline 0.'

2018-05-21 20:25:44 - [MESSAGE][PASSED] - All options with index in [29] are selected on object 'Object Repository/Store Request Schedule 1/Page_Store/select_--Select--Adernaline 0.'

2018-05-21 20:25:44 - [TEST_STEP][PASSED] - setText: Text '100' is set on object 'Object Repository/Store Request Schedule 1/Page_Store/input_txttreat'

2018-05-21 20:25:44 - [MESSAGE][PASSED] - Text '100' is set on object 'Object Repository/Store Request Schedule 1/Page_Store/input_txttreat'

2018-05-21 20:25:44 - [TEST_STEP][PASSED] - click: Object: 'Object Repository/Store Request Schedule 1/Page_Store/button_Add' is clicked on

2018-05-21 20:25:44 - [MESSAGE][PASSED] - Object: 'Object Repository/Store Request Schedule 1/Page_Store/button_Add' is clicked on

2018-05-21 20:25:44 - [TEST_STEP][PASSED] - selectOptionByIndex: All options with index in [1] are selected on object 'Object Repository/Store Request Schedule 1/Page_Store/select_--Select--Schedule 1Inj'

2018-05-21 20:25:44 - [MESSAGE][PASSED] - All options with index in [1] are selected on object 'Object Repository/Store Request Schedule 1/Page_Store/select_--Select--Schedule 1Inj'

2018-05-21 20:25:44 - [TEST_STEP][PASSED] - delay: Delayed 1 second(s)

2018-05-21 20:25:45 - [MESSAGE][PASSED] - Delayed 1 second(s)

2018-05-21 20:25:45 - [TEST_STEP][PASSED] - selectOptionByIndex: All options with index in [30] are selected on object 'Object Repository/Store Request Schedule 1/Page_Store/select_--Select--Adernaline 0.'

2018-05-21 20:25:46 - [MESSAGE][PASSED] - All options with index in [30] are selected on object 'Object Repository/Store Request Schedule 1/Page_Store/select_--Select--Adernaline 0.'

2018-05-21 20:25:46 - [TEST_STEP][PASSED] - setText: Text '100' is set on object 'Object Repository/Store Request Schedule 1/Page_Store/input_txttreat'

2018-05-21 20:25:46 - [MESSAGE][PASSED] - Text '100' is set on object 'Object Repository/Store Request Schedule 1/Page_Store/input_txttreat'

2018-05-21 20:25:46 - [TEST_STEP][PASSED] - click: Object: 'Object Repository/Store Request Schedule 1/Page_Store/button_Add' is clicked on

2018-05-21 20:25:46 - [MESSAGE][PASSED] - Object: 'Object Repository/Store Request Schedule 1/Page_Store/button_Add' is clicked on

2018-05-21 20:25:46 - [TEST_STEP][PASSED] - selectOptionByIndex: All options with index in [1] are selected on object 'Object Repository/Store Request Schedule 1/Page_Store/select_--Select--Schedule 1Inj'

2018-05-21 20:25:46 - [MESSAGE][PASSED] - All options with index in [1] are selected on object 'Object Repository/Store Request Schedule 1/Page_Store/select_--Select--Schedule 1Inj'

2018-05-21 20:25:46 - [TEST_STEP][PASSED] - delay: Delayed 1 second(s)

2018-05-21 20:25:47 - [MESSAGE][PASSED] - Delayed 1 second(s)

2018-05-21 20:25:47 - [TEST_STEP][PASSED] - selectOptionByIndex: All options with index in [31] are selected on object 'Object Repository/Store Request Schedule 1/Page_Store/select_--Select--Adernaline 0.'

2018-05-21 20:25:47 - [MESSAGE][PASSED] - All options with index in [31] are selected on object 'Object Repository/Store Request Schedule 1/Page_Store/select_--Select--Adernaline 0.'

2018-05-21 20:25:47 - [TEST_STEP][PASSED] - setText: Text '100' is set on object 'Object Repository/Store Request Schedule 1/Page_Store/input_txttreat'

2018-05-21 20:25:48 - [MESSAGE][PASSED] - Text '100' is set on object 'Object Repository/Store Request Schedule 1/Page_Store/input_txttreat'

2018-05-21 20:25:48 - [TEST_STEP][PASSED] - click: Object: 'Object Repository/Store Request Schedule 1/Page_Store/button_Add' is clicked on

2018-05-21 20:25:48 - [MESSAGE][PASSED] - Object: 'Object Repository/Store Request Schedule 1/Page_Store/button_Add' is clicked on

2018-05-21 20:25:48 - [TEST_STEP][PASSED] - selectOptionByIndex: All options with index in [1] are selected on object 'Object Repository/Store Request Schedule 1/Page_Store/select_--Select--Schedule 1Inj'

2018-05-21 20:25:48 - [MESSAGE][PASSED] - All options with index in [1] are selected on object 'Object Repository/Store Request Schedule 1/Page_Store/select_--Select--Schedule 1Inj'

2018-05-21 20:25:48 - [TEST_STEP][PASSED] - delay: Delayed 1 second(s)

2018-05-21 20:25:49 - [MESSAGE][PASSED] - Delayed 1 second(s)

2018-05-21 20:25:49 - [TEST_STEP][PASSED] - selectOptionByIndex: All options with index in [32] are selected on object 'Object Repository/Store Request Schedule 1/Page_Store/select_--Select--Adernaline 0.'

2018-05-21 20:25:49 - [MESSAGE][PASSED] - All options with index in [32] are selected on object 'Object Repository/Store Request Schedule 1/Page_Store/select_--Select--Adernaline 0.'

2018-05-21 20:25:49 - [TEST_STEP][PASSED] - setText: Text '100' is set on object 'Object Repository/Store Request Schedule 1/Page_Store/input_txttreat'

2018-05-21 20:25:49 - [MESSAGE][PASSED] - Text '100' is set on object 'Object Repository/Store Request Schedule 1/Page_Store/input_txttreat'

2018-05-21 20:25:49 - [TEST_STEP][PASSED] - click: Object: 'Object Repository/Store Request Schedule 1/Page_Store/button_Add' is clicked on

2018-05-21 20:25:49 - [MESSAGE][PASSED] - Object: 'Object Repository/Store Request Schedule 1/Page_Store/button_Add' is clicked on

2018-05-21 20:25:49 - [TEST_STEP][PASSED] - selectOptionByIndex: All options with index in [1] are selected on object 'Object Repository/Store Request Schedule 1/Page_Store/select_--Select--Schedule 1Inj'

2018-05-21 20:25:49 - [MESSAGE][PASSED] - All options with index in [1] are selected on object 'Object Repository/Store Request Schedule 1/Page_Store/select_--Select--Schedule 1Inj'

2018-05-21 20:25:49 - [TEST_STEP][PASSED] - delay: Delayed 1 second(s)

2018-05-21 20:25:50 - [MESSAGE][PASSED] - Delayed 1 second(s)

2018-05-21 20:25:50 - [TEST_STEP][PASSED] - selectOptionByIndex: All options with index in [33] are selected on object 'Object Repository/Store Request Schedule 1/Page_Store/select_--Select--Adernaline 0.'

2018-05-21 20:25:51 - [MESSAGE][PASSED] - All options with index in [33] are selected on object 'Object Repository/Store Request Schedule 1/Page_Store/select_--Select--Adernaline 0.'

2018-05-21 20:25:51 - [TEST_STEP][PASSED] - setText: Text '100' is set on object 'Object Repository/Store Request Schedule 1/Page_Store/input_txttreat'

2018-05-21 20:25:51 - [MESSAGE][PASSED] - Text '100' is set on object 'Object Repository/Store Request Schedule 1/Page_Store/input_txttreat'

2018-05-21 20:25:51 - [TEST_STEP][PASSED] - click: Object: 'Object Repository/Store Request Schedule 1/Page_Store/button_Add' is clicked on

2018-05-21 20:25:51 - [MESSAGE][PASSED] - Object: 'Object Repository/Store Request Schedule 1/Page_Store/button_Add' is clicked on

2018-05-21 20:25:51 - [TEST_STEP][PASSED] - selectOptionByIndex: All options with index in [1] are selected on object 'Object Repository/Store Request Schedule 1/Page_Store/select_--Select--Schedule 1Inj'

2018-05-21 20:25:51 - [MESSAGE][PASSED] - All options with index in [1] are selected on object 'Object Repository/Store Request Schedule 1/Page_Store/select_--Select--Schedule 1Inj'

2018-05-21 20:25:51 - [TEST_STEP][PASSED] - delay: Delayed 1 second(s)

2018-05-21 20:25:52 - [MESSAGE][PASSED] - Delayed 1 second(s)

2018-05-21 20:25:52 - [TEST_STEP][PASSED] - selectOptionByIndex: All options with index in [34] are selected on object 'Object Repository/Store Request Schedule 1/Page_Store/select_--Select--Adernaline 0.'

2018-05-21 20:25:53 - [MESSAGE][PASSED] - All options with index in [34] are selected on object 'Object Repository/Store Request Schedule 1/Page_Store/select_--Select--Adernaline 0.'

2018-05-21 20:25:53 - [TEST_STEP][PASSED] - setText: Text '100' is set on object 'Object Repository/Store Request Schedule 1/Page_Store/input_txttreat'

2018-05-21 20:25:53 - [MESSAGE][PASSED] - Text '100' is set on object 'Object Repository/Store Request Schedule 1/Page_Store/input_txttreat'

2018-05-21 20:25:53 - [TEST_STEP][PASSED] - click: Object: 'Object Repository/Store Request Schedule 1/Page_Store/button_Add' is clicked on

2018-05-21 20:25:53 - [MESSAGE][PASSED] - Object: 'Object Repository/Store Request Schedule 1/Page_Store/button_Add' is clicked on

2018-05-21 20:25:53 - [TEST_STEP][PASSED] - selectOptionByIndex: All options with index in [1] are selected on object 'Object Repository/Store Request Schedule 1/Page_Store/select_--Select--Schedule 1Inj'

2018-05-21 20:25:53 - [MESSAGE][PASSED] - All options with index in [1] are selected on object 'Object Repository/Store Request Schedule 1/Page_Store/select_--Select--Schedule 1Inj'

2018-05-21 20:25:53 - [TEST_STEP][PASSED] - delay: Delayed 1 second(s)

2018-05-21 20:25:54 - [MESSAGE][PASSED] - Delayed 1 second(s)

2018-05-21 20:25:54 - [TEST_STEP][PASSED] - selectOptionByIndex: All options with index in [35] are selected on object 'Object Repository/Store Request Schedule 1/Page_Store/select_--Select--Adernaline 0.'

2018-05-21 20:25:54 - [MESSAGE][PASSED] - All options with index in [35] are selected on object 'Object Repository/Store Request Schedule 1/Page_Store/select_--Select--Adernaline 0.'

2018-05-21 20:25:54 - [TEST_STEP][PASSED] - setText: Text '100' is set on object 'Object Repository/Store Request Schedule 1/Page_Store/input_txttreat'

2018-05-21 20:25:54 - [MESSAGE][PASSED] - Text '100' is set on object 'Object Repository/Store Request Schedule 1/Page_Store/input_txttreat'

2018-05-21 20:25:54 - [TEST_STEP][PASSED] - click: Object: 'Object Repository/Store Request Schedule 1/Page_Store/button_Add' is clicked on

2018-05-21 20:25:54 - [MESSAGE][PASSED] - Object: 'Object Repository/Store Request Schedule 1/Page_Store/button_Add' is clicked on

2018-05-21 20:25:54 - [TEST_STEP][PASSED] - selectOptionByIndex: All options with index in [1] are selected on object 'Object Repository/Store Request Schedule 1/Page_Store/select_--Select--Schedule 1Inj'

2018-05-21 20:25:55 - [MESSAGE][PASSED] - All options with index in [1] are selected on object 'Object Repository/Store Request Schedule 1/Page_Store/select_--Select--Schedule 1Inj'

2018-05-21 20:25:55 - [TEST_STEP][PASSED] - delay: Delayed 1 second(s)

2018-05-21 20:25:56 - [MESSAGE][PASSED] - Delayed 1 second(s)

2018-05-21 20:25:56 - [TEST_STEP][PASSED] - selectOptionByIndex: All options with index in [36] are selected on object 'Object Repository/Store Request Schedule 1/Page_Store/select_--Select--Adernaline 0.'

2018-05-21 20:25:56 - [MESSAGE][PASSED] - All options with index in [36] are selected on object 'Object Repository/Store Request Schedule 1/Page_Store/select_--Select--Adernaline 0.'

2018-05-21 20:25:56 - [TEST_STEP][PASSED] - setText: Text '100' is set on object 'Object Repository/Store Request Schedule 1/Page_Store/input_txttreat'

2018-05-21 20:25:56 - [MESSAGE][PASSED] - Text '100' is set on object 'Object Repository/Store Request Schedule 1/Page_Store/input_txttreat'

2018-05-21 20:25:56 - [TEST_STEP][PASSED] - click: Object: 'Object Repository/Store Request Schedule 1/Page_Store/button_Add' is clicked on

2018-05-21 20:25:56 - [MESSAGE][PASSED] - Object: 'Object Repository/Store Request Schedule 1/Page_Store/button_Add' is clicked on

2018-05-21 20:25:56 - [TEST_STEP][PASSED] - selectOptionByIndex: All options with index in [1] are selected on object 'Object Repository/Store Request Schedule 1/Page_Store/select_--Select--Schedule 1Inj'

2018-05-21 20:25:56 - [MESSAGE][PASSED] - All options with index in [1] are selected on object 'Object Repository/Store Request Schedule 1/Page_Store/select_--Select--Schedule 1Inj'

2018-05-21 20:25:56 - [TEST_STEP][PASSED] - delay: Delayed 1 second(s)

2018-05-21 20:25:57 - [MESSAGE][PASSED] - Delayed 1 second(s)

2018-05-21 20:25:57 - [TEST_STEP][PASSED] - selectOptionByIndex: All options with index in [37] are selected on object 'Object Repository/Store Request Schedule 1/Page_Store/select_--Select--Adernaline 0.'

2018-05-21 20:25:58 - [MESSAGE][PASSED] - All options with index in [37] are selected on object 'Object Repository/Store Request Schedule 1/Page_Store/select_--Select--Adernaline 0.'

2018-05-21 20:25:58 - [TEST_STEP][PASSED] - setText: Text '100' is set on object 'Object Repository/Store Request Schedule 1/Page_Store/input_txttreat'

2018-05-21 20:25:58 - [MESSAGE][PASSED] - Text '100' is set on object 'Object Repository/Store Request Schedule 1/Page_Store/input_txttreat'

2018-05-21 20:25:58 - [TEST_STEP][PASSED] - click: Object: 'Object Repository/Store Request Schedule 1/Page_Store/button_Add' is clicked on

2018-05-21 20:25:58 - [MESSAGE][PASSED] - Object: 'Object Repository/Store Request Schedule 1/Page_Store/button_Add' is clicked on

2018-05-21 20:25:58 - [TEST_STEP][PASSED] - selectOptionByIndex: All options with index in [1] are selected on object 'Object Repository/Store Request Schedule 1/Page_Store/select_--Select--Schedule 1Inj'

2018-05-21 20:25:58 - [MESSAGE][PASSED] - All options with index in [1] are selected on object 'Object Repository/Store Request Schedule 1/Page_Store/select_--Select--Schedule 1Inj'

2018-05-21 20:25:58 - [TEST_STEP][PASSED] - delay: Delayed 1 second(s)

2018-05-21 20:25:59 - [MESSAGE][PASSED] - Delayed 1 second(s)

2018-05-21 20:25:59 - [TEST_STEP][PASSED] - selectOptionByIndex: All options with index in [38] are selected on object 'Object Repository/Store Request Schedule 1/Page_Store/select_--Select--Adernaline 0.'

2018-05-21 20:25:59 - [MESSAGE][PASSED] - All options with index in [38] are selected on object 'Object Repository/Store Request Schedule 1/Page_Store/select_--Select--Adernaline 0.'

2018-05-21 20:25:59 - [TEST_STEP][PASSED] - setText: Text '100' is set on object 'Object Repository/Store Request Schedule 1/Page_Store/input_txttreat'

2018-05-21 20:25:59 - [MESSAGE][PASSED] - Text '100' is set on object 'Object Repository/Store Request Schedule 1/Page_Store/input_txttreat'

2018-05-21 20:25:59 - [TEST_STEP][PASSED] - click: Object: 'Object Repository/Store Request Schedule 1/Page_Store/button_Add' is clicked on

2018-05-21 20:26:00 - [MESSAGE][PASSED] - Object: 'Object Repository/Store Request Schedule 1/Page_Store/button_Add' is clicked on

2018-05-21 20:26:00 - [TEST_STEP][PASSED] - selectOptionByIndex: All options with index in [1] are selected on object 'Object Repository/Store Request Schedule 1/Page_Store/select_--Select--Schedule 1Inj'

2018-05-21 20:26:00 - [MESSAGE][PASSED] - All options with index in [1] are selected on object 'Object Repository/Store Request Schedule 1/Page_Store/select_--Select--Schedule 1Inj'

2018-05-21 20:26:00 - [TEST_STEP][PASSED] - delay: Delayed 1 second(s)

2018-05-21 20:26:01 - [MESSAGE][PASSED] - Delayed 1 second(s)

2018-05-21 20:26:01 - [TEST_STEP][PASSED] - selectOptionByIndex: All options with index in [39] are selected on object 'Object Repository/Store Request Schedule 1/Page_Store/select_--Select--Adernaline 0.'

2018-05-21 20:26:01 - [MESSAGE][PASSED] - All options with index in [39] are selected on object 'Object Repository/Store Request Schedule 1/Page_Store/select_--Select--Adernaline 0.'

2018-05-21 20:26:01 - [TEST_STEP][PASSED] - setText: Text '100' is set on object 'Object Repository/Store Request Schedule 1/Page_Store/input_txttreat'

2018-05-21 20:26:01 - [MESSAGE][PASSED] - Text '100' is set on object 'Object Repository/Store Request Schedule 1/Page_Store/input_txttreat'

2018-05-21 20:26:01 - [TEST_STEP][PASSED] - click: Object: 'Object Repository/Store Request Schedule 1/Page_Store/button_Add' is clicked on

2018-05-21 20:26:01 - [MESSAGE][PASSED] - Object: 'Object Repository/Store Request Schedule 1/Page_Store/button_Add' is clicked on

2018-05-21 20:26:01 - [TEST_STEP][PASSED] - selectOptionByIndex: All options with index in [1] are selected on object 'Object Repository/Store Request Schedule 1/Page_Store/select_--Select--Schedule 1Inj'

2018-05-21 20:26:01 - [MESSAGE][PASSED] - All options with index in [1] are selected on object 'Object Repository/Store Request Schedule 1/Page_Store/select_--Select--Schedule 1Inj'

2018-05-21 20:26:01 - [TEST_STEP][PASSED] - delay: Delayed 1 second(s)

2018-05-21 20:26:02 - [MESSAGE][PASSED] - Delayed 1 second(s)

2018-05-21 20:26:02 - [TEST_STEP][PASSED] - selectOptionByIndex: All options with index in [40] are selected on object 'Object Repository/Store Request Schedule 1/Page_Store/select_--Select--Adernaline 0.'

2018-05-21 20:26:03 - [MESSAGE][PASSED] - All options with index in [40] are selected on object 'Object Repository/Store Request Schedule 1/Page_Store/select_--Select--Adernaline 0.'

2018-05-21 20:26:03 - [TEST_STEP][PASSED] - setText: Text '100' is set on object 'Object Repository/Store Request Schedule 1/Page_Store/input_txttreat'

2018-05-21 20:26:03 - [MESSAGE][PASSED] - Text '100' is set on object 'Object Repository/Store Request Schedule 1/Page_Store/input_txttreat'

2018-05-21 20:26:03 - [TEST_STEP][PASSED] - click: Object: 'Object Repository/Store Request Schedule 1/Page_Store/button_Add' is clicked on

2018-05-21 20:26:03 - [MESSAGE][PASSED] - Object: 'Object Repository/Store Request Schedule 1/Page_Store/button_Add' is clicked on

2018-05-21 20:26:03 - [TEST_STEP][PASSED] - selectOptionByIndex: All options with index in [1] are selected on object 'Object Repository/Store Request Schedule 1/Page_Store/select_--Select--Schedule 1Inj'

2018-05-21 20:26:03 - [MESSAGE][PASSED] - All options with index in [1] are selected on object 'Object Repository/Store Request Schedule 1/Page_Store/select_--Select--Schedule 1Inj'

2018-05-21 20:26:03 - [TEST_STEP][PASSED] - delay: Delayed 1 second(s)

2018-05-21 20:26:04 - [MESSAGE][PASSED] - Delayed 1 second(s)

2018-05-21 20:26:04 - [TEST_STEP][PASSED] - selectOptionByIndex: All options with index in [41] are selected on object 'Object Repository/Store Request Schedule 1/Page_Store/select_--Select--Adernaline 0.'

2018-05-21 20:26:05 - [MESSAGE][PASSED] - All options with index in [41] are selected on object 'Object Repository/Store Request Schedule 1/Page_Store/select_--Select--Adernaline 0.'

2018-05-21 20:26:05 - [TEST_STEP][PASSED] - setText: Text '100' is set on object 'Object Repository/Store Request Schedule 1/Page_Store/input_txttreat'

2018-05-21 20:26:05 - [MESSAGE][PASSED] - Text '100' is set on object 'Object Repository/Store Request Schedule 1/Page_Store/input_txttreat'

2018-05-21 20:26:05 - [TEST_STEP][PASSED] - click: Object: 'Object Repository/Store Request Schedule 1/Page_Store/button_Add' is clicked on

2018-05-21 20:26:05 - [MESSAGE][PASSED] - Object: 'Object Repository/Store Request Schedule 1/Page_Store/button_Add' is clicked on

2018-05-21 20:26:05 - [TEST_STEP][PASSED] - selectOptionByIndex: All options with index in [1] are selected on object 'Object Repository/Store Request Schedule 1/Page_Store/select_--Select--Schedule 1Inj'

2018-05-21 20:26:05 - [MESSAGE][PASSED] - All options with index in [1] are selected on object 'Object Repository/Store Request Schedule 1/Page_Store/select_--Select--Schedule 1Inj'

2018-05-21 20:26:05 - [TEST_STEP][PASSED] - delay: Delayed 1 second(s)

2018-05-21 20:26:06 - [MESSAGE][PASSED] - Delayed 1 second(s)

2018-05-21 20:26:06 - [TEST_STEP][PASSED] - selectOptionByIndex: All options with index in [42] are selected on object 'Object Repository/Store Request Schedule 1/Page_Store/select_--Select--Adernaline 0.'

2018-05-21 20:26:06 - [MESSAGE][PASSED] - All options with index in [42] are selected on object 'Object Repository/Store Request Schedule 1/Page_Store/select_--Select--Adernaline 0.'

2018-05-21 20:26:06 - [TEST_STEP][PASSED] - setText: Text '100' is set on object 'Object Repository/Store Request Schedule 1/Page_Store/input_txttreat'

2018-05-21 20:26:07 - [MESSAGE][PASSED] - Text '100' is set on object 'Object Repository/Store Request Schedule 1/Page_Store/input_txttreat'

2018-05-21 20:26:07 - [TEST_STEP][PASSED] - click: Object: 'Object Repository/Store Request Schedule 1/Page_Store/button_Add' is clicked on

2018-05-21 20:26:07 - [MESSAGE][PASSED] - Object: 'Object Repository/Store Request Schedule 1/Page_Store/button_Add' is clicked on

2018-05-21 20:26:07 - [TEST_STEP][PASSED] - selectOptionByIndex: All options with index in [1] are selected on object 'Object Repository/Store Request Schedule 1/Page_Store/select_--Select--Schedule 1Inj'

2018-05-21 20:26:07 - [MESSAGE][PASSED] - All options with index in [1] are selected on object 'Object Repository/Store Request Schedule 1/Page_Store/select_--Select--Schedule 1Inj'

2018-05-21 20:26:07 - [TEST_STEP][PASSED] - delay: Delayed 1 second(s)

2018-05-21 20:26:08 - [MESSAGE][PASSED] - Delayed 1 second(s)

2018-05-21 20:26:08 - [TEST_STEP][PASSED] - selectOptionByIndex: All options with index in [43] are selected on object 'Object Repository/Store Request Schedule 1/Page_Store/select_--Select--Adernaline 0.'

2018-05-21 20:26:08 - [MESSAGE][PASSED] - All options with index in [43] are selected on object 'Object Repository/Store Request Schedule 1/Page_Store/select_--Select--Adernaline 0.'

2018-05-21 20:26:08 - [TEST_STEP][PASSED] - setText: Text '100' is set on object 'Object Repository/Store Request Schedule 1/Page_Store/input_txttreat'

2018-05-21 20:26:08 - [MESSAGE][PASSED] - Text '100' is set on object 'Object Repository/Store Request Schedule 1/Page_Store/input_txttreat'

2018-05-21 20:26:08 - [TEST_STEP][PASSED] - click: Object: 'Object Repository/Store Request Schedule 1/Page_Store/button_Add' is clicked on

2018-05-21 20:26:08 - [MESSAGE][PASSED] - Object: 'Object Repository/Store Request Schedule 1/Page_Store/button_Add' is clicked on

2018-05-21 20:26:08 - [TEST_STEP][PASSED] - selectOptionByIndex: All options with index in [1] are selected on object 'Object Repository/Store Request Schedule 1/Page_Store/select_--Select--Schedule 1Inj'

2018-05-21 20:26:09 - [MESSAGE][PASSED] - All options with index in [1] are selected on object 'Object Repository/Store Request Schedule 1/Page_Store/select_--Select--Schedule 1Inj'

2018-05-21 20:26:09 - [TEST_STEP][PASSED] - delay: Delayed 1 second(s)

2018-05-21 20:26:10 - [MESSAGE][PASSED] - Delayed 1 second(s)

2018-05-21 20:26:10 - [TEST_STEP][PASSED] - selectOptionByIndex: All options with index in [44] are selected on object 'Object Repository/Store Request Schedule 1/Page_Store/select_--Select--Adernaline 0.'

2018-05-21 20:26:10 - [MESSAGE][PASSED] - All options with index in [44] are selected on object 'Object Repository/Store Request Schedule 1/Page_Store/select_--Select--Adernaline 0.'

2018-05-21 20:26:10 - [TEST_STEP][PASSED] - setText: Text '100' is set on object 'Object Repository/Store Request Schedule 1/Page_Store/input_txttreat'

2018-05-21 20:26:10 - [MESSAGE][PASSED] - Text '100' is set on object 'Object Repository/Store Request Schedule 1/Page_Store/input_txttreat'

2018-05-21 20:26:10 - [TEST_STEP][PASSED] - click: Object: 'Object Repository/Store Request Schedule 1/Page_Store/button_Add' is clicked on

2018-05-21 20:26:10 - [MESSAGE][PASSED] - Object: 'Object Repository/Store Request Schedule 1/Page_Store/button_Add' is clicked on

2018-05-21 20:26:10 - [TEST_STEP][PASSED] - selectOptionByIndex: All options with index in [1] are selected on object 'Object Repository/Store Request Schedule 1/Page_Store/select_--Select--Schedule 1Inj'

2018-05-21 20:26:10 - [MESSAGE][PASSED] - All options with index in [1] are selected on object 'Object Repository/Store Request Schedule 1/Page_Store/select_--Select--Schedule 1Inj'

2018-05-21 20:26:10 - [TEST_STEP][PASSED] - delay: Delayed 1 second(s)

2018-05-21 20:26:11 - [MESSAGE][PASSED] - Delayed 1 second(s)

2018-05-21 20:26:11 - [TEST_STEP][PASSED] - selectOptionByIndex: All options with index in [45] are selected on object 'Object Repository/Store Request Schedule 1/Page_Store/select_--Select--Adernaline 0.'

2018-05-21 20:26:12 - [MESSAGE][PASSED] - All options with index in [45] are selected on object 'Object Repository/Store Request Schedule 1/Page_Store/select_--Select--Adernaline 0.'

2018-05-21 20:26:12 - [TEST_STEP][PASSED] - setText: Text '100' is set on object 'Object Repository/Store Request Schedule 1/Page_Store/input_txttreat'

2018-05-21 20:26:12 - [MESSAGE][PASSED] - Text '100' is set on object 'Object Repository/Store Request Schedule 1/Page_Store/input_txttreat'

2018-05-21 20:26:12 - [TEST_STEP][PASSED] - click: Object: 'Object Repository/Store Request Schedule 1/Page_Store/button_Add' is clicked on

2018-05-21 20:26:12 - [MESSAGE][PASSED] - Object: 'Object Repository/Store Request Schedule 1/Page_Store/button_Add' is clicked on

2018-05-21 20:26:12 - [TEST_STEP][PASSED] - selectOptionByIndex: All options with index in [1] are selected on object 'Object Repository/Store Request Schedule 1/Page_Store/select_--Select--Schedule 1Inj'

2018-05-21 20:26:12 - [MESSAGE][PASSED] - All options with index in [1] are selected on object 'Object Repository/Store Request Schedule 1/Page_Store/select_--Select--Schedule 1Inj'

2018-05-21 20:26:12 - [TEST_STEP][PASSED] - delay: Delayed 1 second(s)

2018-05-21 20:26:13 - [MESSAGE][PASSED] - Delayed 1 second(s)

2018-05-21 20:26:13 - [TEST_STEP][PASSED] - selectOptionByIndex: All options with index in [46] are selected on object 'Object Repository/Store Request Schedule 1/Page_Store/select_--Select--Adernaline 0.'

2018-05-21 20:26:14 - [MESSAGE][PASSED] - All options with index in [46] are selected on object 'Object Repository/Store Request Schedule 1/Page_Store/select_--Select--Adernaline 0.'

2018-05-21 20:26:14 - [TEST_STEP][PASSED] - setText: Text '100' is set on object 'Object Repository/Store Request Schedule 1/Page_Store/input_txttreat'

2018-05-21 20:26:14 - [MESSAGE][PASSED] - Text '100' is set on object 'Object Repository/Store Request Schedule 1/Page_Store/input_txttreat'

2018-05-21 20:26:14 - [TEST_STEP][PASSED] - click: Object: 'Object Repository/Store Request Schedule 1/Page_Store/button_Add' is clicked on

2018-05-21 20:26:14 - [MESSAGE][PASSED] - Object: 'Object Repository/Store Request Schedule 1/Page_Store/button_Add' is clicked on

2018-05-21 20:26:14 - [TEST_STEP][PASSED] - selectOptionByIndex: All options with index in [1] are selected on object 'Object Repository/Store Request Schedule 1/Page_Store/select_--Select--Schedule 1Inj'

2018-05-21 20:26:14 - [MESSAGE][PASSED] - All options with index in [1] are selected on object 'Object Repository/Store Request Schedule 1/Page_Store/select_--Select--Schedule 1Inj'

2018-05-21 20:26:14 - [TEST_STEP][PASSED] - delay: Delayed 1 second(s)

2018-05-21 20:26:15 - [MESSAGE][PASSED] - Delayed 1 second(s)

2018-05-21 20:26:15 - [TEST_STEP][PASSED] - selectOptionByIndex: All options with index in [47] are selected on object 'Object Repository/Store Request Schedule 1/Page_Store/select_--Select--Adernaline 0.'

2018-05-21 20:26:16 - [MESSAGE][PASSED] - All options with index in [47] are selected on object 'Object Repository/Store Request Schedule 1/Page_Store/select_--Select--Adernaline 0.'

2018-05-21 20:26:16 - [TEST_STEP][PASSED] - setText: Text '100' is set on object 'Object Repository/Store Request Schedule 1/Page_Store/input_txttreat'

2018-05-21 20:26:16 - [MESSAGE][PASSED] - Text '100' is set on object 'Object Repository/Store Request Schedule 1/Page_Store/input_txttreat'

2018-05-21 20:26:16 - [TEST_STEP][PASSED] - click: Object: 'Object Repository/Store Request Schedule 1/Page_Store/button_Add' is clicked on

2018-05-21 20:26:16 - [MESSAGE][PASSED] - Object: 'Object Repository/Store Request Schedule 1/Page_Store/button_Add' is clicked on

2018-05-21 20:26:16 - [TEST_STEP][PASSED] - selectOptionByIndex: All options with index in [1] are selected on object 'Object Repository/Store Request Schedule 1/Page_Store/select_--Select--Schedule 1Inj'

2018-05-21 20:26:16 - [MESSAGE][PASSED] - All options with index in [1] are selected on object 'Object Repository/Store Request Schedule 1/Page_Store/select_--Select--Schedule 1Inj'

2018-05-21 20:26:16 - [TEST_STEP][PASSED] - delay: Delayed 1 second(s)

2018-05-21 20:26:17 - [MESSAGE][PASSED] - Delayed 1 second(s)

2018-05-21 20:26:17 - [TEST_STEP][PASSED] - selectOptionByIndex: All options with index in [48] are selected on object 'Object Repository/Store Request Schedule 1/Page_Store/select_--Select--Adernaline 0.'

2018-05-21 20:26:17 - [MESSAGE][PASSED] - All options with index in [48] are selected on object 'Object Repository/Store Request Schedule 1/Page_Store/select_--Select--Adernaline 0.'

2018-05-21 20:26:17 - [TEST_STEP][PASSED] - setText: Text '100' is set on object 'Object Repository/Store Request Schedule 1/Page_Store/input_txttreat'

2018-05-21 20:26:17 - [MESSAGE][PASSED] - Text '100' is set on object 'Object Repository/Store Request Schedule 1/Page_Store/input_txttreat'

2018-05-21 20:26:17 - [TEST_STEP][PASSED] - click: Object: 'Object Repository/Store Request Schedule 1/Page_Store/button_Add' is clicked on

2018-05-21 20:26:18 - [MESSAGE][PASSED] - Object: 'Object Repository/Store Request Schedule 1/Page_Store/button_Add' is clicked on

2018-05-21 20:26:18 - [TEST_STEP][PASSED] - selectOptionByIndex: All options with index in [1] are selected on object 'Object Repository/Store Request Schedule 1/Page_Store/select_--Select--Schedule 1Inj'

2018-05-21 20:26:18 - [MESSAGE][PASSED] - All options with index in [1] are selected on object 'Object Repository/Store Request Schedule 1/Page_Store/select_--Select--Schedule 1Inj'

2018-05-21 20:26:18 - [TEST_STEP][PASSED] - delay: Delayed 1 second(s)

2018-05-21 20:26:19 - [MESSAGE][PASSED] - Delayed 1 second(s)

2018-05-21 20:26:19 - [TEST_STEP][PASSED] - selectOptionByIndex: All options with index in [49] are selected on object 'Object Repository/Store Request Schedule 1/Page_Store/select_--Select--Adernaline 0.'

2018-05-21 20:26:19 - [MESSAGE][PASSED] - All options with index in [49] are selected on object 'Object Repository/Store Request Schedule 1/Page_Store/select_--Select--Adernaline 0.'

2018-05-21 20:26:19 - [TEST_STEP][PASSED] - setText: Text '100' is set on object 'Object Repository/Store Request Schedule 1/Page_Store/input_txttreat'

2018-05-21 20:26:19 - [MESSAGE][PASSED] - Text '100' is set on object 'Object Repository/Store Request Schedule 1/Page_Store/input_txttreat'

2018-05-21 20:26:19 - [TEST_STEP][PASSED] - click: Object: 'Object Repository/Store Request Schedule 1/Page_Store/button_Add' is clicked on

2018-05-21 20:26:19 - [MESSAGE][PASSED] - Object: 'Object Repository/Store Request Schedule 1/Page_Store/button_Add' is clicked on

2018-05-21 20:26:19 - [TEST_STEP][PASSED] - selectOptionByIndex: All options with index in [1] are selected on object 'Object Repository/Store Request Schedule 1/Page_Store/select_--Select--Schedule 1Inj'

2018-05-21 20:26:20 - [MESSAGE][PASSED] - All options with index in [1] are selected on object 'Object Repository/Store Request Schedule 1/Page_Store/select_--Select--Schedule 1Inj'

2018-05-21 20:26:20 - [TEST_STEP][PASSED] - delay: Delayed 1 second(s)

2018-05-21 20:26:21 - [MESSAGE][PASSED] - Delayed 1 second(s)

2018-05-21 20:26:21 - [TEST_STEP][PASSED] - selectOptionByIndex: All options with index in [50] are selected on object 'Object Repository/Store Request Schedule 1/Page_Store/select_--Select--Adernaline 0.'

2018-05-21 20:26:21 - [MESSAGE][PASSED] - All options with index in [50] are selected on object 'Object Repository/Store Request Schedule 1/Page_Store/select_--Select--Adernaline 0.'

2018-05-21 20:26:21 - [TEST_STEP][PASSED] - setText: Text '100' is set on object 'Object Repository/Store Request Schedule 1/Page_Store/input_txttreat'

2018-05-21 20:26:21 - [MESSAGE][PASSED] - Text '100' is set on object 'Object Repository/Store Request Schedule 1/Page_Store/input_txttreat'

2018-05-21 20:26:21 - [TEST_STEP][PASSED] - click: Object: 'Object Repository/Store Request Schedule 1/Page_Store/button_Add' is clicked on

2018-05-21 20:26:21 - [MESSAGE][PASSED] - Object: 'Object Repository/Store Request Schedule 1/Page_Store/button_Add' is clicked on

2018-05-21 20:26:21 - [TEST_STEP][PASSED] - selectOptionByIndex: All options with index in [1] are selected on object 'Object Repository/Store Request Schedule 1/Page_Store/select_--Select--Schedule 1Inj'

2018-05-21 20:26:21 - [MESSAGE][PASSED] - All options with index in [1] are selected on object 'Object Repository/Store Request Schedule 1/Page_Store/select_--Select--Schedule 1Inj'

2018-05-21 20:26:21 - [TEST_STEP][PASSED] - delay: Delayed 1 second(s)

2018-05-21 20:26:22 - [MESSAGE][PASSED] - Delayed 1 second(s)

2018-05-21 20:26:22 - [TEST_STEP][PASSED] - selectOptionByIndex: All options with index in [51] are selected on object 'Object Repository/Store Request Schedule 1/Page_Store/select_--Select--Adernaline 0.'

2018-05-21 20:26:23 - [MESSAGE][PASSED] - All options with index in [51] are selected on object 'Object Repository/Store Request Schedule 1/Page_Store/select_--Select--Adernaline 0.'

2018-05-21 20:26:23 - [TEST_STEP][PASSED] - setText: Text '100' is set on object 'Object Repository/Store Request Schedule 1/Page_Store/input_txttreat'

2018-05-21 20:26:23 - [MESSAGE][PASSED] - Text '100' is set on object 'Object Repository/Store Request Schedule 1/Page_Store/input_txttreat'

2018-05-21 20:26:23 - [TEST_STEP][PASSED] - click: Object: 'Object Repository/Store Request Schedule 1/Page_Store/button_Add' is clicked on

2018-05-21 20:26:23 - [MESSAGE][PASSED] - Object: 'Object Repository/Store Request Schedule 1/Page_Store/button_Add' is clicked on

2018-05-21 20:26:23 - [TEST_STEP][PASSED] - selectOptionByIndex: All options with index in [1] are selected on object 'Object Repository/Store Request Schedule 1/Page_Store/select_--Select--Schedule 1Inj'

2018-05-21 20:26:23 - [MESSAGE][PASSED] - All options with index in [1] are selected on object 'Object Repository/Store Request Schedule 1/Page_Store/select_--Select--Schedule 1Inj'

2018-05-21 20:26:23 - [TEST_STEP][PASSED] - delay: Delayed 1 second(s)

2018-05-21 20:26:24 - [MESSAGE][PASSED] - Delayed 1 second(s)

2018-05-21 20:26:24 - [TEST_STEP][PASSED] - selectOptionByIndex: All options with index in [52] are selected on object 'Object Repository/Store Request Schedule 1/Page_Store/select_--Select--Adernaline 0.'

2018-05-21 20:26:25 - [MESSAGE][PASSED] - All options with index in [52] are selected on object 'Object Repository/Store Request Schedule 1/Page_Store/select_--Select--Adernaline 0.'

2018-05-21 20:26:25 - [TEST_STEP][PASSED] - setText: Text '100' is set on object 'Object Repository/Store Request Schedule 1/Page_Store/input_txttreat'

2018-05-21 20:26:25 - [MESSAGE][PASSED] - Text '100' is set on object 'Object Repository/Store Request Schedule 1/Page_Store/input_txttreat'

2018-05-21 20:26:25 - [TEST_STEP][PASSED] - click: Object: 'Object Repository/Store Request Schedule 1/Page_Store/button_Add' is clicked on

2018-05-21 20:26:25 - [MESSAGE][PASSED] - Object: 'Object Repository/Store Request Schedule 1/Page_Store/button_Add' is clicked on

2018-05-21 20:26:25 - [TEST_STEP][PASSED] - selectOptionByIndex: All options with index in [1] are selected on object 'Object Repository/Store Request Schedule 1/Page_Store/select_--Select--Schedule 1Inj'

2018-05-21 20:26:25 - [MESSAGE][PASSED] - All options with index in [1] are selected on object 'Object Repository/Store Request Schedule 1/Page_Store/select_--Select--Schedule 1Inj'

2018-05-21 20:26:25 - [TEST_STEP][PASSED] - delay: Delayed 1 second(s)

2018-05-21 20:26:26 - [MESSAGE][PASSED] - Delayed 1 second(s)

2018-05-21 20:26:26 - [TEST_STEP][PASSED] - selectOptionByIndex: All options with index in [53] are selected on object 'Object Repository/Store Request Schedule 1/Page_Store/select_--Select--Adernaline 0.'

2018-05-21 20:26:27 - [MESSAGE][PASSED] - All options with index in [53] are selected on object 'Object Repository/Store Request Schedule 1/Page_Store/select_--Select--Adernaline 0.'

2018-05-21 20:26:27 - [TEST_STEP][PASSED] - setText: Text '100' is set on object 'Object Repository/Store Request Schedule 1/Page_Store/input_txttreat'

2018-05-21 20:26:27 - [MESSAGE][PASSED] - Text '100' is set on object 'Object Repository/Store Request Schedule 1/Page_Store/input_txttreat'

2018-05-21 20:26:27 - [TEST_STEP][PASSED] - click: Object: 'Object Repository/Store Request Schedule 1/Page_Store/button_Add' is clicked on

2018-05-21 20:26:27 - [MESSAGE][PASSED] - Object: 'Object Repository/Store Request Schedule 1/Page_Store/button_Add' is clicked on

2018-05-21 20:26:27 - [TEST_STEP][PASSED] - selectOptionByIndex: All options with index in [1] are selected on object 'Object Repository/Store Request Schedule 1/Page_Store/select_--Select--Schedule 1Inj'

2018-05-21 20:26:27 - [MESSAGE][PASSED] - All options with index in [1] are selected on object 'Object Repository/Store Request Schedule 1/Page_Store/select_--Select--Schedule 1Inj'

2018-05-21 20:26:27 - [TEST_STEP][PASSED] - delay: Delayed 1 second(s)

2018-05-21 20:26:28 - [MESSAGE][PASSED] - Delayed 1 second(s)

2018-05-21 20:26:28 - [TEST_STEP][PASSED] - selectOptionByIndex: All options with index in [54] are selected on object 'Object Repository/Store Request Schedule 1/Page_Store/select_--Select--Adernaline 0.'

2018-05-21 20:26:29 - [MESSAGE][PASSED] - All options with index in [54] are selected on object 'Object Repository/Store Request Schedule 1/Page_Store/select_--Select--Adernaline 0.'

2018-05-21 20:26:29 - [TEST_STEP][PASSED] - setText: Text '100' is set on object 'Object Repository/Store Request Schedule 1/Page_Store/input_txttreat'

2018-05-21 20:26:29 - [MESSAGE][PASSED] - Text '100' is set on object 'Object Repository/Store Request Schedule 1/Page_Store/input_txttreat'

2018-05-21 20:26:29 - [TEST_STEP][PASSED] - click: Object: 'Object Repository/Store Request Schedule 1/Page_Store/button_Add' is clicked on

2018-05-21 20:26:29 - [MESSAGE][PASSED] - Object: 'Object Repository/Store Request Schedule 1/Page_Store/button_Add' is clicked on

2018-05-21 20:26:29 - [TEST_STEP][PASSED] - selectOptionByIndex: All options with index in [1] are selected on object 'Object Repository/Store Request Schedule 1/Page_Store/select_--Select--Schedule 1Inj'

2018-05-21 20:26:29 - [MESSAGE][PASSED] - All options with index in [1] are selected on object 'Object Repository/Store Request Schedule 1/Page_Store/select_--Select--Schedule 1Inj'

2018-05-21 20:26:29 - [TEST_STEP][PASSED] - delay: Delayed 1 second(s)

2018-05-21 20:26:30 - [MESSAGE][PASSED] - Delayed 1 second(s)

2018-05-21 20:26:30 - [TEST_STEP][PASSED] - selectOptionByIndex: All options with index in [55] are selected on object 'Object Repository/Store Request Schedule 1/Page_Store/select_--Select--Adernaline 0.'

2018-05-21 20:26:31 - [MESSAGE][PASSED] - All options with index in [55] are selected on object 'Object Repository/Store Request Schedule 1/Page_Store/select_--Select--Adernaline 0.'

2018-05-21 20:26:31 - [TEST_STEP][PASSED] - setText: Text '100' is set on object 'Object Repository/Store Request Schedule 1/Page_Store/input_txttreat'

2018-05-21 20:26:31 - [MESSAGE][PASSED] - Text '100' is set on object 'Object Repository/Store Request Schedule 1/Page_Store/input_txttreat'

2018-05-21 20:26:31 - [TEST_STEP][PASSED] - click: Object: 'Object Repository/Store Request Schedule 1/Page_Store/button_Add' is clicked on

2018-05-21 20:26:31 - [MESSAGE][PASSED] - Object: 'Object Repository/Store Request Schedule 1/Page_Store/button_Add' is clicked on

2018-05-21 20:26:31 - [TEST_STEP][PASSED] - selectOptionByIndex: All options with index in [1] are selected on object 'Object Repository/Store Request Schedule 1/Page_Store/select_--Select--Schedule 1Inj'

2018-05-21 20:26:31 - [MESSAGE][PASSED] - All options with index in [1] are selected on object 'Object Repository/Store Request Schedule 1/Page_Store/select_--Select--Schedule 1Inj'

2018-05-21 20:26:31 - [TEST_STEP][PASSED] - delay: Delayed 1 second(s)

2018-05-21 20:26:32 - [MESSAGE][PASSED] - Delayed 1 second(s)

2018-05-21 20:26:32 - [TEST_STEP][PASSED] - selectOptionByIndex: All options with index in [56] are selected on object 'Object Repository/Store Request Schedule 1/Page_Store/select_--Select--Adernaline 0.'

2018-05-21 20:26:32 - [MESSAGE][PASSED] - All options with index in [56] are selected on object 'Object Repository/Store Request Schedule 1/Page_Store/select_--Select--Adernaline 0.'

2018-05-21 20:26:32 - [TEST_STEP][PASSED] - setText: Text '100' is set on object 'Object Repository/Store Request Schedule 1/Page_Store/input_txttreat'

2018-05-21 20:26:33 - [MESSAGE][PASSED] - Text '100' is set on object 'Object Repository/Store Request Schedule 1/Page_Store/input_txttreat'

2018-05-21 20:26:33 - [TEST_STEP][PASSED] - click: Object: 'Object Repository/Store Request Schedule 1/Page_Store/button_Add' is clicked on

2018-05-21 20:26:33 - [MESSAGE][PASSED] - Object: 'Object Repository/Store Request Schedule 1/Page_Store/button_Add' is clicked on

2018-05-21 20:26:33 - [TEST_STEP][PASSED] - selectOptionByIndex: All options with index in [1] are selected on object 'Object Repository/Store Request Schedule 1/Page_Store/select_--Select--Schedule 1Inj'

2018-05-21 20:26:33 - [MESSAGE][PASSED] - All options with index in [1] are selected on object 'Object Repository/Store Request Schedule 1/Page_Store/select_--Select--Schedule 1Inj'

2018-05-21 20:26:33 - [TEST_STEP][PASSED] - delay: Delayed 1 second(s)

2018-05-21 20:26:34 - [MESSAGE][PASSED] - Delayed 1 second(s)

2018-05-21 20:26:34 - [TEST_STEP][PASSED] - selectOptionByIndex: All options with index in [57] are selected on object 'Object Repository/Store Request Schedule 1/Page_Store/select_--Select--Adernaline 0.'

2018-05-21 20:26:34 - [MESSAGE][PASSED] - All options with index in [57] are selected on object 'Object Repository/Store Request Schedule 1/Page_Store/select_--Select--Adernaline 0.'

2018-05-21 20:26:34 - [TEST_STEP][PASSED] - setText: Text '100' is set on object 'Object Repository/Store Request Schedule 1/Page_Store/input_txttreat'

2018-05-21 20:26:34 - [MESSAGE][PASSED] - Text '100' is set on object 'Object Repository/Store Request Schedule 1/Page_Store/input_txttreat'

2018-05-21 20:26:34 - [TEST_STEP][PASSED] - click: Object: 'Object Repository/Store Request Schedule 1/Page_Store/button_Add' is clicked on

2018-05-21 20:26:34 - [MESSAGE][PASSED] - Object: 'Object Repository/Store Request Schedule 1/Page_Store/button_Add' is clicked on

2018-05-21 20:26:34 - [TEST_STEP][PASSED] - selectOptionByIndex: All options with index in [1] are selected on object 'Object Repository/Store Request Schedule 1/Page_Store/select_--Select--Schedule 1Inj'

2018-05-21 20:26:35 - [MESSAGE][PASSED] - All options with index in [1] are selected on object 'Object Repository/Store Request Schedule 1/Page_Store/select_--Select--Schedule 1Inj'

2018-05-21 20:26:35 - [TEST_STEP][PASSED] - delay: Delayed 1 second(s)

2018-05-21 20:26:36 - [MESSAGE][PASSED] - Delayed 1 second(s)

2018-05-21 20:26:36 - [TEST_STEP][PASSED] - selectOptionByIndex: All options with index in [58] are selected on object 'Object Repository/Store Request Schedule 1/Page_Store/select_--Select--Adernaline 0.'

2018-05-21 20:26:36 - [MESSAGE][PASSED] - All options with index in [58] are selected on object 'Object Repository/Store Request Schedule 1/Page_Store/select_--Select--Adernaline 0.'

2018-05-21 20:26:36 - [TEST_STEP][PASSED] - setText: Text '100' is set on object 'Object Repository/Store Request Schedule 1/Page_Store/input_txttreat'

2018-05-21 20:26:36 - [MESSAGE][PASSED] - Text '100' is set on object 'Object Repository/Store Request Schedule 1/Page_Store/input_txttreat'

2018-05-21 20:26:36 - [TEST_STEP][PASSED] - click: Object: 'Object Repository/Store Request Schedule 1/Page_Store/button_Add' is clicked on

2018-05-21 20:26:36 - [MESSAGE][PASSED] - Object: 'Object Repository/Store Request Schedule 1/Page_Store/button_Add' is clicked on

2018-05-21 20:26:36 - [TEST_STEP][PASSED] - selectOptionByIndex: All options with index in [1] are selected on object 'Object Repository/Store Request Schedule 1/Page_Store/select_--Select--Schedule 1Inj'

2018-05-21 20:26:37 - [MESSAGE][PASSED] - All options with index in [1] are selected on object 'Object Repository/Store Request Schedule 1/Page_Store/select_--Select--Schedule 1Inj'

2018-05-21 20:26:37 - [TEST_STEP][PASSED] - delay: Delayed 1 second(s)

2018-05-21 20:26:38 - [MESSAGE][PASSED] - Delayed 1 second(s)

2018-05-21 20:26:38 - [TEST_STEP][PASSED] - selectOptionByIndex: All options with index in [59] are selected on object 'Object Repository/Store Request Schedule 1/Page_Store/select_--Select--Adernaline 0.'

2018-05-21 20:26:38 - [MESSAGE][PASSED] - All options with index in [59] are selected on object 'Object Repository/Store Request Schedule 1/Page_Store/select_--Select--Adernaline 0.'

2018-05-21 20:26:38 - [TEST_STEP][PASSED] - setText: Text '100' is set on object 'Object Repository/Store Request Schedule 1/Page_Store/input_txttreat'

2018-05-21 20:26:38 - [MESSAGE][PASSED] - Text '100' is set on object 'Object Repository/Store Request Schedule 1/Page_Store/input_txttreat'

2018-05-21 20:26:38 - [TEST_STEP][PASSED] - click: Object: 'Object Repository/Store Request Schedule 1/Page_Store/button_Add' is clicked on

2018-05-21 20:26:38 - [MESSAGE][PASSED] - Object: 'Object Repository/Store Request Schedule 1/Page_Store/button_Add' is clicked on

2018-05-21 20:26:38 - [TEST_STEP][PASSED] - selectOptionByIndex: All options with index in [1] are selected on object 'Object Repository/Store Request Schedule 1/Page_Store/select_--Select--Schedule 1Inj'

2018-05-21 20:26:38 - [MESSAGE][PASSED] - All options with index in [1] are selected on object 'Object Repository/Store Request Schedule 1/Page_Store/select_--Select--Schedule 1Inj'

2018-05-21 20:26:38 - [TEST_STEP][PASSED] - delay: Delayed 1 second(s)

2018-05-21 20:26:39 - [MESSAGE][PASSED] - Delayed 1 second(s)

2018-05-21 20:26:39 - [TEST_STEP][PASSED] - selectOptionByIndex: All options with index in [60] are selected on object 'Object Repository/Store Request Schedule 1/Page_Store/select_--Select--Adernaline 0.'

2018-05-21 20:26:40 - [MESSAGE][PASSED] - All options with index in [60] are selected on object 'Object Repository/Store Request Schedule 1/Page_Store/select_--Select--Adernaline 0.'

2018-05-21 20:26:40 - [TEST_STEP][PASSED] - setText: Text '100' is set on object 'Object Repository/Store Request Schedule 1/Page_Store/input_txttreat'

2018-05-21 20:26:40 - [MESSAGE][PASSED] - Text '100' is set on object 'Object Repository/Store Request Schedule 1/Page_Store/input_txttreat'

2018-05-21 20:26:40 - [TEST_STEP][PASSED] - click: Object: 'Object Repository/Store Request Schedule 1/Page_Store/button_Add' is clicked on

2018-05-21 20:26:40 - [MESSAGE][PASSED] - Object: 'Object Repository/Store Request Schedule 1/Page_Store/button_Add' is clicked on

2018-05-21 20:26:40 - [TEST_STEP][PASSED] - selectOptionByIndex: All options with index in [1] are selected on object 'Object Repository/Store Request Schedule 1/Page_Store/select_--Select--Schedule 1Inj'

2018-05-21 20:26:40 - [MESSAGE][PASSED] - All options with index in [1] are selected on object 'Object Repository/Store Request Schedule 1/Page_Store/select_--Select--Schedule 1Inj'

2018-05-21 20:26:40 - [TEST_STEP][PASSED] - delay: Delayed 1 second(s)

2018-05-21 20:26:41 - [MESSAGE][PASSED] - Delayed 1 second(s)

2018-05-21 20:26:41 - [TEST_STEP][PASSED] - selectOptionByIndex: All options with index in [61] are selected on object 'Object Repository/Store Request Schedule 1/Page_Store/select_--Select--Adernaline 0.'

2018-05-21 20:26:42 - [MESSAGE][PASSED] - All options with index in [61] are selected on object 'Object Repository/Store Request Schedule 1/Page_Store/select_--Select--Adernaline 0.'

2018-05-21 20:26:42 - [TEST_STEP][PASSED] - setText: Text '100' is set on object 'Object Repository/Store Request Schedule 1/Page_Store/input_txttreat'

2018-05-21 20:26:42 - [MESSAGE][PASSED] - Text '100' is set on object 'Object Repository/Store Request Schedule 1/Page_Store/input_txttreat'

2018-05-21 20:26:42 - [TEST_STEP][PASSED] - click: Object: 'Object Repository/Store Request Schedule 1/Page_Store/button_Add' is clicked on

2018-05-21 20:26:42 - [MESSAGE][PASSED] - Object: 'Object Repository/Store Request Schedule 1/Page_Store/button_Add' is clicked on

2018-05-21 20:26:42 - [TEST_STEP][PASSED] - selectOptionByIndex: All options with index in [1] are selected on object 'Object Repository/Store Request Schedule 1/Page_Store/select_--Select--Schedule 1Inj'

2018-05-21 20:26:42 - [MESSAGE][PASSED] - All options with index in [1] are selected on object 'Object Repository/Store Request Schedule 1/Page_Store/select_--Select--Schedule 1Inj'

2018-05-21 20:26:42 - [TEST_STEP][PASSED] - delay: Delayed 1 second(s)

2018-05-21 20:26:43 - [MESSAGE][PASSED] - Delayed 1 second(s)

2018-05-21 20:26:43 - [TEST_STEP][PASSED] - selectOptionByIndex: All options with index in [62] are selected on object 'Object Repository/Store Request Schedule 1/Page_Store/select_--Select--Adernaline 0.'

2018-05-21 20:26:44 - [MESSAGE][PASSED] - All options with index in [62] are selected on object 'Object Repository/Store Request Schedule 1/Page_Store/select_--Select--Adernaline 0.'

2018-05-21 20:26:44 - [TEST_STEP][PASSED] - setText: Text '100' is set on object 'Object Repository/Store Request Schedule 1/Page_Store/input_txttreat'

2018-05-21 20:26:44 - [MESSAGE][PASSED] - Text '100' is set on object 'Object Repository/Store Request Schedule 1/Page_Store/input_txttreat'

2018-05-21 20:26:44 - [TEST_STEP][PASSED] - click: Object: 'Object Repository/Store Request Schedule 1/Page_Store/button_Add' is clicked on

2018-05-21 20:26:44 - [MESSAGE][PASSED] - Object: 'Object Repository/Store Request Schedule 1/Page_Store/button_Add' is clicked on

2018-05-21 20:26:44 - [TEST_STEP][PASSED] - delay: Delayed 2 second(s)

2018-05-21 20:26:46 - [MESSAGE][PASSED] - Delayed 2 second(s)

2018-05-21 20:26:46 - [TEST_STEP][PASSED] - scrollToElement: Scroll to object 'Object Repository/Store Request Schedule 1/Page_Store/input_btnsave' successfully

2018-05-21 20:26:46 - [MESSAGE][PASSED] - Scroll to object 'Object Repository/Store Request Schedule 1/Page_Store/input_btnsave' successfully

2018-05-21 20:26:46 - [TEST_STEP][PASSED] - click: Object: 'Object Repository/Store Request Schedule 1/Page_Store/input_btnsave' is clicked on

2018-05-21 20:26:46 - [MESSAGE][PASSED] - Object: 'Object Repository/Store Request Schedule 1/Page_Store/input_btnsave' is clicked on

2018-05-21 20:26:46 - [TEST_STEP][PASSED] - delay: Delayed 4 second(s)

2018-05-21 20:26:50 - [MESSAGE][PASSED] - Delayed 4 second(s)

2018-05-21 20:26:50 - [TEST_STEP][PASSED] - Statement - Cms_RequestNumber = com.kms.katalon.core.webui.keyword.WebUiBuiltInKeywords.getText(com.kms.katalon.core.testobject.ObjectRepository.findTestObject(Store Request Schedule 1/Page_Store/font_PRNO050520189)): Text of object 'Object Repository/Store Request Schedule 1/Page_Store/font_PRNO050520189' is: 'PRNO/21052018/328'

2018-05-21 20:26:50 - [MESSAGE][PASSED] - Text of object 'Object Repository/Store Request Schedule 1/Page_Store/font_PRNO050520189' is: 'PRNO/21052018/328'

2018-05-21 20:26:50 - [TEST_STEP][PASSED] - Statement - CR = Cms_RequestNumber.trim(): null

2018-05-21 20:26:50 - [TEST_STEP][PASSED] - Statement - out.println("RQ :" + Cms_RequestNumber): null

2018-05-21 20:26:50 - [TEST_STEP][PASSED] - Statement - RequestNumberID = Cms_RequestNumber.split("/")[2].trim(): null

2018-05-21 20:26:50 - [TEST_STEP][PASSED] - Statement - out.println("RQ ID :" + RequestNumberID): null

2018-05-21 20:26:50 - [TEST_STEP][PASSED] - delay: Delayed 3 second(s)

2018-05-21 20:26:53 - [MESSAGE][PASSED] - Delayed 3 second(s)

2018-05-21 20:26:53 - [TEST_STEP][PASSED] - Statement - ok = com.kms.katalon.core.webui.keyword.WebUiBuiltInKeywords.click(com.kms.katalon.core.testobject.ObjectRepository.findTestObject(Store Request Schedule 1/Page_Store/button_OK)): Object: 'Object Repository/Store Request Schedule 1/Page_Store/button_OK' is clicked on

2018-05-21 20:26:54 - [MESSAGE][PASSED] - Object: 'Object Repository/Store Request Schedule 1/Page_Store/button_OK' is clicked on

2018-05-21 20:26:54 - [TEST_STEP][PASSED] - delay: Delayed 3 second(s)

2018-05-21 20:26:57 - [MESSAGE][PASSED] - Delayed 3 second(s)

2018-05-21 20:26:57 - [TEST_STEP][PASSED] - click: Object: 'Object Repository/Store Request Schedule 1/Page_Store/a_dropdown-toggle' is clicked on

2018-05-21 20:26:57 - [MESSAGE][PASSED] - Object: 'Object Repository/Store Request Schedule 1/Page_Store/a_dropdown-toggle' is clicked on

2018-05-21 20:26:57 - [TEST_STEP][PASSED] - click: Object: 'Object Repository/Store Request Schedule 1/Page_Store/a_Sign out' is clicked on

2018-05-21 20:26:58 - [MESSAGE][PASSED] - Object: 'Object Repository/Store Request Schedule 1/Page_Store/a_Sign out' is clicked on

2018-05-21 20:26:58 - [TEST_STEP][PASSED] - delay: Delayed 3 second(s)

2018-05-21 20:27:01 - [MESSAGE][PASSED] - Delayed 3 second(s)

2018-05-21 20:27:01 - [TEST_STEP][PASSED] - click: Object: 'Object Repository/Store Request Schedule 1/Page_KDMC/a_CMO' is clicked on

2018-05-21 20:27:02 - [MESSAGE][PASSED] - Object: 'Object Repository/Store Request Schedule 1/Page_KDMC/a_CMO' is clicked on

2018-05-21 20:27:02 - [TEST_STEP][PASSED] - setText: Text 'guru' is set on object 'Object Repository/Store Request Schedule 1/Page_CMO login/input_txtusername'

2018-05-21 20:27:02 - [MESSAGE][PASSED] - Text 'guru' is set on object 'Object Repository/Store Request Schedule 1/Page_CMO login/input_txtusername'

2018-05-21 20:27:02 - [TEST_STEP][PASSED] - setText: Text '123' is set on object 'Object Repository/Store Request Schedule 1/Page_CMO login/input_txtpassword'

2018-05-21 20:27:02 - [MESSAGE][PASSED] - Text '123' is set on object 'Object Repository/Store Request Schedule 1/Page_CMO login/input_txtpassword'

2018-05-21 20:27:02 - [TEST_STEP][PASSED] - delay: Delayed 3 second(s)

2018-05-21 20:27:05 - [MESSAGE][PASSED] - Delayed 3 second(s)

2018-05-21 20:27:05 - [TEST_STEP][PASSED] - click: Object: 'Object Repository/Store Request Schedule 1/Page_CMO login/button_Sign in' is clicked on

2018-05-21 20:27:06 - [MESSAGE][PASSED] - Object: 'Object Repository/Store Request Schedule 1/Page_CMO login/button_Sign in' is clicked on

2018-05-21 20:27:06 - [TEST_STEP][PASSED] - delay: Delayed 2 second(s)

2018-05-21 20:27:08 - [MESSAGE][PASSED] - Delayed 2 second(s)

2018-05-21 20:27:08 - [TEST_STEP][PASSED] - click: Object: 'Object Repository/Store Request Schedule 1/Page_KDMC - CMO/span_Department Wise Request' is clicked on

2018-05-21 20:27:09 - [MESSAGE][PASSED] - Object: 'Object Repository/Store Request Schedule 1/Page_KDMC - CMO/span_Department Wise Request' is clicked on

2018-05-21 20:27:09 - [TEST_STEP][PASSED] - click: Object: 'Object Repository/Store Request Schedule 1/Page_KDMC - CMO/a_CMS Request' is clicked on

2018-05-21 20:27:09 - [MESSAGE][PASSED] - Object: 'Object Repository/Store Request Schedule 1/Page_KDMC - CMO/a_CMS Request' is clicked on

2018-05-21 20:27:09 - [TEST_STEP][PASSED] - click: Object: 'Object Repository/Store Request Schedule 1/Page_KDMC - CMO/a_CMS Request' is clicked on

2018-05-21 20:27:09 - [MESSAGE][PASSED] - Object: 'Object Repository/Store Request Schedule 1/Page_KDMC - CMO/a_CMS Request' is clicked on

2018-05-21 20:27:09 - [TEST_STEP][PASSED] - click: Object: 'Object Repository/Store Request Schedule 1/Page_KDMC - CMO/span_Divisional Store Request' is clicked on

2018-05-21 20:27:11 - [MESSAGE][PASSED] - Object: 'Object Repository/Store Request Schedule 1/Page_KDMC - CMO/span_Divisional Store Request' is clicked on

2018-05-21 20:27:11 - [TEST_STEP][PASSED] - delay: Delayed 2 second(s)

2018-05-21 20:27:13 - [MESSAGE][PASSED] - Delayed 2 second(s)

2018-05-21 20:27:13 - [TEST_STEP][PASSED] - Statement - approval = com.kms.katalon.core.webui.keyword.WebUiBuiltInKeywords.modifyObjectProperty(com.kms.katalon.core.testobject.ObjectRepository.findTestObject(Store Request Schedule 1/Page_KDMC - CMO/input_PRNO050520189), "xpath", "equals", "//*[@id=" + RequestNumberID + "]", true): Modify property of object successfully

2018-05-21 20:27:13 - [MESSAGE][PASSED] - Modify property of object successfully

2018-05-21 20:27:13 - [TEST_STEP][PASSED] - click: Object: 'Object Repository/Store Request Schedule 1/Page_KDMC - CMO/input_PRNO050520189' is clicked on

2018-05-21 20:27:13 - [MESSAGE][PASSED] - Object: 'Object Repository/Store Request Schedule 1/Page_KDMC - CMO/input_PRNO050520189' is clicked on

2018-05-21 20:27:13 - [TEST_STEP][PASSED] - delay: Delayed 2 second(s)

2018-05-21 20:27:15 - [MESSAGE][PASSED] - Delayed 2 second(s)

2018-05-21 20:27:15 - [TEST_STEP][PASSED] - selectOptionByIndex: All options with index in [1] are selected on object 'Object Repository/Store Request Schedule 1/Page_KDMC - CMO/select_--Select--'

2018-05-21 20:27:15 - [MESSAGE][PASSED] - All options with index in [1] are selected on object 'Object Repository/Store Request Schedule 1/Page_KDMC - CMO/select_--Select--'

2018-05-21 20:27:15 - [TEST_STEP][PASSED] - click: Object: 'Object Repository/Store Request Schedule 1/Page_KDMC - CMO/input_btnupdate' is clicked on

2018-05-21 20:27:15 - [MESSAGE][PASSED] - Object: 'Object Repository/Store Request Schedule 1/Page_KDMC - CMO/input_btnupdate' is clicked on

2018-05-21 20:27:15 - [TEST_STEP][PASSED] - delay: Delayed 2 second(s)

2018-05-21 20:27:17 - [MESSAGE][PASSED] - Delayed 2 second(s)

2018-05-21 20:27:17 - [TEST_STEP][PASSED] - click: Object: 'Object Repository/Store Request Schedule 1/Page_KDMC - CMO/button_OK' is clicked on

2018-05-21 20:27:18 - [MESSAGE][PASSED] - Object: 'Object Repository/Store Request Schedule 1/Page_KDMC - CMO/button_OK' is clicked on

2018-05-21 20:27:18 - [TEST_STEP][PASSED] - delay: Delayed 2 second(s)

2018-05-21 20:27:20 - [MESSAGE][PASSED] - Delayed 2 second(s)

2018-05-21 20:27:20 - [TEST_STEP][PASSED] - click: Object: 'Object Repository/Store Request Schedule 1/Page_KDMC - CMO/a_dropdown-toggle' is clicked on

2018-05-21 20:27:20 - [MESSAGE][PASSED] - Object: 'Object Repository/Store Request Schedule 1/Page_KDMC - CMO/a_dropdown-toggle' is clicked on

2018-05-21 20:27:20 - [TEST_STEP][PASSED] - click: Object: 'Object Repository/Store Request Schedule 1/Page_KDMC - CMO/a_Sign out' is clicked on

2018-05-21 20:27:20 - [MESSAGE][PASSED] - Object: 'Object Repository/Store Request Schedule 1/Page_KDMC - CMO/a_Sign out' is clicked on

2018-05-21 20:27:20 - [TEST_STEP][PASSED] - delay: Delayed 3 second(s)

2018-05-21 20:27:23 - [MESSAGE][PASSED] - Delayed 3 second(s)

2018-05-21 20:27:23 - [TEST_STEP][PASSED] - click: Object: 'Object Repository/store Request Schedule 1/Page_KDMC/a_CMS' is clicked on

2018-05-21 20:27:24 - [MESSAGE][PASSED] - Object: 'Object Repository/store Request Schedule 1/Page_KDMC/a_CMS' is clicked on

2018-05-21 20:27:24 - [TEST_STEP][PASSED] - setText: Text 'bala' is set on object 'Object Repository/store Request Schedule 1/Page_CMS login/input_txtusername'

2018-05-21 20:27:24 - [MESSAGE][PASSED] - Text 'bala' is set on object 'Object Repository/store Request Schedule 1/Page_CMS login/input_txtusername'

2018-05-21 20:27:24 - [TEST_STEP][PASSED] - setText: Text '123' is set on object 'Object Repository/store Request Schedule 1/Page_CMS login/input_txtpassword'

2018-05-21 20:27:24 - [MESSAGE][PASSED] - Text '123' is set on object 'Object Repository/store Request Schedule 1/Page_CMS login/input_txtpassword'

2018-05-21 20:27:24 - [TEST_STEP][PASSED] - delay: Delayed 3 second(s)

2018-05-21 20:27:27 - [MESSAGE][PASSED] - Delayed 3 second(s)

2018-05-21 20:27:27 - [TEST_STEP][PASSED] - click: Object: 'Object Repository/store Request Schedule 1/Page_CMS login/button_Sign in' is clicked on

2018-05-21 20:27:28 - [MESSAGE][PASSED] - Object: 'Object Repository/store Request Schedule 1/Page_CMS login/button_Sign in' is clicked on

2018-05-21 20:27:28 - [TEST_STEP][PASSED] - delay: Delayed 2 second(s)

2018-05-21 20:27:30 - [MESSAGE][PASSED] - Delayed 2 second(s)

2018-05-21 20:27:30 - [TEST_STEP][PASSED] - click: Object: 'Object Repository/store Request Schedule 1/Page_KDMC - CMS/a_Divisional Store' is clicked on

2018-05-21 20:27:30 - [MESSAGE][PASSED] - Object: 'Object Repository/store Request Schedule 1/Page_KDMC - CMS/a_Divisional Store' is clicked on

2018-05-21 20:27:30 - [TEST_STEP][PASSED] - delay: Delayed 2 second(s)

2018-05-21 20:27:32 - [MESSAGE][PASSED] - Delayed 2 second(s)

2018-05-21 20:27:32 - [TEST_STEP][PASSED] - click: Object: 'Object Repository/store Request Schedule 1/Page_KDMC - CMS/a_Dispatch Items' is clicked on

2018-05-21 20:27:32 - [MESSAGE][PASSED] - Object: 'Object Repository/store Request Schedule 1/Page_KDMC - CMS/a_Dispatch Items' is clicked on

2018-05-21 20:27:32 - [TEST_STEP][PASSED] - setText: Text 'PRNO/21052018/328' is set on object 'Object Repository/store Request Schedule 1/Page_KDMC - CMS/input'

2018-05-21 20:27:33 - [MESSAGE][PASSED] - Text 'PRNO/21052018/328' is set on object 'Object Repository/store Request Schedule 1/Page_KDMC - CMS/input'

2018-05-21 20:27:33 - [TEST_STEP][PASSED] - click: Object: 'Object Repository/store Request Schedule 1/Page_KDMC - CMS/td_text-center' is clicked on

2018-05-21 20:27:33 - [MESSAGE][PASSED] - Object: 'Object Repository/store Request Schedule 1/Page_KDMC - CMS/td_text-center' is clicked on

2018-05-21 20:27:33 - [TEST_STEP][PASSED] - delay: Delayed 2 second(s)

2018-05-21 20:27:35 - [MESSAGE][PASSED] - Delayed 2 second(s)

2018-05-21 20:27:35 - [TEST_STEP][PASSED] - Statement - For ([row = 0, row < SelectedOptions - 1, (row++)]): null

2018-05-21 20:27:35 - [TEST_STEP][PASSED] - Statement - batchlength = new com.kms.katalon.core.testobject.TestObject(): null

2018-05-21 20:27:35 - [TEST_STEP][PASSED] - Statement - batchlength = com.kms.katalon.core.webui.keyword.WebUiBuiltInKeywords.modifyObjectProperty(batchlength, "xpath", "equals", "//*[@id = "fldvendor" + row + ""]", true): Modify property of object successfully

2018-05-21 20:27:35 - [MESSAGE][PASSED] - Modify property of object successfully

2018-05-21 20:27:35 - [TEST_STEP][PASSED] - Statement - batchsize = com.kms.katalon.core.webui.keyword.WebUiBuiltInKeywords.getNumberOfTotalOption(batchlength): 12 options of object '' counted

2018-05-21 20:27:35 - [MESSAGE][PASSED] - 12 options of object '' counted

2018-05-21 20:27:35 - [TEST_STEP][PASSED] - Statement - out.println("BatchSize : " + batchsize): null

2018-05-21 20:27:35 - [TEST_STEP][PASSED] - Statement - For ([n = 1, n <= batchsize - 1, (n++)]): null

2018-05-21 20:27:35 - [TEST_STEP][PASSED] - Statement - product = new com.kms.katalon.core.testobject.TestObject(): null

2018-05-21 20:27:35 - [TEST_STEP][PASSED] - Statement - product = com.kms.katalon.core.webui.keyword.WebUiBuiltInKeywords.modifyObjectProperty(product, "xpath", "equals", "//*[@id = "fldvendor" + row + ""]", true): Modify property of object successfully

2018-05-21 20:27:35 - [MESSAGE][PASSED] - Modify property of object successfully

2018-05-21 20:27:35 - [TEST_STEP][PASSED] - selectOptionByIndex: All options with index in [1] are selected on object ''

2018-05-21 20:27:36 - [MESSAGE][PASSED] - All options with index in [1] are selected on object ''

2018-05-21 20:27:36 - [TEST_STEP][PASSED] - Statement - batch = new com.kms.katalon.core.testobject.TestObject(): null

2018-05-21 20:27:36 - [TEST_STEP][PASSED] - Statement - batch = com.kms.katalon.core.webui.keyword.WebUiBuiltInKeywords.modifyObjectProperty(batch, "xpath", "equals", "//*[@id = "txtbthqty" + row + ""]", true): Modify property of object successfully

2018-05-21 20:27:36 - [MESSAGE][PASSED] - Modify property of object successfully

2018-05-21 20:27:36 - [TEST_STEP][PASSED] - Statement - batchqty = com.kms.katalon.core.webui.keyword.WebUiBuiltInKeywords.getAttribute(batch, "value").trim(): Attribute 'value' of object '' is: '3790'

2018-05-21 20:27:36 - [MESSAGE][PASSED] - Attribute 'value' of object '' is: '3790'

2018-05-21 20:27:36 - [TEST_STEP][PASSED] - Statement - Rqty = 100: null

2018-05-21 20:27:36 - [TEST_STEP][PASSED] - delay: Delayed 2 second(s)

2018-05-21 20:27:38 - [MESSAGE][PASSED] - Delayed 2 second(s)

2018-05-21 20:27:38 - [TEST_STEP][PASSED] - Statement - out.println("BatchQty : " + batchqty): null

2018-05-21 20:27:38 - [TEST_STEP][PASSED] - Statement - out.println("RQty : " + Rqty): null

2018-05-21 20:27:38 - [TEST_STEP][PASSED] - Statement - If (java.lang.Integer.valueOf(batchqty) >= java.lang.Integer.valueOf(Rqty)): null

2018-05-21 20:27:38 - [TEST_STEP][PASSED] - Statement - Break: null

2018-05-21 20:27:38 - [TEST_STEP][PASSED] - Statement - batchlength = new com.kms.katalon.core.testobject.TestObject(): null

2018-05-21 20:27:38 - [TEST_STEP][PASSED] - Statement - batchlength = com.kms.katalon.core.webui.keyword.WebUiBuiltInKeywords.modifyObjectProperty(batchlength, "xpath", "equals", "//*[@id = "fldvendor" + row + ""]", true): Modify property of object successfully

2018-05-21 20:27:38 - [MESSAGE][PASSED] - Modify property of object successfully

2018-05-21 20:27:38 - [TEST_STEP][PASSED] - Statement - batchsize = com.kms.katalon.core.webui.keyword.WebUiBuiltInKeywords.getNumberOfTotalOption(batchlength): 13 options of object '' counted

2018-05-21 20:27:38 - [MESSAGE][PASSED] - 13 options of object '' counted

2018-05-21 20:27:38 - [TEST_STEP][PASSED] - Statement - out.println("BatchSize : " + batchsize): null

2018-05-21 20:27:38 - [TEST_STEP][PASSED] - Statement - For ([n = 1, n <= batchsize - 1, (n++)]): null

2018-05-21 20:27:38 - [TEST_STEP][PASSED] - Statement - product = new com.kms.katalon.core.testobject.TestObject(): null

2018-05-21 20:27:38 - [TEST_STEP][PASSED] - Statement - product = com.kms.katalon.core.webui.keyword.WebUiBuiltInKeywords.modifyObjectProperty(product, "xpath", "equals", "//*[@id = "fldvendor" + row + ""]", true): Modify property of object successfully

2018-05-21 20:27:38 - [MESSAGE][PASSED] - Modify property of object successfully

2018-05-21 20:27:38 - [TEST_STEP][PASSED] - selectOptionByIndex: All options with index in [1] are selected on object ''

2018-05-21 20:27:38 - [MESSAGE][PASSED] - All options with index in [1] are selected on object ''

2018-05-21 20:27:38 - [TEST_STEP][PASSED] - Statement - batch = new com.kms.katalon.core.testobject.TestObject(): null

2018-05-21 20:27:38 - [TEST_STEP][PASSED] - Statement - batch = com.kms.katalon.core.webui.keyword.WebUiBuiltInKeywords.modifyObjectProperty(batch, "xpath", "equals", "//*[@id = "txtbthqty" + row + ""]", true): Modify property of object successfully

2018-05-21 20:27:38 - [MESSAGE][PASSED] - Modify property of object successfully

2018-05-21 20:27:38 - [TEST_STEP][PASSED] - Statement - batchqty = com.kms.katalon.core.webui.keyword.WebUiBuiltInKeywords.getAttribute(batch, "value").trim(): Attribute 'value' of object '' is: '3600'

2018-05-21 20:27:38 - [MESSAGE][PASSED] - Attribute 'value' of object '' is: '3600'

2018-05-21 20:27:38 - [TEST_STEP][PASSED] - Statement - Rqty = 100: null

2018-05-21 20:27:38 - [TEST_STEP][PASSED] - delay: Delayed 2 second(s)

2018-05-21 20:27:40 - [MESSAGE][PASSED] - Delayed 2 second(s)

2018-05-21 20:27:40 - [TEST_STEP][PASSED] - Statement - out.println("BatchQty : " + batchqty): null

2018-05-21 20:27:40 - [TEST_STEP][PASSED] - Statement - out.println("RQty : " + Rqty): null

2018-05-21 20:27:40 - [TEST_STEP][PASSED] - Statement - If (java.lang.Integer.valueOf(batchqty) >= java.lang.Integer.valueOf(Rqty)): null

2018-05-21 20:27:40 - [TEST_STEP][PASSED] - Statement - Break: null

2018-05-21 20:27:40 - [TEST_STEP][PASSED] - Statement - batchlength = new com.kms.katalon.core.testobject.TestObject(): null

2018-05-21 20:27:40 - [TEST_STEP][PASSED] - Statement - batchlength = com.kms.katalon.core.webui.keyword.WebUiBuiltInKeywords.modifyObjectProperty(batchlength, "xpath", "equals", "//*[@id = "fldvendor" + row + ""]", true): Modify property of object successfully

2018-05-21 20:27:40 - [MESSAGE][PASSED] - Modify property of object successfully

2018-05-21 20:27:40 - [TEST_STEP][PASSED] - Statement - batchsize = com.kms.katalon.core.webui.keyword.WebUiBuiltInKeywords.getNumberOfTotalOption(batchlength): 11 options of object '' counted

2018-05-21 20:27:40 - [MESSAGE][PASSED] - 11 options of object '' counted

2018-05-21 20:27:40 - [TEST_STEP][PASSED] - Statement - out.println("BatchSize : " + batchsize): null

2018-05-21 20:27:40 - [TEST_STEP][PASSED] - Statement - For ([n = 1, n <= batchsize - 1, (n++)]): null

2018-05-21 20:27:40 - [TEST_STEP][PASSED] - Statement - product = new com.kms.katalon.core.testobject.TestObject(): null

2018-05-21 20:27:40 - [TEST_STEP][PASSED] - Statement - product = com.kms.katalon.core.webui.keyword.WebUiBuiltInKeywords.modifyObjectProperty(product, "xpath", "equals", "//*[@id = "fldvendor" + row + ""]", true): Modify property of object successfully

2018-05-21 20:27:40 - [MESSAGE][PASSED] - Modify property of object successfully

2018-05-21 20:27:40 - [TEST_STEP][PASSED] - selectOptionByIndex: All options with index in [1] are selected on object ''

2018-05-21 20:27:40 - [MESSAGE][PASSED] - All options with index in [1] are selected on object ''

2018-05-21 20:27:40 - [TEST_STEP][PASSED] - Statement - batch = new com.kms.katalon.core.testobject.TestObject(): null

2018-05-21 20:27:40 - [TEST_STEP][PASSED] - Statement - batch = com.kms.katalon.core.webui.keyword.WebUiBuiltInKeywords.modifyObjectProperty(batch, "xpath", "equals", "//*[@id = "txtbthqty" + row + ""]", true): Modify property of object successfully

2018-05-21 20:27:40 - [MESSAGE][PASSED] - Modify property of object successfully

2018-05-21 20:27:40 - [TEST_STEP][PASSED] - Statement - batchqty = com.kms.katalon.core.webui.keyword.WebUiBuiltInKeywords.getAttribute(batch, "value").trim(): Attribute 'value' of object '' is: '4800'

2018-05-21 20:27:40 - [MESSAGE][PASSED] - Attribute 'value' of object '' is: '4800'

2018-05-21 20:27:40 - [TEST_STEP][PASSED] - Statement - Rqty = 100: null

2018-05-21 20:27:40 - [TEST_STEP][PASSED] - delay: Delayed 2 second(s)

2018-05-21 20:27:42 - [MESSAGE][PASSED] - Delayed 2 second(s)

2018-05-21 20:27:42 - [TEST_STEP][PASSED] - Statement - out.println("BatchQty : " + batchqty): null

2018-05-21 20:27:42 - [TEST_STEP][PASSED] - Statement - out.println("RQty : " + Rqty): null

2018-05-21 20:27:42 - [TEST_STEP][PASSED] - Statement - If (java.lang.Integer.valueOf(batchqty) >= java.lang.Integer.valueOf(Rqty)): null

2018-05-21 20:27:42 - [TEST_STEP][PASSED] - Statement - Break: null

2018-05-21 20:27:42 - [TEST_STEP][PASSED] - Statement - batchlength = new com.kms.katalon.core.testobject.TestObject(): null

2018-05-21 20:27:42 - [TEST_STEP][PASSED] - Statement - batchlength = com.kms.katalon.core.webui.keyword.WebUiBuiltInKeywords.modifyObjectProperty(batchlength, "xpath", "equals", "//*[@id = "fldvendor" + row + ""]", true): Modify property of object successfully

2018-05-21 20:27:42 - [MESSAGE][PASSED] - Modify property of object successfully

2018-05-21 20:27:42 - [TEST_STEP][PASSED] - Statement - batchsize = com.kms.katalon.core.webui.keyword.WebUiBuiltInKeywords.getNumberOfTotalOption(batchlength): 11 options of object '' counted

2018-05-21 20:27:42 - [MESSAGE][PASSED] - 11 options of object '' counted

2018-05-21 20:27:42 - [TEST_STEP][PASSED] - Statement - out.println("BatchSize : " + batchsize): null

2018-05-21 20:27:42 - [TEST_STEP][PASSED] - Statement - For ([n = 1, n <= batchsize - 1, (n++)]): null

2018-05-21 20:27:42 - [TEST_STEP][PASSED] - Statement - product = new com.kms.katalon.core.testobject.TestObject(): null

2018-05-21 20:27:42 - [TEST_STEP][PASSED] - Statement - product = com.kms.katalon.core.webui.keyword.WebUiBuiltInKeywords.modifyObjectProperty(product, "xpath", "equals", "//*[@id = "fldvendor" + row + ""]", true): Modify property of object successfully

2018-05-21 20:27:42 - [MESSAGE][PASSED] - Modify property of object successfully

2018-05-21 20:27:42 - [TEST_STEP][PASSED] - selectOptionByIndex: All options with index in [1] are selected on object ''

2018-05-21 20:27:42 - [MESSAGE][PASSED] - All options with index in [1] are selected on object ''

2018-05-21 20:27:42 - [TEST_STEP][PASSED] - Statement - batch = new com.kms.katalon.core.testobject.TestObject(): null

2018-05-21 20:27:42 - [TEST_STEP][PASSED] - Statement - batch = com.kms.katalon.core.webui.keyword.WebUiBuiltInKeywords.modifyObjectProperty(batch, "xpath", "equals", "//*[@id = "txtbthqty" + row + ""]", true): Modify property of object successfully

2018-05-21 20:27:42 - [MESSAGE][PASSED] - Modify property of object successfully

2018-05-21 20:27:42 - [TEST_STEP][PASSED] - Statement - batchqty = com.kms.katalon.core.webui.keyword.WebUiBuiltInKeywords.getAttribute(batch, "value").trim(): Attribute 'value' of object '' is: '4800'

2018-05-21 20:27:42 - [MESSAGE][PASSED] - Attribute 'value' of object '' is: '4800'

2018-05-21 20:27:42 - [TEST_STEP][PASSED] - Statement - Rqty = 100: null

2018-05-21 20:27:42 - [TEST_STEP][PASSED] - delay: Delayed 2 second(s)

2018-05-21 20:27:44 - [MESSAGE][PASSED] - Delayed 2 second(s)

2018-05-21 20:27:44 - [TEST_STEP][PASSED] - Statement - out.println("BatchQty : " + batchqty): null

2018-05-21 20:27:44 - [TEST_STEP][PASSED] - Statement - out.println("RQty : " + Rqty): null

2018-05-21 20:27:44 - [TEST_STEP][PASSED] - Statement - If (java.lang.Integer.valueOf(batchqty) >= java.lang.Integer.valueOf(Rqty)): null

2018-05-21 20:27:44 - [TEST_STEP][PASSED] - Statement - Break: null

2018-05-21 20:27:44 - [TEST_STEP][PASSED] - Statement - batchlength = new com.kms.katalon.core.testobject.TestObject(): null

2018-05-21 20:27:44 - [TEST_STEP][PASSED] - Statement - batchlength = com.kms.katalon.core.webui.keyword.WebUiBuiltInKeywords.modifyObjectProperty(batchlength, "xpath", "equals", "//*[@id = "fldvendor" + row + ""]", true): Modify property of object successfully

2018-05-21 20:27:44 - [MESSAGE][PASSED] - Modify property of object successfully

2018-05-21 20:27:44 - [TEST_STEP][PASSED] - Statement - batchsize = com.kms.katalon.core.webui.keyword.WebUiBuiltInKeywords.getNumberOfTotalOption(batchlength): 11 options of object '' counted

2018-05-21 20:27:44 - [MESSAGE][PASSED] - 11 options of object '' counted

2018-05-21 20:27:44 - [TEST_STEP][PASSED] - Statement - out.println("BatchSize : " + batchsize): null

2018-05-21 20:27:44 - [TEST_STEP][PASSED] - Statement - For ([n = 1, n <= batchsize - 1, (n++)]): null

2018-05-21 20:27:44 - [TEST_STEP][PASSED] - Statement - product = new com.kms.katalon.core.testobject.TestObject(): null

2018-05-21 20:27:44 - [TEST_STEP][PASSED] - Statement - product = com.kms.katalon.core.webui.keyword.WebUiBuiltInKeywords.modifyObjectProperty(product, "xpath", "equals", "//*[@id = "fldvendor" + row + ""]", true): Modify property of object successfully

2018-05-21 20:27:44 - [MESSAGE][PASSED] - Modify property of object successfully

2018-05-21 20:27:44 - [TEST_STEP][PASSED] - selectOptionByIndex: All options with index in [1] are selected on object ''

2018-05-21 20:27:45 - [MESSAGE][PASSED] - All options with index in [1] are selected on object ''

2018-05-21 20:27:45 - [TEST_STEP][PASSED] - Statement - batch = new com.kms.katalon.core.testobject.TestObject(): null

2018-05-21 20:27:45 - [TEST_STEP][PASSED] - Statement - batch = com.kms.katalon.core.webui.keyword.WebUiBuiltInKeywords.modifyObjectProperty(batch, "xpath", "equals", "//*[@id = "txtbthqty" + row + ""]", true): Modify property of object successfully

2018-05-21 20:27:45 - [MESSAGE][PASSED] - Modify property of object successfully

2018-05-21 20:27:45 - [TEST_STEP][PASSED] - Statement - batchqty = com.kms.katalon.core.webui.keyword.WebUiBuiltInKeywords.getAttribute(batch, "value").trim(): Attribute 'value' of object '' is: '4900'

2018-05-21 20:27:45 - [MESSAGE][PASSED] - Attribute 'value' of object '' is: '4900'

2018-05-21 20:27:45 - [TEST_STEP][PASSED] - Statement - Rqty = 100: null

2018-05-21 20:27:45 - [TEST_STEP][PASSED] - delay: Delayed 2 second(s)

2018-05-21 20:27:47 - [MESSAGE][PASSED] - Delayed 2 second(s)

2018-05-21 20:27:47 - [TEST_STEP][PASSED] - Statement - out.println("BatchQty : " + batchqty): null

2018-05-21 20:27:47 - [TEST_STEP][PASSED] - Statement - out.println("RQty : " + Rqty): null

2018-05-21 20:27:47 - [TEST_STEP][PASSED] - Statement - If (java.lang.Integer.valueOf(batchqty) >= java.lang.Integer.valueOf(Rqty)): null

2018-05-21 20:27:47 - [TEST_STEP][PASSED] - Statement - Break: null

2018-05-21 20:27:47 - [TEST_STEP][PASSED] - Statement - batchlength = new com.kms.katalon.core.testobject.TestObject(): null

2018-05-21 20:27:47 - [TEST_STEP][PASSED] - Statement - batchlength = com.kms.katalon.core.webui.keyword.WebUiBuiltInKeywords.modifyObjectProperty(batchlength, "xpath", "equals", "//*[@id = "fldvendor" + row + ""]", true): Modify property of object successfully

2018-05-21 20:27:47 - [MESSAGE][PASSED] - Modify property of object successfully

2018-05-21 20:27:47 - [TEST_STEP][PASSED] - Statement - batchsize = com.kms.katalon.core.webui.keyword.WebUiBuiltInKeywords.getNumberOfTotalOption(batchlength): 11 options of object '' counted

2018-05-21 20:27:47 - [MESSAGE][PASSED] - 11 options of object '' counted

2018-05-21 20:27:47 - [TEST_STEP][PASSED] - Statement - out.println("BatchSize : " + batchsize): null

2018-05-21 20:27:47 - [TEST_STEP][PASSED] - Statement - For ([n = 1, n <= batchsize - 1, (n++)]): null

2018-05-21 20:27:47 - [TEST_STEP][PASSED] - Statement - product = new com.kms.katalon.core.testobject.TestObject(): null

2018-05-21 20:27:47 - [TEST_STEP][PASSED] - Statement - product = com.kms.katalon.core.webui.keyword.WebUiBuiltInKeywords.modifyObjectProperty(product, "xpath", "equals", "//*[@id = "fldvendor" + row + ""]", true): Modify property of object successfully

2018-05-21 20:27:47 - [MESSAGE][PASSED] - Modify property of object successfully

2018-05-21 20:27:47 - [TEST_STEP][PASSED] - selectOptionByIndex: All options with index in [1] are selected on object ''

2018-05-21 20:27:47 - [MESSAGE][PASSED] - All options with index in [1] are selected on object ''

2018-05-21 20:27:47 - [TEST_STEP][PASSED] - Statement - batch = new com.kms.katalon.core.testobject.TestObject(): null

2018-05-21 20:27:47 - [TEST_STEP][PASSED] - Statement - batch = com.kms.katalon.core.webui.keyword.WebUiBuiltInKeywords.modifyObjectProperty(batch, "xpath", "equals", "//*[@id = "txtbthqty" + row + ""]", true): Modify property of object successfully

2018-05-21 20:27:47 - [MESSAGE][PASSED] - Modify property of object successfully

2018-05-21 20:27:47 - [TEST_STEP][PASSED] - Statement - batchqty = com.kms.katalon.core.webui.keyword.WebUiBuiltInKeywords.getAttribute(batch, "value").trim(): Attribute 'value' of object '' is: '4900'

2018-05-21 20:27:47 - [MESSAGE][PASSED] - Attribute 'value' of object '' is: '4900'

2018-05-21 20:27:47 - [TEST_STEP][PASSED] - Statement - Rqty = 100: null

2018-05-21 20:27:47 - [TEST_STEP][PASSED] - delay: Delayed 2 second(s)

2018-05-21 20:27:49 - [MESSAGE][PASSED] - Delayed 2 second(s)

2018-05-21 20:27:49 - [TEST_STEP][PASSED] - Statement - out.println("BatchQty : " + batchqty): null

2018-05-21 20:27:49 - [TEST_STEP][PASSED] - Statement - out.println("RQty : " + Rqty): null

2018-05-21 20:27:49 - [TEST_STEP][PASSED] - Statement - If (java.lang.Integer.valueOf(batchqty) >= java.lang.Integer.valueOf(Rqty)): null

2018-05-21 20:27:49 - [TEST_STEP][PASSED] - Statement - Break: null

2018-05-21 20:27:49 - [TEST_STEP][PASSED] - Statement - batchlength = new com.kms.katalon.core.testobject.TestObject(): null

2018-05-21 20:27:49 - [TEST_STEP][PASSED] - Statement - batchlength = com.kms.katalon.core.webui.keyword.WebUiBuiltInKeywords.modifyObjectProperty(batchlength, "xpath", "equals", "//*[@id = "fldvendor" + row + ""]", true): Modify property of object successfully

2018-05-21 20:27:49 - [MESSAGE][PASSED] - Modify property of object successfully

2018-05-21 20:27:49 - [TEST_STEP][PASSED] - Statement - batchsize = com.kms.katalon.core.webui.keyword.WebUiBuiltInKeywords.getNumberOfTotalOption(batchlength): 11 options of object '' counted

2018-05-21 20:27:49 - [MESSAGE][PASSED] - 11 options of object '' counted

2018-05-21 20:27:49 - [TEST_STEP][PASSED] - Statement - out.println("BatchSize : " + batchsize): null

2018-05-21 20:27:49 - [TEST_STEP][PASSED] - Statement - For ([n = 1, n <= batchsize - 1, (n++)]): null

2018-05-21 20:27:49 - [TEST_STEP][PASSED] - Statement - product = new com.kms.katalon.core.testobject.TestObject(): null

2018-05-21 20:27:49 - [TEST_STEP][PASSED] - Statement - product = com.kms.katalon.core.webui.keyword.WebUiBuiltInKeywords.modifyObjectProperty(product, "xpath", "equals", "//*[@id = "fldvendor" + row + ""]", true): Modify property of object successfully

2018-05-21 20:27:49 - [MESSAGE][PASSED] - Modify property of object successfully

2018-05-21 20:27:49 - [TEST_STEP][PASSED] - selectOptionByIndex: All options with index in [1] are selected on object ''

2018-05-21 20:27:49 - [MESSAGE][PASSED] - All options with index in [1] are selected on object ''

2018-05-21 20:27:49 - [TEST_STEP][PASSED] - Statement - batch = new com.kms.katalon.core.testobject.TestObject(): null

2018-05-21 20:27:49 - [TEST_STEP][PASSED] - Statement - batch = com.kms.katalon.core.webui.keyword.WebUiBuiltInKeywords.modifyObjectProperty(batch, "xpath", "equals", "//*[@id = "txtbthqty" + row + ""]", true): Modify property of object successfully

2018-05-21 20:27:49 - [MESSAGE][PASSED] - Modify property of object successfully

2018-05-21 20:27:49 - [TEST_STEP][PASSED] - Statement - batchqty = com.kms.katalon.core.webui.keyword.WebUiBuiltInKeywords.getAttribute(batch, "value").trim(): Attribute 'value' of object '' is: '400'

2018-05-21 20:27:49 - [MESSAGE][PASSED] - Attribute 'value' of object '' is: '400'

2018-05-21 20:27:49 - [TEST_STEP][PASSED] - Statement - Rqty = 100: null

2018-05-21 20:27:49 - [TEST_STEP][PASSED] - delay: Delayed 2 second(s)

2018-05-21 20:27:51 - [MESSAGE][PASSED] - Delayed 2 second(s)

2018-05-21 20:27:51 - [TEST_STEP][PASSED] - Statement - out.println("BatchQty : " + batchqty): null

2018-05-21 20:27:51 - [TEST_STEP][PASSED] - Statement - out.println("RQty : " + Rqty): null

2018-05-21 20:27:51 - [TEST_STEP][PASSED] - Statement - If (java.lang.Integer.valueOf(batchqty) >= java.lang.Integer.valueOf(Rqty)): null

2018-05-21 20:27:51 - [TEST_STEP][PASSED] - Statement - Break: null

2018-05-21 20:27:51 - [TEST_STEP][PASSED] - Statement - batchlength = new com.kms.katalon.core.testobject.TestObject(): null

2018-05-21 20:27:51 - [TEST_STEP][PASSED] - Statement - batchlength = com.kms.katalon.core.webui.keyword.WebUiBuiltInKeywords.modifyObjectProperty(batchlength, "xpath", "equals", "//*[@id = "fldvendor" + row + ""]", true): Modify property of object successfully

2018-05-21 20:27:51 - [MESSAGE][PASSED] - Modify property of object successfully

2018-05-21 20:27:51 - [TEST_STEP][PASSED] - Statement - batchsize = com.kms.katalon.core.webui.keyword.WebUiBuiltInKeywords.getNumberOfTotalOption(batchlength): 11 options of object '' counted

2018-05-21 20:27:51 - [MESSAGE][PASSED] - 11 options of object '' counted

2018-05-21 20:27:51 - [TEST_STEP][PASSED] - Statement - out.println("BatchSize : " + batchsize): null

2018-05-21 20:27:51 - [TEST_STEP][PASSED] - Statement - For ([n = 1, n <= batchsize - 1, (n++)]): null

2018-05-21 20:27:51 - [TEST_STEP][PASSED] - Statement - product = new com.kms.katalon.core.testobject.TestObject(): null

2018-05-21 20:27:51 - [TEST_STEP][PASSED] - Statement - product = com.kms.katalon.core.webui.keyword.WebUiBuiltInKeywords.modifyObjectProperty(product, "xpath", "equals", "//*[@id = "fldvendor" + row + ""]", true): Modify property of object successfully

2018-05-21 20:27:51 - [MESSAGE][PASSED] - Modify property of object successfully

2018-05-21 20:27:51 - [TEST_STEP][PASSED] - selectOptionByIndex: All options with index in [1] are selected on object ''

2018-05-21 20:27:51 - [MESSAGE][PASSED] - All options with index in [1] are selected on object ''

2018-05-21 20:27:51 - [TEST_STEP][PASSED] - Statement - batch = new com.kms.katalon.core.testobject.TestObject(): null

2018-05-21 20:27:51 - [TEST_STEP][PASSED] - Statement - batch = com.kms.katalon.core.webui.keyword.WebUiBuiltInKeywords.modifyObjectProperty(batch, "xpath", "equals", "//*[@id = "txtbthqty" + row + ""]", true): Modify property of object successfully

2018-05-21 20:27:51 - [MESSAGE][PASSED] - Modify property of object successfully

2018-05-21 20:27:51 - [TEST_STEP][PASSED] - Statement - batchqty = com.kms.katalon.core.webui.keyword.WebUiBuiltInKeywords.getAttribute(batch, "value").trim(): Attribute 'value' of object '' is: '400'

2018-05-21 20:27:51 - [MESSAGE][PASSED] - Attribute 'value' of object '' is: '400'

2018-05-21 20:27:51 - [TEST_STEP][PASSED] - Statement - Rqty = 100: null

2018-05-21 20:27:51 - [TEST_STEP][PASSED] - delay: Delayed 2 second(s)

2018-05-21 20:27:53 - [MESSAGE][PASSED] - Delayed 2 second(s)

2018-05-21 20:27:53 - [TEST_STEP][PASSED] - Statement - out.println("BatchQty : " + batchqty): null

2018-05-21 20:27:53 - [TEST_STEP][PASSED] - Statement - out.println("RQty : " + Rqty): null

2018-05-21 20:27:53 - [TEST_STEP][PASSED] - Statement - If (java.lang.Integer.valueOf(batchqty) >= java.lang.Integer.valueOf(Rqty)): null

2018-05-21 20:27:53 - [TEST_STEP][PASSED] - Statement - Break: null

2018-05-21 20:27:53 - [TEST_STEP][PASSED] - Statement - batchlength = new com.kms.katalon.core.testobject.TestObject(): null

2018-05-21 20:27:53 - [TEST_STEP][PASSED] - Statement - batchlength = com.kms.katalon.core.webui.keyword.WebUiBuiltInKeywords.modifyObjectProperty(batchlength, "xpath", "equals", "//*[@id = "fldvendor" + row + ""]", true): Modify property of object successfully

2018-05-21 20:27:53 - [MESSAGE][PASSED] - Modify property of object successfully

2018-05-21 20:27:53 - [TEST_STEP][PASSED] - Statement - batchsize = com.kms.katalon.core.webui.keyword.WebUiBuiltInKeywords.getNumberOfTotalOption(batchlength): 11 options of object '' counted

2018-05-21 20:27:53 - [MESSAGE][PASSED] - 11 options of object '' counted

2018-05-21 20:27:53 - [TEST_STEP][PASSED] - Statement - out.println("BatchSize : " + batchsize): null

2018-05-21 20:27:53 - [TEST_STEP][PASSED] - Statement - For ([n = 1, n <= batchsize - 1, (n++)]): null

2018-05-21 20:27:53 - [TEST_STEP][PASSED] - Statement - product = new com.kms.katalon.core.testobject.TestObject(): null

2018-05-21 20:27:53 - [TEST_STEP][PASSED] - Statement - product = com.kms.katalon.core.webui.keyword.WebUiBuiltInKeywords.modifyObjectProperty(product, "xpath", "equals", "//*[@id = "fldvendor" + row + ""]", true): Modify property of object successfully

2018-05-21 20:27:53 - [MESSAGE][PASSED] - Modify property of object successfully

2018-05-21 20:27:53 - [TEST_STEP][PASSED] - selectOptionByIndex: All options with index in [1] are selected on object ''

2018-05-21 20:27:54 - [MESSAGE][PASSED] - All options with index in [1] are selected on object ''

2018-05-21 20:27:54 - [TEST_STEP][PASSED] - Statement - batch = new com.kms.katalon.core.testobject.TestObject(): null

2018-05-21 20:27:54 - [TEST_STEP][PASSED] - Statement - batch = com.kms.katalon.core.webui.keyword.WebUiBuiltInKeywords.modifyObjectProperty(batch, "xpath", "equals", "//*[@id = "txtbthqty" + row + ""]", true): Modify property of object successfully

2018-05-21 20:27:54 - [MESSAGE][PASSED] - Modify property of object successfully

2018-05-21 20:27:54 - [TEST_STEP][PASSED] - Statement - batchqty = com.kms.katalon.core.webui.keyword.WebUiBuiltInKeywords.getAttribute(batch, "value").trim(): Attribute 'value' of object '' is: '4900'

2018-05-21 20:27:54 - [MESSAGE][PASSED] - Attribute 'value' of object '' is: '4900'

2018-05-21 20:27:54 - [TEST_STEP][PASSED] - Statement - Rqty = 100: null

2018-05-21 20:27:54 - [TEST_STEP][PASSED] - delay: Delayed 2 second(s)

2018-05-21 20:27:56 - [MESSAGE][PASSED] - Delayed 2 second(s)

2018-05-21 20:27:56 - [TEST_STEP][PASSED] - Statement - out.println("BatchQty : " + batchqty): null

2018-05-21 20:27:56 - [TEST_STEP][PASSED] - Statement - out.println("RQty : " + Rqty): null

2018-05-21 20:27:56 - [TEST_STEP][PASSED] - Statement - If (java.lang.Integer.valueOf(batchqty) >= java.lang.Integer.valueOf(Rqty)): null

2018-05-21 20:27:56 - [TEST_STEP][PASSED] - Statement - Break: null

2018-05-21 20:27:56 - [TEST_STEP][PASSED] - Statement - batchlength = new com.kms.katalon.core.testobject.TestObject(): null

2018-05-21 20:27:56 - [TEST_STEP][PASSED] - Statement - batchlength = com.kms.katalon.core.webui.keyword.WebUiBuiltInKeywords.modifyObjectProperty(batchlength, "xpath", "equals", "//*[@id = "fldvendor" + row + ""]", true): Modify property of object successfully

2018-05-21 20:27:56 - [MESSAGE][PASSED] - Modify property of object successfully

2018-05-21 20:27:56 - [TEST_STEP][PASSED] - Statement - batchsize = com.kms.katalon.core.webui.keyword.WebUiBuiltInKeywords.getNumberOfTotalOption(batchlength): 11 options of object '' counted

2018-05-21 20:27:56 - [MESSAGE][PASSED] - 11 options of object '' counted

2018-05-21 20:27:56 - [TEST_STEP][PASSED] - Statement - out.println("BatchSize : " + batchsize): null

2018-05-21 20:27:56 - [TEST_STEP][PASSED] - Statement - For ([n = 1, n <= batchsize - 1, (n++)]): null

2018-05-21 20:27:56 - [TEST_STEP][PASSED] - Statement - product = new com.kms.katalon.core.testobject.TestObject(): null

2018-05-21 20:27:56 - [TEST_STEP][PASSED] - Statement - product = com.kms.katalon.core.webui.keyword.WebUiBuiltInKeywords.modifyObjectProperty(product, "xpath", "equals", "//*[@id = "fldvendor" + row + ""]", true): Modify property of object successfully

2018-05-21 20:27:56 - [MESSAGE][PASSED] - Modify property of object successfully

2018-05-21 20:27:56 - [TEST_STEP][PASSED] - selectOptionByIndex: All options with index in [1] are selected on object ''

2018-05-21 20:27:56 - [MESSAGE][PASSED] - All options with index in [1] are selected on object ''

2018-05-21 20:27:56 - [TEST_STEP][PASSED] - Statement - batch = new com.kms.katalon.core.testobject.TestObject(): null

2018-05-21 20:27:56 - [TEST_STEP][PASSED] - Statement - batch = com.kms.katalon.core.webui.keyword.WebUiBuiltInKeywords.modifyObjectProperty(batch, "xpath", "equals", "//*[@id = "txtbthqty" + row + ""]", true): Modify property of object successfully

2018-05-21 20:27:56 - [MESSAGE][PASSED] - Modify property of object successfully

2018-05-21 20:27:56 - [TEST_STEP][PASSED] - Statement - batchqty = com.kms.katalon.core.webui.keyword.WebUiBuiltInKeywords.getAttribute(batch, "value").trim(): Attribute 'value' of object '' is: '400'

2018-05-21 20:27:56 - [MESSAGE][PASSED] - Attribute 'value' of object '' is: '400'

2018-05-21 20:27:56 - [TEST_STEP][PASSED] - Statement - Rqty = 100: null

2018-05-21 20:27:56 - [TEST_STEP][PASSED] - delay: Delayed 2 second(s)

2018-05-21 20:27:58 - [MESSAGE][PASSED] - Delayed 2 second(s)

2018-05-21 20:27:58 - [TEST_STEP][PASSED] - Statement - out.println("BatchQty : " + batchqty): null

2018-05-21 20:27:58 - [TEST_STEP][PASSED] - Statement - out.println("RQty : " + Rqty): null

2018-05-21 20:27:58 - [TEST_STEP][PASSED] - Statement - If (java.lang.Integer.valueOf(batchqty) >= java.lang.Integer.valueOf(Rqty)): null

2018-05-21 20:27:58 - [TEST_STEP][PASSED] - Statement - Break: null

2018-05-21 20:27:58 - [TEST_STEP][PASSED] - Statement - batchlength = new com.kms.katalon.core.testobject.TestObject(): null

2018-05-21 20:27:58 - [TEST_STEP][PASSED] - Statement - batchlength = com.kms.katalon.core.webui.keyword.WebUiBuiltInKeywords.modifyObjectProperty(batchlength, "xpath", "equals", "//*[@id = "fldvendor" + row + ""]", true): Modify property of object successfully

2018-05-21 20:27:58 - [MESSAGE][PASSED] - Modify property of object successfully

2018-05-21 20:27:58 - [TEST_STEP][PASSED] - Statement - batchsize = com.kms.katalon.core.webui.keyword.WebUiBuiltInKeywords.getNumberOfTotalOption(batchlength): 11 options of object '' counted

2018-05-21 20:27:58 - [MESSAGE][PASSED] - 11 options of object '' counted

2018-05-21 20:27:58 - [TEST_STEP][PASSED] - Statement - out.println("BatchSize : " + batchsize): null

2018-05-21 20:27:58 - [TEST_STEP][PASSED] - Statement - For ([n = 1, n <= batchsize - 1, (n++)]): null

2018-05-21 20:27:58 - [TEST_STEP][PASSED] - Statement - product = new com.kms.katalon.core.testobject.TestObject(): null

2018-05-21 20:27:58 - [TEST_STEP][PASSED] - Statement - product = com.kms.katalon.core.webui.keyword.WebUiBuiltInKeywords.modifyObjectProperty(product, "xpath", "equals", "//*[@id = "fldvendor" + row + ""]", true): Modify property of object successfully

2018-05-21 20:27:58 - [MESSAGE][PASSED] - Modify property of object successfully

2018-05-21 20:27:58 - [TEST_STEP][PASSED] - selectOptionByIndex: All options with index in [1] are selected on object ''

2018-05-21 20:27:58 - [MESSAGE][PASSED] - All options with index in [1] are selected on object ''

2018-05-21 20:27:58 - [TEST_STEP][PASSED] - Statement - batch = new com.kms.katalon.core.testobject.TestObject(): null

2018-05-21 20:27:58 - [TEST_STEP][PASSED] - Statement - batch = com.kms.katalon.core.webui.keyword.WebUiBuiltInKeywords.modifyObjectProperty(batch, "xpath", "equals", "//*[@id = "txtbthqty" + row + ""]", true): Modify property of object successfully

2018-05-21 20:27:58 - [MESSAGE][PASSED] - Modify property of object successfully

2018-05-21 20:27:58 - [TEST_STEP][PASSED] - Statement - batchqty = com.kms.katalon.core.webui.keyword.WebUiBuiltInKeywords.getAttribute(batch, "value").trim(): Attribute 'value' of object '' is: '3900'

2018-05-21 20:27:58 - [MESSAGE][PASSED] - Attribute 'value' of object '' is: '3900'

2018-05-21 20:27:58 - [TEST_STEP][PASSED] - Statement - Rqty = 100: null

2018-05-21 20:27:58 - [TEST_STEP][PASSED] - delay: Delayed 2 second(s)

2018-05-21 20:28:00 - [MESSAGE][PASSED] - Delayed 2 second(s)

2018-05-21 20:28:00 - [TEST_STEP][PASSED] - Statement - out.println("BatchQty : " + batchqty): null

2018-05-21 20:28:00 - [TEST_STEP][PASSED] - Statement - out.println("RQty : " + Rqty): null

2018-05-21 20:28:00 - [TEST_STEP][PASSED] - Statement - If (java.lang.Integer.valueOf(batchqty) >= java.lang.Integer.valueOf(Rqty)): null

2018-05-21 20:28:00 - [TEST_STEP][PASSED] - Statement - Break: null

2018-05-21 20:28:00 - [TEST_STEP][PASSED] - Statement - batchlength = new com.kms.katalon.core.testobject.TestObject(): null

2018-05-21 20:28:00 - [TEST_STEP][PASSED] - Statement - batchlength = com.kms.katalon.core.webui.keyword.WebUiBuiltInKeywords.modifyObjectProperty(batchlength, "xpath", "equals", "//*[@id = "fldvendor" + row + ""]", true): Modify property of object successfully

2018-05-21 20:28:00 - [MESSAGE][PASSED] - Modify property of object successfully

2018-05-21 20:28:00 - [TEST_STEP][PASSED] - Statement - batchsize = com.kms.katalon.core.webui.keyword.WebUiBuiltInKeywords.getNumberOfTotalOption(batchlength): 11 options of object '' counted

2018-05-21 20:28:00 - [MESSAGE][PASSED] - 11 options of object '' counted

2018-05-21 20:28:00 - [TEST_STEP][PASSED] - Statement - out.println("BatchSize : " + batchsize): null

2018-05-21 20:28:00 - [TEST_STEP][PASSED] - Statement - For ([n = 1, n <= batchsize - 1, (n++)]): null

2018-05-21 20:28:00 - [TEST_STEP][PASSED] - Statement - product = new com.kms.katalon.core.testobject.TestObject(): null

2018-05-21 20:28:00 - [TEST_STEP][PASSED] - Statement - product = com.kms.katalon.core.webui.keyword.WebUiBuiltInKeywords.modifyObjectProperty(product, "xpath", "equals", "//*[@id = "fldvendor" + row + ""]", true): Modify property of object successfully

2018-05-21 20:28:00 - [MESSAGE][PASSED] - Modify property of object successfully

2018-05-21 20:28:00 - [TEST_STEP][PASSED] - selectOptionByIndex: All options with index in [1] are selected on object ''

2018-05-21 20:28:01 - [MESSAGE][PASSED] - All options with index in [1] are selected on object ''

2018-05-21 20:28:01 - [TEST_STEP][PASSED] - Statement - batch = new com.kms.katalon.core.testobject.TestObject(): null

2018-05-21 20:28:01 - [TEST_STEP][PASSED] - Statement - batch = com.kms.katalon.core.webui.keyword.WebUiBuiltInKeywords.modifyObjectProperty(batch, "xpath", "equals", "//*[@id = "txtbthqty" + row + ""]", true): Modify property of object successfully

2018-05-21 20:28:01 - [MESSAGE][PASSED] - Modify property of object successfully

2018-05-21 20:28:01 - [TEST_STEP][PASSED] - Statement - batchqty = com.kms.katalon.core.webui.keyword.WebUiBuiltInKeywords.getAttribute(batch, "value").trim(): Attribute 'value' of object '' is: '38700'

2018-05-21 20:28:01 - [MESSAGE][PASSED] - Attribute 'value' of object '' is: '38700'

2018-05-21 20:28:01 - [TEST_STEP][PASSED] - Statement - Rqty = 100: null

2018-05-21 20:28:01 - [TEST_STEP][PASSED] - delay: Delayed 2 second(s)

2018-05-21 20:28:03 - [MESSAGE][PASSED] - Delayed 2 second(s)

2018-05-21 20:28:03 - [TEST_STEP][PASSED] - Statement - out.println("BatchQty : " + batchqty): null

2018-05-21 20:28:03 - [TEST_STEP][PASSED] - Statement - out.println("RQty : " + Rqty): null

2018-05-21 20:28:03 - [TEST_STEP][PASSED] - Statement - If (java.lang.Integer.valueOf(batchqty) >= java.lang.Integer.valueOf(Rqty)): null

2018-05-21 20:28:03 - [TEST_STEP][PASSED] - Statement - Break: null

2018-05-21 20:28:03 - [TEST_STEP][PASSED] - Statement - batchlength = new com.kms.katalon.core.testobject.TestObject(): null

2018-05-21 20:28:03 - [TEST_STEP][PASSED] - Statement - batchlength = com.kms.katalon.core.webui.keyword.WebUiBuiltInKeywords.modifyObjectProperty(batchlength, "xpath", "equals", "//*[@id = "fldvendor" + row + ""]", true): Modify property of object successfully

2018-05-21 20:28:03 - [MESSAGE][PASSED] - Modify property of object successfully

2018-05-21 20:28:03 - [TEST_STEP][PASSED] - Statement - batchsize = com.kms.katalon.core.webui.keyword.WebUiBuiltInKeywords.getNumberOfTotalOption(batchlength): 11 options of object '' counted

2018-05-21 20:28:03 - [MESSAGE][PASSED] - 11 options of object '' counted

2018-05-21 20:28:03 - [TEST_STEP][PASSED] - Statement - out.println("BatchSize : " + batchsize): null

2018-05-21 20:28:03 - [TEST_STEP][PASSED] - Statement - For ([n = 1, n <= batchsize - 1, (n++)]): null

2018-05-21 20:28:03 - [TEST_STEP][PASSED] - Statement - product = new com.kms.katalon.core.testobject.TestObject(): null

2018-05-21 20:28:03 - [TEST_STEP][PASSED] - Statement - product = com.kms.katalon.core.webui.keyword.WebUiBuiltInKeywords.modifyObjectProperty(product, "xpath", "equals", "//*[@id = "fldvendor" + row + ""]", true): Modify property of object successfully

2018-05-21 20:28:03 - [MESSAGE][PASSED] - Modify property of object successfully

2018-05-21 20:28:03 - [TEST_STEP][PASSED] - selectOptionByIndex: All options with index in [1] are selected on object ''

2018-05-21 20:28:03 - [MESSAGE][PASSED] - All options with index in [1] are selected on object ''

2018-05-21 20:28:03 - [TEST_STEP][PASSED] - Statement - batch = new com.kms.katalon.core.testobject.TestObject(): null

2018-05-21 20:28:03 - [TEST_STEP][PASSED] - Statement - batch = com.kms.katalon.core.webui.keyword.WebUiBuiltInKeywords.modifyObjectProperty(batch, "xpath", "equals", "//*[@id = "txtbthqty" + row + ""]", true): Modify property of object successfully

2018-05-21 20:28:03 - [MESSAGE][PASSED] - Modify property of object successfully

2018-05-21 20:28:03 - [TEST_STEP][PASSED] - Statement - batchqty = com.kms.katalon.core.webui.keyword.WebUiBuiltInKeywords.getAttribute(batch, "value").trim(): Attribute 'value' of object '' is: '4900'

2018-05-21 20:28:03 - [MESSAGE][PASSED] - Attribute 'value' of object '' is: '4900'

2018-05-21 20:28:03 - [TEST_STEP][PASSED] - Statement - Rqty = 100: null

2018-05-21 20:28:03 - [TEST_STEP][PASSED] - delay: Delayed 2 second(s)

2018-05-21 20:28:05 - [MESSAGE][PASSED] - Delayed 2 second(s)

2018-05-21 20:28:05 - [TEST_STEP][PASSED] - Statement - out.println("BatchQty : " + batchqty): null

2018-05-21 20:28:05 - [TEST_STEP][PASSED] - Statement - out.println("RQty : " + Rqty): null

2018-05-21 20:28:05 - [TEST_STEP][PASSED] - Statement - If (java.lang.Integer.valueOf(batchqty) >= java.lang.Integer.valueOf(Rqty)): null

2018-05-21 20:28:05 - [TEST_STEP][PASSED] - Statement - Break: null

2018-05-21 20:28:05 - [TEST_STEP][PASSED] - Statement - batchlength = new com.kms.katalon.core.testobject.TestObject(): null

2018-05-21 20:28:05 - [TEST_STEP][PASSED] - Statement - batchlength = com.kms.katalon.core.webui.keyword.WebUiBuiltInKeywords.modifyObjectProperty(batchlength, "xpath", "equals", "//*[@id = "fldvendor" + row + ""]", true): Modify property of object successfully

2018-05-21 20:28:05 - [MESSAGE][PASSED] - Modify property of object successfully

2018-05-21 20:28:05 - [TEST_STEP][PASSED] - Statement - batchsize = com.kms.katalon.core.webui.keyword.WebUiBuiltInKeywords.getNumberOfTotalOption(batchlength): 11 options of object '' counted

2018-05-21 20:28:05 - [MESSAGE][PASSED] - 11 options of object '' counted

2018-05-21 20:28:05 - [TEST_STEP][PASSED] - Statement - out.println("BatchSize : " + batchsize): null

2018-05-21 20:28:05 - [TEST_STEP][PASSED] - Statement - For ([n = 1, n <= batchsize - 1, (n++)]): null

2018-05-21 20:28:05 - [TEST_STEP][PASSED] - Statement - product = new com.kms.katalon.core.testobject.TestObject(): null

2018-05-21 20:28:05 - [TEST_STEP][PASSED] - Statement - product = com.kms.katalon.core.webui.keyword.WebUiBuiltInKeywords.modifyObjectProperty(product, "xpath", "equals", "//*[@id = "fldvendor" + row + ""]", true): Modify property of object successfully

2018-05-21 20:28:05 - [MESSAGE][PASSED] - Modify property of object successfully

2018-05-21 20:28:05 - [TEST_STEP][PASSED] - selectOptionByIndex: All options with index in [1] are selected on object ''

2018-05-21 20:28:05 - [MESSAGE][PASSED] - All options with index in [1] are selected on object ''

2018-05-21 20:28:05 - [TEST_STEP][PASSED] - Statement - batch = new com.kms.katalon.core.testobject.TestObject(): null

2018-05-21 20:28:05 - [TEST_STEP][PASSED] - Statement - batch = com.kms.katalon.core.webui.keyword.WebUiBuiltInKeywords.modifyObjectProperty(batch, "xpath", "equals", "//*[@id = "txtbthqty" + row + ""]", true): Modify property of object successfully

2018-05-21 20:28:05 - [MESSAGE][PASSED] - Modify property of object successfully

2018-05-21 20:28:05 - [TEST_STEP][PASSED] - Statement - batchqty = com.kms.katalon.core.webui.keyword.WebUiBuiltInKeywords.getAttribute(batch, "value").trim(): Attribute 'value' of object '' is: '400'

2018-05-21 20:28:05 - [MESSAGE][PASSED] - Attribute 'value' of object '' is: '400'

2018-05-21 20:28:05 - [TEST_STEP][PASSED] - Statement - Rqty = 100: null

2018-05-21 20:28:05 - [TEST_STEP][PASSED] - delay: Delayed 2 second(s)

2018-05-21 20:28:07 - [MESSAGE][PASSED] - Delayed 2 second(s)

2018-05-21 20:28:07 - [TEST_STEP][PASSED] - Statement - out.println("BatchQty : " + batchqty): null

2018-05-21 20:28:07 - [TEST_STEP][PASSED] - Statement - out.println("RQty : " + Rqty): null

2018-05-21 20:28:07 - [TEST_STEP][PASSED] - Statement - If (java.lang.Integer.valueOf(batchqty) >= java.lang.Integer.valueOf(Rqty)): null

2018-05-21 20:28:07 - [TEST_STEP][PASSED] - Statement - Break: null

2018-05-21 20:28:07 - [TEST_STEP][PASSED] - Statement - batchlength = new com.kms.katalon.core.testobject.TestObject(): null

2018-05-21 20:28:07 - [TEST_STEP][PASSED] - Statement - batchlength = com.kms.katalon.core.webui.keyword.WebUiBuiltInKeywords.modifyObjectProperty(batchlength, "xpath", "equals", "//*[@id = "fldvendor" + row + ""]", true): Modify property of object successfully

2018-05-21 20:28:07 - [MESSAGE][PASSED] - Modify property of object successfully

2018-05-21 20:28:07 - [TEST_STEP][PASSED] - Statement - batchsize = com.kms.katalon.core.webui.keyword.WebUiBuiltInKeywords.getNumberOfTotalOption(batchlength): 11 options of object '' counted

2018-05-21 20:28:07 - [MESSAGE][PASSED] - 11 options of object '' counted

2018-05-21 20:28:07 - [TEST_STEP][PASSED] - Statement - out.println("BatchSize : " + batchsize): null

2018-05-21 20:28:07 - [TEST_STEP][PASSED] - Statement - For ([n = 1, n <= batchsize - 1, (n++)]): null

2018-05-21 20:28:07 - [TEST_STEP][PASSED] - Statement - product = new com.kms.katalon.core.testobject.TestObject(): null

2018-05-21 20:28:07 - [TEST_STEP][PASSED] - Statement - product = com.kms.katalon.core.webui.keyword.WebUiBuiltInKeywords.modifyObjectProperty(product, "xpath", "equals", "//*[@id = "fldvendor" + row + ""]", true): Modify property of object successfully

2018-05-21 20:28:07 - [MESSAGE][PASSED] - Modify property of object successfully

2018-05-21 20:28:07 - [TEST_STEP][PASSED] - selectOptionByIndex: All options with index in [1] are selected on object ''

2018-05-21 20:28:07 - [MESSAGE][PASSED] - All options with index in [1] are selected on object ''

2018-05-21 20:28:07 - [TEST_STEP][PASSED] - Statement - batch = new com.kms.katalon.core.testobject.TestObject(): null

2018-05-21 20:28:07 - [TEST_STEP][PASSED] - Statement - batch = com.kms.katalon.core.webui.keyword.WebUiBuiltInKeywords.modifyObjectProperty(batch, "xpath", "equals", "//*[@id = "txtbthqty" + row + ""]", true): Modify property of object successfully

2018-05-21 20:28:07 - [MESSAGE][PASSED] - Modify property of object successfully

2018-05-21 20:28:07 - [TEST_STEP][PASSED] - Statement - batchqty = com.kms.katalon.core.webui.keyword.WebUiBuiltInKeywords.getAttribute(batch, "value").trim(): Attribute 'value' of object '' is: '4900'

2018-05-21 20:28:07 - [MESSAGE][PASSED] - Attribute 'value' of object '' is: '4900'

2018-05-21 20:28:07 - [TEST_STEP][PASSED] - Statement - Rqty = 100: null

2018-05-21 20:28:07 - [TEST_STEP][PASSED] - delay: Delayed 2 second(s)

2018-05-21 20:28:09 - [MESSAGE][PASSED] - Delayed 2 second(s)

2018-05-21 20:28:09 - [TEST_STEP][PASSED] - Statement - out.println("BatchQty : " + batchqty): null

2018-05-21 20:28:09 - [TEST_STEP][PASSED] - Statement - out.println("RQty : " + Rqty): null

2018-05-21 20:28:09 - [TEST_STEP][PASSED] - Statement - If (java.lang.Integer.valueOf(batchqty) >= java.lang.Integer.valueOf(Rqty)): null

2018-05-21 20:28:09 - [TEST_STEP][PASSED] - Statement - Break: null

2018-05-21 20:28:09 - [TEST_STEP][PASSED] - Statement - batchlength = new com.kms.katalon.core.testobject.TestObject(): null

2018-05-21 20:28:09 - [TEST_STEP][PASSED] - Statement - batchlength = com.kms.katalon.core.webui.keyword.WebUiBuiltInKeywords.modifyObjectProperty(batchlength, "xpath", "equals", "//*[@id = "fldvendor" + row + ""]", true): Modify property of object successfully

2018-05-21 20:28:09 - [MESSAGE][PASSED] - Modify property of object successfully

2018-05-21 20:28:09 - [TEST_STEP][PASSED] - Statement - batchsize = com.kms.katalon.core.webui.keyword.WebUiBuiltInKeywords.getNumberOfTotalOption(batchlength): 11 options of object '' counted

2018-05-21 20:28:09 - [MESSAGE][PASSED] - 11 options of object '' counted

2018-05-21 20:28:09 - [TEST_STEP][PASSED] - Statement - out.println("BatchSize : " + batchsize): null

2018-05-21 20:28:09 - [TEST_STEP][PASSED] - Statement - For ([n = 1, n <= batchsize - 1, (n++)]): null

2018-05-21 20:28:09 - [TEST_STEP][PASSED] - Statement - product = new com.kms.katalon.core.testobject.TestObject(): null

2018-05-21 20:28:09 - [TEST_STEP][PASSED] - Statement - product = com.kms.katalon.core.webui.keyword.WebUiBuiltInKeywords.modifyObjectProperty(product, "xpath", "equals", "//*[@id = "fldvendor" + row + ""]", true): Modify property of object successfully

2018-05-21 20:28:09 - [MESSAGE][PASSED] - Modify property of object successfully

2018-05-21 20:28:09 - [TEST_STEP][PASSED] - selectOptionByIndex: All options with index in [1] are selected on object ''

2018-05-21 20:28:10 - [MESSAGE][PASSED] - All options with index in [1] are selected on object ''

2018-05-21 20:28:10 - [TEST_STEP][PASSED] - Statement - batch = new com.kms.katalon.core.testobject.TestObject(): null

2018-05-21 20:28:10 - [TEST_STEP][PASSED] - Statement - batch = com.kms.katalon.core.webui.keyword.WebUiBuiltInKeywords.modifyObjectProperty(batch, "xpath", "equals", "//*[@id = "txtbthqty" + row + ""]", true): Modify property of object successfully

2018-05-21 20:28:10 - [MESSAGE][PASSED] - Modify property of object successfully

2018-05-21 20:28:10 - [TEST_STEP][PASSED] - Statement - batchqty = com.kms.katalon.core.webui.keyword.WebUiBuiltInKeywords.getAttribute(batch, "value").trim(): Attribute 'value' of object '' is: '38700'

2018-05-21 20:28:10 - [MESSAGE][PASSED] - Attribute 'value' of object '' is: '38700'

2018-05-21 20:28:10 - [TEST_STEP][PASSED] - Statement - Rqty = 100: null

2018-05-21 20:28:10 - [TEST_STEP][PASSED] - delay: Delayed 2 second(s)

2018-05-21 20:28:12 - [MESSAGE][PASSED] - Delayed 2 second(s)

2018-05-21 20:28:12 - [TEST_STEP][PASSED] - Statement - out.println("BatchQty : " + batchqty): null

2018-05-21 20:28:12 - [TEST_STEP][PASSED] - Statement - out.println("RQty : " + Rqty): null

2018-05-21 20:28:12 - [TEST_STEP][PASSED] - Statement - If (java.lang.Integer.valueOf(batchqty) >= java.lang.Integer.valueOf(Rqty)): null

2018-05-21 20:28:12 - [TEST_STEP][PASSED] - Statement - Break: null

2018-05-21 20:28:12 - [TEST_STEP][PASSED] - Statement - batchlength = new com.kms.katalon.core.testobject.TestObject(): null

2018-05-21 20:28:12 - [TEST_STEP][PASSED] - Statement - batchlength = com.kms.katalon.core.webui.keyword.WebUiBuiltInKeywords.modifyObjectProperty(batchlength, "xpath", "equals", "//*[@id = "fldvendor" + row + ""]", true): Modify property of object successfully

2018-05-21 20:28:12 - [MESSAGE][PASSED] - Modify property of object successfully

2018-05-21 20:28:12 - [TEST_STEP][PASSED] - Statement - batchsize = com.kms.katalon.core.webui.keyword.WebUiBuiltInKeywords.getNumberOfTotalOption(batchlength): 11 options of object '' counted

2018-05-21 20:28:12 - [MESSAGE][PASSED] - 11 options of object '' counted

2018-05-21 20:28:12 - [TEST_STEP][PASSED] - Statement - out.println("BatchSize : " + batchsize): null

2018-05-21 20:28:12 - [TEST_STEP][PASSED] - Statement - For ([n = 1, n <= batchsize - 1, (n++)]): null

2018-05-21 20:28:12 - [TEST_STEP][PASSED] - Statement - product = new com.kms.katalon.core.testobject.TestObject(): null

2018-05-21 20:28:12 - [TEST_STEP][PASSED] - Statement - product = com.kms.katalon.core.webui.keyword.WebUiBuiltInKeywords.modifyObjectProperty(product, "xpath", "equals", "//*[@id = "fldvendor" + row + ""]", true): Modify property of object successfully

2018-05-21 20:28:12 - [MESSAGE][PASSED] - Modify property of object successfully

2018-05-21 20:28:12 - [TEST_STEP][PASSED] - selectOptionByIndex: All options with index in [1] are selected on object ''

2018-05-21 20:28:12 - [MESSAGE][PASSED] - All options with index in [1] are selected on object ''

2018-05-21 20:28:12 - [TEST_STEP][PASSED] - Statement - batch = new com.kms.katalon.core.testobject.TestObject(): null

2018-05-21 20:28:12 - [TEST_STEP][PASSED] - Statement - batch = com.kms.katalon.core.webui.keyword.WebUiBuiltInKeywords.modifyObjectProperty(batch, "xpath", "equals", "//*[@id = "txtbthqty" + row + ""]", true): Modify property of object successfully

2018-05-21 20:28:12 - [MESSAGE][PASSED] - Modify property of object successfully

2018-05-21 20:28:12 - [TEST_STEP][PASSED] - Statement - batchqty = com.kms.katalon.core.webui.keyword.WebUiBuiltInKeywords.getAttribute(batch, "value").trim(): Attribute 'value' of object '' is: '4900'

2018-05-21 20:28:12 - [MESSAGE][PASSED] - Attribute 'value' of object '' is: '4900'

2018-05-21 20:28:12 - [TEST_STEP][PASSED] - Statement - Rqty = 100: null

2018-05-21 20:28:12 - [TEST_STEP][PASSED] - delay: Delayed 2 second(s)

2018-05-21 20:28:14 - [MESSAGE][PASSED] - Delayed 2 second(s)

2018-05-21 20:28:14 - [TEST_STEP][PASSED] - Statement - out.println("BatchQty : " + batchqty): null

2018-05-21 20:28:14 - [TEST_STEP][PASSED] - Statement - out.println("RQty : " + Rqty): null

2018-05-21 20:28:14 - [TEST_STEP][PASSED] - Statement - If (java.lang.Integer.valueOf(batchqty) >= java.lang.Integer.valueOf(Rqty)): null

2018-05-21 20:28:14 - [TEST_STEP][PASSED] - Statement - Break: null

2018-05-21 20:28:14 - [TEST_STEP][PASSED] - Statement - batchlength = new com.kms.katalon.core.testobject.TestObject(): null

2018-05-21 20:28:14 - [TEST_STEP][PASSED] - Statement - batchlength = com.kms.katalon.core.webui.keyword.WebUiBuiltInKeywords.modifyObjectProperty(batchlength, "xpath", "equals", "//*[@id = "fldvendor" + row + ""]", true): Modify property of object successfully

2018-05-21 20:28:14 - [MESSAGE][PASSED] - Modify property of object successfully

2018-05-21 20:28:14 - [TEST_STEP][PASSED] - Statement - batchsize = com.kms.katalon.core.webui.keyword.WebUiBuiltInKeywords.getNumberOfTotalOption(batchlength): 11 options of object '' counted

2018-05-21 20:28:14 - [MESSAGE][PASSED] - 11 options of object '' counted

2018-05-21 20:28:14 - [TEST_STEP][PASSED] - Statement - out.println("BatchSize : " + batchsize): null

2018-05-21 20:28:14 - [TEST_STEP][PASSED] - Statement - For ([n = 1, n <= batchsize - 1, (n++)]): null

2018-05-21 20:28:14 - [TEST_STEP][PASSED] - Statement - product = new com.kms.katalon.core.testobject.TestObject(): null

2018-05-21 20:28:14 - [TEST_STEP][PASSED] - Statement - product = com.kms.katalon.core.webui.keyword.WebUiBuiltInKeywords.modifyObjectProperty(product, "xpath", "equals", "//*[@id = "fldvendor" + row + ""]", true): Modify property of object successfully

2018-05-21 20:28:14 - [MESSAGE][PASSED] - Modify property of object successfully

2018-05-21 20:28:14 - [TEST_STEP][PASSED] - selectOptionByIndex: All options with index in [1] are selected on object ''

2018-05-21 20:28:14 - [MESSAGE][PASSED] - All options with index in [1] are selected on object ''

2018-05-21 20:28:14 - [TEST_STEP][PASSED] - Statement - batch = new com.kms.katalon.core.testobject.TestObject(): null

2018-05-21 20:28:14 - [TEST_STEP][PASSED] - Statement - batch = com.kms.katalon.core.webui.keyword.WebUiBuiltInKeywords.modifyObjectProperty(batch, "xpath", "equals", "//*[@id = "txtbthqty" + row + ""]", true): Modify property of object successfully

2018-05-21 20:28:14 - [MESSAGE][PASSED] - Modify property of object successfully

2018-05-21 20:28:14 - [TEST_STEP][PASSED] - Statement - batchqty = com.kms.katalon.core.webui.keyword.WebUiBuiltInKeywords.getAttribute(batch, "value").trim(): Attribute 'value' of object '' is: '38700'

2018-05-21 20:28:14 - [MESSAGE][PASSED] - Attribute 'value' of object '' is: '38700'

2018-05-21 20:28:14 - [TEST_STEP][PASSED] - Statement - Rqty = 100: null

2018-05-21 20:28:14 - [TEST_STEP][PASSED] - delay: Delayed 2 second(s)

2018-05-21 20:28:16 - [MESSAGE][PASSED] - Delayed 2 second(s)

2018-05-21 20:28:16 - [TEST_STEP][PASSED] - Statement - out.println("BatchQty : " + batchqty): null

2018-05-21 20:28:16 - [TEST_STEP][PASSED] - Statement - out.println("RQty : " + Rqty): null

2018-05-21 20:28:16 - [TEST_STEP][PASSED] - Statement - If (java.lang.Integer.valueOf(batchqty) >= java.lang.Integer.valueOf(Rqty)): null

2018-05-21 20:28:16 - [TEST_STEP][PASSED] - Statement - Break: null

2018-05-21 20:28:16 - [TEST_STEP][PASSED] - Statement - batchlength = new com.kms.katalon.core.testobject.TestObject(): null

2018-05-21 20:28:16 - [TEST_STEP][PASSED] - Statement - batchlength = com.kms.katalon.core.webui.keyword.WebUiBuiltInKeywords.modifyObjectProperty(batchlength, "xpath", "equals", "//*[@id = "fldvendor" + row + ""]", true): Modify property of object successfully

2018-05-21 20:28:16 - [MESSAGE][PASSED] - Modify property of object successfully

2018-05-21 20:28:16 - [TEST_STEP][PASSED] - Statement - batchsize = com.kms.katalon.core.webui.keyword.WebUiBuiltInKeywords.getNumberOfTotalOption(batchlength): 20 options of object '' counted

2018-05-21 20:28:16 - [MESSAGE][PASSED] - 20 options of object '' counted

2018-05-21 20:28:16 - [TEST_STEP][PASSED] - Statement - out.println("BatchSize : " + batchsize): null

2018-05-21 20:28:16 - [TEST_STEP][PASSED] - Statement - For ([n = 1, n <= batchsize - 1, (n++)]): null

2018-05-21 20:28:16 - [TEST_STEP][PASSED] - Statement - product = new com.kms.katalon.core.testobject.TestObject(): null

2018-05-21 20:28:16 - [TEST_STEP][PASSED] - Statement - product = com.kms.katalon.core.webui.keyword.WebUiBuiltInKeywords.modifyObjectProperty(product, "xpath", "equals", "//*[@id = "fldvendor" + row + ""]", true): Modify property of object successfully

2018-05-21 20:28:16 - [MESSAGE][PASSED] - Modify property of object successfully

2018-05-21 20:28:16 - [TEST_STEP][PASSED] - selectOptionByIndex: All options with index in [1] are selected on object ''

2018-05-21 20:28:16 - [MESSAGE][PASSED] - All options with index in [1] are selected on object ''

2018-05-21 20:28:16 - [TEST_STEP][PASSED] - Statement - batch = new com.kms.katalon.core.testobject.TestObject(): null

2018-05-21 20:28:16 - [TEST_STEP][PASSED] - Statement - batch = com.kms.katalon.core.webui.keyword.WebUiBuiltInKeywords.modifyObjectProperty(batch, "xpath", "equals", "//*[@id = "txtbthqty" + row + ""]", true): Modify property of object successfully

2018-05-21 20:28:16 - [MESSAGE][PASSED] - Modify property of object successfully

2018-05-21 20:28:16 - [TEST_STEP][PASSED] - Statement - batchqty = com.kms.katalon.core.webui.keyword.WebUiBuiltInKeywords.getAttribute(batch, "value").trim(): Attribute 'value' of object '' is: '2900'

2018-05-21 20:28:16 - [MESSAGE][PASSED] - Attribute 'value' of object '' is: '2900'

2018-05-21 20:28:16 - [TEST_STEP][PASSED] - Statement - Rqty = 100: null

2018-05-21 20:28:16 - [TEST_STEP][PASSED] - delay: Delayed 2 second(s)

2018-05-21 20:28:18 - [MESSAGE][PASSED] - Delayed 2 second(s)

2018-05-21 20:28:18 - [TEST_STEP][PASSED] - Statement - out.println("BatchQty : " + batchqty): null

2018-05-21 20:28:18 - [TEST_STEP][PASSED] - Statement - out.println("RQty : " + Rqty): null

2018-05-21 20:28:18 - [TEST_STEP][PASSED] - Statement - If (java.lang.Integer.valueOf(batchqty) >= java.lang.Integer.valueOf(Rqty)): null

2018-05-21 20:28:18 - [TEST_STEP][PASSED] - Statement - Break: null

2018-05-21 20:28:18 - [TEST_STEP][PASSED] - Statement - batchlength = new com.kms.katalon.core.testobject.TestObject(): null

2018-05-21 20:28:18 - [TEST_STEP][PASSED] - Statement - batchlength = com.kms.katalon.core.webui.keyword.WebUiBuiltInKeywords.modifyObjectProperty(batchlength, "xpath", "equals", "//*[@id = "fldvendor" + row + ""]", true): Modify property of object successfully

2018-05-21 20:28:18 - [MESSAGE][PASSED] - Modify property of object successfully

2018-05-21 20:28:18 - [TEST_STEP][PASSED] - Statement - batchsize = com.kms.katalon.core.webui.keyword.WebUiBuiltInKeywords.getNumberOfTotalOption(batchlength): 11 options of object '' counted

2018-05-21 20:28:18 - [MESSAGE][PASSED] - 11 options of object '' counted

2018-05-21 20:28:18 - [TEST_STEP][PASSED] - Statement - out.println("BatchSize : " + batchsize): null

2018-05-21 20:28:18 - [TEST_STEP][PASSED] - Statement - For ([n = 1, n <= batchsize - 1, (n++)]): null

2018-05-21 20:28:18 - [TEST_STEP][PASSED] - Statement - product = new com.kms.katalon.core.testobject.TestObject(): null

2018-05-21 20:28:18 - [TEST_STEP][PASSED] - Statement - product = com.kms.katalon.core.webui.keyword.WebUiBuiltInKeywords.modifyObjectProperty(product, "xpath", "equals", "//*[@id = "fldvendor" + row + ""]", true): Modify property of object successfully

2018-05-21 20:28:18 - [MESSAGE][PASSED] - Modify property of object successfully

2018-05-21 20:28:18 - [TEST_STEP][PASSED] - selectOptionByIndex: All options with index in [1] are selected on object ''

2018-05-21 20:28:19 - [MESSAGE][PASSED] - All options with index in [1] are selected on object ''

2018-05-21 20:28:19 - [TEST_STEP][PASSED] - Statement - batch = new com.kms.katalon.core.testobject.TestObject(): null

2018-05-21 20:28:19 - [TEST_STEP][PASSED] - Statement - batch = com.kms.katalon.core.webui.keyword.WebUiBuiltInKeywords.modifyObjectProperty(batch, "xpath", "equals", "//*[@id = "txtbthqty" + row + ""]", true): Modify property of object successfully

2018-05-21 20:28:19 - [MESSAGE][PASSED] - Modify property of object successfully

2018-05-21 20:28:19 - [TEST_STEP][PASSED] - Statement - batchqty = com.kms.katalon.core.webui.keyword.WebUiBuiltInKeywords.getAttribute(batch, "value").trim(): Attribute 'value' of object '' is: '400'

2018-05-21 20:28:19 - [MESSAGE][PASSED] - Attribute 'value' of object '' is: '400'

2018-05-21 20:28:19 - [TEST_STEP][PASSED] - Statement - Rqty = 100: null

2018-05-21 20:28:19 - [TEST_STEP][PASSED] - delay: Delayed 2 second(s)

2018-05-21 20:28:21 - [MESSAGE][PASSED] - Delayed 2 second(s)

2018-05-21 20:28:21 - [TEST_STEP][PASSED] - Statement - out.println("BatchQty : " + batchqty): null

2018-05-21 20:28:21 - [TEST_STEP][PASSED] - Statement - out.println("RQty : " + Rqty): null

2018-05-21 20:28:21 - [TEST_STEP][PASSED] - Statement - If (java.lang.Integer.valueOf(batchqty) >= java.lang.Integer.valueOf(Rqty)): null

2018-05-21 20:28:21 - [TEST_STEP][PASSED] - Statement - Break: null

2018-05-21 20:28:21 - [TEST_STEP][PASSED] - Statement - batchlength = new com.kms.katalon.core.testobject.TestObject(): null

2018-05-21 20:28:21 - [TEST_STEP][PASSED] - Statement - batchlength = com.kms.katalon.core.webui.keyword.WebUiBuiltInKeywords.modifyObjectProperty(batchlength, "xpath", "equals", "//*[@id = "fldvendor" + row + ""]", true): Modify property of object successfully

2018-05-21 20:28:21 - [MESSAGE][PASSED] - Modify property of object successfully

2018-05-21 20:28:21 - [TEST_STEP][PASSED] - Statement - batchsize = com.kms.katalon.core.webui.keyword.WebUiBuiltInKeywords.getNumberOfTotalOption(batchlength): 11 options of object '' counted

2018-05-21 20:28:21 - [MESSAGE][PASSED] - 11 options of object '' counted

2018-05-21 20:28:21 - [TEST_STEP][PASSED] - Statement - out.println("BatchSize : " + batchsize): null

2018-05-21 20:28:21 - [TEST_STEP][PASSED] - Statement - For ([n = 1, n <= batchsize - 1, (n++)]): null

2018-05-21 20:28:21 - [TEST_STEP][PASSED] - Statement - product = new com.kms.katalon.core.testobject.TestObject(): null

2018-05-21 20:28:21 - [TEST_STEP][PASSED] - Statement - product = com.kms.katalon.core.webui.keyword.WebUiBuiltInKeywords.modifyObjectProperty(product, "xpath", "equals", "//*[@id = "fldvendor" + row + ""]", true): Modify property of object successfully

2018-05-21 20:28:21 - [MESSAGE][PASSED] - Modify property of object successfully

2018-05-21 20:28:21 - [TEST_STEP][PASSED] - selectOptionByIndex: All options with index in [1] are selected on object ''

2018-05-21 20:28:21 - [MESSAGE][PASSED] - All options with index in [1] are selected on object ''

2018-05-21 20:28:21 - [TEST_STEP][PASSED] - Statement - batch = new com.kms.katalon.core.testobject.TestObject(): null

2018-05-21 20:28:21 - [TEST_STEP][PASSED] - Statement - batch = com.kms.katalon.core.webui.keyword.WebUiBuiltInKeywords.modifyObjectProperty(batch, "xpath", "equals", "//*[@id = "txtbthqty" + row + ""]", true): Modify property of object successfully

2018-05-21 20:28:21 - [MESSAGE][PASSED] - Modify property of object successfully

2018-05-21 20:28:21 - [TEST_STEP][PASSED] - Statement - batchqty = com.kms.katalon.core.webui.keyword.WebUiBuiltInKeywords.getAttribute(batch, "value").trim(): Attribute 'value' of object '' is: '4900'

2018-05-21 20:28:21 - [MESSAGE][PASSED] - Attribute 'value' of object '' is: '4900'

2018-05-21 20:28:21 - [TEST_STEP][PASSED] - Statement - Rqty = 100: null

2018-05-21 20:28:21 - [TEST_STEP][PASSED] - delay: Delayed 2 second(s)

2018-05-21 20:28:23 - [MESSAGE][PASSED] - Delayed 2 second(s)

2018-05-21 20:28:23 - [TEST_STEP][PASSED] - Statement - out.println("BatchQty : " + batchqty): null

2018-05-21 20:28:23 - [TEST_STEP][PASSED] - Statement - out.println("RQty : " + Rqty): null

2018-05-21 20:28:23 - [TEST_STEP][PASSED] - Statement - If (java.lang.Integer.valueOf(batchqty) >= java.lang.Integer.valueOf(Rqty)): null

2018-05-21 20:28:23 - [TEST_STEP][PASSED] - Statement - Break: null

2018-05-21 20:28:23 - [TEST_STEP][PASSED] - Statement - batchlength = new com.kms.katalon.core.testobject.TestObject(): null

2018-05-21 20:28:23 - [TEST_STEP][PASSED] - Statement - batchlength = com.kms.katalon.core.webui.keyword.WebUiBuiltInKeywords.modifyObjectProperty(batchlength, "xpath", "equals", "//*[@id = "fldvendor" + row + ""]", true): Modify property of object successfully

2018-05-21 20:28:23 - [MESSAGE][PASSED] - Modify property of object successfully

2018-05-21 20:28:23 - [TEST_STEP][PASSED] - Statement - batchsize = com.kms.katalon.core.webui.keyword.WebUiBuiltInKeywords.getNumberOfTotalOption(batchlength): 11 options of object '' counted

2018-05-21 20:28:23 - [MESSAGE][PASSED] - 11 options of object '' counted

2018-05-21 20:28:23 - [TEST_STEP][PASSED] - Statement - out.println("BatchSize : " + batchsize): null

2018-05-21 20:28:23 - [TEST_STEP][PASSED] - Statement - For ([n = 1, n <= batchsize - 1, (n++)]): null

2018-05-21 20:28:23 - [TEST_STEP][PASSED] - Statement - product = new com.kms.katalon.core.testobject.TestObject(): null

2018-05-21 20:28:23 - [TEST_STEP][PASSED] - Statement - product = com.kms.katalon.core.webui.keyword.WebUiBuiltInKeywords.modifyObjectProperty(product, "xpath", "equals", "//*[@id = "fldvendor" + row + ""]", true): Modify property of object successfully

2018-05-21 20:28:23 - [MESSAGE][PASSED] - Modify property of object successfully

2018-05-21 20:28:23 - [TEST_STEP][PASSED] - selectOptionByIndex: All options with index in [1] are selected on object ''

2018-05-21 20:28:23 - [MESSAGE][PASSED] - All options with index in [1] are selected on object ''

2018-05-21 20:28:23 - [TEST_STEP][PASSED] - Statement - batch = new com.kms.katalon.core.testobject.TestObject(): null

2018-05-21 20:28:23 - [TEST_STEP][PASSED] - Statement - batch = com.kms.katalon.core.webui.keyword.WebUiBuiltInKeywords.modifyObjectProperty(batch, "xpath", "equals", "//*[@id = "txtbthqty" + row + ""]", true): Modify property of object successfully

2018-05-21 20:28:23 - [MESSAGE][PASSED] - Modify property of object successfully

2018-05-21 20:28:23 - [TEST_STEP][PASSED] - Statement - batchqty = com.kms.katalon.core.webui.keyword.WebUiBuiltInKeywords.getAttribute(batch, "value").trim(): Attribute 'value' of object '' is: '33700'

2018-05-21 20:28:23 - [MESSAGE][PASSED] - Attribute 'value' of object '' is: '33700'

2018-05-21 20:28:23 - [TEST_STEP][PASSED] - Statement - Rqty = 100: null

2018-05-21 20:28:23 - [TEST_STEP][PASSED] - delay: Delayed 2 second(s)

2018-05-21 20:28:25 - [MESSAGE][PASSED] - Delayed 2 second(s)

2018-05-21 20:28:25 - [TEST_STEP][PASSED] - Statement - out.println("BatchQty : " + batchqty): null

2018-05-21 20:28:25 - [TEST_STEP][PASSED] - Statement - out.println("RQty : " + Rqty): null

2018-05-21 20:28:25 - [TEST_STEP][PASSED] - Statement - If (java.lang.Integer.valueOf(batchqty) >= java.lang.Integer.valueOf(Rqty)): null

2018-05-21 20:28:25 - [TEST_STEP][PASSED] - Statement - Break: null

2018-05-21 20:28:25 - [TEST_STEP][PASSED] - Statement - batchlength = new com.kms.katalon.core.testobject.TestObject(): null

2018-05-21 20:28:25 - [TEST_STEP][PASSED] - Statement - batchlength = com.kms.katalon.core.webui.keyword.WebUiBuiltInKeywords.modifyObjectProperty(batchlength, "xpath", "equals", "//*[@id = "fldvendor" + row + ""]", true): Modify property of object successfully

2018-05-21 20:28:25 - [MESSAGE][PASSED] - Modify property of object successfully

2018-05-21 20:28:25 - [TEST_STEP][PASSED] - Statement - batchsize = com.kms.katalon.core.webui.keyword.WebUiBuiltInKeywords.getNumberOfTotalOption(batchlength): 11 options of object '' counted

2018-05-21 20:28:25 - [MESSAGE][PASSED] - 11 options of object '' counted

2018-05-21 20:28:25 - [TEST_STEP][PASSED] - Statement - out.println("BatchSize : " + batchsize): null

2018-05-21 20:28:25 - [TEST_STEP][PASSED] - Statement - For ([n = 1, n <= batchsize - 1, (n++)]): null

2018-05-21 20:28:25 - [TEST_STEP][PASSED] - Statement - product = new com.kms.katalon.core.testobject.TestObject(): null

2018-05-21 20:28:25 - [TEST_STEP][PASSED] - Statement - product = com.kms.katalon.core.webui.keyword.WebUiBuiltInKeywords.modifyObjectProperty(product, "xpath", "equals", "//*[@id = "fldvendor" + row + ""]", true): Modify property of object successfully

2018-05-21 20:28:25 - [MESSAGE][PASSED] - Modify property of object successfully

2018-05-21 20:28:25 - [TEST_STEP][PASSED] - selectOptionByIndex: All options with index in [1] are selected on object ''

2018-05-21 20:28:25 - [MESSAGE][PASSED] - All options with index in [1] are selected on object ''

2018-05-21 20:28:25 - [TEST_STEP][PASSED] - Statement - batch = new com.kms.katalon.core.testobject.TestObject(): null

2018-05-21 20:28:25 - [TEST_STEP][PASSED] - Statement - batch = com.kms.katalon.core.webui.keyword.WebUiBuiltInKeywords.modifyObjectProperty(batch, "xpath", "equals", "//*[@id = "txtbthqty" + row + ""]", true): Modify property of object successfully

2018-05-21 20:28:25 - [MESSAGE][PASSED] - Modify property of object successfully

2018-05-21 20:28:25 - [TEST_STEP][PASSED] - Statement - batchqty = com.kms.katalon.core.webui.keyword.WebUiBuiltInKeywords.getAttribute(batch, "value").trim(): Attribute 'value' of object '' is: '2900'

2018-05-21 20:28:25 - [MESSAGE][PASSED] - Attribute 'value' of object '' is: '2900'

2018-05-21 20:28:25 - [TEST_STEP][PASSED] - Statement - Rqty = 100: null

2018-05-21 20:28:25 - [TEST_STEP][PASSED] - delay: Delayed 2 second(s)

2018-05-21 20:28:27 - [MESSAGE][PASSED] - Delayed 2 second(s)

2018-05-21 20:28:27 - [TEST_STEP][PASSED] - Statement - out.println("BatchQty : " + batchqty): null

2018-05-21 20:28:27 - [TEST_STEP][PASSED] - Statement - out.println("RQty : " + Rqty): null

2018-05-21 20:28:27 - [TEST_STEP][PASSED] - Statement - If (java.lang.Integer.valueOf(batchqty) >= java.lang.Integer.valueOf(Rqty)): null

2018-05-21 20:28:27 - [TEST_STEP][PASSED] - Statement - Break: null

2018-05-21 20:28:27 - [TEST_STEP][PASSED] - Statement - batchlength = new com.kms.katalon.core.testobject.TestObject(): null

2018-05-21 20:28:27 - [TEST_STEP][PASSED] - Statement - batchlength = com.kms.katalon.core.webui.keyword.WebUiBuiltInKeywords.modifyObjectProperty(batchlength, "xpath", "equals", "//*[@id = "fldvendor" + row + ""]", true): Modify property of object successfully

2018-05-21 20:28:27 - [MESSAGE][PASSED] - Modify property of object successfully

2018-05-21 20:28:27 - [TEST_STEP][PASSED] - Statement - batchsize = com.kms.katalon.core.webui.keyword.WebUiBuiltInKeywords.getNumberOfTotalOption(batchlength): 11 options of object '' counted

2018-05-21 20:28:27 - [MESSAGE][PASSED] - 11 options of object '' counted

2018-05-21 20:28:27 - [TEST_STEP][PASSED] - Statement - out.println("BatchSize : " + batchsize): null

2018-05-21 20:28:27 - [TEST_STEP][PASSED] - Statement - For ([n = 1, n <= batchsize - 1, (n++)]): null

2018-05-21 20:28:27 - [TEST_STEP][PASSED] - Statement - product = new com.kms.katalon.core.testobject.TestObject(): null

2018-05-21 20:28:27 - [TEST_STEP][PASSED] - Statement - product = com.kms.katalon.core.webui.keyword.WebUiBuiltInKeywords.modifyObjectProperty(product, "xpath", "equals", "//*[@id = "fldvendor" + row + ""]", true): Modify property of object successfully

2018-05-21 20:28:28 - [MESSAGE][PASSED] - Modify property of object successfully

2018-05-21 20:28:28 - [TEST_STEP][PASSED] - selectOptionByIndex: All options with index in [1] are selected on object ''

2018-05-21 20:28:28 - [MESSAGE][PASSED] - All options with index in [1] are selected on object ''

2018-05-21 20:28:28 - [TEST_STEP][PASSED] - Statement - batch = new com.kms.katalon.core.testobject.TestObject(): null

2018-05-21 20:28:28 - [TEST_STEP][PASSED] - Statement - batch = com.kms.katalon.core.webui.keyword.WebUiBuiltInKeywords.modifyObjectProperty(batch, "xpath", "equals", "//*[@id = "txtbthqty" + row + ""]", true): Modify property of object successfully

2018-05-21 20:28:28 - [MESSAGE][PASSED] - Modify property of object successfully

2018-05-21 20:28:28 - [TEST_STEP][PASSED] - Statement - batchqty = com.kms.katalon.core.webui.keyword.WebUiBuiltInKeywords.getAttribute(batch, "value").trim(): Attribute 'value' of object '' is: '38700'

2018-05-21 20:28:28 - [MESSAGE][PASSED] - Attribute 'value' of object '' is: '38700'

2018-05-21 20:28:28 - [TEST_STEP][PASSED] - Statement - Rqty = 100: null

2018-05-21 20:28:28 - [TEST_STEP][PASSED] - delay: Delayed 2 second(s)

2018-05-21 20:28:30 - [MESSAGE][PASSED] - Delayed 2 second(s)

2018-05-21 20:28:30 - [TEST_STEP][PASSED] - Statement - out.println("BatchQty : " + batchqty): null

2018-05-21 20:28:30 - [TEST_STEP][PASSED] - Statement - out.println("RQty : " + Rqty): null

2018-05-21 20:28:30 - [TEST_STEP][PASSED] - Statement - If (java.lang.Integer.valueOf(batchqty) >= java.lang.Integer.valueOf(Rqty)): null

2018-05-21 20:28:30 - [TEST_STEP][PASSED] - Statement - Break: null

2018-05-21 20:28:30 - [TEST_STEP][PASSED] - Statement - batchlength = new com.kms.katalon.core.testobject.TestObject(): null

2018-05-21 20:28:30 - [TEST_STEP][PASSED] - Statement - batchlength = com.kms.katalon.core.webui.keyword.WebUiBuiltInKeywords.modifyObjectProperty(batchlength, "xpath", "equals", "//*[@id = "fldvendor" + row + ""]", true): Modify property of object successfully

2018-05-21 20:28:30 - [MESSAGE][PASSED] - Modify property of object successfully

2018-05-21 20:28:30 - [TEST_STEP][PASSED] - Statement - batchsize = com.kms.katalon.core.webui.keyword.WebUiBuiltInKeywords.getNumberOfTotalOption(batchlength): 11 options of object '' counted

2018-05-21 20:28:30 - [MESSAGE][PASSED] - 11 options of object '' counted

2018-05-21 20:28:30 - [TEST_STEP][PASSED] - Statement - out.println("BatchSize : " + batchsize): null

2018-05-21 20:28:30 - [TEST_STEP][PASSED] - Statement - For ([n = 1, n <= batchsize - 1, (n++)]): null

2018-05-21 20:28:30 - [TEST_STEP][PASSED] - Statement - product = new com.kms.katalon.core.testobject.TestObject(): null

2018-05-21 20:28:30 - [TEST_STEP][PASSED] - Statement - product = com.kms.katalon.core.webui.keyword.WebUiBuiltInKeywords.modifyObjectProperty(product, "xpath", "equals", "//*[@id = "fldvendor" + row + ""]", true): Modify property of object successfully

2018-05-21 20:28:30 - [MESSAGE][PASSED] - Modify property of object successfully

2018-05-21 20:28:30 - [TEST_STEP][PASSED] - selectOptionByIndex: All options with index in [1] are selected on object ''

2018-05-21 20:28:30 - [MESSAGE][PASSED] - All options with index in [1] are selected on object ''

2018-05-21 20:28:30 - [TEST_STEP][PASSED] - Statement - batch = new com.kms.katalon.core.testobject.TestObject(): null

2018-05-21 20:28:30 - [TEST_STEP][PASSED] - Statement - batch = com.kms.katalon.core.webui.keyword.WebUiBuiltInKeywords.modifyObjectProperty(batch, "xpath", "equals", "//*[@id = "txtbthqty" + row + ""]", true): Modify property of object successfully

2018-05-21 20:28:30 - [MESSAGE][PASSED] - Modify property of object successfully

2018-05-21 20:28:30 - [TEST_STEP][PASSED] - Statement - batchqty = com.kms.katalon.core.webui.keyword.WebUiBuiltInKeywords.getAttribute(batch, "value").trim(): Attribute 'value' of object '' is: '4900'

2018-05-21 20:28:30 - [MESSAGE][PASSED] - Attribute 'value' of object '' is: '4900'

2018-05-21 20:28:30 - [TEST_STEP][PASSED] - Statement - Rqty = 100: null

2018-05-21 20:28:30 - [TEST_STEP][PASSED] - delay: Delayed 2 second(s)

2018-05-21 20:28:32 - [MESSAGE][PASSED] - Delayed 2 second(s)

2018-05-21 20:28:32 - [TEST_STEP][PASSED] - Statement - out.println("BatchQty : " + batchqty): null

2018-05-21 20:28:32 - [TEST_STEP][PASSED] - Statement - out.println("RQty : " + Rqty): null

2018-05-21 20:28:32 - [TEST_STEP][PASSED] - Statement - If (java.lang.Integer.valueOf(batchqty) >= java.lang.Integer.valueOf(Rqty)): null

2018-05-21 20:28:32 - [TEST_STEP][PASSED] - Statement - Break: null

2018-05-21 20:28:32 - [TEST_STEP][PASSED] - Statement - batchlength = new com.kms.katalon.core.testobject.TestObject(): null

2018-05-21 20:28:32 - [TEST_STEP][PASSED] - Statement - batchlength = com.kms.katalon.core.webui.keyword.WebUiBuiltInKeywords.modifyObjectProperty(batchlength, "xpath", "equals", "//*[@id = "fldvendor" + row + ""]", true): Modify property of object successfully

2018-05-21 20:28:32 - [MESSAGE][PASSED] - Modify property of object successfully

2018-05-21 20:28:32 - [TEST_STEP][PASSED] - Statement - batchsize = com.kms.katalon.core.webui.keyword.WebUiBuiltInKeywords.getNumberOfTotalOption(batchlength): 11 options of object '' counted

2018-05-21 20:28:32 - [MESSAGE][PASSED] - 11 options of object '' counted

2018-05-21 20:28:32 - [TEST_STEP][PASSED] - Statement - out.println("BatchSize : " + batchsize): null

2018-05-21 20:28:32 - [TEST_STEP][PASSED] - Statement - For ([n = 1, n <= batchsize - 1, (n++)]): null

2018-05-21 20:28:32 - [TEST_STEP][PASSED] - Statement - product = new com.kms.katalon.core.testobject.TestObject(): null

2018-05-21 20:28:32 - [TEST_STEP][PASSED] - Statement - product = com.kms.katalon.core.webui.keyword.WebUiBuiltInKeywords.modifyObjectProperty(product, "xpath", "equals", "//*[@id = "fldvendor" + row + ""]", true): Modify property of object successfully

2018-05-21 20:28:32 - [MESSAGE][PASSED] - Modify property of object successfully

2018-05-21 20:28:32 - [TEST_STEP][PASSED] - selectOptionByIndex: All options with index in [1] are selected on object ''

2018-05-21 20:28:32 - [MESSAGE][PASSED] - All options with index in [1] are selected on object ''

2018-05-21 20:28:32 - [TEST_STEP][PASSED] - Statement - batch = new com.kms.katalon.core.testobject.TestObject(): null

2018-05-21 20:28:32 - [TEST_STEP][PASSED] - Statement - batch = com.kms.katalon.core.webui.keyword.WebUiBuiltInKeywords.modifyObjectProperty(batch, "xpath", "equals", "//*[@id = "txtbthqty" + row + ""]", true): Modify property of object successfully

2018-05-21 20:28:32 - [MESSAGE][PASSED] - Modify property of object successfully

2018-05-21 20:28:32 - [TEST_STEP][PASSED] - Statement - batchqty = com.kms.katalon.core.webui.keyword.WebUiBuiltInKeywords.getAttribute(batch, "value").trim(): Attribute 'value' of object '' is: '38700'

2018-05-21 20:28:32 - [MESSAGE][PASSED] - Attribute 'value' of object '' is: '38700'

2018-05-21 20:28:32 - [TEST_STEP][PASSED] - Statement - Rqty = 100: null

2018-05-21 20:28:32 - [TEST_STEP][PASSED] - delay: Delayed 2 second(s)

2018-05-21 20:28:34 - [MESSAGE][PASSED] - Delayed 2 second(s)

2018-05-21 20:28:34 - [TEST_STEP][PASSED] - Statement - out.println("BatchQty : " + batchqty): null

2018-05-21 20:28:34 - [TEST_STEP][PASSED] - Statement - out.println("RQty : " + Rqty): null

2018-05-21 20:28:34 - [TEST_STEP][PASSED] - Statement - If (java.lang.Integer.valueOf(batchqty) >= java.lang.Integer.valueOf(Rqty)): null

2018-05-21 20:28:34 - [TEST_STEP][PASSED] - Statement - Break: null

2018-05-21 20:28:34 - [TEST_STEP][PASSED] - Statement - batchlength = new com.kms.katalon.core.testobject.TestObject(): null

2018-05-21 20:28:34 - [TEST_STEP][PASSED] - Statement - batchlength = com.kms.katalon.core.webui.keyword.WebUiBuiltInKeywords.modifyObjectProperty(batchlength, "xpath", "equals", "//*[@id = "fldvendor" + row + ""]", true): Modify property of object successfully

2018-05-21 20:28:34 - [MESSAGE][PASSED] - Modify property of object successfully

2018-05-21 20:28:34 - [TEST_STEP][PASSED] - Statement - batchsize = com.kms.katalon.core.webui.keyword.WebUiBuiltInKeywords.getNumberOfTotalOption(batchlength): 11 options of object '' counted

2018-05-21 20:28:34 - [MESSAGE][PASSED] - 11 options of object '' counted

2018-05-21 20:28:34 - [TEST_STEP][PASSED] - Statement - out.println("BatchSize : " + batchsize): null

2018-05-21 20:28:34 - [TEST_STEP][PASSED] - Statement - For ([n = 1, n <= batchsize - 1, (n++)]): null

2018-05-21 20:28:34 - [TEST_STEP][PASSED] - Statement - product = new com.kms.katalon.core.testobject.TestObject(): null

2018-05-21 20:28:34 - [TEST_STEP][PASSED] - Statement - product = com.kms.katalon.core.webui.keyword.WebUiBuiltInKeywords.modifyObjectProperty(product, "xpath", "equals", "//*[@id = "fldvendor" + row + ""]", true): Modify property of object successfully

2018-05-21 20:28:34 - [MESSAGE][PASSED] - Modify property of object successfully

2018-05-21 20:28:34 - [TEST_STEP][PASSED] - selectOptionByIndex: All options with index in [1] are selected on object ''

2018-05-21 20:28:34 - [MESSAGE][PASSED] - All options with index in [1] are selected on object ''

2018-05-21 20:28:34 - [TEST_STEP][PASSED] - Statement - batch = new com.kms.katalon.core.testobject.TestObject(): null

2018-05-21 20:28:34 - [TEST_STEP][PASSED] - Statement - batch = com.kms.katalon.core.webui.keyword.WebUiBuiltInKeywords.modifyObjectProperty(batch, "xpath", "equals", "//*[@id = "txtbthqty" + row + ""]", true): Modify property of object successfully

2018-05-21 20:28:34 - [MESSAGE][PASSED] - Modify property of object successfully

2018-05-21 20:28:34 - [TEST_STEP][PASSED] - Statement - batchqty = com.kms.katalon.core.webui.keyword.WebUiBuiltInKeywords.getAttribute(batch, "value").trim(): Attribute 'value' of object '' is: '38700'

2018-05-21 20:28:34 - [MESSAGE][PASSED] - Attribute 'value' of object '' is: '38700'

2018-05-21 20:28:34 - [TEST_STEP][PASSED] - Statement - Rqty = 100: null

2018-05-21 20:28:34 - [TEST_STEP][PASSED] - delay: Delayed 2 second(s)

2018-05-21 20:28:36 - [MESSAGE][PASSED] - Delayed 2 second(s)

2018-05-21 20:28:36 - [TEST_STEP][PASSED] - Statement - out.println("BatchQty : " + batchqty): null

2018-05-21 20:28:36 - [TEST_STEP][PASSED] - Statement - out.println("RQty : " + Rqty): null

2018-05-21 20:28:36 - [TEST_STEP][PASSED] - Statement - If (java.lang.Integer.valueOf(batchqty) >= java.lang.Integer.valueOf(Rqty)): null

2018-05-21 20:28:36 - [TEST_STEP][PASSED] - Statement - Break: null

2018-05-21 20:28:36 - [TEST_STEP][PASSED] - Statement - batchlength = new com.kms.katalon.core.testobject.TestObject(): null

2018-05-21 20:28:36 - [TEST_STEP][PASSED] - Statement - batchlength = com.kms.katalon.core.webui.keyword.WebUiBuiltInKeywords.modifyObjectProperty(batchlength, "xpath", "equals", "//*[@id = "fldvendor" + row + ""]", true): Modify property of object successfully

2018-05-21 20:28:36 - [MESSAGE][PASSED] - Modify property of object successfully

2018-05-21 20:28:36 - [TEST_STEP][PASSED] - Statement - batchsize = com.kms.katalon.core.webui.keyword.WebUiBuiltInKeywords.getNumberOfTotalOption(batchlength): 11 options of object '' counted

2018-05-21 20:28:37 - [MESSAGE][PASSED] - 11 options of object '' counted

2018-05-21 20:28:37 - [TEST_STEP][PASSED] - Statement - out.println("BatchSize : " + batchsize): null

2018-05-21 20:28:37 - [TEST_STEP][PASSED] - Statement - For ([n = 1, n <= batchsize - 1, (n++)]): null

2018-05-21 20:28:37 - [TEST_STEP][PASSED] - Statement - product = new com.kms.katalon.core.testobject.TestObject(): null

2018-05-21 20:28:37 - [TEST_STEP][PASSED] - Statement - product = com.kms.katalon.core.webui.keyword.WebUiBuiltInKeywords.modifyObjectProperty(product, "xpath", "equals", "//*[@id = "fldvendor" + row + ""]", true): Modify property of object successfully

2018-05-21 20:28:37 - [MESSAGE][PASSED] - Modify property of object successfully

2018-05-21 20:28:37 - [TEST_STEP][PASSED] - selectOptionByIndex: All options with index in [1] are selected on object ''

2018-05-21 20:28:37 - [MESSAGE][PASSED] - All options with index in [1] are selected on object ''

2018-05-21 20:28:37 - [TEST_STEP][PASSED] - Statement - batch = new com.kms.katalon.core.testobject.TestObject(): null

2018-05-21 20:28:37 - [TEST_STEP][PASSED] - Statement - batch = com.kms.katalon.core.webui.keyword.WebUiBuiltInKeywords.modifyObjectProperty(batch, "xpath", "equals", "//*[@id = "txtbthqty" + row + ""]", true): Modify property of object successfully

2018-05-21 20:28:37 - [MESSAGE][PASSED] - Modify property of object successfully

2018-05-21 20:28:37 - [TEST_STEP][PASSED] - Statement - batchqty = com.kms.katalon.core.webui.keyword.WebUiBuiltInKeywords.getAttribute(batch, "value").trim(): Attribute 'value' of object '' is: '4900'

2018-05-21 20:28:37 - [MESSAGE][PASSED] - Attribute 'value' of object '' is: '4900'

2018-05-21 20:28:37 - [TEST_STEP][PASSED] - Statement - Rqty = 100: null

2018-05-21 20:28:37 - [TEST_STEP][PASSED] - delay: Delayed 2 second(s)

2018-05-21 20:28:39 - [MESSAGE][PASSED] - Delayed 2 second(s)

2018-05-21 20:28:39 - [TEST_STEP][PASSED] - Statement - out.println("BatchQty : " + batchqty): null

2018-05-21 20:28:39 - [TEST_STEP][PASSED] - Statement - out.println("RQty : " + Rqty): null

2018-05-21 20:28:39 - [TEST_STEP][PASSED] - Statement - If (java.lang.Integer.valueOf(batchqty) >= java.lang.Integer.valueOf(Rqty)): null

2018-05-21 20:28:39 - [TEST_STEP][PASSED] - Statement - Break: null

2018-05-21 20:28:39 - [TEST_STEP][PASSED] - Statement - batchlength = new com.kms.katalon.core.testobject.TestObject(): null

2018-05-21 20:28:39 - [TEST_STEP][PASSED] - Statement - batchlength = com.kms.katalon.core.webui.keyword.WebUiBuiltInKeywords.modifyObjectProperty(batchlength, "xpath", "equals", "//*[@id = "fldvendor" + row + ""]", true): Modify property of object successfully

2018-05-21 20:28:39 - [MESSAGE][PASSED] - Modify property of object successfully

2018-05-21 20:28:39 - [TEST_STEP][PASSED] - Statement - batchsize = com.kms.katalon.core.webui.keyword.WebUiBuiltInKeywords.getNumberOfTotalOption(batchlength): 11 options of object '' counted

2018-05-21 20:28:39 - [MESSAGE][PASSED] - 11 options of object '' counted

2018-05-21 20:28:39 - [TEST_STEP][PASSED] - Statement - out.println("BatchSize : " + batchsize): null

2018-05-21 20:28:39 - [TEST_STEP][PASSED] - Statement - For ([n = 1, n <= batchsize - 1, (n++)]): null

2018-05-21 20:28:39 - [TEST_STEP][PASSED] - Statement - product = new com.kms.katalon.core.testobject.TestObject(): null

2018-05-21 20:28:39 - [TEST_STEP][PASSED] - Statement - product = com.kms.katalon.core.webui.keyword.WebUiBuiltInKeywords.modifyObjectProperty(product, "xpath", "equals", "//*[@id = "fldvendor" + row + ""]", true): Modify property of object successfully

2018-05-21 20:28:39 - [MESSAGE][PASSED] - Modify property of object successfully

2018-05-21 20:28:39 - [TEST_STEP][PASSED] - selectOptionByIndex: All options with index in [1] are selected on object ''

2018-05-21 20:28:39 - [MESSAGE][PASSED] - All options with index in [1] are selected on object ''

2018-05-21 20:28:39 - [TEST_STEP][PASSED] - Statement - batch = new com.kms.katalon.core.testobject.TestObject(): null

2018-05-21 20:28:39 - [TEST_STEP][PASSED] - Statement - batch = com.kms.katalon.core.webui.keyword.WebUiBuiltInKeywords.modifyObjectProperty(batch, "xpath", "equals", "//*[@id = "txtbthqty" + row + ""]", true): Modify property of object successfully

2018-05-21 20:28:39 - [MESSAGE][PASSED] - Modify property of object successfully

2018-05-21 20:28:39 - [TEST_STEP][PASSED] - Statement - batchqty = com.kms.katalon.core.webui.keyword.WebUiBuiltInKeywords.getAttribute(batch, "value").trim(): Attribute 'value' of object '' is: '38700'

2018-05-21 20:28:39 - [MESSAGE][PASSED] - Attribute 'value' of object '' is: '38700'

2018-05-21 20:28:39 - [TEST_STEP][PASSED] - Statement - Rqty = 100: null

2018-05-21 20:28:39 - [TEST_STEP][PASSED] - delay: Delayed 2 second(s)

2018-05-21 20:28:41 - [MESSAGE][PASSED] - Delayed 2 second(s)

2018-05-21 20:28:41 - [TEST_STEP][PASSED] - Statement - out.println("BatchQty : " + batchqty): null

2018-05-21 20:28:41 - [TEST_STEP][PASSED] - Statement - out.println("RQty : " + Rqty): null

2018-05-21 20:28:41 - [TEST_STEP][PASSED] - Statement - If (java.lang.Integer.valueOf(batchqty) >= java.lang.Integer.valueOf(Rqty)): null

2018-05-21 20:28:41 - [TEST_STEP][PASSED] - Statement - Break: null

2018-05-21 20:28:41 - [TEST_STEP][PASSED] - Statement - batchlength = new com.kms.katalon.core.testobject.TestObject(): null

2018-05-21 20:28:41 - [TEST_STEP][PASSED] - Statement - batchlength = com.kms.katalon.core.webui.keyword.WebUiBuiltInKeywords.modifyObjectProperty(batchlength, "xpath", "equals", "//*[@id = "fldvendor" + row + ""]", true): Modify property of object successfully

2018-05-21 20:28:41 - [MESSAGE][PASSED] - Modify property of object successfully

2018-05-21 20:28:41 - [TEST_STEP][PASSED] - Statement - batchsize = com.kms.katalon.core.webui.keyword.WebUiBuiltInKeywords.getNumberOfTotalOption(batchlength): 11 options of object '' counted

2018-05-21 20:28:41 - [MESSAGE][PASSED] - 11 options of object '' counted

2018-05-21 20:28:41 - [TEST_STEP][PASSED] - Statement - out.println("BatchSize : " + batchsize): null

2018-05-21 20:28:41 - [TEST_STEP][PASSED] - Statement - For ([n = 1, n <= batchsize - 1, (n++)]): null

2018-05-21 20:28:41 - [TEST_STEP][PASSED] - Statement - product = new com.kms.katalon.core.testobject.TestObject(): null

2018-05-21 20:28:41 - [TEST_STEP][PASSED] - Statement - product = com.kms.katalon.core.webui.keyword.WebUiBuiltInKeywords.modifyObjectProperty(product, "xpath", "equals", "//*[@id = "fldvendor" + row + ""]", true): Modify property of object successfully

2018-05-21 20:28:41 - [MESSAGE][PASSED] - Modify property of object successfully

2018-05-21 20:28:41 - [TEST_STEP][PASSED] - selectOptionByIndex: All options with index in [1] are selected on object ''

2018-05-21 20:28:41 - [MESSAGE][PASSED] - All options with index in [1] are selected on object ''

2018-05-21 20:28:41 - [TEST_STEP][PASSED] - Statement - batch = new com.kms.katalon.core.testobject.TestObject(): null

2018-05-21 20:28:41 - [TEST_STEP][PASSED] - Statement - batch = com.kms.katalon.core.webui.keyword.WebUiBuiltInKeywords.modifyObjectProperty(batch, "xpath", "equals", "//*[@id = "txtbthqty" + row + ""]", true): Modify property of object successfully

2018-05-21 20:28:41 - [MESSAGE][PASSED] - Modify property of object successfully

2018-05-21 20:28:41 - [TEST_STEP][PASSED] - Statement - batchqty = com.kms.katalon.core.webui.keyword.WebUiBuiltInKeywords.getAttribute(batch, "value").trim(): Attribute 'value' of object '' is: '38700'

2018-05-21 20:28:41 - [MESSAGE][PASSED] - Attribute 'value' of object '' is: '38700'

2018-05-21 20:28:41 - [TEST_STEP][PASSED] - Statement - Rqty = 100: null

2018-05-21 20:28:41 - [TEST_STEP][PASSED] - delay: Delayed 2 second(s)

2018-05-21 20:28:43 - [MESSAGE][PASSED] - Delayed 2 second(s)

2018-05-21 20:28:43 - [TEST_STEP][PASSED] - Statement - out.println("BatchQty : " + batchqty): null

2018-05-21 20:28:43 - [TEST_STEP][PASSED] - Statement - out.println("RQty : " + Rqty): null

2018-05-21 20:28:43 - [TEST_STEP][PASSED] - Statement - If (java.lang.Integer.valueOf(batchqty) >= java.lang.Integer.valueOf(Rqty)): null

2018-05-21 20:28:43 - [TEST_STEP][PASSED] - Statement - Break: null

2018-05-21 20:28:43 - [TEST_STEP][PASSED] - Statement - batchlength = new com.kms.katalon.core.testobject.TestObject(): null

2018-05-21 20:28:43 - [TEST_STEP][PASSED] - Statement - batchlength = com.kms.katalon.core.webui.keyword.WebUiBuiltInKeywords.modifyObjectProperty(batchlength, "xpath", "equals", "//*[@id = "fldvendor" + row + ""]", true): Modify property of object successfully

2018-05-21 20:28:43 - [MESSAGE][PASSED] - Modify property of object successfully

2018-05-21 20:28:43 - [TEST_STEP][PASSED] - Statement - batchsize = com.kms.katalon.core.webui.keyword.WebUiBuiltInKeywords.getNumberOfTotalOption(batchlength): 11 options of object '' counted

2018-05-21 20:28:43 - [MESSAGE][PASSED] - 11 options of object '' counted

2018-05-21 20:28:43 - [TEST_STEP][PASSED] - Statement - out.println("BatchSize : " + batchsize): null

2018-05-21 20:28:43 - [TEST_STEP][PASSED] - Statement - For ([n = 1, n <= batchsize - 1, (n++)]): null

2018-05-21 20:28:43 - [TEST_STEP][PASSED] - Statement - product = new com.kms.katalon.core.testobject.TestObject(): null

2018-05-21 20:28:43 - [TEST_STEP][PASSED] - Statement - product = com.kms.katalon.core.webui.keyword.WebUiBuiltInKeywords.modifyObjectProperty(product, "xpath", "equals", "//*[@id = "fldvendor" + row + ""]", true): Modify property of object successfully

2018-05-21 20:28:43 - [MESSAGE][PASSED] - Modify property of object successfully

2018-05-21 20:28:43 - [TEST_STEP][PASSED] - selectOptionByIndex: All options with index in [1] are selected on object ''

2018-05-21 20:28:44 - [MESSAGE][PASSED] - All options with index in [1] are selected on object ''

2018-05-21 20:28:44 - [TEST_STEP][PASSED] - Statement - batch = new com.kms.katalon.core.testobject.TestObject(): null

2018-05-21 20:28:44 - [TEST_STEP][PASSED] - Statement - batch = com.kms.katalon.core.webui.keyword.WebUiBuiltInKeywords.modifyObjectProperty(batch, "xpath", "equals", "//*[@id = "txtbthqty" + row + ""]", true): Modify property of object successfully

2018-05-21 20:28:44 - [MESSAGE][PASSED] - Modify property of object successfully

2018-05-21 20:28:44 - [TEST_STEP][PASSED] - Statement - batchqty = com.kms.katalon.core.webui.keyword.WebUiBuiltInKeywords.getAttribute(batch, "value").trim(): Attribute 'value' of object '' is: '4900'

2018-05-21 20:28:44 - [MESSAGE][PASSED] - Attribute 'value' of object '' is: '4900'

2018-05-21 20:28:44 - [TEST_STEP][PASSED] - Statement - Rqty = 100: null

2018-05-21 20:28:44 - [TEST_STEP][PASSED] - delay: Delayed 2 second(s)

2018-05-21 20:28:46 - [MESSAGE][PASSED] - Delayed 2 second(s)

2018-05-21 20:28:46 - [TEST_STEP][PASSED] - Statement - out.println("BatchQty : " + batchqty): null

2018-05-21 20:28:46 - [TEST_STEP][PASSED] - Statement - out.println("RQty : " + Rqty): null

2018-05-21 20:28:46 - [TEST_STEP][PASSED] - Statement - If (java.lang.Integer.valueOf(batchqty) >= java.lang.Integer.valueOf(Rqty)): null

2018-05-21 20:28:46 - [TEST_STEP][PASSED] - Statement - Break: null

2018-05-21 20:28:46 - [TEST_STEP][PASSED] - Statement - batchlength = new com.kms.katalon.core.testobject.TestObject(): null

2018-05-21 20:28:46 - [TEST_STEP][PASSED] - Statement - batchlength = com.kms.katalon.core.webui.keyword.WebUiBuiltInKeywords.modifyObjectProperty(batchlength, "xpath", "equals", "//*[@id = "fldvendor" + row + ""]", true): Modify property of object successfully

2018-05-21 20:28:46 - [MESSAGE][PASSED] - Modify property of object successfully

2018-05-21 20:28:46 - [TEST_STEP][PASSED] - Statement - batchsize = com.kms.katalon.core.webui.keyword.WebUiBuiltInKeywords.getNumberOfTotalOption(batchlength): 11 options of object '' counted

2018-05-21 20:28:46 - [MESSAGE][PASSED] - 11 options of object '' counted

2018-05-21 20:28:46 - [TEST_STEP][PASSED] - Statement - out.println("BatchSize : " + batchsize): null

2018-05-21 20:28:46 - [TEST_STEP][PASSED] - Statement - For ([n = 1, n <= batchsize - 1, (n++)]): null

2018-05-21 20:28:46 - [TEST_STEP][PASSED] - Statement - product = new com.kms.katalon.core.testobject.TestObject(): null

2018-05-21 20:28:46 - [TEST_STEP][PASSED] - Statement - product = com.kms.katalon.core.webui.keyword.WebUiBuiltInKeywords.modifyObjectProperty(product, "xpath", "equals", "//*[@id = "fldvendor" + row + ""]", true): Modify property of object successfully

2018-05-21 20:28:46 - [MESSAGE][PASSED] - Modify property of object successfully

2018-05-21 20:28:46 - [TEST_STEP][PASSED] - selectOptionByIndex: All options with index in [1] are selected on object ''

2018-05-21 20:28:46 - [MESSAGE][PASSED] - All options with index in [1] are selected on object ''

2018-05-21 20:28:46 - [TEST_STEP][PASSED] - Statement - batch = new com.kms.katalon.core.testobject.TestObject(): null

2018-05-21 20:28:46 - [TEST_STEP][PASSED] - Statement - batch = com.kms.katalon.core.webui.keyword.WebUiBuiltInKeywords.modifyObjectProperty(batch, "xpath", "equals", "//*[@id = "txtbthqty" + row + ""]", true): Modify property of object successfully

2018-05-21 20:28:46 - [MESSAGE][PASSED] - Modify property of object successfully

2018-05-21 20:28:46 - [TEST_STEP][PASSED] - Statement - batchqty = com.kms.katalon.core.webui.keyword.WebUiBuiltInKeywords.getAttribute(batch, "value").trim(): Attribute 'value' of object '' is: '3900'

2018-05-21 20:28:46 - [MESSAGE][PASSED] - Attribute 'value' of object '' is: '3900'

2018-05-21 20:28:46 - [TEST_STEP][PASSED] - Statement - Rqty = 100: null

2018-05-21 20:28:46 - [TEST_STEP][PASSED] - delay: Delayed 2 second(s)

2018-05-21 20:28:48 - [MESSAGE][PASSED] - Delayed 2 second(s)

2018-05-21 20:28:48 - [TEST_STEP][PASSED] - Statement - out.println("BatchQty : " + batchqty): null

2018-05-21 20:28:48 - [TEST_STEP][PASSED] - Statement - out.println("RQty : " + Rqty): null

2018-05-21 20:28:48 - [TEST_STEP][PASSED] - Statement - If (java.lang.Integer.valueOf(batchqty) >= java.lang.Integer.valueOf(Rqty)): null

2018-05-21 20:28:48 - [TEST_STEP][PASSED] - Statement - Break: null

2018-05-21 20:28:48 - [TEST_STEP][PASSED] - Statement - batchlength = new com.kms.katalon.core.testobject.TestObject(): null

2018-05-21 20:28:48 - [TEST_STEP][PASSED] - Statement - batchlength = com.kms.katalon.core.webui.keyword.WebUiBuiltInKeywords.modifyObjectProperty(batchlength, "xpath", "equals", "//*[@id = "fldvendor" + row + ""]", true): Modify property of object successfully

2018-05-21 20:28:48 - [MESSAGE][PASSED] - Modify property of object successfully

2018-05-21 20:28:48 - [TEST_STEP][PASSED] - Statement - batchsize = com.kms.katalon.core.webui.keyword.WebUiBuiltInKeywords.getNumberOfTotalOption(batchlength): 11 options of object '' counted

2018-05-21 20:28:48 - [MESSAGE][PASSED] - 11 options of object '' counted

2018-05-21 20:28:48 - [TEST_STEP][PASSED] - Statement - out.println("BatchSize : " + batchsize): null

2018-05-21 20:28:48 - [TEST_STEP][PASSED] - Statement - For ([n = 1, n <= batchsize - 1, (n++)]): null

2018-05-21 20:28:48 - [TEST_STEP][PASSED] - Statement - product = new com.kms.katalon.core.testobject.TestObject(): null

2018-05-21 20:28:48 - [TEST_STEP][PASSED] - Statement - product = com.kms.katalon.core.webui.keyword.WebUiBuiltInKeywords.modifyObjectProperty(product, "xpath", "equals", "//*[@id = "fldvendor" + row + ""]", true): Modify property of object successfully

2018-05-21 20:28:48 - [MESSAGE][PASSED] - Modify property of object successfully

2018-05-21 20:28:48 - [TEST_STEP][PASSED] - selectOptionByIndex: All options with index in [1] are selected on object ''

2018-05-21 20:28:48 - [MESSAGE][PASSED] - All options with index in [1] are selected on object ''

2018-05-21 20:28:48 - [TEST_STEP][PASSED] - Statement - batch = new com.kms.katalon.core.testobject.TestObject(): null

2018-05-21 20:28:48 - [TEST_STEP][PASSED] - Statement - batch = com.kms.katalon.core.webui.keyword.WebUiBuiltInKeywords.modifyObjectProperty(batch, "xpath", "equals", "//*[@id = "txtbthqty" + row + ""]", true): Modify property of object successfully

2018-05-21 20:28:48 - [MESSAGE][PASSED] - Modify property of object successfully

2018-05-21 20:28:48 - [TEST_STEP][PASSED] - Statement - batchqty = com.kms.katalon.core.webui.keyword.WebUiBuiltInKeywords.getAttribute(batch, "value").trim(): Attribute 'value' of object '' is: '38700'

2018-05-21 20:28:48 - [MESSAGE][PASSED] - Attribute 'value' of object '' is: '38700'

2018-05-21 20:28:48 - [TEST_STEP][PASSED] - Statement - Rqty = 100: null

2018-05-21 20:28:48 - [TEST_STEP][PASSED] - delay: Delayed 2 second(s)

2018-05-21 20:28:50 - [MESSAGE][PASSED] - Delayed 2 second(s)

2018-05-21 20:28:50 - [TEST_STEP][PASSED] - Statement - out.println("BatchQty : " + batchqty): null

2018-05-21 20:28:50 - [TEST_STEP][PASSED] - Statement - out.println("RQty : " + Rqty): null

2018-05-21 20:28:50 - [TEST_STEP][PASSED] - Statement - If (java.lang.Integer.valueOf(batchqty) >= java.lang.Integer.valueOf(Rqty)): null

2018-05-21 20:28:50 - [TEST_STEP][PASSED] - Statement - Break: null

2018-05-21 20:28:50 - [TEST_STEP][PASSED] - Statement - batchlength = new com.kms.katalon.core.testobject.TestObject(): null

2018-05-21 20:28:50 - [TEST_STEP][PASSED] - Statement - batchlength = com.kms.katalon.core.webui.keyword.WebUiBuiltInKeywords.modifyObjectProperty(batchlength, "xpath", "equals", "//*[@id = "fldvendor" + row + ""]", true): Modify property of object successfully

2018-05-21 20:28:50 - [MESSAGE][PASSED] - Modify property of object successfully

2018-05-21 20:28:50 - [TEST_STEP][PASSED] - Statement - batchsize = com.kms.katalon.core.webui.keyword.WebUiBuiltInKeywords.getNumberOfTotalOption(batchlength): 11 options of object '' counted

2018-05-21 20:28:50 - [MESSAGE][PASSED] - 11 options of object '' counted

2018-05-21 20:28:50 - [TEST_STEP][PASSED] - Statement - out.println("BatchSize : " + batchsize): null

2018-05-21 20:28:50 - [TEST_STEP][PASSED] - Statement - For ([n = 1, n <= batchsize - 1, (n++)]): null

2018-05-21 20:28:50 - [TEST_STEP][PASSED] - Statement - product = new com.kms.katalon.core.testobject.TestObject(): null

2018-05-21 20:28:50 - [TEST_STEP][PASSED] - Statement - product = com.kms.katalon.core.webui.keyword.WebUiBuiltInKeywords.modifyObjectProperty(product, "xpath", "equals", "//*[@id = "fldvendor" + row + ""]", true): Modify property of object successfully

2018-05-21 20:28:50 - [MESSAGE][PASSED] - Modify property of object successfully

2018-05-21 20:28:50 - [TEST_STEP][PASSED] - selectOptionByIndex: All options with index in [1] are selected on object ''

2018-05-21 20:28:50 - [MESSAGE][PASSED] - All options with index in [1] are selected on object ''

2018-05-21 20:28:50 - [TEST_STEP][PASSED] - Statement - batch = new com.kms.katalon.core.testobject.TestObject(): null

2018-05-21 20:28:50 - [TEST_STEP][PASSED] - Statement - batch = com.kms.katalon.core.webui.keyword.WebUiBuiltInKeywords.modifyObjectProperty(batch, "xpath", "equals", "//*[@id = "txtbthqty" + row + ""]", true): Modify property of object successfully

2018-05-21 20:28:50 - [MESSAGE][PASSED] - Modify property of object successfully

2018-05-21 20:28:50 - [TEST_STEP][PASSED] - Statement - batchqty = com.kms.katalon.core.webui.keyword.WebUiBuiltInKeywords.getAttribute(batch, "value").trim(): Attribute 'value' of object '' is: '3900'

2018-05-21 20:28:50 - [MESSAGE][PASSED] - Attribute 'value' of object '' is: '3900'

2018-05-21 20:28:50 - [TEST_STEP][PASSED] - Statement - Rqty = 100: null

2018-05-21 20:28:50 - [TEST_STEP][PASSED] - delay: Delayed 2 second(s)

2018-05-21 20:28:52 - [MESSAGE][PASSED] - Delayed 2 second(s)

2018-05-21 20:28:52 - [TEST_STEP][PASSED] - Statement - out.println("BatchQty : " + batchqty): null

2018-05-21 20:28:52 - [TEST_STEP][PASSED] - Statement - out.println("RQty : " + Rqty): null

2018-05-21 20:28:52 - [TEST_STEP][PASSED] - Statement - If (java.lang.Integer.valueOf(batchqty) >= java.lang.Integer.valueOf(Rqty)): null

2018-05-21 20:28:52 - [TEST_STEP][PASSED] - Statement - Break: null

2018-05-21 20:28:52 - [TEST_STEP][PASSED] - Statement - batchlength = new com.kms.katalon.core.testobject.TestObject(): null

2018-05-21 20:28:52 - [TEST_STEP][PASSED] - Statement - batchlength = com.kms.katalon.core.webui.keyword.WebUiBuiltInKeywords.modifyObjectProperty(batchlength, "xpath", "equals", "//*[@id = "fldvendor" + row + ""]", true): Modify property of object successfully

2018-05-21 20:28:52 - [MESSAGE][PASSED] - Modify property of object successfully

2018-05-21 20:28:52 - [TEST_STEP][PASSED] - Statement - batchsize = com.kms.katalon.core.webui.keyword.WebUiBuiltInKeywords.getNumberOfTotalOption(batchlength): 11 options of object '' counted

2018-05-21 20:28:52 - [MESSAGE][PASSED] - 11 options of object '' counted

2018-05-21 20:28:52 - [TEST_STEP][PASSED] - Statement - out.println("BatchSize : " + batchsize): null

2018-05-21 20:28:52 - [TEST_STEP][PASSED] - Statement - For ([n = 1, n <= batchsize - 1, (n++)]): null

2018-05-21 20:28:52 - [TEST_STEP][PASSED] - Statement - product = new com.kms.katalon.core.testobject.TestObject(): null

2018-05-21 20:28:52 - [TEST_STEP][PASSED] - Statement - product = com.kms.katalon.core.webui.keyword.WebUiBuiltInKeywords.modifyObjectProperty(product, "xpath", "equals", "//*[@id = "fldvendor" + row + ""]", true): Modify property of object successfully

2018-05-21 20:28:52 - [MESSAGE][PASSED] - Modify property of object successfully

2018-05-21 20:28:52 - [TEST_STEP][PASSED] - selectOptionByIndex: All options with index in [1] are selected on object ''

2018-05-21 20:28:53 - [MESSAGE][PASSED] - All options with index in [1] are selected on object ''

2018-05-21 20:28:53 - [TEST_STEP][PASSED] - Statement - batch = new com.kms.katalon.core.testobject.TestObject(): null

2018-05-21 20:28:53 - [TEST_STEP][PASSED] - Statement - batch = com.kms.katalon.core.webui.keyword.WebUiBuiltInKeywords.modifyObjectProperty(batch, "xpath", "equals", "//*[@id = "txtbthqty" + row + ""]", true): Modify property of object successfully

2018-05-21 20:28:53 - [MESSAGE][PASSED] - Modify property of object successfully

2018-05-21 20:28:53 - [TEST_STEP][PASSED] - Statement - batchqty = com.kms.katalon.core.webui.keyword.WebUiBuiltInKeywords.getAttribute(batch, "value").trim(): Attribute 'value' of object '' is: '2900'

2018-05-21 20:28:53 - [MESSAGE][PASSED] - Attribute 'value' of object '' is: '2900'

2018-05-21 20:28:53 - [TEST_STEP][PASSED] - Statement - Rqty = 100: null

2018-05-21 20:28:53 - [TEST_STEP][PASSED] - delay: Delayed 2 second(s)

2018-05-21 20:28:55 - [MESSAGE][PASSED] - Delayed 2 second(s)

2018-05-21 20:28:55 - [TEST_STEP][PASSED] - Statement - out.println("BatchQty : " + batchqty): null

2018-05-21 20:28:55 - [TEST_STEP][PASSED] - Statement - out.println("RQty : " + Rqty): null

2018-05-21 20:28:55 - [TEST_STEP][PASSED] - Statement - If (java.lang.Integer.valueOf(batchqty) >= java.lang.Integer.valueOf(Rqty)): null

2018-05-21 20:28:55 - [TEST_STEP][PASSED] - Statement - Break: null

2018-05-21 20:28:55 - [TEST_STEP][PASSED] - Statement - batchlength = new com.kms.katalon.core.testobject.TestObject(): null

2018-05-21 20:28:55 - [TEST_STEP][PASSED] - Statement - batchlength = com.kms.katalon.core.webui.keyword.WebUiBuiltInKeywords.modifyObjectProperty(batchlength, "xpath", "equals", "//*[@id = "fldvendor" + row + ""]", true): Modify property of object successfully

2018-05-21 20:28:55 - [MESSAGE][PASSED] - Modify property of object successfully

2018-05-21 20:28:55 - [TEST_STEP][PASSED] - Statement - batchsize = com.kms.katalon.core.webui.keyword.WebUiBuiltInKeywords.getNumberOfTotalOption(batchlength): 11 options of object '' counted

2018-05-21 20:28:55 - [MESSAGE][PASSED] - 11 options of object '' counted

2018-05-21 20:28:55 - [TEST_STEP][PASSED] - Statement - out.println("BatchSize : " + batchsize): null

2018-05-21 20:28:55 - [TEST_STEP][PASSED] - Statement - For ([n = 1, n <= batchsize - 1, (n++)]): null

2018-05-21 20:28:55 - [TEST_STEP][PASSED] - Statement - product = new com.kms.katalon.core.testobject.TestObject(): null

2018-05-21 20:28:55 - [TEST_STEP][PASSED] - Statement - product = com.kms.katalon.core.webui.keyword.WebUiBuiltInKeywords.modifyObjectProperty(product, "xpath", "equals", "//*[@id = "fldvendor" + row + ""]", true): Modify property of object successfully

2018-05-21 20:28:55 - [MESSAGE][PASSED] - Modify property of object successfully

2018-05-21 20:28:55 - [TEST_STEP][PASSED] - selectOptionByIndex: All options with index in [1] are selected on object ''

2018-05-21 20:28:55 - [MESSAGE][PASSED] - All options with index in [1] are selected on object ''

2018-05-21 20:28:55 - [TEST_STEP][PASSED] - Statement - batch = new com.kms.katalon.core.testobject.TestObject(): null

2018-05-21 20:28:55 - [TEST_STEP][PASSED] - Statement - batch = com.kms.katalon.core.webui.keyword.WebUiBuiltInKeywords.modifyObjectProperty(batch, "xpath", "equals", "//*[@id = "txtbthqty" + row + ""]", true): Modify property of object successfully

2018-05-21 20:28:55 - [MESSAGE][PASSED] - Modify property of object successfully

2018-05-21 20:28:55 - [TEST_STEP][PASSED] - Statement - batchqty = com.kms.katalon.core.webui.keyword.WebUiBuiltInKeywords.getAttribute(batch, "value").trim(): Attribute 'value' of object '' is: '4900'

2018-05-21 20:28:55 - [MESSAGE][PASSED] - Attribute 'value' of object '' is: '4900'

2018-05-21 20:28:55 - [TEST_STEP][PASSED] - Statement - Rqty = 100: null

2018-05-21 20:28:55 - [TEST_STEP][PASSED] - delay: Delayed 2 second(s)

2018-05-21 20:28:57 - [MESSAGE][PASSED] - Delayed 2 second(s)

2018-05-21 20:28:57 - [TEST_STEP][PASSED] - Statement - out.println("BatchQty : " + batchqty): null

2018-05-21 20:28:57 - [TEST_STEP][PASSED] - Statement - out.println("RQty : " + Rqty): null

2018-05-21 20:28:57 - [TEST_STEP][PASSED] - Statement - If (java.lang.Integer.valueOf(batchqty) >= java.lang.Integer.valueOf(Rqty)): null

2018-05-21 20:28:57 - [TEST_STEP][PASSED] - Statement - Break: null

2018-05-21 20:28:57 - [TEST_STEP][PASSED] - Statement - batchlength = new com.kms.katalon.core.testobject.TestObject(): null

2018-05-21 20:28:57 - [TEST_STEP][PASSED] - Statement - batchlength = com.kms.katalon.core.webui.keyword.WebUiBuiltInKeywords.modifyObjectProperty(batchlength, "xpath", "equals", "//*[@id = "fldvendor" + row + ""]", true): Modify property of object successfully

2018-05-21 20:28:57 - [MESSAGE][PASSED] - Modify property of object successfully

2018-05-21 20:28:57 - [TEST_STEP][PASSED] - Statement - batchsize = com.kms.katalon.core.webui.keyword.WebUiBuiltInKeywords.getNumberOfTotalOption(batchlength): 11 options of object '' counted

2018-05-21 20:28:57 - [MESSAGE][PASSED] - 11 options of object '' counted

2018-05-21 20:28:57 - [TEST_STEP][PASSED] - Statement - out.println("BatchSize : " + batchsize): null

2018-05-21 20:28:57 - [TEST_STEP][PASSED] - Statement - For ([n = 1, n <= batchsize - 1, (n++)]): null

2018-05-21 20:28:57 - [TEST_STEP][PASSED] - Statement - product = new com.kms.katalon.core.testobject.TestObject(): null

2018-05-21 20:28:57 - [TEST_STEP][PASSED] - Statement - product = com.kms.katalon.core.webui.keyword.WebUiBuiltInKeywords.modifyObjectProperty(product, "xpath", "equals", "//*[@id = "fldvendor" + row + ""]", true): Modify property of object successfully

2018-05-21 20:28:57 - [MESSAGE][PASSED] - Modify property of object successfully

2018-05-21 20:28:57 - [TEST_STEP][PASSED] - selectOptionByIndex: All options with index in [1] are selected on object ''

2018-05-21 20:28:57 - [MESSAGE][PASSED] - All options with index in [1] are selected on object ''

2018-05-21 20:28:57 - [TEST_STEP][PASSED] - Statement - batch = new com.kms.katalon.core.testobject.TestObject(): null

2018-05-21 20:28:57 - [TEST_STEP][PASSED] - Statement - batch = com.kms.katalon.core.webui.keyword.WebUiBuiltInKeywords.modifyObjectProperty(batch, "xpath", "equals", "//*[@id = "txtbthqty" + row + ""]", true): Modify property of object successfully

2018-05-21 20:28:57 - [MESSAGE][PASSED] - Modify property of object successfully

2018-05-21 20:28:57 - [TEST_STEP][PASSED] - Statement - batchqty = com.kms.katalon.core.webui.keyword.WebUiBuiltInKeywords.getAttribute(batch, "value").trim(): Attribute 'value' of object '' is: '3900'

2018-05-21 20:28:57 - [MESSAGE][PASSED] - Attribute 'value' of object '' is: '3900'

2018-05-21 20:28:57 - [TEST_STEP][PASSED] - Statement - Rqty = 100: null

2018-05-21 20:28:57 - [TEST_STEP][PASSED] - delay: Delayed 2 second(s)

2018-05-21 20:28:59 - [MESSAGE][PASSED] - Delayed 2 second(s)

2018-05-21 20:28:59 - [TEST_STEP][PASSED] - Statement - out.println("BatchQty : " + batchqty): null

2018-05-21 20:28:59 - [TEST_STEP][PASSED] - Statement - out.println("RQty : " + Rqty): null

2018-05-21 20:28:59 - [TEST_STEP][PASSED] - Statement - If (java.lang.Integer.valueOf(batchqty) >= java.lang.Integer.valueOf(Rqty)): null

2018-05-21 20:28:59 - [TEST_STEP][PASSED] - Statement - Break: null

2018-05-21 20:28:59 - [TEST_STEP][PASSED] - Statement - batchlength = new com.kms.katalon.core.testobject.TestObject(): null

2018-05-21 20:28:59 - [TEST_STEP][PASSED] - Statement - batchlength = com.kms.katalon.core.webui.keyword.WebUiBuiltInKeywords.modifyObjectProperty(batchlength, "xpath", "equals", "//*[@id = "fldvendor" + row + ""]", true): Modify property of object successfully

2018-05-21 20:28:59 - [MESSAGE][PASSED] - Modify property of object successfully

2018-05-21 20:28:59 - [TEST_STEP][PASSED] - Statement - batchsize = com.kms.katalon.core.webui.keyword.WebUiBuiltInKeywords.getNumberOfTotalOption(batchlength): 11 options of object '' counted

2018-05-21 20:28:59 - [MESSAGE][PASSED] - 11 options of object '' counted

2018-05-21 20:28:59 - [TEST_STEP][PASSED] - Statement - out.println("BatchSize : " + batchsize): null

2018-05-21 20:28:59 - [TEST_STEP][PASSED] - Statement - For ([n = 1, n <= batchsize - 1, (n++)]): null

2018-05-21 20:28:59 - [TEST_STEP][PASSED] - Statement - product = new com.kms.katalon.core.testobject.TestObject(): null

2018-05-21 20:28:59 - [TEST_STEP][PASSED] - Statement - product = com.kms.katalon.core.webui.keyword.WebUiBuiltInKeywords.modifyObjectProperty(product, "xpath", "equals", "//*[@id = "fldvendor" + row + ""]", true): Modify property of object successfully

2018-05-21 20:28:59 - [MESSAGE][PASSED] - Modify property of object successfully

2018-05-21 20:28:59 - [TEST_STEP][PASSED] - selectOptionByIndex: All options with index in [1] are selected on object ''

2018-05-21 20:28:59 - [MESSAGE][PASSED] - All options with index in [1] are selected on object ''

2018-05-21 20:28:59 - [TEST_STEP][PASSED] - Statement - batch = new com.kms.katalon.core.testobject.TestObject(): null

2018-05-21 20:28:59 - [TEST_STEP][PASSED] - Statement - batch = com.kms.katalon.core.webui.keyword.WebUiBuiltInKeywords.modifyObjectProperty(batch, "xpath", "equals", "//*[@id = "txtbthqty" + row + ""]", true): Modify property of object successfully

2018-05-21 20:28:59 - [MESSAGE][PASSED] - Modify property of object successfully

2018-05-21 20:28:59 - [TEST_STEP][PASSED] - Statement - batchqty = com.kms.katalon.core.webui.keyword.WebUiBuiltInKeywords.getAttribute(batch, "value").trim(): Attribute 'value' of object '' is: '400'

2018-05-21 20:28:59 - [MESSAGE][PASSED] - Attribute 'value' of object '' is: '400'

2018-05-21 20:28:59 - [TEST_STEP][PASSED] - Statement - Rqty = 100: null

2018-05-21 20:28:59 - [TEST_STEP][PASSED] - delay: Delayed 2 second(s)

2018-05-21 20:29:01 - [MESSAGE][PASSED] - Delayed 2 second(s)

2018-05-21 20:29:01 - [TEST_STEP][PASSED] - Statement - out.println("BatchQty : " + batchqty): null

2018-05-21 20:29:01 - [TEST_STEP][PASSED] - Statement - out.println("RQty : " + Rqty): null

2018-05-21 20:29:01 - [TEST_STEP][PASSED] - Statement - If (java.lang.Integer.valueOf(batchqty) >= java.lang.Integer.valueOf(Rqty)): null

2018-05-21 20:29:01 - [TEST_STEP][PASSED] - Statement - Break: null

2018-05-21 20:29:01 - [TEST_STEP][PASSED] - Statement - batchlength = new com.kms.katalon.core.testobject.TestObject(): null

2018-05-21 20:29:01 - [TEST_STEP][PASSED] - Statement - batchlength = com.kms.katalon.core.webui.keyword.WebUiBuiltInKeywords.modifyObjectProperty(batchlength, "xpath", "equals", "//*[@id = "fldvendor" + row + ""]", true): Modify property of object successfully

2018-05-21 20:29:01 - [MESSAGE][PASSED] - Modify property of object successfully

2018-05-21 20:29:01 - [TEST_STEP][PASSED] - Statement - batchsize = com.kms.katalon.core.webui.keyword.WebUiBuiltInKeywords.getNumberOfTotalOption(batchlength): 11 options of object '' counted

2018-05-21 20:29:01 - [MESSAGE][PASSED] - 11 options of object '' counted

2018-05-21 20:29:01 - [TEST_STEP][PASSED] - Statement - out.println("BatchSize : " + batchsize): null

2018-05-21 20:29:01 - [TEST_STEP][PASSED] - Statement - For ([n = 1, n <= batchsize - 1, (n++)]): null

2018-05-21 20:29:01 - [TEST_STEP][PASSED] - Statement - product = new com.kms.katalon.core.testobject.TestObject(): null

2018-05-21 20:29:01 - [TEST_STEP][PASSED] - Statement - product = com.kms.katalon.core.webui.keyword.WebUiBuiltInKeywords.modifyObjectProperty(product, "xpath", "equals", "//*[@id = "fldvendor" + row + ""]", true): Modify property of object successfully

2018-05-21 20:29:01 - [MESSAGE][PASSED] - Modify property of object successfully

2018-05-21 20:29:01 - [TEST_STEP][PASSED] - selectOptionByIndex: All options with index in [1] are selected on object ''

2018-05-21 20:29:02 - [MESSAGE][PASSED] - All options with index in [1] are selected on object ''

2018-05-21 20:29:02 - [TEST_STEP][PASSED] - Statement - batch = new com.kms.katalon.core.testobject.TestObject(): null

2018-05-21 20:29:02 - [TEST_STEP][PASSED] - Statement - batch = com.kms.katalon.core.webui.keyword.WebUiBuiltInKeywords.modifyObjectProperty(batch, "xpath", "equals", "//*[@id = "txtbthqty" + row + ""]", true): Modify property of object successfully

2018-05-21 20:29:02 - [MESSAGE][PASSED] - Modify property of object successfully

2018-05-21 20:29:02 - [TEST_STEP][PASSED] - Statement - batchqty = com.kms.katalon.core.webui.keyword.WebUiBuiltInKeywords.getAttribute(batch, "value").trim(): Attribute 'value' of object '' is: '33700'

2018-05-21 20:29:02 - [MESSAGE][PASSED] - Attribute 'value' of object '' is: '33700'

2018-05-21 20:29:02 - [TEST_STEP][PASSED] - Statement - Rqty = 100: null

2018-05-21 20:29:02 - [TEST_STEP][PASSED] - delay: Delayed 2 second(s)

2018-05-21 20:29:04 - [MESSAGE][PASSED] - Delayed 2 second(s)

2018-05-21 20:29:04 - [TEST_STEP][PASSED] - Statement - out.println("BatchQty : " + batchqty): null

2018-05-21 20:29:04 - [TEST_STEP][PASSED] - Statement - out.println("RQty : " + Rqty): null

2018-05-21 20:29:04 - [TEST_STEP][PASSED] - Statement - If (java.lang.Integer.valueOf(batchqty) >= java.lang.Integer.valueOf(Rqty)): null

2018-05-21 20:29:04 - [TEST_STEP][PASSED] - Statement - Break: null

2018-05-21 20:29:04 - [TEST_STEP][PASSED] - Statement - batchlength = new com.kms.katalon.core.testobject.TestObject(): null

2018-05-21 20:29:04 - [TEST_STEP][PASSED] - Statement - batchlength = com.kms.katalon.core.webui.keyword.WebUiBuiltInKeywords.modifyObjectProperty(batchlength, "xpath", "equals", "//*[@id = "fldvendor" + row + ""]", true): Modify property of object successfully

2018-05-21 20:29:04 - [MESSAGE][PASSED] - Modify property of object successfully

2018-05-21 20:29:04 - [TEST_STEP][PASSED] - Statement - batchsize = com.kms.katalon.core.webui.keyword.WebUiBuiltInKeywords.getNumberOfTotalOption(batchlength): 11 options of object '' counted

2018-05-21 20:29:04 - [MESSAGE][PASSED] - 11 options of object '' counted

2018-05-21 20:29:04 - [TEST_STEP][PASSED] - Statement - out.println("BatchSize : " + batchsize): null

2018-05-21 20:29:04 - [TEST_STEP][PASSED] - Statement - For ([n = 1, n <= batchsize - 1, (n++)]): null

2018-05-21 20:29:04 - [TEST_STEP][PASSED] - Statement - product = new com.kms.katalon.core.testobject.TestObject(): null

2018-05-21 20:29:04 - [TEST_STEP][PASSED] - Statement - product = com.kms.katalon.core.webui.keyword.WebUiBuiltInKeywords.modifyObjectProperty(product, "xpath", "equals", "//*[@id = "fldvendor" + row + ""]", true): Modify property of object successfully

2018-05-21 20:29:04 - [MESSAGE][PASSED] - Modify property of object successfully

2018-05-21 20:29:04 - [TEST_STEP][PASSED] - selectOptionByIndex: All options with index in [1] are selected on object ''

2018-05-21 20:29:04 - [MESSAGE][PASSED] - All options with index in [1] are selected on object ''

2018-05-21 20:29:04 - [TEST_STEP][PASSED] - Statement - batch = new com.kms.katalon.core.testobject.TestObject(): null

2018-05-21 20:29:04 - [TEST_STEP][PASSED] - Statement - batch = com.kms.katalon.core.webui.keyword.WebUiBuiltInKeywords.modifyObjectProperty(batch, "xpath", "equals", "//*[@id = "txtbthqty" + row + ""]", true): Modify property of object successfully

2018-05-21 20:29:04 - [MESSAGE][PASSED] - Modify property of object successfully

2018-05-21 20:29:04 - [TEST_STEP][PASSED] - Statement - batchqty = com.kms.katalon.core.webui.keyword.WebUiBuiltInKeywords.getAttribute(batch, "value").trim(): Attribute 'value' of object '' is: '3900'

2018-05-21 20:29:04 - [MESSAGE][PASSED] - Attribute 'value' of object '' is: '3900'

2018-05-21 20:29:04 - [TEST_STEP][PASSED] - Statement - Rqty = 100: null

2018-05-21 20:29:04 - [TEST_STEP][PASSED] - delay: Delayed 2 second(s)

2018-05-21 20:29:06 - [MESSAGE][PASSED] - Delayed 2 second(s)

2018-05-21 20:29:06 - [TEST_STEP][PASSED] - Statement - out.println("BatchQty : " + batchqty): null

2018-05-21 20:29:06 - [TEST_STEP][PASSED] - Statement - out.println("RQty : " + Rqty): null

2018-05-21 20:29:06 - [TEST_STEP][PASSED] - Statement - If (java.lang.Integer.valueOf(batchqty) >= java.lang.Integer.valueOf(Rqty)): null

2018-05-21 20:29:06 - [TEST_STEP][PASSED] - Statement - Break: null

2018-05-21 20:29:06 - [TEST_STEP][PASSED] - Statement - batchlength = new com.kms.katalon.core.testobject.TestObject(): null

2018-05-21 20:29:06 - [TEST_STEP][PASSED] - Statement - batchlength = com.kms.katalon.core.webui.keyword.WebUiBuiltInKeywords.modifyObjectProperty(batchlength, "xpath", "equals", "//*[@id = "fldvendor" + row + ""]", true): Modify property of object successfully

2018-05-21 20:29:06 - [MESSAGE][PASSED] - Modify property of object successfully

2018-05-21 20:29:06 - [TEST_STEP][PASSED] - Statement - batchsize = com.kms.katalon.core.webui.keyword.WebUiBuiltInKeywords.getNumberOfTotalOption(batchlength): 11 options of object '' counted

2018-05-21 20:29:06 - [MESSAGE][PASSED] - 11 options of object '' counted

2018-05-21 20:29:06 - [TEST_STEP][PASSED] - Statement - out.println("BatchSize : " + batchsize): null

2018-05-21 20:29:06 - [TEST_STEP][PASSED] - Statement - For ([n = 1, n <= batchsize - 1, (n++)]): null

2018-05-21 20:29:06 - [TEST_STEP][PASSED] - Statement - product = new com.kms.katalon.core.testobject.TestObject(): null

2018-05-21 20:29:06 - [TEST_STEP][PASSED] - Statement - product = com.kms.katalon.core.webui.keyword.WebUiBuiltInKeywords.modifyObjectProperty(product, "xpath", "equals", "//*[@id = "fldvendor" + row + ""]", true): Modify property of object successfully

2018-05-21 20:29:06 - [MESSAGE][PASSED] - Modify property of object successfully

2018-05-21 20:29:06 - [TEST_STEP][PASSED] - selectOptionByIndex: All options with index in [1] are selected on object ''

2018-05-21 20:29:06 - [MESSAGE][PASSED] - All options with index in [1] are selected on object ''

2018-05-21 20:29:06 - [TEST_STEP][PASSED] - Statement - batch = new com.kms.katalon.core.testobject.TestObject(): null

2018-05-21 20:29:06 - [TEST_STEP][PASSED] - Statement - batch = com.kms.katalon.core.webui.keyword.WebUiBuiltInKeywords.modifyObjectProperty(batch, "xpath", "equals", "//*[@id = "txtbthqty" + row + ""]", true): Modify property of object successfully

2018-05-21 20:29:06 - [MESSAGE][PASSED] - Modify property of object successfully

2018-05-21 20:29:06 - [TEST_STEP][PASSED] - Statement - batchqty = com.kms.katalon.core.webui.keyword.WebUiBuiltInKeywords.getAttribute(batch, "value").trim(): Attribute 'value' of object '' is: '2900'

2018-05-21 20:29:06 - [MESSAGE][PASSED] - Attribute 'value' of object '' is: '2900'

2018-05-21 20:29:06 - [TEST_STEP][PASSED] - Statement - Rqty = 100: null

2018-05-21 20:29:06 - [TEST_STEP][PASSED] - delay: Delayed 2 second(s)

2018-05-21 20:29:08 - [MESSAGE][PASSED] - Delayed 2 second(s)

2018-05-21 20:29:08 - [TEST_STEP][PASSED] - Statement - out.println("BatchQty : " + batchqty): null

2018-05-21 20:29:08 - [TEST_STEP][PASSED] - Statement - out.println("RQty : " + Rqty): null

2018-05-21 20:29:08 - [TEST_STEP][PASSED] - Statement - If (java.lang.Integer.valueOf(batchqty) >= java.lang.Integer.valueOf(Rqty)): null

2018-05-21 20:29:08 - [TEST_STEP][PASSED] - Statement - Break: null

2018-05-21 20:29:08 - [TEST_STEP][PASSED] - Statement - batchlength = new com.kms.katalon.core.testobject.TestObject(): null

2018-05-21 20:29:08 - [TEST_STEP][PASSED] - Statement - batchlength = com.kms.katalon.core.webui.keyword.WebUiBuiltInKeywords.modifyObjectProperty(batchlength, "xpath", "equals", "//*[@id = "fldvendor" + row + ""]", true): Modify property of object successfully

2018-05-21 20:29:08 - [MESSAGE][PASSED] - Modify property of object successfully

2018-05-21 20:29:08 - [TEST_STEP][PASSED] - Statement - batchsize = com.kms.katalon.core.webui.keyword.WebUiBuiltInKeywords.getNumberOfTotalOption(batchlength): 11 options of object '' counted

2018-05-21 20:29:08 - [MESSAGE][PASSED] - 11 options of object '' counted

2018-05-21 20:29:08 - [TEST_STEP][PASSED] - Statement - out.println("BatchSize : " + batchsize): null

2018-05-21 20:29:08 - [TEST_STEP][PASSED] - Statement - For ([n = 1, n <= batchsize - 1, (n++)]): null

2018-05-21 20:29:08 - [TEST_STEP][PASSED] - Statement - product = new com.kms.katalon.core.testobject.TestObject(): null

2018-05-21 20:29:08 - [TEST_STEP][PASSED] - Statement - product = com.kms.katalon.core.webui.keyword.WebUiBuiltInKeywords.modifyObjectProperty(product, "xpath", "equals", "//*[@id = "fldvendor" + row + ""]", true): Modify property of object successfully

2018-05-21 20:29:08 - [MESSAGE][PASSED] - Modify property of object successfully

2018-05-21 20:29:08 - [TEST_STEP][PASSED] - selectOptionByIndex: All options with index in [1] are selected on object ''

2018-05-21 20:29:08 - [MESSAGE][PASSED] - All options with index in [1] are selected on object ''

2018-05-21 20:29:08 - [TEST_STEP][PASSED] - Statement - batch = new com.kms.katalon.core.testobject.TestObject(): null

2018-05-21 20:29:08 - [TEST_STEP][PASSED] - Statement - batch = com.kms.katalon.core.webui.keyword.WebUiBuiltInKeywords.modifyObjectProperty(batch, "xpath", "equals", "//*[@id = "txtbthqty" + row + ""]", true): Modify property of object successfully

2018-05-21 20:29:08 - [MESSAGE][PASSED] - Modify property of object successfully

2018-05-21 20:29:08 - [TEST_STEP][PASSED] - Statement - batchqty = com.kms.katalon.core.webui.keyword.WebUiBuiltInKeywords.getAttribute(batch, "value").trim(): Attribute 'value' of object '' is: '2900'

2018-05-21 20:29:08 - [MESSAGE][PASSED] - Attribute 'value' of object '' is: '2900'

2018-05-21 20:29:08 - [TEST_STEP][PASSED] - Statement - Rqty = 100: null

2018-05-21 20:29:08 - [TEST_STEP][PASSED] - delay: Delayed 2 second(s)

2018-05-21 20:29:10 - [MESSAGE][PASSED] - Delayed 2 second(s)

2018-05-21 20:29:10 - [TEST_STEP][PASSED] - Statement - out.println("BatchQty : " + batchqty): null

2018-05-21 20:29:10 - [TEST_STEP][PASSED] - Statement - out.println("RQty : " + Rqty): null

2018-05-21 20:29:10 - [TEST_STEP][PASSED] - Statement - If (java.lang.Integer.valueOf(batchqty) >= java.lang.Integer.valueOf(Rqty)): null

2018-05-21 20:29:10 - [TEST_STEP][PASSED] - Statement - Break: null

2018-05-21 20:29:10 - [TEST_STEP][PASSED] - Statement - batchlength = new com.kms.katalon.core.testobject.TestObject(): null

2018-05-21 20:29:10 - [TEST_STEP][PASSED] - Statement - batchlength = com.kms.katalon.core.webui.keyword.WebUiBuiltInKeywords.modifyObjectProperty(batchlength, "xpath", "equals", "//*[@id = "fldvendor" + row + ""]", true): Modify property of object successfully

2018-05-21 20:29:10 - [MESSAGE][PASSED] - Modify property of object successfully

2018-05-21 20:29:10 - [TEST_STEP][PASSED] - Statement - batchsize = com.kms.katalon.core.webui.keyword.WebUiBuiltInKeywords.getNumberOfTotalOption(batchlength): 11 options of object '' counted

2018-05-21 20:29:11 - [MESSAGE][PASSED] - 11 options of object '' counted

2018-05-21 20:29:11 - [TEST_STEP][PASSED] - Statement - out.println("BatchSize : " + batchsize): null

2018-05-21 20:29:11 - [TEST_STEP][PASSED] - Statement - For ([n = 1, n <= batchsize - 1, (n++)]): null

2018-05-21 20:29:11 - [TEST_STEP][PASSED] - Statement - product = new com.kms.katalon.core.testobject.TestObject(): null

2018-05-21 20:29:11 - [TEST_STEP][PASSED] - Statement - product = com.kms.katalon.core.webui.keyword.WebUiBuiltInKeywords.modifyObjectProperty(product, "xpath", "equals", "//*[@id = "fldvendor" + row + ""]", true): Modify property of object successfully

2018-05-21 20:29:11 - [MESSAGE][PASSED] - Modify property of object successfully

2018-05-21 20:29:11 - [TEST_STEP][PASSED] - selectOptionByIndex: All options with index in [1] are selected on object ''

2018-05-21 20:29:11 - [MESSAGE][PASSED] - All options with index in [1] are selected on object ''

2018-05-21 20:29:11 - [TEST_STEP][PASSED] - Statement - batch = new com.kms.katalon.core.testobject.TestObject(): null

2018-05-21 20:29:11 - [TEST_STEP][PASSED] - Statement - batch = com.kms.katalon.core.webui.keyword.WebUiBuiltInKeywords.modifyObjectProperty(batch, "xpath", "equals", "//*[@id = "txtbthqty" + row + ""]", true): Modify property of object successfully

2018-05-21 20:29:11 - [MESSAGE][PASSED] - Modify property of object successfully

2018-05-21 20:29:11 - [TEST_STEP][PASSED] - Statement - batchqty = com.kms.katalon.core.webui.keyword.WebUiBuiltInKeywords.getAttribute(batch, "value").trim(): Attribute 'value' of object '' is: '4900'

2018-05-21 20:29:11 - [MESSAGE][PASSED] - Attribute 'value' of object '' is: '4900'

2018-05-21 20:29:11 - [TEST_STEP][PASSED] - Statement - Rqty = 100: null

2018-05-21 20:29:11 - [TEST_STEP][PASSED] - delay: Delayed 2 second(s)

2018-05-21 20:29:13 - [MESSAGE][PASSED] - Delayed 2 second(s)

2018-05-21 20:29:13 - [TEST_STEP][PASSED] - Statement - out.println("BatchQty : " + batchqty): null

2018-05-21 20:29:13 - [TEST_STEP][PASSED] - Statement - out.println("RQty : " + Rqty): null

2018-05-21 20:29:13 - [TEST_STEP][PASSED] - Statement - If (java.lang.Integer.valueOf(batchqty) >= java.lang.Integer.valueOf(Rqty)): null

2018-05-21 20:29:13 - [TEST_STEP][PASSED] - Statement - Break: null

2018-05-21 20:29:13 - [TEST_STEP][PASSED] - Statement - batchlength = new com.kms.katalon.core.testobject.TestObject(): null

2018-05-21 20:29:13 - [TEST_STEP][PASSED] - Statement - batchlength = com.kms.katalon.core.webui.keyword.WebUiBuiltInKeywords.modifyObjectProperty(batchlength, "xpath", "equals", "//*[@id = "fldvendor" + row + ""]", true): Modify property of object successfully

2018-05-21 20:29:13 - [MESSAGE][PASSED] - Modify property of object successfully

2018-05-21 20:29:13 - [TEST_STEP][PASSED] - Statement - batchsize = com.kms.katalon.core.webui.keyword.WebUiBuiltInKeywords.getNumberOfTotalOption(batchlength): 11 options of object '' counted

2018-05-21 20:29:13 - [MESSAGE][PASSED] - 11 options of object '' counted

2018-05-21 20:29:13 - [TEST_STEP][PASSED] - Statement - out.println("BatchSize : " + batchsize): null

2018-05-21 20:29:13 - [TEST_STEP][PASSED] - Statement - For ([n = 1, n <= batchsize - 1, (n++)]): null

2018-05-21 20:29:13 - [TEST_STEP][PASSED] - Statement - product = new com.kms.katalon.core.testobject.TestObject(): null

2018-05-21 20:29:13 - [TEST_STEP][PASSED] - Statement - product = com.kms.katalon.core.webui.keyword.WebUiBuiltInKeywords.modifyObjectProperty(product, "xpath", "equals", "//*[@id = "fldvendor" + row + ""]", true): Modify property of object successfully

2018-05-21 20:29:13 - [MESSAGE][PASSED] - Modify property of object successfully

2018-05-21 20:29:13 - [TEST_STEP][PASSED] - selectOptionByIndex: All options with index in [1] are selected on object ''

2018-05-21 20:29:13 - [MESSAGE][PASSED] - All options with index in [1] are selected on object ''

2018-05-21 20:29:13 - [TEST_STEP][PASSED] - Statement - batch = new com.kms.katalon.core.testobject.TestObject(): null

2018-05-21 20:29:13 - [TEST_STEP][PASSED] - Statement - batch = com.kms.katalon.core.webui.keyword.WebUiBuiltInKeywords.modifyObjectProperty(batch, "xpath", "equals", "//*[@id = "txtbthqty" + row + ""]", true): Modify property of object successfully

2018-05-21 20:29:13 - [MESSAGE][PASSED] - Modify property of object successfully

2018-05-21 20:29:13 - [TEST_STEP][PASSED] - Statement - batchqty = com.kms.katalon.core.webui.keyword.WebUiBuiltInKeywords.getAttribute(batch, "value").trim(): Attribute 'value' of object '' is: '4900'

2018-05-21 20:29:13 - [MESSAGE][PASSED] - Attribute 'value' of object '' is: '4900'

2018-05-21 20:29:13 - [TEST_STEP][PASSED] - Statement - Rqty = 100: null

2018-05-21 20:29:13 - [TEST_STEP][PASSED] - delay: Delayed 2 second(s)

2018-05-21 20:29:15 - [MESSAGE][PASSED] - Delayed 2 second(s)

2018-05-21 20:29:15 - [TEST_STEP][PASSED] - Statement - out.println("BatchQty : " + batchqty): null

2018-05-21 20:29:15 - [TEST_STEP][PASSED] - Statement - out.println("RQty : " + Rqty): null

2018-05-21 20:29:15 - [TEST_STEP][PASSED] - Statement - If (java.lang.Integer.valueOf(batchqty) >= java.lang.Integer.valueOf(Rqty)): null

2018-05-21 20:29:15 - [TEST_STEP][PASSED] - Statement - Break: null

2018-05-21 20:29:15 - [TEST_STEP][PASSED] - Statement - batchlength = new com.kms.katalon.core.testobject.TestObject(): null

2018-05-21 20:29:15 - [TEST_STEP][PASSED] - Statement - batchlength = com.kms.katalon.core.webui.keyword.WebUiBuiltInKeywords.modifyObjectProperty(batchlength, "xpath", "equals", "//*[@id = "fldvendor" + row + ""]", true): Modify property of object successfully

2018-05-21 20:29:15 - [MESSAGE][PASSED] - Modify property of object successfully

2018-05-21 20:29:15 - [TEST_STEP][PASSED] - Statement - batchsize = com.kms.katalon.core.webui.keyword.WebUiBuiltInKeywords.getNumberOfTotalOption(batchlength): 11 options of object '' counted

2018-05-21 20:29:15 - [MESSAGE][PASSED] - 11 options of object '' counted

2018-05-21 20:29:15 - [TEST_STEP][PASSED] - Statement - out.println("BatchSize : " + batchsize): null

2018-05-21 20:29:15 - [TEST_STEP][PASSED] - Statement - For ([n = 1, n <= batchsize - 1, (n++)]): null

2018-05-21 20:29:15 - [TEST_STEP][PASSED] - Statement - product = new com.kms.katalon.core.testobject.TestObject(): null

2018-05-21 20:29:15 - [TEST_STEP][PASSED] - Statement - product = com.kms.katalon.core.webui.keyword.WebUiBuiltInKeywords.modifyObjectProperty(product, "xpath", "equals", "//*[@id = "fldvendor" + row + ""]", true): Modify property of object successfully

2018-05-21 20:29:15 - [MESSAGE][PASSED] - Modify property of object successfully

2018-05-21 20:29:15 - [TEST_STEP][PASSED] - selectOptionByIndex: All options with index in [1] are selected on object ''

2018-05-21 20:29:15 - [MESSAGE][PASSED] - All options with index in [1] are selected on object ''

2018-05-21 20:29:15 - [TEST_STEP][PASSED] - Statement - batch = new com.kms.katalon.core.testobject.TestObject(): null

2018-05-21 20:29:15 - [TEST_STEP][PASSED] - Statement - batch = com.kms.katalon.core.webui.keyword.WebUiBuiltInKeywords.modifyObjectProperty(batch, "xpath", "equals", "//*[@id = "txtbthqty" + row + ""]", true): Modify property of object successfully

2018-05-21 20:29:15 - [MESSAGE][PASSED] - Modify property of object successfully

2018-05-21 20:29:15 - [TEST_STEP][PASSED] - Statement - batchqty = com.kms.katalon.core.webui.keyword.WebUiBuiltInKeywords.getAttribute(batch, "value").trim(): Attribute 'value' of object '' is: '4900'

2018-05-21 20:29:15 - [MESSAGE][PASSED] - Attribute 'value' of object '' is: '4900'

2018-05-21 20:29:15 - [TEST_STEP][PASSED] - Statement - Rqty = 100: null

2018-05-21 20:29:15 - [TEST_STEP][PASSED] - delay: Delayed 2 second(s)

2018-05-21 20:29:17 - [MESSAGE][PASSED] - Delayed 2 second(s)

2018-05-21 20:29:17 - [TEST_STEP][PASSED] - Statement - out.println("BatchQty : " + batchqty): null

2018-05-21 20:29:17 - [TEST_STEP][PASSED] - Statement - out.println("RQty : " + Rqty): null

2018-05-21 20:29:17 - [TEST_STEP][PASSED] - Statement - If (java.lang.Integer.valueOf(batchqty) >= java.lang.Integer.valueOf(Rqty)): null

2018-05-21 20:29:17 - [TEST_STEP][PASSED] - Statement - Break: null

2018-05-21 20:29:17 - [TEST_STEP][PASSED] - Statement - batchlength = new com.kms.katalon.core.testobject.TestObject(): null

2018-05-21 20:29:17 - [TEST_STEP][PASSED] - Statement - batchlength = com.kms.katalon.core.webui.keyword.WebUiBuiltInKeywords.modifyObjectProperty(batchlength, "xpath", "equals", "//*[@id = "fldvendor" + row + ""]", true): Modify property of object successfully

2018-05-21 20:29:17 - [MESSAGE][PASSED] - Modify property of object successfully

2018-05-21 20:29:17 - [TEST_STEP][PASSED] - Statement - batchsize = com.kms.katalon.core.webui.keyword.WebUiBuiltInKeywords.getNumberOfTotalOption(batchlength): 11 options of object '' counted

2018-05-21 20:29:17 - [MESSAGE][PASSED] - 11 options of object '' counted

2018-05-21 20:29:17 - [TEST_STEP][PASSED] - Statement - out.println("BatchSize : " + batchsize): null

2018-05-21 20:29:17 - [TEST_STEP][PASSED] - Statement - For ([n = 1, n <= batchsize - 1, (n++)]): null

2018-05-21 20:29:17 - [TEST_STEP][PASSED] - Statement - product = new com.kms.katalon.core.testobject.TestObject(): null

2018-05-21 20:29:17 - [TEST_STEP][PASSED] - Statement - product = com.kms.katalon.core.webui.keyword.WebUiBuiltInKeywords.modifyObjectProperty(product, "xpath", "equals", "//*[@id = "fldvendor" + row + ""]", true): Modify property of object successfully

2018-05-21 20:29:17 - [MESSAGE][PASSED] - Modify property of object successfully

2018-05-21 20:29:17 - [TEST_STEP][PASSED] - selectOptionByIndex: All options with index in [1] are selected on object ''

2018-05-21 20:29:18 - [MESSAGE][PASSED] - All options with index in [1] are selected on object ''

2018-05-21 20:29:18 - [TEST_STEP][PASSED] - Statement - batch = new com.kms.katalon.core.testobject.TestObject(): null

2018-05-21 20:29:18 - [TEST_STEP][PASSED] - Statement - batch = com.kms.katalon.core.webui.keyword.WebUiBuiltInKeywords.modifyObjectProperty(batch, "xpath", "equals", "//*[@id = "txtbthqty" + row + ""]", true): Modify property of object successfully

2018-05-21 20:29:18 - [MESSAGE][PASSED] - Modify property of object successfully

2018-05-21 20:29:18 - [TEST_STEP][PASSED] - Statement - batchqty = com.kms.katalon.core.webui.keyword.WebUiBuiltInKeywords.getAttribute(batch, "value").trim(): Attribute 'value' of object '' is: '2900'

2018-05-21 20:29:18 - [MESSAGE][PASSED] - Attribute 'value' of object '' is: '2900'

2018-05-21 20:29:18 - [TEST_STEP][PASSED] - Statement - Rqty = 100: null

2018-05-21 20:29:18 - [TEST_STEP][PASSED] - delay: Delayed 2 second(s)

2018-05-21 20:29:20 - [MESSAGE][PASSED] - Delayed 2 second(s)

2018-05-21 20:29:20 - [TEST_STEP][PASSED] - Statement - out.println("BatchQty : " + batchqty): null

2018-05-21 20:29:20 - [TEST_STEP][PASSED] - Statement - out.println("RQty : " + Rqty): null

2018-05-21 20:29:20 - [TEST_STEP][PASSED] - Statement - If (java.lang.Integer.valueOf(batchqty) >= java.lang.Integer.valueOf(Rqty)): null

2018-05-21 20:29:20 - [TEST_STEP][PASSED] - Statement - Break: null

2018-05-21 20:29:20 - [TEST_STEP][PASSED] - Statement - batchlength = new com.kms.katalon.core.testobject.TestObject(): null

2018-05-21 20:29:20 - [TEST_STEP][PASSED] - Statement - batchlength = com.kms.katalon.core.webui.keyword.WebUiBuiltInKeywords.modifyObjectProperty(batchlength, "xpath", "equals", "//*[@id = "fldvendor" + row + ""]", true): Modify property of object successfully

2018-05-21 20:29:20 - [MESSAGE][PASSED] - Modify property of object successfully

2018-05-21 20:29:20 - [TEST_STEP][PASSED] - Statement - batchsize = com.kms.katalon.core.webui.keyword.WebUiBuiltInKeywords.getNumberOfTotalOption(batchlength): 11 options of object '' counted

2018-05-21 20:29:20 - [MESSAGE][PASSED] - 11 options of object '' counted

2018-05-21 20:29:20 - [TEST_STEP][PASSED] - Statement - out.println("BatchSize : " + batchsize): null

2018-05-21 20:29:20 - [TEST_STEP][PASSED] - Statement - For ([n = 1, n <= batchsize - 1, (n++)]): null

2018-05-21 20:29:20 - [TEST_STEP][PASSED] - Statement - product = new com.kms.katalon.core.testobject.TestObject(): null

2018-05-21 20:29:20 - [TEST_STEP][PASSED] - Statement - product = com.kms.katalon.core.webui.keyword.WebUiBuiltInKeywords.modifyObjectProperty(product, "xpath", "equals", "//*[@id = "fldvendor" + row + ""]", true): Modify property of object successfully

2018-05-21 20:29:20 - [MESSAGE][PASSED] - Modify property of object successfully

2018-05-21 20:29:20 - [TEST_STEP][PASSED] - selectOptionByIndex: All options with index in [1] are selected on object ''

2018-05-21 20:29:20 - [MESSAGE][PASSED] - All options with index in [1] are selected on object ''

2018-05-21 20:29:20 - [TEST_STEP][PASSED] - Statement - batch = new com.kms.katalon.core.testobject.TestObject(): null

2018-05-21 20:29:20 - [TEST_STEP][PASSED] - Statement - batch = com.kms.katalon.core.webui.keyword.WebUiBuiltInKeywords.modifyObjectProperty(batch, "xpath", "equals", "//*[@id = "txtbthqty" + row + ""]", true): Modify property of object successfully

2018-05-21 20:29:20 - [MESSAGE][PASSED] - Modify property of object successfully

2018-05-21 20:29:20 - [TEST_STEP][PASSED] - Statement - batchqty = com.kms.katalon.core.webui.keyword.WebUiBuiltInKeywords.getAttribute(batch, "value").trim(): Attribute 'value' of object '' is: '4900'

2018-05-21 20:29:20 - [MESSAGE][PASSED] - Attribute 'value' of object '' is: '4900'

2018-05-21 20:29:20 - [TEST_STEP][PASSED] - Statement - Rqty = 100: null

2018-05-21 20:29:20 - [TEST_STEP][PASSED] - delay: Delayed 2 second(s)

2018-05-21 20:29:22 - [MESSAGE][PASSED] - Delayed 2 second(s)

2018-05-21 20:29:22 - [TEST_STEP][PASSED] - Statement - out.println("BatchQty : " + batchqty): null

2018-05-21 20:29:22 - [TEST_STEP][PASSED] - Statement - out.println("RQty : " + Rqty): null

2018-05-21 20:29:22 - [TEST_STEP][PASSED] - Statement - If (java.lang.Integer.valueOf(batchqty) >= java.lang.Integer.valueOf(Rqty)): null

2018-05-21 20:29:22 - [TEST_STEP][PASSED] - Statement - Break: null

2018-05-21 20:29:22 - [TEST_STEP][PASSED] - Statement - batchlength = new com.kms.katalon.core.testobject.TestObject(): null

2018-05-21 20:29:22 - [TEST_STEP][PASSED] - Statement - batchlength = com.kms.katalon.core.webui.keyword.WebUiBuiltInKeywords.modifyObjectProperty(batchlength, "xpath", "equals", "//*[@id = "fldvendor" + row + ""]", true): Modify property of object successfully

2018-05-21 20:29:22 - [MESSAGE][PASSED] - Modify property of object successfully

2018-05-21 20:29:22 - [TEST_STEP][PASSED] - Statement - batchsize = com.kms.katalon.core.webui.keyword.WebUiBuiltInKeywords.getNumberOfTotalOption(batchlength): 11 options of object '' counted

2018-05-21 20:29:22 - [MESSAGE][PASSED] - 11 options of object '' counted

2018-05-21 20:29:22 - [TEST_STEP][PASSED] - Statement - out.println("BatchSize : " + batchsize): null

2018-05-21 20:29:22 - [TEST_STEP][PASSED] - Statement - For ([n = 1, n <= batchsize - 1, (n++)]): null

2018-05-21 20:29:22 - [TEST_STEP][PASSED] - Statement - product = new com.kms.katalon.core.testobject.TestObject(): null

2018-05-21 20:29:22 - [TEST_STEP][PASSED] - Statement - product = com.kms.katalon.core.webui.keyword.WebUiBuiltInKeywords.modifyObjectProperty(product, "xpath", "equals", "//*[@id = "fldvendor" + row + ""]", true): Modify property of object successfully

2018-05-21 20:29:22 - [MESSAGE][PASSED] - Modify property of object successfully

2018-05-21 20:29:22 - [TEST_STEP][PASSED] - selectOptionByIndex: All options with index in [1] are selected on object ''

2018-05-21 20:29:22 - [MESSAGE][PASSED] - All options with index in [1] are selected on object ''

2018-05-21 20:29:22 - [TEST_STEP][PASSED] - Statement - batch = new com.kms.katalon.core.testobject.TestObject(): null

2018-05-21 20:29:22 - [TEST_STEP][PASSED] - Statement - batch = com.kms.katalon.core.webui.keyword.WebUiBuiltInKeywords.modifyObjectProperty(batch, "xpath", "equals", "//*[@id = "txtbthqty" + row + ""]", true): Modify property of object successfully

2018-05-21 20:29:22 - [MESSAGE][PASSED] - Modify property of object successfully

2018-05-21 20:29:22 - [TEST_STEP][PASSED] - Statement - batchqty = com.kms.katalon.core.webui.keyword.WebUiBuiltInKeywords.getAttribute(batch, "value").trim(): Attribute 'value' of object '' is: '33700'

2018-05-21 20:29:22 - [MESSAGE][PASSED] - Attribute 'value' of object '' is: '33700'

2018-05-21 20:29:22 - [TEST_STEP][PASSED] - Statement - Rqty = 100: null

2018-05-21 20:29:22 - [TEST_STEP][PASSED] - delay: Delayed 2 second(s)

2018-05-21 20:29:24 - [MESSAGE][PASSED] - Delayed 2 second(s)

2018-05-21 20:29:24 - [TEST_STEP][PASSED] - Statement - out.println("BatchQty : " + batchqty): null

2018-05-21 20:29:24 - [TEST_STEP][PASSED] - Statement - out.println("RQty : " + Rqty): null

2018-05-21 20:29:24 - [TEST_STEP][PASSED] - Statement - If (java.lang.Integer.valueOf(batchqty) >= java.lang.Integer.valueOf(Rqty)): null

2018-05-21 20:29:24 - [TEST_STEP][PASSED] - Statement - Break: null

2018-05-21 20:29:24 - [TEST_STEP][PASSED] - Statement - batchlength = new com.kms.katalon.core.testobject.TestObject(): null

2018-05-21 20:29:24 - [TEST_STEP][PASSED] - Statement - batchlength = com.kms.katalon.core.webui.keyword.WebUiBuiltInKeywords.modifyObjectProperty(batchlength, "xpath", "equals", "//*[@id = "fldvendor" + row + ""]", true): Modify property of object successfully

2018-05-21 20:29:24 - [MESSAGE][PASSED] - Modify property of object successfully

2018-05-21 20:29:24 - [TEST_STEP][PASSED] - Statement - batchsize = com.kms.katalon.core.webui.keyword.WebUiBuiltInKeywords.getNumberOfTotalOption(batchlength): 11 options of object '' counted

2018-05-21 20:29:24 - [MESSAGE][PASSED] - 11 options of object '' counted

2018-05-21 20:29:24 - [TEST_STEP][PASSED] - Statement - out.println("BatchSize : " + batchsize): null

2018-05-21 20:29:24 - [TEST_STEP][PASSED] - Statement - For ([n = 1, n <= batchsize - 1, (n++)]): null

2018-05-21 20:29:24 - [TEST_STEP][PASSED] - Statement - product = new com.kms.katalon.core.testobject.TestObject(): null

2018-05-21 20:29:24 - [TEST_STEP][PASSED] - Statement - product = com.kms.katalon.core.webui.keyword.WebUiBuiltInKeywords.modifyObjectProperty(product, "xpath", "equals", "//*[@id = "fldvendor" + row + ""]", true): Modify property of object successfully

2018-05-21 20:29:24 - [MESSAGE][PASSED] - Modify property of object successfully

2018-05-21 20:29:24 - [TEST_STEP][PASSED] - selectOptionByIndex: All options with index in [1] are selected on object ''

2018-05-21 20:29:24 - [MESSAGE][PASSED] - All options with index in [1] are selected on object ''

2018-05-21 20:29:24 - [TEST_STEP][PASSED] - Statement - batch = new com.kms.katalon.core.testobject.TestObject(): null

2018-05-21 20:29:24 - [TEST_STEP][PASSED] - Statement - batch = com.kms.katalon.core.webui.keyword.WebUiBuiltInKeywords.modifyObjectProperty(batch, "xpath", "equals", "//*[@id = "txtbthqty" + row + ""]", true): Modify property of object successfully

2018-05-21 20:29:24 - [MESSAGE][PASSED] - Modify property of object successfully

2018-05-21 20:29:24 - [TEST_STEP][PASSED] - Statement - batchqty = com.kms.katalon.core.webui.keyword.WebUiBuiltInKeywords.getAttribute(batch, "value").trim(): Attribute 'value' of object '' is: '37700'

2018-05-21 20:29:24 - [MESSAGE][PASSED] - Attribute 'value' of object '' is: '37700'

2018-05-21 20:29:24 - [TEST_STEP][PASSED] - Statement - Rqty = 100: null

2018-05-21 20:29:24 - [TEST_STEP][PASSED] - delay: Delayed 2 second(s)

2018-05-21 20:29:26 - [MESSAGE][PASSED] - Delayed 2 second(s)

2018-05-21 20:29:26 - [TEST_STEP][PASSED] - Statement - out.println("BatchQty : " + batchqty): null

2018-05-21 20:29:26 - [TEST_STEP][PASSED] - Statement - out.println("RQty : " + Rqty): null

2018-05-21 20:29:26 - [TEST_STEP][PASSED] - Statement - If (java.lang.Integer.valueOf(batchqty) >= java.lang.Integer.valueOf(Rqty)): null

2018-05-21 20:29:26 - [TEST_STEP][PASSED] - Statement - Break: null

2018-05-21 20:29:26 - [TEST_STEP][PASSED] - Statement - batchlength = new com.kms.katalon.core.testobject.TestObject(): null

2018-05-21 20:29:26 - [TEST_STEP][PASSED] - Statement - batchlength = com.kms.katalon.core.webui.keyword.WebUiBuiltInKeywords.modifyObjectProperty(batchlength, "xpath", "equals", "//*[@id = "fldvendor" + row + ""]", true): Modify property of object successfully

2018-05-21 20:29:26 - [MESSAGE][PASSED] - Modify property of object successfully

2018-05-21 20:29:26 - [TEST_STEP][PASSED] - Statement - batchsize = com.kms.katalon.core.webui.keyword.WebUiBuiltInKeywords.getNumberOfTotalOption(batchlength): 11 options of object '' counted

2018-05-21 20:29:27 - [MESSAGE][PASSED] - 11 options of object '' counted

2018-05-21 20:29:27 - [TEST_STEP][PASSED] - Statement - out.println("BatchSize : " + batchsize): null

2018-05-21 20:29:27 - [TEST_STEP][PASSED] - Statement - For ([n = 1, n <= batchsize - 1, (n++)]): null

2018-05-21 20:29:27 - [TEST_STEP][PASSED] - Statement - product = new com.kms.katalon.core.testobject.TestObject(): null

2018-05-21 20:29:27 - [TEST_STEP][PASSED] - Statement - product = com.kms.katalon.core.webui.keyword.WebUiBuiltInKeywords.modifyObjectProperty(product, "xpath", "equals", "//*[@id = "fldvendor" + row + ""]", true): Modify property of object successfully

2018-05-21 20:29:27 - [MESSAGE][PASSED] - Modify property of object successfully

2018-05-21 20:29:27 - [TEST_STEP][PASSED] - selectOptionByIndex: All options with index in [1] are selected on object ''

2018-05-21 20:29:27 - [MESSAGE][PASSED] - All options with index in [1] are selected on object ''

2018-05-21 20:29:27 - [TEST_STEP][PASSED] - Statement - batch = new com.kms.katalon.core.testobject.TestObject(): null

2018-05-21 20:29:27 - [TEST_STEP][PASSED] - Statement - batch = com.kms.katalon.core.webui.keyword.WebUiBuiltInKeywords.modifyObjectProperty(batch, "xpath", "equals", "//*[@id = "txtbthqty" + row + ""]", true): Modify property of object successfully

2018-05-21 20:29:27 - [MESSAGE][PASSED] - Modify property of object successfully

2018-05-21 20:29:27 - [TEST_STEP][PASSED] - Statement - batchqty = com.kms.katalon.core.webui.keyword.WebUiBuiltInKeywords.getAttribute(batch, "value").trim(): Attribute 'value' of object '' is: '4900'

2018-05-21 20:29:27 - [MESSAGE][PASSED] - Attribute 'value' of object '' is: '4900'

2018-05-21 20:29:27 - [TEST_STEP][PASSED] - Statement - Rqty = 100: null

2018-05-21 20:29:27 - [TEST_STEP][PASSED] - delay: Delayed 2 second(s)

2018-05-21 20:29:29 - [MESSAGE][PASSED] - Delayed 2 second(s)

2018-05-21 20:29:29 - [TEST_STEP][PASSED] - Statement - out.println("BatchQty : " + batchqty): null

2018-05-21 20:29:29 - [TEST_STEP][PASSED] - Statement - out.println("RQty : " + Rqty): null

2018-05-21 20:29:29 - [TEST_STEP][PASSED] - Statement - If (java.lang.Integer.valueOf(batchqty) >= java.lang.Integer.valueOf(Rqty)): null

2018-05-21 20:29:29 - [TEST_STEP][PASSED] - Statement - Break: null

2018-05-21 20:29:29 - [TEST_STEP][PASSED] - Statement - batchlength = new com.kms.katalon.core.testobject.TestObject(): null

2018-05-21 20:29:29 - [TEST_STEP][PASSED] - Statement - batchlength = com.kms.katalon.core.webui.keyword.WebUiBuiltInKeywords.modifyObjectProperty(batchlength, "xpath", "equals", "//*[@id = "fldvendor" + row + ""]", true): Modify property of object successfully

2018-05-21 20:29:29 - [MESSAGE][PASSED] - Modify property of object successfully

2018-05-21 20:29:29 - [TEST_STEP][PASSED] - Statement - batchsize = com.kms.katalon.core.webui.keyword.WebUiBuiltInKeywords.getNumberOfTotalOption(batchlength): 11 options of object '' counted

2018-05-21 20:29:29 - [MESSAGE][PASSED] - 11 options of object '' counted

2018-05-21 20:29:29 - [TEST_STEP][PASSED] - Statement - out.println("BatchSize : " + batchsize): null

2018-05-21 20:29:29 - [TEST_STEP][PASSED] - Statement - For ([n = 1, n <= batchsize - 1, (n++)]): null

2018-05-21 20:29:29 - [TEST_STEP][PASSED] - Statement - product = new com.kms.katalon.core.testobject.TestObject(): null

2018-05-21 20:29:29 - [TEST_STEP][PASSED] - Statement - product = com.kms.katalon.core.webui.keyword.WebUiBuiltInKeywords.modifyObjectProperty(product, "xpath", "equals", "//*[@id = "fldvendor" + row + ""]", true): Modify property of object successfully

2018-05-21 20:29:29 - [MESSAGE][PASSED] - Modify property of object successfully

2018-05-21 20:29:29 - [TEST_STEP][PASSED] - selectOptionByIndex: All options with index in [1] are selected on object ''

2018-05-21 20:29:29 - [MESSAGE][PASSED] - All options with index in [1] are selected on object ''

2018-05-21 20:29:29 - [TEST_STEP][PASSED] - Statement - batch = new com.kms.katalon.core.testobject.TestObject(): null

2018-05-21 20:29:29 - [TEST_STEP][PASSED] - Statement - batch = com.kms.katalon.core.webui.keyword.WebUiBuiltInKeywords.modifyObjectProperty(batch, "xpath", "equals", "//*[@id = "txtbthqty" + row + ""]", true): Modify property of object successfully

2018-05-21 20:29:29 - [MESSAGE][PASSED] - Modify property of object successfully

2018-05-21 20:29:29 - [TEST_STEP][PASSED] - Statement - batchqty = com.kms.katalon.core.webui.keyword.WebUiBuiltInKeywords.getAttribute(batch, "value").trim(): Attribute 'value' of object '' is: '3900'

2018-05-21 20:29:29 - [MESSAGE][PASSED] - Attribute 'value' of object '' is: '3900'

2018-05-21 20:29:29 - [TEST_STEP][PASSED] - Statement - Rqty = 100: null

2018-05-21 20:29:29 - [TEST_STEP][PASSED] - delay: Delayed 2 second(s)

2018-05-21 20:29:31 - [MESSAGE][PASSED] - Delayed 2 second(s)

2018-05-21 20:29:31 - [TEST_STEP][PASSED] - Statement - out.println("BatchQty : " + batchqty): null

2018-05-21 20:29:31 - [TEST_STEP][PASSED] - Statement - out.println("RQty : " + Rqty): null

2018-05-21 20:29:31 - [TEST_STEP][PASSED] - Statement - If (java.lang.Integer.valueOf(batchqty) >= java.lang.Integer.valueOf(Rqty)): null

2018-05-21 20:29:31 - [TEST_STEP][PASSED] - Statement - Break: null

2018-05-21 20:29:31 - [TEST_STEP][PASSED] - Statement - batchlength = new com.kms.katalon.core.testobject.TestObject(): null

2018-05-21 20:29:31 - [TEST_STEP][PASSED] - Statement - batchlength = com.kms.katalon.core.webui.keyword.WebUiBuiltInKeywords.modifyObjectProperty(batchlength, "xpath", "equals", "//*[@id = "fldvendor" + row + ""]", true): Modify property of object successfully

2018-05-21 20:29:31 - [MESSAGE][PASSED] - Modify property of object successfully

2018-05-21 20:29:31 - [TEST_STEP][PASSED] - Statement - batchsize = com.kms.katalon.core.webui.keyword.WebUiBuiltInKeywords.getNumberOfTotalOption(batchlength): 11 options of object '' counted

2018-05-21 20:29:31 - [MESSAGE][PASSED] - 11 options of object '' counted

2018-05-21 20:29:31 - [TEST_STEP][PASSED] - Statement - out.println("BatchSize : " + batchsize): null

2018-05-21 20:29:31 - [TEST_STEP][PASSED] - Statement - For ([n = 1, n <= batchsize - 1, (n++)]): null

2018-05-21 20:29:31 - [TEST_STEP][PASSED] - Statement - product = new com.kms.katalon.core.testobject.TestObject(): null

2018-05-21 20:29:31 - [TEST_STEP][PASSED] - Statement - product = com.kms.katalon.core.webui.keyword.WebUiBuiltInKeywords.modifyObjectProperty(product, "xpath", "equals", "//*[@id = "fldvendor" + row + ""]", true): Modify property of object successfully

2018-05-21 20:29:31 - [MESSAGE][PASSED] - Modify property of object successfully

2018-05-21 20:29:31 - [TEST_STEP][PASSED] - selectOptionByIndex: All options with index in [1] are selected on object ''

2018-05-21 20:29:31 - [MESSAGE][PASSED] - All options with index in [1] are selected on object ''

2018-05-21 20:29:31 - [TEST_STEP][PASSED] - Statement - batch = new com.kms.katalon.core.testobject.TestObject(): null

2018-05-21 20:29:31 - [TEST_STEP][PASSED] - Statement - batch = com.kms.katalon.core.webui.keyword.WebUiBuiltInKeywords.modifyObjectProperty(batch, "xpath", "equals", "//*[@id = "txtbthqty" + row + ""]", true): Modify property of object successfully

2018-05-21 20:29:31 - [MESSAGE][PASSED] - Modify property of object successfully

2018-05-21 20:29:31 - [TEST_STEP][PASSED] - Statement - batchqty = com.kms.katalon.core.webui.keyword.WebUiBuiltInKeywords.getAttribute(batch, "value").trim(): Attribute 'value' of object '' is: '37700'

2018-05-21 20:29:31 - [MESSAGE][PASSED] - Attribute 'value' of object '' is: '37700'

2018-05-21 20:29:31 - [TEST_STEP][PASSED] - Statement - Rqty = 100: null

2018-05-21 20:29:31 - [TEST_STEP][PASSED] - delay: Delayed 2 second(s)

2018-05-21 20:29:33 - [MESSAGE][PASSED] - Delayed 2 second(s)

2018-05-21 20:29:33 - [TEST_STEP][PASSED] - Statement - out.println("BatchQty : " + batchqty): null

2018-05-21 20:29:33 - [TEST_STEP][PASSED] - Statement - out.println("RQty : " + Rqty): null

2018-05-21 20:29:33 - [TEST_STEP][PASSED] - Statement - If (java.lang.Integer.valueOf(batchqty) >= java.lang.Integer.valueOf(Rqty)): null

2018-05-21 20:29:33 - [TEST_STEP][PASSED] - Statement - Break: null

2018-05-21 20:29:33 - [TEST_STEP][PASSED] - Statement - batchlength = new com.kms.katalon.core.testobject.TestObject(): null

2018-05-21 20:29:33 - [TEST_STEP][PASSED] - Statement - batchlength = com.kms.katalon.core.webui.keyword.WebUiBuiltInKeywords.modifyObjectProperty(batchlength, "xpath", "equals", "//*[@id = "fldvendor" + row + ""]", true): Modify property of object successfully

2018-05-21 20:29:33 - [MESSAGE][PASSED] - Modify property of object successfully

2018-05-21 20:29:33 - [TEST_STEP][PASSED] - Statement - batchsize = com.kms.katalon.core.webui.keyword.WebUiBuiltInKeywords.getNumberOfTotalOption(batchlength): 11 options of object '' counted

2018-05-21 20:29:33 - [MESSAGE][PASSED] - 11 options of object '' counted

2018-05-21 20:29:33 - [TEST_STEP][PASSED] - Statement - out.println("BatchSize : " + batchsize): null

2018-05-21 20:29:33 - [TEST_STEP][PASSED] - Statement - For ([n = 1, n <= batchsize - 1, (n++)]): null

2018-05-21 20:29:33 - [TEST_STEP][PASSED] - Statement - product = new com.kms.katalon.core.testobject.TestObject(): null

2018-05-21 20:29:33 - [TEST_STEP][PASSED] - Statement - product = com.kms.katalon.core.webui.keyword.WebUiBuiltInKeywords.modifyObjectProperty(product, "xpath", "equals", "//*[@id = "fldvendor" + row + ""]", true): Modify property of object successfully

2018-05-21 20:29:33 - [MESSAGE][PASSED] - Modify property of object successfully

2018-05-21 20:29:33 - [TEST_STEP][PASSED] - selectOptionByIndex: All options with index in [1] are selected on object ''

2018-05-21 20:29:33 - [MESSAGE][PASSED] - All options with index in [1] are selected on object ''

2018-05-21 20:29:33 - [TEST_STEP][PASSED] - Statement - batch = new com.kms.katalon.core.testobject.TestObject(): null

2018-05-21 20:29:33 - [TEST_STEP][PASSED] - Statement - batch = com.kms.katalon.core.webui.keyword.WebUiBuiltInKeywords.modifyObjectProperty(batch, "xpath", "equals", "//*[@id = "txtbthqty" + row + ""]", true): Modify property of object successfully

2018-05-21 20:29:33 - [MESSAGE][PASSED] - Modify property of object successfully

2018-05-21 20:29:33 - [TEST_STEP][PASSED] - Statement - batchqty = com.kms.katalon.core.webui.keyword.WebUiBuiltInKeywords.getAttribute(batch, "value").trim(): Attribute 'value' of object '' is: '3900'

2018-05-21 20:29:34 - [MESSAGE][PASSED] - Attribute 'value' of object '' is: '3900'

2018-05-21 20:29:34 - [TEST_STEP][PASSED] - Statement - Rqty = 100: null

2018-05-21 20:29:34 - [TEST_STEP][PASSED] - delay: Delayed 2 second(s)

2018-05-21 20:29:36 - [MESSAGE][PASSED] - Delayed 2 second(s)

2018-05-21 20:29:36 - [TEST_STEP][PASSED] - Statement - out.println("BatchQty : " + batchqty): null

2018-05-21 20:29:36 - [TEST_STEP][PASSED] - Statement - out.println("RQty : " + Rqty): null

2018-05-21 20:29:36 - [TEST_STEP][PASSED] - Statement - If (java.lang.Integer.valueOf(batchqty) >= java.lang.Integer.valueOf(Rqty)): null

2018-05-21 20:29:36 - [TEST_STEP][PASSED] - Statement - Break: null

2018-05-21 20:29:36 - [TEST_STEP][PASSED] - Statement - batchlength = new com.kms.katalon.core.testobject.TestObject(): null

2018-05-21 20:29:36 - [TEST_STEP][PASSED] - Statement - batchlength = com.kms.katalon.core.webui.keyword.WebUiBuiltInKeywords.modifyObjectProperty(batchlength, "xpath", "equals", "//*[@id = "fldvendor" + row + ""]", true): Modify property of object successfully

2018-05-21 20:29:36 - [MESSAGE][PASSED] - Modify property of object successfully

2018-05-21 20:29:36 - [TEST_STEP][PASSED] - Statement - batchsize = com.kms.katalon.core.webui.keyword.WebUiBuiltInKeywords.getNumberOfTotalOption(batchlength): 11 options of object '' counted

2018-05-21 20:29:36 - [MESSAGE][PASSED] - 11 options of object '' counted

2018-05-21 20:29:36 - [TEST_STEP][PASSED] - Statement - out.println("BatchSize : " + batchsize): null

2018-05-21 20:29:36 - [TEST_STEP][PASSED] - Statement - For ([n = 1, n <= batchsize - 1, (n++)]): null

2018-05-21 20:29:36 - [TEST_STEP][PASSED] - Statement - product = new com.kms.katalon.core.testobject.TestObject(): null

2018-05-21 20:29:36 - [TEST_STEP][PASSED] - Statement - product = com.kms.katalon.core.webui.keyword.WebUiBuiltInKeywords.modifyObjectProperty(product, "xpath", "equals", "//*[@id = "fldvendor" + row + ""]", true): Modify property of object successfully

2018-05-21 20:29:36 - [MESSAGE][PASSED] - Modify property of object successfully

2018-05-21 20:29:36 - [TEST_STEP][PASSED] - selectOptionByIndex: All options with index in [1] are selected on object ''

2018-05-21 20:29:36 - [MESSAGE][PASSED] - All options with index in [1] are selected on object ''

2018-05-21 20:29:36 - [TEST_STEP][PASSED] - Statement - batch = new com.kms.katalon.core.testobject.TestObject(): null

2018-05-21 20:29:36 - [TEST_STEP][PASSED] - Statement - batch = com.kms.katalon.core.webui.keyword.WebUiBuiltInKeywords.modifyObjectProperty(batch, "xpath", "equals", "//*[@id = "txtbthqty" + row + ""]", true): Modify property of object successfully

2018-05-21 20:29:36 - [MESSAGE][PASSED] - Modify property of object successfully

2018-05-21 20:29:36 - [TEST_STEP][PASSED] - Statement - batchqty = com.kms.katalon.core.webui.keyword.WebUiBuiltInKeywords.getAttribute(batch, "value").trim(): Attribute 'value' of object '' is: '4900'

2018-05-21 20:29:36 - [MESSAGE][PASSED] - Attribute 'value' of object '' is: '4900'

2018-05-21 20:29:36 - [TEST_STEP][PASSED] - Statement - Rqty = 100: null

2018-05-21 20:29:36 - [TEST_STEP][PASSED] - delay: Delayed 2 second(s)

2018-05-21 20:29:38 - [MESSAGE][PASSED] - Delayed 2 second(s)

2018-05-21 20:29:38 - [TEST_STEP][PASSED] - Statement - out.println("BatchQty : " + batchqty): null

2018-05-21 20:29:38 - [TEST_STEP][PASSED] - Statement - out.println("RQty : " + Rqty): null

2018-05-21 20:29:38 - [TEST_STEP][PASSED] - Statement - If (java.lang.Integer.valueOf(batchqty) >= java.lang.Integer.valueOf(Rqty)): null

2018-05-21 20:29:38 - [TEST_STEP][PASSED] - Statement - Break: null

2018-05-21 20:29:38 - [TEST_STEP][PASSED] - Statement - batchlength = new com.kms.katalon.core.testobject.TestObject(): null

2018-05-21 20:29:38 - [TEST_STEP][PASSED] - Statement - batchlength = com.kms.katalon.core.webui.keyword.WebUiBuiltInKeywords.modifyObjectProperty(batchlength, "xpath", "equals", "//*[@id = "fldvendor" + row + ""]", true): Modify property of object successfully

2018-05-21 20:29:38 - [MESSAGE][PASSED] - Modify property of object successfully

2018-05-21 20:29:38 - [TEST_STEP][PASSED] - Statement - batchsize = com.kms.katalon.core.webui.keyword.WebUiBuiltInKeywords.getNumberOfTotalOption(batchlength): 11 options of object '' counted

2018-05-21 20:29:38 - [MESSAGE][PASSED] - 11 options of object '' counted

2018-05-21 20:29:38 - [TEST_STEP][PASSED] - Statement - out.println("BatchSize : " + batchsize): null

2018-05-21 20:29:38 - [TEST_STEP][PASSED] - Statement - For ([n = 1, n <= batchsize - 1, (n++)]): null

2018-05-21 20:29:38 - [TEST_STEP][PASSED] - Statement - product = new com.kms.katalon.core.testobject.TestObject(): null

2018-05-21 20:29:38 - [TEST_STEP][PASSED] - Statement - product = com.kms.katalon.core.webui.keyword.WebUiBuiltInKeywords.modifyObjectProperty(product, "xpath", "equals", "//*[@id = "fldvendor" + row + ""]", true): Modify property of object successfully

2018-05-21 20:29:38 - [MESSAGE][PASSED] - Modify property of object successfully

2018-05-21 20:29:38 - [TEST_STEP][PASSED] - selectOptionByIndex: All options with index in [1] are selected on object ''

2018-05-21 20:29:38 - [MESSAGE][PASSED] - All options with index in [1] are selected on object ''

2018-05-21 20:29:38 - [TEST_STEP][PASSED] - Statement - batch = new com.kms.katalon.core.testobject.TestObject(): null

2018-05-21 20:29:38 - [TEST_STEP][PASSED] - Statement - batch = com.kms.katalon.core.webui.keyword.WebUiBuiltInKeywords.modifyObjectProperty(batch, "xpath", "equals", "//*[@id = "txtbthqty" + row + ""]", true): Modify property of object successfully

2018-05-21 20:29:38 - [MESSAGE][PASSED] - Modify property of object successfully

2018-05-21 20:29:38 - [TEST_STEP][PASSED] - Statement - batchqty = com.kms.katalon.core.webui.keyword.WebUiBuiltInKeywords.getAttribute(batch, "value").trim(): Attribute 'value' of object '' is: '3900'

2018-05-21 20:29:38 - [MESSAGE][PASSED] - Attribute 'value' of object '' is: '3900'

2018-05-21 20:29:38 - [TEST_STEP][PASSED] - Statement - Rqty = 100: null

2018-05-21 20:29:38 - [TEST_STEP][PASSED] - delay: Delayed 2 second(s)

2018-05-21 20:29:40 - [MESSAGE][PASSED] - Delayed 2 second(s)

2018-05-21 20:29:40 - [TEST_STEP][PASSED] - Statement - out.println("BatchQty : " + batchqty): null

2018-05-21 20:29:40 - [TEST_STEP][PASSED] - Statement - out.println("RQty : " + Rqty): null

2018-05-21 20:29:40 - [TEST_STEP][PASSED] - Statement - If (java.lang.Integer.valueOf(batchqty) >= java.lang.Integer.valueOf(Rqty)): null

2018-05-21 20:29:40 - [TEST_STEP][PASSED] - Statement - Break: null

2018-05-21 20:29:40 - [TEST_STEP][PASSED] - Statement - batchlength = new com.kms.katalon.core.testobject.TestObject(): null

2018-05-21 20:29:40 - [TEST_STEP][PASSED] - Statement - batchlength = com.kms.katalon.core.webui.keyword.WebUiBuiltInKeywords.modifyObjectProperty(batchlength, "xpath", "equals", "//*[@id = "fldvendor" + row + ""]", true): Modify property of object successfully

2018-05-21 20:29:40 - [MESSAGE][PASSED] - Modify property of object successfully

2018-05-21 20:29:40 - [TEST_STEP][PASSED] - Statement - batchsize = com.kms.katalon.core.webui.keyword.WebUiBuiltInKeywords.getNumberOfTotalOption(batchlength): 11 options of object '' counted

2018-05-21 20:29:40 - [MESSAGE][PASSED] - 11 options of object '' counted

2018-05-21 20:29:40 - [TEST_STEP][PASSED] - Statement - out.println("BatchSize : " + batchsize): null

2018-05-21 20:29:40 - [TEST_STEP][PASSED] - Statement - For ([n = 1, n <= batchsize - 1, (n++)]): null

2018-05-21 20:29:40 - [TEST_STEP][PASSED] - Statement - product = new com.kms.katalon.core.testobject.TestObject(): null

2018-05-21 20:29:40 - [TEST_STEP][PASSED] - Statement - product = com.kms.katalon.core.webui.keyword.WebUiBuiltInKeywords.modifyObjectProperty(product, "xpath", "equals", "//*[@id = "fldvendor" + row + ""]", true): Modify property of object successfully

2018-05-21 20:29:40 - [MESSAGE][PASSED] - Modify property of object successfully

2018-05-21 20:29:40 - [TEST_STEP][PASSED] - selectOptionByIndex: All options with index in [1] are selected on object ''

2018-05-21 20:29:40 - [MESSAGE][PASSED] - All options with index in [1] are selected on object ''

2018-05-21 20:29:40 - [TEST_STEP][PASSED] - Statement - batch = new com.kms.katalon.core.testobject.TestObject(): null

2018-05-21 20:29:40 - [TEST_STEP][PASSED] - Statement - batch = com.kms.katalon.core.webui.keyword.WebUiBuiltInKeywords.modifyObjectProperty(batch, "xpath", "equals", "//*[@id = "txtbthqty" + row + ""]", true): Modify property of object successfully

2018-05-21 20:29:40 - [MESSAGE][PASSED] - Modify property of object successfully

2018-05-21 20:29:40 - [TEST_STEP][PASSED] - Statement - batchqty = com.kms.katalon.core.webui.keyword.WebUiBuiltInKeywords.getAttribute(batch, "value").trim(): Attribute 'value' of object '' is: '4900'

2018-05-21 20:29:40 - [MESSAGE][PASSED] - Attribute 'value' of object '' is: '4900'

2018-05-21 20:29:40 - [TEST_STEP][PASSED] - Statement - Rqty = 100: null

2018-05-21 20:29:40 - [TEST_STEP][PASSED] - delay: Delayed 2 second(s)

2018-05-21 20:29:42 - [MESSAGE][PASSED] - Delayed 2 second(s)

2018-05-21 20:29:42 - [TEST_STEP][PASSED] - Statement - out.println("BatchQty : " + batchqty): null

2018-05-21 20:29:42 - [TEST_STEP][PASSED] - Statement - out.println("RQty : " + Rqty): null

2018-05-21 20:29:42 - [TEST_STEP][PASSED] - Statement - If (java.lang.Integer.valueOf(batchqty) >= java.lang.Integer.valueOf(Rqty)): null

2018-05-21 20:29:42 - [TEST_STEP][PASSED] - Statement - Break: null

2018-05-21 20:29:42 - [TEST_STEP][PASSED] - Statement - batchlength = new com.kms.katalon.core.testobject.TestObject(): null

2018-05-21 20:29:42 - [TEST_STEP][PASSED] - Statement - batchlength = com.kms.katalon.core.webui.keyword.WebUiBuiltInKeywords.modifyObjectProperty(batchlength, "xpath", "equals", "//*[@id = "fldvendor" + row + ""]", true): Modify property of object successfully

2018-05-21 20:29:42 - [MESSAGE][PASSED] - Modify property of object successfully

2018-05-21 20:29:42 - [TEST_STEP][PASSED] - Statement - batchsize = com.kms.katalon.core.webui.keyword.WebUiBuiltInKeywords.getNumberOfTotalOption(batchlength): 11 options of object '' counted

2018-05-21 20:29:42 - [MESSAGE][PASSED] - 11 options of object '' counted

2018-05-21 20:29:42 - [TEST_STEP][PASSED] - Statement - out.println("BatchSize : " + batchsize): null

2018-05-21 20:29:42 - [TEST_STEP][PASSED] - Statement - For ([n = 1, n <= batchsize - 1, (n++)]): null

2018-05-21 20:29:42 - [TEST_STEP][PASSED] - Statement - product = new com.kms.katalon.core.testobject.TestObject(): null

2018-05-21 20:29:42 - [TEST_STEP][PASSED] - Statement - product = com.kms.katalon.core.webui.keyword.WebUiBuiltInKeywords.modifyObjectProperty(product, "xpath", "equals", "//*[@id = "fldvendor" + row + ""]", true): Modify property of object successfully

2018-05-21 20:29:42 - [MESSAGE][PASSED] - Modify property of object successfully

2018-05-21 20:29:42 - [TEST_STEP][PASSED] - selectOptionByIndex: All options with index in [1] are selected on object ''

2018-05-21 20:29:43 - [MESSAGE][PASSED] - All options with index in [1] are selected on object ''

2018-05-21 20:29:43 - [TEST_STEP][PASSED] - Statement - batch = new com.kms.katalon.core.testobject.TestObject(): null

2018-05-21 20:29:43 - [TEST_STEP][PASSED] - Statement - batch = com.kms.katalon.core.webui.keyword.WebUiBuiltInKeywords.modifyObjectProperty(batch, "xpath", "equals", "//*[@id = "txtbthqty" + row + ""]", true): Modify property of object successfully

2018-05-21 20:29:43 - [MESSAGE][PASSED] - Modify property of object successfully

2018-05-21 20:29:43 - [TEST_STEP][PASSED] - Statement - batchqty = com.kms.katalon.core.webui.keyword.WebUiBuiltInKeywords.getAttribute(batch, "value").trim(): Attribute 'value' of object '' is: '3900'

2018-05-21 20:29:43 - [MESSAGE][PASSED] - Attribute 'value' of object '' is: '3900'

2018-05-21 20:29:43 - [TEST_STEP][PASSED] - Statement - Rqty = 100: null

2018-05-21 20:29:43 - [TEST_STEP][PASSED] - delay: Delayed 2 second(s)

2018-05-21 20:29:45 - [MESSAGE][PASSED] - Delayed 2 second(s)

2018-05-21 20:29:45 - [TEST_STEP][PASSED] - Statement - out.println("BatchQty : " + batchqty): null

2018-05-21 20:29:45 - [TEST_STEP][PASSED] - Statement - out.println("RQty : " + Rqty): null

2018-05-21 20:29:45 - [TEST_STEP][PASSED] - Statement - If (java.lang.Integer.valueOf(batchqty) >= java.lang.Integer.valueOf(Rqty)): null

2018-05-21 20:29:45 - [TEST_STEP][PASSED] - Statement - Break: null

2018-05-21 20:29:45 - [TEST_STEP][PASSED] - Statement - batchlength = new com.kms.katalon.core.testobject.TestObject(): null

2018-05-21 20:29:45 - [TEST_STEP][PASSED] - Statement - batchlength = com.kms.katalon.core.webui.keyword.WebUiBuiltInKeywords.modifyObjectProperty(batchlength, "xpath", "equals", "//*[@id = "fldvendor" + row + ""]", true): Modify property of object successfully

2018-05-21 20:29:45 - [MESSAGE][PASSED] - Modify property of object successfully

2018-05-21 20:29:45 - [TEST_STEP][PASSED] - Statement - batchsize = com.kms.katalon.core.webui.keyword.WebUiBuiltInKeywords.getNumberOfTotalOption(batchlength): 11 options of object '' counted

2018-05-21 20:29:45 - [MESSAGE][PASSED] - 11 options of object '' counted

2018-05-21 20:29:45 - [TEST_STEP][PASSED] - Statement - out.println("BatchSize : " + batchsize): null

2018-05-21 20:29:45 - [TEST_STEP][PASSED] - Statement - For ([n = 1, n <= batchsize - 1, (n++)]): null

2018-05-21 20:29:45 - [TEST_STEP][PASSED] - Statement - product = new com.kms.katalon.core.testobject.TestObject(): null

2018-05-21 20:29:45 - [TEST_STEP][PASSED] - Statement - product = com.kms.katalon.core.webui.keyword.WebUiBuiltInKeywords.modifyObjectProperty(product, "xpath", "equals", "//*[@id = "fldvendor" + row + ""]", true): Modify property of object successfully

2018-05-21 20:29:45 - [MESSAGE][PASSED] - Modify property of object successfully

2018-05-21 20:29:45 - [TEST_STEP][PASSED] - selectOptionByIndex: All options with index in [1] are selected on object ''

2018-05-21 20:29:45 - [MESSAGE][PASSED] - All options with index in [1] are selected on object ''

2018-05-21 20:29:45 - [TEST_STEP][PASSED] - Statement - batch = new com.kms.katalon.core.testobject.TestObject(): null

2018-05-21 20:29:45 - [TEST_STEP][PASSED] - Statement - batch = com.kms.katalon.core.webui.keyword.WebUiBuiltInKeywords.modifyObjectProperty(batch, "xpath", "equals", "//*[@id = "txtbthqty" + row + ""]", true): Modify property of object successfully

2018-05-21 20:29:45 - [MESSAGE][PASSED] - Modify property of object successfully

2018-05-21 20:29:45 - [TEST_STEP][PASSED] - Statement - batchqty = com.kms.katalon.core.webui.keyword.WebUiBuiltInKeywords.getAttribute(batch, "value").trim(): Attribute 'value' of object '' is: '4900'

2018-05-21 20:29:45 - [MESSAGE][PASSED] - Attribute 'value' of object '' is: '4900'

2018-05-21 20:29:45 - [TEST_STEP][PASSED] - Statement - Rqty = 100: null

2018-05-21 20:29:45 - [TEST_STEP][PASSED] - delay: Delayed 2 second(s)

2018-05-21 20:29:47 - [MESSAGE][PASSED] - Delayed 2 second(s)

2018-05-21 20:29:47 - [TEST_STEP][PASSED] - Statement - out.println("BatchQty : " + batchqty): null

2018-05-21 20:29:47 - [TEST_STEP][PASSED] - Statement - out.println("RQty : " + Rqty): null

2018-05-21 20:29:47 - [TEST_STEP][PASSED] - Statement - If (java.lang.Integer.valueOf(batchqty) >= java.lang.Integer.valueOf(Rqty)): null

2018-05-21 20:29:47 - [TEST_STEP][PASSED] - Statement - Break: null

2018-05-21 20:29:47 - [TEST_STEP][PASSED] - Statement - batchlength = new com.kms.katalon.core.testobject.TestObject(): null

2018-05-21 20:29:47 - [TEST_STEP][PASSED] - Statement - batchlength = com.kms.katalon.core.webui.keyword.WebUiBuiltInKeywords.modifyObjectProperty(batchlength, "xpath", "equals", "//*[@id = "fldvendor" + row + ""]", true): Modify property of object successfully

2018-05-21 20:29:47 - [MESSAGE][PASSED] - Modify property of object successfully

2018-05-21 20:29:47 - [TEST_STEP][PASSED] - Statement - batchsize = com.kms.katalon.core.webui.keyword.WebUiBuiltInKeywords.getNumberOfTotalOption(batchlength): 11 options of object '' counted

2018-05-21 20:29:47 - [MESSAGE][PASSED] - 11 options of object '' counted

2018-05-21 20:29:47 - [TEST_STEP][PASSED] - Statement - out.println("BatchSize : " + batchsize): null

2018-05-21 20:29:47 - [TEST_STEP][PASSED] - Statement - For ([n = 1, n <= batchsize - 1, (n++)]): null

2018-05-21 20:29:47 - [TEST_STEP][PASSED] - Statement - product = new com.kms.katalon.core.testobject.TestObject(): null

2018-05-21 20:29:47 - [TEST_STEP][PASSED] - Statement - product = com.kms.katalon.core.webui.keyword.WebUiBuiltInKeywords.modifyObjectProperty(product, "xpath", "equals", "//*[@id = "fldvendor" + row + ""]", true): Modify property of object successfully

2018-05-21 20:29:47 - [MESSAGE][PASSED] - Modify property of object successfully

2018-05-21 20:29:47 - [TEST_STEP][PASSED] - selectOptionByIndex: All options with index in [1] are selected on object ''

2018-05-21 20:29:47 - [MESSAGE][PASSED] - All options with index in [1] are selected on object ''

2018-05-21 20:29:47 - [TEST_STEP][PASSED] - Statement - batch = new com.kms.katalon.core.testobject.TestObject(): null

2018-05-21 20:29:47 - [TEST_STEP][PASSED] - Statement - batch = com.kms.katalon.core.webui.keyword.WebUiBuiltInKeywords.modifyObjectProperty(batch, "xpath", "equals", "//*[@id = "txtbthqty" + row + ""]", true): Modify property of object successfully

2018-05-21 20:29:47 - [MESSAGE][PASSED] - Modify property of object successfully

2018-05-21 20:29:47 - [TEST_STEP][PASSED] - Statement - batchqty = com.kms.katalon.core.webui.keyword.WebUiBuiltInKeywords.getAttribute(batch, "value").trim(): Attribute 'value' of object '' is: '400'

2018-05-21 20:29:47 - [MESSAGE][PASSED] - Attribute 'value' of object '' is: '400'

2018-05-21 20:29:47 - [TEST_STEP][PASSED] - Statement - Rqty = 100: null

2018-05-21 20:29:47 - [TEST_STEP][PASSED] - delay: Delayed 2 second(s)

2018-05-21 20:29:49 - [MESSAGE][PASSED] - Delayed 2 second(s)

2018-05-21 20:29:49 - [TEST_STEP][PASSED] - Statement - out.println("BatchQty : " + batchqty): null

2018-05-21 20:29:49 - [TEST_STEP][PASSED] - Statement - out.println("RQty : " + Rqty): null

2018-05-21 20:29:49 - [TEST_STEP][PASSED] - Statement - If (java.lang.Integer.valueOf(batchqty) >= java.lang.Integer.valueOf(Rqty)): null

2018-05-21 20:29:49 - [TEST_STEP][PASSED] - Statement - Break: null

2018-05-21 20:29:49 - [TEST_STEP][PASSED] - Statement - batchlength = new com.kms.katalon.core.testobject.TestObject(): null

2018-05-21 20:29:49 - [TEST_STEP][PASSED] - Statement - batchlength = com.kms.katalon.core.webui.keyword.WebUiBuiltInKeywords.modifyObjectProperty(batchlength, "xpath", "equals", "//*[@id = "fldvendor" + row + ""]", true): Modify property of object successfully

2018-05-21 20:29:49 - [MESSAGE][PASSED] - Modify property of object successfully

2018-05-21 20:29:49 - [TEST_STEP][PASSED] - Statement - batchsize = com.kms.katalon.core.webui.keyword.WebUiBuiltInKeywords.getNumberOfTotalOption(batchlength): 11 options of object '' counted

2018-05-21 20:29:49 - [MESSAGE][PASSED] - 11 options of object '' counted

2018-05-21 20:29:49 - [TEST_STEP][PASSED] - Statement - out.println("BatchSize : " + batchsize): null

2018-05-21 20:29:49 - [TEST_STEP][PASSED] - Statement - For ([n = 1, n <= batchsize - 1, (n++)]): null

2018-05-21 20:29:49 - [TEST_STEP][PASSED] - Statement - product = new com.kms.katalon.core.testobject.TestObject(): null

2018-05-21 20:29:49 - [TEST_STEP][PASSED] - Statement - product = com.kms.katalon.core.webui.keyword.WebUiBuiltInKeywords.modifyObjectProperty(product, "xpath", "equals", "//*[@id = "fldvendor" + row + ""]", true): Modify property of object successfully

2018-05-21 20:29:49 - [MESSAGE][PASSED] - Modify property of object successfully

2018-05-21 20:29:49 - [TEST_STEP][PASSED] - selectOptionByIndex: All options with index in [1] are selected on object ''

2018-05-21 20:29:49 - [MESSAGE][PASSED] - All options with index in [1] are selected on object ''

2018-05-21 20:29:49 - [TEST_STEP][PASSED] - Statement - batch = new com.kms.katalon.core.testobject.TestObject(): null

2018-05-21 20:29:49 - [TEST_STEP][PASSED] - Statement - batch = com.kms.katalon.core.webui.keyword.WebUiBuiltInKeywords.modifyObjectProperty(batch, "xpath", "equals", "//*[@id = "txtbthqty" + row + ""]", true): Modify property of object successfully

2018-05-21 20:29:49 - [MESSAGE][PASSED] - Modify property of object successfully

2018-05-21 20:29:49 - [TEST_STEP][PASSED] - Statement - batchqty = com.kms.katalon.core.webui.keyword.WebUiBuiltInKeywords.getAttribute(batch, "value").trim(): Attribute 'value' of object '' is: '37700'

2018-05-21 20:29:49 - [MESSAGE][PASSED] - Attribute 'value' of object '' is: '37700'

2018-05-21 20:29:49 - [TEST_STEP][PASSED] - Statement - Rqty = 100: null

2018-05-21 20:29:49 - [TEST_STEP][PASSED] - delay: Delayed 2 second(s)

2018-05-21 20:29:51 - [MESSAGE][PASSED] - Delayed 2 second(s)

2018-05-21 20:29:51 - [TEST_STEP][PASSED] - Statement - out.println("BatchQty : " + batchqty): null

2018-05-21 20:29:51 - [TEST_STEP][PASSED] - Statement - out.println("RQty : " + Rqty): null

2018-05-21 20:29:51 - [TEST_STEP][PASSED] - Statement - If (java.lang.Integer.valueOf(batchqty) >= java.lang.Integer.valueOf(Rqty)): null

2018-05-21 20:29:51 - [TEST_STEP][PASSED] - Statement - Break: null

2018-05-21 20:29:51 - [TEST_STEP][PASSED] - Statement - batchlength = new com.kms.katalon.core.testobject.TestObject(): null

2018-05-21 20:29:51 - [TEST_STEP][PASSED] - Statement - batchlength = com.kms.katalon.core.webui.keyword.WebUiBuiltInKeywords.modifyObjectProperty(batchlength, "xpath", "equals", "//*[@id = "fldvendor" + row + ""]", true): Modify property of object successfully

2018-05-21 20:29:51 - [MESSAGE][PASSED] - Modify property of object successfully

2018-05-21 20:29:51 - [TEST_STEP][PASSED] - Statement - batchsize = com.kms.katalon.core.webui.keyword.WebUiBuiltInKeywords.getNumberOfTotalOption(batchlength): 11 options of object '' counted

2018-05-21 20:29:52 - [MESSAGE][PASSED] - 11 options of object '' counted

2018-05-21 20:29:52 - [TEST_STEP][PASSED] - Statement - out.println("BatchSize : " + batchsize): null

2018-05-21 20:29:52 - [TEST_STEP][PASSED] - Statement - For ([n = 1, n <= batchsize - 1, (n++)]): null

2018-05-21 20:29:52 - [TEST_STEP][PASSED] - Statement - product = new com.kms.katalon.core.testobject.TestObject(): null

2018-05-21 20:29:52 - [TEST_STEP][PASSED] - Statement - product = com.kms.katalon.core.webui.keyword.WebUiBuiltInKeywords.modifyObjectProperty(product, "xpath", "equals", "//*[@id = "fldvendor" + row + ""]", true): Modify property of object successfully

2018-05-21 20:29:52 - [MESSAGE][PASSED] - Modify property of object successfully

2018-05-21 20:29:52 - [TEST_STEP][PASSED] - selectOptionByIndex: All options with index in [1] are selected on object ''

2018-05-21 20:29:52 - [MESSAGE][PASSED] - All options with index in [1] are selected on object ''

2018-05-21 20:29:52 - [TEST_STEP][PASSED] - Statement - batch = new com.kms.katalon.core.testobject.TestObject(): null

2018-05-21 20:29:52 - [TEST_STEP][PASSED] - Statement - batch = com.kms.katalon.core.webui.keyword.WebUiBuiltInKeywords.modifyObjectProperty(batch, "xpath", "equals", "//*[@id = "txtbthqty" + row + ""]", true): Modify property of object successfully

2018-05-21 20:29:52 - [MESSAGE][PASSED] - Modify property of object successfully

2018-05-21 20:29:52 - [TEST_STEP][PASSED] - Statement - batchqty = com.kms.katalon.core.webui.keyword.WebUiBuiltInKeywords.getAttribute(batch, "value").trim(): Attribute 'value' of object '' is: '4900'

2018-05-21 20:29:52 - [MESSAGE][PASSED] - Attribute 'value' of object '' is: '4900'

2018-05-21 20:29:52 - [TEST_STEP][PASSED] - Statement - Rqty = 100: null

2018-05-21 20:29:52 - [TEST_STEP][PASSED] - delay: Delayed 2 second(s)

2018-05-21 20:29:54 - [MESSAGE][PASSED] - Delayed 2 second(s)

2018-05-21 20:29:54 - [TEST_STEP][PASSED] - Statement - out.println("BatchQty : " + batchqty): null

2018-05-21 20:29:54 - [TEST_STEP][PASSED] - Statement - out.println("RQty : " + Rqty): null

2018-05-21 20:29:54 - [TEST_STEP][PASSED] - Statement - If (java.lang.Integer.valueOf(batchqty) >= java.lang.Integer.valueOf(Rqty)): null

2018-05-21 20:29:54 - [TEST_STEP][PASSED] - Statement - Break: null

2018-05-21 20:29:54 - [TEST_STEP][PASSED] - Statement - batchlength = new com.kms.katalon.core.testobject.TestObject(): null

2018-05-21 20:29:54 - [TEST_STEP][PASSED] - Statement - batchlength = com.kms.katalon.core.webui.keyword.WebUiBuiltInKeywords.modifyObjectProperty(batchlength, "xpath", "equals", "//*[@id = "fldvendor" + row + ""]", true): Modify property of object successfully

2018-05-21 20:29:54 - [MESSAGE][PASSED] - Modify property of object successfully

2018-05-21 20:29:54 - [TEST_STEP][PASSED] - Statement - batchsize = com.kms.katalon.core.webui.keyword.WebUiBuiltInKeywords.getNumberOfTotalOption(batchlength): 11 options of object '' counted

2018-05-21 20:29:54 - [MESSAGE][PASSED] - 11 options of object '' counted

2018-05-21 20:29:54 - [TEST_STEP][PASSED] - Statement - out.println("BatchSize : " + batchsize): null

2018-05-21 20:29:54 - [TEST_STEP][PASSED] - Statement - For ([n = 1, n <= batchsize - 1, (n++)]): null

2018-05-21 20:29:54 - [TEST_STEP][PASSED] - Statement - product = new com.kms.katalon.core.testobject.TestObject(): null

2018-05-21 20:29:54 - [TEST_STEP][PASSED] - Statement - product = com.kms.katalon.core.webui.keyword.WebUiBuiltInKeywords.modifyObjectProperty(product, "xpath", "equals", "//*[@id = "fldvendor" + row + ""]", true): Modify property of object successfully

2018-05-21 20:29:54 - [MESSAGE][PASSED] - Modify property of object successfully

2018-05-21 20:29:54 - [TEST_STEP][PASSED] - selectOptionByIndex: All options with index in [1] are selected on object ''

2018-05-21 20:29:54 - [MESSAGE][PASSED] - All options with index in [1] are selected on object ''

2018-05-21 20:29:54 - [TEST_STEP][PASSED] - Statement - batch = new com.kms.katalon.core.testobject.TestObject(): null

2018-05-21 20:29:54 - [TEST_STEP][PASSED] - Statement - batch = com.kms.katalon.core.webui.keyword.WebUiBuiltInKeywords.modifyObjectProperty(batch, "xpath", "equals", "//*[@id = "txtbthqty" + row + ""]", true): Modify property of object successfully

2018-05-21 20:29:54 - [MESSAGE][PASSED] - Modify property of object successfully

2018-05-21 20:29:54 - [TEST_STEP][PASSED] - Statement - batchqty = com.kms.katalon.core.webui.keyword.WebUiBuiltInKeywords.getAttribute(batch, "value").trim(): Attribute 'value' of object '' is: '4900'

2018-05-21 20:29:54 - [MESSAGE][PASSED] - Attribute 'value' of object '' is: '4900'

2018-05-21 20:29:54 - [TEST_STEP][PASSED] - Statement - Rqty = 100: null

2018-05-21 20:29:54 - [TEST_STEP][PASSED] - delay: Delayed 2 second(s)

2018-05-21 20:29:56 - [MESSAGE][PASSED] - Delayed 2 second(s)

2018-05-21 20:29:56 - [TEST_STEP][PASSED] - Statement - out.println("BatchQty : " + batchqty): null

2018-05-21 20:29:56 - [TEST_STEP][PASSED] - Statement - out.println("RQty : " + Rqty): null

2018-05-21 20:29:56 - [TEST_STEP][PASSED] - Statement - If (java.lang.Integer.valueOf(batchqty) >= java.lang.Integer.valueOf(Rqty)): null

2018-05-21 20:29:56 - [TEST_STEP][PASSED] - Statement - Break: null

2018-05-21 20:29:56 - [TEST_STEP][PASSED] - click: Object: 'Object Repository/store Request Schedule 1/Page_KDMC - CMS/input_btndispatch' is clicked on

2018-05-21 20:29:57 - [MESSAGE][PASSED] - Object: 'Object Repository/store Request Schedule 1/Page_KDMC - CMS/input_btndispatch' is clicked on

2018-05-21 20:29:57 - [TEST_STEP][PASSED] - delay: Delayed 3 second(s)

2018-05-21 20:30:00 - [MESSAGE][PASSED] - Delayed 3 second(s)

2018-05-21 20:30:00 - [TEST_STEP][PASSED] - click: Object: 'Object Repository/store Request Schedule 1/Page_KDMC - CMS/button_OK' is clicked on

2018-05-21 20:30:00 - [MESSAGE][PASSED] - Object: 'Object Repository/store Request Schedule 1/Page_KDMC - CMS/button_OK' is clicked on

2018-05-21 20:30:00 - [TEST_STEP][PASSED] - delay: Delayed 3 second(s)

2018-05-21 20:30:03 - [MESSAGE][PASSED] - Delayed 3 second(s)

2018-05-21 20:30:03 - [TEST_STEP][PASSED] - click: Object: 'Object Repository/store Request Schedule 1/Page_KDMC - CMS/a_dropdown-toggle' is clicked on

2018-05-21 20:30:03 - [MESSAGE][PASSED] - Object: 'Object Repository/store Request Schedule 1/Page_KDMC - CMS/a_dropdown-toggle' is clicked on

2018-05-21 20:30:03 - [TEST_STEP][PASSED] - click: Object: 'Object Repository/store Request Schedule 1/Page_KDMC - CMS/a_Sign out' is clicked on

2018-05-21 20:30:04 - [MESSAGE][PASSED] - Object: 'Object Repository/store Request Schedule 1/Page_KDMC - CMS/a_Sign out' is clicked on

2018-05-21 20:30:04 - [TEST_STEP][PASSED] - delay: Delayed 3 second(s)

2018-05-21 20:30:07 - [MESSAGE][PASSED] - Delayed 3 second(s)

2018-05-21 20:30:07 - [TEST_STEP][PASSED] - click: Object: 'Object Repository/Store Request Schedule 1/Page_KDMC/a_Divisional Store' is clicked on

2018-05-21 20:30:07 - [MESSAGE][PASSED] - Object: 'Object Repository/Store Request Schedule 1/Page_KDMC/a_Divisional Store' is clicked on

2018-05-21 20:30:07 - [TEST_STEP][PASSED] - setText: Text 'ragu' is set on object 'Object Repository/Store Request Schedule 1/Page_Divisonal Store Login/input_txtusername'

2018-05-21 20:30:07 - [MESSAGE][PASSED] - Text 'ragu' is set on object 'Object Repository/Store Request Schedule 1/Page_Divisonal Store Login/input_txtusername'

2018-05-21 20:30:07 - [TEST_STEP][PASSED] - setText: Text '123' is set on object 'Object Repository/Store Request Schedule 1/Page_Divisonal Store Login/input_txtpassword'

2018-05-21 20:30:07 - [MESSAGE][PASSED] - Text '123' is set on object 'Object Repository/Store Request Schedule 1/Page_Divisonal Store Login/input_txtpassword'

2018-05-21 20:30:07 - [TEST_STEP][PASSED] - delay: Delayed 3 second(s)

2018-05-21 20:30:10 - [MESSAGE][PASSED] - Delayed 3 second(s)

2018-05-21 20:30:10 - [TEST_STEP][PASSED] - click: Object: 'Object Repository/Store Request Schedule 1/Page_Divisonal Store Login/button_Sign in' is clicked on

2018-05-21 20:30:12 - [MESSAGE][PASSED] - Object: 'Object Repository/Store Request Schedule 1/Page_Divisonal Store Login/button_Sign in' is clicked on

2018-05-21 20:30:12 - [TEST_STEP][PASSED] - delay: Delayed 3 second(s)

2018-05-21 20:30:15 - [MESSAGE][PASSED] - Delayed 3 second(s)

2018-05-21 20:30:15 - [TEST_STEP][PASSED] - click: Object: 'Object Repository/Store Request Schedule 1/Page_Store/a_CMS' is clicked on

2018-05-21 20:30:15 - [MESSAGE][PASSED] - Object: 'Object Repository/Store Request Schedule 1/Page_Store/a_CMS' is clicked on

2018-05-21 20:30:15 - [TEST_STEP][PASSED] - delay: Delayed 2 second(s)

2018-05-21 20:30:17 - [MESSAGE][PASSED] - Delayed 2 second(s)

2018-05-21 20:30:17 - [TEST_STEP][PASSED] - click: Object: 'Object Repository/Store Request Schedule 1/Page_Store/a_Receiving Goods' is clicked on

2018-05-21 20:30:18 - [MESSAGE][PASSED] - Object: 'Object Repository/Store Request Schedule 1/Page_Store/a_Receiving Goods' is clicked on

2018-05-21 20:30:18 - [TEST_STEP][PASSED] - setText: Text 'PRNO/21052018/328' is set on object 'Object Repository/Store Request Schedule 1/Page_Store/input'

2018-05-21 20:30:18 - [MESSAGE][PASSED] - Text 'PRNO/21052018/328' is set on object 'Object Repository/Store Request Schedule 1/Page_Store/input'

2018-05-21 20:30:18 - [TEST_STEP][PASSED] - click: Object: 'Object Repository/Store Request Schedule 1/Page_Store/input_btn btn-primary' is clicked on

2018-05-21 20:30:18 - [MESSAGE][PASSED] - Object: 'Object Repository/Store Request Schedule 1/Page_Store/input_btn btn-primary' is clicked on

2018-05-21 20:30:18 - [TEST_STEP][PASSED] - delay: Delayed 2 second(s)

2018-05-21 20:30:20 - [MESSAGE][PASSED] - Delayed 2 second(s)

2018-05-21 20:30:20 - [TEST_STEP][PASSED] - click: Object: 'Object Repository/Store Request Schedule 1/Page_Store/input_chkrem' is clicked on

2018-05-21 20:30:20 - [MESSAGE][PASSED] - Object: 'Object Repository/Store Request Schedule 1/Page_Store/input_chkrem' is clicked on

2018-05-21 20:30:20 - [TEST_STEP][PASSED] - scrollToElement: Scroll to object 'Object Repository/Store Request Schedule 1/Page_Store/input_btchkroqadd' successfully

2018-05-21 20:30:20 - [MESSAGE][PASSED] - Scroll to object 'Object Repository/Store Request Schedule 1/Page_Store/input_btchkroqadd' successfully

2018-05-21 20:30:20 - [TEST_STEP][PASSED] - click: Object: 'Object Repository/Store Request Schedule 1/Page_Store/input_btchkroqadd' is clicked on

2018-05-21 20:30:21 - [MESSAGE][PASSED] - Object: 'Object Repository/Store Request Schedule 1/Page_Store/input_btchkroqadd' is clicked on

2018-05-21 20:30:21 - [TEST_STEP][PASSED] - delay: Delayed 2 second(s)

2018-05-21 20:30:23 - [MESSAGE][PASSED] - Delayed 2 second(s)

2018-05-21 20:30:23 - [TEST_STEP][PASSED] - refresh: Refresh successfully

2018-05-21 20:30:23 - [MESSAGE][PASSED] - Refresh successfully

2018-05-21 20:30:23 - [TEST_STEP][PASSED] - delay: Delayed 3 second(s)

2018-05-21 20:30:26 - [MESSAGE][PASSED] - Delayed 3 second(s)

2018-05-21 20:30:26 - [TEST_STEP][PASSED] - click: Object: 'Object Repository/Store Request Schedule 1/Page_Store/a_dropdown-toggle' is clicked on

2018-05-21 20:30:26 - [MESSAGE][PASSED] - Object: 'Object Repository/Store Request Schedule 1/Page_Store/a_dropdown-toggle' is clicked on

2018-05-21 20:30:26 - [TEST_STEP][PASSED] - click: Object: 'Object Repository/Store Request Schedule 1/Page_Store/a_Sign out' is clicked on

2018-05-21 20:30:27 - [MESSAGE][PASSED] - Object: 'Object Repository/Store Request Schedule 1/Page_Store/a_Sign out' is clicked on

2018-05-21 20:30:27 - [TEST_STEP][PASSED] - closeBrowser: Browser is closed

2018-05-21 20:30:27 - [MESSAGE][PASSED] - Browser is closed

2018-05-21 20:30:27 - [TEST_STEP][PASSED] - Statement - out.println("Schedule 1 Store Request Are Working Successfully"): null]]></system-out>
         <system-err><![CDATA[]]></system-err>
      </testcase>
      <testcase name="Test Cases/STORE TO CMS REQUEST TEST CASES/TC_STCMS_002 To Verify Schedule 2 Store To CMS Request Are Working Successfully Or Not" classname="Test Cases/STORE TO CMS REQUEST TEST CASES/TC_STCMS_002 To Verify Schedule 2 Store To CMS Request Are Working Successfully Or Not" status="ERROR">
         <error type="ERROR" message="Test Cases/STORE TO CMS REQUEST TEST CASES/TC_STCMS_002 To Verify Schedule 2 Store To CMS Request Are Working Successfully Or Not FAILED because (of) java.lang.NumberFormatException: For input string: &quot;&quot;"/>
         <system-out><![CDATA[2018-05-21 20:30:27 - [TEST_CASE][ERROR] - Test Cases/STORE TO CMS REQUEST TEST CASES/TC_STCMS_002 To Verify Schedule 2 Store To CMS Request Are Working Successfully Or Not: Test Cases/STORE TO CMS REQUEST TEST CASES/TC_STCMS_002 To Verify Schedule 2 Store To CMS Request Are Working Successfully Or Not FAILED because (of) java.lang.NumberFormatException: For input string: ""

2018-05-21 20:30:28 - [TEST_STEP][PASSED] - openBrowser: Browser is opened with url: ''

2018-05-21 20:30:30 - [MESSAGE][PASSED] - Browser is opened with url: ''

2018-05-21 20:30:30 - [TEST_STEP][PASSED] - Statement - out.println("Verify Schedule 2 Store Request Are Working Successfully Or Not"): null

2018-05-21 20:30:30 - [TEST_STEP][PASSED] - navigateToUrl: Navigate to 'http://192.168.137.1/multihospital_new/' successfully

2018-05-21 20:30:32 - [MESSAGE][PASSED] - Navigate to 'http://192.168.137.1/multihospital_new/' successfully

2018-05-21 20:30:32 - [TEST_STEP][PASSED] - maximizeWindow: Current window maximized

2018-05-21 20:30:33 - [MESSAGE][PASSED] - Current window maximized

2018-05-21 20:30:33 - [TEST_STEP][PASSED] - click: Object: 'Object Repository/Store Request Schedule 1/Page_KDMC/a_Divisional Store' is clicked on

2018-05-21 20:30:34 - [MESSAGE][PASSED] - Object: 'Object Repository/Store Request Schedule 1/Page_KDMC/a_Divisional Store' is clicked on

2018-05-21 20:30:34 - [TEST_STEP][PASSED] - setText: Text 'ragu' is set on object 'Object Repository/Store Request Schedule 1/Page_Divisonal Store Login/input_txtusername'

2018-05-21 20:30:34 - [MESSAGE][PASSED] - Text 'ragu' is set on object 'Object Repository/Store Request Schedule 1/Page_Divisonal Store Login/input_txtusername'

2018-05-21 20:30:34 - [TEST_STEP][PASSED] - setText: Text '123' is set on object 'Object Repository/Store Request Schedule 1/Page_Divisonal Store Login/input_txtpassword'

2018-05-21 20:30:34 - [MESSAGE][PASSED] - Text '123' is set on object 'Object Repository/Store Request Schedule 1/Page_Divisonal Store Login/input_txtpassword'

2018-05-21 20:30:34 - [TEST_STEP][PASSED] - delay: Delayed 3 second(s)

2018-05-21 20:30:37 - [MESSAGE][PASSED] - Delayed 3 second(s)

2018-05-21 20:30:37 - [TEST_STEP][PASSED] - click: Object: 'Object Repository/Store Request Schedule 1/Page_Divisonal Store Login/button_Sign in' is clicked on

2018-05-21 20:30:38 - [MESSAGE][PASSED] - Object: 'Object Repository/Store Request Schedule 1/Page_Divisonal Store Login/button_Sign in' is clicked on

2018-05-21 20:30:38 - [TEST_STEP][PASSED] - delay: Delayed 3 second(s)

2018-05-21 20:30:41 - [MESSAGE][PASSED] - Delayed 3 second(s)

2018-05-21 20:30:41 - [TEST_STEP][PASSED] - click: Object: 'Object Repository/Store Request Schedule 1/Page_Store/a_CMS' is clicked on

2018-05-21 20:30:42 - [MESSAGE][PASSED] - Object: 'Object Repository/Store Request Schedule 1/Page_Store/a_CMS' is clicked on

2018-05-21 20:30:42 - [TEST_STEP][PASSED] - delay: Delayed 2 second(s)

2018-05-21 20:30:44 - [MESSAGE][PASSED] - Delayed 2 second(s)

2018-05-21 20:30:44 - [TEST_STEP][PASSED] - click: Object: 'Object Repository/Store Request Schedule 1/Page_Store/a_Request Send' is clicked on

2018-05-21 20:30:44 - [MESSAGE][PASSED] - Object: 'Object Repository/Store Request Schedule 1/Page_Store/a_Request Send' is clicked on

2018-05-21 20:30:44 - [TEST_STEP][PASSED] - selectOptionByIndex: All options with index in [1] are selected on object 'Object Repository/Store Request Schedule 1/Page_Store/select_--Select--'

2018-05-21 20:30:45 - [MESSAGE][PASSED] - All options with index in [1] are selected on object 'Object Repository/Store Request Schedule 1/Page_Store/select_--Select--'

2018-05-21 20:30:45 - [TEST_STEP][PASSED] - selectOptionByIndex: All options with index in [2] are selected on object 'Object Repository/Store Request Schedule 1/Page_Store/select_--Select--Schedule 1Inj'

2018-05-21 20:30:45 - [MESSAGE][PASSED] - All options with index in [2] are selected on object 'Object Repository/Store Request Schedule 1/Page_Store/select_--Select--Schedule 1Inj'

2018-05-21 20:30:45 - [TEST_STEP][PASSED] - Statement - SelectedOptions = com.kms.katalon.core.webui.keyword.WebUiBuiltInKeywords.getNumberOfTotalOption(com.kms.katalon.core.testobject.ObjectRepository.findTestObject(Store Request Schedule 1/Page_Store/select_--Select--Adernaline 0.)): 73 options of object 'Object Repository/Store Request Schedule 1/Page_Store/select_--Select--Adernaline 0.' counted

2018-05-21 20:30:45 - [MESSAGE][PASSED] - 73 options of object 'Object Repository/Store Request Schedule 1/Page_Store/select_--Select--Adernaline 0.' counted

2018-05-21 20:30:45 - [TEST_STEP][PASSED] - Statement - For ([y = 1, y < SelectedOptions, (y++)]): Object: 'Object Repository/Store Request Schedule 1/Page_Store/button_Add' is clicked on

2018-05-21 20:30:45 - [TEST_STEP][PASSED] - selectOptionByIndex: All options with index in [2] are selected on object 'Object Repository/Store Request Schedule 1/Page_Store/select_--Select--Schedule 1Inj'

2018-05-21 20:30:45 - [MESSAGE][PASSED] - All options with index in [2] are selected on object 'Object Repository/Store Request Schedule 1/Page_Store/select_--Select--Schedule 1Inj'

2018-05-21 20:30:45 - [TEST_STEP][PASSED] - delay: Delayed 1 second(s)

2018-05-21 20:30:46 - [MESSAGE][PASSED] - Delayed 1 second(s)

2018-05-21 20:30:46 - [TEST_STEP][PASSED] - selectOptionByIndex: All options with index in [1] are selected on object 'Object Repository/Store Request Schedule 1/Page_Store/select_--Select--Adernaline 0.'

2018-05-21 20:30:46 - [MESSAGE][PASSED] - All options with index in [1] are selected on object 'Object Repository/Store Request Schedule 1/Page_Store/select_--Select--Adernaline 0.'

2018-05-21 20:30:46 - [TEST_STEP][PASSED] - setText: Text '100' is set on object 'Object Repository/Store Request Schedule 1/Page_Store/input_txttreat'

2018-05-21 20:30:46 - [MESSAGE][PASSED] - Text '100' is set on object 'Object Repository/Store Request Schedule 1/Page_Store/input_txttreat'

2018-05-21 20:30:46 - [TEST_STEP][PASSED] - click: Object: 'Object Repository/Store Request Schedule 1/Page_Store/button_Add' is clicked on

2018-05-21 20:30:46 - [MESSAGE][PASSED] - Object: 'Object Repository/Store Request Schedule 1/Page_Store/button_Add' is clicked on

2018-05-21 20:30:46 - [TEST_STEP][PASSED] - selectOptionByIndex: All options with index in [2] are selected on object 'Object Repository/Store Request Schedule 1/Page_Store/select_--Select--Schedule 1Inj'

2018-05-21 20:30:47 - [MESSAGE][PASSED] - All options with index in [2] are selected on object 'Object Repository/Store Request Schedule 1/Page_Store/select_--Select--Schedule 1Inj'

2018-05-21 20:30:47 - [TEST_STEP][PASSED] - delay: Delayed 1 second(s)

2018-05-21 20:30:48 - [MESSAGE][PASSED] - Delayed 1 second(s)

2018-05-21 20:30:48 - [TEST_STEP][PASSED] - selectOptionByIndex: All options with index in [2] are selected on object 'Object Repository/Store Request Schedule 1/Page_Store/select_--Select--Adernaline 0.'

2018-05-21 20:30:48 - [MESSAGE][PASSED] - All options with index in [2] are selected on object 'Object Repository/Store Request Schedule 1/Page_Store/select_--Select--Adernaline 0.'

2018-05-21 20:30:48 - [TEST_STEP][PASSED] - setText: Text '100' is set on object 'Object Repository/Store Request Schedule 1/Page_Store/input_txttreat'

2018-05-21 20:30:48 - [MESSAGE][PASSED] - Text '100' is set on object 'Object Repository/Store Request Schedule 1/Page_Store/input_txttreat'

2018-05-21 20:30:48 - [TEST_STEP][PASSED] - click: Object: 'Object Repository/Store Request Schedule 1/Page_Store/button_Add' is clicked on

2018-05-21 20:30:48 - [MESSAGE][PASSED] - Object: 'Object Repository/Store Request Schedule 1/Page_Store/button_Add' is clicked on

2018-05-21 20:30:48 - [TEST_STEP][PASSED] - selectOptionByIndex: All options with index in [2] are selected on object 'Object Repository/Store Request Schedule 1/Page_Store/select_--Select--Schedule 1Inj'

2018-05-21 20:30:48 - [MESSAGE][PASSED] - All options with index in [2] are selected on object 'Object Repository/Store Request Schedule 1/Page_Store/select_--Select--Schedule 1Inj'

2018-05-21 20:30:48 - [TEST_STEP][PASSED] - delay: Delayed 1 second(s)

2018-05-21 20:30:49 - [MESSAGE][PASSED] - Delayed 1 second(s)

2018-05-21 20:30:49 - [TEST_STEP][PASSED] - selectOptionByIndex: All options with index in [3] are selected on object 'Object Repository/Store Request Schedule 1/Page_Store/select_--Select--Adernaline 0.'

2018-05-21 20:30:49 - [MESSAGE][PASSED] - All options with index in [3] are selected on object 'Object Repository/Store Request Schedule 1/Page_Store/select_--Select--Adernaline 0.'

2018-05-21 20:30:49 - [TEST_STEP][PASSED] - setText: Text '100' is set on object 'Object Repository/Store Request Schedule 1/Page_Store/input_txttreat'

2018-05-21 20:30:49 - [MESSAGE][PASSED] - Text '100' is set on object 'Object Repository/Store Request Schedule 1/Page_Store/input_txttreat'

2018-05-21 20:30:49 - [TEST_STEP][PASSED] - click: Object: 'Object Repository/Store Request Schedule 1/Page_Store/button_Add' is clicked on

2018-05-21 20:30:49 - [MESSAGE][PASSED] - Object: 'Object Repository/Store Request Schedule 1/Page_Store/button_Add' is clicked on

2018-05-21 20:30:49 - [TEST_STEP][PASSED] - selectOptionByIndex: All options with index in [2] are selected on object 'Object Repository/Store Request Schedule 1/Page_Store/select_--Select--Schedule 1Inj'

2018-05-21 20:30:49 - [MESSAGE][PASSED] - All options with index in [2] are selected on object 'Object Repository/Store Request Schedule 1/Page_Store/select_--Select--Schedule 1Inj'

2018-05-21 20:30:49 - [TEST_STEP][PASSED] - delay: Delayed 1 second(s)

2018-05-21 20:30:50 - [MESSAGE][PASSED] - Delayed 1 second(s)

2018-05-21 20:30:50 - [TEST_STEP][PASSED] - selectOptionByIndex: All options with index in [4] are selected on object 'Object Repository/Store Request Schedule 1/Page_Store/select_--Select--Adernaline 0.'

2018-05-21 20:30:51 - [MESSAGE][PASSED] - All options with index in [4] are selected on object 'Object Repository/Store Request Schedule 1/Page_Store/select_--Select--Adernaline 0.'

2018-05-21 20:30:51 - [TEST_STEP][PASSED] - setText: Text '100' is set on object 'Object Repository/Store Request Schedule 1/Page_Store/input_txttreat'

2018-05-21 20:30:51 - [MESSAGE][PASSED] - Text '100' is set on object 'Object Repository/Store Request Schedule 1/Page_Store/input_txttreat'

2018-05-21 20:30:51 - [TEST_STEP][PASSED] - click: Object: 'Object Repository/Store Request Schedule 1/Page_Store/button_Add' is clicked on

2018-05-21 20:30:51 - [MESSAGE][PASSED] - Object: 'Object Repository/Store Request Schedule 1/Page_Store/button_Add' is clicked on

2018-05-21 20:30:51 - [TEST_STEP][PASSED] - selectOptionByIndex: All options with index in [2] are selected on object 'Object Repository/Store Request Schedule 1/Page_Store/select_--Select--Schedule 1Inj'

2018-05-21 20:30:51 - [MESSAGE][PASSED] - All options with index in [2] are selected on object 'Object Repository/Store Request Schedule 1/Page_Store/select_--Select--Schedule 1Inj'

2018-05-21 20:30:51 - [TEST_STEP][PASSED] - delay: Delayed 1 second(s)

2018-05-21 20:30:52 - [MESSAGE][PASSED] - Delayed 1 second(s)

2018-05-21 20:30:52 - [TEST_STEP][PASSED] - selectOptionByIndex: All options with index in [5] are selected on object 'Object Repository/Store Request Schedule 1/Page_Store/select_--Select--Adernaline 0.'

2018-05-21 20:30:52 - [MESSAGE][PASSED] - All options with index in [5] are selected on object 'Object Repository/Store Request Schedule 1/Page_Store/select_--Select--Adernaline 0.'

2018-05-21 20:30:52 - [TEST_STEP][PASSED] - setText: Text '100' is set on object 'Object Repository/Store Request Schedule 1/Page_Store/input_txttreat'

2018-05-21 20:30:52 - [MESSAGE][PASSED] - Text '100' is set on object 'Object Repository/Store Request Schedule 1/Page_Store/input_txttreat'

2018-05-21 20:30:52 - [TEST_STEP][PASSED] - click: Object: 'Object Repository/Store Request Schedule 1/Page_Store/button_Add' is clicked on

2018-05-21 20:30:52 - [MESSAGE][PASSED] - Object: 'Object Repository/Store Request Schedule 1/Page_Store/button_Add' is clicked on

2018-05-21 20:30:52 - [TEST_STEP][PASSED] - selectOptionByIndex: All options with index in [2] are selected on object 'Object Repository/Store Request Schedule 1/Page_Store/select_--Select--Schedule 1Inj'

2018-05-21 20:30:52 - [MESSAGE][PASSED] - All options with index in [2] are selected on object 'Object Repository/Store Request Schedule 1/Page_Store/select_--Select--Schedule 1Inj'

2018-05-21 20:30:52 - [TEST_STEP][PASSED] - delay: Delayed 1 second(s)

2018-05-21 20:30:53 - [MESSAGE][PASSED] - Delayed 1 second(s)

2018-05-21 20:30:53 - [TEST_STEP][PASSED] - selectOptionByIndex: All options with index in [6] are selected on object 'Object Repository/Store Request Schedule 1/Page_Store/select_--Select--Adernaline 0.'

2018-05-21 20:30:54 - [MESSAGE][PASSED] - All options with index in [6] are selected on object 'Object Repository/Store Request Schedule 1/Page_Store/select_--Select--Adernaline 0.'

2018-05-21 20:30:54 - [TEST_STEP][PASSED] - setText: Text '100' is set on object 'Object Repository/Store Request Schedule 1/Page_Store/input_txttreat'

2018-05-21 20:30:54 - [MESSAGE][PASSED] - Text '100' is set on object 'Object Repository/Store Request Schedule 1/Page_Store/input_txttreat'

2018-05-21 20:30:54 - [TEST_STEP][PASSED] - click: Object: 'Object Repository/Store Request Schedule 1/Page_Store/button_Add' is clicked on

2018-05-21 20:30:54 - [MESSAGE][PASSED] - Object: 'Object Repository/Store Request Schedule 1/Page_Store/button_Add' is clicked on

2018-05-21 20:30:54 - [TEST_STEP][PASSED] - selectOptionByIndex: All options with index in [2] are selected on object 'Object Repository/Store Request Schedule 1/Page_Store/select_--Select--Schedule 1Inj'

2018-05-21 20:30:54 - [MESSAGE][PASSED] - All options with index in [2] are selected on object 'Object Repository/Store Request Schedule 1/Page_Store/select_--Select--Schedule 1Inj'

2018-05-21 20:30:54 - [TEST_STEP][PASSED] - delay: Delayed 1 second(s)

2018-05-21 20:30:55 - [MESSAGE][PASSED] - Delayed 1 second(s)

2018-05-21 20:30:55 - [TEST_STEP][PASSED] - selectOptionByIndex: All options with index in [7] are selected on object 'Object Repository/Store Request Schedule 1/Page_Store/select_--Select--Adernaline 0.'

2018-05-21 20:30:55 - [MESSAGE][PASSED] - All options with index in [7] are selected on object 'Object Repository/Store Request Schedule 1/Page_Store/select_--Select--Adernaline 0.'

2018-05-21 20:30:55 - [TEST_STEP][PASSED] - setText: Text '100' is set on object 'Object Repository/Store Request Schedule 1/Page_Store/input_txttreat'

2018-05-21 20:30:55 - [MESSAGE][PASSED] - Text '100' is set on object 'Object Repository/Store Request Schedule 1/Page_Store/input_txttreat'

2018-05-21 20:30:55 - [TEST_STEP][PASSED] - click: Object: 'Object Repository/Store Request Schedule 1/Page_Store/button_Add' is clicked on

2018-05-21 20:30:55 - [MESSAGE][PASSED] - Object: 'Object Repository/Store Request Schedule 1/Page_Store/button_Add' is clicked on

2018-05-21 20:30:55 - [TEST_STEP][PASSED] - selectOptionByIndex: All options with index in [2] are selected on object 'Object Repository/Store Request Schedule 1/Page_Store/select_--Select--Schedule 1Inj'

2018-05-21 20:30:55 - [MESSAGE][PASSED] - All options with index in [2] are selected on object 'Object Repository/Store Request Schedule 1/Page_Store/select_--Select--Schedule 1Inj'

2018-05-21 20:30:55 - [TEST_STEP][PASSED] - delay: Delayed 1 second(s)

2018-05-21 20:30:56 - [MESSAGE][PASSED] - Delayed 1 second(s)

2018-05-21 20:30:56 - [TEST_STEP][PASSED] - selectOptionByIndex: All options with index in [8] are selected on object 'Object Repository/Store Request Schedule 1/Page_Store/select_--Select--Adernaline 0.'

2018-05-21 20:30:56 - [MESSAGE][PASSED] - All options with index in [8] are selected on object 'Object Repository/Store Request Schedule 1/Page_Store/select_--Select--Adernaline 0.'

2018-05-21 20:30:56 - [TEST_STEP][PASSED] - setText: Text '100' is set on object 'Object Repository/Store Request Schedule 1/Page_Store/input_txttreat'

2018-05-21 20:30:57 - [MESSAGE][PASSED] - Text '100' is set on object 'Object Repository/Store Request Schedule 1/Page_Store/input_txttreat'

2018-05-21 20:30:57 - [TEST_STEP][PASSED] - click: Object: 'Object Repository/Store Request Schedule 1/Page_Store/button_Add' is clicked on

2018-05-21 20:30:57 - [MESSAGE][PASSED] - Object: 'Object Repository/Store Request Schedule 1/Page_Store/button_Add' is clicked on

2018-05-21 20:30:57 - [TEST_STEP][PASSED] - selectOptionByIndex: All options with index in [2] are selected on object 'Object Repository/Store Request Schedule 1/Page_Store/select_--Select--Schedule 1Inj'

2018-05-21 20:30:57 - [MESSAGE][PASSED] - All options with index in [2] are selected on object 'Object Repository/Store Request Schedule 1/Page_Store/select_--Select--Schedule 1Inj'

2018-05-21 20:30:57 - [TEST_STEP][PASSED] - delay: Delayed 1 second(s)

2018-05-21 20:30:58 - [MESSAGE][PASSED] - Delayed 1 second(s)

2018-05-21 20:30:58 - [TEST_STEP][PASSED] - selectOptionByIndex: All options with index in [9] are selected on object 'Object Repository/Store Request Schedule 1/Page_Store/select_--Select--Adernaline 0.'

2018-05-21 20:30:58 - [MESSAGE][PASSED] - All options with index in [9] are selected on object 'Object Repository/Store Request Schedule 1/Page_Store/select_--Select--Adernaline 0.'

2018-05-21 20:30:58 - [TEST_STEP][PASSED] - setText: Text '100' is set on object 'Object Repository/Store Request Schedule 1/Page_Store/input_txttreat'

2018-05-21 20:30:58 - [MESSAGE][PASSED] - Text '100' is set on object 'Object Repository/Store Request Schedule 1/Page_Store/input_txttreat'

2018-05-21 20:30:58 - [TEST_STEP][PASSED] - click: Object: 'Object Repository/Store Request Schedule 1/Page_Store/button_Add' is clicked on

2018-05-21 20:30:58 - [MESSAGE][PASSED] - Object: 'Object Repository/Store Request Schedule 1/Page_Store/button_Add' is clicked on

2018-05-21 20:30:58 - [TEST_STEP][PASSED] - selectOptionByIndex: All options with index in [2] are selected on object 'Object Repository/Store Request Schedule 1/Page_Store/select_--Select--Schedule 1Inj'

2018-05-21 20:30:58 - [MESSAGE][PASSED] - All options with index in [2] are selected on object 'Object Repository/Store Request Schedule 1/Page_Store/select_--Select--Schedule 1Inj'

2018-05-21 20:30:58 - [TEST_STEP][PASSED] - delay: Delayed 1 second(s)

2018-05-21 20:30:59 - [MESSAGE][PASSED] - Delayed 1 second(s)

2018-05-21 20:30:59 - [TEST_STEP][PASSED] - selectOptionByIndex: All options with index in [10] are selected on object 'Object Repository/Store Request Schedule 1/Page_Store/select_--Select--Adernaline 0.'

2018-05-21 20:30:59 - [MESSAGE][PASSED] - All options with index in [10] are selected on object 'Object Repository/Store Request Schedule 1/Page_Store/select_--Select--Adernaline 0.'

2018-05-21 20:30:59 - [TEST_STEP][PASSED] - setText: Text '100' is set on object 'Object Repository/Store Request Schedule 1/Page_Store/input_txttreat'

2018-05-21 20:31:00 - [MESSAGE][PASSED] - Text '100' is set on object 'Object Repository/Store Request Schedule 1/Page_Store/input_txttreat'

2018-05-21 20:31:00 - [TEST_STEP][PASSED] - click: Object: 'Object Repository/Store Request Schedule 1/Page_Store/button_Add' is clicked on

2018-05-21 20:31:00 - [MESSAGE][PASSED] - Object: 'Object Repository/Store Request Schedule 1/Page_Store/button_Add' is clicked on

2018-05-21 20:31:00 - [TEST_STEP][PASSED] - selectOptionByIndex: All options with index in [2] are selected on object 'Object Repository/Store Request Schedule 1/Page_Store/select_--Select--Schedule 1Inj'

2018-05-21 20:31:00 - [MESSAGE][PASSED] - All options with index in [2] are selected on object 'Object Repository/Store Request Schedule 1/Page_Store/select_--Select--Schedule 1Inj'

2018-05-21 20:31:00 - [TEST_STEP][PASSED] - delay: Delayed 1 second(s)

2018-05-21 20:31:01 - [MESSAGE][PASSED] - Delayed 1 second(s)

2018-05-21 20:31:01 - [TEST_STEP][PASSED] - selectOptionByIndex: All options with index in [11] are selected on object 'Object Repository/Store Request Schedule 1/Page_Store/select_--Select--Adernaline 0.'

2018-05-21 20:31:01 - [MESSAGE][PASSED] - All options with index in [11] are selected on object 'Object Repository/Store Request Schedule 1/Page_Store/select_--Select--Adernaline 0.'

2018-05-21 20:31:01 - [TEST_STEP][PASSED] - setText: Text '100' is set on object 'Object Repository/Store Request Schedule 1/Page_Store/input_txttreat'

2018-05-21 20:31:01 - [MESSAGE][PASSED] - Text '100' is set on object 'Object Repository/Store Request Schedule 1/Page_Store/input_txttreat'

2018-05-21 20:31:01 - [TEST_STEP][PASSED] - click: Object: 'Object Repository/Store Request Schedule 1/Page_Store/button_Add' is clicked on

2018-05-21 20:31:01 - [MESSAGE][PASSED] - Object: 'Object Repository/Store Request Schedule 1/Page_Store/button_Add' is clicked on

2018-05-21 20:31:01 - [TEST_STEP][PASSED] - selectOptionByIndex: All options with index in [2] are selected on object 'Object Repository/Store Request Schedule 1/Page_Store/select_--Select--Schedule 1Inj'

2018-05-21 20:31:01 - [MESSAGE][PASSED] - All options with index in [2] are selected on object 'Object Repository/Store Request Schedule 1/Page_Store/select_--Select--Schedule 1Inj'

2018-05-21 20:31:01 - [TEST_STEP][PASSED] - delay: Delayed 1 second(s)

2018-05-21 20:31:02 - [MESSAGE][PASSED] - Delayed 1 second(s)

2018-05-21 20:31:02 - [TEST_STEP][PASSED] - selectOptionByIndex: All options with index in [12] are selected on object 'Object Repository/Store Request Schedule 1/Page_Store/select_--Select--Adernaline 0.'

2018-05-21 20:31:03 - [MESSAGE][PASSED] - All options with index in [12] are selected on object 'Object Repository/Store Request Schedule 1/Page_Store/select_--Select--Adernaline 0.'

2018-05-21 20:31:03 - [TEST_STEP][PASSED] - setText: Text '100' is set on object 'Object Repository/Store Request Schedule 1/Page_Store/input_txttreat'

2018-05-21 20:31:03 - [MESSAGE][PASSED] - Text '100' is set on object 'Object Repository/Store Request Schedule 1/Page_Store/input_txttreat'

2018-05-21 20:31:03 - [TEST_STEP][PASSED] - click: Object: 'Object Repository/Store Request Schedule 1/Page_Store/button_Add' is clicked on

2018-05-21 20:31:03 - [MESSAGE][PASSED] - Object: 'Object Repository/Store Request Schedule 1/Page_Store/button_Add' is clicked on

2018-05-21 20:31:03 - [TEST_STEP][PASSED] - selectOptionByIndex: All options with index in [2] are selected on object 'Object Repository/Store Request Schedule 1/Page_Store/select_--Select--Schedule 1Inj'

2018-05-21 20:31:03 - [MESSAGE][PASSED] - All options with index in [2] are selected on object 'Object Repository/Store Request Schedule 1/Page_Store/select_--Select--Schedule 1Inj'

2018-05-21 20:31:03 - [TEST_STEP][PASSED] - delay: Delayed 1 second(s)

2018-05-21 20:31:04 - [MESSAGE][PASSED] - Delayed 1 second(s)

2018-05-21 20:31:04 - [TEST_STEP][PASSED] - selectOptionByIndex: All options with index in [13] are selected on object 'Object Repository/Store Request Schedule 1/Page_Store/select_--Select--Adernaline 0.'

2018-05-21 20:31:04 - [MESSAGE][PASSED] - All options with index in [13] are selected on object 'Object Repository/Store Request Schedule 1/Page_Store/select_--Select--Adernaline 0.'

2018-05-21 20:31:04 - [TEST_STEP][PASSED] - setText: Text '100' is set on object 'Object Repository/Store Request Schedule 1/Page_Store/input_txttreat'

2018-05-21 20:31:04 - [MESSAGE][PASSED] - Text '100' is set on object 'Object Repository/Store Request Schedule 1/Page_Store/input_txttreat'

2018-05-21 20:31:04 - [TEST_STEP][PASSED] - click: Object: 'Object Repository/Store Request Schedule 1/Page_Store/button_Add' is clicked on

2018-05-21 20:31:04 - [MESSAGE][PASSED] - Object: 'Object Repository/Store Request Schedule 1/Page_Store/button_Add' is clicked on

2018-05-21 20:31:04 - [TEST_STEP][PASSED] - selectOptionByIndex: All options with index in [2] are selected on object 'Object Repository/Store Request Schedule 1/Page_Store/select_--Select--Schedule 1Inj'

2018-05-21 20:31:04 - [MESSAGE][PASSED] - All options with index in [2] are selected on object 'Object Repository/Store Request Schedule 1/Page_Store/select_--Select--Schedule 1Inj'

2018-05-21 20:31:04 - [TEST_STEP][PASSED] - delay: Delayed 1 second(s)

2018-05-21 20:31:05 - [MESSAGE][PASSED] - Delayed 1 second(s)

2018-05-21 20:31:05 - [TEST_STEP][PASSED] - selectOptionByIndex: All options with index in [14] are selected on object 'Object Repository/Store Request Schedule 1/Page_Store/select_--Select--Adernaline 0.'

2018-05-21 20:31:06 - [MESSAGE][PASSED] - All options with index in [14] are selected on object 'Object Repository/Store Request Schedule 1/Page_Store/select_--Select--Adernaline 0.'

2018-05-21 20:31:06 - [TEST_STEP][PASSED] - setText: Text '100' is set on object 'Object Repository/Store Request Schedule 1/Page_Store/input_txttreat'

2018-05-21 20:31:06 - [MESSAGE][PASSED] - Text '100' is set on object 'Object Repository/Store Request Schedule 1/Page_Store/input_txttreat'

2018-05-21 20:31:06 - [TEST_STEP][PASSED] - click: Object: 'Object Repository/Store Request Schedule 1/Page_Store/button_Add' is clicked on

2018-05-21 20:31:06 - [MESSAGE][PASSED] - Object: 'Object Repository/Store Request Schedule 1/Page_Store/button_Add' is clicked on

2018-05-21 20:31:06 - [TEST_STEP][PASSED] - selectOptionByIndex: All options with index in [2] are selected on object 'Object Repository/Store Request Schedule 1/Page_Store/select_--Select--Schedule 1Inj'

2018-05-21 20:31:06 - [MESSAGE][PASSED] - All options with index in [2] are selected on object 'Object Repository/Store Request Schedule 1/Page_Store/select_--Select--Schedule 1Inj'

2018-05-21 20:31:06 - [TEST_STEP][PASSED] - delay: Delayed 1 second(s)

2018-05-21 20:31:07 - [MESSAGE][PASSED] - Delayed 1 second(s)

2018-05-21 20:31:07 - [TEST_STEP][PASSED] - selectOptionByIndex: All options with index in [15] are selected on object 'Object Repository/Store Request Schedule 1/Page_Store/select_--Select--Adernaline 0.'

2018-05-21 20:31:07 - [MESSAGE][PASSED] - All options with index in [15] are selected on object 'Object Repository/Store Request Schedule 1/Page_Store/select_--Select--Adernaline 0.'

2018-05-21 20:31:07 - [TEST_STEP][PASSED] - setText: Text '100' is set on object 'Object Repository/Store Request Schedule 1/Page_Store/input_txttreat'

2018-05-21 20:31:07 - [MESSAGE][PASSED] - Text '100' is set on object 'Object Repository/Store Request Schedule 1/Page_Store/input_txttreat'

2018-05-21 20:31:07 - [TEST_STEP][PASSED] - click: Object: 'Object Repository/Store Request Schedule 1/Page_Store/button_Add' is clicked on

2018-05-21 20:31:07 - [MESSAGE][PASSED] - Object: 'Object Repository/Store Request Schedule 1/Page_Store/button_Add' is clicked on

2018-05-21 20:31:07 - [TEST_STEP][PASSED] - selectOptionByIndex: All options with index in [2] are selected on object 'Object Repository/Store Request Schedule 1/Page_Store/select_--Select--Schedule 1Inj'

2018-05-21 20:31:07 - [MESSAGE][PASSED] - All options with index in [2] are selected on object 'Object Repository/Store Request Schedule 1/Page_Store/select_--Select--Schedule 1Inj'

2018-05-21 20:31:07 - [TEST_STEP][PASSED] - delay: Delayed 1 second(s)

2018-05-21 20:31:08 - [MESSAGE][PASSED] - Delayed 1 second(s)

2018-05-21 20:31:08 - [TEST_STEP][PASSED] - selectOptionByIndex: All options with index in [16] are selected on object 'Object Repository/Store Request Schedule 1/Page_Store/select_--Select--Adernaline 0.'

2018-05-21 20:31:09 - [MESSAGE][PASSED] - All options with index in [16] are selected on object 'Object Repository/Store Request Schedule 1/Page_Store/select_--Select--Adernaline 0.'

2018-05-21 20:31:09 - [TEST_STEP][PASSED] - setText: Text '100' is set on object 'Object Repository/Store Request Schedule 1/Page_Store/input_txttreat'

2018-05-21 20:31:09 - [MESSAGE][PASSED] - Text '100' is set on object 'Object Repository/Store Request Schedule 1/Page_Store/input_txttreat'

2018-05-21 20:31:09 - [TEST_STEP][PASSED] - click: Object: 'Object Repository/Store Request Schedule 1/Page_Store/button_Add' is clicked on

2018-05-21 20:31:09 - [MESSAGE][PASSED] - Object: 'Object Repository/Store Request Schedule 1/Page_Store/button_Add' is clicked on

2018-05-21 20:31:09 - [TEST_STEP][PASSED] - selectOptionByIndex: All options with index in [2] are selected on object 'Object Repository/Store Request Schedule 1/Page_Store/select_--Select--Schedule 1Inj'

2018-05-21 20:31:09 - [MESSAGE][PASSED] - All options with index in [2] are selected on object 'Object Repository/Store Request Schedule 1/Page_Store/select_--Select--Schedule 1Inj'

2018-05-21 20:31:09 - [TEST_STEP][PASSED] - delay: Delayed 1 second(s)

2018-05-21 20:31:10 - [MESSAGE][PASSED] - Delayed 1 second(s)

2018-05-21 20:31:10 - [TEST_STEP][PASSED] - selectOptionByIndex: All options with index in [17] are selected on object 'Object Repository/Store Request Schedule 1/Page_Store/select_--Select--Adernaline 0.'

2018-05-21 20:31:10 - [MESSAGE][PASSED] - All options with index in [17] are selected on object 'Object Repository/Store Request Schedule 1/Page_Store/select_--Select--Adernaline 0.'

2018-05-21 20:31:10 - [TEST_STEP][PASSED] - setText: Text '100' is set on object 'Object Repository/Store Request Schedule 1/Page_Store/input_txttreat'

2018-05-21 20:31:10 - [MESSAGE][PASSED] - Text '100' is set on object 'Object Repository/Store Request Schedule 1/Page_Store/input_txttreat'

2018-05-21 20:31:10 - [TEST_STEP][PASSED] - click: Object: 'Object Repository/Store Request Schedule 1/Page_Store/button_Add' is clicked on

2018-05-21 20:31:10 - [MESSAGE][PASSED] - Object: 'Object Repository/Store Request Schedule 1/Page_Store/button_Add' is clicked on

2018-05-21 20:31:10 - [TEST_STEP][PASSED] - selectOptionByIndex: All options with index in [2] are selected on object 'Object Repository/Store Request Schedule 1/Page_Store/select_--Select--Schedule 1Inj'

2018-05-21 20:31:10 - [MESSAGE][PASSED] - All options with index in [2] are selected on object 'Object Repository/Store Request Schedule 1/Page_Store/select_--Select--Schedule 1Inj'

2018-05-21 20:31:10 - [TEST_STEP][PASSED] - delay: Delayed 1 second(s)

2018-05-21 20:31:11 - [MESSAGE][PASSED] - Delayed 1 second(s)

2018-05-21 20:31:11 - [TEST_STEP][PASSED] - selectOptionByIndex: All options with index in [18] are selected on object 'Object Repository/Store Request Schedule 1/Page_Store/select_--Select--Adernaline 0.'

2018-05-21 20:31:12 - [MESSAGE][PASSED] - All options with index in [18] are selected on object 'Object Repository/Store Request Schedule 1/Page_Store/select_--Select--Adernaline 0.'

2018-05-21 20:31:12 - [TEST_STEP][PASSED] - setText: Text '100' is set on object 'Object Repository/Store Request Schedule 1/Page_Store/input_txttreat'

2018-05-21 20:31:12 - [MESSAGE][PASSED] - Text '100' is set on object 'Object Repository/Store Request Schedule 1/Page_Store/input_txttreat'

2018-05-21 20:31:12 - [TEST_STEP][PASSED] - click: Object: 'Object Repository/Store Request Schedule 1/Page_Store/button_Add' is clicked on

2018-05-21 20:31:12 - [MESSAGE][PASSED] - Object: 'Object Repository/Store Request Schedule 1/Page_Store/button_Add' is clicked on

2018-05-21 20:31:12 - [TEST_STEP][PASSED] - selectOptionByIndex: All options with index in [2] are selected on object 'Object Repository/Store Request Schedule 1/Page_Store/select_--Select--Schedule 1Inj'

2018-05-21 20:31:12 - [MESSAGE][PASSED] - All options with index in [2] are selected on object 'Object Repository/Store Request Schedule 1/Page_Store/select_--Select--Schedule 1Inj'

2018-05-21 20:31:12 - [TEST_STEP][PASSED] - delay: Delayed 1 second(s)

2018-05-21 20:31:13 - [MESSAGE][PASSED] - Delayed 1 second(s)

2018-05-21 20:31:13 - [TEST_STEP][PASSED] - selectOptionByIndex: All options with index in [19] are selected on object 'Object Repository/Store Request Schedule 1/Page_Store/select_--Select--Adernaline 0.'

2018-05-21 20:31:13 - [MESSAGE][PASSED] - All options with index in [19] are selected on object 'Object Repository/Store Request Schedule 1/Page_Store/select_--Select--Adernaline 0.'

2018-05-21 20:31:13 - [TEST_STEP][PASSED] - setText: Text '100' is set on object 'Object Repository/Store Request Schedule 1/Page_Store/input_txttreat'

2018-05-21 20:31:13 - [MESSAGE][PASSED] - Text '100' is set on object 'Object Repository/Store Request Schedule 1/Page_Store/input_txttreat'

2018-05-21 20:31:13 - [TEST_STEP][PASSED] - click: Object: 'Object Repository/Store Request Schedule 1/Page_Store/button_Add' is clicked on

2018-05-21 20:31:13 - [MESSAGE][PASSED] - Object: 'Object Repository/Store Request Schedule 1/Page_Store/button_Add' is clicked on

2018-05-21 20:31:13 - [TEST_STEP][PASSED] - selectOptionByIndex: All options with index in [2] are selected on object 'Object Repository/Store Request Schedule 1/Page_Store/select_--Select--Schedule 1Inj'

2018-05-21 20:31:14 - [MESSAGE][PASSED] - All options with index in [2] are selected on object 'Object Repository/Store Request Schedule 1/Page_Store/select_--Select--Schedule 1Inj'

2018-05-21 20:31:14 - [TEST_STEP][PASSED] - delay: Delayed 1 second(s)

2018-05-21 20:31:15 - [MESSAGE][PASSED] - Delayed 1 second(s)

2018-05-21 20:31:15 - [TEST_STEP][PASSED] - selectOptionByIndex: All options with index in [20] are selected on object 'Object Repository/Store Request Schedule 1/Page_Store/select_--Select--Adernaline 0.'

2018-05-21 20:31:15 - [MESSAGE][PASSED] - All options with index in [20] are selected on object 'Object Repository/Store Request Schedule 1/Page_Store/select_--Select--Adernaline 0.'

2018-05-21 20:31:15 - [TEST_STEP][PASSED] - setText: Text '100' is set on object 'Object Repository/Store Request Schedule 1/Page_Store/input_txttreat'

2018-05-21 20:31:15 - [MESSAGE][PASSED] - Text '100' is set on object 'Object Repository/Store Request Schedule 1/Page_Store/input_txttreat'

2018-05-21 20:31:15 - [TEST_STEP][PASSED] - click: Object: 'Object Repository/Store Request Schedule 1/Page_Store/button_Add' is clicked on

2018-05-21 20:31:15 - [MESSAGE][PASSED] - Object: 'Object Repository/Store Request Schedule 1/Page_Store/button_Add' is clicked on

2018-05-21 20:31:15 - [TEST_STEP][PASSED] - selectOptionByIndex: All options with index in [2] are selected on object 'Object Repository/Store Request Schedule 1/Page_Store/select_--Select--Schedule 1Inj'

2018-05-21 20:31:15 - [MESSAGE][PASSED] - All options with index in [2] are selected on object 'Object Repository/Store Request Schedule 1/Page_Store/select_--Select--Schedule 1Inj'

2018-05-21 20:31:15 - [TEST_STEP][PASSED] - delay: Delayed 1 second(s)

2018-05-21 20:31:16 - [MESSAGE][PASSED] - Delayed 1 second(s)

2018-05-21 20:31:16 - [TEST_STEP][PASSED] - selectOptionByIndex: All options with index in [21] are selected on object 'Object Repository/Store Request Schedule 1/Page_Store/select_--Select--Adernaline 0.'

2018-05-21 20:31:17 - [MESSAGE][PASSED] - All options with index in [21] are selected on object 'Object Repository/Store Request Schedule 1/Page_Store/select_--Select--Adernaline 0.'

2018-05-21 20:31:17 - [TEST_STEP][PASSED] - setText: Text '100' is set on object 'Object Repository/Store Request Schedule 1/Page_Store/input_txttreat'

2018-05-21 20:31:17 - [MESSAGE][PASSED] - Text '100' is set on object 'Object Repository/Store Request Schedule 1/Page_Store/input_txttreat'

2018-05-21 20:31:17 - [TEST_STEP][PASSED] - click: Object: 'Object Repository/Store Request Schedule 1/Page_Store/button_Add' is clicked on

2018-05-21 20:31:17 - [MESSAGE][PASSED] - Object: 'Object Repository/Store Request Schedule 1/Page_Store/button_Add' is clicked on

2018-05-21 20:31:17 - [TEST_STEP][PASSED] - selectOptionByIndex: All options with index in [2] are selected on object 'Object Repository/Store Request Schedule 1/Page_Store/select_--Select--Schedule 1Inj'

2018-05-21 20:31:17 - [MESSAGE][PASSED] - All options with index in [2] are selected on object 'Object Repository/Store Request Schedule 1/Page_Store/select_--Select--Schedule 1Inj'

2018-05-21 20:31:17 - [TEST_STEP][PASSED] - delay: Delayed 1 second(s)

2018-05-21 20:31:18 - [MESSAGE][PASSED] - Delayed 1 second(s)

2018-05-21 20:31:18 - [TEST_STEP][PASSED] - selectOptionByIndex: All options with index in [22] are selected on object 'Object Repository/Store Request Schedule 1/Page_Store/select_--Select--Adernaline 0.'

2018-05-21 20:31:18 - [MESSAGE][PASSED] - All options with index in [22] are selected on object 'Object Repository/Store Request Schedule 1/Page_Store/select_--Select--Adernaline 0.'

2018-05-21 20:31:18 - [TEST_STEP][PASSED] - setText: Text '100' is set on object 'Object Repository/Store Request Schedule 1/Page_Store/input_txttreat'

2018-05-21 20:31:18 - [MESSAGE][PASSED] - Text '100' is set on object 'Object Repository/Store Request Schedule 1/Page_Store/input_txttreat'

2018-05-21 20:31:18 - [TEST_STEP][PASSED] - click: Object: 'Object Repository/Store Request Schedule 1/Page_Store/button_Add' is clicked on

2018-05-21 20:31:18 - [MESSAGE][PASSED] - Object: 'Object Repository/Store Request Schedule 1/Page_Store/button_Add' is clicked on

2018-05-21 20:31:18 - [TEST_STEP][PASSED] - selectOptionByIndex: All options with index in [2] are selected on object 'Object Repository/Store Request Schedule 1/Page_Store/select_--Select--Schedule 1Inj'

2018-05-21 20:31:18 - [MESSAGE][PASSED] - All options with index in [2] are selected on object 'Object Repository/Store Request Schedule 1/Page_Store/select_--Select--Schedule 1Inj'

2018-05-21 20:31:18 - [TEST_STEP][PASSED] - delay: Delayed 1 second(s)

2018-05-21 20:31:19 - [MESSAGE][PASSED] - Delayed 1 second(s)

2018-05-21 20:31:19 - [TEST_STEP][PASSED] - selectOptionByIndex: All options with index in [23] are selected on object 'Object Repository/Store Request Schedule 1/Page_Store/select_--Select--Adernaline 0.'

2018-05-21 20:31:20 - [MESSAGE][PASSED] - All options with index in [23] are selected on object 'Object Repository/Store Request Schedule 1/Page_Store/select_--Select--Adernaline 0.'

2018-05-21 20:31:20 - [TEST_STEP][PASSED] - setText: Text '100' is set on object 'Object Repository/Store Request Schedule 1/Page_Store/input_txttreat'

2018-05-21 20:31:20 - [MESSAGE][PASSED] - Text '100' is set on object 'Object Repository/Store Request Schedule 1/Page_Store/input_txttreat'

2018-05-21 20:31:20 - [TEST_STEP][PASSED] - click: Object: 'Object Repository/Store Request Schedule 1/Page_Store/button_Add' is clicked on

2018-05-21 20:31:20 - [MESSAGE][PASSED] - Object: 'Object Repository/Store Request Schedule 1/Page_Store/button_Add' is clicked on

2018-05-21 20:31:20 - [TEST_STEP][PASSED] - selectOptionByIndex: All options with index in [2] are selected on object 'Object Repository/Store Request Schedule 1/Page_Store/select_--Select--Schedule 1Inj'

2018-05-21 20:31:20 - [MESSAGE][PASSED] - All options with index in [2] are selected on object 'Object Repository/Store Request Schedule 1/Page_Store/select_--Select--Schedule 1Inj'

2018-05-21 20:31:20 - [TEST_STEP][PASSED] - delay: Delayed 1 second(s)

2018-05-21 20:31:21 - [MESSAGE][PASSED] - Delayed 1 second(s)

2018-05-21 20:31:21 - [TEST_STEP][PASSED] - selectOptionByIndex: All options with index in [24] are selected on object 'Object Repository/Store Request Schedule 1/Page_Store/select_--Select--Adernaline 0.'

2018-05-21 20:31:21 - [MESSAGE][PASSED] - All options with index in [24] are selected on object 'Object Repository/Store Request Schedule 1/Page_Store/select_--Select--Adernaline 0.'

2018-05-21 20:31:21 - [TEST_STEP][PASSED] - setText: Text '100' is set on object 'Object Repository/Store Request Schedule 1/Page_Store/input_txttreat'

2018-05-21 20:31:21 - [MESSAGE][PASSED] - Text '100' is set on object 'Object Repository/Store Request Schedule 1/Page_Store/input_txttreat'

2018-05-21 20:31:21 - [TEST_STEP][PASSED] - click: Object: 'Object Repository/Store Request Schedule 1/Page_Store/button_Add' is clicked on

2018-05-21 20:31:22 - [MESSAGE][PASSED] - Object: 'Object Repository/Store Request Schedule 1/Page_Store/button_Add' is clicked on

2018-05-21 20:31:22 - [TEST_STEP][PASSED] - selectOptionByIndex: All options with index in [2] are selected on object 'Object Repository/Store Request Schedule 1/Page_Store/select_--Select--Schedule 1Inj'

2018-05-21 20:31:22 - [MESSAGE][PASSED] - All options with index in [2] are selected on object 'Object Repository/Store Request Schedule 1/Page_Store/select_--Select--Schedule 1Inj'

2018-05-21 20:31:22 - [TEST_STEP][PASSED] - delay: Delayed 1 second(s)

2018-05-21 20:31:23 - [MESSAGE][PASSED] - Delayed 1 second(s)

2018-05-21 20:31:23 - [TEST_STEP][PASSED] - selectOptionByIndex: All options with index in [25] are selected on object 'Object Repository/Store Request Schedule 1/Page_Store/select_--Select--Adernaline 0.'

2018-05-21 20:31:23 - [MESSAGE][PASSED] - All options with index in [25] are selected on object 'Object Repository/Store Request Schedule 1/Page_Store/select_--Select--Adernaline 0.'

2018-05-21 20:31:23 - [TEST_STEP][PASSED] - setText: Text '100' is set on object 'Object Repository/Store Request Schedule 1/Page_Store/input_txttreat'

2018-05-21 20:31:23 - [MESSAGE][PASSED] - Text '100' is set on object 'Object Repository/Store Request Schedule 1/Page_Store/input_txttreat'

2018-05-21 20:31:23 - [TEST_STEP][PASSED] - click: Object: 'Object Repository/Store Request Schedule 1/Page_Store/button_Add' is clicked on

2018-05-21 20:31:23 - [MESSAGE][PASSED] - Object: 'Object Repository/Store Request Schedule 1/Page_Store/button_Add' is clicked on

2018-05-21 20:31:23 - [TEST_STEP][PASSED] - selectOptionByIndex: All options with index in [2] are selected on object 'Object Repository/Store Request Schedule 1/Page_Store/select_--Select--Schedule 1Inj'

2018-05-21 20:31:23 - [MESSAGE][PASSED] - All options with index in [2] are selected on object 'Object Repository/Store Request Schedule 1/Page_Store/select_--Select--Schedule 1Inj'

2018-05-21 20:31:23 - [TEST_STEP][PASSED] - delay: Delayed 1 second(s)

2018-05-21 20:31:24 - [MESSAGE][PASSED] - Delayed 1 second(s)

2018-05-21 20:31:24 - [TEST_STEP][PASSED] - selectOptionByIndex: All options with index in [26] are selected on object 'Object Repository/Store Request Schedule 1/Page_Store/select_--Select--Adernaline 0.'

2018-05-21 20:31:25 - [MESSAGE][PASSED] - All options with index in [26] are selected on object 'Object Repository/Store Request Schedule 1/Page_Store/select_--Select--Adernaline 0.'

2018-05-21 20:31:25 - [TEST_STEP][PASSED] - setText: Text '100' is set on object 'Object Repository/Store Request Schedule 1/Page_Store/input_txttreat'

2018-05-21 20:31:25 - [MESSAGE][PASSED] - Text '100' is set on object 'Object Repository/Store Request Schedule 1/Page_Store/input_txttreat'

2018-05-21 20:31:25 - [TEST_STEP][PASSED] - click: Object: 'Object Repository/Store Request Schedule 1/Page_Store/button_Add' is clicked on

2018-05-21 20:31:25 - [MESSAGE][PASSED] - Object: 'Object Repository/Store Request Schedule 1/Page_Store/button_Add' is clicked on

2018-05-21 20:31:25 - [TEST_STEP][PASSED] - selectOptionByIndex: All options with index in [2] are selected on object 'Object Repository/Store Request Schedule 1/Page_Store/select_--Select--Schedule 1Inj'

2018-05-21 20:31:25 - [MESSAGE][PASSED] - All options with index in [2] are selected on object 'Object Repository/Store Request Schedule 1/Page_Store/select_--Select--Schedule 1Inj'

2018-05-21 20:31:25 - [TEST_STEP][PASSED] - delay: Delayed 1 second(s)

2018-05-21 20:31:26 - [MESSAGE][PASSED] - Delayed 1 second(s)

2018-05-21 20:31:26 - [TEST_STEP][PASSED] - selectOptionByIndex: All options with index in [27] are selected on object 'Object Repository/Store Request Schedule 1/Page_Store/select_--Select--Adernaline 0.'

2018-05-21 20:31:26 - [MESSAGE][PASSED] - All options with index in [27] are selected on object 'Object Repository/Store Request Schedule 1/Page_Store/select_--Select--Adernaline 0.'

2018-05-21 20:31:26 - [TEST_STEP][PASSED] - setText: Text '100' is set on object 'Object Repository/Store Request Schedule 1/Page_Store/input_txttreat'

2018-05-21 20:31:26 - [MESSAGE][PASSED] - Text '100' is set on object 'Object Repository/Store Request Schedule 1/Page_Store/input_txttreat'

2018-05-21 20:31:26 - [TEST_STEP][PASSED] - click: Object: 'Object Repository/Store Request Schedule 1/Page_Store/button_Add' is clicked on

2018-05-21 20:31:27 - [MESSAGE][PASSED] - Object: 'Object Repository/Store Request Schedule 1/Page_Store/button_Add' is clicked on

2018-05-21 20:31:27 - [TEST_STEP][PASSED] - selectOptionByIndex: All options with index in [2] are selected on object 'Object Repository/Store Request Schedule 1/Page_Store/select_--Select--Schedule 1Inj'

2018-05-21 20:31:27 - [MESSAGE][PASSED] - All options with index in [2] are selected on object 'Object Repository/Store Request Schedule 1/Page_Store/select_--Select--Schedule 1Inj'

2018-05-21 20:31:27 - [TEST_STEP][PASSED] - delay: Delayed 1 second(s)

2018-05-21 20:31:28 - [MESSAGE][PASSED] - Delayed 1 second(s)

2018-05-21 20:31:28 - [TEST_STEP][PASSED] - selectOptionByIndex: All options with index in [28] are selected on object 'Object Repository/Store Request Schedule 1/Page_Store/select_--Select--Adernaline 0.'

2018-05-21 20:31:28 - [MESSAGE][PASSED] - All options with index in [28] are selected on object 'Object Repository/Store Request Schedule 1/Page_Store/select_--Select--Adernaline 0.'

2018-05-21 20:31:28 - [TEST_STEP][PASSED] - setText: Text '100' is set on object 'Object Repository/Store Request Schedule 1/Page_Store/input_txttreat'

2018-05-21 20:31:28 - [MESSAGE][PASSED] - Text '100' is set on object 'Object Repository/Store Request Schedule 1/Page_Store/input_txttreat'

2018-05-21 20:31:28 - [TEST_STEP][PASSED] - click: Object: 'Object Repository/Store Request Schedule 1/Page_Store/button_Add' is clicked on

2018-05-21 20:31:28 - [MESSAGE][PASSED] - Object: 'Object Repository/Store Request Schedule 1/Page_Store/button_Add' is clicked on

2018-05-21 20:31:28 - [TEST_STEP][PASSED] - selectOptionByIndex: All options with index in [2] are selected on object 'Object Repository/Store Request Schedule 1/Page_Store/select_--Select--Schedule 1Inj'

2018-05-21 20:31:28 - [MESSAGE][PASSED] - All options with index in [2] are selected on object 'Object Repository/Store Request Schedule 1/Page_Store/select_--Select--Schedule 1Inj'

2018-05-21 20:31:28 - [TEST_STEP][PASSED] - delay: Delayed 1 second(s)

2018-05-21 20:31:29 - [MESSAGE][PASSED] - Delayed 1 second(s)

2018-05-21 20:31:29 - [TEST_STEP][PASSED] - selectOptionByIndex: All options with index in [29] are selected on object 'Object Repository/Store Request Schedule 1/Page_Store/select_--Select--Adernaline 0.'

2018-05-21 20:31:30 - [MESSAGE][PASSED] - All options with index in [29] are selected on object 'Object Repository/Store Request Schedule 1/Page_Store/select_--Select--Adernaline 0.'

2018-05-21 20:31:30 - [TEST_STEP][PASSED] - setText: Text '100' is set on object 'Object Repository/Store Request Schedule 1/Page_Store/input_txttreat'

2018-05-21 20:31:30 - [MESSAGE][PASSED] - Text '100' is set on object 'Object Repository/Store Request Schedule 1/Page_Store/input_txttreat'

2018-05-21 20:31:30 - [TEST_STEP][PASSED] - click: Object: 'Object Repository/Store Request Schedule 1/Page_Store/button_Add' is clicked on

2018-05-21 20:31:30 - [MESSAGE][PASSED] - Object: 'Object Repository/Store Request Schedule 1/Page_Store/button_Add' is clicked on

2018-05-21 20:31:30 - [TEST_STEP][PASSED] - selectOptionByIndex: All options with index in [2] are selected on object 'Object Repository/Store Request Schedule 1/Page_Store/select_--Select--Schedule 1Inj'

2018-05-21 20:31:30 - [MESSAGE][PASSED] - All options with index in [2] are selected on object 'Object Repository/Store Request Schedule 1/Page_Store/select_--Select--Schedule 1Inj'

2018-05-21 20:31:30 - [TEST_STEP][PASSED] - delay: Delayed 1 second(s)

2018-05-21 20:31:31 - [MESSAGE][PASSED] - Delayed 1 second(s)

2018-05-21 20:31:31 - [TEST_STEP][PASSED] - selectOptionByIndex: All options with index in [30] are selected on object 'Object Repository/Store Request Schedule 1/Page_Store/select_--Select--Adernaline 0.'

2018-05-21 20:31:31 - [MESSAGE][PASSED] - All options with index in [30] are selected on object 'Object Repository/Store Request Schedule 1/Page_Store/select_--Select--Adernaline 0.'

2018-05-21 20:31:31 - [TEST_STEP][PASSED] - setText: Text '100' is set on object 'Object Repository/Store Request Schedule 1/Page_Store/input_txttreat'

2018-05-21 20:31:31 - [MESSAGE][PASSED] - Text '100' is set on object 'Object Repository/Store Request Schedule 1/Page_Store/input_txttreat'

2018-05-21 20:31:31 - [TEST_STEP][PASSED] - click: Object: 'Object Repository/Store Request Schedule 1/Page_Store/button_Add' is clicked on

2018-05-21 20:31:31 - [MESSAGE][PASSED] - Object: 'Object Repository/Store Request Schedule 1/Page_Store/button_Add' is clicked on

2018-05-21 20:31:31 - [TEST_STEP][PASSED] - selectOptionByIndex: All options with index in [2] are selected on object 'Object Repository/Store Request Schedule 1/Page_Store/select_--Select--Schedule 1Inj'

2018-05-21 20:31:32 - [MESSAGE][PASSED] - All options with index in [2] are selected on object 'Object Repository/Store Request Schedule 1/Page_Store/select_--Select--Schedule 1Inj'

2018-05-21 20:31:32 - [TEST_STEP][PASSED] - delay: Delayed 1 second(s)

2018-05-21 20:31:33 - [MESSAGE][PASSED] - Delayed 1 second(s)

2018-05-21 20:31:33 - [TEST_STEP][PASSED] - selectOptionByIndex: All options with index in [31] are selected on object 'Object Repository/Store Request Schedule 1/Page_Store/select_--Select--Adernaline 0.'

2018-05-21 20:31:33 - [MESSAGE][PASSED] - All options with index in [31] are selected on object 'Object Repository/Store Request Schedule 1/Page_Store/select_--Select--Adernaline 0.'

2018-05-21 20:31:33 - [TEST_STEP][PASSED] - setText: Text '100' is set on object 'Object Repository/Store Request Schedule 1/Page_Store/input_txttreat'

2018-05-21 20:31:33 - [MESSAGE][PASSED] - Text '100' is set on object 'Object Repository/Store Request Schedule 1/Page_Store/input_txttreat'

2018-05-21 20:31:33 - [TEST_STEP][PASSED] - click: Object: 'Object Repository/Store Request Schedule 1/Page_Store/button_Add' is clicked on

2018-05-21 20:31:33 - [MESSAGE][PASSED] - Object: 'Object Repository/Store Request Schedule 1/Page_Store/button_Add' is clicked on

2018-05-21 20:31:33 - [TEST_STEP][PASSED] - selectOptionByIndex: All options with index in [2] are selected on object 'Object Repository/Store Request Schedule 1/Page_Store/select_--Select--Schedule 1Inj'

2018-05-21 20:31:33 - [MESSAGE][PASSED] - All options with index in [2] are selected on object 'Object Repository/Store Request Schedule 1/Page_Store/select_--Select--Schedule 1Inj'

2018-05-21 20:31:33 - [TEST_STEP][PASSED] - delay: Delayed 1 second(s)

2018-05-21 20:31:34 - [MESSAGE][PASSED] - Delayed 1 second(s)

2018-05-21 20:31:34 - [TEST_STEP][PASSED] - selectOptionByIndex: All options with index in [32] are selected on object 'Object Repository/Store Request Schedule 1/Page_Store/select_--Select--Adernaline 0.'

2018-05-21 20:31:35 - [MESSAGE][PASSED] - All options with index in [32] are selected on object 'Object Repository/Store Request Schedule 1/Page_Store/select_--Select--Adernaline 0.'

2018-05-21 20:31:35 - [TEST_STEP][PASSED] - setText: Text '100' is set on object 'Object Repository/Store Request Schedule 1/Page_Store/input_txttreat'

2018-05-21 20:31:35 - [MESSAGE][PASSED] - Text '100' is set on object 'Object Repository/Store Request Schedule 1/Page_Store/input_txttreat'

2018-05-21 20:31:35 - [TEST_STEP][PASSED] - click: Object: 'Object Repository/Store Request Schedule 1/Page_Store/button_Add' is clicked on

2018-05-21 20:31:35 - [MESSAGE][PASSED] - Object: 'Object Repository/Store Request Schedule 1/Page_Store/button_Add' is clicked on

2018-05-21 20:31:35 - [TEST_STEP][PASSED] - selectOptionByIndex: All options with index in [2] are selected on object 'Object Repository/Store Request Schedule 1/Page_Store/select_--Select--Schedule 1Inj'

2018-05-21 20:31:35 - [MESSAGE][PASSED] - All options with index in [2] are selected on object 'Object Repository/Store Request Schedule 1/Page_Store/select_--Select--Schedule 1Inj'

2018-05-21 20:31:35 - [TEST_STEP][PASSED] - delay: Delayed 1 second(s)

2018-05-21 20:31:36 - [MESSAGE][PASSED] - Delayed 1 second(s)

2018-05-21 20:31:36 - [TEST_STEP][PASSED] - selectOptionByIndex: All options with index in [33] are selected on object 'Object Repository/Store Request Schedule 1/Page_Store/select_--Select--Adernaline 0.'

2018-05-21 20:31:36 - [MESSAGE][PASSED] - All options with index in [33] are selected on object 'Object Repository/Store Request Schedule 1/Page_Store/select_--Select--Adernaline 0.'

2018-05-21 20:31:36 - [TEST_STEP][PASSED] - setText: Text '100' is set on object 'Object Repository/Store Request Schedule 1/Page_Store/input_txttreat'

2018-05-21 20:31:36 - [MESSAGE][PASSED] - Text '100' is set on object 'Object Repository/Store Request Schedule 1/Page_Store/input_txttreat'

2018-05-21 20:31:36 - [TEST_STEP][PASSED] - click: Object: 'Object Repository/Store Request Schedule 1/Page_Store/button_Add' is clicked on

2018-05-21 20:31:36 - [MESSAGE][PASSED] - Object: 'Object Repository/Store Request Schedule 1/Page_Store/button_Add' is clicked on

2018-05-21 20:31:36 - [TEST_STEP][PASSED] - selectOptionByIndex: All options with index in [2] are selected on object 'Object Repository/Store Request Schedule 1/Page_Store/select_--Select--Schedule 1Inj'

2018-05-21 20:31:37 - [MESSAGE][PASSED] - All options with index in [2] are selected on object 'Object Repository/Store Request Schedule 1/Page_Store/select_--Select--Schedule 1Inj'

2018-05-21 20:31:37 - [TEST_STEP][PASSED] - delay: Delayed 1 second(s)

2018-05-21 20:31:38 - [MESSAGE][PASSED] - Delayed 1 second(s)

2018-05-21 20:31:38 - [TEST_STEP][PASSED] - selectOptionByIndex: All options with index in [34] are selected on object 'Object Repository/Store Request Schedule 1/Page_Store/select_--Select--Adernaline 0.'

2018-05-21 20:31:38 - [MESSAGE][PASSED] - All options with index in [34] are selected on object 'Object Repository/Store Request Schedule 1/Page_Store/select_--Select--Adernaline 0.'

2018-05-21 20:31:38 - [TEST_STEP][PASSED] - setText: Text '100' is set on object 'Object Repository/Store Request Schedule 1/Page_Store/input_txttreat'

2018-05-21 20:31:38 - [MESSAGE][PASSED] - Text '100' is set on object 'Object Repository/Store Request Schedule 1/Page_Store/input_txttreat'

2018-05-21 20:31:38 - [TEST_STEP][PASSED] - click: Object: 'Object Repository/Store Request Schedule 1/Page_Store/button_Add' is clicked on

2018-05-21 20:31:38 - [MESSAGE][PASSED] - Object: 'Object Repository/Store Request Schedule 1/Page_Store/button_Add' is clicked on

2018-05-21 20:31:38 - [TEST_STEP][PASSED] - selectOptionByIndex: All options with index in [2] are selected on object 'Object Repository/Store Request Schedule 1/Page_Store/select_--Select--Schedule 1Inj'

2018-05-21 20:31:38 - [MESSAGE][PASSED] - All options with index in [2] are selected on object 'Object Repository/Store Request Schedule 1/Page_Store/select_--Select--Schedule 1Inj'

2018-05-21 20:31:38 - [TEST_STEP][PASSED] - delay: Delayed 1 second(s)

2018-05-21 20:31:39 - [MESSAGE][PASSED] - Delayed 1 second(s)

2018-05-21 20:31:39 - [TEST_STEP][PASSED] - selectOptionByIndex: All options with index in [35] are selected on object 'Object Repository/Store Request Schedule 1/Page_Store/select_--Select--Adernaline 0.'

2018-05-21 20:31:40 - [MESSAGE][PASSED] - All options with index in [35] are selected on object 'Object Repository/Store Request Schedule 1/Page_Store/select_--Select--Adernaline 0.'

2018-05-21 20:31:40 - [TEST_STEP][PASSED] - setText: Text '100' is set on object 'Object Repository/Store Request Schedule 1/Page_Store/input_txttreat'

2018-05-21 20:31:40 - [MESSAGE][PASSED] - Text '100' is set on object 'Object Repository/Store Request Schedule 1/Page_Store/input_txttreat'

2018-05-21 20:31:40 - [TEST_STEP][PASSED] - click: Object: 'Object Repository/Store Request Schedule 1/Page_Store/button_Add' is clicked on

2018-05-21 20:31:40 - [MESSAGE][PASSED] - Object: 'Object Repository/Store Request Schedule 1/Page_Store/button_Add' is clicked on

2018-05-21 20:31:40 - [TEST_STEP][PASSED] - selectOptionByIndex: All options with index in [2] are selected on object 'Object Repository/Store Request Schedule 1/Page_Store/select_--Select--Schedule 1Inj'

2018-05-21 20:31:40 - [MESSAGE][PASSED] - All options with index in [2] are selected on object 'Object Repository/Store Request Schedule 1/Page_Store/select_--Select--Schedule 1Inj'

2018-05-21 20:31:40 - [TEST_STEP][PASSED] - delay: Delayed 1 second(s)

2018-05-21 20:31:41 - [MESSAGE][PASSED] - Delayed 1 second(s)

2018-05-21 20:31:41 - [TEST_STEP][PASSED] - selectOptionByIndex: All options with index in [36] are selected on object 'Object Repository/Store Request Schedule 1/Page_Store/select_--Select--Adernaline 0.'

2018-05-21 20:31:41 - [MESSAGE][PASSED] - All options with index in [36] are selected on object 'Object Repository/Store Request Schedule 1/Page_Store/select_--Select--Adernaline 0.'

2018-05-21 20:31:41 - [TEST_STEP][PASSED] - setText: Text '100' is set on object 'Object Repository/Store Request Schedule 1/Page_Store/input_txttreat'

2018-05-21 20:31:42 - [MESSAGE][PASSED] - Text '100' is set on object 'Object Repository/Store Request Schedule 1/Page_Store/input_txttreat'

2018-05-21 20:31:42 - [TEST_STEP][PASSED] - click: Object: 'Object Repository/Store Request Schedule 1/Page_Store/button_Add' is clicked on

2018-05-21 20:31:42 - [MESSAGE][PASSED] - Object: 'Object Repository/Store Request Schedule 1/Page_Store/button_Add' is clicked on

2018-05-21 20:31:42 - [TEST_STEP][PASSED] - selectOptionByIndex: All options with index in [2] are selected on object 'Object Repository/Store Request Schedule 1/Page_Store/select_--Select--Schedule 1Inj'

2018-05-21 20:31:42 - [MESSAGE][PASSED] - All options with index in [2] are selected on object 'Object Repository/Store Request Schedule 1/Page_Store/select_--Select--Schedule 1Inj'

2018-05-21 20:31:42 - [TEST_STEP][PASSED] - delay: Delayed 1 second(s)

2018-05-21 20:31:43 - [MESSAGE][PASSED] - Delayed 1 second(s)

2018-05-21 20:31:43 - [TEST_STEP][PASSED] - selectOptionByIndex: All options with index in [37] are selected on object 'Object Repository/Store Request Schedule 1/Page_Store/select_--Select--Adernaline 0.'

2018-05-21 20:31:43 - [MESSAGE][PASSED] - All options with index in [37] are selected on object 'Object Repository/Store Request Schedule 1/Page_Store/select_--Select--Adernaline 0.'

2018-05-21 20:31:43 - [TEST_STEP][PASSED] - setText: Text '100' is set on object 'Object Repository/Store Request Schedule 1/Page_Store/input_txttreat'

2018-05-21 20:31:43 - [MESSAGE][PASSED] - Text '100' is set on object 'Object Repository/Store Request Schedule 1/Page_Store/input_txttreat'

2018-05-21 20:31:43 - [TEST_STEP][PASSED] - click: Object: 'Object Repository/Store Request Schedule 1/Page_Store/button_Add' is clicked on

2018-05-21 20:31:43 - [MESSAGE][PASSED] - Object: 'Object Repository/Store Request Schedule 1/Page_Store/button_Add' is clicked on

2018-05-21 20:31:43 - [TEST_STEP][PASSED] - selectOptionByIndex: All options with index in [2] are selected on object 'Object Repository/Store Request Schedule 1/Page_Store/select_--Select--Schedule 1Inj'

2018-05-21 20:31:43 - [MESSAGE][PASSED] - All options with index in [2] are selected on object 'Object Repository/Store Request Schedule 1/Page_Store/select_--Select--Schedule 1Inj'

2018-05-21 20:31:43 - [TEST_STEP][PASSED] - delay: Delayed 1 second(s)

2018-05-21 20:31:44 - [MESSAGE][PASSED] - Delayed 1 second(s)

2018-05-21 20:31:44 - [TEST_STEP][PASSED] - selectOptionByIndex: All options with index in [38] are selected on object 'Object Repository/Store Request Schedule 1/Page_Store/select_--Select--Adernaline 0.'

2018-05-21 20:31:45 - [MESSAGE][PASSED] - All options with index in [38] are selected on object 'Object Repository/Store Request Schedule 1/Page_Store/select_--Select--Adernaline 0.'

2018-05-21 20:31:45 - [TEST_STEP][PASSED] - setText: Text '100' is set on object 'Object Repository/Store Request Schedule 1/Page_Store/input_txttreat'

2018-05-21 20:31:45 - [MESSAGE][PASSED] - Text '100' is set on object 'Object Repository/Store Request Schedule 1/Page_Store/input_txttreat'

2018-05-21 20:31:45 - [TEST_STEP][PASSED] - click: Object: 'Object Repository/Store Request Schedule 1/Page_Store/button_Add' is clicked on

2018-05-21 20:31:45 - [MESSAGE][PASSED] - Object: 'Object Repository/Store Request Schedule 1/Page_Store/button_Add' is clicked on

2018-05-21 20:31:45 - [TEST_STEP][PASSED] - selectOptionByIndex: All options with index in [2] are selected on object 'Object Repository/Store Request Schedule 1/Page_Store/select_--Select--Schedule 1Inj'

2018-05-21 20:31:45 - [MESSAGE][PASSED] - All options with index in [2] are selected on object 'Object Repository/Store Request Schedule 1/Page_Store/select_--Select--Schedule 1Inj'

2018-05-21 20:31:45 - [TEST_STEP][PASSED] - delay: Delayed 1 second(s)

2018-05-21 20:31:46 - [MESSAGE][PASSED] - Delayed 1 second(s)

2018-05-21 20:31:46 - [TEST_STEP][PASSED] - selectOptionByIndex: All options with index in [39] are selected on object 'Object Repository/Store Request Schedule 1/Page_Store/select_--Select--Adernaline 0.'

2018-05-21 20:31:47 - [MESSAGE][PASSED] - All options with index in [39] are selected on object 'Object Repository/Store Request Schedule 1/Page_Store/select_--Select--Adernaline 0.'

2018-05-21 20:31:47 - [TEST_STEP][PASSED] - setText: Text '100' is set on object 'Object Repository/Store Request Schedule 1/Page_Store/input_txttreat'

2018-05-21 20:31:47 - [MESSAGE][PASSED] - Text '100' is set on object 'Object Repository/Store Request Schedule 1/Page_Store/input_txttreat'

2018-05-21 20:31:47 - [TEST_STEP][PASSED] - click: Object: 'Object Repository/Store Request Schedule 1/Page_Store/button_Add' is clicked on

2018-05-21 20:31:47 - [MESSAGE][PASSED] - Object: 'Object Repository/Store Request Schedule 1/Page_Store/button_Add' is clicked on

2018-05-21 20:31:47 - [TEST_STEP][PASSED] - selectOptionByIndex: All options with index in [2] are selected on object 'Object Repository/Store Request Schedule 1/Page_Store/select_--Select--Schedule 1Inj'

2018-05-21 20:31:47 - [MESSAGE][PASSED] - All options with index in [2] are selected on object 'Object Repository/Store Request Schedule 1/Page_Store/select_--Select--Schedule 1Inj'

2018-05-21 20:31:47 - [TEST_STEP][PASSED] - delay: Delayed 1 second(s)

2018-05-21 20:31:48 - [MESSAGE][PASSED] - Delayed 1 second(s)

2018-05-21 20:31:48 - [TEST_STEP][PASSED] - selectOptionByIndex: All options with index in [40] are selected on object 'Object Repository/Store Request Schedule 1/Page_Store/select_--Select--Adernaline 0.'

2018-05-21 20:31:48 - [MESSAGE][PASSED] - All options with index in [40] are selected on object 'Object Repository/Store Request Schedule 1/Page_Store/select_--Select--Adernaline 0.'

2018-05-21 20:31:48 - [TEST_STEP][PASSED] - setText: Text '100' is set on object 'Object Repository/Store Request Schedule 1/Page_Store/input_txttreat'

2018-05-21 20:31:48 - [MESSAGE][PASSED] - Text '100' is set on object 'Object Repository/Store Request Schedule 1/Page_Store/input_txttreat'

2018-05-21 20:31:48 - [TEST_STEP][PASSED] - click: Object: 'Object Repository/Store Request Schedule 1/Page_Store/button_Add' is clicked on

2018-05-21 20:31:49 - [MESSAGE][PASSED] - Object: 'Object Repository/Store Request Schedule 1/Page_Store/button_Add' is clicked on

2018-05-21 20:31:49 - [TEST_STEP][PASSED] - selectOptionByIndex: All options with index in [2] are selected on object 'Object Repository/Store Request Schedule 1/Page_Store/select_--Select--Schedule 1Inj'

2018-05-21 20:31:49 - [MESSAGE][PASSED] - All options with index in [2] are selected on object 'Object Repository/Store Request Schedule 1/Page_Store/select_--Select--Schedule 1Inj'

2018-05-21 20:31:49 - [TEST_STEP][PASSED] - delay: Delayed 1 second(s)

2018-05-21 20:31:50 - [MESSAGE][PASSED] - Delayed 1 second(s)

2018-05-21 20:31:50 - [TEST_STEP][PASSED] - selectOptionByIndex: All options with index in [41] are selected on object 'Object Repository/Store Request Schedule 1/Page_Store/select_--Select--Adernaline 0.'

2018-05-21 20:31:50 - [MESSAGE][PASSED] - All options with index in [41] are selected on object 'Object Repository/Store Request Schedule 1/Page_Store/select_--Select--Adernaline 0.'

2018-05-21 20:31:50 - [TEST_STEP][PASSED] - setText: Text '100' is set on object 'Object Repository/Store Request Schedule 1/Page_Store/input_txttreat'

2018-05-21 20:31:50 - [MESSAGE][PASSED] - Text '100' is set on object 'Object Repository/Store Request Schedule 1/Page_Store/input_txttreat'

2018-05-21 20:31:50 - [TEST_STEP][PASSED] - click: Object: 'Object Repository/Store Request Schedule 1/Page_Store/button_Add' is clicked on

2018-05-21 20:31:50 - [MESSAGE][PASSED] - Object: 'Object Repository/Store Request Schedule 1/Page_Store/button_Add' is clicked on

2018-05-21 20:31:50 - [TEST_STEP][PASSED] - selectOptionByIndex: All options with index in [2] are selected on object 'Object Repository/Store Request Schedule 1/Page_Store/select_--Select--Schedule 1Inj'

2018-05-21 20:31:50 - [MESSAGE][PASSED] - All options with index in [2] are selected on object 'Object Repository/Store Request Schedule 1/Page_Store/select_--Select--Schedule 1Inj'

2018-05-21 20:31:50 - [TEST_STEP][PASSED] - delay: Delayed 1 second(s)

2018-05-21 20:31:51 - [MESSAGE][PASSED] - Delayed 1 second(s)

2018-05-21 20:31:51 - [TEST_STEP][PASSED] - selectOptionByIndex: All options with index in [42] are selected on object 'Object Repository/Store Request Schedule 1/Page_Store/select_--Select--Adernaline 0.'

2018-05-21 20:31:52 - [MESSAGE][PASSED] - All options with index in [42] are selected on object 'Object Repository/Store Request Schedule 1/Page_Store/select_--Select--Adernaline 0.'

2018-05-21 20:31:52 - [TEST_STEP][PASSED] - setText: Text '100' is set on object 'Object Repository/Store Request Schedule 1/Page_Store/input_txttreat'

2018-05-21 20:31:52 - [MESSAGE][PASSED] - Text '100' is set on object 'Object Repository/Store Request Schedule 1/Page_Store/input_txttreat'

2018-05-21 20:31:52 - [TEST_STEP][PASSED] - click: Object: 'Object Repository/Store Request Schedule 1/Page_Store/button_Add' is clicked on

2018-05-21 20:31:52 - [MESSAGE][PASSED] - Object: 'Object Repository/Store Request Schedule 1/Page_Store/button_Add' is clicked on

2018-05-21 20:31:52 - [TEST_STEP][PASSED] - selectOptionByIndex: All options with index in [2] are selected on object 'Object Repository/Store Request Schedule 1/Page_Store/select_--Select--Schedule 1Inj'

2018-05-21 20:31:52 - [MESSAGE][PASSED] - All options with index in [2] are selected on object 'Object Repository/Store Request Schedule 1/Page_Store/select_--Select--Schedule 1Inj'

2018-05-21 20:31:52 - [TEST_STEP][PASSED] - delay: Delayed 1 second(s)

2018-05-21 20:31:53 - [MESSAGE][PASSED] - Delayed 1 second(s)

2018-05-21 20:31:53 - [TEST_STEP][PASSED] - selectOptionByIndex: All options with index in [43] are selected on object 'Object Repository/Store Request Schedule 1/Page_Store/select_--Select--Adernaline 0.'

2018-05-21 20:31:54 - [MESSAGE][PASSED] - All options with index in [43] are selected on object 'Object Repository/Store Request Schedule 1/Page_Store/select_--Select--Adernaline 0.'

2018-05-21 20:31:54 - [TEST_STEP][PASSED] - setText: Text '100' is set on object 'Object Repository/Store Request Schedule 1/Page_Store/input_txttreat'

2018-05-21 20:31:54 - [MESSAGE][PASSED] - Text '100' is set on object 'Object Repository/Store Request Schedule 1/Page_Store/input_txttreat'

2018-05-21 20:31:54 - [TEST_STEP][PASSED] - click: Object: 'Object Repository/Store Request Schedule 1/Page_Store/button_Add' is clicked on

2018-05-21 20:31:54 - [MESSAGE][PASSED] - Object: 'Object Repository/Store Request Schedule 1/Page_Store/button_Add' is clicked on

2018-05-21 20:31:54 - [TEST_STEP][PASSED] - selectOptionByIndex: All options with index in [2] are selected on object 'Object Repository/Store Request Schedule 1/Page_Store/select_--Select--Schedule 1Inj'

2018-05-21 20:31:54 - [MESSAGE][PASSED] - All options with index in [2] are selected on object 'Object Repository/Store Request Schedule 1/Page_Store/select_--Select--Schedule 1Inj'

2018-05-21 20:31:54 - [TEST_STEP][PASSED] - delay: Delayed 1 second(s)

2018-05-21 20:31:55 - [MESSAGE][PASSED] - Delayed 1 second(s)

2018-05-21 20:31:55 - [TEST_STEP][PASSED] - selectOptionByIndex: All options with index in [44] are selected on object 'Object Repository/Store Request Schedule 1/Page_Store/select_--Select--Adernaline 0.'

2018-05-21 20:31:55 - [MESSAGE][PASSED] - All options with index in [44] are selected on object 'Object Repository/Store Request Schedule 1/Page_Store/select_--Select--Adernaline 0.'

2018-05-21 20:31:55 - [TEST_STEP][PASSED] - setText: Text '100' is set on object 'Object Repository/Store Request Schedule 1/Page_Store/input_txttreat'

2018-05-21 20:31:56 - [MESSAGE][PASSED] - Text '100' is set on object 'Object Repository/Store Request Schedule 1/Page_Store/input_txttreat'

2018-05-21 20:31:56 - [TEST_STEP][PASSED] - click: Object: 'Object Repository/Store Request Schedule 1/Page_Store/button_Add' is clicked on

2018-05-21 20:31:56 - [MESSAGE][PASSED] - Object: 'Object Repository/Store Request Schedule 1/Page_Store/button_Add' is clicked on

2018-05-21 20:31:56 - [TEST_STEP][PASSED] - selectOptionByIndex: All options with index in [2] are selected on object 'Object Repository/Store Request Schedule 1/Page_Store/select_--Select--Schedule 1Inj'

2018-05-21 20:31:56 - [MESSAGE][PASSED] - All options with index in [2] are selected on object 'Object Repository/Store Request Schedule 1/Page_Store/select_--Select--Schedule 1Inj'

2018-05-21 20:31:56 - [TEST_STEP][PASSED] - delay: Delayed 1 second(s)

2018-05-21 20:31:57 - [MESSAGE][PASSED] - Delayed 1 second(s)

2018-05-21 20:31:57 - [TEST_STEP][PASSED] - selectOptionByIndex: All options with index in [45] are selected on object 'Object Repository/Store Request Schedule 1/Page_Store/select_--Select--Adernaline 0.'

2018-05-21 20:31:57 - [MESSAGE][PASSED] - All options with index in [45] are selected on object 'Object Repository/Store Request Schedule 1/Page_Store/select_--Select--Adernaline 0.'

2018-05-21 20:31:57 - [TEST_STEP][PASSED] - setText: Text '100' is set on object 'Object Repository/Store Request Schedule 1/Page_Store/input_txttreat'

2018-05-21 20:31:57 - [MESSAGE][PASSED] - Text '100' is set on object 'Object Repository/Store Request Schedule 1/Page_Store/input_txttreat'

2018-05-21 20:31:57 - [TEST_STEP][PASSED] - click: Object: 'Object Repository/Store Request Schedule 1/Page_Store/button_Add' is clicked on

2018-05-21 20:31:57 - [MESSAGE][PASSED] - Object: 'Object Repository/Store Request Schedule 1/Page_Store/button_Add' is clicked on

2018-05-21 20:31:57 - [TEST_STEP][PASSED] - selectOptionByIndex: All options with index in [2] are selected on object 'Object Repository/Store Request Schedule 1/Page_Store/select_--Select--Schedule 1Inj'

2018-05-21 20:31:58 - [MESSAGE][PASSED] - All options with index in [2] are selected on object 'Object Repository/Store Request Schedule 1/Page_Store/select_--Select--Schedule 1Inj'

2018-05-21 20:31:58 - [TEST_STEP][PASSED] - delay: Delayed 1 second(s)

2018-05-21 20:31:59 - [MESSAGE][PASSED] - Delayed 1 second(s)

2018-05-21 20:31:59 - [TEST_STEP][PASSED] - selectOptionByIndex: All options with index in [46] are selected on object 'Object Repository/Store Request Schedule 1/Page_Store/select_--Select--Adernaline 0.'

2018-05-21 20:31:59 - [MESSAGE][PASSED] - All options with index in [46] are selected on object 'Object Repository/Store Request Schedule 1/Page_Store/select_--Select--Adernaline 0.'

2018-05-21 20:31:59 - [TEST_STEP][PASSED] - setText: Text '100' is set on object 'Object Repository/Store Request Schedule 1/Page_Store/input_txttreat'

2018-05-21 20:31:59 - [MESSAGE][PASSED] - Text '100' is set on object 'Object Repository/Store Request Schedule 1/Page_Store/input_txttreat'

2018-05-21 20:31:59 - [TEST_STEP][PASSED] - click: Object: 'Object Repository/Store Request Schedule 1/Page_Store/button_Add' is clicked on

2018-05-21 20:31:59 - [MESSAGE][PASSED] - Object: 'Object Repository/Store Request Schedule 1/Page_Store/button_Add' is clicked on

2018-05-21 20:31:59 - [TEST_STEP][PASSED] - selectOptionByIndex: All options with index in [2] are selected on object 'Object Repository/Store Request Schedule 1/Page_Store/select_--Select--Schedule 1Inj'

2018-05-21 20:31:59 - [MESSAGE][PASSED] - All options with index in [2] are selected on object 'Object Repository/Store Request Schedule 1/Page_Store/select_--Select--Schedule 1Inj'

2018-05-21 20:31:59 - [TEST_STEP][PASSED] - delay: Delayed 1 second(s)

2018-05-21 20:32:00 - [MESSAGE][PASSED] - Delayed 1 second(s)

2018-05-21 20:32:00 - [TEST_STEP][PASSED] - selectOptionByIndex: All options with index in [47] are selected on object 'Object Repository/Store Request Schedule 1/Page_Store/select_--Select--Adernaline 0.'

2018-05-21 20:32:01 - [MESSAGE][PASSED] - All options with index in [47] are selected on object 'Object Repository/Store Request Schedule 1/Page_Store/select_--Select--Adernaline 0.'

2018-05-21 20:32:01 - [TEST_STEP][PASSED] - setText: Text '100' is set on object 'Object Repository/Store Request Schedule 1/Page_Store/input_txttreat'

2018-05-21 20:32:01 - [MESSAGE][PASSED] - Text '100' is set on object 'Object Repository/Store Request Schedule 1/Page_Store/input_txttreat'

2018-05-21 20:32:01 - [TEST_STEP][PASSED] - click: Object: 'Object Repository/Store Request Schedule 1/Page_Store/button_Add' is clicked on

2018-05-21 20:32:01 - [MESSAGE][PASSED] - Object: 'Object Repository/Store Request Schedule 1/Page_Store/button_Add' is clicked on

2018-05-21 20:32:01 - [TEST_STEP][PASSED] - selectOptionByIndex: All options with index in [2] are selected on object 'Object Repository/Store Request Schedule 1/Page_Store/select_--Select--Schedule 1Inj'

2018-05-21 20:32:01 - [MESSAGE][PASSED] - All options with index in [2] are selected on object 'Object Repository/Store Request Schedule 1/Page_Store/select_--Select--Schedule 1Inj'

2018-05-21 20:32:01 - [TEST_STEP][PASSED] - delay: Delayed 1 second(s)

2018-05-21 20:32:02 - [MESSAGE][PASSED] - Delayed 1 second(s)

2018-05-21 20:32:02 - [TEST_STEP][PASSED] - selectOptionByIndex: All options with index in [48] are selected on object 'Object Repository/Store Request Schedule 1/Page_Store/select_--Select--Adernaline 0.'

2018-05-21 20:32:03 - [MESSAGE][PASSED] - All options with index in [48] are selected on object 'Object Repository/Store Request Schedule 1/Page_Store/select_--Select--Adernaline 0.'

2018-05-21 20:32:03 - [TEST_STEP][PASSED] - setText: Text '100' is set on object 'Object Repository/Store Request Schedule 1/Page_Store/input_txttreat'

2018-05-21 20:32:03 - [MESSAGE][PASSED] - Text '100' is set on object 'Object Repository/Store Request Schedule 1/Page_Store/input_txttreat'

2018-05-21 20:32:03 - [TEST_STEP][PASSED] - click: Object: 'Object Repository/Store Request Schedule 1/Page_Store/button_Add' is clicked on

2018-05-21 20:32:03 - [MESSAGE][PASSED] - Object: 'Object Repository/Store Request Schedule 1/Page_Store/button_Add' is clicked on

2018-05-21 20:32:03 - [TEST_STEP][PASSED] - selectOptionByIndex: All options with index in [2] are selected on object 'Object Repository/Store Request Schedule 1/Page_Store/select_--Select--Schedule 1Inj'

2018-05-21 20:32:03 - [MESSAGE][PASSED] - All options with index in [2] are selected on object 'Object Repository/Store Request Schedule 1/Page_Store/select_--Select--Schedule 1Inj'

2018-05-21 20:32:03 - [TEST_STEP][PASSED] - delay: Delayed 1 second(s)

2018-05-21 20:32:04 - [MESSAGE][PASSED] - Delayed 1 second(s)

2018-05-21 20:32:04 - [TEST_STEP][PASSED] - selectOptionByIndex: All options with index in [49] are selected on object 'Object Repository/Store Request Schedule 1/Page_Store/select_--Select--Adernaline 0.'

2018-05-21 20:32:05 - [MESSAGE][PASSED] - All options with index in [49] are selected on object 'Object Repository/Store Request Schedule 1/Page_Store/select_--Select--Adernaline 0.'

2018-05-21 20:32:05 - [TEST_STEP][PASSED] - setText: Text '100' is set on object 'Object Repository/Store Request Schedule 1/Page_Store/input_txttreat'

2018-05-21 20:32:05 - [MESSAGE][PASSED] - Text '100' is set on object 'Object Repository/Store Request Schedule 1/Page_Store/input_txttreat'

2018-05-21 20:32:05 - [TEST_STEP][PASSED] - click: Object: 'Object Repository/Store Request Schedule 1/Page_Store/button_Add' is clicked on

2018-05-21 20:32:05 - [MESSAGE][PASSED] - Object: 'Object Repository/Store Request Schedule 1/Page_Store/button_Add' is clicked on

2018-05-21 20:32:05 - [TEST_STEP][PASSED] - selectOptionByIndex: All options with index in [2] are selected on object 'Object Repository/Store Request Schedule 1/Page_Store/select_--Select--Schedule 1Inj'

2018-05-21 20:32:05 - [MESSAGE][PASSED] - All options with index in [2] are selected on object 'Object Repository/Store Request Schedule 1/Page_Store/select_--Select--Schedule 1Inj'

2018-05-21 20:32:05 - [TEST_STEP][PASSED] - delay: Delayed 1 second(s)

2018-05-21 20:32:06 - [MESSAGE][PASSED] - Delayed 1 second(s)

2018-05-21 20:32:06 - [TEST_STEP][PASSED] - selectOptionByIndex: All options with index in [50] are selected on object 'Object Repository/Store Request Schedule 1/Page_Store/select_--Select--Adernaline 0.'

2018-05-21 20:32:06 - [MESSAGE][PASSED] - All options with index in [50] are selected on object 'Object Repository/Store Request Schedule 1/Page_Store/select_--Select--Adernaline 0.'

2018-05-21 20:32:06 - [TEST_STEP][PASSED] - setText: Text '100' is set on object 'Object Repository/Store Request Schedule 1/Page_Store/input_txttreat'

2018-05-21 20:32:07 - [MESSAGE][PASSED] - Text '100' is set on object 'Object Repository/Store Request Schedule 1/Page_Store/input_txttreat'

2018-05-21 20:32:07 - [TEST_STEP][PASSED] - click: Object: 'Object Repository/Store Request Schedule 1/Page_Store/button_Add' is clicked on

2018-05-21 20:32:07 - [MESSAGE][PASSED] - Object: 'Object Repository/Store Request Schedule 1/Page_Store/button_Add' is clicked on

2018-05-21 20:32:07 - [TEST_STEP][PASSED] - selectOptionByIndex: All options with index in [2] are selected on object 'Object Repository/Store Request Schedule 1/Page_Store/select_--Select--Schedule 1Inj'

2018-05-21 20:32:07 - [MESSAGE][PASSED] - All options with index in [2] are selected on object 'Object Repository/Store Request Schedule 1/Page_Store/select_--Select--Schedule 1Inj'

2018-05-21 20:32:07 - [TEST_STEP][PASSED] - delay: Delayed 1 second(s)

2018-05-21 20:32:08 - [MESSAGE][PASSED] - Delayed 1 second(s)

2018-05-21 20:32:08 - [TEST_STEP][PASSED] - selectOptionByIndex: All options with index in [51] are selected on object 'Object Repository/Store Request Schedule 1/Page_Store/select_--Select--Adernaline 0.'

2018-05-21 20:32:08 - [MESSAGE][PASSED] - All options with index in [51] are selected on object 'Object Repository/Store Request Schedule 1/Page_Store/select_--Select--Adernaline 0.'

2018-05-21 20:32:08 - [TEST_STEP][PASSED] - setText: Text '100' is set on object 'Object Repository/Store Request Schedule 1/Page_Store/input_txttreat'

2018-05-21 20:32:08 - [MESSAGE][PASSED] - Text '100' is set on object 'Object Repository/Store Request Schedule 1/Page_Store/input_txttreat'

2018-05-21 20:32:08 - [TEST_STEP][PASSED] - click: Object: 'Object Repository/Store Request Schedule 1/Page_Store/button_Add' is clicked on

2018-05-21 20:32:08 - [MESSAGE][PASSED] - Object: 'Object Repository/Store Request Schedule 1/Page_Store/button_Add' is clicked on

2018-05-21 20:32:08 - [TEST_STEP][PASSED] - selectOptionByIndex: All options with index in [2] are selected on object 'Object Repository/Store Request Schedule 1/Page_Store/select_--Select--Schedule 1Inj'

2018-05-21 20:32:09 - [MESSAGE][PASSED] - All options with index in [2] are selected on object 'Object Repository/Store Request Schedule 1/Page_Store/select_--Select--Schedule 1Inj'

2018-05-21 20:32:09 - [TEST_STEP][PASSED] - delay: Delayed 1 second(s)

2018-05-21 20:32:10 - [MESSAGE][PASSED] - Delayed 1 second(s)

2018-05-21 20:32:10 - [TEST_STEP][PASSED] - selectOptionByIndex: All options with index in [52] are selected on object 'Object Repository/Store Request Schedule 1/Page_Store/select_--Select--Adernaline 0.'

2018-05-21 20:32:10 - [MESSAGE][PASSED] - All options with index in [52] are selected on object 'Object Repository/Store Request Schedule 1/Page_Store/select_--Select--Adernaline 0.'

2018-05-21 20:32:10 - [TEST_STEP][PASSED] - setText: Text '100' is set on object 'Object Repository/Store Request Schedule 1/Page_Store/input_txttreat'

2018-05-21 20:32:10 - [MESSAGE][PASSED] - Text '100' is set on object 'Object Repository/Store Request Schedule 1/Page_Store/input_txttreat'

2018-05-21 20:32:10 - [TEST_STEP][PASSED] - click: Object: 'Object Repository/Store Request Schedule 1/Page_Store/button_Add' is clicked on

2018-05-21 20:32:10 - [MESSAGE][PASSED] - Object: 'Object Repository/Store Request Schedule 1/Page_Store/button_Add' is clicked on

2018-05-21 20:32:10 - [TEST_STEP][PASSED] - selectOptionByIndex: All options with index in [2] are selected on object 'Object Repository/Store Request Schedule 1/Page_Store/select_--Select--Schedule 1Inj'

2018-05-21 20:32:10 - [MESSAGE][PASSED] - All options with index in [2] are selected on object 'Object Repository/Store Request Schedule 1/Page_Store/select_--Select--Schedule 1Inj'

2018-05-21 20:32:10 - [TEST_STEP][PASSED] - delay: Delayed 1 second(s)

2018-05-21 20:32:11 - [MESSAGE][PASSED] - Delayed 1 second(s)

2018-05-21 20:32:11 - [TEST_STEP][PASSED] - selectOptionByIndex: All options with index in [53] are selected on object 'Object Repository/Store Request Schedule 1/Page_Store/select_--Select--Adernaline 0.'

2018-05-21 20:32:12 - [MESSAGE][PASSED] - All options with index in [53] are selected on object 'Object Repository/Store Request Schedule 1/Page_Store/select_--Select--Adernaline 0.'

2018-05-21 20:32:12 - [TEST_STEP][PASSED] - setText: Text '100' is set on object 'Object Repository/Store Request Schedule 1/Page_Store/input_txttreat'

2018-05-21 20:32:12 - [MESSAGE][PASSED] - Text '100' is set on object 'Object Repository/Store Request Schedule 1/Page_Store/input_txttreat'

2018-05-21 20:32:12 - [TEST_STEP][PASSED] - click: Object: 'Object Repository/Store Request Schedule 1/Page_Store/button_Add' is clicked on

2018-05-21 20:32:12 - [MESSAGE][PASSED] - Object: 'Object Repository/Store Request Schedule 1/Page_Store/button_Add' is clicked on

2018-05-21 20:32:12 - [TEST_STEP][PASSED] - selectOptionByIndex: All options with index in [2] are selected on object 'Object Repository/Store Request Schedule 1/Page_Store/select_--Select--Schedule 1Inj'

2018-05-21 20:32:12 - [MESSAGE][PASSED] - All options with index in [2] are selected on object 'Object Repository/Store Request Schedule 1/Page_Store/select_--Select--Schedule 1Inj'

2018-05-21 20:32:12 - [TEST_STEP][PASSED] - delay: Delayed 1 second(s)

2018-05-21 20:32:13 - [MESSAGE][PASSED] - Delayed 1 second(s)

2018-05-21 20:32:13 - [TEST_STEP][PASSED] - selectOptionByIndex: All options with index in [54] are selected on object 'Object Repository/Store Request Schedule 1/Page_Store/select_--Select--Adernaline 0.'

2018-05-21 20:32:14 - [MESSAGE][PASSED] - All options with index in [54] are selected on object 'Object Repository/Store Request Schedule 1/Page_Store/select_--Select--Adernaline 0.'

2018-05-21 20:32:14 - [TEST_STEP][PASSED] - setText: Text '100' is set on object 'Object Repository/Store Request Schedule 1/Page_Store/input_txttreat'

2018-05-21 20:32:14 - [MESSAGE][PASSED] - Text '100' is set on object 'Object Repository/Store Request Schedule 1/Page_Store/input_txttreat'

2018-05-21 20:32:14 - [TEST_STEP][PASSED] - click: Object: 'Object Repository/Store Request Schedule 1/Page_Store/button_Add' is clicked on

2018-05-21 20:32:14 - [MESSAGE][PASSED] - Object: 'Object Repository/Store Request Schedule 1/Page_Store/button_Add' is clicked on

2018-05-21 20:32:14 - [TEST_STEP][PASSED] - selectOptionByIndex: All options with index in [2] are selected on object 'Object Repository/Store Request Schedule 1/Page_Store/select_--Select--Schedule 1Inj'

2018-05-21 20:32:14 - [MESSAGE][PASSED] - All options with index in [2] are selected on object 'Object Repository/Store Request Schedule 1/Page_Store/select_--Select--Schedule 1Inj'

2018-05-21 20:32:14 - [TEST_STEP][PASSED] - delay: Delayed 1 second(s)

2018-05-21 20:32:15 - [MESSAGE][PASSED] - Delayed 1 second(s)

2018-05-21 20:32:15 - [TEST_STEP][PASSED] - selectOptionByIndex: All options with index in [55] are selected on object 'Object Repository/Store Request Schedule 1/Page_Store/select_--Select--Adernaline 0.'

2018-05-21 20:32:16 - [MESSAGE][PASSED] - All options with index in [55] are selected on object 'Object Repository/Store Request Schedule 1/Page_Store/select_--Select--Adernaline 0.'

2018-05-21 20:32:16 - [TEST_STEP][PASSED] - setText: Text '100' is set on object 'Object Repository/Store Request Schedule 1/Page_Store/input_txttreat'

2018-05-21 20:32:16 - [MESSAGE][PASSED] - Text '100' is set on object 'Object Repository/Store Request Schedule 1/Page_Store/input_txttreat'

2018-05-21 20:32:16 - [TEST_STEP][PASSED] - click: Object: 'Object Repository/Store Request Schedule 1/Page_Store/button_Add' is clicked on

2018-05-21 20:32:16 - [MESSAGE][PASSED] - Object: 'Object Repository/Store Request Schedule 1/Page_Store/button_Add' is clicked on

2018-05-21 20:32:16 - [TEST_STEP][PASSED] - selectOptionByIndex: All options with index in [2] are selected on object 'Object Repository/Store Request Schedule 1/Page_Store/select_--Select--Schedule 1Inj'

2018-05-21 20:32:16 - [MESSAGE][PASSED] - All options with index in [2] are selected on object 'Object Repository/Store Request Schedule 1/Page_Store/select_--Select--Schedule 1Inj'

2018-05-21 20:32:16 - [TEST_STEP][PASSED] - delay: Delayed 1 second(s)

2018-05-21 20:32:17 - [MESSAGE][PASSED] - Delayed 1 second(s)

2018-05-21 20:32:17 - [TEST_STEP][PASSED] - selectOptionByIndex: All options with index in [56] are selected on object 'Object Repository/Store Request Schedule 1/Page_Store/select_--Select--Adernaline 0.'

2018-05-21 20:32:18 - [MESSAGE][PASSED] - All options with index in [56] are selected on object 'Object Repository/Store Request Schedule 1/Page_Store/select_--Select--Adernaline 0.'

2018-05-21 20:32:18 - [TEST_STEP][PASSED] - setText: Text '100' is set on object 'Object Repository/Store Request Schedule 1/Page_Store/input_txttreat'

2018-05-21 20:32:18 - [MESSAGE][PASSED] - Text '100' is set on object 'Object Repository/Store Request Schedule 1/Page_Store/input_txttreat'

2018-05-21 20:32:18 - [TEST_STEP][PASSED] - click: Object: 'Object Repository/Store Request Schedule 1/Page_Store/button_Add' is clicked on

2018-05-21 20:32:18 - [MESSAGE][PASSED] - Object: 'Object Repository/Store Request Schedule 1/Page_Store/button_Add' is clicked on

2018-05-21 20:32:18 - [TEST_STEP][PASSED] - selectOptionByIndex: All options with index in [2] are selected on object 'Object Repository/Store Request Schedule 1/Page_Store/select_--Select--Schedule 1Inj'

2018-05-21 20:32:18 - [MESSAGE][PASSED] - All options with index in [2] are selected on object 'Object Repository/Store Request Schedule 1/Page_Store/select_--Select--Schedule 1Inj'

2018-05-21 20:32:18 - [TEST_STEP][PASSED] - delay: Delayed 1 second(s)

2018-05-21 20:32:19 - [MESSAGE][PASSED] - Delayed 1 second(s)

2018-05-21 20:32:19 - [TEST_STEP][PASSED] - selectOptionByIndex: All options with index in [57] are selected on object 'Object Repository/Store Request Schedule 1/Page_Store/select_--Select--Adernaline 0.'

2018-05-21 20:32:20 - [MESSAGE][PASSED] - All options with index in [57] are selected on object 'Object Repository/Store Request Schedule 1/Page_Store/select_--Select--Adernaline 0.'

2018-05-21 20:32:20 - [TEST_STEP][PASSED] - setText: Text '100' is set on object 'Object Repository/Store Request Schedule 1/Page_Store/input_txttreat'

2018-05-21 20:32:20 - [MESSAGE][PASSED] - Text '100' is set on object 'Object Repository/Store Request Schedule 1/Page_Store/input_txttreat'

2018-05-21 20:32:20 - [TEST_STEP][PASSED] - click: Object: 'Object Repository/Store Request Schedule 1/Page_Store/button_Add' is clicked on

2018-05-21 20:32:20 - [MESSAGE][PASSED] - Object: 'Object Repository/Store Request Schedule 1/Page_Store/button_Add' is clicked on

2018-05-21 20:32:20 - [TEST_STEP][PASSED] - selectOptionByIndex: All options with index in [2] are selected on object 'Object Repository/Store Request Schedule 1/Page_Store/select_--Select--Schedule 1Inj'

2018-05-21 20:32:20 - [MESSAGE][PASSED] - All options with index in [2] are selected on object 'Object Repository/Store Request Schedule 1/Page_Store/select_--Select--Schedule 1Inj'

2018-05-21 20:32:20 - [TEST_STEP][PASSED] - delay: Delayed 1 second(s)

2018-05-21 20:32:21 - [MESSAGE][PASSED] - Delayed 1 second(s)

2018-05-21 20:32:21 - [TEST_STEP][PASSED] - selectOptionByIndex: All options with index in [58] are selected on object 'Object Repository/Store Request Schedule 1/Page_Store/select_--Select--Adernaline 0.'

2018-05-21 20:32:22 - [MESSAGE][PASSED] - All options with index in [58] are selected on object 'Object Repository/Store Request Schedule 1/Page_Store/select_--Select--Adernaline 0.'

2018-05-21 20:32:22 - [TEST_STEP][PASSED] - setText: Text '100' is set on object 'Object Repository/Store Request Schedule 1/Page_Store/input_txttreat'

2018-05-21 20:32:22 - [MESSAGE][PASSED] - Text '100' is set on object 'Object Repository/Store Request Schedule 1/Page_Store/input_txttreat'

2018-05-21 20:32:22 - [TEST_STEP][PASSED] - click: Object: 'Object Repository/Store Request Schedule 1/Page_Store/button_Add' is clicked on

2018-05-21 20:32:22 - [MESSAGE][PASSED] - Object: 'Object Repository/Store Request Schedule 1/Page_Store/button_Add' is clicked on

2018-05-21 20:32:22 - [TEST_STEP][PASSED] - selectOptionByIndex: All options with index in [2] are selected on object 'Object Repository/Store Request Schedule 1/Page_Store/select_--Select--Schedule 1Inj'

2018-05-21 20:32:22 - [MESSAGE][PASSED] - All options with index in [2] are selected on object 'Object Repository/Store Request Schedule 1/Page_Store/select_--Select--Schedule 1Inj'

2018-05-21 20:32:22 - [TEST_STEP][PASSED] - delay: Delayed 1 second(s)

2018-05-21 20:32:23 - [MESSAGE][PASSED] - Delayed 1 second(s)

2018-05-21 20:32:23 - [TEST_STEP][PASSED] - selectOptionByIndex: All options with index in [59] are selected on object 'Object Repository/Store Request Schedule 1/Page_Store/select_--Select--Adernaline 0.'

2018-05-21 20:32:23 - [MESSAGE][PASSED] - All options with index in [59] are selected on object 'Object Repository/Store Request Schedule 1/Page_Store/select_--Select--Adernaline 0.'

2018-05-21 20:32:23 - [TEST_STEP][PASSED] - setText: Text '100' is set on object 'Object Repository/Store Request Schedule 1/Page_Store/input_txttreat'

2018-05-21 20:32:24 - [MESSAGE][PASSED] - Text '100' is set on object 'Object Repository/Store Request Schedule 1/Page_Store/input_txttreat'

2018-05-21 20:32:24 - [TEST_STEP][PASSED] - click: Object: 'Object Repository/Store Request Schedule 1/Page_Store/button_Add' is clicked on

2018-05-21 20:32:24 - [MESSAGE][PASSED] - Object: 'Object Repository/Store Request Schedule 1/Page_Store/button_Add' is clicked on

2018-05-21 20:32:24 - [TEST_STEP][PASSED] - selectOptionByIndex: All options with index in [2] are selected on object 'Object Repository/Store Request Schedule 1/Page_Store/select_--Select--Schedule 1Inj'

2018-05-21 20:32:24 - [MESSAGE][PASSED] - All options with index in [2] are selected on object 'Object Repository/Store Request Schedule 1/Page_Store/select_--Select--Schedule 1Inj'

2018-05-21 20:32:24 - [TEST_STEP][PASSED] - delay: Delayed 1 second(s)

2018-05-21 20:32:25 - [MESSAGE][PASSED] - Delayed 1 second(s)

2018-05-21 20:32:25 - [TEST_STEP][PASSED] - selectOptionByIndex: All options with index in [60] are selected on object 'Object Repository/Store Request Schedule 1/Page_Store/select_--Select--Adernaline 0.'

2018-05-21 20:32:25 - [MESSAGE][PASSED] - All options with index in [60] are selected on object 'Object Repository/Store Request Schedule 1/Page_Store/select_--Select--Adernaline 0.'

2018-05-21 20:32:25 - [TEST_STEP][PASSED] - setText: Text '100' is set on object 'Object Repository/Store Request Schedule 1/Page_Store/input_txttreat'

2018-05-21 20:32:25 - [MESSAGE][PASSED] - Text '100' is set on object 'Object Repository/Store Request Schedule 1/Page_Store/input_txttreat'

2018-05-21 20:32:25 - [TEST_STEP][PASSED] - click: Object: 'Object Repository/Store Request Schedule 1/Page_Store/button_Add' is clicked on

2018-05-21 20:32:26 - [MESSAGE][PASSED] - Object: 'Object Repository/Store Request Schedule 1/Page_Store/button_Add' is clicked on

2018-05-21 20:32:26 - [TEST_STEP][PASSED] - selectOptionByIndex: All options with index in [2] are selected on object 'Object Repository/Store Request Schedule 1/Page_Store/select_--Select--Schedule 1Inj'

2018-05-21 20:32:26 - [MESSAGE][PASSED] - All options with index in [2] are selected on object 'Object Repository/Store Request Schedule 1/Page_Store/select_--Select--Schedule 1Inj'

2018-05-21 20:32:26 - [TEST_STEP][PASSED] - delay: Delayed 1 second(s)

2018-05-21 20:32:27 - [MESSAGE][PASSED] - Delayed 1 second(s)

2018-05-21 20:32:27 - [TEST_STEP][PASSED] - selectOptionByIndex: All options with index in [61] are selected on object 'Object Repository/Store Request Schedule 1/Page_Store/select_--Select--Adernaline 0.'

2018-05-21 20:32:27 - [MESSAGE][PASSED] - All options with index in [61] are selected on object 'Object Repository/Store Request Schedule 1/Page_Store/select_--Select--Adernaline 0.'

2018-05-21 20:32:27 - [TEST_STEP][PASSED] - setText: Text '100' is set on object 'Object Repository/Store Request Schedule 1/Page_Store/input_txttreat'

2018-05-21 20:32:27 - [MESSAGE][PASSED] - Text '100' is set on object 'Object Repository/Store Request Schedule 1/Page_Store/input_txttreat'

2018-05-21 20:32:27 - [TEST_STEP][PASSED] - click: Object: 'Object Repository/Store Request Schedule 1/Page_Store/button_Add' is clicked on

2018-05-21 20:32:27 - [MESSAGE][PASSED] - Object: 'Object Repository/Store Request Schedule 1/Page_Store/button_Add' is clicked on

2018-05-21 20:32:27 - [TEST_STEP][PASSED] - selectOptionByIndex: All options with index in [2] are selected on object 'Object Repository/Store Request Schedule 1/Page_Store/select_--Select--Schedule 1Inj'

2018-05-21 20:32:28 - [MESSAGE][PASSED] - All options with index in [2] are selected on object 'Object Repository/Store Request Schedule 1/Page_Store/select_--Select--Schedule 1Inj'

2018-05-21 20:32:28 - [TEST_STEP][PASSED] - delay: Delayed 1 second(s)

2018-05-21 20:32:29 - [MESSAGE][PASSED] - Delayed 1 second(s)

2018-05-21 20:32:29 - [TEST_STEP][PASSED] - selectOptionByIndex: All options with index in [62] are selected on object 'Object Repository/Store Request Schedule 1/Page_Store/select_--Select--Adernaline 0.'

2018-05-21 20:32:29 - [MESSAGE][PASSED] - All options with index in [62] are selected on object 'Object Repository/Store Request Schedule 1/Page_Store/select_--Select--Adernaline 0.'

2018-05-21 20:32:29 - [TEST_STEP][PASSED] - setText: Text '100' is set on object 'Object Repository/Store Request Schedule 1/Page_Store/input_txttreat'

2018-05-21 20:32:29 - [MESSAGE][PASSED] - Text '100' is set on object 'Object Repository/Store Request Schedule 1/Page_Store/input_txttreat'

2018-05-21 20:32:29 - [TEST_STEP][PASSED] - click: Object: 'Object Repository/Store Request Schedule 1/Page_Store/button_Add' is clicked on

2018-05-21 20:32:29 - [MESSAGE][PASSED] - Object: 'Object Repository/Store Request Schedule 1/Page_Store/button_Add' is clicked on

2018-05-21 20:32:29 - [TEST_STEP][PASSED] - selectOptionByIndex: All options with index in [2] are selected on object 'Object Repository/Store Request Schedule 1/Page_Store/select_--Select--Schedule 1Inj'

2018-05-21 20:32:30 - [MESSAGE][PASSED] - All options with index in [2] are selected on object 'Object Repository/Store Request Schedule 1/Page_Store/select_--Select--Schedule 1Inj'

2018-05-21 20:32:30 - [TEST_STEP][PASSED] - delay: Delayed 1 second(s)

2018-05-21 20:32:31 - [MESSAGE][PASSED] - Delayed 1 second(s)

2018-05-21 20:32:31 - [TEST_STEP][PASSED] - selectOptionByIndex: All options with index in [63] are selected on object 'Object Repository/Store Request Schedule 1/Page_Store/select_--Select--Adernaline 0.'

2018-05-21 20:32:31 - [MESSAGE][PASSED] - All options with index in [63] are selected on object 'Object Repository/Store Request Schedule 1/Page_Store/select_--Select--Adernaline 0.'

2018-05-21 20:32:31 - [TEST_STEP][PASSED] - setText: Text '100' is set on object 'Object Repository/Store Request Schedule 1/Page_Store/input_txttreat'

2018-05-21 20:32:31 - [MESSAGE][PASSED] - Text '100' is set on object 'Object Repository/Store Request Schedule 1/Page_Store/input_txttreat'

2018-05-21 20:32:31 - [TEST_STEP][PASSED] - click: Object: 'Object Repository/Store Request Schedule 1/Page_Store/button_Add' is clicked on

2018-05-21 20:32:31 - [MESSAGE][PASSED] - Object: 'Object Repository/Store Request Schedule 1/Page_Store/button_Add' is clicked on

2018-05-21 20:32:31 - [TEST_STEP][PASSED] - selectOptionByIndex: All options with index in [2] are selected on object 'Object Repository/Store Request Schedule 1/Page_Store/select_--Select--Schedule 1Inj'

2018-05-21 20:32:31 - [MESSAGE][PASSED] - All options with index in [2] are selected on object 'Object Repository/Store Request Schedule 1/Page_Store/select_--Select--Schedule 1Inj'

2018-05-21 20:32:31 - [TEST_STEP][PASSED] - delay: Delayed 1 second(s)

2018-05-21 20:32:32 - [MESSAGE][PASSED] - Delayed 1 second(s)

2018-05-21 20:32:32 - [TEST_STEP][PASSED] - selectOptionByIndex: All options with index in [64] are selected on object 'Object Repository/Store Request Schedule 1/Page_Store/select_--Select--Adernaline 0.'

2018-05-21 20:32:33 - [MESSAGE][PASSED] - All options with index in [64] are selected on object 'Object Repository/Store Request Schedule 1/Page_Store/select_--Select--Adernaline 0.'

2018-05-21 20:32:33 - [TEST_STEP][PASSED] - setText: Text '100' is set on object 'Object Repository/Store Request Schedule 1/Page_Store/input_txttreat'

2018-05-21 20:32:33 - [MESSAGE][PASSED] - Text '100' is set on object 'Object Repository/Store Request Schedule 1/Page_Store/input_txttreat'

2018-05-21 20:32:33 - [TEST_STEP][PASSED] - click: Object: 'Object Repository/Store Request Schedule 1/Page_Store/button_Add' is clicked on

2018-05-21 20:32:33 - [MESSAGE][PASSED] - Object: 'Object Repository/Store Request Schedule 1/Page_Store/button_Add' is clicked on

2018-05-21 20:32:33 - [TEST_STEP][PASSED] - selectOptionByIndex: All options with index in [2] are selected on object 'Object Repository/Store Request Schedule 1/Page_Store/select_--Select--Schedule 1Inj'

2018-05-21 20:32:33 - [MESSAGE][PASSED] - All options with index in [2] are selected on object 'Object Repository/Store Request Schedule 1/Page_Store/select_--Select--Schedule 1Inj'

2018-05-21 20:32:33 - [TEST_STEP][PASSED] - delay: Delayed 1 second(s)

2018-05-21 20:32:34 - [MESSAGE][PASSED] - Delayed 1 second(s)

2018-05-21 20:32:34 - [TEST_STEP][PASSED] - selectOptionByIndex: All options with index in [65] are selected on object 'Object Repository/Store Request Schedule 1/Page_Store/select_--Select--Adernaline 0.'

2018-05-21 20:32:35 - [MESSAGE][PASSED] - All options with index in [65] are selected on object 'Object Repository/Store Request Schedule 1/Page_Store/select_--Select--Adernaline 0.'

2018-05-21 20:32:35 - [TEST_STEP][PASSED] - setText: Text '100' is set on object 'Object Repository/Store Request Schedule 1/Page_Store/input_txttreat'

2018-05-21 20:32:35 - [MESSAGE][PASSED] - Text '100' is set on object 'Object Repository/Store Request Schedule 1/Page_Store/input_txttreat'

2018-05-21 20:32:35 - [TEST_STEP][PASSED] - click: Object: 'Object Repository/Store Request Schedule 1/Page_Store/button_Add' is clicked on

2018-05-21 20:32:35 - [MESSAGE][PASSED] - Object: 'Object Repository/Store Request Schedule 1/Page_Store/button_Add' is clicked on

2018-05-21 20:32:35 - [TEST_STEP][PASSED] - selectOptionByIndex: All options with index in [2] are selected on object 'Object Repository/Store Request Schedule 1/Page_Store/select_--Select--Schedule 1Inj'

2018-05-21 20:32:35 - [MESSAGE][PASSED] - All options with index in [2] are selected on object 'Object Repository/Store Request Schedule 1/Page_Store/select_--Select--Schedule 1Inj'

2018-05-21 20:32:35 - [TEST_STEP][PASSED] - delay: Delayed 1 second(s)

2018-05-21 20:32:36 - [MESSAGE][PASSED] - Delayed 1 second(s)

2018-05-21 20:32:36 - [TEST_STEP][PASSED] - selectOptionByIndex: All options with index in [66] are selected on object 'Object Repository/Store Request Schedule 1/Page_Store/select_--Select--Adernaline 0.'

2018-05-21 20:32:37 - [MESSAGE][PASSED] - All options with index in [66] are selected on object 'Object Repository/Store Request Schedule 1/Page_Store/select_--Select--Adernaline 0.'

2018-05-21 20:32:37 - [TEST_STEP][PASSED] - setText: Text '100' is set on object 'Object Repository/Store Request Schedule 1/Page_Store/input_txttreat'

2018-05-21 20:32:37 - [MESSAGE][PASSED] - Text '100' is set on object 'Object Repository/Store Request Schedule 1/Page_Store/input_txttreat'

2018-05-21 20:32:37 - [TEST_STEP][PASSED] - click: Object: 'Object Repository/Store Request Schedule 1/Page_Store/button_Add' is clicked on

2018-05-21 20:32:37 - [MESSAGE][PASSED] - Object: 'Object Repository/Store Request Schedule 1/Page_Store/button_Add' is clicked on

2018-05-21 20:32:37 - [TEST_STEP][PASSED] - selectOptionByIndex: All options with index in [2] are selected on object 'Object Repository/Store Request Schedule 1/Page_Store/select_--Select--Schedule 1Inj'

2018-05-21 20:32:37 - [MESSAGE][PASSED] - All options with index in [2] are selected on object 'Object Repository/Store Request Schedule 1/Page_Store/select_--Select--Schedule 1Inj'

2018-05-21 20:32:37 - [TEST_STEP][PASSED] - delay: Delayed 1 second(s)

2018-05-21 20:32:38 - [MESSAGE][PASSED] - Delayed 1 second(s)

2018-05-21 20:32:38 - [TEST_STEP][PASSED] - selectOptionByIndex: All options with index in [67] are selected on object 'Object Repository/Store Request Schedule 1/Page_Store/select_--Select--Adernaline 0.'

2018-05-21 20:32:39 - [MESSAGE][PASSED] - All options with index in [67] are selected on object 'Object Repository/Store Request Schedule 1/Page_Store/select_--Select--Adernaline 0.'

2018-05-21 20:32:39 - [TEST_STEP][PASSED] - setText: Text '100' is set on object 'Object Repository/Store Request Schedule 1/Page_Store/input_txttreat'

2018-05-21 20:32:39 - [MESSAGE][PASSED] - Text '100' is set on object 'Object Repository/Store Request Schedule 1/Page_Store/input_txttreat'

2018-05-21 20:32:39 - [TEST_STEP][PASSED] - click: Object: 'Object Repository/Store Request Schedule 1/Page_Store/button_Add' is clicked on

2018-05-21 20:32:39 - [MESSAGE][PASSED] - Object: 'Object Repository/Store Request Schedule 1/Page_Store/button_Add' is clicked on

2018-05-21 20:32:39 - [TEST_STEP][PASSED] - selectOptionByIndex: All options with index in [2] are selected on object 'Object Repository/Store Request Schedule 1/Page_Store/select_--Select--Schedule 1Inj'

2018-05-21 20:32:39 - [MESSAGE][PASSED] - All options with index in [2] are selected on object 'Object Repository/Store Request Schedule 1/Page_Store/select_--Select--Schedule 1Inj'

2018-05-21 20:32:39 - [TEST_STEP][PASSED] - delay: Delayed 1 second(s)

2018-05-21 20:32:40 - [MESSAGE][PASSED] - Delayed 1 second(s)

2018-05-21 20:32:40 - [TEST_STEP][PASSED] - selectOptionByIndex: All options with index in [68] are selected on object 'Object Repository/Store Request Schedule 1/Page_Store/select_--Select--Adernaline 0.'

2018-05-21 20:32:41 - [MESSAGE][PASSED] - All options with index in [68] are selected on object 'Object Repository/Store Request Schedule 1/Page_Store/select_--Select--Adernaline 0.'

2018-05-21 20:32:41 - [TEST_STEP][PASSED] - setText: Text '100' is set on object 'Object Repository/Store Request Schedule 1/Page_Store/input_txttreat'

2018-05-21 20:32:41 - [MESSAGE][PASSED] - Text '100' is set on object 'Object Repository/Store Request Schedule 1/Page_Store/input_txttreat'

2018-05-21 20:32:41 - [TEST_STEP][PASSED] - click: Object: 'Object Repository/Store Request Schedule 1/Page_Store/button_Add' is clicked on

2018-05-21 20:32:41 - [MESSAGE][PASSED] - Object: 'Object Repository/Store Request Schedule 1/Page_Store/button_Add' is clicked on

2018-05-21 20:32:41 - [TEST_STEP][PASSED] - selectOptionByIndex: All options with index in [2] are selected on object 'Object Repository/Store Request Schedule 1/Page_Store/select_--Select--Schedule 1Inj'

2018-05-21 20:32:41 - [MESSAGE][PASSED] - All options with index in [2] are selected on object 'Object Repository/Store Request Schedule 1/Page_Store/select_--Select--Schedule 1Inj'

2018-05-21 20:32:41 - [TEST_STEP][PASSED] - delay: Delayed 1 second(s)

2018-05-21 20:32:42 - [MESSAGE][PASSED] - Delayed 1 second(s)

2018-05-21 20:32:42 - [TEST_STEP][PASSED] - selectOptionByIndex: All options with index in [69] are selected on object 'Object Repository/Store Request Schedule 1/Page_Store/select_--Select--Adernaline 0.'

2018-05-21 20:32:43 - [MESSAGE][PASSED] - All options with index in [69] are selected on object 'Object Repository/Store Request Schedule 1/Page_Store/select_--Select--Adernaline 0.'

2018-05-21 20:32:43 - [TEST_STEP][PASSED] - setText: Text '100' is set on object 'Object Repository/Store Request Schedule 1/Page_Store/input_txttreat'

2018-05-21 20:32:43 - [MESSAGE][PASSED] - Text '100' is set on object 'Object Repository/Store Request Schedule 1/Page_Store/input_txttreat'

2018-05-21 20:32:43 - [TEST_STEP][PASSED] - click: Object: 'Object Repository/Store Request Schedule 1/Page_Store/button_Add' is clicked on

2018-05-21 20:32:43 - [MESSAGE][PASSED] - Object: 'Object Repository/Store Request Schedule 1/Page_Store/button_Add' is clicked on

2018-05-21 20:32:43 - [TEST_STEP][PASSED] - selectOptionByIndex: All options with index in [2] are selected on object 'Object Repository/Store Request Schedule 1/Page_Store/select_--Select--Schedule 1Inj'

2018-05-21 20:32:43 - [MESSAGE][PASSED] - All options with index in [2] are selected on object 'Object Repository/Store Request Schedule 1/Page_Store/select_--Select--Schedule 1Inj'

2018-05-21 20:32:43 - [TEST_STEP][PASSED] - delay: Delayed 1 second(s)

2018-05-21 20:32:44 - [MESSAGE][PASSED] - Delayed 1 second(s)

2018-05-21 20:32:44 - [TEST_STEP][PASSED] - selectOptionByIndex: All options with index in [70] are selected on object 'Object Repository/Store Request Schedule 1/Page_Store/select_--Select--Adernaline 0.'

2018-05-21 20:32:45 - [MESSAGE][PASSED] - All options with index in [70] are selected on object 'Object Repository/Store Request Schedule 1/Page_Store/select_--Select--Adernaline 0.'

2018-05-21 20:32:45 - [TEST_STEP][PASSED] - setText: Text '100' is set on object 'Object Repository/Store Request Schedule 1/Page_Store/input_txttreat'

2018-05-21 20:32:45 - [MESSAGE][PASSED] - Text '100' is set on object 'Object Repository/Store Request Schedule 1/Page_Store/input_txttreat'

2018-05-21 20:32:45 - [TEST_STEP][PASSED] - click: Object: 'Object Repository/Store Request Schedule 1/Page_Store/button_Add' is clicked on

2018-05-21 20:32:45 - [MESSAGE][PASSED] - Object: 'Object Repository/Store Request Schedule 1/Page_Store/button_Add' is clicked on

2018-05-21 20:32:45 - [TEST_STEP][PASSED] - selectOptionByIndex: All options with index in [2] are selected on object 'Object Repository/Store Request Schedule 1/Page_Store/select_--Select--Schedule 1Inj'

2018-05-21 20:32:45 - [MESSAGE][PASSED] - All options with index in [2] are selected on object 'Object Repository/Store Request Schedule 1/Page_Store/select_--Select--Schedule 1Inj'

2018-05-21 20:32:45 - [TEST_STEP][PASSED] - delay: Delayed 1 second(s)

2018-05-21 20:32:46 - [MESSAGE][PASSED] - Delayed 1 second(s)

2018-05-21 20:32:46 - [TEST_STEP][PASSED] - selectOptionByIndex: All options with index in [71] are selected on object 'Object Repository/Store Request Schedule 1/Page_Store/select_--Select--Adernaline 0.'

2018-05-21 20:32:47 - [MESSAGE][PASSED] - All options with index in [71] are selected on object 'Object Repository/Store Request Schedule 1/Page_Store/select_--Select--Adernaline 0.'

2018-05-21 20:32:47 - [TEST_STEP][PASSED] - setText: Text '100' is set on object 'Object Repository/Store Request Schedule 1/Page_Store/input_txttreat'

2018-05-21 20:32:47 - [MESSAGE][PASSED] - Text '100' is set on object 'Object Repository/Store Request Schedule 1/Page_Store/input_txttreat'

2018-05-21 20:32:47 - [TEST_STEP][PASSED] - click: Object: 'Object Repository/Store Request Schedule 1/Page_Store/button_Add' is clicked on

2018-05-21 20:32:47 - [MESSAGE][PASSED] - Object: 'Object Repository/Store Request Schedule 1/Page_Store/button_Add' is clicked on

2018-05-21 20:32:47 - [TEST_STEP][PASSED] - selectOptionByIndex: All options with index in [2] are selected on object 'Object Repository/Store Request Schedule 1/Page_Store/select_--Select--Schedule 1Inj'

2018-05-21 20:32:47 - [MESSAGE][PASSED] - All options with index in [2] are selected on object 'Object Repository/Store Request Schedule 1/Page_Store/select_--Select--Schedule 1Inj'

2018-05-21 20:32:47 - [TEST_STEP][PASSED] - delay: Delayed 1 second(s)

2018-05-21 20:32:48 - [MESSAGE][PASSED] - Delayed 1 second(s)

2018-05-21 20:32:48 - [TEST_STEP][PASSED] - selectOptionByIndex: All options with index in [72] are selected on object 'Object Repository/Store Request Schedule 1/Page_Store/select_--Select--Adernaline 0.'

2018-05-21 20:32:49 - [MESSAGE][PASSED] - All options with index in [72] are selected on object 'Object Repository/Store Request Schedule 1/Page_Store/select_--Select--Adernaline 0.'

2018-05-21 20:32:49 - [TEST_STEP][PASSED] - setText: Text '100' is set on object 'Object Repository/Store Request Schedule 1/Page_Store/input_txttreat'

2018-05-21 20:32:49 - [MESSAGE][PASSED] - Text '100' is set on object 'Object Repository/Store Request Schedule 1/Page_Store/input_txttreat'

2018-05-21 20:32:49 - [TEST_STEP][PASSED] - click: Object: 'Object Repository/Store Request Schedule 1/Page_Store/button_Add' is clicked on

2018-05-21 20:32:49 - [MESSAGE][PASSED] - Object: 'Object Repository/Store Request Schedule 1/Page_Store/button_Add' is clicked on

2018-05-21 20:32:49 - [TEST_STEP][PASSED] - delay: Delayed 2 second(s)

2018-05-21 20:32:51 - [MESSAGE][PASSED] - Delayed 2 second(s)

2018-05-21 20:32:51 - [TEST_STEP][PASSED] - scrollToElement: Scroll to object 'Object Repository/Store Request Schedule 1/Page_Store/input_btnsave' successfully

2018-05-21 20:32:51 - [MESSAGE][PASSED] - Scroll to object 'Object Repository/Store Request Schedule 1/Page_Store/input_btnsave' successfully

2018-05-21 20:32:51 - [TEST_STEP][PASSED] - click: Object: 'Object Repository/Store Request Schedule 1/Page_Store/input_btnsave' is clicked on

2018-05-21 20:32:52 - [MESSAGE][PASSED] - Object: 'Object Repository/Store Request Schedule 1/Page_Store/input_btnsave' is clicked on

2018-05-21 20:32:52 - [TEST_STEP][PASSED] - delay: Delayed 4 second(s)

2018-05-21 20:32:56 - [MESSAGE][PASSED] - Delayed 4 second(s)

2018-05-21 20:32:56 - [TEST_STEP][PASSED] - Statement - Cms_RequestNumber = com.kms.katalon.core.webui.keyword.WebUiBuiltInKeywords.getText(com.kms.katalon.core.testobject.ObjectRepository.findTestObject(Store Request Schedule 1/Page_Store/font_PRNO050520189)): Text of object 'Object Repository/Store Request Schedule 1/Page_Store/font_PRNO050520189' is: 'PRNO/21052018/329'

2018-05-21 20:32:56 - [MESSAGE][PASSED] - Text of object 'Object Repository/Store Request Schedule 1/Page_Store/font_PRNO050520189' is: 'PRNO/21052018/329'

2018-05-21 20:32:56 - [TEST_STEP][PASSED] - Statement - CR = Cms_RequestNumber.trim(): null

2018-05-21 20:32:56 - [TEST_STEP][PASSED] - Statement - out.println("RQ :" + Cms_RequestNumber): null

2018-05-21 20:32:56 - [TEST_STEP][PASSED] - Statement - RequestNumberID = Cms_RequestNumber.split("/")[2].trim(): null

2018-05-21 20:32:56 - [TEST_STEP][PASSED] - Statement - out.println("RQ ID :" + RequestNumberID): null

2018-05-21 20:32:56 - [TEST_STEP][PASSED] - delay: Delayed 3 second(s)

2018-05-21 20:32:59 - [MESSAGE][PASSED] - Delayed 3 second(s)

2018-05-21 20:32:59 - [TEST_STEP][PASSED] - Statement - ok = com.kms.katalon.core.webui.keyword.WebUiBuiltInKeywords.click(com.kms.katalon.core.testobject.ObjectRepository.findTestObject(Store Request Schedule 1/Page_Store/button_OK)): Object: 'Object Repository/Store Request Schedule 1/Page_Store/button_OK' is clicked on

2018-05-21 20:32:59 - [MESSAGE][PASSED] - Object: 'Object Repository/Store Request Schedule 1/Page_Store/button_OK' is clicked on

2018-05-21 20:32:59 - [TEST_STEP][PASSED] - delay: Delayed 3 second(s)

2018-05-21 20:33:02 - [MESSAGE][PASSED] - Delayed 3 second(s)

2018-05-21 20:33:02 - [TEST_STEP][PASSED] - click: Object: 'Object Repository/Store Request Schedule 1/Page_Store/a_dropdown-toggle' is clicked on

2018-05-21 20:33:03 - [MESSAGE][PASSED] - Object: 'Object Repository/Store Request Schedule 1/Page_Store/a_dropdown-toggle' is clicked on

2018-05-21 20:33:03 - [TEST_STEP][PASSED] - click: Object: 'Object Repository/Store Request Schedule 1/Page_Store/a_Sign out' is clicked on

2018-05-21 20:33:03 - [MESSAGE][PASSED] - Object: 'Object Repository/Store Request Schedule 1/Page_Store/a_Sign out' is clicked on

2018-05-21 20:33:03 - [TEST_STEP][PASSED] - delay: Delayed 3 second(s)

2018-05-21 20:33:06 - [MESSAGE][PASSED] - Delayed 3 second(s)

2018-05-21 20:33:06 - [TEST_STEP][PASSED] - click: Object: 'Object Repository/Store Request Schedule 1/Page_KDMC/a_CMO' is clicked on

2018-05-21 20:33:07 - [MESSAGE][PASSED] - Object: 'Object Repository/Store Request Schedule 1/Page_KDMC/a_CMO' is clicked on

2018-05-21 20:33:07 - [TEST_STEP][PASSED] - setText: Text 'guru' is set on object 'Object Repository/Store Request Schedule 1/Page_CMO login/input_txtusername'

2018-05-21 20:33:07 - [MESSAGE][PASSED] - Text 'guru' is set on object 'Object Repository/Store Request Schedule 1/Page_CMO login/input_txtusername'

2018-05-21 20:33:07 - [TEST_STEP][PASSED] - setText: Text '123' is set on object 'Object Repository/Store Request Schedule 1/Page_CMO login/input_txtpassword'

2018-05-21 20:33:07 - [MESSAGE][PASSED] - Text '123' is set on object 'Object Repository/Store Request Schedule 1/Page_CMO login/input_txtpassword'

2018-05-21 20:33:07 - [TEST_STEP][PASSED] - delay: Delayed 3 second(s)

2018-05-21 20:33:10 - [MESSAGE][PASSED] - Delayed 3 second(s)

2018-05-21 20:33:10 - [TEST_STEP][PASSED] - click: Object: 'Object Repository/Store Request Schedule 1/Page_CMO login/button_Sign in' is clicked on

2018-05-21 20:33:11 - [MESSAGE][PASSED] - Object: 'Object Repository/Store Request Schedule 1/Page_CMO login/button_Sign in' is clicked on

2018-05-21 20:33:11 - [TEST_STEP][PASSED] - delay: Delayed 2 second(s)

2018-05-21 20:33:13 - [MESSAGE][PASSED] - Delayed 2 second(s)

2018-05-21 20:33:13 - [TEST_STEP][PASSED] - click: Object: 'Object Repository/Store Request Schedule 1/Page_KDMC - CMO/span_Department Wise Request' is clicked on

2018-05-21 20:33:14 - [MESSAGE][PASSED] - Object: 'Object Repository/Store Request Schedule 1/Page_KDMC - CMO/span_Department Wise Request' is clicked on

2018-05-21 20:33:14 - [TEST_STEP][PASSED] - click: Object: 'Object Repository/Store Request Schedule 1/Page_KDMC - CMO/a_CMS Request' is clicked on

2018-05-21 20:33:14 - [MESSAGE][PASSED] - Object: 'Object Repository/Store Request Schedule 1/Page_KDMC - CMO/a_CMS Request' is clicked on

2018-05-21 20:33:14 - [TEST_STEP][PASSED] - click: Object: 'Object Repository/Store Request Schedule 1/Page_KDMC - CMO/a_CMS Request' is clicked on

2018-05-21 20:33:14 - [MESSAGE][PASSED] - Object: 'Object Repository/Store Request Schedule 1/Page_KDMC - CMO/a_CMS Request' is clicked on

2018-05-21 20:33:14 - [TEST_STEP][PASSED] - click: Object: 'Object Repository/Store Request Schedule 1/Page_KDMC - CMO/span_Divisional Store Request' is clicked on

2018-05-21 20:33:16 - [MESSAGE][PASSED] - Object: 'Object Repository/Store Request Schedule 1/Page_KDMC - CMO/span_Divisional Store Request' is clicked on

2018-05-21 20:33:16 - [TEST_STEP][PASSED] - delay: Delayed 2 second(s)

2018-05-21 20:33:18 - [MESSAGE][PASSED] - Delayed 2 second(s)

2018-05-21 20:33:18 - [TEST_STEP][PASSED] - Statement - approval = com.kms.katalon.core.webui.keyword.WebUiBuiltInKeywords.modifyObjectProperty(com.kms.katalon.core.testobject.ObjectRepository.findTestObject(Store Request Schedule 1/Page_KDMC - CMO/input_PRNO050520189), "xpath", "equals", "//*[@id=" + RequestNumberID + "]", true): Modify property of object successfully

2018-05-21 20:33:18 - [MESSAGE][PASSED] - Modify property of object successfully

2018-05-21 20:33:18 - [TEST_STEP][PASSED] - click: Object: 'Object Repository/Store Request Schedule 1/Page_KDMC - CMO/input_PRNO050520189' is clicked on

2018-05-21 20:33:18 - [MESSAGE][PASSED] - Object: 'Object Repository/Store Request Schedule 1/Page_KDMC - CMO/input_PRNO050520189' is clicked on

2018-05-21 20:33:18 - [TEST_STEP][PASSED] - delay: Delayed 2 second(s)

2018-05-21 20:33:20 - [MESSAGE][PASSED] - Delayed 2 second(s)

2018-05-21 20:33:20 - [TEST_STEP][PASSED] - selectOptionByIndex: All options with index in [1] are selected on object 'Object Repository/Store Request Schedule 1/Page_KDMC - CMO/select_--Select--'

2018-05-21 20:33:20 - [MESSAGE][PASSED] - All options with index in [1] are selected on object 'Object Repository/Store Request Schedule 1/Page_KDMC - CMO/select_--Select--'

2018-05-21 20:33:20 - [TEST_STEP][PASSED] - click: Object: 'Object Repository/Store Request Schedule 1/Page_KDMC - CMO/input_btnupdate' is clicked on

2018-05-21 20:33:20 - [MESSAGE][PASSED] - Object: 'Object Repository/Store Request Schedule 1/Page_KDMC - CMO/input_btnupdate' is clicked on

2018-05-21 20:33:20 - [TEST_STEP][PASSED] - delay: Delayed 2 second(s)

2018-05-21 20:33:22 - [MESSAGE][PASSED] - Delayed 2 second(s)

2018-05-21 20:33:22 - [TEST_STEP][PASSED] - click: Object: 'Object Repository/Store Request Schedule 1/Page_KDMC - CMO/button_OK' is clicked on

2018-05-21 20:33:23 - [MESSAGE][PASSED] - Object: 'Object Repository/Store Request Schedule 1/Page_KDMC - CMO/button_OK' is clicked on

2018-05-21 20:33:23 - [TEST_STEP][PASSED] - delay: Delayed 2 second(s)

2018-05-21 20:33:25 - [MESSAGE][PASSED] - Delayed 2 second(s)

2018-05-21 20:33:25 - [TEST_STEP][PASSED] - click: Object: 'Object Repository/Store Request Schedule 1/Page_KDMC - CMO/a_dropdown-toggle' is clicked on

2018-05-21 20:33:25 - [MESSAGE][PASSED] - Object: 'Object Repository/Store Request Schedule 1/Page_KDMC - CMO/a_dropdown-toggle' is clicked on

2018-05-21 20:33:25 - [TEST_STEP][PASSED] - click: Object: 'Object Repository/Store Request Schedule 1/Page_KDMC - CMO/a_Sign out' is clicked on

2018-05-21 20:33:25 - [MESSAGE][PASSED] - Object: 'Object Repository/Store Request Schedule 1/Page_KDMC - CMO/a_Sign out' is clicked on

2018-05-21 20:33:25 - [TEST_STEP][PASSED] - delay: Delayed 3 second(s)

2018-05-21 20:33:28 - [MESSAGE][PASSED] - Delayed 3 second(s)

2018-05-21 20:33:28 - [TEST_STEP][PASSED] - click: Object: 'Object Repository/store Request Schedule 1/Page_KDMC/a_CMS' is clicked on

2018-05-21 20:33:28 - [MESSAGE][PASSED] - Object: 'Object Repository/store Request Schedule 1/Page_KDMC/a_CMS' is clicked on

2018-05-21 20:33:28 - [TEST_STEP][PASSED] - setText: Text 'bala' is set on object 'Object Repository/store Request Schedule 1/Page_CMS login/input_txtusername'

2018-05-21 20:33:29 - [MESSAGE][PASSED] - Text 'bala' is set on object 'Object Repository/store Request Schedule 1/Page_CMS login/input_txtusername'

2018-05-21 20:33:29 - [TEST_STEP][PASSED] - setText: Text '123' is set on object 'Object Repository/store Request Schedule 1/Page_CMS login/input_txtpassword'

2018-05-21 20:33:29 - [MESSAGE][PASSED] - Text '123' is set on object 'Object Repository/store Request Schedule 1/Page_CMS login/input_txtpassword'

2018-05-21 20:33:29 - [TEST_STEP][PASSED] - delay: Delayed 3 second(s)

2018-05-21 20:33:32 - [MESSAGE][PASSED] - Delayed 3 second(s)

2018-05-21 20:33:32 - [TEST_STEP][PASSED] - click: Object: 'Object Repository/store Request Schedule 1/Page_CMS login/button_Sign in' is clicked on

2018-05-21 20:33:32 - [MESSAGE][PASSED] - Object: 'Object Repository/store Request Schedule 1/Page_CMS login/button_Sign in' is clicked on

2018-05-21 20:33:32 - [TEST_STEP][PASSED] - delay: Delayed 2 second(s)

2018-05-21 20:33:34 - [MESSAGE][PASSED] - Delayed 2 second(s)

2018-05-21 20:33:34 - [TEST_STEP][PASSED] - click: Object: 'Object Repository/store Request Schedule 1/Page_KDMC - CMS/a_Divisional Store' is clicked on

2018-05-21 20:33:34 - [MESSAGE][PASSED] - Object: 'Object Repository/store Request Schedule 1/Page_KDMC - CMS/a_Divisional Store' is clicked on

2018-05-21 20:33:34 - [TEST_STEP][PASSED] - delay: Delayed 2 second(s)

2018-05-21 20:33:36 - [MESSAGE][PASSED] - Delayed 2 second(s)

2018-05-21 20:33:36 - [TEST_STEP][PASSED] - click: Object: 'Object Repository/store Request Schedule 1/Page_KDMC - CMS/a_Dispatch Items' is clicked on

2018-05-21 20:33:37 - [MESSAGE][PASSED] - Object: 'Object Repository/store Request Schedule 1/Page_KDMC - CMS/a_Dispatch Items' is clicked on

2018-05-21 20:33:37 - [TEST_STEP][PASSED] - setText: Text 'PRNO/21052018/329' is set on object 'Object Repository/store Request Schedule 1/Page_KDMC - CMS/input'

2018-05-21 20:33:38 - [MESSAGE][PASSED] - Text 'PRNO/21052018/329' is set on object 'Object Repository/store Request Schedule 1/Page_KDMC - CMS/input'

2018-05-21 20:33:38 - [TEST_STEP][PASSED] - click: Object: 'Object Repository/store Request Schedule 1/Page_KDMC - CMS/td_text-center' is clicked on

2018-05-21 20:33:38 - [MESSAGE][PASSED] - Object: 'Object Repository/store Request Schedule 1/Page_KDMC - CMS/td_text-center' is clicked on

2018-05-21 20:33:38 - [TEST_STEP][PASSED] - delay: Delayed 2 second(s)

2018-05-21 20:33:40 - [MESSAGE][PASSED] - Delayed 2 second(s)

2018-05-21 20:33:40 - [TEST_STEP][PASSED] - Statement - For ([row = 0, row < SelectedOptions - 1, (row++)]): null

2018-05-21 20:33:40 - [TEST_STEP][PASSED] - Statement - batchlength = new com.kms.katalon.core.testobject.TestObject(): null

2018-05-21 20:33:40 - [TEST_STEP][PASSED] - Statement - batchlength = com.kms.katalon.core.webui.keyword.WebUiBuiltInKeywords.modifyObjectProperty(batchlength, "xpath", "equals", "//*[@id = "fldvendor" + row + ""]", true): Modify property of object successfully

2018-05-21 20:33:40 - [MESSAGE][PASSED] - Modify property of object successfully

2018-05-21 20:33:40 - [TEST_STEP][PASSED] - Statement - batchsize = com.kms.katalon.core.webui.keyword.WebUiBuiltInKeywords.getNumberOfTotalOption(batchlength): 5 options of object '' counted

2018-05-21 20:33:40 - [MESSAGE][PASSED] - 5 options of object '' counted

2018-05-21 20:33:40 - [TEST_STEP][PASSED] - Statement - out.println("BatchSize : " + batchsize): null

2018-05-21 20:33:40 - [TEST_STEP][PASSED] - Statement - For ([n = 1, n <= batchsize - 1, (n++)]): null

2018-05-21 20:33:40 - [TEST_STEP][PASSED] - Statement - product = new com.kms.katalon.core.testobject.TestObject(): null

2018-05-21 20:33:40 - [TEST_STEP][PASSED] - Statement - product = com.kms.katalon.core.webui.keyword.WebUiBuiltInKeywords.modifyObjectProperty(product, "xpath", "equals", "//*[@id = "fldvendor" + row + ""]", true): Modify property of object successfully

2018-05-21 20:33:40 - [MESSAGE][PASSED] - Modify property of object successfully

2018-05-21 20:33:40 - [TEST_STEP][PASSED] - selectOptionByIndex: All options with index in [1] are selected on object ''

2018-05-21 20:33:40 - [MESSAGE][PASSED] - All options with index in [1] are selected on object ''

2018-05-21 20:33:40 - [TEST_STEP][PASSED] - Statement - batch = new com.kms.katalon.core.testobject.TestObject(): null

2018-05-21 20:33:40 - [TEST_STEP][PASSED] - Statement - batch = com.kms.katalon.core.webui.keyword.WebUiBuiltInKeywords.modifyObjectProperty(batch, "xpath", "equals", "//*[@id = "txtbthqty" + row + ""]", true): Modify property of object successfully

2018-05-21 20:33:40 - [MESSAGE][PASSED] - Modify property of object successfully

2018-05-21 20:33:40 - [TEST_STEP][PASSED] - Statement - batchqty = com.kms.katalon.core.webui.keyword.WebUiBuiltInKeywords.getAttribute(batch, "value").trim(): Attribute 'value' of object '' is: '38500'

2018-05-21 20:33:40 - [MESSAGE][PASSED] - Attribute 'value' of object '' is: '38500'

2018-05-21 20:33:40 - [TEST_STEP][PASSED] - Statement - Rqty = 100: null

2018-05-21 20:33:40 - [TEST_STEP][PASSED] - delay: Delayed 2 second(s)

2018-05-21 20:33:42 - [MESSAGE][PASSED] - Delayed 2 second(s)

2018-05-21 20:33:42 - [TEST_STEP][PASSED] - Statement - out.println("BatchQty : " + batchqty): null

2018-05-21 20:33:42 - [TEST_STEP][PASSED] - Statement - out.println("RQty : " + Rqty): null

2018-05-21 20:33:42 - [TEST_STEP][PASSED] - Statement - If (java.lang.Integer.valueOf(batchqty) >= java.lang.Integer.valueOf(Rqty)): null

2018-05-21 20:33:42 - [TEST_STEP][PASSED] - Statement - Break: null

2018-05-21 20:33:42 - [TEST_STEP][PASSED] - Statement - batchlength = new com.kms.katalon.core.testobject.TestObject(): null

2018-05-21 20:33:42 - [TEST_STEP][PASSED] - Statement - batchlength = com.kms.katalon.core.webui.keyword.WebUiBuiltInKeywords.modifyObjectProperty(batchlength, "xpath", "equals", "//*[@id = "fldvendor" + row + ""]", true): Modify property of object successfully

2018-05-21 20:33:42 - [MESSAGE][PASSED] - Modify property of object successfully

2018-05-21 20:33:42 - [TEST_STEP][PASSED] - Statement - batchsize = com.kms.katalon.core.webui.keyword.WebUiBuiltInKeywords.getNumberOfTotalOption(batchlength): 5 options of object '' counted

2018-05-21 20:33:42 - [MESSAGE][PASSED] - 5 options of object '' counted

2018-05-21 20:33:42 - [TEST_STEP][PASSED] - Statement - out.println("BatchSize : " + batchsize): null

2018-05-21 20:33:42 - [TEST_STEP][PASSED] - Statement - For ([n = 1, n <= batchsize - 1, (n++)]): null

2018-05-21 20:33:42 - [TEST_STEP][PASSED] - Statement - product = new com.kms.katalon.core.testobject.TestObject(): null

2018-05-21 20:33:42 - [TEST_STEP][PASSED] - Statement - product = com.kms.katalon.core.webui.keyword.WebUiBuiltInKeywords.modifyObjectProperty(product, "xpath", "equals", "//*[@id = "fldvendor" + row + ""]", true): Modify property of object successfully

2018-05-21 20:33:42 - [MESSAGE][PASSED] - Modify property of object successfully

2018-05-21 20:33:42 - [TEST_STEP][PASSED] - selectOptionByIndex: All options with index in [1] are selected on object ''

2018-05-21 20:33:42 - [MESSAGE][PASSED] - All options with index in [1] are selected on object ''

2018-05-21 20:33:42 - [TEST_STEP][PASSED] - Statement - batch = new com.kms.katalon.core.testobject.TestObject(): null

2018-05-21 20:33:42 - [TEST_STEP][PASSED] - Statement - batch = com.kms.katalon.core.webui.keyword.WebUiBuiltInKeywords.modifyObjectProperty(batch, "xpath", "equals", "//*[@id = "txtbthqty" + row + ""]", true): Modify property of object successfully

2018-05-21 20:33:42 - [MESSAGE][PASSED] - Modify property of object successfully

2018-05-21 20:33:42 - [TEST_STEP][PASSED] - Statement - batchqty = com.kms.katalon.core.webui.keyword.WebUiBuiltInKeywords.getAttribute(batch, "value").trim(): Attribute 'value' of object '' is: '4800'

2018-05-21 20:33:42 - [MESSAGE][PASSED] - Attribute 'value' of object '' is: '4800'

2018-05-21 20:33:42 - [TEST_STEP][PASSED] - Statement - Rqty = 100: null

2018-05-21 20:33:42 - [TEST_STEP][PASSED] - delay: Delayed 2 second(s)

2018-05-21 20:33:44 - [MESSAGE][PASSED] - Delayed 2 second(s)

2018-05-21 20:33:44 - [TEST_STEP][PASSED] - Statement - out.println("BatchQty : " + batchqty): null

2018-05-21 20:33:44 - [TEST_STEP][PASSED] - Statement - out.println("RQty : " + Rqty): null

2018-05-21 20:33:44 - [TEST_STEP][PASSED] - Statement - If (java.lang.Integer.valueOf(batchqty) >= java.lang.Integer.valueOf(Rqty)): null

2018-05-21 20:33:44 - [TEST_STEP][PASSED] - Statement - Break: null

2018-05-21 20:33:44 - [TEST_STEP][PASSED] - Statement - batchlength = new com.kms.katalon.core.testobject.TestObject(): null

2018-05-21 20:33:44 - [TEST_STEP][PASSED] - Statement - batchlength = com.kms.katalon.core.webui.keyword.WebUiBuiltInKeywords.modifyObjectProperty(batchlength, "xpath", "equals", "//*[@id = "fldvendor" + row + ""]", true): Modify property of object successfully

2018-05-21 20:33:44 - [MESSAGE][PASSED] - Modify property of object successfully

2018-05-21 20:33:44 - [TEST_STEP][PASSED] - Statement - batchsize = com.kms.katalon.core.webui.keyword.WebUiBuiltInKeywords.getNumberOfTotalOption(batchlength): 5 options of object '' counted

2018-05-21 20:33:44 - [MESSAGE][PASSED] - 5 options of object '' counted

2018-05-21 20:33:44 - [TEST_STEP][PASSED] - Statement - out.println("BatchSize : " + batchsize): null

2018-05-21 20:33:44 - [TEST_STEP][PASSED] - Statement - For ([n = 1, n <= batchsize - 1, (n++)]): null

2018-05-21 20:33:44 - [TEST_STEP][PASSED] - Statement - product = new com.kms.katalon.core.testobject.TestObject(): null

2018-05-21 20:33:44 - [TEST_STEP][PASSED] - Statement - product = com.kms.katalon.core.webui.keyword.WebUiBuiltInKeywords.modifyObjectProperty(product, "xpath", "equals", "//*[@id = "fldvendor" + row + ""]", true): Modify property of object successfully

2018-05-21 20:33:44 - [MESSAGE][PASSED] - Modify property of object successfully

2018-05-21 20:33:44 - [TEST_STEP][PASSED] - selectOptionByIndex: All options with index in [1] are selected on object ''

2018-05-21 20:33:45 - [MESSAGE][PASSED] - All options with index in [1] are selected on object ''

2018-05-21 20:33:45 - [TEST_STEP][PASSED] - Statement - batch = new com.kms.katalon.core.testobject.TestObject(): null

2018-05-21 20:33:45 - [TEST_STEP][PASSED] - Statement - batch = com.kms.katalon.core.webui.keyword.WebUiBuiltInKeywords.modifyObjectProperty(batch, "xpath", "equals", "//*[@id = "txtbthqty" + row + ""]", true): Modify property of object successfully

2018-05-21 20:33:45 - [MESSAGE][PASSED] - Modify property of object successfully

2018-05-21 20:33:45 - [TEST_STEP][PASSED] - Statement - batchqty = com.kms.katalon.core.webui.keyword.WebUiBuiltInKeywords.getAttribute(batch, "value").trim(): Attribute 'value' of object '' is: '3800'

2018-05-21 20:33:45 - [MESSAGE][PASSED] - Attribute 'value' of object '' is: '3800'

2018-05-21 20:33:45 - [TEST_STEP][PASSED] - Statement - Rqty = 100: null

2018-05-21 20:33:45 - [TEST_STEP][PASSED] - delay: Delayed 2 second(s)

2018-05-21 20:33:47 - [MESSAGE][PASSED] - Delayed 2 second(s)

2018-05-21 20:33:47 - [TEST_STEP][PASSED] - Statement - out.println("BatchQty : " + batchqty): null

2018-05-21 20:33:47 - [TEST_STEP][PASSED] - Statement - out.println("RQty : " + Rqty): null

2018-05-21 20:33:47 - [TEST_STEP][PASSED] - Statement - If (java.lang.Integer.valueOf(batchqty) >= java.lang.Integer.valueOf(Rqty)): null

2018-05-21 20:33:47 - [TEST_STEP][PASSED] - Statement - Break: null

2018-05-21 20:33:47 - [TEST_STEP][PASSED] - Statement - batchlength = new com.kms.katalon.core.testobject.TestObject(): null

2018-05-21 20:33:47 - [TEST_STEP][PASSED] - Statement - batchlength = com.kms.katalon.core.webui.keyword.WebUiBuiltInKeywords.modifyObjectProperty(batchlength, "xpath", "equals", "//*[@id = "fldvendor" + row + ""]", true): Modify property of object successfully

2018-05-21 20:33:47 - [MESSAGE][PASSED] - Modify property of object successfully

2018-05-21 20:33:47 - [TEST_STEP][PASSED] - Statement - batchsize = com.kms.katalon.core.webui.keyword.WebUiBuiltInKeywords.getNumberOfTotalOption(batchlength): 5 options of object '' counted

2018-05-21 20:33:47 - [MESSAGE][PASSED] - 5 options of object '' counted

2018-05-21 20:33:47 - [TEST_STEP][PASSED] - Statement - out.println("BatchSize : " + batchsize): null

2018-05-21 20:33:47 - [TEST_STEP][PASSED] - Statement - For ([n = 1, n <= batchsize - 1, (n++)]): null

2018-05-21 20:33:47 - [TEST_STEP][PASSED] - Statement - product = new com.kms.katalon.core.testobject.TestObject(): null

2018-05-21 20:33:47 - [TEST_STEP][PASSED] - Statement - product = com.kms.katalon.core.webui.keyword.WebUiBuiltInKeywords.modifyObjectProperty(product, "xpath", "equals", "//*[@id = "fldvendor" + row + ""]", true): Modify property of object successfully

2018-05-21 20:33:47 - [MESSAGE][PASSED] - Modify property of object successfully

2018-05-21 20:33:47 - [TEST_STEP][PASSED] - selectOptionByIndex: All options with index in [1] are selected on object ''

2018-05-21 20:33:47 - [MESSAGE][PASSED] - All options with index in [1] are selected on object ''

2018-05-21 20:33:47 - [TEST_STEP][PASSED] - Statement - batch = new com.kms.katalon.core.testobject.TestObject(): null

2018-05-21 20:33:47 - [TEST_STEP][PASSED] - Statement - batch = com.kms.katalon.core.webui.keyword.WebUiBuiltInKeywords.modifyObjectProperty(batch, "xpath", "equals", "//*[@id = "txtbthqty" + row + ""]", true): Modify property of object successfully

2018-05-21 20:33:47 - [MESSAGE][PASSED] - Modify property of object successfully

2018-05-21 20:33:47 - [TEST_STEP][PASSED] - Statement - batchqty = com.kms.katalon.core.webui.keyword.WebUiBuiltInKeywords.getAttribute(batch, "value").trim(): Attribute 'value' of object '' is: '38500'

2018-05-21 20:33:47 - [MESSAGE][PASSED] - Attribute 'value' of object '' is: '38500'

2018-05-21 20:33:47 - [TEST_STEP][PASSED] - Statement - Rqty = 100: null

2018-05-21 20:33:47 - [TEST_STEP][PASSED] - delay: Delayed 2 second(s)

2018-05-21 20:33:49 - [MESSAGE][PASSED] - Delayed 2 second(s)

2018-05-21 20:33:49 - [TEST_STEP][PASSED] - Statement - out.println("BatchQty : " + batchqty): null

2018-05-21 20:33:49 - [TEST_STEP][PASSED] - Statement - out.println("RQty : " + Rqty): null

2018-05-21 20:33:49 - [TEST_STEP][PASSED] - Statement - If (java.lang.Integer.valueOf(batchqty) >= java.lang.Integer.valueOf(Rqty)): null

2018-05-21 20:33:49 - [TEST_STEP][PASSED] - Statement - Break: null

2018-05-21 20:33:49 - [TEST_STEP][PASSED] - Statement - batchlength = new com.kms.katalon.core.testobject.TestObject(): null

2018-05-21 20:33:49 - [TEST_STEP][PASSED] - Statement - batchlength = com.kms.katalon.core.webui.keyword.WebUiBuiltInKeywords.modifyObjectProperty(batchlength, "xpath", "equals", "//*[@id = "fldvendor" + row + ""]", true): Modify property of object successfully

2018-05-21 20:33:49 - [MESSAGE][PASSED] - Modify property of object successfully

2018-05-21 20:33:49 - [TEST_STEP][PASSED] - Statement - batchsize = com.kms.katalon.core.webui.keyword.WebUiBuiltInKeywords.getNumberOfTotalOption(batchlength): 5 options of object '' counted

2018-05-21 20:33:49 - [MESSAGE][PASSED] - 5 options of object '' counted

2018-05-21 20:33:49 - [TEST_STEP][PASSED] - Statement - out.println("BatchSize : " + batchsize): null

2018-05-21 20:33:49 - [TEST_STEP][PASSED] - Statement - For ([n = 1, n <= batchsize - 1, (n++)]): null

2018-05-21 20:33:49 - [TEST_STEP][PASSED] - Statement - product = new com.kms.katalon.core.testobject.TestObject(): null

2018-05-21 20:33:49 - [TEST_STEP][PASSED] - Statement - product = com.kms.katalon.core.webui.keyword.WebUiBuiltInKeywords.modifyObjectProperty(product, "xpath", "equals", "//*[@id = "fldvendor" + row + ""]", true): Modify property of object successfully

2018-05-21 20:33:49 - [MESSAGE][PASSED] - Modify property of object successfully

2018-05-21 20:33:49 - [TEST_STEP][PASSED] - selectOptionByIndex: All options with index in [1] are selected on object ''

2018-05-21 20:33:49 - [MESSAGE][PASSED] - All options with index in [1] are selected on object ''

2018-05-21 20:33:49 - [TEST_STEP][PASSED] - Statement - batch = new com.kms.katalon.core.testobject.TestObject(): null

2018-05-21 20:33:49 - [TEST_STEP][PASSED] - Statement - batch = com.kms.katalon.core.webui.keyword.WebUiBuiltInKeywords.modifyObjectProperty(batch, "xpath", "equals", "//*[@id = "txtbthqty" + row + ""]", true): Modify property of object successfully

2018-05-21 20:33:49 - [MESSAGE][PASSED] - Modify property of object successfully

2018-05-21 20:33:49 - [TEST_STEP][PASSED] - Statement - batchqty = com.kms.katalon.core.webui.keyword.WebUiBuiltInKeywords.getAttribute(batch, "value").trim(): Attribute 'value' of object '' is: '4800'

2018-05-21 20:33:49 - [MESSAGE][PASSED] - Attribute 'value' of object '' is: '4800'

2018-05-21 20:33:49 - [TEST_STEP][PASSED] - Statement - Rqty = 100: null

2018-05-21 20:33:49 - [TEST_STEP][PASSED] - delay: Delayed 2 second(s)

2018-05-21 20:33:51 - [MESSAGE][PASSED] - Delayed 2 second(s)

2018-05-21 20:33:51 - [TEST_STEP][PASSED] - Statement - out.println("BatchQty : " + batchqty): null

2018-05-21 20:33:51 - [TEST_STEP][PASSED] - Statement - out.println("RQty : " + Rqty): null

2018-05-21 20:33:51 - [TEST_STEP][PASSED] - Statement - If (java.lang.Integer.valueOf(batchqty) >= java.lang.Integer.valueOf(Rqty)): null

2018-05-21 20:33:51 - [TEST_STEP][PASSED] - Statement - Break: null

2018-05-21 20:33:51 - [TEST_STEP][PASSED] - Statement - batchlength = new com.kms.katalon.core.testobject.TestObject(): null

2018-05-21 20:33:51 - [TEST_STEP][PASSED] - Statement - batchlength = com.kms.katalon.core.webui.keyword.WebUiBuiltInKeywords.modifyObjectProperty(batchlength, "xpath", "equals", "//*[@id = "fldvendor" + row + ""]", true): Modify property of object successfully

2018-05-21 20:33:51 - [MESSAGE][PASSED] - Modify property of object successfully

2018-05-21 20:33:51 - [TEST_STEP][PASSED] - Statement - batchsize = com.kms.katalon.core.webui.keyword.WebUiBuiltInKeywords.getNumberOfTotalOption(batchlength): 5 options of object '' counted

2018-05-21 20:33:51 - [MESSAGE][PASSED] - 5 options of object '' counted

2018-05-21 20:33:51 - [TEST_STEP][PASSED] - Statement - out.println("BatchSize : " + batchsize): null

2018-05-21 20:33:51 - [TEST_STEP][PASSED] - Statement - For ([n = 1, n <= batchsize - 1, (n++)]): null

2018-05-21 20:33:51 - [TEST_STEP][PASSED] - Statement - product = new com.kms.katalon.core.testobject.TestObject(): null

2018-05-21 20:33:51 - [TEST_STEP][PASSED] - Statement - product = com.kms.katalon.core.webui.keyword.WebUiBuiltInKeywords.modifyObjectProperty(product, "xpath", "equals", "//*[@id = "fldvendor" + row + ""]", true): Modify property of object successfully

2018-05-21 20:33:51 - [MESSAGE][PASSED] - Modify property of object successfully

2018-05-21 20:33:51 - [TEST_STEP][PASSED] - selectOptionByIndex: All options with index in [1] are selected on object ''

2018-05-21 20:33:51 - [MESSAGE][PASSED] - All options with index in [1] are selected on object ''

2018-05-21 20:33:51 - [TEST_STEP][PASSED] - Statement - batch = new com.kms.katalon.core.testobject.TestObject(): null

2018-05-21 20:33:51 - [TEST_STEP][PASSED] - Statement - batch = com.kms.katalon.core.webui.keyword.WebUiBuiltInKeywords.modifyObjectProperty(batch, "xpath", "equals", "//*[@id = "txtbthqty" + row + ""]", true): Modify property of object successfully

2018-05-21 20:33:51 - [MESSAGE][PASSED] - Modify property of object successfully

2018-05-21 20:33:51 - [TEST_STEP][PASSED] - Statement - batchqty = com.kms.katalon.core.webui.keyword.WebUiBuiltInKeywords.getAttribute(batch, "value").trim(): Attribute 'value' of object '' is: '4800'

2018-05-21 20:33:51 - [MESSAGE][PASSED] - Attribute 'value' of object '' is: '4800'

2018-05-21 20:33:51 - [TEST_STEP][PASSED] - Statement - Rqty = 100: null

2018-05-21 20:33:51 - [TEST_STEP][PASSED] - delay: Delayed 2 second(s)

2018-05-21 20:33:53 - [MESSAGE][PASSED] - Delayed 2 second(s)

2018-05-21 20:33:53 - [TEST_STEP][PASSED] - Statement - out.println("BatchQty : " + batchqty): null

2018-05-21 20:33:53 - [TEST_STEP][PASSED] - Statement - out.println("RQty : " + Rqty): null

2018-05-21 20:33:53 - [TEST_STEP][PASSED] - Statement - If (java.lang.Integer.valueOf(batchqty) >= java.lang.Integer.valueOf(Rqty)): null

2018-05-21 20:33:53 - [TEST_STEP][PASSED] - Statement - Break: null

2018-05-21 20:33:53 - [TEST_STEP][PASSED] - Statement - batchlength = new com.kms.katalon.core.testobject.TestObject(): null

2018-05-21 20:33:53 - [TEST_STEP][PASSED] - Statement - batchlength = com.kms.katalon.core.webui.keyword.WebUiBuiltInKeywords.modifyObjectProperty(batchlength, "xpath", "equals", "//*[@id = "fldvendor" + row + ""]", true): Modify property of object successfully

2018-05-21 20:33:53 - [MESSAGE][PASSED] - Modify property of object successfully

2018-05-21 20:33:53 - [TEST_STEP][PASSED] - Statement - batchsize = com.kms.katalon.core.webui.keyword.WebUiBuiltInKeywords.getNumberOfTotalOption(batchlength): 5 options of object '' counted

2018-05-21 20:33:53 - [MESSAGE][PASSED] - 5 options of object '' counted

2018-05-21 20:33:53 - [TEST_STEP][PASSED] - Statement - out.println("BatchSize : " + batchsize): null

2018-05-21 20:33:53 - [TEST_STEP][PASSED] - Statement - For ([n = 1, n <= batchsize - 1, (n++)]): null

2018-05-21 20:33:53 - [TEST_STEP][PASSED] - Statement - product = new com.kms.katalon.core.testobject.TestObject(): null

2018-05-21 20:33:53 - [TEST_STEP][PASSED] - Statement - product = com.kms.katalon.core.webui.keyword.WebUiBuiltInKeywords.modifyObjectProperty(product, "xpath", "equals", "//*[@id = "fldvendor" + row + ""]", true): Modify property of object successfully

2018-05-21 20:33:53 - [MESSAGE][PASSED] - Modify property of object successfully

2018-05-21 20:33:53 - [TEST_STEP][PASSED] - selectOptionByIndex: All options with index in [1] are selected on object ''

2018-05-21 20:33:54 - [MESSAGE][PASSED] - All options with index in [1] are selected on object ''

2018-05-21 20:33:54 - [TEST_STEP][PASSED] - Statement - batch = new com.kms.katalon.core.testobject.TestObject(): null

2018-05-21 20:33:54 - [TEST_STEP][PASSED] - Statement - batch = com.kms.katalon.core.webui.keyword.WebUiBuiltInKeywords.modifyObjectProperty(batch, "xpath", "equals", "//*[@id = "txtbthqty" + row + ""]", true): Modify property of object successfully

2018-05-21 20:33:54 - [MESSAGE][PASSED] - Modify property of object successfully

2018-05-21 20:33:54 - [TEST_STEP][PASSED] - Statement - batchqty = com.kms.katalon.core.webui.keyword.WebUiBuiltInKeywords.getAttribute(batch, "value").trim(): Attribute 'value' of object '' is: '4800'

2018-05-21 20:33:54 - [MESSAGE][PASSED] - Attribute 'value' of object '' is: '4800'

2018-05-21 20:33:54 - [TEST_STEP][PASSED] - Statement - Rqty = 100: null

2018-05-21 20:33:54 - [TEST_STEP][PASSED] - delay: Delayed 2 second(s)

2018-05-21 20:33:56 - [MESSAGE][PASSED] - Delayed 2 second(s)

2018-05-21 20:33:56 - [TEST_STEP][PASSED] - Statement - out.println("BatchQty : " + batchqty): null

2018-05-21 20:33:56 - [TEST_STEP][PASSED] - Statement - out.println("RQty : " + Rqty): null

2018-05-21 20:33:56 - [TEST_STEP][PASSED] - Statement - If (java.lang.Integer.valueOf(batchqty) >= java.lang.Integer.valueOf(Rqty)): null

2018-05-21 20:33:56 - [TEST_STEP][PASSED] - Statement - Break: null

2018-05-21 20:33:56 - [TEST_STEP][PASSED] - Statement - batchlength = new com.kms.katalon.core.testobject.TestObject(): null

2018-05-21 20:33:56 - [TEST_STEP][PASSED] - Statement - batchlength = com.kms.katalon.core.webui.keyword.WebUiBuiltInKeywords.modifyObjectProperty(batchlength, "xpath", "equals", "//*[@id = "fldvendor" + row + ""]", true): Modify property of object successfully

2018-05-21 20:33:56 - [MESSAGE][PASSED] - Modify property of object successfully

2018-05-21 20:33:56 - [TEST_STEP][PASSED] - Statement - batchsize = com.kms.katalon.core.webui.keyword.WebUiBuiltInKeywords.getNumberOfTotalOption(batchlength): 5 options of object '' counted

2018-05-21 20:33:56 - [MESSAGE][PASSED] - 5 options of object '' counted

2018-05-21 20:33:56 - [TEST_STEP][PASSED] - Statement - out.println("BatchSize : " + batchsize): null

2018-05-21 20:33:56 - [TEST_STEP][PASSED] - Statement - For ([n = 1, n <= batchsize - 1, (n++)]): null

2018-05-21 20:33:56 - [TEST_STEP][PASSED] - Statement - product = new com.kms.katalon.core.testobject.TestObject(): null

2018-05-21 20:33:56 - [TEST_STEP][PASSED] - Statement - product = com.kms.katalon.core.webui.keyword.WebUiBuiltInKeywords.modifyObjectProperty(product, "xpath", "equals", "//*[@id = "fldvendor" + row + ""]", true): Modify property of object successfully

2018-05-21 20:33:56 - [MESSAGE][PASSED] - Modify property of object successfully

2018-05-21 20:33:56 - [TEST_STEP][PASSED] - selectOptionByIndex: All options with index in [1] are selected on object ''

2018-05-21 20:33:56 - [MESSAGE][PASSED] - All options with index in [1] are selected on object ''

2018-05-21 20:33:56 - [TEST_STEP][PASSED] - Statement - batch = new com.kms.katalon.core.testobject.TestObject(): null

2018-05-21 20:33:56 - [TEST_STEP][PASSED] - Statement - batch = com.kms.katalon.core.webui.keyword.WebUiBuiltInKeywords.modifyObjectProperty(batch, "xpath", "equals", "//*[@id = "txtbthqty" + row + ""]", true): Modify property of object successfully

2018-05-21 20:33:56 - [MESSAGE][PASSED] - Modify property of object successfully

2018-05-21 20:33:56 - [TEST_STEP][PASSED] - Statement - batchqty = com.kms.katalon.core.webui.keyword.WebUiBuiltInKeywords.getAttribute(batch, "value").trim(): Attribute 'value' of object '' is: '3800'

2018-05-21 20:33:56 - [MESSAGE][PASSED] - Attribute 'value' of object '' is: '3800'

2018-05-21 20:33:56 - [TEST_STEP][PASSED] - Statement - Rqty = 100: null

2018-05-21 20:33:56 - [TEST_STEP][PASSED] - delay: Delayed 2 second(s)

2018-05-21 20:33:58 - [MESSAGE][PASSED] - Delayed 2 second(s)

2018-05-21 20:33:58 - [TEST_STEP][PASSED] - Statement - out.println("BatchQty : " + batchqty): null

2018-05-21 20:33:58 - [TEST_STEP][PASSED] - Statement - out.println("RQty : " + Rqty): null

2018-05-21 20:33:58 - [TEST_STEP][PASSED] - Statement - If (java.lang.Integer.valueOf(batchqty) >= java.lang.Integer.valueOf(Rqty)): null

2018-05-21 20:33:58 - [TEST_STEP][PASSED] - Statement - Break: null

2018-05-21 20:33:58 - [TEST_STEP][PASSED] - Statement - batchlength = new com.kms.katalon.core.testobject.TestObject(): null

2018-05-21 20:33:58 - [TEST_STEP][PASSED] - Statement - batchlength = com.kms.katalon.core.webui.keyword.WebUiBuiltInKeywords.modifyObjectProperty(batchlength, "xpath", "equals", "//*[@id = "fldvendor" + row + ""]", true): Modify property of object successfully

2018-05-21 20:33:58 - [MESSAGE][PASSED] - Modify property of object successfully

2018-05-21 20:33:58 - [TEST_STEP][PASSED] - Statement - batchsize = com.kms.katalon.core.webui.keyword.WebUiBuiltInKeywords.getNumberOfTotalOption(batchlength): 5 options of object '' counted

2018-05-21 20:33:58 - [MESSAGE][PASSED] - 5 options of object '' counted

2018-05-21 20:33:58 - [TEST_STEP][PASSED] - Statement - out.println("BatchSize : " + batchsize): null

2018-05-21 20:33:58 - [TEST_STEP][PASSED] - Statement - For ([n = 1, n <= batchsize - 1, (n++)]): null

2018-05-21 20:33:58 - [TEST_STEP][PASSED] - Statement - product = new com.kms.katalon.core.testobject.TestObject(): null

2018-05-21 20:33:58 - [TEST_STEP][PASSED] - Statement - product = com.kms.katalon.core.webui.keyword.WebUiBuiltInKeywords.modifyObjectProperty(product, "xpath", "equals", "//*[@id = "fldvendor" + row + ""]", true): Modify property of object successfully

2018-05-21 20:33:58 - [MESSAGE][PASSED] - Modify property of object successfully

2018-05-21 20:33:58 - [TEST_STEP][PASSED] - selectOptionByIndex: All options with index in [1] are selected on object ''

2018-05-21 20:33:58 - [MESSAGE][PASSED] - All options with index in [1] are selected on object ''

2018-05-21 20:33:58 - [TEST_STEP][PASSED] - Statement - batch = new com.kms.katalon.core.testobject.TestObject(): null

2018-05-21 20:33:58 - [TEST_STEP][PASSED] - Statement - batch = com.kms.katalon.core.webui.keyword.WebUiBuiltInKeywords.modifyObjectProperty(batch, "xpath", "equals", "//*[@id = "txtbthqty" + row + ""]", true): Modify property of object successfully

2018-05-21 20:33:58 - [MESSAGE][PASSED] - Modify property of object successfully

2018-05-21 20:33:58 - [TEST_STEP][PASSED] - Statement - batchqty = com.kms.katalon.core.webui.keyword.WebUiBuiltInKeywords.getAttribute(batch, "value").trim(): Attribute 'value' of object '' is: '4800'

2018-05-21 20:33:58 - [MESSAGE][PASSED] - Attribute 'value' of object '' is: '4800'

2018-05-21 20:33:58 - [TEST_STEP][PASSED] - Statement - Rqty = 100: null

2018-05-21 20:33:58 - [TEST_STEP][PASSED] - delay: Delayed 2 second(s)

2018-05-21 20:34:00 - [MESSAGE][PASSED] - Delayed 2 second(s)

2018-05-21 20:34:00 - [TEST_STEP][PASSED] - Statement - out.println("BatchQty : " + batchqty): null

2018-05-21 20:34:00 - [TEST_STEP][PASSED] - Statement - out.println("RQty : " + Rqty): null

2018-05-21 20:34:00 - [TEST_STEP][PASSED] - Statement - If (java.lang.Integer.valueOf(batchqty) >= java.lang.Integer.valueOf(Rqty)): null

2018-05-21 20:34:00 - [TEST_STEP][PASSED] - Statement - Break: null

2018-05-21 20:34:00 - [TEST_STEP][PASSED] - Statement - batchlength = new com.kms.katalon.core.testobject.TestObject(): null

2018-05-21 20:34:00 - [TEST_STEP][PASSED] - Statement - batchlength = com.kms.katalon.core.webui.keyword.WebUiBuiltInKeywords.modifyObjectProperty(batchlength, "xpath", "equals", "//*[@id = "fldvendor" + row + ""]", true): Modify property of object successfully

2018-05-21 20:34:00 - [MESSAGE][PASSED] - Modify property of object successfully

2018-05-21 20:34:00 - [TEST_STEP][PASSED] - Statement - batchsize = com.kms.katalon.core.webui.keyword.WebUiBuiltInKeywords.getNumberOfTotalOption(batchlength): 5 options of object '' counted

2018-05-21 20:34:00 - [MESSAGE][PASSED] - 5 options of object '' counted

2018-05-21 20:34:00 - [TEST_STEP][PASSED] - Statement - out.println("BatchSize : " + batchsize): null

2018-05-21 20:34:00 - [TEST_STEP][PASSED] - Statement - For ([n = 1, n <= batchsize - 1, (n++)]): null

2018-05-21 20:34:00 - [TEST_STEP][PASSED] - Statement - product = new com.kms.katalon.core.testobject.TestObject(): null

2018-05-21 20:34:00 - [TEST_STEP][PASSED] - Statement - product = com.kms.katalon.core.webui.keyword.WebUiBuiltInKeywords.modifyObjectProperty(product, "xpath", "equals", "//*[@id = "fldvendor" + row + ""]", true): Modify property of object successfully

2018-05-21 20:34:00 - [MESSAGE][PASSED] - Modify property of object successfully

2018-05-21 20:34:00 - [TEST_STEP][PASSED] - selectOptionByIndex: All options with index in [1] are selected on object ''

2018-05-21 20:34:00 - [MESSAGE][PASSED] - All options with index in [1] are selected on object ''

2018-05-21 20:34:00 - [TEST_STEP][PASSED] - Statement - batch = new com.kms.katalon.core.testobject.TestObject(): null

2018-05-21 20:34:00 - [TEST_STEP][PASSED] - Statement - batch = com.kms.katalon.core.webui.keyword.WebUiBuiltInKeywords.modifyObjectProperty(batch, "xpath", "equals", "//*[@id = "txtbthqty" + row + ""]", true): Modify property of object successfully

2018-05-21 20:34:00 - [MESSAGE][PASSED] - Modify property of object successfully

2018-05-21 20:34:00 - [TEST_STEP][PASSED] - Statement - batchqty = com.kms.katalon.core.webui.keyword.WebUiBuiltInKeywords.getAttribute(batch, "value").trim(): Attribute 'value' of object '' is: '4800'

2018-05-21 20:34:00 - [MESSAGE][PASSED] - Attribute 'value' of object '' is: '4800'

2018-05-21 20:34:00 - [TEST_STEP][PASSED] - Statement - Rqty = 100: null

2018-05-21 20:34:00 - [TEST_STEP][PASSED] - delay: Delayed 2 second(s)

2018-05-21 20:34:02 - [MESSAGE][PASSED] - Delayed 2 second(s)

2018-05-21 20:34:02 - [TEST_STEP][PASSED] - Statement - out.println("BatchQty : " + batchqty): null

2018-05-21 20:34:02 - [TEST_STEP][PASSED] - Statement - out.println("RQty : " + Rqty): null

2018-05-21 20:34:02 - [TEST_STEP][PASSED] - Statement - If (java.lang.Integer.valueOf(batchqty) >= java.lang.Integer.valueOf(Rqty)): null

2018-05-21 20:34:02 - [TEST_STEP][PASSED] - Statement - Break: null

2018-05-21 20:34:02 - [TEST_STEP][PASSED] - Statement - batchlength = new com.kms.katalon.core.testobject.TestObject(): null

2018-05-21 20:34:02 - [TEST_STEP][PASSED] - Statement - batchlength = com.kms.katalon.core.webui.keyword.WebUiBuiltInKeywords.modifyObjectProperty(batchlength, "xpath", "equals", "//*[@id = "fldvendor" + row + ""]", true): Modify property of object successfully

2018-05-21 20:34:02 - [MESSAGE][PASSED] - Modify property of object successfully

2018-05-21 20:34:02 - [TEST_STEP][PASSED] - Statement - batchsize = com.kms.katalon.core.webui.keyword.WebUiBuiltInKeywords.getNumberOfTotalOption(batchlength): 5 options of object '' counted

2018-05-21 20:34:03 - [MESSAGE][PASSED] - 5 options of object '' counted

2018-05-21 20:34:03 - [TEST_STEP][PASSED] - Statement - out.println("BatchSize : " + batchsize): null

2018-05-21 20:34:03 - [TEST_STEP][PASSED] - Statement - For ([n = 1, n <= batchsize - 1, (n++)]): null

2018-05-21 20:34:03 - [TEST_STEP][PASSED] - Statement - product = new com.kms.katalon.core.testobject.TestObject(): null

2018-05-21 20:34:03 - [TEST_STEP][PASSED] - Statement - product = com.kms.katalon.core.webui.keyword.WebUiBuiltInKeywords.modifyObjectProperty(product, "xpath", "equals", "//*[@id = "fldvendor" + row + ""]", true): Modify property of object successfully

2018-05-21 20:34:03 - [MESSAGE][PASSED] - Modify property of object successfully

2018-05-21 20:34:03 - [TEST_STEP][PASSED] - selectOptionByIndex: All options with index in [1] are selected on object ''

2018-05-21 20:34:03 - [MESSAGE][PASSED] - All options with index in [1] are selected on object ''

2018-05-21 20:34:03 - [TEST_STEP][PASSED] - Statement - batch = new com.kms.katalon.core.testobject.TestObject(): null

2018-05-21 20:34:03 - [TEST_STEP][PASSED] - Statement - batch = com.kms.katalon.core.webui.keyword.WebUiBuiltInKeywords.modifyObjectProperty(batch, "xpath", "equals", "//*[@id = "txtbthqty" + row + ""]", true): Modify property of object successfully

2018-05-21 20:34:03 - [MESSAGE][PASSED] - Modify property of object successfully

2018-05-21 20:34:03 - [TEST_STEP][PASSED] - Statement - batchqty = com.kms.katalon.core.webui.keyword.WebUiBuiltInKeywords.getAttribute(batch, "value").trim(): Attribute 'value' of object '' is: '38500'

2018-05-21 20:34:03 - [MESSAGE][PASSED] - Attribute 'value' of object '' is: '38500'

2018-05-21 20:34:03 - [TEST_STEP][PASSED] - Statement - Rqty = 100: null

2018-05-21 20:34:03 - [TEST_STEP][PASSED] - delay: Delayed 2 second(s)

2018-05-21 20:34:05 - [MESSAGE][PASSED] - Delayed 2 second(s)

2018-05-21 20:34:05 - [TEST_STEP][PASSED] - Statement - out.println("BatchQty : " + batchqty): null

2018-05-21 20:34:05 - [TEST_STEP][PASSED] - Statement - out.println("RQty : " + Rqty): null

2018-05-21 20:34:05 - [TEST_STEP][PASSED] - Statement - If (java.lang.Integer.valueOf(batchqty) >= java.lang.Integer.valueOf(Rqty)): null

2018-05-21 20:34:05 - [TEST_STEP][PASSED] - Statement - Break: null

2018-05-21 20:34:05 - [TEST_STEP][PASSED] - Statement - batchlength = new com.kms.katalon.core.testobject.TestObject(): null

2018-05-21 20:34:05 - [TEST_STEP][PASSED] - Statement - batchlength = com.kms.katalon.core.webui.keyword.WebUiBuiltInKeywords.modifyObjectProperty(batchlength, "xpath", "equals", "//*[@id = "fldvendor" + row + ""]", true): Modify property of object successfully

2018-05-21 20:34:05 - [MESSAGE][PASSED] - Modify property of object successfully

2018-05-21 20:34:05 - [TEST_STEP][PASSED] - Statement - batchsize = com.kms.katalon.core.webui.keyword.WebUiBuiltInKeywords.getNumberOfTotalOption(batchlength): 5 options of object '' counted

2018-05-21 20:34:05 - [MESSAGE][PASSED] - 5 options of object '' counted

2018-05-21 20:34:05 - [TEST_STEP][PASSED] - Statement - out.println("BatchSize : " + batchsize): null

2018-05-21 20:34:05 - [TEST_STEP][PASSED] - Statement - For ([n = 1, n <= batchsize - 1, (n++)]): null

2018-05-21 20:34:05 - [TEST_STEP][PASSED] - Statement - product = new com.kms.katalon.core.testobject.TestObject(): null

2018-05-21 20:34:05 - [TEST_STEP][PASSED] - Statement - product = com.kms.katalon.core.webui.keyword.WebUiBuiltInKeywords.modifyObjectProperty(product, "xpath", "equals", "//*[@id = "fldvendor" + row + ""]", true): Modify property of object successfully

2018-05-21 20:34:05 - [MESSAGE][PASSED] - Modify property of object successfully

2018-05-21 20:34:05 - [TEST_STEP][PASSED] - selectOptionByIndex: All options with index in [1] are selected on object ''

2018-05-21 20:34:05 - [MESSAGE][PASSED] - All options with index in [1] are selected on object ''

2018-05-21 20:34:05 - [TEST_STEP][PASSED] - Statement - batch = new com.kms.katalon.core.testobject.TestObject(): null

2018-05-21 20:34:05 - [TEST_STEP][PASSED] - Statement - batch = com.kms.katalon.core.webui.keyword.WebUiBuiltInKeywords.modifyObjectProperty(batch, "xpath", "equals", "//*[@id = "txtbthqty" + row + ""]", true): Modify property of object successfully

2018-05-21 20:34:05 - [MESSAGE][PASSED] - Modify property of object successfully

2018-05-21 20:34:05 - [TEST_STEP][PASSED] - Statement - batchqty = com.kms.katalon.core.webui.keyword.WebUiBuiltInKeywords.getAttribute(batch, "value").trim(): Attribute 'value' of object '' is: '3800'

2018-05-21 20:34:05 - [MESSAGE][PASSED] - Attribute 'value' of object '' is: '3800'

2018-05-21 20:34:05 - [TEST_STEP][PASSED] - Statement - Rqty = 100: null

2018-05-21 20:34:05 - [TEST_STEP][PASSED] - delay: Delayed 2 second(s)

2018-05-21 20:34:07 - [MESSAGE][PASSED] - Delayed 2 second(s)

2018-05-21 20:34:07 - [TEST_STEP][PASSED] - Statement - out.println("BatchQty : " + batchqty): null

2018-05-21 20:34:07 - [TEST_STEP][PASSED] - Statement - out.println("RQty : " + Rqty): null

2018-05-21 20:34:07 - [TEST_STEP][PASSED] - Statement - If (java.lang.Integer.valueOf(batchqty) >= java.lang.Integer.valueOf(Rqty)): null

2018-05-21 20:34:07 - [TEST_STEP][PASSED] - Statement - Break: null

2018-05-21 20:34:07 - [TEST_STEP][PASSED] - Statement - batchlength = new com.kms.katalon.core.testobject.TestObject(): null

2018-05-21 20:34:07 - [TEST_STEP][PASSED] - Statement - batchlength = com.kms.katalon.core.webui.keyword.WebUiBuiltInKeywords.modifyObjectProperty(batchlength, "xpath", "equals", "//*[@id = "fldvendor" + row + ""]", true): Modify property of object successfully

2018-05-21 20:34:07 - [MESSAGE][PASSED] - Modify property of object successfully

2018-05-21 20:34:07 - [TEST_STEP][PASSED] - Statement - batchsize = com.kms.katalon.core.webui.keyword.WebUiBuiltInKeywords.getNumberOfTotalOption(batchlength): 5 options of object '' counted

2018-05-21 20:34:07 - [MESSAGE][PASSED] - 5 options of object '' counted

2018-05-21 20:34:07 - [TEST_STEP][PASSED] - Statement - out.println("BatchSize : " + batchsize): null

2018-05-21 20:34:07 - [TEST_STEP][PASSED] - Statement - For ([n = 1, n <= batchsize - 1, (n++)]): null

2018-05-21 20:34:07 - [TEST_STEP][PASSED] - Statement - product = new com.kms.katalon.core.testobject.TestObject(): null

2018-05-21 20:34:07 - [TEST_STEP][PASSED] - Statement - product = com.kms.katalon.core.webui.keyword.WebUiBuiltInKeywords.modifyObjectProperty(product, "xpath", "equals", "//*[@id = "fldvendor" + row + ""]", true): Modify property of object successfully

2018-05-21 20:34:07 - [MESSAGE][PASSED] - Modify property of object successfully

2018-05-21 20:34:07 - [TEST_STEP][PASSED] - selectOptionByIndex: All options with index in [1] are selected on object ''

2018-05-21 20:34:07 - [MESSAGE][PASSED] - All options with index in [1] are selected on object ''

2018-05-21 20:34:07 - [TEST_STEP][PASSED] - Statement - batch = new com.kms.katalon.core.testobject.TestObject(): null

2018-05-21 20:34:07 - [TEST_STEP][PASSED] - Statement - batch = com.kms.katalon.core.webui.keyword.WebUiBuiltInKeywords.modifyObjectProperty(batch, "xpath", "equals", "//*[@id = "txtbthqty" + row + ""]", true): Modify property of object successfully

2018-05-21 20:34:07 - [MESSAGE][PASSED] - Modify property of object successfully

2018-05-21 20:34:07 - [TEST_STEP][PASSED] - Statement - batchqty = com.kms.katalon.core.webui.keyword.WebUiBuiltInKeywords.getAttribute(batch, "value").trim(): Attribute 'value' of object '' is: '4800'

2018-05-21 20:34:07 - [MESSAGE][PASSED] - Attribute 'value' of object '' is: '4800'

2018-05-21 20:34:07 - [TEST_STEP][PASSED] - Statement - Rqty = 100: null

2018-05-21 20:34:07 - [TEST_STEP][PASSED] - delay: Delayed 2 second(s)

2018-05-21 20:34:09 - [MESSAGE][PASSED] - Delayed 2 second(s)

2018-05-21 20:34:09 - [TEST_STEP][PASSED] - Statement - out.println("BatchQty : " + batchqty): null

2018-05-21 20:34:09 - [TEST_STEP][PASSED] - Statement - out.println("RQty : " + Rqty): null

2018-05-21 20:34:09 - [TEST_STEP][PASSED] - Statement - If (java.lang.Integer.valueOf(batchqty) >= java.lang.Integer.valueOf(Rqty)): null

2018-05-21 20:34:09 - [TEST_STEP][PASSED] - Statement - Break: null

2018-05-21 20:34:09 - [TEST_STEP][PASSED] - Statement - batchlength = new com.kms.katalon.core.testobject.TestObject(): null

2018-05-21 20:34:09 - [TEST_STEP][PASSED] - Statement - batchlength = com.kms.katalon.core.webui.keyword.WebUiBuiltInKeywords.modifyObjectProperty(batchlength, "xpath", "equals", "//*[@id = "fldvendor" + row + ""]", true): Modify property of object successfully

2018-05-21 20:34:09 - [MESSAGE][PASSED] - Modify property of object successfully

2018-05-21 20:34:09 - [TEST_STEP][PASSED] - Statement - batchsize = com.kms.katalon.core.webui.keyword.WebUiBuiltInKeywords.getNumberOfTotalOption(batchlength): 5 options of object '' counted

2018-05-21 20:34:09 - [MESSAGE][PASSED] - 5 options of object '' counted

2018-05-21 20:34:09 - [TEST_STEP][PASSED] - Statement - out.println("BatchSize : " + batchsize): null

2018-05-21 20:34:09 - [TEST_STEP][PASSED] - Statement - For ([n = 1, n <= batchsize - 1, (n++)]): null

2018-05-21 20:34:09 - [TEST_STEP][PASSED] - Statement - product = new com.kms.katalon.core.testobject.TestObject(): null

2018-05-21 20:34:09 - [TEST_STEP][PASSED] - Statement - product = com.kms.katalon.core.webui.keyword.WebUiBuiltInKeywords.modifyObjectProperty(product, "xpath", "equals", "//*[@id = "fldvendor" + row + ""]", true): Modify property of object successfully

2018-05-21 20:34:09 - [MESSAGE][PASSED] - Modify property of object successfully

2018-05-21 20:34:09 - [TEST_STEP][PASSED] - selectOptionByIndex: All options with index in [1] are selected on object ''

2018-05-21 20:34:09 - [MESSAGE][PASSED] - All options with index in [1] are selected on object ''

2018-05-21 20:34:09 - [TEST_STEP][PASSED] - Statement - batch = new com.kms.katalon.core.testobject.TestObject(): null

2018-05-21 20:34:09 - [TEST_STEP][PASSED] - Statement - batch = com.kms.katalon.core.webui.keyword.WebUiBuiltInKeywords.modifyObjectProperty(batch, "xpath", "equals", "//*[@id = "txtbthqty" + row + ""]", true): Modify property of object successfully

2018-05-21 20:34:09 - [MESSAGE][PASSED] - Modify property of object successfully

2018-05-21 20:34:09 - [TEST_STEP][PASSED] - Statement - batchqty = com.kms.katalon.core.webui.keyword.WebUiBuiltInKeywords.getAttribute(batch, "value").trim(): Attribute 'value' of object '' is: '38500'

2018-05-21 20:34:09 - [MESSAGE][PASSED] - Attribute 'value' of object '' is: '38500'

2018-05-21 20:34:09 - [TEST_STEP][PASSED] - Statement - Rqty = 100: null

2018-05-21 20:34:09 - [TEST_STEP][PASSED] - delay: Delayed 2 second(s)

2018-05-21 20:34:11 - [MESSAGE][PASSED] - Delayed 2 second(s)

2018-05-21 20:34:11 - [TEST_STEP][PASSED] - Statement - out.println("BatchQty : " + batchqty): null

2018-05-21 20:34:11 - [TEST_STEP][PASSED] - Statement - out.println("RQty : " + Rqty): null

2018-05-21 20:34:11 - [TEST_STEP][PASSED] - Statement - If (java.lang.Integer.valueOf(batchqty) >= java.lang.Integer.valueOf(Rqty)): null

2018-05-21 20:34:11 - [TEST_STEP][PASSED] - Statement - Break: null

2018-05-21 20:34:11 - [TEST_STEP][PASSED] - Statement - batchlength = new com.kms.katalon.core.testobject.TestObject(): null

2018-05-21 20:34:11 - [TEST_STEP][PASSED] - Statement - batchlength = com.kms.katalon.core.webui.keyword.WebUiBuiltInKeywords.modifyObjectProperty(batchlength, "xpath", "equals", "//*[@id = "fldvendor" + row + ""]", true): Modify property of object successfully

2018-05-21 20:34:11 - [MESSAGE][PASSED] - Modify property of object successfully

2018-05-21 20:34:11 - [TEST_STEP][PASSED] - Statement - batchsize = com.kms.katalon.core.webui.keyword.WebUiBuiltInKeywords.getNumberOfTotalOption(batchlength): 5 options of object '' counted

2018-05-21 20:34:12 - [MESSAGE][PASSED] - 5 options of object '' counted

2018-05-21 20:34:12 - [TEST_STEP][PASSED] - Statement - out.println("BatchSize : " + batchsize): null

2018-05-21 20:34:12 - [TEST_STEP][PASSED] - Statement - For ([n = 1, n <= batchsize - 1, (n++)]): null

2018-05-21 20:34:12 - [TEST_STEP][PASSED] - Statement - product = new com.kms.katalon.core.testobject.TestObject(): null

2018-05-21 20:34:12 - [TEST_STEP][PASSED] - Statement - product = com.kms.katalon.core.webui.keyword.WebUiBuiltInKeywords.modifyObjectProperty(product, "xpath", "equals", "//*[@id = "fldvendor" + row + ""]", true): Modify property of object successfully

2018-05-21 20:34:12 - [MESSAGE][PASSED] - Modify property of object successfully

2018-05-21 20:34:12 - [TEST_STEP][PASSED] - selectOptionByIndex: All options with index in [1] are selected on object ''

2018-05-21 20:34:12 - [MESSAGE][PASSED] - All options with index in [1] are selected on object ''

2018-05-21 20:34:12 - [TEST_STEP][PASSED] - Statement - batch = new com.kms.katalon.core.testobject.TestObject(): null

2018-05-21 20:34:12 - [TEST_STEP][PASSED] - Statement - batch = com.kms.katalon.core.webui.keyword.WebUiBuiltInKeywords.modifyObjectProperty(batch, "xpath", "equals", "//*[@id = "txtbthqty" + row + ""]", true): Modify property of object successfully

2018-05-21 20:34:12 - [MESSAGE][PASSED] - Modify property of object successfully

2018-05-21 20:34:12 - [TEST_STEP][PASSED] - Statement - batchqty = com.kms.katalon.core.webui.keyword.WebUiBuiltInKeywords.getAttribute(batch, "value").trim(): Attribute 'value' of object '' is: '38500'

2018-05-21 20:34:12 - [MESSAGE][PASSED] - Attribute 'value' of object '' is: '38500'

2018-05-21 20:34:12 - [TEST_STEP][PASSED] - Statement - Rqty = 100: null

2018-05-21 20:34:12 - [TEST_STEP][PASSED] - delay: Delayed 2 second(s)

2018-05-21 20:34:14 - [MESSAGE][PASSED] - Delayed 2 second(s)

2018-05-21 20:34:14 - [TEST_STEP][PASSED] - Statement - out.println("BatchQty : " + batchqty): null

2018-05-21 20:34:14 - [TEST_STEP][PASSED] - Statement - out.println("RQty : " + Rqty): null

2018-05-21 20:34:14 - [TEST_STEP][PASSED] - Statement - If (java.lang.Integer.valueOf(batchqty) >= java.lang.Integer.valueOf(Rqty)): null

2018-05-21 20:34:14 - [TEST_STEP][PASSED] - Statement - Break: null

2018-05-21 20:34:14 - [TEST_STEP][PASSED] - Statement - batchlength = new com.kms.katalon.core.testobject.TestObject(): null

2018-05-21 20:34:14 - [TEST_STEP][PASSED] - Statement - batchlength = com.kms.katalon.core.webui.keyword.WebUiBuiltInKeywords.modifyObjectProperty(batchlength, "xpath", "equals", "//*[@id = "fldvendor" + row + ""]", true): Modify property of object successfully

2018-05-21 20:34:14 - [MESSAGE][PASSED] - Modify property of object successfully

2018-05-21 20:34:14 - [TEST_STEP][PASSED] - Statement - batchsize = com.kms.katalon.core.webui.keyword.WebUiBuiltInKeywords.getNumberOfTotalOption(batchlength): 5 options of object '' counted

2018-05-21 20:34:14 - [MESSAGE][PASSED] - 5 options of object '' counted

2018-05-21 20:34:14 - [TEST_STEP][PASSED] - Statement - out.println("BatchSize : " + batchsize): null

2018-05-21 20:34:14 - [TEST_STEP][PASSED] - Statement - For ([n = 1, n <= batchsize - 1, (n++)]): null

2018-05-21 20:34:14 - [TEST_STEP][PASSED] - Statement - product = new com.kms.katalon.core.testobject.TestObject(): null

2018-05-21 20:34:14 - [TEST_STEP][PASSED] - Statement - product = com.kms.katalon.core.webui.keyword.WebUiBuiltInKeywords.modifyObjectProperty(product, "xpath", "equals", "//*[@id = "fldvendor" + row + ""]", true): Modify property of object successfully

2018-05-21 20:34:14 - [MESSAGE][PASSED] - Modify property of object successfully

2018-05-21 20:34:14 - [TEST_STEP][PASSED] - selectOptionByIndex: All options with index in [1] are selected on object ''

2018-05-21 20:34:14 - [MESSAGE][PASSED] - All options with index in [1] are selected on object ''

2018-05-21 20:34:14 - [TEST_STEP][PASSED] - Statement - batch = new com.kms.katalon.core.testobject.TestObject(): null

2018-05-21 20:34:14 - [TEST_STEP][PASSED] - Statement - batch = com.kms.katalon.core.webui.keyword.WebUiBuiltInKeywords.modifyObjectProperty(batch, "xpath", "equals", "//*[@id = "txtbthqty" + row + ""]", true): Modify property of object successfully

2018-05-21 20:34:14 - [MESSAGE][PASSED] - Modify property of object successfully

2018-05-21 20:34:14 - [TEST_STEP][PASSED] - Statement - batchqty = com.kms.katalon.core.webui.keyword.WebUiBuiltInKeywords.getAttribute(batch, "value").trim(): Attribute 'value' of object '' is: '38500'

2018-05-21 20:34:14 - [MESSAGE][PASSED] - Attribute 'value' of object '' is: '38500'

2018-05-21 20:34:14 - [TEST_STEP][PASSED] - Statement - Rqty = 100: null

2018-05-21 20:34:14 - [TEST_STEP][PASSED] - delay: Delayed 2 second(s)

2018-05-21 20:34:16 - [MESSAGE][PASSED] - Delayed 2 second(s)

2018-05-21 20:34:16 - [TEST_STEP][PASSED] - Statement - out.println("BatchQty : " + batchqty): null

2018-05-21 20:34:16 - [TEST_STEP][PASSED] - Statement - out.println("RQty : " + Rqty): null

2018-05-21 20:34:16 - [TEST_STEP][PASSED] - Statement - If (java.lang.Integer.valueOf(batchqty) >= java.lang.Integer.valueOf(Rqty)): null

2018-05-21 20:34:16 - [TEST_STEP][PASSED] - Statement - Break: null

2018-05-21 20:34:16 - [TEST_STEP][PASSED] - Statement - batchlength = new com.kms.katalon.core.testobject.TestObject(): null

2018-05-21 20:34:16 - [TEST_STEP][PASSED] - Statement - batchlength = com.kms.katalon.core.webui.keyword.WebUiBuiltInKeywords.modifyObjectProperty(batchlength, "xpath", "equals", "//*[@id = "fldvendor" + row + ""]", true): Modify property of object successfully

2018-05-21 20:34:16 - [MESSAGE][PASSED] - Modify property of object successfully

2018-05-21 20:34:16 - [TEST_STEP][PASSED] - Statement - batchsize = com.kms.katalon.core.webui.keyword.WebUiBuiltInKeywords.getNumberOfTotalOption(batchlength): 5 options of object '' counted

2018-05-21 20:34:16 - [MESSAGE][PASSED] - 5 options of object '' counted

2018-05-21 20:34:16 - [TEST_STEP][PASSED] - Statement - out.println("BatchSize : " + batchsize): null

2018-05-21 20:34:16 - [TEST_STEP][PASSED] - Statement - For ([n = 1, n <= batchsize - 1, (n++)]): null

2018-05-21 20:34:16 - [TEST_STEP][PASSED] - Statement - product = new com.kms.katalon.core.testobject.TestObject(): null

2018-05-21 20:34:16 - [TEST_STEP][PASSED] - Statement - product = com.kms.katalon.core.webui.keyword.WebUiBuiltInKeywords.modifyObjectProperty(product, "xpath", "equals", "//*[@id = "fldvendor" + row + ""]", true): Modify property of object successfully

2018-05-21 20:34:16 - [MESSAGE][PASSED] - Modify property of object successfully

2018-05-21 20:34:16 - [TEST_STEP][PASSED] - selectOptionByIndex: All options with index in [1] are selected on object ''

2018-05-21 20:34:16 - [MESSAGE][PASSED] - All options with index in [1] are selected on object ''

2018-05-21 20:34:16 - [TEST_STEP][PASSED] - Statement - batch = new com.kms.katalon.core.testobject.TestObject(): null

2018-05-21 20:34:16 - [TEST_STEP][PASSED] - Statement - batch = com.kms.katalon.core.webui.keyword.WebUiBuiltInKeywords.modifyObjectProperty(batch, "xpath", "equals", "//*[@id = "txtbthqty" + row + ""]", true): Modify property of object successfully

2018-05-21 20:34:16 - [MESSAGE][PASSED] - Modify property of object successfully

2018-05-21 20:34:16 - [TEST_STEP][PASSED] - Statement - batchqty = com.kms.katalon.core.webui.keyword.WebUiBuiltInKeywords.getAttribute(batch, "value").trim(): Attribute 'value' of object '' is: '3800'

2018-05-21 20:34:16 - [MESSAGE][PASSED] - Attribute 'value' of object '' is: '3800'

2018-05-21 20:34:16 - [TEST_STEP][PASSED] - Statement - Rqty = 100: null

2018-05-21 20:34:16 - [TEST_STEP][PASSED] - delay: Delayed 2 second(s)

2018-05-21 20:34:18 - [MESSAGE][PASSED] - Delayed 2 second(s)

2018-05-21 20:34:18 - [TEST_STEP][PASSED] - Statement - out.println("BatchQty : " + batchqty): null

2018-05-21 20:34:18 - [TEST_STEP][PASSED] - Statement - out.println("RQty : " + Rqty): null

2018-05-21 20:34:18 - [TEST_STEP][PASSED] - Statement - If (java.lang.Integer.valueOf(batchqty) >= java.lang.Integer.valueOf(Rqty)): null

2018-05-21 20:34:18 - [TEST_STEP][PASSED] - Statement - Break: null

2018-05-21 20:34:18 - [TEST_STEP][PASSED] - Statement - batchlength = new com.kms.katalon.core.testobject.TestObject(): null

2018-05-21 20:34:18 - [TEST_STEP][PASSED] - Statement - batchlength = com.kms.katalon.core.webui.keyword.WebUiBuiltInKeywords.modifyObjectProperty(batchlength, "xpath", "equals", "//*[@id = "fldvendor" + row + ""]", true): Modify property of object successfully

2018-05-21 20:34:18 - [MESSAGE][PASSED] - Modify property of object successfully

2018-05-21 20:34:18 - [TEST_STEP][PASSED] - Statement - batchsize = com.kms.katalon.core.webui.keyword.WebUiBuiltInKeywords.getNumberOfTotalOption(batchlength): 5 options of object '' counted

2018-05-21 20:34:18 - [MESSAGE][PASSED] - 5 options of object '' counted

2018-05-21 20:34:18 - [TEST_STEP][PASSED] - Statement - out.println("BatchSize : " + batchsize): null

2018-05-21 20:34:18 - [TEST_STEP][PASSED] - Statement - For ([n = 1, n <= batchsize - 1, (n++)]): null

2018-05-21 20:34:18 - [TEST_STEP][PASSED] - Statement - product = new com.kms.katalon.core.testobject.TestObject(): null

2018-05-21 20:34:18 - [TEST_STEP][PASSED] - Statement - product = com.kms.katalon.core.webui.keyword.WebUiBuiltInKeywords.modifyObjectProperty(product, "xpath", "equals", "//*[@id = "fldvendor" + row + ""]", true): Modify property of object successfully

2018-05-21 20:34:18 - [MESSAGE][PASSED] - Modify property of object successfully

2018-05-21 20:34:18 - [TEST_STEP][PASSED] - selectOptionByIndex: All options with index in [1] are selected on object ''

2018-05-21 20:34:18 - [MESSAGE][PASSED] - All options with index in [1] are selected on object ''

2018-05-21 20:34:18 - [TEST_STEP][PASSED] - Statement - batch = new com.kms.katalon.core.testobject.TestObject(): null

2018-05-21 20:34:18 - [TEST_STEP][PASSED] - Statement - batch = com.kms.katalon.core.webui.keyword.WebUiBuiltInKeywords.modifyObjectProperty(batch, "xpath", "equals", "//*[@id = "txtbthqty" + row + ""]", true): Modify property of object successfully

2018-05-21 20:34:18 - [MESSAGE][PASSED] - Modify property of object successfully

2018-05-21 20:34:18 - [TEST_STEP][PASSED] - Statement - batchqty = com.kms.katalon.core.webui.keyword.WebUiBuiltInKeywords.getAttribute(batch, "value").trim(): Attribute 'value' of object '' is: '3800'

2018-05-21 20:34:18 - [MESSAGE][PASSED] - Attribute 'value' of object '' is: '3800'

2018-05-21 20:34:18 - [TEST_STEP][PASSED] - Statement - Rqty = 100: null

2018-05-21 20:34:18 - [TEST_STEP][PASSED] - delay: Delayed 2 second(s)

2018-05-21 20:34:20 - [MESSAGE][PASSED] - Delayed 2 second(s)

2018-05-21 20:34:20 - [TEST_STEP][PASSED] - Statement - out.println("BatchQty : " + batchqty): null

2018-05-21 20:34:20 - [TEST_STEP][PASSED] - Statement - out.println("RQty : " + Rqty): null

2018-05-21 20:34:20 - [TEST_STEP][PASSED] - Statement - If (java.lang.Integer.valueOf(batchqty) >= java.lang.Integer.valueOf(Rqty)): null

2018-05-21 20:34:20 - [TEST_STEP][PASSED] - Statement - Break: null

2018-05-21 20:34:20 - [TEST_STEP][PASSED] - Statement - batchlength = new com.kms.katalon.core.testobject.TestObject(): null

2018-05-21 20:34:20 - [TEST_STEP][PASSED] - Statement - batchlength = com.kms.katalon.core.webui.keyword.WebUiBuiltInKeywords.modifyObjectProperty(batchlength, "xpath", "equals", "//*[@id = "fldvendor" + row + ""]", true): Modify property of object successfully

2018-05-21 20:34:20 - [MESSAGE][PASSED] - Modify property of object successfully

2018-05-21 20:34:20 - [TEST_STEP][PASSED] - Statement - batchsize = com.kms.katalon.core.webui.keyword.WebUiBuiltInKeywords.getNumberOfTotalOption(batchlength): 5 options of object '' counted

2018-05-21 20:34:21 - [MESSAGE][PASSED] - 5 options of object '' counted

2018-05-21 20:34:21 - [TEST_STEP][PASSED] - Statement - out.println("BatchSize : " + batchsize): null

2018-05-21 20:34:21 - [TEST_STEP][PASSED] - Statement - For ([n = 1, n <= batchsize - 1, (n++)]): null

2018-05-21 20:34:21 - [TEST_STEP][PASSED] - Statement - product = new com.kms.katalon.core.testobject.TestObject(): null

2018-05-21 20:34:21 - [TEST_STEP][PASSED] - Statement - product = com.kms.katalon.core.webui.keyword.WebUiBuiltInKeywords.modifyObjectProperty(product, "xpath", "equals", "//*[@id = "fldvendor" + row + ""]", true): Modify property of object successfully

2018-05-21 20:34:21 - [MESSAGE][PASSED] - Modify property of object successfully

2018-05-21 20:34:21 - [TEST_STEP][PASSED] - selectOptionByIndex: All options with index in [1] are selected on object ''

2018-05-21 20:34:21 - [MESSAGE][PASSED] - All options with index in [1] are selected on object ''

2018-05-21 20:34:21 - [TEST_STEP][PASSED] - Statement - batch = new com.kms.katalon.core.testobject.TestObject(): null

2018-05-21 20:34:21 - [TEST_STEP][PASSED] - Statement - batch = com.kms.katalon.core.webui.keyword.WebUiBuiltInKeywords.modifyObjectProperty(batch, "xpath", "equals", "//*[@id = "txtbthqty" + row + ""]", true): Modify property of object successfully

2018-05-21 20:34:21 - [MESSAGE][PASSED] - Modify property of object successfully

2018-05-21 20:34:21 - [TEST_STEP][PASSED] - Statement - batchqty = com.kms.katalon.core.webui.keyword.WebUiBuiltInKeywords.getAttribute(batch, "value").trim(): Attribute 'value' of object '' is: '4800'

2018-05-21 20:34:21 - [MESSAGE][PASSED] - Attribute 'value' of object '' is: '4800'

2018-05-21 20:34:21 - [TEST_STEP][PASSED] - Statement - Rqty = 100: null

2018-05-21 20:34:21 - [TEST_STEP][PASSED] - delay: Delayed 2 second(s)

2018-05-21 20:34:23 - [MESSAGE][PASSED] - Delayed 2 second(s)

2018-05-21 20:34:23 - [TEST_STEP][PASSED] - Statement - out.println("BatchQty : " + batchqty): null

2018-05-21 20:34:23 - [TEST_STEP][PASSED] - Statement - out.println("RQty : " + Rqty): null

2018-05-21 20:34:23 - [TEST_STEP][PASSED] - Statement - If (java.lang.Integer.valueOf(batchqty) >= java.lang.Integer.valueOf(Rqty)): null

2018-05-21 20:34:23 - [TEST_STEP][PASSED] - Statement - Break: null

2018-05-21 20:34:23 - [TEST_STEP][PASSED] - Statement - batchlength = new com.kms.katalon.core.testobject.TestObject(): null

2018-05-21 20:34:23 - [TEST_STEP][PASSED] - Statement - batchlength = com.kms.katalon.core.webui.keyword.WebUiBuiltInKeywords.modifyObjectProperty(batchlength, "xpath", "equals", "//*[@id = "fldvendor" + row + ""]", true): Modify property of object successfully

2018-05-21 20:34:23 - [MESSAGE][PASSED] - Modify property of object successfully

2018-05-21 20:34:23 - [TEST_STEP][PASSED] - Statement - batchsize = com.kms.katalon.core.webui.keyword.WebUiBuiltInKeywords.getNumberOfTotalOption(batchlength): 5 options of object '' counted

2018-05-21 20:34:23 - [MESSAGE][PASSED] - 5 options of object '' counted

2018-05-21 20:34:23 - [TEST_STEP][PASSED] - Statement - out.println("BatchSize : " + batchsize): null

2018-05-21 20:34:23 - [TEST_STEP][PASSED] - Statement - For ([n = 1, n <= batchsize - 1, (n++)]): null

2018-05-21 20:34:23 - [TEST_STEP][PASSED] - Statement - product = new com.kms.katalon.core.testobject.TestObject(): null

2018-05-21 20:34:23 - [TEST_STEP][PASSED] - Statement - product = com.kms.katalon.core.webui.keyword.WebUiBuiltInKeywords.modifyObjectProperty(product, "xpath", "equals", "//*[@id = "fldvendor" + row + ""]", true): Modify property of object successfully

2018-05-21 20:34:23 - [MESSAGE][PASSED] - Modify property of object successfully

2018-05-21 20:34:23 - [TEST_STEP][PASSED] - selectOptionByIndex: All options with index in [1] are selected on object ''

2018-05-21 20:34:23 - [MESSAGE][PASSED] - All options with index in [1] are selected on object ''

2018-05-21 20:34:23 - [TEST_STEP][PASSED] - Statement - batch = new com.kms.katalon.core.testobject.TestObject(): null

2018-05-21 20:34:23 - [TEST_STEP][PASSED] - Statement - batch = com.kms.katalon.core.webui.keyword.WebUiBuiltInKeywords.modifyObjectProperty(batch, "xpath", "equals", "//*[@id = "txtbthqty" + row + ""]", true): Modify property of object successfully

2018-05-21 20:34:23 - [MESSAGE][PASSED] - Modify property of object successfully

2018-05-21 20:34:23 - [TEST_STEP][PASSED] - Statement - batchqty = com.kms.katalon.core.webui.keyword.WebUiBuiltInKeywords.getAttribute(batch, "value").trim(): Attribute 'value' of object '' is: '3800'

2018-05-21 20:34:23 - [MESSAGE][PASSED] - Attribute 'value' of object '' is: '3800'

2018-05-21 20:34:23 - [TEST_STEP][PASSED] - Statement - Rqty = 100: null

2018-05-21 20:34:23 - [TEST_STEP][PASSED] - delay: Delayed 2 second(s)

2018-05-21 20:34:25 - [MESSAGE][PASSED] - Delayed 2 second(s)

2018-05-21 20:34:25 - [TEST_STEP][PASSED] - Statement - out.println("BatchQty : " + batchqty): null

2018-05-21 20:34:25 - [TEST_STEP][PASSED] - Statement - out.println("RQty : " + Rqty): null

2018-05-21 20:34:25 - [TEST_STEP][PASSED] - Statement - If (java.lang.Integer.valueOf(batchqty) >= java.lang.Integer.valueOf(Rqty)): null

2018-05-21 20:34:25 - [TEST_STEP][PASSED] - Statement - Break: null

2018-05-21 20:34:25 - [TEST_STEP][PASSED] - Statement - batchlength = new com.kms.katalon.core.testobject.TestObject(): null

2018-05-21 20:34:25 - [TEST_STEP][PASSED] - Statement - batchlength = com.kms.katalon.core.webui.keyword.WebUiBuiltInKeywords.modifyObjectProperty(batchlength, "xpath", "equals", "//*[@id = "fldvendor" + row + ""]", true): Modify property of object successfully

2018-05-21 20:34:25 - [MESSAGE][PASSED] - Modify property of object successfully

2018-05-21 20:34:25 - [TEST_STEP][PASSED] - Statement - batchsize = com.kms.katalon.core.webui.keyword.WebUiBuiltInKeywords.getNumberOfTotalOption(batchlength): 5 options of object '' counted

2018-05-21 20:34:25 - [MESSAGE][PASSED] - 5 options of object '' counted

2018-05-21 20:34:25 - [TEST_STEP][PASSED] - Statement - out.println("BatchSize : " + batchsize): null

2018-05-21 20:34:25 - [TEST_STEP][PASSED] - Statement - For ([n = 1, n <= batchsize - 1, (n++)]): null

2018-05-21 20:34:25 - [TEST_STEP][PASSED] - Statement - product = new com.kms.katalon.core.testobject.TestObject(): null

2018-05-21 20:34:25 - [TEST_STEP][PASSED] - Statement - product = com.kms.katalon.core.webui.keyword.WebUiBuiltInKeywords.modifyObjectProperty(product, "xpath", "equals", "//*[@id = "fldvendor" + row + ""]", true): Modify property of object successfully

2018-05-21 20:34:25 - [MESSAGE][PASSED] - Modify property of object successfully

2018-05-21 20:34:25 - [TEST_STEP][PASSED] - selectOptionByIndex: All options with index in [1] are selected on object ''

2018-05-21 20:34:25 - [MESSAGE][PASSED] - All options with index in [1] are selected on object ''

2018-05-21 20:34:25 - [TEST_STEP][PASSED] - Statement - batch = new com.kms.katalon.core.testobject.TestObject(): null

2018-05-21 20:34:25 - [TEST_STEP][PASSED] - Statement - batch = com.kms.katalon.core.webui.keyword.WebUiBuiltInKeywords.modifyObjectProperty(batch, "xpath", "equals", "//*[@id = "txtbthqty" + row + ""]", true): Modify property of object successfully

2018-05-21 20:34:25 - [MESSAGE][PASSED] - Modify property of object successfully

2018-05-21 20:34:25 - [TEST_STEP][PASSED] - Statement - batchqty = com.kms.katalon.core.webui.keyword.WebUiBuiltInKeywords.getAttribute(batch, "value").trim(): Attribute 'value' of object '' is: '38500'

2018-05-21 20:34:25 - [MESSAGE][PASSED] - Attribute 'value' of object '' is: '38500'

2018-05-21 20:34:25 - [TEST_STEP][PASSED] - Statement - Rqty = 100: null

2018-05-21 20:34:25 - [TEST_STEP][PASSED] - delay: Delayed 2 second(s)

2018-05-21 20:34:27 - [MESSAGE][PASSED] - Delayed 2 second(s)

2018-05-21 20:34:27 - [TEST_STEP][PASSED] - Statement - out.println("BatchQty : " + batchqty): null

2018-05-21 20:34:27 - [TEST_STEP][PASSED] - Statement - out.println("RQty : " + Rqty): null

2018-05-21 20:34:27 - [TEST_STEP][PASSED] - Statement - If (java.lang.Integer.valueOf(batchqty) >= java.lang.Integer.valueOf(Rqty)): null

2018-05-21 20:34:27 - [TEST_STEP][PASSED] - Statement - Break: null

2018-05-21 20:34:27 - [TEST_STEP][PASSED] - Statement - batchlength = new com.kms.katalon.core.testobject.TestObject(): null

2018-05-21 20:34:27 - [TEST_STEP][PASSED] - Statement - batchlength = com.kms.katalon.core.webui.keyword.WebUiBuiltInKeywords.modifyObjectProperty(batchlength, "xpath", "equals", "//*[@id = "fldvendor" + row + ""]", true): Modify property of object successfully

2018-05-21 20:34:27 - [MESSAGE][PASSED] - Modify property of object successfully

2018-05-21 20:34:27 - [TEST_STEP][PASSED] - Statement - batchsize = com.kms.katalon.core.webui.keyword.WebUiBuiltInKeywords.getNumberOfTotalOption(batchlength): 5 options of object '' counted

2018-05-21 20:34:27 - [MESSAGE][PASSED] - 5 options of object '' counted

2018-05-21 20:34:27 - [TEST_STEP][PASSED] - Statement - out.println("BatchSize : " + batchsize): null

2018-05-21 20:34:27 - [TEST_STEP][PASSED] - Statement - For ([n = 1, n <= batchsize - 1, (n++)]): null

2018-05-21 20:34:27 - [TEST_STEP][PASSED] - Statement - product = new com.kms.katalon.core.testobject.TestObject(): null

2018-05-21 20:34:27 - [TEST_STEP][PASSED] - Statement - product = com.kms.katalon.core.webui.keyword.WebUiBuiltInKeywords.modifyObjectProperty(product, "xpath", "equals", "//*[@id = "fldvendor" + row + ""]", true): Modify property of object successfully

2018-05-21 20:34:27 - [MESSAGE][PASSED] - Modify property of object successfully

2018-05-21 20:34:27 - [TEST_STEP][PASSED] - selectOptionByIndex: All options with index in [1] are selected on object ''

2018-05-21 20:34:27 - [MESSAGE][PASSED] - All options with index in [1] are selected on object ''

2018-05-21 20:34:27 - [TEST_STEP][PASSED] - Statement - batch = new com.kms.katalon.core.testobject.TestObject(): null

2018-05-21 20:34:27 - [TEST_STEP][PASSED] - Statement - batch = com.kms.katalon.core.webui.keyword.WebUiBuiltInKeywords.modifyObjectProperty(batch, "xpath", "equals", "//*[@id = "txtbthqty" + row + ""]", true): Modify property of object successfully

2018-05-21 20:34:27 - [MESSAGE][PASSED] - Modify property of object successfully

2018-05-21 20:34:27 - [TEST_STEP][PASSED] - Statement - batchqty = com.kms.katalon.core.webui.keyword.WebUiBuiltInKeywords.getAttribute(batch, "value").trim(): Attribute 'value' of object '' is: '3800'

2018-05-21 20:34:27 - [MESSAGE][PASSED] - Attribute 'value' of object '' is: '3800'

2018-05-21 20:34:27 - [TEST_STEP][PASSED] - Statement - Rqty = 100: null

2018-05-21 20:34:27 - [TEST_STEP][PASSED] - delay: Delayed 2 second(s)

2018-05-21 20:34:29 - [MESSAGE][PASSED] - Delayed 2 second(s)

2018-05-21 20:34:29 - [TEST_STEP][PASSED] - Statement - out.println("BatchQty : " + batchqty): null

2018-05-21 20:34:29 - [TEST_STEP][PASSED] - Statement - out.println("RQty : " + Rqty): null

2018-05-21 20:34:29 - [TEST_STEP][PASSED] - Statement - If (java.lang.Integer.valueOf(batchqty) >= java.lang.Integer.valueOf(Rqty)): null

2018-05-21 20:34:29 - [TEST_STEP][PASSED] - Statement - Break: null

2018-05-21 20:34:29 - [TEST_STEP][PASSED] - Statement - batchlength = new com.kms.katalon.core.testobject.TestObject(): null

2018-05-21 20:34:29 - [TEST_STEP][PASSED] - Statement - batchlength = com.kms.katalon.core.webui.keyword.WebUiBuiltInKeywords.modifyObjectProperty(batchlength, "xpath", "equals", "//*[@id = "fldvendor" + row + ""]", true): Modify property of object successfully

2018-05-21 20:34:29 - [MESSAGE][PASSED] - Modify property of object successfully

2018-05-21 20:34:29 - [TEST_STEP][PASSED] - Statement - batchsize = com.kms.katalon.core.webui.keyword.WebUiBuiltInKeywords.getNumberOfTotalOption(batchlength): 5 options of object '' counted

2018-05-21 20:34:30 - [MESSAGE][PASSED] - 5 options of object '' counted

2018-05-21 20:34:30 - [TEST_STEP][PASSED] - Statement - out.println("BatchSize : " + batchsize): null

2018-05-21 20:34:30 - [TEST_STEP][PASSED] - Statement - For ([n = 1, n <= batchsize - 1, (n++)]): null

2018-05-21 20:34:30 - [TEST_STEP][PASSED] - Statement - product = new com.kms.katalon.core.testobject.TestObject(): null

2018-05-21 20:34:30 - [TEST_STEP][PASSED] - Statement - product = com.kms.katalon.core.webui.keyword.WebUiBuiltInKeywords.modifyObjectProperty(product, "xpath", "equals", "//*[@id = "fldvendor" + row + ""]", true): Modify property of object successfully

2018-05-21 20:34:30 - [MESSAGE][PASSED] - Modify property of object successfully

2018-05-21 20:34:30 - [TEST_STEP][PASSED] - selectOptionByIndex: All options with index in [1] are selected on object ''

2018-05-21 20:34:30 - [MESSAGE][PASSED] - All options with index in [1] are selected on object ''

2018-05-21 20:34:30 - [TEST_STEP][PASSED] - Statement - batch = new com.kms.katalon.core.testobject.TestObject(): null

2018-05-21 20:34:30 - [TEST_STEP][PASSED] - Statement - batch = com.kms.katalon.core.webui.keyword.WebUiBuiltInKeywords.modifyObjectProperty(batch, "xpath", "equals", "//*[@id = "txtbthqty" + row + ""]", true): Modify property of object successfully

2018-05-21 20:34:30 - [MESSAGE][PASSED] - Modify property of object successfully

2018-05-21 20:34:30 - [TEST_STEP][PASSED] - Statement - batchqty = com.kms.katalon.core.webui.keyword.WebUiBuiltInKeywords.getAttribute(batch, "value").trim(): Attribute 'value' of object '' is: '3800'

2018-05-21 20:34:30 - [MESSAGE][PASSED] - Attribute 'value' of object '' is: '3800'

2018-05-21 20:34:30 - [TEST_STEP][PASSED] - Statement - Rqty = 100: null

2018-05-21 20:34:30 - [TEST_STEP][PASSED] - delay: Delayed 2 second(s)

2018-05-21 20:34:32 - [MESSAGE][PASSED] - Delayed 2 second(s)

2018-05-21 20:34:32 - [TEST_STEP][PASSED] - Statement - out.println("BatchQty : " + batchqty): null

2018-05-21 20:34:32 - [TEST_STEP][PASSED] - Statement - out.println("RQty : " + Rqty): null

2018-05-21 20:34:32 - [TEST_STEP][PASSED] - Statement - If (java.lang.Integer.valueOf(batchqty) >= java.lang.Integer.valueOf(Rqty)): null

2018-05-21 20:34:32 - [TEST_STEP][PASSED] - Statement - Break: null

2018-05-21 20:34:32 - [TEST_STEP][PASSED] - Statement - batchlength = new com.kms.katalon.core.testobject.TestObject(): null

2018-05-21 20:34:32 - [TEST_STEP][PASSED] - Statement - batchlength = com.kms.katalon.core.webui.keyword.WebUiBuiltInKeywords.modifyObjectProperty(batchlength, "xpath", "equals", "//*[@id = "fldvendor" + row + ""]", true): Modify property of object successfully

2018-05-21 20:34:32 - [MESSAGE][PASSED] - Modify property of object successfully

2018-05-21 20:34:32 - [TEST_STEP][PASSED] - Statement - batchsize = com.kms.katalon.core.webui.keyword.WebUiBuiltInKeywords.getNumberOfTotalOption(batchlength): 5 options of object '' counted

2018-05-21 20:34:32 - [MESSAGE][PASSED] - 5 options of object '' counted

2018-05-21 20:34:32 - [TEST_STEP][PASSED] - Statement - out.println("BatchSize : " + batchsize): null

2018-05-21 20:34:32 - [TEST_STEP][PASSED] - Statement - For ([n = 1, n <= batchsize - 1, (n++)]): null

2018-05-21 20:34:32 - [TEST_STEP][PASSED] - Statement - product = new com.kms.katalon.core.testobject.TestObject(): null

2018-05-21 20:34:32 - [TEST_STEP][PASSED] - Statement - product = com.kms.katalon.core.webui.keyword.WebUiBuiltInKeywords.modifyObjectProperty(product, "xpath", "equals", "//*[@id = "fldvendor" + row + ""]", true): Modify property of object successfully

2018-05-21 20:34:32 - [MESSAGE][PASSED] - Modify property of object successfully

2018-05-21 20:34:32 - [TEST_STEP][PASSED] - selectOptionByIndex: All options with index in [1] are selected on object ''

2018-05-21 20:34:32 - [MESSAGE][PASSED] - All options with index in [1] are selected on object ''

2018-05-21 20:34:32 - [TEST_STEP][PASSED] - Statement - batch = new com.kms.katalon.core.testobject.TestObject(): null

2018-05-21 20:34:32 - [TEST_STEP][PASSED] - Statement - batch = com.kms.katalon.core.webui.keyword.WebUiBuiltInKeywords.modifyObjectProperty(batch, "xpath", "equals", "//*[@id = "txtbthqty" + row + ""]", true): Modify property of object successfully

2018-05-21 20:34:32 - [MESSAGE][PASSED] - Modify property of object successfully

2018-05-21 20:34:32 - [TEST_STEP][PASSED] - Statement - batchqty = com.kms.katalon.core.webui.keyword.WebUiBuiltInKeywords.getAttribute(batch, "value").trim(): Attribute 'value' of object '' is: '4800'

2018-05-21 20:34:32 - [MESSAGE][PASSED] - Attribute 'value' of object '' is: '4800'

2018-05-21 20:34:32 - [TEST_STEP][PASSED] - Statement - Rqty = 100: null

2018-05-21 20:34:32 - [TEST_STEP][PASSED] - delay: Delayed 2 second(s)

2018-05-21 20:34:34 - [MESSAGE][PASSED] - Delayed 2 second(s)

2018-05-21 20:34:34 - [TEST_STEP][PASSED] - Statement - out.println("BatchQty : " + batchqty): null

2018-05-21 20:34:34 - [TEST_STEP][PASSED] - Statement - out.println("RQty : " + Rqty): null

2018-05-21 20:34:34 - [TEST_STEP][PASSED] - Statement - If (java.lang.Integer.valueOf(batchqty) >= java.lang.Integer.valueOf(Rqty)): null

2018-05-21 20:34:34 - [TEST_STEP][PASSED] - Statement - Break: null

2018-05-21 20:34:34 - [TEST_STEP][PASSED] - Statement - batchlength = new com.kms.katalon.core.testobject.TestObject(): null

2018-05-21 20:34:34 - [TEST_STEP][PASSED] - Statement - batchlength = com.kms.katalon.core.webui.keyword.WebUiBuiltInKeywords.modifyObjectProperty(batchlength, "xpath", "equals", "//*[@id = "fldvendor" + row + ""]", true): Modify property of object successfully

2018-05-21 20:34:34 - [MESSAGE][PASSED] - Modify property of object successfully

2018-05-21 20:34:34 - [TEST_STEP][PASSED] - Statement - batchsize = com.kms.katalon.core.webui.keyword.WebUiBuiltInKeywords.getNumberOfTotalOption(batchlength): 5 options of object '' counted

2018-05-21 20:34:34 - [MESSAGE][PASSED] - 5 options of object '' counted

2018-05-21 20:34:34 - [TEST_STEP][PASSED] - Statement - out.println("BatchSize : " + batchsize): null

2018-05-21 20:34:34 - [TEST_STEP][PASSED] - Statement - For ([n = 1, n <= batchsize - 1, (n++)]): null

2018-05-21 20:34:34 - [TEST_STEP][PASSED] - Statement - product = new com.kms.katalon.core.testobject.TestObject(): null

2018-05-21 20:34:34 - [TEST_STEP][PASSED] - Statement - product = com.kms.katalon.core.webui.keyword.WebUiBuiltInKeywords.modifyObjectProperty(product, "xpath", "equals", "//*[@id = "fldvendor" + row + ""]", true): Modify property of object successfully

2018-05-21 20:34:34 - [MESSAGE][PASSED] - Modify property of object successfully

2018-05-21 20:34:34 - [TEST_STEP][PASSED] - selectOptionByIndex: All options with index in [1] are selected on object ''

2018-05-21 20:34:34 - [MESSAGE][PASSED] - All options with index in [1] are selected on object ''

2018-05-21 20:34:34 - [TEST_STEP][PASSED] - Statement - batch = new com.kms.katalon.core.testobject.TestObject(): null

2018-05-21 20:34:34 - [TEST_STEP][PASSED] - Statement - batch = com.kms.katalon.core.webui.keyword.WebUiBuiltInKeywords.modifyObjectProperty(batch, "xpath", "equals", "//*[@id = "txtbthqty" + row + ""]", true): Modify property of object successfully

2018-05-21 20:34:34 - [MESSAGE][PASSED] - Modify property of object successfully

2018-05-21 20:34:34 - [TEST_STEP][PASSED] - Statement - batchqty = com.kms.katalon.core.webui.keyword.WebUiBuiltInKeywords.getAttribute(batch, "value").trim(): Attribute 'value' of object '' is: '3800'

2018-05-21 20:34:34 - [MESSAGE][PASSED] - Attribute 'value' of object '' is: '3800'

2018-05-21 20:34:34 - [TEST_STEP][PASSED] - Statement - Rqty = 100: null

2018-05-21 20:34:34 - [TEST_STEP][PASSED] - delay: Delayed 2 second(s)

2018-05-21 20:34:36 - [MESSAGE][PASSED] - Delayed 2 second(s)

2018-05-21 20:34:36 - [TEST_STEP][PASSED] - Statement - out.println("BatchQty : " + batchqty): null

2018-05-21 20:34:36 - [TEST_STEP][PASSED] - Statement - out.println("RQty : " + Rqty): null

2018-05-21 20:34:36 - [TEST_STEP][PASSED] - Statement - If (java.lang.Integer.valueOf(batchqty) >= java.lang.Integer.valueOf(Rqty)): null

2018-05-21 20:34:36 - [TEST_STEP][PASSED] - Statement - Break: null

2018-05-21 20:34:36 - [TEST_STEP][PASSED] - Statement - batchlength = new com.kms.katalon.core.testobject.TestObject(): null

2018-05-21 20:34:36 - [TEST_STEP][PASSED] - Statement - batchlength = com.kms.katalon.core.webui.keyword.WebUiBuiltInKeywords.modifyObjectProperty(batchlength, "xpath", "equals", "//*[@id = "fldvendor" + row + ""]", true): Modify property of object successfully

2018-05-21 20:34:36 - [MESSAGE][PASSED] - Modify property of object successfully

2018-05-21 20:34:36 - [TEST_STEP][PASSED] - Statement - batchsize = com.kms.katalon.core.webui.keyword.WebUiBuiltInKeywords.getNumberOfTotalOption(batchlength): 5 options of object '' counted

2018-05-21 20:34:36 - [MESSAGE][PASSED] - 5 options of object '' counted

2018-05-21 20:34:36 - [TEST_STEP][PASSED] - Statement - out.println("BatchSize : " + batchsize): null

2018-05-21 20:34:36 - [TEST_STEP][PASSED] - Statement - For ([n = 1, n <= batchsize - 1, (n++)]): null

2018-05-21 20:34:36 - [TEST_STEP][PASSED] - Statement - product = new com.kms.katalon.core.testobject.TestObject(): null

2018-05-21 20:34:36 - [TEST_STEP][PASSED] - Statement - product = com.kms.katalon.core.webui.keyword.WebUiBuiltInKeywords.modifyObjectProperty(product, "xpath", "equals", "//*[@id = "fldvendor" + row + ""]", true): Modify property of object successfully

2018-05-21 20:34:36 - [MESSAGE][PASSED] - Modify property of object successfully

2018-05-21 20:34:36 - [TEST_STEP][PASSED] - selectOptionByIndex: All options with index in [1] are selected on object ''

2018-05-21 20:34:36 - [MESSAGE][PASSED] - All options with index in [1] are selected on object ''

2018-05-21 20:34:36 - [TEST_STEP][PASSED] - Statement - batch = new com.kms.katalon.core.testobject.TestObject(): null

2018-05-21 20:34:36 - [TEST_STEP][PASSED] - Statement - batch = com.kms.katalon.core.webui.keyword.WebUiBuiltInKeywords.modifyObjectProperty(batch, "xpath", "equals", "//*[@id = "txtbthqty" + row + ""]", true): Modify property of object successfully

2018-05-21 20:34:36 - [MESSAGE][PASSED] - Modify property of object successfully

2018-05-21 20:34:36 - [TEST_STEP][PASSED] - Statement - batchqty = com.kms.katalon.core.webui.keyword.WebUiBuiltInKeywords.getAttribute(batch, "value").trim(): Attribute 'value' of object '' is: '3800'

2018-05-21 20:34:36 - [MESSAGE][PASSED] - Attribute 'value' of object '' is: '3800'

2018-05-21 20:34:36 - [TEST_STEP][PASSED] - Statement - Rqty = 100: null

2018-05-21 20:34:36 - [TEST_STEP][PASSED] - delay: Delayed 2 second(s)

2018-05-21 20:34:38 - [MESSAGE][PASSED] - Delayed 2 second(s)

2018-05-21 20:34:38 - [TEST_STEP][PASSED] - Statement - out.println("BatchQty : " + batchqty): null

2018-05-21 20:34:38 - [TEST_STEP][PASSED] - Statement - out.println("RQty : " + Rqty): null

2018-05-21 20:34:38 - [TEST_STEP][PASSED] - Statement - If (java.lang.Integer.valueOf(batchqty) >= java.lang.Integer.valueOf(Rqty)): null

2018-05-21 20:34:38 - [TEST_STEP][PASSED] - Statement - Break: null

2018-05-21 20:34:38 - [TEST_STEP][PASSED] - Statement - batchlength = new com.kms.katalon.core.testobject.TestObject(): null

2018-05-21 20:34:38 - [TEST_STEP][PASSED] - Statement - batchlength = com.kms.katalon.core.webui.keyword.WebUiBuiltInKeywords.modifyObjectProperty(batchlength, "xpath", "equals", "//*[@id = "fldvendor" + row + ""]", true): Modify property of object successfully

2018-05-21 20:34:38 - [MESSAGE][PASSED] - Modify property of object successfully

2018-05-21 20:34:38 - [TEST_STEP][PASSED] - Statement - batchsize = com.kms.katalon.core.webui.keyword.WebUiBuiltInKeywords.getNumberOfTotalOption(batchlength): 5 options of object '' counted

2018-05-21 20:34:39 - [MESSAGE][PASSED] - 5 options of object '' counted

2018-05-21 20:34:39 - [TEST_STEP][PASSED] - Statement - out.println("BatchSize : " + batchsize): null

2018-05-21 20:34:39 - [TEST_STEP][PASSED] - Statement - For ([n = 1, n <= batchsize - 1, (n++)]): null

2018-05-21 20:34:39 - [TEST_STEP][PASSED] - Statement - product = new com.kms.katalon.core.testobject.TestObject(): null

2018-05-21 20:34:39 - [TEST_STEP][PASSED] - Statement - product = com.kms.katalon.core.webui.keyword.WebUiBuiltInKeywords.modifyObjectProperty(product, "xpath", "equals", "//*[@id = "fldvendor" + row + ""]", true): Modify property of object successfully

2018-05-21 20:34:39 - [MESSAGE][PASSED] - Modify property of object successfully

2018-05-21 20:34:39 - [TEST_STEP][PASSED] - selectOptionByIndex: All options with index in [1] are selected on object ''

2018-05-21 20:34:39 - [MESSAGE][PASSED] - All options with index in [1] are selected on object ''

2018-05-21 20:34:39 - [TEST_STEP][PASSED] - Statement - batch = new com.kms.katalon.core.testobject.TestObject(): null

2018-05-21 20:34:39 - [TEST_STEP][PASSED] - Statement - batch = com.kms.katalon.core.webui.keyword.WebUiBuiltInKeywords.modifyObjectProperty(batch, "xpath", "equals", "//*[@id = "txtbthqty" + row + ""]", true): Modify property of object successfully

2018-05-21 20:34:39 - [MESSAGE][PASSED] - Modify property of object successfully

2018-05-21 20:34:39 - [TEST_STEP][PASSED] - Statement - batchqty = com.kms.katalon.core.webui.keyword.WebUiBuiltInKeywords.getAttribute(batch, "value").trim(): Attribute 'value' of object '' is: '38500'

2018-05-21 20:34:39 - [MESSAGE][PASSED] - Attribute 'value' of object '' is: '38500'

2018-05-21 20:34:39 - [TEST_STEP][PASSED] - Statement - Rqty = 100: null

2018-05-21 20:34:39 - [TEST_STEP][PASSED] - delay: Delayed 2 second(s)

2018-05-21 20:34:41 - [MESSAGE][PASSED] - Delayed 2 second(s)

2018-05-21 20:34:41 - [TEST_STEP][PASSED] - Statement - out.println("BatchQty : " + batchqty): null

2018-05-21 20:34:41 - [TEST_STEP][PASSED] - Statement - out.println("RQty : " + Rqty): null

2018-05-21 20:34:41 - [TEST_STEP][PASSED] - Statement - If (java.lang.Integer.valueOf(batchqty) >= java.lang.Integer.valueOf(Rqty)): null

2018-05-21 20:34:41 - [TEST_STEP][PASSED] - Statement - Break: null

2018-05-21 20:34:41 - [TEST_STEP][PASSED] - Statement - batchlength = new com.kms.katalon.core.testobject.TestObject(): null

2018-05-21 20:34:41 - [TEST_STEP][PASSED] - Statement - batchlength = com.kms.katalon.core.webui.keyword.WebUiBuiltInKeywords.modifyObjectProperty(batchlength, "xpath", "equals", "//*[@id = "fldvendor" + row + ""]", true): Modify property of object successfully

2018-05-21 20:34:41 - [MESSAGE][PASSED] - Modify property of object successfully

2018-05-21 20:34:41 - [TEST_STEP][PASSED] - Statement - batchsize = com.kms.katalon.core.webui.keyword.WebUiBuiltInKeywords.getNumberOfTotalOption(batchlength): 5 options of object '' counted

2018-05-21 20:34:41 - [MESSAGE][PASSED] - 5 options of object '' counted

2018-05-21 20:34:41 - [TEST_STEP][PASSED] - Statement - out.println("BatchSize : " + batchsize): null

2018-05-21 20:34:41 - [TEST_STEP][PASSED] - Statement - For ([n = 1, n <= batchsize - 1, (n++)]): null

2018-05-21 20:34:41 - [TEST_STEP][PASSED] - Statement - product = new com.kms.katalon.core.testobject.TestObject(): null

2018-05-21 20:34:41 - [TEST_STEP][PASSED] - Statement - product = com.kms.katalon.core.webui.keyword.WebUiBuiltInKeywords.modifyObjectProperty(product, "xpath", "equals", "//*[@id = "fldvendor" + row + ""]", true): Modify property of object successfully

2018-05-21 20:34:41 - [MESSAGE][PASSED] - Modify property of object successfully

2018-05-21 20:34:41 - [TEST_STEP][PASSED] - selectOptionByIndex: All options with index in [1] are selected on object ''

2018-05-21 20:34:41 - [MESSAGE][PASSED] - All options with index in [1] are selected on object ''

2018-05-21 20:34:41 - [TEST_STEP][PASSED] - Statement - batch = new com.kms.katalon.core.testobject.TestObject(): null

2018-05-21 20:34:41 - [TEST_STEP][PASSED] - Statement - batch = com.kms.katalon.core.webui.keyword.WebUiBuiltInKeywords.modifyObjectProperty(batch, "xpath", "equals", "//*[@id = "txtbthqty" + row + ""]", true): Modify property of object successfully

2018-05-21 20:34:41 - [MESSAGE][PASSED] - Modify property of object successfully

2018-05-21 20:34:41 - [TEST_STEP][PASSED] - Statement - batchqty = com.kms.katalon.core.webui.keyword.WebUiBuiltInKeywords.getAttribute(batch, "value").trim(): Attribute 'value' of object '' is: '4800'

2018-05-21 20:34:41 - [MESSAGE][PASSED] - Attribute 'value' of object '' is: '4800'

2018-05-21 20:34:41 - [TEST_STEP][PASSED] - Statement - Rqty = 100: null

2018-05-21 20:34:41 - [TEST_STEP][PASSED] - delay: Delayed 2 second(s)

2018-05-21 20:34:43 - [MESSAGE][PASSED] - Delayed 2 second(s)

2018-05-21 20:34:43 - [TEST_STEP][PASSED] - Statement - out.println("BatchQty : " + batchqty): null

2018-05-21 20:34:43 - [TEST_STEP][PASSED] - Statement - out.println("RQty : " + Rqty): null

2018-05-21 20:34:43 - [TEST_STEP][PASSED] - Statement - If (java.lang.Integer.valueOf(batchqty) >= java.lang.Integer.valueOf(Rqty)): null

2018-05-21 20:34:43 - [TEST_STEP][PASSED] - Statement - Break: null

2018-05-21 20:34:43 - [TEST_STEP][PASSED] - Statement - batchlength = new com.kms.katalon.core.testobject.TestObject(): null

2018-05-21 20:34:43 - [TEST_STEP][PASSED] - Statement - batchlength = com.kms.katalon.core.webui.keyword.WebUiBuiltInKeywords.modifyObjectProperty(batchlength, "xpath", "equals", "//*[@id = "fldvendor" + row + ""]", true): Modify property of object successfully

2018-05-21 20:34:43 - [MESSAGE][PASSED] - Modify property of object successfully

2018-05-21 20:34:43 - [TEST_STEP][PASSED] - Statement - batchsize = com.kms.katalon.core.webui.keyword.WebUiBuiltInKeywords.getNumberOfTotalOption(batchlength): 5 options of object '' counted

2018-05-21 20:34:43 - [MESSAGE][PASSED] - 5 options of object '' counted

2018-05-21 20:34:43 - [TEST_STEP][PASSED] - Statement - out.println("BatchSize : " + batchsize): null

2018-05-21 20:34:43 - [TEST_STEP][PASSED] - Statement - For ([n = 1, n <= batchsize - 1, (n++)]): null

2018-05-21 20:34:43 - [TEST_STEP][PASSED] - Statement - product = new com.kms.katalon.core.testobject.TestObject(): null

2018-05-21 20:34:43 - [TEST_STEP][PASSED] - Statement - product = com.kms.katalon.core.webui.keyword.WebUiBuiltInKeywords.modifyObjectProperty(product, "xpath", "equals", "//*[@id = "fldvendor" + row + ""]", true): Modify property of object successfully

2018-05-21 20:34:43 - [MESSAGE][PASSED] - Modify property of object successfully

2018-05-21 20:34:43 - [TEST_STEP][PASSED] - selectOptionByIndex: All options with index in [1] are selected on object ''

2018-05-21 20:34:43 - [MESSAGE][PASSED] - All options with index in [1] are selected on object ''

2018-05-21 20:34:43 - [TEST_STEP][PASSED] - Statement - batch = new com.kms.katalon.core.testobject.TestObject(): null

2018-05-21 20:34:43 - [TEST_STEP][PASSED] - Statement - batch = com.kms.katalon.core.webui.keyword.WebUiBuiltInKeywords.modifyObjectProperty(batch, "xpath", "equals", "//*[@id = "txtbthqty" + row + ""]", true): Modify property of object successfully

2018-05-21 20:34:43 - [MESSAGE][PASSED] - Modify property of object successfully

2018-05-21 20:34:43 - [TEST_STEP][PASSED] - Statement - batchqty = com.kms.katalon.core.webui.keyword.WebUiBuiltInKeywords.getAttribute(batch, "value").trim(): Attribute 'value' of object '' is: '38500'

2018-05-21 20:34:43 - [MESSAGE][PASSED] - Attribute 'value' of object '' is: '38500'

2018-05-21 20:34:43 - [TEST_STEP][PASSED] - Statement - Rqty = 100: null

2018-05-21 20:34:43 - [TEST_STEP][PASSED] - delay: Delayed 2 second(s)

2018-05-21 20:34:45 - [MESSAGE][PASSED] - Delayed 2 second(s)

2018-05-21 20:34:45 - [TEST_STEP][PASSED] - Statement - out.println("BatchQty : " + batchqty): null

2018-05-21 20:34:45 - [TEST_STEP][PASSED] - Statement - out.println("RQty : " + Rqty): null

2018-05-21 20:34:45 - [TEST_STEP][PASSED] - Statement - If (java.lang.Integer.valueOf(batchqty) >= java.lang.Integer.valueOf(Rqty)): null

2018-05-21 20:34:45 - [TEST_STEP][PASSED] - Statement - Break: null

2018-05-21 20:34:45 - [TEST_STEP][PASSED] - Statement - batchlength = new com.kms.katalon.core.testobject.TestObject(): null

2018-05-21 20:34:45 - [TEST_STEP][PASSED] - Statement - batchlength = com.kms.katalon.core.webui.keyword.WebUiBuiltInKeywords.modifyObjectProperty(batchlength, "xpath", "equals", "//*[@id = "fldvendor" + row + ""]", true): Modify property of object successfully

2018-05-21 20:34:45 - [MESSAGE][PASSED] - Modify property of object successfully

2018-05-21 20:34:45 - [TEST_STEP][PASSED] - Statement - batchsize = com.kms.katalon.core.webui.keyword.WebUiBuiltInKeywords.getNumberOfTotalOption(batchlength): 5 options of object '' counted

2018-05-21 20:34:45 - [MESSAGE][PASSED] - 5 options of object '' counted

2018-05-21 20:34:45 - [TEST_STEP][PASSED] - Statement - out.println("BatchSize : " + batchsize): null

2018-05-21 20:34:45 - [TEST_STEP][PASSED] - Statement - For ([n = 1, n <= batchsize - 1, (n++)]): null

2018-05-21 20:34:45 - [TEST_STEP][PASSED] - Statement - product = new com.kms.katalon.core.testobject.TestObject(): null

2018-05-21 20:34:45 - [TEST_STEP][PASSED] - Statement - product = com.kms.katalon.core.webui.keyword.WebUiBuiltInKeywords.modifyObjectProperty(product, "xpath", "equals", "//*[@id = "fldvendor" + row + ""]", true): Modify property of object successfully

2018-05-21 20:34:45 - [MESSAGE][PASSED] - Modify property of object successfully

2018-05-21 20:34:45 - [TEST_STEP][PASSED] - selectOptionByIndex: All options with index in [1] are selected on object ''

2018-05-21 20:34:46 - [MESSAGE][PASSED] - All options with index in [1] are selected on object ''

2018-05-21 20:34:46 - [TEST_STEP][PASSED] - Statement - batch = new com.kms.katalon.core.testobject.TestObject(): null

2018-05-21 20:34:46 - [TEST_STEP][PASSED] - Statement - batch = com.kms.katalon.core.webui.keyword.WebUiBuiltInKeywords.modifyObjectProperty(batch, "xpath", "equals", "//*[@id = "txtbthqty" + row + ""]", true): Modify property of object successfully

2018-05-21 20:34:46 - [MESSAGE][PASSED] - Modify property of object successfully

2018-05-21 20:34:46 - [TEST_STEP][PASSED] - Statement - batchqty = com.kms.katalon.core.webui.keyword.WebUiBuiltInKeywords.getAttribute(batch, "value").trim(): Attribute 'value' of object '' is: ''

2018-05-21 20:34:46 - [MESSAGE][PASSED] - Attribute 'value' of object '' is: ''

2018-05-21 20:34:46 - [TEST_STEP][PASSED] - Statement - Rqty = 100: null

2018-05-21 20:34:46 - [TEST_STEP][PASSED] - delay: Delayed 2 second(s)

2018-05-21 20:34:48 - [MESSAGE][PASSED] - Delayed 2 second(s)

2018-05-21 20:34:48 - [TEST_STEP][PASSED] - Statement - out.println("BatchQty : " + batchqty): null

2018-05-21 20:34:48 - [TEST_STEP][PASSED] - Statement - out.println("RQty : " + Rqty): null

2018-05-21 20:34:48 - [TEST_STEP][PASSED] - Statement - If (java.lang.Integer.valueOf(batchqty) >= java.lang.Integer.valueOf(Rqty)): null]]></system-out>
         <system-err><![CDATA[2018-05-21 20:30:27 - [TEST_CASE][ERROR] - Test Cases/STORE TO CMS REQUEST TEST CASES/TC_STCMS_002 To Verify Schedule 2 Store To CMS Request Are Working Successfully Or Not: Test Cases/STORE TO CMS REQUEST TEST CASES/TC_STCMS_002 To Verify Schedule 2 Store To CMS Request Are Working Successfully Or Not FAILED because (of) java.lang.NumberFormatException: For input string: ""]]></system-err>
      </testcase>
      <testcase name="Test Cases/STORE TO CMS REQUEST TEST CASES/TC_STCMS_003 To Verify Schedule 3 Store To CMS Request Are Working Successfully Or Not" classname="Test Cases/STORE TO CMS REQUEST TEST CASES/TC_STCMS_003 To Verify Schedule 3 Store To CMS Request Are Working Successfully Or Not" status="PASSED">
         <system-out><![CDATA[2018-05-21 20:34:48 - [TEST_CASE][PASSED] - Test Cases/STORE TO CMS REQUEST TEST CASES/TC_STCMS_003 To Verify Schedule 3 Store To CMS Request Are Working Successfully Or Not: Test Cases/STORE TO CMS REQUEST TEST CASES/TC_STCMS_003 To Verify Schedule 3 Store To CMS Request Are Working Successfully Or Not

2018-05-21 20:34:48 - [TEST_STEP][PASSED] - openBrowser: Browser is opened with url: ''

2018-05-21 20:34:48 - [MESSAGE][WARNING] - A browser is already opened. Closing browser and opening a new one

2018-05-21 20:34:50 - [MESSAGE][PASSED] - Browser is opened with url: ''

2018-05-21 20:34:50 - [TEST_STEP][PASSED] - Statement - out.println("Verify Schedule 3 Store Request Are Working Successfully Or Not"): null

2018-05-21 20:34:50 - [TEST_STEP][PASSED] - navigateToUrl: Navigate to 'http://192.168.137.1/multihospital_new/' successfully

2018-05-21 20:34:53 - [MESSAGE][PASSED] - Navigate to 'http://192.168.137.1/multihospital_new/' successfully

2018-05-21 20:34:53 - [TEST_STEP][PASSED] - maximizeWindow: Current window maximized

2018-05-21 20:34:54 - [MESSAGE][PASSED] - Current window maximized

2018-05-21 20:34:54 - [TEST_STEP][PASSED] - click: Object: 'Object Repository/Store Request Schedule 1/Page_KDMC/a_Divisional Store' is clicked on

2018-05-21 20:34:55 - [MESSAGE][PASSED] - Object: 'Object Repository/Store Request Schedule 1/Page_KDMC/a_Divisional Store' is clicked on

2018-05-21 20:34:55 - [TEST_STEP][PASSED] - setText: Text 'ragu' is set on object 'Object Repository/Store Request Schedule 1/Page_Divisonal Store Login/input_txtusername'

2018-05-21 20:34:55 - [MESSAGE][PASSED] - Text 'ragu' is set on object 'Object Repository/Store Request Schedule 1/Page_Divisonal Store Login/input_txtusername'

2018-05-21 20:34:55 - [TEST_STEP][PASSED] - setText: Text '123' is set on object 'Object Repository/Store Request Schedule 1/Page_Divisonal Store Login/input_txtpassword'

2018-05-21 20:34:55 - [MESSAGE][PASSED] - Text '123' is set on object 'Object Repository/Store Request Schedule 1/Page_Divisonal Store Login/input_txtpassword'

2018-05-21 20:34:55 - [TEST_STEP][PASSED] - delay: Delayed 3 second(s)

2018-05-21 20:34:58 - [MESSAGE][PASSED] - Delayed 3 second(s)

2018-05-21 20:34:58 - [TEST_STEP][PASSED] - click: Object: 'Object Repository/Store Request Schedule 1/Page_Divisonal Store Login/button_Sign in' is clicked on

2018-05-21 20:34:59 - [MESSAGE][PASSED] - Object: 'Object Repository/Store Request Schedule 1/Page_Divisonal Store Login/button_Sign in' is clicked on

2018-05-21 20:34:59 - [TEST_STEP][PASSED] - delay: Delayed 3 second(s)

2018-05-21 20:35:02 - [MESSAGE][PASSED] - Delayed 3 second(s)

2018-05-21 20:35:02 - [TEST_STEP][PASSED] - click: Object: 'Object Repository/Store Request Schedule 1/Page_Store/a_CMS' is clicked on

2018-05-21 20:35:02 - [MESSAGE][PASSED] - Object: 'Object Repository/Store Request Schedule 1/Page_Store/a_CMS' is clicked on

2018-05-21 20:35:02 - [TEST_STEP][PASSED] - delay: Delayed 2 second(s)

2018-05-21 20:35:04 - [MESSAGE][PASSED] - Delayed 2 second(s)

2018-05-21 20:35:04 - [TEST_STEP][PASSED] - click: Object: 'Object Repository/Store Request Schedule 1/Page_Store/a_Request Send' is clicked on

2018-05-21 20:35:05 - [MESSAGE][PASSED] - Object: 'Object Repository/Store Request Schedule 1/Page_Store/a_Request Send' is clicked on

2018-05-21 20:35:05 - [TEST_STEP][PASSED] - selectOptionByIndex: All options with index in [1] are selected on object 'Object Repository/Store Request Schedule 1/Page_Store/select_--Select--'

2018-05-21 20:35:06 - [MESSAGE][PASSED] - All options with index in [1] are selected on object 'Object Repository/Store Request Schedule 1/Page_Store/select_--Select--'

2018-05-21 20:35:06 - [TEST_STEP][PASSED] - selectOptionByIndex: All options with index in [3] are selected on object 'Object Repository/Store Request Schedule 1/Page_Store/select_--Select--Schedule 1Inj'

2018-05-21 20:35:06 - [MESSAGE][PASSED] - All options with index in [3] are selected on object 'Object Repository/Store Request Schedule 1/Page_Store/select_--Select--Schedule 1Inj'

2018-05-21 20:35:06 - [TEST_STEP][PASSED] - Statement - SelectedOptions = com.kms.katalon.core.webui.keyword.WebUiBuiltInKeywords.getNumberOfTotalOption(com.kms.katalon.core.testobject.ObjectRepository.findTestObject(Store Request Schedule 1/Page_Store/select_--Select--Adernaline 0.)): 37 options of object 'Object Repository/Store Request Schedule 1/Page_Store/select_--Select--Adernaline 0.' counted

2018-05-21 20:35:06 - [MESSAGE][PASSED] - 37 options of object 'Object Repository/Store Request Schedule 1/Page_Store/select_--Select--Adernaline 0.' counted

2018-05-21 20:35:06 - [TEST_STEP][PASSED] - Statement - For ([y = 1, y < SelectedOptions, (y++)]): Object: 'Object Repository/Store Request Schedule 1/Page_Store/button_Add' is clicked on

2018-05-21 20:35:06 - [TEST_STEP][PASSED] - selectOptionByIndex: All options with index in [3] are selected on object 'Object Repository/Store Request Schedule 1/Page_Store/select_--Select--Schedule 1Inj'

2018-05-21 20:35:06 - [MESSAGE][PASSED] - All options with index in [3] are selected on object 'Object Repository/Store Request Schedule 1/Page_Store/select_--Select--Schedule 1Inj'

2018-05-21 20:35:06 - [TEST_STEP][PASSED] - delay: Delayed 1 second(s)

2018-05-21 20:35:07 - [MESSAGE][PASSED] - Delayed 1 second(s)

2018-05-21 20:35:07 - [TEST_STEP][PASSED] - selectOptionByIndex: All options with index in [1] are selected on object 'Object Repository/Store Request Schedule 1/Page_Store/select_--Select--Adernaline 0.'

2018-05-21 20:35:07 - [MESSAGE][PASSED] - All options with index in [1] are selected on object 'Object Repository/Store Request Schedule 1/Page_Store/select_--Select--Adernaline 0.'

2018-05-21 20:35:07 - [TEST_STEP][PASSED] - setText: Text '100' is set on object 'Object Repository/Store Request Schedule 1/Page_Store/input_txttreat'

2018-05-21 20:35:07 - [MESSAGE][PASSED] - Text '100' is set on object 'Object Repository/Store Request Schedule 1/Page_Store/input_txttreat'

2018-05-21 20:35:07 - [TEST_STEP][PASSED] - click: Object: 'Object Repository/Store Request Schedule 1/Page_Store/button_Add' is clicked on

2018-05-21 20:35:07 - [MESSAGE][PASSED] - Object: 'Object Repository/Store Request Schedule 1/Page_Store/button_Add' is clicked on

2018-05-21 20:35:07 - [TEST_STEP][PASSED] - selectOptionByIndex: All options with index in [3] are selected on object 'Object Repository/Store Request Schedule 1/Page_Store/select_--Select--Schedule 1Inj'

2018-05-21 20:35:08 - [MESSAGE][PASSED] - All options with index in [3] are selected on object 'Object Repository/Store Request Schedule 1/Page_Store/select_--Select--Schedule 1Inj'

2018-05-21 20:35:08 - [TEST_STEP][PASSED] - delay: Delayed 1 second(s)

2018-05-21 20:35:09 - [MESSAGE][PASSED] - Delayed 1 second(s)

2018-05-21 20:35:09 - [TEST_STEP][PASSED] - selectOptionByIndex: All options with index in [2] are selected on object 'Object Repository/Store Request Schedule 1/Page_Store/select_--Select--Adernaline 0.'

2018-05-21 20:35:09 - [MESSAGE][PASSED] - All options with index in [2] are selected on object 'Object Repository/Store Request Schedule 1/Page_Store/select_--Select--Adernaline 0.'

2018-05-21 20:35:09 - [TEST_STEP][PASSED] - setText: Text '100' is set on object 'Object Repository/Store Request Schedule 1/Page_Store/input_txttreat'

2018-05-21 20:35:09 - [MESSAGE][PASSED] - Text '100' is set on object 'Object Repository/Store Request Schedule 1/Page_Store/input_txttreat'

2018-05-21 20:35:09 - [TEST_STEP][PASSED] - click: Object: 'Object Repository/Store Request Schedule 1/Page_Store/button_Add' is clicked on

2018-05-21 20:35:09 - [MESSAGE][PASSED] - Object: 'Object Repository/Store Request Schedule 1/Page_Store/button_Add' is clicked on

2018-05-21 20:35:09 - [TEST_STEP][PASSED] - selectOptionByIndex: All options with index in [3] are selected on object 'Object Repository/Store Request Schedule 1/Page_Store/select_--Select--Schedule 1Inj'

2018-05-21 20:35:09 - [MESSAGE][PASSED] - All options with index in [3] are selected on object 'Object Repository/Store Request Schedule 1/Page_Store/select_--Select--Schedule 1Inj'

2018-05-21 20:35:09 - [TEST_STEP][PASSED] - delay: Delayed 1 second(s)

2018-05-21 20:35:10 - [MESSAGE][PASSED] - Delayed 1 second(s)

2018-05-21 20:35:10 - [TEST_STEP][PASSED] - selectOptionByIndex: All options with index in [3] are selected on object 'Object Repository/Store Request Schedule 1/Page_Store/select_--Select--Adernaline 0.'

2018-05-21 20:35:10 - [MESSAGE][PASSED] - All options with index in [3] are selected on object 'Object Repository/Store Request Schedule 1/Page_Store/select_--Select--Adernaline 0.'

2018-05-21 20:35:10 - [TEST_STEP][PASSED] - setText: Text '100' is set on object 'Object Repository/Store Request Schedule 1/Page_Store/input_txttreat'

2018-05-21 20:35:10 - [MESSAGE][PASSED] - Text '100' is set on object 'Object Repository/Store Request Schedule 1/Page_Store/input_txttreat'

2018-05-21 20:35:10 - [TEST_STEP][PASSED] - click: Object: 'Object Repository/Store Request Schedule 1/Page_Store/button_Add' is clicked on

2018-05-21 20:35:10 - [MESSAGE][PASSED] - Object: 'Object Repository/Store Request Schedule 1/Page_Store/button_Add' is clicked on

2018-05-21 20:35:10 - [TEST_STEP][PASSED] - selectOptionByIndex: All options with index in [3] are selected on object 'Object Repository/Store Request Schedule 1/Page_Store/select_--Select--Schedule 1Inj'

2018-05-21 20:35:10 - [MESSAGE][PASSED] - All options with index in [3] are selected on object 'Object Repository/Store Request Schedule 1/Page_Store/select_--Select--Schedule 1Inj'

2018-05-21 20:35:10 - [TEST_STEP][PASSED] - delay: Delayed 1 second(s)

2018-05-21 20:35:11 - [MESSAGE][PASSED] - Delayed 1 second(s)

2018-05-21 20:35:11 - [TEST_STEP][PASSED] - selectOptionByIndex: All options with index in [4] are selected on object 'Object Repository/Store Request Schedule 1/Page_Store/select_--Select--Adernaline 0.'

2018-05-21 20:35:12 - [MESSAGE][PASSED] - All options with index in [4] are selected on object 'Object Repository/Store Request Schedule 1/Page_Store/select_--Select--Adernaline 0.'

2018-05-21 20:35:12 - [TEST_STEP][PASSED] - setText: Text '100' is set on object 'Object Repository/Store Request Schedule 1/Page_Store/input_txttreat'

2018-05-21 20:35:12 - [MESSAGE][PASSED] - Text '100' is set on object 'Object Repository/Store Request Schedule 1/Page_Store/input_txttreat'

2018-05-21 20:35:12 - [TEST_STEP][PASSED] - click: Object: 'Object Repository/Store Request Schedule 1/Page_Store/button_Add' is clicked on

2018-05-21 20:35:12 - [MESSAGE][PASSED] - Object: 'Object Repository/Store Request Schedule 1/Page_Store/button_Add' is clicked on

2018-05-21 20:35:12 - [TEST_STEP][PASSED] - selectOptionByIndex: All options with index in [3] are selected on object 'Object Repository/Store Request Schedule 1/Page_Store/select_--Select--Schedule 1Inj'

2018-05-21 20:35:12 - [MESSAGE][PASSED] - All options with index in [3] are selected on object 'Object Repository/Store Request Schedule 1/Page_Store/select_--Select--Schedule 1Inj'

2018-05-21 20:35:12 - [TEST_STEP][PASSED] - delay: Delayed 1 second(s)

2018-05-21 20:35:13 - [MESSAGE][PASSED] - Delayed 1 second(s)

2018-05-21 20:35:13 - [TEST_STEP][PASSED] - selectOptionByIndex: All options with index in [5] are selected on object 'Object Repository/Store Request Schedule 1/Page_Store/select_--Select--Adernaline 0.'

2018-05-21 20:35:13 - [MESSAGE][PASSED] - All options with index in [5] are selected on object 'Object Repository/Store Request Schedule 1/Page_Store/select_--Select--Adernaline 0.'

2018-05-21 20:35:13 - [TEST_STEP][PASSED] - setText: Text '100' is set on object 'Object Repository/Store Request Schedule 1/Page_Store/input_txttreat'

2018-05-21 20:35:13 - [MESSAGE][PASSED] - Text '100' is set on object 'Object Repository/Store Request Schedule 1/Page_Store/input_txttreat'

2018-05-21 20:35:13 - [TEST_STEP][PASSED] - click: Object: 'Object Repository/Store Request Schedule 1/Page_Store/button_Add' is clicked on

2018-05-21 20:35:13 - [MESSAGE][PASSED] - Object: 'Object Repository/Store Request Schedule 1/Page_Store/button_Add' is clicked on

2018-05-21 20:35:13 - [TEST_STEP][PASSED] - selectOptionByIndex: All options with index in [3] are selected on object 'Object Repository/Store Request Schedule 1/Page_Store/select_--Select--Schedule 1Inj'

2018-05-21 20:35:13 - [MESSAGE][PASSED] - All options with index in [3] are selected on object 'Object Repository/Store Request Schedule 1/Page_Store/select_--Select--Schedule 1Inj'

2018-05-21 20:35:13 - [TEST_STEP][PASSED] - delay: Delayed 1 second(s)

2018-05-21 20:35:14 - [MESSAGE][PASSED] - Delayed 1 second(s)

2018-05-21 20:35:14 - [TEST_STEP][PASSED] - selectOptionByIndex: All options with index in [6] are selected on object 'Object Repository/Store Request Schedule 1/Page_Store/select_--Select--Adernaline 0.'

2018-05-21 20:35:14 - [MESSAGE][PASSED] - All options with index in [6] are selected on object 'Object Repository/Store Request Schedule 1/Page_Store/select_--Select--Adernaline 0.'

2018-05-21 20:35:14 - [TEST_STEP][PASSED] - setText: Text '100' is set on object 'Object Repository/Store Request Schedule 1/Page_Store/input_txttreat'

2018-05-21 20:35:15 - [MESSAGE][PASSED] - Text '100' is set on object 'Object Repository/Store Request Schedule 1/Page_Store/input_txttreat'

2018-05-21 20:35:15 - [TEST_STEP][PASSED] - click: Object: 'Object Repository/Store Request Schedule 1/Page_Store/button_Add' is clicked on

2018-05-21 20:35:15 - [MESSAGE][PASSED] - Object: 'Object Repository/Store Request Schedule 1/Page_Store/button_Add' is clicked on

2018-05-21 20:35:15 - [TEST_STEP][PASSED] - selectOptionByIndex: All options with index in [3] are selected on object 'Object Repository/Store Request Schedule 1/Page_Store/select_--Select--Schedule 1Inj'

2018-05-21 20:35:15 - [MESSAGE][PASSED] - All options with index in [3] are selected on object 'Object Repository/Store Request Schedule 1/Page_Store/select_--Select--Schedule 1Inj'

2018-05-21 20:35:15 - [TEST_STEP][PASSED] - delay: Delayed 1 second(s)

2018-05-21 20:35:16 - [MESSAGE][PASSED] - Delayed 1 second(s)

2018-05-21 20:35:16 - [TEST_STEP][PASSED] - selectOptionByIndex: All options with index in [7] are selected on object 'Object Repository/Store Request Schedule 1/Page_Store/select_--Select--Adernaline 0.'

2018-05-21 20:35:16 - [MESSAGE][PASSED] - All options with index in [7] are selected on object 'Object Repository/Store Request Schedule 1/Page_Store/select_--Select--Adernaline 0.'

2018-05-21 20:35:16 - [TEST_STEP][PASSED] - setText: Text '100' is set on object 'Object Repository/Store Request Schedule 1/Page_Store/input_txttreat'

2018-05-21 20:35:16 - [MESSAGE][PASSED] - Text '100' is set on object 'Object Repository/Store Request Schedule 1/Page_Store/input_txttreat'

2018-05-21 20:35:16 - [TEST_STEP][PASSED] - click: Object: 'Object Repository/Store Request Schedule 1/Page_Store/button_Add' is clicked on

2018-05-21 20:35:16 - [MESSAGE][PASSED] - Object: 'Object Repository/Store Request Schedule 1/Page_Store/button_Add' is clicked on

2018-05-21 20:35:16 - [TEST_STEP][PASSED] - selectOptionByIndex: All options with index in [3] are selected on object 'Object Repository/Store Request Schedule 1/Page_Store/select_--Select--Schedule 1Inj'

2018-05-21 20:35:16 - [MESSAGE][PASSED] - All options with index in [3] are selected on object 'Object Repository/Store Request Schedule 1/Page_Store/select_--Select--Schedule 1Inj'

2018-05-21 20:35:16 - [TEST_STEP][PASSED] - delay: Delayed 1 second(s)

2018-05-21 20:35:17 - [MESSAGE][PASSED] - Delayed 1 second(s)

2018-05-21 20:35:17 - [TEST_STEP][PASSED] - selectOptionByIndex: All options with index in [8] are selected on object 'Object Repository/Store Request Schedule 1/Page_Store/select_--Select--Adernaline 0.'

2018-05-21 20:35:17 - [MESSAGE][PASSED] - All options with index in [8] are selected on object 'Object Repository/Store Request Schedule 1/Page_Store/select_--Select--Adernaline 0.'

2018-05-21 20:35:17 - [TEST_STEP][PASSED] - setText: Text '100' is set on object 'Object Repository/Store Request Schedule 1/Page_Store/input_txttreat'

2018-05-21 20:35:17 - [MESSAGE][PASSED] - Text '100' is set on object 'Object Repository/Store Request Schedule 1/Page_Store/input_txttreat'

2018-05-21 20:35:17 - [TEST_STEP][PASSED] - click: Object: 'Object Repository/Store Request Schedule 1/Page_Store/button_Add' is clicked on

2018-05-21 20:35:17 - [MESSAGE][PASSED] - Object: 'Object Repository/Store Request Schedule 1/Page_Store/button_Add' is clicked on

2018-05-21 20:35:17 - [TEST_STEP][PASSED] - selectOptionByIndex: All options with index in [3] are selected on object 'Object Repository/Store Request Schedule 1/Page_Store/select_--Select--Schedule 1Inj'

2018-05-21 20:35:18 - [MESSAGE][PASSED] - All options with index in [3] are selected on object 'Object Repository/Store Request Schedule 1/Page_Store/select_--Select--Schedule 1Inj'

2018-05-21 20:35:18 - [TEST_STEP][PASSED] - delay: Delayed 1 second(s)

2018-05-21 20:35:19 - [MESSAGE][PASSED] - Delayed 1 second(s)

2018-05-21 20:35:19 - [TEST_STEP][PASSED] - selectOptionByIndex: All options with index in [9] are selected on object 'Object Repository/Store Request Schedule 1/Page_Store/select_--Select--Adernaline 0.'

2018-05-21 20:35:19 - [MESSAGE][PASSED] - All options with index in [9] are selected on object 'Object Repository/Store Request Schedule 1/Page_Store/select_--Select--Adernaline 0.'

2018-05-21 20:35:19 - [TEST_STEP][PASSED] - setText: Text '100' is set on object 'Object Repository/Store Request Schedule 1/Page_Store/input_txttreat'

2018-05-21 20:35:19 - [MESSAGE][PASSED] - Text '100' is set on object 'Object Repository/Store Request Schedule 1/Page_Store/input_txttreat'

2018-05-21 20:35:19 - [TEST_STEP][PASSED] - click: Object: 'Object Repository/Store Request Schedule 1/Page_Store/button_Add' is clicked on

2018-05-21 20:35:19 - [MESSAGE][PASSED] - Object: 'Object Repository/Store Request Schedule 1/Page_Store/button_Add' is clicked on

2018-05-21 20:35:19 - [TEST_STEP][PASSED] - selectOptionByIndex: All options with index in [3] are selected on object 'Object Repository/Store Request Schedule 1/Page_Store/select_--Select--Schedule 1Inj'

2018-05-21 20:35:19 - [MESSAGE][PASSED] - All options with index in [3] are selected on object 'Object Repository/Store Request Schedule 1/Page_Store/select_--Select--Schedule 1Inj'

2018-05-21 20:35:19 - [TEST_STEP][PASSED] - delay: Delayed 1 second(s)

2018-05-21 20:35:20 - [MESSAGE][PASSED] - Delayed 1 second(s)

2018-05-21 20:35:20 - [TEST_STEP][PASSED] - selectOptionByIndex: All options with index in [10] are selected on object 'Object Repository/Store Request Schedule 1/Page_Store/select_--Select--Adernaline 0.'

2018-05-21 20:35:20 - [MESSAGE][PASSED] - All options with index in [10] are selected on object 'Object Repository/Store Request Schedule 1/Page_Store/select_--Select--Adernaline 0.'

2018-05-21 20:35:20 - [TEST_STEP][PASSED] - setText: Text '100' is set on object 'Object Repository/Store Request Schedule 1/Page_Store/input_txttreat'

2018-05-21 20:35:20 - [MESSAGE][PASSED] - Text '100' is set on object 'Object Repository/Store Request Schedule 1/Page_Store/input_txttreat'

2018-05-21 20:35:20 - [TEST_STEP][PASSED] - click: Object: 'Object Repository/Store Request Schedule 1/Page_Store/button_Add' is clicked on

2018-05-21 20:35:20 - [MESSAGE][PASSED] - Object: 'Object Repository/Store Request Schedule 1/Page_Store/button_Add' is clicked on

2018-05-21 20:35:20 - [TEST_STEP][PASSED] - selectOptionByIndex: All options with index in [3] are selected on object 'Object Repository/Store Request Schedule 1/Page_Store/select_--Select--Schedule 1Inj'

2018-05-21 20:35:21 - [MESSAGE][PASSED] - All options with index in [3] are selected on object 'Object Repository/Store Request Schedule 1/Page_Store/select_--Select--Schedule 1Inj'

2018-05-21 20:35:21 - [TEST_STEP][PASSED] - delay: Delayed 1 second(s)

2018-05-21 20:35:22 - [MESSAGE][PASSED] - Delayed 1 second(s)

2018-05-21 20:35:22 - [TEST_STEP][PASSED] - selectOptionByIndex: All options with index in [11] are selected on object 'Object Repository/Store Request Schedule 1/Page_Store/select_--Select--Adernaline 0.'

2018-05-21 20:35:22 - [MESSAGE][PASSED] - All options with index in [11] are selected on object 'Object Repository/Store Request Schedule 1/Page_Store/select_--Select--Adernaline 0.'

2018-05-21 20:35:22 - [TEST_STEP][PASSED] - setText: Text '100' is set on object 'Object Repository/Store Request Schedule 1/Page_Store/input_txttreat'

2018-05-21 20:35:22 - [MESSAGE][PASSED] - Text '100' is set on object 'Object Repository/Store Request Schedule 1/Page_Store/input_txttreat'

2018-05-21 20:35:22 - [TEST_STEP][PASSED] - click: Object: 'Object Repository/Store Request Schedule 1/Page_Store/button_Add' is clicked on

2018-05-21 20:35:22 - [MESSAGE][PASSED] - Object: 'Object Repository/Store Request Schedule 1/Page_Store/button_Add' is clicked on

2018-05-21 20:35:22 - [TEST_STEP][PASSED] - selectOptionByIndex: All options with index in [3] are selected on object 'Object Repository/Store Request Schedule 1/Page_Store/select_--Select--Schedule 1Inj'

2018-05-21 20:35:22 - [MESSAGE][PASSED] - All options with index in [3] are selected on object 'Object Repository/Store Request Schedule 1/Page_Store/select_--Select--Schedule 1Inj'

2018-05-21 20:35:22 - [TEST_STEP][PASSED] - delay: Delayed 1 second(s)

2018-05-21 20:35:23 - [MESSAGE][PASSED] - Delayed 1 second(s)

2018-05-21 20:35:23 - [TEST_STEP][PASSED] - selectOptionByIndex: All options with index in [12] are selected on object 'Object Repository/Store Request Schedule 1/Page_Store/select_--Select--Adernaline 0.'

2018-05-21 20:35:23 - [MESSAGE][PASSED] - All options with index in [12] are selected on object 'Object Repository/Store Request Schedule 1/Page_Store/select_--Select--Adernaline 0.'

2018-05-21 20:35:23 - [TEST_STEP][PASSED] - setText: Text '100' is set on object 'Object Repository/Store Request Schedule 1/Page_Store/input_txttreat'

2018-05-21 20:35:23 - [MESSAGE][PASSED] - Text '100' is set on object 'Object Repository/Store Request Schedule 1/Page_Store/input_txttreat'

2018-05-21 20:35:23 - [TEST_STEP][PASSED] - click: Object: 'Object Repository/Store Request Schedule 1/Page_Store/button_Add' is clicked on

2018-05-21 20:35:23 - [MESSAGE][PASSED] - Object: 'Object Repository/Store Request Schedule 1/Page_Store/button_Add' is clicked on

2018-05-21 20:35:23 - [TEST_STEP][PASSED] - selectOptionByIndex: All options with index in [3] are selected on object 'Object Repository/Store Request Schedule 1/Page_Store/select_--Select--Schedule 1Inj'

2018-05-21 20:35:24 - [MESSAGE][PASSED] - All options with index in [3] are selected on object 'Object Repository/Store Request Schedule 1/Page_Store/select_--Select--Schedule 1Inj'

2018-05-21 20:35:24 - [TEST_STEP][PASSED] - delay: Delayed 1 second(s)

2018-05-21 20:35:25 - [MESSAGE][PASSED] - Delayed 1 second(s)

2018-05-21 20:35:25 - [TEST_STEP][PASSED] - selectOptionByIndex: All options with index in [13] are selected on object 'Object Repository/Store Request Schedule 1/Page_Store/select_--Select--Adernaline 0.'

2018-05-21 20:35:25 - [MESSAGE][PASSED] - All options with index in [13] are selected on object 'Object Repository/Store Request Schedule 1/Page_Store/select_--Select--Adernaline 0.'

2018-05-21 20:35:25 - [TEST_STEP][PASSED] - setText: Text '100' is set on object 'Object Repository/Store Request Schedule 1/Page_Store/input_txttreat'

2018-05-21 20:35:25 - [MESSAGE][PASSED] - Text '100' is set on object 'Object Repository/Store Request Schedule 1/Page_Store/input_txttreat'

2018-05-21 20:35:25 - [TEST_STEP][PASSED] - click: Object: 'Object Repository/Store Request Schedule 1/Page_Store/button_Add' is clicked on

2018-05-21 20:35:25 - [MESSAGE][PASSED] - Object: 'Object Repository/Store Request Schedule 1/Page_Store/button_Add' is clicked on

2018-05-21 20:35:25 - [TEST_STEP][PASSED] - selectOptionByIndex: All options with index in [3] are selected on object 'Object Repository/Store Request Schedule 1/Page_Store/select_--Select--Schedule 1Inj'

2018-05-21 20:35:25 - [MESSAGE][PASSED] - All options with index in [3] are selected on object 'Object Repository/Store Request Schedule 1/Page_Store/select_--Select--Schedule 1Inj'

2018-05-21 20:35:25 - [TEST_STEP][PASSED] - delay: Delayed 1 second(s)

2018-05-21 20:35:26 - [MESSAGE][PASSED] - Delayed 1 second(s)

2018-05-21 20:35:26 - [TEST_STEP][PASSED] - selectOptionByIndex: All options with index in [14] are selected on object 'Object Repository/Store Request Schedule 1/Page_Store/select_--Select--Adernaline 0.'

2018-05-21 20:35:26 - [MESSAGE][PASSED] - All options with index in [14] are selected on object 'Object Repository/Store Request Schedule 1/Page_Store/select_--Select--Adernaline 0.'

2018-05-21 20:35:26 - [TEST_STEP][PASSED] - setText: Text '100' is set on object 'Object Repository/Store Request Schedule 1/Page_Store/input_txttreat'

2018-05-21 20:35:26 - [MESSAGE][PASSED] - Text '100' is set on object 'Object Repository/Store Request Schedule 1/Page_Store/input_txttreat'

2018-05-21 20:35:26 - [TEST_STEP][PASSED] - click: Object: 'Object Repository/Store Request Schedule 1/Page_Store/button_Add' is clicked on

2018-05-21 20:35:27 - [MESSAGE][PASSED] - Object: 'Object Repository/Store Request Schedule 1/Page_Store/button_Add' is clicked on

2018-05-21 20:35:27 - [TEST_STEP][PASSED] - selectOptionByIndex: All options with index in [3] are selected on object 'Object Repository/Store Request Schedule 1/Page_Store/select_--Select--Schedule 1Inj'

2018-05-21 20:35:27 - [MESSAGE][PASSED] - All options with index in [3] are selected on object 'Object Repository/Store Request Schedule 1/Page_Store/select_--Select--Schedule 1Inj'

2018-05-21 20:35:27 - [TEST_STEP][PASSED] - delay: Delayed 1 second(s)

2018-05-21 20:35:28 - [MESSAGE][PASSED] - Delayed 1 second(s)

2018-05-21 20:35:28 - [TEST_STEP][PASSED] - selectOptionByIndex: All options with index in [15] are selected on object 'Object Repository/Store Request Schedule 1/Page_Store/select_--Select--Adernaline 0.'

2018-05-21 20:35:28 - [MESSAGE][PASSED] - All options with index in [15] are selected on object 'Object Repository/Store Request Schedule 1/Page_Store/select_--Select--Adernaline 0.'

2018-05-21 20:35:28 - [TEST_STEP][PASSED] - setText: Text '100' is set on object 'Object Repository/Store Request Schedule 1/Page_Store/input_txttreat'

2018-05-21 20:35:28 - [MESSAGE][PASSED] - Text '100' is set on object 'Object Repository/Store Request Schedule 1/Page_Store/input_txttreat'

2018-05-21 20:35:28 - [TEST_STEP][PASSED] - click: Object: 'Object Repository/Store Request Schedule 1/Page_Store/button_Add' is clicked on

2018-05-21 20:35:28 - [MESSAGE][PASSED] - Object: 'Object Repository/Store Request Schedule 1/Page_Store/button_Add' is clicked on

2018-05-21 20:35:28 - [TEST_STEP][PASSED] - selectOptionByIndex: All options with index in [3] are selected on object 'Object Repository/Store Request Schedule 1/Page_Store/select_--Select--Schedule 1Inj'

2018-05-21 20:35:28 - [MESSAGE][PASSED] - All options with index in [3] are selected on object 'Object Repository/Store Request Schedule 1/Page_Store/select_--Select--Schedule 1Inj'

2018-05-21 20:35:28 - [TEST_STEP][PASSED] - delay: Delayed 1 second(s)

2018-05-21 20:35:29 - [MESSAGE][PASSED] - Delayed 1 second(s)

2018-05-21 20:35:29 - [TEST_STEP][PASSED] - selectOptionByIndex: All options with index in [16] are selected on object 'Object Repository/Store Request Schedule 1/Page_Store/select_--Select--Adernaline 0.'

2018-05-21 20:35:29 - [MESSAGE][PASSED] - All options with index in [16] are selected on object 'Object Repository/Store Request Schedule 1/Page_Store/select_--Select--Adernaline 0.'

2018-05-21 20:35:29 - [TEST_STEP][PASSED] - setText: Text '100' is set on object 'Object Repository/Store Request Schedule 1/Page_Store/input_txttreat'

2018-05-21 20:35:30 - [MESSAGE][PASSED] - Text '100' is set on object 'Object Repository/Store Request Schedule 1/Page_Store/input_txttreat'

2018-05-21 20:35:30 - [TEST_STEP][PASSED] - click: Object: 'Object Repository/Store Request Schedule 1/Page_Store/button_Add' is clicked on

2018-05-21 20:35:30 - [MESSAGE][PASSED] - Object: 'Object Repository/Store Request Schedule 1/Page_Store/button_Add' is clicked on

2018-05-21 20:35:30 - [TEST_STEP][PASSED] - selectOptionByIndex: All options with index in [3] are selected on object 'Object Repository/Store Request Schedule 1/Page_Store/select_--Select--Schedule 1Inj'

2018-05-21 20:35:30 - [MESSAGE][PASSED] - All options with index in [3] are selected on object 'Object Repository/Store Request Schedule 1/Page_Store/select_--Select--Schedule 1Inj'

2018-05-21 20:35:30 - [TEST_STEP][PASSED] - delay: Delayed 1 second(s)

2018-05-21 20:35:31 - [MESSAGE][PASSED] - Delayed 1 second(s)

2018-05-21 20:35:31 - [TEST_STEP][PASSED] - selectOptionByIndex: All options with index in [17] are selected on object 'Object Repository/Store Request Schedule 1/Page_Store/select_--Select--Adernaline 0.'

2018-05-21 20:35:31 - [MESSAGE][PASSED] - All options with index in [17] are selected on object 'Object Repository/Store Request Schedule 1/Page_Store/select_--Select--Adernaline 0.'

2018-05-21 20:35:31 - [TEST_STEP][PASSED] - setText: Text '100' is set on object 'Object Repository/Store Request Schedule 1/Page_Store/input_txttreat'

2018-05-21 20:35:31 - [MESSAGE][PASSED] - Text '100' is set on object 'Object Repository/Store Request Schedule 1/Page_Store/input_txttreat'

2018-05-21 20:35:31 - [TEST_STEP][PASSED] - click: Object: 'Object Repository/Store Request Schedule 1/Page_Store/button_Add' is clicked on

2018-05-21 20:35:31 - [MESSAGE][PASSED] - Object: 'Object Repository/Store Request Schedule 1/Page_Store/button_Add' is clicked on

2018-05-21 20:35:31 - [TEST_STEP][PASSED] - selectOptionByIndex: All options with index in [3] are selected on object 'Object Repository/Store Request Schedule 1/Page_Store/select_--Select--Schedule 1Inj'

2018-05-21 20:35:31 - [MESSAGE][PASSED] - All options with index in [3] are selected on object 'Object Repository/Store Request Schedule 1/Page_Store/select_--Select--Schedule 1Inj'

2018-05-21 20:35:31 - [TEST_STEP][PASSED] - delay: Delayed 1 second(s)

2018-05-21 20:35:32 - [MESSAGE][PASSED] - Delayed 1 second(s)

2018-05-21 20:35:32 - [TEST_STEP][PASSED] - selectOptionByIndex: All options with index in [18] are selected on object 'Object Repository/Store Request Schedule 1/Page_Store/select_--Select--Adernaline 0.'

2018-05-21 20:35:33 - [MESSAGE][PASSED] - All options with index in [18] are selected on object 'Object Repository/Store Request Schedule 1/Page_Store/select_--Select--Adernaline 0.'

2018-05-21 20:35:33 - [TEST_STEP][PASSED] - setText: Text '100' is set on object 'Object Repository/Store Request Schedule 1/Page_Store/input_txttreat'

2018-05-21 20:35:33 - [MESSAGE][PASSED] - Text '100' is set on object 'Object Repository/Store Request Schedule 1/Page_Store/input_txttreat'

2018-05-21 20:35:33 - [TEST_STEP][PASSED] - click: Object: 'Object Repository/Store Request Schedule 1/Page_Store/button_Add' is clicked on

2018-05-21 20:35:33 - [MESSAGE][PASSED] - Object: 'Object Repository/Store Request Schedule 1/Page_Store/button_Add' is clicked on

2018-05-21 20:35:33 - [TEST_STEP][PASSED] - selectOptionByIndex: All options with index in [3] are selected on object 'Object Repository/Store Request Schedule 1/Page_Store/select_--Select--Schedule 1Inj'

2018-05-21 20:35:33 - [MESSAGE][PASSED] - All options with index in [3] are selected on object 'Object Repository/Store Request Schedule 1/Page_Store/select_--Select--Schedule 1Inj'

2018-05-21 20:35:33 - [TEST_STEP][PASSED] - delay: Delayed 1 second(s)

2018-05-21 20:35:34 - [MESSAGE][PASSED] - Delayed 1 second(s)

2018-05-21 20:35:34 - [TEST_STEP][PASSED] - selectOptionByIndex: All options with index in [19] are selected on object 'Object Repository/Store Request Schedule 1/Page_Store/select_--Select--Adernaline 0.'

2018-05-21 20:35:34 - [MESSAGE][PASSED] - All options with index in [19] are selected on object 'Object Repository/Store Request Schedule 1/Page_Store/select_--Select--Adernaline 0.'

2018-05-21 20:35:34 - [TEST_STEP][PASSED] - setText: Text '100' is set on object 'Object Repository/Store Request Schedule 1/Page_Store/input_txttreat'

2018-05-21 20:35:34 - [MESSAGE][PASSED] - Text '100' is set on object 'Object Repository/Store Request Schedule 1/Page_Store/input_txttreat'

2018-05-21 20:35:34 - [TEST_STEP][PASSED] - click: Object: 'Object Repository/Store Request Schedule 1/Page_Store/button_Add' is clicked on

2018-05-21 20:35:34 - [MESSAGE][PASSED] - Object: 'Object Repository/Store Request Schedule 1/Page_Store/button_Add' is clicked on

2018-05-21 20:35:34 - [TEST_STEP][PASSED] - selectOptionByIndex: All options with index in [3] are selected on object 'Object Repository/Store Request Schedule 1/Page_Store/select_--Select--Schedule 1Inj'

2018-05-21 20:35:34 - [MESSAGE][PASSED] - All options with index in [3] are selected on object 'Object Repository/Store Request Schedule 1/Page_Store/select_--Select--Schedule 1Inj'

2018-05-21 20:35:34 - [TEST_STEP][PASSED] - delay: Delayed 1 second(s)

2018-05-21 20:35:35 - [MESSAGE][PASSED] - Delayed 1 second(s)

2018-05-21 20:35:35 - [TEST_STEP][PASSED] - selectOptionByIndex: All options with index in [20] are selected on object 'Object Repository/Store Request Schedule 1/Page_Store/select_--Select--Adernaline 0.'

2018-05-21 20:35:36 - [MESSAGE][PASSED] - All options with index in [20] are selected on object 'Object Repository/Store Request Schedule 1/Page_Store/select_--Select--Adernaline 0.'

2018-05-21 20:35:36 - [TEST_STEP][PASSED] - setText: Text '100' is set on object 'Object Repository/Store Request Schedule 1/Page_Store/input_txttreat'

2018-05-21 20:35:36 - [MESSAGE][PASSED] - Text '100' is set on object 'Object Repository/Store Request Schedule 1/Page_Store/input_txttreat'

2018-05-21 20:35:36 - [TEST_STEP][PASSED] - click: Object: 'Object Repository/Store Request Schedule 1/Page_Store/button_Add' is clicked on

2018-05-21 20:35:36 - [MESSAGE][PASSED] - Object: 'Object Repository/Store Request Schedule 1/Page_Store/button_Add' is clicked on

2018-05-21 20:35:36 - [TEST_STEP][PASSED] - selectOptionByIndex: All options with index in [3] are selected on object 'Object Repository/Store Request Schedule 1/Page_Store/select_--Select--Schedule 1Inj'

2018-05-21 20:35:36 - [MESSAGE][PASSED] - All options with index in [3] are selected on object 'Object Repository/Store Request Schedule 1/Page_Store/select_--Select--Schedule 1Inj'

2018-05-21 20:35:36 - [TEST_STEP][PASSED] - delay: Delayed 1 second(s)

2018-05-21 20:35:37 - [MESSAGE][PASSED] - Delayed 1 second(s)

2018-05-21 20:35:37 - [TEST_STEP][PASSED] - selectOptionByIndex: All options with index in [21] are selected on object 'Object Repository/Store Request Schedule 1/Page_Store/select_--Select--Adernaline 0.'

2018-05-21 20:35:37 - [MESSAGE][PASSED] - All options with index in [21] are selected on object 'Object Repository/Store Request Schedule 1/Page_Store/select_--Select--Adernaline 0.'

2018-05-21 20:35:37 - [TEST_STEP][PASSED] - setText: Text '100' is set on object 'Object Repository/Store Request Schedule 1/Page_Store/input_txttreat'

2018-05-21 20:35:37 - [MESSAGE][PASSED] - Text '100' is set on object 'Object Repository/Store Request Schedule 1/Page_Store/input_txttreat'

2018-05-21 20:35:37 - [TEST_STEP][PASSED] - click: Object: 'Object Repository/Store Request Schedule 1/Page_Store/button_Add' is clicked on

2018-05-21 20:35:37 - [MESSAGE][PASSED] - Object: 'Object Repository/Store Request Schedule 1/Page_Store/button_Add' is clicked on

2018-05-21 20:35:37 - [TEST_STEP][PASSED] - selectOptionByIndex: All options with index in [3] are selected on object 'Object Repository/Store Request Schedule 1/Page_Store/select_--Select--Schedule 1Inj'

2018-05-21 20:35:37 - [MESSAGE][PASSED] - All options with index in [3] are selected on object 'Object Repository/Store Request Schedule 1/Page_Store/select_--Select--Schedule 1Inj'

2018-05-21 20:35:37 - [TEST_STEP][PASSED] - delay: Delayed 1 second(s)

2018-05-21 20:35:38 - [MESSAGE][PASSED] - Delayed 1 second(s)

2018-05-21 20:35:38 - [TEST_STEP][PASSED] - selectOptionByIndex: All options with index in [22] are selected on object 'Object Repository/Store Request Schedule 1/Page_Store/select_--Select--Adernaline 0.'

2018-05-21 20:35:39 - [MESSAGE][PASSED] - All options with index in [22] are selected on object 'Object Repository/Store Request Schedule 1/Page_Store/select_--Select--Adernaline 0.'

2018-05-21 20:35:39 - [TEST_STEP][PASSED] - setText: Text '100' is set on object 'Object Repository/Store Request Schedule 1/Page_Store/input_txttreat'

2018-05-21 20:35:39 - [MESSAGE][PASSED] - Text '100' is set on object 'Object Repository/Store Request Schedule 1/Page_Store/input_txttreat'

2018-05-21 20:35:39 - [TEST_STEP][PASSED] - click: Object: 'Object Repository/Store Request Schedule 1/Page_Store/button_Add' is clicked on

2018-05-21 20:35:39 - [MESSAGE][PASSED] - Object: 'Object Repository/Store Request Schedule 1/Page_Store/button_Add' is clicked on

2018-05-21 20:35:39 - [TEST_STEP][PASSED] - selectOptionByIndex: All options with index in [3] are selected on object 'Object Repository/Store Request Schedule 1/Page_Store/select_--Select--Schedule 1Inj'

2018-05-21 20:35:39 - [MESSAGE][PASSED] - All options with index in [3] are selected on object 'Object Repository/Store Request Schedule 1/Page_Store/select_--Select--Schedule 1Inj'

2018-05-21 20:35:39 - [TEST_STEP][PASSED] - delay: Delayed 1 second(s)

2018-05-21 20:35:40 - [MESSAGE][PASSED] - Delayed 1 second(s)

2018-05-21 20:35:40 - [TEST_STEP][PASSED] - selectOptionByIndex: All options with index in [23] are selected on object 'Object Repository/Store Request Schedule 1/Page_Store/select_--Select--Adernaline 0.'

2018-05-21 20:35:40 - [MESSAGE][PASSED] - All options with index in [23] are selected on object 'Object Repository/Store Request Schedule 1/Page_Store/select_--Select--Adernaline 0.'

2018-05-21 20:35:40 - [TEST_STEP][PASSED] - setText: Text '100' is set on object 'Object Repository/Store Request Schedule 1/Page_Store/input_txttreat'

2018-05-21 20:35:40 - [MESSAGE][PASSED] - Text '100' is set on object 'Object Repository/Store Request Schedule 1/Page_Store/input_txttreat'

2018-05-21 20:35:40 - [TEST_STEP][PASSED] - click: Object: 'Object Repository/Store Request Schedule 1/Page_Store/button_Add' is clicked on

2018-05-21 20:35:41 - [MESSAGE][PASSED] - Object: 'Object Repository/Store Request Schedule 1/Page_Store/button_Add' is clicked on

2018-05-21 20:35:41 - [TEST_STEP][PASSED] - selectOptionByIndex: All options with index in [3] are selected on object 'Object Repository/Store Request Schedule 1/Page_Store/select_--Select--Schedule 1Inj'

2018-05-21 20:35:41 - [MESSAGE][PASSED] - All options with index in [3] are selected on object 'Object Repository/Store Request Schedule 1/Page_Store/select_--Select--Schedule 1Inj'

2018-05-21 20:35:41 - [TEST_STEP][PASSED] - delay: Delayed 1 second(s)

2018-05-21 20:35:42 - [MESSAGE][PASSED] - Delayed 1 second(s)

2018-05-21 20:35:42 - [TEST_STEP][PASSED] - selectOptionByIndex: All options with index in [24] are selected on object 'Object Repository/Store Request Schedule 1/Page_Store/select_--Select--Adernaline 0.'

2018-05-21 20:35:42 - [MESSAGE][PASSED] - All options with index in [24] are selected on object 'Object Repository/Store Request Schedule 1/Page_Store/select_--Select--Adernaline 0.'

2018-05-21 20:35:42 - [TEST_STEP][PASSED] - setText: Text '100' is set on object 'Object Repository/Store Request Schedule 1/Page_Store/input_txttreat'

2018-05-21 20:35:42 - [MESSAGE][PASSED] - Text '100' is set on object 'Object Repository/Store Request Schedule 1/Page_Store/input_txttreat'

2018-05-21 20:35:42 - [TEST_STEP][PASSED] - click: Object: 'Object Repository/Store Request Schedule 1/Page_Store/button_Add' is clicked on

2018-05-21 20:35:42 - [MESSAGE][PASSED] - Object: 'Object Repository/Store Request Schedule 1/Page_Store/button_Add' is clicked on

2018-05-21 20:35:42 - [TEST_STEP][PASSED] - selectOptionByIndex: All options with index in [3] are selected on object 'Object Repository/Store Request Schedule 1/Page_Store/select_--Select--Schedule 1Inj'

2018-05-21 20:35:42 - [MESSAGE][PASSED] - All options with index in [3] are selected on object 'Object Repository/Store Request Schedule 1/Page_Store/select_--Select--Schedule 1Inj'

2018-05-21 20:35:42 - [TEST_STEP][PASSED] - delay: Delayed 1 second(s)

2018-05-21 20:35:43 - [MESSAGE][PASSED] - Delayed 1 second(s)

2018-05-21 20:35:43 - [TEST_STEP][PASSED] - selectOptionByIndex: All options with index in [25] are selected on object 'Object Repository/Store Request Schedule 1/Page_Store/select_--Select--Adernaline 0.'

2018-05-21 20:35:44 - [MESSAGE][PASSED] - All options with index in [25] are selected on object 'Object Repository/Store Request Schedule 1/Page_Store/select_--Select--Adernaline 0.'

2018-05-21 20:35:44 - [TEST_STEP][PASSED] - setText: Text '100' is set on object 'Object Repository/Store Request Schedule 1/Page_Store/input_txttreat'

2018-05-21 20:35:44 - [MESSAGE][PASSED] - Text '100' is set on object 'Object Repository/Store Request Schedule 1/Page_Store/input_txttreat'

2018-05-21 20:35:44 - [TEST_STEP][PASSED] - click: Object: 'Object Repository/Store Request Schedule 1/Page_Store/button_Add' is clicked on

2018-05-21 20:35:44 - [MESSAGE][PASSED] - Object: 'Object Repository/Store Request Schedule 1/Page_Store/button_Add' is clicked on

2018-05-21 20:35:44 - [TEST_STEP][PASSED] - selectOptionByIndex: All options with index in [3] are selected on object 'Object Repository/Store Request Schedule 1/Page_Store/select_--Select--Schedule 1Inj'

2018-05-21 20:35:44 - [MESSAGE][PASSED] - All options with index in [3] are selected on object 'Object Repository/Store Request Schedule 1/Page_Store/select_--Select--Schedule 1Inj'

2018-05-21 20:35:44 - [TEST_STEP][PASSED] - delay: Delayed 1 second(s)

2018-05-21 20:35:45 - [MESSAGE][PASSED] - Delayed 1 second(s)

2018-05-21 20:35:45 - [TEST_STEP][PASSED] - selectOptionByIndex: All options with index in [26] are selected on object 'Object Repository/Store Request Schedule 1/Page_Store/select_--Select--Adernaline 0.'

2018-05-21 20:35:45 - [MESSAGE][PASSED] - All options with index in [26] are selected on object 'Object Repository/Store Request Schedule 1/Page_Store/select_--Select--Adernaline 0.'

2018-05-21 20:35:45 - [TEST_STEP][PASSED] - setText: Text '100' is set on object 'Object Repository/Store Request Schedule 1/Page_Store/input_txttreat'

2018-05-21 20:35:45 - [MESSAGE][PASSED] - Text '100' is set on object 'Object Repository/Store Request Schedule 1/Page_Store/input_txttreat'

2018-05-21 20:35:45 - [TEST_STEP][PASSED] - click: Object: 'Object Repository/Store Request Schedule 1/Page_Store/button_Add' is clicked on

2018-05-21 20:35:45 - [MESSAGE][PASSED] - Object: 'Object Repository/Store Request Schedule 1/Page_Store/button_Add' is clicked on

2018-05-21 20:35:45 - [TEST_STEP][PASSED] - selectOptionByIndex: All options with index in [3] are selected on object 'Object Repository/Store Request Schedule 1/Page_Store/select_--Select--Schedule 1Inj'

2018-05-21 20:35:46 - [MESSAGE][PASSED] - All options with index in [3] are selected on object 'Object Repository/Store Request Schedule 1/Page_Store/select_--Select--Schedule 1Inj'

2018-05-21 20:35:46 - [TEST_STEP][PASSED] - delay: Delayed 1 second(s)

2018-05-21 20:35:47 - [MESSAGE][PASSED] - Delayed 1 second(s)

2018-05-21 20:35:47 - [TEST_STEP][PASSED] - selectOptionByIndex: All options with index in [27] are selected on object 'Object Repository/Store Request Schedule 1/Page_Store/select_--Select--Adernaline 0.'

2018-05-21 20:35:47 - [MESSAGE][PASSED] - All options with index in [27] are selected on object 'Object Repository/Store Request Schedule 1/Page_Store/select_--Select--Adernaline 0.'

2018-05-21 20:35:47 - [TEST_STEP][PASSED] - setText: Text '100' is set on object 'Object Repository/Store Request Schedule 1/Page_Store/input_txttreat'

2018-05-21 20:35:47 - [MESSAGE][PASSED] - Text '100' is set on object 'Object Repository/Store Request Schedule 1/Page_Store/input_txttreat'

2018-05-21 20:35:47 - [TEST_STEP][PASSED] - click: Object: 'Object Repository/Store Request Schedule 1/Page_Store/button_Add' is clicked on

2018-05-21 20:35:47 - [MESSAGE][PASSED] - Object: 'Object Repository/Store Request Schedule 1/Page_Store/button_Add' is clicked on

2018-05-21 20:35:47 - [TEST_STEP][PASSED] - selectOptionByIndex: All options with index in [3] are selected on object 'Object Repository/Store Request Schedule 1/Page_Store/select_--Select--Schedule 1Inj'

2018-05-21 20:35:47 - [MESSAGE][PASSED] - All options with index in [3] are selected on object 'Object Repository/Store Request Schedule 1/Page_Store/select_--Select--Schedule 1Inj'

2018-05-21 20:35:47 - [TEST_STEP][PASSED] - delay: Delayed 1 second(s)

2018-05-21 20:35:48 - [MESSAGE][PASSED] - Delayed 1 second(s)

2018-05-21 20:35:48 - [TEST_STEP][PASSED] - selectOptionByIndex: All options with index in [28] are selected on object 'Object Repository/Store Request Schedule 1/Page_Store/select_--Select--Adernaline 0.'

2018-05-21 20:35:49 - [MESSAGE][PASSED] - All options with index in [28] are selected on object 'Object Repository/Store Request Schedule 1/Page_Store/select_--Select--Adernaline 0.'

2018-05-21 20:35:49 - [TEST_STEP][PASSED] - setText: Text '100' is set on object 'Object Repository/Store Request Schedule 1/Page_Store/input_txttreat'

2018-05-21 20:35:49 - [MESSAGE][PASSED] - Text '100' is set on object 'Object Repository/Store Request Schedule 1/Page_Store/input_txttreat'

2018-05-21 20:35:49 - [TEST_STEP][PASSED] - click: Object: 'Object Repository/Store Request Schedule 1/Page_Store/button_Add' is clicked on

2018-05-21 20:35:49 - [MESSAGE][PASSED] - Object: 'Object Repository/Store Request Schedule 1/Page_Store/button_Add' is clicked on

2018-05-21 20:35:49 - [TEST_STEP][PASSED] - selectOptionByIndex: All options with index in [3] are selected on object 'Object Repository/Store Request Schedule 1/Page_Store/select_--Select--Schedule 1Inj'

2018-05-21 20:35:49 - [MESSAGE][PASSED] - All options with index in [3] are selected on object 'Object Repository/Store Request Schedule 1/Page_Store/select_--Select--Schedule 1Inj'

2018-05-21 20:35:49 - [TEST_STEP][PASSED] - delay: Delayed 1 second(s)

2018-05-21 20:35:50 - [MESSAGE][PASSED] - Delayed 1 second(s)

2018-05-21 20:35:50 - [TEST_STEP][PASSED] - selectOptionByIndex: All options with index in [29] are selected on object 'Object Repository/Store Request Schedule 1/Page_Store/select_--Select--Adernaline 0.'

2018-05-21 20:35:50 - [MESSAGE][PASSED] - All options with index in [29] are selected on object 'Object Repository/Store Request Schedule 1/Page_Store/select_--Select--Adernaline 0.'

2018-05-21 20:35:50 - [TEST_STEP][PASSED] - setText: Text '100' is set on object 'Object Repository/Store Request Schedule 1/Page_Store/input_txttreat'

2018-05-21 20:35:50 - [MESSAGE][PASSED] - Text '100' is set on object 'Object Repository/Store Request Schedule 1/Page_Store/input_txttreat'

2018-05-21 20:35:50 - [TEST_STEP][PASSED] - click: Object: 'Object Repository/Store Request Schedule 1/Page_Store/button_Add' is clicked on

2018-05-21 20:35:50 - [MESSAGE][PASSED] - Object: 'Object Repository/Store Request Schedule 1/Page_Store/button_Add' is clicked on

2018-05-21 20:35:50 - [TEST_STEP][PASSED] - selectOptionByIndex: All options with index in [3] are selected on object 'Object Repository/Store Request Schedule 1/Page_Store/select_--Select--Schedule 1Inj'

2018-05-21 20:35:51 - [MESSAGE][PASSED] - All options with index in [3] are selected on object 'Object Repository/Store Request Schedule 1/Page_Store/select_--Select--Schedule 1Inj'

2018-05-21 20:35:51 - [TEST_STEP][PASSED] - delay: Delayed 1 second(s)

2018-05-21 20:35:52 - [MESSAGE][PASSED] - Delayed 1 second(s)

2018-05-21 20:35:52 - [TEST_STEP][PASSED] - selectOptionByIndex: All options with index in [30] are selected on object 'Object Repository/Store Request Schedule 1/Page_Store/select_--Select--Adernaline 0.'

2018-05-21 20:35:52 - [MESSAGE][PASSED] - All options with index in [30] are selected on object 'Object Repository/Store Request Schedule 1/Page_Store/select_--Select--Adernaline 0.'

2018-05-21 20:35:52 - [TEST_STEP][PASSED] - setText: Text '100' is set on object 'Object Repository/Store Request Schedule 1/Page_Store/input_txttreat'

2018-05-21 20:35:52 - [MESSAGE][PASSED] - Text '100' is set on object 'Object Repository/Store Request Schedule 1/Page_Store/input_txttreat'

2018-05-21 20:35:52 - [TEST_STEP][PASSED] - click: Object: 'Object Repository/Store Request Schedule 1/Page_Store/button_Add' is clicked on

2018-05-21 20:35:52 - [MESSAGE][PASSED] - Object: 'Object Repository/Store Request Schedule 1/Page_Store/button_Add' is clicked on

2018-05-21 20:35:52 - [TEST_STEP][PASSED] - selectOptionByIndex: All options with index in [3] are selected on object 'Object Repository/Store Request Schedule 1/Page_Store/select_--Select--Schedule 1Inj'

2018-05-21 20:35:52 - [MESSAGE][PASSED] - All options with index in [3] are selected on object 'Object Repository/Store Request Schedule 1/Page_Store/select_--Select--Schedule 1Inj'

2018-05-21 20:35:52 - [TEST_STEP][PASSED] - delay: Delayed 1 second(s)

2018-05-21 20:35:53 - [MESSAGE][PASSED] - Delayed 1 second(s)

2018-05-21 20:35:53 - [TEST_STEP][PASSED] - selectOptionByIndex: All options with index in [31] are selected on object 'Object Repository/Store Request Schedule 1/Page_Store/select_--Select--Adernaline 0.'

2018-05-21 20:35:54 - [MESSAGE][PASSED] - All options with index in [31] are selected on object 'Object Repository/Store Request Schedule 1/Page_Store/select_--Select--Adernaline 0.'

2018-05-21 20:35:54 - [TEST_STEP][PASSED] - setText: Text '100' is set on object 'Object Repository/Store Request Schedule 1/Page_Store/input_txttreat'

2018-05-21 20:35:54 - [MESSAGE][PASSED] - Text '100' is set on object 'Object Repository/Store Request Schedule 1/Page_Store/input_txttreat'

2018-05-21 20:35:54 - [TEST_STEP][PASSED] - click: Object: 'Object Repository/Store Request Schedule 1/Page_Store/button_Add' is clicked on

2018-05-21 20:35:54 - [MESSAGE][PASSED] - Object: 'Object Repository/Store Request Schedule 1/Page_Store/button_Add' is clicked on

2018-05-21 20:35:54 - [TEST_STEP][PASSED] - selectOptionByIndex: All options with index in [3] are selected on object 'Object Repository/Store Request Schedule 1/Page_Store/select_--Select--Schedule 1Inj'

2018-05-21 20:35:54 - [MESSAGE][PASSED] - All options with index in [3] are selected on object 'Object Repository/Store Request Schedule 1/Page_Store/select_--Select--Schedule 1Inj'

2018-05-21 20:35:54 - [TEST_STEP][PASSED] - delay: Delayed 1 second(s)

2018-05-21 20:35:55 - [MESSAGE][PASSED] - Delayed 1 second(s)

2018-05-21 20:35:55 - [TEST_STEP][PASSED] - selectOptionByIndex: All options with index in [32] are selected on object 'Object Repository/Store Request Schedule 1/Page_Store/select_--Select--Adernaline 0.'

2018-05-21 20:35:55 - [MESSAGE][PASSED] - All options with index in [32] are selected on object 'Object Repository/Store Request Schedule 1/Page_Store/select_--Select--Adernaline 0.'

2018-05-21 20:35:55 - [TEST_STEP][PASSED] - setText: Text '100' is set on object 'Object Repository/Store Request Schedule 1/Page_Store/input_txttreat'

2018-05-21 20:35:55 - [MESSAGE][PASSED] - Text '100' is set on object 'Object Repository/Store Request Schedule 1/Page_Store/input_txttreat'

2018-05-21 20:35:55 - [TEST_STEP][PASSED] - click: Object: 'Object Repository/Store Request Schedule 1/Page_Store/button_Add' is clicked on

2018-05-21 20:35:55 - [MESSAGE][PASSED] - Object: 'Object Repository/Store Request Schedule 1/Page_Store/button_Add' is clicked on

2018-05-21 20:35:55 - [TEST_STEP][PASSED] - selectOptionByIndex: All options with index in [3] are selected on object 'Object Repository/Store Request Schedule 1/Page_Store/select_--Select--Schedule 1Inj'

2018-05-21 20:35:56 - [MESSAGE][PASSED] - All options with index in [3] are selected on object 'Object Repository/Store Request Schedule 1/Page_Store/select_--Select--Schedule 1Inj'

2018-05-21 20:35:56 - [TEST_STEP][PASSED] - delay: Delayed 1 second(s)

2018-05-21 20:35:57 - [MESSAGE][PASSED] - Delayed 1 second(s)

2018-05-21 20:35:57 - [TEST_STEP][PASSED] - selectOptionByIndex: All options with index in [33] are selected on object 'Object Repository/Store Request Schedule 1/Page_Store/select_--Select--Adernaline 0.'

2018-05-21 20:35:57 - [MESSAGE][PASSED] - All options with index in [33] are selected on object 'Object Repository/Store Request Schedule 1/Page_Store/select_--Select--Adernaline 0.'

2018-05-21 20:35:57 - [TEST_STEP][PASSED] - setText: Text '100' is set on object 'Object Repository/Store Request Schedule 1/Page_Store/input_txttreat'

2018-05-21 20:35:57 - [MESSAGE][PASSED] - Text '100' is set on object 'Object Repository/Store Request Schedule 1/Page_Store/input_txttreat'

2018-05-21 20:35:57 - [TEST_STEP][PASSED] - click: Object: 'Object Repository/Store Request Schedule 1/Page_Store/button_Add' is clicked on

2018-05-21 20:35:57 - [MESSAGE][PASSED] - Object: 'Object Repository/Store Request Schedule 1/Page_Store/button_Add' is clicked on

2018-05-21 20:35:57 - [TEST_STEP][PASSED] - selectOptionByIndex: All options with index in [3] are selected on object 'Object Repository/Store Request Schedule 1/Page_Store/select_--Select--Schedule 1Inj'

2018-05-21 20:35:57 - [MESSAGE][PASSED] - All options with index in [3] are selected on object 'Object Repository/Store Request Schedule 1/Page_Store/select_--Select--Schedule 1Inj'

2018-05-21 20:35:57 - [TEST_STEP][PASSED] - delay: Delayed 1 second(s)

2018-05-21 20:35:58 - [MESSAGE][PASSED] - Delayed 1 second(s)

2018-05-21 20:35:58 - [TEST_STEP][PASSED] - selectOptionByIndex: All options with index in [34] are selected on object 'Object Repository/Store Request Schedule 1/Page_Store/select_--Select--Adernaline 0.'

2018-05-21 20:35:59 - [MESSAGE][PASSED] - All options with index in [34] are selected on object 'Object Repository/Store Request Schedule 1/Page_Store/select_--Select--Adernaline 0.'

2018-05-21 20:35:59 - [TEST_STEP][PASSED] - setText: Text '100' is set on object 'Object Repository/Store Request Schedule 1/Page_Store/input_txttreat'

2018-05-21 20:35:59 - [MESSAGE][PASSED] - Text '100' is set on object 'Object Repository/Store Request Schedule 1/Page_Store/input_txttreat'

2018-05-21 20:35:59 - [TEST_STEP][PASSED] - click: Object: 'Object Repository/Store Request Schedule 1/Page_Store/button_Add' is clicked on

2018-05-21 20:35:59 - [MESSAGE][PASSED] - Object: 'Object Repository/Store Request Schedule 1/Page_Store/button_Add' is clicked on

2018-05-21 20:35:59 - [TEST_STEP][PASSED] - selectOptionByIndex: All options with index in [3] are selected on object 'Object Repository/Store Request Schedule 1/Page_Store/select_--Select--Schedule 1Inj'

2018-05-21 20:35:59 - [MESSAGE][PASSED] - All options with index in [3] are selected on object 'Object Repository/Store Request Schedule 1/Page_Store/select_--Select--Schedule 1Inj'

2018-05-21 20:35:59 - [TEST_STEP][PASSED] - delay: Delayed 1 second(s)

2018-05-21 20:36:00 - [MESSAGE][PASSED] - Delayed 1 second(s)

2018-05-21 20:36:00 - [TEST_STEP][PASSED] - selectOptionByIndex: All options with index in [35] are selected on object 'Object Repository/Store Request Schedule 1/Page_Store/select_--Select--Adernaline 0.'

2018-05-21 20:36:00 - [MESSAGE][PASSED] - All options with index in [35] are selected on object 'Object Repository/Store Request Schedule 1/Page_Store/select_--Select--Adernaline 0.'

2018-05-21 20:36:00 - [TEST_STEP][PASSED] - setText: Text '100' is set on object 'Object Repository/Store Request Schedule 1/Page_Store/input_txttreat'

2018-05-21 20:36:00 - [MESSAGE][PASSED] - Text '100' is set on object 'Object Repository/Store Request Schedule 1/Page_Store/input_txttreat'

2018-05-21 20:36:00 - [TEST_STEP][PASSED] - click: Object: 'Object Repository/Store Request Schedule 1/Page_Store/button_Add' is clicked on

2018-05-21 20:36:00 - [MESSAGE][PASSED] - Object: 'Object Repository/Store Request Schedule 1/Page_Store/button_Add' is clicked on

2018-05-21 20:36:00 - [TEST_STEP][PASSED] - selectOptionByIndex: All options with index in [3] are selected on object 'Object Repository/Store Request Schedule 1/Page_Store/select_--Select--Schedule 1Inj'

2018-05-21 20:36:01 - [MESSAGE][PASSED] - All options with index in [3] are selected on object 'Object Repository/Store Request Schedule 1/Page_Store/select_--Select--Schedule 1Inj'

2018-05-21 20:36:01 - [TEST_STEP][PASSED] - delay: Delayed 1 second(s)

2018-05-21 20:36:02 - [MESSAGE][PASSED] - Delayed 1 second(s)

2018-05-21 20:36:02 - [TEST_STEP][PASSED] - selectOptionByIndex: All options with index in [36] are selected on object 'Object Repository/Store Request Schedule 1/Page_Store/select_--Select--Adernaline 0.'

2018-05-21 20:36:02 - [MESSAGE][PASSED] - All options with index in [36] are selected on object 'Object Repository/Store Request Schedule 1/Page_Store/select_--Select--Adernaline 0.'

2018-05-21 20:36:02 - [TEST_STEP][PASSED] - setText: Text '100' is set on object 'Object Repository/Store Request Schedule 1/Page_Store/input_txttreat'

2018-05-21 20:36:02 - [MESSAGE][PASSED] - Text '100' is set on object 'Object Repository/Store Request Schedule 1/Page_Store/input_txttreat'

2018-05-21 20:36:02 - [TEST_STEP][PASSED] - click: Object: 'Object Repository/Store Request Schedule 1/Page_Store/button_Add' is clicked on

2018-05-21 20:36:02 - [MESSAGE][PASSED] - Object: 'Object Repository/Store Request Schedule 1/Page_Store/button_Add' is clicked on

2018-05-21 20:36:02 - [TEST_STEP][PASSED] - delay: Delayed 2 second(s)

2018-05-21 20:36:04 - [MESSAGE][PASSED] - Delayed 2 second(s)

2018-05-21 20:36:04 - [TEST_STEP][PASSED] - scrollToElement: Scroll to object 'Object Repository/Store Request Schedule 1/Page_Store/input_btnsave' successfully

2018-05-21 20:36:04 - [MESSAGE][PASSED] - Scroll to object 'Object Repository/Store Request Schedule 1/Page_Store/input_btnsave' successfully

2018-05-21 20:36:04 - [TEST_STEP][PASSED] - click: Object: 'Object Repository/Store Request Schedule 1/Page_Store/input_btnsave' is clicked on

2018-05-21 20:36:04 - [MESSAGE][PASSED] - Object: 'Object Repository/Store Request Schedule 1/Page_Store/input_btnsave' is clicked on

2018-05-21 20:36:04 - [TEST_STEP][PASSED] - delay: Delayed 4 second(s)

2018-05-21 20:36:08 - [MESSAGE][PASSED] - Delayed 4 second(s)

2018-05-21 20:36:08 - [TEST_STEP][PASSED] - Statement - Cms_RequestNumber = com.kms.katalon.core.webui.keyword.WebUiBuiltInKeywords.getText(com.kms.katalon.core.testobject.ObjectRepository.findTestObject(Store Request Schedule 1/Page_Store/font_PRNO050520189)): Text of object 'Object Repository/Store Request Schedule 1/Page_Store/font_PRNO050520189' is: 'PRNO/21052018/330'

2018-05-21 20:36:08 - [MESSAGE][PASSED] - Text of object 'Object Repository/Store Request Schedule 1/Page_Store/font_PRNO050520189' is: 'PRNO/21052018/330'

2018-05-21 20:36:08 - [TEST_STEP][PASSED] - Statement - CR = Cms_RequestNumber.trim(): null

2018-05-21 20:36:08 - [TEST_STEP][PASSED] - Statement - out.println("RQ :" + Cms_RequestNumber): null

2018-05-21 20:36:08 - [TEST_STEP][PASSED] - Statement - RequestNumberID = Cms_RequestNumber.split("/")[2].trim(): null

2018-05-21 20:36:08 - [TEST_STEP][PASSED] - Statement - out.println("RQ ID :" + RequestNumberID): null

2018-05-21 20:36:08 - [TEST_STEP][PASSED] - delay: Delayed 3 second(s)

2018-05-21 20:36:11 - [MESSAGE][PASSED] - Delayed 3 second(s)

2018-05-21 20:36:11 - [TEST_STEP][PASSED] - Statement - ok = com.kms.katalon.core.webui.keyword.WebUiBuiltInKeywords.click(com.kms.katalon.core.testobject.ObjectRepository.findTestObject(Store Request Schedule 1/Page_Store/button_OK)): Object: 'Object Repository/Store Request Schedule 1/Page_Store/button_OK' is clicked on

2018-05-21 20:36:12 - [MESSAGE][PASSED] - Object: 'Object Repository/Store Request Schedule 1/Page_Store/button_OK' is clicked on

2018-05-21 20:36:12 - [TEST_STEP][PASSED] - delay: Delayed 3 second(s)

2018-05-21 20:36:15 - [MESSAGE][PASSED] - Delayed 3 second(s)

2018-05-21 20:36:15 - [TEST_STEP][PASSED] - click: Object: 'Object Repository/Store Request Schedule 1/Page_Store/a_dropdown-toggle' is clicked on

2018-05-21 20:36:16 - [MESSAGE][PASSED] - Object: 'Object Repository/Store Request Schedule 1/Page_Store/a_dropdown-toggle' is clicked on

2018-05-21 20:36:16 - [TEST_STEP][PASSED] - click: Object: 'Object Repository/Store Request Schedule 1/Page_Store/a_Sign out' is clicked on

2018-05-21 20:36:16 - [MESSAGE][PASSED] - Object: 'Object Repository/Store Request Schedule 1/Page_Store/a_Sign out' is clicked on

2018-05-21 20:36:16 - [TEST_STEP][PASSED] - delay: Delayed 3 second(s)

2018-05-21 20:36:19 - [MESSAGE][PASSED] - Delayed 3 second(s)

2018-05-21 20:36:19 - [TEST_STEP][PASSED] - click: Object: 'Object Repository/Store Request Schedule 1/Page_KDMC/a_CMO' is clicked on

2018-05-21 20:36:20 - [MESSAGE][PASSED] - Object: 'Object Repository/Store Request Schedule 1/Page_KDMC/a_CMO' is clicked on

2018-05-21 20:36:20 - [TEST_STEP][PASSED] - setText: Text 'guru' is set on object 'Object Repository/Store Request Schedule 1/Page_CMO login/input_txtusername'

2018-05-21 20:36:20 - [MESSAGE][PASSED] - Text 'guru' is set on object 'Object Repository/Store Request Schedule 1/Page_CMO login/input_txtusername'

2018-05-21 20:36:20 - [TEST_STEP][PASSED] - setText: Text '123' is set on object 'Object Repository/Store Request Schedule 1/Page_CMO login/input_txtpassword'

2018-05-21 20:36:20 - [MESSAGE][PASSED] - Text '123' is set on object 'Object Repository/Store Request Schedule 1/Page_CMO login/input_txtpassword'

2018-05-21 20:36:20 - [TEST_STEP][PASSED] - delay: Delayed 3 second(s)

2018-05-21 20:36:23 - [MESSAGE][PASSED] - Delayed 3 second(s)

2018-05-21 20:36:23 - [TEST_STEP][PASSED] - click: Object: 'Object Repository/Store Request Schedule 1/Page_CMO login/button_Sign in' is clicked on

2018-05-21 20:36:24 - [MESSAGE][PASSED] - Object: 'Object Repository/Store Request Schedule 1/Page_CMO login/button_Sign in' is clicked on

2018-05-21 20:36:24 - [TEST_STEP][PASSED] - delay: Delayed 2 second(s)

2018-05-21 20:36:26 - [MESSAGE][PASSED] - Delayed 2 second(s)

2018-05-21 20:36:26 - [TEST_STEP][PASSED] - click: Object: 'Object Repository/Store Request Schedule 1/Page_KDMC - CMO/span_Department Wise Request' is clicked on

2018-05-21 20:36:26 - [MESSAGE][PASSED] - Object: 'Object Repository/Store Request Schedule 1/Page_KDMC - CMO/span_Department Wise Request' is clicked on

2018-05-21 20:36:26 - [TEST_STEP][PASSED] - click: Object: 'Object Repository/Store Request Schedule 1/Page_KDMC - CMO/a_CMS Request' is clicked on

2018-05-21 20:36:26 - [MESSAGE][PASSED] - Object: 'Object Repository/Store Request Schedule 1/Page_KDMC - CMO/a_CMS Request' is clicked on

2018-05-21 20:36:26 - [TEST_STEP][PASSED] - click: Object: 'Object Repository/Store Request Schedule 1/Page_KDMC - CMO/a_CMS Request' is clicked on

2018-05-21 20:36:26 - [MESSAGE][PASSED] - Object: 'Object Repository/Store Request Schedule 1/Page_KDMC - CMO/a_CMS Request' is clicked on

2018-05-21 20:36:26 - [TEST_STEP][PASSED] - click: Object: 'Object Repository/Store Request Schedule 1/Page_KDMC - CMO/span_Divisional Store Request' is clicked on

2018-05-21 20:36:29 - [MESSAGE][PASSED] - Object: 'Object Repository/Store Request Schedule 1/Page_KDMC - CMO/span_Divisional Store Request' is clicked on

2018-05-21 20:36:29 - [TEST_STEP][PASSED] - delay: Delayed 2 second(s)

2018-05-21 20:36:31 - [MESSAGE][PASSED] - Delayed 2 second(s)

2018-05-21 20:36:31 - [TEST_STEP][PASSED] - Statement - approval = com.kms.katalon.core.webui.keyword.WebUiBuiltInKeywords.modifyObjectProperty(com.kms.katalon.core.testobject.ObjectRepository.findTestObject(Store Request Schedule 1/Page_KDMC - CMO/input_PRNO050520189), "xpath", "equals", "//*[@id=" + RequestNumberID + "]", true): Modify property of object successfully

2018-05-21 20:36:31 - [MESSAGE][PASSED] - Modify property of object successfully

2018-05-21 20:36:31 - [TEST_STEP][PASSED] - click: Object: 'Object Repository/Store Request Schedule 1/Page_KDMC - CMO/input_PRNO050520189' is clicked on

2018-05-21 20:36:31 - [MESSAGE][PASSED] - Object: 'Object Repository/Store Request Schedule 1/Page_KDMC - CMO/input_PRNO050520189' is clicked on

2018-05-21 20:36:31 - [TEST_STEP][PASSED] - delay: Delayed 2 second(s)

2018-05-21 20:36:33 - [MESSAGE][PASSED] - Delayed 2 second(s)

2018-05-21 20:36:33 - [TEST_STEP][PASSED] - selectOptionByIndex: All options with index in [1] are selected on object 'Object Repository/Store Request Schedule 1/Page_KDMC - CMO/select_--Select--'

2018-05-21 20:36:33 - [MESSAGE][PASSED] - All options with index in [1] are selected on object 'Object Repository/Store Request Schedule 1/Page_KDMC - CMO/select_--Select--'

2018-05-21 20:36:33 - [TEST_STEP][PASSED] - click: Object: 'Object Repository/Store Request Schedule 1/Page_KDMC - CMO/input_btnupdate' is clicked on

2018-05-21 20:36:33 - [MESSAGE][PASSED] - Object: 'Object Repository/Store Request Schedule 1/Page_KDMC - CMO/input_btnupdate' is clicked on

2018-05-21 20:36:33 - [TEST_STEP][PASSED] - delay: Delayed 2 second(s)

2018-05-21 20:36:35 - [MESSAGE][PASSED] - Delayed 2 second(s)

2018-05-21 20:36:35 - [TEST_STEP][PASSED] - click: Object: 'Object Repository/Store Request Schedule 1/Page_KDMC - CMO/button_OK' is clicked on

2018-05-21 20:36:35 - [MESSAGE][PASSED] - Object: 'Object Repository/Store Request Schedule 1/Page_KDMC - CMO/button_OK' is clicked on

2018-05-21 20:36:35 - [TEST_STEP][PASSED] - delay: Delayed 2 second(s)

2018-05-21 20:36:37 - [MESSAGE][PASSED] - Delayed 2 second(s)

2018-05-21 20:36:37 - [TEST_STEP][PASSED] - click: Object: 'Object Repository/Store Request Schedule 1/Page_KDMC - CMO/a_dropdown-toggle' is clicked on

2018-05-21 20:36:37 - [MESSAGE][PASSED] - Object: 'Object Repository/Store Request Schedule 1/Page_KDMC - CMO/a_dropdown-toggle' is clicked on

2018-05-21 20:36:37 - [TEST_STEP][PASSED] - click: Object: 'Object Repository/Store Request Schedule 1/Page_KDMC - CMO/a_Sign out' is clicked on

2018-05-21 20:36:38 - [MESSAGE][PASSED] - Object: 'Object Repository/Store Request Schedule 1/Page_KDMC - CMO/a_Sign out' is clicked on

2018-05-21 20:36:38 - [TEST_STEP][PASSED] - delay: Delayed 3 second(s)

2018-05-21 20:36:41 - [MESSAGE][PASSED] - Delayed 3 second(s)

2018-05-21 20:36:41 - [TEST_STEP][PASSED] - click: Object: 'Object Repository/store Request Schedule 1/Page_KDMC/a_CMS' is clicked on

2018-05-21 20:36:41 - [MESSAGE][PASSED] - Object: 'Object Repository/store Request Schedule 1/Page_KDMC/a_CMS' is clicked on

2018-05-21 20:36:41 - [TEST_STEP][PASSED] - setText: Text 'bala' is set on object 'Object Repository/store Request Schedule 1/Page_CMS login/input_txtusername'

2018-05-21 20:36:41 - [MESSAGE][PASSED] - Text 'bala' is set on object 'Object Repository/store Request Schedule 1/Page_CMS login/input_txtusername'

2018-05-21 20:36:41 - [TEST_STEP][PASSED] - setText: Text '123' is set on object 'Object Repository/store Request Schedule 1/Page_CMS login/input_txtpassword'

2018-05-21 20:36:41 - [MESSAGE][PASSED] - Text '123' is set on object 'Object Repository/store Request Schedule 1/Page_CMS login/input_txtpassword'

2018-05-21 20:36:41 - [TEST_STEP][PASSED] - delay: Delayed 3 second(s)

2018-05-21 20:36:44 - [MESSAGE][PASSED] - Delayed 3 second(s)

2018-05-21 20:36:44 - [TEST_STEP][PASSED] - click: Object: 'Object Repository/store Request Schedule 1/Page_CMS login/button_Sign in' is clicked on

2018-05-21 20:36:45 - [MESSAGE][PASSED] - Object: 'Object Repository/store Request Schedule 1/Page_CMS login/button_Sign in' is clicked on

2018-05-21 20:36:45 - [TEST_STEP][PASSED] - delay: Delayed 2 second(s)

2018-05-21 20:36:47 - [MESSAGE][PASSED] - Delayed 2 second(s)

2018-05-21 20:36:47 - [TEST_STEP][PASSED] - click: Object: 'Object Repository/store Request Schedule 1/Page_KDMC - CMS/a_Divisional Store' is clicked on

2018-05-21 20:36:47 - [MESSAGE][PASSED] - Object: 'Object Repository/store Request Schedule 1/Page_KDMC - CMS/a_Divisional Store' is clicked on

2018-05-21 20:36:47 - [TEST_STEP][PASSED] - delay: Delayed 2 second(s)

2018-05-21 20:36:49 - [MESSAGE][PASSED] - Delayed 2 second(s)

2018-05-21 20:36:49 - [TEST_STEP][PASSED] - click: Object: 'Object Repository/store Request Schedule 1/Page_KDMC - CMS/a_Dispatch Items' is clicked on

2018-05-21 20:36:50 - [MESSAGE][PASSED] - Object: 'Object Repository/store Request Schedule 1/Page_KDMC - CMS/a_Dispatch Items' is clicked on

2018-05-21 20:36:50 - [TEST_STEP][PASSED] - setText: Text 'PRNO/21052018/330' is set on object 'Object Repository/store Request Schedule 1/Page_KDMC - CMS/input'

2018-05-21 20:36:50 - [MESSAGE][PASSED] - Text 'PRNO/21052018/330' is set on object 'Object Repository/store Request Schedule 1/Page_KDMC - CMS/input'

2018-05-21 20:36:50 - [TEST_STEP][PASSED] - click: Object: 'Object Repository/store Request Schedule 1/Page_KDMC - CMS/td_text-center' is clicked on

2018-05-21 20:36:50 - [MESSAGE][PASSED] - Object: 'Object Repository/store Request Schedule 1/Page_KDMC - CMS/td_text-center' is clicked on

2018-05-21 20:36:50 - [TEST_STEP][PASSED] - delay: Delayed 2 second(s)

2018-05-21 20:36:52 - [MESSAGE][PASSED] - Delayed 2 second(s)

2018-05-21 20:36:52 - [TEST_STEP][PASSED] - Statement - For ([row = 0, row < SelectedOptions - 1, (row++)]): null

2018-05-21 20:36:52 - [TEST_STEP][PASSED] - Statement - batchlength = new com.kms.katalon.core.testobject.TestObject(): null

2018-05-21 20:36:52 - [TEST_STEP][PASSED] - Statement - batchlength = com.kms.katalon.core.webui.keyword.WebUiBuiltInKeywords.modifyObjectProperty(batchlength, "xpath", "equals", "//*[@id = "fldvendor" + row + ""]", true): Modify property of object successfully

2018-05-21 20:36:52 - [MESSAGE][PASSED] - Modify property of object successfully

2018-05-21 20:36:52 - [TEST_STEP][PASSED] - Statement - batchsize = com.kms.katalon.core.webui.keyword.WebUiBuiltInKeywords.getNumberOfTotalOption(batchlength): 6 options of object '' counted

2018-05-21 20:36:52 - [MESSAGE][PASSED] - 6 options of object '' counted

2018-05-21 20:36:52 - [TEST_STEP][PASSED] - Statement - out.println("BatchSize : " + batchsize): null

2018-05-21 20:36:52 - [TEST_STEP][PASSED] - Statement - For ([n = 1, n <= batchsize - 1, (n++)]): null

2018-05-21 20:36:52 - [TEST_STEP][PASSED] - Statement - product = new com.kms.katalon.core.testobject.TestObject(): null

2018-05-21 20:36:52 - [TEST_STEP][PASSED] - Statement - product = com.kms.katalon.core.webui.keyword.WebUiBuiltInKeywords.modifyObjectProperty(product, "xpath", "equals", "//*[@id = "fldvendor" + row + ""]", true): Modify property of object successfully

2018-05-21 20:36:52 - [MESSAGE][PASSED] - Modify property of object successfully

2018-05-21 20:36:52 - [TEST_STEP][PASSED] - selectOptionByIndex: All options with index in [1] are selected on object ''

2018-05-21 20:36:53 - [MESSAGE][PASSED] - All options with index in [1] are selected on object ''

2018-05-21 20:36:53 - [TEST_STEP][PASSED] - Statement - batch = new com.kms.katalon.core.testobject.TestObject(): null

2018-05-21 20:36:53 - [TEST_STEP][PASSED] - Statement - batch = com.kms.katalon.core.webui.keyword.WebUiBuiltInKeywords.modifyObjectProperty(batch, "xpath", "equals", "//*[@id = "txtbthqty" + row + ""]", true): Modify property of object successfully

2018-05-21 20:36:53 - [MESSAGE][PASSED] - Modify property of object successfully

2018-05-21 20:36:53 - [TEST_STEP][PASSED] - Statement - batchqty = com.kms.katalon.core.webui.keyword.WebUiBuiltInKeywords.getAttribute(batch, "value").trim(): Attribute 'value' of object '' is: '4800'

2018-05-21 20:36:53 - [MESSAGE][PASSED] - Attribute 'value' of object '' is: '4800'

2018-05-21 20:36:53 - [TEST_STEP][PASSED] - Statement - Rqty = 100: null

2018-05-21 20:36:53 - [TEST_STEP][PASSED] - delay: Delayed 2 second(s)

2018-05-21 20:36:55 - [MESSAGE][PASSED] - Delayed 2 second(s)

2018-05-21 20:36:55 - [TEST_STEP][PASSED] - Statement - out.println("BatchQty : " + batchqty): null

2018-05-21 20:36:55 - [TEST_STEP][PASSED] - Statement - out.println("RQty : " + Rqty): null

2018-05-21 20:36:55 - [TEST_STEP][PASSED] - Statement - If (java.lang.Integer.valueOf(batchqty) >= java.lang.Integer.valueOf(Rqty)): null

2018-05-21 20:36:55 - [TEST_STEP][PASSED] - Statement - Break: null

2018-05-21 20:36:55 - [TEST_STEP][PASSED] - Statement - batchlength = new com.kms.katalon.core.testobject.TestObject(): null

2018-05-21 20:36:55 - [TEST_STEP][PASSED] - Statement - batchlength = com.kms.katalon.core.webui.keyword.WebUiBuiltInKeywords.modifyObjectProperty(batchlength, "xpath", "equals", "//*[@id = "fldvendor" + row + ""]", true): Modify property of object successfully

2018-05-21 20:36:55 - [MESSAGE][PASSED] - Modify property of object successfully

2018-05-21 20:36:55 - [TEST_STEP][PASSED] - Statement - batchsize = com.kms.katalon.core.webui.keyword.WebUiBuiltInKeywords.getNumberOfTotalOption(batchlength): 6 options of object '' counted

2018-05-21 20:36:55 - [MESSAGE][PASSED] - 6 options of object '' counted

2018-05-21 20:36:55 - [TEST_STEP][PASSED] - Statement - out.println("BatchSize : " + batchsize): null

2018-05-21 20:36:55 - [TEST_STEP][PASSED] - Statement - For ([n = 1, n <= batchsize - 1, (n++)]): null

2018-05-21 20:36:55 - [TEST_STEP][PASSED] - Statement - product = new com.kms.katalon.core.testobject.TestObject(): null

2018-05-21 20:36:55 - [TEST_STEP][PASSED] - Statement - product = com.kms.katalon.core.webui.keyword.WebUiBuiltInKeywords.modifyObjectProperty(product, "xpath", "equals", "//*[@id = "fldvendor" + row + ""]", true): Modify property of object successfully

2018-05-21 20:36:55 - [MESSAGE][PASSED] - Modify property of object successfully

2018-05-21 20:36:55 - [TEST_STEP][PASSED] - selectOptionByIndex: All options with index in [1] are selected on object ''

2018-05-21 20:36:55 - [MESSAGE][PASSED] - All options with index in [1] are selected on object ''

2018-05-21 20:36:55 - [TEST_STEP][PASSED] - Statement - batch = new com.kms.katalon.core.testobject.TestObject(): null

2018-05-21 20:36:55 - [TEST_STEP][PASSED] - Statement - batch = com.kms.katalon.core.webui.keyword.WebUiBuiltInKeywords.modifyObjectProperty(batch, "xpath", "equals", "//*[@id = "txtbthqty" + row + ""]", true): Modify property of object successfully

2018-05-21 20:36:55 - [MESSAGE][PASSED] - Modify property of object successfully

2018-05-21 20:36:55 - [TEST_STEP][PASSED] - Statement - batchqty = com.kms.katalon.core.webui.keyword.WebUiBuiltInKeywords.getAttribute(batch, "value").trim(): Attribute 'value' of object '' is: '4785'

2018-05-21 20:36:55 - [MESSAGE][PASSED] - Attribute 'value' of object '' is: '4785'

2018-05-21 20:36:55 - [TEST_STEP][PASSED] - Statement - Rqty = 100: null

2018-05-21 20:36:55 - [TEST_STEP][PASSED] - delay: Delayed 2 second(s)

2018-05-21 20:36:57 - [MESSAGE][PASSED] - Delayed 2 second(s)

2018-05-21 20:36:57 - [TEST_STEP][PASSED] - Statement - out.println("BatchQty : " + batchqty): null

2018-05-21 20:36:57 - [TEST_STEP][PASSED] - Statement - out.println("RQty : " + Rqty): null

2018-05-21 20:36:57 - [TEST_STEP][PASSED] - Statement - If (java.lang.Integer.valueOf(batchqty) >= java.lang.Integer.valueOf(Rqty)): null

2018-05-21 20:36:57 - [TEST_STEP][PASSED] - Statement - Break: null

2018-05-21 20:36:57 - [TEST_STEP][PASSED] - Statement - batchlength = new com.kms.katalon.core.testobject.TestObject(): null

2018-05-21 20:36:57 - [TEST_STEP][PASSED] - Statement - batchlength = com.kms.katalon.core.webui.keyword.WebUiBuiltInKeywords.modifyObjectProperty(batchlength, "xpath", "equals", "//*[@id = "fldvendor" + row + ""]", true): Modify property of object successfully

2018-05-21 20:36:57 - [MESSAGE][PASSED] - Modify property of object successfully

2018-05-21 20:36:57 - [TEST_STEP][PASSED] - Statement - batchsize = com.kms.katalon.core.webui.keyword.WebUiBuiltInKeywords.getNumberOfTotalOption(batchlength): 6 options of object '' counted

2018-05-21 20:36:57 - [MESSAGE][PASSED] - 6 options of object '' counted

2018-05-21 20:36:57 - [TEST_STEP][PASSED] - Statement - out.println("BatchSize : " + batchsize): null

2018-05-21 20:36:57 - [TEST_STEP][PASSED] - Statement - For ([n = 1, n <= batchsize - 1, (n++)]): null

2018-05-21 20:36:57 - [TEST_STEP][PASSED] - Statement - product = new com.kms.katalon.core.testobject.TestObject(): null

2018-05-21 20:36:57 - [TEST_STEP][PASSED] - Statement - product = com.kms.katalon.core.webui.keyword.WebUiBuiltInKeywords.modifyObjectProperty(product, "xpath", "equals", "//*[@id = "fldvendor" + row + ""]", true): Modify property of object successfully

2018-05-21 20:36:57 - [MESSAGE][PASSED] - Modify property of object successfully

2018-05-21 20:36:57 - [TEST_STEP][PASSED] - selectOptionByIndex: All options with index in [1] are selected on object ''

2018-05-21 20:36:57 - [MESSAGE][PASSED] - All options with index in [1] are selected on object ''

2018-05-21 20:36:57 - [TEST_STEP][PASSED] - Statement - batch = new com.kms.katalon.core.testobject.TestObject(): null

2018-05-21 20:36:57 - [TEST_STEP][PASSED] - Statement - batch = com.kms.katalon.core.webui.keyword.WebUiBuiltInKeywords.modifyObjectProperty(batch, "xpath", "equals", "//*[@id = "txtbthqty" + row + ""]", true): Modify property of object successfully

2018-05-21 20:36:57 - [MESSAGE][PASSED] - Modify property of object successfully

2018-05-21 20:36:57 - [TEST_STEP][PASSED] - Statement - batchqty = com.kms.katalon.core.webui.keyword.WebUiBuiltInKeywords.getAttribute(batch, "value").trim(): Attribute 'value' of object '' is: '36700'

2018-05-21 20:36:57 - [MESSAGE][PASSED] - Attribute 'value' of object '' is: '36700'

2018-05-21 20:36:57 - [TEST_STEP][PASSED] - Statement - Rqty = 100: null

2018-05-21 20:36:57 - [TEST_STEP][PASSED] - delay: Delayed 2 second(s)

2018-05-21 20:36:59 - [MESSAGE][PASSED] - Delayed 2 second(s)

2018-05-21 20:36:59 - [TEST_STEP][PASSED] - Statement - out.println("BatchQty : " + batchqty): null

2018-05-21 20:36:59 - [TEST_STEP][PASSED] - Statement - out.println("RQty : " + Rqty): null

2018-05-21 20:36:59 - [TEST_STEP][PASSED] - Statement - If (java.lang.Integer.valueOf(batchqty) >= java.lang.Integer.valueOf(Rqty)): null

2018-05-21 20:36:59 - [TEST_STEP][PASSED] - Statement - Break: null

2018-05-21 20:36:59 - [TEST_STEP][PASSED] - Statement - batchlength = new com.kms.katalon.core.testobject.TestObject(): null

2018-05-21 20:36:59 - [TEST_STEP][PASSED] - Statement - batchlength = com.kms.katalon.core.webui.keyword.WebUiBuiltInKeywords.modifyObjectProperty(batchlength, "xpath", "equals", "//*[@id = "fldvendor" + row + ""]", true): Modify property of object successfully

2018-05-21 20:36:59 - [MESSAGE][PASSED] - Modify property of object successfully

2018-05-21 20:36:59 - [TEST_STEP][PASSED] - Statement - batchsize = com.kms.katalon.core.webui.keyword.WebUiBuiltInKeywords.getNumberOfTotalOption(batchlength): 6 options of object '' counted

2018-05-21 20:36:59 - [MESSAGE][PASSED] - 6 options of object '' counted

2018-05-21 20:36:59 - [TEST_STEP][PASSED] - Statement - out.println("BatchSize : " + batchsize): null

2018-05-21 20:36:59 - [TEST_STEP][PASSED] - Statement - For ([n = 1, n <= batchsize - 1, (n++)]): null

2018-05-21 20:36:59 - [TEST_STEP][PASSED] - Statement - product = new com.kms.katalon.core.testobject.TestObject(): null

2018-05-21 20:36:59 - [TEST_STEP][PASSED] - Statement - product = com.kms.katalon.core.webui.keyword.WebUiBuiltInKeywords.modifyObjectProperty(product, "xpath", "equals", "//*[@id = "fldvendor" + row + ""]", true): Modify property of object successfully

2018-05-21 20:36:59 - [MESSAGE][PASSED] - Modify property of object successfully

2018-05-21 20:36:59 - [TEST_STEP][PASSED] - selectOptionByIndex: All options with index in [1] are selected on object ''

2018-05-21 20:36:59 - [MESSAGE][PASSED] - All options with index in [1] are selected on object ''

2018-05-21 20:36:59 - [TEST_STEP][PASSED] - Statement - batch = new com.kms.katalon.core.testobject.TestObject(): null

2018-05-21 20:36:59 - [TEST_STEP][PASSED] - Statement - batch = com.kms.katalon.core.webui.keyword.WebUiBuiltInKeywords.modifyObjectProperty(batch, "xpath", "equals", "//*[@id = "txtbthqty" + row + ""]", true): Modify property of object successfully

2018-05-21 20:36:59 - [MESSAGE][PASSED] - Modify property of object successfully

2018-05-21 20:36:59 - [TEST_STEP][PASSED] - Statement - batchqty = com.kms.katalon.core.webui.keyword.WebUiBuiltInKeywords.getAttribute(batch, "value").trim(): Attribute 'value' of object '' is: '37700'

2018-05-21 20:36:59 - [MESSAGE][PASSED] - Attribute 'value' of object '' is: '37700'

2018-05-21 20:36:59 - [TEST_STEP][PASSED] - Statement - Rqty = 100: null

2018-05-21 20:36:59 - [TEST_STEP][PASSED] - delay: Delayed 2 second(s)

2018-05-21 20:37:01 - [MESSAGE][PASSED] - Delayed 2 second(s)

2018-05-21 20:37:01 - [TEST_STEP][PASSED] - Statement - out.println("BatchQty : " + batchqty): null

2018-05-21 20:37:01 - [TEST_STEP][PASSED] - Statement - out.println("RQty : " + Rqty): null

2018-05-21 20:37:01 - [TEST_STEP][PASSED] - Statement - If (java.lang.Integer.valueOf(batchqty) >= java.lang.Integer.valueOf(Rqty)): null

2018-05-21 20:37:01 - [TEST_STEP][PASSED] - Statement - Break: null

2018-05-21 20:37:01 - [TEST_STEP][PASSED] - Statement - batchlength = new com.kms.katalon.core.testobject.TestObject(): null

2018-05-21 20:37:01 - [TEST_STEP][PASSED] - Statement - batchlength = com.kms.katalon.core.webui.keyword.WebUiBuiltInKeywords.modifyObjectProperty(batchlength, "xpath", "equals", "//*[@id = "fldvendor" + row + ""]", true): Modify property of object successfully

2018-05-21 20:37:01 - [MESSAGE][PASSED] - Modify property of object successfully

2018-05-21 20:37:01 - [TEST_STEP][PASSED] - Statement - batchsize = com.kms.katalon.core.webui.keyword.WebUiBuiltInKeywords.getNumberOfTotalOption(batchlength): 6 options of object '' counted

2018-05-21 20:37:01 - [MESSAGE][PASSED] - 6 options of object '' counted

2018-05-21 20:37:01 - [TEST_STEP][PASSED] - Statement - out.println("BatchSize : " + batchsize): null

2018-05-21 20:37:01 - [TEST_STEP][PASSED] - Statement - For ([n = 1, n <= batchsize - 1, (n++)]): null

2018-05-21 20:37:01 - [TEST_STEP][PASSED] - Statement - product = new com.kms.katalon.core.testobject.TestObject(): null

2018-05-21 20:37:01 - [TEST_STEP][PASSED] - Statement - product = com.kms.katalon.core.webui.keyword.WebUiBuiltInKeywords.modifyObjectProperty(product, "xpath", "equals", "//*[@id = "fldvendor" + row + ""]", true): Modify property of object successfully

2018-05-21 20:37:01 - [MESSAGE][PASSED] - Modify property of object successfully

2018-05-21 20:37:01 - [TEST_STEP][PASSED] - selectOptionByIndex: All options with index in [1] are selected on object ''

2018-05-21 20:37:02 - [MESSAGE][PASSED] - All options with index in [1] are selected on object ''

2018-05-21 20:37:02 - [TEST_STEP][PASSED] - Statement - batch = new com.kms.katalon.core.testobject.TestObject(): null

2018-05-21 20:37:02 - [TEST_STEP][PASSED] - Statement - batch = com.kms.katalon.core.webui.keyword.WebUiBuiltInKeywords.modifyObjectProperty(batch, "xpath", "equals", "//*[@id = "txtbthqty" + row + ""]", true): Modify property of object successfully

2018-05-21 20:37:02 - [MESSAGE][PASSED] - Modify property of object successfully

2018-05-21 20:37:02 - [TEST_STEP][PASSED] - Statement - batchqty = com.kms.katalon.core.webui.keyword.WebUiBuiltInKeywords.getAttribute(batch, "value").trim(): Attribute 'value' of object '' is: '38700'

2018-05-21 20:37:02 - [MESSAGE][PASSED] - Attribute 'value' of object '' is: '38700'

2018-05-21 20:37:02 - [TEST_STEP][PASSED] - Statement - Rqty = 100: null

2018-05-21 20:37:02 - [TEST_STEP][PASSED] - delay: Delayed 2 second(s)

2018-05-21 20:37:04 - [MESSAGE][PASSED] - Delayed 2 second(s)

2018-05-21 20:37:04 - [TEST_STEP][PASSED] - Statement - out.println("BatchQty : " + batchqty): null

2018-05-21 20:37:04 - [TEST_STEP][PASSED] - Statement - out.println("RQty : " + Rqty): null

2018-05-21 20:37:04 - [TEST_STEP][PASSED] - Statement - If (java.lang.Integer.valueOf(batchqty) >= java.lang.Integer.valueOf(Rqty)): null

2018-05-21 20:37:04 - [TEST_STEP][PASSED] - Statement - Break: null

2018-05-21 20:37:04 - [TEST_STEP][PASSED] - Statement - batchlength = new com.kms.katalon.core.testobject.TestObject(): null

2018-05-21 20:37:04 - [TEST_STEP][PASSED] - Statement - batchlength = com.kms.katalon.core.webui.keyword.WebUiBuiltInKeywords.modifyObjectProperty(batchlength, "xpath", "equals", "//*[@id = "fldvendor" + row + ""]", true): Modify property of object successfully

2018-05-21 20:37:04 - [MESSAGE][PASSED] - Modify property of object successfully

2018-05-21 20:37:04 - [TEST_STEP][PASSED] - Statement - batchsize = com.kms.katalon.core.webui.keyword.WebUiBuiltInKeywords.getNumberOfTotalOption(batchlength): 6 options of object '' counted

2018-05-21 20:37:04 - [MESSAGE][PASSED] - 6 options of object '' counted

2018-05-21 20:37:04 - [TEST_STEP][PASSED] - Statement - out.println("BatchSize : " + batchsize): null

2018-05-21 20:37:04 - [TEST_STEP][PASSED] - Statement - For ([n = 1, n <= batchsize - 1, (n++)]): null

2018-05-21 20:37:04 - [TEST_STEP][PASSED] - Statement - product = new com.kms.katalon.core.testobject.TestObject(): null

2018-05-21 20:37:04 - [TEST_STEP][PASSED] - Statement - product = com.kms.katalon.core.webui.keyword.WebUiBuiltInKeywords.modifyObjectProperty(product, "xpath", "equals", "//*[@id = "fldvendor" + row + ""]", true): Modify property of object successfully

2018-05-21 20:37:04 - [MESSAGE][PASSED] - Modify property of object successfully

2018-05-21 20:37:04 - [TEST_STEP][PASSED] - selectOptionByIndex: All options with index in [1] are selected on object ''

2018-05-21 20:37:04 - [MESSAGE][PASSED] - All options with index in [1] are selected on object ''

2018-05-21 20:37:04 - [TEST_STEP][PASSED] - Statement - batch = new com.kms.katalon.core.testobject.TestObject(): null

2018-05-21 20:37:04 - [TEST_STEP][PASSED] - Statement - batch = com.kms.katalon.core.webui.keyword.WebUiBuiltInKeywords.modifyObjectProperty(batch, "xpath", "equals", "//*[@id = "txtbthqty" + row + ""]", true): Modify property of object successfully

2018-05-21 20:37:04 - [MESSAGE][PASSED] - Modify property of object successfully

2018-05-21 20:37:04 - [TEST_STEP][PASSED] - Statement - batchqty = com.kms.katalon.core.webui.keyword.WebUiBuiltInKeywords.getAttribute(batch, "value").trim(): Attribute 'value' of object '' is: '4800'

2018-05-21 20:37:04 - [MESSAGE][PASSED] - Attribute 'value' of object '' is: '4800'

2018-05-21 20:37:04 - [TEST_STEP][PASSED] - Statement - Rqty = 100: null

2018-05-21 20:37:04 - [TEST_STEP][PASSED] - delay: Delayed 2 second(s)

2018-05-21 20:37:06 - [MESSAGE][PASSED] - Delayed 2 second(s)

2018-05-21 20:37:06 - [TEST_STEP][PASSED] - Statement - out.println("BatchQty : " + batchqty): null

2018-05-21 20:37:06 - [TEST_STEP][PASSED] - Statement - out.println("RQty : " + Rqty): null

2018-05-21 20:37:06 - [TEST_STEP][PASSED] - Statement - If (java.lang.Integer.valueOf(batchqty) >= java.lang.Integer.valueOf(Rqty)): null

2018-05-21 20:37:06 - [TEST_STEP][PASSED] - Statement - Break: null

2018-05-21 20:37:06 - [TEST_STEP][PASSED] - Statement - batchlength = new com.kms.katalon.core.testobject.TestObject(): null

2018-05-21 20:37:06 - [TEST_STEP][PASSED] - Statement - batchlength = com.kms.katalon.core.webui.keyword.WebUiBuiltInKeywords.modifyObjectProperty(batchlength, "xpath", "equals", "//*[@id = "fldvendor" + row + ""]", true): Modify property of object successfully

2018-05-21 20:37:06 - [MESSAGE][PASSED] - Modify property of object successfully

2018-05-21 20:37:06 - [TEST_STEP][PASSED] - Statement - batchsize = com.kms.katalon.core.webui.keyword.WebUiBuiltInKeywords.getNumberOfTotalOption(batchlength): 6 options of object '' counted

2018-05-21 20:37:06 - [MESSAGE][PASSED] - 6 options of object '' counted

2018-05-21 20:37:06 - [TEST_STEP][PASSED] - Statement - out.println("BatchSize : " + batchsize): null

2018-05-21 20:37:06 - [TEST_STEP][PASSED] - Statement - For ([n = 1, n <= batchsize - 1, (n++)]): null

2018-05-21 20:37:06 - [TEST_STEP][PASSED] - Statement - product = new com.kms.katalon.core.testobject.TestObject(): null

2018-05-21 20:37:06 - [TEST_STEP][PASSED] - Statement - product = com.kms.katalon.core.webui.keyword.WebUiBuiltInKeywords.modifyObjectProperty(product, "xpath", "equals", "//*[@id = "fldvendor" + row + ""]", true): Modify property of object successfully

2018-05-21 20:37:06 - [MESSAGE][PASSED] - Modify property of object successfully

2018-05-21 20:37:06 - [TEST_STEP][PASSED] - selectOptionByIndex: All options with index in [1] are selected on object ''

2018-05-21 20:37:06 - [MESSAGE][PASSED] - All options with index in [1] are selected on object ''

2018-05-21 20:37:06 - [TEST_STEP][PASSED] - Statement - batch = new com.kms.katalon.core.testobject.TestObject(): null

2018-05-21 20:37:06 - [TEST_STEP][PASSED] - Statement - batch = com.kms.katalon.core.webui.keyword.WebUiBuiltInKeywords.modifyObjectProperty(batch, "xpath", "equals", "//*[@id = "txtbthqty" + row + ""]", true): Modify property of object successfully

2018-05-21 20:37:06 - [MESSAGE][PASSED] - Modify property of object successfully

2018-05-21 20:37:06 - [TEST_STEP][PASSED] - Statement - batchqty = com.kms.katalon.core.webui.keyword.WebUiBuiltInKeywords.getAttribute(batch, "value").trim(): Attribute 'value' of object '' is: '3800'

2018-05-21 20:37:06 - [MESSAGE][PASSED] - Attribute 'value' of object '' is: '3800'

2018-05-21 20:37:06 - [TEST_STEP][PASSED] - Statement - Rqty = 100: null

2018-05-21 20:37:06 - [TEST_STEP][PASSED] - delay: Delayed 2 second(s)

2018-05-21 20:37:08 - [MESSAGE][PASSED] - Delayed 2 second(s)

2018-05-21 20:37:08 - [TEST_STEP][PASSED] - Statement - out.println("BatchQty : " + batchqty): null

2018-05-21 20:37:08 - [TEST_STEP][PASSED] - Statement - out.println("RQty : " + Rqty): null

2018-05-21 20:37:08 - [TEST_STEP][PASSED] - Statement - If (java.lang.Integer.valueOf(batchqty) >= java.lang.Integer.valueOf(Rqty)): null

2018-05-21 20:37:08 - [TEST_STEP][PASSED] - Statement - Break: null

2018-05-21 20:37:08 - [TEST_STEP][PASSED] - Statement - batchlength = new com.kms.katalon.core.testobject.TestObject(): null

2018-05-21 20:37:08 - [TEST_STEP][PASSED] - Statement - batchlength = com.kms.katalon.core.webui.keyword.WebUiBuiltInKeywords.modifyObjectProperty(batchlength, "xpath", "equals", "//*[@id = "fldvendor" + row + ""]", true): Modify property of object successfully

2018-05-21 20:37:08 - [MESSAGE][PASSED] - Modify property of object successfully

2018-05-21 20:37:08 - [TEST_STEP][PASSED] - Statement - batchsize = com.kms.katalon.core.webui.keyword.WebUiBuiltInKeywords.getNumberOfTotalOption(batchlength): 6 options of object '' counted

2018-05-21 20:37:08 - [MESSAGE][PASSED] - 6 options of object '' counted

2018-05-21 20:37:08 - [TEST_STEP][PASSED] - Statement - out.println("BatchSize : " + batchsize): null

2018-05-21 20:37:08 - [TEST_STEP][PASSED] - Statement - For ([n = 1, n <= batchsize - 1, (n++)]): null

2018-05-21 20:37:08 - [TEST_STEP][PASSED] - Statement - product = new com.kms.katalon.core.testobject.TestObject(): null

2018-05-21 20:37:08 - [TEST_STEP][PASSED] - Statement - product = com.kms.katalon.core.webui.keyword.WebUiBuiltInKeywords.modifyObjectProperty(product, "xpath", "equals", "//*[@id = "fldvendor" + row + ""]", true): Modify property of object successfully

2018-05-21 20:37:08 - [MESSAGE][PASSED] - Modify property of object successfully

2018-05-21 20:37:08 - [TEST_STEP][PASSED] - selectOptionByIndex: All options with index in [1] are selected on object ''

2018-05-21 20:37:08 - [MESSAGE][PASSED] - All options with index in [1] are selected on object ''

2018-05-21 20:37:08 - [TEST_STEP][PASSED] - Statement - batch = new com.kms.katalon.core.testobject.TestObject(): null

2018-05-21 20:37:08 - [TEST_STEP][PASSED] - Statement - batch = com.kms.katalon.core.webui.keyword.WebUiBuiltInKeywords.modifyObjectProperty(batch, "xpath", "equals", "//*[@id = "txtbthqty" + row + ""]", true): Modify property of object successfully

2018-05-21 20:37:08 - [MESSAGE][PASSED] - Modify property of object successfully

2018-05-21 20:37:08 - [TEST_STEP][PASSED] - Statement - batchqty = com.kms.katalon.core.webui.keyword.WebUiBuiltInKeywords.getAttribute(batch, "value").trim(): Attribute 'value' of object '' is: '38700'

2018-05-21 20:37:08 - [MESSAGE][PASSED] - Attribute 'value' of object '' is: '38700'

2018-05-21 20:37:08 - [TEST_STEP][PASSED] - Statement - Rqty = 100: null

2018-05-21 20:37:08 - [TEST_STEP][PASSED] - delay: Delayed 2 second(s)

2018-05-21 20:37:10 - [MESSAGE][PASSED] - Delayed 2 second(s)

2018-05-21 20:37:10 - [TEST_STEP][PASSED] - Statement - out.println("BatchQty : " + batchqty): null

2018-05-21 20:37:10 - [TEST_STEP][PASSED] - Statement - out.println("RQty : " + Rqty): null

2018-05-21 20:37:10 - [TEST_STEP][PASSED] - Statement - If (java.lang.Integer.valueOf(batchqty) >= java.lang.Integer.valueOf(Rqty)): null

2018-05-21 20:37:10 - [TEST_STEP][PASSED] - Statement - Break: null

2018-05-21 20:37:10 - [TEST_STEP][PASSED] - Statement - batchlength = new com.kms.katalon.core.testobject.TestObject(): null

2018-05-21 20:37:10 - [TEST_STEP][PASSED] - Statement - batchlength = com.kms.katalon.core.webui.keyword.WebUiBuiltInKeywords.modifyObjectProperty(batchlength, "xpath", "equals", "//*[@id = "fldvendor" + row + ""]", true): Modify property of object successfully

2018-05-21 20:37:10 - [MESSAGE][PASSED] - Modify property of object successfully

2018-05-21 20:37:10 - [TEST_STEP][PASSED] - Statement - batchsize = com.kms.katalon.core.webui.keyword.WebUiBuiltInKeywords.getNumberOfTotalOption(batchlength): 6 options of object '' counted

2018-05-21 20:37:10 - [MESSAGE][PASSED] - 6 options of object '' counted

2018-05-21 20:37:10 - [TEST_STEP][PASSED] - Statement - out.println("BatchSize : " + batchsize): null

2018-05-21 20:37:10 - [TEST_STEP][PASSED] - Statement - For ([n = 1, n <= batchsize - 1, (n++)]): null

2018-05-21 20:37:10 - [TEST_STEP][PASSED] - Statement - product = new com.kms.katalon.core.testobject.TestObject(): null

2018-05-21 20:37:10 - [TEST_STEP][PASSED] - Statement - product = com.kms.katalon.core.webui.keyword.WebUiBuiltInKeywords.modifyObjectProperty(product, "xpath", "equals", "//*[@id = "fldvendor" + row + ""]", true): Modify property of object successfully

2018-05-21 20:37:10 - [MESSAGE][PASSED] - Modify property of object successfully

2018-05-21 20:37:10 - [TEST_STEP][PASSED] - selectOptionByIndex: All options with index in [1] are selected on object ''

2018-05-21 20:37:11 - [MESSAGE][PASSED] - All options with index in [1] are selected on object ''

2018-05-21 20:37:11 - [TEST_STEP][PASSED] - Statement - batch = new com.kms.katalon.core.testobject.TestObject(): null

2018-05-21 20:37:11 - [TEST_STEP][PASSED] - Statement - batch = com.kms.katalon.core.webui.keyword.WebUiBuiltInKeywords.modifyObjectProperty(batch, "xpath", "equals", "//*[@id = "txtbthqty" + row + ""]", true): Modify property of object successfully

2018-05-21 20:37:11 - [MESSAGE][PASSED] - Modify property of object successfully

2018-05-21 20:37:11 - [TEST_STEP][PASSED] - Statement - batchqty = com.kms.katalon.core.webui.keyword.WebUiBuiltInKeywords.getAttribute(batch, "value").trim(): Attribute 'value' of object '' is: '4800'

2018-05-21 20:37:11 - [MESSAGE][PASSED] - Attribute 'value' of object '' is: '4800'

2018-05-21 20:37:11 - [TEST_STEP][PASSED] - Statement - Rqty = 100: null

2018-05-21 20:37:11 - [TEST_STEP][PASSED] - delay: Delayed 2 second(s)

2018-05-21 20:37:13 - [MESSAGE][PASSED] - Delayed 2 second(s)

2018-05-21 20:37:13 - [TEST_STEP][PASSED] - Statement - out.println("BatchQty : " + batchqty): null

2018-05-21 20:37:13 - [TEST_STEP][PASSED] - Statement - out.println("RQty : " + Rqty): null

2018-05-21 20:37:13 - [TEST_STEP][PASSED] - Statement - If (java.lang.Integer.valueOf(batchqty) >= java.lang.Integer.valueOf(Rqty)): null

2018-05-21 20:37:13 - [TEST_STEP][PASSED] - Statement - Break: null

2018-05-21 20:37:13 - [TEST_STEP][PASSED] - Statement - batchlength = new com.kms.katalon.core.testobject.TestObject(): null

2018-05-21 20:37:13 - [TEST_STEP][PASSED] - Statement - batchlength = com.kms.katalon.core.webui.keyword.WebUiBuiltInKeywords.modifyObjectProperty(batchlength, "xpath", "equals", "//*[@id = "fldvendor" + row + ""]", true): Modify property of object successfully

2018-05-21 20:37:13 - [MESSAGE][PASSED] - Modify property of object successfully

2018-05-21 20:37:13 - [TEST_STEP][PASSED] - Statement - batchsize = com.kms.katalon.core.webui.keyword.WebUiBuiltInKeywords.getNumberOfTotalOption(batchlength): 6 options of object '' counted

2018-05-21 20:37:13 - [MESSAGE][PASSED] - 6 options of object '' counted

2018-05-21 20:37:13 - [TEST_STEP][PASSED] - Statement - out.println("BatchSize : " + batchsize): null

2018-05-21 20:37:13 - [TEST_STEP][PASSED] - Statement - For ([n = 1, n <= batchsize - 1, (n++)]): null

2018-05-21 20:37:13 - [TEST_STEP][PASSED] - Statement - product = new com.kms.katalon.core.testobject.TestObject(): null

2018-05-21 20:37:13 - [TEST_STEP][PASSED] - Statement - product = com.kms.katalon.core.webui.keyword.WebUiBuiltInKeywords.modifyObjectProperty(product, "xpath", "equals", "//*[@id = "fldvendor" + row + ""]", true): Modify property of object successfully

2018-05-21 20:37:13 - [MESSAGE][PASSED] - Modify property of object successfully

2018-05-21 20:37:13 - [TEST_STEP][PASSED] - selectOptionByIndex: All options with index in [1] are selected on object ''

2018-05-21 20:37:13 - [MESSAGE][PASSED] - All options with index in [1] are selected on object ''

2018-05-21 20:37:13 - [TEST_STEP][PASSED] - Statement - batch = new com.kms.katalon.core.testobject.TestObject(): null

2018-05-21 20:37:13 - [TEST_STEP][PASSED] - Statement - batch = com.kms.katalon.core.webui.keyword.WebUiBuiltInKeywords.modifyObjectProperty(batch, "xpath", "equals", "//*[@id = "txtbthqty" + row + ""]", true): Modify property of object successfully

2018-05-21 20:37:13 - [MESSAGE][PASSED] - Modify property of object successfully

2018-05-21 20:37:13 - [TEST_STEP][PASSED] - Statement - batchqty = com.kms.katalon.core.webui.keyword.WebUiBuiltInKeywords.getAttribute(batch, "value").trim(): Attribute 'value' of object '' is: '38700'

2018-05-21 20:37:13 - [MESSAGE][PASSED] - Attribute 'value' of object '' is: '38700'

2018-05-21 20:37:13 - [TEST_STEP][PASSED] - Statement - Rqty = 100: null

2018-05-21 20:37:13 - [TEST_STEP][PASSED] - delay: Delayed 2 second(s)

2018-05-21 20:37:15 - [MESSAGE][PASSED] - Delayed 2 second(s)

2018-05-21 20:37:15 - [TEST_STEP][PASSED] - Statement - out.println("BatchQty : " + batchqty): null

2018-05-21 20:37:15 - [TEST_STEP][PASSED] - Statement - out.println("RQty : " + Rqty): null

2018-05-21 20:37:15 - [TEST_STEP][PASSED] - Statement - If (java.lang.Integer.valueOf(batchqty) >= java.lang.Integer.valueOf(Rqty)): null

2018-05-21 20:37:15 - [TEST_STEP][PASSED] - Statement - Break: null

2018-05-21 20:37:15 - [TEST_STEP][PASSED] - Statement - batchlength = new com.kms.katalon.core.testobject.TestObject(): null

2018-05-21 20:37:15 - [TEST_STEP][PASSED] - Statement - batchlength = com.kms.katalon.core.webui.keyword.WebUiBuiltInKeywords.modifyObjectProperty(batchlength, "xpath", "equals", "//*[@id = "fldvendor" + row + ""]", true): Modify property of object successfully

2018-05-21 20:37:15 - [MESSAGE][PASSED] - Modify property of object successfully

2018-05-21 20:37:15 - [TEST_STEP][PASSED] - Statement - batchsize = com.kms.katalon.core.webui.keyword.WebUiBuiltInKeywords.getNumberOfTotalOption(batchlength): 6 options of object '' counted

2018-05-21 20:37:15 - [MESSAGE][PASSED] - 6 options of object '' counted

2018-05-21 20:37:15 - [TEST_STEP][PASSED] - Statement - out.println("BatchSize : " + batchsize): null

2018-05-21 20:37:15 - [TEST_STEP][PASSED] - Statement - For ([n = 1, n <= batchsize - 1, (n++)]): null

2018-05-21 20:37:15 - [TEST_STEP][PASSED] - Statement - product = new com.kms.katalon.core.testobject.TestObject(): null

2018-05-21 20:37:15 - [TEST_STEP][PASSED] - Statement - product = com.kms.katalon.core.webui.keyword.WebUiBuiltInKeywords.modifyObjectProperty(product, "xpath", "equals", "//*[@id = "fldvendor" + row + ""]", true): Modify property of object successfully

2018-05-21 20:37:15 - [MESSAGE][PASSED] - Modify property of object successfully

2018-05-21 20:37:15 - [TEST_STEP][PASSED] - selectOptionByIndex: All options with index in [1] are selected on object ''

2018-05-21 20:37:15 - [MESSAGE][PASSED] - All options with index in [1] are selected on object ''

2018-05-21 20:37:15 - [TEST_STEP][PASSED] - Statement - batch = new com.kms.katalon.core.testobject.TestObject(): null

2018-05-21 20:37:15 - [TEST_STEP][PASSED] - Statement - batch = com.kms.katalon.core.webui.keyword.WebUiBuiltInKeywords.modifyObjectProperty(batch, "xpath", "equals", "//*[@id = "txtbthqty" + row + ""]", true): Modify property of object successfully

2018-05-21 20:37:15 - [MESSAGE][PASSED] - Modify property of object successfully

2018-05-21 20:37:15 - [TEST_STEP][PASSED] - Statement - batchqty = com.kms.katalon.core.webui.keyword.WebUiBuiltInKeywords.getAttribute(batch, "value").trim(): Attribute 'value' of object '' is: '4800'

2018-05-21 20:37:15 - [MESSAGE][PASSED] - Attribute 'value' of object '' is: '4800'

2018-05-21 20:37:15 - [TEST_STEP][PASSED] - Statement - Rqty = 100: null

2018-05-21 20:37:15 - [TEST_STEP][PASSED] - delay: Delayed 2 second(s)

2018-05-21 20:37:17 - [MESSAGE][PASSED] - Delayed 2 second(s)

2018-05-21 20:37:17 - [TEST_STEP][PASSED] - Statement - out.println("BatchQty : " + batchqty): null

2018-05-21 20:37:17 - [TEST_STEP][PASSED] - Statement - out.println("RQty : " + Rqty): null

2018-05-21 20:37:17 - [TEST_STEP][PASSED] - Statement - If (java.lang.Integer.valueOf(batchqty) >= java.lang.Integer.valueOf(Rqty)): null

2018-05-21 20:37:17 - [TEST_STEP][PASSED] - Statement - Break: null

2018-05-21 20:37:17 - [TEST_STEP][PASSED] - Statement - batchlength = new com.kms.katalon.core.testobject.TestObject(): null

2018-05-21 20:37:17 - [TEST_STEP][PASSED] - Statement - batchlength = com.kms.katalon.core.webui.keyword.WebUiBuiltInKeywords.modifyObjectProperty(batchlength, "xpath", "equals", "//*[@id = "fldvendor" + row + ""]", true): Modify property of object successfully

2018-05-21 20:37:17 - [MESSAGE][PASSED] - Modify property of object successfully

2018-05-21 20:37:17 - [TEST_STEP][PASSED] - Statement - batchsize = com.kms.katalon.core.webui.keyword.WebUiBuiltInKeywords.getNumberOfTotalOption(batchlength): 6 options of object '' counted

2018-05-21 20:37:17 - [MESSAGE][PASSED] - 6 options of object '' counted

2018-05-21 20:37:17 - [TEST_STEP][PASSED] - Statement - out.println("BatchSize : " + batchsize): null

2018-05-21 20:37:17 - [TEST_STEP][PASSED] - Statement - For ([n = 1, n <= batchsize - 1, (n++)]): null

2018-05-21 20:37:17 - [TEST_STEP][PASSED] - Statement - product = new com.kms.katalon.core.testobject.TestObject(): null

2018-05-21 20:37:17 - [TEST_STEP][PASSED] - Statement - product = com.kms.katalon.core.webui.keyword.WebUiBuiltInKeywords.modifyObjectProperty(product, "xpath", "equals", "//*[@id = "fldvendor" + row + ""]", true): Modify property of object successfully

2018-05-21 20:37:17 - [MESSAGE][PASSED] - Modify property of object successfully

2018-05-21 20:37:17 - [TEST_STEP][PASSED] - selectOptionByIndex: All options with index in [1] are selected on object ''

2018-05-21 20:37:17 - [MESSAGE][PASSED] - All options with index in [1] are selected on object ''

2018-05-21 20:37:17 - [TEST_STEP][PASSED] - Statement - batch = new com.kms.katalon.core.testobject.TestObject(): null

2018-05-21 20:37:17 - [TEST_STEP][PASSED] - Statement - batch = com.kms.katalon.core.webui.keyword.WebUiBuiltInKeywords.modifyObjectProperty(batch, "xpath", "equals", "//*[@id = "txtbthqty" + row + ""]", true): Modify property of object successfully

2018-05-21 20:37:17 - [MESSAGE][PASSED] - Modify property of object successfully

2018-05-21 20:37:17 - [TEST_STEP][PASSED] - Statement - batchqty = com.kms.katalon.core.webui.keyword.WebUiBuiltInKeywords.getAttribute(batch, "value").trim(): Attribute 'value' of object '' is: '38700'

2018-05-21 20:37:17 - [MESSAGE][PASSED] - Attribute 'value' of object '' is: '38700'

2018-05-21 20:37:17 - [TEST_STEP][PASSED] - Statement - Rqty = 100: null

2018-05-21 20:37:17 - [TEST_STEP][PASSED] - delay: Delayed 2 second(s)

2018-05-21 20:37:19 - [MESSAGE][PASSED] - Delayed 2 second(s)

2018-05-21 20:37:19 - [TEST_STEP][PASSED] - Statement - out.println("BatchQty : " + batchqty): null

2018-05-21 20:37:19 - [TEST_STEP][PASSED] - Statement - out.println("RQty : " + Rqty): null

2018-05-21 20:37:19 - [TEST_STEP][PASSED] - Statement - If (java.lang.Integer.valueOf(batchqty) >= java.lang.Integer.valueOf(Rqty)): null

2018-05-21 20:37:19 - [TEST_STEP][PASSED] - Statement - Break: null

2018-05-21 20:37:19 - [TEST_STEP][PASSED] - Statement - batchlength = new com.kms.katalon.core.testobject.TestObject(): null

2018-05-21 20:37:19 - [TEST_STEP][PASSED] - Statement - batchlength = com.kms.katalon.core.webui.keyword.WebUiBuiltInKeywords.modifyObjectProperty(batchlength, "xpath", "equals", "//*[@id = "fldvendor" + row + ""]", true): Modify property of object successfully

2018-05-21 20:37:19 - [MESSAGE][PASSED] - Modify property of object successfully

2018-05-21 20:37:19 - [TEST_STEP][PASSED] - Statement - batchsize = com.kms.katalon.core.webui.keyword.WebUiBuiltInKeywords.getNumberOfTotalOption(batchlength): 6 options of object '' counted

2018-05-21 20:37:19 - [MESSAGE][PASSED] - 6 options of object '' counted

2018-05-21 20:37:19 - [TEST_STEP][PASSED] - Statement - out.println("BatchSize : " + batchsize): null

2018-05-21 20:37:19 - [TEST_STEP][PASSED] - Statement - For ([n = 1, n <= batchsize - 1, (n++)]): null

2018-05-21 20:37:19 - [TEST_STEP][PASSED] - Statement - product = new com.kms.katalon.core.testobject.TestObject(): null

2018-05-21 20:37:19 - [TEST_STEP][PASSED] - Statement - product = com.kms.katalon.core.webui.keyword.WebUiBuiltInKeywords.modifyObjectProperty(product, "xpath", "equals", "//*[@id = "fldvendor" + row + ""]", true): Modify property of object successfully

2018-05-21 20:37:19 - [MESSAGE][PASSED] - Modify property of object successfully

2018-05-21 20:37:19 - [TEST_STEP][PASSED] - selectOptionByIndex: All options with index in [1] are selected on object ''

2018-05-21 20:37:20 - [MESSAGE][PASSED] - All options with index in [1] are selected on object ''

2018-05-21 20:37:20 - [TEST_STEP][PASSED] - Statement - batch = new com.kms.katalon.core.testobject.TestObject(): null

2018-05-21 20:37:20 - [TEST_STEP][PASSED] - Statement - batch = com.kms.katalon.core.webui.keyword.WebUiBuiltInKeywords.modifyObjectProperty(batch, "xpath", "equals", "//*[@id = "txtbthqty" + row + ""]", true): Modify property of object successfully

2018-05-21 20:37:20 - [MESSAGE][PASSED] - Modify property of object successfully

2018-05-21 20:37:20 - [TEST_STEP][PASSED] - Statement - batchqty = com.kms.katalon.core.webui.keyword.WebUiBuiltInKeywords.getAttribute(batch, "value").trim(): Attribute 'value' of object '' is: '4800'

2018-05-21 20:37:20 - [MESSAGE][PASSED] - Attribute 'value' of object '' is: '4800'

2018-05-21 20:37:20 - [TEST_STEP][PASSED] - Statement - Rqty = 100: null

2018-05-21 20:37:20 - [TEST_STEP][PASSED] - delay: Delayed 2 second(s)

2018-05-21 20:37:22 - [MESSAGE][PASSED] - Delayed 2 second(s)

2018-05-21 20:37:22 - [TEST_STEP][PASSED] - Statement - out.println("BatchQty : " + batchqty): null

2018-05-21 20:37:22 - [TEST_STEP][PASSED] - Statement - out.println("RQty : " + Rqty): null

2018-05-21 20:37:22 - [TEST_STEP][PASSED] - Statement - If (java.lang.Integer.valueOf(batchqty) >= java.lang.Integer.valueOf(Rqty)): null

2018-05-21 20:37:22 - [TEST_STEP][PASSED] - Statement - Break: null

2018-05-21 20:37:22 - [TEST_STEP][PASSED] - Statement - batchlength = new com.kms.katalon.core.testobject.TestObject(): null

2018-05-21 20:37:22 - [TEST_STEP][PASSED] - Statement - batchlength = com.kms.katalon.core.webui.keyword.WebUiBuiltInKeywords.modifyObjectProperty(batchlength, "xpath", "equals", "//*[@id = "fldvendor" + row + ""]", true): Modify property of object successfully

2018-05-21 20:37:22 - [MESSAGE][PASSED] - Modify property of object successfully

2018-05-21 20:37:22 - [TEST_STEP][PASSED] - Statement - batchsize = com.kms.katalon.core.webui.keyword.WebUiBuiltInKeywords.getNumberOfTotalOption(batchlength): 6 options of object '' counted

2018-05-21 20:37:22 - [MESSAGE][PASSED] - 6 options of object '' counted

2018-05-21 20:37:22 - [TEST_STEP][PASSED] - Statement - out.println("BatchSize : " + batchsize): null

2018-05-21 20:37:22 - [TEST_STEP][PASSED] - Statement - For ([n = 1, n <= batchsize - 1, (n++)]): null

2018-05-21 20:37:22 - [TEST_STEP][PASSED] - Statement - product = new com.kms.katalon.core.testobject.TestObject(): null

2018-05-21 20:37:22 - [TEST_STEP][PASSED] - Statement - product = com.kms.katalon.core.webui.keyword.WebUiBuiltInKeywords.modifyObjectProperty(product, "xpath", "equals", "//*[@id = "fldvendor" + row + ""]", true): Modify property of object successfully

2018-05-21 20:37:22 - [MESSAGE][PASSED] - Modify property of object successfully

2018-05-21 20:37:22 - [TEST_STEP][PASSED] - selectOptionByIndex: All options with index in [1] are selected on object ''

2018-05-21 20:37:22 - [MESSAGE][PASSED] - All options with index in [1] are selected on object ''

2018-05-21 20:37:22 - [TEST_STEP][PASSED] - Statement - batch = new com.kms.katalon.core.testobject.TestObject(): null

2018-05-21 20:37:22 - [TEST_STEP][PASSED] - Statement - batch = com.kms.katalon.core.webui.keyword.WebUiBuiltInKeywords.modifyObjectProperty(batch, "xpath", "equals", "//*[@id = "txtbthqty" + row + ""]", true): Modify property of object successfully

2018-05-21 20:37:22 - [MESSAGE][PASSED] - Modify property of object successfully

2018-05-21 20:37:22 - [TEST_STEP][PASSED] - Statement - batchqty = com.kms.katalon.core.webui.keyword.WebUiBuiltInKeywords.getAttribute(batch, "value").trim(): Attribute 'value' of object '' is: '3800'

2018-05-21 20:37:22 - [MESSAGE][PASSED] - Attribute 'value' of object '' is: '3800'

2018-05-21 20:37:22 - [TEST_STEP][PASSED] - Statement - Rqty = 100: null

2018-05-21 20:37:22 - [TEST_STEP][PASSED] - delay: Delayed 2 second(s)

2018-05-21 20:37:24 - [MESSAGE][PASSED] - Delayed 2 second(s)

2018-05-21 20:37:24 - [TEST_STEP][PASSED] - Statement - out.println("BatchQty : " + batchqty): null

2018-05-21 20:37:24 - [TEST_STEP][PASSED] - Statement - out.println("RQty : " + Rqty): null

2018-05-21 20:37:24 - [TEST_STEP][PASSED] - Statement - If (java.lang.Integer.valueOf(batchqty) >= java.lang.Integer.valueOf(Rqty)): null

2018-05-21 20:37:24 - [TEST_STEP][PASSED] - Statement - Break: null

2018-05-21 20:37:24 - [TEST_STEP][PASSED] - Statement - batchlength = new com.kms.katalon.core.testobject.TestObject(): null

2018-05-21 20:37:24 - [TEST_STEP][PASSED] - Statement - batchlength = com.kms.katalon.core.webui.keyword.WebUiBuiltInKeywords.modifyObjectProperty(batchlength, "xpath", "equals", "//*[@id = "fldvendor" + row + ""]", true): Modify property of object successfully

2018-05-21 20:37:24 - [MESSAGE][PASSED] - Modify property of object successfully

2018-05-21 20:37:24 - [TEST_STEP][PASSED] - Statement - batchsize = com.kms.katalon.core.webui.keyword.WebUiBuiltInKeywords.getNumberOfTotalOption(batchlength): 6 options of object '' counted

2018-05-21 20:37:24 - [MESSAGE][PASSED] - 6 options of object '' counted

2018-05-21 20:37:24 - [TEST_STEP][PASSED] - Statement - out.println("BatchSize : " + batchsize): null

2018-05-21 20:37:24 - [TEST_STEP][PASSED] - Statement - For ([n = 1, n <= batchsize - 1, (n++)]): null

2018-05-21 20:37:24 - [TEST_STEP][PASSED] - Statement - product = new com.kms.katalon.core.testobject.TestObject(): null

2018-05-21 20:37:24 - [TEST_STEP][PASSED] - Statement - product = com.kms.katalon.core.webui.keyword.WebUiBuiltInKeywords.modifyObjectProperty(product, "xpath", "equals", "//*[@id = "fldvendor" + row + ""]", true): Modify property of object successfully

2018-05-21 20:37:24 - [MESSAGE][PASSED] - Modify property of object successfully

2018-05-21 20:37:24 - [TEST_STEP][PASSED] - selectOptionByIndex: All options with index in [1] are selected on object ''

2018-05-21 20:37:24 - [MESSAGE][PASSED] - All options with index in [1] are selected on object ''

2018-05-21 20:37:24 - [TEST_STEP][PASSED] - Statement - batch = new com.kms.katalon.core.testobject.TestObject(): null

2018-05-21 20:37:24 - [TEST_STEP][PASSED] - Statement - batch = com.kms.katalon.core.webui.keyword.WebUiBuiltInKeywords.modifyObjectProperty(batch, "xpath", "equals", "//*[@id = "txtbthqty" + row + ""]", true): Modify property of object successfully

2018-05-21 20:37:24 - [MESSAGE][PASSED] - Modify property of object successfully

2018-05-21 20:37:24 - [TEST_STEP][PASSED] - Statement - batchqty = com.kms.katalon.core.webui.keyword.WebUiBuiltInKeywords.getAttribute(batch, "value").trim(): Attribute 'value' of object '' is: '4800'

2018-05-21 20:37:24 - [MESSAGE][PASSED] - Attribute 'value' of object '' is: '4800'

2018-05-21 20:37:24 - [TEST_STEP][PASSED] - Statement - Rqty = 100: null

2018-05-21 20:37:24 - [TEST_STEP][PASSED] - delay: Delayed 2 second(s)

2018-05-21 20:37:26 - [MESSAGE][PASSED] - Delayed 2 second(s)

2018-05-21 20:37:26 - [TEST_STEP][PASSED] - Statement - out.println("BatchQty : " + batchqty): null

2018-05-21 20:37:26 - [TEST_STEP][PASSED] - Statement - out.println("RQty : " + Rqty): null

2018-05-21 20:37:26 - [TEST_STEP][PASSED] - Statement - If (java.lang.Integer.valueOf(batchqty) >= java.lang.Integer.valueOf(Rqty)): null

2018-05-21 20:37:26 - [TEST_STEP][PASSED] - Statement - Break: null

2018-05-21 20:37:26 - [TEST_STEP][PASSED] - Statement - batchlength = new com.kms.katalon.core.testobject.TestObject(): null

2018-05-21 20:37:26 - [TEST_STEP][PASSED] - Statement - batchlength = com.kms.katalon.core.webui.keyword.WebUiBuiltInKeywords.modifyObjectProperty(batchlength, "xpath", "equals", "//*[@id = "fldvendor" + row + ""]", true): Modify property of object successfully

2018-05-21 20:37:26 - [MESSAGE][PASSED] - Modify property of object successfully

2018-05-21 20:37:26 - [TEST_STEP][PASSED] - Statement - batchsize = com.kms.katalon.core.webui.keyword.WebUiBuiltInKeywords.getNumberOfTotalOption(batchlength): 6 options of object '' counted

2018-05-21 20:37:26 - [MESSAGE][PASSED] - 6 options of object '' counted

2018-05-21 20:37:26 - [TEST_STEP][PASSED] - Statement - out.println("BatchSize : " + batchsize): null

2018-05-21 20:37:26 - [TEST_STEP][PASSED] - Statement - For ([n = 1, n <= batchsize - 1, (n++)]): null

2018-05-21 20:37:26 - [TEST_STEP][PASSED] - Statement - product = new com.kms.katalon.core.testobject.TestObject(): null

2018-05-21 20:37:26 - [TEST_STEP][PASSED] - Statement - product = com.kms.katalon.core.webui.keyword.WebUiBuiltInKeywords.modifyObjectProperty(product, "xpath", "equals", "//*[@id = "fldvendor" + row + ""]", true): Modify property of object successfully

2018-05-21 20:37:26 - [MESSAGE][PASSED] - Modify property of object successfully

2018-05-21 20:37:26 - [TEST_STEP][PASSED] - selectOptionByIndex: All options with index in [1] are selected on object ''

2018-05-21 20:37:26 - [MESSAGE][PASSED] - All options with index in [1] are selected on object ''

2018-05-21 20:37:26 - [TEST_STEP][PASSED] - Statement - batch = new com.kms.katalon.core.testobject.TestObject(): null

2018-05-21 20:37:26 - [TEST_STEP][PASSED] - Statement - batch = com.kms.katalon.core.webui.keyword.WebUiBuiltInKeywords.modifyObjectProperty(batch, "xpath", "equals", "//*[@id = "txtbthqty" + row + ""]", true): Modify property of object successfully

2018-05-21 20:37:26 - [MESSAGE][PASSED] - Modify property of object successfully

2018-05-21 20:37:26 - [TEST_STEP][PASSED] - Statement - batchqty = com.kms.katalon.core.webui.keyword.WebUiBuiltInKeywords.getAttribute(batch, "value").trim(): Attribute 'value' of object '' is: '38550'

2018-05-21 20:37:26 - [MESSAGE][PASSED] - Attribute 'value' of object '' is: '38550'

2018-05-21 20:37:26 - [TEST_STEP][PASSED] - Statement - Rqty = 100: null

2018-05-21 20:37:26 - [TEST_STEP][PASSED] - delay: Delayed 2 second(s)

2018-05-21 20:37:28 - [MESSAGE][PASSED] - Delayed 2 second(s)

2018-05-21 20:37:28 - [TEST_STEP][PASSED] - Statement - out.println("BatchQty : " + batchqty): null

2018-05-21 20:37:28 - [TEST_STEP][PASSED] - Statement - out.println("RQty : " + Rqty): null

2018-05-21 20:37:28 - [TEST_STEP][PASSED] - Statement - If (java.lang.Integer.valueOf(batchqty) >= java.lang.Integer.valueOf(Rqty)): null

2018-05-21 20:37:28 - [TEST_STEP][PASSED] - Statement - Break: null

2018-05-21 20:37:28 - [TEST_STEP][PASSED] - Statement - batchlength = new com.kms.katalon.core.testobject.TestObject(): null

2018-05-21 20:37:28 - [TEST_STEP][PASSED] - Statement - batchlength = com.kms.katalon.core.webui.keyword.WebUiBuiltInKeywords.modifyObjectProperty(batchlength, "xpath", "equals", "//*[@id = "fldvendor" + row + ""]", true): Modify property of object successfully

2018-05-21 20:37:28 - [MESSAGE][PASSED] - Modify property of object successfully

2018-05-21 20:37:28 - [TEST_STEP][PASSED] - Statement - batchsize = com.kms.katalon.core.webui.keyword.WebUiBuiltInKeywords.getNumberOfTotalOption(batchlength): 6 options of object '' counted

2018-05-21 20:37:28 - [MESSAGE][PASSED] - 6 options of object '' counted

2018-05-21 20:37:28 - [TEST_STEP][PASSED] - Statement - out.println("BatchSize : " + batchsize): null

2018-05-21 20:37:28 - [TEST_STEP][PASSED] - Statement - For ([n = 1, n <= batchsize - 1, (n++)]): null

2018-05-21 20:37:28 - [TEST_STEP][PASSED] - Statement - product = new com.kms.katalon.core.testobject.TestObject(): null

2018-05-21 20:37:28 - [TEST_STEP][PASSED] - Statement - product = com.kms.katalon.core.webui.keyword.WebUiBuiltInKeywords.modifyObjectProperty(product, "xpath", "equals", "//*[@id = "fldvendor" + row + ""]", true): Modify property of object successfully

2018-05-21 20:37:28 - [MESSAGE][PASSED] - Modify property of object successfully

2018-05-21 20:37:28 - [TEST_STEP][PASSED] - selectOptionByIndex: All options with index in [1] are selected on object ''

2018-05-21 20:37:29 - [MESSAGE][PASSED] - All options with index in [1] are selected on object ''

2018-05-21 20:37:29 - [TEST_STEP][PASSED] - Statement - batch = new com.kms.katalon.core.testobject.TestObject(): null

2018-05-21 20:37:29 - [TEST_STEP][PASSED] - Statement - batch = com.kms.katalon.core.webui.keyword.WebUiBuiltInKeywords.modifyObjectProperty(batch, "xpath", "equals", "//*[@id = "txtbthqty" + row + ""]", true): Modify property of object successfully

2018-05-21 20:37:29 - [MESSAGE][PASSED] - Modify property of object successfully

2018-05-21 20:37:29 - [TEST_STEP][PASSED] - Statement - batchqty = com.kms.katalon.core.webui.keyword.WebUiBuiltInKeywords.getAttribute(batch, "value").trim(): Attribute 'value' of object '' is: '4800'

2018-05-21 20:37:29 - [MESSAGE][PASSED] - Attribute 'value' of object '' is: '4800'

2018-05-21 20:37:29 - [TEST_STEP][PASSED] - Statement - Rqty = 100: null

2018-05-21 20:37:29 - [TEST_STEP][PASSED] - delay: Delayed 2 second(s)

2018-05-21 20:37:31 - [MESSAGE][PASSED] - Delayed 2 second(s)

2018-05-21 20:37:31 - [TEST_STEP][PASSED] - Statement - out.println("BatchQty : " + batchqty): null

2018-05-21 20:37:31 - [TEST_STEP][PASSED] - Statement - out.println("RQty : " + Rqty): null

2018-05-21 20:37:31 - [TEST_STEP][PASSED] - Statement - If (java.lang.Integer.valueOf(batchqty) >= java.lang.Integer.valueOf(Rqty)): null

2018-05-21 20:37:31 - [TEST_STEP][PASSED] - Statement - Break: null

2018-05-21 20:37:31 - [TEST_STEP][PASSED] - Statement - batchlength = new com.kms.katalon.core.testobject.TestObject(): null

2018-05-21 20:37:31 - [TEST_STEP][PASSED] - Statement - batchlength = com.kms.katalon.core.webui.keyword.WebUiBuiltInKeywords.modifyObjectProperty(batchlength, "xpath", "equals", "//*[@id = "fldvendor" + row + ""]", true): Modify property of object successfully

2018-05-21 20:37:31 - [MESSAGE][PASSED] - Modify property of object successfully

2018-05-21 20:37:31 - [TEST_STEP][PASSED] - Statement - batchsize = com.kms.katalon.core.webui.keyword.WebUiBuiltInKeywords.getNumberOfTotalOption(batchlength): 6 options of object '' counted

2018-05-21 20:37:31 - [MESSAGE][PASSED] - 6 options of object '' counted

2018-05-21 20:37:31 - [TEST_STEP][PASSED] - Statement - out.println("BatchSize : " + batchsize): null

2018-05-21 20:37:31 - [TEST_STEP][PASSED] - Statement - For ([n = 1, n <= batchsize - 1, (n++)]): null

2018-05-21 20:37:31 - [TEST_STEP][PASSED] - Statement - product = new com.kms.katalon.core.testobject.TestObject(): null

2018-05-21 20:37:31 - [TEST_STEP][PASSED] - Statement - product = com.kms.katalon.core.webui.keyword.WebUiBuiltInKeywords.modifyObjectProperty(product, "xpath", "equals", "//*[@id = "fldvendor" + row + ""]", true): Modify property of object successfully

2018-05-21 20:37:31 - [MESSAGE][PASSED] - Modify property of object successfully

2018-05-21 20:37:31 - [TEST_STEP][PASSED] - selectOptionByIndex: All options with index in [1] are selected on object ''

2018-05-21 20:37:31 - [MESSAGE][PASSED] - All options with index in [1] are selected on object ''

2018-05-21 20:37:31 - [TEST_STEP][PASSED] - Statement - batch = new com.kms.katalon.core.testobject.TestObject(): null

2018-05-21 20:37:31 - [TEST_STEP][PASSED] - Statement - batch = com.kms.katalon.core.webui.keyword.WebUiBuiltInKeywords.modifyObjectProperty(batch, "xpath", "equals", "//*[@id = "txtbthqty" + row + ""]", true): Modify property of object successfully

2018-05-21 20:37:31 - [MESSAGE][PASSED] - Modify property of object successfully

2018-05-21 20:37:31 - [TEST_STEP][PASSED] - Statement - batchqty = com.kms.katalon.core.webui.keyword.WebUiBuiltInKeywords.getAttribute(batch, "value").trim(): Attribute 'value' of object '' is: '4800'

2018-05-21 20:37:31 - [MESSAGE][PASSED] - Attribute 'value' of object '' is: '4800'

2018-05-21 20:37:31 - [TEST_STEP][PASSED] - Statement - Rqty = 100: null

2018-05-21 20:37:31 - [TEST_STEP][PASSED] - delay: Delayed 2 second(s)

2018-05-21 20:37:33 - [MESSAGE][PASSED] - Delayed 2 second(s)

2018-05-21 20:37:33 - [TEST_STEP][PASSED] - Statement - out.println("BatchQty : " + batchqty): null

2018-05-21 20:37:33 - [TEST_STEP][PASSED] - Statement - out.println("RQty : " + Rqty): null

2018-05-21 20:37:33 - [TEST_STEP][PASSED] - Statement - If (java.lang.Integer.valueOf(batchqty) >= java.lang.Integer.valueOf(Rqty)): null

2018-05-21 20:37:33 - [TEST_STEP][PASSED] - Statement - Break: null

2018-05-21 20:37:33 - [TEST_STEP][PASSED] - Statement - batchlength = new com.kms.katalon.core.testobject.TestObject(): null

2018-05-21 20:37:33 - [TEST_STEP][PASSED] - Statement - batchlength = com.kms.katalon.core.webui.keyword.WebUiBuiltInKeywords.modifyObjectProperty(batchlength, "xpath", "equals", "//*[@id = "fldvendor" + row + ""]", true): Modify property of object successfully

2018-05-21 20:37:33 - [MESSAGE][PASSED] - Modify property of object successfully

2018-05-21 20:37:33 - [TEST_STEP][PASSED] - Statement - batchsize = com.kms.katalon.core.webui.keyword.WebUiBuiltInKeywords.getNumberOfTotalOption(batchlength): 6 options of object '' counted

2018-05-21 20:37:33 - [MESSAGE][PASSED] - 6 options of object '' counted

2018-05-21 20:37:33 - [TEST_STEP][PASSED] - Statement - out.println("BatchSize : " + batchsize): null

2018-05-21 20:37:33 - [TEST_STEP][PASSED] - Statement - For ([n = 1, n <= batchsize - 1, (n++)]): null

2018-05-21 20:37:33 - [TEST_STEP][PASSED] - Statement - product = new com.kms.katalon.core.testobject.TestObject(): null

2018-05-21 20:37:33 - [TEST_STEP][PASSED] - Statement - product = com.kms.katalon.core.webui.keyword.WebUiBuiltInKeywords.modifyObjectProperty(product, "xpath", "equals", "//*[@id = "fldvendor" + row + ""]", true): Modify property of object successfully

2018-05-21 20:37:33 - [MESSAGE][PASSED] - Modify property of object successfully

2018-05-21 20:37:33 - [TEST_STEP][PASSED] - selectOptionByIndex: All options with index in [1] are selected on object ''

2018-05-21 20:37:33 - [MESSAGE][PASSED] - All options with index in [1] are selected on object ''

2018-05-21 20:37:33 - [TEST_STEP][PASSED] - Statement - batch = new com.kms.katalon.core.testobject.TestObject(): null

2018-05-21 20:37:33 - [TEST_STEP][PASSED] - Statement - batch = com.kms.katalon.core.webui.keyword.WebUiBuiltInKeywords.modifyObjectProperty(batch, "xpath", "equals", "//*[@id = "txtbthqty" + row + ""]", true): Modify property of object successfully

2018-05-21 20:37:33 - [MESSAGE][PASSED] - Modify property of object successfully

2018-05-21 20:37:33 - [TEST_STEP][PASSED] - Statement - batchqty = com.kms.katalon.core.webui.keyword.WebUiBuiltInKeywords.getAttribute(batch, "value").trim(): Attribute 'value' of object '' is: '4800'

2018-05-21 20:37:33 - [MESSAGE][PASSED] - Attribute 'value' of object '' is: '4800'

2018-05-21 20:37:33 - [TEST_STEP][PASSED] - Statement - Rqty = 100: null

2018-05-21 20:37:33 - [TEST_STEP][PASSED] - delay: Delayed 2 second(s)

2018-05-21 20:37:35 - [MESSAGE][PASSED] - Delayed 2 second(s)

2018-05-21 20:37:35 - [TEST_STEP][PASSED] - Statement - out.println("BatchQty : " + batchqty): null

2018-05-21 20:37:35 - [TEST_STEP][PASSED] - Statement - out.println("RQty : " + Rqty): null

2018-05-21 20:37:35 - [TEST_STEP][PASSED] - Statement - If (java.lang.Integer.valueOf(batchqty) >= java.lang.Integer.valueOf(Rqty)): null

2018-05-21 20:37:35 - [TEST_STEP][PASSED] - Statement - Break: null

2018-05-21 20:37:35 - [TEST_STEP][PASSED] - Statement - batchlength = new com.kms.katalon.core.testobject.TestObject(): null

2018-05-21 20:37:35 - [TEST_STEP][PASSED] - Statement - batchlength = com.kms.katalon.core.webui.keyword.WebUiBuiltInKeywords.modifyObjectProperty(batchlength, "xpath", "equals", "//*[@id = "fldvendor" + row + ""]", true): Modify property of object successfully

2018-05-21 20:37:35 - [MESSAGE][PASSED] - Modify property of object successfully

2018-05-21 20:37:35 - [TEST_STEP][PASSED] - Statement - batchsize = com.kms.katalon.core.webui.keyword.WebUiBuiltInKeywords.getNumberOfTotalOption(batchlength): 6 options of object '' counted

2018-05-21 20:37:35 - [MESSAGE][PASSED] - 6 options of object '' counted

2018-05-21 20:37:35 - [TEST_STEP][PASSED] - Statement - out.println("BatchSize : " + batchsize): null

2018-05-21 20:37:35 - [TEST_STEP][PASSED] - Statement - For ([n = 1, n <= batchsize - 1, (n++)]): null

2018-05-21 20:37:35 - [TEST_STEP][PASSED] - Statement - product = new com.kms.katalon.core.testobject.TestObject(): null

2018-05-21 20:37:35 - [TEST_STEP][PASSED] - Statement - product = com.kms.katalon.core.webui.keyword.WebUiBuiltInKeywords.modifyObjectProperty(product, "xpath", "equals", "//*[@id = "fldvendor" + row + ""]", true): Modify property of object successfully

2018-05-21 20:37:35 - [MESSAGE][PASSED] - Modify property of object successfully

2018-05-21 20:37:35 - [TEST_STEP][PASSED] - selectOptionByIndex: All options with index in [1] are selected on object ''

2018-05-21 20:37:35 - [MESSAGE][PASSED] - All options with index in [1] are selected on object ''

2018-05-21 20:37:35 - [TEST_STEP][PASSED] - Statement - batch = new com.kms.katalon.core.testobject.TestObject(): null

2018-05-21 20:37:35 - [TEST_STEP][PASSED] - Statement - batch = com.kms.katalon.core.webui.keyword.WebUiBuiltInKeywords.modifyObjectProperty(batch, "xpath", "equals", "//*[@id = "txtbthqty" + row + ""]", true): Modify property of object successfully

2018-05-21 20:37:35 - [MESSAGE][PASSED] - Modify property of object successfully

2018-05-21 20:37:35 - [TEST_STEP][PASSED] - Statement - batchqty = com.kms.katalon.core.webui.keyword.WebUiBuiltInKeywords.getAttribute(batch, "value").trim(): Attribute 'value' of object '' is: '38700'

2018-05-21 20:37:35 - [MESSAGE][PASSED] - Attribute 'value' of object '' is: '38700'

2018-05-21 20:37:35 - [TEST_STEP][PASSED] - Statement - Rqty = 100: null

2018-05-21 20:37:35 - [TEST_STEP][PASSED] - delay: Delayed 2 second(s)

2018-05-21 20:37:37 - [MESSAGE][PASSED] - Delayed 2 second(s)

2018-05-21 20:37:37 - [TEST_STEP][PASSED] - Statement - out.println("BatchQty : " + batchqty): null

2018-05-21 20:37:37 - [TEST_STEP][PASSED] - Statement - out.println("RQty : " + Rqty): null

2018-05-21 20:37:37 - [TEST_STEP][PASSED] - Statement - If (java.lang.Integer.valueOf(batchqty) >= java.lang.Integer.valueOf(Rqty)): null

2018-05-21 20:37:37 - [TEST_STEP][PASSED] - Statement - Break: null

2018-05-21 20:37:37 - [TEST_STEP][PASSED] - Statement - batchlength = new com.kms.katalon.core.testobject.TestObject(): null

2018-05-21 20:37:37 - [TEST_STEP][PASSED] - Statement - batchlength = com.kms.katalon.core.webui.keyword.WebUiBuiltInKeywords.modifyObjectProperty(batchlength, "xpath", "equals", "//*[@id = "fldvendor" + row + ""]", true): Modify property of object successfully

2018-05-21 20:37:37 - [MESSAGE][PASSED] - Modify property of object successfully

2018-05-21 20:37:37 - [TEST_STEP][PASSED] - Statement - batchsize = com.kms.katalon.core.webui.keyword.WebUiBuiltInKeywords.getNumberOfTotalOption(batchlength): 6 options of object '' counted

2018-05-21 20:37:37 - [MESSAGE][PASSED] - 6 options of object '' counted

2018-05-21 20:37:37 - [TEST_STEP][PASSED] - Statement - out.println("BatchSize : " + batchsize): null

2018-05-21 20:37:37 - [TEST_STEP][PASSED] - Statement - For ([n = 1, n <= batchsize - 1, (n++)]): null

2018-05-21 20:37:37 - [TEST_STEP][PASSED] - Statement - product = new com.kms.katalon.core.testobject.TestObject(): null

2018-05-21 20:37:37 - [TEST_STEP][PASSED] - Statement - product = com.kms.katalon.core.webui.keyword.WebUiBuiltInKeywords.modifyObjectProperty(product, "xpath", "equals", "//*[@id = "fldvendor" + row + ""]", true): Modify property of object successfully

2018-05-21 20:37:37 - [MESSAGE][PASSED] - Modify property of object successfully

2018-05-21 20:37:37 - [TEST_STEP][PASSED] - selectOptionByIndex: All options with index in [1] are selected on object ''

2018-05-21 20:37:38 - [MESSAGE][PASSED] - All options with index in [1] are selected on object ''

2018-05-21 20:37:38 - [TEST_STEP][PASSED] - Statement - batch = new com.kms.katalon.core.testobject.TestObject(): null

2018-05-21 20:37:38 - [TEST_STEP][PASSED] - Statement - batch = com.kms.katalon.core.webui.keyword.WebUiBuiltInKeywords.modifyObjectProperty(batch, "xpath", "equals", "//*[@id = "txtbthqty" + row + ""]", true): Modify property of object successfully

2018-05-21 20:37:38 - [MESSAGE][PASSED] - Modify property of object successfully

2018-05-21 20:37:38 - [TEST_STEP][PASSED] - Statement - batchqty = com.kms.katalon.core.webui.keyword.WebUiBuiltInKeywords.getAttribute(batch, "value").trim(): Attribute 'value' of object '' is: '4800'

2018-05-21 20:37:38 - [MESSAGE][PASSED] - Attribute 'value' of object '' is: '4800'

2018-05-21 20:37:38 - [TEST_STEP][PASSED] - Statement - Rqty = 100: null

2018-05-21 20:37:38 - [TEST_STEP][PASSED] - delay: Delayed 2 second(s)

2018-05-21 20:37:40 - [MESSAGE][PASSED] - Delayed 2 second(s)

2018-05-21 20:37:40 - [TEST_STEP][PASSED] - Statement - out.println("BatchQty : " + batchqty): null

2018-05-21 20:37:40 - [TEST_STEP][PASSED] - Statement - out.println("RQty : " + Rqty): null

2018-05-21 20:37:40 - [TEST_STEP][PASSED] - Statement - If (java.lang.Integer.valueOf(batchqty) >= java.lang.Integer.valueOf(Rqty)): null

2018-05-21 20:37:40 - [TEST_STEP][PASSED] - Statement - Break: null

2018-05-21 20:37:40 - [TEST_STEP][PASSED] - Statement - batchlength = new com.kms.katalon.core.testobject.TestObject(): null

2018-05-21 20:37:40 - [TEST_STEP][PASSED] - Statement - batchlength = com.kms.katalon.core.webui.keyword.WebUiBuiltInKeywords.modifyObjectProperty(batchlength, "xpath", "equals", "//*[@id = "fldvendor" + row + ""]", true): Modify property of object successfully

2018-05-21 20:37:40 - [MESSAGE][PASSED] - Modify property of object successfully

2018-05-21 20:37:40 - [TEST_STEP][PASSED] - Statement - batchsize = com.kms.katalon.core.webui.keyword.WebUiBuiltInKeywords.getNumberOfTotalOption(batchlength): 6 options of object '' counted

2018-05-21 20:37:40 - [MESSAGE][PASSED] - 6 options of object '' counted

2018-05-21 20:37:40 - [TEST_STEP][PASSED] - Statement - out.println("BatchSize : " + batchsize): null

2018-05-21 20:37:40 - [TEST_STEP][PASSED] - Statement - For ([n = 1, n <= batchsize - 1, (n++)]): null

2018-05-21 20:37:40 - [TEST_STEP][PASSED] - Statement - product = new com.kms.katalon.core.testobject.TestObject(): null

2018-05-21 20:37:40 - [TEST_STEP][PASSED] - Statement - product = com.kms.katalon.core.webui.keyword.WebUiBuiltInKeywords.modifyObjectProperty(product, "xpath", "equals", "//*[@id = "fldvendor" + row + ""]", true): Modify property of object successfully

2018-05-21 20:37:40 - [MESSAGE][PASSED] - Modify property of object successfully

2018-05-21 20:37:40 - [TEST_STEP][PASSED] - selectOptionByIndex: All options with index in [1] are selected on object ''

2018-05-21 20:37:40 - [MESSAGE][PASSED] - All options with index in [1] are selected on object ''

2018-05-21 20:37:40 - [TEST_STEP][PASSED] - Statement - batch = new com.kms.katalon.core.testobject.TestObject(): null

2018-05-21 20:37:40 - [TEST_STEP][PASSED] - Statement - batch = com.kms.katalon.core.webui.keyword.WebUiBuiltInKeywords.modifyObjectProperty(batch, "xpath", "equals", "//*[@id = "txtbthqty" + row + ""]", true): Modify property of object successfully

2018-05-21 20:37:40 - [MESSAGE][PASSED] - Modify property of object successfully

2018-05-21 20:37:40 - [TEST_STEP][PASSED] - Statement - batchqty = com.kms.katalon.core.webui.keyword.WebUiBuiltInKeywords.getAttribute(batch, "value").trim(): Attribute 'value' of object '' is: '4800'

2018-05-21 20:37:40 - [MESSAGE][PASSED] - Attribute 'value' of object '' is: '4800'

2018-05-21 20:37:40 - [TEST_STEP][PASSED] - Statement - Rqty = 100: null

2018-05-21 20:37:40 - [TEST_STEP][PASSED] - delay: Delayed 2 second(s)

2018-05-21 20:37:42 - [MESSAGE][PASSED] - Delayed 2 second(s)

2018-05-21 20:37:42 - [TEST_STEP][PASSED] - Statement - out.println("BatchQty : " + batchqty): null

2018-05-21 20:37:42 - [TEST_STEP][PASSED] - Statement - out.println("RQty : " + Rqty): null

2018-05-21 20:37:42 - [TEST_STEP][PASSED] - Statement - If (java.lang.Integer.valueOf(batchqty) >= java.lang.Integer.valueOf(Rqty)): null

2018-05-21 20:37:42 - [TEST_STEP][PASSED] - Statement - Break: null

2018-05-21 20:37:42 - [TEST_STEP][PASSED] - Statement - batchlength = new com.kms.katalon.core.testobject.TestObject(): null

2018-05-21 20:37:42 - [TEST_STEP][PASSED] - Statement - batchlength = com.kms.katalon.core.webui.keyword.WebUiBuiltInKeywords.modifyObjectProperty(batchlength, "xpath", "equals", "//*[@id = "fldvendor" + row + ""]", true): Modify property of object successfully

2018-05-21 20:37:42 - [MESSAGE][PASSED] - Modify property of object successfully

2018-05-21 20:37:42 - [TEST_STEP][PASSED] - Statement - batchsize = com.kms.katalon.core.webui.keyword.WebUiBuiltInKeywords.getNumberOfTotalOption(batchlength): 6 options of object '' counted

2018-05-21 20:37:42 - [MESSAGE][PASSED] - 6 options of object '' counted

2018-05-21 20:37:42 - [TEST_STEP][PASSED] - Statement - out.println("BatchSize : " + batchsize): null

2018-05-21 20:37:42 - [TEST_STEP][PASSED] - Statement - For ([n = 1, n <= batchsize - 1, (n++)]): null

2018-05-21 20:37:42 - [TEST_STEP][PASSED] - Statement - product = new com.kms.katalon.core.testobject.TestObject(): null

2018-05-21 20:37:42 - [TEST_STEP][PASSED] - Statement - product = com.kms.katalon.core.webui.keyword.WebUiBuiltInKeywords.modifyObjectProperty(product, "xpath", "equals", "//*[@id = "fldvendor" + row + ""]", true): Modify property of object successfully

2018-05-21 20:37:42 - [MESSAGE][PASSED] - Modify property of object successfully

2018-05-21 20:37:42 - [TEST_STEP][PASSED] - selectOptionByIndex: All options with index in [1] are selected on object ''

2018-05-21 20:37:42 - [MESSAGE][PASSED] - All options with index in [1] are selected on object ''

2018-05-21 20:37:42 - [TEST_STEP][PASSED] - Statement - batch = new com.kms.katalon.core.testobject.TestObject(): null

2018-05-21 20:37:42 - [TEST_STEP][PASSED] - Statement - batch = com.kms.katalon.core.webui.keyword.WebUiBuiltInKeywords.modifyObjectProperty(batch, "xpath", "equals", "//*[@id = "txtbthqty" + row + ""]", true): Modify property of object successfully

2018-05-21 20:37:42 - [MESSAGE][PASSED] - Modify property of object successfully

2018-05-21 20:37:42 - [TEST_STEP][PASSED] - Statement - batchqty = com.kms.katalon.core.webui.keyword.WebUiBuiltInKeywords.getAttribute(batch, "value").trim(): Attribute 'value' of object '' is: '3800'

2018-05-21 20:37:42 - [MESSAGE][PASSED] - Attribute 'value' of object '' is: '3800'

2018-05-21 20:37:42 - [TEST_STEP][PASSED] - Statement - Rqty = 100: null

2018-05-21 20:37:42 - [TEST_STEP][PASSED] - delay: Delayed 2 second(s)

2018-05-21 20:37:44 - [MESSAGE][PASSED] - Delayed 2 second(s)

2018-05-21 20:37:44 - [TEST_STEP][PASSED] - Statement - out.println("BatchQty : " + batchqty): null

2018-05-21 20:37:44 - [TEST_STEP][PASSED] - Statement - out.println("RQty : " + Rqty): null

2018-05-21 20:37:44 - [TEST_STEP][PASSED] - Statement - If (java.lang.Integer.valueOf(batchqty) >= java.lang.Integer.valueOf(Rqty)): null

2018-05-21 20:37:44 - [TEST_STEP][PASSED] - Statement - Break: null

2018-05-21 20:37:44 - [TEST_STEP][PASSED] - Statement - batchlength = new com.kms.katalon.core.testobject.TestObject(): null

2018-05-21 20:37:44 - [TEST_STEP][PASSED] - Statement - batchlength = com.kms.katalon.core.webui.keyword.WebUiBuiltInKeywords.modifyObjectProperty(batchlength, "xpath", "equals", "//*[@id = "fldvendor" + row + ""]", true): Modify property of object successfully

2018-05-21 20:37:44 - [MESSAGE][PASSED] - Modify property of object successfully

2018-05-21 20:37:44 - [TEST_STEP][PASSED] - Statement - batchsize = com.kms.katalon.core.webui.keyword.WebUiBuiltInKeywords.getNumberOfTotalOption(batchlength): 6 options of object '' counted

2018-05-21 20:37:44 - [MESSAGE][PASSED] - 6 options of object '' counted

2018-05-21 20:37:44 - [TEST_STEP][PASSED] - Statement - out.println("BatchSize : " + batchsize): null

2018-05-21 20:37:44 - [TEST_STEP][PASSED] - Statement - For ([n = 1, n <= batchsize - 1, (n++)]): null

2018-05-21 20:37:44 - [TEST_STEP][PASSED] - Statement - product = new com.kms.katalon.core.testobject.TestObject(): null

2018-05-21 20:37:44 - [TEST_STEP][PASSED] - Statement - product = com.kms.katalon.core.webui.keyword.WebUiBuiltInKeywords.modifyObjectProperty(product, "xpath", "equals", "//*[@id = "fldvendor" + row + ""]", true): Modify property of object successfully

2018-05-21 20:37:44 - [MESSAGE][PASSED] - Modify property of object successfully

2018-05-21 20:37:44 - [TEST_STEP][PASSED] - selectOptionByIndex: All options with index in [1] are selected on object ''

2018-05-21 20:37:44 - [MESSAGE][PASSED] - All options with index in [1] are selected on object ''

2018-05-21 20:37:44 - [TEST_STEP][PASSED] - Statement - batch = new com.kms.katalon.core.testobject.TestObject(): null

2018-05-21 20:37:44 - [TEST_STEP][PASSED] - Statement - batch = com.kms.katalon.core.webui.keyword.WebUiBuiltInKeywords.modifyObjectProperty(batch, "xpath", "equals", "//*[@id = "txtbthqty" + row + ""]", true): Modify property of object successfully

2018-05-21 20:37:44 - [MESSAGE][PASSED] - Modify property of object successfully

2018-05-21 20:37:44 - [TEST_STEP][PASSED] - Statement - batchqty = com.kms.katalon.core.webui.keyword.WebUiBuiltInKeywords.getAttribute(batch, "value").trim(): Attribute 'value' of object '' is: '4800'

2018-05-21 20:37:44 - [MESSAGE][PASSED] - Attribute 'value' of object '' is: '4800'

2018-05-21 20:37:44 - [TEST_STEP][PASSED] - Statement - Rqty = 100: null

2018-05-21 20:37:44 - [TEST_STEP][PASSED] - delay: Delayed 2 second(s)

2018-05-21 20:37:46 - [MESSAGE][PASSED] - Delayed 2 second(s)

2018-05-21 20:37:46 - [TEST_STEP][PASSED] - Statement - out.println("BatchQty : " + batchqty): null

2018-05-21 20:37:46 - [TEST_STEP][PASSED] - Statement - out.println("RQty : " + Rqty): null

2018-05-21 20:37:46 - [TEST_STEP][PASSED] - Statement - If (java.lang.Integer.valueOf(batchqty) >= java.lang.Integer.valueOf(Rqty)): null

2018-05-21 20:37:46 - [TEST_STEP][PASSED] - Statement - Break: null

2018-05-21 20:37:46 - [TEST_STEP][PASSED] - Statement - batchlength = new com.kms.katalon.core.testobject.TestObject(): null

2018-05-21 20:37:46 - [TEST_STEP][PASSED] - Statement - batchlength = com.kms.katalon.core.webui.keyword.WebUiBuiltInKeywords.modifyObjectProperty(batchlength, "xpath", "equals", "//*[@id = "fldvendor" + row + ""]", true): Modify property of object successfully

2018-05-21 20:37:46 - [MESSAGE][PASSED] - Modify property of object successfully

2018-05-21 20:37:46 - [TEST_STEP][PASSED] - Statement - batchsize = com.kms.katalon.core.webui.keyword.WebUiBuiltInKeywords.getNumberOfTotalOption(batchlength): 6 options of object '' counted

2018-05-21 20:37:46 - [MESSAGE][PASSED] - 6 options of object '' counted

2018-05-21 20:37:46 - [TEST_STEP][PASSED] - Statement - out.println("BatchSize : " + batchsize): null

2018-05-21 20:37:46 - [TEST_STEP][PASSED] - Statement - For ([n = 1, n <= batchsize - 1, (n++)]): null

2018-05-21 20:37:46 - [TEST_STEP][PASSED] - Statement - product = new com.kms.katalon.core.testobject.TestObject(): null

2018-05-21 20:37:46 - [TEST_STEP][PASSED] - Statement - product = com.kms.katalon.core.webui.keyword.WebUiBuiltInKeywords.modifyObjectProperty(product, "xpath", "equals", "//*[@id = "fldvendor" + row + ""]", true): Modify property of object successfully

2018-05-21 20:37:46 - [MESSAGE][PASSED] - Modify property of object successfully

2018-05-21 20:37:46 - [TEST_STEP][PASSED] - selectOptionByIndex: All options with index in [1] are selected on object ''

2018-05-21 20:37:47 - [MESSAGE][PASSED] - All options with index in [1] are selected on object ''

2018-05-21 20:37:47 - [TEST_STEP][PASSED] - Statement - batch = new com.kms.katalon.core.testobject.TestObject(): null

2018-05-21 20:37:47 - [TEST_STEP][PASSED] - Statement - batch = com.kms.katalon.core.webui.keyword.WebUiBuiltInKeywords.modifyObjectProperty(batch, "xpath", "equals", "//*[@id = "txtbthqty" + row + ""]", true): Modify property of object successfully

2018-05-21 20:37:47 - [MESSAGE][PASSED] - Modify property of object successfully

2018-05-21 20:37:47 - [TEST_STEP][PASSED] - Statement - batchqty = com.kms.katalon.core.webui.keyword.WebUiBuiltInKeywords.getAttribute(batch, "value").trim(): Attribute 'value' of object '' is: '4800'

2018-05-21 20:37:47 - [MESSAGE][PASSED] - Attribute 'value' of object '' is: '4800'

2018-05-21 20:37:47 - [TEST_STEP][PASSED] - Statement - Rqty = 100: null

2018-05-21 20:37:47 - [TEST_STEP][PASSED] - delay: Delayed 2 second(s)

2018-05-21 20:37:49 - [MESSAGE][PASSED] - Delayed 2 second(s)

2018-05-21 20:37:49 - [TEST_STEP][PASSED] - Statement - out.println("BatchQty : " + batchqty): null

2018-05-21 20:37:49 - [TEST_STEP][PASSED] - Statement - out.println("RQty : " + Rqty): null

2018-05-21 20:37:49 - [TEST_STEP][PASSED] - Statement - If (java.lang.Integer.valueOf(batchqty) >= java.lang.Integer.valueOf(Rqty)): null

2018-05-21 20:37:49 - [TEST_STEP][PASSED] - Statement - Break: null

2018-05-21 20:37:49 - [TEST_STEP][PASSED] - Statement - batchlength = new com.kms.katalon.core.testobject.TestObject(): null

2018-05-21 20:37:49 - [TEST_STEP][PASSED] - Statement - batchlength = com.kms.katalon.core.webui.keyword.WebUiBuiltInKeywords.modifyObjectProperty(batchlength, "xpath", "equals", "//*[@id = "fldvendor" + row + ""]", true): Modify property of object successfully

2018-05-21 20:37:49 - [MESSAGE][PASSED] - Modify property of object successfully

2018-05-21 20:37:49 - [TEST_STEP][PASSED] - Statement - batchsize = com.kms.katalon.core.webui.keyword.WebUiBuiltInKeywords.getNumberOfTotalOption(batchlength): 6 options of object '' counted

2018-05-21 20:37:49 - [MESSAGE][PASSED] - 6 options of object '' counted

2018-05-21 20:37:49 - [TEST_STEP][PASSED] - Statement - out.println("BatchSize : " + batchsize): null

2018-05-21 20:37:49 - [TEST_STEP][PASSED] - Statement - For ([n = 1, n <= batchsize - 1, (n++)]): null

2018-05-21 20:37:49 - [TEST_STEP][PASSED] - Statement - product = new com.kms.katalon.core.testobject.TestObject(): null

2018-05-21 20:37:49 - [TEST_STEP][PASSED] - Statement - product = com.kms.katalon.core.webui.keyword.WebUiBuiltInKeywords.modifyObjectProperty(product, "xpath", "equals", "//*[@id = "fldvendor" + row + ""]", true): Modify property of object successfully

2018-05-21 20:37:49 - [MESSAGE][PASSED] - Modify property of object successfully

2018-05-21 20:37:49 - [TEST_STEP][PASSED] - selectOptionByIndex: All options with index in [1] are selected on object ''

2018-05-21 20:37:49 - [MESSAGE][PASSED] - All options with index in [1] are selected on object ''

2018-05-21 20:37:49 - [TEST_STEP][PASSED] - Statement - batch = new com.kms.katalon.core.testobject.TestObject(): null

2018-05-21 20:37:49 - [TEST_STEP][PASSED] - Statement - batch = com.kms.katalon.core.webui.keyword.WebUiBuiltInKeywords.modifyObjectProperty(batch, "xpath", "equals", "//*[@id = "txtbthqty" + row + ""]", true): Modify property of object successfully

2018-05-21 20:37:49 - [MESSAGE][PASSED] - Modify property of object successfully

2018-05-21 20:37:49 - [TEST_STEP][PASSED] - Statement - batchqty = com.kms.katalon.core.webui.keyword.WebUiBuiltInKeywords.getAttribute(batch, "value").trim(): Attribute 'value' of object '' is: '3800'

2018-05-21 20:37:49 - [MESSAGE][PASSED] - Attribute 'value' of object '' is: '3800'

2018-05-21 20:37:49 - [TEST_STEP][PASSED] - Statement - Rqty = 100: null

2018-05-21 20:37:49 - [TEST_STEP][PASSED] - delay: Delayed 2 second(s)

2018-05-21 20:37:51 - [MESSAGE][PASSED] - Delayed 2 second(s)

2018-05-21 20:37:51 - [TEST_STEP][PASSED] - Statement - out.println("BatchQty : " + batchqty): null

2018-05-21 20:37:51 - [TEST_STEP][PASSED] - Statement - out.println("RQty : " + Rqty): null

2018-05-21 20:37:51 - [TEST_STEP][PASSED] - Statement - If (java.lang.Integer.valueOf(batchqty) >= java.lang.Integer.valueOf(Rqty)): null

2018-05-21 20:37:51 - [TEST_STEP][PASSED] - Statement - Break: null

2018-05-21 20:37:51 - [TEST_STEP][PASSED] - Statement - batchlength = new com.kms.katalon.core.testobject.TestObject(): null

2018-05-21 20:37:51 - [TEST_STEP][PASSED] - Statement - batchlength = com.kms.katalon.core.webui.keyword.WebUiBuiltInKeywords.modifyObjectProperty(batchlength, "xpath", "equals", "//*[@id = "fldvendor" + row + ""]", true): Modify property of object successfully

2018-05-21 20:37:51 - [MESSAGE][PASSED] - Modify property of object successfully

2018-05-21 20:37:51 - [TEST_STEP][PASSED] - Statement - batchsize = com.kms.katalon.core.webui.keyword.WebUiBuiltInKeywords.getNumberOfTotalOption(batchlength): 6 options of object '' counted

2018-05-21 20:37:51 - [MESSAGE][PASSED] - 6 options of object '' counted

2018-05-21 20:37:51 - [TEST_STEP][PASSED] - Statement - out.println("BatchSize : " + batchsize): null

2018-05-21 20:37:51 - [TEST_STEP][PASSED] - Statement - For ([n = 1, n <= batchsize - 1, (n++)]): null

2018-05-21 20:37:51 - [TEST_STEP][PASSED] - Statement - product = new com.kms.katalon.core.testobject.TestObject(): null

2018-05-21 20:37:51 - [TEST_STEP][PASSED] - Statement - product = com.kms.katalon.core.webui.keyword.WebUiBuiltInKeywords.modifyObjectProperty(product, "xpath", "equals", "//*[@id = "fldvendor" + row + ""]", true): Modify property of object successfully

2018-05-21 20:37:51 - [MESSAGE][PASSED] - Modify property of object successfully

2018-05-21 20:37:51 - [TEST_STEP][PASSED] - selectOptionByIndex: All options with index in [1] are selected on object ''

2018-05-21 20:37:51 - [MESSAGE][PASSED] - All options with index in [1] are selected on object ''

2018-05-21 20:37:51 - [TEST_STEP][PASSED] - Statement - batch = new com.kms.katalon.core.testobject.TestObject(): null

2018-05-21 20:37:51 - [TEST_STEP][PASSED] - Statement - batch = com.kms.katalon.core.webui.keyword.WebUiBuiltInKeywords.modifyObjectProperty(batch, "xpath", "equals", "//*[@id = "txtbthqty" + row + ""]", true): Modify property of object successfully

2018-05-21 20:37:51 - [MESSAGE][PASSED] - Modify property of object successfully

2018-05-21 20:37:51 - [TEST_STEP][PASSED] - Statement - batchqty = com.kms.katalon.core.webui.keyword.WebUiBuiltInKeywords.getAttribute(batch, "value").trim(): Attribute 'value' of object '' is: '4800'

2018-05-21 20:37:51 - [MESSAGE][PASSED] - Attribute 'value' of object '' is: '4800'

2018-05-21 20:37:51 - [TEST_STEP][PASSED] - Statement - Rqty = 100: null

2018-05-21 20:37:51 - [TEST_STEP][PASSED] - delay: Delayed 2 second(s)

2018-05-21 20:37:53 - [MESSAGE][PASSED] - Delayed 2 second(s)

2018-05-21 20:37:53 - [TEST_STEP][PASSED] - Statement - out.println("BatchQty : " + batchqty): null

2018-05-21 20:37:53 - [TEST_STEP][PASSED] - Statement - out.println("RQty : " + Rqty): null

2018-05-21 20:37:53 - [TEST_STEP][PASSED] - Statement - If (java.lang.Integer.valueOf(batchqty) >= java.lang.Integer.valueOf(Rqty)): null

2018-05-21 20:37:53 - [TEST_STEP][PASSED] - Statement - Break: null

2018-05-21 20:37:53 - [TEST_STEP][PASSED] - Statement - batchlength = new com.kms.katalon.core.testobject.TestObject(): null

2018-05-21 20:37:53 - [TEST_STEP][PASSED] - Statement - batchlength = com.kms.katalon.core.webui.keyword.WebUiBuiltInKeywords.modifyObjectProperty(batchlength, "xpath", "equals", "//*[@id = "fldvendor" + row + ""]", true): Modify property of object successfully

2018-05-21 20:37:53 - [MESSAGE][PASSED] - Modify property of object successfully

2018-05-21 20:37:53 - [TEST_STEP][PASSED] - Statement - batchsize = com.kms.katalon.core.webui.keyword.WebUiBuiltInKeywords.getNumberOfTotalOption(batchlength): 6 options of object '' counted

2018-05-21 20:37:53 - [MESSAGE][PASSED] - 6 options of object '' counted

2018-05-21 20:37:53 - [TEST_STEP][PASSED] - Statement - out.println("BatchSize : " + batchsize): null

2018-05-21 20:37:53 - [TEST_STEP][PASSED] - Statement - For ([n = 1, n <= batchsize - 1, (n++)]): null

2018-05-21 20:37:53 - [TEST_STEP][PASSED] - Statement - product = new com.kms.katalon.core.testobject.TestObject(): null

2018-05-21 20:37:53 - [TEST_STEP][PASSED] - Statement - product = com.kms.katalon.core.webui.keyword.WebUiBuiltInKeywords.modifyObjectProperty(product, "xpath", "equals", "//*[@id = "fldvendor" + row + ""]", true): Modify property of object successfully

2018-05-21 20:37:53 - [MESSAGE][PASSED] - Modify property of object successfully

2018-05-21 20:37:53 - [TEST_STEP][PASSED] - selectOptionByIndex: All options with index in [1] are selected on object ''

2018-05-21 20:37:53 - [MESSAGE][PASSED] - All options with index in [1] are selected on object ''

2018-05-21 20:37:53 - [TEST_STEP][PASSED] - Statement - batch = new com.kms.katalon.core.testobject.TestObject(): null

2018-05-21 20:37:53 - [TEST_STEP][PASSED] - Statement - batch = com.kms.katalon.core.webui.keyword.WebUiBuiltInKeywords.modifyObjectProperty(batch, "xpath", "equals", "//*[@id = "txtbthqty" + row + ""]", true): Modify property of object successfully

2018-05-21 20:37:53 - [MESSAGE][PASSED] - Modify property of object successfully

2018-05-21 20:37:53 - [TEST_STEP][PASSED] - Statement - batchqty = com.kms.katalon.core.webui.keyword.WebUiBuiltInKeywords.getAttribute(batch, "value").trim(): Attribute 'value' of object '' is: '4800'

2018-05-21 20:37:53 - [MESSAGE][PASSED] - Attribute 'value' of object '' is: '4800'

2018-05-21 20:37:53 - [TEST_STEP][PASSED] - Statement - Rqty = 100: null

2018-05-21 20:37:53 - [TEST_STEP][PASSED] - delay: Delayed 2 second(s)

2018-05-21 20:37:55 - [MESSAGE][PASSED] - Delayed 2 second(s)

2018-05-21 20:37:55 - [TEST_STEP][PASSED] - Statement - out.println("BatchQty : " + batchqty): null

2018-05-21 20:37:55 - [TEST_STEP][PASSED] - Statement - out.println("RQty : " + Rqty): null

2018-05-21 20:37:55 - [TEST_STEP][PASSED] - Statement - If (java.lang.Integer.valueOf(batchqty) >= java.lang.Integer.valueOf(Rqty)): null

2018-05-21 20:37:55 - [TEST_STEP][PASSED] - Statement - Break: null

2018-05-21 20:37:55 - [TEST_STEP][PASSED] - Statement - batchlength = new com.kms.katalon.core.testobject.TestObject(): null

2018-05-21 20:37:55 - [TEST_STEP][PASSED] - Statement - batchlength = com.kms.katalon.core.webui.keyword.WebUiBuiltInKeywords.modifyObjectProperty(batchlength, "xpath", "equals", "//*[@id = "fldvendor" + row + ""]", true): Modify property of object successfully

2018-05-21 20:37:55 - [MESSAGE][PASSED] - Modify property of object successfully

2018-05-21 20:37:55 - [TEST_STEP][PASSED] - Statement - batchsize = com.kms.katalon.core.webui.keyword.WebUiBuiltInKeywords.getNumberOfTotalOption(batchlength): 6 options of object '' counted

2018-05-21 20:37:55 - [MESSAGE][PASSED] - 6 options of object '' counted

2018-05-21 20:37:55 - [TEST_STEP][PASSED] - Statement - out.println("BatchSize : " + batchsize): null

2018-05-21 20:37:55 - [TEST_STEP][PASSED] - Statement - For ([n = 1, n <= batchsize - 1, (n++)]): null

2018-05-21 20:37:55 - [TEST_STEP][PASSED] - Statement - product = new com.kms.katalon.core.testobject.TestObject(): null

2018-05-21 20:37:55 - [TEST_STEP][PASSED] - Statement - product = com.kms.katalon.core.webui.keyword.WebUiBuiltInKeywords.modifyObjectProperty(product, "xpath", "equals", "//*[@id = "fldvendor" + row + ""]", true): Modify property of object successfully

2018-05-21 20:37:55 - [MESSAGE][PASSED] - Modify property of object successfully

2018-05-21 20:37:55 - [TEST_STEP][PASSED] - selectOptionByIndex: All options with index in [1] are selected on object ''

2018-05-21 20:37:55 - [MESSAGE][PASSED] - All options with index in [1] are selected on object ''

2018-05-21 20:37:55 - [TEST_STEP][PASSED] - Statement - batch = new com.kms.katalon.core.testobject.TestObject(): null

2018-05-21 20:37:55 - [TEST_STEP][PASSED] - Statement - batch = com.kms.katalon.core.webui.keyword.WebUiBuiltInKeywords.modifyObjectProperty(batch, "xpath", "equals", "//*[@id = "txtbthqty" + row + ""]", true): Modify property of object successfully

2018-05-21 20:37:55 - [MESSAGE][PASSED] - Modify property of object successfully

2018-05-21 20:37:55 - [TEST_STEP][PASSED] - Statement - batchqty = com.kms.katalon.core.webui.keyword.WebUiBuiltInKeywords.getAttribute(batch, "value").trim(): Attribute 'value' of object '' is: '38700'

2018-05-21 20:37:55 - [MESSAGE][PASSED] - Attribute 'value' of object '' is: '38700'

2018-05-21 20:37:55 - [TEST_STEP][PASSED] - Statement - Rqty = 100: null

2018-05-21 20:37:55 - [TEST_STEP][PASSED] - delay: Delayed 2 second(s)

2018-05-21 20:37:57 - [MESSAGE][PASSED] - Delayed 2 second(s)

2018-05-21 20:37:57 - [TEST_STEP][PASSED] - Statement - out.println("BatchQty : " + batchqty): null

2018-05-21 20:37:57 - [TEST_STEP][PASSED] - Statement - out.println("RQty : " + Rqty): null

2018-05-21 20:37:57 - [TEST_STEP][PASSED] - Statement - If (java.lang.Integer.valueOf(batchqty) >= java.lang.Integer.valueOf(Rqty)): null

2018-05-21 20:37:57 - [TEST_STEP][PASSED] - Statement - Break: null

2018-05-21 20:37:57 - [TEST_STEP][PASSED] - Statement - batchlength = new com.kms.katalon.core.testobject.TestObject(): null

2018-05-21 20:37:57 - [TEST_STEP][PASSED] - Statement - batchlength = com.kms.katalon.core.webui.keyword.WebUiBuiltInKeywords.modifyObjectProperty(batchlength, "xpath", "equals", "//*[@id = "fldvendor" + row + ""]", true): Modify property of object successfully

2018-05-21 20:37:57 - [MESSAGE][PASSED] - Modify property of object successfully

2018-05-21 20:37:57 - [TEST_STEP][PASSED] - Statement - batchsize = com.kms.katalon.core.webui.keyword.WebUiBuiltInKeywords.getNumberOfTotalOption(batchlength): 6 options of object '' counted

2018-05-21 20:37:58 - [MESSAGE][PASSED] - 6 options of object '' counted

2018-05-21 20:37:58 - [TEST_STEP][PASSED] - Statement - out.println("BatchSize : " + batchsize): null

2018-05-21 20:37:58 - [TEST_STEP][PASSED] - Statement - For ([n = 1, n <= batchsize - 1, (n++)]): null

2018-05-21 20:37:58 - [TEST_STEP][PASSED] - Statement - product = new com.kms.katalon.core.testobject.TestObject(): null

2018-05-21 20:37:58 - [TEST_STEP][PASSED] - Statement - product = com.kms.katalon.core.webui.keyword.WebUiBuiltInKeywords.modifyObjectProperty(product, "xpath", "equals", "//*[@id = "fldvendor" + row + ""]", true): Modify property of object successfully

2018-05-21 20:37:58 - [MESSAGE][PASSED] - Modify property of object successfully

2018-05-21 20:37:58 - [TEST_STEP][PASSED] - selectOptionByIndex: All options with index in [1] are selected on object ''

2018-05-21 20:37:58 - [MESSAGE][PASSED] - All options with index in [1] are selected on object ''

2018-05-21 20:37:58 - [TEST_STEP][PASSED] - Statement - batch = new com.kms.katalon.core.testobject.TestObject(): null

2018-05-21 20:37:58 - [TEST_STEP][PASSED] - Statement - batch = com.kms.katalon.core.webui.keyword.WebUiBuiltInKeywords.modifyObjectProperty(batch, "xpath", "equals", "//*[@id = "txtbthqty" + row + ""]", true): Modify property of object successfully

2018-05-21 20:37:58 - [MESSAGE][PASSED] - Modify property of object successfully

2018-05-21 20:37:58 - [TEST_STEP][PASSED] - Statement - batchqty = com.kms.katalon.core.webui.keyword.WebUiBuiltInKeywords.getAttribute(batch, "value").trim(): Attribute 'value' of object '' is: '4800'

2018-05-21 20:37:58 - [MESSAGE][PASSED] - Attribute 'value' of object '' is: '4800'

2018-05-21 20:37:58 - [TEST_STEP][PASSED] - Statement - Rqty = 100: null

2018-05-21 20:37:58 - [TEST_STEP][PASSED] - delay: Delayed 2 second(s)

2018-05-21 20:38:00 - [MESSAGE][PASSED] - Delayed 2 second(s)

2018-05-21 20:38:00 - [TEST_STEP][PASSED] - Statement - out.println("BatchQty : " + batchqty): null

2018-05-21 20:38:00 - [TEST_STEP][PASSED] - Statement - out.println("RQty : " + Rqty): null

2018-05-21 20:38:00 - [TEST_STEP][PASSED] - Statement - If (java.lang.Integer.valueOf(batchqty) >= java.lang.Integer.valueOf(Rqty)): null

2018-05-21 20:38:00 - [TEST_STEP][PASSED] - Statement - Break: null

2018-05-21 20:38:00 - [TEST_STEP][PASSED] - Statement - batchlength = new com.kms.katalon.core.testobject.TestObject(): null

2018-05-21 20:38:00 - [TEST_STEP][PASSED] - Statement - batchlength = com.kms.katalon.core.webui.keyword.WebUiBuiltInKeywords.modifyObjectProperty(batchlength, "xpath", "equals", "//*[@id = "fldvendor" + row + ""]", true): Modify property of object successfully

2018-05-21 20:38:00 - [MESSAGE][PASSED] - Modify property of object successfully

2018-05-21 20:38:00 - [TEST_STEP][PASSED] - Statement - batchsize = com.kms.katalon.core.webui.keyword.WebUiBuiltInKeywords.getNumberOfTotalOption(batchlength): 6 options of object '' counted

2018-05-21 20:38:00 - [MESSAGE][PASSED] - 6 options of object '' counted

2018-05-21 20:38:00 - [TEST_STEP][PASSED] - Statement - out.println("BatchSize : " + batchsize): null

2018-05-21 20:38:00 - [TEST_STEP][PASSED] - Statement - For ([n = 1, n <= batchsize - 1, (n++)]): null

2018-05-21 20:38:00 - [TEST_STEP][PASSED] - Statement - product = new com.kms.katalon.core.testobject.TestObject(): null

2018-05-21 20:38:00 - [TEST_STEP][PASSED] - Statement - product = com.kms.katalon.core.webui.keyword.WebUiBuiltInKeywords.modifyObjectProperty(product, "xpath", "equals", "//*[@id = "fldvendor" + row + ""]", true): Modify property of object successfully

2018-05-21 20:38:00 - [MESSAGE][PASSED] - Modify property of object successfully

2018-05-21 20:38:00 - [TEST_STEP][PASSED] - selectOptionByIndex: All options with index in [1] are selected on object ''

2018-05-21 20:38:00 - [MESSAGE][PASSED] - All options with index in [1] are selected on object ''

2018-05-21 20:38:00 - [TEST_STEP][PASSED] - Statement - batch = new com.kms.katalon.core.testobject.TestObject(): null

2018-05-21 20:38:00 - [TEST_STEP][PASSED] - Statement - batch = com.kms.katalon.core.webui.keyword.WebUiBuiltInKeywords.modifyObjectProperty(batch, "xpath", "equals", "//*[@id = "txtbthqty" + row + ""]", true): Modify property of object successfully

2018-05-21 20:38:00 - [MESSAGE][PASSED] - Modify property of object successfully

2018-05-21 20:38:00 - [TEST_STEP][PASSED] - Statement - batchqty = com.kms.katalon.core.webui.keyword.WebUiBuiltInKeywords.getAttribute(batch, "value").trim(): Attribute 'value' of object '' is: '4800'

2018-05-21 20:38:00 - [MESSAGE][PASSED] - Attribute 'value' of object '' is: '4800'

2018-05-21 20:38:00 - [TEST_STEP][PASSED] - Statement - Rqty = 100: null

2018-05-21 20:38:00 - [TEST_STEP][PASSED] - delay: Delayed 2 second(s)

2018-05-21 20:38:02 - [MESSAGE][PASSED] - Delayed 2 second(s)

2018-05-21 20:38:02 - [TEST_STEP][PASSED] - Statement - out.println("BatchQty : " + batchqty): null

2018-05-21 20:38:02 - [TEST_STEP][PASSED] - Statement - out.println("RQty : " + Rqty): null

2018-05-21 20:38:02 - [TEST_STEP][PASSED] - Statement - If (java.lang.Integer.valueOf(batchqty) >= java.lang.Integer.valueOf(Rqty)): null

2018-05-21 20:38:02 - [TEST_STEP][PASSED] - Statement - Break: null

2018-05-21 20:38:02 - [TEST_STEP][PASSED] - Statement - batchlength = new com.kms.katalon.core.testobject.TestObject(): null

2018-05-21 20:38:02 - [TEST_STEP][PASSED] - Statement - batchlength = com.kms.katalon.core.webui.keyword.WebUiBuiltInKeywords.modifyObjectProperty(batchlength, "xpath", "equals", "//*[@id = "fldvendor" + row + ""]", true): Modify property of object successfully

2018-05-21 20:38:02 - [MESSAGE][PASSED] - Modify property of object successfully

2018-05-21 20:38:02 - [TEST_STEP][PASSED] - Statement - batchsize = com.kms.katalon.core.webui.keyword.WebUiBuiltInKeywords.getNumberOfTotalOption(batchlength): 6 options of object '' counted

2018-05-21 20:38:02 - [MESSAGE][PASSED] - 6 options of object '' counted

2018-05-21 20:38:02 - [TEST_STEP][PASSED] - Statement - out.println("BatchSize : " + batchsize): null

2018-05-21 20:38:02 - [TEST_STEP][PASSED] - Statement - For ([n = 1, n <= batchsize - 1, (n++)]): null

2018-05-21 20:38:02 - [TEST_STEP][PASSED] - Statement - product = new com.kms.katalon.core.testobject.TestObject(): null

2018-05-21 20:38:02 - [TEST_STEP][PASSED] - Statement - product = com.kms.katalon.core.webui.keyword.WebUiBuiltInKeywords.modifyObjectProperty(product, "xpath", "equals", "//*[@id = "fldvendor" + row + ""]", true): Modify property of object successfully

2018-05-21 20:38:02 - [MESSAGE][PASSED] - Modify property of object successfully

2018-05-21 20:38:02 - [TEST_STEP][PASSED] - selectOptionByIndex: All options with index in [1] are selected on object ''

2018-05-21 20:38:02 - [MESSAGE][PASSED] - All options with index in [1] are selected on object ''

2018-05-21 20:38:02 - [TEST_STEP][PASSED] - Statement - batch = new com.kms.katalon.core.testobject.TestObject(): null

2018-05-21 20:38:02 - [TEST_STEP][PASSED] - Statement - batch = com.kms.katalon.core.webui.keyword.WebUiBuiltInKeywords.modifyObjectProperty(batch, "xpath", "equals", "//*[@id = "txtbthqty" + row + ""]", true): Modify property of object successfully

2018-05-21 20:38:02 - [MESSAGE][PASSED] - Modify property of object successfully

2018-05-21 20:38:02 - [TEST_STEP][PASSED] - Statement - batchqty = com.kms.katalon.core.webui.keyword.WebUiBuiltInKeywords.getAttribute(batch, "value").trim(): Attribute 'value' of object '' is: '38700'

2018-05-21 20:38:02 - [MESSAGE][PASSED] - Attribute 'value' of object '' is: '38700'

2018-05-21 20:38:02 - [TEST_STEP][PASSED] - Statement - Rqty = 100: null

2018-05-21 20:38:02 - [TEST_STEP][PASSED] - delay: Delayed 2 second(s)

2018-05-21 20:38:04 - [MESSAGE][PASSED] - Delayed 2 second(s)

2018-05-21 20:38:04 - [TEST_STEP][PASSED] - Statement - out.println("BatchQty : " + batchqty): null

2018-05-21 20:38:04 - [TEST_STEP][PASSED] - Statement - out.println("RQty : " + Rqty): null

2018-05-21 20:38:04 - [TEST_STEP][PASSED] - Statement - If (java.lang.Integer.valueOf(batchqty) >= java.lang.Integer.valueOf(Rqty)): null

2018-05-21 20:38:04 - [TEST_STEP][PASSED] - Statement - Break: null

2018-05-21 20:38:04 - [TEST_STEP][PASSED] - Statement - batchlength = new com.kms.katalon.core.testobject.TestObject(): null

2018-05-21 20:38:04 - [TEST_STEP][PASSED] - Statement - batchlength = com.kms.katalon.core.webui.keyword.WebUiBuiltInKeywords.modifyObjectProperty(batchlength, "xpath", "equals", "//*[@id = "fldvendor" + row + ""]", true): Modify property of object successfully

2018-05-21 20:38:04 - [MESSAGE][PASSED] - Modify property of object successfully

2018-05-21 20:38:04 - [TEST_STEP][PASSED] - Statement - batchsize = com.kms.katalon.core.webui.keyword.WebUiBuiltInKeywords.getNumberOfTotalOption(batchlength): 6 options of object '' counted

2018-05-21 20:38:04 - [MESSAGE][PASSED] - 6 options of object '' counted

2018-05-21 20:38:04 - [TEST_STEP][PASSED] - Statement - out.println("BatchSize : " + batchsize): null

2018-05-21 20:38:04 - [TEST_STEP][PASSED] - Statement - For ([n = 1, n <= batchsize - 1, (n++)]): null

2018-05-21 20:38:04 - [TEST_STEP][PASSED] - Statement - product = new com.kms.katalon.core.testobject.TestObject(): null

2018-05-21 20:38:04 - [TEST_STEP][PASSED] - Statement - product = com.kms.katalon.core.webui.keyword.WebUiBuiltInKeywords.modifyObjectProperty(product, "xpath", "equals", "//*[@id = "fldvendor" + row + ""]", true): Modify property of object successfully

2018-05-21 20:38:04 - [MESSAGE][PASSED] - Modify property of object successfully

2018-05-21 20:38:04 - [TEST_STEP][PASSED] - selectOptionByIndex: All options with index in [1] are selected on object ''

2018-05-21 20:38:04 - [MESSAGE][PASSED] - All options with index in [1] are selected on object ''

2018-05-21 20:38:04 - [TEST_STEP][PASSED] - Statement - batch = new com.kms.katalon.core.testobject.TestObject(): null

2018-05-21 20:38:04 - [TEST_STEP][PASSED] - Statement - batch = com.kms.katalon.core.webui.keyword.WebUiBuiltInKeywords.modifyObjectProperty(batch, "xpath", "equals", "//*[@id = "txtbthqty" + row + ""]", true): Modify property of object successfully

2018-05-21 20:38:04 - [MESSAGE][PASSED] - Modify property of object successfully

2018-05-21 20:38:04 - [TEST_STEP][PASSED] - Statement - batchqty = com.kms.katalon.core.webui.keyword.WebUiBuiltInKeywords.getAttribute(batch, "value").trim(): Attribute 'value' of object '' is: '3800'

2018-05-21 20:38:04 - [MESSAGE][PASSED] - Attribute 'value' of object '' is: '3800'

2018-05-21 20:38:04 - [TEST_STEP][PASSED] - Statement - Rqty = 100: null

2018-05-21 20:38:04 - [TEST_STEP][PASSED] - delay: Delayed 2 second(s)

2018-05-21 20:38:06 - [MESSAGE][PASSED] - Delayed 2 second(s)

2018-05-21 20:38:06 - [TEST_STEP][PASSED] - Statement - out.println("BatchQty : " + batchqty): null

2018-05-21 20:38:06 - [TEST_STEP][PASSED] - Statement - out.println("RQty : " + Rqty): null

2018-05-21 20:38:06 - [TEST_STEP][PASSED] - Statement - If (java.lang.Integer.valueOf(batchqty) >= java.lang.Integer.valueOf(Rqty)): null

2018-05-21 20:38:06 - [TEST_STEP][PASSED] - Statement - Break: null

2018-05-21 20:38:06 - [TEST_STEP][PASSED] - Statement - batchlength = new com.kms.katalon.core.testobject.TestObject(): null

2018-05-21 20:38:06 - [TEST_STEP][PASSED] - Statement - batchlength = com.kms.katalon.core.webui.keyword.WebUiBuiltInKeywords.modifyObjectProperty(batchlength, "xpath", "equals", "//*[@id = "fldvendor" + row + ""]", true): Modify property of object successfully

2018-05-21 20:38:06 - [MESSAGE][PASSED] - Modify property of object successfully

2018-05-21 20:38:06 - [TEST_STEP][PASSED] - Statement - batchsize = com.kms.katalon.core.webui.keyword.WebUiBuiltInKeywords.getNumberOfTotalOption(batchlength): 6 options of object '' counted

2018-05-21 20:38:07 - [MESSAGE][PASSED] - 6 options of object '' counted

2018-05-21 20:38:07 - [TEST_STEP][PASSED] - Statement - out.println("BatchSize : " + batchsize): null

2018-05-21 20:38:07 - [TEST_STEP][PASSED] - Statement - For ([n = 1, n <= batchsize - 1, (n++)]): null

2018-05-21 20:38:07 - [TEST_STEP][PASSED] - Statement - product = new com.kms.katalon.core.testobject.TestObject(): null

2018-05-21 20:38:07 - [TEST_STEP][PASSED] - Statement - product = com.kms.katalon.core.webui.keyword.WebUiBuiltInKeywords.modifyObjectProperty(product, "xpath", "equals", "//*[@id = "fldvendor" + row + ""]", true): Modify property of object successfully

2018-05-21 20:38:07 - [MESSAGE][PASSED] - Modify property of object successfully

2018-05-21 20:38:07 - [TEST_STEP][PASSED] - selectOptionByIndex: All options with index in [1] are selected on object ''

2018-05-21 20:38:07 - [MESSAGE][PASSED] - All options with index in [1] are selected on object ''

2018-05-21 20:38:07 - [TEST_STEP][PASSED] - Statement - batch = new com.kms.katalon.core.testobject.TestObject(): null

2018-05-21 20:38:07 - [TEST_STEP][PASSED] - Statement - batch = com.kms.katalon.core.webui.keyword.WebUiBuiltInKeywords.modifyObjectProperty(batch, "xpath", "equals", "//*[@id = "txtbthqty" + row + ""]", true): Modify property of object successfully

2018-05-21 20:38:07 - [MESSAGE][PASSED] - Modify property of object successfully

2018-05-21 20:38:07 - [TEST_STEP][PASSED] - Statement - batchqty = com.kms.katalon.core.webui.keyword.WebUiBuiltInKeywords.getAttribute(batch, "value").trim(): Attribute 'value' of object '' is: '4800'

2018-05-21 20:38:07 - [MESSAGE][PASSED] - Attribute 'value' of object '' is: '4800'

2018-05-21 20:38:07 - [TEST_STEP][PASSED] - Statement - Rqty = 100: null

2018-05-21 20:38:07 - [TEST_STEP][PASSED] - delay: Delayed 2 second(s)

2018-05-21 20:38:09 - [MESSAGE][PASSED] - Delayed 2 second(s)

2018-05-21 20:38:09 - [TEST_STEP][PASSED] - Statement - out.println("BatchQty : " + batchqty): null

2018-05-21 20:38:09 - [TEST_STEP][PASSED] - Statement - out.println("RQty : " + Rqty): null

2018-05-21 20:38:09 - [TEST_STEP][PASSED] - Statement - If (java.lang.Integer.valueOf(batchqty) >= java.lang.Integer.valueOf(Rqty)): null

2018-05-21 20:38:09 - [TEST_STEP][PASSED] - Statement - Break: null

2018-05-21 20:38:09 - [TEST_STEP][PASSED] - Statement - batchlength = new com.kms.katalon.core.testobject.TestObject(): null

2018-05-21 20:38:09 - [TEST_STEP][PASSED] - Statement - batchlength = com.kms.katalon.core.webui.keyword.WebUiBuiltInKeywords.modifyObjectProperty(batchlength, "xpath", "equals", "//*[@id = "fldvendor" + row + ""]", true): Modify property of object successfully

2018-05-21 20:38:09 - [MESSAGE][PASSED] - Modify property of object successfully

2018-05-21 20:38:09 - [TEST_STEP][PASSED] - Statement - batchsize = com.kms.katalon.core.webui.keyword.WebUiBuiltInKeywords.getNumberOfTotalOption(batchlength): 6 options of object '' counted

2018-05-21 20:38:09 - [MESSAGE][PASSED] - 6 options of object '' counted

2018-05-21 20:38:09 - [TEST_STEP][PASSED] - Statement - out.println("BatchSize : " + batchsize): null

2018-05-21 20:38:09 - [TEST_STEP][PASSED] - Statement - For ([n = 1, n <= batchsize - 1, (n++)]): null

2018-05-21 20:38:09 - [TEST_STEP][PASSED] - Statement - product = new com.kms.katalon.core.testobject.TestObject(): null

2018-05-21 20:38:09 - [TEST_STEP][PASSED] - Statement - product = com.kms.katalon.core.webui.keyword.WebUiBuiltInKeywords.modifyObjectProperty(product, "xpath", "equals", "//*[@id = "fldvendor" + row + ""]", true): Modify property of object successfully

2018-05-21 20:38:09 - [MESSAGE][PASSED] - Modify property of object successfully

2018-05-21 20:38:09 - [TEST_STEP][PASSED] - selectOptionByIndex: All options with index in [1] are selected on object ''

2018-05-21 20:38:09 - [MESSAGE][PASSED] - All options with index in [1] are selected on object ''

2018-05-21 20:38:09 - [TEST_STEP][PASSED] - Statement - batch = new com.kms.katalon.core.testobject.TestObject(): null

2018-05-21 20:38:09 - [TEST_STEP][PASSED] - Statement - batch = com.kms.katalon.core.webui.keyword.WebUiBuiltInKeywords.modifyObjectProperty(batch, "xpath", "equals", "//*[@id = "txtbthqty" + row + ""]", true): Modify property of object successfully

2018-05-21 20:38:09 - [MESSAGE][PASSED] - Modify property of object successfully

2018-05-21 20:38:09 - [TEST_STEP][PASSED] - Statement - batchqty = com.kms.katalon.core.webui.keyword.WebUiBuiltInKeywords.getAttribute(batch, "value").trim(): Attribute 'value' of object '' is: '4800'

2018-05-21 20:38:09 - [MESSAGE][PASSED] - Attribute 'value' of object '' is: '4800'

2018-05-21 20:38:09 - [TEST_STEP][PASSED] - Statement - Rqty = 100: null

2018-05-21 20:38:09 - [TEST_STEP][PASSED] - delay: Delayed 2 second(s)

2018-05-21 20:38:11 - [MESSAGE][PASSED] - Delayed 2 second(s)

2018-05-21 20:38:11 - [TEST_STEP][PASSED] - Statement - out.println("BatchQty : " + batchqty): null

2018-05-21 20:38:11 - [TEST_STEP][PASSED] - Statement - out.println("RQty : " + Rqty): null

2018-05-21 20:38:11 - [TEST_STEP][PASSED] - Statement - If (java.lang.Integer.valueOf(batchqty) >= java.lang.Integer.valueOf(Rqty)): null

2018-05-21 20:38:11 - [TEST_STEP][PASSED] - Statement - Break: null

2018-05-21 20:38:11 - [TEST_STEP][PASSED] - Statement - batchlength = new com.kms.katalon.core.testobject.TestObject(): null

2018-05-21 20:38:11 - [TEST_STEP][PASSED] - Statement - batchlength = com.kms.katalon.core.webui.keyword.WebUiBuiltInKeywords.modifyObjectProperty(batchlength, "xpath", "equals", "//*[@id = "fldvendor" + row + ""]", true): Modify property of object successfully

2018-05-21 20:38:11 - [MESSAGE][PASSED] - Modify property of object successfully

2018-05-21 20:38:11 - [TEST_STEP][PASSED] - Statement - batchsize = com.kms.katalon.core.webui.keyword.WebUiBuiltInKeywords.getNumberOfTotalOption(batchlength): 6 options of object '' counted

2018-05-21 20:38:11 - [MESSAGE][PASSED] - 6 options of object '' counted

2018-05-21 20:38:11 - [TEST_STEP][PASSED] - Statement - out.println("BatchSize : " + batchsize): null

2018-05-21 20:38:11 - [TEST_STEP][PASSED] - Statement - For ([n = 1, n <= batchsize - 1, (n++)]): null

2018-05-21 20:38:11 - [TEST_STEP][PASSED] - Statement - product = new com.kms.katalon.core.testobject.TestObject(): null

2018-05-21 20:38:11 - [TEST_STEP][PASSED] - Statement - product = com.kms.katalon.core.webui.keyword.WebUiBuiltInKeywords.modifyObjectProperty(product, "xpath", "equals", "//*[@id = "fldvendor" + row + ""]", true): Modify property of object successfully

2018-05-21 20:38:11 - [MESSAGE][PASSED] - Modify property of object successfully

2018-05-21 20:38:11 - [TEST_STEP][PASSED] - selectOptionByIndex: All options with index in [1] are selected on object ''

2018-05-21 20:38:11 - [MESSAGE][PASSED] - All options with index in [1] are selected on object ''

2018-05-21 20:38:11 - [TEST_STEP][PASSED] - Statement - batch = new com.kms.katalon.core.testobject.TestObject(): null

2018-05-21 20:38:11 - [TEST_STEP][PASSED] - Statement - batch = com.kms.katalon.core.webui.keyword.WebUiBuiltInKeywords.modifyObjectProperty(batch, "xpath", "equals", "//*[@id = "txtbthqty" + row + ""]", true): Modify property of object successfully

2018-05-21 20:38:11 - [MESSAGE][PASSED] - Modify property of object successfully

2018-05-21 20:38:11 - [TEST_STEP][PASSED] - Statement - batchqty = com.kms.katalon.core.webui.keyword.WebUiBuiltInKeywords.getAttribute(batch, "value").trim(): Attribute 'value' of object '' is: '38700'

2018-05-21 20:38:11 - [MESSAGE][PASSED] - Attribute 'value' of object '' is: '38700'

2018-05-21 20:38:11 - [TEST_STEP][PASSED] - Statement - Rqty = 100: null

2018-05-21 20:38:11 - [TEST_STEP][PASSED] - delay: Delayed 2 second(s)

2018-05-21 20:38:13 - [MESSAGE][PASSED] - Delayed 2 second(s)

2018-05-21 20:38:13 - [TEST_STEP][PASSED] - Statement - out.println("BatchQty : " + batchqty): null

2018-05-21 20:38:13 - [TEST_STEP][PASSED] - Statement - out.println("RQty : " + Rqty): null

2018-05-21 20:38:13 - [TEST_STEP][PASSED] - Statement - If (java.lang.Integer.valueOf(batchqty) >= java.lang.Integer.valueOf(Rqty)): null

2018-05-21 20:38:13 - [TEST_STEP][PASSED] - Statement - Break: null

2018-05-21 20:38:13 - [TEST_STEP][PASSED] - click: Object: 'Object Repository/store Request Schedule 1/Page_KDMC - CMS/input_btndispatch' is clicked on

2018-05-21 20:38:14 - [MESSAGE][PASSED] - Object: 'Object Repository/store Request Schedule 1/Page_KDMC - CMS/input_btndispatch' is clicked on

2018-05-21 20:38:14 - [TEST_STEP][PASSED] - delay: Delayed 3 second(s)

2018-05-21 20:38:17 - [MESSAGE][PASSED] - Delayed 3 second(s)

2018-05-21 20:38:17 - [TEST_STEP][PASSED] - click: Object: 'Object Repository/store Request Schedule 1/Page_KDMC - CMS/button_OK' is clicked on

2018-05-21 20:38:17 - [MESSAGE][PASSED] - Object: 'Object Repository/store Request Schedule 1/Page_KDMC - CMS/button_OK' is clicked on

2018-05-21 20:38:17 - [TEST_STEP][PASSED] - delay: Delayed 3 second(s)

2018-05-21 20:38:20 - [MESSAGE][PASSED] - Delayed 3 second(s)

2018-05-21 20:38:20 - [TEST_STEP][PASSED] - click: Object: 'Object Repository/store Request Schedule 1/Page_KDMC - CMS/a_dropdown-toggle' is clicked on

2018-05-21 20:38:20 - [MESSAGE][PASSED] - Object: 'Object Repository/store Request Schedule 1/Page_KDMC - CMS/a_dropdown-toggle' is clicked on

2018-05-21 20:38:20 - [TEST_STEP][PASSED] - click: Object: 'Object Repository/store Request Schedule 1/Page_KDMC - CMS/a_Sign out' is clicked on

2018-05-21 20:38:21 - [MESSAGE][PASSED] - Object: 'Object Repository/store Request Schedule 1/Page_KDMC - CMS/a_Sign out' is clicked on

2018-05-21 20:38:21 - [TEST_STEP][PASSED] - delay: Delayed 3 second(s)

2018-05-21 20:38:24 - [MESSAGE][PASSED] - Delayed 3 second(s)

2018-05-21 20:38:24 - [TEST_STEP][PASSED] - click: Object: 'Object Repository/Store Request Schedule 1/Page_KDMC/a_Divisional Store' is clicked on

2018-05-21 20:38:24 - [MESSAGE][PASSED] - Object: 'Object Repository/Store Request Schedule 1/Page_KDMC/a_Divisional Store' is clicked on

2018-05-21 20:38:24 - [TEST_STEP][PASSED] - setText: Text 'ragu' is set on object 'Object Repository/Store Request Schedule 1/Page_Divisonal Store Login/input_txtusername'

2018-05-21 20:38:24 - [MESSAGE][PASSED] - Text 'ragu' is set on object 'Object Repository/Store Request Schedule 1/Page_Divisonal Store Login/input_txtusername'

2018-05-21 20:38:24 - [TEST_STEP][PASSED] - setText: Text '123' is set on object 'Object Repository/Store Request Schedule 1/Page_Divisonal Store Login/input_txtpassword'

2018-05-21 20:38:24 - [MESSAGE][PASSED] - Text '123' is set on object 'Object Repository/Store Request Schedule 1/Page_Divisonal Store Login/input_txtpassword'

2018-05-21 20:38:24 - [TEST_STEP][PASSED] - delay: Delayed 3 second(s)

2018-05-21 20:38:27 - [MESSAGE][PASSED] - Delayed 3 second(s)

2018-05-21 20:38:27 - [TEST_STEP][PASSED] - click: Object: 'Object Repository/Store Request Schedule 1/Page_Divisonal Store Login/button_Sign in' is clicked on

2018-05-21 20:38:29 - [MESSAGE][PASSED] - Object: 'Object Repository/Store Request Schedule 1/Page_Divisonal Store Login/button_Sign in' is clicked on

2018-05-21 20:38:29 - [TEST_STEP][PASSED] - delay: Delayed 3 second(s)

2018-05-21 20:38:32 - [MESSAGE][PASSED] - Delayed 3 second(s)

2018-05-21 20:38:32 - [TEST_STEP][PASSED] - click: Object: 'Object Repository/Store Request Schedule 1/Page_Store/a_CMS' is clicked on

2018-05-21 20:38:32 - [MESSAGE][PASSED] - Object: 'Object Repository/Store Request Schedule 1/Page_Store/a_CMS' is clicked on

2018-05-21 20:38:32 - [TEST_STEP][PASSED] - delay: Delayed 2 second(s)

2018-05-21 20:38:34 - [MESSAGE][PASSED] - Delayed 2 second(s)

2018-05-21 20:38:34 - [TEST_STEP][PASSED] - click: Object: 'Object Repository/Store Request Schedule 1/Page_Store/a_Receiving Goods' is clicked on

2018-05-21 20:38:35 - [MESSAGE][PASSED] - Object: 'Object Repository/Store Request Schedule 1/Page_Store/a_Receiving Goods' is clicked on

2018-05-21 20:38:35 - [TEST_STEP][PASSED] - setText: Text 'PRNO/21052018/330' is set on object 'Object Repository/Store Request Schedule 1/Page_Store/input'

2018-05-21 20:38:35 - [MESSAGE][PASSED] - Text 'PRNO/21052018/330' is set on object 'Object Repository/Store Request Schedule 1/Page_Store/input'

2018-05-21 20:38:35 - [TEST_STEP][PASSED] - click: Object: 'Object Repository/Store Request Schedule 1/Page_Store/input_btn btn-primary' is clicked on

2018-05-21 20:38:35 - [MESSAGE][PASSED] - Object: 'Object Repository/Store Request Schedule 1/Page_Store/input_btn btn-primary' is clicked on

2018-05-21 20:38:35 - [TEST_STEP][PASSED] - delay: Delayed 2 second(s)

2018-05-21 20:38:37 - [MESSAGE][PASSED] - Delayed 2 second(s)

2018-05-21 20:38:37 - [TEST_STEP][PASSED] - click: Object: 'Object Repository/Store Request Schedule 1/Page_Store/input_chkrem' is clicked on

2018-05-21 20:38:37 - [MESSAGE][PASSED] - Object: 'Object Repository/Store Request Schedule 1/Page_Store/input_chkrem' is clicked on

2018-05-21 20:38:37 - [TEST_STEP][PASSED] - scrollToElement: Scroll to object 'Object Repository/Store Request Schedule 1/Page_Store/input_btchkroqadd' successfully

2018-05-21 20:38:37 - [MESSAGE][PASSED] - Scroll to object 'Object Repository/Store Request Schedule 1/Page_Store/input_btchkroqadd' successfully

2018-05-21 20:38:37 - [TEST_STEP][PASSED] - click: Object: 'Object Repository/Store Request Schedule 1/Page_Store/input_btchkroqadd' is clicked on

2018-05-21 20:38:37 - [MESSAGE][PASSED] - Object: 'Object Repository/Store Request Schedule 1/Page_Store/input_btchkroqadd' is clicked on

2018-05-21 20:38:37 - [TEST_STEP][PASSED] - delay: Delayed 2 second(s)

2018-05-21 20:38:39 - [MESSAGE][PASSED] - Delayed 2 second(s)

2018-05-21 20:38:39 - [TEST_STEP][PASSED] - refresh: Refresh successfully

2018-05-21 20:38:40 - [MESSAGE][PASSED] - Refresh successfully

2018-05-21 20:38:40 - [TEST_STEP][PASSED] - delay: Delayed 3 second(s)

2018-05-21 20:38:43 - [MESSAGE][PASSED] - Delayed 3 second(s)

2018-05-21 20:38:43 - [TEST_STEP][PASSED] - click: Object: 'Object Repository/Store Request Schedule 1/Page_Store/a_dropdown-toggle' is clicked on

2018-05-21 20:38:43 - [MESSAGE][PASSED] - Object: 'Object Repository/Store Request Schedule 1/Page_Store/a_dropdown-toggle' is clicked on

2018-05-21 20:38:43 - [TEST_STEP][PASSED] - click: Object: 'Object Repository/Store Request Schedule 1/Page_Store/a_Sign out' is clicked on

2018-05-21 20:38:43 - [MESSAGE][PASSED] - Object: 'Object Repository/Store Request Schedule 1/Page_Store/a_Sign out' is clicked on

2018-05-21 20:38:43 - [TEST_STEP][PASSED] - closeBrowser: Browser is closed

2018-05-21 20:38:44 - [MESSAGE][PASSED] - Browser is closed

2018-05-21 20:38:44 - [TEST_STEP][PASSED] - Statement - out.println("Schedule 3 Store Request Are Working Successfully"): null]]></system-out>
         <system-err><![CDATA[]]></system-err>
      </testcase>
      <testcase name="Test Cases/STORE TO CMS REQUEST TEST CASES/TC_STCMS_004 To Verify Schedule 4 Store To CMS Request Are Working Successfully Or Not" classname="Test Cases/STORE TO CMS REQUEST TEST CASES/TC_STCMS_004 To Verify Schedule 4 Store To CMS Request Are Working Successfully Or Not" status="PASSED">
         <system-out><![CDATA[2018-05-21 20:38:44 - [TEST_CASE][PASSED] - Test Cases/STORE TO CMS REQUEST TEST CASES/TC_STCMS_004 To Verify Schedule 4 Store To CMS Request Are Working Successfully Or Not: Test Cases/STORE TO CMS REQUEST TEST CASES/TC_STCMS_004 To Verify Schedule 4 Store To CMS Request Are Working Successfully Or Not

2018-05-21 20:38:44 - [TEST_STEP][PASSED] - openBrowser: Browser is opened with url: ''

2018-05-21 20:38:46 - [MESSAGE][PASSED] - Browser is opened with url: ''

2018-05-21 20:38:46 - [TEST_STEP][PASSED] - Statement - out.println("Verify Schedule 4 STORE Request Are Working Successfully Or Not"): null

2018-05-21 20:38:46 - [TEST_STEP][PASSED] - navigateToUrl: Navigate to 'http://192.168.137.1/multihospital_new/' successfully

2018-05-21 20:38:48 - [MESSAGE][PASSED] - Navigate to 'http://192.168.137.1/multihospital_new/' successfully

2018-05-21 20:38:48 - [TEST_STEP][PASSED] - maximizeWindow: Current window maximized

2018-05-21 20:38:49 - [MESSAGE][PASSED] - Current window maximized

2018-05-21 20:38:49 - [TEST_STEP][PASSED] - click: Object: 'Object Repository/Store Request Schedule 1/Page_KDMC/a_Divisional Store' is clicked on

2018-05-21 20:38:50 - [MESSAGE][PASSED] - Object: 'Object Repository/Store Request Schedule 1/Page_KDMC/a_Divisional Store' is clicked on

2018-05-21 20:38:50 - [TEST_STEP][PASSED] - setText: Text 'ragu' is set on object 'Object Repository/Store Request Schedule 1/Page_Divisonal Store Login/input_txtusername'

2018-05-21 20:38:50 - [MESSAGE][PASSED] - Text 'ragu' is set on object 'Object Repository/Store Request Schedule 1/Page_Divisonal Store Login/input_txtusername'

2018-05-21 20:38:50 - [TEST_STEP][PASSED] - setText: Text '123' is set on object 'Object Repository/Store Request Schedule 1/Page_Divisonal Store Login/input_txtpassword'

2018-05-21 20:38:50 - [MESSAGE][PASSED] - Text '123' is set on object 'Object Repository/Store Request Schedule 1/Page_Divisonal Store Login/input_txtpassword'

2018-05-21 20:38:50 - [TEST_STEP][PASSED] - delay: Delayed 3 second(s)

2018-05-21 20:38:53 - [MESSAGE][PASSED] - Delayed 3 second(s)

2018-05-21 20:38:53 - [TEST_STEP][PASSED] - click: Object: 'Object Repository/Store Request Schedule 1/Page_Divisonal Store Login/button_Sign in' is clicked on

2018-05-21 20:38:55 - [MESSAGE][PASSED] - Object: 'Object Repository/Store Request Schedule 1/Page_Divisonal Store Login/button_Sign in' is clicked on

2018-05-21 20:38:55 - [TEST_STEP][PASSED] - delay: Delayed 3 second(s)

2018-05-21 20:38:58 - [MESSAGE][PASSED] - Delayed 3 second(s)

2018-05-21 20:38:58 - [TEST_STEP][PASSED] - click: Object: 'Object Repository/Store Request Schedule 1/Page_Store/a_CMS' is clicked on

2018-05-21 20:38:58 - [MESSAGE][PASSED] - Object: 'Object Repository/Store Request Schedule 1/Page_Store/a_CMS' is clicked on

2018-05-21 20:38:58 - [TEST_STEP][PASSED] - delay: Delayed 2 second(s)

2018-05-21 20:39:00 - [MESSAGE][PASSED] - Delayed 2 second(s)

2018-05-21 20:39:00 - [TEST_STEP][PASSED] - click: Object: 'Object Repository/Store Request Schedule 1/Page_Store/a_Request Send' is clicked on

2018-05-21 20:39:01 - [MESSAGE][PASSED] - Object: 'Object Repository/Store Request Schedule 1/Page_Store/a_Request Send' is clicked on

2018-05-21 20:39:01 - [TEST_STEP][PASSED] - selectOptionByIndex: All options with index in [1] are selected on object 'Object Repository/Store Request Schedule 1/Page_Store/select_--Select--'

2018-05-21 20:39:01 - [MESSAGE][PASSED] - All options with index in [1] are selected on object 'Object Repository/Store Request Schedule 1/Page_Store/select_--Select--'

2018-05-21 20:39:01 - [TEST_STEP][PASSED] - selectOptionByIndex: All options with index in [4] are selected on object 'Object Repository/Store Request Schedule 1/Page_Store/select_--Select--Schedule 1Inj'

2018-05-21 20:39:01 - [MESSAGE][PASSED] - All options with index in [4] are selected on object 'Object Repository/Store Request Schedule 1/Page_Store/select_--Select--Schedule 1Inj'

2018-05-21 20:39:01 - [TEST_STEP][PASSED] - Statement - SelectedOptions = com.kms.katalon.core.webui.keyword.WebUiBuiltInKeywords.getNumberOfTotalOption(com.kms.katalon.core.testobject.ObjectRepository.findTestObject(Store Request Schedule 1/Page_Store/select_--Select--Adernaline 0.)): 16 options of object 'Object Repository/Store Request Schedule 1/Page_Store/select_--Select--Adernaline 0.' counted

2018-05-21 20:39:01 - [MESSAGE][PASSED] - 16 options of object 'Object Repository/Store Request Schedule 1/Page_Store/select_--Select--Adernaline 0.' counted

2018-05-21 20:39:01 - [TEST_STEP][PASSED] - Statement - For ([y = 1, y < SelectedOptions, (y++)]): Object: 'Object Repository/Store Request Schedule 1/Page_Store/button_Add' is clicked on

2018-05-21 20:39:01 - [TEST_STEP][PASSED] - selectOptionByIndex: All options with index in [4] are selected on object 'Object Repository/Store Request Schedule 1/Page_Store/select_--Select--Schedule 1Inj'

2018-05-21 20:39:01 - [MESSAGE][PASSED] - All options with index in [4] are selected on object 'Object Repository/Store Request Schedule 1/Page_Store/select_--Select--Schedule 1Inj'

2018-05-21 20:39:01 - [TEST_STEP][PASSED] - delay: Delayed 1 second(s)

2018-05-21 20:39:02 - [MESSAGE][PASSED] - Delayed 1 second(s)

2018-05-21 20:39:02 - [TEST_STEP][PASSED] - selectOptionByIndex: All options with index in [1] are selected on object 'Object Repository/Store Request Schedule 1/Page_Store/select_--Select--Adernaline 0.'

2018-05-21 20:39:03 - [MESSAGE][PASSED] - All options with index in [1] are selected on object 'Object Repository/Store Request Schedule 1/Page_Store/select_--Select--Adernaline 0.'

2018-05-21 20:39:03 - [TEST_STEP][PASSED] - setText: Text '100' is set on object 'Object Repository/Store Request Schedule 1/Page_Store/input_txttreat'

2018-05-21 20:39:03 - [MESSAGE][PASSED] - Text '100' is set on object 'Object Repository/Store Request Schedule 1/Page_Store/input_txttreat'

2018-05-21 20:39:03 - [TEST_STEP][PASSED] - click: Object: 'Object Repository/Store Request Schedule 1/Page_Store/button_Add' is clicked on

2018-05-21 20:39:03 - [MESSAGE][PASSED] - Object: 'Object Repository/Store Request Schedule 1/Page_Store/button_Add' is clicked on

2018-05-21 20:39:03 - [TEST_STEP][PASSED] - selectOptionByIndex: All options with index in [4] are selected on object 'Object Repository/Store Request Schedule 1/Page_Store/select_--Select--Schedule 1Inj'

2018-05-21 20:39:03 - [MESSAGE][PASSED] - All options with index in [4] are selected on object 'Object Repository/Store Request Schedule 1/Page_Store/select_--Select--Schedule 1Inj'

2018-05-21 20:39:03 - [TEST_STEP][PASSED] - delay: Delayed 1 second(s)

2018-05-21 20:39:04 - [MESSAGE][PASSED] - Delayed 1 second(s)

2018-05-21 20:39:04 - [TEST_STEP][PASSED] - selectOptionByIndex: All options with index in [2] are selected on object 'Object Repository/Store Request Schedule 1/Page_Store/select_--Select--Adernaline 0.'

2018-05-21 20:39:04 - [MESSAGE][PASSED] - All options with index in [2] are selected on object 'Object Repository/Store Request Schedule 1/Page_Store/select_--Select--Adernaline 0.'

2018-05-21 20:39:04 - [TEST_STEP][PASSED] - setText: Text '100' is set on object 'Object Repository/Store Request Schedule 1/Page_Store/input_txttreat'

2018-05-21 20:39:04 - [MESSAGE][PASSED] - Text '100' is set on object 'Object Repository/Store Request Schedule 1/Page_Store/input_txttreat'

2018-05-21 20:39:04 - [TEST_STEP][PASSED] - click: Object: 'Object Repository/Store Request Schedule 1/Page_Store/button_Add' is clicked on

2018-05-21 20:39:04 - [MESSAGE][PASSED] - Object: 'Object Repository/Store Request Schedule 1/Page_Store/button_Add' is clicked on

2018-05-21 20:39:04 - [TEST_STEP][PASSED] - selectOptionByIndex: All options with index in [4] are selected on object 'Object Repository/Store Request Schedule 1/Page_Store/select_--Select--Schedule 1Inj'

2018-05-21 20:39:04 - [MESSAGE][PASSED] - All options with index in [4] are selected on object 'Object Repository/Store Request Schedule 1/Page_Store/select_--Select--Schedule 1Inj'

2018-05-21 20:39:04 - [TEST_STEP][PASSED] - delay: Delayed 1 second(s)

2018-05-21 20:39:05 - [MESSAGE][PASSED] - Delayed 1 second(s)

2018-05-21 20:39:05 - [TEST_STEP][PASSED] - selectOptionByIndex: All options with index in [3] are selected on object 'Object Repository/Store Request Schedule 1/Page_Store/select_--Select--Adernaline 0.'

2018-05-21 20:39:06 - [MESSAGE][PASSED] - All options with index in [3] are selected on object 'Object Repository/Store Request Schedule 1/Page_Store/select_--Select--Adernaline 0.'

2018-05-21 20:39:06 - [TEST_STEP][PASSED] - setText: Text '100' is set on object 'Object Repository/Store Request Schedule 1/Page_Store/input_txttreat'

2018-05-21 20:39:06 - [MESSAGE][PASSED] - Text '100' is set on object 'Object Repository/Store Request Schedule 1/Page_Store/input_txttreat'

2018-05-21 20:39:06 - [TEST_STEP][PASSED] - click: Object: 'Object Repository/Store Request Schedule 1/Page_Store/button_Add' is clicked on

2018-05-21 20:39:06 - [MESSAGE][PASSED] - Object: 'Object Repository/Store Request Schedule 1/Page_Store/button_Add' is clicked on

2018-05-21 20:39:06 - [TEST_STEP][PASSED] - selectOptionByIndex: All options with index in [4] are selected on object 'Object Repository/Store Request Schedule 1/Page_Store/select_--Select--Schedule 1Inj'

2018-05-21 20:39:06 - [MESSAGE][PASSED] - All options with index in [4] are selected on object 'Object Repository/Store Request Schedule 1/Page_Store/select_--Select--Schedule 1Inj'

2018-05-21 20:39:06 - [TEST_STEP][PASSED] - delay: Delayed 1 second(s)

2018-05-21 20:39:07 - [MESSAGE][PASSED] - Delayed 1 second(s)

2018-05-21 20:39:07 - [TEST_STEP][PASSED] - selectOptionByIndex: All options with index in [4] are selected on object 'Object Repository/Store Request Schedule 1/Page_Store/select_--Select--Adernaline 0.'

2018-05-21 20:39:07 - [MESSAGE][PASSED] - All options with index in [4] are selected on object 'Object Repository/Store Request Schedule 1/Page_Store/select_--Select--Adernaline 0.'

2018-05-21 20:39:07 - [TEST_STEP][PASSED] - setText: Text '100' is set on object 'Object Repository/Store Request Schedule 1/Page_Store/input_txttreat'

2018-05-21 20:39:07 - [MESSAGE][PASSED] - Text '100' is set on object 'Object Repository/Store Request Schedule 1/Page_Store/input_txttreat'

2018-05-21 20:39:07 - [TEST_STEP][PASSED] - click: Object: 'Object Repository/Store Request Schedule 1/Page_Store/button_Add' is clicked on

2018-05-21 20:39:07 - [MESSAGE][PASSED] - Object: 'Object Repository/Store Request Schedule 1/Page_Store/button_Add' is clicked on

2018-05-21 20:39:07 - [TEST_STEP][PASSED] - selectOptionByIndex: All options with index in [4] are selected on object 'Object Repository/Store Request Schedule 1/Page_Store/select_--Select--Schedule 1Inj'

2018-05-21 20:39:07 - [MESSAGE][PASSED] - All options with index in [4] are selected on object 'Object Repository/Store Request Schedule 1/Page_Store/select_--Select--Schedule 1Inj'

2018-05-21 20:39:07 - [TEST_STEP][PASSED] - delay: Delayed 1 second(s)

2018-05-21 20:39:08 - [MESSAGE][PASSED] - Delayed 1 second(s)

2018-05-21 20:39:08 - [TEST_STEP][PASSED] - selectOptionByIndex: All options with index in [5] are selected on object 'Object Repository/Store Request Schedule 1/Page_Store/select_--Select--Adernaline 0.'

2018-05-21 20:39:08 - [MESSAGE][PASSED] - All options with index in [5] are selected on object 'Object Repository/Store Request Schedule 1/Page_Store/select_--Select--Adernaline 0.'

2018-05-21 20:39:08 - [TEST_STEP][PASSED] - setText: Text '100' is set on object 'Object Repository/Store Request Schedule 1/Page_Store/input_txttreat'

2018-05-21 20:39:08 - [MESSAGE][PASSED] - Text '100' is set on object 'Object Repository/Store Request Schedule 1/Page_Store/input_txttreat'

2018-05-21 20:39:08 - [TEST_STEP][PASSED] - click: Object: 'Object Repository/Store Request Schedule 1/Page_Store/button_Add' is clicked on

2018-05-21 20:39:08 - [MESSAGE][PASSED] - Object: 'Object Repository/Store Request Schedule 1/Page_Store/button_Add' is clicked on

2018-05-21 20:39:08 - [TEST_STEP][PASSED] - selectOptionByIndex: All options with index in [4] are selected on object 'Object Repository/Store Request Schedule 1/Page_Store/select_--Select--Schedule 1Inj'

2018-05-21 20:39:09 - [MESSAGE][PASSED] - All options with index in [4] are selected on object 'Object Repository/Store Request Schedule 1/Page_Store/select_--Select--Schedule 1Inj'

2018-05-21 20:39:09 - [TEST_STEP][PASSED] - delay: Delayed 1 second(s)

2018-05-21 20:39:10 - [MESSAGE][PASSED] - Delayed 1 second(s)

2018-05-21 20:39:10 - [TEST_STEP][PASSED] - selectOptionByIndex: All options with index in [6] are selected on object 'Object Repository/Store Request Schedule 1/Page_Store/select_--Select--Adernaline 0.'

2018-05-21 20:39:10 - [MESSAGE][PASSED] - All options with index in [6] are selected on object 'Object Repository/Store Request Schedule 1/Page_Store/select_--Select--Adernaline 0.'

2018-05-21 20:39:10 - [TEST_STEP][PASSED] - setText: Text '100' is set on object 'Object Repository/Store Request Schedule 1/Page_Store/input_txttreat'

2018-05-21 20:39:10 - [MESSAGE][PASSED] - Text '100' is set on object 'Object Repository/Store Request Schedule 1/Page_Store/input_txttreat'

2018-05-21 20:39:10 - [TEST_STEP][PASSED] - click: Object: 'Object Repository/Store Request Schedule 1/Page_Store/button_Add' is clicked on

2018-05-21 20:39:10 - [MESSAGE][PASSED] - Object: 'Object Repository/Store Request Schedule 1/Page_Store/button_Add' is clicked on

2018-05-21 20:39:10 - [TEST_STEP][PASSED] - selectOptionByIndex: All options with index in [4] are selected on object 'Object Repository/Store Request Schedule 1/Page_Store/select_--Select--Schedule 1Inj'

2018-05-21 20:39:10 - [MESSAGE][PASSED] - All options with index in [4] are selected on object 'Object Repository/Store Request Schedule 1/Page_Store/select_--Select--Schedule 1Inj'

2018-05-21 20:39:10 - [TEST_STEP][PASSED] - delay: Delayed 1 second(s)

2018-05-21 20:39:11 - [MESSAGE][PASSED] - Delayed 1 second(s)

2018-05-21 20:39:11 - [TEST_STEP][PASSED] - selectOptionByIndex: All options with index in [7] are selected on object 'Object Repository/Store Request Schedule 1/Page_Store/select_--Select--Adernaline 0.'

2018-05-21 20:39:11 - [MESSAGE][PASSED] - All options with index in [7] are selected on object 'Object Repository/Store Request Schedule 1/Page_Store/select_--Select--Adernaline 0.'

2018-05-21 20:39:11 - [TEST_STEP][PASSED] - setText: Text '100' is set on object 'Object Repository/Store Request Schedule 1/Page_Store/input_txttreat'

2018-05-21 20:39:11 - [MESSAGE][PASSED] - Text '100' is set on object 'Object Repository/Store Request Schedule 1/Page_Store/input_txttreat'

2018-05-21 20:39:11 - [TEST_STEP][PASSED] - click: Object: 'Object Repository/Store Request Schedule 1/Page_Store/button_Add' is clicked on

2018-05-21 20:39:11 - [MESSAGE][PASSED] - Object: 'Object Repository/Store Request Schedule 1/Page_Store/button_Add' is clicked on

2018-05-21 20:39:11 - [TEST_STEP][PASSED] - selectOptionByIndex: All options with index in [4] are selected on object 'Object Repository/Store Request Schedule 1/Page_Store/select_--Select--Schedule 1Inj'

2018-05-21 20:39:11 - [MESSAGE][PASSED] - All options with index in [4] are selected on object 'Object Repository/Store Request Schedule 1/Page_Store/select_--Select--Schedule 1Inj'

2018-05-21 20:39:11 - [TEST_STEP][PASSED] - delay: Delayed 1 second(s)

2018-05-21 20:39:12 - [MESSAGE][PASSED] - Delayed 1 second(s)

2018-05-21 20:39:12 - [TEST_STEP][PASSED] - selectOptionByIndex: All options with index in [8] are selected on object 'Object Repository/Store Request Schedule 1/Page_Store/select_--Select--Adernaline 0.'

2018-05-21 20:39:13 - [MESSAGE][PASSED] - All options with index in [8] are selected on object 'Object Repository/Store Request Schedule 1/Page_Store/select_--Select--Adernaline 0.'

2018-05-21 20:39:13 - [TEST_STEP][PASSED] - setText: Text '100' is set on object 'Object Repository/Store Request Schedule 1/Page_Store/input_txttreat'

2018-05-21 20:39:13 - [MESSAGE][PASSED] - Text '100' is set on object 'Object Repository/Store Request Schedule 1/Page_Store/input_txttreat'

2018-05-21 20:39:13 - [TEST_STEP][PASSED] - click: Object: 'Object Repository/Store Request Schedule 1/Page_Store/button_Add' is clicked on

2018-05-21 20:39:13 - [MESSAGE][PASSED] - Object: 'Object Repository/Store Request Schedule 1/Page_Store/button_Add' is clicked on

2018-05-21 20:39:13 - [TEST_STEP][PASSED] - selectOptionByIndex: All options with index in [4] are selected on object 'Object Repository/Store Request Schedule 1/Page_Store/select_--Select--Schedule 1Inj'

2018-05-21 20:39:13 - [MESSAGE][PASSED] - All options with index in [4] are selected on object 'Object Repository/Store Request Schedule 1/Page_Store/select_--Select--Schedule 1Inj'

2018-05-21 20:39:13 - [TEST_STEP][PASSED] - delay: Delayed 1 second(s)

2018-05-21 20:39:14 - [MESSAGE][PASSED] - Delayed 1 second(s)

2018-05-21 20:39:14 - [TEST_STEP][PASSED] - selectOptionByIndex: All options with index in [9] are selected on object 'Object Repository/Store Request Schedule 1/Page_Store/select_--Select--Adernaline 0.'

2018-05-21 20:39:14 - [MESSAGE][PASSED] - All options with index in [9] are selected on object 'Object Repository/Store Request Schedule 1/Page_Store/select_--Select--Adernaline 0.'

2018-05-21 20:39:14 - [TEST_STEP][PASSED] - setText: Text '100' is set on object 'Object Repository/Store Request Schedule 1/Page_Store/input_txttreat'

2018-05-21 20:39:14 - [MESSAGE][PASSED] - Text '100' is set on object 'Object Repository/Store Request Schedule 1/Page_Store/input_txttreat'

2018-05-21 20:39:14 - [TEST_STEP][PASSED] - click: Object: 'Object Repository/Store Request Schedule 1/Page_Store/button_Add' is clicked on

2018-05-21 20:39:14 - [MESSAGE][PASSED] - Object: 'Object Repository/Store Request Schedule 1/Page_Store/button_Add' is clicked on

2018-05-21 20:39:14 - [TEST_STEP][PASSED] - selectOptionByIndex: All options with index in [4] are selected on object 'Object Repository/Store Request Schedule 1/Page_Store/select_--Select--Schedule 1Inj'

2018-05-21 20:39:14 - [MESSAGE][PASSED] - All options with index in [4] are selected on object 'Object Repository/Store Request Schedule 1/Page_Store/select_--Select--Schedule 1Inj'

2018-05-21 20:39:14 - [TEST_STEP][PASSED] - delay: Delayed 1 second(s)

2018-05-21 20:39:15 - [MESSAGE][PASSED] - Delayed 1 second(s)

2018-05-21 20:39:15 - [TEST_STEP][PASSED] - selectOptionByIndex: All options with index in [10] are selected on object 'Object Repository/Store Request Schedule 1/Page_Store/select_--Select--Adernaline 0.'

2018-05-21 20:39:16 - [MESSAGE][PASSED] - All options with index in [10] are selected on object 'Object Repository/Store Request Schedule 1/Page_Store/select_--Select--Adernaline 0.'

2018-05-21 20:39:16 - [TEST_STEP][PASSED] - setText: Text '100' is set on object 'Object Repository/Store Request Schedule 1/Page_Store/input_txttreat'

2018-05-21 20:39:16 - [MESSAGE][PASSED] - Text '100' is set on object 'Object Repository/Store Request Schedule 1/Page_Store/input_txttreat'

2018-05-21 20:39:16 - [TEST_STEP][PASSED] - click: Object: 'Object Repository/Store Request Schedule 1/Page_Store/button_Add' is clicked on

2018-05-21 20:39:16 - [MESSAGE][PASSED] - Object: 'Object Repository/Store Request Schedule 1/Page_Store/button_Add' is clicked on

2018-05-21 20:39:16 - [TEST_STEP][PASSED] - selectOptionByIndex: All options with index in [4] are selected on object 'Object Repository/Store Request Schedule 1/Page_Store/select_--Select--Schedule 1Inj'

2018-05-21 20:39:16 - [MESSAGE][PASSED] - All options with index in [4] are selected on object 'Object Repository/Store Request Schedule 1/Page_Store/select_--Select--Schedule 1Inj'

2018-05-21 20:39:16 - [TEST_STEP][PASSED] - delay: Delayed 1 second(s)

2018-05-21 20:39:17 - [MESSAGE][PASSED] - Delayed 1 second(s)

2018-05-21 20:39:17 - [TEST_STEP][PASSED] - selectOptionByIndex: All options with index in [11] are selected on object 'Object Repository/Store Request Schedule 1/Page_Store/select_--Select--Adernaline 0.'

2018-05-21 20:39:17 - [MESSAGE][PASSED] - All options with index in [11] are selected on object 'Object Repository/Store Request Schedule 1/Page_Store/select_--Select--Adernaline 0.'

2018-05-21 20:39:17 - [TEST_STEP][PASSED] - setText: Text '100' is set on object 'Object Repository/Store Request Schedule 1/Page_Store/input_txttreat'

2018-05-21 20:39:17 - [MESSAGE][PASSED] - Text '100' is set on object 'Object Repository/Store Request Schedule 1/Page_Store/input_txttreat'

2018-05-21 20:39:17 - [TEST_STEP][PASSED] - click: Object: 'Object Repository/Store Request Schedule 1/Page_Store/button_Add' is clicked on

2018-05-21 20:39:17 - [MESSAGE][PASSED] - Object: 'Object Repository/Store Request Schedule 1/Page_Store/button_Add' is clicked on

2018-05-21 20:39:17 - [TEST_STEP][PASSED] - selectOptionByIndex: All options with index in [4] are selected on object 'Object Repository/Store Request Schedule 1/Page_Store/select_--Select--Schedule 1Inj'

2018-05-21 20:39:17 - [MESSAGE][PASSED] - All options with index in [4] are selected on object 'Object Repository/Store Request Schedule 1/Page_Store/select_--Select--Schedule 1Inj'

2018-05-21 20:39:17 - [TEST_STEP][PASSED] - delay: Delayed 1 second(s)

2018-05-21 20:39:18 - [MESSAGE][PASSED] - Delayed 1 second(s)

2018-05-21 20:39:18 - [TEST_STEP][PASSED] - selectOptionByIndex: All options with index in [12] are selected on object 'Object Repository/Store Request Schedule 1/Page_Store/select_--Select--Adernaline 0.'

2018-05-21 20:39:19 - [MESSAGE][PASSED] - All options with index in [12] are selected on object 'Object Repository/Store Request Schedule 1/Page_Store/select_--Select--Adernaline 0.'

2018-05-21 20:39:19 - [TEST_STEP][PASSED] - setText: Text '100' is set on object 'Object Repository/Store Request Schedule 1/Page_Store/input_txttreat'

2018-05-21 20:39:19 - [MESSAGE][PASSED] - Text '100' is set on object 'Object Repository/Store Request Schedule 1/Page_Store/input_txttreat'

2018-05-21 20:39:19 - [TEST_STEP][PASSED] - click: Object: 'Object Repository/Store Request Schedule 1/Page_Store/button_Add' is clicked on

2018-05-21 20:39:19 - [MESSAGE][PASSED] - Object: 'Object Repository/Store Request Schedule 1/Page_Store/button_Add' is clicked on

2018-05-21 20:39:19 - [TEST_STEP][PASSED] - selectOptionByIndex: All options with index in [4] are selected on object 'Object Repository/Store Request Schedule 1/Page_Store/select_--Select--Schedule 1Inj'

2018-05-21 20:39:19 - [MESSAGE][PASSED] - All options with index in [4] are selected on object 'Object Repository/Store Request Schedule 1/Page_Store/select_--Select--Schedule 1Inj'

2018-05-21 20:39:19 - [TEST_STEP][PASSED] - delay: Delayed 1 second(s)

2018-05-21 20:39:20 - [MESSAGE][PASSED] - Delayed 1 second(s)

2018-05-21 20:39:20 - [TEST_STEP][PASSED] - selectOptionByIndex: All options with index in [13] are selected on object 'Object Repository/Store Request Schedule 1/Page_Store/select_--Select--Adernaline 0.'

2018-05-21 20:39:20 - [MESSAGE][PASSED] - All options with index in [13] are selected on object 'Object Repository/Store Request Schedule 1/Page_Store/select_--Select--Adernaline 0.'

2018-05-21 20:39:20 - [TEST_STEP][PASSED] - setText: Text '100' is set on object 'Object Repository/Store Request Schedule 1/Page_Store/input_txttreat'

2018-05-21 20:39:20 - [MESSAGE][PASSED] - Text '100' is set on object 'Object Repository/Store Request Schedule 1/Page_Store/input_txttreat'

2018-05-21 20:39:20 - [TEST_STEP][PASSED] - click: Object: 'Object Repository/Store Request Schedule 1/Page_Store/button_Add' is clicked on

2018-05-21 20:39:20 - [MESSAGE][PASSED] - Object: 'Object Repository/Store Request Schedule 1/Page_Store/button_Add' is clicked on

2018-05-21 20:39:20 - [TEST_STEP][PASSED] - selectOptionByIndex: All options with index in [4] are selected on object 'Object Repository/Store Request Schedule 1/Page_Store/select_--Select--Schedule 1Inj'

2018-05-21 20:39:20 - [MESSAGE][PASSED] - All options with index in [4] are selected on object 'Object Repository/Store Request Schedule 1/Page_Store/select_--Select--Schedule 1Inj'

2018-05-21 20:39:20 - [TEST_STEP][PASSED] - delay: Delayed 1 second(s)

2018-05-21 20:39:21 - [MESSAGE][PASSED] - Delayed 1 second(s)

2018-05-21 20:39:21 - [TEST_STEP][PASSED] - selectOptionByIndex: All options with index in [14] are selected on object 'Object Repository/Store Request Schedule 1/Page_Store/select_--Select--Adernaline 0.'

2018-05-21 20:39:22 - [MESSAGE][PASSED] - All options with index in [14] are selected on object 'Object Repository/Store Request Schedule 1/Page_Store/select_--Select--Adernaline 0.'

2018-05-21 20:39:22 - [TEST_STEP][PASSED] - setText: Text '100' is set on object 'Object Repository/Store Request Schedule 1/Page_Store/input_txttreat'

2018-05-21 20:39:22 - [MESSAGE][PASSED] - Text '100' is set on object 'Object Repository/Store Request Schedule 1/Page_Store/input_txttreat'

2018-05-21 20:39:22 - [TEST_STEP][PASSED] - click: Object: 'Object Repository/Store Request Schedule 1/Page_Store/button_Add' is clicked on

2018-05-21 20:39:22 - [MESSAGE][PASSED] - Object: 'Object Repository/Store Request Schedule 1/Page_Store/button_Add' is clicked on

2018-05-21 20:39:22 - [TEST_STEP][PASSED] - selectOptionByIndex: All options with index in [4] are selected on object 'Object Repository/Store Request Schedule 1/Page_Store/select_--Select--Schedule 1Inj'

2018-05-21 20:39:22 - [MESSAGE][PASSED] - All options with index in [4] are selected on object 'Object Repository/Store Request Schedule 1/Page_Store/select_--Select--Schedule 1Inj'

2018-05-21 20:39:22 - [TEST_STEP][PASSED] - delay: Delayed 1 second(s)

2018-05-21 20:39:23 - [MESSAGE][PASSED] - Delayed 1 second(s)

2018-05-21 20:39:23 - [TEST_STEP][PASSED] - selectOptionByIndex: All options with index in [15] are selected on object 'Object Repository/Store Request Schedule 1/Page_Store/select_--Select--Adernaline 0.'

2018-05-21 20:39:23 - [MESSAGE][PASSED] - All options with index in [15] are selected on object 'Object Repository/Store Request Schedule 1/Page_Store/select_--Select--Adernaline 0.'

2018-05-21 20:39:23 - [TEST_STEP][PASSED] - setText: Text '100' is set on object 'Object Repository/Store Request Schedule 1/Page_Store/input_txttreat'

2018-05-21 20:39:23 - [MESSAGE][PASSED] - Text '100' is set on object 'Object Repository/Store Request Schedule 1/Page_Store/input_txttreat'

2018-05-21 20:39:23 - [TEST_STEP][PASSED] - click: Object: 'Object Repository/Store Request Schedule 1/Page_Store/button_Add' is clicked on

2018-05-21 20:39:23 - [MESSAGE][PASSED] - Object: 'Object Repository/Store Request Schedule 1/Page_Store/button_Add' is clicked on

2018-05-21 20:39:23 - [TEST_STEP][PASSED] - delay: Delayed 2 second(s)

2018-05-21 20:39:25 - [MESSAGE][PASSED] - Delayed 2 second(s)

2018-05-21 20:39:25 - [TEST_STEP][PASSED] - scrollToElement: Scroll to object 'Object Repository/Store Request Schedule 1/Page_Store/input_btnsave' successfully

2018-05-21 20:39:25 - [MESSAGE][PASSED] - Scroll to object 'Object Repository/Store Request Schedule 1/Page_Store/input_btnsave' successfully

2018-05-21 20:39:25 - [TEST_STEP][PASSED] - click: Object: 'Object Repository/Store Request Schedule 1/Page_Store/input_btnsave' is clicked on

2018-05-21 20:39:25 - [MESSAGE][PASSED] - Object: 'Object Repository/Store Request Schedule 1/Page_Store/input_btnsave' is clicked on

2018-05-21 20:39:25 - [TEST_STEP][PASSED] - delay: Delayed 4 second(s)

2018-05-21 20:39:29 - [MESSAGE][PASSED] - Delayed 4 second(s)

2018-05-21 20:39:29 - [TEST_STEP][PASSED] - Statement - Cms_RequestNumber = com.kms.katalon.core.webui.keyword.WebUiBuiltInKeywords.getText(com.kms.katalon.core.testobject.ObjectRepository.findTestObject(Store Request Schedule 1/Page_Store/font_PRNO050520189)): Text of object 'Object Repository/Store Request Schedule 1/Page_Store/font_PRNO050520189' is: 'PRNO/21052018/331'

2018-05-21 20:39:30 - [MESSAGE][PASSED] - Text of object 'Object Repository/Store Request Schedule 1/Page_Store/font_PRNO050520189' is: 'PRNO/21052018/331'

2018-05-21 20:39:30 - [TEST_STEP][PASSED] - Statement - CR = Cms_RequestNumber.trim(): null

2018-05-21 20:39:30 - [TEST_STEP][PASSED] - Statement - out.println("RQ :" + Cms_RequestNumber): null

2018-05-21 20:39:30 - [TEST_STEP][PASSED] - Statement - RequestNumberID = Cms_RequestNumber.split("/")[2].trim(): null

2018-05-21 20:39:30 - [TEST_STEP][PASSED] - Statement - out.println("RQ ID :" + RequestNumberID): null

2018-05-21 20:39:30 - [TEST_STEP][PASSED] - delay: Delayed 3 second(s)

2018-05-21 20:39:33 - [MESSAGE][PASSED] - Delayed 3 second(s)

2018-05-21 20:39:33 - [TEST_STEP][PASSED] - Statement - ok = com.kms.katalon.core.webui.keyword.WebUiBuiltInKeywords.click(com.kms.katalon.core.testobject.ObjectRepository.findTestObject(Store Request Schedule 1/Page_Store/button_OK)): Object: 'Object Repository/Store Request Schedule 1/Page_Store/button_OK' is clicked on

2018-05-21 20:39:33 - [MESSAGE][PASSED] - Object: 'Object Repository/Store Request Schedule 1/Page_Store/button_OK' is clicked on

2018-05-21 20:39:33 - [TEST_STEP][PASSED] - delay: Delayed 3 second(s)

2018-05-21 20:39:36 - [MESSAGE][PASSED] - Delayed 3 second(s)

2018-05-21 20:39:36 - [TEST_STEP][PASSED] - click: Object: 'Object Repository/Store Request Schedule 1/Page_Store/a_dropdown-toggle' is clicked on

2018-05-21 20:39:36 - [MESSAGE][PASSED] - Object: 'Object Repository/Store Request Schedule 1/Page_Store/a_dropdown-toggle' is clicked on

2018-05-21 20:39:36 - [TEST_STEP][PASSED] - click: Object: 'Object Repository/Store Request Schedule 1/Page_Store/a_Sign out' is clicked on

2018-05-21 20:39:37 - [MESSAGE][PASSED] - Object: 'Object Repository/Store Request Schedule 1/Page_Store/a_Sign out' is clicked on

2018-05-21 20:39:37 - [TEST_STEP][PASSED] - delay: Delayed 3 second(s)

2018-05-21 20:39:40 - [MESSAGE][PASSED] - Delayed 3 second(s)

2018-05-21 20:39:40 - [TEST_STEP][PASSED] - click: Object: 'Object Repository/Store Request Schedule 1/Page_KDMC/a_CMO' is clicked on

2018-05-21 20:39:41 - [MESSAGE][PASSED] - Object: 'Object Repository/Store Request Schedule 1/Page_KDMC/a_CMO' is clicked on

2018-05-21 20:39:41 - [TEST_STEP][PASSED] - setText: Text 'guru' is set on object 'Object Repository/Store Request Schedule 1/Page_CMO login/input_txtusername'

2018-05-21 20:39:41 - [MESSAGE][PASSED] - Text 'guru' is set on object 'Object Repository/Store Request Schedule 1/Page_CMO login/input_txtusername'

2018-05-21 20:39:41 - [TEST_STEP][PASSED] - setText: Text '123' is set on object 'Object Repository/Store Request Schedule 1/Page_CMO login/input_txtpassword'

2018-05-21 20:39:41 - [MESSAGE][PASSED] - Text '123' is set on object 'Object Repository/Store Request Schedule 1/Page_CMO login/input_txtpassword'

2018-05-21 20:39:41 - [TEST_STEP][PASSED] - delay: Delayed 3 second(s)

2018-05-21 20:39:44 - [MESSAGE][PASSED] - Delayed 3 second(s)

2018-05-21 20:39:44 - [TEST_STEP][PASSED] - click: Object: 'Object Repository/Store Request Schedule 1/Page_CMO login/button_Sign in' is clicked on

2018-05-21 20:39:45 - [MESSAGE][PASSED] - Object: 'Object Repository/Store Request Schedule 1/Page_CMO login/button_Sign in' is clicked on

2018-05-21 20:39:45 - [TEST_STEP][PASSED] - delay: Delayed 2 second(s)

2018-05-21 20:39:47 - [MESSAGE][PASSED] - Delayed 2 second(s)

2018-05-21 20:39:47 - [TEST_STEP][PASSED] - click: Object: 'Object Repository/Store Request Schedule 1/Page_KDMC - CMO/span_Department Wise Request' is clicked on

2018-05-21 20:39:47 - [MESSAGE][PASSED] - Object: 'Object Repository/Store Request Schedule 1/Page_KDMC - CMO/span_Department Wise Request' is clicked on

2018-05-21 20:39:47 - [TEST_STEP][PASSED] - click: Object: 'Object Repository/Store Request Schedule 1/Page_KDMC - CMO/a_CMS Request' is clicked on

2018-05-21 20:39:47 - [MESSAGE][PASSED] - Object: 'Object Repository/Store Request Schedule 1/Page_KDMC - CMO/a_CMS Request' is clicked on

2018-05-21 20:39:47 - [TEST_STEP][PASSED] - click: Object: 'Object Repository/Store Request Schedule 1/Page_KDMC - CMO/a_CMS Request' is clicked on

2018-05-21 20:39:47 - [MESSAGE][PASSED] - Object: 'Object Repository/Store Request Schedule 1/Page_KDMC - CMO/a_CMS Request' is clicked on

2018-05-21 20:39:47 - [TEST_STEP][PASSED] - click: Object: 'Object Repository/Store Request Schedule 1/Page_KDMC - CMO/span_Divisional Store Request' is clicked on

2018-05-21 20:39:49 - [MESSAGE][PASSED] - Object: 'Object Repository/Store Request Schedule 1/Page_KDMC - CMO/span_Divisional Store Request' is clicked on

2018-05-21 20:39:49 - [TEST_STEP][PASSED] - delay: Delayed 2 second(s)

2018-05-21 20:39:51 - [MESSAGE][PASSED] - Delayed 2 second(s)

2018-05-21 20:39:51 - [TEST_STEP][PASSED] - Statement - approval = com.kms.katalon.core.webui.keyword.WebUiBuiltInKeywords.modifyObjectProperty(com.kms.katalon.core.testobject.ObjectRepository.findTestObject(Store Request Schedule 1/Page_KDMC - CMO/input_PRNO050520189), "xpath", "equals", "//*[@id=" + RequestNumberID + "]", true): Modify property of object successfully

2018-05-21 20:39:51 - [MESSAGE][PASSED] - Modify property of object successfully

2018-05-21 20:39:51 - [TEST_STEP][PASSED] - click: Object: 'Object Repository/Store Request Schedule 1/Page_KDMC - CMO/input_PRNO050520189' is clicked on

2018-05-21 20:39:52 - [MESSAGE][PASSED] - Object: 'Object Repository/Store Request Schedule 1/Page_KDMC - CMO/input_PRNO050520189' is clicked on

2018-05-21 20:39:52 - [TEST_STEP][PASSED] - delay: Delayed 2 second(s)

2018-05-21 20:39:54 - [MESSAGE][PASSED] - Delayed 2 second(s)

2018-05-21 20:39:54 - [TEST_STEP][PASSED] - selectOptionByIndex: All options with index in [1] are selected on object 'Object Repository/Store Request Schedule 1/Page_KDMC - CMO/select_--Select--'

2018-05-21 20:39:54 - [MESSAGE][PASSED] - All options with index in [1] are selected on object 'Object Repository/Store Request Schedule 1/Page_KDMC - CMO/select_--Select--'

2018-05-21 20:39:54 - [TEST_STEP][PASSED] - click: Object: 'Object Repository/Store Request Schedule 1/Page_KDMC - CMO/input_btnupdate' is clicked on

2018-05-21 20:39:54 - [MESSAGE][PASSED] - Object: 'Object Repository/Store Request Schedule 1/Page_KDMC - CMO/input_btnupdate' is clicked on

2018-05-21 20:39:54 - [TEST_STEP][PASSED] - delay: Delayed 2 second(s)

2018-05-21 20:39:56 - [MESSAGE][PASSED] - Delayed 2 second(s)

2018-05-21 20:39:56 - [TEST_STEP][PASSED] - click: Object: 'Object Repository/Store Request Schedule 1/Page_KDMC - CMO/button_OK' is clicked on

2018-05-21 20:39:56 - [MESSAGE][PASSED] - Object: 'Object Repository/Store Request Schedule 1/Page_KDMC - CMO/button_OK' is clicked on

2018-05-21 20:39:56 - [TEST_STEP][PASSED] - delay: Delayed 2 second(s)

2018-05-21 20:39:58 - [MESSAGE][PASSED] - Delayed 2 second(s)

2018-05-21 20:39:58 - [TEST_STEP][PASSED] - click: Object: 'Object Repository/Store Request Schedule 1/Page_KDMC - CMO/a_dropdown-toggle' is clicked on

2018-05-21 20:39:58 - [MESSAGE][PASSED] - Object: 'Object Repository/Store Request Schedule 1/Page_KDMC - CMO/a_dropdown-toggle' is clicked on

2018-05-21 20:39:58 - [TEST_STEP][PASSED] - click: Object: 'Object Repository/Store Request Schedule 1/Page_KDMC - CMO/a_Sign out' is clicked on

2018-05-21 20:39:59 - [MESSAGE][PASSED] - Object: 'Object Repository/Store Request Schedule 1/Page_KDMC - CMO/a_Sign out' is clicked on

2018-05-21 20:39:59 - [TEST_STEP][PASSED] - delay: Delayed 3 second(s)

2018-05-21 20:40:02 - [MESSAGE][PASSED] - Delayed 3 second(s)

2018-05-21 20:40:02 - [TEST_STEP][PASSED] - click: Object: 'Object Repository/store Request Schedule 1/Page_KDMC/a_CMS' is clicked on

2018-05-21 20:40:02 - [MESSAGE][PASSED] - Object: 'Object Repository/store Request Schedule 1/Page_KDMC/a_CMS' is clicked on

2018-05-21 20:40:02 - [TEST_STEP][PASSED] - setText: Text 'bala' is set on object 'Object Repository/store Request Schedule 1/Page_CMS login/input_txtusername'

2018-05-21 20:40:02 - [MESSAGE][PASSED] - Text 'bala' is set on object 'Object Repository/store Request Schedule 1/Page_CMS login/input_txtusername'

2018-05-21 20:40:02 - [TEST_STEP][PASSED] - setText: Text '123' is set on object 'Object Repository/store Request Schedule 1/Page_CMS login/input_txtpassword'

2018-05-21 20:40:02 - [MESSAGE][PASSED] - Text '123' is set on object 'Object Repository/store Request Schedule 1/Page_CMS login/input_txtpassword'

2018-05-21 20:40:02 - [TEST_STEP][PASSED] - delay: Delayed 3 second(s)

2018-05-21 20:40:05 - [MESSAGE][PASSED] - Delayed 3 second(s)

2018-05-21 20:40:05 - [TEST_STEP][PASSED] - click: Object: 'Object Repository/store Request Schedule 1/Page_CMS login/button_Sign in' is clicked on

2018-05-21 20:40:06 - [MESSAGE][PASSED] - Object: 'Object Repository/store Request Schedule 1/Page_CMS login/button_Sign in' is clicked on

2018-05-21 20:40:06 - [TEST_STEP][PASSED] - delay: Delayed 2 second(s)

2018-05-21 20:40:08 - [MESSAGE][PASSED] - Delayed 2 second(s)

2018-05-21 20:40:08 - [TEST_STEP][PASSED] - click: Object: 'Object Repository/store Request Schedule 1/Page_KDMC - CMS/a_Divisional Store' is clicked on

2018-05-21 20:40:08 - [MESSAGE][PASSED] - Object: 'Object Repository/store Request Schedule 1/Page_KDMC - CMS/a_Divisional Store' is clicked on

2018-05-21 20:40:08 - [TEST_STEP][PASSED] - delay: Delayed 2 second(s)

2018-05-21 20:40:10 - [MESSAGE][PASSED] - Delayed 2 second(s)

2018-05-21 20:40:10 - [TEST_STEP][PASSED] - click: Object: 'Object Repository/store Request Schedule 1/Page_KDMC - CMS/a_Dispatch Items' is clicked on

2018-05-21 20:40:11 - [MESSAGE][PASSED] - Object: 'Object Repository/store Request Schedule 1/Page_KDMC - CMS/a_Dispatch Items' is clicked on

2018-05-21 20:40:11 - [TEST_STEP][PASSED] - setText: Text 'PRNO/21052018/331' is set on object 'Object Repository/store Request Schedule 1/Page_KDMC - CMS/input'

2018-05-21 20:40:11 - [MESSAGE][PASSED] - Text 'PRNO/21052018/331' is set on object 'Object Repository/store Request Schedule 1/Page_KDMC - CMS/input'

2018-05-21 20:40:11 - [TEST_STEP][PASSED] - click: Object: 'Object Repository/store Request Schedule 1/Page_KDMC - CMS/td_text-center' is clicked on

2018-05-21 20:40:11 - [MESSAGE][PASSED] - Object: 'Object Repository/store Request Schedule 1/Page_KDMC - CMS/td_text-center' is clicked on

2018-05-21 20:40:11 - [TEST_STEP][PASSED] - delay: Delayed 2 second(s)

2018-05-21 20:40:13 - [MESSAGE][PASSED] - Delayed 2 second(s)

2018-05-21 20:40:13 - [TEST_STEP][PASSED] - Statement - For ([row = 0, row < SelectedOptions - 1, (row++)]): null

2018-05-21 20:40:13 - [TEST_STEP][PASSED] - Statement - batchlength = new com.kms.katalon.core.testobject.TestObject(): null

2018-05-21 20:40:13 - [TEST_STEP][PASSED] - Statement - batchlength = com.kms.katalon.core.webui.keyword.WebUiBuiltInKeywords.modifyObjectProperty(batchlength, "xpath", "equals", "//*[@id = "fldvendor" + row + ""]", true): Modify property of object successfully

2018-05-21 20:40:13 - [MESSAGE][PASSED] - Modify property of object successfully

2018-05-21 20:40:13 - [TEST_STEP][PASSED] - Statement - batchsize = com.kms.katalon.core.webui.keyword.WebUiBuiltInKeywords.getNumberOfTotalOption(batchlength): 8 options of object '' counted

2018-05-21 20:40:13 - [MESSAGE][PASSED] - 8 options of object '' counted

2018-05-21 20:40:13 - [TEST_STEP][PASSED] - Statement - out.println("BatchSize : " + batchsize): null

2018-05-21 20:40:13 - [TEST_STEP][PASSED] - Statement - For ([n = 1, n <= batchsize - 1, (n++)]): null

2018-05-21 20:40:13 - [TEST_STEP][PASSED] - Statement - product = new com.kms.katalon.core.testobject.TestObject(): null

2018-05-21 20:40:13 - [TEST_STEP][PASSED] - Statement - product = com.kms.katalon.core.webui.keyword.WebUiBuiltInKeywords.modifyObjectProperty(product, "xpath", "equals", "//*[@id = "fldvendor" + row + ""]", true): Modify property of object successfully

2018-05-21 20:40:13 - [MESSAGE][PASSED] - Modify property of object successfully

2018-05-21 20:40:13 - [TEST_STEP][PASSED] - selectOptionByIndex: All options with index in [1] are selected on object ''

2018-05-21 20:40:14 - [MESSAGE][PASSED] - All options with index in [1] are selected on object ''

2018-05-21 20:40:14 - [TEST_STEP][PASSED] - Statement - batch = new com.kms.katalon.core.testobject.TestObject(): null

2018-05-21 20:40:14 - [TEST_STEP][PASSED] - Statement - batch = com.kms.katalon.core.webui.keyword.WebUiBuiltInKeywords.modifyObjectProperty(batch, "xpath", "equals", "//*[@id = "txtbthqty" + row + ""]", true): Modify property of object successfully

2018-05-21 20:40:14 - [MESSAGE][PASSED] - Modify property of object successfully

2018-05-21 20:40:14 - [TEST_STEP][PASSED] - Statement - batchqty = com.kms.katalon.core.webui.keyword.WebUiBuiltInKeywords.getAttribute(batch, "value").trim(): Attribute 'value' of object '' is: '4300'

2018-05-21 20:40:14 - [MESSAGE][PASSED] - Attribute 'value' of object '' is: '4300'

2018-05-21 20:40:14 - [TEST_STEP][PASSED] - Statement - Rqty = 100: null

2018-05-21 20:40:14 - [TEST_STEP][PASSED] - delay: Delayed 2 second(s)

2018-05-21 20:40:16 - [MESSAGE][PASSED] - Delayed 2 second(s)

2018-05-21 20:40:16 - [TEST_STEP][PASSED] - Statement - out.println("BatchQty : " + batchqty): null

2018-05-21 20:40:16 - [TEST_STEP][PASSED] - Statement - out.println("RQty : " + Rqty): null

2018-05-21 20:40:16 - [TEST_STEP][PASSED] - Statement - If (java.lang.Integer.valueOf(batchqty) >= java.lang.Integer.valueOf(Rqty)): null

2018-05-21 20:40:16 - [TEST_STEP][PASSED] - Statement - Break: null

2018-05-21 20:40:16 - [TEST_STEP][PASSED] - Statement - batchlength = new com.kms.katalon.core.testobject.TestObject(): null

2018-05-21 20:40:16 - [TEST_STEP][PASSED] - Statement - batchlength = com.kms.katalon.core.webui.keyword.WebUiBuiltInKeywords.modifyObjectProperty(batchlength, "xpath", "equals", "//*[@id = "fldvendor" + row + ""]", true): Modify property of object successfully

2018-05-21 20:40:16 - [MESSAGE][PASSED] - Modify property of object successfully

2018-05-21 20:40:16 - [TEST_STEP][PASSED] - Statement - batchsize = com.kms.katalon.core.webui.keyword.WebUiBuiltInKeywords.getNumberOfTotalOption(batchlength): 7 options of object '' counted

2018-05-21 20:40:16 - [MESSAGE][PASSED] - 7 options of object '' counted

2018-05-21 20:40:16 - [TEST_STEP][PASSED] - Statement - out.println("BatchSize : " + batchsize): null

2018-05-21 20:40:16 - [TEST_STEP][PASSED] - Statement - For ([n = 1, n <= batchsize - 1, (n++)]): null

2018-05-21 20:40:16 - [TEST_STEP][PASSED] - Statement - product = new com.kms.katalon.core.testobject.TestObject(): null

2018-05-21 20:40:16 - [TEST_STEP][PASSED] - Statement - product = com.kms.katalon.core.webui.keyword.WebUiBuiltInKeywords.modifyObjectProperty(product, "xpath", "equals", "//*[@id = "fldvendor" + row + ""]", true): Modify property of object successfully

2018-05-21 20:40:16 - [MESSAGE][PASSED] - Modify property of object successfully

2018-05-21 20:40:16 - [TEST_STEP][PASSED] - selectOptionByIndex: All options with index in [1] are selected on object ''

2018-05-21 20:40:16 - [MESSAGE][PASSED] - All options with index in [1] are selected on object ''

2018-05-21 20:40:16 - [TEST_STEP][PASSED] - Statement - batch = new com.kms.katalon.core.testobject.TestObject(): null

2018-05-21 20:40:16 - [TEST_STEP][PASSED] - Statement - batch = com.kms.katalon.core.webui.keyword.WebUiBuiltInKeywords.modifyObjectProperty(batch, "xpath", "equals", "//*[@id = "txtbthqty" + row + ""]", true): Modify property of object successfully

2018-05-21 20:40:16 - [MESSAGE][PASSED] - Modify property of object successfully

2018-05-21 20:40:16 - [TEST_STEP][PASSED] - Statement - batchqty = com.kms.katalon.core.webui.keyword.WebUiBuiltInKeywords.getAttribute(batch, "value").trim(): Attribute 'value' of object '' is: '4600'

2018-05-21 20:40:16 - [MESSAGE][PASSED] - Attribute 'value' of object '' is: '4600'

2018-05-21 20:40:16 - [TEST_STEP][PASSED] - Statement - Rqty = 100: null

2018-05-21 20:40:16 - [TEST_STEP][PASSED] - delay: Delayed 2 second(s)

2018-05-21 20:40:18 - [MESSAGE][PASSED] - Delayed 2 second(s)

2018-05-21 20:40:18 - [TEST_STEP][PASSED] - Statement - out.println("BatchQty : " + batchqty): null

2018-05-21 20:40:18 - [TEST_STEP][PASSED] - Statement - out.println("RQty : " + Rqty): null

2018-05-21 20:40:18 - [TEST_STEP][PASSED] - Statement - If (java.lang.Integer.valueOf(batchqty) >= java.lang.Integer.valueOf(Rqty)): null

2018-05-21 20:40:18 - [TEST_STEP][PASSED] - Statement - Break: null

2018-05-21 20:40:18 - [TEST_STEP][PASSED] - Statement - batchlength = new com.kms.katalon.core.testobject.TestObject(): null

2018-05-21 20:40:18 - [TEST_STEP][PASSED] - Statement - batchlength = com.kms.katalon.core.webui.keyword.WebUiBuiltInKeywords.modifyObjectProperty(batchlength, "xpath", "equals", "//*[@id = "fldvendor" + row + ""]", true): Modify property of object successfully

2018-05-21 20:40:18 - [MESSAGE][PASSED] - Modify property of object successfully

2018-05-21 20:40:18 - [TEST_STEP][PASSED] - Statement - batchsize = com.kms.katalon.core.webui.keyword.WebUiBuiltInKeywords.getNumberOfTotalOption(batchlength): 7 options of object '' counted

2018-05-21 20:40:18 - [MESSAGE][PASSED] - 7 options of object '' counted

2018-05-21 20:40:18 - [TEST_STEP][PASSED] - Statement - out.println("BatchSize : " + batchsize): null

2018-05-21 20:40:18 - [TEST_STEP][PASSED] - Statement - For ([n = 1, n <= batchsize - 1, (n++)]): null

2018-05-21 20:40:18 - [TEST_STEP][PASSED] - Statement - product = new com.kms.katalon.core.testobject.TestObject(): null

2018-05-21 20:40:18 - [TEST_STEP][PASSED] - Statement - product = com.kms.katalon.core.webui.keyword.WebUiBuiltInKeywords.modifyObjectProperty(product, "xpath", "equals", "//*[@id = "fldvendor" + row + ""]", true): Modify property of object successfully

2018-05-21 20:40:18 - [MESSAGE][PASSED] - Modify property of object successfully

2018-05-21 20:40:18 - [TEST_STEP][PASSED] - selectOptionByIndex: All options with index in [1] are selected on object ''

2018-05-21 20:40:18 - [MESSAGE][PASSED] - All options with index in [1] are selected on object ''

2018-05-21 20:40:18 - [TEST_STEP][PASSED] - Statement - batch = new com.kms.katalon.core.testobject.TestObject(): null

2018-05-21 20:40:18 - [TEST_STEP][PASSED] - Statement - batch = com.kms.katalon.core.webui.keyword.WebUiBuiltInKeywords.modifyObjectProperty(batch, "xpath", "equals", "//*[@id = "txtbthqty" + row + ""]", true): Modify property of object successfully

2018-05-21 20:40:18 - [MESSAGE][PASSED] - Modify property of object successfully

2018-05-21 20:40:18 - [TEST_STEP][PASSED] - Statement - batchqty = com.kms.katalon.core.webui.keyword.WebUiBuiltInKeywords.getAttribute(batch, "value").trim(): Attribute 'value' of object '' is: '4300'

2018-05-21 20:40:18 - [MESSAGE][PASSED] - Attribute 'value' of object '' is: '4300'

2018-05-21 20:40:18 - [TEST_STEP][PASSED] - Statement - Rqty = 100: null

2018-05-21 20:40:18 - [TEST_STEP][PASSED] - delay: Delayed 2 second(s)

2018-05-21 20:40:20 - [MESSAGE][PASSED] - Delayed 2 second(s)

2018-05-21 20:40:20 - [TEST_STEP][PASSED] - Statement - out.println("BatchQty : " + batchqty): null

2018-05-21 20:40:20 - [TEST_STEP][PASSED] - Statement - out.println("RQty : " + Rqty): null

2018-05-21 20:40:20 - [TEST_STEP][PASSED] - Statement - If (java.lang.Integer.valueOf(batchqty) >= java.lang.Integer.valueOf(Rqty)): null

2018-05-21 20:40:20 - [TEST_STEP][PASSED] - Statement - Break: null

2018-05-21 20:40:20 - [TEST_STEP][PASSED] - Statement - batchlength = new com.kms.katalon.core.testobject.TestObject(): null

2018-05-21 20:40:20 - [TEST_STEP][PASSED] - Statement - batchlength = com.kms.katalon.core.webui.keyword.WebUiBuiltInKeywords.modifyObjectProperty(batchlength, "xpath", "equals", "//*[@id = "fldvendor" + row + ""]", true): Modify property of object successfully

2018-05-21 20:40:20 - [MESSAGE][PASSED] - Modify property of object successfully

2018-05-21 20:40:20 - [TEST_STEP][PASSED] - Statement - batchsize = com.kms.katalon.core.webui.keyword.WebUiBuiltInKeywords.getNumberOfTotalOption(batchlength): 7 options of object '' counted

2018-05-21 20:40:20 - [MESSAGE][PASSED] - 7 options of object '' counted

2018-05-21 20:40:20 - [TEST_STEP][PASSED] - Statement - out.println("BatchSize : " + batchsize): null

2018-05-21 20:40:20 - [TEST_STEP][PASSED] - Statement - For ([n = 1, n <= batchsize - 1, (n++)]): null

2018-05-21 20:40:20 - [TEST_STEP][PASSED] - Statement - product = new com.kms.katalon.core.testobject.TestObject(): null

2018-05-21 20:40:20 - [TEST_STEP][PASSED] - Statement - product = com.kms.katalon.core.webui.keyword.WebUiBuiltInKeywords.modifyObjectProperty(product, "xpath", "equals", "//*[@id = "fldvendor" + row + ""]", true): Modify property of object successfully

2018-05-21 20:40:20 - [MESSAGE][PASSED] - Modify property of object successfully

2018-05-21 20:40:20 - [TEST_STEP][PASSED] - selectOptionByIndex: All options with index in [1] are selected on object ''

2018-05-21 20:40:20 - [MESSAGE][PASSED] - All options with index in [1] are selected on object ''

2018-05-21 20:40:20 - [TEST_STEP][PASSED] - Statement - batch = new com.kms.katalon.core.testobject.TestObject(): null

2018-05-21 20:40:20 - [TEST_STEP][PASSED] - Statement - batch = com.kms.katalon.core.webui.keyword.WebUiBuiltInKeywords.modifyObjectProperty(batch, "xpath", "equals", "//*[@id = "txtbthqty" + row + ""]", true): Modify property of object successfully

2018-05-21 20:40:20 - [MESSAGE][PASSED] - Modify property of object successfully

2018-05-21 20:40:20 - [TEST_STEP][PASSED] - Statement - batchqty = com.kms.katalon.core.webui.keyword.WebUiBuiltInKeywords.getAttribute(batch, "value").trim(): Attribute 'value' of object '' is: '50'

2018-05-21 20:40:20 - [MESSAGE][PASSED] - Attribute 'value' of object '' is: '50'

2018-05-21 20:40:20 - [TEST_STEP][PASSED] - Statement - Rqty = 100: null

2018-05-21 20:40:20 - [TEST_STEP][PASSED] - delay: Delayed 2 second(s)

2018-05-21 20:40:22 - [MESSAGE][PASSED] - Delayed 2 second(s)

2018-05-21 20:40:22 - [TEST_STEP][PASSED] - Statement - out.println("BatchQty : " + batchqty): null

2018-05-21 20:40:22 - [TEST_STEP][PASSED] - Statement - out.println("RQty : " + Rqty): null

2018-05-21 20:40:22 - [TEST_STEP][PASSED] - Statement - If (java.lang.Integer.valueOf(batchqty) >= java.lang.Integer.valueOf(Rqty)): null

2018-05-21 20:40:22 - [TEST_STEP][PASSED] - Statement - Else: null

2018-05-21 20:40:22 - [TEST_STEP][PASSED] - Statement - out.println("Batchqty Is Less Than Rqty"): null

2018-05-21 20:40:22 - [TEST_STEP][PASSED] - Statement - product = new com.kms.katalon.core.testobject.TestObject(): null

2018-05-21 20:40:22 - [TEST_STEP][PASSED] - Statement - product = com.kms.katalon.core.webui.keyword.WebUiBuiltInKeywords.modifyObjectProperty(product, "xpath", "equals", "//*[@id = "fldvendor" + row + ""]", true): Modify property of object successfully

2018-05-21 20:40:22 - [MESSAGE][PASSED] - Modify property of object successfully

2018-05-21 20:40:22 - [TEST_STEP][PASSED] - selectOptionByIndex: All options with index in [2] are selected on object ''

2018-05-21 20:40:22 - [MESSAGE][PASSED] - All options with index in [2] are selected on object ''

2018-05-21 20:40:22 - [TEST_STEP][PASSED] - Statement - batch = new com.kms.katalon.core.testobject.TestObject(): null

2018-05-21 20:40:22 - [TEST_STEP][PASSED] - Statement - batch = com.kms.katalon.core.webui.keyword.WebUiBuiltInKeywords.modifyObjectProperty(batch, "xpath", "equals", "//*[@id = "txtbthqty" + row + ""]", true): Modify property of object successfully

2018-05-21 20:40:22 - [MESSAGE][PASSED] - Modify property of object successfully

2018-05-21 20:40:22 - [TEST_STEP][PASSED] - Statement - batchqty = com.kms.katalon.core.webui.keyword.WebUiBuiltInKeywords.getAttribute(batch, "value").trim(): Attribute 'value' of object '' is: '100'

2018-05-21 20:40:22 - [MESSAGE][PASSED] - Attribute 'value' of object '' is: '100'

2018-05-21 20:40:22 - [TEST_STEP][PASSED] - Statement - Rqty = 100: null

2018-05-21 20:40:22 - [TEST_STEP][PASSED] - delay: Delayed 2 second(s)

2018-05-21 20:40:24 - [MESSAGE][PASSED] - Delayed 2 second(s)

2018-05-21 20:40:24 - [TEST_STEP][PASSED] - Statement - out.println("BatchQty : " + batchqty): null

2018-05-21 20:40:24 - [TEST_STEP][PASSED] - Statement - out.println("RQty : " + Rqty): null

2018-05-21 20:40:24 - [TEST_STEP][PASSED] - Statement - If (java.lang.Integer.valueOf(batchqty) >= java.lang.Integer.valueOf(Rqty)): null

2018-05-21 20:40:24 - [TEST_STEP][PASSED] - Statement - Break: null

2018-05-21 20:40:24 - [TEST_STEP][PASSED] - Statement - batchlength = new com.kms.katalon.core.testobject.TestObject(): null

2018-05-21 20:40:24 - [TEST_STEP][PASSED] - Statement - batchlength = com.kms.katalon.core.webui.keyword.WebUiBuiltInKeywords.modifyObjectProperty(batchlength, "xpath", "equals", "//*[@id = "fldvendor" + row + ""]", true): Modify property of object successfully

2018-05-21 20:40:24 - [MESSAGE][PASSED] - Modify property of object successfully

2018-05-21 20:40:24 - [TEST_STEP][PASSED] - Statement - batchsize = com.kms.katalon.core.webui.keyword.WebUiBuiltInKeywords.getNumberOfTotalOption(batchlength): 7 options of object '' counted

2018-05-21 20:40:25 - [MESSAGE][PASSED] - 7 options of object '' counted

2018-05-21 20:40:25 - [TEST_STEP][PASSED] - Statement - out.println("BatchSize : " + batchsize): null

2018-05-21 20:40:25 - [TEST_STEP][PASSED] - Statement - For ([n = 1, n <= batchsize - 1, (n++)]): null

2018-05-21 20:40:25 - [TEST_STEP][PASSED] - Statement - product = new com.kms.katalon.core.testobject.TestObject(): null

2018-05-21 20:40:25 - [TEST_STEP][PASSED] - Statement - product = com.kms.katalon.core.webui.keyword.WebUiBuiltInKeywords.modifyObjectProperty(product, "xpath", "equals", "//*[@id = "fldvendor" + row + ""]", true): Modify property of object successfully

2018-05-21 20:40:25 - [MESSAGE][PASSED] - Modify property of object successfully

2018-05-21 20:40:25 - [TEST_STEP][PASSED] - selectOptionByIndex: All options with index in [1] are selected on object ''

2018-05-21 20:40:25 - [MESSAGE][PASSED] - All options with index in [1] are selected on object ''

2018-05-21 20:40:25 - [TEST_STEP][PASSED] - Statement - batch = new com.kms.katalon.core.testobject.TestObject(): null

2018-05-21 20:40:25 - [TEST_STEP][PASSED] - Statement - batch = com.kms.katalon.core.webui.keyword.WebUiBuiltInKeywords.modifyObjectProperty(batch, "xpath", "equals", "//*[@id = "txtbthqty" + row + ""]", true): Modify property of object successfully

2018-05-21 20:40:25 - [MESSAGE][PASSED] - Modify property of object successfully

2018-05-21 20:40:25 - [TEST_STEP][PASSED] - Statement - batchqty = com.kms.katalon.core.webui.keyword.WebUiBuiltInKeywords.getAttribute(batch, "value").trim(): Attribute 'value' of object '' is: '3300'

2018-05-21 20:40:25 - [MESSAGE][PASSED] - Attribute 'value' of object '' is: '3300'

2018-05-21 20:40:25 - [TEST_STEP][PASSED] - Statement - Rqty = 100: null

2018-05-21 20:40:25 - [TEST_STEP][PASSED] - delay: Delayed 2 second(s)

2018-05-21 20:40:27 - [MESSAGE][PASSED] - Delayed 2 second(s)

2018-05-21 20:40:27 - [TEST_STEP][PASSED] - Statement - out.println("BatchQty : " + batchqty): null

2018-05-21 20:40:27 - [TEST_STEP][PASSED] - Statement - out.println("RQty : " + Rqty): null

2018-05-21 20:40:27 - [TEST_STEP][PASSED] - Statement - If (java.lang.Integer.valueOf(batchqty) >= java.lang.Integer.valueOf(Rqty)): null

2018-05-21 20:40:27 - [TEST_STEP][PASSED] - Statement - Break: null

2018-05-21 20:40:27 - [TEST_STEP][PASSED] - Statement - batchlength = new com.kms.katalon.core.testobject.TestObject(): null

2018-05-21 20:40:27 - [TEST_STEP][PASSED] - Statement - batchlength = com.kms.katalon.core.webui.keyword.WebUiBuiltInKeywords.modifyObjectProperty(batchlength, "xpath", "equals", "//*[@id = "fldvendor" + row + ""]", true): Modify property of object successfully

2018-05-21 20:40:27 - [MESSAGE][PASSED] - Modify property of object successfully

2018-05-21 20:40:27 - [TEST_STEP][PASSED] - Statement - batchsize = com.kms.katalon.core.webui.keyword.WebUiBuiltInKeywords.getNumberOfTotalOption(batchlength): 7 options of object '' counted

2018-05-21 20:40:27 - [MESSAGE][PASSED] - 7 options of object '' counted

2018-05-21 20:40:27 - [TEST_STEP][PASSED] - Statement - out.println("BatchSize : " + batchsize): null

2018-05-21 20:40:27 - [TEST_STEP][PASSED] - Statement - For ([n = 1, n <= batchsize - 1, (n++)]): null

2018-05-21 20:40:27 - [TEST_STEP][PASSED] - Statement - product = new com.kms.katalon.core.testobject.TestObject(): null

2018-05-21 20:40:27 - [TEST_STEP][PASSED] - Statement - product = com.kms.katalon.core.webui.keyword.WebUiBuiltInKeywords.modifyObjectProperty(product, "xpath", "equals", "//*[@id = "fldvendor" + row + ""]", true): Modify property of object successfully

2018-05-21 20:40:27 - [MESSAGE][PASSED] - Modify property of object successfully

2018-05-21 20:40:27 - [TEST_STEP][PASSED] - selectOptionByIndex: All options with index in [1] are selected on object ''

2018-05-21 20:40:27 - [MESSAGE][PASSED] - All options with index in [1] are selected on object ''

2018-05-21 20:40:27 - [TEST_STEP][PASSED] - Statement - batch = new com.kms.katalon.core.testobject.TestObject(): null

2018-05-21 20:40:27 - [TEST_STEP][PASSED] - Statement - batch = com.kms.katalon.core.webui.keyword.WebUiBuiltInKeywords.modifyObjectProperty(batch, "xpath", "equals", "//*[@id = "txtbthqty" + row + ""]", true): Modify property of object successfully

2018-05-21 20:40:27 - [MESSAGE][PASSED] - Modify property of object successfully

2018-05-21 20:40:27 - [TEST_STEP][PASSED] - Statement - batchqty = com.kms.katalon.core.webui.keyword.WebUiBuiltInKeywords.getAttribute(batch, "value").trim(): Attribute 'value' of object '' is: '38200'

2018-05-21 20:40:27 - [MESSAGE][PASSED] - Attribute 'value' of object '' is: '38200'

2018-05-21 20:40:27 - [TEST_STEP][PASSED] - Statement - Rqty = 100: null

2018-05-21 20:40:27 - [TEST_STEP][PASSED] - delay: Delayed 2 second(s)

2018-05-21 20:40:29 - [MESSAGE][PASSED] - Delayed 2 second(s)

2018-05-21 20:40:29 - [TEST_STEP][PASSED] - Statement - out.println("BatchQty : " + batchqty): null

2018-05-21 20:40:29 - [TEST_STEP][PASSED] - Statement - out.println("RQty : " + Rqty): null

2018-05-21 20:40:29 - [TEST_STEP][PASSED] - Statement - If (java.lang.Integer.valueOf(batchqty) >= java.lang.Integer.valueOf(Rqty)): null

2018-05-21 20:40:29 - [TEST_STEP][PASSED] - Statement - Break: null

2018-05-21 20:40:29 - [TEST_STEP][PASSED] - Statement - batchlength = new com.kms.katalon.core.testobject.TestObject(): null

2018-05-21 20:40:29 - [TEST_STEP][PASSED] - Statement - batchlength = com.kms.katalon.core.webui.keyword.WebUiBuiltInKeywords.modifyObjectProperty(batchlength, "xpath", "equals", "//*[@id = "fldvendor" + row + ""]", true): Modify property of object successfully

2018-05-21 20:40:29 - [MESSAGE][PASSED] - Modify property of object successfully

2018-05-21 20:40:29 - [TEST_STEP][PASSED] - Statement - batchsize = com.kms.katalon.core.webui.keyword.WebUiBuiltInKeywords.getNumberOfTotalOption(batchlength): 7 options of object '' counted

2018-05-21 20:40:29 - [MESSAGE][PASSED] - 7 options of object '' counted

2018-05-21 20:40:29 - [TEST_STEP][PASSED] - Statement - out.println("BatchSize : " + batchsize): null

2018-05-21 20:40:29 - [TEST_STEP][PASSED] - Statement - For ([n = 1, n <= batchsize - 1, (n++)]): null

2018-05-21 20:40:29 - [TEST_STEP][PASSED] - Statement - product = new com.kms.katalon.core.testobject.TestObject(): null

2018-05-21 20:40:29 - [TEST_STEP][PASSED] - Statement - product = com.kms.katalon.core.webui.keyword.WebUiBuiltInKeywords.modifyObjectProperty(product, "xpath", "equals", "//*[@id = "fldvendor" + row + ""]", true): Modify property of object successfully

2018-05-21 20:40:29 - [MESSAGE][PASSED] - Modify property of object successfully

2018-05-21 20:40:29 - [TEST_STEP][PASSED] - selectOptionByIndex: All options with index in [1] are selected on object ''

2018-05-21 20:40:29 - [MESSAGE][PASSED] - All options with index in [1] are selected on object ''

2018-05-21 20:40:29 - [TEST_STEP][PASSED] - Statement - batch = new com.kms.katalon.core.testobject.TestObject(): null

2018-05-21 20:40:29 - [TEST_STEP][PASSED] - Statement - batch = com.kms.katalon.core.webui.keyword.WebUiBuiltInKeywords.modifyObjectProperty(batch, "xpath", "equals", "//*[@id = "txtbthqty" + row + ""]", true): Modify property of object successfully

2018-05-21 20:40:29 - [MESSAGE][PASSED] - Modify property of object successfully

2018-05-21 20:40:29 - [TEST_STEP][PASSED] - Statement - batchqty = com.kms.katalon.core.webui.keyword.WebUiBuiltInKeywords.getAttribute(batch, "value").trim(): Attribute 'value' of object '' is: '3300'

2018-05-21 20:40:29 - [MESSAGE][PASSED] - Attribute 'value' of object '' is: '3300'

2018-05-21 20:40:29 - [TEST_STEP][PASSED] - Statement - Rqty = 100: null

2018-05-21 20:40:29 - [TEST_STEP][PASSED] - delay: Delayed 2 second(s)

2018-05-21 20:40:31 - [MESSAGE][PASSED] - Delayed 2 second(s)

2018-05-21 20:40:31 - [TEST_STEP][PASSED] - Statement - out.println("BatchQty : " + batchqty): null

2018-05-21 20:40:31 - [TEST_STEP][PASSED] - Statement - out.println("RQty : " + Rqty): null

2018-05-21 20:40:31 - [TEST_STEP][PASSED] - Statement - If (java.lang.Integer.valueOf(batchqty) >= java.lang.Integer.valueOf(Rqty)): null

2018-05-21 20:40:31 - [TEST_STEP][PASSED] - Statement - Break: null

2018-05-21 20:40:31 - [TEST_STEP][PASSED] - Statement - batchlength = new com.kms.katalon.core.testobject.TestObject(): null

2018-05-21 20:40:31 - [TEST_STEP][PASSED] - Statement - batchlength = com.kms.katalon.core.webui.keyword.WebUiBuiltInKeywords.modifyObjectProperty(batchlength, "xpath", "equals", "//*[@id = "fldvendor" + row + ""]", true): Modify property of object successfully

2018-05-21 20:40:31 - [MESSAGE][PASSED] - Modify property of object successfully

2018-05-21 20:40:31 - [TEST_STEP][PASSED] - Statement - batchsize = com.kms.katalon.core.webui.keyword.WebUiBuiltInKeywords.getNumberOfTotalOption(batchlength): 7 options of object '' counted

2018-05-21 20:40:31 - [MESSAGE][PASSED] - 7 options of object '' counted

2018-05-21 20:40:31 - [TEST_STEP][PASSED] - Statement - out.println("BatchSize : " + batchsize): null

2018-05-21 20:40:31 - [TEST_STEP][PASSED] - Statement - For ([n = 1, n <= batchsize - 1, (n++)]): null

2018-05-21 20:40:31 - [TEST_STEP][PASSED] - Statement - product = new com.kms.katalon.core.testobject.TestObject(): null

2018-05-21 20:40:31 - [TEST_STEP][PASSED] - Statement - product = com.kms.katalon.core.webui.keyword.WebUiBuiltInKeywords.modifyObjectProperty(product, "xpath", "equals", "//*[@id = "fldvendor" + row + ""]", true): Modify property of object successfully

2018-05-21 20:40:31 - [MESSAGE][PASSED] - Modify property of object successfully

2018-05-21 20:40:31 - [TEST_STEP][PASSED] - selectOptionByIndex: All options with index in [1] are selected on object ''

2018-05-21 20:40:31 - [MESSAGE][PASSED] - All options with index in [1] are selected on object ''

2018-05-21 20:40:31 - [TEST_STEP][PASSED] - Statement - batch = new com.kms.katalon.core.testobject.TestObject(): null

2018-05-21 20:40:31 - [TEST_STEP][PASSED] - Statement - batch = com.kms.katalon.core.webui.keyword.WebUiBuiltInKeywords.modifyObjectProperty(batch, "xpath", "equals", "//*[@id = "txtbthqty" + row + ""]", true): Modify property of object successfully

2018-05-21 20:40:31 - [MESSAGE][PASSED] - Modify property of object successfully

2018-05-21 20:40:31 - [TEST_STEP][PASSED] - Statement - batchqty = com.kms.katalon.core.webui.keyword.WebUiBuiltInKeywords.getAttribute(batch, "value").trim(): Attribute 'value' of object '' is: '38200'

2018-05-21 20:40:31 - [MESSAGE][PASSED] - Attribute 'value' of object '' is: '38200'

2018-05-21 20:40:31 - [TEST_STEP][PASSED] - Statement - Rqty = 100: null

2018-05-21 20:40:31 - [TEST_STEP][PASSED] - delay: Delayed 2 second(s)

2018-05-21 20:40:33 - [MESSAGE][PASSED] - Delayed 2 second(s)

2018-05-21 20:40:33 - [TEST_STEP][PASSED] - Statement - out.println("BatchQty : " + batchqty): null

2018-05-21 20:40:33 - [TEST_STEP][PASSED] - Statement - out.println("RQty : " + Rqty): null

2018-05-21 20:40:33 - [TEST_STEP][PASSED] - Statement - If (java.lang.Integer.valueOf(batchqty) >= java.lang.Integer.valueOf(Rqty)): null

2018-05-21 20:40:33 - [TEST_STEP][PASSED] - Statement - Break: null

2018-05-21 20:40:33 - [TEST_STEP][PASSED] - Statement - batchlength = new com.kms.katalon.core.testobject.TestObject(): null

2018-05-21 20:40:33 - [TEST_STEP][PASSED] - Statement - batchlength = com.kms.katalon.core.webui.keyword.WebUiBuiltInKeywords.modifyObjectProperty(batchlength, "xpath", "equals", "//*[@id = "fldvendor" + row + ""]", true): Modify property of object successfully

2018-05-21 20:40:33 - [MESSAGE][PASSED] - Modify property of object successfully

2018-05-21 20:40:33 - [TEST_STEP][PASSED] - Statement - batchsize = com.kms.katalon.core.webui.keyword.WebUiBuiltInKeywords.getNumberOfTotalOption(batchlength): 7 options of object '' counted

2018-05-21 20:40:34 - [MESSAGE][PASSED] - 7 options of object '' counted

2018-05-21 20:40:34 - [TEST_STEP][PASSED] - Statement - out.println("BatchSize : " + batchsize): null

2018-05-21 20:40:34 - [TEST_STEP][PASSED] - Statement - For ([n = 1, n <= batchsize - 1, (n++)]): null

2018-05-21 20:40:34 - [TEST_STEP][PASSED] - Statement - product = new com.kms.katalon.core.testobject.TestObject(): null

2018-05-21 20:40:34 - [TEST_STEP][PASSED] - Statement - product = com.kms.katalon.core.webui.keyword.WebUiBuiltInKeywords.modifyObjectProperty(product, "xpath", "equals", "//*[@id = "fldvendor" + row + ""]", true): Modify property of object successfully

2018-05-21 20:40:34 - [MESSAGE][PASSED] - Modify property of object successfully

2018-05-21 20:40:34 - [TEST_STEP][PASSED] - selectOptionByIndex: All options with index in [1] are selected on object ''

2018-05-21 20:40:34 - [MESSAGE][PASSED] - All options with index in [1] are selected on object ''

2018-05-21 20:40:34 - [TEST_STEP][PASSED] - Statement - batch = new com.kms.katalon.core.testobject.TestObject(): null

2018-05-21 20:40:34 - [TEST_STEP][PASSED] - Statement - batch = com.kms.katalon.core.webui.keyword.WebUiBuiltInKeywords.modifyObjectProperty(batch, "xpath", "equals", "//*[@id = "txtbthqty" + row + ""]", true): Modify property of object successfully

2018-05-21 20:40:34 - [MESSAGE][PASSED] - Modify property of object successfully

2018-05-21 20:40:34 - [TEST_STEP][PASSED] - Statement - batchqty = com.kms.katalon.core.webui.keyword.WebUiBuiltInKeywords.getAttribute(batch, "value").trim(): Attribute 'value' of object '' is: '3300'

2018-05-21 20:40:34 - [MESSAGE][PASSED] - Attribute 'value' of object '' is: '3300'

2018-05-21 20:40:34 - [TEST_STEP][PASSED] - Statement - Rqty = 100: null

2018-05-21 20:40:34 - [TEST_STEP][PASSED] - delay: Delayed 2 second(s)

2018-05-21 20:40:36 - [MESSAGE][PASSED] - Delayed 2 second(s)

2018-05-21 20:40:36 - [TEST_STEP][PASSED] - Statement - out.println("BatchQty : " + batchqty): null

2018-05-21 20:40:36 - [TEST_STEP][PASSED] - Statement - out.println("RQty : " + Rqty): null

2018-05-21 20:40:36 - [TEST_STEP][PASSED] - Statement - If (java.lang.Integer.valueOf(batchqty) >= java.lang.Integer.valueOf(Rqty)): null

2018-05-21 20:40:36 - [TEST_STEP][PASSED] - Statement - Break: null

2018-05-21 20:40:36 - [TEST_STEP][PASSED] - Statement - batchlength = new com.kms.katalon.core.testobject.TestObject(): null

2018-05-21 20:40:36 - [TEST_STEP][PASSED] - Statement - batchlength = com.kms.katalon.core.webui.keyword.WebUiBuiltInKeywords.modifyObjectProperty(batchlength, "xpath", "equals", "//*[@id = "fldvendor" + row + ""]", true): Modify property of object successfully

2018-05-21 20:40:36 - [MESSAGE][PASSED] - Modify property of object successfully

2018-05-21 20:40:36 - [TEST_STEP][PASSED] - Statement - batchsize = com.kms.katalon.core.webui.keyword.WebUiBuiltInKeywords.getNumberOfTotalOption(batchlength): 6 options of object '' counted

2018-05-21 20:40:36 - [MESSAGE][PASSED] - 6 options of object '' counted

2018-05-21 20:40:36 - [TEST_STEP][PASSED] - Statement - out.println("BatchSize : " + batchsize): null

2018-05-21 20:40:36 - [TEST_STEP][PASSED] - Statement - For ([n = 1, n <= batchsize - 1, (n++)]): null

2018-05-21 20:40:36 - [TEST_STEP][PASSED] - Statement - product = new com.kms.katalon.core.testobject.TestObject(): null

2018-05-21 20:40:36 - [TEST_STEP][PASSED] - Statement - product = com.kms.katalon.core.webui.keyword.WebUiBuiltInKeywords.modifyObjectProperty(product, "xpath", "equals", "//*[@id = "fldvendor" + row + ""]", true): Modify property of object successfully

2018-05-21 20:40:36 - [MESSAGE][PASSED] - Modify property of object successfully

2018-05-21 20:40:36 - [TEST_STEP][PASSED] - selectOptionByIndex: All options with index in [1] are selected on object ''

2018-05-21 20:40:36 - [MESSAGE][PASSED] - All options with index in [1] are selected on object ''

2018-05-21 20:40:36 - [TEST_STEP][PASSED] - Statement - batch = new com.kms.katalon.core.testobject.TestObject(): null

2018-05-21 20:40:36 - [TEST_STEP][PASSED] - Statement - batch = com.kms.katalon.core.webui.keyword.WebUiBuiltInKeywords.modifyObjectProperty(batch, "xpath", "equals", "//*[@id = "txtbthqty" + row + ""]", true): Modify property of object successfully

2018-05-21 20:40:36 - [MESSAGE][PASSED] - Modify property of object successfully

2018-05-21 20:40:36 - [TEST_STEP][PASSED] - Statement - batchqty = com.kms.katalon.core.webui.keyword.WebUiBuiltInKeywords.getAttribute(batch, "value").trim(): Attribute 'value' of object '' is: '3600'

2018-05-21 20:40:36 - [MESSAGE][PASSED] - Attribute 'value' of object '' is: '3600'

2018-05-21 20:40:36 - [TEST_STEP][PASSED] - Statement - Rqty = 100: null

2018-05-21 20:40:36 - [TEST_STEP][PASSED] - delay: Delayed 2 second(s)

2018-05-21 20:40:38 - [MESSAGE][PASSED] - Delayed 2 second(s)

2018-05-21 20:40:38 - [TEST_STEP][PASSED] - Statement - out.println("BatchQty : " + batchqty): null

2018-05-21 20:40:38 - [TEST_STEP][PASSED] - Statement - out.println("RQty : " + Rqty): null

2018-05-21 20:40:38 - [TEST_STEP][PASSED] - Statement - If (java.lang.Integer.valueOf(batchqty) >= java.lang.Integer.valueOf(Rqty)): null

2018-05-21 20:40:38 - [TEST_STEP][PASSED] - Statement - Break: null

2018-05-21 20:40:38 - [TEST_STEP][PASSED] - Statement - batchlength = new com.kms.katalon.core.testobject.TestObject(): null

2018-05-21 20:40:38 - [TEST_STEP][PASSED] - Statement - batchlength = com.kms.katalon.core.webui.keyword.WebUiBuiltInKeywords.modifyObjectProperty(batchlength, "xpath", "equals", "//*[@id = "fldvendor" + row + ""]", true): Modify property of object successfully

2018-05-21 20:40:38 - [MESSAGE][PASSED] - Modify property of object successfully

2018-05-21 20:40:38 - [TEST_STEP][PASSED] - Statement - batchsize = com.kms.katalon.core.webui.keyword.WebUiBuiltInKeywords.getNumberOfTotalOption(batchlength): 6 options of object '' counted

2018-05-21 20:40:38 - [MESSAGE][PASSED] - 6 options of object '' counted

2018-05-21 20:40:38 - [TEST_STEP][PASSED] - Statement - out.println("BatchSize : " + batchsize): null

2018-05-21 20:40:38 - [TEST_STEP][PASSED] - Statement - For ([n = 1, n <= batchsize - 1, (n++)]): null

2018-05-21 20:40:38 - [TEST_STEP][PASSED] - Statement - product = new com.kms.katalon.core.testobject.TestObject(): null

2018-05-21 20:40:38 - [TEST_STEP][PASSED] - Statement - product = com.kms.katalon.core.webui.keyword.WebUiBuiltInKeywords.modifyObjectProperty(product, "xpath", "equals", "//*[@id = "fldvendor" + row + ""]", true): Modify property of object successfully

2018-05-21 20:40:38 - [MESSAGE][PASSED] - Modify property of object successfully

2018-05-21 20:40:38 - [TEST_STEP][PASSED] - selectOptionByIndex: All options with index in [1] are selected on object ''

2018-05-21 20:40:38 - [MESSAGE][PASSED] - All options with index in [1] are selected on object ''

2018-05-21 20:40:38 - [TEST_STEP][PASSED] - Statement - batch = new com.kms.katalon.core.testobject.TestObject(): null

2018-05-21 20:40:38 - [TEST_STEP][PASSED] - Statement - batch = com.kms.katalon.core.webui.keyword.WebUiBuiltInKeywords.modifyObjectProperty(batch, "xpath", "equals", "//*[@id = "txtbthqty" + row + ""]", true): Modify property of object successfully

2018-05-21 20:40:38 - [MESSAGE][PASSED] - Modify property of object successfully

2018-05-21 20:40:38 - [TEST_STEP][PASSED] - Statement - batchqty = com.kms.katalon.core.webui.keyword.WebUiBuiltInKeywords.getAttribute(batch, "value").trim(): Attribute 'value' of object '' is: '4600'

2018-05-21 20:40:38 - [MESSAGE][PASSED] - Attribute 'value' of object '' is: '4600'

2018-05-21 20:40:38 - [TEST_STEP][PASSED] - Statement - Rqty = 100: null

2018-05-21 20:40:38 - [TEST_STEP][PASSED] - delay: Delayed 2 second(s)

2018-05-21 20:40:40 - [MESSAGE][PASSED] - Delayed 2 second(s)

2018-05-21 20:40:40 - [TEST_STEP][PASSED] - Statement - out.println("BatchQty : " + batchqty): null

2018-05-21 20:40:40 - [TEST_STEP][PASSED] - Statement - out.println("RQty : " + Rqty): null

2018-05-21 20:40:40 - [TEST_STEP][PASSED] - Statement - If (java.lang.Integer.valueOf(batchqty) >= java.lang.Integer.valueOf(Rqty)): null

2018-05-21 20:40:40 - [TEST_STEP][PASSED] - Statement - Break: null

2018-05-21 20:40:40 - [TEST_STEP][PASSED] - Statement - batchlength = new com.kms.katalon.core.testobject.TestObject(): null

2018-05-21 20:40:40 - [TEST_STEP][PASSED] - Statement - batchlength = com.kms.katalon.core.webui.keyword.WebUiBuiltInKeywords.modifyObjectProperty(batchlength, "xpath", "equals", "//*[@id = "fldvendor" + row + ""]", true): Modify property of object successfully

2018-05-21 20:40:40 - [MESSAGE][PASSED] - Modify property of object successfully

2018-05-21 20:40:40 - [TEST_STEP][PASSED] - Statement - batchsize = com.kms.katalon.core.webui.keyword.WebUiBuiltInKeywords.getNumberOfTotalOption(batchlength): 6 options of object '' counted

2018-05-21 20:40:40 - [MESSAGE][PASSED] - 6 options of object '' counted

2018-05-21 20:40:40 - [TEST_STEP][PASSED] - Statement - out.println("BatchSize : " + batchsize): null

2018-05-21 20:40:40 - [TEST_STEP][PASSED] - Statement - For ([n = 1, n <= batchsize - 1, (n++)]): null

2018-05-21 20:40:40 - [TEST_STEP][PASSED] - Statement - product = new com.kms.katalon.core.testobject.TestObject(): null

2018-05-21 20:40:40 - [TEST_STEP][PASSED] - Statement - product = com.kms.katalon.core.webui.keyword.WebUiBuiltInKeywords.modifyObjectProperty(product, "xpath", "equals", "//*[@id = "fldvendor" + row + ""]", true): Modify property of object successfully

2018-05-21 20:40:40 - [MESSAGE][PASSED] - Modify property of object successfully

2018-05-21 20:40:40 - [TEST_STEP][PASSED] - selectOptionByIndex: All options with index in [1] are selected on object ''

2018-05-21 20:40:40 - [MESSAGE][PASSED] - All options with index in [1] are selected on object ''

2018-05-21 20:40:40 - [TEST_STEP][PASSED] - Statement - batch = new com.kms.katalon.core.testobject.TestObject(): null

2018-05-21 20:40:40 - [TEST_STEP][PASSED] - Statement - batch = com.kms.katalon.core.webui.keyword.WebUiBuiltInKeywords.modifyObjectProperty(batch, "xpath", "equals", "//*[@id = "txtbthqty" + row + ""]", true): Modify property of object successfully

2018-05-21 20:40:40 - [MESSAGE][PASSED] - Modify property of object successfully

2018-05-21 20:40:40 - [TEST_STEP][PASSED] - Statement - batchqty = com.kms.katalon.core.webui.keyword.WebUiBuiltInKeywords.getAttribute(batch, "value").trim(): Attribute 'value' of object '' is: '38500'

2018-05-21 20:40:40 - [MESSAGE][PASSED] - Attribute 'value' of object '' is: '38500'

2018-05-21 20:40:40 - [TEST_STEP][PASSED] - Statement - Rqty = 100: null

2018-05-21 20:40:40 - [TEST_STEP][PASSED] - delay: Delayed 2 second(s)

2018-05-21 20:40:42 - [MESSAGE][PASSED] - Delayed 2 second(s)

2018-05-21 20:40:42 - [TEST_STEP][PASSED] - Statement - out.println("BatchQty : " + batchqty): null

2018-05-21 20:40:42 - [TEST_STEP][PASSED] - Statement - out.println("RQty : " + Rqty): null

2018-05-21 20:40:42 - [TEST_STEP][PASSED] - Statement - If (java.lang.Integer.valueOf(batchqty) >= java.lang.Integer.valueOf(Rqty)): null

2018-05-21 20:40:42 - [TEST_STEP][PASSED] - Statement - Break: null

2018-05-21 20:40:42 - [TEST_STEP][PASSED] - Statement - batchlength = new com.kms.katalon.core.testobject.TestObject(): null

2018-05-21 20:40:42 - [TEST_STEP][PASSED] - Statement - batchlength = com.kms.katalon.core.webui.keyword.WebUiBuiltInKeywords.modifyObjectProperty(batchlength, "xpath", "equals", "//*[@id = "fldvendor" + row + ""]", true): Modify property of object successfully

2018-05-21 20:40:42 - [MESSAGE][PASSED] - Modify property of object successfully

2018-05-21 20:40:42 - [TEST_STEP][PASSED] - Statement - batchsize = com.kms.katalon.core.webui.keyword.WebUiBuiltInKeywords.getNumberOfTotalOption(batchlength): 7 options of object '' counted

2018-05-21 20:40:42 - [MESSAGE][PASSED] - 7 options of object '' counted

2018-05-21 20:40:42 - [TEST_STEP][PASSED] - Statement - out.println("BatchSize : " + batchsize): null

2018-05-21 20:40:42 - [TEST_STEP][PASSED] - Statement - For ([n = 1, n <= batchsize - 1, (n++)]): null

2018-05-21 20:40:42 - [TEST_STEP][PASSED] - Statement - product = new com.kms.katalon.core.testobject.TestObject(): null

2018-05-21 20:40:42 - [TEST_STEP][PASSED] - Statement - product = com.kms.katalon.core.webui.keyword.WebUiBuiltInKeywords.modifyObjectProperty(product, "xpath", "equals", "//*[@id = "fldvendor" + row + ""]", true): Modify property of object successfully

2018-05-21 20:40:42 - [MESSAGE][PASSED] - Modify property of object successfully

2018-05-21 20:40:42 - [TEST_STEP][PASSED] - selectOptionByIndex: All options with index in [1] are selected on object ''

2018-05-21 20:40:43 - [MESSAGE][PASSED] - All options with index in [1] are selected on object ''

2018-05-21 20:40:43 - [TEST_STEP][PASSED] - Statement - batch = new com.kms.katalon.core.testobject.TestObject(): null

2018-05-21 20:40:43 - [TEST_STEP][PASSED] - Statement - batch = com.kms.katalon.core.webui.keyword.WebUiBuiltInKeywords.modifyObjectProperty(batch, "xpath", "equals", "//*[@id = "txtbthqty" + row + ""]", true): Modify property of object successfully

2018-05-21 20:40:43 - [MESSAGE][PASSED] - Modify property of object successfully

2018-05-21 20:40:43 - [TEST_STEP][PASSED] - Statement - batchqty = com.kms.katalon.core.webui.keyword.WebUiBuiltInKeywords.getAttribute(batch, "value").trim(): Attribute 'value' of object '' is: '3300'

2018-05-21 20:40:43 - [MESSAGE][PASSED] - Attribute 'value' of object '' is: '3300'

2018-05-21 20:40:43 - [TEST_STEP][PASSED] - Statement - Rqty = 100: null

2018-05-21 20:40:43 - [TEST_STEP][PASSED] - delay: Delayed 2 second(s)

2018-05-21 20:40:45 - [MESSAGE][PASSED] - Delayed 2 second(s)

2018-05-21 20:40:45 - [TEST_STEP][PASSED] - Statement - out.println("BatchQty : " + batchqty): null

2018-05-21 20:40:45 - [TEST_STEP][PASSED] - Statement - out.println("RQty : " + Rqty): null

2018-05-21 20:40:45 - [TEST_STEP][PASSED] - Statement - If (java.lang.Integer.valueOf(batchqty) >= java.lang.Integer.valueOf(Rqty)): null

2018-05-21 20:40:45 - [TEST_STEP][PASSED] - Statement - Break: null

2018-05-21 20:40:45 - [TEST_STEP][PASSED] - Statement - batchlength = new com.kms.katalon.core.testobject.TestObject(): null

2018-05-21 20:40:45 - [TEST_STEP][PASSED] - Statement - batchlength = com.kms.katalon.core.webui.keyword.WebUiBuiltInKeywords.modifyObjectProperty(batchlength, "xpath", "equals", "//*[@id = "fldvendor" + row + ""]", true): Modify property of object successfully

2018-05-21 20:40:45 - [MESSAGE][PASSED] - Modify property of object successfully

2018-05-21 20:40:45 - [TEST_STEP][PASSED] - Statement - batchsize = com.kms.katalon.core.webui.keyword.WebUiBuiltInKeywords.getNumberOfTotalOption(batchlength): 7 options of object '' counted

2018-05-21 20:40:45 - [MESSAGE][PASSED] - 7 options of object '' counted

2018-05-21 20:40:45 - [TEST_STEP][PASSED] - Statement - out.println("BatchSize : " + batchsize): null

2018-05-21 20:40:45 - [TEST_STEP][PASSED] - Statement - For ([n = 1, n <= batchsize - 1, (n++)]): null

2018-05-21 20:40:45 - [TEST_STEP][PASSED] - Statement - product = new com.kms.katalon.core.testobject.TestObject(): null

2018-05-21 20:40:45 - [TEST_STEP][PASSED] - Statement - product = com.kms.katalon.core.webui.keyword.WebUiBuiltInKeywords.modifyObjectProperty(product, "xpath", "equals", "//*[@id = "fldvendor" + row + ""]", true): Modify property of object successfully

2018-05-21 20:40:45 - [MESSAGE][PASSED] - Modify property of object successfully

2018-05-21 20:40:45 - [TEST_STEP][PASSED] - selectOptionByIndex: All options with index in [1] are selected on object ''

2018-05-21 20:40:45 - [MESSAGE][PASSED] - All options with index in [1] are selected on object ''

2018-05-21 20:40:45 - [TEST_STEP][PASSED] - Statement - batch = new com.kms.katalon.core.testobject.TestObject(): null

2018-05-21 20:40:45 - [TEST_STEP][PASSED] - Statement - batch = com.kms.katalon.core.webui.keyword.WebUiBuiltInKeywords.modifyObjectProperty(batch, "xpath", "equals", "//*[@id = "txtbthqty" + row + ""]", true): Modify property of object successfully

2018-05-21 20:40:45 - [MESSAGE][PASSED] - Modify property of object successfully

2018-05-21 20:40:45 - [TEST_STEP][PASSED] - Statement - batchqty = com.kms.katalon.core.webui.keyword.WebUiBuiltInKeywords.getAttribute(batch, "value").trim(): Attribute 'value' of object '' is: '3300'

2018-05-21 20:40:45 - [MESSAGE][PASSED] - Attribute 'value' of object '' is: '3300'

2018-05-21 20:40:45 - [TEST_STEP][PASSED] - Statement - Rqty = 100: null

2018-05-21 20:40:45 - [TEST_STEP][PASSED] - delay: Delayed 2 second(s)

2018-05-21 20:40:47 - [MESSAGE][PASSED] - Delayed 2 second(s)

2018-05-21 20:40:47 - [TEST_STEP][PASSED] - Statement - out.println("BatchQty : " + batchqty): null

2018-05-21 20:40:47 - [TEST_STEP][PASSED] - Statement - out.println("RQty : " + Rqty): null

2018-05-21 20:40:47 - [TEST_STEP][PASSED] - Statement - If (java.lang.Integer.valueOf(batchqty) >= java.lang.Integer.valueOf(Rqty)): null

2018-05-21 20:40:47 - [TEST_STEP][PASSED] - Statement - Break: null

2018-05-21 20:40:47 - [TEST_STEP][PASSED] - Statement - batchlength = new com.kms.katalon.core.testobject.TestObject(): null

2018-05-21 20:40:47 - [TEST_STEP][PASSED] - Statement - batchlength = com.kms.katalon.core.webui.keyword.WebUiBuiltInKeywords.modifyObjectProperty(batchlength, "xpath", "equals", "//*[@id = "fldvendor" + row + ""]", true): Modify property of object successfully

2018-05-21 20:40:47 - [MESSAGE][PASSED] - Modify property of object successfully

2018-05-21 20:40:47 - [TEST_STEP][PASSED] - Statement - batchsize = com.kms.katalon.core.webui.keyword.WebUiBuiltInKeywords.getNumberOfTotalOption(batchlength): 7 options of object '' counted

2018-05-21 20:40:47 - [MESSAGE][PASSED] - 7 options of object '' counted

2018-05-21 20:40:47 - [TEST_STEP][PASSED] - Statement - out.println("BatchSize : " + batchsize): null

2018-05-21 20:40:47 - [TEST_STEP][PASSED] - Statement - For ([n = 1, n <= batchsize - 1, (n++)]): null

2018-05-21 20:40:47 - [TEST_STEP][PASSED] - Statement - product = new com.kms.katalon.core.testobject.TestObject(): null

2018-05-21 20:40:47 - [TEST_STEP][PASSED] - Statement - product = com.kms.katalon.core.webui.keyword.WebUiBuiltInKeywords.modifyObjectProperty(product, "xpath", "equals", "//*[@id = "fldvendor" + row + ""]", true): Modify property of object successfully

2018-05-21 20:40:47 - [MESSAGE][PASSED] - Modify property of object successfully

2018-05-21 20:40:47 - [TEST_STEP][PASSED] - selectOptionByIndex: All options with index in [1] are selected on object ''

2018-05-21 20:40:47 - [MESSAGE][PASSED] - All options with index in [1] are selected on object ''

2018-05-21 20:40:47 - [TEST_STEP][PASSED] - Statement - batch = new com.kms.katalon.core.testobject.TestObject(): null

2018-05-21 20:40:47 - [TEST_STEP][PASSED] - Statement - batch = com.kms.katalon.core.webui.keyword.WebUiBuiltInKeywords.modifyObjectProperty(batch, "xpath", "equals", "//*[@id = "txtbthqty" + row + ""]", true): Modify property of object successfully

2018-05-21 20:40:47 - [MESSAGE][PASSED] - Modify property of object successfully

2018-05-21 20:40:47 - [TEST_STEP][PASSED] - Statement - batchqty = com.kms.katalon.core.webui.keyword.WebUiBuiltInKeywords.getAttribute(batch, "value").trim(): Attribute 'value' of object '' is: '4300'

2018-05-21 20:40:47 - [MESSAGE][PASSED] - Attribute 'value' of object '' is: '4300'

2018-05-21 20:40:47 - [TEST_STEP][PASSED] - Statement - Rqty = 100: null

2018-05-21 20:40:47 - [TEST_STEP][PASSED] - delay: Delayed 2 second(s)

2018-05-21 20:40:49 - [MESSAGE][PASSED] - Delayed 2 second(s)

2018-05-21 20:40:49 - [TEST_STEP][PASSED] - Statement - out.println("BatchQty : " + batchqty): null

2018-05-21 20:40:49 - [TEST_STEP][PASSED] - Statement - out.println("RQty : " + Rqty): null

2018-05-21 20:40:49 - [TEST_STEP][PASSED] - Statement - If (java.lang.Integer.valueOf(batchqty) >= java.lang.Integer.valueOf(Rqty)): null

2018-05-21 20:40:49 - [TEST_STEP][PASSED] - Statement - Break: null

2018-05-21 20:40:49 - [TEST_STEP][PASSED] - click: Object: 'Object Repository/store Request Schedule 1/Page_KDMC - CMS/input_btndispatch' is clicked on

2018-05-21 20:40:49 - [MESSAGE][PASSED] - Object: 'Object Repository/store Request Schedule 1/Page_KDMC - CMS/input_btndispatch' is clicked on

2018-05-21 20:40:49 - [TEST_STEP][PASSED] - delay: Delayed 3 second(s)

2018-05-21 20:40:52 - [MESSAGE][PASSED] - Delayed 3 second(s)

2018-05-21 20:40:52 - [TEST_STEP][PASSED] - click: Object: 'Object Repository/store Request Schedule 1/Page_KDMC - CMS/button_OK' is clicked on

2018-05-21 20:40:53 - [MESSAGE][PASSED] - Object: 'Object Repository/store Request Schedule 1/Page_KDMC - CMS/button_OK' is clicked on

2018-05-21 20:40:53 - [TEST_STEP][PASSED] - click: Object: 'Object Repository/store Request Schedule 1/Page_KDMC - CMS/a_dropdown-toggle' is clicked on

2018-05-21 20:40:54 - [MESSAGE][PASSED] - Object: 'Object Repository/store Request Schedule 1/Page_KDMC - CMS/a_dropdown-toggle' is clicked on

2018-05-21 20:40:54 - [TEST_STEP][PASSED] - click: Object: 'Object Repository/store Request Schedule 1/Page_KDMC - CMS/a_Sign out' is clicked on

2018-05-21 20:40:55 - [MESSAGE][PASSED] - Object: 'Object Repository/store Request Schedule 1/Page_KDMC - CMS/a_Sign out' is clicked on

2018-05-21 20:40:55 - [TEST_STEP][PASSED] - delay: Delayed 3 second(s)

2018-05-21 20:40:58 - [MESSAGE][PASSED] - Delayed 3 second(s)

2018-05-21 20:40:58 - [TEST_STEP][PASSED] - click: Object: 'Object Repository/Store Request Schedule 1/Page_KDMC/a_Divisional Store' is clicked on

2018-05-21 20:40:58 - [MESSAGE][PASSED] - Object: 'Object Repository/Store Request Schedule 1/Page_KDMC/a_Divisional Store' is clicked on

2018-05-21 20:40:58 - [TEST_STEP][PASSED] - setText: Text 'ragu' is set on object 'Object Repository/Store Request Schedule 1/Page_Divisonal Store Login/input_txtusername'

2018-05-21 20:40:58 - [MESSAGE][PASSED] - Text 'ragu' is set on object 'Object Repository/Store Request Schedule 1/Page_Divisonal Store Login/input_txtusername'

2018-05-21 20:40:58 - [TEST_STEP][PASSED] - setText: Text '123' is set on object 'Object Repository/Store Request Schedule 1/Page_Divisonal Store Login/input_txtpassword'

2018-05-21 20:40:58 - [MESSAGE][PASSED] - Text '123' is set on object 'Object Repository/Store Request Schedule 1/Page_Divisonal Store Login/input_txtpassword'

2018-05-21 20:40:58 - [TEST_STEP][PASSED] - delay: Delayed 3 second(s)

2018-05-21 20:41:01 - [MESSAGE][PASSED] - Delayed 3 second(s)

2018-05-21 20:41:01 - [TEST_STEP][PASSED] - click: Object: 'Object Repository/Store Request Schedule 1/Page_Divisonal Store Login/button_Sign in' is clicked on

2018-05-21 20:41:03 - [MESSAGE][PASSED] - Object: 'Object Repository/Store Request Schedule 1/Page_Divisonal Store Login/button_Sign in' is clicked on

2018-05-21 20:41:03 - [TEST_STEP][PASSED] - delay: Delayed 3 second(s)

2018-05-21 20:41:06 - [MESSAGE][PASSED] - Delayed 3 second(s)

2018-05-21 20:41:06 - [TEST_STEP][PASSED] - click: Object: 'Object Repository/Store Request Schedule 1/Page_Store/a_CMS' is clicked on

2018-05-21 20:41:06 - [MESSAGE][PASSED] - Object: 'Object Repository/Store Request Schedule 1/Page_Store/a_CMS' is clicked on

2018-05-21 20:41:06 - [TEST_STEP][PASSED] - delay: Delayed 2 second(s)

2018-05-21 20:41:08 - [MESSAGE][PASSED] - Delayed 2 second(s)

2018-05-21 20:41:08 - [TEST_STEP][PASSED] - click: Object: 'Object Repository/Store Request Schedule 1/Page_Store/a_Receiving Goods' is clicked on

2018-05-21 20:41:08 - [MESSAGE][PASSED] - Object: 'Object Repository/Store Request Schedule 1/Page_Store/a_Receiving Goods' is clicked on

2018-05-21 20:41:08 - [TEST_STEP][PASSED] - setText: Text 'PRNO/21052018/331' is set on object 'Object Repository/Store Request Schedule 1/Page_Store/input'

2018-05-21 20:41:09 - [MESSAGE][PASSED] - Text 'PRNO/21052018/331' is set on object 'Object Repository/Store Request Schedule 1/Page_Store/input'

2018-05-21 20:41:09 - [TEST_STEP][PASSED] - click: Object: 'Object Repository/Store Request Schedule 1/Page_Store/input_btn btn-primary' is clicked on

2018-05-21 20:41:09 - [MESSAGE][PASSED] - Object: 'Object Repository/Store Request Schedule 1/Page_Store/input_btn btn-primary' is clicked on

2018-05-21 20:41:09 - [TEST_STEP][PASSED] - delay: Delayed 2 second(s)

2018-05-21 20:41:11 - [MESSAGE][PASSED] - Delayed 2 second(s)

2018-05-21 20:41:11 - [TEST_STEP][PASSED] - click: Object: 'Object Repository/Store Request Schedule 1/Page_Store/input_chkrem' is clicked on

2018-05-21 20:41:11 - [MESSAGE][PASSED] - Object: 'Object Repository/Store Request Schedule 1/Page_Store/input_chkrem' is clicked on

2018-05-21 20:41:11 - [TEST_STEP][PASSED] - scrollToElement: Scroll to object 'Object Repository/Store Request Schedule 1/Page_Store/input_btchkroqadd' successfully

2018-05-21 20:41:11 - [MESSAGE][PASSED] - Scroll to object 'Object Repository/Store Request Schedule 1/Page_Store/input_btchkroqadd' successfully

2018-05-21 20:41:11 - [TEST_STEP][PASSED] - click: Object: 'Object Repository/Store Request Schedule 1/Page_Store/input_btchkroqadd' is clicked on

2018-05-21 20:41:11 - [MESSAGE][PASSED] - Object: 'Object Repository/Store Request Schedule 1/Page_Store/input_btchkroqadd' is clicked on

2018-05-21 20:41:11 - [TEST_STEP][PASSED] - delay: Delayed 2 second(s)

2018-05-21 20:41:13 - [MESSAGE][PASSED] - Delayed 2 second(s)

2018-05-21 20:41:13 - [TEST_STEP][PASSED] - refresh: Refresh successfully

2018-05-21 20:41:14 - [MESSAGE][PASSED] - Refresh successfully

2018-05-21 20:41:14 - [TEST_STEP][PASSED] - delay: Delayed 3 second(s)

2018-05-21 20:41:17 - [MESSAGE][PASSED] - Delayed 3 second(s)

2018-05-21 20:41:17 - [TEST_STEP][PASSED] - click: Object: 'Object Repository/Store Request Schedule 1/Page_Store/a_dropdown-toggle' is clicked on

2018-05-21 20:41:17 - [MESSAGE][PASSED] - Object: 'Object Repository/Store Request Schedule 1/Page_Store/a_dropdown-toggle' is clicked on

2018-05-21 20:41:17 - [TEST_STEP][PASSED] - click: Object: 'Object Repository/Store Request Schedule 1/Page_Store/a_Sign out' is clicked on

2018-05-21 20:41:17 - [MESSAGE][PASSED] - Object: 'Object Repository/Store Request Schedule 1/Page_Store/a_Sign out' is clicked on

2018-05-21 20:41:17 - [TEST_STEP][PASSED] - closeBrowser: Browser is closed

2018-05-21 20:41:18 - [MESSAGE][PASSED] - Browser is closed

2018-05-21 20:41:18 - [TEST_STEP][PASSED] - Statement - out.println("Schedule 4 STORE Request Are Working Successfully"): null]]></system-out>
         <system-err><![CDATA[]]></system-err>
      </testcase>
      <testcase name="Test Cases/STORE TO CMS REQUEST TEST CASES/TC_STCMS_005 To Verify Schedule 5 Store To CMS Request Are Working Successfully Or Not" classname="Test Cases/STORE TO CMS REQUEST TEST CASES/TC_STCMS_005 To Verify Schedule 5 Store To CMS Request Are Working Successfully Or Not" status="PASSED">
         <system-out><![CDATA[2018-05-21 20:41:18 - [TEST_CASE][PASSED] - Test Cases/STORE TO CMS REQUEST TEST CASES/TC_STCMS_005 To Verify Schedule 5 Store To CMS Request Are Working Successfully Or Not: Test Cases/STORE TO CMS REQUEST TEST CASES/TC_STCMS_005 To Verify Schedule 5 Store To CMS Request Are Working Successfully Or Not

2018-05-21 20:41:18 - [TEST_STEP][PASSED] - openBrowser: Browser is opened with url: ''

2018-05-21 20:41:20 - [MESSAGE][PASSED] - Browser is opened with url: ''

2018-05-21 20:41:20 - [TEST_STEP][PASSED] - Statement - out.println("Verify Schedule 5 STORE Request Are Working Successfully Or Not"): null

2018-05-21 20:41:20 - [TEST_STEP][PASSED] - navigateToUrl: Navigate to 'http://192.168.137.1/multihospital_new/' successfully

2018-05-21 20:41:22 - [MESSAGE][PASSED] - Navigate to 'http://192.168.137.1/multihospital_new/' successfully

2018-05-21 20:41:22 - [TEST_STEP][PASSED] - maximizeWindow: Current window maximized

2018-05-21 20:41:23 - [MESSAGE][PASSED] - Current window maximized

2018-05-21 20:41:23 - [TEST_STEP][PASSED] - click: Object: 'Object Repository/Store Request Schedule 1/Page_KDMC/a_Divisional Store' is clicked on

2018-05-21 20:41:24 - [MESSAGE][PASSED] - Object: 'Object Repository/Store Request Schedule 1/Page_KDMC/a_Divisional Store' is clicked on

2018-05-21 20:41:24 - [TEST_STEP][PASSED] - setText: Text 'ragu' is set on object 'Object Repository/Store Request Schedule 1/Page_Divisonal Store Login/input_txtusername'

2018-05-21 20:41:24 - [MESSAGE][PASSED] - Text 'ragu' is set on object 'Object Repository/Store Request Schedule 1/Page_Divisonal Store Login/input_txtusername'

2018-05-21 20:41:24 - [TEST_STEP][PASSED] - setText: Text '123' is set on object 'Object Repository/Store Request Schedule 1/Page_Divisonal Store Login/input_txtpassword'

2018-05-21 20:41:24 - [MESSAGE][PASSED] - Text '123' is set on object 'Object Repository/Store Request Schedule 1/Page_Divisonal Store Login/input_txtpassword'

2018-05-21 20:41:24 - [TEST_STEP][PASSED] - delay: Delayed 3 second(s)

2018-05-21 20:41:27 - [MESSAGE][PASSED] - Delayed 3 second(s)

2018-05-21 20:41:27 - [TEST_STEP][PASSED] - click: Object: 'Object Repository/Store Request Schedule 1/Page_Divisonal Store Login/button_Sign in' is clicked on

2018-05-21 20:41:29 - [MESSAGE][PASSED] - Object: 'Object Repository/Store Request Schedule 1/Page_Divisonal Store Login/button_Sign in' is clicked on

2018-05-21 20:41:29 - [TEST_STEP][PASSED] - delay: Delayed 3 second(s)

2018-05-21 20:41:32 - [MESSAGE][PASSED] - Delayed 3 second(s)

2018-05-21 20:41:32 - [TEST_STEP][PASSED] - click: Object: 'Object Repository/Store Request Schedule 1/Page_Store/a_CMS' is clicked on

2018-05-21 20:41:32 - [MESSAGE][PASSED] - Object: 'Object Repository/Store Request Schedule 1/Page_Store/a_CMS' is clicked on

2018-05-21 20:41:32 - [TEST_STEP][PASSED] - delay: Delayed 2 second(s)

2018-05-21 20:41:34 - [MESSAGE][PASSED] - Delayed 2 second(s)

2018-05-21 20:41:34 - [TEST_STEP][PASSED] - click: Object: 'Object Repository/Store Request Schedule 1/Page_Store/a_Request Send' is clicked on

2018-05-21 20:41:35 - [MESSAGE][PASSED] - Object: 'Object Repository/Store Request Schedule 1/Page_Store/a_Request Send' is clicked on

2018-05-21 20:41:35 - [TEST_STEP][PASSED] - selectOptionByIndex: All options with index in [1] are selected on object 'Object Repository/Store Request Schedule 1/Page_Store/select_--Select--'

2018-05-21 20:41:35 - [MESSAGE][PASSED] - All options with index in [1] are selected on object 'Object Repository/Store Request Schedule 1/Page_Store/select_--Select--'

2018-05-21 20:41:35 - [TEST_STEP][PASSED] - selectOptionByIndex: All options with index in [5] are selected on object 'Object Repository/Store Request Schedule 1/Page_Store/select_--Select--Schedule 1Inj'

2018-05-21 20:41:36 - [MESSAGE][PASSED] - All options with index in [5] are selected on object 'Object Repository/Store Request Schedule 1/Page_Store/select_--Select--Schedule 1Inj'

2018-05-21 20:41:36 - [TEST_STEP][PASSED] - Statement - SelectedOptions = com.kms.katalon.core.webui.keyword.WebUiBuiltInKeywords.getNumberOfTotalOption(com.kms.katalon.core.testobject.ObjectRepository.findTestObject(Store Request Schedule 1/Page_Store/select_--Select--Adernaline 0.)): 17 options of object 'Object Repository/Store Request Schedule 1/Page_Store/select_--Select--Adernaline 0.' counted

2018-05-21 20:41:36 - [MESSAGE][PASSED] - 17 options of object 'Object Repository/Store Request Schedule 1/Page_Store/select_--Select--Adernaline 0.' counted

2018-05-21 20:41:36 - [TEST_STEP][PASSED] - Statement - For ([y = 1, y < SelectedOptions, (y++)]): Object: 'Object Repository/Store Request Schedule 1/Page_Store/button_Add' is clicked on

2018-05-21 20:41:36 - [TEST_STEP][PASSED] - selectOptionByIndex: All options with index in [5] are selected on object 'Object Repository/Store Request Schedule 1/Page_Store/select_--Select--Schedule 1Inj'

2018-05-21 20:41:36 - [MESSAGE][PASSED] - All options with index in [5] are selected on object 'Object Repository/Store Request Schedule 1/Page_Store/select_--Select--Schedule 1Inj'

2018-05-21 20:41:36 - [TEST_STEP][PASSED] - delay: Delayed 1 second(s)

2018-05-21 20:41:37 - [MESSAGE][PASSED] - Delayed 1 second(s)

2018-05-21 20:41:37 - [TEST_STEP][PASSED] - selectOptionByIndex: All options with index in [1] are selected on object 'Object Repository/Store Request Schedule 1/Page_Store/select_--Select--Adernaline 0.'

2018-05-21 20:41:37 - [MESSAGE][PASSED] - All options with index in [1] are selected on object 'Object Repository/Store Request Schedule 1/Page_Store/select_--Select--Adernaline 0.'

2018-05-21 20:41:37 - [TEST_STEP][PASSED] - setText: Text '100' is set on object 'Object Repository/Store Request Schedule 1/Page_Store/input_txttreat'

2018-05-21 20:41:37 - [MESSAGE][PASSED] - Text '100' is set on object 'Object Repository/Store Request Schedule 1/Page_Store/input_txttreat'

2018-05-21 20:41:37 - [TEST_STEP][PASSED] - click: Object: 'Object Repository/Store Request Schedule 1/Page_Store/button_Add' is clicked on

2018-05-21 20:41:37 - [MESSAGE][PASSED] - Object: 'Object Repository/Store Request Schedule 1/Page_Store/button_Add' is clicked on

2018-05-21 20:41:37 - [TEST_STEP][PASSED] - selectOptionByIndex: All options with index in [5] are selected on object 'Object Repository/Store Request Schedule 1/Page_Store/select_--Select--Schedule 1Inj'

2018-05-21 20:41:37 - [MESSAGE][PASSED] - All options with index in [5] are selected on object 'Object Repository/Store Request Schedule 1/Page_Store/select_--Select--Schedule 1Inj'

2018-05-21 20:41:37 - [TEST_STEP][PASSED] - delay: Delayed 1 second(s)

2018-05-21 20:41:38 - [MESSAGE][PASSED] - Delayed 1 second(s)

2018-05-21 20:41:38 - [TEST_STEP][PASSED] - selectOptionByIndex: All options with index in [2] are selected on object 'Object Repository/Store Request Schedule 1/Page_Store/select_--Select--Adernaline 0.'

2018-05-21 20:41:38 - [MESSAGE][PASSED] - All options with index in [2] are selected on object 'Object Repository/Store Request Schedule 1/Page_Store/select_--Select--Adernaline 0.'

2018-05-21 20:41:38 - [TEST_STEP][PASSED] - setText: Text '100' is set on object 'Object Repository/Store Request Schedule 1/Page_Store/input_txttreat'

2018-05-21 20:41:38 - [MESSAGE][PASSED] - Text '100' is set on object 'Object Repository/Store Request Schedule 1/Page_Store/input_txttreat'

2018-05-21 20:41:38 - [TEST_STEP][PASSED] - click: Object: 'Object Repository/Store Request Schedule 1/Page_Store/button_Add' is clicked on

2018-05-21 20:41:39 - [MESSAGE][PASSED] - Object: 'Object Repository/Store Request Schedule 1/Page_Store/button_Add' is clicked on

2018-05-21 20:41:39 - [TEST_STEP][PASSED] - selectOptionByIndex: All options with index in [5] are selected on object 'Object Repository/Store Request Schedule 1/Page_Store/select_--Select--Schedule 1Inj'

2018-05-21 20:41:39 - [MESSAGE][PASSED] - All options with index in [5] are selected on object 'Object Repository/Store Request Schedule 1/Page_Store/select_--Select--Schedule 1Inj'

2018-05-21 20:41:39 - [TEST_STEP][PASSED] - delay: Delayed 1 second(s)

2018-05-21 20:41:40 - [MESSAGE][PASSED] - Delayed 1 second(s)

2018-05-21 20:41:40 - [TEST_STEP][PASSED] - selectOptionByIndex: All options with index in [3] are selected on object 'Object Repository/Store Request Schedule 1/Page_Store/select_--Select--Adernaline 0.'

2018-05-21 20:41:40 - [MESSAGE][PASSED] - All options with index in [3] are selected on object 'Object Repository/Store Request Schedule 1/Page_Store/select_--Select--Adernaline 0.'

2018-05-21 20:41:40 - [TEST_STEP][PASSED] - setText: Text '100' is set on object 'Object Repository/Store Request Schedule 1/Page_Store/input_txttreat'

2018-05-21 20:41:40 - [MESSAGE][PASSED] - Text '100' is set on object 'Object Repository/Store Request Schedule 1/Page_Store/input_txttreat'

2018-05-21 20:41:40 - [TEST_STEP][PASSED] - click: Object: 'Object Repository/Store Request Schedule 1/Page_Store/button_Add' is clicked on

2018-05-21 20:41:40 - [MESSAGE][PASSED] - Object: 'Object Repository/Store Request Schedule 1/Page_Store/button_Add' is clicked on

2018-05-21 20:41:40 - [TEST_STEP][PASSED] - selectOptionByIndex: All options with index in [5] are selected on object 'Object Repository/Store Request Schedule 1/Page_Store/select_--Select--Schedule 1Inj'

2018-05-21 20:41:40 - [MESSAGE][PASSED] - All options with index in [5] are selected on object 'Object Repository/Store Request Schedule 1/Page_Store/select_--Select--Schedule 1Inj'

2018-05-21 20:41:40 - [TEST_STEP][PASSED] - delay: Delayed 1 second(s)

2018-05-21 20:41:41 - [MESSAGE][PASSED] - Delayed 1 second(s)

2018-05-21 20:41:41 - [TEST_STEP][PASSED] - selectOptionByIndex: All options with index in [4] are selected on object 'Object Repository/Store Request Schedule 1/Page_Store/select_--Select--Adernaline 0.'

2018-05-21 20:41:41 - [MESSAGE][PASSED] - All options with index in [4] are selected on object 'Object Repository/Store Request Schedule 1/Page_Store/select_--Select--Adernaline 0.'

2018-05-21 20:41:41 - [TEST_STEP][PASSED] - setText: Text '100' is set on object 'Object Repository/Store Request Schedule 1/Page_Store/input_txttreat'

2018-05-21 20:41:41 - [MESSAGE][PASSED] - Text '100' is set on object 'Object Repository/Store Request Schedule 1/Page_Store/input_txttreat'

2018-05-21 20:41:41 - [TEST_STEP][PASSED] - click: Object: 'Object Repository/Store Request Schedule 1/Page_Store/button_Add' is clicked on

2018-05-21 20:41:41 - [MESSAGE][PASSED] - Object: 'Object Repository/Store Request Schedule 1/Page_Store/button_Add' is clicked on

2018-05-21 20:41:41 - [TEST_STEP][PASSED] - selectOptionByIndex: All options with index in [5] are selected on object 'Object Repository/Store Request Schedule 1/Page_Store/select_--Select--Schedule 1Inj'

2018-05-21 20:41:42 - [MESSAGE][PASSED] - All options with index in [5] are selected on object 'Object Repository/Store Request Schedule 1/Page_Store/select_--Select--Schedule 1Inj'

2018-05-21 20:41:42 - [TEST_STEP][PASSED] - delay: Delayed 1 second(s)

2018-05-21 20:41:43 - [MESSAGE][PASSED] - Delayed 1 second(s)

2018-05-21 20:41:43 - [TEST_STEP][PASSED] - selectOptionByIndex: All options with index in [5] are selected on object 'Object Repository/Store Request Schedule 1/Page_Store/select_--Select--Adernaline 0.'

2018-05-21 20:41:43 - [MESSAGE][PASSED] - All options with index in [5] are selected on object 'Object Repository/Store Request Schedule 1/Page_Store/select_--Select--Adernaline 0.'

2018-05-21 20:41:43 - [TEST_STEP][PASSED] - setText: Text '100' is set on object 'Object Repository/Store Request Schedule 1/Page_Store/input_txttreat'

2018-05-21 20:41:43 - [MESSAGE][PASSED] - Text '100' is set on object 'Object Repository/Store Request Schedule 1/Page_Store/input_txttreat'

2018-05-21 20:41:43 - [TEST_STEP][PASSED] - click: Object: 'Object Repository/Store Request Schedule 1/Page_Store/button_Add' is clicked on

2018-05-21 20:41:43 - [MESSAGE][PASSED] - Object: 'Object Repository/Store Request Schedule 1/Page_Store/button_Add' is clicked on

2018-05-21 20:41:43 - [TEST_STEP][PASSED] - selectOptionByIndex: All options with index in [5] are selected on object 'Object Repository/Store Request Schedule 1/Page_Store/select_--Select--Schedule 1Inj'

2018-05-21 20:41:43 - [MESSAGE][PASSED] - All options with index in [5] are selected on object 'Object Repository/Store Request Schedule 1/Page_Store/select_--Select--Schedule 1Inj'

2018-05-21 20:41:43 - [TEST_STEP][PASSED] - delay: Delayed 1 second(s)

2018-05-21 20:41:44 - [MESSAGE][PASSED] - Delayed 1 second(s)

2018-05-21 20:41:44 - [TEST_STEP][PASSED] - selectOptionByIndex: All options with index in [6] are selected on object 'Object Repository/Store Request Schedule 1/Page_Store/select_--Select--Adernaline 0.'

2018-05-21 20:41:44 - [MESSAGE][PASSED] - All options with index in [6] are selected on object 'Object Repository/Store Request Schedule 1/Page_Store/select_--Select--Adernaline 0.'

2018-05-21 20:41:44 - [TEST_STEP][PASSED] - setText: Text '100' is set on object 'Object Repository/Store Request Schedule 1/Page_Store/input_txttreat'

2018-05-21 20:41:44 - [MESSAGE][PASSED] - Text '100' is set on object 'Object Repository/Store Request Schedule 1/Page_Store/input_txttreat'

2018-05-21 20:41:44 - [TEST_STEP][PASSED] - click: Object: 'Object Repository/Store Request Schedule 1/Page_Store/button_Add' is clicked on

2018-05-21 20:41:44 - [MESSAGE][PASSED] - Object: 'Object Repository/Store Request Schedule 1/Page_Store/button_Add' is clicked on

2018-05-21 20:41:44 - [TEST_STEP][PASSED] - selectOptionByIndex: All options with index in [5] are selected on object 'Object Repository/Store Request Schedule 1/Page_Store/select_--Select--Schedule 1Inj'

2018-05-21 20:41:45 - [MESSAGE][PASSED] - All options with index in [5] are selected on object 'Object Repository/Store Request Schedule 1/Page_Store/select_--Select--Schedule 1Inj'

2018-05-21 20:41:45 - [TEST_STEP][PASSED] - delay: Delayed 1 second(s)

2018-05-21 20:41:46 - [MESSAGE][PASSED] - Delayed 1 second(s)

2018-05-21 20:41:46 - [TEST_STEP][PASSED] - selectOptionByIndex: All options with index in [7] are selected on object 'Object Repository/Store Request Schedule 1/Page_Store/select_--Select--Adernaline 0.'

2018-05-21 20:41:46 - [MESSAGE][PASSED] - All options with index in [7] are selected on object 'Object Repository/Store Request Schedule 1/Page_Store/select_--Select--Adernaline 0.'

2018-05-21 20:41:46 - [TEST_STEP][PASSED] - setText: Text '100' is set on object 'Object Repository/Store Request Schedule 1/Page_Store/input_txttreat'

2018-05-21 20:41:46 - [MESSAGE][PASSED] - Text '100' is set on object 'Object Repository/Store Request Schedule 1/Page_Store/input_txttreat'

2018-05-21 20:41:46 - [TEST_STEP][PASSED] - click: Object: 'Object Repository/Store Request Schedule 1/Page_Store/button_Add' is clicked on

2018-05-21 20:41:46 - [MESSAGE][PASSED] - Object: 'Object Repository/Store Request Schedule 1/Page_Store/button_Add' is clicked on

2018-05-21 20:41:46 - [TEST_STEP][PASSED] - selectOptionByIndex: All options with index in [5] are selected on object 'Object Repository/Store Request Schedule 1/Page_Store/select_--Select--Schedule 1Inj'

2018-05-21 20:41:46 - [MESSAGE][PASSED] - All options with index in [5] are selected on object 'Object Repository/Store Request Schedule 1/Page_Store/select_--Select--Schedule 1Inj'

2018-05-21 20:41:46 - [TEST_STEP][PASSED] - delay: Delayed 1 second(s)

2018-05-21 20:41:47 - [MESSAGE][PASSED] - Delayed 1 second(s)

2018-05-21 20:41:47 - [TEST_STEP][PASSED] - selectOptionByIndex: All options with index in [8] are selected on object 'Object Repository/Store Request Schedule 1/Page_Store/select_--Select--Adernaline 0.'

2018-05-21 20:41:47 - [MESSAGE][PASSED] - All options with index in [8] are selected on object 'Object Repository/Store Request Schedule 1/Page_Store/select_--Select--Adernaline 0.'

2018-05-21 20:41:47 - [TEST_STEP][PASSED] - setText: Text '100' is set on object 'Object Repository/Store Request Schedule 1/Page_Store/input_txttreat'

2018-05-21 20:41:47 - [MESSAGE][PASSED] - Text '100' is set on object 'Object Repository/Store Request Schedule 1/Page_Store/input_txttreat'

2018-05-21 20:41:47 - [TEST_STEP][PASSED] - click: Object: 'Object Repository/Store Request Schedule 1/Page_Store/button_Add' is clicked on

2018-05-21 20:41:47 - [MESSAGE][PASSED] - Object: 'Object Repository/Store Request Schedule 1/Page_Store/button_Add' is clicked on

2018-05-21 20:41:47 - [TEST_STEP][PASSED] - selectOptionByIndex: All options with index in [5] are selected on object 'Object Repository/Store Request Schedule 1/Page_Store/select_--Select--Schedule 1Inj'

2018-05-21 20:41:47 - [MESSAGE][PASSED] - All options with index in [5] are selected on object 'Object Repository/Store Request Schedule 1/Page_Store/select_--Select--Schedule 1Inj'

2018-05-21 20:41:47 - [TEST_STEP][PASSED] - delay: Delayed 1 second(s)

2018-05-21 20:41:48 - [MESSAGE][PASSED] - Delayed 1 second(s)

2018-05-21 20:41:48 - [TEST_STEP][PASSED] - selectOptionByIndex: All options with index in [9] are selected on object 'Object Repository/Store Request Schedule 1/Page_Store/select_--Select--Adernaline 0.'

2018-05-21 20:41:49 - [MESSAGE][PASSED] - All options with index in [9] are selected on object 'Object Repository/Store Request Schedule 1/Page_Store/select_--Select--Adernaline 0.'

2018-05-21 20:41:49 - [TEST_STEP][PASSED] - setText: Text '100' is set on object 'Object Repository/Store Request Schedule 1/Page_Store/input_txttreat'

2018-05-21 20:41:49 - [MESSAGE][PASSED] - Text '100' is set on object 'Object Repository/Store Request Schedule 1/Page_Store/input_txttreat'

2018-05-21 20:41:49 - [TEST_STEP][PASSED] - click: Object: 'Object Repository/Store Request Schedule 1/Page_Store/button_Add' is clicked on

2018-05-21 20:41:49 - [MESSAGE][PASSED] - Object: 'Object Repository/Store Request Schedule 1/Page_Store/button_Add' is clicked on

2018-05-21 20:41:49 - [TEST_STEP][PASSED] - selectOptionByIndex: All options with index in [5] are selected on object 'Object Repository/Store Request Schedule 1/Page_Store/select_--Select--Schedule 1Inj'

2018-05-21 20:41:49 - [MESSAGE][PASSED] - All options with index in [5] are selected on object 'Object Repository/Store Request Schedule 1/Page_Store/select_--Select--Schedule 1Inj'

2018-05-21 20:41:49 - [TEST_STEP][PASSED] - delay: Delayed 1 second(s)

2018-05-21 20:41:50 - [MESSAGE][PASSED] - Delayed 1 second(s)

2018-05-21 20:41:50 - [TEST_STEP][PASSED] - selectOptionByIndex: All options with index in [10] are selected on object 'Object Repository/Store Request Schedule 1/Page_Store/select_--Select--Adernaline 0.'

2018-05-21 20:41:50 - [MESSAGE][PASSED] - All options with index in [10] are selected on object 'Object Repository/Store Request Schedule 1/Page_Store/select_--Select--Adernaline 0.'

2018-05-21 20:41:50 - [TEST_STEP][PASSED] - setText: Text '100' is set on object 'Object Repository/Store Request Schedule 1/Page_Store/input_txttreat'

2018-05-21 20:41:50 - [MESSAGE][PASSED] - Text '100' is set on object 'Object Repository/Store Request Schedule 1/Page_Store/input_txttreat'

2018-05-21 20:41:50 - [TEST_STEP][PASSED] - click: Object: 'Object Repository/Store Request Schedule 1/Page_Store/button_Add' is clicked on

2018-05-21 20:41:50 - [MESSAGE][PASSED] - Object: 'Object Repository/Store Request Schedule 1/Page_Store/button_Add' is clicked on

2018-05-21 20:41:50 - [TEST_STEP][PASSED] - selectOptionByIndex: All options with index in [5] are selected on object 'Object Repository/Store Request Schedule 1/Page_Store/select_--Select--Schedule 1Inj'

2018-05-21 20:41:50 - [MESSAGE][PASSED] - All options with index in [5] are selected on object 'Object Repository/Store Request Schedule 1/Page_Store/select_--Select--Schedule 1Inj'

2018-05-21 20:41:50 - [TEST_STEP][PASSED] - delay: Delayed 1 second(s)

2018-05-21 20:41:51 - [MESSAGE][PASSED] - Delayed 1 second(s)

2018-05-21 20:41:51 - [TEST_STEP][PASSED] - selectOptionByIndex: All options with index in [11] are selected on object 'Object Repository/Store Request Schedule 1/Page_Store/select_--Select--Adernaline 0.'

2018-05-21 20:41:52 - [MESSAGE][PASSED] - All options with index in [11] are selected on object 'Object Repository/Store Request Schedule 1/Page_Store/select_--Select--Adernaline 0.'

2018-05-21 20:41:52 - [TEST_STEP][PASSED] - setText: Text '100' is set on object 'Object Repository/Store Request Schedule 1/Page_Store/input_txttreat'

2018-05-21 20:41:52 - [MESSAGE][PASSED] - Text '100' is set on object 'Object Repository/Store Request Schedule 1/Page_Store/input_txttreat'

2018-05-21 20:41:52 - [TEST_STEP][PASSED] - click: Object: 'Object Repository/Store Request Schedule 1/Page_Store/button_Add' is clicked on

2018-05-21 20:41:52 - [MESSAGE][PASSED] - Object: 'Object Repository/Store Request Schedule 1/Page_Store/button_Add' is clicked on

2018-05-21 20:41:52 - [TEST_STEP][PASSED] - selectOptionByIndex: All options with index in [5] are selected on object 'Object Repository/Store Request Schedule 1/Page_Store/select_--Select--Schedule 1Inj'

2018-05-21 20:41:52 - [MESSAGE][PASSED] - All options with index in [5] are selected on object 'Object Repository/Store Request Schedule 1/Page_Store/select_--Select--Schedule 1Inj'

2018-05-21 20:41:52 - [TEST_STEP][PASSED] - delay: Delayed 1 second(s)

2018-05-21 20:41:53 - [MESSAGE][PASSED] - Delayed 1 second(s)

2018-05-21 20:41:53 - [TEST_STEP][PASSED] - selectOptionByIndex: All options with index in [12] are selected on object 'Object Repository/Store Request Schedule 1/Page_Store/select_--Select--Adernaline 0.'

2018-05-21 20:41:53 - [MESSAGE][PASSED] - All options with index in [12] are selected on object 'Object Repository/Store Request Schedule 1/Page_Store/select_--Select--Adernaline 0.'

2018-05-21 20:41:53 - [TEST_STEP][PASSED] - setText: Text '100' is set on object 'Object Repository/Store Request Schedule 1/Page_Store/input_txttreat'

2018-05-21 20:41:53 - [MESSAGE][PASSED] - Text '100' is set on object 'Object Repository/Store Request Schedule 1/Page_Store/input_txttreat'

2018-05-21 20:41:53 - [TEST_STEP][PASSED] - click: Object: 'Object Repository/Store Request Schedule 1/Page_Store/button_Add' is clicked on

2018-05-21 20:41:53 - [MESSAGE][PASSED] - Object: 'Object Repository/Store Request Schedule 1/Page_Store/button_Add' is clicked on

2018-05-21 20:41:53 - [TEST_STEP][PASSED] - selectOptionByIndex: All options with index in [5] are selected on object 'Object Repository/Store Request Schedule 1/Page_Store/select_--Select--Schedule 1Inj'

2018-05-21 20:41:53 - [MESSAGE][PASSED] - All options with index in [5] are selected on object 'Object Repository/Store Request Schedule 1/Page_Store/select_--Select--Schedule 1Inj'

2018-05-21 20:41:53 - [TEST_STEP][PASSED] - delay: Delayed 1 second(s)

2018-05-21 20:41:54 - [MESSAGE][PASSED] - Delayed 1 second(s)

2018-05-21 20:41:54 - [TEST_STEP][PASSED] - selectOptionByIndex: All options with index in [13] are selected on object 'Object Repository/Store Request Schedule 1/Page_Store/select_--Select--Adernaline 0.'

2018-05-21 20:41:55 - [MESSAGE][PASSED] - All options with index in [13] are selected on object 'Object Repository/Store Request Schedule 1/Page_Store/select_--Select--Adernaline 0.'

2018-05-21 20:41:55 - [TEST_STEP][PASSED] - setText: Text '100' is set on object 'Object Repository/Store Request Schedule 1/Page_Store/input_txttreat'

2018-05-21 20:41:55 - [MESSAGE][PASSED] - Text '100' is set on object 'Object Repository/Store Request Schedule 1/Page_Store/input_txttreat'

2018-05-21 20:41:55 - [TEST_STEP][PASSED] - click: Object: 'Object Repository/Store Request Schedule 1/Page_Store/button_Add' is clicked on

2018-05-21 20:41:55 - [MESSAGE][PASSED] - Object: 'Object Repository/Store Request Schedule 1/Page_Store/button_Add' is clicked on

2018-05-21 20:41:55 - [TEST_STEP][PASSED] - selectOptionByIndex: All options with index in [5] are selected on object 'Object Repository/Store Request Schedule 1/Page_Store/select_--Select--Schedule 1Inj'

2018-05-21 20:41:55 - [MESSAGE][PASSED] - All options with index in [5] are selected on object 'Object Repository/Store Request Schedule 1/Page_Store/select_--Select--Schedule 1Inj'

2018-05-21 20:41:55 - [TEST_STEP][PASSED] - delay: Delayed 1 second(s)

2018-05-21 20:41:56 - [MESSAGE][PASSED] - Delayed 1 second(s)

2018-05-21 20:41:56 - [TEST_STEP][PASSED] - selectOptionByIndex: All options with index in [14] are selected on object 'Object Repository/Store Request Schedule 1/Page_Store/select_--Select--Adernaline 0.'

2018-05-21 20:41:56 - [MESSAGE][PASSED] - All options with index in [14] are selected on object 'Object Repository/Store Request Schedule 1/Page_Store/select_--Select--Adernaline 0.'

2018-05-21 20:41:56 - [TEST_STEP][PASSED] - setText: Text '100' is set on object 'Object Repository/Store Request Schedule 1/Page_Store/input_txttreat'

2018-05-21 20:41:56 - [MESSAGE][PASSED] - Text '100' is set on object 'Object Repository/Store Request Schedule 1/Page_Store/input_txttreat'

2018-05-21 20:41:56 - [TEST_STEP][PASSED] - click: Object: 'Object Repository/Store Request Schedule 1/Page_Store/button_Add' is clicked on

2018-05-21 20:41:56 - [MESSAGE][PASSED] - Object: 'Object Repository/Store Request Schedule 1/Page_Store/button_Add' is clicked on

2018-05-21 20:41:56 - [TEST_STEP][PASSED] - selectOptionByIndex: All options with index in [5] are selected on object 'Object Repository/Store Request Schedule 1/Page_Store/select_--Select--Schedule 1Inj'

2018-05-21 20:41:56 - [MESSAGE][PASSED] - All options with index in [5] are selected on object 'Object Repository/Store Request Schedule 1/Page_Store/select_--Select--Schedule 1Inj'

2018-05-21 20:41:56 - [TEST_STEP][PASSED] - delay: Delayed 1 second(s)

2018-05-21 20:41:57 - [MESSAGE][PASSED] - Delayed 1 second(s)

2018-05-21 20:41:57 - [TEST_STEP][PASSED] - selectOptionByIndex: All options with index in [15] are selected on object 'Object Repository/Store Request Schedule 1/Page_Store/select_--Select--Adernaline 0.'

2018-05-21 20:41:58 - [MESSAGE][PASSED] - All options with index in [15] are selected on object 'Object Repository/Store Request Schedule 1/Page_Store/select_--Select--Adernaline 0.'

2018-05-21 20:41:58 - [TEST_STEP][PASSED] - setText: Text '100' is set on object 'Object Repository/Store Request Schedule 1/Page_Store/input_txttreat'

2018-05-21 20:41:58 - [MESSAGE][PASSED] - Text '100' is set on object 'Object Repository/Store Request Schedule 1/Page_Store/input_txttreat'

2018-05-21 20:41:58 - [TEST_STEP][PASSED] - click: Object: 'Object Repository/Store Request Schedule 1/Page_Store/button_Add' is clicked on

2018-05-21 20:41:58 - [MESSAGE][PASSED] - Object: 'Object Repository/Store Request Schedule 1/Page_Store/button_Add' is clicked on

2018-05-21 20:41:58 - [TEST_STEP][PASSED] - selectOptionByIndex: All options with index in [5] are selected on object 'Object Repository/Store Request Schedule 1/Page_Store/select_--Select--Schedule 1Inj'

2018-05-21 20:41:58 - [MESSAGE][PASSED] - All options with index in [5] are selected on object 'Object Repository/Store Request Schedule 1/Page_Store/select_--Select--Schedule 1Inj'

2018-05-21 20:41:58 - [TEST_STEP][PASSED] - delay: Delayed 1 second(s)

2018-05-21 20:41:59 - [MESSAGE][PASSED] - Delayed 1 second(s)

2018-05-21 20:41:59 - [TEST_STEP][PASSED] - selectOptionByIndex: All options with index in [16] are selected on object 'Object Repository/Store Request Schedule 1/Page_Store/select_--Select--Adernaline 0.'

2018-05-21 20:41:59 - [MESSAGE][PASSED] - All options with index in [16] are selected on object 'Object Repository/Store Request Schedule 1/Page_Store/select_--Select--Adernaline 0.'

2018-05-21 20:41:59 - [TEST_STEP][PASSED] - setText: Text '100' is set on object 'Object Repository/Store Request Schedule 1/Page_Store/input_txttreat'

2018-05-21 20:41:59 - [MESSAGE][PASSED] - Text '100' is set on object 'Object Repository/Store Request Schedule 1/Page_Store/input_txttreat'

2018-05-21 20:41:59 - [TEST_STEP][PASSED] - click: Object: 'Object Repository/Store Request Schedule 1/Page_Store/button_Add' is clicked on

2018-05-21 20:41:59 - [MESSAGE][PASSED] - Object: 'Object Repository/Store Request Schedule 1/Page_Store/button_Add' is clicked on

2018-05-21 20:41:59 - [TEST_STEP][PASSED] - delay: Delayed 2 second(s)

2018-05-21 20:42:01 - [MESSAGE][PASSED] - Delayed 2 second(s)

2018-05-21 20:42:01 - [TEST_STEP][PASSED] - scrollToElement: Scroll to object 'Object Repository/Store Request Schedule 1/Page_Store/input_btnsave' successfully

2018-05-21 20:42:02 - [MESSAGE][PASSED] - Scroll to object 'Object Repository/Store Request Schedule 1/Page_Store/input_btnsave' successfully

2018-05-21 20:42:02 - [TEST_STEP][PASSED] - click: Object: 'Object Repository/Store Request Schedule 1/Page_Store/input_btnsave' is clicked on

2018-05-21 20:42:02 - [MESSAGE][PASSED] - Object: 'Object Repository/Store Request Schedule 1/Page_Store/input_btnsave' is clicked on

2018-05-21 20:42:02 - [TEST_STEP][PASSED] - delay: Delayed 4 second(s)

2018-05-21 20:42:06 - [MESSAGE][PASSED] - Delayed 4 second(s)

2018-05-21 20:42:06 - [TEST_STEP][PASSED] - Statement - Cms_RequestNumber = com.kms.katalon.core.webui.keyword.WebUiBuiltInKeywords.getText(com.kms.katalon.core.testobject.ObjectRepository.findTestObject(Store Request Schedule 1/Page_Store/font_PRNO050520189)): Text of object 'Object Repository/Store Request Schedule 1/Page_Store/font_PRNO050520189' is: 'PRNO/21052018/332'

2018-05-21 20:42:06 - [MESSAGE][PASSED] - Text of object 'Object Repository/Store Request Schedule 1/Page_Store/font_PRNO050520189' is: 'PRNO/21052018/332'

2018-05-21 20:42:06 - [TEST_STEP][PASSED] - Statement - CR = Cms_RequestNumber.trim(): null

2018-05-21 20:42:06 - [TEST_STEP][PASSED] - Statement - out.println("RQ :" + Cms_RequestNumber): null

2018-05-21 20:42:06 - [TEST_STEP][PASSED] - Statement - RequestNumberID = Cms_RequestNumber.split("/")[2].trim(): null

2018-05-21 20:42:06 - [TEST_STEP][PASSED] - Statement - out.println("RQ ID :" + RequestNumberID): null

2018-05-21 20:42:06 - [TEST_STEP][PASSED] - delay: Delayed 3 second(s)

2018-05-21 20:42:09 - [MESSAGE][PASSED] - Delayed 3 second(s)

2018-05-21 20:42:09 - [TEST_STEP][PASSED] - Statement - ok = com.kms.katalon.core.webui.keyword.WebUiBuiltInKeywords.click(com.kms.katalon.core.testobject.ObjectRepository.findTestObject(Store Request Schedule 1/Page_Store/button_OK)): Object: 'Object Repository/Store Request Schedule 1/Page_Store/button_OK' is clicked on

2018-05-21 20:42:09 - [MESSAGE][PASSED] - Object: 'Object Repository/Store Request Schedule 1/Page_Store/button_OK' is clicked on

2018-05-21 20:42:09 - [TEST_STEP][PASSED] - delay: Delayed 3 second(s)

2018-05-21 20:42:12 - [MESSAGE][PASSED] - Delayed 3 second(s)

2018-05-21 20:42:12 - [TEST_STEP][PASSED] - click: Object: 'Object Repository/Store Request Schedule 1/Page_Store/a_dropdown-toggle' is clicked on

2018-05-21 20:42:13 - [MESSAGE][PASSED] - Object: 'Object Repository/Store Request Schedule 1/Page_Store/a_dropdown-toggle' is clicked on

2018-05-21 20:42:13 - [TEST_STEP][PASSED] - click: Object: 'Object Repository/Store Request Schedule 1/Page_Store/a_Sign out' is clicked on

2018-05-21 20:42:13 - [MESSAGE][PASSED] - Object: 'Object Repository/Store Request Schedule 1/Page_Store/a_Sign out' is clicked on

2018-05-21 20:42:13 - [TEST_STEP][PASSED] - delay: Delayed 3 second(s)

2018-05-21 20:42:16 - [MESSAGE][PASSED] - Delayed 3 second(s)

2018-05-21 20:42:16 - [TEST_STEP][PASSED] - click: Object: 'Object Repository/Store Request Schedule 1/Page_KDMC/a_CMO' is clicked on

2018-05-21 20:42:17 - [MESSAGE][PASSED] - Object: 'Object Repository/Store Request Schedule 1/Page_KDMC/a_CMO' is clicked on

2018-05-21 20:42:17 - [TEST_STEP][PASSED] - setText: Text 'guru' is set on object 'Object Repository/Store Request Schedule 1/Page_CMO login/input_txtusername'

2018-05-21 20:42:17 - [MESSAGE][PASSED] - Text 'guru' is set on object 'Object Repository/Store Request Schedule 1/Page_CMO login/input_txtusername'

2018-05-21 20:42:17 - [TEST_STEP][PASSED] - setText: Text '123' is set on object 'Object Repository/Store Request Schedule 1/Page_CMO login/input_txtpassword'

2018-05-21 20:42:17 - [MESSAGE][PASSED] - Text '123' is set on object 'Object Repository/Store Request Schedule 1/Page_CMO login/input_txtpassword'

2018-05-21 20:42:17 - [TEST_STEP][PASSED] - delay: Delayed 3 second(s)

2018-05-21 20:42:20 - [MESSAGE][PASSED] - Delayed 3 second(s)

2018-05-21 20:42:20 - [TEST_STEP][PASSED] - click: Object: 'Object Repository/Store Request Schedule 1/Page_CMO login/button_Sign in' is clicked on

2018-05-21 20:42:21 - [MESSAGE][PASSED] - Object: 'Object Repository/Store Request Schedule 1/Page_CMO login/button_Sign in' is clicked on

2018-05-21 20:42:21 - [TEST_STEP][PASSED] - delay: Delayed 2 second(s)

2018-05-21 20:42:23 - [MESSAGE][PASSED] - Delayed 2 second(s)

2018-05-21 20:42:23 - [TEST_STEP][PASSED] - click: Object: 'Object Repository/Store Request Schedule 1/Page_KDMC - CMO/span_Department Wise Request' is clicked on

2018-05-21 20:42:24 - [MESSAGE][PASSED] - Object: 'Object Repository/Store Request Schedule 1/Page_KDMC - CMO/span_Department Wise Request' is clicked on

2018-05-21 20:42:24 - [TEST_STEP][PASSED] - click: Object: 'Object Repository/Store Request Schedule 1/Page_KDMC - CMO/a_CMS Request' is clicked on

2018-05-21 20:42:24 - [MESSAGE][PASSED] - Object: 'Object Repository/Store Request Schedule 1/Page_KDMC - CMO/a_CMS Request' is clicked on

2018-05-21 20:42:24 - [TEST_STEP][PASSED] - click: Object: 'Object Repository/Store Request Schedule 1/Page_KDMC - CMO/a_CMS Request' is clicked on

2018-05-21 20:42:24 - [MESSAGE][PASSED] - Object: 'Object Repository/Store Request Schedule 1/Page_KDMC - CMO/a_CMS Request' is clicked on

2018-05-21 20:42:24 - [TEST_STEP][PASSED] - click: Object: 'Object Repository/Store Request Schedule 1/Page_KDMC - CMO/span_Divisional Store Request' is clicked on

2018-05-21 20:42:26 - [MESSAGE][PASSED] - Object: 'Object Repository/Store Request Schedule 1/Page_KDMC - CMO/span_Divisional Store Request' is clicked on

2018-05-21 20:42:26 - [TEST_STEP][PASSED] - delay: Delayed 2 second(s)

2018-05-21 20:42:28 - [MESSAGE][PASSED] - Delayed 2 second(s)

2018-05-21 20:42:28 - [TEST_STEP][PASSED] - Statement - approval = com.kms.katalon.core.webui.keyword.WebUiBuiltInKeywords.modifyObjectProperty(com.kms.katalon.core.testobject.ObjectRepository.findTestObject(Store Request Schedule 1/Page_KDMC - CMO/input_PRNO050520189), "xpath", "equals", "//*[@id=" + RequestNumberID + "]", true): Modify property of object successfully

2018-05-21 20:42:28 - [MESSAGE][PASSED] - Modify property of object successfully

2018-05-21 20:42:28 - [TEST_STEP][PASSED] - click: Object: 'Object Repository/Store Request Schedule 1/Page_KDMC - CMO/input_PRNO050520189' is clicked on

2018-05-21 20:42:28 - [MESSAGE][PASSED] - Object: 'Object Repository/Store Request Schedule 1/Page_KDMC - CMO/input_PRNO050520189' is clicked on

2018-05-21 20:42:28 - [TEST_STEP][PASSED] - delay: Delayed 2 second(s)

2018-05-21 20:42:30 - [MESSAGE][PASSED] - Delayed 2 second(s)

2018-05-21 20:42:30 - [TEST_STEP][PASSED] - selectOptionByIndex: All options with index in [1] are selected on object 'Object Repository/Store Request Schedule 1/Page_KDMC - CMO/select_--Select--'

2018-05-21 20:42:30 - [MESSAGE][PASSED] - All options with index in [1] are selected on object 'Object Repository/Store Request Schedule 1/Page_KDMC - CMO/select_--Select--'

2018-05-21 20:42:30 - [TEST_STEP][PASSED] - click: Object: 'Object Repository/Store Request Schedule 1/Page_KDMC - CMO/input_btnupdate' is clicked on

2018-05-21 20:42:30 - [MESSAGE][PASSED] - Object: 'Object Repository/Store Request Schedule 1/Page_KDMC - CMO/input_btnupdate' is clicked on

2018-05-21 20:42:30 - [TEST_STEP][PASSED] - delay: Delayed 2 second(s)

2018-05-21 20:42:32 - [MESSAGE][PASSED] - Delayed 2 second(s)

2018-05-21 20:42:32 - [TEST_STEP][PASSED] - click: Object: 'Object Repository/Store Request Schedule 1/Page_KDMC - CMO/button_OK' is clicked on

2018-05-21 20:42:33 - [MESSAGE][PASSED] - Object: 'Object Repository/Store Request Schedule 1/Page_KDMC - CMO/button_OK' is clicked on

2018-05-21 20:42:33 - [TEST_STEP][PASSED] - delay: Delayed 2 second(s)

2018-05-21 20:42:35 - [MESSAGE][PASSED] - Delayed 2 second(s)

2018-05-21 20:42:35 - [TEST_STEP][PASSED] - click: Object: 'Object Repository/Store Request Schedule 1/Page_KDMC - CMO/a_dropdown-toggle' is clicked on

2018-05-21 20:42:35 - [MESSAGE][PASSED] - Object: 'Object Repository/Store Request Schedule 1/Page_KDMC - CMO/a_dropdown-toggle' is clicked on

2018-05-21 20:42:35 - [TEST_STEP][PASSED] - click: Object: 'Object Repository/Store Request Schedule 1/Page_KDMC - CMO/a_Sign out' is clicked on

2018-05-21 20:42:35 - [MESSAGE][PASSED] - Object: 'Object Repository/Store Request Schedule 1/Page_KDMC - CMO/a_Sign out' is clicked on

2018-05-21 20:42:35 - [TEST_STEP][PASSED] - delay: Delayed 3 second(s)

2018-05-21 20:42:38 - [MESSAGE][PASSED] - Delayed 3 second(s)

2018-05-21 20:42:38 - [TEST_STEP][PASSED] - click: Object: 'Object Repository/store Request Schedule 1/Page_KDMC/a_CMS' is clicked on

2018-05-21 20:42:39 - [MESSAGE][PASSED] - Object: 'Object Repository/store Request Schedule 1/Page_KDMC/a_CMS' is clicked on

2018-05-21 20:42:39 - [TEST_STEP][PASSED] - setText: Text 'bala' is set on object 'Object Repository/store Request Schedule 1/Page_CMS login/input_txtusername'

2018-05-21 20:42:39 - [MESSAGE][PASSED] - Text 'bala' is set on object 'Object Repository/store Request Schedule 1/Page_CMS login/input_txtusername'

2018-05-21 20:42:39 - [TEST_STEP][PASSED] - setText: Text '123' is set on object 'Object Repository/store Request Schedule 1/Page_CMS login/input_txtpassword'

2018-05-21 20:42:39 - [MESSAGE][PASSED] - Text '123' is set on object 'Object Repository/store Request Schedule 1/Page_CMS login/input_txtpassword'

2018-05-21 20:42:39 - [TEST_STEP][PASSED] - delay: Delayed 3 second(s)

2018-05-21 20:42:42 - [MESSAGE][PASSED] - Delayed 3 second(s)

2018-05-21 20:42:42 - [TEST_STEP][PASSED] - click: Object: 'Object Repository/store Request Schedule 1/Page_CMS login/button_Sign in' is clicked on

2018-05-21 20:42:42 - [MESSAGE][PASSED] - Object: 'Object Repository/store Request Schedule 1/Page_CMS login/button_Sign in' is clicked on

2018-05-21 20:42:42 - [TEST_STEP][PASSED] - delay: Delayed 2 second(s)

2018-05-21 20:42:44 - [MESSAGE][PASSED] - Delayed 2 second(s)

2018-05-21 20:42:44 - [TEST_STEP][PASSED] - click: Object: 'Object Repository/store Request Schedule 1/Page_KDMC - CMS/a_Divisional Store' is clicked on

2018-05-21 20:42:44 - [MESSAGE][PASSED] - Object: 'Object Repository/store Request Schedule 1/Page_KDMC - CMS/a_Divisional Store' is clicked on

2018-05-21 20:42:44 - [TEST_STEP][PASSED] - delay: Delayed 2 second(s)

2018-05-21 20:42:46 - [MESSAGE][PASSED] - Delayed 2 second(s)

2018-05-21 20:42:46 - [TEST_STEP][PASSED] - click: Object: 'Object Repository/store Request Schedule 1/Page_KDMC - CMS/a_Dispatch Items' is clicked on

2018-05-21 20:42:47 - [MESSAGE][PASSED] - Object: 'Object Repository/store Request Schedule 1/Page_KDMC - CMS/a_Dispatch Items' is clicked on

2018-05-21 20:42:47 - [TEST_STEP][PASSED] - setText: Text 'PRNO/21052018/332' is set on object 'Object Repository/store Request Schedule 1/Page_KDMC - CMS/input'

2018-05-21 20:42:48 - [MESSAGE][PASSED] - Text 'PRNO/21052018/332' is set on object 'Object Repository/store Request Schedule 1/Page_KDMC - CMS/input'

2018-05-21 20:42:48 - [TEST_STEP][PASSED] - click: Object: 'Object Repository/store Request Schedule 1/Page_KDMC - CMS/td_text-center' is clicked on

2018-05-21 20:42:48 - [MESSAGE][PASSED] - Object: 'Object Repository/store Request Schedule 1/Page_KDMC - CMS/td_text-center' is clicked on

2018-05-21 20:42:48 - [TEST_STEP][PASSED] - delay: Delayed 2 second(s)

2018-05-21 20:42:50 - [MESSAGE][PASSED] - Delayed 2 second(s)

2018-05-21 20:42:50 - [TEST_STEP][PASSED] - Statement - For ([row = 0, row < SelectedOptions - 1, (row++)]): null

2018-05-21 20:42:50 - [TEST_STEP][PASSED] - Statement - batchlength = new com.kms.katalon.core.testobject.TestObject(): null

2018-05-21 20:42:50 - [TEST_STEP][PASSED] - Statement - batchlength = com.kms.katalon.core.webui.keyword.WebUiBuiltInKeywords.modifyObjectProperty(batchlength, "xpath", "equals", "//*[@id = "fldvendor" + row + ""]", true): Modify property of object successfully

2018-05-21 20:42:50 - [MESSAGE][PASSED] - Modify property of object successfully

2018-05-21 20:42:50 - [TEST_STEP][PASSED] - Statement - batchsize = com.kms.katalon.core.webui.keyword.WebUiBuiltInKeywords.getNumberOfTotalOption(batchlength): 8 options of object '' counted

2018-05-21 20:42:50 - [MESSAGE][PASSED] - 8 options of object '' counted

2018-05-21 20:42:50 - [TEST_STEP][PASSED] - Statement - out.println("BatchSize : " + batchsize): null

2018-05-21 20:42:50 - [TEST_STEP][PASSED] - Statement - For ([n = 1, n <= batchsize - 1, (n++)]): null

2018-05-21 20:42:50 - [TEST_STEP][PASSED] - Statement - product = new com.kms.katalon.core.testobject.TestObject(): null

2018-05-21 20:42:50 - [TEST_STEP][PASSED] - Statement - product = com.kms.katalon.core.webui.keyword.WebUiBuiltInKeywords.modifyObjectProperty(product, "xpath", "equals", "//*[@id = "fldvendor" + row + ""]", true): Modify property of object successfully

2018-05-21 20:42:50 - [MESSAGE][PASSED] - Modify property of object successfully

2018-05-21 20:42:50 - [TEST_STEP][PASSED] - selectOptionByIndex: All options with index in [1] are selected on object ''

2018-05-21 20:42:50 - [MESSAGE][PASSED] - All options with index in [1] are selected on object ''

2018-05-21 20:42:50 - [TEST_STEP][PASSED] - Statement - batch = new com.kms.katalon.core.testobject.TestObject(): null

2018-05-21 20:42:50 - [TEST_STEP][PASSED] - Statement - batch = com.kms.katalon.core.webui.keyword.WebUiBuiltInKeywords.modifyObjectProperty(batch, "xpath", "equals", "//*[@id = "txtbthqty" + row + ""]", true): Modify property of object successfully

2018-05-21 20:42:50 - [MESSAGE][PASSED] - Modify property of object successfully

2018-05-21 20:42:50 - [TEST_STEP][PASSED] - Statement - batchqty = com.kms.katalon.core.webui.keyword.WebUiBuiltInKeywords.getAttribute(batch, "value").trim(): Attribute 'value' of object '' is: '2700'

2018-05-21 20:42:50 - [MESSAGE][PASSED] - Attribute 'value' of object '' is: '2700'

2018-05-21 20:42:50 - [TEST_STEP][PASSED] - Statement - Rqty = 10000: null

2018-05-21 20:42:50 - [TEST_STEP][PASSED] - delay: Delayed 2 second(s)

2018-05-21 20:42:52 - [MESSAGE][PASSED] - Delayed 2 second(s)

2018-05-21 20:42:52 - [TEST_STEP][PASSED] - Statement - out.println("BatchQty : " + batchqty): null

2018-05-21 20:42:52 - [TEST_STEP][PASSED] - Statement - out.println("RQty : " + Rqty): null

2018-05-21 20:42:52 - [TEST_STEP][PASSED] - Statement - If (java.lang.Integer.valueOf(batchqty) >= java.lang.Integer.valueOf(Rqty)): null

2018-05-21 20:42:52 - [TEST_STEP][PASSED] - Statement - Else: null

2018-05-21 20:42:52 - [TEST_STEP][PASSED] - Statement - out.println("Batchqty Is Less Than Rqty"): null

2018-05-21 20:42:52 - [TEST_STEP][PASSED] - Statement - product = new com.kms.katalon.core.testobject.TestObject(): null

2018-05-21 20:42:52 - [TEST_STEP][PASSED] - Statement - product = com.kms.katalon.core.webui.keyword.WebUiBuiltInKeywords.modifyObjectProperty(product, "xpath", "equals", "//*[@id = "fldvendor" + row + ""]", true): Modify property of object successfully

2018-05-21 20:42:52 - [MESSAGE][PASSED] - Modify property of object successfully

2018-05-21 20:42:52 - [TEST_STEP][PASSED] - selectOptionByIndex: All options with index in [2] are selected on object ''

2018-05-21 20:42:52 - [MESSAGE][PASSED] - All options with index in [2] are selected on object ''

2018-05-21 20:42:52 - [TEST_STEP][PASSED] - Statement - batch = new com.kms.katalon.core.testobject.TestObject(): null

2018-05-21 20:42:52 - [TEST_STEP][PASSED] - Statement - batch = com.kms.katalon.core.webui.keyword.WebUiBuiltInKeywords.modifyObjectProperty(batch, "xpath", "equals", "//*[@id = "txtbthqty" + row + ""]", true): Modify property of object successfully

2018-05-21 20:42:52 - [MESSAGE][PASSED] - Modify property of object successfully

2018-05-21 20:42:52 - [TEST_STEP][PASSED] - Statement - batchqty = com.kms.katalon.core.webui.keyword.WebUiBuiltInKeywords.getAttribute(batch, "value").trim(): Attribute 'value' of object '' is: '5000'

2018-05-21 20:42:52 - [MESSAGE][PASSED] - Attribute 'value' of object '' is: '5000'

2018-05-21 20:42:52 - [TEST_STEP][PASSED] - Statement - Rqty = 10000: null

2018-05-21 20:42:52 - [TEST_STEP][PASSED] - delay: Delayed 2 second(s)

2018-05-21 20:42:54 - [MESSAGE][PASSED] - Delayed 2 second(s)

2018-05-21 20:42:54 - [TEST_STEP][PASSED] - Statement - out.println("BatchQty : " + batchqty): null

2018-05-21 20:42:54 - [TEST_STEP][PASSED] - Statement - out.println("RQty : " + Rqty): null

2018-05-21 20:42:54 - [TEST_STEP][PASSED] - Statement - If (java.lang.Integer.valueOf(batchqty) >= java.lang.Integer.valueOf(Rqty)): null

2018-05-21 20:42:54 - [TEST_STEP][PASSED] - Statement - Else: null

2018-05-21 20:42:54 - [TEST_STEP][PASSED] - Statement - out.println("Batchqty Is Less Than Rqty"): null

2018-05-21 20:42:54 - [TEST_STEP][PASSED] - Statement - product = new com.kms.katalon.core.testobject.TestObject(): null

2018-05-21 20:42:54 - [TEST_STEP][PASSED] - Statement - product = com.kms.katalon.core.webui.keyword.WebUiBuiltInKeywords.modifyObjectProperty(product, "xpath", "equals", "//*[@id = "fldvendor" + row + ""]", true): Modify property of object successfully

2018-05-21 20:42:54 - [MESSAGE][PASSED] - Modify property of object successfully

2018-05-21 20:42:54 - [TEST_STEP][PASSED] - selectOptionByIndex: All options with index in [3] are selected on object ''

2018-05-21 20:42:54 - [MESSAGE][PASSED] - All options with index in [3] are selected on object ''

2018-05-21 20:42:54 - [TEST_STEP][PASSED] - Statement - batch = new com.kms.katalon.core.testobject.TestObject(): null

2018-05-21 20:42:54 - [TEST_STEP][PASSED] - Statement - batch = com.kms.katalon.core.webui.keyword.WebUiBuiltInKeywords.modifyObjectProperty(batch, "xpath", "equals", "//*[@id = "txtbthqty" + row + ""]", true): Modify property of object successfully

2018-05-21 20:42:54 - [MESSAGE][PASSED] - Modify property of object successfully

2018-05-21 20:42:54 - [TEST_STEP][PASSED] - Statement - batchqty = com.kms.katalon.core.webui.keyword.WebUiBuiltInKeywords.getAttribute(batch, "value").trim(): Attribute 'value' of object '' is: '5000'

2018-05-21 20:42:54 - [MESSAGE][PASSED] - Attribute 'value' of object '' is: '5000'

2018-05-21 20:42:54 - [TEST_STEP][PASSED] - Statement - Rqty = 10000: null

2018-05-21 20:42:54 - [TEST_STEP][PASSED] - delay: Delayed 2 second(s)

2018-05-21 20:42:56 - [MESSAGE][PASSED] - Delayed 2 second(s)

2018-05-21 20:42:56 - [TEST_STEP][PASSED] - Statement - out.println("BatchQty : " + batchqty): null

2018-05-21 20:42:56 - [TEST_STEP][PASSED] - Statement - out.println("RQty : " + Rqty): null

2018-05-21 20:42:56 - [TEST_STEP][PASSED] - Statement - If (java.lang.Integer.valueOf(batchqty) >= java.lang.Integer.valueOf(Rqty)): null

2018-05-21 20:42:56 - [TEST_STEP][PASSED] - Statement - Else: null

2018-05-21 20:42:56 - [TEST_STEP][PASSED] - Statement - out.println("Batchqty Is Less Than Rqty"): null

2018-05-21 20:42:56 - [TEST_STEP][PASSED] - Statement - product = new com.kms.katalon.core.testobject.TestObject(): null

2018-05-21 20:42:56 - [TEST_STEP][PASSED] - Statement - product = com.kms.katalon.core.webui.keyword.WebUiBuiltInKeywords.modifyObjectProperty(product, "xpath", "equals", "//*[@id = "fldvendor" + row + ""]", true): Modify property of object successfully

2018-05-21 20:42:56 - [MESSAGE][PASSED] - Modify property of object successfully

2018-05-21 20:42:56 - [TEST_STEP][PASSED] - selectOptionByIndex: All options with index in [4] are selected on object ''

2018-05-21 20:42:56 - [MESSAGE][PASSED] - All options with index in [4] are selected on object ''

2018-05-21 20:42:56 - [TEST_STEP][PASSED] - Statement - batch = new com.kms.katalon.core.testobject.TestObject(): null

2018-05-21 20:42:56 - [TEST_STEP][PASSED] - Statement - batch = com.kms.katalon.core.webui.keyword.WebUiBuiltInKeywords.modifyObjectProperty(batch, "xpath", "equals", "//*[@id = "txtbthqty" + row + ""]", true): Modify property of object successfully

2018-05-21 20:42:56 - [MESSAGE][PASSED] - Modify property of object successfully

2018-05-21 20:42:56 - [TEST_STEP][PASSED] - Statement - batchqty = com.kms.katalon.core.webui.keyword.WebUiBuiltInKeywords.getAttribute(batch, "value").trim(): Attribute 'value' of object '' is: '5000'

2018-05-21 20:42:56 - [MESSAGE][PASSED] - Attribute 'value' of object '' is: '5000'

2018-05-21 20:42:56 - [TEST_STEP][PASSED] - Statement - Rqty = 10000: null

2018-05-21 20:42:56 - [TEST_STEP][PASSED] - delay: Delayed 2 second(s)

2018-05-21 20:42:58 - [MESSAGE][PASSED] - Delayed 2 second(s)

2018-05-21 20:42:58 - [TEST_STEP][PASSED] - Statement - out.println("BatchQty : " + batchqty): null

2018-05-21 20:42:58 - [TEST_STEP][PASSED] - Statement - out.println("RQty : " + Rqty): null

2018-05-21 20:42:58 - [TEST_STEP][PASSED] - Statement - If (java.lang.Integer.valueOf(batchqty) >= java.lang.Integer.valueOf(Rqty)): null

2018-05-21 20:42:58 - [TEST_STEP][PASSED] - Statement - Else: null

2018-05-21 20:42:58 - [TEST_STEP][PASSED] - Statement - out.println("Batchqty Is Less Than Rqty"): null

2018-05-21 20:42:58 - [TEST_STEP][PASSED] - Statement - product = new com.kms.katalon.core.testobject.TestObject(): null

2018-05-21 20:42:58 - [TEST_STEP][PASSED] - Statement - product = com.kms.katalon.core.webui.keyword.WebUiBuiltInKeywords.modifyObjectProperty(product, "xpath", "equals", "//*[@id = "fldvendor" + row + ""]", true): Modify property of object successfully

2018-05-21 20:42:58 - [MESSAGE][PASSED] - Modify property of object successfully

2018-05-21 20:42:58 - [TEST_STEP][PASSED] - selectOptionByIndex: All options with index in [5] are selected on object ''

2018-05-21 20:42:59 - [MESSAGE][PASSED] - All options with index in [5] are selected on object ''

2018-05-21 20:42:59 - [TEST_STEP][PASSED] - Statement - batch = new com.kms.katalon.core.testobject.TestObject(): null

2018-05-21 20:42:59 - [TEST_STEP][PASSED] - Statement - batch = com.kms.katalon.core.webui.keyword.WebUiBuiltInKeywords.modifyObjectProperty(batch, "xpath", "equals", "//*[@id = "txtbthqty" + row + ""]", true): Modify property of object successfully

2018-05-21 20:42:59 - [MESSAGE][PASSED] - Modify property of object successfully

2018-05-21 20:42:59 - [TEST_STEP][PASSED] - Statement - batchqty = com.kms.katalon.core.webui.keyword.WebUiBuiltInKeywords.getAttribute(batch, "value").trim(): Attribute 'value' of object '' is: '39800'

2018-05-21 20:42:59 - [MESSAGE][PASSED] - Attribute 'value' of object '' is: '39800'

2018-05-21 20:42:59 - [TEST_STEP][PASSED] - Statement - Rqty = 10000: null

2018-05-21 20:42:59 - [TEST_STEP][PASSED] - delay: Delayed 2 second(s)

2018-05-21 20:43:01 - [MESSAGE][PASSED] - Delayed 2 second(s)

2018-05-21 20:43:01 - [TEST_STEP][PASSED] - Statement - out.println("BatchQty : " + batchqty): null

2018-05-21 20:43:01 - [TEST_STEP][PASSED] - Statement - out.println("RQty : " + Rqty): null

2018-05-21 20:43:01 - [TEST_STEP][PASSED] - Statement - If (java.lang.Integer.valueOf(batchqty) >= java.lang.Integer.valueOf(Rqty)): null

2018-05-21 20:43:01 - [TEST_STEP][PASSED] - Statement - Break: null

2018-05-21 20:43:01 - [TEST_STEP][PASSED] - Statement - batchlength = new com.kms.katalon.core.testobject.TestObject(): null

2018-05-21 20:43:01 - [TEST_STEP][PASSED] - Statement - batchlength = com.kms.katalon.core.webui.keyword.WebUiBuiltInKeywords.modifyObjectProperty(batchlength, "xpath", "equals", "//*[@id = "fldvendor" + row + ""]", true): Modify property of object successfully

2018-05-21 20:43:01 - [MESSAGE][PASSED] - Modify property of object successfully

2018-05-21 20:43:01 - [TEST_STEP][PASSED] - Statement - batchsize = com.kms.katalon.core.webui.keyword.WebUiBuiltInKeywords.getNumberOfTotalOption(batchlength): 8 options of object '' counted

2018-05-21 20:43:01 - [MESSAGE][PASSED] - 8 options of object '' counted

2018-05-21 20:43:01 - [TEST_STEP][PASSED] - Statement - out.println("BatchSize : " + batchsize): null

2018-05-21 20:43:01 - [TEST_STEP][PASSED] - Statement - For ([n = 1, n <= batchsize - 1, (n++)]): null

2018-05-21 20:43:01 - [TEST_STEP][PASSED] - Statement - product = new com.kms.katalon.core.testobject.TestObject(): null

2018-05-21 20:43:01 - [TEST_STEP][PASSED] - Statement - product = com.kms.katalon.core.webui.keyword.WebUiBuiltInKeywords.modifyObjectProperty(product, "xpath", "equals", "//*[@id = "fldvendor" + row + ""]", true): Modify property of object successfully

2018-05-21 20:43:01 - [MESSAGE][PASSED] - Modify property of object successfully

2018-05-21 20:43:01 - [TEST_STEP][PASSED] - selectOptionByIndex: All options with index in [1] are selected on object ''

2018-05-21 20:43:01 - [MESSAGE][PASSED] - All options with index in [1] are selected on object ''

2018-05-21 20:43:01 - [TEST_STEP][PASSED] - Statement - batch = new com.kms.katalon.core.testobject.TestObject(): null

2018-05-21 20:43:01 - [TEST_STEP][PASSED] - Statement - batch = com.kms.katalon.core.webui.keyword.WebUiBuiltInKeywords.modifyObjectProperty(batch, "xpath", "equals", "//*[@id = "txtbthqty" + row + ""]", true): Modify property of object successfully

2018-05-21 20:43:01 - [MESSAGE][PASSED] - Modify property of object successfully

2018-05-21 20:43:01 - [TEST_STEP][PASSED] - Statement - batchqty = com.kms.katalon.core.webui.keyword.WebUiBuiltInKeywords.getAttribute(batch, "value").trim(): Attribute 'value' of object '' is: '39600'

2018-05-21 20:43:01 - [MESSAGE][PASSED] - Attribute 'value' of object '' is: '39600'

2018-05-21 20:43:01 - [TEST_STEP][PASSED] - Statement - Rqty = 10000: null

2018-05-21 20:43:01 - [TEST_STEP][PASSED] - delay: Delayed 2 second(s)

2018-05-21 20:43:03 - [MESSAGE][PASSED] - Delayed 2 second(s)

2018-05-21 20:43:03 - [TEST_STEP][PASSED] - Statement - out.println("BatchQty : " + batchqty): null

2018-05-21 20:43:03 - [TEST_STEP][PASSED] - Statement - out.println("RQty : " + Rqty): null

2018-05-21 20:43:03 - [TEST_STEP][PASSED] - Statement - If (java.lang.Integer.valueOf(batchqty) >= java.lang.Integer.valueOf(Rqty)): null

2018-05-21 20:43:03 - [TEST_STEP][PASSED] - Statement - Break: null

2018-05-21 20:43:03 - [TEST_STEP][PASSED] - Statement - batchlength = new com.kms.katalon.core.testobject.TestObject(): null

2018-05-21 20:43:03 - [TEST_STEP][PASSED] - Statement - batchlength = com.kms.katalon.core.webui.keyword.WebUiBuiltInKeywords.modifyObjectProperty(batchlength, "xpath", "equals", "//*[@id = "fldvendor" + row + ""]", true): Modify property of object successfully

2018-05-21 20:43:03 - [MESSAGE][PASSED] - Modify property of object successfully

2018-05-21 20:43:03 - [TEST_STEP][PASSED] - Statement - batchsize = com.kms.katalon.core.webui.keyword.WebUiBuiltInKeywords.getNumberOfTotalOption(batchlength): 8 options of object '' counted

2018-05-21 20:43:03 - [MESSAGE][PASSED] - 8 options of object '' counted

2018-05-21 20:43:03 - [TEST_STEP][PASSED] - Statement - out.println("BatchSize : " + batchsize): null

2018-05-21 20:43:03 - [TEST_STEP][PASSED] - Statement - For ([n = 1, n <= batchsize - 1, (n++)]): null

2018-05-21 20:43:03 - [TEST_STEP][PASSED] - Statement - product = new com.kms.katalon.core.testobject.TestObject(): null

2018-05-21 20:43:03 - [TEST_STEP][PASSED] - Statement - product = com.kms.katalon.core.webui.keyword.WebUiBuiltInKeywords.modifyObjectProperty(product, "xpath", "equals", "//*[@id = "fldvendor" + row + ""]", true): Modify property of object successfully

2018-05-21 20:43:03 - [MESSAGE][PASSED] - Modify property of object successfully

2018-05-21 20:43:03 - [TEST_STEP][PASSED] - selectOptionByIndex: All options with index in [1] are selected on object ''

2018-05-21 20:43:03 - [MESSAGE][PASSED] - All options with index in [1] are selected on object ''

2018-05-21 20:43:03 - [TEST_STEP][PASSED] - Statement - batch = new com.kms.katalon.core.testobject.TestObject(): null

2018-05-21 20:43:03 - [TEST_STEP][PASSED] - Statement - batch = com.kms.katalon.core.webui.keyword.WebUiBuiltInKeywords.modifyObjectProperty(batch, "xpath", "equals", "//*[@id = "txtbthqty" + row + ""]", true): Modify property of object successfully

2018-05-21 20:43:03 - [MESSAGE][PASSED] - Modify property of object successfully

2018-05-21 20:43:03 - [TEST_STEP][PASSED] - Statement - batchqty = com.kms.katalon.core.webui.keyword.WebUiBuiltInKeywords.getAttribute(batch, "value").trim(): Attribute 'value' of object '' is: '4900'

2018-05-21 20:43:03 - [MESSAGE][PASSED] - Attribute 'value' of object '' is: '4900'

2018-05-21 20:43:03 - [TEST_STEP][PASSED] - Statement - Rqty = 10000: null

2018-05-21 20:43:03 - [TEST_STEP][PASSED] - delay: Delayed 2 second(s)

2018-05-21 20:43:05 - [MESSAGE][PASSED] - Delayed 2 second(s)

2018-05-21 20:43:05 - [TEST_STEP][PASSED] - Statement - out.println("BatchQty : " + batchqty): null

2018-05-21 20:43:05 - [TEST_STEP][PASSED] - Statement - out.println("RQty : " + Rqty): null

2018-05-21 20:43:05 - [TEST_STEP][PASSED] - Statement - If (java.lang.Integer.valueOf(batchqty) >= java.lang.Integer.valueOf(Rqty)): null

2018-05-21 20:43:05 - [TEST_STEP][PASSED] - Statement - Else: null

2018-05-21 20:43:05 - [TEST_STEP][PASSED] - Statement - out.println("Batchqty Is Less Than Rqty"): null

2018-05-21 20:43:05 - [TEST_STEP][PASSED] - Statement - product = new com.kms.katalon.core.testobject.TestObject(): null

2018-05-21 20:43:05 - [TEST_STEP][PASSED] - Statement - product = com.kms.katalon.core.webui.keyword.WebUiBuiltInKeywords.modifyObjectProperty(product, "xpath", "equals", "//*[@id = "fldvendor" + row + ""]", true): Modify property of object successfully

2018-05-21 20:43:05 - [MESSAGE][PASSED] - Modify property of object successfully

2018-05-21 20:43:05 - [TEST_STEP][PASSED] - selectOptionByIndex: All options with index in [2] are selected on object ''

2018-05-21 20:43:05 - [MESSAGE][PASSED] - All options with index in [2] are selected on object ''

2018-05-21 20:43:05 - [TEST_STEP][PASSED] - Statement - batch = new com.kms.katalon.core.testobject.TestObject(): null

2018-05-21 20:43:05 - [TEST_STEP][PASSED] - Statement - batch = com.kms.katalon.core.webui.keyword.WebUiBuiltInKeywords.modifyObjectProperty(batch, "xpath", "equals", "//*[@id = "txtbthqty" + row + ""]", true): Modify property of object successfully

2018-05-21 20:43:05 - [MESSAGE][PASSED] - Modify property of object successfully

2018-05-21 20:43:05 - [TEST_STEP][PASSED] - Statement - batchqty = com.kms.katalon.core.webui.keyword.WebUiBuiltInKeywords.getAttribute(batch, "value").trim(): Attribute 'value' of object '' is: '2900'

2018-05-21 20:43:05 - [MESSAGE][PASSED] - Attribute 'value' of object '' is: '2900'

2018-05-21 20:43:05 - [TEST_STEP][PASSED] - Statement - Rqty = 10000: null

2018-05-21 20:43:05 - [TEST_STEP][PASSED] - delay: Delayed 2 second(s)

2018-05-21 20:43:07 - [MESSAGE][PASSED] - Delayed 2 second(s)

2018-05-21 20:43:07 - [TEST_STEP][PASSED] - Statement - out.println("BatchQty : " + batchqty): null

2018-05-21 20:43:07 - [TEST_STEP][PASSED] - Statement - out.println("RQty : " + Rqty): null

2018-05-21 20:43:07 - [TEST_STEP][PASSED] - Statement - If (java.lang.Integer.valueOf(batchqty) >= java.lang.Integer.valueOf(Rqty)): null

2018-05-21 20:43:07 - [TEST_STEP][PASSED] - Statement - Else: null

2018-05-21 20:43:07 - [TEST_STEP][PASSED] - Statement - out.println("Batchqty Is Less Than Rqty"): null

2018-05-21 20:43:07 - [TEST_STEP][PASSED] - Statement - product = new com.kms.katalon.core.testobject.TestObject(): null

2018-05-21 20:43:07 - [TEST_STEP][PASSED] - Statement - product = com.kms.katalon.core.webui.keyword.WebUiBuiltInKeywords.modifyObjectProperty(product, "xpath", "equals", "//*[@id = "fldvendor" + row + ""]", true): Modify property of object successfully

2018-05-21 20:43:07 - [MESSAGE][PASSED] - Modify property of object successfully

2018-05-21 20:43:07 - [TEST_STEP][PASSED] - selectOptionByIndex: All options with index in [3] are selected on object ''

2018-05-21 20:43:07 - [MESSAGE][PASSED] - All options with index in [3] are selected on object ''

2018-05-21 20:43:07 - [TEST_STEP][PASSED] - Statement - batch = new com.kms.katalon.core.testobject.TestObject(): null

2018-05-21 20:43:07 - [TEST_STEP][PASSED] - Statement - batch = com.kms.katalon.core.webui.keyword.WebUiBuiltInKeywords.modifyObjectProperty(batch, "xpath", "equals", "//*[@id = "txtbthqty" + row + ""]", true): Modify property of object successfully

2018-05-21 20:43:07 - [MESSAGE][PASSED] - Modify property of object successfully

2018-05-21 20:43:07 - [TEST_STEP][PASSED] - Statement - batchqty = com.kms.katalon.core.webui.keyword.WebUiBuiltInKeywords.getAttribute(batch, "value").trim(): Attribute 'value' of object '' is: '5000'

2018-05-21 20:43:07 - [MESSAGE][PASSED] - Attribute 'value' of object '' is: '5000'

2018-05-21 20:43:07 - [TEST_STEP][PASSED] - Statement - Rqty = 10000: null

2018-05-21 20:43:07 - [TEST_STEP][PASSED] - delay: Delayed 2 second(s)

2018-05-21 20:43:09 - [MESSAGE][PASSED] - Delayed 2 second(s)

2018-05-21 20:43:09 - [TEST_STEP][PASSED] - Statement - out.println("BatchQty : " + batchqty): null

2018-05-21 20:43:09 - [TEST_STEP][PASSED] - Statement - out.println("RQty : " + Rqty): null

2018-05-21 20:43:09 - [TEST_STEP][PASSED] - Statement - If (java.lang.Integer.valueOf(batchqty) >= java.lang.Integer.valueOf(Rqty)): null

2018-05-21 20:43:09 - [TEST_STEP][PASSED] - Statement - Else: null

2018-05-21 20:43:09 - [TEST_STEP][PASSED] - Statement - out.println("Batchqty Is Less Than Rqty"): null

2018-05-21 20:43:09 - [TEST_STEP][PASSED] - Statement - product = new com.kms.katalon.core.testobject.TestObject(): null

2018-05-21 20:43:09 - [TEST_STEP][PASSED] - Statement - product = com.kms.katalon.core.webui.keyword.WebUiBuiltInKeywords.modifyObjectProperty(product, "xpath", "equals", "//*[@id = "fldvendor" + row + ""]", true): Modify property of object successfully

2018-05-21 20:43:09 - [MESSAGE][PASSED] - Modify property of object successfully

2018-05-21 20:43:09 - [TEST_STEP][PASSED] - selectOptionByIndex: All options with index in [4] are selected on object ''

2018-05-21 20:43:10 - [MESSAGE][PASSED] - All options with index in [4] are selected on object ''

2018-05-21 20:43:10 - [TEST_STEP][PASSED] - Statement - batch = new com.kms.katalon.core.testobject.TestObject(): null

2018-05-21 20:43:10 - [TEST_STEP][PASSED] - Statement - batch = com.kms.katalon.core.webui.keyword.WebUiBuiltInKeywords.modifyObjectProperty(batch, "xpath", "equals", "//*[@id = "txtbthqty" + row + ""]", true): Modify property of object successfully

2018-05-21 20:43:10 - [MESSAGE][PASSED] - Modify property of object successfully

2018-05-21 20:43:10 - [TEST_STEP][PASSED] - Statement - batchqty = com.kms.katalon.core.webui.keyword.WebUiBuiltInKeywords.getAttribute(batch, "value").trim(): Attribute 'value' of object '' is: '5000'

2018-05-21 20:43:10 - [MESSAGE][PASSED] - Attribute 'value' of object '' is: '5000'

2018-05-21 20:43:10 - [TEST_STEP][PASSED] - Statement - Rqty = 10000: null

2018-05-21 20:43:10 - [TEST_STEP][PASSED] - delay: Delayed 2 second(s)

2018-05-21 20:43:12 - [MESSAGE][PASSED] - Delayed 2 second(s)

2018-05-21 20:43:12 - [TEST_STEP][PASSED] - Statement - out.println("BatchQty : " + batchqty): null

2018-05-21 20:43:12 - [TEST_STEP][PASSED] - Statement - out.println("RQty : " + Rqty): null

2018-05-21 20:43:12 - [TEST_STEP][PASSED] - Statement - If (java.lang.Integer.valueOf(batchqty) >= java.lang.Integer.valueOf(Rqty)): null

2018-05-21 20:43:12 - [TEST_STEP][PASSED] - Statement - Else: null

2018-05-21 20:43:12 - [TEST_STEP][PASSED] - Statement - out.println("Batchqty Is Less Than Rqty"): null

2018-05-21 20:43:12 - [TEST_STEP][PASSED] - Statement - product = new com.kms.katalon.core.testobject.TestObject(): null

2018-05-21 20:43:12 - [TEST_STEP][PASSED] - Statement - product = com.kms.katalon.core.webui.keyword.WebUiBuiltInKeywords.modifyObjectProperty(product, "xpath", "equals", "//*[@id = "fldvendor" + row + ""]", true): Modify property of object successfully

2018-05-21 20:43:12 - [MESSAGE][PASSED] - Modify property of object successfully

2018-05-21 20:43:12 - [TEST_STEP][PASSED] - selectOptionByIndex: All options with index in [5] are selected on object ''

2018-05-21 20:43:12 - [MESSAGE][PASSED] - All options with index in [5] are selected on object ''

2018-05-21 20:43:12 - [TEST_STEP][PASSED] - Statement - batch = new com.kms.katalon.core.testobject.TestObject(): null

2018-05-21 20:43:12 - [TEST_STEP][PASSED] - Statement - batch = com.kms.katalon.core.webui.keyword.WebUiBuiltInKeywords.modifyObjectProperty(batch, "xpath", "equals", "//*[@id = "txtbthqty" + row + ""]", true): Modify property of object successfully

2018-05-21 20:43:12 - [MESSAGE][PASSED] - Modify property of object successfully

2018-05-21 20:43:12 - [TEST_STEP][PASSED] - Statement - batchqty = com.kms.katalon.core.webui.keyword.WebUiBuiltInKeywords.getAttribute(batch, "value").trim(): Attribute 'value' of object '' is: '5000'

2018-05-21 20:43:12 - [MESSAGE][PASSED] - Attribute 'value' of object '' is: '5000'

2018-05-21 20:43:12 - [TEST_STEP][PASSED] - Statement - Rqty = 10000: null

2018-05-21 20:43:12 - [TEST_STEP][PASSED] - delay: Delayed 2 second(s)

2018-05-21 20:43:14 - [MESSAGE][PASSED] - Delayed 2 second(s)

2018-05-21 20:43:14 - [TEST_STEP][PASSED] - Statement - out.println("BatchQty : " + batchqty): null

2018-05-21 20:43:14 - [TEST_STEP][PASSED] - Statement - out.println("RQty : " + Rqty): null

2018-05-21 20:43:14 - [TEST_STEP][PASSED] - Statement - If (java.lang.Integer.valueOf(batchqty) >= java.lang.Integer.valueOf(Rqty)): null

2018-05-21 20:43:14 - [TEST_STEP][PASSED] - Statement - Else: null

2018-05-21 20:43:14 - [TEST_STEP][PASSED] - Statement - out.println("Batchqty Is Less Than Rqty"): null

2018-05-21 20:43:14 - [TEST_STEP][PASSED] - Statement - product = new com.kms.katalon.core.testobject.TestObject(): null

2018-05-21 20:43:14 - [TEST_STEP][PASSED] - Statement - product = com.kms.katalon.core.webui.keyword.WebUiBuiltInKeywords.modifyObjectProperty(product, "xpath", "equals", "//*[@id = "fldvendor" + row + ""]", true): Modify property of object successfully

2018-05-21 20:43:14 - [MESSAGE][PASSED] - Modify property of object successfully

2018-05-21 20:43:14 - [TEST_STEP][PASSED] - selectOptionByIndex: All options with index in [6] are selected on object ''

2018-05-21 20:43:14 - [MESSAGE][PASSED] - All options with index in [6] are selected on object ''

2018-05-21 20:43:14 - [TEST_STEP][PASSED] - Statement - batch = new com.kms.katalon.core.testobject.TestObject(): null

2018-05-21 20:43:14 - [TEST_STEP][PASSED] - Statement - batch = com.kms.katalon.core.webui.keyword.WebUiBuiltInKeywords.modifyObjectProperty(batch, "xpath", "equals", "//*[@id = "txtbthqty" + row + ""]", true): Modify property of object successfully

2018-05-21 20:43:14 - [MESSAGE][PASSED] - Modify property of object successfully

2018-05-21 20:43:14 - [TEST_STEP][PASSED] - Statement - batchqty = com.kms.katalon.core.webui.keyword.WebUiBuiltInKeywords.getAttribute(batch, "value").trim(): Attribute 'value' of object '' is: '39800'

2018-05-21 20:43:14 - [MESSAGE][PASSED] - Attribute 'value' of object '' is: '39800'

2018-05-21 20:43:14 - [TEST_STEP][PASSED] - Statement - Rqty = 10000: null

2018-05-21 20:43:14 - [TEST_STEP][PASSED] - delay: Delayed 2 second(s)

2018-05-21 20:43:16 - [MESSAGE][PASSED] - Delayed 2 second(s)

2018-05-21 20:43:16 - [TEST_STEP][PASSED] - Statement - out.println("BatchQty : " + batchqty): null

2018-05-21 20:43:16 - [TEST_STEP][PASSED] - Statement - out.println("RQty : " + Rqty): null

2018-05-21 20:43:16 - [TEST_STEP][PASSED] - Statement - If (java.lang.Integer.valueOf(batchqty) >= java.lang.Integer.valueOf(Rqty)): null

2018-05-21 20:43:16 - [TEST_STEP][PASSED] - Statement - Break: null

2018-05-21 20:43:16 - [TEST_STEP][PASSED] - Statement - batchlength = new com.kms.katalon.core.testobject.TestObject(): null

2018-05-21 20:43:16 - [TEST_STEP][PASSED] - Statement - batchlength = com.kms.katalon.core.webui.keyword.WebUiBuiltInKeywords.modifyObjectProperty(batchlength, "xpath", "equals", "//*[@id = "fldvendor" + row + ""]", true): Modify property of object successfully

2018-05-21 20:43:16 - [MESSAGE][PASSED] - Modify property of object successfully

2018-05-21 20:43:16 - [TEST_STEP][PASSED] - Statement - batchsize = com.kms.katalon.core.webui.keyword.WebUiBuiltInKeywords.getNumberOfTotalOption(batchlength): 8 options of object '' counted

2018-05-21 20:43:16 - [MESSAGE][PASSED] - 8 options of object '' counted

2018-05-21 20:43:16 - [TEST_STEP][PASSED] - Statement - out.println("BatchSize : " + batchsize): null

2018-05-21 20:43:16 - [TEST_STEP][PASSED] - Statement - For ([n = 1, n <= batchsize - 1, (n++)]): null

2018-05-21 20:43:16 - [TEST_STEP][PASSED] - Statement - product = new com.kms.katalon.core.testobject.TestObject(): null

2018-05-21 20:43:16 - [TEST_STEP][PASSED] - Statement - product = com.kms.katalon.core.webui.keyword.WebUiBuiltInKeywords.modifyObjectProperty(product, "xpath", "equals", "//*[@id = "fldvendor" + row + ""]", true): Modify property of object successfully

2018-05-21 20:43:16 - [MESSAGE][PASSED] - Modify property of object successfully

2018-05-21 20:43:16 - [TEST_STEP][PASSED] - selectOptionByIndex: All options with index in [1] are selected on object ''

2018-05-21 20:43:16 - [MESSAGE][PASSED] - All options with index in [1] are selected on object ''

2018-05-21 20:43:16 - [TEST_STEP][PASSED] - Statement - batch = new com.kms.katalon.core.testobject.TestObject(): null

2018-05-21 20:43:16 - [TEST_STEP][PASSED] - Statement - batch = com.kms.katalon.core.webui.keyword.WebUiBuiltInKeywords.modifyObjectProperty(batch, "xpath", "equals", "//*[@id = "txtbthqty" + row + ""]", true): Modify property of object successfully

2018-05-21 20:43:16 - [MESSAGE][PASSED] - Modify property of object successfully

2018-05-21 20:43:16 - [TEST_STEP][PASSED] - Statement - batchqty = com.kms.katalon.core.webui.keyword.WebUiBuiltInKeywords.getAttribute(batch, "value").trim(): Attribute 'value' of object '' is: '2900'

2018-05-21 20:43:16 - [MESSAGE][PASSED] - Attribute 'value' of object '' is: '2900'

2018-05-21 20:43:16 - [TEST_STEP][PASSED] - Statement - Rqty = 10000: null

2018-05-21 20:43:16 - [TEST_STEP][PASSED] - delay: Delayed 2 second(s)

2018-05-21 20:43:18 - [MESSAGE][PASSED] - Delayed 2 second(s)

2018-05-21 20:43:18 - [TEST_STEP][PASSED] - Statement - out.println("BatchQty : " + batchqty): null

2018-05-21 20:43:18 - [TEST_STEP][PASSED] - Statement - out.println("RQty : " + Rqty): null

2018-05-21 20:43:18 - [TEST_STEP][PASSED] - Statement - If (java.lang.Integer.valueOf(batchqty) >= java.lang.Integer.valueOf(Rqty)): null

2018-05-21 20:43:18 - [TEST_STEP][PASSED] - Statement - Else: null

2018-05-21 20:43:18 - [TEST_STEP][PASSED] - Statement - out.println("Batchqty Is Less Than Rqty"): null

2018-05-21 20:43:18 - [TEST_STEP][PASSED] - Statement - product = new com.kms.katalon.core.testobject.TestObject(): null

2018-05-21 20:43:18 - [TEST_STEP][PASSED] - Statement - product = com.kms.katalon.core.webui.keyword.WebUiBuiltInKeywords.modifyObjectProperty(product, "xpath", "equals", "//*[@id = "fldvendor" + row + ""]", true): Modify property of object successfully

2018-05-21 20:43:18 - [MESSAGE][PASSED] - Modify property of object successfully

2018-05-21 20:43:18 - [TEST_STEP][PASSED] - selectOptionByIndex: All options with index in [2] are selected on object ''

2018-05-21 20:43:19 - [MESSAGE][PASSED] - All options with index in [2] are selected on object ''

2018-05-21 20:43:19 - [TEST_STEP][PASSED] - Statement - batch = new com.kms.katalon.core.testobject.TestObject(): null

2018-05-21 20:43:19 - [TEST_STEP][PASSED] - Statement - batch = com.kms.katalon.core.webui.keyword.WebUiBuiltInKeywords.modifyObjectProperty(batch, "xpath", "equals", "//*[@id = "txtbthqty" + row + ""]", true): Modify property of object successfully

2018-05-21 20:43:19 - [MESSAGE][PASSED] - Modify property of object successfully

2018-05-21 20:43:19 - [TEST_STEP][PASSED] - Statement - batchqty = com.kms.katalon.core.webui.keyword.WebUiBuiltInKeywords.getAttribute(batch, "value").trim(): Attribute 'value' of object '' is: '5000'

2018-05-21 20:43:19 - [MESSAGE][PASSED] - Attribute 'value' of object '' is: '5000'

2018-05-21 20:43:19 - [TEST_STEP][PASSED] - Statement - Rqty = 10000: null

2018-05-21 20:43:19 - [TEST_STEP][PASSED] - delay: Delayed 2 second(s)

2018-05-21 20:43:21 - [MESSAGE][PASSED] - Delayed 2 second(s)

2018-05-21 20:43:21 - [TEST_STEP][PASSED] - Statement - out.println("BatchQty : " + batchqty): null

2018-05-21 20:43:21 - [TEST_STEP][PASSED] - Statement - out.println("RQty : " + Rqty): null

2018-05-21 20:43:21 - [TEST_STEP][PASSED] - Statement - If (java.lang.Integer.valueOf(batchqty) >= java.lang.Integer.valueOf(Rqty)): null

2018-05-21 20:43:21 - [TEST_STEP][PASSED] - Statement - Else: null

2018-05-21 20:43:21 - [TEST_STEP][PASSED] - Statement - out.println("Batchqty Is Less Than Rqty"): null

2018-05-21 20:43:21 - [TEST_STEP][PASSED] - Statement - product = new com.kms.katalon.core.testobject.TestObject(): null

2018-05-21 20:43:21 - [TEST_STEP][PASSED] - Statement - product = com.kms.katalon.core.webui.keyword.WebUiBuiltInKeywords.modifyObjectProperty(product, "xpath", "equals", "//*[@id = "fldvendor" + row + ""]", true): Modify property of object successfully

2018-05-21 20:43:21 - [MESSAGE][PASSED] - Modify property of object successfully

2018-05-21 20:43:21 - [TEST_STEP][PASSED] - selectOptionByIndex: All options with index in [3] are selected on object ''

2018-05-21 20:43:21 - [MESSAGE][PASSED] - All options with index in [3] are selected on object ''

2018-05-21 20:43:21 - [TEST_STEP][PASSED] - Statement - batch = new com.kms.katalon.core.testobject.TestObject(): null

2018-05-21 20:43:21 - [TEST_STEP][PASSED] - Statement - batch = com.kms.katalon.core.webui.keyword.WebUiBuiltInKeywords.modifyObjectProperty(batch, "xpath", "equals", "//*[@id = "txtbthqty" + row + ""]", true): Modify property of object successfully

2018-05-21 20:43:21 - [MESSAGE][PASSED] - Modify property of object successfully

2018-05-21 20:43:21 - [TEST_STEP][PASSED] - Statement - batchqty = com.kms.katalon.core.webui.keyword.WebUiBuiltInKeywords.getAttribute(batch, "value").trim(): Attribute 'value' of object '' is: '5000'

2018-05-21 20:43:21 - [MESSAGE][PASSED] - Attribute 'value' of object '' is: '5000'

2018-05-21 20:43:21 - [TEST_STEP][PASSED] - Statement - Rqty = 10000: null

2018-05-21 20:43:21 - [TEST_STEP][PASSED] - delay: Delayed 2 second(s)

2018-05-21 20:43:23 - [MESSAGE][PASSED] - Delayed 2 second(s)

2018-05-21 20:43:23 - [TEST_STEP][PASSED] - Statement - out.println("BatchQty : " + batchqty): null

2018-05-21 20:43:23 - [TEST_STEP][PASSED] - Statement - out.println("RQty : " + Rqty): null

2018-05-21 20:43:23 - [TEST_STEP][PASSED] - Statement - If (java.lang.Integer.valueOf(batchqty) >= java.lang.Integer.valueOf(Rqty)): null

2018-05-21 20:43:23 - [TEST_STEP][PASSED] - Statement - Else: null

2018-05-21 20:43:23 - [TEST_STEP][PASSED] - Statement - out.println("Batchqty Is Less Than Rqty"): null

2018-05-21 20:43:23 - [TEST_STEP][PASSED] - Statement - product = new com.kms.katalon.core.testobject.TestObject(): null

2018-05-21 20:43:23 - [TEST_STEP][PASSED] - Statement - product = com.kms.katalon.core.webui.keyword.WebUiBuiltInKeywords.modifyObjectProperty(product, "xpath", "equals", "//*[@id = "fldvendor" + row + ""]", true): Modify property of object successfully

2018-05-21 20:43:23 - [MESSAGE][PASSED] - Modify property of object successfully

2018-05-21 20:43:23 - [TEST_STEP][PASSED] - selectOptionByIndex: All options with index in [4] are selected on object ''

2018-05-21 20:43:23 - [MESSAGE][PASSED] - All options with index in [4] are selected on object ''

2018-05-21 20:43:23 - [TEST_STEP][PASSED] - Statement - batch = new com.kms.katalon.core.testobject.TestObject(): null

2018-05-21 20:43:23 - [TEST_STEP][PASSED] - Statement - batch = com.kms.katalon.core.webui.keyword.WebUiBuiltInKeywords.modifyObjectProperty(batch, "xpath", "equals", "//*[@id = "txtbthqty" + row + ""]", true): Modify property of object successfully

2018-05-21 20:43:23 - [MESSAGE][PASSED] - Modify property of object successfully

2018-05-21 20:43:23 - [TEST_STEP][PASSED] - Statement - batchqty = com.kms.katalon.core.webui.keyword.WebUiBuiltInKeywords.getAttribute(batch, "value").trim(): Attribute 'value' of object '' is: '5000'

2018-05-21 20:43:23 - [MESSAGE][PASSED] - Attribute 'value' of object '' is: '5000'

2018-05-21 20:43:23 - [TEST_STEP][PASSED] - Statement - Rqty = 10000: null

2018-05-21 20:43:23 - [TEST_STEP][PASSED] - delay: Delayed 2 second(s)

2018-05-21 20:43:25 - [MESSAGE][PASSED] - Delayed 2 second(s)

2018-05-21 20:43:25 - [TEST_STEP][PASSED] - Statement - out.println("BatchQty : " + batchqty): null

2018-05-21 20:43:25 - [TEST_STEP][PASSED] - Statement - out.println("RQty : " + Rqty): null

2018-05-21 20:43:25 - [TEST_STEP][PASSED] - Statement - If (java.lang.Integer.valueOf(batchqty) >= java.lang.Integer.valueOf(Rqty)): null

2018-05-21 20:43:25 - [TEST_STEP][PASSED] - Statement - Else: null

2018-05-21 20:43:25 - [TEST_STEP][PASSED] - Statement - out.println("Batchqty Is Less Than Rqty"): null

2018-05-21 20:43:25 - [TEST_STEP][PASSED] - Statement - product = new com.kms.katalon.core.testobject.TestObject(): null

2018-05-21 20:43:25 - [TEST_STEP][PASSED] - Statement - product = com.kms.katalon.core.webui.keyword.WebUiBuiltInKeywords.modifyObjectProperty(product, "xpath", "equals", "//*[@id = "fldvendor" + row + ""]", true): Modify property of object successfully

2018-05-21 20:43:25 - [MESSAGE][PASSED] - Modify property of object successfully

2018-05-21 20:43:25 - [TEST_STEP][PASSED] - selectOptionByIndex: All options with index in [5] are selected on object ''

2018-05-21 20:43:25 - [MESSAGE][PASSED] - All options with index in [5] are selected on object ''

2018-05-21 20:43:25 - [TEST_STEP][PASSED] - Statement - batch = new com.kms.katalon.core.testobject.TestObject(): null

2018-05-21 20:43:25 - [TEST_STEP][PASSED] - Statement - batch = com.kms.katalon.core.webui.keyword.WebUiBuiltInKeywords.modifyObjectProperty(batch, "xpath", "equals", "//*[@id = "txtbthqty" + row + ""]", true): Modify property of object successfully

2018-05-21 20:43:25 - [MESSAGE][PASSED] - Modify property of object successfully

2018-05-21 20:43:25 - [TEST_STEP][PASSED] - Statement - batchqty = com.kms.katalon.core.webui.keyword.WebUiBuiltInKeywords.getAttribute(batch, "value").trim(): Attribute 'value' of object '' is: '39800'

2018-05-21 20:43:25 - [MESSAGE][PASSED] - Attribute 'value' of object '' is: '39800'

2018-05-21 20:43:25 - [TEST_STEP][PASSED] - Statement - Rqty = 10000: null

2018-05-21 20:43:25 - [TEST_STEP][PASSED] - delay: Delayed 2 second(s)

2018-05-21 20:43:27 - [MESSAGE][PASSED] - Delayed 2 second(s)

2018-05-21 20:43:27 - [TEST_STEP][PASSED] - Statement - out.println("BatchQty : " + batchqty): null

2018-05-21 20:43:27 - [TEST_STEP][PASSED] - Statement - out.println("RQty : " + Rqty): null

2018-05-21 20:43:27 - [TEST_STEP][PASSED] - Statement - If (java.lang.Integer.valueOf(batchqty) >= java.lang.Integer.valueOf(Rqty)): null

2018-05-21 20:43:27 - [TEST_STEP][PASSED] - Statement - Break: null

2018-05-21 20:43:27 - [TEST_STEP][PASSED] - Statement - batchlength = new com.kms.katalon.core.testobject.TestObject(): null

2018-05-21 20:43:27 - [TEST_STEP][PASSED] - Statement - batchlength = com.kms.katalon.core.webui.keyword.WebUiBuiltInKeywords.modifyObjectProperty(batchlength, "xpath", "equals", "//*[@id = "fldvendor" + row + ""]", true): Modify property of object successfully

2018-05-21 20:43:27 - [MESSAGE][PASSED] - Modify property of object successfully

2018-05-21 20:43:27 - [TEST_STEP][PASSED] - Statement - batchsize = com.kms.katalon.core.webui.keyword.WebUiBuiltInKeywords.getNumberOfTotalOption(batchlength): 8 options of object '' counted

2018-05-21 20:43:27 - [MESSAGE][PASSED] - 8 options of object '' counted

2018-05-21 20:43:27 - [TEST_STEP][PASSED] - Statement - out.println("BatchSize : " + batchsize): null

2018-05-21 20:43:27 - [TEST_STEP][PASSED] - Statement - For ([n = 1, n <= batchsize - 1, (n++)]): null

2018-05-21 20:43:27 - [TEST_STEP][PASSED] - Statement - product = new com.kms.katalon.core.testobject.TestObject(): null

2018-05-21 20:43:27 - [TEST_STEP][PASSED] - Statement - product = com.kms.katalon.core.webui.keyword.WebUiBuiltInKeywords.modifyObjectProperty(product, "xpath", "equals", "//*[@id = "fldvendor" + row + ""]", true): Modify property of object successfully

2018-05-21 20:43:27 - [MESSAGE][PASSED] - Modify property of object successfully

2018-05-21 20:43:27 - [TEST_STEP][PASSED] - selectOptionByIndex: All options with index in [1] are selected on object ''

2018-05-21 20:43:27 - [MESSAGE][PASSED] - All options with index in [1] are selected on object ''

2018-05-21 20:43:27 - [TEST_STEP][PASSED] - Statement - batch = new com.kms.katalon.core.testobject.TestObject(): null

2018-05-21 20:43:27 - [TEST_STEP][PASSED] - Statement - batch = com.kms.katalon.core.webui.keyword.WebUiBuiltInKeywords.modifyObjectProperty(batch, "xpath", "equals", "//*[@id = "txtbthqty" + row + ""]", true): Modify property of object successfully

2018-05-21 20:43:27 - [MESSAGE][PASSED] - Modify property of object successfully

2018-05-21 20:43:27 - [TEST_STEP][PASSED] - Statement - batchqty = com.kms.katalon.core.webui.keyword.WebUiBuiltInKeywords.getAttribute(batch, "value").trim(): Attribute 'value' of object '' is: '2800'

2018-05-21 20:43:27 - [MESSAGE][PASSED] - Attribute 'value' of object '' is: '2800'

2018-05-21 20:43:27 - [TEST_STEP][PASSED] - Statement - Rqty = 10000: null

2018-05-21 20:43:27 - [TEST_STEP][PASSED] - delay: Delayed 2 second(s)

2018-05-21 20:43:29 - [MESSAGE][PASSED] - Delayed 2 second(s)

2018-05-21 20:43:29 - [TEST_STEP][PASSED] - Statement - out.println("BatchQty : " + batchqty): null

2018-05-21 20:43:29 - [TEST_STEP][PASSED] - Statement - out.println("RQty : " + Rqty): null

2018-05-21 20:43:29 - [TEST_STEP][PASSED] - Statement - If (java.lang.Integer.valueOf(batchqty) >= java.lang.Integer.valueOf(Rqty)): null

2018-05-21 20:43:29 - [TEST_STEP][PASSED] - Statement - Else: null

2018-05-21 20:43:29 - [TEST_STEP][PASSED] - Statement - out.println("Batchqty Is Less Than Rqty"): null

2018-05-21 20:43:29 - [TEST_STEP][PASSED] - Statement - product = new com.kms.katalon.core.testobject.TestObject(): null

2018-05-21 20:43:29 - [TEST_STEP][PASSED] - Statement - product = com.kms.katalon.core.webui.keyword.WebUiBuiltInKeywords.modifyObjectProperty(product, "xpath", "equals", "//*[@id = "fldvendor" + row + ""]", true): Modify property of object successfully

2018-05-21 20:43:29 - [MESSAGE][PASSED] - Modify property of object successfully

2018-05-21 20:43:29 - [TEST_STEP][PASSED] - selectOptionByIndex: All options with index in [2] are selected on object ''

2018-05-21 20:43:30 - [MESSAGE][PASSED] - All options with index in [2] are selected on object ''

2018-05-21 20:43:30 - [TEST_STEP][PASSED] - Statement - batch = new com.kms.katalon.core.testobject.TestObject(): null

2018-05-21 20:43:30 - [TEST_STEP][PASSED] - Statement - batch = com.kms.katalon.core.webui.keyword.WebUiBuiltInKeywords.modifyObjectProperty(batch, "xpath", "equals", "//*[@id = "txtbthqty" + row + ""]", true): Modify property of object successfully

2018-05-21 20:43:30 - [MESSAGE][PASSED] - Modify property of object successfully

2018-05-21 20:43:30 - [TEST_STEP][PASSED] - Statement - batchqty = com.kms.katalon.core.webui.keyword.WebUiBuiltInKeywords.getAttribute(batch, "value").trim(): Attribute 'value' of object '' is: '5000'

2018-05-21 20:43:30 - [MESSAGE][PASSED] - Attribute 'value' of object '' is: '5000'

2018-05-21 20:43:30 - [TEST_STEP][PASSED] - Statement - Rqty = 10000: null

2018-05-21 20:43:30 - [TEST_STEP][PASSED] - delay: Delayed 2 second(s)

2018-05-21 20:43:32 - [MESSAGE][PASSED] - Delayed 2 second(s)

2018-05-21 20:43:32 - [TEST_STEP][PASSED] - Statement - out.println("BatchQty : " + batchqty): null

2018-05-21 20:43:32 - [TEST_STEP][PASSED] - Statement - out.println("RQty : " + Rqty): null

2018-05-21 20:43:32 - [TEST_STEP][PASSED] - Statement - If (java.lang.Integer.valueOf(batchqty) >= java.lang.Integer.valueOf(Rqty)): null

2018-05-21 20:43:32 - [TEST_STEP][PASSED] - Statement - Else: null

2018-05-21 20:43:32 - [TEST_STEP][PASSED] - Statement - out.println("Batchqty Is Less Than Rqty"): null

2018-05-21 20:43:32 - [TEST_STEP][PASSED] - Statement - product = new com.kms.katalon.core.testobject.TestObject(): null

2018-05-21 20:43:32 - [TEST_STEP][PASSED] - Statement - product = com.kms.katalon.core.webui.keyword.WebUiBuiltInKeywords.modifyObjectProperty(product, "xpath", "equals", "//*[@id = "fldvendor" + row + ""]", true): Modify property of object successfully

2018-05-21 20:43:32 - [MESSAGE][PASSED] - Modify property of object successfully

2018-05-21 20:43:32 - [TEST_STEP][PASSED] - selectOptionByIndex: All options with index in [3] are selected on object ''

2018-05-21 20:43:32 - [MESSAGE][PASSED] - All options with index in [3] are selected on object ''

2018-05-21 20:43:32 - [TEST_STEP][PASSED] - Statement - batch = new com.kms.katalon.core.testobject.TestObject(): null

2018-05-21 20:43:32 - [TEST_STEP][PASSED] - Statement - batch = com.kms.katalon.core.webui.keyword.WebUiBuiltInKeywords.modifyObjectProperty(batch, "xpath", "equals", "//*[@id = "txtbthqty" + row + ""]", true): Modify property of object successfully

2018-05-21 20:43:32 - [MESSAGE][PASSED] - Modify property of object successfully

2018-05-21 20:43:32 - [TEST_STEP][PASSED] - Statement - batchqty = com.kms.katalon.core.webui.keyword.WebUiBuiltInKeywords.getAttribute(batch, "value").trim(): Attribute 'value' of object '' is: '5000'

2018-05-21 20:43:32 - [MESSAGE][PASSED] - Attribute 'value' of object '' is: '5000'

2018-05-21 20:43:32 - [TEST_STEP][PASSED] - Statement - Rqty = 10000: null

2018-05-21 20:43:32 - [TEST_STEP][PASSED] - delay: Delayed 2 second(s)

2018-05-21 20:43:34 - [MESSAGE][PASSED] - Delayed 2 second(s)

2018-05-21 20:43:34 - [TEST_STEP][PASSED] - Statement - out.println("BatchQty : " + batchqty): null

2018-05-21 20:43:34 - [TEST_STEP][PASSED] - Statement - out.println("RQty : " + Rqty): null

2018-05-21 20:43:34 - [TEST_STEP][PASSED] - Statement - If (java.lang.Integer.valueOf(batchqty) >= java.lang.Integer.valueOf(Rqty)): null

2018-05-21 20:43:34 - [TEST_STEP][PASSED] - Statement - Else: null

2018-05-21 20:43:34 - [TEST_STEP][PASSED] - Statement - out.println("Batchqty Is Less Than Rqty"): null

2018-05-21 20:43:34 - [TEST_STEP][PASSED] - Statement - product = new com.kms.katalon.core.testobject.TestObject(): null

2018-05-21 20:43:34 - [TEST_STEP][PASSED] - Statement - product = com.kms.katalon.core.webui.keyword.WebUiBuiltInKeywords.modifyObjectProperty(product, "xpath", "equals", "//*[@id = "fldvendor" + row + ""]", true): Modify property of object successfully

2018-05-21 20:43:34 - [MESSAGE][PASSED] - Modify property of object successfully

2018-05-21 20:43:34 - [TEST_STEP][PASSED] - selectOptionByIndex: All options with index in [4] are selected on object ''

2018-05-21 20:43:34 - [MESSAGE][PASSED] - All options with index in [4] are selected on object ''

2018-05-21 20:43:34 - [TEST_STEP][PASSED] - Statement - batch = new com.kms.katalon.core.testobject.TestObject(): null

2018-05-21 20:43:34 - [TEST_STEP][PASSED] - Statement - batch = com.kms.katalon.core.webui.keyword.WebUiBuiltInKeywords.modifyObjectProperty(batch, "xpath", "equals", "//*[@id = "txtbthqty" + row + ""]", true): Modify property of object successfully

2018-05-21 20:43:34 - [MESSAGE][PASSED] - Modify property of object successfully

2018-05-21 20:43:34 - [TEST_STEP][PASSED] - Statement - batchqty = com.kms.katalon.core.webui.keyword.WebUiBuiltInKeywords.getAttribute(batch, "value").trim(): Attribute 'value' of object '' is: '5000'

2018-05-21 20:43:34 - [MESSAGE][PASSED] - Attribute 'value' of object '' is: '5000'

2018-05-21 20:43:34 - [TEST_STEP][PASSED] - Statement - Rqty = 10000: null

2018-05-21 20:43:34 - [TEST_STEP][PASSED] - delay: Delayed 2 second(s)

2018-05-21 20:43:36 - [MESSAGE][PASSED] - Delayed 2 second(s)

2018-05-21 20:43:36 - [TEST_STEP][PASSED] - Statement - out.println("BatchQty : " + batchqty): null

2018-05-21 20:43:36 - [TEST_STEP][PASSED] - Statement - out.println("RQty : " + Rqty): null

2018-05-21 20:43:36 - [TEST_STEP][PASSED] - Statement - If (java.lang.Integer.valueOf(batchqty) >= java.lang.Integer.valueOf(Rqty)): null

2018-05-21 20:43:36 - [TEST_STEP][PASSED] - Statement - Else: null

2018-05-21 20:43:36 - [TEST_STEP][PASSED] - Statement - out.println("Batchqty Is Less Than Rqty"): null

2018-05-21 20:43:36 - [TEST_STEP][PASSED] - Statement - product = new com.kms.katalon.core.testobject.TestObject(): null

2018-05-21 20:43:36 - [TEST_STEP][PASSED] - Statement - product = com.kms.katalon.core.webui.keyword.WebUiBuiltInKeywords.modifyObjectProperty(product, "xpath", "equals", "//*[@id = "fldvendor" + row + ""]", true): Modify property of object successfully

2018-05-21 20:43:36 - [MESSAGE][PASSED] - Modify property of object successfully

2018-05-21 20:43:36 - [TEST_STEP][PASSED] - selectOptionByIndex: All options with index in [5] are selected on object ''

2018-05-21 20:43:36 - [MESSAGE][PASSED] - All options with index in [5] are selected on object ''

2018-05-21 20:43:36 - [TEST_STEP][PASSED] - Statement - batch = new com.kms.katalon.core.testobject.TestObject(): null

2018-05-21 20:43:36 - [TEST_STEP][PASSED] - Statement - batch = com.kms.katalon.core.webui.keyword.WebUiBuiltInKeywords.modifyObjectProperty(batch, "xpath", "equals", "//*[@id = "txtbthqty" + row + ""]", true): Modify property of object successfully

2018-05-21 20:43:36 - [MESSAGE][PASSED] - Modify property of object successfully

2018-05-21 20:43:36 - [TEST_STEP][PASSED] - Statement - batchqty = com.kms.katalon.core.webui.keyword.WebUiBuiltInKeywords.getAttribute(batch, "value").trim(): Attribute 'value' of object '' is: '39800'

2018-05-21 20:43:36 - [MESSAGE][PASSED] - Attribute 'value' of object '' is: '39800'

2018-05-21 20:43:36 - [TEST_STEP][PASSED] - Statement - Rqty = 10000: null

2018-05-21 20:43:36 - [TEST_STEP][PASSED] - delay: Delayed 2 second(s)

2018-05-21 20:43:38 - [MESSAGE][PASSED] - Delayed 2 second(s)

2018-05-21 20:43:38 - [TEST_STEP][PASSED] - Statement - out.println("BatchQty : " + batchqty): null

2018-05-21 20:43:38 - [TEST_STEP][PASSED] - Statement - out.println("RQty : " + Rqty): null

2018-05-21 20:43:38 - [TEST_STEP][PASSED] - Statement - If (java.lang.Integer.valueOf(batchqty) >= java.lang.Integer.valueOf(Rqty)): null

2018-05-21 20:43:38 - [TEST_STEP][PASSED] - Statement - Break: null

2018-05-21 20:43:38 - [TEST_STEP][PASSED] - Statement - batchlength = new com.kms.katalon.core.testobject.TestObject(): null

2018-05-21 20:43:38 - [TEST_STEP][PASSED] - Statement - batchlength = com.kms.katalon.core.webui.keyword.WebUiBuiltInKeywords.modifyObjectProperty(batchlength, "xpath", "equals", "//*[@id = "fldvendor" + row + ""]", true): Modify property of object successfully

2018-05-21 20:43:38 - [MESSAGE][PASSED] - Modify property of object successfully

2018-05-21 20:43:38 - [TEST_STEP][PASSED] - Statement - batchsize = com.kms.katalon.core.webui.keyword.WebUiBuiltInKeywords.getNumberOfTotalOption(batchlength): 8 options of object '' counted

2018-05-21 20:43:38 - [MESSAGE][PASSED] - 8 options of object '' counted

2018-05-21 20:43:38 - [TEST_STEP][PASSED] - Statement - out.println("BatchSize : " + batchsize): null

2018-05-21 20:43:38 - [TEST_STEP][PASSED] - Statement - For ([n = 1, n <= batchsize - 1, (n++)]): null

2018-05-21 20:43:38 - [TEST_STEP][PASSED] - Statement - product = new com.kms.katalon.core.testobject.TestObject(): null

2018-05-21 20:43:38 - [TEST_STEP][PASSED] - Statement - product = com.kms.katalon.core.webui.keyword.WebUiBuiltInKeywords.modifyObjectProperty(product, "xpath", "equals", "//*[@id = "fldvendor" + row + ""]", true): Modify property of object successfully

2018-05-21 20:43:38 - [MESSAGE][PASSED] - Modify property of object successfully

2018-05-21 20:43:38 - [TEST_STEP][PASSED] - selectOptionByIndex: All options with index in [1] are selected on object ''

2018-05-21 20:43:39 - [MESSAGE][PASSED] - All options with index in [1] are selected on object ''

2018-05-21 20:43:39 - [TEST_STEP][PASSED] - Statement - batch = new com.kms.katalon.core.testobject.TestObject(): null

2018-05-21 20:43:39 - [TEST_STEP][PASSED] - Statement - batch = com.kms.katalon.core.webui.keyword.WebUiBuiltInKeywords.modifyObjectProperty(batch, "xpath", "equals", "//*[@id = "txtbthqty" + row + ""]", true): Modify property of object successfully

2018-05-21 20:43:39 - [MESSAGE][PASSED] - Modify property of object successfully

2018-05-21 20:43:39 - [TEST_STEP][PASSED] - Statement - batchqty = com.kms.katalon.core.webui.keyword.WebUiBuiltInKeywords.getAttribute(batch, "value").trim(): Attribute 'value' of object '' is: '2700'

2018-05-21 20:43:39 - [MESSAGE][PASSED] - Attribute 'value' of object '' is: '2700'

2018-05-21 20:43:39 - [TEST_STEP][PASSED] - Statement - Rqty = 10000: null

2018-05-21 20:43:39 - [TEST_STEP][PASSED] - delay: Delayed 2 second(s)

2018-05-21 20:43:41 - [MESSAGE][PASSED] - Delayed 2 second(s)

2018-05-21 20:43:41 - [TEST_STEP][PASSED] - Statement - out.println("BatchQty : " + batchqty): null

2018-05-21 20:43:41 - [TEST_STEP][PASSED] - Statement - out.println("RQty : " + Rqty): null

2018-05-21 20:43:41 - [TEST_STEP][PASSED] - Statement - If (java.lang.Integer.valueOf(batchqty) >= java.lang.Integer.valueOf(Rqty)): null

2018-05-21 20:43:41 - [TEST_STEP][PASSED] - Statement - Else: null

2018-05-21 20:43:41 - [TEST_STEP][PASSED] - Statement - out.println("Batchqty Is Less Than Rqty"): null

2018-05-21 20:43:41 - [TEST_STEP][PASSED] - Statement - product = new com.kms.katalon.core.testobject.TestObject(): null

2018-05-21 20:43:41 - [TEST_STEP][PASSED] - Statement - product = com.kms.katalon.core.webui.keyword.WebUiBuiltInKeywords.modifyObjectProperty(product, "xpath", "equals", "//*[@id = "fldvendor" + row + ""]", true): Modify property of object successfully

2018-05-21 20:43:41 - [MESSAGE][PASSED] - Modify property of object successfully

2018-05-21 20:43:41 - [TEST_STEP][PASSED] - selectOptionByIndex: All options with index in [2] are selected on object ''

2018-05-21 20:43:41 - [MESSAGE][PASSED] - All options with index in [2] are selected on object ''

2018-05-21 20:43:41 - [TEST_STEP][PASSED] - Statement - batch = new com.kms.katalon.core.testobject.TestObject(): null

2018-05-21 20:43:41 - [TEST_STEP][PASSED] - Statement - batch = com.kms.katalon.core.webui.keyword.WebUiBuiltInKeywords.modifyObjectProperty(batch, "xpath", "equals", "//*[@id = "txtbthqty" + row + ""]", true): Modify property of object successfully

2018-05-21 20:43:41 - [MESSAGE][PASSED] - Modify property of object successfully

2018-05-21 20:43:41 - [TEST_STEP][PASSED] - Statement - batchqty = com.kms.katalon.core.webui.keyword.WebUiBuiltInKeywords.getAttribute(batch, "value").trim(): Attribute 'value' of object '' is: '5000'

2018-05-21 20:43:41 - [MESSAGE][PASSED] - Attribute 'value' of object '' is: '5000'

2018-05-21 20:43:41 - [TEST_STEP][PASSED] - Statement - Rqty = 10000: null

2018-05-21 20:43:41 - [TEST_STEP][PASSED] - delay: Delayed 2 second(s)

2018-05-21 20:43:43 - [MESSAGE][PASSED] - Delayed 2 second(s)

2018-05-21 20:43:43 - [TEST_STEP][PASSED] - Statement - out.println("BatchQty : " + batchqty): null

2018-05-21 20:43:43 - [TEST_STEP][PASSED] - Statement - out.println("RQty : " + Rqty): null

2018-05-21 20:43:43 - [TEST_STEP][PASSED] - Statement - If (java.lang.Integer.valueOf(batchqty) >= java.lang.Integer.valueOf(Rqty)): null

2018-05-21 20:43:43 - [TEST_STEP][PASSED] - Statement - Else: null

2018-05-21 20:43:43 - [TEST_STEP][PASSED] - Statement - out.println("Batchqty Is Less Than Rqty"): null

2018-05-21 20:43:43 - [TEST_STEP][PASSED] - Statement - product = new com.kms.katalon.core.testobject.TestObject(): null

2018-05-21 20:43:43 - [TEST_STEP][PASSED] - Statement - product = com.kms.katalon.core.webui.keyword.WebUiBuiltInKeywords.modifyObjectProperty(product, "xpath", "equals", "//*[@id = "fldvendor" + row + ""]", true): Modify property of object successfully

2018-05-21 20:43:43 - [MESSAGE][PASSED] - Modify property of object successfully

2018-05-21 20:43:43 - [TEST_STEP][PASSED] - selectOptionByIndex: All options with index in [3] are selected on object ''

2018-05-21 20:43:43 - [MESSAGE][PASSED] - All options with index in [3] are selected on object ''

2018-05-21 20:43:43 - [TEST_STEP][PASSED] - Statement - batch = new com.kms.katalon.core.testobject.TestObject(): null

2018-05-21 20:43:43 - [TEST_STEP][PASSED] - Statement - batch = com.kms.katalon.core.webui.keyword.WebUiBuiltInKeywords.modifyObjectProperty(batch, "xpath", "equals", "//*[@id = "txtbthqty" + row + ""]", true): Modify property of object successfully

2018-05-21 20:43:43 - [MESSAGE][PASSED] - Modify property of object successfully

2018-05-21 20:43:43 - [TEST_STEP][PASSED] - Statement - batchqty = com.kms.katalon.core.webui.keyword.WebUiBuiltInKeywords.getAttribute(batch, "value").trim(): Attribute 'value' of object '' is: '39800'

2018-05-21 20:43:43 - [MESSAGE][PASSED] - Attribute 'value' of object '' is: '39800'

2018-05-21 20:43:43 - [TEST_STEP][PASSED] - Statement - Rqty = 10000: null

2018-05-21 20:43:43 - [TEST_STEP][PASSED] - delay: Delayed 2 second(s)

2018-05-21 20:43:45 - [MESSAGE][PASSED] - Delayed 2 second(s)

2018-05-21 20:43:45 - [TEST_STEP][PASSED] - Statement - out.println("BatchQty : " + batchqty): null

2018-05-21 20:43:45 - [TEST_STEP][PASSED] - Statement - out.println("RQty : " + Rqty): null

2018-05-21 20:43:45 - [TEST_STEP][PASSED] - Statement - If (java.lang.Integer.valueOf(batchqty) >= java.lang.Integer.valueOf(Rqty)): null

2018-05-21 20:43:45 - [TEST_STEP][PASSED] - Statement - Break: null

2018-05-21 20:43:45 - [TEST_STEP][PASSED] - Statement - batchlength = new com.kms.katalon.core.testobject.TestObject(): null

2018-05-21 20:43:45 - [TEST_STEP][PASSED] - Statement - batchlength = com.kms.katalon.core.webui.keyword.WebUiBuiltInKeywords.modifyObjectProperty(batchlength, "xpath", "equals", "//*[@id = "fldvendor" + row + ""]", true): Modify property of object successfully

2018-05-21 20:43:45 - [MESSAGE][PASSED] - Modify property of object successfully

2018-05-21 20:43:45 - [TEST_STEP][PASSED] - Statement - batchsize = com.kms.katalon.core.webui.keyword.WebUiBuiltInKeywords.getNumberOfTotalOption(batchlength): 9 options of object '' counted

2018-05-21 20:43:45 - [MESSAGE][PASSED] - 9 options of object '' counted

2018-05-21 20:43:45 - [TEST_STEP][PASSED] - Statement - out.println("BatchSize : " + batchsize): null

2018-05-21 20:43:45 - [TEST_STEP][PASSED] - Statement - For ([n = 1, n <= batchsize - 1, (n++)]): null

2018-05-21 20:43:45 - [TEST_STEP][PASSED] - Statement - product = new com.kms.katalon.core.testobject.TestObject(): null

2018-05-21 20:43:45 - [TEST_STEP][PASSED] - Statement - product = com.kms.katalon.core.webui.keyword.WebUiBuiltInKeywords.modifyObjectProperty(product, "xpath", "equals", "//*[@id = "fldvendor" + row + ""]", true): Modify property of object successfully

2018-05-21 20:43:45 - [MESSAGE][PASSED] - Modify property of object successfully

2018-05-21 20:43:45 - [TEST_STEP][PASSED] - selectOptionByIndex: All options with index in [1] are selected on object ''

2018-05-21 20:43:45 - [MESSAGE][PASSED] - All options with index in [1] are selected on object ''

2018-05-21 20:43:45 - [TEST_STEP][PASSED] - Statement - batch = new com.kms.katalon.core.testobject.TestObject(): null

2018-05-21 20:43:45 - [TEST_STEP][PASSED] - Statement - batch = com.kms.katalon.core.webui.keyword.WebUiBuiltInKeywords.modifyObjectProperty(batch, "xpath", "equals", "//*[@id = "txtbthqty" + row + ""]", true): Modify property of object successfully

2018-05-21 20:43:45 - [MESSAGE][PASSED] - Modify property of object successfully

2018-05-21 20:43:45 - [TEST_STEP][PASSED] - Statement - batchqty = com.kms.katalon.core.webui.keyword.WebUiBuiltInKeywords.getAttribute(batch, "value").trim(): Attribute 'value' of object '' is: '50'

2018-05-21 20:43:45 - [MESSAGE][PASSED] - Attribute 'value' of object '' is: '50'

2018-05-21 20:43:45 - [TEST_STEP][PASSED] - Statement - Rqty = 10000: null

2018-05-21 20:43:45 - [TEST_STEP][PASSED] - delay: Delayed 2 second(s)

2018-05-21 20:43:47 - [MESSAGE][PASSED] - Delayed 2 second(s)

2018-05-21 20:43:47 - [TEST_STEP][PASSED] - Statement - out.println("BatchQty : " + batchqty): null

2018-05-21 20:43:47 - [TEST_STEP][PASSED] - Statement - out.println("RQty : " + Rqty): null

2018-05-21 20:43:47 - [TEST_STEP][PASSED] - Statement - If (java.lang.Integer.valueOf(batchqty) >= java.lang.Integer.valueOf(Rqty)): null

2018-05-21 20:43:47 - [TEST_STEP][PASSED] - Statement - Else: null

2018-05-21 20:43:47 - [TEST_STEP][PASSED] - Statement - out.println("Batchqty Is Less Than Rqty"): null

2018-05-21 20:43:47 - [TEST_STEP][PASSED] - Statement - product = new com.kms.katalon.core.testobject.TestObject(): null

2018-05-21 20:43:47 - [TEST_STEP][PASSED] - Statement - product = com.kms.katalon.core.webui.keyword.WebUiBuiltInKeywords.modifyObjectProperty(product, "xpath", "equals", "//*[@id = "fldvendor" + row + ""]", true): Modify property of object successfully

2018-05-21 20:43:47 - [MESSAGE][PASSED] - Modify property of object successfully

2018-05-21 20:43:47 - [TEST_STEP][PASSED] - selectOptionByIndex: All options with index in [2] are selected on object ''

2018-05-21 20:43:47 - [MESSAGE][PASSED] - All options with index in [2] are selected on object ''

2018-05-21 20:43:47 - [TEST_STEP][PASSED] - Statement - batch = new com.kms.katalon.core.testobject.TestObject(): null

2018-05-21 20:43:47 - [TEST_STEP][PASSED] - Statement - batch = com.kms.katalon.core.webui.keyword.WebUiBuiltInKeywords.modifyObjectProperty(batch, "xpath", "equals", "//*[@id = "txtbthqty" + row + ""]", true): Modify property of object successfully

2018-05-21 20:43:47 - [MESSAGE][PASSED] - Modify property of object successfully

2018-05-21 20:43:47 - [TEST_STEP][PASSED] - Statement - batchqty = com.kms.katalon.core.webui.keyword.WebUiBuiltInKeywords.getAttribute(batch, "value").trim(): Attribute 'value' of object '' is: '2500'

2018-05-21 20:43:47 - [MESSAGE][PASSED] - Attribute 'value' of object '' is: '2500'

2018-05-21 20:43:47 - [TEST_STEP][PASSED] - Statement - Rqty = 10000: null

2018-05-21 20:43:47 - [TEST_STEP][PASSED] - delay: Delayed 2 second(s)

2018-05-21 20:43:49 - [MESSAGE][PASSED] - Delayed 2 second(s)

2018-05-21 20:43:49 - [TEST_STEP][PASSED] - Statement - out.println("BatchQty : " + batchqty): null

2018-05-21 20:43:49 - [TEST_STEP][PASSED] - Statement - out.println("RQty : " + Rqty): null

2018-05-21 20:43:49 - [TEST_STEP][PASSED] - Statement - If (java.lang.Integer.valueOf(batchqty) >= java.lang.Integer.valueOf(Rqty)): null

2018-05-21 20:43:49 - [TEST_STEP][PASSED] - Statement - Else: null

2018-05-21 20:43:49 - [TEST_STEP][PASSED] - Statement - out.println("Batchqty Is Less Than Rqty"): null

2018-05-21 20:43:49 - [TEST_STEP][PASSED] - Statement - product = new com.kms.katalon.core.testobject.TestObject(): null

2018-05-21 20:43:49 - [TEST_STEP][PASSED] - Statement - product = com.kms.katalon.core.webui.keyword.WebUiBuiltInKeywords.modifyObjectProperty(product, "xpath", "equals", "//*[@id = "fldvendor" + row + ""]", true): Modify property of object successfully

2018-05-21 20:43:49 - [MESSAGE][PASSED] - Modify property of object successfully

2018-05-21 20:43:49 - [TEST_STEP][PASSED] - selectOptionByIndex: All options with index in [3] are selected on object ''

2018-05-21 20:43:50 - [MESSAGE][PASSED] - All options with index in [3] are selected on object ''

2018-05-21 20:43:50 - [TEST_STEP][PASSED] - Statement - batch = new com.kms.katalon.core.testobject.TestObject(): null

2018-05-21 20:43:50 - [TEST_STEP][PASSED] - Statement - batch = com.kms.katalon.core.webui.keyword.WebUiBuiltInKeywords.modifyObjectProperty(batch, "xpath", "equals", "//*[@id = "txtbthqty" + row + ""]", true): Modify property of object successfully

2018-05-21 20:43:50 - [MESSAGE][PASSED] - Modify property of object successfully

2018-05-21 20:43:50 - [TEST_STEP][PASSED] - Statement - batchqty = com.kms.katalon.core.webui.keyword.WebUiBuiltInKeywords.getAttribute(batch, "value").trim(): Attribute 'value' of object '' is: '4900'

2018-05-21 20:43:50 - [MESSAGE][PASSED] - Attribute 'value' of object '' is: '4900'

2018-05-21 20:43:50 - [TEST_STEP][PASSED] - Statement - Rqty = 10000: null

2018-05-21 20:43:50 - [TEST_STEP][PASSED] - delay: Delayed 2 second(s)

2018-05-21 20:43:52 - [MESSAGE][PASSED] - Delayed 2 second(s)

2018-05-21 20:43:52 - [TEST_STEP][PASSED] - Statement - out.println("BatchQty : " + batchqty): null

2018-05-21 20:43:52 - [TEST_STEP][PASSED] - Statement - out.println("RQty : " + Rqty): null

2018-05-21 20:43:52 - [TEST_STEP][PASSED] - Statement - If (java.lang.Integer.valueOf(batchqty) >= java.lang.Integer.valueOf(Rqty)): null

2018-05-21 20:43:52 - [TEST_STEP][PASSED] - Statement - Else: null

2018-05-21 20:43:52 - [TEST_STEP][PASSED] - Statement - out.println("Batchqty Is Less Than Rqty"): null

2018-05-21 20:43:52 - [TEST_STEP][PASSED] - Statement - product = new com.kms.katalon.core.testobject.TestObject(): null

2018-05-21 20:43:52 - [TEST_STEP][PASSED] - Statement - product = com.kms.katalon.core.webui.keyword.WebUiBuiltInKeywords.modifyObjectProperty(product, "xpath", "equals", "//*[@id = "fldvendor" + row + ""]", true): Modify property of object successfully

2018-05-21 20:43:52 - [MESSAGE][PASSED] - Modify property of object successfully

2018-05-21 20:43:52 - [TEST_STEP][PASSED] - selectOptionByIndex: All options with index in [4] are selected on object ''

2018-05-21 20:43:52 - [MESSAGE][PASSED] - All options with index in [4] are selected on object ''

2018-05-21 20:43:52 - [TEST_STEP][PASSED] - Statement - batch = new com.kms.katalon.core.testobject.TestObject(): null

2018-05-21 20:43:52 - [TEST_STEP][PASSED] - Statement - batch = com.kms.katalon.core.webui.keyword.WebUiBuiltInKeywords.modifyObjectProperty(batch, "xpath", "equals", "//*[@id = "txtbthqty" + row + ""]", true): Modify property of object successfully

2018-05-21 20:43:52 - [MESSAGE][PASSED] - Modify property of object successfully

2018-05-21 20:43:52 - [TEST_STEP][PASSED] - Statement - batchqty = com.kms.katalon.core.webui.keyword.WebUiBuiltInKeywords.getAttribute(batch, "value").trim(): Attribute 'value' of object '' is: '5000'

2018-05-21 20:43:52 - [MESSAGE][PASSED] - Attribute 'value' of object '' is: '5000'

2018-05-21 20:43:52 - [TEST_STEP][PASSED] - Statement - Rqty = 10000: null

2018-05-21 20:43:52 - [TEST_STEP][PASSED] - delay: Delayed 2 second(s)

2018-05-21 20:43:54 - [MESSAGE][PASSED] - Delayed 2 second(s)

2018-05-21 20:43:54 - [TEST_STEP][PASSED] - Statement - out.println("BatchQty : " + batchqty): null

2018-05-21 20:43:54 - [TEST_STEP][PASSED] - Statement - out.println("RQty : " + Rqty): null

2018-05-21 20:43:54 - [TEST_STEP][PASSED] - Statement - If (java.lang.Integer.valueOf(batchqty) >= java.lang.Integer.valueOf(Rqty)): null

2018-05-21 20:43:54 - [TEST_STEP][PASSED] - Statement - Else: null

2018-05-21 20:43:54 - [TEST_STEP][PASSED] - Statement - out.println("Batchqty Is Less Than Rqty"): null

2018-05-21 20:43:54 - [TEST_STEP][PASSED] - Statement - product = new com.kms.katalon.core.testobject.TestObject(): null

2018-05-21 20:43:54 - [TEST_STEP][PASSED] - Statement - product = com.kms.katalon.core.webui.keyword.WebUiBuiltInKeywords.modifyObjectProperty(product, "xpath", "equals", "//*[@id = "fldvendor" + row + ""]", true): Modify property of object successfully

2018-05-21 20:43:54 - [MESSAGE][PASSED] - Modify property of object successfully

2018-05-21 20:43:54 - [TEST_STEP][PASSED] - selectOptionByIndex: All options with index in [5] are selected on object ''

2018-05-21 20:43:54 - [MESSAGE][PASSED] - All options with index in [5] are selected on object ''

2018-05-21 20:43:54 - [TEST_STEP][PASSED] - Statement - batch = new com.kms.katalon.core.testobject.TestObject(): null

2018-05-21 20:43:54 - [TEST_STEP][PASSED] - Statement - batch = com.kms.katalon.core.webui.keyword.WebUiBuiltInKeywords.modifyObjectProperty(batch, "xpath", "equals", "//*[@id = "txtbthqty" + row + ""]", true): Modify property of object successfully

2018-05-21 20:43:54 - [MESSAGE][PASSED] - Modify property of object successfully

2018-05-21 20:43:54 - [TEST_STEP][PASSED] - Statement - batchqty = com.kms.katalon.core.webui.keyword.WebUiBuiltInKeywords.getAttribute(batch, "value").trim(): Attribute 'value' of object '' is: '39800'

2018-05-21 20:43:54 - [MESSAGE][PASSED] - Attribute 'value' of object '' is: '39800'

2018-05-21 20:43:54 - [TEST_STEP][PASSED] - Statement - Rqty = 10000: null

2018-05-21 20:43:54 - [TEST_STEP][PASSED] - delay: Delayed 2 second(s)

2018-05-21 20:43:56 - [MESSAGE][PASSED] - Delayed 2 second(s)

2018-05-21 20:43:56 - [TEST_STEP][PASSED] - Statement - out.println("BatchQty : " + batchqty): null

2018-05-21 20:43:56 - [TEST_STEP][PASSED] - Statement - out.println("RQty : " + Rqty): null

2018-05-21 20:43:56 - [TEST_STEP][PASSED] - Statement - If (java.lang.Integer.valueOf(batchqty) >= java.lang.Integer.valueOf(Rqty)): null

2018-05-21 20:43:56 - [TEST_STEP][PASSED] - Statement - Break: null

2018-05-21 20:43:56 - [TEST_STEP][PASSED] - Statement - batchlength = new com.kms.katalon.core.testobject.TestObject(): null

2018-05-21 20:43:56 - [TEST_STEP][PASSED] - Statement - batchlength = com.kms.katalon.core.webui.keyword.WebUiBuiltInKeywords.modifyObjectProperty(batchlength, "xpath", "equals", "//*[@id = "fldvendor" + row + ""]", true): Modify property of object successfully

2018-05-21 20:43:56 - [MESSAGE][PASSED] - Modify property of object successfully

2018-05-21 20:43:56 - [TEST_STEP][PASSED] - Statement - batchsize = com.kms.katalon.core.webui.keyword.WebUiBuiltInKeywords.getNumberOfTotalOption(batchlength): 8 options of object '' counted

2018-05-21 20:43:56 - [MESSAGE][PASSED] - 8 options of object '' counted

2018-05-21 20:43:56 - [TEST_STEP][PASSED] - Statement - out.println("BatchSize : " + batchsize): null

2018-05-21 20:43:56 - [TEST_STEP][PASSED] - Statement - For ([n = 1, n <= batchsize - 1, (n++)]): null

2018-05-21 20:43:56 - [TEST_STEP][PASSED] - Statement - product = new com.kms.katalon.core.testobject.TestObject(): null

2018-05-21 20:43:56 - [TEST_STEP][PASSED] - Statement - product = com.kms.katalon.core.webui.keyword.WebUiBuiltInKeywords.modifyObjectProperty(product, "xpath", "equals", "//*[@id = "fldvendor" + row + ""]", true): Modify property of object successfully

2018-05-21 20:43:56 - [MESSAGE][PASSED] - Modify property of object successfully

2018-05-21 20:43:56 - [TEST_STEP][PASSED] - selectOptionByIndex: All options with index in [1] are selected on object ''

2018-05-21 20:43:56 - [MESSAGE][PASSED] - All options with index in [1] are selected on object ''

2018-05-21 20:43:56 - [TEST_STEP][PASSED] - Statement - batch = new com.kms.katalon.core.testobject.TestObject(): null

2018-05-21 20:43:56 - [TEST_STEP][PASSED] - Statement - batch = com.kms.katalon.core.webui.keyword.WebUiBuiltInKeywords.modifyObjectProperty(batch, "xpath", "equals", "//*[@id = "txtbthqty" + row + ""]", true): Modify property of object successfully

2018-05-21 20:43:56 - [MESSAGE][PASSED] - Modify property of object successfully

2018-05-21 20:43:56 - [TEST_STEP][PASSED] - Statement - batchqty = com.kms.katalon.core.webui.keyword.WebUiBuiltInKeywords.getAttribute(batch, "value").trim(): Attribute 'value' of object '' is: '2700'

2018-05-21 20:43:56 - [MESSAGE][PASSED] - Attribute 'value' of object '' is: '2700'

2018-05-21 20:43:56 - [TEST_STEP][PASSED] - Statement - Rqty = 10000: null

2018-05-21 20:43:56 - [TEST_STEP][PASSED] - delay: Delayed 2 second(s)

2018-05-21 20:43:58 - [MESSAGE][PASSED] - Delayed 2 second(s)

2018-05-21 20:43:58 - [TEST_STEP][PASSED] - Statement - out.println("BatchQty : " + batchqty): null

2018-05-21 20:43:58 - [TEST_STEP][PASSED] - Statement - out.println("RQty : " + Rqty): null

2018-05-21 20:43:58 - [TEST_STEP][PASSED] - Statement - If (java.lang.Integer.valueOf(batchqty) >= java.lang.Integer.valueOf(Rqty)): null

2018-05-21 20:43:58 - [TEST_STEP][PASSED] - Statement - Else: null

2018-05-21 20:43:58 - [TEST_STEP][PASSED] - Statement - out.println("Batchqty Is Less Than Rqty"): null

2018-05-21 20:43:58 - [TEST_STEP][PASSED] - Statement - product = new com.kms.katalon.core.testobject.TestObject(): null

2018-05-21 20:43:58 - [TEST_STEP][PASSED] - Statement - product = com.kms.katalon.core.webui.keyword.WebUiBuiltInKeywords.modifyObjectProperty(product, "xpath", "equals", "//*[@id = "fldvendor" + row + ""]", true): Modify property of object successfully

2018-05-21 20:43:58 - [MESSAGE][PASSED] - Modify property of object successfully

2018-05-21 20:43:58 - [TEST_STEP][PASSED] - selectOptionByIndex: All options with index in [2] are selected on object ''

2018-05-21 20:43:58 - [MESSAGE][PASSED] - All options with index in [2] are selected on object ''

2018-05-21 20:43:58 - [TEST_STEP][PASSED] - Statement - batch = new com.kms.katalon.core.testobject.TestObject(): null

2018-05-21 20:43:58 - [TEST_STEP][PASSED] - Statement - batch = com.kms.katalon.core.webui.keyword.WebUiBuiltInKeywords.modifyObjectProperty(batch, "xpath", "equals", "//*[@id = "txtbthqty" + row + ""]", true): Modify property of object successfully

2018-05-21 20:43:58 - [MESSAGE][PASSED] - Modify property of object successfully

2018-05-21 20:43:58 - [TEST_STEP][PASSED] - Statement - batchqty = com.kms.katalon.core.webui.keyword.WebUiBuiltInKeywords.getAttribute(batch, "value").trim(): Attribute 'value' of object '' is: '5000'

2018-05-21 20:43:58 - [MESSAGE][PASSED] - Attribute 'value' of object '' is: '5000'

2018-05-21 20:43:58 - [TEST_STEP][PASSED] - Statement - Rqty = 10000: null

2018-05-21 20:43:58 - [TEST_STEP][PASSED] - delay: Delayed 2 second(s)

2018-05-21 20:44:00 - [MESSAGE][PASSED] - Delayed 2 second(s)

2018-05-21 20:44:00 - [TEST_STEP][PASSED] - Statement - out.println("BatchQty : " + batchqty): null

2018-05-21 20:44:00 - [TEST_STEP][PASSED] - Statement - out.println("RQty : " + Rqty): null

2018-05-21 20:44:00 - [TEST_STEP][PASSED] - Statement - If (java.lang.Integer.valueOf(batchqty) >= java.lang.Integer.valueOf(Rqty)): null

2018-05-21 20:44:00 - [TEST_STEP][PASSED] - Statement - Else: null

2018-05-21 20:44:00 - [TEST_STEP][PASSED] - Statement - out.println("Batchqty Is Less Than Rqty"): null

2018-05-21 20:44:00 - [TEST_STEP][PASSED] - Statement - product = new com.kms.katalon.core.testobject.TestObject(): null

2018-05-21 20:44:00 - [TEST_STEP][PASSED] - Statement - product = com.kms.katalon.core.webui.keyword.WebUiBuiltInKeywords.modifyObjectProperty(product, "xpath", "equals", "//*[@id = "fldvendor" + row + ""]", true): Modify property of object successfully

2018-05-21 20:44:00 - [MESSAGE][PASSED] - Modify property of object successfully

2018-05-21 20:44:00 - [TEST_STEP][PASSED] - selectOptionByIndex: All options with index in [3] are selected on object ''

2018-05-21 20:44:01 - [MESSAGE][PASSED] - All options with index in [3] are selected on object ''

2018-05-21 20:44:01 - [TEST_STEP][PASSED] - Statement - batch = new com.kms.katalon.core.testobject.TestObject(): null

2018-05-21 20:44:01 - [TEST_STEP][PASSED] - Statement - batch = com.kms.katalon.core.webui.keyword.WebUiBuiltInKeywords.modifyObjectProperty(batch, "xpath", "equals", "//*[@id = "txtbthqty" + row + ""]", true): Modify property of object successfully

2018-05-21 20:44:01 - [MESSAGE][PASSED] - Modify property of object successfully

2018-05-21 20:44:01 - [TEST_STEP][PASSED] - Statement - batchqty = com.kms.katalon.core.webui.keyword.WebUiBuiltInKeywords.getAttribute(batch, "value").trim(): Attribute 'value' of object '' is: '5000'

2018-05-21 20:44:01 - [MESSAGE][PASSED] - Attribute 'value' of object '' is: '5000'

2018-05-21 20:44:01 - [TEST_STEP][PASSED] - Statement - Rqty = 10000: null

2018-05-21 20:44:01 - [TEST_STEP][PASSED] - delay: Delayed 2 second(s)

2018-05-21 20:44:03 - [MESSAGE][PASSED] - Delayed 2 second(s)

2018-05-21 20:44:03 - [TEST_STEP][PASSED] - Statement - out.println("BatchQty : " + batchqty): null

2018-05-21 20:44:03 - [TEST_STEP][PASSED] - Statement - out.println("RQty : " + Rqty): null

2018-05-21 20:44:03 - [TEST_STEP][PASSED] - Statement - If (java.lang.Integer.valueOf(batchqty) >= java.lang.Integer.valueOf(Rqty)): null

2018-05-21 20:44:03 - [TEST_STEP][PASSED] - Statement - Else: null

2018-05-21 20:44:03 - [TEST_STEP][PASSED] - Statement - out.println("Batchqty Is Less Than Rqty"): null

2018-05-21 20:44:03 - [TEST_STEP][PASSED] - Statement - product = new com.kms.katalon.core.testobject.TestObject(): null

2018-05-21 20:44:03 - [TEST_STEP][PASSED] - Statement - product = com.kms.katalon.core.webui.keyword.WebUiBuiltInKeywords.modifyObjectProperty(product, "xpath", "equals", "//*[@id = "fldvendor" + row + ""]", true): Modify property of object successfully

2018-05-21 20:44:03 - [MESSAGE][PASSED] - Modify property of object successfully

2018-05-21 20:44:03 - [TEST_STEP][PASSED] - selectOptionByIndex: All options with index in [4] are selected on object ''

2018-05-21 20:44:03 - [MESSAGE][PASSED] - All options with index in [4] are selected on object ''

2018-05-21 20:44:03 - [TEST_STEP][PASSED] - Statement - batch = new com.kms.katalon.core.testobject.TestObject(): null

2018-05-21 20:44:03 - [TEST_STEP][PASSED] - Statement - batch = com.kms.katalon.core.webui.keyword.WebUiBuiltInKeywords.modifyObjectProperty(batch, "xpath", "equals", "//*[@id = "txtbthqty" + row + ""]", true): Modify property of object successfully

2018-05-21 20:44:03 - [MESSAGE][PASSED] - Modify property of object successfully

2018-05-21 20:44:03 - [TEST_STEP][PASSED] - Statement - batchqty = com.kms.katalon.core.webui.keyword.WebUiBuiltInKeywords.getAttribute(batch, "value").trim(): Attribute 'value' of object '' is: '5000'

2018-05-21 20:44:03 - [MESSAGE][PASSED] - Attribute 'value' of object '' is: '5000'

2018-05-21 20:44:03 - [TEST_STEP][PASSED] - Statement - Rqty = 10000: null

2018-05-21 20:44:03 - [TEST_STEP][PASSED] - delay: Delayed 2 second(s)

2018-05-21 20:44:05 - [MESSAGE][PASSED] - Delayed 2 second(s)

2018-05-21 20:44:05 - [TEST_STEP][PASSED] - Statement - out.println("BatchQty : " + batchqty): null

2018-05-21 20:44:05 - [TEST_STEP][PASSED] - Statement - out.println("RQty : " + Rqty): null

2018-05-21 20:44:05 - [TEST_STEP][PASSED] - Statement - If (java.lang.Integer.valueOf(batchqty) >= java.lang.Integer.valueOf(Rqty)): null

2018-05-21 20:44:05 - [TEST_STEP][PASSED] - Statement - Else: null

2018-05-21 20:44:05 - [TEST_STEP][PASSED] - Statement - out.println("Batchqty Is Less Than Rqty"): null

2018-05-21 20:44:05 - [TEST_STEP][PASSED] - Statement - product = new com.kms.katalon.core.testobject.TestObject(): null

2018-05-21 20:44:05 - [TEST_STEP][PASSED] - Statement - product = com.kms.katalon.core.webui.keyword.WebUiBuiltInKeywords.modifyObjectProperty(product, "xpath", "equals", "//*[@id = "fldvendor" + row + ""]", true): Modify property of object successfully

2018-05-21 20:44:05 - [MESSAGE][PASSED] - Modify property of object successfully

2018-05-21 20:44:05 - [TEST_STEP][PASSED] - selectOptionByIndex: All options with index in [5] are selected on object ''

2018-05-21 20:44:05 - [MESSAGE][PASSED] - All options with index in [5] are selected on object ''

2018-05-21 20:44:05 - [TEST_STEP][PASSED] - Statement - batch = new com.kms.katalon.core.testobject.TestObject(): null

2018-05-21 20:44:05 - [TEST_STEP][PASSED] - Statement - batch = com.kms.katalon.core.webui.keyword.WebUiBuiltInKeywords.modifyObjectProperty(batch, "xpath", "equals", "//*[@id = "txtbthqty" + row + ""]", true): Modify property of object successfully

2018-05-21 20:44:05 - [MESSAGE][PASSED] - Modify property of object successfully

2018-05-21 20:44:05 - [TEST_STEP][PASSED] - Statement - batchqty = com.kms.katalon.core.webui.keyword.WebUiBuiltInKeywords.getAttribute(batch, "value").trim(): Attribute 'value' of object '' is: '5000'

2018-05-21 20:44:05 - [MESSAGE][PASSED] - Attribute 'value' of object '' is: '5000'

2018-05-21 20:44:05 - [TEST_STEP][PASSED] - Statement - Rqty = 10000: null

2018-05-21 20:44:05 - [TEST_STEP][PASSED] - delay: Delayed 2 second(s)

2018-05-21 20:44:07 - [MESSAGE][PASSED] - Delayed 2 second(s)

2018-05-21 20:44:07 - [TEST_STEP][PASSED] - Statement - out.println("BatchQty : " + batchqty): null

2018-05-21 20:44:07 - [TEST_STEP][PASSED] - Statement - out.println("RQty : " + Rqty): null

2018-05-21 20:44:07 - [TEST_STEP][PASSED] - Statement - If (java.lang.Integer.valueOf(batchqty) >= java.lang.Integer.valueOf(Rqty)): null

2018-05-21 20:44:07 - [TEST_STEP][PASSED] - Statement - Else: null

2018-05-21 20:44:07 - [TEST_STEP][PASSED] - Statement - out.println("Batchqty Is Less Than Rqty"): null

2018-05-21 20:44:07 - [TEST_STEP][PASSED] - Statement - product = new com.kms.katalon.core.testobject.TestObject(): null

2018-05-21 20:44:07 - [TEST_STEP][PASSED] - Statement - product = com.kms.katalon.core.webui.keyword.WebUiBuiltInKeywords.modifyObjectProperty(product, "xpath", "equals", "//*[@id = "fldvendor" + row + ""]", true): Modify property of object successfully

2018-05-21 20:44:07 - [MESSAGE][PASSED] - Modify property of object successfully

2018-05-21 20:44:07 - [TEST_STEP][PASSED] - selectOptionByIndex: All options with index in [6] are selected on object ''

2018-05-21 20:44:07 - [MESSAGE][PASSED] - All options with index in [6] are selected on object ''

2018-05-21 20:44:07 - [TEST_STEP][PASSED] - Statement - batch = new com.kms.katalon.core.testobject.TestObject(): null

2018-05-21 20:44:07 - [TEST_STEP][PASSED] - Statement - batch = com.kms.katalon.core.webui.keyword.WebUiBuiltInKeywords.modifyObjectProperty(batch, "xpath", "equals", "//*[@id = "txtbthqty" + row + ""]", true): Modify property of object successfully

2018-05-21 20:44:07 - [MESSAGE][PASSED] - Modify property of object successfully

2018-05-21 20:44:07 - [TEST_STEP][PASSED] - Statement - batchqty = com.kms.katalon.core.webui.keyword.WebUiBuiltInKeywords.getAttribute(batch, "value").trim(): Attribute 'value' of object '' is: '39800'

2018-05-21 20:44:07 - [MESSAGE][PASSED] - Attribute 'value' of object '' is: '39800'

2018-05-21 20:44:07 - [TEST_STEP][PASSED] - Statement - Rqty = 10000: null

2018-05-21 20:44:07 - [TEST_STEP][PASSED] - delay: Delayed 2 second(s)

2018-05-21 20:44:09 - [MESSAGE][PASSED] - Delayed 2 second(s)

2018-05-21 20:44:09 - [TEST_STEP][PASSED] - Statement - out.println("BatchQty : " + batchqty): null

2018-05-21 20:44:09 - [TEST_STEP][PASSED] - Statement - out.println("RQty : " + Rqty): null

2018-05-21 20:44:09 - [TEST_STEP][PASSED] - Statement - If (java.lang.Integer.valueOf(batchqty) >= java.lang.Integer.valueOf(Rqty)): null

2018-05-21 20:44:09 - [TEST_STEP][PASSED] - Statement - Break: null

2018-05-21 20:44:09 - [TEST_STEP][PASSED] - Statement - batchlength = new com.kms.katalon.core.testobject.TestObject(): null

2018-05-21 20:44:09 - [TEST_STEP][PASSED] - Statement - batchlength = com.kms.katalon.core.webui.keyword.WebUiBuiltInKeywords.modifyObjectProperty(batchlength, "xpath", "equals", "//*[@id = "fldvendor" + row + ""]", true): Modify property of object successfully

2018-05-21 20:44:09 - [MESSAGE][PASSED] - Modify property of object successfully

2018-05-21 20:44:09 - [TEST_STEP][PASSED] - Statement - batchsize = com.kms.katalon.core.webui.keyword.WebUiBuiltInKeywords.getNumberOfTotalOption(batchlength): 9 options of object '' counted

2018-05-21 20:44:09 - [MESSAGE][PASSED] - 9 options of object '' counted

2018-05-21 20:44:09 - [TEST_STEP][PASSED] - Statement - out.println("BatchSize : " + batchsize): null

2018-05-21 20:44:09 - [TEST_STEP][PASSED] - Statement - For ([n = 1, n <= batchsize - 1, (n++)]): null

2018-05-21 20:44:09 - [TEST_STEP][PASSED] - Statement - product = new com.kms.katalon.core.testobject.TestObject(): null

2018-05-21 20:44:09 - [TEST_STEP][PASSED] - Statement - product = com.kms.katalon.core.webui.keyword.WebUiBuiltInKeywords.modifyObjectProperty(product, "xpath", "equals", "//*[@id = "fldvendor" + row + ""]", true): Modify property of object successfully

2018-05-21 20:44:09 - [MESSAGE][PASSED] - Modify property of object successfully

2018-05-21 20:44:09 - [TEST_STEP][PASSED] - selectOptionByIndex: All options with index in [1] are selected on object ''

2018-05-21 20:44:09 - [MESSAGE][PASSED] - All options with index in [1] are selected on object ''

2018-05-21 20:44:09 - [TEST_STEP][PASSED] - Statement - batch = new com.kms.katalon.core.testobject.TestObject(): null

2018-05-21 20:44:09 - [TEST_STEP][PASSED] - Statement - batch = com.kms.katalon.core.webui.keyword.WebUiBuiltInKeywords.modifyObjectProperty(batch, "xpath", "equals", "//*[@id = "txtbthqty" + row + ""]", true): Modify property of object successfully

2018-05-21 20:44:09 - [MESSAGE][PASSED] - Modify property of object successfully

2018-05-21 20:44:09 - [TEST_STEP][PASSED] - Statement - batchqty = com.kms.katalon.core.webui.keyword.WebUiBuiltInKeywords.getAttribute(batch, "value").trim(): Attribute 'value' of object '' is: '50'

2018-05-21 20:44:09 - [MESSAGE][PASSED] - Attribute 'value' of object '' is: '50'

2018-05-21 20:44:09 - [TEST_STEP][PASSED] - Statement - Rqty = 10000: null

2018-05-21 20:44:09 - [TEST_STEP][PASSED] - delay: Delayed 2 second(s)

2018-05-21 20:44:11 - [MESSAGE][PASSED] - Delayed 2 second(s)

2018-05-21 20:44:11 - [TEST_STEP][PASSED] - Statement - out.println("BatchQty : " + batchqty): null

2018-05-21 20:44:11 - [TEST_STEP][PASSED] - Statement - out.println("RQty : " + Rqty): null

2018-05-21 20:44:11 - [TEST_STEP][PASSED] - Statement - If (java.lang.Integer.valueOf(batchqty) >= java.lang.Integer.valueOf(Rqty)): null

2018-05-21 20:44:11 - [TEST_STEP][PASSED] - Statement - Else: null

2018-05-21 20:44:11 - [TEST_STEP][PASSED] - Statement - out.println("Batchqty Is Less Than Rqty"): null

2018-05-21 20:44:11 - [TEST_STEP][PASSED] - Statement - product = new com.kms.katalon.core.testobject.TestObject(): null

2018-05-21 20:44:11 - [TEST_STEP][PASSED] - Statement - product = com.kms.katalon.core.webui.keyword.WebUiBuiltInKeywords.modifyObjectProperty(product, "xpath", "equals", "//*[@id = "fldvendor" + row + ""]", true): Modify property of object successfully

2018-05-21 20:44:11 - [MESSAGE][PASSED] - Modify property of object successfully

2018-05-21 20:44:11 - [TEST_STEP][PASSED] - selectOptionByIndex: All options with index in [2] are selected on object ''

2018-05-21 20:44:12 - [MESSAGE][PASSED] - All options with index in [2] are selected on object ''

2018-05-21 20:44:12 - [TEST_STEP][PASSED] - Statement - batch = new com.kms.katalon.core.testobject.TestObject(): null

2018-05-21 20:44:12 - [TEST_STEP][PASSED] - Statement - batch = com.kms.katalon.core.webui.keyword.WebUiBuiltInKeywords.modifyObjectProperty(batch, "xpath", "equals", "//*[@id = "txtbthqty" + row + ""]", true): Modify property of object successfully

2018-05-21 20:44:12 - [MESSAGE][PASSED] - Modify property of object successfully

2018-05-21 20:44:12 - [TEST_STEP][PASSED] - Statement - batchqty = com.kms.katalon.core.webui.keyword.WebUiBuiltInKeywords.getAttribute(batch, "value").trim(): Attribute 'value' of object '' is: '2600'

2018-05-21 20:44:12 - [MESSAGE][PASSED] - Attribute 'value' of object '' is: '2600'

2018-05-21 20:44:12 - [TEST_STEP][PASSED] - Statement - Rqty = 10000: null

2018-05-21 20:44:12 - [TEST_STEP][PASSED] - delay: Delayed 2 second(s)

2018-05-21 20:44:14 - [MESSAGE][PASSED] - Delayed 2 second(s)

2018-05-21 20:44:14 - [TEST_STEP][PASSED] - Statement - out.println("BatchQty : " + batchqty): null

2018-05-21 20:44:14 - [TEST_STEP][PASSED] - Statement - out.println("RQty : " + Rqty): null

2018-05-21 20:44:14 - [TEST_STEP][PASSED] - Statement - If (java.lang.Integer.valueOf(batchqty) >= java.lang.Integer.valueOf(Rqty)): null

2018-05-21 20:44:14 - [TEST_STEP][PASSED] - Statement - Else: null

2018-05-21 20:44:14 - [TEST_STEP][PASSED] - Statement - out.println("Batchqty Is Less Than Rqty"): null

2018-05-21 20:44:14 - [TEST_STEP][PASSED] - Statement - product = new com.kms.katalon.core.testobject.TestObject(): null

2018-05-21 20:44:14 - [TEST_STEP][PASSED] - Statement - product = com.kms.katalon.core.webui.keyword.WebUiBuiltInKeywords.modifyObjectProperty(product, "xpath", "equals", "//*[@id = "fldvendor" + row + ""]", true): Modify property of object successfully

2018-05-21 20:44:14 - [MESSAGE][PASSED] - Modify property of object successfully

2018-05-21 20:44:14 - [TEST_STEP][PASSED] - selectOptionByIndex: All options with index in [3] are selected on object ''

2018-05-21 20:44:14 - [MESSAGE][PASSED] - All options with index in [3] are selected on object ''

2018-05-21 20:44:14 - [TEST_STEP][PASSED] - Statement - batch = new com.kms.katalon.core.testobject.TestObject(): null

2018-05-21 20:44:14 - [TEST_STEP][PASSED] - Statement - batch = com.kms.katalon.core.webui.keyword.WebUiBuiltInKeywords.modifyObjectProperty(batch, "xpath", "equals", "//*[@id = "txtbthqty" + row + ""]", true): Modify property of object successfully

2018-05-21 20:44:14 - [MESSAGE][PASSED] - Modify property of object successfully

2018-05-21 20:44:14 - [TEST_STEP][PASSED] - Statement - batchqty = com.kms.katalon.core.webui.keyword.WebUiBuiltInKeywords.getAttribute(batch, "value").trim(): Attribute 'value' of object '' is: '5000'

2018-05-21 20:44:14 - [MESSAGE][PASSED] - Attribute 'value' of object '' is: '5000'

2018-05-21 20:44:14 - [TEST_STEP][PASSED] - Statement - Rqty = 10000: null

2018-05-21 20:44:14 - [TEST_STEP][PASSED] - delay: Delayed 2 second(s)

2018-05-21 20:44:16 - [MESSAGE][PASSED] - Delayed 2 second(s)

2018-05-21 20:44:16 - [TEST_STEP][PASSED] - Statement - out.println("BatchQty : " + batchqty): null

2018-05-21 20:44:16 - [TEST_STEP][PASSED] - Statement - out.println("RQty : " + Rqty): null

2018-05-21 20:44:16 - [TEST_STEP][PASSED] - Statement - If (java.lang.Integer.valueOf(batchqty) >= java.lang.Integer.valueOf(Rqty)): null

2018-05-21 20:44:16 - [TEST_STEP][PASSED] - Statement - Else: null

2018-05-21 20:44:16 - [TEST_STEP][PASSED] - Statement - out.println("Batchqty Is Less Than Rqty"): null

2018-05-21 20:44:16 - [TEST_STEP][PASSED] - Statement - product = new com.kms.katalon.core.testobject.TestObject(): null

2018-05-21 20:44:16 - [TEST_STEP][PASSED] - Statement - product = com.kms.katalon.core.webui.keyword.WebUiBuiltInKeywords.modifyObjectProperty(product, "xpath", "equals", "//*[@id = "fldvendor" + row + ""]", true): Modify property of object successfully

2018-05-21 20:44:16 - [MESSAGE][PASSED] - Modify property of object successfully

2018-05-21 20:44:16 - [TEST_STEP][PASSED] - selectOptionByIndex: All options with index in [4] are selected on object ''

2018-05-21 20:44:16 - [MESSAGE][PASSED] - All options with index in [4] are selected on object ''

2018-05-21 20:44:16 - [TEST_STEP][PASSED] - Statement - batch = new com.kms.katalon.core.testobject.TestObject(): null

2018-05-21 20:44:16 - [TEST_STEP][PASSED] - Statement - batch = com.kms.katalon.core.webui.keyword.WebUiBuiltInKeywords.modifyObjectProperty(batch, "xpath", "equals", "//*[@id = "txtbthqty" + row + ""]", true): Modify property of object successfully

2018-05-21 20:44:16 - [MESSAGE][PASSED] - Modify property of object successfully

2018-05-21 20:44:16 - [TEST_STEP][PASSED] - Statement - batchqty = com.kms.katalon.core.webui.keyword.WebUiBuiltInKeywords.getAttribute(batch, "value").trim(): Attribute 'value' of object '' is: '5000'

2018-05-21 20:44:16 - [MESSAGE][PASSED] - Attribute 'value' of object '' is: '5000'

2018-05-21 20:44:16 - [TEST_STEP][PASSED] - Statement - Rqty = 10000: null

2018-05-21 20:44:16 - [TEST_STEP][PASSED] - delay: Delayed 2 second(s)

2018-05-21 20:44:18 - [MESSAGE][PASSED] - Delayed 2 second(s)

2018-05-21 20:44:18 - [TEST_STEP][PASSED] - Statement - out.println("BatchQty : " + batchqty): null

2018-05-21 20:44:18 - [TEST_STEP][PASSED] - Statement - out.println("RQty : " + Rqty): null

2018-05-21 20:44:18 - [TEST_STEP][PASSED] - Statement - If (java.lang.Integer.valueOf(batchqty) >= java.lang.Integer.valueOf(Rqty)): null

2018-05-21 20:44:18 - [TEST_STEP][PASSED] - Statement - Else: null

2018-05-21 20:44:18 - [TEST_STEP][PASSED] - Statement - out.println("Batchqty Is Less Than Rqty"): null

2018-05-21 20:44:18 - [TEST_STEP][PASSED] - Statement - product = new com.kms.katalon.core.testobject.TestObject(): null

2018-05-21 20:44:18 - [TEST_STEP][PASSED] - Statement - product = com.kms.katalon.core.webui.keyword.WebUiBuiltInKeywords.modifyObjectProperty(product, "xpath", "equals", "//*[@id = "fldvendor" + row + ""]", true): Modify property of object successfully

2018-05-21 20:44:18 - [MESSAGE][PASSED] - Modify property of object successfully

2018-05-21 20:44:18 - [TEST_STEP][PASSED] - selectOptionByIndex: All options with index in [5] are selected on object ''

2018-05-21 20:44:18 - [MESSAGE][PASSED] - All options with index in [5] are selected on object ''

2018-05-21 20:44:18 - [TEST_STEP][PASSED] - Statement - batch = new com.kms.katalon.core.testobject.TestObject(): null

2018-05-21 20:44:18 - [TEST_STEP][PASSED] - Statement - batch = com.kms.katalon.core.webui.keyword.WebUiBuiltInKeywords.modifyObjectProperty(batch, "xpath", "equals", "//*[@id = "txtbthqty" + row + ""]", true): Modify property of object successfully

2018-05-21 20:44:18 - [MESSAGE][PASSED] - Modify property of object successfully

2018-05-21 20:44:18 - [TEST_STEP][PASSED] - Statement - batchqty = com.kms.katalon.core.webui.keyword.WebUiBuiltInKeywords.getAttribute(batch, "value").trim(): Attribute 'value' of object '' is: '39800'

2018-05-21 20:44:18 - [MESSAGE][PASSED] - Attribute 'value' of object '' is: '39800'

2018-05-21 20:44:18 - [TEST_STEP][PASSED] - Statement - Rqty = 10000: null

2018-05-21 20:44:18 - [TEST_STEP][PASSED] - delay: Delayed 2 second(s)

2018-05-21 20:44:20 - [MESSAGE][PASSED] - Delayed 2 second(s)

2018-05-21 20:44:20 - [TEST_STEP][PASSED] - Statement - out.println("BatchQty : " + batchqty): null

2018-05-21 20:44:20 - [TEST_STEP][PASSED] - Statement - out.println("RQty : " + Rqty): null

2018-05-21 20:44:20 - [TEST_STEP][PASSED] - Statement - If (java.lang.Integer.valueOf(batchqty) >= java.lang.Integer.valueOf(Rqty)): null

2018-05-21 20:44:20 - [TEST_STEP][PASSED] - Statement - Break: null

2018-05-21 20:44:20 - [TEST_STEP][PASSED] - Statement - batchlength = new com.kms.katalon.core.testobject.TestObject(): null

2018-05-21 20:44:20 - [TEST_STEP][PASSED] - Statement - batchlength = com.kms.katalon.core.webui.keyword.WebUiBuiltInKeywords.modifyObjectProperty(batchlength, "xpath", "equals", "//*[@id = "fldvendor" + row + ""]", true): Modify property of object successfully

2018-05-21 20:44:20 - [MESSAGE][PASSED] - Modify property of object successfully

2018-05-21 20:44:20 - [TEST_STEP][PASSED] - Statement - batchsize = com.kms.katalon.core.webui.keyword.WebUiBuiltInKeywords.getNumberOfTotalOption(batchlength): 8 options of object '' counted

2018-05-21 20:44:20 - [MESSAGE][PASSED] - 8 options of object '' counted

2018-05-21 20:44:20 - [TEST_STEP][PASSED] - Statement - out.println("BatchSize : " + batchsize): null

2018-05-21 20:44:20 - [TEST_STEP][PASSED] - Statement - For ([n = 1, n <= batchsize - 1, (n++)]): null

2018-05-21 20:44:20 - [TEST_STEP][PASSED] - Statement - product = new com.kms.katalon.core.testobject.TestObject(): null

2018-05-21 20:44:20 - [TEST_STEP][PASSED] - Statement - product = com.kms.katalon.core.webui.keyword.WebUiBuiltInKeywords.modifyObjectProperty(product, "xpath", "equals", "//*[@id = "fldvendor" + row + ""]", true): Modify property of object successfully

2018-05-21 20:44:20 - [MESSAGE][PASSED] - Modify property of object successfully

2018-05-21 20:44:20 - [TEST_STEP][PASSED] - selectOptionByIndex: All options with index in [1] are selected on object ''

2018-05-21 20:44:20 - [MESSAGE][PASSED] - All options with index in [1] are selected on object ''

2018-05-21 20:44:20 - [TEST_STEP][PASSED] - Statement - batch = new com.kms.katalon.core.testobject.TestObject(): null

2018-05-21 20:44:20 - [TEST_STEP][PASSED] - Statement - batch = com.kms.katalon.core.webui.keyword.WebUiBuiltInKeywords.modifyObjectProperty(batch, "xpath", "equals", "//*[@id = "txtbthqty" + row + ""]", true): Modify property of object successfully

2018-05-21 20:44:20 - [MESSAGE][PASSED] - Modify property of object successfully

2018-05-21 20:44:20 - [TEST_STEP][PASSED] - Statement - batchqty = com.kms.katalon.core.webui.keyword.WebUiBuiltInKeywords.getAttribute(batch, "value").trim(): Attribute 'value' of object '' is: '2800'

2018-05-21 20:44:20 - [MESSAGE][PASSED] - Attribute 'value' of object '' is: '2800'

2018-05-21 20:44:20 - [TEST_STEP][PASSED] - Statement - Rqty = 10000: null

2018-05-21 20:44:20 - [TEST_STEP][PASSED] - delay: Delayed 2 second(s)

2018-05-21 20:44:22 - [MESSAGE][PASSED] - Delayed 2 second(s)

2018-05-21 20:44:22 - [TEST_STEP][PASSED] - Statement - out.println("BatchQty : " + batchqty): null

2018-05-21 20:44:22 - [TEST_STEP][PASSED] - Statement - out.println("RQty : " + Rqty): null

2018-05-21 20:44:22 - [TEST_STEP][PASSED] - Statement - If (java.lang.Integer.valueOf(batchqty) >= java.lang.Integer.valueOf(Rqty)): null

2018-05-21 20:44:22 - [TEST_STEP][PASSED] - Statement - Else: null

2018-05-21 20:44:22 - [TEST_STEP][PASSED] - Statement - out.println("Batchqty Is Less Than Rqty"): null

2018-05-21 20:44:22 - [TEST_STEP][PASSED] - Statement - product = new com.kms.katalon.core.testobject.TestObject(): null

2018-05-21 20:44:22 - [TEST_STEP][PASSED] - Statement - product = com.kms.katalon.core.webui.keyword.WebUiBuiltInKeywords.modifyObjectProperty(product, "xpath", "equals", "//*[@id = "fldvendor" + row + ""]", true): Modify property of object successfully

2018-05-21 20:44:22 - [MESSAGE][PASSED] - Modify property of object successfully

2018-05-21 20:44:22 - [TEST_STEP][PASSED] - selectOptionByIndex: All options with index in [2] are selected on object ''

2018-05-21 20:44:23 - [MESSAGE][PASSED] - All options with index in [2] are selected on object ''

2018-05-21 20:44:23 - [TEST_STEP][PASSED] - Statement - batch = new com.kms.katalon.core.testobject.TestObject(): null

2018-05-21 20:44:23 - [TEST_STEP][PASSED] - Statement - batch = com.kms.katalon.core.webui.keyword.WebUiBuiltInKeywords.modifyObjectProperty(batch, "xpath", "equals", "//*[@id = "txtbthqty" + row + ""]", true): Modify property of object successfully

2018-05-21 20:44:23 - [MESSAGE][PASSED] - Modify property of object successfully

2018-05-21 20:44:23 - [TEST_STEP][PASSED] - Statement - batchqty = com.kms.katalon.core.webui.keyword.WebUiBuiltInKeywords.getAttribute(batch, "value").trim(): Attribute 'value' of object '' is: '5000'

2018-05-21 20:44:23 - [MESSAGE][PASSED] - Attribute 'value' of object '' is: '5000'

2018-05-21 20:44:23 - [TEST_STEP][PASSED] - Statement - Rqty = 10000: null

2018-05-21 20:44:23 - [TEST_STEP][PASSED] - delay: Delayed 2 second(s)

2018-05-21 20:44:25 - [MESSAGE][PASSED] - Delayed 2 second(s)

2018-05-21 20:44:25 - [TEST_STEP][PASSED] - Statement - out.println("BatchQty : " + batchqty): null

2018-05-21 20:44:25 - [TEST_STEP][PASSED] - Statement - out.println("RQty : " + Rqty): null

2018-05-21 20:44:25 - [TEST_STEP][PASSED] - Statement - If (java.lang.Integer.valueOf(batchqty) >= java.lang.Integer.valueOf(Rqty)): null

2018-05-21 20:44:25 - [TEST_STEP][PASSED] - Statement - Else: null

2018-05-21 20:44:25 - [TEST_STEP][PASSED] - Statement - out.println("Batchqty Is Less Than Rqty"): null

2018-05-21 20:44:25 - [TEST_STEP][PASSED] - Statement - product = new com.kms.katalon.core.testobject.TestObject(): null

2018-05-21 20:44:25 - [TEST_STEP][PASSED] - Statement - product = com.kms.katalon.core.webui.keyword.WebUiBuiltInKeywords.modifyObjectProperty(product, "xpath", "equals", "//*[@id = "fldvendor" + row + ""]", true): Modify property of object successfully

2018-05-21 20:44:25 - [MESSAGE][PASSED] - Modify property of object successfully

2018-05-21 20:44:25 - [TEST_STEP][PASSED] - selectOptionByIndex: All options with index in [3] are selected on object ''

2018-05-21 20:44:25 - [MESSAGE][PASSED] - All options with index in [3] are selected on object ''

2018-05-21 20:44:25 - [TEST_STEP][PASSED] - Statement - batch = new com.kms.katalon.core.testobject.TestObject(): null

2018-05-21 20:44:25 - [TEST_STEP][PASSED] - Statement - batch = com.kms.katalon.core.webui.keyword.WebUiBuiltInKeywords.modifyObjectProperty(batch, "xpath", "equals", "//*[@id = "txtbthqty" + row + ""]", true): Modify property of object successfully

2018-05-21 20:44:25 - [MESSAGE][PASSED] - Modify property of object successfully

2018-05-21 20:44:25 - [TEST_STEP][PASSED] - Statement - batchqty = com.kms.katalon.core.webui.keyword.WebUiBuiltInKeywords.getAttribute(batch, "value").trim(): Attribute 'value' of object '' is: '5000'

2018-05-21 20:44:25 - [MESSAGE][PASSED] - Attribute 'value' of object '' is: '5000'

2018-05-21 20:44:25 - [TEST_STEP][PASSED] - Statement - Rqty = 10000: null

2018-05-21 20:44:25 - [TEST_STEP][PASSED] - delay: Delayed 2 second(s)

2018-05-21 20:44:27 - [MESSAGE][PASSED] - Delayed 2 second(s)

2018-05-21 20:44:27 - [TEST_STEP][PASSED] - Statement - out.println("BatchQty : " + batchqty): null

2018-05-21 20:44:27 - [TEST_STEP][PASSED] - Statement - out.println("RQty : " + Rqty): null

2018-05-21 20:44:27 - [TEST_STEP][PASSED] - Statement - If (java.lang.Integer.valueOf(batchqty) >= java.lang.Integer.valueOf(Rqty)): null

2018-05-21 20:44:27 - [TEST_STEP][PASSED] - Statement - Else: null

2018-05-21 20:44:27 - [TEST_STEP][PASSED] - Statement - out.println("Batchqty Is Less Than Rqty"): null

2018-05-21 20:44:27 - [TEST_STEP][PASSED] - Statement - product = new com.kms.katalon.core.testobject.TestObject(): null

2018-05-21 20:44:27 - [TEST_STEP][PASSED] - Statement - product = com.kms.katalon.core.webui.keyword.WebUiBuiltInKeywords.modifyObjectProperty(product, "xpath", "equals", "//*[@id = "fldvendor" + row + ""]", true): Modify property of object successfully

2018-05-21 20:44:27 - [MESSAGE][PASSED] - Modify property of object successfully

2018-05-21 20:44:27 - [TEST_STEP][PASSED] - selectOptionByIndex: All options with index in [4] are selected on object ''

2018-05-21 20:44:27 - [MESSAGE][PASSED] - All options with index in [4] are selected on object ''

2018-05-21 20:44:27 - [TEST_STEP][PASSED] - Statement - batch = new com.kms.katalon.core.testobject.TestObject(): null

2018-05-21 20:44:27 - [TEST_STEP][PASSED] - Statement - batch = com.kms.katalon.core.webui.keyword.WebUiBuiltInKeywords.modifyObjectProperty(batch, "xpath", "equals", "//*[@id = "txtbthqty" + row + ""]", true): Modify property of object successfully

2018-05-21 20:44:27 - [MESSAGE][PASSED] - Modify property of object successfully

2018-05-21 20:44:27 - [TEST_STEP][PASSED] - Statement - batchqty = com.kms.katalon.core.webui.keyword.WebUiBuiltInKeywords.getAttribute(batch, "value").trim(): Attribute 'value' of object '' is: '5000'

2018-05-21 20:44:27 - [MESSAGE][PASSED] - Attribute 'value' of object '' is: '5000'

2018-05-21 20:44:27 - [TEST_STEP][PASSED] - Statement - Rqty = 10000: null

2018-05-21 20:44:27 - [TEST_STEP][PASSED] - delay: Delayed 2 second(s)

2018-05-21 20:44:29 - [MESSAGE][PASSED] - Delayed 2 second(s)

2018-05-21 20:44:29 - [TEST_STEP][PASSED] - Statement - out.println("BatchQty : " + batchqty): null

2018-05-21 20:44:29 - [TEST_STEP][PASSED] - Statement - out.println("RQty : " + Rqty): null

2018-05-21 20:44:29 - [TEST_STEP][PASSED] - Statement - If (java.lang.Integer.valueOf(batchqty) >= java.lang.Integer.valueOf(Rqty)): null

2018-05-21 20:44:29 - [TEST_STEP][PASSED] - Statement - Else: null

2018-05-21 20:44:29 - [TEST_STEP][PASSED] - Statement - out.println("Batchqty Is Less Than Rqty"): null

2018-05-21 20:44:29 - [TEST_STEP][PASSED] - Statement - product = new com.kms.katalon.core.testobject.TestObject(): null

2018-05-21 20:44:29 - [TEST_STEP][PASSED] - Statement - product = com.kms.katalon.core.webui.keyword.WebUiBuiltInKeywords.modifyObjectProperty(product, "xpath", "equals", "//*[@id = "fldvendor" + row + ""]", true): Modify property of object successfully

2018-05-21 20:44:29 - [MESSAGE][PASSED] - Modify property of object successfully

2018-05-21 20:44:29 - [TEST_STEP][PASSED] - selectOptionByIndex: All options with index in [5] are selected on object ''

2018-05-21 20:44:29 - [MESSAGE][PASSED] - All options with index in [5] are selected on object ''

2018-05-21 20:44:29 - [TEST_STEP][PASSED] - Statement - batch = new com.kms.katalon.core.testobject.TestObject(): null

2018-05-21 20:44:29 - [TEST_STEP][PASSED] - Statement - batch = com.kms.katalon.core.webui.keyword.WebUiBuiltInKeywords.modifyObjectProperty(batch, "xpath", "equals", "//*[@id = "txtbthqty" + row + ""]", true): Modify property of object successfully

2018-05-21 20:44:29 - [MESSAGE][PASSED] - Modify property of object successfully

2018-05-21 20:44:29 - [TEST_STEP][PASSED] - Statement - batchqty = com.kms.katalon.core.webui.keyword.WebUiBuiltInKeywords.getAttribute(batch, "value").trim(): Attribute 'value' of object '' is: '39800'

2018-05-21 20:44:29 - [MESSAGE][PASSED] - Attribute 'value' of object '' is: '39800'

2018-05-21 20:44:29 - [TEST_STEP][PASSED] - Statement - Rqty = 10000: null

2018-05-21 20:44:29 - [TEST_STEP][PASSED] - delay: Delayed 2 second(s)

2018-05-21 20:44:31 - [MESSAGE][PASSED] - Delayed 2 second(s)

2018-05-21 20:44:31 - [TEST_STEP][PASSED] - Statement - out.println("BatchQty : " + batchqty): null

2018-05-21 20:44:31 - [TEST_STEP][PASSED] - Statement - out.println("RQty : " + Rqty): null

2018-05-21 20:44:31 - [TEST_STEP][PASSED] - Statement - If (java.lang.Integer.valueOf(batchqty) >= java.lang.Integer.valueOf(Rqty)): null

2018-05-21 20:44:31 - [TEST_STEP][PASSED] - Statement - Break: null

2018-05-21 20:44:31 - [TEST_STEP][PASSED] - Statement - batchlength = new com.kms.katalon.core.testobject.TestObject(): null

2018-05-21 20:44:31 - [TEST_STEP][PASSED] - Statement - batchlength = com.kms.katalon.core.webui.keyword.WebUiBuiltInKeywords.modifyObjectProperty(batchlength, "xpath", "equals", "//*[@id = "fldvendor" + row + ""]", true): Modify property of object successfully

2018-05-21 20:44:31 - [MESSAGE][PASSED] - Modify property of object successfully

2018-05-21 20:44:31 - [TEST_STEP][PASSED] - Statement - batchsize = com.kms.katalon.core.webui.keyword.WebUiBuiltInKeywords.getNumberOfTotalOption(batchlength): 8 options of object '' counted

2018-05-21 20:44:31 - [MESSAGE][PASSED] - 8 options of object '' counted

2018-05-21 20:44:31 - [TEST_STEP][PASSED] - Statement - out.println("BatchSize : " + batchsize): null

2018-05-21 20:44:31 - [TEST_STEP][PASSED] - Statement - For ([n = 1, n <= batchsize - 1, (n++)]): null

2018-05-21 20:44:31 - [TEST_STEP][PASSED] - Statement - product = new com.kms.katalon.core.testobject.TestObject(): null

2018-05-21 20:44:31 - [TEST_STEP][PASSED] - Statement - product = com.kms.katalon.core.webui.keyword.WebUiBuiltInKeywords.modifyObjectProperty(product, "xpath", "equals", "//*[@id = "fldvendor" + row + ""]", true): Modify property of object successfully

2018-05-21 20:44:31 - [MESSAGE][PASSED] - Modify property of object successfully

2018-05-21 20:44:31 - [TEST_STEP][PASSED] - selectOptionByIndex: All options with index in [1] are selected on object ''

2018-05-21 20:44:31 - [MESSAGE][PASSED] - All options with index in [1] are selected on object ''

2018-05-21 20:44:31 - [TEST_STEP][PASSED] - Statement - batch = new com.kms.katalon.core.testobject.TestObject(): null

2018-05-21 20:44:31 - [TEST_STEP][PASSED] - Statement - batch = com.kms.katalon.core.webui.keyword.WebUiBuiltInKeywords.modifyObjectProperty(batch, "xpath", "equals", "//*[@id = "txtbthqty" + row + ""]", true): Modify property of object successfully

2018-05-21 20:44:31 - [MESSAGE][PASSED] - Modify property of object successfully

2018-05-21 20:44:31 - [TEST_STEP][PASSED] - Statement - batchqty = com.kms.katalon.core.webui.keyword.WebUiBuiltInKeywords.getAttribute(batch, "value").trim(): Attribute 'value' of object '' is: '37600'

2018-05-21 20:44:32 - [MESSAGE][PASSED] - Attribute 'value' of object '' is: '37600'

2018-05-21 20:44:32 - [TEST_STEP][PASSED] - Statement - Rqty = 10000: null

2018-05-21 20:44:32 - [TEST_STEP][PASSED] - delay: Delayed 2 second(s)

2018-05-21 20:44:34 - [MESSAGE][PASSED] - Delayed 2 second(s)

2018-05-21 20:44:34 - [TEST_STEP][PASSED] - Statement - out.println("BatchQty : " + batchqty): null

2018-05-21 20:44:34 - [TEST_STEP][PASSED] - Statement - out.println("RQty : " + Rqty): null

2018-05-21 20:44:34 - [TEST_STEP][PASSED] - Statement - If (java.lang.Integer.valueOf(batchqty) >= java.lang.Integer.valueOf(Rqty)): null

2018-05-21 20:44:34 - [TEST_STEP][PASSED] - Statement - Break: null

2018-05-21 20:44:34 - [TEST_STEP][PASSED] - Statement - batchlength = new com.kms.katalon.core.testobject.TestObject(): null

2018-05-21 20:44:34 - [TEST_STEP][PASSED] - Statement - batchlength = com.kms.katalon.core.webui.keyword.WebUiBuiltInKeywords.modifyObjectProperty(batchlength, "xpath", "equals", "//*[@id = "fldvendor" + row + ""]", true): Modify property of object successfully

2018-05-21 20:44:34 - [MESSAGE][PASSED] - Modify property of object successfully

2018-05-21 20:44:34 - [TEST_STEP][PASSED] - Statement - batchsize = com.kms.katalon.core.webui.keyword.WebUiBuiltInKeywords.getNumberOfTotalOption(batchlength): 8 options of object '' counted

2018-05-21 20:44:34 - [MESSAGE][PASSED] - 8 options of object '' counted

2018-05-21 20:44:34 - [TEST_STEP][PASSED] - Statement - out.println("BatchSize : " + batchsize): null

2018-05-21 20:44:34 - [TEST_STEP][PASSED] - Statement - For ([n = 1, n <= batchsize - 1, (n++)]): null

2018-05-21 20:44:34 - [TEST_STEP][PASSED] - Statement - product = new com.kms.katalon.core.testobject.TestObject(): null

2018-05-21 20:44:34 - [TEST_STEP][PASSED] - Statement - product = com.kms.katalon.core.webui.keyword.WebUiBuiltInKeywords.modifyObjectProperty(product, "xpath", "equals", "//*[@id = "fldvendor" + row + ""]", true): Modify property of object successfully

2018-05-21 20:44:34 - [MESSAGE][PASSED] - Modify property of object successfully

2018-05-21 20:44:34 - [TEST_STEP][PASSED] - selectOptionByIndex: All options with index in [1] are selected on object ''

2018-05-21 20:44:34 - [MESSAGE][PASSED] - All options with index in [1] are selected on object ''

2018-05-21 20:44:34 - [TEST_STEP][PASSED] - Statement - batch = new com.kms.katalon.core.testobject.TestObject(): null

2018-05-21 20:44:34 - [TEST_STEP][PASSED] - Statement - batch = com.kms.katalon.core.webui.keyword.WebUiBuiltInKeywords.modifyObjectProperty(batch, "xpath", "equals", "//*[@id = "txtbthqty" + row + ""]", true): Modify property of object successfully

2018-05-21 20:44:34 - [MESSAGE][PASSED] - Modify property of object successfully

2018-05-21 20:44:34 - [TEST_STEP][PASSED] - Statement - batchqty = com.kms.katalon.core.webui.keyword.WebUiBuiltInKeywords.getAttribute(batch, "value").trim(): Attribute 'value' of object '' is: '4800'

2018-05-21 20:44:34 - [MESSAGE][PASSED] - Attribute 'value' of object '' is: '4800'

2018-05-21 20:44:34 - [TEST_STEP][PASSED] - Statement - Rqty = 10000: null

2018-05-21 20:44:34 - [TEST_STEP][PASSED] - delay: Delayed 2 second(s)

2018-05-21 20:44:36 - [MESSAGE][PASSED] - Delayed 2 second(s)

2018-05-21 20:44:36 - [TEST_STEP][PASSED] - Statement - out.println("BatchQty : " + batchqty): null

2018-05-21 20:44:36 - [TEST_STEP][PASSED] - Statement - out.println("RQty : " + Rqty): null

2018-05-21 20:44:36 - [TEST_STEP][PASSED] - Statement - If (java.lang.Integer.valueOf(batchqty) >= java.lang.Integer.valueOf(Rqty)): null

2018-05-21 20:44:36 - [TEST_STEP][PASSED] - Statement - Else: null

2018-05-21 20:44:36 - [TEST_STEP][PASSED] - Statement - out.println("Batchqty Is Less Than Rqty"): null

2018-05-21 20:44:36 - [TEST_STEP][PASSED] - Statement - product = new com.kms.katalon.core.testobject.TestObject(): null

2018-05-21 20:44:36 - [TEST_STEP][PASSED] - Statement - product = com.kms.katalon.core.webui.keyword.WebUiBuiltInKeywords.modifyObjectProperty(product, "xpath", "equals", "//*[@id = "fldvendor" + row + ""]", true): Modify property of object successfully

2018-05-21 20:44:36 - [MESSAGE][PASSED] - Modify property of object successfully

2018-05-21 20:44:36 - [TEST_STEP][PASSED] - selectOptionByIndex: All options with index in [2] are selected on object ''

2018-05-21 20:44:36 - [MESSAGE][PASSED] - All options with index in [2] are selected on object ''

2018-05-21 20:44:36 - [TEST_STEP][PASSED] - Statement - batch = new com.kms.katalon.core.testobject.TestObject(): null

2018-05-21 20:44:36 - [TEST_STEP][PASSED] - Statement - batch = com.kms.katalon.core.webui.keyword.WebUiBuiltInKeywords.modifyObjectProperty(batch, "xpath", "equals", "//*[@id = "txtbthqty" + row + ""]", true): Modify property of object successfully

2018-05-21 20:44:36 - [MESSAGE][PASSED] - Modify property of object successfully

2018-05-21 20:44:36 - [TEST_STEP][PASSED] - Statement - batchqty = com.kms.katalon.core.webui.keyword.WebUiBuiltInKeywords.getAttribute(batch, "value").trim(): Attribute 'value' of object '' is: '3000'

2018-05-21 20:44:36 - [MESSAGE][PASSED] - Attribute 'value' of object '' is: '3000'

2018-05-21 20:44:36 - [TEST_STEP][PASSED] - Statement - Rqty = 10000: null

2018-05-21 20:44:36 - [TEST_STEP][PASSED] - delay: Delayed 2 second(s)

2018-05-21 20:44:38 - [MESSAGE][PASSED] - Delayed 2 second(s)

2018-05-21 20:44:38 - [TEST_STEP][PASSED] - Statement - out.println("BatchQty : " + batchqty): null

2018-05-21 20:44:38 - [TEST_STEP][PASSED] - Statement - out.println("RQty : " + Rqty): null

2018-05-21 20:44:38 - [TEST_STEP][PASSED] - Statement - If (java.lang.Integer.valueOf(batchqty) >= java.lang.Integer.valueOf(Rqty)): null

2018-05-21 20:44:38 - [TEST_STEP][PASSED] - Statement - Else: null

2018-05-21 20:44:38 - [TEST_STEP][PASSED] - Statement - out.println("Batchqty Is Less Than Rqty"): null

2018-05-21 20:44:38 - [TEST_STEP][PASSED] - Statement - product = new com.kms.katalon.core.testobject.TestObject(): null

2018-05-21 20:44:38 - [TEST_STEP][PASSED] - Statement - product = com.kms.katalon.core.webui.keyword.WebUiBuiltInKeywords.modifyObjectProperty(product, "xpath", "equals", "//*[@id = "fldvendor" + row + ""]", true): Modify property of object successfully

2018-05-21 20:44:38 - [MESSAGE][PASSED] - Modify property of object successfully

2018-05-21 20:44:38 - [TEST_STEP][PASSED] - selectOptionByIndex: All options with index in [3] are selected on object ''

2018-05-21 20:44:38 - [MESSAGE][PASSED] - All options with index in [3] are selected on object ''

2018-05-21 20:44:38 - [TEST_STEP][PASSED] - Statement - batch = new com.kms.katalon.core.testobject.TestObject(): null

2018-05-21 20:44:38 - [TEST_STEP][PASSED] - Statement - batch = com.kms.katalon.core.webui.keyword.WebUiBuiltInKeywords.modifyObjectProperty(batch, "xpath", "equals", "//*[@id = "txtbthqty" + row + ""]", true): Modify property of object successfully

2018-05-21 20:44:38 - [MESSAGE][PASSED] - Modify property of object successfully

2018-05-21 20:44:38 - [TEST_STEP][PASSED] - Statement - batchqty = com.kms.katalon.core.webui.keyword.WebUiBuiltInKeywords.getAttribute(batch, "value").trim(): Attribute 'value' of object '' is: '5000'

2018-05-21 20:44:38 - [MESSAGE][PASSED] - Attribute 'value' of object '' is: '5000'

2018-05-21 20:44:38 - [TEST_STEP][PASSED] - Statement - Rqty = 10000: null

2018-05-21 20:44:38 - [TEST_STEP][PASSED] - delay: Delayed 2 second(s)

2018-05-21 20:44:40 - [MESSAGE][PASSED] - Delayed 2 second(s)

2018-05-21 20:44:40 - [TEST_STEP][PASSED] - Statement - out.println("BatchQty : " + batchqty): null

2018-05-21 20:44:40 - [TEST_STEP][PASSED] - Statement - out.println("RQty : " + Rqty): null

2018-05-21 20:44:40 - [TEST_STEP][PASSED] - Statement - If (java.lang.Integer.valueOf(batchqty) >= java.lang.Integer.valueOf(Rqty)): null

2018-05-21 20:44:40 - [TEST_STEP][PASSED] - Statement - Else: null

2018-05-21 20:44:40 - [TEST_STEP][PASSED] - Statement - out.println("Batchqty Is Less Than Rqty"): null

2018-05-21 20:44:40 - [TEST_STEP][PASSED] - Statement - product = new com.kms.katalon.core.testobject.TestObject(): null

2018-05-21 20:44:40 - [TEST_STEP][PASSED] - Statement - product = com.kms.katalon.core.webui.keyword.WebUiBuiltInKeywords.modifyObjectProperty(product, "xpath", "equals", "//*[@id = "fldvendor" + row + ""]", true): Modify property of object successfully

2018-05-21 20:44:40 - [MESSAGE][PASSED] - Modify property of object successfully

2018-05-21 20:44:40 - [TEST_STEP][PASSED] - selectOptionByIndex: All options with index in [4] are selected on object ''

2018-05-21 20:44:40 - [MESSAGE][PASSED] - All options with index in [4] are selected on object ''

2018-05-21 20:44:40 - [TEST_STEP][PASSED] - Statement - batch = new com.kms.katalon.core.testobject.TestObject(): null

2018-05-21 20:44:40 - [TEST_STEP][PASSED] - Statement - batch = com.kms.katalon.core.webui.keyword.WebUiBuiltInKeywords.modifyObjectProperty(batch, "xpath", "equals", "//*[@id = "txtbthqty" + row + ""]", true): Modify property of object successfully

2018-05-21 20:44:40 - [MESSAGE][PASSED] - Modify property of object successfully

2018-05-21 20:44:40 - [TEST_STEP][PASSED] - Statement - batchqty = com.kms.katalon.core.webui.keyword.WebUiBuiltInKeywords.getAttribute(batch, "value").trim(): Attribute 'value' of object '' is: '5000'

2018-05-21 20:44:40 - [MESSAGE][PASSED] - Attribute 'value' of object '' is: '5000'

2018-05-21 20:44:40 - [TEST_STEP][PASSED] - Statement - Rqty = 10000: null

2018-05-21 20:44:40 - [TEST_STEP][PASSED] - delay: Delayed 2 second(s)

2018-05-21 20:44:42 - [MESSAGE][PASSED] - Delayed 2 second(s)

2018-05-21 20:44:42 - [TEST_STEP][PASSED] - Statement - out.println("BatchQty : " + batchqty): null

2018-05-21 20:44:42 - [TEST_STEP][PASSED] - Statement - out.println("RQty : " + Rqty): null

2018-05-21 20:44:42 - [TEST_STEP][PASSED] - Statement - If (java.lang.Integer.valueOf(batchqty) >= java.lang.Integer.valueOf(Rqty)): null

2018-05-21 20:44:42 - [TEST_STEP][PASSED] - Statement - Else: null

2018-05-21 20:44:42 - [TEST_STEP][PASSED] - Statement - out.println("Batchqty Is Less Than Rqty"): null

2018-05-21 20:44:42 - [TEST_STEP][PASSED] - Statement - product = new com.kms.katalon.core.testobject.TestObject(): null

2018-05-21 20:44:42 - [TEST_STEP][PASSED] - Statement - product = com.kms.katalon.core.webui.keyword.WebUiBuiltInKeywords.modifyObjectProperty(product, "xpath", "equals", "//*[@id = "fldvendor" + row + ""]", true): Modify property of object successfully

2018-05-21 20:44:42 - [MESSAGE][PASSED] - Modify property of object successfully

2018-05-21 20:44:42 - [TEST_STEP][PASSED] - selectOptionByIndex: All options with index in [5] are selected on object ''

2018-05-21 20:44:43 - [MESSAGE][PASSED] - All options with index in [5] are selected on object ''

2018-05-21 20:44:43 - [TEST_STEP][PASSED] - Statement - batch = new com.kms.katalon.core.testobject.TestObject(): null

2018-05-21 20:44:43 - [TEST_STEP][PASSED] - Statement - batch = com.kms.katalon.core.webui.keyword.WebUiBuiltInKeywords.modifyObjectProperty(batch, "xpath", "equals", "//*[@id = "txtbthqty" + row + ""]", true): Modify property of object successfully

2018-05-21 20:44:43 - [MESSAGE][PASSED] - Modify property of object successfully

2018-05-21 20:44:43 - [TEST_STEP][PASSED] - Statement - batchqty = com.kms.katalon.core.webui.keyword.WebUiBuiltInKeywords.getAttribute(batch, "value").trim(): Attribute 'value' of object '' is: '5000'

2018-05-21 20:44:43 - [MESSAGE][PASSED] - Attribute 'value' of object '' is: '5000'

2018-05-21 20:44:43 - [TEST_STEP][PASSED] - Statement - Rqty = 10000: null

2018-05-21 20:44:43 - [TEST_STEP][PASSED] - delay: Delayed 2 second(s)

2018-05-21 20:44:45 - [MESSAGE][PASSED] - Delayed 2 second(s)

2018-05-21 20:44:45 - [TEST_STEP][PASSED] - Statement - out.println("BatchQty : " + batchqty): null

2018-05-21 20:44:45 - [TEST_STEP][PASSED] - Statement - out.println("RQty : " + Rqty): null

2018-05-21 20:44:45 - [TEST_STEP][PASSED] - Statement - If (java.lang.Integer.valueOf(batchqty) >= java.lang.Integer.valueOf(Rqty)): null

2018-05-21 20:44:45 - [TEST_STEP][PASSED] - Statement - Else: null

2018-05-21 20:44:45 - [TEST_STEP][PASSED] - Statement - out.println("Batchqty Is Less Than Rqty"): null

2018-05-21 20:44:45 - [TEST_STEP][PASSED] - Statement - product = new com.kms.katalon.core.testobject.TestObject(): null

2018-05-21 20:44:45 - [TEST_STEP][PASSED] - Statement - product = com.kms.katalon.core.webui.keyword.WebUiBuiltInKeywords.modifyObjectProperty(product, "xpath", "equals", "//*[@id = "fldvendor" + row + ""]", true): Modify property of object successfully

2018-05-21 20:44:45 - [MESSAGE][PASSED] - Modify property of object successfully

2018-05-21 20:44:45 - [TEST_STEP][PASSED] - selectOptionByIndex: All options with index in [6] are selected on object ''

2018-05-21 20:44:45 - [MESSAGE][PASSED] - All options with index in [6] are selected on object ''

2018-05-21 20:44:45 - [TEST_STEP][PASSED] - Statement - batch = new com.kms.katalon.core.testobject.TestObject(): null

2018-05-21 20:44:45 - [TEST_STEP][PASSED] - Statement - batch = com.kms.katalon.core.webui.keyword.WebUiBuiltInKeywords.modifyObjectProperty(batch, "xpath", "equals", "//*[@id = "txtbthqty" + row + ""]", true): Modify property of object successfully

2018-05-21 20:44:45 - [MESSAGE][PASSED] - Modify property of object successfully

2018-05-21 20:44:45 - [TEST_STEP][PASSED] - Statement - batchqty = com.kms.katalon.core.webui.keyword.WebUiBuiltInKeywords.getAttribute(batch, "value").trim(): Attribute 'value' of object '' is: '5000'

2018-05-21 20:44:45 - [MESSAGE][PASSED] - Attribute 'value' of object '' is: '5000'

2018-05-21 20:44:45 - [TEST_STEP][PASSED] - Statement - Rqty = 10000: null

2018-05-21 20:44:45 - [TEST_STEP][PASSED] - delay: Delayed 2 second(s)

2018-05-21 20:44:47 - [MESSAGE][PASSED] - Delayed 2 second(s)

2018-05-21 20:44:47 - [TEST_STEP][PASSED] - Statement - out.println("BatchQty : " + batchqty): null

2018-05-21 20:44:47 - [TEST_STEP][PASSED] - Statement - out.println("RQty : " + Rqty): null

2018-05-21 20:44:47 - [TEST_STEP][PASSED] - Statement - If (java.lang.Integer.valueOf(batchqty) >= java.lang.Integer.valueOf(Rqty)): null

2018-05-21 20:44:47 - [TEST_STEP][PASSED] - Statement - Else: null

2018-05-21 20:44:47 - [TEST_STEP][PASSED] - Statement - out.println("Batchqty Is Less Than Rqty"): null

2018-05-21 20:44:47 - [TEST_STEP][PASSED] - Statement - product = new com.kms.katalon.core.testobject.TestObject(): null

2018-05-21 20:44:47 - [TEST_STEP][PASSED] - Statement - product = com.kms.katalon.core.webui.keyword.WebUiBuiltInKeywords.modifyObjectProperty(product, "xpath", "equals", "//*[@id = "fldvendor" + row + ""]", true): Modify property of object successfully

2018-05-21 20:44:47 - [MESSAGE][PASSED] - Modify property of object successfully

2018-05-21 20:44:47 - [TEST_STEP][PASSED] - selectOptionByIndex: All options with index in [7] are selected on object ''

2018-05-21 20:44:47 - [MESSAGE][PASSED] - All options with index in [7] are selected on object ''

2018-05-21 20:44:47 - [TEST_STEP][PASSED] - Statement - batch = new com.kms.katalon.core.testobject.TestObject(): null

2018-05-21 20:44:47 - [TEST_STEP][PASSED] - Statement - batch = com.kms.katalon.core.webui.keyword.WebUiBuiltInKeywords.modifyObjectProperty(batch, "xpath", "equals", "//*[@id = "txtbthqty" + row + ""]", true): Modify property of object successfully

2018-05-21 20:44:47 - [MESSAGE][PASSED] - Modify property of object successfully

2018-05-21 20:44:47 - [TEST_STEP][PASSED] - Statement - batchqty = com.kms.katalon.core.webui.keyword.WebUiBuiltInKeywords.getAttribute(batch, "value").trim(): Attribute 'value' of object '' is: '39800'

2018-05-21 20:44:47 - [MESSAGE][PASSED] - Attribute 'value' of object '' is: '39800'

2018-05-21 20:44:47 - [TEST_STEP][PASSED] - Statement - Rqty = 10000: null

2018-05-21 20:44:47 - [TEST_STEP][PASSED] - delay: Delayed 2 second(s)

2018-05-21 20:44:49 - [MESSAGE][PASSED] - Delayed 2 second(s)

2018-05-21 20:44:49 - [TEST_STEP][PASSED] - Statement - out.println("BatchQty : " + batchqty): null

2018-05-21 20:44:49 - [TEST_STEP][PASSED] - Statement - out.println("RQty : " + Rqty): null

2018-05-21 20:44:49 - [TEST_STEP][PASSED] - Statement - If (java.lang.Integer.valueOf(batchqty) >= java.lang.Integer.valueOf(Rqty)): null

2018-05-21 20:44:49 - [TEST_STEP][PASSED] - Statement - Break: null

2018-05-21 20:44:49 - [TEST_STEP][PASSED] - Statement - batchlength = new com.kms.katalon.core.testobject.TestObject(): null

2018-05-21 20:44:49 - [TEST_STEP][PASSED] - Statement - batchlength = com.kms.katalon.core.webui.keyword.WebUiBuiltInKeywords.modifyObjectProperty(batchlength, "xpath", "equals", "//*[@id = "fldvendor" + row + ""]", true): Modify property of object successfully

2018-05-21 20:44:49 - [MESSAGE][PASSED] - Modify property of object successfully

2018-05-21 20:44:49 - [TEST_STEP][PASSED] - Statement - batchsize = com.kms.katalon.core.webui.keyword.WebUiBuiltInKeywords.getNumberOfTotalOption(batchlength): 8 options of object '' counted

2018-05-21 20:44:49 - [MESSAGE][PASSED] - 8 options of object '' counted

2018-05-21 20:44:49 - [TEST_STEP][PASSED] - Statement - out.println("BatchSize : " + batchsize): null

2018-05-21 20:44:49 - [TEST_STEP][PASSED] - Statement - For ([n = 1, n <= batchsize - 1, (n++)]): null

2018-05-21 20:44:49 - [TEST_STEP][PASSED] - Statement - product = new com.kms.katalon.core.testobject.TestObject(): null

2018-05-21 20:44:49 - [TEST_STEP][PASSED] - Statement - product = com.kms.katalon.core.webui.keyword.WebUiBuiltInKeywords.modifyObjectProperty(product, "xpath", "equals", "//*[@id = "fldvendor" + row + ""]", true): Modify property of object successfully

2018-05-21 20:44:49 - [MESSAGE][PASSED] - Modify property of object successfully

2018-05-21 20:44:49 - [TEST_STEP][PASSED] - selectOptionByIndex: All options with index in [1] are selected on object ''

2018-05-21 20:44:49 - [MESSAGE][PASSED] - All options with index in [1] are selected on object ''

2018-05-21 20:44:49 - [TEST_STEP][PASSED] - Statement - batch = new com.kms.katalon.core.testobject.TestObject(): null

2018-05-21 20:44:49 - [TEST_STEP][PASSED] - Statement - batch = com.kms.katalon.core.webui.keyword.WebUiBuiltInKeywords.modifyObjectProperty(batch, "xpath", "equals", "//*[@id = "txtbthqty" + row + ""]", true): Modify property of object successfully

2018-05-21 20:44:49 - [MESSAGE][PASSED] - Modify property of object successfully

2018-05-21 20:44:49 - [TEST_STEP][PASSED] - Statement - batchqty = com.kms.katalon.core.webui.keyword.WebUiBuiltInKeywords.getAttribute(batch, "value").trim(): Attribute 'value' of object '' is: '4800'

2018-05-21 20:44:49 - [MESSAGE][PASSED] - Attribute 'value' of object '' is: '4800'

2018-05-21 20:44:49 - [TEST_STEP][PASSED] - Statement - Rqty = 10000: null

2018-05-21 20:44:49 - [TEST_STEP][PASSED] - delay: Delayed 2 second(s)

2018-05-21 20:44:51 - [MESSAGE][PASSED] - Delayed 2 second(s)

2018-05-21 20:44:51 - [TEST_STEP][PASSED] - Statement - out.println("BatchQty : " + batchqty): null

2018-05-21 20:44:51 - [TEST_STEP][PASSED] - Statement - out.println("RQty : " + Rqty): null

2018-05-21 20:44:51 - [TEST_STEP][PASSED] - Statement - If (java.lang.Integer.valueOf(batchqty) >= java.lang.Integer.valueOf(Rqty)): null

2018-05-21 20:44:51 - [TEST_STEP][PASSED] - Statement - Else: null

2018-05-21 20:44:51 - [TEST_STEP][PASSED] - Statement - out.println("Batchqty Is Less Than Rqty"): null

2018-05-21 20:44:51 - [TEST_STEP][PASSED] - Statement - product = new com.kms.katalon.core.testobject.TestObject(): null

2018-05-21 20:44:51 - [TEST_STEP][PASSED] - Statement - product = com.kms.katalon.core.webui.keyword.WebUiBuiltInKeywords.modifyObjectProperty(product, "xpath", "equals", "//*[@id = "fldvendor" + row + ""]", true): Modify property of object successfully

2018-05-21 20:44:51 - [MESSAGE][PASSED] - Modify property of object successfully

2018-05-21 20:44:51 - [TEST_STEP][PASSED] - selectOptionByIndex: All options with index in [2] are selected on object ''

2018-05-21 20:44:51 - [MESSAGE][PASSED] - All options with index in [2] are selected on object ''

2018-05-21 20:44:51 - [TEST_STEP][PASSED] - Statement - batch = new com.kms.katalon.core.testobject.TestObject(): null

2018-05-21 20:44:51 - [TEST_STEP][PASSED] - Statement - batch = com.kms.katalon.core.webui.keyword.WebUiBuiltInKeywords.modifyObjectProperty(batch, "xpath", "equals", "//*[@id = "txtbthqty" + row + ""]", true): Modify property of object successfully

2018-05-21 20:44:51 - [MESSAGE][PASSED] - Modify property of object successfully

2018-05-21 20:44:51 - [TEST_STEP][PASSED] - Statement - batchqty = com.kms.katalon.core.webui.keyword.WebUiBuiltInKeywords.getAttribute(batch, "value").trim(): Attribute 'value' of object '' is: '39800'

2018-05-21 20:44:51 - [MESSAGE][PASSED] - Attribute 'value' of object '' is: '39800'

2018-05-21 20:44:51 - [TEST_STEP][PASSED] - Statement - Rqty = 10000: null

2018-05-21 20:44:51 - [TEST_STEP][PASSED] - delay: Delayed 2 second(s)

2018-05-21 20:44:53 - [MESSAGE][PASSED] - Delayed 2 second(s)

2018-05-21 20:44:53 - [TEST_STEP][PASSED] - Statement - out.println("BatchQty : " + batchqty): null

2018-05-21 20:44:53 - [TEST_STEP][PASSED] - Statement - out.println("RQty : " + Rqty): null

2018-05-21 20:44:53 - [TEST_STEP][PASSED] - Statement - If (java.lang.Integer.valueOf(batchqty) >= java.lang.Integer.valueOf(Rqty)): null

2018-05-21 20:44:53 - [TEST_STEP][PASSED] - Statement - Break: null

2018-05-21 20:44:53 - [TEST_STEP][PASSED] - Statement - batchlength = new com.kms.katalon.core.testobject.TestObject(): null

2018-05-21 20:44:53 - [TEST_STEP][PASSED] - Statement - batchlength = com.kms.katalon.core.webui.keyword.WebUiBuiltInKeywords.modifyObjectProperty(batchlength, "xpath", "equals", "//*[@id = "fldvendor" + row + ""]", true): Modify property of object successfully

2018-05-21 20:44:53 - [MESSAGE][PASSED] - Modify property of object successfully

2018-05-21 20:44:53 - [TEST_STEP][PASSED] - Statement - batchsize = com.kms.katalon.core.webui.keyword.WebUiBuiltInKeywords.getNumberOfTotalOption(batchlength): 8 options of object '' counted

2018-05-21 20:44:54 - [MESSAGE][PASSED] - 8 options of object '' counted

2018-05-21 20:44:54 - [TEST_STEP][PASSED] - Statement - out.println("BatchSize : " + batchsize): null

2018-05-21 20:44:54 - [TEST_STEP][PASSED] - Statement - For ([n = 1, n <= batchsize - 1, (n++)]): null

2018-05-21 20:44:54 - [TEST_STEP][PASSED] - Statement - product = new com.kms.katalon.core.testobject.TestObject(): null

2018-05-21 20:44:54 - [TEST_STEP][PASSED] - Statement - product = com.kms.katalon.core.webui.keyword.WebUiBuiltInKeywords.modifyObjectProperty(product, "xpath", "equals", "//*[@id = "fldvendor" + row + ""]", true): Modify property of object successfully

2018-05-21 20:44:54 - [MESSAGE][PASSED] - Modify property of object successfully

2018-05-21 20:44:54 - [TEST_STEP][PASSED] - selectOptionByIndex: All options with index in [1] are selected on object ''

2018-05-21 20:44:54 - [MESSAGE][PASSED] - All options with index in [1] are selected on object ''

2018-05-21 20:44:54 - [TEST_STEP][PASSED] - Statement - batch = new com.kms.katalon.core.testobject.TestObject(): null

2018-05-21 20:44:54 - [TEST_STEP][PASSED] - Statement - batch = com.kms.katalon.core.webui.keyword.WebUiBuiltInKeywords.modifyObjectProperty(batch, "xpath", "equals", "//*[@id = "txtbthqty" + row + ""]", true): Modify property of object successfully

2018-05-21 20:44:54 - [MESSAGE][PASSED] - Modify property of object successfully

2018-05-21 20:44:54 - [TEST_STEP][PASSED] - Statement - batchqty = com.kms.katalon.core.webui.keyword.WebUiBuiltInKeywords.getAttribute(batch, "value").trim(): Attribute 'value' of object '' is: '2800'

2018-05-21 20:44:54 - [MESSAGE][PASSED] - Attribute 'value' of object '' is: '2800'

2018-05-21 20:44:54 - [TEST_STEP][PASSED] - Statement - Rqty = 10000: null

2018-05-21 20:44:54 - [TEST_STEP][PASSED] - delay: Delayed 2 second(s)

2018-05-21 20:44:56 - [MESSAGE][PASSED] - Delayed 2 second(s)

2018-05-21 20:44:56 - [TEST_STEP][PASSED] - Statement - out.println("BatchQty : " + batchqty): null

2018-05-21 20:44:56 - [TEST_STEP][PASSED] - Statement - out.println("RQty : " + Rqty): null

2018-05-21 20:44:56 - [TEST_STEP][PASSED] - Statement - If (java.lang.Integer.valueOf(batchqty) >= java.lang.Integer.valueOf(Rqty)): null

2018-05-21 20:44:56 - [TEST_STEP][PASSED] - Statement - Else: null

2018-05-21 20:44:56 - [TEST_STEP][PASSED] - Statement - out.println("Batchqty Is Less Than Rqty"): null

2018-05-21 20:44:56 - [TEST_STEP][PASSED] - Statement - product = new com.kms.katalon.core.testobject.TestObject(): null

2018-05-21 20:44:56 - [TEST_STEP][PASSED] - Statement - product = com.kms.katalon.core.webui.keyword.WebUiBuiltInKeywords.modifyObjectProperty(product, "xpath", "equals", "//*[@id = "fldvendor" + row + ""]", true): Modify property of object successfully

2018-05-21 20:44:56 - [MESSAGE][PASSED] - Modify property of object successfully

2018-05-21 20:44:56 - [TEST_STEP][PASSED] - selectOptionByIndex: All options with index in [2] are selected on object ''

2018-05-21 20:44:56 - [MESSAGE][PASSED] - All options with index in [2] are selected on object ''

2018-05-21 20:44:56 - [TEST_STEP][PASSED] - Statement - batch = new com.kms.katalon.core.testobject.TestObject(): null

2018-05-21 20:44:56 - [TEST_STEP][PASSED] - Statement - batch = com.kms.katalon.core.webui.keyword.WebUiBuiltInKeywords.modifyObjectProperty(batch, "xpath", "equals", "//*[@id = "txtbthqty" + row + ""]", true): Modify property of object successfully

2018-05-21 20:44:56 - [MESSAGE][PASSED] - Modify property of object successfully

2018-05-21 20:44:56 - [TEST_STEP][PASSED] - Statement - batchqty = com.kms.katalon.core.webui.keyword.WebUiBuiltInKeywords.getAttribute(batch, "value").trim(): Attribute 'value' of object '' is: '2800'

2018-05-21 20:44:56 - [MESSAGE][PASSED] - Attribute 'value' of object '' is: '2800'

2018-05-21 20:44:56 - [TEST_STEP][PASSED] - Statement - Rqty = 10000: null

2018-05-21 20:44:56 - [TEST_STEP][PASSED] - delay: Delayed 2 second(s)

2018-05-21 20:44:58 - [MESSAGE][PASSED] - Delayed 2 second(s)

2018-05-21 20:44:58 - [TEST_STEP][PASSED] - Statement - out.println("BatchQty : " + batchqty): null

2018-05-21 20:44:58 - [TEST_STEP][PASSED] - Statement - out.println("RQty : " + Rqty): null

2018-05-21 20:44:58 - [TEST_STEP][PASSED] - Statement - If (java.lang.Integer.valueOf(batchqty) >= java.lang.Integer.valueOf(Rqty)): null

2018-05-21 20:44:58 - [TEST_STEP][PASSED] - Statement - Else: null

2018-05-21 20:44:58 - [TEST_STEP][PASSED] - Statement - out.println("Batchqty Is Less Than Rqty"): null

2018-05-21 20:44:58 - [TEST_STEP][PASSED] - Statement - product = new com.kms.katalon.core.testobject.TestObject(): null

2018-05-21 20:44:58 - [TEST_STEP][PASSED] - Statement - product = com.kms.katalon.core.webui.keyword.WebUiBuiltInKeywords.modifyObjectProperty(product, "xpath", "equals", "//*[@id = "fldvendor" + row + ""]", true): Modify property of object successfully

2018-05-21 20:44:58 - [MESSAGE][PASSED] - Modify property of object successfully

2018-05-21 20:44:58 - [TEST_STEP][PASSED] - selectOptionByIndex: All options with index in [3] are selected on object ''

2018-05-21 20:44:58 - [MESSAGE][PASSED] - All options with index in [3] are selected on object ''

2018-05-21 20:44:58 - [TEST_STEP][PASSED] - Statement - batch = new com.kms.katalon.core.testobject.TestObject(): null

2018-05-21 20:44:58 - [TEST_STEP][PASSED] - Statement - batch = com.kms.katalon.core.webui.keyword.WebUiBuiltInKeywords.modifyObjectProperty(batch, "xpath", "equals", "//*[@id = "txtbthqty" + row + ""]", true): Modify property of object successfully

2018-05-21 20:44:58 - [MESSAGE][PASSED] - Modify property of object successfully

2018-05-21 20:44:58 - [TEST_STEP][PASSED] - Statement - batchqty = com.kms.katalon.core.webui.keyword.WebUiBuiltInKeywords.getAttribute(batch, "value").trim(): Attribute 'value' of object '' is: '5000'

2018-05-21 20:44:58 - [MESSAGE][PASSED] - Attribute 'value' of object '' is: '5000'

2018-05-21 20:44:58 - [TEST_STEP][PASSED] - Statement - Rqty = 10000: null

2018-05-21 20:44:58 - [TEST_STEP][PASSED] - delay: Delayed 2 second(s)

2018-05-21 20:45:00 - [MESSAGE][PASSED] - Delayed 2 second(s)

2018-05-21 20:45:00 - [TEST_STEP][PASSED] - Statement - out.println("BatchQty : " + batchqty): null

2018-05-21 20:45:00 - [TEST_STEP][PASSED] - Statement - out.println("RQty : " + Rqty): null

2018-05-21 20:45:00 - [TEST_STEP][PASSED] - Statement - If (java.lang.Integer.valueOf(batchqty) >= java.lang.Integer.valueOf(Rqty)): null

2018-05-21 20:45:00 - [TEST_STEP][PASSED] - Statement - Else: null

2018-05-21 20:45:00 - [TEST_STEP][PASSED] - Statement - out.println("Batchqty Is Less Than Rqty"): null

2018-05-21 20:45:00 - [TEST_STEP][PASSED] - Statement - product = new com.kms.katalon.core.testobject.TestObject(): null

2018-05-21 20:45:00 - [TEST_STEP][PASSED] - Statement - product = com.kms.katalon.core.webui.keyword.WebUiBuiltInKeywords.modifyObjectProperty(product, "xpath", "equals", "//*[@id = "fldvendor" + row + ""]", true): Modify property of object successfully

2018-05-21 20:45:00 - [MESSAGE][PASSED] - Modify property of object successfully

2018-05-21 20:45:00 - [TEST_STEP][PASSED] - selectOptionByIndex: All options with index in [4] are selected on object ''

2018-05-21 20:45:00 - [MESSAGE][PASSED] - All options with index in [4] are selected on object ''

2018-05-21 20:45:00 - [TEST_STEP][PASSED] - Statement - batch = new com.kms.katalon.core.testobject.TestObject(): null

2018-05-21 20:45:00 - [TEST_STEP][PASSED] - Statement - batch = com.kms.katalon.core.webui.keyword.WebUiBuiltInKeywords.modifyObjectProperty(batch, "xpath", "equals", "//*[@id = "txtbthqty" + row + ""]", true): Modify property of object successfully

2018-05-21 20:45:00 - [MESSAGE][PASSED] - Modify property of object successfully

2018-05-21 20:45:00 - [TEST_STEP][PASSED] - Statement - batchqty = com.kms.katalon.core.webui.keyword.WebUiBuiltInKeywords.getAttribute(batch, "value").trim(): Attribute 'value' of object '' is: '5000'

2018-05-21 20:45:00 - [MESSAGE][PASSED] - Attribute 'value' of object '' is: '5000'

2018-05-21 20:45:00 - [TEST_STEP][PASSED] - Statement - Rqty = 10000: null

2018-05-21 20:45:00 - [TEST_STEP][PASSED] - delay: Delayed 2 second(s)

2018-05-21 20:45:02 - [MESSAGE][PASSED] - Delayed 2 second(s)

2018-05-21 20:45:02 - [TEST_STEP][PASSED] - Statement - out.println("BatchQty : " + batchqty): null

2018-05-21 20:45:02 - [TEST_STEP][PASSED] - Statement - out.println("RQty : " + Rqty): null

2018-05-21 20:45:02 - [TEST_STEP][PASSED] - Statement - If (java.lang.Integer.valueOf(batchqty) >= java.lang.Integer.valueOf(Rqty)): null

2018-05-21 20:45:02 - [TEST_STEP][PASSED] - Statement - Else: null

2018-05-21 20:45:02 - [TEST_STEP][PASSED] - Statement - out.println("Batchqty Is Less Than Rqty"): null

2018-05-21 20:45:02 - [TEST_STEP][PASSED] - Statement - product = new com.kms.katalon.core.testobject.TestObject(): null

2018-05-21 20:45:02 - [TEST_STEP][PASSED] - Statement - product = com.kms.katalon.core.webui.keyword.WebUiBuiltInKeywords.modifyObjectProperty(product, "xpath", "equals", "//*[@id = "fldvendor" + row + ""]", true): Modify property of object successfully

2018-05-21 20:45:02 - [MESSAGE][PASSED] - Modify property of object successfully

2018-05-21 20:45:02 - [TEST_STEP][PASSED] - selectOptionByIndex: All options with index in [5] are selected on object ''

2018-05-21 20:45:03 - [MESSAGE][PASSED] - All options with index in [5] are selected on object ''

2018-05-21 20:45:03 - [TEST_STEP][PASSED] - Statement - batch = new com.kms.katalon.core.testobject.TestObject(): null

2018-05-21 20:45:03 - [TEST_STEP][PASSED] - Statement - batch = com.kms.katalon.core.webui.keyword.WebUiBuiltInKeywords.modifyObjectProperty(batch, "xpath", "equals", "//*[@id = "txtbthqty" + row + ""]", true): Modify property of object successfully

2018-05-21 20:45:03 - [MESSAGE][PASSED] - Modify property of object successfully

2018-05-21 20:45:03 - [TEST_STEP][PASSED] - Statement - batchqty = com.kms.katalon.core.webui.keyword.WebUiBuiltInKeywords.getAttribute(batch, "value").trim(): Attribute 'value' of object '' is: '39800'

2018-05-21 20:45:03 - [MESSAGE][PASSED] - Attribute 'value' of object '' is: '39800'

2018-05-21 20:45:03 - [TEST_STEP][PASSED] - Statement - Rqty = 10000: null

2018-05-21 20:45:03 - [TEST_STEP][PASSED] - delay: Delayed 2 second(s)

2018-05-21 20:45:05 - [MESSAGE][PASSED] - Delayed 2 second(s)

2018-05-21 20:45:05 - [TEST_STEP][PASSED] - Statement - out.println("BatchQty : " + batchqty): null

2018-05-21 20:45:05 - [TEST_STEP][PASSED] - Statement - out.println("RQty : " + Rqty): null

2018-05-21 20:45:05 - [TEST_STEP][PASSED] - Statement - If (java.lang.Integer.valueOf(batchqty) >= java.lang.Integer.valueOf(Rqty)): null

2018-05-21 20:45:05 - [TEST_STEP][PASSED] - Statement - Break: null

2018-05-21 20:45:05 - [TEST_STEP][PASSED] - Statement - batchlength = new com.kms.katalon.core.testobject.TestObject(): null

2018-05-21 20:45:05 - [TEST_STEP][PASSED] - Statement - batchlength = com.kms.katalon.core.webui.keyword.WebUiBuiltInKeywords.modifyObjectProperty(batchlength, "xpath", "equals", "//*[@id = "fldvendor" + row + ""]", true): Modify property of object successfully

2018-05-21 20:45:05 - [MESSAGE][PASSED] - Modify property of object successfully

2018-05-21 20:45:05 - [TEST_STEP][PASSED] - Statement - batchsize = com.kms.katalon.core.webui.keyword.WebUiBuiltInKeywords.getNumberOfTotalOption(batchlength): 7 options of object '' counted

2018-05-21 20:45:05 - [MESSAGE][PASSED] - 7 options of object '' counted

2018-05-21 20:45:05 - [TEST_STEP][PASSED] - Statement - out.println("BatchSize : " + batchsize): null

2018-05-21 20:45:05 - [TEST_STEP][PASSED] - Statement - For ([n = 1, n <= batchsize - 1, (n++)]): null

2018-05-21 20:45:05 - [TEST_STEP][PASSED] - Statement - product = new com.kms.katalon.core.testobject.TestObject(): null

2018-05-21 20:45:05 - [TEST_STEP][PASSED] - Statement - product = com.kms.katalon.core.webui.keyword.WebUiBuiltInKeywords.modifyObjectProperty(product, "xpath", "equals", "//*[@id = "fldvendor" + row + ""]", true): Modify property of object successfully

2018-05-21 20:45:05 - [MESSAGE][PASSED] - Modify property of object successfully

2018-05-21 20:45:05 - [TEST_STEP][PASSED] - selectOptionByIndex: All options with index in [1] are selected on object ''

2018-05-21 20:45:05 - [MESSAGE][PASSED] - All options with index in [1] are selected on object ''

2018-05-21 20:45:05 - [TEST_STEP][PASSED] - Statement - batch = new com.kms.katalon.core.testobject.TestObject(): null

2018-05-21 20:45:05 - [TEST_STEP][PASSED] - Statement - batch = com.kms.katalon.core.webui.keyword.WebUiBuiltInKeywords.modifyObjectProperty(batch, "xpath", "equals", "//*[@id = "txtbthqty" + row + ""]", true): Modify property of object successfully

2018-05-21 20:45:05 - [MESSAGE][PASSED] - Modify property of object successfully

2018-05-21 20:45:05 - [TEST_STEP][PASSED] - Statement - batchqty = com.kms.katalon.core.webui.keyword.WebUiBuiltInKeywords.getAttribute(batch, "value").trim(): Attribute 'value' of object '' is: '2800'

2018-05-21 20:45:05 - [MESSAGE][PASSED] - Attribute 'value' of object '' is: '2800'

2018-05-21 20:45:05 - [TEST_STEP][PASSED] - Statement - Rqty = 10000: null

2018-05-21 20:45:05 - [TEST_STEP][PASSED] - delay: Delayed 2 second(s)

2018-05-21 20:45:07 - [MESSAGE][PASSED] - Delayed 2 second(s)

2018-05-21 20:45:07 - [TEST_STEP][PASSED] - Statement - out.println("BatchQty : " + batchqty): null

2018-05-21 20:45:07 - [TEST_STEP][PASSED] - Statement - out.println("RQty : " + Rqty): null

2018-05-21 20:45:07 - [TEST_STEP][PASSED] - Statement - If (java.lang.Integer.valueOf(batchqty) >= java.lang.Integer.valueOf(Rqty)): null

2018-05-21 20:45:07 - [TEST_STEP][PASSED] - Statement - Else: null

2018-05-21 20:45:07 - [TEST_STEP][PASSED] - Statement - out.println("Batchqty Is Less Than Rqty"): null

2018-05-21 20:45:07 - [TEST_STEP][PASSED] - Statement - product = new com.kms.katalon.core.testobject.TestObject(): null

2018-05-21 20:45:07 - [TEST_STEP][PASSED] - Statement - product = com.kms.katalon.core.webui.keyword.WebUiBuiltInKeywords.modifyObjectProperty(product, "xpath", "equals", "//*[@id = "fldvendor" + row + ""]", true): Modify property of object successfully

2018-05-21 20:45:07 - [MESSAGE][PASSED] - Modify property of object successfully

2018-05-21 20:45:07 - [TEST_STEP][PASSED] - selectOptionByIndex: All options with index in [2] are selected on object ''

2018-05-21 20:45:07 - [MESSAGE][PASSED] - All options with index in [2] are selected on object ''

2018-05-21 20:45:07 - [TEST_STEP][PASSED] - Statement - batch = new com.kms.katalon.core.testobject.TestObject(): null

2018-05-21 20:45:07 - [TEST_STEP][PASSED] - Statement - batch = com.kms.katalon.core.webui.keyword.WebUiBuiltInKeywords.modifyObjectProperty(batch, "xpath", "equals", "//*[@id = "txtbthqty" + row + ""]", true): Modify property of object successfully

2018-05-21 20:45:07 - [MESSAGE][PASSED] - Modify property of object successfully

2018-05-21 20:45:07 - [TEST_STEP][PASSED] - Statement - batchqty = com.kms.katalon.core.webui.keyword.WebUiBuiltInKeywords.getAttribute(batch, "value").trim(): Attribute 'value' of object '' is: '5000'

2018-05-21 20:45:07 - [MESSAGE][PASSED] - Attribute 'value' of object '' is: '5000'

2018-05-21 20:45:07 - [TEST_STEP][PASSED] - Statement - Rqty = 10000: null

2018-05-21 20:45:07 - [TEST_STEP][PASSED] - delay: Delayed 2 second(s)

2018-05-21 20:45:09 - [MESSAGE][PASSED] - Delayed 2 second(s)

2018-05-21 20:45:09 - [TEST_STEP][PASSED] - Statement - out.println("BatchQty : " + batchqty): null

2018-05-21 20:45:09 - [TEST_STEP][PASSED] - Statement - out.println("RQty : " + Rqty): null

2018-05-21 20:45:09 - [TEST_STEP][PASSED] - Statement - If (java.lang.Integer.valueOf(batchqty) >= java.lang.Integer.valueOf(Rqty)): null

2018-05-21 20:45:09 - [TEST_STEP][PASSED] - Statement - Else: null

2018-05-21 20:45:09 - [TEST_STEP][PASSED] - Statement - out.println("Batchqty Is Less Than Rqty"): null

2018-05-21 20:45:09 - [TEST_STEP][PASSED] - Statement - product = new com.kms.katalon.core.testobject.TestObject(): null

2018-05-21 20:45:09 - [TEST_STEP][PASSED] - Statement - product = com.kms.katalon.core.webui.keyword.WebUiBuiltInKeywords.modifyObjectProperty(product, "xpath", "equals", "//*[@id = "fldvendor" + row + ""]", true): Modify property of object successfully

2018-05-21 20:45:09 - [MESSAGE][PASSED] - Modify property of object successfully

2018-05-21 20:45:09 - [TEST_STEP][PASSED] - selectOptionByIndex: All options with index in [3] are selected on object ''

2018-05-21 20:45:09 - [MESSAGE][PASSED] - All options with index in [3] are selected on object ''

2018-05-21 20:45:09 - [TEST_STEP][PASSED] - Statement - batch = new com.kms.katalon.core.testobject.TestObject(): null

2018-05-21 20:45:09 - [TEST_STEP][PASSED] - Statement - batch = com.kms.katalon.core.webui.keyword.WebUiBuiltInKeywords.modifyObjectProperty(batch, "xpath", "equals", "//*[@id = "txtbthqty" + row + ""]", true): Modify property of object successfully

2018-05-21 20:45:09 - [MESSAGE][PASSED] - Modify property of object successfully

2018-05-21 20:45:09 - [TEST_STEP][PASSED] - Statement - batchqty = com.kms.katalon.core.webui.keyword.WebUiBuiltInKeywords.getAttribute(batch, "value").trim(): Attribute 'value' of object '' is: '5000'

2018-05-21 20:45:09 - [MESSAGE][PASSED] - Attribute 'value' of object '' is: '5000'

2018-05-21 20:45:09 - [TEST_STEP][PASSED] - Statement - Rqty = 10000: null

2018-05-21 20:45:09 - [TEST_STEP][PASSED] - delay: Delayed 2 second(s)

2018-05-21 20:45:11 - [MESSAGE][PASSED] - Delayed 2 second(s)

2018-05-21 20:45:11 - [TEST_STEP][PASSED] - Statement - out.println("BatchQty : " + batchqty): null

2018-05-21 20:45:11 - [TEST_STEP][PASSED] - Statement - out.println("RQty : " + Rqty): null

2018-05-21 20:45:11 - [TEST_STEP][PASSED] - Statement - If (java.lang.Integer.valueOf(batchqty) >= java.lang.Integer.valueOf(Rqty)): null

2018-05-21 20:45:11 - [TEST_STEP][PASSED] - Statement - Else: null

2018-05-21 20:45:11 - [TEST_STEP][PASSED] - Statement - out.println("Batchqty Is Less Than Rqty"): null

2018-05-21 20:45:11 - [TEST_STEP][PASSED] - Statement - product = new com.kms.katalon.core.testobject.TestObject(): null

2018-05-21 20:45:11 - [TEST_STEP][PASSED] - Statement - product = com.kms.katalon.core.webui.keyword.WebUiBuiltInKeywords.modifyObjectProperty(product, "xpath", "equals", "//*[@id = "fldvendor" + row + ""]", true): Modify property of object successfully

2018-05-21 20:45:11 - [MESSAGE][PASSED] - Modify property of object successfully

2018-05-21 20:45:11 - [TEST_STEP][PASSED] - selectOptionByIndex: All options with index in [4] are selected on object ''

2018-05-21 20:45:11 - [MESSAGE][PASSED] - All options with index in [4] are selected on object ''

2018-05-21 20:45:11 - [TEST_STEP][PASSED] - Statement - batch = new com.kms.katalon.core.testobject.TestObject(): null

2018-05-21 20:45:11 - [TEST_STEP][PASSED] - Statement - batch = com.kms.katalon.core.webui.keyword.WebUiBuiltInKeywords.modifyObjectProperty(batch, "xpath", "equals", "//*[@id = "txtbthqty" + row + ""]", true): Modify property of object successfully

2018-05-21 20:45:11 - [MESSAGE][PASSED] - Modify property of object successfully

2018-05-21 20:45:11 - [TEST_STEP][PASSED] - Statement - batchqty = com.kms.katalon.core.webui.keyword.WebUiBuiltInKeywords.getAttribute(batch, "value").trim(): Attribute 'value' of object '' is: '5000'

2018-05-21 20:45:11 - [MESSAGE][PASSED] - Attribute 'value' of object '' is: '5000'

2018-05-21 20:45:11 - [TEST_STEP][PASSED] - Statement - Rqty = 10000: null

2018-05-21 20:45:11 - [TEST_STEP][PASSED] - delay: Delayed 2 second(s)

2018-05-21 20:45:13 - [MESSAGE][PASSED] - Delayed 2 second(s)

2018-05-21 20:45:13 - [TEST_STEP][PASSED] - Statement - out.println("BatchQty : " + batchqty): null

2018-05-21 20:45:13 - [TEST_STEP][PASSED] - Statement - out.println("RQty : " + Rqty): null

2018-05-21 20:45:13 - [TEST_STEP][PASSED] - Statement - If (java.lang.Integer.valueOf(batchqty) >= java.lang.Integer.valueOf(Rqty)): null

2018-05-21 20:45:13 - [TEST_STEP][PASSED] - Statement - Else: null

2018-05-21 20:45:13 - [TEST_STEP][PASSED] - Statement - out.println("Batchqty Is Less Than Rqty"): null

2018-05-21 20:45:13 - [TEST_STEP][PASSED] - Statement - product = new com.kms.katalon.core.testobject.TestObject(): null

2018-05-21 20:45:13 - [TEST_STEP][PASSED] - Statement - product = com.kms.katalon.core.webui.keyword.WebUiBuiltInKeywords.modifyObjectProperty(product, "xpath", "equals", "//*[@id = "fldvendor" + row + ""]", true): Modify property of object successfully

2018-05-21 20:45:13 - [MESSAGE][PASSED] - Modify property of object successfully

2018-05-21 20:45:13 - [TEST_STEP][PASSED] - selectOptionByIndex: All options with index in [5] are selected on object ''

2018-05-21 20:45:14 - [MESSAGE][PASSED] - All options with index in [5] are selected on object ''

2018-05-21 20:45:14 - [TEST_STEP][PASSED] - Statement - batch = new com.kms.katalon.core.testobject.TestObject(): null

2018-05-21 20:45:14 - [TEST_STEP][PASSED] - Statement - batch = com.kms.katalon.core.webui.keyword.WebUiBuiltInKeywords.modifyObjectProperty(batch, "xpath", "equals", "//*[@id = "txtbthqty" + row + ""]", true): Modify property of object successfully

2018-05-21 20:45:14 - [MESSAGE][PASSED] - Modify property of object successfully

2018-05-21 20:45:14 - [TEST_STEP][PASSED] - Statement - batchqty = com.kms.katalon.core.webui.keyword.WebUiBuiltInKeywords.getAttribute(batch, "value").trim(): Attribute 'value' of object '' is: '39800'

2018-05-21 20:45:14 - [MESSAGE][PASSED] - Attribute 'value' of object '' is: '39800'

2018-05-21 20:45:14 - [TEST_STEP][PASSED] - Statement - Rqty = 10000: null

2018-05-21 20:45:14 - [TEST_STEP][PASSED] - delay: Delayed 2 second(s)

2018-05-21 20:45:16 - [MESSAGE][PASSED] - Delayed 2 second(s)

2018-05-21 20:45:16 - [TEST_STEP][PASSED] - Statement - out.println("BatchQty : " + batchqty): null

2018-05-21 20:45:16 - [TEST_STEP][PASSED] - Statement - out.println("RQty : " + Rqty): null

2018-05-21 20:45:16 - [TEST_STEP][PASSED] - Statement - If (java.lang.Integer.valueOf(batchqty) >= java.lang.Integer.valueOf(Rqty)): null

2018-05-21 20:45:16 - [TEST_STEP][PASSED] - Statement - Break: null

2018-05-21 20:45:16 - [TEST_STEP][PASSED] - Statement - batchlength = new com.kms.katalon.core.testobject.TestObject(): null

2018-05-21 20:45:16 - [TEST_STEP][PASSED] - Statement - batchlength = com.kms.katalon.core.webui.keyword.WebUiBuiltInKeywords.modifyObjectProperty(batchlength, "xpath", "equals", "//*[@id = "fldvendor" + row + ""]", true): Modify property of object successfully

2018-05-21 20:45:16 - [MESSAGE][PASSED] - Modify property of object successfully

2018-05-21 20:45:16 - [TEST_STEP][PASSED] - Statement - batchsize = com.kms.katalon.core.webui.keyword.WebUiBuiltInKeywords.getNumberOfTotalOption(batchlength): 7 options of object '' counted

2018-05-21 20:45:16 - [MESSAGE][PASSED] - 7 options of object '' counted

2018-05-21 20:45:16 - [TEST_STEP][PASSED] - Statement - out.println("BatchSize : " + batchsize): null

2018-05-21 20:45:16 - [TEST_STEP][PASSED] - Statement - For ([n = 1, n <= batchsize - 1, (n++)]): null

2018-05-21 20:45:16 - [TEST_STEP][PASSED] - Statement - product = new com.kms.katalon.core.testobject.TestObject(): null

2018-05-21 20:45:16 - [TEST_STEP][PASSED] - Statement - product = com.kms.katalon.core.webui.keyword.WebUiBuiltInKeywords.modifyObjectProperty(product, "xpath", "equals", "//*[@id = "fldvendor" + row + ""]", true): Modify property of object successfully

2018-05-21 20:45:16 - [MESSAGE][PASSED] - Modify property of object successfully

2018-05-21 20:45:16 - [TEST_STEP][PASSED] - selectOptionByIndex: All options with index in [1] are selected on object ''

2018-05-21 20:45:16 - [MESSAGE][PASSED] - All options with index in [1] are selected on object ''

2018-05-21 20:45:16 - [TEST_STEP][PASSED] - Statement - batch = new com.kms.katalon.core.testobject.TestObject(): null

2018-05-21 20:45:16 - [TEST_STEP][PASSED] - Statement - batch = com.kms.katalon.core.webui.keyword.WebUiBuiltInKeywords.modifyObjectProperty(batch, "xpath", "equals", "//*[@id = "txtbthqty" + row + ""]", true): Modify property of object successfully

2018-05-21 20:45:16 - [MESSAGE][PASSED] - Modify property of object successfully

2018-05-21 20:45:16 - [TEST_STEP][PASSED] - Statement - batchqty = com.kms.katalon.core.webui.keyword.WebUiBuiltInKeywords.getAttribute(batch, "value").trim(): Attribute 'value' of object '' is: '39600'

2018-05-21 20:45:16 - [MESSAGE][PASSED] - Attribute 'value' of object '' is: '39600'

2018-05-21 20:45:16 - [TEST_STEP][PASSED] - Statement - Rqty = 10000: null

2018-05-21 20:45:16 - [TEST_STEP][PASSED] - delay: Delayed 2 second(s)

2018-05-21 20:45:18 - [MESSAGE][PASSED] - Delayed 2 second(s)

2018-05-21 20:45:18 - [TEST_STEP][PASSED] - Statement - out.println("BatchQty : " + batchqty): null

2018-05-21 20:45:18 - [TEST_STEP][PASSED] - Statement - out.println("RQty : " + Rqty): null

2018-05-21 20:45:18 - [TEST_STEP][PASSED] - Statement - If (java.lang.Integer.valueOf(batchqty) >= java.lang.Integer.valueOf(Rqty)): null

2018-05-21 20:45:18 - [TEST_STEP][PASSED] - Statement - Break: null

2018-05-21 20:45:18 - [TEST_STEP][PASSED] - click: Object: 'Object Repository/store Request Schedule 1/Page_KDMC - CMS/input_btndispatch' is clicked on

2018-05-21 20:45:18 - [MESSAGE][PASSED] - Object: 'Object Repository/store Request Schedule 1/Page_KDMC - CMS/input_btndispatch' is clicked on

2018-05-21 20:45:18 - [TEST_STEP][PASSED] - delay: Delayed 3 second(s)

2018-05-21 20:45:21 - [MESSAGE][PASSED] - Delayed 3 second(s)

2018-05-21 20:45:21 - [TEST_STEP][PASSED] - click: Object: 'Object Repository/store Request Schedule 1/Page_KDMC - CMS/button_OK' is clicked on

2018-05-21 20:45:21 - [MESSAGE][PASSED] - Object: 'Object Repository/store Request Schedule 1/Page_KDMC - CMS/button_OK' is clicked on

2018-05-21 20:45:21 - [TEST_STEP][PASSED] - delay: Delayed 3 second(s)

2018-05-21 20:45:24 - [MESSAGE][PASSED] - Delayed 3 second(s)

2018-05-21 20:45:24 - [TEST_STEP][PASSED] - click: Object: 'Object Repository/store Request Schedule 1/Page_KDMC - CMS/a_dropdown-toggle' is clicked on

2018-05-21 20:45:25 - [MESSAGE][PASSED] - Object: 'Object Repository/store Request Schedule 1/Page_KDMC - CMS/a_dropdown-toggle' is clicked on

2018-05-21 20:45:25 - [TEST_STEP][PASSED] - click: Object: 'Object Repository/store Request Schedule 1/Page_KDMC - CMS/a_Sign out' is clicked on

2018-05-21 20:45:25 - [MESSAGE][PASSED] - Object: 'Object Repository/store Request Schedule 1/Page_KDMC - CMS/a_Sign out' is clicked on

2018-05-21 20:45:25 - [TEST_STEP][PASSED] - delay: Delayed 3 second(s)

2018-05-21 20:45:28 - [MESSAGE][PASSED] - Delayed 3 second(s)

2018-05-21 20:45:28 - [TEST_STEP][PASSED] - click: Object: 'Object Repository/Store Request Schedule 1/Page_KDMC/a_Divisional Store' is clicked on

2018-05-21 20:45:28 - [MESSAGE][PASSED] - Object: 'Object Repository/Store Request Schedule 1/Page_KDMC/a_Divisional Store' is clicked on

2018-05-21 20:45:28 - [TEST_STEP][PASSED] - setText: Text 'ragu' is set on object 'Object Repository/Store Request Schedule 1/Page_Divisonal Store Login/input_txtusername'

2018-05-21 20:45:29 - [MESSAGE][PASSED] - Text 'ragu' is set on object 'Object Repository/Store Request Schedule 1/Page_Divisonal Store Login/input_txtusername'

2018-05-21 20:45:29 - [TEST_STEP][PASSED] - setText: Text '123' is set on object 'Object Repository/Store Request Schedule 1/Page_Divisonal Store Login/input_txtpassword'

2018-05-21 20:45:29 - [MESSAGE][PASSED] - Text '123' is set on object 'Object Repository/Store Request Schedule 1/Page_Divisonal Store Login/input_txtpassword'

2018-05-21 20:45:29 - [TEST_STEP][PASSED] - delay: Delayed 3 second(s)

2018-05-21 20:45:32 - [MESSAGE][PASSED] - Delayed 3 second(s)

2018-05-21 20:45:32 - [TEST_STEP][PASSED] - click: Object: 'Object Repository/Store Request Schedule 1/Page_Divisonal Store Login/button_Sign in' is clicked on

2018-05-21 20:45:33 - [MESSAGE][PASSED] - Object: 'Object Repository/Store Request Schedule 1/Page_Divisonal Store Login/button_Sign in' is clicked on

2018-05-21 20:45:33 - [TEST_STEP][PASSED] - delay: Delayed 3 second(s)

2018-05-21 20:45:36 - [MESSAGE][PASSED] - Delayed 3 second(s)

2018-05-21 20:45:36 - [TEST_STEP][PASSED] - click: Object: 'Object Repository/Store Request Schedule 1/Page_Store/a_CMS' is clicked on

2018-05-21 20:45:36 - [MESSAGE][PASSED] - Object: 'Object Repository/Store Request Schedule 1/Page_Store/a_CMS' is clicked on

2018-05-21 20:45:36 - [TEST_STEP][PASSED] - delay: Delayed 2 second(s)

2018-05-21 20:45:38 - [MESSAGE][PASSED] - Delayed 2 second(s)

2018-05-21 20:45:38 - [TEST_STEP][PASSED] - click: Object: 'Object Repository/Store Request Schedule 1/Page_Store/a_Receiving Goods' is clicked on

2018-05-21 20:45:39 - [MESSAGE][PASSED] - Object: 'Object Repository/Store Request Schedule 1/Page_Store/a_Receiving Goods' is clicked on

2018-05-21 20:45:39 - [TEST_STEP][PASSED] - setText: Text 'PRNO/21052018/332' is set on object 'Object Repository/Store Request Schedule 1/Page_Store/input'

2018-05-21 20:45:39 - [MESSAGE][PASSED] - Text 'PRNO/21052018/332' is set on object 'Object Repository/Store Request Schedule 1/Page_Store/input'

2018-05-21 20:45:39 - [TEST_STEP][PASSED] - click: Object: 'Object Repository/Store Request Schedule 1/Page_Store/input_btn btn-primary' is clicked on

2018-05-21 20:45:39 - [MESSAGE][PASSED] - Object: 'Object Repository/Store Request Schedule 1/Page_Store/input_btn btn-primary' is clicked on

2018-05-21 20:45:39 - [TEST_STEP][PASSED] - delay: Delayed 2 second(s)

2018-05-21 20:45:41 - [MESSAGE][PASSED] - Delayed 2 second(s)

2018-05-21 20:45:41 - [TEST_STEP][PASSED] - click: Object: 'Object Repository/Store Request Schedule 1/Page_Store/input_chkrem' is clicked on

2018-05-21 20:45:42 - [MESSAGE][PASSED] - Object: 'Object Repository/Store Request Schedule 1/Page_Store/input_chkrem' is clicked on

2018-05-21 20:45:42 - [TEST_STEP][PASSED] - scrollToElement: Scroll to object 'Object Repository/Store Request Schedule 1/Page_Store/input_btchkroqadd' successfully

2018-05-21 20:45:42 - [MESSAGE][PASSED] - Scroll to object 'Object Repository/Store Request Schedule 1/Page_Store/input_btchkroqadd' successfully

2018-05-21 20:45:42 - [TEST_STEP][PASSED] - click: Object: 'Object Repository/Store Request Schedule 1/Page_Store/input_btchkroqadd' is clicked on

2018-05-21 20:45:42 - [MESSAGE][PASSED] - Object: 'Object Repository/Store Request Schedule 1/Page_Store/input_btchkroqadd' is clicked on

2018-05-21 20:45:42 - [TEST_STEP][PASSED] - delay: Delayed 2 second(s)

2018-05-21 20:45:44 - [MESSAGE][PASSED] - Delayed 2 second(s)

2018-05-21 20:45:44 - [TEST_STEP][PASSED] - refresh: Refresh successfully

2018-05-21 20:45:44 - [MESSAGE][PASSED] - Refresh successfully

2018-05-21 20:45:44 - [TEST_STEP][PASSED] - delay: Delayed 3 second(s)

2018-05-21 20:45:47 - [MESSAGE][PASSED] - Delayed 3 second(s)

2018-05-21 20:45:47 - [TEST_STEP][PASSED] - click: Object: 'Object Repository/Store Request Schedule 1/Page_Store/a_dropdown-toggle' is clicked on

2018-05-21 20:45:47 - [MESSAGE][PASSED] - Object: 'Object Repository/Store Request Schedule 1/Page_Store/a_dropdown-toggle' is clicked on

2018-05-21 20:45:47 - [TEST_STEP][PASSED] - click: Object: 'Object Repository/Store Request Schedule 1/Page_Store/a_Sign out' is clicked on

2018-05-21 20:45:48 - [MESSAGE][PASSED] - Object: 'Object Repository/Store Request Schedule 1/Page_Store/a_Sign out' is clicked on

2018-05-21 20:45:48 - [TEST_STEP][PASSED] - closeBrowser: Browser is closed

2018-05-21 20:45:49 - [MESSAGE][PASSED] - Browser is closed

2018-05-21 20:45:49 - [TEST_STEP][PASSED] - Statement - out.println("Schedule 5 STORE Request Are Working Successfully"): null]]></system-out>
         <system-err><![CDATA[]]></system-err>
      </testcase>
      <testcase name="Test Cases/STORE TO CMS REQUEST TEST CASES/TC_STCMS_006 To Verify Schedule 6 Store To CMS Request Are Working Successfully Or Not" classname="Test Cases/STORE TO CMS REQUEST TEST CASES/TC_STCMS_006 To Verify Schedule 6 Store To CMS Request Are Working Successfully Or Not" status="PASSED">
         <system-out><![CDATA[2018-05-21 20:45:49 - [TEST_CASE][PASSED] - Test Cases/STORE TO CMS REQUEST TEST CASES/TC_STCMS_006 To Verify Schedule 6 Store To CMS Request Are Working Successfully Or Not: Test Cases/STORE TO CMS REQUEST TEST CASES/TC_STCMS_006 To Verify Schedule 6 Store To CMS Request Are Working Successfully Or Not

2018-05-21 20:45:49 - [TEST_STEP][PASSED] - openBrowser: Browser is opened with url: ''

2018-05-21 20:45:51 - [MESSAGE][PASSED] - Browser is opened with url: ''

2018-05-21 20:45:51 - [TEST_STEP][PASSED] - Statement - out.println("Verify Schedule 6 STORE Request Are Working Successfully Or Not"): null

2018-05-21 20:45:51 - [TEST_STEP][PASSED] - navigateToUrl: Navigate to 'http://192.168.137.1/multihospital_new/' successfully

2018-05-21 20:45:53 - [MESSAGE][PASSED] - Navigate to 'http://192.168.137.1/multihospital_new/' successfully

2018-05-21 20:45:53 - [TEST_STEP][PASSED] - maximizeWindow: Current window maximized

2018-05-21 20:45:54 - [MESSAGE][PASSED] - Current window maximized

2018-05-21 20:45:54 - [TEST_STEP][PASSED] - click: Object: 'Object Repository/Store Request Schedule 1/Page_KDMC/a_Divisional Store' is clicked on

2018-05-21 20:45:55 - [MESSAGE][PASSED] - Object: 'Object Repository/Store Request Schedule 1/Page_KDMC/a_Divisional Store' is clicked on

2018-05-21 20:45:55 - [TEST_STEP][PASSED] - setText: Text 'ragu' is set on object 'Object Repository/Store Request Schedule 1/Page_Divisonal Store Login/input_txtusername'

2018-05-21 20:45:55 - [MESSAGE][PASSED] - Text 'ragu' is set on object 'Object Repository/Store Request Schedule 1/Page_Divisonal Store Login/input_txtusername'

2018-05-21 20:45:55 - [TEST_STEP][PASSED] - setText: Text '123' is set on object 'Object Repository/Store Request Schedule 1/Page_Divisonal Store Login/input_txtpassword'

2018-05-21 20:45:55 - [MESSAGE][PASSED] - Text '123' is set on object 'Object Repository/Store Request Schedule 1/Page_Divisonal Store Login/input_txtpassword'

2018-05-21 20:45:55 - [TEST_STEP][PASSED] - delay: Delayed 3 second(s)

2018-05-21 20:45:58 - [MESSAGE][PASSED] - Delayed 3 second(s)

2018-05-21 20:45:58 - [TEST_STEP][PASSED] - click: Object: 'Object Repository/Store Request Schedule 1/Page_Divisonal Store Login/button_Sign in' is clicked on

2018-05-21 20:46:00 - [MESSAGE][PASSED] - Object: 'Object Repository/Store Request Schedule 1/Page_Divisonal Store Login/button_Sign in' is clicked on

2018-05-21 20:46:00 - [TEST_STEP][PASSED] - delay: Delayed 3 second(s)

2018-05-21 20:46:03 - [MESSAGE][PASSED] - Delayed 3 second(s)

2018-05-21 20:46:03 - [TEST_STEP][PASSED] - click: Object: 'Object Repository/Store Request Schedule 1/Page_Store/a_CMS' is clicked on

2018-05-21 20:46:03 - [MESSAGE][PASSED] - Object: 'Object Repository/Store Request Schedule 1/Page_Store/a_CMS' is clicked on

2018-05-21 20:46:03 - [TEST_STEP][PASSED] - delay: Delayed 2 second(s)

2018-05-21 20:46:05 - [MESSAGE][PASSED] - Delayed 2 second(s)

2018-05-21 20:46:05 - [TEST_STEP][PASSED] - click: Object: 'Object Repository/Store Request Schedule 1/Page_Store/a_Request Send' is clicked on

2018-05-21 20:46:06 - [MESSAGE][PASSED] - Object: 'Object Repository/Store Request Schedule 1/Page_Store/a_Request Send' is clicked on

2018-05-21 20:46:06 - [TEST_STEP][PASSED] - selectOptionByIndex: All options with index in [1] are selected on object 'Object Repository/Store Request Schedule 1/Page_Store/select_--Select--'

2018-05-21 20:46:06 - [MESSAGE][PASSED] - All options with index in [1] are selected on object 'Object Repository/Store Request Schedule 1/Page_Store/select_--Select--'

2018-05-21 20:46:06 - [TEST_STEP][PASSED] - selectOptionByIndex: All options with index in [6] are selected on object 'Object Repository/Store Request Schedule 1/Page_Store/select_--Select--Schedule 1Inj'

2018-05-21 20:46:06 - [MESSAGE][PASSED] - All options with index in [6] are selected on object 'Object Repository/Store Request Schedule 1/Page_Store/select_--Select--Schedule 1Inj'

2018-05-21 20:46:06 - [TEST_STEP][PASSED] - Statement - SelectedOptions = com.kms.katalon.core.webui.keyword.WebUiBuiltInKeywords.getNumberOfTotalOption(com.kms.katalon.core.testobject.ObjectRepository.findTestObject(Store Request Schedule 1/Page_Store/select_--Select--Adernaline 0.)): 14 options of object 'Object Repository/Store Request Schedule 1/Page_Store/select_--Select--Adernaline 0.' counted

2018-05-21 20:46:07 - [MESSAGE][PASSED] - 14 options of object 'Object Repository/Store Request Schedule 1/Page_Store/select_--Select--Adernaline 0.' counted

2018-05-21 20:46:07 - [TEST_STEP][PASSED] - Statement - For ([y = 1, y < SelectedOptions, (y++)]): Object: 'Object Repository/Store Request Schedule 1/Page_Store/button_Add' is clicked on

2018-05-21 20:46:07 - [TEST_STEP][PASSED] - selectOptionByIndex: All options with index in [6] are selected on object 'Object Repository/Store Request Schedule 1/Page_Store/select_--Select--Schedule 1Inj'

2018-05-21 20:46:07 - [MESSAGE][PASSED] - All options with index in [6] are selected on object 'Object Repository/Store Request Schedule 1/Page_Store/select_--Select--Schedule 1Inj'

2018-05-21 20:46:07 - [TEST_STEP][PASSED] - delay: Delayed 1 second(s)

2018-05-21 20:46:08 - [MESSAGE][PASSED] - Delayed 1 second(s)

2018-05-21 20:46:08 - [TEST_STEP][PASSED] - selectOptionByIndex: All options with index in [1] are selected on object 'Object Repository/Store Request Schedule 1/Page_Store/select_--Select--Adernaline 0.'

2018-05-21 20:46:08 - [MESSAGE][PASSED] - All options with index in [1] are selected on object 'Object Repository/Store Request Schedule 1/Page_Store/select_--Select--Adernaline 0.'

2018-05-21 20:46:08 - [TEST_STEP][PASSED] - setText: Text '100' is set on object 'Object Repository/Store Request Schedule 1/Page_Store/input_txttreat'

2018-05-21 20:46:08 - [MESSAGE][PASSED] - Text '100' is set on object 'Object Repository/Store Request Schedule 1/Page_Store/input_txttreat'

2018-05-21 20:46:08 - [TEST_STEP][PASSED] - click: Object: 'Object Repository/Store Request Schedule 1/Page_Store/button_Add' is clicked on

2018-05-21 20:46:08 - [MESSAGE][PASSED] - Object: 'Object Repository/Store Request Schedule 1/Page_Store/button_Add' is clicked on

2018-05-21 20:46:08 - [TEST_STEP][PASSED] - selectOptionByIndex: All options with index in [6] are selected on object 'Object Repository/Store Request Schedule 1/Page_Store/select_--Select--Schedule 1Inj'

2018-05-21 20:46:08 - [MESSAGE][PASSED] - All options with index in [6] are selected on object 'Object Repository/Store Request Schedule 1/Page_Store/select_--Select--Schedule 1Inj'

2018-05-21 20:46:08 - [TEST_STEP][PASSED] - delay: Delayed 1 second(s)

2018-05-21 20:46:09 - [MESSAGE][PASSED] - Delayed 1 second(s)

2018-05-21 20:46:09 - [TEST_STEP][PASSED] - selectOptionByIndex: All options with index in [2] are selected on object 'Object Repository/Store Request Schedule 1/Page_Store/select_--Select--Adernaline 0.'

2018-05-21 20:46:09 - [MESSAGE][PASSED] - All options with index in [2] are selected on object 'Object Repository/Store Request Schedule 1/Page_Store/select_--Select--Adernaline 0.'

2018-05-21 20:46:09 - [TEST_STEP][PASSED] - setText: Text '100' is set on object 'Object Repository/Store Request Schedule 1/Page_Store/input_txttreat'

2018-05-21 20:46:09 - [MESSAGE][PASSED] - Text '100' is set on object 'Object Repository/Store Request Schedule 1/Page_Store/input_txttreat'

2018-05-21 20:46:09 - [TEST_STEP][PASSED] - click: Object: 'Object Repository/Store Request Schedule 1/Page_Store/button_Add' is clicked on

2018-05-21 20:46:09 - [MESSAGE][PASSED] - Object: 'Object Repository/Store Request Schedule 1/Page_Store/button_Add' is clicked on

2018-05-21 20:46:09 - [TEST_STEP][PASSED] - selectOptionByIndex: All options with index in [6] are selected on object 'Object Repository/Store Request Schedule 1/Page_Store/select_--Select--Schedule 1Inj'

2018-05-21 20:46:10 - [MESSAGE][PASSED] - All options with index in [6] are selected on object 'Object Repository/Store Request Schedule 1/Page_Store/select_--Select--Schedule 1Inj'

2018-05-21 20:46:10 - [TEST_STEP][PASSED] - delay: Delayed 1 second(s)

2018-05-21 20:46:11 - [MESSAGE][PASSED] - Delayed 1 second(s)

2018-05-21 20:46:11 - [TEST_STEP][PASSED] - selectOptionByIndex: All options with index in [3] are selected on object 'Object Repository/Store Request Schedule 1/Page_Store/select_--Select--Adernaline 0.'

2018-05-21 20:46:11 - [MESSAGE][PASSED] - All options with index in [3] are selected on object 'Object Repository/Store Request Schedule 1/Page_Store/select_--Select--Adernaline 0.'

2018-05-21 20:46:11 - [TEST_STEP][PASSED] - setText: Text '100' is set on object 'Object Repository/Store Request Schedule 1/Page_Store/input_txttreat'

2018-05-21 20:46:11 - [MESSAGE][PASSED] - Text '100' is set on object 'Object Repository/Store Request Schedule 1/Page_Store/input_txttreat'

2018-05-21 20:46:11 - [TEST_STEP][PASSED] - click: Object: 'Object Repository/Store Request Schedule 1/Page_Store/button_Add' is clicked on

2018-05-21 20:46:11 - [MESSAGE][PASSED] - Object: 'Object Repository/Store Request Schedule 1/Page_Store/button_Add' is clicked on

2018-05-21 20:46:11 - [TEST_STEP][PASSED] - selectOptionByIndex: All options with index in [6] are selected on object 'Object Repository/Store Request Schedule 1/Page_Store/select_--Select--Schedule 1Inj'

2018-05-21 20:46:11 - [MESSAGE][PASSED] - All options with index in [6] are selected on object 'Object Repository/Store Request Schedule 1/Page_Store/select_--Select--Schedule 1Inj'

2018-05-21 20:46:11 - [TEST_STEP][PASSED] - delay: Delayed 1 second(s)

2018-05-21 20:46:12 - [MESSAGE][PASSED] - Delayed 1 second(s)

2018-05-21 20:46:12 - [TEST_STEP][PASSED] - selectOptionByIndex: All options with index in [4] are selected on object 'Object Repository/Store Request Schedule 1/Page_Store/select_--Select--Adernaline 0.'

2018-05-21 20:46:12 - [MESSAGE][PASSED] - All options with index in [4] are selected on object 'Object Repository/Store Request Schedule 1/Page_Store/select_--Select--Adernaline 0.'

2018-05-21 20:46:12 - [TEST_STEP][PASSED] - setText: Text '100' is set on object 'Object Repository/Store Request Schedule 1/Page_Store/input_txttreat'

2018-05-21 20:46:12 - [MESSAGE][PASSED] - Text '100' is set on object 'Object Repository/Store Request Schedule 1/Page_Store/input_txttreat'

2018-05-21 20:46:12 - [TEST_STEP][PASSED] - click: Object: 'Object Repository/Store Request Schedule 1/Page_Store/button_Add' is clicked on

2018-05-21 20:46:12 - [MESSAGE][PASSED] - Object: 'Object Repository/Store Request Schedule 1/Page_Store/button_Add' is clicked on

2018-05-21 20:46:12 - [TEST_STEP][PASSED] - selectOptionByIndex: All options with index in [6] are selected on object 'Object Repository/Store Request Schedule 1/Page_Store/select_--Select--Schedule 1Inj'

2018-05-21 20:46:12 - [MESSAGE][PASSED] - All options with index in [6] are selected on object 'Object Repository/Store Request Schedule 1/Page_Store/select_--Select--Schedule 1Inj'

2018-05-21 20:46:12 - [TEST_STEP][PASSED] - delay: Delayed 1 second(s)

2018-05-21 20:46:13 - [MESSAGE][PASSED] - Delayed 1 second(s)

2018-05-21 20:46:13 - [TEST_STEP][PASSED] - selectOptionByIndex: All options with index in [5] are selected on object 'Object Repository/Store Request Schedule 1/Page_Store/select_--Select--Adernaline 0.'

2018-05-21 20:46:14 - [MESSAGE][PASSED] - All options with index in [5] are selected on object 'Object Repository/Store Request Schedule 1/Page_Store/select_--Select--Adernaline 0.'

2018-05-21 20:46:14 - [TEST_STEP][PASSED] - setText: Text '100' is set on object 'Object Repository/Store Request Schedule 1/Page_Store/input_txttreat'

2018-05-21 20:46:14 - [MESSAGE][PASSED] - Text '100' is set on object 'Object Repository/Store Request Schedule 1/Page_Store/input_txttreat'

2018-05-21 20:46:14 - [TEST_STEP][PASSED] - click: Object: 'Object Repository/Store Request Schedule 1/Page_Store/button_Add' is clicked on

2018-05-21 20:46:14 - [MESSAGE][PASSED] - Object: 'Object Repository/Store Request Schedule 1/Page_Store/button_Add' is clicked on

2018-05-21 20:46:14 - [TEST_STEP][PASSED] - selectOptionByIndex: All options with index in [6] are selected on object 'Object Repository/Store Request Schedule 1/Page_Store/select_--Select--Schedule 1Inj'

2018-05-21 20:46:14 - [MESSAGE][PASSED] - All options with index in [6] are selected on object 'Object Repository/Store Request Schedule 1/Page_Store/select_--Select--Schedule 1Inj'

2018-05-21 20:46:14 - [TEST_STEP][PASSED] - delay: Delayed 1 second(s)

2018-05-21 20:46:15 - [MESSAGE][PASSED] - Delayed 1 second(s)

2018-05-21 20:46:15 - [TEST_STEP][PASSED] - selectOptionByIndex: All options with index in [6] are selected on object 'Object Repository/Store Request Schedule 1/Page_Store/select_--Select--Adernaline 0.'

2018-05-21 20:46:15 - [MESSAGE][PASSED] - All options with index in [6] are selected on object 'Object Repository/Store Request Schedule 1/Page_Store/select_--Select--Adernaline 0.'

2018-05-21 20:46:15 - [TEST_STEP][PASSED] - setText: Text '100' is set on object 'Object Repository/Store Request Schedule 1/Page_Store/input_txttreat'

2018-05-21 20:46:15 - [MESSAGE][PASSED] - Text '100' is set on object 'Object Repository/Store Request Schedule 1/Page_Store/input_txttreat'

2018-05-21 20:46:15 - [TEST_STEP][PASSED] - click: Object: 'Object Repository/Store Request Schedule 1/Page_Store/button_Add' is clicked on

2018-05-21 20:46:15 - [MESSAGE][PASSED] - Object: 'Object Repository/Store Request Schedule 1/Page_Store/button_Add' is clicked on

2018-05-21 20:46:15 - [TEST_STEP][PASSED] - selectOptionByIndex: All options with index in [6] are selected on object 'Object Repository/Store Request Schedule 1/Page_Store/select_--Select--Schedule 1Inj'

2018-05-21 20:46:15 - [MESSAGE][PASSED] - All options with index in [6] are selected on object 'Object Repository/Store Request Schedule 1/Page_Store/select_--Select--Schedule 1Inj'

2018-05-21 20:46:15 - [TEST_STEP][PASSED] - delay: Delayed 1 second(s)

2018-05-21 20:46:16 - [MESSAGE][PASSED] - Delayed 1 second(s)

2018-05-21 20:46:16 - [TEST_STEP][PASSED] - selectOptionByIndex: All options with index in [7] are selected on object 'Object Repository/Store Request Schedule 1/Page_Store/select_--Select--Adernaline 0.'

2018-05-21 20:46:17 - [MESSAGE][PASSED] - All options with index in [7] are selected on object 'Object Repository/Store Request Schedule 1/Page_Store/select_--Select--Adernaline 0.'

2018-05-21 20:46:17 - [TEST_STEP][PASSED] - setText: Text '100' is set on object 'Object Repository/Store Request Schedule 1/Page_Store/input_txttreat'

2018-05-21 20:46:17 - [MESSAGE][PASSED] - Text '100' is set on object 'Object Repository/Store Request Schedule 1/Page_Store/input_txttreat'

2018-05-21 20:46:17 - [TEST_STEP][PASSED] - click: Object: 'Object Repository/Store Request Schedule 1/Page_Store/button_Add' is clicked on

2018-05-21 20:46:17 - [MESSAGE][PASSED] - Object: 'Object Repository/Store Request Schedule 1/Page_Store/button_Add' is clicked on

2018-05-21 20:46:17 - [TEST_STEP][PASSED] - selectOptionByIndex: All options with index in [6] are selected on object 'Object Repository/Store Request Schedule 1/Page_Store/select_--Select--Schedule 1Inj'

2018-05-21 20:46:17 - [MESSAGE][PASSED] - All options with index in [6] are selected on object 'Object Repository/Store Request Schedule 1/Page_Store/select_--Select--Schedule 1Inj'

2018-05-21 20:46:17 - [TEST_STEP][PASSED] - delay: Delayed 1 second(s)

2018-05-21 20:46:18 - [MESSAGE][PASSED] - Delayed 1 second(s)

2018-05-21 20:46:18 - [TEST_STEP][PASSED] - selectOptionByIndex: All options with index in [8] are selected on object 'Object Repository/Store Request Schedule 1/Page_Store/select_--Select--Adernaline 0.'

2018-05-21 20:46:18 - [MESSAGE][PASSED] - All options with index in [8] are selected on object 'Object Repository/Store Request Schedule 1/Page_Store/select_--Select--Adernaline 0.'

2018-05-21 20:46:18 - [TEST_STEP][PASSED] - setText: Text '100' is set on object 'Object Repository/Store Request Schedule 1/Page_Store/input_txttreat'

2018-05-21 20:46:18 - [MESSAGE][PASSED] - Text '100' is set on object 'Object Repository/Store Request Schedule 1/Page_Store/input_txttreat'

2018-05-21 20:46:18 - [TEST_STEP][PASSED] - click: Object: 'Object Repository/Store Request Schedule 1/Page_Store/button_Add' is clicked on

2018-05-21 20:46:18 - [MESSAGE][PASSED] - Object: 'Object Repository/Store Request Schedule 1/Page_Store/button_Add' is clicked on

2018-05-21 20:46:18 - [TEST_STEP][PASSED] - selectOptionByIndex: All options with index in [6] are selected on object 'Object Repository/Store Request Schedule 1/Page_Store/select_--Select--Schedule 1Inj'

2018-05-21 20:46:18 - [MESSAGE][PASSED] - All options with index in [6] are selected on object 'Object Repository/Store Request Schedule 1/Page_Store/select_--Select--Schedule 1Inj'

2018-05-21 20:46:18 - [TEST_STEP][PASSED] - delay: Delayed 1 second(s)

2018-05-21 20:46:19 - [MESSAGE][PASSED] - Delayed 1 second(s)

2018-05-21 20:46:19 - [TEST_STEP][PASSED] - selectOptionByIndex: All options with index in [9] are selected on object 'Object Repository/Store Request Schedule 1/Page_Store/select_--Select--Adernaline 0.'

2018-05-21 20:46:20 - [MESSAGE][PASSED] - All options with index in [9] are selected on object 'Object Repository/Store Request Schedule 1/Page_Store/select_--Select--Adernaline 0.'

2018-05-21 20:46:20 - [TEST_STEP][PASSED] - setText: Text '100' is set on object 'Object Repository/Store Request Schedule 1/Page_Store/input_txttreat'

2018-05-21 20:46:20 - [MESSAGE][PASSED] - Text '100' is set on object 'Object Repository/Store Request Schedule 1/Page_Store/input_txttreat'

2018-05-21 20:46:20 - [TEST_STEP][PASSED] - click: Object: 'Object Repository/Store Request Schedule 1/Page_Store/button_Add' is clicked on

2018-05-21 20:46:20 - [MESSAGE][PASSED] - Object: 'Object Repository/Store Request Schedule 1/Page_Store/button_Add' is clicked on

2018-05-21 20:46:20 - [TEST_STEP][PASSED] - selectOptionByIndex: All options with index in [6] are selected on object 'Object Repository/Store Request Schedule 1/Page_Store/select_--Select--Schedule 1Inj'

2018-05-21 20:46:20 - [MESSAGE][PASSED] - All options with index in [6] are selected on object 'Object Repository/Store Request Schedule 1/Page_Store/select_--Select--Schedule 1Inj'

2018-05-21 20:46:20 - [TEST_STEP][PASSED] - delay: Delayed 1 second(s)

2018-05-21 20:46:21 - [MESSAGE][PASSED] - Delayed 1 second(s)

2018-05-21 20:46:21 - [TEST_STEP][PASSED] - selectOptionByIndex: All options with index in [10] are selected on object 'Object Repository/Store Request Schedule 1/Page_Store/select_--Select--Adernaline 0.'

2018-05-21 20:46:21 - [MESSAGE][PASSED] - All options with index in [10] are selected on object 'Object Repository/Store Request Schedule 1/Page_Store/select_--Select--Adernaline 0.'

2018-05-21 20:46:21 - [TEST_STEP][PASSED] - setText: Text '100' is set on object 'Object Repository/Store Request Schedule 1/Page_Store/input_txttreat'

2018-05-21 20:46:21 - [MESSAGE][PASSED] - Text '100' is set on object 'Object Repository/Store Request Schedule 1/Page_Store/input_txttreat'

2018-05-21 20:46:21 - [TEST_STEP][PASSED] - click: Object: 'Object Repository/Store Request Schedule 1/Page_Store/button_Add' is clicked on

2018-05-21 20:46:21 - [MESSAGE][PASSED] - Object: 'Object Repository/Store Request Schedule 1/Page_Store/button_Add' is clicked on

2018-05-21 20:46:21 - [TEST_STEP][PASSED] - selectOptionByIndex: All options with index in [6] are selected on object 'Object Repository/Store Request Schedule 1/Page_Store/select_--Select--Schedule 1Inj'

2018-05-21 20:46:21 - [MESSAGE][PASSED] - All options with index in [6] are selected on object 'Object Repository/Store Request Schedule 1/Page_Store/select_--Select--Schedule 1Inj'

2018-05-21 20:46:21 - [TEST_STEP][PASSED] - delay: Delayed 1 second(s)

2018-05-21 20:46:22 - [MESSAGE][PASSED] - Delayed 1 second(s)

2018-05-21 20:46:22 - [TEST_STEP][PASSED] - selectOptionByIndex: All options with index in [11] are selected on object 'Object Repository/Store Request Schedule 1/Page_Store/select_--Select--Adernaline 0.'

2018-05-21 20:46:23 - [MESSAGE][PASSED] - All options with index in [11] are selected on object 'Object Repository/Store Request Schedule 1/Page_Store/select_--Select--Adernaline 0.'

2018-05-21 20:46:23 - [TEST_STEP][PASSED] - setText: Text '100' is set on object 'Object Repository/Store Request Schedule 1/Page_Store/input_txttreat'

2018-05-21 20:46:23 - [MESSAGE][PASSED] - Text '100' is set on object 'Object Repository/Store Request Schedule 1/Page_Store/input_txttreat'

2018-05-21 20:46:23 - [TEST_STEP][PASSED] - click: Object: 'Object Repository/Store Request Schedule 1/Page_Store/button_Add' is clicked on

2018-05-21 20:46:23 - [MESSAGE][PASSED] - Object: 'Object Repository/Store Request Schedule 1/Page_Store/button_Add' is clicked on

2018-05-21 20:46:23 - [TEST_STEP][PASSED] - selectOptionByIndex: All options with index in [6] are selected on object 'Object Repository/Store Request Schedule 1/Page_Store/select_--Select--Schedule 1Inj'

2018-05-21 20:46:23 - [MESSAGE][PASSED] - All options with index in [6] are selected on object 'Object Repository/Store Request Schedule 1/Page_Store/select_--Select--Schedule 1Inj'

2018-05-21 20:46:23 - [TEST_STEP][PASSED] - delay: Delayed 1 second(s)

2018-05-21 20:46:24 - [MESSAGE][PASSED] - Delayed 1 second(s)

2018-05-21 20:46:24 - [TEST_STEP][PASSED] - selectOptionByIndex: All options with index in [12] are selected on object 'Object Repository/Store Request Schedule 1/Page_Store/select_--Select--Adernaline 0.'

2018-05-21 20:46:24 - [MESSAGE][PASSED] - All options with index in [12] are selected on object 'Object Repository/Store Request Schedule 1/Page_Store/select_--Select--Adernaline 0.'

2018-05-21 20:46:24 - [TEST_STEP][PASSED] - setText: Text '100' is set on object 'Object Repository/Store Request Schedule 1/Page_Store/input_txttreat'

2018-05-21 20:46:24 - [MESSAGE][PASSED] - Text '100' is set on object 'Object Repository/Store Request Schedule 1/Page_Store/input_txttreat'

2018-05-21 20:46:24 - [TEST_STEP][PASSED] - click: Object: 'Object Repository/Store Request Schedule 1/Page_Store/button_Add' is clicked on

2018-05-21 20:46:24 - [MESSAGE][PASSED] - Object: 'Object Repository/Store Request Schedule 1/Page_Store/button_Add' is clicked on

2018-05-21 20:46:24 - [TEST_STEP][PASSED] - selectOptionByIndex: All options with index in [6] are selected on object 'Object Repository/Store Request Schedule 1/Page_Store/select_--Select--Schedule 1Inj'

2018-05-21 20:46:24 - [MESSAGE][PASSED] - All options with index in [6] are selected on object 'Object Repository/Store Request Schedule 1/Page_Store/select_--Select--Schedule 1Inj'

2018-05-21 20:46:24 - [TEST_STEP][PASSED] - delay: Delayed 1 second(s)

2018-05-21 20:46:25 - [MESSAGE][PASSED] - Delayed 1 second(s)

2018-05-21 20:46:25 - [TEST_STEP][PASSED] - selectOptionByIndex: All options with index in [13] are selected on object 'Object Repository/Store Request Schedule 1/Page_Store/select_--Select--Adernaline 0.'

2018-05-21 20:46:26 - [MESSAGE][PASSED] - All options with index in [13] are selected on object 'Object Repository/Store Request Schedule 1/Page_Store/select_--Select--Adernaline 0.'

2018-05-21 20:46:26 - [TEST_STEP][PASSED] - setText: Text '100' is set on object 'Object Repository/Store Request Schedule 1/Page_Store/input_txttreat'

2018-05-21 20:46:26 - [MESSAGE][PASSED] - Text '100' is set on object 'Object Repository/Store Request Schedule 1/Page_Store/input_txttreat'

2018-05-21 20:46:26 - [TEST_STEP][PASSED] - click: Object: 'Object Repository/Store Request Schedule 1/Page_Store/button_Add' is clicked on

2018-05-21 20:46:26 - [MESSAGE][PASSED] - Object: 'Object Repository/Store Request Schedule 1/Page_Store/button_Add' is clicked on

2018-05-21 20:46:26 - [TEST_STEP][PASSED] - delay: Delayed 2 second(s)

2018-05-21 20:46:28 - [MESSAGE][PASSED] - Delayed 2 second(s)

2018-05-21 20:46:28 - [TEST_STEP][PASSED] - scrollToElement: Scroll to object 'Object Repository/Store Request Schedule 1/Page_Store/input_btnsave' successfully

2018-05-21 20:46:28 - [MESSAGE][PASSED] - Scroll to object 'Object Repository/Store Request Schedule 1/Page_Store/input_btnsave' successfully

2018-05-21 20:46:28 - [TEST_STEP][PASSED] - click: Object: 'Object Repository/Store Request Schedule 1/Page_Store/input_btnsave' is clicked on

2018-05-21 20:46:28 - [MESSAGE][PASSED] - Object: 'Object Repository/Store Request Schedule 1/Page_Store/input_btnsave' is clicked on

2018-05-21 20:46:28 - [TEST_STEP][PASSED] - delay: Delayed 4 second(s)

2018-05-21 20:46:32 - [MESSAGE][PASSED] - Delayed 4 second(s)

2018-05-21 20:46:32 - [TEST_STEP][PASSED] - Statement - Cms_RequestNumber = com.kms.katalon.core.webui.keyword.WebUiBuiltInKeywords.getText(com.kms.katalon.core.testobject.ObjectRepository.findTestObject(Store Request Schedule 1/Page_Store/font_PRNO050520189)): Text of object 'Object Repository/Store Request Schedule 1/Page_Store/font_PRNO050520189' is: 'PRNO/21052018/333'

2018-05-21 20:46:32 - [MESSAGE][PASSED] - Text of object 'Object Repository/Store Request Schedule 1/Page_Store/font_PRNO050520189' is: 'PRNO/21052018/333'

2018-05-21 20:46:32 - [TEST_STEP][PASSED] - Statement - CR = Cms_RequestNumber.trim(): null

2018-05-21 20:46:32 - [TEST_STEP][PASSED] - Statement - out.println("RQ :" + Cms_RequestNumber): null

2018-05-21 20:46:32 - [TEST_STEP][PASSED] - Statement - RequestNumberID = Cms_RequestNumber.split("/")[2].trim(): null

2018-05-21 20:46:32 - [TEST_STEP][PASSED] - Statement - out.println("RQ ID :" + RequestNumberID): null

2018-05-21 20:46:32 - [TEST_STEP][PASSED] - delay: Delayed 3 second(s)

2018-05-21 20:46:35 - [MESSAGE][PASSED] - Delayed 3 second(s)

2018-05-21 20:46:35 - [TEST_STEP][PASSED] - Statement - ok = com.kms.katalon.core.webui.keyword.WebUiBuiltInKeywords.click(com.kms.katalon.core.testobject.ObjectRepository.findTestObject(Store Request Schedule 1/Page_Store/button_OK)): Object: 'Object Repository/Store Request Schedule 1/Page_Store/button_OK' is clicked on

2018-05-21 20:46:36 - [MESSAGE][PASSED] - Object: 'Object Repository/Store Request Schedule 1/Page_Store/button_OK' is clicked on

2018-05-21 20:46:36 - [TEST_STEP][PASSED] - delay: Delayed 3 second(s)

2018-05-21 20:46:39 - [MESSAGE][PASSED] - Delayed 3 second(s)

2018-05-21 20:46:39 - [TEST_STEP][PASSED] - click: Object: 'Object Repository/Store Request Schedule 1/Page_Store/a_dropdown-toggle' is clicked on

2018-05-21 20:46:39 - [MESSAGE][PASSED] - Object: 'Object Repository/Store Request Schedule 1/Page_Store/a_dropdown-toggle' is clicked on

2018-05-21 20:46:39 - [TEST_STEP][PASSED] - click: Object: 'Object Repository/Store Request Schedule 1/Page_Store/a_Sign out' is clicked on

2018-05-21 20:46:40 - [MESSAGE][PASSED] - Object: 'Object Repository/Store Request Schedule 1/Page_Store/a_Sign out' is clicked on

2018-05-21 20:46:40 - [TEST_STEP][PASSED] - delay: Delayed 3 second(s)

2018-05-21 20:46:43 - [MESSAGE][PASSED] - Delayed 3 second(s)

2018-05-21 20:46:43 - [TEST_STEP][PASSED] - click: Object: 'Object Repository/Store Request Schedule 1/Page_KDMC/a_CMO' is clicked on

2018-05-21 20:46:43 - [MESSAGE][PASSED] - Object: 'Object Repository/Store Request Schedule 1/Page_KDMC/a_CMO' is clicked on

2018-05-21 20:46:43 - [TEST_STEP][PASSED] - setText: Text 'guru' is set on object 'Object Repository/Store Request Schedule 1/Page_CMO login/input_txtusername'

2018-05-21 20:46:43 - [MESSAGE][PASSED] - Text 'guru' is set on object 'Object Repository/Store Request Schedule 1/Page_CMO login/input_txtusername'

2018-05-21 20:46:43 - [TEST_STEP][PASSED] - setText: Text '123' is set on object 'Object Repository/Store Request Schedule 1/Page_CMO login/input_txtpassword'

2018-05-21 20:46:43 - [MESSAGE][PASSED] - Text '123' is set on object 'Object Repository/Store Request Schedule 1/Page_CMO login/input_txtpassword'

2018-05-21 20:46:43 - [TEST_STEP][PASSED] - delay: Delayed 3 second(s)

2018-05-21 20:46:46 - [MESSAGE][PASSED] - Delayed 3 second(s)

2018-05-21 20:46:46 - [TEST_STEP][PASSED] - click: Object: 'Object Repository/Store Request Schedule 1/Page_CMO login/button_Sign in' is clicked on

2018-05-21 20:46:47 - [MESSAGE][PASSED] - Object: 'Object Repository/Store Request Schedule 1/Page_CMO login/button_Sign in' is clicked on

2018-05-21 20:46:47 - [TEST_STEP][PASSED] - delay: Delayed 2 second(s)

2018-05-21 20:46:49 - [MESSAGE][PASSED] - Delayed 2 second(s)

2018-05-21 20:46:49 - [TEST_STEP][PASSED] - click: Object: 'Object Repository/Store Request Schedule 1/Page_KDMC - CMO/span_Department Wise Request' is clicked on

2018-05-21 20:46:50 - [MESSAGE][PASSED] - Object: 'Object Repository/Store Request Schedule 1/Page_KDMC - CMO/span_Department Wise Request' is clicked on

2018-05-21 20:46:50 - [TEST_STEP][PASSED] - click: Object: 'Object Repository/Store Request Schedule 1/Page_KDMC - CMO/a_CMS Request' is clicked on

2018-05-21 20:46:50 - [MESSAGE][PASSED] - Object: 'Object Repository/Store Request Schedule 1/Page_KDMC - CMO/a_CMS Request' is clicked on

2018-05-21 20:46:50 - [TEST_STEP][PASSED] - click: Object: 'Object Repository/Store Request Schedule 1/Page_KDMC - CMO/a_CMS Request' is clicked on

2018-05-21 20:46:50 - [MESSAGE][PASSED] - Object: 'Object Repository/Store Request Schedule 1/Page_KDMC - CMO/a_CMS Request' is clicked on

2018-05-21 20:46:50 - [TEST_STEP][PASSED] - click: Object: 'Object Repository/Store Request Schedule 1/Page_KDMC - CMO/span_Divisional Store Request' is clicked on

2018-05-21 20:46:52 - [MESSAGE][PASSED] - Object: 'Object Repository/Store Request Schedule 1/Page_KDMC - CMO/span_Divisional Store Request' is clicked on

2018-05-21 20:46:52 - [TEST_STEP][PASSED] - delay: Delayed 2 second(s)

2018-05-21 20:46:54 - [MESSAGE][PASSED] - Delayed 2 second(s)

2018-05-21 20:46:54 - [TEST_STEP][PASSED] - Statement - approval = com.kms.katalon.core.webui.keyword.WebUiBuiltInKeywords.modifyObjectProperty(com.kms.katalon.core.testobject.ObjectRepository.findTestObject(Store Request Schedule 1/Page_KDMC - CMO/input_PRNO050520189), "xpath", "equals", "//*[@id=" + RequestNumberID + "]", true): Modify property of object successfully

2018-05-21 20:46:54 - [MESSAGE][PASSED] - Modify property of object successfully

2018-05-21 20:46:54 - [TEST_STEP][PASSED] - click: Object: 'Object Repository/Store Request Schedule 1/Page_KDMC - CMO/input_PRNO050520189' is clicked on

2018-05-21 20:46:54 - [MESSAGE][PASSED] - Object: 'Object Repository/Store Request Schedule 1/Page_KDMC - CMO/input_PRNO050520189' is clicked on

2018-05-21 20:46:54 - [TEST_STEP][PASSED] - delay: Delayed 2 second(s)

2018-05-21 20:46:56 - [MESSAGE][PASSED] - Delayed 2 second(s)

2018-05-21 20:46:56 - [TEST_STEP][PASSED] - selectOptionByIndex: All options with index in [1] are selected on object 'Object Repository/Store Request Schedule 1/Page_KDMC - CMO/select_--Select--'

2018-05-21 20:46:56 - [MESSAGE][PASSED] - All options with index in [1] are selected on object 'Object Repository/Store Request Schedule 1/Page_KDMC - CMO/select_--Select--'

2018-05-21 20:46:56 - [TEST_STEP][PASSED] - click: Object: 'Object Repository/Store Request Schedule 1/Page_KDMC - CMO/input_btnupdate' is clicked on

2018-05-21 20:46:56 - [MESSAGE][PASSED] - Object: 'Object Repository/Store Request Schedule 1/Page_KDMC - CMO/input_btnupdate' is clicked on

2018-05-21 20:46:56 - [TEST_STEP][PASSED] - delay: Delayed 2 second(s)

2018-05-21 20:46:58 - [MESSAGE][PASSED] - Delayed 2 second(s)

2018-05-21 20:46:58 - [TEST_STEP][PASSED] - click: Object: 'Object Repository/Store Request Schedule 1/Page_KDMC - CMO/button_OK' is clicked on

2018-05-21 20:46:59 - [MESSAGE][PASSED] - Object: 'Object Repository/Store Request Schedule 1/Page_KDMC - CMO/button_OK' is clicked on

2018-05-21 20:46:59 - [TEST_STEP][PASSED] - delay: Delayed 2 second(s)

2018-05-21 20:47:01 - [MESSAGE][PASSED] - Delayed 2 second(s)

2018-05-21 20:47:01 - [TEST_STEP][PASSED] - click: Object: 'Object Repository/Store Request Schedule 1/Page_KDMC - CMO/a_dropdown-toggle' is clicked on

2018-05-21 20:47:01 - [MESSAGE][PASSED] - Object: 'Object Repository/Store Request Schedule 1/Page_KDMC - CMO/a_dropdown-toggle' is clicked on

2018-05-21 20:47:01 - [TEST_STEP][PASSED] - click: Object: 'Object Repository/Store Request Schedule 1/Page_KDMC - CMO/a_Sign out' is clicked on

2018-05-21 20:47:01 - [MESSAGE][PASSED] - Object: 'Object Repository/Store Request Schedule 1/Page_KDMC - CMO/a_Sign out' is clicked on

2018-05-21 20:47:01 - [TEST_STEP][PASSED] - delay: Delayed 3 second(s)

2018-05-21 20:47:04 - [MESSAGE][PASSED] - Delayed 3 second(s)

2018-05-21 20:47:04 - [TEST_STEP][PASSED] - click: Object: 'Object Repository/store Request Schedule 1/Page_KDMC/a_CMS' is clicked on

2018-05-21 20:47:05 - [MESSAGE][PASSED] - Object: 'Object Repository/store Request Schedule 1/Page_KDMC/a_CMS' is clicked on

2018-05-21 20:47:05 - [TEST_STEP][PASSED] - setText: Text 'bala' is set on object 'Object Repository/store Request Schedule 1/Page_CMS login/input_txtusername'

2018-05-21 20:47:05 - [MESSAGE][PASSED] - Text 'bala' is set on object 'Object Repository/store Request Schedule 1/Page_CMS login/input_txtusername'

2018-05-21 20:47:05 - [TEST_STEP][PASSED] - setText: Text '123' is set on object 'Object Repository/store Request Schedule 1/Page_CMS login/input_txtpassword'

2018-05-21 20:47:05 - [MESSAGE][PASSED] - Text '123' is set on object 'Object Repository/store Request Schedule 1/Page_CMS login/input_txtpassword'

2018-05-21 20:47:05 - [TEST_STEP][PASSED] - delay: Delayed 3 second(s)

2018-05-21 20:47:08 - [MESSAGE][PASSED] - Delayed 3 second(s)

2018-05-21 20:47:08 - [TEST_STEP][PASSED] - click: Object: 'Object Repository/store Request Schedule 1/Page_CMS login/button_Sign in' is clicked on

2018-05-21 20:47:09 - [MESSAGE][PASSED] - Object: 'Object Repository/store Request Schedule 1/Page_CMS login/button_Sign in' is clicked on

2018-05-21 20:47:09 - [TEST_STEP][PASSED] - delay: Delayed 2 second(s)

2018-05-21 20:47:11 - [MESSAGE][PASSED] - Delayed 2 second(s)

2018-05-21 20:47:11 - [TEST_STEP][PASSED] - click: Object: 'Object Repository/store Request Schedule 1/Page_KDMC - CMS/a_Divisional Store' is clicked on

2018-05-21 20:47:11 - [MESSAGE][PASSED] - Object: 'Object Repository/store Request Schedule 1/Page_KDMC - CMS/a_Divisional Store' is clicked on

2018-05-21 20:47:11 - [TEST_STEP][PASSED] - delay: Delayed 2 second(s)

2018-05-21 20:47:13 - [MESSAGE][PASSED] - Delayed 2 second(s)

2018-05-21 20:47:13 - [TEST_STEP][PASSED] - click: Object: 'Object Repository/store Request Schedule 1/Page_KDMC - CMS/a_Dispatch Items' is clicked on

2018-05-21 20:47:13 - [MESSAGE][PASSED] - Object: 'Object Repository/store Request Schedule 1/Page_KDMC - CMS/a_Dispatch Items' is clicked on

2018-05-21 20:47:13 - [TEST_STEP][PASSED] - setText: Text 'PRNO/21052018/333' is set on object 'Object Repository/store Request Schedule 1/Page_KDMC - CMS/input'

2018-05-21 20:47:14 - [MESSAGE][PASSED] - Text 'PRNO/21052018/333' is set on object 'Object Repository/store Request Schedule 1/Page_KDMC - CMS/input'

2018-05-21 20:47:14 - [TEST_STEP][PASSED] - click: Object: 'Object Repository/store Request Schedule 1/Page_KDMC - CMS/td_text-center' is clicked on

2018-05-21 20:47:14 - [MESSAGE][PASSED] - Object: 'Object Repository/store Request Schedule 1/Page_KDMC - CMS/td_text-center' is clicked on

2018-05-21 20:47:14 - [TEST_STEP][PASSED] - delay: Delayed 2 second(s)

2018-05-21 20:47:16 - [MESSAGE][PASSED] - Delayed 2 second(s)

2018-05-21 20:47:16 - [TEST_STEP][PASSED] - Statement - For ([row = 0, row < SelectedOptions - 1, (row++)]): null

2018-05-21 20:47:16 - [TEST_STEP][PASSED] - Statement - batchlength = new com.kms.katalon.core.testobject.TestObject(): null

2018-05-21 20:47:16 - [TEST_STEP][PASSED] - Statement - batchlength = com.kms.katalon.core.webui.keyword.WebUiBuiltInKeywords.modifyObjectProperty(batchlength, "xpath", "equals", "//*[@id = "fldvendor" + row + ""]", true): Modify property of object successfully

2018-05-21 20:47:16 - [MESSAGE][PASSED] - Modify property of object successfully

2018-05-21 20:47:16 - [TEST_STEP][PASSED] - Statement - batchsize = com.kms.katalon.core.webui.keyword.WebUiBuiltInKeywords.getNumberOfTotalOption(batchlength): 7 options of object '' counted

2018-05-21 20:47:16 - [MESSAGE][PASSED] - 7 options of object '' counted

2018-05-21 20:47:16 - [TEST_STEP][PASSED] - Statement - out.println("BatchSize : " + batchsize): null

2018-05-21 20:47:16 - [TEST_STEP][PASSED] - Statement - For ([n = 1, n <= batchsize - 1, (n++)]): null

2018-05-21 20:47:16 - [TEST_STEP][PASSED] - Statement - product = new com.kms.katalon.core.testobject.TestObject(): null

2018-05-21 20:47:16 - [TEST_STEP][PASSED] - Statement - product = com.kms.katalon.core.webui.keyword.WebUiBuiltInKeywords.modifyObjectProperty(product, "xpath", "equals", "//*[@id = "fldvendor" + row + ""]", true): Modify property of object successfully

2018-05-21 20:47:16 - [MESSAGE][PASSED] - Modify property of object successfully

2018-05-21 20:47:16 - [TEST_STEP][PASSED] - selectOptionByIndex: All options with index in [1] are selected on object ''

2018-05-21 20:47:16 - [MESSAGE][PASSED] - All options with index in [1] are selected on object ''

2018-05-21 20:47:16 - [TEST_STEP][PASSED] - Statement - batch = new com.kms.katalon.core.testobject.TestObject(): null

2018-05-21 20:47:16 - [TEST_STEP][PASSED] - Statement - batch = com.kms.katalon.core.webui.keyword.WebUiBuiltInKeywords.modifyObjectProperty(batch, "xpath", "equals", "//*[@id = "txtbthqty" + row + ""]", true): Modify property of object successfully

2018-05-21 20:47:16 - [MESSAGE][PASSED] - Modify property of object successfully

2018-05-21 20:47:16 - [TEST_STEP][PASSED] - Statement - batchqty = com.kms.katalon.core.webui.keyword.WebUiBuiltInKeywords.getAttribute(batch, "value").trim(): Attribute 'value' of object '' is: '39200'

2018-05-21 20:47:16 - [MESSAGE][PASSED] - Attribute 'value' of object '' is: '39200'

2018-05-21 20:47:16 - [TEST_STEP][PASSED] - Statement - Rqty = 100: null

2018-05-21 20:47:16 - [TEST_STEP][PASSED] - delay: Delayed 2 second(s)

2018-05-21 20:47:18 - [MESSAGE][PASSED] - Delayed 2 second(s)

2018-05-21 20:47:18 - [TEST_STEP][PASSED] - Statement - out.println("BatchQty : " + batchqty): null

2018-05-21 20:47:18 - [TEST_STEP][PASSED] - Statement - out.println("RQty : " + Rqty): null

2018-05-21 20:47:18 - [TEST_STEP][PASSED] - Statement - If (java.lang.Integer.valueOf(batchqty) >= java.lang.Integer.valueOf(Rqty)): null

2018-05-21 20:47:18 - [TEST_STEP][PASSED] - Statement - Break: null

2018-05-21 20:47:18 - [TEST_STEP][PASSED] - Statement - batchlength = new com.kms.katalon.core.testobject.TestObject(): null

2018-05-21 20:47:18 - [TEST_STEP][PASSED] - Statement - batchlength = com.kms.katalon.core.webui.keyword.WebUiBuiltInKeywords.modifyObjectProperty(batchlength, "xpath", "equals", "//*[@id = "fldvendor" + row + ""]", true): Modify property of object successfully

2018-05-21 20:47:18 - [MESSAGE][PASSED] - Modify property of object successfully

2018-05-21 20:47:18 - [TEST_STEP][PASSED] - Statement - batchsize = com.kms.katalon.core.webui.keyword.WebUiBuiltInKeywords.getNumberOfTotalOption(batchlength): 7 options of object '' counted

2018-05-21 20:47:18 - [MESSAGE][PASSED] - 7 options of object '' counted

2018-05-21 20:47:18 - [TEST_STEP][PASSED] - Statement - out.println("BatchSize : " + batchsize): null

2018-05-21 20:47:18 - [TEST_STEP][PASSED] - Statement - For ([n = 1, n <= batchsize - 1, (n++)]): null

2018-05-21 20:47:18 - [TEST_STEP][PASSED] - Statement - product = new com.kms.katalon.core.testobject.TestObject(): null

2018-05-21 20:47:18 - [TEST_STEP][PASSED] - Statement - product = com.kms.katalon.core.webui.keyword.WebUiBuiltInKeywords.modifyObjectProperty(product, "xpath", "equals", "//*[@id = "fldvendor" + row + ""]", true): Modify property of object successfully

2018-05-21 20:47:18 - [MESSAGE][PASSED] - Modify property of object successfully

2018-05-21 20:47:18 - [TEST_STEP][PASSED] - selectOptionByIndex: All options with index in [1] are selected on object ''

2018-05-21 20:47:18 - [MESSAGE][PASSED] - All options with index in [1] are selected on object ''

2018-05-21 20:47:18 - [TEST_STEP][PASSED] - Statement - batch = new com.kms.katalon.core.testobject.TestObject(): null

2018-05-21 20:47:18 - [TEST_STEP][PASSED] - Statement - batch = com.kms.katalon.core.webui.keyword.WebUiBuiltInKeywords.modifyObjectProperty(batch, "xpath", "equals", "//*[@id = "txtbthqty" + row + ""]", true): Modify property of object successfully

2018-05-21 20:47:18 - [MESSAGE][PASSED] - Modify property of object successfully

2018-05-21 20:47:18 - [TEST_STEP][PASSED] - Statement - batchqty = com.kms.katalon.core.webui.keyword.WebUiBuiltInKeywords.getAttribute(batch, "value").trim(): Attribute 'value' of object '' is: '4300'

2018-05-21 20:47:18 - [MESSAGE][PASSED] - Attribute 'value' of object '' is: '4300'

2018-05-21 20:47:18 - [TEST_STEP][PASSED] - Statement - Rqty = 100: null

2018-05-21 20:47:18 - [TEST_STEP][PASSED] - delay: Delayed 2 second(s)

2018-05-21 20:47:20 - [MESSAGE][PASSED] - Delayed 2 second(s)

2018-05-21 20:47:20 - [TEST_STEP][PASSED] - Statement - out.println("BatchQty : " + batchqty): null

2018-05-21 20:47:20 - [TEST_STEP][PASSED] - Statement - out.println("RQty : " + Rqty): null

2018-05-21 20:47:20 - [TEST_STEP][PASSED] - Statement - If (java.lang.Integer.valueOf(batchqty) >= java.lang.Integer.valueOf(Rqty)): null

2018-05-21 20:47:20 - [TEST_STEP][PASSED] - Statement - Break: null

2018-05-21 20:47:20 - [TEST_STEP][PASSED] - Statement - batchlength = new com.kms.katalon.core.testobject.TestObject(): null

2018-05-21 20:47:20 - [TEST_STEP][PASSED] - Statement - batchlength = com.kms.katalon.core.webui.keyword.WebUiBuiltInKeywords.modifyObjectProperty(batchlength, "xpath", "equals", "//*[@id = "fldvendor" + row + ""]", true): Modify property of object successfully

2018-05-21 20:47:20 - [MESSAGE][PASSED] - Modify property of object successfully

2018-05-21 20:47:20 - [TEST_STEP][PASSED] - Statement - batchsize = com.kms.katalon.core.webui.keyword.WebUiBuiltInKeywords.getNumberOfTotalOption(batchlength): 7 options of object '' counted

2018-05-21 20:47:21 - [MESSAGE][PASSED] - 7 options of object '' counted

2018-05-21 20:47:21 - [TEST_STEP][PASSED] - Statement - out.println("BatchSize : " + batchsize): null

2018-05-21 20:47:21 - [TEST_STEP][PASSED] - Statement - For ([n = 1, n <= batchsize - 1, (n++)]): null

2018-05-21 20:47:21 - [TEST_STEP][PASSED] - Statement - product = new com.kms.katalon.core.testobject.TestObject(): null

2018-05-21 20:47:21 - [TEST_STEP][PASSED] - Statement - product = com.kms.katalon.core.webui.keyword.WebUiBuiltInKeywords.modifyObjectProperty(product, "xpath", "equals", "//*[@id = "fldvendor" + row + ""]", true): Modify property of object successfully

2018-05-21 20:47:21 - [MESSAGE][PASSED] - Modify property of object successfully

2018-05-21 20:47:21 - [TEST_STEP][PASSED] - selectOptionByIndex: All options with index in [1] are selected on object ''

2018-05-21 20:47:21 - [MESSAGE][PASSED] - All options with index in [1] are selected on object ''

2018-05-21 20:47:21 - [TEST_STEP][PASSED] - Statement - batch = new com.kms.katalon.core.testobject.TestObject(): null

2018-05-21 20:47:21 - [TEST_STEP][PASSED] - Statement - batch = com.kms.katalon.core.webui.keyword.WebUiBuiltInKeywords.modifyObjectProperty(batch, "xpath", "equals", "//*[@id = "txtbthqty" + row + ""]", true): Modify property of object successfully

2018-05-21 20:47:21 - [MESSAGE][PASSED] - Modify property of object successfully

2018-05-21 20:47:21 - [TEST_STEP][PASSED] - Statement - batchqty = com.kms.katalon.core.webui.keyword.WebUiBuiltInKeywords.getAttribute(batch, "value").trim(): Attribute 'value' of object '' is: '4100'

2018-05-21 20:47:21 - [MESSAGE][PASSED] - Attribute 'value' of object '' is: '4100'

2018-05-21 20:47:21 - [TEST_STEP][PASSED] - Statement - Rqty = 100: null

2018-05-21 20:47:21 - [TEST_STEP][PASSED] - delay: Delayed 2 second(s)

2018-05-21 20:47:23 - [MESSAGE][PASSED] - Delayed 2 second(s)

2018-05-21 20:47:23 - [TEST_STEP][PASSED] - Statement - out.println("BatchQty : " + batchqty): null

2018-05-21 20:47:23 - [TEST_STEP][PASSED] - Statement - out.println("RQty : " + Rqty): null

2018-05-21 20:47:23 - [TEST_STEP][PASSED] - Statement - If (java.lang.Integer.valueOf(batchqty) >= java.lang.Integer.valueOf(Rqty)): null

2018-05-21 20:47:23 - [TEST_STEP][PASSED] - Statement - Break: null

2018-05-21 20:47:23 - [TEST_STEP][PASSED] - Statement - batchlength = new com.kms.katalon.core.testobject.TestObject(): null

2018-05-21 20:47:23 - [TEST_STEP][PASSED] - Statement - batchlength = com.kms.katalon.core.webui.keyword.WebUiBuiltInKeywords.modifyObjectProperty(batchlength, "xpath", "equals", "//*[@id = "fldvendor" + row + ""]", true): Modify property of object successfully

2018-05-21 20:47:23 - [MESSAGE][PASSED] - Modify property of object successfully

2018-05-21 20:47:23 - [TEST_STEP][PASSED] - Statement - batchsize = com.kms.katalon.core.webui.keyword.WebUiBuiltInKeywords.getNumberOfTotalOption(batchlength): 6 options of object '' counted

2018-05-21 20:47:23 - [MESSAGE][PASSED] - 6 options of object '' counted

2018-05-21 20:47:23 - [TEST_STEP][PASSED] - Statement - out.println("BatchSize : " + batchsize): null

2018-05-21 20:47:23 - [TEST_STEP][PASSED] - Statement - For ([n = 1, n <= batchsize - 1, (n++)]): null

2018-05-21 20:47:23 - [TEST_STEP][PASSED] - Statement - product = new com.kms.katalon.core.testobject.TestObject(): null

2018-05-21 20:47:23 - [TEST_STEP][PASSED] - Statement - product = com.kms.katalon.core.webui.keyword.WebUiBuiltInKeywords.modifyObjectProperty(product, "xpath", "equals", "//*[@id = "fldvendor" + row + ""]", true): Modify property of object successfully

2018-05-21 20:47:23 - [MESSAGE][PASSED] - Modify property of object successfully

2018-05-21 20:47:23 - [TEST_STEP][PASSED] - selectOptionByIndex: All options with index in [1] are selected on object ''

2018-05-21 20:47:23 - [MESSAGE][PASSED] - All options with index in [1] are selected on object ''

2018-05-21 20:47:23 - [TEST_STEP][PASSED] - Statement - batch = new com.kms.katalon.core.testobject.TestObject(): null

2018-05-21 20:47:23 - [TEST_STEP][PASSED] - Statement - batch = com.kms.katalon.core.webui.keyword.WebUiBuiltInKeywords.modifyObjectProperty(batch, "xpath", "equals", "//*[@id = "txtbthqty" + row + ""]", true): Modify property of object successfully

2018-05-21 20:47:23 - [MESSAGE][PASSED] - Modify property of object successfully

2018-05-21 20:47:23 - [TEST_STEP][PASSED] - Statement - batchqty = com.kms.katalon.core.webui.keyword.WebUiBuiltInKeywords.getAttribute(batch, "value").trim(): Attribute 'value' of object '' is: '4300'

2018-05-21 20:47:23 - [MESSAGE][PASSED] - Attribute 'value' of object '' is: '4300'

2018-05-21 20:47:23 - [TEST_STEP][PASSED] - Statement - Rqty = 100: null

2018-05-21 20:47:23 - [TEST_STEP][PASSED] - delay: Delayed 2 second(s)

2018-05-21 20:47:25 - [MESSAGE][PASSED] - Delayed 2 second(s)

2018-05-21 20:47:25 - [TEST_STEP][PASSED] - Statement - out.println("BatchQty : " + batchqty): null

2018-05-21 20:47:25 - [TEST_STEP][PASSED] - Statement - out.println("RQty : " + Rqty): null

2018-05-21 20:47:25 - [TEST_STEP][PASSED] - Statement - If (java.lang.Integer.valueOf(batchqty) >= java.lang.Integer.valueOf(Rqty)): null

2018-05-21 20:47:25 - [TEST_STEP][PASSED] - Statement - Break: null

2018-05-21 20:47:25 - [TEST_STEP][PASSED] - Statement - batchlength = new com.kms.katalon.core.testobject.TestObject(): null

2018-05-21 20:47:25 - [TEST_STEP][PASSED] - Statement - batchlength = com.kms.katalon.core.webui.keyword.WebUiBuiltInKeywords.modifyObjectProperty(batchlength, "xpath", "equals", "//*[@id = "fldvendor" + row + ""]", true): Modify property of object successfully

2018-05-21 20:47:25 - [MESSAGE][PASSED] - Modify property of object successfully

2018-05-21 20:47:25 - [TEST_STEP][PASSED] - Statement - batchsize = com.kms.katalon.core.webui.keyword.WebUiBuiltInKeywords.getNumberOfTotalOption(batchlength): 7 options of object '' counted

2018-05-21 20:47:25 - [MESSAGE][PASSED] - 7 options of object '' counted

2018-05-21 20:47:25 - [TEST_STEP][PASSED] - Statement - out.println("BatchSize : " + batchsize): null

2018-05-21 20:47:25 - [TEST_STEP][PASSED] - Statement - For ([n = 1, n <= batchsize - 1, (n++)]): null

2018-05-21 20:47:25 - [TEST_STEP][PASSED] - Statement - product = new com.kms.katalon.core.testobject.TestObject(): null

2018-05-21 20:47:25 - [TEST_STEP][PASSED] - Statement - product = com.kms.katalon.core.webui.keyword.WebUiBuiltInKeywords.modifyObjectProperty(product, "xpath", "equals", "//*[@id = "fldvendor" + row + ""]", true): Modify property of object successfully

2018-05-21 20:47:25 - [MESSAGE][PASSED] - Modify property of object successfully

2018-05-21 20:47:25 - [TEST_STEP][PASSED] - selectOptionByIndex: All options with index in [1] are selected on object ''

2018-05-21 20:47:25 - [MESSAGE][PASSED] - All options with index in [1] are selected on object ''

2018-05-21 20:47:25 - [TEST_STEP][PASSED] - Statement - batch = new com.kms.katalon.core.testobject.TestObject(): null

2018-05-21 20:47:25 - [TEST_STEP][PASSED] - Statement - batch = com.kms.katalon.core.webui.keyword.WebUiBuiltInKeywords.modifyObjectProperty(batch, "xpath", "equals", "//*[@id = "txtbthqty" + row + ""]", true): Modify property of object successfully

2018-05-21 20:47:25 - [MESSAGE][PASSED] - Modify property of object successfully

2018-05-21 20:47:25 - [TEST_STEP][PASSED] - Statement - batchqty = com.kms.katalon.core.webui.keyword.WebUiBuiltInKeywords.getAttribute(batch, "value").trim(): Attribute 'value' of object '' is: '4200'

2018-05-21 20:47:25 - [MESSAGE][PASSED] - Attribute 'value' of object '' is: '4200'

2018-05-21 20:47:25 - [TEST_STEP][PASSED] - Statement - Rqty = 100: null

2018-05-21 20:47:25 - [TEST_STEP][PASSED] - delay: Delayed 2 second(s)

2018-05-21 20:47:27 - [MESSAGE][PASSED] - Delayed 2 second(s)

2018-05-21 20:47:27 - [TEST_STEP][PASSED] - Statement - out.println("BatchQty : " + batchqty): null

2018-05-21 20:47:27 - [TEST_STEP][PASSED] - Statement - out.println("RQty : " + Rqty): null

2018-05-21 20:47:27 - [TEST_STEP][PASSED] - Statement - If (java.lang.Integer.valueOf(batchqty) >= java.lang.Integer.valueOf(Rqty)): null

2018-05-21 20:47:27 - [TEST_STEP][PASSED] - Statement - Break: null

2018-05-21 20:47:27 - [TEST_STEP][PASSED] - Statement - batchlength = new com.kms.katalon.core.testobject.TestObject(): null

2018-05-21 20:47:27 - [TEST_STEP][PASSED] - Statement - batchlength = com.kms.katalon.core.webui.keyword.WebUiBuiltInKeywords.modifyObjectProperty(batchlength, "xpath", "equals", "//*[@id = "fldvendor" + row + ""]", true): Modify property of object successfully

2018-05-21 20:47:27 - [MESSAGE][PASSED] - Modify property of object successfully

2018-05-21 20:47:27 - [TEST_STEP][PASSED] - Statement - batchsize = com.kms.katalon.core.webui.keyword.WebUiBuiltInKeywords.getNumberOfTotalOption(batchlength): 7 options of object '' counted

2018-05-21 20:47:27 - [MESSAGE][PASSED] - 7 options of object '' counted

2018-05-21 20:47:27 - [TEST_STEP][PASSED] - Statement - out.println("BatchSize : " + batchsize): null

2018-05-21 20:47:27 - [TEST_STEP][PASSED] - Statement - For ([n = 1, n <= batchsize - 1, (n++)]): null

2018-05-21 20:47:27 - [TEST_STEP][PASSED] - Statement - product = new com.kms.katalon.core.testobject.TestObject(): null

2018-05-21 20:47:27 - [TEST_STEP][PASSED] - Statement - product = com.kms.katalon.core.webui.keyword.WebUiBuiltInKeywords.modifyObjectProperty(product, "xpath", "equals", "//*[@id = "fldvendor" + row + ""]", true): Modify property of object successfully

2018-05-21 20:47:27 - [MESSAGE][PASSED] - Modify property of object successfully

2018-05-21 20:47:27 - [TEST_STEP][PASSED] - selectOptionByIndex: All options with index in [1] are selected on object ''

2018-05-21 20:47:27 - [MESSAGE][PASSED] - All options with index in [1] are selected on object ''

2018-05-21 20:47:27 - [TEST_STEP][PASSED] - Statement - batch = new com.kms.katalon.core.testobject.TestObject(): null

2018-05-21 20:47:27 - [TEST_STEP][PASSED] - Statement - batch = com.kms.katalon.core.webui.keyword.WebUiBuiltInKeywords.modifyObjectProperty(batch, "xpath", "equals", "//*[@id = "txtbthqty" + row + ""]", true): Modify property of object successfully

2018-05-21 20:47:27 - [MESSAGE][PASSED] - Modify property of object successfully

2018-05-21 20:47:27 - [TEST_STEP][PASSED] - Statement - batchqty = com.kms.katalon.core.webui.keyword.WebUiBuiltInKeywords.getAttribute(batch, "value").trim(): Attribute 'value' of object '' is: '4300'

2018-05-21 20:47:27 - [MESSAGE][PASSED] - Attribute 'value' of object '' is: '4300'

2018-05-21 20:47:27 - [TEST_STEP][PASSED] - Statement - Rqty = 100: null

2018-05-21 20:47:27 - [TEST_STEP][PASSED] - delay: Delayed 2 second(s)

2018-05-21 20:47:29 - [MESSAGE][PASSED] - Delayed 2 second(s)

2018-05-21 20:47:29 - [TEST_STEP][PASSED] - Statement - out.println("BatchQty : " + batchqty): null

2018-05-21 20:47:29 - [TEST_STEP][PASSED] - Statement - out.println("RQty : " + Rqty): null

2018-05-21 20:47:29 - [TEST_STEP][PASSED] - Statement - If (java.lang.Integer.valueOf(batchqty) >= java.lang.Integer.valueOf(Rqty)): null

2018-05-21 20:47:29 - [TEST_STEP][PASSED] - Statement - Break: null

2018-05-21 20:47:29 - [TEST_STEP][PASSED] - Statement - batchlength = new com.kms.katalon.core.testobject.TestObject(): null

2018-05-21 20:47:29 - [TEST_STEP][PASSED] - Statement - batchlength = com.kms.katalon.core.webui.keyword.WebUiBuiltInKeywords.modifyObjectProperty(batchlength, "xpath", "equals", "//*[@id = "fldvendor" + row + ""]", true): Modify property of object successfully

2018-05-21 20:47:29 - [MESSAGE][PASSED] - Modify property of object successfully

2018-05-21 20:47:29 - [TEST_STEP][PASSED] - Statement - batchsize = com.kms.katalon.core.webui.keyword.WebUiBuiltInKeywords.getNumberOfTotalOption(batchlength): 7 options of object '' counted

2018-05-21 20:47:29 - [MESSAGE][PASSED] - 7 options of object '' counted

2018-05-21 20:47:29 - [TEST_STEP][PASSED] - Statement - out.println("BatchSize : " + batchsize): null

2018-05-21 20:47:29 - [TEST_STEP][PASSED] - Statement - For ([n = 1, n <= batchsize - 1, (n++)]): null

2018-05-21 20:47:29 - [TEST_STEP][PASSED] - Statement - product = new com.kms.katalon.core.testobject.TestObject(): null

2018-05-21 20:47:29 - [TEST_STEP][PASSED] - Statement - product = com.kms.katalon.core.webui.keyword.WebUiBuiltInKeywords.modifyObjectProperty(product, "xpath", "equals", "//*[@id = "fldvendor" + row + ""]", true): Modify property of object successfully

2018-05-21 20:47:30 - [MESSAGE][PASSED] - Modify property of object successfully

2018-05-21 20:47:30 - [TEST_STEP][PASSED] - selectOptionByIndex: All options with index in [1] are selected on object ''

2018-05-21 20:47:30 - [MESSAGE][PASSED] - All options with index in [1] are selected on object ''

2018-05-21 20:47:30 - [TEST_STEP][PASSED] - Statement - batch = new com.kms.katalon.core.testobject.TestObject(): null

2018-05-21 20:47:30 - [TEST_STEP][PASSED] - Statement - batch = com.kms.katalon.core.webui.keyword.WebUiBuiltInKeywords.modifyObjectProperty(batch, "xpath", "equals", "//*[@id = "txtbthqty" + row + ""]", true): Modify property of object successfully

2018-05-21 20:47:30 - [MESSAGE][PASSED] - Modify property of object successfully

2018-05-21 20:47:30 - [TEST_STEP][PASSED] - Statement - batchqty = com.kms.katalon.core.webui.keyword.WebUiBuiltInKeywords.getAttribute(batch, "value").trim(): Attribute 'value' of object '' is: '4100'

2018-05-21 20:47:30 - [MESSAGE][PASSED] - Attribute 'value' of object '' is: '4100'

2018-05-21 20:47:30 - [TEST_STEP][PASSED] - Statement - Rqty = 100: null

2018-05-21 20:47:30 - [TEST_STEP][PASSED] - delay: Delayed 2 second(s)

2018-05-21 20:47:32 - [MESSAGE][PASSED] - Delayed 2 second(s)

2018-05-21 20:47:32 - [TEST_STEP][PASSED] - Statement - out.println("BatchQty : " + batchqty): null

2018-05-21 20:47:32 - [TEST_STEP][PASSED] - Statement - out.println("RQty : " + Rqty): null

2018-05-21 20:47:32 - [TEST_STEP][PASSED] - Statement - If (java.lang.Integer.valueOf(batchqty) >= java.lang.Integer.valueOf(Rqty)): null

2018-05-21 20:47:32 - [TEST_STEP][PASSED] - Statement - Break: null

2018-05-21 20:47:32 - [TEST_STEP][PASSED] - Statement - batchlength = new com.kms.katalon.core.testobject.TestObject(): null

2018-05-21 20:47:32 - [TEST_STEP][PASSED] - Statement - batchlength = com.kms.katalon.core.webui.keyword.WebUiBuiltInKeywords.modifyObjectProperty(batchlength, "xpath", "equals", "//*[@id = "fldvendor" + row + ""]", true): Modify property of object successfully

2018-05-21 20:47:32 - [MESSAGE][PASSED] - Modify property of object successfully

2018-05-21 20:47:32 - [TEST_STEP][PASSED] - Statement - batchsize = com.kms.katalon.core.webui.keyword.WebUiBuiltInKeywords.getNumberOfTotalOption(batchlength): 6 options of object '' counted

2018-05-21 20:47:32 - [MESSAGE][PASSED] - 6 options of object '' counted

2018-05-21 20:47:32 - [TEST_STEP][PASSED] - Statement - out.println("BatchSize : " + batchsize): null

2018-05-21 20:47:32 - [TEST_STEP][PASSED] - Statement - For ([n = 1, n <= batchsize - 1, (n++)]): null

2018-05-21 20:47:32 - [TEST_STEP][PASSED] - Statement - product = new com.kms.katalon.core.testobject.TestObject(): null

2018-05-21 20:47:32 - [TEST_STEP][PASSED] - Statement - product = com.kms.katalon.core.webui.keyword.WebUiBuiltInKeywords.modifyObjectProperty(product, "xpath", "equals", "//*[@id = "fldvendor" + row + ""]", true): Modify property of object successfully

2018-05-21 20:47:32 - [MESSAGE][PASSED] - Modify property of object successfully

2018-05-21 20:47:32 - [TEST_STEP][PASSED] - selectOptionByIndex: All options with index in [1] are selected on object ''

2018-05-21 20:47:32 - [MESSAGE][PASSED] - All options with index in [1] are selected on object ''

2018-05-21 20:47:32 - [TEST_STEP][PASSED] - Statement - batch = new com.kms.katalon.core.testobject.TestObject(): null

2018-05-21 20:47:32 - [TEST_STEP][PASSED] - Statement - batch = com.kms.katalon.core.webui.keyword.WebUiBuiltInKeywords.modifyObjectProperty(batch, "xpath", "equals", "//*[@id = "txtbthqty" + row + ""]", true): Modify property of object successfully

2018-05-21 20:47:32 - [MESSAGE][PASSED] - Modify property of object successfully

2018-05-21 20:47:32 - [TEST_STEP][PASSED] - Statement - batchqty = com.kms.katalon.core.webui.keyword.WebUiBuiltInKeywords.getAttribute(batch, "value").trim(): Attribute 'value' of object '' is: '4300'

2018-05-21 20:47:32 - [MESSAGE][PASSED] - Attribute 'value' of object '' is: '4300'

2018-05-21 20:47:32 - [TEST_STEP][PASSED] - Statement - Rqty = 100: null

2018-05-21 20:47:32 - [TEST_STEP][PASSED] - delay: Delayed 2 second(s)

2018-05-21 20:47:34 - [MESSAGE][PASSED] - Delayed 2 second(s)

2018-05-21 20:47:34 - [TEST_STEP][PASSED] - Statement - out.println("BatchQty : " + batchqty): null

2018-05-21 20:47:34 - [TEST_STEP][PASSED] - Statement - out.println("RQty : " + Rqty): null

2018-05-21 20:47:34 - [TEST_STEP][PASSED] - Statement - If (java.lang.Integer.valueOf(batchqty) >= java.lang.Integer.valueOf(Rqty)): null

2018-05-21 20:47:34 - [TEST_STEP][PASSED] - Statement - Break: null

2018-05-21 20:47:34 - [TEST_STEP][PASSED] - Statement - batchlength = new com.kms.katalon.core.testobject.TestObject(): null

2018-05-21 20:47:34 - [TEST_STEP][PASSED] - Statement - batchlength = com.kms.katalon.core.webui.keyword.WebUiBuiltInKeywords.modifyObjectProperty(batchlength, "xpath", "equals", "//*[@id = "fldvendor" + row + ""]", true): Modify property of object successfully

2018-05-21 20:47:34 - [MESSAGE][PASSED] - Modify property of object successfully

2018-05-21 20:47:34 - [TEST_STEP][PASSED] - Statement - batchsize = com.kms.katalon.core.webui.keyword.WebUiBuiltInKeywords.getNumberOfTotalOption(batchlength): 6 options of object '' counted

2018-05-21 20:47:34 - [MESSAGE][PASSED] - 6 options of object '' counted

2018-05-21 20:47:34 - [TEST_STEP][PASSED] - Statement - out.println("BatchSize : " + batchsize): null

2018-05-21 20:47:34 - [TEST_STEP][PASSED] - Statement - For ([n = 1, n <= batchsize - 1, (n++)]): null

2018-05-21 20:47:34 - [TEST_STEP][PASSED] - Statement - product = new com.kms.katalon.core.testobject.TestObject(): null

2018-05-21 20:47:34 - [TEST_STEP][PASSED] - Statement - product = com.kms.katalon.core.webui.keyword.WebUiBuiltInKeywords.modifyObjectProperty(product, "xpath", "equals", "//*[@id = "fldvendor" + row + ""]", true): Modify property of object successfully

2018-05-21 20:47:34 - [MESSAGE][PASSED] - Modify property of object successfully

2018-05-21 20:47:34 - [TEST_STEP][PASSED] - selectOptionByIndex: All options with index in [1] are selected on object ''

2018-05-21 20:47:34 - [MESSAGE][PASSED] - All options with index in [1] are selected on object ''

2018-05-21 20:47:34 - [TEST_STEP][PASSED] - Statement - batch = new com.kms.katalon.core.testobject.TestObject(): null

2018-05-21 20:47:34 - [TEST_STEP][PASSED] - Statement - batch = com.kms.katalon.core.webui.keyword.WebUiBuiltInKeywords.modifyObjectProperty(batch, "xpath", "equals", "//*[@id = "txtbthqty" + row + ""]", true): Modify property of object successfully

2018-05-21 20:47:34 - [MESSAGE][PASSED] - Modify property of object successfully

2018-05-21 20:47:34 - [TEST_STEP][PASSED] - Statement - batchqty = com.kms.katalon.core.webui.keyword.WebUiBuiltInKeywords.getAttribute(batch, "value").trim(): Attribute 'value' of object '' is: '39200'

2018-05-21 20:47:34 - [MESSAGE][PASSED] - Attribute 'value' of object '' is: '39200'

2018-05-21 20:47:34 - [TEST_STEP][PASSED] - Statement - Rqty = 100: null

2018-05-21 20:47:34 - [TEST_STEP][PASSED] - delay: Delayed 2 second(s)

2018-05-21 20:47:36 - [MESSAGE][PASSED] - Delayed 2 second(s)

2018-05-21 20:47:36 - [TEST_STEP][PASSED] - Statement - out.println("BatchQty : " + batchqty): null

2018-05-21 20:47:36 - [TEST_STEP][PASSED] - Statement - out.println("RQty : " + Rqty): null

2018-05-21 20:47:36 - [TEST_STEP][PASSED] - Statement - If (java.lang.Integer.valueOf(batchqty) >= java.lang.Integer.valueOf(Rqty)): null

2018-05-21 20:47:36 - [TEST_STEP][PASSED] - Statement - Break: null

2018-05-21 20:47:36 - [TEST_STEP][PASSED] - Statement - batchlength = new com.kms.katalon.core.testobject.TestObject(): null

2018-05-21 20:47:36 - [TEST_STEP][PASSED] - Statement - batchlength = com.kms.katalon.core.webui.keyword.WebUiBuiltInKeywords.modifyObjectProperty(batchlength, "xpath", "equals", "//*[@id = "fldvendor" + row + ""]", true): Modify property of object successfully

2018-05-21 20:47:36 - [MESSAGE][PASSED] - Modify property of object successfully

2018-05-21 20:47:36 - [TEST_STEP][PASSED] - Statement - batchsize = com.kms.katalon.core.webui.keyword.WebUiBuiltInKeywords.getNumberOfTotalOption(batchlength): 7 options of object '' counted

2018-05-21 20:47:36 - [MESSAGE][PASSED] - 7 options of object '' counted

2018-05-21 20:47:36 - [TEST_STEP][PASSED] - Statement - out.println("BatchSize : " + batchsize): null

2018-05-21 20:47:36 - [TEST_STEP][PASSED] - Statement - For ([n = 1, n <= batchsize - 1, (n++)]): null

2018-05-21 20:47:36 - [TEST_STEP][PASSED] - Statement - product = new com.kms.katalon.core.testobject.TestObject(): null

2018-05-21 20:47:36 - [TEST_STEP][PASSED] - Statement - product = com.kms.katalon.core.webui.keyword.WebUiBuiltInKeywords.modifyObjectProperty(product, "xpath", "equals", "//*[@id = "fldvendor" + row + ""]", true): Modify property of object successfully

2018-05-21 20:47:36 - [MESSAGE][PASSED] - Modify property of object successfully

2018-05-21 20:47:36 - [TEST_STEP][PASSED] - selectOptionByIndex: All options with index in [1] are selected on object ''

2018-05-21 20:47:36 - [MESSAGE][PASSED] - All options with index in [1] are selected on object ''

2018-05-21 20:47:36 - [TEST_STEP][PASSED] - Statement - batch = new com.kms.katalon.core.testobject.TestObject(): null

2018-05-21 20:47:36 - [TEST_STEP][PASSED] - Statement - batch = com.kms.katalon.core.webui.keyword.WebUiBuiltInKeywords.modifyObjectProperty(batch, "xpath", "equals", "//*[@id = "txtbthqty" + row + ""]", true): Modify property of object successfully

2018-05-21 20:47:36 - [MESSAGE][PASSED] - Modify property of object successfully

2018-05-21 20:47:36 - [TEST_STEP][PASSED] - Statement - batchqty = com.kms.katalon.core.webui.keyword.WebUiBuiltInKeywords.getAttribute(batch, "value").trim(): Attribute 'value' of object '' is: '4300'

2018-05-21 20:47:36 - [MESSAGE][PASSED] - Attribute 'value' of object '' is: '4300'

2018-05-21 20:47:36 - [TEST_STEP][PASSED] - Statement - Rqty = 100: null

2018-05-21 20:47:36 - [TEST_STEP][PASSED] - delay: Delayed 2 second(s)

2018-05-21 20:47:38 - [MESSAGE][PASSED] - Delayed 2 second(s)

2018-05-21 20:47:38 - [TEST_STEP][PASSED] - Statement - out.println("BatchQty : " + batchqty): null

2018-05-21 20:47:38 - [TEST_STEP][PASSED] - Statement - out.println("RQty : " + Rqty): null

2018-05-21 20:47:38 - [TEST_STEP][PASSED] - Statement - If (java.lang.Integer.valueOf(batchqty) >= java.lang.Integer.valueOf(Rqty)): null

2018-05-21 20:47:38 - [TEST_STEP][PASSED] - Statement - Break: null

2018-05-21 20:47:38 - [TEST_STEP][PASSED] - Statement - batchlength = new com.kms.katalon.core.testobject.TestObject(): null

2018-05-21 20:47:38 - [TEST_STEP][PASSED] - Statement - batchlength = com.kms.katalon.core.webui.keyword.WebUiBuiltInKeywords.modifyObjectProperty(batchlength, "xpath", "equals", "//*[@id = "fldvendor" + row + ""]", true): Modify property of object successfully

2018-05-21 20:47:38 - [MESSAGE][PASSED] - Modify property of object successfully

2018-05-21 20:47:38 - [TEST_STEP][PASSED] - Statement - batchsize = com.kms.katalon.core.webui.keyword.WebUiBuiltInKeywords.getNumberOfTotalOption(batchlength): 7 options of object '' counted

2018-05-21 20:47:38 - [MESSAGE][PASSED] - 7 options of object '' counted

2018-05-21 20:47:38 - [TEST_STEP][PASSED] - Statement - out.println("BatchSize : " + batchsize): null

2018-05-21 20:47:38 - [TEST_STEP][PASSED] - Statement - For ([n = 1, n <= batchsize - 1, (n++)]): null

2018-05-21 20:47:38 - [TEST_STEP][PASSED] - Statement - product = new com.kms.katalon.core.testobject.TestObject(): null

2018-05-21 20:47:38 - [TEST_STEP][PASSED] - Statement - product = com.kms.katalon.core.webui.keyword.WebUiBuiltInKeywords.modifyObjectProperty(product, "xpath", "equals", "//*[@id = "fldvendor" + row + ""]", true): Modify property of object successfully

2018-05-21 20:47:38 - [MESSAGE][PASSED] - Modify property of object successfully

2018-05-21 20:47:38 - [TEST_STEP][PASSED] - selectOptionByIndex: All options with index in [1] are selected on object ''

2018-05-21 20:47:39 - [MESSAGE][PASSED] - All options with index in [1] are selected on object ''

2018-05-21 20:47:39 - [TEST_STEP][PASSED] - Statement - batch = new com.kms.katalon.core.testobject.TestObject(): null

2018-05-21 20:47:39 - [TEST_STEP][PASSED] - Statement - batch = com.kms.katalon.core.webui.keyword.WebUiBuiltInKeywords.modifyObjectProperty(batch, "xpath", "equals", "//*[@id = "txtbthqty" + row + ""]", true): Modify property of object successfully

2018-05-21 20:47:39 - [MESSAGE][PASSED] - Modify property of object successfully

2018-05-21 20:47:39 - [TEST_STEP][PASSED] - Statement - batchqty = com.kms.katalon.core.webui.keyword.WebUiBuiltInKeywords.getAttribute(batch, "value").trim(): Attribute 'value' of object '' is: '4100'

2018-05-21 20:47:39 - [MESSAGE][PASSED] - Attribute 'value' of object '' is: '4100'

2018-05-21 20:47:39 - [TEST_STEP][PASSED] - Statement - Rqty = 100: null

2018-05-21 20:47:39 - [TEST_STEP][PASSED] - delay: Delayed 2 second(s)

2018-05-21 20:47:41 - [MESSAGE][PASSED] - Delayed 2 second(s)

2018-05-21 20:47:41 - [TEST_STEP][PASSED] - Statement - out.println("BatchQty : " + batchqty): null

2018-05-21 20:47:41 - [TEST_STEP][PASSED] - Statement - out.println("RQty : " + Rqty): null

2018-05-21 20:47:41 - [TEST_STEP][PASSED] - Statement - If (java.lang.Integer.valueOf(batchqty) >= java.lang.Integer.valueOf(Rqty)): null

2018-05-21 20:47:41 - [TEST_STEP][PASSED] - Statement - Break: null

2018-05-21 20:47:41 - [TEST_STEP][PASSED] - Statement - batchlength = new com.kms.katalon.core.testobject.TestObject(): null

2018-05-21 20:47:41 - [TEST_STEP][PASSED] - Statement - batchlength = com.kms.katalon.core.webui.keyword.WebUiBuiltInKeywords.modifyObjectProperty(batchlength, "xpath", "equals", "//*[@id = "fldvendor" + row + ""]", true): Modify property of object successfully

2018-05-21 20:47:41 - [MESSAGE][PASSED] - Modify property of object successfully

2018-05-21 20:47:41 - [TEST_STEP][PASSED] - Statement - batchsize = com.kms.katalon.core.webui.keyword.WebUiBuiltInKeywords.getNumberOfTotalOption(batchlength): 7 options of object '' counted

2018-05-21 20:47:41 - [MESSAGE][PASSED] - 7 options of object '' counted

2018-05-21 20:47:41 - [TEST_STEP][PASSED] - Statement - out.println("BatchSize : " + batchsize): null

2018-05-21 20:47:41 - [TEST_STEP][PASSED] - Statement - For ([n = 1, n <= batchsize - 1, (n++)]): null

2018-05-21 20:47:41 - [TEST_STEP][PASSED] - Statement - product = new com.kms.katalon.core.testobject.TestObject(): null

2018-05-21 20:47:41 - [TEST_STEP][PASSED] - Statement - product = com.kms.katalon.core.webui.keyword.WebUiBuiltInKeywords.modifyObjectProperty(product, "xpath", "equals", "//*[@id = "fldvendor" + row + ""]", true): Modify property of object successfully

2018-05-21 20:47:41 - [MESSAGE][PASSED] - Modify property of object successfully

2018-05-21 20:47:41 - [TEST_STEP][PASSED] - selectOptionByIndex: All options with index in [1] are selected on object ''

2018-05-21 20:47:41 - [MESSAGE][PASSED] - All options with index in [1] are selected on object ''

2018-05-21 20:47:41 - [TEST_STEP][PASSED] - Statement - batch = new com.kms.katalon.core.testobject.TestObject(): null

2018-05-21 20:47:41 - [TEST_STEP][PASSED] - Statement - batch = com.kms.katalon.core.webui.keyword.WebUiBuiltInKeywords.modifyObjectProperty(batch, "xpath", "equals", "//*[@id = "txtbthqty" + row + ""]", true): Modify property of object successfully

2018-05-21 20:47:41 - [MESSAGE][PASSED] - Modify property of object successfully

2018-05-21 20:47:41 - [TEST_STEP][PASSED] - Statement - batchqty = com.kms.katalon.core.webui.keyword.WebUiBuiltInKeywords.getAttribute(batch, "value").trim(): Attribute 'value' of object '' is: '4300'

2018-05-21 20:47:41 - [MESSAGE][PASSED] - Attribute 'value' of object '' is: '4300'

2018-05-21 20:47:41 - [TEST_STEP][PASSED] - Statement - Rqty = 100: null

2018-05-21 20:47:41 - [TEST_STEP][PASSED] - delay: Delayed 2 second(s)

2018-05-21 20:47:43 - [MESSAGE][PASSED] - Delayed 2 second(s)

2018-05-21 20:47:43 - [TEST_STEP][PASSED] - Statement - out.println("BatchQty : " + batchqty): null

2018-05-21 20:47:43 - [TEST_STEP][PASSED] - Statement - out.println("RQty : " + Rqty): null

2018-05-21 20:47:43 - [TEST_STEP][PASSED] - Statement - If (java.lang.Integer.valueOf(batchqty) >= java.lang.Integer.valueOf(Rqty)): null

2018-05-21 20:47:43 - [TEST_STEP][PASSED] - Statement - Break: null

2018-05-21 20:47:43 - [TEST_STEP][PASSED] - Statement - batchlength = new com.kms.katalon.core.testobject.TestObject(): null

2018-05-21 20:47:43 - [TEST_STEP][PASSED] - Statement - batchlength = com.kms.katalon.core.webui.keyword.WebUiBuiltInKeywords.modifyObjectProperty(batchlength, "xpath", "equals", "//*[@id = "fldvendor" + row + ""]", true): Modify property of object successfully

2018-05-21 20:47:43 - [MESSAGE][PASSED] - Modify property of object successfully

2018-05-21 20:47:43 - [TEST_STEP][PASSED] - Statement - batchsize = com.kms.katalon.core.webui.keyword.WebUiBuiltInKeywords.getNumberOfTotalOption(batchlength): 6 options of object '' counted

2018-05-21 20:47:43 - [MESSAGE][PASSED] - 6 options of object '' counted

2018-05-21 20:47:43 - [TEST_STEP][PASSED] - Statement - out.println("BatchSize : " + batchsize): null

2018-05-21 20:47:43 - [TEST_STEP][PASSED] - Statement - For ([n = 1, n <= batchsize - 1, (n++)]): null

2018-05-21 20:47:43 - [TEST_STEP][PASSED] - Statement - product = new com.kms.katalon.core.testobject.TestObject(): null

2018-05-21 20:47:43 - [TEST_STEP][PASSED] - Statement - product = com.kms.katalon.core.webui.keyword.WebUiBuiltInKeywords.modifyObjectProperty(product, "xpath", "equals", "//*[@id = "fldvendor" + row + ""]", true): Modify property of object successfully

2018-05-21 20:47:43 - [MESSAGE][PASSED] - Modify property of object successfully

2018-05-21 20:47:43 - [TEST_STEP][PASSED] - selectOptionByIndex: All options with index in [1] are selected on object ''

2018-05-21 20:47:43 - [MESSAGE][PASSED] - All options with index in [1] are selected on object ''

2018-05-21 20:47:43 - [TEST_STEP][PASSED] - Statement - batch = new com.kms.katalon.core.testobject.TestObject(): null

2018-05-21 20:47:43 - [TEST_STEP][PASSED] - Statement - batch = com.kms.katalon.core.webui.keyword.WebUiBuiltInKeywords.modifyObjectProperty(batch, "xpath", "equals", "//*[@id = "txtbthqty" + row + ""]", true): Modify property of object successfully

2018-05-21 20:47:43 - [MESSAGE][PASSED] - Modify property of object successfully

2018-05-21 20:47:43 - [TEST_STEP][PASSED] - Statement - batchqty = com.kms.katalon.core.webui.keyword.WebUiBuiltInKeywords.getAttribute(batch, "value").trim(): Attribute 'value' of object '' is: '39200'

2018-05-21 20:47:43 - [MESSAGE][PASSED] - Attribute 'value' of object '' is: '39200'

2018-05-21 20:47:43 - [TEST_STEP][PASSED] - Statement - Rqty = 100: null

2018-05-21 20:47:43 - [TEST_STEP][PASSED] - delay: Delayed 2 second(s)

2018-05-21 20:47:45 - [MESSAGE][PASSED] - Delayed 2 second(s)

2018-05-21 20:47:45 - [TEST_STEP][PASSED] - Statement - out.println("BatchQty : " + batchqty): null

2018-05-21 20:47:45 - [TEST_STEP][PASSED] - Statement - out.println("RQty : " + Rqty): null

2018-05-21 20:47:45 - [TEST_STEP][PASSED] - Statement - If (java.lang.Integer.valueOf(batchqty) >= java.lang.Integer.valueOf(Rqty)): null

2018-05-21 20:47:45 - [TEST_STEP][PASSED] - Statement - Break: null

2018-05-21 20:47:45 - [TEST_STEP][PASSED] - click: Object: 'Object Repository/store Request Schedule 1/Page_KDMC - CMS/input_btndispatch' is clicked on

2018-05-21 20:47:45 - [MESSAGE][PASSED] - Object: 'Object Repository/store Request Schedule 1/Page_KDMC - CMS/input_btndispatch' is clicked on

2018-05-21 20:47:45 - [TEST_STEP][PASSED] - delay: Delayed 3 second(s)

2018-05-21 20:47:48 - [MESSAGE][PASSED] - Delayed 3 second(s)

2018-05-21 20:47:48 - [TEST_STEP][PASSED] - click: Object: 'Object Repository/store Request Schedule 1/Page_KDMC - CMS/button_OK' is clicked on

2018-05-21 20:47:49 - [MESSAGE][PASSED] - Object: 'Object Repository/store Request Schedule 1/Page_KDMC - CMS/button_OK' is clicked on

2018-05-21 20:47:49 - [TEST_STEP][PASSED] - delay: Delayed 3 second(s)

2018-05-21 20:47:52 - [MESSAGE][PASSED] - Delayed 3 second(s)

2018-05-21 20:47:52 - [TEST_STEP][PASSED] - click: Object: 'Object Repository/store Request Schedule 1/Page_KDMC - CMS/a_dropdown-toggle' is clicked on

2018-05-21 20:47:52 - [MESSAGE][PASSED] - Object: 'Object Repository/store Request Schedule 1/Page_KDMC - CMS/a_dropdown-toggle' is clicked on

2018-05-21 20:47:52 - [TEST_STEP][PASSED] - click: Object: 'Object Repository/store Request Schedule 1/Page_KDMC - CMS/a_Sign out' is clicked on

2018-05-21 20:47:52 - [MESSAGE][PASSED] - Object: 'Object Repository/store Request Schedule 1/Page_KDMC - CMS/a_Sign out' is clicked on

2018-05-21 20:47:52 - [TEST_STEP][PASSED] - delay: Delayed 3 second(s)

2018-05-21 20:47:55 - [MESSAGE][PASSED] - Delayed 3 second(s)

2018-05-21 20:47:55 - [TEST_STEP][PASSED] - click: Object: 'Object Repository/Store Request Schedule 1/Page_KDMC/a_Divisional Store' is clicked on

2018-05-21 20:47:56 - [MESSAGE][PASSED] - Object: 'Object Repository/Store Request Schedule 1/Page_KDMC/a_Divisional Store' is clicked on

2018-05-21 20:47:56 - [TEST_STEP][PASSED] - setText: Text 'ragu' is set on object 'Object Repository/Store Request Schedule 1/Page_Divisonal Store Login/input_txtusername'

2018-05-21 20:47:56 - [MESSAGE][PASSED] - Text 'ragu' is set on object 'Object Repository/Store Request Schedule 1/Page_Divisonal Store Login/input_txtusername'

2018-05-21 20:47:56 - [TEST_STEP][PASSED] - setText: Text '123' is set on object 'Object Repository/Store Request Schedule 1/Page_Divisonal Store Login/input_txtpassword'

2018-05-21 20:47:56 - [MESSAGE][PASSED] - Text '123' is set on object 'Object Repository/Store Request Schedule 1/Page_Divisonal Store Login/input_txtpassword'

2018-05-21 20:47:56 - [TEST_STEP][PASSED] - delay: Delayed 3 second(s)

2018-05-21 20:47:59 - [MESSAGE][PASSED] - Delayed 3 second(s)

2018-05-21 20:47:59 - [TEST_STEP][PASSED] - click: Object: 'Object Repository/Store Request Schedule 1/Page_Divisonal Store Login/button_Sign in' is clicked on

2018-05-21 20:48:00 - [MESSAGE][PASSED] - Object: 'Object Repository/Store Request Schedule 1/Page_Divisonal Store Login/button_Sign in' is clicked on

2018-05-21 20:48:00 - [TEST_STEP][PASSED] - delay: Delayed 3 second(s)

2018-05-21 20:48:03 - [MESSAGE][PASSED] - Delayed 3 second(s)

2018-05-21 20:48:03 - [TEST_STEP][PASSED] - click: Object: 'Object Repository/Store Request Schedule 1/Page_Store/a_CMS' is clicked on

2018-05-21 20:48:03 - [MESSAGE][PASSED] - Object: 'Object Repository/Store Request Schedule 1/Page_Store/a_CMS' is clicked on

2018-05-21 20:48:03 - [TEST_STEP][PASSED] - delay: Delayed 2 second(s)

2018-05-21 20:48:05 - [MESSAGE][PASSED] - Delayed 2 second(s)

2018-05-21 20:48:05 - [TEST_STEP][PASSED] - click: Object: 'Object Repository/Store Request Schedule 1/Page_Store/a_Receiving Goods' is clicked on

2018-05-21 20:48:06 - [MESSAGE][PASSED] - Object: 'Object Repository/Store Request Schedule 1/Page_Store/a_Receiving Goods' is clicked on

2018-05-21 20:48:06 - [TEST_STEP][PASSED] - setText: Text 'PRNO/21052018/333' is set on object 'Object Repository/Store Request Schedule 1/Page_Store/input'

2018-05-21 20:48:06 - [MESSAGE][PASSED] - Text 'PRNO/21052018/333' is set on object 'Object Repository/Store Request Schedule 1/Page_Store/input'

2018-05-21 20:48:06 - [TEST_STEP][PASSED] - click: Object: 'Object Repository/Store Request Schedule 1/Page_Store/input_btn btn-primary' is clicked on

2018-05-21 20:48:06 - [MESSAGE][PASSED] - Object: 'Object Repository/Store Request Schedule 1/Page_Store/input_btn btn-primary' is clicked on

2018-05-21 20:48:06 - [TEST_STEP][PASSED] - delay: Delayed 2 second(s)

2018-05-21 20:48:08 - [MESSAGE][PASSED] - Delayed 2 second(s)

2018-05-21 20:48:08 - [TEST_STEP][PASSED] - click: Object: 'Object Repository/Store Request Schedule 1/Page_Store/input_chkrem' is clicked on

2018-05-21 20:48:08 - [MESSAGE][PASSED] - Object: 'Object Repository/Store Request Schedule 1/Page_Store/input_chkrem' is clicked on

2018-05-21 20:48:08 - [TEST_STEP][PASSED] - scrollToElement: Scroll to object 'Object Repository/Store Request Schedule 1/Page_Store/input_btchkroqadd' successfully

2018-05-21 20:48:09 - [MESSAGE][PASSED] - Scroll to object 'Object Repository/Store Request Schedule 1/Page_Store/input_btchkroqadd' successfully

2018-05-21 20:48:09 - [TEST_STEP][PASSED] - click: Object: 'Object Repository/Store Request Schedule 1/Page_Store/input_btchkroqadd' is clicked on

2018-05-21 20:48:09 - [MESSAGE][PASSED] - Object: 'Object Repository/Store Request Schedule 1/Page_Store/input_btchkroqadd' is clicked on

2018-05-21 20:48:09 - [TEST_STEP][PASSED] - delay: Delayed 2 second(s)

2018-05-21 20:48:11 - [MESSAGE][PASSED] - Delayed 2 second(s)

2018-05-21 20:48:11 - [TEST_STEP][PASSED] - refresh: Refresh successfully

2018-05-21 20:48:11 - [MESSAGE][PASSED] - Refresh successfully

2018-05-21 20:48:11 - [TEST_STEP][PASSED] - delay: Delayed 3 second(s)

2018-05-21 20:48:14 - [MESSAGE][PASSED] - Delayed 3 second(s)

2018-05-21 20:48:14 - [TEST_STEP][PASSED] - click: Object: 'Object Repository/Store Request Schedule 1/Page_Store/a_dropdown-toggle' is clicked on

2018-05-21 20:48:14 - [MESSAGE][PASSED] - Object: 'Object Repository/Store Request Schedule 1/Page_Store/a_dropdown-toggle' is clicked on

2018-05-21 20:48:14 - [TEST_STEP][PASSED] - click: Object: 'Object Repository/Store Request Schedule 1/Page_Store/a_Sign out' is clicked on

2018-05-21 20:48:15 - [MESSAGE][PASSED] - Object: 'Object Repository/Store Request Schedule 1/Page_Store/a_Sign out' is clicked on

2018-05-21 20:48:15 - [TEST_STEP][PASSED] - closeBrowser: Browser is closed

2018-05-21 20:48:15 - [MESSAGE][PASSED] - Browser is closed

2018-05-21 20:48:15 - [TEST_STEP][PASSED] - Statement - out.println("Schedule 6 STORE Request Are Working Successfully"): null]]></system-out>
         <system-err><![CDATA[]]></system-err>
      </testcase>
      <testcase name="Test Cases/STORE TO CMS REQUEST TEST CASES/TC_STCMS_007 To Verify Schedule 7 Store To CMS Request Are Working Successfully Or Not" classname="Test Cases/STORE TO CMS REQUEST TEST CASES/TC_STCMS_007 To Verify Schedule 7 Store To CMS Request Are Working Successfully Or Not" status="PASSED">
         <system-out><![CDATA[2018-05-21 20:48:15 - [TEST_CASE][PASSED] - Test Cases/STORE TO CMS REQUEST TEST CASES/TC_STCMS_007 To Verify Schedule 7 Store To CMS Request Are Working Successfully Or Not: Test Cases/STORE TO CMS REQUEST TEST CASES/TC_STCMS_007 To Verify Schedule 7 Store To CMS Request Are Working Successfully Or Not

2018-05-21 20:48:16 - [TEST_STEP][PASSED] - openBrowser: Browser is opened with url: ''

2018-05-21 20:48:18 - [MESSAGE][PASSED] - Browser is opened with url: ''

2018-05-21 20:48:18 - [TEST_STEP][PASSED] - Statement - out.println("Verify Schedule 7 STORE Request Are Working Successfully Or Not"): null

2018-05-21 20:48:18 - [TEST_STEP][PASSED] - navigateToUrl: Navigate to 'http://192.168.137.1/multihospital_new/' successfully

2018-05-21 20:48:19 - [MESSAGE][PASSED] - Navigate to 'http://192.168.137.1/multihospital_new/' successfully

2018-05-21 20:48:19 - [TEST_STEP][PASSED] - maximizeWindow: Current window maximized

2018-05-21 20:48:21 - [MESSAGE][PASSED] - Current window maximized

2018-05-21 20:48:21 - [TEST_STEP][PASSED] - click: Object: 'Object Repository/Store Request Schedule 1/Page_KDMC/a_Divisional Store' is clicked on

2018-05-21 20:48:21 - [MESSAGE][PASSED] - Object: 'Object Repository/Store Request Schedule 1/Page_KDMC/a_Divisional Store' is clicked on

2018-05-21 20:48:21 - [TEST_STEP][PASSED] - setText: Text 'ragu' is set on object 'Object Repository/Store Request Schedule 1/Page_Divisonal Store Login/input_txtusername'

2018-05-21 20:48:22 - [MESSAGE][PASSED] - Text 'ragu' is set on object 'Object Repository/Store Request Schedule 1/Page_Divisonal Store Login/input_txtusername'

2018-05-21 20:48:22 - [TEST_STEP][PASSED] - setText: Text '123' is set on object 'Object Repository/Store Request Schedule 1/Page_Divisonal Store Login/input_txtpassword'

2018-05-21 20:48:22 - [MESSAGE][PASSED] - Text '123' is set on object 'Object Repository/Store Request Schedule 1/Page_Divisonal Store Login/input_txtpassword'

2018-05-21 20:48:22 - [TEST_STEP][PASSED] - delay: Delayed 3 second(s)

2018-05-21 20:48:25 - [MESSAGE][PASSED] - Delayed 3 second(s)

2018-05-21 20:48:25 - [TEST_STEP][PASSED] - click: Object: 'Object Repository/Store Request Schedule 1/Page_Divisonal Store Login/button_Sign in' is clicked on

2018-05-21 20:48:26 - [MESSAGE][PASSED] - Object: 'Object Repository/Store Request Schedule 1/Page_Divisonal Store Login/button_Sign in' is clicked on

2018-05-21 20:48:26 - [TEST_STEP][PASSED] - delay: Delayed 3 second(s)

2018-05-21 20:48:29 - [MESSAGE][PASSED] - Delayed 3 second(s)

2018-05-21 20:48:29 - [TEST_STEP][PASSED] - click: Object: 'Object Repository/Store Request Schedule 1/Page_Store/a_CMS' is clicked on

2018-05-21 20:48:29 - [MESSAGE][PASSED] - Object: 'Object Repository/Store Request Schedule 1/Page_Store/a_CMS' is clicked on

2018-05-21 20:48:29 - [TEST_STEP][PASSED] - delay: Delayed 2 second(s)

2018-05-21 20:48:31 - [MESSAGE][PASSED] - Delayed 2 second(s)

2018-05-21 20:48:31 - [TEST_STEP][PASSED] - click: Object: 'Object Repository/Store Request Schedule 1/Page_Store/a_Request Send' is clicked on

2018-05-21 20:48:32 - [MESSAGE][PASSED] - Object: 'Object Repository/Store Request Schedule 1/Page_Store/a_Request Send' is clicked on

2018-05-21 20:48:32 - [TEST_STEP][PASSED] - selectOptionByIndex: All options with index in [1] are selected on object 'Object Repository/Store Request Schedule 1/Page_Store/select_--Select--'

2018-05-21 20:48:32 - [MESSAGE][PASSED] - All options with index in [1] are selected on object 'Object Repository/Store Request Schedule 1/Page_Store/select_--Select--'

2018-05-21 20:48:32 - [TEST_STEP][PASSED] - selectOptionByIndex: All options with index in [7] are selected on object 'Object Repository/Store Request Schedule 1/Page_Store/select_--Select--Schedule 1Inj'

2018-05-21 20:48:32 - [MESSAGE][PASSED] - All options with index in [7] are selected on object 'Object Repository/Store Request Schedule 1/Page_Store/select_--Select--Schedule 1Inj'

2018-05-21 20:48:32 - [TEST_STEP][PASSED] - Statement - SelectedOptions = com.kms.katalon.core.webui.keyword.WebUiBuiltInKeywords.getNumberOfTotalOption(com.kms.katalon.core.testobject.ObjectRepository.findTestObject(Store Request Schedule 1/Page_Store/select_--Select--Adernaline 0.)): 24 options of object 'Object Repository/Store Request Schedule 1/Page_Store/select_--Select--Adernaline 0.' counted

2018-05-21 20:48:33 - [MESSAGE][PASSED] - 24 options of object 'Object Repository/Store Request Schedule 1/Page_Store/select_--Select--Adernaline 0.' counted

2018-05-21 20:48:33 - [TEST_STEP][PASSED] - Statement - For ([y = 1, y < SelectedOptions, (y++)]): Object: 'Object Repository/Store Request Schedule 1/Page_Store/button_Add' is clicked on

2018-05-21 20:48:33 - [TEST_STEP][PASSED] - selectOptionByIndex: All options with index in [7] are selected on object 'Object Repository/Store Request Schedule 1/Page_Store/select_--Select--Schedule 1Inj'

2018-05-21 20:48:33 - [MESSAGE][PASSED] - All options with index in [7] are selected on object 'Object Repository/Store Request Schedule 1/Page_Store/select_--Select--Schedule 1Inj'

2018-05-21 20:48:33 - [TEST_STEP][PASSED] - delay: Delayed 1 second(s)

2018-05-21 20:48:34 - [MESSAGE][PASSED] - Delayed 1 second(s)

2018-05-21 20:48:34 - [TEST_STEP][PASSED] - selectOptionByIndex: All options with index in [1] are selected on object 'Object Repository/Store Request Schedule 1/Page_Store/select_--Select--Adernaline 0.'

2018-05-21 20:48:34 - [MESSAGE][PASSED] - All options with index in [1] are selected on object 'Object Repository/Store Request Schedule 1/Page_Store/select_--Select--Adernaline 0.'

2018-05-21 20:48:34 - [TEST_STEP][PASSED] - setText: Text '100' is set on object 'Object Repository/Store Request Schedule 1/Page_Store/input_txttreat'

2018-05-21 20:48:34 - [MESSAGE][PASSED] - Text '100' is set on object 'Object Repository/Store Request Schedule 1/Page_Store/input_txttreat'

2018-05-21 20:48:34 - [TEST_STEP][PASSED] - click: Object: 'Object Repository/Store Request Schedule 1/Page_Store/button_Add' is clicked on

2018-05-21 20:48:34 - [MESSAGE][PASSED] - Object: 'Object Repository/Store Request Schedule 1/Page_Store/button_Add' is clicked on

2018-05-21 20:48:34 - [TEST_STEP][PASSED] - selectOptionByIndex: All options with index in [7] are selected on object 'Object Repository/Store Request Schedule 1/Page_Store/select_--Select--Schedule 1Inj'

2018-05-21 20:48:34 - [MESSAGE][PASSED] - All options with index in [7] are selected on object 'Object Repository/Store Request Schedule 1/Page_Store/select_--Select--Schedule 1Inj'

2018-05-21 20:48:34 - [TEST_STEP][PASSED] - delay: Delayed 1 second(s)

2018-05-21 20:48:35 - [MESSAGE][PASSED] - Delayed 1 second(s)

2018-05-21 20:48:35 - [TEST_STEP][PASSED] - selectOptionByIndex: All options with index in [2] are selected on object 'Object Repository/Store Request Schedule 1/Page_Store/select_--Select--Adernaline 0.'

2018-05-21 20:48:35 - [MESSAGE][PASSED] - All options with index in [2] are selected on object 'Object Repository/Store Request Schedule 1/Page_Store/select_--Select--Adernaline 0.'

2018-05-21 20:48:35 - [TEST_STEP][PASSED] - setText: Text '100' is set on object 'Object Repository/Store Request Schedule 1/Page_Store/input_txttreat'

2018-05-21 20:48:35 - [MESSAGE][PASSED] - Text '100' is set on object 'Object Repository/Store Request Schedule 1/Page_Store/input_txttreat'

2018-05-21 20:48:35 - [TEST_STEP][PASSED] - click: Object: 'Object Repository/Store Request Schedule 1/Page_Store/button_Add' is clicked on

2018-05-21 20:48:35 - [MESSAGE][PASSED] - Object: 'Object Repository/Store Request Schedule 1/Page_Store/button_Add' is clicked on

2018-05-21 20:48:35 - [TEST_STEP][PASSED] - selectOptionByIndex: All options with index in [7] are selected on object 'Object Repository/Store Request Schedule 1/Page_Store/select_--Select--Schedule 1Inj'

2018-05-21 20:48:36 - [MESSAGE][PASSED] - All options with index in [7] are selected on object 'Object Repository/Store Request Schedule 1/Page_Store/select_--Select--Schedule 1Inj'

2018-05-21 20:48:36 - [TEST_STEP][PASSED] - delay: Delayed 1 second(s)

2018-05-21 20:48:37 - [MESSAGE][PASSED] - Delayed 1 second(s)

2018-05-21 20:48:37 - [TEST_STEP][PASSED] - selectOptionByIndex: All options with index in [3] are selected on object 'Object Repository/Store Request Schedule 1/Page_Store/select_--Select--Adernaline 0.'

2018-05-21 20:48:37 - [MESSAGE][PASSED] - All options with index in [3] are selected on object 'Object Repository/Store Request Schedule 1/Page_Store/select_--Select--Adernaline 0.'

2018-05-21 20:48:37 - [TEST_STEP][PASSED] - setText: Text '100' is set on object 'Object Repository/Store Request Schedule 1/Page_Store/input_txttreat'

2018-05-21 20:48:37 - [MESSAGE][PASSED] - Text '100' is set on object 'Object Repository/Store Request Schedule 1/Page_Store/input_txttreat'

2018-05-21 20:48:37 - [TEST_STEP][PASSED] - click: Object: 'Object Repository/Store Request Schedule 1/Page_Store/button_Add' is clicked on

2018-05-21 20:48:37 - [MESSAGE][PASSED] - Object: 'Object Repository/Store Request Schedule 1/Page_Store/button_Add' is clicked on

2018-05-21 20:48:37 - [TEST_STEP][PASSED] - selectOptionByIndex: All options with index in [7] are selected on object 'Object Repository/Store Request Schedule 1/Page_Store/select_--Select--Schedule 1Inj'

2018-05-21 20:48:37 - [MESSAGE][PASSED] - All options with index in [7] are selected on object 'Object Repository/Store Request Schedule 1/Page_Store/select_--Select--Schedule 1Inj'

2018-05-21 20:48:37 - [TEST_STEP][PASSED] - delay: Delayed 1 second(s)

2018-05-21 20:48:38 - [MESSAGE][PASSED] - Delayed 1 second(s)

2018-05-21 20:48:38 - [TEST_STEP][PASSED] - selectOptionByIndex: All options with index in [4] are selected on object 'Object Repository/Store Request Schedule 1/Page_Store/select_--Select--Adernaline 0.'

2018-05-21 20:48:38 - [MESSAGE][PASSED] - All options with index in [4] are selected on object 'Object Repository/Store Request Schedule 1/Page_Store/select_--Select--Adernaline 0.'

2018-05-21 20:48:38 - [TEST_STEP][PASSED] - setText: Text '100' is set on object 'Object Repository/Store Request Schedule 1/Page_Store/input_txttreat'

2018-05-21 20:48:38 - [MESSAGE][PASSED] - Text '100' is set on object 'Object Repository/Store Request Schedule 1/Page_Store/input_txttreat'

2018-05-21 20:48:38 - [TEST_STEP][PASSED] - click: Object: 'Object Repository/Store Request Schedule 1/Page_Store/button_Add' is clicked on

2018-05-21 20:48:38 - [MESSAGE][PASSED] - Object: 'Object Repository/Store Request Schedule 1/Page_Store/button_Add' is clicked on

2018-05-21 20:48:38 - [TEST_STEP][PASSED] - selectOptionByIndex: All options with index in [7] are selected on object 'Object Repository/Store Request Schedule 1/Page_Store/select_--Select--Schedule 1Inj'

2018-05-21 20:48:38 - [MESSAGE][PASSED] - All options with index in [7] are selected on object 'Object Repository/Store Request Schedule 1/Page_Store/select_--Select--Schedule 1Inj'

2018-05-21 20:48:38 - [TEST_STEP][PASSED] - delay: Delayed 1 second(s)

2018-05-21 20:48:39 - [MESSAGE][PASSED] - Delayed 1 second(s)

2018-05-21 20:48:39 - [TEST_STEP][PASSED] - selectOptionByIndex: All options with index in [5] are selected on object 'Object Repository/Store Request Schedule 1/Page_Store/select_--Select--Adernaline 0.'

2018-05-21 20:48:40 - [MESSAGE][PASSED] - All options with index in [5] are selected on object 'Object Repository/Store Request Schedule 1/Page_Store/select_--Select--Adernaline 0.'

2018-05-21 20:48:40 - [TEST_STEP][PASSED] - setText: Text '100' is set on object 'Object Repository/Store Request Schedule 1/Page_Store/input_txttreat'

2018-05-21 20:48:40 - [MESSAGE][PASSED] - Text '100' is set on object 'Object Repository/Store Request Schedule 1/Page_Store/input_txttreat'

2018-05-21 20:48:40 - [TEST_STEP][PASSED] - click: Object: 'Object Repository/Store Request Schedule 1/Page_Store/button_Add' is clicked on

2018-05-21 20:48:40 - [MESSAGE][PASSED] - Object: 'Object Repository/Store Request Schedule 1/Page_Store/button_Add' is clicked on

2018-05-21 20:48:40 - [TEST_STEP][PASSED] - selectOptionByIndex: All options with index in [7] are selected on object 'Object Repository/Store Request Schedule 1/Page_Store/select_--Select--Schedule 1Inj'

2018-05-21 20:48:40 - [MESSAGE][PASSED] - All options with index in [7] are selected on object 'Object Repository/Store Request Schedule 1/Page_Store/select_--Select--Schedule 1Inj'

2018-05-21 20:48:40 - [TEST_STEP][PASSED] - delay: Delayed 1 second(s)

2018-05-21 20:48:41 - [MESSAGE][PASSED] - Delayed 1 second(s)

2018-05-21 20:48:41 - [TEST_STEP][PASSED] - selectOptionByIndex: All options with index in [6] are selected on object 'Object Repository/Store Request Schedule 1/Page_Store/select_--Select--Adernaline 0.'

2018-05-21 20:48:41 - [MESSAGE][PASSED] - All options with index in [6] are selected on object 'Object Repository/Store Request Schedule 1/Page_Store/select_--Select--Adernaline 0.'

2018-05-21 20:48:41 - [TEST_STEP][PASSED] - setText: Text '100' is set on object 'Object Repository/Store Request Schedule 1/Page_Store/input_txttreat'

2018-05-21 20:48:41 - [MESSAGE][PASSED] - Text '100' is set on object 'Object Repository/Store Request Schedule 1/Page_Store/input_txttreat'

2018-05-21 20:48:41 - [TEST_STEP][PASSED] - click: Object: 'Object Repository/Store Request Schedule 1/Page_Store/button_Add' is clicked on

2018-05-21 20:48:41 - [MESSAGE][PASSED] - Object: 'Object Repository/Store Request Schedule 1/Page_Store/button_Add' is clicked on

2018-05-21 20:48:41 - [TEST_STEP][PASSED] - selectOptionByIndex: All options with index in [7] are selected on object 'Object Repository/Store Request Schedule 1/Page_Store/select_--Select--Schedule 1Inj'

2018-05-21 20:48:41 - [MESSAGE][PASSED] - All options with index in [7] are selected on object 'Object Repository/Store Request Schedule 1/Page_Store/select_--Select--Schedule 1Inj'

2018-05-21 20:48:41 - [TEST_STEP][PASSED] - delay: Delayed 1 second(s)

2018-05-21 20:48:42 - [MESSAGE][PASSED] - Delayed 1 second(s)

2018-05-21 20:48:42 - [TEST_STEP][PASSED] - selectOptionByIndex: All options with index in [7] are selected on object 'Object Repository/Store Request Schedule 1/Page_Store/select_--Select--Adernaline 0.'

2018-05-21 20:48:43 - [MESSAGE][PASSED] - All options with index in [7] are selected on object 'Object Repository/Store Request Schedule 1/Page_Store/select_--Select--Adernaline 0.'

2018-05-21 20:48:43 - [TEST_STEP][PASSED] - setText: Text '100' is set on object 'Object Repository/Store Request Schedule 1/Page_Store/input_txttreat'

2018-05-21 20:48:43 - [MESSAGE][PASSED] - Text '100' is set on object 'Object Repository/Store Request Schedule 1/Page_Store/input_txttreat'

2018-05-21 20:48:43 - [TEST_STEP][PASSED] - click: Object: 'Object Repository/Store Request Schedule 1/Page_Store/button_Add' is clicked on

2018-05-21 20:48:43 - [MESSAGE][PASSED] - Object: 'Object Repository/Store Request Schedule 1/Page_Store/button_Add' is clicked on

2018-05-21 20:48:43 - [TEST_STEP][PASSED] - selectOptionByIndex: All options with index in [7] are selected on object 'Object Repository/Store Request Schedule 1/Page_Store/select_--Select--Schedule 1Inj'

2018-05-21 20:48:43 - [MESSAGE][PASSED] - All options with index in [7] are selected on object 'Object Repository/Store Request Schedule 1/Page_Store/select_--Select--Schedule 1Inj'

2018-05-21 20:48:43 - [TEST_STEP][PASSED] - delay: Delayed 1 second(s)

2018-05-21 20:48:44 - [MESSAGE][PASSED] - Delayed 1 second(s)

2018-05-21 20:48:44 - [TEST_STEP][PASSED] - selectOptionByIndex: All options with index in [8] are selected on object 'Object Repository/Store Request Schedule 1/Page_Store/select_--Select--Adernaline 0.'

2018-05-21 20:48:44 - [MESSAGE][PASSED] - All options with index in [8] are selected on object 'Object Repository/Store Request Schedule 1/Page_Store/select_--Select--Adernaline 0.'

2018-05-21 20:48:44 - [TEST_STEP][PASSED] - setText: Text '100' is set on object 'Object Repository/Store Request Schedule 1/Page_Store/input_txttreat'

2018-05-21 20:48:44 - [MESSAGE][PASSED] - Text '100' is set on object 'Object Repository/Store Request Schedule 1/Page_Store/input_txttreat'

2018-05-21 20:48:44 - [TEST_STEP][PASSED] - click: Object: 'Object Repository/Store Request Schedule 1/Page_Store/button_Add' is clicked on

2018-05-21 20:48:44 - [MESSAGE][PASSED] - Object: 'Object Repository/Store Request Schedule 1/Page_Store/button_Add' is clicked on

2018-05-21 20:48:44 - [TEST_STEP][PASSED] - selectOptionByIndex: All options with index in [7] are selected on object 'Object Repository/Store Request Schedule 1/Page_Store/select_--Select--Schedule 1Inj'

2018-05-21 20:48:44 - [MESSAGE][PASSED] - All options with index in [7] are selected on object 'Object Repository/Store Request Schedule 1/Page_Store/select_--Select--Schedule 1Inj'

2018-05-21 20:48:44 - [TEST_STEP][PASSED] - delay: Delayed 1 second(s)

2018-05-21 20:48:45 - [MESSAGE][PASSED] - Delayed 1 second(s)

2018-05-21 20:48:45 - [TEST_STEP][PASSED] - selectOptionByIndex: All options with index in [9] are selected on object 'Object Repository/Store Request Schedule 1/Page_Store/select_--Select--Adernaline 0.'

2018-05-21 20:48:46 - [MESSAGE][PASSED] - All options with index in [9] are selected on object 'Object Repository/Store Request Schedule 1/Page_Store/select_--Select--Adernaline 0.'

2018-05-21 20:48:46 - [TEST_STEP][PASSED] - setText: Text '100' is set on object 'Object Repository/Store Request Schedule 1/Page_Store/input_txttreat'

2018-05-21 20:48:46 - [MESSAGE][PASSED] - Text '100' is set on object 'Object Repository/Store Request Schedule 1/Page_Store/input_txttreat'

2018-05-21 20:48:46 - [TEST_STEP][PASSED] - click: Object: 'Object Repository/Store Request Schedule 1/Page_Store/button_Add' is clicked on

2018-05-21 20:48:46 - [MESSAGE][PASSED] - Object: 'Object Repository/Store Request Schedule 1/Page_Store/button_Add' is clicked on

2018-05-21 20:48:46 - [TEST_STEP][PASSED] - selectOptionByIndex: All options with index in [7] are selected on object 'Object Repository/Store Request Schedule 1/Page_Store/select_--Select--Schedule 1Inj'

2018-05-21 20:48:46 - [MESSAGE][PASSED] - All options with index in [7] are selected on object 'Object Repository/Store Request Schedule 1/Page_Store/select_--Select--Schedule 1Inj'

2018-05-21 20:48:46 - [TEST_STEP][PASSED] - delay: Delayed 1 second(s)

2018-05-21 20:48:47 - [MESSAGE][PASSED] - Delayed 1 second(s)

2018-05-21 20:48:47 - [TEST_STEP][PASSED] - selectOptionByIndex: All options with index in [10] are selected on object 'Object Repository/Store Request Schedule 1/Page_Store/select_--Select--Adernaline 0.'

2018-05-21 20:48:47 - [MESSAGE][PASSED] - All options with index in [10] are selected on object 'Object Repository/Store Request Schedule 1/Page_Store/select_--Select--Adernaline 0.'

2018-05-21 20:48:47 - [TEST_STEP][PASSED] - setText: Text '100' is set on object 'Object Repository/Store Request Schedule 1/Page_Store/input_txttreat'

2018-05-21 20:48:47 - [MESSAGE][PASSED] - Text '100' is set on object 'Object Repository/Store Request Schedule 1/Page_Store/input_txttreat'

2018-05-21 20:48:47 - [TEST_STEP][PASSED] - click: Object: 'Object Repository/Store Request Schedule 1/Page_Store/button_Add' is clicked on

2018-05-21 20:48:47 - [MESSAGE][PASSED] - Object: 'Object Repository/Store Request Schedule 1/Page_Store/button_Add' is clicked on

2018-05-21 20:48:47 - [TEST_STEP][PASSED] - selectOptionByIndex: All options with index in [7] are selected on object 'Object Repository/Store Request Schedule 1/Page_Store/select_--Select--Schedule 1Inj'

2018-05-21 20:48:47 - [MESSAGE][PASSED] - All options with index in [7] are selected on object 'Object Repository/Store Request Schedule 1/Page_Store/select_--Select--Schedule 1Inj'

2018-05-21 20:48:47 - [TEST_STEP][PASSED] - delay: Delayed 1 second(s)

2018-05-21 20:48:48 - [MESSAGE][PASSED] - Delayed 1 second(s)

2018-05-21 20:48:48 - [TEST_STEP][PASSED] - selectOptionByIndex: All options with index in [11] are selected on object 'Object Repository/Store Request Schedule 1/Page_Store/select_--Select--Adernaline 0.'

2018-05-21 20:48:49 - [MESSAGE][PASSED] - All options with index in [11] are selected on object 'Object Repository/Store Request Schedule 1/Page_Store/select_--Select--Adernaline 0.'

2018-05-21 20:48:49 - [TEST_STEP][PASSED] - setText: Text '100' is set on object 'Object Repository/Store Request Schedule 1/Page_Store/input_txttreat'

2018-05-21 20:48:49 - [MESSAGE][PASSED] - Text '100' is set on object 'Object Repository/Store Request Schedule 1/Page_Store/input_txttreat'

2018-05-21 20:48:49 - [TEST_STEP][PASSED] - click: Object: 'Object Repository/Store Request Schedule 1/Page_Store/button_Add' is clicked on

2018-05-21 20:48:49 - [MESSAGE][PASSED] - Object: 'Object Repository/Store Request Schedule 1/Page_Store/button_Add' is clicked on

2018-05-21 20:48:49 - [TEST_STEP][PASSED] - selectOptionByIndex: All options with index in [7] are selected on object 'Object Repository/Store Request Schedule 1/Page_Store/select_--Select--Schedule 1Inj'

2018-05-21 20:48:49 - [MESSAGE][PASSED] - All options with index in [7] are selected on object 'Object Repository/Store Request Schedule 1/Page_Store/select_--Select--Schedule 1Inj'

2018-05-21 20:48:49 - [TEST_STEP][PASSED] - delay: Delayed 1 second(s)

2018-05-21 20:48:50 - [MESSAGE][PASSED] - Delayed 1 second(s)

2018-05-21 20:48:50 - [TEST_STEP][PASSED] - selectOptionByIndex: All options with index in [12] are selected on object 'Object Repository/Store Request Schedule 1/Page_Store/select_--Select--Adernaline 0.'

2018-05-21 20:48:50 - [MESSAGE][PASSED] - All options with index in [12] are selected on object 'Object Repository/Store Request Schedule 1/Page_Store/select_--Select--Adernaline 0.'

2018-05-21 20:48:50 - [TEST_STEP][PASSED] - setText: Text '100' is set on object 'Object Repository/Store Request Schedule 1/Page_Store/input_txttreat'

2018-05-21 20:48:50 - [MESSAGE][PASSED] - Text '100' is set on object 'Object Repository/Store Request Schedule 1/Page_Store/input_txttreat'

2018-05-21 20:48:50 - [TEST_STEP][PASSED] - click: Object: 'Object Repository/Store Request Schedule 1/Page_Store/button_Add' is clicked on

2018-05-21 20:48:50 - [MESSAGE][PASSED] - Object: 'Object Repository/Store Request Schedule 1/Page_Store/button_Add' is clicked on

2018-05-21 20:48:50 - [TEST_STEP][PASSED] - selectOptionByIndex: All options with index in [7] are selected on object 'Object Repository/Store Request Schedule 1/Page_Store/select_--Select--Schedule 1Inj'

2018-05-21 20:48:50 - [MESSAGE][PASSED] - All options with index in [7] are selected on object 'Object Repository/Store Request Schedule 1/Page_Store/select_--Select--Schedule 1Inj'

2018-05-21 20:48:50 - [TEST_STEP][PASSED] - delay: Delayed 1 second(s)

2018-05-21 20:48:51 - [MESSAGE][PASSED] - Delayed 1 second(s)

2018-05-21 20:48:51 - [TEST_STEP][PASSED] - selectOptionByIndex: All options with index in [13] are selected on object 'Object Repository/Store Request Schedule 1/Page_Store/select_--Select--Adernaline 0.'

2018-05-21 20:48:52 - [MESSAGE][PASSED] - All options with index in [13] are selected on object 'Object Repository/Store Request Schedule 1/Page_Store/select_--Select--Adernaline 0.'

2018-05-21 20:48:52 - [TEST_STEP][PASSED] - setText: Text '100' is set on object 'Object Repository/Store Request Schedule 1/Page_Store/input_txttreat'

2018-05-21 20:48:52 - [MESSAGE][PASSED] - Text '100' is set on object 'Object Repository/Store Request Schedule 1/Page_Store/input_txttreat'

2018-05-21 20:48:52 - [TEST_STEP][PASSED] - click: Object: 'Object Repository/Store Request Schedule 1/Page_Store/button_Add' is clicked on

2018-05-21 20:48:52 - [MESSAGE][PASSED] - Object: 'Object Repository/Store Request Schedule 1/Page_Store/button_Add' is clicked on

2018-05-21 20:48:52 - [TEST_STEP][PASSED] - selectOptionByIndex: All options with index in [7] are selected on object 'Object Repository/Store Request Schedule 1/Page_Store/select_--Select--Schedule 1Inj'

2018-05-21 20:48:52 - [MESSAGE][PASSED] - All options with index in [7] are selected on object 'Object Repository/Store Request Schedule 1/Page_Store/select_--Select--Schedule 1Inj'

2018-05-21 20:48:52 - [TEST_STEP][PASSED] - delay: Delayed 1 second(s)

2018-05-21 20:48:53 - [MESSAGE][PASSED] - Delayed 1 second(s)

2018-05-21 20:48:53 - [TEST_STEP][PASSED] - selectOptionByIndex: All options with index in [14] are selected on object 'Object Repository/Store Request Schedule 1/Page_Store/select_--Select--Adernaline 0.'

2018-05-21 20:48:53 - [MESSAGE][PASSED] - All options with index in [14] are selected on object 'Object Repository/Store Request Schedule 1/Page_Store/select_--Select--Adernaline 0.'

2018-05-21 20:48:53 - [TEST_STEP][PASSED] - setText: Text '100' is set on object 'Object Repository/Store Request Schedule 1/Page_Store/input_txttreat'

2018-05-21 20:48:53 - [MESSAGE][PASSED] - Text '100' is set on object 'Object Repository/Store Request Schedule 1/Page_Store/input_txttreat'

2018-05-21 20:48:53 - [TEST_STEP][PASSED] - click: Object: 'Object Repository/Store Request Schedule 1/Page_Store/button_Add' is clicked on

2018-05-21 20:48:53 - [MESSAGE][PASSED] - Object: 'Object Repository/Store Request Schedule 1/Page_Store/button_Add' is clicked on

2018-05-21 20:48:53 - [TEST_STEP][PASSED] - selectOptionByIndex: All options with index in [7] are selected on object 'Object Repository/Store Request Schedule 1/Page_Store/select_--Select--Schedule 1Inj'

2018-05-21 20:48:53 - [MESSAGE][PASSED] - All options with index in [7] are selected on object 'Object Repository/Store Request Schedule 1/Page_Store/select_--Select--Schedule 1Inj'

2018-05-21 20:48:53 - [TEST_STEP][PASSED] - delay: Delayed 1 second(s)

2018-05-21 20:48:54 - [MESSAGE][PASSED] - Delayed 1 second(s)

2018-05-21 20:48:54 - [TEST_STEP][PASSED] - selectOptionByIndex: All options with index in [15] are selected on object 'Object Repository/Store Request Schedule 1/Page_Store/select_--Select--Adernaline 0.'

2018-05-21 20:48:55 - [MESSAGE][PASSED] - All options with index in [15] are selected on object 'Object Repository/Store Request Schedule 1/Page_Store/select_--Select--Adernaline 0.'

2018-05-21 20:48:55 - [TEST_STEP][PASSED] - setText: Text '100' is set on object 'Object Repository/Store Request Schedule 1/Page_Store/input_txttreat'

2018-05-21 20:48:55 - [MESSAGE][PASSED] - Text '100' is set on object 'Object Repository/Store Request Schedule 1/Page_Store/input_txttreat'

2018-05-21 20:48:55 - [TEST_STEP][PASSED] - click: Object: 'Object Repository/Store Request Schedule 1/Page_Store/button_Add' is clicked on

2018-05-21 20:48:55 - [MESSAGE][PASSED] - Object: 'Object Repository/Store Request Schedule 1/Page_Store/button_Add' is clicked on

2018-05-21 20:48:55 - [TEST_STEP][PASSED] - selectOptionByIndex: All options with index in [7] are selected on object 'Object Repository/Store Request Schedule 1/Page_Store/select_--Select--Schedule 1Inj'

2018-05-21 20:48:55 - [MESSAGE][PASSED] - All options with index in [7] are selected on object 'Object Repository/Store Request Schedule 1/Page_Store/select_--Select--Schedule 1Inj'

2018-05-21 20:48:55 - [TEST_STEP][PASSED] - delay: Delayed 1 second(s)

2018-05-21 20:48:56 - [MESSAGE][PASSED] - Delayed 1 second(s)

2018-05-21 20:48:56 - [TEST_STEP][PASSED] - selectOptionByIndex: All options with index in [16] are selected on object 'Object Repository/Store Request Schedule 1/Page_Store/select_--Select--Adernaline 0.'

2018-05-21 20:48:56 - [MESSAGE][PASSED] - All options with index in [16] are selected on object 'Object Repository/Store Request Schedule 1/Page_Store/select_--Select--Adernaline 0.'

2018-05-21 20:48:56 - [TEST_STEP][PASSED] - setText: Text '100' is set on object 'Object Repository/Store Request Schedule 1/Page_Store/input_txttreat'

2018-05-21 20:48:56 - [MESSAGE][PASSED] - Text '100' is set on object 'Object Repository/Store Request Schedule 1/Page_Store/input_txttreat'

2018-05-21 20:48:56 - [TEST_STEP][PASSED] - click: Object: 'Object Repository/Store Request Schedule 1/Page_Store/button_Add' is clicked on

2018-05-21 20:48:56 - [MESSAGE][PASSED] - Object: 'Object Repository/Store Request Schedule 1/Page_Store/button_Add' is clicked on

2018-05-21 20:48:56 - [TEST_STEP][PASSED] - selectOptionByIndex: All options with index in [7] are selected on object 'Object Repository/Store Request Schedule 1/Page_Store/select_--Select--Schedule 1Inj'

2018-05-21 20:48:57 - [MESSAGE][PASSED] - All options with index in [7] are selected on object 'Object Repository/Store Request Schedule 1/Page_Store/select_--Select--Schedule 1Inj'

2018-05-21 20:48:57 - [TEST_STEP][PASSED] - delay: Delayed 1 second(s)

2018-05-21 20:48:58 - [MESSAGE][PASSED] - Delayed 1 second(s)

2018-05-21 20:48:58 - [TEST_STEP][PASSED] - selectOptionByIndex: All options with index in [17] are selected on object 'Object Repository/Store Request Schedule 1/Page_Store/select_--Select--Adernaline 0.'

2018-05-21 20:48:58 - [MESSAGE][PASSED] - All options with index in [17] are selected on object 'Object Repository/Store Request Schedule 1/Page_Store/select_--Select--Adernaline 0.'

2018-05-21 20:48:58 - [TEST_STEP][PASSED] - setText: Text '100' is set on object 'Object Repository/Store Request Schedule 1/Page_Store/input_txttreat'

2018-05-21 20:48:58 - [MESSAGE][PASSED] - Text '100' is set on object 'Object Repository/Store Request Schedule 1/Page_Store/input_txttreat'

2018-05-21 20:48:58 - [TEST_STEP][PASSED] - click: Object: 'Object Repository/Store Request Schedule 1/Page_Store/button_Add' is clicked on

2018-05-21 20:48:58 - [MESSAGE][PASSED] - Object: 'Object Repository/Store Request Schedule 1/Page_Store/button_Add' is clicked on

2018-05-21 20:48:58 - [TEST_STEP][PASSED] - selectOptionByIndex: All options with index in [7] are selected on object 'Object Repository/Store Request Schedule 1/Page_Store/select_--Select--Schedule 1Inj'

2018-05-21 20:48:58 - [MESSAGE][PASSED] - All options with index in [7] are selected on object 'Object Repository/Store Request Schedule 1/Page_Store/select_--Select--Schedule 1Inj'

2018-05-21 20:48:58 - [TEST_STEP][PASSED] - delay: Delayed 1 second(s)

2018-05-21 20:48:59 - [MESSAGE][PASSED] - Delayed 1 second(s)

2018-05-21 20:48:59 - [TEST_STEP][PASSED] - selectOptionByIndex: All options with index in [18] are selected on object 'Object Repository/Store Request Schedule 1/Page_Store/select_--Select--Adernaline 0.'

2018-05-21 20:48:59 - [MESSAGE][PASSED] - All options with index in [18] are selected on object 'Object Repository/Store Request Schedule 1/Page_Store/select_--Select--Adernaline 0.'

2018-05-21 20:48:59 - [TEST_STEP][PASSED] - setText: Text '100' is set on object 'Object Repository/Store Request Schedule 1/Page_Store/input_txttreat'

2018-05-21 20:48:59 - [MESSAGE][PASSED] - Text '100' is set on object 'Object Repository/Store Request Schedule 1/Page_Store/input_txttreat'

2018-05-21 20:48:59 - [TEST_STEP][PASSED] - click: Object: 'Object Repository/Store Request Schedule 1/Page_Store/button_Add' is clicked on

2018-05-21 20:49:00 - [MESSAGE][PASSED] - Object: 'Object Repository/Store Request Schedule 1/Page_Store/button_Add' is clicked on

2018-05-21 20:49:00 - [TEST_STEP][PASSED] - selectOptionByIndex: All options with index in [7] are selected on object 'Object Repository/Store Request Schedule 1/Page_Store/select_--Select--Schedule 1Inj'

2018-05-21 20:49:00 - [MESSAGE][PASSED] - All options with index in [7] are selected on object 'Object Repository/Store Request Schedule 1/Page_Store/select_--Select--Schedule 1Inj'

2018-05-21 20:49:00 - [TEST_STEP][PASSED] - delay: Delayed 1 second(s)

2018-05-21 20:49:01 - [MESSAGE][PASSED] - Delayed 1 second(s)

2018-05-21 20:49:01 - [TEST_STEP][PASSED] - selectOptionByIndex: All options with index in [19] are selected on object 'Object Repository/Store Request Schedule 1/Page_Store/select_--Select--Adernaline 0.'

2018-05-21 20:49:01 - [MESSAGE][PASSED] - All options with index in [19] are selected on object 'Object Repository/Store Request Schedule 1/Page_Store/select_--Select--Adernaline 0.'

2018-05-21 20:49:01 - [TEST_STEP][PASSED] - setText: Text '100' is set on object 'Object Repository/Store Request Schedule 1/Page_Store/input_txttreat'

2018-05-21 20:49:01 - [MESSAGE][PASSED] - Text '100' is set on object 'Object Repository/Store Request Schedule 1/Page_Store/input_txttreat'

2018-05-21 20:49:01 - [TEST_STEP][PASSED] - click: Object: 'Object Repository/Store Request Schedule 1/Page_Store/button_Add' is clicked on

2018-05-21 20:49:01 - [MESSAGE][PASSED] - Object: 'Object Repository/Store Request Schedule 1/Page_Store/button_Add' is clicked on

2018-05-21 20:49:01 - [TEST_STEP][PASSED] - selectOptionByIndex: All options with index in [7] are selected on object 'Object Repository/Store Request Schedule 1/Page_Store/select_--Select--Schedule 1Inj'

2018-05-21 20:49:01 - [MESSAGE][PASSED] - All options with index in [7] are selected on object 'Object Repository/Store Request Schedule 1/Page_Store/select_--Select--Schedule 1Inj'

2018-05-21 20:49:01 - [TEST_STEP][PASSED] - delay: Delayed 1 second(s)

2018-05-21 20:49:02 - [MESSAGE][PASSED] - Delayed 1 second(s)

2018-05-21 20:49:02 - [TEST_STEP][PASSED] - selectOptionByIndex: All options with index in [20] are selected on object 'Object Repository/Store Request Schedule 1/Page_Store/select_--Select--Adernaline 0.'

2018-05-21 20:49:03 - [MESSAGE][PASSED] - All options with index in [20] are selected on object 'Object Repository/Store Request Schedule 1/Page_Store/select_--Select--Adernaline 0.'

2018-05-21 20:49:03 - [TEST_STEP][PASSED] - setText: Text '100' is set on object 'Object Repository/Store Request Schedule 1/Page_Store/input_txttreat'

2018-05-21 20:49:03 - [MESSAGE][PASSED] - Text '100' is set on object 'Object Repository/Store Request Schedule 1/Page_Store/input_txttreat'

2018-05-21 20:49:03 - [TEST_STEP][PASSED] - click: Object: 'Object Repository/Store Request Schedule 1/Page_Store/button_Add' is clicked on

2018-05-21 20:49:03 - [MESSAGE][PASSED] - Object: 'Object Repository/Store Request Schedule 1/Page_Store/button_Add' is clicked on

2018-05-21 20:49:03 - [TEST_STEP][PASSED] - selectOptionByIndex: All options with index in [7] are selected on object 'Object Repository/Store Request Schedule 1/Page_Store/select_--Select--Schedule 1Inj'

2018-05-21 20:49:03 - [MESSAGE][PASSED] - All options with index in [7] are selected on object 'Object Repository/Store Request Schedule 1/Page_Store/select_--Select--Schedule 1Inj'

2018-05-21 20:49:03 - [TEST_STEP][PASSED] - delay: Delayed 1 second(s)

2018-05-21 20:49:04 - [MESSAGE][PASSED] - Delayed 1 second(s)

2018-05-21 20:49:04 - [TEST_STEP][PASSED] - selectOptionByIndex: All options with index in [21] are selected on object 'Object Repository/Store Request Schedule 1/Page_Store/select_--Select--Adernaline 0.'

2018-05-21 20:49:04 - [MESSAGE][PASSED] - All options with index in [21] are selected on object 'Object Repository/Store Request Schedule 1/Page_Store/select_--Select--Adernaline 0.'

2018-05-21 20:49:04 - [TEST_STEP][PASSED] - setText: Text '100' is set on object 'Object Repository/Store Request Schedule 1/Page_Store/input_txttreat'

2018-05-21 20:49:04 - [MESSAGE][PASSED] - Text '100' is set on object 'Object Repository/Store Request Schedule 1/Page_Store/input_txttreat'

2018-05-21 20:49:04 - [TEST_STEP][PASSED] - click: Object: 'Object Repository/Store Request Schedule 1/Page_Store/button_Add' is clicked on

2018-05-21 20:49:04 - [MESSAGE][PASSED] - Object: 'Object Repository/Store Request Schedule 1/Page_Store/button_Add' is clicked on

2018-05-21 20:49:04 - [TEST_STEP][PASSED] - selectOptionByIndex: All options with index in [7] are selected on object 'Object Repository/Store Request Schedule 1/Page_Store/select_--Select--Schedule 1Inj'

2018-05-21 20:49:05 - [MESSAGE][PASSED] - All options with index in [7] are selected on object 'Object Repository/Store Request Schedule 1/Page_Store/select_--Select--Schedule 1Inj'

2018-05-21 20:49:05 - [TEST_STEP][PASSED] - delay: Delayed 1 second(s)

2018-05-21 20:49:06 - [MESSAGE][PASSED] - Delayed 1 second(s)

2018-05-21 20:49:06 - [TEST_STEP][PASSED] - selectOptionByIndex: All options with index in [22] are selected on object 'Object Repository/Store Request Schedule 1/Page_Store/select_--Select--Adernaline 0.'

2018-05-21 20:49:06 - [MESSAGE][PASSED] - All options with index in [22] are selected on object 'Object Repository/Store Request Schedule 1/Page_Store/select_--Select--Adernaline 0.'

2018-05-21 20:49:06 - [TEST_STEP][PASSED] - setText: Text '100' is set on object 'Object Repository/Store Request Schedule 1/Page_Store/input_txttreat'

2018-05-21 20:49:06 - [MESSAGE][PASSED] - Text '100' is set on object 'Object Repository/Store Request Schedule 1/Page_Store/input_txttreat'

2018-05-21 20:49:06 - [TEST_STEP][PASSED] - click: Object: 'Object Repository/Store Request Schedule 1/Page_Store/button_Add' is clicked on

2018-05-21 20:49:06 - [MESSAGE][PASSED] - Object: 'Object Repository/Store Request Schedule 1/Page_Store/button_Add' is clicked on

2018-05-21 20:49:06 - [TEST_STEP][PASSED] - selectOptionByIndex: All options with index in [7] are selected on object 'Object Repository/Store Request Schedule 1/Page_Store/select_--Select--Schedule 1Inj'

2018-05-21 20:49:06 - [MESSAGE][PASSED] - All options with index in [7] are selected on object 'Object Repository/Store Request Schedule 1/Page_Store/select_--Select--Schedule 1Inj'

2018-05-21 20:49:06 - [TEST_STEP][PASSED] - delay: Delayed 1 second(s)

2018-05-21 20:49:07 - [MESSAGE][PASSED] - Delayed 1 second(s)

2018-05-21 20:49:07 - [TEST_STEP][PASSED] - selectOptionByIndex: All options with index in [23] are selected on object 'Object Repository/Store Request Schedule 1/Page_Store/select_--Select--Adernaline 0.'

2018-05-21 20:49:07 - [MESSAGE][PASSED] - All options with index in [23] are selected on object 'Object Repository/Store Request Schedule 1/Page_Store/select_--Select--Adernaline 0.'

2018-05-21 20:49:07 - [TEST_STEP][PASSED] - setText: Text '100' is set on object 'Object Repository/Store Request Schedule 1/Page_Store/input_txttreat'

2018-05-21 20:49:08 - [MESSAGE][PASSED] - Text '100' is set on object 'Object Repository/Store Request Schedule 1/Page_Store/input_txttreat'

2018-05-21 20:49:08 - [TEST_STEP][PASSED] - click: Object: 'Object Repository/Store Request Schedule 1/Page_Store/button_Add' is clicked on

2018-05-21 20:49:08 - [MESSAGE][PASSED] - Object: 'Object Repository/Store Request Schedule 1/Page_Store/button_Add' is clicked on

2018-05-21 20:49:08 - [TEST_STEP][PASSED] - delay: Delayed 2 second(s)

2018-05-21 20:49:10 - [MESSAGE][PASSED] - Delayed 2 second(s)

2018-05-21 20:49:10 - [TEST_STEP][PASSED] - scrollToElement: Scroll to object 'Object Repository/Store Request Schedule 1/Page_Store/input_btnsave' successfully

2018-05-21 20:49:10 - [MESSAGE][PASSED] - Scroll to object 'Object Repository/Store Request Schedule 1/Page_Store/input_btnsave' successfully

2018-05-21 20:49:10 - [TEST_STEP][PASSED] - click: Object: 'Object Repository/Store Request Schedule 1/Page_Store/input_btnsave' is clicked on

2018-05-21 20:49:10 - [MESSAGE][PASSED] - Object: 'Object Repository/Store Request Schedule 1/Page_Store/input_btnsave' is clicked on

2018-05-21 20:49:10 - [TEST_STEP][PASSED] - delay: Delayed 4 second(s)

2018-05-21 20:49:14 - [MESSAGE][PASSED] - Delayed 4 second(s)

2018-05-21 20:49:14 - [TEST_STEP][PASSED] - Statement - Cms_RequestNumber = com.kms.katalon.core.webui.keyword.WebUiBuiltInKeywords.getText(com.kms.katalon.core.testobject.ObjectRepository.findTestObject(Store Request Schedule 1/Page_Store/font_PRNO050520189)): Text of object 'Object Repository/Store Request Schedule 1/Page_Store/font_PRNO050520189' is: 'PRNO/21052018/334'

2018-05-21 20:49:14 - [MESSAGE][PASSED] - Text of object 'Object Repository/Store Request Schedule 1/Page_Store/font_PRNO050520189' is: 'PRNO/21052018/334'

2018-05-21 20:49:14 - [TEST_STEP][PASSED] - Statement - CR = Cms_RequestNumber.trim(): null

2018-05-21 20:49:14 - [TEST_STEP][PASSED] - Statement - out.println("RQ :" + Cms_RequestNumber): null

2018-05-21 20:49:14 - [TEST_STEP][PASSED] - Statement - RequestNumberID = Cms_RequestNumber.split("/")[2].trim(): null

2018-05-21 20:49:14 - [TEST_STEP][PASSED] - Statement - out.println("RQ ID :" + RequestNumberID): null

2018-05-21 20:49:14 - [TEST_STEP][PASSED] - delay: Delayed 3 second(s)

2018-05-21 20:49:17 - [MESSAGE][PASSED] - Delayed 3 second(s)

2018-05-21 20:49:17 - [TEST_STEP][PASSED] - Statement - ok = com.kms.katalon.core.webui.keyword.WebUiBuiltInKeywords.click(com.kms.katalon.core.testobject.ObjectRepository.findTestObject(Store Request Schedule 1/Page_Store/button_OK)): Object: 'Object Repository/Store Request Schedule 1/Page_Store/button_OK' is clicked on

2018-05-21 20:49:18 - [MESSAGE][PASSED] - Object: 'Object Repository/Store Request Schedule 1/Page_Store/button_OK' is clicked on

2018-05-21 20:49:18 - [TEST_STEP][PASSED] - delay: Delayed 3 second(s)

2018-05-21 20:49:21 - [MESSAGE][PASSED] - Delayed 3 second(s)

2018-05-21 20:49:21 - [TEST_STEP][PASSED] - click: Object: 'Object Repository/Store Request Schedule 1/Page_Store/a_dropdown-toggle' is clicked on

2018-05-21 20:49:21 - [MESSAGE][PASSED] - Object: 'Object Repository/Store Request Schedule 1/Page_Store/a_dropdown-toggle' is clicked on

2018-05-21 20:49:21 - [TEST_STEP][PASSED] - click: Object: 'Object Repository/Store Request Schedule 1/Page_Store/a_Sign out' is clicked on

2018-05-21 20:49:21 - [MESSAGE][PASSED] - Object: 'Object Repository/Store Request Schedule 1/Page_Store/a_Sign out' is clicked on

2018-05-21 20:49:21 - [TEST_STEP][PASSED] - delay: Delayed 3 second(s)

2018-05-21 20:49:24 - [MESSAGE][PASSED] - Delayed 3 second(s)

2018-05-21 20:49:24 - [TEST_STEP][PASSED] - click: Object: 'Object Repository/Store Request Schedule 1/Page_KDMC/a_CMO' is clicked on

2018-05-21 20:49:25 - [MESSAGE][PASSED] - Object: 'Object Repository/Store Request Schedule 1/Page_KDMC/a_CMO' is clicked on

2018-05-21 20:49:25 - [TEST_STEP][PASSED] - setText: Text 'guru' is set on object 'Object Repository/Store Request Schedule 1/Page_CMO login/input_txtusername'

2018-05-21 20:49:25 - [MESSAGE][PASSED] - Text 'guru' is set on object 'Object Repository/Store Request Schedule 1/Page_CMO login/input_txtusername'

2018-05-21 20:49:25 - [TEST_STEP][PASSED] - setText: Text '123' is set on object 'Object Repository/Store Request Schedule 1/Page_CMO login/input_txtpassword'

2018-05-21 20:49:25 - [MESSAGE][PASSED] - Text '123' is set on object 'Object Repository/Store Request Schedule 1/Page_CMO login/input_txtpassword'

2018-05-21 20:49:25 - [TEST_STEP][PASSED] - delay: Delayed 3 second(s)

2018-05-21 20:49:28 - [MESSAGE][PASSED] - Delayed 3 second(s)

2018-05-21 20:49:28 - [TEST_STEP][PASSED] - click: Object: 'Object Repository/Store Request Schedule 1/Page_CMO login/button_Sign in' is clicked on

2018-05-21 20:49:29 - [MESSAGE][PASSED] - Object: 'Object Repository/Store Request Schedule 1/Page_CMO login/button_Sign in' is clicked on

2018-05-21 20:49:29 - [TEST_STEP][PASSED] - delay: Delayed 2 second(s)

2018-05-21 20:49:31 - [MESSAGE][PASSED] - Delayed 2 second(s)

2018-05-21 20:49:31 - [TEST_STEP][PASSED] - click: Object: 'Object Repository/Store Request Schedule 1/Page_KDMC - CMO/span_Department Wise Request' is clicked on

2018-05-21 20:49:32 - [MESSAGE][PASSED] - Object: 'Object Repository/Store Request Schedule 1/Page_KDMC - CMO/span_Department Wise Request' is clicked on

2018-05-21 20:49:32 - [TEST_STEP][PASSED] - click: Object: 'Object Repository/Store Request Schedule 1/Page_KDMC - CMO/a_CMS Request' is clicked on

2018-05-21 20:49:32 - [MESSAGE][PASSED] - Object: 'Object Repository/Store Request Schedule 1/Page_KDMC - CMO/a_CMS Request' is clicked on

2018-05-21 20:49:32 - [TEST_STEP][PASSED] - click: Object: 'Object Repository/Store Request Schedule 1/Page_KDMC - CMO/a_CMS Request' is clicked on

2018-05-21 20:49:32 - [MESSAGE][PASSED] - Object: 'Object Repository/Store Request Schedule 1/Page_KDMC - CMO/a_CMS Request' is clicked on

2018-05-21 20:49:32 - [TEST_STEP][PASSED] - click: Object: 'Object Repository/Store Request Schedule 1/Page_KDMC - CMO/span_Divisional Store Request' is clicked on

2018-05-21 20:49:34 - [MESSAGE][PASSED] - Object: 'Object Repository/Store Request Schedule 1/Page_KDMC - CMO/span_Divisional Store Request' is clicked on

2018-05-21 20:49:34 - [TEST_STEP][PASSED] - delay: Delayed 2 second(s)

2018-05-21 20:49:36 - [MESSAGE][PASSED] - Delayed 2 second(s)

2018-05-21 20:49:36 - [TEST_STEP][PASSED] - Statement - approval = com.kms.katalon.core.webui.keyword.WebUiBuiltInKeywords.modifyObjectProperty(com.kms.katalon.core.testobject.ObjectRepository.findTestObject(Store Request Schedule 1/Page_KDMC - CMO/input_PRNO050520189), "xpath", "equals", "//*[@id=" + RequestNumberID + "]", true): Modify property of object successfully

2018-05-21 20:49:36 - [MESSAGE][PASSED] - Modify property of object successfully

2018-05-21 20:49:36 - [TEST_STEP][PASSED] - click: Object: 'Object Repository/Store Request Schedule 1/Page_KDMC - CMO/input_PRNO050520189' is clicked on

2018-05-21 20:49:36 - [MESSAGE][PASSED] - Object: 'Object Repository/Store Request Schedule 1/Page_KDMC - CMO/input_PRNO050520189' is clicked on

2018-05-21 20:49:36 - [TEST_STEP][PASSED] - delay: Delayed 2 second(s)

2018-05-21 20:49:38 - [MESSAGE][PASSED] - Delayed 2 second(s)

2018-05-21 20:49:38 - [TEST_STEP][PASSED] - selectOptionByIndex: All options with index in [1] are selected on object 'Object Repository/Store Request Schedule 1/Page_KDMC - CMO/select_--Select--'

2018-05-21 20:49:39 - [MESSAGE][PASSED] - All options with index in [1] are selected on object 'Object Repository/Store Request Schedule 1/Page_KDMC - CMO/select_--Select--'

2018-05-21 20:49:39 - [TEST_STEP][PASSED] - click: Object: 'Object Repository/Store Request Schedule 1/Page_KDMC - CMO/input_btnupdate' is clicked on

2018-05-21 20:49:39 - [MESSAGE][PASSED] - Object: 'Object Repository/Store Request Schedule 1/Page_KDMC - CMO/input_btnupdate' is clicked on

2018-05-21 20:49:39 - [TEST_STEP][PASSED] - delay: Delayed 2 second(s)

2018-05-21 20:49:41 - [MESSAGE][PASSED] - Delayed 2 second(s)

2018-05-21 20:49:41 - [TEST_STEP][PASSED] - click: Object: 'Object Repository/Store Request Schedule 1/Page_KDMC - CMO/button_OK' is clicked on

2018-05-21 20:49:41 - [MESSAGE][PASSED] - Object: 'Object Repository/Store Request Schedule 1/Page_KDMC - CMO/button_OK' is clicked on

2018-05-21 20:49:41 - [TEST_STEP][PASSED] - delay: Delayed 2 second(s)

2018-05-21 20:49:43 - [MESSAGE][PASSED] - Delayed 2 second(s)

2018-05-21 20:49:43 - [TEST_STEP][PASSED] - click: Object: 'Object Repository/Store Request Schedule 1/Page_KDMC - CMO/a_dropdown-toggle' is clicked on

2018-05-21 20:49:43 - [MESSAGE][PASSED] - Object: 'Object Repository/Store Request Schedule 1/Page_KDMC - CMO/a_dropdown-toggle' is clicked on

2018-05-21 20:49:43 - [TEST_STEP][PASSED] - click: Object: 'Object Repository/Store Request Schedule 1/Page_KDMC - CMO/a_Sign out' is clicked on

2018-05-21 20:49:44 - [MESSAGE][PASSED] - Object: 'Object Repository/Store Request Schedule 1/Page_KDMC - CMO/a_Sign out' is clicked on

2018-05-21 20:49:44 - [TEST_STEP][PASSED] - delay: Delayed 3 second(s)

2018-05-21 20:49:47 - [MESSAGE][PASSED] - Delayed 3 second(s)

2018-05-21 20:49:47 - [TEST_STEP][PASSED] - click: Object: 'Object Repository/store Request Schedule 1/Page_KDMC/a_CMS' is clicked on

2018-05-21 20:49:47 - [MESSAGE][PASSED] - Object: 'Object Repository/store Request Schedule 1/Page_KDMC/a_CMS' is clicked on

2018-05-21 20:49:47 - [TEST_STEP][PASSED] - setText: Text 'bala' is set on object 'Object Repository/store Request Schedule 1/Page_CMS login/input_txtusername'

2018-05-21 20:49:47 - [MESSAGE][PASSED] - Text 'bala' is set on object 'Object Repository/store Request Schedule 1/Page_CMS login/input_txtusername'

2018-05-21 20:49:47 - [TEST_STEP][PASSED] - setText: Text '123' is set on object 'Object Repository/store Request Schedule 1/Page_CMS login/input_txtpassword'

2018-05-21 20:49:47 - [MESSAGE][PASSED] - Text '123' is set on object 'Object Repository/store Request Schedule 1/Page_CMS login/input_txtpassword'

2018-05-21 20:49:47 - [TEST_STEP][PASSED] - delay: Delayed 3 second(s)

2018-05-21 20:49:50 - [MESSAGE][PASSED] - Delayed 3 second(s)

2018-05-21 20:49:50 - [TEST_STEP][PASSED] - click: Object: 'Object Repository/store Request Schedule 1/Page_CMS login/button_Sign in' is clicked on

2018-05-21 20:49:51 - [MESSAGE][PASSED] - Object: 'Object Repository/store Request Schedule 1/Page_CMS login/button_Sign in' is clicked on

2018-05-21 20:49:51 - [TEST_STEP][PASSED] - delay: Delayed 2 second(s)

2018-05-21 20:49:53 - [MESSAGE][PASSED] - Delayed 2 second(s)

2018-05-21 20:49:53 - [TEST_STEP][PASSED] - click: Object: 'Object Repository/store Request Schedule 1/Page_KDMC - CMS/a_Divisional Store' is clicked on

2018-05-21 20:49:53 - [MESSAGE][PASSED] - Object: 'Object Repository/store Request Schedule 1/Page_KDMC - CMS/a_Divisional Store' is clicked on

2018-05-21 20:49:53 - [TEST_STEP][PASSED] - delay: Delayed 2 second(s)

2018-05-21 20:49:55 - [MESSAGE][PASSED] - Delayed 2 second(s)

2018-05-21 20:49:55 - [TEST_STEP][PASSED] - click: Object: 'Object Repository/store Request Schedule 1/Page_KDMC - CMS/a_Dispatch Items' is clicked on

2018-05-21 20:49:56 - [MESSAGE][PASSED] - Object: 'Object Repository/store Request Schedule 1/Page_KDMC - CMS/a_Dispatch Items' is clicked on

2018-05-21 20:49:56 - [TEST_STEP][PASSED] - setText: Text 'PRNO/21052018/334' is set on object 'Object Repository/store Request Schedule 1/Page_KDMC - CMS/input'

2018-05-21 20:49:56 - [MESSAGE][PASSED] - Text 'PRNO/21052018/334' is set on object 'Object Repository/store Request Schedule 1/Page_KDMC - CMS/input'

2018-05-21 20:49:56 - [TEST_STEP][PASSED] - click: Object: 'Object Repository/store Request Schedule 1/Page_KDMC - CMS/td_text-center' is clicked on

2018-05-21 20:49:56 - [MESSAGE][PASSED] - Object: 'Object Repository/store Request Schedule 1/Page_KDMC - CMS/td_text-center' is clicked on

2018-05-21 20:49:56 - [TEST_STEP][PASSED] - delay: Delayed 2 second(s)

2018-05-21 20:49:58 - [MESSAGE][PASSED] - Delayed 2 second(s)

2018-05-21 20:49:58 - [TEST_STEP][PASSED] - Statement - For ([row = 0, row < SelectedOptions - 1, (row++)]): null

2018-05-21 20:49:58 - [TEST_STEP][PASSED] - Statement - batchlength = new com.kms.katalon.core.testobject.TestObject(): null

2018-05-21 20:49:58 - [TEST_STEP][PASSED] - Statement - batchlength = com.kms.katalon.core.webui.keyword.WebUiBuiltInKeywords.modifyObjectProperty(batchlength, "xpath", "equals", "//*[@id = "fldvendor" + row + ""]", true): Modify property of object successfully

2018-05-21 20:49:58 - [MESSAGE][PASSED] - Modify property of object successfully

2018-05-21 20:49:58 - [TEST_STEP][PASSED] - Statement - batchsize = com.kms.katalon.core.webui.keyword.WebUiBuiltInKeywords.getNumberOfTotalOption(batchlength): 7 options of object '' counted

2018-05-21 20:49:58 - [MESSAGE][PASSED] - 7 options of object '' counted

2018-05-21 20:49:58 - [TEST_STEP][PASSED] - Statement - out.println("BatchSize : " + batchsize): null

2018-05-21 20:49:58 - [TEST_STEP][PASSED] - Statement - For ([n = 1, n <= batchsize - 1, (n++)]): null

2018-05-21 20:49:58 - [TEST_STEP][PASSED] - Statement - product = new com.kms.katalon.core.testobject.TestObject(): null

2018-05-21 20:49:58 - [TEST_STEP][PASSED] - Statement - product = com.kms.katalon.core.webui.keyword.WebUiBuiltInKeywords.modifyObjectProperty(product, "xpath", "equals", "//*[@id = "fldvendor" + row + ""]", true): Modify property of object successfully

2018-05-21 20:49:58 - [MESSAGE][PASSED] - Modify property of object successfully

2018-05-21 20:49:58 - [TEST_STEP][PASSED] - selectOptionByIndex: All options with index in [1] are selected on object ''

2018-05-21 20:49:58 - [MESSAGE][PASSED] - All options with index in [1] are selected on object ''

2018-05-21 20:49:58 - [TEST_STEP][PASSED] - Statement - batch = new com.kms.katalon.core.testobject.TestObject(): null

2018-05-21 20:49:58 - [TEST_STEP][PASSED] - Statement - batch = com.kms.katalon.core.webui.keyword.WebUiBuiltInKeywords.modifyObjectProperty(batch, "xpath", "equals", "//*[@id = "txtbthqty" + row + ""]", true): Modify property of object successfully

2018-05-21 20:49:58 - [MESSAGE][PASSED] - Modify property of object successfully

2018-05-21 20:49:58 - [TEST_STEP][PASSED] - Statement - batchqty = com.kms.katalon.core.webui.keyword.WebUiBuiltInKeywords.getAttribute(batch, "value").trim(): Attribute 'value' of object '' is: '4100'

2018-05-21 20:49:58 - [MESSAGE][PASSED] - Attribute 'value' of object '' is: '4100'

2018-05-21 20:49:58 - [TEST_STEP][PASSED] - Statement - Rqty = 100: null

2018-05-21 20:49:58 - [TEST_STEP][PASSED] - delay: Delayed 2 second(s)

2018-05-21 20:50:00 - [MESSAGE][PASSED] - Delayed 2 second(s)

2018-05-21 20:50:00 - [TEST_STEP][PASSED] - Statement - out.println("BatchQty : " + batchqty): null

2018-05-21 20:50:00 - [TEST_STEP][PASSED] - Statement - out.println("RQty : " + Rqty): null

2018-05-21 20:50:00 - [TEST_STEP][PASSED] - Statement - If (java.lang.Integer.valueOf(batchqty) >= java.lang.Integer.valueOf(Rqty)): null

2018-05-21 20:50:00 - [TEST_STEP][PASSED] - Statement - Break: null

2018-05-21 20:50:00 - [TEST_STEP][PASSED] - Statement - batchlength = new com.kms.katalon.core.testobject.TestObject(): null

2018-05-21 20:50:00 - [TEST_STEP][PASSED] - Statement - batchlength = com.kms.katalon.core.webui.keyword.WebUiBuiltInKeywords.modifyObjectProperty(batchlength, "xpath", "equals", "//*[@id = "fldvendor" + row + ""]", true): Modify property of object successfully

2018-05-21 20:50:00 - [MESSAGE][PASSED] - Modify property of object successfully

2018-05-21 20:50:00 - [TEST_STEP][PASSED] - Statement - batchsize = com.kms.katalon.core.webui.keyword.WebUiBuiltInKeywords.getNumberOfTotalOption(batchlength): 7 options of object '' counted

2018-05-21 20:50:01 - [MESSAGE][PASSED] - 7 options of object '' counted

2018-05-21 20:50:01 - [TEST_STEP][PASSED] - Statement - out.println("BatchSize : " + batchsize): null

2018-05-21 20:50:01 - [TEST_STEP][PASSED] - Statement - For ([n = 1, n <= batchsize - 1, (n++)]): null

2018-05-21 20:50:01 - [TEST_STEP][PASSED] - Statement - product = new com.kms.katalon.core.testobject.TestObject(): null

2018-05-21 20:50:01 - [TEST_STEP][PASSED] - Statement - product = com.kms.katalon.core.webui.keyword.WebUiBuiltInKeywords.modifyObjectProperty(product, "xpath", "equals", "//*[@id = "fldvendor" + row + ""]", true): Modify property of object successfully

2018-05-21 20:50:01 - [MESSAGE][PASSED] - Modify property of object successfully

2018-05-21 20:50:01 - [TEST_STEP][PASSED] - selectOptionByIndex: All options with index in [1] are selected on object ''

2018-05-21 20:50:01 - [MESSAGE][PASSED] - All options with index in [1] are selected on object ''

2018-05-21 20:50:01 - [TEST_STEP][PASSED] - Statement - batch = new com.kms.katalon.core.testobject.TestObject(): null

2018-05-21 20:50:01 - [TEST_STEP][PASSED] - Statement - batch = com.kms.katalon.core.webui.keyword.WebUiBuiltInKeywords.modifyObjectProperty(batch, "xpath", "equals", "//*[@id = "txtbthqty" + row + ""]", true): Modify property of object successfully

2018-05-21 20:50:01 - [MESSAGE][PASSED] - Modify property of object successfully

2018-05-21 20:50:01 - [TEST_STEP][PASSED] - Statement - batchqty = com.kms.katalon.core.webui.keyword.WebUiBuiltInKeywords.getAttribute(batch, "value").trim(): Attribute 'value' of object '' is: '4100'

2018-05-21 20:50:01 - [MESSAGE][PASSED] - Attribute 'value' of object '' is: '4100'

2018-05-21 20:50:01 - [TEST_STEP][PASSED] - Statement - Rqty = 100: null

2018-05-21 20:50:01 - [TEST_STEP][PASSED] - delay: Delayed 2 second(s)

2018-05-21 20:50:03 - [MESSAGE][PASSED] - Delayed 2 second(s)

2018-05-21 20:50:03 - [TEST_STEP][PASSED] - Statement - out.println("BatchQty : " + batchqty): null

2018-05-21 20:50:03 - [TEST_STEP][PASSED] - Statement - out.println("RQty : " + Rqty): null

2018-05-21 20:50:03 - [TEST_STEP][PASSED] - Statement - If (java.lang.Integer.valueOf(batchqty) >= java.lang.Integer.valueOf(Rqty)): null

2018-05-21 20:50:03 - [TEST_STEP][PASSED] - Statement - Break: null

2018-05-21 20:50:03 - [TEST_STEP][PASSED] - Statement - batchlength = new com.kms.katalon.core.testobject.TestObject(): null

2018-05-21 20:50:03 - [TEST_STEP][PASSED] - Statement - batchlength = com.kms.katalon.core.webui.keyword.WebUiBuiltInKeywords.modifyObjectProperty(batchlength, "xpath", "equals", "//*[@id = "fldvendor" + row + ""]", true): Modify property of object successfully

2018-05-21 20:50:03 - [MESSAGE][PASSED] - Modify property of object successfully

2018-05-21 20:50:03 - [TEST_STEP][PASSED] - Statement - batchsize = com.kms.katalon.core.webui.keyword.WebUiBuiltInKeywords.getNumberOfTotalOption(batchlength): 7 options of object '' counted

2018-05-21 20:50:03 - [MESSAGE][PASSED] - 7 options of object '' counted

2018-05-21 20:50:03 - [TEST_STEP][PASSED] - Statement - out.println("BatchSize : " + batchsize): null

2018-05-21 20:50:03 - [TEST_STEP][PASSED] - Statement - For ([n = 1, n <= batchsize - 1, (n++)]): null

2018-05-21 20:50:03 - [TEST_STEP][PASSED] - Statement - product = new com.kms.katalon.core.testobject.TestObject(): null

2018-05-21 20:50:03 - [TEST_STEP][PASSED] - Statement - product = com.kms.katalon.core.webui.keyword.WebUiBuiltInKeywords.modifyObjectProperty(product, "xpath", "equals", "//*[@id = "fldvendor" + row + ""]", true): Modify property of object successfully

2018-05-21 20:50:03 - [MESSAGE][PASSED] - Modify property of object successfully

2018-05-21 20:50:03 - [TEST_STEP][PASSED] - selectOptionByIndex: All options with index in [1] are selected on object ''

2018-05-21 20:50:03 - [MESSAGE][PASSED] - All options with index in [1] are selected on object ''

2018-05-21 20:50:03 - [TEST_STEP][PASSED] - Statement - batch = new com.kms.katalon.core.testobject.TestObject(): null

2018-05-21 20:50:03 - [TEST_STEP][PASSED] - Statement - batch = com.kms.katalon.core.webui.keyword.WebUiBuiltInKeywords.modifyObjectProperty(batch, "xpath", "equals", "//*[@id = "txtbthqty" + row + ""]", true): Modify property of object successfully

2018-05-21 20:50:03 - [MESSAGE][PASSED] - Modify property of object successfully

2018-05-21 20:50:03 - [TEST_STEP][PASSED] - Statement - batchqty = com.kms.katalon.core.webui.keyword.WebUiBuiltInKeywords.getAttribute(batch, "value").trim(): Attribute 'value' of object '' is: '39100'

2018-05-21 20:50:03 - [MESSAGE][PASSED] - Attribute 'value' of object '' is: '39100'

2018-05-21 20:50:03 - [TEST_STEP][PASSED] - Statement - Rqty = 100: null

2018-05-21 20:50:03 - [TEST_STEP][PASSED] - delay: Delayed 2 second(s)

2018-05-21 20:50:05 - [MESSAGE][PASSED] - Delayed 2 second(s)

2018-05-21 20:50:05 - [TEST_STEP][PASSED] - Statement - out.println("BatchQty : " + batchqty): null

2018-05-21 20:50:05 - [TEST_STEP][PASSED] - Statement - out.println("RQty : " + Rqty): null

2018-05-21 20:50:05 - [TEST_STEP][PASSED] - Statement - If (java.lang.Integer.valueOf(batchqty) >= java.lang.Integer.valueOf(Rqty)): null

2018-05-21 20:50:05 - [TEST_STEP][PASSED] - Statement - Break: null

2018-05-21 20:50:05 - [TEST_STEP][PASSED] - Statement - batchlength = new com.kms.katalon.core.testobject.TestObject(): null

2018-05-21 20:50:05 - [TEST_STEP][PASSED] - Statement - batchlength = com.kms.katalon.core.webui.keyword.WebUiBuiltInKeywords.modifyObjectProperty(batchlength, "xpath", "equals", "//*[@id = "fldvendor" + row + ""]", true): Modify property of object successfully

2018-05-21 20:50:05 - [MESSAGE][PASSED] - Modify property of object successfully

2018-05-21 20:50:05 - [TEST_STEP][PASSED] - Statement - batchsize = com.kms.katalon.core.webui.keyword.WebUiBuiltInKeywords.getNumberOfTotalOption(batchlength): 7 options of object '' counted

2018-05-21 20:50:05 - [MESSAGE][PASSED] - 7 options of object '' counted

2018-05-21 20:50:05 - [TEST_STEP][PASSED] - Statement - out.println("BatchSize : " + batchsize): null

2018-05-21 20:50:05 - [TEST_STEP][PASSED] - Statement - For ([n = 1, n <= batchsize - 1, (n++)]): null

2018-05-21 20:50:05 - [TEST_STEP][PASSED] - Statement - product = new com.kms.katalon.core.testobject.TestObject(): null

2018-05-21 20:50:05 - [TEST_STEP][PASSED] - Statement - product = com.kms.katalon.core.webui.keyword.WebUiBuiltInKeywords.modifyObjectProperty(product, "xpath", "equals", "//*[@id = "fldvendor" + row + ""]", true): Modify property of object successfully

2018-05-21 20:50:05 - [MESSAGE][PASSED] - Modify property of object successfully

2018-05-21 20:50:05 - [TEST_STEP][PASSED] - selectOptionByIndex: All options with index in [1] are selected on object ''

2018-05-21 20:50:05 - [MESSAGE][PASSED] - All options with index in [1] are selected on object ''

2018-05-21 20:50:05 - [TEST_STEP][PASSED] - Statement - batch = new com.kms.katalon.core.testobject.TestObject(): null

2018-05-21 20:50:05 - [TEST_STEP][PASSED] - Statement - batch = com.kms.katalon.core.webui.keyword.WebUiBuiltInKeywords.modifyObjectProperty(batch, "xpath", "equals", "//*[@id = "txtbthqty" + row + ""]", true): Modify property of object successfully

2018-05-21 20:50:05 - [MESSAGE][PASSED] - Modify property of object successfully

2018-05-21 20:50:05 - [TEST_STEP][PASSED] - Statement - batchqty = com.kms.katalon.core.webui.keyword.WebUiBuiltInKeywords.getAttribute(batch, "value").trim(): Attribute 'value' of object '' is: '39100'

2018-05-21 20:50:05 - [MESSAGE][PASSED] - Attribute 'value' of object '' is: '39100'

2018-05-21 20:50:05 - [TEST_STEP][PASSED] - Statement - Rqty = 100: null

2018-05-21 20:50:05 - [TEST_STEP][PASSED] - delay: Delayed 2 second(s)

2018-05-21 20:50:07 - [MESSAGE][PASSED] - Delayed 2 second(s)

2018-05-21 20:50:07 - [TEST_STEP][PASSED] - Statement - out.println("BatchQty : " + batchqty): null

2018-05-21 20:50:07 - [TEST_STEP][PASSED] - Statement - out.println("RQty : " + Rqty): null

2018-05-21 20:50:07 - [TEST_STEP][PASSED] - Statement - If (java.lang.Integer.valueOf(batchqty) >= java.lang.Integer.valueOf(Rqty)): null

2018-05-21 20:50:07 - [TEST_STEP][PASSED] - Statement - Break: null

2018-05-21 20:50:07 - [TEST_STEP][PASSED] - Statement - batchlength = new com.kms.katalon.core.testobject.TestObject(): null

2018-05-21 20:50:07 - [TEST_STEP][PASSED] - Statement - batchlength = com.kms.katalon.core.webui.keyword.WebUiBuiltInKeywords.modifyObjectProperty(batchlength, "xpath", "equals", "//*[@id = "fldvendor" + row + ""]", true): Modify property of object successfully

2018-05-21 20:50:07 - [MESSAGE][PASSED] - Modify property of object successfully

2018-05-21 20:50:07 - [TEST_STEP][PASSED] - Statement - batchsize = com.kms.katalon.core.webui.keyword.WebUiBuiltInKeywords.getNumberOfTotalOption(batchlength): 7 options of object '' counted

2018-05-21 20:50:07 - [MESSAGE][PASSED] - 7 options of object '' counted

2018-05-21 20:50:07 - [TEST_STEP][PASSED] - Statement - out.println("BatchSize : " + batchsize): null

2018-05-21 20:50:07 - [TEST_STEP][PASSED] - Statement - For ([n = 1, n <= batchsize - 1, (n++)]): null

2018-05-21 20:50:07 - [TEST_STEP][PASSED] - Statement - product = new com.kms.katalon.core.testobject.TestObject(): null

2018-05-21 20:50:07 - [TEST_STEP][PASSED] - Statement - product = com.kms.katalon.core.webui.keyword.WebUiBuiltInKeywords.modifyObjectProperty(product, "xpath", "equals", "//*[@id = "fldvendor" + row + ""]", true): Modify property of object successfully

2018-05-21 20:50:07 - [MESSAGE][PASSED] - Modify property of object successfully

2018-05-21 20:50:07 - [TEST_STEP][PASSED] - selectOptionByIndex: All options with index in [1] are selected on object ''

2018-05-21 20:50:07 - [MESSAGE][PASSED] - All options with index in [1] are selected on object ''

2018-05-21 20:50:07 - [TEST_STEP][PASSED] - Statement - batch = new com.kms.katalon.core.testobject.TestObject(): null

2018-05-21 20:50:07 - [TEST_STEP][PASSED] - Statement - batch = com.kms.katalon.core.webui.keyword.WebUiBuiltInKeywords.modifyObjectProperty(batch, "xpath", "equals", "//*[@id = "txtbthqty" + row + ""]", true): Modify property of object successfully

2018-05-21 20:50:07 - [MESSAGE][PASSED] - Modify property of object successfully

2018-05-21 20:50:07 - [TEST_STEP][PASSED] - Statement - batchqty = com.kms.katalon.core.webui.keyword.WebUiBuiltInKeywords.getAttribute(batch, "value").trim(): Attribute 'value' of object '' is: '4300'

2018-05-21 20:50:07 - [MESSAGE][PASSED] - Attribute 'value' of object '' is: '4300'

2018-05-21 20:50:07 - [TEST_STEP][PASSED] - Statement - Rqty = 100: null

2018-05-21 20:50:07 - [TEST_STEP][PASSED] - delay: Delayed 2 second(s)

2018-05-21 20:50:09 - [MESSAGE][PASSED] - Delayed 2 second(s)

2018-05-21 20:50:09 - [TEST_STEP][PASSED] - Statement - out.println("BatchQty : " + batchqty): null

2018-05-21 20:50:09 - [TEST_STEP][PASSED] - Statement - out.println("RQty : " + Rqty): null

2018-05-21 20:50:09 - [TEST_STEP][PASSED] - Statement - If (java.lang.Integer.valueOf(batchqty) >= java.lang.Integer.valueOf(Rqty)): null

2018-05-21 20:50:09 - [TEST_STEP][PASSED] - Statement - Break: null

2018-05-21 20:50:09 - [TEST_STEP][PASSED] - Statement - batchlength = new com.kms.katalon.core.testobject.TestObject(): null

2018-05-21 20:50:09 - [TEST_STEP][PASSED] - Statement - batchlength = com.kms.katalon.core.webui.keyword.WebUiBuiltInKeywords.modifyObjectProperty(batchlength, "xpath", "equals", "//*[@id = "fldvendor" + row + ""]", true): Modify property of object successfully

2018-05-21 20:50:09 - [MESSAGE][PASSED] - Modify property of object successfully

2018-05-21 20:50:09 - [TEST_STEP][PASSED] - Statement - batchsize = com.kms.katalon.core.webui.keyword.WebUiBuiltInKeywords.getNumberOfTotalOption(batchlength): 7 options of object '' counted

2018-05-21 20:50:10 - [MESSAGE][PASSED] - 7 options of object '' counted

2018-05-21 20:50:10 - [TEST_STEP][PASSED] - Statement - out.println("BatchSize : " + batchsize): null

2018-05-21 20:50:10 - [TEST_STEP][PASSED] - Statement - For ([n = 1, n <= batchsize - 1, (n++)]): null

2018-05-21 20:50:10 - [TEST_STEP][PASSED] - Statement - product = new com.kms.katalon.core.testobject.TestObject(): null

2018-05-21 20:50:10 - [TEST_STEP][PASSED] - Statement - product = com.kms.katalon.core.webui.keyword.WebUiBuiltInKeywords.modifyObjectProperty(product, "xpath", "equals", "//*[@id = "fldvendor" + row + ""]", true): Modify property of object successfully

2018-05-21 20:50:10 - [MESSAGE][PASSED] - Modify property of object successfully

2018-05-21 20:50:10 - [TEST_STEP][PASSED] - selectOptionByIndex: All options with index in [1] are selected on object ''

2018-05-21 20:50:10 - [MESSAGE][PASSED] - All options with index in [1] are selected on object ''

2018-05-21 20:50:10 - [TEST_STEP][PASSED] - Statement - batch = new com.kms.katalon.core.testobject.TestObject(): null

2018-05-21 20:50:10 - [TEST_STEP][PASSED] - Statement - batch = com.kms.katalon.core.webui.keyword.WebUiBuiltInKeywords.modifyObjectProperty(batch, "xpath", "equals", "//*[@id = "txtbthqty" + row + ""]", true): Modify property of object successfully

2018-05-21 20:50:10 - [MESSAGE][PASSED] - Modify property of object successfully

2018-05-21 20:50:10 - [TEST_STEP][PASSED] - Statement - batchqty = com.kms.katalon.core.webui.keyword.WebUiBuiltInKeywords.getAttribute(batch, "value").trim(): Attribute 'value' of object '' is: '39100'

2018-05-21 20:50:10 - [MESSAGE][PASSED] - Attribute 'value' of object '' is: '39100'

2018-05-21 20:50:10 - [TEST_STEP][PASSED] - Statement - Rqty = 100: null

2018-05-21 20:50:10 - [TEST_STEP][PASSED] - delay: Delayed 2 second(s)

2018-05-21 20:50:12 - [MESSAGE][PASSED] - Delayed 2 second(s)

2018-05-21 20:50:12 - [TEST_STEP][PASSED] - Statement - out.println("BatchQty : " + batchqty): null

2018-05-21 20:50:12 - [TEST_STEP][PASSED] - Statement - out.println("RQty : " + Rqty): null

2018-05-21 20:50:12 - [TEST_STEP][PASSED] - Statement - If (java.lang.Integer.valueOf(batchqty) >= java.lang.Integer.valueOf(Rqty)): null

2018-05-21 20:50:12 - [TEST_STEP][PASSED] - Statement - Break: null

2018-05-21 20:50:12 - [TEST_STEP][PASSED] - Statement - batchlength = new com.kms.katalon.core.testobject.TestObject(): null

2018-05-21 20:50:12 - [TEST_STEP][PASSED] - Statement - batchlength = com.kms.katalon.core.webui.keyword.WebUiBuiltInKeywords.modifyObjectProperty(batchlength, "xpath", "equals", "//*[@id = "fldvendor" + row + ""]", true): Modify property of object successfully

2018-05-21 20:50:12 - [MESSAGE][PASSED] - Modify property of object successfully

2018-05-21 20:50:12 - [TEST_STEP][PASSED] - Statement - batchsize = com.kms.katalon.core.webui.keyword.WebUiBuiltInKeywords.getNumberOfTotalOption(batchlength): 7 options of object '' counted

2018-05-21 20:50:12 - [MESSAGE][PASSED] - 7 options of object '' counted

2018-05-21 20:50:12 - [TEST_STEP][PASSED] - Statement - out.println("BatchSize : " + batchsize): null

2018-05-21 20:50:12 - [TEST_STEP][PASSED] - Statement - For ([n = 1, n <= batchsize - 1, (n++)]): null

2018-05-21 20:50:12 - [TEST_STEP][PASSED] - Statement - product = new com.kms.katalon.core.testobject.TestObject(): null

2018-05-21 20:50:12 - [TEST_STEP][PASSED] - Statement - product = com.kms.katalon.core.webui.keyword.WebUiBuiltInKeywords.modifyObjectProperty(product, "xpath", "equals", "//*[@id = "fldvendor" + row + ""]", true): Modify property of object successfully

2018-05-21 20:50:12 - [MESSAGE][PASSED] - Modify property of object successfully

2018-05-21 20:50:12 - [TEST_STEP][PASSED] - selectOptionByIndex: All options with index in [1] are selected on object ''

2018-05-21 20:50:12 - [MESSAGE][PASSED] - All options with index in [1] are selected on object ''

2018-05-21 20:50:12 - [TEST_STEP][PASSED] - Statement - batch = new com.kms.katalon.core.testobject.TestObject(): null

2018-05-21 20:50:12 - [TEST_STEP][PASSED] - Statement - batch = com.kms.katalon.core.webui.keyword.WebUiBuiltInKeywords.modifyObjectProperty(batch, "xpath", "equals", "//*[@id = "txtbthqty" + row + ""]", true): Modify property of object successfully

2018-05-21 20:50:12 - [MESSAGE][PASSED] - Modify property of object successfully

2018-05-21 20:50:12 - [TEST_STEP][PASSED] - Statement - batchqty = com.kms.katalon.core.webui.keyword.WebUiBuiltInKeywords.getAttribute(batch, "value").trim(): Attribute 'value' of object '' is: '39100'

2018-05-21 20:50:12 - [MESSAGE][PASSED] - Attribute 'value' of object '' is: '39100'

2018-05-21 20:50:12 - [TEST_STEP][PASSED] - Statement - Rqty = 100: null

2018-05-21 20:50:12 - [TEST_STEP][PASSED] - delay: Delayed 2 second(s)

2018-05-21 20:50:14 - [MESSAGE][PASSED] - Delayed 2 second(s)

2018-05-21 20:50:14 - [TEST_STEP][PASSED] - Statement - out.println("BatchQty : " + batchqty): null

2018-05-21 20:50:14 - [TEST_STEP][PASSED] - Statement - out.println("RQty : " + Rqty): null

2018-05-21 20:50:14 - [TEST_STEP][PASSED] - Statement - If (java.lang.Integer.valueOf(batchqty) >= java.lang.Integer.valueOf(Rqty)): null

2018-05-21 20:50:14 - [TEST_STEP][PASSED] - Statement - Break: null

2018-05-21 20:50:14 - [TEST_STEP][PASSED] - Statement - batchlength = new com.kms.katalon.core.testobject.TestObject(): null

2018-05-21 20:50:14 - [TEST_STEP][PASSED] - Statement - batchlength = com.kms.katalon.core.webui.keyword.WebUiBuiltInKeywords.modifyObjectProperty(batchlength, "xpath", "equals", "//*[@id = "fldvendor" + row + ""]", true): Modify property of object successfully

2018-05-21 20:50:14 - [MESSAGE][PASSED] - Modify property of object successfully

2018-05-21 20:50:14 - [TEST_STEP][PASSED] - Statement - batchsize = com.kms.katalon.core.webui.keyword.WebUiBuiltInKeywords.getNumberOfTotalOption(batchlength): 7 options of object '' counted

2018-05-21 20:50:14 - [MESSAGE][PASSED] - 7 options of object '' counted

2018-05-21 20:50:14 - [TEST_STEP][PASSED] - Statement - out.println("BatchSize : " + batchsize): null

2018-05-21 20:50:14 - [TEST_STEP][PASSED] - Statement - For ([n = 1, n <= batchsize - 1, (n++)]): null

2018-05-21 20:50:14 - [TEST_STEP][PASSED] - Statement - product = new com.kms.katalon.core.testobject.TestObject(): null

2018-05-21 20:50:14 - [TEST_STEP][PASSED] - Statement - product = com.kms.katalon.core.webui.keyword.WebUiBuiltInKeywords.modifyObjectProperty(product, "xpath", "equals", "//*[@id = "fldvendor" + row + ""]", true): Modify property of object successfully

2018-05-21 20:50:14 - [MESSAGE][PASSED] - Modify property of object successfully

2018-05-21 20:50:14 - [TEST_STEP][PASSED] - selectOptionByIndex: All options with index in [1] are selected on object ''

2018-05-21 20:50:14 - [MESSAGE][PASSED] - All options with index in [1] are selected on object ''

2018-05-21 20:50:14 - [TEST_STEP][PASSED] - Statement - batch = new com.kms.katalon.core.testobject.TestObject(): null

2018-05-21 20:50:14 - [TEST_STEP][PASSED] - Statement - batch = com.kms.katalon.core.webui.keyword.WebUiBuiltInKeywords.modifyObjectProperty(batch, "xpath", "equals", "//*[@id = "txtbthqty" + row + ""]", true): Modify property of object successfully

2018-05-21 20:50:14 - [MESSAGE][PASSED] - Modify property of object successfully

2018-05-21 20:50:14 - [TEST_STEP][PASSED] - Statement - batchqty = com.kms.katalon.core.webui.keyword.WebUiBuiltInKeywords.getAttribute(batch, "value").trim(): Attribute 'value' of object '' is: '39100'

2018-05-21 20:50:14 - [MESSAGE][PASSED] - Attribute 'value' of object '' is: '39100'

2018-05-21 20:50:14 - [TEST_STEP][PASSED] - Statement - Rqty = 100: null

2018-05-21 20:50:14 - [TEST_STEP][PASSED] - delay: Delayed 2 second(s)

2018-05-21 20:50:16 - [MESSAGE][PASSED] - Delayed 2 second(s)

2018-05-21 20:50:16 - [TEST_STEP][PASSED] - Statement - out.println("BatchQty : " + batchqty): null

2018-05-21 20:50:16 - [TEST_STEP][PASSED] - Statement - out.println("RQty : " + Rqty): null

2018-05-21 20:50:16 - [TEST_STEP][PASSED] - Statement - If (java.lang.Integer.valueOf(batchqty) >= java.lang.Integer.valueOf(Rqty)): null

2018-05-21 20:50:16 - [TEST_STEP][PASSED] - Statement - Break: null

2018-05-21 20:50:16 - [TEST_STEP][PASSED] - Statement - batchlength = new com.kms.katalon.core.testobject.TestObject(): null

2018-05-21 20:50:16 - [TEST_STEP][PASSED] - Statement - batchlength = com.kms.katalon.core.webui.keyword.WebUiBuiltInKeywords.modifyObjectProperty(batchlength, "xpath", "equals", "//*[@id = "fldvendor" + row + ""]", true): Modify property of object successfully

2018-05-21 20:50:16 - [MESSAGE][PASSED] - Modify property of object successfully

2018-05-21 20:50:16 - [TEST_STEP][PASSED] - Statement - batchsize = com.kms.katalon.core.webui.keyword.WebUiBuiltInKeywords.getNumberOfTotalOption(batchlength): 7 options of object '' counted

2018-05-21 20:50:16 - [MESSAGE][PASSED] - 7 options of object '' counted

2018-05-21 20:50:16 - [TEST_STEP][PASSED] - Statement - out.println("BatchSize : " + batchsize): null

2018-05-21 20:50:16 - [TEST_STEP][PASSED] - Statement - For ([n = 1, n <= batchsize - 1, (n++)]): null

2018-05-21 20:50:16 - [TEST_STEP][PASSED] - Statement - product = new com.kms.katalon.core.testobject.TestObject(): null

2018-05-21 20:50:16 - [TEST_STEP][PASSED] - Statement - product = com.kms.katalon.core.webui.keyword.WebUiBuiltInKeywords.modifyObjectProperty(product, "xpath", "equals", "//*[@id = "fldvendor" + row + ""]", true): Modify property of object successfully

2018-05-21 20:50:16 - [MESSAGE][PASSED] - Modify property of object successfully

2018-05-21 20:50:16 - [TEST_STEP][PASSED] - selectOptionByIndex: All options with index in [1] are selected on object ''

2018-05-21 20:50:16 - [MESSAGE][PASSED] - All options with index in [1] are selected on object ''

2018-05-21 20:50:16 - [TEST_STEP][PASSED] - Statement - batch = new com.kms.katalon.core.testobject.TestObject(): null

2018-05-21 20:50:16 - [TEST_STEP][PASSED] - Statement - batch = com.kms.katalon.core.webui.keyword.WebUiBuiltInKeywords.modifyObjectProperty(batch, "xpath", "equals", "//*[@id = "txtbthqty" + row + ""]", true): Modify property of object successfully

2018-05-21 20:50:16 - [MESSAGE][PASSED] - Modify property of object successfully

2018-05-21 20:50:16 - [TEST_STEP][PASSED] - Statement - batchqty = com.kms.katalon.core.webui.keyword.WebUiBuiltInKeywords.getAttribute(batch, "value").trim(): Attribute 'value' of object '' is: '39100'

2018-05-21 20:50:16 - [MESSAGE][PASSED] - Attribute 'value' of object '' is: '39100'

2018-05-21 20:50:16 - [TEST_STEP][PASSED] - Statement - Rqty = 100: null

2018-05-21 20:50:16 - [TEST_STEP][PASSED] - delay: Delayed 2 second(s)

2018-05-21 20:50:18 - [MESSAGE][PASSED] - Delayed 2 second(s)

2018-05-21 20:50:18 - [TEST_STEP][PASSED] - Statement - out.println("BatchQty : " + batchqty): null

2018-05-21 20:50:18 - [TEST_STEP][PASSED] - Statement - out.println("RQty : " + Rqty): null

2018-05-21 20:50:18 - [TEST_STEP][PASSED] - Statement - If (java.lang.Integer.valueOf(batchqty) >= java.lang.Integer.valueOf(Rqty)): null

2018-05-21 20:50:18 - [TEST_STEP][PASSED] - Statement - Break: null

2018-05-21 20:50:18 - [TEST_STEP][PASSED] - Statement - batchlength = new com.kms.katalon.core.testobject.TestObject(): null

2018-05-21 20:50:18 - [TEST_STEP][PASSED] - Statement - batchlength = com.kms.katalon.core.webui.keyword.WebUiBuiltInKeywords.modifyObjectProperty(batchlength, "xpath", "equals", "//*[@id = "fldvendor" + row + ""]", true): Modify property of object successfully

2018-05-21 20:50:18 - [MESSAGE][PASSED] - Modify property of object successfully

2018-05-21 20:50:18 - [TEST_STEP][PASSED] - Statement - batchsize = com.kms.katalon.core.webui.keyword.WebUiBuiltInKeywords.getNumberOfTotalOption(batchlength): 7 options of object '' counted

2018-05-21 20:50:19 - [MESSAGE][PASSED] - 7 options of object '' counted

2018-05-21 20:50:19 - [TEST_STEP][PASSED] - Statement - out.println("BatchSize : " + batchsize): null

2018-05-21 20:50:19 - [TEST_STEP][PASSED] - Statement - For ([n = 1, n <= batchsize - 1, (n++)]): null

2018-05-21 20:50:19 - [TEST_STEP][PASSED] - Statement - product = new com.kms.katalon.core.testobject.TestObject(): null

2018-05-21 20:50:19 - [TEST_STEP][PASSED] - Statement - product = com.kms.katalon.core.webui.keyword.WebUiBuiltInKeywords.modifyObjectProperty(product, "xpath", "equals", "//*[@id = "fldvendor" + row + ""]", true): Modify property of object successfully

2018-05-21 20:50:19 - [MESSAGE][PASSED] - Modify property of object successfully

2018-05-21 20:50:19 - [TEST_STEP][PASSED] - selectOptionByIndex: All options with index in [1] are selected on object ''

2018-05-21 20:50:19 - [MESSAGE][PASSED] - All options with index in [1] are selected on object ''

2018-05-21 20:50:19 - [TEST_STEP][PASSED] - Statement - batch = new com.kms.katalon.core.testobject.TestObject(): null

2018-05-21 20:50:19 - [TEST_STEP][PASSED] - Statement - batch = com.kms.katalon.core.webui.keyword.WebUiBuiltInKeywords.modifyObjectProperty(batch, "xpath", "equals", "//*[@id = "txtbthqty" + row + ""]", true): Modify property of object successfully

2018-05-21 20:50:19 - [MESSAGE][PASSED] - Modify property of object successfully

2018-05-21 20:50:19 - [TEST_STEP][PASSED] - Statement - batchqty = com.kms.katalon.core.webui.keyword.WebUiBuiltInKeywords.getAttribute(batch, "value").trim(): Attribute 'value' of object '' is: '4200'

2018-05-21 20:50:19 - [MESSAGE][PASSED] - Attribute 'value' of object '' is: '4200'

2018-05-21 20:50:19 - [TEST_STEP][PASSED] - Statement - Rqty = 100: null

2018-05-21 20:50:19 - [TEST_STEP][PASSED] - delay: Delayed 2 second(s)

2018-05-21 20:50:21 - [MESSAGE][PASSED] - Delayed 2 second(s)

2018-05-21 20:50:21 - [TEST_STEP][PASSED] - Statement - out.println("BatchQty : " + batchqty): null

2018-05-21 20:50:21 - [TEST_STEP][PASSED] - Statement - out.println("RQty : " + Rqty): null

2018-05-21 20:50:21 - [TEST_STEP][PASSED] - Statement - If (java.lang.Integer.valueOf(batchqty) >= java.lang.Integer.valueOf(Rqty)): null

2018-05-21 20:50:21 - [TEST_STEP][PASSED] - Statement - Break: null

2018-05-21 20:50:21 - [TEST_STEP][PASSED] - Statement - batchlength = new com.kms.katalon.core.testobject.TestObject(): null

2018-05-21 20:50:21 - [TEST_STEP][PASSED] - Statement - batchlength = com.kms.katalon.core.webui.keyword.WebUiBuiltInKeywords.modifyObjectProperty(batchlength, "xpath", "equals", "//*[@id = "fldvendor" + row + ""]", true): Modify property of object successfully

2018-05-21 20:50:21 - [MESSAGE][PASSED] - Modify property of object successfully

2018-05-21 20:50:21 - [TEST_STEP][PASSED] - Statement - batchsize = com.kms.katalon.core.webui.keyword.WebUiBuiltInKeywords.getNumberOfTotalOption(batchlength): 7 options of object '' counted

2018-05-21 20:50:21 - [MESSAGE][PASSED] - 7 options of object '' counted

2018-05-21 20:50:21 - [TEST_STEP][PASSED] - Statement - out.println("BatchSize : " + batchsize): null

2018-05-21 20:50:21 - [TEST_STEP][PASSED] - Statement - For ([n = 1, n <= batchsize - 1, (n++)]): null

2018-05-21 20:50:21 - [TEST_STEP][PASSED] - Statement - product = new com.kms.katalon.core.testobject.TestObject(): null

2018-05-21 20:50:21 - [TEST_STEP][PASSED] - Statement - product = com.kms.katalon.core.webui.keyword.WebUiBuiltInKeywords.modifyObjectProperty(product, "xpath", "equals", "//*[@id = "fldvendor" + row + ""]", true): Modify property of object successfully

2018-05-21 20:50:21 - [MESSAGE][PASSED] - Modify property of object successfully

2018-05-21 20:50:21 - [TEST_STEP][PASSED] - selectOptionByIndex: All options with index in [1] are selected on object ''

2018-05-21 20:50:21 - [MESSAGE][PASSED] - All options with index in [1] are selected on object ''

2018-05-21 20:50:21 - [TEST_STEP][PASSED] - Statement - batch = new com.kms.katalon.core.testobject.TestObject(): null

2018-05-21 20:50:21 - [TEST_STEP][PASSED] - Statement - batch = com.kms.katalon.core.webui.keyword.WebUiBuiltInKeywords.modifyObjectProperty(batch, "xpath", "equals", "//*[@id = "txtbthqty" + row + ""]", true): Modify property of object successfully

2018-05-21 20:50:21 - [MESSAGE][PASSED] - Modify property of object successfully

2018-05-21 20:50:21 - [TEST_STEP][PASSED] - Statement - batchqty = com.kms.katalon.core.webui.keyword.WebUiBuiltInKeywords.getAttribute(batch, "value").trim(): Attribute 'value' of object '' is: '4100'

2018-05-21 20:50:21 - [MESSAGE][PASSED] - Attribute 'value' of object '' is: '4100'

2018-05-21 20:50:21 - [TEST_STEP][PASSED] - Statement - Rqty = 100: null

2018-05-21 20:50:21 - [TEST_STEP][PASSED] - delay: Delayed 2 second(s)

2018-05-21 20:50:23 - [MESSAGE][PASSED] - Delayed 2 second(s)

2018-05-21 20:50:23 - [TEST_STEP][PASSED] - Statement - out.println("BatchQty : " + batchqty): null

2018-05-21 20:50:23 - [TEST_STEP][PASSED] - Statement - out.println("RQty : " + Rqty): null

2018-05-21 20:50:23 - [TEST_STEP][PASSED] - Statement - If (java.lang.Integer.valueOf(batchqty) >= java.lang.Integer.valueOf(Rqty)): null

2018-05-21 20:50:23 - [TEST_STEP][PASSED] - Statement - Break: null

2018-05-21 20:50:23 - [TEST_STEP][PASSED] - Statement - batchlength = new com.kms.katalon.core.testobject.TestObject(): null

2018-05-21 20:50:23 - [TEST_STEP][PASSED] - Statement - batchlength = com.kms.katalon.core.webui.keyword.WebUiBuiltInKeywords.modifyObjectProperty(batchlength, "xpath", "equals", "//*[@id = "fldvendor" + row + ""]", true): Modify property of object successfully

2018-05-21 20:50:23 - [MESSAGE][PASSED] - Modify property of object successfully

2018-05-21 20:50:23 - [TEST_STEP][PASSED] - Statement - batchsize = com.kms.katalon.core.webui.keyword.WebUiBuiltInKeywords.getNumberOfTotalOption(batchlength): 7 options of object '' counted

2018-05-21 20:50:23 - [MESSAGE][PASSED] - 7 options of object '' counted

2018-05-21 20:50:23 - [TEST_STEP][PASSED] - Statement - out.println("BatchSize : " + batchsize): null

2018-05-21 20:50:23 - [TEST_STEP][PASSED] - Statement - For ([n = 1, n <= batchsize - 1, (n++)]): null

2018-05-21 20:50:23 - [TEST_STEP][PASSED] - Statement - product = new com.kms.katalon.core.testobject.TestObject(): null

2018-05-21 20:50:23 - [TEST_STEP][PASSED] - Statement - product = com.kms.katalon.core.webui.keyword.WebUiBuiltInKeywords.modifyObjectProperty(product, "xpath", "equals", "//*[@id = "fldvendor" + row + ""]", true): Modify property of object successfully

2018-05-21 20:50:23 - [MESSAGE][PASSED] - Modify property of object successfully

2018-05-21 20:50:23 - [TEST_STEP][PASSED] - selectOptionByIndex: All options with index in [1] are selected on object ''

2018-05-21 20:50:23 - [MESSAGE][PASSED] - All options with index in [1] are selected on object ''

2018-05-21 20:50:23 - [TEST_STEP][PASSED] - Statement - batch = new com.kms.katalon.core.testobject.TestObject(): null

2018-05-21 20:50:23 - [TEST_STEP][PASSED] - Statement - batch = com.kms.katalon.core.webui.keyword.WebUiBuiltInKeywords.modifyObjectProperty(batch, "xpath", "equals", "//*[@id = "txtbthqty" + row + ""]", true): Modify property of object successfully

2018-05-21 20:50:23 - [MESSAGE][PASSED] - Modify property of object successfully

2018-05-21 20:50:23 - [TEST_STEP][PASSED] - Statement - batchqty = com.kms.katalon.core.webui.keyword.WebUiBuiltInKeywords.getAttribute(batch, "value").trim(): Attribute 'value' of object '' is: '4000'

2018-05-21 20:50:23 - [MESSAGE][PASSED] - Attribute 'value' of object '' is: '4000'

2018-05-21 20:50:23 - [TEST_STEP][PASSED] - Statement - Rqty = 100: null

2018-05-21 20:50:23 - [TEST_STEP][PASSED] - delay: Delayed 2 second(s)

2018-05-21 20:50:25 - [MESSAGE][PASSED] - Delayed 2 second(s)

2018-05-21 20:50:25 - [TEST_STEP][PASSED] - Statement - out.println("BatchQty : " + batchqty): null

2018-05-21 20:50:25 - [TEST_STEP][PASSED] - Statement - out.println("RQty : " + Rqty): null

2018-05-21 20:50:25 - [TEST_STEP][PASSED] - Statement - If (java.lang.Integer.valueOf(batchqty) >= java.lang.Integer.valueOf(Rqty)): null

2018-05-21 20:50:25 - [TEST_STEP][PASSED] - Statement - Break: null

2018-05-21 20:50:25 - [TEST_STEP][PASSED] - Statement - batchlength = new com.kms.katalon.core.testobject.TestObject(): null

2018-05-21 20:50:25 - [TEST_STEP][PASSED] - Statement - batchlength = com.kms.katalon.core.webui.keyword.WebUiBuiltInKeywords.modifyObjectProperty(batchlength, "xpath", "equals", "//*[@id = "fldvendor" + row + ""]", true): Modify property of object successfully

2018-05-21 20:50:25 - [MESSAGE][PASSED] - Modify property of object successfully

2018-05-21 20:50:25 - [TEST_STEP][PASSED] - Statement - batchsize = com.kms.katalon.core.webui.keyword.WebUiBuiltInKeywords.getNumberOfTotalOption(batchlength): 7 options of object '' counted

2018-05-21 20:50:25 - [MESSAGE][PASSED] - 7 options of object '' counted

2018-05-21 20:50:25 - [TEST_STEP][PASSED] - Statement - out.println("BatchSize : " + batchsize): null

2018-05-21 20:50:25 - [TEST_STEP][PASSED] - Statement - For ([n = 1, n <= batchsize - 1, (n++)]): null

2018-05-21 20:50:25 - [TEST_STEP][PASSED] - Statement - product = new com.kms.katalon.core.testobject.TestObject(): null

2018-05-21 20:50:25 - [TEST_STEP][PASSED] - Statement - product = com.kms.katalon.core.webui.keyword.WebUiBuiltInKeywords.modifyObjectProperty(product, "xpath", "equals", "//*[@id = "fldvendor" + row + ""]", true): Modify property of object successfully

2018-05-21 20:50:25 - [MESSAGE][PASSED] - Modify property of object successfully

2018-05-21 20:50:25 - [TEST_STEP][PASSED] - selectOptionByIndex: All options with index in [1] are selected on object ''

2018-05-21 20:50:25 - [MESSAGE][PASSED] - All options with index in [1] are selected on object ''

2018-05-21 20:50:25 - [TEST_STEP][PASSED] - Statement - batch = new com.kms.katalon.core.testobject.TestObject(): null

2018-05-21 20:50:25 - [TEST_STEP][PASSED] - Statement - batch = com.kms.katalon.core.webui.keyword.WebUiBuiltInKeywords.modifyObjectProperty(batch, "xpath", "equals", "//*[@id = "txtbthqty" + row + ""]", true): Modify property of object successfully

2018-05-21 20:50:25 - [MESSAGE][PASSED] - Modify property of object successfully

2018-05-21 20:50:25 - [TEST_STEP][PASSED] - Statement - batchqty = com.kms.katalon.core.webui.keyword.WebUiBuiltInKeywords.getAttribute(batch, "value").trim(): Attribute 'value' of object '' is: '4200'

2018-05-21 20:50:25 - [MESSAGE][PASSED] - Attribute 'value' of object '' is: '4200'

2018-05-21 20:50:25 - [TEST_STEP][PASSED] - Statement - Rqty = 100: null

2018-05-21 20:50:25 - [TEST_STEP][PASSED] - delay: Delayed 2 second(s)

2018-05-21 20:50:27 - [MESSAGE][PASSED] - Delayed 2 second(s)

2018-05-21 20:50:27 - [TEST_STEP][PASSED] - Statement - out.println("BatchQty : " + batchqty): null

2018-05-21 20:50:27 - [TEST_STEP][PASSED] - Statement - out.println("RQty : " + Rqty): null

2018-05-21 20:50:27 - [TEST_STEP][PASSED] - Statement - If (java.lang.Integer.valueOf(batchqty) >= java.lang.Integer.valueOf(Rqty)): null

2018-05-21 20:50:27 - [TEST_STEP][PASSED] - Statement - Break: null

2018-05-21 20:50:27 - [TEST_STEP][PASSED] - Statement - batchlength = new com.kms.katalon.core.testobject.TestObject(): null

2018-05-21 20:50:27 - [TEST_STEP][PASSED] - Statement - batchlength = com.kms.katalon.core.webui.keyword.WebUiBuiltInKeywords.modifyObjectProperty(batchlength, "xpath", "equals", "//*[@id = "fldvendor" + row + ""]", true): Modify property of object successfully

2018-05-21 20:50:27 - [MESSAGE][PASSED] - Modify property of object successfully

2018-05-21 20:50:27 - [TEST_STEP][PASSED] - Statement - batchsize = com.kms.katalon.core.webui.keyword.WebUiBuiltInKeywords.getNumberOfTotalOption(batchlength): 7 options of object '' counted

2018-05-21 20:50:28 - [MESSAGE][PASSED] - 7 options of object '' counted

2018-05-21 20:50:28 - [TEST_STEP][PASSED] - Statement - out.println("BatchSize : " + batchsize): null

2018-05-21 20:50:28 - [TEST_STEP][PASSED] - Statement - For ([n = 1, n <= batchsize - 1, (n++)]): null

2018-05-21 20:50:28 - [TEST_STEP][PASSED] - Statement - product = new com.kms.katalon.core.testobject.TestObject(): null

2018-05-21 20:50:28 - [TEST_STEP][PASSED] - Statement - product = com.kms.katalon.core.webui.keyword.WebUiBuiltInKeywords.modifyObjectProperty(product, "xpath", "equals", "//*[@id = "fldvendor" + row + ""]", true): Modify property of object successfully

2018-05-21 20:50:28 - [MESSAGE][PASSED] - Modify property of object successfully

2018-05-21 20:50:28 - [TEST_STEP][PASSED] - selectOptionByIndex: All options with index in [1] are selected on object ''

2018-05-21 20:50:28 - [MESSAGE][PASSED] - All options with index in [1] are selected on object ''

2018-05-21 20:50:28 - [TEST_STEP][PASSED] - Statement - batch = new com.kms.katalon.core.testobject.TestObject(): null

2018-05-21 20:50:28 - [TEST_STEP][PASSED] - Statement - batch = com.kms.katalon.core.webui.keyword.WebUiBuiltInKeywords.modifyObjectProperty(batch, "xpath", "equals", "//*[@id = "txtbthqty" + row + ""]", true): Modify property of object successfully

2018-05-21 20:50:28 - [MESSAGE][PASSED] - Modify property of object successfully

2018-05-21 20:50:28 - [TEST_STEP][PASSED] - Statement - batchqty = com.kms.katalon.core.webui.keyword.WebUiBuiltInKeywords.getAttribute(batch, "value").trim(): Attribute 'value' of object '' is: '4000'

2018-05-21 20:50:28 - [MESSAGE][PASSED] - Attribute 'value' of object '' is: '4000'

2018-05-21 20:50:28 - [TEST_STEP][PASSED] - Statement - Rqty = 100: null

2018-05-21 20:50:28 - [TEST_STEP][PASSED] - delay: Delayed 2 second(s)

2018-05-21 20:50:30 - [MESSAGE][PASSED] - Delayed 2 second(s)

2018-05-21 20:50:30 - [TEST_STEP][PASSED] - Statement - out.println("BatchQty : " + batchqty): null

2018-05-21 20:50:30 - [TEST_STEP][PASSED] - Statement - out.println("RQty : " + Rqty): null

2018-05-21 20:50:30 - [TEST_STEP][PASSED] - Statement - If (java.lang.Integer.valueOf(batchqty) >= java.lang.Integer.valueOf(Rqty)): null

2018-05-21 20:50:30 - [TEST_STEP][PASSED] - Statement - Break: null

2018-05-21 20:50:30 - [TEST_STEP][PASSED] - Statement - batchlength = new com.kms.katalon.core.testobject.TestObject(): null

2018-05-21 20:50:30 - [TEST_STEP][PASSED] - Statement - batchlength = com.kms.katalon.core.webui.keyword.WebUiBuiltInKeywords.modifyObjectProperty(batchlength, "xpath", "equals", "//*[@id = "fldvendor" + row + ""]", true): Modify property of object successfully

2018-05-21 20:50:30 - [MESSAGE][PASSED] - Modify property of object successfully

2018-05-21 20:50:30 - [TEST_STEP][PASSED] - Statement - batchsize = com.kms.katalon.core.webui.keyword.WebUiBuiltInKeywords.getNumberOfTotalOption(batchlength): 7 options of object '' counted

2018-05-21 20:50:30 - [MESSAGE][PASSED] - 7 options of object '' counted

2018-05-21 20:50:30 - [TEST_STEP][PASSED] - Statement - out.println("BatchSize : " + batchsize): null

2018-05-21 20:50:30 - [TEST_STEP][PASSED] - Statement - For ([n = 1, n <= batchsize - 1, (n++)]): null

2018-05-21 20:50:30 - [TEST_STEP][PASSED] - Statement - product = new com.kms.katalon.core.testobject.TestObject(): null

2018-05-21 20:50:30 - [TEST_STEP][PASSED] - Statement - product = com.kms.katalon.core.webui.keyword.WebUiBuiltInKeywords.modifyObjectProperty(product, "xpath", "equals", "//*[@id = "fldvendor" + row + ""]", true): Modify property of object successfully

2018-05-21 20:50:30 - [MESSAGE][PASSED] - Modify property of object successfully

2018-05-21 20:50:30 - [TEST_STEP][PASSED] - selectOptionByIndex: All options with index in [1] are selected on object ''

2018-05-21 20:50:30 - [MESSAGE][PASSED] - All options with index in [1] are selected on object ''

2018-05-21 20:50:30 - [TEST_STEP][PASSED] - Statement - batch = new com.kms.katalon.core.testobject.TestObject(): null

2018-05-21 20:50:30 - [TEST_STEP][PASSED] - Statement - batch = com.kms.katalon.core.webui.keyword.WebUiBuiltInKeywords.modifyObjectProperty(batch, "xpath", "equals", "//*[@id = "txtbthqty" + row + ""]", true): Modify property of object successfully

2018-05-21 20:50:30 - [MESSAGE][PASSED] - Modify property of object successfully

2018-05-21 20:50:30 - [TEST_STEP][PASSED] - Statement - batchqty = com.kms.katalon.core.webui.keyword.WebUiBuiltInKeywords.getAttribute(batch, "value").trim(): Attribute 'value' of object '' is: '4000'

2018-05-21 20:50:30 - [MESSAGE][PASSED] - Attribute 'value' of object '' is: '4000'

2018-05-21 20:50:30 - [TEST_STEP][PASSED] - Statement - Rqty = 100: null

2018-05-21 20:50:30 - [TEST_STEP][PASSED] - delay: Delayed 2 second(s)

2018-05-21 20:50:32 - [MESSAGE][PASSED] - Delayed 2 second(s)

2018-05-21 20:50:32 - [TEST_STEP][PASSED] - Statement - out.println("BatchQty : " + batchqty): null

2018-05-21 20:50:32 - [TEST_STEP][PASSED] - Statement - out.println("RQty : " + Rqty): null

2018-05-21 20:50:32 - [TEST_STEP][PASSED] - Statement - If (java.lang.Integer.valueOf(batchqty) >= java.lang.Integer.valueOf(Rqty)): null

2018-05-21 20:50:32 - [TEST_STEP][PASSED] - Statement - Break: null

2018-05-21 20:50:32 - [TEST_STEP][PASSED] - Statement - batchlength = new com.kms.katalon.core.testobject.TestObject(): null

2018-05-21 20:50:32 - [TEST_STEP][PASSED] - Statement - batchlength = com.kms.katalon.core.webui.keyword.WebUiBuiltInKeywords.modifyObjectProperty(batchlength, "xpath", "equals", "//*[@id = "fldvendor" + row + ""]", true): Modify property of object successfully

2018-05-21 20:50:32 - [MESSAGE][PASSED] - Modify property of object successfully

2018-05-21 20:50:32 - [TEST_STEP][PASSED] - Statement - batchsize = com.kms.katalon.core.webui.keyword.WebUiBuiltInKeywords.getNumberOfTotalOption(batchlength): 7 options of object '' counted

2018-05-21 20:50:32 - [MESSAGE][PASSED] - 7 options of object '' counted

2018-05-21 20:50:32 - [TEST_STEP][PASSED] - Statement - out.println("BatchSize : " + batchsize): null

2018-05-21 20:50:32 - [TEST_STEP][PASSED] - Statement - For ([n = 1, n <= batchsize - 1, (n++)]): null

2018-05-21 20:50:32 - [TEST_STEP][PASSED] - Statement - product = new com.kms.katalon.core.testobject.TestObject(): null

2018-05-21 20:50:32 - [TEST_STEP][PASSED] - Statement - product = com.kms.katalon.core.webui.keyword.WebUiBuiltInKeywords.modifyObjectProperty(product, "xpath", "equals", "//*[@id = "fldvendor" + row + ""]", true): Modify property of object successfully

2018-05-21 20:50:32 - [MESSAGE][PASSED] - Modify property of object successfully

2018-05-21 20:50:32 - [TEST_STEP][PASSED] - selectOptionByIndex: All options with index in [1] are selected on object ''

2018-05-21 20:50:32 - [MESSAGE][PASSED] - All options with index in [1] are selected on object ''

2018-05-21 20:50:32 - [TEST_STEP][PASSED] - Statement - batch = new com.kms.katalon.core.testobject.TestObject(): null

2018-05-21 20:50:32 - [TEST_STEP][PASSED] - Statement - batch = com.kms.katalon.core.webui.keyword.WebUiBuiltInKeywords.modifyObjectProperty(batch, "xpath", "equals", "//*[@id = "txtbthqty" + row + ""]", true): Modify property of object successfully

2018-05-21 20:50:32 - [MESSAGE][PASSED] - Modify property of object successfully

2018-05-21 20:50:32 - [TEST_STEP][PASSED] - Statement - batchqty = com.kms.katalon.core.webui.keyword.WebUiBuiltInKeywords.getAttribute(batch, "value").trim(): Attribute 'value' of object '' is: '4200'

2018-05-21 20:50:32 - [MESSAGE][PASSED] - Attribute 'value' of object '' is: '4200'

2018-05-21 20:50:32 - [TEST_STEP][PASSED] - Statement - Rqty = 100: null

2018-05-21 20:50:32 - [TEST_STEP][PASSED] - delay: Delayed 2 second(s)

2018-05-21 20:50:34 - [MESSAGE][PASSED] - Delayed 2 second(s)

2018-05-21 20:50:34 - [TEST_STEP][PASSED] - Statement - out.println("BatchQty : " + batchqty): null

2018-05-21 20:50:34 - [TEST_STEP][PASSED] - Statement - out.println("RQty : " + Rqty): null

2018-05-21 20:50:34 - [TEST_STEP][PASSED] - Statement - If (java.lang.Integer.valueOf(batchqty) >= java.lang.Integer.valueOf(Rqty)): null

2018-05-21 20:50:34 - [TEST_STEP][PASSED] - Statement - Break: null

2018-05-21 20:50:34 - [TEST_STEP][PASSED] - Statement - batchlength = new com.kms.katalon.core.testobject.TestObject(): null

2018-05-21 20:50:34 - [TEST_STEP][PASSED] - Statement - batchlength = com.kms.katalon.core.webui.keyword.WebUiBuiltInKeywords.modifyObjectProperty(batchlength, "xpath", "equals", "//*[@id = "fldvendor" + row + ""]", true): Modify property of object successfully

2018-05-21 20:50:34 - [MESSAGE][PASSED] - Modify property of object successfully

2018-05-21 20:50:34 - [TEST_STEP][PASSED] - Statement - batchsize = com.kms.katalon.core.webui.keyword.WebUiBuiltInKeywords.getNumberOfTotalOption(batchlength): 7 options of object '' counted

2018-05-21 20:50:34 - [MESSAGE][PASSED] - 7 options of object '' counted

2018-05-21 20:50:34 - [TEST_STEP][PASSED] - Statement - out.println("BatchSize : " + batchsize): null

2018-05-21 20:50:34 - [TEST_STEP][PASSED] - Statement - For ([n = 1, n <= batchsize - 1, (n++)]): null

2018-05-21 20:50:34 - [TEST_STEP][PASSED] - Statement - product = new com.kms.katalon.core.testobject.TestObject(): null

2018-05-21 20:50:34 - [TEST_STEP][PASSED] - Statement - product = com.kms.katalon.core.webui.keyword.WebUiBuiltInKeywords.modifyObjectProperty(product, "xpath", "equals", "//*[@id = "fldvendor" + row + ""]", true): Modify property of object successfully

2018-05-21 20:50:34 - [MESSAGE][PASSED] - Modify property of object successfully

2018-05-21 20:50:34 - [TEST_STEP][PASSED] - selectOptionByIndex: All options with index in [1] are selected on object ''

2018-05-21 20:50:34 - [MESSAGE][PASSED] - All options with index in [1] are selected on object ''

2018-05-21 20:50:34 - [TEST_STEP][PASSED] - Statement - batch = new com.kms.katalon.core.testobject.TestObject(): null

2018-05-21 20:50:34 - [TEST_STEP][PASSED] - Statement - batch = com.kms.katalon.core.webui.keyword.WebUiBuiltInKeywords.modifyObjectProperty(batch, "xpath", "equals", "//*[@id = "txtbthqty" + row + ""]", true): Modify property of object successfully

2018-05-21 20:50:34 - [MESSAGE][PASSED] - Modify property of object successfully

2018-05-21 20:50:34 - [TEST_STEP][PASSED] - Statement - batchqty = com.kms.katalon.core.webui.keyword.WebUiBuiltInKeywords.getAttribute(batch, "value").trim(): Attribute 'value' of object '' is: '39100'

2018-05-21 20:50:34 - [MESSAGE][PASSED] - Attribute 'value' of object '' is: '39100'

2018-05-21 20:50:34 - [TEST_STEP][PASSED] - Statement - Rqty = 100: null

2018-05-21 20:50:34 - [TEST_STEP][PASSED] - delay: Delayed 2 second(s)

2018-05-21 20:50:36 - [MESSAGE][PASSED] - Delayed 2 second(s)

2018-05-21 20:50:36 - [TEST_STEP][PASSED] - Statement - out.println("BatchQty : " + batchqty): null

2018-05-21 20:50:36 - [TEST_STEP][PASSED] - Statement - out.println("RQty : " + Rqty): null

2018-05-21 20:50:36 - [TEST_STEP][PASSED] - Statement - If (java.lang.Integer.valueOf(batchqty) >= java.lang.Integer.valueOf(Rqty)): null

2018-05-21 20:50:36 - [TEST_STEP][PASSED] - Statement - Break: null

2018-05-21 20:50:36 - [TEST_STEP][PASSED] - Statement - batchlength = new com.kms.katalon.core.testobject.TestObject(): null

2018-05-21 20:50:36 - [TEST_STEP][PASSED] - Statement - batchlength = com.kms.katalon.core.webui.keyword.WebUiBuiltInKeywords.modifyObjectProperty(batchlength, "xpath", "equals", "//*[@id = "fldvendor" + row + ""]", true): Modify property of object successfully

2018-05-21 20:50:36 - [MESSAGE][PASSED] - Modify property of object successfully

2018-05-21 20:50:36 - [TEST_STEP][PASSED] - Statement - batchsize = com.kms.katalon.core.webui.keyword.WebUiBuiltInKeywords.getNumberOfTotalOption(batchlength): 7 options of object '' counted

2018-05-21 20:50:37 - [MESSAGE][PASSED] - 7 options of object '' counted

2018-05-21 20:50:37 - [TEST_STEP][PASSED] - Statement - out.println("BatchSize : " + batchsize): null

2018-05-21 20:50:37 - [TEST_STEP][PASSED] - Statement - For ([n = 1, n <= batchsize - 1, (n++)]): null

2018-05-21 20:50:37 - [TEST_STEP][PASSED] - Statement - product = new com.kms.katalon.core.testobject.TestObject(): null

2018-05-21 20:50:37 - [TEST_STEP][PASSED] - Statement - product = com.kms.katalon.core.webui.keyword.WebUiBuiltInKeywords.modifyObjectProperty(product, "xpath", "equals", "//*[@id = "fldvendor" + row + ""]", true): Modify property of object successfully

2018-05-21 20:50:37 - [MESSAGE][PASSED] - Modify property of object successfully

2018-05-21 20:50:37 - [TEST_STEP][PASSED] - selectOptionByIndex: All options with index in [1] are selected on object ''

2018-05-21 20:50:37 - [MESSAGE][PASSED] - All options with index in [1] are selected on object ''

2018-05-21 20:50:37 - [TEST_STEP][PASSED] - Statement - batch = new com.kms.katalon.core.testobject.TestObject(): null

2018-05-21 20:50:37 - [TEST_STEP][PASSED] - Statement - batch = com.kms.katalon.core.webui.keyword.WebUiBuiltInKeywords.modifyObjectProperty(batch, "xpath", "equals", "//*[@id = "txtbthqty" + row + ""]", true): Modify property of object successfully

2018-05-21 20:50:37 - [MESSAGE][PASSED] - Modify property of object successfully

2018-05-21 20:50:37 - [TEST_STEP][PASSED] - Statement - batchqty = com.kms.katalon.core.webui.keyword.WebUiBuiltInKeywords.getAttribute(batch, "value").trim(): Attribute 'value' of object '' is: '4200'

2018-05-21 20:50:37 - [MESSAGE][PASSED] - Attribute 'value' of object '' is: '4200'

2018-05-21 20:50:37 - [TEST_STEP][PASSED] - Statement - Rqty = 100: null

2018-05-21 20:50:37 - [TEST_STEP][PASSED] - delay: Delayed 2 second(s)

2018-05-21 20:50:39 - [MESSAGE][PASSED] - Delayed 2 second(s)

2018-05-21 20:50:39 - [TEST_STEP][PASSED] - Statement - out.println("BatchQty : " + batchqty): null

2018-05-21 20:50:39 - [TEST_STEP][PASSED] - Statement - out.println("RQty : " + Rqty): null

2018-05-21 20:50:39 - [TEST_STEP][PASSED] - Statement - If (java.lang.Integer.valueOf(batchqty) >= java.lang.Integer.valueOf(Rqty)): null

2018-05-21 20:50:39 - [TEST_STEP][PASSED] - Statement - Break: null

2018-05-21 20:50:39 - [TEST_STEP][PASSED] - Statement - batchlength = new com.kms.katalon.core.testobject.TestObject(): null

2018-05-21 20:50:39 - [TEST_STEP][PASSED] - Statement - batchlength = com.kms.katalon.core.webui.keyword.WebUiBuiltInKeywords.modifyObjectProperty(batchlength, "xpath", "equals", "//*[@id = "fldvendor" + row + ""]", true): Modify property of object successfully

2018-05-21 20:50:39 - [MESSAGE][PASSED] - Modify property of object successfully

2018-05-21 20:50:39 - [TEST_STEP][PASSED] - Statement - batchsize = com.kms.katalon.core.webui.keyword.WebUiBuiltInKeywords.getNumberOfTotalOption(batchlength): 7 options of object '' counted

2018-05-21 20:50:39 - [MESSAGE][PASSED] - 7 options of object '' counted

2018-05-21 20:50:39 - [TEST_STEP][PASSED] - Statement - out.println("BatchSize : " + batchsize): null

2018-05-21 20:50:39 - [TEST_STEP][PASSED] - Statement - For ([n = 1, n <= batchsize - 1, (n++)]): null

2018-05-21 20:50:39 - [TEST_STEP][PASSED] - Statement - product = new com.kms.katalon.core.testobject.TestObject(): null

2018-05-21 20:50:39 - [TEST_STEP][PASSED] - Statement - product = com.kms.katalon.core.webui.keyword.WebUiBuiltInKeywords.modifyObjectProperty(product, "xpath", "equals", "//*[@id = "fldvendor" + row + ""]", true): Modify property of object successfully

2018-05-21 20:50:39 - [MESSAGE][PASSED] - Modify property of object successfully

2018-05-21 20:50:39 - [TEST_STEP][PASSED] - selectOptionByIndex: All options with index in [1] are selected on object ''

2018-05-21 20:50:39 - [MESSAGE][PASSED] - All options with index in [1] are selected on object ''

2018-05-21 20:50:39 - [TEST_STEP][PASSED] - Statement - batch = new com.kms.katalon.core.testobject.TestObject(): null

2018-05-21 20:50:39 - [TEST_STEP][PASSED] - Statement - batch = com.kms.katalon.core.webui.keyword.WebUiBuiltInKeywords.modifyObjectProperty(batch, "xpath", "equals", "//*[@id = "txtbthqty" + row + ""]", true): Modify property of object successfully

2018-05-21 20:50:39 - [MESSAGE][PASSED] - Modify property of object successfully

2018-05-21 20:50:39 - [TEST_STEP][PASSED] - Statement - batchqty = com.kms.katalon.core.webui.keyword.WebUiBuiltInKeywords.getAttribute(batch, "value").trim(): Attribute 'value' of object '' is: '4200'

2018-05-21 20:50:39 - [MESSAGE][PASSED] - Attribute 'value' of object '' is: '4200'

2018-05-21 20:50:39 - [TEST_STEP][PASSED] - Statement - Rqty = 100: null

2018-05-21 20:50:39 - [TEST_STEP][PASSED] - delay: Delayed 2 second(s)

2018-05-21 20:50:41 - [MESSAGE][PASSED] - Delayed 2 second(s)

2018-05-21 20:50:41 - [TEST_STEP][PASSED] - Statement - out.println("BatchQty : " + batchqty): null

2018-05-21 20:50:41 - [TEST_STEP][PASSED] - Statement - out.println("RQty : " + Rqty): null

2018-05-21 20:50:41 - [TEST_STEP][PASSED] - Statement - If (java.lang.Integer.valueOf(batchqty) >= java.lang.Integer.valueOf(Rqty)): null

2018-05-21 20:50:41 - [TEST_STEP][PASSED] - Statement - Break: null

2018-05-21 20:50:41 - [TEST_STEP][PASSED] - Statement - batchlength = new com.kms.katalon.core.testobject.TestObject(): null

2018-05-21 20:50:41 - [TEST_STEP][PASSED] - Statement - batchlength = com.kms.katalon.core.webui.keyword.WebUiBuiltInKeywords.modifyObjectProperty(batchlength, "xpath", "equals", "//*[@id = "fldvendor" + row + ""]", true): Modify property of object successfully

2018-05-21 20:50:41 - [MESSAGE][PASSED] - Modify property of object successfully

2018-05-21 20:50:41 - [TEST_STEP][PASSED] - Statement - batchsize = com.kms.katalon.core.webui.keyword.WebUiBuiltInKeywords.getNumberOfTotalOption(batchlength): 7 options of object '' counted

2018-05-21 20:50:41 - [MESSAGE][PASSED] - 7 options of object '' counted

2018-05-21 20:50:41 - [TEST_STEP][PASSED] - Statement - out.println("BatchSize : " + batchsize): null

2018-05-21 20:50:41 - [TEST_STEP][PASSED] - Statement - For ([n = 1, n <= batchsize - 1, (n++)]): null

2018-05-21 20:50:41 - [TEST_STEP][PASSED] - Statement - product = new com.kms.katalon.core.testobject.TestObject(): null

2018-05-21 20:50:41 - [TEST_STEP][PASSED] - Statement - product = com.kms.katalon.core.webui.keyword.WebUiBuiltInKeywords.modifyObjectProperty(product, "xpath", "equals", "//*[@id = "fldvendor" + row + ""]", true): Modify property of object successfully

2018-05-21 20:50:41 - [MESSAGE][PASSED] - Modify property of object successfully

2018-05-21 20:50:41 - [TEST_STEP][PASSED] - selectOptionByIndex: All options with index in [1] are selected on object ''

2018-05-21 20:50:41 - [MESSAGE][PASSED] - All options with index in [1] are selected on object ''

2018-05-21 20:50:41 - [TEST_STEP][PASSED] - Statement - batch = new com.kms.katalon.core.testobject.TestObject(): null

2018-05-21 20:50:41 - [TEST_STEP][PASSED] - Statement - batch = com.kms.katalon.core.webui.keyword.WebUiBuiltInKeywords.modifyObjectProperty(batch, "xpath", "equals", "//*[@id = "txtbthqty" + row + ""]", true): Modify property of object successfully

2018-05-21 20:50:41 - [MESSAGE][PASSED] - Modify property of object successfully

2018-05-21 20:50:41 - [TEST_STEP][PASSED] - Statement - batchqty = com.kms.katalon.core.webui.keyword.WebUiBuiltInKeywords.getAttribute(batch, "value").trim(): Attribute 'value' of object '' is: '39100'

2018-05-21 20:50:41 - [MESSAGE][PASSED] - Attribute 'value' of object '' is: '39100'

2018-05-21 20:50:41 - [TEST_STEP][PASSED] - Statement - Rqty = 100: null

2018-05-21 20:50:41 - [TEST_STEP][PASSED] - delay: Delayed 2 second(s)

2018-05-21 20:50:43 - [MESSAGE][PASSED] - Delayed 2 second(s)

2018-05-21 20:50:43 - [TEST_STEP][PASSED] - Statement - out.println("BatchQty : " + batchqty): null

2018-05-21 20:50:43 - [TEST_STEP][PASSED] - Statement - out.println("RQty : " + Rqty): null

2018-05-21 20:50:43 - [TEST_STEP][PASSED] - Statement - If (java.lang.Integer.valueOf(batchqty) >= java.lang.Integer.valueOf(Rqty)): null

2018-05-21 20:50:43 - [TEST_STEP][PASSED] - Statement - Break: null

2018-05-21 20:50:43 - [TEST_STEP][PASSED] - Statement - batchlength = new com.kms.katalon.core.testobject.TestObject(): null

2018-05-21 20:50:43 - [TEST_STEP][PASSED] - Statement - batchlength = com.kms.katalon.core.webui.keyword.WebUiBuiltInKeywords.modifyObjectProperty(batchlength, "xpath", "equals", "//*[@id = "fldvendor" + row + ""]", true): Modify property of object successfully

2018-05-21 20:50:43 - [MESSAGE][PASSED] - Modify property of object successfully

2018-05-21 20:50:43 - [TEST_STEP][PASSED] - Statement - batchsize = com.kms.katalon.core.webui.keyword.WebUiBuiltInKeywords.getNumberOfTotalOption(batchlength): 7 options of object '' counted

2018-05-21 20:50:43 - [MESSAGE][PASSED] - 7 options of object '' counted

2018-05-21 20:50:43 - [TEST_STEP][PASSED] - Statement - out.println("BatchSize : " + batchsize): null

2018-05-21 20:50:43 - [TEST_STEP][PASSED] - Statement - For ([n = 1, n <= batchsize - 1, (n++)]): null

2018-05-21 20:50:43 - [TEST_STEP][PASSED] - Statement - product = new com.kms.katalon.core.testobject.TestObject(): null

2018-05-21 20:50:43 - [TEST_STEP][PASSED] - Statement - product = com.kms.katalon.core.webui.keyword.WebUiBuiltInKeywords.modifyObjectProperty(product, "xpath", "equals", "//*[@id = "fldvendor" + row + ""]", true): Modify property of object successfully

2018-05-21 20:50:43 - [MESSAGE][PASSED] - Modify property of object successfully

2018-05-21 20:50:43 - [TEST_STEP][PASSED] - selectOptionByIndex: All options with index in [1] are selected on object ''

2018-05-21 20:50:43 - [MESSAGE][PASSED] - All options with index in [1] are selected on object ''

2018-05-21 20:50:43 - [TEST_STEP][PASSED] - Statement - batch = new com.kms.katalon.core.testobject.TestObject(): null

2018-05-21 20:50:43 - [TEST_STEP][PASSED] - Statement - batch = com.kms.katalon.core.webui.keyword.WebUiBuiltInKeywords.modifyObjectProperty(batch, "xpath", "equals", "//*[@id = "txtbthqty" + row + ""]", true): Modify property of object successfully

2018-05-21 20:50:43 - [MESSAGE][PASSED] - Modify property of object successfully

2018-05-21 20:50:43 - [TEST_STEP][PASSED] - Statement - batchqty = com.kms.katalon.core.webui.keyword.WebUiBuiltInKeywords.getAttribute(batch, "value").trim(): Attribute 'value' of object '' is: '39100'

2018-05-21 20:50:43 - [MESSAGE][PASSED] - Attribute 'value' of object '' is: '39100'

2018-05-21 20:50:43 - [TEST_STEP][PASSED] - Statement - Rqty = 100: null

2018-05-21 20:50:43 - [TEST_STEP][PASSED] - delay: Delayed 2 second(s)

2018-05-21 20:50:45 - [MESSAGE][PASSED] - Delayed 2 second(s)

2018-05-21 20:50:45 - [TEST_STEP][PASSED] - Statement - out.println("BatchQty : " + batchqty): null

2018-05-21 20:50:45 - [TEST_STEP][PASSED] - Statement - out.println("RQty : " + Rqty): null

2018-05-21 20:50:45 - [TEST_STEP][PASSED] - Statement - If (java.lang.Integer.valueOf(batchqty) >= java.lang.Integer.valueOf(Rqty)): null

2018-05-21 20:50:45 - [TEST_STEP][PASSED] - Statement - Break: null

2018-05-21 20:50:45 - [TEST_STEP][PASSED] - Statement - batchlength = new com.kms.katalon.core.testobject.TestObject(): null

2018-05-21 20:50:45 - [TEST_STEP][PASSED] - Statement - batchlength = com.kms.katalon.core.webui.keyword.WebUiBuiltInKeywords.modifyObjectProperty(batchlength, "xpath", "equals", "//*[@id = "fldvendor" + row + ""]", true): Modify property of object successfully

2018-05-21 20:50:45 - [MESSAGE][PASSED] - Modify property of object successfully

2018-05-21 20:50:45 - [TEST_STEP][PASSED] - Statement - batchsize = com.kms.katalon.core.webui.keyword.WebUiBuiltInKeywords.getNumberOfTotalOption(batchlength): 7 options of object '' counted

2018-05-21 20:50:46 - [MESSAGE][PASSED] - 7 options of object '' counted

2018-05-21 20:50:46 - [TEST_STEP][PASSED] - Statement - out.println("BatchSize : " + batchsize): null

2018-05-21 20:50:46 - [TEST_STEP][PASSED] - Statement - For ([n = 1, n <= batchsize - 1, (n++)]): null

2018-05-21 20:50:46 - [TEST_STEP][PASSED] - Statement - product = new com.kms.katalon.core.testobject.TestObject(): null

2018-05-21 20:50:46 - [TEST_STEP][PASSED] - Statement - product = com.kms.katalon.core.webui.keyword.WebUiBuiltInKeywords.modifyObjectProperty(product, "xpath", "equals", "//*[@id = "fldvendor" + row + ""]", true): Modify property of object successfully

2018-05-21 20:50:46 - [MESSAGE][PASSED] - Modify property of object successfully

2018-05-21 20:50:46 - [TEST_STEP][PASSED] - selectOptionByIndex: All options with index in [1] are selected on object ''

2018-05-21 20:50:46 - [MESSAGE][PASSED] - All options with index in [1] are selected on object ''

2018-05-21 20:50:46 - [TEST_STEP][PASSED] - Statement - batch = new com.kms.katalon.core.testobject.TestObject(): null

2018-05-21 20:50:46 - [TEST_STEP][PASSED] - Statement - batch = com.kms.katalon.core.webui.keyword.WebUiBuiltInKeywords.modifyObjectProperty(batch, "xpath", "equals", "//*[@id = "txtbthqty" + row + ""]", true): Modify property of object successfully

2018-05-21 20:50:46 - [MESSAGE][PASSED] - Modify property of object successfully

2018-05-21 20:50:46 - [TEST_STEP][PASSED] - Statement - batchqty = com.kms.katalon.core.webui.keyword.WebUiBuiltInKeywords.getAttribute(batch, "value").trim(): Attribute 'value' of object '' is: '39100'

2018-05-21 20:50:46 - [MESSAGE][PASSED] - Attribute 'value' of object '' is: '39100'

2018-05-21 20:50:46 - [TEST_STEP][PASSED] - Statement - Rqty = 100: null

2018-05-21 20:50:46 - [TEST_STEP][PASSED] - delay: Delayed 2 second(s)

2018-05-21 20:50:48 - [MESSAGE][PASSED] - Delayed 2 second(s)

2018-05-21 20:50:48 - [TEST_STEP][PASSED] - Statement - out.println("BatchQty : " + batchqty): null

2018-05-21 20:50:48 - [TEST_STEP][PASSED] - Statement - out.println("RQty : " + Rqty): null

2018-05-21 20:50:48 - [TEST_STEP][PASSED] - Statement - If (java.lang.Integer.valueOf(batchqty) >= java.lang.Integer.valueOf(Rqty)): null

2018-05-21 20:50:48 - [TEST_STEP][PASSED] - Statement - Break: null

2018-05-21 20:50:48 - [TEST_STEP][PASSED] - Statement - batchlength = new com.kms.katalon.core.testobject.TestObject(): null

2018-05-21 20:50:48 - [TEST_STEP][PASSED] - Statement - batchlength = com.kms.katalon.core.webui.keyword.WebUiBuiltInKeywords.modifyObjectProperty(batchlength, "xpath", "equals", "//*[@id = "fldvendor" + row + ""]", true): Modify property of object successfully

2018-05-21 20:50:48 - [MESSAGE][PASSED] - Modify property of object successfully

2018-05-21 20:50:48 - [TEST_STEP][PASSED] - Statement - batchsize = com.kms.katalon.core.webui.keyword.WebUiBuiltInKeywords.getNumberOfTotalOption(batchlength): 7 options of object '' counted

2018-05-21 20:50:48 - [MESSAGE][PASSED] - 7 options of object '' counted

2018-05-21 20:50:48 - [TEST_STEP][PASSED] - Statement - out.println("BatchSize : " + batchsize): null

2018-05-21 20:50:48 - [TEST_STEP][PASSED] - Statement - For ([n = 1, n <= batchsize - 1, (n++)]): null

2018-05-21 20:50:48 - [TEST_STEP][PASSED] - Statement - product = new com.kms.katalon.core.testobject.TestObject(): null

2018-05-21 20:50:48 - [TEST_STEP][PASSED] - Statement - product = com.kms.katalon.core.webui.keyword.WebUiBuiltInKeywords.modifyObjectProperty(product, "xpath", "equals", "//*[@id = "fldvendor" + row + ""]", true): Modify property of object successfully

2018-05-21 20:50:48 - [MESSAGE][PASSED] - Modify property of object successfully

2018-05-21 20:50:48 - [TEST_STEP][PASSED] - selectOptionByIndex: All options with index in [1] are selected on object ''

2018-05-21 20:50:48 - [MESSAGE][PASSED] - All options with index in [1] are selected on object ''

2018-05-21 20:50:48 - [TEST_STEP][PASSED] - Statement - batch = new com.kms.katalon.core.testobject.TestObject(): null

2018-05-21 20:50:48 - [TEST_STEP][PASSED] - Statement - batch = com.kms.katalon.core.webui.keyword.WebUiBuiltInKeywords.modifyObjectProperty(batch, "xpath", "equals", "//*[@id = "txtbthqty" + row + ""]", true): Modify property of object successfully

2018-05-21 20:50:48 - [MESSAGE][PASSED] - Modify property of object successfully

2018-05-21 20:50:48 - [TEST_STEP][PASSED] - Statement - batchqty = com.kms.katalon.core.webui.keyword.WebUiBuiltInKeywords.getAttribute(batch, "value").trim(): Attribute 'value' of object '' is: '4100'

2018-05-21 20:50:48 - [MESSAGE][PASSED] - Attribute 'value' of object '' is: '4100'

2018-05-21 20:50:48 - [TEST_STEP][PASSED] - Statement - Rqty = 100: null

2018-05-21 20:50:48 - [TEST_STEP][PASSED] - delay: Delayed 2 second(s)

2018-05-21 20:50:50 - [MESSAGE][PASSED] - Delayed 2 second(s)

2018-05-21 20:50:50 - [TEST_STEP][PASSED] - Statement - out.println("BatchQty : " + batchqty): null

2018-05-21 20:50:50 - [TEST_STEP][PASSED] - Statement - out.println("RQty : " + Rqty): null

2018-05-21 20:50:50 - [TEST_STEP][PASSED] - Statement - If (java.lang.Integer.valueOf(batchqty) >= java.lang.Integer.valueOf(Rqty)): null

2018-05-21 20:50:50 - [TEST_STEP][PASSED] - Statement - Break: null

2018-05-21 20:50:50 - [TEST_STEP][PASSED] - click: Object: 'Object Repository/store Request Schedule 1/Page_KDMC - CMS/input_btndispatch' is clicked on

2018-05-21 20:50:50 - [MESSAGE][PASSED] - Object: 'Object Repository/store Request Schedule 1/Page_KDMC - CMS/input_btndispatch' is clicked on

2018-05-21 20:50:50 - [TEST_STEP][PASSED] - delay: Delayed 3 second(s)

2018-05-21 20:50:53 - [MESSAGE][PASSED] - Delayed 3 second(s)

2018-05-21 20:50:53 - [TEST_STEP][PASSED] - click: Object: 'Object Repository/store Request Schedule 1/Page_KDMC - CMS/button_OK' is clicked on

2018-05-21 20:50:54 - [MESSAGE][PASSED] - Object: 'Object Repository/store Request Schedule 1/Page_KDMC - CMS/button_OK' is clicked on

2018-05-21 20:50:54 - [TEST_STEP][PASSED] - delay: Delayed 3 second(s)

2018-05-21 20:50:57 - [MESSAGE][PASSED] - Delayed 3 second(s)

2018-05-21 20:50:57 - [TEST_STEP][PASSED] - click: Object: 'Object Repository/store Request Schedule 1/Page_KDMC - CMS/a_dropdown-toggle' is clicked on

2018-05-21 20:50:57 - [MESSAGE][PASSED] - Object: 'Object Repository/store Request Schedule 1/Page_KDMC - CMS/a_dropdown-toggle' is clicked on

2018-05-21 20:50:57 - [TEST_STEP][PASSED] - click: Object: 'Object Repository/store Request Schedule 1/Page_KDMC - CMS/a_Sign out' is clicked on

2018-05-21 20:50:57 - [MESSAGE][PASSED] - Object: 'Object Repository/store Request Schedule 1/Page_KDMC - CMS/a_Sign out' is clicked on

2018-05-21 20:50:57 - [TEST_STEP][PASSED] - delay: Delayed 3 second(s)

2018-05-21 20:51:00 - [MESSAGE][PASSED] - Delayed 3 second(s)

2018-05-21 20:51:00 - [TEST_STEP][PASSED] - click: Object: 'Object Repository/Store Request Schedule 1/Page_KDMC/a_Divisional Store' is clicked on

2018-05-21 20:51:01 - [MESSAGE][PASSED] - Object: 'Object Repository/Store Request Schedule 1/Page_KDMC/a_Divisional Store' is clicked on

2018-05-21 20:51:01 - [TEST_STEP][PASSED] - setText: Text 'ragu' is set on object 'Object Repository/Store Request Schedule 1/Page_Divisonal Store Login/input_txtusername'

2018-05-21 20:51:01 - [MESSAGE][PASSED] - Text 'ragu' is set on object 'Object Repository/Store Request Schedule 1/Page_Divisonal Store Login/input_txtusername'

2018-05-21 20:51:01 - [TEST_STEP][PASSED] - setText: Text '123' is set on object 'Object Repository/Store Request Schedule 1/Page_Divisonal Store Login/input_txtpassword'

2018-05-21 20:51:01 - [MESSAGE][PASSED] - Text '123' is set on object 'Object Repository/Store Request Schedule 1/Page_Divisonal Store Login/input_txtpassword'

2018-05-21 20:51:01 - [TEST_STEP][PASSED] - delay: Delayed 3 second(s)

2018-05-21 20:51:04 - [MESSAGE][PASSED] - Delayed 3 second(s)

2018-05-21 20:51:04 - [TEST_STEP][PASSED] - click: Object: 'Object Repository/Store Request Schedule 1/Page_Divisonal Store Login/button_Sign in' is clicked on

2018-05-21 20:51:05 - [MESSAGE][PASSED] - Object: 'Object Repository/Store Request Schedule 1/Page_Divisonal Store Login/button_Sign in' is clicked on

2018-05-21 20:51:05 - [TEST_STEP][PASSED] - delay: Delayed 3 second(s)

2018-05-21 20:51:08 - [MESSAGE][PASSED] - Delayed 3 second(s)

2018-05-21 20:51:08 - [TEST_STEP][PASSED] - click: Object: 'Object Repository/Store Request Schedule 1/Page_Store/a_CMS' is clicked on

2018-05-21 20:51:08 - [MESSAGE][PASSED] - Object: 'Object Repository/Store Request Schedule 1/Page_Store/a_CMS' is clicked on

2018-05-21 20:51:08 - [TEST_STEP][PASSED] - delay: Delayed 2 second(s)

2018-05-21 20:51:10 - [MESSAGE][PASSED] - Delayed 2 second(s)

2018-05-21 20:51:10 - [TEST_STEP][PASSED] - click: Object: 'Object Repository/Store Request Schedule 1/Page_Store/a_Receiving Goods' is clicked on

2018-05-21 20:51:11 - [MESSAGE][PASSED] - Object: 'Object Repository/Store Request Schedule 1/Page_Store/a_Receiving Goods' is clicked on

2018-05-21 20:51:11 - [TEST_STEP][PASSED] - setText: Text 'PRNO/21052018/334' is set on object 'Object Repository/Store Request Schedule 1/Page_Store/input'

2018-05-21 20:51:12 - [MESSAGE][PASSED] - Text 'PRNO/21052018/334' is set on object 'Object Repository/Store Request Schedule 1/Page_Store/input'

2018-05-21 20:51:12 - [TEST_STEP][PASSED] - click: Object: 'Object Repository/Store Request Schedule 1/Page_Store/input_btn btn-primary' is clicked on

2018-05-21 20:51:12 - [MESSAGE][PASSED] - Object: 'Object Repository/Store Request Schedule 1/Page_Store/input_btn btn-primary' is clicked on

2018-05-21 20:51:12 - [TEST_STEP][PASSED] - delay: Delayed 2 second(s)

2018-05-21 20:51:14 - [MESSAGE][PASSED] - Delayed 2 second(s)

2018-05-21 20:51:14 - [TEST_STEP][PASSED] - click: Object: 'Object Repository/Store Request Schedule 1/Page_Store/input_chkrem' is clicked on

2018-05-21 20:51:14 - [MESSAGE][PASSED] - Object: 'Object Repository/Store Request Schedule 1/Page_Store/input_chkrem' is clicked on

2018-05-21 20:51:14 - [TEST_STEP][PASSED] - scrollToElement: Scroll to object 'Object Repository/Store Request Schedule 1/Page_Store/input_btchkroqadd' successfully

2018-05-21 20:51:14 - [MESSAGE][PASSED] - Scroll to object 'Object Repository/Store Request Schedule 1/Page_Store/input_btchkroqadd' successfully

2018-05-21 20:51:14 - [TEST_STEP][PASSED] - click: Object: 'Object Repository/Store Request Schedule 1/Page_Store/input_btchkroqadd' is clicked on

2018-05-21 20:51:14 - [MESSAGE][PASSED] - Object: 'Object Repository/Store Request Schedule 1/Page_Store/input_btchkroqadd' is clicked on

2018-05-21 20:51:14 - [TEST_STEP][PASSED] - delay: Delayed 2 second(s)

2018-05-21 20:51:16 - [MESSAGE][PASSED] - Delayed 2 second(s)

2018-05-21 20:51:16 - [TEST_STEP][PASSED] - refresh: Refresh successfully

2018-05-21 20:51:16 - [MESSAGE][PASSED] - Refresh successfully

2018-05-21 20:51:16 - [TEST_STEP][PASSED] - delay: Delayed 3 second(s)

2018-05-21 20:51:19 - [MESSAGE][PASSED] - Delayed 3 second(s)

2018-05-21 20:51:19 - [TEST_STEP][PASSED] - click: Object: 'Object Repository/Store Request Schedule 1/Page_Store/a_dropdown-toggle' is clicked on

2018-05-21 20:51:20 - [MESSAGE][PASSED] - Object: 'Object Repository/Store Request Schedule 1/Page_Store/a_dropdown-toggle' is clicked on

2018-05-21 20:51:20 - [TEST_STEP][PASSED] - click: Object: 'Object Repository/Store Request Schedule 1/Page_Store/a_Sign out' is clicked on

2018-05-21 20:51:20 - [MESSAGE][PASSED] - Object: 'Object Repository/Store Request Schedule 1/Page_Store/a_Sign out' is clicked on

2018-05-21 20:51:20 - [TEST_STEP][PASSED] - closeBrowser: Browser is closed

2018-05-21 20:51:21 - [MESSAGE][PASSED] - Browser is closed

2018-05-21 20:51:21 - [TEST_STEP][PASSED] - Statement - out.println("Schedule 7 STORE Request Are Working Successfully"): null]]></system-out>
         <system-err><![CDATA[]]></system-err>
      </testcase>
      <testcase name="Test Cases/STORE TO CMS REQUEST TEST CASES/TC_STCMS_008 To Verify Schedule 8 Store To CMS Request Are Working Successfully Or Not" classname="Test Cases/STORE TO CMS REQUEST TEST CASES/TC_STCMS_008 To Verify Schedule 8 Store To CMS Request Are Working Successfully Or Not" status="PASSED">
         <system-out><![CDATA[2018-05-21 20:51:21 - [TEST_CASE][PASSED] - Test Cases/STORE TO CMS REQUEST TEST CASES/TC_STCMS_008 To Verify Schedule 8 Store To CMS Request Are Working Successfully Or Not: Test Cases/STORE TO CMS REQUEST TEST CASES/TC_STCMS_008 To Verify Schedule 8 Store To CMS Request Are Working Successfully Or Not

2018-05-21 20:51:21 - [TEST_STEP][PASSED] - openBrowser: Browser is opened with url: ''

2018-05-21 20:51:23 - [MESSAGE][PASSED] - Browser is opened with url: ''

2018-05-21 20:51:23 - [TEST_STEP][PASSED] - Statement - out.println("Verify Schedule 8 STORE Request Are Working Successfully Or Not"): null

2018-05-21 20:51:23 - [TEST_STEP][PASSED] - navigateToUrl: Navigate to 'http://192.168.137.1/multihospital_new/' successfully

2018-05-21 20:51:25 - [MESSAGE][PASSED] - Navigate to 'http://192.168.137.1/multihospital_new/' successfully

2018-05-21 20:51:25 - [TEST_STEP][PASSED] - maximizeWindow: Current window maximized

2018-05-21 20:51:26 - [MESSAGE][PASSED] - Current window maximized

2018-05-21 20:51:26 - [TEST_STEP][PASSED] - click: Object: 'Object Repository/Store Request Schedule 1/Page_KDMC/a_Divisional Store' is clicked on

2018-05-21 20:51:27 - [MESSAGE][PASSED] - Object: 'Object Repository/Store Request Schedule 1/Page_KDMC/a_Divisional Store' is clicked on

2018-05-21 20:51:27 - [TEST_STEP][PASSED] - setText: Text 'ragu' is set on object 'Object Repository/Store Request Schedule 1/Page_Divisonal Store Login/input_txtusername'

2018-05-21 20:51:27 - [MESSAGE][PASSED] - Text 'ragu' is set on object 'Object Repository/Store Request Schedule 1/Page_Divisonal Store Login/input_txtusername'

2018-05-21 20:51:27 - [TEST_STEP][PASSED] - setText: Text '123' is set on object 'Object Repository/Store Request Schedule 1/Page_Divisonal Store Login/input_txtpassword'

2018-05-21 20:51:27 - [MESSAGE][PASSED] - Text '123' is set on object 'Object Repository/Store Request Schedule 1/Page_Divisonal Store Login/input_txtpassword'

2018-05-21 20:51:27 - [TEST_STEP][PASSED] - delay: Delayed 3 second(s)

2018-05-21 20:51:30 - [MESSAGE][PASSED] - Delayed 3 second(s)

2018-05-21 20:51:30 - [TEST_STEP][PASSED] - click: Object: 'Object Repository/Store Request Schedule 1/Page_Divisonal Store Login/button_Sign in' is clicked on

2018-05-21 20:51:31 - [MESSAGE][PASSED] - Object: 'Object Repository/Store Request Schedule 1/Page_Divisonal Store Login/button_Sign in' is clicked on

2018-05-21 20:51:31 - [TEST_STEP][PASSED] - delay: Delayed 3 second(s)

2018-05-21 20:51:34 - [MESSAGE][PASSED] - Delayed 3 second(s)

2018-05-21 20:51:34 - [TEST_STEP][PASSED] - click: Object: 'Object Repository/Store Request Schedule 1/Page_Store/a_CMS' is clicked on

2018-05-21 20:51:34 - [MESSAGE][PASSED] - Object: 'Object Repository/Store Request Schedule 1/Page_Store/a_CMS' is clicked on

2018-05-21 20:51:34 - [TEST_STEP][PASSED] - delay: Delayed 2 second(s)

2018-05-21 20:51:36 - [MESSAGE][PASSED] - Delayed 2 second(s)

2018-05-21 20:51:36 - [TEST_STEP][PASSED] - click: Object: 'Object Repository/Store Request Schedule 1/Page_Store/a_Request Send' is clicked on

2018-05-21 20:51:37 - [MESSAGE][PASSED] - Object: 'Object Repository/Store Request Schedule 1/Page_Store/a_Request Send' is clicked on

2018-05-21 20:51:37 - [TEST_STEP][PASSED] - selectOptionByIndex: All options with index in [1] are selected on object 'Object Repository/Store Request Schedule 1/Page_Store/select_--Select--'

2018-05-21 20:51:37 - [MESSAGE][PASSED] - All options with index in [1] are selected on object 'Object Repository/Store Request Schedule 1/Page_Store/select_--Select--'

2018-05-21 20:51:37 - [TEST_STEP][PASSED] - selectOptionByIndex: All options with index in [8] are selected on object 'Object Repository/Store Request Schedule 1/Page_Store/select_--Select--Schedule 1Inj'

2018-05-21 20:51:38 - [MESSAGE][PASSED] - All options with index in [8] are selected on object 'Object Repository/Store Request Schedule 1/Page_Store/select_--Select--Schedule 1Inj'

2018-05-21 20:51:38 - [TEST_STEP][PASSED] - Statement - SelectedOptions = com.kms.katalon.core.webui.keyword.WebUiBuiltInKeywords.getNumberOfTotalOption(com.kms.katalon.core.testobject.ObjectRepository.findTestObject(Store Request Schedule 1/Page_Store/select_--Select--Adernaline 0.)): 18 options of object 'Object Repository/Store Request Schedule 1/Page_Store/select_--Select--Adernaline 0.' counted

2018-05-21 20:51:38 - [MESSAGE][PASSED] - 18 options of object 'Object Repository/Store Request Schedule 1/Page_Store/select_--Select--Adernaline 0.' counted

2018-05-21 20:51:38 - [TEST_STEP][PASSED] - Statement - For ([y = 1, y < SelectedOptions, (y++)]): Object: 'Object Repository/Store Request Schedule 1/Page_Store/button_Add' is clicked on

2018-05-21 20:51:38 - [TEST_STEP][PASSED] - selectOptionByIndex: All options with index in [8] are selected on object 'Object Repository/Store Request Schedule 1/Page_Store/select_--Select--Schedule 1Inj'

2018-05-21 20:51:38 - [MESSAGE][PASSED] - All options with index in [8] are selected on object 'Object Repository/Store Request Schedule 1/Page_Store/select_--Select--Schedule 1Inj'

2018-05-21 20:51:38 - [TEST_STEP][PASSED] - delay: Delayed 1 second(s)

2018-05-21 20:51:39 - [MESSAGE][PASSED] - Delayed 1 second(s)

2018-05-21 20:51:39 - [TEST_STEP][PASSED] - selectOptionByIndex: All options with index in [1] are selected on object 'Object Repository/Store Request Schedule 1/Page_Store/select_--Select--Adernaline 0.'

2018-05-21 20:51:39 - [MESSAGE][PASSED] - All options with index in [1] are selected on object 'Object Repository/Store Request Schedule 1/Page_Store/select_--Select--Adernaline 0.'

2018-05-21 20:51:39 - [TEST_STEP][PASSED] - setText: Text '100' is set on object 'Object Repository/Store Request Schedule 1/Page_Store/input_txttreat'

2018-05-21 20:51:39 - [MESSAGE][PASSED] - Text '100' is set on object 'Object Repository/Store Request Schedule 1/Page_Store/input_txttreat'

2018-05-21 20:51:39 - [TEST_STEP][PASSED] - click: Object: 'Object Repository/Store Request Schedule 1/Page_Store/button_Add' is clicked on

2018-05-21 20:51:39 - [MESSAGE][PASSED] - Object: 'Object Repository/Store Request Schedule 1/Page_Store/button_Add' is clicked on

2018-05-21 20:51:39 - [TEST_STEP][PASSED] - selectOptionByIndex: All options with index in [8] are selected on object 'Object Repository/Store Request Schedule 1/Page_Store/select_--Select--Schedule 1Inj'

2018-05-21 20:51:39 - [MESSAGE][PASSED] - All options with index in [8] are selected on object 'Object Repository/Store Request Schedule 1/Page_Store/select_--Select--Schedule 1Inj'

2018-05-21 20:51:39 - [TEST_STEP][PASSED] - delay: Delayed 1 second(s)

2018-05-21 20:51:40 - [MESSAGE][PASSED] - Delayed 1 second(s)

2018-05-21 20:51:40 - [TEST_STEP][PASSED] - selectOptionByIndex: All options with index in [2] are selected on object 'Object Repository/Store Request Schedule 1/Page_Store/select_--Select--Adernaline 0.'

2018-05-21 20:51:40 - [MESSAGE][PASSED] - All options with index in [2] are selected on object 'Object Repository/Store Request Schedule 1/Page_Store/select_--Select--Adernaline 0.'

2018-05-21 20:51:40 - [TEST_STEP][PASSED] - setText: Text '100' is set on object 'Object Repository/Store Request Schedule 1/Page_Store/input_txttreat'

2018-05-21 20:51:41 - [MESSAGE][PASSED] - Text '100' is set on object 'Object Repository/Store Request Schedule 1/Page_Store/input_txttreat'

2018-05-21 20:51:41 - [TEST_STEP][PASSED] - click: Object: 'Object Repository/Store Request Schedule 1/Page_Store/button_Add' is clicked on

2018-05-21 20:51:41 - [MESSAGE][PASSED] - Object: 'Object Repository/Store Request Schedule 1/Page_Store/button_Add' is clicked on

2018-05-21 20:51:41 - [TEST_STEP][PASSED] - selectOptionByIndex: All options with index in [8] are selected on object 'Object Repository/Store Request Schedule 1/Page_Store/select_--Select--Schedule 1Inj'

2018-05-21 20:51:41 - [MESSAGE][PASSED] - All options with index in [8] are selected on object 'Object Repository/Store Request Schedule 1/Page_Store/select_--Select--Schedule 1Inj'

2018-05-21 20:51:41 - [TEST_STEP][PASSED] - delay: Delayed 1 second(s)

2018-05-21 20:51:42 - [MESSAGE][PASSED] - Delayed 1 second(s)

2018-05-21 20:51:42 - [TEST_STEP][PASSED] - selectOptionByIndex: All options with index in [3] are selected on object 'Object Repository/Store Request Schedule 1/Page_Store/select_--Select--Adernaline 0.'

2018-05-21 20:51:42 - [MESSAGE][PASSED] - All options with index in [3] are selected on object 'Object Repository/Store Request Schedule 1/Page_Store/select_--Select--Adernaline 0.'

2018-05-21 20:51:42 - [TEST_STEP][PASSED] - setText: Text '100' is set on object 'Object Repository/Store Request Schedule 1/Page_Store/input_txttreat'

2018-05-21 20:51:42 - [MESSAGE][PASSED] - Text '100' is set on object 'Object Repository/Store Request Schedule 1/Page_Store/input_txttreat'

2018-05-21 20:51:42 - [TEST_STEP][PASSED] - click: Object: 'Object Repository/Store Request Schedule 1/Page_Store/button_Add' is clicked on

2018-05-21 20:51:42 - [MESSAGE][PASSED] - Object: 'Object Repository/Store Request Schedule 1/Page_Store/button_Add' is clicked on

2018-05-21 20:51:42 - [TEST_STEP][PASSED] - selectOptionByIndex: All options with index in [8] are selected on object 'Object Repository/Store Request Schedule 1/Page_Store/select_--Select--Schedule 1Inj'

2018-05-21 20:51:42 - [MESSAGE][PASSED] - All options with index in [8] are selected on object 'Object Repository/Store Request Schedule 1/Page_Store/select_--Select--Schedule 1Inj'

2018-05-21 20:51:42 - [TEST_STEP][PASSED] - delay: Delayed 1 second(s)

2018-05-21 20:51:43 - [MESSAGE][PASSED] - Delayed 1 second(s)

2018-05-21 20:51:43 - [TEST_STEP][PASSED] - selectOptionByIndex: All options with index in [4] are selected on object 'Object Repository/Store Request Schedule 1/Page_Store/select_--Select--Adernaline 0.'

2018-05-21 20:51:43 - [MESSAGE][PASSED] - All options with index in [4] are selected on object 'Object Repository/Store Request Schedule 1/Page_Store/select_--Select--Adernaline 0.'

2018-05-21 20:51:43 - [TEST_STEP][PASSED] - setText: Text '100' is set on object 'Object Repository/Store Request Schedule 1/Page_Store/input_txttreat'

2018-05-21 20:51:43 - [MESSAGE][PASSED] - Text '100' is set on object 'Object Repository/Store Request Schedule 1/Page_Store/input_txttreat'

2018-05-21 20:51:43 - [TEST_STEP][PASSED] - click: Object: 'Object Repository/Store Request Schedule 1/Page_Store/button_Add' is clicked on

2018-05-21 20:51:44 - [MESSAGE][PASSED] - Object: 'Object Repository/Store Request Schedule 1/Page_Store/button_Add' is clicked on

2018-05-21 20:51:44 - [TEST_STEP][PASSED] - selectOptionByIndex: All options with index in [8] are selected on object 'Object Repository/Store Request Schedule 1/Page_Store/select_--Select--Schedule 1Inj'

2018-05-21 20:51:44 - [MESSAGE][PASSED] - All options with index in [8] are selected on object 'Object Repository/Store Request Schedule 1/Page_Store/select_--Select--Schedule 1Inj'

2018-05-21 20:51:44 - [TEST_STEP][PASSED] - delay: Delayed 1 second(s)

2018-05-21 20:51:45 - [MESSAGE][PASSED] - Delayed 1 second(s)

2018-05-21 20:51:45 - [TEST_STEP][PASSED] - selectOptionByIndex: All options with index in [5] are selected on object 'Object Repository/Store Request Schedule 1/Page_Store/select_--Select--Adernaline 0.'

2018-05-21 20:51:45 - [MESSAGE][PASSED] - All options with index in [5] are selected on object 'Object Repository/Store Request Schedule 1/Page_Store/select_--Select--Adernaline 0.'

2018-05-21 20:51:45 - [TEST_STEP][PASSED] - setText: Text '100' is set on object 'Object Repository/Store Request Schedule 1/Page_Store/input_txttreat'

2018-05-21 20:51:45 - [MESSAGE][PASSED] - Text '100' is set on object 'Object Repository/Store Request Schedule 1/Page_Store/input_txttreat'

2018-05-21 20:51:45 - [TEST_STEP][PASSED] - click: Object: 'Object Repository/Store Request Schedule 1/Page_Store/button_Add' is clicked on

2018-05-21 20:51:45 - [MESSAGE][PASSED] - Object: 'Object Repository/Store Request Schedule 1/Page_Store/button_Add' is clicked on

2018-05-21 20:51:45 - [TEST_STEP][PASSED] - selectOptionByIndex: All options with index in [8] are selected on object 'Object Repository/Store Request Schedule 1/Page_Store/select_--Select--Schedule 1Inj'

2018-05-21 20:51:45 - [MESSAGE][PASSED] - All options with index in [8] are selected on object 'Object Repository/Store Request Schedule 1/Page_Store/select_--Select--Schedule 1Inj'

2018-05-21 20:51:45 - [TEST_STEP][PASSED] - delay: Delayed 1 second(s)

2018-05-21 20:51:46 - [MESSAGE][PASSED] - Delayed 1 second(s)

2018-05-21 20:51:46 - [TEST_STEP][PASSED] - selectOptionByIndex: All options with index in [6] are selected on object 'Object Repository/Store Request Schedule 1/Page_Store/select_--Select--Adernaline 0.'

2018-05-21 20:51:46 - [MESSAGE][PASSED] - All options with index in [6] are selected on object 'Object Repository/Store Request Schedule 1/Page_Store/select_--Select--Adernaline 0.'

2018-05-21 20:51:46 - [TEST_STEP][PASSED] - setText: Text '100' is set on object 'Object Repository/Store Request Schedule 1/Page_Store/input_txttreat'

2018-05-21 20:51:46 - [MESSAGE][PASSED] - Text '100' is set on object 'Object Repository/Store Request Schedule 1/Page_Store/input_txttreat'

2018-05-21 20:51:46 - [TEST_STEP][PASSED] - click: Object: 'Object Repository/Store Request Schedule 1/Page_Store/button_Add' is clicked on

2018-05-21 20:51:46 - [MESSAGE][PASSED] - Object: 'Object Repository/Store Request Schedule 1/Page_Store/button_Add' is clicked on

2018-05-21 20:51:46 - [TEST_STEP][PASSED] - selectOptionByIndex: All options with index in [8] are selected on object 'Object Repository/Store Request Schedule 1/Page_Store/select_--Select--Schedule 1Inj'

2018-05-21 20:51:47 - [MESSAGE][PASSED] - All options with index in [8] are selected on object 'Object Repository/Store Request Schedule 1/Page_Store/select_--Select--Schedule 1Inj'

2018-05-21 20:51:47 - [TEST_STEP][PASSED] - delay: Delayed 1 second(s)

2018-05-21 20:51:48 - [MESSAGE][PASSED] - Delayed 1 second(s)

2018-05-21 20:51:48 - [TEST_STEP][PASSED] - selectOptionByIndex: All options with index in [7] are selected on object 'Object Repository/Store Request Schedule 1/Page_Store/select_--Select--Adernaline 0.'

2018-05-21 20:51:48 - [MESSAGE][PASSED] - All options with index in [7] are selected on object 'Object Repository/Store Request Schedule 1/Page_Store/select_--Select--Adernaline 0.'

2018-05-21 20:51:48 - [TEST_STEP][PASSED] - setText: Text '100' is set on object 'Object Repository/Store Request Schedule 1/Page_Store/input_txttreat'

2018-05-21 20:51:48 - [MESSAGE][PASSED] - Text '100' is set on object 'Object Repository/Store Request Schedule 1/Page_Store/input_txttreat'

2018-05-21 20:51:48 - [TEST_STEP][PASSED] - click: Object: 'Object Repository/Store Request Schedule 1/Page_Store/button_Add' is clicked on

2018-05-21 20:51:48 - [MESSAGE][PASSED] - Object: 'Object Repository/Store Request Schedule 1/Page_Store/button_Add' is clicked on

2018-05-21 20:51:48 - [TEST_STEP][PASSED] - selectOptionByIndex: All options with index in [8] are selected on object 'Object Repository/Store Request Schedule 1/Page_Store/select_--Select--Schedule 1Inj'

2018-05-21 20:51:48 - [MESSAGE][PASSED] - All options with index in [8] are selected on object 'Object Repository/Store Request Schedule 1/Page_Store/select_--Select--Schedule 1Inj'

2018-05-21 20:51:48 - [TEST_STEP][PASSED] - delay: Delayed 1 second(s)

2018-05-21 20:51:49 - [MESSAGE][PASSED] - Delayed 1 second(s)

2018-05-21 20:51:49 - [TEST_STEP][PASSED] - selectOptionByIndex: All options with index in [8] are selected on object 'Object Repository/Store Request Schedule 1/Page_Store/select_--Select--Adernaline 0.'

2018-05-21 20:51:49 - [MESSAGE][PASSED] - All options with index in [8] are selected on object 'Object Repository/Store Request Schedule 1/Page_Store/select_--Select--Adernaline 0.'

2018-05-21 20:51:49 - [TEST_STEP][PASSED] - setText: Text '100' is set on object 'Object Repository/Store Request Schedule 1/Page_Store/input_txttreat'

2018-05-21 20:51:49 - [MESSAGE][PASSED] - Text '100' is set on object 'Object Repository/Store Request Schedule 1/Page_Store/input_txttreat'

2018-05-21 20:51:49 - [TEST_STEP][PASSED] - click: Object: 'Object Repository/Store Request Schedule 1/Page_Store/button_Add' is clicked on

2018-05-21 20:51:50 - [MESSAGE][PASSED] - Object: 'Object Repository/Store Request Schedule 1/Page_Store/button_Add' is clicked on

2018-05-21 20:51:50 - [TEST_STEP][PASSED] - selectOptionByIndex: All options with index in [8] are selected on object 'Object Repository/Store Request Schedule 1/Page_Store/select_--Select--Schedule 1Inj'

2018-05-21 20:51:50 - [MESSAGE][PASSED] - All options with index in [8] are selected on object 'Object Repository/Store Request Schedule 1/Page_Store/select_--Select--Schedule 1Inj'

2018-05-21 20:51:50 - [TEST_STEP][PASSED] - delay: Delayed 1 second(s)

2018-05-21 20:51:51 - [MESSAGE][PASSED] - Delayed 1 second(s)

2018-05-21 20:51:51 - [TEST_STEP][PASSED] - selectOptionByIndex: All options with index in [9] are selected on object 'Object Repository/Store Request Schedule 1/Page_Store/select_--Select--Adernaline 0.'

2018-05-21 20:51:51 - [MESSAGE][PASSED] - All options with index in [9] are selected on object 'Object Repository/Store Request Schedule 1/Page_Store/select_--Select--Adernaline 0.'

2018-05-21 20:51:51 - [TEST_STEP][PASSED] - setText: Text '100' is set on object 'Object Repository/Store Request Schedule 1/Page_Store/input_txttreat'

2018-05-21 20:51:51 - [MESSAGE][PASSED] - Text '100' is set on object 'Object Repository/Store Request Schedule 1/Page_Store/input_txttreat'

2018-05-21 20:51:51 - [TEST_STEP][PASSED] - click: Object: 'Object Repository/Store Request Schedule 1/Page_Store/button_Add' is clicked on

2018-05-21 20:51:51 - [MESSAGE][PASSED] - Object: 'Object Repository/Store Request Schedule 1/Page_Store/button_Add' is clicked on

2018-05-21 20:51:51 - [TEST_STEP][PASSED] - selectOptionByIndex: All options with index in [8] are selected on object 'Object Repository/Store Request Schedule 1/Page_Store/select_--Select--Schedule 1Inj'

2018-05-21 20:51:51 - [MESSAGE][PASSED] - All options with index in [8] are selected on object 'Object Repository/Store Request Schedule 1/Page_Store/select_--Select--Schedule 1Inj'

2018-05-21 20:51:51 - [TEST_STEP][PASSED] - delay: Delayed 1 second(s)

2018-05-21 20:51:52 - [MESSAGE][PASSED] - Delayed 1 second(s)

2018-05-21 20:51:52 - [TEST_STEP][PASSED] - selectOptionByIndex: All options with index in [10] are selected on object 'Object Repository/Store Request Schedule 1/Page_Store/select_--Select--Adernaline 0.'

2018-05-21 20:51:52 - [MESSAGE][PASSED] - All options with index in [10] are selected on object 'Object Repository/Store Request Schedule 1/Page_Store/select_--Select--Adernaline 0.'

2018-05-21 20:51:52 - [TEST_STEP][PASSED] - setText: Text '100' is set on object 'Object Repository/Store Request Schedule 1/Page_Store/input_txttreat'

2018-05-21 20:51:52 - [MESSAGE][PASSED] - Text '100' is set on object 'Object Repository/Store Request Schedule 1/Page_Store/input_txttreat'

2018-05-21 20:51:52 - [TEST_STEP][PASSED] - click: Object: 'Object Repository/Store Request Schedule 1/Page_Store/button_Add' is clicked on

2018-05-21 20:51:52 - [MESSAGE][PASSED] - Object: 'Object Repository/Store Request Schedule 1/Page_Store/button_Add' is clicked on

2018-05-21 20:51:52 - [TEST_STEP][PASSED] - selectOptionByIndex: All options with index in [8] are selected on object 'Object Repository/Store Request Schedule 1/Page_Store/select_--Select--Schedule 1Inj'

2018-05-21 20:51:53 - [MESSAGE][PASSED] - All options with index in [8] are selected on object 'Object Repository/Store Request Schedule 1/Page_Store/select_--Select--Schedule 1Inj'

2018-05-21 20:51:53 - [TEST_STEP][PASSED] - delay: Delayed 1 second(s)

2018-05-21 20:51:54 - [MESSAGE][PASSED] - Delayed 1 second(s)

2018-05-21 20:51:54 - [TEST_STEP][PASSED] - selectOptionByIndex: All options with index in [11] are selected on object 'Object Repository/Store Request Schedule 1/Page_Store/select_--Select--Adernaline 0.'

2018-05-21 20:51:54 - [MESSAGE][PASSED] - All options with index in [11] are selected on object 'Object Repository/Store Request Schedule 1/Page_Store/select_--Select--Adernaline 0.'

2018-05-21 20:51:54 - [TEST_STEP][PASSED] - setText: Text '100' is set on object 'Object Repository/Store Request Schedule 1/Page_Store/input_txttreat'

2018-05-21 20:51:54 - [MESSAGE][PASSED] - Text '100' is set on object 'Object Repository/Store Request Schedule 1/Page_Store/input_txttreat'

2018-05-21 20:51:54 - [TEST_STEP][PASSED] - click: Object: 'Object Repository/Store Request Schedule 1/Page_Store/button_Add' is clicked on

2018-05-21 20:51:54 - [MESSAGE][PASSED] - Object: 'Object Repository/Store Request Schedule 1/Page_Store/button_Add' is clicked on

2018-05-21 20:51:54 - [TEST_STEP][PASSED] - selectOptionByIndex: All options with index in [8] are selected on object 'Object Repository/Store Request Schedule 1/Page_Store/select_--Select--Schedule 1Inj'

2018-05-21 20:51:54 - [MESSAGE][PASSED] - All options with index in [8] are selected on object 'Object Repository/Store Request Schedule 1/Page_Store/select_--Select--Schedule 1Inj'

2018-05-21 20:51:54 - [TEST_STEP][PASSED] - delay: Delayed 1 second(s)

2018-05-21 20:51:55 - [MESSAGE][PASSED] - Delayed 1 second(s)

2018-05-21 20:51:55 - [TEST_STEP][PASSED] - selectOptionByIndex: All options with index in [12] are selected on object 'Object Repository/Store Request Schedule 1/Page_Store/select_--Select--Adernaline 0.'

2018-05-21 20:51:55 - [MESSAGE][PASSED] - All options with index in [12] are selected on object 'Object Repository/Store Request Schedule 1/Page_Store/select_--Select--Adernaline 0.'

2018-05-21 20:51:55 - [TEST_STEP][PASSED] - setText: Text '100' is set on object 'Object Repository/Store Request Schedule 1/Page_Store/input_txttreat'

2018-05-21 20:51:56 - [MESSAGE][PASSED] - Text '100' is set on object 'Object Repository/Store Request Schedule 1/Page_Store/input_txttreat'

2018-05-21 20:51:56 - [TEST_STEP][PASSED] - click: Object: 'Object Repository/Store Request Schedule 1/Page_Store/button_Add' is clicked on

2018-05-21 20:51:56 - [MESSAGE][PASSED] - Object: 'Object Repository/Store Request Schedule 1/Page_Store/button_Add' is clicked on

2018-05-21 20:51:56 - [TEST_STEP][PASSED] - selectOptionByIndex: All options with index in [8] are selected on object 'Object Repository/Store Request Schedule 1/Page_Store/select_--Select--Schedule 1Inj'

2018-05-21 20:51:56 - [MESSAGE][PASSED] - All options with index in [8] are selected on object 'Object Repository/Store Request Schedule 1/Page_Store/select_--Select--Schedule 1Inj'

2018-05-21 20:51:56 - [TEST_STEP][PASSED] - delay: Delayed 1 second(s)

2018-05-21 20:51:57 - [MESSAGE][PASSED] - Delayed 1 second(s)

2018-05-21 20:51:57 - [TEST_STEP][PASSED] - selectOptionByIndex: All options with index in [13] are selected on object 'Object Repository/Store Request Schedule 1/Page_Store/select_--Select--Adernaline 0.'

2018-05-21 20:51:57 - [MESSAGE][PASSED] - All options with index in [13] are selected on object 'Object Repository/Store Request Schedule 1/Page_Store/select_--Select--Adernaline 0.'

2018-05-21 20:51:57 - [TEST_STEP][PASSED] - setText: Text '100' is set on object 'Object Repository/Store Request Schedule 1/Page_Store/input_txttreat'

2018-05-21 20:51:57 - [MESSAGE][PASSED] - Text '100' is set on object 'Object Repository/Store Request Schedule 1/Page_Store/input_txttreat'

2018-05-21 20:51:57 - [TEST_STEP][PASSED] - click: Object: 'Object Repository/Store Request Schedule 1/Page_Store/button_Add' is clicked on

2018-05-21 20:51:57 - [MESSAGE][PASSED] - Object: 'Object Repository/Store Request Schedule 1/Page_Store/button_Add' is clicked on

2018-05-21 20:51:57 - [TEST_STEP][PASSED] - selectOptionByIndex: All options with index in [8] are selected on object 'Object Repository/Store Request Schedule 1/Page_Store/select_--Select--Schedule 1Inj'

2018-05-21 20:51:57 - [MESSAGE][PASSED] - All options with index in [8] are selected on object 'Object Repository/Store Request Schedule 1/Page_Store/select_--Select--Schedule 1Inj'

2018-05-21 20:51:57 - [TEST_STEP][PASSED] - delay: Delayed 1 second(s)

2018-05-21 20:51:58 - [MESSAGE][PASSED] - Delayed 1 second(s)

2018-05-21 20:51:58 - [TEST_STEP][PASSED] - selectOptionByIndex: All options with index in [14] are selected on object 'Object Repository/Store Request Schedule 1/Page_Store/select_--Select--Adernaline 0.'

2018-05-21 20:51:59 - [MESSAGE][PASSED] - All options with index in [14] are selected on object 'Object Repository/Store Request Schedule 1/Page_Store/select_--Select--Adernaline 0.'

2018-05-21 20:51:59 - [TEST_STEP][PASSED] - setText: Text '100' is set on object 'Object Repository/Store Request Schedule 1/Page_Store/input_txttreat'

2018-05-21 20:51:59 - [MESSAGE][PASSED] - Text '100' is set on object 'Object Repository/Store Request Schedule 1/Page_Store/input_txttreat'

2018-05-21 20:51:59 - [TEST_STEP][PASSED] - click: Object: 'Object Repository/Store Request Schedule 1/Page_Store/button_Add' is clicked on

2018-05-21 20:51:59 - [MESSAGE][PASSED] - Object: 'Object Repository/Store Request Schedule 1/Page_Store/button_Add' is clicked on

2018-05-21 20:51:59 - [TEST_STEP][PASSED] - selectOptionByIndex: All options with index in [8] are selected on object 'Object Repository/Store Request Schedule 1/Page_Store/select_--Select--Schedule 1Inj'

2018-05-21 20:51:59 - [MESSAGE][PASSED] - All options with index in [8] are selected on object 'Object Repository/Store Request Schedule 1/Page_Store/select_--Select--Schedule 1Inj'

2018-05-21 20:51:59 - [TEST_STEP][PASSED] - delay: Delayed 1 second(s)

2018-05-21 20:52:00 - [MESSAGE][PASSED] - Delayed 1 second(s)

2018-05-21 20:52:00 - [TEST_STEP][PASSED] - selectOptionByIndex: All options with index in [15] are selected on object 'Object Repository/Store Request Schedule 1/Page_Store/select_--Select--Adernaline 0.'

2018-05-21 20:52:00 - [MESSAGE][PASSED] - All options with index in [15] are selected on object 'Object Repository/Store Request Schedule 1/Page_Store/select_--Select--Adernaline 0.'

2018-05-21 20:52:00 - [TEST_STEP][PASSED] - setText: Text '100' is set on object 'Object Repository/Store Request Schedule 1/Page_Store/input_txttreat'

2018-05-21 20:52:00 - [MESSAGE][PASSED] - Text '100' is set on object 'Object Repository/Store Request Schedule 1/Page_Store/input_txttreat'

2018-05-21 20:52:00 - [TEST_STEP][PASSED] - click: Object: 'Object Repository/Store Request Schedule 1/Page_Store/button_Add' is clicked on

2018-05-21 20:52:00 - [MESSAGE][PASSED] - Object: 'Object Repository/Store Request Schedule 1/Page_Store/button_Add' is clicked on

2018-05-21 20:52:00 - [TEST_STEP][PASSED] - selectOptionByIndex: All options with index in [8] are selected on object 'Object Repository/Store Request Schedule 1/Page_Store/select_--Select--Schedule 1Inj'

2018-05-21 20:52:00 - [MESSAGE][PASSED] - All options with index in [8] are selected on object 'Object Repository/Store Request Schedule 1/Page_Store/select_--Select--Schedule 1Inj'

2018-05-21 20:52:00 - [TEST_STEP][PASSED] - delay: Delayed 1 second(s)

2018-05-21 20:52:01 - [MESSAGE][PASSED] - Delayed 1 second(s)

2018-05-21 20:52:01 - [TEST_STEP][PASSED] - selectOptionByIndex: All options with index in [16] are selected on object 'Object Repository/Store Request Schedule 1/Page_Store/select_--Select--Adernaline 0.'

2018-05-21 20:52:02 - [MESSAGE][PASSED] - All options with index in [16] are selected on object 'Object Repository/Store Request Schedule 1/Page_Store/select_--Select--Adernaline 0.'

2018-05-21 20:52:02 - [TEST_STEP][PASSED] - setText: Text '100' is set on object 'Object Repository/Store Request Schedule 1/Page_Store/input_txttreat'

2018-05-21 20:52:02 - [MESSAGE][PASSED] - Text '100' is set on object 'Object Repository/Store Request Schedule 1/Page_Store/input_txttreat'

2018-05-21 20:52:02 - [TEST_STEP][PASSED] - click: Object: 'Object Repository/Store Request Schedule 1/Page_Store/button_Add' is clicked on

2018-05-21 20:52:02 - [MESSAGE][PASSED] - Object: 'Object Repository/Store Request Schedule 1/Page_Store/button_Add' is clicked on

2018-05-21 20:52:02 - [TEST_STEP][PASSED] - selectOptionByIndex: All options with index in [8] are selected on object 'Object Repository/Store Request Schedule 1/Page_Store/select_--Select--Schedule 1Inj'

2018-05-21 20:52:02 - [MESSAGE][PASSED] - All options with index in [8] are selected on object 'Object Repository/Store Request Schedule 1/Page_Store/select_--Select--Schedule 1Inj'

2018-05-21 20:52:02 - [TEST_STEP][PASSED] - delay: Delayed 1 second(s)

2018-05-21 20:52:03 - [MESSAGE][PASSED] - Delayed 1 second(s)

2018-05-21 20:52:03 - [TEST_STEP][PASSED] - selectOptionByIndex: All options with index in [17] are selected on object 'Object Repository/Store Request Schedule 1/Page_Store/select_--Select--Adernaline 0.'

2018-05-21 20:52:03 - [MESSAGE][PASSED] - All options with index in [17] are selected on object 'Object Repository/Store Request Schedule 1/Page_Store/select_--Select--Adernaline 0.'

2018-05-21 20:52:03 - [TEST_STEP][PASSED] - setText: Text '100' is set on object 'Object Repository/Store Request Schedule 1/Page_Store/input_txttreat'

2018-05-21 20:52:03 - [MESSAGE][PASSED] - Text '100' is set on object 'Object Repository/Store Request Schedule 1/Page_Store/input_txttreat'

2018-05-21 20:52:03 - [TEST_STEP][PASSED] - click: Object: 'Object Repository/Store Request Schedule 1/Page_Store/button_Add' is clicked on

2018-05-21 20:52:03 - [MESSAGE][PASSED] - Object: 'Object Repository/Store Request Schedule 1/Page_Store/button_Add' is clicked on

2018-05-21 20:52:03 - [TEST_STEP][PASSED] - delay: Delayed 2 second(s)

2018-05-21 20:52:05 - [MESSAGE][PASSED] - Delayed 2 second(s)

2018-05-21 20:52:05 - [TEST_STEP][PASSED] - scrollToElement: Scroll to object 'Object Repository/Store Request Schedule 1/Page_Store/input_btnsave' successfully

2018-05-21 20:52:05 - [MESSAGE][PASSED] - Scroll to object 'Object Repository/Store Request Schedule 1/Page_Store/input_btnsave' successfully

2018-05-21 20:52:05 - [TEST_STEP][PASSED] - click: Object: 'Object Repository/Store Request Schedule 1/Page_Store/input_btnsave' is clicked on

2018-05-21 20:52:05 - [MESSAGE][PASSED] - Object: 'Object Repository/Store Request Schedule 1/Page_Store/input_btnsave' is clicked on

2018-05-21 20:52:05 - [TEST_STEP][PASSED] - delay: Delayed 4 second(s)

2018-05-21 20:52:09 - [MESSAGE][PASSED] - Delayed 4 second(s)

2018-05-21 20:52:09 - [TEST_STEP][PASSED] - Statement - Cms_RequestNumber = com.kms.katalon.core.webui.keyword.WebUiBuiltInKeywords.getText(com.kms.katalon.core.testobject.ObjectRepository.findTestObject(Store Request Schedule 1/Page_Store/font_PRNO050520189)): Text of object 'Object Repository/Store Request Schedule 1/Page_Store/font_PRNO050520189' is: 'PRNO/21052018/335'

2018-05-21 20:52:10 - [MESSAGE][PASSED] - Text of object 'Object Repository/Store Request Schedule 1/Page_Store/font_PRNO050520189' is: 'PRNO/21052018/335'

2018-05-21 20:52:10 - [TEST_STEP][PASSED] - Statement - CR = Cms_RequestNumber.trim(): null

2018-05-21 20:52:10 - [TEST_STEP][PASSED] - Statement - out.println("RQ :" + Cms_RequestNumber): null

2018-05-21 20:52:10 - [TEST_STEP][PASSED] - Statement - RequestNumberID = Cms_RequestNumber.split("/")[2].trim(): null

2018-05-21 20:52:10 - [TEST_STEP][PASSED] - Statement - out.println("RQ ID :" + RequestNumberID): null

2018-05-21 20:52:10 - [TEST_STEP][PASSED] - delay: Delayed 3 second(s)

2018-05-21 20:52:13 - [MESSAGE][PASSED] - Delayed 3 second(s)

2018-05-21 20:52:13 - [TEST_STEP][PASSED] - Statement - ok = com.kms.katalon.core.webui.keyword.WebUiBuiltInKeywords.click(com.kms.katalon.core.testobject.ObjectRepository.findTestObject(Store Request Schedule 1/Page_Store/button_OK)): Object: 'Object Repository/Store Request Schedule 1/Page_Store/button_OK' is clicked on

2018-05-21 20:52:13 - [MESSAGE][PASSED] - Object: 'Object Repository/Store Request Schedule 1/Page_Store/button_OK' is clicked on

2018-05-21 20:52:13 - [TEST_STEP][PASSED] - delay: Delayed 3 second(s)

2018-05-21 20:52:16 - [MESSAGE][PASSED] - Delayed 3 second(s)

2018-05-21 20:52:16 - [TEST_STEP][PASSED] - click: Object: 'Object Repository/Store Request Schedule 1/Page_Store/a_dropdown-toggle' is clicked on

2018-05-21 20:52:16 - [MESSAGE][PASSED] - Object: 'Object Repository/Store Request Schedule 1/Page_Store/a_dropdown-toggle' is clicked on

2018-05-21 20:52:16 - [TEST_STEP][PASSED] - click: Object: 'Object Repository/Store Request Schedule 1/Page_Store/a_Sign out' is clicked on

2018-05-21 20:52:17 - [MESSAGE][PASSED] - Object: 'Object Repository/Store Request Schedule 1/Page_Store/a_Sign out' is clicked on

2018-05-21 20:52:17 - [TEST_STEP][PASSED] - delay: Delayed 3 second(s)

2018-05-21 20:52:20 - [MESSAGE][PASSED] - Delayed 3 second(s)

2018-05-21 20:52:20 - [TEST_STEP][PASSED] - click: Object: 'Object Repository/Store Request Schedule 1/Page_KDMC/a_CMO' is clicked on

2018-05-21 20:52:21 - [MESSAGE][PASSED] - Object: 'Object Repository/Store Request Schedule 1/Page_KDMC/a_CMO' is clicked on

2018-05-21 20:52:21 - [TEST_STEP][PASSED] - setText: Text 'guru' is set on object 'Object Repository/Store Request Schedule 1/Page_CMO login/input_txtusername'

2018-05-21 20:52:21 - [MESSAGE][PASSED] - Text 'guru' is set on object 'Object Repository/Store Request Schedule 1/Page_CMO login/input_txtusername'

2018-05-21 20:52:21 - [TEST_STEP][PASSED] - setText: Text '123' is set on object 'Object Repository/Store Request Schedule 1/Page_CMO login/input_txtpassword'

2018-05-21 20:52:21 - [MESSAGE][PASSED] - Text '123' is set on object 'Object Repository/Store Request Schedule 1/Page_CMO login/input_txtpassword'

2018-05-21 20:52:21 - [TEST_STEP][PASSED] - delay: Delayed 3 second(s)

2018-05-21 20:52:24 - [MESSAGE][PASSED] - Delayed 3 second(s)

2018-05-21 20:52:24 - [TEST_STEP][PASSED] - click: Object: 'Object Repository/Store Request Schedule 1/Page_CMO login/button_Sign in' is clicked on

2018-05-21 20:52:25 - [MESSAGE][PASSED] - Object: 'Object Repository/Store Request Schedule 1/Page_CMO login/button_Sign in' is clicked on

2018-05-21 20:52:25 - [TEST_STEP][PASSED] - delay: Delayed 2 second(s)

2018-05-21 20:52:27 - [MESSAGE][PASSED] - Delayed 2 second(s)

2018-05-21 20:52:27 - [TEST_STEP][PASSED] - click: Object: 'Object Repository/Store Request Schedule 1/Page_KDMC - CMO/span_Department Wise Request' is clicked on

2018-05-21 20:52:28 - [MESSAGE][PASSED] - Object: 'Object Repository/Store Request Schedule 1/Page_KDMC - CMO/span_Department Wise Request' is clicked on

2018-05-21 20:52:28 - [TEST_STEP][PASSED] - click: Object: 'Object Repository/Store Request Schedule 1/Page_KDMC - CMO/a_CMS Request' is clicked on

2018-05-21 20:52:28 - [MESSAGE][PASSED] - Object: 'Object Repository/Store Request Schedule 1/Page_KDMC - CMO/a_CMS Request' is clicked on

2018-05-21 20:52:28 - [TEST_STEP][PASSED] - click: Object: 'Object Repository/Store Request Schedule 1/Page_KDMC - CMO/a_CMS Request' is clicked on

2018-05-21 20:52:28 - [MESSAGE][PASSED] - Object: 'Object Repository/Store Request Schedule 1/Page_KDMC - CMO/a_CMS Request' is clicked on

2018-05-21 20:52:28 - [TEST_STEP][PASSED] - click: Object: 'Object Repository/Store Request Schedule 1/Page_KDMC - CMO/span_Divisional Store Request' is clicked on

2018-05-21 20:52:30 - [MESSAGE][PASSED] - Object: 'Object Repository/Store Request Schedule 1/Page_KDMC - CMO/span_Divisional Store Request' is clicked on

2018-05-21 20:52:30 - [TEST_STEP][PASSED] - delay: Delayed 2 second(s)

2018-05-21 20:52:32 - [MESSAGE][PASSED] - Delayed 2 second(s)

2018-05-21 20:52:32 - [TEST_STEP][PASSED] - Statement - approval = com.kms.katalon.core.webui.keyword.WebUiBuiltInKeywords.modifyObjectProperty(com.kms.katalon.core.testobject.ObjectRepository.findTestObject(Store Request Schedule 1/Page_KDMC - CMO/input_PRNO050520189), "xpath", "equals", "//*[@id=" + RequestNumberID + "]", true): Modify property of object successfully

2018-05-21 20:52:32 - [MESSAGE][PASSED] - Modify property of object successfully

2018-05-21 20:52:32 - [TEST_STEP][PASSED] - click: Object: 'Object Repository/Store Request Schedule 1/Page_KDMC - CMO/input_PRNO050520189' is clicked on

2018-05-21 20:52:32 - [MESSAGE][PASSED] - Object: 'Object Repository/Store Request Schedule 1/Page_KDMC - CMO/input_PRNO050520189' is clicked on

2018-05-21 20:52:32 - [TEST_STEP][PASSED] - delay: Delayed 2 second(s)

2018-05-21 20:52:34 - [MESSAGE][PASSED] - Delayed 2 second(s)

2018-05-21 20:52:34 - [TEST_STEP][PASSED] - selectOptionByIndex: All options with index in [1] are selected on object 'Object Repository/Store Request Schedule 1/Page_KDMC - CMO/select_--Select--'

2018-05-21 20:52:34 - [MESSAGE][PASSED] - All options with index in [1] are selected on object 'Object Repository/Store Request Schedule 1/Page_KDMC - CMO/select_--Select--'

2018-05-21 20:52:34 - [TEST_STEP][PASSED] - click: Object: 'Object Repository/Store Request Schedule 1/Page_KDMC - CMO/input_btnupdate' is clicked on

2018-05-21 20:52:34 - [MESSAGE][PASSED] - Object: 'Object Repository/Store Request Schedule 1/Page_KDMC - CMO/input_btnupdate' is clicked on

2018-05-21 20:52:34 - [TEST_STEP][PASSED] - delay: Delayed 2 second(s)

2018-05-21 20:52:36 - [MESSAGE][PASSED] - Delayed 2 second(s)

2018-05-21 20:52:36 - [TEST_STEP][PASSED] - click: Object: 'Object Repository/Store Request Schedule 1/Page_KDMC - CMO/button_OK' is clicked on

2018-05-21 20:52:37 - [MESSAGE][PASSED] - Object: 'Object Repository/Store Request Schedule 1/Page_KDMC - CMO/button_OK' is clicked on

2018-05-21 20:52:37 - [TEST_STEP][PASSED] - delay: Delayed 2 second(s)

2018-05-21 20:52:39 - [MESSAGE][PASSED] - Delayed 2 second(s)

2018-05-21 20:52:39 - [TEST_STEP][PASSED] - click: Object: 'Object Repository/Store Request Schedule 1/Page_KDMC - CMO/a_dropdown-toggle' is clicked on

2018-05-21 20:52:39 - [MESSAGE][PASSED] - Object: 'Object Repository/Store Request Schedule 1/Page_KDMC - CMO/a_dropdown-toggle' is clicked on

2018-05-21 20:52:39 - [TEST_STEP][PASSED] - click: Object: 'Object Repository/Store Request Schedule 1/Page_KDMC - CMO/a_Sign out' is clicked on

2018-05-21 20:52:39 - [MESSAGE][PASSED] - Object: 'Object Repository/Store Request Schedule 1/Page_KDMC - CMO/a_Sign out' is clicked on

2018-05-21 20:52:39 - [TEST_STEP][PASSED] - delay: Delayed 3 second(s)

2018-05-21 20:52:42 - [MESSAGE][PASSED] - Delayed 3 second(s)

2018-05-21 20:52:42 - [TEST_STEP][PASSED] - click: Object: 'Object Repository/store Request Schedule 1/Page_KDMC/a_CMS' is clicked on

2018-05-21 20:52:43 - [MESSAGE][PASSED] - Object: 'Object Repository/store Request Schedule 1/Page_KDMC/a_CMS' is clicked on

2018-05-21 20:52:43 - [TEST_STEP][PASSED] - setText: Text 'bala' is set on object 'Object Repository/store Request Schedule 1/Page_CMS login/input_txtusername'

2018-05-21 20:52:43 - [MESSAGE][PASSED] - Text 'bala' is set on object 'Object Repository/store Request Schedule 1/Page_CMS login/input_txtusername'

2018-05-21 20:52:43 - [TEST_STEP][PASSED] - setText: Text '123' is set on object 'Object Repository/store Request Schedule 1/Page_CMS login/input_txtpassword'

2018-05-21 20:52:43 - [MESSAGE][PASSED] - Text '123' is set on object 'Object Repository/store Request Schedule 1/Page_CMS login/input_txtpassword'

2018-05-21 20:52:43 - [TEST_STEP][PASSED] - delay: Delayed 3 second(s)

2018-05-21 20:52:46 - [MESSAGE][PASSED] - Delayed 3 second(s)

2018-05-21 20:52:46 - [TEST_STEP][PASSED] - click: Object: 'Object Repository/store Request Schedule 1/Page_CMS login/button_Sign in' is clicked on

2018-05-21 20:52:46 - [MESSAGE][PASSED] - Object: 'Object Repository/store Request Schedule 1/Page_CMS login/button_Sign in' is clicked on

2018-05-21 20:52:46 - [TEST_STEP][PASSED] - delay: Delayed 2 second(s)

2018-05-21 20:52:48 - [MESSAGE][PASSED] - Delayed 2 second(s)

2018-05-21 20:52:48 - [TEST_STEP][PASSED] - click: Object: 'Object Repository/store Request Schedule 1/Page_KDMC - CMS/a_Divisional Store' is clicked on

2018-05-21 20:52:48 - [MESSAGE][PASSED] - Object: 'Object Repository/store Request Schedule 1/Page_KDMC - CMS/a_Divisional Store' is clicked on

2018-05-21 20:52:48 - [TEST_STEP][PASSED] - delay: Delayed 2 second(s)

2018-05-21 20:52:50 - [MESSAGE][PASSED] - Delayed 2 second(s)

2018-05-21 20:52:50 - [TEST_STEP][PASSED] - click: Object: 'Object Repository/store Request Schedule 1/Page_KDMC - CMS/a_Dispatch Items' is clicked on

2018-05-21 20:52:51 - [MESSAGE][PASSED] - Object: 'Object Repository/store Request Schedule 1/Page_KDMC - CMS/a_Dispatch Items' is clicked on

2018-05-21 20:52:51 - [TEST_STEP][PASSED] - setText: Text 'PRNO/21052018/335' is set on object 'Object Repository/store Request Schedule 1/Page_KDMC - CMS/input'

2018-05-21 20:52:52 - [MESSAGE][PASSED] - Text 'PRNO/21052018/335' is set on object 'Object Repository/store Request Schedule 1/Page_KDMC - CMS/input'

2018-05-21 20:52:52 - [TEST_STEP][PASSED] - click: Object: 'Object Repository/store Request Schedule 1/Page_KDMC - CMS/td_text-center' is clicked on

2018-05-21 20:52:52 - [MESSAGE][PASSED] - Object: 'Object Repository/store Request Schedule 1/Page_KDMC - CMS/td_text-center' is clicked on

2018-05-21 20:52:52 - [TEST_STEP][PASSED] - delay: Delayed 2 second(s)

2018-05-21 20:52:54 - [MESSAGE][PASSED] - Delayed 2 second(s)

2018-05-21 20:52:54 - [TEST_STEP][PASSED] - Statement - For ([row = 0, row < SelectedOptions - 1, (row++)]): null

2018-05-21 20:52:54 - [TEST_STEP][PASSED] - Statement - batchlength = new com.kms.katalon.core.testobject.TestObject(): null

2018-05-21 20:52:54 - [TEST_STEP][PASSED] - Statement - batchlength = com.kms.katalon.core.webui.keyword.WebUiBuiltInKeywords.modifyObjectProperty(batchlength, "xpath", "equals", "//*[@id = "fldvendor" + row + ""]", true): Modify property of object successfully

2018-05-21 20:52:54 - [MESSAGE][PASSED] - Modify property of object successfully

2018-05-21 20:52:54 - [TEST_STEP][PASSED] - Statement - batchsize = com.kms.katalon.core.webui.keyword.WebUiBuiltInKeywords.getNumberOfTotalOption(batchlength): 9 options of object '' counted

2018-05-21 20:52:54 - [MESSAGE][PASSED] - 9 options of object '' counted

2018-05-21 20:52:54 - [TEST_STEP][PASSED] - Statement - out.println("BatchSize : " + batchsize): null

2018-05-21 20:52:54 - [TEST_STEP][PASSED] - Statement - For ([n = 1, n <= batchsize - 1, (n++)]): null

2018-05-21 20:52:54 - [TEST_STEP][PASSED] - Statement - product = new com.kms.katalon.core.testobject.TestObject(): null

2018-05-21 20:52:54 - [TEST_STEP][PASSED] - Statement - product = com.kms.katalon.core.webui.keyword.WebUiBuiltInKeywords.modifyObjectProperty(product, "xpath", "equals", "//*[@id = "fldvendor" + row + ""]", true): Modify property of object successfully

2018-05-21 20:52:54 - [MESSAGE][PASSED] - Modify property of object successfully

2018-05-21 20:52:54 - [TEST_STEP][PASSED] - selectOptionByIndex: All options with index in [1] are selected on object ''

2018-05-21 20:52:54 - [MESSAGE][PASSED] - All options with index in [1] are selected on object ''

2018-05-21 20:52:54 - [TEST_STEP][PASSED] - Statement - batch = new com.kms.katalon.core.testobject.TestObject(): null

2018-05-21 20:52:54 - [TEST_STEP][PASSED] - Statement - batch = com.kms.katalon.core.webui.keyword.WebUiBuiltInKeywords.modifyObjectProperty(batch, "xpath", "equals", "//*[@id = "txtbthqty" + row + ""]", true): Modify property of object successfully

2018-05-21 20:52:54 - [MESSAGE][PASSED] - Modify property of object successfully

2018-05-21 20:52:54 - [TEST_STEP][PASSED] - Statement - batchqty = com.kms.katalon.core.webui.keyword.WebUiBuiltInKeywords.getAttribute(batch, "value").trim(): Attribute 'value' of object '' is: '28100'

2018-05-21 20:52:54 - [MESSAGE][PASSED] - Attribute 'value' of object '' is: '28100'

2018-05-21 20:52:54 - [TEST_STEP][PASSED] - Statement - Rqty = 100: null

2018-05-21 20:52:54 - [TEST_STEP][PASSED] - delay: Delayed 2 second(s)

2018-05-21 20:52:56 - [MESSAGE][PASSED] - Delayed 2 second(s)

2018-05-21 20:52:56 - [TEST_STEP][PASSED] - Statement - out.println("BatchQty : " + batchqty): null

2018-05-21 20:52:56 - [TEST_STEP][PASSED] - Statement - out.println("RQty : " + Rqty): null

2018-05-21 20:52:56 - [TEST_STEP][PASSED] - Statement - If (java.lang.Integer.valueOf(batchqty) >= java.lang.Integer.valueOf(Rqty)): null

2018-05-21 20:52:56 - [TEST_STEP][PASSED] - Statement - Break: null

2018-05-21 20:52:56 - [TEST_STEP][PASSED] - Statement - batchlength = new com.kms.katalon.core.testobject.TestObject(): null

2018-05-21 20:52:56 - [TEST_STEP][PASSED] - Statement - batchlength = com.kms.katalon.core.webui.keyword.WebUiBuiltInKeywords.modifyObjectProperty(batchlength, "xpath", "equals", "//*[@id = "fldvendor" + row + ""]", true): Modify property of object successfully

2018-05-21 20:52:56 - [MESSAGE][PASSED] - Modify property of object successfully

2018-05-21 20:52:56 - [TEST_STEP][PASSED] - Statement - batchsize = com.kms.katalon.core.webui.keyword.WebUiBuiltInKeywords.getNumberOfTotalOption(batchlength): 10 options of object '' counted

2018-05-21 20:52:56 - [MESSAGE][PASSED] - 10 options of object '' counted

2018-05-21 20:52:56 - [TEST_STEP][PASSED] - Statement - out.println("BatchSize : " + batchsize): null

2018-05-21 20:52:56 - [TEST_STEP][PASSED] - Statement - For ([n = 1, n <= batchsize - 1, (n++)]): null

2018-05-21 20:52:56 - [TEST_STEP][PASSED] - Statement - product = new com.kms.katalon.core.testobject.TestObject(): null

2018-05-21 20:52:56 - [TEST_STEP][PASSED] - Statement - product = com.kms.katalon.core.webui.keyword.WebUiBuiltInKeywords.modifyObjectProperty(product, "xpath", "equals", "//*[@id = "fldvendor" + row + ""]", true): Modify property of object successfully

2018-05-21 20:52:56 - [MESSAGE][PASSED] - Modify property of object successfully

2018-05-21 20:52:56 - [TEST_STEP][PASSED] - selectOptionByIndex: All options with index in [1] are selected on object ''

2018-05-21 20:52:56 - [MESSAGE][PASSED] - All options with index in [1] are selected on object ''

2018-05-21 20:52:56 - [TEST_STEP][PASSED] - Statement - batch = new com.kms.katalon.core.testobject.TestObject(): null

2018-05-21 20:52:56 - [TEST_STEP][PASSED] - Statement - batch = com.kms.katalon.core.webui.keyword.WebUiBuiltInKeywords.modifyObjectProperty(batch, "xpath", "equals", "//*[@id = "txtbthqty" + row + ""]", true): Modify property of object successfully

2018-05-21 20:52:56 - [MESSAGE][PASSED] - Modify property of object successfully

2018-05-21 20:52:56 - [TEST_STEP][PASSED] - Statement - batchqty = com.kms.katalon.core.webui.keyword.WebUiBuiltInKeywords.getAttribute(batch, "value").trim(): Attribute 'value' of object '' is: '4200'

2018-05-21 20:52:56 - [MESSAGE][PASSED] - Attribute 'value' of object '' is: '4200'

2018-05-21 20:52:56 - [TEST_STEP][PASSED] - Statement - Rqty = 100: null

2018-05-21 20:52:56 - [TEST_STEP][PASSED] - delay: Delayed 2 second(s)

2018-05-21 20:52:58 - [MESSAGE][PASSED] - Delayed 2 second(s)

2018-05-21 20:52:58 - [TEST_STEP][PASSED] - Statement - out.println("BatchQty : " + batchqty): null

2018-05-21 20:52:58 - [TEST_STEP][PASSED] - Statement - out.println("RQty : " + Rqty): null

2018-05-21 20:52:58 - [TEST_STEP][PASSED] - Statement - If (java.lang.Integer.valueOf(batchqty) >= java.lang.Integer.valueOf(Rqty)): null

2018-05-21 20:52:58 - [TEST_STEP][PASSED] - Statement - Break: null

2018-05-21 20:52:58 - [TEST_STEP][PASSED] - Statement - batchlength = new com.kms.katalon.core.testobject.TestObject(): null

2018-05-21 20:52:58 - [TEST_STEP][PASSED] - Statement - batchlength = com.kms.katalon.core.webui.keyword.WebUiBuiltInKeywords.modifyObjectProperty(batchlength, "xpath", "equals", "//*[@id = "fldvendor" + row + ""]", true): Modify property of object successfully

2018-05-21 20:52:58 - [MESSAGE][PASSED] - Modify property of object successfully

2018-05-21 20:52:58 - [TEST_STEP][PASSED] - Statement - batchsize = com.kms.katalon.core.webui.keyword.WebUiBuiltInKeywords.getNumberOfTotalOption(batchlength): 10 options of object '' counted

2018-05-21 20:52:58 - [MESSAGE][PASSED] - 10 options of object '' counted

2018-05-21 20:52:58 - [TEST_STEP][PASSED] - Statement - out.println("BatchSize : " + batchsize): null

2018-05-21 20:52:58 - [TEST_STEP][PASSED] - Statement - For ([n = 1, n <= batchsize - 1, (n++)]): null

2018-05-21 20:52:58 - [TEST_STEP][PASSED] - Statement - product = new com.kms.katalon.core.testobject.TestObject(): null

2018-05-21 20:52:58 - [TEST_STEP][PASSED] - Statement - product = com.kms.katalon.core.webui.keyword.WebUiBuiltInKeywords.modifyObjectProperty(product, "xpath", "equals", "//*[@id = "fldvendor" + row + ""]", true): Modify property of object successfully

2018-05-21 20:52:58 - [MESSAGE][PASSED] - Modify property of object successfully

2018-05-21 20:52:58 - [TEST_STEP][PASSED] - selectOptionByIndex: All options with index in [1] are selected on object ''

2018-05-21 20:52:58 - [MESSAGE][PASSED] - All options with index in [1] are selected on object ''

2018-05-21 20:52:58 - [TEST_STEP][PASSED] - Statement - batch = new com.kms.katalon.core.testobject.TestObject(): null

2018-05-21 20:52:58 - [TEST_STEP][PASSED] - Statement - batch = com.kms.katalon.core.webui.keyword.WebUiBuiltInKeywords.modifyObjectProperty(batch, "xpath", "equals", "//*[@id = "txtbthqty" + row + ""]", true): Modify property of object successfully

2018-05-21 20:52:58 - [MESSAGE][PASSED] - Modify property of object successfully

2018-05-21 20:52:58 - [TEST_STEP][PASSED] - Statement - batchqty = com.kms.katalon.core.webui.keyword.WebUiBuiltInKeywords.getAttribute(batch, "value").trim(): Attribute 'value' of object '' is: '3200'

2018-05-21 20:52:59 - [MESSAGE][PASSED] - Attribute 'value' of object '' is: '3200'

2018-05-21 20:52:59 - [TEST_STEP][PASSED] - Statement - Rqty = 100: null

2018-05-21 20:52:59 - [TEST_STEP][PASSED] - delay: Delayed 2 second(s)

2018-05-21 20:53:01 - [MESSAGE][PASSED] - Delayed 2 second(s)

2018-05-21 20:53:01 - [TEST_STEP][PASSED] - Statement - out.println("BatchQty : " + batchqty): null

2018-05-21 20:53:01 - [TEST_STEP][PASSED] - Statement - out.println("RQty : " + Rqty): null

2018-05-21 20:53:01 - [TEST_STEP][PASSED] - Statement - If (java.lang.Integer.valueOf(batchqty) >= java.lang.Integer.valueOf(Rqty)): null

2018-05-21 20:53:01 - [TEST_STEP][PASSED] - Statement - Break: null

2018-05-21 20:53:01 - [TEST_STEP][PASSED] - Statement - batchlength = new com.kms.katalon.core.testobject.TestObject(): null

2018-05-21 20:53:01 - [TEST_STEP][PASSED] - Statement - batchlength = com.kms.katalon.core.webui.keyword.WebUiBuiltInKeywords.modifyObjectProperty(batchlength, "xpath", "equals", "//*[@id = "fldvendor" + row + ""]", true): Modify property of object successfully

2018-05-21 20:53:01 - [MESSAGE][PASSED] - Modify property of object successfully

2018-05-21 20:53:01 - [TEST_STEP][PASSED] - Statement - batchsize = com.kms.katalon.core.webui.keyword.WebUiBuiltInKeywords.getNumberOfTotalOption(batchlength): 10 options of object '' counted

2018-05-21 20:53:01 - [MESSAGE][PASSED] - 10 options of object '' counted

2018-05-21 20:53:01 - [TEST_STEP][PASSED] - Statement - out.println("BatchSize : " + batchsize): null

2018-05-21 20:53:01 - [TEST_STEP][PASSED] - Statement - For ([n = 1, n <= batchsize - 1, (n++)]): null

2018-05-21 20:53:01 - [TEST_STEP][PASSED] - Statement - product = new com.kms.katalon.core.testobject.TestObject(): null

2018-05-21 20:53:01 - [TEST_STEP][PASSED] - Statement - product = com.kms.katalon.core.webui.keyword.WebUiBuiltInKeywords.modifyObjectProperty(product, "xpath", "equals", "//*[@id = "fldvendor" + row + ""]", true): Modify property of object successfully

2018-05-21 20:53:01 - [MESSAGE][PASSED] - Modify property of object successfully

2018-05-21 20:53:01 - [TEST_STEP][PASSED] - selectOptionByIndex: All options with index in [1] are selected on object ''

2018-05-21 20:53:01 - [MESSAGE][PASSED] - All options with index in [1] are selected on object ''

2018-05-21 20:53:01 - [TEST_STEP][PASSED] - Statement - batch = new com.kms.katalon.core.testobject.TestObject(): null

2018-05-21 20:53:01 - [TEST_STEP][PASSED] - Statement - batch = com.kms.katalon.core.webui.keyword.WebUiBuiltInKeywords.modifyObjectProperty(batch, "xpath", "equals", "//*[@id = "txtbthqty" + row + ""]", true): Modify property of object successfully

2018-05-21 20:53:01 - [MESSAGE][PASSED] - Modify property of object successfully

2018-05-21 20:53:01 - [TEST_STEP][PASSED] - Statement - batchqty = com.kms.katalon.core.webui.keyword.WebUiBuiltInKeywords.getAttribute(batch, "value").trim(): Attribute 'value' of object '' is: '4200'

2018-05-21 20:53:01 - [MESSAGE][PASSED] - Attribute 'value' of object '' is: '4200'

2018-05-21 20:53:01 - [TEST_STEP][PASSED] - Statement - Rqty = 100: null

2018-05-21 20:53:01 - [TEST_STEP][PASSED] - delay: Delayed 2 second(s)

2018-05-21 20:53:03 - [MESSAGE][PASSED] - Delayed 2 second(s)

2018-05-21 20:53:03 - [TEST_STEP][PASSED] - Statement - out.println("BatchQty : " + batchqty): null

2018-05-21 20:53:03 - [TEST_STEP][PASSED] - Statement - out.println("RQty : " + Rqty): null

2018-05-21 20:53:03 - [TEST_STEP][PASSED] - Statement - If (java.lang.Integer.valueOf(batchqty) >= java.lang.Integer.valueOf(Rqty)): null

2018-05-21 20:53:03 - [TEST_STEP][PASSED] - Statement - Break: null

2018-05-21 20:53:03 - [TEST_STEP][PASSED] - Statement - batchlength = new com.kms.katalon.core.testobject.TestObject(): null

2018-05-21 20:53:03 - [TEST_STEP][PASSED] - Statement - batchlength = com.kms.katalon.core.webui.keyword.WebUiBuiltInKeywords.modifyObjectProperty(batchlength, "xpath", "equals", "//*[@id = "fldvendor" + row + ""]", true): Modify property of object successfully

2018-05-21 20:53:03 - [MESSAGE][PASSED] - Modify property of object successfully

2018-05-21 20:53:03 - [TEST_STEP][PASSED] - Statement - batchsize = com.kms.katalon.core.webui.keyword.WebUiBuiltInKeywords.getNumberOfTotalOption(batchlength): 10 options of object '' counted

2018-05-21 20:53:03 - [MESSAGE][PASSED] - 10 options of object '' counted

2018-05-21 20:53:03 - [TEST_STEP][PASSED] - Statement - out.println("BatchSize : " + batchsize): null

2018-05-21 20:53:03 - [TEST_STEP][PASSED] - Statement - For ([n = 1, n <= batchsize - 1, (n++)]): null

2018-05-21 20:53:03 - [TEST_STEP][PASSED] - Statement - product = new com.kms.katalon.core.testobject.TestObject(): null

2018-05-21 20:53:03 - [TEST_STEP][PASSED] - Statement - product = com.kms.katalon.core.webui.keyword.WebUiBuiltInKeywords.modifyObjectProperty(product, "xpath", "equals", "//*[@id = "fldvendor" + row + ""]", true): Modify property of object successfully

2018-05-21 20:53:03 - [MESSAGE][PASSED] - Modify property of object successfully

2018-05-21 20:53:03 - [TEST_STEP][PASSED] - selectOptionByIndex: All options with index in [1] are selected on object ''

2018-05-21 20:53:03 - [MESSAGE][PASSED] - All options with index in [1] are selected on object ''

2018-05-21 20:53:03 - [TEST_STEP][PASSED] - Statement - batch = new com.kms.katalon.core.testobject.TestObject(): null

2018-05-21 20:53:03 - [TEST_STEP][PASSED] - Statement - batch = com.kms.katalon.core.webui.keyword.WebUiBuiltInKeywords.modifyObjectProperty(batch, "xpath", "equals", "//*[@id = "txtbthqty" + row + ""]", true): Modify property of object successfully

2018-05-21 20:53:03 - [MESSAGE][PASSED] - Modify property of object successfully

2018-05-21 20:53:03 - [TEST_STEP][PASSED] - Statement - batchqty = com.kms.katalon.core.webui.keyword.WebUiBuiltInKeywords.getAttribute(batch, "value").trim(): Attribute 'value' of object '' is: '4200'

2018-05-21 20:53:03 - [MESSAGE][PASSED] - Attribute 'value' of object '' is: '4200'

2018-05-21 20:53:03 - [TEST_STEP][PASSED] - Statement - Rqty = 100: null

2018-05-21 20:53:03 - [TEST_STEP][PASSED] - delay: Delayed 2 second(s)

2018-05-21 20:53:05 - [MESSAGE][PASSED] - Delayed 2 second(s)

2018-05-21 20:53:05 - [TEST_STEP][PASSED] - Statement - out.println("BatchQty : " + batchqty): null

2018-05-21 20:53:05 - [TEST_STEP][PASSED] - Statement - out.println("RQty : " + Rqty): null

2018-05-21 20:53:05 - [TEST_STEP][PASSED] - Statement - If (java.lang.Integer.valueOf(batchqty) >= java.lang.Integer.valueOf(Rqty)): null

2018-05-21 20:53:05 - [TEST_STEP][PASSED] - Statement - Break: null

2018-05-21 20:53:05 - [TEST_STEP][PASSED] - Statement - batchlength = new com.kms.katalon.core.testobject.TestObject(): null

2018-05-21 20:53:05 - [TEST_STEP][PASSED] - Statement - batchlength = com.kms.katalon.core.webui.keyword.WebUiBuiltInKeywords.modifyObjectProperty(batchlength, "xpath", "equals", "//*[@id = "fldvendor" + row + ""]", true): Modify property of object successfully

2018-05-21 20:53:05 - [MESSAGE][PASSED] - Modify property of object successfully

2018-05-21 20:53:05 - [TEST_STEP][PASSED] - Statement - batchsize = com.kms.katalon.core.webui.keyword.WebUiBuiltInKeywords.getNumberOfTotalOption(batchlength): 10 options of object '' counted

2018-05-21 20:53:05 - [MESSAGE][PASSED] - 10 options of object '' counted

2018-05-21 20:53:05 - [TEST_STEP][PASSED] - Statement - out.println("BatchSize : " + batchsize): null

2018-05-21 20:53:05 - [TEST_STEP][PASSED] - Statement - For ([n = 1, n <= batchsize - 1, (n++)]): null

2018-05-21 20:53:05 - [TEST_STEP][PASSED] - Statement - product = new com.kms.katalon.core.testobject.TestObject(): null

2018-05-21 20:53:05 - [TEST_STEP][PASSED] - Statement - product = com.kms.katalon.core.webui.keyword.WebUiBuiltInKeywords.modifyObjectProperty(product, "xpath", "equals", "//*[@id = "fldvendor" + row + ""]", true): Modify property of object successfully

2018-05-21 20:53:05 - [MESSAGE][PASSED] - Modify property of object successfully

2018-05-21 20:53:05 - [TEST_STEP][PASSED] - selectOptionByIndex: All options with index in [1] are selected on object ''

2018-05-21 20:53:05 - [MESSAGE][PASSED] - All options with index in [1] are selected on object ''

2018-05-21 20:53:05 - [TEST_STEP][PASSED] - Statement - batch = new com.kms.katalon.core.testobject.TestObject(): null

2018-05-21 20:53:05 - [TEST_STEP][PASSED] - Statement - batch = com.kms.katalon.core.webui.keyword.WebUiBuiltInKeywords.modifyObjectProperty(batch, "xpath", "equals", "//*[@id = "txtbthqty" + row + ""]", true): Modify property of object successfully

2018-05-21 20:53:05 - [MESSAGE][PASSED] - Modify property of object successfully

2018-05-21 20:53:05 - [TEST_STEP][PASSED] - Statement - batchqty = com.kms.katalon.core.webui.keyword.WebUiBuiltInKeywords.getAttribute(batch, "value").trim(): Attribute 'value' of object '' is: '4200'

2018-05-21 20:53:05 - [MESSAGE][PASSED] - Attribute 'value' of object '' is: '4200'

2018-05-21 20:53:05 - [TEST_STEP][PASSED] - Statement - Rqty = 100: null

2018-05-21 20:53:05 - [TEST_STEP][PASSED] - delay: Delayed 2 second(s)

2018-05-21 20:53:07 - [MESSAGE][PASSED] - Delayed 2 second(s)

2018-05-21 20:53:07 - [TEST_STEP][PASSED] - Statement - out.println("BatchQty : " + batchqty): null

2018-05-21 20:53:07 - [TEST_STEP][PASSED] - Statement - out.println("RQty : " + Rqty): null

2018-05-21 20:53:07 - [TEST_STEP][PASSED] - Statement - If (java.lang.Integer.valueOf(batchqty) >= java.lang.Integer.valueOf(Rqty)): null

2018-05-21 20:53:07 - [TEST_STEP][PASSED] - Statement - Break: null

2018-05-21 20:53:07 - [TEST_STEP][PASSED] - Statement - batchlength = new com.kms.katalon.core.testobject.TestObject(): null

2018-05-21 20:53:07 - [TEST_STEP][PASSED] - Statement - batchlength = com.kms.katalon.core.webui.keyword.WebUiBuiltInKeywords.modifyObjectProperty(batchlength, "xpath", "equals", "//*[@id = "fldvendor" + row + ""]", true): Modify property of object successfully

2018-05-21 20:53:07 - [MESSAGE][PASSED] - Modify property of object successfully

2018-05-21 20:53:07 - [TEST_STEP][PASSED] - Statement - batchsize = com.kms.katalon.core.webui.keyword.WebUiBuiltInKeywords.getNumberOfTotalOption(batchlength): 10 options of object '' counted

2018-05-21 20:53:07 - [MESSAGE][PASSED] - 10 options of object '' counted

2018-05-21 20:53:07 - [TEST_STEP][PASSED] - Statement - out.println("BatchSize : " + batchsize): null

2018-05-21 20:53:07 - [TEST_STEP][PASSED] - Statement - For ([n = 1, n <= batchsize - 1, (n++)]): null

2018-05-21 20:53:07 - [TEST_STEP][PASSED] - Statement - product = new com.kms.katalon.core.testobject.TestObject(): null

2018-05-21 20:53:07 - [TEST_STEP][PASSED] - Statement - product = com.kms.katalon.core.webui.keyword.WebUiBuiltInKeywords.modifyObjectProperty(product, "xpath", "equals", "//*[@id = "fldvendor" + row + ""]", true): Modify property of object successfully

2018-05-21 20:53:07 - [MESSAGE][PASSED] - Modify property of object successfully

2018-05-21 20:53:07 - [TEST_STEP][PASSED] - selectOptionByIndex: All options with index in [1] are selected on object ''

2018-05-21 20:53:07 - [MESSAGE][PASSED] - All options with index in [1] are selected on object ''

2018-05-21 20:53:07 - [TEST_STEP][PASSED] - Statement - batch = new com.kms.katalon.core.testobject.TestObject(): null

2018-05-21 20:53:07 - [TEST_STEP][PASSED] - Statement - batch = com.kms.katalon.core.webui.keyword.WebUiBuiltInKeywords.modifyObjectProperty(batch, "xpath", "equals", "//*[@id = "txtbthqty" + row + ""]", true): Modify property of object successfully

2018-05-21 20:53:07 - [MESSAGE][PASSED] - Modify property of object successfully

2018-05-21 20:53:07 - [TEST_STEP][PASSED] - Statement - batchqty = com.kms.katalon.core.webui.keyword.WebUiBuiltInKeywords.getAttribute(batch, "value").trim(): Attribute 'value' of object '' is: '28100'

2018-05-21 20:53:08 - [MESSAGE][PASSED] - Attribute 'value' of object '' is: '28100'

2018-05-21 20:53:08 - [TEST_STEP][PASSED] - Statement - Rqty = 100: null

2018-05-21 20:53:08 - [TEST_STEP][PASSED] - delay: Delayed 2 second(s)

2018-05-21 20:53:10 - [MESSAGE][PASSED] - Delayed 2 second(s)

2018-05-21 20:53:10 - [TEST_STEP][PASSED] - Statement - out.println("BatchQty : " + batchqty): null

2018-05-21 20:53:10 - [TEST_STEP][PASSED] - Statement - out.println("RQty : " + Rqty): null

2018-05-21 20:53:10 - [TEST_STEP][PASSED] - Statement - If (java.lang.Integer.valueOf(batchqty) >= java.lang.Integer.valueOf(Rqty)): null

2018-05-21 20:53:10 - [TEST_STEP][PASSED] - Statement - Break: null

2018-05-21 20:53:10 - [TEST_STEP][PASSED] - Statement - batchlength = new com.kms.katalon.core.testobject.TestObject(): null

2018-05-21 20:53:10 - [TEST_STEP][PASSED] - Statement - batchlength = com.kms.katalon.core.webui.keyword.WebUiBuiltInKeywords.modifyObjectProperty(batchlength, "xpath", "equals", "//*[@id = "fldvendor" + row + ""]", true): Modify property of object successfully

2018-05-21 20:53:10 - [MESSAGE][PASSED] - Modify property of object successfully

2018-05-21 20:53:10 - [TEST_STEP][PASSED] - Statement - batchsize = com.kms.katalon.core.webui.keyword.WebUiBuiltInKeywords.getNumberOfTotalOption(batchlength): 10 options of object '' counted

2018-05-21 20:53:10 - [MESSAGE][PASSED] - 10 options of object '' counted

2018-05-21 20:53:10 - [TEST_STEP][PASSED] - Statement - out.println("BatchSize : " + batchsize): null

2018-05-21 20:53:10 - [TEST_STEP][PASSED] - Statement - For ([n = 1, n <= batchsize - 1, (n++)]): null

2018-05-21 20:53:10 - [TEST_STEP][PASSED] - Statement - product = new com.kms.katalon.core.testobject.TestObject(): null

2018-05-21 20:53:10 - [TEST_STEP][PASSED] - Statement - product = com.kms.katalon.core.webui.keyword.WebUiBuiltInKeywords.modifyObjectProperty(product, "xpath", "equals", "//*[@id = "fldvendor" + row + ""]", true): Modify property of object successfully

2018-05-21 20:53:10 - [MESSAGE][PASSED] - Modify property of object successfully

2018-05-21 20:53:10 - [TEST_STEP][PASSED] - selectOptionByIndex: All options with index in [1] are selected on object ''

2018-05-21 20:53:10 - [MESSAGE][PASSED] - All options with index in [1] are selected on object ''

2018-05-21 20:53:10 - [TEST_STEP][PASSED] - Statement - batch = new com.kms.katalon.core.testobject.TestObject(): null

2018-05-21 20:53:10 - [TEST_STEP][PASSED] - Statement - batch = com.kms.katalon.core.webui.keyword.WebUiBuiltInKeywords.modifyObjectProperty(batch, "xpath", "equals", "//*[@id = "txtbthqty" + row + ""]", true): Modify property of object successfully

2018-05-21 20:53:10 - [MESSAGE][PASSED] - Modify property of object successfully

2018-05-21 20:53:10 - [TEST_STEP][PASSED] - Statement - batchqty = com.kms.katalon.core.webui.keyword.WebUiBuiltInKeywords.getAttribute(batch, "value").trim(): Attribute 'value' of object '' is: '3200'

2018-05-21 20:53:10 - [MESSAGE][PASSED] - Attribute 'value' of object '' is: '3200'

2018-05-21 20:53:10 - [TEST_STEP][PASSED] - Statement - Rqty = 100: null

2018-05-21 20:53:10 - [TEST_STEP][PASSED] - delay: Delayed 2 second(s)

2018-05-21 20:53:12 - [MESSAGE][PASSED] - Delayed 2 second(s)

2018-05-21 20:53:12 - [TEST_STEP][PASSED] - Statement - out.println("BatchQty : " + batchqty): null

2018-05-21 20:53:12 - [TEST_STEP][PASSED] - Statement - out.println("RQty : " + Rqty): null

2018-05-21 20:53:12 - [TEST_STEP][PASSED] - Statement - If (java.lang.Integer.valueOf(batchqty) >= java.lang.Integer.valueOf(Rqty)): null

2018-05-21 20:53:12 - [TEST_STEP][PASSED] - Statement - Break: null

2018-05-21 20:53:12 - [TEST_STEP][PASSED] - Statement - batchlength = new com.kms.katalon.core.testobject.TestObject(): null

2018-05-21 20:53:12 - [TEST_STEP][PASSED] - Statement - batchlength = com.kms.katalon.core.webui.keyword.WebUiBuiltInKeywords.modifyObjectProperty(batchlength, "xpath", "equals", "//*[@id = "fldvendor" + row + ""]", true): Modify property of object successfully

2018-05-21 20:53:12 - [MESSAGE][PASSED] - Modify property of object successfully

2018-05-21 20:53:12 - [TEST_STEP][PASSED] - Statement - batchsize = com.kms.katalon.core.webui.keyword.WebUiBuiltInKeywords.getNumberOfTotalOption(batchlength): 10 options of object '' counted

2018-05-21 20:53:12 - [MESSAGE][PASSED] - 10 options of object '' counted

2018-05-21 20:53:12 - [TEST_STEP][PASSED] - Statement - out.println("BatchSize : " + batchsize): null

2018-05-21 20:53:12 - [TEST_STEP][PASSED] - Statement - For ([n = 1, n <= batchsize - 1, (n++)]): null

2018-05-21 20:53:12 - [TEST_STEP][PASSED] - Statement - product = new com.kms.katalon.core.testobject.TestObject(): null

2018-05-21 20:53:12 - [TEST_STEP][PASSED] - Statement - product = com.kms.katalon.core.webui.keyword.WebUiBuiltInKeywords.modifyObjectProperty(product, "xpath", "equals", "//*[@id = "fldvendor" + row + ""]", true): Modify property of object successfully

2018-05-21 20:53:12 - [MESSAGE][PASSED] - Modify property of object successfully

2018-05-21 20:53:12 - [TEST_STEP][PASSED] - selectOptionByIndex: All options with index in [1] are selected on object ''

2018-05-21 20:53:12 - [MESSAGE][PASSED] - All options with index in [1] are selected on object ''

2018-05-21 20:53:12 - [TEST_STEP][PASSED] - Statement - batch = new com.kms.katalon.core.testobject.TestObject(): null

2018-05-21 20:53:12 - [TEST_STEP][PASSED] - Statement - batch = com.kms.katalon.core.webui.keyword.WebUiBuiltInKeywords.modifyObjectProperty(batch, "xpath", "equals", "//*[@id = "txtbthqty" + row + ""]", true): Modify property of object successfully

2018-05-21 20:53:12 - [MESSAGE][PASSED] - Modify property of object successfully

2018-05-21 20:53:12 - [TEST_STEP][PASSED] - Statement - batchqty = com.kms.katalon.core.webui.keyword.WebUiBuiltInKeywords.getAttribute(batch, "value").trim(): Attribute 'value' of object '' is: '4200'

2018-05-21 20:53:12 - [MESSAGE][PASSED] - Attribute 'value' of object '' is: '4200'

2018-05-21 20:53:12 - [TEST_STEP][PASSED] - Statement - Rqty = 100: null

2018-05-21 20:53:12 - [TEST_STEP][PASSED] - delay: Delayed 2 second(s)

2018-05-21 20:53:14 - [MESSAGE][PASSED] - Delayed 2 second(s)

2018-05-21 20:53:14 - [TEST_STEP][PASSED] - Statement - out.println("BatchQty : " + batchqty): null

2018-05-21 20:53:14 - [TEST_STEP][PASSED] - Statement - out.println("RQty : " + Rqty): null

2018-05-21 20:53:14 - [TEST_STEP][PASSED] - Statement - If (java.lang.Integer.valueOf(batchqty) >= java.lang.Integer.valueOf(Rqty)): null

2018-05-21 20:53:14 - [TEST_STEP][PASSED] - Statement - Break: null

2018-05-21 20:53:14 - [TEST_STEP][PASSED] - Statement - batchlength = new com.kms.katalon.core.testobject.TestObject(): null

2018-05-21 20:53:14 - [TEST_STEP][PASSED] - Statement - batchlength = com.kms.katalon.core.webui.keyword.WebUiBuiltInKeywords.modifyObjectProperty(batchlength, "xpath", "equals", "//*[@id = "fldvendor" + row + ""]", true): Modify property of object successfully

2018-05-21 20:53:14 - [MESSAGE][PASSED] - Modify property of object successfully

2018-05-21 20:53:14 - [TEST_STEP][PASSED] - Statement - batchsize = com.kms.katalon.core.webui.keyword.WebUiBuiltInKeywords.getNumberOfTotalOption(batchlength): 10 options of object '' counted

2018-05-21 20:53:14 - [MESSAGE][PASSED] - 10 options of object '' counted

2018-05-21 20:53:14 - [TEST_STEP][PASSED] - Statement - out.println("BatchSize : " + batchsize): null

2018-05-21 20:53:14 - [TEST_STEP][PASSED] - Statement - For ([n = 1, n <= batchsize - 1, (n++)]): null

2018-05-21 20:53:14 - [TEST_STEP][PASSED] - Statement - product = new com.kms.katalon.core.testobject.TestObject(): null

2018-05-21 20:53:14 - [TEST_STEP][PASSED] - Statement - product = com.kms.katalon.core.webui.keyword.WebUiBuiltInKeywords.modifyObjectProperty(product, "xpath", "equals", "//*[@id = "fldvendor" + row + ""]", true): Modify property of object successfully

2018-05-21 20:53:14 - [MESSAGE][PASSED] - Modify property of object successfully

2018-05-21 20:53:14 - [TEST_STEP][PASSED] - selectOptionByIndex: All options with index in [1] are selected on object ''

2018-05-21 20:53:14 - [MESSAGE][PASSED] - All options with index in [1] are selected on object ''

2018-05-21 20:53:14 - [TEST_STEP][PASSED] - Statement - batch = new com.kms.katalon.core.testobject.TestObject(): null

2018-05-21 20:53:14 - [TEST_STEP][PASSED] - Statement - batch = com.kms.katalon.core.webui.keyword.WebUiBuiltInKeywords.modifyObjectProperty(batch, "xpath", "equals", "//*[@id = "txtbthqty" + row + ""]", true): Modify property of object successfully

2018-05-21 20:53:14 - [MESSAGE][PASSED] - Modify property of object successfully

2018-05-21 20:53:14 - [TEST_STEP][PASSED] - Statement - batchqty = com.kms.katalon.core.webui.keyword.WebUiBuiltInKeywords.getAttribute(batch, "value").trim(): Attribute 'value' of object '' is: '28100'

2018-05-21 20:53:14 - [MESSAGE][PASSED] - Attribute 'value' of object '' is: '28100'

2018-05-21 20:53:14 - [TEST_STEP][PASSED] - Statement - Rqty = 100: null

2018-05-21 20:53:14 - [TEST_STEP][PASSED] - delay: Delayed 2 second(s)

2018-05-21 20:53:16 - [MESSAGE][PASSED] - Delayed 2 second(s)

2018-05-21 20:53:16 - [TEST_STEP][PASSED] - Statement - out.println("BatchQty : " + batchqty): null

2018-05-21 20:53:16 - [TEST_STEP][PASSED] - Statement - out.println("RQty : " + Rqty): null

2018-05-21 20:53:16 - [TEST_STEP][PASSED] - Statement - If (java.lang.Integer.valueOf(batchqty) >= java.lang.Integer.valueOf(Rqty)): null

2018-05-21 20:53:16 - [TEST_STEP][PASSED] - Statement - Break: null

2018-05-21 20:53:16 - [TEST_STEP][PASSED] - Statement - batchlength = new com.kms.katalon.core.testobject.TestObject(): null

2018-05-21 20:53:16 - [TEST_STEP][PASSED] - Statement - batchlength = com.kms.katalon.core.webui.keyword.WebUiBuiltInKeywords.modifyObjectProperty(batchlength, "xpath", "equals", "//*[@id = "fldvendor" + row + ""]", true): Modify property of object successfully

2018-05-21 20:53:16 - [MESSAGE][PASSED] - Modify property of object successfully

2018-05-21 20:53:16 - [TEST_STEP][PASSED] - Statement - batchsize = com.kms.katalon.core.webui.keyword.WebUiBuiltInKeywords.getNumberOfTotalOption(batchlength): 10 options of object '' counted

2018-05-21 20:53:16 - [MESSAGE][PASSED] - 10 options of object '' counted

2018-05-21 20:53:16 - [TEST_STEP][PASSED] - Statement - out.println("BatchSize : " + batchsize): null

2018-05-21 20:53:16 - [TEST_STEP][PASSED] - Statement - For ([n = 1, n <= batchsize - 1, (n++)]): null

2018-05-21 20:53:16 - [TEST_STEP][PASSED] - Statement - product = new com.kms.katalon.core.testobject.TestObject(): null

2018-05-21 20:53:16 - [TEST_STEP][PASSED] - Statement - product = com.kms.katalon.core.webui.keyword.WebUiBuiltInKeywords.modifyObjectProperty(product, "xpath", "equals", "//*[@id = "fldvendor" + row + ""]", true): Modify property of object successfully

2018-05-21 20:53:16 - [MESSAGE][PASSED] - Modify property of object successfully

2018-05-21 20:53:16 - [TEST_STEP][PASSED] - selectOptionByIndex: All options with index in [1] are selected on object ''

2018-05-21 20:53:16 - [MESSAGE][PASSED] - All options with index in [1] are selected on object ''

2018-05-21 20:53:16 - [TEST_STEP][PASSED] - Statement - batch = new com.kms.katalon.core.testobject.TestObject(): null

2018-05-21 20:53:16 - [TEST_STEP][PASSED] - Statement - batch = com.kms.katalon.core.webui.keyword.WebUiBuiltInKeywords.modifyObjectProperty(batch, "xpath", "equals", "//*[@id = "txtbthqty" + row + ""]", true): Modify property of object successfully

2018-05-21 20:53:16 - [MESSAGE][PASSED] - Modify property of object successfully

2018-05-21 20:53:16 - [TEST_STEP][PASSED] - Statement - batchqty = com.kms.katalon.core.webui.keyword.WebUiBuiltInKeywords.getAttribute(batch, "value").trim(): Attribute 'value' of object '' is: '4200'

2018-05-21 20:53:16 - [MESSAGE][PASSED] - Attribute 'value' of object '' is: '4200'

2018-05-21 20:53:16 - [TEST_STEP][PASSED] - Statement - Rqty = 100: null

2018-05-21 20:53:16 - [TEST_STEP][PASSED] - delay: Delayed 2 second(s)

2018-05-21 20:53:18 - [MESSAGE][PASSED] - Delayed 2 second(s)

2018-05-21 20:53:18 - [TEST_STEP][PASSED] - Statement - out.println("BatchQty : " + batchqty): null

2018-05-21 20:53:18 - [TEST_STEP][PASSED] - Statement - out.println("RQty : " + Rqty): null

2018-05-21 20:53:18 - [TEST_STEP][PASSED] - Statement - If (java.lang.Integer.valueOf(batchqty) >= java.lang.Integer.valueOf(Rqty)): null

2018-05-21 20:53:18 - [TEST_STEP][PASSED] - Statement - Break: null

2018-05-21 20:53:18 - [TEST_STEP][PASSED] - Statement - batchlength = new com.kms.katalon.core.testobject.TestObject(): null

2018-05-21 20:53:18 - [TEST_STEP][PASSED] - Statement - batchlength = com.kms.katalon.core.webui.keyword.WebUiBuiltInKeywords.modifyObjectProperty(batchlength, "xpath", "equals", "//*[@id = "fldvendor" + row + ""]", true): Modify property of object successfully

2018-05-21 20:53:18 - [MESSAGE][PASSED] - Modify property of object successfully

2018-05-21 20:53:18 - [TEST_STEP][PASSED] - Statement - batchsize = com.kms.katalon.core.webui.keyword.WebUiBuiltInKeywords.getNumberOfTotalOption(batchlength): 10 options of object '' counted

2018-05-21 20:53:19 - [MESSAGE][PASSED] - 10 options of object '' counted

2018-05-21 20:53:19 - [TEST_STEP][PASSED] - Statement - out.println("BatchSize : " + batchsize): null

2018-05-21 20:53:19 - [TEST_STEP][PASSED] - Statement - For ([n = 1, n <= batchsize - 1, (n++)]): null

2018-05-21 20:53:19 - [TEST_STEP][PASSED] - Statement - product = new com.kms.katalon.core.testobject.TestObject(): null

2018-05-21 20:53:19 - [TEST_STEP][PASSED] - Statement - product = com.kms.katalon.core.webui.keyword.WebUiBuiltInKeywords.modifyObjectProperty(product, "xpath", "equals", "//*[@id = "fldvendor" + row + ""]", true): Modify property of object successfully

2018-05-21 20:53:19 - [MESSAGE][PASSED] - Modify property of object successfully

2018-05-21 20:53:19 - [TEST_STEP][PASSED] - selectOptionByIndex: All options with index in [1] are selected on object ''

2018-05-21 20:53:19 - [MESSAGE][PASSED] - All options with index in [1] are selected on object ''

2018-05-21 20:53:19 - [TEST_STEP][PASSED] - Statement - batch = new com.kms.katalon.core.testobject.TestObject(): null

2018-05-21 20:53:19 - [TEST_STEP][PASSED] - Statement - batch = com.kms.katalon.core.webui.keyword.WebUiBuiltInKeywords.modifyObjectProperty(batch, "xpath", "equals", "//*[@id = "txtbthqty" + row + ""]", true): Modify property of object successfully

2018-05-21 20:53:19 - [MESSAGE][PASSED] - Modify property of object successfully

2018-05-21 20:53:19 - [TEST_STEP][PASSED] - Statement - batchqty = com.kms.katalon.core.webui.keyword.WebUiBuiltInKeywords.getAttribute(batch, "value").trim(): Attribute 'value' of object '' is: '28100'

2018-05-21 20:53:19 - [MESSAGE][PASSED] - Attribute 'value' of object '' is: '28100'

2018-05-21 20:53:19 - [TEST_STEP][PASSED] - Statement - Rqty = 100: null

2018-05-21 20:53:19 - [TEST_STEP][PASSED] - delay: Delayed 2 second(s)

2018-05-21 20:53:21 - [MESSAGE][PASSED] - Delayed 2 second(s)

2018-05-21 20:53:21 - [TEST_STEP][PASSED] - Statement - out.println("BatchQty : " + batchqty): null

2018-05-21 20:53:21 - [TEST_STEP][PASSED] - Statement - out.println("RQty : " + Rqty): null

2018-05-21 20:53:21 - [TEST_STEP][PASSED] - Statement - If (java.lang.Integer.valueOf(batchqty) >= java.lang.Integer.valueOf(Rqty)): null

2018-05-21 20:53:21 - [TEST_STEP][PASSED] - Statement - Break: null

2018-05-21 20:53:21 - [TEST_STEP][PASSED] - Statement - batchlength = new com.kms.katalon.core.testobject.TestObject(): null

2018-05-21 20:53:21 - [TEST_STEP][PASSED] - Statement - batchlength = com.kms.katalon.core.webui.keyword.WebUiBuiltInKeywords.modifyObjectProperty(batchlength, "xpath", "equals", "//*[@id = "fldvendor" + row + ""]", true): Modify property of object successfully

2018-05-21 20:53:21 - [MESSAGE][PASSED] - Modify property of object successfully

2018-05-21 20:53:21 - [TEST_STEP][PASSED] - Statement - batchsize = com.kms.katalon.core.webui.keyword.WebUiBuiltInKeywords.getNumberOfTotalOption(batchlength): 10 options of object '' counted

2018-05-21 20:53:21 - [MESSAGE][PASSED] - 10 options of object '' counted

2018-05-21 20:53:21 - [TEST_STEP][PASSED] - Statement - out.println("BatchSize : " + batchsize): null

2018-05-21 20:53:21 - [TEST_STEP][PASSED] - Statement - For ([n = 1, n <= batchsize - 1, (n++)]): null

2018-05-21 20:53:21 - [TEST_STEP][PASSED] - Statement - product = new com.kms.katalon.core.testobject.TestObject(): null

2018-05-21 20:53:21 - [TEST_STEP][PASSED] - Statement - product = com.kms.katalon.core.webui.keyword.WebUiBuiltInKeywords.modifyObjectProperty(product, "xpath", "equals", "//*[@id = "fldvendor" + row + ""]", true): Modify property of object successfully

2018-05-21 20:53:21 - [MESSAGE][PASSED] - Modify property of object successfully

2018-05-21 20:53:21 - [TEST_STEP][PASSED] - selectOptionByIndex: All options with index in [1] are selected on object ''

2018-05-21 20:53:21 - [MESSAGE][PASSED] - All options with index in [1] are selected on object ''

2018-05-21 20:53:21 - [TEST_STEP][PASSED] - Statement - batch = new com.kms.katalon.core.testobject.TestObject(): null

2018-05-21 20:53:21 - [TEST_STEP][PASSED] - Statement - batch = com.kms.katalon.core.webui.keyword.WebUiBuiltInKeywords.modifyObjectProperty(batch, "xpath", "equals", "//*[@id = "txtbthqty" + row + ""]", true): Modify property of object successfully

2018-05-21 20:53:21 - [MESSAGE][PASSED] - Modify property of object successfully

2018-05-21 20:53:21 - [TEST_STEP][PASSED] - Statement - batchqty = com.kms.katalon.core.webui.keyword.WebUiBuiltInKeywords.getAttribute(batch, "value").trim(): Attribute 'value' of object '' is: '4200'

2018-05-21 20:53:21 - [MESSAGE][PASSED] - Attribute 'value' of object '' is: '4200'

2018-05-21 20:53:21 - [TEST_STEP][PASSED] - Statement - Rqty = 100: null

2018-05-21 20:53:21 - [TEST_STEP][PASSED] - delay: Delayed 2 second(s)

2018-05-21 20:53:23 - [MESSAGE][PASSED] - Delayed 2 second(s)

2018-05-21 20:53:23 - [TEST_STEP][PASSED] - Statement - out.println("BatchQty : " + batchqty): null

2018-05-21 20:53:23 - [TEST_STEP][PASSED] - Statement - out.println("RQty : " + Rqty): null

2018-05-21 20:53:23 - [TEST_STEP][PASSED] - Statement - If (java.lang.Integer.valueOf(batchqty) >= java.lang.Integer.valueOf(Rqty)): null

2018-05-21 20:53:23 - [TEST_STEP][PASSED] - Statement - Break: null

2018-05-21 20:53:23 - [TEST_STEP][PASSED] - Statement - batchlength = new com.kms.katalon.core.testobject.TestObject(): null

2018-05-21 20:53:23 - [TEST_STEP][PASSED] - Statement - batchlength = com.kms.katalon.core.webui.keyword.WebUiBuiltInKeywords.modifyObjectProperty(batchlength, "xpath", "equals", "//*[@id = "fldvendor" + row + ""]", true): Modify property of object successfully

2018-05-21 20:53:23 - [MESSAGE][PASSED] - Modify property of object successfully

2018-05-21 20:53:23 - [TEST_STEP][PASSED] - Statement - batchsize = com.kms.katalon.core.webui.keyword.WebUiBuiltInKeywords.getNumberOfTotalOption(batchlength): 19 options of object '' counted

2018-05-21 20:53:23 - [MESSAGE][PASSED] - 19 options of object '' counted

2018-05-21 20:53:23 - [TEST_STEP][PASSED] - Statement - out.println("BatchSize : " + batchsize): null

2018-05-21 20:53:23 - [TEST_STEP][PASSED] - Statement - For ([n = 1, n <= batchsize - 1, (n++)]): null

2018-05-21 20:53:23 - [TEST_STEP][PASSED] - Statement - product = new com.kms.katalon.core.testobject.TestObject(): null

2018-05-21 20:53:23 - [TEST_STEP][PASSED] - Statement - product = com.kms.katalon.core.webui.keyword.WebUiBuiltInKeywords.modifyObjectProperty(product, "xpath", "equals", "//*[@id = "fldvendor" + row + ""]", true): Modify property of object successfully

2018-05-21 20:53:23 - [MESSAGE][PASSED] - Modify property of object successfully

2018-05-21 20:53:23 - [TEST_STEP][PASSED] - selectOptionByIndex: All options with index in [1] are selected on object ''

2018-05-21 20:53:23 - [MESSAGE][PASSED] - All options with index in [1] are selected on object ''

2018-05-21 20:53:23 - [TEST_STEP][PASSED] - Statement - batch = new com.kms.katalon.core.testobject.TestObject(): null

2018-05-21 20:53:23 - [TEST_STEP][PASSED] - Statement - batch = com.kms.katalon.core.webui.keyword.WebUiBuiltInKeywords.modifyObjectProperty(batch, "xpath", "equals", "//*[@id = "txtbthqty" + row + ""]", true): Modify property of object successfully

2018-05-21 20:53:23 - [MESSAGE][PASSED] - Modify property of object successfully

2018-05-21 20:53:23 - [TEST_STEP][PASSED] - Statement - batchqty = com.kms.katalon.core.webui.keyword.WebUiBuiltInKeywords.getAttribute(batch, "value").trim(): Attribute 'value' of object '' is: '6400'

2018-05-21 20:53:23 - [MESSAGE][PASSED] - Attribute 'value' of object '' is: '6400'

2018-05-21 20:53:23 - [TEST_STEP][PASSED] - Statement - Rqty = 100: null

2018-05-21 20:53:23 - [TEST_STEP][PASSED] - delay: Delayed 2 second(s)

2018-05-21 20:53:25 - [MESSAGE][PASSED] - Delayed 2 second(s)

2018-05-21 20:53:25 - [TEST_STEP][PASSED] - Statement - out.println("BatchQty : " + batchqty): null

2018-05-21 20:53:25 - [TEST_STEP][PASSED] - Statement - out.println("RQty : " + Rqty): null

2018-05-21 20:53:25 - [TEST_STEP][PASSED] - Statement - If (java.lang.Integer.valueOf(batchqty) >= java.lang.Integer.valueOf(Rqty)): null

2018-05-21 20:53:25 - [TEST_STEP][PASSED] - Statement - Break: null

2018-05-21 20:53:25 - [TEST_STEP][PASSED] - Statement - batchlength = new com.kms.katalon.core.testobject.TestObject(): null

2018-05-21 20:53:25 - [TEST_STEP][PASSED] - Statement - batchlength = com.kms.katalon.core.webui.keyword.WebUiBuiltInKeywords.modifyObjectProperty(batchlength, "xpath", "equals", "//*[@id = "fldvendor" + row + ""]", true): Modify property of object successfully

2018-05-21 20:53:25 - [MESSAGE][PASSED] - Modify property of object successfully

2018-05-21 20:53:25 - [TEST_STEP][PASSED] - Statement - batchsize = com.kms.katalon.core.webui.keyword.WebUiBuiltInKeywords.getNumberOfTotalOption(batchlength): 19 options of object '' counted

2018-05-21 20:53:25 - [MESSAGE][PASSED] - 19 options of object '' counted

2018-05-21 20:53:25 - [TEST_STEP][PASSED] - Statement - out.println("BatchSize : " + batchsize): null

2018-05-21 20:53:25 - [TEST_STEP][PASSED] - Statement - For ([n = 1, n <= batchsize - 1, (n++)]): null

2018-05-21 20:53:25 - [TEST_STEP][PASSED] - Statement - product = new com.kms.katalon.core.testobject.TestObject(): null

2018-05-21 20:53:25 - [TEST_STEP][PASSED] - Statement - product = com.kms.katalon.core.webui.keyword.WebUiBuiltInKeywords.modifyObjectProperty(product, "xpath", "equals", "//*[@id = "fldvendor" + row + ""]", true): Modify property of object successfully

2018-05-21 20:53:25 - [MESSAGE][PASSED] - Modify property of object successfully

2018-05-21 20:53:25 - [TEST_STEP][PASSED] - selectOptionByIndex: All options with index in [1] are selected on object ''

2018-05-21 20:53:25 - [MESSAGE][PASSED] - All options with index in [1] are selected on object ''

2018-05-21 20:53:25 - [TEST_STEP][PASSED] - Statement - batch = new com.kms.katalon.core.testobject.TestObject(): null

2018-05-21 20:53:25 - [TEST_STEP][PASSED] - Statement - batch = com.kms.katalon.core.webui.keyword.WebUiBuiltInKeywords.modifyObjectProperty(batch, "xpath", "equals", "//*[@id = "txtbthqty" + row + ""]", true): Modify property of object successfully

2018-05-21 20:53:25 - [MESSAGE][PASSED] - Modify property of object successfully

2018-05-21 20:53:25 - [TEST_STEP][PASSED] - Statement - batchqty = com.kms.katalon.core.webui.keyword.WebUiBuiltInKeywords.getAttribute(batch, "value").trim(): Attribute 'value' of object '' is: '6400'

2018-05-21 20:53:25 - [MESSAGE][PASSED] - Attribute 'value' of object '' is: '6400'

2018-05-21 20:53:25 - [TEST_STEP][PASSED] - Statement - Rqty = 100: null

2018-05-21 20:53:25 - [TEST_STEP][PASSED] - delay: Delayed 2 second(s)

2018-05-21 20:53:27 - [MESSAGE][PASSED] - Delayed 2 second(s)

2018-05-21 20:53:27 - [TEST_STEP][PASSED] - Statement - out.println("BatchQty : " + batchqty): null

2018-05-21 20:53:27 - [TEST_STEP][PASSED] - Statement - out.println("RQty : " + Rqty): null

2018-05-21 20:53:27 - [TEST_STEP][PASSED] - Statement - If (java.lang.Integer.valueOf(batchqty) >= java.lang.Integer.valueOf(Rqty)): null

2018-05-21 20:53:27 - [TEST_STEP][PASSED] - Statement - Break: null

2018-05-21 20:53:27 - [TEST_STEP][PASSED] - Statement - batchlength = new com.kms.katalon.core.testobject.TestObject(): null

2018-05-21 20:53:27 - [TEST_STEP][PASSED] - Statement - batchlength = com.kms.katalon.core.webui.keyword.WebUiBuiltInKeywords.modifyObjectProperty(batchlength, "xpath", "equals", "//*[@id = "fldvendor" + row + ""]", true): Modify property of object successfully

2018-05-21 20:53:27 - [MESSAGE][PASSED] - Modify property of object successfully

2018-05-21 20:53:27 - [TEST_STEP][PASSED] - Statement - batchsize = com.kms.katalon.core.webui.keyword.WebUiBuiltInKeywords.getNumberOfTotalOption(batchlength): 10 options of object '' counted

2018-05-21 20:53:28 - [MESSAGE][PASSED] - 10 options of object '' counted

2018-05-21 20:53:28 - [TEST_STEP][PASSED] - Statement - out.println("BatchSize : " + batchsize): null

2018-05-21 20:53:28 - [TEST_STEP][PASSED] - Statement - For ([n = 1, n <= batchsize - 1, (n++)]): null

2018-05-21 20:53:28 - [TEST_STEP][PASSED] - Statement - product = new com.kms.katalon.core.testobject.TestObject(): null

2018-05-21 20:53:28 - [TEST_STEP][PASSED] - Statement - product = com.kms.katalon.core.webui.keyword.WebUiBuiltInKeywords.modifyObjectProperty(product, "xpath", "equals", "//*[@id = "fldvendor" + row + ""]", true): Modify property of object successfully

2018-05-21 20:53:28 - [MESSAGE][PASSED] - Modify property of object successfully

2018-05-21 20:53:28 - [TEST_STEP][PASSED] - selectOptionByIndex: All options with index in [1] are selected on object ''

2018-05-21 20:53:28 - [MESSAGE][PASSED] - All options with index in [1] are selected on object ''

2018-05-21 20:53:28 - [TEST_STEP][PASSED] - Statement - batch = new com.kms.katalon.core.testobject.TestObject(): null

2018-05-21 20:53:28 - [TEST_STEP][PASSED] - Statement - batch = com.kms.katalon.core.webui.keyword.WebUiBuiltInKeywords.modifyObjectProperty(batch, "xpath", "equals", "//*[@id = "txtbthqty" + row + ""]", true): Modify property of object successfully

2018-05-21 20:53:28 - [MESSAGE][PASSED] - Modify property of object successfully

2018-05-21 20:53:28 - [TEST_STEP][PASSED] - Statement - batchqty = com.kms.katalon.core.webui.keyword.WebUiBuiltInKeywords.getAttribute(batch, "value").trim(): Attribute 'value' of object '' is: '4200'

2018-05-21 20:53:28 - [MESSAGE][PASSED] - Attribute 'value' of object '' is: '4200'

2018-05-21 20:53:28 - [TEST_STEP][PASSED] - Statement - Rqty = 100: null

2018-05-21 20:53:28 - [TEST_STEP][PASSED] - delay: Delayed 2 second(s)

2018-05-21 20:53:30 - [MESSAGE][PASSED] - Delayed 2 second(s)

2018-05-21 20:53:30 - [TEST_STEP][PASSED] - Statement - out.println("BatchQty : " + batchqty): null

2018-05-21 20:53:30 - [TEST_STEP][PASSED] - Statement - out.println("RQty : " + Rqty): null

2018-05-21 20:53:30 - [TEST_STEP][PASSED] - Statement - If (java.lang.Integer.valueOf(batchqty) >= java.lang.Integer.valueOf(Rqty)): null

2018-05-21 20:53:30 - [TEST_STEP][PASSED] - Statement - Break: null

2018-05-21 20:53:30 - [TEST_STEP][PASSED] - Statement - batchlength = new com.kms.katalon.core.testobject.TestObject(): null

2018-05-21 20:53:30 - [TEST_STEP][PASSED] - Statement - batchlength = com.kms.katalon.core.webui.keyword.WebUiBuiltInKeywords.modifyObjectProperty(batchlength, "xpath", "equals", "//*[@id = "fldvendor" + row + ""]", true): Modify property of object successfully

2018-05-21 20:53:30 - [MESSAGE][PASSED] - Modify property of object successfully

2018-05-21 20:53:30 - [TEST_STEP][PASSED] - Statement - batchsize = com.kms.katalon.core.webui.keyword.WebUiBuiltInKeywords.getNumberOfTotalOption(batchlength): 10 options of object '' counted

2018-05-21 20:53:30 - [MESSAGE][PASSED] - 10 options of object '' counted

2018-05-21 20:53:30 - [TEST_STEP][PASSED] - Statement - out.println("BatchSize : " + batchsize): null

2018-05-21 20:53:30 - [TEST_STEP][PASSED] - Statement - For ([n = 1, n <= batchsize - 1, (n++)]): null

2018-05-21 20:53:30 - [TEST_STEP][PASSED] - Statement - product = new com.kms.katalon.core.testobject.TestObject(): null

2018-05-21 20:53:30 - [TEST_STEP][PASSED] - Statement - product = com.kms.katalon.core.webui.keyword.WebUiBuiltInKeywords.modifyObjectProperty(product, "xpath", "equals", "//*[@id = "fldvendor" + row + ""]", true): Modify property of object successfully

2018-05-21 20:53:30 - [MESSAGE][PASSED] - Modify property of object successfully

2018-05-21 20:53:30 - [TEST_STEP][PASSED] - selectOptionByIndex: All options with index in [1] are selected on object ''

2018-05-21 20:53:30 - [MESSAGE][PASSED] - All options with index in [1] are selected on object ''

2018-05-21 20:53:30 - [TEST_STEP][PASSED] - Statement - batch = new com.kms.katalon.core.testobject.TestObject(): null

2018-05-21 20:53:30 - [TEST_STEP][PASSED] - Statement - batch = com.kms.katalon.core.webui.keyword.WebUiBuiltInKeywords.modifyObjectProperty(batch, "xpath", "equals", "//*[@id = "txtbthqty" + row + ""]", true): Modify property of object successfully

2018-05-21 20:53:30 - [MESSAGE][PASSED] - Modify property of object successfully

2018-05-21 20:53:30 - [TEST_STEP][PASSED] - Statement - batchqty = com.kms.katalon.core.webui.keyword.WebUiBuiltInKeywords.getAttribute(batch, "value").trim(): Attribute 'value' of object '' is: '28100'

2018-05-21 20:53:30 - [MESSAGE][PASSED] - Attribute 'value' of object '' is: '28100'

2018-05-21 20:53:30 - [TEST_STEP][PASSED] - Statement - Rqty = 100: null

2018-05-21 20:53:30 - [TEST_STEP][PASSED] - delay: Delayed 2 second(s)

2018-05-21 20:53:32 - [MESSAGE][PASSED] - Delayed 2 second(s)

2018-05-21 20:53:32 - [TEST_STEP][PASSED] - Statement - out.println("BatchQty : " + batchqty): null

2018-05-21 20:53:32 - [TEST_STEP][PASSED] - Statement - out.println("RQty : " + Rqty): null

2018-05-21 20:53:32 - [TEST_STEP][PASSED] - Statement - If (java.lang.Integer.valueOf(batchqty) >= java.lang.Integer.valueOf(Rqty)): null

2018-05-21 20:53:32 - [TEST_STEP][PASSED] - Statement - Break: null

2018-05-21 20:53:32 - [TEST_STEP][PASSED] - click: Object: 'Object Repository/store Request Schedule 1/Page_KDMC - CMS/input_btndispatch' is clicked on

2018-05-21 20:53:32 - [MESSAGE][PASSED] - Object: 'Object Repository/store Request Schedule 1/Page_KDMC - CMS/input_btndispatch' is clicked on

2018-05-21 20:53:32 - [TEST_STEP][PASSED] - delay: Delayed 3 second(s)

2018-05-21 20:53:35 - [MESSAGE][PASSED] - Delayed 3 second(s)

2018-05-21 20:53:35 - [TEST_STEP][PASSED] - click: Object: 'Object Repository/store Request Schedule 1/Page_KDMC - CMS/button_OK' is clicked on

2018-05-21 20:53:36 - [MESSAGE][PASSED] - Object: 'Object Repository/store Request Schedule 1/Page_KDMC - CMS/button_OK' is clicked on

2018-05-21 20:53:36 - [TEST_STEP][PASSED] - delay: Delayed 3 second(s)

2018-05-21 20:53:39 - [MESSAGE][PASSED] - Delayed 3 second(s)

2018-05-21 20:53:39 - [TEST_STEP][PASSED] - click: Object: 'Object Repository/store Request Schedule 1/Page_KDMC - CMS/a_dropdown-toggle' is clicked on

2018-05-21 20:53:39 - [MESSAGE][PASSED] - Object: 'Object Repository/store Request Schedule 1/Page_KDMC - CMS/a_dropdown-toggle' is clicked on

2018-05-21 20:53:39 - [TEST_STEP][PASSED] - click: Object: 'Object Repository/store Request Schedule 1/Page_KDMC - CMS/a_Sign out' is clicked on

2018-05-21 20:53:40 - [MESSAGE][PASSED] - Object: 'Object Repository/store Request Schedule 1/Page_KDMC - CMS/a_Sign out' is clicked on

2018-05-21 20:53:40 - [TEST_STEP][PASSED] - delay: Delayed 3 second(s)

2018-05-21 20:53:43 - [MESSAGE][PASSED] - Delayed 3 second(s)

2018-05-21 20:53:43 - [TEST_STEP][PASSED] - click: Object: 'Object Repository/Store Request Schedule 1/Page_KDMC/a_Divisional Store' is clicked on

2018-05-21 20:53:43 - [MESSAGE][PASSED] - Object: 'Object Repository/Store Request Schedule 1/Page_KDMC/a_Divisional Store' is clicked on

2018-05-21 20:53:43 - [TEST_STEP][PASSED] - setText: Text 'ragu' is set on object 'Object Repository/Store Request Schedule 1/Page_Divisonal Store Login/input_txtusername'

2018-05-21 20:53:43 - [MESSAGE][PASSED] - Text 'ragu' is set on object 'Object Repository/Store Request Schedule 1/Page_Divisonal Store Login/input_txtusername'

2018-05-21 20:53:43 - [TEST_STEP][PASSED] - setText: Text '123' is set on object 'Object Repository/Store Request Schedule 1/Page_Divisonal Store Login/input_txtpassword'

2018-05-21 20:53:43 - [MESSAGE][PASSED] - Text '123' is set on object 'Object Repository/Store Request Schedule 1/Page_Divisonal Store Login/input_txtpassword'

2018-05-21 20:53:44 - [TEST_STEP][PASSED] - delay: Delayed 3 second(s)

2018-05-21 20:53:47 - [MESSAGE][PASSED] - Delayed 3 second(s)

2018-05-21 20:53:47 - [TEST_STEP][PASSED] - click: Object: 'Object Repository/Store Request Schedule 1/Page_Divisonal Store Login/button_Sign in' is clicked on

2018-05-21 20:53:48 - [MESSAGE][PASSED] - Object: 'Object Repository/Store Request Schedule 1/Page_Divisonal Store Login/button_Sign in' is clicked on

2018-05-21 20:53:48 - [TEST_STEP][PASSED] - delay: Delayed 3 second(s)

2018-05-21 20:53:51 - [MESSAGE][PASSED] - Delayed 3 second(s)

2018-05-21 20:53:51 - [TEST_STEP][PASSED] - click: Object: 'Object Repository/Store Request Schedule 1/Page_Store/a_CMS' is clicked on

2018-05-21 20:53:51 - [MESSAGE][PASSED] - Object: 'Object Repository/Store Request Schedule 1/Page_Store/a_CMS' is clicked on

2018-05-21 20:53:51 - [TEST_STEP][PASSED] - delay: Delayed 2 second(s)

2018-05-21 20:53:53 - [MESSAGE][PASSED] - Delayed 2 second(s)

2018-05-21 20:53:53 - [TEST_STEP][PASSED] - click: Object: 'Object Repository/Store Request Schedule 1/Page_Store/a_Receiving Goods' is clicked on

2018-05-21 20:53:54 - [MESSAGE][PASSED] - Object: 'Object Repository/Store Request Schedule 1/Page_Store/a_Receiving Goods' is clicked on

2018-05-21 20:53:54 - [TEST_STEP][PASSED] - setText: Text 'PRNO/21052018/335' is set on object 'Object Repository/Store Request Schedule 1/Page_Store/input'

2018-05-21 20:53:54 - [MESSAGE][PASSED] - Text 'PRNO/21052018/335' is set on object 'Object Repository/Store Request Schedule 1/Page_Store/input'

2018-05-21 20:53:54 - [TEST_STEP][PASSED] - click: Object: 'Object Repository/Store Request Schedule 1/Page_Store/input_btn btn-primary' is clicked on

2018-05-21 20:53:54 - [MESSAGE][PASSED] - Object: 'Object Repository/Store Request Schedule 1/Page_Store/input_btn btn-primary' is clicked on

2018-05-21 20:53:54 - [TEST_STEP][PASSED] - delay: Delayed 2 second(s)

2018-05-21 20:53:56 - [MESSAGE][PASSED] - Delayed 2 second(s)

2018-05-21 20:53:56 - [TEST_STEP][PASSED] - click: Object: 'Object Repository/Store Request Schedule 1/Page_Store/input_chkrem' is clicked on

2018-05-21 20:53:56 - [MESSAGE][PASSED] - Object: 'Object Repository/Store Request Schedule 1/Page_Store/input_chkrem' is clicked on

2018-05-21 20:53:56 - [TEST_STEP][PASSED] - scrollToElement: Scroll to object 'Object Repository/Store Request Schedule 1/Page_Store/input_btchkroqadd' successfully

2018-05-21 20:53:56 - [MESSAGE][PASSED] - Scroll to object 'Object Repository/Store Request Schedule 1/Page_Store/input_btchkroqadd' successfully

2018-05-21 20:53:56 - [TEST_STEP][PASSED] - click: Object: 'Object Repository/Store Request Schedule 1/Page_Store/input_btchkroqadd' is clicked on

2018-05-21 20:53:57 - [MESSAGE][PASSED] - Object: 'Object Repository/Store Request Schedule 1/Page_Store/input_btchkroqadd' is clicked on

2018-05-21 20:53:57 - [TEST_STEP][PASSED] - delay: Delayed 2 second(s)

2018-05-21 20:53:59 - [MESSAGE][PASSED] - Delayed 2 second(s)

2018-05-21 20:53:59 - [TEST_STEP][PASSED] - refresh: Refresh successfully

2018-05-21 20:53:59 - [MESSAGE][PASSED] - Refresh successfully

2018-05-21 20:53:59 - [TEST_STEP][PASSED] - delay: Delayed 3 second(s)

2018-05-21 20:54:02 - [MESSAGE][PASSED] - Delayed 3 second(s)

2018-05-21 20:54:02 - [TEST_STEP][PASSED] - click: Object: 'Object Repository/Store Request Schedule 1/Page_Store/a_dropdown-toggle' is clicked on

2018-05-21 20:54:02 - [MESSAGE][PASSED] - Object: 'Object Repository/Store Request Schedule 1/Page_Store/a_dropdown-toggle' is clicked on

2018-05-21 20:54:02 - [TEST_STEP][PASSED] - click: Object: 'Object Repository/Store Request Schedule 1/Page_Store/a_Sign out' is clicked on

2018-05-21 20:54:03 - [MESSAGE][PASSED] - Object: 'Object Repository/Store Request Schedule 1/Page_Store/a_Sign out' is clicked on

2018-05-21 20:54:03 - [TEST_STEP][PASSED] - closeBrowser: Browser is closed

2018-05-21 20:54:03 - [MESSAGE][PASSED] - Browser is closed

2018-05-21 20:54:03 - [TEST_STEP][PASSED] - Statement - out.println("Schedule 8 STORE Request Are Working Successfully"): null]]></system-out>
         <system-err><![CDATA[]]></system-err>
      </testcase>
      <testcase name="Test Cases/STORE TO CMS REQUEST TEST CASES/TC_STCMS_009 To Verify Schedule 9 Store To CMS Request Are Working Successfully Or Not" classname="Test Cases/STORE TO CMS REQUEST TEST CASES/TC_STCMS_009 To Verify Schedule 9 Store To CMS Request Are Working Successfully Or Not" status="PASSED">
         <system-out><![CDATA[2018-05-21 20:54:03 - [TEST_CASE][PASSED] - Test Cases/STORE TO CMS REQUEST TEST CASES/TC_STCMS_009 To Verify Schedule 9 Store To CMS Request Are Working Successfully Or Not: Test Cases/STORE TO CMS REQUEST TEST CASES/TC_STCMS_009 To Verify Schedule 9 Store To CMS Request Are Working Successfully Or Not

2018-05-21 20:54:04 - [TEST_STEP][PASSED] - openBrowser: Browser is opened with url: ''

2018-05-21 20:54:06 - [MESSAGE][PASSED] - Browser is opened with url: ''

2018-05-21 20:54:06 - [TEST_STEP][PASSED] - Statement - out.println("Verify Schedule 9 STORE Request Are Working Successfully Or Not"): null

2018-05-21 20:54:06 - [TEST_STEP][PASSED] - navigateToUrl: Navigate to 'http://192.168.137.1/multihospital_new/' successfully

2018-05-21 20:54:08 - [MESSAGE][PASSED] - Navigate to 'http://192.168.137.1/multihospital_new/' successfully

2018-05-21 20:54:08 - [TEST_STEP][PASSED] - maximizeWindow: Current window maximized

2018-05-21 20:54:09 - [MESSAGE][PASSED] - Current window maximized

2018-05-21 20:54:09 - [TEST_STEP][PASSED] - click: Object: 'Object Repository/Store Request Schedule 1/Page_KDMC/a_Divisional Store' is clicked on

2018-05-21 20:54:10 - [MESSAGE][PASSED] - Object: 'Object Repository/Store Request Schedule 1/Page_KDMC/a_Divisional Store' is clicked on

2018-05-21 20:54:10 - [TEST_STEP][PASSED] - setText: Text 'ragu' is set on object 'Object Repository/Store Request Schedule 1/Page_Divisonal Store Login/input_txtusername'

2018-05-21 20:54:10 - [MESSAGE][PASSED] - Text 'ragu' is set on object 'Object Repository/Store Request Schedule 1/Page_Divisonal Store Login/input_txtusername'

2018-05-21 20:54:10 - [TEST_STEP][PASSED] - setText: Text '123' is set on object 'Object Repository/Store Request Schedule 1/Page_Divisonal Store Login/input_txtpassword'

2018-05-21 20:54:10 - [MESSAGE][PASSED] - Text '123' is set on object 'Object Repository/Store Request Schedule 1/Page_Divisonal Store Login/input_txtpassword'

2018-05-21 20:54:10 - [TEST_STEP][PASSED] - delay: Delayed 3 second(s)

2018-05-21 20:54:13 - [MESSAGE][PASSED] - Delayed 3 second(s)

2018-05-21 20:54:13 - [TEST_STEP][PASSED] - click: Object: 'Object Repository/Store Request Schedule 1/Page_Divisonal Store Login/button_Sign in' is clicked on

2018-05-21 20:54:15 - [MESSAGE][PASSED] - Object: 'Object Repository/Store Request Schedule 1/Page_Divisonal Store Login/button_Sign in' is clicked on

2018-05-21 20:54:15 - [TEST_STEP][PASSED] - delay: Delayed 3 second(s)

2018-05-21 20:54:18 - [MESSAGE][PASSED] - Delayed 3 second(s)

2018-05-21 20:54:18 - [TEST_STEP][PASSED] - click: Object: 'Object Repository/Store Request Schedule 1/Page_Store/a_CMS' is clicked on

2018-05-21 20:54:18 - [MESSAGE][PASSED] - Object: 'Object Repository/Store Request Schedule 1/Page_Store/a_CMS' is clicked on

2018-05-21 20:54:18 - [TEST_STEP][PASSED] - delay: Delayed 2 second(s)

2018-05-21 20:54:20 - [MESSAGE][PASSED] - Delayed 2 second(s)

2018-05-21 20:54:20 - [TEST_STEP][PASSED] - click: Object: 'Object Repository/Store Request Schedule 1/Page_Store/a_Request Send' is clicked on

2018-05-21 20:54:21 - [MESSAGE][PASSED] - Object: 'Object Repository/Store Request Schedule 1/Page_Store/a_Request Send' is clicked on

2018-05-21 20:54:21 - [TEST_STEP][PASSED] - selectOptionByIndex: All options with index in [1] are selected on object 'Object Repository/Store Request Schedule 1/Page_Store/select_--Select--'

2018-05-21 20:54:21 - [MESSAGE][PASSED] - All options with index in [1] are selected on object 'Object Repository/Store Request Schedule 1/Page_Store/select_--Select--'

2018-05-21 20:54:21 - [TEST_STEP][PASSED] - selectOptionByIndex: All options with index in [9] are selected on object 'Object Repository/Store Request Schedule 1/Page_Store/select_--Select--Schedule 1Inj'

2018-05-21 20:54:21 - [MESSAGE][PASSED] - All options with index in [9] are selected on object 'Object Repository/Store Request Schedule 1/Page_Store/select_--Select--Schedule 1Inj'

2018-05-21 20:54:21 - [TEST_STEP][PASSED] - Statement - SelectedOptions = com.kms.katalon.core.webui.keyword.WebUiBuiltInKeywords.getNumberOfTotalOption(com.kms.katalon.core.testobject.ObjectRepository.findTestObject(Store Request Schedule 1/Page_Store/select_--Select--Adernaline 0.)): 36 options of object 'Object Repository/Store Request Schedule 1/Page_Store/select_--Select--Adernaline 0.' counted

2018-05-21 20:54:21 - [MESSAGE][PASSED] - 36 options of object 'Object Repository/Store Request Schedule 1/Page_Store/select_--Select--Adernaline 0.' counted

2018-05-21 20:54:21 - [TEST_STEP][PASSED] - Statement - For ([y = 1, y < SelectedOptions, (y++)]): Object: 'Object Repository/Store Request Schedule 1/Page_Store/button_Add' is clicked on

2018-05-21 20:54:21 - [TEST_STEP][PASSED] - selectOptionByIndex: All options with index in [9] are selected on object 'Object Repository/Store Request Schedule 1/Page_Store/select_--Select--Schedule 1Inj'

2018-05-21 20:54:21 - [MESSAGE][PASSED] - All options with index in [9] are selected on object 'Object Repository/Store Request Schedule 1/Page_Store/select_--Select--Schedule 1Inj'

2018-05-21 20:54:21 - [TEST_STEP][PASSED] - delay: Delayed 1 second(s)

2018-05-21 20:54:22 - [MESSAGE][PASSED] - Delayed 1 second(s)

2018-05-21 20:54:22 - [TEST_STEP][PASSED] - selectOptionByIndex: All options with index in [1] are selected on object 'Object Repository/Store Request Schedule 1/Page_Store/select_--Select--Adernaline 0.'

2018-05-21 20:54:22 - [MESSAGE][PASSED] - All options with index in [1] are selected on object 'Object Repository/Store Request Schedule 1/Page_Store/select_--Select--Adernaline 0.'

2018-05-21 20:54:22 - [TEST_STEP][PASSED] - setText: Text '100' is set on object 'Object Repository/Store Request Schedule 1/Page_Store/input_txttreat'

2018-05-21 20:54:23 - [MESSAGE][PASSED] - Text '100' is set on object 'Object Repository/Store Request Schedule 1/Page_Store/input_txttreat'

2018-05-21 20:54:23 - [TEST_STEP][PASSED] - click: Object: 'Object Repository/Store Request Schedule 1/Page_Store/button_Add' is clicked on

2018-05-21 20:54:23 - [MESSAGE][PASSED] - Object: 'Object Repository/Store Request Schedule 1/Page_Store/button_Add' is clicked on

2018-05-21 20:54:23 - [TEST_STEP][PASSED] - selectOptionByIndex: All options with index in [9] are selected on object 'Object Repository/Store Request Schedule 1/Page_Store/select_--Select--Schedule 1Inj'

2018-05-21 20:54:23 - [MESSAGE][PASSED] - All options with index in [9] are selected on object 'Object Repository/Store Request Schedule 1/Page_Store/select_--Select--Schedule 1Inj'

2018-05-21 20:54:23 - [TEST_STEP][PASSED] - delay: Delayed 1 second(s)

2018-05-21 20:54:24 - [MESSAGE][PASSED] - Delayed 1 second(s)

2018-05-21 20:54:24 - [TEST_STEP][PASSED] - selectOptionByIndex: All options with index in [2] are selected on object 'Object Repository/Store Request Schedule 1/Page_Store/select_--Select--Adernaline 0.'

2018-05-21 20:54:24 - [MESSAGE][PASSED] - All options with index in [2] are selected on object 'Object Repository/Store Request Schedule 1/Page_Store/select_--Select--Adernaline 0.'

2018-05-21 20:54:24 - [TEST_STEP][PASSED] - setText: Text '100' is set on object 'Object Repository/Store Request Schedule 1/Page_Store/input_txttreat'

2018-05-21 20:54:24 - [MESSAGE][PASSED] - Text '100' is set on object 'Object Repository/Store Request Schedule 1/Page_Store/input_txttreat'

2018-05-21 20:54:24 - [TEST_STEP][PASSED] - click: Object: 'Object Repository/Store Request Schedule 1/Page_Store/button_Add' is clicked on

2018-05-21 20:54:24 - [MESSAGE][PASSED] - Object: 'Object Repository/Store Request Schedule 1/Page_Store/button_Add' is clicked on

2018-05-21 20:54:24 - [TEST_STEP][PASSED] - selectOptionByIndex: All options with index in [9] are selected on object 'Object Repository/Store Request Schedule 1/Page_Store/select_--Select--Schedule 1Inj'

2018-05-21 20:54:24 - [MESSAGE][PASSED] - All options with index in [9] are selected on object 'Object Repository/Store Request Schedule 1/Page_Store/select_--Select--Schedule 1Inj'

2018-05-21 20:54:24 - [TEST_STEP][PASSED] - delay: Delayed 1 second(s)

2018-05-21 20:54:25 - [MESSAGE][PASSED] - Delayed 1 second(s)

2018-05-21 20:54:25 - [TEST_STEP][PASSED] - selectOptionByIndex: All options with index in [3] are selected on object 'Object Repository/Store Request Schedule 1/Page_Store/select_--Select--Adernaline 0.'

2018-05-21 20:54:25 - [MESSAGE][PASSED] - All options with index in [3] are selected on object 'Object Repository/Store Request Schedule 1/Page_Store/select_--Select--Adernaline 0.'

2018-05-21 20:54:25 - [TEST_STEP][PASSED] - setText: Text '100' is set on object 'Object Repository/Store Request Schedule 1/Page_Store/input_txttreat'

2018-05-21 20:54:25 - [MESSAGE][PASSED] - Text '100' is set on object 'Object Repository/Store Request Schedule 1/Page_Store/input_txttreat'

2018-05-21 20:54:25 - [TEST_STEP][PASSED] - click: Object: 'Object Repository/Store Request Schedule 1/Page_Store/button_Add' is clicked on

2018-05-21 20:54:26 - [MESSAGE][PASSED] - Object: 'Object Repository/Store Request Schedule 1/Page_Store/button_Add' is clicked on

2018-05-21 20:54:26 - [TEST_STEP][PASSED] - selectOptionByIndex: All options with index in [9] are selected on object 'Object Repository/Store Request Schedule 1/Page_Store/select_--Select--Schedule 1Inj'

2018-05-21 20:54:26 - [MESSAGE][PASSED] - All options with index in [9] are selected on object 'Object Repository/Store Request Schedule 1/Page_Store/select_--Select--Schedule 1Inj'

2018-05-21 20:54:26 - [TEST_STEP][PASSED] - delay: Delayed 1 second(s)

2018-05-21 20:54:27 - [MESSAGE][PASSED] - Delayed 1 second(s)

2018-05-21 20:54:27 - [TEST_STEP][PASSED] - selectOptionByIndex: All options with index in [4] are selected on object 'Object Repository/Store Request Schedule 1/Page_Store/select_--Select--Adernaline 0.'

2018-05-21 20:54:27 - [MESSAGE][PASSED] - All options with index in [4] are selected on object 'Object Repository/Store Request Schedule 1/Page_Store/select_--Select--Adernaline 0.'

2018-05-21 20:54:27 - [TEST_STEP][PASSED] - setText: Text '100' is set on object 'Object Repository/Store Request Schedule 1/Page_Store/input_txttreat'

2018-05-21 20:54:27 - [MESSAGE][PASSED] - Text '100' is set on object 'Object Repository/Store Request Schedule 1/Page_Store/input_txttreat'

2018-05-21 20:54:27 - [TEST_STEP][PASSED] - click: Object: 'Object Repository/Store Request Schedule 1/Page_Store/button_Add' is clicked on

2018-05-21 20:54:27 - [MESSAGE][PASSED] - Object: 'Object Repository/Store Request Schedule 1/Page_Store/button_Add' is clicked on

2018-05-21 20:54:27 - [TEST_STEP][PASSED] - selectOptionByIndex: All options with index in [9] are selected on object 'Object Repository/Store Request Schedule 1/Page_Store/select_--Select--Schedule 1Inj'

2018-05-21 20:54:27 - [MESSAGE][PASSED] - All options with index in [9] are selected on object 'Object Repository/Store Request Schedule 1/Page_Store/select_--Select--Schedule 1Inj'

2018-05-21 20:54:27 - [TEST_STEP][PASSED] - delay: Delayed 1 second(s)

2018-05-21 20:54:28 - [MESSAGE][PASSED] - Delayed 1 second(s)

2018-05-21 20:54:28 - [TEST_STEP][PASSED] - selectOptionByIndex: All options with index in [5] are selected on object 'Object Repository/Store Request Schedule 1/Page_Store/select_--Select--Adernaline 0.'

2018-05-21 20:54:28 - [MESSAGE][PASSED] - All options with index in [5] are selected on object 'Object Repository/Store Request Schedule 1/Page_Store/select_--Select--Adernaline 0.'

2018-05-21 20:54:28 - [TEST_STEP][PASSED] - setText: Text '100' is set on object 'Object Repository/Store Request Schedule 1/Page_Store/input_txttreat'

2018-05-21 20:54:28 - [MESSAGE][PASSED] - Text '100' is set on object 'Object Repository/Store Request Schedule 1/Page_Store/input_txttreat'

2018-05-21 20:54:28 - [TEST_STEP][PASSED] - click: Object: 'Object Repository/Store Request Schedule 1/Page_Store/button_Add' is clicked on

2018-05-21 20:54:29 - [MESSAGE][PASSED] - Object: 'Object Repository/Store Request Schedule 1/Page_Store/button_Add' is clicked on

2018-05-21 20:54:29 - [TEST_STEP][PASSED] - selectOptionByIndex: All options with index in [9] are selected on object 'Object Repository/Store Request Schedule 1/Page_Store/select_--Select--Schedule 1Inj'

2018-05-21 20:54:29 - [MESSAGE][PASSED] - All options with index in [9] are selected on object 'Object Repository/Store Request Schedule 1/Page_Store/select_--Select--Schedule 1Inj'

2018-05-21 20:54:29 - [TEST_STEP][PASSED] - delay: Delayed 1 second(s)

2018-05-21 20:54:30 - [MESSAGE][PASSED] - Delayed 1 second(s)

2018-05-21 20:54:30 - [TEST_STEP][PASSED] - selectOptionByIndex: All options with index in [6] are selected on object 'Object Repository/Store Request Schedule 1/Page_Store/select_--Select--Adernaline 0.'

2018-05-21 20:54:30 - [MESSAGE][PASSED] - All options with index in [6] are selected on object 'Object Repository/Store Request Schedule 1/Page_Store/select_--Select--Adernaline 0.'

2018-05-21 20:54:30 - [TEST_STEP][PASSED] - setText: Text '100' is set on object 'Object Repository/Store Request Schedule 1/Page_Store/input_txttreat'

2018-05-21 20:54:30 - [MESSAGE][PASSED] - Text '100' is set on object 'Object Repository/Store Request Schedule 1/Page_Store/input_txttreat'

2018-05-21 20:54:30 - [TEST_STEP][PASSED] - click: Object: 'Object Repository/Store Request Schedule 1/Page_Store/button_Add' is clicked on

2018-05-21 20:54:30 - [MESSAGE][PASSED] - Object: 'Object Repository/Store Request Schedule 1/Page_Store/button_Add' is clicked on

2018-05-21 20:54:30 - [TEST_STEP][PASSED] - selectOptionByIndex: All options with index in [9] are selected on object 'Object Repository/Store Request Schedule 1/Page_Store/select_--Select--Schedule 1Inj'

2018-05-21 20:54:30 - [MESSAGE][PASSED] - All options with index in [9] are selected on object 'Object Repository/Store Request Schedule 1/Page_Store/select_--Select--Schedule 1Inj'

2018-05-21 20:54:30 - [TEST_STEP][PASSED] - delay: Delayed 1 second(s)

2018-05-21 20:54:31 - [MESSAGE][PASSED] - Delayed 1 second(s)

2018-05-21 20:54:31 - [TEST_STEP][PASSED] - selectOptionByIndex: All options with index in [7] are selected on object 'Object Repository/Store Request Schedule 1/Page_Store/select_--Select--Adernaline 0.'

2018-05-21 20:54:31 - [MESSAGE][PASSED] - All options with index in [7] are selected on object 'Object Repository/Store Request Schedule 1/Page_Store/select_--Select--Adernaline 0.'

2018-05-21 20:54:31 - [TEST_STEP][PASSED] - setText: Text '100' is set on object 'Object Repository/Store Request Schedule 1/Page_Store/input_txttreat'

2018-05-21 20:54:31 - [MESSAGE][PASSED] - Text '100' is set on object 'Object Repository/Store Request Schedule 1/Page_Store/input_txttreat'

2018-05-21 20:54:31 - [TEST_STEP][PASSED] - click: Object: 'Object Repository/Store Request Schedule 1/Page_Store/button_Add' is clicked on

2018-05-21 20:54:31 - [MESSAGE][PASSED] - Object: 'Object Repository/Store Request Schedule 1/Page_Store/button_Add' is clicked on

2018-05-21 20:54:31 - [TEST_STEP][PASSED] - selectOptionByIndex: All options with index in [9] are selected on object 'Object Repository/Store Request Schedule 1/Page_Store/select_--Select--Schedule 1Inj'

2018-05-21 20:54:32 - [MESSAGE][PASSED] - All options with index in [9] are selected on object 'Object Repository/Store Request Schedule 1/Page_Store/select_--Select--Schedule 1Inj'

2018-05-21 20:54:32 - [TEST_STEP][PASSED] - delay: Delayed 1 second(s)

2018-05-21 20:54:33 - [MESSAGE][PASSED] - Delayed 1 second(s)

2018-05-21 20:54:33 - [TEST_STEP][PASSED] - selectOptionByIndex: All options with index in [8] are selected on object 'Object Repository/Store Request Schedule 1/Page_Store/select_--Select--Adernaline 0.'

2018-05-21 20:54:33 - [MESSAGE][PASSED] - All options with index in [8] are selected on object 'Object Repository/Store Request Schedule 1/Page_Store/select_--Select--Adernaline 0.'

2018-05-21 20:54:33 - [TEST_STEP][PASSED] - setText: Text '100' is set on object 'Object Repository/Store Request Schedule 1/Page_Store/input_txttreat'

2018-05-21 20:54:33 - [MESSAGE][PASSED] - Text '100' is set on object 'Object Repository/Store Request Schedule 1/Page_Store/input_txttreat'

2018-05-21 20:54:33 - [TEST_STEP][PASSED] - click: Object: 'Object Repository/Store Request Schedule 1/Page_Store/button_Add' is clicked on

2018-05-21 20:54:33 - [MESSAGE][PASSED] - Object: 'Object Repository/Store Request Schedule 1/Page_Store/button_Add' is clicked on

2018-05-21 20:54:33 - [TEST_STEP][PASSED] - selectOptionByIndex: All options with index in [9] are selected on object 'Object Repository/Store Request Schedule 1/Page_Store/select_--Select--Schedule 1Inj'

2018-05-21 20:54:33 - [MESSAGE][PASSED] - All options with index in [9] are selected on object 'Object Repository/Store Request Schedule 1/Page_Store/select_--Select--Schedule 1Inj'

2018-05-21 20:54:33 - [TEST_STEP][PASSED] - delay: Delayed 1 second(s)

2018-05-21 20:54:34 - [MESSAGE][PASSED] - Delayed 1 second(s)

2018-05-21 20:54:34 - [TEST_STEP][PASSED] - selectOptionByIndex: All options with index in [9] are selected on object 'Object Repository/Store Request Schedule 1/Page_Store/select_--Select--Adernaline 0.'

2018-05-21 20:54:34 - [MESSAGE][PASSED] - All options with index in [9] are selected on object 'Object Repository/Store Request Schedule 1/Page_Store/select_--Select--Adernaline 0.'

2018-05-21 20:54:34 - [TEST_STEP][PASSED] - setText: Text '100' is set on object 'Object Repository/Store Request Schedule 1/Page_Store/input_txttreat'

2018-05-21 20:54:34 - [MESSAGE][PASSED] - Text '100' is set on object 'Object Repository/Store Request Schedule 1/Page_Store/input_txttreat'

2018-05-21 20:54:34 - [TEST_STEP][PASSED] - click: Object: 'Object Repository/Store Request Schedule 1/Page_Store/button_Add' is clicked on

2018-05-21 20:54:35 - [MESSAGE][PASSED] - Object: 'Object Repository/Store Request Schedule 1/Page_Store/button_Add' is clicked on

2018-05-21 20:54:35 - [TEST_STEP][PASSED] - selectOptionByIndex: All options with index in [9] are selected on object 'Object Repository/Store Request Schedule 1/Page_Store/select_--Select--Schedule 1Inj'

2018-05-21 20:54:35 - [MESSAGE][PASSED] - All options with index in [9] are selected on object 'Object Repository/Store Request Schedule 1/Page_Store/select_--Select--Schedule 1Inj'

2018-05-21 20:54:35 - [TEST_STEP][PASSED] - delay: Delayed 1 second(s)

2018-05-21 20:54:36 - [MESSAGE][PASSED] - Delayed 1 second(s)

2018-05-21 20:54:36 - [TEST_STEP][PASSED] - selectOptionByIndex: All options with index in [10] are selected on object 'Object Repository/Store Request Schedule 1/Page_Store/select_--Select--Adernaline 0.'

2018-05-21 20:54:36 - [MESSAGE][PASSED] - All options with index in [10] are selected on object 'Object Repository/Store Request Schedule 1/Page_Store/select_--Select--Adernaline 0.'

2018-05-21 20:54:36 - [TEST_STEP][PASSED] - setText: Text '100' is set on object 'Object Repository/Store Request Schedule 1/Page_Store/input_txttreat'

2018-05-21 20:54:36 - [MESSAGE][PASSED] - Text '100' is set on object 'Object Repository/Store Request Schedule 1/Page_Store/input_txttreat'

2018-05-21 20:54:36 - [TEST_STEP][PASSED] - click: Object: 'Object Repository/Store Request Schedule 1/Page_Store/button_Add' is clicked on

2018-05-21 20:54:36 - [MESSAGE][PASSED] - Object: 'Object Repository/Store Request Schedule 1/Page_Store/button_Add' is clicked on

2018-05-21 20:54:36 - [TEST_STEP][PASSED] - selectOptionByIndex: All options with index in [9] are selected on object 'Object Repository/Store Request Schedule 1/Page_Store/select_--Select--Schedule 1Inj'

2018-05-21 20:54:36 - [MESSAGE][PASSED] - All options with index in [9] are selected on object 'Object Repository/Store Request Schedule 1/Page_Store/select_--Select--Schedule 1Inj'

2018-05-21 20:54:36 - [TEST_STEP][PASSED] - delay: Delayed 1 second(s)

2018-05-21 20:54:37 - [MESSAGE][PASSED] - Delayed 1 second(s)

2018-05-21 20:54:37 - [TEST_STEP][PASSED] - selectOptionByIndex: All options with index in [11] are selected on object 'Object Repository/Store Request Schedule 1/Page_Store/select_--Select--Adernaline 0.'

2018-05-21 20:54:37 - [MESSAGE][PASSED] - All options with index in [11] are selected on object 'Object Repository/Store Request Schedule 1/Page_Store/select_--Select--Adernaline 0.'

2018-05-21 20:54:37 - [TEST_STEP][PASSED] - setText: Text '100' is set on object 'Object Repository/Store Request Schedule 1/Page_Store/input_txttreat'

2018-05-21 20:54:38 - [MESSAGE][PASSED] - Text '100' is set on object 'Object Repository/Store Request Schedule 1/Page_Store/input_txttreat'

2018-05-21 20:54:38 - [TEST_STEP][PASSED] - click: Object: 'Object Repository/Store Request Schedule 1/Page_Store/button_Add' is clicked on

2018-05-21 20:54:38 - [MESSAGE][PASSED] - Object: 'Object Repository/Store Request Schedule 1/Page_Store/button_Add' is clicked on

2018-05-21 20:54:38 - [TEST_STEP][PASSED] - selectOptionByIndex: All options with index in [9] are selected on object 'Object Repository/Store Request Schedule 1/Page_Store/select_--Select--Schedule 1Inj'

2018-05-21 20:54:38 - [MESSAGE][PASSED] - All options with index in [9] are selected on object 'Object Repository/Store Request Schedule 1/Page_Store/select_--Select--Schedule 1Inj'

2018-05-21 20:54:38 - [TEST_STEP][PASSED] - delay: Delayed 1 second(s)

2018-05-21 20:54:39 - [MESSAGE][PASSED] - Delayed 1 second(s)

2018-05-21 20:54:39 - [TEST_STEP][PASSED] - selectOptionByIndex: All options with index in [12] are selected on object 'Object Repository/Store Request Schedule 1/Page_Store/select_--Select--Adernaline 0.'

2018-05-21 20:54:39 - [MESSAGE][PASSED] - All options with index in [12] are selected on object 'Object Repository/Store Request Schedule 1/Page_Store/select_--Select--Adernaline 0.'

2018-05-21 20:54:39 - [TEST_STEP][PASSED] - setText: Text '100' is set on object 'Object Repository/Store Request Schedule 1/Page_Store/input_txttreat'

2018-05-21 20:54:39 - [MESSAGE][PASSED] - Text '100' is set on object 'Object Repository/Store Request Schedule 1/Page_Store/input_txttreat'

2018-05-21 20:54:39 - [TEST_STEP][PASSED] - click: Object: 'Object Repository/Store Request Schedule 1/Page_Store/button_Add' is clicked on

2018-05-21 20:54:39 - [MESSAGE][PASSED] - Object: 'Object Repository/Store Request Schedule 1/Page_Store/button_Add' is clicked on

2018-05-21 20:54:39 - [TEST_STEP][PASSED] - selectOptionByIndex: All options with index in [9] are selected on object 'Object Repository/Store Request Schedule 1/Page_Store/select_--Select--Schedule 1Inj'

2018-05-21 20:54:39 - [MESSAGE][PASSED] - All options with index in [9] are selected on object 'Object Repository/Store Request Schedule 1/Page_Store/select_--Select--Schedule 1Inj'

2018-05-21 20:54:39 - [TEST_STEP][PASSED] - delay: Delayed 1 second(s)

2018-05-21 20:54:40 - [MESSAGE][PASSED] - Delayed 1 second(s)

2018-05-21 20:54:40 - [TEST_STEP][PASSED] - selectOptionByIndex: All options with index in [13] are selected on object 'Object Repository/Store Request Schedule 1/Page_Store/select_--Select--Adernaline 0.'

2018-05-21 20:54:41 - [MESSAGE][PASSED] - All options with index in [13] are selected on object 'Object Repository/Store Request Schedule 1/Page_Store/select_--Select--Adernaline 0.'

2018-05-21 20:54:41 - [TEST_STEP][PASSED] - setText: Text '100' is set on object 'Object Repository/Store Request Schedule 1/Page_Store/input_txttreat'

2018-05-21 20:54:41 - [MESSAGE][PASSED] - Text '100' is set on object 'Object Repository/Store Request Schedule 1/Page_Store/input_txttreat'

2018-05-21 20:54:41 - [TEST_STEP][PASSED] - click: Object: 'Object Repository/Store Request Schedule 1/Page_Store/button_Add' is clicked on

2018-05-21 20:54:41 - [MESSAGE][PASSED] - Object: 'Object Repository/Store Request Schedule 1/Page_Store/button_Add' is clicked on

2018-05-21 20:54:41 - [TEST_STEP][PASSED] - selectOptionByIndex: All options with index in [9] are selected on object 'Object Repository/Store Request Schedule 1/Page_Store/select_--Select--Schedule 1Inj'

2018-05-21 20:54:41 - [MESSAGE][PASSED] - All options with index in [9] are selected on object 'Object Repository/Store Request Schedule 1/Page_Store/select_--Select--Schedule 1Inj'

2018-05-21 20:54:41 - [TEST_STEP][PASSED] - delay: Delayed 1 second(s)

2018-05-21 20:54:42 - [MESSAGE][PASSED] - Delayed 1 second(s)

2018-05-21 20:54:42 - [TEST_STEP][PASSED] - selectOptionByIndex: All options with index in [14] are selected on object 'Object Repository/Store Request Schedule 1/Page_Store/select_--Select--Adernaline 0.'

2018-05-21 20:54:42 - [MESSAGE][PASSED] - All options with index in [14] are selected on object 'Object Repository/Store Request Schedule 1/Page_Store/select_--Select--Adernaline 0.'

2018-05-21 20:54:42 - [TEST_STEP][PASSED] - setText: Text '100' is set on object 'Object Repository/Store Request Schedule 1/Page_Store/input_txttreat'

2018-05-21 20:54:42 - [MESSAGE][PASSED] - Text '100' is set on object 'Object Repository/Store Request Schedule 1/Page_Store/input_txttreat'

2018-05-21 20:54:42 - [TEST_STEP][PASSED] - click: Object: 'Object Repository/Store Request Schedule 1/Page_Store/button_Add' is clicked on

2018-05-21 20:54:42 - [MESSAGE][PASSED] - Object: 'Object Repository/Store Request Schedule 1/Page_Store/button_Add' is clicked on

2018-05-21 20:54:42 - [TEST_STEP][PASSED] - selectOptionByIndex: All options with index in [9] are selected on object 'Object Repository/Store Request Schedule 1/Page_Store/select_--Select--Schedule 1Inj'

2018-05-21 20:54:42 - [MESSAGE][PASSED] - All options with index in [9] are selected on object 'Object Repository/Store Request Schedule 1/Page_Store/select_--Select--Schedule 1Inj'

2018-05-21 20:54:42 - [TEST_STEP][PASSED] - delay: Delayed 1 second(s)

2018-05-21 20:54:43 - [MESSAGE][PASSED] - Delayed 1 second(s)

2018-05-21 20:54:43 - [TEST_STEP][PASSED] - selectOptionByIndex: All options with index in [15] are selected on object 'Object Repository/Store Request Schedule 1/Page_Store/select_--Select--Adernaline 0.'

2018-05-21 20:54:44 - [MESSAGE][PASSED] - All options with index in [15] are selected on object 'Object Repository/Store Request Schedule 1/Page_Store/select_--Select--Adernaline 0.'

2018-05-21 20:54:44 - [TEST_STEP][PASSED] - setText: Text '100' is set on object 'Object Repository/Store Request Schedule 1/Page_Store/input_txttreat'

2018-05-21 20:54:44 - [MESSAGE][PASSED] - Text '100' is set on object 'Object Repository/Store Request Schedule 1/Page_Store/input_txttreat'

2018-05-21 20:54:44 - [TEST_STEP][PASSED] - click: Object: 'Object Repository/Store Request Schedule 1/Page_Store/button_Add' is clicked on

2018-05-21 20:54:44 - [MESSAGE][PASSED] - Object: 'Object Repository/Store Request Schedule 1/Page_Store/button_Add' is clicked on

2018-05-21 20:54:44 - [TEST_STEP][PASSED] - selectOptionByIndex: All options with index in [9] are selected on object 'Object Repository/Store Request Schedule 1/Page_Store/select_--Select--Schedule 1Inj'

2018-05-21 20:54:44 - [MESSAGE][PASSED] - All options with index in [9] are selected on object 'Object Repository/Store Request Schedule 1/Page_Store/select_--Select--Schedule 1Inj'

2018-05-21 20:54:44 - [TEST_STEP][PASSED] - delay: Delayed 1 second(s)

2018-05-21 20:54:45 - [MESSAGE][PASSED] - Delayed 1 second(s)

2018-05-21 20:54:45 - [TEST_STEP][PASSED] - selectOptionByIndex: All options with index in [16] are selected on object 'Object Repository/Store Request Schedule 1/Page_Store/select_--Select--Adernaline 0.'

2018-05-21 20:54:45 - [MESSAGE][PASSED] - All options with index in [16] are selected on object 'Object Repository/Store Request Schedule 1/Page_Store/select_--Select--Adernaline 0.'

2018-05-21 20:54:45 - [TEST_STEP][PASSED] - setText: Text '100' is set on object 'Object Repository/Store Request Schedule 1/Page_Store/input_txttreat'

2018-05-21 20:54:45 - [MESSAGE][PASSED] - Text '100' is set on object 'Object Repository/Store Request Schedule 1/Page_Store/input_txttreat'

2018-05-21 20:54:45 - [TEST_STEP][PASSED] - click: Object: 'Object Repository/Store Request Schedule 1/Page_Store/button_Add' is clicked on

2018-05-21 20:54:45 - [MESSAGE][PASSED] - Object: 'Object Repository/Store Request Schedule 1/Page_Store/button_Add' is clicked on

2018-05-21 20:54:45 - [TEST_STEP][PASSED] - selectOptionByIndex: All options with index in [9] are selected on object 'Object Repository/Store Request Schedule 1/Page_Store/select_--Select--Schedule 1Inj'

2018-05-21 20:54:46 - [MESSAGE][PASSED] - All options with index in [9] are selected on object 'Object Repository/Store Request Schedule 1/Page_Store/select_--Select--Schedule 1Inj'

2018-05-21 20:54:46 - [TEST_STEP][PASSED] - delay: Delayed 1 second(s)

2018-05-21 20:54:47 - [MESSAGE][PASSED] - Delayed 1 second(s)

2018-05-21 20:54:47 - [TEST_STEP][PASSED] - selectOptionByIndex: All options with index in [17] are selected on object 'Object Repository/Store Request Schedule 1/Page_Store/select_--Select--Adernaline 0.'

2018-05-21 20:54:47 - [MESSAGE][PASSED] - All options with index in [17] are selected on object 'Object Repository/Store Request Schedule 1/Page_Store/select_--Select--Adernaline 0.'

2018-05-21 20:54:47 - [TEST_STEP][PASSED] - setText: Text '100' is set on object 'Object Repository/Store Request Schedule 1/Page_Store/input_txttreat'

2018-05-21 20:54:47 - [MESSAGE][PASSED] - Text '100' is set on object 'Object Repository/Store Request Schedule 1/Page_Store/input_txttreat'

2018-05-21 20:54:47 - [TEST_STEP][PASSED] - click: Object: 'Object Repository/Store Request Schedule 1/Page_Store/button_Add' is clicked on

2018-05-21 20:54:47 - [MESSAGE][PASSED] - Object: 'Object Repository/Store Request Schedule 1/Page_Store/button_Add' is clicked on

2018-05-21 20:54:47 - [TEST_STEP][PASSED] - selectOptionByIndex: All options with index in [9] are selected on object 'Object Repository/Store Request Schedule 1/Page_Store/select_--Select--Schedule 1Inj'

2018-05-21 20:54:47 - [MESSAGE][PASSED] - All options with index in [9] are selected on object 'Object Repository/Store Request Schedule 1/Page_Store/select_--Select--Schedule 1Inj'

2018-05-21 20:54:47 - [TEST_STEP][PASSED] - delay: Delayed 1 second(s)

2018-05-21 20:54:48 - [MESSAGE][PASSED] - Delayed 1 second(s)

2018-05-21 20:54:48 - [TEST_STEP][PASSED] - selectOptionByIndex: All options with index in [18] are selected on object 'Object Repository/Store Request Schedule 1/Page_Store/select_--Select--Adernaline 0.'

2018-05-21 20:54:48 - [MESSAGE][PASSED] - All options with index in [18] are selected on object 'Object Repository/Store Request Schedule 1/Page_Store/select_--Select--Adernaline 0.'

2018-05-21 20:54:48 - [TEST_STEP][PASSED] - setText: Text '100' is set on object 'Object Repository/Store Request Schedule 1/Page_Store/input_txttreat'

2018-05-21 20:54:48 - [MESSAGE][PASSED] - Text '100' is set on object 'Object Repository/Store Request Schedule 1/Page_Store/input_txttreat'

2018-05-21 20:54:48 - [TEST_STEP][PASSED] - click: Object: 'Object Repository/Store Request Schedule 1/Page_Store/button_Add' is clicked on

2018-05-21 20:54:49 - [MESSAGE][PASSED] - Object: 'Object Repository/Store Request Schedule 1/Page_Store/button_Add' is clicked on

2018-05-21 20:54:49 - [TEST_STEP][PASSED] - selectOptionByIndex: All options with index in [9] are selected on object 'Object Repository/Store Request Schedule 1/Page_Store/select_--Select--Schedule 1Inj'

2018-05-21 20:54:49 - [MESSAGE][PASSED] - All options with index in [9] are selected on object 'Object Repository/Store Request Schedule 1/Page_Store/select_--Select--Schedule 1Inj'

2018-05-21 20:54:49 - [TEST_STEP][PASSED] - delay: Delayed 1 second(s)

2018-05-21 20:54:50 - [MESSAGE][PASSED] - Delayed 1 second(s)

2018-05-21 20:54:50 - [TEST_STEP][PASSED] - selectOptionByIndex: All options with index in [19] are selected on object 'Object Repository/Store Request Schedule 1/Page_Store/select_--Select--Adernaline 0.'

2018-05-21 20:54:50 - [MESSAGE][PASSED] - All options with index in [19] are selected on object 'Object Repository/Store Request Schedule 1/Page_Store/select_--Select--Adernaline 0.'

2018-05-21 20:54:50 - [TEST_STEP][PASSED] - setText: Text '100' is set on object 'Object Repository/Store Request Schedule 1/Page_Store/input_txttreat'

2018-05-21 20:54:50 - [MESSAGE][PASSED] - Text '100' is set on object 'Object Repository/Store Request Schedule 1/Page_Store/input_txttreat'

2018-05-21 20:54:50 - [TEST_STEP][PASSED] - click: Object: 'Object Repository/Store Request Schedule 1/Page_Store/button_Add' is clicked on

2018-05-21 20:54:50 - [MESSAGE][PASSED] - Object: 'Object Repository/Store Request Schedule 1/Page_Store/button_Add' is clicked on

2018-05-21 20:54:50 - [TEST_STEP][PASSED] - selectOptionByIndex: All options with index in [9] are selected on object 'Object Repository/Store Request Schedule 1/Page_Store/select_--Select--Schedule 1Inj'

2018-05-21 20:54:50 - [MESSAGE][PASSED] - All options with index in [9] are selected on object 'Object Repository/Store Request Schedule 1/Page_Store/select_--Select--Schedule 1Inj'

2018-05-21 20:54:50 - [TEST_STEP][PASSED] - delay: Delayed 1 second(s)

2018-05-21 20:54:51 - [MESSAGE][PASSED] - Delayed 1 second(s)

2018-05-21 20:54:51 - [TEST_STEP][PASSED] - selectOptionByIndex: All options with index in [20] are selected on object 'Object Repository/Store Request Schedule 1/Page_Store/select_--Select--Adernaline 0.'

2018-05-21 20:54:52 - [MESSAGE][PASSED] - All options with index in [20] are selected on object 'Object Repository/Store Request Schedule 1/Page_Store/select_--Select--Adernaline 0.'

2018-05-21 20:54:52 - [TEST_STEP][PASSED] - setText: Text '100' is set on object 'Object Repository/Store Request Schedule 1/Page_Store/input_txttreat'

2018-05-21 20:54:52 - [MESSAGE][PASSED] - Text '100' is set on object 'Object Repository/Store Request Schedule 1/Page_Store/input_txttreat'

2018-05-21 20:54:52 - [TEST_STEP][PASSED] - click: Object: 'Object Repository/Store Request Schedule 1/Page_Store/button_Add' is clicked on

2018-05-21 20:54:52 - [MESSAGE][PASSED] - Object: 'Object Repository/Store Request Schedule 1/Page_Store/button_Add' is clicked on

2018-05-21 20:54:52 - [TEST_STEP][PASSED] - selectOptionByIndex: All options with index in [9] are selected on object 'Object Repository/Store Request Schedule 1/Page_Store/select_--Select--Schedule 1Inj'

2018-05-21 20:54:52 - [MESSAGE][PASSED] - All options with index in [9] are selected on object 'Object Repository/Store Request Schedule 1/Page_Store/select_--Select--Schedule 1Inj'

2018-05-21 20:54:52 - [TEST_STEP][PASSED] - delay: Delayed 1 second(s)

2018-05-21 20:54:53 - [MESSAGE][PASSED] - Delayed 1 second(s)

2018-05-21 20:54:53 - [TEST_STEP][PASSED] - selectOptionByIndex: All options with index in [21] are selected on object 'Object Repository/Store Request Schedule 1/Page_Store/select_--Select--Adernaline 0.'

2018-05-21 20:54:53 - [MESSAGE][PASSED] - All options with index in [21] are selected on object 'Object Repository/Store Request Schedule 1/Page_Store/select_--Select--Adernaline 0.'

2018-05-21 20:54:53 - [TEST_STEP][PASSED] - setText: Text '100' is set on object 'Object Repository/Store Request Schedule 1/Page_Store/input_txttreat'

2018-05-21 20:54:53 - [MESSAGE][PASSED] - Text '100' is set on object 'Object Repository/Store Request Schedule 1/Page_Store/input_txttreat'

2018-05-21 20:54:53 - [TEST_STEP][PASSED] - click: Object: 'Object Repository/Store Request Schedule 1/Page_Store/button_Add' is clicked on

2018-05-21 20:54:53 - [MESSAGE][PASSED] - Object: 'Object Repository/Store Request Schedule 1/Page_Store/button_Add' is clicked on

2018-05-21 20:54:53 - [TEST_STEP][PASSED] - selectOptionByIndex: All options with index in [9] are selected on object 'Object Repository/Store Request Schedule 1/Page_Store/select_--Select--Schedule 1Inj'

2018-05-21 20:54:54 - [MESSAGE][PASSED] - All options with index in [9] are selected on object 'Object Repository/Store Request Schedule 1/Page_Store/select_--Select--Schedule 1Inj'

2018-05-21 20:54:54 - [TEST_STEP][PASSED] - delay: Delayed 1 second(s)

2018-05-21 20:54:55 - [MESSAGE][PASSED] - Delayed 1 second(s)

2018-05-21 20:54:55 - [TEST_STEP][PASSED] - selectOptionByIndex: All options with index in [22] are selected on object 'Object Repository/Store Request Schedule 1/Page_Store/select_--Select--Adernaline 0.'

2018-05-21 20:54:55 - [MESSAGE][PASSED] - All options with index in [22] are selected on object 'Object Repository/Store Request Schedule 1/Page_Store/select_--Select--Adernaline 0.'

2018-05-21 20:54:55 - [TEST_STEP][PASSED] - setText: Text '100' is set on object 'Object Repository/Store Request Schedule 1/Page_Store/input_txttreat'

2018-05-21 20:54:55 - [MESSAGE][PASSED] - Text '100' is set on object 'Object Repository/Store Request Schedule 1/Page_Store/input_txttreat'

2018-05-21 20:54:55 - [TEST_STEP][PASSED] - click: Object: 'Object Repository/Store Request Schedule 1/Page_Store/button_Add' is clicked on

2018-05-21 20:54:55 - [MESSAGE][PASSED] - Object: 'Object Repository/Store Request Schedule 1/Page_Store/button_Add' is clicked on

2018-05-21 20:54:55 - [TEST_STEP][PASSED] - selectOptionByIndex: All options with index in [9] are selected on object 'Object Repository/Store Request Schedule 1/Page_Store/select_--Select--Schedule 1Inj'

2018-05-21 20:54:55 - [MESSAGE][PASSED] - All options with index in [9] are selected on object 'Object Repository/Store Request Schedule 1/Page_Store/select_--Select--Schedule 1Inj'

2018-05-21 20:54:55 - [TEST_STEP][PASSED] - delay: Delayed 1 second(s)

2018-05-21 20:54:56 - [MESSAGE][PASSED] - Delayed 1 second(s)

2018-05-21 20:54:56 - [TEST_STEP][PASSED] - selectOptionByIndex: All options with index in [23] are selected on object 'Object Repository/Store Request Schedule 1/Page_Store/select_--Select--Adernaline 0.'

2018-05-21 20:54:57 - [MESSAGE][PASSED] - All options with index in [23] are selected on object 'Object Repository/Store Request Schedule 1/Page_Store/select_--Select--Adernaline 0.'

2018-05-21 20:54:57 - [TEST_STEP][PASSED] - setText: Text '100' is set on object 'Object Repository/Store Request Schedule 1/Page_Store/input_txttreat'

2018-05-21 20:54:57 - [MESSAGE][PASSED] - Text '100' is set on object 'Object Repository/Store Request Schedule 1/Page_Store/input_txttreat'

2018-05-21 20:54:57 - [TEST_STEP][PASSED] - click: Object: 'Object Repository/Store Request Schedule 1/Page_Store/button_Add' is clicked on

2018-05-21 20:54:57 - [MESSAGE][PASSED] - Object: 'Object Repository/Store Request Schedule 1/Page_Store/button_Add' is clicked on

2018-05-21 20:54:57 - [TEST_STEP][PASSED] - selectOptionByIndex: All options with index in [9] are selected on object 'Object Repository/Store Request Schedule 1/Page_Store/select_--Select--Schedule 1Inj'

2018-05-21 20:54:57 - [MESSAGE][PASSED] - All options with index in [9] are selected on object 'Object Repository/Store Request Schedule 1/Page_Store/select_--Select--Schedule 1Inj'

2018-05-21 20:54:57 - [TEST_STEP][PASSED] - delay: Delayed 1 second(s)

2018-05-21 20:54:58 - [MESSAGE][PASSED] - Delayed 1 second(s)

2018-05-21 20:54:58 - [TEST_STEP][PASSED] - selectOptionByIndex: All options with index in [24] are selected on object 'Object Repository/Store Request Schedule 1/Page_Store/select_--Select--Adernaline 0.'

2018-05-21 20:54:58 - [MESSAGE][PASSED] - All options with index in [24] are selected on object 'Object Repository/Store Request Schedule 1/Page_Store/select_--Select--Adernaline 0.'

2018-05-21 20:54:58 - [TEST_STEP][PASSED] - setText: Text '100' is set on object 'Object Repository/Store Request Schedule 1/Page_Store/input_txttreat'

2018-05-21 20:54:58 - [MESSAGE][PASSED] - Text '100' is set on object 'Object Repository/Store Request Schedule 1/Page_Store/input_txttreat'

2018-05-21 20:54:58 - [TEST_STEP][PASSED] - click: Object: 'Object Repository/Store Request Schedule 1/Page_Store/button_Add' is clicked on

2018-05-21 20:54:58 - [MESSAGE][PASSED] - Object: 'Object Repository/Store Request Schedule 1/Page_Store/button_Add' is clicked on

2018-05-21 20:54:58 - [TEST_STEP][PASSED] - selectOptionByIndex: All options with index in [9] are selected on object 'Object Repository/Store Request Schedule 1/Page_Store/select_--Select--Schedule 1Inj'

2018-05-21 20:54:58 - [MESSAGE][PASSED] - All options with index in [9] are selected on object 'Object Repository/Store Request Schedule 1/Page_Store/select_--Select--Schedule 1Inj'

2018-05-21 20:54:58 - [TEST_STEP][PASSED] - delay: Delayed 1 second(s)

2018-05-21 20:54:59 - [MESSAGE][PASSED] - Delayed 1 second(s)

2018-05-21 20:54:59 - [TEST_STEP][PASSED] - selectOptionByIndex: All options with index in [25] are selected on object 'Object Repository/Store Request Schedule 1/Page_Store/select_--Select--Adernaline 0.'

2018-05-21 20:55:00 - [MESSAGE][PASSED] - All options with index in [25] are selected on object 'Object Repository/Store Request Schedule 1/Page_Store/select_--Select--Adernaline 0.'

2018-05-21 20:55:00 - [TEST_STEP][PASSED] - setText: Text '100' is set on object 'Object Repository/Store Request Schedule 1/Page_Store/input_txttreat'

2018-05-21 20:55:00 - [MESSAGE][PASSED] - Text '100' is set on object 'Object Repository/Store Request Schedule 1/Page_Store/input_txttreat'

2018-05-21 20:55:00 - [TEST_STEP][PASSED] - click: Object: 'Object Repository/Store Request Schedule 1/Page_Store/button_Add' is clicked on

2018-05-21 20:55:00 - [MESSAGE][PASSED] - Object: 'Object Repository/Store Request Schedule 1/Page_Store/button_Add' is clicked on

2018-05-21 20:55:00 - [TEST_STEP][PASSED] - selectOptionByIndex: All options with index in [9] are selected on object 'Object Repository/Store Request Schedule 1/Page_Store/select_--Select--Schedule 1Inj'

2018-05-21 20:55:00 - [MESSAGE][PASSED] - All options with index in [9] are selected on object 'Object Repository/Store Request Schedule 1/Page_Store/select_--Select--Schedule 1Inj'

2018-05-21 20:55:00 - [TEST_STEP][PASSED] - delay: Delayed 1 second(s)

2018-05-21 20:55:01 - [MESSAGE][PASSED] - Delayed 1 second(s)

2018-05-21 20:55:01 - [TEST_STEP][PASSED] - selectOptionByIndex: All options with index in [26] are selected on object 'Object Repository/Store Request Schedule 1/Page_Store/select_--Select--Adernaline 0.'

2018-05-21 20:55:02 - [MESSAGE][PASSED] - All options with index in [26] are selected on object 'Object Repository/Store Request Schedule 1/Page_Store/select_--Select--Adernaline 0.'

2018-05-21 20:55:02 - [TEST_STEP][PASSED] - setText: Text '100' is set on object 'Object Repository/Store Request Schedule 1/Page_Store/input_txttreat'

2018-05-21 20:55:02 - [MESSAGE][PASSED] - Text '100' is set on object 'Object Repository/Store Request Schedule 1/Page_Store/input_txttreat'

2018-05-21 20:55:02 - [TEST_STEP][PASSED] - click: Object: 'Object Repository/Store Request Schedule 1/Page_Store/button_Add' is clicked on

2018-05-21 20:55:02 - [MESSAGE][PASSED] - Object: 'Object Repository/Store Request Schedule 1/Page_Store/button_Add' is clicked on

2018-05-21 20:55:02 - [TEST_STEP][PASSED] - selectOptionByIndex: All options with index in [9] are selected on object 'Object Repository/Store Request Schedule 1/Page_Store/select_--Select--Schedule 1Inj'

2018-05-21 20:55:02 - [MESSAGE][PASSED] - All options with index in [9] are selected on object 'Object Repository/Store Request Schedule 1/Page_Store/select_--Select--Schedule 1Inj'

2018-05-21 20:55:02 - [TEST_STEP][PASSED] - delay: Delayed 1 second(s)

2018-05-21 20:55:03 - [MESSAGE][PASSED] - Delayed 1 second(s)

2018-05-21 20:55:03 - [TEST_STEP][PASSED] - selectOptionByIndex: All options with index in [27] are selected on object 'Object Repository/Store Request Schedule 1/Page_Store/select_--Select--Adernaline 0.'

2018-05-21 20:55:03 - [MESSAGE][PASSED] - All options with index in [27] are selected on object 'Object Repository/Store Request Schedule 1/Page_Store/select_--Select--Adernaline 0.'

2018-05-21 20:55:03 - [TEST_STEP][PASSED] - setText: Text '100' is set on object 'Object Repository/Store Request Schedule 1/Page_Store/input_txttreat'

2018-05-21 20:55:03 - [MESSAGE][PASSED] - Text '100' is set on object 'Object Repository/Store Request Schedule 1/Page_Store/input_txttreat'

2018-05-21 20:55:03 - [TEST_STEP][PASSED] - click: Object: 'Object Repository/Store Request Schedule 1/Page_Store/button_Add' is clicked on

2018-05-21 20:55:03 - [MESSAGE][PASSED] - Object: 'Object Repository/Store Request Schedule 1/Page_Store/button_Add' is clicked on

2018-05-21 20:55:03 - [TEST_STEP][PASSED] - selectOptionByIndex: All options with index in [9] are selected on object 'Object Repository/Store Request Schedule 1/Page_Store/select_--Select--Schedule 1Inj'

2018-05-21 20:55:04 - [MESSAGE][PASSED] - All options with index in [9] are selected on object 'Object Repository/Store Request Schedule 1/Page_Store/select_--Select--Schedule 1Inj'

2018-05-21 20:55:04 - [TEST_STEP][PASSED] - delay: Delayed 1 second(s)

2018-05-21 20:55:05 - [MESSAGE][PASSED] - Delayed 1 second(s)

2018-05-21 20:55:05 - [TEST_STEP][PASSED] - selectOptionByIndex: All options with index in [28] are selected on object 'Object Repository/Store Request Schedule 1/Page_Store/select_--Select--Adernaline 0.'

2018-05-21 20:55:05 - [MESSAGE][PASSED] - All options with index in [28] are selected on object 'Object Repository/Store Request Schedule 1/Page_Store/select_--Select--Adernaline 0.'

2018-05-21 20:55:05 - [TEST_STEP][PASSED] - setText: Text '100' is set on object 'Object Repository/Store Request Schedule 1/Page_Store/input_txttreat'

2018-05-21 20:55:05 - [MESSAGE][PASSED] - Text '100' is set on object 'Object Repository/Store Request Schedule 1/Page_Store/input_txttreat'

2018-05-21 20:55:05 - [TEST_STEP][PASSED] - click: Object: 'Object Repository/Store Request Schedule 1/Page_Store/button_Add' is clicked on

2018-05-21 20:55:05 - [MESSAGE][PASSED] - Object: 'Object Repository/Store Request Schedule 1/Page_Store/button_Add' is clicked on

2018-05-21 20:55:05 - [TEST_STEP][PASSED] - selectOptionByIndex: All options with index in [9] are selected on object 'Object Repository/Store Request Schedule 1/Page_Store/select_--Select--Schedule 1Inj'

2018-05-21 20:55:05 - [MESSAGE][PASSED] - All options with index in [9] are selected on object 'Object Repository/Store Request Schedule 1/Page_Store/select_--Select--Schedule 1Inj'

2018-05-21 20:55:05 - [TEST_STEP][PASSED] - delay: Delayed 1 second(s)

2018-05-21 20:55:06 - [MESSAGE][PASSED] - Delayed 1 second(s)

2018-05-21 20:55:06 - [TEST_STEP][PASSED] - selectOptionByIndex: All options with index in [29] are selected on object 'Object Repository/Store Request Schedule 1/Page_Store/select_--Select--Adernaline 0.'

2018-05-21 20:55:07 - [MESSAGE][PASSED] - All options with index in [29] are selected on object 'Object Repository/Store Request Schedule 1/Page_Store/select_--Select--Adernaline 0.'

2018-05-21 20:55:07 - [TEST_STEP][PASSED] - setText: Text '100' is set on object 'Object Repository/Store Request Schedule 1/Page_Store/input_txttreat'

2018-05-21 20:55:07 - [MESSAGE][PASSED] - Text '100' is set on object 'Object Repository/Store Request Schedule 1/Page_Store/input_txttreat'

2018-05-21 20:55:07 - [TEST_STEP][PASSED] - click: Object: 'Object Repository/Store Request Schedule 1/Page_Store/button_Add' is clicked on

2018-05-21 20:55:07 - [MESSAGE][PASSED] - Object: 'Object Repository/Store Request Schedule 1/Page_Store/button_Add' is clicked on

2018-05-21 20:55:07 - [TEST_STEP][PASSED] - selectOptionByIndex: All options with index in [9] are selected on object 'Object Repository/Store Request Schedule 1/Page_Store/select_--Select--Schedule 1Inj'

2018-05-21 20:55:07 - [MESSAGE][PASSED] - All options with index in [9] are selected on object 'Object Repository/Store Request Schedule 1/Page_Store/select_--Select--Schedule 1Inj'

2018-05-21 20:55:07 - [TEST_STEP][PASSED] - delay: Delayed 1 second(s)

2018-05-21 20:55:08 - [MESSAGE][PASSED] - Delayed 1 second(s)

2018-05-21 20:55:08 - [TEST_STEP][PASSED] - selectOptionByIndex: All options with index in [30] are selected on object 'Object Repository/Store Request Schedule 1/Page_Store/select_--Select--Adernaline 0.'

2018-05-21 20:55:08 - [MESSAGE][PASSED] - All options with index in [30] are selected on object 'Object Repository/Store Request Schedule 1/Page_Store/select_--Select--Adernaline 0.'

2018-05-21 20:55:08 - [TEST_STEP][PASSED] - setText: Text '100' is set on object 'Object Repository/Store Request Schedule 1/Page_Store/input_txttreat'

2018-05-21 20:55:08 - [MESSAGE][PASSED] - Text '100' is set on object 'Object Repository/Store Request Schedule 1/Page_Store/input_txttreat'

2018-05-21 20:55:08 - [TEST_STEP][PASSED] - click: Object: 'Object Repository/Store Request Schedule 1/Page_Store/button_Add' is clicked on

2018-05-21 20:55:08 - [MESSAGE][PASSED] - Object: 'Object Repository/Store Request Schedule 1/Page_Store/button_Add' is clicked on

2018-05-21 20:55:08 - [TEST_STEP][PASSED] - selectOptionByIndex: All options with index in [9] are selected on object 'Object Repository/Store Request Schedule 1/Page_Store/select_--Select--Schedule 1Inj'

2018-05-21 20:55:09 - [MESSAGE][PASSED] - All options with index in [9] are selected on object 'Object Repository/Store Request Schedule 1/Page_Store/select_--Select--Schedule 1Inj'

2018-05-21 20:55:09 - [TEST_STEP][PASSED] - delay: Delayed 1 second(s)

2018-05-21 20:55:10 - [MESSAGE][PASSED] - Delayed 1 second(s)

2018-05-21 20:55:10 - [TEST_STEP][PASSED] - selectOptionByIndex: All options with index in [31] are selected on object 'Object Repository/Store Request Schedule 1/Page_Store/select_--Select--Adernaline 0.'

2018-05-21 20:55:10 - [MESSAGE][PASSED] - All options with index in [31] are selected on object 'Object Repository/Store Request Schedule 1/Page_Store/select_--Select--Adernaline 0.'

2018-05-21 20:55:10 - [TEST_STEP][PASSED] - setText: Text '100' is set on object 'Object Repository/Store Request Schedule 1/Page_Store/input_txttreat'

2018-05-21 20:55:10 - [MESSAGE][PASSED] - Text '100' is set on object 'Object Repository/Store Request Schedule 1/Page_Store/input_txttreat'

2018-05-21 20:55:10 - [TEST_STEP][PASSED] - click: Object: 'Object Repository/Store Request Schedule 1/Page_Store/button_Add' is clicked on

2018-05-21 20:55:10 - [MESSAGE][PASSED] - Object: 'Object Repository/Store Request Schedule 1/Page_Store/button_Add' is clicked on

2018-05-21 20:55:10 - [TEST_STEP][PASSED] - selectOptionByIndex: All options with index in [9] are selected on object 'Object Repository/Store Request Schedule 1/Page_Store/select_--Select--Schedule 1Inj'

2018-05-21 20:55:10 - [MESSAGE][PASSED] - All options with index in [9] are selected on object 'Object Repository/Store Request Schedule 1/Page_Store/select_--Select--Schedule 1Inj'

2018-05-21 20:55:10 - [TEST_STEP][PASSED] - delay: Delayed 1 second(s)

2018-05-21 20:55:11 - [MESSAGE][PASSED] - Delayed 1 second(s)

2018-05-21 20:55:11 - [TEST_STEP][PASSED] - selectOptionByIndex: All options with index in [32] are selected on object 'Object Repository/Store Request Schedule 1/Page_Store/select_--Select--Adernaline 0.'

2018-05-21 20:55:12 - [MESSAGE][PASSED] - All options with index in [32] are selected on object 'Object Repository/Store Request Schedule 1/Page_Store/select_--Select--Adernaline 0.'

2018-05-21 20:55:12 - [TEST_STEP][PASSED] - setText: Text '100' is set on object 'Object Repository/Store Request Schedule 1/Page_Store/input_txttreat'

2018-05-21 20:55:12 - [MESSAGE][PASSED] - Text '100' is set on object 'Object Repository/Store Request Schedule 1/Page_Store/input_txttreat'

2018-05-21 20:55:12 - [TEST_STEP][PASSED] - click: Object: 'Object Repository/Store Request Schedule 1/Page_Store/button_Add' is clicked on

2018-05-21 20:55:12 - [MESSAGE][PASSED] - Object: 'Object Repository/Store Request Schedule 1/Page_Store/button_Add' is clicked on

2018-05-21 20:55:12 - [TEST_STEP][PASSED] - selectOptionByIndex: All options with index in [9] are selected on object 'Object Repository/Store Request Schedule 1/Page_Store/select_--Select--Schedule 1Inj'

2018-05-21 20:55:12 - [MESSAGE][PASSED] - All options with index in [9] are selected on object 'Object Repository/Store Request Schedule 1/Page_Store/select_--Select--Schedule 1Inj'

2018-05-21 20:55:12 - [TEST_STEP][PASSED] - delay: Delayed 1 second(s)

2018-05-21 20:55:13 - [MESSAGE][PASSED] - Delayed 1 second(s)

2018-05-21 20:55:13 - [TEST_STEP][PASSED] - selectOptionByIndex: All options with index in [33] are selected on object 'Object Repository/Store Request Schedule 1/Page_Store/select_--Select--Adernaline 0.'

2018-05-21 20:55:13 - [MESSAGE][PASSED] - All options with index in [33] are selected on object 'Object Repository/Store Request Schedule 1/Page_Store/select_--Select--Adernaline 0.'

2018-05-21 20:55:13 - [TEST_STEP][PASSED] - setText: Text '100' is set on object 'Object Repository/Store Request Schedule 1/Page_Store/input_txttreat'

2018-05-21 20:55:14 - [MESSAGE][PASSED] - Text '100' is set on object 'Object Repository/Store Request Schedule 1/Page_Store/input_txttreat'

2018-05-21 20:55:14 - [TEST_STEP][PASSED] - click: Object: 'Object Repository/Store Request Schedule 1/Page_Store/button_Add' is clicked on

2018-05-21 20:55:14 - [MESSAGE][PASSED] - Object: 'Object Repository/Store Request Schedule 1/Page_Store/button_Add' is clicked on

2018-05-21 20:55:14 - [TEST_STEP][PASSED] - selectOptionByIndex: All options with index in [9] are selected on object 'Object Repository/Store Request Schedule 1/Page_Store/select_--Select--Schedule 1Inj'

2018-05-21 20:55:14 - [MESSAGE][PASSED] - All options with index in [9] are selected on object 'Object Repository/Store Request Schedule 1/Page_Store/select_--Select--Schedule 1Inj'

2018-05-21 20:55:14 - [TEST_STEP][PASSED] - delay: Delayed 1 second(s)

2018-05-21 20:55:15 - [MESSAGE][PASSED] - Delayed 1 second(s)

2018-05-21 20:55:15 - [TEST_STEP][PASSED] - selectOptionByIndex: All options with index in [34] are selected on object 'Object Repository/Store Request Schedule 1/Page_Store/select_--Select--Adernaline 0.'

2018-05-21 20:55:15 - [MESSAGE][PASSED] - All options with index in [34] are selected on object 'Object Repository/Store Request Schedule 1/Page_Store/select_--Select--Adernaline 0.'

2018-05-21 20:55:15 - [TEST_STEP][PASSED] - setText: Text '100' is set on object 'Object Repository/Store Request Schedule 1/Page_Store/input_txttreat'

2018-05-21 20:55:15 - [MESSAGE][PASSED] - Text '100' is set on object 'Object Repository/Store Request Schedule 1/Page_Store/input_txttreat'

2018-05-21 20:55:15 - [TEST_STEP][PASSED] - click: Object: 'Object Repository/Store Request Schedule 1/Page_Store/button_Add' is clicked on

2018-05-21 20:55:15 - [MESSAGE][PASSED] - Object: 'Object Repository/Store Request Schedule 1/Page_Store/button_Add' is clicked on

2018-05-21 20:55:15 - [TEST_STEP][PASSED] - selectOptionByIndex: All options with index in [9] are selected on object 'Object Repository/Store Request Schedule 1/Page_Store/select_--Select--Schedule 1Inj'

2018-05-21 20:55:16 - [MESSAGE][PASSED] - All options with index in [9] are selected on object 'Object Repository/Store Request Schedule 1/Page_Store/select_--Select--Schedule 1Inj'

2018-05-21 20:55:16 - [TEST_STEP][PASSED] - delay: Delayed 1 second(s)

2018-05-21 20:55:17 - [MESSAGE][PASSED] - Delayed 1 second(s)

2018-05-21 20:55:17 - [TEST_STEP][PASSED] - selectOptionByIndex: All options with index in [35] are selected on object 'Object Repository/Store Request Schedule 1/Page_Store/select_--Select--Adernaline 0.'

2018-05-21 20:55:17 - [MESSAGE][PASSED] - All options with index in [35] are selected on object 'Object Repository/Store Request Schedule 1/Page_Store/select_--Select--Adernaline 0.'

2018-05-21 20:55:17 - [TEST_STEP][PASSED] - setText: Text '100' is set on object 'Object Repository/Store Request Schedule 1/Page_Store/input_txttreat'

2018-05-21 20:55:17 - [MESSAGE][PASSED] - Text '100' is set on object 'Object Repository/Store Request Schedule 1/Page_Store/input_txttreat'

2018-05-21 20:55:17 - [TEST_STEP][PASSED] - click: Object: 'Object Repository/Store Request Schedule 1/Page_Store/button_Add' is clicked on

2018-05-21 20:55:17 - [MESSAGE][PASSED] - Object: 'Object Repository/Store Request Schedule 1/Page_Store/button_Add' is clicked on

2018-05-21 20:55:17 - [TEST_STEP][PASSED] - delay: Delayed 2 second(s)

2018-05-21 20:55:19 - [MESSAGE][PASSED] - Delayed 2 second(s)

2018-05-21 20:55:19 - [TEST_STEP][PASSED] - scrollToElement: Scroll to object 'Object Repository/Store Request Schedule 1/Page_Store/input_btnsave' successfully

2018-05-21 20:55:19 - [MESSAGE][PASSED] - Scroll to object 'Object Repository/Store Request Schedule 1/Page_Store/input_btnsave' successfully

2018-05-21 20:55:19 - [TEST_STEP][PASSED] - click: Object: 'Object Repository/Store Request Schedule 1/Page_Store/input_btnsave' is clicked on

2018-05-21 20:55:19 - [MESSAGE][PASSED] - Object: 'Object Repository/Store Request Schedule 1/Page_Store/input_btnsave' is clicked on

2018-05-21 20:55:19 - [TEST_STEP][PASSED] - delay: Delayed 4 second(s)

2018-05-21 20:55:23 - [MESSAGE][PASSED] - Delayed 4 second(s)

2018-05-21 20:55:23 - [TEST_STEP][PASSED] - Statement - Cms_RequestNumber = com.kms.katalon.core.webui.keyword.WebUiBuiltInKeywords.getText(com.kms.katalon.core.testobject.ObjectRepository.findTestObject(Store Request Schedule 1/Page_Store/font_PRNO050520189)): Text of object 'Object Repository/Store Request Schedule 1/Page_Store/font_PRNO050520189' is: 'PRNO/21052018/336'

2018-05-21 20:55:23 - [MESSAGE][PASSED] - Text of object 'Object Repository/Store Request Schedule 1/Page_Store/font_PRNO050520189' is: 'PRNO/21052018/336'

2018-05-21 20:55:23 - [TEST_STEP][PASSED] - Statement - CR = Cms_RequestNumber.trim(): null

2018-05-21 20:55:23 - [TEST_STEP][PASSED] - Statement - out.println("RQ :" + Cms_RequestNumber): null

2018-05-21 20:55:23 - [TEST_STEP][PASSED] - Statement - RequestNumberID = Cms_RequestNumber.split("/")[2].trim(): null

2018-05-21 20:55:23 - [TEST_STEP][PASSED] - Statement - out.println("RQ ID :" + RequestNumberID): null

2018-05-21 20:55:23 - [TEST_STEP][PASSED] - delay: Delayed 3 second(s)

2018-05-21 20:55:26 - [MESSAGE][PASSED] - Delayed 3 second(s)

2018-05-21 20:55:26 - [TEST_STEP][PASSED] - Statement - ok = com.kms.katalon.core.webui.keyword.WebUiBuiltInKeywords.click(com.kms.katalon.core.testobject.ObjectRepository.findTestObject(Store Request Schedule 1/Page_Store/button_OK)): Object: 'Object Repository/Store Request Schedule 1/Page_Store/button_OK' is clicked on

2018-05-21 20:55:27 - [MESSAGE][PASSED] - Object: 'Object Repository/Store Request Schedule 1/Page_Store/button_OK' is clicked on

2018-05-21 20:55:27 - [TEST_STEP][PASSED] - delay: Delayed 3 second(s)

2018-05-21 20:55:30 - [MESSAGE][PASSED] - Delayed 3 second(s)

2018-05-21 20:55:30 - [TEST_STEP][PASSED] - click: Object: 'Object Repository/Store Request Schedule 1/Page_Store/a_dropdown-toggle' is clicked on

2018-05-21 20:55:30 - [MESSAGE][PASSED] - Object: 'Object Repository/Store Request Schedule 1/Page_Store/a_dropdown-toggle' is clicked on

2018-05-21 20:55:30 - [TEST_STEP][PASSED] - click: Object: 'Object Repository/Store Request Schedule 1/Page_Store/a_Sign out' is clicked on

2018-05-21 20:55:31 - [MESSAGE][PASSED] - Object: 'Object Repository/Store Request Schedule 1/Page_Store/a_Sign out' is clicked on

2018-05-21 20:55:31 - [TEST_STEP][PASSED] - delay: Delayed 3 second(s)

2018-05-21 20:55:34 - [MESSAGE][PASSED] - Delayed 3 second(s)

2018-05-21 20:55:34 - [TEST_STEP][PASSED] - click: Object: 'Object Repository/Store Request Schedule 1/Page_KDMC/a_CMO' is clicked on

2018-05-21 20:55:35 - [MESSAGE][PASSED] - Object: 'Object Repository/Store Request Schedule 1/Page_KDMC/a_CMO' is clicked on

2018-05-21 20:55:35 - [TEST_STEP][PASSED] - setText: Text 'guru' is set on object 'Object Repository/Store Request Schedule 1/Page_CMO login/input_txtusername'

2018-05-21 20:55:35 - [MESSAGE][PASSED] - Text 'guru' is set on object 'Object Repository/Store Request Schedule 1/Page_CMO login/input_txtusername'

2018-05-21 20:55:35 - [TEST_STEP][PASSED] - setText: Text '123' is set on object 'Object Repository/Store Request Schedule 1/Page_CMO login/input_txtpassword'

2018-05-21 20:55:35 - [MESSAGE][PASSED] - Text '123' is set on object 'Object Repository/Store Request Schedule 1/Page_CMO login/input_txtpassword'

2018-05-21 20:55:35 - [TEST_STEP][PASSED] - delay: Delayed 3 second(s)

2018-05-21 20:55:38 - [MESSAGE][PASSED] - Delayed 3 second(s)

2018-05-21 20:55:38 - [TEST_STEP][PASSED] - click: Object: 'Object Repository/Store Request Schedule 1/Page_CMO login/button_Sign in' is clicked on

2018-05-21 20:55:39 - [MESSAGE][PASSED] - Object: 'Object Repository/Store Request Schedule 1/Page_CMO login/button_Sign in' is clicked on

2018-05-21 20:55:39 - [TEST_STEP][PASSED] - delay: Delayed 2 second(s)

2018-05-21 20:55:41 - [MESSAGE][PASSED] - Delayed 2 second(s)

2018-05-21 20:55:41 - [TEST_STEP][PASSED] - click: Object: 'Object Repository/Store Request Schedule 1/Page_KDMC - CMO/span_Department Wise Request' is clicked on

2018-05-21 20:55:41 - [MESSAGE][PASSED] - Object: 'Object Repository/Store Request Schedule 1/Page_KDMC - CMO/span_Department Wise Request' is clicked on

2018-05-21 20:55:41 - [TEST_STEP][PASSED] - click: Object: 'Object Repository/Store Request Schedule 1/Page_KDMC - CMO/a_CMS Request' is clicked on

2018-05-21 20:55:41 - [MESSAGE][PASSED] - Object: 'Object Repository/Store Request Schedule 1/Page_KDMC - CMO/a_CMS Request' is clicked on

2018-05-21 20:55:41 - [TEST_STEP][PASSED] - click: Object: 'Object Repository/Store Request Schedule 1/Page_KDMC - CMO/a_CMS Request' is clicked on

2018-05-21 20:55:41 - [MESSAGE][PASSED] - Object: 'Object Repository/Store Request Schedule 1/Page_KDMC - CMO/a_CMS Request' is clicked on

2018-05-21 20:55:41 - [TEST_STEP][PASSED] - click: Object: 'Object Repository/Store Request Schedule 1/Page_KDMC - CMO/span_Divisional Store Request' is clicked on

2018-05-21 20:55:43 - [MESSAGE][PASSED] - Object: 'Object Repository/Store Request Schedule 1/Page_KDMC - CMO/span_Divisional Store Request' is clicked on

2018-05-21 20:55:43 - [TEST_STEP][PASSED] - delay: Delayed 2 second(s)

2018-05-21 20:55:45 - [MESSAGE][PASSED] - Delayed 2 second(s)

2018-05-21 20:55:45 - [TEST_STEP][PASSED] - Statement - approval = com.kms.katalon.core.webui.keyword.WebUiBuiltInKeywords.modifyObjectProperty(com.kms.katalon.core.testobject.ObjectRepository.findTestObject(Store Request Schedule 1/Page_KDMC - CMO/input_PRNO050520189), "xpath", "equals", "//*[@id=" + RequestNumberID + "]", true): Modify property of object successfully

2018-05-21 20:55:45 - [MESSAGE][PASSED] - Modify property of object successfully

2018-05-21 20:55:45 - [TEST_STEP][PASSED] - click: Object: 'Object Repository/Store Request Schedule 1/Page_KDMC - CMO/input_PRNO050520189' is clicked on

2018-05-21 20:55:45 - [MESSAGE][PASSED] - Object: 'Object Repository/Store Request Schedule 1/Page_KDMC - CMO/input_PRNO050520189' is clicked on

2018-05-21 20:55:45 - [TEST_STEP][PASSED] - delay: Delayed 2 second(s)

2018-05-21 20:55:47 - [MESSAGE][PASSED] - Delayed 2 second(s)

2018-05-21 20:55:47 - [TEST_STEP][PASSED] - selectOptionByIndex: All options with index in [1] are selected on object 'Object Repository/Store Request Schedule 1/Page_KDMC - CMO/select_--Select--'

2018-05-21 20:55:47 - [MESSAGE][PASSED] - All options with index in [1] are selected on object 'Object Repository/Store Request Schedule 1/Page_KDMC - CMO/select_--Select--'

2018-05-21 20:55:47 - [TEST_STEP][PASSED] - click: Object: 'Object Repository/Store Request Schedule 1/Page_KDMC - CMO/input_btnupdate' is clicked on

2018-05-21 20:55:48 - [MESSAGE][PASSED] - Object: 'Object Repository/Store Request Schedule 1/Page_KDMC - CMO/input_btnupdate' is clicked on

2018-05-21 20:55:48 - [TEST_STEP][PASSED] - delay: Delayed 2 second(s)

2018-05-21 20:55:50 - [MESSAGE][PASSED] - Delayed 2 second(s)

2018-05-21 20:55:50 - [TEST_STEP][PASSED] - click: Object: 'Object Repository/Store Request Schedule 1/Page_KDMC - CMO/button_OK' is clicked on

2018-05-21 20:55:50 - [MESSAGE][PASSED] - Object: 'Object Repository/Store Request Schedule 1/Page_KDMC - CMO/button_OK' is clicked on

2018-05-21 20:55:50 - [TEST_STEP][PASSED] - delay: Delayed 2 second(s)

2018-05-21 20:55:52 - [MESSAGE][PASSED] - Delayed 2 second(s)

2018-05-21 20:55:52 - [TEST_STEP][PASSED] - click: Object: 'Object Repository/Store Request Schedule 1/Page_KDMC - CMO/a_dropdown-toggle' is clicked on

2018-05-21 20:55:52 - [MESSAGE][PASSED] - Object: 'Object Repository/Store Request Schedule 1/Page_KDMC - CMO/a_dropdown-toggle' is clicked on

2018-05-21 20:55:52 - [TEST_STEP][PASSED] - click: Object: 'Object Repository/Store Request Schedule 1/Page_KDMC - CMO/a_Sign out' is clicked on

2018-05-21 20:55:53 - [MESSAGE][PASSED] - Object: 'Object Repository/Store Request Schedule 1/Page_KDMC - CMO/a_Sign out' is clicked on

2018-05-21 20:55:53 - [TEST_STEP][PASSED] - delay: Delayed 3 second(s)

2018-05-21 20:55:56 - [MESSAGE][PASSED] - Delayed 3 second(s)

2018-05-21 20:55:56 - [TEST_STEP][PASSED] - click: Object: 'Object Repository/store Request Schedule 1/Page_KDMC/a_CMS' is clicked on

2018-05-21 20:55:56 - [MESSAGE][PASSED] - Object: 'Object Repository/store Request Schedule 1/Page_KDMC/a_CMS' is clicked on

2018-05-21 20:55:56 - [TEST_STEP][PASSED] - setText: Text 'bala' is set on object 'Object Repository/store Request Schedule 1/Page_CMS login/input_txtusername'

2018-05-21 20:55:56 - [MESSAGE][PASSED] - Text 'bala' is set on object 'Object Repository/store Request Schedule 1/Page_CMS login/input_txtusername'

2018-05-21 20:55:56 - [TEST_STEP][PASSED] - setText: Text '123' is set on object 'Object Repository/store Request Schedule 1/Page_CMS login/input_txtpassword'

2018-05-21 20:55:56 - [MESSAGE][PASSED] - Text '123' is set on object 'Object Repository/store Request Schedule 1/Page_CMS login/input_txtpassword'

2018-05-21 20:55:56 - [TEST_STEP][PASSED] - delay: Delayed 3 second(s)

2018-05-21 20:55:59 - [MESSAGE][PASSED] - Delayed 3 second(s)

2018-05-21 20:55:59 - [TEST_STEP][PASSED] - click: Object: 'Object Repository/store Request Schedule 1/Page_CMS login/button_Sign in' is clicked on

2018-05-21 20:56:00 - [MESSAGE][PASSED] - Object: 'Object Repository/store Request Schedule 1/Page_CMS login/button_Sign in' is clicked on

2018-05-21 20:56:00 - [TEST_STEP][PASSED] - delay: Delayed 2 second(s)

2018-05-21 20:56:02 - [MESSAGE][PASSED] - Delayed 2 second(s)

2018-05-21 20:56:02 - [TEST_STEP][PASSED] - click: Object: 'Object Repository/store Request Schedule 1/Page_KDMC - CMS/a_Divisional Store' is clicked on

2018-05-21 20:56:02 - [MESSAGE][PASSED] - Object: 'Object Repository/store Request Schedule 1/Page_KDMC - CMS/a_Divisional Store' is clicked on

2018-05-21 20:56:02 - [TEST_STEP][PASSED] - delay: Delayed 2 second(s)

2018-05-21 20:56:04 - [MESSAGE][PASSED] - Delayed 2 second(s)

2018-05-21 20:56:04 - [TEST_STEP][PASSED] - click: Object: 'Object Repository/store Request Schedule 1/Page_KDMC - CMS/a_Dispatch Items' is clicked on

2018-05-21 20:56:04 - [MESSAGE][PASSED] - Object: 'Object Repository/store Request Schedule 1/Page_KDMC - CMS/a_Dispatch Items' is clicked on

2018-05-21 20:56:04 - [TEST_STEP][PASSED] - setText: Text 'PRNO/21052018/336' is set on object 'Object Repository/store Request Schedule 1/Page_KDMC - CMS/input'

2018-05-21 20:56:05 - [MESSAGE][PASSED] - Text 'PRNO/21052018/336' is set on object 'Object Repository/store Request Schedule 1/Page_KDMC - CMS/input'

2018-05-21 20:56:05 - [TEST_STEP][PASSED] - click: Object: 'Object Repository/store Request Schedule 1/Page_KDMC - CMS/td_text-center' is clicked on

2018-05-21 20:56:05 - [MESSAGE][PASSED] - Object: 'Object Repository/store Request Schedule 1/Page_KDMC - CMS/td_text-center' is clicked on

2018-05-21 20:56:05 - [TEST_STEP][PASSED] - delay: Delayed 2 second(s)

2018-05-21 20:56:07 - [MESSAGE][PASSED] - Delayed 2 second(s)

2018-05-21 20:56:07 - [TEST_STEP][PASSED] - Statement - For ([row = 0, row < SelectedOptions - 1, (row++)]): null

2018-05-21 20:56:07 - [TEST_STEP][PASSED] - Statement - batchlength = new com.kms.katalon.core.testobject.TestObject(): null

2018-05-21 20:56:07 - [TEST_STEP][PASSED] - Statement - batchlength = com.kms.katalon.core.webui.keyword.WebUiBuiltInKeywords.modifyObjectProperty(batchlength, "xpath", "equals", "//*[@id = "fldvendor" + row + ""]", true): Modify property of object successfully

2018-05-21 20:56:07 - [MESSAGE][PASSED] - Modify property of object successfully

2018-05-21 20:56:07 - [TEST_STEP][PASSED] - Statement - batchsize = com.kms.katalon.core.webui.keyword.WebUiBuiltInKeywords.getNumberOfTotalOption(batchlength): 9 options of object '' counted

2018-05-21 20:56:07 - [MESSAGE][PASSED] - 9 options of object '' counted

2018-05-21 20:56:07 - [TEST_STEP][PASSED] - Statement - out.println("BatchSize : " + batchsize): null

2018-05-21 20:56:07 - [TEST_STEP][PASSED] - Statement - For ([n = 1, n <= batchsize - 1, (n++)]): null

2018-05-21 20:56:07 - [TEST_STEP][PASSED] - Statement - product = new com.kms.katalon.core.testobject.TestObject(): null

2018-05-21 20:56:07 - [TEST_STEP][PASSED] - Statement - product = com.kms.katalon.core.webui.keyword.WebUiBuiltInKeywords.modifyObjectProperty(product, "xpath", "equals", "//*[@id = "fldvendor" + row + ""]", true): Modify property of object successfully

2018-05-21 20:56:07 - [MESSAGE][PASSED] - Modify property of object successfully

2018-05-21 20:56:07 - [TEST_STEP][PASSED] - selectOptionByIndex: All options with index in [1] are selected on object ''

2018-05-21 20:56:07 - [MESSAGE][PASSED] - All options with index in [1] are selected on object ''

2018-05-21 20:56:07 - [TEST_STEP][PASSED] - Statement - batch = new com.kms.katalon.core.testobject.TestObject(): null

2018-05-21 20:56:07 - [TEST_STEP][PASSED] - Statement - batch = com.kms.katalon.core.webui.keyword.WebUiBuiltInKeywords.modifyObjectProperty(batch, "xpath", "equals", "//*[@id = "txtbthqty" + row + ""]", true): Modify property of object successfully

2018-05-21 20:56:07 - [MESSAGE][PASSED] - Modify property of object successfully

2018-05-21 20:56:07 - [TEST_STEP][PASSED] - Statement - batchqty = com.kms.katalon.core.webui.keyword.WebUiBuiltInKeywords.getAttribute(batch, "value").trim(): Attribute 'value' of object '' is: '4400'

2018-05-21 20:56:07 - [MESSAGE][PASSED] - Attribute 'value' of object '' is: '4400'

2018-05-21 20:56:07 - [TEST_STEP][PASSED] - Statement - Rqty = 100: null

2018-05-21 20:56:07 - [TEST_STEP][PASSED] - delay: Delayed 2 second(s)

2018-05-21 20:56:09 - [MESSAGE][PASSED] - Delayed 2 second(s)

2018-05-21 20:56:09 - [TEST_STEP][PASSED] - Statement - out.println("BatchQty : " + batchqty): null

2018-05-21 20:56:09 - [TEST_STEP][PASSED] - Statement - out.println("RQty : " + Rqty): null

2018-05-21 20:56:09 - [TEST_STEP][PASSED] - Statement - If (java.lang.Integer.valueOf(batchqty) >= java.lang.Integer.valueOf(Rqty)): null

2018-05-21 20:56:09 - [TEST_STEP][PASSED] - Statement - Break: null

2018-05-21 20:56:09 - [TEST_STEP][PASSED] - Statement - batchlength = new com.kms.katalon.core.testobject.TestObject(): null

2018-05-21 20:56:09 - [TEST_STEP][PASSED] - Statement - batchlength = com.kms.katalon.core.webui.keyword.WebUiBuiltInKeywords.modifyObjectProperty(batchlength, "xpath", "equals", "//*[@id = "fldvendor" + row + ""]", true): Modify property of object successfully

2018-05-21 20:56:09 - [MESSAGE][PASSED] - Modify property of object successfully

2018-05-21 20:56:09 - [TEST_STEP][PASSED] - Statement - batchsize = com.kms.katalon.core.webui.keyword.WebUiBuiltInKeywords.getNumberOfTotalOption(batchlength): 9 options of object '' counted

2018-05-21 20:56:09 - [MESSAGE][PASSED] - 9 options of object '' counted

2018-05-21 20:56:09 - [TEST_STEP][PASSED] - Statement - out.println("BatchSize : " + batchsize): null

2018-05-21 20:56:09 - [TEST_STEP][PASSED] - Statement - For ([n = 1, n <= batchsize - 1, (n++)]): null

2018-05-21 20:56:09 - [TEST_STEP][PASSED] - Statement - product = new com.kms.katalon.core.testobject.TestObject(): null

2018-05-21 20:56:09 - [TEST_STEP][PASSED] - Statement - product = com.kms.katalon.core.webui.keyword.WebUiBuiltInKeywords.modifyObjectProperty(product, "xpath", "equals", "//*[@id = "fldvendor" + row + ""]", true): Modify property of object successfully

2018-05-21 20:56:09 - [MESSAGE][PASSED] - Modify property of object successfully

2018-05-21 20:56:09 - [TEST_STEP][PASSED] - selectOptionByIndex: All options with index in [1] are selected on object ''

2018-05-21 20:56:10 - [MESSAGE][PASSED] - All options with index in [1] are selected on object ''

2018-05-21 20:56:10 - [TEST_STEP][PASSED] - Statement - batch = new com.kms.katalon.core.testobject.TestObject(): null

2018-05-21 20:56:10 - [TEST_STEP][PASSED] - Statement - batch = com.kms.katalon.core.webui.keyword.WebUiBuiltInKeywords.modifyObjectProperty(batch, "xpath", "equals", "//*[@id = "txtbthqty" + row + ""]", true): Modify property of object successfully

2018-05-21 20:56:10 - [MESSAGE][PASSED] - Modify property of object successfully

2018-05-21 20:56:10 - [TEST_STEP][PASSED] - Statement - batchqty = com.kms.katalon.core.webui.keyword.WebUiBuiltInKeywords.getAttribute(batch, "value").trim(): Attribute 'value' of object '' is: '4400'

2018-05-21 20:56:10 - [MESSAGE][PASSED] - Attribute 'value' of object '' is: '4400'

2018-05-21 20:56:10 - [TEST_STEP][PASSED] - Statement - Rqty = 100: null

2018-05-21 20:56:10 - [TEST_STEP][PASSED] - delay: Delayed 2 second(s)

2018-05-21 20:56:12 - [MESSAGE][PASSED] - Delayed 2 second(s)

2018-05-21 20:56:12 - [TEST_STEP][PASSED] - Statement - out.println("BatchQty : " + batchqty): null

2018-05-21 20:56:12 - [TEST_STEP][PASSED] - Statement - out.println("RQty : " + Rqty): null

2018-05-21 20:56:12 - [TEST_STEP][PASSED] - Statement - If (java.lang.Integer.valueOf(batchqty) >= java.lang.Integer.valueOf(Rqty)): null

2018-05-21 20:56:12 - [TEST_STEP][PASSED] - Statement - Break: null

2018-05-21 20:56:12 - [TEST_STEP][PASSED] - Statement - batchlength = new com.kms.katalon.core.testobject.TestObject(): null

2018-05-21 20:56:12 - [TEST_STEP][PASSED] - Statement - batchlength = com.kms.katalon.core.webui.keyword.WebUiBuiltInKeywords.modifyObjectProperty(batchlength, "xpath", "equals", "//*[@id = "fldvendor" + row + ""]", true): Modify property of object successfully

2018-05-21 20:56:12 - [MESSAGE][PASSED] - Modify property of object successfully

2018-05-21 20:56:12 - [TEST_STEP][PASSED] - Statement - batchsize = com.kms.katalon.core.webui.keyword.WebUiBuiltInKeywords.getNumberOfTotalOption(batchlength): 9 options of object '' counted

2018-05-21 20:56:12 - [MESSAGE][PASSED] - 9 options of object '' counted

2018-05-21 20:56:12 - [TEST_STEP][PASSED] - Statement - out.println("BatchSize : " + batchsize): null

2018-05-21 20:56:12 - [TEST_STEP][PASSED] - Statement - For ([n = 1, n <= batchsize - 1, (n++)]): null

2018-05-21 20:56:12 - [TEST_STEP][PASSED] - Statement - product = new com.kms.katalon.core.testobject.TestObject(): null

2018-05-21 20:56:12 - [TEST_STEP][PASSED] - Statement - product = com.kms.katalon.core.webui.keyword.WebUiBuiltInKeywords.modifyObjectProperty(product, "xpath", "equals", "//*[@id = "fldvendor" + row + ""]", true): Modify property of object successfully

2018-05-21 20:56:12 - [MESSAGE][PASSED] - Modify property of object successfully

2018-05-21 20:56:12 - [TEST_STEP][PASSED] - selectOptionByIndex: All options with index in [1] are selected on object ''

2018-05-21 20:56:12 - [MESSAGE][PASSED] - All options with index in [1] are selected on object ''

2018-05-21 20:56:12 - [TEST_STEP][PASSED] - Statement - batch = new com.kms.katalon.core.testobject.TestObject(): null

2018-05-21 20:56:12 - [TEST_STEP][PASSED] - Statement - batch = com.kms.katalon.core.webui.keyword.WebUiBuiltInKeywords.modifyObjectProperty(batch, "xpath", "equals", "//*[@id = "txtbthqty" + row + ""]", true): Modify property of object successfully

2018-05-21 20:56:12 - [MESSAGE][PASSED] - Modify property of object successfully

2018-05-21 20:56:12 - [TEST_STEP][PASSED] - Statement - batchqty = com.kms.katalon.core.webui.keyword.WebUiBuiltInKeywords.getAttribute(batch, "value").trim(): Attribute 'value' of object '' is: '32200'

2018-05-21 20:56:12 - [MESSAGE][PASSED] - Attribute 'value' of object '' is: '32200'

2018-05-21 20:56:12 - [TEST_STEP][PASSED] - Statement - Rqty = 100: null

2018-05-21 20:56:12 - [TEST_STEP][PASSED] - delay: Delayed 2 second(s)

2018-05-21 20:56:14 - [MESSAGE][PASSED] - Delayed 2 second(s)

2018-05-21 20:56:14 - [TEST_STEP][PASSED] - Statement - out.println("BatchQty : " + batchqty): null

2018-05-21 20:56:14 - [TEST_STEP][PASSED] - Statement - out.println("RQty : " + Rqty): null

2018-05-21 20:56:14 - [TEST_STEP][PASSED] - Statement - If (java.lang.Integer.valueOf(batchqty) >= java.lang.Integer.valueOf(Rqty)): null

2018-05-21 20:56:14 - [TEST_STEP][PASSED] - Statement - Break: null

2018-05-21 20:56:14 - [TEST_STEP][PASSED] - Statement - batchlength = new com.kms.katalon.core.testobject.TestObject(): null

2018-05-21 20:56:14 - [TEST_STEP][PASSED] - Statement - batchlength = com.kms.katalon.core.webui.keyword.WebUiBuiltInKeywords.modifyObjectProperty(batchlength, "xpath", "equals", "//*[@id = "fldvendor" + row + ""]", true): Modify property of object successfully

2018-05-21 20:56:14 - [MESSAGE][PASSED] - Modify property of object successfully

2018-05-21 20:56:14 - [TEST_STEP][PASSED] - Statement - batchsize = com.kms.katalon.core.webui.keyword.WebUiBuiltInKeywords.getNumberOfTotalOption(batchlength): 9 options of object '' counted

2018-05-21 20:56:14 - [MESSAGE][PASSED] - 9 options of object '' counted

2018-05-21 20:56:14 - [TEST_STEP][PASSED] - Statement - out.println("BatchSize : " + batchsize): null

2018-05-21 20:56:14 - [TEST_STEP][PASSED] - Statement - For ([n = 1, n <= batchsize - 1, (n++)]): null

2018-05-21 20:56:14 - [TEST_STEP][PASSED] - Statement - product = new com.kms.katalon.core.testobject.TestObject(): null

2018-05-21 20:56:14 - [TEST_STEP][PASSED] - Statement - product = com.kms.katalon.core.webui.keyword.WebUiBuiltInKeywords.modifyObjectProperty(product, "xpath", "equals", "//*[@id = "fldvendor" + row + ""]", true): Modify property of object successfully

2018-05-21 20:56:14 - [MESSAGE][PASSED] - Modify property of object successfully

2018-05-21 20:56:14 - [TEST_STEP][PASSED] - selectOptionByIndex: All options with index in [1] are selected on object ''

2018-05-21 20:56:14 - [MESSAGE][PASSED] - All options with index in [1] are selected on object ''

2018-05-21 20:56:14 - [TEST_STEP][PASSED] - Statement - batch = new com.kms.katalon.core.testobject.TestObject(): null

2018-05-21 20:56:14 - [TEST_STEP][PASSED] - Statement - batch = com.kms.katalon.core.webui.keyword.WebUiBuiltInKeywords.modifyObjectProperty(batch, "xpath", "equals", "//*[@id = "txtbthqty" + row + ""]", true): Modify property of object successfully

2018-05-21 20:56:14 - [MESSAGE][PASSED] - Modify property of object successfully

2018-05-21 20:56:14 - [TEST_STEP][PASSED] - Statement - batchqty = com.kms.katalon.core.webui.keyword.WebUiBuiltInKeywords.getAttribute(batch, "value").trim(): Attribute 'value' of object '' is: '31200'

2018-05-21 20:56:14 - [MESSAGE][PASSED] - Attribute 'value' of object '' is: '31200'

2018-05-21 20:56:14 - [TEST_STEP][PASSED] - Statement - Rqty = 100: null

2018-05-21 20:56:14 - [TEST_STEP][PASSED] - delay: Delayed 2 second(s)

2018-05-21 20:56:16 - [MESSAGE][PASSED] - Delayed 2 second(s)

2018-05-21 20:56:16 - [TEST_STEP][PASSED] - Statement - out.println("BatchQty : " + batchqty): null

2018-05-21 20:56:16 - [TEST_STEP][PASSED] - Statement - out.println("RQty : " + Rqty): null

2018-05-21 20:56:16 - [TEST_STEP][PASSED] - Statement - If (java.lang.Integer.valueOf(batchqty) >= java.lang.Integer.valueOf(Rqty)): null

2018-05-21 20:56:16 - [TEST_STEP][PASSED] - Statement - Break: null

2018-05-21 20:56:16 - [TEST_STEP][PASSED] - Statement - batchlength = new com.kms.katalon.core.testobject.TestObject(): null

2018-05-21 20:56:16 - [TEST_STEP][PASSED] - Statement - batchlength = com.kms.katalon.core.webui.keyword.WebUiBuiltInKeywords.modifyObjectProperty(batchlength, "xpath", "equals", "//*[@id = "fldvendor" + row + ""]", true): Modify property of object successfully

2018-05-21 20:56:16 - [MESSAGE][PASSED] - Modify property of object successfully

2018-05-21 20:56:16 - [TEST_STEP][PASSED] - Statement - batchsize = com.kms.katalon.core.webui.keyword.WebUiBuiltInKeywords.getNumberOfTotalOption(batchlength): 9 options of object '' counted

2018-05-21 20:56:16 - [MESSAGE][PASSED] - 9 options of object '' counted

2018-05-21 20:56:16 - [TEST_STEP][PASSED] - Statement - out.println("BatchSize : " + batchsize): null

2018-05-21 20:56:16 - [TEST_STEP][PASSED] - Statement - For ([n = 1, n <= batchsize - 1, (n++)]): null

2018-05-21 20:56:16 - [TEST_STEP][PASSED] - Statement - product = new com.kms.katalon.core.testobject.TestObject(): null

2018-05-21 20:56:16 - [TEST_STEP][PASSED] - Statement - product = com.kms.katalon.core.webui.keyword.WebUiBuiltInKeywords.modifyObjectProperty(product, "xpath", "equals", "//*[@id = "fldvendor" + row + ""]", true): Modify property of object successfully

2018-05-21 20:56:16 - [MESSAGE][PASSED] - Modify property of object successfully

2018-05-21 20:56:16 - [TEST_STEP][PASSED] - selectOptionByIndex: All options with index in [1] are selected on object ''

2018-05-21 20:56:16 - [MESSAGE][PASSED] - All options with index in [1] are selected on object ''

2018-05-21 20:56:16 - [TEST_STEP][PASSED] - Statement - batch = new com.kms.katalon.core.testobject.TestObject(): null

2018-05-21 20:56:16 - [TEST_STEP][PASSED] - Statement - batch = com.kms.katalon.core.webui.keyword.WebUiBuiltInKeywords.modifyObjectProperty(batch, "xpath", "equals", "//*[@id = "txtbthqty" + row + ""]", true): Modify property of object successfully

2018-05-21 20:56:16 - [MESSAGE][PASSED] - Modify property of object successfully

2018-05-21 20:56:16 - [TEST_STEP][PASSED] - Statement - batchqty = com.kms.katalon.core.webui.keyword.WebUiBuiltInKeywords.getAttribute(batch, "value").trim(): Attribute 'value' of object '' is: '4400'

2018-05-21 20:56:16 - [MESSAGE][PASSED] - Attribute 'value' of object '' is: '4400'

2018-05-21 20:56:16 - [TEST_STEP][PASSED] - Statement - Rqty = 100: null

2018-05-21 20:56:16 - [TEST_STEP][PASSED] - delay: Delayed 2 second(s)

2018-05-21 20:56:18 - [MESSAGE][PASSED] - Delayed 2 second(s)

2018-05-21 20:56:18 - [TEST_STEP][PASSED] - Statement - out.println("BatchQty : " + batchqty): null

2018-05-21 20:56:18 - [TEST_STEP][PASSED] - Statement - out.println("RQty : " + Rqty): null

2018-05-21 20:56:18 - [TEST_STEP][PASSED] - Statement - If (java.lang.Integer.valueOf(batchqty) >= java.lang.Integer.valueOf(Rqty)): null

2018-05-21 20:56:18 - [TEST_STEP][PASSED] - Statement - Break: null

2018-05-21 20:56:18 - [TEST_STEP][PASSED] - Statement - batchlength = new com.kms.katalon.core.testobject.TestObject(): null

2018-05-21 20:56:18 - [TEST_STEP][PASSED] - Statement - batchlength = com.kms.katalon.core.webui.keyword.WebUiBuiltInKeywords.modifyObjectProperty(batchlength, "xpath", "equals", "//*[@id = "fldvendor" + row + ""]", true): Modify property of object successfully

2018-05-21 20:56:18 - [MESSAGE][PASSED] - Modify property of object successfully

2018-05-21 20:56:18 - [TEST_STEP][PASSED] - Statement - batchsize = com.kms.katalon.core.webui.keyword.WebUiBuiltInKeywords.getNumberOfTotalOption(batchlength): 9 options of object '' counted

2018-05-21 20:56:18 - [MESSAGE][PASSED] - 9 options of object '' counted

2018-05-21 20:56:18 - [TEST_STEP][PASSED] - Statement - out.println("BatchSize : " + batchsize): null

2018-05-21 20:56:18 - [TEST_STEP][PASSED] - Statement - For ([n = 1, n <= batchsize - 1, (n++)]): null

2018-05-21 20:56:18 - [TEST_STEP][PASSED] - Statement - product = new com.kms.katalon.core.testobject.TestObject(): null

2018-05-21 20:56:18 - [TEST_STEP][PASSED] - Statement - product = com.kms.katalon.core.webui.keyword.WebUiBuiltInKeywords.modifyObjectProperty(product, "xpath", "equals", "//*[@id = "fldvendor" + row + ""]", true): Modify property of object successfully

2018-05-21 20:56:18 - [MESSAGE][PASSED] - Modify property of object successfully

2018-05-21 20:56:18 - [TEST_STEP][PASSED] - selectOptionByIndex: All options with index in [1] are selected on object ''

2018-05-21 20:56:18 - [MESSAGE][PASSED] - All options with index in [1] are selected on object ''

2018-05-21 20:56:18 - [TEST_STEP][PASSED] - Statement - batch = new com.kms.katalon.core.testobject.TestObject(): null

2018-05-21 20:56:18 - [TEST_STEP][PASSED] - Statement - batch = com.kms.katalon.core.webui.keyword.WebUiBuiltInKeywords.modifyObjectProperty(batch, "xpath", "equals", "//*[@id = "txtbthqty" + row + ""]", true): Modify property of object successfully

2018-05-21 20:56:18 - [MESSAGE][PASSED] - Modify property of object successfully

2018-05-21 20:56:18 - [TEST_STEP][PASSED] - Statement - batchqty = com.kms.katalon.core.webui.keyword.WebUiBuiltInKeywords.getAttribute(batch, "value").trim(): Attribute 'value' of object '' is: '38400'

2018-05-21 20:56:19 - [MESSAGE][PASSED] - Attribute 'value' of object '' is: '38400'

2018-05-21 20:56:19 - [TEST_STEP][PASSED] - Statement - Rqty = 100: null

2018-05-21 20:56:19 - [TEST_STEP][PASSED] - delay: Delayed 2 second(s)

2018-05-21 20:56:21 - [MESSAGE][PASSED] - Delayed 2 second(s)

2018-05-21 20:56:21 - [TEST_STEP][PASSED] - Statement - out.println("BatchQty : " + batchqty): null

2018-05-21 20:56:21 - [TEST_STEP][PASSED] - Statement - out.println("RQty : " + Rqty): null

2018-05-21 20:56:21 - [TEST_STEP][PASSED] - Statement - If (java.lang.Integer.valueOf(batchqty) >= java.lang.Integer.valueOf(Rqty)): null

2018-05-21 20:56:21 - [TEST_STEP][PASSED] - Statement - Break: null

2018-05-21 20:56:21 - [TEST_STEP][PASSED] - Statement - batchlength = new com.kms.katalon.core.testobject.TestObject(): null

2018-05-21 20:56:21 - [TEST_STEP][PASSED] - Statement - batchlength = com.kms.katalon.core.webui.keyword.WebUiBuiltInKeywords.modifyObjectProperty(batchlength, "xpath", "equals", "//*[@id = "fldvendor" + row + ""]", true): Modify property of object successfully

2018-05-21 20:56:21 - [MESSAGE][PASSED] - Modify property of object successfully

2018-05-21 20:56:21 - [TEST_STEP][PASSED] - Statement - batchsize = com.kms.katalon.core.webui.keyword.WebUiBuiltInKeywords.getNumberOfTotalOption(batchlength): 9 options of object '' counted

2018-05-21 20:56:21 - [MESSAGE][PASSED] - 9 options of object '' counted

2018-05-21 20:56:21 - [TEST_STEP][PASSED] - Statement - out.println("BatchSize : " + batchsize): null

2018-05-21 20:56:21 - [TEST_STEP][PASSED] - Statement - For ([n = 1, n <= batchsize - 1, (n++)]): null

2018-05-21 20:56:21 - [TEST_STEP][PASSED] - Statement - product = new com.kms.katalon.core.testobject.TestObject(): null

2018-05-21 20:56:21 - [TEST_STEP][PASSED] - Statement - product = com.kms.katalon.core.webui.keyword.WebUiBuiltInKeywords.modifyObjectProperty(product, "xpath", "equals", "//*[@id = "fldvendor" + row + ""]", true): Modify property of object successfully

2018-05-21 20:56:21 - [MESSAGE][PASSED] - Modify property of object successfully

2018-05-21 20:56:21 - [TEST_STEP][PASSED] - selectOptionByIndex: All options with index in [1] are selected on object ''

2018-05-21 20:56:21 - [MESSAGE][PASSED] - All options with index in [1] are selected on object ''

2018-05-21 20:56:21 - [TEST_STEP][PASSED] - Statement - batch = new com.kms.katalon.core.testobject.TestObject(): null

2018-05-21 20:56:21 - [TEST_STEP][PASSED] - Statement - batch = com.kms.katalon.core.webui.keyword.WebUiBuiltInKeywords.modifyObjectProperty(batch, "xpath", "equals", "//*[@id = "txtbthqty" + row + ""]", true): Modify property of object successfully

2018-05-21 20:56:21 - [MESSAGE][PASSED] - Modify property of object successfully

2018-05-21 20:56:21 - [TEST_STEP][PASSED] - Statement - batchqty = com.kms.katalon.core.webui.keyword.WebUiBuiltInKeywords.getAttribute(batch, "value").trim(): Attribute 'value' of object '' is: '4400'

2018-05-21 20:56:21 - [MESSAGE][PASSED] - Attribute 'value' of object '' is: '4400'

2018-05-21 20:56:21 - [TEST_STEP][PASSED] - Statement - Rqty = 100: null

2018-05-21 20:56:21 - [TEST_STEP][PASSED] - delay: Delayed 2 second(s)

2018-05-21 20:56:23 - [MESSAGE][PASSED] - Delayed 2 second(s)

2018-05-21 20:56:23 - [TEST_STEP][PASSED] - Statement - out.println("BatchQty : " + batchqty): null

2018-05-21 20:56:23 - [TEST_STEP][PASSED] - Statement - out.println("RQty : " + Rqty): null

2018-05-21 20:56:23 - [TEST_STEP][PASSED] - Statement - If (java.lang.Integer.valueOf(batchqty) >= java.lang.Integer.valueOf(Rqty)): null

2018-05-21 20:56:23 - [TEST_STEP][PASSED] - Statement - Break: null

2018-05-21 20:56:23 - [TEST_STEP][PASSED] - Statement - batchlength = new com.kms.katalon.core.testobject.TestObject(): null

2018-05-21 20:56:23 - [TEST_STEP][PASSED] - Statement - batchlength = com.kms.katalon.core.webui.keyword.WebUiBuiltInKeywords.modifyObjectProperty(batchlength, "xpath", "equals", "//*[@id = "fldvendor" + row + ""]", true): Modify property of object successfully

2018-05-21 20:56:23 - [MESSAGE][PASSED] - Modify property of object successfully

2018-05-21 20:56:23 - [TEST_STEP][PASSED] - Statement - batchsize = com.kms.katalon.core.webui.keyword.WebUiBuiltInKeywords.getNumberOfTotalOption(batchlength): 9 options of object '' counted

2018-05-21 20:56:23 - [MESSAGE][PASSED] - 9 options of object '' counted

2018-05-21 20:56:23 - [TEST_STEP][PASSED] - Statement - out.println("BatchSize : " + batchsize): null

2018-05-21 20:56:23 - [TEST_STEP][PASSED] - Statement - For ([n = 1, n <= batchsize - 1, (n++)]): null

2018-05-21 20:56:23 - [TEST_STEP][PASSED] - Statement - product = new com.kms.katalon.core.testobject.TestObject(): null

2018-05-21 20:56:23 - [TEST_STEP][PASSED] - Statement - product = com.kms.katalon.core.webui.keyword.WebUiBuiltInKeywords.modifyObjectProperty(product, "xpath", "equals", "//*[@id = "fldvendor" + row + ""]", true): Modify property of object successfully

2018-05-21 20:56:23 - [MESSAGE][PASSED] - Modify property of object successfully

2018-05-21 20:56:23 - [TEST_STEP][PASSED] - selectOptionByIndex: All options with index in [1] are selected on object ''

2018-05-21 20:56:23 - [MESSAGE][PASSED] - All options with index in [1] are selected on object ''

2018-05-21 20:56:23 - [TEST_STEP][PASSED] - Statement - batch = new com.kms.katalon.core.testobject.TestObject(): null

2018-05-21 20:56:23 - [TEST_STEP][PASSED] - Statement - batch = com.kms.katalon.core.webui.keyword.WebUiBuiltInKeywords.modifyObjectProperty(batch, "xpath", "equals", "//*[@id = "txtbthqty" + row + ""]", true): Modify property of object successfully

2018-05-21 20:56:23 - [MESSAGE][PASSED] - Modify property of object successfully

2018-05-21 20:56:23 - [TEST_STEP][PASSED] - Statement - batchqty = com.kms.katalon.core.webui.keyword.WebUiBuiltInKeywords.getAttribute(batch, "value").trim(): Attribute 'value' of object '' is: '3400'

2018-05-21 20:56:23 - [MESSAGE][PASSED] - Attribute 'value' of object '' is: '3400'

2018-05-21 20:56:23 - [TEST_STEP][PASSED] - Statement - Rqty = 100: null

2018-05-21 20:56:23 - [TEST_STEP][PASSED] - delay: Delayed 2 second(s)

2018-05-21 20:56:25 - [MESSAGE][PASSED] - Delayed 2 second(s)

2018-05-21 20:56:25 - [TEST_STEP][PASSED] - Statement - out.println("BatchQty : " + batchqty): null

2018-05-21 20:56:25 - [TEST_STEP][PASSED] - Statement - out.println("RQty : " + Rqty): null

2018-05-21 20:56:25 - [TEST_STEP][PASSED] - Statement - If (java.lang.Integer.valueOf(batchqty) >= java.lang.Integer.valueOf(Rqty)): null

2018-05-21 20:56:25 - [TEST_STEP][PASSED] - Statement - Break: null

2018-05-21 20:56:25 - [TEST_STEP][PASSED] - Statement - batchlength = new com.kms.katalon.core.testobject.TestObject(): null

2018-05-21 20:56:25 - [TEST_STEP][PASSED] - Statement - batchlength = com.kms.katalon.core.webui.keyword.WebUiBuiltInKeywords.modifyObjectProperty(batchlength, "xpath", "equals", "//*[@id = "fldvendor" + row + ""]", true): Modify property of object successfully

2018-05-21 20:56:25 - [MESSAGE][PASSED] - Modify property of object successfully

2018-05-21 20:56:25 - [TEST_STEP][PASSED] - Statement - batchsize = com.kms.katalon.core.webui.keyword.WebUiBuiltInKeywords.getNumberOfTotalOption(batchlength): 9 options of object '' counted

2018-05-21 20:56:25 - [MESSAGE][PASSED] - 9 options of object '' counted

2018-05-21 20:56:25 - [TEST_STEP][PASSED] - Statement - out.println("BatchSize : " + batchsize): null

2018-05-21 20:56:25 - [TEST_STEP][PASSED] - Statement - For ([n = 1, n <= batchsize - 1, (n++)]): null

2018-05-21 20:56:25 - [TEST_STEP][PASSED] - Statement - product = new com.kms.katalon.core.testobject.TestObject(): null

2018-05-21 20:56:25 - [TEST_STEP][PASSED] - Statement - product = com.kms.katalon.core.webui.keyword.WebUiBuiltInKeywords.modifyObjectProperty(product, "xpath", "equals", "//*[@id = "fldvendor" + row + ""]", true): Modify property of object successfully

2018-05-21 20:56:25 - [MESSAGE][PASSED] - Modify property of object successfully

2018-05-21 20:56:25 - [TEST_STEP][PASSED] - selectOptionByIndex: All options with index in [1] are selected on object ''

2018-05-21 20:56:25 - [MESSAGE][PASSED] - All options with index in [1] are selected on object ''

2018-05-21 20:56:25 - [TEST_STEP][PASSED] - Statement - batch = new com.kms.katalon.core.testobject.TestObject(): null

2018-05-21 20:56:25 - [TEST_STEP][PASSED] - Statement - batch = com.kms.katalon.core.webui.keyword.WebUiBuiltInKeywords.modifyObjectProperty(batch, "xpath", "equals", "//*[@id = "txtbthqty" + row + ""]", true): Modify property of object successfully

2018-05-21 20:56:25 - [MESSAGE][PASSED] - Modify property of object successfully

2018-05-21 20:56:25 - [TEST_STEP][PASSED] - Statement - batchqty = com.kms.katalon.core.webui.keyword.WebUiBuiltInKeywords.getAttribute(batch, "value").trim(): Attribute 'value' of object '' is: '4400'

2018-05-21 20:56:25 - [MESSAGE][PASSED] - Attribute 'value' of object '' is: '4400'

2018-05-21 20:56:25 - [TEST_STEP][PASSED] - Statement - Rqty = 100: null

2018-05-21 20:56:25 - [TEST_STEP][PASSED] - delay: Delayed 2 second(s)

2018-05-21 20:56:27 - [MESSAGE][PASSED] - Delayed 2 second(s)

2018-05-21 20:56:27 - [TEST_STEP][PASSED] - Statement - out.println("BatchQty : " + batchqty): null

2018-05-21 20:56:27 - [TEST_STEP][PASSED] - Statement - out.println("RQty : " + Rqty): null

2018-05-21 20:56:27 - [TEST_STEP][PASSED] - Statement - If (java.lang.Integer.valueOf(batchqty) >= java.lang.Integer.valueOf(Rqty)): null

2018-05-21 20:56:27 - [TEST_STEP][PASSED] - Statement - Break: null

2018-05-21 20:56:27 - [TEST_STEP][PASSED] - Statement - batchlength = new com.kms.katalon.core.testobject.TestObject(): null

2018-05-21 20:56:27 - [TEST_STEP][PASSED] - Statement - batchlength = com.kms.katalon.core.webui.keyword.WebUiBuiltInKeywords.modifyObjectProperty(batchlength, "xpath", "equals", "//*[@id = "fldvendor" + row + ""]", true): Modify property of object successfully

2018-05-21 20:56:27 - [MESSAGE][PASSED] - Modify property of object successfully

2018-05-21 20:56:27 - [TEST_STEP][PASSED] - Statement - batchsize = com.kms.katalon.core.webui.keyword.WebUiBuiltInKeywords.getNumberOfTotalOption(batchlength): 9 options of object '' counted

2018-05-21 20:56:27 - [MESSAGE][PASSED] - 9 options of object '' counted

2018-05-21 20:56:27 - [TEST_STEP][PASSED] - Statement - out.println("BatchSize : " + batchsize): null

2018-05-21 20:56:27 - [TEST_STEP][PASSED] - Statement - For ([n = 1, n <= batchsize - 1, (n++)]): null

2018-05-21 20:56:27 - [TEST_STEP][PASSED] - Statement - product = new com.kms.katalon.core.testobject.TestObject(): null

2018-05-21 20:56:27 - [TEST_STEP][PASSED] - Statement - product = com.kms.katalon.core.webui.keyword.WebUiBuiltInKeywords.modifyObjectProperty(product, "xpath", "equals", "//*[@id = "fldvendor" + row + ""]", true): Modify property of object successfully

2018-05-21 20:56:27 - [MESSAGE][PASSED] - Modify property of object successfully

2018-05-21 20:56:27 - [TEST_STEP][PASSED] - selectOptionByIndex: All options with index in [1] are selected on object ''

2018-05-21 20:56:27 - [MESSAGE][PASSED] - All options with index in [1] are selected on object ''

2018-05-21 20:56:27 - [TEST_STEP][PASSED] - Statement - batch = new com.kms.katalon.core.testobject.TestObject(): null

2018-05-21 20:56:27 - [TEST_STEP][PASSED] - Statement - batch = com.kms.katalon.core.webui.keyword.WebUiBuiltInKeywords.modifyObjectProperty(batch, "xpath", "equals", "//*[@id = "txtbthqty" + row + ""]", true): Modify property of object successfully

2018-05-21 20:56:27 - [MESSAGE][PASSED] - Modify property of object successfully

2018-05-21 20:56:27 - [TEST_STEP][PASSED] - Statement - batchqty = com.kms.katalon.core.webui.keyword.WebUiBuiltInKeywords.getAttribute(batch, "value").trim(): Attribute 'value' of object '' is: '4400'

2018-05-21 20:56:27 - [MESSAGE][PASSED] - Attribute 'value' of object '' is: '4400'

2018-05-21 20:56:27 - [TEST_STEP][PASSED] - Statement - Rqty = 100: null

2018-05-21 20:56:27 - [TEST_STEP][PASSED] - delay: Delayed 2 second(s)

2018-05-21 20:56:29 - [MESSAGE][PASSED] - Delayed 2 second(s)

2018-05-21 20:56:29 - [TEST_STEP][PASSED] - Statement - out.println("BatchQty : " + batchqty): null

2018-05-21 20:56:29 - [TEST_STEP][PASSED] - Statement - out.println("RQty : " + Rqty): null

2018-05-21 20:56:29 - [TEST_STEP][PASSED] - Statement - If (java.lang.Integer.valueOf(batchqty) >= java.lang.Integer.valueOf(Rqty)): null

2018-05-21 20:56:29 - [TEST_STEP][PASSED] - Statement - Break: null

2018-05-21 20:56:29 - [TEST_STEP][PASSED] - Statement - batchlength = new com.kms.katalon.core.testobject.TestObject(): null

2018-05-21 20:56:29 - [TEST_STEP][PASSED] - Statement - batchlength = com.kms.katalon.core.webui.keyword.WebUiBuiltInKeywords.modifyObjectProperty(batchlength, "xpath", "equals", "//*[@id = "fldvendor" + row + ""]", true): Modify property of object successfully

2018-05-21 20:56:29 - [MESSAGE][PASSED] - Modify property of object successfully

2018-05-21 20:56:29 - [TEST_STEP][PASSED] - Statement - batchsize = com.kms.katalon.core.webui.keyword.WebUiBuiltInKeywords.getNumberOfTotalOption(batchlength): 9 options of object '' counted

2018-05-21 20:56:30 - [MESSAGE][PASSED] - 9 options of object '' counted

2018-05-21 20:56:30 - [TEST_STEP][PASSED] - Statement - out.println("BatchSize : " + batchsize): null

2018-05-21 20:56:30 - [TEST_STEP][PASSED] - Statement - For ([n = 1, n <= batchsize - 1, (n++)]): null

2018-05-21 20:56:30 - [TEST_STEP][PASSED] - Statement - product = new com.kms.katalon.core.testobject.TestObject(): null

2018-05-21 20:56:30 - [TEST_STEP][PASSED] - Statement - product = com.kms.katalon.core.webui.keyword.WebUiBuiltInKeywords.modifyObjectProperty(product, "xpath", "equals", "//*[@id = "fldvendor" + row + ""]", true): Modify property of object successfully

2018-05-21 20:56:30 - [MESSAGE][PASSED] - Modify property of object successfully

2018-05-21 20:56:30 - [TEST_STEP][PASSED] - selectOptionByIndex: All options with index in [1] are selected on object ''

2018-05-21 20:56:30 - [MESSAGE][PASSED] - All options with index in [1] are selected on object ''

2018-05-21 20:56:30 - [TEST_STEP][PASSED] - Statement - batch = new com.kms.katalon.core.testobject.TestObject(): null

2018-05-21 20:56:30 - [TEST_STEP][PASSED] - Statement - batch = com.kms.katalon.core.webui.keyword.WebUiBuiltInKeywords.modifyObjectProperty(batch, "xpath", "equals", "//*[@id = "txtbthqty" + row + ""]", true): Modify property of object successfully

2018-05-21 20:56:30 - [MESSAGE][PASSED] - Modify property of object successfully

2018-05-21 20:56:30 - [TEST_STEP][PASSED] - Statement - batchqty = com.kms.katalon.core.webui.keyword.WebUiBuiltInKeywords.getAttribute(batch, "value").trim(): Attribute 'value' of object '' is: '3400'

2018-05-21 20:56:30 - [MESSAGE][PASSED] - Attribute 'value' of object '' is: '3400'

2018-05-21 20:56:30 - [TEST_STEP][PASSED] - Statement - Rqty = 100: null

2018-05-21 20:56:30 - [TEST_STEP][PASSED] - delay: Delayed 2 second(s)

2018-05-21 20:56:32 - [MESSAGE][PASSED] - Delayed 2 second(s)

2018-05-21 20:56:32 - [TEST_STEP][PASSED] - Statement - out.println("BatchQty : " + batchqty): null

2018-05-21 20:56:32 - [TEST_STEP][PASSED] - Statement - out.println("RQty : " + Rqty): null

2018-05-21 20:56:32 - [TEST_STEP][PASSED] - Statement - If (java.lang.Integer.valueOf(batchqty) >= java.lang.Integer.valueOf(Rqty)): null

2018-05-21 20:56:32 - [TEST_STEP][PASSED] - Statement - Break: null

2018-05-21 20:56:32 - [TEST_STEP][PASSED] - Statement - batchlength = new com.kms.katalon.core.testobject.TestObject(): null

2018-05-21 20:56:32 - [TEST_STEP][PASSED] - Statement - batchlength = com.kms.katalon.core.webui.keyword.WebUiBuiltInKeywords.modifyObjectProperty(batchlength, "xpath", "equals", "//*[@id = "fldvendor" + row + ""]", true): Modify property of object successfully

2018-05-21 20:56:32 - [MESSAGE][PASSED] - Modify property of object successfully

2018-05-21 20:56:32 - [TEST_STEP][PASSED] - Statement - batchsize = com.kms.katalon.core.webui.keyword.WebUiBuiltInKeywords.getNumberOfTotalOption(batchlength): 9 options of object '' counted

2018-05-21 20:56:32 - [MESSAGE][PASSED] - 9 options of object '' counted

2018-05-21 20:56:32 - [TEST_STEP][PASSED] - Statement - out.println("BatchSize : " + batchsize): null

2018-05-21 20:56:32 - [TEST_STEP][PASSED] - Statement - For ([n = 1, n <= batchsize - 1, (n++)]): null

2018-05-21 20:56:32 - [TEST_STEP][PASSED] - Statement - product = new com.kms.katalon.core.testobject.TestObject(): null

2018-05-21 20:56:32 - [TEST_STEP][PASSED] - Statement - product = com.kms.katalon.core.webui.keyword.WebUiBuiltInKeywords.modifyObjectProperty(product, "xpath", "equals", "//*[@id = "fldvendor" + row + ""]", true): Modify property of object successfully

2018-05-21 20:56:32 - [MESSAGE][PASSED] - Modify property of object successfully

2018-05-21 20:56:32 - [TEST_STEP][PASSED] - selectOptionByIndex: All options with index in [1] are selected on object ''

2018-05-21 20:56:32 - [MESSAGE][PASSED] - All options with index in [1] are selected on object ''

2018-05-21 20:56:32 - [TEST_STEP][PASSED] - Statement - batch = new com.kms.katalon.core.testobject.TestObject(): null

2018-05-21 20:56:32 - [TEST_STEP][PASSED] - Statement - batch = com.kms.katalon.core.webui.keyword.WebUiBuiltInKeywords.modifyObjectProperty(batch, "xpath", "equals", "//*[@id = "txtbthqty" + row + ""]", true): Modify property of object successfully

2018-05-21 20:56:32 - [MESSAGE][PASSED] - Modify property of object successfully

2018-05-21 20:56:32 - [TEST_STEP][PASSED] - Statement - batchqty = com.kms.katalon.core.webui.keyword.WebUiBuiltInKeywords.getAttribute(batch, "value").trim(): Attribute 'value' of object '' is: '39400'

2018-05-21 20:56:32 - [MESSAGE][PASSED] - Attribute 'value' of object '' is: '39400'

2018-05-21 20:56:32 - [TEST_STEP][PASSED] - Statement - Rqty = 100: null

2018-05-21 20:56:32 - [TEST_STEP][PASSED] - delay: Delayed 2 second(s)

2018-05-21 20:56:34 - [MESSAGE][PASSED] - Delayed 2 second(s)

2018-05-21 20:56:34 - [TEST_STEP][PASSED] - Statement - out.println("BatchQty : " + batchqty): null

2018-05-21 20:56:34 - [TEST_STEP][PASSED] - Statement - out.println("RQty : " + Rqty): null

2018-05-21 20:56:34 - [TEST_STEP][PASSED] - Statement - If (java.lang.Integer.valueOf(batchqty) >= java.lang.Integer.valueOf(Rqty)): null

2018-05-21 20:56:34 - [TEST_STEP][PASSED] - Statement - Break: null

2018-05-21 20:56:34 - [TEST_STEP][PASSED] - Statement - batchlength = new com.kms.katalon.core.testobject.TestObject(): null

2018-05-21 20:56:34 - [TEST_STEP][PASSED] - Statement - batchlength = com.kms.katalon.core.webui.keyword.WebUiBuiltInKeywords.modifyObjectProperty(batchlength, "xpath", "equals", "//*[@id = "fldvendor" + row + ""]", true): Modify property of object successfully

2018-05-21 20:56:34 - [MESSAGE][PASSED] - Modify property of object successfully

2018-05-21 20:56:34 - [TEST_STEP][PASSED] - Statement - batchsize = com.kms.katalon.core.webui.keyword.WebUiBuiltInKeywords.getNumberOfTotalOption(batchlength): 9 options of object '' counted

2018-05-21 20:56:34 - [MESSAGE][PASSED] - 9 options of object '' counted

2018-05-21 20:56:34 - [TEST_STEP][PASSED] - Statement - out.println("BatchSize : " + batchsize): null

2018-05-21 20:56:34 - [TEST_STEP][PASSED] - Statement - For ([n = 1, n <= batchsize - 1, (n++)]): null

2018-05-21 20:56:34 - [TEST_STEP][PASSED] - Statement - product = new com.kms.katalon.core.testobject.TestObject(): null

2018-05-21 20:56:34 - [TEST_STEP][PASSED] - Statement - product = com.kms.katalon.core.webui.keyword.WebUiBuiltInKeywords.modifyObjectProperty(product, "xpath", "equals", "//*[@id = "fldvendor" + row + ""]", true): Modify property of object successfully

2018-05-21 20:56:34 - [MESSAGE][PASSED] - Modify property of object successfully

2018-05-21 20:56:34 - [TEST_STEP][PASSED] - selectOptionByIndex: All options with index in [1] are selected on object ''

2018-05-21 20:56:34 - [MESSAGE][PASSED] - All options with index in [1] are selected on object ''

2018-05-21 20:56:34 - [TEST_STEP][PASSED] - Statement - batch = new com.kms.katalon.core.testobject.TestObject(): null

2018-05-21 20:56:34 - [TEST_STEP][PASSED] - Statement - batch = com.kms.katalon.core.webui.keyword.WebUiBuiltInKeywords.modifyObjectProperty(batch, "xpath", "equals", "//*[@id = "txtbthqty" + row + ""]", true): Modify property of object successfully

2018-05-21 20:56:34 - [MESSAGE][PASSED] - Modify property of object successfully

2018-05-21 20:56:34 - [TEST_STEP][PASSED] - Statement - batchqty = com.kms.katalon.core.webui.keyword.WebUiBuiltInKeywords.getAttribute(batch, "value").trim(): Attribute 'value' of object '' is: '3400'

2018-05-21 20:56:34 - [MESSAGE][PASSED] - Attribute 'value' of object '' is: '3400'

2018-05-21 20:56:34 - [TEST_STEP][PASSED] - Statement - Rqty = 100: null

2018-05-21 20:56:34 - [TEST_STEP][PASSED] - delay: Delayed 2 second(s)

2018-05-21 20:56:36 - [MESSAGE][PASSED] - Delayed 2 second(s)

2018-05-21 20:56:36 - [TEST_STEP][PASSED] - Statement - out.println("BatchQty : " + batchqty): null

2018-05-21 20:56:36 - [TEST_STEP][PASSED] - Statement - out.println("RQty : " + Rqty): null

2018-05-21 20:56:36 - [TEST_STEP][PASSED] - Statement - If (java.lang.Integer.valueOf(batchqty) >= java.lang.Integer.valueOf(Rqty)): null

2018-05-21 20:56:36 - [TEST_STEP][PASSED] - Statement - Break: null

2018-05-21 20:56:36 - [TEST_STEP][PASSED] - Statement - batchlength = new com.kms.katalon.core.testobject.TestObject(): null

2018-05-21 20:56:36 - [TEST_STEP][PASSED] - Statement - batchlength = com.kms.katalon.core.webui.keyword.WebUiBuiltInKeywords.modifyObjectProperty(batchlength, "xpath", "equals", "//*[@id = "fldvendor" + row + ""]", true): Modify property of object successfully

2018-05-21 20:56:36 - [MESSAGE][PASSED] - Modify property of object successfully

2018-05-21 20:56:36 - [TEST_STEP][PASSED] - Statement - batchsize = com.kms.katalon.core.webui.keyword.WebUiBuiltInKeywords.getNumberOfTotalOption(batchlength): 9 options of object '' counted

2018-05-21 20:56:36 - [MESSAGE][PASSED] - 9 options of object '' counted

2018-05-21 20:56:36 - [TEST_STEP][PASSED] - Statement - out.println("BatchSize : " + batchsize): null

2018-05-21 20:56:36 - [TEST_STEP][PASSED] - Statement - For ([n = 1, n <= batchsize - 1, (n++)]): null

2018-05-21 20:56:36 - [TEST_STEP][PASSED] - Statement - product = new com.kms.katalon.core.testobject.TestObject(): null

2018-05-21 20:56:36 - [TEST_STEP][PASSED] - Statement - product = com.kms.katalon.core.webui.keyword.WebUiBuiltInKeywords.modifyObjectProperty(product, "xpath", "equals", "//*[@id = "fldvendor" + row + ""]", true): Modify property of object successfully

2018-05-21 20:56:36 - [MESSAGE][PASSED] - Modify property of object successfully

2018-05-21 20:56:36 - [TEST_STEP][PASSED] - selectOptionByIndex: All options with index in [1] are selected on object ''

2018-05-21 20:56:36 - [MESSAGE][PASSED] - All options with index in [1] are selected on object ''

2018-05-21 20:56:36 - [TEST_STEP][PASSED] - Statement - batch = new com.kms.katalon.core.testobject.TestObject(): null

2018-05-21 20:56:36 - [TEST_STEP][PASSED] - Statement - batch = com.kms.katalon.core.webui.keyword.WebUiBuiltInKeywords.modifyObjectProperty(batch, "xpath", "equals", "//*[@id = "txtbthqty" + row + ""]", true): Modify property of object successfully

2018-05-21 20:56:36 - [MESSAGE][PASSED] - Modify property of object successfully

2018-05-21 20:56:36 - [TEST_STEP][PASSED] - Statement - batchqty = com.kms.katalon.core.webui.keyword.WebUiBuiltInKeywords.getAttribute(batch, "value").trim(): Attribute 'value' of object '' is: '4400'

2018-05-21 20:56:36 - [MESSAGE][PASSED] - Attribute 'value' of object '' is: '4400'

2018-05-21 20:56:36 - [TEST_STEP][PASSED] - Statement - Rqty = 100: null

2018-05-21 20:56:36 - [TEST_STEP][PASSED] - delay: Delayed 2 second(s)

2018-05-21 20:56:38 - [MESSAGE][PASSED] - Delayed 2 second(s)

2018-05-21 20:56:38 - [TEST_STEP][PASSED] - Statement - out.println("BatchQty : " + batchqty): null

2018-05-21 20:56:38 - [TEST_STEP][PASSED] - Statement - out.println("RQty : " + Rqty): null

2018-05-21 20:56:38 - [TEST_STEP][PASSED] - Statement - If (java.lang.Integer.valueOf(batchqty) >= java.lang.Integer.valueOf(Rqty)): null

2018-05-21 20:56:38 - [TEST_STEP][PASSED] - Statement - Break: null

2018-05-21 20:56:38 - [TEST_STEP][PASSED] - Statement - batchlength = new com.kms.katalon.core.testobject.TestObject(): null

2018-05-21 20:56:38 - [TEST_STEP][PASSED] - Statement - batchlength = com.kms.katalon.core.webui.keyword.WebUiBuiltInKeywords.modifyObjectProperty(batchlength, "xpath", "equals", "//*[@id = "fldvendor" + row + ""]", true): Modify property of object successfully

2018-05-21 20:56:38 - [MESSAGE][PASSED] - Modify property of object successfully

2018-05-21 20:56:38 - [TEST_STEP][PASSED] - Statement - batchsize = com.kms.katalon.core.webui.keyword.WebUiBuiltInKeywords.getNumberOfTotalOption(batchlength): 9 options of object '' counted

2018-05-21 20:56:39 - [MESSAGE][PASSED] - 9 options of object '' counted

2018-05-21 20:56:39 - [TEST_STEP][PASSED] - Statement - out.println("BatchSize : " + batchsize): null

2018-05-21 20:56:39 - [TEST_STEP][PASSED] - Statement - For ([n = 1, n <= batchsize - 1, (n++)]): null

2018-05-21 20:56:39 - [TEST_STEP][PASSED] - Statement - product = new com.kms.katalon.core.testobject.TestObject(): null

2018-05-21 20:56:39 - [TEST_STEP][PASSED] - Statement - product = com.kms.katalon.core.webui.keyword.WebUiBuiltInKeywords.modifyObjectProperty(product, "xpath", "equals", "//*[@id = "fldvendor" + row + ""]", true): Modify property of object successfully

2018-05-21 20:56:39 - [MESSAGE][PASSED] - Modify property of object successfully

2018-05-21 20:56:39 - [TEST_STEP][PASSED] - selectOptionByIndex: All options with index in [1] are selected on object ''

2018-05-21 20:56:39 - [MESSAGE][PASSED] - All options with index in [1] are selected on object ''

2018-05-21 20:56:39 - [TEST_STEP][PASSED] - Statement - batch = new com.kms.katalon.core.testobject.TestObject(): null

2018-05-21 20:56:39 - [TEST_STEP][PASSED] - Statement - batch = com.kms.katalon.core.webui.keyword.WebUiBuiltInKeywords.modifyObjectProperty(batch, "xpath", "equals", "//*[@id = "txtbthqty" + row + ""]", true): Modify property of object successfully

2018-05-21 20:56:39 - [MESSAGE][PASSED] - Modify property of object successfully

2018-05-21 20:56:39 - [TEST_STEP][PASSED] - Statement - batchqty = com.kms.katalon.core.webui.keyword.WebUiBuiltInKeywords.getAttribute(batch, "value").trim(): Attribute 'value' of object '' is: '3400'

2018-05-21 20:56:39 - [MESSAGE][PASSED] - Attribute 'value' of object '' is: '3400'

2018-05-21 20:56:39 - [TEST_STEP][PASSED] - Statement - Rqty = 100: null

2018-05-21 20:56:39 - [TEST_STEP][PASSED] - delay: Delayed 2 second(s)

2018-05-21 20:56:41 - [MESSAGE][PASSED] - Delayed 2 second(s)

2018-05-21 20:56:41 - [TEST_STEP][PASSED] - Statement - out.println("BatchQty : " + batchqty): null

2018-05-21 20:56:41 - [TEST_STEP][PASSED] - Statement - out.println("RQty : " + Rqty): null

2018-05-21 20:56:41 - [TEST_STEP][PASSED] - Statement - If (java.lang.Integer.valueOf(batchqty) >= java.lang.Integer.valueOf(Rqty)): null

2018-05-21 20:56:41 - [TEST_STEP][PASSED] - Statement - Break: null

2018-05-21 20:56:41 - [TEST_STEP][PASSED] - Statement - batchlength = new com.kms.katalon.core.testobject.TestObject(): null

2018-05-21 20:56:41 - [TEST_STEP][PASSED] - Statement - batchlength = com.kms.katalon.core.webui.keyword.WebUiBuiltInKeywords.modifyObjectProperty(batchlength, "xpath", "equals", "//*[@id = "fldvendor" + row + ""]", true): Modify property of object successfully

2018-05-21 20:56:41 - [MESSAGE][PASSED] - Modify property of object successfully

2018-05-21 20:56:41 - [TEST_STEP][PASSED] - Statement - batchsize = com.kms.katalon.core.webui.keyword.WebUiBuiltInKeywords.getNumberOfTotalOption(batchlength): 9 options of object '' counted

2018-05-21 20:56:41 - [MESSAGE][PASSED] - 9 options of object '' counted

2018-05-21 20:56:41 - [TEST_STEP][PASSED] - Statement - out.println("BatchSize : " + batchsize): null

2018-05-21 20:56:41 - [TEST_STEP][PASSED] - Statement - For ([n = 1, n <= batchsize - 1, (n++)]): null

2018-05-21 20:56:41 - [TEST_STEP][PASSED] - Statement - product = new com.kms.katalon.core.testobject.TestObject(): null

2018-05-21 20:56:41 - [TEST_STEP][PASSED] - Statement - product = com.kms.katalon.core.webui.keyword.WebUiBuiltInKeywords.modifyObjectProperty(product, "xpath", "equals", "//*[@id = "fldvendor" + row + ""]", true): Modify property of object successfully

2018-05-21 20:56:41 - [MESSAGE][PASSED] - Modify property of object successfully

2018-05-21 20:56:41 - [TEST_STEP][PASSED] - selectOptionByIndex: All options with index in [1] are selected on object ''

2018-05-21 20:56:41 - [MESSAGE][PASSED] - All options with index in [1] are selected on object ''

2018-05-21 20:56:41 - [TEST_STEP][PASSED] - Statement - batch = new com.kms.katalon.core.testobject.TestObject(): null

2018-05-21 20:56:41 - [TEST_STEP][PASSED] - Statement - batch = com.kms.katalon.core.webui.keyword.WebUiBuiltInKeywords.modifyObjectProperty(batch, "xpath", "equals", "//*[@id = "txtbthqty" + row + ""]", true): Modify property of object successfully

2018-05-21 20:56:41 - [MESSAGE][PASSED] - Modify property of object successfully

2018-05-21 20:56:41 - [TEST_STEP][PASSED] - Statement - batchqty = com.kms.katalon.core.webui.keyword.WebUiBuiltInKeywords.getAttribute(batch, "value").trim(): Attribute 'value' of object '' is: '4400'

2018-05-21 20:56:41 - [MESSAGE][PASSED] - Attribute 'value' of object '' is: '4400'

2018-05-21 20:56:41 - [TEST_STEP][PASSED] - Statement - Rqty = 100: null

2018-05-21 20:56:41 - [TEST_STEP][PASSED] - delay: Delayed 2 second(s)

2018-05-21 20:56:43 - [MESSAGE][PASSED] - Delayed 2 second(s)

2018-05-21 20:56:43 - [TEST_STEP][PASSED] - Statement - out.println("BatchQty : " + batchqty): null

2018-05-21 20:56:43 - [TEST_STEP][PASSED] - Statement - out.println("RQty : " + Rqty): null

2018-05-21 20:56:43 - [TEST_STEP][PASSED] - Statement - If (java.lang.Integer.valueOf(batchqty) >= java.lang.Integer.valueOf(Rqty)): null

2018-05-21 20:56:43 - [TEST_STEP][PASSED] - Statement - Break: null

2018-05-21 20:56:43 - [TEST_STEP][PASSED] - Statement - batchlength = new com.kms.katalon.core.testobject.TestObject(): null

2018-05-21 20:56:43 - [TEST_STEP][PASSED] - Statement - batchlength = com.kms.katalon.core.webui.keyword.WebUiBuiltInKeywords.modifyObjectProperty(batchlength, "xpath", "equals", "//*[@id = "fldvendor" + row + ""]", true): Modify property of object successfully

2018-05-21 20:56:43 - [MESSAGE][PASSED] - Modify property of object successfully

2018-05-21 20:56:43 - [TEST_STEP][PASSED] - Statement - batchsize = com.kms.katalon.core.webui.keyword.WebUiBuiltInKeywords.getNumberOfTotalOption(batchlength): 9 options of object '' counted

2018-05-21 20:56:43 - [MESSAGE][PASSED] - 9 options of object '' counted

2018-05-21 20:56:43 - [TEST_STEP][PASSED] - Statement - out.println("BatchSize : " + batchsize): null

2018-05-21 20:56:43 - [TEST_STEP][PASSED] - Statement - For ([n = 1, n <= batchsize - 1, (n++)]): null

2018-05-21 20:56:43 - [TEST_STEP][PASSED] - Statement - product = new com.kms.katalon.core.testobject.TestObject(): null

2018-05-21 20:56:43 - [TEST_STEP][PASSED] - Statement - product = com.kms.katalon.core.webui.keyword.WebUiBuiltInKeywords.modifyObjectProperty(product, "xpath", "equals", "//*[@id = "fldvendor" + row + ""]", true): Modify property of object successfully

2018-05-21 20:56:43 - [MESSAGE][PASSED] - Modify property of object successfully

2018-05-21 20:56:43 - [TEST_STEP][PASSED] - selectOptionByIndex: All options with index in [1] are selected on object ''

2018-05-21 20:56:43 - [MESSAGE][PASSED] - All options with index in [1] are selected on object ''

2018-05-21 20:56:43 - [TEST_STEP][PASSED] - Statement - batch = new com.kms.katalon.core.testobject.TestObject(): null

2018-05-21 20:56:43 - [TEST_STEP][PASSED] - Statement - batch = com.kms.katalon.core.webui.keyword.WebUiBuiltInKeywords.modifyObjectProperty(batch, "xpath", "equals", "//*[@id = "txtbthqty" + row + ""]", true): Modify property of object successfully

2018-05-21 20:56:43 - [MESSAGE][PASSED] - Modify property of object successfully

2018-05-21 20:56:43 - [TEST_STEP][PASSED] - Statement - batchqty = com.kms.katalon.core.webui.keyword.WebUiBuiltInKeywords.getAttribute(batch, "value").trim(): Attribute 'value' of object '' is: '3400'

2018-05-21 20:56:43 - [MESSAGE][PASSED] - Attribute 'value' of object '' is: '3400'

2018-05-21 20:56:43 - [TEST_STEP][PASSED] - Statement - Rqty = 100: null

2018-05-21 20:56:43 - [TEST_STEP][PASSED] - delay: Delayed 2 second(s)

2018-05-21 20:56:45 - [MESSAGE][PASSED] - Delayed 2 second(s)

2018-05-21 20:56:45 - [TEST_STEP][PASSED] - Statement - out.println("BatchQty : " + batchqty): null

2018-05-21 20:56:45 - [TEST_STEP][PASSED] - Statement - out.println("RQty : " + Rqty): null

2018-05-21 20:56:45 - [TEST_STEP][PASSED] - Statement - If (java.lang.Integer.valueOf(batchqty) >= java.lang.Integer.valueOf(Rqty)): null

2018-05-21 20:56:45 - [TEST_STEP][PASSED] - Statement - Break: null

2018-05-21 20:56:45 - [TEST_STEP][PASSED] - Statement - batchlength = new com.kms.katalon.core.testobject.TestObject(): null

2018-05-21 20:56:45 - [TEST_STEP][PASSED] - Statement - batchlength = com.kms.katalon.core.webui.keyword.WebUiBuiltInKeywords.modifyObjectProperty(batchlength, "xpath", "equals", "//*[@id = "fldvendor" + row + ""]", true): Modify property of object successfully

2018-05-21 20:56:45 - [MESSAGE][PASSED] - Modify property of object successfully

2018-05-21 20:56:45 - [TEST_STEP][PASSED] - Statement - batchsize = com.kms.katalon.core.webui.keyword.WebUiBuiltInKeywords.getNumberOfTotalOption(batchlength): 9 options of object '' counted

2018-05-21 20:56:45 - [MESSAGE][PASSED] - 9 options of object '' counted

2018-05-21 20:56:45 - [TEST_STEP][PASSED] - Statement - out.println("BatchSize : " + batchsize): null

2018-05-21 20:56:45 - [TEST_STEP][PASSED] - Statement - For ([n = 1, n <= batchsize - 1, (n++)]): null

2018-05-21 20:56:45 - [TEST_STEP][PASSED] - Statement - product = new com.kms.katalon.core.testobject.TestObject(): null

2018-05-21 20:56:45 - [TEST_STEP][PASSED] - Statement - product = com.kms.katalon.core.webui.keyword.WebUiBuiltInKeywords.modifyObjectProperty(product, "xpath", "equals", "//*[@id = "fldvendor" + row + ""]", true): Modify property of object successfully

2018-05-21 20:56:45 - [MESSAGE][PASSED] - Modify property of object successfully

2018-05-21 20:56:45 - [TEST_STEP][PASSED] - selectOptionByIndex: All options with index in [1] are selected on object ''

2018-05-21 20:56:45 - [MESSAGE][PASSED] - All options with index in [1] are selected on object ''

2018-05-21 20:56:45 - [TEST_STEP][PASSED] - Statement - batch = new com.kms.katalon.core.testobject.TestObject(): null

2018-05-21 20:56:45 - [TEST_STEP][PASSED] - Statement - batch = com.kms.katalon.core.webui.keyword.WebUiBuiltInKeywords.modifyObjectProperty(batch, "xpath", "equals", "//*[@id = "txtbthqty" + row + ""]", true): Modify property of object successfully

2018-05-21 20:56:45 - [MESSAGE][PASSED] - Modify property of object successfully

2018-05-21 20:56:45 - [TEST_STEP][PASSED] - Statement - batchqty = com.kms.katalon.core.webui.keyword.WebUiBuiltInKeywords.getAttribute(batch, "value").trim(): Attribute 'value' of object '' is: '39400'

2018-05-21 20:56:45 - [MESSAGE][PASSED] - Attribute 'value' of object '' is: '39400'

2018-05-21 20:56:45 - [TEST_STEP][PASSED] - Statement - Rqty = 100: null

2018-05-21 20:56:45 - [TEST_STEP][PASSED] - delay: Delayed 2 second(s)

2018-05-21 20:56:47 - [MESSAGE][PASSED] - Delayed 2 second(s)

2018-05-21 20:56:47 - [TEST_STEP][PASSED] - Statement - out.println("BatchQty : " + batchqty): null

2018-05-21 20:56:47 - [TEST_STEP][PASSED] - Statement - out.println("RQty : " + Rqty): null

2018-05-21 20:56:47 - [TEST_STEP][PASSED] - Statement - If (java.lang.Integer.valueOf(batchqty) >= java.lang.Integer.valueOf(Rqty)): null

2018-05-21 20:56:47 - [TEST_STEP][PASSED] - Statement - Break: null

2018-05-21 20:56:47 - [TEST_STEP][PASSED] - Statement - batchlength = new com.kms.katalon.core.testobject.TestObject(): null

2018-05-21 20:56:47 - [TEST_STEP][PASSED] - Statement - batchlength = com.kms.katalon.core.webui.keyword.WebUiBuiltInKeywords.modifyObjectProperty(batchlength, "xpath", "equals", "//*[@id = "fldvendor" + row + ""]", true): Modify property of object successfully

2018-05-21 20:56:47 - [MESSAGE][PASSED] - Modify property of object successfully

2018-05-21 20:56:47 - [TEST_STEP][PASSED] - Statement - batchsize = com.kms.katalon.core.webui.keyword.WebUiBuiltInKeywords.getNumberOfTotalOption(batchlength): 10 options of object '' counted

2018-05-21 20:56:48 - [MESSAGE][PASSED] - 10 options of object '' counted

2018-05-21 20:56:48 - [TEST_STEP][PASSED] - Statement - out.println("BatchSize : " + batchsize): null

2018-05-21 20:56:48 - [TEST_STEP][PASSED] - Statement - For ([n = 1, n <= batchsize - 1, (n++)]): null

2018-05-21 20:56:48 - [TEST_STEP][PASSED] - Statement - product = new com.kms.katalon.core.testobject.TestObject(): null

2018-05-21 20:56:48 - [TEST_STEP][PASSED] - Statement - product = com.kms.katalon.core.webui.keyword.WebUiBuiltInKeywords.modifyObjectProperty(product, "xpath", "equals", "//*[@id = "fldvendor" + row + ""]", true): Modify property of object successfully

2018-05-21 20:56:48 - [MESSAGE][PASSED] - Modify property of object successfully

2018-05-21 20:56:48 - [TEST_STEP][PASSED] - selectOptionByIndex: All options with index in [1] are selected on object ''

2018-05-21 20:56:48 - [MESSAGE][PASSED] - All options with index in [1] are selected on object ''

2018-05-21 20:56:48 - [TEST_STEP][PASSED] - Statement - batch = new com.kms.katalon.core.testobject.TestObject(): null

2018-05-21 20:56:48 - [TEST_STEP][PASSED] - Statement - batch = com.kms.katalon.core.webui.keyword.WebUiBuiltInKeywords.modifyObjectProperty(batch, "xpath", "equals", "//*[@id = "txtbthqty" + row + ""]", true): Modify property of object successfully

2018-05-21 20:56:48 - [MESSAGE][PASSED] - Modify property of object successfully

2018-05-21 20:56:48 - [TEST_STEP][PASSED] - Statement - batchqty = com.kms.katalon.core.webui.keyword.WebUiBuiltInKeywords.getAttribute(batch, "value").trim(): Attribute 'value' of object '' is: '4400'

2018-05-21 20:56:48 - [MESSAGE][PASSED] - Attribute 'value' of object '' is: '4400'

2018-05-21 20:56:48 - [TEST_STEP][PASSED] - Statement - Rqty = 100: null

2018-05-21 20:56:48 - [TEST_STEP][PASSED] - delay: Delayed 2 second(s)

2018-05-21 20:56:50 - [MESSAGE][PASSED] - Delayed 2 second(s)

2018-05-21 20:56:50 - [TEST_STEP][PASSED] - Statement - out.println("BatchQty : " + batchqty): null

2018-05-21 20:56:50 - [TEST_STEP][PASSED] - Statement - out.println("RQty : " + Rqty): null

2018-05-21 20:56:50 - [TEST_STEP][PASSED] - Statement - If (java.lang.Integer.valueOf(batchqty) >= java.lang.Integer.valueOf(Rqty)): null

2018-05-21 20:56:50 - [TEST_STEP][PASSED] - Statement - Break: null

2018-05-21 20:56:50 - [TEST_STEP][PASSED] - Statement - batchlength = new com.kms.katalon.core.testobject.TestObject(): null

2018-05-21 20:56:50 - [TEST_STEP][PASSED] - Statement - batchlength = com.kms.katalon.core.webui.keyword.WebUiBuiltInKeywords.modifyObjectProperty(batchlength, "xpath", "equals", "//*[@id = "fldvendor" + row + ""]", true): Modify property of object successfully

2018-05-21 20:56:50 - [MESSAGE][PASSED] - Modify property of object successfully

2018-05-21 20:56:50 - [TEST_STEP][PASSED] - Statement - batchsize = com.kms.katalon.core.webui.keyword.WebUiBuiltInKeywords.getNumberOfTotalOption(batchlength): 9 options of object '' counted

2018-05-21 20:56:50 - [MESSAGE][PASSED] - 9 options of object '' counted

2018-05-21 20:56:50 - [TEST_STEP][PASSED] - Statement - out.println("BatchSize : " + batchsize): null

2018-05-21 20:56:50 - [TEST_STEP][PASSED] - Statement - For ([n = 1, n <= batchsize - 1, (n++)]): null

2018-05-21 20:56:50 - [TEST_STEP][PASSED] - Statement - product = new com.kms.katalon.core.testobject.TestObject(): null

2018-05-21 20:56:50 - [TEST_STEP][PASSED] - Statement - product = com.kms.katalon.core.webui.keyword.WebUiBuiltInKeywords.modifyObjectProperty(product, "xpath", "equals", "//*[@id = "fldvendor" + row + ""]", true): Modify property of object successfully

2018-05-21 20:56:50 - [MESSAGE][PASSED] - Modify property of object successfully

2018-05-21 20:56:50 - [TEST_STEP][PASSED] - selectOptionByIndex: All options with index in [1] are selected on object ''

2018-05-21 20:56:50 - [MESSAGE][PASSED] - All options with index in [1] are selected on object ''

2018-05-21 20:56:50 - [TEST_STEP][PASSED] - Statement - batch = new com.kms.katalon.core.testobject.TestObject(): null

2018-05-21 20:56:50 - [TEST_STEP][PASSED] - Statement - batch = com.kms.katalon.core.webui.keyword.WebUiBuiltInKeywords.modifyObjectProperty(batch, "xpath", "equals", "//*[@id = "txtbthqty" + row + ""]", true): Modify property of object successfully

2018-05-21 20:56:50 - [MESSAGE][PASSED] - Modify property of object successfully

2018-05-21 20:56:50 - [TEST_STEP][PASSED] - Statement - batchqty = com.kms.katalon.core.webui.keyword.WebUiBuiltInKeywords.getAttribute(batch, "value").trim(): Attribute 'value' of object '' is: '38400'

2018-05-21 20:56:50 - [MESSAGE][PASSED] - Attribute 'value' of object '' is: '38400'

2018-05-21 20:56:50 - [TEST_STEP][PASSED] - Statement - Rqty = 100: null

2018-05-21 20:56:50 - [TEST_STEP][PASSED] - delay: Delayed 2 second(s)

2018-05-21 20:56:52 - [MESSAGE][PASSED] - Delayed 2 second(s)

2018-05-21 20:56:52 - [TEST_STEP][PASSED] - Statement - out.println("BatchQty : " + batchqty): null

2018-05-21 20:56:52 - [TEST_STEP][PASSED] - Statement - out.println("RQty : " + Rqty): null

2018-05-21 20:56:52 - [TEST_STEP][PASSED] - Statement - If (java.lang.Integer.valueOf(batchqty) >= java.lang.Integer.valueOf(Rqty)): null

2018-05-21 20:56:52 - [TEST_STEP][PASSED] - Statement - Break: null

2018-05-21 20:56:52 - [TEST_STEP][PASSED] - Statement - batchlength = new com.kms.katalon.core.testobject.TestObject(): null

2018-05-21 20:56:52 - [TEST_STEP][PASSED] - Statement - batchlength = com.kms.katalon.core.webui.keyword.WebUiBuiltInKeywords.modifyObjectProperty(batchlength, "xpath", "equals", "//*[@id = "fldvendor" + row + ""]", true): Modify property of object successfully

2018-05-21 20:56:52 - [MESSAGE][PASSED] - Modify property of object successfully

2018-05-21 20:56:52 - [TEST_STEP][PASSED] - Statement - batchsize = com.kms.katalon.core.webui.keyword.WebUiBuiltInKeywords.getNumberOfTotalOption(batchlength): 9 options of object '' counted

2018-05-21 20:56:52 - [MESSAGE][PASSED] - 9 options of object '' counted

2018-05-21 20:56:52 - [TEST_STEP][PASSED] - Statement - out.println("BatchSize : " + batchsize): null

2018-05-21 20:56:52 - [TEST_STEP][PASSED] - Statement - For ([n = 1, n <= batchsize - 1, (n++)]): null

2018-05-21 20:56:52 - [TEST_STEP][PASSED] - Statement - product = new com.kms.katalon.core.testobject.TestObject(): null

2018-05-21 20:56:52 - [TEST_STEP][PASSED] - Statement - product = com.kms.katalon.core.webui.keyword.WebUiBuiltInKeywords.modifyObjectProperty(product, "xpath", "equals", "//*[@id = "fldvendor" + row + ""]", true): Modify property of object successfully

2018-05-21 20:56:52 - [MESSAGE][PASSED] - Modify property of object successfully

2018-05-21 20:56:52 - [TEST_STEP][PASSED] - selectOptionByIndex: All options with index in [1] are selected on object ''

2018-05-21 20:56:52 - [MESSAGE][PASSED] - All options with index in [1] are selected on object ''

2018-05-21 20:56:52 - [TEST_STEP][PASSED] - Statement - batch = new com.kms.katalon.core.testobject.TestObject(): null

2018-05-21 20:56:52 - [TEST_STEP][PASSED] - Statement - batch = com.kms.katalon.core.webui.keyword.WebUiBuiltInKeywords.modifyObjectProperty(batch, "xpath", "equals", "//*[@id = "txtbthqty" + row + ""]", true): Modify property of object successfully

2018-05-21 20:56:52 - [MESSAGE][PASSED] - Modify property of object successfully

2018-05-21 20:56:52 - [TEST_STEP][PASSED] - Statement - batchqty = com.kms.katalon.core.webui.keyword.WebUiBuiltInKeywords.getAttribute(batch, "value").trim(): Attribute 'value' of object '' is: '38400'

2018-05-21 20:56:52 - [MESSAGE][PASSED] - Attribute 'value' of object '' is: '38400'

2018-05-21 20:56:52 - [TEST_STEP][PASSED] - Statement - Rqty = 100: null

2018-05-21 20:56:52 - [TEST_STEP][PASSED] - delay: Delayed 2 second(s)

2018-05-21 20:56:54 - [MESSAGE][PASSED] - Delayed 2 second(s)

2018-05-21 20:56:54 - [TEST_STEP][PASSED] - Statement - out.println("BatchQty : " + batchqty): null

2018-05-21 20:56:54 - [TEST_STEP][PASSED] - Statement - out.println("RQty : " + Rqty): null

2018-05-21 20:56:54 - [TEST_STEP][PASSED] - Statement - If (java.lang.Integer.valueOf(batchqty) >= java.lang.Integer.valueOf(Rqty)): null

2018-05-21 20:56:54 - [TEST_STEP][PASSED] - Statement - Break: null

2018-05-21 20:56:54 - [TEST_STEP][PASSED] - Statement - batchlength = new com.kms.katalon.core.testobject.TestObject(): null

2018-05-21 20:56:54 - [TEST_STEP][PASSED] - Statement - batchlength = com.kms.katalon.core.webui.keyword.WebUiBuiltInKeywords.modifyObjectProperty(batchlength, "xpath", "equals", "//*[@id = "fldvendor" + row + ""]", true): Modify property of object successfully

2018-05-21 20:56:54 - [MESSAGE][PASSED] - Modify property of object successfully

2018-05-21 20:56:54 - [TEST_STEP][PASSED] - Statement - batchsize = com.kms.katalon.core.webui.keyword.WebUiBuiltInKeywords.getNumberOfTotalOption(batchlength): 9 options of object '' counted

2018-05-21 20:56:54 - [MESSAGE][PASSED] - 9 options of object '' counted

2018-05-21 20:56:54 - [TEST_STEP][PASSED] - Statement - out.println("BatchSize : " + batchsize): null

2018-05-21 20:56:54 - [TEST_STEP][PASSED] - Statement - For ([n = 1, n <= batchsize - 1, (n++)]): null

2018-05-21 20:56:54 - [TEST_STEP][PASSED] - Statement - product = new com.kms.katalon.core.testobject.TestObject(): null

2018-05-21 20:56:54 - [TEST_STEP][PASSED] - Statement - product = com.kms.katalon.core.webui.keyword.WebUiBuiltInKeywords.modifyObjectProperty(product, "xpath", "equals", "//*[@id = "fldvendor" + row + ""]", true): Modify property of object successfully

2018-05-21 20:56:54 - [MESSAGE][PASSED] - Modify property of object successfully

2018-05-21 20:56:54 - [TEST_STEP][PASSED] - selectOptionByIndex: All options with index in [1] are selected on object ''

2018-05-21 20:56:54 - [MESSAGE][PASSED] - All options with index in [1] are selected on object ''

2018-05-21 20:56:54 - [TEST_STEP][PASSED] - Statement - batch = new com.kms.katalon.core.testobject.TestObject(): null

2018-05-21 20:56:54 - [TEST_STEP][PASSED] - Statement - batch = com.kms.katalon.core.webui.keyword.WebUiBuiltInKeywords.modifyObjectProperty(batch, "xpath", "equals", "//*[@id = "txtbthqty" + row + ""]", true): Modify property of object successfully

2018-05-21 20:56:54 - [MESSAGE][PASSED] - Modify property of object successfully

2018-05-21 20:56:54 - [TEST_STEP][PASSED] - Statement - batchqty = com.kms.katalon.core.webui.keyword.WebUiBuiltInKeywords.getAttribute(batch, "value").trim(): Attribute 'value' of object '' is: '39400'

2018-05-21 20:56:54 - [MESSAGE][PASSED] - Attribute 'value' of object '' is: '39400'

2018-05-21 20:56:54 - [TEST_STEP][PASSED] - Statement - Rqty = 100: null

2018-05-21 20:56:54 - [TEST_STEP][PASSED] - delay: Delayed 2 second(s)

2018-05-21 20:56:56 - [MESSAGE][PASSED] - Delayed 2 second(s)

2018-05-21 20:56:56 - [TEST_STEP][PASSED] - Statement - out.println("BatchQty : " + batchqty): null

2018-05-21 20:56:56 - [TEST_STEP][PASSED] - Statement - out.println("RQty : " + Rqty): null

2018-05-21 20:56:56 - [TEST_STEP][PASSED] - Statement - If (java.lang.Integer.valueOf(batchqty) >= java.lang.Integer.valueOf(Rqty)): null

2018-05-21 20:56:56 - [TEST_STEP][PASSED] - Statement - Break: null

2018-05-21 20:56:56 - [TEST_STEP][PASSED] - Statement - batchlength = new com.kms.katalon.core.testobject.TestObject(): null

2018-05-21 20:56:56 - [TEST_STEP][PASSED] - Statement - batchlength = com.kms.katalon.core.webui.keyword.WebUiBuiltInKeywords.modifyObjectProperty(batchlength, "xpath", "equals", "//*[@id = "fldvendor" + row + ""]", true): Modify property of object successfully

2018-05-21 20:56:56 - [MESSAGE][PASSED] - Modify property of object successfully

2018-05-21 20:56:56 - [TEST_STEP][PASSED] - Statement - batchsize = com.kms.katalon.core.webui.keyword.WebUiBuiltInKeywords.getNumberOfTotalOption(batchlength): 9 options of object '' counted

2018-05-21 20:56:57 - [MESSAGE][PASSED] - 9 options of object '' counted

2018-05-21 20:56:57 - [TEST_STEP][PASSED] - Statement - out.println("BatchSize : " + batchsize): null

2018-05-21 20:56:57 - [TEST_STEP][PASSED] - Statement - For ([n = 1, n <= batchsize - 1, (n++)]): null

2018-05-21 20:56:57 - [TEST_STEP][PASSED] - Statement - product = new com.kms.katalon.core.testobject.TestObject(): null

2018-05-21 20:56:57 - [TEST_STEP][PASSED] - Statement - product = com.kms.katalon.core.webui.keyword.WebUiBuiltInKeywords.modifyObjectProperty(product, "xpath", "equals", "//*[@id = "fldvendor" + row + ""]", true): Modify property of object successfully

2018-05-21 20:56:57 - [MESSAGE][PASSED] - Modify property of object successfully

2018-05-21 20:56:57 - [TEST_STEP][PASSED] - selectOptionByIndex: All options with index in [1] are selected on object ''

2018-05-21 20:56:57 - [MESSAGE][PASSED] - All options with index in [1] are selected on object ''

2018-05-21 20:56:57 - [TEST_STEP][PASSED] - Statement - batch = new com.kms.katalon.core.testobject.TestObject(): null

2018-05-21 20:56:57 - [TEST_STEP][PASSED] - Statement - batch = com.kms.katalon.core.webui.keyword.WebUiBuiltInKeywords.modifyObjectProperty(batch, "xpath", "equals", "//*[@id = "txtbthqty" + row + ""]", true): Modify property of object successfully

2018-05-21 20:56:57 - [MESSAGE][PASSED] - Modify property of object successfully

2018-05-21 20:56:57 - [TEST_STEP][PASSED] - Statement - batchqty = com.kms.katalon.core.webui.keyword.WebUiBuiltInKeywords.getAttribute(batch, "value").trim(): Attribute 'value' of object '' is: '3400'

2018-05-21 20:56:57 - [MESSAGE][PASSED] - Attribute 'value' of object '' is: '3400'

2018-05-21 20:56:57 - [TEST_STEP][PASSED] - Statement - Rqty = 100: null

2018-05-21 20:56:57 - [TEST_STEP][PASSED] - delay: Delayed 2 second(s)

2018-05-21 20:56:59 - [MESSAGE][PASSED] - Delayed 2 second(s)

2018-05-21 20:56:59 - [TEST_STEP][PASSED] - Statement - out.println("BatchQty : " + batchqty): null

2018-05-21 20:56:59 - [TEST_STEP][PASSED] - Statement - out.println("RQty : " + Rqty): null

2018-05-21 20:56:59 - [TEST_STEP][PASSED] - Statement - If (java.lang.Integer.valueOf(batchqty) >= java.lang.Integer.valueOf(Rqty)): null

2018-05-21 20:56:59 - [TEST_STEP][PASSED] - Statement - Break: null

2018-05-21 20:56:59 - [TEST_STEP][PASSED] - Statement - batchlength = new com.kms.katalon.core.testobject.TestObject(): null

2018-05-21 20:56:59 - [TEST_STEP][PASSED] - Statement - batchlength = com.kms.katalon.core.webui.keyword.WebUiBuiltInKeywords.modifyObjectProperty(batchlength, "xpath", "equals", "//*[@id = "fldvendor" + row + ""]", true): Modify property of object successfully

2018-05-21 20:56:59 - [MESSAGE][PASSED] - Modify property of object successfully

2018-05-21 20:56:59 - [TEST_STEP][PASSED] - Statement - batchsize = com.kms.katalon.core.webui.keyword.WebUiBuiltInKeywords.getNumberOfTotalOption(batchlength): 9 options of object '' counted

2018-05-21 20:56:59 - [MESSAGE][PASSED] - 9 options of object '' counted

2018-05-21 20:56:59 - [TEST_STEP][PASSED] - Statement - out.println("BatchSize : " + batchsize): null

2018-05-21 20:56:59 - [TEST_STEP][PASSED] - Statement - For ([n = 1, n <= batchsize - 1, (n++)]): null

2018-05-21 20:56:59 - [TEST_STEP][PASSED] - Statement - product = new com.kms.katalon.core.testobject.TestObject(): null

2018-05-21 20:56:59 - [TEST_STEP][PASSED] - Statement - product = com.kms.katalon.core.webui.keyword.WebUiBuiltInKeywords.modifyObjectProperty(product, "xpath", "equals", "//*[@id = "fldvendor" + row + ""]", true): Modify property of object successfully

2018-05-21 20:56:59 - [MESSAGE][PASSED] - Modify property of object successfully

2018-05-21 20:56:59 - [TEST_STEP][PASSED] - selectOptionByIndex: All options with index in [1] are selected on object ''

2018-05-21 20:56:59 - [MESSAGE][PASSED] - All options with index in [1] are selected on object ''

2018-05-21 20:56:59 - [TEST_STEP][PASSED] - Statement - batch = new com.kms.katalon.core.testobject.TestObject(): null

2018-05-21 20:56:59 - [TEST_STEP][PASSED] - Statement - batch = com.kms.katalon.core.webui.keyword.WebUiBuiltInKeywords.modifyObjectProperty(batch, "xpath", "equals", "//*[@id = "txtbthqty" + row + ""]", true): Modify property of object successfully

2018-05-21 20:56:59 - [MESSAGE][PASSED] - Modify property of object successfully

2018-05-21 20:56:59 - [TEST_STEP][PASSED] - Statement - batchqty = com.kms.katalon.core.webui.keyword.WebUiBuiltInKeywords.getAttribute(batch, "value").trim(): Attribute 'value' of object '' is: '4400'

2018-05-21 20:56:59 - [MESSAGE][PASSED] - Attribute 'value' of object '' is: '4400'

2018-05-21 20:56:59 - [TEST_STEP][PASSED] - Statement - Rqty = 100: null

2018-05-21 20:56:59 - [TEST_STEP][PASSED] - delay: Delayed 2 second(s)

2018-05-21 20:57:01 - [MESSAGE][PASSED] - Delayed 2 second(s)

2018-05-21 20:57:01 - [TEST_STEP][PASSED] - Statement - out.println("BatchQty : " + batchqty): null

2018-05-21 20:57:01 - [TEST_STEP][PASSED] - Statement - out.println("RQty : " + Rqty): null

2018-05-21 20:57:01 - [TEST_STEP][PASSED] - Statement - If (java.lang.Integer.valueOf(batchqty) >= java.lang.Integer.valueOf(Rqty)): null

2018-05-21 20:57:01 - [TEST_STEP][PASSED] - Statement - Break: null

2018-05-21 20:57:01 - [TEST_STEP][PASSED] - Statement - batchlength = new com.kms.katalon.core.testobject.TestObject(): null

2018-05-21 20:57:01 - [TEST_STEP][PASSED] - Statement - batchlength = com.kms.katalon.core.webui.keyword.WebUiBuiltInKeywords.modifyObjectProperty(batchlength, "xpath", "equals", "//*[@id = "fldvendor" + row + ""]", true): Modify property of object successfully

2018-05-21 20:57:01 - [MESSAGE][PASSED] - Modify property of object successfully

2018-05-21 20:57:01 - [TEST_STEP][PASSED] - Statement - batchsize = com.kms.katalon.core.webui.keyword.WebUiBuiltInKeywords.getNumberOfTotalOption(batchlength): 9 options of object '' counted

2018-05-21 20:57:01 - [MESSAGE][PASSED] - 9 options of object '' counted

2018-05-21 20:57:01 - [TEST_STEP][PASSED] - Statement - out.println("BatchSize : " + batchsize): null

2018-05-21 20:57:01 - [TEST_STEP][PASSED] - Statement - For ([n = 1, n <= batchsize - 1, (n++)]): null

2018-05-21 20:57:01 - [TEST_STEP][PASSED] - Statement - product = new com.kms.katalon.core.testobject.TestObject(): null

2018-05-21 20:57:01 - [TEST_STEP][PASSED] - Statement - product = com.kms.katalon.core.webui.keyword.WebUiBuiltInKeywords.modifyObjectProperty(product, "xpath", "equals", "//*[@id = "fldvendor" + row + ""]", true): Modify property of object successfully

2018-05-21 20:57:01 - [MESSAGE][PASSED] - Modify property of object successfully

2018-05-21 20:57:01 - [TEST_STEP][PASSED] - selectOptionByIndex: All options with index in [1] are selected on object ''

2018-05-21 20:57:01 - [MESSAGE][PASSED] - All options with index in [1] are selected on object ''

2018-05-21 20:57:01 - [TEST_STEP][PASSED] - Statement - batch = new com.kms.katalon.core.testobject.TestObject(): null

2018-05-21 20:57:01 - [TEST_STEP][PASSED] - Statement - batch = com.kms.katalon.core.webui.keyword.WebUiBuiltInKeywords.modifyObjectProperty(batch, "xpath", "equals", "//*[@id = "txtbthqty" + row + ""]", true): Modify property of object successfully

2018-05-21 20:57:01 - [MESSAGE][PASSED] - Modify property of object successfully

2018-05-21 20:57:01 - [TEST_STEP][PASSED] - Statement - batchqty = com.kms.katalon.core.webui.keyword.WebUiBuiltInKeywords.getAttribute(batch, "value").trim(): Attribute 'value' of object '' is: '3400'

2018-05-21 20:57:01 - [MESSAGE][PASSED] - Attribute 'value' of object '' is: '3400'

2018-05-21 20:57:01 - [TEST_STEP][PASSED] - Statement - Rqty = 100: null

2018-05-21 20:57:01 - [TEST_STEP][PASSED] - delay: Delayed 2 second(s)

2018-05-21 20:57:03 - [MESSAGE][PASSED] - Delayed 2 second(s)

2018-05-21 20:57:03 - [TEST_STEP][PASSED] - Statement - out.println("BatchQty : " + batchqty): null

2018-05-21 20:57:03 - [TEST_STEP][PASSED] - Statement - out.println("RQty : " + Rqty): null

2018-05-21 20:57:03 - [TEST_STEP][PASSED] - Statement - If (java.lang.Integer.valueOf(batchqty) >= java.lang.Integer.valueOf(Rqty)): null

2018-05-21 20:57:03 - [TEST_STEP][PASSED] - Statement - Break: null

2018-05-21 20:57:03 - [TEST_STEP][PASSED] - Statement - batchlength = new com.kms.katalon.core.testobject.TestObject(): null

2018-05-21 20:57:03 - [TEST_STEP][PASSED] - Statement - batchlength = com.kms.katalon.core.webui.keyword.WebUiBuiltInKeywords.modifyObjectProperty(batchlength, "xpath", "equals", "//*[@id = "fldvendor" + row + ""]", true): Modify property of object successfully

2018-05-21 20:57:03 - [MESSAGE][PASSED] - Modify property of object successfully

2018-05-21 20:57:03 - [TEST_STEP][PASSED] - Statement - batchsize = com.kms.katalon.core.webui.keyword.WebUiBuiltInKeywords.getNumberOfTotalOption(batchlength): 9 options of object '' counted

2018-05-21 20:57:03 - [MESSAGE][PASSED] - 9 options of object '' counted

2018-05-21 20:57:03 - [TEST_STEP][PASSED] - Statement - out.println("BatchSize : " + batchsize): null

2018-05-21 20:57:03 - [TEST_STEP][PASSED] - Statement - For ([n = 1, n <= batchsize - 1, (n++)]): null

2018-05-21 20:57:03 - [TEST_STEP][PASSED] - Statement - product = new com.kms.katalon.core.testobject.TestObject(): null

2018-05-21 20:57:03 - [TEST_STEP][PASSED] - Statement - product = com.kms.katalon.core.webui.keyword.WebUiBuiltInKeywords.modifyObjectProperty(product, "xpath", "equals", "//*[@id = "fldvendor" + row + ""]", true): Modify property of object successfully

2018-05-21 20:57:03 - [MESSAGE][PASSED] - Modify property of object successfully

2018-05-21 20:57:03 - [TEST_STEP][PASSED] - selectOptionByIndex: All options with index in [1] are selected on object ''

2018-05-21 20:57:03 - [MESSAGE][PASSED] - All options with index in [1] are selected on object ''

2018-05-21 20:57:03 - [TEST_STEP][PASSED] - Statement - batch = new com.kms.katalon.core.testobject.TestObject(): null

2018-05-21 20:57:03 - [TEST_STEP][PASSED] - Statement - batch = com.kms.katalon.core.webui.keyword.WebUiBuiltInKeywords.modifyObjectProperty(batch, "xpath", "equals", "//*[@id = "txtbthqty" + row + ""]", true): Modify property of object successfully

2018-05-21 20:57:03 - [MESSAGE][PASSED] - Modify property of object successfully

2018-05-21 20:57:03 - [TEST_STEP][PASSED] - Statement - batchqty = com.kms.katalon.core.webui.keyword.WebUiBuiltInKeywords.getAttribute(batch, "value").trim(): Attribute 'value' of object '' is: '4400'

2018-05-21 20:57:03 - [MESSAGE][PASSED] - Attribute 'value' of object '' is: '4400'

2018-05-21 20:57:03 - [TEST_STEP][PASSED] - Statement - Rqty = 100: null

2018-05-21 20:57:03 - [TEST_STEP][PASSED] - delay: Delayed 2 second(s)

2018-05-21 20:57:05 - [MESSAGE][PASSED] - Delayed 2 second(s)

2018-05-21 20:57:05 - [TEST_STEP][PASSED] - Statement - out.println("BatchQty : " + batchqty): null

2018-05-21 20:57:05 - [TEST_STEP][PASSED] - Statement - out.println("RQty : " + Rqty): null

2018-05-21 20:57:05 - [TEST_STEP][PASSED] - Statement - If (java.lang.Integer.valueOf(batchqty) >= java.lang.Integer.valueOf(Rqty)): null

2018-05-21 20:57:05 - [TEST_STEP][PASSED] - Statement - Break: null

2018-05-21 20:57:05 - [TEST_STEP][PASSED] - Statement - batchlength = new com.kms.katalon.core.testobject.TestObject(): null

2018-05-21 20:57:05 - [TEST_STEP][PASSED] - Statement - batchlength = com.kms.katalon.core.webui.keyword.WebUiBuiltInKeywords.modifyObjectProperty(batchlength, "xpath", "equals", "//*[@id = "fldvendor" + row + ""]", true): Modify property of object successfully

2018-05-21 20:57:05 - [MESSAGE][PASSED] - Modify property of object successfully

2018-05-21 20:57:05 - [TEST_STEP][PASSED] - Statement - batchsize = com.kms.katalon.core.webui.keyword.WebUiBuiltInKeywords.getNumberOfTotalOption(batchlength): 9 options of object '' counted

2018-05-21 20:57:06 - [MESSAGE][PASSED] - 9 options of object '' counted

2018-05-21 20:57:06 - [TEST_STEP][PASSED] - Statement - out.println("BatchSize : " + batchsize): null

2018-05-21 20:57:06 - [TEST_STEP][PASSED] - Statement - For ([n = 1, n <= batchsize - 1, (n++)]): null

2018-05-21 20:57:06 - [TEST_STEP][PASSED] - Statement - product = new com.kms.katalon.core.testobject.TestObject(): null

2018-05-21 20:57:06 - [TEST_STEP][PASSED] - Statement - product = com.kms.katalon.core.webui.keyword.WebUiBuiltInKeywords.modifyObjectProperty(product, "xpath", "equals", "//*[@id = "fldvendor" + row + ""]", true): Modify property of object successfully

2018-05-21 20:57:06 - [MESSAGE][PASSED] - Modify property of object successfully

2018-05-21 20:57:06 - [TEST_STEP][PASSED] - selectOptionByIndex: All options with index in [1] are selected on object ''

2018-05-21 20:57:06 - [MESSAGE][PASSED] - All options with index in [1] are selected on object ''

2018-05-21 20:57:06 - [TEST_STEP][PASSED] - Statement - batch = new com.kms.katalon.core.testobject.TestObject(): null

2018-05-21 20:57:06 - [TEST_STEP][PASSED] - Statement - batch = com.kms.katalon.core.webui.keyword.WebUiBuiltInKeywords.modifyObjectProperty(batch, "xpath", "equals", "//*[@id = "txtbthqty" + row + ""]", true): Modify property of object successfully

2018-05-21 20:57:06 - [MESSAGE][PASSED] - Modify property of object successfully

2018-05-21 20:57:06 - [TEST_STEP][PASSED] - Statement - batchqty = com.kms.katalon.core.webui.keyword.WebUiBuiltInKeywords.getAttribute(batch, "value").trim(): Attribute 'value' of object '' is: '4400'

2018-05-21 20:57:06 - [MESSAGE][PASSED] - Attribute 'value' of object '' is: '4400'

2018-05-21 20:57:06 - [TEST_STEP][PASSED] - Statement - Rqty = 100: null

2018-05-21 20:57:06 - [TEST_STEP][PASSED] - delay: Delayed 2 second(s)

2018-05-21 20:57:08 - [MESSAGE][PASSED] - Delayed 2 second(s)

2018-05-21 20:57:08 - [TEST_STEP][PASSED] - Statement - out.println("BatchQty : " + batchqty): null

2018-05-21 20:57:08 - [TEST_STEP][PASSED] - Statement - out.println("RQty : " + Rqty): null

2018-05-21 20:57:08 - [TEST_STEP][PASSED] - Statement - If (java.lang.Integer.valueOf(batchqty) >= java.lang.Integer.valueOf(Rqty)): null

2018-05-21 20:57:08 - [TEST_STEP][PASSED] - Statement - Break: null

2018-05-21 20:57:08 - [TEST_STEP][PASSED] - Statement - batchlength = new com.kms.katalon.core.testobject.TestObject(): null

2018-05-21 20:57:08 - [TEST_STEP][PASSED] - Statement - batchlength = com.kms.katalon.core.webui.keyword.WebUiBuiltInKeywords.modifyObjectProperty(batchlength, "xpath", "equals", "//*[@id = "fldvendor" + row + ""]", true): Modify property of object successfully

2018-05-21 20:57:08 - [MESSAGE][PASSED] - Modify property of object successfully

2018-05-21 20:57:08 - [TEST_STEP][PASSED] - Statement - batchsize = com.kms.katalon.core.webui.keyword.WebUiBuiltInKeywords.getNumberOfTotalOption(batchlength): 9 options of object '' counted

2018-05-21 20:57:08 - [MESSAGE][PASSED] - 9 options of object '' counted

2018-05-21 20:57:08 - [TEST_STEP][PASSED] - Statement - out.println("BatchSize : " + batchsize): null

2018-05-21 20:57:08 - [TEST_STEP][PASSED] - Statement - For ([n = 1, n <= batchsize - 1, (n++)]): null

2018-05-21 20:57:08 - [TEST_STEP][PASSED] - Statement - product = new com.kms.katalon.core.testobject.TestObject(): null

2018-05-21 20:57:08 - [TEST_STEP][PASSED] - Statement - product = com.kms.katalon.core.webui.keyword.WebUiBuiltInKeywords.modifyObjectProperty(product, "xpath", "equals", "//*[@id = "fldvendor" + row + ""]", true): Modify property of object successfully

2018-05-21 20:57:08 - [MESSAGE][PASSED] - Modify property of object successfully

2018-05-21 20:57:08 - [TEST_STEP][PASSED] - selectOptionByIndex: All options with index in [1] are selected on object ''

2018-05-21 20:57:08 - [MESSAGE][PASSED] - All options with index in [1] are selected on object ''

2018-05-21 20:57:08 - [TEST_STEP][PASSED] - Statement - batch = new com.kms.katalon.core.testobject.TestObject(): null

2018-05-21 20:57:08 - [TEST_STEP][PASSED] - Statement - batch = com.kms.katalon.core.webui.keyword.WebUiBuiltInKeywords.modifyObjectProperty(batch, "xpath", "equals", "//*[@id = "txtbthqty" + row + ""]", true): Modify property of object successfully

2018-05-21 20:57:08 - [MESSAGE][PASSED] - Modify property of object successfully

2018-05-21 20:57:08 - [TEST_STEP][PASSED] - Statement - batchqty = com.kms.katalon.core.webui.keyword.WebUiBuiltInKeywords.getAttribute(batch, "value").trim(): Attribute 'value' of object '' is: '4400'

2018-05-21 20:57:08 - [MESSAGE][PASSED] - Attribute 'value' of object '' is: '4400'

2018-05-21 20:57:08 - [TEST_STEP][PASSED] - Statement - Rqty = 100: null

2018-05-21 20:57:08 - [TEST_STEP][PASSED] - delay: Delayed 2 second(s)

2018-05-21 20:57:10 - [MESSAGE][PASSED] - Delayed 2 second(s)

2018-05-21 20:57:10 - [TEST_STEP][PASSED] - Statement - out.println("BatchQty : " + batchqty): null

2018-05-21 20:57:10 - [TEST_STEP][PASSED] - Statement - out.println("RQty : " + Rqty): null

2018-05-21 20:57:10 - [TEST_STEP][PASSED] - Statement - If (java.lang.Integer.valueOf(batchqty) >= java.lang.Integer.valueOf(Rqty)): null

2018-05-21 20:57:10 - [TEST_STEP][PASSED] - Statement - Break: null

2018-05-21 20:57:10 - [TEST_STEP][PASSED] - Statement - batchlength = new com.kms.katalon.core.testobject.TestObject(): null

2018-05-21 20:57:10 - [TEST_STEP][PASSED] - Statement - batchlength = com.kms.katalon.core.webui.keyword.WebUiBuiltInKeywords.modifyObjectProperty(batchlength, "xpath", "equals", "//*[@id = "fldvendor" + row + ""]", true): Modify property of object successfully

2018-05-21 20:57:10 - [MESSAGE][PASSED] - Modify property of object successfully

2018-05-21 20:57:10 - [TEST_STEP][PASSED] - Statement - batchsize = com.kms.katalon.core.webui.keyword.WebUiBuiltInKeywords.getNumberOfTotalOption(batchlength): 9 options of object '' counted

2018-05-21 20:57:10 - [MESSAGE][PASSED] - 9 options of object '' counted

2018-05-21 20:57:10 - [TEST_STEP][PASSED] - Statement - out.println("BatchSize : " + batchsize): null

2018-05-21 20:57:10 - [TEST_STEP][PASSED] - Statement - For ([n = 1, n <= batchsize - 1, (n++)]): null

2018-05-21 20:57:10 - [TEST_STEP][PASSED] - Statement - product = new com.kms.katalon.core.testobject.TestObject(): null

2018-05-21 20:57:10 - [TEST_STEP][PASSED] - Statement - product = com.kms.katalon.core.webui.keyword.WebUiBuiltInKeywords.modifyObjectProperty(product, "xpath", "equals", "//*[@id = "fldvendor" + row + ""]", true): Modify property of object successfully

2018-05-21 20:57:10 - [MESSAGE][PASSED] - Modify property of object successfully

2018-05-21 20:57:10 - [TEST_STEP][PASSED] - selectOptionByIndex: All options with index in [1] are selected on object ''

2018-05-21 20:57:10 - [MESSAGE][PASSED] - All options with index in [1] are selected on object ''

2018-05-21 20:57:10 - [TEST_STEP][PASSED] - Statement - batch = new com.kms.katalon.core.testobject.TestObject(): null

2018-05-21 20:57:10 - [TEST_STEP][PASSED] - Statement - batch = com.kms.katalon.core.webui.keyword.WebUiBuiltInKeywords.modifyObjectProperty(batch, "xpath", "equals", "//*[@id = "txtbthqty" + row + ""]", true): Modify property of object successfully

2018-05-21 20:57:10 - [MESSAGE][PASSED] - Modify property of object successfully

2018-05-21 20:57:10 - [TEST_STEP][PASSED] - Statement - batchqty = com.kms.katalon.core.webui.keyword.WebUiBuiltInKeywords.getAttribute(batch, "value").trim(): Attribute 'value' of object '' is: '39400'

2018-05-21 20:57:10 - [MESSAGE][PASSED] - Attribute 'value' of object '' is: '39400'

2018-05-21 20:57:10 - [TEST_STEP][PASSED] - Statement - Rqty = 100: null

2018-05-21 20:57:10 - [TEST_STEP][PASSED] - delay: Delayed 2 second(s)

2018-05-21 20:57:12 - [MESSAGE][PASSED] - Delayed 2 second(s)

2018-05-21 20:57:12 - [TEST_STEP][PASSED] - Statement - out.println("BatchQty : " + batchqty): null

2018-05-21 20:57:12 - [TEST_STEP][PASSED] - Statement - out.println("RQty : " + Rqty): null

2018-05-21 20:57:12 - [TEST_STEP][PASSED] - Statement - If (java.lang.Integer.valueOf(batchqty) >= java.lang.Integer.valueOf(Rqty)): null

2018-05-21 20:57:12 - [TEST_STEP][PASSED] - Statement - Break: null

2018-05-21 20:57:12 - [TEST_STEP][PASSED] - Statement - batchlength = new com.kms.katalon.core.testobject.TestObject(): null

2018-05-21 20:57:12 - [TEST_STEP][PASSED] - Statement - batchlength = com.kms.katalon.core.webui.keyword.WebUiBuiltInKeywords.modifyObjectProperty(batchlength, "xpath", "equals", "//*[@id = "fldvendor" + row + ""]", true): Modify property of object successfully

2018-05-21 20:57:12 - [MESSAGE][PASSED] - Modify property of object successfully

2018-05-21 20:57:12 - [TEST_STEP][PASSED] - Statement - batchsize = com.kms.katalon.core.webui.keyword.WebUiBuiltInKeywords.getNumberOfTotalOption(batchlength): 9 options of object '' counted

2018-05-21 20:57:12 - [MESSAGE][PASSED] - 9 options of object '' counted

2018-05-21 20:57:12 - [TEST_STEP][PASSED] - Statement - out.println("BatchSize : " + batchsize): null

2018-05-21 20:57:12 - [TEST_STEP][PASSED] - Statement - For ([n = 1, n <= batchsize - 1, (n++)]): null

2018-05-21 20:57:12 - [TEST_STEP][PASSED] - Statement - product = new com.kms.katalon.core.testobject.TestObject(): null

2018-05-21 20:57:12 - [TEST_STEP][PASSED] - Statement - product = com.kms.katalon.core.webui.keyword.WebUiBuiltInKeywords.modifyObjectProperty(product, "xpath", "equals", "//*[@id = "fldvendor" + row + ""]", true): Modify property of object successfully

2018-05-21 20:57:12 - [MESSAGE][PASSED] - Modify property of object successfully

2018-05-21 20:57:12 - [TEST_STEP][PASSED] - selectOptionByIndex: All options with index in [1] are selected on object ''

2018-05-21 20:57:12 - [MESSAGE][PASSED] - All options with index in [1] are selected on object ''

2018-05-21 20:57:12 - [TEST_STEP][PASSED] - Statement - batch = new com.kms.katalon.core.testobject.TestObject(): null

2018-05-21 20:57:12 - [TEST_STEP][PASSED] - Statement - batch = com.kms.katalon.core.webui.keyword.WebUiBuiltInKeywords.modifyObjectProperty(batch, "xpath", "equals", "//*[@id = "txtbthqty" + row + ""]", true): Modify property of object successfully

2018-05-21 20:57:12 - [MESSAGE][PASSED] - Modify property of object successfully

2018-05-21 20:57:12 - [TEST_STEP][PASSED] - Statement - batchqty = com.kms.katalon.core.webui.keyword.WebUiBuiltInKeywords.getAttribute(batch, "value").trim(): Attribute 'value' of object '' is: '3400'

2018-05-21 20:57:12 - [MESSAGE][PASSED] - Attribute 'value' of object '' is: '3400'

2018-05-21 20:57:12 - [TEST_STEP][PASSED] - Statement - Rqty = 100: null

2018-05-21 20:57:12 - [TEST_STEP][PASSED] - delay: Delayed 2 second(s)

2018-05-21 20:57:14 - [MESSAGE][PASSED] - Delayed 2 second(s)

2018-05-21 20:57:14 - [TEST_STEP][PASSED] - Statement - out.println("BatchQty : " + batchqty): null

2018-05-21 20:57:14 - [TEST_STEP][PASSED] - Statement - out.println("RQty : " + Rqty): null

2018-05-21 20:57:14 - [TEST_STEP][PASSED] - Statement - If (java.lang.Integer.valueOf(batchqty) >= java.lang.Integer.valueOf(Rqty)): null

2018-05-21 20:57:14 - [TEST_STEP][PASSED] - Statement - Break: null

2018-05-21 20:57:14 - [TEST_STEP][PASSED] - Statement - batchlength = new com.kms.katalon.core.testobject.TestObject(): null

2018-05-21 20:57:14 - [TEST_STEP][PASSED] - Statement - batchlength = com.kms.katalon.core.webui.keyword.WebUiBuiltInKeywords.modifyObjectProperty(batchlength, "xpath", "equals", "//*[@id = "fldvendor" + row + ""]", true): Modify property of object successfully

2018-05-21 20:57:14 - [MESSAGE][PASSED] - Modify property of object successfully

2018-05-21 20:57:14 - [TEST_STEP][PASSED] - Statement - batchsize = com.kms.katalon.core.webui.keyword.WebUiBuiltInKeywords.getNumberOfTotalOption(batchlength): 9 options of object '' counted

2018-05-21 20:57:14 - [MESSAGE][PASSED] - 9 options of object '' counted

2018-05-21 20:57:14 - [TEST_STEP][PASSED] - Statement - out.println("BatchSize : " + batchsize): null

2018-05-21 20:57:14 - [TEST_STEP][PASSED] - Statement - For ([n = 1, n <= batchsize - 1, (n++)]): null

2018-05-21 20:57:14 - [TEST_STEP][PASSED] - Statement - product = new com.kms.katalon.core.testobject.TestObject(): null

2018-05-21 20:57:14 - [TEST_STEP][PASSED] - Statement - product = com.kms.katalon.core.webui.keyword.WebUiBuiltInKeywords.modifyObjectProperty(product, "xpath", "equals", "//*[@id = "fldvendor" + row + ""]", true): Modify property of object successfully

2018-05-21 20:57:14 - [MESSAGE][PASSED] - Modify property of object successfully

2018-05-21 20:57:14 - [TEST_STEP][PASSED] - selectOptionByIndex: All options with index in [1] are selected on object ''

2018-05-21 20:57:15 - [MESSAGE][PASSED] - All options with index in [1] are selected on object ''

2018-05-21 20:57:15 - [TEST_STEP][PASSED] - Statement - batch = new com.kms.katalon.core.testobject.TestObject(): null

2018-05-21 20:57:15 - [TEST_STEP][PASSED] - Statement - batch = com.kms.katalon.core.webui.keyword.WebUiBuiltInKeywords.modifyObjectProperty(batch, "xpath", "equals", "//*[@id = "txtbthqty" + row + ""]", true): Modify property of object successfully

2018-05-21 20:57:15 - [MESSAGE][PASSED] - Modify property of object successfully

2018-05-21 20:57:15 - [TEST_STEP][PASSED] - Statement - batchqty = com.kms.katalon.core.webui.keyword.WebUiBuiltInKeywords.getAttribute(batch, "value").trim(): Attribute 'value' of object '' is: '3400'

2018-05-21 20:57:15 - [MESSAGE][PASSED] - Attribute 'value' of object '' is: '3400'

2018-05-21 20:57:15 - [TEST_STEP][PASSED] - Statement - Rqty = 100: null

2018-05-21 20:57:15 - [TEST_STEP][PASSED] - delay: Delayed 2 second(s)

2018-05-21 20:57:17 - [MESSAGE][PASSED] - Delayed 2 second(s)

2018-05-21 20:57:17 - [TEST_STEP][PASSED] - Statement - out.println("BatchQty : " + batchqty): null

2018-05-21 20:57:17 - [TEST_STEP][PASSED] - Statement - out.println("RQty : " + Rqty): null

2018-05-21 20:57:17 - [TEST_STEP][PASSED] - Statement - If (java.lang.Integer.valueOf(batchqty) >= java.lang.Integer.valueOf(Rqty)): null

2018-05-21 20:57:17 - [TEST_STEP][PASSED] - Statement - Break: null

2018-05-21 20:57:17 - [TEST_STEP][PASSED] - Statement - batchlength = new com.kms.katalon.core.testobject.TestObject(): null

2018-05-21 20:57:17 - [TEST_STEP][PASSED] - Statement - batchlength = com.kms.katalon.core.webui.keyword.WebUiBuiltInKeywords.modifyObjectProperty(batchlength, "xpath", "equals", "//*[@id = "fldvendor" + row + ""]", true): Modify property of object successfully

2018-05-21 20:57:17 - [MESSAGE][PASSED] - Modify property of object successfully

2018-05-21 20:57:17 - [TEST_STEP][PASSED] - Statement - batchsize = com.kms.katalon.core.webui.keyword.WebUiBuiltInKeywords.getNumberOfTotalOption(batchlength): 9 options of object '' counted

2018-05-21 20:57:17 - [MESSAGE][PASSED] - 9 options of object '' counted

2018-05-21 20:57:17 - [TEST_STEP][PASSED] - Statement - out.println("BatchSize : " + batchsize): null

2018-05-21 20:57:17 - [TEST_STEP][PASSED] - Statement - For ([n = 1, n <= batchsize - 1, (n++)]): null

2018-05-21 20:57:17 - [TEST_STEP][PASSED] - Statement - product = new com.kms.katalon.core.testobject.TestObject(): null

2018-05-21 20:57:17 - [TEST_STEP][PASSED] - Statement - product = com.kms.katalon.core.webui.keyword.WebUiBuiltInKeywords.modifyObjectProperty(product, "xpath", "equals", "//*[@id = "fldvendor" + row + ""]", true): Modify property of object successfully

2018-05-21 20:57:17 - [MESSAGE][PASSED] - Modify property of object successfully

2018-05-21 20:57:17 - [TEST_STEP][PASSED] - selectOptionByIndex: All options with index in [1] are selected on object ''

2018-05-21 20:57:17 - [MESSAGE][PASSED] - All options with index in [1] are selected on object ''

2018-05-21 20:57:17 - [TEST_STEP][PASSED] - Statement - batch = new com.kms.katalon.core.testobject.TestObject(): null

2018-05-21 20:57:17 - [TEST_STEP][PASSED] - Statement - batch = com.kms.katalon.core.webui.keyword.WebUiBuiltInKeywords.modifyObjectProperty(batch, "xpath", "equals", "//*[@id = "txtbthqty" + row + ""]", true): Modify property of object successfully

2018-05-21 20:57:17 - [MESSAGE][PASSED] - Modify property of object successfully

2018-05-21 20:57:17 - [TEST_STEP][PASSED] - Statement - batchqty = com.kms.katalon.core.webui.keyword.WebUiBuiltInKeywords.getAttribute(batch, "value").trim(): Attribute 'value' of object '' is: '3400'

2018-05-21 20:57:17 - [MESSAGE][PASSED] - Attribute 'value' of object '' is: '3400'

2018-05-21 20:57:17 - [TEST_STEP][PASSED] - Statement - Rqty = 100: null

2018-05-21 20:57:17 - [TEST_STEP][PASSED] - delay: Delayed 2 second(s)

2018-05-21 20:57:19 - [MESSAGE][PASSED] - Delayed 2 second(s)

2018-05-21 20:57:19 - [TEST_STEP][PASSED] - Statement - out.println("BatchQty : " + batchqty): null

2018-05-21 20:57:19 - [TEST_STEP][PASSED] - Statement - out.println("RQty : " + Rqty): null

2018-05-21 20:57:19 - [TEST_STEP][PASSED] - Statement - If (java.lang.Integer.valueOf(batchqty) >= java.lang.Integer.valueOf(Rqty)): null

2018-05-21 20:57:19 - [TEST_STEP][PASSED] - Statement - Break: null

2018-05-21 20:57:19 - [TEST_STEP][PASSED] - Statement - batchlength = new com.kms.katalon.core.testobject.TestObject(): null

2018-05-21 20:57:19 - [TEST_STEP][PASSED] - Statement - batchlength = com.kms.katalon.core.webui.keyword.WebUiBuiltInKeywords.modifyObjectProperty(batchlength, "xpath", "equals", "//*[@id = "fldvendor" + row + ""]", true): Modify property of object successfully

2018-05-21 20:57:19 - [MESSAGE][PASSED] - Modify property of object successfully

2018-05-21 20:57:19 - [TEST_STEP][PASSED] - Statement - batchsize = com.kms.katalon.core.webui.keyword.WebUiBuiltInKeywords.getNumberOfTotalOption(batchlength): 9 options of object '' counted

2018-05-21 20:57:19 - [MESSAGE][PASSED] - 9 options of object '' counted

2018-05-21 20:57:19 - [TEST_STEP][PASSED] - Statement - out.println("BatchSize : " + batchsize): null

2018-05-21 20:57:19 - [TEST_STEP][PASSED] - Statement - For ([n = 1, n <= batchsize - 1, (n++)]): null

2018-05-21 20:57:19 - [TEST_STEP][PASSED] - Statement - product = new com.kms.katalon.core.testobject.TestObject(): null

2018-05-21 20:57:19 - [TEST_STEP][PASSED] - Statement - product = com.kms.katalon.core.webui.keyword.WebUiBuiltInKeywords.modifyObjectProperty(product, "xpath", "equals", "//*[@id = "fldvendor" + row + ""]", true): Modify property of object successfully

2018-05-21 20:57:19 - [MESSAGE][PASSED] - Modify property of object successfully

2018-05-21 20:57:19 - [TEST_STEP][PASSED] - selectOptionByIndex: All options with index in [1] are selected on object ''

2018-05-21 20:57:19 - [MESSAGE][PASSED] - All options with index in [1] are selected on object ''

2018-05-21 20:57:19 - [TEST_STEP][PASSED] - Statement - batch = new com.kms.katalon.core.testobject.TestObject(): null

2018-05-21 20:57:19 - [TEST_STEP][PASSED] - Statement - batch = com.kms.katalon.core.webui.keyword.WebUiBuiltInKeywords.modifyObjectProperty(batch, "xpath", "equals", "//*[@id = "txtbthqty" + row + ""]", true): Modify property of object successfully

2018-05-21 20:57:19 - [MESSAGE][PASSED] - Modify property of object successfully

2018-05-21 20:57:19 - [TEST_STEP][PASSED] - Statement - batchqty = com.kms.katalon.core.webui.keyword.WebUiBuiltInKeywords.getAttribute(batch, "value").trim(): Attribute 'value' of object '' is: '3400'

2018-05-21 20:57:19 - [MESSAGE][PASSED] - Attribute 'value' of object '' is: '3400'

2018-05-21 20:57:19 - [TEST_STEP][PASSED] - Statement - Rqty = 100: null

2018-05-21 20:57:19 - [TEST_STEP][PASSED] - delay: Delayed 2 second(s)

2018-05-21 20:57:21 - [MESSAGE][PASSED] - Delayed 2 second(s)

2018-05-21 20:57:21 - [TEST_STEP][PASSED] - Statement - out.println("BatchQty : " + batchqty): null

2018-05-21 20:57:21 - [TEST_STEP][PASSED] - Statement - out.println("RQty : " + Rqty): null

2018-05-21 20:57:21 - [TEST_STEP][PASSED] - Statement - If (java.lang.Integer.valueOf(batchqty) >= java.lang.Integer.valueOf(Rqty)): null

2018-05-21 20:57:21 - [TEST_STEP][PASSED] - Statement - Break: null

2018-05-21 20:57:21 - [TEST_STEP][PASSED] - Statement - batchlength = new com.kms.katalon.core.testobject.TestObject(): null

2018-05-21 20:57:21 - [TEST_STEP][PASSED] - Statement - batchlength = com.kms.katalon.core.webui.keyword.WebUiBuiltInKeywords.modifyObjectProperty(batchlength, "xpath", "equals", "//*[@id = "fldvendor" + row + ""]", true): Modify property of object successfully

2018-05-21 20:57:21 - [MESSAGE][PASSED] - Modify property of object successfully

2018-05-21 20:57:21 - [TEST_STEP][PASSED] - Statement - batchsize = com.kms.katalon.core.webui.keyword.WebUiBuiltInKeywords.getNumberOfTotalOption(batchlength): 9 options of object '' counted

2018-05-21 20:57:21 - [MESSAGE][PASSED] - 9 options of object '' counted

2018-05-21 20:57:21 - [TEST_STEP][PASSED] - Statement - out.println("BatchSize : " + batchsize): null

2018-05-21 20:57:21 - [TEST_STEP][PASSED] - Statement - For ([n = 1, n <= batchsize - 1, (n++)]): null

2018-05-21 20:57:21 - [TEST_STEP][PASSED] - Statement - product = new com.kms.katalon.core.testobject.TestObject(): null

2018-05-21 20:57:21 - [TEST_STEP][PASSED] - Statement - product = com.kms.katalon.core.webui.keyword.WebUiBuiltInKeywords.modifyObjectProperty(product, "xpath", "equals", "//*[@id = "fldvendor" + row + ""]", true): Modify property of object successfully

2018-05-21 20:57:21 - [MESSAGE][PASSED] - Modify property of object successfully

2018-05-21 20:57:21 - [TEST_STEP][PASSED] - selectOptionByIndex: All options with index in [1] are selected on object ''

2018-05-21 20:57:21 - [MESSAGE][PASSED] - All options with index in [1] are selected on object ''

2018-05-21 20:57:21 - [TEST_STEP][PASSED] - Statement - batch = new com.kms.katalon.core.testobject.TestObject(): null

2018-05-21 20:57:21 - [TEST_STEP][PASSED] - Statement - batch = com.kms.katalon.core.webui.keyword.WebUiBuiltInKeywords.modifyObjectProperty(batch, "xpath", "equals", "//*[@id = "txtbthqty" + row + ""]", true): Modify property of object successfully

2018-05-21 20:57:21 - [MESSAGE][PASSED] - Modify property of object successfully

2018-05-21 20:57:21 - [TEST_STEP][PASSED] - Statement - batchqty = com.kms.katalon.core.webui.keyword.WebUiBuiltInKeywords.getAttribute(batch, "value").trim(): Attribute 'value' of object '' is: '4400'

2018-05-21 20:57:21 - [MESSAGE][PASSED] - Attribute 'value' of object '' is: '4400'

2018-05-21 20:57:21 - [TEST_STEP][PASSED] - Statement - Rqty = 100: null

2018-05-21 20:57:21 - [TEST_STEP][PASSED] - delay: Delayed 2 second(s)

2018-05-21 20:57:23 - [MESSAGE][PASSED] - Delayed 2 second(s)

2018-05-21 20:57:23 - [TEST_STEP][PASSED] - Statement - out.println("BatchQty : " + batchqty): null

2018-05-21 20:57:23 - [TEST_STEP][PASSED] - Statement - out.println("RQty : " + Rqty): null

2018-05-21 20:57:23 - [TEST_STEP][PASSED] - Statement - If (java.lang.Integer.valueOf(batchqty) >= java.lang.Integer.valueOf(Rqty)): null

2018-05-21 20:57:23 - [TEST_STEP][PASSED] - Statement - Break: null

2018-05-21 20:57:23 - [TEST_STEP][PASSED] - Statement - batchlength = new com.kms.katalon.core.testobject.TestObject(): null

2018-05-21 20:57:23 - [TEST_STEP][PASSED] - Statement - batchlength = com.kms.katalon.core.webui.keyword.WebUiBuiltInKeywords.modifyObjectProperty(batchlength, "xpath", "equals", "//*[@id = "fldvendor" + row + ""]", true): Modify property of object successfully

2018-05-21 20:57:23 - [MESSAGE][PASSED] - Modify property of object successfully

2018-05-21 20:57:23 - [TEST_STEP][PASSED] - Statement - batchsize = com.kms.katalon.core.webui.keyword.WebUiBuiltInKeywords.getNumberOfTotalOption(batchlength): 9 options of object '' counted

2018-05-21 20:57:23 - [MESSAGE][PASSED] - 9 options of object '' counted

2018-05-21 20:57:23 - [TEST_STEP][PASSED] - Statement - out.println("BatchSize : " + batchsize): null

2018-05-21 20:57:23 - [TEST_STEP][PASSED] - Statement - For ([n = 1, n <= batchsize - 1, (n++)]): null

2018-05-21 20:57:23 - [TEST_STEP][PASSED] - Statement - product = new com.kms.katalon.core.testobject.TestObject(): null

2018-05-21 20:57:23 - [TEST_STEP][PASSED] - Statement - product = com.kms.katalon.core.webui.keyword.WebUiBuiltInKeywords.modifyObjectProperty(product, "xpath", "equals", "//*[@id = "fldvendor" + row + ""]", true): Modify property of object successfully

2018-05-21 20:57:23 - [MESSAGE][PASSED] - Modify property of object successfully

2018-05-21 20:57:23 - [TEST_STEP][PASSED] - selectOptionByIndex: All options with index in [1] are selected on object ''

2018-05-21 20:57:24 - [MESSAGE][PASSED] - All options with index in [1] are selected on object ''

2018-05-21 20:57:24 - [TEST_STEP][PASSED] - Statement - batch = new com.kms.katalon.core.testobject.TestObject(): null

2018-05-21 20:57:24 - [TEST_STEP][PASSED] - Statement - batch = com.kms.katalon.core.webui.keyword.WebUiBuiltInKeywords.modifyObjectProperty(batch, "xpath", "equals", "//*[@id = "txtbthqty" + row + ""]", true): Modify property of object successfully

2018-05-21 20:57:24 - [MESSAGE][PASSED] - Modify property of object successfully

2018-05-21 20:57:24 - [TEST_STEP][PASSED] - Statement - batchqty = com.kms.katalon.core.webui.keyword.WebUiBuiltInKeywords.getAttribute(batch, "value").trim(): Attribute 'value' of object '' is: '38400'

2018-05-21 20:57:24 - [MESSAGE][PASSED] - Attribute 'value' of object '' is: '38400'

2018-05-21 20:57:24 - [TEST_STEP][PASSED] - Statement - Rqty = 100: null

2018-05-21 20:57:24 - [TEST_STEP][PASSED] - delay: Delayed 2 second(s)

2018-05-21 20:57:26 - [MESSAGE][PASSED] - Delayed 2 second(s)

2018-05-21 20:57:26 - [TEST_STEP][PASSED] - Statement - out.println("BatchQty : " + batchqty): null

2018-05-21 20:57:26 - [TEST_STEP][PASSED] - Statement - out.println("RQty : " + Rqty): null

2018-05-21 20:57:26 - [TEST_STEP][PASSED] - Statement - If (java.lang.Integer.valueOf(batchqty) >= java.lang.Integer.valueOf(Rqty)): null

2018-05-21 20:57:26 - [TEST_STEP][PASSED] - Statement - Break: null

2018-05-21 20:57:26 - [TEST_STEP][PASSED] - click: Object: 'Object Repository/store Request Schedule 1/Page_KDMC - CMS/input_btndispatch' is clicked on

2018-05-21 20:57:26 - [MESSAGE][PASSED] - Object: 'Object Repository/store Request Schedule 1/Page_KDMC - CMS/input_btndispatch' is clicked on

2018-05-21 20:57:26 - [TEST_STEP][PASSED] - delay: Delayed 3 second(s)

2018-05-21 20:57:29 - [MESSAGE][PASSED] - Delayed 3 second(s)

2018-05-21 20:57:29 - [TEST_STEP][PASSED] - click: Object: 'Object Repository/store Request Schedule 1/Page_KDMC - CMS/button_OK' is clicked on

2018-05-21 20:57:30 - [MESSAGE][PASSED] - Object: 'Object Repository/store Request Schedule 1/Page_KDMC - CMS/button_OK' is clicked on

2018-05-21 20:57:30 - [TEST_STEP][PASSED] - delay: Delayed 3 second(s)

2018-05-21 20:57:33 - [MESSAGE][PASSED] - Delayed 3 second(s)

2018-05-21 20:57:33 - [TEST_STEP][PASSED] - click: Object: 'Object Repository/store Request Schedule 1/Page_KDMC - CMS/a_dropdown-toggle' is clicked on

2018-05-21 20:57:33 - [MESSAGE][PASSED] - Object: 'Object Repository/store Request Schedule 1/Page_KDMC - CMS/a_dropdown-toggle' is clicked on

2018-05-21 20:57:33 - [TEST_STEP][PASSED] - click: Object: 'Object Repository/store Request Schedule 1/Page_KDMC - CMS/a_Sign out' is clicked on

2018-05-21 20:57:33 - [MESSAGE][PASSED] - Object: 'Object Repository/store Request Schedule 1/Page_KDMC - CMS/a_Sign out' is clicked on

2018-05-21 20:57:33 - [TEST_STEP][PASSED] - delay: Delayed 3 second(s)

2018-05-21 20:57:36 - [MESSAGE][PASSED] - Delayed 3 second(s)

2018-05-21 20:57:36 - [TEST_STEP][PASSED] - click: Object: 'Object Repository/Store Request Schedule 1/Page_KDMC/a_Divisional Store' is clicked on

2018-05-21 20:57:37 - [MESSAGE][PASSED] - Object: 'Object Repository/Store Request Schedule 1/Page_KDMC/a_Divisional Store' is clicked on

2018-05-21 20:57:37 - [TEST_STEP][PASSED] - setText: Text 'ragu' is set on object 'Object Repository/Store Request Schedule 1/Page_Divisonal Store Login/input_txtusername'

2018-05-21 20:57:37 - [MESSAGE][PASSED] - Text 'ragu' is set on object 'Object Repository/Store Request Schedule 1/Page_Divisonal Store Login/input_txtusername'

2018-05-21 20:57:37 - [TEST_STEP][PASSED] - setText: Text '123' is set on object 'Object Repository/Store Request Schedule 1/Page_Divisonal Store Login/input_txtpassword'

2018-05-21 20:57:37 - [MESSAGE][PASSED] - Text '123' is set on object 'Object Repository/Store Request Schedule 1/Page_Divisonal Store Login/input_txtpassword'

2018-05-21 20:57:37 - [TEST_STEP][PASSED] - delay: Delayed 3 second(s)

2018-05-21 20:57:40 - [MESSAGE][PASSED] - Delayed 3 second(s)

2018-05-21 20:57:40 - [TEST_STEP][PASSED] - click: Object: 'Object Repository/Store Request Schedule 1/Page_Divisonal Store Login/button_Sign in' is clicked on

2018-05-21 20:57:41 - [MESSAGE][PASSED] - Object: 'Object Repository/Store Request Schedule 1/Page_Divisonal Store Login/button_Sign in' is clicked on

2018-05-21 20:57:41 - [TEST_STEP][PASSED] - delay: Delayed 3 second(s)

2018-05-21 20:57:44 - [MESSAGE][PASSED] - Delayed 3 second(s)

2018-05-21 20:57:44 - [TEST_STEP][PASSED] - click: Object: 'Object Repository/Store Request Schedule 1/Page_Store/a_CMS' is clicked on

2018-05-21 20:57:44 - [MESSAGE][PASSED] - Object: 'Object Repository/Store Request Schedule 1/Page_Store/a_CMS' is clicked on

2018-05-21 20:57:44 - [TEST_STEP][PASSED] - delay: Delayed 2 second(s)

2018-05-21 20:57:46 - [MESSAGE][PASSED] - Delayed 2 second(s)

2018-05-21 20:57:46 - [TEST_STEP][PASSED] - click: Object: 'Object Repository/Store Request Schedule 1/Page_Store/a_Receiving Goods' is clicked on

2018-05-21 20:57:47 - [MESSAGE][PASSED] - Object: 'Object Repository/Store Request Schedule 1/Page_Store/a_Receiving Goods' is clicked on

2018-05-21 20:57:47 - [TEST_STEP][PASSED] - setText: Text 'PRNO/21052018/336' is set on object 'Object Repository/Store Request Schedule 1/Page_Store/input'

2018-05-21 20:57:47 - [MESSAGE][PASSED] - Text 'PRNO/21052018/336' is set on object 'Object Repository/Store Request Schedule 1/Page_Store/input'

2018-05-21 20:57:47 - [TEST_STEP][PASSED] - click: Object: 'Object Repository/Store Request Schedule 1/Page_Store/input_btn btn-primary' is clicked on

2018-05-21 20:57:47 - [MESSAGE][PASSED] - Object: 'Object Repository/Store Request Schedule 1/Page_Store/input_btn btn-primary' is clicked on

2018-05-21 20:57:47 - [TEST_STEP][PASSED] - delay: Delayed 2 second(s)

2018-05-21 20:57:49 - [MESSAGE][PASSED] - Delayed 2 second(s)

2018-05-21 20:57:49 - [TEST_STEP][PASSED] - click: Object: 'Object Repository/Store Request Schedule 1/Page_Store/input_chkrem' is clicked on

2018-05-21 20:57:50 - [MESSAGE][PASSED] - Object: 'Object Repository/Store Request Schedule 1/Page_Store/input_chkrem' is clicked on

2018-05-21 20:57:50 - [TEST_STEP][PASSED] - scrollToElement: Scroll to object 'Object Repository/Store Request Schedule 1/Page_Store/input_btchkroqadd' successfully

2018-05-21 20:57:50 - [MESSAGE][PASSED] - Scroll to object 'Object Repository/Store Request Schedule 1/Page_Store/input_btchkroqadd' successfully

2018-05-21 20:57:50 - [TEST_STEP][PASSED] - click: Object: 'Object Repository/Store Request Schedule 1/Page_Store/input_btchkroqadd' is clicked on

2018-05-21 20:57:50 - [MESSAGE][PASSED] - Object: 'Object Repository/Store Request Schedule 1/Page_Store/input_btchkroqadd' is clicked on

2018-05-21 20:57:50 - [TEST_STEP][PASSED] - delay: Delayed 2 second(s)

2018-05-21 20:57:52 - [MESSAGE][PASSED] - Delayed 2 second(s)

2018-05-21 20:57:52 - [TEST_STEP][PASSED] - refresh: Refresh successfully

2018-05-21 20:57:52 - [MESSAGE][PASSED] - Refresh successfully

2018-05-21 20:57:52 - [TEST_STEP][PASSED] - delay: Delayed 3 second(s)

2018-05-21 20:57:55 - [MESSAGE][PASSED] - Delayed 3 second(s)

2018-05-21 20:57:55 - [TEST_STEP][PASSED] - click: Object: 'Object Repository/Store Request Schedule 1/Page_Store/a_dropdown-toggle' is clicked on

2018-05-21 20:57:55 - [MESSAGE][PASSED] - Object: 'Object Repository/Store Request Schedule 1/Page_Store/a_dropdown-toggle' is clicked on

2018-05-21 20:57:55 - [TEST_STEP][PASSED] - click: Object: 'Object Repository/Store Request Schedule 1/Page_Store/a_Sign out' is clicked on

2018-05-21 20:57:56 - [MESSAGE][PASSED] - Object: 'Object Repository/Store Request Schedule 1/Page_Store/a_Sign out' is clicked on

2018-05-21 20:57:56 - [TEST_STEP][PASSED] - closeBrowser: Browser is closed

2018-05-21 20:57:57 - [MESSAGE][PASSED] - Browser is closed

2018-05-21 20:57:57 - [TEST_STEP][PASSED] - Statement - out.println("Schedule 9 STORE Request Are Working Successfully"): null]]></system-out>
         <system-err><![CDATA[]]></system-err>
      </testcase>
      <testcase name="Test Cases/STORE TO CMS REQUEST TEST CASES/TC_STCMS_010 To Verify Schedule 10 Store To CMS Request Are Working Successfully Or Not" classname="Test Cases/STORE TO CMS REQUEST TEST CASES/TC_STCMS_010 To Verify Schedule 10 Store To CMS Request Are Working Successfully Or Not" status="FAILED">
         <failure type="FAILED" message="Unable to get attribute 'value' of object '' (Root cause: org.openqa.selenium.UnhandledAlertException: unexpected alert open: {Alert text : function Error() { [native code] }}
  (Session info: chrome=66.0.3359.181)
  (Driver info: chromedriver=2.35.528161 (5b82f2d2aae0ca24b877009200ced9065a772e73),platform=Windows NT 10.0.17134 x86_64) (WARNING: The server did not provide any stacktrace information)
Command duration or timeout: 0 milliseconds: null
Build info: version: '3.7.1', revision: '8a0099a', time: '2017-11-06T21:07:36.161Z'
System info: host: 'DESKTOP-BLFTK83', ip: '169.254.189.85', os.name: 'Windows 10', os.arch: 'amd64', os.version: '10.0', java.version: '1.8.0_102'
Driver info: com.kms.katalon.selenium.driver.CChromeDriver
Capabilities {acceptInsecureCerts: false, acceptSslCerts: false, applicationCacheEnabled: false, browserConnectionEnabled: false, browserName: chrome, chrome: {chromedriverVersion: 2.35.528161 (5b82f2d2aae0ca..., userDataDir: C:\Users\QUALIT~1\AppData\L...}, cssSelectorsEnabled: true, databaseEnabled: false, handlesAlerts: true, hasTouchScreen: false, javascriptEnabled: true, locationContextEnabled: true, mobileEmulationEnabled: false, nativeEvents: true, networkConnectionEnabled: false, pageLoadStrategy: normal, platform: XP, platformName: XP, rotatable: false, setWindowRect: true, takesHeapSnapshot: true, takesScreenshot: true, unexpectedAlertBehaviour: , unhandledPromptBehavior: , version: 66.0.3359.181, webStorageEnabled: true}
Session ID: fb2de2214bf948e98a33cd6a5bf63efd
*** Element info: {Using=xpath, value=//*[@id = &quot;txtbthqty8&quot;]})"/>
         <system-out><![CDATA[2018-05-21 20:57:57 - [TEST_CASE][FAILED] - Test Cases/STORE TO CMS REQUEST TEST CASES/TC_STCMS_010 To Verify Schedule 10 Store To CMS Request Are Working Successfully Or Not: Test Cases/STORE TO CMS REQUEST TEST CASES/TC_STCMS_010 To Verify Schedule 10 Store To CMS Request Are Working Successfully Or Not FAILED because (of) Unable to get attribute 'value' of object '' (Root cause: org.openqa.selenium.UnhandledAlertException: unexpected alert open: {Alert text : function Error() { [native code] }}
  (Session info: chrome=66.0.3359.181)
  (Driver info: chromedriver=2.35.528161 (5b82f2d2aae0ca24b877009200ced9065a772e73),platform=Windows NT 10.0.17134 x86_64) (WARNING: The server did not provide any stacktrace information)
Command duration or timeout: 0 milliseconds: null
Build info: version: '3.7.1', revision: '8a0099a', time: '2017-11-06T21:07:36.161Z'
System info: host: 'DESKTOP-BLFTK83', ip: '169.254.189.85', os.name: 'Windows 10', os.arch: 'amd64', os.version: '10.0', java.version: '1.8.0_102'
Driver info: com.kms.katalon.selenium.driver.CChromeDriver
Capabilities {acceptInsecureCerts: false, acceptSslCerts: false, applicationCacheEnabled: false, browserConnectionEnabled: false, browserName: chrome, chrome: {chromedriverVersion: 2.35.528161 (5b82f2d2aae0ca..., userDataDir: C:\Users\QUALIT~1\AppData\L...}, cssSelectorsEnabled: true, databaseEnabled: false, handlesAlerts: true, hasTouchScreen: false, javascriptEnabled: true, locationContextEnabled: true, mobileEmulationEnabled: false, nativeEvents: true, networkConnectionEnabled: false, pageLoadStrategy: normal, platform: XP, platformName: XP, rotatable: false, setWindowRect: true, takesHeapSnapshot: true, takesScreenshot: true, unexpectedAlertBehaviour: , unhandledPromptBehavior: , version: 66.0.3359.181, webStorageEnabled: true}
Session ID: fb2de2214bf948e98a33cd6a5bf63efd
*** Element info: {Using=xpath, value=//*[@id = "txtbthqty8"]})

2018-05-21 20:57:57 - [TEST_STEP][PASSED] - openBrowser: Browser is opened with url: ''

2018-05-21 20:57:59 - [MESSAGE][PASSED] - Browser is opened with url: ''

2018-05-21 20:57:59 - [TEST_STEP][PASSED] - Statement - out.println("Verify Schedule 10 STORE Request Are Working Successfully Or Not"): null

2018-05-21 20:57:59 - [TEST_STEP][PASSED] - navigateToUrl: Navigate to 'http://192.168.137.1/multihospital_new/' successfully

2018-05-21 20:58:01 - [MESSAGE][PASSED] - Navigate to 'http://192.168.137.1/multihospital_new/' successfully

2018-05-21 20:58:01 - [TEST_STEP][PASSED] - maximizeWindow: Current window maximized

2018-05-21 20:58:02 - [MESSAGE][PASSED] - Current window maximized

2018-05-21 20:58:02 - [TEST_STEP][PASSED] - click: Object: 'Object Repository/Store Request Schedule 1/Page_KDMC/a_Divisional Store' is clicked on

2018-05-21 20:58:03 - [MESSAGE][PASSED] - Object: 'Object Repository/Store Request Schedule 1/Page_KDMC/a_Divisional Store' is clicked on

2018-05-21 20:58:03 - [TEST_STEP][PASSED] - setText: Text 'ragu' is set on object 'Object Repository/Store Request Schedule 1/Page_Divisonal Store Login/input_txtusername'

2018-05-21 20:58:03 - [MESSAGE][PASSED] - Text 'ragu' is set on object 'Object Repository/Store Request Schedule 1/Page_Divisonal Store Login/input_txtusername'

2018-05-21 20:58:03 - [TEST_STEP][PASSED] - setText: Text '123' is set on object 'Object Repository/Store Request Schedule 1/Page_Divisonal Store Login/input_txtpassword'

2018-05-21 20:58:03 - [MESSAGE][PASSED] - Text '123' is set on object 'Object Repository/Store Request Schedule 1/Page_Divisonal Store Login/input_txtpassword'

2018-05-21 20:58:03 - [TEST_STEP][PASSED] - delay: Delayed 3 second(s)

2018-05-21 20:58:06 - [MESSAGE][PASSED] - Delayed 3 second(s)

2018-05-21 20:58:06 - [TEST_STEP][PASSED] - click: Object: 'Object Repository/Store Request Schedule 1/Page_Divisonal Store Login/button_Sign in' is clicked on

2018-05-21 20:58:07 - [MESSAGE][PASSED] - Object: 'Object Repository/Store Request Schedule 1/Page_Divisonal Store Login/button_Sign in' is clicked on

2018-05-21 20:58:07 - [TEST_STEP][PASSED] - delay: Delayed 3 second(s)

2018-05-21 20:58:10 - [MESSAGE][PASSED] - Delayed 3 second(s)

2018-05-21 20:58:10 - [TEST_STEP][PASSED] - click: Object: 'Object Repository/Store Request Schedule 1/Page_Store/a_CMS' is clicked on

2018-05-21 20:58:11 - [MESSAGE][PASSED] - Object: 'Object Repository/Store Request Schedule 1/Page_Store/a_CMS' is clicked on

2018-05-21 20:58:11 - [TEST_STEP][PASSED] - delay: Delayed 2 second(s)

2018-05-21 20:58:13 - [MESSAGE][PASSED] - Delayed 2 second(s)

2018-05-21 20:58:13 - [TEST_STEP][PASSED] - click: Object: 'Object Repository/Store Request Schedule 1/Page_Store/a_Request Send' is clicked on

2018-05-21 20:58:14 - [MESSAGE][PASSED] - Object: 'Object Repository/Store Request Schedule 1/Page_Store/a_Request Send' is clicked on

2018-05-21 20:58:14 - [TEST_STEP][PASSED] - selectOptionByIndex: All options with index in [1] are selected on object 'Object Repository/Store Request Schedule 1/Page_Store/select_--Select--'

2018-05-21 20:58:14 - [MESSAGE][PASSED] - All options with index in [1] are selected on object 'Object Repository/Store Request Schedule 1/Page_Store/select_--Select--'

2018-05-21 20:58:14 - [TEST_STEP][PASSED] - selectOptionByIndex: All options with index in [10] are selected on object 'Object Repository/Store Request Schedule 1/Page_Store/select_--Select--Schedule 1Inj'

2018-05-21 20:58:14 - [MESSAGE][PASSED] - All options with index in [10] are selected on object 'Object Repository/Store Request Schedule 1/Page_Store/select_--Select--Schedule 1Inj'

2018-05-21 20:58:14 - [TEST_STEP][PASSED] - Statement - SelectedOptions = com.kms.katalon.core.webui.keyword.WebUiBuiltInKeywords.getNumberOfTotalOption(com.kms.katalon.core.testobject.ObjectRepository.findTestObject(Store Request Schedule 1/Page_Store/select_--Select--Adernaline 0.)): 19 options of object 'Object Repository/Store Request Schedule 1/Page_Store/select_--Select--Adernaline 0.' counted

2018-05-21 20:58:14 - [MESSAGE][PASSED] - 19 options of object 'Object Repository/Store Request Schedule 1/Page_Store/select_--Select--Adernaline 0.' counted

2018-05-21 20:58:14 - [TEST_STEP][PASSED] - Statement - For ([y = 1, y < SelectedOptions, (y++)]): Object: 'Object Repository/Store Request Schedule 1/Page_Store/button_Add' is clicked on

2018-05-21 20:58:14 - [TEST_STEP][PASSED] - selectOptionByIndex: All options with index in [10] are selected on object 'Object Repository/Store Request Schedule 1/Page_Store/select_--Select--Schedule 1Inj'

2018-05-21 20:58:14 - [MESSAGE][PASSED] - All options with index in [10] are selected on object 'Object Repository/Store Request Schedule 1/Page_Store/select_--Select--Schedule 1Inj'

2018-05-21 20:58:14 - [TEST_STEP][PASSED] - delay: Delayed 1 second(s)

2018-05-21 20:58:15 - [MESSAGE][PASSED] - Delayed 1 second(s)

2018-05-21 20:58:15 - [TEST_STEP][PASSED] - selectOptionByIndex: All options with index in [1] are selected on object 'Object Repository/Store Request Schedule 1/Page_Store/select_--Select--Adernaline 0.'

2018-05-21 20:58:16 - [MESSAGE][PASSED] - All options with index in [1] are selected on object 'Object Repository/Store Request Schedule 1/Page_Store/select_--Select--Adernaline 0.'

2018-05-21 20:58:16 - [TEST_STEP][PASSED] - setText: Text '100' is set on object 'Object Repository/Store Request Schedule 1/Page_Store/input_txttreat'

2018-05-21 20:58:16 - [MESSAGE][PASSED] - Text '100' is set on object 'Object Repository/Store Request Schedule 1/Page_Store/input_txttreat'

2018-05-21 20:58:16 - [TEST_STEP][PASSED] - click: Object: 'Object Repository/Store Request Schedule 1/Page_Store/button_Add' is clicked on

2018-05-21 20:58:16 - [MESSAGE][PASSED] - Object: 'Object Repository/Store Request Schedule 1/Page_Store/button_Add' is clicked on

2018-05-21 20:58:16 - [TEST_STEP][PASSED] - selectOptionByIndex: All options with index in [10] are selected on object 'Object Repository/Store Request Schedule 1/Page_Store/select_--Select--Schedule 1Inj'

2018-05-21 20:58:16 - [MESSAGE][PASSED] - All options with index in [10] are selected on object 'Object Repository/Store Request Schedule 1/Page_Store/select_--Select--Schedule 1Inj'

2018-05-21 20:58:16 - [TEST_STEP][PASSED] - delay: Delayed 1 second(s)

2018-05-21 20:58:17 - [MESSAGE][PASSED] - Delayed 1 second(s)

2018-05-21 20:58:17 - [TEST_STEP][PASSED] - selectOptionByIndex: All options with index in [2] are selected on object 'Object Repository/Store Request Schedule 1/Page_Store/select_--Select--Adernaline 0.'

2018-05-21 20:58:17 - [MESSAGE][PASSED] - All options with index in [2] are selected on object 'Object Repository/Store Request Schedule 1/Page_Store/select_--Select--Adernaline 0.'

2018-05-21 20:58:17 - [TEST_STEP][PASSED] - setText: Text '100' is set on object 'Object Repository/Store Request Schedule 1/Page_Store/input_txttreat'

2018-05-21 20:58:17 - [MESSAGE][PASSED] - Text '100' is set on object 'Object Repository/Store Request Schedule 1/Page_Store/input_txttreat'

2018-05-21 20:58:17 - [TEST_STEP][PASSED] - click: Object: 'Object Repository/Store Request Schedule 1/Page_Store/button_Add' is clicked on

2018-05-21 20:58:17 - [MESSAGE][PASSED] - Object: 'Object Repository/Store Request Schedule 1/Page_Store/button_Add' is clicked on

2018-05-21 20:58:17 - [TEST_STEP][PASSED] - selectOptionByIndex: All options with index in [10] are selected on object 'Object Repository/Store Request Schedule 1/Page_Store/select_--Select--Schedule 1Inj'

2018-05-21 20:58:17 - [MESSAGE][PASSED] - All options with index in [10] are selected on object 'Object Repository/Store Request Schedule 1/Page_Store/select_--Select--Schedule 1Inj'

2018-05-21 20:58:17 - [TEST_STEP][PASSED] - delay: Delayed 1 second(s)

2018-05-21 20:58:18 - [MESSAGE][PASSED] - Delayed 1 second(s)

2018-05-21 20:58:18 - [TEST_STEP][PASSED] - selectOptionByIndex: All options with index in [3] are selected on object 'Object Repository/Store Request Schedule 1/Page_Store/select_--Select--Adernaline 0.'

2018-05-21 20:58:19 - [MESSAGE][PASSED] - All options with index in [3] are selected on object 'Object Repository/Store Request Schedule 1/Page_Store/select_--Select--Adernaline 0.'

2018-05-21 20:58:19 - [TEST_STEP][PASSED] - setText: Text '100' is set on object 'Object Repository/Store Request Schedule 1/Page_Store/input_txttreat'

2018-05-21 20:58:19 - [MESSAGE][PASSED] - Text '100' is set on object 'Object Repository/Store Request Schedule 1/Page_Store/input_txttreat'

2018-05-21 20:58:19 - [TEST_STEP][PASSED] - click: Object: 'Object Repository/Store Request Schedule 1/Page_Store/button_Add' is clicked on

2018-05-21 20:58:19 - [MESSAGE][PASSED] - Object: 'Object Repository/Store Request Schedule 1/Page_Store/button_Add' is clicked on

2018-05-21 20:58:19 - [TEST_STEP][PASSED] - selectOptionByIndex: All options with index in [10] are selected on object 'Object Repository/Store Request Schedule 1/Page_Store/select_--Select--Schedule 1Inj'

2018-05-21 20:58:19 - [MESSAGE][PASSED] - All options with index in [10] are selected on object 'Object Repository/Store Request Schedule 1/Page_Store/select_--Select--Schedule 1Inj'

2018-05-21 20:58:19 - [TEST_STEP][PASSED] - delay: Delayed 1 second(s)

2018-05-21 20:58:20 - [MESSAGE][PASSED] - Delayed 1 second(s)

2018-05-21 20:58:20 - [TEST_STEP][PASSED] - selectOptionByIndex: All options with index in [4] are selected on object 'Object Repository/Store Request Schedule 1/Page_Store/select_--Select--Adernaline 0.'

2018-05-21 20:58:20 - [MESSAGE][PASSED] - All options with index in [4] are selected on object 'Object Repository/Store Request Schedule 1/Page_Store/select_--Select--Adernaline 0.'

2018-05-21 20:58:20 - [TEST_STEP][PASSED] - setText: Text '100' is set on object 'Object Repository/Store Request Schedule 1/Page_Store/input_txttreat'

2018-05-21 20:58:20 - [MESSAGE][PASSED] - Text '100' is set on object 'Object Repository/Store Request Schedule 1/Page_Store/input_txttreat'

2018-05-21 20:58:20 - [TEST_STEP][PASSED] - click: Object: 'Object Repository/Store Request Schedule 1/Page_Store/button_Add' is clicked on

2018-05-21 20:58:20 - [MESSAGE][PASSED] - Object: 'Object Repository/Store Request Schedule 1/Page_Store/button_Add' is clicked on

2018-05-21 20:58:20 - [TEST_STEP][PASSED] - selectOptionByIndex: All options with index in [10] are selected on object 'Object Repository/Store Request Schedule 1/Page_Store/select_--Select--Schedule 1Inj'

2018-05-21 20:58:20 - [MESSAGE][PASSED] - All options with index in [10] are selected on object 'Object Repository/Store Request Schedule 1/Page_Store/select_--Select--Schedule 1Inj'

2018-05-21 20:58:20 - [TEST_STEP][PASSED] - delay: Delayed 1 second(s)

2018-05-21 20:58:21 - [MESSAGE][PASSED] - Delayed 1 second(s)

2018-05-21 20:58:21 - [TEST_STEP][PASSED] - selectOptionByIndex: All options with index in [5] are selected on object 'Object Repository/Store Request Schedule 1/Page_Store/select_--Select--Adernaline 0.'

2018-05-21 20:58:21 - [MESSAGE][PASSED] - All options with index in [5] are selected on object 'Object Repository/Store Request Schedule 1/Page_Store/select_--Select--Adernaline 0.'

2018-05-21 20:58:21 - [TEST_STEP][PASSED] - setText: Text '100' is set on object 'Object Repository/Store Request Schedule 1/Page_Store/input_txttreat'

2018-05-21 20:58:22 - [MESSAGE][PASSED] - Text '100' is set on object 'Object Repository/Store Request Schedule 1/Page_Store/input_txttreat'

2018-05-21 20:58:22 - [TEST_STEP][PASSED] - click: Object: 'Object Repository/Store Request Schedule 1/Page_Store/button_Add' is clicked on

2018-05-21 20:58:22 - [MESSAGE][PASSED] - Object: 'Object Repository/Store Request Schedule 1/Page_Store/button_Add' is clicked on

2018-05-21 20:58:22 - [TEST_STEP][PASSED] - selectOptionByIndex: All options with index in [10] are selected on object 'Object Repository/Store Request Schedule 1/Page_Store/select_--Select--Schedule 1Inj'

2018-05-21 20:58:22 - [MESSAGE][PASSED] - All options with index in [10] are selected on object 'Object Repository/Store Request Schedule 1/Page_Store/select_--Select--Schedule 1Inj'

2018-05-21 20:58:22 - [TEST_STEP][PASSED] - delay: Delayed 1 second(s)

2018-05-21 20:58:23 - [MESSAGE][PASSED] - Delayed 1 second(s)

2018-05-21 20:58:23 - [TEST_STEP][PASSED] - selectOptionByIndex: All options with index in [6] are selected on object 'Object Repository/Store Request Schedule 1/Page_Store/select_--Select--Adernaline 0.'

2018-05-21 20:58:23 - [MESSAGE][PASSED] - All options with index in [6] are selected on object 'Object Repository/Store Request Schedule 1/Page_Store/select_--Select--Adernaline 0.'

2018-05-21 20:58:23 - [TEST_STEP][PASSED] - setText: Text '100' is set on object 'Object Repository/Store Request Schedule 1/Page_Store/input_txttreat'

2018-05-21 20:58:23 - [MESSAGE][PASSED] - Text '100' is set on object 'Object Repository/Store Request Schedule 1/Page_Store/input_txttreat'

2018-05-21 20:58:23 - [TEST_STEP][PASSED] - click: Object: 'Object Repository/Store Request Schedule 1/Page_Store/button_Add' is clicked on

2018-05-21 20:58:23 - [MESSAGE][PASSED] - Object: 'Object Repository/Store Request Schedule 1/Page_Store/button_Add' is clicked on

2018-05-21 20:58:23 - [TEST_STEP][PASSED] - selectOptionByIndex: All options with index in [10] are selected on object 'Object Repository/Store Request Schedule 1/Page_Store/select_--Select--Schedule 1Inj'

2018-05-21 20:58:23 - [MESSAGE][PASSED] - All options with index in [10] are selected on object 'Object Repository/Store Request Schedule 1/Page_Store/select_--Select--Schedule 1Inj'

2018-05-21 20:58:23 - [TEST_STEP][PASSED] - delay: Delayed 1 second(s)

2018-05-21 20:58:24 - [MESSAGE][PASSED] - Delayed 1 second(s)

2018-05-21 20:58:24 - [TEST_STEP][PASSED] - selectOptionByIndex: All options with index in [7] are selected on object 'Object Repository/Store Request Schedule 1/Page_Store/select_--Select--Adernaline 0.'

2018-05-21 20:58:24 - [MESSAGE][PASSED] - All options with index in [7] are selected on object 'Object Repository/Store Request Schedule 1/Page_Store/select_--Select--Adernaline 0.'

2018-05-21 20:58:24 - [TEST_STEP][PASSED] - setText: Text '100' is set on object 'Object Repository/Store Request Schedule 1/Page_Store/input_txttreat'

2018-05-21 20:58:25 - [MESSAGE][PASSED] - Text '100' is set on object 'Object Repository/Store Request Schedule 1/Page_Store/input_txttreat'

2018-05-21 20:58:25 - [TEST_STEP][PASSED] - click: Object: 'Object Repository/Store Request Schedule 1/Page_Store/button_Add' is clicked on

2018-05-21 20:58:25 - [MESSAGE][PASSED] - Object: 'Object Repository/Store Request Schedule 1/Page_Store/button_Add' is clicked on

2018-05-21 20:58:25 - [TEST_STEP][PASSED] - selectOptionByIndex: All options with index in [10] are selected on object 'Object Repository/Store Request Schedule 1/Page_Store/select_--Select--Schedule 1Inj'

2018-05-21 20:58:25 - [MESSAGE][PASSED] - All options with index in [10] are selected on object 'Object Repository/Store Request Schedule 1/Page_Store/select_--Select--Schedule 1Inj'

2018-05-21 20:58:25 - [TEST_STEP][PASSED] - delay: Delayed 1 second(s)

2018-05-21 20:58:26 - [MESSAGE][PASSED] - Delayed 1 second(s)

2018-05-21 20:58:26 - [TEST_STEP][PASSED] - selectOptionByIndex: All options with index in [8] are selected on object 'Object Repository/Store Request Schedule 1/Page_Store/select_--Select--Adernaline 0.'

2018-05-21 20:58:26 - [MESSAGE][PASSED] - All options with index in [8] are selected on object 'Object Repository/Store Request Schedule 1/Page_Store/select_--Select--Adernaline 0.'

2018-05-21 20:58:26 - [TEST_STEP][PASSED] - setText: Text '100' is set on object 'Object Repository/Store Request Schedule 1/Page_Store/input_txttreat'

2018-05-21 20:58:26 - [MESSAGE][PASSED] - Text '100' is set on object 'Object Repository/Store Request Schedule 1/Page_Store/input_txttreat'

2018-05-21 20:58:26 - [TEST_STEP][PASSED] - click: Object: 'Object Repository/Store Request Schedule 1/Page_Store/button_Add' is clicked on

2018-05-21 20:58:26 - [MESSAGE][PASSED] - Object: 'Object Repository/Store Request Schedule 1/Page_Store/button_Add' is clicked on

2018-05-21 20:58:26 - [TEST_STEP][PASSED] - selectOptionByIndex: All options with index in [10] are selected on object 'Object Repository/Store Request Schedule 1/Page_Store/select_--Select--Schedule 1Inj'

2018-05-21 20:58:26 - [MESSAGE][PASSED] - All options with index in [10] are selected on object 'Object Repository/Store Request Schedule 1/Page_Store/select_--Select--Schedule 1Inj'

2018-05-21 20:58:26 - [TEST_STEP][PASSED] - delay: Delayed 1 second(s)

2018-05-21 20:58:27 - [MESSAGE][PASSED] - Delayed 1 second(s)

2018-05-21 20:58:27 - [TEST_STEP][PASSED] - selectOptionByIndex: All options with index in [9] are selected on object 'Object Repository/Store Request Schedule 1/Page_Store/select_--Select--Adernaline 0.'

2018-05-21 20:58:28 - [MESSAGE][PASSED] - All options with index in [9] are selected on object 'Object Repository/Store Request Schedule 1/Page_Store/select_--Select--Adernaline 0.'

2018-05-21 20:58:28 - [TEST_STEP][PASSED] - setText: Text '100' is set on object 'Object Repository/Store Request Schedule 1/Page_Store/input_txttreat'

2018-05-21 20:58:28 - [MESSAGE][PASSED] - Text '100' is set on object 'Object Repository/Store Request Schedule 1/Page_Store/input_txttreat'

2018-05-21 20:58:28 - [TEST_STEP][PASSED] - click: Object: 'Object Repository/Store Request Schedule 1/Page_Store/button_Add' is clicked on

2018-05-21 20:58:28 - [MESSAGE][PASSED] - Object: 'Object Repository/Store Request Schedule 1/Page_Store/button_Add' is clicked on

2018-05-21 20:58:28 - [TEST_STEP][PASSED] - selectOptionByIndex: All options with index in [10] are selected on object 'Object Repository/Store Request Schedule 1/Page_Store/select_--Select--Schedule 1Inj'

2018-05-21 20:58:28 - [MESSAGE][PASSED] - All options with index in [10] are selected on object 'Object Repository/Store Request Schedule 1/Page_Store/select_--Select--Schedule 1Inj'

2018-05-21 20:58:28 - [TEST_STEP][PASSED] - delay: Delayed 1 second(s)

2018-05-21 20:58:29 - [MESSAGE][PASSED] - Delayed 1 second(s)

2018-05-21 20:58:29 - [TEST_STEP][PASSED] - selectOptionByIndex: All options with index in [10] are selected on object 'Object Repository/Store Request Schedule 1/Page_Store/select_--Select--Adernaline 0.'

2018-05-21 20:58:29 - [MESSAGE][PASSED] - All options with index in [10] are selected on object 'Object Repository/Store Request Schedule 1/Page_Store/select_--Select--Adernaline 0.'

2018-05-21 20:58:29 - [TEST_STEP][PASSED] - setText: Text '100' is set on object 'Object Repository/Store Request Schedule 1/Page_Store/input_txttreat'

2018-05-21 20:58:29 - [MESSAGE][PASSED] - Text '100' is set on object 'Object Repository/Store Request Schedule 1/Page_Store/input_txttreat'

2018-05-21 20:58:29 - [TEST_STEP][PASSED] - click: Object: 'Object Repository/Store Request Schedule 1/Page_Store/button_Add' is clicked on

2018-05-21 20:58:29 - [MESSAGE][PASSED] - Object: 'Object Repository/Store Request Schedule 1/Page_Store/button_Add' is clicked on

2018-05-21 20:58:29 - [TEST_STEP][PASSED] - selectOptionByIndex: All options with index in [10] are selected on object 'Object Repository/Store Request Schedule 1/Page_Store/select_--Select--Schedule 1Inj'

2018-05-21 20:58:29 - [MESSAGE][PASSED] - All options with index in [10] are selected on object 'Object Repository/Store Request Schedule 1/Page_Store/select_--Select--Schedule 1Inj'

2018-05-21 20:58:29 - [TEST_STEP][PASSED] - delay: Delayed 1 second(s)

2018-05-21 20:58:30 - [MESSAGE][PASSED] - Delayed 1 second(s)

2018-05-21 20:58:30 - [TEST_STEP][PASSED] - selectOptionByIndex: All options with index in [11] are selected on object 'Object Repository/Store Request Schedule 1/Page_Store/select_--Select--Adernaline 0.'

2018-05-21 20:58:31 - [MESSAGE][PASSED] - All options with index in [11] are selected on object 'Object Repository/Store Request Schedule 1/Page_Store/select_--Select--Adernaline 0.'

2018-05-21 20:58:31 - [TEST_STEP][PASSED] - setText: Text '100' is set on object 'Object Repository/Store Request Schedule 1/Page_Store/input_txttreat'

2018-05-21 20:58:31 - [MESSAGE][PASSED] - Text '100' is set on object 'Object Repository/Store Request Schedule 1/Page_Store/input_txttreat'

2018-05-21 20:58:31 - [TEST_STEP][PASSED] - click: Object: 'Object Repository/Store Request Schedule 1/Page_Store/button_Add' is clicked on

2018-05-21 20:58:31 - [MESSAGE][PASSED] - Object: 'Object Repository/Store Request Schedule 1/Page_Store/button_Add' is clicked on

2018-05-21 20:58:31 - [TEST_STEP][PASSED] - selectOptionByIndex: All options with index in [10] are selected on object 'Object Repository/Store Request Schedule 1/Page_Store/select_--Select--Schedule 1Inj'

2018-05-21 20:58:31 - [MESSAGE][PASSED] - All options with index in [10] are selected on object 'Object Repository/Store Request Schedule 1/Page_Store/select_--Select--Schedule 1Inj'

2018-05-21 20:58:31 - [TEST_STEP][PASSED] - delay: Delayed 1 second(s)

2018-05-21 20:58:32 - [MESSAGE][PASSED] - Delayed 1 second(s)

2018-05-21 20:58:32 - [TEST_STEP][PASSED] - selectOptionByIndex: All options with index in [12] are selected on object 'Object Repository/Store Request Schedule 1/Page_Store/select_--Select--Adernaline 0.'

2018-05-21 20:58:32 - [MESSAGE][PASSED] - All options with index in [12] are selected on object 'Object Repository/Store Request Schedule 1/Page_Store/select_--Select--Adernaline 0.'

2018-05-21 20:58:32 - [TEST_STEP][PASSED] - setText: Text '100' is set on object 'Object Repository/Store Request Schedule 1/Page_Store/input_txttreat'

2018-05-21 20:58:32 - [MESSAGE][PASSED] - Text '100' is set on object 'Object Repository/Store Request Schedule 1/Page_Store/input_txttreat'

2018-05-21 20:58:32 - [TEST_STEP][PASSED] - click: Object: 'Object Repository/Store Request Schedule 1/Page_Store/button_Add' is clicked on

2018-05-21 20:58:32 - [MESSAGE][PASSED] - Object: 'Object Repository/Store Request Schedule 1/Page_Store/button_Add' is clicked on

2018-05-21 20:58:32 - [TEST_STEP][PASSED] - selectOptionByIndex: All options with index in [10] are selected on object 'Object Repository/Store Request Schedule 1/Page_Store/select_--Select--Schedule 1Inj'

2018-05-21 20:58:32 - [MESSAGE][PASSED] - All options with index in [10] are selected on object 'Object Repository/Store Request Schedule 1/Page_Store/select_--Select--Schedule 1Inj'

2018-05-21 20:58:32 - [TEST_STEP][PASSED] - delay: Delayed 1 second(s)

2018-05-21 20:58:34 - [MESSAGE][PASSED] - Delayed 1 second(s)

2018-05-21 20:58:34 - [TEST_STEP][PASSED] - selectOptionByIndex: All options with index in [13] are selected on object 'Object Repository/Store Request Schedule 1/Page_Store/select_--Select--Adernaline 0.'

2018-05-21 20:58:34 - [MESSAGE][PASSED] - All options with index in [13] are selected on object 'Object Repository/Store Request Schedule 1/Page_Store/select_--Select--Adernaline 0.'

2018-05-21 20:58:34 - [TEST_STEP][PASSED] - setText: Text '100' is set on object 'Object Repository/Store Request Schedule 1/Page_Store/input_txttreat'

2018-05-21 20:58:34 - [MESSAGE][PASSED] - Text '100' is set on object 'Object Repository/Store Request Schedule 1/Page_Store/input_txttreat'

2018-05-21 20:58:34 - [TEST_STEP][PASSED] - click: Object: 'Object Repository/Store Request Schedule 1/Page_Store/button_Add' is clicked on

2018-05-21 20:58:34 - [MESSAGE][PASSED] - Object: 'Object Repository/Store Request Schedule 1/Page_Store/button_Add' is clicked on

2018-05-21 20:58:34 - [TEST_STEP][PASSED] - selectOptionByIndex: All options with index in [10] are selected on object 'Object Repository/Store Request Schedule 1/Page_Store/select_--Select--Schedule 1Inj'

2018-05-21 20:58:34 - [MESSAGE][PASSED] - All options with index in [10] are selected on object 'Object Repository/Store Request Schedule 1/Page_Store/select_--Select--Schedule 1Inj'

2018-05-21 20:58:34 - [TEST_STEP][PASSED] - delay: Delayed 1 second(s)

2018-05-21 20:58:35 - [MESSAGE][PASSED] - Delayed 1 second(s)

2018-05-21 20:58:35 - [TEST_STEP][PASSED] - selectOptionByIndex: All options with index in [14] are selected on object 'Object Repository/Store Request Schedule 1/Page_Store/select_--Select--Adernaline 0.'

2018-05-21 20:58:35 - [MESSAGE][PASSED] - All options with index in [14] are selected on object 'Object Repository/Store Request Schedule 1/Page_Store/select_--Select--Adernaline 0.'

2018-05-21 20:58:35 - [TEST_STEP][PASSED] - setText: Text '100' is set on object 'Object Repository/Store Request Schedule 1/Page_Store/input_txttreat'

2018-05-21 20:58:35 - [MESSAGE][PASSED] - Text '100' is set on object 'Object Repository/Store Request Schedule 1/Page_Store/input_txttreat'

2018-05-21 20:58:35 - [TEST_STEP][PASSED] - click: Object: 'Object Repository/Store Request Schedule 1/Page_Store/button_Add' is clicked on

2018-05-21 20:58:35 - [MESSAGE][PASSED] - Object: 'Object Repository/Store Request Schedule 1/Page_Store/button_Add' is clicked on

2018-05-21 20:58:35 - [TEST_STEP][PASSED] - selectOptionByIndex: All options with index in [10] are selected on object 'Object Repository/Store Request Schedule 1/Page_Store/select_--Select--Schedule 1Inj'

2018-05-21 20:58:36 - [MESSAGE][PASSED] - All options with index in [10] are selected on object 'Object Repository/Store Request Schedule 1/Page_Store/select_--Select--Schedule 1Inj'

2018-05-21 20:58:36 - [TEST_STEP][PASSED] - delay: Delayed 1 second(s)

2018-05-21 20:58:37 - [MESSAGE][PASSED] - Delayed 1 second(s)

2018-05-21 20:58:37 - [TEST_STEP][PASSED] - selectOptionByIndex: All options with index in [15] are selected on object 'Object Repository/Store Request Schedule 1/Page_Store/select_--Select--Adernaline 0.'

2018-05-21 20:58:37 - [MESSAGE][PASSED] - All options with index in [15] are selected on object 'Object Repository/Store Request Schedule 1/Page_Store/select_--Select--Adernaline 0.'

2018-05-21 20:58:37 - [TEST_STEP][PASSED] - setText: Text '100' is set on object 'Object Repository/Store Request Schedule 1/Page_Store/input_txttreat'

2018-05-21 20:58:37 - [MESSAGE][PASSED] - Text '100' is set on object 'Object Repository/Store Request Schedule 1/Page_Store/input_txttreat'

2018-05-21 20:58:37 - [TEST_STEP][PASSED] - click: Object: 'Object Repository/Store Request Schedule 1/Page_Store/button_Add' is clicked on

2018-05-21 20:58:37 - [MESSAGE][PASSED] - Object: 'Object Repository/Store Request Schedule 1/Page_Store/button_Add' is clicked on

2018-05-21 20:58:37 - [TEST_STEP][PASSED] - selectOptionByIndex: All options with index in [10] are selected on object 'Object Repository/Store Request Schedule 1/Page_Store/select_--Select--Schedule 1Inj'

2018-05-21 20:58:37 - [MESSAGE][PASSED] - All options with index in [10] are selected on object 'Object Repository/Store Request Schedule 1/Page_Store/select_--Select--Schedule 1Inj'

2018-05-21 20:58:37 - [TEST_STEP][PASSED] - delay: Delayed 1 second(s)

2018-05-21 20:58:38 - [MESSAGE][PASSED] - Delayed 1 second(s)

2018-05-21 20:58:38 - [TEST_STEP][PASSED] - selectOptionByIndex: All options with index in [16] are selected on object 'Object Repository/Store Request Schedule 1/Page_Store/select_--Select--Adernaline 0.'

2018-05-21 20:58:38 - [MESSAGE][PASSED] - All options with index in [16] are selected on object 'Object Repository/Store Request Schedule 1/Page_Store/select_--Select--Adernaline 0.'

2018-05-21 20:58:38 - [TEST_STEP][PASSED] - setText: Text '100' is set on object 'Object Repository/Store Request Schedule 1/Page_Store/input_txttreat'

2018-05-21 20:58:39 - [MESSAGE][PASSED] - Text '100' is set on object 'Object Repository/Store Request Schedule 1/Page_Store/input_txttreat'

2018-05-21 20:58:39 - [TEST_STEP][PASSED] - click: Object: 'Object Repository/Store Request Schedule 1/Page_Store/button_Add' is clicked on

2018-05-21 20:58:39 - [MESSAGE][PASSED] - Object: 'Object Repository/Store Request Schedule 1/Page_Store/button_Add' is clicked on

2018-05-21 20:58:39 - [TEST_STEP][PASSED] - selectOptionByIndex: All options with index in [10] are selected on object 'Object Repository/Store Request Schedule 1/Page_Store/select_--Select--Schedule 1Inj'

2018-05-21 20:58:39 - [MESSAGE][PASSED] - All options with index in [10] are selected on object 'Object Repository/Store Request Schedule 1/Page_Store/select_--Select--Schedule 1Inj'

2018-05-21 20:58:39 - [TEST_STEP][PASSED] - delay: Delayed 1 second(s)

2018-05-21 20:58:40 - [MESSAGE][PASSED] - Delayed 1 second(s)

2018-05-21 20:58:40 - [TEST_STEP][PASSED] - selectOptionByIndex: All options with index in [17] are selected on object 'Object Repository/Store Request Schedule 1/Page_Store/select_--Select--Adernaline 0.'

2018-05-21 20:58:40 - [MESSAGE][PASSED] - All options with index in [17] are selected on object 'Object Repository/Store Request Schedule 1/Page_Store/select_--Select--Adernaline 0.'

2018-05-21 20:58:40 - [TEST_STEP][PASSED] - setText: Text '100' is set on object 'Object Repository/Store Request Schedule 1/Page_Store/input_txttreat'

2018-05-21 20:58:40 - [MESSAGE][PASSED] - Text '100' is set on object 'Object Repository/Store Request Schedule 1/Page_Store/input_txttreat'

2018-05-21 20:58:40 - [TEST_STEP][PASSED] - click: Object: 'Object Repository/Store Request Schedule 1/Page_Store/button_Add' is clicked on

2018-05-21 20:58:40 - [MESSAGE][PASSED] - Object: 'Object Repository/Store Request Schedule 1/Page_Store/button_Add' is clicked on

2018-05-21 20:58:40 - [TEST_STEP][PASSED] - selectOptionByIndex: All options with index in [10] are selected on object 'Object Repository/Store Request Schedule 1/Page_Store/select_--Select--Schedule 1Inj'

2018-05-21 20:58:40 - [MESSAGE][PASSED] - All options with index in [10] are selected on object 'Object Repository/Store Request Schedule 1/Page_Store/select_--Select--Schedule 1Inj'

2018-05-21 20:58:40 - [TEST_STEP][PASSED] - delay: Delayed 1 second(s)

2018-05-21 20:58:41 - [MESSAGE][PASSED] - Delayed 1 second(s)

2018-05-21 20:58:41 - [TEST_STEP][PASSED] - selectOptionByIndex: All options with index in [18] are selected on object 'Object Repository/Store Request Schedule 1/Page_Store/select_--Select--Adernaline 0.'

2018-05-21 20:58:42 - [MESSAGE][PASSED] - All options with index in [18] are selected on object 'Object Repository/Store Request Schedule 1/Page_Store/select_--Select--Adernaline 0.'

2018-05-21 20:58:42 - [TEST_STEP][PASSED] - setText: Text '100' is set on object 'Object Repository/Store Request Schedule 1/Page_Store/input_txttreat'

2018-05-21 20:58:42 - [MESSAGE][PASSED] - Text '100' is set on object 'Object Repository/Store Request Schedule 1/Page_Store/input_txttreat'

2018-05-21 20:58:42 - [TEST_STEP][PASSED] - click: Object: 'Object Repository/Store Request Schedule 1/Page_Store/button_Add' is clicked on

2018-05-21 20:58:42 - [MESSAGE][PASSED] - Object: 'Object Repository/Store Request Schedule 1/Page_Store/button_Add' is clicked on

2018-05-21 20:58:42 - [TEST_STEP][PASSED] - delay: Delayed 2 second(s)

2018-05-21 20:58:44 - [MESSAGE][PASSED] - Delayed 2 second(s)

2018-05-21 20:58:44 - [TEST_STEP][PASSED] - scrollToElement: Scroll to object 'Object Repository/Store Request Schedule 1/Page_Store/input_btnsave' successfully

2018-05-21 20:58:44 - [MESSAGE][PASSED] - Scroll to object 'Object Repository/Store Request Schedule 1/Page_Store/input_btnsave' successfully

2018-05-21 20:58:44 - [TEST_STEP][PASSED] - click: Object: 'Object Repository/Store Request Schedule 1/Page_Store/input_btnsave' is clicked on

2018-05-21 20:58:44 - [MESSAGE][PASSED] - Object: 'Object Repository/Store Request Schedule 1/Page_Store/input_btnsave' is clicked on

2018-05-21 20:58:44 - [TEST_STEP][PASSED] - delay: Delayed 4 second(s)

2018-05-21 20:58:48 - [MESSAGE][PASSED] - Delayed 4 second(s)

2018-05-21 20:58:48 - [TEST_STEP][PASSED] - Statement - Cms_RequestNumber = com.kms.katalon.core.webui.keyword.WebUiBuiltInKeywords.getText(com.kms.katalon.core.testobject.ObjectRepository.findTestObject(Store Request Schedule 1/Page_Store/font_PRNO050520189)): Text of object 'Object Repository/Store Request Schedule 1/Page_Store/font_PRNO050520189' is: 'PRNO/21052018/337'

2018-05-21 20:58:48 - [MESSAGE][PASSED] - Text of object 'Object Repository/Store Request Schedule 1/Page_Store/font_PRNO050520189' is: 'PRNO/21052018/337'

2018-05-21 20:58:48 - [TEST_STEP][PASSED] - Statement - CR = Cms_RequestNumber.trim(): null

2018-05-21 20:58:48 - [TEST_STEP][PASSED] - Statement - out.println("RQ :" + Cms_RequestNumber): null

2018-05-21 20:58:48 - [TEST_STEP][PASSED] - Statement - RequestNumberID = Cms_RequestNumber.split("/")[2].trim(): null

2018-05-21 20:58:48 - [TEST_STEP][PASSED] - Statement - out.println("RQ ID :" + RequestNumberID): null

2018-05-21 20:58:48 - [TEST_STEP][PASSED] - delay: Delayed 3 second(s)

2018-05-21 20:58:51 - [MESSAGE][PASSED] - Delayed 3 second(s)

2018-05-21 20:58:51 - [TEST_STEP][PASSED] - Statement - ok = com.kms.katalon.core.webui.keyword.WebUiBuiltInKeywords.click(com.kms.katalon.core.testobject.ObjectRepository.findTestObject(Store Request Schedule 1/Page_Store/button_OK)): Object: 'Object Repository/Store Request Schedule 1/Page_Store/button_OK' is clicked on

2018-05-21 20:58:52 - [MESSAGE][PASSED] - Object: 'Object Repository/Store Request Schedule 1/Page_Store/button_OK' is clicked on

2018-05-21 20:58:52 - [TEST_STEP][PASSED] - delay: Delayed 3 second(s)

2018-05-21 20:58:55 - [MESSAGE][PASSED] - Delayed 3 second(s)

2018-05-21 20:58:55 - [TEST_STEP][PASSED] - click: Object: 'Object Repository/Store Request Schedule 1/Page_Store/a_dropdown-toggle' is clicked on

2018-05-21 20:58:55 - [MESSAGE][PASSED] - Object: 'Object Repository/Store Request Schedule 1/Page_Store/a_dropdown-toggle' is clicked on

2018-05-21 20:58:55 - [TEST_STEP][PASSED] - click: Object: 'Object Repository/Store Request Schedule 1/Page_Store/a_Sign out' is clicked on

2018-05-21 20:58:56 - [MESSAGE][PASSED] - Object: 'Object Repository/Store Request Schedule 1/Page_Store/a_Sign out' is clicked on

2018-05-21 20:58:56 - [TEST_STEP][PASSED] - delay: Delayed 3 second(s)

2018-05-21 20:58:59 - [MESSAGE][PASSED] - Delayed 3 second(s)

2018-05-21 20:58:59 - [TEST_STEP][PASSED] - click: Object: 'Object Repository/Store Request Schedule 1/Page_KDMC/a_CMO' is clicked on

2018-05-21 20:58:59 - [MESSAGE][PASSED] - Object: 'Object Repository/Store Request Schedule 1/Page_KDMC/a_CMO' is clicked on

2018-05-21 20:58:59 - [TEST_STEP][PASSED] - setText: Text 'guru' is set on object 'Object Repository/Store Request Schedule 1/Page_CMO login/input_txtusername'

2018-05-21 20:58:59 - [MESSAGE][PASSED] - Text 'guru' is set on object 'Object Repository/Store Request Schedule 1/Page_CMO login/input_txtusername'

2018-05-21 20:58:59 - [TEST_STEP][PASSED] - setText: Text '123' is set on object 'Object Repository/Store Request Schedule 1/Page_CMO login/input_txtpassword'

2018-05-21 20:59:00 - [MESSAGE][PASSED] - Text '123' is set on object 'Object Repository/Store Request Schedule 1/Page_CMO login/input_txtpassword'

2018-05-21 20:59:00 - [TEST_STEP][PASSED] - delay: Delayed 3 second(s)

2018-05-21 20:59:03 - [MESSAGE][PASSED] - Delayed 3 second(s)

2018-05-21 20:59:03 - [TEST_STEP][PASSED] - click: Object: 'Object Repository/Store Request Schedule 1/Page_CMO login/button_Sign in' is clicked on

2018-05-21 20:59:04 - [MESSAGE][PASSED] - Object: 'Object Repository/Store Request Schedule 1/Page_CMO login/button_Sign in' is clicked on

2018-05-21 20:59:04 - [TEST_STEP][PASSED] - delay: Delayed 2 second(s)

2018-05-21 20:59:06 - [MESSAGE][PASSED] - Delayed 2 second(s)

2018-05-21 20:59:06 - [TEST_STEP][PASSED] - click: Object: 'Object Repository/Store Request Schedule 1/Page_KDMC - CMO/span_Department Wise Request' is clicked on

2018-05-21 20:59:06 - [MESSAGE][PASSED] - Object: 'Object Repository/Store Request Schedule 1/Page_KDMC - CMO/span_Department Wise Request' is clicked on

2018-05-21 20:59:06 - [TEST_STEP][PASSED] - click: Object: 'Object Repository/Store Request Schedule 1/Page_KDMC - CMO/a_CMS Request' is clicked on

2018-05-21 20:59:06 - [MESSAGE][PASSED] - Object: 'Object Repository/Store Request Schedule 1/Page_KDMC - CMO/a_CMS Request' is clicked on

2018-05-21 20:59:06 - [TEST_STEP][PASSED] - click: Object: 'Object Repository/Store Request Schedule 1/Page_KDMC - CMO/a_CMS Request' is clicked on

2018-05-21 20:59:06 - [MESSAGE][PASSED] - Object: 'Object Repository/Store Request Schedule 1/Page_KDMC - CMO/a_CMS Request' is clicked on

2018-05-21 20:59:06 - [TEST_STEP][PASSED] - click: Object: 'Object Repository/Store Request Schedule 1/Page_KDMC - CMO/span_Divisional Store Request' is clicked on

2018-05-21 20:59:08 - [MESSAGE][PASSED] - Object: 'Object Repository/Store Request Schedule 1/Page_KDMC - CMO/span_Divisional Store Request' is clicked on

2018-05-21 20:59:08 - [TEST_STEP][PASSED] - delay: Delayed 2 second(s)

2018-05-21 20:59:10 - [MESSAGE][PASSED] - Delayed 2 second(s)

2018-05-21 20:59:10 - [TEST_STEP][PASSED] - Statement - approval = com.kms.katalon.core.webui.keyword.WebUiBuiltInKeywords.modifyObjectProperty(com.kms.katalon.core.testobject.ObjectRepository.findTestObject(Store Request Schedule 1/Page_KDMC - CMO/input_PRNO050520189), "xpath", "equals", "//*[@id=" + RequestNumberID + "]", true): Modify property of object successfully

2018-05-21 20:59:10 - [MESSAGE][PASSED] - Modify property of object successfully

2018-05-21 20:59:10 - [TEST_STEP][PASSED] - click: Object: 'Object Repository/Store Request Schedule 1/Page_KDMC - CMO/input_PRNO050520189' is clicked on

2018-05-21 20:59:10 - [MESSAGE][PASSED] - Object: 'Object Repository/Store Request Schedule 1/Page_KDMC - CMO/input_PRNO050520189' is clicked on

2018-05-21 20:59:10 - [TEST_STEP][PASSED] - delay: Delayed 2 second(s)

2018-05-21 20:59:12 - [MESSAGE][PASSED] - Delayed 2 second(s)

2018-05-21 20:59:12 - [TEST_STEP][PASSED] - selectOptionByIndex: All options with index in [1] are selected on object 'Object Repository/Store Request Schedule 1/Page_KDMC - CMO/select_--Select--'

2018-05-21 20:59:13 - [MESSAGE][PASSED] - All options with index in [1] are selected on object 'Object Repository/Store Request Schedule 1/Page_KDMC - CMO/select_--Select--'

2018-05-21 20:59:13 - [TEST_STEP][PASSED] - click: Object: 'Object Repository/Store Request Schedule 1/Page_KDMC - CMO/input_btnupdate' is clicked on

2018-05-21 20:59:13 - [MESSAGE][PASSED] - Object: 'Object Repository/Store Request Schedule 1/Page_KDMC - CMO/input_btnupdate' is clicked on

2018-05-21 20:59:13 - [TEST_STEP][PASSED] - delay: Delayed 2 second(s)

2018-05-21 20:59:15 - [MESSAGE][PASSED] - Delayed 2 second(s)

2018-05-21 20:59:15 - [TEST_STEP][PASSED] - click: Object: 'Object Repository/Store Request Schedule 1/Page_KDMC - CMO/button_OK' is clicked on

2018-05-21 20:59:15 - [MESSAGE][PASSED] - Object: 'Object Repository/Store Request Schedule 1/Page_KDMC - CMO/button_OK' is clicked on

2018-05-21 20:59:15 - [TEST_STEP][PASSED] - delay: Delayed 2 second(s)

2018-05-21 20:59:17 - [MESSAGE][PASSED] - Delayed 2 second(s)

2018-05-21 20:59:17 - [TEST_STEP][PASSED] - click: Object: 'Object Repository/Store Request Schedule 1/Page_KDMC - CMO/a_dropdown-toggle' is clicked on

2018-05-21 20:59:17 - [MESSAGE][PASSED] - Object: 'Object Repository/Store Request Schedule 1/Page_KDMC - CMO/a_dropdown-toggle' is clicked on

2018-05-21 20:59:17 - [TEST_STEP][PASSED] - click: Object: 'Object Repository/Store Request Schedule 1/Page_KDMC - CMO/a_Sign out' is clicked on

2018-05-21 20:59:18 - [MESSAGE][PASSED] - Object: 'Object Repository/Store Request Schedule 1/Page_KDMC - CMO/a_Sign out' is clicked on

2018-05-21 20:59:18 - [TEST_STEP][PASSED] - delay: Delayed 3 second(s)

2018-05-21 20:59:21 - [MESSAGE][PASSED] - Delayed 3 second(s)

2018-05-21 20:59:21 - [TEST_STEP][PASSED] - click: Object: 'Object Repository/store Request Schedule 1/Page_KDMC/a_CMS' is clicked on

2018-05-21 20:59:21 - [MESSAGE][PASSED] - Object: 'Object Repository/store Request Schedule 1/Page_KDMC/a_CMS' is clicked on

2018-05-21 20:59:21 - [TEST_STEP][PASSED] - setText: Text 'bala' is set on object 'Object Repository/store Request Schedule 1/Page_CMS login/input_txtusername'

2018-05-21 20:59:21 - [MESSAGE][PASSED] - Text 'bala' is set on object 'Object Repository/store Request Schedule 1/Page_CMS login/input_txtusername'

2018-05-21 20:59:21 - [TEST_STEP][PASSED] - setText: Text '123' is set on object 'Object Repository/store Request Schedule 1/Page_CMS login/input_txtpassword'

2018-05-21 20:59:21 - [MESSAGE][PASSED] - Text '123' is set on object 'Object Repository/store Request Schedule 1/Page_CMS login/input_txtpassword'

2018-05-21 20:59:21 - [TEST_STEP][PASSED] - delay: Delayed 3 second(s)

2018-05-21 20:59:24 - [MESSAGE][PASSED] - Delayed 3 second(s)

2018-05-21 20:59:24 - [TEST_STEP][PASSED] - click: Object: 'Object Repository/store Request Schedule 1/Page_CMS login/button_Sign in' is clicked on

2018-05-21 20:59:25 - [MESSAGE][PASSED] - Object: 'Object Repository/store Request Schedule 1/Page_CMS login/button_Sign in' is clicked on

2018-05-21 20:59:25 - [TEST_STEP][PASSED] - delay: Delayed 2 second(s)

2018-05-21 20:59:27 - [MESSAGE][PASSED] - Delayed 2 second(s)

2018-05-21 20:59:27 - [TEST_STEP][PASSED] - click: Object: 'Object Repository/store Request Schedule 1/Page_KDMC - CMS/a_Divisional Store' is clicked on

2018-05-21 20:59:27 - [MESSAGE][PASSED] - Object: 'Object Repository/store Request Schedule 1/Page_KDMC - CMS/a_Divisional Store' is clicked on

2018-05-21 20:59:27 - [TEST_STEP][PASSED] - delay: Delayed 2 second(s)

2018-05-21 20:59:29 - [MESSAGE][PASSED] - Delayed 2 second(s)

2018-05-21 20:59:29 - [TEST_STEP][PASSED] - click: Object: 'Object Repository/store Request Schedule 1/Page_KDMC - CMS/a_Dispatch Items' is clicked on

2018-05-21 20:59:29 - [MESSAGE][PASSED] - Object: 'Object Repository/store Request Schedule 1/Page_KDMC - CMS/a_Dispatch Items' is clicked on

2018-05-21 20:59:29 - [TEST_STEP][PASSED] - setText: Text 'PRNO/21052018/337' is set on object 'Object Repository/store Request Schedule 1/Page_KDMC - CMS/input'

2018-05-21 20:59:30 - [MESSAGE][PASSED] - Text 'PRNO/21052018/337' is set on object 'Object Repository/store Request Schedule 1/Page_KDMC - CMS/input'

2018-05-21 20:59:30 - [TEST_STEP][PASSED] - click: Object: 'Object Repository/store Request Schedule 1/Page_KDMC - CMS/td_text-center' is clicked on

2018-05-21 20:59:30 - [MESSAGE][PASSED] - Object: 'Object Repository/store Request Schedule 1/Page_KDMC - CMS/td_text-center' is clicked on

2018-05-21 20:59:30 - [TEST_STEP][PASSED] - delay: Delayed 2 second(s)

2018-05-21 20:59:32 - [MESSAGE][PASSED] - Delayed 2 second(s)

2018-05-21 20:59:32 - [TEST_STEP][FAILED] - Statement - For ([row = 0, row < SelectedOptions - 1, (row++)]): Unable to get attribute 'value' of object '' (Root cause: org.openqa.selenium.UnhandledAlertException: unexpected alert open: {Alert text : function Error() { [native code] }}
  (Session info: chrome=66.0.3359.181)
  (Driver info: chromedriver=2.35.528161 (5b82f2d2aae0ca24b877009200ced9065a772e73),platform=Windows NT 10.0.17134 x86_64) (WARNING: The server did not provide any stacktrace information)
Command duration or timeout: 0 milliseconds: null
Build info: version: '3.7.1', revision: '8a0099a', time: '2017-11-06T21:07:36.161Z'
System info: host: 'DESKTOP-BLFTK83', ip: '169.254.189.85', os.name: 'Windows 10', os.arch: 'amd64', os.version: '10.0', java.version: '1.8.0_102'
Driver info: com.kms.katalon.selenium.driver.CChromeDriver
Capabilities {acceptInsecureCerts: false, acceptSslCerts: false, applicationCacheEnabled: false, browserConnectionEnabled: false, browserName: chrome, chrome: {chromedriverVersion: 2.35.528161 (5b82f2d2aae0ca..., userDataDir: C:\Users\QUALIT~1\AppData\L...}, cssSelectorsEnabled: true, databaseEnabled: false, handlesAlerts: true, hasTouchScreen: false, javascriptEnabled: true, locationContextEnabled: true, mobileEmulationEnabled: false, nativeEvents: true, networkConnectionEnabled: false, pageLoadStrategy: normal, platform: XP, platformName: XP, rotatable: false, setWindowRect: true, takesHeapSnapshot: true, takesScreenshot: true, unexpectedAlertBehaviour: , unhandledPromptBehavior: , version: 66.0.3359.181, webStorageEnabled: true}
Session ID: fb2de2214bf948e98a33cd6a5bf63efd
*** Element info: {Using=xpath, value=//*[@id = "txtbthqty8"]})

2018-05-21 20:59:32 - [TEST_STEP][PASSED] - Statement - batchlength = new com.kms.katalon.core.testobject.TestObject(): null

2018-05-21 20:59:32 - [TEST_STEP][PASSED] - Statement - batchlength = com.kms.katalon.core.webui.keyword.WebUiBuiltInKeywords.modifyObjectProperty(batchlength, "xpath", "equals", "//*[@id = "fldvendor" + row + ""]", true): Modify property of object successfully

2018-05-21 20:59:32 - [MESSAGE][PASSED] - Modify property of object successfully

2018-05-21 20:59:32 - [TEST_STEP][PASSED] - Statement - batchsize = com.kms.katalon.core.webui.keyword.WebUiBuiltInKeywords.getNumberOfTotalOption(batchlength): 6 options of object '' counted

2018-05-21 20:59:32 - [MESSAGE][PASSED] - 6 options of object '' counted

2018-05-21 20:59:32 - [TEST_STEP][PASSED] - Statement - out.println("BatchSize : " + batchsize): null

2018-05-21 20:59:32 - [TEST_STEP][PASSED] - Statement - For ([n = 1, n <= batchsize - 1, (n++)]): null

2018-05-21 20:59:32 - [TEST_STEP][PASSED] - Statement - product = new com.kms.katalon.core.testobject.TestObject(): null

2018-05-21 20:59:32 - [TEST_STEP][PASSED] - Statement - product = com.kms.katalon.core.webui.keyword.WebUiBuiltInKeywords.modifyObjectProperty(product, "xpath", "equals", "//*[@id = "fldvendor" + row + ""]", true): Modify property of object successfully

2018-05-21 20:59:32 - [MESSAGE][PASSED] - Modify property of object successfully

2018-05-21 20:59:32 - [TEST_STEP][PASSED] - selectOptionByIndex: All options with index in [1] are selected on object ''

2018-05-21 20:59:32 - [MESSAGE][PASSED] - All options with index in [1] are selected on object ''

2018-05-21 20:59:32 - [TEST_STEP][PASSED] - Statement - batch = new com.kms.katalon.core.testobject.TestObject(): null

2018-05-21 20:59:32 - [TEST_STEP][PASSED] - Statement - batch = com.kms.katalon.core.webui.keyword.WebUiBuiltInKeywords.modifyObjectProperty(batch, "xpath", "equals", "//*[@id = "txtbthqty" + row + ""]", true): Modify property of object successfully

2018-05-21 20:59:32 - [MESSAGE][PASSED] - Modify property of object successfully

2018-05-21 20:59:32 - [TEST_STEP][PASSED] - Statement - batchqty = com.kms.katalon.core.webui.keyword.WebUiBuiltInKeywords.getAttribute(batch, "value").trim(): Attribute 'value' of object '' is: '49300'

2018-05-21 20:59:32 - [MESSAGE][PASSED] - Attribute 'value' of object '' is: '49300'

2018-05-21 20:59:32 - [TEST_STEP][PASSED] - Statement - Rqty = 100: null

2018-05-21 20:59:32 - [TEST_STEP][PASSED] - delay: Delayed 2 second(s)

2018-05-21 20:59:34 - [MESSAGE][PASSED] - Delayed 2 second(s)

2018-05-21 20:59:34 - [TEST_STEP][PASSED] - Statement - out.println("BatchQty : " + batchqty): null

2018-05-21 20:59:34 - [TEST_STEP][PASSED] - Statement - out.println("RQty : " + Rqty): null

2018-05-21 20:59:34 - [TEST_STEP][PASSED] - Statement - If (java.lang.Integer.valueOf(batchqty) >= java.lang.Integer.valueOf(Rqty)): null

2018-05-21 20:59:34 - [TEST_STEP][PASSED] - Statement - Break: null

2018-05-21 20:59:34 - [TEST_STEP][PASSED] - Statement - batchlength = new com.kms.katalon.core.testobject.TestObject(): null

2018-05-21 20:59:34 - [TEST_STEP][PASSED] - Statement - batchlength = com.kms.katalon.core.webui.keyword.WebUiBuiltInKeywords.modifyObjectProperty(batchlength, "xpath", "equals", "//*[@id = "fldvendor" + row + ""]", true): Modify property of object successfully

2018-05-21 20:59:34 - [MESSAGE][PASSED] - Modify property of object successfully

2018-05-21 20:59:34 - [TEST_STEP][PASSED] - Statement - batchsize = com.kms.katalon.core.webui.keyword.WebUiBuiltInKeywords.getNumberOfTotalOption(batchlength): 6 options of object '' counted

2018-05-21 20:59:34 - [MESSAGE][PASSED] - 6 options of object '' counted

2018-05-21 20:59:34 - [TEST_STEP][PASSED] - Statement - out.println("BatchSize : " + batchsize): null

2018-05-21 20:59:34 - [TEST_STEP][PASSED] - Statement - For ([n = 1, n <= batchsize - 1, (n++)]): null

2018-05-21 20:59:34 - [TEST_STEP][PASSED] - Statement - product = new com.kms.katalon.core.testobject.TestObject(): null

2018-05-21 20:59:34 - [TEST_STEP][PASSED] - Statement - product = com.kms.katalon.core.webui.keyword.WebUiBuiltInKeywords.modifyObjectProperty(product, "xpath", "equals", "//*[@id = "fldvendor" + row + ""]", true): Modify property of object successfully

2018-05-21 20:59:34 - [MESSAGE][PASSED] - Modify property of object successfully

2018-05-21 20:59:34 - [TEST_STEP][PASSED] - selectOptionByIndex: All options with index in [1] are selected on object ''

2018-05-21 20:59:35 - [MESSAGE][PASSED] - All options with index in [1] are selected on object ''

2018-05-21 20:59:35 - [TEST_STEP][PASSED] - Statement - batch = new com.kms.katalon.core.testobject.TestObject(): null

2018-05-21 20:59:35 - [TEST_STEP][PASSED] - Statement - batch = com.kms.katalon.core.webui.keyword.WebUiBuiltInKeywords.modifyObjectProperty(batch, "xpath", "equals", "//*[@id = "txtbthqty" + row + ""]", true): Modify property of object successfully

2018-05-21 20:59:35 - [MESSAGE][PASSED] - Modify property of object successfully

2018-05-21 20:59:35 - [TEST_STEP][PASSED] - Statement - batchqty = com.kms.katalon.core.webui.keyword.WebUiBuiltInKeywords.getAttribute(batch, "value").trim(): Attribute 'value' of object '' is: '4400'

2018-05-21 20:59:35 - [MESSAGE][PASSED] - Attribute 'value' of object '' is: '4400'

2018-05-21 20:59:35 - [TEST_STEP][PASSED] - Statement - Rqty = 100: null

2018-05-21 20:59:35 - [TEST_STEP][PASSED] - delay: Delayed 2 second(s)

2018-05-21 20:59:37 - [MESSAGE][PASSED] - Delayed 2 second(s)

2018-05-21 20:59:37 - [TEST_STEP][PASSED] - Statement - out.println("BatchQty : " + batchqty): null

2018-05-21 20:59:37 - [TEST_STEP][PASSED] - Statement - out.println("RQty : " + Rqty): null

2018-05-21 20:59:37 - [TEST_STEP][PASSED] - Statement - If (java.lang.Integer.valueOf(batchqty) >= java.lang.Integer.valueOf(Rqty)): null

2018-05-21 20:59:37 - [TEST_STEP][PASSED] - Statement - Break: null

2018-05-21 20:59:37 - [TEST_STEP][PASSED] - Statement - batchlength = new com.kms.katalon.core.testobject.TestObject(): null

2018-05-21 20:59:37 - [TEST_STEP][PASSED] - Statement - batchlength = com.kms.katalon.core.webui.keyword.WebUiBuiltInKeywords.modifyObjectProperty(batchlength, "xpath", "equals", "//*[@id = "fldvendor" + row + ""]", true): Modify property of object successfully

2018-05-21 20:59:37 - [MESSAGE][PASSED] - Modify property of object successfully

2018-05-21 20:59:37 - [TEST_STEP][PASSED] - Statement - batchsize = com.kms.katalon.core.webui.keyword.WebUiBuiltInKeywords.getNumberOfTotalOption(batchlength): 6 options of object '' counted

2018-05-21 20:59:37 - [MESSAGE][PASSED] - 6 options of object '' counted

2018-05-21 20:59:37 - [TEST_STEP][PASSED] - Statement - out.println("BatchSize : " + batchsize): null

2018-05-21 20:59:37 - [TEST_STEP][PASSED] - Statement - For ([n = 1, n <= batchsize - 1, (n++)]): null

2018-05-21 20:59:37 - [TEST_STEP][PASSED] - Statement - product = new com.kms.katalon.core.testobject.TestObject(): null

2018-05-21 20:59:37 - [TEST_STEP][PASSED] - Statement - product = com.kms.katalon.core.webui.keyword.WebUiBuiltInKeywords.modifyObjectProperty(product, "xpath", "equals", "//*[@id = "fldvendor" + row + ""]", true): Modify property of object successfully

2018-05-21 20:59:37 - [MESSAGE][PASSED] - Modify property of object successfully

2018-05-21 20:59:37 - [TEST_STEP][PASSED] - selectOptionByIndex: All options with index in [1] are selected on object ''

2018-05-21 20:59:37 - [MESSAGE][PASSED] - All options with index in [1] are selected on object ''

2018-05-21 20:59:37 - [TEST_STEP][PASSED] - Statement - batch = new com.kms.katalon.core.testobject.TestObject(): null

2018-05-21 20:59:37 - [TEST_STEP][PASSED] - Statement - batch = com.kms.katalon.core.webui.keyword.WebUiBuiltInKeywords.modifyObjectProperty(batch, "xpath", "equals", "//*[@id = "txtbthqty" + row + ""]", true): Modify property of object successfully

2018-05-21 20:59:37 - [MESSAGE][PASSED] - Modify property of object successfully

2018-05-21 20:59:37 - [TEST_STEP][PASSED] - Statement - batchqty = com.kms.katalon.core.webui.keyword.WebUiBuiltInKeywords.getAttribute(batch, "value").trim(): Attribute 'value' of object '' is: '4400'

2018-05-21 20:59:37 - [MESSAGE][PASSED] - Attribute 'value' of object '' is: '4400'

2018-05-21 20:59:37 - [TEST_STEP][PASSED] - Statement - Rqty = 100: null

2018-05-21 20:59:37 - [TEST_STEP][PASSED] - delay: Delayed 2 second(s)

2018-05-21 20:59:39 - [MESSAGE][PASSED] - Delayed 2 second(s)

2018-05-21 20:59:39 - [TEST_STEP][PASSED] - Statement - out.println("BatchQty : " + batchqty): null

2018-05-21 20:59:39 - [TEST_STEP][PASSED] - Statement - out.println("RQty : " + Rqty): null

2018-05-21 20:59:39 - [TEST_STEP][PASSED] - Statement - If (java.lang.Integer.valueOf(batchqty) >= java.lang.Integer.valueOf(Rqty)): null

2018-05-21 20:59:39 - [TEST_STEP][PASSED] - Statement - Break: null

2018-05-21 20:59:39 - [TEST_STEP][PASSED] - Statement - batchlength = new com.kms.katalon.core.testobject.TestObject(): null

2018-05-21 20:59:39 - [TEST_STEP][PASSED] - Statement - batchlength = com.kms.katalon.core.webui.keyword.WebUiBuiltInKeywords.modifyObjectProperty(batchlength, "xpath", "equals", "//*[@id = "fldvendor" + row + ""]", true): Modify property of object successfully

2018-05-21 20:59:39 - [MESSAGE][PASSED] - Modify property of object successfully

2018-05-21 20:59:39 - [TEST_STEP][PASSED] - Statement - batchsize = com.kms.katalon.core.webui.keyword.WebUiBuiltInKeywords.getNumberOfTotalOption(batchlength): 6 options of object '' counted

2018-05-21 20:59:39 - [MESSAGE][PASSED] - 6 options of object '' counted

2018-05-21 20:59:39 - [TEST_STEP][PASSED] - Statement - out.println("BatchSize : " + batchsize): null

2018-05-21 20:59:39 - [TEST_STEP][PASSED] - Statement - For ([n = 1, n <= batchsize - 1, (n++)]): null

2018-05-21 20:59:39 - [TEST_STEP][PASSED] - Statement - product = new com.kms.katalon.core.testobject.TestObject(): null

2018-05-21 20:59:39 - [TEST_STEP][PASSED] - Statement - product = com.kms.katalon.core.webui.keyword.WebUiBuiltInKeywords.modifyObjectProperty(product, "xpath", "equals", "//*[@id = "fldvendor" + row + ""]", true): Modify property of object successfully

2018-05-21 20:59:39 - [MESSAGE][PASSED] - Modify property of object successfully

2018-05-21 20:59:39 - [TEST_STEP][PASSED] - selectOptionByIndex: All options with index in [1] are selected on object ''

2018-05-21 20:59:39 - [MESSAGE][PASSED] - All options with index in [1] are selected on object ''

2018-05-21 20:59:39 - [TEST_STEP][PASSED] - Statement - batch = new com.kms.katalon.core.testobject.TestObject(): null

2018-05-21 20:59:39 - [TEST_STEP][PASSED] - Statement - batch = com.kms.katalon.core.webui.keyword.WebUiBuiltInKeywords.modifyObjectProperty(batch, "xpath", "equals", "//*[@id = "txtbthqty" + row + ""]", true): Modify property of object successfully

2018-05-21 20:59:39 - [MESSAGE][PASSED] - Modify property of object successfully

2018-05-21 20:59:39 - [TEST_STEP][PASSED] - Statement - batchqty = com.kms.katalon.core.webui.keyword.WebUiBuiltInKeywords.getAttribute(batch, "value").trim(): Attribute 'value' of object '' is: '49300'

2018-05-21 20:59:39 - [MESSAGE][PASSED] - Attribute 'value' of object '' is: '49300'

2018-05-21 20:59:39 - [TEST_STEP][PASSED] - Statement - Rqty = 100: null

2018-05-21 20:59:39 - [TEST_STEP][PASSED] - delay: Delayed 2 second(s)

2018-05-21 20:59:41 - [MESSAGE][PASSED] - Delayed 2 second(s)

2018-05-21 20:59:41 - [TEST_STEP][PASSED] - Statement - out.println("BatchQty : " + batchqty): null

2018-05-21 20:59:41 - [TEST_STEP][PASSED] - Statement - out.println("RQty : " + Rqty): null

2018-05-21 20:59:41 - [TEST_STEP][PASSED] - Statement - If (java.lang.Integer.valueOf(batchqty) >= java.lang.Integer.valueOf(Rqty)): null

2018-05-21 20:59:41 - [TEST_STEP][PASSED] - Statement - Break: null

2018-05-21 20:59:41 - [TEST_STEP][PASSED] - Statement - batchlength = new com.kms.katalon.core.testobject.TestObject(): null

2018-05-21 20:59:41 - [TEST_STEP][PASSED] - Statement - batchlength = com.kms.katalon.core.webui.keyword.WebUiBuiltInKeywords.modifyObjectProperty(batchlength, "xpath", "equals", "//*[@id = "fldvendor" + row + ""]", true): Modify property of object successfully

2018-05-21 20:59:41 - [MESSAGE][PASSED] - Modify property of object successfully

2018-05-21 20:59:41 - [TEST_STEP][PASSED] - Statement - batchsize = com.kms.katalon.core.webui.keyword.WebUiBuiltInKeywords.getNumberOfTotalOption(batchlength): 6 options of object '' counted

2018-05-21 20:59:41 - [MESSAGE][PASSED] - 6 options of object '' counted

2018-05-21 20:59:41 - [TEST_STEP][PASSED] - Statement - out.println("BatchSize : " + batchsize): null

2018-05-21 20:59:41 - [TEST_STEP][PASSED] - Statement - For ([n = 1, n <= batchsize - 1, (n++)]): null

2018-05-21 20:59:41 - [TEST_STEP][PASSED] - Statement - product = new com.kms.katalon.core.testobject.TestObject(): null

2018-05-21 20:59:41 - [TEST_STEP][PASSED] - Statement - product = com.kms.katalon.core.webui.keyword.WebUiBuiltInKeywords.modifyObjectProperty(product, "xpath", "equals", "//*[@id = "fldvendor" + row + ""]", true): Modify property of object successfully

2018-05-21 20:59:41 - [MESSAGE][PASSED] - Modify property of object successfully

2018-05-21 20:59:41 - [TEST_STEP][PASSED] - selectOptionByIndex: All options with index in [1] are selected on object ''

2018-05-21 20:59:41 - [MESSAGE][PASSED] - All options with index in [1] are selected on object ''

2018-05-21 20:59:41 - [TEST_STEP][PASSED] - Statement - batch = new com.kms.katalon.core.testobject.TestObject(): null

2018-05-21 20:59:41 - [TEST_STEP][PASSED] - Statement - batch = com.kms.katalon.core.webui.keyword.WebUiBuiltInKeywords.modifyObjectProperty(batch, "xpath", "equals", "//*[@id = "txtbthqty" + row + ""]", true): Modify property of object successfully

2018-05-21 20:59:41 - [MESSAGE][PASSED] - Modify property of object successfully

2018-05-21 20:59:41 - [TEST_STEP][PASSED] - Statement - batchqty = com.kms.katalon.core.webui.keyword.WebUiBuiltInKeywords.getAttribute(batch, "value").trim(): Attribute 'value' of object '' is: '3400'

2018-05-21 20:59:41 - [MESSAGE][PASSED] - Attribute 'value' of object '' is: '3400'

2018-05-21 20:59:41 - [TEST_STEP][PASSED] - Statement - Rqty = 100: null

2018-05-21 20:59:41 - [TEST_STEP][PASSED] - delay: Delayed 2 second(s)

2018-05-21 20:59:43 - [MESSAGE][PASSED] - Delayed 2 second(s)

2018-05-21 20:59:43 - [TEST_STEP][PASSED] - Statement - out.println("BatchQty : " + batchqty): null

2018-05-21 20:59:43 - [TEST_STEP][PASSED] - Statement - out.println("RQty : " + Rqty): null

2018-05-21 20:59:43 - [TEST_STEP][PASSED] - Statement - If (java.lang.Integer.valueOf(batchqty) >= java.lang.Integer.valueOf(Rqty)): null

2018-05-21 20:59:43 - [TEST_STEP][PASSED] - Statement - Break: null

2018-05-21 20:59:43 - [TEST_STEP][PASSED] - Statement - batchlength = new com.kms.katalon.core.testobject.TestObject(): null

2018-05-21 20:59:43 - [TEST_STEP][PASSED] - Statement - batchlength = com.kms.katalon.core.webui.keyword.WebUiBuiltInKeywords.modifyObjectProperty(batchlength, "xpath", "equals", "//*[@id = "fldvendor" + row + ""]", true): Modify property of object successfully

2018-05-21 20:59:43 - [MESSAGE][PASSED] - Modify property of object successfully

2018-05-21 20:59:43 - [TEST_STEP][PASSED] - Statement - batchsize = com.kms.katalon.core.webui.keyword.WebUiBuiltInKeywords.getNumberOfTotalOption(batchlength): 6 options of object '' counted

2018-05-21 20:59:43 - [MESSAGE][PASSED] - 6 options of object '' counted

2018-05-21 20:59:43 - [TEST_STEP][PASSED] - Statement - out.println("BatchSize : " + batchsize): null

2018-05-21 20:59:43 - [TEST_STEP][PASSED] - Statement - For ([n = 1, n <= batchsize - 1, (n++)]): null

2018-05-21 20:59:43 - [TEST_STEP][PASSED] - Statement - product = new com.kms.katalon.core.testobject.TestObject(): null

2018-05-21 20:59:43 - [TEST_STEP][PASSED] - Statement - product = com.kms.katalon.core.webui.keyword.WebUiBuiltInKeywords.modifyObjectProperty(product, "xpath", "equals", "//*[@id = "fldvendor" + row + ""]", true): Modify property of object successfully

2018-05-21 20:59:43 - [MESSAGE][PASSED] - Modify property of object successfully

2018-05-21 20:59:43 - [TEST_STEP][PASSED] - selectOptionByIndex: All options with index in [1] are selected on object ''

2018-05-21 20:59:44 - [MESSAGE][PASSED] - All options with index in [1] are selected on object ''

2018-05-21 20:59:44 - [TEST_STEP][PASSED] - Statement - batch = new com.kms.katalon.core.testobject.TestObject(): null

2018-05-21 20:59:44 - [TEST_STEP][PASSED] - Statement - batch = com.kms.katalon.core.webui.keyword.WebUiBuiltInKeywords.modifyObjectProperty(batch, "xpath", "equals", "//*[@id = "txtbthqty" + row + ""]", true): Modify property of object successfully

2018-05-21 20:59:44 - [MESSAGE][PASSED] - Modify property of object successfully

2018-05-21 20:59:44 - [TEST_STEP][PASSED] - Statement - batchqty = com.kms.katalon.core.webui.keyword.WebUiBuiltInKeywords.getAttribute(batch, "value").trim(): Attribute 'value' of object '' is: '3400'

2018-05-21 20:59:44 - [MESSAGE][PASSED] - Attribute 'value' of object '' is: '3400'

2018-05-21 20:59:44 - [TEST_STEP][PASSED] - Statement - Rqty = 100: null

2018-05-21 20:59:44 - [TEST_STEP][PASSED] - delay: Delayed 2 second(s)

2018-05-21 20:59:46 - [MESSAGE][PASSED] - Delayed 2 second(s)

2018-05-21 20:59:46 - [TEST_STEP][PASSED] - Statement - out.println("BatchQty : " + batchqty): null

2018-05-21 20:59:46 - [TEST_STEP][PASSED] - Statement - out.println("RQty : " + Rqty): null

2018-05-21 20:59:46 - [TEST_STEP][PASSED] - Statement - If (java.lang.Integer.valueOf(batchqty) >= java.lang.Integer.valueOf(Rqty)): null

2018-05-21 20:59:46 - [TEST_STEP][PASSED] - Statement - Break: null

2018-05-21 20:59:46 - [TEST_STEP][PASSED] - Statement - batchlength = new com.kms.katalon.core.testobject.TestObject(): null

2018-05-21 20:59:46 - [TEST_STEP][PASSED] - Statement - batchlength = com.kms.katalon.core.webui.keyword.WebUiBuiltInKeywords.modifyObjectProperty(batchlength, "xpath", "equals", "//*[@id = "fldvendor" + row + ""]", true): Modify property of object successfully

2018-05-21 20:59:46 - [MESSAGE][PASSED] - Modify property of object successfully

2018-05-21 20:59:46 - [TEST_STEP][PASSED] - Statement - batchsize = com.kms.katalon.core.webui.keyword.WebUiBuiltInKeywords.getNumberOfTotalOption(batchlength): 6 options of object '' counted

2018-05-21 20:59:46 - [MESSAGE][PASSED] - 6 options of object '' counted

2018-05-21 20:59:46 - [TEST_STEP][PASSED] - Statement - out.println("BatchSize : " + batchsize): null

2018-05-21 20:59:46 - [TEST_STEP][PASSED] - Statement - For ([n = 1, n <= batchsize - 1, (n++)]): null

2018-05-21 20:59:46 - [TEST_STEP][PASSED] - Statement - product = new com.kms.katalon.core.testobject.TestObject(): null

2018-05-21 20:59:46 - [TEST_STEP][PASSED] - Statement - product = com.kms.katalon.core.webui.keyword.WebUiBuiltInKeywords.modifyObjectProperty(product, "xpath", "equals", "//*[@id = "fldvendor" + row + ""]", true): Modify property of object successfully

2018-05-21 20:59:46 - [MESSAGE][PASSED] - Modify property of object successfully

2018-05-21 20:59:46 - [TEST_STEP][PASSED] - selectOptionByIndex: All options with index in [1] are selected on object ''

2018-05-21 20:59:46 - [MESSAGE][PASSED] - All options with index in [1] are selected on object ''

2018-05-21 20:59:46 - [TEST_STEP][PASSED] - Statement - batch = new com.kms.katalon.core.testobject.TestObject(): null

2018-05-21 20:59:46 - [TEST_STEP][PASSED] - Statement - batch = com.kms.katalon.core.webui.keyword.WebUiBuiltInKeywords.modifyObjectProperty(batch, "xpath", "equals", "//*[@id = "txtbthqty" + row + ""]", true): Modify property of object successfully

2018-05-21 20:59:46 - [MESSAGE][PASSED] - Modify property of object successfully

2018-05-21 20:59:46 - [TEST_STEP][PASSED] - Statement - batchqty = com.kms.katalon.core.webui.keyword.WebUiBuiltInKeywords.getAttribute(batch, "value").trim(): Attribute 'value' of object '' is: '49300'

2018-05-21 20:59:46 - [MESSAGE][PASSED] - Attribute 'value' of object '' is: '49300'

2018-05-21 20:59:46 - [TEST_STEP][PASSED] - Statement - Rqty = 100: null

2018-05-21 20:59:46 - [TEST_STEP][PASSED] - delay: Delayed 2 second(s)

2018-05-21 20:59:48 - [MESSAGE][PASSED] - Delayed 2 second(s)

2018-05-21 20:59:48 - [TEST_STEP][PASSED] - Statement - out.println("BatchQty : " + batchqty): null

2018-05-21 20:59:48 - [TEST_STEP][PASSED] - Statement - out.println("RQty : " + Rqty): null

2018-05-21 20:59:48 - [TEST_STEP][PASSED] - Statement - If (java.lang.Integer.valueOf(batchqty) >= java.lang.Integer.valueOf(Rqty)): null

2018-05-21 20:59:48 - [TEST_STEP][PASSED] - Statement - Break: null

2018-05-21 20:59:48 - [TEST_STEP][PASSED] - Statement - batchlength = new com.kms.katalon.core.testobject.TestObject(): null

2018-05-21 20:59:48 - [TEST_STEP][PASSED] - Statement - batchlength = com.kms.katalon.core.webui.keyword.WebUiBuiltInKeywords.modifyObjectProperty(batchlength, "xpath", "equals", "//*[@id = "fldvendor" + row + ""]", true): Modify property of object successfully

2018-05-21 20:59:48 - [MESSAGE][PASSED] - Modify property of object successfully

2018-05-21 20:59:48 - [TEST_STEP][PASSED] - Statement - batchsize = com.kms.katalon.core.webui.keyword.WebUiBuiltInKeywords.getNumberOfTotalOption(batchlength): 6 options of object '' counted

2018-05-21 20:59:48 - [MESSAGE][PASSED] - 6 options of object '' counted

2018-05-21 20:59:48 - [TEST_STEP][PASSED] - Statement - out.println("BatchSize : " + batchsize): null

2018-05-21 20:59:48 - [TEST_STEP][PASSED] - Statement - For ([n = 1, n <= batchsize - 1, (n++)]): null

2018-05-21 20:59:48 - [TEST_STEP][PASSED] - Statement - product = new com.kms.katalon.core.testobject.TestObject(): null

2018-05-21 20:59:48 - [TEST_STEP][PASSED] - Statement - product = com.kms.katalon.core.webui.keyword.WebUiBuiltInKeywords.modifyObjectProperty(product, "xpath", "equals", "//*[@id = "fldvendor" + row + ""]", true): Modify property of object successfully

2018-05-21 20:59:48 - [MESSAGE][PASSED] - Modify property of object successfully

2018-05-21 20:59:48 - [TEST_STEP][PASSED] - selectOptionByIndex: All options with index in [1] are selected on object ''

2018-05-21 20:59:48 - [MESSAGE][PASSED] - All options with index in [1] are selected on object ''

2018-05-21 20:59:48 - [TEST_STEP][PASSED] - Statement - batch = new com.kms.katalon.core.testobject.TestObject(): null

2018-05-21 20:59:48 - [TEST_STEP][PASSED] - Statement - batch = com.kms.katalon.core.webui.keyword.WebUiBuiltInKeywords.modifyObjectProperty(batch, "xpath", "equals", "//*[@id = "txtbthqty" + row + ""]", true): Modify property of object successfully

2018-05-21 20:59:48 - [MESSAGE][PASSED] - Modify property of object successfully

2018-05-21 20:59:48 - [TEST_STEP][PASSED] - Statement - batchqty = com.kms.katalon.core.webui.keyword.WebUiBuiltInKeywords.getAttribute(batch, "value").trim(): Attribute 'value' of object '' is: '49300'

2018-05-21 20:59:48 - [MESSAGE][PASSED] - Attribute 'value' of object '' is: '49300'

2018-05-21 20:59:48 - [TEST_STEP][PASSED] - Statement - Rqty = 100: null

2018-05-21 20:59:48 - [TEST_STEP][PASSED] - delay: Delayed 2 second(s)

2018-05-21 20:59:50 - [MESSAGE][PASSED] - Delayed 2 second(s)

2018-05-21 20:59:50 - [TEST_STEP][PASSED] - Statement - out.println("BatchQty : " + batchqty): null

2018-05-21 20:59:50 - [TEST_STEP][PASSED] - Statement - out.println("RQty : " + Rqty): null

2018-05-21 20:59:50 - [TEST_STEP][PASSED] - Statement - If (java.lang.Integer.valueOf(batchqty) >= java.lang.Integer.valueOf(Rqty)): null

2018-05-21 20:59:50 - [TEST_STEP][PASSED] - Statement - Break: null

2018-05-21 20:59:50 - [TEST_STEP][PASSED] - Statement - batchlength = new com.kms.katalon.core.testobject.TestObject(): null

2018-05-21 20:59:50 - [TEST_STEP][PASSED] - Statement - batchlength = com.kms.katalon.core.webui.keyword.WebUiBuiltInKeywords.modifyObjectProperty(batchlength, "xpath", "equals", "//*[@id = "fldvendor" + row + ""]", true): Modify property of object successfully

2018-05-21 20:59:50 - [MESSAGE][PASSED] - Modify property of object successfully

2018-05-21 20:59:50 - [TEST_STEP][PASSED] - Statement - batchsize = com.kms.katalon.core.webui.keyword.WebUiBuiltInKeywords.getNumberOfTotalOption(batchlength): 6 options of object '' counted

2018-05-21 20:59:50 - [MESSAGE][PASSED] - 6 options of object '' counted

2018-05-21 20:59:50 - [TEST_STEP][PASSED] - Statement - out.println("BatchSize : " + batchsize): null

2018-05-21 20:59:50 - [TEST_STEP][FAILED] - Statement - For ([n = 1, n <= batchsize - 1, (n++)]): Unable to get attribute 'value' of object '' (Root cause: org.openqa.selenium.UnhandledAlertException: unexpected alert open: {Alert text : function Error() { [native code] }}
  (Session info: chrome=66.0.3359.181)
  (Driver info: chromedriver=2.35.528161 (5b82f2d2aae0ca24b877009200ced9065a772e73),platform=Windows NT 10.0.17134 x86_64) (WARNING: The server did not provide any stacktrace information)
Command duration or timeout: 0 milliseconds: null
Build info: version: '3.7.1', revision: '8a0099a', time: '2017-11-06T21:07:36.161Z'
System info: host: 'DESKTOP-BLFTK83', ip: '169.254.189.85', os.name: 'Windows 10', os.arch: 'amd64', os.version: '10.0', java.version: '1.8.0_102'
Driver info: com.kms.katalon.selenium.driver.CChromeDriver
Capabilities {acceptInsecureCerts: false, acceptSslCerts: false, applicationCacheEnabled: false, browserConnectionEnabled: false, browserName: chrome, chrome: {chromedriverVersion: 2.35.528161 (5b82f2d2aae0ca..., userDataDir: C:\Users\QUALIT~1\AppData\L...}, cssSelectorsEnabled: true, databaseEnabled: false, handlesAlerts: true, hasTouchScreen: false, javascriptEnabled: true, locationContextEnabled: true, mobileEmulationEnabled: false, nativeEvents: true, networkConnectionEnabled: false, pageLoadStrategy: normal, platform: XP, platformName: XP, rotatable: false, setWindowRect: true, takesHeapSnapshot: true, takesScreenshot: true, unexpectedAlertBehaviour: , unhandledPromptBehavior: , version: 66.0.3359.181, webStorageEnabled: true}
Session ID: fb2de2214bf948e98a33cd6a5bf63efd
*** Element info: {Using=xpath, value=//*[@id = "txtbthqty8"]})

2018-05-21 20:59:50 - [TEST_STEP][PASSED] - Statement - product = new com.kms.katalon.core.testobject.TestObject(): null

2018-05-21 20:59:50 - [TEST_STEP][PASSED] - Statement - product = com.kms.katalon.core.webui.keyword.WebUiBuiltInKeywords.modifyObjectProperty(product, "xpath", "equals", "//*[@id = "fldvendor" + row + ""]", true): Modify property of object successfully

2018-05-21 20:59:50 - [MESSAGE][PASSED] - Modify property of object successfully

2018-05-21 20:59:50 - [TEST_STEP][PASSED] - selectOptionByIndex: All options with index in [1] are selected on object ''

2018-05-21 20:59:50 - [MESSAGE][PASSED] - All options with index in [1] are selected on object ''

2018-05-21 20:59:50 - [TEST_STEP][PASSED] - Statement - batch = new com.kms.katalon.core.testobject.TestObject(): null

2018-05-21 20:59:50 - [TEST_STEP][PASSED] - Statement - batch = com.kms.katalon.core.webui.keyword.WebUiBuiltInKeywords.modifyObjectProperty(batch, "xpath", "equals", "//*[@id = "txtbthqty" + row + ""]", true): Modify property of object successfully

2018-05-21 20:59:50 - [MESSAGE][PASSED] - Modify property of object successfully

2018-05-21 20:59:50 - [TEST_STEP][FAILED] - Statement - batchqty = com.kms.katalon.core.webui.keyword.WebUiBuiltInKeywords.getAttribute(batch, "value").trim(): Unable to get attribute 'value' of object '' (Root cause: org.openqa.selenium.UnhandledAlertException: unexpected alert open: {Alert text : function Error() { [native code] }}
  (Session info: chrome=66.0.3359.181)
  (Driver info: chromedriver=2.35.528161 (5b82f2d2aae0ca24b877009200ced9065a772e73),platform=Windows NT 10.0.17134 x86_64) (WARNING: The server did not provide any stacktrace information)
Command duration or timeout: 0 milliseconds: null
Build info: version: '3.7.1', revision: '8a0099a', time: '2017-11-06T21:07:36.161Z'
System info: host: 'DESKTOP-BLFTK83', ip: '169.254.189.85', os.name: 'Windows 10', os.arch: 'amd64', os.version: '10.0', java.version: '1.8.0_102'
Driver info: com.kms.katalon.selenium.driver.CChromeDriver
Capabilities {acceptInsecureCerts: false, acceptSslCerts: false, applicationCacheEnabled: false, browserConnectionEnabled: false, browserName: chrome, chrome: {chromedriverVersion: 2.35.528161 (5b82f2d2aae0ca..., userDataDir: C:\Users\QUALIT~1\AppData\L...}, cssSelectorsEnabled: true, databaseEnabled: false, handlesAlerts: true, hasTouchScreen: false, javascriptEnabled: true, locationContextEnabled: true, mobileEmulationEnabled: false, nativeEvents: true, networkConnectionEnabled: false, pageLoadStrategy: normal, platform: XP, platformName: XP, rotatable: false, setWindowRect: true, takesHeapSnapshot: true, takesScreenshot: true, unexpectedAlertBehaviour: , unhandledPromptBehavior: , version: 66.0.3359.181, webStorageEnabled: true}
Session ID: fb2de2214bf948e98a33cd6a5bf63efd
*** Element info: {Using=xpath, value=//*[@id = "txtbthqty8"]})

2018-05-21 20:59:50 - [MESSAGE][WARNING] - Cannot take screenshot

2018-05-21 20:59:50 - [MESSAGE][FAILED] - Unable to get attribute 'value' of object '' (Root cause: org.openqa.selenium.UnhandledAlertException: unexpected alert open: {Alert text : function Error() { [native code] }}
  (Session info: chrome=66.0.3359.181)
  (Driver info: chromedriver=2.35.528161 (5b82f2d2aae0ca24b877009200ced9065a772e73),platform=Windows NT 10.0.17134 x86_64) (WARNING: The server did not provide any stacktrace information)
Command duration or timeout: 0 milliseconds: null
Build info: version: '3.7.1', revision: '8a0099a', time: '2017-11-06T21:07:36.161Z'
System info: host: 'DESKTOP-BLFTK83', ip: '169.254.189.85', os.name: 'Windows 10', os.arch: 'amd64', os.version: '10.0', java.version: '1.8.0_102'
Driver info: com.kms.katalon.selenium.driver.CChromeDriver
Capabilities {acceptInsecureCerts: false, acceptSslCerts: false, applicationCacheEnabled: false, browserConnectionEnabled: false, browserName: chrome, chrome: {chromedriverVersion: 2.35.528161 (5b82f2d2aae0ca..., userDataDir: C:\Users\QUALIT~1\AppData\L...}, cssSelectorsEnabled: true, databaseEnabled: false, handlesAlerts: true, hasTouchScreen: false, javascriptEnabled: true, locationContextEnabled: true, mobileEmulationEnabled: false, nativeEvents: true, networkConnectionEnabled: false, pageLoadStrategy: normal, platform: XP, platformName: XP, rotatable: false, setWindowRect: true, takesHeapSnapshot: true, takesScreenshot: true, unexpectedAlertBehaviour: , unhandledPromptBehavior: , version: 66.0.3359.181, webStorageEnabled: true}
Session ID: fb2de2214bf948e98a33cd6a5bf63efd
*** Element info: {Using=xpath, value=//*[@id = "txtbthqty8"]})]]></system-out>
         <system-err><![CDATA[2018-05-21 20:57:57 - [TEST_CASE][FAILED] - Test Cases/STORE TO CMS REQUEST TEST CASES/TC_STCMS_010 To Verify Schedule 10 Store To CMS Request Are Working Successfully Or Not: Test Cases/STORE TO CMS REQUEST TEST CASES/TC_STCMS_010 To Verify Schedule 10 Store To CMS Request Are Working Successfully Or Not FAILED because (of) Unable to get attribute 'value' of object '' (Root cause: org.openqa.selenium.UnhandledAlertException: unexpected alert open: {Alert text : function Error() { [native code] }}
  (Session info: chrome=66.0.3359.181)
  (Driver info: chromedriver=2.35.528161 (5b82f2d2aae0ca24b877009200ced9065a772e73),platform=Windows NT 10.0.17134 x86_64) (WARNING: The server did not provide any stacktrace information)
Command duration or timeout: 0 milliseconds: null
Build info: version: '3.7.1', revision: '8a0099a', time: '2017-11-06T21:07:36.161Z'
System info: host: 'DESKTOP-BLFTK83', ip: '169.254.189.85', os.name: 'Windows 10', os.arch: 'amd64', os.version: '10.0', java.version: '1.8.0_102'
Driver info: com.kms.katalon.selenium.driver.CChromeDriver
Capabilities {acceptInsecureCerts: false, acceptSslCerts: false, applicationCacheEnabled: false, browserConnectionEnabled: false, browserName: chrome, chrome: {chromedriverVersion: 2.35.528161 (5b82f2d2aae0ca..., userDataDir: C:\Users\QUALIT~1\AppData\L...}, cssSelectorsEnabled: true, databaseEnabled: false, handlesAlerts: true, hasTouchScreen: false, javascriptEnabled: true, locationContextEnabled: true, mobileEmulationEnabled: false, nativeEvents: true, networkConnectionEnabled: false, pageLoadStrategy: normal, platform: XP, platformName: XP, rotatable: false, setWindowRect: true, takesHeapSnapshot: true, takesScreenshot: true, unexpectedAlertBehaviour: , unhandledPromptBehavior: , version: 66.0.3359.181, webStorageEnabled: true}
Session ID: fb2de2214bf948e98a33cd6a5bf63efd
*** Element info: {Using=xpath, value=//*[@id = "txtbthqty8"]})]]></system-err>
      </testcase>
      <testcase name="Test Cases/STORE TO CMS REQUEST TEST CASES/TC_STCMS_011 To Verify Schedule 11 Store To CMS Request Are Working Successfully Or Not" classname="Test Cases/STORE TO CMS REQUEST TEST CASES/TC_STCMS_011 To Verify Schedule 11 Store To CMS Request Are Working Successfully Or Not" status="ERROR">
         <error type="ERROR" message="Test Cases/STORE TO CMS REQUEST TEST CASES/TC_STCMS_011 To Verify Schedule 11 Store To CMS Request Are Working Successfully Or Not FAILED because (of) java.lang.ArrayIndexOutOfBoundsException: 2"/>
         <system-out><![CDATA[2018-05-21 20:59:50 - [TEST_CASE][ERROR] - Test Cases/STORE TO CMS REQUEST TEST CASES/TC_STCMS_011 To Verify Schedule 11 Store To CMS Request Are Working Successfully Or Not: Test Cases/STORE TO CMS REQUEST TEST CASES/TC_STCMS_011 To Verify Schedule 11 Store To CMS Request Are Working Successfully Or Not FAILED because (of) java.lang.ArrayIndexOutOfBoundsException: 2

2018-05-21 20:59:51 - [TEST_STEP][PASSED] - openBrowser: Browser is opened with url: ''

2018-05-21 20:59:51 - [MESSAGE][WARNING] - A browser is already opened. Closing browser and opening a new one

2018-05-22 10:03:01 - [MESSAGE][PASSED] - Browser is opened with url: ''

2018-05-22 10:03:01 - [TEST_STEP][PASSED] - Statement - out.println("Verify Schedule 11 STORE Request Are Working Successfully Or Not"): null

2018-05-22 10:03:01 - [TEST_STEP][PASSED] - navigateToUrl: Navigate to 'http://192.168.137.1/multihospital_new/' successfully

2018-05-22 10:03:33 - [MESSAGE][PASSED] - Navigate to 'http://192.168.137.1/multihospital_new/' successfully

2018-05-22 10:03:33 - [TEST_STEP][PASSED] - maximizeWindow: Current window maximized

2018-05-22 10:03:34 - [MESSAGE][PASSED] - Current window maximized

2018-05-22 10:03:34 - [TEST_STEP][PASSED] - click: Object: 'Object Repository/Store Request Schedule 1/Page_KDMC/a_Divisional Store' is clicked on

2018-05-22 10:03:37 - [MESSAGE][PASSED] - Object: 'Object Repository/Store Request Schedule 1/Page_KDMC/a_Divisional Store' is clicked on

2018-05-22 10:03:37 - [TEST_STEP][PASSED] - setText: Text 'ragu' is set on object 'Object Repository/Store Request Schedule 1/Page_Divisonal Store Login/input_txtusername'

2018-05-22 10:03:37 - [MESSAGE][PASSED] - Text 'ragu' is set on object 'Object Repository/Store Request Schedule 1/Page_Divisonal Store Login/input_txtusername'

2018-05-22 10:03:37 - [TEST_STEP][PASSED] - setText: Text '123' is set on object 'Object Repository/Store Request Schedule 1/Page_Divisonal Store Login/input_txtpassword'

2018-05-22 10:03:37 - [MESSAGE][PASSED] - Text '123' is set on object 'Object Repository/Store Request Schedule 1/Page_Divisonal Store Login/input_txtpassword'

2018-05-22 10:03:37 - [TEST_STEP][PASSED] - delay: Delayed 3 second(s)

2018-05-22 10:03:40 - [MESSAGE][PASSED] - Delayed 3 second(s)

2018-05-22 10:03:40 - [TEST_STEP][PASSED] - click: Object: 'Object Repository/Store Request Schedule 1/Page_Divisonal Store Login/button_Sign in' is clicked on

2018-05-22 10:03:42 - [MESSAGE][PASSED] - Object: 'Object Repository/Store Request Schedule 1/Page_Divisonal Store Login/button_Sign in' is clicked on

2018-05-22 10:03:42 - [TEST_STEP][PASSED] - delay: Delayed 3 second(s)

2018-05-22 10:03:45 - [MESSAGE][PASSED] - Delayed 3 second(s)

2018-05-22 10:03:45 - [TEST_STEP][PASSED] - click: Object: 'Object Repository/Store Request Schedule 1/Page_Store/a_CMS' is clicked on

2018-05-22 10:03:45 - [MESSAGE][PASSED] - Object: 'Object Repository/Store Request Schedule 1/Page_Store/a_CMS' is clicked on

2018-05-22 10:03:45 - [TEST_STEP][PASSED] - delay: Delayed 2 second(s)

2018-05-22 10:03:47 - [MESSAGE][PASSED] - Delayed 2 second(s)

2018-05-22 10:03:47 - [TEST_STEP][PASSED] - click: Object: 'Object Repository/Store Request Schedule 1/Page_Store/a_Request Send' is clicked on

2018-05-22 10:03:49 - [MESSAGE][PASSED] - Object: 'Object Repository/Store Request Schedule 1/Page_Store/a_Request Send' is clicked on

2018-05-22 10:03:49 - [TEST_STEP][PASSED] - selectOptionByIndex: All options with index in [1] are selected on object 'Object Repository/Store Request Schedule 1/Page_Store/select_--Select--'

2018-05-22 10:03:49 - [MESSAGE][PASSED] - All options with index in [1] are selected on object 'Object Repository/Store Request Schedule 1/Page_Store/select_--Select--'

2018-05-22 10:03:49 - [TEST_STEP][PASSED] - selectOptionByIndex: All options with index in [11] are selected on object 'Object Repository/Store Request Schedule 1/Page_Store/select_--Select--Schedule 1Inj'

2018-05-22 10:03:49 - [MESSAGE][PASSED] - All options with index in [11] are selected on object 'Object Repository/Store Request Schedule 1/Page_Store/select_--Select--Schedule 1Inj'

2018-05-22 10:03:49 - [TEST_STEP][PASSED] - Statement - SelectedOptions = com.kms.katalon.core.webui.keyword.WebUiBuiltInKeywords.getNumberOfTotalOption(com.kms.katalon.core.testobject.ObjectRepository.findTestObject(Store Request Schedule 1/Page_Store/select_--Select--Adernaline 0.)): 81 options of object 'Object Repository/Store Request Schedule 1/Page_Store/select_--Select--Adernaline 0.' counted

2018-05-22 10:03:49 - [MESSAGE][PASSED] - 81 options of object 'Object Repository/Store Request Schedule 1/Page_Store/select_--Select--Adernaline 0.' counted

2018-05-22 10:03:49 - [TEST_STEP][PASSED] - Statement - For ([y = 1, y < SelectedOptions, (y++)]): Object: 'Object Repository/Store Request Schedule 1/Page_Store/button_Add' is clicked on

2018-05-22 10:03:49 - [TEST_STEP][PASSED] - selectOptionByIndex: All options with index in [11] are selected on object 'Object Repository/Store Request Schedule 1/Page_Store/select_--Select--Schedule 1Inj'

2018-05-22 10:03:49 - [MESSAGE][PASSED] - All options with index in [11] are selected on object 'Object Repository/Store Request Schedule 1/Page_Store/select_--Select--Schedule 1Inj'

2018-05-22 10:03:49 - [TEST_STEP][PASSED] - delay: Delayed 1 second(s)

2018-05-22 10:03:50 - [MESSAGE][PASSED] - Delayed 1 second(s)

2018-05-22 10:03:50 - [TEST_STEP][PASSED] - selectOptionByIndex: All options with index in [1] are selected on object 'Object Repository/Store Request Schedule 1/Page_Store/select_--Select--Adernaline 0.'

2018-05-22 10:03:51 - [MESSAGE][PASSED] - All options with index in [1] are selected on object 'Object Repository/Store Request Schedule 1/Page_Store/select_--Select--Adernaline 0.'

2018-05-22 10:03:51 - [TEST_STEP][PASSED] - setText: Text '100' is set on object 'Object Repository/Store Request Schedule 1/Page_Store/input_txttreat'

2018-05-22 10:03:51 - [MESSAGE][PASSED] - Text '100' is set on object 'Object Repository/Store Request Schedule 1/Page_Store/input_txttreat'

2018-05-22 10:03:51 - [TEST_STEP][PASSED] - click: Object: 'Object Repository/Store Request Schedule 1/Page_Store/button_Add' is clicked on

2018-05-22 10:03:51 - [MESSAGE][PASSED] - Object: 'Object Repository/Store Request Schedule 1/Page_Store/button_Add' is clicked on

2018-05-22 10:03:51 - [TEST_STEP][PASSED] - selectOptionByIndex: All options with index in [11] are selected on object 'Object Repository/Store Request Schedule 1/Page_Store/select_--Select--Schedule 1Inj'

2018-05-22 10:03:51 - [MESSAGE][PASSED] - All options with index in [11] are selected on object 'Object Repository/Store Request Schedule 1/Page_Store/select_--Select--Schedule 1Inj'

2018-05-22 10:03:51 - [TEST_STEP][PASSED] - delay: Delayed 1 second(s)

2018-05-22 10:03:52 - [MESSAGE][PASSED] - Delayed 1 second(s)

2018-05-22 10:03:52 - [TEST_STEP][PASSED] - selectOptionByIndex: All options with index in [2] are selected on object 'Object Repository/Store Request Schedule 1/Page_Store/select_--Select--Adernaline 0.'

2018-05-22 10:03:52 - [MESSAGE][PASSED] - All options with index in [2] are selected on object 'Object Repository/Store Request Schedule 1/Page_Store/select_--Select--Adernaline 0.'

2018-05-22 10:03:52 - [TEST_STEP][PASSED] - setText: Text '100' is set on object 'Object Repository/Store Request Schedule 1/Page_Store/input_txttreat'

2018-05-22 10:03:52 - [MESSAGE][PASSED] - Text '100' is set on object 'Object Repository/Store Request Schedule 1/Page_Store/input_txttreat'

2018-05-22 10:03:52 - [TEST_STEP][PASSED] - click: Object: 'Object Repository/Store Request Schedule 1/Page_Store/button_Add' is clicked on

2018-05-22 10:03:52 - [MESSAGE][PASSED] - Object: 'Object Repository/Store Request Schedule 1/Page_Store/button_Add' is clicked on

2018-05-22 10:03:52 - [TEST_STEP][PASSED] - selectOptionByIndex: All options with index in [11] are selected on object 'Object Repository/Store Request Schedule 1/Page_Store/select_--Select--Schedule 1Inj'

2018-05-22 10:03:52 - [MESSAGE][PASSED] - All options with index in [11] are selected on object 'Object Repository/Store Request Schedule 1/Page_Store/select_--Select--Schedule 1Inj'

2018-05-22 10:03:52 - [TEST_STEP][PASSED] - delay: Delayed 1 second(s)

2018-05-22 10:03:53 - [MESSAGE][PASSED] - Delayed 1 second(s)

2018-05-22 10:03:53 - [TEST_STEP][PASSED] - selectOptionByIndex: All options with index in [3] are selected on object 'Object Repository/Store Request Schedule 1/Page_Store/select_--Select--Adernaline 0.'

2018-05-22 10:03:54 - [MESSAGE][PASSED] - All options with index in [3] are selected on object 'Object Repository/Store Request Schedule 1/Page_Store/select_--Select--Adernaline 0.'

2018-05-22 10:03:54 - [TEST_STEP][PASSED] - setText: Text '100' is set on object 'Object Repository/Store Request Schedule 1/Page_Store/input_txttreat'

2018-05-22 10:03:54 - [MESSAGE][PASSED] - Text '100' is set on object 'Object Repository/Store Request Schedule 1/Page_Store/input_txttreat'

2018-05-22 10:03:54 - [TEST_STEP][PASSED] - click: Object: 'Object Repository/Store Request Schedule 1/Page_Store/button_Add' is clicked on

2018-05-22 10:03:54 - [MESSAGE][PASSED] - Object: 'Object Repository/Store Request Schedule 1/Page_Store/button_Add' is clicked on

2018-05-22 10:03:54 - [TEST_STEP][PASSED] - selectOptionByIndex: All options with index in [11] are selected on object 'Object Repository/Store Request Schedule 1/Page_Store/select_--Select--Schedule 1Inj'

2018-05-22 10:03:54 - [MESSAGE][PASSED] - All options with index in [11] are selected on object 'Object Repository/Store Request Schedule 1/Page_Store/select_--Select--Schedule 1Inj'

2018-05-22 10:03:54 - [TEST_STEP][PASSED] - delay: Delayed 1 second(s)

2018-05-22 10:03:55 - [MESSAGE][PASSED] - Delayed 1 second(s)

2018-05-22 10:03:55 - [TEST_STEP][PASSED] - selectOptionByIndex: All options with index in [4] are selected on object 'Object Repository/Store Request Schedule 1/Page_Store/select_--Select--Adernaline 0.'

2018-05-22 10:03:55 - [MESSAGE][PASSED] - All options with index in [4] are selected on object 'Object Repository/Store Request Schedule 1/Page_Store/select_--Select--Adernaline 0.'

2018-05-22 10:03:55 - [TEST_STEP][PASSED] - setText: Text '100' is set on object 'Object Repository/Store Request Schedule 1/Page_Store/input_txttreat'

2018-05-22 10:03:55 - [MESSAGE][PASSED] - Text '100' is set on object 'Object Repository/Store Request Schedule 1/Page_Store/input_txttreat'

2018-05-22 10:03:55 - [TEST_STEP][PASSED] - click: Object: 'Object Repository/Store Request Schedule 1/Page_Store/button_Add' is clicked on

2018-05-22 10:03:55 - [MESSAGE][PASSED] - Object: 'Object Repository/Store Request Schedule 1/Page_Store/button_Add' is clicked on

2018-05-22 10:03:55 - [TEST_STEP][PASSED] - selectOptionByIndex: All options with index in [11] are selected on object 'Object Repository/Store Request Schedule 1/Page_Store/select_--Select--Schedule 1Inj'

2018-05-22 10:03:55 - [MESSAGE][PASSED] - All options with index in [11] are selected on object 'Object Repository/Store Request Schedule 1/Page_Store/select_--Select--Schedule 1Inj'

2018-05-22 10:03:55 - [TEST_STEP][PASSED] - delay: Delayed 1 second(s)

2018-05-22 10:03:56 - [MESSAGE][PASSED] - Delayed 1 second(s)

2018-05-22 10:03:56 - [TEST_STEP][PASSED] - selectOptionByIndex: All options with index in [5] are selected on object 'Object Repository/Store Request Schedule 1/Page_Store/select_--Select--Adernaline 0.'

2018-05-22 10:03:56 - [MESSAGE][PASSED] - All options with index in [5] are selected on object 'Object Repository/Store Request Schedule 1/Page_Store/select_--Select--Adernaline 0.'

2018-05-22 10:03:56 - [TEST_STEP][PASSED] - setText: Text '100' is set on object 'Object Repository/Store Request Schedule 1/Page_Store/input_txttreat'

2018-05-22 10:03:57 - [MESSAGE][PASSED] - Text '100' is set on object 'Object Repository/Store Request Schedule 1/Page_Store/input_txttreat'

2018-05-22 10:03:57 - [TEST_STEP][PASSED] - click: Object: 'Object Repository/Store Request Schedule 1/Page_Store/button_Add' is clicked on

2018-05-22 10:03:57 - [MESSAGE][PASSED] - Object: 'Object Repository/Store Request Schedule 1/Page_Store/button_Add' is clicked on

2018-05-22 10:03:57 - [TEST_STEP][PASSED] - selectOptionByIndex: All options with index in [11] are selected on object 'Object Repository/Store Request Schedule 1/Page_Store/select_--Select--Schedule 1Inj'

2018-05-22 10:03:57 - [MESSAGE][PASSED] - All options with index in [11] are selected on object 'Object Repository/Store Request Schedule 1/Page_Store/select_--Select--Schedule 1Inj'

2018-05-22 10:03:57 - [TEST_STEP][PASSED] - delay: Delayed 1 second(s)

2018-05-22 10:03:58 - [MESSAGE][PASSED] - Delayed 1 second(s)

2018-05-22 10:03:58 - [TEST_STEP][PASSED] - selectOptionByIndex: All options with index in [6] are selected on object 'Object Repository/Store Request Schedule 1/Page_Store/select_--Select--Adernaline 0.'

2018-05-22 10:03:58 - [MESSAGE][PASSED] - All options with index in [6] are selected on object 'Object Repository/Store Request Schedule 1/Page_Store/select_--Select--Adernaline 0.'

2018-05-22 10:03:58 - [TEST_STEP][PASSED] - setText: Text '100' is set on object 'Object Repository/Store Request Schedule 1/Page_Store/input_txttreat'

2018-05-22 10:03:58 - [MESSAGE][PASSED] - Text '100' is set on object 'Object Repository/Store Request Schedule 1/Page_Store/input_txttreat'

2018-05-22 10:03:58 - [TEST_STEP][PASSED] - click: Object: 'Object Repository/Store Request Schedule 1/Page_Store/button_Add' is clicked on

2018-05-22 10:03:58 - [MESSAGE][PASSED] - Object: 'Object Repository/Store Request Schedule 1/Page_Store/button_Add' is clicked on

2018-05-22 10:03:58 - [TEST_STEP][PASSED] - selectOptionByIndex: All options with index in [11] are selected on object 'Object Repository/Store Request Schedule 1/Page_Store/select_--Select--Schedule 1Inj'

2018-05-22 10:03:58 - [MESSAGE][PASSED] - All options with index in [11] are selected on object 'Object Repository/Store Request Schedule 1/Page_Store/select_--Select--Schedule 1Inj'

2018-05-22 10:03:58 - [TEST_STEP][PASSED] - delay: Delayed 1 second(s)

2018-05-22 10:03:59 - [MESSAGE][PASSED] - Delayed 1 second(s)

2018-05-22 10:03:59 - [TEST_STEP][PASSED] - selectOptionByIndex: All options with index in [7] are selected on object 'Object Repository/Store Request Schedule 1/Page_Store/select_--Select--Adernaline 0.'

2018-05-22 10:03:59 - [MESSAGE][PASSED] - All options with index in [7] are selected on object 'Object Repository/Store Request Schedule 1/Page_Store/select_--Select--Adernaline 0.'

2018-05-22 10:03:59 - [TEST_STEP][PASSED] - setText: Text '100' is set on object 'Object Repository/Store Request Schedule 1/Page_Store/input_txttreat'

2018-05-22 10:04:00 - [MESSAGE][PASSED] - Text '100' is set on object 'Object Repository/Store Request Schedule 1/Page_Store/input_txttreat'

2018-05-22 10:04:00 - [TEST_STEP][PASSED] - click: Object: 'Object Repository/Store Request Schedule 1/Page_Store/button_Add' is clicked on

2018-05-22 10:04:00 - [MESSAGE][PASSED] - Object: 'Object Repository/Store Request Schedule 1/Page_Store/button_Add' is clicked on

2018-05-22 10:04:00 - [TEST_STEP][PASSED] - selectOptionByIndex: All options with index in [11] are selected on object 'Object Repository/Store Request Schedule 1/Page_Store/select_--Select--Schedule 1Inj'

2018-05-22 10:04:00 - [MESSAGE][PASSED] - All options with index in [11] are selected on object 'Object Repository/Store Request Schedule 1/Page_Store/select_--Select--Schedule 1Inj'

2018-05-22 10:04:00 - [TEST_STEP][PASSED] - delay: Delayed 1 second(s)

2018-05-22 10:04:01 - [MESSAGE][PASSED] - Delayed 1 second(s)

2018-05-22 10:04:01 - [TEST_STEP][PASSED] - selectOptionByIndex: All options with index in [8] are selected on object 'Object Repository/Store Request Schedule 1/Page_Store/select_--Select--Adernaline 0.'

2018-05-22 10:04:01 - [MESSAGE][PASSED] - All options with index in [8] are selected on object 'Object Repository/Store Request Schedule 1/Page_Store/select_--Select--Adernaline 0.'

2018-05-22 10:04:01 - [TEST_STEP][PASSED] - setText: Text '100' is set on object 'Object Repository/Store Request Schedule 1/Page_Store/input_txttreat'

2018-05-22 10:04:01 - [MESSAGE][PASSED] - Text '100' is set on object 'Object Repository/Store Request Schedule 1/Page_Store/input_txttreat'

2018-05-22 10:04:01 - [TEST_STEP][PASSED] - click: Object: 'Object Repository/Store Request Schedule 1/Page_Store/button_Add' is clicked on

2018-05-22 10:04:06 - [MESSAGE][PASSED] - Object: 'Object Repository/Store Request Schedule 1/Page_Store/button_Add' is clicked on

2018-05-22 10:04:06 - [TEST_STEP][PASSED] - selectOptionByIndex: All options with index in [11] are selected on object 'Object Repository/Store Request Schedule 1/Page_Store/select_--Select--Schedule 1Inj'

2018-05-22 10:04:06 - [MESSAGE][PASSED] - All options with index in [11] are selected on object 'Object Repository/Store Request Schedule 1/Page_Store/select_--Select--Schedule 1Inj'

2018-05-22 10:04:06 - [TEST_STEP][PASSED] - delay: Delayed 1 second(s)

2018-05-22 10:04:07 - [MESSAGE][PASSED] - Delayed 1 second(s)

2018-05-22 10:04:07 - [TEST_STEP][PASSED] - selectOptionByIndex: All options with index in [9] are selected on object 'Object Repository/Store Request Schedule 1/Page_Store/select_--Select--Adernaline 0.'

2018-05-22 10:04:08 - [MESSAGE][PASSED] - All options with index in [9] are selected on object 'Object Repository/Store Request Schedule 1/Page_Store/select_--Select--Adernaline 0.'

2018-05-22 10:04:08 - [TEST_STEP][PASSED] - setText: Text '100' is set on object 'Object Repository/Store Request Schedule 1/Page_Store/input_txttreat'

2018-05-22 10:04:08 - [MESSAGE][PASSED] - Text '100' is set on object 'Object Repository/Store Request Schedule 1/Page_Store/input_txttreat'

2018-05-22 10:04:08 - [TEST_STEP][PASSED] - click: Object: 'Object Repository/Store Request Schedule 1/Page_Store/button_Add' is clicked on

2018-05-22 10:04:13 - [MESSAGE][PASSED] - Object: 'Object Repository/Store Request Schedule 1/Page_Store/button_Add' is clicked on

2018-05-22 10:04:13 - [TEST_STEP][PASSED] - selectOptionByIndex: All options with index in [11] are selected on object 'Object Repository/Store Request Schedule 1/Page_Store/select_--Select--Schedule 1Inj'

2018-05-22 10:04:13 - [MESSAGE][PASSED] - All options with index in [11] are selected on object 'Object Repository/Store Request Schedule 1/Page_Store/select_--Select--Schedule 1Inj'

2018-05-22 10:04:13 - [TEST_STEP][PASSED] - delay: Delayed 1 second(s)

2018-05-22 10:04:14 - [MESSAGE][PASSED] - Delayed 1 second(s)

2018-05-22 10:04:14 - [TEST_STEP][PASSED] - selectOptionByIndex: All options with index in [10] are selected on object 'Object Repository/Store Request Schedule 1/Page_Store/select_--Select--Adernaline 0.'

2018-05-22 10:04:14 - [MESSAGE][PASSED] - All options with index in [10] are selected on object 'Object Repository/Store Request Schedule 1/Page_Store/select_--Select--Adernaline 0.'

2018-05-22 10:04:14 - [TEST_STEP][PASSED] - setText: Text '100' is set on object 'Object Repository/Store Request Schedule 1/Page_Store/input_txttreat'

2018-05-22 10:04:14 - [MESSAGE][PASSED] - Text '100' is set on object 'Object Repository/Store Request Schedule 1/Page_Store/input_txttreat'

2018-05-22 10:04:14 - [TEST_STEP][PASSED] - click: Object: 'Object Repository/Store Request Schedule 1/Page_Store/button_Add' is clicked on

2018-05-22 10:04:19 - [MESSAGE][PASSED] - Object: 'Object Repository/Store Request Schedule 1/Page_Store/button_Add' is clicked on

2018-05-22 10:04:19 - [TEST_STEP][PASSED] - selectOptionByIndex: All options with index in [11] are selected on object 'Object Repository/Store Request Schedule 1/Page_Store/select_--Select--Schedule 1Inj'

2018-05-22 10:04:20 - [MESSAGE][PASSED] - All options with index in [11] are selected on object 'Object Repository/Store Request Schedule 1/Page_Store/select_--Select--Schedule 1Inj'

2018-05-22 10:04:20 - [TEST_STEP][PASSED] - delay: Delayed 1 second(s)

2018-05-22 10:04:21 - [MESSAGE][PASSED] - Delayed 1 second(s)

2018-05-22 10:04:21 - [TEST_STEP][PASSED] - selectOptionByIndex: All options with index in [11] are selected on object 'Object Repository/Store Request Schedule 1/Page_Store/select_--Select--Adernaline 0.'

2018-05-22 10:04:21 - [MESSAGE][PASSED] - All options with index in [11] are selected on object 'Object Repository/Store Request Schedule 1/Page_Store/select_--Select--Adernaline 0.'

2018-05-22 10:04:21 - [TEST_STEP][PASSED] - setText: Text '100' is set on object 'Object Repository/Store Request Schedule 1/Page_Store/input_txttreat'

2018-05-22 10:04:21 - [MESSAGE][PASSED] - Text '100' is set on object 'Object Repository/Store Request Schedule 1/Page_Store/input_txttreat'

2018-05-22 10:04:21 - [TEST_STEP][PASSED] - click: Object: 'Object Repository/Store Request Schedule 1/Page_Store/button_Add' is clicked on

2018-05-22 10:04:26 - [MESSAGE][PASSED] - Object: 'Object Repository/Store Request Schedule 1/Page_Store/button_Add' is clicked on

2018-05-22 10:04:26 - [TEST_STEP][PASSED] - selectOptionByIndex: All options with index in [11] are selected on object 'Object Repository/Store Request Schedule 1/Page_Store/select_--Select--Schedule 1Inj'

2018-05-22 10:04:26 - [MESSAGE][PASSED] - All options with index in [11] are selected on object 'Object Repository/Store Request Schedule 1/Page_Store/select_--Select--Schedule 1Inj'

2018-05-22 10:04:26 - [TEST_STEP][PASSED] - delay: Delayed 1 second(s)

2018-05-22 10:04:27 - [MESSAGE][PASSED] - Delayed 1 second(s)

2018-05-22 10:04:27 - [TEST_STEP][PASSED] - selectOptionByIndex: All options with index in [12] are selected on object 'Object Repository/Store Request Schedule 1/Page_Store/select_--Select--Adernaline 0.'

2018-05-22 10:04:27 - [MESSAGE][PASSED] - All options with index in [12] are selected on object 'Object Repository/Store Request Schedule 1/Page_Store/select_--Select--Adernaline 0.'

2018-05-22 10:04:27 - [TEST_STEP][PASSED] - setText: Text '100' is set on object 'Object Repository/Store Request Schedule 1/Page_Store/input_txttreat'

2018-05-22 10:04:27 - [MESSAGE][PASSED] - Text '100' is set on object 'Object Repository/Store Request Schedule 1/Page_Store/input_txttreat'

2018-05-22 10:04:27 - [TEST_STEP][PASSED] - click: Object: 'Object Repository/Store Request Schedule 1/Page_Store/button_Add' is clicked on

2018-05-22 10:04:32 - [MESSAGE][PASSED] - Object: 'Object Repository/Store Request Schedule 1/Page_Store/button_Add' is clicked on

2018-05-22 10:04:32 - [TEST_STEP][PASSED] - selectOptionByIndex: All options with index in [11] are selected on object 'Object Repository/Store Request Schedule 1/Page_Store/select_--Select--Schedule 1Inj'

2018-05-22 10:04:33 - [MESSAGE][PASSED] - All options with index in [11] are selected on object 'Object Repository/Store Request Schedule 1/Page_Store/select_--Select--Schedule 1Inj'

2018-05-22 10:04:33 - [TEST_STEP][PASSED] - delay: Delayed 1 second(s)

2018-05-22 10:04:34 - [MESSAGE][PASSED] - Delayed 1 second(s)

2018-05-22 10:04:34 - [TEST_STEP][PASSED] - selectOptionByIndex: All options with index in [13] are selected on object 'Object Repository/Store Request Schedule 1/Page_Store/select_--Select--Adernaline 0.'

2018-05-22 10:04:34 - [MESSAGE][PASSED] - All options with index in [13] are selected on object 'Object Repository/Store Request Schedule 1/Page_Store/select_--Select--Adernaline 0.'

2018-05-22 10:04:34 - [TEST_STEP][PASSED] - setText: Text '100' is set on object 'Object Repository/Store Request Schedule 1/Page_Store/input_txttreat'

2018-05-22 10:04:34 - [MESSAGE][PASSED] - Text '100' is set on object 'Object Repository/Store Request Schedule 1/Page_Store/input_txttreat'

2018-05-22 10:04:34 - [TEST_STEP][PASSED] - click: Object: 'Object Repository/Store Request Schedule 1/Page_Store/button_Add' is clicked on

2018-05-22 10:04:39 - [MESSAGE][PASSED] - Object: 'Object Repository/Store Request Schedule 1/Page_Store/button_Add' is clicked on

2018-05-22 10:04:39 - [TEST_STEP][PASSED] - selectOptionByIndex: All options with index in [11] are selected on object 'Object Repository/Store Request Schedule 1/Page_Store/select_--Select--Schedule 1Inj'

2018-05-22 10:04:39 - [MESSAGE][PASSED] - All options with index in [11] are selected on object 'Object Repository/Store Request Schedule 1/Page_Store/select_--Select--Schedule 1Inj'

2018-05-22 10:04:39 - [TEST_STEP][PASSED] - delay: Delayed 1 second(s)

2018-05-22 10:04:40 - [MESSAGE][PASSED] - Delayed 1 second(s)

2018-05-22 10:04:40 - [TEST_STEP][PASSED] - selectOptionByIndex: All options with index in [14] are selected on object 'Object Repository/Store Request Schedule 1/Page_Store/select_--Select--Adernaline 0.'

2018-05-22 10:04:40 - [MESSAGE][PASSED] - All options with index in [14] are selected on object 'Object Repository/Store Request Schedule 1/Page_Store/select_--Select--Adernaline 0.'

2018-05-22 10:04:40 - [TEST_STEP][PASSED] - setText: Text '100' is set on object 'Object Repository/Store Request Schedule 1/Page_Store/input_txttreat'

2018-05-22 10:04:41 - [MESSAGE][PASSED] - Text '100' is set on object 'Object Repository/Store Request Schedule 1/Page_Store/input_txttreat'

2018-05-22 10:04:41 - [TEST_STEP][PASSED] - click: Object: 'Object Repository/Store Request Schedule 1/Page_Store/button_Add' is clicked on

2018-05-22 10:04:46 - [MESSAGE][PASSED] - Object: 'Object Repository/Store Request Schedule 1/Page_Store/button_Add' is clicked on

2018-05-22 10:04:46 - [TEST_STEP][PASSED] - selectOptionByIndex: All options with index in [11] are selected on object 'Object Repository/Store Request Schedule 1/Page_Store/select_--Select--Schedule 1Inj'

2018-05-22 10:04:46 - [MESSAGE][PASSED] - All options with index in [11] are selected on object 'Object Repository/Store Request Schedule 1/Page_Store/select_--Select--Schedule 1Inj'

2018-05-22 10:04:46 - [TEST_STEP][PASSED] - delay: Delayed 1 second(s)

2018-05-22 10:04:47 - [MESSAGE][PASSED] - Delayed 1 second(s)

2018-05-22 10:04:47 - [TEST_STEP][PASSED] - selectOptionByIndex: All options with index in [15] are selected on object 'Object Repository/Store Request Schedule 1/Page_Store/select_--Select--Adernaline 0.'

2018-05-22 10:04:47 - [MESSAGE][PASSED] - All options with index in [15] are selected on object 'Object Repository/Store Request Schedule 1/Page_Store/select_--Select--Adernaline 0.'

2018-05-22 10:04:47 - [TEST_STEP][PASSED] - setText: Text '100' is set on object 'Object Repository/Store Request Schedule 1/Page_Store/input_txttreat'

2018-05-22 10:04:47 - [MESSAGE][PASSED] - Text '100' is set on object 'Object Repository/Store Request Schedule 1/Page_Store/input_txttreat'

2018-05-22 10:04:47 - [TEST_STEP][PASSED] - click: Object: 'Object Repository/Store Request Schedule 1/Page_Store/button_Add' is clicked on

2018-05-22 10:04:52 - [MESSAGE][PASSED] - Object: 'Object Repository/Store Request Schedule 1/Page_Store/button_Add' is clicked on

2018-05-22 10:04:52 - [TEST_STEP][PASSED] - selectOptionByIndex: All options with index in [11] are selected on object 'Object Repository/Store Request Schedule 1/Page_Store/select_--Select--Schedule 1Inj'

2018-05-22 10:04:52 - [MESSAGE][PASSED] - All options with index in [11] are selected on object 'Object Repository/Store Request Schedule 1/Page_Store/select_--Select--Schedule 1Inj'

2018-05-22 10:04:52 - [TEST_STEP][PASSED] - delay: Delayed 1 second(s)

2018-05-22 10:04:53 - [MESSAGE][PASSED] - Delayed 1 second(s)

2018-05-22 10:04:53 - [TEST_STEP][PASSED] - selectOptionByIndex: All options with index in [16] are selected on object 'Object Repository/Store Request Schedule 1/Page_Store/select_--Select--Adernaline 0.'

2018-05-22 10:04:54 - [MESSAGE][PASSED] - All options with index in [16] are selected on object 'Object Repository/Store Request Schedule 1/Page_Store/select_--Select--Adernaline 0.'

2018-05-22 10:04:54 - [TEST_STEP][PASSED] - setText: Text '100' is set on object 'Object Repository/Store Request Schedule 1/Page_Store/input_txttreat'

2018-05-22 10:04:54 - [MESSAGE][PASSED] - Text '100' is set on object 'Object Repository/Store Request Schedule 1/Page_Store/input_txttreat'

2018-05-22 10:04:54 - [TEST_STEP][PASSED] - click: Object: 'Object Repository/Store Request Schedule 1/Page_Store/button_Add' is clicked on

2018-05-22 10:04:59 - [MESSAGE][PASSED] - Object: 'Object Repository/Store Request Schedule 1/Page_Store/button_Add' is clicked on

2018-05-22 10:04:59 - [TEST_STEP][PASSED] - selectOptionByIndex: All options with index in [11] are selected on object 'Object Repository/Store Request Schedule 1/Page_Store/select_--Select--Schedule 1Inj'

2018-05-22 10:04:59 - [MESSAGE][PASSED] - All options with index in [11] are selected on object 'Object Repository/Store Request Schedule 1/Page_Store/select_--Select--Schedule 1Inj'

2018-05-22 10:04:59 - [TEST_STEP][PASSED] - delay: Delayed 1 second(s)

2018-05-22 10:05:00 - [MESSAGE][PASSED] - Delayed 1 second(s)

2018-05-22 10:05:00 - [TEST_STEP][PASSED] - selectOptionByIndex: All options with index in [17] are selected on object 'Object Repository/Store Request Schedule 1/Page_Store/select_--Select--Adernaline 0.'

2018-05-22 10:05:01 - [MESSAGE][PASSED] - All options with index in [17] are selected on object 'Object Repository/Store Request Schedule 1/Page_Store/select_--Select--Adernaline 0.'

2018-05-22 10:05:01 - [TEST_STEP][PASSED] - setText: Text '100' is set on object 'Object Repository/Store Request Schedule 1/Page_Store/input_txttreat'

2018-05-22 10:05:01 - [MESSAGE][PASSED] - Text '100' is set on object 'Object Repository/Store Request Schedule 1/Page_Store/input_txttreat'

2018-05-22 10:05:01 - [TEST_STEP][PASSED] - click: Object: 'Object Repository/Store Request Schedule 1/Page_Store/button_Add' is clicked on

2018-05-22 10:05:06 - [MESSAGE][PASSED] - Object: 'Object Repository/Store Request Schedule 1/Page_Store/button_Add' is clicked on

2018-05-22 10:05:06 - [TEST_STEP][PASSED] - selectOptionByIndex: All options with index in [11] are selected on object 'Object Repository/Store Request Schedule 1/Page_Store/select_--Select--Schedule 1Inj'

2018-05-22 10:05:06 - [MESSAGE][PASSED] - All options with index in [11] are selected on object 'Object Repository/Store Request Schedule 1/Page_Store/select_--Select--Schedule 1Inj'

2018-05-22 10:05:06 - [TEST_STEP][PASSED] - delay: Delayed 1 second(s)

2018-05-22 10:05:07 - [MESSAGE][PASSED] - Delayed 1 second(s)

2018-05-22 10:05:07 - [TEST_STEP][PASSED] - selectOptionByIndex: All options with index in [18] are selected on object 'Object Repository/Store Request Schedule 1/Page_Store/select_--Select--Adernaline 0.'

2018-05-22 10:05:07 - [MESSAGE][PASSED] - All options with index in [18] are selected on object 'Object Repository/Store Request Schedule 1/Page_Store/select_--Select--Adernaline 0.'

2018-05-22 10:05:07 - [TEST_STEP][PASSED] - setText: Text '100' is set on object 'Object Repository/Store Request Schedule 1/Page_Store/input_txttreat'

2018-05-22 10:05:08 - [MESSAGE][PASSED] - Text '100' is set on object 'Object Repository/Store Request Schedule 1/Page_Store/input_txttreat'

2018-05-22 10:05:08 - [TEST_STEP][PASSED] - click: Object: 'Object Repository/Store Request Schedule 1/Page_Store/button_Add' is clicked on

2018-05-22 10:05:13 - [MESSAGE][PASSED] - Object: 'Object Repository/Store Request Schedule 1/Page_Store/button_Add' is clicked on

2018-05-22 10:05:13 - [TEST_STEP][PASSED] - selectOptionByIndex: All options with index in [11] are selected on object 'Object Repository/Store Request Schedule 1/Page_Store/select_--Select--Schedule 1Inj'

2018-05-22 10:05:13 - [MESSAGE][PASSED] - All options with index in [11] are selected on object 'Object Repository/Store Request Schedule 1/Page_Store/select_--Select--Schedule 1Inj'

2018-05-22 10:05:13 - [TEST_STEP][PASSED] - delay: Delayed 1 second(s)

2018-05-22 10:05:14 - [MESSAGE][PASSED] - Delayed 1 second(s)

2018-05-22 10:05:14 - [TEST_STEP][PASSED] - selectOptionByIndex: All options with index in [19] are selected on object 'Object Repository/Store Request Schedule 1/Page_Store/select_--Select--Adernaline 0.'

2018-05-22 10:05:14 - [MESSAGE][PASSED] - All options with index in [19] are selected on object 'Object Repository/Store Request Schedule 1/Page_Store/select_--Select--Adernaline 0.'

2018-05-22 10:05:14 - [TEST_STEP][PASSED] - setText: Text '100' is set on object 'Object Repository/Store Request Schedule 1/Page_Store/input_txttreat'

2018-05-22 10:05:14 - [MESSAGE][PASSED] - Text '100' is set on object 'Object Repository/Store Request Schedule 1/Page_Store/input_txttreat'

2018-05-22 10:05:14 - [TEST_STEP][PASSED] - click: Object: 'Object Repository/Store Request Schedule 1/Page_Store/button_Add' is clicked on

2018-05-22 10:05:19 - [MESSAGE][PASSED] - Object: 'Object Repository/Store Request Schedule 1/Page_Store/button_Add' is clicked on

2018-05-22 10:05:19 - [TEST_STEP][PASSED] - selectOptionByIndex: All options with index in [11] are selected on object 'Object Repository/Store Request Schedule 1/Page_Store/select_--Select--Schedule 1Inj'

2018-05-22 10:05:19 - [MESSAGE][PASSED] - All options with index in [11] are selected on object 'Object Repository/Store Request Schedule 1/Page_Store/select_--Select--Schedule 1Inj'

2018-05-22 10:05:19 - [TEST_STEP][PASSED] - delay: Delayed 1 second(s)

2018-05-22 10:05:20 - [MESSAGE][PASSED] - Delayed 1 second(s)

2018-05-22 10:05:20 - [TEST_STEP][PASSED] - selectOptionByIndex: All options with index in [20] are selected on object 'Object Repository/Store Request Schedule 1/Page_Store/select_--Select--Adernaline 0.'

2018-05-22 10:05:21 - [MESSAGE][PASSED] - All options with index in [20] are selected on object 'Object Repository/Store Request Schedule 1/Page_Store/select_--Select--Adernaline 0.'

2018-05-22 10:05:21 - [TEST_STEP][PASSED] - setText: Text '100' is set on object 'Object Repository/Store Request Schedule 1/Page_Store/input_txttreat'

2018-05-22 10:05:21 - [MESSAGE][PASSED] - Text '100' is set on object 'Object Repository/Store Request Schedule 1/Page_Store/input_txttreat'

2018-05-22 10:05:21 - [TEST_STEP][PASSED] - click: Object: 'Object Repository/Store Request Schedule 1/Page_Store/button_Add' is clicked on

2018-05-22 10:05:26 - [MESSAGE][PASSED] - Object: 'Object Repository/Store Request Schedule 1/Page_Store/button_Add' is clicked on

2018-05-22 10:05:26 - [TEST_STEP][PASSED] - selectOptionByIndex: All options with index in [11] are selected on object 'Object Repository/Store Request Schedule 1/Page_Store/select_--Select--Schedule 1Inj'

2018-05-22 10:05:26 - [MESSAGE][PASSED] - All options with index in [11] are selected on object 'Object Repository/Store Request Schedule 1/Page_Store/select_--Select--Schedule 1Inj'

2018-05-22 10:05:26 - [TEST_STEP][PASSED] - delay: Delayed 1 second(s)

2018-05-22 10:05:27 - [MESSAGE][PASSED] - Delayed 1 second(s)

2018-05-22 10:05:27 - [TEST_STEP][PASSED] - selectOptionByIndex: All options with index in [21] are selected on object 'Object Repository/Store Request Schedule 1/Page_Store/select_--Select--Adernaline 0.'

2018-05-22 10:05:28 - [MESSAGE][PASSED] - All options with index in [21] are selected on object 'Object Repository/Store Request Schedule 1/Page_Store/select_--Select--Adernaline 0.'

2018-05-22 10:05:28 - [TEST_STEP][PASSED] - setText: Text '100' is set on object 'Object Repository/Store Request Schedule 1/Page_Store/input_txttreat'

2018-05-22 10:05:28 - [MESSAGE][PASSED] - Text '100' is set on object 'Object Repository/Store Request Schedule 1/Page_Store/input_txttreat'

2018-05-22 10:05:28 - [TEST_STEP][PASSED] - click: Object: 'Object Repository/Store Request Schedule 1/Page_Store/button_Add' is clicked on

2018-05-22 10:05:33 - [MESSAGE][PASSED] - Object: 'Object Repository/Store Request Schedule 1/Page_Store/button_Add' is clicked on

2018-05-22 10:05:33 - [TEST_STEP][PASSED] - selectOptionByIndex: All options with index in [11] are selected on object 'Object Repository/Store Request Schedule 1/Page_Store/select_--Select--Schedule 1Inj'

2018-05-22 10:05:33 - [MESSAGE][PASSED] - All options with index in [11] are selected on object 'Object Repository/Store Request Schedule 1/Page_Store/select_--Select--Schedule 1Inj'

2018-05-22 10:05:33 - [TEST_STEP][PASSED] - delay: Delayed 1 second(s)

2018-05-22 10:05:34 - [MESSAGE][PASSED] - Delayed 1 second(s)

2018-05-22 10:05:34 - [TEST_STEP][PASSED] - selectOptionByIndex: All options with index in [22] are selected on object 'Object Repository/Store Request Schedule 1/Page_Store/select_--Select--Adernaline 0.'

2018-05-22 10:05:35 - [MESSAGE][PASSED] - All options with index in [22] are selected on object 'Object Repository/Store Request Schedule 1/Page_Store/select_--Select--Adernaline 0.'

2018-05-22 10:05:35 - [TEST_STEP][PASSED] - setText: Text '100' is set on object 'Object Repository/Store Request Schedule 1/Page_Store/input_txttreat'

2018-05-22 10:05:35 - [MESSAGE][PASSED] - Text '100' is set on object 'Object Repository/Store Request Schedule 1/Page_Store/input_txttreat'

2018-05-22 10:05:35 - [TEST_STEP][PASSED] - click: Object: 'Object Repository/Store Request Schedule 1/Page_Store/button_Add' is clicked on

2018-05-22 10:05:40 - [MESSAGE][PASSED] - Object: 'Object Repository/Store Request Schedule 1/Page_Store/button_Add' is clicked on

2018-05-22 10:05:40 - [TEST_STEP][PASSED] - selectOptionByIndex: All options with index in [11] are selected on object 'Object Repository/Store Request Schedule 1/Page_Store/select_--Select--Schedule 1Inj'

2018-05-22 10:05:40 - [MESSAGE][PASSED] - All options with index in [11] are selected on object 'Object Repository/Store Request Schedule 1/Page_Store/select_--Select--Schedule 1Inj'

2018-05-22 10:05:40 - [TEST_STEP][PASSED] - delay: Delayed 1 second(s)

2018-05-22 10:05:41 - [MESSAGE][PASSED] - Delayed 1 second(s)

2018-05-22 10:05:41 - [TEST_STEP][PASSED] - selectOptionByIndex: All options with index in [23] are selected on object 'Object Repository/Store Request Schedule 1/Page_Store/select_--Select--Adernaline 0.'

2018-05-22 10:05:42 - [MESSAGE][PASSED] - All options with index in [23] are selected on object 'Object Repository/Store Request Schedule 1/Page_Store/select_--Select--Adernaline 0.'

2018-05-22 10:05:42 - [TEST_STEP][PASSED] - setText: Text '100' is set on object 'Object Repository/Store Request Schedule 1/Page_Store/input_txttreat'

2018-05-22 10:05:42 - [MESSAGE][PASSED] - Text '100' is set on object 'Object Repository/Store Request Schedule 1/Page_Store/input_txttreat'

2018-05-22 10:05:42 - [TEST_STEP][PASSED] - click: Object: 'Object Repository/Store Request Schedule 1/Page_Store/button_Add' is clicked on

2018-05-22 10:05:47 - [MESSAGE][PASSED] - Object: 'Object Repository/Store Request Schedule 1/Page_Store/button_Add' is clicked on

2018-05-22 10:05:47 - [TEST_STEP][PASSED] - selectOptionByIndex: All options with index in [11] are selected on object 'Object Repository/Store Request Schedule 1/Page_Store/select_--Select--Schedule 1Inj'

2018-05-22 10:05:47 - [MESSAGE][PASSED] - All options with index in [11] are selected on object 'Object Repository/Store Request Schedule 1/Page_Store/select_--Select--Schedule 1Inj'

2018-05-22 10:05:47 - [TEST_STEP][PASSED] - delay: Delayed 1 second(s)

2018-05-22 10:05:48 - [MESSAGE][PASSED] - Delayed 1 second(s)

2018-05-22 10:05:48 - [TEST_STEP][PASSED] - selectOptionByIndex: All options with index in [24] are selected on object 'Object Repository/Store Request Schedule 1/Page_Store/select_--Select--Adernaline 0.'

2018-05-22 10:05:49 - [MESSAGE][PASSED] - All options with index in [24] are selected on object 'Object Repository/Store Request Schedule 1/Page_Store/select_--Select--Adernaline 0.'

2018-05-22 10:05:49 - [TEST_STEP][PASSED] - setText: Text '100' is set on object 'Object Repository/Store Request Schedule 1/Page_Store/input_txttreat'

2018-05-22 10:05:49 - [MESSAGE][PASSED] - Text '100' is set on object 'Object Repository/Store Request Schedule 1/Page_Store/input_txttreat'

2018-05-22 10:05:49 - [TEST_STEP][PASSED] - click: Object: 'Object Repository/Store Request Schedule 1/Page_Store/button_Add' is clicked on

2018-05-22 10:05:54 - [MESSAGE][PASSED] - Object: 'Object Repository/Store Request Schedule 1/Page_Store/button_Add' is clicked on

2018-05-22 10:05:54 - [TEST_STEP][PASSED] - selectOptionByIndex: All options with index in [11] are selected on object 'Object Repository/Store Request Schedule 1/Page_Store/select_--Select--Schedule 1Inj'

2018-05-22 10:05:54 - [MESSAGE][PASSED] - All options with index in [11] are selected on object 'Object Repository/Store Request Schedule 1/Page_Store/select_--Select--Schedule 1Inj'

2018-05-22 10:05:54 - [TEST_STEP][PASSED] - delay: Delayed 1 second(s)

2018-05-22 10:05:55 - [MESSAGE][PASSED] - Delayed 1 second(s)

2018-05-22 10:05:55 - [TEST_STEP][PASSED] - selectOptionByIndex: All options with index in [25] are selected on object 'Object Repository/Store Request Schedule 1/Page_Store/select_--Select--Adernaline 0.'

2018-05-22 10:05:56 - [MESSAGE][PASSED] - All options with index in [25] are selected on object 'Object Repository/Store Request Schedule 1/Page_Store/select_--Select--Adernaline 0.'

2018-05-22 10:05:56 - [TEST_STEP][PASSED] - setText: Text '100' is set on object 'Object Repository/Store Request Schedule 1/Page_Store/input_txttreat'

2018-05-22 10:05:56 - [MESSAGE][PASSED] - Text '100' is set on object 'Object Repository/Store Request Schedule 1/Page_Store/input_txttreat'

2018-05-22 10:05:56 - [TEST_STEP][PASSED] - click: Object: 'Object Repository/Store Request Schedule 1/Page_Store/button_Add' is clicked on

2018-05-22 10:06:01 - [MESSAGE][PASSED] - Object: 'Object Repository/Store Request Schedule 1/Page_Store/button_Add' is clicked on

2018-05-22 10:06:01 - [TEST_STEP][PASSED] - selectOptionByIndex: All options with index in [11] are selected on object 'Object Repository/Store Request Schedule 1/Page_Store/select_--Select--Schedule 1Inj'

2018-05-22 10:06:01 - [MESSAGE][PASSED] - All options with index in [11] are selected on object 'Object Repository/Store Request Schedule 1/Page_Store/select_--Select--Schedule 1Inj'

2018-05-22 10:06:01 - [TEST_STEP][PASSED] - delay: Delayed 1 second(s)

2018-05-22 10:06:02 - [MESSAGE][PASSED] - Delayed 1 second(s)

2018-05-22 10:06:02 - [TEST_STEP][PASSED] - selectOptionByIndex: All options with index in [26] are selected on object 'Object Repository/Store Request Schedule 1/Page_Store/select_--Select--Adernaline 0.'

2018-05-22 10:06:02 - [MESSAGE][PASSED] - All options with index in [26] are selected on object 'Object Repository/Store Request Schedule 1/Page_Store/select_--Select--Adernaline 0.'

2018-05-22 10:06:02 - [TEST_STEP][PASSED] - setText: Text '100' is set on object 'Object Repository/Store Request Schedule 1/Page_Store/input_txttreat'

2018-05-22 10:06:02 - [MESSAGE][PASSED] - Text '100' is set on object 'Object Repository/Store Request Schedule 1/Page_Store/input_txttreat'

2018-05-22 10:06:02 - [TEST_STEP][PASSED] - click: Object: 'Object Repository/Store Request Schedule 1/Page_Store/button_Add' is clicked on

2018-05-22 10:06:07 - [MESSAGE][PASSED] - Object: 'Object Repository/Store Request Schedule 1/Page_Store/button_Add' is clicked on

2018-05-22 10:06:07 - [TEST_STEP][PASSED] - selectOptionByIndex: All options with index in [11] are selected on object 'Object Repository/Store Request Schedule 1/Page_Store/select_--Select--Schedule 1Inj'

2018-05-22 10:06:08 - [MESSAGE][PASSED] - All options with index in [11] are selected on object 'Object Repository/Store Request Schedule 1/Page_Store/select_--Select--Schedule 1Inj'

2018-05-22 10:06:08 - [TEST_STEP][PASSED] - delay: Delayed 1 second(s)

2018-05-22 10:06:09 - [MESSAGE][PASSED] - Delayed 1 second(s)

2018-05-22 10:06:09 - [TEST_STEP][PASSED] - selectOptionByIndex: All options with index in [27] are selected on object 'Object Repository/Store Request Schedule 1/Page_Store/select_--Select--Adernaline 0.'

2018-05-22 10:06:09 - [MESSAGE][PASSED] - All options with index in [27] are selected on object 'Object Repository/Store Request Schedule 1/Page_Store/select_--Select--Adernaline 0.'

2018-05-22 10:06:09 - [TEST_STEP][PASSED] - setText: Text '100' is set on object 'Object Repository/Store Request Schedule 1/Page_Store/input_txttreat'

2018-05-22 10:06:09 - [MESSAGE][PASSED] - Text '100' is set on object 'Object Repository/Store Request Schedule 1/Page_Store/input_txttreat'

2018-05-22 10:06:09 - [TEST_STEP][PASSED] - click: Object: 'Object Repository/Store Request Schedule 1/Page_Store/button_Add' is clicked on

2018-05-22 10:06:14 - [MESSAGE][PASSED] - Object: 'Object Repository/Store Request Schedule 1/Page_Store/button_Add' is clicked on

2018-05-22 10:06:14 - [TEST_STEP][PASSED] - selectOptionByIndex: All options with index in [11] are selected on object 'Object Repository/Store Request Schedule 1/Page_Store/select_--Select--Schedule 1Inj'

2018-05-22 10:06:14 - [MESSAGE][PASSED] - All options with index in [11] are selected on object 'Object Repository/Store Request Schedule 1/Page_Store/select_--Select--Schedule 1Inj'

2018-05-22 10:06:14 - [TEST_STEP][PASSED] - delay: Delayed 1 second(s)

2018-05-22 10:06:15 - [MESSAGE][PASSED] - Delayed 1 second(s)

2018-05-22 10:06:15 - [TEST_STEP][PASSED] - selectOptionByIndex: All options with index in [28] are selected on object 'Object Repository/Store Request Schedule 1/Page_Store/select_--Select--Adernaline 0.'

2018-05-22 10:06:16 - [MESSAGE][PASSED] - All options with index in [28] are selected on object 'Object Repository/Store Request Schedule 1/Page_Store/select_--Select--Adernaline 0.'

2018-05-22 10:06:16 - [TEST_STEP][PASSED] - setText: Text '100' is set on object 'Object Repository/Store Request Schedule 1/Page_Store/input_txttreat'

2018-05-22 10:06:16 - [MESSAGE][PASSED] - Text '100' is set on object 'Object Repository/Store Request Schedule 1/Page_Store/input_txttreat'

2018-05-22 10:06:16 - [TEST_STEP][PASSED] - click: Object: 'Object Repository/Store Request Schedule 1/Page_Store/button_Add' is clicked on

2018-05-22 10:06:21 - [MESSAGE][PASSED] - Object: 'Object Repository/Store Request Schedule 1/Page_Store/button_Add' is clicked on

2018-05-22 10:06:21 - [TEST_STEP][PASSED] - selectOptionByIndex: All options with index in [11] are selected on object 'Object Repository/Store Request Schedule 1/Page_Store/select_--Select--Schedule 1Inj'

2018-05-22 10:06:21 - [MESSAGE][PASSED] - All options with index in [11] are selected on object 'Object Repository/Store Request Schedule 1/Page_Store/select_--Select--Schedule 1Inj'

2018-05-22 10:06:21 - [TEST_STEP][PASSED] - delay: Delayed 1 second(s)

2018-05-22 10:06:22 - [MESSAGE][PASSED] - Delayed 1 second(s)

2018-05-22 10:06:22 - [TEST_STEP][PASSED] - selectOptionByIndex: All options with index in [29] are selected on object 'Object Repository/Store Request Schedule 1/Page_Store/select_--Select--Adernaline 0.'

2018-05-22 10:06:23 - [MESSAGE][PASSED] - All options with index in [29] are selected on object 'Object Repository/Store Request Schedule 1/Page_Store/select_--Select--Adernaline 0.'

2018-05-22 10:06:23 - [TEST_STEP][PASSED] - setText: Text '100' is set on object 'Object Repository/Store Request Schedule 1/Page_Store/input_txttreat'

2018-05-22 10:06:23 - [MESSAGE][PASSED] - Text '100' is set on object 'Object Repository/Store Request Schedule 1/Page_Store/input_txttreat'

2018-05-22 10:06:23 - [TEST_STEP][PASSED] - click: Object: 'Object Repository/Store Request Schedule 1/Page_Store/button_Add' is clicked on

2018-05-22 10:06:28 - [MESSAGE][PASSED] - Object: 'Object Repository/Store Request Schedule 1/Page_Store/button_Add' is clicked on

2018-05-22 10:06:28 - [TEST_STEP][PASSED] - selectOptionByIndex: All options with index in [11] are selected on object 'Object Repository/Store Request Schedule 1/Page_Store/select_--Select--Schedule 1Inj'

2018-05-22 10:06:28 - [MESSAGE][PASSED] - All options with index in [11] are selected on object 'Object Repository/Store Request Schedule 1/Page_Store/select_--Select--Schedule 1Inj'

2018-05-22 10:06:28 - [TEST_STEP][PASSED] - delay: Delayed 1 second(s)

2018-05-22 10:06:29 - [MESSAGE][PASSED] - Delayed 1 second(s)

2018-05-22 10:06:29 - [TEST_STEP][PASSED] - selectOptionByIndex: All options with index in [30] are selected on object 'Object Repository/Store Request Schedule 1/Page_Store/select_--Select--Adernaline 0.'

2018-05-22 10:06:30 - [MESSAGE][PASSED] - All options with index in [30] are selected on object 'Object Repository/Store Request Schedule 1/Page_Store/select_--Select--Adernaline 0.'

2018-05-22 10:06:30 - [TEST_STEP][PASSED] - setText: Text '100' is set on object 'Object Repository/Store Request Schedule 1/Page_Store/input_txttreat'

2018-05-22 10:06:30 - [MESSAGE][PASSED] - Text '100' is set on object 'Object Repository/Store Request Schedule 1/Page_Store/input_txttreat'

2018-05-22 10:06:30 - [TEST_STEP][PASSED] - click: Object: 'Object Repository/Store Request Schedule 1/Page_Store/button_Add' is clicked on

2018-05-22 10:06:35 - [MESSAGE][PASSED] - Object: 'Object Repository/Store Request Schedule 1/Page_Store/button_Add' is clicked on

2018-05-22 10:06:35 - [TEST_STEP][PASSED] - selectOptionByIndex: All options with index in [11] are selected on object 'Object Repository/Store Request Schedule 1/Page_Store/select_--Select--Schedule 1Inj'

2018-05-22 10:06:35 - [MESSAGE][PASSED] - All options with index in [11] are selected on object 'Object Repository/Store Request Schedule 1/Page_Store/select_--Select--Schedule 1Inj'

2018-05-22 10:06:35 - [TEST_STEP][PASSED] - delay: Delayed 1 second(s)

2018-05-22 10:06:36 - [MESSAGE][PASSED] - Delayed 1 second(s)

2018-05-22 10:06:36 - [TEST_STEP][PASSED] - selectOptionByIndex: All options with index in [31] are selected on object 'Object Repository/Store Request Schedule 1/Page_Store/select_--Select--Adernaline 0.'

2018-05-22 10:06:37 - [MESSAGE][PASSED] - All options with index in [31] are selected on object 'Object Repository/Store Request Schedule 1/Page_Store/select_--Select--Adernaline 0.'

2018-05-22 10:06:37 - [TEST_STEP][PASSED] - setText: Text '100' is set on object 'Object Repository/Store Request Schedule 1/Page_Store/input_txttreat'

2018-05-22 10:06:37 - [MESSAGE][PASSED] - Text '100' is set on object 'Object Repository/Store Request Schedule 1/Page_Store/input_txttreat'

2018-05-22 10:06:37 - [TEST_STEP][PASSED] - click: Object: 'Object Repository/Store Request Schedule 1/Page_Store/button_Add' is clicked on

2018-05-22 10:06:42 - [MESSAGE][PASSED] - Object: 'Object Repository/Store Request Schedule 1/Page_Store/button_Add' is clicked on

2018-05-22 10:06:42 - [TEST_STEP][PASSED] - selectOptionByIndex: All options with index in [11] are selected on object 'Object Repository/Store Request Schedule 1/Page_Store/select_--Select--Schedule 1Inj'

2018-05-22 10:06:42 - [MESSAGE][PASSED] - All options with index in [11] are selected on object 'Object Repository/Store Request Schedule 1/Page_Store/select_--Select--Schedule 1Inj'

2018-05-22 10:06:42 - [TEST_STEP][PASSED] - delay: Delayed 1 second(s)

2018-05-22 10:06:43 - [MESSAGE][PASSED] - Delayed 1 second(s)

2018-05-22 10:06:43 - [TEST_STEP][PASSED] - selectOptionByIndex: All options with index in [32] are selected on object 'Object Repository/Store Request Schedule 1/Page_Store/select_--Select--Adernaline 0.'

2018-05-22 10:06:44 - [MESSAGE][PASSED] - All options with index in [32] are selected on object 'Object Repository/Store Request Schedule 1/Page_Store/select_--Select--Adernaline 0.'

2018-05-22 10:06:44 - [TEST_STEP][PASSED] - setText: Text '100' is set on object 'Object Repository/Store Request Schedule 1/Page_Store/input_txttreat'

2018-05-22 10:06:44 - [MESSAGE][PASSED] - Text '100' is set on object 'Object Repository/Store Request Schedule 1/Page_Store/input_txttreat'

2018-05-22 10:06:44 - [TEST_STEP][PASSED] - click: Object: 'Object Repository/Store Request Schedule 1/Page_Store/button_Add' is clicked on

2018-05-22 10:06:49 - [MESSAGE][PASSED] - Object: 'Object Repository/Store Request Schedule 1/Page_Store/button_Add' is clicked on

2018-05-22 10:06:49 - [TEST_STEP][PASSED] - selectOptionByIndex: All options with index in [11] are selected on object 'Object Repository/Store Request Schedule 1/Page_Store/select_--Select--Schedule 1Inj'

2018-05-22 10:06:49 - [MESSAGE][PASSED] - All options with index in [11] are selected on object 'Object Repository/Store Request Schedule 1/Page_Store/select_--Select--Schedule 1Inj'

2018-05-22 10:06:49 - [TEST_STEP][PASSED] - delay: Delayed 1 second(s)

2018-05-22 10:06:50 - [MESSAGE][PASSED] - Delayed 1 second(s)

2018-05-22 10:06:50 - [TEST_STEP][PASSED] - selectOptionByIndex: All options with index in [33] are selected on object 'Object Repository/Store Request Schedule 1/Page_Store/select_--Select--Adernaline 0.'

2018-05-22 10:06:51 - [MESSAGE][PASSED] - All options with index in [33] are selected on object 'Object Repository/Store Request Schedule 1/Page_Store/select_--Select--Adernaline 0.'

2018-05-22 10:06:51 - [TEST_STEP][PASSED] - setText: Text '100' is set on object 'Object Repository/Store Request Schedule 1/Page_Store/input_txttreat'

2018-05-22 10:06:51 - [MESSAGE][PASSED] - Text '100' is set on object 'Object Repository/Store Request Schedule 1/Page_Store/input_txttreat'

2018-05-22 10:06:51 - [TEST_STEP][PASSED] - click: Object: 'Object Repository/Store Request Schedule 1/Page_Store/button_Add' is clicked on

2018-05-22 10:06:56 - [MESSAGE][PASSED] - Object: 'Object Repository/Store Request Schedule 1/Page_Store/button_Add' is clicked on

2018-05-22 10:06:56 - [TEST_STEP][PASSED] - selectOptionByIndex: All options with index in [11] are selected on object 'Object Repository/Store Request Schedule 1/Page_Store/select_--Select--Schedule 1Inj'

2018-05-22 10:06:56 - [MESSAGE][PASSED] - All options with index in [11] are selected on object 'Object Repository/Store Request Schedule 1/Page_Store/select_--Select--Schedule 1Inj'

2018-05-22 10:06:56 - [TEST_STEP][PASSED] - delay: Delayed 1 second(s)

2018-05-22 10:06:57 - [MESSAGE][PASSED] - Delayed 1 second(s)

2018-05-22 10:06:57 - [TEST_STEP][PASSED] - selectOptionByIndex: All options with index in [34] are selected on object 'Object Repository/Store Request Schedule 1/Page_Store/select_--Select--Adernaline 0.'

2018-05-22 10:06:58 - [MESSAGE][PASSED] - All options with index in [34] are selected on object 'Object Repository/Store Request Schedule 1/Page_Store/select_--Select--Adernaline 0.'

2018-05-22 10:06:58 - [TEST_STEP][PASSED] - setText: Text '100' is set on object 'Object Repository/Store Request Schedule 1/Page_Store/input_txttreat'

2018-05-22 10:06:58 - [MESSAGE][PASSED] - Text '100' is set on object 'Object Repository/Store Request Schedule 1/Page_Store/input_txttreat'

2018-05-22 10:06:58 - [TEST_STEP][PASSED] - click: Object: 'Object Repository/Store Request Schedule 1/Page_Store/button_Add' is clicked on

2018-05-22 10:07:03 - [MESSAGE][PASSED] - Object: 'Object Repository/Store Request Schedule 1/Page_Store/button_Add' is clicked on

2018-05-22 10:07:03 - [TEST_STEP][PASSED] - selectOptionByIndex: All options with index in [11] are selected on object 'Object Repository/Store Request Schedule 1/Page_Store/select_--Select--Schedule 1Inj'

2018-05-22 10:07:03 - [MESSAGE][PASSED] - All options with index in [11] are selected on object 'Object Repository/Store Request Schedule 1/Page_Store/select_--Select--Schedule 1Inj'

2018-05-22 10:07:03 - [TEST_STEP][PASSED] - delay: Delayed 1 second(s)

2018-05-22 10:07:04 - [MESSAGE][PASSED] - Delayed 1 second(s)

2018-05-22 10:07:04 - [TEST_STEP][PASSED] - selectOptionByIndex: All options with index in [35] are selected on object 'Object Repository/Store Request Schedule 1/Page_Store/select_--Select--Adernaline 0.'

2018-05-22 10:07:05 - [MESSAGE][PASSED] - All options with index in [35] are selected on object 'Object Repository/Store Request Schedule 1/Page_Store/select_--Select--Adernaline 0.'

2018-05-22 10:07:05 - [TEST_STEP][PASSED] - setText: Text '100' is set on object 'Object Repository/Store Request Schedule 1/Page_Store/input_txttreat'

2018-05-22 10:07:05 - [MESSAGE][PASSED] - Text '100' is set on object 'Object Repository/Store Request Schedule 1/Page_Store/input_txttreat'

2018-05-22 10:07:05 - [TEST_STEP][PASSED] - click: Object: 'Object Repository/Store Request Schedule 1/Page_Store/button_Add' is clicked on

2018-05-22 10:07:10 - [MESSAGE][PASSED] - Object: 'Object Repository/Store Request Schedule 1/Page_Store/button_Add' is clicked on

2018-05-22 10:07:10 - [TEST_STEP][PASSED] - selectOptionByIndex: All options with index in [11] are selected on object 'Object Repository/Store Request Schedule 1/Page_Store/select_--Select--Schedule 1Inj'

2018-05-22 10:07:10 - [MESSAGE][PASSED] - All options with index in [11] are selected on object 'Object Repository/Store Request Schedule 1/Page_Store/select_--Select--Schedule 1Inj'

2018-05-22 10:07:10 - [TEST_STEP][PASSED] - delay: Delayed 1 second(s)

2018-05-22 10:07:11 - [MESSAGE][PASSED] - Delayed 1 second(s)

2018-05-22 10:07:11 - [TEST_STEP][PASSED] - selectOptionByIndex: All options with index in [36] are selected on object 'Object Repository/Store Request Schedule 1/Page_Store/select_--Select--Adernaline 0.'

2018-05-22 10:07:11 - [MESSAGE][PASSED] - All options with index in [36] are selected on object 'Object Repository/Store Request Schedule 1/Page_Store/select_--Select--Adernaline 0.'

2018-05-22 10:07:11 - [TEST_STEP][PASSED] - setText: Text '100' is set on object 'Object Repository/Store Request Schedule 1/Page_Store/input_txttreat'

2018-05-22 10:07:11 - [MESSAGE][PASSED] - Text '100' is set on object 'Object Repository/Store Request Schedule 1/Page_Store/input_txttreat'

2018-05-22 10:07:11 - [TEST_STEP][PASSED] - click: Object: 'Object Repository/Store Request Schedule 1/Page_Store/button_Add' is clicked on

2018-05-22 10:07:17 - [MESSAGE][PASSED] - Object: 'Object Repository/Store Request Schedule 1/Page_Store/button_Add' is clicked on

2018-05-22 10:07:17 - [TEST_STEP][PASSED] - selectOptionByIndex: All options with index in [11] are selected on object 'Object Repository/Store Request Schedule 1/Page_Store/select_--Select--Schedule 1Inj'

2018-05-22 10:07:17 - [MESSAGE][PASSED] - All options with index in [11] are selected on object 'Object Repository/Store Request Schedule 1/Page_Store/select_--Select--Schedule 1Inj'

2018-05-22 10:07:17 - [TEST_STEP][PASSED] - delay: Delayed 1 second(s)

2018-05-22 10:07:18 - [MESSAGE][PASSED] - Delayed 1 second(s)

2018-05-22 10:07:18 - [TEST_STEP][PASSED] - selectOptionByIndex: All options with index in [37] are selected on object 'Object Repository/Store Request Schedule 1/Page_Store/select_--Select--Adernaline 0.'

2018-05-22 10:07:18 - [MESSAGE][PASSED] - All options with index in [37] are selected on object 'Object Repository/Store Request Schedule 1/Page_Store/select_--Select--Adernaline 0.'

2018-05-22 10:07:18 - [TEST_STEP][PASSED] - setText: Text '100' is set on object 'Object Repository/Store Request Schedule 1/Page_Store/input_txttreat'

2018-05-22 10:07:18 - [MESSAGE][PASSED] - Text '100' is set on object 'Object Repository/Store Request Schedule 1/Page_Store/input_txttreat'

2018-05-22 10:07:18 - [TEST_STEP][PASSED] - click: Object: 'Object Repository/Store Request Schedule 1/Page_Store/button_Add' is clicked on

2018-05-22 10:07:23 - [MESSAGE][PASSED] - Object: 'Object Repository/Store Request Schedule 1/Page_Store/button_Add' is clicked on

2018-05-22 10:07:23 - [TEST_STEP][PASSED] - selectOptionByIndex: All options with index in [11] are selected on object 'Object Repository/Store Request Schedule 1/Page_Store/select_--Select--Schedule 1Inj'

2018-05-22 10:07:24 - [MESSAGE][PASSED] - All options with index in [11] are selected on object 'Object Repository/Store Request Schedule 1/Page_Store/select_--Select--Schedule 1Inj'

2018-05-22 10:07:24 - [TEST_STEP][PASSED] - delay: Delayed 1 second(s)

2018-05-22 10:07:25 - [MESSAGE][PASSED] - Delayed 1 second(s)

2018-05-22 10:07:25 - [TEST_STEP][PASSED] - selectOptionByIndex: All options with index in [38] are selected on object 'Object Repository/Store Request Schedule 1/Page_Store/select_--Select--Adernaline 0.'

2018-05-22 10:07:25 - [MESSAGE][PASSED] - All options with index in [38] are selected on object 'Object Repository/Store Request Schedule 1/Page_Store/select_--Select--Adernaline 0.'

2018-05-22 10:07:25 - [TEST_STEP][PASSED] - setText: Text '100' is set on object 'Object Repository/Store Request Schedule 1/Page_Store/input_txttreat'

2018-05-22 10:07:25 - [MESSAGE][PASSED] - Text '100' is set on object 'Object Repository/Store Request Schedule 1/Page_Store/input_txttreat'

2018-05-22 10:07:25 - [TEST_STEP][PASSED] - click: Object: 'Object Repository/Store Request Schedule 1/Page_Store/button_Add' is clicked on

2018-05-22 10:07:30 - [MESSAGE][PASSED] - Object: 'Object Repository/Store Request Schedule 1/Page_Store/button_Add' is clicked on

2018-05-22 10:07:30 - [TEST_STEP][PASSED] - selectOptionByIndex: All options with index in [11] are selected on object 'Object Repository/Store Request Schedule 1/Page_Store/select_--Select--Schedule 1Inj'

2018-05-22 10:07:31 - [MESSAGE][PASSED] - All options with index in [11] are selected on object 'Object Repository/Store Request Schedule 1/Page_Store/select_--Select--Schedule 1Inj'

2018-05-22 10:07:31 - [TEST_STEP][PASSED] - delay: Delayed 1 second(s)

2018-05-22 10:07:32 - [MESSAGE][PASSED] - Delayed 1 second(s)

2018-05-22 10:07:32 - [TEST_STEP][PASSED] - selectOptionByIndex: All options with index in [39] are selected on object 'Object Repository/Store Request Schedule 1/Page_Store/select_--Select--Adernaline 0.'

2018-05-22 10:07:32 - [MESSAGE][PASSED] - All options with index in [39] are selected on object 'Object Repository/Store Request Schedule 1/Page_Store/select_--Select--Adernaline 0.'

2018-05-22 10:07:32 - [TEST_STEP][PASSED] - setText: Text '100' is set on object 'Object Repository/Store Request Schedule 1/Page_Store/input_txttreat'

2018-05-22 10:07:32 - [MESSAGE][PASSED] - Text '100' is set on object 'Object Repository/Store Request Schedule 1/Page_Store/input_txttreat'

2018-05-22 10:07:32 - [TEST_STEP][PASSED] - click: Object: 'Object Repository/Store Request Schedule 1/Page_Store/button_Add' is clicked on

2018-05-22 10:07:37 - [MESSAGE][PASSED] - Object: 'Object Repository/Store Request Schedule 1/Page_Store/button_Add' is clicked on

2018-05-22 10:07:37 - [TEST_STEP][PASSED] - selectOptionByIndex: All options with index in [11] are selected on object 'Object Repository/Store Request Schedule 1/Page_Store/select_--Select--Schedule 1Inj'

2018-05-22 10:07:38 - [MESSAGE][PASSED] - All options with index in [11] are selected on object 'Object Repository/Store Request Schedule 1/Page_Store/select_--Select--Schedule 1Inj'

2018-05-22 10:07:38 - [TEST_STEP][PASSED] - delay: Delayed 1 second(s)

2018-05-22 10:07:39 - [MESSAGE][PASSED] - Delayed 1 second(s)

2018-05-22 10:07:39 - [TEST_STEP][PASSED] - selectOptionByIndex: All options with index in [40] are selected on object 'Object Repository/Store Request Schedule 1/Page_Store/select_--Select--Adernaline 0.'

2018-05-22 10:07:39 - [MESSAGE][PASSED] - All options with index in [40] are selected on object 'Object Repository/Store Request Schedule 1/Page_Store/select_--Select--Adernaline 0.'

2018-05-22 10:07:39 - [TEST_STEP][PASSED] - setText: Text '100' is set on object 'Object Repository/Store Request Schedule 1/Page_Store/input_txttreat'

2018-05-22 10:07:39 - [MESSAGE][PASSED] - Text '100' is set on object 'Object Repository/Store Request Schedule 1/Page_Store/input_txttreat'

2018-05-22 10:07:39 - [TEST_STEP][PASSED] - click: Object: 'Object Repository/Store Request Schedule 1/Page_Store/button_Add' is clicked on

2018-05-22 10:07:44 - [MESSAGE][PASSED] - Object: 'Object Repository/Store Request Schedule 1/Page_Store/button_Add' is clicked on

2018-05-22 10:07:44 - [TEST_STEP][PASSED] - selectOptionByIndex: All options with index in [11] are selected on object 'Object Repository/Store Request Schedule 1/Page_Store/select_--Select--Schedule 1Inj'

2018-05-22 10:07:44 - [MESSAGE][PASSED] - All options with index in [11] are selected on object 'Object Repository/Store Request Schedule 1/Page_Store/select_--Select--Schedule 1Inj'

2018-05-22 10:07:44 - [TEST_STEP][PASSED] - delay: Delayed 1 second(s)

2018-05-22 10:07:45 - [MESSAGE][PASSED] - Delayed 1 second(s)

2018-05-22 10:07:45 - [TEST_STEP][PASSED] - selectOptionByIndex: All options with index in [41] are selected on object 'Object Repository/Store Request Schedule 1/Page_Store/select_--Select--Adernaline 0.'

2018-05-22 10:07:46 - [MESSAGE][PASSED] - All options with index in [41] are selected on object 'Object Repository/Store Request Schedule 1/Page_Store/select_--Select--Adernaline 0.'

2018-05-22 10:07:46 - [TEST_STEP][PASSED] - setText: Text '100' is set on object 'Object Repository/Store Request Schedule 1/Page_Store/input_txttreat'

2018-05-22 10:07:46 - [MESSAGE][PASSED] - Text '100' is set on object 'Object Repository/Store Request Schedule 1/Page_Store/input_txttreat'

2018-05-22 10:07:46 - [TEST_STEP][PASSED] - click: Object: 'Object Repository/Store Request Schedule 1/Page_Store/button_Add' is clicked on

2018-05-22 10:07:51 - [MESSAGE][PASSED] - Object: 'Object Repository/Store Request Schedule 1/Page_Store/button_Add' is clicked on

2018-05-22 10:07:51 - [TEST_STEP][PASSED] - selectOptionByIndex: All options with index in [11] are selected on object 'Object Repository/Store Request Schedule 1/Page_Store/select_--Select--Schedule 1Inj'

2018-05-22 10:07:51 - [MESSAGE][PASSED] - All options with index in [11] are selected on object 'Object Repository/Store Request Schedule 1/Page_Store/select_--Select--Schedule 1Inj'

2018-05-22 10:07:51 - [TEST_STEP][PASSED] - delay: Delayed 1 second(s)

2018-05-22 10:07:52 - [MESSAGE][PASSED] - Delayed 1 second(s)

2018-05-22 10:07:52 - [TEST_STEP][PASSED] - selectOptionByIndex: All options with index in [42] are selected on object 'Object Repository/Store Request Schedule 1/Page_Store/select_--Select--Adernaline 0.'

2018-05-22 10:07:53 - [MESSAGE][PASSED] - All options with index in [42] are selected on object 'Object Repository/Store Request Schedule 1/Page_Store/select_--Select--Adernaline 0.'

2018-05-22 10:07:53 - [TEST_STEP][PASSED] - setText: Text '100' is set on object 'Object Repository/Store Request Schedule 1/Page_Store/input_txttreat'

2018-05-22 10:07:53 - [MESSAGE][PASSED] - Text '100' is set on object 'Object Repository/Store Request Schedule 1/Page_Store/input_txttreat'

2018-05-22 10:07:53 - [TEST_STEP][PASSED] - click: Object: 'Object Repository/Store Request Schedule 1/Page_Store/button_Add' is clicked on

2018-05-22 10:07:58 - [MESSAGE][PASSED] - Object: 'Object Repository/Store Request Schedule 1/Page_Store/button_Add' is clicked on

2018-05-22 10:07:58 - [TEST_STEP][PASSED] - selectOptionByIndex: All options with index in [11] are selected on object 'Object Repository/Store Request Schedule 1/Page_Store/select_--Select--Schedule 1Inj'

2018-05-22 10:07:58 - [MESSAGE][PASSED] - All options with index in [11] are selected on object 'Object Repository/Store Request Schedule 1/Page_Store/select_--Select--Schedule 1Inj'

2018-05-22 10:07:58 - [TEST_STEP][PASSED] - delay: Delayed 1 second(s)

2018-05-22 10:07:59 - [MESSAGE][PASSED] - Delayed 1 second(s)

2018-05-22 10:07:59 - [TEST_STEP][PASSED] - selectOptionByIndex: All options with index in [43] are selected on object 'Object Repository/Store Request Schedule 1/Page_Store/select_--Select--Adernaline 0.'

2018-05-22 10:08:00 - [MESSAGE][PASSED] - All options with index in [43] are selected on object 'Object Repository/Store Request Schedule 1/Page_Store/select_--Select--Adernaline 0.'

2018-05-22 10:08:00 - [TEST_STEP][PASSED] - setText: Text '100' is set on object 'Object Repository/Store Request Schedule 1/Page_Store/input_txttreat'

2018-05-22 10:08:00 - [MESSAGE][PASSED] - Text '100' is set on object 'Object Repository/Store Request Schedule 1/Page_Store/input_txttreat'

2018-05-22 10:08:00 - [TEST_STEP][PASSED] - click: Object: 'Object Repository/Store Request Schedule 1/Page_Store/button_Add' is clicked on

2018-05-22 10:08:05 - [MESSAGE][PASSED] - Object: 'Object Repository/Store Request Schedule 1/Page_Store/button_Add' is clicked on

2018-05-22 10:08:05 - [TEST_STEP][PASSED] - selectOptionByIndex: All options with index in [11] are selected on object 'Object Repository/Store Request Schedule 1/Page_Store/select_--Select--Schedule 1Inj'

2018-05-22 10:08:05 - [MESSAGE][PASSED] - All options with index in [11] are selected on object 'Object Repository/Store Request Schedule 1/Page_Store/select_--Select--Schedule 1Inj'

2018-05-22 10:08:05 - [TEST_STEP][PASSED] - delay: Delayed 1 second(s)

2018-05-22 10:08:06 - [MESSAGE][PASSED] - Delayed 1 second(s)

2018-05-22 10:08:06 - [TEST_STEP][PASSED] - selectOptionByIndex: All options with index in [44] are selected on object 'Object Repository/Store Request Schedule 1/Page_Store/select_--Select--Adernaline 0.'

2018-05-22 10:08:07 - [MESSAGE][PASSED] - All options with index in [44] are selected on object 'Object Repository/Store Request Schedule 1/Page_Store/select_--Select--Adernaline 0.'

2018-05-22 10:08:07 - [TEST_STEP][PASSED] - setText: Text '100' is set on object 'Object Repository/Store Request Schedule 1/Page_Store/input_txttreat'

2018-05-22 10:08:07 - [MESSAGE][PASSED] - Text '100' is set on object 'Object Repository/Store Request Schedule 1/Page_Store/input_txttreat'

2018-05-22 10:08:07 - [TEST_STEP][PASSED] - click: Object: 'Object Repository/Store Request Schedule 1/Page_Store/button_Add' is clicked on

2018-05-22 10:08:12 - [MESSAGE][PASSED] - Object: 'Object Repository/Store Request Schedule 1/Page_Store/button_Add' is clicked on

2018-05-22 10:08:12 - [TEST_STEP][PASSED] - selectOptionByIndex: All options with index in [11] are selected on object 'Object Repository/Store Request Schedule 1/Page_Store/select_--Select--Schedule 1Inj'

2018-05-22 10:08:12 - [MESSAGE][PASSED] - All options with index in [11] are selected on object 'Object Repository/Store Request Schedule 1/Page_Store/select_--Select--Schedule 1Inj'

2018-05-22 10:08:12 - [TEST_STEP][PASSED] - delay: Delayed 1 second(s)

2018-05-22 10:08:13 - [MESSAGE][PASSED] - Delayed 1 second(s)

2018-05-22 10:08:13 - [TEST_STEP][PASSED] - selectOptionByIndex: All options with index in [45] are selected on object 'Object Repository/Store Request Schedule 1/Page_Store/select_--Select--Adernaline 0.'

2018-05-22 10:08:14 - [MESSAGE][PASSED] - All options with index in [45] are selected on object 'Object Repository/Store Request Schedule 1/Page_Store/select_--Select--Adernaline 0.'

2018-05-22 10:08:14 - [TEST_STEP][PASSED] - setText: Text '100' is set on object 'Object Repository/Store Request Schedule 1/Page_Store/input_txttreat'

2018-05-22 10:08:14 - [MESSAGE][PASSED] - Text '100' is set on object 'Object Repository/Store Request Schedule 1/Page_Store/input_txttreat'

2018-05-22 10:08:14 - [TEST_STEP][PASSED] - click: Object: 'Object Repository/Store Request Schedule 1/Page_Store/button_Add' is clicked on

2018-05-22 10:08:19 - [MESSAGE][PASSED] - Object: 'Object Repository/Store Request Schedule 1/Page_Store/button_Add' is clicked on

2018-05-22 10:08:19 - [TEST_STEP][PASSED] - selectOptionByIndex: All options with index in [11] are selected on object 'Object Repository/Store Request Schedule 1/Page_Store/select_--Select--Schedule 1Inj'

2018-05-22 10:08:19 - [MESSAGE][PASSED] - All options with index in [11] are selected on object 'Object Repository/Store Request Schedule 1/Page_Store/select_--Select--Schedule 1Inj'

2018-05-22 10:08:19 - [TEST_STEP][PASSED] - delay: Delayed 1 second(s)

2018-05-22 10:08:20 - [MESSAGE][PASSED] - Delayed 1 second(s)

2018-05-22 10:08:20 - [TEST_STEP][PASSED] - selectOptionByIndex: All options with index in [46] are selected on object 'Object Repository/Store Request Schedule 1/Page_Store/select_--Select--Adernaline 0.'

2018-05-22 10:08:21 - [MESSAGE][PASSED] - All options with index in [46] are selected on object 'Object Repository/Store Request Schedule 1/Page_Store/select_--Select--Adernaline 0.'

2018-05-22 10:08:21 - [TEST_STEP][PASSED] - setText: Text '100' is set on object 'Object Repository/Store Request Schedule 1/Page_Store/input_txttreat'

2018-05-22 10:08:21 - [MESSAGE][PASSED] - Text '100' is set on object 'Object Repository/Store Request Schedule 1/Page_Store/input_txttreat'

2018-05-22 10:08:21 - [TEST_STEP][PASSED] - click: Object: 'Object Repository/Store Request Schedule 1/Page_Store/button_Add' is clicked on

2018-05-22 10:08:26 - [MESSAGE][PASSED] - Object: 'Object Repository/Store Request Schedule 1/Page_Store/button_Add' is clicked on

2018-05-22 10:08:26 - [TEST_STEP][PASSED] - selectOptionByIndex: All options with index in [11] are selected on object 'Object Repository/Store Request Schedule 1/Page_Store/select_--Select--Schedule 1Inj'

2018-05-22 10:08:26 - [MESSAGE][PASSED] - All options with index in [11] are selected on object 'Object Repository/Store Request Schedule 1/Page_Store/select_--Select--Schedule 1Inj'

2018-05-22 10:08:26 - [TEST_STEP][PASSED] - delay: Delayed 1 second(s)

2018-05-22 10:08:27 - [MESSAGE][PASSED] - Delayed 1 second(s)

2018-05-22 10:08:27 - [TEST_STEP][PASSED] - selectOptionByIndex: All options with index in [47] are selected on object 'Object Repository/Store Request Schedule 1/Page_Store/select_--Select--Adernaline 0.'

2018-05-22 10:08:28 - [MESSAGE][PASSED] - All options with index in [47] are selected on object 'Object Repository/Store Request Schedule 1/Page_Store/select_--Select--Adernaline 0.'

2018-05-22 10:08:28 - [TEST_STEP][PASSED] - setText: Text '100' is set on object 'Object Repository/Store Request Schedule 1/Page_Store/input_txttreat'

2018-05-22 10:08:28 - [MESSAGE][PASSED] - Text '100' is set on object 'Object Repository/Store Request Schedule 1/Page_Store/input_txttreat'

2018-05-22 10:08:28 - [TEST_STEP][PASSED] - click: Object: 'Object Repository/Store Request Schedule 1/Page_Store/button_Add' is clicked on

2018-05-22 10:08:33 - [MESSAGE][PASSED] - Object: 'Object Repository/Store Request Schedule 1/Page_Store/button_Add' is clicked on

2018-05-22 10:08:33 - [TEST_STEP][PASSED] - selectOptionByIndex: All options with index in [11] are selected on object 'Object Repository/Store Request Schedule 1/Page_Store/select_--Select--Schedule 1Inj'

2018-05-22 10:08:33 - [MESSAGE][PASSED] - All options with index in [11] are selected on object 'Object Repository/Store Request Schedule 1/Page_Store/select_--Select--Schedule 1Inj'

2018-05-22 10:08:33 - [TEST_STEP][PASSED] - delay: Delayed 1 second(s)

2018-05-22 10:08:34 - [MESSAGE][PASSED] - Delayed 1 second(s)

2018-05-22 10:08:34 - [TEST_STEP][PASSED] - selectOptionByIndex: All options with index in [48] are selected on object 'Object Repository/Store Request Schedule 1/Page_Store/select_--Select--Adernaline 0.'

2018-05-22 10:08:35 - [MESSAGE][PASSED] - All options with index in [48] are selected on object 'Object Repository/Store Request Schedule 1/Page_Store/select_--Select--Adernaline 0.'

2018-05-22 10:08:35 - [TEST_STEP][PASSED] - setText: Text '100' is set on object 'Object Repository/Store Request Schedule 1/Page_Store/input_txttreat'

2018-05-22 10:08:35 - [MESSAGE][PASSED] - Text '100' is set on object 'Object Repository/Store Request Schedule 1/Page_Store/input_txttreat'

2018-05-22 10:08:35 - [TEST_STEP][PASSED] - click: Object: 'Object Repository/Store Request Schedule 1/Page_Store/button_Add' is clicked on

2018-05-22 10:08:40 - [MESSAGE][PASSED] - Object: 'Object Repository/Store Request Schedule 1/Page_Store/button_Add' is clicked on

2018-05-22 10:08:40 - [TEST_STEP][PASSED] - selectOptionByIndex: All options with index in [11] are selected on object 'Object Repository/Store Request Schedule 1/Page_Store/select_--Select--Schedule 1Inj'

2018-05-22 10:08:40 - [MESSAGE][PASSED] - All options with index in [11] are selected on object 'Object Repository/Store Request Schedule 1/Page_Store/select_--Select--Schedule 1Inj'

2018-05-22 10:08:40 - [TEST_STEP][PASSED] - delay: Delayed 1 second(s)

2018-05-22 10:08:41 - [MESSAGE][PASSED] - Delayed 1 second(s)

2018-05-22 10:08:41 - [TEST_STEP][PASSED] - selectOptionByIndex: All options with index in [49] are selected on object 'Object Repository/Store Request Schedule 1/Page_Store/select_--Select--Adernaline 0.'

2018-05-22 10:08:42 - [MESSAGE][PASSED] - All options with index in [49] are selected on object 'Object Repository/Store Request Schedule 1/Page_Store/select_--Select--Adernaline 0.'

2018-05-22 10:08:42 - [TEST_STEP][PASSED] - setText: Text '100' is set on object 'Object Repository/Store Request Schedule 1/Page_Store/input_txttreat'

2018-05-22 10:08:43 - [MESSAGE][PASSED] - Text '100' is set on object 'Object Repository/Store Request Schedule 1/Page_Store/input_txttreat'

2018-05-22 10:08:43 - [TEST_STEP][PASSED] - click: Object: 'Object Repository/Store Request Schedule 1/Page_Store/button_Add' is clicked on

2018-05-22 10:08:48 - [MESSAGE][PASSED] - Object: 'Object Repository/Store Request Schedule 1/Page_Store/button_Add' is clicked on

2018-05-22 10:08:48 - [TEST_STEP][PASSED] - selectOptionByIndex: All options with index in [11] are selected on object 'Object Repository/Store Request Schedule 1/Page_Store/select_--Select--Schedule 1Inj'

2018-05-22 10:08:48 - [MESSAGE][PASSED] - All options with index in [11] are selected on object 'Object Repository/Store Request Schedule 1/Page_Store/select_--Select--Schedule 1Inj'

2018-05-22 10:08:48 - [TEST_STEP][PASSED] - delay: Delayed 1 second(s)

2018-05-22 10:08:49 - [MESSAGE][PASSED] - Delayed 1 second(s)

2018-05-22 10:08:49 - [TEST_STEP][PASSED] - selectOptionByIndex: All options with index in [50] are selected on object 'Object Repository/Store Request Schedule 1/Page_Store/select_--Select--Adernaline 0.'

2018-05-22 10:08:50 - [MESSAGE][PASSED] - All options with index in [50] are selected on object 'Object Repository/Store Request Schedule 1/Page_Store/select_--Select--Adernaline 0.'

2018-05-22 10:08:50 - [TEST_STEP][PASSED] - setText: Text '100' is set on object 'Object Repository/Store Request Schedule 1/Page_Store/input_txttreat'

2018-05-22 10:08:50 - [MESSAGE][PASSED] - Text '100' is set on object 'Object Repository/Store Request Schedule 1/Page_Store/input_txttreat'

2018-05-22 10:08:50 - [TEST_STEP][PASSED] - click: Object: 'Object Repository/Store Request Schedule 1/Page_Store/button_Add' is clicked on

2018-05-22 10:08:55 - [MESSAGE][PASSED] - Object: 'Object Repository/Store Request Schedule 1/Page_Store/button_Add' is clicked on

2018-05-22 10:08:55 - [TEST_STEP][PASSED] - selectOptionByIndex: All options with index in [11] are selected on object 'Object Repository/Store Request Schedule 1/Page_Store/select_--Select--Schedule 1Inj'

2018-05-22 10:08:55 - [MESSAGE][PASSED] - All options with index in [11] are selected on object 'Object Repository/Store Request Schedule 1/Page_Store/select_--Select--Schedule 1Inj'

2018-05-22 10:08:55 - [TEST_STEP][PASSED] - delay: Delayed 1 second(s)

2018-05-22 10:08:56 - [MESSAGE][PASSED] - Delayed 1 second(s)

2018-05-22 10:08:56 - [TEST_STEP][PASSED] - selectOptionByIndex: All options with index in [51] are selected on object 'Object Repository/Store Request Schedule 1/Page_Store/select_--Select--Adernaline 0.'

2018-05-22 10:08:57 - [MESSAGE][PASSED] - All options with index in [51] are selected on object 'Object Repository/Store Request Schedule 1/Page_Store/select_--Select--Adernaline 0.'

2018-05-22 10:08:57 - [TEST_STEP][PASSED] - setText: Text '100' is set on object 'Object Repository/Store Request Schedule 1/Page_Store/input_txttreat'

2018-05-22 10:08:57 - [MESSAGE][PASSED] - Text '100' is set on object 'Object Repository/Store Request Schedule 1/Page_Store/input_txttreat'

2018-05-22 10:08:57 - [TEST_STEP][PASSED] - click: Object: 'Object Repository/Store Request Schedule 1/Page_Store/button_Add' is clicked on

2018-05-22 10:09:02 - [MESSAGE][PASSED] - Object: 'Object Repository/Store Request Schedule 1/Page_Store/button_Add' is clicked on

2018-05-22 10:09:02 - [TEST_STEP][PASSED] - selectOptionByIndex: All options with index in [11] are selected on object 'Object Repository/Store Request Schedule 1/Page_Store/select_--Select--Schedule 1Inj'

2018-05-22 10:09:02 - [MESSAGE][PASSED] - All options with index in [11] are selected on object 'Object Repository/Store Request Schedule 1/Page_Store/select_--Select--Schedule 1Inj'

2018-05-22 10:09:02 - [TEST_STEP][PASSED] - delay: Delayed 1 second(s)

2018-05-22 10:09:03 - [MESSAGE][PASSED] - Delayed 1 second(s)

2018-05-22 10:09:03 - [TEST_STEP][PASSED] - selectOptionByIndex: All options with index in [52] are selected on object 'Object Repository/Store Request Schedule 1/Page_Store/select_--Select--Adernaline 0.'

2018-05-22 10:09:04 - [MESSAGE][PASSED] - All options with index in [52] are selected on object 'Object Repository/Store Request Schedule 1/Page_Store/select_--Select--Adernaline 0.'

2018-05-22 10:09:04 - [TEST_STEP][PASSED] - setText: Text '100' is set on object 'Object Repository/Store Request Schedule 1/Page_Store/input_txttreat'

2018-05-22 10:09:05 - [MESSAGE][PASSED] - Text '100' is set on object 'Object Repository/Store Request Schedule 1/Page_Store/input_txttreat'

2018-05-22 10:09:05 - [TEST_STEP][PASSED] - click: Object: 'Object Repository/Store Request Schedule 1/Page_Store/button_Add' is clicked on

2018-05-22 10:09:10 - [MESSAGE][PASSED] - Object: 'Object Repository/Store Request Schedule 1/Page_Store/button_Add' is clicked on

2018-05-22 10:09:10 - [TEST_STEP][PASSED] - selectOptionByIndex: All options with index in [11] are selected on object 'Object Repository/Store Request Schedule 1/Page_Store/select_--Select--Schedule 1Inj'

2018-05-22 10:09:10 - [MESSAGE][PASSED] - All options with index in [11] are selected on object 'Object Repository/Store Request Schedule 1/Page_Store/select_--Select--Schedule 1Inj'

2018-05-22 10:09:10 - [TEST_STEP][PASSED] - delay: Delayed 1 second(s)

2018-05-22 10:09:11 - [MESSAGE][PASSED] - Delayed 1 second(s)

2018-05-22 10:09:11 - [TEST_STEP][PASSED] - selectOptionByIndex: All options with index in [53] are selected on object 'Object Repository/Store Request Schedule 1/Page_Store/select_--Select--Adernaline 0.'

2018-05-22 10:09:12 - [MESSAGE][PASSED] - All options with index in [53] are selected on object 'Object Repository/Store Request Schedule 1/Page_Store/select_--Select--Adernaline 0.'

2018-05-22 10:09:12 - [TEST_STEP][PASSED] - setText: Text '100' is set on object 'Object Repository/Store Request Schedule 1/Page_Store/input_txttreat'

2018-05-22 10:09:12 - [MESSAGE][PASSED] - Text '100' is set on object 'Object Repository/Store Request Schedule 1/Page_Store/input_txttreat'

2018-05-22 10:09:12 - [TEST_STEP][PASSED] - click: Object: 'Object Repository/Store Request Schedule 1/Page_Store/button_Add' is clicked on

2018-05-22 10:09:17 - [MESSAGE][PASSED] - Object: 'Object Repository/Store Request Schedule 1/Page_Store/button_Add' is clicked on

2018-05-22 10:09:17 - [TEST_STEP][PASSED] - selectOptionByIndex: All options with index in [11] are selected on object 'Object Repository/Store Request Schedule 1/Page_Store/select_--Select--Schedule 1Inj'

2018-05-22 10:09:17 - [MESSAGE][PASSED] - All options with index in [11] are selected on object 'Object Repository/Store Request Schedule 1/Page_Store/select_--Select--Schedule 1Inj'

2018-05-22 10:09:17 - [TEST_STEP][PASSED] - delay: Delayed 1 second(s)

2018-05-22 10:09:18 - [MESSAGE][PASSED] - Delayed 1 second(s)

2018-05-22 10:09:18 - [TEST_STEP][PASSED] - selectOptionByIndex: All options with index in [54] are selected on object 'Object Repository/Store Request Schedule 1/Page_Store/select_--Select--Adernaline 0.'

2018-05-22 10:09:19 - [MESSAGE][PASSED] - All options with index in [54] are selected on object 'Object Repository/Store Request Schedule 1/Page_Store/select_--Select--Adernaline 0.'

2018-05-22 10:09:19 - [TEST_STEP][PASSED] - setText: Text '100' is set on object 'Object Repository/Store Request Schedule 1/Page_Store/input_txttreat'

2018-05-22 10:09:19 - [MESSAGE][PASSED] - Text '100' is set on object 'Object Repository/Store Request Schedule 1/Page_Store/input_txttreat'

2018-05-22 10:09:19 - [TEST_STEP][PASSED] - click: Object: 'Object Repository/Store Request Schedule 1/Page_Store/button_Add' is clicked on

2018-05-22 10:09:24 - [MESSAGE][PASSED] - Object: 'Object Repository/Store Request Schedule 1/Page_Store/button_Add' is clicked on

2018-05-22 10:09:24 - [TEST_STEP][PASSED] - selectOptionByIndex: All options with index in [11] are selected on object 'Object Repository/Store Request Schedule 1/Page_Store/select_--Select--Schedule 1Inj'

2018-05-22 10:09:25 - [MESSAGE][PASSED] - All options with index in [11] are selected on object 'Object Repository/Store Request Schedule 1/Page_Store/select_--Select--Schedule 1Inj'

2018-05-22 10:09:25 - [TEST_STEP][PASSED] - delay: Delayed 1 second(s)

2018-05-22 10:09:26 - [MESSAGE][PASSED] - Delayed 1 second(s)

2018-05-22 10:09:26 - [TEST_STEP][PASSED] - selectOptionByIndex: All options with index in [55] are selected on object 'Object Repository/Store Request Schedule 1/Page_Store/select_--Select--Adernaline 0.'

2018-05-22 10:09:27 - [MESSAGE][PASSED] - All options with index in [55] are selected on object 'Object Repository/Store Request Schedule 1/Page_Store/select_--Select--Adernaline 0.'

2018-05-22 10:09:27 - [TEST_STEP][PASSED] - setText: Text '100' is set on object 'Object Repository/Store Request Schedule 1/Page_Store/input_txttreat'

2018-05-22 10:09:27 - [MESSAGE][PASSED] - Text '100' is set on object 'Object Repository/Store Request Schedule 1/Page_Store/input_txttreat'

2018-05-22 10:09:27 - [TEST_STEP][PASSED] - click: Object: 'Object Repository/Store Request Schedule 1/Page_Store/button_Add' is clicked on

2018-05-22 10:09:32 - [MESSAGE][PASSED] - Object: 'Object Repository/Store Request Schedule 1/Page_Store/button_Add' is clicked on

2018-05-22 10:09:32 - [TEST_STEP][PASSED] - selectOptionByIndex: All options with index in [11] are selected on object 'Object Repository/Store Request Schedule 1/Page_Store/select_--Select--Schedule 1Inj'

2018-05-22 10:09:32 - [MESSAGE][PASSED] - All options with index in [11] are selected on object 'Object Repository/Store Request Schedule 1/Page_Store/select_--Select--Schedule 1Inj'

2018-05-22 10:09:32 - [TEST_STEP][PASSED] - delay: Delayed 1 second(s)

2018-05-22 10:09:33 - [MESSAGE][PASSED] - Delayed 1 second(s)

2018-05-22 10:09:33 - [TEST_STEP][PASSED] - selectOptionByIndex: All options with index in [56] are selected on object 'Object Repository/Store Request Schedule 1/Page_Store/select_--Select--Adernaline 0.'

2018-05-22 10:09:34 - [MESSAGE][PASSED] - All options with index in [56] are selected on object 'Object Repository/Store Request Schedule 1/Page_Store/select_--Select--Adernaline 0.'

2018-05-22 10:09:34 - [TEST_STEP][PASSED] - setText: Text '100' is set on object 'Object Repository/Store Request Schedule 1/Page_Store/input_txttreat'

2018-05-22 10:09:34 - [MESSAGE][PASSED] - Text '100' is set on object 'Object Repository/Store Request Schedule 1/Page_Store/input_txttreat'

2018-05-22 10:09:34 - [TEST_STEP][PASSED] - click: Object: 'Object Repository/Store Request Schedule 1/Page_Store/button_Add' is clicked on

2018-05-22 10:09:39 - [MESSAGE][PASSED] - Object: 'Object Repository/Store Request Schedule 1/Page_Store/button_Add' is clicked on

2018-05-22 10:09:39 - [TEST_STEP][PASSED] - selectOptionByIndex: All options with index in [11] are selected on object 'Object Repository/Store Request Schedule 1/Page_Store/select_--Select--Schedule 1Inj'

2018-05-22 10:09:39 - [MESSAGE][PASSED] - All options with index in [11] are selected on object 'Object Repository/Store Request Schedule 1/Page_Store/select_--Select--Schedule 1Inj'

2018-05-22 10:09:39 - [TEST_STEP][PASSED] - delay: Delayed 1 second(s)

2018-05-22 10:09:40 - [MESSAGE][PASSED] - Delayed 1 second(s)

2018-05-22 10:09:40 - [TEST_STEP][PASSED] - selectOptionByIndex: All options with index in [57] are selected on object 'Object Repository/Store Request Schedule 1/Page_Store/select_--Select--Adernaline 0.'

2018-05-22 10:09:41 - [MESSAGE][PASSED] - All options with index in [57] are selected on object 'Object Repository/Store Request Schedule 1/Page_Store/select_--Select--Adernaline 0.'

2018-05-22 10:09:41 - [TEST_STEP][PASSED] - setText: Text '100' is set on object 'Object Repository/Store Request Schedule 1/Page_Store/input_txttreat'

2018-05-22 10:09:41 - [MESSAGE][PASSED] - Text '100' is set on object 'Object Repository/Store Request Schedule 1/Page_Store/input_txttreat'

2018-05-22 10:09:41 - [TEST_STEP][PASSED] - click: Object: 'Object Repository/Store Request Schedule 1/Page_Store/button_Add' is clicked on

2018-05-22 10:09:46 - [MESSAGE][PASSED] - Object: 'Object Repository/Store Request Schedule 1/Page_Store/button_Add' is clicked on

2018-05-22 10:09:46 - [TEST_STEP][PASSED] - selectOptionByIndex: All options with index in [11] are selected on object 'Object Repository/Store Request Schedule 1/Page_Store/select_--Select--Schedule 1Inj'

2018-05-22 10:09:46 - [MESSAGE][PASSED] - All options with index in [11] are selected on object 'Object Repository/Store Request Schedule 1/Page_Store/select_--Select--Schedule 1Inj'

2018-05-22 10:09:46 - [TEST_STEP][PASSED] - delay: Delayed 1 second(s)

2018-05-22 10:09:47 - [MESSAGE][PASSED] - Delayed 1 second(s)

2018-05-22 10:09:47 - [TEST_STEP][PASSED] - selectOptionByIndex: All options with index in [58] are selected on object 'Object Repository/Store Request Schedule 1/Page_Store/select_--Select--Adernaline 0.'

2018-05-22 10:09:48 - [MESSAGE][PASSED] - All options with index in [58] are selected on object 'Object Repository/Store Request Schedule 1/Page_Store/select_--Select--Adernaline 0.'

2018-05-22 10:09:48 - [TEST_STEP][PASSED] - setText: Text '100' is set on object 'Object Repository/Store Request Schedule 1/Page_Store/input_txttreat'

2018-05-22 10:09:48 - [MESSAGE][PASSED] - Text '100' is set on object 'Object Repository/Store Request Schedule 1/Page_Store/input_txttreat'

2018-05-22 10:09:48 - [TEST_STEP][PASSED] - click: Object: 'Object Repository/Store Request Schedule 1/Page_Store/button_Add' is clicked on

2018-05-22 10:09:53 - [MESSAGE][PASSED] - Object: 'Object Repository/Store Request Schedule 1/Page_Store/button_Add' is clicked on

2018-05-22 10:09:53 - [TEST_STEP][PASSED] - selectOptionByIndex: All options with index in [11] are selected on object 'Object Repository/Store Request Schedule 1/Page_Store/select_--Select--Schedule 1Inj'

2018-05-22 10:09:54 - [MESSAGE][PASSED] - All options with index in [11] are selected on object 'Object Repository/Store Request Schedule 1/Page_Store/select_--Select--Schedule 1Inj'

2018-05-22 10:09:54 - [TEST_STEP][PASSED] - delay: Delayed 1 second(s)

2018-05-22 10:09:55 - [MESSAGE][PASSED] - Delayed 1 second(s)

2018-05-22 10:09:55 - [TEST_STEP][PASSED] - selectOptionByIndex: All options with index in [59] are selected on object 'Object Repository/Store Request Schedule 1/Page_Store/select_--Select--Adernaline 0.'

2018-05-22 10:09:55 - [MESSAGE][PASSED] - All options with index in [59] are selected on object 'Object Repository/Store Request Schedule 1/Page_Store/select_--Select--Adernaline 0.'

2018-05-22 10:09:55 - [TEST_STEP][PASSED] - setText: Text '100' is set on object 'Object Repository/Store Request Schedule 1/Page_Store/input_txttreat'

2018-05-22 10:09:55 - [MESSAGE][PASSED] - Text '100' is set on object 'Object Repository/Store Request Schedule 1/Page_Store/input_txttreat'

2018-05-22 10:09:55 - [TEST_STEP][PASSED] - click: Object: 'Object Repository/Store Request Schedule 1/Page_Store/button_Add' is clicked on

2018-05-22 10:10:01 - [MESSAGE][PASSED] - Object: 'Object Repository/Store Request Schedule 1/Page_Store/button_Add' is clicked on

2018-05-22 10:10:01 - [TEST_STEP][PASSED] - selectOptionByIndex: All options with index in [11] are selected on object 'Object Repository/Store Request Schedule 1/Page_Store/select_--Select--Schedule 1Inj'

2018-05-22 10:10:01 - [MESSAGE][PASSED] - All options with index in [11] are selected on object 'Object Repository/Store Request Schedule 1/Page_Store/select_--Select--Schedule 1Inj'

2018-05-22 10:10:01 - [TEST_STEP][PASSED] - delay: Delayed 1 second(s)

2018-05-22 10:10:02 - [MESSAGE][PASSED] - Delayed 1 second(s)

2018-05-22 10:10:02 - [TEST_STEP][PASSED] - selectOptionByIndex: All options with index in [60] are selected on object 'Object Repository/Store Request Schedule 1/Page_Store/select_--Select--Adernaline 0.'

2018-05-22 10:10:03 - [MESSAGE][PASSED] - All options with index in [60] are selected on object 'Object Repository/Store Request Schedule 1/Page_Store/select_--Select--Adernaline 0.'

2018-05-22 10:10:03 - [TEST_STEP][PASSED] - setText: Text '100' is set on object 'Object Repository/Store Request Schedule 1/Page_Store/input_txttreat'

2018-05-22 10:10:03 - [MESSAGE][PASSED] - Text '100' is set on object 'Object Repository/Store Request Schedule 1/Page_Store/input_txttreat'

2018-05-22 10:10:03 - [TEST_STEP][PASSED] - click: Object: 'Object Repository/Store Request Schedule 1/Page_Store/button_Add' is clicked on

2018-05-22 10:10:08 - [MESSAGE][PASSED] - Object: 'Object Repository/Store Request Schedule 1/Page_Store/button_Add' is clicked on

2018-05-22 10:10:08 - [TEST_STEP][PASSED] - selectOptionByIndex: All options with index in [11] are selected on object 'Object Repository/Store Request Schedule 1/Page_Store/select_--Select--Schedule 1Inj'

2018-05-22 10:10:08 - [MESSAGE][PASSED] - All options with index in [11] are selected on object 'Object Repository/Store Request Schedule 1/Page_Store/select_--Select--Schedule 1Inj'

2018-05-22 10:10:08 - [TEST_STEP][PASSED] - delay: Delayed 1 second(s)

2018-05-22 10:10:09 - [MESSAGE][PASSED] - Delayed 1 second(s)

2018-05-22 10:10:09 - [TEST_STEP][PASSED] - selectOptionByIndex: All options with index in [61] are selected on object 'Object Repository/Store Request Schedule 1/Page_Store/select_--Select--Adernaline 0.'

2018-05-22 10:10:10 - [MESSAGE][PASSED] - All options with index in [61] are selected on object 'Object Repository/Store Request Schedule 1/Page_Store/select_--Select--Adernaline 0.'

2018-05-22 10:10:10 - [TEST_STEP][PASSED] - setText: Text '100' is set on object 'Object Repository/Store Request Schedule 1/Page_Store/input_txttreat'

2018-05-22 10:10:10 - [MESSAGE][PASSED] - Text '100' is set on object 'Object Repository/Store Request Schedule 1/Page_Store/input_txttreat'

2018-05-22 10:10:10 - [TEST_STEP][PASSED] - click: Object: 'Object Repository/Store Request Schedule 1/Page_Store/button_Add' is clicked on

2018-05-22 10:10:15 - [MESSAGE][PASSED] - Object: 'Object Repository/Store Request Schedule 1/Page_Store/button_Add' is clicked on

2018-05-22 10:10:15 - [TEST_STEP][PASSED] - selectOptionByIndex: All options with index in [11] are selected on object 'Object Repository/Store Request Schedule 1/Page_Store/select_--Select--Schedule 1Inj'

2018-05-22 10:10:16 - [MESSAGE][PASSED] - All options with index in [11] are selected on object 'Object Repository/Store Request Schedule 1/Page_Store/select_--Select--Schedule 1Inj'

2018-05-22 10:10:16 - [TEST_STEP][PASSED] - delay: Delayed 1 second(s)

2018-05-22 10:10:17 - [MESSAGE][PASSED] - Delayed 1 second(s)

2018-05-22 10:10:17 - [TEST_STEP][PASSED] - selectOptionByIndex: All options with index in [62] are selected on object 'Object Repository/Store Request Schedule 1/Page_Store/select_--Select--Adernaline 0.'

2018-05-22 10:10:17 - [MESSAGE][PASSED] - All options with index in [62] are selected on object 'Object Repository/Store Request Schedule 1/Page_Store/select_--Select--Adernaline 0.'

2018-05-22 10:10:17 - [TEST_STEP][PASSED] - setText: Text '100' is set on object 'Object Repository/Store Request Schedule 1/Page_Store/input_txttreat'

2018-05-22 10:10:17 - [MESSAGE][PASSED] - Text '100' is set on object 'Object Repository/Store Request Schedule 1/Page_Store/input_txttreat'

2018-05-22 10:10:17 - [TEST_STEP][PASSED] - click: Object: 'Object Repository/Store Request Schedule 1/Page_Store/button_Add' is clicked on

2018-05-22 10:10:23 - [MESSAGE][PASSED] - Object: 'Object Repository/Store Request Schedule 1/Page_Store/button_Add' is clicked on

2018-05-22 10:10:23 - [TEST_STEP][PASSED] - selectOptionByIndex: All options with index in [11] are selected on object 'Object Repository/Store Request Schedule 1/Page_Store/select_--Select--Schedule 1Inj'

2018-05-22 10:10:23 - [MESSAGE][PASSED] - All options with index in [11] are selected on object 'Object Repository/Store Request Schedule 1/Page_Store/select_--Select--Schedule 1Inj'

2018-05-22 10:10:23 - [TEST_STEP][PASSED] - delay: Delayed 1 second(s)

2018-05-22 10:10:24 - [MESSAGE][PASSED] - Delayed 1 second(s)

2018-05-22 10:10:24 - [TEST_STEP][PASSED] - selectOptionByIndex: All options with index in [63] are selected on object 'Object Repository/Store Request Schedule 1/Page_Store/select_--Select--Adernaline 0.'

2018-05-22 10:10:25 - [MESSAGE][PASSED] - All options with index in [63] are selected on object 'Object Repository/Store Request Schedule 1/Page_Store/select_--Select--Adernaline 0.'

2018-05-22 10:10:25 - [TEST_STEP][PASSED] - setText: Text '100' is set on object 'Object Repository/Store Request Schedule 1/Page_Store/input_txttreat'

2018-05-22 10:10:25 - [MESSAGE][PASSED] - Text '100' is set on object 'Object Repository/Store Request Schedule 1/Page_Store/input_txttreat'

2018-05-22 10:10:25 - [TEST_STEP][PASSED] - click: Object: 'Object Repository/Store Request Schedule 1/Page_Store/button_Add' is clicked on

2018-05-22 10:10:30 - [MESSAGE][PASSED] - Object: 'Object Repository/Store Request Schedule 1/Page_Store/button_Add' is clicked on

2018-05-22 10:10:30 - [TEST_STEP][PASSED] - selectOptionByIndex: All options with index in [11] are selected on object 'Object Repository/Store Request Schedule 1/Page_Store/select_--Select--Schedule 1Inj'

2018-05-22 10:10:30 - [MESSAGE][PASSED] - All options with index in [11] are selected on object 'Object Repository/Store Request Schedule 1/Page_Store/select_--Select--Schedule 1Inj'

2018-05-22 10:10:30 - [TEST_STEP][PASSED] - delay: Delayed 1 second(s)

2018-05-22 10:10:31 - [MESSAGE][PASSED] - Delayed 1 second(s)

2018-05-22 10:10:31 - [TEST_STEP][PASSED] - selectOptionByIndex: All options with index in [64] are selected on object 'Object Repository/Store Request Schedule 1/Page_Store/select_--Select--Adernaline 0.'

2018-05-22 10:10:32 - [MESSAGE][PASSED] - All options with index in [64] are selected on object 'Object Repository/Store Request Schedule 1/Page_Store/select_--Select--Adernaline 0.'

2018-05-22 10:10:32 - [TEST_STEP][PASSED] - setText: Text '100' is set on object 'Object Repository/Store Request Schedule 1/Page_Store/input_txttreat'

2018-05-22 10:10:32 - [MESSAGE][PASSED] - Text '100' is set on object 'Object Repository/Store Request Schedule 1/Page_Store/input_txttreat'

2018-05-22 10:10:32 - [TEST_STEP][PASSED] - click: Object: 'Object Repository/Store Request Schedule 1/Page_Store/button_Add' is clicked on

2018-05-22 10:10:37 - [MESSAGE][PASSED] - Object: 'Object Repository/Store Request Schedule 1/Page_Store/button_Add' is clicked on

2018-05-22 10:10:37 - [TEST_STEP][PASSED] - selectOptionByIndex: All options with index in [11] are selected on object 'Object Repository/Store Request Schedule 1/Page_Store/select_--Select--Schedule 1Inj'

2018-05-22 10:10:38 - [MESSAGE][PASSED] - All options with index in [11] are selected on object 'Object Repository/Store Request Schedule 1/Page_Store/select_--Select--Schedule 1Inj'

2018-05-22 10:10:38 - [TEST_STEP][PASSED] - delay: Delayed 1 second(s)

2018-05-22 10:10:39 - [MESSAGE][PASSED] - Delayed 1 second(s)

2018-05-22 10:10:39 - [TEST_STEP][PASSED] - selectOptionByIndex: All options with index in [65] are selected on object 'Object Repository/Store Request Schedule 1/Page_Store/select_--Select--Adernaline 0.'

2018-05-22 10:10:39 - [MESSAGE][PASSED] - All options with index in [65] are selected on object 'Object Repository/Store Request Schedule 1/Page_Store/select_--Select--Adernaline 0.'

2018-05-22 10:10:39 - [TEST_STEP][PASSED] - setText: Text '100' is set on object 'Object Repository/Store Request Schedule 1/Page_Store/input_txttreat'

2018-05-22 10:10:40 - [MESSAGE][PASSED] - Text '100' is set on object 'Object Repository/Store Request Schedule 1/Page_Store/input_txttreat'

2018-05-22 10:10:40 - [TEST_STEP][PASSED] - click: Object: 'Object Repository/Store Request Schedule 1/Page_Store/button_Add' is clicked on

2018-05-22 10:10:45 - [MESSAGE][PASSED] - Object: 'Object Repository/Store Request Schedule 1/Page_Store/button_Add' is clicked on

2018-05-22 10:10:45 - [TEST_STEP][PASSED] - selectOptionByIndex: All options with index in [11] are selected on object 'Object Repository/Store Request Schedule 1/Page_Store/select_--Select--Schedule 1Inj'

2018-05-22 10:10:45 - [MESSAGE][PASSED] - All options with index in [11] are selected on object 'Object Repository/Store Request Schedule 1/Page_Store/select_--Select--Schedule 1Inj'

2018-05-22 10:10:45 - [TEST_STEP][PASSED] - delay: Delayed 1 second(s)

2018-05-22 10:10:46 - [MESSAGE][PASSED] - Delayed 1 second(s)

2018-05-22 10:10:46 - [TEST_STEP][PASSED] - selectOptionByIndex: All options with index in [66] are selected on object 'Object Repository/Store Request Schedule 1/Page_Store/select_--Select--Adernaline 0.'

2018-05-22 10:10:47 - [MESSAGE][PASSED] - All options with index in [66] are selected on object 'Object Repository/Store Request Schedule 1/Page_Store/select_--Select--Adernaline 0.'

2018-05-22 10:10:47 - [TEST_STEP][PASSED] - setText: Text '100' is set on object 'Object Repository/Store Request Schedule 1/Page_Store/input_txttreat'

2018-05-22 10:10:47 - [MESSAGE][PASSED] - Text '100' is set on object 'Object Repository/Store Request Schedule 1/Page_Store/input_txttreat'

2018-05-22 10:10:47 - [TEST_STEP][PASSED] - click: Object: 'Object Repository/Store Request Schedule 1/Page_Store/button_Add' is clicked on

2018-05-22 10:10:52 - [MESSAGE][PASSED] - Object: 'Object Repository/Store Request Schedule 1/Page_Store/button_Add' is clicked on

2018-05-22 10:10:52 - [TEST_STEP][PASSED] - selectOptionByIndex: All options with index in [11] are selected on object 'Object Repository/Store Request Schedule 1/Page_Store/select_--Select--Schedule 1Inj'

2018-05-22 10:10:52 - [MESSAGE][PASSED] - All options with index in [11] are selected on object 'Object Repository/Store Request Schedule 1/Page_Store/select_--Select--Schedule 1Inj'

2018-05-22 10:10:52 - [TEST_STEP][PASSED] - delay: Delayed 1 second(s)

2018-05-22 10:10:53 - [MESSAGE][PASSED] - Delayed 1 second(s)

2018-05-22 10:10:53 - [TEST_STEP][PASSED] - selectOptionByIndex: All options with index in [67] are selected on object 'Object Repository/Store Request Schedule 1/Page_Store/select_--Select--Adernaline 0.'

2018-05-22 10:10:54 - [MESSAGE][PASSED] - All options with index in [67] are selected on object 'Object Repository/Store Request Schedule 1/Page_Store/select_--Select--Adernaline 0.'

2018-05-22 10:10:54 - [TEST_STEP][PASSED] - setText: Text '100' is set on object 'Object Repository/Store Request Schedule 1/Page_Store/input_txttreat'

2018-05-22 10:10:54 - [MESSAGE][PASSED] - Text '100' is set on object 'Object Repository/Store Request Schedule 1/Page_Store/input_txttreat'

2018-05-22 10:10:54 - [TEST_STEP][PASSED] - click: Object: 'Object Repository/Store Request Schedule 1/Page_Store/button_Add' is clicked on

2018-05-22 10:11:00 - [MESSAGE][PASSED] - Object: 'Object Repository/Store Request Schedule 1/Page_Store/button_Add' is clicked on

2018-05-22 10:11:00 - [TEST_STEP][PASSED] - selectOptionByIndex: All options with index in [11] are selected on object 'Object Repository/Store Request Schedule 1/Page_Store/select_--Select--Schedule 1Inj'

2018-05-22 10:11:00 - [MESSAGE][PASSED] - All options with index in [11] are selected on object 'Object Repository/Store Request Schedule 1/Page_Store/select_--Select--Schedule 1Inj'

2018-05-22 10:11:00 - [TEST_STEP][PASSED] - delay: Delayed 1 second(s)

2018-05-22 10:11:01 - [MESSAGE][PASSED] - Delayed 1 second(s)

2018-05-22 10:11:01 - [TEST_STEP][PASSED] - selectOptionByIndex: All options with index in [68] are selected on object 'Object Repository/Store Request Schedule 1/Page_Store/select_--Select--Adernaline 0.'

2018-05-22 10:11:02 - [MESSAGE][PASSED] - All options with index in [68] are selected on object 'Object Repository/Store Request Schedule 1/Page_Store/select_--Select--Adernaline 0.'

2018-05-22 10:11:02 - [TEST_STEP][PASSED] - setText: Text '100' is set on object 'Object Repository/Store Request Schedule 1/Page_Store/input_txttreat'

2018-05-22 10:11:02 - [MESSAGE][PASSED] - Text '100' is set on object 'Object Repository/Store Request Schedule 1/Page_Store/input_txttreat'

2018-05-22 10:11:02 - [TEST_STEP][PASSED] - click: Object: 'Object Repository/Store Request Schedule 1/Page_Store/button_Add' is clicked on

2018-05-22 10:11:07 - [MESSAGE][PASSED] - Object: 'Object Repository/Store Request Schedule 1/Page_Store/button_Add' is clicked on

2018-05-22 10:11:07 - [TEST_STEP][PASSED] - selectOptionByIndex: All options with index in [11] are selected on object 'Object Repository/Store Request Schedule 1/Page_Store/select_--Select--Schedule 1Inj'

2018-05-22 10:11:07 - [MESSAGE][PASSED] - All options with index in [11] are selected on object 'Object Repository/Store Request Schedule 1/Page_Store/select_--Select--Schedule 1Inj'

2018-05-22 10:11:07 - [TEST_STEP][PASSED] - delay: Delayed 1 second(s)

2018-05-22 10:11:08 - [MESSAGE][PASSED] - Delayed 1 second(s)

2018-05-22 10:11:08 - [TEST_STEP][PASSED] - selectOptionByIndex: All options with index in [69] are selected on object 'Object Repository/Store Request Schedule 1/Page_Store/select_--Select--Adernaline 0.'

2018-05-22 10:11:09 - [MESSAGE][PASSED] - All options with index in [69] are selected on object 'Object Repository/Store Request Schedule 1/Page_Store/select_--Select--Adernaline 0.'

2018-05-22 10:11:09 - [TEST_STEP][PASSED] - setText: Text '100' is set on object 'Object Repository/Store Request Schedule 1/Page_Store/input_txttreat'

2018-05-22 10:11:09 - [MESSAGE][PASSED] - Text '100' is set on object 'Object Repository/Store Request Schedule 1/Page_Store/input_txttreat'

2018-05-22 10:11:09 - [TEST_STEP][PASSED] - click: Object: 'Object Repository/Store Request Schedule 1/Page_Store/button_Add' is clicked on

2018-05-22 10:11:14 - [MESSAGE][PASSED] - Object: 'Object Repository/Store Request Schedule 1/Page_Store/button_Add' is clicked on

2018-05-22 10:11:14 - [TEST_STEP][PASSED] - selectOptionByIndex: All options with index in [11] are selected on object 'Object Repository/Store Request Schedule 1/Page_Store/select_--Select--Schedule 1Inj'

2018-05-22 10:11:15 - [MESSAGE][PASSED] - All options with index in [11] are selected on object 'Object Repository/Store Request Schedule 1/Page_Store/select_--Select--Schedule 1Inj'

2018-05-22 10:11:15 - [TEST_STEP][PASSED] - delay: Delayed 1 second(s)

2018-05-22 10:11:16 - [MESSAGE][PASSED] - Delayed 1 second(s)

2018-05-22 10:11:16 - [TEST_STEP][PASSED] - selectOptionByIndex: All options with index in [70] are selected on object 'Object Repository/Store Request Schedule 1/Page_Store/select_--Select--Adernaline 0.'

2018-05-22 10:11:16 - [MESSAGE][PASSED] - All options with index in [70] are selected on object 'Object Repository/Store Request Schedule 1/Page_Store/select_--Select--Adernaline 0.'

2018-05-22 10:11:16 - [TEST_STEP][PASSED] - setText: Text '100' is set on object 'Object Repository/Store Request Schedule 1/Page_Store/input_txttreat'

2018-05-22 10:11:17 - [MESSAGE][PASSED] - Text '100' is set on object 'Object Repository/Store Request Schedule 1/Page_Store/input_txttreat'

2018-05-22 10:11:17 - [TEST_STEP][PASSED] - click: Object: 'Object Repository/Store Request Schedule 1/Page_Store/button_Add' is clicked on

2018-05-22 10:11:22 - [MESSAGE][PASSED] - Object: 'Object Repository/Store Request Schedule 1/Page_Store/button_Add' is clicked on

2018-05-22 10:11:22 - [TEST_STEP][PASSED] - selectOptionByIndex: All options with index in [11] are selected on object 'Object Repository/Store Request Schedule 1/Page_Store/select_--Select--Schedule 1Inj'

2018-05-22 10:11:22 - [MESSAGE][PASSED] - All options with index in [11] are selected on object 'Object Repository/Store Request Schedule 1/Page_Store/select_--Select--Schedule 1Inj'

2018-05-22 10:11:22 - [TEST_STEP][PASSED] - delay: Delayed 1 second(s)

2018-05-22 10:11:23 - [MESSAGE][PASSED] - Delayed 1 second(s)

2018-05-22 10:11:23 - [TEST_STEP][PASSED] - selectOptionByIndex: All options with index in [71] are selected on object 'Object Repository/Store Request Schedule 1/Page_Store/select_--Select--Adernaline 0.'

2018-05-22 10:11:24 - [MESSAGE][PASSED] - All options with index in [71] are selected on object 'Object Repository/Store Request Schedule 1/Page_Store/select_--Select--Adernaline 0.'

2018-05-22 10:11:24 - [TEST_STEP][PASSED] - setText: Text '100' is set on object 'Object Repository/Store Request Schedule 1/Page_Store/input_txttreat'

2018-05-22 10:11:24 - [MESSAGE][PASSED] - Text '100' is set on object 'Object Repository/Store Request Schedule 1/Page_Store/input_txttreat'

2018-05-22 10:11:24 - [TEST_STEP][PASSED] - click: Object: 'Object Repository/Store Request Schedule 1/Page_Store/button_Add' is clicked on

2018-05-22 10:11:29 - [MESSAGE][PASSED] - Object: 'Object Repository/Store Request Schedule 1/Page_Store/button_Add' is clicked on

2018-05-22 10:11:29 - [TEST_STEP][PASSED] - selectOptionByIndex: All options with index in [11] are selected on object 'Object Repository/Store Request Schedule 1/Page_Store/select_--Select--Schedule 1Inj'

2018-05-22 10:11:29 - [MESSAGE][PASSED] - All options with index in [11] are selected on object 'Object Repository/Store Request Schedule 1/Page_Store/select_--Select--Schedule 1Inj'

2018-05-22 10:11:29 - [TEST_STEP][PASSED] - delay: Delayed 1 second(s)

2018-05-22 10:11:30 - [MESSAGE][PASSED] - Delayed 1 second(s)

2018-05-22 10:11:30 - [TEST_STEP][PASSED] - selectOptionByIndex: All options with index in [72] are selected on object 'Object Repository/Store Request Schedule 1/Page_Store/select_--Select--Adernaline 0.'

2018-05-22 10:11:31 - [MESSAGE][PASSED] - All options with index in [72] are selected on object 'Object Repository/Store Request Schedule 1/Page_Store/select_--Select--Adernaline 0.'

2018-05-22 10:11:31 - [TEST_STEP][PASSED] - setText: Text '100' is set on object 'Object Repository/Store Request Schedule 1/Page_Store/input_txttreat'

2018-05-22 10:11:31 - [MESSAGE][PASSED] - Text '100' is set on object 'Object Repository/Store Request Schedule 1/Page_Store/input_txttreat'

2018-05-22 10:11:31 - [TEST_STEP][PASSED] - click: Object: 'Object Repository/Store Request Schedule 1/Page_Store/button_Add' is clicked on

2018-05-22 10:11:36 - [MESSAGE][PASSED] - Object: 'Object Repository/Store Request Schedule 1/Page_Store/button_Add' is clicked on

2018-05-22 10:11:36 - [TEST_STEP][PASSED] - selectOptionByIndex: All options with index in [11] are selected on object 'Object Repository/Store Request Schedule 1/Page_Store/select_--Select--Schedule 1Inj'

2018-05-22 10:11:37 - [MESSAGE][PASSED] - All options with index in [11] are selected on object 'Object Repository/Store Request Schedule 1/Page_Store/select_--Select--Schedule 1Inj'

2018-05-22 10:11:37 - [TEST_STEP][PASSED] - delay: Delayed 1 second(s)

2018-05-22 10:11:38 - [MESSAGE][PASSED] - Delayed 1 second(s)

2018-05-22 10:11:38 - [TEST_STEP][PASSED] - selectOptionByIndex: All options with index in [73] are selected on object 'Object Repository/Store Request Schedule 1/Page_Store/select_--Select--Adernaline 0.'

2018-05-22 10:11:39 - [MESSAGE][PASSED] - All options with index in [73] are selected on object 'Object Repository/Store Request Schedule 1/Page_Store/select_--Select--Adernaline 0.'

2018-05-22 10:11:39 - [TEST_STEP][PASSED] - setText: Text '100' is set on object 'Object Repository/Store Request Schedule 1/Page_Store/input_txttreat'

2018-05-22 10:11:39 - [MESSAGE][PASSED] - Text '100' is set on object 'Object Repository/Store Request Schedule 1/Page_Store/input_txttreat'

2018-05-22 10:11:39 - [TEST_STEP][PASSED] - click: Object: 'Object Repository/Store Request Schedule 1/Page_Store/button_Add' is clicked on

2018-05-22 10:11:44 - [MESSAGE][PASSED] - Object: 'Object Repository/Store Request Schedule 1/Page_Store/button_Add' is clicked on

2018-05-22 10:11:44 - [TEST_STEP][PASSED] - selectOptionByIndex: All options with index in [11] are selected on object 'Object Repository/Store Request Schedule 1/Page_Store/select_--Select--Schedule 1Inj'

2018-05-22 10:11:44 - [MESSAGE][PASSED] - All options with index in [11] are selected on object 'Object Repository/Store Request Schedule 1/Page_Store/select_--Select--Schedule 1Inj'

2018-05-22 10:11:44 - [TEST_STEP][PASSED] - delay: Delayed 1 second(s)

2018-05-22 10:11:45 - [MESSAGE][PASSED] - Delayed 1 second(s)

2018-05-22 10:11:45 - [TEST_STEP][PASSED] - selectOptionByIndex: All options with index in [74] are selected on object 'Object Repository/Store Request Schedule 1/Page_Store/select_--Select--Adernaline 0.'

2018-05-22 10:11:47 - [MESSAGE][PASSED] - All options with index in [74] are selected on object 'Object Repository/Store Request Schedule 1/Page_Store/select_--Select--Adernaline 0.'

2018-05-22 10:11:47 - [TEST_STEP][PASSED] - setText: Text '100' is set on object 'Object Repository/Store Request Schedule 1/Page_Store/input_txttreat'

2018-05-22 10:11:47 - [MESSAGE][PASSED] - Text '100' is set on object 'Object Repository/Store Request Schedule 1/Page_Store/input_txttreat'

2018-05-22 10:11:47 - [TEST_STEP][PASSED] - click: Object: 'Object Repository/Store Request Schedule 1/Page_Store/button_Add' is clicked on

2018-05-22 10:11:47 - [MESSAGE][PASSED] - Object: 'Object Repository/Store Request Schedule 1/Page_Store/button_Add' is clicked on

2018-05-22 10:11:47 - [TEST_STEP][PASSED] - selectOptionByIndex: All options with index in [11] are selected on object 'Object Repository/Store Request Schedule 1/Page_Store/select_--Select--Schedule 1Inj'

2018-05-22 10:11:47 - [MESSAGE][PASSED] - All options with index in [11] are selected on object 'Object Repository/Store Request Schedule 1/Page_Store/select_--Select--Schedule 1Inj'

2018-05-22 10:11:47 - [TEST_STEP][PASSED] - delay: Delayed 1 second(s)

2018-05-22 10:11:48 - [MESSAGE][PASSED] - Delayed 1 second(s)

2018-05-22 10:11:48 - [TEST_STEP][PASSED] - selectOptionByIndex: All options with index in [75] are selected on object 'Object Repository/Store Request Schedule 1/Page_Store/select_--Select--Adernaline 0.'

2018-05-22 10:11:49 - [MESSAGE][PASSED] - All options with index in [75] are selected on object 'Object Repository/Store Request Schedule 1/Page_Store/select_--Select--Adernaline 0.'

2018-05-22 10:11:49 - [TEST_STEP][PASSED] - setText: Text '100' is set on object 'Object Repository/Store Request Schedule 1/Page_Store/input_txttreat'

2018-05-22 10:11:49 - [MESSAGE][PASSED] - Text '100' is set on object 'Object Repository/Store Request Schedule 1/Page_Store/input_txttreat'

2018-05-22 10:11:49 - [TEST_STEP][PASSED] - click: Object: 'Object Repository/Store Request Schedule 1/Page_Store/button_Add' is clicked on

2018-05-22 10:11:50 - [MESSAGE][PASSED] - Object: 'Object Repository/Store Request Schedule 1/Page_Store/button_Add' is clicked on

2018-05-22 10:11:50 - [TEST_STEP][PASSED] - selectOptionByIndex: All options with index in [11] are selected on object 'Object Repository/Store Request Schedule 1/Page_Store/select_--Select--Schedule 1Inj'

2018-05-22 10:11:50 - [MESSAGE][PASSED] - All options with index in [11] are selected on object 'Object Repository/Store Request Schedule 1/Page_Store/select_--Select--Schedule 1Inj'

2018-05-22 10:11:50 - [TEST_STEP][PASSED] - delay: Delayed 1 second(s)

2018-05-22 10:11:51 - [MESSAGE][PASSED] - Delayed 1 second(s)

2018-05-22 10:11:51 - [TEST_STEP][PASSED] - selectOptionByIndex: All options with index in [76] are selected on object 'Object Repository/Store Request Schedule 1/Page_Store/select_--Select--Adernaline 0.'

2018-05-22 10:11:52 - [MESSAGE][PASSED] - All options with index in [76] are selected on object 'Object Repository/Store Request Schedule 1/Page_Store/select_--Select--Adernaline 0.'

2018-05-22 10:11:52 - [TEST_STEP][PASSED] - setText: Text '100' is set on object 'Object Repository/Store Request Schedule 1/Page_Store/input_txttreat'

2018-05-22 10:11:52 - [MESSAGE][PASSED] - Text '100' is set on object 'Object Repository/Store Request Schedule 1/Page_Store/input_txttreat'

2018-05-22 10:11:52 - [TEST_STEP][PASSED] - click: Object: 'Object Repository/Store Request Schedule 1/Page_Store/button_Add' is clicked on

2018-05-22 10:11:57 - [MESSAGE][PASSED] - Object: 'Object Repository/Store Request Schedule 1/Page_Store/button_Add' is clicked on

2018-05-22 10:11:57 - [TEST_STEP][PASSED] - selectOptionByIndex: All options with index in [11] are selected on object 'Object Repository/Store Request Schedule 1/Page_Store/select_--Select--Schedule 1Inj'

2018-05-22 10:11:57 - [MESSAGE][PASSED] - All options with index in [11] are selected on object 'Object Repository/Store Request Schedule 1/Page_Store/select_--Select--Schedule 1Inj'

2018-05-22 10:11:57 - [TEST_STEP][PASSED] - delay: Delayed 1 second(s)

2018-05-22 10:11:58 - [MESSAGE][PASSED] - Delayed 1 second(s)

2018-05-22 10:11:58 - [TEST_STEP][PASSED] - selectOptionByIndex: All options with index in [77] are selected on object 'Object Repository/Store Request Schedule 1/Page_Store/select_--Select--Adernaline 0.'

2018-05-22 10:11:59 - [MESSAGE][PASSED] - All options with index in [77] are selected on object 'Object Repository/Store Request Schedule 1/Page_Store/select_--Select--Adernaline 0.'

2018-05-22 10:11:59 - [TEST_STEP][PASSED] - setText: Text '100' is set on object 'Object Repository/Store Request Schedule 1/Page_Store/input_txttreat'

2018-05-22 10:12:00 - [MESSAGE][PASSED] - Text '100' is set on object 'Object Repository/Store Request Schedule 1/Page_Store/input_txttreat'

2018-05-22 10:12:00 - [TEST_STEP][PASSED] - click: Object: 'Object Repository/Store Request Schedule 1/Page_Store/button_Add' is clicked on

2018-05-22 10:12:05 - [MESSAGE][PASSED] - Object: 'Object Repository/Store Request Schedule 1/Page_Store/button_Add' is clicked on

2018-05-22 10:12:05 - [TEST_STEP][PASSED] - selectOptionByIndex: All options with index in [11] are selected on object 'Object Repository/Store Request Schedule 1/Page_Store/select_--Select--Schedule 1Inj'

2018-05-22 10:12:05 - [MESSAGE][PASSED] - All options with index in [11] are selected on object 'Object Repository/Store Request Schedule 1/Page_Store/select_--Select--Schedule 1Inj'

2018-05-22 10:12:05 - [TEST_STEP][PASSED] - delay: Delayed 1 second(s)

2018-05-22 10:12:06 - [MESSAGE][PASSED] - Delayed 1 second(s)

2018-05-22 10:12:06 - [TEST_STEP][PASSED] - selectOptionByIndex: All options with index in [78] are selected on object 'Object Repository/Store Request Schedule 1/Page_Store/select_--Select--Adernaline 0.'

2018-05-22 10:12:07 - [MESSAGE][PASSED] - All options with index in [78] are selected on object 'Object Repository/Store Request Schedule 1/Page_Store/select_--Select--Adernaline 0.'

2018-05-22 10:12:07 - [TEST_STEP][PASSED] - setText: Text '100' is set on object 'Object Repository/Store Request Schedule 1/Page_Store/input_txttreat'

2018-05-22 10:12:07 - [MESSAGE][PASSED] - Text '100' is set on object 'Object Repository/Store Request Schedule 1/Page_Store/input_txttreat'

2018-05-22 10:12:07 - [TEST_STEP][PASSED] - click: Object: 'Object Repository/Store Request Schedule 1/Page_Store/button_Add' is clicked on

2018-05-22 10:12:12 - [MESSAGE][PASSED] - Object: 'Object Repository/Store Request Schedule 1/Page_Store/button_Add' is clicked on

2018-05-22 10:12:12 - [TEST_STEP][PASSED] - selectOptionByIndex: All options with index in [11] are selected on object 'Object Repository/Store Request Schedule 1/Page_Store/select_--Select--Schedule 1Inj'

2018-05-22 10:12:13 - [MESSAGE][PASSED] - All options with index in [11] are selected on object 'Object Repository/Store Request Schedule 1/Page_Store/select_--Select--Schedule 1Inj'

2018-05-22 10:12:13 - [TEST_STEP][PASSED] - delay: Delayed 1 second(s)

2018-05-22 10:12:14 - [MESSAGE][PASSED] - Delayed 1 second(s)

2018-05-22 10:12:14 - [TEST_STEP][PASSED] - selectOptionByIndex: All options with index in [79] are selected on object 'Object Repository/Store Request Schedule 1/Page_Store/select_--Select--Adernaline 0.'

2018-05-22 10:12:15 - [MESSAGE][PASSED] - All options with index in [79] are selected on object 'Object Repository/Store Request Schedule 1/Page_Store/select_--Select--Adernaline 0.'

2018-05-22 10:12:15 - [TEST_STEP][PASSED] - setText: Text '100' is set on object 'Object Repository/Store Request Schedule 1/Page_Store/input_txttreat'

2018-05-22 10:12:15 - [MESSAGE][PASSED] - Text '100' is set on object 'Object Repository/Store Request Schedule 1/Page_Store/input_txttreat'

2018-05-22 10:12:15 - [TEST_STEP][PASSED] - click: Object: 'Object Repository/Store Request Schedule 1/Page_Store/button_Add' is clicked on

2018-05-22 10:12:20 - [MESSAGE][PASSED] - Object: 'Object Repository/Store Request Schedule 1/Page_Store/button_Add' is clicked on

2018-05-22 10:12:20 - [TEST_STEP][PASSED] - selectOptionByIndex: All options with index in [11] are selected on object 'Object Repository/Store Request Schedule 1/Page_Store/select_--Select--Schedule 1Inj'

2018-05-22 10:12:20 - [MESSAGE][PASSED] - All options with index in [11] are selected on object 'Object Repository/Store Request Schedule 1/Page_Store/select_--Select--Schedule 1Inj'

2018-05-22 10:12:20 - [TEST_STEP][PASSED] - delay: Delayed 1 second(s)

2018-05-22 10:12:21 - [MESSAGE][PASSED] - Delayed 1 second(s)

2018-05-22 10:12:21 - [TEST_STEP][PASSED] - selectOptionByIndex: All options with index in [80] are selected on object 'Object Repository/Store Request Schedule 1/Page_Store/select_--Select--Adernaline 0.'

2018-05-22 10:12:22 - [MESSAGE][PASSED] - All options with index in [80] are selected on object 'Object Repository/Store Request Schedule 1/Page_Store/select_--Select--Adernaline 0.'

2018-05-22 10:12:22 - [TEST_STEP][PASSED] - setText: Text '100' is set on object 'Object Repository/Store Request Schedule 1/Page_Store/input_txttreat'

2018-05-22 10:12:22 - [MESSAGE][PASSED] - Text '100' is set on object 'Object Repository/Store Request Schedule 1/Page_Store/input_txttreat'

2018-05-22 10:12:22 - [TEST_STEP][PASSED] - click: Object: 'Object Repository/Store Request Schedule 1/Page_Store/button_Add' is clicked on

2018-05-22 10:12:27 - [MESSAGE][PASSED] - Object: 'Object Repository/Store Request Schedule 1/Page_Store/button_Add' is clicked on

2018-05-22 10:12:27 - [TEST_STEP][PASSED] - delay: Delayed 2 second(s)

2018-05-22 10:12:29 - [MESSAGE][PASSED] - Delayed 2 second(s)

2018-05-22 10:12:29 - [TEST_STEP][PASSED] - scrollToElement: Scroll to object 'Object Repository/Store Request Schedule 1/Page_Store/input_btnsave' successfully

2018-05-22 10:12:29 - [MESSAGE][PASSED] - Scroll to object 'Object Repository/Store Request Schedule 1/Page_Store/input_btnsave' successfully

2018-05-22 10:12:29 - [TEST_STEP][PASSED] - click: Object: 'Object Repository/Store Request Schedule 1/Page_Store/input_btnsave' is clicked on

2018-05-22 10:12:34 - [MESSAGE][PASSED] - Object: 'Object Repository/Store Request Schedule 1/Page_Store/input_btnsave' is clicked on

2018-05-22 10:12:34 - [TEST_STEP][PASSED] - delay: Delayed 4 second(s)

2018-05-22 10:12:38 - [MESSAGE][PASSED] - Delayed 4 second(s)

2018-05-22 10:12:38 - [TEST_STEP][PASSED] - Statement - Cms_RequestNumber = com.kms.katalon.core.webui.keyword.WebUiBuiltInKeywords.getText(com.kms.katalon.core.testobject.ObjectRepository.findTestObject(Store Request Schedule 1/Page_Store/font_PRNO050520189)): Text of object 'Object Repository/Store Request Schedule 1/Page_Store/font_PRNO050520189' is: ''

2018-05-22 10:12:38 - [MESSAGE][PASSED] - Text of object 'Object Repository/Store Request Schedule 1/Page_Store/font_PRNO050520189' is: ''

2018-05-22 10:12:38 - [TEST_STEP][PASSED] - Statement - CR = Cms_RequestNumber.trim(): null

2018-05-22 10:12:38 - [TEST_STEP][PASSED] - Statement - out.println("RQ :" + Cms_RequestNumber): null

2018-05-22 10:12:38 - [TEST_STEP][PASSED] - Statement - RequestNumberID = Cms_RequestNumber.split("/")[2].trim(): null]]></system-out>
         <system-err><![CDATA[2018-05-21 20:59:50 - [TEST_CASE][ERROR] - Test Cases/STORE TO CMS REQUEST TEST CASES/TC_STCMS_011 To Verify Schedule 11 Store To CMS Request Are Working Successfully Or Not: Test Cases/STORE TO CMS REQUEST TEST CASES/TC_STCMS_011 To Verify Schedule 11 Store To CMS Request Are Working Successfully Or Not FAILED because (of) java.lang.ArrayIndexOutOfBoundsException: 2]]></system-err>
      </testcase>
      <testcase name="Test Cases/STORE TO CMS REQUEST TEST CASES/TC_STCMS_012 To Verify Schedule 12 Store To CMS Request Are Working Successfully Or Not" classname="Test Cases/STORE TO CMS REQUEST TEST CASES/TC_STCMS_012 To Verify Schedule 12 Store To CMS Request Are Working Successfully Or Not" status="FAILED">
         <failure type="FAILED" message="Unable to get text of object 'Object Repository/Store Request Schedule 1/Page_Store/font_PRNO050520189' (Root cause: com.kms.katalon.core.webui.exception.WebElementNotFoundException: Web element with id: 'Object Repository/Store Request Schedule 1/Page_Store/font_PRNO050520189' located by 'By.xpath: /html[1]/body[@class=&quot;skin-blue  pace-done modal-open&quot;]/div[@class=&quot;bootbox modal fade bootbox-alert in&quot;]/div[@class=&quot;modal-dialog&quot;]/div[@class=&quot;modal-content&quot;]/div[@class=&quot;modal-body&quot;]/div[@class=&quot;bootbox-body&quot;]/b[1]/font[1]' not found)"/>
         <system-out><![CDATA[2018-05-22 10:12:38 - [TEST_CASE][FAILED] - Test Cases/STORE TO CMS REQUEST TEST CASES/TC_STCMS_012 To Verify Schedule 12 Store To CMS Request Are Working Successfully Or Not: Test Cases/STORE TO CMS REQUEST TEST CASES/TC_STCMS_012 To Verify Schedule 12 Store To CMS Request Are Working Successfully Or Not FAILED because (of) Unable to get text of object 'Object Repository/Store Request Schedule 1/Page_Store/font_PRNO050520189' (Root cause: com.kms.katalon.core.webui.exception.WebElementNotFoundException: Web element with id: 'Object Repository/Store Request Schedule 1/Page_Store/font_PRNO050520189' located by 'By.xpath: /html[1]/body[@class="skin-blue  pace-done modal-open"]/div[@class="bootbox modal fade bootbox-alert in"]/div[@class="modal-dialog"]/div[@class="modal-content"]/div[@class="modal-body"]/div[@class="bootbox-body"]/b[1]/font[1]' not found)

2018-05-22 10:12:39 - [TEST_STEP][PASSED] - openBrowser: Browser is opened with url: ''

2018-05-22 10:12:39 - [MESSAGE][WARNING] - A browser is already opened. Closing browser and opening a new one

2018-05-22 10:12:41 - [MESSAGE][PASSED] - Browser is opened with url: ''

2018-05-22 10:12:41 - [TEST_STEP][PASSED] - Statement - out.println("Verify Schedule 1 STORE Request Are Working Successfully Or Not"): null

2018-05-22 10:12:41 - [TEST_STEP][PASSED] - navigateToUrl: Navigate to 'http://192.168.137.1/multihospital_new/' successfully

2018-05-22 10:12:46 - [MESSAGE][PASSED] - Navigate to 'http://192.168.137.1/multihospital_new/' successfully

2018-05-22 10:12:46 - [TEST_STEP][PASSED] - maximizeWindow: Current window maximized

2018-05-22 10:12:47 - [MESSAGE][PASSED] - Current window maximized

2018-05-22 10:12:47 - [TEST_STEP][PASSED] - click: Object: 'Object Repository/Store Request Schedule 1/Page_KDMC/a_Divisional Store' is clicked on

2018-05-22 10:12:48 - [MESSAGE][PASSED] - Object: 'Object Repository/Store Request Schedule 1/Page_KDMC/a_Divisional Store' is clicked on

2018-05-22 10:12:48 - [TEST_STEP][PASSED] - setText: Text 'ragu' is set on object 'Object Repository/Store Request Schedule 1/Page_Divisonal Store Login/input_txtusername'

2018-05-22 10:12:48 - [MESSAGE][PASSED] - Text 'ragu' is set on object 'Object Repository/Store Request Schedule 1/Page_Divisonal Store Login/input_txtusername'

2018-05-22 10:12:48 - [TEST_STEP][PASSED] - setText: Text '123' is set on object 'Object Repository/Store Request Schedule 1/Page_Divisonal Store Login/input_txtpassword'

2018-05-22 10:12:48 - [MESSAGE][PASSED] - Text '123' is set on object 'Object Repository/Store Request Schedule 1/Page_Divisonal Store Login/input_txtpassword'

2018-05-22 10:12:48 - [TEST_STEP][PASSED] - delay: Delayed 3 second(s)

2018-05-22 10:12:51 - [MESSAGE][PASSED] - Delayed 3 second(s)

2018-05-22 10:12:51 - [TEST_STEP][PASSED] - click: Object: 'Object Repository/Store Request Schedule 1/Page_Divisonal Store Login/button_Sign in' is clicked on

2018-05-22 10:12:57 - [MESSAGE][PASSED] - Object: 'Object Repository/Store Request Schedule 1/Page_Divisonal Store Login/button_Sign in' is clicked on

2018-05-22 10:12:57 - [TEST_STEP][PASSED] - delay: Delayed 3 second(s)

2018-05-22 10:13:00 - [MESSAGE][PASSED] - Delayed 3 second(s)

2018-05-22 10:13:00 - [TEST_STEP][PASSED] - click: Object: 'Object Repository/Store Request Schedule 1/Page_Store/a_CMS' is clicked on

2018-05-22 10:13:06 - [MESSAGE][PASSED] - Object: 'Object Repository/Store Request Schedule 1/Page_Store/a_CMS' is clicked on

2018-05-22 10:13:06 - [TEST_STEP][PASSED] - delay: Delayed 2 second(s)

2018-05-22 10:13:08 - [MESSAGE][PASSED] - Delayed 2 second(s)

2018-05-22 10:13:08 - [TEST_STEP][PASSED] - click: Object: 'Object Repository/Store Request Schedule 1/Page_Store/a_Request Send' is clicked on

2018-05-22 10:13:13 - [MESSAGE][PASSED] - Object: 'Object Repository/Store Request Schedule 1/Page_Store/a_Request Send' is clicked on

2018-05-22 10:13:13 - [TEST_STEP][PASSED] - selectOptionByIndex: All options with index in [1] are selected on object 'Object Repository/Store Request Schedule 1/Page_Store/select_--Select--'

2018-05-22 10:13:14 - [MESSAGE][PASSED] - All options with index in [1] are selected on object 'Object Repository/Store Request Schedule 1/Page_Store/select_--Select--'

2018-05-22 10:13:14 - [TEST_STEP][PASSED] - selectOptionByIndex: All options with index in [12] are selected on object 'Object Repository/Store Request Schedule 1/Page_Store/select_--Select--Schedule 1Inj'

2018-05-22 10:13:14 - [MESSAGE][PASSED] - All options with index in [12] are selected on object 'Object Repository/Store Request Schedule 1/Page_Store/select_--Select--Schedule 1Inj'

2018-05-22 10:13:14 - [TEST_STEP][PASSED] - Statement - SelectedOptions = com.kms.katalon.core.webui.keyword.WebUiBuiltInKeywords.getNumberOfTotalOption(com.kms.katalon.core.testobject.ObjectRepository.findTestObject(Store Request Schedule 1/Page_Store/select_--Select--Adernaline 0.)): 19 options of object 'Object Repository/Store Request Schedule 1/Page_Store/select_--Select--Adernaline 0.' counted

2018-05-22 10:13:14 - [MESSAGE][PASSED] - 19 options of object 'Object Repository/Store Request Schedule 1/Page_Store/select_--Select--Adernaline 0.' counted

2018-05-22 10:13:14 - [TEST_STEP][PASSED] - Statement - For ([y = 1, y < SelectedOptions, (y++)]): Object: 'Object Repository/Store Request Schedule 1/Page_Store/button_Add' is clicked on

2018-05-22 10:13:14 - [TEST_STEP][PASSED] - selectOptionByIndex: All options with index in [12] are selected on object 'Object Repository/Store Request Schedule 1/Page_Store/select_--Select--Schedule 1Inj'

2018-05-22 10:13:14 - [MESSAGE][PASSED] - All options with index in [12] are selected on object 'Object Repository/Store Request Schedule 1/Page_Store/select_--Select--Schedule 1Inj'

2018-05-22 10:13:14 - [TEST_STEP][PASSED] - delay: Delayed 1 second(s)

2018-05-22 10:13:15 - [MESSAGE][PASSED] - Delayed 1 second(s)

2018-05-22 10:13:15 - [TEST_STEP][PASSED] - selectOptionByIndex: All options with index in [1] are selected on object 'Object Repository/Store Request Schedule 1/Page_Store/select_--Select--Adernaline 0.'

2018-05-22 10:13:15 - [MESSAGE][PASSED] - All options with index in [1] are selected on object 'Object Repository/Store Request Schedule 1/Page_Store/select_--Select--Adernaline 0.'

2018-05-22 10:13:15 - [TEST_STEP][PASSED] - setText: Text '100' is set on object 'Object Repository/Store Request Schedule 1/Page_Store/input_txttreat'

2018-05-22 10:13:15 - [MESSAGE][PASSED] - Text '100' is set on object 'Object Repository/Store Request Schedule 1/Page_Store/input_txttreat'

2018-05-22 10:13:15 - [TEST_STEP][PASSED] - click: Object: 'Object Repository/Store Request Schedule 1/Page_Store/button_Add' is clicked on

2018-05-22 10:13:21 - [MESSAGE][PASSED] - Object: 'Object Repository/Store Request Schedule 1/Page_Store/button_Add' is clicked on

2018-05-22 10:13:21 - [TEST_STEP][PASSED] - selectOptionByIndex: All options with index in [12] are selected on object 'Object Repository/Store Request Schedule 1/Page_Store/select_--Select--Schedule 1Inj'

2018-05-22 10:13:21 - [MESSAGE][PASSED] - All options with index in [12] are selected on object 'Object Repository/Store Request Schedule 1/Page_Store/select_--Select--Schedule 1Inj'

2018-05-22 10:13:21 - [TEST_STEP][PASSED] - delay: Delayed 1 second(s)

2018-05-22 10:13:22 - [MESSAGE][PASSED] - Delayed 1 second(s)

2018-05-22 10:13:22 - [TEST_STEP][PASSED] - selectOptionByIndex: All options with index in [2] are selected on object 'Object Repository/Store Request Schedule 1/Page_Store/select_--Select--Adernaline 0.'

2018-05-22 10:13:22 - [MESSAGE][PASSED] - All options with index in [2] are selected on object 'Object Repository/Store Request Schedule 1/Page_Store/select_--Select--Adernaline 0.'

2018-05-22 10:13:22 - [TEST_STEP][PASSED] - setText: Text '100' is set on object 'Object Repository/Store Request Schedule 1/Page_Store/input_txttreat'

2018-05-22 10:13:22 - [MESSAGE][PASSED] - Text '100' is set on object 'Object Repository/Store Request Schedule 1/Page_Store/input_txttreat'

2018-05-22 10:13:22 - [TEST_STEP][PASSED] - click: Object: 'Object Repository/Store Request Schedule 1/Page_Store/button_Add' is clicked on

2018-05-22 10:13:27 - [MESSAGE][PASSED] - Object: 'Object Repository/Store Request Schedule 1/Page_Store/button_Add' is clicked on

2018-05-22 10:13:27 - [TEST_STEP][PASSED] - selectOptionByIndex: All options with index in [12] are selected on object 'Object Repository/Store Request Schedule 1/Page_Store/select_--Select--Schedule 1Inj'

2018-05-22 10:13:27 - [MESSAGE][PASSED] - All options with index in [12] are selected on object 'Object Repository/Store Request Schedule 1/Page_Store/select_--Select--Schedule 1Inj'

2018-05-22 10:13:27 - [TEST_STEP][PASSED] - delay: Delayed 1 second(s)

2018-05-22 10:13:28 - [MESSAGE][PASSED] - Delayed 1 second(s)

2018-05-22 10:13:28 - [TEST_STEP][PASSED] - selectOptionByIndex: All options with index in [3] are selected on object 'Object Repository/Store Request Schedule 1/Page_Store/select_--Select--Adernaline 0.'

2018-05-22 10:13:29 - [MESSAGE][PASSED] - All options with index in [3] are selected on object 'Object Repository/Store Request Schedule 1/Page_Store/select_--Select--Adernaline 0.'

2018-05-22 10:13:29 - [TEST_STEP][PASSED] - setText: Text '100' is set on object 'Object Repository/Store Request Schedule 1/Page_Store/input_txttreat'

2018-05-22 10:13:29 - [MESSAGE][PASSED] - Text '100' is set on object 'Object Repository/Store Request Schedule 1/Page_Store/input_txttreat'

2018-05-22 10:13:29 - [TEST_STEP][PASSED] - click: Object: 'Object Repository/Store Request Schedule 1/Page_Store/button_Add' is clicked on

2018-05-22 10:13:34 - [MESSAGE][PASSED] - Object: 'Object Repository/Store Request Schedule 1/Page_Store/button_Add' is clicked on

2018-05-22 10:13:34 - [TEST_STEP][PASSED] - selectOptionByIndex: All options with index in [12] are selected on object 'Object Repository/Store Request Schedule 1/Page_Store/select_--Select--Schedule 1Inj'

2018-05-22 10:13:34 - [MESSAGE][PASSED] - All options with index in [12] are selected on object 'Object Repository/Store Request Schedule 1/Page_Store/select_--Select--Schedule 1Inj'

2018-05-22 10:13:34 - [TEST_STEP][PASSED] - delay: Delayed 1 second(s)

2018-05-22 10:13:35 - [MESSAGE][PASSED] - Delayed 1 second(s)

2018-05-22 10:13:35 - [TEST_STEP][PASSED] - selectOptionByIndex: All options with index in [4] are selected on object 'Object Repository/Store Request Schedule 1/Page_Store/select_--Select--Adernaline 0.'

2018-05-22 10:13:35 - [MESSAGE][PASSED] - All options with index in [4] are selected on object 'Object Repository/Store Request Schedule 1/Page_Store/select_--Select--Adernaline 0.'

2018-05-22 10:13:35 - [TEST_STEP][PASSED] - setText: Text '100' is set on object 'Object Repository/Store Request Schedule 1/Page_Store/input_txttreat'

2018-05-22 10:13:36 - [MESSAGE][PASSED] - Text '100' is set on object 'Object Repository/Store Request Schedule 1/Page_Store/input_txttreat'

2018-05-22 10:13:36 - [TEST_STEP][PASSED] - click: Object: 'Object Repository/Store Request Schedule 1/Page_Store/button_Add' is clicked on

2018-05-22 10:13:41 - [MESSAGE][PASSED] - Object: 'Object Repository/Store Request Schedule 1/Page_Store/button_Add' is clicked on

2018-05-22 10:13:41 - [TEST_STEP][PASSED] - selectOptionByIndex: All options with index in [12] are selected on object 'Object Repository/Store Request Schedule 1/Page_Store/select_--Select--Schedule 1Inj'

2018-05-22 10:13:41 - [MESSAGE][PASSED] - All options with index in [12] are selected on object 'Object Repository/Store Request Schedule 1/Page_Store/select_--Select--Schedule 1Inj'

2018-05-22 10:13:41 - [TEST_STEP][PASSED] - delay: Delayed 1 second(s)

2018-05-22 10:13:42 - [MESSAGE][PASSED] - Delayed 1 second(s)

2018-05-22 10:13:42 - [TEST_STEP][PASSED] - selectOptionByIndex: All options with index in [5] are selected on object 'Object Repository/Store Request Schedule 1/Page_Store/select_--Select--Adernaline 0.'

2018-05-22 10:13:42 - [MESSAGE][PASSED] - All options with index in [5] are selected on object 'Object Repository/Store Request Schedule 1/Page_Store/select_--Select--Adernaline 0.'

2018-05-22 10:13:42 - [TEST_STEP][PASSED] - setText: Text '100' is set on object 'Object Repository/Store Request Schedule 1/Page_Store/input_txttreat'

2018-05-22 10:13:42 - [MESSAGE][PASSED] - Text '100' is set on object 'Object Repository/Store Request Schedule 1/Page_Store/input_txttreat'

2018-05-22 10:13:42 - [TEST_STEP][PASSED] - click: Object: 'Object Repository/Store Request Schedule 1/Page_Store/button_Add' is clicked on

2018-05-22 10:13:47 - [MESSAGE][PASSED] - Object: 'Object Repository/Store Request Schedule 1/Page_Store/button_Add' is clicked on

2018-05-22 10:13:47 - [TEST_STEP][PASSED] - selectOptionByIndex: All options with index in [12] are selected on object 'Object Repository/Store Request Schedule 1/Page_Store/select_--Select--Schedule 1Inj'

2018-05-22 10:13:48 - [MESSAGE][PASSED] - All options with index in [12] are selected on object 'Object Repository/Store Request Schedule 1/Page_Store/select_--Select--Schedule 1Inj'

2018-05-22 10:13:48 - [TEST_STEP][PASSED] - delay: Delayed 1 second(s)

2018-05-22 10:13:49 - [MESSAGE][PASSED] - Delayed 1 second(s)

2018-05-22 10:13:49 - [TEST_STEP][PASSED] - selectOptionByIndex: All options with index in [6] are selected on object 'Object Repository/Store Request Schedule 1/Page_Store/select_--Select--Adernaline 0.'

2018-05-22 10:13:49 - [MESSAGE][PASSED] - All options with index in [6] are selected on object 'Object Repository/Store Request Schedule 1/Page_Store/select_--Select--Adernaline 0.'

2018-05-22 10:13:49 - [TEST_STEP][PASSED] - setText: Text '100' is set on object 'Object Repository/Store Request Schedule 1/Page_Store/input_txttreat'

2018-05-22 10:13:49 - [MESSAGE][PASSED] - Text '100' is set on object 'Object Repository/Store Request Schedule 1/Page_Store/input_txttreat'

2018-05-22 10:13:49 - [TEST_STEP][PASSED] - click: Object: 'Object Repository/Store Request Schedule 1/Page_Store/button_Add' is clicked on

2018-05-22 10:13:54 - [MESSAGE][PASSED] - Object: 'Object Repository/Store Request Schedule 1/Page_Store/button_Add' is clicked on

2018-05-22 10:13:54 - [TEST_STEP][PASSED] - selectOptionByIndex: All options with index in [12] are selected on object 'Object Repository/Store Request Schedule 1/Page_Store/select_--Select--Schedule 1Inj'

2018-05-22 10:13:54 - [MESSAGE][PASSED] - All options with index in [12] are selected on object 'Object Repository/Store Request Schedule 1/Page_Store/select_--Select--Schedule 1Inj'

2018-05-22 10:13:54 - [TEST_STEP][PASSED] - delay: Delayed 1 second(s)

2018-05-22 10:13:55 - [MESSAGE][PASSED] - Delayed 1 second(s)

2018-05-22 10:13:55 - [TEST_STEP][PASSED] - selectOptionByIndex: All options with index in [7] are selected on object 'Object Repository/Store Request Schedule 1/Page_Store/select_--Select--Adernaline 0.'

2018-05-22 10:13:56 - [MESSAGE][PASSED] - All options with index in [7] are selected on object 'Object Repository/Store Request Schedule 1/Page_Store/select_--Select--Adernaline 0.'

2018-05-22 10:13:56 - [TEST_STEP][PASSED] - setText: Text '100' is set on object 'Object Repository/Store Request Schedule 1/Page_Store/input_txttreat'

2018-05-22 10:13:56 - [MESSAGE][PASSED] - Text '100' is set on object 'Object Repository/Store Request Schedule 1/Page_Store/input_txttreat'

2018-05-22 10:13:56 - [TEST_STEP][PASSED] - click: Object: 'Object Repository/Store Request Schedule 1/Page_Store/button_Add' is clicked on

2018-05-22 10:14:01 - [MESSAGE][PASSED] - Object: 'Object Repository/Store Request Schedule 1/Page_Store/button_Add' is clicked on

2018-05-22 10:14:01 - [TEST_STEP][PASSED] - selectOptionByIndex: All options with index in [12] are selected on object 'Object Repository/Store Request Schedule 1/Page_Store/select_--Select--Schedule 1Inj'

2018-05-22 10:14:01 - [MESSAGE][PASSED] - All options with index in [12] are selected on object 'Object Repository/Store Request Schedule 1/Page_Store/select_--Select--Schedule 1Inj'

2018-05-22 10:14:01 - [TEST_STEP][PASSED] - delay: Delayed 1 second(s)

2018-05-22 10:14:02 - [MESSAGE][PASSED] - Delayed 1 second(s)

2018-05-22 10:14:02 - [TEST_STEP][PASSED] - selectOptionByIndex: All options with index in [8] are selected on object 'Object Repository/Store Request Schedule 1/Page_Store/select_--Select--Adernaline 0.'

2018-05-22 10:14:02 - [MESSAGE][PASSED] - All options with index in [8] are selected on object 'Object Repository/Store Request Schedule 1/Page_Store/select_--Select--Adernaline 0.'

2018-05-22 10:14:02 - [TEST_STEP][PASSED] - setText: Text '100' is set on object 'Object Repository/Store Request Schedule 1/Page_Store/input_txttreat'

2018-05-22 10:14:02 - [MESSAGE][PASSED] - Text '100' is set on object 'Object Repository/Store Request Schedule 1/Page_Store/input_txttreat'

2018-05-22 10:14:02 - [TEST_STEP][PASSED] - click: Object: 'Object Repository/Store Request Schedule 1/Page_Store/button_Add' is clicked on

2018-05-22 10:14:07 - [MESSAGE][PASSED] - Object: 'Object Repository/Store Request Schedule 1/Page_Store/button_Add' is clicked on

2018-05-22 10:14:07 - [TEST_STEP][PASSED] - selectOptionByIndex: All options with index in [12] are selected on object 'Object Repository/Store Request Schedule 1/Page_Store/select_--Select--Schedule 1Inj'

2018-05-22 10:14:08 - [MESSAGE][PASSED] - All options with index in [12] are selected on object 'Object Repository/Store Request Schedule 1/Page_Store/select_--Select--Schedule 1Inj'

2018-05-22 10:14:08 - [TEST_STEP][PASSED] - delay: Delayed 1 second(s)

2018-05-22 10:14:09 - [MESSAGE][PASSED] - Delayed 1 second(s)

2018-05-22 10:14:09 - [TEST_STEP][PASSED] - selectOptionByIndex: All options with index in [9] are selected on object 'Object Repository/Store Request Schedule 1/Page_Store/select_--Select--Adernaline 0.'

2018-05-22 10:14:09 - [MESSAGE][PASSED] - All options with index in [9] are selected on object 'Object Repository/Store Request Schedule 1/Page_Store/select_--Select--Adernaline 0.'

2018-05-22 10:14:09 - [TEST_STEP][PASSED] - setText: Text '100' is set on object 'Object Repository/Store Request Schedule 1/Page_Store/input_txttreat'

2018-05-22 10:14:09 - [MESSAGE][PASSED] - Text '100' is set on object 'Object Repository/Store Request Schedule 1/Page_Store/input_txttreat'

2018-05-22 10:14:09 - [TEST_STEP][PASSED] - click: Object: 'Object Repository/Store Request Schedule 1/Page_Store/button_Add' is clicked on

2018-05-22 10:14:14 - [MESSAGE][PASSED] - Object: 'Object Repository/Store Request Schedule 1/Page_Store/button_Add' is clicked on

2018-05-22 10:14:14 - [TEST_STEP][PASSED] - selectOptionByIndex: All options with index in [12] are selected on object 'Object Repository/Store Request Schedule 1/Page_Store/select_--Select--Schedule 1Inj'

2018-05-22 10:14:14 - [MESSAGE][PASSED] - All options with index in [12] are selected on object 'Object Repository/Store Request Schedule 1/Page_Store/select_--Select--Schedule 1Inj'

2018-05-22 10:14:14 - [TEST_STEP][PASSED] - delay: Delayed 1 second(s)

2018-05-22 10:14:15 - [MESSAGE][PASSED] - Delayed 1 second(s)

2018-05-22 10:14:15 - [TEST_STEP][PASSED] - selectOptionByIndex: All options with index in [10] are selected on object 'Object Repository/Store Request Schedule 1/Page_Store/select_--Select--Adernaline 0.'

2018-05-22 10:14:16 - [MESSAGE][PASSED] - All options with index in [10] are selected on object 'Object Repository/Store Request Schedule 1/Page_Store/select_--Select--Adernaline 0.'

2018-05-22 10:14:16 - [TEST_STEP][PASSED] - setText: Text '100' is set on object 'Object Repository/Store Request Schedule 1/Page_Store/input_txttreat'

2018-05-22 10:14:16 - [MESSAGE][PASSED] - Text '100' is set on object 'Object Repository/Store Request Schedule 1/Page_Store/input_txttreat'

2018-05-22 10:14:16 - [TEST_STEP][PASSED] - click: Object: 'Object Repository/Store Request Schedule 1/Page_Store/button_Add' is clicked on

2018-05-22 10:14:21 - [MESSAGE][PASSED] - Object: 'Object Repository/Store Request Schedule 1/Page_Store/button_Add' is clicked on

2018-05-22 10:14:21 - [TEST_STEP][PASSED] - selectOptionByIndex: All options with index in [12] are selected on object 'Object Repository/Store Request Schedule 1/Page_Store/select_--Select--Schedule 1Inj'

2018-05-22 10:14:21 - [MESSAGE][PASSED] - All options with index in [12] are selected on object 'Object Repository/Store Request Schedule 1/Page_Store/select_--Select--Schedule 1Inj'

2018-05-22 10:14:21 - [TEST_STEP][PASSED] - delay: Delayed 1 second(s)

2018-05-22 10:14:22 - [MESSAGE][PASSED] - Delayed 1 second(s)

2018-05-22 10:14:22 - [TEST_STEP][PASSED] - selectOptionByIndex: All options with index in [11] are selected on object 'Object Repository/Store Request Schedule 1/Page_Store/select_--Select--Adernaline 0.'

2018-05-22 10:14:22 - [MESSAGE][PASSED] - All options with index in [11] are selected on object 'Object Repository/Store Request Schedule 1/Page_Store/select_--Select--Adernaline 0.'

2018-05-22 10:14:22 - [TEST_STEP][PASSED] - setText: Text '100' is set on object 'Object Repository/Store Request Schedule 1/Page_Store/input_txttreat'

2018-05-22 10:14:23 - [MESSAGE][PASSED] - Text '100' is set on object 'Object Repository/Store Request Schedule 1/Page_Store/input_txttreat'

2018-05-22 10:14:23 - [TEST_STEP][PASSED] - click: Object: 'Object Repository/Store Request Schedule 1/Page_Store/button_Add' is clicked on

2018-05-22 10:14:28 - [MESSAGE][PASSED] - Object: 'Object Repository/Store Request Schedule 1/Page_Store/button_Add' is clicked on

2018-05-22 10:14:28 - [TEST_STEP][PASSED] - selectOptionByIndex: All options with index in [12] are selected on object 'Object Repository/Store Request Schedule 1/Page_Store/select_--Select--Schedule 1Inj'

2018-05-22 10:14:28 - [MESSAGE][PASSED] - All options with index in [12] are selected on object 'Object Repository/Store Request Schedule 1/Page_Store/select_--Select--Schedule 1Inj'

2018-05-22 10:14:28 - [TEST_STEP][PASSED] - delay: Delayed 1 second(s)

2018-05-22 10:14:29 - [MESSAGE][PASSED] - Delayed 1 second(s)

2018-05-22 10:14:29 - [TEST_STEP][PASSED] - selectOptionByIndex: All options with index in [12] are selected on object 'Object Repository/Store Request Schedule 1/Page_Store/select_--Select--Adernaline 0.'

2018-05-22 10:14:29 - [MESSAGE][PASSED] - All options with index in [12] are selected on object 'Object Repository/Store Request Schedule 1/Page_Store/select_--Select--Adernaline 0.'

2018-05-22 10:14:29 - [TEST_STEP][PASSED] - setText: Text '100' is set on object 'Object Repository/Store Request Schedule 1/Page_Store/input_txttreat'

2018-05-22 10:14:29 - [MESSAGE][PASSED] - Text '100' is set on object 'Object Repository/Store Request Schedule 1/Page_Store/input_txttreat'

2018-05-22 10:14:29 - [TEST_STEP][PASSED] - click: Object: 'Object Repository/Store Request Schedule 1/Page_Store/button_Add' is clicked on

2018-05-22 10:14:34 - [MESSAGE][PASSED] - Object: 'Object Repository/Store Request Schedule 1/Page_Store/button_Add' is clicked on

2018-05-22 10:14:34 - [TEST_STEP][PASSED] - selectOptionByIndex: All options with index in [12] are selected on object 'Object Repository/Store Request Schedule 1/Page_Store/select_--Select--Schedule 1Inj'

2018-05-22 10:14:35 - [MESSAGE][PASSED] - All options with index in [12] are selected on object 'Object Repository/Store Request Schedule 1/Page_Store/select_--Select--Schedule 1Inj'

2018-05-22 10:14:35 - [TEST_STEP][PASSED] - delay: Delayed 1 second(s)

2018-05-22 10:14:36 - [MESSAGE][PASSED] - Delayed 1 second(s)

2018-05-22 10:14:36 - [TEST_STEP][PASSED] - selectOptionByIndex: All options with index in [13] are selected on object 'Object Repository/Store Request Schedule 1/Page_Store/select_--Select--Adernaline 0.'

2018-05-22 10:14:36 - [MESSAGE][PASSED] - All options with index in [13] are selected on object 'Object Repository/Store Request Schedule 1/Page_Store/select_--Select--Adernaline 0.'

2018-05-22 10:14:36 - [TEST_STEP][PASSED] - setText: Text '100' is set on object 'Object Repository/Store Request Schedule 1/Page_Store/input_txttreat'

2018-05-22 10:14:36 - [MESSAGE][PASSED] - Text '100' is set on object 'Object Repository/Store Request Schedule 1/Page_Store/input_txttreat'

2018-05-22 10:14:36 - [TEST_STEP][PASSED] - click: Object: 'Object Repository/Store Request Schedule 1/Page_Store/button_Add' is clicked on

2018-05-22 10:14:41 - [MESSAGE][PASSED] - Object: 'Object Repository/Store Request Schedule 1/Page_Store/button_Add' is clicked on

2018-05-22 10:14:41 - [TEST_STEP][PASSED] - selectOptionByIndex: All options with index in [12] are selected on object 'Object Repository/Store Request Schedule 1/Page_Store/select_--Select--Schedule 1Inj'

2018-05-22 10:14:41 - [MESSAGE][PASSED] - All options with index in [12] are selected on object 'Object Repository/Store Request Schedule 1/Page_Store/select_--Select--Schedule 1Inj'

2018-05-22 10:14:41 - [TEST_STEP][PASSED] - delay: Delayed 1 second(s)

2018-05-22 10:14:42 - [MESSAGE][PASSED] - Delayed 1 second(s)

2018-05-22 10:14:42 - [TEST_STEP][PASSED] - selectOptionByIndex: All options with index in [14] are selected on object 'Object Repository/Store Request Schedule 1/Page_Store/select_--Select--Adernaline 0.'

2018-05-22 10:14:43 - [MESSAGE][PASSED] - All options with index in [14] are selected on object 'Object Repository/Store Request Schedule 1/Page_Store/select_--Select--Adernaline 0.'

2018-05-22 10:14:43 - [TEST_STEP][PASSED] - setText: Text '100' is set on object 'Object Repository/Store Request Schedule 1/Page_Store/input_txttreat'

2018-05-22 10:14:43 - [MESSAGE][PASSED] - Text '100' is set on object 'Object Repository/Store Request Schedule 1/Page_Store/input_txttreat'

2018-05-22 10:14:43 - [TEST_STEP][PASSED] - click: Object: 'Object Repository/Store Request Schedule 1/Page_Store/button_Add' is clicked on

2018-05-22 10:14:48 - [MESSAGE][PASSED] - Object: 'Object Repository/Store Request Schedule 1/Page_Store/button_Add' is clicked on

2018-05-22 10:14:48 - [TEST_STEP][PASSED] - selectOptionByIndex: All options with index in [12] are selected on object 'Object Repository/Store Request Schedule 1/Page_Store/select_--Select--Schedule 1Inj'

2018-05-22 10:14:48 - [MESSAGE][PASSED] - All options with index in [12] are selected on object 'Object Repository/Store Request Schedule 1/Page_Store/select_--Select--Schedule 1Inj'

2018-05-22 10:14:48 - [TEST_STEP][PASSED] - delay: Delayed 1 second(s)

2018-05-22 10:14:49 - [MESSAGE][PASSED] - Delayed 1 second(s)

2018-05-22 10:14:49 - [TEST_STEP][PASSED] - selectOptionByIndex: All options with index in [15] are selected on object 'Object Repository/Store Request Schedule 1/Page_Store/select_--Select--Adernaline 0.'

2018-05-22 10:14:49 - [MESSAGE][PASSED] - All options with index in [15] are selected on object 'Object Repository/Store Request Schedule 1/Page_Store/select_--Select--Adernaline 0.'

2018-05-22 10:14:49 - [TEST_STEP][PASSED] - setText: Text '100' is set on object 'Object Repository/Store Request Schedule 1/Page_Store/input_txttreat'

2018-05-22 10:14:49 - [MESSAGE][PASSED] - Text '100' is set on object 'Object Repository/Store Request Schedule 1/Page_Store/input_txttreat'

2018-05-22 10:14:49 - [TEST_STEP][PASSED] - click: Object: 'Object Repository/Store Request Schedule 1/Page_Store/button_Add' is clicked on

2018-05-22 10:14:54 - [MESSAGE][PASSED] - Object: 'Object Repository/Store Request Schedule 1/Page_Store/button_Add' is clicked on

2018-05-22 10:14:54 - [TEST_STEP][PASSED] - selectOptionByIndex: All options with index in [12] are selected on object 'Object Repository/Store Request Schedule 1/Page_Store/select_--Select--Schedule 1Inj'

2018-05-22 10:14:55 - [MESSAGE][PASSED] - All options with index in [12] are selected on object 'Object Repository/Store Request Schedule 1/Page_Store/select_--Select--Schedule 1Inj'

2018-05-22 10:14:55 - [TEST_STEP][PASSED] - delay: Delayed 1 second(s)

2018-05-22 10:14:56 - [MESSAGE][PASSED] - Delayed 1 second(s)

2018-05-22 10:14:56 - [TEST_STEP][PASSED] - selectOptionByIndex: All options with index in [16] are selected on object 'Object Repository/Store Request Schedule 1/Page_Store/select_--Select--Adernaline 0.'

2018-05-22 10:14:56 - [MESSAGE][PASSED] - All options with index in [16] are selected on object 'Object Repository/Store Request Schedule 1/Page_Store/select_--Select--Adernaline 0.'

2018-05-22 10:14:56 - [TEST_STEP][PASSED] - setText: Text '100' is set on object 'Object Repository/Store Request Schedule 1/Page_Store/input_txttreat'

2018-05-22 10:14:56 - [MESSAGE][PASSED] - Text '100' is set on object 'Object Repository/Store Request Schedule 1/Page_Store/input_txttreat'

2018-05-22 10:14:56 - [TEST_STEP][PASSED] - click: Object: 'Object Repository/Store Request Schedule 1/Page_Store/button_Add' is clicked on

2018-05-22 10:15:01 - [MESSAGE][PASSED] - Object: 'Object Repository/Store Request Schedule 1/Page_Store/button_Add' is clicked on

2018-05-22 10:15:01 - [TEST_STEP][PASSED] - selectOptionByIndex: All options with index in [12] are selected on object 'Object Repository/Store Request Schedule 1/Page_Store/select_--Select--Schedule 1Inj'

2018-05-22 10:15:01 - [MESSAGE][PASSED] - All options with index in [12] are selected on object 'Object Repository/Store Request Schedule 1/Page_Store/select_--Select--Schedule 1Inj'

2018-05-22 10:15:01 - [TEST_STEP][PASSED] - delay: Delayed 1 second(s)

2018-05-22 10:15:02 - [MESSAGE][PASSED] - Delayed 1 second(s)

2018-05-22 10:15:02 - [TEST_STEP][PASSED] - selectOptionByIndex: All options with index in [17] are selected on object 'Object Repository/Store Request Schedule 1/Page_Store/select_--Select--Adernaline 0.'

2018-05-22 10:15:03 - [MESSAGE][PASSED] - All options with index in [17] are selected on object 'Object Repository/Store Request Schedule 1/Page_Store/select_--Select--Adernaline 0.'

2018-05-22 10:15:03 - [TEST_STEP][PASSED] - setText: Text '100' is set on object 'Object Repository/Store Request Schedule 1/Page_Store/input_txttreat'

2018-05-22 10:15:03 - [MESSAGE][PASSED] - Text '100' is set on object 'Object Repository/Store Request Schedule 1/Page_Store/input_txttreat'

2018-05-22 10:15:03 - [TEST_STEP][PASSED] - click: Object: 'Object Repository/Store Request Schedule 1/Page_Store/button_Add' is clicked on

2018-05-22 10:15:08 - [MESSAGE][PASSED] - Object: 'Object Repository/Store Request Schedule 1/Page_Store/button_Add' is clicked on

2018-05-22 10:15:08 - [TEST_STEP][PASSED] - selectOptionByIndex: All options with index in [12] are selected on object 'Object Repository/Store Request Schedule 1/Page_Store/select_--Select--Schedule 1Inj'

2018-05-22 10:15:08 - [MESSAGE][PASSED] - All options with index in [12] are selected on object 'Object Repository/Store Request Schedule 1/Page_Store/select_--Select--Schedule 1Inj'

2018-05-22 10:15:08 - [TEST_STEP][PASSED] - delay: Delayed 1 second(s)

2018-05-22 10:15:09 - [MESSAGE][PASSED] - Delayed 1 second(s)

2018-05-22 10:15:09 - [TEST_STEP][PASSED] - selectOptionByIndex: All options with index in [18] are selected on object 'Object Repository/Store Request Schedule 1/Page_Store/select_--Select--Adernaline 0.'

2018-05-22 10:15:09 - [MESSAGE][PASSED] - All options with index in [18] are selected on object 'Object Repository/Store Request Schedule 1/Page_Store/select_--Select--Adernaline 0.'

2018-05-22 10:15:09 - [TEST_STEP][PASSED] - setText: Text '100' is set on object 'Object Repository/Store Request Schedule 1/Page_Store/input_txttreat'

2018-05-22 10:15:09 - [MESSAGE][PASSED] - Text '100' is set on object 'Object Repository/Store Request Schedule 1/Page_Store/input_txttreat'

2018-05-22 10:15:09 - [TEST_STEP][PASSED] - click: Object: 'Object Repository/Store Request Schedule 1/Page_Store/button_Add' is clicked on

2018-05-22 10:15:14 - [MESSAGE][PASSED] - Object: 'Object Repository/Store Request Schedule 1/Page_Store/button_Add' is clicked on

2018-05-22 10:15:14 - [TEST_STEP][PASSED] - delay: Delayed 2 second(s)

2018-05-22 10:15:16 - [MESSAGE][PASSED] - Delayed 2 second(s)

2018-05-22 10:15:16 - [TEST_STEP][PASSED] - scrollToElement: Scroll to object 'Object Repository/Store Request Schedule 1/Page_Store/input_btnsave' successfully

2018-05-22 10:15:16 - [MESSAGE][PASSED] - Scroll to object 'Object Repository/Store Request Schedule 1/Page_Store/input_btnsave' successfully

2018-05-22 10:15:16 - [TEST_STEP][PASSED] - click: Object: 'Object Repository/Store Request Schedule 1/Page_Store/input_btnsave' is clicked on

2018-05-22 10:15:21 - [MESSAGE][PASSED] - Object: 'Object Repository/Store Request Schedule 1/Page_Store/input_btnsave' is clicked on

2018-05-22 10:15:21 - [TEST_STEP][PASSED] - delay: Delayed 4 second(s)

2018-05-22 10:15:25 - [MESSAGE][PASSED] - Delayed 4 second(s)

2018-05-22 10:15:25 - [TEST_STEP][FAILED] - Statement - Cms_RequestNumber = com.kms.katalon.core.webui.keyword.WebUiBuiltInKeywords.getText(com.kms.katalon.core.testobject.ObjectRepository.findTestObject(Store Request Schedule 1/Page_Store/font_PRNO050520189)): Unable to get text of object 'Object Repository/Store Request Schedule 1/Page_Store/font_PRNO050520189' (Root cause: com.kms.katalon.core.webui.exception.WebElementNotFoundException: Web element with id: 'Object Repository/Store Request Schedule 1/Page_Store/font_PRNO050520189' located by 'By.xpath: /html[1]/body[@class="skin-blue  pace-done modal-open"]/div[@class="bootbox modal fade bootbox-alert in"]/div[@class="modal-dialog"]/div[@class="modal-content"]/div[@class="modal-body"]/div[@class="bootbox-body"]/b[1]/font[1]' not found)

2018-05-22 10:15:57 - [MESSAGE][FAILED] - Unable to get text of object 'Object Repository/Store Request Schedule 1/Page_Store/font_PRNO050520189' (Root cause: com.kms.katalon.core.webui.exception.WebElementNotFoundException: Web element with id: 'Object Repository/Store Request Schedule 1/Page_Store/font_PRNO050520189' located by 'By.xpath: /html[1]/body[@class="skin-blue  pace-done modal-open"]/div[@class="bootbox modal fade bootbox-alert in"]/div[@class="modal-dialog"]/div[@class="modal-content"]/div[@class="modal-body"]/div[@class="bootbox-body"]/b[1]/font[1]' not found)
[[ATTACHMENT|C:\\Users\\Quality Analyst\\Katalon Studio\\ds\\Reports\\Store_Suit\\20180521_193958\\1526964356978.png]]]]></system-out>
         <system-err><![CDATA[2018-05-22 10:12:38 - [TEST_CASE][FAILED] - Test Cases/STORE TO CMS REQUEST TEST CASES/TC_STCMS_012 To Verify Schedule 12 Store To CMS Request Are Working Successfully Or Not: Test Cases/STORE TO CMS REQUEST TEST CASES/TC_STCMS_012 To Verify Schedule 12 Store To CMS Request Are Working Successfully Or Not FAILED because (of) Unable to get text of object 'Object Repository/Store Request Schedule 1/Page_Store/font_PRNO050520189' (Root cause: com.kms.katalon.core.webui.exception.WebElementNotFoundException: Web element with id: 'Object Repository/Store Request Schedule 1/Page_Store/font_PRNO050520189' located by 'By.xpath: /html[1]/body[@class="skin-blue  pace-done modal-open"]/div[@class="bootbox modal fade bootbox-alert in"]/div[@class="modal-dialog"]/div[@class="modal-content"]/div[@class="modal-body"]/div[@class="bootbox-body"]/b[1]/font[1]' not found)]]></system-err>
      </testcase>
      <system-out><![CDATA[2018-05-21 20:24:39 - [TEST_SUITE][ERROR] - Store_Suit: Test Cases/STORE TO CMS REQUEST TEST CASES/TC_STCMS_002 To Verify Schedule 2 Store To CMS Request Are Working Successfully Or Not FAILED because (of) java.lang.NumberFormatException: For input string: ""]]></system-out>
      <system-err><![CDATA[2018-05-21 20:24:39 - [TEST_SUITE][ERROR] - Store_Suit: Test Cases/STORE TO CMS REQUEST TEST CASES/TC_STCMS_002 To Verify Schedule 2 Store To CMS Request Are Working Successfully Or Not FAILED because (of) java.lang.NumberFormatException: For input string: ""]]></system-err>
   </testsuite>
</testsuites>
