<?xml version="1.0" encoding="UTF-8"?>
<testsuites name="Store_Suit" time="4013" tests="7" failures="4" errors="1">
   <testsuite name="Store_Suit" tests="7" failures="4" errors="1" time="4013" timestamp="2018-05-30 17:12:22" hostname="Quality Analyst - DESKTOP-BLFTK83" id="Test Suites/Store_Suit">
      <properties>
         <property name="deviceName" value=""/>
         <property name="devicePlatform" value=""/>
         <property name="logFolder" value="C:\\Users\\Quality Analyst\\Katalon Studio\\ds\\Reports\\Store_Suit\\20180530_171212"/>
         <property name="logFiles" value="C:\\Users\\Quality Analyst\\Katalon Studio\\ds\\Reports\\Store_Suit\\20180530_171212\\execution0.log, C:\\Users\\Quality Analyst\\Katalon Studio\\ds\\Reports\\Store_Suit\\20180530_171212\\execution1.log"/>
         <property name="attachments" value="C:\\Users\\Quality Analyst\\Katalon Studio\\ds\\Reports\\Store_Suit\\20180530_171212\\1527681049784.png, C:\\Users\\Quality Analyst\\Katalon Studio\\ds\\Reports\\Store_Suit\\20180530_171212\\1527684473493.png, C:\\Users\\Quality Analyst\\Katalon Studio\\ds\\Reports\\Store_Suit\\20180530_171212\\1527684554969.png"/>
         <property name="hostName" value="Quality Analyst - DESKTOP-BLFTK83"/>
         <property name="os" value="Windows 10 64bit"/>
         <property name="katalonVersion" value="5.4.1.1"/>
         <property name="browser" value="Chrome 66.0.3359.181"/>
         <property name="hostAddress" value="169.254.189.85"/>
         <property name="sessionId" value="7d1fcf5ccbeacd247eafef00551b3391"/>
         <property name="seleniumVersion" value="3.7.1"/>
         <property name="proxyInformation" value="ProxyInformation{proxyOption=NO_PROXY, proxyServerType=HTTP, password=, proxyServerAddress=, proxyServerPort=0}"/>
         <property name="platform" value="Windows 10"/>
      </properties>
      <testcase name="Test Cases/STORE TO CMS REQUEST TEST CASES/TC_STCMS_001 To Verify Schedule 1 Store To CMS Request Are Working Successfully Or Not" classname="Test Cases/STORE TO CMS REQUEST TEST CASES/TC_STCMS_001 To Verify Schedule 1 Store To CMS Request Are Working Successfully Or Not" status="FAILED">
         <failure type="FAILED" message="Unable to click on object 'Object Repository/Store Request Schedule 1/Page_Divisonal Store Login/button_Sign in' (Root cause: org.openqa.selenium.WebDriverException: unknown error: Element &lt;button type=&quot;submit&quot; id=&quot;btnSubmit&quot; style=&quot;color: #ffffff;&quot; class=&quot;btn bg-blue btn-block&quot;>...&lt;/button> is not clickable at point (791, 568). Other element would receive the click: &lt;div style=&quot;position: absolute; display: block; width: auto; height: auto; padding: 0px; margin: 0px; text-align: left; border: none; border-radius: 0px; z-index: 2147483646; font-size: 0px; left: 631.5px; top: 493px;&quot;>...&lt;/div>
  (Session info: chrome=66.0.3359.181)
  (Driver info: chromedriver=2.35.528161 (5b82f2d2aae0ca24b877009200ced9065a772e73),platform=Windows NT 10.0.17134 x86_64) (WARNING: The server did not provide any stacktrace information)
Command duration or timeout: 0 milliseconds
Build info: version: '3.7.1', revision: '8a0099a', time: '2017-11-06T21:07:36.161Z'
System info: host: 'DESKTOP-BLFTK83', ip: '169.254.189.85', os.name: 'Windows 10', os.arch: 'amd64', os.version: '10.0', java.version: '1.8.0_102'
Driver info: com.kms.katalon.selenium.driver.CChromeDriver
Capabilities {acceptInsecureCerts: false, acceptSslCerts: false, applicationCacheEnabled: false, browserConnectionEnabled: false, browserName: chrome, chrome: {chromedriverVersion: 2.35.528161 (5b82f2d2aae0ca..., userDataDir: C:\Users\QUALIT~1\AppData\L...}, cssSelectorsEnabled: true, databaseEnabled: false, handlesAlerts: true, hasTouchScreen: false, javascriptEnabled: true, locationContextEnabled: true, mobileEmulationEnabled: false, nativeEvents: true, networkConnectionEnabled: false, pageLoadStrategy: normal, platform: XP, platformName: XP, rotatable: false, setWindowRect: true, takesHeapSnapshot: true, takesScreenshot: true, unexpectedAlertBehaviour: , unhandledPromptBehavior: , version: 66.0.3359.181, webStorageEnabled: true}
Session ID: bc8f04bd89c53866641e1149df396258)"/>
         <system-out><![CDATA[2018-05-30 17:12:23 - [TEST_CASE][FAILED] - Test Cases/STORE TO CMS REQUEST TEST CASES/TC_STCMS_001 To Verify Schedule 1 Store To CMS Request Are Working Successfully Or Not: Test Cases/STORE TO CMS REQUEST TEST CASES/TC_STCMS_001 To Verify Schedule 1 Store To CMS Request Are Working Successfully Or Not FAILED because (of) Unable to click on object 'Object Repository/Store Request Schedule 1/Page_Divisonal Store Login/button_Sign in' (Root cause: org.openqa.selenium.WebDriverException: unknown error: Element <button type="submit" id="btnSubmit" style="color: #ffffff;" class="btn bg-blue btn-block">...</button> is not clickable at point (791, 568). Other element would receive the click: <div style="position: absolute; display: block; width: auto; height: auto; padding: 0px; margin: 0px; text-align: left; border: none; border-radius: 0px; z-index: 2147483646; font-size: 0px; left: 631.5px; top: 493px;">...</div>
  (Session info: chrome=66.0.3359.181)
  (Driver info: chromedriver=2.35.528161 (5b82f2d2aae0ca24b877009200ced9065a772e73),platform=Windows NT 10.0.17134 x86_64) (WARNING: The server did not provide any stacktrace information)
Command duration or timeout: 0 milliseconds
Build info: version: '3.7.1', revision: '8a0099a', time: '2017-11-06T21:07:36.161Z'
System info: host: 'DESKTOP-BLFTK83', ip: '169.254.189.85', os.name: 'Windows 10', os.arch: 'amd64', os.version: '10.0', java.version: '1.8.0_102'
Driver info: com.kms.katalon.selenium.driver.CChromeDriver
Capabilities {acceptInsecureCerts: false, acceptSslCerts: false, applicationCacheEnabled: false, browserConnectionEnabled: false, browserName: chrome, chrome: {chromedriverVersion: 2.35.528161 (5b82f2d2aae0ca..., userDataDir: C:\Users\QUALIT~1\AppData\L...}, cssSelectorsEnabled: true, databaseEnabled: false, handlesAlerts: true, hasTouchScreen: false, javascriptEnabled: true, locationContextEnabled: true, mobileEmulationEnabled: false, nativeEvents: true, networkConnectionEnabled: false, pageLoadStrategy: normal, platform: XP, platformName: XP, rotatable: false, setWindowRect: true, takesHeapSnapshot: true, takesScreenshot: true, unexpectedAlertBehaviour: , unhandledPromptBehavior: , version: 66.0.3359.181, webStorageEnabled: true}
Session ID: bc8f04bd89c53866641e1149df396258)

2018-05-30 17:12:23 - [TEST_STEP][PASSED] - openBrowser: Browser is opened with url: ''

2018-05-30 17:12:26 - [MESSAGE][PASSED] - Browser is opened with url: ''

2018-05-30 17:12:26 - [TEST_STEP][PASSED] - Statement - out.println("Verify Schedule 1 Store Request Are Working Successfully Or Not"): null

2018-05-30 17:12:26 - [TEST_STEP][PASSED] - navigateToUrl: Navigate to 'http://192.168.137.1/multihospital_new/' successfully

2018-05-30 17:12:28 - [MESSAGE][PASSED] - Navigate to 'http://192.168.137.1/multihospital_new/' successfully

2018-05-30 17:12:28 - [TEST_STEP][PASSED] - maximizeWindow: Current window maximized

2018-05-30 17:12:29 - [MESSAGE][PASSED] - Current window maximized

2018-05-30 17:12:29 - [TEST_STEP][PASSED] - click: Object: 'Object Repository/Store Request Schedule 1/Page_KDMC/a_Divisional Store' is clicked on

2018-05-30 17:12:31 - [MESSAGE][PASSED] - Object: 'Object Repository/Store Request Schedule 1/Page_KDMC/a_Divisional Store' is clicked on

2018-05-30 17:12:31 - [TEST_STEP][PASSED] - setText: Text 'ragu' is set on object 'Object Repository/Store Request Schedule 1/Page_Divisonal Store Login/input_txtusername'

2018-05-30 17:12:31 - [MESSAGE][PASSED] - Text 'ragu' is set on object 'Object Repository/Store Request Schedule 1/Page_Divisonal Store Login/input_txtusername'

2018-05-30 17:12:31 - [TEST_STEP][PASSED] - setText: Text '123' is set on object 'Object Repository/Store Request Schedule 1/Page_Divisonal Store Login/input_txtpassword'

2018-05-30 17:12:31 - [MESSAGE][PASSED] - Text '123' is set on object 'Object Repository/Store Request Schedule 1/Page_Divisonal Store Login/input_txtpassword'

2018-05-30 17:12:31 - [TEST_STEP][PASSED] - delay: Delayed 3 second(s)

2018-05-30 17:12:34 - [MESSAGE][PASSED] - Delayed 3 second(s)

2018-05-30 17:12:34 - [TEST_STEP][PASSED] - click: Object: 'Object Repository/Store Request Schedule 1/Page_Divisonal Store Login/button_Sign in' is clicked on

2018-05-30 17:12:36 - [MESSAGE][PASSED] - Object: 'Object Repository/Store Request Schedule 1/Page_Divisonal Store Login/button_Sign in' is clicked on

2018-05-30 17:12:36 - [TEST_STEP][PASSED] - delay: Delayed 3 second(s)

2018-05-30 17:12:39 - [MESSAGE][PASSED] - Delayed 3 second(s)

2018-05-30 17:12:39 - [TEST_STEP][PASSED] - click: Object: 'Object Repository/Store Request Schedule 1/Page_Store/a_CMS' is clicked on

2018-05-30 17:12:39 - [MESSAGE][PASSED] - Object: 'Object Repository/Store Request Schedule 1/Page_Store/a_CMS' is clicked on

2018-05-30 17:12:39 - [TEST_STEP][PASSED] - delay: Delayed 2 second(s)

2018-05-30 17:12:41 - [MESSAGE][PASSED] - Delayed 2 second(s)

2018-05-30 17:12:41 - [TEST_STEP][PASSED] - click: Object: 'Object Repository/Store Request Schedule 1/Page_Store/a_Request Send' is clicked on

2018-05-30 17:12:42 - [MESSAGE][PASSED] - Object: 'Object Repository/Store Request Schedule 1/Page_Store/a_Request Send' is clicked on

2018-05-30 17:12:42 - [TEST_STEP][PASSED] - selectOptionByIndex: All options with index in [1] are selected on object 'Object Repository/Store Request Schedule 1/Page_Store/select_--Select--'

2018-05-30 17:12:42 - [MESSAGE][PASSED] - All options with index in [1] are selected on object 'Object Repository/Store Request Schedule 1/Page_Store/select_--Select--'

2018-05-30 17:12:42 - [TEST_STEP][PASSED] - selectOptionByIndex: All options with index in [1] are selected on object 'Object Repository/Store Request Schedule 1/Page_Store/select_--Select--Schedule 1Inj'

2018-05-30 17:12:43 - [MESSAGE][PASSED] - All options with index in [1] are selected on object 'Object Repository/Store Request Schedule 1/Page_Store/select_--Select--Schedule 1Inj'

2018-05-30 17:12:43 - [TEST_STEP][PASSED] - Statement - SelectedOptions = com.kms.katalon.core.webui.keyword.WebUiBuiltInKeywords.getNumberOfTotalOption(com.kms.katalon.core.testobject.ObjectRepository.findTestObject(Store Request Schedule 1/Page_Store/select_--Select--Adernaline 0.)): 63 options of object 'Object Repository/Store Request Schedule 1/Page_Store/select_--Select--Adernaline 0.' counted

2018-05-30 17:12:43 - [MESSAGE][PASSED] - 63 options of object 'Object Repository/Store Request Schedule 1/Page_Store/select_--Select--Adernaline 0.' counted

2018-05-30 17:12:43 - [TEST_STEP][PASSED] - Statement - For ([y = 1, y < SelectedOptions, (y++)]): Object: 'Object Repository/Store Request Schedule 1/Page_Store/button_Add' is clicked on

2018-05-30 17:12:43 - [TEST_STEP][PASSED] - selectOptionByIndex: All options with index in [1] are selected on object 'Object Repository/Store Request Schedule 1/Page_Store/select_--Select--Schedule 1Inj'

2018-05-30 17:12:43 - [MESSAGE][PASSED] - All options with index in [1] are selected on object 'Object Repository/Store Request Schedule 1/Page_Store/select_--Select--Schedule 1Inj'

2018-05-30 17:12:43 - [TEST_STEP][PASSED] - delay: Delayed 1 second(s)

2018-05-30 17:12:44 - [MESSAGE][PASSED] - Delayed 1 second(s)

2018-05-30 17:12:44 - [TEST_STEP][PASSED] - selectOptionByIndex: All options with index in [1] are selected on object 'Object Repository/Store Request Schedule 1/Page_Store/select_--Select--Adernaline 0.'

2018-05-30 17:12:44 - [MESSAGE][PASSED] - All options with index in [1] are selected on object 'Object Repository/Store Request Schedule 1/Page_Store/select_--Select--Adernaline 0.'

2018-05-30 17:12:44 - [TEST_STEP][PASSED] - setText: Text '100' is set on object 'Object Repository/Store Request Schedule 1/Page_Store/input_txttreat'

2018-05-30 17:12:44 - [MESSAGE][PASSED] - Text '100' is set on object 'Object Repository/Store Request Schedule 1/Page_Store/input_txttreat'

2018-05-30 17:12:44 - [TEST_STEP][PASSED] - click: Object: 'Object Repository/Store Request Schedule 1/Page_Store/button_Add' is clicked on

2018-05-30 17:12:44 - [MESSAGE][PASSED] - Object: 'Object Repository/Store Request Schedule 1/Page_Store/button_Add' is clicked on

2018-05-30 17:12:44 - [TEST_STEP][PASSED] - selectOptionByIndex: All options with index in [1] are selected on object 'Object Repository/Store Request Schedule 1/Page_Store/select_--Select--Schedule 1Inj'

2018-05-30 17:12:44 - [MESSAGE][PASSED] - All options with index in [1] are selected on object 'Object Repository/Store Request Schedule 1/Page_Store/select_--Select--Schedule 1Inj'

2018-05-30 17:12:44 - [TEST_STEP][PASSED] - delay: Delayed 1 second(s)

2018-05-30 17:12:45 - [MESSAGE][PASSED] - Delayed 1 second(s)

2018-05-30 17:12:45 - [TEST_STEP][PASSED] - selectOptionByIndex: All options with index in [2] are selected on object 'Object Repository/Store Request Schedule 1/Page_Store/select_--Select--Adernaline 0.'

2018-05-30 17:12:46 - [MESSAGE][PASSED] - All options with index in [2] are selected on object 'Object Repository/Store Request Schedule 1/Page_Store/select_--Select--Adernaline 0.'

2018-05-30 17:12:46 - [TEST_STEP][PASSED] - setText: Text '100' is set on object 'Object Repository/Store Request Schedule 1/Page_Store/input_txttreat'

2018-05-30 17:12:46 - [MESSAGE][PASSED] - Text '100' is set on object 'Object Repository/Store Request Schedule 1/Page_Store/input_txttreat'

2018-05-30 17:12:46 - [TEST_STEP][PASSED] - click: Object: 'Object Repository/Store Request Schedule 1/Page_Store/button_Add' is clicked on

2018-05-30 17:12:46 - [MESSAGE][PASSED] - Object: 'Object Repository/Store Request Schedule 1/Page_Store/button_Add' is clicked on

2018-05-30 17:12:46 - [TEST_STEP][PASSED] - selectOptionByIndex: All options with index in [1] are selected on object 'Object Repository/Store Request Schedule 1/Page_Store/select_--Select--Schedule 1Inj'

2018-05-30 17:12:46 - [MESSAGE][PASSED] - All options with index in [1] are selected on object 'Object Repository/Store Request Schedule 1/Page_Store/select_--Select--Schedule 1Inj'

2018-05-30 17:12:46 - [TEST_STEP][PASSED] - delay: Delayed 1 second(s)

2018-05-30 17:12:47 - [MESSAGE][PASSED] - Delayed 1 second(s)

2018-05-30 17:12:47 - [TEST_STEP][PASSED] - selectOptionByIndex: All options with index in [3] are selected on object 'Object Repository/Store Request Schedule 1/Page_Store/select_--Select--Adernaline 0.'

2018-05-30 17:12:47 - [MESSAGE][PASSED] - All options with index in [3] are selected on object 'Object Repository/Store Request Schedule 1/Page_Store/select_--Select--Adernaline 0.'

2018-05-30 17:12:47 - [TEST_STEP][PASSED] - setText: Text '100' is set on object 'Object Repository/Store Request Schedule 1/Page_Store/input_txttreat'

2018-05-30 17:12:47 - [MESSAGE][PASSED] - Text '100' is set on object 'Object Repository/Store Request Schedule 1/Page_Store/input_txttreat'

2018-05-30 17:12:47 - [TEST_STEP][PASSED] - click: Object: 'Object Repository/Store Request Schedule 1/Page_Store/button_Add' is clicked on

2018-05-30 17:12:47 - [MESSAGE][PASSED] - Object: 'Object Repository/Store Request Schedule 1/Page_Store/button_Add' is clicked on

2018-05-30 17:12:47 - [TEST_STEP][PASSED] - selectOptionByIndex: All options with index in [1] are selected on object 'Object Repository/Store Request Schedule 1/Page_Store/select_--Select--Schedule 1Inj'

2018-05-30 17:12:47 - [MESSAGE][PASSED] - All options with index in [1] are selected on object 'Object Repository/Store Request Schedule 1/Page_Store/select_--Select--Schedule 1Inj'

2018-05-30 17:12:47 - [TEST_STEP][PASSED] - delay: Delayed 1 second(s)

2018-05-30 17:12:48 - [MESSAGE][PASSED] - Delayed 1 second(s)

2018-05-30 17:12:48 - [TEST_STEP][PASSED] - selectOptionByIndex: All options with index in [4] are selected on object 'Object Repository/Store Request Schedule 1/Page_Store/select_--Select--Adernaline 0.'

2018-05-30 17:12:48 - [MESSAGE][PASSED] - All options with index in [4] are selected on object 'Object Repository/Store Request Schedule 1/Page_Store/select_--Select--Adernaline 0.'

2018-05-30 17:12:48 - [TEST_STEP][PASSED] - setText: Text '100' is set on object 'Object Repository/Store Request Schedule 1/Page_Store/input_txttreat'

2018-05-30 17:12:49 - [MESSAGE][PASSED] - Text '100' is set on object 'Object Repository/Store Request Schedule 1/Page_Store/input_txttreat'

2018-05-30 17:12:49 - [TEST_STEP][PASSED] - click: Object: 'Object Repository/Store Request Schedule 1/Page_Store/button_Add' is clicked on

2018-05-30 17:12:49 - [MESSAGE][PASSED] - Object: 'Object Repository/Store Request Schedule 1/Page_Store/button_Add' is clicked on

2018-05-30 17:12:49 - [TEST_STEP][PASSED] - selectOptionByIndex: All options with index in [1] are selected on object 'Object Repository/Store Request Schedule 1/Page_Store/select_--Select--Schedule 1Inj'

2018-05-30 17:12:49 - [MESSAGE][PASSED] - All options with index in [1] are selected on object 'Object Repository/Store Request Schedule 1/Page_Store/select_--Select--Schedule 1Inj'

2018-05-30 17:12:49 - [TEST_STEP][PASSED] - delay: Delayed 1 second(s)

2018-05-30 17:12:50 - [MESSAGE][PASSED] - Delayed 1 second(s)

2018-05-30 17:12:50 - [TEST_STEP][PASSED] - selectOptionByIndex: All options with index in [5] are selected on object 'Object Repository/Store Request Schedule 1/Page_Store/select_--Select--Adernaline 0.'

2018-05-30 17:12:50 - [MESSAGE][PASSED] - All options with index in [5] are selected on object 'Object Repository/Store Request Schedule 1/Page_Store/select_--Select--Adernaline 0.'

2018-05-30 17:12:50 - [TEST_STEP][PASSED] - setText: Text '100' is set on object 'Object Repository/Store Request Schedule 1/Page_Store/input_txttreat'

2018-05-30 17:12:50 - [MESSAGE][PASSED] - Text '100' is set on object 'Object Repository/Store Request Schedule 1/Page_Store/input_txttreat'

2018-05-30 17:12:50 - [TEST_STEP][PASSED] - click: Object: 'Object Repository/Store Request Schedule 1/Page_Store/button_Add' is clicked on

2018-05-30 17:12:50 - [MESSAGE][PASSED] - Object: 'Object Repository/Store Request Schedule 1/Page_Store/button_Add' is clicked on

2018-05-30 17:12:50 - [TEST_STEP][PASSED] - selectOptionByIndex: All options with index in [1] are selected on object 'Object Repository/Store Request Schedule 1/Page_Store/select_--Select--Schedule 1Inj'

2018-05-30 17:12:50 - [MESSAGE][PASSED] - All options with index in [1] are selected on object 'Object Repository/Store Request Schedule 1/Page_Store/select_--Select--Schedule 1Inj'

2018-05-30 17:12:50 - [TEST_STEP][PASSED] - delay: Delayed 1 second(s)

2018-05-30 17:12:51 - [MESSAGE][PASSED] - Delayed 1 second(s)

2018-05-30 17:12:51 - [TEST_STEP][PASSED] - selectOptionByIndex: All options with index in [6] are selected on object 'Object Repository/Store Request Schedule 1/Page_Store/select_--Select--Adernaline 0.'

2018-05-30 17:12:51 - [MESSAGE][PASSED] - All options with index in [6] are selected on object 'Object Repository/Store Request Schedule 1/Page_Store/select_--Select--Adernaline 0.'

2018-05-30 17:12:51 - [TEST_STEP][PASSED] - setText: Text '100' is set on object 'Object Repository/Store Request Schedule 1/Page_Store/input_txttreat'

2018-05-30 17:12:52 - [MESSAGE][PASSED] - Text '100' is set on object 'Object Repository/Store Request Schedule 1/Page_Store/input_txttreat'

2018-05-30 17:12:52 - [TEST_STEP][PASSED] - click: Object: 'Object Repository/Store Request Schedule 1/Page_Store/button_Add' is clicked on

2018-05-30 17:12:52 - [MESSAGE][PASSED] - Object: 'Object Repository/Store Request Schedule 1/Page_Store/button_Add' is clicked on

2018-05-30 17:12:52 - [TEST_STEP][PASSED] - selectOptionByIndex: All options with index in [1] are selected on object 'Object Repository/Store Request Schedule 1/Page_Store/select_--Select--Schedule 1Inj'

2018-05-30 17:12:52 - [MESSAGE][PASSED] - All options with index in [1] are selected on object 'Object Repository/Store Request Schedule 1/Page_Store/select_--Select--Schedule 1Inj'

2018-05-30 17:12:52 - [TEST_STEP][PASSED] - delay: Delayed 1 second(s)

2018-05-30 17:12:53 - [MESSAGE][PASSED] - Delayed 1 second(s)

2018-05-30 17:12:53 - [TEST_STEP][PASSED] - selectOptionByIndex: All options with index in [7] are selected on object 'Object Repository/Store Request Schedule 1/Page_Store/select_--Select--Adernaline 0.'

2018-05-30 17:12:53 - [MESSAGE][PASSED] - All options with index in [7] are selected on object 'Object Repository/Store Request Schedule 1/Page_Store/select_--Select--Adernaline 0.'

2018-05-30 17:12:53 - [TEST_STEP][PASSED] - setText: Text '100' is set on object 'Object Repository/Store Request Schedule 1/Page_Store/input_txttreat'

2018-05-30 17:12:53 - [MESSAGE][PASSED] - Text '100' is set on object 'Object Repository/Store Request Schedule 1/Page_Store/input_txttreat'

2018-05-30 17:12:53 - [TEST_STEP][PASSED] - click: Object: 'Object Repository/Store Request Schedule 1/Page_Store/button_Add' is clicked on

2018-05-30 17:12:53 - [MESSAGE][PASSED] - Object: 'Object Repository/Store Request Schedule 1/Page_Store/button_Add' is clicked on

2018-05-30 17:12:53 - [TEST_STEP][PASSED] - selectOptionByIndex: All options with index in [1] are selected on object 'Object Repository/Store Request Schedule 1/Page_Store/select_--Select--Schedule 1Inj'

2018-05-30 17:12:53 - [MESSAGE][PASSED] - All options with index in [1] are selected on object 'Object Repository/Store Request Schedule 1/Page_Store/select_--Select--Schedule 1Inj'

2018-05-30 17:12:53 - [TEST_STEP][PASSED] - delay: Delayed 1 second(s)

2018-05-30 17:12:54 - [MESSAGE][PASSED] - Delayed 1 second(s)

2018-05-30 17:12:54 - [TEST_STEP][PASSED] - selectOptionByIndex: All options with index in [8] are selected on object 'Object Repository/Store Request Schedule 1/Page_Store/select_--Select--Adernaline 0.'

2018-05-30 17:12:54 - [MESSAGE][PASSED] - All options with index in [8] are selected on object 'Object Repository/Store Request Schedule 1/Page_Store/select_--Select--Adernaline 0.'

2018-05-30 17:12:54 - [TEST_STEP][PASSED] - setText: Text '100' is set on object 'Object Repository/Store Request Schedule 1/Page_Store/input_txttreat'

2018-05-30 17:12:55 - [MESSAGE][PASSED] - Text '100' is set on object 'Object Repository/Store Request Schedule 1/Page_Store/input_txttreat'

2018-05-30 17:12:55 - [TEST_STEP][PASSED] - click: Object: 'Object Repository/Store Request Schedule 1/Page_Store/button_Add' is clicked on

2018-05-30 17:12:55 - [MESSAGE][PASSED] - Object: 'Object Repository/Store Request Schedule 1/Page_Store/button_Add' is clicked on

2018-05-30 17:12:55 - [TEST_STEP][PASSED] - selectOptionByIndex: All options with index in [1] are selected on object 'Object Repository/Store Request Schedule 1/Page_Store/select_--Select--Schedule 1Inj'

2018-05-30 17:12:55 - [MESSAGE][PASSED] - All options with index in [1] are selected on object 'Object Repository/Store Request Schedule 1/Page_Store/select_--Select--Schedule 1Inj'

2018-05-30 17:12:55 - [TEST_STEP][PASSED] - delay: Delayed 1 second(s)

2018-05-30 17:12:56 - [MESSAGE][PASSED] - Delayed 1 second(s)

2018-05-30 17:12:56 - [TEST_STEP][PASSED] - selectOptionByIndex: All options with index in [9] are selected on object 'Object Repository/Store Request Schedule 1/Page_Store/select_--Select--Adernaline 0.'

2018-05-30 17:12:56 - [MESSAGE][PASSED] - All options with index in [9] are selected on object 'Object Repository/Store Request Schedule 1/Page_Store/select_--Select--Adernaline 0.'

2018-05-30 17:12:56 - [TEST_STEP][PASSED] - setText: Text '100' is set on object 'Object Repository/Store Request Schedule 1/Page_Store/input_txttreat'

2018-05-30 17:12:56 - [MESSAGE][PASSED] - Text '100' is set on object 'Object Repository/Store Request Schedule 1/Page_Store/input_txttreat'

2018-05-30 17:12:56 - [TEST_STEP][PASSED] - click: Object: 'Object Repository/Store Request Schedule 1/Page_Store/button_Add' is clicked on

2018-05-30 17:12:56 - [MESSAGE][PASSED] - Object: 'Object Repository/Store Request Schedule 1/Page_Store/button_Add' is clicked on

2018-05-30 17:12:56 - [TEST_STEP][PASSED] - selectOptionByIndex: All options with index in [1] are selected on object 'Object Repository/Store Request Schedule 1/Page_Store/select_--Select--Schedule 1Inj'

2018-05-30 17:12:56 - [MESSAGE][PASSED] - All options with index in [1] are selected on object 'Object Repository/Store Request Schedule 1/Page_Store/select_--Select--Schedule 1Inj'

2018-05-30 17:12:56 - [TEST_STEP][PASSED] - delay: Delayed 1 second(s)

2018-05-30 17:12:57 - [MESSAGE][PASSED] - Delayed 1 second(s)

2018-05-30 17:12:57 - [TEST_STEP][PASSED] - selectOptionByIndex: All options with index in [10] are selected on object 'Object Repository/Store Request Schedule 1/Page_Store/select_--Select--Adernaline 0.'

2018-05-30 17:12:57 - [MESSAGE][PASSED] - All options with index in [10] are selected on object 'Object Repository/Store Request Schedule 1/Page_Store/select_--Select--Adernaline 0.'

2018-05-30 17:12:57 - [TEST_STEP][PASSED] - setText: Text '100' is set on object 'Object Repository/Store Request Schedule 1/Page_Store/input_txttreat'

2018-05-30 17:12:58 - [MESSAGE][PASSED] - Text '100' is set on object 'Object Repository/Store Request Schedule 1/Page_Store/input_txttreat'

2018-05-30 17:12:58 - [TEST_STEP][PASSED] - click: Object: 'Object Repository/Store Request Schedule 1/Page_Store/button_Add' is clicked on

2018-05-30 17:12:58 - [MESSAGE][PASSED] - Object: 'Object Repository/Store Request Schedule 1/Page_Store/button_Add' is clicked on

2018-05-30 17:12:58 - [TEST_STEP][PASSED] - selectOptionByIndex: All options with index in [1] are selected on object 'Object Repository/Store Request Schedule 1/Page_Store/select_--Select--Schedule 1Inj'

2018-05-30 17:12:58 - [MESSAGE][PASSED] - All options with index in [1] are selected on object 'Object Repository/Store Request Schedule 1/Page_Store/select_--Select--Schedule 1Inj'

2018-05-30 17:12:58 - [TEST_STEP][PASSED] - delay: Delayed 1 second(s)

2018-05-30 17:12:59 - [MESSAGE][PASSED] - Delayed 1 second(s)

2018-05-30 17:12:59 - [TEST_STEP][PASSED] - selectOptionByIndex: All options with index in [11] are selected on object 'Object Repository/Store Request Schedule 1/Page_Store/select_--Select--Adernaline 0.'

2018-05-30 17:12:59 - [MESSAGE][PASSED] - All options with index in [11] are selected on object 'Object Repository/Store Request Schedule 1/Page_Store/select_--Select--Adernaline 0.'

2018-05-30 17:12:59 - [TEST_STEP][PASSED] - setText: Text '100' is set on object 'Object Repository/Store Request Schedule 1/Page_Store/input_txttreat'

2018-05-30 17:12:59 - [MESSAGE][PASSED] - Text '100' is set on object 'Object Repository/Store Request Schedule 1/Page_Store/input_txttreat'

2018-05-30 17:12:59 - [TEST_STEP][PASSED] - click: Object: 'Object Repository/Store Request Schedule 1/Page_Store/button_Add' is clicked on

2018-05-30 17:12:59 - [MESSAGE][PASSED] - Object: 'Object Repository/Store Request Schedule 1/Page_Store/button_Add' is clicked on

2018-05-30 17:12:59 - [TEST_STEP][PASSED] - selectOptionByIndex: All options with index in [1] are selected on object 'Object Repository/Store Request Schedule 1/Page_Store/select_--Select--Schedule 1Inj'

2018-05-30 17:12:59 - [MESSAGE][PASSED] - All options with index in [1] are selected on object 'Object Repository/Store Request Schedule 1/Page_Store/select_--Select--Schedule 1Inj'

2018-05-30 17:12:59 - [TEST_STEP][PASSED] - delay: Delayed 1 second(s)

2018-05-30 17:13:00 - [MESSAGE][PASSED] - Delayed 1 second(s)

2018-05-30 17:13:00 - [TEST_STEP][PASSED] - selectOptionByIndex: All options with index in [12] are selected on object 'Object Repository/Store Request Schedule 1/Page_Store/select_--Select--Adernaline 0.'

2018-05-30 17:13:01 - [MESSAGE][PASSED] - All options with index in [12] are selected on object 'Object Repository/Store Request Schedule 1/Page_Store/select_--Select--Adernaline 0.'

2018-05-30 17:13:01 - [TEST_STEP][PASSED] - setText: Text '100' is set on object 'Object Repository/Store Request Schedule 1/Page_Store/input_txttreat'

2018-05-30 17:13:01 - [MESSAGE][PASSED] - Text '100' is set on object 'Object Repository/Store Request Schedule 1/Page_Store/input_txttreat'

2018-05-30 17:13:01 - [TEST_STEP][PASSED] - click: Object: 'Object Repository/Store Request Schedule 1/Page_Store/button_Add' is clicked on

2018-05-30 17:13:01 - [MESSAGE][PASSED] - Object: 'Object Repository/Store Request Schedule 1/Page_Store/button_Add' is clicked on

2018-05-30 17:13:01 - [TEST_STEP][PASSED] - selectOptionByIndex: All options with index in [1] are selected on object 'Object Repository/Store Request Schedule 1/Page_Store/select_--Select--Schedule 1Inj'

2018-05-30 17:13:01 - [MESSAGE][PASSED] - All options with index in [1] are selected on object 'Object Repository/Store Request Schedule 1/Page_Store/select_--Select--Schedule 1Inj'

2018-05-30 17:13:01 - [TEST_STEP][PASSED] - delay: Delayed 1 second(s)

2018-05-30 17:13:02 - [MESSAGE][PASSED] - Delayed 1 second(s)

2018-05-30 17:13:02 - [TEST_STEP][PASSED] - selectOptionByIndex: All options with index in [13] are selected on object 'Object Repository/Store Request Schedule 1/Page_Store/select_--Select--Adernaline 0.'

2018-05-30 17:13:02 - [MESSAGE][PASSED] - All options with index in [13] are selected on object 'Object Repository/Store Request Schedule 1/Page_Store/select_--Select--Adernaline 0.'

2018-05-30 17:13:02 - [TEST_STEP][PASSED] - setText: Text '100' is set on object 'Object Repository/Store Request Schedule 1/Page_Store/input_txttreat'

2018-05-30 17:13:02 - [MESSAGE][PASSED] - Text '100' is set on object 'Object Repository/Store Request Schedule 1/Page_Store/input_txttreat'

2018-05-30 17:13:02 - [TEST_STEP][PASSED] - click: Object: 'Object Repository/Store Request Schedule 1/Page_Store/button_Add' is clicked on

2018-05-30 17:13:02 - [MESSAGE][PASSED] - Object: 'Object Repository/Store Request Schedule 1/Page_Store/button_Add' is clicked on

2018-05-30 17:13:02 - [TEST_STEP][PASSED] - selectOptionByIndex: All options with index in [1] are selected on object 'Object Repository/Store Request Schedule 1/Page_Store/select_--Select--Schedule 1Inj'

2018-05-30 17:13:02 - [MESSAGE][PASSED] - All options with index in [1] are selected on object 'Object Repository/Store Request Schedule 1/Page_Store/select_--Select--Schedule 1Inj'

2018-05-30 17:13:02 - [TEST_STEP][PASSED] - delay: Delayed 1 second(s)

2018-05-30 17:13:03 - [MESSAGE][PASSED] - Delayed 1 second(s)

2018-05-30 17:13:03 - [TEST_STEP][PASSED] - selectOptionByIndex: All options with index in [14] are selected on object 'Object Repository/Store Request Schedule 1/Page_Store/select_--Select--Adernaline 0.'

2018-05-30 17:13:04 - [MESSAGE][PASSED] - All options with index in [14] are selected on object 'Object Repository/Store Request Schedule 1/Page_Store/select_--Select--Adernaline 0.'

2018-05-30 17:13:04 - [TEST_STEP][PASSED] - setText: Text '100' is set on object 'Object Repository/Store Request Schedule 1/Page_Store/input_txttreat'

2018-05-30 17:13:04 - [MESSAGE][PASSED] - Text '100' is set on object 'Object Repository/Store Request Schedule 1/Page_Store/input_txttreat'

2018-05-30 17:13:04 - [TEST_STEP][PASSED] - click: Object: 'Object Repository/Store Request Schedule 1/Page_Store/button_Add' is clicked on

2018-05-30 17:13:04 - [MESSAGE][PASSED] - Object: 'Object Repository/Store Request Schedule 1/Page_Store/button_Add' is clicked on

2018-05-30 17:13:04 - [TEST_STEP][PASSED] - selectOptionByIndex: All options with index in [1] are selected on object 'Object Repository/Store Request Schedule 1/Page_Store/select_--Select--Schedule 1Inj'

2018-05-30 17:13:04 - [MESSAGE][PASSED] - All options with index in [1] are selected on object 'Object Repository/Store Request Schedule 1/Page_Store/select_--Select--Schedule 1Inj'

2018-05-30 17:13:04 - [TEST_STEP][PASSED] - delay: Delayed 1 second(s)

2018-05-30 17:13:05 - [MESSAGE][PASSED] - Delayed 1 second(s)

2018-05-30 17:13:05 - [TEST_STEP][PASSED] - selectOptionByIndex: All options with index in [15] are selected on object 'Object Repository/Store Request Schedule 1/Page_Store/select_--Select--Adernaline 0.'

2018-05-30 17:13:05 - [MESSAGE][PASSED] - All options with index in [15] are selected on object 'Object Repository/Store Request Schedule 1/Page_Store/select_--Select--Adernaline 0.'

2018-05-30 17:13:05 - [TEST_STEP][PASSED] - setText: Text '100' is set on object 'Object Repository/Store Request Schedule 1/Page_Store/input_txttreat'

2018-05-30 17:13:05 - [MESSAGE][PASSED] - Text '100' is set on object 'Object Repository/Store Request Schedule 1/Page_Store/input_txttreat'

2018-05-30 17:13:05 - [TEST_STEP][PASSED] - click: Object: 'Object Repository/Store Request Schedule 1/Page_Store/button_Add' is clicked on

2018-05-30 17:13:05 - [MESSAGE][PASSED] - Object: 'Object Repository/Store Request Schedule 1/Page_Store/button_Add' is clicked on

2018-05-30 17:13:05 - [TEST_STEP][PASSED] - selectOptionByIndex: All options with index in [1] are selected on object 'Object Repository/Store Request Schedule 1/Page_Store/select_--Select--Schedule 1Inj'

2018-05-30 17:13:06 - [MESSAGE][PASSED] - All options with index in [1] are selected on object 'Object Repository/Store Request Schedule 1/Page_Store/select_--Select--Schedule 1Inj'

2018-05-30 17:13:06 - [TEST_STEP][PASSED] - delay: Delayed 1 second(s)

2018-05-30 17:13:07 - [MESSAGE][PASSED] - Delayed 1 second(s)

2018-05-30 17:13:07 - [TEST_STEP][PASSED] - selectOptionByIndex: All options with index in [16] are selected on object 'Object Repository/Store Request Schedule 1/Page_Store/select_--Select--Adernaline 0.'

2018-05-30 17:13:07 - [MESSAGE][PASSED] - All options with index in [16] are selected on object 'Object Repository/Store Request Schedule 1/Page_Store/select_--Select--Adernaline 0.'

2018-05-30 17:13:07 - [TEST_STEP][PASSED] - setText: Text '100' is set on object 'Object Repository/Store Request Schedule 1/Page_Store/input_txttreat'

2018-05-30 17:13:07 - [MESSAGE][PASSED] - Text '100' is set on object 'Object Repository/Store Request Schedule 1/Page_Store/input_txttreat'

2018-05-30 17:13:07 - [TEST_STEP][PASSED] - click: Object: 'Object Repository/Store Request Schedule 1/Page_Store/button_Add' is clicked on

2018-05-30 17:13:07 - [MESSAGE][PASSED] - Object: 'Object Repository/Store Request Schedule 1/Page_Store/button_Add' is clicked on

2018-05-30 17:13:07 - [TEST_STEP][PASSED] - selectOptionByIndex: All options with index in [1] are selected on object 'Object Repository/Store Request Schedule 1/Page_Store/select_--Select--Schedule 1Inj'

2018-05-30 17:13:07 - [MESSAGE][PASSED] - All options with index in [1] are selected on object 'Object Repository/Store Request Schedule 1/Page_Store/select_--Select--Schedule 1Inj'

2018-05-30 17:13:07 - [TEST_STEP][PASSED] - delay: Delayed 1 second(s)

2018-05-30 17:13:08 - [MESSAGE][PASSED] - Delayed 1 second(s)

2018-05-30 17:13:08 - [TEST_STEP][PASSED] - selectOptionByIndex: All options with index in [17] are selected on object 'Object Repository/Store Request Schedule 1/Page_Store/select_--Select--Adernaline 0.'

2018-05-30 17:13:09 - [MESSAGE][PASSED] - All options with index in [17] are selected on object 'Object Repository/Store Request Schedule 1/Page_Store/select_--Select--Adernaline 0.'

2018-05-30 17:13:09 - [TEST_STEP][PASSED] - setText: Text '100' is set on object 'Object Repository/Store Request Schedule 1/Page_Store/input_txttreat'

2018-05-30 17:13:09 - [MESSAGE][PASSED] - Text '100' is set on object 'Object Repository/Store Request Schedule 1/Page_Store/input_txttreat'

2018-05-30 17:13:09 - [TEST_STEP][PASSED] - click: Object: 'Object Repository/Store Request Schedule 1/Page_Store/button_Add' is clicked on

2018-05-30 17:13:09 - [MESSAGE][PASSED] - Object: 'Object Repository/Store Request Schedule 1/Page_Store/button_Add' is clicked on

2018-05-30 17:13:09 - [TEST_STEP][PASSED] - selectOptionByIndex: All options with index in [1] are selected on object 'Object Repository/Store Request Schedule 1/Page_Store/select_--Select--Schedule 1Inj'

2018-05-30 17:13:09 - [MESSAGE][PASSED] - All options with index in [1] are selected on object 'Object Repository/Store Request Schedule 1/Page_Store/select_--Select--Schedule 1Inj'

2018-05-30 17:13:09 - [TEST_STEP][PASSED] - delay: Delayed 1 second(s)

2018-05-30 17:13:10 - [MESSAGE][PASSED] - Delayed 1 second(s)

2018-05-30 17:13:10 - [TEST_STEP][PASSED] - selectOptionByIndex: All options with index in [18] are selected on object 'Object Repository/Store Request Schedule 1/Page_Store/select_--Select--Adernaline 0.'

2018-05-30 17:13:10 - [MESSAGE][PASSED] - All options with index in [18] are selected on object 'Object Repository/Store Request Schedule 1/Page_Store/select_--Select--Adernaline 0.'

2018-05-30 17:13:10 - [TEST_STEP][PASSED] - setText: Text '100' is set on object 'Object Repository/Store Request Schedule 1/Page_Store/input_txttreat'

2018-05-30 17:13:10 - [MESSAGE][PASSED] - Text '100' is set on object 'Object Repository/Store Request Schedule 1/Page_Store/input_txttreat'

2018-05-30 17:13:10 - [TEST_STEP][PASSED] - click: Object: 'Object Repository/Store Request Schedule 1/Page_Store/button_Add' is clicked on

2018-05-30 17:13:10 - [MESSAGE][PASSED] - Object: 'Object Repository/Store Request Schedule 1/Page_Store/button_Add' is clicked on

2018-05-30 17:13:10 - [TEST_STEP][PASSED] - selectOptionByIndex: All options with index in [1] are selected on object 'Object Repository/Store Request Schedule 1/Page_Store/select_--Select--Schedule 1Inj'

2018-05-30 17:13:10 - [MESSAGE][PASSED] - All options with index in [1] are selected on object 'Object Repository/Store Request Schedule 1/Page_Store/select_--Select--Schedule 1Inj'

2018-05-30 17:13:10 - [TEST_STEP][PASSED] - delay: Delayed 1 second(s)

2018-05-30 17:13:11 - [MESSAGE][PASSED] - Delayed 1 second(s)

2018-05-30 17:13:11 - [TEST_STEP][PASSED] - selectOptionByIndex: All options with index in [19] are selected on object 'Object Repository/Store Request Schedule 1/Page_Store/select_--Select--Adernaline 0.'

2018-05-30 17:13:12 - [MESSAGE][PASSED] - All options with index in [19] are selected on object 'Object Repository/Store Request Schedule 1/Page_Store/select_--Select--Adernaline 0.'

2018-05-30 17:13:12 - [TEST_STEP][PASSED] - setText: Text '100' is set on object 'Object Repository/Store Request Schedule 1/Page_Store/input_txttreat'

2018-05-30 17:13:12 - [MESSAGE][PASSED] - Text '100' is set on object 'Object Repository/Store Request Schedule 1/Page_Store/input_txttreat'

2018-05-30 17:13:12 - [TEST_STEP][PASSED] - click: Object: 'Object Repository/Store Request Schedule 1/Page_Store/button_Add' is clicked on

2018-05-30 17:13:12 - [MESSAGE][PASSED] - Object: 'Object Repository/Store Request Schedule 1/Page_Store/button_Add' is clicked on

2018-05-30 17:13:12 - [TEST_STEP][PASSED] - selectOptionByIndex: All options with index in [1] are selected on object 'Object Repository/Store Request Schedule 1/Page_Store/select_--Select--Schedule 1Inj'

2018-05-30 17:13:12 - [MESSAGE][PASSED] - All options with index in [1] are selected on object 'Object Repository/Store Request Schedule 1/Page_Store/select_--Select--Schedule 1Inj'

2018-05-30 17:13:12 - [TEST_STEP][PASSED] - delay: Delayed 1 second(s)

2018-05-30 17:13:13 - [MESSAGE][PASSED] - Delayed 1 second(s)

2018-05-30 17:13:13 - [TEST_STEP][PASSED] - selectOptionByIndex: All options with index in [20] are selected on object 'Object Repository/Store Request Schedule 1/Page_Store/select_--Select--Adernaline 0.'

2018-05-30 17:13:13 - [MESSAGE][PASSED] - All options with index in [20] are selected on object 'Object Repository/Store Request Schedule 1/Page_Store/select_--Select--Adernaline 0.'

2018-05-30 17:13:13 - [TEST_STEP][PASSED] - setText: Text '100' is set on object 'Object Repository/Store Request Schedule 1/Page_Store/input_txttreat'

2018-05-30 17:13:13 - [MESSAGE][PASSED] - Text '100' is set on object 'Object Repository/Store Request Schedule 1/Page_Store/input_txttreat'

2018-05-30 17:13:13 - [TEST_STEP][PASSED] - click: Object: 'Object Repository/Store Request Schedule 1/Page_Store/button_Add' is clicked on

2018-05-30 17:13:13 - [MESSAGE][PASSED] - Object: 'Object Repository/Store Request Schedule 1/Page_Store/button_Add' is clicked on

2018-05-30 17:13:13 - [TEST_STEP][PASSED] - selectOptionByIndex: All options with index in [1] are selected on object 'Object Repository/Store Request Schedule 1/Page_Store/select_--Select--Schedule 1Inj'

2018-05-30 17:13:14 - [MESSAGE][PASSED] - All options with index in [1] are selected on object 'Object Repository/Store Request Schedule 1/Page_Store/select_--Select--Schedule 1Inj'

2018-05-30 17:13:14 - [TEST_STEP][PASSED] - delay: Delayed 1 second(s)

2018-05-30 17:13:15 - [MESSAGE][PASSED] - Delayed 1 second(s)

2018-05-30 17:13:15 - [TEST_STEP][PASSED] - selectOptionByIndex: All options with index in [21] are selected on object 'Object Repository/Store Request Schedule 1/Page_Store/select_--Select--Adernaline 0.'

2018-05-30 17:13:15 - [MESSAGE][PASSED] - All options with index in [21] are selected on object 'Object Repository/Store Request Schedule 1/Page_Store/select_--Select--Adernaline 0.'

2018-05-30 17:13:15 - [TEST_STEP][PASSED] - setText: Text '100' is set on object 'Object Repository/Store Request Schedule 1/Page_Store/input_txttreat'

2018-05-30 17:13:15 - [MESSAGE][PASSED] - Text '100' is set on object 'Object Repository/Store Request Schedule 1/Page_Store/input_txttreat'

2018-05-30 17:13:15 - [TEST_STEP][PASSED] - click: Object: 'Object Repository/Store Request Schedule 1/Page_Store/button_Add' is clicked on

2018-05-30 17:13:15 - [MESSAGE][PASSED] - Object: 'Object Repository/Store Request Schedule 1/Page_Store/button_Add' is clicked on

2018-05-30 17:13:15 - [TEST_STEP][PASSED] - selectOptionByIndex: All options with index in [1] are selected on object 'Object Repository/Store Request Schedule 1/Page_Store/select_--Select--Schedule 1Inj'

2018-05-30 17:13:15 - [MESSAGE][PASSED] - All options with index in [1] are selected on object 'Object Repository/Store Request Schedule 1/Page_Store/select_--Select--Schedule 1Inj'

2018-05-30 17:13:15 - [TEST_STEP][PASSED] - delay: Delayed 1 second(s)

2018-05-30 17:13:16 - [MESSAGE][PASSED] - Delayed 1 second(s)

2018-05-30 17:13:16 - [TEST_STEP][PASSED] - selectOptionByIndex: All options with index in [22] are selected on object 'Object Repository/Store Request Schedule 1/Page_Store/select_--Select--Adernaline 0.'

2018-05-30 17:13:17 - [MESSAGE][PASSED] - All options with index in [22] are selected on object 'Object Repository/Store Request Schedule 1/Page_Store/select_--Select--Adernaline 0.'

2018-05-30 17:13:17 - [TEST_STEP][PASSED] - setText: Text '100' is set on object 'Object Repository/Store Request Schedule 1/Page_Store/input_txttreat'

2018-05-30 17:13:17 - [MESSAGE][PASSED] - Text '100' is set on object 'Object Repository/Store Request Schedule 1/Page_Store/input_txttreat'

2018-05-30 17:13:17 - [TEST_STEP][PASSED] - click: Object: 'Object Repository/Store Request Schedule 1/Page_Store/button_Add' is clicked on

2018-05-30 17:13:17 - [MESSAGE][PASSED] - Object: 'Object Repository/Store Request Schedule 1/Page_Store/button_Add' is clicked on

2018-05-30 17:13:17 - [TEST_STEP][PASSED] - selectOptionByIndex: All options with index in [1] are selected on object 'Object Repository/Store Request Schedule 1/Page_Store/select_--Select--Schedule 1Inj'

2018-05-30 17:13:17 - [MESSAGE][PASSED] - All options with index in [1] are selected on object 'Object Repository/Store Request Schedule 1/Page_Store/select_--Select--Schedule 1Inj'

2018-05-30 17:13:17 - [TEST_STEP][PASSED] - delay: Delayed 1 second(s)

2018-05-30 17:13:18 - [MESSAGE][PASSED] - Delayed 1 second(s)

2018-05-30 17:13:18 - [TEST_STEP][PASSED] - selectOptionByIndex: All options with index in [23] are selected on object 'Object Repository/Store Request Schedule 1/Page_Store/select_--Select--Adernaline 0.'

2018-05-30 17:13:18 - [MESSAGE][PASSED] - All options with index in [23] are selected on object 'Object Repository/Store Request Schedule 1/Page_Store/select_--Select--Adernaline 0.'

2018-05-30 17:13:18 - [TEST_STEP][PASSED] - setText: Text '100' is set on object 'Object Repository/Store Request Schedule 1/Page_Store/input_txttreat'

2018-05-30 17:13:18 - [MESSAGE][PASSED] - Text '100' is set on object 'Object Repository/Store Request Schedule 1/Page_Store/input_txttreat'

2018-05-30 17:13:18 - [TEST_STEP][PASSED] - click: Object: 'Object Repository/Store Request Schedule 1/Page_Store/button_Add' is clicked on

2018-05-30 17:13:18 - [MESSAGE][PASSED] - Object: 'Object Repository/Store Request Schedule 1/Page_Store/button_Add' is clicked on

2018-05-30 17:13:18 - [TEST_STEP][PASSED] - selectOptionByIndex: All options with index in [1] are selected on object 'Object Repository/Store Request Schedule 1/Page_Store/select_--Select--Schedule 1Inj'

2018-05-30 17:13:19 - [MESSAGE][PASSED] - All options with index in [1] are selected on object 'Object Repository/Store Request Schedule 1/Page_Store/select_--Select--Schedule 1Inj'

2018-05-30 17:13:19 - [TEST_STEP][PASSED] - delay: Delayed 1 second(s)

2018-05-30 17:13:20 - [MESSAGE][PASSED] - Delayed 1 second(s)

2018-05-30 17:13:20 - [TEST_STEP][PASSED] - selectOptionByIndex: All options with index in [24] are selected on object 'Object Repository/Store Request Schedule 1/Page_Store/select_--Select--Adernaline 0.'

2018-05-30 17:13:20 - [MESSAGE][PASSED] - All options with index in [24] are selected on object 'Object Repository/Store Request Schedule 1/Page_Store/select_--Select--Adernaline 0.'

2018-05-30 17:13:20 - [TEST_STEP][PASSED] - setText: Text '100' is set on object 'Object Repository/Store Request Schedule 1/Page_Store/input_txttreat'

2018-05-30 17:13:20 - [MESSAGE][PASSED] - Text '100' is set on object 'Object Repository/Store Request Schedule 1/Page_Store/input_txttreat'

2018-05-30 17:13:20 - [TEST_STEP][PASSED] - click: Object: 'Object Repository/Store Request Schedule 1/Page_Store/button_Add' is clicked on

2018-05-30 17:13:20 - [MESSAGE][PASSED] - Object: 'Object Repository/Store Request Schedule 1/Page_Store/button_Add' is clicked on

2018-05-30 17:13:20 - [TEST_STEP][PASSED] - selectOptionByIndex: All options with index in [1] are selected on object 'Object Repository/Store Request Schedule 1/Page_Store/select_--Select--Schedule 1Inj'

2018-05-30 17:13:20 - [MESSAGE][PASSED] - All options with index in [1] are selected on object 'Object Repository/Store Request Schedule 1/Page_Store/select_--Select--Schedule 1Inj'

2018-05-30 17:13:20 - [TEST_STEP][PASSED] - delay: Delayed 1 second(s)

2018-05-30 17:13:21 - [MESSAGE][PASSED] - Delayed 1 second(s)

2018-05-30 17:13:21 - [TEST_STEP][PASSED] - selectOptionByIndex: All options with index in [25] are selected on object 'Object Repository/Store Request Schedule 1/Page_Store/select_--Select--Adernaline 0.'

2018-05-30 17:13:22 - [MESSAGE][PASSED] - All options with index in [25] are selected on object 'Object Repository/Store Request Schedule 1/Page_Store/select_--Select--Adernaline 0.'

2018-05-30 17:13:22 - [TEST_STEP][PASSED] - setText: Text '100' is set on object 'Object Repository/Store Request Schedule 1/Page_Store/input_txttreat'

2018-05-30 17:13:22 - [MESSAGE][PASSED] - Text '100' is set on object 'Object Repository/Store Request Schedule 1/Page_Store/input_txttreat'

2018-05-30 17:13:22 - [TEST_STEP][PASSED] - click: Object: 'Object Repository/Store Request Schedule 1/Page_Store/button_Add' is clicked on

2018-05-30 17:13:22 - [MESSAGE][PASSED] - Object: 'Object Repository/Store Request Schedule 1/Page_Store/button_Add' is clicked on

2018-05-30 17:13:22 - [TEST_STEP][PASSED] - selectOptionByIndex: All options with index in [1] are selected on object 'Object Repository/Store Request Schedule 1/Page_Store/select_--Select--Schedule 1Inj'

2018-05-30 17:13:22 - [MESSAGE][PASSED] - All options with index in [1] are selected on object 'Object Repository/Store Request Schedule 1/Page_Store/select_--Select--Schedule 1Inj'

2018-05-30 17:13:22 - [TEST_STEP][PASSED] - delay: Delayed 1 second(s)

2018-05-30 17:13:23 - [MESSAGE][PASSED] - Delayed 1 second(s)

2018-05-30 17:13:23 - [TEST_STEP][PASSED] - selectOptionByIndex: All options with index in [26] are selected on object 'Object Repository/Store Request Schedule 1/Page_Store/select_--Select--Adernaline 0.'

2018-05-30 17:13:23 - [MESSAGE][PASSED] - All options with index in [26] are selected on object 'Object Repository/Store Request Schedule 1/Page_Store/select_--Select--Adernaline 0.'

2018-05-30 17:13:23 - [TEST_STEP][PASSED] - setText: Text '100' is set on object 'Object Repository/Store Request Schedule 1/Page_Store/input_txttreat'

2018-05-30 17:13:23 - [MESSAGE][PASSED] - Text '100' is set on object 'Object Repository/Store Request Schedule 1/Page_Store/input_txttreat'

2018-05-30 17:13:23 - [TEST_STEP][PASSED] - click: Object: 'Object Repository/Store Request Schedule 1/Page_Store/button_Add' is clicked on

2018-05-30 17:13:23 - [MESSAGE][PASSED] - Object: 'Object Repository/Store Request Schedule 1/Page_Store/button_Add' is clicked on

2018-05-30 17:13:23 - [TEST_STEP][PASSED] - selectOptionByIndex: All options with index in [1] are selected on object 'Object Repository/Store Request Schedule 1/Page_Store/select_--Select--Schedule 1Inj'

2018-05-30 17:13:24 - [MESSAGE][PASSED] - All options with index in [1] are selected on object 'Object Repository/Store Request Schedule 1/Page_Store/select_--Select--Schedule 1Inj'

2018-05-30 17:13:24 - [TEST_STEP][PASSED] - delay: Delayed 1 second(s)

2018-05-30 17:13:25 - [MESSAGE][PASSED] - Delayed 1 second(s)

2018-05-30 17:13:25 - [TEST_STEP][PASSED] - selectOptionByIndex: All options with index in [27] are selected on object 'Object Repository/Store Request Schedule 1/Page_Store/select_--Select--Adernaline 0.'

2018-05-30 17:13:25 - [MESSAGE][PASSED] - All options with index in [27] are selected on object 'Object Repository/Store Request Schedule 1/Page_Store/select_--Select--Adernaline 0.'

2018-05-30 17:13:25 - [TEST_STEP][PASSED] - setText: Text '100' is set on object 'Object Repository/Store Request Schedule 1/Page_Store/input_txttreat'

2018-05-30 17:13:25 - [MESSAGE][PASSED] - Text '100' is set on object 'Object Repository/Store Request Schedule 1/Page_Store/input_txttreat'

2018-05-30 17:13:25 - [TEST_STEP][PASSED] - click: Object: 'Object Repository/Store Request Schedule 1/Page_Store/button_Add' is clicked on

2018-05-30 17:13:25 - [MESSAGE][PASSED] - Object: 'Object Repository/Store Request Schedule 1/Page_Store/button_Add' is clicked on

2018-05-30 17:13:25 - [TEST_STEP][PASSED] - selectOptionByIndex: All options with index in [1] are selected on object 'Object Repository/Store Request Schedule 1/Page_Store/select_--Select--Schedule 1Inj'

2018-05-30 17:13:25 - [MESSAGE][PASSED] - All options with index in [1] are selected on object 'Object Repository/Store Request Schedule 1/Page_Store/select_--Select--Schedule 1Inj'

2018-05-30 17:13:25 - [TEST_STEP][PASSED] - delay: Delayed 1 second(s)

2018-05-30 17:13:26 - [MESSAGE][PASSED] - Delayed 1 second(s)

2018-05-30 17:13:26 - [TEST_STEP][PASSED] - selectOptionByIndex: All options with index in [28] are selected on object 'Object Repository/Store Request Schedule 1/Page_Store/select_--Select--Adernaline 0.'

2018-05-30 17:13:27 - [MESSAGE][PASSED] - All options with index in [28] are selected on object 'Object Repository/Store Request Schedule 1/Page_Store/select_--Select--Adernaline 0.'

2018-05-30 17:13:27 - [TEST_STEP][PASSED] - setText: Text '100' is set on object 'Object Repository/Store Request Schedule 1/Page_Store/input_txttreat'

2018-05-30 17:13:27 - [MESSAGE][PASSED] - Text '100' is set on object 'Object Repository/Store Request Schedule 1/Page_Store/input_txttreat'

2018-05-30 17:13:27 - [TEST_STEP][PASSED] - click: Object: 'Object Repository/Store Request Schedule 1/Page_Store/button_Add' is clicked on

2018-05-30 17:13:27 - [MESSAGE][PASSED] - Object: 'Object Repository/Store Request Schedule 1/Page_Store/button_Add' is clicked on

2018-05-30 17:13:27 - [TEST_STEP][PASSED] - selectOptionByIndex: All options with index in [1] are selected on object 'Object Repository/Store Request Schedule 1/Page_Store/select_--Select--Schedule 1Inj'

2018-05-30 17:13:27 - [MESSAGE][PASSED] - All options with index in [1] are selected on object 'Object Repository/Store Request Schedule 1/Page_Store/select_--Select--Schedule 1Inj'

2018-05-30 17:13:27 - [TEST_STEP][PASSED] - delay: Delayed 1 second(s)

2018-05-30 17:13:28 - [MESSAGE][PASSED] - Delayed 1 second(s)

2018-05-30 17:13:28 - [TEST_STEP][PASSED] - selectOptionByIndex: All options with index in [29] are selected on object 'Object Repository/Store Request Schedule 1/Page_Store/select_--Select--Adernaline 0.'

2018-05-30 17:13:28 - [MESSAGE][PASSED] - All options with index in [29] are selected on object 'Object Repository/Store Request Schedule 1/Page_Store/select_--Select--Adernaline 0.'

2018-05-30 17:13:28 - [TEST_STEP][PASSED] - setText: Text '100' is set on object 'Object Repository/Store Request Schedule 1/Page_Store/input_txttreat'

2018-05-30 17:13:29 - [MESSAGE][PASSED] - Text '100' is set on object 'Object Repository/Store Request Schedule 1/Page_Store/input_txttreat'

2018-05-30 17:13:29 - [TEST_STEP][PASSED] - click: Object: 'Object Repository/Store Request Schedule 1/Page_Store/button_Add' is clicked on

2018-05-30 17:13:29 - [MESSAGE][PASSED] - Object: 'Object Repository/Store Request Schedule 1/Page_Store/button_Add' is clicked on

2018-05-30 17:13:29 - [TEST_STEP][PASSED] - selectOptionByIndex: All options with index in [1] are selected on object 'Object Repository/Store Request Schedule 1/Page_Store/select_--Select--Schedule 1Inj'

2018-05-30 17:13:29 - [MESSAGE][PASSED] - All options with index in [1] are selected on object 'Object Repository/Store Request Schedule 1/Page_Store/select_--Select--Schedule 1Inj'

2018-05-30 17:13:29 - [TEST_STEP][PASSED] - delay: Delayed 1 second(s)

2018-05-30 17:13:30 - [MESSAGE][PASSED] - Delayed 1 second(s)

2018-05-30 17:13:30 - [TEST_STEP][PASSED] - selectOptionByIndex: All options with index in [30] are selected on object 'Object Repository/Store Request Schedule 1/Page_Store/select_--Select--Adernaline 0.'

2018-05-30 17:13:30 - [MESSAGE][PASSED] - All options with index in [30] are selected on object 'Object Repository/Store Request Schedule 1/Page_Store/select_--Select--Adernaline 0.'

2018-05-30 17:13:30 - [TEST_STEP][PASSED] - setText: Text '100' is set on object 'Object Repository/Store Request Schedule 1/Page_Store/input_txttreat'

2018-05-30 17:13:30 - [MESSAGE][PASSED] - Text '100' is set on object 'Object Repository/Store Request Schedule 1/Page_Store/input_txttreat'

2018-05-30 17:13:30 - [TEST_STEP][PASSED] - click: Object: 'Object Repository/Store Request Schedule 1/Page_Store/button_Add' is clicked on

2018-05-30 17:13:30 - [MESSAGE][PASSED] - Object: 'Object Repository/Store Request Schedule 1/Page_Store/button_Add' is clicked on

2018-05-30 17:13:30 - [TEST_STEP][PASSED] - selectOptionByIndex: All options with index in [1] are selected on object 'Object Repository/Store Request Schedule 1/Page_Store/select_--Select--Schedule 1Inj'

2018-05-30 17:13:30 - [MESSAGE][PASSED] - All options with index in [1] are selected on object 'Object Repository/Store Request Schedule 1/Page_Store/select_--Select--Schedule 1Inj'

2018-05-30 17:13:30 - [TEST_STEP][PASSED] - delay: Delayed 1 second(s)

2018-05-30 17:13:31 - [MESSAGE][PASSED] - Delayed 1 second(s)

2018-05-30 17:13:31 - [TEST_STEP][PASSED] - selectOptionByIndex: All options with index in [31] are selected on object 'Object Repository/Store Request Schedule 1/Page_Store/select_--Select--Adernaline 0.'

2018-05-30 17:13:32 - [MESSAGE][PASSED] - All options with index in [31] are selected on object 'Object Repository/Store Request Schedule 1/Page_Store/select_--Select--Adernaline 0.'

2018-05-30 17:13:32 - [TEST_STEP][PASSED] - setText: Text '100' is set on object 'Object Repository/Store Request Schedule 1/Page_Store/input_txttreat'

2018-05-30 17:13:32 - [MESSAGE][PASSED] - Text '100' is set on object 'Object Repository/Store Request Schedule 1/Page_Store/input_txttreat'

2018-05-30 17:13:32 - [TEST_STEP][PASSED] - click: Object: 'Object Repository/Store Request Schedule 1/Page_Store/button_Add' is clicked on

2018-05-30 17:13:32 - [MESSAGE][PASSED] - Object: 'Object Repository/Store Request Schedule 1/Page_Store/button_Add' is clicked on

2018-05-30 17:13:32 - [TEST_STEP][PASSED] - selectOptionByIndex: All options with index in [1] are selected on object 'Object Repository/Store Request Schedule 1/Page_Store/select_--Select--Schedule 1Inj'

2018-05-30 17:13:32 - [MESSAGE][PASSED] - All options with index in [1] are selected on object 'Object Repository/Store Request Schedule 1/Page_Store/select_--Select--Schedule 1Inj'

2018-05-30 17:13:32 - [TEST_STEP][PASSED] - delay: Delayed 1 second(s)

2018-05-30 17:13:33 - [MESSAGE][PASSED] - Delayed 1 second(s)

2018-05-30 17:13:33 - [TEST_STEP][PASSED] - selectOptionByIndex: All options with index in [32] are selected on object 'Object Repository/Store Request Schedule 1/Page_Store/select_--Select--Adernaline 0.'

2018-05-30 17:13:34 - [MESSAGE][PASSED] - All options with index in [32] are selected on object 'Object Repository/Store Request Schedule 1/Page_Store/select_--Select--Adernaline 0.'

2018-05-30 17:13:34 - [TEST_STEP][PASSED] - setText: Text '100' is set on object 'Object Repository/Store Request Schedule 1/Page_Store/input_txttreat'

2018-05-30 17:13:34 - [MESSAGE][PASSED] - Text '100' is set on object 'Object Repository/Store Request Schedule 1/Page_Store/input_txttreat'

2018-05-30 17:13:34 - [TEST_STEP][PASSED] - click: Object: 'Object Repository/Store Request Schedule 1/Page_Store/button_Add' is clicked on

2018-05-30 17:13:34 - [MESSAGE][PASSED] - Object: 'Object Repository/Store Request Schedule 1/Page_Store/button_Add' is clicked on

2018-05-30 17:13:34 - [TEST_STEP][PASSED] - selectOptionByIndex: All options with index in [1] are selected on object 'Object Repository/Store Request Schedule 1/Page_Store/select_--Select--Schedule 1Inj'

2018-05-30 17:13:34 - [MESSAGE][PASSED] - All options with index in [1] are selected on object 'Object Repository/Store Request Schedule 1/Page_Store/select_--Select--Schedule 1Inj'

2018-05-30 17:13:34 - [TEST_STEP][PASSED] - delay: Delayed 1 second(s)

2018-05-30 17:13:35 - [MESSAGE][PASSED] - Delayed 1 second(s)

2018-05-30 17:13:35 - [TEST_STEP][PASSED] - selectOptionByIndex: All options with index in [33] are selected on object 'Object Repository/Store Request Schedule 1/Page_Store/select_--Select--Adernaline 0.'

2018-05-30 17:13:35 - [MESSAGE][PASSED] - All options with index in [33] are selected on object 'Object Repository/Store Request Schedule 1/Page_Store/select_--Select--Adernaline 0.'

2018-05-30 17:13:35 - [TEST_STEP][PASSED] - setText: Text '100' is set on object 'Object Repository/Store Request Schedule 1/Page_Store/input_txttreat'

2018-05-30 17:13:35 - [MESSAGE][PASSED] - Text '100' is set on object 'Object Repository/Store Request Schedule 1/Page_Store/input_txttreat'

2018-05-30 17:13:35 - [TEST_STEP][PASSED] - click: Object: 'Object Repository/Store Request Schedule 1/Page_Store/button_Add' is clicked on

2018-05-30 17:13:36 - [MESSAGE][PASSED] - Object: 'Object Repository/Store Request Schedule 1/Page_Store/button_Add' is clicked on

2018-05-30 17:13:36 - [TEST_STEP][PASSED] - selectOptionByIndex: All options with index in [1] are selected on object 'Object Repository/Store Request Schedule 1/Page_Store/select_--Select--Schedule 1Inj'

2018-05-30 17:13:36 - [MESSAGE][PASSED] - All options with index in [1] are selected on object 'Object Repository/Store Request Schedule 1/Page_Store/select_--Select--Schedule 1Inj'

2018-05-30 17:13:36 - [TEST_STEP][PASSED] - delay: Delayed 1 second(s)

2018-05-30 17:13:37 - [MESSAGE][PASSED] - Delayed 1 second(s)

2018-05-30 17:13:37 - [TEST_STEP][PASSED] - selectOptionByIndex: All options with index in [34] are selected on object 'Object Repository/Store Request Schedule 1/Page_Store/select_--Select--Adernaline 0.'

2018-05-30 17:13:37 - [MESSAGE][PASSED] - All options with index in [34] are selected on object 'Object Repository/Store Request Schedule 1/Page_Store/select_--Select--Adernaline 0.'

2018-05-30 17:13:37 - [TEST_STEP][PASSED] - setText: Text '100' is set on object 'Object Repository/Store Request Schedule 1/Page_Store/input_txttreat'

2018-05-30 17:13:37 - [MESSAGE][PASSED] - Text '100' is set on object 'Object Repository/Store Request Schedule 1/Page_Store/input_txttreat'

2018-05-30 17:13:37 - [TEST_STEP][PASSED] - click: Object: 'Object Repository/Store Request Schedule 1/Page_Store/button_Add' is clicked on

2018-05-30 17:13:37 - [MESSAGE][PASSED] - Object: 'Object Repository/Store Request Schedule 1/Page_Store/button_Add' is clicked on

2018-05-30 17:13:37 - [TEST_STEP][PASSED] - selectOptionByIndex: All options with index in [1] are selected on object 'Object Repository/Store Request Schedule 1/Page_Store/select_--Select--Schedule 1Inj'

2018-05-30 17:13:37 - [MESSAGE][PASSED] - All options with index in [1] are selected on object 'Object Repository/Store Request Schedule 1/Page_Store/select_--Select--Schedule 1Inj'

2018-05-30 17:13:37 - [TEST_STEP][PASSED] - delay: Delayed 1 second(s)

2018-05-30 17:13:38 - [MESSAGE][PASSED] - Delayed 1 second(s)

2018-05-30 17:13:38 - [TEST_STEP][PASSED] - selectOptionByIndex: All options with index in [35] are selected on object 'Object Repository/Store Request Schedule 1/Page_Store/select_--Select--Adernaline 0.'

2018-05-30 17:13:39 - [MESSAGE][PASSED] - All options with index in [35] are selected on object 'Object Repository/Store Request Schedule 1/Page_Store/select_--Select--Adernaline 0.'

2018-05-30 17:13:39 - [TEST_STEP][PASSED] - setText: Text '100' is set on object 'Object Repository/Store Request Schedule 1/Page_Store/input_txttreat'

2018-05-30 17:13:39 - [MESSAGE][PASSED] - Text '100' is set on object 'Object Repository/Store Request Schedule 1/Page_Store/input_txttreat'

2018-05-30 17:13:39 - [TEST_STEP][PASSED] - click: Object: 'Object Repository/Store Request Schedule 1/Page_Store/button_Add' is clicked on

2018-05-30 17:13:39 - [MESSAGE][PASSED] - Object: 'Object Repository/Store Request Schedule 1/Page_Store/button_Add' is clicked on

2018-05-30 17:13:39 - [TEST_STEP][PASSED] - selectOptionByIndex: All options with index in [1] are selected on object 'Object Repository/Store Request Schedule 1/Page_Store/select_--Select--Schedule 1Inj'

2018-05-30 17:13:39 - [MESSAGE][PASSED] - All options with index in [1] are selected on object 'Object Repository/Store Request Schedule 1/Page_Store/select_--Select--Schedule 1Inj'

2018-05-30 17:13:39 - [TEST_STEP][PASSED] - delay: Delayed 1 second(s)

2018-05-30 17:13:40 - [MESSAGE][PASSED] - Delayed 1 second(s)

2018-05-30 17:13:40 - [TEST_STEP][PASSED] - selectOptionByIndex: All options with index in [36] are selected on object 'Object Repository/Store Request Schedule 1/Page_Store/select_--Select--Adernaline 0.'

2018-05-30 17:13:41 - [MESSAGE][PASSED] - All options with index in [36] are selected on object 'Object Repository/Store Request Schedule 1/Page_Store/select_--Select--Adernaline 0.'

2018-05-30 17:13:41 - [TEST_STEP][PASSED] - setText: Text '100' is set on object 'Object Repository/Store Request Schedule 1/Page_Store/input_txttreat'

2018-05-30 17:13:41 - [MESSAGE][PASSED] - Text '100' is set on object 'Object Repository/Store Request Schedule 1/Page_Store/input_txttreat'

2018-05-30 17:13:41 - [TEST_STEP][PASSED] - click: Object: 'Object Repository/Store Request Schedule 1/Page_Store/button_Add' is clicked on

2018-05-30 17:13:41 - [MESSAGE][PASSED] - Object: 'Object Repository/Store Request Schedule 1/Page_Store/button_Add' is clicked on

2018-05-30 17:13:41 - [TEST_STEP][PASSED] - selectOptionByIndex: All options with index in [1] are selected on object 'Object Repository/Store Request Schedule 1/Page_Store/select_--Select--Schedule 1Inj'

2018-05-30 17:13:41 - [MESSAGE][PASSED] - All options with index in [1] are selected on object 'Object Repository/Store Request Schedule 1/Page_Store/select_--Select--Schedule 1Inj'

2018-05-30 17:13:41 - [TEST_STEP][PASSED] - delay: Delayed 1 second(s)

2018-05-30 17:13:42 - [MESSAGE][PASSED] - Delayed 1 second(s)

2018-05-30 17:13:42 - [TEST_STEP][PASSED] - selectOptionByIndex: All options with index in [37] are selected on object 'Object Repository/Store Request Schedule 1/Page_Store/select_--Select--Adernaline 0.'

2018-05-30 17:13:43 - [MESSAGE][PASSED] - All options with index in [37] are selected on object 'Object Repository/Store Request Schedule 1/Page_Store/select_--Select--Adernaline 0.'

2018-05-30 17:13:43 - [TEST_STEP][PASSED] - setText: Text '100' is set on object 'Object Repository/Store Request Schedule 1/Page_Store/input_txttreat'

2018-05-30 17:13:43 - [MESSAGE][PASSED] - Text '100' is set on object 'Object Repository/Store Request Schedule 1/Page_Store/input_txttreat'

2018-05-30 17:13:43 - [TEST_STEP][PASSED] - click: Object: 'Object Repository/Store Request Schedule 1/Page_Store/button_Add' is clicked on

2018-05-30 17:13:43 - [MESSAGE][PASSED] - Object: 'Object Repository/Store Request Schedule 1/Page_Store/button_Add' is clicked on

2018-05-30 17:13:43 - [TEST_STEP][PASSED] - selectOptionByIndex: All options with index in [1] are selected on object 'Object Repository/Store Request Schedule 1/Page_Store/select_--Select--Schedule 1Inj'

2018-05-30 17:13:43 - [MESSAGE][PASSED] - All options with index in [1] are selected on object 'Object Repository/Store Request Schedule 1/Page_Store/select_--Select--Schedule 1Inj'

2018-05-30 17:13:43 - [TEST_STEP][PASSED] - delay: Delayed 1 second(s)

2018-05-30 17:13:44 - [MESSAGE][PASSED] - Delayed 1 second(s)

2018-05-30 17:13:44 - [TEST_STEP][PASSED] - selectOptionByIndex: All options with index in [38] are selected on object 'Object Repository/Store Request Schedule 1/Page_Store/select_--Select--Adernaline 0.'

2018-05-30 17:13:44 - [MESSAGE][PASSED] - All options with index in [38] are selected on object 'Object Repository/Store Request Schedule 1/Page_Store/select_--Select--Adernaline 0.'

2018-05-30 17:13:44 - [TEST_STEP][PASSED] - setText: Text '100' is set on object 'Object Repository/Store Request Schedule 1/Page_Store/input_txttreat'

2018-05-30 17:13:44 - [MESSAGE][PASSED] - Text '100' is set on object 'Object Repository/Store Request Schedule 1/Page_Store/input_txttreat'

2018-05-30 17:13:44 - [TEST_STEP][PASSED] - click: Object: 'Object Repository/Store Request Schedule 1/Page_Store/button_Add' is clicked on

2018-05-30 17:13:45 - [MESSAGE][PASSED] - Object: 'Object Repository/Store Request Schedule 1/Page_Store/button_Add' is clicked on

2018-05-30 17:13:45 - [TEST_STEP][PASSED] - selectOptionByIndex: All options with index in [1] are selected on object 'Object Repository/Store Request Schedule 1/Page_Store/select_--Select--Schedule 1Inj'

2018-05-30 17:13:45 - [MESSAGE][PASSED] - All options with index in [1] are selected on object 'Object Repository/Store Request Schedule 1/Page_Store/select_--Select--Schedule 1Inj'

2018-05-30 17:13:45 - [TEST_STEP][PASSED] - delay: Delayed 1 second(s)

2018-05-30 17:13:46 - [MESSAGE][PASSED] - Delayed 1 second(s)

2018-05-30 17:13:46 - [TEST_STEP][PASSED] - selectOptionByIndex: All options with index in [39] are selected on object 'Object Repository/Store Request Schedule 1/Page_Store/select_--Select--Adernaline 0.'

2018-05-30 17:13:46 - [MESSAGE][PASSED] - All options with index in [39] are selected on object 'Object Repository/Store Request Schedule 1/Page_Store/select_--Select--Adernaline 0.'

2018-05-30 17:13:46 - [TEST_STEP][PASSED] - setText: Text '100' is set on object 'Object Repository/Store Request Schedule 1/Page_Store/input_txttreat'

2018-05-30 17:13:46 - [MESSAGE][PASSED] - Text '100' is set on object 'Object Repository/Store Request Schedule 1/Page_Store/input_txttreat'

2018-05-30 17:13:46 - [TEST_STEP][PASSED] - click: Object: 'Object Repository/Store Request Schedule 1/Page_Store/button_Add' is clicked on

2018-05-30 17:13:46 - [MESSAGE][PASSED] - Object: 'Object Repository/Store Request Schedule 1/Page_Store/button_Add' is clicked on

2018-05-30 17:13:46 - [TEST_STEP][PASSED] - selectOptionByIndex: All options with index in [1] are selected on object 'Object Repository/Store Request Schedule 1/Page_Store/select_--Select--Schedule 1Inj'

2018-05-30 17:13:47 - [MESSAGE][PASSED] - All options with index in [1] are selected on object 'Object Repository/Store Request Schedule 1/Page_Store/select_--Select--Schedule 1Inj'

2018-05-30 17:13:47 - [TEST_STEP][PASSED] - delay: Delayed 1 second(s)

2018-05-30 17:13:48 - [MESSAGE][PASSED] - Delayed 1 second(s)

2018-05-30 17:13:48 - [TEST_STEP][PASSED] - selectOptionByIndex: All options with index in [40] are selected on object 'Object Repository/Store Request Schedule 1/Page_Store/select_--Select--Adernaline 0.'

2018-05-30 17:13:48 - [MESSAGE][PASSED] - All options with index in [40] are selected on object 'Object Repository/Store Request Schedule 1/Page_Store/select_--Select--Adernaline 0.'

2018-05-30 17:13:48 - [TEST_STEP][PASSED] - setText: Text '100' is set on object 'Object Repository/Store Request Schedule 1/Page_Store/input_txttreat'

2018-05-30 17:13:48 - [MESSAGE][PASSED] - Text '100' is set on object 'Object Repository/Store Request Schedule 1/Page_Store/input_txttreat'

2018-05-30 17:13:48 - [TEST_STEP][PASSED] - click: Object: 'Object Repository/Store Request Schedule 1/Page_Store/button_Add' is clicked on

2018-05-30 17:13:48 - [MESSAGE][PASSED] - Object: 'Object Repository/Store Request Schedule 1/Page_Store/button_Add' is clicked on

2018-05-30 17:13:48 - [TEST_STEP][PASSED] - selectOptionByIndex: All options with index in [1] are selected on object 'Object Repository/Store Request Schedule 1/Page_Store/select_--Select--Schedule 1Inj'

2018-05-30 17:13:48 - [MESSAGE][PASSED] - All options with index in [1] are selected on object 'Object Repository/Store Request Schedule 1/Page_Store/select_--Select--Schedule 1Inj'

2018-05-30 17:13:48 - [TEST_STEP][PASSED] - delay: Delayed 1 second(s)

2018-05-30 17:13:49 - [MESSAGE][PASSED] - Delayed 1 second(s)

2018-05-30 17:13:49 - [TEST_STEP][PASSED] - selectOptionByIndex: All options with index in [41] are selected on object 'Object Repository/Store Request Schedule 1/Page_Store/select_--Select--Adernaline 0.'

2018-05-30 17:13:50 - [MESSAGE][PASSED] - All options with index in [41] are selected on object 'Object Repository/Store Request Schedule 1/Page_Store/select_--Select--Adernaline 0.'

2018-05-30 17:13:50 - [TEST_STEP][PASSED] - setText: Text '100' is set on object 'Object Repository/Store Request Schedule 1/Page_Store/input_txttreat'

2018-05-30 17:13:50 - [MESSAGE][PASSED] - Text '100' is set on object 'Object Repository/Store Request Schedule 1/Page_Store/input_txttreat'

2018-05-30 17:13:50 - [TEST_STEP][PASSED] - click: Object: 'Object Repository/Store Request Schedule 1/Page_Store/button_Add' is clicked on

2018-05-30 17:13:50 - [MESSAGE][PASSED] - Object: 'Object Repository/Store Request Schedule 1/Page_Store/button_Add' is clicked on

2018-05-30 17:13:50 - [TEST_STEP][PASSED] - selectOptionByIndex: All options with index in [1] are selected on object 'Object Repository/Store Request Schedule 1/Page_Store/select_--Select--Schedule 1Inj'

2018-05-30 17:13:50 - [MESSAGE][PASSED] - All options with index in [1] are selected on object 'Object Repository/Store Request Schedule 1/Page_Store/select_--Select--Schedule 1Inj'

2018-05-30 17:13:50 - [TEST_STEP][PASSED] - delay: Delayed 1 second(s)

2018-05-30 17:13:51 - [MESSAGE][PASSED] - Delayed 1 second(s)

2018-05-30 17:13:51 - [TEST_STEP][PASSED] - selectOptionByIndex: All options with index in [42] are selected on object 'Object Repository/Store Request Schedule 1/Page_Store/select_--Select--Adernaline 0.'

2018-05-30 17:13:52 - [MESSAGE][PASSED] - All options with index in [42] are selected on object 'Object Repository/Store Request Schedule 1/Page_Store/select_--Select--Adernaline 0.'

2018-05-30 17:13:52 - [TEST_STEP][PASSED] - setText: Text '100' is set on object 'Object Repository/Store Request Schedule 1/Page_Store/input_txttreat'

2018-05-30 17:13:52 - [MESSAGE][PASSED] - Text '100' is set on object 'Object Repository/Store Request Schedule 1/Page_Store/input_txttreat'

2018-05-30 17:13:52 - [TEST_STEP][PASSED] - click: Object: 'Object Repository/Store Request Schedule 1/Page_Store/button_Add' is clicked on

2018-05-30 17:13:52 - [MESSAGE][PASSED] - Object: 'Object Repository/Store Request Schedule 1/Page_Store/button_Add' is clicked on

2018-05-30 17:13:52 - [TEST_STEP][PASSED] - selectOptionByIndex: All options with index in [1] are selected on object 'Object Repository/Store Request Schedule 1/Page_Store/select_--Select--Schedule 1Inj'

2018-05-30 17:13:52 - [MESSAGE][PASSED] - All options with index in [1] are selected on object 'Object Repository/Store Request Schedule 1/Page_Store/select_--Select--Schedule 1Inj'

2018-05-30 17:13:52 - [TEST_STEP][PASSED] - delay: Delayed 1 second(s)

2018-05-30 17:13:53 - [MESSAGE][PASSED] - Delayed 1 second(s)

2018-05-30 17:13:53 - [TEST_STEP][PASSED] - selectOptionByIndex: All options with index in [43] are selected on object 'Object Repository/Store Request Schedule 1/Page_Store/select_--Select--Adernaline 0.'

2018-05-30 17:13:54 - [MESSAGE][PASSED] - All options with index in [43] are selected on object 'Object Repository/Store Request Schedule 1/Page_Store/select_--Select--Adernaline 0.'

2018-05-30 17:13:54 - [TEST_STEP][PASSED] - setText: Text '100' is set on object 'Object Repository/Store Request Schedule 1/Page_Store/input_txttreat'

2018-05-30 17:13:54 - [MESSAGE][PASSED] - Text '100' is set on object 'Object Repository/Store Request Schedule 1/Page_Store/input_txttreat'

2018-05-30 17:13:54 - [TEST_STEP][PASSED] - click: Object: 'Object Repository/Store Request Schedule 1/Page_Store/button_Add' is clicked on

2018-05-30 17:13:54 - [MESSAGE][PASSED] - Object: 'Object Repository/Store Request Schedule 1/Page_Store/button_Add' is clicked on

2018-05-30 17:13:54 - [TEST_STEP][PASSED] - selectOptionByIndex: All options with index in [1] are selected on object 'Object Repository/Store Request Schedule 1/Page_Store/select_--Select--Schedule 1Inj'

2018-05-30 17:13:54 - [MESSAGE][PASSED] - All options with index in [1] are selected on object 'Object Repository/Store Request Schedule 1/Page_Store/select_--Select--Schedule 1Inj'

2018-05-30 17:13:54 - [TEST_STEP][PASSED] - delay: Delayed 1 second(s)

2018-05-30 17:13:55 - [MESSAGE][PASSED] - Delayed 1 second(s)

2018-05-30 17:13:55 - [TEST_STEP][PASSED] - selectOptionByIndex: All options with index in [44] are selected on object 'Object Repository/Store Request Schedule 1/Page_Store/select_--Select--Adernaline 0.'

2018-05-30 17:13:56 - [MESSAGE][PASSED] - All options with index in [44] are selected on object 'Object Repository/Store Request Schedule 1/Page_Store/select_--Select--Adernaline 0.'

2018-05-30 17:13:56 - [TEST_STEP][PASSED] - setText: Text '100' is set on object 'Object Repository/Store Request Schedule 1/Page_Store/input_txttreat'

2018-05-30 17:13:56 - [MESSAGE][PASSED] - Text '100' is set on object 'Object Repository/Store Request Schedule 1/Page_Store/input_txttreat'

2018-05-30 17:13:56 - [TEST_STEP][PASSED] - click: Object: 'Object Repository/Store Request Schedule 1/Page_Store/button_Add' is clicked on

2018-05-30 17:13:56 - [MESSAGE][PASSED] - Object: 'Object Repository/Store Request Schedule 1/Page_Store/button_Add' is clicked on

2018-05-30 17:13:56 - [TEST_STEP][PASSED] - selectOptionByIndex: All options with index in [1] are selected on object 'Object Repository/Store Request Schedule 1/Page_Store/select_--Select--Schedule 1Inj'

2018-05-30 17:13:56 - [MESSAGE][PASSED] - All options with index in [1] are selected on object 'Object Repository/Store Request Schedule 1/Page_Store/select_--Select--Schedule 1Inj'

2018-05-30 17:13:56 - [TEST_STEP][PASSED] - delay: Delayed 1 second(s)

2018-05-30 17:13:57 - [MESSAGE][PASSED] - Delayed 1 second(s)

2018-05-30 17:13:57 - [TEST_STEP][PASSED] - selectOptionByIndex: All options with index in [45] are selected on object 'Object Repository/Store Request Schedule 1/Page_Store/select_--Select--Adernaline 0.'

2018-05-30 17:13:57 - [MESSAGE][PASSED] - All options with index in [45] are selected on object 'Object Repository/Store Request Schedule 1/Page_Store/select_--Select--Adernaline 0.'

2018-05-30 17:13:57 - [TEST_STEP][PASSED] - setText: Text '100' is set on object 'Object Repository/Store Request Schedule 1/Page_Store/input_txttreat'

2018-05-30 17:13:58 - [MESSAGE][PASSED] - Text '100' is set on object 'Object Repository/Store Request Schedule 1/Page_Store/input_txttreat'

2018-05-30 17:13:58 - [TEST_STEP][PASSED] - click: Object: 'Object Repository/Store Request Schedule 1/Page_Store/button_Add' is clicked on

2018-05-30 17:13:58 - [MESSAGE][PASSED] - Object: 'Object Repository/Store Request Schedule 1/Page_Store/button_Add' is clicked on

2018-05-30 17:13:58 - [TEST_STEP][PASSED] - selectOptionByIndex: All options with index in [1] are selected on object 'Object Repository/Store Request Schedule 1/Page_Store/select_--Select--Schedule 1Inj'

2018-05-30 17:13:58 - [MESSAGE][PASSED] - All options with index in [1] are selected on object 'Object Repository/Store Request Schedule 1/Page_Store/select_--Select--Schedule 1Inj'

2018-05-30 17:13:58 - [TEST_STEP][PASSED] - delay: Delayed 1 second(s)

2018-05-30 17:13:59 - [MESSAGE][PASSED] - Delayed 1 second(s)

2018-05-30 17:13:59 - [TEST_STEP][PASSED] - selectOptionByIndex: All options with index in [46] are selected on object 'Object Repository/Store Request Schedule 1/Page_Store/select_--Select--Adernaline 0.'

2018-05-30 17:13:59 - [MESSAGE][PASSED] - All options with index in [46] are selected on object 'Object Repository/Store Request Schedule 1/Page_Store/select_--Select--Adernaline 0.'

2018-05-30 17:13:59 - [TEST_STEP][PASSED] - setText: Text '100' is set on object 'Object Repository/Store Request Schedule 1/Page_Store/input_txttreat'

2018-05-30 17:13:59 - [MESSAGE][PASSED] - Text '100' is set on object 'Object Repository/Store Request Schedule 1/Page_Store/input_txttreat'

2018-05-30 17:13:59 - [TEST_STEP][PASSED] - click: Object: 'Object Repository/Store Request Schedule 1/Page_Store/button_Add' is clicked on

2018-05-30 17:14:00 - [MESSAGE][PASSED] - Object: 'Object Repository/Store Request Schedule 1/Page_Store/button_Add' is clicked on

2018-05-30 17:14:00 - [TEST_STEP][PASSED] - selectOptionByIndex: All options with index in [1] are selected on object 'Object Repository/Store Request Schedule 1/Page_Store/select_--Select--Schedule 1Inj'

2018-05-30 17:14:00 - [MESSAGE][PASSED] - All options with index in [1] are selected on object 'Object Repository/Store Request Schedule 1/Page_Store/select_--Select--Schedule 1Inj'

2018-05-30 17:14:00 - [TEST_STEP][PASSED] - delay: Delayed 1 second(s)

2018-05-30 17:14:01 - [MESSAGE][PASSED] - Delayed 1 second(s)

2018-05-30 17:14:01 - [TEST_STEP][PASSED] - selectOptionByIndex: All options with index in [47] are selected on object 'Object Repository/Store Request Schedule 1/Page_Store/select_--Select--Adernaline 0.'

2018-05-30 17:14:01 - [MESSAGE][PASSED] - All options with index in [47] are selected on object 'Object Repository/Store Request Schedule 1/Page_Store/select_--Select--Adernaline 0.'

2018-05-30 17:14:01 - [TEST_STEP][PASSED] - setText: Text '100' is set on object 'Object Repository/Store Request Schedule 1/Page_Store/input_txttreat'

2018-05-30 17:14:01 - [MESSAGE][PASSED] - Text '100' is set on object 'Object Repository/Store Request Schedule 1/Page_Store/input_txttreat'

2018-05-30 17:14:01 - [TEST_STEP][PASSED] - click: Object: 'Object Repository/Store Request Schedule 1/Page_Store/button_Add' is clicked on

2018-05-30 17:14:01 - [MESSAGE][PASSED] - Object: 'Object Repository/Store Request Schedule 1/Page_Store/button_Add' is clicked on

2018-05-30 17:14:01 - [TEST_STEP][PASSED] - selectOptionByIndex: All options with index in [1] are selected on object 'Object Repository/Store Request Schedule 1/Page_Store/select_--Select--Schedule 1Inj'

2018-05-30 17:14:02 - [MESSAGE][PASSED] - All options with index in [1] are selected on object 'Object Repository/Store Request Schedule 1/Page_Store/select_--Select--Schedule 1Inj'

2018-05-30 17:14:02 - [TEST_STEP][PASSED] - delay: Delayed 1 second(s)

2018-05-30 17:14:03 - [MESSAGE][PASSED] - Delayed 1 second(s)

2018-05-30 17:14:03 - [TEST_STEP][PASSED] - selectOptionByIndex: All options with index in [48] are selected on object 'Object Repository/Store Request Schedule 1/Page_Store/select_--Select--Adernaline 0.'

2018-05-30 17:14:03 - [MESSAGE][PASSED] - All options with index in [48] are selected on object 'Object Repository/Store Request Schedule 1/Page_Store/select_--Select--Adernaline 0.'

2018-05-30 17:14:03 - [TEST_STEP][PASSED] - setText: Text '100' is set on object 'Object Repository/Store Request Schedule 1/Page_Store/input_txttreat'

2018-05-30 17:14:03 - [MESSAGE][PASSED] - Text '100' is set on object 'Object Repository/Store Request Schedule 1/Page_Store/input_txttreat'

2018-05-30 17:14:03 - [TEST_STEP][PASSED] - click: Object: 'Object Repository/Store Request Schedule 1/Page_Store/button_Add' is clicked on

2018-05-30 17:14:03 - [MESSAGE][PASSED] - Object: 'Object Repository/Store Request Schedule 1/Page_Store/button_Add' is clicked on

2018-05-30 17:14:03 - [TEST_STEP][PASSED] - selectOptionByIndex: All options with index in [1] are selected on object 'Object Repository/Store Request Schedule 1/Page_Store/select_--Select--Schedule 1Inj'

2018-05-30 17:14:03 - [MESSAGE][PASSED] - All options with index in [1] are selected on object 'Object Repository/Store Request Schedule 1/Page_Store/select_--Select--Schedule 1Inj'

2018-05-30 17:14:03 - [TEST_STEP][PASSED] - delay: Delayed 1 second(s)

2018-05-30 17:14:04 - [MESSAGE][PASSED] - Delayed 1 second(s)

2018-05-30 17:14:04 - [TEST_STEP][PASSED] - selectOptionByIndex: All options with index in [49] are selected on object 'Object Repository/Store Request Schedule 1/Page_Store/select_--Select--Adernaline 0.'

2018-05-30 17:14:05 - [MESSAGE][PASSED] - All options with index in [49] are selected on object 'Object Repository/Store Request Schedule 1/Page_Store/select_--Select--Adernaline 0.'

2018-05-30 17:14:05 - [TEST_STEP][PASSED] - setText: Text '100' is set on object 'Object Repository/Store Request Schedule 1/Page_Store/input_txttreat'

2018-05-30 17:14:05 - [MESSAGE][PASSED] - Text '100' is set on object 'Object Repository/Store Request Schedule 1/Page_Store/input_txttreat'

2018-05-30 17:14:05 - [TEST_STEP][PASSED] - click: Object: 'Object Repository/Store Request Schedule 1/Page_Store/button_Add' is clicked on

2018-05-30 17:14:05 - [MESSAGE][PASSED] - Object: 'Object Repository/Store Request Schedule 1/Page_Store/button_Add' is clicked on

2018-05-30 17:14:05 - [TEST_STEP][PASSED] - selectOptionByIndex: All options with index in [1] are selected on object 'Object Repository/Store Request Schedule 1/Page_Store/select_--Select--Schedule 1Inj'

2018-05-30 17:14:05 - [MESSAGE][PASSED] - All options with index in [1] are selected on object 'Object Repository/Store Request Schedule 1/Page_Store/select_--Select--Schedule 1Inj'

2018-05-30 17:14:05 - [TEST_STEP][PASSED] - delay: Delayed 1 second(s)

2018-05-30 17:14:06 - [MESSAGE][PASSED] - Delayed 1 second(s)

2018-05-30 17:14:06 - [TEST_STEP][PASSED] - selectOptionByIndex: All options with index in [50] are selected on object 'Object Repository/Store Request Schedule 1/Page_Store/select_--Select--Adernaline 0.'

2018-05-30 17:14:07 - [MESSAGE][PASSED] - All options with index in [50] are selected on object 'Object Repository/Store Request Schedule 1/Page_Store/select_--Select--Adernaline 0.'

2018-05-30 17:14:07 - [TEST_STEP][PASSED] - setText: Text '100' is set on object 'Object Repository/Store Request Schedule 1/Page_Store/input_txttreat'

2018-05-30 17:14:07 - [MESSAGE][PASSED] - Text '100' is set on object 'Object Repository/Store Request Schedule 1/Page_Store/input_txttreat'

2018-05-30 17:14:07 - [TEST_STEP][PASSED] - click: Object: 'Object Repository/Store Request Schedule 1/Page_Store/button_Add' is clicked on

2018-05-30 17:14:07 - [MESSAGE][PASSED] - Object: 'Object Repository/Store Request Schedule 1/Page_Store/button_Add' is clicked on

2018-05-30 17:14:07 - [TEST_STEP][PASSED] - selectOptionByIndex: All options with index in [1] are selected on object 'Object Repository/Store Request Schedule 1/Page_Store/select_--Select--Schedule 1Inj'

2018-05-30 17:14:07 - [MESSAGE][PASSED] - All options with index in [1] are selected on object 'Object Repository/Store Request Schedule 1/Page_Store/select_--Select--Schedule 1Inj'

2018-05-30 17:14:07 - [TEST_STEP][PASSED] - delay: Delayed 1 second(s)

2018-05-30 17:14:08 - [MESSAGE][PASSED] - Delayed 1 second(s)

2018-05-30 17:14:08 - [TEST_STEP][PASSED] - selectOptionByIndex: All options with index in [51] are selected on object 'Object Repository/Store Request Schedule 1/Page_Store/select_--Select--Adernaline 0.'

2018-05-30 17:14:09 - [MESSAGE][PASSED] - All options with index in [51] are selected on object 'Object Repository/Store Request Schedule 1/Page_Store/select_--Select--Adernaline 0.'

2018-05-30 17:14:09 - [TEST_STEP][PASSED] - setText: Text '100' is set on object 'Object Repository/Store Request Schedule 1/Page_Store/input_txttreat'

2018-05-30 17:14:09 - [MESSAGE][PASSED] - Text '100' is set on object 'Object Repository/Store Request Schedule 1/Page_Store/input_txttreat'

2018-05-30 17:14:09 - [TEST_STEP][PASSED] - click: Object: 'Object Repository/Store Request Schedule 1/Page_Store/button_Add' is clicked on

2018-05-30 17:14:09 - [MESSAGE][PASSED] - Object: 'Object Repository/Store Request Schedule 1/Page_Store/button_Add' is clicked on

2018-05-30 17:14:09 - [TEST_STEP][PASSED] - selectOptionByIndex: All options with index in [1] are selected on object 'Object Repository/Store Request Schedule 1/Page_Store/select_--Select--Schedule 1Inj'

2018-05-30 17:14:09 - [MESSAGE][PASSED] - All options with index in [1] are selected on object 'Object Repository/Store Request Schedule 1/Page_Store/select_--Select--Schedule 1Inj'

2018-05-30 17:14:09 - [TEST_STEP][PASSED] - delay: Delayed 1 second(s)

2018-05-30 17:14:10 - [MESSAGE][PASSED] - Delayed 1 second(s)

2018-05-30 17:14:10 - [TEST_STEP][PASSED] - selectOptionByIndex: All options with index in [52] are selected on object 'Object Repository/Store Request Schedule 1/Page_Store/select_--Select--Adernaline 0.'

2018-05-30 17:14:11 - [MESSAGE][PASSED] - All options with index in [52] are selected on object 'Object Repository/Store Request Schedule 1/Page_Store/select_--Select--Adernaline 0.'

2018-05-30 17:14:11 - [TEST_STEP][PASSED] - setText: Text '100' is set on object 'Object Repository/Store Request Schedule 1/Page_Store/input_txttreat'

2018-05-30 17:14:11 - [MESSAGE][PASSED] - Text '100' is set on object 'Object Repository/Store Request Schedule 1/Page_Store/input_txttreat'

2018-05-30 17:14:11 - [TEST_STEP][PASSED] - click: Object: 'Object Repository/Store Request Schedule 1/Page_Store/button_Add' is clicked on

2018-05-30 17:14:11 - [MESSAGE][PASSED] - Object: 'Object Repository/Store Request Schedule 1/Page_Store/button_Add' is clicked on

2018-05-30 17:14:11 - [TEST_STEP][PASSED] - selectOptionByIndex: All options with index in [1] are selected on object 'Object Repository/Store Request Schedule 1/Page_Store/select_--Select--Schedule 1Inj'

2018-05-30 17:14:11 - [MESSAGE][PASSED] - All options with index in [1] are selected on object 'Object Repository/Store Request Schedule 1/Page_Store/select_--Select--Schedule 1Inj'

2018-05-30 17:14:11 - [TEST_STEP][PASSED] - delay: Delayed 1 second(s)

2018-05-30 17:14:12 - [MESSAGE][PASSED] - Delayed 1 second(s)

2018-05-30 17:14:12 - [TEST_STEP][PASSED] - selectOptionByIndex: All options with index in [53] are selected on object 'Object Repository/Store Request Schedule 1/Page_Store/select_--Select--Adernaline 0.'

2018-05-30 17:14:13 - [MESSAGE][PASSED] - All options with index in [53] are selected on object 'Object Repository/Store Request Schedule 1/Page_Store/select_--Select--Adernaline 0.'

2018-05-30 17:14:13 - [TEST_STEP][PASSED] - setText: Text '100' is set on object 'Object Repository/Store Request Schedule 1/Page_Store/input_txttreat'

2018-05-30 17:14:13 - [MESSAGE][PASSED] - Text '100' is set on object 'Object Repository/Store Request Schedule 1/Page_Store/input_txttreat'

2018-05-30 17:14:13 - [TEST_STEP][PASSED] - click: Object: 'Object Repository/Store Request Schedule 1/Page_Store/button_Add' is clicked on

2018-05-30 17:14:13 - [MESSAGE][PASSED] - Object: 'Object Repository/Store Request Schedule 1/Page_Store/button_Add' is clicked on

2018-05-30 17:14:13 - [TEST_STEP][PASSED] - selectOptionByIndex: All options with index in [1] are selected on object 'Object Repository/Store Request Schedule 1/Page_Store/select_--Select--Schedule 1Inj'

2018-05-30 17:14:13 - [MESSAGE][PASSED] - All options with index in [1] are selected on object 'Object Repository/Store Request Schedule 1/Page_Store/select_--Select--Schedule 1Inj'

2018-05-30 17:14:13 - [TEST_STEP][PASSED] - delay: Delayed 1 second(s)

2018-05-30 17:14:14 - [MESSAGE][PASSED] - Delayed 1 second(s)

2018-05-30 17:14:14 - [TEST_STEP][PASSED] - selectOptionByIndex: All options with index in [54] are selected on object 'Object Repository/Store Request Schedule 1/Page_Store/select_--Select--Adernaline 0.'

2018-05-30 17:14:15 - [MESSAGE][PASSED] - All options with index in [54] are selected on object 'Object Repository/Store Request Schedule 1/Page_Store/select_--Select--Adernaline 0.'

2018-05-30 17:14:15 - [TEST_STEP][PASSED] - setText: Text '100' is set on object 'Object Repository/Store Request Schedule 1/Page_Store/input_txttreat'

2018-05-30 17:14:15 - [MESSAGE][PASSED] - Text '100' is set on object 'Object Repository/Store Request Schedule 1/Page_Store/input_txttreat'

2018-05-30 17:14:15 - [TEST_STEP][PASSED] - click: Object: 'Object Repository/Store Request Schedule 1/Page_Store/button_Add' is clicked on

2018-05-30 17:14:15 - [MESSAGE][PASSED] - Object: 'Object Repository/Store Request Schedule 1/Page_Store/button_Add' is clicked on

2018-05-30 17:14:15 - [TEST_STEP][PASSED] - selectOptionByIndex: All options with index in [1] are selected on object 'Object Repository/Store Request Schedule 1/Page_Store/select_--Select--Schedule 1Inj'

2018-05-30 17:14:15 - [MESSAGE][PASSED] - All options with index in [1] are selected on object 'Object Repository/Store Request Schedule 1/Page_Store/select_--Select--Schedule 1Inj'

2018-05-30 17:14:15 - [TEST_STEP][PASSED] - delay: Delayed 1 second(s)

2018-05-30 17:14:16 - [MESSAGE][PASSED] - Delayed 1 second(s)

2018-05-30 17:14:16 - [TEST_STEP][PASSED] - selectOptionByIndex: All options with index in [55] are selected on object 'Object Repository/Store Request Schedule 1/Page_Store/select_--Select--Adernaline 0.'

2018-05-30 17:14:17 - [MESSAGE][PASSED] - All options with index in [55] are selected on object 'Object Repository/Store Request Schedule 1/Page_Store/select_--Select--Adernaline 0.'

2018-05-30 17:14:17 - [TEST_STEP][PASSED] - setText: Text '100' is set on object 'Object Repository/Store Request Schedule 1/Page_Store/input_txttreat'

2018-05-30 17:14:17 - [MESSAGE][PASSED] - Text '100' is set on object 'Object Repository/Store Request Schedule 1/Page_Store/input_txttreat'

2018-05-30 17:14:17 - [TEST_STEP][PASSED] - click: Object: 'Object Repository/Store Request Schedule 1/Page_Store/button_Add' is clicked on

2018-05-30 17:14:17 - [MESSAGE][PASSED] - Object: 'Object Repository/Store Request Schedule 1/Page_Store/button_Add' is clicked on

2018-05-30 17:14:17 - [TEST_STEP][PASSED] - selectOptionByIndex: All options with index in [1] are selected on object 'Object Repository/Store Request Schedule 1/Page_Store/select_--Select--Schedule 1Inj'

2018-05-30 17:14:17 - [MESSAGE][PASSED] - All options with index in [1] are selected on object 'Object Repository/Store Request Schedule 1/Page_Store/select_--Select--Schedule 1Inj'

2018-05-30 17:14:17 - [TEST_STEP][PASSED] - delay: Delayed 1 second(s)

2018-05-30 17:14:18 - [MESSAGE][PASSED] - Delayed 1 second(s)

2018-05-30 17:14:18 - [TEST_STEP][PASSED] - selectOptionByIndex: All options with index in [56] are selected on object 'Object Repository/Store Request Schedule 1/Page_Store/select_--Select--Adernaline 0.'

2018-05-30 17:14:19 - [MESSAGE][PASSED] - All options with index in [56] are selected on object 'Object Repository/Store Request Schedule 1/Page_Store/select_--Select--Adernaline 0.'

2018-05-30 17:14:19 - [TEST_STEP][PASSED] - setText: Text '100' is set on object 'Object Repository/Store Request Schedule 1/Page_Store/input_txttreat'

2018-05-30 17:14:19 - [MESSAGE][PASSED] - Text '100' is set on object 'Object Repository/Store Request Schedule 1/Page_Store/input_txttreat'

2018-05-30 17:14:19 - [TEST_STEP][PASSED] - click: Object: 'Object Repository/Store Request Schedule 1/Page_Store/button_Add' is clicked on

2018-05-30 17:14:19 - [MESSAGE][PASSED] - Object: 'Object Repository/Store Request Schedule 1/Page_Store/button_Add' is clicked on

2018-05-30 17:14:19 - [TEST_STEP][PASSED] - selectOptionByIndex: All options with index in [1] are selected on object 'Object Repository/Store Request Schedule 1/Page_Store/select_--Select--Schedule 1Inj'

2018-05-30 17:14:19 - [MESSAGE][PASSED] - All options with index in [1] are selected on object 'Object Repository/Store Request Schedule 1/Page_Store/select_--Select--Schedule 1Inj'

2018-05-30 17:14:19 - [TEST_STEP][PASSED] - delay: Delayed 1 second(s)

2018-05-30 17:14:20 - [MESSAGE][PASSED] - Delayed 1 second(s)

2018-05-30 17:14:20 - [TEST_STEP][PASSED] - selectOptionByIndex: All options with index in [57] are selected on object 'Object Repository/Store Request Schedule 1/Page_Store/select_--Select--Adernaline 0.'

2018-05-30 17:14:21 - [MESSAGE][PASSED] - All options with index in [57] are selected on object 'Object Repository/Store Request Schedule 1/Page_Store/select_--Select--Adernaline 0.'

2018-05-30 17:14:21 - [TEST_STEP][PASSED] - setText: Text '100' is set on object 'Object Repository/Store Request Schedule 1/Page_Store/input_txttreat'

2018-05-30 17:14:21 - [MESSAGE][PASSED] - Text '100' is set on object 'Object Repository/Store Request Schedule 1/Page_Store/input_txttreat'

2018-05-30 17:14:21 - [TEST_STEP][PASSED] - click: Object: 'Object Repository/Store Request Schedule 1/Page_Store/button_Add' is clicked on

2018-05-30 17:14:21 - [MESSAGE][PASSED] - Object: 'Object Repository/Store Request Schedule 1/Page_Store/button_Add' is clicked on

2018-05-30 17:14:21 - [TEST_STEP][PASSED] - selectOptionByIndex: All options with index in [1] are selected on object 'Object Repository/Store Request Schedule 1/Page_Store/select_--Select--Schedule 1Inj'

2018-05-30 17:14:21 - [MESSAGE][PASSED] - All options with index in [1] are selected on object 'Object Repository/Store Request Schedule 1/Page_Store/select_--Select--Schedule 1Inj'

2018-05-30 17:14:21 - [TEST_STEP][PASSED] - delay: Delayed 1 second(s)

2018-05-30 17:14:22 - [MESSAGE][PASSED] - Delayed 1 second(s)

2018-05-30 17:14:22 - [TEST_STEP][PASSED] - selectOptionByIndex: All options with index in [58] are selected on object 'Object Repository/Store Request Schedule 1/Page_Store/select_--Select--Adernaline 0.'

2018-05-30 17:14:23 - [MESSAGE][PASSED] - All options with index in [58] are selected on object 'Object Repository/Store Request Schedule 1/Page_Store/select_--Select--Adernaline 0.'

2018-05-30 17:14:23 - [TEST_STEP][PASSED] - setText: Text '100' is set on object 'Object Repository/Store Request Schedule 1/Page_Store/input_txttreat'

2018-05-30 17:14:23 - [MESSAGE][PASSED] - Text '100' is set on object 'Object Repository/Store Request Schedule 1/Page_Store/input_txttreat'

2018-05-30 17:14:23 - [TEST_STEP][PASSED] - click: Object: 'Object Repository/Store Request Schedule 1/Page_Store/button_Add' is clicked on

2018-05-30 17:14:23 - [MESSAGE][PASSED] - Object: 'Object Repository/Store Request Schedule 1/Page_Store/button_Add' is clicked on

2018-05-30 17:14:23 - [TEST_STEP][PASSED] - selectOptionByIndex: All options with index in [1] are selected on object 'Object Repository/Store Request Schedule 1/Page_Store/select_--Select--Schedule 1Inj'

2018-05-30 17:14:23 - [MESSAGE][PASSED] - All options with index in [1] are selected on object 'Object Repository/Store Request Schedule 1/Page_Store/select_--Select--Schedule 1Inj'

2018-05-30 17:14:23 - [TEST_STEP][PASSED] - delay: Delayed 1 second(s)

2018-05-30 17:14:24 - [MESSAGE][PASSED] - Delayed 1 second(s)

2018-05-30 17:14:24 - [TEST_STEP][PASSED] - selectOptionByIndex: All options with index in [59] are selected on object 'Object Repository/Store Request Schedule 1/Page_Store/select_--Select--Adernaline 0.'

2018-05-30 17:14:25 - [MESSAGE][PASSED] - All options with index in [59] are selected on object 'Object Repository/Store Request Schedule 1/Page_Store/select_--Select--Adernaline 0.'

2018-05-30 17:14:25 - [TEST_STEP][PASSED] - setText: Text '100' is set on object 'Object Repository/Store Request Schedule 1/Page_Store/input_txttreat'

2018-05-30 17:14:25 - [MESSAGE][PASSED] - Text '100' is set on object 'Object Repository/Store Request Schedule 1/Page_Store/input_txttreat'

2018-05-30 17:14:25 - [TEST_STEP][PASSED] - click: Object: 'Object Repository/Store Request Schedule 1/Page_Store/button_Add' is clicked on

2018-05-30 17:14:25 - [MESSAGE][PASSED] - Object: 'Object Repository/Store Request Schedule 1/Page_Store/button_Add' is clicked on

2018-05-30 17:14:25 - [TEST_STEP][PASSED] - selectOptionByIndex: All options with index in [1] are selected on object 'Object Repository/Store Request Schedule 1/Page_Store/select_--Select--Schedule 1Inj'

2018-05-30 17:14:25 - [MESSAGE][PASSED] - All options with index in [1] are selected on object 'Object Repository/Store Request Schedule 1/Page_Store/select_--Select--Schedule 1Inj'

2018-05-30 17:14:25 - [TEST_STEP][PASSED] - delay: Delayed 1 second(s)

2018-05-30 17:14:26 - [MESSAGE][PASSED] - Delayed 1 second(s)

2018-05-30 17:14:26 - [TEST_STEP][PASSED] - selectOptionByIndex: All options with index in [60] are selected on object 'Object Repository/Store Request Schedule 1/Page_Store/select_--Select--Adernaline 0.'

2018-05-30 17:14:27 - [MESSAGE][PASSED] - All options with index in [60] are selected on object 'Object Repository/Store Request Schedule 1/Page_Store/select_--Select--Adernaline 0.'

2018-05-30 17:14:27 - [TEST_STEP][PASSED] - setText: Text '100' is set on object 'Object Repository/Store Request Schedule 1/Page_Store/input_txttreat'

2018-05-30 17:14:27 - [MESSAGE][PASSED] - Text '100' is set on object 'Object Repository/Store Request Schedule 1/Page_Store/input_txttreat'

2018-05-30 17:14:27 - [TEST_STEP][PASSED] - click: Object: 'Object Repository/Store Request Schedule 1/Page_Store/button_Add' is clicked on

2018-05-30 17:14:27 - [MESSAGE][PASSED] - Object: 'Object Repository/Store Request Schedule 1/Page_Store/button_Add' is clicked on

2018-05-30 17:14:27 - [TEST_STEP][PASSED] - selectOptionByIndex: All options with index in [1] are selected on object 'Object Repository/Store Request Schedule 1/Page_Store/select_--Select--Schedule 1Inj'

2018-05-30 17:14:27 - [MESSAGE][PASSED] - All options with index in [1] are selected on object 'Object Repository/Store Request Schedule 1/Page_Store/select_--Select--Schedule 1Inj'

2018-05-30 17:14:27 - [TEST_STEP][PASSED] - delay: Delayed 1 second(s)

2018-05-30 17:14:28 - [MESSAGE][PASSED] - Delayed 1 second(s)

2018-05-30 17:14:28 - [TEST_STEP][PASSED] - selectOptionByIndex: All options with index in [61] are selected on object 'Object Repository/Store Request Schedule 1/Page_Store/select_--Select--Adernaline 0.'

2018-05-30 17:14:29 - [MESSAGE][PASSED] - All options with index in [61] are selected on object 'Object Repository/Store Request Schedule 1/Page_Store/select_--Select--Adernaline 0.'

2018-05-30 17:14:29 - [TEST_STEP][PASSED] - setText: Text '100' is set on object 'Object Repository/Store Request Schedule 1/Page_Store/input_txttreat'

2018-05-30 17:14:29 - [MESSAGE][PASSED] - Text '100' is set on object 'Object Repository/Store Request Schedule 1/Page_Store/input_txttreat'

2018-05-30 17:14:29 - [TEST_STEP][PASSED] - click: Object: 'Object Repository/Store Request Schedule 1/Page_Store/button_Add' is clicked on

2018-05-30 17:14:29 - [MESSAGE][PASSED] - Object: 'Object Repository/Store Request Schedule 1/Page_Store/button_Add' is clicked on

2018-05-30 17:14:29 - [TEST_STEP][PASSED] - selectOptionByIndex: All options with index in [1] are selected on object 'Object Repository/Store Request Schedule 1/Page_Store/select_--Select--Schedule 1Inj'

2018-05-30 17:14:29 - [MESSAGE][PASSED] - All options with index in [1] are selected on object 'Object Repository/Store Request Schedule 1/Page_Store/select_--Select--Schedule 1Inj'

2018-05-30 17:14:29 - [TEST_STEP][PASSED] - delay: Delayed 1 second(s)

2018-05-30 17:14:30 - [MESSAGE][PASSED] - Delayed 1 second(s)

2018-05-30 17:14:30 - [TEST_STEP][PASSED] - selectOptionByIndex: All options with index in [62] are selected on object 'Object Repository/Store Request Schedule 1/Page_Store/select_--Select--Adernaline 0.'

2018-05-30 17:14:31 - [MESSAGE][PASSED] - All options with index in [62] are selected on object 'Object Repository/Store Request Schedule 1/Page_Store/select_--Select--Adernaline 0.'

2018-05-30 17:14:31 - [TEST_STEP][PASSED] - setText: Text '100' is set on object 'Object Repository/Store Request Schedule 1/Page_Store/input_txttreat'

2018-05-30 17:14:31 - [MESSAGE][PASSED] - Text '100' is set on object 'Object Repository/Store Request Schedule 1/Page_Store/input_txttreat'

2018-05-30 17:14:31 - [TEST_STEP][PASSED] - click: Object: 'Object Repository/Store Request Schedule 1/Page_Store/button_Add' is clicked on

2018-05-30 17:14:31 - [MESSAGE][PASSED] - Object: 'Object Repository/Store Request Schedule 1/Page_Store/button_Add' is clicked on

2018-05-30 17:14:31 - [TEST_STEP][PASSED] - delay: Delayed 2 second(s)

2018-05-30 17:14:33 - [MESSAGE][PASSED] - Delayed 2 second(s)

2018-05-30 17:14:33 - [TEST_STEP][PASSED] - scrollToElement: Scroll to object 'Object Repository/Store Request Schedule 1/Page_Store/input_btnsave' successfully

2018-05-30 17:14:33 - [MESSAGE][PASSED] - Scroll to object 'Object Repository/Store Request Schedule 1/Page_Store/input_btnsave' successfully

2018-05-30 17:14:33 - [TEST_STEP][PASSED] - click: Object: 'Object Repository/Store Request Schedule 1/Page_Store/input_btnsave' is clicked on

2018-05-30 17:14:34 - [MESSAGE][PASSED] - Object: 'Object Repository/Store Request Schedule 1/Page_Store/input_btnsave' is clicked on

2018-05-30 17:14:34 - [TEST_STEP][PASSED] - delay: Delayed 4 second(s)

2018-05-30 17:14:38 - [MESSAGE][PASSED] - Delayed 4 second(s)

2018-05-30 17:14:38 - [TEST_STEP][PASSED] - Statement - Cms_RequestNumber = com.kms.katalon.core.webui.keyword.WebUiBuiltInKeywords.getText(com.kms.katalon.core.testobject.ObjectRepository.findTestObject(Store Request Schedule 1/Page_Store/font_PRNO050520189)): Text of object 'Object Repository/Store Request Schedule 1/Page_Store/font_PRNO050520189' is: 'PRNO/30052018/475'

2018-05-30 17:14:38 - [MESSAGE][PASSED] - Text of object 'Object Repository/Store Request Schedule 1/Page_Store/font_PRNO050520189' is: 'PRNO/30052018/475'

2018-05-30 17:14:38 - [TEST_STEP][PASSED] - Statement - CR = Cms_RequestNumber.trim(): null

2018-05-30 17:14:38 - [TEST_STEP][PASSED] - Statement - out.println("RQ :" + Cms_RequestNumber): null

2018-05-30 17:14:38 - [TEST_STEP][PASSED] - Statement - RequestNumberID = Cms_RequestNumber.split("/")[2].trim(): null

2018-05-30 17:14:38 - [TEST_STEP][PASSED] - Statement - out.println("RQ ID :" + RequestNumberID): null

2018-05-30 17:14:38 - [TEST_STEP][PASSED] - delay: Delayed 3 second(s)

2018-05-30 17:14:41 - [MESSAGE][PASSED] - Delayed 3 second(s)

2018-05-30 17:14:41 - [TEST_STEP][PASSED] - Statement - ok = com.kms.katalon.core.webui.keyword.WebUiBuiltInKeywords.click(com.kms.katalon.core.testobject.ObjectRepository.findTestObject(Store Request Schedule 1/Page_Store/button_OK)): Object: 'Object Repository/Store Request Schedule 1/Page_Store/button_OK' is clicked on

2018-05-30 17:14:41 - [MESSAGE][PASSED] - Object: 'Object Repository/Store Request Schedule 1/Page_Store/button_OK' is clicked on

2018-05-30 17:14:41 - [TEST_STEP][PASSED] - delay: Delayed 3 second(s)

2018-05-30 17:14:44 - [MESSAGE][PASSED] - Delayed 3 second(s)

2018-05-30 17:14:44 - [TEST_STEP][PASSED] - click: Object: 'Object Repository/Store Request Schedule 1/Page_Store/a_dropdown-toggle' is clicked on

2018-05-30 17:14:45 - [MESSAGE][PASSED] - Object: 'Object Repository/Store Request Schedule 1/Page_Store/a_dropdown-toggle' is clicked on

2018-05-30 17:14:45 - [TEST_STEP][PASSED] - click: Object: 'Object Repository/Store Request Schedule 1/Page_Store/a_Sign out' is clicked on

2018-05-30 17:14:45 - [MESSAGE][PASSED] - Object: 'Object Repository/Store Request Schedule 1/Page_Store/a_Sign out' is clicked on

2018-05-30 17:14:45 - [TEST_STEP][PASSED] - delay: Delayed 3 second(s)

2018-05-30 17:14:48 - [MESSAGE][PASSED] - Delayed 3 second(s)

2018-05-30 17:14:48 - [TEST_STEP][PASSED] - click: Object: 'Object Repository/Store Request Schedule 1/Page_KDMC/a_CMO' is clicked on

2018-05-30 17:14:50 - [MESSAGE][PASSED] - Object: 'Object Repository/Store Request Schedule 1/Page_KDMC/a_CMO' is clicked on

2018-05-30 17:14:50 - [TEST_STEP][PASSED] - setText: Text 'guru' is set on object 'Object Repository/Store Request Schedule 1/Page_CMO login/input_txtusername'

2018-05-30 17:14:50 - [MESSAGE][PASSED] - Text 'guru' is set on object 'Object Repository/Store Request Schedule 1/Page_CMO login/input_txtusername'

2018-05-30 17:14:50 - [TEST_STEP][PASSED] - setText: Text '123' is set on object 'Object Repository/Store Request Schedule 1/Page_CMO login/input_txtpassword'

2018-05-30 17:14:50 - [MESSAGE][PASSED] - Text '123' is set on object 'Object Repository/Store Request Schedule 1/Page_CMO login/input_txtpassword'

2018-05-30 17:14:50 - [TEST_STEP][PASSED] - delay: Delayed 3 second(s)

2018-05-30 17:14:53 - [MESSAGE][PASSED] - Delayed 3 second(s)

2018-05-30 17:14:53 - [TEST_STEP][PASSED] - click: Object: 'Object Repository/Store Request Schedule 1/Page_CMO login/button_Sign in' is clicked on

2018-05-30 17:14:54 - [MESSAGE][PASSED] - Object: 'Object Repository/Store Request Schedule 1/Page_CMO login/button_Sign in' is clicked on

2018-05-30 17:14:54 - [TEST_STEP][PASSED] - delay: Delayed 2 second(s)

2018-05-30 17:14:56 - [MESSAGE][PASSED] - Delayed 2 second(s)

2018-05-30 17:14:56 - [TEST_STEP][PASSED] - click: Object: 'Object Repository/Store Request Schedule 1/Page_KDMC - CMO/span_Department Wise Request' is clicked on

2018-05-30 17:14:57 - [MESSAGE][PASSED] - Object: 'Object Repository/Store Request Schedule 1/Page_KDMC - CMO/span_Department Wise Request' is clicked on

2018-05-30 17:14:57 - [TEST_STEP][PASSED] - click: Object: 'Object Repository/Store Request Schedule 1/Page_KDMC - CMO/a_CMS Request' is clicked on

2018-05-30 17:14:57 - [MESSAGE][PASSED] - Object: 'Object Repository/Store Request Schedule 1/Page_KDMC - CMO/a_CMS Request' is clicked on

2018-05-30 17:14:57 - [TEST_STEP][PASSED] - click: Object: 'Object Repository/Store Request Schedule 1/Page_KDMC - CMO/a_CMS Request' is clicked on

2018-05-30 17:14:57 - [MESSAGE][PASSED] - Object: 'Object Repository/Store Request Schedule 1/Page_KDMC - CMO/a_CMS Request' is clicked on

2018-05-30 17:14:57 - [TEST_STEP][PASSED] - click: Object: 'Object Repository/Store Request Schedule 1/Page_KDMC - CMO/span_Divisional Store Request' is clicked on

2018-05-30 17:15:00 - [MESSAGE][PASSED] - Object: 'Object Repository/Store Request Schedule 1/Page_KDMC - CMO/span_Divisional Store Request' is clicked on

2018-05-30 17:15:00 - [TEST_STEP][PASSED] - delay: Delayed 2 second(s)

2018-05-30 17:15:02 - [MESSAGE][PASSED] - Delayed 2 second(s)

2018-05-30 17:15:02 - [TEST_STEP][PASSED] - Statement - approval = com.kms.katalon.core.webui.keyword.WebUiBuiltInKeywords.modifyObjectProperty(com.kms.katalon.core.testobject.ObjectRepository.findTestObject(Store Request Schedule 1/Page_KDMC - CMO/input_PRNO050520189), "xpath", "equals", "//*[@id=" + RequestNumberID + "]", true): Modify property of object successfully

2018-05-30 17:15:02 - [MESSAGE][PASSED] - Modify property of object successfully

2018-05-30 17:15:02 - [TEST_STEP][PASSED] - click: Object: 'Object Repository/Store Request Schedule 1/Page_KDMC - CMO/input_PRNO050520189' is clicked on

2018-05-30 17:15:02 - [MESSAGE][PASSED] - Object: 'Object Repository/Store Request Schedule 1/Page_KDMC - CMO/input_PRNO050520189' is clicked on

2018-05-30 17:15:02 - [TEST_STEP][PASSED] - delay: Delayed 2 second(s)

2018-05-30 17:15:04 - [MESSAGE][PASSED] - Delayed 2 second(s)

2018-05-30 17:15:04 - [TEST_STEP][PASSED] - selectOptionByIndex: All options with index in [1] are selected on object 'Object Repository/Store Request Schedule 1/Page_KDMC - CMO/select_--Select--'

2018-05-30 17:15:04 - [MESSAGE][PASSED] - All options with index in [1] are selected on object 'Object Repository/Store Request Schedule 1/Page_KDMC - CMO/select_--Select--'

2018-05-30 17:15:04 - [TEST_STEP][PASSED] - click: Object: 'Object Repository/Store Request Schedule 1/Page_KDMC - CMO/input_btnupdate' is clicked on

2018-05-30 17:15:04 - [MESSAGE][PASSED] - Object: 'Object Repository/Store Request Schedule 1/Page_KDMC - CMO/input_btnupdate' is clicked on

2018-05-30 17:15:04 - [TEST_STEP][PASSED] - delay: Delayed 2 second(s)

2018-05-30 17:15:06 - [MESSAGE][PASSED] - Delayed 2 second(s)

2018-05-30 17:15:06 - [TEST_STEP][PASSED] - click: Object: 'Object Repository/Store Request Schedule 1/Page_KDMC - CMO/button_OK' is clicked on

2018-05-30 17:15:07 - [MESSAGE][PASSED] - Object: 'Object Repository/Store Request Schedule 1/Page_KDMC - CMO/button_OK' is clicked on

2018-05-30 17:15:07 - [TEST_STEP][PASSED] - delay: Delayed 2 second(s)

2018-05-30 17:15:09 - [MESSAGE][PASSED] - Delayed 2 second(s)

2018-05-30 17:15:09 - [TEST_STEP][PASSED] - click: Object: 'Object Repository/Store Request Schedule 1/Page_KDMC - CMO/a_dropdown-toggle' is clicked on

2018-05-30 17:15:09 - [MESSAGE][PASSED] - Object: 'Object Repository/Store Request Schedule 1/Page_KDMC - CMO/a_dropdown-toggle' is clicked on

2018-05-30 17:15:09 - [TEST_STEP][PASSED] - click: Object: 'Object Repository/Store Request Schedule 1/Page_KDMC - CMO/a_Sign out' is clicked on

2018-05-30 17:15:09 - [MESSAGE][PASSED] - Object: 'Object Repository/Store Request Schedule 1/Page_KDMC - CMO/a_Sign out' is clicked on

2018-05-30 17:15:09 - [TEST_STEP][PASSED] - delay: Delayed 3 second(s)

2018-05-30 17:15:12 - [MESSAGE][PASSED] - Delayed 3 second(s)

2018-05-30 17:15:12 - [TEST_STEP][PASSED] - click: Object: 'Object Repository/store Request Schedule 1/Page_KDMC/a_CMS' is clicked on

2018-05-30 17:15:13 - [MESSAGE][PASSED] - Object: 'Object Repository/store Request Schedule 1/Page_KDMC/a_CMS' is clicked on

2018-05-30 17:15:13 - [TEST_STEP][PASSED] - setText: Text 'bala' is set on object 'Object Repository/store Request Schedule 1/Page_CMS login/input_txtusername'

2018-05-30 17:15:13 - [MESSAGE][PASSED] - Text 'bala' is set on object 'Object Repository/store Request Schedule 1/Page_CMS login/input_txtusername'

2018-05-30 17:15:13 - [TEST_STEP][PASSED] - setText: Text '123' is set on object 'Object Repository/store Request Schedule 1/Page_CMS login/input_txtpassword'

2018-05-30 17:15:13 - [MESSAGE][PASSED] - Text '123' is set on object 'Object Repository/store Request Schedule 1/Page_CMS login/input_txtpassword'

2018-05-30 17:15:13 - [TEST_STEP][PASSED] - delay: Delayed 3 second(s)

2018-05-30 17:15:16 - [MESSAGE][PASSED] - Delayed 3 second(s)

2018-05-30 17:15:16 - [TEST_STEP][PASSED] - click: Object: 'Object Repository/store Request Schedule 1/Page_CMS login/button_Sign in' is clicked on

2018-05-30 17:15:17 - [MESSAGE][PASSED] - Object: 'Object Repository/store Request Schedule 1/Page_CMS login/button_Sign in' is clicked on

2018-05-30 17:15:17 - [TEST_STEP][PASSED] - delay: Delayed 2 second(s)

2018-05-30 17:15:19 - [MESSAGE][PASSED] - Delayed 2 second(s)

2018-05-30 17:15:19 - [TEST_STEP][PASSED] - click: Object: 'Object Repository/store Request Schedule 1/Page_KDMC - CMS/a_Divisional Store' is clicked on

2018-05-30 17:15:19 - [MESSAGE][PASSED] - Object: 'Object Repository/store Request Schedule 1/Page_KDMC - CMS/a_Divisional Store' is clicked on

2018-05-30 17:15:19 - [TEST_STEP][PASSED] - delay: Delayed 2 second(s)

2018-05-30 17:15:21 - [MESSAGE][PASSED] - Delayed 2 second(s)

2018-05-30 17:15:21 - [TEST_STEP][PASSED] - click: Object: 'Object Repository/store Request Schedule 1/Page_KDMC - CMS/a_Dispatch Items' is clicked on

2018-05-30 17:15:22 - [MESSAGE][PASSED] - Object: 'Object Repository/store Request Schedule 1/Page_KDMC - CMS/a_Dispatch Items' is clicked on

2018-05-30 17:15:22 - [TEST_STEP][PASSED] - setText: Text 'PRNO/30052018/475' is set on object 'Object Repository/store Request Schedule 1/Page_KDMC - CMS/input'

2018-05-30 17:15:23 - [MESSAGE][PASSED] - Text 'PRNO/30052018/475' is set on object 'Object Repository/store Request Schedule 1/Page_KDMC - CMS/input'

2018-05-30 17:15:23 - [TEST_STEP][PASSED] - click: Object: 'Object Repository/store Request Schedule 1/Page_KDMC - CMS/td_text-center' is clicked on

2018-05-30 17:15:23 - [MESSAGE][PASSED] - Object: 'Object Repository/store Request Schedule 1/Page_KDMC - CMS/td_text-center' is clicked on

2018-05-30 17:15:23 - [TEST_STEP][PASSED] - delay: Delayed 2 second(s)

2018-05-30 17:15:25 - [MESSAGE][PASSED] - Delayed 2 second(s)

2018-05-30 17:15:25 - [TEST_STEP][PASSED] - Statement - For ([row = 0, row < SelectedOptions - 1, (row++)]): null

2018-05-30 17:15:25 - [TEST_STEP][PASSED] - Statement - batchlength = new com.kms.katalon.core.testobject.TestObject(): null

2018-05-30 17:15:25 - [TEST_STEP][PASSED] - Statement - batchlength = com.kms.katalon.core.webui.keyword.WebUiBuiltInKeywords.modifyObjectProperty(batchlength, "xpath", "equals", "//*[@id = "fldvendor" + row + ""]", true): Modify property of object successfully

2018-05-30 17:15:25 - [MESSAGE][PASSED] - Modify property of object successfully

2018-05-30 17:15:25 - [TEST_STEP][PASSED] - Statement - batchsize = com.kms.katalon.core.webui.keyword.WebUiBuiltInKeywords.getNumberOfTotalOption(batchlength): 13 options of object '' counted

2018-05-30 17:15:25 - [MESSAGE][PASSED] - 13 options of object '' counted

2018-05-30 17:15:25 - [TEST_STEP][PASSED] - Statement - out.println("BatchSize : " + batchsize): null

2018-05-30 17:15:25 - [TEST_STEP][PASSED] - Statement - For ([n = 1, n <= batchsize - 1, (n++)]): null

2018-05-30 17:15:25 - [TEST_STEP][PASSED] - Statement - product = new com.kms.katalon.core.testobject.TestObject(): null

2018-05-30 17:15:25 - [TEST_STEP][PASSED] - Statement - product = com.kms.katalon.core.webui.keyword.WebUiBuiltInKeywords.modifyObjectProperty(product, "xpath", "equals", "//*[@id = "fldvendor" + row + ""]", true): Modify property of object successfully

2018-05-30 17:15:25 - [MESSAGE][PASSED] - Modify property of object successfully

2018-05-30 17:15:25 - [TEST_STEP][PASSED] - selectOptionByIndex: All options with index in [1] are selected on object ''

2018-05-30 17:15:25 - [MESSAGE][PASSED] - All options with index in [1] are selected on object ''

2018-05-30 17:15:25 - [TEST_STEP][PASSED] - delay: Delayed 2 second(s)

2018-05-30 17:15:27 - [MESSAGE][PASSED] - Delayed 2 second(s)

2018-05-30 17:15:27 - [TEST_STEP][PASSED] - Statement - batch = new com.kms.katalon.core.testobject.TestObject(): null

2018-05-30 17:15:27 - [TEST_STEP][PASSED] - Statement - batch = com.kms.katalon.core.webui.keyword.WebUiBuiltInKeywords.modifyObjectProperty(batch, "xpath", "equals", "//*[@id = "txtbthqty" + row + ""]", true): Modify property of object successfully

2018-05-30 17:15:27 - [MESSAGE][PASSED] - Modify property of object successfully

2018-05-30 17:15:27 - [TEST_STEP][PASSED] - Statement - batchqty = com.kms.katalon.core.webui.keyword.WebUiBuiltInKeywords.getAttribute(batch, "value").trim(): Attribute 'value' of object '' is: '3190'

2018-05-30 17:15:27 - [MESSAGE][PASSED] - Attribute 'value' of object '' is: '3190'

2018-05-30 17:15:27 - [TEST_STEP][PASSED] - Statement - Rqty = 100: null

2018-05-30 17:15:27 - [TEST_STEP][PASSED] - Statement - out.println("BatchQty : " + batchqty): null

2018-05-30 17:15:27 - [TEST_STEP][PASSED] - Statement - out.println("RQty : " + Rqty): null

2018-05-30 17:15:27 - [TEST_STEP][PASSED] - Statement - If (java.lang.Integer.valueOf(batchqty) >= java.lang.Integer.valueOf(Rqty)): null

2018-05-30 17:15:27 - [TEST_STEP][PASSED] - Statement - Break: null

2018-05-30 17:15:27 - [TEST_STEP][PASSED] - Statement - batchlength = new com.kms.katalon.core.testobject.TestObject(): null

2018-05-30 17:15:27 - [TEST_STEP][PASSED] - Statement - batchlength = com.kms.katalon.core.webui.keyword.WebUiBuiltInKeywords.modifyObjectProperty(batchlength, "xpath", "equals", "//*[@id = "fldvendor" + row + ""]", true): Modify property of object successfully

2018-05-30 17:15:27 - [MESSAGE][PASSED] - Modify property of object successfully

2018-05-30 17:15:27 - [TEST_STEP][PASSED] - Statement - batchsize = com.kms.katalon.core.webui.keyword.WebUiBuiltInKeywords.getNumberOfTotalOption(batchlength): 14 options of object '' counted

2018-05-30 17:15:27 - [MESSAGE][PASSED] - 14 options of object '' counted

2018-05-30 17:15:27 - [TEST_STEP][PASSED] - Statement - out.println("BatchSize : " + batchsize): null

2018-05-30 17:15:27 - [TEST_STEP][PASSED] - Statement - For ([n = 1, n <= batchsize - 1, (n++)]): null

2018-05-30 17:15:27 - [TEST_STEP][PASSED] - Statement - product = new com.kms.katalon.core.testobject.TestObject(): null

2018-05-30 17:15:27 - [TEST_STEP][PASSED] - Statement - product = com.kms.katalon.core.webui.keyword.WebUiBuiltInKeywords.modifyObjectProperty(product, "xpath", "equals", "//*[@id = "fldvendor" + row + ""]", true): Modify property of object successfully

2018-05-30 17:15:27 - [MESSAGE][PASSED] - Modify property of object successfully

2018-05-30 17:15:27 - [TEST_STEP][PASSED] - selectOptionByIndex: All options with index in [1] are selected on object ''

2018-05-30 17:15:27 - [MESSAGE][PASSED] - All options with index in [1] are selected on object ''

2018-05-30 17:15:27 - [TEST_STEP][PASSED] - delay: Delayed 2 second(s)

2018-05-30 17:15:29 - [MESSAGE][PASSED] - Delayed 2 second(s)

2018-05-30 17:15:29 - [TEST_STEP][PASSED] - Statement - batch = new com.kms.katalon.core.testobject.TestObject(): null

2018-05-30 17:15:29 - [TEST_STEP][PASSED] - Statement - batch = com.kms.katalon.core.webui.keyword.WebUiBuiltInKeywords.modifyObjectProperty(batch, "xpath", "equals", "//*[@id = "txtbthqty" + row + ""]", true): Modify property of object successfully

2018-05-30 17:15:29 - [MESSAGE][PASSED] - Modify property of object successfully

2018-05-30 17:15:29 - [TEST_STEP][PASSED] - Statement - batchqty = com.kms.katalon.core.webui.keyword.WebUiBuiltInKeywords.getAttribute(batch, "value").trim(): Attribute 'value' of object '' is: '3000'

2018-05-30 17:15:29 - [MESSAGE][PASSED] - Attribute 'value' of object '' is: '3000'

2018-05-30 17:15:29 - [TEST_STEP][PASSED] - Statement - Rqty = 100: null

2018-05-30 17:15:29 - [TEST_STEP][PASSED] - Statement - out.println("BatchQty : " + batchqty): null

2018-05-30 17:15:29 - [TEST_STEP][PASSED] - Statement - out.println("RQty : " + Rqty): null

2018-05-30 17:15:29 - [TEST_STEP][PASSED] - Statement - If (java.lang.Integer.valueOf(batchqty) >= java.lang.Integer.valueOf(Rqty)): null

2018-05-30 17:15:29 - [TEST_STEP][PASSED] - Statement - Break: null

2018-05-30 17:15:29 - [TEST_STEP][PASSED] - Statement - batchlength = new com.kms.katalon.core.testobject.TestObject(): null

2018-05-30 17:15:29 - [TEST_STEP][PASSED] - Statement - batchlength = com.kms.katalon.core.webui.keyword.WebUiBuiltInKeywords.modifyObjectProperty(batchlength, "xpath", "equals", "//*[@id = "fldvendor" + row + ""]", true): Modify property of object successfully

2018-05-30 17:15:29 - [MESSAGE][PASSED] - Modify property of object successfully

2018-05-30 17:15:29 - [TEST_STEP][PASSED] - Statement - batchsize = com.kms.katalon.core.webui.keyword.WebUiBuiltInKeywords.getNumberOfTotalOption(batchlength): 12 options of object '' counted

2018-05-30 17:15:29 - [MESSAGE][PASSED] - 12 options of object '' counted

2018-05-30 17:15:29 - [TEST_STEP][PASSED] - Statement - out.println("BatchSize : " + batchsize): null

2018-05-30 17:15:29 - [TEST_STEP][PASSED] - Statement - For ([n = 1, n <= batchsize - 1, (n++)]): null

2018-05-30 17:15:29 - [TEST_STEP][PASSED] - Statement - product = new com.kms.katalon.core.testobject.TestObject(): null

2018-05-30 17:15:29 - [TEST_STEP][PASSED] - Statement - product = com.kms.katalon.core.webui.keyword.WebUiBuiltInKeywords.modifyObjectProperty(product, "xpath", "equals", "//*[@id = "fldvendor" + row + ""]", true): Modify property of object successfully

2018-05-30 17:15:29 - [MESSAGE][PASSED] - Modify property of object successfully

2018-05-30 17:15:29 - [TEST_STEP][PASSED] - selectOptionByIndex: All options with index in [1] are selected on object ''

2018-05-30 17:15:29 - [MESSAGE][PASSED] - All options with index in [1] are selected on object ''

2018-05-30 17:15:29 - [TEST_STEP][PASSED] - delay: Delayed 2 second(s)

2018-05-30 17:15:31 - [MESSAGE][PASSED] - Delayed 2 second(s)

2018-05-30 17:15:31 - [TEST_STEP][PASSED] - Statement - batch = new com.kms.katalon.core.testobject.TestObject(): null

2018-05-30 17:15:31 - [TEST_STEP][PASSED] - Statement - batch = com.kms.katalon.core.webui.keyword.WebUiBuiltInKeywords.modifyObjectProperty(batch, "xpath", "equals", "//*[@id = "txtbthqty" + row + ""]", true): Modify property of object successfully

2018-05-30 17:15:31 - [MESSAGE][PASSED] - Modify property of object successfully

2018-05-30 17:15:31 - [TEST_STEP][PASSED] - Statement - batchqty = com.kms.katalon.core.webui.keyword.WebUiBuiltInKeywords.getAttribute(batch, "value").trim(): Attribute 'value' of object '' is: '4200'

2018-05-30 17:15:31 - [MESSAGE][PASSED] - Attribute 'value' of object '' is: '4200'

2018-05-30 17:15:31 - [TEST_STEP][PASSED] - Statement - Rqty = 100: null

2018-05-30 17:15:31 - [TEST_STEP][PASSED] - Statement - out.println("BatchQty : " + batchqty): null

2018-05-30 17:15:31 - [TEST_STEP][PASSED] - Statement - out.println("RQty : " + Rqty): null

2018-05-30 17:15:31 - [TEST_STEP][PASSED] - Statement - If (java.lang.Integer.valueOf(batchqty) >= java.lang.Integer.valueOf(Rqty)): null

2018-05-30 17:15:31 - [TEST_STEP][PASSED] - Statement - Break: null

2018-05-30 17:15:31 - [TEST_STEP][PASSED] - Statement - batchlength = new com.kms.katalon.core.testobject.TestObject(): null

2018-05-30 17:15:31 - [TEST_STEP][PASSED] - Statement - batchlength = com.kms.katalon.core.webui.keyword.WebUiBuiltInKeywords.modifyObjectProperty(batchlength, "xpath", "equals", "//*[@id = "fldvendor" + row + ""]", true): Modify property of object successfully

2018-05-30 17:15:31 - [MESSAGE][PASSED] - Modify property of object successfully

2018-05-30 17:15:31 - [TEST_STEP][PASSED] - Statement - batchsize = com.kms.katalon.core.webui.keyword.WebUiBuiltInKeywords.getNumberOfTotalOption(batchlength): 12 options of object '' counted

2018-05-30 17:15:31 - [MESSAGE][PASSED] - 12 options of object '' counted

2018-05-30 17:15:31 - [TEST_STEP][PASSED] - Statement - out.println("BatchSize : " + batchsize): null

2018-05-30 17:15:31 - [TEST_STEP][PASSED] - Statement - For ([n = 1, n <= batchsize - 1, (n++)]): null

2018-05-30 17:15:31 - [TEST_STEP][PASSED] - Statement - product = new com.kms.katalon.core.testobject.TestObject(): null

2018-05-30 17:15:31 - [TEST_STEP][PASSED] - Statement - product = com.kms.katalon.core.webui.keyword.WebUiBuiltInKeywords.modifyObjectProperty(product, "xpath", "equals", "//*[@id = "fldvendor" + row + ""]", true): Modify property of object successfully

2018-05-30 17:15:31 - [MESSAGE][PASSED] - Modify property of object successfully

2018-05-30 17:15:31 - [TEST_STEP][PASSED] - selectOptionByIndex: All options with index in [1] are selected on object ''

2018-05-30 17:15:32 - [MESSAGE][PASSED] - All options with index in [1] are selected on object ''

2018-05-30 17:15:32 - [TEST_STEP][PASSED] - delay: Delayed 2 second(s)

2018-05-30 17:15:34 - [MESSAGE][PASSED] - Delayed 2 second(s)

2018-05-30 17:15:34 - [TEST_STEP][PASSED] - Statement - batch = new com.kms.katalon.core.testobject.TestObject(): null

2018-05-30 17:15:34 - [TEST_STEP][PASSED] - Statement - batch = com.kms.katalon.core.webui.keyword.WebUiBuiltInKeywords.modifyObjectProperty(batch, "xpath", "equals", "//*[@id = "txtbthqty" + row + ""]", true): Modify property of object successfully

2018-05-30 17:15:34 - [MESSAGE][PASSED] - Modify property of object successfully

2018-05-30 17:15:34 - [TEST_STEP][PASSED] - Statement - batchqty = com.kms.katalon.core.webui.keyword.WebUiBuiltInKeywords.getAttribute(batch, "value").trim(): Attribute 'value' of object '' is: '4200'

2018-05-30 17:15:34 - [MESSAGE][PASSED] - Attribute 'value' of object '' is: '4200'

2018-05-30 17:15:34 - [TEST_STEP][PASSED] - Statement - Rqty = 100: null

2018-05-30 17:15:34 - [TEST_STEP][PASSED] - Statement - out.println("BatchQty : " + batchqty): null

2018-05-30 17:15:34 - [TEST_STEP][PASSED] - Statement - out.println("RQty : " + Rqty): null

2018-05-30 17:15:34 - [TEST_STEP][PASSED] - Statement - If (java.lang.Integer.valueOf(batchqty) >= java.lang.Integer.valueOf(Rqty)): null

2018-05-30 17:15:34 - [TEST_STEP][PASSED] - Statement - Break: null

2018-05-30 17:15:34 - [TEST_STEP][PASSED] - Statement - batchlength = new com.kms.katalon.core.testobject.TestObject(): null

2018-05-30 17:15:34 - [TEST_STEP][PASSED] - Statement - batchlength = com.kms.katalon.core.webui.keyword.WebUiBuiltInKeywords.modifyObjectProperty(batchlength, "xpath", "equals", "//*[@id = "fldvendor" + row + ""]", true): Modify property of object successfully

2018-05-30 17:15:34 - [MESSAGE][PASSED] - Modify property of object successfully

2018-05-30 17:15:34 - [TEST_STEP][PASSED] - Statement - batchsize = com.kms.katalon.core.webui.keyword.WebUiBuiltInKeywords.getNumberOfTotalOption(batchlength): 12 options of object '' counted

2018-05-30 17:15:34 - [MESSAGE][PASSED] - 12 options of object '' counted

2018-05-30 17:15:34 - [TEST_STEP][PASSED] - Statement - out.println("BatchSize : " + batchsize): null

2018-05-30 17:15:34 - [TEST_STEP][PASSED] - Statement - For ([n = 1, n <= batchsize - 1, (n++)]): null

2018-05-30 17:15:34 - [TEST_STEP][PASSED] - Statement - product = new com.kms.katalon.core.testobject.TestObject(): null

2018-05-30 17:15:34 - [TEST_STEP][PASSED] - Statement - product = com.kms.katalon.core.webui.keyword.WebUiBuiltInKeywords.modifyObjectProperty(product, "xpath", "equals", "//*[@id = "fldvendor" + row + ""]", true): Modify property of object successfully

2018-05-30 17:15:34 - [MESSAGE][PASSED] - Modify property of object successfully

2018-05-30 17:15:34 - [TEST_STEP][PASSED] - selectOptionByIndex: All options with index in [1] are selected on object ''

2018-05-30 17:15:34 - [MESSAGE][PASSED] - All options with index in [1] are selected on object ''

2018-05-30 17:15:34 - [TEST_STEP][PASSED] - delay: Delayed 2 second(s)

2018-05-30 17:15:36 - [MESSAGE][PASSED] - Delayed 2 second(s)

2018-05-30 17:15:36 - [TEST_STEP][PASSED] - Statement - batch = new com.kms.katalon.core.testobject.TestObject(): null

2018-05-30 17:15:36 - [TEST_STEP][PASSED] - Statement - batch = com.kms.katalon.core.webui.keyword.WebUiBuiltInKeywords.modifyObjectProperty(batch, "xpath", "equals", "//*[@id = "txtbthqty" + row + ""]", true): Modify property of object successfully

2018-05-30 17:15:36 - [MESSAGE][PASSED] - Modify property of object successfully

2018-05-30 17:15:36 - [TEST_STEP][PASSED] - Statement - batchqty = com.kms.katalon.core.webui.keyword.WebUiBuiltInKeywords.getAttribute(batch, "value").trim(): Attribute 'value' of object '' is: '4800'

2018-05-30 17:15:36 - [MESSAGE][PASSED] - Attribute 'value' of object '' is: '4800'

2018-05-30 17:15:36 - [TEST_STEP][PASSED] - Statement - Rqty = 100: null

2018-05-30 17:15:36 - [TEST_STEP][PASSED] - Statement - out.println("BatchQty : " + batchqty): null

2018-05-30 17:15:36 - [TEST_STEP][PASSED] - Statement - out.println("RQty : " + Rqty): null

2018-05-30 17:15:36 - [TEST_STEP][PASSED] - Statement - If (java.lang.Integer.valueOf(batchqty) >= java.lang.Integer.valueOf(Rqty)): null

2018-05-30 17:15:36 - [TEST_STEP][PASSED] - Statement - Break: null

2018-05-30 17:15:36 - [TEST_STEP][PASSED] - Statement - batchlength = new com.kms.katalon.core.testobject.TestObject(): null

2018-05-30 17:15:36 - [TEST_STEP][PASSED] - Statement - batchlength = com.kms.katalon.core.webui.keyword.WebUiBuiltInKeywords.modifyObjectProperty(batchlength, "xpath", "equals", "//*[@id = "fldvendor" + row + ""]", true): Modify property of object successfully

2018-05-30 17:15:36 - [MESSAGE][PASSED] - Modify property of object successfully

2018-05-30 17:15:36 - [TEST_STEP][PASSED] - Statement - batchsize = com.kms.katalon.core.webui.keyword.WebUiBuiltInKeywords.getNumberOfTotalOption(batchlength): 12 options of object '' counted

2018-05-30 17:15:36 - [MESSAGE][PASSED] - 12 options of object '' counted

2018-05-30 17:15:36 - [TEST_STEP][PASSED] - Statement - out.println("BatchSize : " + batchsize): null

2018-05-30 17:15:36 - [TEST_STEP][PASSED] - Statement - For ([n = 1, n <= batchsize - 1, (n++)]): null

2018-05-30 17:15:36 - [TEST_STEP][PASSED] - Statement - product = new com.kms.katalon.core.testobject.TestObject(): null

2018-05-30 17:15:36 - [TEST_STEP][PASSED] - Statement - product = com.kms.katalon.core.webui.keyword.WebUiBuiltInKeywords.modifyObjectProperty(product, "xpath", "equals", "//*[@id = "fldvendor" + row + ""]", true): Modify property of object successfully

2018-05-30 17:15:36 - [MESSAGE][PASSED] - Modify property of object successfully

2018-05-30 17:15:36 - [TEST_STEP][PASSED] - selectOptionByIndex: All options with index in [1] are selected on object ''

2018-05-30 17:15:36 - [MESSAGE][PASSED] - All options with index in [1] are selected on object ''

2018-05-30 17:15:36 - [TEST_STEP][PASSED] - delay: Delayed 2 second(s)

2018-05-30 17:15:38 - [MESSAGE][PASSED] - Delayed 2 second(s)

2018-05-30 17:15:38 - [TEST_STEP][PASSED] - Statement - batch = new com.kms.katalon.core.testobject.TestObject(): null

2018-05-30 17:15:38 - [TEST_STEP][PASSED] - Statement - batch = com.kms.katalon.core.webui.keyword.WebUiBuiltInKeywords.modifyObjectProperty(batch, "xpath", "equals", "//*[@id = "txtbthqty" + row + ""]", true): Modify property of object successfully

2018-05-30 17:15:38 - [MESSAGE][PASSED] - Modify property of object successfully

2018-05-30 17:15:38 - [TEST_STEP][PASSED] - Statement - batchqty = com.kms.katalon.core.webui.keyword.WebUiBuiltInKeywords.getAttribute(batch, "value").trim(): Attribute 'value' of object '' is: '4300'

2018-05-30 17:15:38 - [MESSAGE][PASSED] - Attribute 'value' of object '' is: '4300'

2018-05-30 17:15:38 - [TEST_STEP][PASSED] - Statement - Rqty = 100: null

2018-05-30 17:15:38 - [TEST_STEP][PASSED] - Statement - out.println("BatchQty : " + batchqty): null

2018-05-30 17:15:38 - [TEST_STEP][PASSED] - Statement - out.println("RQty : " + Rqty): null

2018-05-30 17:15:38 - [TEST_STEP][PASSED] - Statement - If (java.lang.Integer.valueOf(batchqty) >= java.lang.Integer.valueOf(Rqty)): null

2018-05-30 17:15:38 - [TEST_STEP][PASSED] - Statement - Break: null

2018-05-30 17:15:38 - [TEST_STEP][PASSED] - Statement - batchlength = new com.kms.katalon.core.testobject.TestObject(): null

2018-05-30 17:15:38 - [TEST_STEP][PASSED] - Statement - batchlength = com.kms.katalon.core.webui.keyword.WebUiBuiltInKeywords.modifyObjectProperty(batchlength, "xpath", "equals", "//*[@id = "fldvendor" + row + ""]", true): Modify property of object successfully

2018-05-30 17:15:38 - [MESSAGE][PASSED] - Modify property of object successfully

2018-05-30 17:15:38 - [TEST_STEP][PASSED] - Statement - batchsize = com.kms.katalon.core.webui.keyword.WebUiBuiltInKeywords.getNumberOfTotalOption(batchlength): 11 options of object '' counted

2018-05-30 17:15:38 - [MESSAGE][PASSED] - 11 options of object '' counted

2018-05-30 17:15:38 - [TEST_STEP][PASSED] - Statement - out.println("BatchSize : " + batchsize): null

2018-05-30 17:15:38 - [TEST_STEP][PASSED] - Statement - For ([n = 1, n <= batchsize - 1, (n++)]): null

2018-05-30 17:15:38 - [TEST_STEP][PASSED] - Statement - product = new com.kms.katalon.core.testobject.TestObject(): null

2018-05-30 17:15:38 - [TEST_STEP][PASSED] - Statement - product = com.kms.katalon.core.webui.keyword.WebUiBuiltInKeywords.modifyObjectProperty(product, "xpath", "equals", "//*[@id = "fldvendor" + row + ""]", true): Modify property of object successfully

2018-05-30 17:15:38 - [MESSAGE][PASSED] - Modify property of object successfully

2018-05-30 17:15:38 - [TEST_STEP][PASSED] - selectOptionByIndex: All options with index in [1] are selected on object ''

2018-05-30 17:15:38 - [MESSAGE][PASSED] - All options with index in [1] are selected on object ''

2018-05-30 17:15:38 - [TEST_STEP][PASSED] - delay: Delayed 2 second(s)

2018-05-30 17:15:40 - [MESSAGE][PASSED] - Delayed 2 second(s)

2018-05-30 17:15:40 - [TEST_STEP][PASSED] - Statement - batch = new com.kms.katalon.core.testobject.TestObject(): null

2018-05-30 17:15:40 - [TEST_STEP][PASSED] - Statement - batch = com.kms.katalon.core.webui.keyword.WebUiBuiltInKeywords.modifyObjectProperty(batch, "xpath", "equals", "//*[@id = "txtbthqty" + row + ""]", true): Modify property of object successfully

2018-05-30 17:15:40 - [MESSAGE][PASSED] - Modify property of object successfully

2018-05-30 17:15:40 - [TEST_STEP][PASSED] - Statement - batchqty = com.kms.katalon.core.webui.keyword.WebUiBuiltInKeywords.getAttribute(batch, "value").trim(): Attribute 'value' of object '' is: '4800'

2018-05-30 17:15:40 - [MESSAGE][PASSED] - Attribute 'value' of object '' is: '4800'

2018-05-30 17:15:40 - [TEST_STEP][PASSED] - Statement - Rqty = 100: null

2018-05-30 17:15:40 - [TEST_STEP][PASSED] - Statement - out.println("BatchQty : " + batchqty): null

2018-05-30 17:15:40 - [TEST_STEP][PASSED] - Statement - out.println("RQty : " + Rqty): null

2018-05-30 17:15:40 - [TEST_STEP][PASSED] - Statement - If (java.lang.Integer.valueOf(batchqty) >= java.lang.Integer.valueOf(Rqty)): null

2018-05-30 17:15:40 - [TEST_STEP][PASSED] - Statement - Break: null

2018-05-30 17:15:40 - [TEST_STEP][PASSED] - Statement - batchlength = new com.kms.katalon.core.testobject.TestObject(): null

2018-05-30 17:15:40 - [TEST_STEP][PASSED] - Statement - batchlength = com.kms.katalon.core.webui.keyword.WebUiBuiltInKeywords.modifyObjectProperty(batchlength, "xpath", "equals", "//*[@id = "fldvendor" + row + ""]", true): Modify property of object successfully

2018-05-30 17:15:40 - [MESSAGE][PASSED] - Modify property of object successfully

2018-05-30 17:15:40 - [TEST_STEP][PASSED] - Statement - batchsize = com.kms.katalon.core.webui.keyword.WebUiBuiltInKeywords.getNumberOfTotalOption(batchlength): 11 options of object '' counted

2018-05-30 17:15:40 - [MESSAGE][PASSED] - 11 options of object '' counted

2018-05-30 17:15:40 - [TEST_STEP][PASSED] - Statement - out.println("BatchSize : " + batchsize): null

2018-05-30 17:15:40 - [TEST_STEP][PASSED] - Statement - For ([n = 1, n <= batchsize - 1, (n++)]): null

2018-05-30 17:15:40 - [TEST_STEP][PASSED] - Statement - product = new com.kms.katalon.core.testobject.TestObject(): null

2018-05-30 17:15:40 - [TEST_STEP][PASSED] - Statement - product = com.kms.katalon.core.webui.keyword.WebUiBuiltInKeywords.modifyObjectProperty(product, "xpath", "equals", "//*[@id = "fldvendor" + row + ""]", true): Modify property of object successfully

2018-05-30 17:15:40 - [MESSAGE][PASSED] - Modify property of object successfully

2018-05-30 17:15:40 - [TEST_STEP][PASSED] - selectOptionByIndex: All options with index in [1] are selected on object ''

2018-05-30 17:15:41 - [MESSAGE][PASSED] - All options with index in [1] are selected on object ''

2018-05-30 17:15:41 - [TEST_STEP][PASSED] - delay: Delayed 2 second(s)

2018-05-30 17:15:43 - [MESSAGE][PASSED] - Delayed 2 second(s)

2018-05-30 17:15:43 - [TEST_STEP][PASSED] - Statement - batch = new com.kms.katalon.core.testobject.TestObject(): null

2018-05-30 17:15:43 - [TEST_STEP][PASSED] - Statement - batch = com.kms.katalon.core.webui.keyword.WebUiBuiltInKeywords.modifyObjectProperty(batch, "xpath", "equals", "//*[@id = "txtbthqty" + row + ""]", true): Modify property of object successfully

2018-05-30 17:15:43 - [MESSAGE][PASSED] - Modify property of object successfully

2018-05-30 17:15:43 - [TEST_STEP][PASSED] - Statement - batchqty = com.kms.katalon.core.webui.keyword.WebUiBuiltInKeywords.getAttribute(batch, "value").trim(): Attribute 'value' of object '' is: '4800'

2018-05-30 17:15:43 - [MESSAGE][PASSED] - Attribute 'value' of object '' is: '4800'

2018-05-30 17:15:43 - [TEST_STEP][PASSED] - Statement - Rqty = 100: null

2018-05-30 17:15:43 - [TEST_STEP][PASSED] - Statement - out.println("BatchQty : " + batchqty): null

2018-05-30 17:15:43 - [TEST_STEP][PASSED] - Statement - out.println("RQty : " + Rqty): null

2018-05-30 17:15:43 - [TEST_STEP][PASSED] - Statement - If (java.lang.Integer.valueOf(batchqty) >= java.lang.Integer.valueOf(Rqty)): null

2018-05-30 17:15:43 - [TEST_STEP][PASSED] - Statement - Break: null

2018-05-30 17:15:43 - [TEST_STEP][PASSED] - Statement - batchlength = new com.kms.katalon.core.testobject.TestObject(): null

2018-05-30 17:15:43 - [TEST_STEP][PASSED] - Statement - batchlength = com.kms.katalon.core.webui.keyword.WebUiBuiltInKeywords.modifyObjectProperty(batchlength, "xpath", "equals", "//*[@id = "fldvendor" + row + ""]", true): Modify property of object successfully

2018-05-30 17:15:43 - [MESSAGE][PASSED] - Modify property of object successfully

2018-05-30 17:15:43 - [TEST_STEP][PASSED] - Statement - batchsize = com.kms.katalon.core.webui.keyword.WebUiBuiltInKeywords.getNumberOfTotalOption(batchlength): 12 options of object '' counted

2018-05-30 17:15:43 - [MESSAGE][PASSED] - 12 options of object '' counted

2018-05-30 17:15:43 - [TEST_STEP][PASSED] - Statement - out.println("BatchSize : " + batchsize): null

2018-05-30 17:15:43 - [TEST_STEP][PASSED] - Statement - For ([n = 1, n <= batchsize - 1, (n++)]): null

2018-05-30 17:15:43 - [TEST_STEP][PASSED] - Statement - product = new com.kms.katalon.core.testobject.TestObject(): null

2018-05-30 17:15:43 - [TEST_STEP][PASSED] - Statement - product = com.kms.katalon.core.webui.keyword.WebUiBuiltInKeywords.modifyObjectProperty(product, "xpath", "equals", "//*[@id = "fldvendor" + row + ""]", true): Modify property of object successfully

2018-05-30 17:15:43 - [MESSAGE][PASSED] - Modify property of object successfully

2018-05-30 17:15:43 - [TEST_STEP][PASSED] - selectOptionByIndex: All options with index in [1] are selected on object ''

2018-05-30 17:15:45 - [MESSAGE][PASSED] - All options with index in [1] are selected on object ''

2018-05-30 17:15:45 - [TEST_STEP][PASSED] - delay: Delayed 2 second(s)

2018-05-30 17:15:47 - [MESSAGE][PASSED] - Delayed 2 second(s)

2018-05-30 17:15:47 - [TEST_STEP][PASSED] - Statement - batch = new com.kms.katalon.core.testobject.TestObject(): null

2018-05-30 17:15:47 - [TEST_STEP][PASSED] - Statement - batch = com.kms.katalon.core.webui.keyword.WebUiBuiltInKeywords.modifyObjectProperty(batch, "xpath", "equals", "//*[@id = "txtbthqty" + row + ""]", true): Modify property of object successfully

2018-05-30 17:15:47 - [MESSAGE][PASSED] - Modify property of object successfully

2018-05-30 17:15:47 - [TEST_STEP][PASSED] - Statement - batchqty = com.kms.katalon.core.webui.keyword.WebUiBuiltInKeywords.getAttribute(batch, "value").trim(): Attribute 'value' of object '' is: '4300'

2018-05-30 17:15:47 - [MESSAGE][PASSED] - Attribute 'value' of object '' is: '4300'

2018-05-30 17:15:47 - [TEST_STEP][PASSED] - Statement - Rqty = 100: null

2018-05-30 17:15:47 - [TEST_STEP][PASSED] - Statement - out.println("BatchQty : " + batchqty): null

2018-05-30 17:15:47 - [TEST_STEP][PASSED] - Statement - out.println("RQty : " + Rqty): null

2018-05-30 17:15:47 - [TEST_STEP][PASSED] - Statement - If (java.lang.Integer.valueOf(batchqty) >= java.lang.Integer.valueOf(Rqty)): null

2018-05-30 17:15:47 - [TEST_STEP][PASSED] - Statement - Break: null

2018-05-30 17:15:47 - [TEST_STEP][PASSED] - Statement - batchlength = new com.kms.katalon.core.testobject.TestObject(): null

2018-05-30 17:15:47 - [TEST_STEP][PASSED] - Statement - batchlength = com.kms.katalon.core.webui.keyword.WebUiBuiltInKeywords.modifyObjectProperty(batchlength, "xpath", "equals", "//*[@id = "fldvendor" + row + ""]", true): Modify property of object successfully

2018-05-30 17:15:47 - [MESSAGE][PASSED] - Modify property of object successfully

2018-05-30 17:15:47 - [TEST_STEP][PASSED] - Statement - batchsize = com.kms.katalon.core.webui.keyword.WebUiBuiltInKeywords.getNumberOfTotalOption(batchlength): 11 options of object '' counted

2018-05-30 17:15:47 - [MESSAGE][PASSED] - 11 options of object '' counted

2018-05-30 17:15:47 - [TEST_STEP][PASSED] - Statement - out.println("BatchSize : " + batchsize): null

2018-05-30 17:15:47 - [TEST_STEP][PASSED] - Statement - For ([n = 1, n <= batchsize - 1, (n++)]): null

2018-05-30 17:15:47 - [TEST_STEP][PASSED] - Statement - product = new com.kms.katalon.core.testobject.TestObject(): null

2018-05-30 17:15:47 - [TEST_STEP][PASSED] - Statement - product = com.kms.katalon.core.webui.keyword.WebUiBuiltInKeywords.modifyObjectProperty(product, "xpath", "equals", "//*[@id = "fldvendor" + row + ""]", true): Modify property of object successfully

2018-05-30 17:15:47 - [MESSAGE][PASSED] - Modify property of object successfully

2018-05-30 17:15:47 - [TEST_STEP][PASSED] - selectOptionByIndex: All options with index in [1] are selected on object ''

2018-05-30 17:15:47 - [MESSAGE][PASSED] - All options with index in [1] are selected on object ''

2018-05-30 17:15:47 - [TEST_STEP][PASSED] - delay: Delayed 2 second(s)

2018-05-30 17:15:49 - [MESSAGE][PASSED] - Delayed 2 second(s)

2018-05-30 17:15:49 - [TEST_STEP][PASSED] - Statement - batch = new com.kms.katalon.core.testobject.TestObject(): null

2018-05-30 17:15:49 - [TEST_STEP][PASSED] - Statement - batch = com.kms.katalon.core.webui.keyword.WebUiBuiltInKeywords.modifyObjectProperty(batch, "xpath", "equals", "//*[@id = "txtbthqty" + row + ""]", true): Modify property of object successfully

2018-05-30 17:15:49 - [MESSAGE][PASSED] - Modify property of object successfully

2018-05-30 17:15:49 - [TEST_STEP][PASSED] - Statement - batchqty = com.kms.katalon.core.webui.keyword.WebUiBuiltInKeywords.getAttribute(batch, "value").trim(): Attribute 'value' of object '' is: '4800'

2018-05-30 17:15:49 - [MESSAGE][PASSED] - Attribute 'value' of object '' is: '4800'

2018-05-30 17:15:49 - [TEST_STEP][PASSED] - Statement - Rqty = 100: null

2018-05-30 17:15:49 - [TEST_STEP][PASSED] - Statement - out.println("BatchQty : " + batchqty): null

2018-05-30 17:15:49 - [TEST_STEP][PASSED] - Statement - out.println("RQty : " + Rqty): null

2018-05-30 17:15:49 - [TEST_STEP][PASSED] - Statement - If (java.lang.Integer.valueOf(batchqty) >= java.lang.Integer.valueOf(Rqty)): null

2018-05-30 17:15:49 - [TEST_STEP][PASSED] - Statement - Break: null

2018-05-30 17:15:49 - [TEST_STEP][PASSED] - Statement - batchlength = new com.kms.katalon.core.testobject.TestObject(): null

2018-05-30 17:15:49 - [TEST_STEP][PASSED] - Statement - batchlength = com.kms.katalon.core.webui.keyword.WebUiBuiltInKeywords.modifyObjectProperty(batchlength, "xpath", "equals", "//*[@id = "fldvendor" + row + ""]", true): Modify property of object successfully

2018-05-30 17:15:49 - [MESSAGE][PASSED] - Modify property of object successfully

2018-05-30 17:15:49 - [TEST_STEP][PASSED] - Statement - batchsize = com.kms.katalon.core.webui.keyword.WebUiBuiltInKeywords.getNumberOfTotalOption(batchlength): 12 options of object '' counted

2018-05-30 17:15:49 - [MESSAGE][PASSED] - 12 options of object '' counted

2018-05-30 17:15:49 - [TEST_STEP][PASSED] - Statement - out.println("BatchSize : " + batchsize): null

2018-05-30 17:15:49 - [TEST_STEP][PASSED] - Statement - For ([n = 1, n <= batchsize - 1, (n++)]): null

2018-05-30 17:15:49 - [TEST_STEP][PASSED] - Statement - product = new com.kms.katalon.core.testobject.TestObject(): null

2018-05-30 17:15:49 - [TEST_STEP][PASSED] - Statement - product = com.kms.katalon.core.webui.keyword.WebUiBuiltInKeywords.modifyObjectProperty(product, "xpath", "equals", "//*[@id = "fldvendor" + row + ""]", true): Modify property of object successfully

2018-05-30 17:15:49 - [MESSAGE][PASSED] - Modify property of object successfully

2018-05-30 17:15:50 - [TEST_STEP][PASSED] - selectOptionByIndex: All options with index in [1] are selected on object ''

2018-05-30 17:15:50 - [MESSAGE][PASSED] - All options with index in [1] are selected on object ''

2018-05-30 17:15:50 - [TEST_STEP][PASSED] - delay: Delayed 2 second(s)

2018-05-30 17:15:52 - [MESSAGE][PASSED] - Delayed 2 second(s)

2018-05-30 17:15:52 - [TEST_STEP][PASSED] - Statement - batch = new com.kms.katalon.core.testobject.TestObject(): null

2018-05-30 17:15:52 - [TEST_STEP][PASSED] - Statement - batch = com.kms.katalon.core.webui.keyword.WebUiBuiltInKeywords.modifyObjectProperty(batch, "xpath", "equals", "//*[@id = "txtbthqty" + row + ""]", true): Modify property of object successfully

2018-05-30 17:15:57 - [MESSAGE][PASSED] - Modify property of object successfully

2018-05-30 17:15:57 - [TEST_STEP][PASSED] - Statement - batchqty = com.kms.katalon.core.webui.keyword.WebUiBuiltInKeywords.getAttribute(batch, "value").trim(): Attribute 'value' of object '' is: '3300'

2018-05-30 17:15:57 - [MESSAGE][PASSED] - Attribute 'value' of object '' is: '3300'

2018-05-30 17:15:57 - [TEST_STEP][PASSED] - Statement - Rqty = 100: null

2018-05-30 17:15:57 - [TEST_STEP][PASSED] - Statement - out.println("BatchQty : " + batchqty): null

2018-05-30 17:15:57 - [TEST_STEP][PASSED] - Statement - out.println("RQty : " + Rqty): null

2018-05-30 17:15:57 - [TEST_STEP][PASSED] - Statement - If (java.lang.Integer.valueOf(batchqty) >= java.lang.Integer.valueOf(Rqty)): null

2018-05-30 17:15:57 - [TEST_STEP][PASSED] - Statement - Break: null

2018-05-30 17:15:57 - [TEST_STEP][PASSED] - Statement - batchlength = new com.kms.katalon.core.testobject.TestObject(): null

2018-05-30 17:15:57 - [TEST_STEP][PASSED] - Statement - batchlength = com.kms.katalon.core.webui.keyword.WebUiBuiltInKeywords.modifyObjectProperty(batchlength, "xpath", "equals", "//*[@id = "fldvendor" + row + ""]", true): Modify property of object successfully

2018-05-30 17:15:57 - [MESSAGE][PASSED] - Modify property of object successfully

2018-05-30 17:15:57 - [TEST_STEP][PASSED] - Statement - batchsize = com.kms.katalon.core.webui.keyword.WebUiBuiltInKeywords.getNumberOfTotalOption(batchlength): 12 options of object '' counted

2018-05-30 17:15:57 - [MESSAGE][PASSED] - 12 options of object '' counted

2018-05-30 17:15:57 - [TEST_STEP][PASSED] - Statement - out.println("BatchSize : " + batchsize): null

2018-05-30 17:15:57 - [TEST_STEP][PASSED] - Statement - For ([n = 1, n <= batchsize - 1, (n++)]): null

2018-05-30 17:15:57 - [TEST_STEP][PASSED] - Statement - product = new com.kms.katalon.core.testobject.TestObject(): null

2018-05-30 17:15:57 - [TEST_STEP][PASSED] - Statement - product = com.kms.katalon.core.webui.keyword.WebUiBuiltInKeywords.modifyObjectProperty(product, "xpath", "equals", "//*[@id = "fldvendor" + row + ""]", true): Modify property of object successfully

2018-05-30 17:15:57 - [MESSAGE][PASSED] - Modify property of object successfully

2018-05-30 17:15:57 - [TEST_STEP][PASSED] - selectOptionByIndex: All options with index in [1] are selected on object ''

2018-05-30 17:15:57 - [MESSAGE][PASSED] - All options with index in [1] are selected on object ''

2018-05-30 17:15:57 - [TEST_STEP][PASSED] - delay: Delayed 2 second(s)

2018-05-30 17:15:59 - [MESSAGE][PASSED] - Delayed 2 second(s)

2018-05-30 17:15:59 - [TEST_STEP][PASSED] - Statement - batch = new com.kms.katalon.core.testobject.TestObject(): null

2018-05-30 17:15:59 - [TEST_STEP][PASSED] - Statement - batch = com.kms.katalon.core.webui.keyword.WebUiBuiltInKeywords.modifyObjectProperty(batch, "xpath", "equals", "//*[@id = "txtbthqty" + row + ""]", true): Modify property of object successfully

2018-05-30 17:15:59 - [MESSAGE][PASSED] - Modify property of object successfully

2018-05-30 17:15:59 - [TEST_STEP][PASSED] - Statement - batchqty = com.kms.katalon.core.webui.keyword.WebUiBuiltInKeywords.getAttribute(batch, "value").trim(): Attribute 'value' of object '' is: '38100'

2018-05-30 17:15:59 - [MESSAGE][PASSED] - Attribute 'value' of object '' is: '38100'

2018-05-30 17:15:59 - [TEST_STEP][PASSED] - Statement - Rqty = 100: null

2018-05-30 17:15:59 - [TEST_STEP][PASSED] - Statement - out.println("BatchQty : " + batchqty): null

2018-05-30 17:15:59 - [TEST_STEP][PASSED] - Statement - out.println("RQty : " + Rqty): null

2018-05-30 17:15:59 - [TEST_STEP][PASSED] - Statement - If (java.lang.Integer.valueOf(batchqty) >= java.lang.Integer.valueOf(Rqty)): null

2018-05-30 17:15:59 - [TEST_STEP][PASSED] - Statement - Break: null

2018-05-30 17:15:59 - [TEST_STEP][PASSED] - Statement - batchlength = new com.kms.katalon.core.testobject.TestObject(): null

2018-05-30 17:15:59 - [TEST_STEP][PASSED] - Statement - batchlength = com.kms.katalon.core.webui.keyword.WebUiBuiltInKeywords.modifyObjectProperty(batchlength, "xpath", "equals", "//*[@id = "fldvendor" + row + ""]", true): Modify property of object successfully

2018-05-30 17:15:59 - [MESSAGE][PASSED] - Modify property of object successfully

2018-05-30 17:15:59 - [TEST_STEP][PASSED] - Statement - batchsize = com.kms.katalon.core.webui.keyword.WebUiBuiltInKeywords.getNumberOfTotalOption(batchlength): 12 options of object '' counted

2018-05-30 17:15:59 - [MESSAGE][PASSED] - 12 options of object '' counted

2018-05-30 17:15:59 - [TEST_STEP][PASSED] - Statement - out.println("BatchSize : " + batchsize): null

2018-05-30 17:15:59 - [TEST_STEP][PASSED] - Statement - For ([n = 1, n <= batchsize - 1, (n++)]): null

2018-05-30 17:15:59 - [TEST_STEP][PASSED] - Statement - product = new com.kms.katalon.core.testobject.TestObject(): null

2018-05-30 17:15:59 - [TEST_STEP][PASSED] - Statement - product = com.kms.katalon.core.webui.keyword.WebUiBuiltInKeywords.modifyObjectProperty(product, "xpath", "equals", "//*[@id = "fldvendor" + row + ""]", true): Modify property of object successfully

2018-05-30 17:15:59 - [MESSAGE][PASSED] - Modify property of object successfully

2018-05-30 17:15:59 - [TEST_STEP][PASSED] - selectOptionByIndex: All options with index in [1] are selected on object ''

2018-05-30 17:16:00 - [MESSAGE][PASSED] - All options with index in [1] are selected on object ''

2018-05-30 17:16:00 - [TEST_STEP][PASSED] - delay: Delayed 2 second(s)

2018-05-30 17:16:02 - [MESSAGE][PASSED] - Delayed 2 second(s)

2018-05-30 17:16:02 - [TEST_STEP][PASSED] - Statement - batch = new com.kms.katalon.core.testobject.TestObject(): null

2018-05-30 17:16:02 - [TEST_STEP][PASSED] - Statement - batch = com.kms.katalon.core.webui.keyword.WebUiBuiltInKeywords.modifyObjectProperty(batch, "xpath", "equals", "//*[@id = "txtbthqty" + row + ""]", true): Modify property of object successfully

2018-05-30 17:16:02 - [MESSAGE][PASSED] - Modify property of object successfully

2018-05-30 17:16:02 - [TEST_STEP][PASSED] - Statement - batchqty = com.kms.katalon.core.webui.keyword.WebUiBuiltInKeywords.getAttribute(batch, "value").trim(): Attribute 'value' of object '' is: '4300'

2018-05-30 17:16:02 - [MESSAGE][PASSED] - Attribute 'value' of object '' is: '4300'

2018-05-30 17:16:02 - [TEST_STEP][PASSED] - Statement - Rqty = 100: null

2018-05-30 17:16:02 - [TEST_STEP][PASSED] - Statement - out.println("BatchQty : " + batchqty): null

2018-05-30 17:16:02 - [TEST_STEP][PASSED] - Statement - out.println("RQty : " + Rqty): null

2018-05-30 17:16:02 - [TEST_STEP][PASSED] - Statement - If (java.lang.Integer.valueOf(batchqty) >= java.lang.Integer.valueOf(Rqty)): null

2018-05-30 17:16:02 - [TEST_STEP][PASSED] - Statement - Break: null

2018-05-30 17:16:02 - [TEST_STEP][PASSED] - Statement - batchlength = new com.kms.katalon.core.testobject.TestObject(): null

2018-05-30 17:16:02 - [TEST_STEP][PASSED] - Statement - batchlength = com.kms.katalon.core.webui.keyword.WebUiBuiltInKeywords.modifyObjectProperty(batchlength, "xpath", "equals", "//*[@id = "fldvendor" + row + ""]", true): Modify property of object successfully

2018-05-30 17:16:02 - [MESSAGE][PASSED] - Modify property of object successfully

2018-05-30 17:16:02 - [TEST_STEP][PASSED] - Statement - batchsize = com.kms.katalon.core.webui.keyword.WebUiBuiltInKeywords.getNumberOfTotalOption(batchlength): 11 options of object '' counted

2018-05-30 17:16:02 - [MESSAGE][PASSED] - 11 options of object '' counted

2018-05-30 17:16:02 - [TEST_STEP][PASSED] - Statement - out.println("BatchSize : " + batchsize): null

2018-05-30 17:16:02 - [TEST_STEP][PASSED] - Statement - For ([n = 1, n <= batchsize - 1, (n++)]): null

2018-05-30 17:16:02 - [TEST_STEP][PASSED] - Statement - product = new com.kms.katalon.core.testobject.TestObject(): null

2018-05-30 17:16:02 - [TEST_STEP][PASSED] - Statement - product = com.kms.katalon.core.webui.keyword.WebUiBuiltInKeywords.modifyObjectProperty(product, "xpath", "equals", "//*[@id = "fldvendor" + row + ""]", true): Modify property of object successfully

2018-05-30 17:16:02 - [MESSAGE][PASSED] - Modify property of object successfully

2018-05-30 17:16:02 - [TEST_STEP][PASSED] - selectOptionByIndex: All options with index in [1] are selected on object ''

2018-05-30 17:16:02 - [MESSAGE][PASSED] - All options with index in [1] are selected on object ''

2018-05-30 17:16:02 - [TEST_STEP][PASSED] - delay: Delayed 2 second(s)

2018-05-30 17:16:04 - [MESSAGE][PASSED] - Delayed 2 second(s)

2018-05-30 17:16:04 - [TEST_STEP][PASSED] - Statement - batch = new com.kms.katalon.core.testobject.TestObject(): null

2018-05-30 17:16:04 - [TEST_STEP][PASSED] - Statement - batch = com.kms.katalon.core.webui.keyword.WebUiBuiltInKeywords.modifyObjectProperty(batch, "xpath", "equals", "//*[@id = "txtbthqty" + row + ""]", true): Modify property of object successfully

2018-05-30 17:16:04 - [MESSAGE][PASSED] - Modify property of object successfully

2018-05-30 17:16:04 - [TEST_STEP][PASSED] - Statement - batchqty = com.kms.katalon.core.webui.keyword.WebUiBuiltInKeywords.getAttribute(batch, "value").trim(): Attribute 'value' of object '' is: '3800'

2018-05-30 17:16:04 - [MESSAGE][PASSED] - Attribute 'value' of object '' is: '3800'

2018-05-30 17:16:04 - [TEST_STEP][PASSED] - Statement - Rqty = 100: null

2018-05-30 17:16:04 - [TEST_STEP][PASSED] - Statement - out.println("BatchQty : " + batchqty): null

2018-05-30 17:16:04 - [TEST_STEP][PASSED] - Statement - out.println("RQty : " + Rqty): null

2018-05-30 17:16:04 - [TEST_STEP][PASSED] - Statement - If (java.lang.Integer.valueOf(batchqty) >= java.lang.Integer.valueOf(Rqty)): null

2018-05-30 17:16:04 - [TEST_STEP][PASSED] - Statement - Break: null

2018-05-30 17:16:04 - [TEST_STEP][PASSED] - Statement - batchlength = new com.kms.katalon.core.testobject.TestObject(): null

2018-05-30 17:16:04 - [TEST_STEP][PASSED] - Statement - batchlength = com.kms.katalon.core.webui.keyword.WebUiBuiltInKeywords.modifyObjectProperty(batchlength, "xpath", "equals", "//*[@id = "fldvendor" + row + ""]", true): Modify property of object successfully

2018-05-30 17:16:04 - [MESSAGE][PASSED] - Modify property of object successfully

2018-05-30 17:16:04 - [TEST_STEP][PASSED] - Statement - batchsize = com.kms.katalon.core.webui.keyword.WebUiBuiltInKeywords.getNumberOfTotalOption(batchlength): 12 options of object '' counted

2018-05-30 17:16:04 - [MESSAGE][PASSED] - 12 options of object '' counted

2018-05-30 17:16:04 - [TEST_STEP][PASSED] - Statement - out.println("BatchSize : " + batchsize): null

2018-05-30 17:16:04 - [TEST_STEP][PASSED] - Statement - For ([n = 1, n <= batchsize - 1, (n++)]): null

2018-05-30 17:16:04 - [TEST_STEP][PASSED] - Statement - product = new com.kms.katalon.core.testobject.TestObject(): null

2018-05-30 17:16:04 - [TEST_STEP][PASSED] - Statement - product = com.kms.katalon.core.webui.keyword.WebUiBuiltInKeywords.modifyObjectProperty(product, "xpath", "equals", "//*[@id = "fldvendor" + row + ""]", true): Modify property of object successfully

2018-05-30 17:16:04 - [MESSAGE][PASSED] - Modify property of object successfully

2018-05-30 17:16:04 - [TEST_STEP][PASSED] - selectOptionByIndex: All options with index in [1] are selected on object ''

2018-05-30 17:16:04 - [MESSAGE][PASSED] - All options with index in [1] are selected on object ''

2018-05-30 17:16:04 - [TEST_STEP][PASSED] - delay: Delayed 2 second(s)

2018-05-30 17:16:06 - [MESSAGE][PASSED] - Delayed 2 second(s)

2018-05-30 17:16:06 - [TEST_STEP][PASSED] - Statement - batch = new com.kms.katalon.core.testobject.TestObject(): null

2018-05-30 17:16:06 - [TEST_STEP][PASSED] - Statement - batch = com.kms.katalon.core.webui.keyword.WebUiBuiltInKeywords.modifyObjectProperty(batch, "xpath", "equals", "//*[@id = "txtbthqty" + row + ""]", true): Modify property of object successfully

2018-05-30 17:16:06 - [MESSAGE][PASSED] - Modify property of object successfully

2018-05-30 17:16:06 - [TEST_STEP][PASSED] - Statement - batchqty = com.kms.katalon.core.webui.keyword.WebUiBuiltInKeywords.getAttribute(batch, "value").trim(): Attribute 'value' of object '' is: '4300'

2018-05-30 17:16:06 - [MESSAGE][PASSED] - Attribute 'value' of object '' is: '4300'

2018-05-30 17:16:06 - [TEST_STEP][PASSED] - Statement - Rqty = 100: null

2018-05-30 17:16:06 - [TEST_STEP][PASSED] - Statement - out.println("BatchQty : " + batchqty): null

2018-05-30 17:16:06 - [TEST_STEP][PASSED] - Statement - out.println("RQty : " + Rqty): null

2018-05-30 17:16:06 - [TEST_STEP][PASSED] - Statement - If (java.lang.Integer.valueOf(batchqty) >= java.lang.Integer.valueOf(Rqty)): null

2018-05-30 17:16:06 - [TEST_STEP][PASSED] - Statement - Break: null

2018-05-30 17:16:06 - [TEST_STEP][PASSED] - Statement - batchlength = new com.kms.katalon.core.testobject.TestObject(): null

2018-05-30 17:16:06 - [TEST_STEP][PASSED] - Statement - batchlength = com.kms.katalon.core.webui.keyword.WebUiBuiltInKeywords.modifyObjectProperty(batchlength, "xpath", "equals", "//*[@id = "fldvendor" + row + ""]", true): Modify property of object successfully

2018-05-30 17:16:06 - [MESSAGE][PASSED] - Modify property of object successfully

2018-05-30 17:16:06 - [TEST_STEP][PASSED] - Statement - batchsize = com.kms.katalon.core.webui.keyword.WebUiBuiltInKeywords.getNumberOfTotalOption(batchlength): 12 options of object '' counted

2018-05-30 17:16:06 - [MESSAGE][PASSED] - 12 options of object '' counted

2018-05-30 17:16:06 - [TEST_STEP][PASSED] - Statement - out.println("BatchSize : " + batchsize): null

2018-05-30 17:16:06 - [TEST_STEP][PASSED] - Statement - For ([n = 1, n <= batchsize - 1, (n++)]): null

2018-05-30 17:16:06 - [TEST_STEP][PASSED] - Statement - product = new com.kms.katalon.core.testobject.TestObject(): null

2018-05-30 17:16:06 - [TEST_STEP][PASSED] - Statement - product = com.kms.katalon.core.webui.keyword.WebUiBuiltInKeywords.modifyObjectProperty(product, "xpath", "equals", "//*[@id = "fldvendor" + row + ""]", true): Modify property of object successfully

2018-05-30 17:16:06 - [MESSAGE][PASSED] - Modify property of object successfully

2018-05-30 17:16:06 - [TEST_STEP][PASSED] - selectOptionByIndex: All options with index in [1] are selected on object ''

2018-05-30 17:16:06 - [MESSAGE][PASSED] - All options with index in [1] are selected on object ''

2018-05-30 17:16:06 - [TEST_STEP][PASSED] - delay: Delayed 2 second(s)

2018-05-30 17:16:08 - [MESSAGE][PASSED] - Delayed 2 second(s)

2018-05-30 17:16:08 - [TEST_STEP][PASSED] - Statement - batch = new com.kms.katalon.core.testobject.TestObject(): null

2018-05-30 17:16:08 - [TEST_STEP][PASSED] - Statement - batch = com.kms.katalon.core.webui.keyword.WebUiBuiltInKeywords.modifyObjectProperty(batch, "xpath", "equals", "//*[@id = "txtbthqty" + row + ""]", true): Modify property of object successfully

2018-05-30 17:16:08 - [MESSAGE][PASSED] - Modify property of object successfully

2018-05-30 17:16:08 - [TEST_STEP][PASSED] - Statement - batchqty = com.kms.katalon.core.webui.keyword.WebUiBuiltInKeywords.getAttribute(batch, "value").trim(): Attribute 'value' of object '' is: '38100'

2018-05-30 17:16:08 - [MESSAGE][PASSED] - Attribute 'value' of object '' is: '38100'

2018-05-30 17:16:08 - [TEST_STEP][PASSED] - Statement - Rqty = 100: null

2018-05-30 17:16:08 - [TEST_STEP][PASSED] - Statement - out.println("BatchQty : " + batchqty): null

2018-05-30 17:16:08 - [TEST_STEP][PASSED] - Statement - out.println("RQty : " + Rqty): null

2018-05-30 17:16:08 - [TEST_STEP][PASSED] - Statement - If (java.lang.Integer.valueOf(batchqty) >= java.lang.Integer.valueOf(Rqty)): null

2018-05-30 17:16:08 - [TEST_STEP][PASSED] - Statement - Break: null

2018-05-30 17:16:08 - [TEST_STEP][PASSED] - Statement - batchlength = new com.kms.katalon.core.testobject.TestObject(): null

2018-05-30 17:16:08 - [TEST_STEP][PASSED] - Statement - batchlength = com.kms.katalon.core.webui.keyword.WebUiBuiltInKeywords.modifyObjectProperty(batchlength, "xpath", "equals", "//*[@id = "fldvendor" + row + ""]", true): Modify property of object successfully

2018-05-30 17:16:08 - [MESSAGE][PASSED] - Modify property of object successfully

2018-05-30 17:16:08 - [TEST_STEP][PASSED] - Statement - batchsize = com.kms.katalon.core.webui.keyword.WebUiBuiltInKeywords.getNumberOfTotalOption(batchlength): 12 options of object '' counted

2018-05-30 17:16:08 - [MESSAGE][PASSED] - 12 options of object '' counted

2018-05-30 17:16:08 - [TEST_STEP][PASSED] - Statement - out.println("BatchSize : " + batchsize): null

2018-05-30 17:16:08 - [TEST_STEP][PASSED] - Statement - For ([n = 1, n <= batchsize - 1, (n++)]): null

2018-05-30 17:16:08 - [TEST_STEP][PASSED] - Statement - product = new com.kms.katalon.core.testobject.TestObject(): null

2018-05-30 17:16:08 - [TEST_STEP][PASSED] - Statement - product = com.kms.katalon.core.webui.keyword.WebUiBuiltInKeywords.modifyObjectProperty(product, "xpath", "equals", "//*[@id = "fldvendor" + row + ""]", true): Modify property of object successfully

2018-05-30 17:16:08 - [MESSAGE][PASSED] - Modify property of object successfully

2018-05-30 17:16:08 - [TEST_STEP][PASSED] - selectOptionByIndex: All options with index in [1] are selected on object ''

2018-05-30 17:16:09 - [MESSAGE][PASSED] - All options with index in [1] are selected on object ''

2018-05-30 17:16:09 - [TEST_STEP][PASSED] - delay: Delayed 2 second(s)

2018-05-30 17:16:11 - [MESSAGE][PASSED] - Delayed 2 second(s)

2018-05-30 17:16:11 - [TEST_STEP][PASSED] - Statement - batch = new com.kms.katalon.core.testobject.TestObject(): null

2018-05-30 17:16:11 - [TEST_STEP][PASSED] - Statement - batch = com.kms.katalon.core.webui.keyword.WebUiBuiltInKeywords.modifyObjectProperty(batch, "xpath", "equals", "//*[@id = "txtbthqty" + row + ""]", true): Modify property of object successfully

2018-05-30 17:16:11 - [MESSAGE][PASSED] - Modify property of object successfully

2018-05-30 17:16:11 - [TEST_STEP][PASSED] - Statement - batchqty = com.kms.katalon.core.webui.keyword.WebUiBuiltInKeywords.getAttribute(batch, "value").trim(): Attribute 'value' of object '' is: '4300'

2018-05-30 17:16:11 - [MESSAGE][PASSED] - Attribute 'value' of object '' is: '4300'

2018-05-30 17:16:11 - [TEST_STEP][PASSED] - Statement - Rqty = 100: null

2018-05-30 17:16:11 - [TEST_STEP][PASSED] - Statement - out.println("BatchQty : " + batchqty): null

2018-05-30 17:16:11 - [TEST_STEP][PASSED] - Statement - out.println("RQty : " + Rqty): null

2018-05-30 17:16:11 - [TEST_STEP][PASSED] - Statement - If (java.lang.Integer.valueOf(batchqty) >= java.lang.Integer.valueOf(Rqty)): null

2018-05-30 17:16:11 - [TEST_STEP][PASSED] - Statement - Break: null

2018-05-30 17:16:11 - [TEST_STEP][PASSED] - Statement - batchlength = new com.kms.katalon.core.testobject.TestObject(): null

2018-05-30 17:16:11 - [TEST_STEP][PASSED] - Statement - batchlength = com.kms.katalon.core.webui.keyword.WebUiBuiltInKeywords.modifyObjectProperty(batchlength, "xpath", "equals", "//*[@id = "fldvendor" + row + ""]", true): Modify property of object successfully

2018-05-30 17:16:11 - [MESSAGE][PASSED] - Modify property of object successfully

2018-05-30 17:16:11 - [TEST_STEP][PASSED] - Statement - batchsize = com.kms.katalon.core.webui.keyword.WebUiBuiltInKeywords.getNumberOfTotalOption(batchlength): 12 options of object '' counted

2018-05-30 17:16:11 - [MESSAGE][PASSED] - 12 options of object '' counted

2018-05-30 17:16:11 - [TEST_STEP][PASSED] - Statement - out.println("BatchSize : " + batchsize): null

2018-05-30 17:16:11 - [TEST_STEP][PASSED] - Statement - For ([n = 1, n <= batchsize - 1, (n++)]): null

2018-05-30 17:16:11 - [TEST_STEP][PASSED] - Statement - product = new com.kms.katalon.core.testobject.TestObject(): null

2018-05-30 17:16:11 - [TEST_STEP][PASSED] - Statement - product = com.kms.katalon.core.webui.keyword.WebUiBuiltInKeywords.modifyObjectProperty(product, "xpath", "equals", "//*[@id = "fldvendor" + row + ""]", true): Modify property of object successfully

2018-05-30 17:16:11 - [MESSAGE][PASSED] - Modify property of object successfully

2018-05-30 17:16:11 - [TEST_STEP][PASSED] - selectOptionByIndex: All options with index in [1] are selected on object ''

2018-05-30 17:16:11 - [MESSAGE][PASSED] - All options with index in [1] are selected on object ''

2018-05-30 17:16:11 - [TEST_STEP][PASSED] - delay: Delayed 2 second(s)

2018-05-30 17:16:13 - [MESSAGE][PASSED] - Delayed 2 second(s)

2018-05-30 17:16:13 - [TEST_STEP][PASSED] - Statement - batch = new com.kms.katalon.core.testobject.TestObject(): null

2018-05-30 17:16:13 - [TEST_STEP][PASSED] - Statement - batch = com.kms.katalon.core.webui.keyword.WebUiBuiltInKeywords.modifyObjectProperty(batch, "xpath", "equals", "//*[@id = "txtbthqty" + row + ""]", true): Modify property of object successfully

2018-05-30 17:16:13 - [MESSAGE][PASSED] - Modify property of object successfully

2018-05-30 17:16:13 - [TEST_STEP][PASSED] - Statement - batchqty = com.kms.katalon.core.webui.keyword.WebUiBuiltInKeywords.getAttribute(batch, "value").trim(): Attribute 'value' of object '' is: '38100'

2018-05-30 17:16:13 - [MESSAGE][PASSED] - Attribute 'value' of object '' is: '38100'

2018-05-30 17:16:13 - [TEST_STEP][PASSED] - Statement - Rqty = 100: null

2018-05-30 17:16:13 - [TEST_STEP][PASSED] - Statement - out.println("BatchQty : " + batchqty): null

2018-05-30 17:16:13 - [TEST_STEP][PASSED] - Statement - out.println("RQty : " + Rqty): null

2018-05-30 17:16:13 - [TEST_STEP][PASSED] - Statement - If (java.lang.Integer.valueOf(batchqty) >= java.lang.Integer.valueOf(Rqty)): null

2018-05-30 17:16:13 - [TEST_STEP][PASSED] - Statement - Break: null

2018-05-30 17:16:13 - [TEST_STEP][PASSED] - Statement - batchlength = new com.kms.katalon.core.testobject.TestObject(): null

2018-05-30 17:16:13 - [TEST_STEP][PASSED] - Statement - batchlength = com.kms.katalon.core.webui.keyword.WebUiBuiltInKeywords.modifyObjectProperty(batchlength, "xpath", "equals", "//*[@id = "fldvendor" + row + ""]", true): Modify property of object successfully

2018-05-30 17:16:13 - [MESSAGE][PASSED] - Modify property of object successfully

2018-05-30 17:16:13 - [TEST_STEP][PASSED] - Statement - batchsize = com.kms.katalon.core.webui.keyword.WebUiBuiltInKeywords.getNumberOfTotalOption(batchlength): 21 options of object '' counted

2018-05-30 17:16:13 - [MESSAGE][PASSED] - 21 options of object '' counted

2018-05-30 17:16:13 - [TEST_STEP][PASSED] - Statement - out.println("BatchSize : " + batchsize): null

2018-05-30 17:16:13 - [TEST_STEP][PASSED] - Statement - For ([n = 1, n <= batchsize - 1, (n++)]): null

2018-05-30 17:16:13 - [TEST_STEP][PASSED] - Statement - product = new com.kms.katalon.core.testobject.TestObject(): null

2018-05-30 17:16:13 - [TEST_STEP][PASSED] - Statement - product = com.kms.katalon.core.webui.keyword.WebUiBuiltInKeywords.modifyObjectProperty(product, "xpath", "equals", "//*[@id = "fldvendor" + row + ""]", true): Modify property of object successfully

2018-05-30 17:16:13 - [MESSAGE][PASSED] - Modify property of object successfully

2018-05-30 17:16:13 - [TEST_STEP][PASSED] - selectOptionByIndex: All options with index in [1] are selected on object ''

2018-05-30 17:16:13 - [MESSAGE][PASSED] - All options with index in [1] are selected on object ''

2018-05-30 17:16:13 - [TEST_STEP][PASSED] - delay: Delayed 2 second(s)

2018-05-30 17:16:15 - [MESSAGE][PASSED] - Delayed 2 second(s)

2018-05-30 17:16:15 - [TEST_STEP][PASSED] - Statement - batch = new com.kms.katalon.core.testobject.TestObject(): null

2018-05-30 17:16:15 - [TEST_STEP][PASSED] - Statement - batch = com.kms.katalon.core.webui.keyword.WebUiBuiltInKeywords.modifyObjectProperty(batch, "xpath", "equals", "//*[@id = "txtbthqty" + row + ""]", true): Modify property of object successfully

2018-05-30 17:16:15 - [MESSAGE][PASSED] - Modify property of object successfully

2018-05-30 17:16:15 - [TEST_STEP][PASSED] - Statement - batchqty = com.kms.katalon.core.webui.keyword.WebUiBuiltInKeywords.getAttribute(batch, "value").trim(): Attribute 'value' of object '' is: '2300'

2018-05-30 17:16:15 - [MESSAGE][PASSED] - Attribute 'value' of object '' is: '2300'

2018-05-30 17:16:15 - [TEST_STEP][PASSED] - Statement - Rqty = 100: null

2018-05-30 17:16:15 - [TEST_STEP][PASSED] - Statement - out.println("BatchQty : " + batchqty): null

2018-05-30 17:16:15 - [TEST_STEP][PASSED] - Statement - out.println("RQty : " + Rqty): null

2018-05-30 17:16:15 - [TEST_STEP][PASSED] - Statement - If (java.lang.Integer.valueOf(batchqty) >= java.lang.Integer.valueOf(Rqty)): null

2018-05-30 17:16:15 - [TEST_STEP][PASSED] - Statement - Break: null

2018-05-30 17:16:15 - [TEST_STEP][PASSED] - Statement - batchlength = new com.kms.katalon.core.testobject.TestObject(): null

2018-05-30 17:16:15 - [TEST_STEP][PASSED] - Statement - batchlength = com.kms.katalon.core.webui.keyword.WebUiBuiltInKeywords.modifyObjectProperty(batchlength, "xpath", "equals", "//*[@id = "fldvendor" + row + ""]", true): Modify property of object successfully

2018-05-30 17:16:15 - [MESSAGE][PASSED] - Modify property of object successfully

2018-05-30 17:16:15 - [TEST_STEP][PASSED] - Statement - batchsize = com.kms.katalon.core.webui.keyword.WebUiBuiltInKeywords.getNumberOfTotalOption(batchlength): 11 options of object '' counted

2018-05-30 17:16:15 - [MESSAGE][PASSED] - 11 options of object '' counted

2018-05-30 17:16:15 - [TEST_STEP][PASSED] - Statement - out.println("BatchSize : " + batchsize): null

2018-05-30 17:16:15 - [TEST_STEP][PASSED] - Statement - For ([n = 1, n <= batchsize - 1, (n++)]): null

2018-05-30 17:16:15 - [TEST_STEP][PASSED] - Statement - product = new com.kms.katalon.core.testobject.TestObject(): null

2018-05-30 17:16:15 - [TEST_STEP][PASSED] - Statement - product = com.kms.katalon.core.webui.keyword.WebUiBuiltInKeywords.modifyObjectProperty(product, "xpath", "equals", "//*[@id = "fldvendor" + row + ""]", true): Modify property of object successfully

2018-05-30 17:16:15 - [MESSAGE][PASSED] - Modify property of object successfully

2018-05-30 17:16:15 - [TEST_STEP][PASSED] - selectOptionByIndex: All options with index in [1] are selected on object ''

2018-05-30 17:16:15 - [MESSAGE][PASSED] - All options with index in [1] are selected on object ''

2018-05-30 17:16:15 - [TEST_STEP][PASSED] - delay: Delayed 2 second(s)

2018-05-30 17:16:17 - [MESSAGE][PASSED] - Delayed 2 second(s)

2018-05-30 17:16:17 - [TEST_STEP][PASSED] - Statement - batch = new com.kms.katalon.core.testobject.TestObject(): null

2018-05-30 17:16:17 - [TEST_STEP][PASSED] - Statement - batch = com.kms.katalon.core.webui.keyword.WebUiBuiltInKeywords.modifyObjectProperty(batch, "xpath", "equals", "//*[@id = "txtbthqty" + row + ""]", true): Modify property of object successfully

2018-05-30 17:16:17 - [MESSAGE][PASSED] - Modify property of object successfully

2018-05-30 17:16:17 - [TEST_STEP][PASSED] - Statement - batchqty = com.kms.katalon.core.webui.keyword.WebUiBuiltInKeywords.getAttribute(batch, "value").trim(): Attribute 'value' of object '' is: '4800'

2018-05-30 17:16:17 - [MESSAGE][PASSED] - Attribute 'value' of object '' is: '4800'

2018-05-30 17:16:17 - [TEST_STEP][PASSED] - Statement - Rqty = 100: null

2018-05-30 17:16:17 - [TEST_STEP][PASSED] - Statement - out.println("BatchQty : " + batchqty): null

2018-05-30 17:16:17 - [TEST_STEP][PASSED] - Statement - out.println("RQty : " + Rqty): null

2018-05-30 17:16:17 - [TEST_STEP][PASSED] - Statement - If (java.lang.Integer.valueOf(batchqty) >= java.lang.Integer.valueOf(Rqty)): null

2018-05-30 17:16:17 - [TEST_STEP][PASSED] - Statement - Break: null

2018-05-30 17:16:17 - [TEST_STEP][PASSED] - Statement - batchlength = new com.kms.katalon.core.testobject.TestObject(): null

2018-05-30 17:16:17 - [TEST_STEP][PASSED] - Statement - batchlength = com.kms.katalon.core.webui.keyword.WebUiBuiltInKeywords.modifyObjectProperty(batchlength, "xpath", "equals", "//*[@id = "fldvendor" + row + ""]", true): Modify property of object successfully

2018-05-30 17:16:17 - [MESSAGE][PASSED] - Modify property of object successfully

2018-05-30 17:16:17 - [TEST_STEP][PASSED] - Statement - batchsize = com.kms.katalon.core.webui.keyword.WebUiBuiltInKeywords.getNumberOfTotalOption(batchlength): 12 options of object '' counted

2018-05-30 17:16:17 - [MESSAGE][PASSED] - 12 options of object '' counted

2018-05-30 17:16:17 - [TEST_STEP][PASSED] - Statement - out.println("BatchSize : " + batchsize): null

2018-05-30 17:16:17 - [TEST_STEP][PASSED] - Statement - For ([n = 1, n <= batchsize - 1, (n++)]): null

2018-05-30 17:16:17 - [TEST_STEP][PASSED] - Statement - product = new com.kms.katalon.core.testobject.TestObject(): null

2018-05-30 17:16:17 - [TEST_STEP][PASSED] - Statement - product = com.kms.katalon.core.webui.keyword.WebUiBuiltInKeywords.modifyObjectProperty(product, "xpath", "equals", "//*[@id = "fldvendor" + row + ""]", true): Modify property of object successfully

2018-05-30 17:16:17 - [MESSAGE][PASSED] - Modify property of object successfully

2018-05-30 17:16:17 - [TEST_STEP][PASSED] - selectOptionByIndex: All options with index in [1] are selected on object ''

2018-05-30 17:16:18 - [MESSAGE][PASSED] - All options with index in [1] are selected on object ''

2018-05-30 17:16:18 - [TEST_STEP][PASSED] - delay: Delayed 2 second(s)

2018-05-30 17:16:20 - [MESSAGE][PASSED] - Delayed 2 second(s)

2018-05-30 17:16:20 - [TEST_STEP][PASSED] - Statement - batch = new com.kms.katalon.core.testobject.TestObject(): null

2018-05-30 17:16:20 - [TEST_STEP][PASSED] - Statement - batch = com.kms.katalon.core.webui.keyword.WebUiBuiltInKeywords.modifyObjectProperty(batch, "xpath", "equals", "//*[@id = "txtbthqty" + row + ""]", true): Modify property of object successfully

2018-05-30 17:16:20 - [MESSAGE][PASSED] - Modify property of object successfully

2018-05-30 17:16:20 - [TEST_STEP][PASSED] - Statement - batchqty = com.kms.katalon.core.webui.keyword.WebUiBuiltInKeywords.getAttribute(batch, "value").trim(): Attribute 'value' of object '' is: '4300'

2018-05-30 17:16:20 - [MESSAGE][PASSED] - Attribute 'value' of object '' is: '4300'

2018-05-30 17:16:20 - [TEST_STEP][PASSED] - Statement - Rqty = 100: null

2018-05-30 17:16:20 - [TEST_STEP][PASSED] - Statement - out.println("BatchQty : " + batchqty): null

2018-05-30 17:16:20 - [TEST_STEP][PASSED] - Statement - out.println("RQty : " + Rqty): null

2018-05-30 17:16:20 - [TEST_STEP][PASSED] - Statement - If (java.lang.Integer.valueOf(batchqty) >= java.lang.Integer.valueOf(Rqty)): null

2018-05-30 17:16:20 - [TEST_STEP][PASSED] - Statement - Break: null

2018-05-30 17:16:20 - [TEST_STEP][PASSED] - Statement - batchlength = new com.kms.katalon.core.testobject.TestObject(): null

2018-05-30 17:16:20 - [TEST_STEP][PASSED] - Statement - batchlength = com.kms.katalon.core.webui.keyword.WebUiBuiltInKeywords.modifyObjectProperty(batchlength, "xpath", "equals", "//*[@id = "fldvendor" + row + ""]", true): Modify property of object successfully

2018-05-30 17:16:20 - [MESSAGE][PASSED] - Modify property of object successfully

2018-05-30 17:16:20 - [TEST_STEP][PASSED] - Statement - batchsize = com.kms.katalon.core.webui.keyword.WebUiBuiltInKeywords.getNumberOfTotalOption(batchlength): 12 options of object '' counted

2018-05-30 17:16:20 - [MESSAGE][PASSED] - 12 options of object '' counted

2018-05-30 17:16:20 - [TEST_STEP][PASSED] - Statement - out.println("BatchSize : " + batchsize): null

2018-05-30 17:16:20 - [TEST_STEP][PASSED] - Statement - For ([n = 1, n <= batchsize - 1, (n++)]): null

2018-05-30 17:16:20 - [TEST_STEP][PASSED] - Statement - product = new com.kms.katalon.core.testobject.TestObject(): null

2018-05-30 17:16:20 - [TEST_STEP][PASSED] - Statement - product = com.kms.katalon.core.webui.keyword.WebUiBuiltInKeywords.modifyObjectProperty(product, "xpath", "equals", "//*[@id = "fldvendor" + row + ""]", true): Modify property of object successfully

2018-05-30 17:16:20 - [MESSAGE][PASSED] - Modify property of object successfully

2018-05-30 17:16:20 - [TEST_STEP][PASSED] - selectOptionByIndex: All options with index in [1] are selected on object ''

2018-05-30 17:16:20 - [MESSAGE][PASSED] - All options with index in [1] are selected on object ''

2018-05-30 17:16:20 - [TEST_STEP][PASSED] - delay: Delayed 2 second(s)

2018-05-30 17:16:22 - [MESSAGE][PASSED] - Delayed 2 second(s)

2018-05-30 17:16:22 - [TEST_STEP][PASSED] - Statement - batch = new com.kms.katalon.core.testobject.TestObject(): null

2018-05-30 17:16:22 - [TEST_STEP][PASSED] - Statement - batch = com.kms.katalon.core.webui.keyword.WebUiBuiltInKeywords.modifyObjectProperty(batch, "xpath", "equals", "//*[@id = "txtbthqty" + row + ""]", true): Modify property of object successfully

2018-05-30 17:16:22 - [MESSAGE][PASSED] - Modify property of object successfully

2018-05-30 17:16:22 - [TEST_STEP][PASSED] - Statement - batchqty = com.kms.katalon.core.webui.keyword.WebUiBuiltInKeywords.getAttribute(batch, "value").trim(): Attribute 'value' of object '' is: '33100'

2018-05-30 17:16:22 - [MESSAGE][PASSED] - Attribute 'value' of object '' is: '33100'

2018-05-30 17:16:22 - [TEST_STEP][PASSED] - Statement - Rqty = 100: null

2018-05-30 17:16:22 - [TEST_STEP][PASSED] - Statement - out.println("BatchQty : " + batchqty): null

2018-05-30 17:16:22 - [TEST_STEP][PASSED] - Statement - out.println("RQty : " + Rqty): null

2018-05-30 17:16:22 - [TEST_STEP][PASSED] - Statement - If (java.lang.Integer.valueOf(batchqty) >= java.lang.Integer.valueOf(Rqty)): null

2018-05-30 17:16:22 - [TEST_STEP][PASSED] - Statement - Break: null

2018-05-30 17:16:22 - [TEST_STEP][PASSED] - Statement - batchlength = new com.kms.katalon.core.testobject.TestObject(): null

2018-05-30 17:16:22 - [TEST_STEP][PASSED] - Statement - batchlength = com.kms.katalon.core.webui.keyword.WebUiBuiltInKeywords.modifyObjectProperty(batchlength, "xpath", "equals", "//*[@id = "fldvendor" + row + ""]", true): Modify property of object successfully

2018-05-30 17:16:22 - [MESSAGE][PASSED] - Modify property of object successfully

2018-05-30 17:16:22 - [TEST_STEP][PASSED] - Statement - batchsize = com.kms.katalon.core.webui.keyword.WebUiBuiltInKeywords.getNumberOfTotalOption(batchlength): 12 options of object '' counted

2018-05-30 17:16:22 - [MESSAGE][PASSED] - 12 options of object '' counted

2018-05-30 17:16:22 - [TEST_STEP][PASSED] - Statement - out.println("BatchSize : " + batchsize): null

2018-05-30 17:16:22 - [TEST_STEP][PASSED] - Statement - For ([n = 1, n <= batchsize - 1, (n++)]): null

2018-05-30 17:16:22 - [TEST_STEP][PASSED] - Statement - product = new com.kms.katalon.core.testobject.TestObject(): null

2018-05-30 17:16:22 - [TEST_STEP][PASSED] - Statement - product = com.kms.katalon.core.webui.keyword.WebUiBuiltInKeywords.modifyObjectProperty(product, "xpath", "equals", "//*[@id = "fldvendor" + row + ""]", true): Modify property of object successfully

2018-05-30 17:16:22 - [MESSAGE][PASSED] - Modify property of object successfully

2018-05-30 17:16:22 - [TEST_STEP][PASSED] - selectOptionByIndex: All options with index in [1] are selected on object ''

2018-05-30 17:16:22 - [MESSAGE][PASSED] - All options with index in [1] are selected on object ''

2018-05-30 17:16:22 - [TEST_STEP][PASSED] - delay: Delayed 2 second(s)

2018-05-30 17:16:24 - [MESSAGE][PASSED] - Delayed 2 second(s)

2018-05-30 17:16:24 - [TEST_STEP][PASSED] - Statement - batch = new com.kms.katalon.core.testobject.TestObject(): null

2018-05-30 17:16:24 - [TEST_STEP][PASSED] - Statement - batch = com.kms.katalon.core.webui.keyword.WebUiBuiltInKeywords.modifyObjectProperty(batch, "xpath", "equals", "//*[@id = "txtbthqty" + row + ""]", true): Modify property of object successfully

2018-05-30 17:16:24 - [MESSAGE][PASSED] - Modify property of object successfully

2018-05-30 17:16:24 - [TEST_STEP][PASSED] - Statement - batchqty = com.kms.katalon.core.webui.keyword.WebUiBuiltInKeywords.getAttribute(batch, "value").trim(): Attribute 'value' of object '' is: '2300'

2018-05-30 17:16:24 - [MESSAGE][PASSED] - Attribute 'value' of object '' is: '2300'

2018-05-30 17:16:24 - [TEST_STEP][PASSED] - Statement - Rqty = 100: null

2018-05-30 17:16:24 - [TEST_STEP][PASSED] - Statement - out.println("BatchQty : " + batchqty): null

2018-05-30 17:16:24 - [TEST_STEP][PASSED] - Statement - out.println("RQty : " + Rqty): null

2018-05-30 17:16:24 - [TEST_STEP][PASSED] - Statement - If (java.lang.Integer.valueOf(batchqty) >= java.lang.Integer.valueOf(Rqty)): null

2018-05-30 17:16:24 - [TEST_STEP][PASSED] - Statement - Break: null

2018-05-30 17:16:24 - [TEST_STEP][PASSED] - Statement - batchlength = new com.kms.katalon.core.testobject.TestObject(): null

2018-05-30 17:16:24 - [TEST_STEP][PASSED] - Statement - batchlength = com.kms.katalon.core.webui.keyword.WebUiBuiltInKeywords.modifyObjectProperty(batchlength, "xpath", "equals", "//*[@id = "fldvendor" + row + ""]", true): Modify property of object successfully

2018-05-30 17:16:24 - [MESSAGE][PASSED] - Modify property of object successfully

2018-05-30 17:16:24 - [TEST_STEP][PASSED] - Statement - batchsize = com.kms.katalon.core.webui.keyword.WebUiBuiltInKeywords.getNumberOfTotalOption(batchlength): 12 options of object '' counted

2018-05-30 17:16:24 - [MESSAGE][PASSED] - 12 options of object '' counted

2018-05-30 17:16:24 - [TEST_STEP][PASSED] - Statement - out.println("BatchSize : " + batchsize): null

2018-05-30 17:16:24 - [TEST_STEP][PASSED] - Statement - For ([n = 1, n <= batchsize - 1, (n++)]): null

2018-05-30 17:16:24 - [TEST_STEP][PASSED] - Statement - product = new com.kms.katalon.core.testobject.TestObject(): null

2018-05-30 17:16:24 - [TEST_STEP][PASSED] - Statement - product = com.kms.katalon.core.webui.keyword.WebUiBuiltInKeywords.modifyObjectProperty(product, "xpath", "equals", "//*[@id = "fldvendor" + row + ""]", true): Modify property of object successfully

2018-05-30 17:16:24 - [MESSAGE][PASSED] - Modify property of object successfully

2018-05-30 17:16:24 - [TEST_STEP][PASSED] - selectOptionByIndex: All options with index in [1] are selected on object ''

2018-05-30 17:16:24 - [MESSAGE][PASSED] - All options with index in [1] are selected on object ''

2018-05-30 17:16:24 - [TEST_STEP][PASSED] - delay: Delayed 2 second(s)

2018-05-30 17:16:26 - [MESSAGE][PASSED] - Delayed 2 second(s)

2018-05-30 17:16:26 - [TEST_STEP][PASSED] - Statement - batch = new com.kms.katalon.core.testobject.TestObject(): null

2018-05-30 17:16:26 - [TEST_STEP][PASSED] - Statement - batch = com.kms.katalon.core.webui.keyword.WebUiBuiltInKeywords.modifyObjectProperty(batch, "xpath", "equals", "//*[@id = "txtbthqty" + row + ""]", true): Modify property of object successfully

2018-05-30 17:16:26 - [MESSAGE][PASSED] - Modify property of object successfully

2018-05-30 17:16:26 - [TEST_STEP][PASSED] - Statement - batchqty = com.kms.katalon.core.webui.keyword.WebUiBuiltInKeywords.getAttribute(batch, "value").trim(): Attribute 'value' of object '' is: '38100'

2018-05-30 17:16:26 - [MESSAGE][PASSED] - Attribute 'value' of object '' is: '38100'

2018-05-30 17:16:26 - [TEST_STEP][PASSED] - Statement - Rqty = 100: null

2018-05-30 17:16:26 - [TEST_STEP][PASSED] - Statement - out.println("BatchQty : " + batchqty): null

2018-05-30 17:16:26 - [TEST_STEP][PASSED] - Statement - out.println("RQty : " + Rqty): null

2018-05-30 17:16:26 - [TEST_STEP][PASSED] - Statement - If (java.lang.Integer.valueOf(batchqty) >= java.lang.Integer.valueOf(Rqty)): null

2018-05-30 17:16:26 - [TEST_STEP][PASSED] - Statement - Break: null

2018-05-30 17:16:26 - [TEST_STEP][PASSED] - Statement - batchlength = new com.kms.katalon.core.testobject.TestObject(): null

2018-05-30 17:16:26 - [TEST_STEP][PASSED] - Statement - batchlength = com.kms.katalon.core.webui.keyword.WebUiBuiltInKeywords.modifyObjectProperty(batchlength, "xpath", "equals", "//*[@id = "fldvendor" + row + ""]", true): Modify property of object successfully

2018-05-30 17:16:26 - [MESSAGE][PASSED] - Modify property of object successfully

2018-05-30 17:16:26 - [TEST_STEP][PASSED] - Statement - batchsize = com.kms.katalon.core.webui.keyword.WebUiBuiltInKeywords.getNumberOfTotalOption(batchlength): 12 options of object '' counted

2018-05-30 17:16:26 - [MESSAGE][PASSED] - 12 options of object '' counted

2018-05-30 17:16:26 - [TEST_STEP][PASSED] - Statement - out.println("BatchSize : " + batchsize): null

2018-05-30 17:16:26 - [TEST_STEP][PASSED] - Statement - For ([n = 1, n <= batchsize - 1, (n++)]): null

2018-05-30 17:16:26 - [TEST_STEP][PASSED] - Statement - product = new com.kms.katalon.core.testobject.TestObject(): null

2018-05-30 17:16:26 - [TEST_STEP][PASSED] - Statement - product = com.kms.katalon.core.webui.keyword.WebUiBuiltInKeywords.modifyObjectProperty(product, "xpath", "equals", "//*[@id = "fldvendor" + row + ""]", true): Modify property of object successfully

2018-05-30 17:16:26 - [MESSAGE][PASSED] - Modify property of object successfully

2018-05-30 17:16:26 - [TEST_STEP][PASSED] - selectOptionByIndex: All options with index in [1] are selected on object ''

2018-05-30 17:16:27 - [MESSAGE][PASSED] - All options with index in [1] are selected on object ''

2018-05-30 17:16:27 - [TEST_STEP][PASSED] - delay: Delayed 2 second(s)

2018-05-30 17:16:29 - [MESSAGE][PASSED] - Delayed 2 second(s)

2018-05-30 17:16:29 - [TEST_STEP][PASSED] - Statement - batch = new com.kms.katalon.core.testobject.TestObject(): null

2018-05-30 17:16:29 - [TEST_STEP][PASSED] - Statement - batch = com.kms.katalon.core.webui.keyword.WebUiBuiltInKeywords.modifyObjectProperty(batch, "xpath", "equals", "//*[@id = "txtbthqty" + row + ""]", true): Modify property of object successfully

2018-05-30 17:16:29 - [MESSAGE][PASSED] - Modify property of object successfully

2018-05-30 17:16:29 - [TEST_STEP][PASSED] - Statement - batchqty = com.kms.katalon.core.webui.keyword.WebUiBuiltInKeywords.getAttribute(batch, "value").trim(): Attribute 'value' of object '' is: '4300'

2018-05-30 17:16:29 - [MESSAGE][PASSED] - Attribute 'value' of object '' is: '4300'

2018-05-30 17:16:29 - [TEST_STEP][PASSED] - Statement - Rqty = 100: null

2018-05-30 17:16:29 - [TEST_STEP][PASSED] - Statement - out.println("BatchQty : " + batchqty): null

2018-05-30 17:16:29 - [TEST_STEP][PASSED] - Statement - out.println("RQty : " + Rqty): null

2018-05-30 17:16:29 - [TEST_STEP][PASSED] - Statement - If (java.lang.Integer.valueOf(batchqty) >= java.lang.Integer.valueOf(Rqty)): null

2018-05-30 17:16:29 - [TEST_STEP][PASSED] - Statement - Break: null

2018-05-30 17:16:29 - [TEST_STEP][PASSED] - Statement - batchlength = new com.kms.katalon.core.testobject.TestObject(): null

2018-05-30 17:16:29 - [TEST_STEP][PASSED] - Statement - batchlength = com.kms.katalon.core.webui.keyword.WebUiBuiltInKeywords.modifyObjectProperty(batchlength, "xpath", "equals", "//*[@id = "fldvendor" + row + ""]", true): Modify property of object successfully

2018-05-30 17:16:29 - [MESSAGE][PASSED] - Modify property of object successfully

2018-05-30 17:16:29 - [TEST_STEP][PASSED] - Statement - batchsize = com.kms.katalon.core.webui.keyword.WebUiBuiltInKeywords.getNumberOfTotalOption(batchlength): 12 options of object '' counted

2018-05-30 17:17:06 - [MESSAGE][PASSED] - 12 options of object '' counted

2018-05-30 17:17:06 - [TEST_STEP][PASSED] - Statement - out.println("BatchSize : " + batchsize): null

2018-05-30 17:17:06 - [TEST_STEP][PASSED] - Statement - For ([n = 1, n <= batchsize - 1, (n++)]): null

2018-05-30 17:17:06 - [TEST_STEP][PASSED] - Statement - product = new com.kms.katalon.core.testobject.TestObject(): null

2018-05-30 17:17:06 - [TEST_STEP][PASSED] - Statement - product = com.kms.katalon.core.webui.keyword.WebUiBuiltInKeywords.modifyObjectProperty(product, "xpath", "equals", "//*[@id = "fldvendor" + row + ""]", true): Modify property of object successfully

2018-05-30 17:17:06 - [MESSAGE][PASSED] - Modify property of object successfully

2018-05-30 17:17:06 - [TEST_STEP][PASSED] - selectOptionByIndex: All options with index in [1] are selected on object ''

2018-05-30 17:17:06 - [MESSAGE][PASSED] - All options with index in [1] are selected on object ''

2018-05-30 17:17:06 - [TEST_STEP][PASSED] - delay: Delayed 2 second(s)

2018-05-30 17:17:08 - [MESSAGE][PASSED] - Delayed 2 second(s)

2018-05-30 17:17:08 - [TEST_STEP][PASSED] - Statement - batch = new com.kms.katalon.core.testobject.TestObject(): null

2018-05-30 17:17:08 - [TEST_STEP][PASSED] - Statement - batch = com.kms.katalon.core.webui.keyword.WebUiBuiltInKeywords.modifyObjectProperty(batch, "xpath", "equals", "//*[@id = "txtbthqty" + row + ""]", true): Modify property of object successfully

2018-05-30 17:17:08 - [MESSAGE][PASSED] - Modify property of object successfully

2018-05-30 17:17:08 - [TEST_STEP][PASSED] - Statement - batchqty = com.kms.katalon.core.webui.keyword.WebUiBuiltInKeywords.getAttribute(batch, "value").trim(): Attribute 'value' of object '' is: '4800'

2018-05-30 17:17:08 - [MESSAGE][PASSED] - Attribute 'value' of object '' is: '4800'

2018-05-30 17:17:08 - [TEST_STEP][PASSED] - Statement - Rqty = 100: null

2018-05-30 17:17:08 - [TEST_STEP][PASSED] - Statement - out.println("BatchQty : " + batchqty): null

2018-05-30 17:17:08 - [TEST_STEP][PASSED] - Statement - out.println("RQty : " + Rqty): null

2018-05-30 17:17:08 - [TEST_STEP][PASSED] - Statement - If (java.lang.Integer.valueOf(batchqty) >= java.lang.Integer.valueOf(Rqty)): null

2018-05-30 17:17:08 - [TEST_STEP][PASSED] - Statement - Break: null

2018-05-30 17:17:08 - [TEST_STEP][PASSED] - Statement - batchlength = new com.kms.katalon.core.testobject.TestObject(): null

2018-05-30 17:17:08 - [TEST_STEP][PASSED] - Statement - batchlength = com.kms.katalon.core.webui.keyword.WebUiBuiltInKeywords.modifyObjectProperty(batchlength, "xpath", "equals", "//*[@id = "fldvendor" + row + ""]", true): Modify property of object successfully

2018-05-30 17:17:08 - [MESSAGE][PASSED] - Modify property of object successfully

2018-05-30 17:17:08 - [TEST_STEP][PASSED] - Statement - batchsize = com.kms.katalon.core.webui.keyword.WebUiBuiltInKeywords.getNumberOfTotalOption(batchlength): 12 options of object '' counted

2018-05-30 17:17:08 - [MESSAGE][PASSED] - 12 options of object '' counted

2018-05-30 17:17:08 - [TEST_STEP][PASSED] - Statement - out.println("BatchSize : " + batchsize): null

2018-05-30 17:17:08 - [TEST_STEP][PASSED] - Statement - For ([n = 1, n <= batchsize - 1, (n++)]): null

2018-05-30 17:17:08 - [TEST_STEP][PASSED] - Statement - product = new com.kms.katalon.core.testobject.TestObject(): null

2018-05-30 17:17:08 - [TEST_STEP][PASSED] - Statement - product = com.kms.katalon.core.webui.keyword.WebUiBuiltInKeywords.modifyObjectProperty(product, "xpath", "equals", "//*[@id = "fldvendor" + row + ""]", true): Modify property of object successfully

2018-05-30 17:17:08 - [MESSAGE][PASSED] - Modify property of object successfully

2018-05-30 17:17:08 - [TEST_STEP][PASSED] - selectOptionByIndex: All options with index in [1] are selected on object ''

2018-05-30 17:17:08 - [MESSAGE][PASSED] - All options with index in [1] are selected on object ''

2018-05-30 17:17:08 - [TEST_STEP][PASSED] - delay: Delayed 2 second(s)

2018-05-30 17:17:10 - [MESSAGE][PASSED] - Delayed 2 second(s)

2018-05-30 17:17:10 - [TEST_STEP][PASSED] - Statement - batch = new com.kms.katalon.core.testobject.TestObject(): null

2018-05-30 17:17:10 - [TEST_STEP][PASSED] - Statement - batch = com.kms.katalon.core.webui.keyword.WebUiBuiltInKeywords.modifyObjectProperty(batch, "xpath", "equals", "//*[@id = "txtbthqty" + row + ""]", true): Modify property of object successfully

2018-05-30 17:17:10 - [MESSAGE][PASSED] - Modify property of object successfully

2018-05-30 17:17:10 - [TEST_STEP][PASSED] - Statement - batchqty = com.kms.katalon.core.webui.keyword.WebUiBuiltInKeywords.getAttribute(batch, "value").trim(): Attribute 'value' of object '' is: '38100'

2018-05-30 17:17:10 - [MESSAGE][PASSED] - Attribute 'value' of object '' is: '38100'

2018-05-30 17:17:10 - [TEST_STEP][PASSED] - Statement - Rqty = 100: null

2018-05-30 17:17:10 - [TEST_STEP][PASSED] - Statement - out.println("BatchQty : " + batchqty): null

2018-05-30 17:17:10 - [TEST_STEP][PASSED] - Statement - out.println("RQty : " + Rqty): null

2018-05-30 17:17:10 - [TEST_STEP][PASSED] - Statement - If (java.lang.Integer.valueOf(batchqty) >= java.lang.Integer.valueOf(Rqty)): null

2018-05-30 17:17:10 - [TEST_STEP][PASSED] - Statement - Break: null

2018-05-30 17:17:10 - [TEST_STEP][PASSED] - Statement - batchlength = new com.kms.katalon.core.testobject.TestObject(): null

2018-05-30 17:17:10 - [TEST_STEP][PASSED] - Statement - batchlength = com.kms.katalon.core.webui.keyword.WebUiBuiltInKeywords.modifyObjectProperty(batchlength, "xpath", "equals", "//*[@id = "fldvendor" + row + ""]", true): Modify property of object successfully

2018-05-30 17:17:10 - [MESSAGE][PASSED] - Modify property of object successfully

2018-05-30 17:17:10 - [TEST_STEP][PASSED] - Statement - batchsize = com.kms.katalon.core.webui.keyword.WebUiBuiltInKeywords.getNumberOfTotalOption(batchlength): 12 options of object '' counted

2018-05-30 17:17:10 - [MESSAGE][PASSED] - 12 options of object '' counted

2018-05-30 17:17:10 - [TEST_STEP][PASSED] - Statement - out.println("BatchSize : " + batchsize): null

2018-05-30 17:17:10 - [TEST_STEP][PASSED] - Statement - For ([n = 1, n <= batchsize - 1, (n++)]): null

2018-05-30 17:17:10 - [TEST_STEP][PASSED] - Statement - product = new com.kms.katalon.core.testobject.TestObject(): null

2018-05-30 17:17:10 - [TEST_STEP][PASSED] - Statement - product = com.kms.katalon.core.webui.keyword.WebUiBuiltInKeywords.modifyObjectProperty(product, "xpath", "equals", "//*[@id = "fldvendor" + row + ""]", true): Modify property of object successfully

2018-05-30 17:17:10 - [MESSAGE][PASSED] - Modify property of object successfully

2018-05-30 17:17:11 - [TEST_STEP][PASSED] - selectOptionByIndex: All options with index in [1] are selected on object ''

2018-05-30 17:17:12 - [MESSAGE][PASSED] - All options with index in [1] are selected on object ''

2018-05-30 17:17:12 - [TEST_STEP][PASSED] - delay: Delayed 2 second(s)

2018-05-30 17:17:14 - [MESSAGE][PASSED] - Delayed 2 second(s)

2018-05-30 17:17:14 - [TEST_STEP][PASSED] - Statement - batch = new com.kms.katalon.core.testobject.TestObject(): null

2018-05-30 17:17:14 - [TEST_STEP][PASSED] - Statement - batch = com.kms.katalon.core.webui.keyword.WebUiBuiltInKeywords.modifyObjectProperty(batch, "xpath", "equals", "//*[@id = "txtbthqty" + row + ""]", true): Modify property of object successfully

2018-05-30 17:17:14 - [MESSAGE][PASSED] - Modify property of object successfully

2018-05-30 17:17:14 - [TEST_STEP][PASSED] - Statement - batchqty = com.kms.katalon.core.webui.keyword.WebUiBuiltInKeywords.getAttribute(batch, "value").trim(): Attribute 'value' of object '' is: '4300'

2018-05-30 17:17:14 - [MESSAGE][PASSED] - Attribute 'value' of object '' is: '4300'

2018-05-30 17:17:14 - [TEST_STEP][PASSED] - Statement - Rqty = 100: null

2018-05-30 17:17:14 - [TEST_STEP][PASSED] - Statement - out.println("BatchQty : " + batchqty): null

2018-05-30 17:17:14 - [TEST_STEP][PASSED] - Statement - out.println("RQty : " + Rqty): null

2018-05-30 17:17:14 - [TEST_STEP][PASSED] - Statement - If (java.lang.Integer.valueOf(batchqty) >= java.lang.Integer.valueOf(Rqty)): null

2018-05-30 17:17:14 - [TEST_STEP][PASSED] - Statement - Break: null

2018-05-30 17:17:14 - [TEST_STEP][PASSED] - Statement - batchlength = new com.kms.katalon.core.testobject.TestObject(): null

2018-05-30 17:17:14 - [TEST_STEP][PASSED] - Statement - batchlength = com.kms.katalon.core.webui.keyword.WebUiBuiltInKeywords.modifyObjectProperty(batchlength, "xpath", "equals", "//*[@id = "fldvendor" + row + ""]", true): Modify property of object successfully

2018-05-30 17:17:14 - [MESSAGE][PASSED] - Modify property of object successfully

2018-05-30 17:17:14 - [TEST_STEP][PASSED] - Statement - batchsize = com.kms.katalon.core.webui.keyword.WebUiBuiltInKeywords.getNumberOfTotalOption(batchlength): 12 options of object '' counted

2018-05-30 17:17:14 - [MESSAGE][PASSED] - 12 options of object '' counted

2018-05-30 17:17:14 - [TEST_STEP][PASSED] - Statement - out.println("BatchSize : " + batchsize): null

2018-05-30 17:17:14 - [TEST_STEP][PASSED] - Statement - For ([n = 1, n <= batchsize - 1, (n++)]): null

2018-05-30 17:17:14 - [TEST_STEP][PASSED] - Statement - product = new com.kms.katalon.core.testobject.TestObject(): null

2018-05-30 17:17:14 - [TEST_STEP][PASSED] - Statement - product = com.kms.katalon.core.webui.keyword.WebUiBuiltInKeywords.modifyObjectProperty(product, "xpath", "equals", "//*[@id = "fldvendor" + row + ""]", true): Modify property of object successfully

2018-05-30 17:17:14 - [MESSAGE][PASSED] - Modify property of object successfully

2018-05-30 17:17:14 - [TEST_STEP][PASSED] - selectOptionByIndex: All options with index in [1] are selected on object ''

2018-05-30 17:17:14 - [MESSAGE][PASSED] - All options with index in [1] are selected on object ''

2018-05-30 17:17:14 - [TEST_STEP][PASSED] - delay: Delayed 2 second(s)

2018-05-30 17:17:16 - [MESSAGE][PASSED] - Delayed 2 second(s)

2018-05-30 17:17:16 - [TEST_STEP][PASSED] - Statement - batch = new com.kms.katalon.core.testobject.TestObject(): null

2018-05-30 17:17:16 - [TEST_STEP][PASSED] - Statement - batch = com.kms.katalon.core.webui.keyword.WebUiBuiltInKeywords.modifyObjectProperty(batch, "xpath", "equals", "//*[@id = "txtbthqty" + row + ""]", true): Modify property of object successfully

2018-05-30 17:17:16 - [MESSAGE][PASSED] - Modify property of object successfully

2018-05-30 17:17:16 - [TEST_STEP][PASSED] - Statement - batchqty = com.kms.katalon.core.webui.keyword.WebUiBuiltInKeywords.getAttribute(batch, "value").trim(): Attribute 'value' of object '' is: '38100'

2018-05-30 17:17:16 - [MESSAGE][PASSED] - Attribute 'value' of object '' is: '38100'

2018-05-30 17:17:16 - [TEST_STEP][PASSED] - Statement - Rqty = 100: null

2018-05-30 17:17:16 - [TEST_STEP][PASSED] - Statement - out.println("BatchQty : " + batchqty): null

2018-05-30 17:17:16 - [TEST_STEP][PASSED] - Statement - out.println("RQty : " + Rqty): null

2018-05-30 17:17:16 - [TEST_STEP][PASSED] - Statement - If (java.lang.Integer.valueOf(batchqty) >= java.lang.Integer.valueOf(Rqty)): null

2018-05-30 17:17:16 - [TEST_STEP][PASSED] - Statement - Break: null

2018-05-30 17:17:16 - [TEST_STEP][PASSED] - Statement - batchlength = new com.kms.katalon.core.testobject.TestObject(): null

2018-05-30 17:17:16 - [TEST_STEP][PASSED] - Statement - batchlength = com.kms.katalon.core.webui.keyword.WebUiBuiltInKeywords.modifyObjectProperty(batchlength, "xpath", "equals", "//*[@id = "fldvendor" + row + ""]", true): Modify property of object successfully

2018-05-30 17:17:16 - [MESSAGE][PASSED] - Modify property of object successfully

2018-05-30 17:17:16 - [TEST_STEP][PASSED] - Statement - batchsize = com.kms.katalon.core.webui.keyword.WebUiBuiltInKeywords.getNumberOfTotalOption(batchlength): 12 options of object '' counted

2018-05-30 17:17:16 - [MESSAGE][PASSED] - 12 options of object '' counted

2018-05-30 17:17:16 - [TEST_STEP][PASSED] - Statement - out.println("BatchSize : " + batchsize): null

2018-05-30 17:17:16 - [TEST_STEP][PASSED] - Statement - For ([n = 1, n <= batchsize - 1, (n++)]): null

2018-05-30 17:17:16 - [TEST_STEP][PASSED] - Statement - product = new com.kms.katalon.core.testobject.TestObject(): null

2018-05-30 17:17:16 - [TEST_STEP][PASSED] - Statement - product = com.kms.katalon.core.webui.keyword.WebUiBuiltInKeywords.modifyObjectProperty(product, "xpath", "equals", "//*[@id = "fldvendor" + row + ""]", true): Modify property of object successfully

2018-05-30 17:17:16 - [MESSAGE][PASSED] - Modify property of object successfully

2018-05-30 17:17:16 - [TEST_STEP][PASSED] - selectOptionByIndex: All options with index in [1] are selected on object ''

2018-05-30 17:17:16 - [MESSAGE][PASSED] - All options with index in [1] are selected on object ''

2018-05-30 17:17:16 - [TEST_STEP][PASSED] - delay: Delayed 2 second(s)

2018-05-30 17:17:18 - [MESSAGE][PASSED] - Delayed 2 second(s)

2018-05-30 17:17:18 - [TEST_STEP][PASSED] - Statement - batch = new com.kms.katalon.core.testobject.TestObject(): null

2018-05-30 17:17:18 - [TEST_STEP][PASSED] - Statement - batch = com.kms.katalon.core.webui.keyword.WebUiBuiltInKeywords.modifyObjectProperty(batch, "xpath", "equals", "//*[@id = "txtbthqty" + row + ""]", true): Modify property of object successfully

2018-05-30 17:17:18 - [MESSAGE][PASSED] - Modify property of object successfully

2018-05-30 17:17:18 - [TEST_STEP][PASSED] - Statement - batchqty = com.kms.katalon.core.webui.keyword.WebUiBuiltInKeywords.getAttribute(batch, "value").trim(): Attribute 'value' of object '' is: '38100'

2018-05-30 17:17:18 - [MESSAGE][PASSED] - Attribute 'value' of object '' is: '38100'

2018-05-30 17:17:18 - [TEST_STEP][PASSED] - Statement - Rqty = 100: null

2018-05-30 17:17:18 - [TEST_STEP][PASSED] - Statement - out.println("BatchQty : " + batchqty): null

2018-05-30 17:17:18 - [TEST_STEP][PASSED] - Statement - out.println("RQty : " + Rqty): null

2018-05-30 17:17:18 - [TEST_STEP][PASSED] - Statement - If (java.lang.Integer.valueOf(batchqty) >= java.lang.Integer.valueOf(Rqty)): null

2018-05-30 17:17:18 - [TEST_STEP][PASSED] - Statement - Break: null

2018-05-30 17:17:18 - [TEST_STEP][PASSED] - Statement - batchlength = new com.kms.katalon.core.testobject.TestObject(): null

2018-05-30 17:17:18 - [TEST_STEP][PASSED] - Statement - batchlength = com.kms.katalon.core.webui.keyword.WebUiBuiltInKeywords.modifyObjectProperty(batchlength, "xpath", "equals", "//*[@id = "fldvendor" + row + ""]", true): Modify property of object successfully

2018-05-30 17:17:18 - [MESSAGE][PASSED] - Modify property of object successfully

2018-05-30 17:17:18 - [TEST_STEP][PASSED] - Statement - batchsize = com.kms.katalon.core.webui.keyword.WebUiBuiltInKeywords.getNumberOfTotalOption(batchlength): 12 options of object '' counted

2018-05-30 17:17:18 - [MESSAGE][PASSED] - 12 options of object '' counted

2018-05-30 17:17:18 - [TEST_STEP][PASSED] - Statement - out.println("BatchSize : " + batchsize): null

2018-05-30 17:17:18 - [TEST_STEP][PASSED] - Statement - For ([n = 1, n <= batchsize - 1, (n++)]): null

2018-05-30 17:17:18 - [TEST_STEP][PASSED] - Statement - product = new com.kms.katalon.core.testobject.TestObject(): null

2018-05-30 17:17:18 - [TEST_STEP][PASSED] - Statement - product = com.kms.katalon.core.webui.keyword.WebUiBuiltInKeywords.modifyObjectProperty(product, "xpath", "equals", "//*[@id = "fldvendor" + row + ""]", true): Modify property of object successfully

2018-05-30 17:17:18 - [MESSAGE][PASSED] - Modify property of object successfully

2018-05-30 17:17:18 - [TEST_STEP][PASSED] - selectOptionByIndex: All options with index in [1] are selected on object ''

2018-05-30 17:17:18 - [MESSAGE][PASSED] - All options with index in [1] are selected on object ''

2018-05-30 17:17:18 - [TEST_STEP][PASSED] - delay: Delayed 2 second(s)

2018-05-30 17:17:20 - [MESSAGE][PASSED] - Delayed 2 second(s)

2018-05-30 17:17:20 - [TEST_STEP][PASSED] - Statement - batch = new com.kms.katalon.core.testobject.TestObject(): null

2018-05-30 17:17:20 - [TEST_STEP][PASSED] - Statement - batch = com.kms.katalon.core.webui.keyword.WebUiBuiltInKeywords.modifyObjectProperty(batch, "xpath", "equals", "//*[@id = "txtbthqty" + row + ""]", true): Modify property of object successfully

2018-05-30 17:17:20 - [MESSAGE][PASSED] - Modify property of object successfully

2018-05-30 17:17:20 - [TEST_STEP][PASSED] - Statement - batchqty = com.kms.katalon.core.webui.keyword.WebUiBuiltInKeywords.getAttribute(batch, "value").trim(): Attribute 'value' of object '' is: '4800'

2018-05-30 17:17:20 - [MESSAGE][PASSED] - Attribute 'value' of object '' is: '4800'

2018-05-30 17:17:20 - [TEST_STEP][PASSED] - Statement - Rqty = 100: null

2018-05-30 17:17:20 - [TEST_STEP][PASSED] - Statement - out.println("BatchQty : " + batchqty): null

2018-05-30 17:17:20 - [TEST_STEP][PASSED] - Statement - out.println("RQty : " + Rqty): null

2018-05-30 17:17:20 - [TEST_STEP][PASSED] - Statement - If (java.lang.Integer.valueOf(batchqty) >= java.lang.Integer.valueOf(Rqty)): null

2018-05-30 17:17:20 - [TEST_STEP][PASSED] - Statement - Break: null

2018-05-30 17:17:20 - [TEST_STEP][PASSED] - Statement - batchlength = new com.kms.katalon.core.testobject.TestObject(): null

2018-05-30 17:17:20 - [TEST_STEP][PASSED] - Statement - batchlength = com.kms.katalon.core.webui.keyword.WebUiBuiltInKeywords.modifyObjectProperty(batchlength, "xpath", "equals", "//*[@id = "fldvendor" + row + ""]", true): Modify property of object successfully

2018-05-30 17:17:20 - [MESSAGE][PASSED] - Modify property of object successfully

2018-05-30 17:17:20 - [TEST_STEP][PASSED] - Statement - batchsize = com.kms.katalon.core.webui.keyword.WebUiBuiltInKeywords.getNumberOfTotalOption(batchlength): 12 options of object '' counted

2018-05-30 17:17:21 - [MESSAGE][PASSED] - 12 options of object '' counted

2018-05-30 17:17:21 - [TEST_STEP][PASSED] - Statement - out.println("BatchSize : " + batchsize): null

2018-05-30 17:17:21 - [TEST_STEP][PASSED] - Statement - For ([n = 1, n <= batchsize - 1, (n++)]): null

2018-05-30 17:17:21 - [TEST_STEP][PASSED] - Statement - product = new com.kms.katalon.core.testobject.TestObject(): null

2018-05-30 17:17:21 - [TEST_STEP][PASSED] - Statement - product = com.kms.katalon.core.webui.keyword.WebUiBuiltInKeywords.modifyObjectProperty(product, "xpath", "equals", "//*[@id = "fldvendor" + row + ""]", true): Modify property of object successfully

2018-05-30 17:17:21 - [MESSAGE][PASSED] - Modify property of object successfully

2018-05-30 17:17:21 - [TEST_STEP][PASSED] - selectOptionByIndex: All options with index in [1] are selected on object ''

2018-05-30 17:17:21 - [MESSAGE][PASSED] - All options with index in [1] are selected on object ''

2018-05-30 17:17:21 - [TEST_STEP][PASSED] - delay: Delayed 2 second(s)

2018-05-30 17:17:23 - [MESSAGE][PASSED] - Delayed 2 second(s)

2018-05-30 17:17:23 - [TEST_STEP][PASSED] - Statement - batch = new com.kms.katalon.core.testobject.TestObject(): null

2018-05-30 17:17:23 - [TEST_STEP][PASSED] - Statement - batch = com.kms.katalon.core.webui.keyword.WebUiBuiltInKeywords.modifyObjectProperty(batch, "xpath", "equals", "//*[@id = "txtbthqty" + row + ""]", true): Modify property of object successfully

2018-05-30 17:17:23 - [MESSAGE][PASSED] - Modify property of object successfully

2018-05-30 17:17:23 - [TEST_STEP][PASSED] - Statement - batchqty = com.kms.katalon.core.webui.keyword.WebUiBuiltInKeywords.getAttribute(batch, "value").trim(): Attribute 'value' of object '' is: '3300'

2018-05-30 17:17:23 - [MESSAGE][PASSED] - Attribute 'value' of object '' is: '3300'

2018-05-30 17:17:23 - [TEST_STEP][PASSED] - Statement - Rqty = 100: null

2018-05-30 17:17:23 - [TEST_STEP][PASSED] - Statement - out.println("BatchQty : " + batchqty): null

2018-05-30 17:17:23 - [TEST_STEP][PASSED] - Statement - out.println("RQty : " + Rqty): null

2018-05-30 17:17:23 - [TEST_STEP][PASSED] - Statement - If (java.lang.Integer.valueOf(batchqty) >= java.lang.Integer.valueOf(Rqty)): null

2018-05-30 17:17:23 - [TEST_STEP][PASSED] - Statement - Break: null

2018-05-30 17:17:23 - [TEST_STEP][PASSED] - Statement - batchlength = new com.kms.katalon.core.testobject.TestObject(): null

2018-05-30 17:17:23 - [TEST_STEP][PASSED] - Statement - batchlength = com.kms.katalon.core.webui.keyword.WebUiBuiltInKeywords.modifyObjectProperty(batchlength, "xpath", "equals", "//*[@id = "fldvendor" + row + ""]", true): Modify property of object successfully

2018-05-30 17:17:23 - [MESSAGE][PASSED] - Modify property of object successfully

2018-05-30 17:17:23 - [TEST_STEP][PASSED] - Statement - batchsize = com.kms.katalon.core.webui.keyword.WebUiBuiltInKeywords.getNumberOfTotalOption(batchlength): 12 options of object '' counted

2018-05-30 17:17:23 - [MESSAGE][PASSED] - 12 options of object '' counted

2018-05-30 17:17:23 - [TEST_STEP][PASSED] - Statement - out.println("BatchSize : " + batchsize): null

2018-05-30 17:17:23 - [TEST_STEP][PASSED] - Statement - For ([n = 1, n <= batchsize - 1, (n++)]): null

2018-05-30 17:17:23 - [TEST_STEP][PASSED] - Statement - product = new com.kms.katalon.core.testobject.TestObject(): null

2018-05-30 17:17:23 - [TEST_STEP][PASSED] - Statement - product = com.kms.katalon.core.webui.keyword.WebUiBuiltInKeywords.modifyObjectProperty(product, "xpath", "equals", "//*[@id = "fldvendor" + row + ""]", true): Modify property of object successfully

2018-05-30 17:17:23 - [MESSAGE][PASSED] - Modify property of object successfully

2018-05-30 17:17:23 - [TEST_STEP][PASSED] - selectOptionByIndex: All options with index in [1] are selected on object ''

2018-05-30 17:17:23 - [MESSAGE][PASSED] - All options with index in [1] are selected on object ''

2018-05-30 17:17:23 - [TEST_STEP][PASSED] - delay: Delayed 2 second(s)

2018-05-30 17:17:25 - [MESSAGE][PASSED] - Delayed 2 second(s)

2018-05-30 17:17:25 - [TEST_STEP][PASSED] - Statement - batch = new com.kms.katalon.core.testobject.TestObject(): null

2018-05-30 17:17:25 - [TEST_STEP][PASSED] - Statement - batch = com.kms.katalon.core.webui.keyword.WebUiBuiltInKeywords.modifyObjectProperty(batch, "xpath", "equals", "//*[@id = "txtbthqty" + row + ""]", true): Modify property of object successfully

2018-05-30 17:17:25 - [MESSAGE][PASSED] - Modify property of object successfully

2018-05-30 17:17:25 - [TEST_STEP][PASSED] - Statement - batchqty = com.kms.katalon.core.webui.keyword.WebUiBuiltInKeywords.getAttribute(batch, "value").trim(): Attribute 'value' of object '' is: '38100'

2018-05-30 17:17:25 - [MESSAGE][PASSED] - Attribute 'value' of object '' is: '38100'

2018-05-30 17:17:25 - [TEST_STEP][PASSED] - Statement - Rqty = 100: null

2018-05-30 17:17:25 - [TEST_STEP][PASSED] - Statement - out.println("BatchQty : " + batchqty): null

2018-05-30 17:17:25 - [TEST_STEP][PASSED] - Statement - out.println("RQty : " + Rqty): null

2018-05-30 17:17:25 - [TEST_STEP][PASSED] - Statement - If (java.lang.Integer.valueOf(batchqty) >= java.lang.Integer.valueOf(Rqty)): null

2018-05-30 17:17:25 - [TEST_STEP][PASSED] - Statement - Break: null

2018-05-30 17:17:25 - [TEST_STEP][PASSED] - Statement - batchlength = new com.kms.katalon.core.testobject.TestObject(): null

2018-05-30 17:17:25 - [TEST_STEP][PASSED] - Statement - batchlength = com.kms.katalon.core.webui.keyword.WebUiBuiltInKeywords.modifyObjectProperty(batchlength, "xpath", "equals", "//*[@id = "fldvendor" + row + ""]", true): Modify property of object successfully

2018-05-30 17:17:25 - [MESSAGE][PASSED] - Modify property of object successfully

2018-05-30 17:17:25 - [TEST_STEP][PASSED] - Statement - batchsize = com.kms.katalon.core.webui.keyword.WebUiBuiltInKeywords.getNumberOfTotalOption(batchlength): 12 options of object '' counted

2018-05-30 17:17:25 - [MESSAGE][PASSED] - 12 options of object '' counted

2018-05-30 17:17:25 - [TEST_STEP][PASSED] - Statement - out.println("BatchSize : " + batchsize): null

2018-05-30 17:17:25 - [TEST_STEP][PASSED] - Statement - For ([n = 1, n <= batchsize - 1, (n++)]): null

2018-05-30 17:17:25 - [TEST_STEP][PASSED] - Statement - product = new com.kms.katalon.core.testobject.TestObject(): null

2018-05-30 17:17:25 - [TEST_STEP][PASSED] - Statement - product = com.kms.katalon.core.webui.keyword.WebUiBuiltInKeywords.modifyObjectProperty(product, "xpath", "equals", "//*[@id = "fldvendor" + row + ""]", true): Modify property of object successfully

2018-05-30 17:17:25 - [MESSAGE][PASSED] - Modify property of object successfully

2018-05-30 17:17:25 - [TEST_STEP][PASSED] - selectOptionByIndex: All options with index in [1] are selected on object ''

2018-05-30 17:17:25 - [MESSAGE][PASSED] - All options with index in [1] are selected on object ''

2018-05-30 17:17:25 - [TEST_STEP][PASSED] - delay: Delayed 2 second(s)

2018-05-30 17:17:27 - [MESSAGE][PASSED] - Delayed 2 second(s)

2018-05-30 17:17:27 - [TEST_STEP][PASSED] - Statement - batch = new com.kms.katalon.core.testobject.TestObject(): null

2018-05-30 17:17:27 - [TEST_STEP][PASSED] - Statement - batch = com.kms.katalon.core.webui.keyword.WebUiBuiltInKeywords.modifyObjectProperty(batch, "xpath", "equals", "//*[@id = "txtbthqty" + row + ""]", true): Modify property of object successfully

2018-05-30 17:17:27 - [MESSAGE][PASSED] - Modify property of object successfully

2018-05-30 17:17:27 - [TEST_STEP][PASSED] - Statement - batchqty = com.kms.katalon.core.webui.keyword.WebUiBuiltInKeywords.getAttribute(batch, "value").trim(): Attribute 'value' of object '' is: '3300'

2018-05-30 17:17:27 - [MESSAGE][PASSED] - Attribute 'value' of object '' is: '3300'

2018-05-30 17:17:27 - [TEST_STEP][PASSED] - Statement - Rqty = 100: null

2018-05-30 17:17:27 - [TEST_STEP][PASSED] - Statement - out.println("BatchQty : " + batchqty): null

2018-05-30 17:17:27 - [TEST_STEP][PASSED] - Statement - out.println("RQty : " + Rqty): null

2018-05-30 17:17:27 - [TEST_STEP][PASSED] - Statement - If (java.lang.Integer.valueOf(batchqty) >= java.lang.Integer.valueOf(Rqty)): null

2018-05-30 17:17:27 - [TEST_STEP][PASSED] - Statement - Break: null

2018-05-30 17:17:27 - [TEST_STEP][PASSED] - Statement - batchlength = new com.kms.katalon.core.testobject.TestObject(): null

2018-05-30 17:17:27 - [TEST_STEP][PASSED] - Statement - batchlength = com.kms.katalon.core.webui.keyword.WebUiBuiltInKeywords.modifyObjectProperty(batchlength, "xpath", "equals", "//*[@id = "fldvendor" + row + ""]", true): Modify property of object successfully

2018-05-30 17:17:27 - [MESSAGE][PASSED] - Modify property of object successfully

2018-05-30 17:17:27 - [TEST_STEP][PASSED] - Statement - batchsize = com.kms.katalon.core.webui.keyword.WebUiBuiltInKeywords.getNumberOfTotalOption(batchlength): 12 options of object '' counted

2018-05-30 17:17:27 - [MESSAGE][PASSED] - 12 options of object '' counted

2018-05-30 17:17:27 - [TEST_STEP][PASSED] - Statement - out.println("BatchSize : " + batchsize): null

2018-05-30 17:17:27 - [TEST_STEP][PASSED] - Statement - For ([n = 1, n <= batchsize - 1, (n++)]): null

2018-05-30 17:17:27 - [TEST_STEP][PASSED] - Statement - product = new com.kms.katalon.core.testobject.TestObject(): null

2018-05-30 17:17:27 - [TEST_STEP][PASSED] - Statement - product = com.kms.katalon.core.webui.keyword.WebUiBuiltInKeywords.modifyObjectProperty(product, "xpath", "equals", "//*[@id = "fldvendor" + row + ""]", true): Modify property of object successfully

2018-05-30 17:17:27 - [MESSAGE][PASSED] - Modify property of object successfully

2018-05-30 17:17:27 - [TEST_STEP][PASSED] - selectOptionByIndex: All options with index in [1] are selected on object ''

2018-05-30 17:17:28 - [MESSAGE][PASSED] - All options with index in [1] are selected on object ''

2018-05-30 17:17:28 - [TEST_STEP][PASSED] - delay: Delayed 2 second(s)

2018-05-30 17:17:30 - [MESSAGE][PASSED] - Delayed 2 second(s)

2018-05-30 17:17:30 - [TEST_STEP][PASSED] - Statement - batch = new com.kms.katalon.core.testobject.TestObject(): null

2018-05-30 17:17:30 - [TEST_STEP][PASSED] - Statement - batch = com.kms.katalon.core.webui.keyword.WebUiBuiltInKeywords.modifyObjectProperty(batch, "xpath", "equals", "//*[@id = "txtbthqty" + row + ""]", true): Modify property of object successfully

2018-05-30 17:17:30 - [MESSAGE][PASSED] - Modify property of object successfully

2018-05-30 17:17:30 - [TEST_STEP][PASSED] - Statement - batchqty = com.kms.katalon.core.webui.keyword.WebUiBuiltInKeywords.getAttribute(batch, "value").trim(): Attribute 'value' of object '' is: '2300'

2018-05-30 17:17:30 - [MESSAGE][PASSED] - Attribute 'value' of object '' is: '2300'

2018-05-30 17:17:30 - [TEST_STEP][PASSED] - Statement - Rqty = 100: null

2018-05-30 17:17:30 - [TEST_STEP][PASSED] - Statement - out.println("BatchQty : " + batchqty): null

2018-05-30 17:17:30 - [TEST_STEP][PASSED] - Statement - out.println("RQty : " + Rqty): null

2018-05-30 17:17:30 - [TEST_STEP][PASSED] - Statement - If (java.lang.Integer.valueOf(batchqty) >= java.lang.Integer.valueOf(Rqty)): null

2018-05-30 17:17:30 - [TEST_STEP][PASSED] - Statement - Break: null

2018-05-30 17:17:30 - [TEST_STEP][PASSED] - Statement - batchlength = new com.kms.katalon.core.testobject.TestObject(): null

2018-05-30 17:17:30 - [TEST_STEP][PASSED] - Statement - batchlength = com.kms.katalon.core.webui.keyword.WebUiBuiltInKeywords.modifyObjectProperty(batchlength, "xpath", "equals", "//*[@id = "fldvendor" + row + ""]", true): Modify property of object successfully

2018-05-30 17:17:30 - [MESSAGE][PASSED] - Modify property of object successfully

2018-05-30 17:17:30 - [TEST_STEP][PASSED] - Statement - batchsize = com.kms.katalon.core.webui.keyword.WebUiBuiltInKeywords.getNumberOfTotalOption(batchlength): 12 options of object '' counted

2018-05-30 17:17:30 - [MESSAGE][PASSED] - 12 options of object '' counted

2018-05-30 17:17:30 - [TEST_STEP][PASSED] - Statement - out.println("BatchSize : " + batchsize): null

2018-05-30 17:17:30 - [TEST_STEP][PASSED] - Statement - For ([n = 1, n <= batchsize - 1, (n++)]): null

2018-05-30 17:17:30 - [TEST_STEP][PASSED] - Statement - product = new com.kms.katalon.core.testobject.TestObject(): null

2018-05-30 17:17:30 - [TEST_STEP][PASSED] - Statement - product = com.kms.katalon.core.webui.keyword.WebUiBuiltInKeywords.modifyObjectProperty(product, "xpath", "equals", "//*[@id = "fldvendor" + row + ""]", true): Modify property of object successfully

2018-05-30 17:17:30 - [MESSAGE][PASSED] - Modify property of object successfully

2018-05-30 17:17:30 - [TEST_STEP][PASSED] - selectOptionByIndex: All options with index in [1] are selected on object ''

2018-05-30 17:17:30 - [MESSAGE][PASSED] - All options with index in [1] are selected on object ''

2018-05-30 17:17:30 - [TEST_STEP][PASSED] - delay: Delayed 2 second(s)

2018-05-30 17:17:32 - [MESSAGE][PASSED] - Delayed 2 second(s)

2018-05-30 17:17:32 - [TEST_STEP][PASSED] - Statement - batch = new com.kms.katalon.core.testobject.TestObject(): null

2018-05-30 17:17:32 - [TEST_STEP][PASSED] - Statement - batch = com.kms.katalon.core.webui.keyword.WebUiBuiltInKeywords.modifyObjectProperty(batch, "xpath", "equals", "//*[@id = "txtbthqty" + row + ""]", true): Modify property of object successfully

2018-05-30 17:17:32 - [MESSAGE][PASSED] - Modify property of object successfully

2018-05-30 17:17:32 - [TEST_STEP][PASSED] - Statement - batchqty = com.kms.katalon.core.webui.keyword.WebUiBuiltInKeywords.getAttribute(batch, "value").trim(): Attribute 'value' of object '' is: '4300'

2018-05-30 17:17:32 - [MESSAGE][PASSED] - Attribute 'value' of object '' is: '4300'

2018-05-30 17:17:32 - [TEST_STEP][PASSED] - Statement - Rqty = 100: null

2018-05-30 17:17:32 - [TEST_STEP][PASSED] - Statement - out.println("BatchQty : " + batchqty): null

2018-05-30 17:17:32 - [TEST_STEP][PASSED] - Statement - out.println("RQty : " + Rqty): null

2018-05-30 17:17:32 - [TEST_STEP][PASSED] - Statement - If (java.lang.Integer.valueOf(batchqty) >= java.lang.Integer.valueOf(Rqty)): null

2018-05-30 17:17:32 - [TEST_STEP][PASSED] - Statement - Break: null

2018-05-30 17:17:32 - [TEST_STEP][PASSED] - Statement - batchlength = new com.kms.katalon.core.testobject.TestObject(): null

2018-05-30 17:17:32 - [TEST_STEP][PASSED] - Statement - batchlength = com.kms.katalon.core.webui.keyword.WebUiBuiltInKeywords.modifyObjectProperty(batchlength, "xpath", "equals", "//*[@id = "fldvendor" + row + ""]", true): Modify property of object successfully

2018-05-30 17:17:32 - [MESSAGE][PASSED] - Modify property of object successfully

2018-05-30 17:17:32 - [TEST_STEP][PASSED] - Statement - batchsize = com.kms.katalon.core.webui.keyword.WebUiBuiltInKeywords.getNumberOfTotalOption(batchlength): 12 options of object '' counted

2018-05-30 17:17:32 - [MESSAGE][PASSED] - 12 options of object '' counted

2018-05-30 17:17:32 - [TEST_STEP][PASSED] - Statement - out.println("BatchSize : " + batchsize): null

2018-05-30 17:17:32 - [TEST_STEP][PASSED] - Statement - For ([n = 1, n <= batchsize - 1, (n++)]): null

2018-05-30 17:17:32 - [TEST_STEP][PASSED] - Statement - product = new com.kms.katalon.core.testobject.TestObject(): null

2018-05-30 17:17:32 - [TEST_STEP][PASSED] - Statement - product = com.kms.katalon.core.webui.keyword.WebUiBuiltInKeywords.modifyObjectProperty(product, "xpath", "equals", "//*[@id = "fldvendor" + row + ""]", true): Modify property of object successfully

2018-05-30 17:17:32 - [MESSAGE][PASSED] - Modify property of object successfully

2018-05-30 17:17:32 - [TEST_STEP][PASSED] - selectOptionByIndex: All options with index in [1] are selected on object ''

2018-05-30 17:17:32 - [MESSAGE][PASSED] - All options with index in [1] are selected on object ''

2018-05-30 17:17:32 - [TEST_STEP][PASSED] - delay: Delayed 2 second(s)

2018-05-30 17:17:34 - [MESSAGE][PASSED] - Delayed 2 second(s)

2018-05-30 17:17:34 - [TEST_STEP][PASSED] - Statement - batch = new com.kms.katalon.core.testobject.TestObject(): null

2018-05-30 17:17:34 - [TEST_STEP][PASSED] - Statement - batch = com.kms.katalon.core.webui.keyword.WebUiBuiltInKeywords.modifyObjectProperty(batch, "xpath", "equals", "//*[@id = "txtbthqty" + row + ""]", true): Modify property of object successfully

2018-05-30 17:17:34 - [MESSAGE][PASSED] - Modify property of object successfully

2018-05-30 17:17:34 - [TEST_STEP][PASSED] - Statement - batchqty = com.kms.katalon.core.webui.keyword.WebUiBuiltInKeywords.getAttribute(batch, "value").trim(): Attribute 'value' of object '' is: '3300'

2018-05-30 17:17:34 - [MESSAGE][PASSED] - Attribute 'value' of object '' is: '3300'

2018-05-30 17:17:34 - [TEST_STEP][PASSED] - Statement - Rqty = 100: null

2018-05-30 17:17:34 - [TEST_STEP][PASSED] - Statement - out.println("BatchQty : " + batchqty): null

2018-05-30 17:17:34 - [TEST_STEP][PASSED] - Statement - out.println("RQty : " + Rqty): null

2018-05-30 17:17:34 - [TEST_STEP][PASSED] - Statement - If (java.lang.Integer.valueOf(batchqty) >= java.lang.Integer.valueOf(Rqty)): null

2018-05-30 17:17:34 - [TEST_STEP][PASSED] - Statement - Break: null

2018-05-30 17:17:34 - [TEST_STEP][PASSED] - Statement - batchlength = new com.kms.katalon.core.testobject.TestObject(): null

2018-05-30 17:17:34 - [TEST_STEP][PASSED] - Statement - batchlength = com.kms.katalon.core.webui.keyword.WebUiBuiltInKeywords.modifyObjectProperty(batchlength, "xpath", "equals", "//*[@id = "fldvendor" + row + ""]", true): Modify property of object successfully

2018-05-30 17:17:34 - [MESSAGE][PASSED] - Modify property of object successfully

2018-05-30 17:17:34 - [TEST_STEP][PASSED] - Statement - batchsize = com.kms.katalon.core.webui.keyword.WebUiBuiltInKeywords.getNumberOfTotalOption(batchlength): 11 options of object '' counted

2018-05-30 17:17:34 - [MESSAGE][PASSED] - 11 options of object '' counted

2018-05-30 17:17:34 - [TEST_STEP][PASSED] - Statement - out.println("BatchSize : " + batchsize): null

2018-05-30 17:17:34 - [TEST_STEP][PASSED] - Statement - For ([n = 1, n <= batchsize - 1, (n++)]): null

2018-05-30 17:17:34 - [TEST_STEP][PASSED] - Statement - product = new com.kms.katalon.core.testobject.TestObject(): null

2018-05-30 17:17:34 - [TEST_STEP][PASSED] - Statement - product = com.kms.katalon.core.webui.keyword.WebUiBuiltInKeywords.modifyObjectProperty(product, "xpath", "equals", "//*[@id = "fldvendor" + row + ""]", true): Modify property of object successfully

2018-05-30 17:17:34 - [MESSAGE][PASSED] - Modify property of object successfully

2018-05-30 17:17:34 - [TEST_STEP][PASSED] - selectOptionByIndex: All options with index in [1] are selected on object ''

2018-05-30 17:17:34 - [MESSAGE][PASSED] - All options with index in [1] are selected on object ''

2018-05-30 17:17:34 - [TEST_STEP][PASSED] - delay: Delayed 2 second(s)

2018-05-30 17:17:36 - [MESSAGE][PASSED] - Delayed 2 second(s)

2018-05-30 17:17:36 - [TEST_STEP][PASSED] - Statement - batch = new com.kms.katalon.core.testobject.TestObject(): null

2018-05-30 17:17:36 - [TEST_STEP][PASSED] - Statement - batch = com.kms.katalon.core.webui.keyword.WebUiBuiltInKeywords.modifyObjectProperty(batch, "xpath", "equals", "//*[@id = "txtbthqty" + row + ""]", true): Modify property of object successfully

2018-05-30 17:17:36 - [MESSAGE][PASSED] - Modify property of object successfully

2018-05-30 17:17:36 - [TEST_STEP][PASSED] - Statement - batchqty = com.kms.katalon.core.webui.keyword.WebUiBuiltInKeywords.getAttribute(batch, "value").trim(): Attribute 'value' of object '' is: '38600'

2018-05-30 17:17:36 - [MESSAGE][PASSED] - Attribute 'value' of object '' is: '38600'

2018-05-30 17:17:36 - [TEST_STEP][PASSED] - Statement - Rqty = 100: null

2018-05-30 17:17:36 - [TEST_STEP][PASSED] - Statement - out.println("BatchQty : " + batchqty): null

2018-05-30 17:17:36 - [TEST_STEP][PASSED] - Statement - out.println("RQty : " + Rqty): null

2018-05-30 17:17:36 - [TEST_STEP][PASSED] - Statement - If (java.lang.Integer.valueOf(batchqty) >= java.lang.Integer.valueOf(Rqty)): null

2018-05-30 17:17:36 - [TEST_STEP][PASSED] - Statement - Break: null

2018-05-30 17:17:36 - [TEST_STEP][PASSED] - Statement - batchlength = new com.kms.katalon.core.testobject.TestObject(): null

2018-05-30 17:17:36 - [TEST_STEP][PASSED] - Statement - batchlength = com.kms.katalon.core.webui.keyword.WebUiBuiltInKeywords.modifyObjectProperty(batchlength, "xpath", "equals", "//*[@id = "fldvendor" + row + ""]", true): Modify property of object successfully

2018-05-30 17:17:36 - [MESSAGE][PASSED] - Modify property of object successfully

2018-05-30 17:17:36 - [TEST_STEP][PASSED] - Statement - batchsize = com.kms.katalon.core.webui.keyword.WebUiBuiltInKeywords.getNumberOfTotalOption(batchlength): 12 options of object '' counted

2018-05-30 17:17:36 - [MESSAGE][PASSED] - 12 options of object '' counted

2018-05-30 17:17:36 - [TEST_STEP][PASSED] - Statement - out.println("BatchSize : " + batchsize): null

2018-05-30 17:17:36 - [TEST_STEP][PASSED] - Statement - For ([n = 1, n <= batchsize - 1, (n++)]): null

2018-05-30 17:17:36 - [TEST_STEP][PASSED] - Statement - product = new com.kms.katalon.core.testobject.TestObject(): null

2018-05-30 17:17:36 - [TEST_STEP][PASSED] - Statement - product = com.kms.katalon.core.webui.keyword.WebUiBuiltInKeywords.modifyObjectProperty(product, "xpath", "equals", "//*[@id = "fldvendor" + row + ""]", true): Modify property of object successfully

2018-05-30 17:17:36 - [MESSAGE][PASSED] - Modify property of object successfully

2018-05-30 17:17:36 - [TEST_STEP][PASSED] - selectOptionByIndex: All options with index in [1] are selected on object ''

2018-05-30 17:17:37 - [MESSAGE][PASSED] - All options with index in [1] are selected on object ''

2018-05-30 17:17:37 - [TEST_STEP][PASSED] - delay: Delayed 2 second(s)

2018-05-30 17:17:39 - [MESSAGE][PASSED] - Delayed 2 second(s)

2018-05-30 17:17:39 - [TEST_STEP][PASSED] - Statement - batch = new com.kms.katalon.core.testobject.TestObject(): null

2018-05-30 17:17:39 - [TEST_STEP][PASSED] - Statement - batch = com.kms.katalon.core.webui.keyword.WebUiBuiltInKeywords.modifyObjectProperty(batch, "xpath", "equals", "//*[@id = "txtbthqty" + row + ""]", true): Modify property of object successfully

2018-05-30 17:17:39 - [MESSAGE][PASSED] - Modify property of object successfully

2018-05-30 17:17:39 - [TEST_STEP][PASSED] - Statement - batchqty = com.kms.katalon.core.webui.keyword.WebUiBuiltInKeywords.getAttribute(batch, "value").trim(): Attribute 'value' of object '' is: '33100'

2018-05-30 17:17:39 - [MESSAGE][PASSED] - Attribute 'value' of object '' is: '33100'

2018-05-30 17:17:39 - [TEST_STEP][PASSED] - Statement - Rqty = 100: null

2018-05-30 17:17:39 - [TEST_STEP][PASSED] - Statement - out.println("BatchQty : " + batchqty): null

2018-05-30 17:17:39 - [TEST_STEP][PASSED] - Statement - out.println("RQty : " + Rqty): null

2018-05-30 17:17:39 - [TEST_STEP][PASSED] - Statement - If (java.lang.Integer.valueOf(batchqty) >= java.lang.Integer.valueOf(Rqty)): null

2018-05-30 17:17:39 - [TEST_STEP][PASSED] - Statement - Break: null

2018-05-30 17:17:39 - [TEST_STEP][PASSED] - Statement - batchlength = new com.kms.katalon.core.testobject.TestObject(): null

2018-05-30 17:17:39 - [TEST_STEP][PASSED] - Statement - batchlength = com.kms.katalon.core.webui.keyword.WebUiBuiltInKeywords.modifyObjectProperty(batchlength, "xpath", "equals", "//*[@id = "fldvendor" + row + ""]", true): Modify property of object successfully

2018-05-30 17:17:39 - [MESSAGE][PASSED] - Modify property of object successfully

2018-05-30 17:17:39 - [TEST_STEP][PASSED] - Statement - batchsize = com.kms.katalon.core.webui.keyword.WebUiBuiltInKeywords.getNumberOfTotalOption(batchlength): 12 options of object '' counted

2018-05-30 17:17:39 - [MESSAGE][PASSED] - 12 options of object '' counted

2018-05-30 17:17:39 - [TEST_STEP][PASSED] - Statement - out.println("BatchSize : " + batchsize): null

2018-05-30 17:17:39 - [TEST_STEP][PASSED] - Statement - For ([n = 1, n <= batchsize - 1, (n++)]): null

2018-05-30 17:17:39 - [TEST_STEP][PASSED] - Statement - product = new com.kms.katalon.core.testobject.TestObject(): null

2018-05-30 17:17:39 - [TEST_STEP][PASSED] - Statement - product = com.kms.katalon.core.webui.keyword.WebUiBuiltInKeywords.modifyObjectProperty(product, "xpath", "equals", "//*[@id = "fldvendor" + row + ""]", true): Modify property of object successfully

2018-05-30 17:17:39 - [MESSAGE][PASSED] - Modify property of object successfully

2018-05-30 17:17:39 - [TEST_STEP][PASSED] - selectOptionByIndex: All options with index in [1] are selected on object ''

2018-05-30 17:17:39 - [MESSAGE][PASSED] - All options with index in [1] are selected on object ''

2018-05-30 17:17:39 - [TEST_STEP][PASSED] - delay: Delayed 2 second(s)

2018-05-30 17:17:41 - [MESSAGE][PASSED] - Delayed 2 second(s)

2018-05-30 17:17:41 - [TEST_STEP][PASSED] - Statement - batch = new com.kms.katalon.core.testobject.TestObject(): null

2018-05-30 17:17:41 - [TEST_STEP][PASSED] - Statement - batch = com.kms.katalon.core.webui.keyword.WebUiBuiltInKeywords.modifyObjectProperty(batch, "xpath", "equals", "//*[@id = "txtbthqty" + row + ""]", true): Modify property of object successfully

2018-05-30 17:17:41 - [MESSAGE][PASSED] - Modify property of object successfully

2018-05-30 17:17:41 - [TEST_STEP][PASSED] - Statement - batchqty = com.kms.katalon.core.webui.keyword.WebUiBuiltInKeywords.getAttribute(batch, "value").trim(): Attribute 'value' of object '' is: '3300'

2018-05-30 17:17:41 - [MESSAGE][PASSED] - Attribute 'value' of object '' is: '3300'

2018-05-30 17:17:41 - [TEST_STEP][PASSED] - Statement - Rqty = 100: null

2018-05-30 17:17:41 - [TEST_STEP][PASSED] - Statement - out.println("BatchQty : " + batchqty): null

2018-05-30 17:17:41 - [TEST_STEP][PASSED] - Statement - out.println("RQty : " + Rqty): null

2018-05-30 17:17:41 - [TEST_STEP][PASSED] - Statement - If (java.lang.Integer.valueOf(batchqty) >= java.lang.Integer.valueOf(Rqty)): null

2018-05-30 17:17:41 - [TEST_STEP][PASSED] - Statement - Break: null

2018-05-30 17:17:41 - [TEST_STEP][PASSED] - Statement - batchlength = new com.kms.katalon.core.testobject.TestObject(): null

2018-05-30 17:17:41 - [TEST_STEP][PASSED] - Statement - batchlength = com.kms.katalon.core.webui.keyword.WebUiBuiltInKeywords.modifyObjectProperty(batchlength, "xpath", "equals", "//*[@id = "fldvendor" + row + ""]", true): Modify property of object successfully

2018-05-30 17:17:41 - [MESSAGE][PASSED] - Modify property of object successfully

2018-05-30 17:17:41 - [TEST_STEP][PASSED] - Statement - batchsize = com.kms.katalon.core.webui.keyword.WebUiBuiltInKeywords.getNumberOfTotalOption(batchlength): 12 options of object '' counted

2018-05-30 17:17:41 - [MESSAGE][PASSED] - 12 options of object '' counted

2018-05-30 17:17:41 - [TEST_STEP][PASSED] - Statement - out.println("BatchSize : " + batchsize): null

2018-05-30 17:17:41 - [TEST_STEP][PASSED] - Statement - For ([n = 1, n <= batchsize - 1, (n++)]): null

2018-05-30 17:17:41 - [TEST_STEP][PASSED] - Statement - product = new com.kms.katalon.core.testobject.TestObject(): null

2018-05-30 17:17:41 - [TEST_STEP][PASSED] - Statement - product = com.kms.katalon.core.webui.keyword.WebUiBuiltInKeywords.modifyObjectProperty(product, "xpath", "equals", "//*[@id = "fldvendor" + row + ""]", true): Modify property of object successfully

2018-05-30 17:17:41 - [MESSAGE][PASSED] - Modify property of object successfully

2018-05-30 17:17:41 - [TEST_STEP][PASSED] - selectOptionByIndex: All options with index in [1] are selected on object ''

2018-05-30 17:17:41 - [MESSAGE][PASSED] - All options with index in [1] are selected on object ''

2018-05-30 17:17:41 - [TEST_STEP][PASSED] - delay: Delayed 2 second(s)

2018-05-30 17:17:43 - [MESSAGE][PASSED] - Delayed 2 second(s)

2018-05-30 17:17:43 - [TEST_STEP][PASSED] - Statement - batch = new com.kms.katalon.core.testobject.TestObject(): null

2018-05-30 17:17:43 - [TEST_STEP][PASSED] - Statement - batch = com.kms.katalon.core.webui.keyword.WebUiBuiltInKeywords.modifyObjectProperty(batch, "xpath", "equals", "//*[@id = "txtbthqty" + row + ""]", true): Modify property of object successfully

2018-05-30 17:17:43 - [MESSAGE][PASSED] - Modify property of object successfully

2018-05-30 17:17:43 - [TEST_STEP][PASSED] - Statement - batchqty = com.kms.katalon.core.webui.keyword.WebUiBuiltInKeywords.getAttribute(batch, "value").trim(): Attribute 'value' of object '' is: '2300'

2018-05-30 17:17:43 - [MESSAGE][PASSED] - Attribute 'value' of object '' is: '2300'

2018-05-30 17:17:43 - [TEST_STEP][PASSED] - Statement - Rqty = 100: null

2018-05-30 17:17:43 - [TEST_STEP][PASSED] - Statement - out.println("BatchQty : " + batchqty): null

2018-05-30 17:17:43 - [TEST_STEP][PASSED] - Statement - out.println("RQty : " + Rqty): null

2018-05-30 17:17:43 - [TEST_STEP][PASSED] - Statement - If (java.lang.Integer.valueOf(batchqty) >= java.lang.Integer.valueOf(Rqty)): null

2018-05-30 17:17:43 - [TEST_STEP][PASSED] - Statement - Break: null

2018-05-30 17:17:43 - [TEST_STEP][PASSED] - Statement - batchlength = new com.kms.katalon.core.testobject.TestObject(): null

2018-05-30 17:17:43 - [TEST_STEP][PASSED] - Statement - batchlength = com.kms.katalon.core.webui.keyword.WebUiBuiltInKeywords.modifyObjectProperty(batchlength, "xpath", "equals", "//*[@id = "fldvendor" + row + ""]", true): Modify property of object successfully

2018-05-30 17:17:43 - [MESSAGE][PASSED] - Modify property of object successfully

2018-05-30 17:17:43 - [TEST_STEP][PASSED] - Statement - batchsize = com.kms.katalon.core.webui.keyword.WebUiBuiltInKeywords.getNumberOfTotalOption(batchlength): 12 options of object '' counted

2018-05-30 17:17:43 - [MESSAGE][PASSED] - 12 options of object '' counted

2018-05-30 17:17:43 - [TEST_STEP][PASSED] - Statement - out.println("BatchSize : " + batchsize): null

2018-05-30 17:17:43 - [TEST_STEP][PASSED] - Statement - For ([n = 1, n <= batchsize - 1, (n++)]): null

2018-05-30 17:17:43 - [TEST_STEP][PASSED] - Statement - product = new com.kms.katalon.core.testobject.TestObject(): null

2018-05-30 17:17:43 - [TEST_STEP][PASSED] - Statement - product = com.kms.katalon.core.webui.keyword.WebUiBuiltInKeywords.modifyObjectProperty(product, "xpath", "equals", "//*[@id = "fldvendor" + row + ""]", true): Modify property of object successfully

2018-05-30 17:17:43 - [MESSAGE][PASSED] - Modify property of object successfully

2018-05-30 17:17:43 - [TEST_STEP][PASSED] - selectOptionByIndex: All options with index in [1] are selected on object ''

2018-05-30 17:17:43 - [MESSAGE][PASSED] - All options with index in [1] are selected on object ''

2018-05-30 17:17:43 - [TEST_STEP][PASSED] - delay: Delayed 2 second(s)

2018-05-30 17:17:45 - [MESSAGE][PASSED] - Delayed 2 second(s)

2018-05-30 17:17:45 - [TEST_STEP][PASSED] - Statement - batch = new com.kms.katalon.core.testobject.TestObject(): null

2018-05-30 17:17:45 - [TEST_STEP][PASSED] - Statement - batch = com.kms.katalon.core.webui.keyword.WebUiBuiltInKeywords.modifyObjectProperty(batch, "xpath", "equals", "//*[@id = "txtbthqty" + row + ""]", true): Modify property of object successfully

2018-05-30 17:17:45 - [MESSAGE][PASSED] - Modify property of object successfully

2018-05-30 17:17:45 - [TEST_STEP][PASSED] - Statement - batchqty = com.kms.katalon.core.webui.keyword.WebUiBuiltInKeywords.getAttribute(batch, "value").trim(): Attribute 'value' of object '' is: '2300'

2018-05-30 17:17:45 - [MESSAGE][PASSED] - Attribute 'value' of object '' is: '2300'

2018-05-30 17:18:20 - [TEST_STEP][PASSED] - Statement - Rqty = 100: null

2018-05-30 17:18:20 - [TEST_STEP][PASSED] - Statement - out.println("BatchQty : " + batchqty): null

2018-05-30 17:18:20 - [TEST_STEP][PASSED] - Statement - out.println("RQty : " + Rqty): null

2018-05-30 17:18:20 - [TEST_STEP][PASSED] - Statement - If (java.lang.Integer.valueOf(batchqty) >= java.lang.Integer.valueOf(Rqty)): null

2018-05-30 17:18:20 - [TEST_STEP][PASSED] - Statement - Break: null

2018-05-30 17:18:20 - [TEST_STEP][PASSED] - Statement - batchlength = new com.kms.katalon.core.testobject.TestObject(): null

2018-05-30 17:18:20 - [TEST_STEP][PASSED] - Statement - batchlength = com.kms.katalon.core.webui.keyword.WebUiBuiltInKeywords.modifyObjectProperty(batchlength, "xpath", "equals", "//*[@id = "fldvendor" + row + ""]", true): Modify property of object successfully

2018-05-30 17:18:20 - [MESSAGE][PASSED] - Modify property of object successfully

2018-05-30 17:18:20 - [TEST_STEP][PASSED] - Statement - batchsize = com.kms.katalon.core.webui.keyword.WebUiBuiltInKeywords.getNumberOfTotalOption(batchlength): 12 options of object '' counted

2018-05-30 17:18:20 - [MESSAGE][PASSED] - 12 options of object '' counted

2018-05-30 17:18:20 - [TEST_STEP][PASSED] - Statement - out.println("BatchSize : " + batchsize): null

2018-05-30 17:18:20 - [TEST_STEP][PASSED] - Statement - For ([n = 1, n <= batchsize - 1, (n++)]): null

2018-05-30 17:18:20 - [TEST_STEP][PASSED] - Statement - product = new com.kms.katalon.core.testobject.TestObject(): null

2018-05-30 17:18:20 - [TEST_STEP][PASSED] - Statement - product = com.kms.katalon.core.webui.keyword.WebUiBuiltInKeywords.modifyObjectProperty(product, "xpath", "equals", "//*[@id = "fldvendor" + row + ""]", true): Modify property of object successfully

2018-05-30 17:18:20 - [MESSAGE][PASSED] - Modify property of object successfully

2018-05-30 17:18:20 - [TEST_STEP][PASSED] - selectOptionByIndex: All options with index in [1] are selected on object ''

2018-05-30 17:18:20 - [MESSAGE][PASSED] - All options with index in [1] are selected on object ''

2018-05-30 17:18:20 - [TEST_STEP][PASSED] - delay: Delayed 2 second(s)

2018-05-30 17:18:22 - [MESSAGE][PASSED] - Delayed 2 second(s)

2018-05-30 17:18:22 - [TEST_STEP][PASSED] - Statement - batch = new com.kms.katalon.core.testobject.TestObject(): null

2018-05-30 17:18:22 - [TEST_STEP][PASSED] - Statement - batch = com.kms.katalon.core.webui.keyword.WebUiBuiltInKeywords.modifyObjectProperty(batch, "xpath", "equals", "//*[@id = "txtbthqty" + row + ""]", true): Modify property of object successfully

2018-05-30 17:18:22 - [MESSAGE][PASSED] - Modify property of object successfully

2018-05-30 17:18:22 - [TEST_STEP][PASSED] - Statement - batchqty = com.kms.katalon.core.webui.keyword.WebUiBuiltInKeywords.getAttribute(batch, "value").trim(): Attribute 'value' of object '' is: '4300'

2018-05-30 17:18:23 - [MESSAGE][PASSED] - Attribute 'value' of object '' is: '4300'

2018-05-30 17:18:23 - [TEST_STEP][PASSED] - Statement - Rqty = 100: null

2018-05-30 17:18:23 - [TEST_STEP][PASSED] - Statement - out.println("BatchQty : " + batchqty): null

2018-05-30 17:18:23 - [TEST_STEP][PASSED] - Statement - out.println("RQty : " + Rqty): null

2018-05-30 17:18:23 - [TEST_STEP][PASSED] - Statement - If (java.lang.Integer.valueOf(batchqty) >= java.lang.Integer.valueOf(Rqty)): null

2018-05-30 17:18:23 - [TEST_STEP][PASSED] - Statement - Break: null

2018-05-30 17:18:23 - [TEST_STEP][PASSED] - Statement - batchlength = new com.kms.katalon.core.testobject.TestObject(): null

2018-05-30 17:18:23 - [TEST_STEP][PASSED] - Statement - batchlength = com.kms.katalon.core.webui.keyword.WebUiBuiltInKeywords.modifyObjectProperty(batchlength, "xpath", "equals", "//*[@id = "fldvendor" + row + ""]", true): Modify property of object successfully

2018-05-30 17:18:23 - [MESSAGE][PASSED] - Modify property of object successfully

2018-05-30 17:18:23 - [TEST_STEP][PASSED] - Statement - batchsize = com.kms.katalon.core.webui.keyword.WebUiBuiltInKeywords.getNumberOfTotalOption(batchlength): 12 options of object '' counted

2018-05-30 17:18:23 - [MESSAGE][PASSED] - 12 options of object '' counted

2018-05-30 17:18:23 - [TEST_STEP][PASSED] - Statement - out.println("BatchSize : " + batchsize): null

2018-05-30 17:18:23 - [TEST_STEP][PASSED] - Statement - For ([n = 1, n <= batchsize - 1, (n++)]): null

2018-05-30 17:18:23 - [TEST_STEP][PASSED] - Statement - product = new com.kms.katalon.core.testobject.TestObject(): null

2018-05-30 17:18:23 - [TEST_STEP][PASSED] - Statement - product = com.kms.katalon.core.webui.keyword.WebUiBuiltInKeywords.modifyObjectProperty(product, "xpath", "equals", "//*[@id = "fldvendor" + row + ""]", true): Modify property of object successfully

2018-05-30 17:18:23 - [MESSAGE][PASSED] - Modify property of object successfully

2018-05-30 17:18:23 - [TEST_STEP][PASSED] - selectOptionByIndex: All options with index in [1] are selected on object ''

2018-05-30 17:18:23 - [MESSAGE][PASSED] - All options with index in [1] are selected on object ''

2018-05-30 17:18:23 - [TEST_STEP][PASSED] - delay: Delayed 2 second(s)

2018-05-30 17:18:25 - [MESSAGE][PASSED] - Delayed 2 second(s)

2018-05-30 17:18:25 - [TEST_STEP][PASSED] - Statement - batch = new com.kms.katalon.core.testobject.TestObject(): null

2018-05-30 17:18:25 - [TEST_STEP][PASSED] - Statement - batch = com.kms.katalon.core.webui.keyword.WebUiBuiltInKeywords.modifyObjectProperty(batch, "xpath", "equals", "//*[@id = "txtbthqty" + row + ""]", true): Modify property of object successfully

2018-05-30 17:18:25 - [MESSAGE][PASSED] - Modify property of object successfully

2018-05-30 17:18:25 - [TEST_STEP][PASSED] - Statement - batchqty = com.kms.katalon.core.webui.keyword.WebUiBuiltInKeywords.getAttribute(batch, "value").trim(): Attribute 'value' of object '' is: '4300'

2018-05-30 17:18:25 - [MESSAGE][PASSED] - Attribute 'value' of object '' is: '4300'

2018-05-30 17:18:25 - [TEST_STEP][PASSED] - Statement - Rqty = 100: null

2018-05-30 17:18:25 - [TEST_STEP][PASSED] - Statement - out.println("BatchQty : " + batchqty): null

2018-05-30 17:18:25 - [TEST_STEP][PASSED] - Statement - out.println("RQty : " + Rqty): null

2018-05-30 17:18:25 - [TEST_STEP][PASSED] - Statement - If (java.lang.Integer.valueOf(batchqty) >= java.lang.Integer.valueOf(Rqty)): null

2018-05-30 17:18:25 - [TEST_STEP][PASSED] - Statement - Break: null

2018-05-30 17:18:25 - [TEST_STEP][PASSED] - Statement - batchlength = new com.kms.katalon.core.testobject.TestObject(): null

2018-05-30 17:18:25 - [TEST_STEP][PASSED] - Statement - batchlength = com.kms.katalon.core.webui.keyword.WebUiBuiltInKeywords.modifyObjectProperty(batchlength, "xpath", "equals", "//*[@id = "fldvendor" + row + ""]", true): Modify property of object successfully

2018-05-30 17:18:29 - [MESSAGE][PASSED] - Modify property of object successfully

2018-05-30 17:18:29 - [TEST_STEP][PASSED] - Statement - batchsize = com.kms.katalon.core.webui.keyword.WebUiBuiltInKeywords.getNumberOfTotalOption(batchlength): 12 options of object '' counted

2018-05-30 17:18:29 - [MESSAGE][PASSED] - 12 options of object '' counted

2018-05-30 17:18:29 - [TEST_STEP][PASSED] - Statement - out.println("BatchSize : " + batchsize): null

2018-05-30 17:18:29 - [TEST_STEP][PASSED] - Statement - For ([n = 1, n <= batchsize - 1, (n++)]): null

2018-05-30 17:18:29 - [TEST_STEP][PASSED] - Statement - product = new com.kms.katalon.core.testobject.TestObject(): null

2018-05-30 17:18:29 - [TEST_STEP][PASSED] - Statement - product = com.kms.katalon.core.webui.keyword.WebUiBuiltInKeywords.modifyObjectProperty(product, "xpath", "equals", "//*[@id = "fldvendor" + row + ""]", true): Modify property of object successfully

2018-05-30 17:18:29 - [MESSAGE][PASSED] - Modify property of object successfully

2018-05-30 17:18:29 - [TEST_STEP][PASSED] - selectOptionByIndex: All options with index in [1] are selected on object ''

2018-05-30 17:18:29 - [MESSAGE][PASSED] - All options with index in [1] are selected on object ''

2018-05-30 17:18:29 - [TEST_STEP][PASSED] - delay: Delayed 2 second(s)

2018-05-30 17:18:31 - [MESSAGE][PASSED] - Delayed 2 second(s)

2018-05-30 17:18:31 - [TEST_STEP][PASSED] - Statement - batch = new com.kms.katalon.core.testobject.TestObject(): null

2018-05-30 17:18:31 - [TEST_STEP][PASSED] - Statement - batch = com.kms.katalon.core.webui.keyword.WebUiBuiltInKeywords.modifyObjectProperty(batch, "xpath", "equals", "//*[@id = "txtbthqty" + row + ""]", true): Modify property of object successfully

2018-05-30 17:18:31 - [MESSAGE][PASSED] - Modify property of object successfully

2018-05-30 17:18:31 - [TEST_STEP][PASSED] - Statement - batchqty = com.kms.katalon.core.webui.keyword.WebUiBuiltInKeywords.getAttribute(batch, "value").trim(): Attribute 'value' of object '' is: '4800'

2018-05-30 17:18:31 - [MESSAGE][PASSED] - Attribute 'value' of object '' is: '4800'

2018-05-30 17:18:31 - [TEST_STEP][PASSED] - Statement - Rqty = 100: null

2018-05-30 17:18:31 - [TEST_STEP][PASSED] - Statement - out.println("BatchQty : " + batchqty): null

2018-05-30 17:18:31 - [TEST_STEP][PASSED] - Statement - out.println("RQty : " + Rqty): null

2018-05-30 17:18:31 - [TEST_STEP][PASSED] - Statement - If (java.lang.Integer.valueOf(batchqty) >= java.lang.Integer.valueOf(Rqty)): null

2018-05-30 17:18:31 - [TEST_STEP][PASSED] - Statement - Break: null

2018-05-30 17:18:31 - [TEST_STEP][PASSED] - Statement - batchlength = new com.kms.katalon.core.testobject.TestObject(): null

2018-05-30 17:18:31 - [TEST_STEP][PASSED] - Statement - batchlength = com.kms.katalon.core.webui.keyword.WebUiBuiltInKeywords.modifyObjectProperty(batchlength, "xpath", "equals", "//*[@id = "fldvendor" + row + ""]", true): Modify property of object successfully

2018-05-30 17:18:31 - [MESSAGE][PASSED] - Modify property of object successfully

2018-05-30 17:18:31 - [TEST_STEP][PASSED] - Statement - batchsize = com.kms.katalon.core.webui.keyword.WebUiBuiltInKeywords.getNumberOfTotalOption(batchlength): 12 options of object '' counted

2018-05-30 17:18:31 - [MESSAGE][PASSED] - 12 options of object '' counted

2018-05-30 17:18:31 - [TEST_STEP][PASSED] - Statement - out.println("BatchSize : " + batchsize): null

2018-05-30 17:18:31 - [TEST_STEP][PASSED] - Statement - For ([n = 1, n <= batchsize - 1, (n++)]): null

2018-05-30 17:18:31 - [TEST_STEP][PASSED] - Statement - product = new com.kms.katalon.core.testobject.TestObject(): null

2018-05-30 17:18:31 - [TEST_STEP][PASSED] - Statement - product = com.kms.katalon.core.webui.keyword.WebUiBuiltInKeywords.modifyObjectProperty(product, "xpath", "equals", "//*[@id = "fldvendor" + row + ""]", true): Modify property of object successfully

2018-05-30 17:18:31 - [MESSAGE][PASSED] - Modify property of object successfully

2018-05-30 17:18:31 - [TEST_STEP][PASSED] - selectOptionByIndex: All options with index in [1] are selected on object ''

2018-05-30 17:18:31 - [MESSAGE][PASSED] - All options with index in [1] are selected on object ''

2018-05-30 17:18:31 - [TEST_STEP][PASSED] - delay: Delayed 2 second(s)

2018-05-30 17:18:33 - [MESSAGE][PASSED] - Delayed 2 second(s)

2018-05-30 17:18:33 - [TEST_STEP][PASSED] - Statement - batch = new com.kms.katalon.core.testobject.TestObject(): null

2018-05-30 17:18:33 - [TEST_STEP][PASSED] - Statement - batch = com.kms.katalon.core.webui.keyword.WebUiBuiltInKeywords.modifyObjectProperty(batch, "xpath", "equals", "//*[@id = "txtbthqty" + row + ""]", true): Modify property of object successfully

2018-05-30 17:18:33 - [MESSAGE][PASSED] - Modify property of object successfully

2018-05-30 17:18:33 - [TEST_STEP][PASSED] - Statement - batchqty = com.kms.katalon.core.webui.keyword.WebUiBuiltInKeywords.getAttribute(batch, "value").trim(): Attribute 'value' of object '' is: '2300'

2018-05-30 17:18:33 - [MESSAGE][PASSED] - Attribute 'value' of object '' is: '2300'

2018-05-30 17:18:33 - [TEST_STEP][PASSED] - Statement - Rqty = 100: null

2018-05-30 17:18:33 - [TEST_STEP][PASSED] - Statement - out.println("BatchQty : " + batchqty): null

2018-05-30 17:18:33 - [TEST_STEP][PASSED] - Statement - out.println("RQty : " + Rqty): null

2018-05-30 17:18:33 - [TEST_STEP][PASSED] - Statement - If (java.lang.Integer.valueOf(batchqty) >= java.lang.Integer.valueOf(Rqty)): null

2018-05-30 17:18:33 - [TEST_STEP][PASSED] - Statement - Break: null

2018-05-30 17:18:33 - [TEST_STEP][PASSED] - Statement - batchlength = new com.kms.katalon.core.testobject.TestObject(): null

2018-05-30 17:18:33 - [TEST_STEP][PASSED] - Statement - batchlength = com.kms.katalon.core.webui.keyword.WebUiBuiltInKeywords.modifyObjectProperty(batchlength, "xpath", "equals", "//*[@id = "fldvendor" + row + ""]", true): Modify property of object successfully

2018-05-30 17:18:33 - [MESSAGE][PASSED] - Modify property of object successfully

2018-05-30 17:18:33 - [TEST_STEP][PASSED] - Statement - batchsize = com.kms.katalon.core.webui.keyword.WebUiBuiltInKeywords.getNumberOfTotalOption(batchlength): 12 options of object '' counted

2018-05-30 17:18:33 - [MESSAGE][PASSED] - 12 options of object '' counted

2018-05-30 17:18:33 - [TEST_STEP][PASSED] - Statement - out.println("BatchSize : " + batchsize): null

2018-05-30 17:18:33 - [TEST_STEP][PASSED] - Statement - For ([n = 1, n <= batchsize - 1, (n++)]): null

2018-05-30 17:18:33 - [TEST_STEP][PASSED] - Statement - product = new com.kms.katalon.core.testobject.TestObject(): null

2018-05-30 17:18:33 - [TEST_STEP][PASSED] - Statement - product = com.kms.katalon.core.webui.keyword.WebUiBuiltInKeywords.modifyObjectProperty(product, "xpath", "equals", "//*[@id = "fldvendor" + row + ""]", true): Modify property of object successfully

2018-05-30 17:18:33 - [MESSAGE][PASSED] - Modify property of object successfully

2018-05-30 17:18:33 - [TEST_STEP][PASSED] - selectOptionByIndex: All options with index in [1] are selected on object ''

2018-05-30 17:18:34 - [MESSAGE][PASSED] - All options with index in [1] are selected on object ''

2018-05-30 17:18:34 - [TEST_STEP][PASSED] - delay: Delayed 2 second(s)

2018-05-30 17:18:36 - [MESSAGE][PASSED] - Delayed 2 second(s)

2018-05-30 17:18:36 - [TEST_STEP][PASSED] - Statement - batch = new com.kms.katalon.core.testobject.TestObject(): null

2018-05-30 17:18:36 - [TEST_STEP][PASSED] - Statement - batch = com.kms.katalon.core.webui.keyword.WebUiBuiltInKeywords.modifyObjectProperty(batch, "xpath", "equals", "//*[@id = "txtbthqty" + row + ""]", true): Modify property of object successfully

2018-05-30 17:18:36 - [MESSAGE][PASSED] - Modify property of object successfully

2018-05-30 17:18:36 - [TEST_STEP][PASSED] - Statement - batchqty = com.kms.katalon.core.webui.keyword.WebUiBuiltInKeywords.getAttribute(batch, "value").trim(): Attribute 'value' of object '' is: '4300'

2018-05-30 17:18:36 - [MESSAGE][PASSED] - Attribute 'value' of object '' is: '4300'

2018-05-30 17:18:36 - [TEST_STEP][PASSED] - Statement - Rqty = 100: null

2018-05-30 17:18:36 - [TEST_STEP][PASSED] - Statement - out.println("BatchQty : " + batchqty): null

2018-05-30 17:18:36 - [TEST_STEP][PASSED] - Statement - out.println("RQty : " + Rqty): null

2018-05-30 17:18:36 - [TEST_STEP][PASSED] - Statement - If (java.lang.Integer.valueOf(batchqty) >= java.lang.Integer.valueOf(Rqty)): null

2018-05-30 17:18:36 - [TEST_STEP][PASSED] - Statement - Break: null

2018-05-30 17:18:36 - [TEST_STEP][PASSED] - Statement - batchlength = new com.kms.katalon.core.testobject.TestObject(): null

2018-05-30 17:18:36 - [TEST_STEP][PASSED] - Statement - batchlength = com.kms.katalon.core.webui.keyword.WebUiBuiltInKeywords.modifyObjectProperty(batchlength, "xpath", "equals", "//*[@id = "fldvendor" + row + ""]", true): Modify property of object successfully

2018-05-30 17:18:36 - [MESSAGE][PASSED] - Modify property of object successfully

2018-05-30 17:18:36 - [TEST_STEP][PASSED] - Statement - batchsize = com.kms.katalon.core.webui.keyword.WebUiBuiltInKeywords.getNumberOfTotalOption(batchlength): 12 options of object '' counted

2018-05-30 17:18:36 - [MESSAGE][PASSED] - 12 options of object '' counted

2018-05-30 17:18:36 - [TEST_STEP][PASSED] - Statement - out.println("BatchSize : " + batchsize): null

2018-05-30 17:18:36 - [TEST_STEP][PASSED] - Statement - For ([n = 1, n <= batchsize - 1, (n++)]): null

2018-05-30 17:18:36 - [TEST_STEP][PASSED] - Statement - product = new com.kms.katalon.core.testobject.TestObject(): null

2018-05-30 17:18:36 - [TEST_STEP][PASSED] - Statement - product = com.kms.katalon.core.webui.keyword.WebUiBuiltInKeywords.modifyObjectProperty(product, "xpath", "equals", "//*[@id = "fldvendor" + row + ""]", true): Modify property of object successfully

2018-05-30 17:18:36 - [MESSAGE][PASSED] - Modify property of object successfully

2018-05-30 17:18:36 - [TEST_STEP][PASSED] - selectOptionByIndex: All options with index in [1] are selected on object ''

2018-05-30 17:18:36 - [MESSAGE][PASSED] - All options with index in [1] are selected on object ''

2018-05-30 17:18:36 - [TEST_STEP][PASSED] - delay: Delayed 2 second(s)

2018-05-30 17:18:38 - [MESSAGE][PASSED] - Delayed 2 second(s)

2018-05-30 17:18:38 - [TEST_STEP][PASSED] - Statement - batch = new com.kms.katalon.core.testobject.TestObject(): null

2018-05-30 17:18:38 - [TEST_STEP][PASSED] - Statement - batch = com.kms.katalon.core.webui.keyword.WebUiBuiltInKeywords.modifyObjectProperty(batch, "xpath", "equals", "//*[@id = "txtbthqty" + row + ""]", true): Modify property of object successfully

2018-05-30 17:18:38 - [MESSAGE][PASSED] - Modify property of object successfully

2018-05-30 17:18:38 - [TEST_STEP][PASSED] - Statement - batchqty = com.kms.katalon.core.webui.keyword.WebUiBuiltInKeywords.getAttribute(batch, "value").trim(): Attribute 'value' of object '' is: '33100'

2018-05-30 17:18:38 - [MESSAGE][PASSED] - Attribute 'value' of object '' is: '33100'

2018-05-30 17:18:38 - [TEST_STEP][PASSED] - Statement - Rqty = 100: null

2018-05-30 17:18:38 - [TEST_STEP][PASSED] - Statement - out.println("BatchQty : " + batchqty): null

2018-05-30 17:18:38 - [TEST_STEP][PASSED] - Statement - out.println("RQty : " + Rqty): null

2018-05-30 17:18:38 - [TEST_STEP][PASSED] - Statement - If (java.lang.Integer.valueOf(batchqty) >= java.lang.Integer.valueOf(Rqty)): null

2018-05-30 17:18:38 - [TEST_STEP][PASSED] - Statement - Break: null

2018-05-30 17:18:38 - [TEST_STEP][PASSED] - Statement - batchlength = new com.kms.katalon.core.testobject.TestObject(): null

2018-05-30 17:18:38 - [TEST_STEP][PASSED] - Statement - batchlength = com.kms.katalon.core.webui.keyword.WebUiBuiltInKeywords.modifyObjectProperty(batchlength, "xpath", "equals", "//*[@id = "fldvendor" + row + ""]", true): Modify property of object successfully

2018-05-30 17:18:38 - [MESSAGE][PASSED] - Modify property of object successfully

2018-05-30 17:18:38 - [TEST_STEP][PASSED] - Statement - batchsize = com.kms.katalon.core.webui.keyword.WebUiBuiltInKeywords.getNumberOfTotalOption(batchlength): 12 options of object '' counted

2018-05-30 17:18:38 - [MESSAGE][PASSED] - 12 options of object '' counted

2018-05-30 17:18:38 - [TEST_STEP][PASSED] - Statement - out.println("BatchSize : " + batchsize): null

2018-05-30 17:18:38 - [TEST_STEP][PASSED] - Statement - For ([n = 1, n <= batchsize - 1, (n++)]): null

2018-05-30 17:18:38 - [TEST_STEP][PASSED] - Statement - product = new com.kms.katalon.core.testobject.TestObject(): null

2018-05-30 17:18:38 - [TEST_STEP][PASSED] - Statement - product = com.kms.katalon.core.webui.keyword.WebUiBuiltInKeywords.modifyObjectProperty(product, "xpath", "equals", "//*[@id = "fldvendor" + row + ""]", true): Modify property of object successfully

2018-05-30 17:18:38 - [MESSAGE][PASSED] - Modify property of object successfully

2018-05-30 17:18:38 - [TEST_STEP][PASSED] - selectOptionByIndex: All options with index in [1] are selected on object ''

2018-05-30 17:18:38 - [MESSAGE][PASSED] - All options with index in [1] are selected on object ''

2018-05-30 17:18:38 - [TEST_STEP][PASSED] - delay: Delayed 2 second(s)

2018-05-30 17:18:40 - [MESSAGE][PASSED] - Delayed 2 second(s)

2018-05-30 17:18:40 - [TEST_STEP][PASSED] - Statement - batch = new com.kms.katalon.core.testobject.TestObject(): null

2018-05-30 17:18:40 - [TEST_STEP][PASSED] - Statement - batch = com.kms.katalon.core.webui.keyword.WebUiBuiltInKeywords.modifyObjectProperty(batch, "xpath", "equals", "//*[@id = "txtbthqty" + row + ""]", true): Modify property of object successfully

2018-05-30 17:18:40 - [MESSAGE][PASSED] - Modify property of object successfully

2018-05-30 17:18:40 - [TEST_STEP][PASSED] - Statement - batchqty = com.kms.katalon.core.webui.keyword.WebUiBuiltInKeywords.getAttribute(batch, "value").trim(): Attribute 'value' of object '' is: '37100'

2018-05-30 17:18:40 - [MESSAGE][PASSED] - Attribute 'value' of object '' is: '37100'

2018-05-30 17:18:40 - [TEST_STEP][PASSED] - Statement - Rqty = 100: null

2018-05-30 17:18:40 - [TEST_STEP][PASSED] - Statement - out.println("BatchQty : " + batchqty): null

2018-05-30 17:18:40 - [TEST_STEP][PASSED] - Statement - out.println("RQty : " + Rqty): null

2018-05-30 17:18:40 - [TEST_STEP][PASSED] - Statement - If (java.lang.Integer.valueOf(batchqty) >= java.lang.Integer.valueOf(Rqty)): null

2018-05-30 17:18:40 - [TEST_STEP][PASSED] - Statement - Break: null

2018-05-30 17:18:40 - [TEST_STEP][PASSED] - Statement - batchlength = new com.kms.katalon.core.testobject.TestObject(): null

2018-05-30 17:18:40 - [TEST_STEP][PASSED] - Statement - batchlength = com.kms.katalon.core.webui.keyword.WebUiBuiltInKeywords.modifyObjectProperty(batchlength, "xpath", "equals", "//*[@id = "fldvendor" + row + ""]", true): Modify property of object successfully

2018-05-30 17:18:40 - [MESSAGE][PASSED] - Modify property of object successfully

2018-05-30 17:18:40 - [TEST_STEP][PASSED] - Statement - batchsize = com.kms.katalon.core.webui.keyword.WebUiBuiltInKeywords.getNumberOfTotalOption(batchlength): 12 options of object '' counted

2018-05-30 17:18:40 - [MESSAGE][PASSED] - 12 options of object '' counted

2018-05-30 17:18:40 - [TEST_STEP][PASSED] - Statement - out.println("BatchSize : " + batchsize): null

2018-05-30 17:18:40 - [TEST_STEP][PASSED] - Statement - For ([n = 1, n <= batchsize - 1, (n++)]): null

2018-05-30 17:18:40 - [TEST_STEP][PASSED] - Statement - product = new com.kms.katalon.core.testobject.TestObject(): null

2018-05-30 17:18:40 - [TEST_STEP][PASSED] - Statement - product = com.kms.katalon.core.webui.keyword.WebUiBuiltInKeywords.modifyObjectProperty(product, "xpath", "equals", "//*[@id = "fldvendor" + row + ""]", true): Modify property of object successfully

2018-05-30 17:18:40 - [MESSAGE][PASSED] - Modify property of object successfully

2018-05-30 17:18:40 - [TEST_STEP][PASSED] - selectOptionByIndex: All options with index in [1] are selected on object ''

2018-05-30 17:18:40 - [MESSAGE][PASSED] - All options with index in [1] are selected on object ''

2018-05-30 17:18:40 - [TEST_STEP][PASSED] - delay: Delayed 2 second(s)

2018-05-30 17:18:42 - [MESSAGE][PASSED] - Delayed 2 second(s)

2018-05-30 17:18:42 - [TEST_STEP][PASSED] - Statement - batch = new com.kms.katalon.core.testobject.TestObject(): null

2018-05-30 17:18:42 - [TEST_STEP][PASSED] - Statement - batch = com.kms.katalon.core.webui.keyword.WebUiBuiltInKeywords.modifyObjectProperty(batch, "xpath", "equals", "//*[@id = "txtbthqty" + row + ""]", true): Modify property of object successfully

2018-05-30 17:18:42 - [MESSAGE][PASSED] - Modify property of object successfully

2018-05-30 17:18:42 - [TEST_STEP][PASSED] - Statement - batchqty = com.kms.katalon.core.webui.keyword.WebUiBuiltInKeywords.getAttribute(batch, "value").trim(): Attribute 'value' of object '' is: '4300'

2018-05-30 17:18:43 - [MESSAGE][PASSED] - Attribute 'value' of object '' is: '4300'

2018-05-30 17:18:43 - [TEST_STEP][PASSED] - Statement - Rqty = 100: null

2018-05-30 17:18:43 - [TEST_STEP][PASSED] - Statement - out.println("BatchQty : " + batchqty): null

2018-05-30 17:18:43 - [TEST_STEP][PASSED] - Statement - out.println("RQty : " + Rqty): null

2018-05-30 17:18:43 - [TEST_STEP][PASSED] - Statement - If (java.lang.Integer.valueOf(batchqty) >= java.lang.Integer.valueOf(Rqty)): null

2018-05-30 17:18:43 - [TEST_STEP][PASSED] - Statement - Break: null

2018-05-30 17:18:43 - [TEST_STEP][PASSED] - Statement - batchlength = new com.kms.katalon.core.testobject.TestObject(): null

2018-05-30 17:18:43 - [TEST_STEP][PASSED] - Statement - batchlength = com.kms.katalon.core.webui.keyword.WebUiBuiltInKeywords.modifyObjectProperty(batchlength, "xpath", "equals", "//*[@id = "fldvendor" + row + ""]", true): Modify property of object successfully

2018-05-30 17:18:43 - [MESSAGE][PASSED] - Modify property of object successfully

2018-05-30 17:18:43 - [TEST_STEP][PASSED] - Statement - batchsize = com.kms.katalon.core.webui.keyword.WebUiBuiltInKeywords.getNumberOfTotalOption(batchlength): 12 options of object '' counted

2018-05-30 17:18:43 - [MESSAGE][PASSED] - 12 options of object '' counted

2018-05-30 17:18:43 - [TEST_STEP][PASSED] - Statement - out.println("BatchSize : " + batchsize): null

2018-05-30 17:18:43 - [TEST_STEP][PASSED] - Statement - For ([n = 1, n <= batchsize - 1, (n++)]): null

2018-05-30 17:18:43 - [TEST_STEP][PASSED] - Statement - product = new com.kms.katalon.core.testobject.TestObject(): null

2018-05-30 17:18:43 - [TEST_STEP][PASSED] - Statement - product = com.kms.katalon.core.webui.keyword.WebUiBuiltInKeywords.modifyObjectProperty(product, "xpath", "equals", "//*[@id = "fldvendor" + row + ""]", true): Modify property of object successfully

2018-05-30 17:18:43 - [MESSAGE][PASSED] - Modify property of object successfully

2018-05-30 17:18:43 - [TEST_STEP][PASSED] - selectOptionByIndex: All options with index in [1] are selected on object ''

2018-05-30 17:18:43 - [MESSAGE][PASSED] - All options with index in [1] are selected on object ''

2018-05-30 17:18:43 - [TEST_STEP][PASSED] - delay: Delayed 2 second(s)

2018-05-30 17:18:45 - [MESSAGE][PASSED] - Delayed 2 second(s)

2018-05-30 17:18:45 - [TEST_STEP][PASSED] - Statement - batch = new com.kms.katalon.core.testobject.TestObject(): null

2018-05-30 17:18:45 - [TEST_STEP][PASSED] - Statement - batch = com.kms.katalon.core.webui.keyword.WebUiBuiltInKeywords.modifyObjectProperty(batch, "xpath", "equals", "//*[@id = "txtbthqty" + row + ""]", true): Modify property of object successfully

2018-05-30 17:18:45 - [MESSAGE][PASSED] - Modify property of object successfully

2018-05-30 17:18:45 - [TEST_STEP][PASSED] - Statement - batchqty = com.kms.katalon.core.webui.keyword.WebUiBuiltInKeywords.getAttribute(batch, "value").trim(): Attribute 'value' of object '' is: '3300'

2018-05-30 17:18:45 - [MESSAGE][PASSED] - Attribute 'value' of object '' is: '3300'

2018-05-30 17:18:45 - [TEST_STEP][PASSED] - Statement - Rqty = 100: null

2018-05-30 17:18:45 - [TEST_STEP][PASSED] - Statement - out.println("BatchQty : " + batchqty): null

2018-05-30 17:18:45 - [TEST_STEP][PASSED] - Statement - out.println("RQty : " + Rqty): null

2018-05-30 17:18:45 - [TEST_STEP][PASSED] - Statement - If (java.lang.Integer.valueOf(batchqty) >= java.lang.Integer.valueOf(Rqty)): null

2018-05-30 17:18:45 - [TEST_STEP][PASSED] - Statement - Break: null

2018-05-30 17:18:45 - [TEST_STEP][PASSED] - Statement - batchlength = new com.kms.katalon.core.testobject.TestObject(): null

2018-05-30 17:18:45 - [TEST_STEP][PASSED] - Statement - batchlength = com.kms.katalon.core.webui.keyword.WebUiBuiltInKeywords.modifyObjectProperty(batchlength, "xpath", "equals", "//*[@id = "fldvendor" + row + ""]", true): Modify property of object successfully

2018-05-30 17:18:45 - [MESSAGE][PASSED] - Modify property of object successfully

2018-05-30 17:18:45 - [TEST_STEP][PASSED] - Statement - batchsize = com.kms.katalon.core.webui.keyword.WebUiBuiltInKeywords.getNumberOfTotalOption(batchlength): 12 options of object '' counted

2018-05-30 17:18:45 - [MESSAGE][PASSED] - 12 options of object '' counted

2018-05-30 17:18:45 - [TEST_STEP][PASSED] - Statement - out.println("BatchSize : " + batchsize): null

2018-05-30 17:18:45 - [TEST_STEP][PASSED] - Statement - For ([n = 1, n <= batchsize - 1, (n++)]): null

2018-05-30 17:18:45 - [TEST_STEP][PASSED] - Statement - product = new com.kms.katalon.core.testobject.TestObject(): null

2018-05-30 17:18:45 - [TEST_STEP][PASSED] - Statement - product = com.kms.katalon.core.webui.keyword.WebUiBuiltInKeywords.modifyObjectProperty(product, "xpath", "equals", "//*[@id = "fldvendor" + row + ""]", true): Modify property of object successfully

2018-05-30 17:18:45 - [MESSAGE][PASSED] - Modify property of object successfully

2018-05-30 17:18:45 - [TEST_STEP][PASSED] - selectOptionByIndex: All options with index in [1] are selected on object ''

2018-05-30 17:18:45 - [MESSAGE][PASSED] - All options with index in [1] are selected on object ''

2018-05-30 17:18:45 - [TEST_STEP][PASSED] - delay: Delayed 2 second(s)

2018-05-30 17:18:47 - [MESSAGE][PASSED] - Delayed 2 second(s)

2018-05-30 17:18:47 - [TEST_STEP][PASSED] - Statement - batch = new com.kms.katalon.core.testobject.TestObject(): null

2018-05-30 17:18:47 - [TEST_STEP][PASSED] - Statement - batch = com.kms.katalon.core.webui.keyword.WebUiBuiltInKeywords.modifyObjectProperty(batch, "xpath", "equals", "//*[@id = "txtbthqty" + row + ""]", true): Modify property of object successfully

2018-05-30 17:18:47 - [MESSAGE][PASSED] - Modify property of object successfully

2018-05-30 17:18:47 - [TEST_STEP][PASSED] - Statement - batchqty = com.kms.katalon.core.webui.keyword.WebUiBuiltInKeywords.getAttribute(batch, "value").trim(): Attribute 'value' of object '' is: '37100'

2018-05-30 17:18:47 - [MESSAGE][PASSED] - Attribute 'value' of object '' is: '37100'

2018-05-30 17:18:47 - [TEST_STEP][PASSED] - Statement - Rqty = 100: null

2018-05-30 17:18:47 - [TEST_STEP][PASSED] - Statement - out.println("BatchQty : " + batchqty): null

2018-05-30 17:18:47 - [TEST_STEP][PASSED] - Statement - out.println("RQty : " + Rqty): null

2018-05-30 17:18:47 - [TEST_STEP][PASSED] - Statement - If (java.lang.Integer.valueOf(batchqty) >= java.lang.Integer.valueOf(Rqty)): null

2018-05-30 17:18:47 - [TEST_STEP][PASSED] - Statement - Break: null

2018-05-30 17:18:47 - [TEST_STEP][PASSED] - Statement - batchlength = new com.kms.katalon.core.testobject.TestObject(): null

2018-05-30 17:18:47 - [TEST_STEP][PASSED] - Statement - batchlength = com.kms.katalon.core.webui.keyword.WebUiBuiltInKeywords.modifyObjectProperty(batchlength, "xpath", "equals", "//*[@id = "fldvendor" + row + ""]", true): Modify property of object successfully

2018-05-30 17:18:47 - [MESSAGE][PASSED] - Modify property of object successfully

2018-05-30 17:18:47 - [TEST_STEP][PASSED] - Statement - batchsize = com.kms.katalon.core.webui.keyword.WebUiBuiltInKeywords.getNumberOfTotalOption(batchlength): 12 options of object '' counted

2018-05-30 17:18:47 - [MESSAGE][PASSED] - 12 options of object '' counted

2018-05-30 17:18:47 - [TEST_STEP][PASSED] - Statement - out.println("BatchSize : " + batchsize): null

2018-05-30 17:18:47 - [TEST_STEP][PASSED] - Statement - For ([n = 1, n <= batchsize - 1, (n++)]): null

2018-05-30 17:18:47 - [TEST_STEP][PASSED] - Statement - product = new com.kms.katalon.core.testobject.TestObject(): null

2018-05-30 17:18:47 - [TEST_STEP][PASSED] - Statement - product = com.kms.katalon.core.webui.keyword.WebUiBuiltInKeywords.modifyObjectProperty(product, "xpath", "equals", "//*[@id = "fldvendor" + row + ""]", true): Modify property of object successfully

2018-05-30 17:18:47 - [MESSAGE][PASSED] - Modify property of object successfully

2018-05-30 17:18:47 - [TEST_STEP][PASSED] - selectOptionByIndex: All options with index in [1] are selected on object ''

2018-05-30 17:18:47 - [MESSAGE][PASSED] - All options with index in [1] are selected on object ''

2018-05-30 17:18:47 - [TEST_STEP][PASSED] - delay: Delayed 2 second(s)

2018-05-30 17:18:49 - [MESSAGE][PASSED] - Delayed 2 second(s)

2018-05-30 17:18:49 - [TEST_STEP][PASSED] - Statement - batch = new com.kms.katalon.core.testobject.TestObject(): null

2018-05-30 17:18:49 - [TEST_STEP][PASSED] - Statement - batch = com.kms.katalon.core.webui.keyword.WebUiBuiltInKeywords.modifyObjectProperty(batch, "xpath", "equals", "//*[@id = "txtbthqty" + row + ""]", true): Modify property of object successfully

2018-05-30 17:18:49 - [MESSAGE][PASSED] - Modify property of object successfully

2018-05-30 17:18:49 - [TEST_STEP][PASSED] - Statement - batchqty = com.kms.katalon.core.webui.keyword.WebUiBuiltInKeywords.getAttribute(batch, "value").trim(): Attribute 'value' of object '' is: '3300'

2018-05-30 17:18:49 - [MESSAGE][PASSED] - Attribute 'value' of object '' is: '3300'

2018-05-30 17:18:49 - [TEST_STEP][PASSED] - Statement - Rqty = 100: null

2018-05-30 17:18:49 - [TEST_STEP][PASSED] - Statement - out.println("BatchQty : " + batchqty): null

2018-05-30 17:18:49 - [TEST_STEP][PASSED] - Statement - out.println("RQty : " + Rqty): null

2018-05-30 17:18:49 - [TEST_STEP][PASSED] - Statement - If (java.lang.Integer.valueOf(batchqty) >= java.lang.Integer.valueOf(Rqty)): null

2018-05-30 17:18:49 - [TEST_STEP][PASSED] - Statement - Break: null

2018-05-30 17:18:49 - [TEST_STEP][PASSED] - Statement - batchlength = new com.kms.katalon.core.testobject.TestObject(): null

2018-05-30 17:18:49 - [TEST_STEP][PASSED] - Statement - batchlength = com.kms.katalon.core.webui.keyword.WebUiBuiltInKeywords.modifyObjectProperty(batchlength, "xpath", "equals", "//*[@id = "fldvendor" + row + ""]", true): Modify property of object successfully

2018-05-30 17:18:49 - [MESSAGE][PASSED] - Modify property of object successfully

2018-05-30 17:18:49 - [TEST_STEP][PASSED] - Statement - batchsize = com.kms.katalon.core.webui.keyword.WebUiBuiltInKeywords.getNumberOfTotalOption(batchlength): 12 options of object '' counted

2018-05-30 17:18:49 - [MESSAGE][PASSED] - 12 options of object '' counted

2018-05-30 17:18:49 - [TEST_STEP][PASSED] - Statement - out.println("BatchSize : " + batchsize): null

2018-05-30 17:18:49 - [TEST_STEP][PASSED] - Statement - For ([n = 1, n <= batchsize - 1, (n++)]): null

2018-05-30 17:18:49 - [TEST_STEP][PASSED] - Statement - product = new com.kms.katalon.core.testobject.TestObject(): null

2018-05-30 17:18:49 - [TEST_STEP][PASSED] - Statement - product = com.kms.katalon.core.webui.keyword.WebUiBuiltInKeywords.modifyObjectProperty(product, "xpath", "equals", "//*[@id = "fldvendor" + row + ""]", true): Modify property of object successfully

2018-05-30 17:18:49 - [MESSAGE][PASSED] - Modify property of object successfully

2018-05-30 17:18:49 - [TEST_STEP][PASSED] - selectOptionByIndex: All options with index in [1] are selected on object ''

2018-05-30 17:18:50 - [MESSAGE][PASSED] - All options with index in [1] are selected on object ''

2018-05-30 17:18:50 - [TEST_STEP][PASSED] - delay: Delayed 2 second(s)

2018-05-30 17:18:52 - [MESSAGE][PASSED] - Delayed 2 second(s)

2018-05-30 17:18:52 - [TEST_STEP][PASSED] - Statement - batch = new com.kms.katalon.core.testobject.TestObject(): null

2018-05-30 17:18:52 - [TEST_STEP][PASSED] - Statement - batch = com.kms.katalon.core.webui.keyword.WebUiBuiltInKeywords.modifyObjectProperty(batch, "xpath", "equals", "//*[@id = "txtbthqty" + row + ""]", true): Modify property of object successfully

2018-05-30 17:18:52 - [MESSAGE][PASSED] - Modify property of object successfully

2018-05-30 17:18:52 - [TEST_STEP][PASSED] - Statement - batchqty = com.kms.katalon.core.webui.keyword.WebUiBuiltInKeywords.getAttribute(batch, "value").trim(): Attribute 'value' of object '' is: '4300'

2018-05-30 17:18:52 - [MESSAGE][PASSED] - Attribute 'value' of object '' is: '4300'

2018-05-30 17:18:52 - [TEST_STEP][PASSED] - Statement - Rqty = 100: null

2018-05-30 17:18:52 - [TEST_STEP][PASSED] - Statement - out.println("BatchQty : " + batchqty): null

2018-05-30 17:18:52 - [TEST_STEP][PASSED] - Statement - out.println("RQty : " + Rqty): null

2018-05-30 17:18:52 - [TEST_STEP][PASSED] - Statement - If (java.lang.Integer.valueOf(batchqty) >= java.lang.Integer.valueOf(Rqty)): null

2018-05-30 17:18:52 - [TEST_STEP][PASSED] - Statement - Break: null

2018-05-30 17:18:52 - [TEST_STEP][PASSED] - Statement - batchlength = new com.kms.katalon.core.testobject.TestObject(): null

2018-05-30 17:18:52 - [TEST_STEP][PASSED] - Statement - batchlength = com.kms.katalon.core.webui.keyword.WebUiBuiltInKeywords.modifyObjectProperty(batchlength, "xpath", "equals", "//*[@id = "fldvendor" + row + ""]", true): Modify property of object successfully

2018-05-30 17:18:52 - [MESSAGE][PASSED] - Modify property of object successfully

2018-05-30 17:18:52 - [TEST_STEP][PASSED] - Statement - batchsize = com.kms.katalon.core.webui.keyword.WebUiBuiltInKeywords.getNumberOfTotalOption(batchlength): 12 options of object '' counted

2018-05-30 17:18:52 - [MESSAGE][PASSED] - 12 options of object '' counted

2018-05-30 17:18:52 - [TEST_STEP][PASSED] - Statement - out.println("BatchSize : " + batchsize): null

2018-05-30 17:18:52 - [TEST_STEP][PASSED] - Statement - For ([n = 1, n <= batchsize - 1, (n++)]): null

2018-05-30 17:18:52 - [TEST_STEP][PASSED] - Statement - product = new com.kms.katalon.core.testobject.TestObject(): null

2018-05-30 17:18:52 - [TEST_STEP][PASSED] - Statement - product = com.kms.katalon.core.webui.keyword.WebUiBuiltInKeywords.modifyObjectProperty(product, "xpath", "equals", "//*[@id = "fldvendor" + row + ""]", true): Modify property of object successfully

2018-05-30 17:18:52 - [MESSAGE][PASSED] - Modify property of object successfully

2018-05-30 17:18:52 - [TEST_STEP][PASSED] - selectOptionByIndex: All options with index in [1] are selected on object ''

2018-05-30 17:18:52 - [MESSAGE][PASSED] - All options with index in [1] are selected on object ''

2018-05-30 17:18:52 - [TEST_STEP][PASSED] - delay: Delayed 2 second(s)

2018-05-30 17:18:54 - [MESSAGE][PASSED] - Delayed 2 second(s)

2018-05-30 17:18:54 - [TEST_STEP][PASSED] - Statement - batch = new com.kms.katalon.core.testobject.TestObject(): null

2018-05-30 17:18:54 - [TEST_STEP][PASSED] - Statement - batch = com.kms.katalon.core.webui.keyword.WebUiBuiltInKeywords.modifyObjectProperty(batch, "xpath", "equals", "//*[@id = "txtbthqty" + row + ""]", true): Modify property of object successfully

2018-05-30 17:18:54 - [MESSAGE][PASSED] - Modify property of object successfully

2018-05-30 17:18:54 - [TEST_STEP][PASSED] - Statement - batchqty = com.kms.katalon.core.webui.keyword.WebUiBuiltInKeywords.getAttribute(batch, "value").trim(): Attribute 'value' of object '' is: '3300'

2018-05-30 17:18:54 - [MESSAGE][PASSED] - Attribute 'value' of object '' is: '3300'

2018-05-30 17:18:54 - [TEST_STEP][PASSED] - Statement - Rqty = 100: null

2018-05-30 17:18:54 - [TEST_STEP][PASSED] - Statement - out.println("BatchQty : " + batchqty): null

2018-05-30 17:18:54 - [TEST_STEP][PASSED] - Statement - out.println("RQty : " + Rqty): null

2018-05-30 17:18:54 - [TEST_STEP][PASSED] - Statement - If (java.lang.Integer.valueOf(batchqty) >= java.lang.Integer.valueOf(Rqty)): null

2018-05-30 17:18:54 - [TEST_STEP][PASSED] - Statement - Break: null

2018-05-30 17:18:54 - [TEST_STEP][PASSED] - Statement - batchlength = new com.kms.katalon.core.testobject.TestObject(): null

2018-05-30 17:18:54 - [TEST_STEP][PASSED] - Statement - batchlength = com.kms.katalon.core.webui.keyword.WebUiBuiltInKeywords.modifyObjectProperty(batchlength, "xpath", "equals", "//*[@id = "fldvendor" + row + ""]", true): Modify property of object successfully

2018-05-30 17:18:54 - [MESSAGE][PASSED] - Modify property of object successfully

2018-05-30 17:18:54 - [TEST_STEP][PASSED] - Statement - batchsize = com.kms.katalon.core.webui.keyword.WebUiBuiltInKeywords.getNumberOfTotalOption(batchlength): 12 options of object '' counted

2018-05-30 17:18:54 - [MESSAGE][PASSED] - 12 options of object '' counted

2018-05-30 17:18:54 - [TEST_STEP][PASSED] - Statement - out.println("BatchSize : " + batchsize): null

2018-05-30 17:18:54 - [TEST_STEP][PASSED] - Statement - For ([n = 1, n <= batchsize - 1, (n++)]): null

2018-05-30 17:18:54 - [TEST_STEP][PASSED] - Statement - product = new com.kms.katalon.core.testobject.TestObject(): null

2018-05-30 17:18:54 - [TEST_STEP][PASSED] - Statement - product = com.kms.katalon.core.webui.keyword.WebUiBuiltInKeywords.modifyObjectProperty(product, "xpath", "equals", "//*[@id = "fldvendor" + row + ""]", true): Modify property of object successfully

2018-05-30 17:18:54 - [MESSAGE][PASSED] - Modify property of object successfully

2018-05-30 17:18:54 - [TEST_STEP][PASSED] - selectOptionByIndex: All options with index in [1] are selected on object ''

2018-05-30 17:18:54 - [MESSAGE][PASSED] - All options with index in [1] are selected on object ''

2018-05-30 17:18:54 - [TEST_STEP][PASSED] - delay: Delayed 2 second(s)

2018-05-30 17:18:56 - [MESSAGE][PASSED] - Delayed 2 second(s)

2018-05-30 17:18:56 - [TEST_STEP][PASSED] - Statement - batch = new com.kms.katalon.core.testobject.TestObject(): null

2018-05-30 17:18:56 - [TEST_STEP][PASSED] - Statement - batch = com.kms.katalon.core.webui.keyword.WebUiBuiltInKeywords.modifyObjectProperty(batch, "xpath", "equals", "//*[@id = "txtbthqty" + row + ""]", true): Modify property of object successfully

2018-05-30 17:18:56 - [MESSAGE][PASSED] - Modify property of object successfully

2018-05-30 17:18:56 - [TEST_STEP][PASSED] - Statement - batchqty = com.kms.katalon.core.webui.keyword.WebUiBuiltInKeywords.getAttribute(batch, "value").trim(): Attribute 'value' of object '' is: '4300'

2018-05-30 17:18:56 - [MESSAGE][PASSED] - Attribute 'value' of object '' is: '4300'

2018-05-30 17:18:56 - [TEST_STEP][PASSED] - Statement - Rqty = 100: null

2018-05-30 17:18:56 - [TEST_STEP][PASSED] - Statement - out.println("BatchQty : " + batchqty): null

2018-05-30 17:18:56 - [TEST_STEP][PASSED] - Statement - out.println("RQty : " + Rqty): null

2018-05-30 17:18:56 - [TEST_STEP][PASSED] - Statement - If (java.lang.Integer.valueOf(batchqty) >= java.lang.Integer.valueOf(Rqty)): null

2018-05-30 17:18:56 - [TEST_STEP][PASSED] - Statement - Break: null

2018-05-30 17:18:56 - [TEST_STEP][PASSED] - Statement - batchlength = new com.kms.katalon.core.testobject.TestObject(): null

2018-05-30 17:18:56 - [TEST_STEP][PASSED] - Statement - batchlength = com.kms.katalon.core.webui.keyword.WebUiBuiltInKeywords.modifyObjectProperty(batchlength, "xpath", "equals", "//*[@id = "fldvendor" + row + ""]", true): Modify property of object successfully

2018-05-30 17:18:56 - [MESSAGE][PASSED] - Modify property of object successfully

2018-05-30 17:18:56 - [TEST_STEP][PASSED] - Statement - batchsize = com.kms.katalon.core.webui.keyword.WebUiBuiltInKeywords.getNumberOfTotalOption(batchlength): 12 options of object '' counted

2018-05-30 17:18:56 - [MESSAGE][PASSED] - 12 options of object '' counted

2018-05-30 17:18:56 - [TEST_STEP][PASSED] - Statement - out.println("BatchSize : " + batchsize): null

2018-05-30 17:18:56 - [TEST_STEP][PASSED] - Statement - For ([n = 1, n <= batchsize - 1, (n++)]): null

2018-05-30 17:18:56 - [TEST_STEP][PASSED] - Statement - product = new com.kms.katalon.core.testobject.TestObject(): null

2018-05-30 17:18:56 - [TEST_STEP][PASSED] - Statement - product = com.kms.katalon.core.webui.keyword.WebUiBuiltInKeywords.modifyObjectProperty(product, "xpath", "equals", "//*[@id = "fldvendor" + row + ""]", true): Modify property of object successfully

2018-05-30 17:18:56 - [MESSAGE][PASSED] - Modify property of object successfully

2018-05-30 17:18:56 - [TEST_STEP][PASSED] - selectOptionByIndex: All options with index in [1] are selected on object ''

2018-05-30 17:18:56 - [MESSAGE][PASSED] - All options with index in [1] are selected on object ''

2018-05-30 17:18:56 - [TEST_STEP][PASSED] - delay: Delayed 2 second(s)

2018-05-30 17:18:58 - [MESSAGE][PASSED] - Delayed 2 second(s)

2018-05-30 17:18:58 - [TEST_STEP][PASSED] - Statement - batch = new com.kms.katalon.core.testobject.TestObject(): null

2018-05-30 17:18:58 - [TEST_STEP][PASSED] - Statement - batch = com.kms.katalon.core.webui.keyword.WebUiBuiltInKeywords.modifyObjectProperty(batch, "xpath", "equals", "//*[@id = "txtbthqty" + row + ""]", true): Modify property of object successfully

2018-05-30 17:18:58 - [MESSAGE][PASSED] - Modify property of object successfully

2018-05-30 17:18:58 - [TEST_STEP][PASSED] - Statement - batchqty = com.kms.katalon.core.webui.keyword.WebUiBuiltInKeywords.getAttribute(batch, "value").trim(): Attribute 'value' of object '' is: '3300'

2018-05-30 17:18:58 - [MESSAGE][PASSED] - Attribute 'value' of object '' is: '3300'

2018-05-30 17:18:58 - [TEST_STEP][PASSED] - Statement - Rqty = 100: null

2018-05-30 17:18:58 - [TEST_STEP][PASSED] - Statement - out.println("BatchQty : " + batchqty): null

2018-05-30 17:18:58 - [TEST_STEP][PASSED] - Statement - out.println("RQty : " + Rqty): null

2018-05-30 17:18:58 - [TEST_STEP][PASSED] - Statement - If (java.lang.Integer.valueOf(batchqty) >= java.lang.Integer.valueOf(Rqty)): null

2018-05-30 17:18:58 - [TEST_STEP][PASSED] - Statement - Break: null

2018-05-30 17:18:58 - [TEST_STEP][PASSED] - Statement - batchlength = new com.kms.katalon.core.testobject.TestObject(): null

2018-05-30 17:18:58 - [TEST_STEP][PASSED] - Statement - batchlength = com.kms.katalon.core.webui.keyword.WebUiBuiltInKeywords.modifyObjectProperty(batchlength, "xpath", "equals", "//*[@id = "fldvendor" + row + ""]", true): Modify property of object successfully

2018-05-30 17:18:58 - [MESSAGE][PASSED] - Modify property of object successfully

2018-05-30 17:18:58 - [TEST_STEP][PASSED] - Statement - batchsize = com.kms.katalon.core.webui.keyword.WebUiBuiltInKeywords.getNumberOfTotalOption(batchlength): 12 options of object '' counted

2018-05-30 17:18:59 - [MESSAGE][PASSED] - 12 options of object '' counted

2018-05-30 17:18:59 - [TEST_STEP][PASSED] - Statement - out.println("BatchSize : " + batchsize): null

2018-05-30 17:18:59 - [TEST_STEP][PASSED] - Statement - For ([n = 1, n <= batchsize - 1, (n++)]): null

2018-05-30 17:18:59 - [TEST_STEP][PASSED] - Statement - product = new com.kms.katalon.core.testobject.TestObject(): null

2018-05-30 17:18:59 - [TEST_STEP][PASSED] - Statement - product = com.kms.katalon.core.webui.keyword.WebUiBuiltInKeywords.modifyObjectProperty(product, "xpath", "equals", "//*[@id = "fldvendor" + row + ""]", true): Modify property of object successfully

2018-05-30 17:18:59 - [MESSAGE][PASSED] - Modify property of object successfully

2018-05-30 17:18:59 - [TEST_STEP][PASSED] - selectOptionByIndex: All options with index in [1] are selected on object ''

2018-05-30 17:18:59 - [MESSAGE][PASSED] - All options with index in [1] are selected on object ''

2018-05-30 17:18:59 - [TEST_STEP][PASSED] - delay: Delayed 2 second(s)

2018-05-30 17:19:01 - [MESSAGE][PASSED] - Delayed 2 second(s)

2018-05-30 17:19:01 - [TEST_STEP][PASSED] - Statement - batch = new com.kms.katalon.core.testobject.TestObject(): null

2018-05-30 17:19:01 - [TEST_STEP][PASSED] - Statement - batch = com.kms.katalon.core.webui.keyword.WebUiBuiltInKeywords.modifyObjectProperty(batch, "xpath", "equals", "//*[@id = "txtbthqty" + row + ""]", true): Modify property of object successfully

2018-05-30 17:19:01 - [MESSAGE][PASSED] - Modify property of object successfully

2018-05-30 17:19:01 - [TEST_STEP][PASSED] - Statement - batchqty = com.kms.katalon.core.webui.keyword.WebUiBuiltInKeywords.getAttribute(batch, "value").trim(): Attribute 'value' of object '' is: '4300'

2018-05-30 17:19:01 - [MESSAGE][PASSED] - Attribute 'value' of object '' is: '4300'

2018-05-30 17:19:01 - [TEST_STEP][PASSED] - Statement - Rqty = 100: null

2018-05-30 17:19:01 - [TEST_STEP][PASSED] - Statement - out.println("BatchQty : " + batchqty): null

2018-05-30 17:19:01 - [TEST_STEP][PASSED] - Statement - out.println("RQty : " + Rqty): null

2018-05-30 17:19:01 - [TEST_STEP][PASSED] - Statement - If (java.lang.Integer.valueOf(batchqty) >= java.lang.Integer.valueOf(Rqty)): null

2018-05-30 17:19:01 - [TEST_STEP][PASSED] - Statement - Break: null

2018-05-30 17:19:01 - [TEST_STEP][PASSED] - Statement - batchlength = new com.kms.katalon.core.testobject.TestObject(): null

2018-05-30 17:19:01 - [TEST_STEP][PASSED] - Statement - batchlength = com.kms.katalon.core.webui.keyword.WebUiBuiltInKeywords.modifyObjectProperty(batchlength, "xpath", "equals", "//*[@id = "fldvendor" + row + ""]", true): Modify property of object successfully

2018-05-30 17:19:01 - [MESSAGE][PASSED] - Modify property of object successfully

2018-05-30 17:19:01 - [TEST_STEP][PASSED] - Statement - batchsize = com.kms.katalon.core.webui.keyword.WebUiBuiltInKeywords.getNumberOfTotalOption(batchlength): 11 options of object '' counted

2018-05-30 17:19:01 - [MESSAGE][PASSED] - 11 options of object '' counted

2018-05-30 17:19:01 - [TEST_STEP][PASSED] - Statement - out.println("BatchSize : " + batchsize): null

2018-05-30 17:19:01 - [TEST_STEP][PASSED] - Statement - For ([n = 1, n <= batchsize - 1, (n++)]): null

2018-05-30 17:19:01 - [TEST_STEP][PASSED] - Statement - product = new com.kms.katalon.core.testobject.TestObject(): null

2018-05-30 17:19:01 - [TEST_STEP][PASSED] - Statement - product = com.kms.katalon.core.webui.keyword.WebUiBuiltInKeywords.modifyObjectProperty(product, "xpath", "equals", "//*[@id = "fldvendor" + row + ""]", true): Modify property of object successfully

2018-05-30 17:19:01 - [MESSAGE][PASSED] - Modify property of object successfully

2018-05-30 17:19:01 - [TEST_STEP][PASSED] - selectOptionByIndex: All options with index in [1] are selected on object ''

2018-05-30 17:19:01 - [MESSAGE][PASSED] - All options with index in [1] are selected on object ''

2018-05-30 17:20:02 - [TEST_STEP][PASSED] - delay: Delayed 2 second(s)

2018-05-30 17:20:04 - [MESSAGE][PASSED] - Delayed 2 second(s)

2018-05-30 17:20:04 - [TEST_STEP][PASSED] - Statement - batch = new com.kms.katalon.core.testobject.TestObject(): null

2018-05-30 17:20:04 - [TEST_STEP][PASSED] - Statement - batch = com.kms.katalon.core.webui.keyword.WebUiBuiltInKeywords.modifyObjectProperty(batch, "xpath", "equals", "//*[@id = "txtbthqty" + row + ""]", true): Modify property of object successfully

2018-05-30 17:20:04 - [MESSAGE][PASSED] - Modify property of object successfully

2018-05-30 17:20:04 - [TEST_STEP][PASSED] - Statement - batchqty = com.kms.katalon.core.webui.keyword.WebUiBuiltInKeywords.getAttribute(batch, "value").trim(): Attribute 'value' of object '' is: '37600'

2018-05-30 17:20:04 - [MESSAGE][PASSED] - Attribute 'value' of object '' is: '37600'

2018-05-30 17:20:04 - [TEST_STEP][PASSED] - Statement - Rqty = 100: null

2018-05-30 17:20:04 - [TEST_STEP][PASSED] - Statement - out.println("BatchQty : " + batchqty): null

2018-05-30 17:20:04 - [TEST_STEP][PASSED] - Statement - out.println("RQty : " + Rqty): null

2018-05-30 17:20:04 - [TEST_STEP][PASSED] - Statement - If (java.lang.Integer.valueOf(batchqty) >= java.lang.Integer.valueOf(Rqty)): null

2018-05-30 17:20:04 - [TEST_STEP][PASSED] - Statement - Break: null

2018-05-30 17:20:04 - [TEST_STEP][PASSED] - Statement - batchlength = new com.kms.katalon.core.testobject.TestObject(): null

2018-05-30 17:20:04 - [TEST_STEP][PASSED] - Statement - batchlength = com.kms.katalon.core.webui.keyword.WebUiBuiltInKeywords.modifyObjectProperty(batchlength, "xpath", "equals", "//*[@id = "fldvendor" + row + ""]", true): Modify property of object successfully

2018-05-30 17:20:04 - [MESSAGE][PASSED] - Modify property of object successfully

2018-05-30 17:20:04 - [TEST_STEP][PASSED] - Statement - batchsize = com.kms.katalon.core.webui.keyword.WebUiBuiltInKeywords.getNumberOfTotalOption(batchlength): 12 options of object '' counted

2018-05-30 17:20:04 - [MESSAGE][PASSED] - 12 options of object '' counted

2018-05-30 17:20:04 - [TEST_STEP][PASSED] - Statement - out.println("BatchSize : " + batchsize): null

2018-05-30 17:20:04 - [TEST_STEP][PASSED] - Statement - For ([n = 1, n <= batchsize - 1, (n++)]): null

2018-05-30 17:20:04 - [TEST_STEP][PASSED] - Statement - product = new com.kms.katalon.core.testobject.TestObject(): null

2018-05-30 17:20:04 - [TEST_STEP][PASSED] - Statement - product = com.kms.katalon.core.webui.keyword.WebUiBuiltInKeywords.modifyObjectProperty(product, "xpath", "equals", "//*[@id = "fldvendor" + row + ""]", true): Modify property of object successfully

2018-05-30 17:20:04 - [MESSAGE][PASSED] - Modify property of object successfully

2018-05-30 17:20:04 - [TEST_STEP][PASSED] - selectOptionByIndex: All options with index in [1] are selected on object ''

2018-05-30 17:20:05 - [MESSAGE][PASSED] - All options with index in [1] are selected on object ''

2018-05-30 17:20:05 - [TEST_STEP][PASSED] - delay: Delayed 2 second(s)

2018-05-30 17:20:07 - [MESSAGE][PASSED] - Delayed 2 second(s)

2018-05-30 17:20:07 - [TEST_STEP][PASSED] - Statement - batch = new com.kms.katalon.core.testobject.TestObject(): null

2018-05-30 17:20:07 - [TEST_STEP][PASSED] - Statement - batch = com.kms.katalon.core.webui.keyword.WebUiBuiltInKeywords.modifyObjectProperty(batch, "xpath", "equals", "//*[@id = "txtbthqty" + row + ""]", true): Modify property of object successfully

2018-05-30 17:20:07 - [MESSAGE][PASSED] - Modify property of object successfully

2018-05-30 17:20:07 - [TEST_STEP][PASSED] - Statement - batchqty = com.kms.katalon.core.webui.keyword.WebUiBuiltInKeywords.getAttribute(batch, "value").trim(): Attribute 'value' of object '' is: '37100'

2018-05-30 17:20:07 - [MESSAGE][PASSED] - Attribute 'value' of object '' is: '37100'

2018-05-30 17:20:07 - [TEST_STEP][PASSED] - Statement - Rqty = 100: null

2018-05-30 17:20:07 - [TEST_STEP][PASSED] - Statement - out.println("BatchQty : " + batchqty): null

2018-05-30 17:20:07 - [TEST_STEP][PASSED] - Statement - out.println("RQty : " + Rqty): null

2018-05-30 17:20:07 - [TEST_STEP][PASSED] - Statement - If (java.lang.Integer.valueOf(batchqty) >= java.lang.Integer.valueOf(Rqty)): null

2018-05-30 17:20:07 - [TEST_STEP][PASSED] - Statement - Break: null

2018-05-30 17:20:07 - [TEST_STEP][PASSED] - Statement - batchlength = new com.kms.katalon.core.testobject.TestObject(): null

2018-05-30 17:20:07 - [TEST_STEP][PASSED] - Statement - batchlength = com.kms.katalon.core.webui.keyword.WebUiBuiltInKeywords.modifyObjectProperty(batchlength, "xpath", "equals", "//*[@id = "fldvendor" + row + ""]", true): Modify property of object successfully

2018-05-30 17:20:07 - [MESSAGE][PASSED] - Modify property of object successfully

2018-05-30 17:20:07 - [TEST_STEP][PASSED] - Statement - batchsize = com.kms.katalon.core.webui.keyword.WebUiBuiltInKeywords.getNumberOfTotalOption(batchlength): 12 options of object '' counted

2018-05-30 17:20:07 - [MESSAGE][PASSED] - 12 options of object '' counted

2018-05-30 17:20:07 - [TEST_STEP][PASSED] - Statement - out.println("BatchSize : " + batchsize): null

2018-05-30 17:20:07 - [TEST_STEP][PASSED] - Statement - For ([n = 1, n <= batchsize - 1, (n++)]): null

2018-05-30 17:20:07 - [TEST_STEP][PASSED] - Statement - product = new com.kms.katalon.core.testobject.TestObject(): null

2018-05-30 17:20:07 - [TEST_STEP][PASSED] - Statement - product = com.kms.katalon.core.webui.keyword.WebUiBuiltInKeywords.modifyObjectProperty(product, "xpath", "equals", "//*[@id = "fldvendor" + row + ""]", true): Modify property of object successfully

2018-05-30 17:20:07 - [MESSAGE][PASSED] - Modify property of object successfully

2018-05-30 17:20:07 - [TEST_STEP][PASSED] - selectOptionByIndex: All options with index in [1] are selected on object ''

2018-05-30 17:20:07 - [MESSAGE][PASSED] - All options with index in [1] are selected on object ''

2018-05-30 17:20:07 - [TEST_STEP][PASSED] - delay: Delayed 2 second(s)

2018-05-30 17:20:09 - [MESSAGE][PASSED] - Delayed 2 second(s)

2018-05-30 17:20:09 - [TEST_STEP][PASSED] - Statement - batch = new com.kms.katalon.core.testobject.TestObject(): null

2018-05-30 17:20:09 - [TEST_STEP][PASSED] - Statement - batch = com.kms.katalon.core.webui.keyword.WebUiBuiltInKeywords.modifyObjectProperty(batch, "xpath", "equals", "//*[@id = "txtbthqty" + row + ""]", true): Modify property of object successfully

2018-05-30 17:20:09 - [MESSAGE][PASSED] - Modify property of object successfully

2018-05-30 17:20:09 - [TEST_STEP][PASSED] - Statement - batchqty = com.kms.katalon.core.webui.keyword.WebUiBuiltInKeywords.getAttribute(batch, "value").trim(): Attribute 'value' of object '' is: '4300'

2018-05-30 17:20:13 - [MESSAGE][PASSED] - Attribute 'value' of object '' is: '4300'

2018-05-30 17:20:13 - [TEST_STEP][PASSED] - Statement - Rqty = 100: null

2018-05-30 17:20:13 - [TEST_STEP][PASSED] - Statement - out.println("BatchQty : " + batchqty): null

2018-05-30 17:20:13 - [TEST_STEP][PASSED] - Statement - out.println("RQty : " + Rqty): null

2018-05-30 17:20:13 - [TEST_STEP][PASSED] - Statement - If (java.lang.Integer.valueOf(batchqty) >= java.lang.Integer.valueOf(Rqty)): null

2018-05-30 17:20:13 - [TEST_STEP][PASSED] - Statement - Break: null

2018-05-30 17:20:13 - [TEST_STEP][PASSED] - Statement - batchlength = new com.kms.katalon.core.testobject.TestObject(): null

2018-05-30 17:20:13 - [TEST_STEP][PASSED] - Statement - batchlength = com.kms.katalon.core.webui.keyword.WebUiBuiltInKeywords.modifyObjectProperty(batchlength, "xpath", "equals", "//*[@id = "fldvendor" + row + ""]", true): Modify property of object successfully

2018-05-30 17:20:13 - [MESSAGE][PASSED] - Modify property of object successfully

2018-05-30 17:20:13 - [TEST_STEP][PASSED] - Statement - batchsize = com.kms.katalon.core.webui.keyword.WebUiBuiltInKeywords.getNumberOfTotalOption(batchlength): 12 options of object '' counted

2018-05-30 17:20:13 - [MESSAGE][PASSED] - 12 options of object '' counted

2018-05-30 17:20:14 - [TEST_STEP][PASSED] - Statement - out.println("BatchSize : " + batchsize): null

2018-05-30 17:20:14 - [TEST_STEP][PASSED] - Statement - For ([n = 1, n <= batchsize - 1, (n++)]): null

2018-05-30 17:20:14 - [TEST_STEP][PASSED] - Statement - product = new com.kms.katalon.core.testobject.TestObject(): null

2018-05-30 17:20:14 - [TEST_STEP][PASSED] - Statement - product = com.kms.katalon.core.webui.keyword.WebUiBuiltInKeywords.modifyObjectProperty(product, "xpath", "equals", "//*[@id = "fldvendor" + row + ""]", true): Modify property of object successfully

2018-05-30 17:20:14 - [MESSAGE][PASSED] - Modify property of object successfully

2018-05-30 17:20:14 - [TEST_STEP][PASSED] - selectOptionByIndex: All options with index in [1] are selected on object ''

2018-05-30 17:20:14 - [MESSAGE][PASSED] - All options with index in [1] are selected on object ''

2018-05-30 17:20:14 - [TEST_STEP][PASSED] - delay: Delayed 2 second(s)

2018-05-30 17:20:16 - [MESSAGE][PASSED] - Delayed 2 second(s)

2018-05-30 17:20:16 - [TEST_STEP][PASSED] - Statement - batch = new com.kms.katalon.core.testobject.TestObject(): null

2018-05-30 17:20:16 - [TEST_STEP][PASSED] - Statement - batch = com.kms.katalon.core.webui.keyword.WebUiBuiltInKeywords.modifyObjectProperty(batch, "xpath", "equals", "//*[@id = "txtbthqty" + row + ""]", true): Modify property of object successfully

2018-05-30 17:20:16 - [MESSAGE][PASSED] - Modify property of object successfully

2018-05-30 17:20:16 - [TEST_STEP][PASSED] - Statement - batchqty = com.kms.katalon.core.webui.keyword.WebUiBuiltInKeywords.getAttribute(batch, "value").trim(): Attribute 'value' of object '' is: '4300'

2018-05-30 17:20:16 - [MESSAGE][PASSED] - Attribute 'value' of object '' is: '4300'

2018-05-30 17:20:16 - [TEST_STEP][PASSED] - Statement - Rqty = 100: null

2018-05-30 17:20:16 - [TEST_STEP][PASSED] - Statement - out.println("BatchQty : " + batchqty): null

2018-05-30 17:20:16 - [TEST_STEP][PASSED] - Statement - out.println("RQty : " + Rqty): null

2018-05-30 17:20:16 - [TEST_STEP][PASSED] - Statement - If (java.lang.Integer.valueOf(batchqty) >= java.lang.Integer.valueOf(Rqty)): null

2018-05-30 17:20:16 - [TEST_STEP][PASSED] - Statement - Break: null

2018-05-30 17:20:16 - [TEST_STEP][PASSED] - click: Object: 'Object Repository/store Request Schedule 1/Page_KDMC - CMS/input_btndispatch' is clicked on

2018-05-30 17:20:19 - [MESSAGE][PASSED] - Object: 'Object Repository/store Request Schedule 1/Page_KDMC - CMS/input_btndispatch' is clicked on

2018-05-30 17:20:19 - [TEST_STEP][PASSED] - waitForElementVisible: Object 'Object Repository/store Request Schedule 1/Page_KDMC - CMS/button_OK' is visible

2018-05-30 17:20:22 - [MESSAGE][PASSED] - Object 'Object Repository/store Request Schedule 1/Page_KDMC - CMS/button_OK' is visible

2018-05-30 17:20:22 - [TEST_STEP][PASSED] - click: Object: 'Object Repository/store Request Schedule 1/Page_KDMC - CMS/button_OK' is clicked on

2018-05-30 17:20:23 - [MESSAGE][PASSED] - Object: 'Object Repository/store Request Schedule 1/Page_KDMC - CMS/button_OK' is clicked on

2018-05-30 17:20:23 - [TEST_STEP][PASSED] - delay: Delayed 3 second(s)

2018-05-30 17:20:26 - [MESSAGE][PASSED] - Delayed 3 second(s)

2018-05-30 17:20:26 - [TEST_STEP][PASSED] - click: Object: 'Object Repository/store Request Schedule 1/Page_KDMC - CMS/a_dropdown-toggle' is clicked on

2018-05-30 17:20:31 - [MESSAGE][PASSED] - Object: 'Object Repository/store Request Schedule 1/Page_KDMC - CMS/a_dropdown-toggle' is clicked on

2018-05-30 17:20:31 - [TEST_STEP][PASSED] - click: Object: 'Object Repository/store Request Schedule 1/Page_KDMC - CMS/a_Sign out' is clicked on

2018-05-30 17:20:38 - [MESSAGE][PASSED] - Object: 'Object Repository/store Request Schedule 1/Page_KDMC - CMS/a_Sign out' is clicked on

2018-05-30 17:20:38 - [TEST_STEP][PASSED] - delay: Delayed 3 second(s)

2018-05-30 17:20:41 - [MESSAGE][PASSED] - Delayed 3 second(s)

2018-05-30 17:20:41 - [TEST_STEP][PASSED] - click: Object: 'Object Repository/Store Request Schedule 1/Page_KDMC/a_Divisional Store' is clicked on

2018-05-30 17:20:46 - [MESSAGE][PASSED] - Object: 'Object Repository/Store Request Schedule 1/Page_KDMC/a_Divisional Store' is clicked on

2018-05-30 17:20:46 - [TEST_STEP][PASSED] - setText: Text 'ragu' is set on object 'Object Repository/Store Request Schedule 1/Page_Divisonal Store Login/input_txtusername'

2018-05-30 17:20:46 - [MESSAGE][PASSED] - Text 'ragu' is set on object 'Object Repository/Store Request Schedule 1/Page_Divisonal Store Login/input_txtusername'

2018-05-30 17:20:46 - [TEST_STEP][PASSED] - setText: Text '123' is set on object 'Object Repository/Store Request Schedule 1/Page_Divisonal Store Login/input_txtpassword'

2018-05-30 17:20:46 - [MESSAGE][PASSED] - Text '123' is set on object 'Object Repository/Store Request Schedule 1/Page_Divisonal Store Login/input_txtpassword'

2018-05-30 17:20:46 - [TEST_STEP][PASSED] - delay: Delayed 3 second(s)

2018-05-30 17:20:49 - [MESSAGE][PASSED] - Delayed 3 second(s)

2018-05-30 17:20:49 - [TEST_STEP][FAILED] - click: Unable to click on object 'Object Repository/Store Request Schedule 1/Page_Divisonal Store Login/button_Sign in' (Root cause: org.openqa.selenium.WebDriverException: unknown error: Element <button type="submit" id="btnSubmit" style="color: #ffffff;" class="btn bg-blue btn-block">...</button> is not clickable at point (791, 568). Other element would receive the click: <div style="position: absolute; display: block; width: auto; height: auto; padding: 0px; margin: 0px; text-align: left; border: none; border-radius: 0px; z-index: 2147483646; font-size: 0px; left: 631.5px; top: 493px;">...</div>
  (Session info: chrome=66.0.3359.181)
  (Driver info: chromedriver=2.35.528161 (5b82f2d2aae0ca24b877009200ced9065a772e73),platform=Windows NT 10.0.17134 x86_64) (WARNING: The server did not provide any stacktrace information)
Command duration or timeout: 0 milliseconds
Build info: version: '3.7.1', revision: '8a0099a', time: '2017-11-06T21:07:36.161Z'
System info: host: 'DESKTOP-BLFTK83', ip: '169.254.189.85', os.name: 'Windows 10', os.arch: 'amd64', os.version: '10.0', java.version: '1.8.0_102'
Driver info: com.kms.katalon.selenium.driver.CChromeDriver
Capabilities {acceptInsecureCerts: false, acceptSslCerts: false, applicationCacheEnabled: false, browserConnectionEnabled: false, browserName: chrome, chrome: {chromedriverVersion: 2.35.528161 (5b82f2d2aae0ca..., userDataDir: C:\Users\QUALIT~1\AppData\L...}, cssSelectorsEnabled: true, databaseEnabled: false, handlesAlerts: true, hasTouchScreen: false, javascriptEnabled: true, locationContextEnabled: true, mobileEmulationEnabled: false, nativeEvents: true, networkConnectionEnabled: false, pageLoadStrategy: normal, platform: XP, platformName: XP, rotatable: false, setWindowRect: true, takesHeapSnapshot: true, takesScreenshot: true, unexpectedAlertBehaviour: , unhandledPromptBehavior: , version: 66.0.3359.181, webStorageEnabled: true}
Session ID: bc8f04bd89c53866641e1149df396258)

2018-05-30 17:20:50 - [MESSAGE][FAILED] - Unable to click on object 'Object Repository/Store Request Schedule 1/Page_Divisonal Store Login/button_Sign in' (Root cause: org.openqa.selenium.WebDriverException: unknown error: Element <button type="submit" id="btnSubmit" style="color: #ffffff;" class="btn bg-blue btn-block">...</button> is not clickable at point (791, 568). Other element would receive the click: <div style="position: absolute; display: block; width: auto; height: auto; padding: 0px; margin: 0px; text-align: left; border: none; border-radius: 0px; z-index: 2147483646; font-size: 0px; left: 631.5px; top: 493px;">...</div>
  (Session info: chrome=66.0.3359.181)
  (Driver info: chromedriver=2.35.528161 (5b82f2d2aae0ca24b877009200ced9065a772e73),platform=Windows NT 10.0.17134 x86_64) (WARNING: The server did not provide any stacktrace information)
Command duration or timeout: 0 milliseconds
Build info: version: '3.7.1', revision: '8a0099a', time: '2017-11-06T21:07:36.161Z'
System info: host: 'DESKTOP-BLFTK83', ip: '169.254.189.85', os.name: 'Windows 10', os.arch: 'amd64', os.version: '10.0', java.version: '1.8.0_102'
Driver info: com.kms.katalon.selenium.driver.CChromeDriver
Capabilities {acceptInsecureCerts: false, acceptSslCerts: false, applicationCacheEnabled: false, browserConnectionEnabled: false, browserName: chrome, chrome: {chromedriverVersion: 2.35.528161 (5b82f2d2aae0ca..., userDataDir: C:\Users\QUALIT~1\AppData\L...}, cssSelectorsEnabled: true, databaseEnabled: false, handlesAlerts: true, hasTouchScreen: false, javascriptEnabled: true, locationContextEnabled: true, mobileEmulationEnabled: false, nativeEvents: true, networkConnectionEnabled: false, pageLoadStrategy: normal, platform: XP, platformName: XP, rotatable: false, setWindowRect: true, takesHeapSnapshot: true, takesScreenshot: true, unexpectedAlertBehaviour: , unhandledPromptBehavior: , version: 66.0.3359.181, webStorageEnabled: true}
Session ID: bc8f04bd89c53866641e1149df396258)
[[ATTACHMENT|C:\\Users\\Quality Analyst\\Katalon Studio\\ds\\Reports\\Store_Suit\\20180530_171212\\1527681049784.png]]]]></system-out>
         <system-err><![CDATA[2018-05-30 17:12:23 - [TEST_CASE][FAILED] - Test Cases/STORE TO CMS REQUEST TEST CASES/TC_STCMS_001 To Verify Schedule 1 Store To CMS Request Are Working Successfully Or Not: Test Cases/STORE TO CMS REQUEST TEST CASES/TC_STCMS_001 To Verify Schedule 1 Store To CMS Request Are Working Successfully Or Not FAILED because (of) Unable to click on object 'Object Repository/Store Request Schedule 1/Page_Divisonal Store Login/button_Sign in' (Root cause: org.openqa.selenium.WebDriverException: unknown error: Element <button type="submit" id="btnSubmit" style="color: #ffffff;" class="btn bg-blue btn-block">...</button> is not clickable at point (791, 568). Other element would receive the click: <div style="position: absolute; display: block; width: auto; height: auto; padding: 0px; margin: 0px; text-align: left; border: none; border-radius: 0px; z-index: 2147483646; font-size: 0px; left: 631.5px; top: 493px;">...</div>
  (Session info: chrome=66.0.3359.181)
  (Driver info: chromedriver=2.35.528161 (5b82f2d2aae0ca24b877009200ced9065a772e73),platform=Windows NT 10.0.17134 x86_64) (WARNING: The server did not provide any stacktrace information)
Command duration or timeout: 0 milliseconds
Build info: version: '3.7.1', revision: '8a0099a', time: '2017-11-06T21:07:36.161Z'
System info: host: 'DESKTOP-BLFTK83', ip: '169.254.189.85', os.name: 'Windows 10', os.arch: 'amd64', os.version: '10.0', java.version: '1.8.0_102'
Driver info: com.kms.katalon.selenium.driver.CChromeDriver
Capabilities {acceptInsecureCerts: false, acceptSslCerts: false, applicationCacheEnabled: false, browserConnectionEnabled: false, browserName: chrome, chrome: {chromedriverVersion: 2.35.528161 (5b82f2d2aae0ca..., userDataDir: C:\Users\QUALIT~1\AppData\L...}, cssSelectorsEnabled: true, databaseEnabled: false, handlesAlerts: true, hasTouchScreen: false, javascriptEnabled: true, locationContextEnabled: true, mobileEmulationEnabled: false, nativeEvents: true, networkConnectionEnabled: false, pageLoadStrategy: normal, platform: XP, platformName: XP, rotatable: false, setWindowRect: true, takesHeapSnapshot: true, takesScreenshot: true, unexpectedAlertBehaviour: , unhandledPromptBehavior: , version: 66.0.3359.181, webStorageEnabled: true}
Session ID: bc8f04bd89c53866641e1149df396258)]]></system-err>
      </testcase>
      <testcase name="Test Cases/STORE TO CMS REQUEST TEST CASES/TC_STCMS_002 To Verify Schedule 2 Store To CMS Request Are Working Successfully Or Not" classname="Test Cases/STORE TO CMS REQUEST TEST CASES/TC_STCMS_002 To Verify Schedule 2 Store To CMS Request Are Working Successfully Or Not" status="PASSED">
         <system-out><![CDATA[2018-05-30 17:20:50 - [TEST_CASE][PASSED] - Test Cases/STORE TO CMS REQUEST TEST CASES/TC_STCMS_002 To Verify Schedule 2 Store To CMS Request Are Working Successfully Or Not: Test Cases/STORE TO CMS REQUEST TEST CASES/TC_STCMS_002 To Verify Schedule 2 Store To CMS Request Are Working Successfully Or Not

2018-05-30 17:20:50 - [TEST_STEP][PASSED] - openBrowser: Browser is opened with url: ''

2018-05-30 17:20:50 - [MESSAGE][WARNING] - A browser is already opened. Closing browser and opening a new one

2018-05-30 17:20:53 - [MESSAGE][PASSED] - Browser is opened with url: ''

2018-05-30 17:20:53 - [TEST_STEP][PASSED] - Statement - out.println("Verify Schedule 2 Store Request Are Working Successfully Or Not"): null

2018-05-30 17:20:53 - [TEST_STEP][PASSED] - navigateToUrl: Navigate to 'http://192.168.137.1/multihospital_new/' successfully

2018-05-30 17:20:59 - [MESSAGE][PASSED] - Navigate to 'http://192.168.137.1/multihospital_new/' successfully

2018-05-30 17:20:59 - [TEST_STEP][PASSED] - maximizeWindow: Current window maximized

2018-05-30 17:21:00 - [MESSAGE][PASSED] - Current window maximized

2018-05-30 17:21:00 - [TEST_STEP][PASSED] - click: Object: 'Object Repository/Store Request Schedule 1/Page_KDMC/a_Divisional Store' is clicked on

2018-05-30 17:21:01 - [MESSAGE][PASSED] - Object: 'Object Repository/Store Request Schedule 1/Page_KDMC/a_Divisional Store' is clicked on

2018-05-30 17:21:01 - [TEST_STEP][PASSED] - setText: Text 'ragu' is set on object 'Object Repository/Store Request Schedule 1/Page_Divisonal Store Login/input_txtusername'

2018-05-30 17:21:01 - [MESSAGE][PASSED] - Text 'ragu' is set on object 'Object Repository/Store Request Schedule 1/Page_Divisonal Store Login/input_txtusername'

2018-05-30 17:21:01 - [TEST_STEP][PASSED] - setText: Text '123' is set on object 'Object Repository/Store Request Schedule 1/Page_Divisonal Store Login/input_txtpassword'

2018-05-30 17:21:02 - [MESSAGE][PASSED] - Text '123' is set on object 'Object Repository/Store Request Schedule 1/Page_Divisonal Store Login/input_txtpassword'

2018-05-30 17:21:02 - [TEST_STEP][PASSED] - delay: Delayed 3 second(s)

2018-05-30 17:21:05 - [MESSAGE][PASSED] - Delayed 3 second(s)

2018-05-30 17:21:05 - [TEST_STEP][PASSED] - click: Object: 'Object Repository/Store Request Schedule 1/Page_Divisonal Store Login/button_Sign in' is clicked on

2018-05-30 17:21:06 - [MESSAGE][PASSED] - Object: 'Object Repository/Store Request Schedule 1/Page_Divisonal Store Login/button_Sign in' is clicked on

2018-05-30 17:21:06 - [TEST_STEP][PASSED] - delay: Delayed 3 second(s)

2018-05-30 17:21:09 - [MESSAGE][PASSED] - Delayed 3 second(s)

2018-05-30 17:21:09 - [TEST_STEP][PASSED] - click: Object: 'Object Repository/Store Request Schedule 1/Page_Store/a_CMS' is clicked on

2018-05-30 17:21:09 - [MESSAGE][PASSED] - Object: 'Object Repository/Store Request Schedule 1/Page_Store/a_CMS' is clicked on

2018-05-30 17:21:09 - [TEST_STEP][PASSED] - delay: Delayed 2 second(s)

2018-05-30 17:21:11 - [MESSAGE][PASSED] - Delayed 2 second(s)

2018-05-30 17:21:11 - [TEST_STEP][PASSED] - click: Object: 'Object Repository/Store Request Schedule 1/Page_Store/a_Request Send' is clicked on

2018-05-30 17:21:13 - [MESSAGE][PASSED] - Object: 'Object Repository/Store Request Schedule 1/Page_Store/a_Request Send' is clicked on

2018-05-30 17:21:13 - [TEST_STEP][PASSED] - selectOptionByIndex: All options with index in [1] are selected on object 'Object Repository/Store Request Schedule 1/Page_Store/select_--Select--'

2018-05-30 17:21:13 - [MESSAGE][PASSED] - All options with index in [1] are selected on object 'Object Repository/Store Request Schedule 1/Page_Store/select_--Select--'

2018-05-30 17:21:13 - [TEST_STEP][PASSED] - selectOptionByIndex: All options with index in [2] are selected on object 'Object Repository/Store Request Schedule 1/Page_Store/select_--Select--Schedule 1Inj'

2018-05-30 17:21:13 - [MESSAGE][PASSED] - All options with index in [2] are selected on object 'Object Repository/Store Request Schedule 1/Page_Store/select_--Select--Schedule 1Inj'

2018-05-30 17:21:13 - [TEST_STEP][PASSED] - Statement - SelectedOptions = com.kms.katalon.core.webui.keyword.WebUiBuiltInKeywords.getNumberOfTotalOption(com.kms.katalon.core.testobject.ObjectRepository.findTestObject(Store Request Schedule 1/Page_Store/select_--Select--Adernaline 0.)): 73 options of object 'Object Repository/Store Request Schedule 1/Page_Store/select_--Select--Adernaline 0.' counted

2018-05-30 17:21:14 - [MESSAGE][PASSED] - 73 options of object 'Object Repository/Store Request Schedule 1/Page_Store/select_--Select--Adernaline 0.' counted

2018-05-30 17:21:14 - [TEST_STEP][PASSED] - Statement - For ([y = 1, y < SelectedOptions, (y++)]): Object: 'Object Repository/Store Request Schedule 1/Page_Store/button_Add' is clicked on

2018-05-30 17:21:14 - [TEST_STEP][PASSED] - selectOptionByIndex: All options with index in [2] are selected on object 'Object Repository/Store Request Schedule 1/Page_Store/select_--Select--Schedule 1Inj'

2018-05-30 17:21:14 - [MESSAGE][PASSED] - All options with index in [2] are selected on object 'Object Repository/Store Request Schedule 1/Page_Store/select_--Select--Schedule 1Inj'

2018-05-30 17:21:14 - [TEST_STEP][PASSED] - delay: Delayed 1 second(s)

2018-05-30 17:21:15 - [MESSAGE][PASSED] - Delayed 1 second(s)

2018-05-30 17:21:15 - [TEST_STEP][PASSED] - selectOptionByIndex: All options with index in [1] are selected on object 'Object Repository/Store Request Schedule 1/Page_Store/select_--Select--Adernaline 0.'

2018-05-30 17:21:15 - [MESSAGE][PASSED] - All options with index in [1] are selected on object 'Object Repository/Store Request Schedule 1/Page_Store/select_--Select--Adernaline 0.'

2018-05-30 17:21:15 - [TEST_STEP][PASSED] - setText: Text '100' is set on object 'Object Repository/Store Request Schedule 1/Page_Store/input_txttreat'

2018-05-30 17:21:15 - [MESSAGE][PASSED] - Text '100' is set on object 'Object Repository/Store Request Schedule 1/Page_Store/input_txttreat'

2018-05-30 17:21:15 - [TEST_STEP][PASSED] - click: Object: 'Object Repository/Store Request Schedule 1/Page_Store/button_Add' is clicked on

2018-05-30 17:21:15 - [MESSAGE][PASSED] - Object: 'Object Repository/Store Request Schedule 1/Page_Store/button_Add' is clicked on

2018-05-30 17:21:15 - [TEST_STEP][PASSED] - selectOptionByIndex: All options with index in [2] are selected on object 'Object Repository/Store Request Schedule 1/Page_Store/select_--Select--Schedule 1Inj'

2018-05-30 17:21:15 - [MESSAGE][PASSED] - All options with index in [2] are selected on object 'Object Repository/Store Request Schedule 1/Page_Store/select_--Select--Schedule 1Inj'

2018-05-30 17:21:15 - [TEST_STEP][PASSED] - delay: Delayed 1 second(s)

2018-05-30 17:21:16 - [MESSAGE][PASSED] - Delayed 1 second(s)

2018-05-30 17:21:16 - [TEST_STEP][PASSED] - selectOptionByIndex: All options with index in [2] are selected on object 'Object Repository/Store Request Schedule 1/Page_Store/select_--Select--Adernaline 0.'

2018-05-30 17:21:16 - [MESSAGE][PASSED] - All options with index in [2] are selected on object 'Object Repository/Store Request Schedule 1/Page_Store/select_--Select--Adernaline 0.'

2018-05-30 17:21:16 - [TEST_STEP][PASSED] - setText: Text '100' is set on object 'Object Repository/Store Request Schedule 1/Page_Store/input_txttreat'

2018-05-30 17:21:16 - [MESSAGE][PASSED] - Text '100' is set on object 'Object Repository/Store Request Schedule 1/Page_Store/input_txttreat'

2018-05-30 17:21:16 - [TEST_STEP][PASSED] - click: Object: 'Object Repository/Store Request Schedule 1/Page_Store/button_Add' is clicked on

2018-05-30 17:21:17 - [MESSAGE][PASSED] - Object: 'Object Repository/Store Request Schedule 1/Page_Store/button_Add' is clicked on

2018-05-30 17:21:17 - [TEST_STEP][PASSED] - selectOptionByIndex: All options with index in [2] are selected on object 'Object Repository/Store Request Schedule 1/Page_Store/select_--Select--Schedule 1Inj'

2018-05-30 17:21:17 - [MESSAGE][PASSED] - All options with index in [2] are selected on object 'Object Repository/Store Request Schedule 1/Page_Store/select_--Select--Schedule 1Inj'

2018-05-30 17:21:17 - [TEST_STEP][PASSED] - delay: Delayed 1 second(s)

2018-05-30 17:21:18 - [MESSAGE][PASSED] - Delayed 1 second(s)

2018-05-30 17:21:18 - [TEST_STEP][PASSED] - selectOptionByIndex: All options with index in [3] are selected on object 'Object Repository/Store Request Schedule 1/Page_Store/select_--Select--Adernaline 0.'

2018-05-30 17:21:18 - [MESSAGE][PASSED] - All options with index in [3] are selected on object 'Object Repository/Store Request Schedule 1/Page_Store/select_--Select--Adernaline 0.'

2018-05-30 17:21:18 - [TEST_STEP][PASSED] - setText: Text '100' is set on object 'Object Repository/Store Request Schedule 1/Page_Store/input_txttreat'

2018-05-30 17:21:18 - [MESSAGE][PASSED] - Text '100' is set on object 'Object Repository/Store Request Schedule 1/Page_Store/input_txttreat'

2018-05-30 17:21:18 - [TEST_STEP][PASSED] - click: Object: 'Object Repository/Store Request Schedule 1/Page_Store/button_Add' is clicked on

2018-05-30 17:21:18 - [MESSAGE][PASSED] - Object: 'Object Repository/Store Request Schedule 1/Page_Store/button_Add' is clicked on

2018-05-30 17:21:18 - [TEST_STEP][PASSED] - selectOptionByIndex: All options with index in [2] are selected on object 'Object Repository/Store Request Schedule 1/Page_Store/select_--Select--Schedule 1Inj'

2018-05-30 17:21:18 - [MESSAGE][PASSED] - All options with index in [2] are selected on object 'Object Repository/Store Request Schedule 1/Page_Store/select_--Select--Schedule 1Inj'

2018-05-30 17:21:18 - [TEST_STEP][PASSED] - delay: Delayed 1 second(s)

2018-05-30 17:21:19 - [MESSAGE][PASSED] - Delayed 1 second(s)

2018-05-30 17:21:19 - [TEST_STEP][PASSED] - selectOptionByIndex: All options with index in [4] are selected on object 'Object Repository/Store Request Schedule 1/Page_Store/select_--Select--Adernaline 0.'

2018-05-30 17:21:19 - [MESSAGE][PASSED] - All options with index in [4] are selected on object 'Object Repository/Store Request Schedule 1/Page_Store/select_--Select--Adernaline 0.'

2018-05-30 17:21:19 - [TEST_STEP][PASSED] - setText: Text '100' is set on object 'Object Repository/Store Request Schedule 1/Page_Store/input_txttreat'

2018-05-30 17:21:19 - [MESSAGE][PASSED] - Text '100' is set on object 'Object Repository/Store Request Schedule 1/Page_Store/input_txttreat'

2018-05-30 17:21:19 - [TEST_STEP][PASSED] - click: Object: 'Object Repository/Store Request Schedule 1/Page_Store/button_Add' is clicked on

2018-05-30 17:21:19 - [MESSAGE][PASSED] - Object: 'Object Repository/Store Request Schedule 1/Page_Store/button_Add' is clicked on

2018-05-30 17:21:19 - [TEST_STEP][PASSED] - selectOptionByIndex: All options with index in [2] are selected on object 'Object Repository/Store Request Schedule 1/Page_Store/select_--Select--Schedule 1Inj'

2018-05-30 17:21:20 - [MESSAGE][PASSED] - All options with index in [2] are selected on object 'Object Repository/Store Request Schedule 1/Page_Store/select_--Select--Schedule 1Inj'

2018-05-30 17:21:20 - [TEST_STEP][PASSED] - delay: Delayed 1 second(s)

2018-05-30 17:21:21 - [MESSAGE][PASSED] - Delayed 1 second(s)

2018-05-30 17:21:21 - [TEST_STEP][PASSED] - selectOptionByIndex: All options with index in [5] are selected on object 'Object Repository/Store Request Schedule 1/Page_Store/select_--Select--Adernaline 0.'

2018-05-30 17:21:21 - [MESSAGE][PASSED] - All options with index in [5] are selected on object 'Object Repository/Store Request Schedule 1/Page_Store/select_--Select--Adernaline 0.'

2018-05-30 17:21:21 - [TEST_STEP][PASSED] - setText: Text '100' is set on object 'Object Repository/Store Request Schedule 1/Page_Store/input_txttreat'

2018-05-30 17:21:21 - [MESSAGE][PASSED] - Text '100' is set on object 'Object Repository/Store Request Schedule 1/Page_Store/input_txttreat'

2018-05-30 17:21:21 - [TEST_STEP][PASSED] - click: Object: 'Object Repository/Store Request Schedule 1/Page_Store/button_Add' is clicked on

2018-05-30 17:21:21 - [MESSAGE][PASSED] - Object: 'Object Repository/Store Request Schedule 1/Page_Store/button_Add' is clicked on

2018-05-30 17:21:21 - [TEST_STEP][PASSED] - selectOptionByIndex: All options with index in [2] are selected on object 'Object Repository/Store Request Schedule 1/Page_Store/select_--Select--Schedule 1Inj'

2018-05-30 17:21:21 - [MESSAGE][PASSED] - All options with index in [2] are selected on object 'Object Repository/Store Request Schedule 1/Page_Store/select_--Select--Schedule 1Inj'

2018-05-30 17:21:21 - [TEST_STEP][PASSED] - delay: Delayed 1 second(s)

2018-05-30 17:21:22 - [MESSAGE][PASSED] - Delayed 1 second(s)

2018-05-30 17:21:22 - [TEST_STEP][PASSED] - selectOptionByIndex: All options with index in [6] are selected on object 'Object Repository/Store Request Schedule 1/Page_Store/select_--Select--Adernaline 0.'

2018-05-30 17:21:22 - [MESSAGE][PASSED] - All options with index in [6] are selected on object 'Object Repository/Store Request Schedule 1/Page_Store/select_--Select--Adernaline 0.'

2018-05-30 17:21:22 - [TEST_STEP][PASSED] - setText: Text '100' is set on object 'Object Repository/Store Request Schedule 1/Page_Store/input_txttreat'

2018-05-30 17:21:22 - [MESSAGE][PASSED] - Text '100' is set on object 'Object Repository/Store Request Schedule 1/Page_Store/input_txttreat'

2018-05-30 17:21:22 - [TEST_STEP][PASSED] - click: Object: 'Object Repository/Store Request Schedule 1/Page_Store/button_Add' is clicked on

2018-05-30 17:21:22 - [MESSAGE][PASSED] - Object: 'Object Repository/Store Request Schedule 1/Page_Store/button_Add' is clicked on

2018-05-30 17:21:22 - [TEST_STEP][PASSED] - selectOptionByIndex: All options with index in [2] are selected on object 'Object Repository/Store Request Schedule 1/Page_Store/select_--Select--Schedule 1Inj'

2018-05-30 17:21:22 - [MESSAGE][PASSED] - All options with index in [2] are selected on object 'Object Repository/Store Request Schedule 1/Page_Store/select_--Select--Schedule 1Inj'

2018-05-30 17:21:22 - [TEST_STEP][PASSED] - delay: Delayed 1 second(s)

2018-05-30 17:21:23 - [MESSAGE][PASSED] - Delayed 1 second(s)

2018-05-30 17:21:23 - [TEST_STEP][PASSED] - selectOptionByIndex: All options with index in [7] are selected on object 'Object Repository/Store Request Schedule 1/Page_Store/select_--Select--Adernaline 0.'

2018-05-30 17:21:24 - [MESSAGE][PASSED] - All options with index in [7] are selected on object 'Object Repository/Store Request Schedule 1/Page_Store/select_--Select--Adernaline 0.'

2018-05-30 17:21:24 - [TEST_STEP][PASSED] - setText: Text '100' is set on object 'Object Repository/Store Request Schedule 1/Page_Store/input_txttreat'

2018-05-30 17:21:24 - [MESSAGE][PASSED] - Text '100' is set on object 'Object Repository/Store Request Schedule 1/Page_Store/input_txttreat'

2018-05-30 17:21:24 - [TEST_STEP][PASSED] - click: Object: 'Object Repository/Store Request Schedule 1/Page_Store/button_Add' is clicked on

2018-05-30 17:21:24 - [MESSAGE][PASSED] - Object: 'Object Repository/Store Request Schedule 1/Page_Store/button_Add' is clicked on

2018-05-30 17:21:24 - [TEST_STEP][PASSED] - selectOptionByIndex: All options with index in [2] are selected on object 'Object Repository/Store Request Schedule 1/Page_Store/select_--Select--Schedule 1Inj'

2018-05-30 17:21:24 - [MESSAGE][PASSED] - All options with index in [2] are selected on object 'Object Repository/Store Request Schedule 1/Page_Store/select_--Select--Schedule 1Inj'

2018-05-30 17:21:24 - [TEST_STEP][PASSED] - delay: Delayed 1 second(s)

2018-05-30 17:21:25 - [MESSAGE][PASSED] - Delayed 1 second(s)

2018-05-30 17:21:25 - [TEST_STEP][PASSED] - selectOptionByIndex: All options with index in [8] are selected on object 'Object Repository/Store Request Schedule 1/Page_Store/select_--Select--Adernaline 0.'

2018-05-30 17:21:25 - [MESSAGE][PASSED] - All options with index in [8] are selected on object 'Object Repository/Store Request Schedule 1/Page_Store/select_--Select--Adernaline 0.'

2018-05-30 17:21:25 - [TEST_STEP][PASSED] - setText: Text '100' is set on object 'Object Repository/Store Request Schedule 1/Page_Store/input_txttreat'

2018-05-30 17:21:25 - [MESSAGE][PASSED] - Text '100' is set on object 'Object Repository/Store Request Schedule 1/Page_Store/input_txttreat'

2018-05-30 17:21:25 - [TEST_STEP][PASSED] - click: Object: 'Object Repository/Store Request Schedule 1/Page_Store/button_Add' is clicked on

2018-05-30 17:21:25 - [MESSAGE][PASSED] - Object: 'Object Repository/Store Request Schedule 1/Page_Store/button_Add' is clicked on

2018-05-30 17:21:25 - [TEST_STEP][PASSED] - selectOptionByIndex: All options with index in [2] are selected on object 'Object Repository/Store Request Schedule 1/Page_Store/select_--Select--Schedule 1Inj'

2018-05-30 17:21:25 - [MESSAGE][PASSED] - All options with index in [2] are selected on object 'Object Repository/Store Request Schedule 1/Page_Store/select_--Select--Schedule 1Inj'

2018-05-30 17:21:25 - [TEST_STEP][PASSED] - delay: Delayed 1 second(s)

2018-05-30 17:21:26 - [MESSAGE][PASSED] - Delayed 1 second(s)

2018-05-30 17:21:26 - [TEST_STEP][PASSED] - selectOptionByIndex: All options with index in [9] are selected on object 'Object Repository/Store Request Schedule 1/Page_Store/select_--Select--Adernaline 0.'

2018-05-30 17:21:27 - [MESSAGE][PASSED] - All options with index in [9] are selected on object 'Object Repository/Store Request Schedule 1/Page_Store/select_--Select--Adernaline 0.'

2018-05-30 17:21:27 - [TEST_STEP][PASSED] - setText: Text '100' is set on object 'Object Repository/Store Request Schedule 1/Page_Store/input_txttreat'

2018-05-30 17:21:27 - [MESSAGE][PASSED] - Text '100' is set on object 'Object Repository/Store Request Schedule 1/Page_Store/input_txttreat'

2018-05-30 17:21:27 - [TEST_STEP][PASSED] - click: Object: 'Object Repository/Store Request Schedule 1/Page_Store/button_Add' is clicked on

2018-05-30 17:21:27 - [MESSAGE][PASSED] - Object: 'Object Repository/Store Request Schedule 1/Page_Store/button_Add' is clicked on

2018-05-30 17:21:27 - [TEST_STEP][PASSED] - selectOptionByIndex: All options with index in [2] are selected on object 'Object Repository/Store Request Schedule 1/Page_Store/select_--Select--Schedule 1Inj'

2018-05-30 17:21:27 - [MESSAGE][PASSED] - All options with index in [2] are selected on object 'Object Repository/Store Request Schedule 1/Page_Store/select_--Select--Schedule 1Inj'

2018-05-30 17:21:27 - [TEST_STEP][PASSED] - delay: Delayed 1 second(s)

2018-05-30 17:21:28 - [MESSAGE][PASSED] - Delayed 1 second(s)

2018-05-30 17:21:28 - [TEST_STEP][PASSED] - selectOptionByIndex: All options with index in [10] are selected on object 'Object Repository/Store Request Schedule 1/Page_Store/select_--Select--Adernaline 0.'

2018-05-30 17:21:28 - [MESSAGE][PASSED] - All options with index in [10] are selected on object 'Object Repository/Store Request Schedule 1/Page_Store/select_--Select--Adernaline 0.'

2018-05-30 17:21:28 - [TEST_STEP][PASSED] - setText: Text '100' is set on object 'Object Repository/Store Request Schedule 1/Page_Store/input_txttreat'

2018-05-30 17:21:28 - [MESSAGE][PASSED] - Text '100' is set on object 'Object Repository/Store Request Schedule 1/Page_Store/input_txttreat'

2018-05-30 17:21:28 - [TEST_STEP][PASSED] - click: Object: 'Object Repository/Store Request Schedule 1/Page_Store/button_Add' is clicked on

2018-05-30 17:21:28 - [MESSAGE][PASSED] - Object: 'Object Repository/Store Request Schedule 1/Page_Store/button_Add' is clicked on

2018-05-30 17:21:28 - [TEST_STEP][PASSED] - selectOptionByIndex: All options with index in [2] are selected on object 'Object Repository/Store Request Schedule 1/Page_Store/select_--Select--Schedule 1Inj'

2018-05-30 17:21:28 - [MESSAGE][PASSED] - All options with index in [2] are selected on object 'Object Repository/Store Request Schedule 1/Page_Store/select_--Select--Schedule 1Inj'

2018-05-30 17:21:28 - [TEST_STEP][PASSED] - delay: Delayed 1 second(s)

2018-05-30 17:21:29 - [MESSAGE][PASSED] - Delayed 1 second(s)

2018-05-30 17:21:29 - [TEST_STEP][PASSED] - selectOptionByIndex: All options with index in [11] are selected on object 'Object Repository/Store Request Schedule 1/Page_Store/select_--Select--Adernaline 0.'

2018-05-30 17:21:30 - [MESSAGE][PASSED] - All options with index in [11] are selected on object 'Object Repository/Store Request Schedule 1/Page_Store/select_--Select--Adernaline 0.'

2018-05-30 17:21:30 - [TEST_STEP][PASSED] - setText: Text '100' is set on object 'Object Repository/Store Request Schedule 1/Page_Store/input_txttreat'

2018-05-30 17:21:30 - [MESSAGE][PASSED] - Text '100' is set on object 'Object Repository/Store Request Schedule 1/Page_Store/input_txttreat'

2018-05-30 17:21:30 - [TEST_STEP][PASSED] - click: Object: 'Object Repository/Store Request Schedule 1/Page_Store/button_Add' is clicked on

2018-05-30 17:21:30 - [MESSAGE][PASSED] - Object: 'Object Repository/Store Request Schedule 1/Page_Store/button_Add' is clicked on

2018-05-30 17:21:30 - [TEST_STEP][PASSED] - selectOptionByIndex: All options with index in [2] are selected on object 'Object Repository/Store Request Schedule 1/Page_Store/select_--Select--Schedule 1Inj'

2018-05-30 17:21:30 - [MESSAGE][PASSED] - All options with index in [2] are selected on object 'Object Repository/Store Request Schedule 1/Page_Store/select_--Select--Schedule 1Inj'

2018-05-30 17:21:30 - [TEST_STEP][PASSED] - delay: Delayed 1 second(s)

2018-05-30 17:21:31 - [MESSAGE][PASSED] - Delayed 1 second(s)

2018-05-30 17:21:31 - [TEST_STEP][PASSED] - selectOptionByIndex: All options with index in [12] are selected on object 'Object Repository/Store Request Schedule 1/Page_Store/select_--Select--Adernaline 0.'

2018-05-30 17:21:34 - [MESSAGE][PASSED] - All options with index in [12] are selected on object 'Object Repository/Store Request Schedule 1/Page_Store/select_--Select--Adernaline 0.'

2018-05-30 17:21:34 - [TEST_STEP][PASSED] - setText: Text '100' is set on object 'Object Repository/Store Request Schedule 1/Page_Store/input_txttreat'

2018-05-30 17:21:34 - [MESSAGE][PASSED] - Text '100' is set on object 'Object Repository/Store Request Schedule 1/Page_Store/input_txttreat'

2018-05-30 17:21:34 - [TEST_STEP][PASSED] - click: Object: 'Object Repository/Store Request Schedule 1/Page_Store/button_Add' is clicked on

2018-05-30 17:21:34 - [MESSAGE][PASSED] - Object: 'Object Repository/Store Request Schedule 1/Page_Store/button_Add' is clicked on

2018-05-30 17:21:34 - [TEST_STEP][PASSED] - selectOptionByIndex: All options with index in [2] are selected on object 'Object Repository/Store Request Schedule 1/Page_Store/select_--Select--Schedule 1Inj'

2018-05-30 17:21:34 - [MESSAGE][PASSED] - All options with index in [2] are selected on object 'Object Repository/Store Request Schedule 1/Page_Store/select_--Select--Schedule 1Inj'

2018-05-30 17:21:34 - [TEST_STEP][PASSED] - delay: Delayed 1 second(s)

2018-05-30 17:21:35 - [MESSAGE][PASSED] - Delayed 1 second(s)

2018-05-30 17:21:35 - [TEST_STEP][PASSED] - selectOptionByIndex: All options with index in [13] are selected on object 'Object Repository/Store Request Schedule 1/Page_Store/select_--Select--Adernaline 0.'

2018-05-30 17:21:36 - [MESSAGE][PASSED] - All options with index in [13] are selected on object 'Object Repository/Store Request Schedule 1/Page_Store/select_--Select--Adernaline 0.'

2018-05-30 17:21:36 - [TEST_STEP][PASSED] - setText: Text '100' is set on object 'Object Repository/Store Request Schedule 1/Page_Store/input_txttreat'

2018-05-30 17:21:36 - [MESSAGE][PASSED] - Text '100' is set on object 'Object Repository/Store Request Schedule 1/Page_Store/input_txttreat'

2018-05-30 17:21:36 - [TEST_STEP][PASSED] - click: Object: 'Object Repository/Store Request Schedule 1/Page_Store/button_Add' is clicked on

2018-05-30 17:21:36 - [MESSAGE][PASSED] - Object: 'Object Repository/Store Request Schedule 1/Page_Store/button_Add' is clicked on

2018-05-30 17:21:36 - [TEST_STEP][PASSED] - selectOptionByIndex: All options with index in [2] are selected on object 'Object Repository/Store Request Schedule 1/Page_Store/select_--Select--Schedule 1Inj'

2018-05-30 17:21:36 - [MESSAGE][PASSED] - All options with index in [2] are selected on object 'Object Repository/Store Request Schedule 1/Page_Store/select_--Select--Schedule 1Inj'

2018-05-30 17:21:36 - [TEST_STEP][PASSED] - delay: Delayed 1 second(s)

2018-05-30 17:21:37 - [MESSAGE][PASSED] - Delayed 1 second(s)

2018-05-30 17:21:37 - [TEST_STEP][PASSED] - selectOptionByIndex: All options with index in [14] are selected on object 'Object Repository/Store Request Schedule 1/Page_Store/select_--Select--Adernaline 0.'

2018-05-30 17:21:37 - [MESSAGE][PASSED] - All options with index in [14] are selected on object 'Object Repository/Store Request Schedule 1/Page_Store/select_--Select--Adernaline 0.'

2018-05-30 17:21:37 - [TEST_STEP][PASSED] - setText: Text '100' is set on object 'Object Repository/Store Request Schedule 1/Page_Store/input_txttreat'

2018-05-30 17:21:37 - [MESSAGE][PASSED] - Text '100' is set on object 'Object Repository/Store Request Schedule 1/Page_Store/input_txttreat'

2018-05-30 17:21:37 - [TEST_STEP][PASSED] - click: Object: 'Object Repository/Store Request Schedule 1/Page_Store/button_Add' is clicked on

2018-05-30 17:21:37 - [MESSAGE][PASSED] - Object: 'Object Repository/Store Request Schedule 1/Page_Store/button_Add' is clicked on

2018-05-30 17:21:37 - [TEST_STEP][PASSED] - selectOptionByIndex: All options with index in [2] are selected on object 'Object Repository/Store Request Schedule 1/Page_Store/select_--Select--Schedule 1Inj'

2018-05-30 17:21:48 - [MESSAGE][PASSED] - All options with index in [2] are selected on object 'Object Repository/Store Request Schedule 1/Page_Store/select_--Select--Schedule 1Inj'

2018-05-30 17:21:48 - [TEST_STEP][PASSED] - delay: Delayed 1 second(s)

2018-05-30 17:21:49 - [MESSAGE][PASSED] - Delayed 1 second(s)

2018-05-30 17:21:49 - [TEST_STEP][PASSED] - selectOptionByIndex: All options with index in [15] are selected on object 'Object Repository/Store Request Schedule 1/Page_Store/select_--Select--Adernaline 0.'

2018-05-30 17:21:50 - [MESSAGE][PASSED] - All options with index in [15] are selected on object 'Object Repository/Store Request Schedule 1/Page_Store/select_--Select--Adernaline 0.'

2018-05-30 17:21:50 - [TEST_STEP][PASSED] - setText: Text '100' is set on object 'Object Repository/Store Request Schedule 1/Page_Store/input_txttreat'

2018-05-30 17:21:50 - [MESSAGE][PASSED] - Text '100' is set on object 'Object Repository/Store Request Schedule 1/Page_Store/input_txttreat'

2018-05-30 17:21:50 - [TEST_STEP][PASSED] - click: Object: 'Object Repository/Store Request Schedule 1/Page_Store/button_Add' is clicked on

2018-05-30 17:21:50 - [MESSAGE][PASSED] - Object: 'Object Repository/Store Request Schedule 1/Page_Store/button_Add' is clicked on

2018-05-30 17:21:50 - [TEST_STEP][PASSED] - selectOptionByIndex: All options with index in [2] are selected on object 'Object Repository/Store Request Schedule 1/Page_Store/select_--Select--Schedule 1Inj'

2018-05-30 17:21:50 - [MESSAGE][PASSED] - All options with index in [2] are selected on object 'Object Repository/Store Request Schedule 1/Page_Store/select_--Select--Schedule 1Inj'

2018-05-30 17:21:50 - [TEST_STEP][PASSED] - delay: Delayed 1 second(s)

2018-05-30 17:21:51 - [MESSAGE][PASSED] - Delayed 1 second(s)

2018-05-30 17:21:51 - [TEST_STEP][PASSED] - selectOptionByIndex: All options with index in [16] are selected on object 'Object Repository/Store Request Schedule 1/Page_Store/select_--Select--Adernaline 0.'

2018-05-30 17:21:51 - [MESSAGE][PASSED] - All options with index in [16] are selected on object 'Object Repository/Store Request Schedule 1/Page_Store/select_--Select--Adernaline 0.'

2018-05-30 17:21:51 - [TEST_STEP][PASSED] - setText: Text '100' is set on object 'Object Repository/Store Request Schedule 1/Page_Store/input_txttreat'

2018-05-30 17:21:51 - [MESSAGE][PASSED] - Text '100' is set on object 'Object Repository/Store Request Schedule 1/Page_Store/input_txttreat'

2018-05-30 17:21:51 - [TEST_STEP][PASSED] - click: Object: 'Object Repository/Store Request Schedule 1/Page_Store/button_Add' is clicked on

2018-05-30 17:21:51 - [MESSAGE][PASSED] - Object: 'Object Repository/Store Request Schedule 1/Page_Store/button_Add' is clicked on

2018-05-30 17:21:51 - [TEST_STEP][PASSED] - selectOptionByIndex: All options with index in [2] are selected on object 'Object Repository/Store Request Schedule 1/Page_Store/select_--Select--Schedule 1Inj'

2018-05-30 17:21:51 - [MESSAGE][PASSED] - All options with index in [2] are selected on object 'Object Repository/Store Request Schedule 1/Page_Store/select_--Select--Schedule 1Inj'

2018-05-30 17:21:51 - [TEST_STEP][PASSED] - delay: Delayed 1 second(s)

2018-05-30 17:21:52 - [MESSAGE][PASSED] - Delayed 1 second(s)

2018-05-30 17:21:52 - [TEST_STEP][PASSED] - selectOptionByIndex: All options with index in [17] are selected on object 'Object Repository/Store Request Schedule 1/Page_Store/select_--Select--Adernaline 0.'

2018-05-30 17:21:53 - [MESSAGE][PASSED] - All options with index in [17] are selected on object 'Object Repository/Store Request Schedule 1/Page_Store/select_--Select--Adernaline 0.'

2018-05-30 17:21:53 - [TEST_STEP][PASSED] - setText: Text '100' is set on object 'Object Repository/Store Request Schedule 1/Page_Store/input_txttreat'

2018-05-30 17:21:53 - [MESSAGE][PASSED] - Text '100' is set on object 'Object Repository/Store Request Schedule 1/Page_Store/input_txttreat'

2018-05-30 17:21:53 - [TEST_STEP][PASSED] - click: Object: 'Object Repository/Store Request Schedule 1/Page_Store/button_Add' is clicked on

2018-05-30 17:21:53 - [MESSAGE][PASSED] - Object: 'Object Repository/Store Request Schedule 1/Page_Store/button_Add' is clicked on

2018-05-30 17:21:53 - [TEST_STEP][PASSED] - selectOptionByIndex: All options with index in [2] are selected on object 'Object Repository/Store Request Schedule 1/Page_Store/select_--Select--Schedule 1Inj'

2018-05-30 17:21:53 - [MESSAGE][PASSED] - All options with index in [2] are selected on object 'Object Repository/Store Request Schedule 1/Page_Store/select_--Select--Schedule 1Inj'

2018-05-30 17:21:53 - [TEST_STEP][PASSED] - delay: Delayed 1 second(s)

2018-05-30 17:21:54 - [MESSAGE][PASSED] - Delayed 1 second(s)

2018-05-30 17:21:54 - [TEST_STEP][PASSED] - selectOptionByIndex: All options with index in [18] are selected on object 'Object Repository/Store Request Schedule 1/Page_Store/select_--Select--Adernaline 0.'

2018-05-30 17:21:54 - [MESSAGE][PASSED] - All options with index in [18] are selected on object 'Object Repository/Store Request Schedule 1/Page_Store/select_--Select--Adernaline 0.'

2018-05-30 17:21:54 - [TEST_STEP][PASSED] - setText: Text '100' is set on object 'Object Repository/Store Request Schedule 1/Page_Store/input_txttreat'

2018-05-30 17:21:54 - [MESSAGE][PASSED] - Text '100' is set on object 'Object Repository/Store Request Schedule 1/Page_Store/input_txttreat'

2018-05-30 17:21:54 - [TEST_STEP][PASSED] - click: Object: 'Object Repository/Store Request Schedule 1/Page_Store/button_Add' is clicked on

2018-05-30 17:21:55 - [MESSAGE][PASSED] - Object: 'Object Repository/Store Request Schedule 1/Page_Store/button_Add' is clicked on

2018-05-30 17:21:55 - [TEST_STEP][PASSED] - selectOptionByIndex: All options with index in [2] are selected on object 'Object Repository/Store Request Schedule 1/Page_Store/select_--Select--Schedule 1Inj'

2018-05-30 17:21:55 - [MESSAGE][PASSED] - All options with index in [2] are selected on object 'Object Repository/Store Request Schedule 1/Page_Store/select_--Select--Schedule 1Inj'

2018-05-30 17:21:55 - [TEST_STEP][PASSED] - delay: Delayed 1 second(s)

2018-05-30 17:21:56 - [MESSAGE][PASSED] - Delayed 1 second(s)

2018-05-30 17:21:56 - [TEST_STEP][PASSED] - selectOptionByIndex: All options with index in [19] are selected on object 'Object Repository/Store Request Schedule 1/Page_Store/select_--Select--Adernaline 0.'

2018-05-30 17:21:56 - [MESSAGE][PASSED] - All options with index in [19] are selected on object 'Object Repository/Store Request Schedule 1/Page_Store/select_--Select--Adernaline 0.'

2018-05-30 17:21:56 - [TEST_STEP][PASSED] - setText: Text '100' is set on object 'Object Repository/Store Request Schedule 1/Page_Store/input_txttreat'

2018-05-30 17:21:56 - [MESSAGE][PASSED] - Text '100' is set on object 'Object Repository/Store Request Schedule 1/Page_Store/input_txttreat'

2018-05-30 17:21:56 - [TEST_STEP][PASSED] - click: Object: 'Object Repository/Store Request Schedule 1/Page_Store/button_Add' is clicked on

2018-05-30 17:21:56 - [MESSAGE][PASSED] - Object: 'Object Repository/Store Request Schedule 1/Page_Store/button_Add' is clicked on

2018-05-30 17:21:56 - [TEST_STEP][PASSED] - selectOptionByIndex: All options with index in [2] are selected on object 'Object Repository/Store Request Schedule 1/Page_Store/select_--Select--Schedule 1Inj'

2018-05-30 17:21:56 - [MESSAGE][PASSED] - All options with index in [2] are selected on object 'Object Repository/Store Request Schedule 1/Page_Store/select_--Select--Schedule 1Inj'

2018-05-30 17:21:56 - [TEST_STEP][PASSED] - delay: Delayed 1 second(s)

2018-05-30 17:21:57 - [MESSAGE][PASSED] - Delayed 1 second(s)

2018-05-30 17:21:57 - [TEST_STEP][PASSED] - selectOptionByIndex: All options with index in [20] are selected on object 'Object Repository/Store Request Schedule 1/Page_Store/select_--Select--Adernaline 0.'

2018-05-30 17:21:58 - [MESSAGE][PASSED] - All options with index in [20] are selected on object 'Object Repository/Store Request Schedule 1/Page_Store/select_--Select--Adernaline 0.'

2018-05-30 17:21:58 - [TEST_STEP][PASSED] - setText: Text '100' is set on object 'Object Repository/Store Request Schedule 1/Page_Store/input_txttreat'

2018-05-30 17:21:58 - [MESSAGE][PASSED] - Text '100' is set on object 'Object Repository/Store Request Schedule 1/Page_Store/input_txttreat'

2018-05-30 17:21:58 - [TEST_STEP][PASSED] - click: Object: 'Object Repository/Store Request Schedule 1/Page_Store/button_Add' is clicked on

2018-05-30 17:21:58 - [MESSAGE][PASSED] - Object: 'Object Repository/Store Request Schedule 1/Page_Store/button_Add' is clicked on

2018-05-30 17:21:58 - [TEST_STEP][PASSED] - selectOptionByIndex: All options with index in [2] are selected on object 'Object Repository/Store Request Schedule 1/Page_Store/select_--Select--Schedule 1Inj'

2018-05-30 17:21:58 - [MESSAGE][PASSED] - All options with index in [2] are selected on object 'Object Repository/Store Request Schedule 1/Page_Store/select_--Select--Schedule 1Inj'

2018-05-30 17:21:58 - [TEST_STEP][PASSED] - delay: Delayed 1 second(s)

2018-05-30 17:21:59 - [MESSAGE][PASSED] - Delayed 1 second(s)

2018-05-30 17:21:59 - [TEST_STEP][PASSED] - selectOptionByIndex: All options with index in [21] are selected on object 'Object Repository/Store Request Schedule 1/Page_Store/select_--Select--Adernaline 0.'

2018-05-30 17:21:59 - [MESSAGE][PASSED] - All options with index in [21] are selected on object 'Object Repository/Store Request Schedule 1/Page_Store/select_--Select--Adernaline 0.'

2018-05-30 17:21:59 - [TEST_STEP][PASSED] - setText: Text '100' is set on object 'Object Repository/Store Request Schedule 1/Page_Store/input_txttreat'

2018-05-30 17:21:59 - [MESSAGE][PASSED] - Text '100' is set on object 'Object Repository/Store Request Schedule 1/Page_Store/input_txttreat'

2018-05-30 17:21:59 - [TEST_STEP][PASSED] - click: Object: 'Object Repository/Store Request Schedule 1/Page_Store/button_Add' is clicked on

2018-05-30 17:21:59 - [MESSAGE][PASSED] - Object: 'Object Repository/Store Request Schedule 1/Page_Store/button_Add' is clicked on

2018-05-30 17:21:59 - [TEST_STEP][PASSED] - selectOptionByIndex: All options with index in [2] are selected on object 'Object Repository/Store Request Schedule 1/Page_Store/select_--Select--Schedule 1Inj'

2018-05-30 17:22:00 - [MESSAGE][PASSED] - All options with index in [2] are selected on object 'Object Repository/Store Request Schedule 1/Page_Store/select_--Select--Schedule 1Inj'

2018-05-30 17:22:00 - [TEST_STEP][PASSED] - delay: Delayed 1 second(s)

2018-05-30 17:22:01 - [MESSAGE][PASSED] - Delayed 1 second(s)

2018-05-30 17:22:01 - [TEST_STEP][PASSED] - selectOptionByIndex: All options with index in [22] are selected on object 'Object Repository/Store Request Schedule 1/Page_Store/select_--Select--Adernaline 0.'

2018-05-30 17:22:01 - [MESSAGE][PASSED] - All options with index in [22] are selected on object 'Object Repository/Store Request Schedule 1/Page_Store/select_--Select--Adernaline 0.'

2018-05-30 17:22:01 - [TEST_STEP][PASSED] - setText: Text '100' is set on object 'Object Repository/Store Request Schedule 1/Page_Store/input_txttreat'

2018-05-30 17:22:01 - [MESSAGE][PASSED] - Text '100' is set on object 'Object Repository/Store Request Schedule 1/Page_Store/input_txttreat'

2018-05-30 17:22:01 - [TEST_STEP][PASSED] - click: Object: 'Object Repository/Store Request Schedule 1/Page_Store/button_Add' is clicked on

2018-05-30 17:22:01 - [MESSAGE][PASSED] - Object: 'Object Repository/Store Request Schedule 1/Page_Store/button_Add' is clicked on

2018-05-30 17:22:01 - [TEST_STEP][PASSED] - selectOptionByIndex: All options with index in [2] are selected on object 'Object Repository/Store Request Schedule 1/Page_Store/select_--Select--Schedule 1Inj'

2018-05-30 17:22:01 - [MESSAGE][PASSED] - All options with index in [2] are selected on object 'Object Repository/Store Request Schedule 1/Page_Store/select_--Select--Schedule 1Inj'

2018-05-30 17:22:01 - [TEST_STEP][PASSED] - delay: Delayed 1 second(s)

2018-05-30 17:22:02 - [MESSAGE][PASSED] - Delayed 1 second(s)

2018-05-30 17:22:02 - [TEST_STEP][PASSED] - selectOptionByIndex: All options with index in [23] are selected on object 'Object Repository/Store Request Schedule 1/Page_Store/select_--Select--Adernaline 0.'

2018-05-30 17:22:03 - [MESSAGE][PASSED] - All options with index in [23] are selected on object 'Object Repository/Store Request Schedule 1/Page_Store/select_--Select--Adernaline 0.'

2018-05-30 17:22:03 - [TEST_STEP][PASSED] - setText: Text '100' is set on object 'Object Repository/Store Request Schedule 1/Page_Store/input_txttreat'

2018-05-30 17:22:03 - [MESSAGE][PASSED] - Text '100' is set on object 'Object Repository/Store Request Schedule 1/Page_Store/input_txttreat'

2018-05-30 17:22:03 - [TEST_STEP][PASSED] - click: Object: 'Object Repository/Store Request Schedule 1/Page_Store/button_Add' is clicked on

2018-05-30 17:22:03 - [MESSAGE][PASSED] - Object: 'Object Repository/Store Request Schedule 1/Page_Store/button_Add' is clicked on

2018-05-30 17:22:03 - [TEST_STEP][PASSED] - selectOptionByIndex: All options with index in [2] are selected on object 'Object Repository/Store Request Schedule 1/Page_Store/select_--Select--Schedule 1Inj'

2018-05-30 17:22:03 - [MESSAGE][PASSED] - All options with index in [2] are selected on object 'Object Repository/Store Request Schedule 1/Page_Store/select_--Select--Schedule 1Inj'

2018-05-30 17:22:03 - [TEST_STEP][PASSED] - delay: Delayed 1 second(s)

2018-05-30 17:22:04 - [MESSAGE][PASSED] - Delayed 1 second(s)

2018-05-30 17:22:04 - [TEST_STEP][PASSED] - selectOptionByIndex: All options with index in [24] are selected on object 'Object Repository/Store Request Schedule 1/Page_Store/select_--Select--Adernaline 0.'

2018-05-30 17:22:04 - [MESSAGE][PASSED] - All options with index in [24] are selected on object 'Object Repository/Store Request Schedule 1/Page_Store/select_--Select--Adernaline 0.'

2018-05-30 17:22:04 - [TEST_STEP][PASSED] - setText: Text '100' is set on object 'Object Repository/Store Request Schedule 1/Page_Store/input_txttreat'

2018-05-30 17:22:04 - [MESSAGE][PASSED] - Text '100' is set on object 'Object Repository/Store Request Schedule 1/Page_Store/input_txttreat'

2018-05-30 17:22:04 - [TEST_STEP][PASSED] - click: Object: 'Object Repository/Store Request Schedule 1/Page_Store/button_Add' is clicked on

2018-05-30 17:22:04 - [MESSAGE][PASSED] - Object: 'Object Repository/Store Request Schedule 1/Page_Store/button_Add' is clicked on

2018-05-30 17:22:04 - [TEST_STEP][PASSED] - selectOptionByIndex: All options with index in [2] are selected on object 'Object Repository/Store Request Schedule 1/Page_Store/select_--Select--Schedule 1Inj'

2018-05-30 17:22:05 - [MESSAGE][PASSED] - All options with index in [2] are selected on object 'Object Repository/Store Request Schedule 1/Page_Store/select_--Select--Schedule 1Inj'

2018-05-30 17:22:05 - [TEST_STEP][PASSED] - delay: Delayed 1 second(s)

2018-05-30 17:22:06 - [MESSAGE][PASSED] - Delayed 1 second(s)

2018-05-30 17:22:06 - [TEST_STEP][PASSED] - selectOptionByIndex: All options with index in [25] are selected on object 'Object Repository/Store Request Schedule 1/Page_Store/select_--Select--Adernaline 0.'

2018-05-30 17:22:06 - [MESSAGE][PASSED] - All options with index in [25] are selected on object 'Object Repository/Store Request Schedule 1/Page_Store/select_--Select--Adernaline 0.'

2018-05-30 17:22:06 - [TEST_STEP][PASSED] - setText: Text '100' is set on object 'Object Repository/Store Request Schedule 1/Page_Store/input_txttreat'

2018-05-30 17:22:06 - [MESSAGE][PASSED] - Text '100' is set on object 'Object Repository/Store Request Schedule 1/Page_Store/input_txttreat'

2018-05-30 17:22:06 - [TEST_STEP][PASSED] - click: Object: 'Object Repository/Store Request Schedule 1/Page_Store/button_Add' is clicked on

2018-05-30 17:22:06 - [MESSAGE][PASSED] - Object: 'Object Repository/Store Request Schedule 1/Page_Store/button_Add' is clicked on

2018-05-30 17:22:06 - [TEST_STEP][PASSED] - selectOptionByIndex: All options with index in [2] are selected on object 'Object Repository/Store Request Schedule 1/Page_Store/select_--Select--Schedule 1Inj'

2018-05-30 17:22:06 - [MESSAGE][PASSED] - All options with index in [2] are selected on object 'Object Repository/Store Request Schedule 1/Page_Store/select_--Select--Schedule 1Inj'

2018-05-30 17:22:06 - [TEST_STEP][PASSED] - delay: Delayed 1 second(s)

2018-05-30 17:22:07 - [MESSAGE][PASSED] - Delayed 1 second(s)

2018-05-30 17:22:07 - [TEST_STEP][PASSED] - selectOptionByIndex: All options with index in [26] are selected on object 'Object Repository/Store Request Schedule 1/Page_Store/select_--Select--Adernaline 0.'

2018-05-30 17:22:08 - [MESSAGE][PASSED] - All options with index in [26] are selected on object 'Object Repository/Store Request Schedule 1/Page_Store/select_--Select--Adernaline 0.'

2018-05-30 17:22:08 - [TEST_STEP][PASSED] - setText: Text '100' is set on object 'Object Repository/Store Request Schedule 1/Page_Store/input_txttreat'

2018-05-30 17:22:08 - [MESSAGE][PASSED] - Text '100' is set on object 'Object Repository/Store Request Schedule 1/Page_Store/input_txttreat'

2018-05-30 17:22:08 - [TEST_STEP][PASSED] - click: Object: 'Object Repository/Store Request Schedule 1/Page_Store/button_Add' is clicked on

2018-05-30 17:22:08 - [MESSAGE][PASSED] - Object: 'Object Repository/Store Request Schedule 1/Page_Store/button_Add' is clicked on

2018-05-30 17:22:08 - [TEST_STEP][PASSED] - selectOptionByIndex: All options with index in [2] are selected on object 'Object Repository/Store Request Schedule 1/Page_Store/select_--Select--Schedule 1Inj'

2018-05-30 17:22:08 - [MESSAGE][PASSED] - All options with index in [2] are selected on object 'Object Repository/Store Request Schedule 1/Page_Store/select_--Select--Schedule 1Inj'

2018-05-30 17:22:08 - [TEST_STEP][PASSED] - delay: Delayed 1 second(s)

2018-05-30 17:22:09 - [MESSAGE][PASSED] - Delayed 1 second(s)

2018-05-30 17:22:09 - [TEST_STEP][PASSED] - selectOptionByIndex: All options with index in [27] are selected on object 'Object Repository/Store Request Schedule 1/Page_Store/select_--Select--Adernaline 0.'

2018-05-30 17:22:09 - [MESSAGE][PASSED] - All options with index in [27] are selected on object 'Object Repository/Store Request Schedule 1/Page_Store/select_--Select--Adernaline 0.'

2018-05-30 17:22:09 - [TEST_STEP][PASSED] - setText: Text '100' is set on object 'Object Repository/Store Request Schedule 1/Page_Store/input_txttreat'

2018-05-30 17:22:09 - [MESSAGE][PASSED] - Text '100' is set on object 'Object Repository/Store Request Schedule 1/Page_Store/input_txttreat'

2018-05-30 17:22:09 - [TEST_STEP][PASSED] - click: Object: 'Object Repository/Store Request Schedule 1/Page_Store/button_Add' is clicked on

2018-05-30 17:22:09 - [MESSAGE][PASSED] - Object: 'Object Repository/Store Request Schedule 1/Page_Store/button_Add' is clicked on

2018-05-30 17:22:09 - [TEST_STEP][PASSED] - selectOptionByIndex: All options with index in [2] are selected on object 'Object Repository/Store Request Schedule 1/Page_Store/select_--Select--Schedule 1Inj'

2018-05-30 17:22:10 - [MESSAGE][PASSED] - All options with index in [2] are selected on object 'Object Repository/Store Request Schedule 1/Page_Store/select_--Select--Schedule 1Inj'

2018-05-30 17:22:10 - [TEST_STEP][PASSED] - delay: Delayed 1 second(s)

2018-05-30 17:22:11 - [MESSAGE][PASSED] - Delayed 1 second(s)

2018-05-30 17:22:11 - [TEST_STEP][PASSED] - selectOptionByIndex: All options with index in [28] are selected on object 'Object Repository/Store Request Schedule 1/Page_Store/select_--Select--Adernaline 0.'

2018-05-30 17:22:11 - [MESSAGE][PASSED] - All options with index in [28] are selected on object 'Object Repository/Store Request Schedule 1/Page_Store/select_--Select--Adernaline 0.'

2018-05-30 17:22:11 - [TEST_STEP][PASSED] - setText: Text '100' is set on object 'Object Repository/Store Request Schedule 1/Page_Store/input_txttreat'

2018-05-30 17:22:11 - [MESSAGE][PASSED] - Text '100' is set on object 'Object Repository/Store Request Schedule 1/Page_Store/input_txttreat'

2018-05-30 17:22:11 - [TEST_STEP][PASSED] - click: Object: 'Object Repository/Store Request Schedule 1/Page_Store/button_Add' is clicked on

2018-05-30 17:22:11 - [MESSAGE][PASSED] - Object: 'Object Repository/Store Request Schedule 1/Page_Store/button_Add' is clicked on

2018-05-30 17:22:11 - [TEST_STEP][PASSED] - selectOptionByIndex: All options with index in [2] are selected on object 'Object Repository/Store Request Schedule 1/Page_Store/select_--Select--Schedule 1Inj'

2018-05-30 17:22:11 - [MESSAGE][PASSED] - All options with index in [2] are selected on object 'Object Repository/Store Request Schedule 1/Page_Store/select_--Select--Schedule 1Inj'

2018-05-30 17:22:11 - [TEST_STEP][PASSED] - delay: Delayed 1 second(s)

2018-05-30 17:22:12 - [MESSAGE][PASSED] - Delayed 1 second(s)

2018-05-30 17:22:12 - [TEST_STEP][PASSED] - selectOptionByIndex: All options with index in [29] are selected on object 'Object Repository/Store Request Schedule 1/Page_Store/select_--Select--Adernaline 0.'

2018-05-30 17:22:13 - [MESSAGE][PASSED] - All options with index in [29] are selected on object 'Object Repository/Store Request Schedule 1/Page_Store/select_--Select--Adernaline 0.'

2018-05-30 17:22:13 - [TEST_STEP][PASSED] - setText: Text '100' is set on object 'Object Repository/Store Request Schedule 1/Page_Store/input_txttreat'

2018-05-30 17:22:13 - [MESSAGE][PASSED] - Text '100' is set on object 'Object Repository/Store Request Schedule 1/Page_Store/input_txttreat'

2018-05-30 17:22:13 - [TEST_STEP][PASSED] - click: Object: 'Object Repository/Store Request Schedule 1/Page_Store/button_Add' is clicked on

2018-05-30 17:22:13 - [MESSAGE][PASSED] - Object: 'Object Repository/Store Request Schedule 1/Page_Store/button_Add' is clicked on

2018-05-30 17:22:13 - [TEST_STEP][PASSED] - selectOptionByIndex: All options with index in [2] are selected on object 'Object Repository/Store Request Schedule 1/Page_Store/select_--Select--Schedule 1Inj'

2018-05-30 17:22:13 - [MESSAGE][PASSED] - All options with index in [2] are selected on object 'Object Repository/Store Request Schedule 1/Page_Store/select_--Select--Schedule 1Inj'

2018-05-30 17:22:13 - [TEST_STEP][PASSED] - delay: Delayed 1 second(s)

2018-05-30 17:22:14 - [MESSAGE][PASSED] - Delayed 1 second(s)

2018-05-30 17:22:14 - [TEST_STEP][PASSED] - selectOptionByIndex: All options with index in [30] are selected on object 'Object Repository/Store Request Schedule 1/Page_Store/select_--Select--Adernaline 0.'

2018-05-30 17:22:15 - [MESSAGE][PASSED] - All options with index in [30] are selected on object 'Object Repository/Store Request Schedule 1/Page_Store/select_--Select--Adernaline 0.'

2018-05-30 17:22:15 - [TEST_STEP][PASSED] - setText: Text '100' is set on object 'Object Repository/Store Request Schedule 1/Page_Store/input_txttreat'

2018-05-30 17:22:15 - [MESSAGE][PASSED] - Text '100' is set on object 'Object Repository/Store Request Schedule 1/Page_Store/input_txttreat'

2018-05-30 17:22:15 - [TEST_STEP][PASSED] - click: Object: 'Object Repository/Store Request Schedule 1/Page_Store/button_Add' is clicked on

2018-05-30 17:22:15 - [MESSAGE][PASSED] - Object: 'Object Repository/Store Request Schedule 1/Page_Store/button_Add' is clicked on

2018-05-30 17:22:15 - [TEST_STEP][PASSED] - selectOptionByIndex: All options with index in [2] are selected on object 'Object Repository/Store Request Schedule 1/Page_Store/select_--Select--Schedule 1Inj'

2018-05-30 17:22:15 - [MESSAGE][PASSED] - All options with index in [2] are selected on object 'Object Repository/Store Request Schedule 1/Page_Store/select_--Select--Schedule 1Inj'

2018-05-30 17:22:15 - [TEST_STEP][PASSED] - delay: Delayed 1 second(s)

2018-05-30 17:22:16 - [MESSAGE][PASSED] - Delayed 1 second(s)

2018-05-30 17:22:16 - [TEST_STEP][PASSED] - selectOptionByIndex: All options with index in [31] are selected on object 'Object Repository/Store Request Schedule 1/Page_Store/select_--Select--Adernaline 0.'

2018-05-30 17:22:16 - [MESSAGE][PASSED] - All options with index in [31] are selected on object 'Object Repository/Store Request Schedule 1/Page_Store/select_--Select--Adernaline 0.'

2018-05-30 17:22:16 - [TEST_STEP][PASSED] - setText: Text '100' is set on object 'Object Repository/Store Request Schedule 1/Page_Store/input_txttreat'

2018-05-30 17:22:16 - [MESSAGE][PASSED] - Text '100' is set on object 'Object Repository/Store Request Schedule 1/Page_Store/input_txttreat'

2018-05-30 17:22:16 - [TEST_STEP][PASSED] - click: Object: 'Object Repository/Store Request Schedule 1/Page_Store/button_Add' is clicked on

2018-05-30 17:22:16 - [MESSAGE][PASSED] - Object: 'Object Repository/Store Request Schedule 1/Page_Store/button_Add' is clicked on

2018-05-30 17:22:16 - [TEST_STEP][PASSED] - selectOptionByIndex: All options with index in [2] are selected on object 'Object Repository/Store Request Schedule 1/Page_Store/select_--Select--Schedule 1Inj'

2018-05-30 17:22:16 - [MESSAGE][PASSED] - All options with index in [2] are selected on object 'Object Repository/Store Request Schedule 1/Page_Store/select_--Select--Schedule 1Inj'

2018-05-30 17:22:16 - [TEST_STEP][PASSED] - delay: Delayed 1 second(s)

2018-05-30 17:22:17 - [MESSAGE][PASSED] - Delayed 1 second(s)

2018-05-30 17:22:17 - [TEST_STEP][PASSED] - selectOptionByIndex: All options with index in [32] are selected on object 'Object Repository/Store Request Schedule 1/Page_Store/select_--Select--Adernaline 0.'

2018-05-30 17:22:18 - [MESSAGE][PASSED] - All options with index in [32] are selected on object 'Object Repository/Store Request Schedule 1/Page_Store/select_--Select--Adernaline 0.'

2018-05-30 17:22:18 - [TEST_STEP][PASSED] - setText: Text '100' is set on object 'Object Repository/Store Request Schedule 1/Page_Store/input_txttreat'

2018-05-30 17:22:18 - [MESSAGE][PASSED] - Text '100' is set on object 'Object Repository/Store Request Schedule 1/Page_Store/input_txttreat'

2018-05-30 17:22:18 - [TEST_STEP][PASSED] - click: Object: 'Object Repository/Store Request Schedule 1/Page_Store/button_Add' is clicked on

2018-05-30 17:22:18 - [MESSAGE][PASSED] - Object: 'Object Repository/Store Request Schedule 1/Page_Store/button_Add' is clicked on

2018-05-30 17:22:18 - [TEST_STEP][PASSED] - selectOptionByIndex: All options with index in [2] are selected on object 'Object Repository/Store Request Schedule 1/Page_Store/select_--Select--Schedule 1Inj'

2018-05-30 17:23:23 - [MESSAGE][PASSED] - All options with index in [2] are selected on object 'Object Repository/Store Request Schedule 1/Page_Store/select_--Select--Schedule 1Inj'

2018-05-30 17:23:23 - [TEST_STEP][PASSED] - delay: Delayed 1 second(s)

2018-05-30 17:23:24 - [MESSAGE][PASSED] - Delayed 1 second(s)

2018-05-30 17:23:24 - [TEST_STEP][PASSED] - selectOptionByIndex: All options with index in [33] are selected on object 'Object Repository/Store Request Schedule 1/Page_Store/select_--Select--Adernaline 0.'

2018-05-30 17:23:24 - [MESSAGE][PASSED] - All options with index in [33] are selected on object 'Object Repository/Store Request Schedule 1/Page_Store/select_--Select--Adernaline 0.'

2018-05-30 17:23:24 - [TEST_STEP][PASSED] - setText: Text '100' is set on object 'Object Repository/Store Request Schedule 1/Page_Store/input_txttreat'

2018-05-30 17:23:24 - [MESSAGE][PASSED] - Text '100' is set on object 'Object Repository/Store Request Schedule 1/Page_Store/input_txttreat'

2018-05-30 17:23:24 - [TEST_STEP][PASSED] - click: Object: 'Object Repository/Store Request Schedule 1/Page_Store/button_Add' is clicked on

2018-05-30 17:23:25 - [MESSAGE][PASSED] - Object: 'Object Repository/Store Request Schedule 1/Page_Store/button_Add' is clicked on

2018-05-30 17:23:25 - [TEST_STEP][PASSED] - selectOptionByIndex: All options with index in [2] are selected on object 'Object Repository/Store Request Schedule 1/Page_Store/select_--Select--Schedule 1Inj'

2018-05-30 17:23:25 - [MESSAGE][PASSED] - All options with index in [2] are selected on object 'Object Repository/Store Request Schedule 1/Page_Store/select_--Select--Schedule 1Inj'

2018-05-30 17:23:25 - [TEST_STEP][PASSED] - delay: Delayed 1 second(s)

2018-05-30 17:23:26 - [MESSAGE][PASSED] - Delayed 1 second(s)

2018-05-30 17:23:26 - [TEST_STEP][PASSED] - selectOptionByIndex: All options with index in [34] are selected on object 'Object Repository/Store Request Schedule 1/Page_Store/select_--Select--Adernaline 0.'

2018-05-30 17:23:26 - [MESSAGE][PASSED] - All options with index in [34] are selected on object 'Object Repository/Store Request Schedule 1/Page_Store/select_--Select--Adernaline 0.'

2018-05-30 17:23:26 - [TEST_STEP][PASSED] - setText: Text '100' is set on object 'Object Repository/Store Request Schedule 1/Page_Store/input_txttreat'

2018-05-30 17:23:26 - [MESSAGE][PASSED] - Text '100' is set on object 'Object Repository/Store Request Schedule 1/Page_Store/input_txttreat'

2018-05-30 17:23:26 - [TEST_STEP][PASSED] - click: Object: 'Object Repository/Store Request Schedule 1/Page_Store/button_Add' is clicked on

2018-05-30 17:23:26 - [MESSAGE][PASSED] - Object: 'Object Repository/Store Request Schedule 1/Page_Store/button_Add' is clicked on

2018-05-30 17:23:26 - [TEST_STEP][PASSED] - selectOptionByIndex: All options with index in [2] are selected on object 'Object Repository/Store Request Schedule 1/Page_Store/select_--Select--Schedule 1Inj'

2018-05-30 17:23:27 - [MESSAGE][PASSED] - All options with index in [2] are selected on object 'Object Repository/Store Request Schedule 1/Page_Store/select_--Select--Schedule 1Inj'

2018-05-30 17:23:27 - [TEST_STEP][PASSED] - delay: Delayed 1 second(s)

2018-05-30 17:23:28 - [MESSAGE][PASSED] - Delayed 1 second(s)

2018-05-30 17:23:28 - [TEST_STEP][PASSED] - selectOptionByIndex: All options with index in [35] are selected on object 'Object Repository/Store Request Schedule 1/Page_Store/select_--Select--Adernaline 0.'

2018-05-30 17:23:28 - [MESSAGE][PASSED] - All options with index in [35] are selected on object 'Object Repository/Store Request Schedule 1/Page_Store/select_--Select--Adernaline 0.'

2018-05-30 17:23:28 - [TEST_STEP][PASSED] - setText: Text '100' is set on object 'Object Repository/Store Request Schedule 1/Page_Store/input_txttreat'

2018-05-30 17:23:28 - [MESSAGE][PASSED] - Text '100' is set on object 'Object Repository/Store Request Schedule 1/Page_Store/input_txttreat'

2018-05-30 17:23:28 - [TEST_STEP][PASSED] - click: Object: 'Object Repository/Store Request Schedule 1/Page_Store/button_Add' is clicked on

2018-05-30 17:23:28 - [MESSAGE][PASSED] - Object: 'Object Repository/Store Request Schedule 1/Page_Store/button_Add' is clicked on

2018-05-30 17:23:30 - [TEST_STEP][PASSED] - selectOptionByIndex: All options with index in [2] are selected on object 'Object Repository/Store Request Schedule 1/Page_Store/select_--Select--Schedule 1Inj'

2018-05-30 17:23:30 - [MESSAGE][PASSED] - All options with index in [2] are selected on object 'Object Repository/Store Request Schedule 1/Page_Store/select_--Select--Schedule 1Inj'

2018-05-30 17:23:30 - [TEST_STEP][PASSED] - delay: Delayed 1 second(s)

2018-05-30 17:23:31 - [MESSAGE][PASSED] - Delayed 1 second(s)

2018-05-30 17:23:31 - [TEST_STEP][PASSED] - selectOptionByIndex: All options with index in [36] are selected on object 'Object Repository/Store Request Schedule 1/Page_Store/select_--Select--Adernaline 0.'

2018-05-30 17:23:31 - [MESSAGE][PASSED] - All options with index in [36] are selected on object 'Object Repository/Store Request Schedule 1/Page_Store/select_--Select--Adernaline 0.'

2018-05-30 17:23:31 - [TEST_STEP][PASSED] - setText: Text '100' is set on object 'Object Repository/Store Request Schedule 1/Page_Store/input_txttreat'

2018-05-30 17:23:31 - [MESSAGE][PASSED] - Text '100' is set on object 'Object Repository/Store Request Schedule 1/Page_Store/input_txttreat'

2018-05-30 17:23:31 - [TEST_STEP][PASSED] - click: Object: 'Object Repository/Store Request Schedule 1/Page_Store/button_Add' is clicked on

2018-05-30 17:23:31 - [MESSAGE][PASSED] - Object: 'Object Repository/Store Request Schedule 1/Page_Store/button_Add' is clicked on

2018-05-30 17:23:31 - [TEST_STEP][PASSED] - selectOptionByIndex: All options with index in [2] are selected on object 'Object Repository/Store Request Schedule 1/Page_Store/select_--Select--Schedule 1Inj'

2018-05-30 17:23:31 - [MESSAGE][PASSED] - All options with index in [2] are selected on object 'Object Repository/Store Request Schedule 1/Page_Store/select_--Select--Schedule 1Inj'

2018-05-30 17:23:31 - [TEST_STEP][PASSED] - delay: Delayed 1 second(s)

2018-05-30 17:23:32 - [MESSAGE][PASSED] - Delayed 1 second(s)

2018-05-30 17:23:32 - [TEST_STEP][PASSED] - selectOptionByIndex: All options with index in [37] are selected on object 'Object Repository/Store Request Schedule 1/Page_Store/select_--Select--Adernaline 0.'

2018-05-30 17:23:33 - [MESSAGE][PASSED] - All options with index in [37] are selected on object 'Object Repository/Store Request Schedule 1/Page_Store/select_--Select--Adernaline 0.'

2018-05-30 17:23:33 - [TEST_STEP][PASSED] - setText: Text '100' is set on object 'Object Repository/Store Request Schedule 1/Page_Store/input_txttreat'

2018-05-30 17:23:33 - [MESSAGE][PASSED] - Text '100' is set on object 'Object Repository/Store Request Schedule 1/Page_Store/input_txttreat'

2018-05-30 17:23:33 - [TEST_STEP][PASSED] - click: Object: 'Object Repository/Store Request Schedule 1/Page_Store/button_Add' is clicked on

2018-05-30 17:23:33 - [MESSAGE][PASSED] - Object: 'Object Repository/Store Request Schedule 1/Page_Store/button_Add' is clicked on

2018-05-30 17:23:33 - [TEST_STEP][PASSED] - selectOptionByIndex: All options with index in [2] are selected on object 'Object Repository/Store Request Schedule 1/Page_Store/select_--Select--Schedule 1Inj'

2018-05-30 17:23:33 - [MESSAGE][PASSED] - All options with index in [2] are selected on object 'Object Repository/Store Request Schedule 1/Page_Store/select_--Select--Schedule 1Inj'

2018-05-30 17:23:33 - [TEST_STEP][PASSED] - delay: Delayed 1 second(s)

2018-05-30 17:23:34 - [MESSAGE][PASSED] - Delayed 1 second(s)

2018-05-30 17:23:34 - [TEST_STEP][PASSED] - selectOptionByIndex: All options with index in [38] are selected on object 'Object Repository/Store Request Schedule 1/Page_Store/select_--Select--Adernaline 0.'

2018-05-30 17:23:35 - [MESSAGE][PASSED] - All options with index in [38] are selected on object 'Object Repository/Store Request Schedule 1/Page_Store/select_--Select--Adernaline 0.'

2018-05-30 17:23:35 - [TEST_STEP][PASSED] - setText: Text '100' is set on object 'Object Repository/Store Request Schedule 1/Page_Store/input_txttreat'

2018-05-30 17:23:35 - [MESSAGE][PASSED] - Text '100' is set on object 'Object Repository/Store Request Schedule 1/Page_Store/input_txttreat'

2018-05-30 17:23:35 - [TEST_STEP][PASSED] - click: Object: 'Object Repository/Store Request Schedule 1/Page_Store/button_Add' is clicked on

2018-05-30 17:23:35 - [MESSAGE][PASSED] - Object: 'Object Repository/Store Request Schedule 1/Page_Store/button_Add' is clicked on

2018-05-30 17:23:35 - [TEST_STEP][PASSED] - selectOptionByIndex: All options with index in [2] are selected on object 'Object Repository/Store Request Schedule 1/Page_Store/select_--Select--Schedule 1Inj'

2018-05-30 17:23:35 - [MESSAGE][PASSED] - All options with index in [2] are selected on object 'Object Repository/Store Request Schedule 1/Page_Store/select_--Select--Schedule 1Inj'

2018-05-30 17:23:35 - [TEST_STEP][PASSED] - delay: Delayed 1 second(s)

2018-05-30 17:23:36 - [MESSAGE][PASSED] - Delayed 1 second(s)

2018-05-30 17:23:36 - [TEST_STEP][PASSED] - selectOptionByIndex: All options with index in [39] are selected on object 'Object Repository/Store Request Schedule 1/Page_Store/select_--Select--Adernaline 0.'

2018-05-30 17:23:37 - [MESSAGE][PASSED] - All options with index in [39] are selected on object 'Object Repository/Store Request Schedule 1/Page_Store/select_--Select--Adernaline 0.'

2018-05-30 17:23:37 - [TEST_STEP][PASSED] - setText: Text '100' is set on object 'Object Repository/Store Request Schedule 1/Page_Store/input_txttreat'

2018-05-30 17:23:37 - [MESSAGE][PASSED] - Text '100' is set on object 'Object Repository/Store Request Schedule 1/Page_Store/input_txttreat'

2018-05-30 17:23:37 - [TEST_STEP][PASSED] - click: Object: 'Object Repository/Store Request Schedule 1/Page_Store/button_Add' is clicked on

2018-05-30 17:23:37 - [MESSAGE][PASSED] - Object: 'Object Repository/Store Request Schedule 1/Page_Store/button_Add' is clicked on

2018-05-30 17:23:37 - [TEST_STEP][PASSED] - selectOptionByIndex: All options with index in [2] are selected on object 'Object Repository/Store Request Schedule 1/Page_Store/select_--Select--Schedule 1Inj'

2018-05-30 17:23:37 - [MESSAGE][PASSED] - All options with index in [2] are selected on object 'Object Repository/Store Request Schedule 1/Page_Store/select_--Select--Schedule 1Inj'

2018-05-30 17:23:37 - [TEST_STEP][PASSED] - delay: Delayed 1 second(s)

2018-05-30 17:23:38 - [MESSAGE][PASSED] - Delayed 1 second(s)

2018-05-30 17:23:38 - [TEST_STEP][PASSED] - selectOptionByIndex: All options with index in [40] are selected on object 'Object Repository/Store Request Schedule 1/Page_Store/select_--Select--Adernaline 0.'

2018-05-30 17:23:38 - [MESSAGE][PASSED] - All options with index in [40] are selected on object 'Object Repository/Store Request Schedule 1/Page_Store/select_--Select--Adernaline 0.'

2018-05-30 17:23:38 - [TEST_STEP][PASSED] - setText: Text '100' is set on object 'Object Repository/Store Request Schedule 1/Page_Store/input_txttreat'

2018-05-30 17:23:39 - [MESSAGE][PASSED] - Text '100' is set on object 'Object Repository/Store Request Schedule 1/Page_Store/input_txttreat'

2018-05-30 17:23:39 - [TEST_STEP][PASSED] - click: Object: 'Object Repository/Store Request Schedule 1/Page_Store/button_Add' is clicked on

2018-05-30 17:23:39 - [MESSAGE][PASSED] - Object: 'Object Repository/Store Request Schedule 1/Page_Store/button_Add' is clicked on

2018-05-30 17:23:39 - [TEST_STEP][PASSED] - selectOptionByIndex: All options with index in [2] are selected on object 'Object Repository/Store Request Schedule 1/Page_Store/select_--Select--Schedule 1Inj'

2018-05-30 17:23:39 - [MESSAGE][PASSED] - All options with index in [2] are selected on object 'Object Repository/Store Request Schedule 1/Page_Store/select_--Select--Schedule 1Inj'

2018-05-30 17:23:39 - [TEST_STEP][PASSED] - delay: Delayed 1 second(s)

2018-05-30 17:23:40 - [MESSAGE][PASSED] - Delayed 1 second(s)

2018-05-30 17:23:40 - [TEST_STEP][PASSED] - selectOptionByIndex: All options with index in [41] are selected on object 'Object Repository/Store Request Schedule 1/Page_Store/select_--Select--Adernaline 0.'

2018-05-30 17:23:40 - [MESSAGE][PASSED] - All options with index in [41] are selected on object 'Object Repository/Store Request Schedule 1/Page_Store/select_--Select--Adernaline 0.'

2018-05-30 17:23:40 - [TEST_STEP][PASSED] - setText: Text '100' is set on object 'Object Repository/Store Request Schedule 1/Page_Store/input_txttreat'

2018-05-30 17:23:40 - [MESSAGE][PASSED] - Text '100' is set on object 'Object Repository/Store Request Schedule 1/Page_Store/input_txttreat'

2018-05-30 17:23:40 - [TEST_STEP][PASSED] - click: Object: 'Object Repository/Store Request Schedule 1/Page_Store/button_Add' is clicked on

2018-05-30 17:23:40 - [MESSAGE][PASSED] - Object: 'Object Repository/Store Request Schedule 1/Page_Store/button_Add' is clicked on

2018-05-30 17:23:40 - [TEST_STEP][PASSED] - selectOptionByIndex: All options with index in [2] are selected on object 'Object Repository/Store Request Schedule 1/Page_Store/select_--Select--Schedule 1Inj'

2018-05-30 17:23:41 - [MESSAGE][PASSED] - All options with index in [2] are selected on object 'Object Repository/Store Request Schedule 1/Page_Store/select_--Select--Schedule 1Inj'

2018-05-30 17:23:41 - [TEST_STEP][PASSED] - delay: Delayed 1 second(s)

2018-05-30 17:23:42 - [MESSAGE][PASSED] - Delayed 1 second(s)

2018-05-30 17:23:42 - [TEST_STEP][PASSED] - selectOptionByIndex: All options with index in [42] are selected on object 'Object Repository/Store Request Schedule 1/Page_Store/select_--Select--Adernaline 0.'

2018-05-30 17:23:42 - [MESSAGE][PASSED] - All options with index in [42] are selected on object 'Object Repository/Store Request Schedule 1/Page_Store/select_--Select--Adernaline 0.'

2018-05-30 17:23:42 - [TEST_STEP][PASSED] - setText: Text '100' is set on object 'Object Repository/Store Request Schedule 1/Page_Store/input_txttreat'

2018-05-30 17:23:42 - [MESSAGE][PASSED] - Text '100' is set on object 'Object Repository/Store Request Schedule 1/Page_Store/input_txttreat'

2018-05-30 17:23:42 - [TEST_STEP][PASSED] - click: Object: 'Object Repository/Store Request Schedule 1/Page_Store/button_Add' is clicked on

2018-05-30 17:23:42 - [MESSAGE][PASSED] - Object: 'Object Repository/Store Request Schedule 1/Page_Store/button_Add' is clicked on

2018-05-30 17:23:42 - [TEST_STEP][PASSED] - selectOptionByIndex: All options with index in [2] are selected on object 'Object Repository/Store Request Schedule 1/Page_Store/select_--Select--Schedule 1Inj'

2018-05-30 17:23:42 - [MESSAGE][PASSED] - All options with index in [2] are selected on object 'Object Repository/Store Request Schedule 1/Page_Store/select_--Select--Schedule 1Inj'

2018-05-30 17:23:42 - [TEST_STEP][PASSED] - delay: Delayed 1 second(s)

2018-05-30 17:23:43 - [MESSAGE][PASSED] - Delayed 1 second(s)

2018-05-30 17:23:43 - [TEST_STEP][PASSED] - selectOptionByIndex: All options with index in [43] are selected on object 'Object Repository/Store Request Schedule 1/Page_Store/select_--Select--Adernaline 0.'

2018-05-30 17:23:44 - [MESSAGE][PASSED] - All options with index in [43] are selected on object 'Object Repository/Store Request Schedule 1/Page_Store/select_--Select--Adernaline 0.'

2018-05-30 17:23:44 - [TEST_STEP][PASSED] - setText: Text '100' is set on object 'Object Repository/Store Request Schedule 1/Page_Store/input_txttreat'

2018-05-30 17:23:44 - [MESSAGE][PASSED] - Text '100' is set on object 'Object Repository/Store Request Schedule 1/Page_Store/input_txttreat'

2018-05-30 17:23:44 - [TEST_STEP][PASSED] - click: Object: 'Object Repository/Store Request Schedule 1/Page_Store/button_Add' is clicked on

2018-05-30 17:23:44 - [MESSAGE][PASSED] - Object: 'Object Repository/Store Request Schedule 1/Page_Store/button_Add' is clicked on

2018-05-30 17:23:44 - [TEST_STEP][PASSED] - selectOptionByIndex: All options with index in [2] are selected on object 'Object Repository/Store Request Schedule 1/Page_Store/select_--Select--Schedule 1Inj'

2018-05-30 17:23:44 - [MESSAGE][PASSED] - All options with index in [2] are selected on object 'Object Repository/Store Request Schedule 1/Page_Store/select_--Select--Schedule 1Inj'

2018-05-30 17:23:44 - [TEST_STEP][PASSED] - delay: Delayed 1 second(s)

2018-05-30 17:23:45 - [MESSAGE][PASSED] - Delayed 1 second(s)

2018-05-30 17:23:45 - [TEST_STEP][PASSED] - selectOptionByIndex: All options with index in [44] are selected on object 'Object Repository/Store Request Schedule 1/Page_Store/select_--Select--Adernaline 0.'

2018-05-30 17:23:46 - [MESSAGE][PASSED] - All options with index in [44] are selected on object 'Object Repository/Store Request Schedule 1/Page_Store/select_--Select--Adernaline 0.'

2018-05-30 17:23:46 - [TEST_STEP][PASSED] - setText: Text '100' is set on object 'Object Repository/Store Request Schedule 1/Page_Store/input_txttreat'

2018-05-30 17:23:46 - [MESSAGE][PASSED] - Text '100' is set on object 'Object Repository/Store Request Schedule 1/Page_Store/input_txttreat'

2018-05-30 17:23:46 - [TEST_STEP][PASSED] - click: Object: 'Object Repository/Store Request Schedule 1/Page_Store/button_Add' is clicked on

2018-05-30 17:23:46 - [MESSAGE][PASSED] - Object: 'Object Repository/Store Request Schedule 1/Page_Store/button_Add' is clicked on

2018-05-30 17:23:46 - [TEST_STEP][PASSED] - selectOptionByIndex: All options with index in [2] are selected on object 'Object Repository/Store Request Schedule 1/Page_Store/select_--Select--Schedule 1Inj'

2018-05-30 17:23:46 - [MESSAGE][PASSED] - All options with index in [2] are selected on object 'Object Repository/Store Request Schedule 1/Page_Store/select_--Select--Schedule 1Inj'

2018-05-30 17:23:46 - [TEST_STEP][PASSED] - delay: Delayed 1 second(s)

2018-05-30 17:23:47 - [MESSAGE][PASSED] - Delayed 1 second(s)

2018-05-30 17:23:47 - [TEST_STEP][PASSED] - selectOptionByIndex: All options with index in [45] are selected on object 'Object Repository/Store Request Schedule 1/Page_Store/select_--Select--Adernaline 0.'

2018-05-30 17:23:48 - [MESSAGE][PASSED] - All options with index in [45] are selected on object 'Object Repository/Store Request Schedule 1/Page_Store/select_--Select--Adernaline 0.'

2018-05-30 17:23:48 - [TEST_STEP][PASSED] - setText: Text '100' is set on object 'Object Repository/Store Request Schedule 1/Page_Store/input_txttreat'

2018-05-30 17:23:48 - [MESSAGE][PASSED] - Text '100' is set on object 'Object Repository/Store Request Schedule 1/Page_Store/input_txttreat'

2018-05-30 17:23:48 - [TEST_STEP][PASSED] - click: Object: 'Object Repository/Store Request Schedule 1/Page_Store/button_Add' is clicked on

2018-05-30 17:23:48 - [MESSAGE][PASSED] - Object: 'Object Repository/Store Request Schedule 1/Page_Store/button_Add' is clicked on

2018-05-30 17:23:48 - [TEST_STEP][PASSED] - selectOptionByIndex: All options with index in [2] are selected on object 'Object Repository/Store Request Schedule 1/Page_Store/select_--Select--Schedule 1Inj'

2018-05-30 17:23:48 - [MESSAGE][PASSED] - All options with index in [2] are selected on object 'Object Repository/Store Request Schedule 1/Page_Store/select_--Select--Schedule 1Inj'

2018-05-30 17:23:48 - [TEST_STEP][PASSED] - delay: Delayed 1 second(s)

2018-05-30 17:23:49 - [MESSAGE][PASSED] - Delayed 1 second(s)

2018-05-30 17:23:49 - [TEST_STEP][PASSED] - selectOptionByIndex: All options with index in [46] are selected on object 'Object Repository/Store Request Schedule 1/Page_Store/select_--Select--Adernaline 0.'

2018-05-30 17:23:50 - [MESSAGE][PASSED] - All options with index in [46] are selected on object 'Object Repository/Store Request Schedule 1/Page_Store/select_--Select--Adernaline 0.'

2018-05-30 17:23:50 - [TEST_STEP][PASSED] - setText: Text '100' is set on object 'Object Repository/Store Request Schedule 1/Page_Store/input_txttreat'

2018-05-30 17:23:50 - [MESSAGE][PASSED] - Text '100' is set on object 'Object Repository/Store Request Schedule 1/Page_Store/input_txttreat'

2018-05-30 17:23:50 - [TEST_STEP][PASSED] - click: Object: 'Object Repository/Store Request Schedule 1/Page_Store/button_Add' is clicked on

2018-05-30 17:23:50 - [MESSAGE][PASSED] - Object: 'Object Repository/Store Request Schedule 1/Page_Store/button_Add' is clicked on

2018-05-30 17:23:50 - [TEST_STEP][PASSED] - selectOptionByIndex: All options with index in [2] are selected on object 'Object Repository/Store Request Schedule 1/Page_Store/select_--Select--Schedule 1Inj'

2018-05-30 17:23:50 - [MESSAGE][PASSED] - All options with index in [2] are selected on object 'Object Repository/Store Request Schedule 1/Page_Store/select_--Select--Schedule 1Inj'

2018-05-30 17:23:50 - [TEST_STEP][PASSED] - delay: Delayed 1 second(s)

2018-05-30 17:23:51 - [MESSAGE][PASSED] - Delayed 1 second(s)

2018-05-30 17:23:51 - [TEST_STEP][PASSED] - selectOptionByIndex: All options with index in [47] are selected on object 'Object Repository/Store Request Schedule 1/Page_Store/select_--Select--Adernaline 0.'

2018-05-30 17:23:52 - [MESSAGE][PASSED] - All options with index in [47] are selected on object 'Object Repository/Store Request Schedule 1/Page_Store/select_--Select--Adernaline 0.'

2018-05-30 17:23:52 - [TEST_STEP][PASSED] - setText: Text '100' is set on object 'Object Repository/Store Request Schedule 1/Page_Store/input_txttreat'

2018-05-30 17:23:52 - [MESSAGE][PASSED] - Text '100' is set on object 'Object Repository/Store Request Schedule 1/Page_Store/input_txttreat'

2018-05-30 17:23:52 - [TEST_STEP][PASSED] - click: Object: 'Object Repository/Store Request Schedule 1/Page_Store/button_Add' is clicked on

2018-05-30 17:23:52 - [MESSAGE][PASSED] - Object: 'Object Repository/Store Request Schedule 1/Page_Store/button_Add' is clicked on

2018-05-30 17:23:52 - [TEST_STEP][PASSED] - selectOptionByIndex: All options with index in [2] are selected on object 'Object Repository/Store Request Schedule 1/Page_Store/select_--Select--Schedule 1Inj'

2018-05-30 17:23:52 - [MESSAGE][PASSED] - All options with index in [2] are selected on object 'Object Repository/Store Request Schedule 1/Page_Store/select_--Select--Schedule 1Inj'

2018-05-30 17:23:52 - [TEST_STEP][PASSED] - delay: Delayed 1 second(s)

2018-05-30 17:23:53 - [MESSAGE][PASSED] - Delayed 1 second(s)

2018-05-30 17:23:53 - [TEST_STEP][PASSED] - selectOptionByIndex: All options with index in [48] are selected on object 'Object Repository/Store Request Schedule 1/Page_Store/select_--Select--Adernaline 0.'

2018-05-30 17:23:54 - [MESSAGE][PASSED] - All options with index in [48] are selected on object 'Object Repository/Store Request Schedule 1/Page_Store/select_--Select--Adernaline 0.'

2018-05-30 17:23:54 - [TEST_STEP][PASSED] - setText: Text '100' is set on object 'Object Repository/Store Request Schedule 1/Page_Store/input_txttreat'

2018-05-30 17:23:54 - [MESSAGE][PASSED] - Text '100' is set on object 'Object Repository/Store Request Schedule 1/Page_Store/input_txttreat'

2018-05-30 17:23:54 - [TEST_STEP][PASSED] - click: Object: 'Object Repository/Store Request Schedule 1/Page_Store/button_Add' is clicked on

2018-05-30 17:23:54 - [MESSAGE][PASSED] - Object: 'Object Repository/Store Request Schedule 1/Page_Store/button_Add' is clicked on

2018-05-30 17:23:54 - [TEST_STEP][PASSED] - selectOptionByIndex: All options with index in [2] are selected on object 'Object Repository/Store Request Schedule 1/Page_Store/select_--Select--Schedule 1Inj'

2018-05-30 17:23:54 - [MESSAGE][PASSED] - All options with index in [2] are selected on object 'Object Repository/Store Request Schedule 1/Page_Store/select_--Select--Schedule 1Inj'

2018-05-30 17:23:54 - [TEST_STEP][PASSED] - delay: Delayed 1 second(s)

2018-05-30 17:23:55 - [MESSAGE][PASSED] - Delayed 1 second(s)

2018-05-30 17:23:55 - [TEST_STEP][PASSED] - selectOptionByIndex: All options with index in [49] are selected on object 'Object Repository/Store Request Schedule 1/Page_Store/select_--Select--Adernaline 0.'

2018-05-30 17:23:56 - [MESSAGE][PASSED] - All options with index in [49] are selected on object 'Object Repository/Store Request Schedule 1/Page_Store/select_--Select--Adernaline 0.'

2018-05-30 17:23:56 - [TEST_STEP][PASSED] - setText: Text '100' is set on object 'Object Repository/Store Request Schedule 1/Page_Store/input_txttreat'

2018-05-30 17:23:56 - [MESSAGE][PASSED] - Text '100' is set on object 'Object Repository/Store Request Schedule 1/Page_Store/input_txttreat'

2018-05-30 17:23:56 - [TEST_STEP][PASSED] - click: Object: 'Object Repository/Store Request Schedule 1/Page_Store/button_Add' is clicked on

2018-05-30 17:23:56 - [MESSAGE][PASSED] - Object: 'Object Repository/Store Request Schedule 1/Page_Store/button_Add' is clicked on

2018-05-30 17:23:56 - [TEST_STEP][PASSED] - selectOptionByIndex: All options with index in [2] are selected on object 'Object Repository/Store Request Schedule 1/Page_Store/select_--Select--Schedule 1Inj'

2018-05-30 17:23:56 - [MESSAGE][PASSED] - All options with index in [2] are selected on object 'Object Repository/Store Request Schedule 1/Page_Store/select_--Select--Schedule 1Inj'

2018-05-30 17:23:56 - [TEST_STEP][PASSED] - delay: Delayed 1 second(s)

2018-05-30 17:23:57 - [MESSAGE][PASSED] - Delayed 1 second(s)

2018-05-30 17:23:57 - [TEST_STEP][PASSED] - selectOptionByIndex: All options with index in [50] are selected on object 'Object Repository/Store Request Schedule 1/Page_Store/select_--Select--Adernaline 0.'

2018-05-30 17:23:58 - [MESSAGE][PASSED] - All options with index in [50] are selected on object 'Object Repository/Store Request Schedule 1/Page_Store/select_--Select--Adernaline 0.'

2018-05-30 17:23:58 - [TEST_STEP][PASSED] - setText: Text '100' is set on object 'Object Repository/Store Request Schedule 1/Page_Store/input_txttreat'

2018-05-30 17:23:58 - [MESSAGE][PASSED] - Text '100' is set on object 'Object Repository/Store Request Schedule 1/Page_Store/input_txttreat'

2018-05-30 17:23:58 - [TEST_STEP][PASSED] - click: Object: 'Object Repository/Store Request Schedule 1/Page_Store/button_Add' is clicked on

2018-05-30 17:23:58 - [MESSAGE][PASSED] - Object: 'Object Repository/Store Request Schedule 1/Page_Store/button_Add' is clicked on

2018-05-30 17:23:58 - [TEST_STEP][PASSED] - selectOptionByIndex: All options with index in [2] are selected on object 'Object Repository/Store Request Schedule 1/Page_Store/select_--Select--Schedule 1Inj'

2018-05-30 17:23:58 - [MESSAGE][PASSED] - All options with index in [2] are selected on object 'Object Repository/Store Request Schedule 1/Page_Store/select_--Select--Schedule 1Inj'

2018-05-30 17:23:58 - [TEST_STEP][PASSED] - delay: Delayed 1 second(s)

2018-05-30 17:23:59 - [MESSAGE][PASSED] - Delayed 1 second(s)

2018-05-30 17:23:59 - [TEST_STEP][PASSED] - selectOptionByIndex: All options with index in [51] are selected on object 'Object Repository/Store Request Schedule 1/Page_Store/select_--Select--Adernaline 0.'

2018-05-30 17:23:59 - [MESSAGE][PASSED] - All options with index in [51] are selected on object 'Object Repository/Store Request Schedule 1/Page_Store/select_--Select--Adernaline 0.'

2018-05-30 17:23:59 - [TEST_STEP][PASSED] - setText: Text '100' is set on object 'Object Repository/Store Request Schedule 1/Page_Store/input_txttreat'

2018-05-30 17:24:00 - [MESSAGE][PASSED] - Text '100' is set on object 'Object Repository/Store Request Schedule 1/Page_Store/input_txttreat'

2018-05-30 17:24:00 - [TEST_STEP][PASSED] - click: Object: 'Object Repository/Store Request Schedule 1/Page_Store/button_Add' is clicked on

2018-05-30 17:24:00 - [MESSAGE][PASSED] - Object: 'Object Repository/Store Request Schedule 1/Page_Store/button_Add' is clicked on

2018-05-30 17:24:00 - [TEST_STEP][PASSED] - selectOptionByIndex: All options with index in [2] are selected on object 'Object Repository/Store Request Schedule 1/Page_Store/select_--Select--Schedule 1Inj'

2018-05-30 17:24:00 - [MESSAGE][PASSED] - All options with index in [2] are selected on object 'Object Repository/Store Request Schedule 1/Page_Store/select_--Select--Schedule 1Inj'

2018-05-30 17:24:00 - [TEST_STEP][PASSED] - delay: Delayed 1 second(s)

2018-05-30 17:24:01 - [MESSAGE][PASSED] - Delayed 1 second(s)

2018-05-30 17:24:01 - [TEST_STEP][PASSED] - selectOptionByIndex: All options with index in [52] are selected on object 'Object Repository/Store Request Schedule 1/Page_Store/select_--Select--Adernaline 0.'

2018-05-30 17:24:01 - [MESSAGE][PASSED] - All options with index in [52] are selected on object 'Object Repository/Store Request Schedule 1/Page_Store/select_--Select--Adernaline 0.'

2018-05-30 17:24:01 - [TEST_STEP][PASSED] - setText: Text '100' is set on object 'Object Repository/Store Request Schedule 1/Page_Store/input_txttreat'

2018-05-30 17:24:02 - [MESSAGE][PASSED] - Text '100' is set on object 'Object Repository/Store Request Schedule 1/Page_Store/input_txttreat'

2018-05-30 17:24:02 - [TEST_STEP][PASSED] - click: Object: 'Object Repository/Store Request Schedule 1/Page_Store/button_Add' is clicked on

2018-05-30 17:24:02 - [MESSAGE][PASSED] - Object: 'Object Repository/Store Request Schedule 1/Page_Store/button_Add' is clicked on

2018-05-30 17:24:02 - [TEST_STEP][PASSED] - selectOptionByIndex: All options with index in [2] are selected on object 'Object Repository/Store Request Schedule 1/Page_Store/select_--Select--Schedule 1Inj'

2018-05-30 17:24:02 - [MESSAGE][PASSED] - All options with index in [2] are selected on object 'Object Repository/Store Request Schedule 1/Page_Store/select_--Select--Schedule 1Inj'

2018-05-30 17:24:02 - [TEST_STEP][PASSED] - delay: Delayed 1 second(s)

2018-05-30 17:24:03 - [MESSAGE][PASSED] - Delayed 1 second(s)

2018-05-30 17:24:03 - [TEST_STEP][PASSED] - selectOptionByIndex: All options with index in [53] are selected on object 'Object Repository/Store Request Schedule 1/Page_Store/select_--Select--Adernaline 0.'

2018-05-30 17:24:03 - [MESSAGE][PASSED] - All options with index in [53] are selected on object 'Object Repository/Store Request Schedule 1/Page_Store/select_--Select--Adernaline 0.'

2018-05-30 17:24:03 - [TEST_STEP][PASSED] - setText: Text '100' is set on object 'Object Repository/Store Request Schedule 1/Page_Store/input_txttreat'

2018-05-30 17:24:04 - [MESSAGE][PASSED] - Text '100' is set on object 'Object Repository/Store Request Schedule 1/Page_Store/input_txttreat'

2018-05-30 17:24:04 - [TEST_STEP][PASSED] - click: Object: 'Object Repository/Store Request Schedule 1/Page_Store/button_Add' is clicked on

2018-05-30 17:24:04 - [MESSAGE][PASSED] - Object: 'Object Repository/Store Request Schedule 1/Page_Store/button_Add' is clicked on

2018-05-30 17:24:49 - [TEST_STEP][PASSED] - selectOptionByIndex: All options with index in [2] are selected on object 'Object Repository/Store Request Schedule 1/Page_Store/select_--Select--Schedule 1Inj'

2018-05-30 17:24:49 - [MESSAGE][PASSED] - All options with index in [2] are selected on object 'Object Repository/Store Request Schedule 1/Page_Store/select_--Select--Schedule 1Inj'

2018-05-30 17:24:49 - [TEST_STEP][PASSED] - delay: Delayed 1 second(s)

2018-05-30 17:24:50 - [MESSAGE][PASSED] - Delayed 1 second(s)

2018-05-30 17:24:50 - [TEST_STEP][PASSED] - selectOptionByIndex: All options with index in [54] are selected on object 'Object Repository/Store Request Schedule 1/Page_Store/select_--Select--Adernaline 0.'

2018-05-30 17:24:51 - [MESSAGE][PASSED] - All options with index in [54] are selected on object 'Object Repository/Store Request Schedule 1/Page_Store/select_--Select--Adernaline 0.'

2018-05-30 17:24:51 - [TEST_STEP][PASSED] - setText: Text '100' is set on object 'Object Repository/Store Request Schedule 1/Page_Store/input_txttreat'

2018-05-30 17:24:51 - [MESSAGE][PASSED] - Text '100' is set on object 'Object Repository/Store Request Schedule 1/Page_Store/input_txttreat'

2018-05-30 17:24:51 - [TEST_STEP][PASSED] - click: Object: 'Object Repository/Store Request Schedule 1/Page_Store/button_Add' is clicked on

2018-05-30 17:24:51 - [MESSAGE][PASSED] - Object: 'Object Repository/Store Request Schedule 1/Page_Store/button_Add' is clicked on

2018-05-30 17:24:51 - [TEST_STEP][PASSED] - selectOptionByIndex: All options with index in [2] are selected on object 'Object Repository/Store Request Schedule 1/Page_Store/select_--Select--Schedule 1Inj'

2018-05-30 17:24:51 - [MESSAGE][PASSED] - All options with index in [2] are selected on object 'Object Repository/Store Request Schedule 1/Page_Store/select_--Select--Schedule 1Inj'

2018-05-30 17:24:51 - [TEST_STEP][PASSED] - delay: Delayed 1 second(s)

2018-05-30 17:24:52 - [MESSAGE][PASSED] - Delayed 1 second(s)

2018-05-30 17:24:52 - [TEST_STEP][PASSED] - selectOptionByIndex: All options with index in [55] are selected on object 'Object Repository/Store Request Schedule 1/Page_Store/select_--Select--Adernaline 0.'

2018-05-30 17:24:53 - [MESSAGE][PASSED] - All options with index in [55] are selected on object 'Object Repository/Store Request Schedule 1/Page_Store/select_--Select--Adernaline 0.'

2018-05-30 17:24:53 - [TEST_STEP][PASSED] - setText: Text '100' is set on object 'Object Repository/Store Request Schedule 1/Page_Store/input_txttreat'

2018-05-30 17:24:53 - [MESSAGE][PASSED] - Text '100' is set on object 'Object Repository/Store Request Schedule 1/Page_Store/input_txttreat'

2018-05-30 17:24:53 - [TEST_STEP][PASSED] - click: Object: 'Object Repository/Store Request Schedule 1/Page_Store/button_Add' is clicked on

2018-05-30 17:24:53 - [MESSAGE][PASSED] - Object: 'Object Repository/Store Request Schedule 1/Page_Store/button_Add' is clicked on

2018-05-30 17:24:53 - [TEST_STEP][PASSED] - selectOptionByIndex: All options with index in [2] are selected on object 'Object Repository/Store Request Schedule 1/Page_Store/select_--Select--Schedule 1Inj'

2018-05-30 17:24:53 - [MESSAGE][PASSED] - All options with index in [2] are selected on object 'Object Repository/Store Request Schedule 1/Page_Store/select_--Select--Schedule 1Inj'

2018-05-30 17:24:53 - [TEST_STEP][PASSED] - delay: Delayed 1 second(s)

2018-05-30 17:24:54 - [MESSAGE][PASSED] - Delayed 1 second(s)

2018-05-30 17:24:54 - [TEST_STEP][PASSED] - selectOptionByIndex: All options with index in [56] are selected on object 'Object Repository/Store Request Schedule 1/Page_Store/select_--Select--Adernaline 0.'

2018-05-30 17:24:55 - [MESSAGE][PASSED] - All options with index in [56] are selected on object 'Object Repository/Store Request Schedule 1/Page_Store/select_--Select--Adernaline 0.'

2018-05-30 17:24:55 - [TEST_STEP][PASSED] - setText: Text '100' is set on object 'Object Repository/Store Request Schedule 1/Page_Store/input_txttreat'

2018-05-30 17:24:55 - [MESSAGE][PASSED] - Text '100' is set on object 'Object Repository/Store Request Schedule 1/Page_Store/input_txttreat'

2018-05-30 17:24:55 - [TEST_STEP][PASSED] - click: Object: 'Object Repository/Store Request Schedule 1/Page_Store/button_Add' is clicked on

2018-05-30 17:24:59 - [MESSAGE][PASSED] - Object: 'Object Repository/Store Request Schedule 1/Page_Store/button_Add' is clicked on

2018-05-30 17:24:59 - [TEST_STEP][PASSED] - selectOptionByIndex: All options with index in [2] are selected on object 'Object Repository/Store Request Schedule 1/Page_Store/select_--Select--Schedule 1Inj'

2018-05-30 17:24:59 - [MESSAGE][PASSED] - All options with index in [2] are selected on object 'Object Repository/Store Request Schedule 1/Page_Store/select_--Select--Schedule 1Inj'

2018-05-30 17:24:59 - [TEST_STEP][PASSED] - delay: Delayed 1 second(s)

2018-05-30 17:25:00 - [MESSAGE][PASSED] - Delayed 1 second(s)

2018-05-30 17:25:00 - [TEST_STEP][PASSED] - selectOptionByIndex: All options with index in [57] are selected on object 'Object Repository/Store Request Schedule 1/Page_Store/select_--Select--Adernaline 0.'

2018-05-30 17:25:01 - [MESSAGE][PASSED] - All options with index in [57] are selected on object 'Object Repository/Store Request Schedule 1/Page_Store/select_--Select--Adernaline 0.'

2018-05-30 17:25:01 - [TEST_STEP][PASSED] - setText: Text '100' is set on object 'Object Repository/Store Request Schedule 1/Page_Store/input_txttreat'

2018-05-30 17:25:01 - [MESSAGE][PASSED] - Text '100' is set on object 'Object Repository/Store Request Schedule 1/Page_Store/input_txttreat'

2018-05-30 17:25:01 - [TEST_STEP][PASSED] - click: Object: 'Object Repository/Store Request Schedule 1/Page_Store/button_Add' is clicked on

2018-05-30 17:25:01 - [MESSAGE][PASSED] - Object: 'Object Repository/Store Request Schedule 1/Page_Store/button_Add' is clicked on

2018-05-30 17:25:01 - [TEST_STEP][PASSED] - selectOptionByIndex: All options with index in [2] are selected on object 'Object Repository/Store Request Schedule 1/Page_Store/select_--Select--Schedule 1Inj'

2018-05-30 17:25:01 - [MESSAGE][PASSED] - All options with index in [2] are selected on object 'Object Repository/Store Request Schedule 1/Page_Store/select_--Select--Schedule 1Inj'

2018-05-30 17:25:01 - [TEST_STEP][PASSED] - delay: Delayed 1 second(s)

2018-05-30 17:25:02 - [MESSAGE][PASSED] - Delayed 1 second(s)

2018-05-30 17:25:02 - [TEST_STEP][PASSED] - selectOptionByIndex: All options with index in [58] are selected on object 'Object Repository/Store Request Schedule 1/Page_Store/select_--Select--Adernaline 0.'

2018-05-30 17:25:03 - [MESSAGE][PASSED] - All options with index in [58] are selected on object 'Object Repository/Store Request Schedule 1/Page_Store/select_--Select--Adernaline 0.'

2018-05-30 17:25:03 - [TEST_STEP][PASSED] - setText: Text '100' is set on object 'Object Repository/Store Request Schedule 1/Page_Store/input_txttreat'

2018-05-30 17:25:03 - [MESSAGE][PASSED] - Text '100' is set on object 'Object Repository/Store Request Schedule 1/Page_Store/input_txttreat'

2018-05-30 17:25:03 - [TEST_STEP][PASSED] - click: Object: 'Object Repository/Store Request Schedule 1/Page_Store/button_Add' is clicked on

2018-05-30 17:25:03 - [MESSAGE][PASSED] - Object: 'Object Repository/Store Request Schedule 1/Page_Store/button_Add' is clicked on

2018-05-30 17:25:03 - [TEST_STEP][PASSED] - selectOptionByIndex: All options with index in [2] are selected on object 'Object Repository/Store Request Schedule 1/Page_Store/select_--Select--Schedule 1Inj'

2018-05-30 17:25:03 - [MESSAGE][PASSED] - All options with index in [2] are selected on object 'Object Repository/Store Request Schedule 1/Page_Store/select_--Select--Schedule 1Inj'

2018-05-30 17:25:03 - [TEST_STEP][PASSED] - delay: Delayed 1 second(s)

2018-05-30 17:25:04 - [MESSAGE][PASSED] - Delayed 1 second(s)

2018-05-30 17:25:04 - [TEST_STEP][PASSED] - selectOptionByIndex: All options with index in [59] are selected on object 'Object Repository/Store Request Schedule 1/Page_Store/select_--Select--Adernaline 0.'

2018-05-30 17:25:05 - [MESSAGE][PASSED] - All options with index in [59] are selected on object 'Object Repository/Store Request Schedule 1/Page_Store/select_--Select--Adernaline 0.'

2018-05-30 17:25:05 - [TEST_STEP][PASSED] - setText: Text '100' is set on object 'Object Repository/Store Request Schedule 1/Page_Store/input_txttreat'

2018-05-30 17:25:05 - [MESSAGE][PASSED] - Text '100' is set on object 'Object Repository/Store Request Schedule 1/Page_Store/input_txttreat'

2018-05-30 17:25:05 - [TEST_STEP][PASSED] - click: Object: 'Object Repository/Store Request Schedule 1/Page_Store/button_Add' is clicked on

2018-05-30 17:25:05 - [MESSAGE][PASSED] - Object: 'Object Repository/Store Request Schedule 1/Page_Store/button_Add' is clicked on

2018-05-30 17:25:05 - [TEST_STEP][PASSED] - selectOptionByIndex: All options with index in [2] are selected on object 'Object Repository/Store Request Schedule 1/Page_Store/select_--Select--Schedule 1Inj'

2018-05-30 17:25:05 - [MESSAGE][PASSED] - All options with index in [2] are selected on object 'Object Repository/Store Request Schedule 1/Page_Store/select_--Select--Schedule 1Inj'

2018-05-30 17:25:05 - [TEST_STEP][PASSED] - delay: Delayed 1 second(s)

2018-05-30 17:25:06 - [MESSAGE][PASSED] - Delayed 1 second(s)

2018-05-30 17:25:06 - [TEST_STEP][PASSED] - selectOptionByIndex: All options with index in [60] are selected on object 'Object Repository/Store Request Schedule 1/Page_Store/select_--Select--Adernaline 0.'

2018-05-30 17:25:07 - [MESSAGE][PASSED] - All options with index in [60] are selected on object 'Object Repository/Store Request Schedule 1/Page_Store/select_--Select--Adernaline 0.'

2018-05-30 17:25:07 - [TEST_STEP][PASSED] - setText: Text '100' is set on object 'Object Repository/Store Request Schedule 1/Page_Store/input_txttreat'

2018-05-30 17:25:07 - [MESSAGE][PASSED] - Text '100' is set on object 'Object Repository/Store Request Schedule 1/Page_Store/input_txttreat'

2018-05-30 17:25:07 - [TEST_STEP][PASSED] - click: Object: 'Object Repository/Store Request Schedule 1/Page_Store/button_Add' is clicked on

2018-05-30 17:25:07 - [MESSAGE][PASSED] - Object: 'Object Repository/Store Request Schedule 1/Page_Store/button_Add' is clicked on

2018-05-30 17:25:07 - [TEST_STEP][PASSED] - selectOptionByIndex: All options with index in [2] are selected on object 'Object Repository/Store Request Schedule 1/Page_Store/select_--Select--Schedule 1Inj'

2018-05-30 17:25:07 - [MESSAGE][PASSED] - All options with index in [2] are selected on object 'Object Repository/Store Request Schedule 1/Page_Store/select_--Select--Schedule 1Inj'

2018-05-30 17:25:07 - [TEST_STEP][PASSED] - delay: Delayed 1 second(s)

2018-05-30 17:25:08 - [MESSAGE][PASSED] - Delayed 1 second(s)

2018-05-30 17:25:08 - [TEST_STEP][PASSED] - selectOptionByIndex: All options with index in [61] are selected on object 'Object Repository/Store Request Schedule 1/Page_Store/select_--Select--Adernaline 0.'

2018-05-30 17:25:09 - [MESSAGE][PASSED] - All options with index in [61] are selected on object 'Object Repository/Store Request Schedule 1/Page_Store/select_--Select--Adernaline 0.'

2018-05-30 17:25:09 - [TEST_STEP][PASSED] - setText: Text '100' is set on object 'Object Repository/Store Request Schedule 1/Page_Store/input_txttreat'

2018-05-30 17:25:09 - [MESSAGE][PASSED] - Text '100' is set on object 'Object Repository/Store Request Schedule 1/Page_Store/input_txttreat'

2018-05-30 17:25:09 - [TEST_STEP][PASSED] - click: Object: 'Object Repository/Store Request Schedule 1/Page_Store/button_Add' is clicked on

2018-05-30 17:25:09 - [MESSAGE][PASSED] - Object: 'Object Repository/Store Request Schedule 1/Page_Store/button_Add' is clicked on

2018-05-30 17:25:09 - [TEST_STEP][PASSED] - selectOptionByIndex: All options with index in [2] are selected on object 'Object Repository/Store Request Schedule 1/Page_Store/select_--Select--Schedule 1Inj'

2018-05-30 17:25:09 - [MESSAGE][PASSED] - All options with index in [2] are selected on object 'Object Repository/Store Request Schedule 1/Page_Store/select_--Select--Schedule 1Inj'

2018-05-30 17:25:09 - [TEST_STEP][PASSED] - delay: Delayed 1 second(s)

2018-05-30 17:25:10 - [MESSAGE][PASSED] - Delayed 1 second(s)

2018-05-30 17:25:10 - [TEST_STEP][PASSED] - selectOptionByIndex: All options with index in [62] are selected on object 'Object Repository/Store Request Schedule 1/Page_Store/select_--Select--Adernaline 0.'

2018-05-30 17:25:11 - [MESSAGE][PASSED] - All options with index in [62] are selected on object 'Object Repository/Store Request Schedule 1/Page_Store/select_--Select--Adernaline 0.'

2018-05-30 17:25:11 - [TEST_STEP][PASSED] - setText: Text '100' is set on object 'Object Repository/Store Request Schedule 1/Page_Store/input_txttreat'

2018-05-30 17:25:11 - [MESSAGE][PASSED] - Text '100' is set on object 'Object Repository/Store Request Schedule 1/Page_Store/input_txttreat'

2018-05-30 17:25:11 - [TEST_STEP][PASSED] - click: Object: 'Object Repository/Store Request Schedule 1/Page_Store/button_Add' is clicked on

2018-05-30 17:25:11 - [MESSAGE][PASSED] - Object: 'Object Repository/Store Request Schedule 1/Page_Store/button_Add' is clicked on

2018-05-30 17:25:11 - [TEST_STEP][PASSED] - selectOptionByIndex: All options with index in [2] are selected on object 'Object Repository/Store Request Schedule 1/Page_Store/select_--Select--Schedule 1Inj'

2018-05-30 17:25:11 - [MESSAGE][PASSED] - All options with index in [2] are selected on object 'Object Repository/Store Request Schedule 1/Page_Store/select_--Select--Schedule 1Inj'

2018-05-30 17:25:11 - [TEST_STEP][PASSED] - delay: Delayed 1 second(s)

2018-05-30 17:25:12 - [MESSAGE][PASSED] - Delayed 1 second(s)

2018-05-30 17:25:12 - [TEST_STEP][PASSED] - selectOptionByIndex: All options with index in [63] are selected on object 'Object Repository/Store Request Schedule 1/Page_Store/select_--Select--Adernaline 0.'

2018-05-30 17:25:13 - [MESSAGE][PASSED] - All options with index in [63] are selected on object 'Object Repository/Store Request Schedule 1/Page_Store/select_--Select--Adernaline 0.'

2018-05-30 17:25:13 - [TEST_STEP][PASSED] - setText: Text '100' is set on object 'Object Repository/Store Request Schedule 1/Page_Store/input_txttreat'

2018-05-30 17:25:13 - [MESSAGE][PASSED] - Text '100' is set on object 'Object Repository/Store Request Schedule 1/Page_Store/input_txttreat'

2018-05-30 17:25:13 - [TEST_STEP][PASSED] - click: Object: 'Object Repository/Store Request Schedule 1/Page_Store/button_Add' is clicked on

2018-05-30 17:25:13 - [MESSAGE][PASSED] - Object: 'Object Repository/Store Request Schedule 1/Page_Store/button_Add' is clicked on

2018-05-30 17:25:13 - [TEST_STEP][PASSED] - selectOptionByIndex: All options with index in [2] are selected on object 'Object Repository/Store Request Schedule 1/Page_Store/select_--Select--Schedule 1Inj'

2018-05-30 17:25:13 - [MESSAGE][PASSED] - All options with index in [2] are selected on object 'Object Repository/Store Request Schedule 1/Page_Store/select_--Select--Schedule 1Inj'

2018-05-30 17:25:13 - [TEST_STEP][PASSED] - delay: Delayed 1 second(s)

2018-05-30 17:25:14 - [MESSAGE][PASSED] - Delayed 1 second(s)

2018-05-30 17:25:14 - [TEST_STEP][PASSED] - selectOptionByIndex: All options with index in [64] are selected on object 'Object Repository/Store Request Schedule 1/Page_Store/select_--Select--Adernaline 0.'

2018-05-30 17:25:15 - [MESSAGE][PASSED] - All options with index in [64] are selected on object 'Object Repository/Store Request Schedule 1/Page_Store/select_--Select--Adernaline 0.'

2018-05-30 17:25:15 - [TEST_STEP][PASSED] - setText: Text '100' is set on object 'Object Repository/Store Request Schedule 1/Page_Store/input_txttreat'

2018-05-30 17:25:15 - [MESSAGE][PASSED] - Text '100' is set on object 'Object Repository/Store Request Schedule 1/Page_Store/input_txttreat'

2018-05-30 17:25:15 - [TEST_STEP][PASSED] - click: Object: 'Object Repository/Store Request Schedule 1/Page_Store/button_Add' is clicked on

2018-05-30 17:25:15 - [MESSAGE][PASSED] - Object: 'Object Repository/Store Request Schedule 1/Page_Store/button_Add' is clicked on

2018-05-30 17:25:15 - [TEST_STEP][PASSED] - selectOptionByIndex: All options with index in [2] are selected on object 'Object Repository/Store Request Schedule 1/Page_Store/select_--Select--Schedule 1Inj'

2018-05-30 17:25:15 - [MESSAGE][PASSED] - All options with index in [2] are selected on object 'Object Repository/Store Request Schedule 1/Page_Store/select_--Select--Schedule 1Inj'

2018-05-30 17:25:15 - [TEST_STEP][PASSED] - delay: Delayed 1 second(s)

2018-05-30 17:25:16 - [MESSAGE][PASSED] - Delayed 1 second(s)

2018-05-30 17:25:16 - [TEST_STEP][PASSED] - selectOptionByIndex: All options with index in [65] are selected on object 'Object Repository/Store Request Schedule 1/Page_Store/select_--Select--Adernaline 0.'

2018-05-30 17:25:17 - [MESSAGE][PASSED] - All options with index in [65] are selected on object 'Object Repository/Store Request Schedule 1/Page_Store/select_--Select--Adernaline 0.'

2018-05-30 17:25:17 - [TEST_STEP][PASSED] - setText: Text '100' is set on object 'Object Repository/Store Request Schedule 1/Page_Store/input_txttreat'

2018-05-30 17:25:17 - [MESSAGE][PASSED] - Text '100' is set on object 'Object Repository/Store Request Schedule 1/Page_Store/input_txttreat'

2018-05-30 17:25:17 - [TEST_STEP][PASSED] - click: Object: 'Object Repository/Store Request Schedule 1/Page_Store/button_Add' is clicked on

2018-05-30 17:25:17 - [MESSAGE][PASSED] - Object: 'Object Repository/Store Request Schedule 1/Page_Store/button_Add' is clicked on

2018-05-30 17:25:17 - [TEST_STEP][PASSED] - selectOptionByIndex: All options with index in [2] are selected on object 'Object Repository/Store Request Schedule 1/Page_Store/select_--Select--Schedule 1Inj'

2018-05-30 17:25:18 - [MESSAGE][PASSED] - All options with index in [2] are selected on object 'Object Repository/Store Request Schedule 1/Page_Store/select_--Select--Schedule 1Inj'

2018-05-30 17:25:18 - [TEST_STEP][PASSED] - delay: Delayed 1 second(s)

2018-05-30 17:25:19 - [MESSAGE][PASSED] - Delayed 1 second(s)

2018-05-30 17:25:19 - [TEST_STEP][PASSED] - selectOptionByIndex: All options with index in [66] are selected on object 'Object Repository/Store Request Schedule 1/Page_Store/select_--Select--Adernaline 0.'

2018-05-30 17:25:19 - [MESSAGE][PASSED] - All options with index in [66] are selected on object 'Object Repository/Store Request Schedule 1/Page_Store/select_--Select--Adernaline 0.'

2018-05-30 17:25:19 - [TEST_STEP][PASSED] - setText: Text '100' is set on object 'Object Repository/Store Request Schedule 1/Page_Store/input_txttreat'

2018-05-30 17:25:19 - [MESSAGE][PASSED] - Text '100' is set on object 'Object Repository/Store Request Schedule 1/Page_Store/input_txttreat'

2018-05-30 17:25:19 - [TEST_STEP][PASSED] - click: Object: 'Object Repository/Store Request Schedule 1/Page_Store/button_Add' is clicked on

2018-05-30 17:25:20 - [MESSAGE][PASSED] - Object: 'Object Repository/Store Request Schedule 1/Page_Store/button_Add' is clicked on

2018-05-30 17:25:20 - [TEST_STEP][PASSED] - selectOptionByIndex: All options with index in [2] are selected on object 'Object Repository/Store Request Schedule 1/Page_Store/select_--Select--Schedule 1Inj'

2018-05-30 17:25:20 - [MESSAGE][PASSED] - All options with index in [2] are selected on object 'Object Repository/Store Request Schedule 1/Page_Store/select_--Select--Schedule 1Inj'

2018-05-30 17:25:20 - [TEST_STEP][PASSED] - delay: Delayed 1 second(s)

2018-05-30 17:25:21 - [MESSAGE][PASSED] - Delayed 1 second(s)

2018-05-30 17:25:21 - [TEST_STEP][PASSED] - selectOptionByIndex: All options with index in [67] are selected on object 'Object Repository/Store Request Schedule 1/Page_Store/select_--Select--Adernaline 0.'

2018-05-30 17:25:22 - [MESSAGE][PASSED] - All options with index in [67] are selected on object 'Object Repository/Store Request Schedule 1/Page_Store/select_--Select--Adernaline 0.'

2018-05-30 17:25:22 - [TEST_STEP][PASSED] - setText: Text '100' is set on object 'Object Repository/Store Request Schedule 1/Page_Store/input_txttreat'

2018-05-30 17:25:22 - [MESSAGE][PASSED] - Text '100' is set on object 'Object Repository/Store Request Schedule 1/Page_Store/input_txttreat'

2018-05-30 17:25:22 - [TEST_STEP][PASSED] - click: Object: 'Object Repository/Store Request Schedule 1/Page_Store/button_Add' is clicked on

2018-05-30 17:25:22 - [MESSAGE][PASSED] - Object: 'Object Repository/Store Request Schedule 1/Page_Store/button_Add' is clicked on

2018-05-30 17:25:22 - [TEST_STEP][PASSED] - selectOptionByIndex: All options with index in [2] are selected on object 'Object Repository/Store Request Schedule 1/Page_Store/select_--Select--Schedule 1Inj'

2018-05-30 17:25:22 - [MESSAGE][PASSED] - All options with index in [2] are selected on object 'Object Repository/Store Request Schedule 1/Page_Store/select_--Select--Schedule 1Inj'

2018-05-30 17:25:22 - [TEST_STEP][PASSED] - delay: Delayed 1 second(s)

2018-05-30 17:25:23 - [MESSAGE][PASSED] - Delayed 1 second(s)

2018-05-30 17:25:23 - [TEST_STEP][PASSED] - selectOptionByIndex: All options with index in [68] are selected on object 'Object Repository/Store Request Schedule 1/Page_Store/select_--Select--Adernaline 0.'

2018-05-30 17:25:24 - [MESSAGE][PASSED] - All options with index in [68] are selected on object 'Object Repository/Store Request Schedule 1/Page_Store/select_--Select--Adernaline 0.'

2018-05-30 17:25:24 - [TEST_STEP][PASSED] - setText: Text '100' is set on object 'Object Repository/Store Request Schedule 1/Page_Store/input_txttreat'

2018-05-30 17:25:24 - [MESSAGE][PASSED] - Text '100' is set on object 'Object Repository/Store Request Schedule 1/Page_Store/input_txttreat'

2018-05-30 17:25:24 - [TEST_STEP][PASSED] - click: Object: 'Object Repository/Store Request Schedule 1/Page_Store/button_Add' is clicked on

2018-05-30 17:25:24 - [MESSAGE][PASSED] - Object: 'Object Repository/Store Request Schedule 1/Page_Store/button_Add' is clicked on

2018-05-30 17:25:24 - [TEST_STEP][PASSED] - selectOptionByIndex: All options with index in [2] are selected on object 'Object Repository/Store Request Schedule 1/Page_Store/select_--Select--Schedule 1Inj'

2018-05-30 17:25:24 - [MESSAGE][PASSED] - All options with index in [2] are selected on object 'Object Repository/Store Request Schedule 1/Page_Store/select_--Select--Schedule 1Inj'

2018-05-30 17:25:24 - [TEST_STEP][PASSED] - delay: Delayed 1 second(s)

2018-05-30 17:25:25 - [MESSAGE][PASSED] - Delayed 1 second(s)

2018-05-30 17:25:25 - [TEST_STEP][PASSED] - selectOptionByIndex: All options with index in [69] are selected on object 'Object Repository/Store Request Schedule 1/Page_Store/select_--Select--Adernaline 0.'

2018-05-30 17:25:26 - [MESSAGE][PASSED] - All options with index in [69] are selected on object 'Object Repository/Store Request Schedule 1/Page_Store/select_--Select--Adernaline 0.'

2018-05-30 17:25:26 - [TEST_STEP][PASSED] - setText: Text '100' is set on object 'Object Repository/Store Request Schedule 1/Page_Store/input_txttreat'

2018-05-30 17:25:26 - [MESSAGE][PASSED] - Text '100' is set on object 'Object Repository/Store Request Schedule 1/Page_Store/input_txttreat'

2018-05-30 17:25:26 - [TEST_STEP][PASSED] - click: Object: 'Object Repository/Store Request Schedule 1/Page_Store/button_Add' is clicked on

2018-05-30 17:25:26 - [MESSAGE][PASSED] - Object: 'Object Repository/Store Request Schedule 1/Page_Store/button_Add' is clicked on

2018-05-30 17:25:26 - [TEST_STEP][PASSED] - selectOptionByIndex: All options with index in [2] are selected on object 'Object Repository/Store Request Schedule 1/Page_Store/select_--Select--Schedule 1Inj'

2018-05-30 17:25:26 - [MESSAGE][PASSED] - All options with index in [2] are selected on object 'Object Repository/Store Request Schedule 1/Page_Store/select_--Select--Schedule 1Inj'

2018-05-30 17:25:26 - [TEST_STEP][PASSED] - delay: Delayed 1 second(s)

2018-05-30 17:25:27 - [MESSAGE][PASSED] - Delayed 1 second(s)

2018-05-30 17:25:27 - [TEST_STEP][PASSED] - selectOptionByIndex: All options with index in [70] are selected on object 'Object Repository/Store Request Schedule 1/Page_Store/select_--Select--Adernaline 0.'

2018-05-30 17:25:28 - [MESSAGE][PASSED] - All options with index in [70] are selected on object 'Object Repository/Store Request Schedule 1/Page_Store/select_--Select--Adernaline 0.'

2018-05-30 17:25:28 - [TEST_STEP][PASSED] - setText: Text '100' is set on object 'Object Repository/Store Request Schedule 1/Page_Store/input_txttreat'

2018-05-30 17:25:28 - [MESSAGE][PASSED] - Text '100' is set on object 'Object Repository/Store Request Schedule 1/Page_Store/input_txttreat'

2018-05-30 17:25:28 - [TEST_STEP][PASSED] - click: Object: 'Object Repository/Store Request Schedule 1/Page_Store/button_Add' is clicked on

2018-05-30 17:25:28 - [MESSAGE][PASSED] - Object: 'Object Repository/Store Request Schedule 1/Page_Store/button_Add' is clicked on

2018-05-30 17:25:28 - [TEST_STEP][PASSED] - selectOptionByIndex: All options with index in [2] are selected on object 'Object Repository/Store Request Schedule 1/Page_Store/select_--Select--Schedule 1Inj'

2018-05-30 17:25:28 - [MESSAGE][PASSED] - All options with index in [2] are selected on object 'Object Repository/Store Request Schedule 1/Page_Store/select_--Select--Schedule 1Inj'

2018-05-30 17:25:28 - [TEST_STEP][PASSED] - delay: Delayed 1 second(s)

2018-05-30 17:25:29 - [MESSAGE][PASSED] - Delayed 1 second(s)

2018-05-30 17:25:29 - [TEST_STEP][PASSED] - selectOptionByIndex: All options with index in [71] are selected on object 'Object Repository/Store Request Schedule 1/Page_Store/select_--Select--Adernaline 0.'

2018-05-30 17:25:30 - [MESSAGE][PASSED] - All options with index in [71] are selected on object 'Object Repository/Store Request Schedule 1/Page_Store/select_--Select--Adernaline 0.'

2018-05-30 17:25:30 - [TEST_STEP][PASSED] - setText: Text '100' is set on object 'Object Repository/Store Request Schedule 1/Page_Store/input_txttreat'

2018-05-30 17:25:30 - [MESSAGE][PASSED] - Text '100' is set on object 'Object Repository/Store Request Schedule 1/Page_Store/input_txttreat'

2018-05-30 17:25:30 - [TEST_STEP][PASSED] - click: Object: 'Object Repository/Store Request Schedule 1/Page_Store/button_Add' is clicked on

2018-05-30 17:25:30 - [MESSAGE][PASSED] - Object: 'Object Repository/Store Request Schedule 1/Page_Store/button_Add' is clicked on

2018-05-30 17:25:30 - [TEST_STEP][PASSED] - selectOptionByIndex: All options with index in [2] are selected on object 'Object Repository/Store Request Schedule 1/Page_Store/select_--Select--Schedule 1Inj'

2018-05-30 17:25:30 - [MESSAGE][PASSED] - All options with index in [2] are selected on object 'Object Repository/Store Request Schedule 1/Page_Store/select_--Select--Schedule 1Inj'

2018-05-30 17:25:30 - [TEST_STEP][PASSED] - delay: Delayed 1 second(s)

2018-05-30 17:25:31 - [MESSAGE][PASSED] - Delayed 1 second(s)

2018-05-30 17:25:31 - [TEST_STEP][PASSED] - selectOptionByIndex: All options with index in [72] are selected on object 'Object Repository/Store Request Schedule 1/Page_Store/select_--Select--Adernaline 0.'

2018-05-30 17:25:32 - [MESSAGE][PASSED] - All options with index in [72] are selected on object 'Object Repository/Store Request Schedule 1/Page_Store/select_--Select--Adernaline 0.'

2018-05-30 17:25:32 - [TEST_STEP][PASSED] - setText: Text '100' is set on object 'Object Repository/Store Request Schedule 1/Page_Store/input_txttreat'

2018-05-30 17:25:32 - [MESSAGE][PASSED] - Text '100' is set on object 'Object Repository/Store Request Schedule 1/Page_Store/input_txttreat'

2018-05-30 17:25:32 - [TEST_STEP][PASSED] - click: Object: 'Object Repository/Store Request Schedule 1/Page_Store/button_Add' is clicked on

2018-05-30 17:25:32 - [MESSAGE][PASSED] - Object: 'Object Repository/Store Request Schedule 1/Page_Store/button_Add' is clicked on

2018-05-30 17:25:32 - [TEST_STEP][PASSED] - delay: Delayed 2 second(s)

2018-05-30 17:25:34 - [MESSAGE][PASSED] - Delayed 2 second(s)

2018-05-30 17:25:34 - [TEST_STEP][PASSED] - scrollToElement: Scroll to object 'Object Repository/Store Request Schedule 1/Page_Store/input_btnsave' successfully

2018-05-30 17:25:34 - [MESSAGE][PASSED] - Scroll to object 'Object Repository/Store Request Schedule 1/Page_Store/input_btnsave' successfully

2018-05-30 17:25:34 - [TEST_STEP][PASSED] - click: Object: 'Object Repository/Store Request Schedule 1/Page_Store/input_btnsave' is clicked on

2018-05-30 17:25:35 - [MESSAGE][PASSED] - Object: 'Object Repository/Store Request Schedule 1/Page_Store/input_btnsave' is clicked on

2018-05-30 17:25:35 - [TEST_STEP][PASSED] - delay: Delayed 4 second(s)

2018-05-30 17:25:39 - [MESSAGE][PASSED] - Delayed 4 second(s)

2018-05-30 17:25:39 - [TEST_STEP][PASSED] - Statement - Cms_RequestNumber = com.kms.katalon.core.webui.keyword.WebUiBuiltInKeywords.getText(com.kms.katalon.core.testobject.ObjectRepository.findTestObject(Store Request Schedule 1/Page_Store/font_PRNO050520189)): Text of object 'Object Repository/Store Request Schedule 1/Page_Store/font_PRNO050520189' is: 'PRNO/30052018/476'

2018-05-30 17:25:39 - [MESSAGE][PASSED] - Text of object 'Object Repository/Store Request Schedule 1/Page_Store/font_PRNO050520189' is: 'PRNO/30052018/476'

2018-05-30 17:25:39 - [TEST_STEP][PASSED] - Statement - CR = Cms_RequestNumber.trim(): null

2018-05-30 17:25:39 - [TEST_STEP][PASSED] - Statement - out.println("RQ :" + Cms_RequestNumber): null

2018-05-30 17:25:39 - [TEST_STEP][PASSED] - Statement - RequestNumberID = Cms_RequestNumber.split("/")[2].trim(): null

2018-05-30 17:25:39 - [TEST_STEP][PASSED] - Statement - out.println("RQ ID :" + RequestNumberID): null

2018-05-30 17:25:39 - [TEST_STEP][PASSED] - delay: Delayed 3 second(s)

2018-05-30 17:25:42 - [MESSAGE][PASSED] - Delayed 3 second(s)

2018-05-30 17:25:42 - [TEST_STEP][PASSED] - Statement - ok = com.kms.katalon.core.webui.keyword.WebUiBuiltInKeywords.click(com.kms.katalon.core.testobject.ObjectRepository.findTestObject(Store Request Schedule 1/Page_Store/button_OK)): Object: 'Object Repository/Store Request Schedule 1/Page_Store/button_OK' is clicked on

2018-05-30 17:25:43 - [MESSAGE][PASSED] - Object: 'Object Repository/Store Request Schedule 1/Page_Store/button_OK' is clicked on

2018-05-30 17:25:43 - [TEST_STEP][PASSED] - delay: Delayed 3 second(s)

2018-05-30 17:25:46 - [MESSAGE][PASSED] - Delayed 3 second(s)

2018-05-30 17:25:46 - [TEST_STEP][PASSED] - click: Object: 'Object Repository/Store Request Schedule 1/Page_Store/a_dropdown-toggle' is clicked on

2018-05-30 17:25:46 - [MESSAGE][PASSED] - Object: 'Object Repository/Store Request Schedule 1/Page_Store/a_dropdown-toggle' is clicked on

2018-05-30 17:25:46 - [TEST_STEP][PASSED] - click: Object: 'Object Repository/Store Request Schedule 1/Page_Store/a_Sign out' is clicked on

2018-05-30 17:25:47 - [MESSAGE][PASSED] - Object: 'Object Repository/Store Request Schedule 1/Page_Store/a_Sign out' is clicked on

2018-05-30 17:25:47 - [TEST_STEP][PASSED] - delay: Delayed 3 second(s)

2018-05-30 17:25:50 - [MESSAGE][PASSED] - Delayed 3 second(s)

2018-05-30 17:25:50 - [TEST_STEP][PASSED] - click: Object: 'Object Repository/Store Request Schedule 1/Page_KDMC/a_CMO' is clicked on

2018-05-30 17:25:50 - [MESSAGE][PASSED] - Object: 'Object Repository/Store Request Schedule 1/Page_KDMC/a_CMO' is clicked on

2018-05-30 17:25:50 - [TEST_STEP][PASSED] - setText: Text 'guru' is set on object 'Object Repository/Store Request Schedule 1/Page_CMO login/input_txtusername'

2018-05-30 17:26:48 - [MESSAGE][PASSED] - Text 'guru' is set on object 'Object Repository/Store Request Schedule 1/Page_CMO login/input_txtusername'

2018-05-30 17:26:48 - [TEST_STEP][PASSED] - setText: Text '123' is set on object 'Object Repository/Store Request Schedule 1/Page_CMO login/input_txtpassword'

2018-05-30 17:26:48 - [MESSAGE][PASSED] - Text '123' is set on object 'Object Repository/Store Request Schedule 1/Page_CMO login/input_txtpassword'

2018-05-30 17:26:48 - [TEST_STEP][PASSED] - delay: Delayed 3 second(s)

2018-05-30 17:26:51 - [MESSAGE][PASSED] - Delayed 3 second(s)

2018-05-30 17:26:51 - [TEST_STEP][PASSED] - click: Object: 'Object Repository/Store Request Schedule 1/Page_CMO login/button_Sign in' is clicked on

2018-05-30 17:26:52 - [MESSAGE][PASSED] - Object: 'Object Repository/Store Request Schedule 1/Page_CMO login/button_Sign in' is clicked on

2018-05-30 17:26:52 - [TEST_STEP][PASSED] - delay: Delayed 2 second(s)

2018-05-30 17:26:54 - [MESSAGE][PASSED] - Delayed 2 second(s)

2018-05-30 17:26:54 - [TEST_STEP][PASSED] - click: Object: 'Object Repository/Store Request Schedule 1/Page_KDMC - CMO/span_Department Wise Request' is clicked on

2018-05-30 17:26:55 - [MESSAGE][PASSED] - Object: 'Object Repository/Store Request Schedule 1/Page_KDMC - CMO/span_Department Wise Request' is clicked on

2018-05-30 17:26:55 - [TEST_STEP][PASSED] - click: Object: 'Object Repository/Store Request Schedule 1/Page_KDMC - CMO/a_CMS Request' is clicked on

2018-05-30 17:26:55 - [MESSAGE][PASSED] - Object: 'Object Repository/Store Request Schedule 1/Page_KDMC - CMO/a_CMS Request' is clicked on

2018-05-30 17:26:55 - [TEST_STEP][PASSED] - click: Object: 'Object Repository/Store Request Schedule 1/Page_KDMC - CMO/a_CMS Request' is clicked on

2018-05-30 17:26:55 - [MESSAGE][PASSED] - Object: 'Object Repository/Store Request Schedule 1/Page_KDMC - CMO/a_CMS Request' is clicked on

2018-05-30 17:26:55 - [TEST_STEP][PASSED] - click: Object: 'Object Repository/Store Request Schedule 1/Page_KDMC - CMO/span_Divisional Store Request' is clicked on

2018-05-30 17:26:57 - [MESSAGE][PASSED] - Object: 'Object Repository/Store Request Schedule 1/Page_KDMC - CMO/span_Divisional Store Request' is clicked on

2018-05-30 17:26:57 - [TEST_STEP][PASSED] - delay: Delayed 2 second(s)

2018-05-30 17:26:59 - [MESSAGE][PASSED] - Delayed 2 second(s)

2018-05-30 17:26:59 - [TEST_STEP][PASSED] - Statement - approval = com.kms.katalon.core.webui.keyword.WebUiBuiltInKeywords.modifyObjectProperty(com.kms.katalon.core.testobject.ObjectRepository.findTestObject(Store Request Schedule 1/Page_KDMC - CMO/input_PRNO050520189), "xpath", "equals", "//*[@id=" + RequestNumberID + "]", true): Modify property of object successfully

2018-05-30 17:26:59 - [MESSAGE][PASSED] - Modify property of object successfully

2018-05-30 17:26:59 - [TEST_STEP][PASSED] - click: Object: 'Object Repository/Store Request Schedule 1/Page_KDMC - CMO/input_PRNO050520189' is clicked on

2018-05-30 17:26:59 - [MESSAGE][PASSED] - Object: 'Object Repository/Store Request Schedule 1/Page_KDMC - CMO/input_PRNO050520189' is clicked on

2018-05-30 17:26:59 - [TEST_STEP][PASSED] - delay: Delayed 2 second(s)

2018-05-30 17:27:01 - [MESSAGE][PASSED] - Delayed 2 second(s)

2018-05-30 17:27:01 - [TEST_STEP][PASSED] - selectOptionByIndex: All options with index in [1] are selected on object 'Object Repository/Store Request Schedule 1/Page_KDMC - CMO/select_--Select--'

2018-05-30 17:27:01 - [MESSAGE][PASSED] - All options with index in [1] are selected on object 'Object Repository/Store Request Schedule 1/Page_KDMC - CMO/select_--Select--'

2018-05-30 17:27:01 - [TEST_STEP][PASSED] - click: Object: 'Object Repository/Store Request Schedule 1/Page_KDMC - CMO/input_btnupdate' is clicked on

2018-05-30 17:27:01 - [MESSAGE][PASSED] - Object: 'Object Repository/Store Request Schedule 1/Page_KDMC - CMO/input_btnupdate' is clicked on

2018-05-30 17:27:01 - [TEST_STEP][PASSED] - delay: Delayed 2 second(s)

2018-05-30 17:27:03 - [MESSAGE][PASSED] - Delayed 2 second(s)

2018-05-30 17:27:03 - [TEST_STEP][PASSED] - click: Object: 'Object Repository/Store Request Schedule 1/Page_KDMC - CMO/button_OK' is clicked on

2018-05-30 17:27:05 - [MESSAGE][PASSED] - Object: 'Object Repository/Store Request Schedule 1/Page_KDMC - CMO/button_OK' is clicked on

2018-05-30 17:27:05 - [TEST_STEP][PASSED] - delay: Delayed 2 second(s)

2018-05-30 17:27:07 - [MESSAGE][PASSED] - Delayed 2 second(s)

2018-05-30 17:27:07 - [TEST_STEP][PASSED] - click: Object: 'Object Repository/Store Request Schedule 1/Page_KDMC - CMO/a_dropdown-toggle' is clicked on

2018-05-30 17:27:07 - [MESSAGE][PASSED] - Object: 'Object Repository/Store Request Schedule 1/Page_KDMC - CMO/a_dropdown-toggle' is clicked on

2018-05-30 17:27:07 - [TEST_STEP][PASSED] - click: Object: 'Object Repository/Store Request Schedule 1/Page_KDMC - CMO/a_Sign out' is clicked on

2018-05-30 17:27:07 - [MESSAGE][PASSED] - Object: 'Object Repository/Store Request Schedule 1/Page_KDMC - CMO/a_Sign out' is clicked on

2018-05-30 17:27:07 - [TEST_STEP][PASSED] - delay: Delayed 3 second(s)

2018-05-30 17:27:10 - [MESSAGE][PASSED] - Delayed 3 second(s)

2018-05-30 17:27:10 - [TEST_STEP][PASSED] - click: Object: 'Object Repository/store Request Schedule 1/Page_KDMC/a_CMS' is clicked on

2018-05-30 17:27:11 - [MESSAGE][PASSED] - Object: 'Object Repository/store Request Schedule 1/Page_KDMC/a_CMS' is clicked on

2018-05-30 17:27:11 - [TEST_STEP][PASSED] - setText: Text 'bala' is set on object 'Object Repository/store Request Schedule 1/Page_CMS login/input_txtusername'

2018-05-30 17:27:11 - [MESSAGE][PASSED] - Text 'bala' is set on object 'Object Repository/store Request Schedule 1/Page_CMS login/input_txtusername'

2018-05-30 17:27:11 - [TEST_STEP][PASSED] - setText: Text '123' is set on object 'Object Repository/store Request Schedule 1/Page_CMS login/input_txtpassword'

2018-05-30 17:27:11 - [MESSAGE][PASSED] - Text '123' is set on object 'Object Repository/store Request Schedule 1/Page_CMS login/input_txtpassword'

2018-05-30 17:27:11 - [TEST_STEP][PASSED] - delay: Delayed 3 second(s)

2018-05-30 17:27:14 - [MESSAGE][PASSED] - Delayed 3 second(s)

2018-05-30 17:27:14 - [TEST_STEP][PASSED] - click: Object: 'Object Repository/store Request Schedule 1/Page_CMS login/button_Sign in' is clicked on

2018-05-30 17:27:15 - [MESSAGE][PASSED] - Object: 'Object Repository/store Request Schedule 1/Page_CMS login/button_Sign in' is clicked on

2018-05-30 17:27:15 - [TEST_STEP][PASSED] - delay: Delayed 2 second(s)

2018-05-30 17:27:17 - [MESSAGE][PASSED] - Delayed 2 second(s)

2018-05-30 17:27:17 - [TEST_STEP][PASSED] - click: Object: 'Object Repository/store Request Schedule 1/Page_KDMC - CMS/a_Divisional Store' is clicked on

2018-05-30 17:27:17 - [MESSAGE][PASSED] - Object: 'Object Repository/store Request Schedule 1/Page_KDMC - CMS/a_Divisional Store' is clicked on

2018-05-30 17:27:17 - [TEST_STEP][PASSED] - delay: Delayed 2 second(s)

2018-05-30 17:27:19 - [MESSAGE][PASSED] - Delayed 2 second(s)

2018-05-30 17:27:19 - [TEST_STEP][PASSED] - click: Object: 'Object Repository/store Request Schedule 1/Page_KDMC - CMS/a_Dispatch Items' is clicked on

2018-05-30 17:27:19 - [MESSAGE][PASSED] - Object: 'Object Repository/store Request Schedule 1/Page_KDMC - CMS/a_Dispatch Items' is clicked on

2018-05-30 17:27:19 - [TEST_STEP][PASSED] - setText: Text 'PRNO/30052018/476' is set on object 'Object Repository/store Request Schedule 1/Page_KDMC - CMS/input'

2018-05-30 17:27:20 - [MESSAGE][PASSED] - Text 'PRNO/30052018/476' is set on object 'Object Repository/store Request Schedule 1/Page_KDMC - CMS/input'

2018-05-30 17:27:20 - [TEST_STEP][PASSED] - click: Object: 'Object Repository/store Request Schedule 1/Page_KDMC - CMS/td_text-center' is clicked on

2018-05-30 17:27:20 - [MESSAGE][PASSED] - Object: 'Object Repository/store Request Schedule 1/Page_KDMC - CMS/td_text-center' is clicked on

2018-05-30 17:27:20 - [TEST_STEP][PASSED] - delay: Delayed 2 second(s)

2018-05-30 17:27:22 - [MESSAGE][PASSED] - Delayed 2 second(s)

2018-05-30 17:27:22 - [TEST_STEP][PASSED] - Statement - For ([row = 0, row < SelectedOptions - 1, (row++)]): null

2018-05-30 17:27:22 - [TEST_STEP][PASSED] - Statement - batchlength = new com.kms.katalon.core.testobject.TestObject(): null

2018-05-30 17:27:22 - [TEST_STEP][PASSED] - Statement - batchlength = com.kms.katalon.core.webui.keyword.WebUiBuiltInKeywords.modifyObjectProperty(batchlength, "xpath", "equals", "//*[@id = "fldvendor" + row + ""]", true): Modify property of object successfully

2018-05-30 17:27:22 - [MESSAGE][PASSED] - Modify property of object successfully

2018-05-30 17:27:22 - [TEST_STEP][PASSED] - Statement - batchsize = com.kms.katalon.core.webui.keyword.WebUiBuiltInKeywords.getNumberOfTotalOption(batchlength): 8 options of object '' counted

2018-05-30 17:27:23 - [MESSAGE][PASSED] - 8 options of object '' counted

2018-05-30 17:27:23 - [TEST_STEP][PASSED] - Statement - out.println("BatchSize : " + batchsize): null

2018-05-30 17:27:23 - [TEST_STEP][PASSED] - Statement - For ([n = 1, n <= batchsize - 1, (n++)]): null

2018-05-30 17:27:23 - [TEST_STEP][PASSED] - Statement - product = new com.kms.katalon.core.testobject.TestObject(): null

2018-05-30 17:27:23 - [TEST_STEP][PASSED] - Statement - product = com.kms.katalon.core.webui.keyword.WebUiBuiltInKeywords.modifyObjectProperty(product, "xpath", "equals", "//*[@id = "fldvendor" + row + ""]", true): Modify property of object successfully

2018-05-30 17:27:23 - [MESSAGE][PASSED] - Modify property of object successfully

2018-05-30 17:27:23 - [TEST_STEP][PASSED] - selectOptionByIndex: All options with index in [1] are selected on object ''

2018-05-30 17:27:23 - [MESSAGE][PASSED] - All options with index in [1] are selected on object ''

2018-05-30 17:27:23 - [TEST_STEP][PASSED] - delay: Delayed 2 second(s)

2018-05-30 17:27:25 - [MESSAGE][PASSED] - Delayed 2 second(s)

2018-05-30 17:27:25 - [TEST_STEP][PASSED] - Statement - batch = new com.kms.katalon.core.testobject.TestObject(): null

2018-05-30 17:27:25 - [TEST_STEP][PASSED] - Statement - batch = com.kms.katalon.core.webui.keyword.WebUiBuiltInKeywords.modifyObjectProperty(batch, "xpath", "equals", "//*[@id = "txtbthqty" + row + ""]", true): Modify property of object successfully

2018-05-30 17:27:25 - [MESSAGE][PASSED] - Modify property of object successfully

2018-05-30 17:27:25 - [TEST_STEP][PASSED] - Statement - batchqty = com.kms.katalon.core.webui.keyword.WebUiBuiltInKeywords.getAttribute(batch, "value").trim(): Attribute 'value' of object '' is: '37800'

2018-05-30 17:27:25 - [MESSAGE][PASSED] - Attribute 'value' of object '' is: '37800'

2018-05-30 17:27:25 - [TEST_STEP][PASSED] - Statement - Rqty = 100: null

2018-05-30 17:27:25 - [TEST_STEP][PASSED] - Statement - out.println("BatchQty : " + batchqty): null

2018-05-30 17:27:25 - [TEST_STEP][PASSED] - Statement - out.println("RQty : " + Rqty): null

2018-05-30 17:27:25 - [TEST_STEP][PASSED] - Statement - If (java.lang.Integer.valueOf(batchqty) >= java.lang.Integer.valueOf(Rqty)): null

2018-05-30 17:27:25 - [TEST_STEP][PASSED] - Statement - Break: null

2018-05-30 17:27:25 - [TEST_STEP][PASSED] - Statement - batchlength = new com.kms.katalon.core.testobject.TestObject(): null

2018-05-30 17:27:25 - [TEST_STEP][PASSED] - Statement - batchlength = com.kms.katalon.core.webui.keyword.WebUiBuiltInKeywords.modifyObjectProperty(batchlength, "xpath", "equals", "//*[@id = "fldvendor" + row + ""]", true): Modify property of object successfully

2018-05-30 17:27:25 - [MESSAGE][PASSED] - Modify property of object successfully

2018-05-30 17:27:25 - [TEST_STEP][PASSED] - Statement - batchsize = com.kms.katalon.core.webui.keyword.WebUiBuiltInKeywords.getNumberOfTotalOption(batchlength): 8 options of object '' counted

2018-05-30 17:27:25 - [MESSAGE][PASSED] - 8 options of object '' counted

2018-05-30 17:27:25 - [TEST_STEP][PASSED] - Statement - out.println("BatchSize : " + batchsize): null

2018-05-30 17:27:25 - [TEST_STEP][PASSED] - Statement - For ([n = 1, n <= batchsize - 1, (n++)]): null

2018-05-30 17:27:25 - [TEST_STEP][PASSED] - Statement - product = new com.kms.katalon.core.testobject.TestObject(): null

2018-05-30 17:27:25 - [TEST_STEP][PASSED] - Statement - product = com.kms.katalon.core.webui.keyword.WebUiBuiltInKeywords.modifyObjectProperty(product, "xpath", "equals", "//*[@id = "fldvendor" + row + ""]", true): Modify property of object successfully

2018-05-30 17:27:25 - [MESSAGE][PASSED] - Modify property of object successfully

2018-05-30 17:27:25 - [TEST_STEP][PASSED] - selectOptionByIndex: All options with index in [1] are selected on object ''

2018-05-30 17:27:25 - [MESSAGE][PASSED] - All options with index in [1] are selected on object ''

2018-05-30 17:27:25 - [TEST_STEP][PASSED] - delay: Delayed 2 second(s)

2018-05-30 17:27:27 - [MESSAGE][PASSED] - Delayed 2 second(s)

2018-05-30 17:27:27 - [TEST_STEP][PASSED] - Statement - batch = new com.kms.katalon.core.testobject.TestObject(): null

2018-05-30 17:27:27 - [TEST_STEP][PASSED] - Statement - batch = com.kms.katalon.core.webui.keyword.WebUiBuiltInKeywords.modifyObjectProperty(batch, "xpath", "equals", "//*[@id = "txtbthqty" + row + ""]", true): Modify property of object successfully

2018-05-30 17:27:27 - [MESSAGE][PASSED] - Modify property of object successfully

2018-05-30 17:27:27 - [TEST_STEP][PASSED] - Statement - batchqty = com.kms.katalon.core.webui.keyword.WebUiBuiltInKeywords.getAttribute(batch, "value").trim(): Attribute 'value' of object '' is: '5000'

2018-05-30 17:27:27 - [MESSAGE][PASSED] - Attribute 'value' of object '' is: '5000'

2018-05-30 17:27:27 - [TEST_STEP][PASSED] - Statement - Rqty = 100: null

2018-05-30 17:27:27 - [TEST_STEP][PASSED] - Statement - out.println("BatchQty : " + batchqty): null

2018-05-30 17:27:27 - [TEST_STEP][PASSED] - Statement - out.println("RQty : " + Rqty): null

2018-05-30 17:27:27 - [TEST_STEP][PASSED] - Statement - If (java.lang.Integer.valueOf(batchqty) >= java.lang.Integer.valueOf(Rqty)): null

2018-05-30 17:27:27 - [TEST_STEP][PASSED] - Statement - Break: null

2018-05-30 17:27:27 - [TEST_STEP][PASSED] - Statement - batchlength = new com.kms.katalon.core.testobject.TestObject(): null

2018-05-30 17:27:27 - [TEST_STEP][PASSED] - Statement - batchlength = com.kms.katalon.core.webui.keyword.WebUiBuiltInKeywords.modifyObjectProperty(batchlength, "xpath", "equals", "//*[@id = "fldvendor" + row + ""]", true): Modify property of object successfully

2018-05-30 17:27:27 - [MESSAGE][PASSED] - Modify property of object successfully

2018-05-30 17:27:27 - [TEST_STEP][PASSED] - Statement - batchsize = com.kms.katalon.core.webui.keyword.WebUiBuiltInKeywords.getNumberOfTotalOption(batchlength): 8 options of object '' counted

2018-05-30 17:27:27 - [MESSAGE][PASSED] - 8 options of object '' counted

2018-05-30 17:27:27 - [TEST_STEP][PASSED] - Statement - out.println("BatchSize : " + batchsize): null

2018-05-30 17:27:27 - [TEST_STEP][PASSED] - Statement - For ([n = 1, n <= batchsize - 1, (n++)]): null

2018-05-30 17:27:27 - [TEST_STEP][PASSED] - Statement - product = new com.kms.katalon.core.testobject.TestObject(): null

2018-05-30 17:27:27 - [TEST_STEP][PASSED] - Statement - product = com.kms.katalon.core.webui.keyword.WebUiBuiltInKeywords.modifyObjectProperty(product, "xpath", "equals", "//*[@id = "fldvendor" + row + ""]", true): Modify property of object successfully

2018-05-30 17:27:27 - [MESSAGE][PASSED] - Modify property of object successfully

2018-05-30 17:27:27 - [TEST_STEP][PASSED] - selectOptionByIndex: All options with index in [1] are selected on object ''

2018-05-30 17:27:27 - [MESSAGE][PASSED] - All options with index in [1] are selected on object ''

2018-05-30 17:27:27 - [TEST_STEP][PASSED] - delay: Delayed 2 second(s)

2018-05-30 17:27:29 - [MESSAGE][PASSED] - Delayed 2 second(s)

2018-05-30 17:27:29 - [TEST_STEP][PASSED] - Statement - batch = new com.kms.katalon.core.testobject.TestObject(): null

2018-05-30 17:27:29 - [TEST_STEP][PASSED] - Statement - batch = com.kms.katalon.core.webui.keyword.WebUiBuiltInKeywords.modifyObjectProperty(batch, "xpath", "equals", "//*[@id = "txtbthqty" + row + ""]", true): Modify property of object successfully

2018-05-30 17:27:29 - [MESSAGE][PASSED] - Modify property of object successfully

2018-05-30 17:27:29 - [TEST_STEP][PASSED] - Statement - batchqty = com.kms.katalon.core.webui.keyword.WebUiBuiltInKeywords.getAttribute(batch, "value").trim(): Attribute 'value' of object '' is: '5000'

2018-05-30 17:27:29 - [MESSAGE][PASSED] - Attribute 'value' of object '' is: '5000'

2018-05-30 17:27:29 - [TEST_STEP][PASSED] - Statement - Rqty = 100: null

2018-05-30 17:27:29 - [TEST_STEP][PASSED] - Statement - out.println("BatchQty : " + batchqty): null

2018-05-30 17:27:29 - [TEST_STEP][PASSED] - Statement - out.println("RQty : " + Rqty): null

2018-05-30 17:27:29 - [TEST_STEP][PASSED] - Statement - If (java.lang.Integer.valueOf(batchqty) >= java.lang.Integer.valueOf(Rqty)): null

2018-05-30 17:27:29 - [TEST_STEP][PASSED] - Statement - Break: null

2018-05-30 17:27:29 - [TEST_STEP][PASSED] - Statement - batchlength = new com.kms.katalon.core.testobject.TestObject(): null

2018-05-30 17:27:29 - [TEST_STEP][PASSED] - Statement - batchlength = com.kms.katalon.core.webui.keyword.WebUiBuiltInKeywords.modifyObjectProperty(batchlength, "xpath", "equals", "//*[@id = "fldvendor" + row + ""]", true): Modify property of object successfully

2018-05-30 17:27:29 - [MESSAGE][PASSED] - Modify property of object successfully

2018-05-30 17:27:29 - [TEST_STEP][PASSED] - Statement - batchsize = com.kms.katalon.core.webui.keyword.WebUiBuiltInKeywords.getNumberOfTotalOption(batchlength): 0 options of object '' counted

2018-05-30 17:27:29 - [MESSAGE][PASSED] - 0 options of object '' counted

2018-05-30 17:27:29 - [TEST_STEP][PASSED] - Statement - out.println("BatchSize : " + batchsize): null

2018-05-30 17:27:29 - [TEST_STEP][PASSED] - Statement - For ([n = 1, n <= batchsize - 1, (n++)]): null

2018-05-30 17:27:29 - [TEST_STEP][PASSED] - Statement - batchlength = new com.kms.katalon.core.testobject.TestObject(): null

2018-05-30 17:27:29 - [TEST_STEP][PASSED] - Statement - batchlength = com.kms.katalon.core.webui.keyword.WebUiBuiltInKeywords.modifyObjectProperty(batchlength, "xpath", "equals", "//*[@id = "fldvendor" + row + ""]", true): Modify property of object successfully

2018-05-30 17:27:29 - [MESSAGE][PASSED] - Modify property of object successfully

2018-05-30 17:27:29 - [TEST_STEP][PASSED] - Statement - batchsize = com.kms.katalon.core.webui.keyword.WebUiBuiltInKeywords.getNumberOfTotalOption(batchlength): 8 options of object '' counted

2018-05-30 17:27:29 - [MESSAGE][PASSED] - 8 options of object '' counted

2018-05-30 17:27:29 - [TEST_STEP][PASSED] - Statement - out.println("BatchSize : " + batchsize): null

2018-05-30 17:27:29 - [TEST_STEP][PASSED] - Statement - For ([n = 1, n <= batchsize - 1, (n++)]): null

2018-05-30 17:27:29 - [TEST_STEP][PASSED] - Statement - product = new com.kms.katalon.core.testobject.TestObject(): null

2018-05-30 17:27:29 - [TEST_STEP][PASSED] - Statement - product = com.kms.katalon.core.webui.keyword.WebUiBuiltInKeywords.modifyObjectProperty(product, "xpath", "equals", "//*[@id = "fldvendor" + row + ""]", true): Modify property of object successfully

2018-05-30 17:27:29 - [MESSAGE][PASSED] - Modify property of object successfully

2018-05-30 17:27:29 - [TEST_STEP][PASSED] - selectOptionByIndex: All options with index in [1] are selected on object ''

2018-05-30 17:27:30 - [MESSAGE][PASSED] - All options with index in [1] are selected on object ''

2018-05-30 17:27:30 - [TEST_STEP][PASSED] - delay: Delayed 2 second(s)

2018-05-30 17:27:32 - [MESSAGE][PASSED] - Delayed 2 second(s)

2018-05-30 17:27:32 - [TEST_STEP][PASSED] - Statement - batch = new com.kms.katalon.core.testobject.TestObject(): null

2018-05-30 17:27:32 - [TEST_STEP][PASSED] - Statement - batch = com.kms.katalon.core.webui.keyword.WebUiBuiltInKeywords.modifyObjectProperty(batch, "xpath", "equals", "//*[@id = "txtbthqty" + row + ""]", true): Modify property of object successfully

2018-05-30 17:27:32 - [MESSAGE][PASSED] - Modify property of object successfully

2018-05-30 17:27:32 - [TEST_STEP][PASSED] - Statement - batchqty = com.kms.katalon.core.webui.keyword.WebUiBuiltInKeywords.getAttribute(batch, "value").trim(): Attribute 'value' of object '' is: '4100'

2018-05-30 17:27:32 - [MESSAGE][PASSED] - Attribute 'value' of object '' is: '4100'

2018-05-30 17:27:32 - [TEST_STEP][PASSED] - Statement - Rqty = 100: null

2018-05-30 17:27:32 - [TEST_STEP][PASSED] - Statement - out.println("BatchQty : " + batchqty): null

2018-05-30 17:27:32 - [TEST_STEP][PASSED] - Statement - out.println("RQty : " + Rqty): null

2018-05-30 17:27:32 - [TEST_STEP][PASSED] - Statement - If (java.lang.Integer.valueOf(batchqty) >= java.lang.Integer.valueOf(Rqty)): null

2018-05-30 17:27:32 - [TEST_STEP][PASSED] - Statement - Break: null

2018-05-30 17:27:32 - [TEST_STEP][PASSED] - Statement - batchlength = new com.kms.katalon.core.testobject.TestObject(): null

2018-05-30 17:27:32 - [TEST_STEP][PASSED] - Statement - batchlength = com.kms.katalon.core.webui.keyword.WebUiBuiltInKeywords.modifyObjectProperty(batchlength, "xpath", "equals", "//*[@id = "fldvendor" + row + ""]", true): Modify property of object successfully

2018-05-30 17:27:32 - [MESSAGE][PASSED] - Modify property of object successfully

2018-05-30 17:27:32 - [TEST_STEP][PASSED] - Statement - batchsize = com.kms.katalon.core.webui.keyword.WebUiBuiltInKeywords.getNumberOfTotalOption(batchlength): 8 options of object '' counted

2018-05-30 17:27:32 - [MESSAGE][PASSED] - 8 options of object '' counted

2018-05-30 17:27:32 - [TEST_STEP][PASSED] - Statement - out.println("BatchSize : " + batchsize): null

2018-05-30 17:27:32 - [TEST_STEP][PASSED] - Statement - For ([n = 1, n <= batchsize - 1, (n++)]): null

2018-05-30 17:27:32 - [TEST_STEP][PASSED] - Statement - product = new com.kms.katalon.core.testobject.TestObject(): null

2018-05-30 17:27:32 - [TEST_STEP][PASSED] - Statement - product = com.kms.katalon.core.webui.keyword.WebUiBuiltInKeywords.modifyObjectProperty(product, "xpath", "equals", "//*[@id = "fldvendor" + row + ""]", true): Modify property of object successfully

2018-05-30 17:27:32 - [MESSAGE][PASSED] - Modify property of object successfully

2018-05-30 17:27:32 - [TEST_STEP][PASSED] - selectOptionByIndex: All options with index in [1] are selected on object ''

2018-05-30 17:27:32 - [MESSAGE][PASSED] - All options with index in [1] are selected on object ''

2018-05-30 17:27:32 - [TEST_STEP][PASSED] - delay: Delayed 2 second(s)

2018-05-30 17:27:34 - [MESSAGE][PASSED] - Delayed 2 second(s)

2018-05-30 17:27:34 - [TEST_STEP][PASSED] - Statement - batch = new com.kms.katalon.core.testobject.TestObject(): null

2018-05-30 17:27:34 - [TEST_STEP][PASSED] - Statement - batch = com.kms.katalon.core.webui.keyword.WebUiBuiltInKeywords.modifyObjectProperty(batch, "xpath", "equals", "//*[@id = "txtbthqty" + row + ""]", true): Modify property of object successfully

2018-05-30 17:27:34 - [MESSAGE][PASSED] - Modify property of object successfully

2018-05-30 17:27:34 - [TEST_STEP][PASSED] - Statement - batchqty = com.kms.katalon.core.webui.keyword.WebUiBuiltInKeywords.getAttribute(batch, "value").trim(): Attribute 'value' of object '' is: '4700'

2018-05-30 17:27:34 - [MESSAGE][PASSED] - Attribute 'value' of object '' is: '4700'

2018-05-30 17:27:34 - [TEST_STEP][PASSED] - Statement - Rqty = 100: null

2018-05-30 17:27:34 - [TEST_STEP][PASSED] - Statement - out.println("BatchQty : " + batchqty): null

2018-05-30 17:27:34 - [TEST_STEP][PASSED] - Statement - out.println("RQty : " + Rqty): null

2018-05-30 17:27:34 - [TEST_STEP][PASSED] - Statement - If (java.lang.Integer.valueOf(batchqty) >= java.lang.Integer.valueOf(Rqty)): null

2018-05-30 17:27:34 - [TEST_STEP][PASSED] - Statement - Break: null

2018-05-30 17:27:34 - [TEST_STEP][PASSED] - Statement - batchlength = new com.kms.katalon.core.testobject.TestObject(): null

2018-05-30 17:27:34 - [TEST_STEP][PASSED] - Statement - batchlength = com.kms.katalon.core.webui.keyword.WebUiBuiltInKeywords.modifyObjectProperty(batchlength, "xpath", "equals", "//*[@id = "fldvendor" + row + ""]", true): Modify property of object successfully

2018-05-30 17:27:34 - [MESSAGE][PASSED] - Modify property of object successfully

2018-05-30 17:27:34 - [TEST_STEP][PASSED] - Statement - batchsize = com.kms.katalon.core.webui.keyword.WebUiBuiltInKeywords.getNumberOfTotalOption(batchlength): 8 options of object '' counted

2018-05-30 17:27:34 - [MESSAGE][PASSED] - 8 options of object '' counted

2018-05-30 17:27:34 - [TEST_STEP][PASSED] - Statement - out.println("BatchSize : " + batchsize): null

2018-05-30 17:27:34 - [TEST_STEP][PASSED] - Statement - For ([n = 1, n <= batchsize - 1, (n++)]): null

2018-05-30 17:27:34 - [TEST_STEP][PASSED] - Statement - product = new com.kms.katalon.core.testobject.TestObject(): null

2018-05-30 17:27:34 - [TEST_STEP][PASSED] - Statement - product = com.kms.katalon.core.webui.keyword.WebUiBuiltInKeywords.modifyObjectProperty(product, "xpath", "equals", "//*[@id = "fldvendor" + row + ""]", true): Modify property of object successfully

2018-05-30 17:27:34 - [MESSAGE][PASSED] - Modify property of object successfully

2018-05-30 17:27:34 - [TEST_STEP][PASSED] - selectOptionByIndex: All options with index in [1] are selected on object ''

2018-05-30 17:27:34 - [MESSAGE][PASSED] - All options with index in [1] are selected on object ''

2018-05-30 17:27:34 - [TEST_STEP][PASSED] - delay: Delayed 2 second(s)

2018-05-30 17:27:36 - [MESSAGE][PASSED] - Delayed 2 second(s)

2018-05-30 17:27:36 - [TEST_STEP][PASSED] - Statement - batch = new com.kms.katalon.core.testobject.TestObject(): null

2018-05-30 17:27:36 - [TEST_STEP][PASSED] - Statement - batch = com.kms.katalon.core.webui.keyword.WebUiBuiltInKeywords.modifyObjectProperty(batch, "xpath", "equals", "//*[@id = "txtbthqty" + row + ""]", true): Modify property of object successfully

2018-05-30 17:27:36 - [MESSAGE][PASSED] - Modify property of object successfully

2018-05-30 17:27:36 - [TEST_STEP][PASSED] - Statement - batchqty = com.kms.katalon.core.webui.keyword.WebUiBuiltInKeywords.getAttribute(batch, "value").trim(): Attribute 'value' of object '' is: '4700'

2018-05-30 17:27:36 - [MESSAGE][PASSED] - Attribute 'value' of object '' is: '4700'

2018-05-30 17:27:36 - [TEST_STEP][PASSED] - Statement - Rqty = 100: null

2018-05-30 17:27:36 - [TEST_STEP][PASSED] - Statement - out.println("BatchQty : " + batchqty): null

2018-05-30 17:27:36 - [TEST_STEP][PASSED] - Statement - out.println("RQty : " + Rqty): null

2018-05-30 17:27:36 - [TEST_STEP][PASSED] - Statement - If (java.lang.Integer.valueOf(batchqty) >= java.lang.Integer.valueOf(Rqty)): null

2018-05-30 17:27:36 - [TEST_STEP][PASSED] - Statement - Break: null

2018-05-30 17:27:36 - [TEST_STEP][PASSED] - Statement - batchlength = new com.kms.katalon.core.testobject.TestObject(): null

2018-05-30 17:27:36 - [TEST_STEP][PASSED] - Statement - batchlength = com.kms.katalon.core.webui.keyword.WebUiBuiltInKeywords.modifyObjectProperty(batchlength, "xpath", "equals", "//*[@id = "fldvendor" + row + ""]", true): Modify property of object successfully

2018-05-30 17:27:36 - [MESSAGE][PASSED] - Modify property of object successfully

2018-05-30 17:27:36 - [TEST_STEP][PASSED] - Statement - batchsize = com.kms.katalon.core.webui.keyword.WebUiBuiltInKeywords.getNumberOfTotalOption(batchlength): 8 options of object '' counted

2018-05-30 17:27:36 - [MESSAGE][PASSED] - 8 options of object '' counted

2018-05-30 17:27:36 - [TEST_STEP][PASSED] - Statement - out.println("BatchSize : " + batchsize): null

2018-05-30 17:27:36 - [TEST_STEP][PASSED] - Statement - For ([n = 1, n <= batchsize - 1, (n++)]): null

2018-05-30 17:27:36 - [TEST_STEP][PASSED] - Statement - product = new com.kms.katalon.core.testobject.TestObject(): null

2018-05-30 17:27:36 - [TEST_STEP][PASSED] - Statement - product = com.kms.katalon.core.webui.keyword.WebUiBuiltInKeywords.modifyObjectProperty(product, "xpath", "equals", "//*[@id = "fldvendor" + row + ""]", true): Modify property of object successfully

2018-05-30 17:27:36 - [MESSAGE][PASSED] - Modify property of object successfully

2018-05-30 17:27:36 - [TEST_STEP][PASSED] - selectOptionByIndex: All options with index in [1] are selected on object ''

2018-05-30 17:27:36 - [MESSAGE][PASSED] - All options with index in [1] are selected on object ''

2018-05-30 17:27:36 - [TEST_STEP][PASSED] - delay: Delayed 2 second(s)

2018-05-30 17:27:38 - [MESSAGE][PASSED] - Delayed 2 second(s)

2018-05-30 17:27:38 - [TEST_STEP][PASSED] - Statement - batch = new com.kms.katalon.core.testobject.TestObject(): null

2018-05-30 17:27:38 - [TEST_STEP][PASSED] - Statement - batch = com.kms.katalon.core.webui.keyword.WebUiBuiltInKeywords.modifyObjectProperty(batch, "xpath", "equals", "//*[@id = "txtbthqty" + row + ""]", true): Modify property of object successfully

2018-05-30 17:27:38 - [MESSAGE][PASSED] - Modify property of object successfully

2018-05-30 17:27:38 - [TEST_STEP][PASSED] - Statement - batchqty = com.kms.katalon.core.webui.keyword.WebUiBuiltInKeywords.getAttribute(batch, "value").trim(): Attribute 'value' of object '' is: '5000'

2018-05-30 17:27:38 - [MESSAGE][PASSED] - Attribute 'value' of object '' is: '5000'

2018-05-30 17:27:38 - [TEST_STEP][PASSED] - Statement - Rqty = 100: null

2018-05-30 17:27:38 - [TEST_STEP][PASSED] - Statement - out.println("BatchQty : " + batchqty): null

2018-05-30 17:27:38 - [TEST_STEP][PASSED] - Statement - out.println("RQty : " + Rqty): null

2018-05-30 17:27:38 - [TEST_STEP][PASSED] - Statement - If (java.lang.Integer.valueOf(batchqty) >= java.lang.Integer.valueOf(Rqty)): null

2018-05-30 17:27:38 - [TEST_STEP][PASSED] - Statement - Break: null

2018-05-30 17:27:38 - [TEST_STEP][PASSED] - Statement - batchlength = new com.kms.katalon.core.testobject.TestObject(): null

2018-05-30 17:27:38 - [TEST_STEP][PASSED] - Statement - batchlength = com.kms.katalon.core.webui.keyword.WebUiBuiltInKeywords.modifyObjectProperty(batchlength, "xpath", "equals", "//*[@id = "fldvendor" + row + ""]", true): Modify property of object successfully

2018-05-30 17:27:38 - [MESSAGE][PASSED] - Modify property of object successfully

2018-05-30 17:27:38 - [TEST_STEP][PASSED] - Statement - batchsize = com.kms.katalon.core.webui.keyword.WebUiBuiltInKeywords.getNumberOfTotalOption(batchlength): 8 options of object '' counted

2018-05-30 17:27:38 - [MESSAGE][PASSED] - 8 options of object '' counted

2018-05-30 17:27:38 - [TEST_STEP][PASSED] - Statement - out.println("BatchSize : " + batchsize): null

2018-05-30 17:27:38 - [TEST_STEP][PASSED] - Statement - For ([n = 1, n <= batchsize - 1, (n++)]): null

2018-05-30 17:27:38 - [TEST_STEP][PASSED] - Statement - product = new com.kms.katalon.core.testobject.TestObject(): null

2018-05-30 17:27:38 - [TEST_STEP][PASSED] - Statement - product = com.kms.katalon.core.webui.keyword.WebUiBuiltInKeywords.modifyObjectProperty(product, "xpath", "equals", "//*[@id = "fldvendor" + row + ""]", true): Modify property of object successfully

2018-05-30 17:27:38 - [MESSAGE][PASSED] - Modify property of object successfully

2018-05-30 17:27:38 - [TEST_STEP][PASSED] - selectOptionByIndex: All options with index in [1] are selected on object ''

2018-05-30 17:27:39 - [MESSAGE][PASSED] - All options with index in [1] are selected on object ''

2018-05-30 17:27:39 - [TEST_STEP][PASSED] - delay: Delayed 2 second(s)

2018-05-30 17:27:41 - [MESSAGE][PASSED] - Delayed 2 second(s)

2018-05-30 17:27:41 - [TEST_STEP][PASSED] - Statement - batch = new com.kms.katalon.core.testobject.TestObject(): null

2018-05-30 17:27:41 - [TEST_STEP][PASSED] - Statement - batch = com.kms.katalon.core.webui.keyword.WebUiBuiltInKeywords.modifyObjectProperty(batch, "xpath", "equals", "//*[@id = "txtbthqty" + row + ""]", true): Modify property of object successfully

2018-05-30 17:27:41 - [MESSAGE][PASSED] - Modify property of object successfully

2018-05-30 17:27:41 - [TEST_STEP][PASSED] - Statement - batchqty = com.kms.katalon.core.webui.keyword.WebUiBuiltInKeywords.getAttribute(batch, "value").trim(): Attribute 'value' of object '' is: '4700'

2018-05-30 17:27:41 - [MESSAGE][PASSED] - Attribute 'value' of object '' is: '4700'

2018-05-30 17:27:41 - [TEST_STEP][PASSED] - Statement - Rqty = 100: null

2018-05-30 17:27:41 - [TEST_STEP][PASSED] - Statement - out.println("BatchQty : " + batchqty): null

2018-05-30 17:27:41 - [TEST_STEP][PASSED] - Statement - out.println("RQty : " + Rqty): null

2018-05-30 17:27:41 - [TEST_STEP][PASSED] - Statement - If (java.lang.Integer.valueOf(batchqty) >= java.lang.Integer.valueOf(Rqty)): null

2018-05-30 17:27:41 - [TEST_STEP][PASSED] - Statement - Break: null

2018-05-30 17:27:41 - [TEST_STEP][PASSED] - Statement - batchlength = new com.kms.katalon.core.testobject.TestObject(): null

2018-05-30 17:27:41 - [TEST_STEP][PASSED] - Statement - batchlength = com.kms.katalon.core.webui.keyword.WebUiBuiltInKeywords.modifyObjectProperty(batchlength, "xpath", "equals", "//*[@id = "fldvendor" + row + ""]", true): Modify property of object successfully

2018-05-30 17:27:41 - [MESSAGE][PASSED] - Modify property of object successfully

2018-05-30 17:27:41 - [TEST_STEP][PASSED] - Statement - batchsize = com.kms.katalon.core.webui.keyword.WebUiBuiltInKeywords.getNumberOfTotalOption(batchlength): 8 options of object '' counted

2018-05-30 17:27:41 - [MESSAGE][PASSED] - 8 options of object '' counted

2018-05-30 17:27:41 - [TEST_STEP][PASSED] - Statement - out.println("BatchSize : " + batchsize): null

2018-05-30 17:27:41 - [TEST_STEP][PASSED] - Statement - For ([n = 1, n <= batchsize - 1, (n++)]): null

2018-05-30 17:27:41 - [TEST_STEP][PASSED] - Statement - product = new com.kms.katalon.core.testobject.TestObject(): null

2018-05-30 17:27:41 - [TEST_STEP][PASSED] - Statement - product = com.kms.katalon.core.webui.keyword.WebUiBuiltInKeywords.modifyObjectProperty(product, "xpath", "equals", "//*[@id = "fldvendor" + row + ""]", true): Modify property of object successfully

2018-05-30 17:27:41 - [MESSAGE][PASSED] - Modify property of object successfully

2018-05-30 17:27:41 - [TEST_STEP][PASSED] - selectOptionByIndex: All options with index in [1] are selected on object ''

2018-05-30 17:27:41 - [MESSAGE][PASSED] - All options with index in [1] are selected on object ''

2018-05-30 17:27:41 - [TEST_STEP][PASSED] - delay: Delayed 2 second(s)

2018-05-30 17:27:43 - [MESSAGE][PASSED] - Delayed 2 second(s)

2018-05-30 17:27:43 - [TEST_STEP][PASSED] - Statement - batch = new com.kms.katalon.core.testobject.TestObject(): null

2018-05-30 17:27:43 - [TEST_STEP][PASSED] - Statement - batch = com.kms.katalon.core.webui.keyword.WebUiBuiltInKeywords.modifyObjectProperty(batch, "xpath", "equals", "//*[@id = "txtbthqty" + row + ""]", true): Modify property of object successfully

2018-05-30 17:27:43 - [MESSAGE][PASSED] - Modify property of object successfully

2018-05-30 17:27:43 - [TEST_STEP][PASSED] - Statement - batchqty = com.kms.katalon.core.webui.keyword.WebUiBuiltInKeywords.getAttribute(batch, "value").trim(): Attribute 'value' of object '' is: '4100'

2018-05-30 17:27:43 - [MESSAGE][PASSED] - Attribute 'value' of object '' is: '4100'

2018-05-30 17:27:43 - [TEST_STEP][PASSED] - Statement - Rqty = 100: null

2018-05-30 17:27:43 - [TEST_STEP][PASSED] - Statement - out.println("BatchQty : " + batchqty): null

2018-05-30 17:27:43 - [TEST_STEP][PASSED] - Statement - out.println("RQty : " + Rqty): null

2018-05-30 17:27:43 - [TEST_STEP][PASSED] - Statement - If (java.lang.Integer.valueOf(batchqty) >= java.lang.Integer.valueOf(Rqty)): null

2018-05-30 17:27:43 - [TEST_STEP][PASSED] - Statement - Break: null

2018-05-30 17:27:43 - [TEST_STEP][PASSED] - Statement - batchlength = new com.kms.katalon.core.testobject.TestObject(): null

2018-05-30 17:27:43 - [TEST_STEP][PASSED] - Statement - batchlength = com.kms.katalon.core.webui.keyword.WebUiBuiltInKeywords.modifyObjectProperty(batchlength, "xpath", "equals", "//*[@id = "fldvendor" + row + ""]", true): Modify property of object successfully

2018-05-30 17:27:43 - [MESSAGE][PASSED] - Modify property of object successfully

2018-05-30 17:27:43 - [TEST_STEP][PASSED] - Statement - batchsize = com.kms.katalon.core.webui.keyword.WebUiBuiltInKeywords.getNumberOfTotalOption(batchlength): 8 options of object '' counted

2018-05-30 17:27:43 - [MESSAGE][PASSED] - 8 options of object '' counted

2018-05-30 17:27:43 - [TEST_STEP][PASSED] - Statement - out.println("BatchSize : " + batchsize): null

2018-05-30 17:27:43 - [TEST_STEP][PASSED] - Statement - For ([n = 1, n <= batchsize - 1, (n++)]): null

2018-05-30 17:27:43 - [TEST_STEP][PASSED] - Statement - product = new com.kms.katalon.core.testobject.TestObject(): null

2018-05-30 17:27:43 - [TEST_STEP][PASSED] - Statement - product = com.kms.katalon.core.webui.keyword.WebUiBuiltInKeywords.modifyObjectProperty(product, "xpath", "equals", "//*[@id = "fldvendor" + row + ""]", true): Modify property of object successfully

2018-05-30 17:27:43 - [MESSAGE][PASSED] - Modify property of object successfully

2018-05-30 17:27:43 - [TEST_STEP][PASSED] - selectOptionByIndex: All options with index in [1] are selected on object ''

2018-05-30 17:27:43 - [MESSAGE][PASSED] - All options with index in [1] are selected on object ''

2018-05-30 17:27:43 - [TEST_STEP][PASSED] - delay: Delayed 2 second(s)

2018-05-30 17:27:45 - [MESSAGE][PASSED] - Delayed 2 second(s)

2018-05-30 17:27:45 - [TEST_STEP][PASSED] - Statement - batch = new com.kms.katalon.core.testobject.TestObject(): null

2018-05-30 17:27:45 - [TEST_STEP][PASSED] - Statement - batch = com.kms.katalon.core.webui.keyword.WebUiBuiltInKeywords.modifyObjectProperty(batch, "xpath", "equals", "//*[@id = "txtbthqty" + row + ""]", true): Modify property of object successfully

2018-05-30 17:27:45 - [MESSAGE][PASSED] - Modify property of object successfully

2018-05-30 17:27:45 - [TEST_STEP][PASSED] - Statement - batchqty = com.kms.katalon.core.webui.keyword.WebUiBuiltInKeywords.getAttribute(batch, "value").trim(): Attribute 'value' of object '' is: '37800'

2018-05-30 17:27:45 - [MESSAGE][PASSED] - Attribute 'value' of object '' is: '37800'

2018-05-30 17:27:45 - [TEST_STEP][PASSED] - Statement - Rqty = 100: null

2018-05-30 17:27:45 - [TEST_STEP][PASSED] - Statement - out.println("BatchQty : " + batchqty): null

2018-05-30 17:27:45 - [TEST_STEP][PASSED] - Statement - out.println("RQty : " + Rqty): null

2018-05-30 17:27:45 - [TEST_STEP][PASSED] - Statement - If (java.lang.Integer.valueOf(batchqty) >= java.lang.Integer.valueOf(Rqty)): null

2018-05-30 17:27:45 - [TEST_STEP][PASSED] - Statement - Break: null

2018-05-30 17:27:45 - [TEST_STEP][PASSED] - Statement - batchlength = new com.kms.katalon.core.testobject.TestObject(): null

2018-05-30 17:27:45 - [TEST_STEP][PASSED] - Statement - batchlength = com.kms.katalon.core.webui.keyword.WebUiBuiltInKeywords.modifyObjectProperty(batchlength, "xpath", "equals", "//*[@id = "fldvendor" + row + ""]", true): Modify property of object successfully

2018-05-30 17:27:45 - [MESSAGE][PASSED] - Modify property of object successfully

2018-05-30 17:27:45 - [TEST_STEP][PASSED] - Statement - batchsize = com.kms.katalon.core.webui.keyword.WebUiBuiltInKeywords.getNumberOfTotalOption(batchlength): 8 options of object '' counted

2018-05-30 17:27:45 - [MESSAGE][PASSED] - 8 options of object '' counted

2018-05-30 17:27:45 - [TEST_STEP][PASSED] - Statement - out.println("BatchSize : " + batchsize): null

2018-05-30 17:27:45 - [TEST_STEP][PASSED] - Statement - For ([n = 1, n <= batchsize - 1, (n++)]): null

2018-05-30 17:27:45 - [TEST_STEP][PASSED] - Statement - product = new com.kms.katalon.core.testobject.TestObject(): null

2018-05-30 17:27:45 - [TEST_STEP][PASSED] - Statement - product = com.kms.katalon.core.webui.keyword.WebUiBuiltInKeywords.modifyObjectProperty(product, "xpath", "equals", "//*[@id = "fldvendor" + row + ""]", true): Modify property of object successfully

2018-05-30 17:27:45 - [MESSAGE][PASSED] - Modify property of object successfully

2018-05-30 17:27:45 - [TEST_STEP][PASSED] - selectOptionByIndex: All options with index in [1] are selected on object ''

2018-05-30 17:27:45 - [MESSAGE][PASSED] - All options with index in [1] are selected on object ''

2018-05-30 17:27:45 - [TEST_STEP][PASSED] - delay: Delayed 2 second(s)

2018-05-30 17:27:47 - [MESSAGE][PASSED] - Delayed 2 second(s)

2018-05-30 17:27:47 - [TEST_STEP][PASSED] - Statement - batch = new com.kms.katalon.core.testobject.TestObject(): null

2018-05-30 17:27:47 - [TEST_STEP][PASSED] - Statement - batch = com.kms.katalon.core.webui.keyword.WebUiBuiltInKeywords.modifyObjectProperty(batch, "xpath", "equals", "//*[@id = "txtbthqty" + row + ""]", true): Modify property of object successfully

2018-05-30 17:27:47 - [MESSAGE][PASSED] - Modify property of object successfully

2018-05-30 17:27:47 - [TEST_STEP][PASSED] - Statement - batchqty = com.kms.katalon.core.webui.keyword.WebUiBuiltInKeywords.getAttribute(batch, "value").trim(): Attribute 'value' of object '' is: '3100'

2018-05-30 17:27:47 - [MESSAGE][PASSED] - Attribute 'value' of object '' is: '3100'

2018-05-30 17:27:47 - [TEST_STEP][PASSED] - Statement - Rqty = 100: null

2018-05-30 17:27:47 - [TEST_STEP][PASSED] - Statement - out.println("BatchQty : " + batchqty): null

2018-05-30 17:27:47 - [TEST_STEP][PASSED] - Statement - out.println("RQty : " + Rqty): null

2018-05-30 17:27:47 - [TEST_STEP][PASSED] - Statement - If (java.lang.Integer.valueOf(batchqty) >= java.lang.Integer.valueOf(Rqty)): null

2018-05-30 17:27:47 - [TEST_STEP][PASSED] - Statement - Break: null

2018-05-30 17:27:47 - [TEST_STEP][PASSED] - Statement - batchlength = new com.kms.katalon.core.testobject.TestObject(): null

2018-05-30 17:27:47 - [TEST_STEP][PASSED] - Statement - batchlength = com.kms.katalon.core.webui.keyword.WebUiBuiltInKeywords.modifyObjectProperty(batchlength, "xpath", "equals", "//*[@id = "fldvendor" + row + ""]", true): Modify property of object successfully

2018-05-30 17:27:47 - [MESSAGE][PASSED] - Modify property of object successfully

2018-05-30 17:27:47 - [TEST_STEP][PASSED] - Statement - batchsize = com.kms.katalon.core.webui.keyword.WebUiBuiltInKeywords.getNumberOfTotalOption(batchlength): 8 options of object '' counted

2018-05-30 17:27:47 - [MESSAGE][PASSED] - 8 options of object '' counted

2018-05-30 17:27:47 - [TEST_STEP][PASSED] - Statement - out.println("BatchSize : " + batchsize): null

2018-05-30 17:27:47 - [TEST_STEP][PASSED] - Statement - For ([n = 1, n <= batchsize - 1, (n++)]): null

2018-05-30 17:27:47 - [TEST_STEP][PASSED] - Statement - product = new com.kms.katalon.core.testobject.TestObject(): null

2018-05-30 17:27:47 - [TEST_STEP][PASSED] - Statement - product = com.kms.katalon.core.webui.keyword.WebUiBuiltInKeywords.modifyObjectProperty(product, "xpath", "equals", "//*[@id = "fldvendor" + row + ""]", true): Modify property of object successfully

2018-05-30 17:27:47 - [MESSAGE][PASSED] - Modify property of object successfully

2018-05-30 17:27:47 - [TEST_STEP][PASSED] - selectOptionByIndex: All options with index in [1] are selected on object ''

2018-05-30 17:27:48 - [MESSAGE][PASSED] - All options with index in [1] are selected on object ''

2018-05-30 17:27:48 - [TEST_STEP][PASSED] - delay: Delayed 2 second(s)

2018-05-30 17:27:50 - [MESSAGE][PASSED] - Delayed 2 second(s)

2018-05-30 17:27:50 - [TEST_STEP][PASSED] - Statement - batch = new com.kms.katalon.core.testobject.TestObject(): null

2018-05-30 17:27:50 - [TEST_STEP][PASSED] - Statement - batch = com.kms.katalon.core.webui.keyword.WebUiBuiltInKeywords.modifyObjectProperty(batch, "xpath", "equals", "//*[@id = "txtbthqty" + row + ""]", true): Modify property of object successfully

2018-05-30 17:27:50 - [MESSAGE][PASSED] - Modify property of object successfully

2018-05-30 17:27:50 - [TEST_STEP][PASSED] - Statement - batchqty = com.kms.katalon.core.webui.keyword.WebUiBuiltInKeywords.getAttribute(batch, "value").trim(): Attribute 'value' of object '' is: '4100'

2018-05-30 17:27:50 - [MESSAGE][PASSED] - Attribute 'value' of object '' is: '4100'

2018-05-30 17:27:50 - [TEST_STEP][PASSED] - Statement - Rqty = 100: null

2018-05-30 17:27:50 - [TEST_STEP][PASSED] - Statement - out.println("BatchQty : " + batchqty): null

2018-05-30 17:27:50 - [TEST_STEP][PASSED] - Statement - out.println("RQty : " + Rqty): null

2018-05-30 17:27:50 - [TEST_STEP][PASSED] - Statement - If (java.lang.Integer.valueOf(batchqty) >= java.lang.Integer.valueOf(Rqty)): null

2018-05-30 17:27:50 - [TEST_STEP][PASSED] - Statement - Break: null

2018-05-30 17:27:50 - [TEST_STEP][PASSED] - Statement - batchlength = new com.kms.katalon.core.testobject.TestObject(): null

2018-05-30 17:27:50 - [TEST_STEP][PASSED] - Statement - batchlength = com.kms.katalon.core.webui.keyword.WebUiBuiltInKeywords.modifyObjectProperty(batchlength, "xpath", "equals", "//*[@id = "fldvendor" + row + ""]", true): Modify property of object successfully

2018-05-30 17:27:50 - [MESSAGE][PASSED] - Modify property of object successfully

2018-05-30 17:27:50 - [TEST_STEP][PASSED] - Statement - batchsize = com.kms.katalon.core.webui.keyword.WebUiBuiltInKeywords.getNumberOfTotalOption(batchlength): 8 options of object '' counted

2018-05-30 17:27:50 - [MESSAGE][PASSED] - 8 options of object '' counted

2018-05-30 17:27:50 - [TEST_STEP][PASSED] - Statement - out.println("BatchSize : " + batchsize): null

2018-05-30 17:27:50 - [TEST_STEP][PASSED] - Statement - For ([n = 1, n <= batchsize - 1, (n++)]): null

2018-05-30 17:27:50 - [TEST_STEP][PASSED] - Statement - product = new com.kms.katalon.core.testobject.TestObject(): null

2018-05-30 17:27:50 - [TEST_STEP][PASSED] - Statement - product = com.kms.katalon.core.webui.keyword.WebUiBuiltInKeywords.modifyObjectProperty(product, "xpath", "equals", "//*[@id = "fldvendor" + row + ""]", true): Modify property of object successfully

2018-05-30 17:27:50 - [MESSAGE][PASSED] - Modify property of object successfully

2018-05-30 17:27:50 - [TEST_STEP][PASSED] - selectOptionByIndex: All options with index in [1] are selected on object ''

2018-05-30 17:27:50 - [MESSAGE][PASSED] - All options with index in [1] are selected on object ''

2018-05-30 17:27:50 - [TEST_STEP][PASSED] - delay: Delayed 2 second(s)

2018-05-30 17:27:52 - [MESSAGE][PASSED] - Delayed 2 second(s)

2018-05-30 17:27:52 - [TEST_STEP][PASSED] - Statement - batch = new com.kms.katalon.core.testobject.TestObject(): null

2018-05-30 17:29:20 - [TEST_STEP][PASSED] - Statement - batch = com.kms.katalon.core.webui.keyword.WebUiBuiltInKeywords.modifyObjectProperty(batch, "xpath", "equals", "//*[@id = "txtbthqty" + row + ""]", true): Modify property of object successfully

2018-05-30 17:29:20 - [MESSAGE][PASSED] - Modify property of object successfully

2018-05-30 17:29:20 - [TEST_STEP][PASSED] - Statement - batchqty = com.kms.katalon.core.webui.keyword.WebUiBuiltInKeywords.getAttribute(batch, "value").trim(): Attribute 'value' of object '' is: '4500'

2018-05-30 17:29:20 - [MESSAGE][PASSED] - Attribute 'value' of object '' is: '4500'

2018-05-30 17:29:20 - [TEST_STEP][PASSED] - Statement - Rqty = 100: null

2018-05-30 17:29:20 - [TEST_STEP][PASSED] - Statement - out.println("BatchQty : " + batchqty): null

2018-05-30 17:29:20 - [TEST_STEP][PASSED] - Statement - out.println("RQty : " + Rqty): null

2018-05-30 17:29:20 - [TEST_STEP][PASSED] - Statement - If (java.lang.Integer.valueOf(batchqty) >= java.lang.Integer.valueOf(Rqty)): null

2018-05-30 17:29:20 - [TEST_STEP][PASSED] - Statement - Break: null

2018-05-30 17:29:20 - [TEST_STEP][PASSED] - Statement - batchlength = new com.kms.katalon.core.testobject.TestObject(): null

2018-05-30 17:29:20 - [TEST_STEP][PASSED] - Statement - batchlength = com.kms.katalon.core.webui.keyword.WebUiBuiltInKeywords.modifyObjectProperty(batchlength, "xpath", "equals", "//*[@id = "fldvendor" + row + ""]", true): Modify property of object successfully

2018-05-30 17:29:20 - [MESSAGE][PASSED] - Modify property of object successfully

2018-05-30 17:29:20 - [TEST_STEP][PASSED] - Statement - batchsize = com.kms.katalon.core.webui.keyword.WebUiBuiltInKeywords.getNumberOfTotalOption(batchlength): 7 options of object '' counted

2018-05-30 17:29:21 - [MESSAGE][PASSED] - 7 options of object '' counted

2018-05-30 17:29:21 - [TEST_STEP][PASSED] - Statement - out.println("BatchSize : " + batchsize): null

2018-05-30 17:29:21 - [TEST_STEP][PASSED] - Statement - For ([n = 1, n <= batchsize - 1, (n++)]): null

2018-05-30 17:29:21 - [TEST_STEP][PASSED] - Statement - product = new com.kms.katalon.core.testobject.TestObject(): null

2018-05-30 17:29:21 - [TEST_STEP][PASSED] - Statement - product = com.kms.katalon.core.webui.keyword.WebUiBuiltInKeywords.modifyObjectProperty(product, "xpath", "equals", "//*[@id = "fldvendor" + row + ""]", true): Modify property of object successfully

2018-05-30 17:29:21 - [MESSAGE][PASSED] - Modify property of object successfully

2018-05-30 17:29:21 - [TEST_STEP][PASSED] - selectOptionByIndex: All options with index in [1] are selected on object ''

2018-05-30 17:29:21 - [MESSAGE][PASSED] - All options with index in [1] are selected on object ''

2018-05-30 17:29:21 - [TEST_STEP][PASSED] - delay: Delayed 2 second(s)

2018-05-30 17:29:23 - [MESSAGE][PASSED] - Delayed 2 second(s)

2018-05-30 17:29:23 - [TEST_STEP][PASSED] - Statement - batch = new com.kms.katalon.core.testobject.TestObject(): null

2018-05-30 17:29:23 - [TEST_STEP][PASSED] - Statement - batch = com.kms.katalon.core.webui.keyword.WebUiBuiltInKeywords.modifyObjectProperty(batch, "xpath", "equals", "//*[@id = "txtbthqty" + row + ""]", true): Modify property of object successfully

2018-05-30 17:29:23 - [MESSAGE][PASSED] - Modify property of object successfully

2018-05-30 17:29:23 - [TEST_STEP][PASSED] - Statement - batchqty = com.kms.katalon.core.webui.keyword.WebUiBuiltInKeywords.getAttribute(batch, "value").trim(): Attribute 'value' of object '' is: '37800'

2018-05-30 17:29:23 - [MESSAGE][PASSED] - Attribute 'value' of object '' is: '37800'

2018-05-30 17:29:23 - [TEST_STEP][PASSED] - Statement - Rqty = 100: null

2018-05-30 17:29:23 - [TEST_STEP][PASSED] - Statement - out.println("BatchQty : " + batchqty): null

2018-05-30 17:29:23 - [TEST_STEP][PASSED] - Statement - out.println("RQty : " + Rqty): null

2018-05-30 17:29:23 - [TEST_STEP][PASSED] - Statement - If (java.lang.Integer.valueOf(batchqty) >= java.lang.Integer.valueOf(Rqty)): null

2018-05-30 17:29:23 - [TEST_STEP][PASSED] - Statement - Break: null

2018-05-30 17:29:23 - [TEST_STEP][PASSED] - Statement - batchlength = new com.kms.katalon.core.testobject.TestObject(): null

2018-05-30 17:29:23 - [TEST_STEP][PASSED] - Statement - batchlength = com.kms.katalon.core.webui.keyword.WebUiBuiltInKeywords.modifyObjectProperty(batchlength, "xpath", "equals", "//*[@id = "fldvendor" + row + ""]", true): Modify property of object successfully

2018-05-30 17:29:23 - [MESSAGE][PASSED] - Modify property of object successfully

2018-05-30 17:29:23 - [TEST_STEP][PASSED] - Statement - batchsize = com.kms.katalon.core.webui.keyword.WebUiBuiltInKeywords.getNumberOfTotalOption(batchlength): 8 options of object '' counted

2018-05-30 17:29:23 - [MESSAGE][PASSED] - 8 options of object '' counted

2018-05-30 17:29:23 - [TEST_STEP][PASSED] - Statement - out.println("BatchSize : " + batchsize): null

2018-05-30 17:29:23 - [TEST_STEP][PASSED] - Statement - For ([n = 1, n <= batchsize - 1, (n++)]): null

2018-05-30 17:29:23 - [TEST_STEP][PASSED] - Statement - product = new com.kms.katalon.core.testobject.TestObject(): null

2018-05-30 17:29:23 - [TEST_STEP][PASSED] - Statement - product = com.kms.katalon.core.webui.keyword.WebUiBuiltInKeywords.modifyObjectProperty(product, "xpath", "equals", "//*[@id = "fldvendor" + row + ""]", true): Modify property of object successfully

2018-05-30 17:29:23 - [MESSAGE][PASSED] - Modify property of object successfully

2018-05-30 17:29:23 - [TEST_STEP][PASSED] - selectOptionByIndex: All options with index in [1] are selected on object ''

2018-05-30 17:29:23 - [MESSAGE][PASSED] - All options with index in [1] are selected on object ''

2018-05-30 17:29:23 - [TEST_STEP][PASSED] - delay: Delayed 2 second(s)

2018-05-30 17:29:25 - [MESSAGE][PASSED] - Delayed 2 second(s)

2018-05-30 17:29:25 - [TEST_STEP][PASSED] - Statement - batch = new com.kms.katalon.core.testobject.TestObject(): null

2018-05-30 17:29:25 - [TEST_STEP][PASSED] - Statement - batch = com.kms.katalon.core.webui.keyword.WebUiBuiltInKeywords.modifyObjectProperty(batch, "xpath", "equals", "//*[@id = "txtbthqty" + row + ""]", true): Modify property of object successfully

2018-05-30 17:29:25 - [MESSAGE][PASSED] - Modify property of object successfully

2018-05-30 17:29:25 - [TEST_STEP][PASSED] - Statement - batchqty = com.kms.katalon.core.webui.keyword.WebUiBuiltInKeywords.getAttribute(batch, "value").trim(): Attribute 'value' of object '' is: '37800'

2018-05-30 17:29:25 - [MESSAGE][PASSED] - Attribute 'value' of object '' is: '37800'

2018-05-30 17:29:25 - [TEST_STEP][PASSED] - Statement - Rqty = 100: null

2018-05-30 17:29:39 - [TEST_STEP][PASSED] - Statement - out.println("BatchQty : " + batchqty): null

2018-05-30 17:29:39 - [TEST_STEP][PASSED] - Statement - out.println("RQty : " + Rqty): null

2018-05-30 17:29:39 - [TEST_STEP][PASSED] - Statement - If (java.lang.Integer.valueOf(batchqty) >= java.lang.Integer.valueOf(Rqty)): null

2018-05-30 17:29:39 - [TEST_STEP][PASSED] - Statement - Break: null

2018-05-30 17:29:39 - [TEST_STEP][PASSED] - Statement - batchlength = new com.kms.katalon.core.testobject.TestObject(): null

2018-05-30 17:29:39 - [TEST_STEP][PASSED] - Statement - batchlength = com.kms.katalon.core.webui.keyword.WebUiBuiltInKeywords.modifyObjectProperty(batchlength, "xpath", "equals", "//*[@id = "fldvendor" + row + ""]", true): Modify property of object successfully

2018-05-30 17:29:39 - [MESSAGE][PASSED] - Modify property of object successfully

2018-05-30 17:29:39 - [TEST_STEP][PASSED] - Statement - batchsize = com.kms.katalon.core.webui.keyword.WebUiBuiltInKeywords.getNumberOfTotalOption(batchlength): 8 options of object '' counted

2018-05-30 17:29:39 - [MESSAGE][PASSED] - 8 options of object '' counted

2018-05-30 17:29:39 - [TEST_STEP][PASSED] - Statement - out.println("BatchSize : " + batchsize): null

2018-05-30 17:29:39 - [TEST_STEP][PASSED] - Statement - For ([n = 1, n <= batchsize - 1, (n++)]): null

2018-05-30 17:29:39 - [TEST_STEP][PASSED] - Statement - product = new com.kms.katalon.core.testobject.TestObject(): null

2018-05-30 17:29:39 - [TEST_STEP][PASSED] - Statement - product = com.kms.katalon.core.webui.keyword.WebUiBuiltInKeywords.modifyObjectProperty(product, "xpath", "equals", "//*[@id = "fldvendor" + row + ""]", true): Modify property of object successfully

2018-05-30 17:29:39 - [MESSAGE][PASSED] - Modify property of object successfully

2018-05-30 17:29:39 - [TEST_STEP][PASSED] - selectOptionByIndex: All options with index in [1] are selected on object ''

2018-05-30 17:29:39 - [MESSAGE][PASSED] - All options with index in [1] are selected on object ''

2018-05-30 17:29:39 - [TEST_STEP][PASSED] - delay: Delayed 2 second(s)

2018-05-30 17:29:41 - [MESSAGE][PASSED] - Delayed 2 second(s)

2018-05-30 17:29:41 - [TEST_STEP][PASSED] - Statement - batch = new com.kms.katalon.core.testobject.TestObject(): null

2018-05-30 17:29:41 - [TEST_STEP][PASSED] - Statement - batch = com.kms.katalon.core.webui.keyword.WebUiBuiltInKeywords.modifyObjectProperty(batch, "xpath", "equals", "//*[@id = "txtbthqty" + row + ""]", true): Modify property of object successfully

2018-05-30 17:29:41 - [MESSAGE][PASSED] - Modify property of object successfully

2018-05-30 17:29:41 - [TEST_STEP][PASSED] - Statement - batchqty = com.kms.katalon.core.webui.keyword.WebUiBuiltInKeywords.getAttribute(batch, "value").trim(): Attribute 'value' of object '' is: '3100'

2018-05-30 17:29:41 - [MESSAGE][PASSED] - Attribute 'value' of object '' is: '3100'

2018-05-30 17:29:41 - [TEST_STEP][PASSED] - Statement - Rqty = 100: null

2018-05-30 17:29:41 - [TEST_STEP][PASSED] - Statement - out.println("BatchQty : " + batchqty): null

2018-05-30 17:29:41 - [TEST_STEP][PASSED] - Statement - out.println("RQty : " + Rqty): null

2018-05-30 17:29:41 - [TEST_STEP][PASSED] - Statement - If (java.lang.Integer.valueOf(batchqty) >= java.lang.Integer.valueOf(Rqty)): null

2018-05-30 17:29:41 - [TEST_STEP][PASSED] - Statement - Break: null

2018-05-30 17:29:41 - [TEST_STEP][PASSED] - Statement - batchlength = new com.kms.katalon.core.testobject.TestObject(): null

2018-05-30 17:29:41 - [TEST_STEP][PASSED] - Statement - batchlength = com.kms.katalon.core.webui.keyword.WebUiBuiltInKeywords.modifyObjectProperty(batchlength, "xpath", "equals", "//*[@id = "fldvendor" + row + ""]", true): Modify property of object successfully

2018-05-30 17:29:41 - [MESSAGE][PASSED] - Modify property of object successfully

2018-05-30 17:29:41 - [TEST_STEP][PASSED] - Statement - batchsize = com.kms.katalon.core.webui.keyword.WebUiBuiltInKeywords.getNumberOfTotalOption(batchlength): 8 options of object '' counted

2018-05-30 17:29:41 - [MESSAGE][PASSED] - 8 options of object '' counted

2018-05-30 17:29:41 - [TEST_STEP][PASSED] - Statement - out.println("BatchSize : " + batchsize): null

2018-05-30 17:29:41 - [TEST_STEP][PASSED] - Statement - For ([n = 1, n <= batchsize - 1, (n++)]): null

2018-05-30 17:29:41 - [TEST_STEP][PASSED] - Statement - product = new com.kms.katalon.core.testobject.TestObject(): null

2018-05-30 17:29:41 - [TEST_STEP][PASSED] - Statement - product = com.kms.katalon.core.webui.keyword.WebUiBuiltInKeywords.modifyObjectProperty(product, "xpath", "equals", "//*[@id = "fldvendor" + row + ""]", true): Modify property of object successfully

2018-05-30 17:29:41 - [MESSAGE][PASSED] - Modify property of object successfully

2018-05-30 17:29:41 - [TEST_STEP][PASSED] - selectOptionByIndex: All options with index in [1] are selected on object ''

2018-05-30 17:29:41 - [MESSAGE][PASSED] - All options with index in [1] are selected on object ''

2018-05-30 17:29:41 - [TEST_STEP][PASSED] - delay: Delayed 2 second(s)

2018-05-30 17:29:43 - [MESSAGE][PASSED] - Delayed 2 second(s)

2018-05-30 17:29:43 - [TEST_STEP][PASSED] - Statement - batch = new com.kms.katalon.core.testobject.TestObject(): null

2018-05-30 17:29:43 - [TEST_STEP][PASSED] - Statement - batch = com.kms.katalon.core.webui.keyword.WebUiBuiltInKeywords.modifyObjectProperty(batch, "xpath", "equals", "//*[@id = "txtbthqty" + row + ""]", true): Modify property of object successfully

2018-05-30 17:29:43 - [MESSAGE][PASSED] - Modify property of object successfully

2018-05-30 17:29:43 - [TEST_STEP][PASSED] - Statement - batchqty = com.kms.katalon.core.webui.keyword.WebUiBuiltInKeywords.getAttribute(batch, "value").trim(): Attribute 'value' of object '' is: '3100'

2018-05-30 17:29:43 - [MESSAGE][PASSED] - Attribute 'value' of object '' is: '3100'

2018-05-30 17:29:43 - [TEST_STEP][PASSED] - Statement - Rqty = 100: null

2018-05-30 17:29:43 - [TEST_STEP][PASSED] - Statement - out.println("BatchQty : " + batchqty): null

2018-05-30 17:29:43 - [TEST_STEP][PASSED] - Statement - out.println("RQty : " + Rqty): null

2018-05-30 17:29:43 - [TEST_STEP][PASSED] - Statement - If (java.lang.Integer.valueOf(batchqty) >= java.lang.Integer.valueOf(Rqty)): null

2018-05-30 17:29:43 - [TEST_STEP][PASSED] - Statement - Break: null

2018-05-30 17:29:43 - [TEST_STEP][PASSED] - Statement - batchlength = new com.kms.katalon.core.testobject.TestObject(): null

2018-05-30 17:29:43 - [TEST_STEP][PASSED] - Statement - batchlength = com.kms.katalon.core.webui.keyword.WebUiBuiltInKeywords.modifyObjectProperty(batchlength, "xpath", "equals", "//*[@id = "fldvendor" + row + ""]", true): Modify property of object successfully

2018-05-30 17:29:43 - [MESSAGE][PASSED] - Modify property of object successfully

2018-05-30 17:29:43 - [TEST_STEP][PASSED] - Statement - batchsize = com.kms.katalon.core.webui.keyword.WebUiBuiltInKeywords.getNumberOfTotalOption(batchlength): 8 options of object '' counted

2018-05-30 17:29:43 - [MESSAGE][PASSED] - 8 options of object '' counted

2018-05-30 17:29:43 - [TEST_STEP][PASSED] - Statement - out.println("BatchSize : " + batchsize): null

2018-05-30 17:29:43 - [TEST_STEP][PASSED] - Statement - For ([n = 1, n <= batchsize - 1, (n++)]): null

2018-05-30 17:29:43 - [TEST_STEP][PASSED] - Statement - product = new com.kms.katalon.core.testobject.TestObject(): null

2018-05-30 17:29:43 - [TEST_STEP][PASSED] - Statement - product = com.kms.katalon.core.webui.keyword.WebUiBuiltInKeywords.modifyObjectProperty(product, "xpath", "equals", "//*[@id = "fldvendor" + row + ""]", true): Modify property of object successfully

2018-05-30 17:29:43 - [MESSAGE][PASSED] - Modify property of object successfully

2018-05-30 17:29:43 - [TEST_STEP][PASSED] - selectOptionByIndex: All options with index in [1] are selected on object ''

2018-05-30 17:29:43 - [MESSAGE][PASSED] - All options with index in [1] are selected on object ''

2018-05-30 17:29:43 - [TEST_STEP][PASSED] - delay: Delayed 2 second(s)

2018-05-30 17:29:45 - [MESSAGE][PASSED] - Delayed 2 second(s)

2018-05-30 17:29:45 - [TEST_STEP][PASSED] - Statement - batch = new com.kms.katalon.core.testobject.TestObject(): null

2018-05-30 17:29:45 - [TEST_STEP][PASSED] - Statement - batch = com.kms.katalon.core.webui.keyword.WebUiBuiltInKeywords.modifyObjectProperty(batch, "xpath", "equals", "//*[@id = "txtbthqty" + row + ""]", true): Modify property of object successfully

2018-05-30 17:29:45 - [MESSAGE][PASSED] - Modify property of object successfully

2018-05-30 17:29:45 - [TEST_STEP][PASSED] - Statement - batchqty = com.kms.katalon.core.webui.keyword.WebUiBuiltInKeywords.getAttribute(batch, "value").trim(): Attribute 'value' of object '' is: '4100'

2018-05-30 17:29:45 - [MESSAGE][PASSED] - Attribute 'value' of object '' is: '4100'

2018-05-30 17:29:45 - [TEST_STEP][PASSED] - Statement - Rqty = 100: null

2018-05-30 17:29:45 - [TEST_STEP][PASSED] - Statement - out.println("BatchQty : " + batchqty): null

2018-05-30 17:29:45 - [TEST_STEP][PASSED] - Statement - out.println("RQty : " + Rqty): null

2018-05-30 17:29:45 - [TEST_STEP][PASSED] - Statement - If (java.lang.Integer.valueOf(batchqty) >= java.lang.Integer.valueOf(Rqty)): null

2018-05-30 17:29:45 - [TEST_STEP][PASSED] - Statement - Break: null

2018-05-30 17:29:45 - [TEST_STEP][PASSED] - Statement - batchlength = new com.kms.katalon.core.testobject.TestObject(): null

2018-05-30 17:29:45 - [TEST_STEP][PASSED] - Statement - batchlength = com.kms.katalon.core.webui.keyword.WebUiBuiltInKeywords.modifyObjectProperty(batchlength, "xpath", "equals", "//*[@id = "fldvendor" + row + ""]", true): Modify property of object successfully

2018-05-30 17:29:45 - [MESSAGE][PASSED] - Modify property of object successfully

2018-05-30 17:29:45 - [TEST_STEP][PASSED] - Statement - batchsize = com.kms.katalon.core.webui.keyword.WebUiBuiltInKeywords.getNumberOfTotalOption(batchlength): 8 options of object '' counted

2018-05-30 17:29:45 - [MESSAGE][PASSED] - 8 options of object '' counted

2018-05-30 17:29:45 - [TEST_STEP][PASSED] - Statement - out.println("BatchSize : " + batchsize): null

2018-05-30 17:29:45 - [TEST_STEP][PASSED] - Statement - For ([n = 1, n <= batchsize - 1, (n++)]): null

2018-05-30 17:29:45 - [TEST_STEP][PASSED] - Statement - product = new com.kms.katalon.core.testobject.TestObject(): null

2018-05-30 17:29:45 - [TEST_STEP][PASSED] - Statement - product = com.kms.katalon.core.webui.keyword.WebUiBuiltInKeywords.modifyObjectProperty(product, "xpath", "equals", "//*[@id = "fldvendor" + row + ""]", true): Modify property of object successfully

2018-05-30 17:29:45 - [MESSAGE][PASSED] - Modify property of object successfully

2018-05-30 17:29:45 - [TEST_STEP][PASSED] - selectOptionByIndex: All options with index in [1] are selected on object ''

2018-05-30 17:29:46 - [MESSAGE][PASSED] - All options with index in [1] are selected on object ''

2018-05-30 17:29:46 - [TEST_STEP][PASSED] - delay: Delayed 2 second(s)

2018-05-30 17:29:48 - [MESSAGE][PASSED] - Delayed 2 second(s)

2018-05-30 17:29:48 - [TEST_STEP][PASSED] - Statement - batch = new com.kms.katalon.core.testobject.TestObject(): null

2018-05-30 17:29:48 - [TEST_STEP][PASSED] - Statement - batch = com.kms.katalon.core.webui.keyword.WebUiBuiltInKeywords.modifyObjectProperty(batch, "xpath", "equals", "//*[@id = "txtbthqty" + row + ""]", true): Modify property of object successfully

2018-05-30 17:29:48 - [MESSAGE][PASSED] - Modify property of object successfully

2018-05-30 17:29:48 - [TEST_STEP][PASSED] - Statement - batchqty = com.kms.katalon.core.webui.keyword.WebUiBuiltInKeywords.getAttribute(batch, "value").trim(): Attribute 'value' of object '' is: '3100'

2018-05-30 17:29:48 - [MESSAGE][PASSED] - Attribute 'value' of object '' is: '3100'

2018-05-30 17:29:48 - [TEST_STEP][PASSED] - Statement - Rqty = 100: null

2018-05-30 17:29:48 - [TEST_STEP][PASSED] - Statement - out.println("BatchQty : " + batchqty): null

2018-05-30 17:29:48 - [TEST_STEP][PASSED] - Statement - out.println("RQty : " + Rqty): null

2018-05-30 17:29:48 - [TEST_STEP][PASSED] - Statement - If (java.lang.Integer.valueOf(batchqty) >= java.lang.Integer.valueOf(Rqty)): null

2018-05-30 17:29:48 - [TEST_STEP][PASSED] - Statement - Break: null

2018-05-30 17:29:48 - [TEST_STEP][PASSED] - Statement - batchlength = new com.kms.katalon.core.testobject.TestObject(): null

2018-05-30 17:29:48 - [TEST_STEP][PASSED] - Statement - batchlength = com.kms.katalon.core.webui.keyword.WebUiBuiltInKeywords.modifyObjectProperty(batchlength, "xpath", "equals", "//*[@id = "fldvendor" + row + ""]", true): Modify property of object successfully

2018-05-30 17:29:48 - [MESSAGE][PASSED] - Modify property of object successfully

2018-05-30 17:29:48 - [TEST_STEP][PASSED] - Statement - batchsize = com.kms.katalon.core.webui.keyword.WebUiBuiltInKeywords.getNumberOfTotalOption(batchlength): 8 options of object '' counted

2018-05-30 17:29:48 - [MESSAGE][PASSED] - 8 options of object '' counted

2018-05-30 17:29:48 - [TEST_STEP][PASSED] - Statement - out.println("BatchSize : " + batchsize): null

2018-05-30 17:29:48 - [TEST_STEP][PASSED] - Statement - For ([n = 1, n <= batchsize - 1, (n++)]): null

2018-05-30 17:29:48 - [TEST_STEP][PASSED] - Statement - product = new com.kms.katalon.core.testobject.TestObject(): null

2018-05-30 17:29:48 - [TEST_STEP][PASSED] - Statement - product = com.kms.katalon.core.webui.keyword.WebUiBuiltInKeywords.modifyObjectProperty(product, "xpath", "equals", "//*[@id = "fldvendor" + row + ""]", true): Modify property of object successfully

2018-05-30 17:29:48 - [MESSAGE][PASSED] - Modify property of object successfully

2018-05-30 17:29:48 - [TEST_STEP][PASSED] - selectOptionByIndex: All options with index in [1] are selected on object ''

2018-05-30 17:29:48 - [MESSAGE][PASSED] - All options with index in [1] are selected on object ''

2018-05-30 17:29:48 - [TEST_STEP][PASSED] - delay: Delayed 2 second(s)

2018-05-30 17:29:50 - [MESSAGE][PASSED] - Delayed 2 second(s)

2018-05-30 17:29:50 - [TEST_STEP][PASSED] - Statement - batch = new com.kms.katalon.core.testobject.TestObject(): null

2018-05-30 17:29:50 - [TEST_STEP][PASSED] - Statement - batch = com.kms.katalon.core.webui.keyword.WebUiBuiltInKeywords.modifyObjectProperty(batch, "xpath", "equals", "//*[@id = "txtbthqty" + row + ""]", true): Modify property of object successfully

2018-05-30 17:29:50 - [MESSAGE][PASSED] - Modify property of object successfully

2018-05-30 17:29:50 - [TEST_STEP][PASSED] - Statement - batchqty = com.kms.katalon.core.webui.keyword.WebUiBuiltInKeywords.getAttribute(batch, "value").trim(): Attribute 'value' of object '' is: '37800'

2018-05-30 17:29:50 - [MESSAGE][PASSED] - Attribute 'value' of object '' is: '37800'

2018-05-30 17:29:50 - [TEST_STEP][PASSED] - Statement - Rqty = 100: null

2018-05-30 17:29:50 - [TEST_STEP][PASSED] - Statement - out.println("BatchQty : " + batchqty): null

2018-05-30 17:29:50 - [TEST_STEP][PASSED] - Statement - out.println("RQty : " + Rqty): null

2018-05-30 17:29:50 - [TEST_STEP][PASSED] - Statement - If (java.lang.Integer.valueOf(batchqty) >= java.lang.Integer.valueOf(Rqty)): null

2018-05-30 17:29:50 - [TEST_STEP][PASSED] - Statement - Break: null

2018-05-30 17:29:50 - [TEST_STEP][PASSED] - Statement - batchlength = new com.kms.katalon.core.testobject.TestObject(): null

2018-05-30 17:29:50 - [TEST_STEP][PASSED] - Statement - batchlength = com.kms.katalon.core.webui.keyword.WebUiBuiltInKeywords.modifyObjectProperty(batchlength, "xpath", "equals", "//*[@id = "fldvendor" + row + ""]", true): Modify property of object successfully

2018-05-30 17:29:50 - [MESSAGE][PASSED] - Modify property of object successfully

2018-05-30 17:29:50 - [TEST_STEP][PASSED] - Statement - batchsize = com.kms.katalon.core.webui.keyword.WebUiBuiltInKeywords.getNumberOfTotalOption(batchlength): 8 options of object '' counted

2018-05-30 17:29:50 - [MESSAGE][PASSED] - 8 options of object '' counted

2018-05-30 17:29:50 - [TEST_STEP][PASSED] - Statement - out.println("BatchSize : " + batchsize): null

2018-05-30 17:29:50 - [TEST_STEP][PASSED] - Statement - For ([n = 1, n <= batchsize - 1, (n++)]): null

2018-05-30 17:29:50 - [TEST_STEP][PASSED] - Statement - product = new com.kms.katalon.core.testobject.TestObject(): null

2018-05-30 17:29:50 - [TEST_STEP][PASSED] - Statement - product = com.kms.katalon.core.webui.keyword.WebUiBuiltInKeywords.modifyObjectProperty(product, "xpath", "equals", "//*[@id = "fldvendor" + row + ""]", true): Modify property of object successfully

2018-05-30 17:29:50 - [MESSAGE][PASSED] - Modify property of object successfully

2018-05-30 17:29:50 - [TEST_STEP][PASSED] - selectOptionByIndex: All options with index in [1] are selected on object ''

2018-05-30 17:29:50 - [MESSAGE][PASSED] - All options with index in [1] are selected on object ''

2018-05-30 17:29:50 - [TEST_STEP][PASSED] - delay: Delayed 2 second(s)

2018-05-30 17:29:52 - [MESSAGE][PASSED] - Delayed 2 second(s)

2018-05-30 17:29:52 - [TEST_STEP][PASSED] - Statement - batch = new com.kms.katalon.core.testobject.TestObject(): null

2018-05-30 17:29:52 - [TEST_STEP][PASSED] - Statement - batch = com.kms.katalon.core.webui.keyword.WebUiBuiltInKeywords.modifyObjectProperty(batch, "xpath", "equals", "//*[@id = "txtbthqty" + row + ""]", true): Modify property of object successfully

2018-05-30 17:29:52 - [MESSAGE][PASSED] - Modify property of object successfully

2018-05-30 17:29:52 - [TEST_STEP][PASSED] - Statement - batchqty = com.kms.katalon.core.webui.keyword.WebUiBuiltInKeywords.getAttribute(batch, "value").trim(): Attribute 'value' of object '' is: '4500'

2018-05-30 17:29:52 - [MESSAGE][PASSED] - Attribute 'value' of object '' is: '4500'

2018-05-30 17:29:52 - [TEST_STEP][PASSED] - Statement - Rqty = 100: null

2018-05-30 17:29:52 - [TEST_STEP][PASSED] - Statement - out.println("BatchQty : " + batchqty): null

2018-05-30 17:29:52 - [TEST_STEP][PASSED] - Statement - out.println("RQty : " + Rqty): null

2018-05-30 17:29:52 - [TEST_STEP][PASSED] - Statement - If (java.lang.Integer.valueOf(batchqty) >= java.lang.Integer.valueOf(Rqty)): null

2018-05-30 17:29:52 - [TEST_STEP][PASSED] - Statement - Break: null

2018-05-30 17:29:52 - [TEST_STEP][PASSED] - Statement - batchlength = new com.kms.katalon.core.testobject.TestObject(): null

2018-05-30 17:29:52 - [TEST_STEP][PASSED] - Statement - batchlength = com.kms.katalon.core.webui.keyword.WebUiBuiltInKeywords.modifyObjectProperty(batchlength, "xpath", "equals", "//*[@id = "fldvendor" + row + ""]", true): Modify property of object successfully

2018-05-30 17:29:52 - [MESSAGE][PASSED] - Modify property of object successfully

2018-05-30 17:29:52 - [TEST_STEP][PASSED] - Statement - batchsize = com.kms.katalon.core.webui.keyword.WebUiBuiltInKeywords.getNumberOfTotalOption(batchlength): 8 options of object '' counted

2018-05-30 17:29:52 - [MESSAGE][PASSED] - 8 options of object '' counted

2018-05-30 17:29:52 - [TEST_STEP][PASSED] - Statement - out.println("BatchSize : " + batchsize): null

2018-05-30 17:29:52 - [TEST_STEP][PASSED] - Statement - For ([n = 1, n <= batchsize - 1, (n++)]): null

2018-05-30 17:29:52 - [TEST_STEP][PASSED] - Statement - product = new com.kms.katalon.core.testobject.TestObject(): null

2018-05-30 17:29:52 - [TEST_STEP][PASSED] - Statement - product = com.kms.katalon.core.webui.keyword.WebUiBuiltInKeywords.modifyObjectProperty(product, "xpath", "equals", "//*[@id = "fldvendor" + row + ""]", true): Modify property of object successfully

2018-05-30 17:29:52 - [MESSAGE][PASSED] - Modify property of object successfully

2018-05-30 17:29:52 - [TEST_STEP][PASSED] - selectOptionByIndex: All options with index in [1] are selected on object ''

2018-05-30 17:29:52 - [MESSAGE][PASSED] - All options with index in [1] are selected on object ''

2018-05-30 17:29:52 - [TEST_STEP][PASSED] - delay: Delayed 2 second(s)

2018-05-30 17:29:54 - [MESSAGE][PASSED] - Delayed 2 second(s)

2018-05-30 17:29:54 - [TEST_STEP][PASSED] - Statement - batch = new com.kms.katalon.core.testobject.TestObject(): null

2018-05-30 17:29:54 - [TEST_STEP][PASSED] - Statement - batch = com.kms.katalon.core.webui.keyword.WebUiBuiltInKeywords.modifyObjectProperty(batch, "xpath", "equals", "//*[@id = "txtbthqty" + row + ""]", true): Modify property of object successfully

2018-05-30 17:29:54 - [MESSAGE][PASSED] - Modify property of object successfully

2018-05-30 17:29:54 - [TEST_STEP][PASSED] - Statement - batchqty = com.kms.katalon.core.webui.keyword.WebUiBuiltInKeywords.getAttribute(batch, "value").trim(): Attribute 'value' of object '' is: '3100'

2018-05-30 17:29:54 - [MESSAGE][PASSED] - Attribute 'value' of object '' is: '3100'

2018-05-30 17:29:54 - [TEST_STEP][PASSED] - Statement - Rqty = 100: null

2018-05-30 17:29:54 - [TEST_STEP][PASSED] - Statement - out.println("BatchQty : " + batchqty): null

2018-05-30 17:29:54 - [TEST_STEP][PASSED] - Statement - out.println("RQty : " + Rqty): null

2018-05-30 17:29:54 - [TEST_STEP][PASSED] - Statement - If (java.lang.Integer.valueOf(batchqty) >= java.lang.Integer.valueOf(Rqty)): null

2018-05-30 17:29:54 - [TEST_STEP][PASSED] - Statement - Break: null

2018-05-30 17:29:54 - [TEST_STEP][PASSED] - Statement - batchlength = new com.kms.katalon.core.testobject.TestObject(): null

2018-05-30 17:29:54 - [TEST_STEP][PASSED] - Statement - batchlength = com.kms.katalon.core.webui.keyword.WebUiBuiltInKeywords.modifyObjectProperty(batchlength, "xpath", "equals", "//*[@id = "fldvendor" + row + ""]", true): Modify property of object successfully

2018-05-30 17:29:54 - [MESSAGE][PASSED] - Modify property of object successfully

2018-05-30 17:29:54 - [TEST_STEP][PASSED] - Statement - batchsize = com.kms.katalon.core.webui.keyword.WebUiBuiltInKeywords.getNumberOfTotalOption(batchlength): 8 options of object '' counted

2018-05-30 17:29:54 - [MESSAGE][PASSED] - 8 options of object '' counted

2018-05-30 17:29:54 - [TEST_STEP][PASSED] - Statement - out.println("BatchSize : " + batchsize): null

2018-05-30 17:29:54 - [TEST_STEP][PASSED] - Statement - For ([n = 1, n <= batchsize - 1, (n++)]): null

2018-05-30 17:29:54 - [TEST_STEP][PASSED] - Statement - product = new com.kms.katalon.core.testobject.TestObject(): null

2018-05-30 17:29:54 - [TEST_STEP][PASSED] - Statement - product = com.kms.katalon.core.webui.keyword.WebUiBuiltInKeywords.modifyObjectProperty(product, "xpath", "equals", "//*[@id = "fldvendor" + row + ""]", true): Modify property of object successfully

2018-05-30 17:29:54 - [MESSAGE][PASSED] - Modify property of object successfully

2018-05-30 17:29:54 - [TEST_STEP][PASSED] - selectOptionByIndex: All options with index in [1] are selected on object ''

2018-05-30 17:29:54 - [MESSAGE][PASSED] - All options with index in [1] are selected on object ''

2018-05-30 17:29:54 - [TEST_STEP][PASSED] - delay: Delayed 2 second(s)

2018-05-30 17:29:56 - [MESSAGE][PASSED] - Delayed 2 second(s)

2018-05-30 17:29:56 - [TEST_STEP][PASSED] - Statement - batch = new com.kms.katalon.core.testobject.TestObject(): null

2018-05-30 17:29:56 - [TEST_STEP][PASSED] - Statement - batch = com.kms.katalon.core.webui.keyword.WebUiBuiltInKeywords.modifyObjectProperty(batch, "xpath", "equals", "//*[@id = "txtbthqty" + row + ""]", true): Modify property of object successfully

2018-05-30 17:29:56 - [MESSAGE][PASSED] - Modify property of object successfully

2018-05-30 17:29:56 - [TEST_STEP][PASSED] - Statement - batchqty = com.kms.katalon.core.webui.keyword.WebUiBuiltInKeywords.getAttribute(batch, "value").trim(): Attribute 'value' of object '' is: '4500'

2018-05-30 17:29:57 - [MESSAGE][PASSED] - Attribute 'value' of object '' is: '4500'

2018-05-30 17:29:57 - [TEST_STEP][PASSED] - Statement - Rqty = 100: null

2018-05-30 17:29:57 - [TEST_STEP][PASSED] - Statement - out.println("BatchQty : " + batchqty): null

2018-05-30 17:29:57 - [TEST_STEP][PASSED] - Statement - out.println("RQty : " + Rqty): null

2018-05-30 17:29:57 - [TEST_STEP][PASSED] - Statement - If (java.lang.Integer.valueOf(batchqty) >= java.lang.Integer.valueOf(Rqty)): null

2018-05-30 17:29:57 - [TEST_STEP][PASSED] - Statement - Break: null

2018-05-30 17:29:57 - [TEST_STEP][PASSED] - Statement - batchlength = new com.kms.katalon.core.testobject.TestObject(): null

2018-05-30 17:29:57 - [TEST_STEP][PASSED] - Statement - batchlength = com.kms.katalon.core.webui.keyword.WebUiBuiltInKeywords.modifyObjectProperty(batchlength, "xpath", "equals", "//*[@id = "fldvendor" + row + ""]", true): Modify property of object successfully

2018-05-30 17:29:57 - [MESSAGE][PASSED] - Modify property of object successfully

2018-05-30 17:29:57 - [TEST_STEP][PASSED] - Statement - batchsize = com.kms.katalon.core.webui.keyword.WebUiBuiltInKeywords.getNumberOfTotalOption(batchlength): 8 options of object '' counted

2018-05-30 17:29:57 - [MESSAGE][PASSED] - 8 options of object '' counted

2018-05-30 17:29:57 - [TEST_STEP][PASSED] - Statement - out.println("BatchSize : " + batchsize): null

2018-05-30 17:29:57 - [TEST_STEP][PASSED] - Statement - For ([n = 1, n <= batchsize - 1, (n++)]): null

2018-05-30 17:29:57 - [TEST_STEP][PASSED] - Statement - product = new com.kms.katalon.core.testobject.TestObject(): null

2018-05-30 17:29:57 - [TEST_STEP][PASSED] - Statement - product = com.kms.katalon.core.webui.keyword.WebUiBuiltInKeywords.modifyObjectProperty(product, "xpath", "equals", "//*[@id = "fldvendor" + row + ""]", true): Modify property of object successfully

2018-05-30 17:29:57 - [MESSAGE][PASSED] - Modify property of object successfully

2018-05-30 17:29:57 - [TEST_STEP][PASSED] - selectOptionByIndex: All options with index in [1] are selected on object ''

2018-05-30 17:29:57 - [MESSAGE][PASSED] - All options with index in [1] are selected on object ''

2018-05-30 17:29:57 - [TEST_STEP][PASSED] - delay: Delayed 2 second(s)

2018-05-30 17:29:59 - [MESSAGE][PASSED] - Delayed 2 second(s)

2018-05-30 17:29:59 - [TEST_STEP][PASSED] - Statement - batch = new com.kms.katalon.core.testobject.TestObject(): null

2018-05-30 17:29:59 - [TEST_STEP][PASSED] - Statement - batch = com.kms.katalon.core.webui.keyword.WebUiBuiltInKeywords.modifyObjectProperty(batch, "xpath", "equals", "//*[@id = "txtbthqty" + row + ""]", true): Modify property of object successfully

2018-05-30 17:29:59 - [MESSAGE][PASSED] - Modify property of object successfully

2018-05-30 17:29:59 - [TEST_STEP][PASSED] - Statement - batchqty = com.kms.katalon.core.webui.keyword.WebUiBuiltInKeywords.getAttribute(batch, "value").trim(): Attribute 'value' of object '' is: '3100'

2018-05-30 17:29:59 - [MESSAGE][PASSED] - Attribute 'value' of object '' is: '3100'

2018-05-30 17:29:59 - [TEST_STEP][PASSED] - Statement - Rqty = 100: null

2018-05-30 17:29:59 - [TEST_STEP][PASSED] - Statement - out.println("BatchQty : " + batchqty): null

2018-05-30 17:29:59 - [TEST_STEP][PASSED] - Statement - out.println("RQty : " + Rqty): null

2018-05-30 17:29:59 - [TEST_STEP][PASSED] - Statement - If (java.lang.Integer.valueOf(batchqty) >= java.lang.Integer.valueOf(Rqty)): null

2018-05-30 17:29:59 - [TEST_STEP][PASSED] - Statement - Break: null

2018-05-30 17:29:59 - [TEST_STEP][PASSED] - Statement - batchlength = new com.kms.katalon.core.testobject.TestObject(): null

2018-05-30 17:29:59 - [TEST_STEP][PASSED] - Statement - batchlength = com.kms.katalon.core.webui.keyword.WebUiBuiltInKeywords.modifyObjectProperty(batchlength, "xpath", "equals", "//*[@id = "fldvendor" + row + ""]", true): Modify property of object successfully

2018-05-30 17:29:59 - [MESSAGE][PASSED] - Modify property of object successfully

2018-05-30 17:29:59 - [TEST_STEP][PASSED] - Statement - batchsize = com.kms.katalon.core.webui.keyword.WebUiBuiltInKeywords.getNumberOfTotalOption(batchlength): 8 options of object '' counted

2018-05-30 17:29:59 - [MESSAGE][PASSED] - 8 options of object '' counted

2018-05-30 17:29:59 - [TEST_STEP][PASSED] - Statement - out.println("BatchSize : " + batchsize): null

2018-05-30 17:29:59 - [TEST_STEP][PASSED] - Statement - For ([n = 1, n <= batchsize - 1, (n++)]): null

2018-05-30 17:29:59 - [TEST_STEP][PASSED] - Statement - product = new com.kms.katalon.core.testobject.TestObject(): null

2018-05-30 17:29:59 - [TEST_STEP][PASSED] - Statement - product = com.kms.katalon.core.webui.keyword.WebUiBuiltInKeywords.modifyObjectProperty(product, "xpath", "equals", "//*[@id = "fldvendor" + row + ""]", true): Modify property of object successfully

2018-05-30 17:29:59 - [MESSAGE][PASSED] - Modify property of object successfully

2018-05-30 17:29:59 - [TEST_STEP][PASSED] - selectOptionByIndex: All options with index in [1] are selected on object ''

2018-05-30 17:29:59 - [MESSAGE][PASSED] - All options with index in [1] are selected on object ''

2018-05-30 17:29:59 - [TEST_STEP][PASSED] - delay: Delayed 2 second(s)

2018-05-30 17:30:01 - [MESSAGE][PASSED] - Delayed 2 second(s)

2018-05-30 17:30:01 - [TEST_STEP][PASSED] - Statement - batch = new com.kms.katalon.core.testobject.TestObject(): null

2018-05-30 17:30:01 - [TEST_STEP][PASSED] - Statement - batch = com.kms.katalon.core.webui.keyword.WebUiBuiltInKeywords.modifyObjectProperty(batch, "xpath", "equals", "//*[@id = "txtbthqty" + row + ""]", true): Modify property of object successfully

2018-05-30 17:30:01 - [MESSAGE][PASSED] - Modify property of object successfully

2018-05-30 17:30:01 - [TEST_STEP][PASSED] - Statement - batchqty = com.kms.katalon.core.webui.keyword.WebUiBuiltInKeywords.getAttribute(batch, "value").trim(): Attribute 'value' of object '' is: '5000'

2018-05-30 17:30:01 - [MESSAGE][PASSED] - Attribute 'value' of object '' is: '5000'

2018-05-30 17:30:01 - [TEST_STEP][PASSED] - Statement - Rqty = 100: null

2018-05-30 17:30:01 - [TEST_STEP][PASSED] - Statement - out.println("BatchQty : " + batchqty): null

2018-05-30 17:30:01 - [TEST_STEP][PASSED] - Statement - out.println("RQty : " + Rqty): null

2018-05-30 17:30:01 - [TEST_STEP][PASSED] - Statement - If (java.lang.Integer.valueOf(batchqty) >= java.lang.Integer.valueOf(Rqty)): null

2018-05-30 17:30:01 - [TEST_STEP][PASSED] - Statement - Break: null

2018-05-30 17:30:01 - [TEST_STEP][PASSED] - Statement - batchlength = new com.kms.katalon.core.testobject.TestObject(): null

2018-05-30 17:30:01 - [TEST_STEP][PASSED] - Statement - batchlength = com.kms.katalon.core.webui.keyword.WebUiBuiltInKeywords.modifyObjectProperty(batchlength, "xpath", "equals", "//*[@id = "fldvendor" + row + ""]", true): Modify property of object successfully

2018-05-30 17:30:01 - [MESSAGE][PASSED] - Modify property of object successfully

2018-05-30 17:30:01 - [TEST_STEP][PASSED] - Statement - batchsize = com.kms.katalon.core.webui.keyword.WebUiBuiltInKeywords.getNumberOfTotalOption(batchlength): 8 options of object '' counted

2018-05-30 17:30:01 - [MESSAGE][PASSED] - 8 options of object '' counted

2018-05-30 17:30:01 - [TEST_STEP][PASSED] - Statement - out.println("BatchSize : " + batchsize): null

2018-05-30 17:30:01 - [TEST_STEP][PASSED] - Statement - For ([n = 1, n <= batchsize - 1, (n++)]): null

2018-05-30 17:30:01 - [TEST_STEP][PASSED] - Statement - product = new com.kms.katalon.core.testobject.TestObject(): null

2018-05-30 17:30:01 - [TEST_STEP][PASSED] - Statement - product = com.kms.katalon.core.webui.keyword.WebUiBuiltInKeywords.modifyObjectProperty(product, "xpath", "equals", "//*[@id = "fldvendor" + row + ""]", true): Modify property of object successfully

2018-05-30 17:30:01 - [MESSAGE][PASSED] - Modify property of object successfully

2018-05-30 17:30:01 - [TEST_STEP][PASSED] - selectOptionByIndex: All options with index in [1] are selected on object ''

2018-05-30 17:30:01 - [MESSAGE][PASSED] - All options with index in [1] are selected on object ''

2018-05-30 17:30:01 - [TEST_STEP][PASSED] - delay: Delayed 2 second(s)

2018-05-30 17:30:03 - [MESSAGE][PASSED] - Delayed 2 second(s)

2018-05-30 17:30:03 - [TEST_STEP][PASSED] - Statement - batch = new com.kms.katalon.core.testobject.TestObject(): null

2018-05-30 17:30:03 - [TEST_STEP][PASSED] - Statement - batch = com.kms.katalon.core.webui.keyword.WebUiBuiltInKeywords.modifyObjectProperty(batch, "xpath", "equals", "//*[@id = "txtbthqty" + row + ""]", true): Modify property of object successfully

2018-05-30 17:30:03 - [MESSAGE][PASSED] - Modify property of object successfully

2018-05-30 17:30:03 - [TEST_STEP][PASSED] - Statement - batchqty = com.kms.katalon.core.webui.keyword.WebUiBuiltInKeywords.getAttribute(batch, "value").trim(): Attribute 'value' of object '' is: '5000'

2018-05-30 17:30:03 - [MESSAGE][PASSED] - Attribute 'value' of object '' is: '5000'

2018-05-30 17:30:03 - [TEST_STEP][PASSED] - Statement - Rqty = 100: null

2018-05-30 17:30:03 - [TEST_STEP][PASSED] - Statement - out.println("BatchQty : " + batchqty): null

2018-05-30 17:30:03 - [TEST_STEP][PASSED] - Statement - out.println("RQty : " + Rqty): null

2018-05-30 17:30:03 - [TEST_STEP][PASSED] - Statement - If (java.lang.Integer.valueOf(batchqty) >= java.lang.Integer.valueOf(Rqty)): null

2018-05-30 17:30:03 - [TEST_STEP][PASSED] - Statement - Break: null

2018-05-30 17:30:03 - [TEST_STEP][PASSED] - Statement - batchlength = new com.kms.katalon.core.testobject.TestObject(): null

2018-05-30 17:30:03 - [TEST_STEP][PASSED] - Statement - batchlength = com.kms.katalon.core.webui.keyword.WebUiBuiltInKeywords.modifyObjectProperty(batchlength, "xpath", "equals", "//*[@id = "fldvendor" + row + ""]", true): Modify property of object successfully

2018-05-30 17:30:03 - [MESSAGE][PASSED] - Modify property of object successfully

2018-05-30 17:30:03 - [TEST_STEP][PASSED] - Statement - batchsize = com.kms.katalon.core.webui.keyword.WebUiBuiltInKeywords.getNumberOfTotalOption(batchlength): 8 options of object '' counted

2018-05-30 17:30:03 - [MESSAGE][PASSED] - 8 options of object '' counted

2018-05-30 17:30:03 - [TEST_STEP][PASSED] - Statement - out.println("BatchSize : " + batchsize): null

2018-05-30 17:30:03 - [TEST_STEP][PASSED] - Statement - For ([n = 1, n <= batchsize - 1, (n++)]): null

2018-05-30 17:30:03 - [TEST_STEP][PASSED] - Statement - product = new com.kms.katalon.core.testobject.TestObject(): null

2018-05-30 17:30:03 - [TEST_STEP][PASSED] - Statement - product = com.kms.katalon.core.webui.keyword.WebUiBuiltInKeywords.modifyObjectProperty(product, "xpath", "equals", "//*[@id = "fldvendor" + row + ""]", true): Modify property of object successfully

2018-05-30 17:30:03 - [MESSAGE][PASSED] - Modify property of object successfully

2018-05-30 17:30:03 - [TEST_STEP][PASSED] - selectOptionByIndex: All options with index in [1] are selected on object ''

2018-05-30 17:30:03 - [MESSAGE][PASSED] - All options with index in [1] are selected on object ''

2018-05-30 17:30:03 - [TEST_STEP][PASSED] - delay: Delayed 2 second(s)

2018-05-30 17:30:05 - [MESSAGE][PASSED] - Delayed 2 second(s)

2018-05-30 17:30:05 - [TEST_STEP][PASSED] - Statement - batch = new com.kms.katalon.core.testobject.TestObject(): null

2018-05-30 17:30:05 - [TEST_STEP][PASSED] - Statement - batch = com.kms.katalon.core.webui.keyword.WebUiBuiltInKeywords.modifyObjectProperty(batch, "xpath", "equals", "//*[@id = "txtbthqty" + row + ""]", true): Modify property of object successfully

2018-05-30 17:30:05 - [MESSAGE][PASSED] - Modify property of object successfully

2018-05-30 17:30:05 - [TEST_STEP][PASSED] - Statement - batchqty = com.kms.katalon.core.webui.keyword.WebUiBuiltInKeywords.getAttribute(batch, "value").trim(): Attribute 'value' of object '' is: '4100'

2018-05-30 17:30:06 - [MESSAGE][PASSED] - Attribute 'value' of object '' is: '4100'

2018-05-30 17:30:06 - [TEST_STEP][PASSED] - Statement - Rqty = 100: null

2018-05-30 17:30:06 - [TEST_STEP][PASSED] - Statement - out.println("BatchQty : " + batchqty): null

2018-05-30 17:30:06 - [TEST_STEP][PASSED] - Statement - out.println("RQty : " + Rqty): null

2018-05-30 17:30:06 - [TEST_STEP][PASSED] - Statement - If (java.lang.Integer.valueOf(batchqty) >= java.lang.Integer.valueOf(Rqty)): null

2018-05-30 17:30:06 - [TEST_STEP][PASSED] - Statement - Break: null

2018-05-30 17:30:06 - [TEST_STEP][PASSED] - Statement - batchlength = new com.kms.katalon.core.testobject.TestObject(): null

2018-05-30 17:30:06 - [TEST_STEP][PASSED] - Statement - batchlength = com.kms.katalon.core.webui.keyword.WebUiBuiltInKeywords.modifyObjectProperty(batchlength, "xpath", "equals", "//*[@id = "fldvendor" + row + ""]", true): Modify property of object successfully

2018-05-30 17:30:06 - [MESSAGE][PASSED] - Modify property of object successfully

2018-05-30 17:30:06 - [TEST_STEP][PASSED] - Statement - batchsize = com.kms.katalon.core.webui.keyword.WebUiBuiltInKeywords.getNumberOfTotalOption(batchlength): 8 options of object '' counted

2018-05-30 17:30:06 - [MESSAGE][PASSED] - 8 options of object '' counted

2018-05-30 17:30:06 - [TEST_STEP][PASSED] - Statement - out.println("BatchSize : " + batchsize): null

2018-05-30 17:30:06 - [TEST_STEP][PASSED] - Statement - For ([n = 1, n <= batchsize - 1, (n++)]): null

2018-05-30 17:30:06 - [TEST_STEP][PASSED] - Statement - product = new com.kms.katalon.core.testobject.TestObject(): null

2018-05-30 17:30:06 - [TEST_STEP][PASSED] - Statement - product = com.kms.katalon.core.webui.keyword.WebUiBuiltInKeywords.modifyObjectProperty(product, "xpath", "equals", "//*[@id = "fldvendor" + row + ""]", true): Modify property of object successfully

2018-05-30 17:30:06 - [MESSAGE][PASSED] - Modify property of object successfully

2018-05-30 17:30:06 - [TEST_STEP][PASSED] - selectOptionByIndex: All options with index in [1] are selected on object ''

2018-05-30 17:30:06 - [MESSAGE][PASSED] - All options with index in [1] are selected on object ''

2018-05-30 17:30:06 - [TEST_STEP][PASSED] - delay: Delayed 2 second(s)

2018-05-30 17:30:08 - [MESSAGE][PASSED] - Delayed 2 second(s)

2018-05-30 17:30:08 - [TEST_STEP][PASSED] - Statement - batch = new com.kms.katalon.core.testobject.TestObject(): null

2018-05-30 17:30:08 - [TEST_STEP][PASSED] - Statement - batch = com.kms.katalon.core.webui.keyword.WebUiBuiltInKeywords.modifyObjectProperty(batch, "xpath", "equals", "//*[@id = "txtbthqty" + row + ""]", true): Modify property of object successfully

2018-05-30 17:30:08 - [MESSAGE][PASSED] - Modify property of object successfully

2018-05-30 17:30:08 - [TEST_STEP][PASSED] - Statement - batchqty = com.kms.katalon.core.webui.keyword.WebUiBuiltInKeywords.getAttribute(batch, "value").trim(): Attribute 'value' of object '' is: '4500'

2018-05-30 17:30:08 - [MESSAGE][PASSED] - Attribute 'value' of object '' is: '4500'

2018-05-30 17:30:08 - [TEST_STEP][PASSED] - Statement - Rqty = 100: null

2018-05-30 17:30:08 - [TEST_STEP][PASSED] - Statement - out.println("BatchQty : " + batchqty): null

2018-05-30 17:30:08 - [TEST_STEP][PASSED] - Statement - out.println("RQty : " + Rqty): null

2018-05-30 17:30:08 - [TEST_STEP][PASSED] - Statement - If (java.lang.Integer.valueOf(batchqty) >= java.lang.Integer.valueOf(Rqty)): null

2018-05-30 17:30:08 - [TEST_STEP][PASSED] - Statement - Break: null

2018-05-30 17:30:08 - [TEST_STEP][PASSED] - Statement - batchlength = new com.kms.katalon.core.testobject.TestObject(): null

2018-05-30 17:30:08 - [TEST_STEP][PASSED] - Statement - batchlength = com.kms.katalon.core.webui.keyword.WebUiBuiltInKeywords.modifyObjectProperty(batchlength, "xpath", "equals", "//*[@id = "fldvendor" + row + ""]", true): Modify property of object successfully

2018-05-30 17:30:08 - [MESSAGE][PASSED] - Modify property of object successfully

2018-05-30 17:30:08 - [TEST_STEP][PASSED] - Statement - batchsize = com.kms.katalon.core.webui.keyword.WebUiBuiltInKeywords.getNumberOfTotalOption(batchlength): 8 options of object '' counted

2018-05-30 17:30:08 - [MESSAGE][PASSED] - 8 options of object '' counted

2018-05-30 17:30:08 - [TEST_STEP][PASSED] - Statement - out.println("BatchSize : " + batchsize): null

2018-05-30 17:30:08 - [TEST_STEP][PASSED] - Statement - For ([n = 1, n <= batchsize - 1, (n++)]): null

2018-05-30 17:30:08 - [TEST_STEP][PASSED] - Statement - product = new com.kms.katalon.core.testobject.TestObject(): null

2018-05-30 17:30:08 - [TEST_STEP][PASSED] - Statement - product = com.kms.katalon.core.webui.keyword.WebUiBuiltInKeywords.modifyObjectProperty(product, "xpath", "equals", "//*[@id = "fldvendor" + row + ""]", true): Modify property of object successfully

2018-05-30 17:30:08 - [MESSAGE][PASSED] - Modify property of object successfully

2018-05-30 17:30:08 - [TEST_STEP][PASSED] - selectOptionByIndex: All options with index in [1] are selected on object ''

2018-05-30 17:30:08 - [MESSAGE][PASSED] - All options with index in [1] are selected on object ''

2018-05-30 17:30:08 - [TEST_STEP][PASSED] - delay: Delayed 2 second(s)

2018-05-30 17:30:10 - [MESSAGE][PASSED] - Delayed 2 second(s)

2018-05-30 17:30:10 - [TEST_STEP][PASSED] - Statement - batch = new com.kms.katalon.core.testobject.TestObject(): null

2018-05-30 17:30:10 - [TEST_STEP][PASSED] - Statement - batch = com.kms.katalon.core.webui.keyword.WebUiBuiltInKeywords.modifyObjectProperty(batch, "xpath", "equals", "//*[@id = "txtbthqty" + row + ""]", true): Modify property of object successfully

2018-05-30 17:30:10 - [MESSAGE][PASSED] - Modify property of object successfully

2018-05-30 17:30:10 - [TEST_STEP][PASSED] - Statement - batchqty = com.kms.katalon.core.webui.keyword.WebUiBuiltInKeywords.getAttribute(batch, "value").trim(): Attribute 'value' of object '' is: '4700'

2018-05-30 17:30:10 - [MESSAGE][PASSED] - Attribute 'value' of object '' is: '4700'

2018-05-30 17:30:10 - [TEST_STEP][PASSED] - Statement - Rqty = 100: null

2018-05-30 17:30:10 - [TEST_STEP][PASSED] - Statement - out.println("BatchQty : " + batchqty): null

2018-05-30 17:30:10 - [TEST_STEP][PASSED] - Statement - out.println("RQty : " + Rqty): null

2018-05-30 17:30:10 - [TEST_STEP][PASSED] - Statement - If (java.lang.Integer.valueOf(batchqty) >= java.lang.Integer.valueOf(Rqty)): null

2018-05-30 17:30:10 - [TEST_STEP][PASSED] - Statement - Break: null

2018-05-30 17:30:10 - [TEST_STEP][PASSED] - Statement - batchlength = new com.kms.katalon.core.testobject.TestObject(): null

2018-05-30 17:30:10 - [TEST_STEP][PASSED] - Statement - batchlength = com.kms.katalon.core.webui.keyword.WebUiBuiltInKeywords.modifyObjectProperty(batchlength, "xpath", "equals", "//*[@id = "fldvendor" + row + ""]", true): Modify property of object successfully

2018-05-30 17:30:10 - [MESSAGE][PASSED] - Modify property of object successfully

2018-05-30 17:30:10 - [TEST_STEP][PASSED] - Statement - batchsize = com.kms.katalon.core.webui.keyword.WebUiBuiltInKeywords.getNumberOfTotalOption(batchlength): 8 options of object '' counted

2018-05-30 17:30:10 - [MESSAGE][PASSED] - 8 options of object '' counted

2018-05-30 17:30:10 - [TEST_STEP][PASSED] - Statement - out.println("BatchSize : " + batchsize): null

2018-05-30 17:30:10 - [TEST_STEP][PASSED] - Statement - For ([n = 1, n <= batchsize - 1, (n++)]): null

2018-05-30 17:30:10 - [TEST_STEP][PASSED] - Statement - product = new com.kms.katalon.core.testobject.TestObject(): null

2018-05-30 17:31:06 - [TEST_STEP][PASSED] - Statement - product = com.kms.katalon.core.webui.keyword.WebUiBuiltInKeywords.modifyObjectProperty(product, "xpath", "equals", "//*[@id = "fldvendor" + row + ""]", true): Modify property of object successfully

2018-05-30 17:31:06 - [MESSAGE][PASSED] - Modify property of object successfully

2018-05-30 17:31:06 - [TEST_STEP][PASSED] - selectOptionByIndex: All options with index in [1] are selected on object ''

2018-05-30 17:31:06 - [MESSAGE][PASSED] - All options with index in [1] are selected on object ''

2018-05-30 17:31:06 - [TEST_STEP][PASSED] - delay: Delayed 2 second(s)

2018-05-30 17:31:08 - [MESSAGE][PASSED] - Delayed 2 second(s)

2018-05-30 17:31:08 - [TEST_STEP][PASSED] - Statement - batch = new com.kms.katalon.core.testobject.TestObject(): null

2018-05-30 17:31:08 - [TEST_STEP][PASSED] - Statement - batch = com.kms.katalon.core.webui.keyword.WebUiBuiltInKeywords.modifyObjectProperty(batch, "xpath", "equals", "//*[@id = "txtbthqty" + row + ""]", true): Modify property of object successfully

2018-05-30 17:31:08 - [MESSAGE][PASSED] - Modify property of object successfully

2018-05-30 17:31:08 - [TEST_STEP][PASSED] - Statement - batchqty = com.kms.katalon.core.webui.keyword.WebUiBuiltInKeywords.getAttribute(batch, "value").trim(): Attribute 'value' of object '' is: '3100'

2018-05-30 17:31:08 - [MESSAGE][PASSED] - Attribute 'value' of object '' is: '3100'

2018-05-30 17:31:08 - [TEST_STEP][PASSED] - Statement - Rqty = 100: null

2018-05-30 17:31:08 - [TEST_STEP][PASSED] - Statement - out.println("BatchQty : " + batchqty): null

2018-05-30 17:31:08 - [TEST_STEP][PASSED] - Statement - out.println("RQty : " + Rqty): null

2018-05-30 17:31:08 - [TEST_STEP][PASSED] - Statement - If (java.lang.Integer.valueOf(batchqty) >= java.lang.Integer.valueOf(Rqty)): null

2018-05-30 17:31:08 - [TEST_STEP][PASSED] - Statement - Break: null

2018-05-30 17:31:08 - [TEST_STEP][PASSED] - Statement - batchlength = new com.kms.katalon.core.testobject.TestObject(): null

2018-05-30 17:31:08 - [TEST_STEP][PASSED] - Statement - batchlength = com.kms.katalon.core.webui.keyword.WebUiBuiltInKeywords.modifyObjectProperty(batchlength, "xpath", "equals", "//*[@id = "fldvendor" + row + ""]", true): Modify property of object successfully

2018-05-30 17:31:08 - [MESSAGE][PASSED] - Modify property of object successfully

2018-05-30 17:31:08 - [TEST_STEP][PASSED] - Statement - batchsize = com.kms.katalon.core.webui.keyword.WebUiBuiltInKeywords.getNumberOfTotalOption(batchlength): 8 options of object '' counted

2018-05-30 17:31:08 - [MESSAGE][PASSED] - 8 options of object '' counted

2018-05-30 17:31:08 - [TEST_STEP][PASSED] - Statement - out.println("BatchSize : " + batchsize): null

2018-05-30 17:31:08 - [TEST_STEP][PASSED] - Statement - For ([n = 1, n <= batchsize - 1, (n++)]): null

2018-05-30 17:31:08 - [TEST_STEP][PASSED] - Statement - product = new com.kms.katalon.core.testobject.TestObject(): null

2018-05-30 17:31:08 - [TEST_STEP][PASSED] - Statement - product = com.kms.katalon.core.webui.keyword.WebUiBuiltInKeywords.modifyObjectProperty(product, "xpath", "equals", "//*[@id = "fldvendor" + row + ""]", true): Modify property of object successfully

2018-05-30 17:31:08 - [MESSAGE][PASSED] - Modify property of object successfully

2018-05-30 17:31:08 - [TEST_STEP][PASSED] - selectOptionByIndex: All options with index in [1] are selected on object ''

2018-05-30 17:31:08 - [MESSAGE][PASSED] - All options with index in [1] are selected on object ''

2018-05-30 17:31:08 - [TEST_STEP][PASSED] - delay: Delayed 2 second(s)

2018-05-30 17:31:10 - [MESSAGE][PASSED] - Delayed 2 second(s)

2018-05-30 17:31:10 - [TEST_STEP][PASSED] - Statement - batch = new com.kms.katalon.core.testobject.TestObject(): null

2018-05-30 17:31:10 - [TEST_STEP][PASSED] - Statement - batch = com.kms.katalon.core.webui.keyword.WebUiBuiltInKeywords.modifyObjectProperty(batch, "xpath", "equals", "//*[@id = "txtbthqty" + row + ""]", true): Modify property of object successfully

2018-05-30 17:31:10 - [MESSAGE][PASSED] - Modify property of object successfully

2018-05-30 17:31:10 - [TEST_STEP][PASSED] - Statement - batchqty = com.kms.katalon.core.webui.keyword.WebUiBuiltInKeywords.getAttribute(batch, "value").trim(): Attribute 'value' of object '' is: '3100'

2018-05-30 17:31:10 - [MESSAGE][PASSED] - Attribute 'value' of object '' is: '3100'

2018-05-30 17:31:10 - [TEST_STEP][PASSED] - Statement - Rqty = 100: null

2018-05-30 17:31:10 - [TEST_STEP][PASSED] - Statement - out.println("BatchQty : " + batchqty): null

2018-05-30 17:31:10 - [TEST_STEP][PASSED] - Statement - out.println("RQty : " + Rqty): null

2018-05-30 17:31:10 - [TEST_STEP][PASSED] - Statement - If (java.lang.Integer.valueOf(batchqty) >= java.lang.Integer.valueOf(Rqty)): null

2018-05-30 17:31:10 - [TEST_STEP][PASSED] - Statement - Break: null

2018-05-30 17:31:10 - [TEST_STEP][PASSED] - Statement - batchlength = new com.kms.katalon.core.testobject.TestObject(): null

2018-05-30 17:31:10 - [TEST_STEP][PASSED] - Statement - batchlength = com.kms.katalon.core.webui.keyword.WebUiBuiltInKeywords.modifyObjectProperty(batchlength, "xpath", "equals", "//*[@id = "fldvendor" + row + ""]", true): Modify property of object successfully

2018-05-30 17:31:10 - [MESSAGE][PASSED] - Modify property of object successfully

2018-05-30 17:31:10 - [TEST_STEP][PASSED] - Statement - batchsize = com.kms.katalon.core.webui.keyword.WebUiBuiltInKeywords.getNumberOfTotalOption(batchlength): 8 options of object '' counted

2018-05-30 17:31:10 - [MESSAGE][PASSED] - 8 options of object '' counted

2018-05-30 17:31:10 - [TEST_STEP][PASSED] - Statement - out.println("BatchSize : " + batchsize): null

2018-05-30 17:31:10 - [TEST_STEP][PASSED] - Statement - For ([n = 1, n <= batchsize - 1, (n++)]): null

2018-05-30 17:31:10 - [TEST_STEP][PASSED] - Statement - product = new com.kms.katalon.core.testobject.TestObject(): null

2018-05-30 17:31:10 - [TEST_STEP][PASSED] - Statement - product = com.kms.katalon.core.webui.keyword.WebUiBuiltInKeywords.modifyObjectProperty(product, "xpath", "equals", "//*[@id = "fldvendor" + row + ""]", true): Modify property of object successfully

2018-05-30 17:31:10 - [MESSAGE][PASSED] - Modify property of object successfully

2018-05-30 17:31:10 - [TEST_STEP][PASSED] - selectOptionByIndex: All options with index in [1] are selected on object ''

2018-05-30 17:31:16 - [MESSAGE][PASSED] - All options with index in [1] are selected on object ''

2018-05-30 17:31:16 - [TEST_STEP][PASSED] - delay: Delayed 2 second(s)

2018-05-30 17:31:18 - [MESSAGE][PASSED] - Delayed 2 second(s)

2018-05-30 17:31:18 - [TEST_STEP][PASSED] - Statement - batch = new com.kms.katalon.core.testobject.TestObject(): null

2018-05-30 17:31:18 - [TEST_STEP][PASSED] - Statement - batch = com.kms.katalon.core.webui.keyword.WebUiBuiltInKeywords.modifyObjectProperty(batch, "xpath", "equals", "//*[@id = "txtbthqty" + row + ""]", true): Modify property of object successfully

2018-05-30 17:31:18 - [MESSAGE][PASSED] - Modify property of object successfully

2018-05-30 17:31:18 - [TEST_STEP][PASSED] - Statement - batchqty = com.kms.katalon.core.webui.keyword.WebUiBuiltInKeywords.getAttribute(batch, "value").trim(): Attribute 'value' of object '' is: '5000'

2018-05-30 17:31:18 - [MESSAGE][PASSED] - Attribute 'value' of object '' is: '5000'

2018-05-30 17:31:18 - [TEST_STEP][PASSED] - Statement - Rqty = 100: null

2018-05-30 17:31:18 - [TEST_STEP][PASSED] - Statement - out.println("BatchQty : " + batchqty): null

2018-05-30 17:31:18 - [TEST_STEP][PASSED] - Statement - out.println("RQty : " + Rqty): null

2018-05-30 17:31:18 - [TEST_STEP][PASSED] - Statement - If (java.lang.Integer.valueOf(batchqty) >= java.lang.Integer.valueOf(Rqty)): null

2018-05-30 17:31:18 - [TEST_STEP][PASSED] - Statement - Break: null

2018-05-30 17:31:18 - [TEST_STEP][PASSED] - Statement - batchlength = new com.kms.katalon.core.testobject.TestObject(): null

2018-05-30 17:31:18 - [TEST_STEP][PASSED] - Statement - batchlength = com.kms.katalon.core.webui.keyword.WebUiBuiltInKeywords.modifyObjectProperty(batchlength, "xpath", "equals", "//*[@id = "fldvendor" + row + ""]", true): Modify property of object successfully

2018-05-30 17:31:18 - [MESSAGE][PASSED] - Modify property of object successfully

2018-05-30 17:31:18 - [TEST_STEP][PASSED] - Statement - batchsize = com.kms.katalon.core.webui.keyword.WebUiBuiltInKeywords.getNumberOfTotalOption(batchlength): 8 options of object '' counted

2018-05-30 17:31:18 - [MESSAGE][PASSED] - 8 options of object '' counted

2018-05-30 17:31:18 - [TEST_STEP][PASSED] - Statement - out.println("BatchSize : " + batchsize): null

2018-05-30 17:31:18 - [TEST_STEP][PASSED] - Statement - For ([n = 1, n <= batchsize - 1, (n++)]): null

2018-05-30 17:31:18 - [TEST_STEP][PASSED] - Statement - product = new com.kms.katalon.core.testobject.TestObject(): null

2018-05-30 17:31:18 - [TEST_STEP][PASSED] - Statement - product = com.kms.katalon.core.webui.keyword.WebUiBuiltInKeywords.modifyObjectProperty(product, "xpath", "equals", "//*[@id = "fldvendor" + row + ""]", true): Modify property of object successfully

2018-05-30 17:31:18 - [MESSAGE][PASSED] - Modify property of object successfully

2018-05-30 17:31:18 - [TEST_STEP][PASSED] - selectOptionByIndex: All options with index in [1] are selected on object ''

2018-05-30 17:31:18 - [MESSAGE][PASSED] - All options with index in [1] are selected on object ''

2018-05-30 17:31:18 - [TEST_STEP][PASSED] - delay: Delayed 2 second(s)

2018-05-30 17:31:20 - [MESSAGE][PASSED] - Delayed 2 second(s)

2018-05-30 17:31:20 - [TEST_STEP][PASSED] - Statement - batch = new com.kms.katalon.core.testobject.TestObject(): null

2018-05-30 17:31:20 - [TEST_STEP][PASSED] - Statement - batch = com.kms.katalon.core.webui.keyword.WebUiBuiltInKeywords.modifyObjectProperty(batch, "xpath", "equals", "//*[@id = "txtbthqty" + row + ""]", true): Modify property of object successfully

2018-05-30 17:31:20 - [MESSAGE][PASSED] - Modify property of object successfully

2018-05-30 17:31:20 - [TEST_STEP][PASSED] - Statement - batchqty = com.kms.katalon.core.webui.keyword.WebUiBuiltInKeywords.getAttribute(batch, "value").trim(): Attribute 'value' of object '' is: '37800'

2018-05-30 17:31:20 - [MESSAGE][PASSED] - Attribute 'value' of object '' is: '37800'

2018-05-30 17:31:20 - [TEST_STEP][PASSED] - Statement - Rqty = 100: null

2018-05-30 17:31:20 - [TEST_STEP][PASSED] - Statement - out.println("BatchQty : " + batchqty): null

2018-05-30 17:31:20 - [TEST_STEP][PASSED] - Statement - out.println("RQty : " + Rqty): null

2018-05-30 17:31:20 - [TEST_STEP][PASSED] - Statement - If (java.lang.Integer.valueOf(batchqty) >= java.lang.Integer.valueOf(Rqty)): null

2018-05-30 17:31:20 - [TEST_STEP][PASSED] - Statement - Break: null

2018-05-30 17:31:20 - [TEST_STEP][PASSED] - Statement - batchlength = new com.kms.katalon.core.testobject.TestObject(): null

2018-05-30 17:31:20 - [TEST_STEP][PASSED] - Statement - batchlength = com.kms.katalon.core.webui.keyword.WebUiBuiltInKeywords.modifyObjectProperty(batchlength, "xpath", "equals", "//*[@id = "fldvendor" + row + ""]", true): Modify property of object successfully

2018-05-30 17:31:20 - [MESSAGE][PASSED] - Modify property of object successfully

2018-05-30 17:31:20 - [TEST_STEP][PASSED] - Statement - batchsize = com.kms.katalon.core.webui.keyword.WebUiBuiltInKeywords.getNumberOfTotalOption(batchlength): 8 options of object '' counted

2018-05-30 17:31:20 - [MESSAGE][PASSED] - 8 options of object '' counted

2018-05-30 17:31:20 - [TEST_STEP][PASSED] - Statement - out.println("BatchSize : " + batchsize): null

2018-05-30 17:31:20 - [TEST_STEP][PASSED] - Statement - For ([n = 1, n <= batchsize - 1, (n++)]): null

2018-05-30 17:31:20 - [TEST_STEP][PASSED] - Statement - product = new com.kms.katalon.core.testobject.TestObject(): null

2018-05-30 17:31:20 - [TEST_STEP][PASSED] - Statement - product = com.kms.katalon.core.webui.keyword.WebUiBuiltInKeywords.modifyObjectProperty(product, "xpath", "equals", "//*[@id = "fldvendor" + row + ""]", true): Modify property of object successfully

2018-05-30 17:31:20 - [MESSAGE][PASSED] - Modify property of object successfully

2018-05-30 17:31:20 - [TEST_STEP][PASSED] - selectOptionByIndex: All options with index in [1] are selected on object ''

2018-05-30 17:31:20 - [MESSAGE][PASSED] - All options with index in [1] are selected on object ''

2018-05-30 17:31:20 - [TEST_STEP][PASSED] - delay: Delayed 2 second(s)

2018-05-30 17:31:22 - [MESSAGE][PASSED] - Delayed 2 second(s)

2018-05-30 17:31:22 - [TEST_STEP][PASSED] - Statement - batch = new com.kms.katalon.core.testobject.TestObject(): null

2018-05-30 17:31:23 - [TEST_STEP][PASSED] - Statement - batch = com.kms.katalon.core.webui.keyword.WebUiBuiltInKeywords.modifyObjectProperty(batch, "xpath", "equals", "//*[@id = "txtbthqty" + row + ""]", true): Modify property of object successfully

2018-05-30 17:31:23 - [MESSAGE][PASSED] - Modify property of object successfully

2018-05-30 17:31:23 - [TEST_STEP][PASSED] - Statement - batchqty = com.kms.katalon.core.webui.keyword.WebUiBuiltInKeywords.getAttribute(batch, "value").trim(): Attribute 'value' of object '' is: '4700'

2018-05-30 17:31:23 - [MESSAGE][PASSED] - Attribute 'value' of object '' is: '4700'

2018-05-30 17:31:23 - [TEST_STEP][PASSED] - Statement - Rqty = 100: null

2018-05-30 17:31:23 - [TEST_STEP][PASSED] - Statement - out.println("BatchQty : " + batchqty): null

2018-05-30 17:31:23 - [TEST_STEP][PASSED] - Statement - out.println("RQty : " + Rqty): null

2018-05-30 17:31:23 - [TEST_STEP][PASSED] - Statement - If (java.lang.Integer.valueOf(batchqty) >= java.lang.Integer.valueOf(Rqty)): null

2018-05-30 17:31:23 - [TEST_STEP][PASSED] - Statement - Break: null

2018-05-30 17:31:23 - [TEST_STEP][PASSED] - Statement - batchlength = new com.kms.katalon.core.testobject.TestObject(): null

2018-05-30 17:31:23 - [TEST_STEP][PASSED] - Statement - batchlength = com.kms.katalon.core.webui.keyword.WebUiBuiltInKeywords.modifyObjectProperty(batchlength, "xpath", "equals", "//*[@id = "fldvendor" + row + ""]", true): Modify property of object successfully

2018-05-30 17:31:23 - [MESSAGE][PASSED] - Modify property of object successfully

2018-05-30 17:31:23 - [TEST_STEP][PASSED] - Statement - batchsize = com.kms.katalon.core.webui.keyword.WebUiBuiltInKeywords.getNumberOfTotalOption(batchlength): 8 options of object '' counted

2018-05-30 17:31:23 - [MESSAGE][PASSED] - 8 options of object '' counted

2018-05-30 17:31:23 - [TEST_STEP][PASSED] - Statement - out.println("BatchSize : " + batchsize): null

2018-05-30 17:31:23 - [TEST_STEP][PASSED] - Statement - For ([n = 1, n <= batchsize - 1, (n++)]): null

2018-05-30 17:31:23 - [TEST_STEP][PASSED] - Statement - product = new com.kms.katalon.core.testobject.TestObject(): null

2018-05-30 17:31:23 - [TEST_STEP][PASSED] - Statement - product = com.kms.katalon.core.webui.keyword.WebUiBuiltInKeywords.modifyObjectProperty(product, "xpath", "equals", "//*[@id = "fldvendor" + row + ""]", true): Modify property of object successfully

2018-05-30 17:31:23 - [MESSAGE][PASSED] - Modify property of object successfully

2018-05-30 17:31:23 - [TEST_STEP][PASSED] - selectOptionByIndex: All options with index in [1] are selected on object ''

2018-05-30 17:31:23 - [MESSAGE][PASSED] - All options with index in [1] are selected on object ''

2018-05-30 17:31:23 - [TEST_STEP][PASSED] - delay: Delayed 2 second(s)

2018-05-30 17:31:25 - [MESSAGE][PASSED] - Delayed 2 second(s)

2018-05-30 17:31:25 - [TEST_STEP][PASSED] - Statement - batch = new com.kms.katalon.core.testobject.TestObject(): null

2018-05-30 17:31:25 - [TEST_STEP][PASSED] - Statement - batch = com.kms.katalon.core.webui.keyword.WebUiBuiltInKeywords.modifyObjectProperty(batch, "xpath", "equals", "//*[@id = "txtbthqty" + row + ""]", true): Modify property of object successfully

2018-05-30 17:31:25 - [MESSAGE][PASSED] - Modify property of object successfully

2018-05-30 17:31:25 - [TEST_STEP][PASSED] - Statement - batchqty = com.kms.katalon.core.webui.keyword.WebUiBuiltInKeywords.getAttribute(batch, "value").trim(): Attribute 'value' of object '' is: '4700'

2018-05-30 17:31:25 - [MESSAGE][PASSED] - Attribute 'value' of object '' is: '4700'

2018-05-30 17:31:25 - [TEST_STEP][PASSED] - Statement - Rqty = 100: null

2018-05-30 17:31:25 - [TEST_STEP][PASSED] - Statement - out.println("BatchQty : " + batchqty): null

2018-05-30 17:31:25 - [TEST_STEP][PASSED] - Statement - out.println("RQty : " + Rqty): null

2018-05-30 17:31:25 - [TEST_STEP][PASSED] - Statement - If (java.lang.Integer.valueOf(batchqty) >= java.lang.Integer.valueOf(Rqty)): null

2018-05-30 17:31:25 - [TEST_STEP][PASSED] - Statement - Break: null

2018-05-30 17:31:25 - [TEST_STEP][PASSED] - Statement - batchlength = new com.kms.katalon.core.testobject.TestObject(): null

2018-05-30 17:31:25 - [TEST_STEP][PASSED] - Statement - batchlength = com.kms.katalon.core.webui.keyword.WebUiBuiltInKeywords.modifyObjectProperty(batchlength, "xpath", "equals", "//*[@id = "fldvendor" + row + ""]", true): Modify property of object successfully

2018-05-30 17:31:25 - [MESSAGE][PASSED] - Modify property of object successfully

2018-05-30 17:31:25 - [TEST_STEP][PASSED] - Statement - batchsize = com.kms.katalon.core.webui.keyword.WebUiBuiltInKeywords.getNumberOfTotalOption(batchlength): 8 options of object '' counted

2018-05-30 17:31:25 - [MESSAGE][PASSED] - 8 options of object '' counted

2018-05-30 17:31:25 - [TEST_STEP][PASSED] - Statement - out.println("BatchSize : " + batchsize): null

2018-05-30 17:31:25 - [TEST_STEP][PASSED] - Statement - For ([n = 1, n <= batchsize - 1, (n++)]): null

2018-05-30 17:31:25 - [TEST_STEP][PASSED] - Statement - product = new com.kms.katalon.core.testobject.TestObject(): null

2018-05-30 17:31:25 - [TEST_STEP][PASSED] - Statement - product = com.kms.katalon.core.webui.keyword.WebUiBuiltInKeywords.modifyObjectProperty(product, "xpath", "equals", "//*[@id = "fldvendor" + row + ""]", true): Modify property of object successfully

2018-05-30 17:31:25 - [MESSAGE][PASSED] - Modify property of object successfully

2018-05-30 17:31:25 - [TEST_STEP][PASSED] - selectOptionByIndex: All options with index in [1] are selected on object ''

2018-05-30 17:31:25 - [MESSAGE][PASSED] - All options with index in [1] are selected on object ''

2018-05-30 17:31:25 - [TEST_STEP][PASSED] - delay: Delayed 2 second(s)

2018-05-30 17:31:27 - [MESSAGE][PASSED] - Delayed 2 second(s)

2018-05-30 17:31:27 - [TEST_STEP][PASSED] - Statement - batch = new com.kms.katalon.core.testobject.TestObject(): null

2018-05-30 17:31:27 - [TEST_STEP][PASSED] - Statement - batch = com.kms.katalon.core.webui.keyword.WebUiBuiltInKeywords.modifyObjectProperty(batch, "xpath", "equals", "//*[@id = "txtbthqty" + row + ""]", true): Modify property of object successfully

2018-05-30 17:31:27 - [MESSAGE][PASSED] - Modify property of object successfully

2018-05-30 17:31:27 - [TEST_STEP][PASSED] - Statement - batchqty = com.kms.katalon.core.webui.keyword.WebUiBuiltInKeywords.getAttribute(batch, "value").trim(): Attribute 'value' of object '' is: '3100'

2018-05-30 17:31:27 - [MESSAGE][PASSED] - Attribute 'value' of object '' is: '3100'

2018-05-30 17:31:27 - [TEST_STEP][PASSED] - Statement - Rqty = 100: null

2018-05-30 17:31:27 - [TEST_STEP][PASSED] - Statement - out.println("BatchQty : " + batchqty): null

2018-05-30 17:31:27 - [TEST_STEP][PASSED] - Statement - out.println("RQty : " + Rqty): null

2018-05-30 17:31:27 - [TEST_STEP][PASSED] - Statement - If (java.lang.Integer.valueOf(batchqty) >= java.lang.Integer.valueOf(Rqty)): null

2018-05-30 17:31:27 - [TEST_STEP][PASSED] - Statement - Break: null

2018-05-30 17:31:27 - [TEST_STEP][PASSED] - Statement - batchlength = new com.kms.katalon.core.testobject.TestObject(): null

2018-05-30 17:31:27 - [TEST_STEP][PASSED] - Statement - batchlength = com.kms.katalon.core.webui.keyword.WebUiBuiltInKeywords.modifyObjectProperty(batchlength, "xpath", "equals", "//*[@id = "fldvendor" + row + ""]", true): Modify property of object successfully

2018-05-30 17:31:27 - [MESSAGE][PASSED] - Modify property of object successfully

2018-05-30 17:31:27 - [TEST_STEP][PASSED] - Statement - batchsize = com.kms.katalon.core.webui.keyword.WebUiBuiltInKeywords.getNumberOfTotalOption(batchlength): 8 options of object '' counted

2018-05-30 17:31:27 - [MESSAGE][PASSED] - 8 options of object '' counted

2018-05-30 17:31:27 - [TEST_STEP][PASSED] - Statement - out.println("BatchSize : " + batchsize): null

2018-05-30 17:31:27 - [TEST_STEP][PASSED] - Statement - For ([n = 1, n <= batchsize - 1, (n++)]): null

2018-05-30 17:31:27 - [TEST_STEP][PASSED] - Statement - product = new com.kms.katalon.core.testobject.TestObject(): null

2018-05-30 17:31:27 - [TEST_STEP][PASSED] - Statement - product = com.kms.katalon.core.webui.keyword.WebUiBuiltInKeywords.modifyObjectProperty(product, "xpath", "equals", "//*[@id = "fldvendor" + row + ""]", true): Modify property of object successfully

2018-05-30 17:31:27 - [MESSAGE][PASSED] - Modify property of object successfully

2018-05-30 17:31:27 - [TEST_STEP][PASSED] - selectOptionByIndex: All options with index in [1] are selected on object ''

2018-05-30 17:31:27 - [MESSAGE][PASSED] - All options with index in [1] are selected on object ''

2018-05-30 17:31:27 - [TEST_STEP][PASSED] - delay: Delayed 2 second(s)

2018-05-30 17:31:29 - [MESSAGE][PASSED] - Delayed 2 second(s)

2018-05-30 17:31:29 - [TEST_STEP][PASSED] - Statement - batch = new com.kms.katalon.core.testobject.TestObject(): null

2018-05-30 17:31:29 - [TEST_STEP][PASSED] - Statement - batch = com.kms.katalon.core.webui.keyword.WebUiBuiltInKeywords.modifyObjectProperty(batch, "xpath", "equals", "//*[@id = "txtbthqty" + row + ""]", true): Modify property of object successfully

2018-05-30 17:31:29 - [MESSAGE][PASSED] - Modify property of object successfully

2018-05-30 17:31:29 - [TEST_STEP][PASSED] - Statement - batchqty = com.kms.katalon.core.webui.keyword.WebUiBuiltInKeywords.getAttribute(batch, "value").trim(): Attribute 'value' of object '' is: '4100'

2018-05-30 17:31:29 - [MESSAGE][PASSED] - Attribute 'value' of object '' is: '4100'

2018-05-30 17:31:29 - [TEST_STEP][PASSED] - Statement - Rqty = 100: null

2018-05-30 17:31:29 - [TEST_STEP][PASSED] - Statement - out.println("BatchQty : " + batchqty): null

2018-05-30 17:31:29 - [TEST_STEP][PASSED] - Statement - out.println("RQty : " + Rqty): null

2018-05-30 17:31:29 - [TEST_STEP][PASSED] - Statement - If (java.lang.Integer.valueOf(batchqty) >= java.lang.Integer.valueOf(Rqty)): null

2018-05-30 17:31:29 - [TEST_STEP][PASSED] - Statement - Break: null

2018-05-30 17:31:29 - [TEST_STEP][PASSED] - Statement - batchlength = new com.kms.katalon.core.testobject.TestObject(): null

2018-05-30 17:31:29 - [TEST_STEP][PASSED] - Statement - batchlength = com.kms.katalon.core.webui.keyword.WebUiBuiltInKeywords.modifyObjectProperty(batchlength, "xpath", "equals", "//*[@id = "fldvendor" + row + ""]", true): Modify property of object successfully

2018-05-30 17:31:29 - [MESSAGE][PASSED] - Modify property of object successfully

2018-05-30 17:31:29 - [TEST_STEP][PASSED] - Statement - batchsize = com.kms.katalon.core.webui.keyword.WebUiBuiltInKeywords.getNumberOfTotalOption(batchlength): 8 options of object '' counted

2018-05-30 17:31:29 - [MESSAGE][PASSED] - 8 options of object '' counted

2018-05-30 17:31:29 - [TEST_STEP][PASSED] - Statement - out.println("BatchSize : " + batchsize): null

2018-05-30 17:31:29 - [TEST_STEP][PASSED] - Statement - For ([n = 1, n <= batchsize - 1, (n++)]): null

2018-05-30 17:31:29 - [TEST_STEP][PASSED] - Statement - product = new com.kms.katalon.core.testobject.TestObject(): null

2018-05-30 17:31:29 - [TEST_STEP][PASSED] - Statement - product = com.kms.katalon.core.webui.keyword.WebUiBuiltInKeywords.modifyObjectProperty(product, "xpath", "equals", "//*[@id = "fldvendor" + row + ""]", true): Modify property of object successfully

2018-05-30 17:31:29 - [MESSAGE][PASSED] - Modify property of object successfully

2018-05-30 17:31:29 - [TEST_STEP][PASSED] - selectOptionByIndex: All options with index in [1] are selected on object ''

2018-05-30 17:31:30 - [MESSAGE][PASSED] - All options with index in [1] are selected on object ''

2018-05-30 17:31:30 - [TEST_STEP][PASSED] - delay: Delayed 2 second(s)

2018-05-30 17:31:32 - [MESSAGE][PASSED] - Delayed 2 second(s)

2018-05-30 17:31:32 - [TEST_STEP][PASSED] - Statement - batch = new com.kms.katalon.core.testobject.TestObject(): null

2018-05-30 17:31:32 - [TEST_STEP][PASSED] - Statement - batch = com.kms.katalon.core.webui.keyword.WebUiBuiltInKeywords.modifyObjectProperty(batch, "xpath", "equals", "//*[@id = "txtbthqty" + row + ""]", true): Modify property of object successfully

2018-05-30 17:31:32 - [MESSAGE][PASSED] - Modify property of object successfully

2018-05-30 17:31:32 - [TEST_STEP][PASSED] - Statement - batchqty = com.kms.katalon.core.webui.keyword.WebUiBuiltInKeywords.getAttribute(batch, "value").trim(): Attribute 'value' of object '' is: '4700'

2018-05-30 17:31:32 - [MESSAGE][PASSED] - Attribute 'value' of object '' is: '4700'

2018-05-30 17:31:32 - [TEST_STEP][PASSED] - Statement - Rqty = 100: null

2018-05-30 17:31:32 - [TEST_STEP][PASSED] - Statement - out.println("BatchQty : " + batchqty): null

2018-05-30 17:31:32 - [TEST_STEP][PASSED] - Statement - out.println("RQty : " + Rqty): null

2018-05-30 17:31:32 - [TEST_STEP][PASSED] - Statement - If (java.lang.Integer.valueOf(batchqty) >= java.lang.Integer.valueOf(Rqty)): null

2018-05-30 17:31:32 - [TEST_STEP][PASSED] - Statement - Break: null

2018-05-30 17:31:32 - [TEST_STEP][PASSED] - Statement - batchlength = new com.kms.katalon.core.testobject.TestObject(): null

2018-05-30 17:31:32 - [TEST_STEP][PASSED] - Statement - batchlength = com.kms.katalon.core.webui.keyword.WebUiBuiltInKeywords.modifyObjectProperty(batchlength, "xpath", "equals", "//*[@id = "fldvendor" + row + ""]", true): Modify property of object successfully

2018-05-30 17:31:32 - [MESSAGE][PASSED] - Modify property of object successfully

2018-05-30 17:31:32 - [TEST_STEP][PASSED] - Statement - batchsize = com.kms.katalon.core.webui.keyword.WebUiBuiltInKeywords.getNumberOfTotalOption(batchlength): 8 options of object '' counted

2018-05-30 17:31:32 - [MESSAGE][PASSED] - 8 options of object '' counted

2018-05-30 17:31:32 - [TEST_STEP][PASSED] - Statement - out.println("BatchSize : " + batchsize): null

2018-05-30 17:31:32 - [TEST_STEP][PASSED] - Statement - For ([n = 1, n <= batchsize - 1, (n++)]): null

2018-05-30 17:31:32 - [TEST_STEP][PASSED] - Statement - product = new com.kms.katalon.core.testobject.TestObject(): null

2018-05-30 17:31:32 - [TEST_STEP][PASSED] - Statement - product = com.kms.katalon.core.webui.keyword.WebUiBuiltInKeywords.modifyObjectProperty(product, "xpath", "equals", "//*[@id = "fldvendor" + row + ""]", true): Modify property of object successfully

2018-05-30 17:31:32 - [MESSAGE][PASSED] - Modify property of object successfully

2018-05-30 17:31:32 - [TEST_STEP][PASSED] - selectOptionByIndex: All options with index in [1] are selected on object ''

2018-05-30 17:31:32 - [MESSAGE][PASSED] - All options with index in [1] are selected on object ''

2018-05-30 17:31:32 - [TEST_STEP][PASSED] - delay: Delayed 2 second(s)

2018-05-30 17:31:34 - [MESSAGE][PASSED] - Delayed 2 second(s)

2018-05-30 17:31:34 - [TEST_STEP][PASSED] - Statement - batch = new com.kms.katalon.core.testobject.TestObject(): null

2018-05-30 17:31:34 - [TEST_STEP][PASSED] - Statement - batch = com.kms.katalon.core.webui.keyword.WebUiBuiltInKeywords.modifyObjectProperty(batch, "xpath", "equals", "//*[@id = "txtbthqty" + row + ""]", true): Modify property of object successfully

2018-05-30 17:31:34 - [MESSAGE][PASSED] - Modify property of object successfully

2018-05-30 17:31:34 - [TEST_STEP][PASSED] - Statement - batchqty = com.kms.katalon.core.webui.keyword.WebUiBuiltInKeywords.getAttribute(batch, "value").trim(): Attribute 'value' of object '' is: '4100'

2018-05-30 17:31:34 - [MESSAGE][PASSED] - Attribute 'value' of object '' is: '4100'

2018-05-30 17:31:34 - [TEST_STEP][PASSED] - Statement - Rqty = 100: null

2018-05-30 17:31:34 - [TEST_STEP][PASSED] - Statement - out.println("BatchQty : " + batchqty): null

2018-05-30 17:31:34 - [TEST_STEP][PASSED] - Statement - out.println("RQty : " + Rqty): null

2018-05-30 17:31:34 - [TEST_STEP][PASSED] - Statement - If (java.lang.Integer.valueOf(batchqty) >= java.lang.Integer.valueOf(Rqty)): null

2018-05-30 17:31:34 - [TEST_STEP][PASSED] - Statement - Break: null

2018-05-30 17:31:34 - [TEST_STEP][PASSED] - Statement - batchlength = new com.kms.katalon.core.testobject.TestObject(): null

2018-05-30 17:31:34 - [TEST_STEP][PASSED] - Statement - batchlength = com.kms.katalon.core.webui.keyword.WebUiBuiltInKeywords.modifyObjectProperty(batchlength, "xpath", "equals", "//*[@id = "fldvendor" + row + ""]", true): Modify property of object successfully

2018-05-30 17:31:34 - [MESSAGE][PASSED] - Modify property of object successfully

2018-05-30 17:31:34 - [TEST_STEP][PASSED] - Statement - batchsize = com.kms.katalon.core.webui.keyword.WebUiBuiltInKeywords.getNumberOfTotalOption(batchlength): 8 options of object '' counted

2018-05-30 17:31:34 - [MESSAGE][PASSED] - 8 options of object '' counted

2018-05-30 17:31:34 - [TEST_STEP][PASSED] - Statement - out.println("BatchSize : " + batchsize): null

2018-05-30 17:31:34 - [TEST_STEP][PASSED] - Statement - For ([n = 1, n <= batchsize - 1, (n++)]): null

2018-05-30 17:31:34 - [TEST_STEP][PASSED] - Statement - product = new com.kms.katalon.core.testobject.TestObject(): null

2018-05-30 17:31:34 - [TEST_STEP][PASSED] - Statement - product = com.kms.katalon.core.webui.keyword.WebUiBuiltInKeywords.modifyObjectProperty(product, "xpath", "equals", "//*[@id = "fldvendor" + row + ""]", true): Modify property of object successfully

2018-05-30 17:31:34 - [MESSAGE][PASSED] - Modify property of object successfully

2018-05-30 17:31:34 - [TEST_STEP][PASSED] - selectOptionByIndex: All options with index in [1] are selected on object ''

2018-05-30 17:31:34 - [MESSAGE][PASSED] - All options with index in [1] are selected on object ''

2018-05-30 17:31:34 - [TEST_STEP][PASSED] - delay: Delayed 2 second(s)

2018-05-30 17:31:36 - [MESSAGE][PASSED] - Delayed 2 second(s)

2018-05-30 17:31:36 - [TEST_STEP][PASSED] - Statement - batch = new com.kms.katalon.core.testobject.TestObject(): null

2018-05-30 17:31:36 - [TEST_STEP][PASSED] - Statement - batch = com.kms.katalon.core.webui.keyword.WebUiBuiltInKeywords.modifyObjectProperty(batch, "xpath", "equals", "//*[@id = "txtbthqty" + row + ""]", true): Modify property of object successfully

2018-05-30 17:31:36 - [MESSAGE][PASSED] - Modify property of object successfully

2018-05-30 17:31:36 - [TEST_STEP][PASSED] - Statement - batchqty = com.kms.katalon.core.webui.keyword.WebUiBuiltInKeywords.getAttribute(batch, "value").trim(): Attribute 'value' of object '' is: '4100'

2018-05-30 17:31:36 - [MESSAGE][PASSED] - Attribute 'value' of object '' is: '4100'

2018-05-30 17:31:36 - [TEST_STEP][PASSED] - Statement - Rqty = 100: null

2018-05-30 17:31:36 - [TEST_STEP][PASSED] - Statement - out.println("BatchQty : " + batchqty): null

2018-05-30 17:31:36 - [TEST_STEP][PASSED] - Statement - out.println("RQty : " + Rqty): null

2018-05-30 17:31:36 - [TEST_STEP][PASSED] - Statement - If (java.lang.Integer.valueOf(batchqty) >= java.lang.Integer.valueOf(Rqty)): null

2018-05-30 17:31:36 - [TEST_STEP][PASSED] - Statement - Break: null

2018-05-30 17:31:36 - [TEST_STEP][PASSED] - Statement - batchlength = new com.kms.katalon.core.testobject.TestObject(): null

2018-05-30 17:31:36 - [TEST_STEP][PASSED] - Statement - batchlength = com.kms.katalon.core.webui.keyword.WebUiBuiltInKeywords.modifyObjectProperty(batchlength, "xpath", "equals", "//*[@id = "fldvendor" + row + ""]", true): Modify property of object successfully

2018-05-30 17:31:36 - [MESSAGE][PASSED] - Modify property of object successfully

2018-05-30 17:31:36 - [TEST_STEP][PASSED] - Statement - batchsize = com.kms.katalon.core.webui.keyword.WebUiBuiltInKeywords.getNumberOfTotalOption(batchlength): 8 options of object '' counted

2018-05-30 17:31:36 - [MESSAGE][PASSED] - 8 options of object '' counted

2018-05-30 17:31:36 - [TEST_STEP][PASSED] - Statement - out.println("BatchSize : " + batchsize): null

2018-05-30 17:31:36 - [TEST_STEP][PASSED] - Statement - For ([n = 1, n <= batchsize - 1, (n++)]): null

2018-05-30 17:31:36 - [TEST_STEP][PASSED] - Statement - product = new com.kms.katalon.core.testobject.TestObject(): null

2018-05-30 17:31:36 - [TEST_STEP][PASSED] - Statement - product = com.kms.katalon.core.webui.keyword.WebUiBuiltInKeywords.modifyObjectProperty(product, "xpath", "equals", "//*[@id = "fldvendor" + row + ""]", true): Modify property of object successfully

2018-05-30 17:31:36 - [MESSAGE][PASSED] - Modify property of object successfully

2018-05-30 17:31:36 - [TEST_STEP][PASSED] - selectOptionByIndex: All options with index in [1] are selected on object ''

2018-05-30 17:31:36 - [MESSAGE][PASSED] - All options with index in [1] are selected on object ''

2018-05-30 17:31:36 - [TEST_STEP][PASSED] - delay: Delayed 2 second(s)

2018-05-30 17:31:38 - [MESSAGE][PASSED] - Delayed 2 second(s)

2018-05-30 17:31:38 - [TEST_STEP][PASSED] - Statement - batch = new com.kms.katalon.core.testobject.TestObject(): null

2018-05-30 17:31:38 - [TEST_STEP][PASSED] - Statement - batch = com.kms.katalon.core.webui.keyword.WebUiBuiltInKeywords.modifyObjectProperty(batch, "xpath", "equals", "//*[@id = "txtbthqty" + row + ""]", true): Modify property of object successfully

2018-05-30 17:31:38 - [MESSAGE][PASSED] - Modify property of object successfully

2018-05-30 17:31:38 - [TEST_STEP][PASSED] - Statement - batchqty = com.kms.katalon.core.webui.keyword.WebUiBuiltInKeywords.getAttribute(batch, "value").trim(): Attribute 'value' of object '' is: '4500'

2018-05-30 17:31:38 - [MESSAGE][PASSED] - Attribute 'value' of object '' is: '4500'

2018-05-30 17:31:38 - [TEST_STEP][PASSED] - Statement - Rqty = 100: null

2018-05-30 17:31:38 - [TEST_STEP][PASSED] - Statement - out.println("BatchQty : " + batchqty): null

2018-05-30 17:31:38 - [TEST_STEP][PASSED] - Statement - out.println("RQty : " + Rqty): null

2018-05-30 17:31:38 - [TEST_STEP][PASSED] - Statement - If (java.lang.Integer.valueOf(batchqty) >= java.lang.Integer.valueOf(Rqty)): null

2018-05-30 17:31:38 - [TEST_STEP][PASSED] - Statement - Break: null

2018-05-30 17:31:38 - [TEST_STEP][PASSED] - Statement - batchlength = new com.kms.katalon.core.testobject.TestObject(): null

2018-05-30 17:31:38 - [TEST_STEP][PASSED] - Statement - batchlength = com.kms.katalon.core.webui.keyword.WebUiBuiltInKeywords.modifyObjectProperty(batchlength, "xpath", "equals", "//*[@id = "fldvendor" + row + ""]", true): Modify property of object successfully

2018-05-30 17:31:38 - [MESSAGE][PASSED] - Modify property of object successfully

2018-05-30 17:31:38 - [TEST_STEP][PASSED] - Statement - batchsize = com.kms.katalon.core.webui.keyword.WebUiBuiltInKeywords.getNumberOfTotalOption(batchlength): 8 options of object '' counted

2018-05-30 17:31:38 - [MESSAGE][PASSED] - 8 options of object '' counted

2018-05-30 17:31:38 - [TEST_STEP][PASSED] - Statement - out.println("BatchSize : " + batchsize): null

2018-05-30 17:31:38 - [TEST_STEP][PASSED] - Statement - For ([n = 1, n <= batchsize - 1, (n++)]): null

2018-05-30 17:31:38 - [TEST_STEP][PASSED] - Statement - product = new com.kms.katalon.core.testobject.TestObject(): null

2018-05-30 17:31:38 - [TEST_STEP][PASSED] - Statement - product = com.kms.katalon.core.webui.keyword.WebUiBuiltInKeywords.modifyObjectProperty(product, "xpath", "equals", "//*[@id = "fldvendor" + row + ""]", true): Modify property of object successfully

2018-05-30 17:31:38 - [MESSAGE][PASSED] - Modify property of object successfully

2018-05-30 17:31:38 - [TEST_STEP][PASSED] - selectOptionByIndex: All options with index in [1] are selected on object ''

2018-05-30 17:31:39 - [MESSAGE][PASSED] - All options with index in [1] are selected on object ''

2018-05-30 17:31:39 - [TEST_STEP][PASSED] - delay: Delayed 2 second(s)

2018-05-30 17:31:41 - [MESSAGE][PASSED] - Delayed 2 second(s)

2018-05-30 17:31:41 - [TEST_STEP][PASSED] - Statement - batch = new com.kms.katalon.core.testobject.TestObject(): null

2018-05-30 17:31:41 - [TEST_STEP][PASSED] - Statement - batch = com.kms.katalon.core.webui.keyword.WebUiBuiltInKeywords.modifyObjectProperty(batch, "xpath", "equals", "//*[@id = "txtbthqty" + row + ""]", true): Modify property of object successfully

2018-05-30 17:31:41 - [MESSAGE][PASSED] - Modify property of object successfully

2018-05-30 17:31:41 - [TEST_STEP][PASSED] - Statement - batchqty = com.kms.katalon.core.webui.keyword.WebUiBuiltInKeywords.getAttribute(batch, "value").trim(): Attribute 'value' of object '' is: '3100'

2018-05-30 17:31:41 - [MESSAGE][PASSED] - Attribute 'value' of object '' is: '3100'

2018-05-30 17:31:41 - [TEST_STEP][PASSED] - Statement - Rqty = 100: null

2018-05-30 17:31:41 - [TEST_STEP][PASSED] - Statement - out.println("BatchQty : " + batchqty): null

2018-05-30 17:31:41 - [TEST_STEP][PASSED] - Statement - out.println("RQty : " + Rqty): null

2018-05-30 17:31:41 - [TEST_STEP][PASSED] - Statement - If (java.lang.Integer.valueOf(batchqty) >= java.lang.Integer.valueOf(Rqty)): null

2018-05-30 17:31:41 - [TEST_STEP][PASSED] - Statement - Break: null

2018-05-30 17:31:41 - [TEST_STEP][PASSED] - Statement - batchlength = new com.kms.katalon.core.testobject.TestObject(): null

2018-05-30 17:31:41 - [TEST_STEP][PASSED] - Statement - batchlength = com.kms.katalon.core.webui.keyword.WebUiBuiltInKeywords.modifyObjectProperty(batchlength, "xpath", "equals", "//*[@id = "fldvendor" + row + ""]", true): Modify property of object successfully

2018-05-30 17:31:41 - [MESSAGE][PASSED] - Modify property of object successfully

2018-05-30 17:31:41 - [TEST_STEP][PASSED] - Statement - batchsize = com.kms.katalon.core.webui.keyword.WebUiBuiltInKeywords.getNumberOfTotalOption(batchlength): 8 options of object '' counted

2018-05-30 17:31:41 - [MESSAGE][PASSED] - 8 options of object '' counted

2018-05-30 17:31:41 - [TEST_STEP][PASSED] - Statement - out.println("BatchSize : " + batchsize): null

2018-05-30 17:31:41 - [TEST_STEP][PASSED] - Statement - For ([n = 1, n <= batchsize - 1, (n++)]): null

2018-05-30 17:31:41 - [TEST_STEP][PASSED] - Statement - product = new com.kms.katalon.core.testobject.TestObject(): null

2018-05-30 17:31:41 - [TEST_STEP][PASSED] - Statement - product = com.kms.katalon.core.webui.keyword.WebUiBuiltInKeywords.modifyObjectProperty(product, "xpath", "equals", "//*[@id = "fldvendor" + row + ""]", true): Modify property of object successfully

2018-05-30 17:31:41 - [MESSAGE][PASSED] - Modify property of object successfully

2018-05-30 17:31:41 - [TEST_STEP][PASSED] - selectOptionByIndex: All options with index in [1] are selected on object ''

2018-05-30 17:31:41 - [MESSAGE][PASSED] - All options with index in [1] are selected on object ''

2018-05-30 17:31:41 - [TEST_STEP][PASSED] - delay: Delayed 2 second(s)

2018-05-30 17:31:43 - [MESSAGE][PASSED] - Delayed 2 second(s)

2018-05-30 17:31:43 - [TEST_STEP][PASSED] - Statement - batch = new com.kms.katalon.core.testobject.TestObject(): null

2018-05-30 17:31:43 - [TEST_STEP][PASSED] - Statement - batch = com.kms.katalon.core.webui.keyword.WebUiBuiltInKeywords.modifyObjectProperty(batch, "xpath", "equals", "//*[@id = "txtbthqty" + row + ""]", true): Modify property of object successfully

2018-05-30 17:31:43 - [MESSAGE][PASSED] - Modify property of object successfully

2018-05-30 17:31:43 - [TEST_STEP][PASSED] - Statement - batchqty = com.kms.katalon.core.webui.keyword.WebUiBuiltInKeywords.getAttribute(batch, "value").trim(): Attribute 'value' of object '' is: '4100'

2018-05-30 17:31:43 - [MESSAGE][PASSED] - Attribute 'value' of object '' is: '4100'

2018-05-30 17:31:43 - [TEST_STEP][PASSED] - Statement - Rqty = 100: null

2018-05-30 17:31:43 - [TEST_STEP][PASSED] - Statement - out.println("BatchQty : " + batchqty): null

2018-05-30 17:31:43 - [TEST_STEP][PASSED] - Statement - out.println("RQty : " + Rqty): null

2018-05-30 17:31:43 - [TEST_STEP][PASSED] - Statement - If (java.lang.Integer.valueOf(batchqty) >= java.lang.Integer.valueOf(Rqty)): null

2018-05-30 17:31:43 - [TEST_STEP][PASSED] - Statement - Break: null

2018-05-30 17:31:43 - [TEST_STEP][PASSED] - Statement - batchlength = new com.kms.katalon.core.testobject.TestObject(): null

2018-05-30 17:31:43 - [TEST_STEP][PASSED] - Statement - batchlength = com.kms.katalon.core.webui.keyword.WebUiBuiltInKeywords.modifyObjectProperty(batchlength, "xpath", "equals", "//*[@id = "fldvendor" + row + ""]", true): Modify property of object successfully

2018-05-30 17:31:43 - [MESSAGE][PASSED] - Modify property of object successfully

2018-05-30 17:31:43 - [TEST_STEP][PASSED] - Statement - batchsize = com.kms.katalon.core.webui.keyword.WebUiBuiltInKeywords.getNumberOfTotalOption(batchlength): 8 options of object '' counted

2018-05-30 17:31:43 - [MESSAGE][PASSED] - 8 options of object '' counted

2018-05-30 17:31:43 - [TEST_STEP][PASSED] - Statement - out.println("BatchSize : " + batchsize): null

2018-05-30 17:31:43 - [TEST_STEP][PASSED] - Statement - For ([n = 1, n <= batchsize - 1, (n++)]): null

2018-05-30 17:31:43 - [TEST_STEP][PASSED] - Statement - product = new com.kms.katalon.core.testobject.TestObject(): null

2018-05-30 17:31:43 - [TEST_STEP][PASSED] - Statement - product = com.kms.katalon.core.webui.keyword.WebUiBuiltInKeywords.modifyObjectProperty(product, "xpath", "equals", "//*[@id = "fldvendor" + row + ""]", true): Modify property of object successfully

2018-05-30 17:31:43 - [MESSAGE][PASSED] - Modify property of object successfully

2018-05-30 17:31:43 - [TEST_STEP][PASSED] - selectOptionByIndex: All options with index in [1] are selected on object ''

2018-05-30 17:31:43 - [MESSAGE][PASSED] - All options with index in [1] are selected on object ''

2018-05-30 17:31:43 - [TEST_STEP][PASSED] - delay: Delayed 2 second(s)

2018-05-30 17:31:45 - [MESSAGE][PASSED] - Delayed 2 second(s)

2018-05-30 17:31:45 - [TEST_STEP][PASSED] - Statement - batch = new com.kms.katalon.core.testobject.TestObject(): null

2018-05-30 17:31:45 - [TEST_STEP][PASSED] - Statement - batch = com.kms.katalon.core.webui.keyword.WebUiBuiltInKeywords.modifyObjectProperty(batch, "xpath", "equals", "//*[@id = "txtbthqty" + row + ""]", true): Modify property of object successfully

2018-05-30 17:31:45 - [MESSAGE][PASSED] - Modify property of object successfully

2018-05-30 17:31:45 - [TEST_STEP][PASSED] - Statement - batchqty = com.kms.katalon.core.webui.keyword.WebUiBuiltInKeywords.getAttribute(batch, "value").trim(): Attribute 'value' of object '' is: '4500'

2018-05-30 17:31:45 - [MESSAGE][PASSED] - Attribute 'value' of object '' is: '4500'

2018-05-30 17:31:45 - [TEST_STEP][PASSED] - Statement - Rqty = 100: null

2018-05-30 17:31:45 - [TEST_STEP][PASSED] - Statement - out.println("BatchQty : " + batchqty): null

2018-05-30 17:31:45 - [TEST_STEP][PASSED] - Statement - out.println("RQty : " + Rqty): null

2018-05-30 17:31:45 - [TEST_STEP][PASSED] - Statement - If (java.lang.Integer.valueOf(batchqty) >= java.lang.Integer.valueOf(Rqty)): null

2018-05-30 17:31:45 - [TEST_STEP][PASSED] - Statement - Break: null

2018-05-30 17:31:45 - [TEST_STEP][PASSED] - Statement - batchlength = new com.kms.katalon.core.testobject.TestObject(): null

2018-05-30 17:31:45 - [TEST_STEP][PASSED] - Statement - batchlength = com.kms.katalon.core.webui.keyword.WebUiBuiltInKeywords.modifyObjectProperty(batchlength, "xpath", "equals", "//*[@id = "fldvendor" + row + ""]", true): Modify property of object successfully

2018-05-30 17:31:45 - [MESSAGE][PASSED] - Modify property of object successfully

2018-05-30 17:31:45 - [TEST_STEP][PASSED] - Statement - batchsize = com.kms.katalon.core.webui.keyword.WebUiBuiltInKeywords.getNumberOfTotalOption(batchlength): 8 options of object '' counted

2018-05-30 17:31:45 - [MESSAGE][PASSED] - 8 options of object '' counted

2018-05-30 17:31:45 - [TEST_STEP][PASSED] - Statement - out.println("BatchSize : " + batchsize): null

2018-05-30 17:31:45 - [TEST_STEP][PASSED] - Statement - For ([n = 1, n <= batchsize - 1, (n++)]): null

2018-05-30 17:31:45 - [TEST_STEP][PASSED] - Statement - product = new com.kms.katalon.core.testobject.TestObject(): null

2018-05-30 17:31:45 - [TEST_STEP][PASSED] - Statement - product = com.kms.katalon.core.webui.keyword.WebUiBuiltInKeywords.modifyObjectProperty(product, "xpath", "equals", "//*[@id = "fldvendor" + row + ""]", true): Modify property of object successfully

2018-05-30 17:31:45 - [MESSAGE][PASSED] - Modify property of object successfully

2018-05-30 17:31:45 - [TEST_STEP][PASSED] - selectOptionByIndex: All options with index in [1] are selected on object ''

2018-05-30 17:31:45 - [MESSAGE][PASSED] - All options with index in [1] are selected on object ''

2018-05-30 17:31:45 - [TEST_STEP][PASSED] - delay: Delayed 2 second(s)

2018-05-30 17:31:47 - [MESSAGE][PASSED] - Delayed 2 second(s)

2018-05-30 17:31:47 - [TEST_STEP][PASSED] - Statement - batch = new com.kms.katalon.core.testobject.TestObject(): null

2018-05-30 17:31:47 - [TEST_STEP][PASSED] - Statement - batch = com.kms.katalon.core.webui.keyword.WebUiBuiltInKeywords.modifyObjectProperty(batch, "xpath", "equals", "//*[@id = "txtbthqty" + row + ""]", true): Modify property of object successfully

2018-05-30 17:31:47 - [MESSAGE][PASSED] - Modify property of object successfully

2018-05-30 17:31:47 - [TEST_STEP][PASSED] - Statement - batchqty = com.kms.katalon.core.webui.keyword.WebUiBuiltInKeywords.getAttribute(batch, "value").trim(): Attribute 'value' of object '' is: '37800'

2018-05-30 17:31:47 - [MESSAGE][PASSED] - Attribute 'value' of object '' is: '37800'

2018-05-30 17:31:47 - [TEST_STEP][PASSED] - Statement - Rqty = 100: null

2018-05-30 17:31:47 - [TEST_STEP][PASSED] - Statement - out.println("BatchQty : " + batchqty): null

2018-05-30 17:31:47 - [TEST_STEP][PASSED] - Statement - out.println("RQty : " + Rqty): null

2018-05-30 17:31:47 - [TEST_STEP][PASSED] - Statement - If (java.lang.Integer.valueOf(batchqty) >= java.lang.Integer.valueOf(Rqty)): null

2018-05-30 17:31:47 - [TEST_STEP][PASSED] - Statement - Break: null

2018-05-30 17:31:47 - [TEST_STEP][PASSED] - Statement - batchlength = new com.kms.katalon.core.testobject.TestObject(): null

2018-05-30 17:31:47 - [TEST_STEP][PASSED] - Statement - batchlength = com.kms.katalon.core.webui.keyword.WebUiBuiltInKeywords.modifyObjectProperty(batchlength, "xpath", "equals", "//*[@id = "fldvendor" + row + ""]", true): Modify property of object successfully

2018-05-30 17:31:47 - [MESSAGE][PASSED] - Modify property of object successfully

2018-05-30 17:31:47 - [TEST_STEP][PASSED] - Statement - batchsize = com.kms.katalon.core.webui.keyword.WebUiBuiltInKeywords.getNumberOfTotalOption(batchlength): 8 options of object '' counted

2018-05-30 17:31:47 - [MESSAGE][PASSED] - 8 options of object '' counted

2018-05-30 17:31:47 - [TEST_STEP][PASSED] - Statement - out.println("BatchSize : " + batchsize): null

2018-05-30 17:31:47 - [TEST_STEP][PASSED] - Statement - For ([n = 1, n <= batchsize - 1, (n++)]): null

2018-05-30 17:31:47 - [TEST_STEP][PASSED] - Statement - product = new com.kms.katalon.core.testobject.TestObject(): null

2018-05-30 17:31:47 - [TEST_STEP][PASSED] - Statement - product = com.kms.katalon.core.webui.keyword.WebUiBuiltInKeywords.modifyObjectProperty(product, "xpath", "equals", "//*[@id = "fldvendor" + row + ""]", true): Modify property of object successfully

2018-05-30 17:31:47 - [MESSAGE][PASSED] - Modify property of object successfully

2018-05-30 17:31:47 - [TEST_STEP][PASSED] - selectOptionByIndex: All options with index in [1] are selected on object ''

2018-05-30 17:31:48 - [MESSAGE][PASSED] - All options with index in [1] are selected on object ''

2018-05-30 17:31:48 - [TEST_STEP][PASSED] - delay: Delayed 2 second(s)

2018-05-30 17:31:50 - [MESSAGE][PASSED] - Delayed 2 second(s)

2018-05-30 17:31:50 - [TEST_STEP][PASSED] - Statement - batch = new com.kms.katalon.core.testobject.TestObject(): null

2018-05-30 17:31:50 - [TEST_STEP][PASSED] - Statement - batch = com.kms.katalon.core.webui.keyword.WebUiBuiltInKeywords.modifyObjectProperty(batch, "xpath", "equals", "//*[@id = "txtbthqty" + row + ""]", true): Modify property of object successfully

2018-05-30 17:31:50 - [MESSAGE][PASSED] - Modify property of object successfully

2018-05-30 17:31:50 - [TEST_STEP][PASSED] - Statement - batchqty = com.kms.katalon.core.webui.keyword.WebUiBuiltInKeywords.getAttribute(batch, "value").trim(): Attribute 'value' of object '' is: '4500'

2018-05-30 17:31:50 - [MESSAGE][PASSED] - Attribute 'value' of object '' is: '4500'

2018-05-30 17:31:50 - [TEST_STEP][PASSED] - Statement - Rqty = 100: null

2018-05-30 17:31:50 - [TEST_STEP][PASSED] - Statement - out.println("BatchQty : " + batchqty): null

2018-05-30 17:31:50 - [TEST_STEP][PASSED] - Statement - out.println("RQty : " + Rqty): null

2018-05-30 17:31:50 - [TEST_STEP][PASSED] - Statement - If (java.lang.Integer.valueOf(batchqty) >= java.lang.Integer.valueOf(Rqty)): null

2018-05-30 17:31:50 - [TEST_STEP][PASSED] - Statement - Break: null

2018-05-30 17:33:06 - [TEST_STEP][PASSED] - Statement - batchlength = new com.kms.katalon.core.testobject.TestObject(): null

2018-05-30 17:33:06 - [TEST_STEP][PASSED] - Statement - batchlength = com.kms.katalon.core.webui.keyword.WebUiBuiltInKeywords.modifyObjectProperty(batchlength, "xpath", "equals", "//*[@id = "fldvendor" + row + ""]", true): Modify property of object successfully

2018-05-30 17:33:06 - [MESSAGE][PASSED] - Modify property of object successfully

2018-05-30 17:33:06 - [TEST_STEP][PASSED] - Statement - batchsize = com.kms.katalon.core.webui.keyword.WebUiBuiltInKeywords.getNumberOfTotalOption(batchlength): 8 options of object '' counted

2018-05-30 17:33:06 - [MESSAGE][PASSED] - 8 options of object '' counted

2018-05-30 17:33:06 - [TEST_STEP][PASSED] - Statement - out.println("BatchSize : " + batchsize): null

2018-05-30 17:33:06 - [TEST_STEP][PASSED] - Statement - For ([n = 1, n <= batchsize - 1, (n++)]): null

2018-05-30 17:33:06 - [TEST_STEP][PASSED] - Statement - product = new com.kms.katalon.core.testobject.TestObject(): null

2018-05-30 17:33:06 - [TEST_STEP][PASSED] - Statement - product = com.kms.katalon.core.webui.keyword.WebUiBuiltInKeywords.modifyObjectProperty(product, "xpath", "equals", "//*[@id = "fldvendor" + row + ""]", true): Modify property of object successfully

2018-05-30 17:33:06 - [MESSAGE][PASSED] - Modify property of object successfully

2018-05-30 17:33:06 - [TEST_STEP][PASSED] - selectOptionByIndex: All options with index in [1] are selected on object ''

2018-05-30 17:33:06 - [MESSAGE][PASSED] - All options with index in [1] are selected on object ''

2018-05-30 17:33:06 - [TEST_STEP][PASSED] - delay: Delayed 2 second(s)

2018-05-30 17:33:08 - [MESSAGE][PASSED] - Delayed 2 second(s)

2018-05-30 17:33:08 - [TEST_STEP][PASSED] - Statement - batch = new com.kms.katalon.core.testobject.TestObject(): null

2018-05-30 17:33:08 - [TEST_STEP][PASSED] - Statement - batch = com.kms.katalon.core.webui.keyword.WebUiBuiltInKeywords.modifyObjectProperty(batch, "xpath", "equals", "//*[@id = "txtbthqty" + row + ""]", true): Modify property of object successfully

2018-05-30 17:33:08 - [MESSAGE][PASSED] - Modify property of object successfully

2018-05-30 17:33:08 - [TEST_STEP][PASSED] - Statement - batchqty = com.kms.katalon.core.webui.keyword.WebUiBuiltInKeywords.getAttribute(batch, "value").trim(): Attribute 'value' of object '' is: '4100'

2018-05-30 17:33:08 - [MESSAGE][PASSED] - Attribute 'value' of object '' is: '4100'

2018-05-30 17:33:08 - [TEST_STEP][PASSED] - Statement - Rqty = 100: null

2018-05-30 17:33:08 - [TEST_STEP][PASSED] - Statement - out.println("BatchQty : " + batchqty): null

2018-05-30 17:33:08 - [TEST_STEP][PASSED] - Statement - out.println("RQty : " + Rqty): null

2018-05-30 17:33:08 - [TEST_STEP][PASSED] - Statement - If (java.lang.Integer.valueOf(batchqty) >= java.lang.Integer.valueOf(Rqty)): null

2018-05-30 17:33:08 - [TEST_STEP][PASSED] - Statement - Break: null

2018-05-30 17:33:08 - [TEST_STEP][PASSED] - Statement - batchlength = new com.kms.katalon.core.testobject.TestObject(): null

2018-05-30 17:33:08 - [TEST_STEP][PASSED] - Statement - batchlength = com.kms.katalon.core.webui.keyword.WebUiBuiltInKeywords.modifyObjectProperty(batchlength, "xpath", "equals", "//*[@id = "fldvendor" + row + ""]", true): Modify property of object successfully

2018-05-30 17:33:08 - [MESSAGE][PASSED] - Modify property of object successfully

2018-05-30 17:33:08 - [TEST_STEP][PASSED] - Statement - batchsize = com.kms.katalon.core.webui.keyword.WebUiBuiltInKeywords.getNumberOfTotalOption(batchlength): 8 options of object '' counted

2018-05-30 17:33:08 - [MESSAGE][PASSED] - 8 options of object '' counted

2018-05-30 17:33:08 - [TEST_STEP][PASSED] - Statement - out.println("BatchSize : " + batchsize): null

2018-05-30 17:33:08 - [TEST_STEP][PASSED] - Statement - For ([n = 1, n <= batchsize - 1, (n++)]): null

2018-05-30 17:33:08 - [TEST_STEP][PASSED] - Statement - product = new com.kms.katalon.core.testobject.TestObject(): null

2018-05-30 17:33:08 - [TEST_STEP][PASSED] - Statement - product = com.kms.katalon.core.webui.keyword.WebUiBuiltInKeywords.modifyObjectProperty(product, "xpath", "equals", "//*[@id = "fldvendor" + row + ""]", true): Modify property of object successfully

2018-05-30 17:33:08 - [MESSAGE][PASSED] - Modify property of object successfully

2018-05-30 17:33:08 - [TEST_STEP][PASSED] - selectOptionByIndex: All options with index in [1] are selected on object ''

2018-05-30 17:33:08 - [MESSAGE][PASSED] - All options with index in [1] are selected on object ''

2018-05-30 17:33:08 - [TEST_STEP][PASSED] - delay: Delayed 2 second(s)

2018-05-30 17:33:10 - [MESSAGE][PASSED] - Delayed 2 second(s)

2018-05-30 17:33:10 - [TEST_STEP][PASSED] - Statement - batch = new com.kms.katalon.core.testobject.TestObject(): null

2018-05-30 17:33:10 - [TEST_STEP][PASSED] - Statement - batch = com.kms.katalon.core.webui.keyword.WebUiBuiltInKeywords.modifyObjectProperty(batch, "xpath", "equals", "//*[@id = "txtbthqty" + row + ""]", true): Modify property of object successfully

2018-05-30 17:33:10 - [MESSAGE][PASSED] - Modify property of object successfully

2018-05-30 17:33:10 - [TEST_STEP][PASSED] - Statement - batchqty = com.kms.katalon.core.webui.keyword.WebUiBuiltInKeywords.getAttribute(batch, "value").trim(): Attribute 'value' of object '' is: '37800'

2018-05-30 17:33:10 - [MESSAGE][PASSED] - Attribute 'value' of object '' is: '37800'

2018-05-30 17:33:10 - [TEST_STEP][PASSED] - Statement - Rqty = 100: null

2018-05-30 17:33:10 - [TEST_STEP][PASSED] - Statement - out.println("BatchQty : " + batchqty): null

2018-05-30 17:33:10 - [TEST_STEP][PASSED] - Statement - out.println("RQty : " + Rqty): null

2018-05-30 17:33:10 - [TEST_STEP][PASSED] - Statement - If (java.lang.Integer.valueOf(batchqty) >= java.lang.Integer.valueOf(Rqty)): null

2018-05-30 17:33:10 - [TEST_STEP][PASSED] - Statement - Break: null

2018-05-30 17:33:10 - [TEST_STEP][PASSED] - Statement - batchlength = new com.kms.katalon.core.testobject.TestObject(): null

2018-05-30 17:33:10 - [TEST_STEP][PASSED] - Statement - batchlength = com.kms.katalon.core.webui.keyword.WebUiBuiltInKeywords.modifyObjectProperty(batchlength, "xpath", "equals", "//*[@id = "fldvendor" + row + ""]", true): Modify property of object successfully

2018-05-30 17:33:10 - [MESSAGE][PASSED] - Modify property of object successfully

2018-05-30 17:33:10 - [TEST_STEP][PASSED] - Statement - batchsize = com.kms.katalon.core.webui.keyword.WebUiBuiltInKeywords.getNumberOfTotalOption(batchlength): 8 options of object '' counted

2018-05-30 17:33:10 - [MESSAGE][PASSED] - 8 options of object '' counted

2018-05-30 17:33:10 - [TEST_STEP][PASSED] - Statement - out.println("BatchSize : " + batchsize): null

2018-05-30 17:33:19 - [TEST_STEP][PASSED] - Statement - For ([n = 1, n <= batchsize - 1, (n++)]): null

2018-05-30 17:33:19 - [TEST_STEP][PASSED] - Statement - product = new com.kms.katalon.core.testobject.TestObject(): null

2018-05-30 17:33:19 - [TEST_STEP][PASSED] - Statement - product = com.kms.katalon.core.webui.keyword.WebUiBuiltInKeywords.modifyObjectProperty(product, "xpath", "equals", "//*[@id = "fldvendor" + row + ""]", true): Modify property of object successfully

2018-05-30 17:33:19 - [MESSAGE][PASSED] - Modify property of object successfully

2018-05-30 17:33:19 - [TEST_STEP][PASSED] - selectOptionByIndex: All options with index in [1] are selected on object ''

2018-05-30 17:33:19 - [MESSAGE][PASSED] - All options with index in [1] are selected on object ''

2018-05-30 17:33:19 - [TEST_STEP][PASSED] - delay: Delayed 2 second(s)

2018-05-30 17:33:21 - [MESSAGE][PASSED] - Delayed 2 second(s)

2018-05-30 17:33:21 - [TEST_STEP][PASSED] - Statement - batch = new com.kms.katalon.core.testobject.TestObject(): null

2018-05-30 17:33:21 - [TEST_STEP][PASSED] - Statement - batch = com.kms.katalon.core.webui.keyword.WebUiBuiltInKeywords.modifyObjectProperty(batch, "xpath", "equals", "//*[@id = "txtbthqty" + row + ""]", true): Modify property of object successfully

2018-05-30 17:33:21 - [MESSAGE][PASSED] - Modify property of object successfully

2018-05-30 17:33:21 - [TEST_STEP][PASSED] - Statement - batchqty = com.kms.katalon.core.webui.keyword.WebUiBuiltInKeywords.getAttribute(batch, "value").trim(): Attribute 'value' of object '' is: '4100'

2018-05-30 17:33:21 - [MESSAGE][PASSED] - Attribute 'value' of object '' is: '4100'

2018-05-30 17:33:21 - [TEST_STEP][PASSED] - Statement - Rqty = 100: null

2018-05-30 17:33:21 - [TEST_STEP][PASSED] - Statement - out.println("BatchQty : " + batchqty): null

2018-05-30 17:33:21 - [TEST_STEP][PASSED] - Statement - out.println("RQty : " + Rqty): null

2018-05-30 17:33:21 - [TEST_STEP][PASSED] - Statement - If (java.lang.Integer.valueOf(batchqty) >= java.lang.Integer.valueOf(Rqty)): null

2018-05-30 17:33:21 - [TEST_STEP][PASSED] - Statement - Break: null

2018-05-30 17:33:21 - [TEST_STEP][PASSED] - Statement - batchlength = new com.kms.katalon.core.testobject.TestObject(): null

2018-05-30 17:33:21 - [TEST_STEP][PASSED] - Statement - batchlength = com.kms.katalon.core.webui.keyword.WebUiBuiltInKeywords.modifyObjectProperty(batchlength, "xpath", "equals", "//*[@id = "fldvendor" + row + ""]", true): Modify property of object successfully

2018-05-30 17:33:21 - [MESSAGE][PASSED] - Modify property of object successfully

2018-05-30 17:33:21 - [TEST_STEP][PASSED] - Statement - batchsize = com.kms.katalon.core.webui.keyword.WebUiBuiltInKeywords.getNumberOfTotalOption(batchlength): 8 options of object '' counted

2018-05-30 17:33:21 - [MESSAGE][PASSED] - 8 options of object '' counted

2018-05-30 17:33:21 - [TEST_STEP][PASSED] - Statement - out.println("BatchSize : " + batchsize): null

2018-05-30 17:33:21 - [TEST_STEP][PASSED] - Statement - For ([n = 1, n <= batchsize - 1, (n++)]): null

2018-05-30 17:33:21 - [TEST_STEP][PASSED] - Statement - product = new com.kms.katalon.core.testobject.TestObject(): null

2018-05-30 17:33:21 - [TEST_STEP][PASSED] - Statement - product = com.kms.katalon.core.webui.keyword.WebUiBuiltInKeywords.modifyObjectProperty(product, "xpath", "equals", "//*[@id = "fldvendor" + row + ""]", true): Modify property of object successfully

2018-05-30 17:33:21 - [MESSAGE][PASSED] - Modify property of object successfully

2018-05-30 17:33:21 - [TEST_STEP][PASSED] - selectOptionByIndex: All options with index in [1] are selected on object ''

2018-05-30 17:33:21 - [MESSAGE][PASSED] - All options with index in [1] are selected on object ''

2018-05-30 17:33:21 - [TEST_STEP][PASSED] - delay: Delayed 2 second(s)

2018-05-30 17:33:23 - [MESSAGE][PASSED] - Delayed 2 second(s)

2018-05-30 17:33:23 - [TEST_STEP][PASSED] - Statement - batch = new com.kms.katalon.core.testobject.TestObject(): null

2018-05-30 17:33:23 - [TEST_STEP][PASSED] - Statement - batch = com.kms.katalon.core.webui.keyword.WebUiBuiltInKeywords.modifyObjectProperty(batch, "xpath", "equals", "//*[@id = "txtbthqty" + row + ""]", true): Modify property of object successfully

2018-05-30 17:33:23 - [MESSAGE][PASSED] - Modify property of object successfully

2018-05-30 17:33:23 - [TEST_STEP][PASSED] - Statement - batchqty = com.kms.katalon.core.webui.keyword.WebUiBuiltInKeywords.getAttribute(batch, "value").trim(): Attribute 'value' of object '' is: '4100'

2018-05-30 17:33:23 - [MESSAGE][PASSED] - Attribute 'value' of object '' is: '4100'

2018-05-30 17:33:23 - [TEST_STEP][PASSED] - Statement - Rqty = 100: null

2018-05-30 17:33:23 - [TEST_STEP][PASSED] - Statement - out.println("BatchQty : " + batchqty): null

2018-05-30 17:33:23 - [TEST_STEP][PASSED] - Statement - out.println("RQty : " + Rqty): null

2018-05-30 17:33:23 - [TEST_STEP][PASSED] - Statement - If (java.lang.Integer.valueOf(batchqty) >= java.lang.Integer.valueOf(Rqty)): null

2018-05-30 17:33:23 - [TEST_STEP][PASSED] - Statement - Break: null

2018-05-30 17:33:23 - [TEST_STEP][PASSED] - Statement - batchlength = new com.kms.katalon.core.testobject.TestObject(): null

2018-05-30 17:33:23 - [TEST_STEP][PASSED] - Statement - batchlength = com.kms.katalon.core.webui.keyword.WebUiBuiltInKeywords.modifyObjectProperty(batchlength, "xpath", "equals", "//*[@id = "fldvendor" + row + ""]", true): Modify property of object successfully

2018-05-30 17:33:23 - [MESSAGE][PASSED] - Modify property of object successfully

2018-05-30 17:33:23 - [TEST_STEP][PASSED] - Statement - batchsize = com.kms.katalon.core.webui.keyword.WebUiBuiltInKeywords.getNumberOfTotalOption(batchlength): 8 options of object '' counted

2018-05-30 17:33:23 - [MESSAGE][PASSED] - 8 options of object '' counted

2018-05-30 17:33:23 - [TEST_STEP][PASSED] - Statement - out.println("BatchSize : " + batchsize): null

2018-05-30 17:33:23 - [TEST_STEP][PASSED] - Statement - For ([n = 1, n <= batchsize - 1, (n++)]): null

2018-05-30 17:33:23 - [TEST_STEP][PASSED] - Statement - product = new com.kms.katalon.core.testobject.TestObject(): null

2018-05-30 17:33:23 - [TEST_STEP][PASSED] - Statement - product = com.kms.katalon.core.webui.keyword.WebUiBuiltInKeywords.modifyObjectProperty(product, "xpath", "equals", "//*[@id = "fldvendor" + row + ""]", true): Modify property of object successfully

2018-05-30 17:33:23 - [MESSAGE][PASSED] - Modify property of object successfully

2018-05-30 17:33:23 - [TEST_STEP][PASSED] - selectOptionByIndex: All options with index in [1] are selected on object ''

2018-05-30 17:33:23 - [MESSAGE][PASSED] - All options with index in [1] are selected on object ''

2018-05-30 17:33:23 - [TEST_STEP][PASSED] - delay: Delayed 2 second(s)

2018-05-30 17:33:25 - [MESSAGE][PASSED] - Delayed 2 second(s)

2018-05-30 17:33:25 - [TEST_STEP][PASSED] - Statement - batch = new com.kms.katalon.core.testobject.TestObject(): null

2018-05-30 17:33:25 - [TEST_STEP][PASSED] - Statement - batch = com.kms.katalon.core.webui.keyword.WebUiBuiltInKeywords.modifyObjectProperty(batch, "xpath", "equals", "//*[@id = "txtbthqty" + row + ""]", true): Modify property of object successfully

2018-05-30 17:33:25 - [MESSAGE][PASSED] - Modify property of object successfully

2018-05-30 17:33:25 - [TEST_STEP][PASSED] - Statement - batchqty = com.kms.katalon.core.webui.keyword.WebUiBuiltInKeywords.getAttribute(batch, "value").trim(): Attribute 'value' of object '' is: '4100'

2018-05-30 17:33:25 - [MESSAGE][PASSED] - Attribute 'value' of object '' is: '4100'

2018-05-30 17:33:25 - [TEST_STEP][PASSED] - Statement - Rqty = 100: null

2018-05-30 17:33:25 - [TEST_STEP][PASSED] - Statement - out.println("BatchQty : " + batchqty): null

2018-05-30 17:33:25 - [TEST_STEP][PASSED] - Statement - out.println("RQty : " + Rqty): null

2018-05-30 17:33:25 - [TEST_STEP][PASSED] - Statement - If (java.lang.Integer.valueOf(batchqty) >= java.lang.Integer.valueOf(Rqty)): null

2018-05-30 17:33:25 - [TEST_STEP][PASSED] - Statement - Break: null

2018-05-30 17:33:25 - [TEST_STEP][PASSED] - Statement - batchlength = new com.kms.katalon.core.testobject.TestObject(): null

2018-05-30 17:33:25 - [TEST_STEP][PASSED] - Statement - batchlength = com.kms.katalon.core.webui.keyword.WebUiBuiltInKeywords.modifyObjectProperty(batchlength, "xpath", "equals", "//*[@id = "fldvendor" + row + ""]", true): Modify property of object successfully

2018-05-30 17:33:25 - [MESSAGE][PASSED] - Modify property of object successfully

2018-05-30 17:33:25 - [TEST_STEP][PASSED] - Statement - batchsize = com.kms.katalon.core.webui.keyword.WebUiBuiltInKeywords.getNumberOfTotalOption(batchlength): 8 options of object '' counted

2018-05-30 17:33:26 - [MESSAGE][PASSED] - 8 options of object '' counted

2018-05-30 17:33:26 - [TEST_STEP][PASSED] - Statement - out.println("BatchSize : " + batchsize): null

2018-05-30 17:33:26 - [TEST_STEP][PASSED] - Statement - For ([n = 1, n <= batchsize - 1, (n++)]): null

2018-05-30 17:33:26 - [TEST_STEP][PASSED] - Statement - product = new com.kms.katalon.core.testobject.TestObject(): null

2018-05-30 17:33:26 - [TEST_STEP][PASSED] - Statement - product = com.kms.katalon.core.webui.keyword.WebUiBuiltInKeywords.modifyObjectProperty(product, "xpath", "equals", "//*[@id = "fldvendor" + row + ""]", true): Modify property of object successfully

2018-05-30 17:33:26 - [MESSAGE][PASSED] - Modify property of object successfully

2018-05-30 17:33:26 - [TEST_STEP][PASSED] - selectOptionByIndex: All options with index in [1] are selected on object ''

2018-05-30 17:33:26 - [MESSAGE][PASSED] - All options with index in [1] are selected on object ''

2018-05-30 17:33:26 - [TEST_STEP][PASSED] - delay: Delayed 2 second(s)

2018-05-30 17:33:28 - [MESSAGE][PASSED] - Delayed 2 second(s)

2018-05-30 17:33:28 - [TEST_STEP][PASSED] - Statement - batch = new com.kms.katalon.core.testobject.TestObject(): null

2018-05-30 17:33:28 - [TEST_STEP][PASSED] - Statement - batch = com.kms.katalon.core.webui.keyword.WebUiBuiltInKeywords.modifyObjectProperty(batch, "xpath", "equals", "//*[@id = "txtbthqty" + row + ""]", true): Modify property of object successfully

2018-05-30 17:33:28 - [MESSAGE][PASSED] - Modify property of object successfully

2018-05-30 17:33:28 - [TEST_STEP][PASSED] - Statement - batchqty = com.kms.katalon.core.webui.keyword.WebUiBuiltInKeywords.getAttribute(batch, "value").trim(): Attribute 'value' of object '' is: '5000'

2018-05-30 17:33:28 - [MESSAGE][PASSED] - Attribute 'value' of object '' is: '5000'

2018-05-30 17:33:28 - [TEST_STEP][PASSED] - Statement - Rqty = 100: null

2018-05-30 17:33:28 - [TEST_STEP][PASSED] - Statement - out.println("BatchQty : " + batchqty): null

2018-05-30 17:33:28 - [TEST_STEP][PASSED] - Statement - out.println("RQty : " + Rqty): null

2018-05-30 17:33:28 - [TEST_STEP][PASSED] - Statement - If (java.lang.Integer.valueOf(batchqty) >= java.lang.Integer.valueOf(Rqty)): null

2018-05-30 17:33:28 - [TEST_STEP][PASSED] - Statement - Break: null

2018-05-30 17:33:28 - [TEST_STEP][PASSED] - Statement - batchlength = new com.kms.katalon.core.testobject.TestObject(): null

2018-05-30 17:33:28 - [TEST_STEP][PASSED] - Statement - batchlength = com.kms.katalon.core.webui.keyword.WebUiBuiltInKeywords.modifyObjectProperty(batchlength, "xpath", "equals", "//*[@id = "fldvendor" + row + ""]", true): Modify property of object successfully

2018-05-30 17:33:28 - [MESSAGE][PASSED] - Modify property of object successfully

2018-05-30 17:33:28 - [TEST_STEP][PASSED] - Statement - batchsize = com.kms.katalon.core.webui.keyword.WebUiBuiltInKeywords.getNumberOfTotalOption(batchlength): 8 options of object '' counted

2018-05-30 17:33:28 - [MESSAGE][PASSED] - 8 options of object '' counted

2018-05-30 17:33:28 - [TEST_STEP][PASSED] - Statement - out.println("BatchSize : " + batchsize): null

2018-05-30 17:33:28 - [TEST_STEP][PASSED] - Statement - For ([n = 1, n <= batchsize - 1, (n++)]): null

2018-05-30 17:33:28 - [TEST_STEP][PASSED] - Statement - product = new com.kms.katalon.core.testobject.TestObject(): null

2018-05-30 17:33:28 - [TEST_STEP][PASSED] - Statement - product = com.kms.katalon.core.webui.keyword.WebUiBuiltInKeywords.modifyObjectProperty(product, "xpath", "equals", "//*[@id = "fldvendor" + row + ""]", true): Modify property of object successfully

2018-05-30 17:33:28 - [MESSAGE][PASSED] - Modify property of object successfully

2018-05-30 17:33:28 - [TEST_STEP][PASSED] - selectOptionByIndex: All options with index in [1] are selected on object ''

2018-05-30 17:33:28 - [MESSAGE][PASSED] - All options with index in [1] are selected on object ''

2018-05-30 17:33:28 - [TEST_STEP][PASSED] - delay: Delayed 2 second(s)

2018-05-30 17:33:30 - [MESSAGE][PASSED] - Delayed 2 second(s)

2018-05-30 17:33:30 - [TEST_STEP][PASSED] - Statement - batch = new com.kms.katalon.core.testobject.TestObject(): null

2018-05-30 17:33:30 - [TEST_STEP][PASSED] - Statement - batch = com.kms.katalon.core.webui.keyword.WebUiBuiltInKeywords.modifyObjectProperty(batch, "xpath", "equals", "//*[@id = "txtbthqty" + row + ""]", true): Modify property of object successfully

2018-05-30 17:33:30 - [MESSAGE][PASSED] - Modify property of object successfully

2018-05-30 17:33:30 - [TEST_STEP][PASSED] - Statement - batchqty = com.kms.katalon.core.webui.keyword.WebUiBuiltInKeywords.getAttribute(batch, "value").trim(): Attribute 'value' of object '' is: '5000'

2018-05-30 17:33:30 - [MESSAGE][PASSED] - Attribute 'value' of object '' is: '5000'

2018-05-30 17:33:30 - [TEST_STEP][PASSED] - Statement - Rqty = 100: null

2018-05-30 17:33:30 - [TEST_STEP][PASSED] - Statement - out.println("BatchQty : " + batchqty): null

2018-05-30 17:33:30 - [TEST_STEP][PASSED] - Statement - out.println("RQty : " + Rqty): null

2018-05-30 17:33:30 - [TEST_STEP][PASSED] - Statement - If (java.lang.Integer.valueOf(batchqty) >= java.lang.Integer.valueOf(Rqty)): null

2018-05-30 17:33:30 - [TEST_STEP][PASSED] - Statement - Break: null

2018-05-30 17:33:30 - [TEST_STEP][PASSED] - Statement - batchlength = new com.kms.katalon.core.testobject.TestObject(): null

2018-05-30 17:33:30 - [TEST_STEP][PASSED] - Statement - batchlength = com.kms.katalon.core.webui.keyword.WebUiBuiltInKeywords.modifyObjectProperty(batchlength, "xpath", "equals", "//*[@id = "fldvendor" + row + ""]", true): Modify property of object successfully

2018-05-30 17:33:30 - [MESSAGE][PASSED] - Modify property of object successfully

2018-05-30 17:33:30 - [TEST_STEP][PASSED] - Statement - batchsize = com.kms.katalon.core.webui.keyword.WebUiBuiltInKeywords.getNumberOfTotalOption(batchlength): 8 options of object '' counted

2018-05-30 17:33:30 - [MESSAGE][PASSED] - 8 options of object '' counted

2018-05-30 17:33:30 - [TEST_STEP][PASSED] - Statement - out.println("BatchSize : " + batchsize): null

2018-05-30 17:33:30 - [TEST_STEP][PASSED] - Statement - For ([n = 1, n <= batchsize - 1, (n++)]): null

2018-05-30 17:33:30 - [TEST_STEP][PASSED] - Statement - product = new com.kms.katalon.core.testobject.TestObject(): null

2018-05-30 17:33:30 - [TEST_STEP][PASSED] - Statement - product = com.kms.katalon.core.webui.keyword.WebUiBuiltInKeywords.modifyObjectProperty(product, "xpath", "equals", "//*[@id = "fldvendor" + row + ""]", true): Modify property of object successfully

2018-05-30 17:33:30 - [MESSAGE][PASSED] - Modify property of object successfully

2018-05-30 17:33:30 - [TEST_STEP][PASSED] - selectOptionByIndex: All options with index in [1] are selected on object ''

2018-05-30 17:33:30 - [MESSAGE][PASSED] - All options with index in [1] are selected on object ''

2018-05-30 17:33:30 - [TEST_STEP][PASSED] - delay: Delayed 2 second(s)

2018-05-30 17:33:32 - [MESSAGE][PASSED] - Delayed 2 second(s)

2018-05-30 17:33:32 - [TEST_STEP][PASSED] - Statement - batch = new com.kms.katalon.core.testobject.TestObject(): null

2018-05-30 17:33:32 - [TEST_STEP][PASSED] - Statement - batch = com.kms.katalon.core.webui.keyword.WebUiBuiltInKeywords.modifyObjectProperty(batch, "xpath", "equals", "//*[@id = "txtbthqty" + row + ""]", true): Modify property of object successfully

2018-05-30 17:33:32 - [MESSAGE][PASSED] - Modify property of object successfully

2018-05-30 17:33:32 - [TEST_STEP][PASSED] - Statement - batchqty = com.kms.katalon.core.webui.keyword.WebUiBuiltInKeywords.getAttribute(batch, "value").trim(): Attribute 'value' of object '' is: '5000'

2018-05-30 17:33:32 - [MESSAGE][PASSED] - Attribute 'value' of object '' is: '5000'

2018-05-30 17:33:32 - [TEST_STEP][PASSED] - Statement - Rqty = 100: null

2018-05-30 17:33:32 - [TEST_STEP][PASSED] - Statement - out.println("BatchQty : " + batchqty): null

2018-05-30 17:33:32 - [TEST_STEP][PASSED] - Statement - out.println("RQty : " + Rqty): null

2018-05-30 17:33:32 - [TEST_STEP][PASSED] - Statement - If (java.lang.Integer.valueOf(batchqty) >= java.lang.Integer.valueOf(Rqty)): null

2018-05-30 17:33:32 - [TEST_STEP][PASSED] - Statement - Break: null

2018-05-30 17:33:32 - [TEST_STEP][PASSED] - Statement - batchlength = new com.kms.katalon.core.testobject.TestObject(): null

2018-05-30 17:33:32 - [TEST_STEP][PASSED] - Statement - batchlength = com.kms.katalon.core.webui.keyword.WebUiBuiltInKeywords.modifyObjectProperty(batchlength, "xpath", "equals", "//*[@id = "fldvendor" + row + ""]", true): Modify property of object successfully

2018-05-30 17:33:32 - [MESSAGE][PASSED] - Modify property of object successfully

2018-05-30 17:33:32 - [TEST_STEP][PASSED] - Statement - batchsize = com.kms.katalon.core.webui.keyword.WebUiBuiltInKeywords.getNumberOfTotalOption(batchlength): 8 options of object '' counted

2018-05-30 17:33:32 - [MESSAGE][PASSED] - 8 options of object '' counted

2018-05-30 17:33:32 - [TEST_STEP][PASSED] - Statement - out.println("BatchSize : " + batchsize): null

2018-05-30 17:33:32 - [TEST_STEP][PASSED] - Statement - For ([n = 1, n <= batchsize - 1, (n++)]): null

2018-05-30 17:33:32 - [TEST_STEP][PASSED] - Statement - product = new com.kms.katalon.core.testobject.TestObject(): null

2018-05-30 17:33:32 - [TEST_STEP][PASSED] - Statement - product = com.kms.katalon.core.webui.keyword.WebUiBuiltInKeywords.modifyObjectProperty(product, "xpath", "equals", "//*[@id = "fldvendor" + row + ""]", true): Modify property of object successfully

2018-05-30 17:33:32 - [MESSAGE][PASSED] - Modify property of object successfully

2018-05-30 17:33:32 - [TEST_STEP][PASSED] - selectOptionByIndex: All options with index in [1] are selected on object ''

2018-05-30 17:33:33 - [MESSAGE][PASSED] - All options with index in [1] are selected on object ''

2018-05-30 17:33:33 - [TEST_STEP][PASSED] - delay: Delayed 2 second(s)

2018-05-30 17:33:35 - [MESSAGE][PASSED] - Delayed 2 second(s)

2018-05-30 17:33:35 - [TEST_STEP][PASSED] - Statement - batch = new com.kms.katalon.core.testobject.TestObject(): null

2018-05-30 17:33:35 - [TEST_STEP][PASSED] - Statement - batch = com.kms.katalon.core.webui.keyword.WebUiBuiltInKeywords.modifyObjectProperty(batch, "xpath", "equals", "//*[@id = "txtbthqty" + row + ""]", true): Modify property of object successfully

2018-05-30 17:33:35 - [MESSAGE][PASSED] - Modify property of object successfully

2018-05-30 17:33:35 - [TEST_STEP][PASSED] - Statement - batchqty = com.kms.katalon.core.webui.keyword.WebUiBuiltInKeywords.getAttribute(batch, "value").trim(): Attribute 'value' of object '' is: '4100'

2018-05-30 17:33:35 - [MESSAGE][PASSED] - Attribute 'value' of object '' is: '4100'

2018-05-30 17:33:35 - [TEST_STEP][PASSED] - Statement - Rqty = 100: null

2018-05-30 17:33:35 - [TEST_STEP][PASSED] - Statement - out.println("BatchQty : " + batchqty): null

2018-05-30 17:33:35 - [TEST_STEP][PASSED] - Statement - out.println("RQty : " + Rqty): null

2018-05-30 17:33:35 - [TEST_STEP][PASSED] - Statement - If (java.lang.Integer.valueOf(batchqty) >= java.lang.Integer.valueOf(Rqty)): null

2018-05-30 17:33:35 - [TEST_STEP][PASSED] - Statement - Break: null

2018-05-30 17:33:35 - [TEST_STEP][PASSED] - Statement - batchlength = new com.kms.katalon.core.testobject.TestObject(): null

2018-05-30 17:33:35 - [TEST_STEP][PASSED] - Statement - batchlength = com.kms.katalon.core.webui.keyword.WebUiBuiltInKeywords.modifyObjectProperty(batchlength, "xpath", "equals", "//*[@id = "fldvendor" + row + ""]", true): Modify property of object successfully

2018-05-30 17:33:35 - [MESSAGE][PASSED] - Modify property of object successfully

2018-05-30 17:33:35 - [TEST_STEP][PASSED] - Statement - batchsize = com.kms.katalon.core.webui.keyword.WebUiBuiltInKeywords.getNumberOfTotalOption(batchlength): 8 options of object '' counted

2018-05-30 17:33:35 - [MESSAGE][PASSED] - 8 options of object '' counted

2018-05-30 17:33:35 - [TEST_STEP][PASSED] - Statement - out.println("BatchSize : " + batchsize): null

2018-05-30 17:33:35 - [TEST_STEP][PASSED] - Statement - For ([n = 1, n <= batchsize - 1, (n++)]): null

2018-05-30 17:33:35 - [TEST_STEP][PASSED] - Statement - product = new com.kms.katalon.core.testobject.TestObject(): null

2018-05-30 17:33:35 - [TEST_STEP][PASSED] - Statement - product = com.kms.katalon.core.webui.keyword.WebUiBuiltInKeywords.modifyObjectProperty(product, "xpath", "equals", "//*[@id = "fldvendor" + row + ""]", true): Modify property of object successfully

2018-05-30 17:33:35 - [MESSAGE][PASSED] - Modify property of object successfully

2018-05-30 17:33:35 - [TEST_STEP][PASSED] - selectOptionByIndex: All options with index in [1] are selected on object ''

2018-05-30 17:33:35 - [MESSAGE][PASSED] - All options with index in [1] are selected on object ''

2018-05-30 17:33:35 - [TEST_STEP][PASSED] - delay: Delayed 2 second(s)

2018-05-30 17:33:37 - [MESSAGE][PASSED] - Delayed 2 second(s)

2018-05-30 17:33:37 - [TEST_STEP][PASSED] - Statement - batch = new com.kms.katalon.core.testobject.TestObject(): null

2018-05-30 17:33:37 - [TEST_STEP][PASSED] - Statement - batch = com.kms.katalon.core.webui.keyword.WebUiBuiltInKeywords.modifyObjectProperty(batch, "xpath", "equals", "//*[@id = "txtbthqty" + row + ""]", true): Modify property of object successfully

2018-05-30 17:33:37 - [MESSAGE][PASSED] - Modify property of object successfully

2018-05-30 17:33:37 - [TEST_STEP][PASSED] - Statement - batchqty = com.kms.katalon.core.webui.keyword.WebUiBuiltInKeywords.getAttribute(batch, "value").trim(): Attribute 'value' of object '' is: '3100'

2018-05-30 17:33:37 - [MESSAGE][PASSED] - Attribute 'value' of object '' is: '3100'

2018-05-30 17:33:37 - [TEST_STEP][PASSED] - Statement - Rqty = 100: null

2018-05-30 17:33:37 - [TEST_STEP][PASSED] - Statement - out.println("BatchQty : " + batchqty): null

2018-05-30 17:33:37 - [TEST_STEP][PASSED] - Statement - out.println("RQty : " + Rqty): null

2018-05-30 17:33:37 - [TEST_STEP][PASSED] - Statement - If (java.lang.Integer.valueOf(batchqty) >= java.lang.Integer.valueOf(Rqty)): null

2018-05-30 17:33:37 - [TEST_STEP][PASSED] - Statement - Break: null

2018-05-30 17:33:37 - [TEST_STEP][PASSED] - Statement - batchlength = new com.kms.katalon.core.testobject.TestObject(): null

2018-05-30 17:33:37 - [TEST_STEP][PASSED] - Statement - batchlength = com.kms.katalon.core.webui.keyword.WebUiBuiltInKeywords.modifyObjectProperty(batchlength, "xpath", "equals", "//*[@id = "fldvendor" + row + ""]", true): Modify property of object successfully

2018-05-30 17:33:37 - [MESSAGE][PASSED] - Modify property of object successfully

2018-05-30 17:33:37 - [TEST_STEP][PASSED] - Statement - batchsize = com.kms.katalon.core.webui.keyword.WebUiBuiltInKeywords.getNumberOfTotalOption(batchlength): 8 options of object '' counted

2018-05-30 17:33:37 - [MESSAGE][PASSED] - 8 options of object '' counted

2018-05-30 17:33:37 - [TEST_STEP][PASSED] - Statement - out.println("BatchSize : " + batchsize): null

2018-05-30 17:33:37 - [TEST_STEP][PASSED] - Statement - For ([n = 1, n <= batchsize - 1, (n++)]): null

2018-05-30 17:33:37 - [TEST_STEP][PASSED] - Statement - product = new com.kms.katalon.core.testobject.TestObject(): null

2018-05-30 17:33:37 - [TEST_STEP][PASSED] - Statement - product = com.kms.katalon.core.webui.keyword.WebUiBuiltInKeywords.modifyObjectProperty(product, "xpath", "equals", "//*[@id = "fldvendor" + row + ""]", true): Modify property of object successfully

2018-05-30 17:33:37 - [MESSAGE][PASSED] - Modify property of object successfully

2018-05-30 17:33:37 - [TEST_STEP][PASSED] - selectOptionByIndex: All options with index in [1] are selected on object ''

2018-05-30 17:33:37 - [MESSAGE][PASSED] - All options with index in [1] are selected on object ''

2018-05-30 17:33:37 - [TEST_STEP][PASSED] - delay: Delayed 2 second(s)

2018-05-30 17:33:39 - [MESSAGE][PASSED] - Delayed 2 second(s)

2018-05-30 17:33:39 - [TEST_STEP][PASSED] - Statement - batch = new com.kms.katalon.core.testobject.TestObject(): null

2018-05-30 17:33:39 - [TEST_STEP][PASSED] - Statement - batch = com.kms.katalon.core.webui.keyword.WebUiBuiltInKeywords.modifyObjectProperty(batch, "xpath", "equals", "//*[@id = "txtbthqty" + row + ""]", true): Modify property of object successfully

2018-05-30 17:33:39 - [MESSAGE][PASSED] - Modify property of object successfully

2018-05-30 17:33:39 - [TEST_STEP][PASSED] - Statement - batchqty = com.kms.katalon.core.webui.keyword.WebUiBuiltInKeywords.getAttribute(batch, "value").trim(): Attribute 'value' of object '' is: '3100'

2018-05-30 17:33:39 - [MESSAGE][PASSED] - Attribute 'value' of object '' is: '3100'

2018-05-30 17:33:39 - [TEST_STEP][PASSED] - Statement - Rqty = 100: null

2018-05-30 17:33:39 - [TEST_STEP][PASSED] - Statement - out.println("BatchQty : " + batchqty): null

2018-05-30 17:33:39 - [TEST_STEP][PASSED] - Statement - out.println("RQty : " + Rqty): null

2018-05-30 17:33:39 - [TEST_STEP][PASSED] - Statement - If (java.lang.Integer.valueOf(batchqty) >= java.lang.Integer.valueOf(Rqty)): null

2018-05-30 17:33:39 - [TEST_STEP][PASSED] - Statement - Break: null

2018-05-30 17:33:39 - [TEST_STEP][PASSED] - Statement - batchlength = new com.kms.katalon.core.testobject.TestObject(): null

2018-05-30 17:33:39 - [TEST_STEP][PASSED] - Statement - batchlength = com.kms.katalon.core.webui.keyword.WebUiBuiltInKeywords.modifyObjectProperty(batchlength, "xpath", "equals", "//*[@id = "fldvendor" + row + ""]", true): Modify property of object successfully

2018-05-30 17:33:39 - [MESSAGE][PASSED] - Modify property of object successfully

2018-05-30 17:33:39 - [TEST_STEP][PASSED] - Statement - batchsize = com.kms.katalon.core.webui.keyword.WebUiBuiltInKeywords.getNumberOfTotalOption(batchlength): 8 options of object '' counted

2018-05-30 17:33:39 - [MESSAGE][PASSED] - 8 options of object '' counted

2018-05-30 17:33:39 - [TEST_STEP][PASSED] - Statement - out.println("BatchSize : " + batchsize): null

2018-05-30 17:33:39 - [TEST_STEP][PASSED] - Statement - For ([n = 1, n <= batchsize - 1, (n++)]): null

2018-05-30 17:33:39 - [TEST_STEP][PASSED] - Statement - product = new com.kms.katalon.core.testobject.TestObject(): null

2018-05-30 17:33:39 - [TEST_STEP][PASSED] - Statement - product = com.kms.katalon.core.webui.keyword.WebUiBuiltInKeywords.modifyObjectProperty(product, "xpath", "equals", "//*[@id = "fldvendor" + row + ""]", true): Modify property of object successfully

2018-05-30 17:33:39 - [MESSAGE][PASSED] - Modify property of object successfully

2018-05-30 17:33:39 - [TEST_STEP][PASSED] - selectOptionByIndex: All options with index in [1] are selected on object ''

2018-05-30 17:33:39 - [MESSAGE][PASSED] - All options with index in [1] are selected on object ''

2018-05-30 17:33:39 - [TEST_STEP][PASSED] - delay: Delayed 2 second(s)

2018-05-30 17:33:41 - [MESSAGE][PASSED] - Delayed 2 second(s)

2018-05-30 17:33:41 - [TEST_STEP][PASSED] - Statement - batch = new com.kms.katalon.core.testobject.TestObject(): null

2018-05-30 17:33:41 - [TEST_STEP][PASSED] - Statement - batch = com.kms.katalon.core.webui.keyword.WebUiBuiltInKeywords.modifyObjectProperty(batch, "xpath", "equals", "//*[@id = "txtbthqty" + row + ""]", true): Modify property of object successfully

2018-05-30 17:33:41 - [MESSAGE][PASSED] - Modify property of object successfully

2018-05-30 17:33:41 - [TEST_STEP][PASSED] - Statement - batchqty = com.kms.katalon.core.webui.keyword.WebUiBuiltInKeywords.getAttribute(batch, "value").trim(): Attribute 'value' of object '' is: '3100'

2018-05-30 17:33:41 - [MESSAGE][PASSED] - Attribute 'value' of object '' is: '3100'

2018-05-30 17:33:41 - [TEST_STEP][PASSED] - Statement - Rqty = 100: null

2018-05-30 17:33:41 - [TEST_STEP][PASSED] - Statement - out.println("BatchQty : " + batchqty): null

2018-05-30 17:33:41 - [TEST_STEP][PASSED] - Statement - out.println("RQty : " + Rqty): null

2018-05-30 17:33:41 - [TEST_STEP][PASSED] - Statement - If (java.lang.Integer.valueOf(batchqty) >= java.lang.Integer.valueOf(Rqty)): null

2018-05-30 17:33:41 - [TEST_STEP][PASSED] - Statement - Break: null

2018-05-30 17:33:41 - [TEST_STEP][PASSED] - Statement - batchlength = new com.kms.katalon.core.testobject.TestObject(): null

2018-05-30 17:33:41 - [TEST_STEP][PASSED] - Statement - batchlength = com.kms.katalon.core.webui.keyword.WebUiBuiltInKeywords.modifyObjectProperty(batchlength, "xpath", "equals", "//*[@id = "fldvendor" + row + ""]", true): Modify property of object successfully

2018-05-30 17:33:41 - [MESSAGE][PASSED] - Modify property of object successfully

2018-05-30 17:33:41 - [TEST_STEP][PASSED] - Statement - batchsize = com.kms.katalon.core.webui.keyword.WebUiBuiltInKeywords.getNumberOfTotalOption(batchlength): 8 options of object '' counted

2018-05-30 17:33:41 - [MESSAGE][PASSED] - 8 options of object '' counted

2018-05-30 17:33:41 - [TEST_STEP][PASSED] - Statement - out.println("BatchSize : " + batchsize): null

2018-05-30 17:33:41 - [TEST_STEP][PASSED] - Statement - For ([n = 1, n <= batchsize - 1, (n++)]): null

2018-05-30 17:33:41 - [TEST_STEP][PASSED] - Statement - product = new com.kms.katalon.core.testobject.TestObject(): null

2018-05-30 17:33:41 - [TEST_STEP][PASSED] - Statement - product = com.kms.katalon.core.webui.keyword.WebUiBuiltInKeywords.modifyObjectProperty(product, "xpath", "equals", "//*[@id = "fldvendor" + row + ""]", true): Modify property of object successfully

2018-05-30 17:33:41 - [MESSAGE][PASSED] - Modify property of object successfully

2018-05-30 17:33:41 - [TEST_STEP][PASSED] - selectOptionByIndex: All options with index in [1] are selected on object ''

2018-05-30 17:33:42 - [MESSAGE][PASSED] - All options with index in [1] are selected on object ''

2018-05-30 17:33:42 - [TEST_STEP][PASSED] - delay: Delayed 2 second(s)

2018-05-30 17:33:44 - [MESSAGE][PASSED] - Delayed 2 second(s)

2018-05-30 17:33:44 - [TEST_STEP][PASSED] - Statement - batch = new com.kms.katalon.core.testobject.TestObject(): null

2018-05-30 17:33:44 - [TEST_STEP][PASSED] - Statement - batch = com.kms.katalon.core.webui.keyword.WebUiBuiltInKeywords.modifyObjectProperty(batch, "xpath", "equals", "//*[@id = "txtbthqty" + row + ""]", true): Modify property of object successfully

2018-05-30 17:33:44 - [MESSAGE][PASSED] - Modify property of object successfully

2018-05-30 17:33:44 - [TEST_STEP][PASSED] - Statement - batchqty = com.kms.katalon.core.webui.keyword.WebUiBuiltInKeywords.getAttribute(batch, "value").trim(): Attribute 'value' of object '' is: '4100'

2018-05-30 17:33:44 - [MESSAGE][PASSED] - Attribute 'value' of object '' is: '4100'

2018-05-30 17:33:44 - [TEST_STEP][PASSED] - Statement - Rqty = 100: null

2018-05-30 17:33:44 - [TEST_STEP][PASSED] - Statement - out.println("BatchQty : " + batchqty): null

2018-05-30 17:33:44 - [TEST_STEP][PASSED] - Statement - out.println("RQty : " + Rqty): null

2018-05-30 17:33:44 - [TEST_STEP][PASSED] - Statement - If (java.lang.Integer.valueOf(batchqty) >= java.lang.Integer.valueOf(Rqty)): null

2018-05-30 17:33:44 - [TEST_STEP][PASSED] - Statement - Break: null

2018-05-30 17:33:44 - [TEST_STEP][PASSED] - Statement - batchlength = new com.kms.katalon.core.testobject.TestObject(): null

2018-05-30 17:33:44 - [TEST_STEP][PASSED] - Statement - batchlength = com.kms.katalon.core.webui.keyword.WebUiBuiltInKeywords.modifyObjectProperty(batchlength, "xpath", "equals", "//*[@id = "fldvendor" + row + ""]", true): Modify property of object successfully

2018-05-30 17:33:44 - [MESSAGE][PASSED] - Modify property of object successfully

2018-05-30 17:33:44 - [TEST_STEP][PASSED] - Statement - batchsize = com.kms.katalon.core.webui.keyword.WebUiBuiltInKeywords.getNumberOfTotalOption(batchlength): 8 options of object '' counted

2018-05-30 17:33:44 - [MESSAGE][PASSED] - 8 options of object '' counted

2018-05-30 17:33:44 - [TEST_STEP][PASSED] - Statement - out.println("BatchSize : " + batchsize): null

2018-05-30 17:33:44 - [TEST_STEP][PASSED] - Statement - For ([n = 1, n <= batchsize - 1, (n++)]): null

2018-05-30 17:33:44 - [TEST_STEP][PASSED] - Statement - product = new com.kms.katalon.core.testobject.TestObject(): null

2018-05-30 17:33:44 - [TEST_STEP][PASSED] - Statement - product = com.kms.katalon.core.webui.keyword.WebUiBuiltInKeywords.modifyObjectProperty(product, "xpath", "equals", "//*[@id = "fldvendor" + row + ""]", true): Modify property of object successfully

2018-05-30 17:33:44 - [MESSAGE][PASSED] - Modify property of object successfully

2018-05-30 17:33:44 - [TEST_STEP][PASSED] - selectOptionByIndex: All options with index in [1] are selected on object ''

2018-05-30 17:33:44 - [MESSAGE][PASSED] - All options with index in [1] are selected on object ''

2018-05-30 17:33:44 - [TEST_STEP][PASSED] - delay: Delayed 2 second(s)

2018-05-30 17:33:46 - [MESSAGE][PASSED] - Delayed 2 second(s)

2018-05-30 17:33:46 - [TEST_STEP][PASSED] - Statement - batch = new com.kms.katalon.core.testobject.TestObject(): null

2018-05-30 17:33:46 - [TEST_STEP][PASSED] - Statement - batch = com.kms.katalon.core.webui.keyword.WebUiBuiltInKeywords.modifyObjectProperty(batch, "xpath", "equals", "//*[@id = "txtbthqty" + row + ""]", true): Modify property of object successfully

2018-05-30 17:33:46 - [MESSAGE][PASSED] - Modify property of object successfully

2018-05-30 17:33:46 - [TEST_STEP][PASSED] - Statement - batchqty = com.kms.katalon.core.webui.keyword.WebUiBuiltInKeywords.getAttribute(batch, "value").trim(): Attribute 'value' of object '' is: '3100'

2018-05-30 17:33:46 - [MESSAGE][PASSED] - Attribute 'value' of object '' is: '3100'

2018-05-30 17:33:46 - [TEST_STEP][PASSED] - Statement - Rqty = 100: null

2018-05-30 17:33:46 - [TEST_STEP][PASSED] - Statement - out.println("BatchQty : " + batchqty): null

2018-05-30 17:33:46 - [TEST_STEP][PASSED] - Statement - out.println("RQty : " + Rqty): null

2018-05-30 17:33:46 - [TEST_STEP][PASSED] - Statement - If (java.lang.Integer.valueOf(batchqty) >= java.lang.Integer.valueOf(Rqty)): null

2018-05-30 17:33:46 - [TEST_STEP][PASSED] - Statement - Break: null

2018-05-30 17:33:46 - [TEST_STEP][PASSED] - Statement - batchlength = new com.kms.katalon.core.testobject.TestObject(): null

2018-05-30 17:33:46 - [TEST_STEP][PASSED] - Statement - batchlength = com.kms.katalon.core.webui.keyword.WebUiBuiltInKeywords.modifyObjectProperty(batchlength, "xpath", "equals", "//*[@id = "fldvendor" + row + ""]", true): Modify property of object successfully

2018-05-30 17:33:46 - [MESSAGE][PASSED] - Modify property of object successfully

2018-05-30 17:33:46 - [TEST_STEP][PASSED] - Statement - batchsize = com.kms.katalon.core.webui.keyword.WebUiBuiltInKeywords.getNumberOfTotalOption(batchlength): 8 options of object '' counted

2018-05-30 17:33:46 - [MESSAGE][PASSED] - 8 options of object '' counted

2018-05-30 17:33:46 - [TEST_STEP][PASSED] - Statement - out.println("BatchSize : " + batchsize): null

2018-05-30 17:33:46 - [TEST_STEP][PASSED] - Statement - For ([n = 1, n <= batchsize - 1, (n++)]): null

2018-05-30 17:33:46 - [TEST_STEP][PASSED] - Statement - product = new com.kms.katalon.core.testobject.TestObject(): null

2018-05-30 17:33:46 - [TEST_STEP][PASSED] - Statement - product = com.kms.katalon.core.webui.keyword.WebUiBuiltInKeywords.modifyObjectProperty(product, "xpath", "equals", "//*[@id = "fldvendor" + row + ""]", true): Modify property of object successfully

2018-05-30 17:33:46 - [MESSAGE][PASSED] - Modify property of object successfully

2018-05-30 17:33:46 - [TEST_STEP][PASSED] - selectOptionByIndex: All options with index in [1] are selected on object ''

2018-05-30 17:33:46 - [MESSAGE][PASSED] - All options with index in [1] are selected on object ''

2018-05-30 17:33:46 - [TEST_STEP][PASSED] - delay: Delayed 2 second(s)

2018-05-30 17:33:48 - [MESSAGE][PASSED] - Delayed 2 second(s)

2018-05-30 17:33:48 - [TEST_STEP][PASSED] - Statement - batch = new com.kms.katalon.core.testobject.TestObject(): null

2018-05-30 17:33:48 - [TEST_STEP][PASSED] - Statement - batch = com.kms.katalon.core.webui.keyword.WebUiBuiltInKeywords.modifyObjectProperty(batch, "xpath", "equals", "//*[@id = "txtbthqty" + row + ""]", true): Modify property of object successfully

2018-05-30 17:33:48 - [MESSAGE][PASSED] - Modify property of object successfully

2018-05-30 17:33:48 - [TEST_STEP][PASSED] - Statement - batchqty = com.kms.katalon.core.webui.keyword.WebUiBuiltInKeywords.getAttribute(batch, "value").trim(): Attribute 'value' of object '' is: '4100'

2018-05-30 17:33:48 - [MESSAGE][PASSED] - Attribute 'value' of object '' is: '4100'

2018-05-30 17:33:48 - [TEST_STEP][PASSED] - Statement - Rqty = 100: null

2018-05-30 17:33:48 - [TEST_STEP][PASSED] - Statement - out.println("BatchQty : " + batchqty): null

2018-05-30 17:33:48 - [TEST_STEP][PASSED] - Statement - out.println("RQty : " + Rqty): null

2018-05-30 17:33:48 - [TEST_STEP][PASSED] - Statement - If (java.lang.Integer.valueOf(batchqty) >= java.lang.Integer.valueOf(Rqty)): null

2018-05-30 17:33:48 - [TEST_STEP][PASSED] - Statement - Break: null

2018-05-30 17:33:48 - [TEST_STEP][PASSED] - Statement - batchlength = new com.kms.katalon.core.testobject.TestObject(): null

2018-05-30 17:33:48 - [TEST_STEP][PASSED] - Statement - batchlength = com.kms.katalon.core.webui.keyword.WebUiBuiltInKeywords.modifyObjectProperty(batchlength, "xpath", "equals", "//*[@id = "fldvendor" + row + ""]", true): Modify property of object successfully

2018-05-30 17:33:48 - [MESSAGE][PASSED] - Modify property of object successfully

2018-05-30 17:33:48 - [TEST_STEP][PASSED] - Statement - batchsize = com.kms.katalon.core.webui.keyword.WebUiBuiltInKeywords.getNumberOfTotalOption(batchlength): 8 options of object '' counted

2018-05-30 17:33:48 - [MESSAGE][PASSED] - 8 options of object '' counted

2018-05-30 17:33:48 - [TEST_STEP][PASSED] - Statement - out.println("BatchSize : " + batchsize): null

2018-05-30 17:33:48 - [TEST_STEP][PASSED] - Statement - For ([n = 1, n <= batchsize - 1, (n++)]): null

2018-05-30 17:33:48 - [TEST_STEP][PASSED] - Statement - product = new com.kms.katalon.core.testobject.TestObject(): null

2018-05-30 17:33:48 - [TEST_STEP][PASSED] - Statement - product = com.kms.katalon.core.webui.keyword.WebUiBuiltInKeywords.modifyObjectProperty(product, "xpath", "equals", "//*[@id = "fldvendor" + row + ""]", true): Modify property of object successfully

2018-05-30 17:33:48 - [MESSAGE][PASSED] - Modify property of object successfully

2018-05-30 17:33:48 - [TEST_STEP][PASSED] - selectOptionByIndex: All options with index in [1] are selected on object ''

2018-05-30 17:33:48 - [MESSAGE][PASSED] - All options with index in [1] are selected on object ''

2018-05-30 17:33:48 - [TEST_STEP][PASSED] - delay: Delayed 2 second(s)

2018-05-30 17:33:50 - [MESSAGE][PASSED] - Delayed 2 second(s)

2018-05-30 17:33:50 - [TEST_STEP][PASSED] - Statement - batch = new com.kms.katalon.core.testobject.TestObject(): null

2018-05-30 17:33:50 - [TEST_STEP][PASSED] - Statement - batch = com.kms.katalon.core.webui.keyword.WebUiBuiltInKeywords.modifyObjectProperty(batch, "xpath", "equals", "//*[@id = "txtbthqty" + row + ""]", true): Modify property of object successfully

2018-05-30 17:33:50 - [MESSAGE][PASSED] - Modify property of object successfully

2018-05-30 17:33:50 - [TEST_STEP][PASSED] - Statement - batchqty = com.kms.katalon.core.webui.keyword.WebUiBuiltInKeywords.getAttribute(batch, "value").trim(): Attribute 'value' of object '' is: '4100'

2018-05-30 17:33:51 - [MESSAGE][PASSED] - Attribute 'value' of object '' is: '4100'

2018-05-30 17:33:51 - [TEST_STEP][PASSED] - Statement - Rqty = 100: null

2018-05-30 17:33:51 - [TEST_STEP][PASSED] - Statement - out.println("BatchQty : " + batchqty): null

2018-05-30 17:33:51 - [TEST_STEP][PASSED] - Statement - out.println("RQty : " + Rqty): null

2018-05-30 17:33:51 - [TEST_STEP][PASSED] - Statement - If (java.lang.Integer.valueOf(batchqty) >= java.lang.Integer.valueOf(Rqty)): null

2018-05-30 17:33:51 - [TEST_STEP][PASSED] - Statement - Break: null

2018-05-30 17:33:51 - [TEST_STEP][PASSED] - Statement - batchlength = new com.kms.katalon.core.testobject.TestObject(): null

2018-05-30 17:33:51 - [TEST_STEP][PASSED] - Statement - batchlength = com.kms.katalon.core.webui.keyword.WebUiBuiltInKeywords.modifyObjectProperty(batchlength, "xpath", "equals", "//*[@id = "fldvendor" + row + ""]", true): Modify property of object successfully

2018-05-30 17:33:51 - [MESSAGE][PASSED] - Modify property of object successfully

2018-05-30 17:33:51 - [TEST_STEP][PASSED] - Statement - batchsize = com.kms.katalon.core.webui.keyword.WebUiBuiltInKeywords.getNumberOfTotalOption(batchlength): 8 options of object '' counted

2018-05-30 17:33:51 - [MESSAGE][PASSED] - 8 options of object '' counted

2018-05-30 17:33:51 - [TEST_STEP][PASSED] - Statement - out.println("BatchSize : " + batchsize): null

2018-05-30 17:33:51 - [TEST_STEP][PASSED] - Statement - For ([n = 1, n <= batchsize - 1, (n++)]): null

2018-05-30 17:33:51 - [TEST_STEP][PASSED] - Statement - product = new com.kms.katalon.core.testobject.TestObject(): null

2018-05-30 17:33:51 - [TEST_STEP][PASSED] - Statement - product = com.kms.katalon.core.webui.keyword.WebUiBuiltInKeywords.modifyObjectProperty(product, "xpath", "equals", "//*[@id = "fldvendor" + row + ""]", true): Modify property of object successfully

2018-05-30 17:33:51 - [MESSAGE][PASSED] - Modify property of object successfully

2018-05-30 17:33:51 - [TEST_STEP][PASSED] - selectOptionByIndex: All options with index in [1] are selected on object ''

2018-05-30 17:33:51 - [MESSAGE][PASSED] - All options with index in [1] are selected on object ''

2018-05-30 17:33:51 - [TEST_STEP][PASSED] - delay: Delayed 2 second(s)

2018-05-30 17:33:53 - [MESSAGE][PASSED] - Delayed 2 second(s)

2018-05-30 17:33:53 - [TEST_STEP][PASSED] - Statement - batch = new com.kms.katalon.core.testobject.TestObject(): null

2018-05-30 17:35:36 - [TEST_STEP][PASSED] - Statement - batch = com.kms.katalon.core.webui.keyword.WebUiBuiltInKeywords.modifyObjectProperty(batch, "xpath", "equals", "//*[@id = "txtbthqty" + row + ""]", true): Modify property of object successfully

2018-05-30 17:35:36 - [MESSAGE][PASSED] - Modify property of object successfully

2018-05-30 17:35:36 - [TEST_STEP][PASSED] - Statement - batchqty = com.kms.katalon.core.webui.keyword.WebUiBuiltInKeywords.getAttribute(batch, "value").trim(): Attribute 'value' of object '' is: '4700'

2018-05-30 17:35:36 - [MESSAGE][PASSED] - Attribute 'value' of object '' is: '4700'

2018-05-30 17:35:36 - [TEST_STEP][PASSED] - Statement - Rqty = 100: null

2018-05-30 17:35:36 - [TEST_STEP][PASSED] - Statement - out.println("BatchQty : " + batchqty): null

2018-05-30 17:35:36 - [TEST_STEP][PASSED] - Statement - out.println("RQty : " + Rqty): null

2018-05-30 17:35:36 - [TEST_STEP][PASSED] - Statement - If (java.lang.Integer.valueOf(batchqty) >= java.lang.Integer.valueOf(Rqty)): null

2018-05-30 17:35:36 - [TEST_STEP][PASSED] - Statement - Break: null

2018-05-30 17:35:36 - [TEST_STEP][PASSED] - Statement - batchlength = new com.kms.katalon.core.testobject.TestObject(): null

2018-05-30 17:35:36 - [TEST_STEP][PASSED] - Statement - batchlength = com.kms.katalon.core.webui.keyword.WebUiBuiltInKeywords.modifyObjectProperty(batchlength, "xpath", "equals", "//*[@id = "fldvendor" + row + ""]", true): Modify property of object successfully

2018-05-30 17:35:36 - [MESSAGE][PASSED] - Modify property of object successfully

2018-05-30 17:35:36 - [TEST_STEP][PASSED] - Statement - batchsize = com.kms.katalon.core.webui.keyword.WebUiBuiltInKeywords.getNumberOfTotalOption(batchlength): 8 options of object '' counted

2018-05-30 17:35:36 - [MESSAGE][PASSED] - 8 options of object '' counted

2018-05-30 17:35:36 - [TEST_STEP][PASSED] - Statement - out.println("BatchSize : " + batchsize): null

2018-05-30 17:35:36 - [TEST_STEP][PASSED] - Statement - For ([n = 1, n <= batchsize - 1, (n++)]): null

2018-05-30 17:35:36 - [TEST_STEP][PASSED] - Statement - product = new com.kms.katalon.core.testobject.TestObject(): null

2018-05-30 17:35:36 - [TEST_STEP][PASSED] - Statement - product = com.kms.katalon.core.webui.keyword.WebUiBuiltInKeywords.modifyObjectProperty(product, "xpath", "equals", "//*[@id = "fldvendor" + row + ""]", true): Modify property of object successfully

2018-05-30 17:35:36 - [MESSAGE][PASSED] - Modify property of object successfully

2018-05-30 17:35:36 - [TEST_STEP][PASSED] - selectOptionByIndex: All options with index in [1] are selected on object ''

2018-05-30 17:35:36 - [MESSAGE][PASSED] - All options with index in [1] are selected on object ''

2018-05-30 17:35:36 - [TEST_STEP][PASSED] - delay: Delayed 2 second(s)

2018-05-30 17:35:38 - [MESSAGE][PASSED] - Delayed 2 second(s)

2018-05-30 17:35:38 - [TEST_STEP][PASSED] - Statement - batch = new com.kms.katalon.core.testobject.TestObject(): null

2018-05-30 17:35:38 - [TEST_STEP][PASSED] - Statement - batch = com.kms.katalon.core.webui.keyword.WebUiBuiltInKeywords.modifyObjectProperty(batch, "xpath", "equals", "//*[@id = "txtbthqty" + row + ""]", true): Modify property of object successfully

2018-05-30 17:35:38 - [MESSAGE][PASSED] - Modify property of object successfully

2018-05-30 17:35:38 - [TEST_STEP][PASSED] - Statement - batchqty = com.kms.katalon.core.webui.keyword.WebUiBuiltInKeywords.getAttribute(batch, "value").trim(): Attribute 'value' of object '' is: '4500'

2018-05-30 17:35:38 - [MESSAGE][PASSED] - Attribute 'value' of object '' is: '4500'

2018-05-30 17:35:38 - [TEST_STEP][PASSED] - Statement - Rqty = 100: null

2018-05-30 17:35:38 - [TEST_STEP][PASSED] - Statement - out.println("BatchQty : " + batchqty): null

2018-05-30 17:35:38 - [TEST_STEP][PASSED] - Statement - out.println("RQty : " + Rqty): null

2018-05-30 17:35:38 - [TEST_STEP][PASSED] - Statement - If (java.lang.Integer.valueOf(batchqty) >= java.lang.Integer.valueOf(Rqty)): null

2018-05-30 17:35:38 - [TEST_STEP][PASSED] - Statement - Break: null

2018-05-30 17:35:38 - [TEST_STEP][PASSED] - Statement - batchlength = new com.kms.katalon.core.testobject.TestObject(): null

2018-05-30 17:35:38 - [TEST_STEP][PASSED] - Statement - batchlength = com.kms.katalon.core.webui.keyword.WebUiBuiltInKeywords.modifyObjectProperty(batchlength, "xpath", "equals", "//*[@id = "fldvendor" + row + ""]", true): Modify property of object successfully

2018-05-30 17:35:38 - [MESSAGE][PASSED] - Modify property of object successfully

2018-05-30 17:35:38 - [TEST_STEP][PASSED] - Statement - batchsize = com.kms.katalon.core.webui.keyword.WebUiBuiltInKeywords.getNumberOfTotalOption(batchlength): 8 options of object '' counted

2018-05-30 17:35:38 - [MESSAGE][PASSED] - 8 options of object '' counted

2018-05-30 17:35:38 - [TEST_STEP][PASSED] - Statement - out.println("BatchSize : " + batchsize): null

2018-05-30 17:35:38 - [TEST_STEP][PASSED] - Statement - For ([n = 1, n <= batchsize - 1, (n++)]): null

2018-05-30 17:35:38 - [TEST_STEP][PASSED] - Statement - product = new com.kms.katalon.core.testobject.TestObject(): null

2018-05-30 17:35:38 - [TEST_STEP][PASSED] - Statement - product = com.kms.katalon.core.webui.keyword.WebUiBuiltInKeywords.modifyObjectProperty(product, "xpath", "equals", "//*[@id = "fldvendor" + row + ""]", true): Modify property of object successfully

2018-05-30 17:35:38 - [MESSAGE][PASSED] - Modify property of object successfully

2018-05-30 17:35:38 - [TEST_STEP][PASSED] - selectOptionByIndex: All options with index in [1] are selected on object ''

2018-05-30 17:35:39 - [MESSAGE][PASSED] - All options with index in [1] are selected on object ''

2018-05-30 17:35:39 - [TEST_STEP][PASSED] - delay: Delayed 2 second(s)

2018-05-30 17:35:41 - [MESSAGE][PASSED] - Delayed 2 second(s)

2018-05-30 17:35:41 - [TEST_STEP][PASSED] - Statement - batch = new com.kms.katalon.core.testobject.TestObject(): null

2018-05-30 17:35:41 - [TEST_STEP][PASSED] - Statement - batch = com.kms.katalon.core.webui.keyword.WebUiBuiltInKeywords.modifyObjectProperty(batch, "xpath", "equals", "//*[@id = "txtbthqty" + row + ""]", true): Modify property of object successfully

2018-05-30 17:35:41 - [MESSAGE][PASSED] - Modify property of object successfully

2018-05-30 17:35:41 - [TEST_STEP][PASSED] - Statement - batchqty = com.kms.katalon.core.webui.keyword.WebUiBuiltInKeywords.getAttribute(batch, "value").trim(): Attribute 'value' of object '' is: '37800'

2018-05-30 17:35:41 - [MESSAGE][PASSED] - Attribute 'value' of object '' is: '37800'

2018-05-30 17:35:41 - [TEST_STEP][PASSED] - Statement - Rqty = 100: null

2018-05-30 17:35:53 - [TEST_STEP][PASSED] - Statement - out.println("BatchQty : " + batchqty): null

2018-05-30 17:35:53 - [TEST_STEP][PASSED] - Statement - out.println("RQty : " + Rqty): null

2018-05-30 17:35:53 - [TEST_STEP][PASSED] - Statement - If (java.lang.Integer.valueOf(batchqty) >= java.lang.Integer.valueOf(Rqty)): null

2018-05-30 17:35:53 - [TEST_STEP][PASSED] - Statement - Break: null

2018-05-30 17:35:53 - [TEST_STEP][PASSED] - Statement - batchlength = new com.kms.katalon.core.testobject.TestObject(): null

2018-05-30 17:35:53 - [TEST_STEP][PASSED] - Statement - batchlength = com.kms.katalon.core.webui.keyword.WebUiBuiltInKeywords.modifyObjectProperty(batchlength, "xpath", "equals", "//*[@id = "fldvendor" + row + ""]", true): Modify property of object successfully

2018-05-30 17:35:53 - [MESSAGE][PASSED] - Modify property of object successfully

2018-05-30 17:35:53 - [TEST_STEP][PASSED] - Statement - batchsize = com.kms.katalon.core.webui.keyword.WebUiBuiltInKeywords.getNumberOfTotalOption(batchlength): 8 options of object '' counted

2018-05-30 17:35:53 - [MESSAGE][PASSED] - 8 options of object '' counted

2018-05-30 17:35:53 - [TEST_STEP][PASSED] - Statement - out.println("BatchSize : " + batchsize): null

2018-05-30 17:35:53 - [TEST_STEP][PASSED] - Statement - For ([n = 1, n <= batchsize - 1, (n++)]): null

2018-05-30 17:35:53 - [TEST_STEP][PASSED] - Statement - product = new com.kms.katalon.core.testobject.TestObject(): null

2018-05-30 17:35:53 - [TEST_STEP][PASSED] - Statement - product = com.kms.katalon.core.webui.keyword.WebUiBuiltInKeywords.modifyObjectProperty(product, "xpath", "equals", "//*[@id = "fldvendor" + row + ""]", true): Modify property of object successfully

2018-05-30 17:35:53 - [MESSAGE][PASSED] - Modify property of object successfully

2018-05-30 17:35:53 - [TEST_STEP][PASSED] - selectOptionByIndex: All options with index in [1] are selected on object ''

2018-05-30 17:35:53 - [MESSAGE][PASSED] - All options with index in [1] are selected on object ''

2018-05-30 17:35:53 - [TEST_STEP][PASSED] - delay: Delayed 2 second(s)

2018-05-30 17:35:55 - [MESSAGE][PASSED] - Delayed 2 second(s)

2018-05-30 17:35:55 - [TEST_STEP][PASSED] - Statement - batch = new com.kms.katalon.core.testobject.TestObject(): null

2018-05-30 17:35:55 - [TEST_STEP][PASSED] - Statement - batch = com.kms.katalon.core.webui.keyword.WebUiBuiltInKeywords.modifyObjectProperty(batch, "xpath", "equals", "//*[@id = "txtbthqty" + row + ""]", true): Modify property of object successfully

2018-05-30 17:35:55 - [MESSAGE][PASSED] - Modify property of object successfully

2018-05-30 17:35:55 - [TEST_STEP][PASSED] - Statement - batchqty = com.kms.katalon.core.webui.keyword.WebUiBuiltInKeywords.getAttribute(batch, "value").trim(): Attribute 'value' of object '' is: '4100'

2018-05-30 17:35:55 - [MESSAGE][PASSED] - Attribute 'value' of object '' is: '4100'

2018-05-30 17:35:55 - [TEST_STEP][PASSED] - Statement - Rqty = 100: null

2018-05-30 17:35:55 - [TEST_STEP][PASSED] - Statement - out.println("BatchQty : " + batchqty): null

2018-05-30 17:35:55 - [TEST_STEP][PASSED] - Statement - out.println("RQty : " + Rqty): null

2018-05-30 17:35:55 - [TEST_STEP][PASSED] - Statement - If (java.lang.Integer.valueOf(batchqty) >= java.lang.Integer.valueOf(Rqty)): null

2018-05-30 17:35:55 - [TEST_STEP][PASSED] - Statement - Break: null

2018-05-30 17:35:55 - [TEST_STEP][PASSED] - Statement - batchlength = new com.kms.katalon.core.testobject.TestObject(): null

2018-05-30 17:35:55 - [TEST_STEP][PASSED] - Statement - batchlength = com.kms.katalon.core.webui.keyword.WebUiBuiltInKeywords.modifyObjectProperty(batchlength, "xpath", "equals", "//*[@id = "fldvendor" + row + ""]", true): Modify property of object successfully

2018-05-30 17:35:55 - [MESSAGE][PASSED] - Modify property of object successfully

2018-05-30 17:35:55 - [TEST_STEP][PASSED] - Statement - batchsize = com.kms.katalon.core.webui.keyword.WebUiBuiltInKeywords.getNumberOfTotalOption(batchlength): 8 options of object '' counted

2018-05-30 17:35:55 - [MESSAGE][PASSED] - 8 options of object '' counted

2018-05-30 17:35:55 - [TEST_STEP][PASSED] - Statement - out.println("BatchSize : " + batchsize): null

2018-05-30 17:35:55 - [TEST_STEP][PASSED] - Statement - For ([n = 1, n <= batchsize - 1, (n++)]): null

2018-05-30 17:35:55 - [TEST_STEP][PASSED] - Statement - product = new com.kms.katalon.core.testobject.TestObject(): null

2018-05-30 17:35:55 - [TEST_STEP][PASSED] - Statement - product = com.kms.katalon.core.webui.keyword.WebUiBuiltInKeywords.modifyObjectProperty(product, "xpath", "equals", "//*[@id = "fldvendor" + row + ""]", true): Modify property of object successfully

2018-05-30 17:35:55 - [MESSAGE][PASSED] - Modify property of object successfully

2018-05-30 17:35:55 - [TEST_STEP][PASSED] - selectOptionByIndex: All options with index in [1] are selected on object ''

2018-05-30 17:35:55 - [MESSAGE][PASSED] - All options with index in [1] are selected on object ''

2018-05-30 17:35:55 - [TEST_STEP][PASSED] - delay: Delayed 2 second(s)

2018-05-30 17:35:57 - [MESSAGE][PASSED] - Delayed 2 second(s)

2018-05-30 17:35:57 - [TEST_STEP][PASSED] - Statement - batch = new com.kms.katalon.core.testobject.TestObject(): null

2018-05-30 17:35:57 - [TEST_STEP][PASSED] - Statement - batch = com.kms.katalon.core.webui.keyword.WebUiBuiltInKeywords.modifyObjectProperty(batch, "xpath", "equals", "//*[@id = "txtbthqty" + row + ""]", true): Modify property of object successfully

2018-05-30 17:35:57 - [MESSAGE][PASSED] - Modify property of object successfully

2018-05-30 17:35:57 - [TEST_STEP][PASSED] - Statement - batchqty = com.kms.katalon.core.webui.keyword.WebUiBuiltInKeywords.getAttribute(batch, "value").trim(): Attribute 'value' of object '' is: '5000'

2018-05-30 17:35:57 - [MESSAGE][PASSED] - Attribute 'value' of object '' is: '5000'

2018-05-30 17:35:57 - [TEST_STEP][PASSED] - Statement - Rqty = 100: null

2018-05-30 17:35:57 - [TEST_STEP][PASSED] - Statement - out.println("BatchQty : " + batchqty): null

2018-05-30 17:35:57 - [TEST_STEP][PASSED] - Statement - out.println("RQty : " + Rqty): null

2018-05-30 17:35:57 - [TEST_STEP][PASSED] - Statement - If (java.lang.Integer.valueOf(batchqty) >= java.lang.Integer.valueOf(Rqty)): null

2018-05-30 17:35:57 - [TEST_STEP][PASSED] - Statement - Break: null

2018-05-30 17:35:57 - [TEST_STEP][PASSED] - Statement - batchlength = new com.kms.katalon.core.testobject.TestObject(): null

2018-05-30 17:35:57 - [TEST_STEP][PASSED] - Statement - batchlength = com.kms.katalon.core.webui.keyword.WebUiBuiltInKeywords.modifyObjectProperty(batchlength, "xpath", "equals", "//*[@id = "fldvendor" + row + ""]", true): Modify property of object successfully

2018-05-30 17:35:57 - [MESSAGE][PASSED] - Modify property of object successfully

2018-05-30 17:35:57 - [TEST_STEP][PASSED] - Statement - batchsize = com.kms.katalon.core.webui.keyword.WebUiBuiltInKeywords.getNumberOfTotalOption(batchlength): 8 options of object '' counted

2018-05-30 17:35:58 - [MESSAGE][PASSED] - 8 options of object '' counted

2018-05-30 17:35:58 - [TEST_STEP][PASSED] - Statement - out.println("BatchSize : " + batchsize): null

2018-05-30 17:35:58 - [TEST_STEP][PASSED] - Statement - For ([n = 1, n <= batchsize - 1, (n++)]): null

2018-05-30 17:35:58 - [TEST_STEP][PASSED] - Statement - product = new com.kms.katalon.core.testobject.TestObject(): null

2018-05-30 17:35:58 - [TEST_STEP][PASSED] - Statement - product = com.kms.katalon.core.webui.keyword.WebUiBuiltInKeywords.modifyObjectProperty(product, "xpath", "equals", "//*[@id = "fldvendor" + row + ""]", true): Modify property of object successfully

2018-05-30 17:35:58 - [MESSAGE][PASSED] - Modify property of object successfully

2018-05-30 17:35:58 - [TEST_STEP][PASSED] - selectOptionByIndex: All options with index in [1] are selected on object ''

2018-05-30 17:35:58 - [MESSAGE][PASSED] - All options with index in [1] are selected on object ''

2018-05-30 17:35:58 - [TEST_STEP][PASSED] - delay: Delayed 2 second(s)

2018-05-30 17:36:00 - [MESSAGE][PASSED] - Delayed 2 second(s)

2018-05-30 17:36:00 - [TEST_STEP][PASSED] - Statement - batch = new com.kms.katalon.core.testobject.TestObject(): null

2018-05-30 17:36:00 - [TEST_STEP][PASSED] - Statement - batch = com.kms.katalon.core.webui.keyword.WebUiBuiltInKeywords.modifyObjectProperty(batch, "xpath", "equals", "//*[@id = "txtbthqty" + row + ""]", true): Modify property of object successfully

2018-05-30 17:36:00 - [MESSAGE][PASSED] - Modify property of object successfully

2018-05-30 17:36:00 - [TEST_STEP][PASSED] - Statement - batchqty = com.kms.katalon.core.webui.keyword.WebUiBuiltInKeywords.getAttribute(batch, "value").trim(): Attribute 'value' of object '' is: '4100'

2018-05-30 17:36:00 - [MESSAGE][PASSED] - Attribute 'value' of object '' is: '4100'

2018-05-30 17:36:00 - [TEST_STEP][PASSED] - Statement - Rqty = 100: null

2018-05-30 17:36:00 - [TEST_STEP][PASSED] - Statement - out.println("BatchQty : " + batchqty): null

2018-05-30 17:36:00 - [TEST_STEP][PASSED] - Statement - out.println("RQty : " + Rqty): null

2018-05-30 17:36:00 - [TEST_STEP][PASSED] - Statement - If (java.lang.Integer.valueOf(batchqty) >= java.lang.Integer.valueOf(Rqty)): null

2018-05-30 17:36:00 - [TEST_STEP][PASSED] - Statement - Break: null

2018-05-30 17:36:00 - [TEST_STEP][PASSED] - Statement - batchlength = new com.kms.katalon.core.testobject.TestObject(): null

2018-05-30 17:36:00 - [TEST_STEP][PASSED] - Statement - batchlength = com.kms.katalon.core.webui.keyword.WebUiBuiltInKeywords.modifyObjectProperty(batchlength, "xpath", "equals", "//*[@id = "fldvendor" + row + ""]", true): Modify property of object successfully

2018-05-30 17:36:00 - [MESSAGE][PASSED] - Modify property of object successfully

2018-05-30 17:36:00 - [TEST_STEP][PASSED] - Statement - batchsize = com.kms.katalon.core.webui.keyword.WebUiBuiltInKeywords.getNumberOfTotalOption(batchlength): 8 options of object '' counted

2018-05-30 17:36:00 - [MESSAGE][PASSED] - 8 options of object '' counted

2018-05-30 17:36:00 - [TEST_STEP][PASSED] - Statement - out.println("BatchSize : " + batchsize): null

2018-05-30 17:36:00 - [TEST_STEP][PASSED] - Statement - For ([n = 1, n <= batchsize - 1, (n++)]): null

2018-05-30 17:36:00 - [TEST_STEP][PASSED] - Statement - product = new com.kms.katalon.core.testobject.TestObject(): null

2018-05-30 17:36:00 - [TEST_STEP][PASSED] - Statement - product = com.kms.katalon.core.webui.keyword.WebUiBuiltInKeywords.modifyObjectProperty(product, "xpath", "equals", "//*[@id = "fldvendor" + row + ""]", true): Modify property of object successfully

2018-05-30 17:36:00 - [MESSAGE][PASSED] - Modify property of object successfully

2018-05-30 17:36:00 - [TEST_STEP][PASSED] - selectOptionByIndex: All options with index in [1] are selected on object ''

2018-05-30 17:36:00 - [MESSAGE][PASSED] - All options with index in [1] are selected on object ''

2018-05-30 17:36:00 - [TEST_STEP][PASSED] - delay: Delayed 2 second(s)

2018-05-30 17:36:02 - [MESSAGE][PASSED] - Delayed 2 second(s)

2018-05-30 17:36:02 - [TEST_STEP][PASSED] - Statement - batch = new com.kms.katalon.core.testobject.TestObject(): null

2018-05-30 17:36:02 - [TEST_STEP][PASSED] - Statement - batch = com.kms.katalon.core.webui.keyword.WebUiBuiltInKeywords.modifyObjectProperty(batch, "xpath", "equals", "//*[@id = "txtbthqty" + row + ""]", true): Modify property of object successfully

2018-05-30 17:36:02 - [MESSAGE][PASSED] - Modify property of object successfully

2018-05-30 17:36:02 - [TEST_STEP][PASSED] - Statement - batchqty = com.kms.katalon.core.webui.keyword.WebUiBuiltInKeywords.getAttribute(batch, "value").trim(): Attribute 'value' of object '' is: '3100'

2018-05-30 17:36:02 - [MESSAGE][PASSED] - Attribute 'value' of object '' is: '3100'

2018-05-30 17:36:02 - [TEST_STEP][PASSED] - Statement - Rqty = 100: null

2018-05-30 17:36:02 - [TEST_STEP][PASSED] - Statement - out.println("BatchQty : " + batchqty): null

2018-05-30 17:36:02 - [TEST_STEP][PASSED] - Statement - out.println("RQty : " + Rqty): null

2018-05-30 17:36:02 - [TEST_STEP][PASSED] - Statement - If (java.lang.Integer.valueOf(batchqty) >= java.lang.Integer.valueOf(Rqty)): null

2018-05-30 17:36:02 - [TEST_STEP][PASSED] - Statement - Break: null

2018-05-30 17:36:02 - [TEST_STEP][PASSED] - Statement - batchlength = new com.kms.katalon.core.testobject.TestObject(): null

2018-05-30 17:36:02 - [TEST_STEP][PASSED] - Statement - batchlength = com.kms.katalon.core.webui.keyword.WebUiBuiltInKeywords.modifyObjectProperty(batchlength, "xpath", "equals", "//*[@id = "fldvendor" + row + ""]", true): Modify property of object successfully

2018-05-30 17:36:02 - [MESSAGE][PASSED] - Modify property of object successfully

2018-05-30 17:36:02 - [TEST_STEP][PASSED] - Statement - batchsize = com.kms.katalon.core.webui.keyword.WebUiBuiltInKeywords.getNumberOfTotalOption(batchlength): 8 options of object '' counted

2018-05-30 17:36:02 - [MESSAGE][PASSED] - 8 options of object '' counted

2018-05-30 17:36:02 - [TEST_STEP][PASSED] - Statement - out.println("BatchSize : " + batchsize): null

2018-05-30 17:36:02 - [TEST_STEP][PASSED] - Statement - For ([n = 1, n <= batchsize - 1, (n++)]): null

2018-05-30 17:36:02 - [TEST_STEP][PASSED] - Statement - product = new com.kms.katalon.core.testobject.TestObject(): null

2018-05-30 17:36:02 - [TEST_STEP][PASSED] - Statement - product = com.kms.katalon.core.webui.keyword.WebUiBuiltInKeywords.modifyObjectProperty(product, "xpath", "equals", "//*[@id = "fldvendor" + row + ""]", true): Modify property of object successfully

2018-05-30 17:36:02 - [MESSAGE][PASSED] - Modify property of object successfully

2018-05-30 17:36:02 - [TEST_STEP][PASSED] - selectOptionByIndex: All options with index in [1] are selected on object ''

2018-05-30 17:36:02 - [MESSAGE][PASSED] - All options with index in [1] are selected on object ''

2018-05-30 17:36:02 - [TEST_STEP][PASSED] - delay: Delayed 2 second(s)

2018-05-30 17:36:04 - [MESSAGE][PASSED] - Delayed 2 second(s)

2018-05-30 17:36:04 - [TEST_STEP][PASSED] - Statement - batch = new com.kms.katalon.core.testobject.TestObject(): null

2018-05-30 17:36:04 - [TEST_STEP][PASSED] - Statement - batch = com.kms.katalon.core.webui.keyword.WebUiBuiltInKeywords.modifyObjectProperty(batch, "xpath", "equals", "//*[@id = "txtbthqty" + row + ""]", true): Modify property of object successfully

2018-05-30 17:36:04 - [MESSAGE][PASSED] - Modify property of object successfully

2018-05-30 17:36:04 - [TEST_STEP][PASSED] - Statement - batchqty = com.kms.katalon.core.webui.keyword.WebUiBuiltInKeywords.getAttribute(batch, "value").trim(): Attribute 'value' of object '' is: '3100'

2018-05-30 17:36:04 - [MESSAGE][PASSED] - Attribute 'value' of object '' is: '3100'

2018-05-30 17:36:04 - [TEST_STEP][PASSED] - Statement - Rqty = 100: null

2018-05-30 17:36:04 - [TEST_STEP][PASSED] - Statement - out.println("BatchQty : " + batchqty): null

2018-05-30 17:36:04 - [TEST_STEP][PASSED] - Statement - out.println("RQty : " + Rqty): null

2018-05-30 17:36:04 - [TEST_STEP][PASSED] - Statement - If (java.lang.Integer.valueOf(batchqty) >= java.lang.Integer.valueOf(Rqty)): null

2018-05-30 17:36:04 - [TEST_STEP][PASSED] - Statement - Break: null

2018-05-30 17:36:04 - [TEST_STEP][PASSED] - Statement - batchlength = new com.kms.katalon.core.testobject.TestObject(): null

2018-05-30 17:36:04 - [TEST_STEP][PASSED] - Statement - batchlength = com.kms.katalon.core.webui.keyword.WebUiBuiltInKeywords.modifyObjectProperty(batchlength, "xpath", "equals", "//*[@id = "fldvendor" + row + ""]", true): Modify property of object successfully

2018-05-30 17:36:04 - [MESSAGE][PASSED] - Modify property of object successfully

2018-05-30 17:36:04 - [TEST_STEP][PASSED] - Statement - batchsize = com.kms.katalon.core.webui.keyword.WebUiBuiltInKeywords.getNumberOfTotalOption(batchlength): 8 options of object '' counted

2018-05-30 17:36:04 - [MESSAGE][PASSED] - 8 options of object '' counted

2018-05-30 17:36:04 - [TEST_STEP][PASSED] - Statement - out.println("BatchSize : " + batchsize): null

2018-05-30 17:36:04 - [TEST_STEP][PASSED] - Statement - For ([n = 1, n <= batchsize - 1, (n++)]): null

2018-05-30 17:36:04 - [TEST_STEP][PASSED] - Statement - product = new com.kms.katalon.core.testobject.TestObject(): null

2018-05-30 17:36:04 - [TEST_STEP][PASSED] - Statement - product = com.kms.katalon.core.webui.keyword.WebUiBuiltInKeywords.modifyObjectProperty(product, "xpath", "equals", "//*[@id = "fldvendor" + row + ""]", true): Modify property of object successfully

2018-05-30 17:36:04 - [MESSAGE][PASSED] - Modify property of object successfully

2018-05-30 17:36:04 - [TEST_STEP][PASSED] - selectOptionByIndex: All options with index in [1] are selected on object ''

2018-05-30 17:36:05 - [MESSAGE][PASSED] - All options with index in [1] are selected on object ''

2018-05-30 17:36:05 - [TEST_STEP][PASSED] - delay: Delayed 2 second(s)

2018-05-30 17:36:07 - [MESSAGE][PASSED] - Delayed 2 second(s)

2018-05-30 17:36:07 - [TEST_STEP][PASSED] - Statement - batch = new com.kms.katalon.core.testobject.TestObject(): null

2018-05-30 17:36:07 - [TEST_STEP][PASSED] - Statement - batch = com.kms.katalon.core.webui.keyword.WebUiBuiltInKeywords.modifyObjectProperty(batch, "xpath", "equals", "//*[@id = "txtbthqty" + row + ""]", true): Modify property of object successfully

2018-05-30 17:36:07 - [MESSAGE][PASSED] - Modify property of object successfully

2018-05-30 17:36:07 - [TEST_STEP][PASSED] - Statement - batchqty = com.kms.katalon.core.webui.keyword.WebUiBuiltInKeywords.getAttribute(batch, "value").trim(): Attribute 'value' of object '' is: '4100'

2018-05-30 17:36:07 - [MESSAGE][PASSED] - Attribute 'value' of object '' is: '4100'

2018-05-30 17:36:07 - [TEST_STEP][PASSED] - Statement - Rqty = 100: null

2018-05-30 17:36:07 - [TEST_STEP][PASSED] - Statement - out.println("BatchQty : " + batchqty): null

2018-05-30 17:36:07 - [TEST_STEP][PASSED] - Statement - out.println("RQty : " + Rqty): null

2018-05-30 17:36:07 - [TEST_STEP][PASSED] - Statement - If (java.lang.Integer.valueOf(batchqty) >= java.lang.Integer.valueOf(Rqty)): null

2018-05-30 17:36:07 - [TEST_STEP][PASSED] - Statement - Break: null

2018-05-30 17:36:07 - [TEST_STEP][PASSED] - click: Object: 'Object Repository/store Request Schedule 1/Page_KDMC - CMS/input_btndispatch' is clicked on

2018-05-30 17:36:08 - [MESSAGE][PASSED] - Object: 'Object Repository/store Request Schedule 1/Page_KDMC - CMS/input_btndispatch' is clicked on

2018-05-30 17:36:08 - [TEST_STEP][PASSED] - waitForElementVisible: Object 'Object Repository/store Request Schedule 1/Page_KDMC - CMS/button_OK' is visible

2018-05-30 17:36:11 - [MESSAGE][PASSED] - Object 'Object Repository/store Request Schedule 1/Page_KDMC - CMS/button_OK' is visible

2018-05-30 17:36:11 - [TEST_STEP][PASSED] - click: Object: 'Object Repository/store Request Schedule 1/Page_KDMC - CMS/button_OK' is clicked on

2018-05-30 17:36:13 - [MESSAGE][PASSED] - Object: 'Object Repository/store Request Schedule 1/Page_KDMC - CMS/button_OK' is clicked on

2018-05-30 17:36:13 - [TEST_STEP][PASSED] - delay: Delayed 3 second(s)

2018-05-30 17:36:16 - [MESSAGE][PASSED] - Delayed 3 second(s)

2018-05-30 17:36:16 - [TEST_STEP][PASSED] - click: Object: 'Object Repository/store Request Schedule 1/Page_KDMC - CMS/a_dropdown-toggle' is clicked on

2018-05-30 17:36:16 - [MESSAGE][PASSED] - Object: 'Object Repository/store Request Schedule 1/Page_KDMC - CMS/a_dropdown-toggle' is clicked on

2018-05-30 17:36:16 - [TEST_STEP][PASSED] - click: Object: 'Object Repository/store Request Schedule 1/Page_KDMC - CMS/a_Sign out' is clicked on

2018-05-30 17:36:16 - [MESSAGE][PASSED] - Object: 'Object Repository/store Request Schedule 1/Page_KDMC - CMS/a_Sign out' is clicked on

2018-05-30 17:36:16 - [TEST_STEP][PASSED] - delay: Delayed 3 second(s)

2018-05-30 17:36:19 - [MESSAGE][PASSED] - Delayed 3 second(s)

2018-05-30 17:36:19 - [TEST_STEP][PASSED] - click: Object: 'Object Repository/Store Request Schedule 1/Page_KDMC/a_Divisional Store' is clicked on

2018-05-30 17:36:20 - [MESSAGE][PASSED] - Object: 'Object Repository/Store Request Schedule 1/Page_KDMC/a_Divisional Store' is clicked on

2018-05-30 17:36:20 - [TEST_STEP][PASSED] - setText: Text 'ragu' is set on object 'Object Repository/Store Request Schedule 1/Page_Divisonal Store Login/input_txtusername'

2018-05-30 17:36:20 - [MESSAGE][PASSED] - Text 'ragu' is set on object 'Object Repository/Store Request Schedule 1/Page_Divisonal Store Login/input_txtusername'

2018-05-30 17:36:20 - [TEST_STEP][PASSED] - setText: Text '123' is set on object 'Object Repository/Store Request Schedule 1/Page_Divisonal Store Login/input_txtpassword'

2018-05-30 17:36:20 - [MESSAGE][PASSED] - Text '123' is set on object 'Object Repository/Store Request Schedule 1/Page_Divisonal Store Login/input_txtpassword'

2018-05-30 17:36:20 - [TEST_STEP][PASSED] - delay: Delayed 3 second(s)

2018-05-30 17:36:23 - [MESSAGE][PASSED] - Delayed 3 second(s)

2018-05-30 17:36:23 - [TEST_STEP][PASSED] - click: Object: 'Object Repository/Store Request Schedule 1/Page_Divisonal Store Login/button_Sign in' is clicked on

2018-05-30 17:36:24 - [MESSAGE][PASSED] - Object: 'Object Repository/Store Request Schedule 1/Page_Divisonal Store Login/button_Sign in' is clicked on

2018-05-30 17:36:24 - [TEST_STEP][PASSED] - delay: Delayed 3 second(s)

2018-05-30 17:36:27 - [MESSAGE][PASSED] - Delayed 3 second(s)

2018-05-30 17:36:27 - [TEST_STEP][PASSED] - click: Object: 'Object Repository/Store Request Schedule 1/Page_Store/a_CMS' is clicked on

2018-05-30 17:36:28 - [MESSAGE][PASSED] - Object: 'Object Repository/Store Request Schedule 1/Page_Store/a_CMS' is clicked on

2018-05-30 17:36:28 - [TEST_STEP][PASSED] - delay: Delayed 2 second(s)

2018-05-30 17:36:30 - [MESSAGE][PASSED] - Delayed 2 second(s)

2018-05-30 17:36:30 - [TEST_STEP][PASSED] - click: Object: 'Object Repository/Store Request Schedule 1/Page_Store/a_Receiving Goods' is clicked on

2018-05-30 17:36:30 - [MESSAGE][PASSED] - Object: 'Object Repository/Store Request Schedule 1/Page_Store/a_Receiving Goods' is clicked on

2018-05-30 17:36:30 - [TEST_STEP][PASSED] - setText: Text 'PRNO/30052018/476' is set on object 'Object Repository/Store Request Schedule 1/Page_Store/input'

2018-05-30 17:36:31 - [MESSAGE][PASSED] - Text 'PRNO/30052018/476' is set on object 'Object Repository/Store Request Schedule 1/Page_Store/input'

2018-05-30 17:36:31 - [TEST_STEP][PASSED] - click: Object: 'Object Repository/Store Request Schedule 1/Page_Store/input_btn btn-primary' is clicked on

2018-05-30 17:36:31 - [MESSAGE][PASSED] - Object: 'Object Repository/Store Request Schedule 1/Page_Store/input_btn btn-primary' is clicked on

2018-05-30 17:36:31 - [TEST_STEP][PASSED] - delay: Delayed 2 second(s)

2018-05-30 17:36:33 - [MESSAGE][PASSED] - Delayed 2 second(s)

2018-05-30 17:36:33 - [TEST_STEP][PASSED] - click: Object: 'Object Repository/Store Request Schedule 1/Page_Store/input_chkrem' is clicked on

2018-05-30 17:36:33 - [MESSAGE][PASSED] - Object: 'Object Repository/Store Request Schedule 1/Page_Store/input_chkrem' is clicked on

2018-05-30 17:36:33 - [TEST_STEP][PASSED] - scrollToElement: Scroll to object 'Object Repository/Store Request Schedule 1/Page_Store/input_btchkroqadd' successfully

2018-05-30 17:36:33 - [MESSAGE][PASSED] - Scroll to object 'Object Repository/Store Request Schedule 1/Page_Store/input_btchkroqadd' successfully

2018-05-30 17:36:33 - [TEST_STEP][PASSED] - click: Object: 'Object Repository/Store Request Schedule 1/Page_Store/input_btchkroqadd' is clicked on

2018-05-30 17:36:33 - [MESSAGE][PASSED] - Object: 'Object Repository/Store Request Schedule 1/Page_Store/input_btchkroqadd' is clicked on

2018-05-30 17:36:33 - [TEST_STEP][PASSED] - delay: Delayed 2 second(s)

2018-05-30 17:36:35 - [MESSAGE][PASSED] - Delayed 2 second(s)

2018-05-30 17:36:35 - [TEST_STEP][PASSED] - refresh: Refresh successfully

2018-05-30 17:36:37 - [MESSAGE][PASSED] - Refresh successfully

2018-05-30 17:36:37 - [TEST_STEP][PASSED] - delay: Delayed 3 second(s)

2018-05-30 17:36:40 - [MESSAGE][PASSED] - Delayed 3 second(s)

2018-05-30 17:36:40 - [TEST_STEP][PASSED] - click: Object: 'Object Repository/Store Request Schedule 1/Page_Store/a_dropdown-toggle' is clicked on

2018-05-30 17:36:40 - [MESSAGE][PASSED] - Object: 'Object Repository/Store Request Schedule 1/Page_Store/a_dropdown-toggle' is clicked on

2018-05-30 17:36:40 - [TEST_STEP][PASSED] - click: Object: 'Object Repository/Store Request Schedule 1/Page_Store/a_Sign out' is clicked on

2018-05-30 17:36:41 - [MESSAGE][PASSED] - Object: 'Object Repository/Store Request Schedule 1/Page_Store/a_Sign out' is clicked on

2018-05-30 17:36:41 - [TEST_STEP][PASSED] - closeBrowser: Browser is closed

2018-05-30 17:36:41 - [MESSAGE][PASSED] - Browser is closed

2018-05-30 17:36:41 - [TEST_STEP][PASSED] - Statement - out.println("Schedule 1 Store Request Are Working Successfully"): null]]></system-out>
         <system-err><![CDATA[]]></system-err>
      </testcase>
      <testcase name="Test Cases/STORE TO CMS REQUEST TEST CASES/TC_STCMS_003 To Verify Schedule 3 Store To CMS Request Are Working Successfully Or Not" classname="Test Cases/STORE TO CMS REQUEST TEST CASES/TC_STCMS_003 To Verify Schedule 3 Store To CMS Request Are Working Successfully Or Not" status="PASSED">
         <system-out><![CDATA[2018-05-30 17:36:42 - [TEST_CASE][PASSED] - Test Cases/STORE TO CMS REQUEST TEST CASES/TC_STCMS_003 To Verify Schedule 3 Store To CMS Request Are Working Successfully Or Not: Test Cases/STORE TO CMS REQUEST TEST CASES/TC_STCMS_003 To Verify Schedule 3 Store To CMS Request Are Working Successfully Or Not

2018-05-30 17:36:42 - [TEST_STEP][PASSED] - openBrowser: Browser is opened with url: ''

2018-05-30 17:36:45 - [MESSAGE][PASSED] - Browser is opened with url: ''

2018-05-30 17:36:45 - [TEST_STEP][PASSED] - Statement - out.println("Verify Schedule 3 Store Request Are Working Successfully Or Not"): null

2018-05-30 17:36:45 - [TEST_STEP][PASSED] - navigateToUrl: Navigate to 'http://192.168.137.1/multihospital_new/' successfully

2018-05-30 17:36:49 - [MESSAGE][PASSED] - Navigate to 'http://192.168.137.1/multihospital_new/' successfully

2018-05-30 17:36:49 - [TEST_STEP][PASSED] - maximizeWindow: Current window maximized

2018-05-30 17:36:50 - [MESSAGE][PASSED] - Current window maximized

2018-05-30 17:36:50 - [TEST_STEP][PASSED] - click: Object: 'Object Repository/Store Request Schedule 1/Page_KDMC/a_Divisional Store' is clicked on

2018-05-30 17:36:51 - [MESSAGE][PASSED] - Object: 'Object Repository/Store Request Schedule 1/Page_KDMC/a_Divisional Store' is clicked on

2018-05-30 17:36:51 - [TEST_STEP][PASSED] - setText: Text 'ragu' is set on object 'Object Repository/Store Request Schedule 1/Page_Divisonal Store Login/input_txtusername'

2018-05-30 17:36:51 - [MESSAGE][PASSED] - Text 'ragu' is set on object 'Object Repository/Store Request Schedule 1/Page_Divisonal Store Login/input_txtusername'

2018-05-30 17:36:51 - [TEST_STEP][PASSED] - setText: Text '123' is set on object 'Object Repository/Store Request Schedule 1/Page_Divisonal Store Login/input_txtpassword'

2018-05-30 17:36:51 - [MESSAGE][PASSED] - Text '123' is set on object 'Object Repository/Store Request Schedule 1/Page_Divisonal Store Login/input_txtpassword'

2018-05-30 17:36:51 - [TEST_STEP][PASSED] - delay: Delayed 3 second(s)

2018-05-30 17:36:54 - [MESSAGE][PASSED] - Delayed 3 second(s)

2018-05-30 17:36:54 - [TEST_STEP][PASSED] - click: Object: 'Object Repository/Store Request Schedule 1/Page_Divisonal Store Login/button_Sign in' is clicked on

2018-05-30 17:36:56 - [MESSAGE][PASSED] - Object: 'Object Repository/Store Request Schedule 1/Page_Divisonal Store Login/button_Sign in' is clicked on

2018-05-30 17:36:56 - [TEST_STEP][PASSED] - delay: Delayed 3 second(s)

2018-05-30 17:36:59 - [MESSAGE][PASSED] - Delayed 3 second(s)

2018-05-30 17:36:59 - [TEST_STEP][PASSED] - click: Object: 'Object Repository/Store Request Schedule 1/Page_Store/a_CMS' is clicked on

2018-05-30 17:36:59 - [MESSAGE][PASSED] - Object: 'Object Repository/Store Request Schedule 1/Page_Store/a_CMS' is clicked on

2018-05-30 17:36:59 - [TEST_STEP][PASSED] - delay: Delayed 2 second(s)

2018-05-30 17:37:01 - [MESSAGE][PASSED] - Delayed 2 second(s)

2018-05-30 17:37:01 - [TEST_STEP][PASSED] - click: Object: 'Object Repository/Store Request Schedule 1/Page_Store/a_Request Send' is clicked on

2018-05-30 17:37:01 - [MESSAGE][PASSED] - Object: 'Object Repository/Store Request Schedule 1/Page_Store/a_Request Send' is clicked on

2018-05-30 17:37:01 - [TEST_STEP][PASSED] - selectOptionByIndex: All options with index in [1] are selected on object 'Object Repository/Store Request Schedule 1/Page_Store/select_--Select--'

2018-05-30 17:37:02 - [MESSAGE][PASSED] - All options with index in [1] are selected on object 'Object Repository/Store Request Schedule 1/Page_Store/select_--Select--'

2018-05-30 17:37:02 - [TEST_STEP][PASSED] - selectOptionByIndex: All options with index in [3] are selected on object 'Object Repository/Store Request Schedule 1/Page_Store/select_--Select--Schedule 1Inj'

2018-05-30 17:37:02 - [MESSAGE][PASSED] - All options with index in [3] are selected on object 'Object Repository/Store Request Schedule 1/Page_Store/select_--Select--Schedule 1Inj'

2018-05-30 17:37:02 - [TEST_STEP][PASSED] - Statement - SelectedOptions = com.kms.katalon.core.webui.keyword.WebUiBuiltInKeywords.getNumberOfTotalOption(com.kms.katalon.core.testobject.ObjectRepository.findTestObject(Store Request Schedule 1/Page_Store/select_--Select--Adernaline 0.)): 37 options of object 'Object Repository/Store Request Schedule 1/Page_Store/select_--Select--Adernaline 0.' counted

2018-05-30 17:37:02 - [MESSAGE][PASSED] - 37 options of object 'Object Repository/Store Request Schedule 1/Page_Store/select_--Select--Adernaline 0.' counted

2018-05-30 17:37:02 - [TEST_STEP][PASSED] - Statement - For ([y = 1, y < SelectedOptions, (y++)]): Object: 'Object Repository/Store Request Schedule 1/Page_Store/button_Add' is clicked on

2018-05-30 17:37:02 - [TEST_STEP][PASSED] - selectOptionByIndex: All options with index in [3] are selected on object 'Object Repository/Store Request Schedule 1/Page_Store/select_--Select--Schedule 1Inj'

2018-05-30 17:37:02 - [MESSAGE][PASSED] - All options with index in [3] are selected on object 'Object Repository/Store Request Schedule 1/Page_Store/select_--Select--Schedule 1Inj'

2018-05-30 17:37:02 - [TEST_STEP][PASSED] - delay: Delayed 1 second(s)

2018-05-30 17:37:03 - [MESSAGE][PASSED] - Delayed 1 second(s)

2018-05-30 17:37:03 - [TEST_STEP][PASSED] - selectOptionByIndex: All options with index in [1] are selected on object 'Object Repository/Store Request Schedule 1/Page_Store/select_--Select--Adernaline 0.'

2018-05-30 17:37:03 - [MESSAGE][PASSED] - All options with index in [1] are selected on object 'Object Repository/Store Request Schedule 1/Page_Store/select_--Select--Adernaline 0.'

2018-05-30 17:37:03 - [TEST_STEP][PASSED] - setText: Text '100' is set on object 'Object Repository/Store Request Schedule 1/Page_Store/input_txttreat'

2018-05-30 17:37:03 - [MESSAGE][PASSED] - Text '100' is set on object 'Object Repository/Store Request Schedule 1/Page_Store/input_txttreat'

2018-05-30 17:37:03 - [TEST_STEP][PASSED] - click: Object: 'Object Repository/Store Request Schedule 1/Page_Store/button_Add' is clicked on

2018-05-30 17:37:04 - [MESSAGE][PASSED] - Object: 'Object Repository/Store Request Schedule 1/Page_Store/button_Add' is clicked on

2018-05-30 17:37:04 - [TEST_STEP][PASSED] - selectOptionByIndex: All options with index in [3] are selected on object 'Object Repository/Store Request Schedule 1/Page_Store/select_--Select--Schedule 1Inj'

2018-05-30 17:37:04 - [MESSAGE][PASSED] - All options with index in [3] are selected on object 'Object Repository/Store Request Schedule 1/Page_Store/select_--Select--Schedule 1Inj'

2018-05-30 17:37:04 - [TEST_STEP][PASSED] - delay: Delayed 1 second(s)

2018-05-30 17:37:05 - [MESSAGE][PASSED] - Delayed 1 second(s)

2018-05-30 17:37:05 - [TEST_STEP][PASSED] - selectOptionByIndex: All options with index in [2] are selected on object 'Object Repository/Store Request Schedule 1/Page_Store/select_--Select--Adernaline 0.'

2018-05-30 17:37:05 - [MESSAGE][PASSED] - All options with index in [2] are selected on object 'Object Repository/Store Request Schedule 1/Page_Store/select_--Select--Adernaline 0.'

2018-05-30 17:37:05 - [TEST_STEP][PASSED] - setText: Text '100' is set on object 'Object Repository/Store Request Schedule 1/Page_Store/input_txttreat'

2018-05-30 17:37:05 - [MESSAGE][PASSED] - Text '100' is set on object 'Object Repository/Store Request Schedule 1/Page_Store/input_txttreat'

2018-05-30 17:37:05 - [TEST_STEP][PASSED] - click: Object: 'Object Repository/Store Request Schedule 1/Page_Store/button_Add' is clicked on

2018-05-30 17:37:05 - [MESSAGE][PASSED] - Object: 'Object Repository/Store Request Schedule 1/Page_Store/button_Add' is clicked on

2018-05-30 17:37:05 - [TEST_STEP][PASSED] - selectOptionByIndex: All options with index in [3] are selected on object 'Object Repository/Store Request Schedule 1/Page_Store/select_--Select--Schedule 1Inj'

2018-05-30 17:37:05 - [MESSAGE][PASSED] - All options with index in [3] are selected on object 'Object Repository/Store Request Schedule 1/Page_Store/select_--Select--Schedule 1Inj'

2018-05-30 17:37:05 - [TEST_STEP][PASSED] - delay: Delayed 1 second(s)

2018-05-30 17:37:06 - [MESSAGE][PASSED] - Delayed 1 second(s)

2018-05-30 17:37:06 - [TEST_STEP][PASSED] - selectOptionByIndex: All options with index in [3] are selected on object 'Object Repository/Store Request Schedule 1/Page_Store/select_--Select--Adernaline 0.'

2018-05-30 17:37:06 - [MESSAGE][PASSED] - All options with index in [3] are selected on object 'Object Repository/Store Request Schedule 1/Page_Store/select_--Select--Adernaline 0.'

2018-05-30 17:37:06 - [TEST_STEP][PASSED] - setText: Text '100' is set on object 'Object Repository/Store Request Schedule 1/Page_Store/input_txttreat'

2018-05-30 17:37:06 - [MESSAGE][PASSED] - Text '100' is set on object 'Object Repository/Store Request Schedule 1/Page_Store/input_txttreat'

2018-05-30 17:37:06 - [TEST_STEP][PASSED] - click: Object: 'Object Repository/Store Request Schedule 1/Page_Store/button_Add' is clicked on

2018-05-30 17:37:06 - [MESSAGE][PASSED] - Object: 'Object Repository/Store Request Schedule 1/Page_Store/button_Add' is clicked on

2018-05-30 17:37:06 - [TEST_STEP][PASSED] - selectOptionByIndex: All options with index in [3] are selected on object 'Object Repository/Store Request Schedule 1/Page_Store/select_--Select--Schedule 1Inj'

2018-05-30 17:37:07 - [MESSAGE][PASSED] - All options with index in [3] are selected on object 'Object Repository/Store Request Schedule 1/Page_Store/select_--Select--Schedule 1Inj'

2018-05-30 17:37:07 - [TEST_STEP][PASSED] - delay: Delayed 1 second(s)

2018-05-30 17:37:08 - [MESSAGE][PASSED] - Delayed 1 second(s)

2018-05-30 17:37:08 - [TEST_STEP][PASSED] - selectOptionByIndex: All options with index in [4] are selected on object 'Object Repository/Store Request Schedule 1/Page_Store/select_--Select--Adernaline 0.'

2018-05-30 17:37:08 - [MESSAGE][PASSED] - All options with index in [4] are selected on object 'Object Repository/Store Request Schedule 1/Page_Store/select_--Select--Adernaline 0.'

2018-05-30 17:37:08 - [TEST_STEP][PASSED] - setText: Text '100' is set on object 'Object Repository/Store Request Schedule 1/Page_Store/input_txttreat'

2018-05-30 17:37:08 - [MESSAGE][PASSED] - Text '100' is set on object 'Object Repository/Store Request Schedule 1/Page_Store/input_txttreat'

2018-05-30 17:37:08 - [TEST_STEP][PASSED] - click: Object: 'Object Repository/Store Request Schedule 1/Page_Store/button_Add' is clicked on

2018-05-30 17:38:22 - [MESSAGE][PASSED] - Object: 'Object Repository/Store Request Schedule 1/Page_Store/button_Add' is clicked on

2018-05-30 17:38:22 - [TEST_STEP][PASSED] - selectOptionByIndex: All options with index in [3] are selected on object 'Object Repository/Store Request Schedule 1/Page_Store/select_--Select--Schedule 1Inj'

2018-05-30 17:38:22 - [MESSAGE][PASSED] - All options with index in [3] are selected on object 'Object Repository/Store Request Schedule 1/Page_Store/select_--Select--Schedule 1Inj'

2018-05-30 17:38:22 - [TEST_STEP][PASSED] - delay: Delayed 1 second(s)

2018-05-30 17:38:23 - [MESSAGE][PASSED] - Delayed 1 second(s)

2018-05-30 17:38:23 - [TEST_STEP][PASSED] - selectOptionByIndex: All options with index in [5] are selected on object 'Object Repository/Store Request Schedule 1/Page_Store/select_--Select--Adernaline 0.'

2018-05-30 17:38:24 - [MESSAGE][PASSED] - All options with index in [5] are selected on object 'Object Repository/Store Request Schedule 1/Page_Store/select_--Select--Adernaline 0.'

2018-05-30 17:38:24 - [TEST_STEP][PASSED] - setText: Text '100' is set on object 'Object Repository/Store Request Schedule 1/Page_Store/input_txttreat'

2018-05-30 17:38:24 - [MESSAGE][PASSED] - Text '100' is set on object 'Object Repository/Store Request Schedule 1/Page_Store/input_txttreat'

2018-05-30 17:38:24 - [TEST_STEP][PASSED] - click: Object: 'Object Repository/Store Request Schedule 1/Page_Store/button_Add' is clicked on

2018-05-30 17:38:24 - [MESSAGE][PASSED] - Object: 'Object Repository/Store Request Schedule 1/Page_Store/button_Add' is clicked on

2018-05-30 17:38:24 - [TEST_STEP][PASSED] - selectOptionByIndex: All options with index in [3] are selected on object 'Object Repository/Store Request Schedule 1/Page_Store/select_--Select--Schedule 1Inj'

2018-05-30 17:38:24 - [MESSAGE][PASSED] - All options with index in [3] are selected on object 'Object Repository/Store Request Schedule 1/Page_Store/select_--Select--Schedule 1Inj'

2018-05-30 17:38:24 - [TEST_STEP][PASSED] - delay: Delayed 1 second(s)

2018-05-30 17:38:25 - [MESSAGE][PASSED] - Delayed 1 second(s)

2018-05-30 17:38:25 - [TEST_STEP][PASSED] - selectOptionByIndex: All options with index in [6] are selected on object 'Object Repository/Store Request Schedule 1/Page_Store/select_--Select--Adernaline 0.'

2018-05-30 17:38:25 - [MESSAGE][PASSED] - All options with index in [6] are selected on object 'Object Repository/Store Request Schedule 1/Page_Store/select_--Select--Adernaline 0.'

2018-05-30 17:38:25 - [TEST_STEP][PASSED] - setText: Text '100' is set on object 'Object Repository/Store Request Schedule 1/Page_Store/input_txttreat'

2018-05-30 17:38:25 - [MESSAGE][PASSED] - Text '100' is set on object 'Object Repository/Store Request Schedule 1/Page_Store/input_txttreat'

2018-05-30 17:38:25 - [TEST_STEP][PASSED] - click: Object: 'Object Repository/Store Request Schedule 1/Page_Store/button_Add' is clicked on

2018-05-30 17:38:25 - [MESSAGE][PASSED] - Object: 'Object Repository/Store Request Schedule 1/Page_Store/button_Add' is clicked on

2018-05-30 17:38:25 - [TEST_STEP][PASSED] - selectOptionByIndex: All options with index in [3] are selected on object 'Object Repository/Store Request Schedule 1/Page_Store/select_--Select--Schedule 1Inj'

2018-05-30 17:38:25 - [MESSAGE][PASSED] - All options with index in [3] are selected on object 'Object Repository/Store Request Schedule 1/Page_Store/select_--Select--Schedule 1Inj'

2018-05-30 17:38:25 - [TEST_STEP][PASSED] - delay: Delayed 1 second(s)

2018-05-30 17:38:26 - [MESSAGE][PASSED] - Delayed 1 second(s)

2018-05-30 17:38:26 - [TEST_STEP][PASSED] - selectOptionByIndex: All options with index in [7] are selected on object 'Object Repository/Store Request Schedule 1/Page_Store/select_--Select--Adernaline 0.'

2018-05-30 17:38:27 - [MESSAGE][PASSED] - All options with index in [7] are selected on object 'Object Repository/Store Request Schedule 1/Page_Store/select_--Select--Adernaline 0.'

2018-05-30 17:38:27 - [TEST_STEP][PASSED] - setText: Text '100' is set on object 'Object Repository/Store Request Schedule 1/Page_Store/input_txttreat'

2018-05-30 17:38:40 - [MESSAGE][PASSED] - Text '100' is set on object 'Object Repository/Store Request Schedule 1/Page_Store/input_txttreat'

2018-05-30 17:38:40 - [TEST_STEP][PASSED] - click: Object: 'Object Repository/Store Request Schedule 1/Page_Store/button_Add' is clicked on

2018-05-30 17:38:41 - [MESSAGE][PASSED] - Object: 'Object Repository/Store Request Schedule 1/Page_Store/button_Add' is clicked on

2018-05-30 17:38:41 - [TEST_STEP][PASSED] - selectOptionByIndex: All options with index in [3] are selected on object 'Object Repository/Store Request Schedule 1/Page_Store/select_--Select--Schedule 1Inj'

2018-05-30 17:38:41 - [MESSAGE][PASSED] - All options with index in [3] are selected on object 'Object Repository/Store Request Schedule 1/Page_Store/select_--Select--Schedule 1Inj'

2018-05-30 17:38:41 - [TEST_STEP][PASSED] - delay: Delayed 1 second(s)

2018-05-30 17:38:42 - [MESSAGE][PASSED] - Delayed 1 second(s)

2018-05-30 17:38:42 - [TEST_STEP][PASSED] - selectOptionByIndex: All options with index in [8] are selected on object 'Object Repository/Store Request Schedule 1/Page_Store/select_--Select--Adernaline 0.'

2018-05-30 17:38:42 - [MESSAGE][PASSED] - All options with index in [8] are selected on object 'Object Repository/Store Request Schedule 1/Page_Store/select_--Select--Adernaline 0.'

2018-05-30 17:38:42 - [TEST_STEP][PASSED] - setText: Text '100' is set on object 'Object Repository/Store Request Schedule 1/Page_Store/input_txttreat'

2018-05-30 17:38:42 - [MESSAGE][PASSED] - Text '100' is set on object 'Object Repository/Store Request Schedule 1/Page_Store/input_txttreat'

2018-05-30 17:38:42 - [TEST_STEP][PASSED] - click: Object: 'Object Repository/Store Request Schedule 1/Page_Store/button_Add' is clicked on

2018-05-30 17:38:42 - [MESSAGE][PASSED] - Object: 'Object Repository/Store Request Schedule 1/Page_Store/button_Add' is clicked on

2018-05-30 17:38:42 - [TEST_STEP][PASSED] - selectOptionByIndex: All options with index in [3] are selected on object 'Object Repository/Store Request Schedule 1/Page_Store/select_--Select--Schedule 1Inj'

2018-05-30 17:38:42 - [MESSAGE][PASSED] - All options with index in [3] are selected on object 'Object Repository/Store Request Schedule 1/Page_Store/select_--Select--Schedule 1Inj'

2018-05-30 17:38:42 - [TEST_STEP][PASSED] - delay: Delayed 1 second(s)

2018-05-30 17:38:43 - [MESSAGE][PASSED] - Delayed 1 second(s)

2018-05-30 17:38:43 - [TEST_STEP][PASSED] - selectOptionByIndex: All options with index in [9] are selected on object 'Object Repository/Store Request Schedule 1/Page_Store/select_--Select--Adernaline 0.'

2018-05-30 17:38:43 - [MESSAGE][PASSED] - All options with index in [9] are selected on object 'Object Repository/Store Request Schedule 1/Page_Store/select_--Select--Adernaline 0.'

2018-05-30 17:38:43 - [TEST_STEP][PASSED] - setText: Text '100' is set on object 'Object Repository/Store Request Schedule 1/Page_Store/input_txttreat'

2018-05-30 17:38:43 - [MESSAGE][PASSED] - Text '100' is set on object 'Object Repository/Store Request Schedule 1/Page_Store/input_txttreat'

2018-05-30 17:38:43 - [TEST_STEP][PASSED] - click: Object: 'Object Repository/Store Request Schedule 1/Page_Store/button_Add' is clicked on

2018-05-30 17:38:44 - [MESSAGE][PASSED] - Object: 'Object Repository/Store Request Schedule 1/Page_Store/button_Add' is clicked on

2018-05-30 17:38:44 - [TEST_STEP][PASSED] - selectOptionByIndex: All options with index in [3] are selected on object 'Object Repository/Store Request Schedule 1/Page_Store/select_--Select--Schedule 1Inj'

2018-05-30 17:38:44 - [MESSAGE][PASSED] - All options with index in [3] are selected on object 'Object Repository/Store Request Schedule 1/Page_Store/select_--Select--Schedule 1Inj'

2018-05-30 17:38:44 - [TEST_STEP][PASSED] - delay: Delayed 1 second(s)

2018-05-30 17:38:45 - [MESSAGE][PASSED] - Delayed 1 second(s)

2018-05-30 17:38:45 - [TEST_STEP][PASSED] - selectOptionByIndex: All options with index in [10] are selected on object 'Object Repository/Store Request Schedule 1/Page_Store/select_--Select--Adernaline 0.'

2018-05-30 17:38:45 - [MESSAGE][PASSED] - All options with index in [10] are selected on object 'Object Repository/Store Request Schedule 1/Page_Store/select_--Select--Adernaline 0.'

2018-05-30 17:38:45 - [TEST_STEP][PASSED] - setText: Text '100' is set on object 'Object Repository/Store Request Schedule 1/Page_Store/input_txttreat'

2018-05-30 17:38:45 - [MESSAGE][PASSED] - Text '100' is set on object 'Object Repository/Store Request Schedule 1/Page_Store/input_txttreat'

2018-05-30 17:38:45 - [TEST_STEP][PASSED] - click: Object: 'Object Repository/Store Request Schedule 1/Page_Store/button_Add' is clicked on

2018-05-30 17:38:45 - [MESSAGE][PASSED] - Object: 'Object Repository/Store Request Schedule 1/Page_Store/button_Add' is clicked on

2018-05-30 17:38:45 - [TEST_STEP][PASSED] - selectOptionByIndex: All options with index in [3] are selected on object 'Object Repository/Store Request Schedule 1/Page_Store/select_--Select--Schedule 1Inj'

2018-05-30 17:38:45 - [MESSAGE][PASSED] - All options with index in [3] are selected on object 'Object Repository/Store Request Schedule 1/Page_Store/select_--Select--Schedule 1Inj'

2018-05-30 17:38:45 - [TEST_STEP][PASSED] - delay: Delayed 1 second(s)

2018-05-30 17:38:46 - [MESSAGE][PASSED] - Delayed 1 second(s)

2018-05-30 17:38:46 - [TEST_STEP][PASSED] - selectOptionByIndex: All options with index in [11] are selected on object 'Object Repository/Store Request Schedule 1/Page_Store/select_--Select--Adernaline 0.'

2018-05-30 17:38:46 - [MESSAGE][PASSED] - All options with index in [11] are selected on object 'Object Repository/Store Request Schedule 1/Page_Store/select_--Select--Adernaline 0.'

2018-05-30 17:38:46 - [TEST_STEP][PASSED] - setText: Text '100' is set on object 'Object Repository/Store Request Schedule 1/Page_Store/input_txttreat'

2018-05-30 17:38:46 - [MESSAGE][PASSED] - Text '100' is set on object 'Object Repository/Store Request Schedule 1/Page_Store/input_txttreat'

2018-05-30 17:38:46 - [TEST_STEP][PASSED] - click: Object: 'Object Repository/Store Request Schedule 1/Page_Store/button_Add' is clicked on

2018-05-30 17:38:47 - [MESSAGE][PASSED] - Object: 'Object Repository/Store Request Schedule 1/Page_Store/button_Add' is clicked on

2018-05-30 17:38:47 - [TEST_STEP][PASSED] - selectOptionByIndex: All options with index in [3] are selected on object 'Object Repository/Store Request Schedule 1/Page_Store/select_--Select--Schedule 1Inj'

2018-05-30 17:38:47 - [MESSAGE][PASSED] - All options with index in [3] are selected on object 'Object Repository/Store Request Schedule 1/Page_Store/select_--Select--Schedule 1Inj'

2018-05-30 17:38:47 - [TEST_STEP][PASSED] - delay: Delayed 1 second(s)

2018-05-30 17:38:48 - [MESSAGE][PASSED] - Delayed 1 second(s)

2018-05-30 17:38:48 - [TEST_STEP][PASSED] - selectOptionByIndex: All options with index in [12] are selected on object 'Object Repository/Store Request Schedule 1/Page_Store/select_--Select--Adernaline 0.'

2018-05-30 17:38:48 - [MESSAGE][PASSED] - All options with index in [12] are selected on object 'Object Repository/Store Request Schedule 1/Page_Store/select_--Select--Adernaline 0.'

2018-05-30 17:38:48 - [TEST_STEP][PASSED] - setText: Text '100' is set on object 'Object Repository/Store Request Schedule 1/Page_Store/input_txttreat'

2018-05-30 17:38:48 - [MESSAGE][PASSED] - Text '100' is set on object 'Object Repository/Store Request Schedule 1/Page_Store/input_txttreat'

2018-05-30 17:38:48 - [TEST_STEP][PASSED] - click: Object: 'Object Repository/Store Request Schedule 1/Page_Store/button_Add' is clicked on

2018-05-30 17:38:48 - [MESSAGE][PASSED] - Object: 'Object Repository/Store Request Schedule 1/Page_Store/button_Add' is clicked on

2018-05-30 17:38:48 - [TEST_STEP][PASSED] - selectOptionByIndex: All options with index in [3] are selected on object 'Object Repository/Store Request Schedule 1/Page_Store/select_--Select--Schedule 1Inj'

2018-05-30 17:38:48 - [MESSAGE][PASSED] - All options with index in [3] are selected on object 'Object Repository/Store Request Schedule 1/Page_Store/select_--Select--Schedule 1Inj'

2018-05-30 17:38:48 - [TEST_STEP][PASSED] - delay: Delayed 1 second(s)

2018-05-30 17:38:49 - [MESSAGE][PASSED] - Delayed 1 second(s)

2018-05-30 17:38:49 - [TEST_STEP][PASSED] - selectOptionByIndex: All options with index in [13] are selected on object 'Object Repository/Store Request Schedule 1/Page_Store/select_--Select--Adernaline 0.'

2018-05-30 17:38:49 - [MESSAGE][PASSED] - All options with index in [13] are selected on object 'Object Repository/Store Request Schedule 1/Page_Store/select_--Select--Adernaline 0.'

2018-05-30 17:38:49 - [TEST_STEP][PASSED] - setText: Text '100' is set on object 'Object Repository/Store Request Schedule 1/Page_Store/input_txttreat'

2018-05-30 17:38:50 - [MESSAGE][PASSED] - Text '100' is set on object 'Object Repository/Store Request Schedule 1/Page_Store/input_txttreat'

2018-05-30 17:38:50 - [TEST_STEP][PASSED] - click: Object: 'Object Repository/Store Request Schedule 1/Page_Store/button_Add' is clicked on

2018-05-30 17:38:50 - [MESSAGE][PASSED] - Object: 'Object Repository/Store Request Schedule 1/Page_Store/button_Add' is clicked on

2018-05-30 17:38:50 - [TEST_STEP][PASSED] - selectOptionByIndex: All options with index in [3] are selected on object 'Object Repository/Store Request Schedule 1/Page_Store/select_--Select--Schedule 1Inj'

2018-05-30 17:38:50 - [MESSAGE][PASSED] - All options with index in [3] are selected on object 'Object Repository/Store Request Schedule 1/Page_Store/select_--Select--Schedule 1Inj'

2018-05-30 17:38:50 - [TEST_STEP][PASSED] - delay: Delayed 1 second(s)

2018-05-30 17:38:51 - [MESSAGE][PASSED] - Delayed 1 second(s)

2018-05-30 17:38:51 - [TEST_STEP][PASSED] - selectOptionByIndex: All options with index in [14] are selected on object 'Object Repository/Store Request Schedule 1/Page_Store/select_--Select--Adernaline 0.'

2018-05-30 17:38:51 - [MESSAGE][PASSED] - All options with index in [14] are selected on object 'Object Repository/Store Request Schedule 1/Page_Store/select_--Select--Adernaline 0.'

2018-05-30 17:38:51 - [TEST_STEP][PASSED] - setText: Text '100' is set on object 'Object Repository/Store Request Schedule 1/Page_Store/input_txttreat'

2018-05-30 17:38:51 - [MESSAGE][PASSED] - Text '100' is set on object 'Object Repository/Store Request Schedule 1/Page_Store/input_txttreat'

2018-05-30 17:38:51 - [TEST_STEP][PASSED] - click: Object: 'Object Repository/Store Request Schedule 1/Page_Store/button_Add' is clicked on

2018-05-30 17:38:51 - [MESSAGE][PASSED] - Object: 'Object Repository/Store Request Schedule 1/Page_Store/button_Add' is clicked on

2018-05-30 17:38:51 - [TEST_STEP][PASSED] - selectOptionByIndex: All options with index in [3] are selected on object 'Object Repository/Store Request Schedule 1/Page_Store/select_--Select--Schedule 1Inj'

2018-05-30 17:38:51 - [MESSAGE][PASSED] - All options with index in [3] are selected on object 'Object Repository/Store Request Schedule 1/Page_Store/select_--Select--Schedule 1Inj'

2018-05-30 17:38:51 - [TEST_STEP][PASSED] - delay: Delayed 1 second(s)

2018-05-30 17:38:52 - [MESSAGE][PASSED] - Delayed 1 second(s)

2018-05-30 17:38:52 - [TEST_STEP][PASSED] - selectOptionByIndex: All options with index in [15] are selected on object 'Object Repository/Store Request Schedule 1/Page_Store/select_--Select--Adernaline 0.'

2018-05-30 17:38:53 - [MESSAGE][PASSED] - All options with index in [15] are selected on object 'Object Repository/Store Request Schedule 1/Page_Store/select_--Select--Adernaline 0.'

2018-05-30 17:38:53 - [TEST_STEP][PASSED] - setText: Text '100' is set on object 'Object Repository/Store Request Schedule 1/Page_Store/input_txttreat'

2018-05-30 17:38:53 - [MESSAGE][PASSED] - Text '100' is set on object 'Object Repository/Store Request Schedule 1/Page_Store/input_txttreat'

2018-05-30 17:38:53 - [TEST_STEP][PASSED] - click: Object: 'Object Repository/Store Request Schedule 1/Page_Store/button_Add' is clicked on

2018-05-30 17:38:53 - [MESSAGE][PASSED] - Object: 'Object Repository/Store Request Schedule 1/Page_Store/button_Add' is clicked on

2018-05-30 17:38:53 - [TEST_STEP][PASSED] - selectOptionByIndex: All options with index in [3] are selected on object 'Object Repository/Store Request Schedule 1/Page_Store/select_--Select--Schedule 1Inj'

2018-05-30 17:38:53 - [MESSAGE][PASSED] - All options with index in [3] are selected on object 'Object Repository/Store Request Schedule 1/Page_Store/select_--Select--Schedule 1Inj'

2018-05-30 17:38:53 - [TEST_STEP][PASSED] - delay: Delayed 1 second(s)

2018-05-30 17:38:54 - [MESSAGE][PASSED] - Delayed 1 second(s)

2018-05-30 17:38:54 - [TEST_STEP][PASSED] - selectOptionByIndex: All options with index in [16] are selected on object 'Object Repository/Store Request Schedule 1/Page_Store/select_--Select--Adernaline 0.'

2018-05-30 17:38:54 - [MESSAGE][PASSED] - All options with index in [16] are selected on object 'Object Repository/Store Request Schedule 1/Page_Store/select_--Select--Adernaline 0.'

2018-05-30 17:38:54 - [TEST_STEP][PASSED] - setText: Text '100' is set on object 'Object Repository/Store Request Schedule 1/Page_Store/input_txttreat'

2018-05-30 17:38:54 - [MESSAGE][PASSED] - Text '100' is set on object 'Object Repository/Store Request Schedule 1/Page_Store/input_txttreat'

2018-05-30 17:38:54 - [TEST_STEP][PASSED] - click: Object: 'Object Repository/Store Request Schedule 1/Page_Store/button_Add' is clicked on

2018-05-30 17:38:54 - [MESSAGE][PASSED] - Object: 'Object Repository/Store Request Schedule 1/Page_Store/button_Add' is clicked on

2018-05-30 17:38:54 - [TEST_STEP][PASSED] - selectOptionByIndex: All options with index in [3] are selected on object 'Object Repository/Store Request Schedule 1/Page_Store/select_--Select--Schedule 1Inj'

2018-05-30 17:38:54 - [MESSAGE][PASSED] - All options with index in [3] are selected on object 'Object Repository/Store Request Schedule 1/Page_Store/select_--Select--Schedule 1Inj'

2018-05-30 17:38:54 - [TEST_STEP][PASSED] - delay: Delayed 1 second(s)

2018-05-30 17:38:55 - [MESSAGE][PASSED] - Delayed 1 second(s)

2018-05-30 17:38:55 - [TEST_STEP][PASSED] - selectOptionByIndex: All options with index in [17] are selected on object 'Object Repository/Store Request Schedule 1/Page_Store/select_--Select--Adernaline 0.'

2018-05-30 17:38:56 - [MESSAGE][PASSED] - All options with index in [17] are selected on object 'Object Repository/Store Request Schedule 1/Page_Store/select_--Select--Adernaline 0.'

2018-05-30 17:38:56 - [TEST_STEP][PASSED] - setText: Text '100' is set on object 'Object Repository/Store Request Schedule 1/Page_Store/input_txttreat'

2018-05-30 17:38:56 - [MESSAGE][PASSED] - Text '100' is set on object 'Object Repository/Store Request Schedule 1/Page_Store/input_txttreat'

2018-05-30 17:38:56 - [TEST_STEP][PASSED] - click: Object: 'Object Repository/Store Request Schedule 1/Page_Store/button_Add' is clicked on

2018-05-30 17:38:56 - [MESSAGE][PASSED] - Object: 'Object Repository/Store Request Schedule 1/Page_Store/button_Add' is clicked on

2018-05-30 17:38:56 - [TEST_STEP][PASSED] - selectOptionByIndex: All options with index in [3] are selected on object 'Object Repository/Store Request Schedule 1/Page_Store/select_--Select--Schedule 1Inj'

2018-05-30 17:38:56 - [MESSAGE][PASSED] - All options with index in [3] are selected on object 'Object Repository/Store Request Schedule 1/Page_Store/select_--Select--Schedule 1Inj'

2018-05-30 17:38:56 - [TEST_STEP][PASSED] - delay: Delayed 1 second(s)

2018-05-30 17:38:57 - [MESSAGE][PASSED] - Delayed 1 second(s)

2018-05-30 17:38:57 - [TEST_STEP][PASSED] - selectOptionByIndex: All options with index in [18] are selected on object 'Object Repository/Store Request Schedule 1/Page_Store/select_--Select--Adernaline 0.'

2018-05-30 17:38:57 - [MESSAGE][PASSED] - All options with index in [18] are selected on object 'Object Repository/Store Request Schedule 1/Page_Store/select_--Select--Adernaline 0.'

2018-05-30 17:38:57 - [TEST_STEP][PASSED] - setText: Text '100' is set on object 'Object Repository/Store Request Schedule 1/Page_Store/input_txttreat'

2018-05-30 17:38:57 - [MESSAGE][PASSED] - Text '100' is set on object 'Object Repository/Store Request Schedule 1/Page_Store/input_txttreat'

2018-05-30 17:38:57 - [TEST_STEP][PASSED] - click: Object: 'Object Repository/Store Request Schedule 1/Page_Store/button_Add' is clicked on

2018-05-30 17:38:57 - [MESSAGE][PASSED] - Object: 'Object Repository/Store Request Schedule 1/Page_Store/button_Add' is clicked on

2018-05-30 17:38:57 - [TEST_STEP][PASSED] - selectOptionByIndex: All options with index in [3] are selected on object 'Object Repository/Store Request Schedule 1/Page_Store/select_--Select--Schedule 1Inj'

2018-05-30 17:38:58 - [MESSAGE][PASSED] - All options with index in [3] are selected on object 'Object Repository/Store Request Schedule 1/Page_Store/select_--Select--Schedule 1Inj'

2018-05-30 17:38:58 - [TEST_STEP][PASSED] - delay: Delayed 1 second(s)

2018-05-30 17:38:59 - [MESSAGE][PASSED] - Delayed 1 second(s)

2018-05-30 17:38:59 - [TEST_STEP][PASSED] - selectOptionByIndex: All options with index in [19] are selected on object 'Object Repository/Store Request Schedule 1/Page_Store/select_--Select--Adernaline 0.'

2018-05-30 17:38:59 - [MESSAGE][PASSED] - All options with index in [19] are selected on object 'Object Repository/Store Request Schedule 1/Page_Store/select_--Select--Adernaline 0.'

2018-05-30 17:38:59 - [TEST_STEP][PASSED] - setText: Text '100' is set on object 'Object Repository/Store Request Schedule 1/Page_Store/input_txttreat'

2018-05-30 17:38:59 - [MESSAGE][PASSED] - Text '100' is set on object 'Object Repository/Store Request Schedule 1/Page_Store/input_txttreat'

2018-05-30 17:38:59 - [TEST_STEP][PASSED] - click: Object: 'Object Repository/Store Request Schedule 1/Page_Store/button_Add' is clicked on

2018-05-30 17:38:59 - [MESSAGE][PASSED] - Object: 'Object Repository/Store Request Schedule 1/Page_Store/button_Add' is clicked on

2018-05-30 17:38:59 - [TEST_STEP][PASSED] - selectOptionByIndex: All options with index in [3] are selected on object 'Object Repository/Store Request Schedule 1/Page_Store/select_--Select--Schedule 1Inj'

2018-05-30 17:38:59 - [MESSAGE][PASSED] - All options with index in [3] are selected on object 'Object Repository/Store Request Schedule 1/Page_Store/select_--Select--Schedule 1Inj'

2018-05-30 17:38:59 - [TEST_STEP][PASSED] - delay: Delayed 1 second(s)

2018-05-30 17:39:00 - [MESSAGE][PASSED] - Delayed 1 second(s)

2018-05-30 17:39:00 - [TEST_STEP][PASSED] - selectOptionByIndex: All options with index in [20] are selected on object 'Object Repository/Store Request Schedule 1/Page_Store/select_--Select--Adernaline 0.'

2018-05-30 17:39:00 - [MESSAGE][PASSED] - All options with index in [20] are selected on object 'Object Repository/Store Request Schedule 1/Page_Store/select_--Select--Adernaline 0.'

2018-05-30 17:39:00 - [TEST_STEP][PASSED] - setText: Text '100' is set on object 'Object Repository/Store Request Schedule 1/Page_Store/input_txttreat'

2018-05-30 17:39:01 - [MESSAGE][PASSED] - Text '100' is set on object 'Object Repository/Store Request Schedule 1/Page_Store/input_txttreat'

2018-05-30 17:39:01 - [TEST_STEP][PASSED] - click: Object: 'Object Repository/Store Request Schedule 1/Page_Store/button_Add' is clicked on

2018-05-30 17:39:01 - [MESSAGE][PASSED] - Object: 'Object Repository/Store Request Schedule 1/Page_Store/button_Add' is clicked on

2018-05-30 17:39:01 - [TEST_STEP][PASSED] - selectOptionByIndex: All options with index in [3] are selected on object 'Object Repository/Store Request Schedule 1/Page_Store/select_--Select--Schedule 1Inj'

2018-05-30 17:39:01 - [MESSAGE][PASSED] - All options with index in [3] are selected on object 'Object Repository/Store Request Schedule 1/Page_Store/select_--Select--Schedule 1Inj'

2018-05-30 17:39:01 - [TEST_STEP][PASSED] - delay: Delayed 1 second(s)

2018-05-30 17:39:02 - [MESSAGE][PASSED] - Delayed 1 second(s)

2018-05-30 17:39:02 - [TEST_STEP][PASSED] - selectOptionByIndex: All options with index in [21] are selected on object 'Object Repository/Store Request Schedule 1/Page_Store/select_--Select--Adernaline 0.'

2018-05-30 17:39:02 - [MESSAGE][PASSED] - All options with index in [21] are selected on object 'Object Repository/Store Request Schedule 1/Page_Store/select_--Select--Adernaline 0.'

2018-05-30 17:39:02 - [TEST_STEP][PASSED] - setText: Text '100' is set on object 'Object Repository/Store Request Schedule 1/Page_Store/input_txttreat'

2018-05-30 17:39:02 - [MESSAGE][PASSED] - Text '100' is set on object 'Object Repository/Store Request Schedule 1/Page_Store/input_txttreat'

2018-05-30 17:39:02 - [TEST_STEP][PASSED] - click: Object: 'Object Repository/Store Request Schedule 1/Page_Store/button_Add' is clicked on

2018-05-30 17:39:02 - [MESSAGE][PASSED] - Object: 'Object Repository/Store Request Schedule 1/Page_Store/button_Add' is clicked on

2018-05-30 17:39:02 - [TEST_STEP][PASSED] - selectOptionByIndex: All options with index in [3] are selected on object 'Object Repository/Store Request Schedule 1/Page_Store/select_--Select--Schedule 1Inj'

2018-05-30 17:39:02 - [MESSAGE][PASSED] - All options with index in [3] are selected on object 'Object Repository/Store Request Schedule 1/Page_Store/select_--Select--Schedule 1Inj'

2018-05-30 17:39:02 - [TEST_STEP][PASSED] - delay: Delayed 1 second(s)

2018-05-30 17:39:03 - [MESSAGE][PASSED] - Delayed 1 second(s)

2018-05-30 17:39:03 - [TEST_STEP][PASSED] - selectOptionByIndex: All options with index in [22] are selected on object 'Object Repository/Store Request Schedule 1/Page_Store/select_--Select--Adernaline 0.'

2018-05-30 17:39:04 - [MESSAGE][PASSED] - All options with index in [22] are selected on object 'Object Repository/Store Request Schedule 1/Page_Store/select_--Select--Adernaline 0.'

2018-05-30 17:39:04 - [TEST_STEP][PASSED] - setText: Text '100' is set on object 'Object Repository/Store Request Schedule 1/Page_Store/input_txttreat'

2018-05-30 17:39:04 - [MESSAGE][PASSED] - Text '100' is set on object 'Object Repository/Store Request Schedule 1/Page_Store/input_txttreat'

2018-05-30 17:39:04 - [TEST_STEP][PASSED] - click: Object: 'Object Repository/Store Request Schedule 1/Page_Store/button_Add' is clicked on

2018-05-30 17:39:04 - [MESSAGE][PASSED] - Object: 'Object Repository/Store Request Schedule 1/Page_Store/button_Add' is clicked on

2018-05-30 17:39:04 - [TEST_STEP][PASSED] - selectOptionByIndex: All options with index in [3] are selected on object 'Object Repository/Store Request Schedule 1/Page_Store/select_--Select--Schedule 1Inj'

2018-05-30 17:39:04 - [MESSAGE][PASSED] - All options with index in [3] are selected on object 'Object Repository/Store Request Schedule 1/Page_Store/select_--Select--Schedule 1Inj'

2018-05-30 17:39:04 - [TEST_STEP][PASSED] - delay: Delayed 1 second(s)

2018-05-30 17:39:05 - [MESSAGE][PASSED] - Delayed 1 second(s)

2018-05-30 17:39:05 - [TEST_STEP][PASSED] - selectOptionByIndex: All options with index in [23] are selected on object 'Object Repository/Store Request Schedule 1/Page_Store/select_--Select--Adernaline 0.'

2018-05-30 17:39:05 - [MESSAGE][PASSED] - All options with index in [23] are selected on object 'Object Repository/Store Request Schedule 1/Page_Store/select_--Select--Adernaline 0.'

2018-05-30 17:39:05 - [TEST_STEP][PASSED] - setText: Text '100' is set on object 'Object Repository/Store Request Schedule 1/Page_Store/input_txttreat'

2018-05-30 17:39:05 - [MESSAGE][PASSED] - Text '100' is set on object 'Object Repository/Store Request Schedule 1/Page_Store/input_txttreat'

2018-05-30 17:39:05 - [TEST_STEP][PASSED] - click: Object: 'Object Repository/Store Request Schedule 1/Page_Store/button_Add' is clicked on

2018-05-30 17:39:05 - [MESSAGE][PASSED] - Object: 'Object Repository/Store Request Schedule 1/Page_Store/button_Add' is clicked on

2018-05-30 17:39:05 - [TEST_STEP][PASSED] - selectOptionByIndex: All options with index in [3] are selected on object 'Object Repository/Store Request Schedule 1/Page_Store/select_--Select--Schedule 1Inj'

2018-05-30 17:39:06 - [MESSAGE][PASSED] - All options with index in [3] are selected on object 'Object Repository/Store Request Schedule 1/Page_Store/select_--Select--Schedule 1Inj'

2018-05-30 17:39:06 - [TEST_STEP][PASSED] - delay: Delayed 1 second(s)

2018-05-30 17:39:07 - [MESSAGE][PASSED] - Delayed 1 second(s)

2018-05-30 17:39:07 - [TEST_STEP][PASSED] - selectOptionByIndex: All options with index in [24] are selected on object 'Object Repository/Store Request Schedule 1/Page_Store/select_--Select--Adernaline 0.'

2018-05-30 17:39:07 - [MESSAGE][PASSED] - All options with index in [24] are selected on object 'Object Repository/Store Request Schedule 1/Page_Store/select_--Select--Adernaline 0.'

2018-05-30 17:39:07 - [TEST_STEP][PASSED] - setText: Text '100' is set on object 'Object Repository/Store Request Schedule 1/Page_Store/input_txttreat'

2018-05-30 17:39:07 - [MESSAGE][PASSED] - Text '100' is set on object 'Object Repository/Store Request Schedule 1/Page_Store/input_txttreat'

2018-05-30 17:39:07 - [TEST_STEP][PASSED] - click: Object: 'Object Repository/Store Request Schedule 1/Page_Store/button_Add' is clicked on

2018-05-30 17:39:07 - [MESSAGE][PASSED] - Object: 'Object Repository/Store Request Schedule 1/Page_Store/button_Add' is clicked on

2018-05-30 17:39:07 - [TEST_STEP][PASSED] - selectOptionByIndex: All options with index in [3] are selected on object 'Object Repository/Store Request Schedule 1/Page_Store/select_--Select--Schedule 1Inj'

2018-05-30 17:39:07 - [MESSAGE][PASSED] - All options with index in [3] are selected on object 'Object Repository/Store Request Schedule 1/Page_Store/select_--Select--Schedule 1Inj'

2018-05-30 17:39:07 - [TEST_STEP][PASSED] - delay: Delayed 1 second(s)

2018-05-30 17:39:08 - [MESSAGE][PASSED] - Delayed 1 second(s)

2018-05-30 17:39:08 - [TEST_STEP][PASSED] - selectOptionByIndex: All options with index in [25] are selected on object 'Object Repository/Store Request Schedule 1/Page_Store/select_--Select--Adernaline 0.'

2018-05-30 17:39:09 - [MESSAGE][PASSED] - All options with index in [25] are selected on object 'Object Repository/Store Request Schedule 1/Page_Store/select_--Select--Adernaline 0.'

2018-05-30 17:41:16 - [TEST_STEP][PASSED] - setText: Text '100' is set on object 'Object Repository/Store Request Schedule 1/Page_Store/input_txttreat'

2018-05-30 17:41:16 - [MESSAGE][PASSED] - Text '100' is set on object 'Object Repository/Store Request Schedule 1/Page_Store/input_txttreat'

2018-05-30 17:41:16 - [TEST_STEP][PASSED] - click: Object: 'Object Repository/Store Request Schedule 1/Page_Store/button_Add' is clicked on

2018-05-30 17:41:17 - [MESSAGE][PASSED] - Object: 'Object Repository/Store Request Schedule 1/Page_Store/button_Add' is clicked on

2018-05-30 17:41:17 - [TEST_STEP][PASSED] - selectOptionByIndex: All options with index in [3] are selected on object 'Object Repository/Store Request Schedule 1/Page_Store/select_--Select--Schedule 1Inj'

2018-05-30 17:41:17 - [MESSAGE][PASSED] - All options with index in [3] are selected on object 'Object Repository/Store Request Schedule 1/Page_Store/select_--Select--Schedule 1Inj'

2018-05-30 17:41:17 - [TEST_STEP][PASSED] - delay: Delayed 1 second(s)

2018-05-30 17:41:18 - [MESSAGE][PASSED] - Delayed 1 second(s)

2018-05-30 17:41:18 - [TEST_STEP][PASSED] - selectOptionByIndex: All options with index in [26] are selected on object 'Object Repository/Store Request Schedule 1/Page_Store/select_--Select--Adernaline 0.'

2018-05-30 17:41:18 - [MESSAGE][PASSED] - All options with index in [26] are selected on object 'Object Repository/Store Request Schedule 1/Page_Store/select_--Select--Adernaline 0.'

2018-05-30 17:41:18 - [TEST_STEP][PASSED] - setText: Text '100' is set on object 'Object Repository/Store Request Schedule 1/Page_Store/input_txttreat'

2018-05-30 17:41:18 - [MESSAGE][PASSED] - Text '100' is set on object 'Object Repository/Store Request Schedule 1/Page_Store/input_txttreat'

2018-05-30 17:41:18 - [TEST_STEP][PASSED] - click: Object: 'Object Repository/Store Request Schedule 1/Page_Store/button_Add' is clicked on

2018-05-30 17:41:18 - [MESSAGE][PASSED] - Object: 'Object Repository/Store Request Schedule 1/Page_Store/button_Add' is clicked on

2018-05-30 17:41:18 - [TEST_STEP][PASSED] - selectOptionByIndex: All options with index in [3] are selected on object 'Object Repository/Store Request Schedule 1/Page_Store/select_--Select--Schedule 1Inj'

2018-05-30 17:41:18 - [MESSAGE][PASSED] - All options with index in [3] are selected on object 'Object Repository/Store Request Schedule 1/Page_Store/select_--Select--Schedule 1Inj'

2018-05-30 17:41:18 - [TEST_STEP][PASSED] - delay: Delayed 1 second(s)

2018-05-30 17:41:19 - [MESSAGE][PASSED] - Delayed 1 second(s)

2018-05-30 17:41:19 - [TEST_STEP][PASSED] - selectOptionByIndex: All options with index in [27] are selected on object 'Object Repository/Store Request Schedule 1/Page_Store/select_--Select--Adernaline 0.'

2018-05-30 17:41:20 - [MESSAGE][PASSED] - All options with index in [27] are selected on object 'Object Repository/Store Request Schedule 1/Page_Store/select_--Select--Adernaline 0.'

2018-05-30 17:41:20 - [TEST_STEP][PASSED] - setText: Text '100' is set on object 'Object Repository/Store Request Schedule 1/Page_Store/input_txttreat'

2018-05-30 17:41:20 - [MESSAGE][PASSED] - Text '100' is set on object 'Object Repository/Store Request Schedule 1/Page_Store/input_txttreat'

2018-05-30 17:41:20 - [TEST_STEP][PASSED] - click: Object: 'Object Repository/Store Request Schedule 1/Page_Store/button_Add' is clicked on

2018-05-30 17:41:20 - [MESSAGE][PASSED] - Object: 'Object Repository/Store Request Schedule 1/Page_Store/button_Add' is clicked on

2018-05-30 17:41:20 - [TEST_STEP][PASSED] - selectOptionByIndex: All options with index in [3] are selected on object 'Object Repository/Store Request Schedule 1/Page_Store/select_--Select--Schedule 1Inj'

2018-05-30 17:41:20 - [MESSAGE][PASSED] - All options with index in [3] are selected on object 'Object Repository/Store Request Schedule 1/Page_Store/select_--Select--Schedule 1Inj'

2018-05-30 17:41:20 - [TEST_STEP][PASSED] - delay: Delayed 1 second(s)

2018-05-30 17:41:21 - [MESSAGE][PASSED] - Delayed 1 second(s)

2018-05-30 17:41:21 - [TEST_STEP][PASSED] - selectOptionByIndex: All options with index in [28] are selected on object 'Object Repository/Store Request Schedule 1/Page_Store/select_--Select--Adernaline 0.'

2018-05-30 17:41:22 - [MESSAGE][PASSED] - All options with index in [28] are selected on object 'Object Repository/Store Request Schedule 1/Page_Store/select_--Select--Adernaline 0.'

2018-05-30 17:41:22 - [TEST_STEP][PASSED] - setText: Text '100' is set on object 'Object Repository/Store Request Schedule 1/Page_Store/input_txttreat'

2018-05-30 17:41:22 - [MESSAGE][PASSED] - Text '100' is set on object 'Object Repository/Store Request Schedule 1/Page_Store/input_txttreat'

2018-05-30 17:41:22 - [TEST_STEP][PASSED] - click: Object: 'Object Repository/Store Request Schedule 1/Page_Store/button_Add' is clicked on

2018-05-30 17:41:22 - [MESSAGE][PASSED] - Object: 'Object Repository/Store Request Schedule 1/Page_Store/button_Add' is clicked on

2018-05-30 17:41:22 - [TEST_STEP][PASSED] - selectOptionByIndex: All options with index in [3] are selected on object 'Object Repository/Store Request Schedule 1/Page_Store/select_--Select--Schedule 1Inj'

2018-05-30 17:41:22 - [MESSAGE][PASSED] - All options with index in [3] are selected on object 'Object Repository/Store Request Schedule 1/Page_Store/select_--Select--Schedule 1Inj'

2018-05-30 17:41:22 - [TEST_STEP][PASSED] - delay: Delayed 1 second(s)

2018-05-30 17:41:23 - [MESSAGE][PASSED] - Delayed 1 second(s)

2018-05-30 17:41:23 - [TEST_STEP][PASSED] - selectOptionByIndex: All options with index in [29] are selected on object 'Object Repository/Store Request Schedule 1/Page_Store/select_--Select--Adernaline 0.'

2018-05-30 17:41:24 - [MESSAGE][PASSED] - All options with index in [29] are selected on object 'Object Repository/Store Request Schedule 1/Page_Store/select_--Select--Adernaline 0.'

2018-05-30 17:41:24 - [TEST_STEP][PASSED] - setText: Text '100' is set on object 'Object Repository/Store Request Schedule 1/Page_Store/input_txttreat'

2018-05-30 17:41:24 - [MESSAGE][PASSED] - Text '100' is set on object 'Object Repository/Store Request Schedule 1/Page_Store/input_txttreat'

2018-05-30 17:41:24 - [TEST_STEP][PASSED] - click: Object: 'Object Repository/Store Request Schedule 1/Page_Store/button_Add' is clicked on

2018-05-30 17:41:24 - [MESSAGE][PASSED] - Object: 'Object Repository/Store Request Schedule 1/Page_Store/button_Add' is clicked on

2018-05-30 17:41:24 - [TEST_STEP][PASSED] - selectOptionByIndex: All options with index in [3] are selected on object 'Object Repository/Store Request Schedule 1/Page_Store/select_--Select--Schedule 1Inj'

2018-05-30 17:41:24 - [MESSAGE][PASSED] - All options with index in [3] are selected on object 'Object Repository/Store Request Schedule 1/Page_Store/select_--Select--Schedule 1Inj'

2018-05-30 17:41:24 - [TEST_STEP][PASSED] - delay: Delayed 1 second(s)

2018-05-30 17:41:25 - [MESSAGE][PASSED] - Delayed 1 second(s)

2018-05-30 17:41:25 - [TEST_STEP][PASSED] - selectOptionByIndex: All options with index in [30] are selected on object 'Object Repository/Store Request Schedule 1/Page_Store/select_--Select--Adernaline 0.'

2018-05-30 17:41:26 - [MESSAGE][PASSED] - All options with index in [30] are selected on object 'Object Repository/Store Request Schedule 1/Page_Store/select_--Select--Adernaline 0.'

2018-05-30 17:41:26 - [TEST_STEP][PASSED] - setText: Text '100' is set on object 'Object Repository/Store Request Schedule 1/Page_Store/input_txttreat'

2018-05-30 17:41:26 - [MESSAGE][PASSED] - Text '100' is set on object 'Object Repository/Store Request Schedule 1/Page_Store/input_txttreat'

2018-05-30 17:41:26 - [TEST_STEP][PASSED] - click: Object: 'Object Repository/Store Request Schedule 1/Page_Store/button_Add' is clicked on

2018-05-30 17:41:26 - [MESSAGE][PASSED] - Object: 'Object Repository/Store Request Schedule 1/Page_Store/button_Add' is clicked on

2018-05-30 17:41:26 - [TEST_STEP][PASSED] - selectOptionByIndex: All options with index in [3] are selected on object 'Object Repository/Store Request Schedule 1/Page_Store/select_--Select--Schedule 1Inj'

2018-05-30 17:41:26 - [MESSAGE][PASSED] - All options with index in [3] are selected on object 'Object Repository/Store Request Schedule 1/Page_Store/select_--Select--Schedule 1Inj'

2018-05-30 17:41:26 - [TEST_STEP][PASSED] - delay: Delayed 1 second(s)

2018-05-30 17:41:27 - [MESSAGE][PASSED] - Delayed 1 second(s)

2018-05-30 17:41:27 - [TEST_STEP][PASSED] - selectOptionByIndex: All options with index in [31] are selected on object 'Object Repository/Store Request Schedule 1/Page_Store/select_--Select--Adernaline 0.'

2018-05-30 17:41:27 - [MESSAGE][PASSED] - All options with index in [31] are selected on object 'Object Repository/Store Request Schedule 1/Page_Store/select_--Select--Adernaline 0.'

2018-05-30 17:41:27 - [TEST_STEP][PASSED] - setText: Text '100' is set on object 'Object Repository/Store Request Schedule 1/Page_Store/input_txttreat'

2018-05-30 17:41:27 - [MESSAGE][PASSED] - Text '100' is set on object 'Object Repository/Store Request Schedule 1/Page_Store/input_txttreat'

2018-05-30 17:41:27 - [TEST_STEP][PASSED] - click: Object: 'Object Repository/Store Request Schedule 1/Page_Store/button_Add' is clicked on

2018-05-30 17:41:27 - [MESSAGE][PASSED] - Object: 'Object Repository/Store Request Schedule 1/Page_Store/button_Add' is clicked on

2018-05-30 17:41:27 - [TEST_STEP][PASSED] - selectOptionByIndex: All options with index in [3] are selected on object 'Object Repository/Store Request Schedule 1/Page_Store/select_--Select--Schedule 1Inj'

2018-05-30 17:41:28 - [MESSAGE][PASSED] - All options with index in [3] are selected on object 'Object Repository/Store Request Schedule 1/Page_Store/select_--Select--Schedule 1Inj'

2018-05-30 17:41:28 - [TEST_STEP][PASSED] - delay: Delayed 1 second(s)

2018-05-30 17:41:29 - [MESSAGE][PASSED] - Delayed 1 second(s)

2018-05-30 17:41:29 - [TEST_STEP][PASSED] - selectOptionByIndex: All options with index in [32] are selected on object 'Object Repository/Store Request Schedule 1/Page_Store/select_--Select--Adernaline 0.'

2018-05-30 17:41:29 - [MESSAGE][PASSED] - All options with index in [32] are selected on object 'Object Repository/Store Request Schedule 1/Page_Store/select_--Select--Adernaline 0.'

2018-05-30 17:41:29 - [TEST_STEP][PASSED] - setText: Text '100' is set on object 'Object Repository/Store Request Schedule 1/Page_Store/input_txttreat'

2018-05-30 17:41:29 - [MESSAGE][PASSED] - Text '100' is set on object 'Object Repository/Store Request Schedule 1/Page_Store/input_txttreat'

2018-05-30 17:41:29 - [TEST_STEP][PASSED] - click: Object: 'Object Repository/Store Request Schedule 1/Page_Store/button_Add' is clicked on

2018-05-30 17:41:29 - [MESSAGE][PASSED] - Object: 'Object Repository/Store Request Schedule 1/Page_Store/button_Add' is clicked on

2018-05-30 17:41:29 - [TEST_STEP][PASSED] - selectOptionByIndex: All options with index in [3] are selected on object 'Object Repository/Store Request Schedule 1/Page_Store/select_--Select--Schedule 1Inj'

2018-05-30 17:41:29 - [MESSAGE][PASSED] - All options with index in [3] are selected on object 'Object Repository/Store Request Schedule 1/Page_Store/select_--Select--Schedule 1Inj'

2018-05-30 17:41:29 - [TEST_STEP][PASSED] - delay: Delayed 1 second(s)

2018-05-30 17:41:30 - [MESSAGE][PASSED] - Delayed 1 second(s)

2018-05-30 17:41:30 - [TEST_STEP][PASSED] - selectOptionByIndex: All options with index in [33] are selected on object 'Object Repository/Store Request Schedule 1/Page_Store/select_--Select--Adernaline 0.'

2018-05-30 17:41:31 - [MESSAGE][PASSED] - All options with index in [33] are selected on object 'Object Repository/Store Request Schedule 1/Page_Store/select_--Select--Adernaline 0.'

2018-05-30 17:41:31 - [TEST_STEP][PASSED] - setText: Text '100' is set on object 'Object Repository/Store Request Schedule 1/Page_Store/input_txttreat'

2018-05-30 17:41:31 - [MESSAGE][PASSED] - Text '100' is set on object 'Object Repository/Store Request Schedule 1/Page_Store/input_txttreat'

2018-05-30 17:41:31 - [TEST_STEP][PASSED] - click: Object: 'Object Repository/Store Request Schedule 1/Page_Store/button_Add' is clicked on

2018-05-30 17:41:31 - [MESSAGE][PASSED] - Object: 'Object Repository/Store Request Schedule 1/Page_Store/button_Add' is clicked on

2018-05-30 17:41:31 - [TEST_STEP][PASSED] - selectOptionByIndex: All options with index in [3] are selected on object 'Object Repository/Store Request Schedule 1/Page_Store/select_--Select--Schedule 1Inj'

2018-05-30 17:41:31 - [MESSAGE][PASSED] - All options with index in [3] are selected on object 'Object Repository/Store Request Schedule 1/Page_Store/select_--Select--Schedule 1Inj'

2018-05-30 17:41:31 - [TEST_STEP][PASSED] - delay: Delayed 1 second(s)

2018-05-30 17:41:32 - [MESSAGE][PASSED] - Delayed 1 second(s)

2018-05-30 17:41:32 - [TEST_STEP][PASSED] - selectOptionByIndex: All options with index in [34] are selected on object 'Object Repository/Store Request Schedule 1/Page_Store/select_--Select--Adernaline 0.'

2018-05-30 17:41:33 - [MESSAGE][PASSED] - All options with index in [34] are selected on object 'Object Repository/Store Request Schedule 1/Page_Store/select_--Select--Adernaline 0.'

2018-05-30 17:41:33 - [TEST_STEP][PASSED] - setText: Text '100' is set on object 'Object Repository/Store Request Schedule 1/Page_Store/input_txttreat'

2018-05-30 17:41:33 - [MESSAGE][PASSED] - Text '100' is set on object 'Object Repository/Store Request Schedule 1/Page_Store/input_txttreat'

2018-05-30 17:41:33 - [TEST_STEP][PASSED] - click: Object: 'Object Repository/Store Request Schedule 1/Page_Store/button_Add' is clicked on

2018-05-30 17:41:33 - [MESSAGE][PASSED] - Object: 'Object Repository/Store Request Schedule 1/Page_Store/button_Add' is clicked on

2018-05-30 17:41:33 - [TEST_STEP][PASSED] - selectOptionByIndex: All options with index in [3] are selected on object 'Object Repository/Store Request Schedule 1/Page_Store/select_--Select--Schedule 1Inj'

2018-05-30 17:41:33 - [MESSAGE][PASSED] - All options with index in [3] are selected on object 'Object Repository/Store Request Schedule 1/Page_Store/select_--Select--Schedule 1Inj'

2018-05-30 17:41:33 - [TEST_STEP][PASSED] - delay: Delayed 1 second(s)

2018-05-30 17:41:34 - [MESSAGE][PASSED] - Delayed 1 second(s)

2018-05-30 17:41:34 - [TEST_STEP][PASSED] - selectOptionByIndex: All options with index in [35] are selected on object 'Object Repository/Store Request Schedule 1/Page_Store/select_--Select--Adernaline 0.'

2018-05-30 17:41:34 - [MESSAGE][PASSED] - All options with index in [35] are selected on object 'Object Repository/Store Request Schedule 1/Page_Store/select_--Select--Adernaline 0.'

2018-05-30 17:41:34 - [TEST_STEP][PASSED] - setText: Text '100' is set on object 'Object Repository/Store Request Schedule 1/Page_Store/input_txttreat'

2018-05-30 17:41:34 - [MESSAGE][PASSED] - Text '100' is set on object 'Object Repository/Store Request Schedule 1/Page_Store/input_txttreat'

2018-05-30 17:41:34 - [TEST_STEP][PASSED] - click: Object: 'Object Repository/Store Request Schedule 1/Page_Store/button_Add' is clicked on

2018-05-30 17:41:34 - [MESSAGE][PASSED] - Object: 'Object Repository/Store Request Schedule 1/Page_Store/button_Add' is clicked on

2018-05-30 17:41:34 - [TEST_STEP][PASSED] - selectOptionByIndex: All options with index in [3] are selected on object 'Object Repository/Store Request Schedule 1/Page_Store/select_--Select--Schedule 1Inj'

2018-05-30 17:41:35 - [MESSAGE][PASSED] - All options with index in [3] are selected on object 'Object Repository/Store Request Schedule 1/Page_Store/select_--Select--Schedule 1Inj'

2018-05-30 17:41:35 - [TEST_STEP][PASSED] - delay: Delayed 1 second(s)

2018-05-30 17:41:36 - [MESSAGE][PASSED] - Delayed 1 second(s)

2018-05-30 17:41:36 - [TEST_STEP][PASSED] - selectOptionByIndex: All options with index in [36] are selected on object 'Object Repository/Store Request Schedule 1/Page_Store/select_--Select--Adernaline 0.'

2018-05-30 17:41:36 - [MESSAGE][PASSED] - All options with index in [36] are selected on object 'Object Repository/Store Request Schedule 1/Page_Store/select_--Select--Adernaline 0.'

2018-05-30 17:41:36 - [TEST_STEP][PASSED] - setText: Text '100' is set on object 'Object Repository/Store Request Schedule 1/Page_Store/input_txttreat'

2018-05-30 17:41:36 - [MESSAGE][PASSED] - Text '100' is set on object 'Object Repository/Store Request Schedule 1/Page_Store/input_txttreat'

2018-05-30 17:41:36 - [TEST_STEP][PASSED] - click: Object: 'Object Repository/Store Request Schedule 1/Page_Store/button_Add' is clicked on

2018-05-30 17:41:36 - [MESSAGE][PASSED] - Object: 'Object Repository/Store Request Schedule 1/Page_Store/button_Add' is clicked on

2018-05-30 17:41:36 - [TEST_STEP][PASSED] - delay: Delayed 2 second(s)

2018-05-30 17:41:38 - [MESSAGE][PASSED] - Delayed 2 second(s)

2018-05-30 17:41:38 - [TEST_STEP][PASSED] - scrollToElement: Scroll to object 'Object Repository/Store Request Schedule 1/Page_Store/input_btnsave' successfully

2018-05-30 17:41:38 - [MESSAGE][PASSED] - Scroll to object 'Object Repository/Store Request Schedule 1/Page_Store/input_btnsave' successfully

2018-05-30 17:41:38 - [TEST_STEP][PASSED] - click: Object: 'Object Repository/Store Request Schedule 1/Page_Store/input_btnsave' is clicked on

2018-05-30 17:41:38 - [MESSAGE][PASSED] - Object: 'Object Repository/Store Request Schedule 1/Page_Store/input_btnsave' is clicked on

2018-05-30 17:41:38 - [TEST_STEP][PASSED] - delay: Delayed 4 second(s)

2018-05-30 17:41:42 - [MESSAGE][PASSED] - Delayed 4 second(s)

2018-05-30 17:41:42 - [TEST_STEP][PASSED] - Statement - Cms_RequestNumber = com.kms.katalon.core.webui.keyword.WebUiBuiltInKeywords.getText(com.kms.katalon.core.testobject.ObjectRepository.findTestObject(Store Request Schedule 1/Page_Store/font_PRNO050520189)): Text of object 'Object Repository/Store Request Schedule 1/Page_Store/font_PRNO050520189' is: 'PRNO/30052018/477'

2018-05-30 17:41:42 - [MESSAGE][PASSED] - Text of object 'Object Repository/Store Request Schedule 1/Page_Store/font_PRNO050520189' is: 'PRNO/30052018/477'

2018-05-30 17:41:42 - [TEST_STEP][PASSED] - Statement - CR = Cms_RequestNumber.trim(): null

2018-05-30 17:41:42 - [TEST_STEP][PASSED] - Statement - out.println("RQ :" + Cms_RequestNumber): null

2018-05-30 17:41:42 - [TEST_STEP][PASSED] - Statement - RequestNumberID = Cms_RequestNumber.split("/")[2].trim(): null

2018-05-30 17:41:42 - [TEST_STEP][PASSED] - Statement - out.println("RQ ID :" + RequestNumberID): null

2018-05-30 17:41:42 - [TEST_STEP][PASSED] - delay: Delayed 3 second(s)

2018-05-30 17:41:45 - [MESSAGE][PASSED] - Delayed 3 second(s)

2018-05-30 17:41:45 - [TEST_STEP][PASSED] - Statement - ok = com.kms.katalon.core.webui.keyword.WebUiBuiltInKeywords.click(com.kms.katalon.core.testobject.ObjectRepository.findTestObject(Store Request Schedule 1/Page_Store/button_OK)): Object: 'Object Repository/Store Request Schedule 1/Page_Store/button_OK' is clicked on

2018-05-30 17:41:50 - [MESSAGE][PASSED] - Object: 'Object Repository/Store Request Schedule 1/Page_Store/button_OK' is clicked on

2018-05-30 17:41:50 - [TEST_STEP][PASSED] - delay: Delayed 3 second(s)

2018-05-30 17:41:53 - [MESSAGE][PASSED] - Delayed 3 second(s)

2018-05-30 17:41:53 - [TEST_STEP][PASSED] - click: Object: 'Object Repository/Store Request Schedule 1/Page_Store/a_dropdown-toggle' is clicked on

2018-05-30 17:41:53 - [MESSAGE][PASSED] - Object: 'Object Repository/Store Request Schedule 1/Page_Store/a_dropdown-toggle' is clicked on

2018-05-30 17:41:53 - [TEST_STEP][PASSED] - click: Object: 'Object Repository/Store Request Schedule 1/Page_Store/a_Sign out' is clicked on

2018-05-30 17:41:54 - [MESSAGE][PASSED] - Object: 'Object Repository/Store Request Schedule 1/Page_Store/a_Sign out' is clicked on

2018-05-30 17:41:54 - [TEST_STEP][PASSED] - delay: Delayed 3 second(s)

2018-05-30 17:41:57 - [MESSAGE][PASSED] - Delayed 3 second(s)

2018-05-30 17:41:57 - [TEST_STEP][PASSED] - click: Object: 'Object Repository/Store Request Schedule 1/Page_KDMC/a_CMO' is clicked on

2018-05-30 17:41:58 - [MESSAGE][PASSED] - Object: 'Object Repository/Store Request Schedule 1/Page_KDMC/a_CMO' is clicked on

2018-05-30 17:41:58 - [TEST_STEP][PASSED] - setText: Text 'guru' is set on object 'Object Repository/Store Request Schedule 1/Page_CMO login/input_txtusername'

2018-05-30 17:41:58 - [MESSAGE][PASSED] - Text 'guru' is set on object 'Object Repository/Store Request Schedule 1/Page_CMO login/input_txtusername'

2018-05-30 17:41:58 - [TEST_STEP][PASSED] - setText: Text '123' is set on object 'Object Repository/Store Request Schedule 1/Page_CMO login/input_txtpassword'

2018-05-30 17:41:59 - [MESSAGE][PASSED] - Text '123' is set on object 'Object Repository/Store Request Schedule 1/Page_CMO login/input_txtpassword'

2018-05-30 17:41:59 - [TEST_STEP][PASSED] - delay: Delayed 3 second(s)

2018-05-30 17:42:02 - [MESSAGE][PASSED] - Delayed 3 second(s)

2018-05-30 17:42:02 - [TEST_STEP][PASSED] - click: Object: 'Object Repository/Store Request Schedule 1/Page_CMO login/button_Sign in' is clicked on

2018-05-30 17:42:03 - [MESSAGE][PASSED] - Object: 'Object Repository/Store Request Schedule 1/Page_CMO login/button_Sign in' is clicked on

2018-05-30 17:42:03 - [TEST_STEP][PASSED] - delay: Delayed 2 second(s)

2018-05-30 17:42:05 - [MESSAGE][PASSED] - Delayed 2 second(s)

2018-05-30 17:42:05 - [TEST_STEP][PASSED] - click: Object: 'Object Repository/Store Request Schedule 1/Page_KDMC - CMO/span_Department Wise Request' is clicked on

2018-05-30 17:42:06 - [MESSAGE][PASSED] - Object: 'Object Repository/Store Request Schedule 1/Page_KDMC - CMO/span_Department Wise Request' is clicked on

2018-05-30 17:42:06 - [TEST_STEP][PASSED] - click: Object: 'Object Repository/Store Request Schedule 1/Page_KDMC - CMO/a_CMS Request' is clicked on

2018-05-30 17:42:06 - [MESSAGE][PASSED] - Object: 'Object Repository/Store Request Schedule 1/Page_KDMC - CMO/a_CMS Request' is clicked on

2018-05-30 17:42:06 - [TEST_STEP][PASSED] - click: Object: 'Object Repository/Store Request Schedule 1/Page_KDMC - CMO/a_CMS Request' is clicked on

2018-05-30 17:42:06 - [MESSAGE][PASSED] - Object: 'Object Repository/Store Request Schedule 1/Page_KDMC - CMO/a_CMS Request' is clicked on

2018-05-30 17:42:06 - [TEST_STEP][PASSED] - click: Object: 'Object Repository/Store Request Schedule 1/Page_KDMC - CMO/span_Divisional Store Request' is clicked on

2018-05-30 17:42:09 - [MESSAGE][PASSED] - Object: 'Object Repository/Store Request Schedule 1/Page_KDMC - CMO/span_Divisional Store Request' is clicked on

2018-05-30 17:42:09 - [TEST_STEP][PASSED] - delay: Delayed 2 second(s)

2018-05-30 17:42:11 - [MESSAGE][PASSED] - Delayed 2 second(s)

2018-05-30 17:42:11 - [TEST_STEP][PASSED] - Statement - approval = com.kms.katalon.core.webui.keyword.WebUiBuiltInKeywords.modifyObjectProperty(com.kms.katalon.core.testobject.ObjectRepository.findTestObject(Store Request Schedule 1/Page_KDMC - CMO/input_PRNO050520189), "xpath", "equals", "//*[@id=" + RequestNumberID + "]", true): Modify property of object successfully

2018-05-30 17:42:11 - [MESSAGE][PASSED] - Modify property of object successfully

2018-05-30 17:42:11 - [TEST_STEP][PASSED] - click: Object: 'Object Repository/Store Request Schedule 1/Page_KDMC - CMO/input_PRNO050520189' is clicked on

2018-05-30 17:42:11 - [MESSAGE][PASSED] - Object: 'Object Repository/Store Request Schedule 1/Page_KDMC - CMO/input_PRNO050520189' is clicked on

2018-05-30 17:42:11 - [TEST_STEP][PASSED] - delay: Delayed 2 second(s)

2018-05-30 17:42:13 - [MESSAGE][PASSED] - Delayed 2 second(s)

2018-05-30 17:42:13 - [TEST_STEP][PASSED] - selectOptionByIndex: All options with index in [1] are selected on object 'Object Repository/Store Request Schedule 1/Page_KDMC - CMO/select_--Select--'

2018-05-30 17:42:13 - [MESSAGE][PASSED] - All options with index in [1] are selected on object 'Object Repository/Store Request Schedule 1/Page_KDMC - CMO/select_--Select--'

2018-05-30 17:42:13 - [TEST_STEP][PASSED] - click: Object: 'Object Repository/Store Request Schedule 1/Page_KDMC - CMO/input_btnupdate' is clicked on

2018-05-30 17:42:13 - [MESSAGE][PASSED] - Object: 'Object Repository/Store Request Schedule 1/Page_KDMC - CMO/input_btnupdate' is clicked on

2018-05-30 17:42:13 - [TEST_STEP][PASSED] - delay: Delayed 2 second(s)

2018-05-30 17:42:15 - [MESSAGE][PASSED] - Delayed 2 second(s)

2018-05-30 17:42:15 - [TEST_STEP][PASSED] - click: Object: 'Object Repository/Store Request Schedule 1/Page_KDMC - CMO/button_OK' is clicked on

2018-05-30 17:42:16 - [MESSAGE][PASSED] - Object: 'Object Repository/Store Request Schedule 1/Page_KDMC - CMO/button_OK' is clicked on

2018-05-30 17:42:16 - [TEST_STEP][PASSED] - delay: Delayed 2 second(s)

2018-05-30 17:42:18 - [MESSAGE][PASSED] - Delayed 2 second(s)

2018-05-30 17:42:18 - [TEST_STEP][PASSED] - click: Object: 'Object Repository/Store Request Schedule 1/Page_KDMC - CMO/a_dropdown-toggle' is clicked on

2018-05-30 17:42:18 - [MESSAGE][PASSED] - Object: 'Object Repository/Store Request Schedule 1/Page_KDMC - CMO/a_dropdown-toggle' is clicked on

2018-05-30 17:42:18 - [TEST_STEP][PASSED] - click: Object: 'Object Repository/Store Request Schedule 1/Page_KDMC - CMO/a_Sign out' is clicked on

2018-05-30 17:42:18 - [MESSAGE][PASSED] - Object: 'Object Repository/Store Request Schedule 1/Page_KDMC - CMO/a_Sign out' is clicked on

2018-05-30 17:42:18 - [TEST_STEP][PASSED] - delay: Delayed 3 second(s)

2018-05-30 17:42:21 - [MESSAGE][PASSED] - Delayed 3 second(s)

2018-05-30 17:42:21 - [TEST_STEP][PASSED] - click: Object: 'Object Repository/store Request Schedule 1/Page_KDMC/a_CMS' is clicked on

2018-05-30 17:42:22 - [MESSAGE][PASSED] - Object: 'Object Repository/store Request Schedule 1/Page_KDMC/a_CMS' is clicked on

2018-05-30 17:42:22 - [TEST_STEP][PASSED] - setText: Text 'bala' is set on object 'Object Repository/store Request Schedule 1/Page_CMS login/input_txtusername'

2018-05-30 17:42:22 - [MESSAGE][PASSED] - Text 'bala' is set on object 'Object Repository/store Request Schedule 1/Page_CMS login/input_txtusername'

2018-05-30 17:42:22 - [TEST_STEP][PASSED] - setText: Text '123' is set on object 'Object Repository/store Request Schedule 1/Page_CMS login/input_txtpassword'

2018-05-30 17:42:22 - [MESSAGE][PASSED] - Text '123' is set on object 'Object Repository/store Request Schedule 1/Page_CMS login/input_txtpassword'

2018-05-30 17:42:22 - [TEST_STEP][PASSED] - delay: Delayed 3 second(s)

2018-05-30 17:42:25 - [MESSAGE][PASSED] - Delayed 3 second(s)

2018-05-30 17:42:25 - [TEST_STEP][PASSED] - click: Object: 'Object Repository/store Request Schedule 1/Page_CMS login/button_Sign in' is clicked on

2018-05-30 17:42:26 - [MESSAGE][PASSED] - Object: 'Object Repository/store Request Schedule 1/Page_CMS login/button_Sign in' is clicked on

2018-05-30 17:42:26 - [TEST_STEP][PASSED] - delay: Delayed 2 second(s)

2018-05-30 17:42:28 - [MESSAGE][PASSED] - Delayed 2 second(s)

2018-05-30 17:42:28 - [TEST_STEP][PASSED] - click: Object: 'Object Repository/store Request Schedule 1/Page_KDMC - CMS/a_Divisional Store' is clicked on

2018-05-30 17:42:28 - [MESSAGE][PASSED] - Object: 'Object Repository/store Request Schedule 1/Page_KDMC - CMS/a_Divisional Store' is clicked on

2018-05-30 17:42:28 - [TEST_STEP][PASSED] - delay: Delayed 2 second(s)

2018-05-30 17:42:30 - [MESSAGE][PASSED] - Delayed 2 second(s)

2018-05-30 17:42:30 - [TEST_STEP][PASSED] - click: Object: 'Object Repository/store Request Schedule 1/Page_KDMC - CMS/a_Dispatch Items' is clicked on

2018-05-30 17:42:31 - [MESSAGE][PASSED] - Object: 'Object Repository/store Request Schedule 1/Page_KDMC - CMS/a_Dispatch Items' is clicked on

2018-05-30 17:42:31 - [TEST_STEP][PASSED] - setText: Text 'PRNO/30052018/477' is set on object 'Object Repository/store Request Schedule 1/Page_KDMC - CMS/input'

2018-05-30 17:42:31 - [MESSAGE][PASSED] - Text 'PRNO/30052018/477' is set on object 'Object Repository/store Request Schedule 1/Page_KDMC - CMS/input'

2018-05-30 17:42:31 - [TEST_STEP][PASSED] - click: Object: 'Object Repository/store Request Schedule 1/Page_KDMC - CMS/td_text-center' is clicked on

2018-05-30 17:42:32 - [MESSAGE][PASSED] - Object: 'Object Repository/store Request Schedule 1/Page_KDMC - CMS/td_text-center' is clicked on

2018-05-30 17:42:32 - [TEST_STEP][PASSED] - delay: Delayed 2 second(s)

2018-05-30 17:42:34 - [MESSAGE][PASSED] - Delayed 2 second(s)

2018-05-30 17:42:34 - [TEST_STEP][PASSED] - Statement - For ([row = 0, row < SelectedOptions - 1, (row++)]): null

2018-05-30 17:42:34 - [TEST_STEP][PASSED] - Statement - batchlength = new com.kms.katalon.core.testobject.TestObject(): null

2018-05-30 17:42:34 - [TEST_STEP][PASSED] - Statement - batchlength = com.kms.katalon.core.webui.keyword.WebUiBuiltInKeywords.modifyObjectProperty(batchlength, "xpath", "equals", "//*[@id = "fldvendor" + row + ""]", true): Modify property of object successfully

2018-05-30 17:42:34 - [MESSAGE][PASSED] - Modify property of object successfully

2018-05-30 17:42:34 - [TEST_STEP][PASSED] - Statement - batchsize = com.kms.katalon.core.webui.keyword.WebUiBuiltInKeywords.getNumberOfTotalOption(batchlength): 9 options of object '' counted

2018-05-30 17:42:34 - [MESSAGE][PASSED] - 9 options of object '' counted

2018-05-30 17:42:34 - [TEST_STEP][PASSED] - Statement - out.println("BatchSize : " + batchsize): null

2018-05-30 17:42:34 - [TEST_STEP][PASSED] - Statement - For ([n = 1, n <= batchsize - 1, (n++)]): null

2018-05-30 17:42:34 - [TEST_STEP][PASSED] - Statement - product = new com.kms.katalon.core.testobject.TestObject(): null

2018-05-30 17:42:34 - [TEST_STEP][PASSED] - Statement - product = com.kms.katalon.core.webui.keyword.WebUiBuiltInKeywords.modifyObjectProperty(product, "xpath", "equals", "//*[@id = "fldvendor" + row + ""]", true): Modify property of object successfully

2018-05-30 17:42:34 - [MESSAGE][PASSED] - Modify property of object successfully

2018-05-30 17:42:34 - [TEST_STEP][PASSED] - selectOptionByIndex: All options with index in [1] are selected on object ''

2018-05-30 17:42:34 - [MESSAGE][PASSED] - All options with index in [1] are selected on object ''

2018-05-30 17:42:34 - [TEST_STEP][PASSED] - delay: Delayed 2 second(s)

2018-05-30 17:42:36 - [MESSAGE][PASSED] - Delayed 2 second(s)

2018-05-30 17:42:36 - [TEST_STEP][PASSED] - Statement - batch = new com.kms.katalon.core.testobject.TestObject(): null

2018-05-30 17:42:36 - [TEST_STEP][PASSED] - Statement - batch = com.kms.katalon.core.webui.keyword.WebUiBuiltInKeywords.modifyObjectProperty(batch, "xpath", "equals", "//*[@id = "txtbthqty" + row + ""]", true): Modify property of object successfully

2018-05-30 17:42:36 - [MESSAGE][PASSED] - Modify property of object successfully

2018-05-30 17:42:36 - [TEST_STEP][PASSED] - Statement - batchqty = com.kms.katalon.core.webui.keyword.WebUiBuiltInKeywords.getAttribute(batch, "value").trim(): Attribute 'value' of object '' is: '4800'

2018-05-30 17:42:36 - [MESSAGE][PASSED] - Attribute 'value' of object '' is: '4800'

2018-05-30 17:42:36 - [TEST_STEP][PASSED] - Statement - Rqty = 100: null

2018-05-30 17:42:36 - [TEST_STEP][PASSED] - Statement - out.println("BatchQty : " + batchqty): null

2018-05-30 17:42:36 - [TEST_STEP][PASSED] - Statement - out.println("RQty : " + Rqty): null

2018-05-30 17:42:36 - [TEST_STEP][PASSED] - Statement - If (java.lang.Integer.valueOf(batchqty) >= java.lang.Integer.valueOf(Rqty)): null

2018-05-30 17:42:36 - [TEST_STEP][PASSED] - Statement - Break: null

2018-05-30 17:42:36 - [TEST_STEP][PASSED] - Statement - batchlength = new com.kms.katalon.core.testobject.TestObject(): null

2018-05-30 17:42:36 - [TEST_STEP][PASSED] - Statement - batchlength = com.kms.katalon.core.webui.keyword.WebUiBuiltInKeywords.modifyObjectProperty(batchlength, "xpath", "equals", "//*[@id = "fldvendor" + row + ""]", true): Modify property of object successfully

2018-05-30 17:42:36 - [MESSAGE][PASSED] - Modify property of object successfully

2018-05-30 17:42:36 - [TEST_STEP][PASSED] - Statement - batchsize = com.kms.katalon.core.webui.keyword.WebUiBuiltInKeywords.getNumberOfTotalOption(batchlength): 9 options of object '' counted

2018-05-30 17:42:36 - [MESSAGE][PASSED] - 9 options of object '' counted

2018-05-30 17:42:36 - [TEST_STEP][PASSED] - Statement - out.println("BatchSize : " + batchsize): null

2018-05-30 17:42:36 - [TEST_STEP][PASSED] - Statement - For ([n = 1, n <= batchsize - 1, (n++)]): null

2018-05-30 17:42:36 - [TEST_STEP][PASSED] - Statement - product = new com.kms.katalon.core.testobject.TestObject(): null

2018-05-30 17:42:36 - [TEST_STEP][PASSED] - Statement - product = com.kms.katalon.core.webui.keyword.WebUiBuiltInKeywords.modifyObjectProperty(product, "xpath", "equals", "//*[@id = "fldvendor" + row + ""]", true): Modify property of object successfully

2018-05-30 17:42:36 - [MESSAGE][PASSED] - Modify property of object successfully

2018-05-30 17:42:36 - [TEST_STEP][PASSED] - selectOptionByIndex: All options with index in [1] are selected on object ''

2018-05-30 17:42:36 - [MESSAGE][PASSED] - All options with index in [1] are selected on object ''

2018-05-30 17:42:36 - [TEST_STEP][PASSED] - delay: Delayed 2 second(s)

2018-05-30 17:42:38 - [MESSAGE][PASSED] - Delayed 2 second(s)

2018-05-30 17:42:38 - [TEST_STEP][PASSED] - Statement - batch = new com.kms.katalon.core.testobject.TestObject(): null

2018-05-30 17:42:38 - [TEST_STEP][PASSED] - Statement - batch = com.kms.katalon.core.webui.keyword.WebUiBuiltInKeywords.modifyObjectProperty(batch, "xpath", "equals", "//*[@id = "txtbthqty" + row + ""]", true): Modify property of object successfully

2018-05-30 17:42:38 - [MESSAGE][PASSED] - Modify property of object successfully

2018-05-30 17:42:38 - [TEST_STEP][PASSED] - Statement - batchqty = com.kms.katalon.core.webui.keyword.WebUiBuiltInKeywords.getAttribute(batch, "value").trim(): Attribute 'value' of object '' is: '5000'

2018-05-30 17:42:38 - [MESSAGE][PASSED] - Attribute 'value' of object '' is: '5000'

2018-05-30 17:42:38 - [TEST_STEP][PASSED] - Statement - Rqty = 100: null

2018-05-30 17:42:38 - [TEST_STEP][PASSED] - Statement - out.println("BatchQty : " + batchqty): null

2018-05-30 17:42:38 - [TEST_STEP][PASSED] - Statement - out.println("RQty : " + Rqty): null

2018-05-30 17:42:38 - [TEST_STEP][PASSED] - Statement - If (java.lang.Integer.valueOf(batchqty) >= java.lang.Integer.valueOf(Rqty)): null

2018-05-30 17:42:38 - [TEST_STEP][PASSED] - Statement - Break: null

2018-05-30 17:42:38 - [TEST_STEP][PASSED] - Statement - batchlength = new com.kms.katalon.core.testobject.TestObject(): null

2018-05-30 17:42:38 - [TEST_STEP][PASSED] - Statement - batchlength = com.kms.katalon.core.webui.keyword.WebUiBuiltInKeywords.modifyObjectProperty(batchlength, "xpath", "equals", "//*[@id = "fldvendor" + row + ""]", true): Modify property of object successfully

2018-05-30 17:42:38 - [MESSAGE][PASSED] - Modify property of object successfully

2018-05-30 17:42:38 - [TEST_STEP][PASSED] - Statement - batchsize = com.kms.katalon.core.webui.keyword.WebUiBuiltInKeywords.getNumberOfTotalOption(batchlength): 9 options of object '' counted

2018-05-30 17:42:38 - [MESSAGE][PASSED] - 9 options of object '' counted

2018-05-30 17:42:38 - [TEST_STEP][PASSED] - Statement - out.println("BatchSize : " + batchsize): null

2018-05-30 17:42:38 - [TEST_STEP][PASSED] - Statement - For ([n = 1, n <= batchsize - 1, (n++)]): null

2018-05-30 17:42:38 - [TEST_STEP][PASSED] - Statement - product = new com.kms.katalon.core.testobject.TestObject(): null

2018-05-30 17:42:38 - [TEST_STEP][PASSED] - Statement - product = com.kms.katalon.core.webui.keyword.WebUiBuiltInKeywords.modifyObjectProperty(product, "xpath", "equals", "//*[@id = "fldvendor" + row + ""]", true): Modify property of object successfully

2018-05-30 17:42:38 - [MESSAGE][PASSED] - Modify property of object successfully

2018-05-30 17:42:38 - [TEST_STEP][PASSED] - selectOptionByIndex: All options with index in [1] are selected on object ''

2018-05-30 17:42:38 - [MESSAGE][PASSED] - All options with index in [1] are selected on object ''

2018-05-30 17:42:38 - [TEST_STEP][PASSED] - delay: Delayed 2 second(s)

2018-05-30 17:42:40 - [MESSAGE][PASSED] - Delayed 2 second(s)

2018-05-30 17:42:40 - [TEST_STEP][PASSED] - Statement - batch = new com.kms.katalon.core.testobject.TestObject(): null

2018-05-30 17:42:40 - [TEST_STEP][PASSED] - Statement - batch = com.kms.katalon.core.webui.keyword.WebUiBuiltInKeywords.modifyObjectProperty(batch, "xpath", "equals", "//*[@id = "txtbthqty" + row + ""]", true): Modify property of object successfully

2018-05-30 17:42:40 - [MESSAGE][PASSED] - Modify property of object successfully

2018-05-30 17:42:40 - [TEST_STEP][PASSED] - Statement - batchqty = com.kms.katalon.core.webui.keyword.WebUiBuiltInKeywords.getAttribute(batch, "value").trim(): Attribute 'value' of object '' is: '35800'

2018-05-30 17:42:40 - [MESSAGE][PASSED] - Attribute 'value' of object '' is: '35800'

2018-05-30 17:42:40 - [TEST_STEP][PASSED] - Statement - Rqty = 100: null

2018-05-30 17:42:40 - [TEST_STEP][PASSED] - Statement - out.println("BatchQty : " + batchqty): null

2018-05-30 17:42:40 - [TEST_STEP][PASSED] - Statement - out.println("RQty : " + Rqty): null

2018-05-30 17:42:40 - [TEST_STEP][PASSED] - Statement - If (java.lang.Integer.valueOf(batchqty) >= java.lang.Integer.valueOf(Rqty)): null

2018-05-30 17:42:40 - [TEST_STEP][PASSED] - Statement - Break: null

2018-05-30 17:42:40 - [TEST_STEP][PASSED] - Statement - batchlength = new com.kms.katalon.core.testobject.TestObject(): null

2018-05-30 17:42:40 - [TEST_STEP][PASSED] - Statement - batchlength = com.kms.katalon.core.webui.keyword.WebUiBuiltInKeywords.modifyObjectProperty(batchlength, "xpath", "equals", "//*[@id = "fldvendor" + row + ""]", true): Modify property of object successfully

2018-05-30 17:42:40 - [MESSAGE][PASSED] - Modify property of object successfully

2018-05-30 17:42:40 - [TEST_STEP][PASSED] - Statement - batchsize = com.kms.katalon.core.webui.keyword.WebUiBuiltInKeywords.getNumberOfTotalOption(batchlength): 9 options of object '' counted

2018-05-30 17:42:40 - [MESSAGE][PASSED] - 9 options of object '' counted

2018-05-30 17:42:40 - [TEST_STEP][PASSED] - Statement - out.println("BatchSize : " + batchsize): null

2018-05-30 17:42:40 - [TEST_STEP][PASSED] - Statement - For ([n = 1, n <= batchsize - 1, (n++)]): null

2018-05-30 17:42:40 - [TEST_STEP][PASSED] - Statement - product = new com.kms.katalon.core.testobject.TestObject(): null

2018-05-30 17:42:40 - [TEST_STEP][PASSED] - Statement - product = com.kms.katalon.core.webui.keyword.WebUiBuiltInKeywords.modifyObjectProperty(product, "xpath", "equals", "//*[@id = "fldvendor" + row + ""]", true): Modify property of object successfully

2018-05-30 17:42:40 - [MESSAGE][PASSED] - Modify property of object successfully

2018-05-30 17:42:40 - [TEST_STEP][PASSED] - selectOptionByIndex: All options with index in [1] are selected on object ''

2018-05-30 17:42:40 - [MESSAGE][PASSED] - All options with index in [1] are selected on object ''

2018-05-30 17:42:40 - [TEST_STEP][PASSED] - delay: Delayed 2 second(s)

2018-05-30 17:42:42 - [MESSAGE][PASSED] - Delayed 2 second(s)

2018-05-30 17:42:42 - [TEST_STEP][PASSED] - Statement - batch = new com.kms.katalon.core.testobject.TestObject(): null

2018-05-30 17:42:42 - [TEST_STEP][PASSED] - Statement - batch = com.kms.katalon.core.webui.keyword.WebUiBuiltInKeywords.modifyObjectProperty(batch, "xpath", "equals", "//*[@id = "txtbthqty" + row + ""]", true): Modify property of object successfully

2018-05-30 17:42:42 - [MESSAGE][PASSED] - Modify property of object successfully

2018-05-30 17:42:42 - [TEST_STEP][PASSED] - Statement - batchqty = com.kms.katalon.core.webui.keyword.WebUiBuiltInKeywords.getAttribute(batch, "value").trim(): Attribute 'value' of object '' is: '5000'

2018-05-30 17:42:42 - [MESSAGE][PASSED] - Attribute 'value' of object '' is: '5000'

2018-05-30 17:42:42 - [TEST_STEP][PASSED] - Statement - Rqty = 100: null

2018-05-30 17:42:42 - [TEST_STEP][PASSED] - Statement - out.println("BatchQty : " + batchqty): null

2018-05-30 17:42:42 - [TEST_STEP][PASSED] - Statement - out.println("RQty : " + Rqty): null

2018-05-30 17:42:42 - [TEST_STEP][PASSED] - Statement - If (java.lang.Integer.valueOf(batchqty) >= java.lang.Integer.valueOf(Rqty)): null

2018-05-30 17:42:42 - [TEST_STEP][PASSED] - Statement - Break: null

2018-05-30 17:42:42 - [TEST_STEP][PASSED] - Statement - batchlength = new com.kms.katalon.core.testobject.TestObject(): null

2018-05-30 17:42:42 - [TEST_STEP][PASSED] - Statement - batchlength = com.kms.katalon.core.webui.keyword.WebUiBuiltInKeywords.modifyObjectProperty(batchlength, "xpath", "equals", "//*[@id = "fldvendor" + row + ""]", true): Modify property of object successfully

2018-05-30 17:42:42 - [MESSAGE][PASSED] - Modify property of object successfully

2018-05-30 17:42:42 - [TEST_STEP][PASSED] - Statement - batchsize = com.kms.katalon.core.webui.keyword.WebUiBuiltInKeywords.getNumberOfTotalOption(batchlength): 9 options of object '' counted

2018-05-30 17:42:43 - [MESSAGE][PASSED] - 9 options of object '' counted

2018-05-30 17:42:43 - [TEST_STEP][PASSED] - Statement - out.println("BatchSize : " + batchsize): null

2018-05-30 17:42:43 - [TEST_STEP][PASSED] - Statement - For ([n = 1, n <= batchsize - 1, (n++)]): null

2018-05-30 17:42:43 - [TEST_STEP][PASSED] - Statement - product = new com.kms.katalon.core.testobject.TestObject(): null

2018-05-30 17:42:43 - [TEST_STEP][PASSED] - Statement - product = com.kms.katalon.core.webui.keyword.WebUiBuiltInKeywords.modifyObjectProperty(product, "xpath", "equals", "//*[@id = "fldvendor" + row + ""]", true): Modify property of object successfully

2018-05-30 17:42:43 - [MESSAGE][PASSED] - Modify property of object successfully

2018-05-30 17:42:43 - [TEST_STEP][PASSED] - selectOptionByIndex: All options with index in [1] are selected on object ''

2018-05-30 17:42:43 - [MESSAGE][PASSED] - All options with index in [1] are selected on object ''

2018-05-30 17:42:43 - [TEST_STEP][PASSED] - delay: Delayed 2 second(s)

2018-05-30 17:42:45 - [MESSAGE][PASSED] - Delayed 2 second(s)

2018-05-30 17:42:45 - [TEST_STEP][PASSED] - Statement - batch = new com.kms.katalon.core.testobject.TestObject(): null

2018-05-30 17:42:45 - [TEST_STEP][PASSED] - Statement - batch = com.kms.katalon.core.webui.keyword.WebUiBuiltInKeywords.modifyObjectProperty(batch, "xpath", "equals", "//*[@id = "txtbthqty" + row + ""]", true): Modify property of object successfully

2018-05-30 17:42:45 - [MESSAGE][PASSED] - Modify property of object successfully

2018-05-30 17:42:45 - [TEST_STEP][PASSED] - Statement - batchqty = com.kms.katalon.core.webui.keyword.WebUiBuiltInKeywords.getAttribute(batch, "value").trim(): Attribute 'value' of object '' is: '37800'

2018-05-30 17:42:45 - [MESSAGE][PASSED] - Attribute 'value' of object '' is: '37800'

2018-05-30 17:42:45 - [TEST_STEP][PASSED] - Statement - Rqty = 100: null

2018-05-30 17:42:45 - [TEST_STEP][PASSED] - Statement - out.println("BatchQty : " + batchqty): null

2018-05-30 17:42:45 - [TEST_STEP][PASSED] - Statement - out.println("RQty : " + Rqty): null

2018-05-30 17:42:45 - [TEST_STEP][PASSED] - Statement - If (java.lang.Integer.valueOf(batchqty) >= java.lang.Integer.valueOf(Rqty)): null

2018-05-30 17:42:45 - [TEST_STEP][PASSED] - Statement - Break: null

2018-05-30 17:42:45 - [TEST_STEP][PASSED] - Statement - batchlength = new com.kms.katalon.core.testobject.TestObject(): null

2018-05-30 17:42:45 - [TEST_STEP][PASSED] - Statement - batchlength = com.kms.katalon.core.webui.keyword.WebUiBuiltInKeywords.modifyObjectProperty(batchlength, "xpath", "equals", "//*[@id = "fldvendor" + row + ""]", true): Modify property of object successfully

2018-05-30 17:42:45 - [MESSAGE][PASSED] - Modify property of object successfully

2018-05-30 17:42:45 - [TEST_STEP][PASSED] - Statement - batchsize = com.kms.katalon.core.webui.keyword.WebUiBuiltInKeywords.getNumberOfTotalOption(batchlength): 9 options of object '' counted

2018-05-30 17:42:45 - [MESSAGE][PASSED] - 9 options of object '' counted

2018-05-30 17:42:45 - [TEST_STEP][PASSED] - Statement - out.println("BatchSize : " + batchsize): null

2018-05-30 17:42:45 - [TEST_STEP][PASSED] - Statement - For ([n = 1, n <= batchsize - 1, (n++)]): null

2018-05-30 17:42:45 - [TEST_STEP][PASSED] - Statement - product = new com.kms.katalon.core.testobject.TestObject(): null

2018-05-30 17:42:45 - [TEST_STEP][PASSED] - Statement - product = com.kms.katalon.core.webui.keyword.WebUiBuiltInKeywords.modifyObjectProperty(product, "xpath", "equals", "//*[@id = "fldvendor" + row + ""]", true): Modify property of object successfully

2018-05-30 17:42:45 - [MESSAGE][PASSED] - Modify property of object successfully

2018-05-30 17:42:45 - [TEST_STEP][PASSED] - selectOptionByIndex: All options with index in [1] are selected on object ''

2018-05-30 17:42:45 - [MESSAGE][PASSED] - All options with index in [1] are selected on object ''

2018-05-30 17:42:45 - [TEST_STEP][PASSED] - delay: Delayed 2 second(s)

2018-05-30 17:42:47 - [MESSAGE][PASSED] - Delayed 2 second(s)

2018-05-30 17:42:47 - [TEST_STEP][PASSED] - Statement - batch = new com.kms.katalon.core.testobject.TestObject(): null

2018-05-30 17:42:47 - [TEST_STEP][PASSED] - Statement - batch = com.kms.katalon.core.webui.keyword.WebUiBuiltInKeywords.modifyObjectProperty(batch, "xpath", "equals", "//*[@id = "txtbthqty" + row + ""]", true): Modify property of object successfully

2018-05-30 17:42:47 - [MESSAGE][PASSED] - Modify property of object successfully

2018-05-30 17:42:47 - [TEST_STEP][PASSED] - Statement - batchqty = com.kms.katalon.core.webui.keyword.WebUiBuiltInKeywords.getAttribute(batch, "value").trim(): Attribute 'value' of object '' is: '3900'

2018-05-30 17:42:47 - [MESSAGE][PASSED] - Attribute 'value' of object '' is: '3900'

2018-05-30 17:42:47 - [TEST_STEP][PASSED] - Statement - Rqty = 100: null

2018-05-30 17:42:47 - [TEST_STEP][PASSED] - Statement - out.println("BatchQty : " + batchqty): null

2018-05-30 17:42:47 - [TEST_STEP][PASSED] - Statement - out.println("RQty : " + Rqty): null

2018-05-30 17:42:47 - [TEST_STEP][PASSED] - Statement - If (java.lang.Integer.valueOf(batchqty) >= java.lang.Integer.valueOf(Rqty)): null

2018-05-30 17:42:47 - [TEST_STEP][PASSED] - Statement - Break: null

2018-05-30 17:42:47 - [TEST_STEP][PASSED] - Statement - batchlength = new com.kms.katalon.core.testobject.TestObject(): null

2018-05-30 17:42:47 - [TEST_STEP][PASSED] - Statement - batchlength = com.kms.katalon.core.webui.keyword.WebUiBuiltInKeywords.modifyObjectProperty(batchlength, "xpath", "equals", "//*[@id = "fldvendor" + row + ""]", true): Modify property of object successfully

2018-05-30 17:42:47 - [MESSAGE][PASSED] - Modify property of object successfully

2018-05-30 17:42:47 - [TEST_STEP][PASSED] - Statement - batchsize = com.kms.katalon.core.webui.keyword.WebUiBuiltInKeywords.getNumberOfTotalOption(batchlength): 9 options of object '' counted

2018-05-30 17:42:47 - [MESSAGE][PASSED] - 9 options of object '' counted

2018-05-30 17:42:47 - [TEST_STEP][PASSED] - Statement - out.println("BatchSize : " + batchsize): null

2018-05-30 17:42:47 - [TEST_STEP][PASSED] - Statement - For ([n = 1, n <= batchsize - 1, (n++)]): null

2018-05-30 17:42:47 - [TEST_STEP][PASSED] - Statement - product = new com.kms.katalon.core.testobject.TestObject(): null

2018-05-30 17:42:47 - [TEST_STEP][PASSED] - Statement - product = com.kms.katalon.core.webui.keyword.WebUiBuiltInKeywords.modifyObjectProperty(product, "xpath", "equals", "//*[@id = "fldvendor" + row + ""]", true): Modify property of object successfully

2018-05-30 17:42:47 - [MESSAGE][PASSED] - Modify property of object successfully

2018-05-30 17:42:47 - [TEST_STEP][PASSED] - selectOptionByIndex: All options with index in [1] are selected on object ''

2018-05-30 17:42:47 - [MESSAGE][PASSED] - All options with index in [1] are selected on object ''

2018-05-30 17:42:47 - [TEST_STEP][PASSED] - delay: Delayed 2 second(s)

2018-05-30 17:42:49 - [MESSAGE][PASSED] - Delayed 2 second(s)

2018-05-30 17:42:49 - [TEST_STEP][PASSED] - Statement - batch = new com.kms.katalon.core.testobject.TestObject(): null

2018-05-30 17:42:49 - [TEST_STEP][PASSED] - Statement - batch = com.kms.katalon.core.webui.keyword.WebUiBuiltInKeywords.modifyObjectProperty(batch, "xpath", "equals", "//*[@id = "txtbthqty" + row + ""]", true): Modify property of object successfully

2018-05-30 17:42:49 - [MESSAGE][PASSED] - Modify property of object successfully

2018-05-30 17:42:49 - [TEST_STEP][PASSED] - Statement - batchqty = com.kms.katalon.core.webui.keyword.WebUiBuiltInKeywords.getAttribute(batch, "value").trim(): Attribute 'value' of object '' is: '2900'

2018-05-30 17:42:49 - [MESSAGE][PASSED] - Attribute 'value' of object '' is: '2900'

2018-05-30 17:42:49 - [TEST_STEP][PASSED] - Statement - Rqty = 100: null

2018-05-30 17:42:49 - [TEST_STEP][PASSED] - Statement - out.println("BatchQty : " + batchqty): null

2018-05-30 17:42:49 - [TEST_STEP][PASSED] - Statement - out.println("RQty : " + Rqty): null

2018-05-30 17:42:49 - [TEST_STEP][PASSED] - Statement - If (java.lang.Integer.valueOf(batchqty) >= java.lang.Integer.valueOf(Rqty)): null

2018-05-30 17:42:49 - [TEST_STEP][PASSED] - Statement - Break: null

2018-05-30 17:42:49 - [TEST_STEP][PASSED] - Statement - batchlength = new com.kms.katalon.core.testobject.TestObject(): null

2018-05-30 17:42:49 - [TEST_STEP][PASSED] - Statement - batchlength = com.kms.katalon.core.webui.keyword.WebUiBuiltInKeywords.modifyObjectProperty(batchlength, "xpath", "equals", "//*[@id = "fldvendor" + row + ""]", true): Modify property of object successfully

2018-05-30 17:42:49 - [MESSAGE][PASSED] - Modify property of object successfully

2018-05-30 17:42:49 - [TEST_STEP][PASSED] - Statement - batchsize = com.kms.katalon.core.webui.keyword.WebUiBuiltInKeywords.getNumberOfTotalOption(batchlength): 9 options of object '' counted

2018-05-30 17:42:49 - [MESSAGE][PASSED] - 9 options of object '' counted

2018-05-30 17:42:49 - [TEST_STEP][PASSED] - Statement - out.println("BatchSize : " + batchsize): null

2018-05-30 17:42:49 - [TEST_STEP][PASSED] - Statement - For ([n = 1, n <= batchsize - 1, (n++)]): null

2018-05-30 17:42:49 - [TEST_STEP][PASSED] - Statement - product = new com.kms.katalon.core.testobject.TestObject(): null

2018-05-30 17:42:49 - [TEST_STEP][PASSED] - Statement - product = com.kms.katalon.core.webui.keyword.WebUiBuiltInKeywords.modifyObjectProperty(product, "xpath", "equals", "//*[@id = "fldvendor" + row + ""]", true): Modify property of object successfully

2018-05-30 17:42:49 - [MESSAGE][PASSED] - Modify property of object successfully

2018-05-30 17:42:49 - [TEST_STEP][PASSED] - selectOptionByIndex: All options with index in [1] are selected on object ''

2018-05-30 17:42:49 - [MESSAGE][PASSED] - All options with index in [1] are selected on object ''

2018-05-30 17:42:49 - [TEST_STEP][PASSED] - delay: Delayed 2 second(s)

2018-05-30 17:42:51 - [MESSAGE][PASSED] - Delayed 2 second(s)

2018-05-30 17:42:51 - [TEST_STEP][PASSED] - Statement - batch = new com.kms.katalon.core.testobject.TestObject(): null

2018-05-30 17:42:51 - [TEST_STEP][PASSED] - Statement - batch = com.kms.katalon.core.webui.keyword.WebUiBuiltInKeywords.modifyObjectProperty(batch, "xpath", "equals", "//*[@id = "txtbthqty" + row + ""]", true): Modify property of object successfully

2018-05-30 17:42:51 - [MESSAGE][PASSED] - Modify property of object successfully

2018-05-30 17:42:51 - [TEST_STEP][PASSED] - Statement - batchqty = com.kms.katalon.core.webui.keyword.WebUiBuiltInKeywords.getAttribute(batch, "value").trim(): Attribute 'value' of object '' is: '37800'

2018-05-30 17:42:51 - [MESSAGE][PASSED] - Attribute 'value' of object '' is: '37800'

2018-05-30 17:42:51 - [TEST_STEP][PASSED] - Statement - Rqty = 100: null

2018-05-30 17:42:51 - [TEST_STEP][PASSED] - Statement - out.println("BatchQty : " + batchqty): null

2018-05-30 17:42:51 - [TEST_STEP][PASSED] - Statement - out.println("RQty : " + Rqty): null

2018-05-30 17:42:51 - [TEST_STEP][PASSED] - Statement - If (java.lang.Integer.valueOf(batchqty) >= java.lang.Integer.valueOf(Rqty)): null

2018-05-30 17:42:51 - [TEST_STEP][PASSED] - Statement - Break: null

2018-05-30 17:42:51 - [TEST_STEP][PASSED] - Statement - batchlength = new com.kms.katalon.core.testobject.TestObject(): null

2018-05-30 17:42:51 - [TEST_STEP][PASSED] - Statement - batchlength = com.kms.katalon.core.webui.keyword.WebUiBuiltInKeywords.modifyObjectProperty(batchlength, "xpath", "equals", "//*[@id = "fldvendor" + row + ""]", true): Modify property of object successfully

2018-05-30 17:42:51 - [MESSAGE][PASSED] - Modify property of object successfully

2018-05-30 17:42:51 - [TEST_STEP][PASSED] - Statement - batchsize = com.kms.katalon.core.webui.keyword.WebUiBuiltInKeywords.getNumberOfTotalOption(batchlength): 9 options of object '' counted

2018-05-30 17:42:52 - [MESSAGE][PASSED] - 9 options of object '' counted

2018-05-30 17:42:52 - [TEST_STEP][PASSED] - Statement - out.println("BatchSize : " + batchsize): null

2018-05-30 17:42:52 - [TEST_STEP][PASSED] - Statement - For ([n = 1, n <= batchsize - 1, (n++)]): null

2018-05-30 17:42:52 - [TEST_STEP][PASSED] - Statement - product = new com.kms.katalon.core.testobject.TestObject(): null

2018-05-30 17:42:52 - [TEST_STEP][PASSED] - Statement - product = com.kms.katalon.core.webui.keyword.WebUiBuiltInKeywords.modifyObjectProperty(product, "xpath", "equals", "//*[@id = "fldvendor" + row + ""]", true): Modify property of object successfully

2018-05-30 17:42:52 - [MESSAGE][PASSED] - Modify property of object successfully

2018-05-30 17:42:52 - [TEST_STEP][PASSED] - selectOptionByIndex: All options with index in [1] are selected on object ''

2018-05-30 17:42:52 - [MESSAGE][PASSED] - All options with index in [1] are selected on object ''

2018-05-30 17:42:52 - [TEST_STEP][PASSED] - delay: Delayed 2 second(s)

2018-05-30 17:42:54 - [MESSAGE][PASSED] - Delayed 2 second(s)

2018-05-30 17:42:54 - [TEST_STEP][PASSED] - Statement - batch = new com.kms.katalon.core.testobject.TestObject(): null

2018-05-30 17:42:54 - [TEST_STEP][PASSED] - Statement - batch = com.kms.katalon.core.webui.keyword.WebUiBuiltInKeywords.modifyObjectProperty(batch, "xpath", "equals", "//*[@id = "txtbthqty" + row + ""]", true): Modify property of object successfully

2018-05-30 17:42:54 - [MESSAGE][PASSED] - Modify property of object successfully

2018-05-30 17:42:54 - [TEST_STEP][PASSED] - Statement - batchqty = com.kms.katalon.core.webui.keyword.WebUiBuiltInKeywords.getAttribute(batch, "value").trim(): Attribute 'value' of object '' is: '3900'

2018-05-30 17:42:54 - [MESSAGE][PASSED] - Attribute 'value' of object '' is: '3900'

2018-05-30 17:42:54 - [TEST_STEP][PASSED] - Statement - Rqty = 100: null

2018-05-30 17:42:54 - [TEST_STEP][PASSED] - Statement - out.println("BatchQty : " + batchqty): null

2018-05-30 17:42:54 - [TEST_STEP][PASSED] - Statement - out.println("RQty : " + Rqty): null

2018-05-30 17:42:54 - [TEST_STEP][PASSED] - Statement - If (java.lang.Integer.valueOf(batchqty) >= java.lang.Integer.valueOf(Rqty)): null

2018-05-30 17:42:54 - [TEST_STEP][PASSED] - Statement - Break: null

2018-05-30 17:42:54 - [TEST_STEP][PASSED] - Statement - batchlength = new com.kms.katalon.core.testobject.TestObject(): null

2018-05-30 17:42:54 - [TEST_STEP][PASSED] - Statement - batchlength = com.kms.katalon.core.webui.keyword.WebUiBuiltInKeywords.modifyObjectProperty(batchlength, "xpath", "equals", "//*[@id = "fldvendor" + row + ""]", true): Modify property of object successfully

2018-05-30 17:42:54 - [MESSAGE][PASSED] - Modify property of object successfully

2018-05-30 17:42:54 - [TEST_STEP][PASSED] - Statement - batchsize = com.kms.katalon.core.webui.keyword.WebUiBuiltInKeywords.getNumberOfTotalOption(batchlength): 9 options of object '' counted

2018-05-30 17:42:54 - [MESSAGE][PASSED] - 9 options of object '' counted

2018-05-30 17:42:54 - [TEST_STEP][PASSED] - Statement - out.println("BatchSize : " + batchsize): null

2018-05-30 17:42:54 - [TEST_STEP][PASSED] - Statement - For ([n = 1, n <= batchsize - 1, (n++)]): null

2018-05-30 17:42:54 - [TEST_STEP][PASSED] - Statement - product = new com.kms.katalon.core.testobject.TestObject(): null

2018-05-30 17:42:54 - [TEST_STEP][PASSED] - Statement - product = com.kms.katalon.core.webui.keyword.WebUiBuiltInKeywords.modifyObjectProperty(product, "xpath", "equals", "//*[@id = "fldvendor" + row + ""]", true): Modify property of object successfully

2018-05-30 17:42:54 - [MESSAGE][PASSED] - Modify property of object successfully

2018-05-30 17:42:54 - [TEST_STEP][PASSED] - selectOptionByIndex: All options with index in [1] are selected on object ''

2018-05-30 17:42:54 - [MESSAGE][PASSED] - All options with index in [1] are selected on object ''

2018-05-30 17:42:54 - [TEST_STEP][PASSED] - delay: Delayed 2 second(s)

2018-05-30 17:42:56 - [MESSAGE][PASSED] - Delayed 2 second(s)

2018-05-30 17:42:56 - [TEST_STEP][PASSED] - Statement - batch = new com.kms.katalon.core.testobject.TestObject(): null

2018-05-30 17:42:56 - [TEST_STEP][PASSED] - Statement - batch = com.kms.katalon.core.webui.keyword.WebUiBuiltInKeywords.modifyObjectProperty(batch, "xpath", "equals", "//*[@id = "txtbthqty" + row + ""]", true): Modify property of object successfully

2018-05-30 17:42:56 - [MESSAGE][PASSED] - Modify property of object successfully

2018-05-30 17:42:56 - [TEST_STEP][PASSED] - Statement - batchqty = com.kms.katalon.core.webui.keyword.WebUiBuiltInKeywords.getAttribute(batch, "value").trim(): Attribute 'value' of object '' is: '4800'

2018-05-30 17:42:56 - [MESSAGE][PASSED] - Attribute 'value' of object '' is: '4800'

2018-05-30 17:42:56 - [TEST_STEP][PASSED] - Statement - Rqty = 100: null

2018-05-30 17:42:56 - [TEST_STEP][PASSED] - Statement - out.println("BatchQty : " + batchqty): null

2018-05-30 17:42:56 - [TEST_STEP][PASSED] - Statement - out.println("RQty : " + Rqty): null

2018-05-30 17:42:56 - [TEST_STEP][PASSED] - Statement - If (java.lang.Integer.valueOf(batchqty) >= java.lang.Integer.valueOf(Rqty)): null

2018-05-30 17:42:56 - [TEST_STEP][PASSED] - Statement - Break: null

2018-05-30 17:42:56 - [TEST_STEP][PASSED] - Statement - batchlength = new com.kms.katalon.core.testobject.TestObject(): null

2018-05-30 17:42:56 - [TEST_STEP][PASSED] - Statement - batchlength = com.kms.katalon.core.webui.keyword.WebUiBuiltInKeywords.modifyObjectProperty(batchlength, "xpath", "equals", "//*[@id = "fldvendor" + row + ""]", true): Modify property of object successfully

2018-05-30 17:42:56 - [MESSAGE][PASSED] - Modify property of object successfully

2018-05-30 17:42:56 - [TEST_STEP][PASSED] - Statement - batchsize = com.kms.katalon.core.webui.keyword.WebUiBuiltInKeywords.getNumberOfTotalOption(batchlength): 9 options of object '' counted

2018-05-30 17:42:56 - [MESSAGE][PASSED] - 9 options of object '' counted

2018-05-30 17:42:56 - [TEST_STEP][PASSED] - Statement - out.println("BatchSize : " + batchsize): null

2018-05-30 17:42:56 - [TEST_STEP][PASSED] - Statement - For ([n = 1, n <= batchsize - 1, (n++)]): null

2018-05-30 17:42:56 - [TEST_STEP][PASSED] - Statement - product = new com.kms.katalon.core.testobject.TestObject(): null

2018-05-30 17:42:56 - [TEST_STEP][PASSED] - Statement - product = com.kms.katalon.core.webui.keyword.WebUiBuiltInKeywords.modifyObjectProperty(product, "xpath", "equals", "//*[@id = "fldvendor" + row + ""]", true): Modify property of object successfully

2018-05-30 17:42:56 - [MESSAGE][PASSED] - Modify property of object successfully

2018-05-30 17:42:56 - [TEST_STEP][PASSED] - selectOptionByIndex: All options with index in [1] are selected on object ''

2018-05-30 17:42:56 - [MESSAGE][PASSED] - All options with index in [1] are selected on object ''

2018-05-30 17:42:56 - [TEST_STEP][PASSED] - delay: Delayed 2 second(s)

2018-05-30 17:42:58 - [MESSAGE][PASSED] - Delayed 2 second(s)

2018-05-30 17:42:58 - [TEST_STEP][PASSED] - Statement - batch = new com.kms.katalon.core.testobject.TestObject(): null

2018-05-30 17:42:58 - [TEST_STEP][PASSED] - Statement - batch = com.kms.katalon.core.webui.keyword.WebUiBuiltInKeywords.modifyObjectProperty(batch, "xpath", "equals", "//*[@id = "txtbthqty" + row + ""]", true): Modify property of object successfully

2018-05-30 17:42:58 - [MESSAGE][PASSED] - Modify property of object successfully

2018-05-30 17:42:58 - [TEST_STEP][PASSED] - Statement - batchqty = com.kms.katalon.core.webui.keyword.WebUiBuiltInKeywords.getAttribute(batch, "value").trim(): Attribute 'value' of object '' is: '4800'

2018-05-30 17:42:58 - [MESSAGE][PASSED] - Attribute 'value' of object '' is: '4800'

2018-05-30 17:42:58 - [TEST_STEP][PASSED] - Statement - Rqty = 100: null

2018-05-30 17:42:58 - [TEST_STEP][PASSED] - Statement - out.println("BatchQty : " + batchqty): null

2018-05-30 17:42:58 - [TEST_STEP][PASSED] - Statement - out.println("RQty : " + Rqty): null

2018-05-30 17:42:58 - [TEST_STEP][PASSED] - Statement - If (java.lang.Integer.valueOf(batchqty) >= java.lang.Integer.valueOf(Rqty)): null

2018-05-30 17:42:58 - [TEST_STEP][PASSED] - Statement - Break: null

2018-05-30 17:42:58 - [TEST_STEP][PASSED] - Statement - batchlength = new com.kms.katalon.core.testobject.TestObject(): null

2018-05-30 17:42:58 - [TEST_STEP][PASSED] - Statement - batchlength = com.kms.katalon.core.webui.keyword.WebUiBuiltInKeywords.modifyObjectProperty(batchlength, "xpath", "equals", "//*[@id = "fldvendor" + row + ""]", true): Modify property of object successfully

2018-05-30 17:42:58 - [MESSAGE][PASSED] - Modify property of object successfully

2018-05-30 17:42:58 - [TEST_STEP][PASSED] - Statement - batchsize = com.kms.katalon.core.webui.keyword.WebUiBuiltInKeywords.getNumberOfTotalOption(batchlength): 9 options of object '' counted

2018-05-30 17:42:58 - [MESSAGE][PASSED] - 9 options of object '' counted

2018-05-30 17:42:58 - [TEST_STEP][PASSED] - Statement - out.println("BatchSize : " + batchsize): null

2018-05-30 17:42:58 - [TEST_STEP][PASSED] - Statement - For ([n = 1, n <= batchsize - 1, (n++)]): null

2018-05-30 17:42:58 - [TEST_STEP][PASSED] - Statement - product = new com.kms.katalon.core.testobject.TestObject(): null

2018-05-30 17:42:58 - [TEST_STEP][PASSED] - Statement - product = com.kms.katalon.core.webui.keyword.WebUiBuiltInKeywords.modifyObjectProperty(product, "xpath", "equals", "//*[@id = "fldvendor" + row + ""]", true): Modify property of object successfully

2018-05-30 17:42:58 - [MESSAGE][PASSED] - Modify property of object successfully

2018-05-30 17:42:58 - [TEST_STEP][PASSED] - selectOptionByIndex: All options with index in [1] are selected on object ''

2018-05-30 17:42:58 - [MESSAGE][PASSED] - All options with index in [1] are selected on object ''

2018-05-30 17:42:58 - [TEST_STEP][PASSED] - delay: Delayed 2 second(s)

2018-05-30 17:43:00 - [MESSAGE][PASSED] - Delayed 2 second(s)

2018-05-30 17:43:00 - [TEST_STEP][PASSED] - Statement - batch = new com.kms.katalon.core.testobject.TestObject(): null

2018-05-30 17:43:00 - [TEST_STEP][PASSED] - Statement - batch = com.kms.katalon.core.webui.keyword.WebUiBuiltInKeywords.modifyObjectProperty(batch, "xpath", "equals", "//*[@id = "txtbthqty" + row + ""]", true): Modify property of object successfully

2018-05-30 17:43:00 - [MESSAGE][PASSED] - Modify property of object successfully

2018-05-30 17:43:00 - [TEST_STEP][PASSED] - Statement - batchqty = com.kms.katalon.core.webui.keyword.WebUiBuiltInKeywords.getAttribute(batch, "value").trim(): Attribute 'value' of object '' is: '37800'

2018-05-30 17:43:00 - [MESSAGE][PASSED] - Attribute 'value' of object '' is: '37800'

2018-05-30 17:43:00 - [TEST_STEP][PASSED] - Statement - Rqty = 100: null

2018-05-30 17:43:00 - [TEST_STEP][PASSED] - Statement - out.println("BatchQty : " + batchqty): null

2018-05-30 17:43:00 - [TEST_STEP][PASSED] - Statement - out.println("RQty : " + Rqty): null

2018-05-30 17:43:00 - [TEST_STEP][PASSED] - Statement - If (java.lang.Integer.valueOf(batchqty) >= java.lang.Integer.valueOf(Rqty)): null

2018-05-30 17:43:00 - [TEST_STEP][PASSED] - Statement - Break: null

2018-05-30 17:43:00 - [TEST_STEP][PASSED] - Statement - batchlength = new com.kms.katalon.core.testobject.TestObject(): null

2018-05-30 17:43:00 - [TEST_STEP][PASSED] - Statement - batchlength = com.kms.katalon.core.webui.keyword.WebUiBuiltInKeywords.modifyObjectProperty(batchlength, "xpath", "equals", "//*[@id = "fldvendor" + row + ""]", true): Modify property of object successfully

2018-05-30 17:43:00 - [MESSAGE][PASSED] - Modify property of object successfully

2018-05-30 17:43:00 - [TEST_STEP][PASSED] - Statement - batchsize = com.kms.katalon.core.webui.keyword.WebUiBuiltInKeywords.getNumberOfTotalOption(batchlength): 9 options of object '' counted

2018-05-30 17:43:01 - [MESSAGE][PASSED] - 9 options of object '' counted

2018-05-30 17:43:01 - [TEST_STEP][PASSED] - Statement - out.println("BatchSize : " + batchsize): null

2018-05-30 17:43:01 - [TEST_STEP][PASSED] - Statement - For ([n = 1, n <= batchsize - 1, (n++)]): null

2018-05-30 17:43:01 - [TEST_STEP][PASSED] - Statement - product = new com.kms.katalon.core.testobject.TestObject(): null

2018-05-30 17:43:01 - [TEST_STEP][PASSED] - Statement - product = com.kms.katalon.core.webui.keyword.WebUiBuiltInKeywords.modifyObjectProperty(product, "xpath", "equals", "//*[@id = "fldvendor" + row + ""]", true): Modify property of object successfully

2018-05-30 17:43:01 - [MESSAGE][PASSED] - Modify property of object successfully

2018-05-30 17:43:01 - [TEST_STEP][PASSED] - selectOptionByIndex: All options with index in [1] are selected on object ''

2018-05-30 17:43:01 - [MESSAGE][PASSED] - All options with index in [1] are selected on object ''

2018-05-30 17:43:01 - [TEST_STEP][PASSED] - delay: Delayed 2 second(s)

2018-05-30 17:43:03 - [MESSAGE][PASSED] - Delayed 2 second(s)

2018-05-30 17:43:03 - [TEST_STEP][PASSED] - Statement - batch = new com.kms.katalon.core.testobject.TestObject(): null

2018-05-30 17:43:03 - [TEST_STEP][PASSED] - Statement - batch = com.kms.katalon.core.webui.keyword.WebUiBuiltInKeywords.modifyObjectProperty(batch, "xpath", "equals", "//*[@id = "txtbthqty" + row + ""]", true): Modify property of object successfully

2018-05-30 17:43:03 - [MESSAGE][PASSED] - Modify property of object successfully

2018-05-30 17:43:03 - [TEST_STEP][PASSED] - Statement - batchqty = com.kms.katalon.core.webui.keyword.WebUiBuiltInKeywords.getAttribute(batch, "value").trim(): Attribute 'value' of object '' is: '3900'

2018-05-30 17:43:03 - [MESSAGE][PASSED] - Attribute 'value' of object '' is: '3900'

2018-05-30 17:43:03 - [TEST_STEP][PASSED] - Statement - Rqty = 100: null

2018-05-30 17:43:03 - [TEST_STEP][PASSED] - Statement - out.println("BatchQty : " + batchqty): null

2018-05-30 17:43:03 - [TEST_STEP][PASSED] - Statement - out.println("RQty : " + Rqty): null

2018-05-30 17:43:03 - [TEST_STEP][PASSED] - Statement - If (java.lang.Integer.valueOf(batchqty) >= java.lang.Integer.valueOf(Rqty)): null

2018-05-30 17:43:03 - [TEST_STEP][PASSED] - Statement - Break: null

2018-05-30 17:43:03 - [TEST_STEP][PASSED] - Statement - batchlength = new com.kms.katalon.core.testobject.TestObject(): null

2018-05-30 17:43:03 - [TEST_STEP][PASSED] - Statement - batchlength = com.kms.katalon.core.webui.keyword.WebUiBuiltInKeywords.modifyObjectProperty(batchlength, "xpath", "equals", "//*[@id = "fldvendor" + row + ""]", true): Modify property of object successfully

2018-05-30 17:43:03 - [MESSAGE][PASSED] - Modify property of object successfully

2018-05-30 17:43:03 - [TEST_STEP][PASSED] - Statement - batchsize = com.kms.katalon.core.webui.keyword.WebUiBuiltInKeywords.getNumberOfTotalOption(batchlength): 9 options of object '' counted

2018-05-30 17:43:03 - [MESSAGE][PASSED] - 9 options of object '' counted

2018-05-30 17:43:03 - [TEST_STEP][PASSED] - Statement - out.println("BatchSize : " + batchsize): null

2018-05-30 17:43:03 - [TEST_STEP][PASSED] - Statement - For ([n = 1, n <= batchsize - 1, (n++)]): null

2018-05-30 17:43:03 - [TEST_STEP][PASSED] - Statement - product = new com.kms.katalon.core.testobject.TestObject(): null

2018-05-30 17:43:03 - [TEST_STEP][PASSED] - Statement - product = com.kms.katalon.core.webui.keyword.WebUiBuiltInKeywords.modifyObjectProperty(product, "xpath", "equals", "//*[@id = "fldvendor" + row + ""]", true): Modify property of object successfully

2018-05-30 17:43:03 - [MESSAGE][PASSED] - Modify property of object successfully

2018-05-30 17:43:03 - [TEST_STEP][PASSED] - selectOptionByIndex: All options with index in [1] are selected on object ''

2018-05-30 17:43:03 - [MESSAGE][PASSED] - All options with index in [1] are selected on object ''

2018-05-30 17:43:03 - [TEST_STEP][PASSED] - delay: Delayed 2 second(s)

2018-05-30 17:43:05 - [MESSAGE][PASSED] - Delayed 2 second(s)

2018-05-30 17:43:05 - [TEST_STEP][PASSED] - Statement - batch = new com.kms.katalon.core.testobject.TestObject(): null

2018-05-30 17:43:05 - [TEST_STEP][PASSED] - Statement - batch = com.kms.katalon.core.webui.keyword.WebUiBuiltInKeywords.modifyObjectProperty(batch, "xpath", "equals", "//*[@id = "txtbthqty" + row + ""]", true): Modify property of object successfully

2018-05-30 17:43:05 - [MESSAGE][PASSED] - Modify property of object successfully

2018-05-30 17:43:05 - [TEST_STEP][PASSED] - Statement - batchqty = com.kms.katalon.core.webui.keyword.WebUiBuiltInKeywords.getAttribute(batch, "value").trim(): Attribute 'value' of object '' is: '2900'

2018-05-30 17:43:05 - [MESSAGE][PASSED] - Attribute 'value' of object '' is: '2900'

2018-05-30 17:43:05 - [TEST_STEP][PASSED] - Statement - Rqty = 100: null

2018-05-30 17:43:05 - [TEST_STEP][PASSED] - Statement - out.println("BatchQty : " + batchqty): null

2018-05-30 17:43:05 - [TEST_STEP][PASSED] - Statement - out.println("RQty : " + Rqty): null

2018-05-30 17:43:05 - [TEST_STEP][PASSED] - Statement - If (java.lang.Integer.valueOf(batchqty) >= java.lang.Integer.valueOf(Rqty)): null

2018-05-30 17:43:05 - [TEST_STEP][PASSED] - Statement - Break: null

2018-05-30 17:43:05 - [TEST_STEP][PASSED] - Statement - batchlength = new com.kms.katalon.core.testobject.TestObject(): null

2018-05-30 17:43:05 - [TEST_STEP][PASSED] - Statement - batchlength = com.kms.katalon.core.webui.keyword.WebUiBuiltInKeywords.modifyObjectProperty(batchlength, "xpath", "equals", "//*[@id = "fldvendor" + row + ""]", true): Modify property of object successfully

2018-05-30 17:43:05 - [MESSAGE][PASSED] - Modify property of object successfully

2018-05-30 17:43:05 - [TEST_STEP][PASSED] - Statement - batchsize = com.kms.katalon.core.webui.keyword.WebUiBuiltInKeywords.getNumberOfTotalOption(batchlength): 9 options of object '' counted

2018-05-30 17:43:05 - [MESSAGE][PASSED] - 9 options of object '' counted

2018-05-30 17:43:05 - [TEST_STEP][PASSED] - Statement - out.println("BatchSize : " + batchsize): null

2018-05-30 17:43:05 - [TEST_STEP][PASSED] - Statement - For ([n = 1, n <= batchsize - 1, (n++)]): null

2018-05-30 17:43:05 - [TEST_STEP][PASSED] - Statement - product = new com.kms.katalon.core.testobject.TestObject(): null

2018-05-30 17:43:05 - [TEST_STEP][PASSED] - Statement - product = com.kms.katalon.core.webui.keyword.WebUiBuiltInKeywords.modifyObjectProperty(product, "xpath", "equals", "//*[@id = "fldvendor" + row + ""]", true): Modify property of object successfully

2018-05-30 17:43:05 - [MESSAGE][PASSED] - Modify property of object successfully

2018-05-30 17:43:05 - [TEST_STEP][PASSED] - selectOptionByIndex: All options with index in [1] are selected on object ''

2018-05-30 17:43:05 - [MESSAGE][PASSED] - All options with index in [1] are selected on object ''

2018-05-30 17:43:05 - [TEST_STEP][PASSED] - delay: Delayed 2 second(s)

2018-05-30 17:43:07 - [MESSAGE][PASSED] - Delayed 2 second(s)

2018-05-30 17:43:07 - [TEST_STEP][PASSED] - Statement - batch = new com.kms.katalon.core.testobject.TestObject(): null

2018-05-30 17:43:07 - [TEST_STEP][PASSED] - Statement - batch = com.kms.katalon.core.webui.keyword.WebUiBuiltInKeywords.modifyObjectProperty(batch, "xpath", "equals", "//*[@id = "txtbthqty" + row + ""]", true): Modify property of object successfully

2018-05-30 17:43:07 - [MESSAGE][PASSED] - Modify property of object successfully

2018-05-30 17:43:07 - [TEST_STEP][PASSED] - Statement - batchqty = com.kms.katalon.core.webui.keyword.WebUiBuiltInKeywords.getAttribute(batch, "value").trim(): Attribute 'value' of object '' is: '3900'

2018-05-30 17:43:07 - [MESSAGE][PASSED] - Attribute 'value' of object '' is: '3900'

2018-05-30 17:43:07 - [TEST_STEP][PASSED] - Statement - Rqty = 100: null

2018-05-30 17:43:07 - [TEST_STEP][PASSED] - Statement - out.println("BatchQty : " + batchqty): null

2018-05-30 17:43:07 - [TEST_STEP][PASSED] - Statement - out.println("RQty : " + Rqty): null

2018-05-30 17:43:07 - [TEST_STEP][PASSED] - Statement - If (java.lang.Integer.valueOf(batchqty) >= java.lang.Integer.valueOf(Rqty)): null

2018-05-30 17:43:07 - [TEST_STEP][PASSED] - Statement - Break: null

2018-05-30 17:43:07 - [TEST_STEP][PASSED] - Statement - batchlength = new com.kms.katalon.core.testobject.TestObject(): null

2018-05-30 17:43:07 - [TEST_STEP][PASSED] - Statement - batchlength = com.kms.katalon.core.webui.keyword.WebUiBuiltInKeywords.modifyObjectProperty(batchlength, "xpath", "equals", "//*[@id = "fldvendor" + row + ""]", true): Modify property of object successfully

2018-05-30 17:43:07 - [MESSAGE][PASSED] - Modify property of object successfully

2018-05-30 17:43:07 - [TEST_STEP][PASSED] - Statement - batchsize = com.kms.katalon.core.webui.keyword.WebUiBuiltInKeywords.getNumberOfTotalOption(batchlength): 9 options of object '' counted

2018-05-30 17:43:07 - [MESSAGE][PASSED] - 9 options of object '' counted

2018-05-30 17:43:07 - [TEST_STEP][PASSED] - Statement - out.println("BatchSize : " + batchsize): null

2018-05-30 17:43:07 - [TEST_STEP][PASSED] - Statement - For ([n = 1, n <= batchsize - 1, (n++)]): null

2018-05-30 17:43:07 - [TEST_STEP][PASSED] - Statement - product = new com.kms.katalon.core.testobject.TestObject(): null

2018-05-30 17:43:07 - [TEST_STEP][PASSED] - Statement - product = com.kms.katalon.core.webui.keyword.WebUiBuiltInKeywords.modifyObjectProperty(product, "xpath", "equals", "//*[@id = "fldvendor" + row + ""]", true): Modify property of object successfully

2018-05-30 17:43:07 - [MESSAGE][PASSED] - Modify property of object successfully

2018-05-30 17:43:07 - [TEST_STEP][PASSED] - selectOptionByIndex: All options with index in [1] are selected on object ''

2018-05-30 17:43:07 - [MESSAGE][PASSED] - All options with index in [1] are selected on object ''

2018-05-30 17:43:07 - [TEST_STEP][PASSED] - delay: Delayed 2 second(s)

2018-05-30 17:43:09 - [MESSAGE][PASSED] - Delayed 2 second(s)

2018-05-30 17:43:09 - [TEST_STEP][PASSED] - Statement - batch = new com.kms.katalon.core.testobject.TestObject(): null

2018-05-30 17:43:09 - [TEST_STEP][PASSED] - Statement - batch = com.kms.katalon.core.webui.keyword.WebUiBuiltInKeywords.modifyObjectProperty(batch, "xpath", "equals", "//*[@id = "txtbthqty" + row + ""]", true): Modify property of object successfully

2018-05-30 17:43:09 - [MESSAGE][PASSED] - Modify property of object successfully

2018-05-30 17:43:09 - [TEST_STEP][PASSED] - Statement - batchqty = com.kms.katalon.core.webui.keyword.WebUiBuiltInKeywords.getAttribute(batch, "value").trim(): Attribute 'value' of object '' is: '5000'

2018-05-30 17:43:09 - [MESSAGE][PASSED] - Attribute 'value' of object '' is: '5000'

2018-05-30 17:43:09 - [TEST_STEP][PASSED] - Statement - Rqty = 100: null

2018-05-30 17:43:09 - [TEST_STEP][PASSED] - Statement - out.println("BatchQty : " + batchqty): null

2018-05-30 17:43:09 - [TEST_STEP][PASSED] - Statement - out.println("RQty : " + Rqty): null

2018-05-30 17:43:09 - [TEST_STEP][PASSED] - Statement - If (java.lang.Integer.valueOf(batchqty) >= java.lang.Integer.valueOf(Rqty)): null

2018-05-30 17:43:09 - [TEST_STEP][PASSED] - Statement - Break: null

2018-05-30 17:43:09 - [TEST_STEP][PASSED] - Statement - batchlength = new com.kms.katalon.core.testobject.TestObject(): null

2018-05-30 17:43:09 - [TEST_STEP][PASSED] - Statement - batchlength = com.kms.katalon.core.webui.keyword.WebUiBuiltInKeywords.modifyObjectProperty(batchlength, "xpath", "equals", "//*[@id = "fldvendor" + row + ""]", true): Modify property of object successfully

2018-05-30 17:43:09 - [MESSAGE][PASSED] - Modify property of object successfully

2018-05-30 17:43:09 - [TEST_STEP][PASSED] - Statement - batchsize = com.kms.katalon.core.webui.keyword.WebUiBuiltInKeywords.getNumberOfTotalOption(batchlength): 9 options of object '' counted

2018-05-30 17:43:10 - [MESSAGE][PASSED] - 9 options of object '' counted

2018-05-30 17:43:10 - [TEST_STEP][PASSED] - Statement - out.println("BatchSize : " + batchsize): null

2018-05-30 17:43:10 - [TEST_STEP][PASSED] - Statement - For ([n = 1, n <= batchsize - 1, (n++)]): null

2018-05-30 17:43:10 - [TEST_STEP][PASSED] - Statement - product = new com.kms.katalon.core.testobject.TestObject(): null

2018-05-30 17:43:10 - [TEST_STEP][PASSED] - Statement - product = com.kms.katalon.core.webui.keyword.WebUiBuiltInKeywords.modifyObjectProperty(product, "xpath", "equals", "//*[@id = "fldvendor" + row + ""]", true): Modify property of object successfully

2018-05-30 17:43:10 - [MESSAGE][PASSED] - Modify property of object successfully

2018-05-30 17:43:10 - [TEST_STEP][PASSED] - selectOptionByIndex: All options with index in [1] are selected on object ''

2018-05-30 17:43:10 - [MESSAGE][PASSED] - All options with index in [1] are selected on object ''

2018-05-30 17:43:10 - [TEST_STEP][PASSED] - delay: Delayed 2 second(s)

2018-05-30 17:43:12 - [MESSAGE][PASSED] - Delayed 2 second(s)

2018-05-30 17:43:12 - [TEST_STEP][PASSED] - Statement - batch = new com.kms.katalon.core.testobject.TestObject(): null

2018-05-30 17:43:12 - [TEST_STEP][PASSED] - Statement - batch = com.kms.katalon.core.webui.keyword.WebUiBuiltInKeywords.modifyObjectProperty(batch, "xpath", "equals", "//*[@id = "txtbthqty" + row + ""]", true): Modify property of object successfully

2018-05-30 17:43:12 - [MESSAGE][PASSED] - Modify property of object successfully

2018-05-30 17:43:12 - [TEST_STEP][PASSED] - Statement - batchqty = com.kms.katalon.core.webui.keyword.WebUiBuiltInKeywords.getAttribute(batch, "value").trim(): Attribute 'value' of object '' is: '3900'

2018-05-30 17:43:12 - [MESSAGE][PASSED] - Attribute 'value' of object '' is: '3900'

2018-05-30 17:43:12 - [TEST_STEP][PASSED] - Statement - Rqty = 100: null

2018-05-30 17:43:12 - [TEST_STEP][PASSED] - Statement - out.println("BatchQty : " + batchqty): null

2018-05-30 17:43:12 - [TEST_STEP][PASSED] - Statement - out.println("RQty : " + Rqty): null

2018-05-30 17:43:12 - [TEST_STEP][PASSED] - Statement - If (java.lang.Integer.valueOf(batchqty) >= java.lang.Integer.valueOf(Rqty)): null

2018-05-30 17:43:12 - [TEST_STEP][PASSED] - Statement - Break: null

2018-05-30 17:43:12 - [TEST_STEP][PASSED] - Statement - batchlength = new com.kms.katalon.core.testobject.TestObject(): null

2018-05-30 17:43:12 - [TEST_STEP][PASSED] - Statement - batchlength = com.kms.katalon.core.webui.keyword.WebUiBuiltInKeywords.modifyObjectProperty(batchlength, "xpath", "equals", "//*[@id = "fldvendor" + row + ""]", true): Modify property of object successfully

2018-05-30 17:43:12 - [MESSAGE][PASSED] - Modify property of object successfully

2018-05-30 17:43:12 - [TEST_STEP][PASSED] - Statement - batchsize = com.kms.katalon.core.webui.keyword.WebUiBuiltInKeywords.getNumberOfTotalOption(batchlength): 9 options of object '' counted

2018-05-30 17:43:12 - [MESSAGE][PASSED] - 9 options of object '' counted

2018-05-30 17:43:12 - [TEST_STEP][PASSED] - Statement - out.println("BatchSize : " + batchsize): null

2018-05-30 17:43:12 - [TEST_STEP][PASSED] - Statement - For ([n = 1, n <= batchsize - 1, (n++)]): null

2018-05-30 17:43:12 - [TEST_STEP][PASSED] - Statement - product = new com.kms.katalon.core.testobject.TestObject(): null

2018-05-30 17:43:12 - [TEST_STEP][PASSED] - Statement - product = com.kms.katalon.core.webui.keyword.WebUiBuiltInKeywords.modifyObjectProperty(product, "xpath", "equals", "//*[@id = "fldvendor" + row + ""]", true): Modify property of object successfully

2018-05-30 17:43:12 - [MESSAGE][PASSED] - Modify property of object successfully

2018-05-30 17:43:12 - [TEST_STEP][PASSED] - selectOptionByIndex: All options with index in [1] are selected on object ''

2018-05-30 17:43:12 - [MESSAGE][PASSED] - All options with index in [1] are selected on object ''

2018-05-30 17:43:12 - [TEST_STEP][PASSED] - delay: Delayed 2 second(s)

2018-05-30 17:43:14 - [MESSAGE][PASSED] - Delayed 2 second(s)

2018-05-30 17:43:14 - [TEST_STEP][PASSED] - Statement - batch = new com.kms.katalon.core.testobject.TestObject(): null

2018-05-30 17:43:14 - [TEST_STEP][PASSED] - Statement - batch = com.kms.katalon.core.webui.keyword.WebUiBuiltInKeywords.modifyObjectProperty(batch, "xpath", "equals", "//*[@id = "txtbthqty" + row + ""]", true): Modify property of object successfully

2018-05-30 17:43:14 - [MESSAGE][PASSED] - Modify property of object successfully

2018-05-30 17:43:14 - [TEST_STEP][PASSED] - Statement - batchqty = com.kms.katalon.core.webui.keyword.WebUiBuiltInKeywords.getAttribute(batch, "value").trim(): Attribute 'value' of object '' is: '3900'

2018-05-30 17:43:14 - [MESSAGE][PASSED] - Attribute 'value' of object '' is: '3900'

2018-05-30 17:43:14 - [TEST_STEP][PASSED] - Statement - Rqty = 100: null

2018-05-30 17:43:14 - [TEST_STEP][PASSED] - Statement - out.println("BatchQty : " + batchqty): null

2018-05-30 17:43:14 - [TEST_STEP][PASSED] - Statement - out.println("RQty : " + Rqty): null

2018-05-30 17:43:14 - [TEST_STEP][PASSED] - Statement - If (java.lang.Integer.valueOf(batchqty) >= java.lang.Integer.valueOf(Rqty)): null

2018-05-30 17:43:14 - [TEST_STEP][PASSED] - Statement - Break: null

2018-05-30 17:43:14 - [TEST_STEP][PASSED] - Statement - batchlength = new com.kms.katalon.core.testobject.TestObject(): null

2018-05-30 17:43:14 - [TEST_STEP][PASSED] - Statement - batchlength = com.kms.katalon.core.webui.keyword.WebUiBuiltInKeywords.modifyObjectProperty(batchlength, "xpath", "equals", "//*[@id = "fldvendor" + row + ""]", true): Modify property of object successfully

2018-05-30 17:43:14 - [MESSAGE][PASSED] - Modify property of object successfully

2018-05-30 17:43:14 - [TEST_STEP][PASSED] - Statement - batchsize = com.kms.katalon.core.webui.keyword.WebUiBuiltInKeywords.getNumberOfTotalOption(batchlength): 9 options of object '' counted

2018-05-30 17:43:14 - [MESSAGE][PASSED] - 9 options of object '' counted

2018-05-30 17:43:14 - [TEST_STEP][PASSED] - Statement - out.println("BatchSize : " + batchsize): null

2018-05-30 17:43:14 - [TEST_STEP][PASSED] - Statement - For ([n = 1, n <= batchsize - 1, (n++)]): null

2018-05-30 17:43:14 - [TEST_STEP][PASSED] - Statement - product = new com.kms.katalon.core.testobject.TestObject(): null

2018-05-30 17:43:14 - [TEST_STEP][PASSED] - Statement - product = com.kms.katalon.core.webui.keyword.WebUiBuiltInKeywords.modifyObjectProperty(product, "xpath", "equals", "//*[@id = "fldvendor" + row + ""]", true): Modify property of object successfully

2018-05-30 17:43:14 - [MESSAGE][PASSED] - Modify property of object successfully

2018-05-30 17:43:14 - [TEST_STEP][PASSED] - selectOptionByIndex: All options with index in [1] are selected on object ''

2018-05-30 17:44:07 - [MESSAGE][PASSED] - All options with index in [1] are selected on object ''

2018-05-30 17:44:07 - [TEST_STEP][PASSED] - delay: Delayed 2 second(s)

2018-05-30 17:44:09 - [MESSAGE][PASSED] - Delayed 2 second(s)

2018-05-30 17:44:09 - [TEST_STEP][PASSED] - Statement - batch = new com.kms.katalon.core.testobject.TestObject(): null

2018-05-30 17:44:09 - [TEST_STEP][PASSED] - Statement - batch = com.kms.katalon.core.webui.keyword.WebUiBuiltInKeywords.modifyObjectProperty(batch, "xpath", "equals", "//*[@id = "txtbthqty" + row + ""]", true): Modify property of object successfully

2018-05-30 17:44:09 - [MESSAGE][PASSED] - Modify property of object successfully

2018-05-30 17:44:09 - [TEST_STEP][PASSED] - Statement - batchqty = com.kms.katalon.core.webui.keyword.WebUiBuiltInKeywords.getAttribute(batch, "value").trim(): Attribute 'value' of object '' is: '4700'

2018-05-30 17:44:09 - [MESSAGE][PASSED] - Attribute 'value' of object '' is: '4700'

2018-05-30 17:44:09 - [TEST_STEP][PASSED] - Statement - Rqty = 100: null

2018-05-30 17:44:09 - [TEST_STEP][PASSED] - Statement - out.println("BatchQty : " + batchqty): null

2018-05-30 17:44:09 - [TEST_STEP][PASSED] - Statement - out.println("RQty : " + Rqty): null

2018-05-30 17:44:09 - [TEST_STEP][PASSED] - Statement - If (java.lang.Integer.valueOf(batchqty) >= java.lang.Integer.valueOf(Rqty)): null

2018-05-30 17:44:09 - [TEST_STEP][PASSED] - Statement - Break: null

2018-05-30 17:44:09 - [TEST_STEP][PASSED] - Statement - batchlength = new com.kms.katalon.core.testobject.TestObject(): null

2018-05-30 17:44:09 - [TEST_STEP][PASSED] - Statement - batchlength = com.kms.katalon.core.webui.keyword.WebUiBuiltInKeywords.modifyObjectProperty(batchlength, "xpath", "equals", "//*[@id = "fldvendor" + row + ""]", true): Modify property of object successfully

2018-05-30 17:44:09 - [MESSAGE][PASSED] - Modify property of object successfully

2018-05-30 17:44:09 - [TEST_STEP][PASSED] - Statement - batchsize = com.kms.katalon.core.webui.keyword.WebUiBuiltInKeywords.getNumberOfTotalOption(batchlength): 9 options of object '' counted

2018-05-30 17:44:09 - [MESSAGE][PASSED] - 9 options of object '' counted

2018-05-30 17:44:09 - [TEST_STEP][PASSED] - Statement - out.println("BatchSize : " + batchsize): null

2018-05-30 17:44:09 - [TEST_STEP][PASSED] - Statement - For ([n = 1, n <= batchsize - 1, (n++)]): null

2018-05-30 17:44:09 - [TEST_STEP][PASSED] - Statement - product = new com.kms.katalon.core.testobject.TestObject(): null

2018-05-30 17:44:09 - [TEST_STEP][PASSED] - Statement - product = com.kms.katalon.core.webui.keyword.WebUiBuiltInKeywords.modifyObjectProperty(product, "xpath", "equals", "//*[@id = "fldvendor" + row + ""]", true): Modify property of object successfully

2018-05-30 17:44:09 - [MESSAGE][PASSED] - Modify property of object successfully

2018-05-30 17:44:09 - [TEST_STEP][PASSED] - selectOptionByIndex: All options with index in [1] are selected on object ''

2018-05-30 17:44:09 - [MESSAGE][PASSED] - All options with index in [1] are selected on object ''

2018-05-30 17:44:09 - [TEST_STEP][PASSED] - delay: Delayed 2 second(s)

2018-05-30 17:44:11 - [MESSAGE][PASSED] - Delayed 2 second(s)

2018-05-30 17:44:11 - [TEST_STEP][PASSED] - Statement - batch = new com.kms.katalon.core.testobject.TestObject(): null

2018-05-30 17:44:11 - [TEST_STEP][PASSED] - Statement - batch = com.kms.katalon.core.webui.keyword.WebUiBuiltInKeywords.modifyObjectProperty(batch, "xpath", "equals", "//*[@id = "txtbthqty" + row + ""]", true): Modify property of object successfully

2018-05-30 17:44:11 - [MESSAGE][PASSED] - Modify property of object successfully

2018-05-30 17:44:11 - [TEST_STEP][PASSED] - Statement - batchqty = com.kms.katalon.core.webui.keyword.WebUiBuiltInKeywords.getAttribute(batch, "value").trim(): Attribute 'value' of object '' is: '37800'

2018-05-30 17:44:11 - [MESSAGE][PASSED] - Attribute 'value' of object '' is: '37800'

2018-05-30 17:44:11 - [TEST_STEP][PASSED] - Statement - Rqty = 100: null

2018-05-30 17:44:11 - [TEST_STEP][PASSED] - Statement - out.println("BatchQty : " + batchqty): null

2018-05-30 17:44:11 - [TEST_STEP][PASSED] - Statement - out.println("RQty : " + Rqty): null

2018-05-30 17:44:11 - [TEST_STEP][PASSED] - Statement - If (java.lang.Integer.valueOf(batchqty) >= java.lang.Integer.valueOf(Rqty)): null

2018-05-30 17:44:11 - [TEST_STEP][PASSED] - Statement - Break: null

2018-05-30 17:44:11 - [TEST_STEP][PASSED] - Statement - batchlength = new com.kms.katalon.core.testobject.TestObject(): null

2018-05-30 17:44:11 - [TEST_STEP][PASSED] - Statement - batchlength = com.kms.katalon.core.webui.keyword.WebUiBuiltInKeywords.modifyObjectProperty(batchlength, "xpath", "equals", "//*[@id = "fldvendor" + row + ""]", true): Modify property of object successfully

2018-05-30 17:44:11 - [MESSAGE][PASSED] - Modify property of object successfully

2018-05-30 17:44:11 - [TEST_STEP][PASSED] - Statement - batchsize = com.kms.katalon.core.webui.keyword.WebUiBuiltInKeywords.getNumberOfTotalOption(batchlength): 9 options of object '' counted

2018-05-30 17:44:11 - [MESSAGE][PASSED] - 9 options of object '' counted

2018-05-30 17:44:11 - [TEST_STEP][PASSED] - Statement - out.println("BatchSize : " + batchsize): null

2018-05-30 17:44:11 - [TEST_STEP][PASSED] - Statement - For ([n = 1, n <= batchsize - 1, (n++)]): null

2018-05-30 17:44:11 - [TEST_STEP][PASSED] - Statement - product = new com.kms.katalon.core.testobject.TestObject(): null

2018-05-30 17:44:11 - [TEST_STEP][PASSED] - Statement - product = com.kms.katalon.core.webui.keyword.WebUiBuiltInKeywords.modifyObjectProperty(product, "xpath", "equals", "//*[@id = "fldvendor" + row + ""]", true): Modify property of object successfully

2018-05-30 17:44:11 - [MESSAGE][PASSED] - Modify property of object successfully

2018-05-30 17:44:11 - [TEST_STEP][PASSED] - selectOptionByIndex: All options with index in [1] are selected on object ''

2018-05-30 17:44:11 - [MESSAGE][PASSED] - All options with index in [1] are selected on object ''

2018-05-30 17:44:11 - [TEST_STEP][PASSED] - delay: Delayed 2 second(s)

2018-05-30 17:44:13 - [MESSAGE][PASSED] - Delayed 2 second(s)

2018-05-30 17:44:13 - [TEST_STEP][PASSED] - Statement - batch = new com.kms.katalon.core.testobject.TestObject(): null

2018-05-30 17:44:13 - [TEST_STEP][PASSED] - Statement - batch = com.kms.katalon.core.webui.keyword.WebUiBuiltInKeywords.modifyObjectProperty(batch, "xpath", "equals", "//*[@id = "txtbthqty" + row + ""]", true): Modify property of object successfully

2018-05-30 17:44:17 - [MESSAGE][PASSED] - Modify property of object successfully

2018-05-30 17:44:17 - [TEST_STEP][PASSED] - Statement - batchqty = com.kms.katalon.core.webui.keyword.WebUiBuiltInKeywords.getAttribute(batch, "value").trim(): Attribute 'value' of object '' is: '4700'

2018-05-30 17:44:17 - [MESSAGE][PASSED] - Attribute 'value' of object '' is: '4700'

2018-05-30 17:44:17 - [TEST_STEP][PASSED] - Statement - Rqty = 100: null

2018-05-30 17:44:17 - [TEST_STEP][PASSED] - Statement - out.println("BatchQty : " + batchqty): null

2018-05-30 17:44:17 - [TEST_STEP][PASSED] - Statement - out.println("RQty : " + Rqty): null

2018-05-30 17:44:17 - [TEST_STEP][PASSED] - Statement - If (java.lang.Integer.valueOf(batchqty) >= java.lang.Integer.valueOf(Rqty)): null

2018-05-30 17:44:17 - [TEST_STEP][PASSED] - Statement - Break: null

2018-05-30 17:44:17 - [TEST_STEP][PASSED] - Statement - batchlength = new com.kms.katalon.core.testobject.TestObject(): null

2018-05-30 17:44:17 - [TEST_STEP][PASSED] - Statement - batchlength = com.kms.katalon.core.webui.keyword.WebUiBuiltInKeywords.modifyObjectProperty(batchlength, "xpath", "equals", "//*[@id = "fldvendor" + row + ""]", true): Modify property of object successfully

2018-05-30 17:44:17 - [MESSAGE][PASSED] - Modify property of object successfully

2018-05-30 17:44:17 - [TEST_STEP][PASSED] - Statement - batchsize = com.kms.katalon.core.webui.keyword.WebUiBuiltInKeywords.getNumberOfTotalOption(batchlength): 9 options of object '' counted

2018-05-30 17:44:17 - [MESSAGE][PASSED] - 9 options of object '' counted

2018-05-30 17:44:17 - [TEST_STEP][PASSED] - Statement - out.println("BatchSize : " + batchsize): null

2018-05-30 17:44:17 - [TEST_STEP][PASSED] - Statement - For ([n = 1, n <= batchsize - 1, (n++)]): null

2018-05-30 17:44:17 - [TEST_STEP][PASSED] - Statement - product = new com.kms.katalon.core.testobject.TestObject(): null

2018-05-30 17:44:17 - [TEST_STEP][PASSED] - Statement - product = com.kms.katalon.core.webui.keyword.WebUiBuiltInKeywords.modifyObjectProperty(product, "xpath", "equals", "//*[@id = "fldvendor" + row + ""]", true): Modify property of object successfully

2018-05-30 17:44:17 - [MESSAGE][PASSED] - Modify property of object successfully

2018-05-30 17:44:17 - [TEST_STEP][PASSED] - selectOptionByIndex: All options with index in [1] are selected on object ''

2018-05-30 17:44:17 - [MESSAGE][PASSED] - All options with index in [1] are selected on object ''

2018-05-30 17:44:17 - [TEST_STEP][PASSED] - delay: Delayed 2 second(s)

2018-05-30 17:44:19 - [MESSAGE][PASSED] - Delayed 2 second(s)

2018-05-30 17:44:19 - [TEST_STEP][PASSED] - Statement - batch = new com.kms.katalon.core.testobject.TestObject(): null

2018-05-30 17:44:19 - [TEST_STEP][PASSED] - Statement - batch = com.kms.katalon.core.webui.keyword.WebUiBuiltInKeywords.modifyObjectProperty(batch, "xpath", "equals", "//*[@id = "txtbthqty" + row + ""]", true): Modify property of object successfully

2018-05-30 17:44:19 - [MESSAGE][PASSED] - Modify property of object successfully

2018-05-30 17:44:19 - [TEST_STEP][PASSED] - Statement - batchqty = com.kms.katalon.core.webui.keyword.WebUiBuiltInKeywords.getAttribute(batch, "value").trim(): Attribute 'value' of object '' is: '4700'

2018-05-30 17:44:19 - [MESSAGE][PASSED] - Attribute 'value' of object '' is: '4700'

2018-05-30 17:44:19 - [TEST_STEP][PASSED] - Statement - Rqty = 100: null

2018-05-30 17:44:19 - [TEST_STEP][PASSED] - Statement - out.println("BatchQty : " + batchqty): null

2018-05-30 17:44:19 - [TEST_STEP][PASSED] - Statement - out.println("RQty : " + Rqty): null

2018-05-30 17:44:19 - [TEST_STEP][PASSED] - Statement - If (java.lang.Integer.valueOf(batchqty) >= java.lang.Integer.valueOf(Rqty)): null

2018-05-30 17:44:19 - [TEST_STEP][PASSED] - Statement - Break: null

2018-05-30 17:44:19 - [TEST_STEP][PASSED] - Statement - batchlength = new com.kms.katalon.core.testobject.TestObject(): null

2018-05-30 17:44:19 - [TEST_STEP][PASSED] - Statement - batchlength = com.kms.katalon.core.webui.keyword.WebUiBuiltInKeywords.modifyObjectProperty(batchlength, "xpath", "equals", "//*[@id = "fldvendor" + row + ""]", true): Modify property of object successfully

2018-05-30 17:44:19 - [MESSAGE][PASSED] - Modify property of object successfully

2018-05-30 17:44:19 - [TEST_STEP][PASSED] - Statement - batchsize = com.kms.katalon.core.webui.keyword.WebUiBuiltInKeywords.getNumberOfTotalOption(batchlength): 9 options of object '' counted

2018-05-30 17:44:19 - [MESSAGE][PASSED] - 9 options of object '' counted

2018-05-30 17:44:19 - [TEST_STEP][PASSED] - Statement - out.println("BatchSize : " + batchsize): null

2018-05-30 17:44:19 - [TEST_STEP][PASSED] - Statement - For ([n = 1, n <= batchsize - 1, (n++)]): null

2018-05-30 17:44:19 - [TEST_STEP][PASSED] - Statement - product = new com.kms.katalon.core.testobject.TestObject(): null

2018-05-30 17:44:19 - [TEST_STEP][PASSED] - Statement - product = com.kms.katalon.core.webui.keyword.WebUiBuiltInKeywords.modifyObjectProperty(product, "xpath", "equals", "//*[@id = "fldvendor" + row + ""]", true): Modify property of object successfully

2018-05-30 17:44:19 - [MESSAGE][PASSED] - Modify property of object successfully

2018-05-30 17:44:19 - [TEST_STEP][PASSED] - selectOptionByIndex: All options with index in [1] are selected on object ''

2018-05-30 17:44:19 - [MESSAGE][PASSED] - All options with index in [1] are selected on object ''

2018-05-30 17:44:19 - [TEST_STEP][PASSED] - delay: Delayed 2 second(s)

2018-05-30 17:44:21 - [MESSAGE][PASSED] - Delayed 2 second(s)

2018-05-30 17:44:21 - [TEST_STEP][PASSED] - Statement - batch = new com.kms.katalon.core.testobject.TestObject(): null

2018-05-30 17:44:21 - [TEST_STEP][PASSED] - Statement - batch = com.kms.katalon.core.webui.keyword.WebUiBuiltInKeywords.modifyObjectProperty(batch, "xpath", "equals", "//*[@id = "txtbthqty" + row + ""]", true): Modify property of object successfully

2018-05-30 17:44:21 - [MESSAGE][PASSED] - Modify property of object successfully

2018-05-30 17:44:21 - [TEST_STEP][PASSED] - Statement - batchqty = com.kms.katalon.core.webui.keyword.WebUiBuiltInKeywords.getAttribute(batch, "value").trim(): Attribute 'value' of object '' is: '2900'

2018-05-30 17:44:21 - [MESSAGE][PASSED] - Attribute 'value' of object '' is: '2900'

2018-05-30 17:44:21 - [TEST_STEP][PASSED] - Statement - Rqty = 100: null

2018-05-30 17:44:21 - [TEST_STEP][PASSED] - Statement - out.println("BatchQty : " + batchqty): null

2018-05-30 17:44:21 - [TEST_STEP][PASSED] - Statement - out.println("RQty : " + Rqty): null

2018-05-30 17:44:21 - [TEST_STEP][PASSED] - Statement - If (java.lang.Integer.valueOf(batchqty) >= java.lang.Integer.valueOf(Rqty)): null

2018-05-30 17:44:21 - [TEST_STEP][PASSED] - Statement - Break: null

2018-05-30 17:44:21 - [TEST_STEP][PASSED] - Statement - batchlength = new com.kms.katalon.core.testobject.TestObject(): null

2018-05-30 17:44:21 - [TEST_STEP][PASSED] - Statement - batchlength = com.kms.katalon.core.webui.keyword.WebUiBuiltInKeywords.modifyObjectProperty(batchlength, "xpath", "equals", "//*[@id = "fldvendor" + row + ""]", true): Modify property of object successfully

2018-05-30 17:44:21 - [MESSAGE][PASSED] - Modify property of object successfully

2018-05-30 17:44:21 - [TEST_STEP][PASSED] - Statement - batchsize = com.kms.katalon.core.webui.keyword.WebUiBuiltInKeywords.getNumberOfTotalOption(batchlength): 9 options of object '' counted

2018-05-30 17:44:21 - [MESSAGE][PASSED] - 9 options of object '' counted

2018-05-30 17:44:21 - [TEST_STEP][PASSED] - Statement - out.println("BatchSize : " + batchsize): null

2018-05-30 17:44:21 - [TEST_STEP][PASSED] - Statement - For ([n = 1, n <= batchsize - 1, (n++)]): null

2018-05-30 17:44:21 - [TEST_STEP][PASSED] - Statement - product = new com.kms.katalon.core.testobject.TestObject(): null

2018-05-30 17:44:21 - [TEST_STEP][PASSED] - Statement - product = com.kms.katalon.core.webui.keyword.WebUiBuiltInKeywords.modifyObjectProperty(product, "xpath", "equals", "//*[@id = "fldvendor" + row + ""]", true): Modify property of object successfully

2018-05-30 17:44:21 - [MESSAGE][PASSED] - Modify property of object successfully

2018-05-30 17:44:21 - [TEST_STEP][PASSED] - selectOptionByIndex: All options with index in [1] are selected on object ''

2018-05-30 17:44:21 - [MESSAGE][PASSED] - All options with index in [1] are selected on object ''

2018-05-30 17:44:21 - [TEST_STEP][PASSED] - delay: Delayed 2 second(s)

2018-05-30 17:44:23 - [MESSAGE][PASSED] - Delayed 2 second(s)

2018-05-30 17:44:23 - [TEST_STEP][PASSED] - Statement - batch = new com.kms.katalon.core.testobject.TestObject(): null

2018-05-30 17:44:23 - [TEST_STEP][PASSED] - Statement - batch = com.kms.katalon.core.webui.keyword.WebUiBuiltInKeywords.modifyObjectProperty(batch, "xpath", "equals", "//*[@id = "txtbthqty" + row + ""]", true): Modify property of object successfully

2018-05-30 17:44:23 - [MESSAGE][PASSED] - Modify property of object successfully

2018-05-30 17:44:23 - [TEST_STEP][PASSED] - Statement - batchqty = com.kms.katalon.core.webui.keyword.WebUiBuiltInKeywords.getAttribute(batch, "value").trim(): Attribute 'value' of object '' is: '3900'

2018-05-30 17:44:23 - [MESSAGE][PASSED] - Attribute 'value' of object '' is: '3900'

2018-05-30 17:44:23 - [TEST_STEP][PASSED] - Statement - Rqty = 100: null

2018-05-30 17:44:23 - [TEST_STEP][PASSED] - Statement - out.println("BatchQty : " + batchqty): null

2018-05-30 17:44:23 - [TEST_STEP][PASSED] - Statement - out.println("RQty : " + Rqty): null

2018-05-30 17:44:23 - [TEST_STEP][PASSED] - Statement - If (java.lang.Integer.valueOf(batchqty) >= java.lang.Integer.valueOf(Rqty)): null

2018-05-30 17:44:23 - [TEST_STEP][PASSED] - Statement - Break: null

2018-05-30 17:44:23 - [TEST_STEP][PASSED] - Statement - batchlength = new com.kms.katalon.core.testobject.TestObject(): null

2018-05-30 17:44:23 - [TEST_STEP][PASSED] - Statement - batchlength = com.kms.katalon.core.webui.keyword.WebUiBuiltInKeywords.modifyObjectProperty(batchlength, "xpath", "equals", "//*[@id = "fldvendor" + row + ""]", true): Modify property of object successfully

2018-05-30 17:44:23 - [MESSAGE][PASSED] - Modify property of object successfully

2018-05-30 17:44:23 - [TEST_STEP][PASSED] - Statement - batchsize = com.kms.katalon.core.webui.keyword.WebUiBuiltInKeywords.getNumberOfTotalOption(batchlength): 9 options of object '' counted

2018-05-30 17:44:23 - [MESSAGE][PASSED] - 9 options of object '' counted

2018-05-30 17:44:23 - [TEST_STEP][PASSED] - Statement - out.println("BatchSize : " + batchsize): null

2018-05-30 17:44:23 - [TEST_STEP][PASSED] - Statement - For ([n = 1, n <= batchsize - 1, (n++)]): null

2018-05-30 17:44:23 - [TEST_STEP][PASSED] - Statement - product = new com.kms.katalon.core.testobject.TestObject(): null

2018-05-30 17:44:23 - [TEST_STEP][PASSED] - Statement - product = com.kms.katalon.core.webui.keyword.WebUiBuiltInKeywords.modifyObjectProperty(product, "xpath", "equals", "//*[@id = "fldvendor" + row + ""]", true): Modify property of object successfully

2018-05-30 17:44:23 - [MESSAGE][PASSED] - Modify property of object successfully

2018-05-30 17:44:23 - [TEST_STEP][PASSED] - selectOptionByIndex: All options with index in [1] are selected on object ''

2018-05-30 17:44:24 - [MESSAGE][PASSED] - All options with index in [1] are selected on object ''

2018-05-30 17:44:24 - [TEST_STEP][PASSED] - delay: Delayed 2 second(s)

2018-05-30 17:44:26 - [MESSAGE][PASSED] - Delayed 2 second(s)

2018-05-30 17:44:26 - [TEST_STEP][PASSED] - Statement - batch = new com.kms.katalon.core.testobject.TestObject(): null

2018-05-30 17:44:26 - [TEST_STEP][PASSED] - Statement - batch = com.kms.katalon.core.webui.keyword.WebUiBuiltInKeywords.modifyObjectProperty(batch, "xpath", "equals", "//*[@id = "txtbthqty" + row + ""]", true): Modify property of object successfully

2018-05-30 17:44:26 - [MESSAGE][PASSED] - Modify property of object successfully

2018-05-30 17:44:26 - [TEST_STEP][PASSED] - Statement - batchqty = com.kms.katalon.core.webui.keyword.WebUiBuiltInKeywords.getAttribute(batch, "value").trim(): Attribute 'value' of object '' is: '3900'

2018-05-30 17:44:26 - [MESSAGE][PASSED] - Attribute 'value' of object '' is: '3900'

2018-05-30 17:44:26 - [TEST_STEP][PASSED] - Statement - Rqty = 100: null

2018-05-30 17:44:26 - [TEST_STEP][PASSED] - Statement - out.println("BatchQty : " + batchqty): null

2018-05-30 17:44:26 - [TEST_STEP][PASSED] - Statement - out.println("RQty : " + Rqty): null

2018-05-30 17:44:26 - [TEST_STEP][PASSED] - Statement - If (java.lang.Integer.valueOf(batchqty) >= java.lang.Integer.valueOf(Rqty)): null

2018-05-30 17:44:26 - [TEST_STEP][PASSED] - Statement - Break: null

2018-05-30 17:44:26 - [TEST_STEP][PASSED] - Statement - batchlength = new com.kms.katalon.core.testobject.TestObject(): null

2018-05-30 17:44:26 - [TEST_STEP][PASSED] - Statement - batchlength = com.kms.katalon.core.webui.keyword.WebUiBuiltInKeywords.modifyObjectProperty(batchlength, "xpath", "equals", "//*[@id = "fldvendor" + row + ""]", true): Modify property of object successfully

2018-05-30 17:44:26 - [MESSAGE][PASSED] - Modify property of object successfully

2018-05-30 17:44:26 - [TEST_STEP][PASSED] - Statement - batchsize = com.kms.katalon.core.webui.keyword.WebUiBuiltInKeywords.getNumberOfTotalOption(batchlength): 9 options of object '' counted

2018-05-30 17:44:26 - [MESSAGE][PASSED] - 9 options of object '' counted

2018-05-30 17:44:26 - [TEST_STEP][PASSED] - Statement - out.println("BatchSize : " + batchsize): null

2018-05-30 17:44:26 - [TEST_STEP][PASSED] - Statement - For ([n = 1, n <= batchsize - 1, (n++)]): null

2018-05-30 17:44:26 - [TEST_STEP][PASSED] - Statement - product = new com.kms.katalon.core.testobject.TestObject(): null

2018-05-30 17:44:26 - [TEST_STEP][PASSED] - Statement - product = com.kms.katalon.core.webui.keyword.WebUiBuiltInKeywords.modifyObjectProperty(product, "xpath", "equals", "//*[@id = "fldvendor" + row + ""]", true): Modify property of object successfully

2018-05-30 17:44:26 - [MESSAGE][PASSED] - Modify property of object successfully

2018-05-30 17:44:26 - [TEST_STEP][PASSED] - selectOptionByIndex: All options with index in [1] are selected on object ''

2018-05-30 17:44:26 - [MESSAGE][PASSED] - All options with index in [1] are selected on object ''

2018-05-30 17:44:26 - [TEST_STEP][PASSED] - delay: Delayed 2 second(s)

2018-05-30 17:44:28 - [MESSAGE][PASSED] - Delayed 2 second(s)

2018-05-30 17:44:28 - [TEST_STEP][PASSED] - Statement - batch = new com.kms.katalon.core.testobject.TestObject(): null

2018-05-30 17:44:28 - [TEST_STEP][PASSED] - Statement - batch = com.kms.katalon.core.webui.keyword.WebUiBuiltInKeywords.modifyObjectProperty(batch, "xpath", "equals", "//*[@id = "txtbthqty" + row + ""]", true): Modify property of object successfully

2018-05-30 17:44:28 - [MESSAGE][PASSED] - Modify property of object successfully

2018-05-30 17:44:28 - [TEST_STEP][PASSED] - Statement - batchqty = com.kms.katalon.core.webui.keyword.WebUiBuiltInKeywords.getAttribute(batch, "value").trim(): Attribute 'value' of object '' is: '2900'

2018-05-30 17:44:28 - [MESSAGE][PASSED] - Attribute 'value' of object '' is: '2900'

2018-05-30 17:44:28 - [TEST_STEP][PASSED] - Statement - Rqty = 100: null

2018-05-30 17:44:28 - [TEST_STEP][PASSED] - Statement - out.println("BatchQty : " + batchqty): null

2018-05-30 17:44:28 - [TEST_STEP][PASSED] - Statement - out.println("RQty : " + Rqty): null

2018-05-30 17:44:28 - [TEST_STEP][PASSED] - Statement - If (java.lang.Integer.valueOf(batchqty) >= java.lang.Integer.valueOf(Rqty)): null

2018-05-30 17:44:28 - [TEST_STEP][PASSED] - Statement - Break: null

2018-05-30 17:44:28 - [TEST_STEP][PASSED] - Statement - batchlength = new com.kms.katalon.core.testobject.TestObject(): null

2018-05-30 17:44:28 - [TEST_STEP][PASSED] - Statement - batchlength = com.kms.katalon.core.webui.keyword.WebUiBuiltInKeywords.modifyObjectProperty(batchlength, "xpath", "equals", "//*[@id = "fldvendor" + row + ""]", true): Modify property of object successfully

2018-05-30 17:44:28 - [MESSAGE][PASSED] - Modify property of object successfully

2018-05-30 17:44:28 - [TEST_STEP][PASSED] - Statement - batchsize = com.kms.katalon.core.webui.keyword.WebUiBuiltInKeywords.getNumberOfTotalOption(batchlength): 9 options of object '' counted

2018-05-30 17:44:28 - [MESSAGE][PASSED] - 9 options of object '' counted

2018-05-30 17:44:28 - [TEST_STEP][PASSED] - Statement - out.println("BatchSize : " + batchsize): null

2018-05-30 17:44:28 - [TEST_STEP][PASSED] - Statement - For ([n = 1, n <= batchsize - 1, (n++)]): null

2018-05-30 17:44:28 - [TEST_STEP][PASSED] - Statement - product = new com.kms.katalon.core.testobject.TestObject(): null

2018-05-30 17:44:28 - [TEST_STEP][PASSED] - Statement - product = com.kms.katalon.core.webui.keyword.WebUiBuiltInKeywords.modifyObjectProperty(product, "xpath", "equals", "//*[@id = "fldvendor" + row + ""]", true): Modify property of object successfully

2018-05-30 17:44:28 - [MESSAGE][PASSED] - Modify property of object successfully

2018-05-30 17:44:28 - [TEST_STEP][PASSED] - selectOptionByIndex: All options with index in [1] are selected on object ''

2018-05-30 17:44:28 - [MESSAGE][PASSED] - All options with index in [1] are selected on object ''

2018-05-30 17:44:28 - [TEST_STEP][PASSED] - delay: Delayed 2 second(s)

2018-05-30 17:44:30 - [MESSAGE][PASSED] - Delayed 2 second(s)

2018-05-30 17:44:30 - [TEST_STEP][PASSED] - Statement - batch = new com.kms.katalon.core.testobject.TestObject(): null

2018-05-30 17:44:30 - [TEST_STEP][PASSED] - Statement - batch = com.kms.katalon.core.webui.keyword.WebUiBuiltInKeywords.modifyObjectProperty(batch, "xpath", "equals", "//*[@id = "txtbthqty" + row + ""]", true): Modify property of object successfully

2018-05-30 17:44:30 - [MESSAGE][PASSED] - Modify property of object successfully

2018-05-30 17:44:30 - [TEST_STEP][PASSED] - Statement - batchqty = com.kms.katalon.core.webui.keyword.WebUiBuiltInKeywords.getAttribute(batch, "value").trim(): Attribute 'value' of object '' is: '3900'

2018-05-30 17:44:30 - [MESSAGE][PASSED] - Attribute 'value' of object '' is: '3900'

2018-05-30 17:44:30 - [TEST_STEP][PASSED] - Statement - Rqty = 100: null

2018-05-30 17:44:30 - [TEST_STEP][PASSED] - Statement - out.println("BatchQty : " + batchqty): null

2018-05-30 17:44:30 - [TEST_STEP][PASSED] - Statement - out.println("RQty : " + Rqty): null

2018-05-30 17:44:30 - [TEST_STEP][PASSED] - Statement - If (java.lang.Integer.valueOf(batchqty) >= java.lang.Integer.valueOf(Rqty)): null

2018-05-30 17:44:30 - [TEST_STEP][PASSED] - Statement - Break: null

2018-05-30 17:44:30 - [TEST_STEP][PASSED] - Statement - batchlength = new com.kms.katalon.core.testobject.TestObject(): null

2018-05-30 17:44:30 - [TEST_STEP][PASSED] - Statement - batchlength = com.kms.katalon.core.webui.keyword.WebUiBuiltInKeywords.modifyObjectProperty(batchlength, "xpath", "equals", "//*[@id = "fldvendor" + row + ""]", true): Modify property of object successfully

2018-05-30 17:44:30 - [MESSAGE][PASSED] - Modify property of object successfully

2018-05-30 17:44:30 - [TEST_STEP][PASSED] - Statement - batchsize = com.kms.katalon.core.webui.keyword.WebUiBuiltInKeywords.getNumberOfTotalOption(batchlength): 9 options of object '' counted

2018-05-30 17:44:30 - [MESSAGE][PASSED] - 9 options of object '' counted

2018-05-30 17:44:30 - [TEST_STEP][PASSED] - Statement - out.println("BatchSize : " + batchsize): null

2018-05-30 17:44:30 - [TEST_STEP][PASSED] - Statement - For ([n = 1, n <= batchsize - 1, (n++)]): null

2018-05-30 17:44:30 - [TEST_STEP][PASSED] - Statement - product = new com.kms.katalon.core.testobject.TestObject(): null

2018-05-30 17:44:30 - [TEST_STEP][PASSED] - Statement - product = com.kms.katalon.core.webui.keyword.WebUiBuiltInKeywords.modifyObjectProperty(product, "xpath", "equals", "//*[@id = "fldvendor" + row + ""]", true): Modify property of object successfully

2018-05-30 17:44:30 - [MESSAGE][PASSED] - Modify property of object successfully

2018-05-30 17:44:30 - [TEST_STEP][PASSED] - selectOptionByIndex: All options with index in [1] are selected on object ''

2018-05-30 17:44:30 - [MESSAGE][PASSED] - All options with index in [1] are selected on object ''

2018-05-30 17:44:30 - [TEST_STEP][PASSED] - delay: Delayed 2 second(s)

2018-05-30 17:44:32 - [MESSAGE][PASSED] - Delayed 2 second(s)

2018-05-30 17:44:32 - [TEST_STEP][PASSED] - Statement - batch = new com.kms.katalon.core.testobject.TestObject(): null

2018-05-30 17:44:32 - [TEST_STEP][PASSED] - Statement - batch = com.kms.katalon.core.webui.keyword.WebUiBuiltInKeywords.modifyObjectProperty(batch, "xpath", "equals", "//*[@id = "txtbthqty" + row + ""]", true): Modify property of object successfully

2018-05-30 17:44:32 - [MESSAGE][PASSED] - Modify property of object successfully

2018-05-30 17:44:32 - [TEST_STEP][PASSED] - Statement - batchqty = com.kms.katalon.core.webui.keyword.WebUiBuiltInKeywords.getAttribute(batch, "value").trim(): Attribute 'value' of object '' is: '4700'

2018-05-30 17:44:32 - [MESSAGE][PASSED] - Attribute 'value' of object '' is: '4700'

2018-05-30 17:44:32 - [TEST_STEP][PASSED] - Statement - Rqty = 100: null

2018-05-30 17:44:32 - [TEST_STEP][PASSED] - Statement - out.println("BatchQty : " + batchqty): null

2018-05-30 17:44:32 - [TEST_STEP][PASSED] - Statement - out.println("RQty : " + Rqty): null

2018-05-30 17:44:32 - [TEST_STEP][PASSED] - Statement - If (java.lang.Integer.valueOf(batchqty) >= java.lang.Integer.valueOf(Rqty)): null

2018-05-30 17:44:32 - [TEST_STEP][PASSED] - Statement - Break: null

2018-05-30 17:44:32 - [TEST_STEP][PASSED] - Statement - batchlength = new com.kms.katalon.core.testobject.TestObject(): null

2018-05-30 17:44:32 - [TEST_STEP][PASSED] - Statement - batchlength = com.kms.katalon.core.webui.keyword.WebUiBuiltInKeywords.modifyObjectProperty(batchlength, "xpath", "equals", "//*[@id = "fldvendor" + row + ""]", true): Modify property of object successfully

2018-05-30 17:44:32 - [MESSAGE][PASSED] - Modify property of object successfully

2018-05-30 17:44:32 - [TEST_STEP][PASSED] - Statement - batchsize = com.kms.katalon.core.webui.keyword.WebUiBuiltInKeywords.getNumberOfTotalOption(batchlength): 9 options of object '' counted

2018-05-30 17:44:32 - [MESSAGE][PASSED] - 9 options of object '' counted

2018-05-30 17:44:32 - [TEST_STEP][PASSED] - Statement - out.println("BatchSize : " + batchsize): null

2018-05-30 17:44:32 - [TEST_STEP][PASSED] - Statement - For ([n = 1, n <= batchsize - 1, (n++)]): null

2018-05-30 17:44:32 - [TEST_STEP][PASSED] - Statement - product = new com.kms.katalon.core.testobject.TestObject(): null

2018-05-30 17:44:32 - [TEST_STEP][PASSED] - Statement - product = com.kms.katalon.core.webui.keyword.WebUiBuiltInKeywords.modifyObjectProperty(product, "xpath", "equals", "//*[@id = "fldvendor" + row + ""]", true): Modify property of object successfully

2018-05-30 17:44:32 - [MESSAGE][PASSED] - Modify property of object successfully

2018-05-30 17:44:32 - [TEST_STEP][PASSED] - selectOptionByIndex: All options with index in [1] are selected on object ''

2018-05-30 17:44:33 - [MESSAGE][PASSED] - All options with index in [1] are selected on object ''

2018-05-30 17:44:33 - [TEST_STEP][PASSED] - delay: Delayed 2 second(s)

2018-05-30 17:44:35 - [MESSAGE][PASSED] - Delayed 2 second(s)

2018-05-30 17:44:35 - [TEST_STEP][PASSED] - Statement - batch = new com.kms.katalon.core.testobject.TestObject(): null

2018-05-30 17:44:35 - [TEST_STEP][PASSED] - Statement - batch = com.kms.katalon.core.webui.keyword.WebUiBuiltInKeywords.modifyObjectProperty(batch, "xpath", "equals", "//*[@id = "txtbthqty" + row + ""]", true): Modify property of object successfully

2018-05-30 17:44:35 - [MESSAGE][PASSED] - Modify property of object successfully

2018-05-30 17:44:35 - [TEST_STEP][PASSED] - Statement - batchqty = com.kms.katalon.core.webui.keyword.WebUiBuiltInKeywords.getAttribute(batch, "value").trim(): Attribute 'value' of object '' is: '5000'

2018-05-30 17:44:35 - [MESSAGE][PASSED] - Attribute 'value' of object '' is: '5000'

2018-05-30 17:44:35 - [TEST_STEP][PASSED] - Statement - Rqty = 100: null

2018-05-30 17:44:35 - [TEST_STEP][PASSED] - Statement - out.println("BatchQty : " + batchqty): null

2018-05-30 17:44:35 - [TEST_STEP][PASSED] - Statement - out.println("RQty : " + Rqty): null

2018-05-30 17:44:35 - [TEST_STEP][PASSED] - Statement - If (java.lang.Integer.valueOf(batchqty) >= java.lang.Integer.valueOf(Rqty)): null

2018-05-30 17:44:35 - [TEST_STEP][PASSED] - Statement - Break: null

2018-05-30 17:44:35 - [TEST_STEP][PASSED] - Statement - batchlength = new com.kms.katalon.core.testobject.TestObject(): null

2018-05-30 17:44:35 - [TEST_STEP][PASSED] - Statement - batchlength = com.kms.katalon.core.webui.keyword.WebUiBuiltInKeywords.modifyObjectProperty(batchlength, "xpath", "equals", "//*[@id = "fldvendor" + row + ""]", true): Modify property of object successfully

2018-05-30 17:44:35 - [MESSAGE][PASSED] - Modify property of object successfully

2018-05-30 17:44:35 - [TEST_STEP][PASSED] - Statement - batchsize = com.kms.katalon.core.webui.keyword.WebUiBuiltInKeywords.getNumberOfTotalOption(batchlength): 9 options of object '' counted

2018-05-30 17:44:35 - [MESSAGE][PASSED] - 9 options of object '' counted

2018-05-30 17:44:35 - [TEST_STEP][PASSED] - Statement - out.println("BatchSize : " + batchsize): null

2018-05-30 17:44:35 - [TEST_STEP][PASSED] - Statement - For ([n = 1, n <= batchsize - 1, (n++)]): null

2018-05-30 17:44:35 - [TEST_STEP][PASSED] - Statement - product = new com.kms.katalon.core.testobject.TestObject(): null

2018-05-30 17:44:35 - [TEST_STEP][PASSED] - Statement - product = com.kms.katalon.core.webui.keyword.WebUiBuiltInKeywords.modifyObjectProperty(product, "xpath", "equals", "//*[@id = "fldvendor" + row + ""]", true): Modify property of object successfully

2018-05-30 17:44:35 - [MESSAGE][PASSED] - Modify property of object successfully

2018-05-30 17:44:35 - [TEST_STEP][PASSED] - selectOptionByIndex: All options with index in [1] are selected on object ''

2018-05-30 17:44:35 - [MESSAGE][PASSED] - All options with index in [1] are selected on object ''

2018-05-30 17:44:35 - [TEST_STEP][PASSED] - delay: Delayed 2 second(s)

2018-05-30 17:44:37 - [MESSAGE][PASSED] - Delayed 2 second(s)

2018-05-30 17:44:37 - [TEST_STEP][PASSED] - Statement - batch = new com.kms.katalon.core.testobject.TestObject(): null

2018-05-30 17:44:37 - [TEST_STEP][PASSED] - Statement - batch = com.kms.katalon.core.webui.keyword.WebUiBuiltInKeywords.modifyObjectProperty(batch, "xpath", "equals", "//*[@id = "txtbthqty" + row + ""]", true): Modify property of object successfully

2018-05-30 17:44:37 - [MESSAGE][PASSED] - Modify property of object successfully

2018-05-30 17:44:37 - [TEST_STEP][PASSED] - Statement - batchqty = com.kms.katalon.core.webui.keyword.WebUiBuiltInKeywords.getAttribute(batch, "value").trim(): Attribute 'value' of object '' is: '3900'

2018-05-30 17:44:37 - [MESSAGE][PASSED] - Attribute 'value' of object '' is: '3900'

2018-05-30 17:44:37 - [TEST_STEP][PASSED] - Statement - Rqty = 100: null

2018-05-30 17:44:37 - [TEST_STEP][PASSED] - Statement - out.println("BatchQty : " + batchqty): null

2018-05-30 17:44:37 - [TEST_STEP][PASSED] - Statement - out.println("RQty : " + Rqty): null

2018-05-30 17:44:37 - [TEST_STEP][PASSED] - Statement - If (java.lang.Integer.valueOf(batchqty) >= java.lang.Integer.valueOf(Rqty)): null

2018-05-30 17:44:37 - [TEST_STEP][PASSED] - Statement - Break: null

2018-05-30 17:44:37 - [TEST_STEP][PASSED] - Statement - batchlength = new com.kms.katalon.core.testobject.TestObject(): null

2018-05-30 17:44:37 - [TEST_STEP][PASSED] - Statement - batchlength = com.kms.katalon.core.webui.keyword.WebUiBuiltInKeywords.modifyObjectProperty(batchlength, "xpath", "equals", "//*[@id = "fldvendor" + row + ""]", true): Modify property of object successfully

2018-05-30 17:44:37 - [MESSAGE][PASSED] - Modify property of object successfully

2018-05-30 17:44:37 - [TEST_STEP][PASSED] - Statement - batchsize = com.kms.katalon.core.webui.keyword.WebUiBuiltInKeywords.getNumberOfTotalOption(batchlength): 9 options of object '' counted

2018-05-30 17:44:37 - [MESSAGE][PASSED] - 9 options of object '' counted

2018-05-30 17:44:37 - [TEST_STEP][PASSED] - Statement - out.println("BatchSize : " + batchsize): null

2018-05-30 17:44:37 - [TEST_STEP][PASSED] - Statement - For ([n = 1, n <= batchsize - 1, (n++)]): null

2018-05-30 17:44:37 - [TEST_STEP][PASSED] - Statement - product = new com.kms.katalon.core.testobject.TestObject(): null

2018-05-30 17:44:37 - [TEST_STEP][PASSED] - Statement - product = com.kms.katalon.core.webui.keyword.WebUiBuiltInKeywords.modifyObjectProperty(product, "xpath", "equals", "//*[@id = "fldvendor" + row + ""]", true): Modify property of object successfully

2018-05-30 17:44:37 - [MESSAGE][PASSED] - Modify property of object successfully

2018-05-30 17:44:37 - [TEST_STEP][PASSED] - selectOptionByIndex: All options with index in [1] are selected on object ''

2018-05-30 17:44:37 - [MESSAGE][PASSED] - All options with index in [1] are selected on object ''

2018-05-30 17:44:37 - [TEST_STEP][PASSED] - delay: Delayed 2 second(s)

2018-05-30 17:44:39 - [MESSAGE][PASSED] - Delayed 2 second(s)

2018-05-30 17:44:39 - [TEST_STEP][PASSED] - Statement - batch = new com.kms.katalon.core.testobject.TestObject(): null

2018-05-30 17:44:39 - [TEST_STEP][PASSED] - Statement - batch = com.kms.katalon.core.webui.keyword.WebUiBuiltInKeywords.modifyObjectProperty(batch, "xpath", "equals", "//*[@id = "txtbthqty" + row + ""]", true): Modify property of object successfully

2018-05-30 17:44:39 - [MESSAGE][PASSED] - Modify property of object successfully

2018-05-30 17:44:39 - [TEST_STEP][PASSED] - Statement - batchqty = com.kms.katalon.core.webui.keyword.WebUiBuiltInKeywords.getAttribute(batch, "value").trim(): Attribute 'value' of object '' is: '5000'

2018-05-30 17:44:39 - [MESSAGE][PASSED] - Attribute 'value' of object '' is: '5000'

2018-05-30 17:44:39 - [TEST_STEP][PASSED] - Statement - Rqty = 100: null

2018-05-30 17:44:39 - [TEST_STEP][PASSED] - Statement - out.println("BatchQty : " + batchqty): null

2018-05-30 17:44:39 - [TEST_STEP][PASSED] - Statement - out.println("RQty : " + Rqty): null

2018-05-30 17:44:39 - [TEST_STEP][PASSED] - Statement - If (java.lang.Integer.valueOf(batchqty) >= java.lang.Integer.valueOf(Rqty)): null

2018-05-30 17:44:39 - [TEST_STEP][PASSED] - Statement - Break: null

2018-05-30 17:44:39 - [TEST_STEP][PASSED] - Statement - batchlength = new com.kms.katalon.core.testobject.TestObject(): null

2018-05-30 17:44:39 - [TEST_STEP][PASSED] - Statement - batchlength = com.kms.katalon.core.webui.keyword.WebUiBuiltInKeywords.modifyObjectProperty(batchlength, "xpath", "equals", "//*[@id = "fldvendor" + row + ""]", true): Modify property of object successfully

2018-05-30 17:44:39 - [MESSAGE][PASSED] - Modify property of object successfully

2018-05-30 17:44:39 - [TEST_STEP][PASSED] - Statement - batchsize = com.kms.katalon.core.webui.keyword.WebUiBuiltInKeywords.getNumberOfTotalOption(batchlength): 9 options of object '' counted

2018-05-30 17:44:39 - [MESSAGE][PASSED] - 9 options of object '' counted

2018-05-30 17:44:39 - [TEST_STEP][PASSED] - Statement - out.println("BatchSize : " + batchsize): null

2018-05-30 17:44:39 - [TEST_STEP][PASSED] - Statement - For ([n = 1, n <= batchsize - 1, (n++)]): null

2018-05-30 17:44:39 - [TEST_STEP][PASSED] - Statement - product = new com.kms.katalon.core.testobject.TestObject(): null

2018-05-30 17:44:39 - [TEST_STEP][PASSED] - Statement - product = com.kms.katalon.core.webui.keyword.WebUiBuiltInKeywords.modifyObjectProperty(product, "xpath", "equals", "//*[@id = "fldvendor" + row + ""]", true): Modify property of object successfully

2018-05-30 17:44:39 - [MESSAGE][PASSED] - Modify property of object successfully

2018-05-30 17:44:39 - [TEST_STEP][PASSED] - selectOptionByIndex: All options with index in [1] are selected on object ''

2018-05-30 17:44:39 - [MESSAGE][PASSED] - All options with index in [1] are selected on object ''

2018-05-30 17:44:39 - [TEST_STEP][PASSED] - delay: Delayed 2 second(s)

2018-05-30 17:44:41 - [MESSAGE][PASSED] - Delayed 2 second(s)

2018-05-30 17:44:41 - [TEST_STEP][PASSED] - Statement - batch = new com.kms.katalon.core.testobject.TestObject(): null

2018-05-30 17:44:41 - [TEST_STEP][PASSED] - Statement - batch = com.kms.katalon.core.webui.keyword.WebUiBuiltInKeywords.modifyObjectProperty(batch, "xpath", "equals", "//*[@id = "txtbthqty" + row + ""]", true): Modify property of object successfully

2018-05-30 17:44:41 - [MESSAGE][PASSED] - Modify property of object successfully

2018-05-30 17:44:41 - [TEST_STEP][PASSED] - Statement - batchqty = com.kms.katalon.core.webui.keyword.WebUiBuiltInKeywords.getAttribute(batch, "value").trim(): Attribute 'value' of object '' is: '37800'

2018-05-30 17:44:41 - [MESSAGE][PASSED] - Attribute 'value' of object '' is: '37800'

2018-05-30 17:44:41 - [TEST_STEP][PASSED] - Statement - Rqty = 100: null

2018-05-30 17:44:41 - [TEST_STEP][PASSED] - Statement - out.println("BatchQty : " + batchqty): null

2018-05-30 17:44:41 - [TEST_STEP][PASSED] - Statement - out.println("RQty : " + Rqty): null

2018-05-30 17:44:41 - [TEST_STEP][PASSED] - Statement - If (java.lang.Integer.valueOf(batchqty) >= java.lang.Integer.valueOf(Rqty)): null

2018-05-30 17:44:41 - [TEST_STEP][PASSED] - Statement - Break: null

2018-05-30 17:44:41 - [TEST_STEP][PASSED] - Statement - batchlength = new com.kms.katalon.core.testobject.TestObject(): null

2018-05-30 17:44:41 - [TEST_STEP][PASSED] - Statement - batchlength = com.kms.katalon.core.webui.keyword.WebUiBuiltInKeywords.modifyObjectProperty(batchlength, "xpath", "equals", "//*[@id = "fldvendor" + row + ""]", true): Modify property of object successfully

2018-05-30 17:44:41 - [MESSAGE][PASSED] - Modify property of object successfully

2018-05-30 17:44:41 - [TEST_STEP][PASSED] - Statement - batchsize = com.kms.katalon.core.webui.keyword.WebUiBuiltInKeywords.getNumberOfTotalOption(batchlength): 9 options of object '' counted

2018-05-30 17:44:41 - [MESSAGE][PASSED] - 9 options of object '' counted

2018-05-30 17:44:41 - [TEST_STEP][PASSED] - Statement - out.println("BatchSize : " + batchsize): null

2018-05-30 17:44:41 - [TEST_STEP][PASSED] - Statement - For ([n = 1, n <= batchsize - 1, (n++)]): null

2018-05-30 17:44:41 - [TEST_STEP][PASSED] - Statement - product = new com.kms.katalon.core.testobject.TestObject(): null

2018-05-30 17:44:41 - [TEST_STEP][PASSED] - Statement - product = com.kms.katalon.core.webui.keyword.WebUiBuiltInKeywords.modifyObjectProperty(product, "xpath", "equals", "//*[@id = "fldvendor" + row + ""]", true): Modify property of object successfully

2018-05-30 17:44:41 - [MESSAGE][PASSED] - Modify property of object successfully

2018-05-30 17:44:41 - [TEST_STEP][PASSED] - selectOptionByIndex: All options with index in [1] are selected on object ''

2018-05-30 17:44:42 - [MESSAGE][PASSED] - All options with index in [1] are selected on object ''

2018-05-30 17:44:42 - [TEST_STEP][PASSED] - delay: Delayed 2 second(s)

2018-05-30 17:44:44 - [MESSAGE][PASSED] - Delayed 2 second(s)

2018-05-30 17:44:44 - [TEST_STEP][PASSED] - Statement - batch = new com.kms.katalon.core.testobject.TestObject(): null

2018-05-30 17:44:44 - [TEST_STEP][PASSED] - Statement - batch = com.kms.katalon.core.webui.keyword.WebUiBuiltInKeywords.modifyObjectProperty(batch, "xpath", "equals", "//*[@id = "txtbthqty" + row + ""]", true): Modify property of object successfully

2018-05-30 17:44:44 - [MESSAGE][PASSED] - Modify property of object successfully

2018-05-30 17:44:44 - [TEST_STEP][PASSED] - Statement - batchqty = com.kms.katalon.core.webui.keyword.WebUiBuiltInKeywords.getAttribute(batch, "value").trim(): Attribute 'value' of object '' is: '2900'

2018-05-30 17:44:44 - [MESSAGE][PASSED] - Attribute 'value' of object '' is: '2900'

2018-05-30 17:44:44 - [TEST_STEP][PASSED] - Statement - Rqty = 100: null

2018-05-30 17:44:44 - [TEST_STEP][PASSED] - Statement - out.println("BatchQty : " + batchqty): null

2018-05-30 17:44:44 - [TEST_STEP][PASSED] - Statement - out.println("RQty : " + Rqty): null

2018-05-30 17:44:44 - [TEST_STEP][PASSED] - Statement - If (java.lang.Integer.valueOf(batchqty) >= java.lang.Integer.valueOf(Rqty)): null

2018-05-30 17:44:44 - [TEST_STEP][PASSED] - Statement - Break: null

2018-05-30 17:44:44 - [TEST_STEP][PASSED] - Statement - batchlength = new com.kms.katalon.core.testobject.TestObject(): null

2018-05-30 17:44:44 - [TEST_STEP][PASSED] - Statement - batchlength = com.kms.katalon.core.webui.keyword.WebUiBuiltInKeywords.modifyObjectProperty(batchlength, "xpath", "equals", "//*[@id = "fldvendor" + row + ""]", true): Modify property of object successfully

2018-05-30 17:44:44 - [MESSAGE][PASSED] - Modify property of object successfully

2018-05-30 17:44:44 - [TEST_STEP][PASSED] - Statement - batchsize = com.kms.katalon.core.webui.keyword.WebUiBuiltInKeywords.getNumberOfTotalOption(batchlength): 9 options of object '' counted

2018-05-30 17:44:44 - [MESSAGE][PASSED] - 9 options of object '' counted

2018-05-30 17:44:44 - [TEST_STEP][PASSED] - Statement - out.println("BatchSize : " + batchsize): null

2018-05-30 17:44:44 - [TEST_STEP][PASSED] - Statement - For ([n = 1, n <= batchsize - 1, (n++)]): null

2018-05-30 17:44:44 - [TEST_STEP][PASSED] - Statement - product = new com.kms.katalon.core.testobject.TestObject(): null

2018-05-30 17:44:44 - [TEST_STEP][PASSED] - Statement - product = com.kms.katalon.core.webui.keyword.WebUiBuiltInKeywords.modifyObjectProperty(product, "xpath", "equals", "//*[@id = "fldvendor" + row + ""]", true): Modify property of object successfully

2018-05-30 17:44:44 - [MESSAGE][PASSED] - Modify property of object successfully

2018-05-30 17:44:44 - [TEST_STEP][PASSED] - selectOptionByIndex: All options with index in [1] are selected on object ''

2018-05-30 17:44:44 - [MESSAGE][PASSED] - All options with index in [1] are selected on object ''

2018-05-30 17:44:44 - [TEST_STEP][PASSED] - delay: Delayed 2 second(s)

2018-05-30 17:44:46 - [MESSAGE][PASSED] - Delayed 2 second(s)

2018-05-30 17:44:46 - [TEST_STEP][PASSED] - Statement - batch = new com.kms.katalon.core.testobject.TestObject(): null

2018-05-30 17:44:46 - [TEST_STEP][PASSED] - Statement - batch = com.kms.katalon.core.webui.keyword.WebUiBuiltInKeywords.modifyObjectProperty(batch, "xpath", "equals", "//*[@id = "txtbthqty" + row + ""]", true): Modify property of object successfully

2018-05-30 17:44:46 - [MESSAGE][PASSED] - Modify property of object successfully

2018-05-30 17:44:46 - [TEST_STEP][PASSED] - Statement - batchqty = com.kms.katalon.core.webui.keyword.WebUiBuiltInKeywords.getAttribute(batch, "value").trim(): Attribute 'value' of object '' is: '3900'

2018-05-30 17:44:46 - [MESSAGE][PASSED] - Attribute 'value' of object '' is: '3900'

2018-05-30 17:44:46 - [TEST_STEP][PASSED] - Statement - Rqty = 100: null

2018-05-30 17:44:46 - [TEST_STEP][PASSED] - Statement - out.println("BatchQty : " + batchqty): null

2018-05-30 17:44:46 - [TEST_STEP][PASSED] - Statement - out.println("RQty : " + Rqty): null

2018-05-30 17:44:46 - [TEST_STEP][PASSED] - Statement - If (java.lang.Integer.valueOf(batchqty) >= java.lang.Integer.valueOf(Rqty)): null

2018-05-30 17:44:46 - [TEST_STEP][PASSED] - Statement - Break: null

2018-05-30 17:44:46 - [TEST_STEP][PASSED] - Statement - batchlength = new com.kms.katalon.core.testobject.TestObject(): null

2018-05-30 17:44:46 - [TEST_STEP][PASSED] - Statement - batchlength = com.kms.katalon.core.webui.keyword.WebUiBuiltInKeywords.modifyObjectProperty(batchlength, "xpath", "equals", "//*[@id = "fldvendor" + row + ""]", true): Modify property of object successfully

2018-05-30 17:44:46 - [MESSAGE][PASSED] - Modify property of object successfully

2018-05-30 17:44:46 - [TEST_STEP][PASSED] - Statement - batchsize = com.kms.katalon.core.webui.keyword.WebUiBuiltInKeywords.getNumberOfTotalOption(batchlength): 9 options of object '' counted

2018-05-30 17:44:46 - [MESSAGE][PASSED] - 9 options of object '' counted

2018-05-30 17:44:46 - [TEST_STEP][PASSED] - Statement - out.println("BatchSize : " + batchsize): null

2018-05-30 17:44:46 - [TEST_STEP][PASSED] - Statement - For ([n = 1, n <= batchsize - 1, (n++)]): null

2018-05-30 17:44:46 - [TEST_STEP][PASSED] - Statement - product = new com.kms.katalon.core.testobject.TestObject(): null

2018-05-30 17:44:46 - [TEST_STEP][PASSED] - Statement - product = com.kms.katalon.core.webui.keyword.WebUiBuiltInKeywords.modifyObjectProperty(product, "xpath", "equals", "//*[@id = "fldvendor" + row + ""]", true): Modify property of object successfully

2018-05-30 17:44:46 - [MESSAGE][PASSED] - Modify property of object successfully

2018-05-30 17:44:46 - [TEST_STEP][PASSED] - selectOptionByIndex: All options with index in [1] are selected on object ''

2018-05-30 17:44:46 - [MESSAGE][PASSED] - All options with index in [1] are selected on object ''

2018-05-30 17:44:46 - [TEST_STEP][PASSED] - delay: Delayed 2 second(s)

2018-05-30 17:44:48 - [MESSAGE][PASSED] - Delayed 2 second(s)

2018-05-30 17:44:48 - [TEST_STEP][PASSED] - Statement - batch = new com.kms.katalon.core.testobject.TestObject(): null

2018-05-30 17:44:48 - [TEST_STEP][PASSED] - Statement - batch = com.kms.katalon.core.webui.keyword.WebUiBuiltInKeywords.modifyObjectProperty(batch, "xpath", "equals", "//*[@id = "txtbthqty" + row + ""]", true): Modify property of object successfully

2018-05-30 17:44:48 - [MESSAGE][PASSED] - Modify property of object successfully

2018-05-30 17:44:48 - [TEST_STEP][PASSED] - Statement - batchqty = com.kms.katalon.core.webui.keyword.WebUiBuiltInKeywords.getAttribute(batch, "value").trim(): Attribute 'value' of object '' is: '3900'

2018-05-30 17:44:48 - [MESSAGE][PASSED] - Attribute 'value' of object '' is: '3900'

2018-05-30 17:44:48 - [TEST_STEP][PASSED] - Statement - Rqty = 100: null

2018-05-30 17:44:48 - [TEST_STEP][PASSED] - Statement - out.println("BatchQty : " + batchqty): null

2018-05-30 17:44:48 - [TEST_STEP][PASSED] - Statement - out.println("RQty : " + Rqty): null

2018-05-30 17:44:48 - [TEST_STEP][PASSED] - Statement - If (java.lang.Integer.valueOf(batchqty) >= java.lang.Integer.valueOf(Rqty)): null

2018-05-30 17:44:48 - [TEST_STEP][PASSED] - Statement - Break: null

2018-05-30 17:44:48 - [TEST_STEP][PASSED] - Statement - batchlength = new com.kms.katalon.core.testobject.TestObject(): null

2018-05-30 17:44:48 - [TEST_STEP][PASSED] - Statement - batchlength = com.kms.katalon.core.webui.keyword.WebUiBuiltInKeywords.modifyObjectProperty(batchlength, "xpath", "equals", "//*[@id = "fldvendor" + row + ""]", true): Modify property of object successfully

2018-05-30 17:44:48 - [MESSAGE][PASSED] - Modify property of object successfully

2018-05-30 17:44:48 - [TEST_STEP][PASSED] - Statement - batchsize = com.kms.katalon.core.webui.keyword.WebUiBuiltInKeywords.getNumberOfTotalOption(batchlength): 9 options of object '' counted

2018-05-30 17:45:48 - [MESSAGE][PASSED] - 9 options of object '' counted

2018-05-30 17:45:48 - [TEST_STEP][PASSED] - Statement - out.println("BatchSize : " + batchsize): null

2018-05-30 17:45:48 - [TEST_STEP][PASSED] - Statement - For ([n = 1, n <= batchsize - 1, (n++)]): null

2018-05-30 17:45:48 - [TEST_STEP][PASSED] - Statement - product = new com.kms.katalon.core.testobject.TestObject(): null

2018-05-30 17:45:48 - [TEST_STEP][PASSED] - Statement - product = com.kms.katalon.core.webui.keyword.WebUiBuiltInKeywords.modifyObjectProperty(product, "xpath", "equals", "//*[@id = "fldvendor" + row + ""]", true): Modify property of object successfully

2018-05-30 17:45:48 - [MESSAGE][PASSED] - Modify property of object successfully

2018-05-30 17:45:48 - [TEST_STEP][PASSED] - selectOptionByIndex: All options with index in [1] are selected on object ''

2018-05-30 17:45:48 - [MESSAGE][PASSED] - All options with index in [1] are selected on object ''

2018-05-30 17:45:48 - [TEST_STEP][PASSED] - delay: Delayed 2 second(s)

2018-05-30 17:45:50 - [MESSAGE][PASSED] - Delayed 2 second(s)

2018-05-30 17:45:50 - [TEST_STEP][PASSED] - Statement - batch = new com.kms.katalon.core.testobject.TestObject(): null

2018-05-30 17:45:50 - [TEST_STEP][PASSED] - Statement - batch = com.kms.katalon.core.webui.keyword.WebUiBuiltInKeywords.modifyObjectProperty(batch, "xpath", "equals", "//*[@id = "txtbthqty" + row + ""]", true): Modify property of object successfully

2018-05-30 17:45:50 - [MESSAGE][PASSED] - Modify property of object successfully

2018-05-30 17:45:50 - [TEST_STEP][PASSED] - Statement - batchqty = com.kms.katalon.core.webui.keyword.WebUiBuiltInKeywords.getAttribute(batch, "value").trim(): Attribute 'value' of object '' is: '37800'

2018-05-30 17:45:50 - [MESSAGE][PASSED] - Attribute 'value' of object '' is: '37800'

2018-05-30 17:45:50 - [TEST_STEP][PASSED] - Statement - Rqty = 100: null

2018-05-30 17:45:50 - [TEST_STEP][PASSED] - Statement - out.println("BatchQty : " + batchqty): null

2018-05-30 17:45:50 - [TEST_STEP][PASSED] - Statement - out.println("RQty : " + Rqty): null

2018-05-30 17:45:50 - [TEST_STEP][PASSED] - Statement - If (java.lang.Integer.valueOf(batchqty) >= java.lang.Integer.valueOf(Rqty)): null

2018-05-30 17:45:50 - [TEST_STEP][PASSED] - Statement - Break: null

2018-05-30 17:45:50 - [TEST_STEP][PASSED] - click: Object: 'Object Repository/store Request Schedule 1/Page_KDMC - CMS/input_btndispatch' is clicked on

2018-05-30 17:45:51 - [MESSAGE][PASSED] - Object: 'Object Repository/store Request Schedule 1/Page_KDMC - CMS/input_btndispatch' is clicked on

2018-05-30 17:45:51 - [TEST_STEP][PASSED] - waitForElementVisible: Object 'Object Repository/store Request Schedule 1/Page_KDMC - CMS/button_OK' is visible

2018-05-30 17:45:52 - [MESSAGE][PASSED] - Object 'Object Repository/store Request Schedule 1/Page_KDMC - CMS/button_OK' is visible

2018-05-30 17:45:52 - [TEST_STEP][PASSED] - click: Object: 'Object Repository/store Request Schedule 1/Page_KDMC - CMS/button_OK' is clicked on

2018-05-30 17:45:53 - [MESSAGE][PASSED] - Object: 'Object Repository/store Request Schedule 1/Page_KDMC - CMS/button_OK' is clicked on

2018-05-30 17:45:53 - [TEST_STEP][PASSED] - delay: Delayed 3 second(s)

2018-05-30 17:45:56 - [MESSAGE][PASSED] - Delayed 3 second(s)

2018-05-30 17:45:56 - [TEST_STEP][PASSED] - click: Object: 'Object Repository/store Request Schedule 1/Page_KDMC - CMS/a_dropdown-toggle' is clicked on

2018-05-30 17:45:56 - [MESSAGE][PASSED] - Object: 'Object Repository/store Request Schedule 1/Page_KDMC - CMS/a_dropdown-toggle' is clicked on

2018-05-30 17:45:56 - [TEST_STEP][PASSED] - click: Object: 'Object Repository/store Request Schedule 1/Page_KDMC - CMS/a_Sign out' is clicked on

2018-05-30 17:45:57 - [MESSAGE][PASSED] - Object: 'Object Repository/store Request Schedule 1/Page_KDMC - CMS/a_Sign out' is clicked on

2018-05-30 17:45:57 - [TEST_STEP][PASSED] - delay: Delayed 3 second(s)

2018-05-30 17:46:00 - [MESSAGE][PASSED] - Delayed 3 second(s)

2018-05-30 17:46:00 - [TEST_STEP][PASSED] - click: Object: 'Object Repository/Store Request Schedule 1/Page_KDMC/a_Divisional Store' is clicked on

2018-05-30 17:46:00 - [MESSAGE][PASSED] - Object: 'Object Repository/Store Request Schedule 1/Page_KDMC/a_Divisional Store' is clicked on

2018-05-30 17:46:00 - [TEST_STEP][PASSED] - setText: Text 'ragu' is set on object 'Object Repository/Store Request Schedule 1/Page_Divisonal Store Login/input_txtusername'

2018-05-30 17:46:00 - [MESSAGE][PASSED] - Text 'ragu' is set on object 'Object Repository/Store Request Schedule 1/Page_Divisonal Store Login/input_txtusername'

2018-05-30 17:46:00 - [TEST_STEP][PASSED] - setText: Text '123' is set on object 'Object Repository/Store Request Schedule 1/Page_Divisonal Store Login/input_txtpassword'

2018-05-30 17:46:01 - [MESSAGE][PASSED] - Text '123' is set on object 'Object Repository/Store Request Schedule 1/Page_Divisonal Store Login/input_txtpassword'

2018-05-30 17:46:01 - [TEST_STEP][PASSED] - delay: Delayed 3 second(s)

2018-05-30 17:46:04 - [MESSAGE][PASSED] - Delayed 3 second(s)

2018-05-30 17:46:04 - [TEST_STEP][PASSED] - click: Object: 'Object Repository/Store Request Schedule 1/Page_Divisonal Store Login/button_Sign in' is clicked on

2018-05-30 17:46:05 - [MESSAGE][PASSED] - Object: 'Object Repository/Store Request Schedule 1/Page_Divisonal Store Login/button_Sign in' is clicked on

2018-05-30 17:46:05 - [TEST_STEP][PASSED] - delay: Delayed 3 second(s)

2018-05-30 17:46:08 - [MESSAGE][PASSED] - Delayed 3 second(s)

2018-05-30 17:46:08 - [TEST_STEP][PASSED] - click: Object: 'Object Repository/Store Request Schedule 1/Page_Store/a_CMS' is clicked on

2018-05-30 17:46:08 - [MESSAGE][PASSED] - Object: 'Object Repository/Store Request Schedule 1/Page_Store/a_CMS' is clicked on

2018-05-30 17:46:08 - [TEST_STEP][PASSED] - delay: Delayed 2 second(s)

2018-05-30 17:46:10 - [MESSAGE][PASSED] - Delayed 2 second(s)

2018-05-30 17:46:10 - [TEST_STEP][PASSED] - click: Object: 'Object Repository/Store Request Schedule 1/Page_Store/a_Receiving Goods' is clicked on

2018-05-30 17:46:11 - [MESSAGE][PASSED] - Object: 'Object Repository/Store Request Schedule 1/Page_Store/a_Receiving Goods' is clicked on

2018-05-30 17:46:11 - [TEST_STEP][PASSED] - setText: Text 'PRNO/30052018/477' is set on object 'Object Repository/Store Request Schedule 1/Page_Store/input'

2018-05-30 17:46:11 - [MESSAGE][PASSED] - Text 'PRNO/30052018/477' is set on object 'Object Repository/Store Request Schedule 1/Page_Store/input'

2018-05-30 17:46:11 - [TEST_STEP][PASSED] - click: Object: 'Object Repository/Store Request Schedule 1/Page_Store/input_btn btn-primary' is clicked on

2018-05-30 17:46:12 - [MESSAGE][PASSED] - Object: 'Object Repository/Store Request Schedule 1/Page_Store/input_btn btn-primary' is clicked on

2018-05-30 17:46:12 - [TEST_STEP][PASSED] - delay: Delayed 2 second(s)

2018-05-30 17:46:14 - [MESSAGE][PASSED] - Delayed 2 second(s)

2018-05-30 17:46:14 - [TEST_STEP][PASSED] - click: Object: 'Object Repository/Store Request Schedule 1/Page_Store/input_chkrem' is clicked on

2018-05-30 17:46:14 - [MESSAGE][PASSED] - Object: 'Object Repository/Store Request Schedule 1/Page_Store/input_chkrem' is clicked on

2018-05-30 17:46:14 - [TEST_STEP][PASSED] - scrollToElement: Scroll to object 'Object Repository/Store Request Schedule 1/Page_Store/input_btchkroqadd' successfully

2018-05-30 17:46:14 - [MESSAGE][PASSED] - Scroll to object 'Object Repository/Store Request Schedule 1/Page_Store/input_btchkroqadd' successfully

2018-05-30 17:46:14 - [TEST_STEP][PASSED] - click: Object: 'Object Repository/Store Request Schedule 1/Page_Store/input_btchkroqadd' is clicked on

2018-05-30 17:46:14 - [MESSAGE][PASSED] - Object: 'Object Repository/Store Request Schedule 1/Page_Store/input_btchkroqadd' is clicked on

2018-05-30 17:46:14 - [TEST_STEP][PASSED] - delay: Delayed 2 second(s)

2018-05-30 17:46:16 - [MESSAGE][PASSED] - Delayed 2 second(s)

2018-05-30 17:46:16 - [TEST_STEP][PASSED] - refresh: Refresh successfully

2018-05-30 17:46:17 - [MESSAGE][PASSED] - Refresh successfully

2018-05-30 17:46:17 - [TEST_STEP][PASSED] - delay: Delayed 3 second(s)

2018-05-30 17:46:20 - [MESSAGE][PASSED] - Delayed 3 second(s)

2018-05-30 17:46:20 - [TEST_STEP][PASSED] - click: Object: 'Object Repository/Store Request Schedule 1/Page_Store/a_dropdown-toggle' is clicked on

2018-05-30 17:46:20 - [MESSAGE][PASSED] - Object: 'Object Repository/Store Request Schedule 1/Page_Store/a_dropdown-toggle' is clicked on

2018-05-30 17:46:20 - [TEST_STEP][PASSED] - click: Object: 'Object Repository/Store Request Schedule 1/Page_Store/a_Sign out' is clicked on

2018-05-30 17:46:21 - [MESSAGE][PASSED] - Object: 'Object Repository/Store Request Schedule 1/Page_Store/a_Sign out' is clicked on

2018-05-30 17:46:21 - [TEST_STEP][PASSED] - closeBrowser: Browser is closed

2018-05-30 17:46:22 - [MESSAGE][PASSED] - Browser is closed

2018-05-30 17:46:22 - [TEST_STEP][PASSED] - Statement - out.println("Schedule 3 Store Request Are Working Successfully"): null]]></system-out>
         <system-err><![CDATA[]]></system-err>
      </testcase>
      <testcase name="Test Cases/STORE TO CMS REQUEST TEST CASES/TC_STCMS_004 To Verify Schedule 4 Store To CMS Request Are Working Successfully Or Not" classname="Test Cases/STORE TO CMS REQUEST TEST CASES/TC_STCMS_004 To Verify Schedule 4 Store To CMS Request Are Working Successfully Or Not" status="ERROR">
         <error type="ERROR" message="Test Cases/STORE TO CMS REQUEST TEST CASES/TC_STCMS_004 To Verify Schedule 4 Store To CMS Request Are Working Successfully Or Not FAILED because (of) java.lang.NumberFormatException: For input string: &quot;&quot;"/>
         <system-out><![CDATA[2018-05-30 17:46:22 - [TEST_CASE][ERROR] - Test Cases/STORE TO CMS REQUEST TEST CASES/TC_STCMS_004 To Verify Schedule 4 Store To CMS Request Are Working Successfully Or Not: Test Cases/STORE TO CMS REQUEST TEST CASES/TC_STCMS_004 To Verify Schedule 4 Store To CMS Request Are Working Successfully Or Not FAILED because (of) java.lang.NumberFormatException: For input string: ""

2018-05-30 17:46:22 - [TEST_STEP][PASSED] - openBrowser: Browser is opened with url: ''

2018-05-30 17:46:25 - [MESSAGE][PASSED] - Browser is opened with url: ''

2018-05-30 17:46:25 - [TEST_STEP][PASSED] - Statement - out.println("Verify Schedule 4 STORE Request Are Working Successfully Or Not"): null

2018-05-30 17:46:25 - [TEST_STEP][PASSED] - navigateToUrl: Navigate to 'http://192.168.137.1/multihospital_new/' successfully

2018-05-30 17:46:29 - [MESSAGE][PASSED] - Navigate to 'http://192.168.137.1/multihospital_new/' successfully

2018-05-30 17:46:29 - [TEST_STEP][PASSED] - maximizeWindow: Current window maximized

2018-05-30 17:46:30 - [MESSAGE][PASSED] - Current window maximized

2018-05-30 17:46:30 - [TEST_STEP][PASSED] - click: Object: 'Object Repository/Store Request Schedule 1/Page_KDMC/a_Divisional Store' is clicked on

2018-05-30 17:46:31 - [MESSAGE][PASSED] - Object: 'Object Repository/Store Request Schedule 1/Page_KDMC/a_Divisional Store' is clicked on

2018-05-30 17:46:31 - [TEST_STEP][PASSED] - setText: Text 'ragu' is set on object 'Object Repository/Store Request Schedule 1/Page_Divisonal Store Login/input_txtusername'

2018-05-30 17:46:31 - [MESSAGE][PASSED] - Text 'ragu' is set on object 'Object Repository/Store Request Schedule 1/Page_Divisonal Store Login/input_txtusername'

2018-05-30 17:46:31 - [TEST_STEP][PASSED] - setText: Text '123' is set on object 'Object Repository/Store Request Schedule 1/Page_Divisonal Store Login/input_txtpassword'

2018-05-30 17:46:31 - [MESSAGE][PASSED] - Text '123' is set on object 'Object Repository/Store Request Schedule 1/Page_Divisonal Store Login/input_txtpassword'

2018-05-30 17:46:31 - [TEST_STEP][PASSED] - delay: Delayed 3 second(s)

2018-05-30 17:46:34 - [MESSAGE][PASSED] - Delayed 3 second(s)

2018-05-30 17:46:34 - [TEST_STEP][PASSED] - click: Object: 'Object Repository/Store Request Schedule 1/Page_Divisonal Store Login/button_Sign in' is clicked on

2018-05-30 17:46:36 - [MESSAGE][PASSED] - Object: 'Object Repository/Store Request Schedule 1/Page_Divisonal Store Login/button_Sign in' is clicked on

2018-05-30 17:46:36 - [TEST_STEP][PASSED] - delay: Delayed 3 second(s)

2018-05-30 17:46:39 - [MESSAGE][PASSED] - Delayed 3 second(s)

2018-05-30 17:46:39 - [TEST_STEP][PASSED] - click: Object: 'Object Repository/Store Request Schedule 1/Page_Store/a_CMS' is clicked on

2018-05-30 17:46:39 - [MESSAGE][PASSED] - Object: 'Object Repository/Store Request Schedule 1/Page_Store/a_CMS' is clicked on

2018-05-30 17:46:39 - [TEST_STEP][PASSED] - delay: Delayed 2 second(s)

2018-05-30 17:46:41 - [MESSAGE][PASSED] - Delayed 2 second(s)

2018-05-30 17:46:41 - [TEST_STEP][PASSED] - click: Object: 'Object Repository/Store Request Schedule 1/Page_Store/a_Request Send' is clicked on

2018-05-30 17:46:42 - [MESSAGE][PASSED] - Object: 'Object Repository/Store Request Schedule 1/Page_Store/a_Request Send' is clicked on

2018-05-30 17:46:42 - [TEST_STEP][PASSED] - selectOptionByIndex: All options with index in [1] are selected on object 'Object Repository/Store Request Schedule 1/Page_Store/select_--Select--'

2018-05-30 17:46:42 - [MESSAGE][PASSED] - All options with index in [1] are selected on object 'Object Repository/Store Request Schedule 1/Page_Store/select_--Select--'

2018-05-30 17:46:42 - [TEST_STEP][PASSED] - selectOptionByIndex: All options with index in [4] are selected on object 'Object Repository/Store Request Schedule 1/Page_Store/select_--Select--Schedule 1Inj'

2018-05-30 17:46:43 - [MESSAGE][PASSED] - All options with index in [4] are selected on object 'Object Repository/Store Request Schedule 1/Page_Store/select_--Select--Schedule 1Inj'

2018-05-30 17:46:43 - [TEST_STEP][PASSED] - Statement - SelectedOptions = com.kms.katalon.core.webui.keyword.WebUiBuiltInKeywords.getNumberOfTotalOption(com.kms.katalon.core.testobject.ObjectRepository.findTestObject(Store Request Schedule 1/Page_Store/select_--Select--Adernaline 0.)): 16 options of object 'Object Repository/Store Request Schedule 1/Page_Store/select_--Select--Adernaline 0.' counted

2018-05-30 17:46:43 - [MESSAGE][PASSED] - 16 options of object 'Object Repository/Store Request Schedule 1/Page_Store/select_--Select--Adernaline 0.' counted

2018-05-30 17:46:43 - [TEST_STEP][PASSED] - Statement - For ([y = 1, y < SelectedOptions, (y++)]): Object: 'Object Repository/Store Request Schedule 1/Page_Store/button_Add' is clicked on

2018-05-30 17:46:43 - [TEST_STEP][PASSED] - selectOptionByIndex: All options with index in [4] are selected on object 'Object Repository/Store Request Schedule 1/Page_Store/select_--Select--Schedule 1Inj'

2018-05-30 17:46:43 - [MESSAGE][PASSED] - All options with index in [4] are selected on object 'Object Repository/Store Request Schedule 1/Page_Store/select_--Select--Schedule 1Inj'

2018-05-30 17:46:43 - [TEST_STEP][PASSED] - delay: Delayed 1 second(s)

2018-05-30 17:46:44 - [MESSAGE][PASSED] - Delayed 1 second(s)

2018-05-30 17:46:44 - [TEST_STEP][PASSED] - selectOptionByIndex: All options with index in [1] are selected on object 'Object Repository/Store Request Schedule 1/Page_Store/select_--Select--Adernaline 0.'

2018-05-30 17:46:44 - [MESSAGE][PASSED] - All options with index in [1] are selected on object 'Object Repository/Store Request Schedule 1/Page_Store/select_--Select--Adernaline 0.'

2018-05-30 17:46:44 - [TEST_STEP][PASSED] - setText: Text '100' is set on object 'Object Repository/Store Request Schedule 1/Page_Store/input_txttreat'

2018-05-30 17:46:44 - [MESSAGE][PASSED] - Text '100' is set on object 'Object Repository/Store Request Schedule 1/Page_Store/input_txttreat'

2018-05-30 17:46:44 - [TEST_STEP][PASSED] - click: Object: 'Object Repository/Store Request Schedule 1/Page_Store/button_Add' is clicked on

2018-05-30 17:46:44 - [MESSAGE][PASSED] - Object: 'Object Repository/Store Request Schedule 1/Page_Store/button_Add' is clicked on

2018-05-30 17:46:44 - [TEST_STEP][PASSED] - selectOptionByIndex: All options with index in [4] are selected on object 'Object Repository/Store Request Schedule 1/Page_Store/select_--Select--Schedule 1Inj'

2018-05-30 17:46:44 - [MESSAGE][PASSED] - All options with index in [4] are selected on object 'Object Repository/Store Request Schedule 1/Page_Store/select_--Select--Schedule 1Inj'

2018-05-30 17:46:44 - [TEST_STEP][PASSED] - delay: Delayed 1 second(s)

2018-05-30 17:46:45 - [MESSAGE][PASSED] - Delayed 1 second(s)

2018-05-30 17:46:45 - [TEST_STEP][PASSED] - selectOptionByIndex: All options with index in [2] are selected on object 'Object Repository/Store Request Schedule 1/Page_Store/select_--Select--Adernaline 0.'

2018-05-30 17:46:45 - [MESSAGE][PASSED] - All options with index in [2] are selected on object 'Object Repository/Store Request Schedule 1/Page_Store/select_--Select--Adernaline 0.'

2018-05-30 17:46:45 - [TEST_STEP][PASSED] - setText: Text '100' is set on object 'Object Repository/Store Request Schedule 1/Page_Store/input_txttreat'

2018-05-30 17:46:46 - [MESSAGE][PASSED] - Text '100' is set on object 'Object Repository/Store Request Schedule 1/Page_Store/input_txttreat'

2018-05-30 17:46:46 - [TEST_STEP][PASSED] - click: Object: 'Object Repository/Store Request Schedule 1/Page_Store/button_Add' is clicked on

2018-05-30 17:46:46 - [MESSAGE][PASSED] - Object: 'Object Repository/Store Request Schedule 1/Page_Store/button_Add' is clicked on

2018-05-30 17:46:46 - [TEST_STEP][PASSED] - selectOptionByIndex: All options with index in [4] are selected on object 'Object Repository/Store Request Schedule 1/Page_Store/select_--Select--Schedule 1Inj'

2018-05-30 17:46:46 - [MESSAGE][PASSED] - All options with index in [4] are selected on object 'Object Repository/Store Request Schedule 1/Page_Store/select_--Select--Schedule 1Inj'

2018-05-30 17:46:46 - [TEST_STEP][PASSED] - delay: Delayed 1 second(s)

2018-05-30 17:46:47 - [MESSAGE][PASSED] - Delayed 1 second(s)

2018-05-30 17:46:47 - [TEST_STEP][PASSED] - selectOptionByIndex: All options with index in [3] are selected on object 'Object Repository/Store Request Schedule 1/Page_Store/select_--Select--Adernaline 0.'

2018-05-30 17:46:47 - [MESSAGE][PASSED] - All options with index in [3] are selected on object 'Object Repository/Store Request Schedule 1/Page_Store/select_--Select--Adernaline 0.'

2018-05-30 17:46:47 - [TEST_STEP][PASSED] - setText: Text '100' is set on object 'Object Repository/Store Request Schedule 1/Page_Store/input_txttreat'

2018-05-30 17:46:47 - [MESSAGE][PASSED] - Text '100' is set on object 'Object Repository/Store Request Schedule 1/Page_Store/input_txttreat'

2018-05-30 17:46:47 - [TEST_STEP][PASSED] - click: Object: 'Object Repository/Store Request Schedule 1/Page_Store/button_Add' is clicked on

2018-05-30 17:46:47 - [MESSAGE][PASSED] - Object: 'Object Repository/Store Request Schedule 1/Page_Store/button_Add' is clicked on

2018-05-30 17:46:47 - [TEST_STEP][PASSED] - selectOptionByIndex: All options with index in [4] are selected on object 'Object Repository/Store Request Schedule 1/Page_Store/select_--Select--Schedule 1Inj'

2018-05-30 17:46:47 - [MESSAGE][PASSED] - All options with index in [4] are selected on object 'Object Repository/Store Request Schedule 1/Page_Store/select_--Select--Schedule 1Inj'

2018-05-30 17:46:47 - [TEST_STEP][PASSED] - delay: Delayed 1 second(s)

2018-05-30 17:46:48 - [MESSAGE][PASSED] - Delayed 1 second(s)

2018-05-30 17:46:48 - [TEST_STEP][PASSED] - selectOptionByIndex: All options with index in [4] are selected on object 'Object Repository/Store Request Schedule 1/Page_Store/select_--Select--Adernaline 0.'

2018-05-30 17:46:48 - [MESSAGE][PASSED] - All options with index in [4] are selected on object 'Object Repository/Store Request Schedule 1/Page_Store/select_--Select--Adernaline 0.'

2018-05-30 17:46:48 - [TEST_STEP][PASSED] - setText: Text '100' is set on object 'Object Repository/Store Request Schedule 1/Page_Store/input_txttreat'

2018-05-30 17:46:48 - [MESSAGE][PASSED] - Text '100' is set on object 'Object Repository/Store Request Schedule 1/Page_Store/input_txttreat'

2018-05-30 17:46:48 - [TEST_STEP][PASSED] - click: Object: 'Object Repository/Store Request Schedule 1/Page_Store/button_Add' is clicked on

2018-05-30 17:46:49 - [MESSAGE][PASSED] - Object: 'Object Repository/Store Request Schedule 1/Page_Store/button_Add' is clicked on

2018-05-30 17:46:49 - [TEST_STEP][PASSED] - selectOptionByIndex: All options with index in [4] are selected on object 'Object Repository/Store Request Schedule 1/Page_Store/select_--Select--Schedule 1Inj'

2018-05-30 17:46:49 - [MESSAGE][PASSED] - All options with index in [4] are selected on object 'Object Repository/Store Request Schedule 1/Page_Store/select_--Select--Schedule 1Inj'

2018-05-30 17:46:49 - [TEST_STEP][PASSED] - delay: Delayed 1 second(s)

2018-05-30 17:46:50 - [MESSAGE][PASSED] - Delayed 1 second(s)

2018-05-30 17:46:50 - [TEST_STEP][PASSED] - selectOptionByIndex: All options with index in [5] are selected on object 'Object Repository/Store Request Schedule 1/Page_Store/select_--Select--Adernaline 0.'

2018-05-30 17:46:50 - [MESSAGE][PASSED] - All options with index in [5] are selected on object 'Object Repository/Store Request Schedule 1/Page_Store/select_--Select--Adernaline 0.'

2018-05-30 17:46:50 - [TEST_STEP][PASSED] - setText: Text '100' is set on object 'Object Repository/Store Request Schedule 1/Page_Store/input_txttreat'

2018-05-30 17:46:50 - [MESSAGE][PASSED] - Text '100' is set on object 'Object Repository/Store Request Schedule 1/Page_Store/input_txttreat'

2018-05-30 17:46:50 - [TEST_STEP][PASSED] - click: Object: 'Object Repository/Store Request Schedule 1/Page_Store/button_Add' is clicked on

2018-05-30 17:46:50 - [MESSAGE][PASSED] - Object: 'Object Repository/Store Request Schedule 1/Page_Store/button_Add' is clicked on

2018-05-30 17:46:50 - [TEST_STEP][PASSED] - selectOptionByIndex: All options with index in [4] are selected on object 'Object Repository/Store Request Schedule 1/Page_Store/select_--Select--Schedule 1Inj'

2018-05-30 17:46:50 - [MESSAGE][PASSED] - All options with index in [4] are selected on object 'Object Repository/Store Request Schedule 1/Page_Store/select_--Select--Schedule 1Inj'

2018-05-30 17:46:50 - [TEST_STEP][PASSED] - delay: Delayed 1 second(s)

2018-05-30 17:46:51 - [MESSAGE][PASSED] - Delayed 1 second(s)

2018-05-30 17:46:51 - [TEST_STEP][PASSED] - selectOptionByIndex: All options with index in [6] are selected on object 'Object Repository/Store Request Schedule 1/Page_Store/select_--Select--Adernaline 0.'

2018-05-30 17:46:51 - [MESSAGE][PASSED] - All options with index in [6] are selected on object 'Object Repository/Store Request Schedule 1/Page_Store/select_--Select--Adernaline 0.'

2018-05-30 17:46:51 - [TEST_STEP][PASSED] - setText: Text '100' is set on object 'Object Repository/Store Request Schedule 1/Page_Store/input_txttreat'

2018-05-30 17:46:51 - [MESSAGE][PASSED] - Text '100' is set on object 'Object Repository/Store Request Schedule 1/Page_Store/input_txttreat'

2018-05-30 17:46:51 - [TEST_STEP][PASSED] - click: Object: 'Object Repository/Store Request Schedule 1/Page_Store/button_Add' is clicked on

2018-05-30 17:46:56 - [MESSAGE][PASSED] - Object: 'Object Repository/Store Request Schedule 1/Page_Store/button_Add' is clicked on

2018-05-30 17:46:56 - [TEST_STEP][PASSED] - selectOptionByIndex: All options with index in [4] are selected on object 'Object Repository/Store Request Schedule 1/Page_Store/select_--Select--Schedule 1Inj'

2018-05-30 17:46:57 - [MESSAGE][PASSED] - All options with index in [4] are selected on object 'Object Repository/Store Request Schedule 1/Page_Store/select_--Select--Schedule 1Inj'

2018-05-30 17:46:57 - [TEST_STEP][PASSED] - delay: Delayed 1 second(s)

2018-05-30 17:46:58 - [MESSAGE][PASSED] - Delayed 1 second(s)

2018-05-30 17:46:58 - [TEST_STEP][PASSED] - selectOptionByIndex: All options with index in [7] are selected on object 'Object Repository/Store Request Schedule 1/Page_Store/select_--Select--Adernaline 0.'

2018-05-30 17:46:58 - [MESSAGE][PASSED] - All options with index in [7] are selected on object 'Object Repository/Store Request Schedule 1/Page_Store/select_--Select--Adernaline 0.'

2018-05-30 17:46:58 - [TEST_STEP][PASSED] - setText: Text '100' is set on object 'Object Repository/Store Request Schedule 1/Page_Store/input_txttreat'

2018-05-30 17:46:58 - [MESSAGE][PASSED] - Text '100' is set on object 'Object Repository/Store Request Schedule 1/Page_Store/input_txttreat'

2018-05-30 17:46:58 - [TEST_STEP][PASSED] - click: Object: 'Object Repository/Store Request Schedule 1/Page_Store/button_Add' is clicked on

2018-05-30 17:47:03 - [MESSAGE][PASSED] - Object: 'Object Repository/Store Request Schedule 1/Page_Store/button_Add' is clicked on

2018-05-30 17:47:03 - [TEST_STEP][PASSED] - selectOptionByIndex: All options with index in [4] are selected on object 'Object Repository/Store Request Schedule 1/Page_Store/select_--Select--Schedule 1Inj'

2018-05-30 17:47:03 - [MESSAGE][PASSED] - All options with index in [4] are selected on object 'Object Repository/Store Request Schedule 1/Page_Store/select_--Select--Schedule 1Inj'

2018-05-30 17:47:03 - [TEST_STEP][PASSED] - delay: Delayed 1 second(s)

2018-05-30 17:47:04 - [MESSAGE][PASSED] - Delayed 1 second(s)

2018-05-30 17:47:04 - [TEST_STEP][PASSED] - selectOptionByIndex: All options with index in [8] are selected on object 'Object Repository/Store Request Schedule 1/Page_Store/select_--Select--Adernaline 0.'

2018-05-30 17:47:04 - [MESSAGE][PASSED] - All options with index in [8] are selected on object 'Object Repository/Store Request Schedule 1/Page_Store/select_--Select--Adernaline 0.'

2018-05-30 17:47:04 - [TEST_STEP][PASSED] - setText: Text '100' is set on object 'Object Repository/Store Request Schedule 1/Page_Store/input_txttreat'

2018-05-30 17:47:04 - [MESSAGE][PASSED] - Text '100' is set on object 'Object Repository/Store Request Schedule 1/Page_Store/input_txttreat'

2018-05-30 17:47:04 - [TEST_STEP][PASSED] - click: Object: 'Object Repository/Store Request Schedule 1/Page_Store/button_Add' is clicked on

2018-05-30 17:47:09 - [MESSAGE][PASSED] - Object: 'Object Repository/Store Request Schedule 1/Page_Store/button_Add' is clicked on

2018-05-30 17:47:09 - [TEST_STEP][PASSED] - selectOptionByIndex: All options with index in [4] are selected on object 'Object Repository/Store Request Schedule 1/Page_Store/select_--Select--Schedule 1Inj'

2018-05-30 17:47:10 - [MESSAGE][PASSED] - All options with index in [4] are selected on object 'Object Repository/Store Request Schedule 1/Page_Store/select_--Select--Schedule 1Inj'

2018-05-30 17:47:10 - [TEST_STEP][PASSED] - delay: Delayed 1 second(s)

2018-05-30 17:47:11 - [MESSAGE][PASSED] - Delayed 1 second(s)

2018-05-30 17:47:11 - [TEST_STEP][PASSED] - selectOptionByIndex: All options with index in [9] are selected on object 'Object Repository/Store Request Schedule 1/Page_Store/select_--Select--Adernaline 0.'

2018-05-30 17:47:11 - [MESSAGE][PASSED] - All options with index in [9] are selected on object 'Object Repository/Store Request Schedule 1/Page_Store/select_--Select--Adernaline 0.'

2018-05-30 17:47:11 - [TEST_STEP][PASSED] - setText: Text '100' is set on object 'Object Repository/Store Request Schedule 1/Page_Store/input_txttreat'

2018-05-30 17:47:11 - [MESSAGE][PASSED] - Text '100' is set on object 'Object Repository/Store Request Schedule 1/Page_Store/input_txttreat'

2018-05-30 17:47:11 - [TEST_STEP][PASSED] - click: Object: 'Object Repository/Store Request Schedule 1/Page_Store/button_Add' is clicked on

2018-05-30 17:47:16 - [MESSAGE][PASSED] - Object: 'Object Repository/Store Request Schedule 1/Page_Store/button_Add' is clicked on

2018-05-30 17:47:16 - [TEST_STEP][PASSED] - selectOptionByIndex: All options with index in [4] are selected on object 'Object Repository/Store Request Schedule 1/Page_Store/select_--Select--Schedule 1Inj'

2018-05-30 17:47:16 - [MESSAGE][PASSED] - All options with index in [4] are selected on object 'Object Repository/Store Request Schedule 1/Page_Store/select_--Select--Schedule 1Inj'

2018-05-30 17:47:16 - [TEST_STEP][PASSED] - delay: Delayed 1 second(s)

2018-05-30 17:47:17 - [MESSAGE][PASSED] - Delayed 1 second(s)

2018-05-30 17:47:17 - [TEST_STEP][PASSED] - selectOptionByIndex: All options with index in [10] are selected on object 'Object Repository/Store Request Schedule 1/Page_Store/select_--Select--Adernaline 0.'

2018-05-30 17:47:17 - [MESSAGE][PASSED] - All options with index in [10] are selected on object 'Object Repository/Store Request Schedule 1/Page_Store/select_--Select--Adernaline 0.'

2018-05-30 17:47:17 - [TEST_STEP][PASSED] - setText: Text '100' is set on object 'Object Repository/Store Request Schedule 1/Page_Store/input_txttreat'

2018-05-30 17:47:17 - [MESSAGE][PASSED] - Text '100' is set on object 'Object Repository/Store Request Schedule 1/Page_Store/input_txttreat'

2018-05-30 17:47:17 - [TEST_STEP][PASSED] - click: Object: 'Object Repository/Store Request Schedule 1/Page_Store/button_Add' is clicked on

2018-05-30 17:47:22 - [MESSAGE][PASSED] - Object: 'Object Repository/Store Request Schedule 1/Page_Store/button_Add' is clicked on

2018-05-30 17:47:22 - [TEST_STEP][PASSED] - selectOptionByIndex: All options with index in [4] are selected on object 'Object Repository/Store Request Schedule 1/Page_Store/select_--Select--Schedule 1Inj'

2018-05-30 17:47:23 - [MESSAGE][PASSED] - All options with index in [4] are selected on object 'Object Repository/Store Request Schedule 1/Page_Store/select_--Select--Schedule 1Inj'

2018-05-30 17:47:23 - [TEST_STEP][PASSED] - delay: Delayed 1 second(s)

2018-05-30 17:47:24 - [MESSAGE][PASSED] - Delayed 1 second(s)

2018-05-30 17:47:24 - [TEST_STEP][PASSED] - selectOptionByIndex: All options with index in [11] are selected on object 'Object Repository/Store Request Schedule 1/Page_Store/select_--Select--Adernaline 0.'

2018-05-30 17:47:24 - [MESSAGE][PASSED] - All options with index in [11] are selected on object 'Object Repository/Store Request Schedule 1/Page_Store/select_--Select--Adernaline 0.'

2018-05-30 17:47:24 - [TEST_STEP][PASSED] - setText: Text '100' is set on object 'Object Repository/Store Request Schedule 1/Page_Store/input_txttreat'

2018-05-30 17:47:24 - [MESSAGE][PASSED] - Text '100' is set on object 'Object Repository/Store Request Schedule 1/Page_Store/input_txttreat'

2018-05-30 17:47:24 - [TEST_STEP][PASSED] - click: Object: 'Object Repository/Store Request Schedule 1/Page_Store/button_Add' is clicked on

2018-05-30 17:47:29 - [MESSAGE][PASSED] - Object: 'Object Repository/Store Request Schedule 1/Page_Store/button_Add' is clicked on

2018-05-30 17:47:29 - [TEST_STEP][PASSED] - selectOptionByIndex: All options with index in [4] are selected on object 'Object Repository/Store Request Schedule 1/Page_Store/select_--Select--Schedule 1Inj'

2018-05-30 17:47:29 - [MESSAGE][PASSED] - All options with index in [4] are selected on object 'Object Repository/Store Request Schedule 1/Page_Store/select_--Select--Schedule 1Inj'

2018-05-30 17:47:29 - [TEST_STEP][PASSED] - delay: Delayed 1 second(s)

2018-05-30 17:47:30 - [MESSAGE][PASSED] - Delayed 1 second(s)

2018-05-30 17:47:30 - [TEST_STEP][PASSED] - selectOptionByIndex: All options with index in [12] are selected on object 'Object Repository/Store Request Schedule 1/Page_Store/select_--Select--Adernaline 0.'

2018-05-30 17:47:30 - [MESSAGE][PASSED] - All options with index in [12] are selected on object 'Object Repository/Store Request Schedule 1/Page_Store/select_--Select--Adernaline 0.'

2018-05-30 17:47:30 - [TEST_STEP][PASSED] - setText: Text '100' is set on object 'Object Repository/Store Request Schedule 1/Page_Store/input_txttreat'

2018-05-30 17:47:30 - [MESSAGE][PASSED] - Text '100' is set on object 'Object Repository/Store Request Schedule 1/Page_Store/input_txttreat'

2018-05-30 17:47:30 - [TEST_STEP][PASSED] - click: Object: 'Object Repository/Store Request Schedule 1/Page_Store/button_Add' is clicked on

2018-05-30 17:47:36 - [MESSAGE][PASSED] - Object: 'Object Repository/Store Request Schedule 1/Page_Store/button_Add' is clicked on

2018-05-30 17:47:36 - [TEST_STEP][PASSED] - selectOptionByIndex: All options with index in [4] are selected on object 'Object Repository/Store Request Schedule 1/Page_Store/select_--Select--Schedule 1Inj'

2018-05-30 17:47:36 - [MESSAGE][PASSED] - All options with index in [4] are selected on object 'Object Repository/Store Request Schedule 1/Page_Store/select_--Select--Schedule 1Inj'

2018-05-30 17:47:36 - [TEST_STEP][PASSED] - delay: Delayed 1 second(s)

2018-05-30 17:47:37 - [MESSAGE][PASSED] - Delayed 1 second(s)

2018-05-30 17:47:37 - [TEST_STEP][PASSED] - selectOptionByIndex: All options with index in [13] are selected on object 'Object Repository/Store Request Schedule 1/Page_Store/select_--Select--Adernaline 0.'

2018-05-30 17:47:37 - [MESSAGE][PASSED] - All options with index in [13] are selected on object 'Object Repository/Store Request Schedule 1/Page_Store/select_--Select--Adernaline 0.'

2018-05-30 17:47:37 - [TEST_STEP][PASSED] - setText: Text '100' is set on object 'Object Repository/Store Request Schedule 1/Page_Store/input_txttreat'

2018-05-30 17:47:37 - [MESSAGE][PASSED] - Text '100' is set on object 'Object Repository/Store Request Schedule 1/Page_Store/input_txttreat'

2018-05-30 17:47:37 - [TEST_STEP][PASSED] - click: Object: 'Object Repository/Store Request Schedule 1/Page_Store/button_Add' is clicked on

2018-05-30 17:47:42 - [MESSAGE][PASSED] - Object: 'Object Repository/Store Request Schedule 1/Page_Store/button_Add' is clicked on

2018-05-30 17:47:42 - [TEST_STEP][PASSED] - selectOptionByIndex: All options with index in [4] are selected on object 'Object Repository/Store Request Schedule 1/Page_Store/select_--Select--Schedule 1Inj'

2018-05-30 17:47:50 - [MESSAGE][PASSED] - All options with index in [4] are selected on object 'Object Repository/Store Request Schedule 1/Page_Store/select_--Select--Schedule 1Inj'

2018-05-30 17:47:50 - [TEST_STEP][PASSED] - delay: Delayed 1 second(s)

2018-05-30 17:47:51 - [MESSAGE][PASSED] - Delayed 1 second(s)

2018-05-30 17:47:51 - [TEST_STEP][PASSED] - selectOptionByIndex: All options with index in [14] are selected on object 'Object Repository/Store Request Schedule 1/Page_Store/select_--Select--Adernaline 0.'

2018-05-30 17:47:52 - [MESSAGE][PASSED] - All options with index in [14] are selected on object 'Object Repository/Store Request Schedule 1/Page_Store/select_--Select--Adernaline 0.'

2018-05-30 17:47:52 - [TEST_STEP][PASSED] - setText: Text '100' is set on object 'Object Repository/Store Request Schedule 1/Page_Store/input_txttreat'

2018-05-30 17:47:52 - [MESSAGE][PASSED] - Text '100' is set on object 'Object Repository/Store Request Schedule 1/Page_Store/input_txttreat'

2018-05-30 17:47:52 - [TEST_STEP][PASSED] - click: Object: 'Object Repository/Store Request Schedule 1/Page_Store/button_Add' is clicked on

2018-05-30 17:47:54 - [MESSAGE][PASSED] - Object: 'Object Repository/Store Request Schedule 1/Page_Store/button_Add' is clicked on

2018-05-30 17:47:54 - [TEST_STEP][PASSED] - selectOptionByIndex: All options with index in [4] are selected on object 'Object Repository/Store Request Schedule 1/Page_Store/select_--Select--Schedule 1Inj'

2018-05-30 17:47:55 - [MESSAGE][PASSED] - All options with index in [4] are selected on object 'Object Repository/Store Request Schedule 1/Page_Store/select_--Select--Schedule 1Inj'

2018-05-30 17:47:55 - [TEST_STEP][PASSED] - delay: Delayed 1 second(s)

2018-05-30 17:47:56 - [MESSAGE][PASSED] - Delayed 1 second(s)

2018-05-30 17:47:56 - [TEST_STEP][PASSED] - selectOptionByIndex: All options with index in [15] are selected on object 'Object Repository/Store Request Schedule 1/Page_Store/select_--Select--Adernaline 0.'

2018-05-30 17:47:56 - [MESSAGE][PASSED] - All options with index in [15] are selected on object 'Object Repository/Store Request Schedule 1/Page_Store/select_--Select--Adernaline 0.'

2018-05-30 17:47:56 - [TEST_STEP][PASSED] - setText: Text '100' is set on object 'Object Repository/Store Request Schedule 1/Page_Store/input_txttreat'

2018-05-30 17:47:56 - [MESSAGE][PASSED] - Text '100' is set on object 'Object Repository/Store Request Schedule 1/Page_Store/input_txttreat'

2018-05-30 17:47:56 - [TEST_STEP][PASSED] - click: Object: 'Object Repository/Store Request Schedule 1/Page_Store/button_Add' is clicked on

2018-05-30 17:47:56 - [MESSAGE][PASSED] - Object: 'Object Repository/Store Request Schedule 1/Page_Store/button_Add' is clicked on

2018-05-30 17:47:56 - [TEST_STEP][PASSED] - delay: Delayed 2 second(s)

2018-05-30 17:47:58 - [MESSAGE][PASSED] - Delayed 2 second(s)

2018-05-30 17:47:58 - [TEST_STEP][PASSED] - scrollToElement: Scroll to object 'Object Repository/Store Request Schedule 1/Page_Store/input_btnsave' successfully

2018-05-30 17:47:58 - [MESSAGE][PASSED] - Scroll to object 'Object Repository/Store Request Schedule 1/Page_Store/input_btnsave' successfully

2018-05-30 17:47:58 - [TEST_STEP][PASSED] - click: Object: 'Object Repository/Store Request Schedule 1/Page_Store/input_btnsave' is clicked on

2018-05-30 17:47:58 - [MESSAGE][PASSED] - Object: 'Object Repository/Store Request Schedule 1/Page_Store/input_btnsave' is clicked on

2018-05-30 17:47:58 - [TEST_STEP][PASSED] - delay: Delayed 4 second(s)

2018-05-30 17:48:02 - [MESSAGE][PASSED] - Delayed 4 second(s)

2018-05-30 17:48:02 - [TEST_STEP][PASSED] - Statement - Cms_RequestNumber = com.kms.katalon.core.webui.keyword.WebUiBuiltInKeywords.getText(com.kms.katalon.core.testobject.ObjectRepository.findTestObject(Store Request Schedule 1/Page_Store/font_PRNO050520189)): Text of object 'Object Repository/Store Request Schedule 1/Page_Store/font_PRNO050520189' is: 'PRNO/30052018/478'

2018-05-30 17:48:02 - [MESSAGE][PASSED] - Text of object 'Object Repository/Store Request Schedule 1/Page_Store/font_PRNO050520189' is: 'PRNO/30052018/478'

2018-05-30 17:48:02 - [TEST_STEP][PASSED] - Statement - CR = Cms_RequestNumber.trim(): null

2018-05-30 17:48:02 - [TEST_STEP][PASSED] - Statement - out.println("RQ :" + Cms_RequestNumber): null

2018-05-30 17:48:02 - [TEST_STEP][PASSED] - Statement - RequestNumberID = Cms_RequestNumber.split("/")[2].trim(): null

2018-05-30 17:48:02 - [TEST_STEP][PASSED] - Statement - out.println("RQ ID :" + RequestNumberID): null

2018-05-30 17:48:02 - [TEST_STEP][PASSED] - delay: Delayed 3 second(s)

2018-05-30 17:48:05 - [MESSAGE][PASSED] - Delayed 3 second(s)

2018-05-30 17:48:05 - [TEST_STEP][PASSED] - Statement - ok = com.kms.katalon.core.webui.keyword.WebUiBuiltInKeywords.click(com.kms.katalon.core.testobject.ObjectRepository.findTestObject(Store Request Schedule 1/Page_Store/button_OK)): Object: 'Object Repository/Store Request Schedule 1/Page_Store/button_OK' is clicked on

2018-05-30 17:48:06 - [MESSAGE][PASSED] - Object: 'Object Repository/Store Request Schedule 1/Page_Store/button_OK' is clicked on

2018-05-30 17:48:09 - [TEST_STEP][PASSED] - delay: Delayed 3 second(s)

2018-05-30 17:48:12 - [MESSAGE][PASSED] - Delayed 3 second(s)

2018-05-30 17:48:12 - [TEST_STEP][PASSED] - click: Object: 'Object Repository/Store Request Schedule 1/Page_Store/a_dropdown-toggle' is clicked on

2018-05-30 17:48:12 - [MESSAGE][PASSED] - Object: 'Object Repository/Store Request Schedule 1/Page_Store/a_dropdown-toggle' is clicked on

2018-05-30 17:48:12 - [TEST_STEP][PASSED] - click: Object: 'Object Repository/Store Request Schedule 1/Page_Store/a_Sign out' is clicked on

2018-05-30 17:48:13 - [MESSAGE][PASSED] - Object: 'Object Repository/Store Request Schedule 1/Page_Store/a_Sign out' is clicked on

2018-05-30 17:48:13 - [TEST_STEP][PASSED] - delay: Delayed 3 second(s)

2018-05-30 17:48:16 - [MESSAGE][PASSED] - Delayed 3 second(s)

2018-05-30 17:48:16 - [TEST_STEP][PASSED] - click: Object: 'Object Repository/Store Request Schedule 1/Page_KDMC/a_CMO' is clicked on

2018-05-30 17:48:17 - [MESSAGE][PASSED] - Object: 'Object Repository/Store Request Schedule 1/Page_KDMC/a_CMO' is clicked on

2018-05-30 17:48:17 - [TEST_STEP][PASSED] - setText: Text 'guru' is set on object 'Object Repository/Store Request Schedule 1/Page_CMO login/input_txtusername'

2018-05-30 17:48:17 - [MESSAGE][PASSED] - Text 'guru' is set on object 'Object Repository/Store Request Schedule 1/Page_CMO login/input_txtusername'

2018-05-30 17:48:17 - [TEST_STEP][PASSED] - setText: Text '123' is set on object 'Object Repository/Store Request Schedule 1/Page_CMO login/input_txtpassword'

2018-05-30 17:48:17 - [MESSAGE][PASSED] - Text '123' is set on object 'Object Repository/Store Request Schedule 1/Page_CMO login/input_txtpassword'

2018-05-30 17:48:17 - [TEST_STEP][PASSED] - delay: Delayed 3 second(s)

2018-05-30 17:48:20 - [MESSAGE][PASSED] - Delayed 3 second(s)

2018-05-30 17:48:20 - [TEST_STEP][PASSED] - click: Object: 'Object Repository/Store Request Schedule 1/Page_CMO login/button_Sign in' is clicked on

2018-05-30 17:48:21 - [MESSAGE][PASSED] - Object: 'Object Repository/Store Request Schedule 1/Page_CMO login/button_Sign in' is clicked on

2018-05-30 17:48:21 - [TEST_STEP][PASSED] - delay: Delayed 2 second(s)

2018-05-30 17:48:23 - [MESSAGE][PASSED] - Delayed 2 second(s)

2018-05-30 17:48:23 - [TEST_STEP][PASSED] - click: Object: 'Object Repository/Store Request Schedule 1/Page_KDMC - CMO/span_Department Wise Request' is clicked on

2018-05-30 17:48:24 - [MESSAGE][PASSED] - Object: 'Object Repository/Store Request Schedule 1/Page_KDMC - CMO/span_Department Wise Request' is clicked on

2018-05-30 17:48:24 - [TEST_STEP][PASSED] - click: Object: 'Object Repository/Store Request Schedule 1/Page_KDMC - CMO/a_CMS Request' is clicked on

2018-05-30 17:48:24 - [MESSAGE][PASSED] - Object: 'Object Repository/Store Request Schedule 1/Page_KDMC - CMO/a_CMS Request' is clicked on

2018-05-30 17:48:24 - [TEST_STEP][PASSED] - click: Object: 'Object Repository/Store Request Schedule 1/Page_KDMC - CMO/a_CMS Request' is clicked on

2018-05-30 17:48:24 - [MESSAGE][PASSED] - Object: 'Object Repository/Store Request Schedule 1/Page_KDMC - CMO/a_CMS Request' is clicked on

2018-05-30 17:48:24 - [TEST_STEP][PASSED] - click: Object: 'Object Repository/Store Request Schedule 1/Page_KDMC - CMO/span_Divisional Store Request' is clicked on

2018-05-30 17:48:26 - [MESSAGE][PASSED] - Object: 'Object Repository/Store Request Schedule 1/Page_KDMC - CMO/span_Divisional Store Request' is clicked on

2018-05-30 17:48:26 - [TEST_STEP][PASSED] - delay: Delayed 2 second(s)

2018-05-30 17:48:28 - [MESSAGE][PASSED] - Delayed 2 second(s)

2018-05-30 17:48:28 - [TEST_STEP][PASSED] - Statement - approval = com.kms.katalon.core.webui.keyword.WebUiBuiltInKeywords.modifyObjectProperty(com.kms.katalon.core.testobject.ObjectRepository.findTestObject(Store Request Schedule 1/Page_KDMC - CMO/input_PRNO050520189), "xpath", "equals", "//*[@id=" + RequestNumberID + "]", true): Modify property of object successfully

2018-05-30 17:48:28 - [MESSAGE][PASSED] - Modify property of object successfully

2018-05-30 17:48:28 - [TEST_STEP][PASSED] - click: Object: 'Object Repository/Store Request Schedule 1/Page_KDMC - CMO/input_PRNO050520189' is clicked on

2018-05-30 17:48:28 - [MESSAGE][PASSED] - Object: 'Object Repository/Store Request Schedule 1/Page_KDMC - CMO/input_PRNO050520189' is clicked on

2018-05-30 17:48:28 - [TEST_STEP][PASSED] - delay: Delayed 2 second(s)

2018-05-30 17:48:30 - [MESSAGE][PASSED] - Delayed 2 second(s)

2018-05-30 17:48:30 - [TEST_STEP][PASSED] - selectOptionByIndex: All options with index in [1] are selected on object 'Object Repository/Store Request Schedule 1/Page_KDMC - CMO/select_--Select--'

2018-05-30 17:48:30 - [MESSAGE][PASSED] - All options with index in [1] are selected on object 'Object Repository/Store Request Schedule 1/Page_KDMC - CMO/select_--Select--'

2018-05-30 17:48:30 - [TEST_STEP][PASSED] - click: Object: 'Object Repository/Store Request Schedule 1/Page_KDMC - CMO/input_btnupdate' is clicked on

2018-05-30 17:48:30 - [MESSAGE][PASSED] - Object: 'Object Repository/Store Request Schedule 1/Page_KDMC - CMO/input_btnupdate' is clicked on

2018-05-30 17:48:30 - [TEST_STEP][PASSED] - delay: Delayed 2 second(s)

2018-05-30 17:48:32 - [MESSAGE][PASSED] - Delayed 2 second(s)

2018-05-30 17:48:32 - [TEST_STEP][PASSED] - click: Object: 'Object Repository/Store Request Schedule 1/Page_KDMC - CMO/button_OK' is clicked on

2018-05-30 17:48:33 - [MESSAGE][PASSED] - Object: 'Object Repository/Store Request Schedule 1/Page_KDMC - CMO/button_OK' is clicked on

2018-05-30 17:48:33 - [TEST_STEP][PASSED] - delay: Delayed 2 second(s)

2018-05-30 17:48:35 - [MESSAGE][PASSED] - Delayed 2 second(s)

2018-05-30 17:48:35 - [TEST_STEP][PASSED] - click: Object: 'Object Repository/Store Request Schedule 1/Page_KDMC - CMO/a_dropdown-toggle' is clicked on

2018-05-30 17:48:35 - [MESSAGE][PASSED] - Object: 'Object Repository/Store Request Schedule 1/Page_KDMC - CMO/a_dropdown-toggle' is clicked on

2018-05-30 17:48:35 - [TEST_STEP][PASSED] - click: Object: 'Object Repository/Store Request Schedule 1/Page_KDMC - CMO/a_Sign out' is clicked on

2018-05-30 17:48:36 - [MESSAGE][PASSED] - Object: 'Object Repository/Store Request Schedule 1/Page_KDMC - CMO/a_Sign out' is clicked on

2018-05-30 17:48:36 - [TEST_STEP][PASSED] - delay: Delayed 3 second(s)

2018-05-30 17:48:39 - [MESSAGE][PASSED] - Delayed 3 second(s)

2018-05-30 17:48:39 - [TEST_STEP][PASSED] - click: Object: 'Object Repository/store Request Schedule 1/Page_KDMC/a_CMS' is clicked on

2018-05-30 17:48:39 - [MESSAGE][PASSED] - Object: 'Object Repository/store Request Schedule 1/Page_KDMC/a_CMS' is clicked on

2018-05-30 17:48:39 - [TEST_STEP][PASSED] - setText: Text 'bala' is set on object 'Object Repository/store Request Schedule 1/Page_CMS login/input_txtusername'

2018-05-30 17:48:39 - [MESSAGE][PASSED] - Text 'bala' is set on object 'Object Repository/store Request Schedule 1/Page_CMS login/input_txtusername'

2018-05-30 17:48:39 - [TEST_STEP][PASSED] - setText: Text '123' is set on object 'Object Repository/store Request Schedule 1/Page_CMS login/input_txtpassword'

2018-05-30 17:48:39 - [MESSAGE][PASSED] - Text '123' is set on object 'Object Repository/store Request Schedule 1/Page_CMS login/input_txtpassword'

2018-05-30 17:48:39 - [TEST_STEP][PASSED] - delay: Delayed 3 second(s)

2018-05-30 17:48:42 - [MESSAGE][PASSED] - Delayed 3 second(s)

2018-05-30 17:48:42 - [TEST_STEP][PASSED] - click: Object: 'Object Repository/store Request Schedule 1/Page_CMS login/button_Sign in' is clicked on

2018-05-30 17:48:43 - [MESSAGE][PASSED] - Object: 'Object Repository/store Request Schedule 1/Page_CMS login/button_Sign in' is clicked on

2018-05-30 17:48:43 - [TEST_STEP][PASSED] - delay: Delayed 2 second(s)

2018-05-30 17:48:45 - [MESSAGE][PASSED] - Delayed 2 second(s)

2018-05-30 17:48:45 - [TEST_STEP][PASSED] - click: Object: 'Object Repository/store Request Schedule 1/Page_KDMC - CMS/a_Divisional Store' is clicked on

2018-05-30 17:48:45 - [MESSAGE][PASSED] - Object: 'Object Repository/store Request Schedule 1/Page_KDMC - CMS/a_Divisional Store' is clicked on

2018-05-30 17:48:45 - [TEST_STEP][PASSED] - delay: Delayed 2 second(s)

2018-05-30 17:48:47 - [MESSAGE][PASSED] - Delayed 2 second(s)

2018-05-30 17:48:47 - [TEST_STEP][PASSED] - click: Object: 'Object Repository/store Request Schedule 1/Page_KDMC - CMS/a_Dispatch Items' is clicked on

2018-05-30 17:48:48 - [MESSAGE][PASSED] - Object: 'Object Repository/store Request Schedule 1/Page_KDMC - CMS/a_Dispatch Items' is clicked on

2018-05-30 17:48:48 - [TEST_STEP][PASSED] - setText: Text 'PRNO/30052018/478' is set on object 'Object Repository/store Request Schedule 1/Page_KDMC - CMS/input'

2018-05-30 17:48:49 - [MESSAGE][PASSED] - Text 'PRNO/30052018/478' is set on object 'Object Repository/store Request Schedule 1/Page_KDMC - CMS/input'

2018-05-30 17:48:49 - [TEST_STEP][PASSED] - click: Object: 'Object Repository/store Request Schedule 1/Page_KDMC - CMS/td_text-center' is clicked on

2018-05-30 17:48:49 - [MESSAGE][PASSED] - Object: 'Object Repository/store Request Schedule 1/Page_KDMC - CMS/td_text-center' is clicked on

2018-05-30 17:48:49 - [TEST_STEP][PASSED] - delay: Delayed 2 second(s)

2018-05-30 17:48:51 - [MESSAGE][PASSED] - Delayed 2 second(s)

2018-05-30 17:48:51 - [TEST_STEP][PASSED] - Statement - For ([row = 0, row < SelectedOptions - 1, (row++)]): null

2018-05-30 17:48:51 - [TEST_STEP][PASSED] - Statement - batchlength = new com.kms.katalon.core.testobject.TestObject(): null

2018-05-30 17:48:51 - [TEST_STEP][PASSED] - Statement - batchlength = com.kms.katalon.core.webui.keyword.WebUiBuiltInKeywords.modifyObjectProperty(batchlength, "xpath", "equals", "//*[@id = "fldvendor" + row + ""]", true): Modify property of object successfully

2018-05-30 17:48:51 - [MESSAGE][PASSED] - Modify property of object successfully

2018-05-30 17:48:51 - [TEST_STEP][PASSED] - Statement - batchsize = com.kms.katalon.core.webui.keyword.WebUiBuiltInKeywords.getNumberOfTotalOption(batchlength): 11 options of object '' counted

2018-05-30 17:48:51 - [MESSAGE][PASSED] - 11 options of object '' counted

2018-05-30 17:48:51 - [TEST_STEP][PASSED] - Statement - out.println("BatchSize : " + batchsize): null

2018-05-30 17:48:51 - [TEST_STEP][PASSED] - Statement - For ([n = 1, n <= batchsize - 1, (n++)]): null

2018-05-30 17:48:51 - [TEST_STEP][PASSED] - Statement - product = new com.kms.katalon.core.testobject.TestObject(): null

2018-05-30 17:48:51 - [TEST_STEP][PASSED] - Statement - product = com.kms.katalon.core.webui.keyword.WebUiBuiltInKeywords.modifyObjectProperty(product, "xpath", "equals", "//*[@id = "fldvendor" + row + ""]", true): Modify property of object successfully

2018-05-30 17:48:51 - [MESSAGE][PASSED] - Modify property of object successfully

2018-05-30 17:48:51 - [TEST_STEP][PASSED] - selectOptionByIndex: All options with index in [1] are selected on object ''

2018-05-30 17:48:51 - [MESSAGE][PASSED] - All options with index in [1] are selected on object ''

2018-05-30 17:48:51 - [TEST_STEP][PASSED] - Statement - batch = new com.kms.katalon.core.testobject.TestObject(): null

2018-05-30 17:48:51 - [TEST_STEP][PASSED] - Statement - batch = com.kms.katalon.core.webui.keyword.WebUiBuiltInKeywords.modifyObjectProperty(batch, "xpath", "equals", "//*[@id = "txtbthqty" + row + ""]", true): Modify property of object successfully

2018-05-30 17:48:51 - [MESSAGE][PASSED] - Modify property of object successfully

2018-05-30 17:48:51 - [TEST_STEP][PASSED] - Statement - batchqty = com.kms.katalon.core.webui.keyword.WebUiBuiltInKeywords.getAttribute(batch, "value").trim(): Attribute 'value' of object '' is: ''

2018-05-30 17:48:51 - [MESSAGE][PASSED] - Attribute 'value' of object '' is: ''

2018-05-30 17:48:51 - [TEST_STEP][PASSED] - Statement - Rqty = 100: null

2018-05-30 17:48:51 - [TEST_STEP][PASSED] - delay: Delayed 2 second(s)

2018-05-30 17:48:53 - [MESSAGE][PASSED] - Delayed 2 second(s)

2018-05-30 17:48:53 - [TEST_STEP][PASSED] - Statement - out.println("BatchQty : " + batchqty): null

2018-05-30 17:48:53 - [TEST_STEP][PASSED] - Statement - out.println("RQty : " + Rqty): null

2018-05-30 17:48:53 - [TEST_STEP][PASSED] - Statement - If (java.lang.Integer.valueOf(batchqty) >= java.lang.Integer.valueOf(Rqty)): null]]></system-out>
         <system-err><![CDATA[2018-05-30 17:46:22 - [TEST_CASE][ERROR] - Test Cases/STORE TO CMS REQUEST TEST CASES/TC_STCMS_004 To Verify Schedule 4 Store To CMS Request Are Working Successfully Or Not: Test Cases/STORE TO CMS REQUEST TEST CASES/TC_STCMS_004 To Verify Schedule 4 Store To CMS Request Are Working Successfully Or Not FAILED because (of) java.lang.NumberFormatException: For input string: ""]]></system-err>
      </testcase>
      <testcase name="Test Cases/STORE TO CMS REQUEST TEST CASES/TC_STCMS_005 To Verify Schedule 5 Store To CMS Request Are Working Successfully Or Not" classname="Test Cases/STORE TO CMS REQUEST TEST CASES/TC_STCMS_005 To Verify Schedule 5 Store To CMS Request Are Working Successfully Or Not" status="PASSED">
         <system-out><![CDATA[2018-05-30 17:48:53 - [TEST_CASE][PASSED] - Test Cases/STORE TO CMS REQUEST TEST CASES/TC_STCMS_005 To Verify Schedule 5 Store To CMS Request Are Working Successfully Or Not: Test Cases/STORE TO CMS REQUEST TEST CASES/TC_STCMS_005 To Verify Schedule 5 Store To CMS Request Are Working Successfully Or Not

2018-05-30 17:48:53 - [TEST_STEP][PASSED] - openBrowser: Browser is opened with url: ''

2018-05-30 17:48:53 - [MESSAGE][WARNING] - A browser is already opened. Closing browser and opening a new one

2018-05-30 17:48:56 - [MESSAGE][PASSED] - Browser is opened with url: ''

2018-05-30 17:48:56 - [TEST_STEP][PASSED] - Statement - out.println("Verify Schedule 5 STORE Request Are Working Successfully Or Not"): null

2018-05-30 17:48:56 - [TEST_STEP][PASSED] - navigateToUrl: Navigate to 'http://192.168.137.1/multihospital_new/' successfully

2018-05-30 17:48:59 - [MESSAGE][PASSED] - Navigate to 'http://192.168.137.1/multihospital_new/' successfully

2018-05-30 17:48:59 - [TEST_STEP][PASSED] - maximizeWindow: Current window maximized

2018-05-30 17:49:00 - [MESSAGE][PASSED] - Current window maximized

2018-05-30 17:49:00 - [TEST_STEP][PASSED] - click: Object: 'Object Repository/Store Request Schedule 1/Page_KDMC/a_Divisional Store' is clicked on

2018-05-30 17:49:01 - [MESSAGE][PASSED] - Object: 'Object Repository/Store Request Schedule 1/Page_KDMC/a_Divisional Store' is clicked on

2018-05-30 17:49:01 - [TEST_STEP][PASSED] - setText: Text 'ragu' is set on object 'Object Repository/Store Request Schedule 1/Page_Divisonal Store Login/input_txtusername'

2018-05-30 17:49:01 - [MESSAGE][PASSED] - Text 'ragu' is set on object 'Object Repository/Store Request Schedule 1/Page_Divisonal Store Login/input_txtusername'

2018-05-30 17:49:01 - [TEST_STEP][PASSED] - setText: Text '123' is set on object 'Object Repository/Store Request Schedule 1/Page_Divisonal Store Login/input_txtpassword'

2018-05-30 17:49:01 - [MESSAGE][PASSED] - Text '123' is set on object 'Object Repository/Store Request Schedule 1/Page_Divisonal Store Login/input_txtpassword'

2018-05-30 17:49:01 - [TEST_STEP][PASSED] - delay: Delayed 3 second(s)

2018-05-30 17:49:04 - [MESSAGE][PASSED] - Delayed 3 second(s)

2018-05-30 17:49:04 - [TEST_STEP][PASSED] - click: Object: 'Object Repository/Store Request Schedule 1/Page_Divisonal Store Login/button_Sign in' is clicked on

2018-05-30 17:49:06 - [MESSAGE][PASSED] - Object: 'Object Repository/Store Request Schedule 1/Page_Divisonal Store Login/button_Sign in' is clicked on

2018-05-30 17:49:06 - [TEST_STEP][PASSED] - delay: Delayed 3 second(s)

2018-05-30 17:49:09 - [MESSAGE][PASSED] - Delayed 3 second(s)

2018-05-30 17:49:09 - [TEST_STEP][PASSED] - click: Object: 'Object Repository/Store Request Schedule 1/Page_Store/a_CMS' is clicked on

2018-05-30 17:49:09 - [MESSAGE][PASSED] - Object: 'Object Repository/Store Request Schedule 1/Page_Store/a_CMS' is clicked on

2018-05-30 17:49:09 - [TEST_STEP][PASSED] - delay: Delayed 2 second(s)

2018-05-30 17:49:11 - [MESSAGE][PASSED] - Delayed 2 second(s)

2018-05-30 17:49:11 - [TEST_STEP][PASSED] - click: Object: 'Object Repository/Store Request Schedule 1/Page_Store/a_Request Send' is clicked on

2018-05-30 17:49:12 - [MESSAGE][PASSED] - Object: 'Object Repository/Store Request Schedule 1/Page_Store/a_Request Send' is clicked on

2018-05-30 17:49:12 - [TEST_STEP][PASSED] - selectOptionByIndex: All options with index in [1] are selected on object 'Object Repository/Store Request Schedule 1/Page_Store/select_--Select--'

2018-05-30 17:49:12 - [MESSAGE][PASSED] - All options with index in [1] are selected on object 'Object Repository/Store Request Schedule 1/Page_Store/select_--Select--'

2018-05-30 17:49:12 - [TEST_STEP][PASSED] - selectOptionByIndex: All options with index in [5] are selected on object 'Object Repository/Store Request Schedule 1/Page_Store/select_--Select--Schedule 1Inj'

2018-05-30 17:49:12 - [MESSAGE][PASSED] - All options with index in [5] are selected on object 'Object Repository/Store Request Schedule 1/Page_Store/select_--Select--Schedule 1Inj'

2018-05-30 17:49:12 - [TEST_STEP][PASSED] - Statement - SelectedOptions = com.kms.katalon.core.webui.keyword.WebUiBuiltInKeywords.getNumberOfTotalOption(com.kms.katalon.core.testobject.ObjectRepository.findTestObject(Store Request Schedule 1/Page_Store/select_--Select--Adernaline 0.)): 17 options of object 'Object Repository/Store Request Schedule 1/Page_Store/select_--Select--Adernaline 0.' counted

2018-05-30 17:49:13 - [MESSAGE][PASSED] - 17 options of object 'Object Repository/Store Request Schedule 1/Page_Store/select_--Select--Adernaline 0.' counted

2018-05-30 17:49:13 - [TEST_STEP][PASSED] - Statement - For ([y = 1, y < SelectedOptions, (y++)]): Object: 'Object Repository/Store Request Schedule 1/Page_Store/button_Add' is clicked on

2018-05-30 17:49:13 - [TEST_STEP][PASSED] - selectOptionByIndex: All options with index in [5] are selected on object 'Object Repository/Store Request Schedule 1/Page_Store/select_--Select--Schedule 1Inj'

2018-05-30 17:49:13 - [MESSAGE][PASSED] - All options with index in [5] are selected on object 'Object Repository/Store Request Schedule 1/Page_Store/select_--Select--Schedule 1Inj'

2018-05-30 17:49:13 - [TEST_STEP][PASSED] - delay: Delayed 1 second(s)

2018-05-30 17:49:14 - [MESSAGE][PASSED] - Delayed 1 second(s)

2018-05-30 17:49:14 - [TEST_STEP][PASSED] - selectOptionByIndex: All options with index in [1] are selected on object 'Object Repository/Store Request Schedule 1/Page_Store/select_--Select--Adernaline 0.'

2018-05-30 17:49:14 - [MESSAGE][PASSED] - All options with index in [1] are selected on object 'Object Repository/Store Request Schedule 1/Page_Store/select_--Select--Adernaline 0.'

2018-05-30 17:49:14 - [TEST_STEP][PASSED] - setText: Text '100' is set on object 'Object Repository/Store Request Schedule 1/Page_Store/input_txttreat'

2018-05-30 17:49:14 - [MESSAGE][PASSED] - Text '100' is set on object 'Object Repository/Store Request Schedule 1/Page_Store/input_txttreat'

2018-05-30 17:49:14 - [TEST_STEP][PASSED] - click: Object: 'Object Repository/Store Request Schedule 1/Page_Store/button_Add' is clicked on

2018-05-30 17:49:14 - [MESSAGE][PASSED] - Object: 'Object Repository/Store Request Schedule 1/Page_Store/button_Add' is clicked on

2018-05-30 17:49:14 - [TEST_STEP][PASSED] - selectOptionByIndex: All options with index in [5] are selected on object 'Object Repository/Store Request Schedule 1/Page_Store/select_--Select--Schedule 1Inj'

2018-05-30 17:49:14 - [MESSAGE][PASSED] - All options with index in [5] are selected on object 'Object Repository/Store Request Schedule 1/Page_Store/select_--Select--Schedule 1Inj'

2018-05-30 17:49:14 - [TEST_STEP][PASSED] - delay: Delayed 1 second(s)

2018-05-30 17:49:15 - [MESSAGE][PASSED] - Delayed 1 second(s)

2018-05-30 17:49:15 - [TEST_STEP][PASSED] - selectOptionByIndex: All options with index in [2] are selected on object 'Object Repository/Store Request Schedule 1/Page_Store/select_--Select--Adernaline 0.'

2018-05-30 17:49:15 - [MESSAGE][PASSED] - All options with index in [2] are selected on object 'Object Repository/Store Request Schedule 1/Page_Store/select_--Select--Adernaline 0.'

2018-05-30 17:49:15 - [TEST_STEP][PASSED] - setText: Text '100' is set on object 'Object Repository/Store Request Schedule 1/Page_Store/input_txttreat'

2018-05-30 17:49:15 - [MESSAGE][PASSED] - Text '100' is set on object 'Object Repository/Store Request Schedule 1/Page_Store/input_txttreat'

2018-05-30 17:49:15 - [TEST_STEP][PASSED] - click: Object: 'Object Repository/Store Request Schedule 1/Page_Store/button_Add' is clicked on

2018-05-30 17:49:15 - [MESSAGE][PASSED] - Object: 'Object Repository/Store Request Schedule 1/Page_Store/button_Add' is clicked on

2018-05-30 17:49:15 - [TEST_STEP][PASSED] - selectOptionByIndex: All options with index in [5] are selected on object 'Object Repository/Store Request Schedule 1/Page_Store/select_--Select--Schedule 1Inj'

2018-05-30 17:49:16 - [MESSAGE][PASSED] - All options with index in [5] are selected on object 'Object Repository/Store Request Schedule 1/Page_Store/select_--Select--Schedule 1Inj'

2018-05-30 17:49:16 - [TEST_STEP][PASSED] - delay: Delayed 1 second(s)

2018-05-30 17:49:17 - [MESSAGE][PASSED] - Delayed 1 second(s)

2018-05-30 17:49:17 - [TEST_STEP][PASSED] - selectOptionByIndex: All options with index in [3] are selected on object 'Object Repository/Store Request Schedule 1/Page_Store/select_--Select--Adernaline 0.'

2018-05-30 17:49:17 - [MESSAGE][PASSED] - All options with index in [3] are selected on object 'Object Repository/Store Request Schedule 1/Page_Store/select_--Select--Adernaline 0.'

2018-05-30 17:49:17 - [TEST_STEP][PASSED] - setText: Text '100' is set on object 'Object Repository/Store Request Schedule 1/Page_Store/input_txttreat'

2018-05-30 17:49:17 - [MESSAGE][PASSED] - Text '100' is set on object 'Object Repository/Store Request Schedule 1/Page_Store/input_txttreat'

2018-05-30 17:49:17 - [TEST_STEP][PASSED] - click: Object: 'Object Repository/Store Request Schedule 1/Page_Store/button_Add' is clicked on

2018-05-30 17:49:17 - [MESSAGE][PASSED] - Object: 'Object Repository/Store Request Schedule 1/Page_Store/button_Add' is clicked on

2018-05-30 17:49:17 - [TEST_STEP][PASSED] - selectOptionByIndex: All options with index in [5] are selected on object 'Object Repository/Store Request Schedule 1/Page_Store/select_--Select--Schedule 1Inj'

2018-05-30 17:49:17 - [MESSAGE][PASSED] - All options with index in [5] are selected on object 'Object Repository/Store Request Schedule 1/Page_Store/select_--Select--Schedule 1Inj'

2018-05-30 17:49:17 - [TEST_STEP][PASSED] - delay: Delayed 1 second(s)

2018-05-30 17:49:18 - [MESSAGE][PASSED] - Delayed 1 second(s)

2018-05-30 17:49:18 - [TEST_STEP][PASSED] - selectOptionByIndex: All options with index in [4] are selected on object 'Object Repository/Store Request Schedule 1/Page_Store/select_--Select--Adernaline 0.'

2018-05-30 17:49:18 - [MESSAGE][PASSED] - All options with index in [4] are selected on object 'Object Repository/Store Request Schedule 1/Page_Store/select_--Select--Adernaline 0.'

2018-05-30 17:49:18 - [TEST_STEP][PASSED] - setText: Text '100' is set on object 'Object Repository/Store Request Schedule 1/Page_Store/input_txttreat'

2018-05-30 17:49:18 - [MESSAGE][PASSED] - Text '100' is set on object 'Object Repository/Store Request Schedule 1/Page_Store/input_txttreat'

2018-05-30 17:49:18 - [TEST_STEP][PASSED] - click: Object: 'Object Repository/Store Request Schedule 1/Page_Store/button_Add' is clicked on

2018-05-30 17:49:18 - [MESSAGE][PASSED] - Object: 'Object Repository/Store Request Schedule 1/Page_Store/button_Add' is clicked on

2018-05-30 17:49:18 - [TEST_STEP][PASSED] - selectOptionByIndex: All options with index in [5] are selected on object 'Object Repository/Store Request Schedule 1/Page_Store/select_--Select--Schedule 1Inj'

2018-05-30 17:49:18 - [MESSAGE][PASSED] - All options with index in [5] are selected on object 'Object Repository/Store Request Schedule 1/Page_Store/select_--Select--Schedule 1Inj'

2018-05-30 17:49:18 - [TEST_STEP][PASSED] - delay: Delayed 1 second(s)

2018-05-30 17:49:19 - [MESSAGE][PASSED] - Delayed 1 second(s)

2018-05-30 17:49:19 - [TEST_STEP][PASSED] - selectOptionByIndex: All options with index in [5] are selected on object 'Object Repository/Store Request Schedule 1/Page_Store/select_--Select--Adernaline 0.'

2018-05-30 17:49:20 - [MESSAGE][PASSED] - All options with index in [5] are selected on object 'Object Repository/Store Request Schedule 1/Page_Store/select_--Select--Adernaline 0.'

2018-05-30 17:49:20 - [TEST_STEP][PASSED] - setText: Text '100' is set on object 'Object Repository/Store Request Schedule 1/Page_Store/input_txttreat'

2018-05-30 17:49:20 - [MESSAGE][PASSED] - Text '100' is set on object 'Object Repository/Store Request Schedule 1/Page_Store/input_txttreat'

2018-05-30 17:49:20 - [TEST_STEP][PASSED] - click: Object: 'Object Repository/Store Request Schedule 1/Page_Store/button_Add' is clicked on

2018-05-30 17:49:20 - [MESSAGE][PASSED] - Object: 'Object Repository/Store Request Schedule 1/Page_Store/button_Add' is clicked on

2018-05-30 17:49:20 - [TEST_STEP][PASSED] - selectOptionByIndex: All options with index in [5] are selected on object 'Object Repository/Store Request Schedule 1/Page_Store/select_--Select--Schedule 1Inj'

2018-05-30 17:49:20 - [MESSAGE][PASSED] - All options with index in [5] are selected on object 'Object Repository/Store Request Schedule 1/Page_Store/select_--Select--Schedule 1Inj'

2018-05-30 17:49:20 - [TEST_STEP][PASSED] - delay: Delayed 1 second(s)

2018-05-30 17:49:21 - [MESSAGE][PASSED] - Delayed 1 second(s)

2018-05-30 17:49:21 - [TEST_STEP][PASSED] - selectOptionByIndex: All options with index in [6] are selected on object 'Object Repository/Store Request Schedule 1/Page_Store/select_--Select--Adernaline 0.'

2018-05-30 17:49:21 - [MESSAGE][PASSED] - All options with index in [6] are selected on object 'Object Repository/Store Request Schedule 1/Page_Store/select_--Select--Adernaline 0.'

2018-05-30 17:49:21 - [TEST_STEP][PASSED] - setText: Text '100' is set on object 'Object Repository/Store Request Schedule 1/Page_Store/input_txttreat'

2018-05-30 17:49:21 - [MESSAGE][PASSED] - Text '100' is set on object 'Object Repository/Store Request Schedule 1/Page_Store/input_txttreat'

2018-05-30 17:49:21 - [TEST_STEP][PASSED] - click: Object: 'Object Repository/Store Request Schedule 1/Page_Store/button_Add' is clicked on

2018-05-30 17:49:21 - [MESSAGE][PASSED] - Object: 'Object Repository/Store Request Schedule 1/Page_Store/button_Add' is clicked on

2018-05-30 17:49:21 - [TEST_STEP][PASSED] - selectOptionByIndex: All options with index in [5] are selected on object 'Object Repository/Store Request Schedule 1/Page_Store/select_--Select--Schedule 1Inj'

2018-05-30 17:49:21 - [MESSAGE][PASSED] - All options with index in [5] are selected on object 'Object Repository/Store Request Schedule 1/Page_Store/select_--Select--Schedule 1Inj'

2018-05-30 17:49:21 - [TEST_STEP][PASSED] - delay: Delayed 1 second(s)

2018-05-30 17:49:22 - [MESSAGE][PASSED] - Delayed 1 second(s)

2018-05-30 17:49:22 - [TEST_STEP][PASSED] - selectOptionByIndex: All options with index in [7] are selected on object 'Object Repository/Store Request Schedule 1/Page_Store/select_--Select--Adernaline 0.'

2018-05-30 17:49:23 - [MESSAGE][PASSED] - All options with index in [7] are selected on object 'Object Repository/Store Request Schedule 1/Page_Store/select_--Select--Adernaline 0.'

2018-05-30 17:49:23 - [TEST_STEP][PASSED] - setText: Text '100' is set on object 'Object Repository/Store Request Schedule 1/Page_Store/input_txttreat'

2018-05-30 17:49:23 - [MESSAGE][PASSED] - Text '100' is set on object 'Object Repository/Store Request Schedule 1/Page_Store/input_txttreat'

2018-05-30 17:49:23 - [TEST_STEP][PASSED] - click: Object: 'Object Repository/Store Request Schedule 1/Page_Store/button_Add' is clicked on

2018-05-30 17:49:23 - [MESSAGE][PASSED] - Object: 'Object Repository/Store Request Schedule 1/Page_Store/button_Add' is clicked on

2018-05-30 17:49:23 - [TEST_STEP][PASSED] - selectOptionByIndex: All options with index in [5] are selected on object 'Object Repository/Store Request Schedule 1/Page_Store/select_--Select--Schedule 1Inj'

2018-05-30 17:49:23 - [MESSAGE][PASSED] - All options with index in [5] are selected on object 'Object Repository/Store Request Schedule 1/Page_Store/select_--Select--Schedule 1Inj'

2018-05-30 17:49:23 - [TEST_STEP][PASSED] - delay: Delayed 1 second(s)

2018-05-30 17:49:24 - [MESSAGE][PASSED] - Delayed 1 second(s)

2018-05-30 17:49:24 - [TEST_STEP][PASSED] - selectOptionByIndex: All options with index in [8] are selected on object 'Object Repository/Store Request Schedule 1/Page_Store/select_--Select--Adernaline 0.'

2018-05-30 17:49:24 - [MESSAGE][PASSED] - All options with index in [8] are selected on object 'Object Repository/Store Request Schedule 1/Page_Store/select_--Select--Adernaline 0.'

2018-05-30 17:49:24 - [TEST_STEP][PASSED] - setText: Text '100' is set on object 'Object Repository/Store Request Schedule 1/Page_Store/input_txttreat'

2018-05-30 17:49:24 - [MESSAGE][PASSED] - Text '100' is set on object 'Object Repository/Store Request Schedule 1/Page_Store/input_txttreat'

2018-05-30 17:49:24 - [TEST_STEP][PASSED] - click: Object: 'Object Repository/Store Request Schedule 1/Page_Store/button_Add' is clicked on

2018-05-30 17:49:24 - [MESSAGE][PASSED] - Object: 'Object Repository/Store Request Schedule 1/Page_Store/button_Add' is clicked on

2018-05-30 17:49:24 - [TEST_STEP][PASSED] - selectOptionByIndex: All options with index in [5] are selected on object 'Object Repository/Store Request Schedule 1/Page_Store/select_--Select--Schedule 1Inj'

2018-05-30 17:49:24 - [MESSAGE][PASSED] - All options with index in [5] are selected on object 'Object Repository/Store Request Schedule 1/Page_Store/select_--Select--Schedule 1Inj'

2018-05-30 17:49:24 - [TEST_STEP][PASSED] - delay: Delayed 1 second(s)

2018-05-30 17:49:25 - [MESSAGE][PASSED] - Delayed 1 second(s)

2018-05-30 17:49:25 - [TEST_STEP][PASSED] - selectOptionByIndex: All options with index in [9] are selected on object 'Object Repository/Store Request Schedule 1/Page_Store/select_--Select--Adernaline 0.'

2018-05-30 17:49:27 - [MESSAGE][PASSED] - All options with index in [9] are selected on object 'Object Repository/Store Request Schedule 1/Page_Store/select_--Select--Adernaline 0.'

2018-05-30 17:49:27 - [TEST_STEP][PASSED] - setText: Text '100' is set on object 'Object Repository/Store Request Schedule 1/Page_Store/input_txttreat'

2018-05-30 17:49:27 - [MESSAGE][PASSED] - Text '100' is set on object 'Object Repository/Store Request Schedule 1/Page_Store/input_txttreat'

2018-05-30 17:49:27 - [TEST_STEP][PASSED] - click: Object: 'Object Repository/Store Request Schedule 1/Page_Store/button_Add' is clicked on

2018-05-30 17:49:27 - [MESSAGE][PASSED] - Object: 'Object Repository/Store Request Schedule 1/Page_Store/button_Add' is clicked on

2018-05-30 17:49:27 - [TEST_STEP][PASSED] - selectOptionByIndex: All options with index in [5] are selected on object 'Object Repository/Store Request Schedule 1/Page_Store/select_--Select--Schedule 1Inj'

2018-05-30 17:49:28 - [MESSAGE][PASSED] - All options with index in [5] are selected on object 'Object Repository/Store Request Schedule 1/Page_Store/select_--Select--Schedule 1Inj'

2018-05-30 17:49:28 - [TEST_STEP][PASSED] - delay: Delayed 1 second(s)

2018-05-30 17:49:29 - [MESSAGE][PASSED] - Delayed 1 second(s)

2018-05-30 17:49:29 - [TEST_STEP][PASSED] - selectOptionByIndex: All options with index in [10] are selected on object 'Object Repository/Store Request Schedule 1/Page_Store/select_--Select--Adernaline 0.'

2018-05-30 17:49:29 - [MESSAGE][PASSED] - All options with index in [10] are selected on object 'Object Repository/Store Request Schedule 1/Page_Store/select_--Select--Adernaline 0.'

2018-05-30 17:49:29 - [TEST_STEP][PASSED] - setText: Text '100' is set on object 'Object Repository/Store Request Schedule 1/Page_Store/input_txttreat'

2018-05-30 17:49:29 - [MESSAGE][PASSED] - Text '100' is set on object 'Object Repository/Store Request Schedule 1/Page_Store/input_txttreat'

2018-05-30 17:49:29 - [TEST_STEP][PASSED] - click: Object: 'Object Repository/Store Request Schedule 1/Page_Store/button_Add' is clicked on

2018-05-30 17:49:29 - [MESSAGE][PASSED] - Object: 'Object Repository/Store Request Schedule 1/Page_Store/button_Add' is clicked on

2018-05-30 17:49:29 - [TEST_STEP][PASSED] - selectOptionByIndex: All options with index in [5] are selected on object 'Object Repository/Store Request Schedule 1/Page_Store/select_--Select--Schedule 1Inj'

2018-05-30 17:49:29 - [MESSAGE][PASSED] - All options with index in [5] are selected on object 'Object Repository/Store Request Schedule 1/Page_Store/select_--Select--Schedule 1Inj'

2018-05-30 17:49:29 - [TEST_STEP][PASSED] - delay: Delayed 1 second(s)

2018-05-30 17:49:30 - [MESSAGE][PASSED] - Delayed 1 second(s)

2018-05-30 17:49:30 - [TEST_STEP][PASSED] - selectOptionByIndex: All options with index in [11] are selected on object 'Object Repository/Store Request Schedule 1/Page_Store/select_--Select--Adernaline 0.'

2018-05-30 17:49:30 - [MESSAGE][PASSED] - All options with index in [11] are selected on object 'Object Repository/Store Request Schedule 1/Page_Store/select_--Select--Adernaline 0.'

2018-05-30 17:49:30 - [TEST_STEP][PASSED] - setText: Text '100' is set on object 'Object Repository/Store Request Schedule 1/Page_Store/input_txttreat'

2018-05-30 17:49:30 - [MESSAGE][PASSED] - Text '100' is set on object 'Object Repository/Store Request Schedule 1/Page_Store/input_txttreat'

2018-05-30 17:49:30 - [TEST_STEP][PASSED] - click: Object: 'Object Repository/Store Request Schedule 1/Page_Store/button_Add' is clicked on

2018-05-30 17:49:30 - [MESSAGE][PASSED] - Object: 'Object Repository/Store Request Schedule 1/Page_Store/button_Add' is clicked on

2018-05-30 17:49:30 - [TEST_STEP][PASSED] - selectOptionByIndex: All options with index in [5] are selected on object 'Object Repository/Store Request Schedule 1/Page_Store/select_--Select--Schedule 1Inj'

2018-05-30 17:49:36 - [MESSAGE][PASSED] - All options with index in [5] are selected on object 'Object Repository/Store Request Schedule 1/Page_Store/select_--Select--Schedule 1Inj'

2018-05-30 17:49:36 - [TEST_STEP][PASSED] - delay: Delayed 1 second(s)

2018-05-30 17:49:37 - [MESSAGE][PASSED] - Delayed 1 second(s)

2018-05-30 17:49:37 - [TEST_STEP][PASSED] - selectOptionByIndex: All options with index in [12] are selected on object 'Object Repository/Store Request Schedule 1/Page_Store/select_--Select--Adernaline 0.'

2018-05-30 17:49:37 - [MESSAGE][PASSED] - All options with index in [12] are selected on object 'Object Repository/Store Request Schedule 1/Page_Store/select_--Select--Adernaline 0.'

2018-05-30 17:49:37 - [TEST_STEP][PASSED] - setText: Text '100' is set on object 'Object Repository/Store Request Schedule 1/Page_Store/input_txttreat'

2018-05-30 17:49:37 - [MESSAGE][PASSED] - Text '100' is set on object 'Object Repository/Store Request Schedule 1/Page_Store/input_txttreat'

2018-05-30 17:49:37 - [TEST_STEP][PASSED] - click: Object: 'Object Repository/Store Request Schedule 1/Page_Store/button_Add' is clicked on

2018-05-30 17:49:38 - [MESSAGE][PASSED] - Object: 'Object Repository/Store Request Schedule 1/Page_Store/button_Add' is clicked on

2018-05-30 17:49:38 - [TEST_STEP][PASSED] - selectOptionByIndex: All options with index in [5] are selected on object 'Object Repository/Store Request Schedule 1/Page_Store/select_--Select--Schedule 1Inj'

2018-05-30 17:49:38 - [MESSAGE][PASSED] - All options with index in [5] are selected on object 'Object Repository/Store Request Schedule 1/Page_Store/select_--Select--Schedule 1Inj'

2018-05-30 17:49:38 - [TEST_STEP][PASSED] - delay: Delayed 1 second(s)

2018-05-30 17:49:39 - [MESSAGE][PASSED] - Delayed 1 second(s)

2018-05-30 17:49:39 - [TEST_STEP][PASSED] - selectOptionByIndex: All options with index in [13] are selected on object 'Object Repository/Store Request Schedule 1/Page_Store/select_--Select--Adernaline 0.'

2018-05-30 17:49:39 - [MESSAGE][PASSED] - All options with index in [13] are selected on object 'Object Repository/Store Request Schedule 1/Page_Store/select_--Select--Adernaline 0.'

2018-05-30 17:49:39 - [TEST_STEP][PASSED] - setText: Text '100' is set on object 'Object Repository/Store Request Schedule 1/Page_Store/input_txttreat'

2018-05-30 17:49:39 - [MESSAGE][PASSED] - Text '100' is set on object 'Object Repository/Store Request Schedule 1/Page_Store/input_txttreat'

2018-05-30 17:49:39 - [TEST_STEP][PASSED] - click: Object: 'Object Repository/Store Request Schedule 1/Page_Store/button_Add' is clicked on

2018-05-30 17:49:39 - [MESSAGE][PASSED] - Object: 'Object Repository/Store Request Schedule 1/Page_Store/button_Add' is clicked on

2018-05-30 17:49:39 - [TEST_STEP][PASSED] - selectOptionByIndex: All options with index in [5] are selected on object 'Object Repository/Store Request Schedule 1/Page_Store/select_--Select--Schedule 1Inj'

2018-05-30 17:49:39 - [MESSAGE][PASSED] - All options with index in [5] are selected on object 'Object Repository/Store Request Schedule 1/Page_Store/select_--Select--Schedule 1Inj'

2018-05-30 17:49:39 - [TEST_STEP][PASSED] - delay: Delayed 1 second(s)

2018-05-30 17:49:40 - [MESSAGE][PASSED] - Delayed 1 second(s)

2018-05-30 17:49:40 - [TEST_STEP][PASSED] - selectOptionByIndex: All options with index in [14] are selected on object 'Object Repository/Store Request Schedule 1/Page_Store/select_--Select--Adernaline 0.'

2018-05-30 17:49:40 - [MESSAGE][PASSED] - All options with index in [14] are selected on object 'Object Repository/Store Request Schedule 1/Page_Store/select_--Select--Adernaline 0.'

2018-05-30 17:49:40 - [TEST_STEP][PASSED] - setText: Text '100' is set on object 'Object Repository/Store Request Schedule 1/Page_Store/input_txttreat'

2018-05-30 17:49:41 - [MESSAGE][PASSED] - Text '100' is set on object 'Object Repository/Store Request Schedule 1/Page_Store/input_txttreat'

2018-05-30 17:49:41 - [TEST_STEP][PASSED] - click: Object: 'Object Repository/Store Request Schedule 1/Page_Store/button_Add' is clicked on

2018-05-30 17:49:41 - [MESSAGE][PASSED] - Object: 'Object Repository/Store Request Schedule 1/Page_Store/button_Add' is clicked on

2018-05-30 17:49:41 - [TEST_STEP][PASSED] - selectOptionByIndex: All options with index in [5] are selected on object 'Object Repository/Store Request Schedule 1/Page_Store/select_--Select--Schedule 1Inj'

2018-05-30 17:49:41 - [MESSAGE][PASSED] - All options with index in [5] are selected on object 'Object Repository/Store Request Schedule 1/Page_Store/select_--Select--Schedule 1Inj'

2018-05-30 17:49:41 - [TEST_STEP][PASSED] - delay: Delayed 1 second(s)

2018-05-30 17:49:42 - [MESSAGE][PASSED] - Delayed 1 second(s)

2018-05-30 17:49:42 - [TEST_STEP][PASSED] - selectOptionByIndex: All options with index in [15] are selected on object 'Object Repository/Store Request Schedule 1/Page_Store/select_--Select--Adernaline 0.'

2018-05-30 17:49:42 - [MESSAGE][PASSED] - All options with index in [15] are selected on object 'Object Repository/Store Request Schedule 1/Page_Store/select_--Select--Adernaline 0.'

2018-05-30 17:49:42 - [TEST_STEP][PASSED] - setText: Text '100' is set on object 'Object Repository/Store Request Schedule 1/Page_Store/input_txttreat'

2018-05-30 17:49:42 - [MESSAGE][PASSED] - Text '100' is set on object 'Object Repository/Store Request Schedule 1/Page_Store/input_txttreat'

2018-05-30 17:49:42 - [TEST_STEP][PASSED] - click: Object: 'Object Repository/Store Request Schedule 1/Page_Store/button_Add' is clicked on

2018-05-30 17:49:42 - [MESSAGE][PASSED] - Object: 'Object Repository/Store Request Schedule 1/Page_Store/button_Add' is clicked on

2018-05-30 17:49:42 - [TEST_STEP][PASSED] - selectOptionByIndex: All options with index in [5] are selected on object 'Object Repository/Store Request Schedule 1/Page_Store/select_--Select--Schedule 1Inj'

2018-05-30 17:49:42 - [MESSAGE][PASSED] - All options with index in [5] are selected on object 'Object Repository/Store Request Schedule 1/Page_Store/select_--Select--Schedule 1Inj'

2018-05-30 17:49:42 - [TEST_STEP][PASSED] - delay: Delayed 1 second(s)

2018-05-30 17:49:43 - [MESSAGE][PASSED] - Delayed 1 second(s)

2018-05-30 17:49:43 - [TEST_STEP][PASSED] - selectOptionByIndex: All options with index in [16] are selected on object 'Object Repository/Store Request Schedule 1/Page_Store/select_--Select--Adernaline 0.'

2018-05-30 17:49:44 - [MESSAGE][PASSED] - All options with index in [16] are selected on object 'Object Repository/Store Request Schedule 1/Page_Store/select_--Select--Adernaline 0.'

2018-05-30 17:49:44 - [TEST_STEP][PASSED] - setText: Text '100' is set on object 'Object Repository/Store Request Schedule 1/Page_Store/input_txttreat'

2018-05-30 17:49:44 - [MESSAGE][PASSED] - Text '100' is set on object 'Object Repository/Store Request Schedule 1/Page_Store/input_txttreat'

2018-05-30 17:49:44 - [TEST_STEP][PASSED] - click: Object: 'Object Repository/Store Request Schedule 1/Page_Store/button_Add' is clicked on

2018-05-30 17:49:44 - [MESSAGE][PASSED] - Object: 'Object Repository/Store Request Schedule 1/Page_Store/button_Add' is clicked on

2018-05-30 17:49:44 - [TEST_STEP][PASSED] - delay: Delayed 2 second(s)

2018-05-30 17:49:46 - [MESSAGE][PASSED] - Delayed 2 second(s)

2018-05-30 17:49:46 - [TEST_STEP][PASSED] - scrollToElement: Scroll to object 'Object Repository/Store Request Schedule 1/Page_Store/input_btnsave' successfully

2018-05-30 17:49:46 - [MESSAGE][PASSED] - Scroll to object 'Object Repository/Store Request Schedule 1/Page_Store/input_btnsave' successfully

2018-05-30 17:49:46 - [TEST_STEP][PASSED] - click: Object: 'Object Repository/Store Request Schedule 1/Page_Store/input_btnsave' is clicked on

2018-05-30 17:49:46 - [MESSAGE][PASSED] - Object: 'Object Repository/Store Request Schedule 1/Page_Store/input_btnsave' is clicked on

2018-05-30 17:49:46 - [TEST_STEP][PASSED] - delay: Delayed 4 second(s)

2018-05-30 17:49:50 - [MESSAGE][PASSED] - Delayed 4 second(s)

2018-05-30 17:49:50 - [TEST_STEP][PASSED] - Statement - Cms_RequestNumber = com.kms.katalon.core.webui.keyword.WebUiBuiltInKeywords.getText(com.kms.katalon.core.testobject.ObjectRepository.findTestObject(Store Request Schedule 1/Page_Store/font_PRNO050520189)): Text of object 'Object Repository/Store Request Schedule 1/Page_Store/font_PRNO050520189' is: 'PRNO/30052018/479'

2018-05-30 17:49:50 - [MESSAGE][PASSED] - Text of object 'Object Repository/Store Request Schedule 1/Page_Store/font_PRNO050520189' is: 'PRNO/30052018/479'

2018-05-30 17:49:50 - [TEST_STEP][PASSED] - Statement - CR = Cms_RequestNumber.trim(): null

2018-05-30 17:49:50 - [TEST_STEP][PASSED] - Statement - out.println("RQ :" + Cms_RequestNumber): null

2018-05-30 17:49:50 - [TEST_STEP][PASSED] - Statement - RequestNumberID = Cms_RequestNumber.split("/")[2].trim(): null

2018-05-30 17:49:50 - [TEST_STEP][PASSED] - Statement - out.println("RQ ID :" + RequestNumberID): null

2018-05-30 17:49:50 - [TEST_STEP][PASSED] - delay: Delayed 3 second(s)

2018-05-30 17:49:53 - [MESSAGE][PASSED] - Delayed 3 second(s)

2018-05-30 17:49:53 - [TEST_STEP][PASSED] - Statement - ok = com.kms.katalon.core.webui.keyword.WebUiBuiltInKeywords.click(com.kms.katalon.core.testobject.ObjectRepository.findTestObject(Store Request Schedule 1/Page_Store/button_OK)): Object: 'Object Repository/Store Request Schedule 1/Page_Store/button_OK' is clicked on

2018-05-30 17:49:54 - [MESSAGE][PASSED] - Object: 'Object Repository/Store Request Schedule 1/Page_Store/button_OK' is clicked on

2018-05-30 17:49:54 - [TEST_STEP][PASSED] - delay: Delayed 3 second(s)

2018-05-30 17:49:57 - [MESSAGE][PASSED] - Delayed 3 second(s)

2018-05-30 17:49:57 - [TEST_STEP][PASSED] - click: Object: 'Object Repository/Store Request Schedule 1/Page_Store/a_dropdown-toggle' is clicked on

2018-05-30 17:49:57 - [MESSAGE][PASSED] - Object: 'Object Repository/Store Request Schedule 1/Page_Store/a_dropdown-toggle' is clicked on

2018-05-30 17:49:57 - [TEST_STEP][PASSED] - click: Object: 'Object Repository/Store Request Schedule 1/Page_Store/a_Sign out' is clicked on

2018-05-30 17:49:57 - [MESSAGE][PASSED] - Object: 'Object Repository/Store Request Schedule 1/Page_Store/a_Sign out' is clicked on

2018-05-30 17:49:57 - [TEST_STEP][PASSED] - delay: Delayed 3 second(s)

2018-05-30 17:50:00 - [MESSAGE][PASSED] - Delayed 3 second(s)

2018-05-30 17:50:00 - [TEST_STEP][PASSED] - click: Object: 'Object Repository/Store Request Schedule 1/Page_KDMC/a_CMO' is clicked on

2018-05-30 17:50:01 - [MESSAGE][PASSED] - Object: 'Object Repository/Store Request Schedule 1/Page_KDMC/a_CMO' is clicked on

2018-05-30 17:50:01 - [TEST_STEP][PASSED] - setText: Text 'guru' is set on object 'Object Repository/Store Request Schedule 1/Page_CMO login/input_txtusername'

2018-05-30 17:50:01 - [MESSAGE][PASSED] - Text 'guru' is set on object 'Object Repository/Store Request Schedule 1/Page_CMO login/input_txtusername'

2018-05-30 17:50:01 - [TEST_STEP][PASSED] - setText: Text '123' is set on object 'Object Repository/Store Request Schedule 1/Page_CMO login/input_txtpassword'

2018-05-30 17:50:01 - [MESSAGE][PASSED] - Text '123' is set on object 'Object Repository/Store Request Schedule 1/Page_CMO login/input_txtpassword'

2018-05-30 17:50:01 - [TEST_STEP][PASSED] - delay: Delayed 3 second(s)

2018-05-30 17:50:04 - [MESSAGE][PASSED] - Delayed 3 second(s)

2018-05-30 17:50:04 - [TEST_STEP][PASSED] - click: Object: 'Object Repository/Store Request Schedule 1/Page_CMO login/button_Sign in' is clicked on

2018-05-30 17:50:09 - [MESSAGE][PASSED] - Object: 'Object Repository/Store Request Schedule 1/Page_CMO login/button_Sign in' is clicked on

2018-05-30 17:50:09 - [TEST_STEP][PASSED] - delay: Delayed 2 second(s)

2018-05-30 17:50:11 - [MESSAGE][PASSED] - Delayed 2 second(s)

2018-05-30 17:50:11 - [TEST_STEP][PASSED] - click: Object: 'Object Repository/Store Request Schedule 1/Page_KDMC - CMO/span_Department Wise Request' is clicked on

2018-05-30 17:50:11 - [MESSAGE][PASSED] - Object: 'Object Repository/Store Request Schedule 1/Page_KDMC - CMO/span_Department Wise Request' is clicked on

2018-05-30 17:50:11 - [TEST_STEP][PASSED] - click: Object: 'Object Repository/Store Request Schedule 1/Page_KDMC - CMO/a_CMS Request' is clicked on

2018-05-30 17:50:11 - [MESSAGE][PASSED] - Object: 'Object Repository/Store Request Schedule 1/Page_KDMC - CMO/a_CMS Request' is clicked on

2018-05-30 17:50:11 - [TEST_STEP][PASSED] - click: Object: 'Object Repository/Store Request Schedule 1/Page_KDMC - CMO/a_CMS Request' is clicked on

2018-05-30 17:50:11 - [MESSAGE][PASSED] - Object: 'Object Repository/Store Request Schedule 1/Page_KDMC - CMO/a_CMS Request' is clicked on

2018-05-30 17:50:11 - [TEST_STEP][PASSED] - click: Object: 'Object Repository/Store Request Schedule 1/Page_KDMC - CMO/span_Divisional Store Request' is clicked on

2018-05-30 17:50:13 - [MESSAGE][PASSED] - Object: 'Object Repository/Store Request Schedule 1/Page_KDMC - CMO/span_Divisional Store Request' is clicked on

2018-05-30 17:50:13 - [TEST_STEP][PASSED] - delay: Delayed 2 second(s)

2018-05-30 17:50:15 - [MESSAGE][PASSED] - Delayed 2 second(s)

2018-05-30 17:50:15 - [TEST_STEP][PASSED] - Statement - approval = com.kms.katalon.core.webui.keyword.WebUiBuiltInKeywords.modifyObjectProperty(com.kms.katalon.core.testobject.ObjectRepository.findTestObject(Store Request Schedule 1/Page_KDMC - CMO/input_PRNO050520189), "xpath", "equals", "//*[@id=" + RequestNumberID + "]", true): Modify property of object successfully

2018-05-30 17:50:15 - [MESSAGE][PASSED] - Modify property of object successfully

2018-05-30 17:50:15 - [TEST_STEP][PASSED] - click: Object: 'Object Repository/Store Request Schedule 1/Page_KDMC - CMO/input_PRNO050520189' is clicked on

2018-05-30 17:50:16 - [MESSAGE][PASSED] - Object: 'Object Repository/Store Request Schedule 1/Page_KDMC - CMO/input_PRNO050520189' is clicked on

2018-05-30 17:50:16 - [TEST_STEP][PASSED] - delay: Delayed 2 second(s)

2018-05-30 17:50:18 - [MESSAGE][PASSED] - Delayed 2 second(s)

2018-05-30 17:50:18 - [TEST_STEP][PASSED] - selectOptionByIndex: All options with index in [1] are selected on object 'Object Repository/Store Request Schedule 1/Page_KDMC - CMO/select_--Select--'

2018-05-30 17:50:18 - [MESSAGE][PASSED] - All options with index in [1] are selected on object 'Object Repository/Store Request Schedule 1/Page_KDMC - CMO/select_--Select--'

2018-05-30 17:50:18 - [TEST_STEP][PASSED] - click: Object: 'Object Repository/Store Request Schedule 1/Page_KDMC - CMO/input_btnupdate' is clicked on

2018-05-30 17:50:18 - [MESSAGE][PASSED] - Object: 'Object Repository/Store Request Schedule 1/Page_KDMC - CMO/input_btnupdate' is clicked on

2018-05-30 17:50:18 - [TEST_STEP][PASSED] - delay: Delayed 2 second(s)

2018-05-30 17:50:20 - [MESSAGE][PASSED] - Delayed 2 second(s)

2018-05-30 17:50:20 - [TEST_STEP][PASSED] - click: Object: 'Object Repository/Store Request Schedule 1/Page_KDMC - CMO/button_OK' is clicked on

2018-05-30 17:50:20 - [MESSAGE][PASSED] - Object: 'Object Repository/Store Request Schedule 1/Page_KDMC - CMO/button_OK' is clicked on

2018-05-30 17:50:20 - [TEST_STEP][PASSED] - delay: Delayed 2 second(s)

2018-05-30 17:50:22 - [MESSAGE][PASSED] - Delayed 2 second(s)

2018-05-30 17:50:22 - [TEST_STEP][PASSED] - click: Object: 'Object Repository/Store Request Schedule 1/Page_KDMC - CMO/a_dropdown-toggle' is clicked on

2018-05-30 17:50:22 - [MESSAGE][PASSED] - Object: 'Object Repository/Store Request Schedule 1/Page_KDMC - CMO/a_dropdown-toggle' is clicked on

2018-05-30 17:50:22 - [TEST_STEP][PASSED] - click: Object: 'Object Repository/Store Request Schedule 1/Page_KDMC - CMO/a_Sign out' is clicked on

2018-05-30 17:50:23 - [MESSAGE][PASSED] - Object: 'Object Repository/Store Request Schedule 1/Page_KDMC - CMO/a_Sign out' is clicked on

2018-05-30 17:50:23 - [TEST_STEP][PASSED] - delay: Delayed 3 second(s)

2018-05-30 17:50:26 - [MESSAGE][PASSED] - Delayed 3 second(s)

2018-05-30 17:50:26 - [TEST_STEP][PASSED] - click: Object: 'Object Repository/store Request Schedule 1/Page_KDMC/a_CMS' is clicked on

2018-05-30 17:50:27 - [MESSAGE][PASSED] - Object: 'Object Repository/store Request Schedule 1/Page_KDMC/a_CMS' is clicked on

2018-05-30 17:50:27 - [TEST_STEP][PASSED] - setText: Text 'bala' is set on object 'Object Repository/store Request Schedule 1/Page_CMS login/input_txtusername'

2018-05-30 17:50:27 - [MESSAGE][PASSED] - Text 'bala' is set on object 'Object Repository/store Request Schedule 1/Page_CMS login/input_txtusername'

2018-05-30 17:50:27 - [TEST_STEP][PASSED] - setText: Text '123' is set on object 'Object Repository/store Request Schedule 1/Page_CMS login/input_txtpassword'

2018-05-30 17:50:27 - [MESSAGE][PASSED] - Text '123' is set on object 'Object Repository/store Request Schedule 1/Page_CMS login/input_txtpassword'

2018-05-30 17:50:27 - [TEST_STEP][PASSED] - delay: Delayed 3 second(s)

2018-05-30 17:50:30 - [MESSAGE][PASSED] - Delayed 3 second(s)

2018-05-30 17:50:30 - [TEST_STEP][PASSED] - click: Object: 'Object Repository/store Request Schedule 1/Page_CMS login/button_Sign in' is clicked on

2018-05-30 17:50:31 - [MESSAGE][PASSED] - Object: 'Object Repository/store Request Schedule 1/Page_CMS login/button_Sign in' is clicked on

2018-05-30 17:50:31 - [TEST_STEP][PASSED] - delay: Delayed 2 second(s)

2018-05-30 17:50:33 - [MESSAGE][PASSED] - Delayed 2 second(s)

2018-05-30 17:50:33 - [TEST_STEP][PASSED] - click: Object: 'Object Repository/store Request Schedule 1/Page_KDMC - CMS/a_Divisional Store' is clicked on

2018-05-30 17:50:33 - [MESSAGE][PASSED] - Object: 'Object Repository/store Request Schedule 1/Page_KDMC - CMS/a_Divisional Store' is clicked on

2018-05-30 17:50:33 - [TEST_STEP][PASSED] - delay: Delayed 2 second(s)

2018-05-30 17:50:35 - [MESSAGE][PASSED] - Delayed 2 second(s)

2018-05-30 17:50:35 - [TEST_STEP][PASSED] - click: Object: 'Object Repository/store Request Schedule 1/Page_KDMC - CMS/a_Dispatch Items' is clicked on

2018-05-30 17:50:36 - [MESSAGE][PASSED] - Object: 'Object Repository/store Request Schedule 1/Page_KDMC - CMS/a_Dispatch Items' is clicked on

2018-05-30 17:50:36 - [TEST_STEP][PASSED] - setText: Text 'PRNO/30052018/479' is set on object 'Object Repository/store Request Schedule 1/Page_KDMC - CMS/input'

2018-05-30 17:50:36 - [MESSAGE][PASSED] - Text 'PRNO/30052018/479' is set on object 'Object Repository/store Request Schedule 1/Page_KDMC - CMS/input'

2018-05-30 17:50:36 - [TEST_STEP][PASSED] - click: Object: 'Object Repository/store Request Schedule 1/Page_KDMC - CMS/td_text-center' is clicked on

2018-05-30 17:50:37 - [MESSAGE][PASSED] - Object: 'Object Repository/store Request Schedule 1/Page_KDMC - CMS/td_text-center' is clicked on

2018-05-30 17:50:37 - [TEST_STEP][PASSED] - delay: Delayed 2 second(s)

2018-05-30 17:50:39 - [MESSAGE][PASSED] - Delayed 2 second(s)

2018-05-30 17:50:39 - [TEST_STEP][PASSED] - Statement - For ([row = 0, row < SelectedOptions - 1, (row++)]): null

2018-05-30 17:50:39 - [TEST_STEP][PASSED] - Statement - batchlength = new com.kms.katalon.core.testobject.TestObject(): null

2018-05-30 17:50:39 - [TEST_STEP][PASSED] - Statement - batchlength = com.kms.katalon.core.webui.keyword.WebUiBuiltInKeywords.modifyObjectProperty(batchlength, "xpath", "equals", "//*[@id = "fldvendor" + row + ""]", true): Modify property of object successfully

2018-05-30 17:50:39 - [MESSAGE][PASSED] - Modify property of object successfully

2018-05-30 17:50:39 - [TEST_STEP][PASSED] - Statement - batchsize = com.kms.katalon.core.webui.keyword.WebUiBuiltInKeywords.getNumberOfTotalOption(batchlength): 10 options of object '' counted

2018-05-30 17:50:39 - [MESSAGE][PASSED] - 10 options of object '' counted

2018-05-30 17:50:39 - [TEST_STEP][PASSED] - Statement - out.println("BatchSize : " + batchsize): null

2018-05-30 17:50:39 - [TEST_STEP][PASSED] - Statement - For ([n = 1, n <= batchsize - 1, (n++)]): null

2018-05-30 17:50:39 - [TEST_STEP][PASSED] - Statement - product = new com.kms.katalon.core.testobject.TestObject(): null

2018-05-30 17:50:39 - [TEST_STEP][PASSED] - Statement - product = com.kms.katalon.core.webui.keyword.WebUiBuiltInKeywords.modifyObjectProperty(product, "xpath", "equals", "//*[@id = "fldvendor" + row + ""]", true): Modify property of object successfully

2018-05-30 17:50:39 - [MESSAGE][PASSED] - Modify property of object successfully

2018-05-30 17:50:39 - [TEST_STEP][PASSED] - selectOptionByIndex: All options with index in [1] are selected on object ''

2018-05-30 17:50:39 - [MESSAGE][PASSED] - All options with index in [1] are selected on object ''

2018-05-30 17:50:39 - [TEST_STEP][PASSED] - delay: Delayed 2 second(s)

2018-05-30 17:50:41 - [MESSAGE][PASSED] - Delayed 2 second(s)

2018-05-30 17:50:41 - [TEST_STEP][PASSED] - Statement - batch = new com.kms.katalon.core.testobject.TestObject(): null

2018-05-30 17:50:41 - [TEST_STEP][PASSED] - Statement - batch = com.kms.katalon.core.webui.keyword.WebUiBuiltInKeywords.modifyObjectProperty(batch, "xpath", "equals", "//*[@id = "txtbthqty" + row + ""]", true): Modify property of object successfully

2018-05-30 17:50:41 - [MESSAGE][PASSED] - Modify property of object successfully

2018-05-30 17:50:41 - [TEST_STEP][PASSED] - Statement - batchqty = com.kms.katalon.core.webui.keyword.WebUiBuiltInKeywords.getAttribute(batch, "value").trim(): Attribute 'value' of object '' is: '4200'

2018-05-30 17:50:41 - [MESSAGE][PASSED] - Attribute 'value' of object '' is: '4200'

2018-05-30 17:50:41 - [TEST_STEP][PASSED] - Statement - Rqty = 10000: null

2018-05-30 17:50:41 - [TEST_STEP][PASSED] - Statement - out.println("BatchQty : " + batchqty): null

2018-05-30 17:50:41 - [TEST_STEP][PASSED] - Statement - out.println("RQty : " + Rqty): null

2018-05-30 17:50:41 - [TEST_STEP][PASSED] - Statement - If (java.lang.Integer.valueOf(batchqty) >= java.lang.Integer.valueOf(Rqty)): null

2018-05-30 17:50:41 - [TEST_STEP][PASSED] - Statement - Else: null

2018-05-30 17:50:41 - [TEST_STEP][PASSED] - Statement - out.println("Batchqty Is Less Than Rqty"): null

2018-05-30 17:50:41 - [TEST_STEP][PASSED] - Statement - product = new com.kms.katalon.core.testobject.TestObject(): null

2018-05-30 17:50:41 - [TEST_STEP][PASSED] - Statement - product = com.kms.katalon.core.webui.keyword.WebUiBuiltInKeywords.modifyObjectProperty(product, "xpath", "equals", "//*[@id = "fldvendor" + row + ""]", true): Modify property of object successfully

2018-05-30 17:50:41 - [MESSAGE][PASSED] - Modify property of object successfully

2018-05-30 17:50:41 - [TEST_STEP][PASSED] - selectOptionByIndex: All options with index in [2] are selected on object ''

2018-05-30 17:50:41 - [MESSAGE][PASSED] - All options with index in [2] are selected on object ''

2018-05-30 17:50:41 - [TEST_STEP][PASSED] - delay: Delayed 2 second(s)

2018-05-30 17:50:43 - [MESSAGE][PASSED] - Delayed 2 second(s)

2018-05-30 17:50:43 - [TEST_STEP][PASSED] - Statement - batch = new com.kms.katalon.core.testobject.TestObject(): null

2018-05-30 17:50:43 - [TEST_STEP][PASSED] - Statement - batch = com.kms.katalon.core.webui.keyword.WebUiBuiltInKeywords.modifyObjectProperty(batch, "xpath", "equals", "//*[@id = "txtbthqty" + row + ""]", true): Modify property of object successfully

2018-05-30 17:50:43 - [MESSAGE][PASSED] - Modify property of object successfully

2018-05-30 17:50:43 - [TEST_STEP][PASSED] - Statement - batchqty = com.kms.katalon.core.webui.keyword.WebUiBuiltInKeywords.getAttribute(batch, "value").trim(): Attribute 'value' of object '' is: '5000'

2018-05-30 17:50:43 - [MESSAGE][PASSED] - Attribute 'value' of object '' is: '5000'

2018-05-30 17:50:43 - [TEST_STEP][PASSED] - Statement - Rqty = 10000: null

2018-05-30 17:50:43 - [TEST_STEP][PASSED] - Statement - out.println("BatchQty : " + batchqty): null

2018-05-30 17:50:43 - [TEST_STEP][PASSED] - Statement - out.println("RQty : " + Rqty): null

2018-05-30 17:50:43 - [TEST_STEP][PASSED] - Statement - If (java.lang.Integer.valueOf(batchqty) >= java.lang.Integer.valueOf(Rqty)): null

2018-05-30 17:50:43 - [TEST_STEP][PASSED] - Statement - Else: null

2018-05-30 17:50:43 - [TEST_STEP][PASSED] - Statement - out.println("Batchqty Is Less Than Rqty"): null

2018-05-30 17:50:43 - [TEST_STEP][PASSED] - Statement - product = new com.kms.katalon.core.testobject.TestObject(): null

2018-05-30 17:50:43 - [TEST_STEP][PASSED] - Statement - product = com.kms.katalon.core.webui.keyword.WebUiBuiltInKeywords.modifyObjectProperty(product, "xpath", "equals", "//*[@id = "fldvendor" + row + ""]", true): Modify property of object successfully

2018-05-30 17:50:43 - [MESSAGE][PASSED] - Modify property of object successfully

2018-05-30 17:50:43 - [TEST_STEP][PASSED] - selectOptionByIndex: All options with index in [3] are selected on object ''

2018-05-30 17:50:43 - [MESSAGE][PASSED] - All options with index in [3] are selected on object ''

2018-05-30 17:50:43 - [TEST_STEP][PASSED] - delay: Delayed 2 second(s)

2018-05-30 17:50:45 - [MESSAGE][PASSED] - Delayed 2 second(s)

2018-05-30 17:50:45 - [TEST_STEP][PASSED] - Statement - batch = new com.kms.katalon.core.testobject.TestObject(): null

2018-05-30 17:50:45 - [TEST_STEP][PASSED] - Statement - batch = com.kms.katalon.core.webui.keyword.WebUiBuiltInKeywords.modifyObjectProperty(batch, "xpath", "equals", "//*[@id = "txtbthqty" + row + ""]", true): Modify property of object successfully

2018-05-30 17:50:45 - [MESSAGE][PASSED] - Modify property of object successfully

2018-05-30 17:50:45 - [TEST_STEP][PASSED] - Statement - batchqty = com.kms.katalon.core.webui.keyword.WebUiBuiltInKeywords.getAttribute(batch, "value").trim(): Attribute 'value' of object '' is: '400'

2018-05-30 17:50:45 - [MESSAGE][PASSED] - Attribute 'value' of object '' is: '400'

2018-05-30 17:50:45 - [TEST_STEP][PASSED] - Statement - Rqty = 10000: null

2018-05-30 17:50:45 - [TEST_STEP][PASSED] - Statement - out.println("BatchQty : " + batchqty): null

2018-05-30 17:50:45 - [TEST_STEP][PASSED] - Statement - out.println("RQty : " + Rqty): null

2018-05-30 17:50:45 - [TEST_STEP][PASSED] - Statement - If (java.lang.Integer.valueOf(batchqty) >= java.lang.Integer.valueOf(Rqty)): null

2018-05-30 17:50:45 - [TEST_STEP][PASSED] - Statement - Else: null

2018-05-30 17:50:45 - [TEST_STEP][PASSED] - Statement - out.println("Batchqty Is Less Than Rqty"): null

2018-05-30 17:50:45 - [TEST_STEP][PASSED] - Statement - product = new com.kms.katalon.core.testobject.TestObject(): null

2018-05-30 17:50:45 - [TEST_STEP][PASSED] - Statement - product = com.kms.katalon.core.webui.keyword.WebUiBuiltInKeywords.modifyObjectProperty(product, "xpath", "equals", "//*[@id = "fldvendor" + row + ""]", true): Modify property of object successfully

2018-05-30 17:50:45 - [MESSAGE][PASSED] - Modify property of object successfully

2018-05-30 17:50:45 - [TEST_STEP][PASSED] - selectOptionByIndex: All options with index in [4] are selected on object ''

2018-05-30 17:50:45 - [MESSAGE][PASSED] - All options with index in [4] are selected on object ''

2018-05-30 17:50:45 - [TEST_STEP][PASSED] - delay: Delayed 2 second(s)

2018-05-30 17:50:47 - [MESSAGE][PASSED] - Delayed 2 second(s)

2018-05-30 17:50:47 - [TEST_STEP][PASSED] - Statement - batch = new com.kms.katalon.core.testobject.TestObject(): null

2018-05-30 17:50:47 - [TEST_STEP][PASSED] - Statement - batch = com.kms.katalon.core.webui.keyword.WebUiBuiltInKeywords.modifyObjectProperty(batch, "xpath", "equals", "//*[@id = "txtbthqty" + row + ""]", true): Modify property of object successfully

2018-05-30 17:50:47 - [MESSAGE][PASSED] - Modify property of object successfully

2018-05-30 17:50:47 - [TEST_STEP][PASSED] - Statement - batchqty = com.kms.katalon.core.webui.keyword.WebUiBuiltInKeywords.getAttribute(batch, "value").trim(): Attribute 'value' of object '' is: '5000'

2018-05-30 17:50:47 - [MESSAGE][PASSED] - Attribute 'value' of object '' is: '5000'

2018-05-30 17:50:47 - [TEST_STEP][PASSED] - Statement - Rqty = 10000: null

2018-05-30 17:50:47 - [TEST_STEP][PASSED] - Statement - out.println("BatchQty : " + batchqty): null

2018-05-30 17:50:47 - [TEST_STEP][PASSED] - Statement - out.println("RQty : " + Rqty): null

2018-05-30 17:50:47 - [TEST_STEP][PASSED] - Statement - If (java.lang.Integer.valueOf(batchqty) >= java.lang.Integer.valueOf(Rqty)): null

2018-05-30 17:50:47 - [TEST_STEP][PASSED] - Statement - Else: null

2018-05-30 17:50:47 - [TEST_STEP][PASSED] - Statement - out.println("Batchqty Is Less Than Rqty"): null

2018-05-30 17:50:47 - [TEST_STEP][PASSED] - Statement - product = new com.kms.katalon.core.testobject.TestObject(): null

2018-05-30 17:50:47 - [TEST_STEP][PASSED] - Statement - product = com.kms.katalon.core.webui.keyword.WebUiBuiltInKeywords.modifyObjectProperty(product, "xpath", "equals", "//*[@id = "fldvendor" + row + ""]", true): Modify property of object successfully

2018-05-30 17:50:47 - [MESSAGE][PASSED] - Modify property of object successfully

2018-05-30 17:50:47 - [TEST_STEP][PASSED] - selectOptionByIndex: All options with index in [5] are selected on object ''

2018-05-30 17:50:47 - [MESSAGE][PASSED] - All options with index in [5] are selected on object ''

2018-05-30 17:50:47 - [TEST_STEP][PASSED] - delay: Delayed 2 second(s)

2018-05-30 17:50:49 - [MESSAGE][PASSED] - Delayed 2 second(s)

2018-05-30 17:50:49 - [TEST_STEP][PASSED] - Statement - batch = new com.kms.katalon.core.testobject.TestObject(): null

2018-05-30 17:50:49 - [TEST_STEP][PASSED] - Statement - batch = com.kms.katalon.core.webui.keyword.WebUiBuiltInKeywords.modifyObjectProperty(batch, "xpath", "equals", "//*[@id = "txtbthqty" + row + ""]", true): Modify property of object successfully

2018-05-30 17:50:49 - [MESSAGE][PASSED] - Modify property of object successfully

2018-05-30 17:50:49 - [TEST_STEP][PASSED] - Statement - batchqty = com.kms.katalon.core.webui.keyword.WebUiBuiltInKeywords.getAttribute(batch, "value").trim(): Attribute 'value' of object '' is: '5000'

2018-05-30 17:50:49 - [MESSAGE][PASSED] - Attribute 'value' of object '' is: '5000'

2018-05-30 17:50:49 - [TEST_STEP][PASSED] - Statement - Rqty = 10000: null

2018-05-30 17:50:49 - [TEST_STEP][PASSED] - Statement - out.println("BatchQty : " + batchqty): null

2018-05-30 17:50:49 - [TEST_STEP][PASSED] - Statement - out.println("RQty : " + Rqty): null

2018-05-30 17:50:49 - [TEST_STEP][PASSED] - Statement - If (java.lang.Integer.valueOf(batchqty) >= java.lang.Integer.valueOf(Rqty)): null

2018-05-30 17:50:49 - [TEST_STEP][PASSED] - Statement - Else: null

2018-05-30 17:50:49 - [TEST_STEP][PASSED] - Statement - out.println("Batchqty Is Less Than Rqty"): null

2018-05-30 17:50:49 - [TEST_STEP][PASSED] - Statement - product = new com.kms.katalon.core.testobject.TestObject(): null

2018-05-30 17:50:49 - [TEST_STEP][PASSED] - Statement - product = com.kms.katalon.core.webui.keyword.WebUiBuiltInKeywords.modifyObjectProperty(product, "xpath", "equals", "//*[@id = "fldvendor" + row + ""]", true): Modify property of object successfully

2018-05-30 17:50:49 - [MESSAGE][PASSED] - Modify property of object successfully

2018-05-30 17:50:49 - [TEST_STEP][PASSED] - selectOptionByIndex: All options with index in [6] are selected on object ''

2018-05-30 17:50:50 - [MESSAGE][PASSED] - All options with index in [6] are selected on object ''

2018-05-30 17:50:50 - [TEST_STEP][PASSED] - delay: Delayed 2 second(s)

2018-05-30 17:50:52 - [MESSAGE][PASSED] - Delayed 2 second(s)

2018-05-30 17:50:52 - [TEST_STEP][PASSED] - Statement - batch = new com.kms.katalon.core.testobject.TestObject(): null

2018-05-30 17:50:52 - [TEST_STEP][PASSED] - Statement - batch = com.kms.katalon.core.webui.keyword.WebUiBuiltInKeywords.modifyObjectProperty(batch, "xpath", "equals", "//*[@id = "txtbthqty" + row + ""]", true): Modify property of object successfully

2018-05-30 17:50:52 - [MESSAGE][PASSED] - Modify property of object successfully

2018-05-30 17:50:52 - [TEST_STEP][PASSED] - Statement - batchqty = com.kms.katalon.core.webui.keyword.WebUiBuiltInKeywords.getAttribute(batch, "value").trim(): Attribute 'value' of object '' is: '5000'

2018-05-30 17:50:52 - [MESSAGE][PASSED] - Attribute 'value' of object '' is: '5000'

2018-05-30 17:50:52 - [TEST_STEP][PASSED] - Statement - Rqty = 10000: null

2018-05-30 17:50:52 - [TEST_STEP][PASSED] - Statement - out.println("BatchQty : " + batchqty): null

2018-05-30 17:50:52 - [TEST_STEP][PASSED] - Statement - out.println("RQty : " + Rqty): null

2018-05-30 17:50:52 - [TEST_STEP][PASSED] - Statement - If (java.lang.Integer.valueOf(batchqty) >= java.lang.Integer.valueOf(Rqty)): null

2018-05-30 17:50:52 - [TEST_STEP][PASSED] - Statement - Else: null

2018-05-30 17:50:52 - [TEST_STEP][PASSED] - Statement - out.println("Batchqty Is Less Than Rqty"): null

2018-05-30 17:50:52 - [TEST_STEP][PASSED] - Statement - product = new com.kms.katalon.core.testobject.TestObject(): null

2018-05-30 17:50:52 - [TEST_STEP][PASSED] - Statement - product = com.kms.katalon.core.webui.keyword.WebUiBuiltInKeywords.modifyObjectProperty(product, "xpath", "equals", "//*[@id = "fldvendor" + row + ""]", true): Modify property of object successfully

2018-05-30 17:50:52 - [MESSAGE][PASSED] - Modify property of object successfully

2018-05-30 17:50:52 - [TEST_STEP][PASSED] - selectOptionByIndex: All options with index in [7] are selected on object ''

2018-05-30 17:50:52 - [MESSAGE][PASSED] - All options with index in [7] are selected on object ''

2018-05-30 17:50:52 - [TEST_STEP][PASSED] - delay: Delayed 2 second(s)

2018-05-30 17:50:54 - [MESSAGE][PASSED] - Delayed 2 second(s)

2018-05-30 17:50:54 - [TEST_STEP][PASSED] - Statement - batch = new com.kms.katalon.core.testobject.TestObject(): null

2018-05-30 17:50:54 - [TEST_STEP][PASSED] - Statement - batch = com.kms.katalon.core.webui.keyword.WebUiBuiltInKeywords.modifyObjectProperty(batch, "xpath", "equals", "//*[@id = "txtbthqty" + row + ""]", true): Modify property of object successfully

2018-05-30 17:50:54 - [MESSAGE][PASSED] - Modify property of object successfully

2018-05-30 17:50:54 - [TEST_STEP][PASSED] - Statement - batchqty = com.kms.katalon.core.webui.keyword.WebUiBuiltInKeywords.getAttribute(batch, "value").trim(): Attribute 'value' of object '' is: '39500'

2018-05-30 17:50:54 - [MESSAGE][PASSED] - Attribute 'value' of object '' is: '39500'

2018-05-30 17:50:54 - [TEST_STEP][PASSED] - Statement - Rqty = 10000: null

2018-05-30 17:50:54 - [TEST_STEP][PASSED] - Statement - out.println("BatchQty : " + batchqty): null

2018-05-30 17:50:54 - [TEST_STEP][PASSED] - Statement - out.println("RQty : " + Rqty): null

2018-05-30 17:50:54 - [TEST_STEP][PASSED] - Statement - If (java.lang.Integer.valueOf(batchqty) >= java.lang.Integer.valueOf(Rqty)): null

2018-05-30 17:50:54 - [TEST_STEP][PASSED] - Statement - Break: null

2018-05-30 17:50:54 - [TEST_STEP][PASSED] - Statement - batchlength = new com.kms.katalon.core.testobject.TestObject(): null

2018-05-30 17:50:54 - [TEST_STEP][PASSED] - Statement - batchlength = com.kms.katalon.core.webui.keyword.WebUiBuiltInKeywords.modifyObjectProperty(batchlength, "xpath", "equals", "//*[@id = "fldvendor" + row + ""]", true): Modify property of object successfully

2018-05-30 17:50:54 - [MESSAGE][PASSED] - Modify property of object successfully

2018-05-30 17:50:54 - [TEST_STEP][PASSED] - Statement - batchsize = com.kms.katalon.core.webui.keyword.WebUiBuiltInKeywords.getNumberOfTotalOption(batchlength): 10 options of object '' counted

2018-05-30 17:50:54 - [MESSAGE][PASSED] - 10 options of object '' counted

2018-05-30 17:50:54 - [TEST_STEP][PASSED] - Statement - out.println("BatchSize : " + batchsize): null

2018-05-30 17:50:54 - [TEST_STEP][PASSED] - Statement - For ([n = 1, n <= batchsize - 1, (n++)]): null

2018-05-30 17:50:54 - [TEST_STEP][PASSED] - Statement - product = new com.kms.katalon.core.testobject.TestObject(): null

2018-05-30 17:50:54 - [TEST_STEP][PASSED] - Statement - product = com.kms.katalon.core.webui.keyword.WebUiBuiltInKeywords.modifyObjectProperty(product, "xpath", "equals", "//*[@id = "fldvendor" + row + ""]", true): Modify property of object successfully

2018-05-30 17:50:54 - [MESSAGE][PASSED] - Modify property of object successfully

2018-05-30 17:50:54 - [TEST_STEP][PASSED] - selectOptionByIndex: All options with index in [1] are selected on object ''

2018-05-30 17:50:54 - [MESSAGE][PASSED] - All options with index in [1] are selected on object ''

2018-05-30 17:50:54 - [TEST_STEP][PASSED] - delay: Delayed 2 second(s)

2018-05-30 17:50:56 - [MESSAGE][PASSED] - Delayed 2 second(s)

2018-05-30 17:50:56 - [TEST_STEP][PASSED] - Statement - batch = new com.kms.katalon.core.testobject.TestObject(): null

2018-05-30 17:50:56 - [TEST_STEP][PASSED] - Statement - batch = com.kms.katalon.core.webui.keyword.WebUiBuiltInKeywords.modifyObjectProperty(batch, "xpath", "equals", "//*[@id = "txtbthqty" + row + ""]", true): Modify property of object successfully

2018-05-30 17:50:56 - [MESSAGE][PASSED] - Modify property of object successfully

2018-05-30 17:50:56 - [TEST_STEP][PASSED] - Statement - batchqty = com.kms.katalon.core.webui.keyword.WebUiBuiltInKeywords.getAttribute(batch, "value").trim(): Attribute 'value' of object '' is: '35900'

2018-05-30 17:50:56 - [MESSAGE][PASSED] - Attribute 'value' of object '' is: '35900'

2018-05-30 17:50:56 - [TEST_STEP][PASSED] - Statement - Rqty = 10000: null

2018-05-30 17:50:56 - [TEST_STEP][PASSED] - Statement - out.println("BatchQty : " + batchqty): null

2018-05-30 17:50:56 - [TEST_STEP][PASSED] - Statement - out.println("RQty : " + Rqty): null

2018-05-30 17:50:56 - [TEST_STEP][PASSED] - Statement - If (java.lang.Integer.valueOf(batchqty) >= java.lang.Integer.valueOf(Rqty)): null

2018-05-30 17:50:56 - [TEST_STEP][PASSED] - Statement - Break: null

2018-05-30 17:50:56 - [TEST_STEP][PASSED] - Statement - batchlength = new com.kms.katalon.core.testobject.TestObject(): null

2018-05-30 17:50:56 - [TEST_STEP][PASSED] - Statement - batchlength = com.kms.katalon.core.webui.keyword.WebUiBuiltInKeywords.modifyObjectProperty(batchlength, "xpath", "equals", "//*[@id = "fldvendor" + row + ""]", true): Modify property of object successfully

2018-05-30 17:50:56 - [MESSAGE][PASSED] - Modify property of object successfully

2018-05-30 17:50:56 - [TEST_STEP][PASSED] - Statement - batchsize = com.kms.katalon.core.webui.keyword.WebUiBuiltInKeywords.getNumberOfTotalOption(batchlength): 10 options of object '' counted

2018-05-30 17:50:56 - [MESSAGE][PASSED] - 10 options of object '' counted

2018-05-30 17:50:56 - [TEST_STEP][PASSED] - Statement - out.println("BatchSize : " + batchsize): null

2018-05-30 17:50:56 - [TEST_STEP][PASSED] - Statement - For ([n = 1, n <= batchsize - 1, (n++)]): null

2018-05-30 17:50:56 - [TEST_STEP][PASSED] - Statement - product = new com.kms.katalon.core.testobject.TestObject(): null

2018-05-30 17:50:56 - [TEST_STEP][PASSED] - Statement - product = com.kms.katalon.core.webui.keyword.WebUiBuiltInKeywords.modifyObjectProperty(product, "xpath", "equals", "//*[@id = "fldvendor" + row + ""]", true): Modify property of object successfully

2018-05-30 17:50:56 - [MESSAGE][PASSED] - Modify property of object successfully

2018-05-30 17:50:56 - [TEST_STEP][PASSED] - selectOptionByIndex: All options with index in [1] are selected on object ''

2018-05-30 17:50:56 - [MESSAGE][PASSED] - All options with index in [1] are selected on object ''

2018-05-30 17:50:56 - [TEST_STEP][PASSED] - delay: Delayed 2 second(s)

2018-05-30 17:50:58 - [MESSAGE][PASSED] - Delayed 2 second(s)

2018-05-30 17:50:58 - [TEST_STEP][PASSED] - Statement - batch = new com.kms.katalon.core.testobject.TestObject(): null

2018-05-30 17:50:58 - [TEST_STEP][PASSED] - Statement - batch = com.kms.katalon.core.webui.keyword.WebUiBuiltInKeywords.modifyObjectProperty(batch, "xpath", "equals", "//*[@id = "txtbthqty" + row + ""]", true): Modify property of object successfully

2018-05-30 17:50:58 - [MESSAGE][PASSED] - Modify property of object successfully

2018-05-30 17:50:58 - [TEST_STEP][PASSED] - Statement - batchqty = com.kms.katalon.core.webui.keyword.WebUiBuiltInKeywords.getAttribute(batch, "value").trim(): Attribute 'value' of object '' is: '1600'

2018-05-30 17:50:58 - [MESSAGE][PASSED] - Attribute 'value' of object '' is: '1600'

2018-05-30 17:50:58 - [TEST_STEP][PASSED] - Statement - Rqty = 10000: null

2018-05-30 17:50:58 - [TEST_STEP][PASSED] - Statement - out.println("BatchQty : " + batchqty): null

2018-05-30 17:50:58 - [TEST_STEP][PASSED] - Statement - out.println("RQty : " + Rqty): null

2018-05-30 17:50:58 - [TEST_STEP][PASSED] - Statement - If (java.lang.Integer.valueOf(batchqty) >= java.lang.Integer.valueOf(Rqty)): null

2018-05-30 17:50:58 - [TEST_STEP][PASSED] - Statement - Else: null

2018-05-30 17:50:58 - [TEST_STEP][PASSED] - Statement - out.println("Batchqty Is Less Than Rqty"): null

2018-05-30 17:50:58 - [TEST_STEP][PASSED] - Statement - product = new com.kms.katalon.core.testobject.TestObject(): null

2018-05-30 17:50:58 - [TEST_STEP][PASSED] - Statement - product = com.kms.katalon.core.webui.keyword.WebUiBuiltInKeywords.modifyObjectProperty(product, "xpath", "equals", "//*[@id = "fldvendor" + row + ""]", true): Modify property of object successfully

2018-05-30 17:50:58 - [MESSAGE][PASSED] - Modify property of object successfully

2018-05-30 17:50:58 - [TEST_STEP][PASSED] - selectOptionByIndex: All options with index in [2] are selected on object ''

2018-05-30 17:50:58 - [MESSAGE][PASSED] - All options with index in [2] are selected on object ''

2018-05-30 17:50:58 - [TEST_STEP][PASSED] - delay: Delayed 2 second(s)

2018-05-30 17:51:00 - [MESSAGE][PASSED] - Delayed 2 second(s)

2018-05-30 17:51:00 - [TEST_STEP][PASSED] - Statement - batch = new com.kms.katalon.core.testobject.TestObject(): null

2018-05-30 17:51:00 - [TEST_STEP][PASSED] - Statement - batch = com.kms.katalon.core.webui.keyword.WebUiBuiltInKeywords.modifyObjectProperty(batch, "xpath", "equals", "//*[@id = "txtbthqty" + row + ""]", true): Modify property of object successfully

2018-05-30 17:51:00 - [MESSAGE][PASSED] - Modify property of object successfully

2018-05-30 17:51:00 - [TEST_STEP][PASSED] - Statement - batchqty = com.kms.katalon.core.webui.keyword.WebUiBuiltInKeywords.getAttribute(batch, "value").trim(): Attribute 'value' of object '' is: '2900'

2018-05-30 17:51:01 - [MESSAGE][PASSED] - Attribute 'value' of object '' is: '2900'

2018-05-30 17:51:01 - [TEST_STEP][PASSED] - Statement - Rqty = 10000: null

2018-05-30 17:51:01 - [TEST_STEP][PASSED] - Statement - out.println("BatchQty : " + batchqty): null

2018-05-30 17:51:01 - [TEST_STEP][PASSED] - Statement - out.println("RQty : " + Rqty): null

2018-05-30 17:51:01 - [TEST_STEP][PASSED] - Statement - If (java.lang.Integer.valueOf(batchqty) >= java.lang.Integer.valueOf(Rqty)): null

2018-05-30 17:51:01 - [TEST_STEP][PASSED] - Statement - Else: null

2018-05-30 17:51:01 - [TEST_STEP][PASSED] - Statement - out.println("Batchqty Is Less Than Rqty"): null

2018-05-30 17:51:01 - [TEST_STEP][PASSED] - Statement - product = new com.kms.katalon.core.testobject.TestObject(): null

2018-05-30 17:51:01 - [TEST_STEP][PASSED] - Statement - product = com.kms.katalon.core.webui.keyword.WebUiBuiltInKeywords.modifyObjectProperty(product, "xpath", "equals", "//*[@id = "fldvendor" + row + ""]", true): Modify property of object successfully

2018-05-30 17:51:01 - [MESSAGE][PASSED] - Modify property of object successfully

2018-05-30 17:51:01 - [TEST_STEP][PASSED] - selectOptionByIndex: All options with index in [3] are selected on object ''

2018-05-30 17:51:01 - [MESSAGE][PASSED] - All options with index in [3] are selected on object ''

2018-05-30 17:51:01 - [TEST_STEP][PASSED] - delay: Delayed 2 second(s)

2018-05-30 17:51:03 - [MESSAGE][PASSED] - Delayed 2 second(s)

2018-05-30 17:51:03 - [TEST_STEP][PASSED] - Statement - batch = new com.kms.katalon.core.testobject.TestObject(): null

2018-05-30 17:51:03 - [TEST_STEP][PASSED] - Statement - batch = com.kms.katalon.core.webui.keyword.WebUiBuiltInKeywords.modifyObjectProperty(batch, "xpath", "equals", "//*[@id = "txtbthqty" + row + ""]", true): Modify property of object successfully

2018-05-30 17:51:03 - [MESSAGE][PASSED] - Modify property of object successfully

2018-05-30 17:51:03 - [TEST_STEP][PASSED] - Statement - batchqty = com.kms.katalon.core.webui.keyword.WebUiBuiltInKeywords.getAttribute(batch, "value").trim(): Attribute 'value' of object '' is: '5000'

2018-05-30 17:51:03 - [MESSAGE][PASSED] - Attribute 'value' of object '' is: '5000'

2018-05-30 17:51:03 - [TEST_STEP][PASSED] - Statement - Rqty = 10000: null

2018-05-30 17:51:03 - [TEST_STEP][PASSED] - Statement - out.println("BatchQty : " + batchqty): null

2018-05-30 17:51:03 - [TEST_STEP][PASSED] - Statement - out.println("RQty : " + Rqty): null

2018-05-30 17:51:03 - [TEST_STEP][PASSED] - Statement - If (java.lang.Integer.valueOf(batchqty) >= java.lang.Integer.valueOf(Rqty)): null

2018-05-30 17:51:03 - [TEST_STEP][PASSED] - Statement - Else: null

2018-05-30 17:51:03 - [TEST_STEP][PASSED] - Statement - out.println("Batchqty Is Less Than Rqty"): null

2018-05-30 17:51:03 - [TEST_STEP][PASSED] - Statement - product = new com.kms.katalon.core.testobject.TestObject(): null

2018-05-30 17:51:03 - [TEST_STEP][PASSED] - Statement - product = com.kms.katalon.core.webui.keyword.WebUiBuiltInKeywords.modifyObjectProperty(product, "xpath", "equals", "//*[@id = "fldvendor" + row + ""]", true): Modify property of object successfully

2018-05-30 17:51:03 - [MESSAGE][PASSED] - Modify property of object successfully

2018-05-30 17:51:03 - [TEST_STEP][PASSED] - selectOptionByIndex: All options with index in [4] are selected on object ''

2018-05-30 17:51:03 - [MESSAGE][PASSED] - All options with index in [4] are selected on object ''

2018-05-30 17:51:03 - [TEST_STEP][PASSED] - delay: Delayed 2 second(s)

2018-05-30 17:51:05 - [MESSAGE][PASSED] - Delayed 2 second(s)

2018-05-30 17:51:05 - [TEST_STEP][PASSED] - Statement - batch = new com.kms.katalon.core.testobject.TestObject(): null

2018-05-30 17:51:05 - [TEST_STEP][PASSED] - Statement - batch = com.kms.katalon.core.webui.keyword.WebUiBuiltInKeywords.modifyObjectProperty(batch, "xpath", "equals", "//*[@id = "txtbthqty" + row + ""]", true): Modify property of object successfully

2018-05-30 17:51:05 - [MESSAGE][PASSED] - Modify property of object successfully

2018-05-30 17:51:05 - [TEST_STEP][PASSED] - Statement - batchqty = com.kms.katalon.core.webui.keyword.WebUiBuiltInKeywords.getAttribute(batch, "value").trim(): Attribute 'value' of object '' is: '5000'

2018-05-30 17:51:05 - [MESSAGE][PASSED] - Attribute 'value' of object '' is: '5000'

2018-05-30 17:51:05 - [TEST_STEP][PASSED] - Statement - Rqty = 10000: null

2018-05-30 17:51:05 - [TEST_STEP][PASSED] - Statement - out.println("BatchQty : " + batchqty): null

2018-05-30 17:51:05 - [TEST_STEP][PASSED] - Statement - out.println("RQty : " + Rqty): null

2018-05-30 17:51:05 - [TEST_STEP][PASSED] - Statement - If (java.lang.Integer.valueOf(batchqty) >= java.lang.Integer.valueOf(Rqty)): null

2018-05-30 17:51:05 - [TEST_STEP][PASSED] - Statement - Else: null

2018-05-30 17:51:05 - [TEST_STEP][PASSED] - Statement - out.println("Batchqty Is Less Than Rqty"): null

2018-05-30 17:51:05 - [TEST_STEP][PASSED] - Statement - product = new com.kms.katalon.core.testobject.TestObject(): null

2018-05-30 17:51:05 - [TEST_STEP][PASSED] - Statement - product = com.kms.katalon.core.webui.keyword.WebUiBuiltInKeywords.modifyObjectProperty(product, "xpath", "equals", "//*[@id = "fldvendor" + row + ""]", true): Modify property of object successfully

2018-05-30 17:51:05 - [MESSAGE][PASSED] - Modify property of object successfully

2018-05-30 17:51:05 - [TEST_STEP][PASSED] - selectOptionByIndex: All options with index in [5] are selected on object ''

2018-05-30 17:51:05 - [MESSAGE][PASSED] - All options with index in [5] are selected on object ''

2018-05-30 17:51:05 - [TEST_STEP][PASSED] - delay: Delayed 2 second(s)

2018-05-30 17:51:07 - [MESSAGE][PASSED] - Delayed 2 second(s)

2018-05-30 17:51:07 - [TEST_STEP][PASSED] - Statement - batch = new com.kms.katalon.core.testobject.TestObject(): null

2018-05-30 17:51:07 - [TEST_STEP][PASSED] - Statement - batch = com.kms.katalon.core.webui.keyword.WebUiBuiltInKeywords.modifyObjectProperty(batch, "xpath", "equals", "//*[@id = "txtbthqty" + row + ""]", true): Modify property of object successfully

2018-05-30 17:51:07 - [MESSAGE][PASSED] - Modify property of object successfully

2018-05-30 17:51:07 - [TEST_STEP][PASSED] - Statement - batchqty = com.kms.katalon.core.webui.keyword.WebUiBuiltInKeywords.getAttribute(batch, "value").trim(): Attribute 'value' of object '' is: '5000'

2018-05-30 17:51:07 - [MESSAGE][PASSED] - Attribute 'value' of object '' is: '5000'

2018-05-30 17:51:07 - [TEST_STEP][PASSED] - Statement - Rqty = 10000: null

2018-05-30 17:51:07 - [TEST_STEP][PASSED] - Statement - out.println("BatchQty : " + batchqty): null

2018-05-30 17:51:07 - [TEST_STEP][PASSED] - Statement - out.println("RQty : " + Rqty): null

2018-05-30 17:51:07 - [TEST_STEP][PASSED] - Statement - If (java.lang.Integer.valueOf(batchqty) >= java.lang.Integer.valueOf(Rqty)): null

2018-05-30 17:51:07 - [TEST_STEP][PASSED] - Statement - Else: null

2018-05-30 17:51:07 - [TEST_STEP][PASSED] - Statement - out.println("Batchqty Is Less Than Rqty"): null

2018-05-30 17:51:07 - [TEST_STEP][PASSED] - Statement - product = new com.kms.katalon.core.testobject.TestObject(): null

2018-05-30 17:51:07 - [TEST_STEP][PASSED] - Statement - product = com.kms.katalon.core.webui.keyword.WebUiBuiltInKeywords.modifyObjectProperty(product, "xpath", "equals", "//*[@id = "fldvendor" + row + ""]", true): Modify property of object successfully

2018-05-30 17:51:07 - [MESSAGE][PASSED] - Modify property of object successfully

2018-05-30 17:51:07 - [TEST_STEP][PASSED] - selectOptionByIndex: All options with index in [6] are selected on object ''

2018-05-30 17:51:07 - [MESSAGE][PASSED] - All options with index in [6] are selected on object ''

2018-05-30 17:51:07 - [TEST_STEP][PASSED] - delay: Delayed 2 second(s)

2018-05-30 17:51:09 - [MESSAGE][PASSED] - Delayed 2 second(s)

2018-05-30 17:51:09 - [TEST_STEP][PASSED] - Statement - batch = new com.kms.katalon.core.testobject.TestObject(): null

2018-05-30 17:51:09 - [TEST_STEP][PASSED] - Statement - batch = com.kms.katalon.core.webui.keyword.WebUiBuiltInKeywords.modifyObjectProperty(batch, "xpath", "equals", "//*[@id = "txtbthqty" + row + ""]", true): Modify property of object successfully

2018-05-30 17:51:09 - [MESSAGE][PASSED] - Modify property of object successfully

2018-05-30 17:51:09 - [TEST_STEP][PASSED] - Statement - batchqty = com.kms.katalon.core.webui.keyword.WebUiBuiltInKeywords.getAttribute(batch, "value").trim(): Attribute 'value' of object '' is: '5000'

2018-05-30 17:51:09 - [MESSAGE][PASSED] - Attribute 'value' of object '' is: '5000'

2018-05-30 17:51:09 - [TEST_STEP][PASSED] - Statement - Rqty = 10000: null

2018-05-30 17:51:09 - [TEST_STEP][PASSED] - Statement - out.println("BatchQty : " + batchqty): null

2018-05-30 17:51:09 - [TEST_STEP][PASSED] - Statement - out.println("RQty : " + Rqty): null

2018-05-30 17:51:09 - [TEST_STEP][PASSED] - Statement - If (java.lang.Integer.valueOf(batchqty) >= java.lang.Integer.valueOf(Rqty)): null

2018-05-30 17:51:09 - [TEST_STEP][PASSED] - Statement - Else: null

2018-05-30 17:51:09 - [TEST_STEP][PASSED] - Statement - out.println("Batchqty Is Less Than Rqty"): null

2018-05-30 17:51:09 - [TEST_STEP][PASSED] - Statement - product = new com.kms.katalon.core.testobject.TestObject(): null

2018-05-30 17:51:09 - [TEST_STEP][PASSED] - Statement - product = com.kms.katalon.core.webui.keyword.WebUiBuiltInKeywords.modifyObjectProperty(product, "xpath", "equals", "//*[@id = "fldvendor" + row + ""]", true): Modify property of object successfully

2018-05-30 17:51:09 - [MESSAGE][PASSED] - Modify property of object successfully

2018-05-30 17:51:09 - [TEST_STEP][PASSED] - selectOptionByIndex: All options with index in [7] are selected on object ''

2018-05-30 17:51:09 - [MESSAGE][PASSED] - All options with index in [7] are selected on object ''

2018-05-30 17:51:09 - [TEST_STEP][PASSED] - delay: Delayed 2 second(s)

2018-05-30 17:51:11 - [MESSAGE][PASSED] - Delayed 2 second(s)

2018-05-30 17:51:11 - [TEST_STEP][PASSED] - Statement - batch = new com.kms.katalon.core.testobject.TestObject(): null

2018-05-30 17:51:11 - [TEST_STEP][PASSED] - Statement - batch = com.kms.katalon.core.webui.keyword.WebUiBuiltInKeywords.modifyObjectProperty(batch, "xpath", "equals", "//*[@id = "txtbthqty" + row + ""]", true): Modify property of object successfully

2018-05-30 17:51:11 - [MESSAGE][PASSED] - Modify property of object successfully

2018-05-30 17:51:11 - [TEST_STEP][PASSED] - Statement - batchqty = com.kms.katalon.core.webui.keyword.WebUiBuiltInKeywords.getAttribute(batch, "value").trim(): Attribute 'value' of object '' is: '5000'

2018-05-30 17:51:11 - [MESSAGE][PASSED] - Attribute 'value' of object '' is: '5000'

2018-05-30 17:51:11 - [TEST_STEP][PASSED] - Statement - Rqty = 10000: null

2018-05-30 17:51:11 - [TEST_STEP][PASSED] - Statement - out.println("BatchQty : " + batchqty): null

2018-05-30 17:51:11 - [TEST_STEP][PASSED] - Statement - out.println("RQty : " + Rqty): null

2018-05-30 17:51:11 - [TEST_STEP][PASSED] - Statement - If (java.lang.Integer.valueOf(batchqty) >= java.lang.Integer.valueOf(Rqty)): null

2018-05-30 17:51:11 - [TEST_STEP][PASSED] - Statement - Else: null

2018-05-30 17:51:11 - [TEST_STEP][PASSED] - Statement - out.println("Batchqty Is Less Than Rqty"): null

2018-05-30 17:51:11 - [TEST_STEP][PASSED] - Statement - product = new com.kms.katalon.core.testobject.TestObject(): null

2018-05-30 17:51:11 - [TEST_STEP][PASSED] - Statement - product = com.kms.katalon.core.webui.keyword.WebUiBuiltInKeywords.modifyObjectProperty(product, "xpath", "equals", "//*[@id = "fldvendor" + row + ""]", true): Modify property of object successfully

2018-05-30 17:51:11 - [MESSAGE][PASSED] - Modify property of object successfully

2018-05-30 17:51:11 - [TEST_STEP][PASSED] - selectOptionByIndex: All options with index in [8] are selected on object ''

2018-05-30 17:51:12 - [MESSAGE][PASSED] - All options with index in [8] are selected on object ''

2018-05-30 17:51:12 - [TEST_STEP][PASSED] - delay: Delayed 2 second(s)

2018-05-30 17:51:14 - [MESSAGE][PASSED] - Delayed 2 second(s)

2018-05-30 17:51:14 - [TEST_STEP][PASSED] - Statement - batch = new com.kms.katalon.core.testobject.TestObject(): null

2018-05-30 17:51:14 - [TEST_STEP][PASSED] - Statement - batch = com.kms.katalon.core.webui.keyword.WebUiBuiltInKeywords.modifyObjectProperty(batch, "xpath", "equals", "//*[@id = "txtbthqty" + row + ""]", true): Modify property of object successfully

2018-05-30 17:51:14 - [MESSAGE][PASSED] - Modify property of object successfully

2018-05-30 17:51:14 - [TEST_STEP][PASSED] - Statement - batchqty = com.kms.katalon.core.webui.keyword.WebUiBuiltInKeywords.getAttribute(batch, "value").trim(): Attribute 'value' of object '' is: '39400'

2018-05-30 17:51:14 - [MESSAGE][PASSED] - Attribute 'value' of object '' is: '39400'

2018-05-30 17:51:14 - [TEST_STEP][PASSED] - Statement - Rqty = 10000: null

2018-05-30 17:51:14 - [TEST_STEP][PASSED] - Statement - out.println("BatchQty : " + batchqty): null

2018-05-30 17:51:14 - [TEST_STEP][PASSED] - Statement - out.println("RQty : " + Rqty): null

2018-05-30 17:51:14 - [TEST_STEP][PASSED] - Statement - If (java.lang.Integer.valueOf(batchqty) >= java.lang.Integer.valueOf(Rqty)): null

2018-05-30 17:51:14 - [TEST_STEP][PASSED] - Statement - Break: null

2018-05-30 17:51:14 - [TEST_STEP][PASSED] - Statement - batchlength = new com.kms.katalon.core.testobject.TestObject(): null

2018-05-30 17:51:14 - [TEST_STEP][PASSED] - Statement - batchlength = com.kms.katalon.core.webui.keyword.WebUiBuiltInKeywords.modifyObjectProperty(batchlength, "xpath", "equals", "//*[@id = "fldvendor" + row + ""]", true): Modify property of object successfully

2018-05-30 17:51:14 - [MESSAGE][PASSED] - Modify property of object successfully

2018-05-30 17:51:14 - [TEST_STEP][PASSED] - Statement - batchsize = com.kms.katalon.core.webui.keyword.WebUiBuiltInKeywords.getNumberOfTotalOption(batchlength): 9 options of object '' counted

2018-05-30 17:51:14 - [MESSAGE][PASSED] - 9 options of object '' counted

2018-05-30 17:51:14 - [TEST_STEP][PASSED] - Statement - out.println("BatchSize : " + batchsize): null

2018-05-30 17:51:14 - [TEST_STEP][PASSED] - Statement - For ([n = 1, n <= batchsize - 1, (n++)]): null

2018-05-30 17:51:14 - [TEST_STEP][PASSED] - Statement - product = new com.kms.katalon.core.testobject.TestObject(): null

2018-05-30 17:51:14 - [TEST_STEP][PASSED] - Statement - product = com.kms.katalon.core.webui.keyword.WebUiBuiltInKeywords.modifyObjectProperty(product, "xpath", "equals", "//*[@id = "fldvendor" + row + ""]", true): Modify property of object successfully

2018-05-30 17:51:14 - [MESSAGE][PASSED] - Modify property of object successfully

2018-05-30 17:51:14 - [TEST_STEP][PASSED] - selectOptionByIndex: All options with index in [1] are selected on object ''

2018-05-30 17:51:14 - [MESSAGE][PASSED] - All options with index in [1] are selected on object ''

2018-05-30 17:51:14 - [TEST_STEP][PASSED] - delay: Delayed 2 second(s)

2018-05-30 17:51:16 - [MESSAGE][PASSED] - Delayed 2 second(s)

2018-05-30 17:51:16 - [TEST_STEP][PASSED] - Statement - batch = new com.kms.katalon.core.testobject.TestObject(): null

2018-05-30 17:51:16 - [TEST_STEP][PASSED] - Statement - batch = com.kms.katalon.core.webui.keyword.WebUiBuiltInKeywords.modifyObjectProperty(batch, "xpath", "equals", "//*[@id = "txtbthqty" + row + ""]", true): Modify property of object successfully

2018-05-30 17:51:16 - [MESSAGE][PASSED] - Modify property of object successfully

2018-05-30 17:51:16 - [TEST_STEP][PASSED] - Statement - batchqty = com.kms.katalon.core.webui.keyword.WebUiBuiltInKeywords.getAttribute(batch, "value").trim(): Attribute 'value' of object '' is: '4700'

2018-05-30 17:51:16 - [MESSAGE][PASSED] - Attribute 'value' of object '' is: '4700'

2018-05-30 17:51:16 - [TEST_STEP][PASSED] - Statement - Rqty = 10000: null

2018-05-30 17:51:16 - [TEST_STEP][PASSED] - Statement - out.println("BatchQty : " + batchqty): null

2018-05-30 17:51:16 - [TEST_STEP][PASSED] - Statement - out.println("RQty : " + Rqty): null

2018-05-30 17:51:16 - [TEST_STEP][PASSED] - Statement - If (java.lang.Integer.valueOf(batchqty) >= java.lang.Integer.valueOf(Rqty)): null

2018-05-30 17:51:16 - [TEST_STEP][PASSED] - Statement - Else: null

2018-05-30 17:51:16 - [TEST_STEP][PASSED] - Statement - out.println("Batchqty Is Less Than Rqty"): null

2018-05-30 17:51:16 - [TEST_STEP][PASSED] - Statement - product = new com.kms.katalon.core.testobject.TestObject(): null

2018-05-30 17:51:16 - [TEST_STEP][PASSED] - Statement - product = com.kms.katalon.core.webui.keyword.WebUiBuiltInKeywords.modifyObjectProperty(product, "xpath", "equals", "//*[@id = "fldvendor" + row + ""]", true): Modify property of object successfully

2018-05-30 17:51:16 - [MESSAGE][PASSED] - Modify property of object successfully

2018-05-30 17:51:16 - [TEST_STEP][PASSED] - selectOptionByIndex: All options with index in [2] are selected on object ''

2018-05-30 17:51:16 - [MESSAGE][PASSED] - All options with index in [2] are selected on object ''

2018-05-30 17:51:16 - [TEST_STEP][PASSED] - delay: Delayed 2 second(s)

2018-05-30 17:51:18 - [MESSAGE][PASSED] - Delayed 2 second(s)

2018-05-30 17:51:18 - [TEST_STEP][PASSED] - Statement - batch = new com.kms.katalon.core.testobject.TestObject(): null

2018-05-30 17:51:18 - [TEST_STEP][PASSED] - Statement - batch = com.kms.katalon.core.webui.keyword.WebUiBuiltInKeywords.modifyObjectProperty(batch, "xpath", "equals", "//*[@id = "txtbthqty" + row + ""]", true): Modify property of object successfully

2018-05-30 17:51:18 - [MESSAGE][PASSED] - Modify property of object successfully

2018-05-30 17:51:18 - [TEST_STEP][PASSED] - Statement - batchqty = com.kms.katalon.core.webui.keyword.WebUiBuiltInKeywords.getAttribute(batch, "value").trim(): Attribute 'value' of object '' is: '4900'

2018-05-30 17:51:18 - [MESSAGE][PASSED] - Attribute 'value' of object '' is: '4900'

2018-05-30 17:51:18 - [TEST_STEP][PASSED] - Statement - Rqty = 10000: null

2018-05-30 17:51:18 - [TEST_STEP][PASSED] - Statement - out.println("BatchQty : " + batchqty): null

2018-05-30 17:51:18 - [TEST_STEP][PASSED] - Statement - out.println("RQty : " + Rqty): null

2018-05-30 17:51:18 - [TEST_STEP][PASSED] - Statement - If (java.lang.Integer.valueOf(batchqty) >= java.lang.Integer.valueOf(Rqty)): null

2018-05-30 17:51:18 - [TEST_STEP][PASSED] - Statement - Else: null

2018-05-30 17:51:18 - [TEST_STEP][PASSED] - Statement - out.println("Batchqty Is Less Than Rqty"): null

2018-05-30 17:51:18 - [TEST_STEP][PASSED] - Statement - product = new com.kms.katalon.core.testobject.TestObject(): null

2018-05-30 17:51:18 - [TEST_STEP][PASSED] - Statement - product = com.kms.katalon.core.webui.keyword.WebUiBuiltInKeywords.modifyObjectProperty(product, "xpath", "equals", "//*[@id = "fldvendor" + row + ""]", true): Modify property of object successfully

2018-05-30 17:51:18 - [MESSAGE][PASSED] - Modify property of object successfully

2018-05-30 17:51:18 - [TEST_STEP][PASSED] - selectOptionByIndex: All options with index in [3] are selected on object ''

2018-05-30 17:51:18 - [MESSAGE][PASSED] - All options with index in [3] are selected on object ''

2018-05-30 17:51:18 - [TEST_STEP][PASSED] - delay: Delayed 2 second(s)

2018-05-30 17:51:20 - [MESSAGE][PASSED] - Delayed 2 second(s)

2018-05-30 17:51:20 - [TEST_STEP][PASSED] - Statement - batch = new com.kms.katalon.core.testobject.TestObject(): null

2018-05-30 17:51:20 - [TEST_STEP][PASSED] - Statement - batch = com.kms.katalon.core.webui.keyword.WebUiBuiltInKeywords.modifyObjectProperty(batch, "xpath", "equals", "//*[@id = "txtbthqty" + row + ""]", true): Modify property of object successfully

2018-05-30 17:51:20 - [MESSAGE][PASSED] - Modify property of object successfully

2018-05-30 17:51:20 - [TEST_STEP][PASSED] - Statement - batchqty = com.kms.katalon.core.webui.keyword.WebUiBuiltInKeywords.getAttribute(batch, "value").trim(): Attribute 'value' of object '' is: '5000'

2018-05-30 17:51:20 - [MESSAGE][PASSED] - Attribute 'value' of object '' is: '5000'

2018-05-30 17:51:20 - [TEST_STEP][PASSED] - Statement - Rqty = 10000: null

2018-05-30 17:51:20 - [TEST_STEP][PASSED] - Statement - out.println("BatchQty : " + batchqty): null

2018-05-30 17:51:20 - [TEST_STEP][PASSED] - Statement - out.println("RQty : " + Rqty): null

2018-05-30 17:51:20 - [TEST_STEP][PASSED] - Statement - If (java.lang.Integer.valueOf(batchqty) >= java.lang.Integer.valueOf(Rqty)): null

2018-05-30 17:51:20 - [TEST_STEP][PASSED] - Statement - Else: null

2018-05-30 17:51:20 - [TEST_STEP][PASSED] - Statement - out.println("Batchqty Is Less Than Rqty"): null

2018-05-30 17:51:20 - [TEST_STEP][PASSED] - Statement - product = new com.kms.katalon.core.testobject.TestObject(): null

2018-05-30 17:51:20 - [TEST_STEP][PASSED] - Statement - product = com.kms.katalon.core.webui.keyword.WebUiBuiltInKeywords.modifyObjectProperty(product, "xpath", "equals", "//*[@id = "fldvendor" + row + ""]", true): Modify property of object successfully

2018-05-30 17:51:20 - [MESSAGE][PASSED] - Modify property of object successfully

2018-05-30 17:51:20 - [TEST_STEP][PASSED] - selectOptionByIndex: All options with index in [4] are selected on object ''

2018-05-30 17:51:20 - [MESSAGE][PASSED] - All options with index in [4] are selected on object ''

2018-05-30 17:51:20 - [TEST_STEP][PASSED] - delay: Delayed 2 second(s)

2018-05-30 17:51:22 - [MESSAGE][PASSED] - Delayed 2 second(s)

2018-05-30 17:51:22 - [TEST_STEP][PASSED] - Statement - batch = new com.kms.katalon.core.testobject.TestObject(): null

2018-05-30 17:51:22 - [TEST_STEP][PASSED] - Statement - batch = com.kms.katalon.core.webui.keyword.WebUiBuiltInKeywords.modifyObjectProperty(batch, "xpath", "equals", "//*[@id = "txtbthqty" + row + ""]", true): Modify property of object successfully

2018-05-30 17:51:22 - [MESSAGE][PASSED] - Modify property of object successfully

2018-05-30 17:51:22 - [TEST_STEP][PASSED] - Statement - batchqty = com.kms.katalon.core.webui.keyword.WebUiBuiltInKeywords.getAttribute(batch, "value").trim(): Attribute 'value' of object '' is: '5000'

2018-05-30 17:51:22 - [MESSAGE][PASSED] - Attribute 'value' of object '' is: '5000'

2018-05-30 17:51:22 - [TEST_STEP][PASSED] - Statement - Rqty = 10000: null

2018-05-30 17:51:22 - [TEST_STEP][PASSED] - Statement - out.println("BatchQty : " + batchqty): null

2018-05-30 17:51:22 - [TEST_STEP][PASSED] - Statement - out.println("RQty : " + Rqty): null

2018-05-30 17:51:22 - [TEST_STEP][PASSED] - Statement - If (java.lang.Integer.valueOf(batchqty) >= java.lang.Integer.valueOf(Rqty)): null

2018-05-30 17:51:22 - [TEST_STEP][PASSED] - Statement - Else: null

2018-05-30 17:51:22 - [TEST_STEP][PASSED] - Statement - out.println("Batchqty Is Less Than Rqty"): null

2018-05-30 17:51:22 - [TEST_STEP][PASSED] - Statement - product = new com.kms.katalon.core.testobject.TestObject(): null

2018-05-30 17:51:22 - [TEST_STEP][PASSED] - Statement - product = com.kms.katalon.core.webui.keyword.WebUiBuiltInKeywords.modifyObjectProperty(product, "xpath", "equals", "//*[@id = "fldvendor" + row + ""]", true): Modify property of object successfully

2018-05-30 17:51:22 - [MESSAGE][PASSED] - Modify property of object successfully

2018-05-30 17:51:22 - [TEST_STEP][PASSED] - selectOptionByIndex: All options with index in [5] are selected on object ''

2018-05-30 17:51:23 - [MESSAGE][PASSED] - All options with index in [5] are selected on object ''

2018-05-30 17:51:23 - [TEST_STEP][PASSED] - delay: Delayed 2 second(s)

2018-05-30 17:51:25 - [MESSAGE][PASSED] - Delayed 2 second(s)

2018-05-30 17:51:25 - [TEST_STEP][PASSED] - Statement - batch = new com.kms.katalon.core.testobject.TestObject(): null

2018-05-30 17:51:25 - [TEST_STEP][PASSED] - Statement - batch = com.kms.katalon.core.webui.keyword.WebUiBuiltInKeywords.modifyObjectProperty(batch, "xpath", "equals", "//*[@id = "txtbthqty" + row + ""]", true): Modify property of object successfully

2018-05-30 17:51:25 - [MESSAGE][PASSED] - Modify property of object successfully

2018-05-30 17:51:25 - [TEST_STEP][PASSED] - Statement - batchqty = com.kms.katalon.core.webui.keyword.WebUiBuiltInKeywords.getAttribute(batch, "value").trim(): Attribute 'value' of object '' is: '5000'

2018-05-30 17:51:25 - [MESSAGE][PASSED] - Attribute 'value' of object '' is: '5000'

2018-05-30 17:51:25 - [TEST_STEP][PASSED] - Statement - Rqty = 10000: null

2018-05-30 17:51:25 - [TEST_STEP][PASSED] - Statement - out.println("BatchQty : " + batchqty): null

2018-05-30 17:51:25 - [TEST_STEP][PASSED] - Statement - out.println("RQty : " + Rqty): null

2018-05-30 17:51:25 - [TEST_STEP][PASSED] - Statement - If (java.lang.Integer.valueOf(batchqty) >= java.lang.Integer.valueOf(Rqty)): null

2018-05-30 17:51:25 - [TEST_STEP][PASSED] - Statement - Else: null

2018-05-30 17:51:25 - [TEST_STEP][PASSED] - Statement - out.println("Batchqty Is Less Than Rqty"): null

2018-05-30 17:51:25 - [TEST_STEP][PASSED] - Statement - product = new com.kms.katalon.core.testobject.TestObject(): null

2018-05-30 17:51:25 - [TEST_STEP][PASSED] - Statement - product = com.kms.katalon.core.webui.keyword.WebUiBuiltInKeywords.modifyObjectProperty(product, "xpath", "equals", "//*[@id = "fldvendor" + row + ""]", true): Modify property of object successfully

2018-05-30 17:51:25 - [MESSAGE][PASSED] - Modify property of object successfully

2018-05-30 17:51:25 - [TEST_STEP][PASSED] - selectOptionByIndex: All options with index in [6] are selected on object ''

2018-05-30 17:51:25 - [MESSAGE][PASSED] - All options with index in [6] are selected on object ''

2018-05-30 17:51:25 - [TEST_STEP][PASSED] - delay: Delayed 2 second(s)

2018-05-30 17:51:27 - [MESSAGE][PASSED] - Delayed 2 second(s)

2018-05-30 17:51:27 - [TEST_STEP][PASSED] - Statement - batch = new com.kms.katalon.core.testobject.TestObject(): null

2018-05-30 17:51:27 - [TEST_STEP][PASSED] - Statement - batch = com.kms.katalon.core.webui.keyword.WebUiBuiltInKeywords.modifyObjectProperty(batch, "xpath", "equals", "//*[@id = "txtbthqty" + row + ""]", true): Modify property of object successfully

2018-05-30 17:51:27 - [MESSAGE][PASSED] - Modify property of object successfully

2018-05-30 17:51:27 - [TEST_STEP][PASSED] - Statement - batchqty = com.kms.katalon.core.webui.keyword.WebUiBuiltInKeywords.getAttribute(batch, "value").trim(): Attribute 'value' of object '' is: '39400'

2018-05-30 17:51:27 - [MESSAGE][PASSED] - Attribute 'value' of object '' is: '39400'

2018-05-30 17:51:27 - [TEST_STEP][PASSED] - Statement - Rqty = 10000: null

2018-05-30 17:51:27 - [TEST_STEP][PASSED] - Statement - out.println("BatchQty : " + batchqty): null

2018-05-30 17:51:27 - [TEST_STEP][PASSED] - Statement - out.println("RQty : " + Rqty): null

2018-05-30 17:51:27 - [TEST_STEP][PASSED] - Statement - If (java.lang.Integer.valueOf(batchqty) >= java.lang.Integer.valueOf(Rqty)): null

2018-05-30 17:51:27 - [TEST_STEP][PASSED] - Statement - Break: null

2018-05-30 17:51:27 - [TEST_STEP][PASSED] - Statement - batchlength = new com.kms.katalon.core.testobject.TestObject(): null

2018-05-30 17:51:27 - [TEST_STEP][PASSED] - Statement - batchlength = com.kms.katalon.core.webui.keyword.WebUiBuiltInKeywords.modifyObjectProperty(batchlength, "xpath", "equals", "//*[@id = "fldvendor" + row + ""]", true): Modify property of object successfully

2018-05-30 17:51:27 - [MESSAGE][PASSED] - Modify property of object successfully

2018-05-30 17:51:27 - [TEST_STEP][PASSED] - Statement - batchsize = com.kms.katalon.core.webui.keyword.WebUiBuiltInKeywords.getNumberOfTotalOption(batchlength): 10 options of object '' counted

2018-05-30 17:51:27 - [MESSAGE][PASSED] - 10 options of object '' counted

2018-05-30 17:51:27 - [TEST_STEP][PASSED] - Statement - out.println("BatchSize : " + batchsize): null

2018-05-30 17:51:27 - [TEST_STEP][PASSED] - Statement - For ([n = 1, n <= batchsize - 1, (n++)]): null

2018-05-30 17:51:27 - [TEST_STEP][PASSED] - Statement - product = new com.kms.katalon.core.testobject.TestObject(): null

2018-05-30 17:51:27 - [TEST_STEP][PASSED] - Statement - product = com.kms.katalon.core.webui.keyword.WebUiBuiltInKeywords.modifyObjectProperty(product, "xpath", "equals", "//*[@id = "fldvendor" + row + ""]", true): Modify property of object successfully

2018-05-30 17:51:27 - [MESSAGE][PASSED] - Modify property of object successfully

2018-05-30 17:51:27 - [TEST_STEP][PASSED] - selectOptionByIndex: All options with index in [1] are selected on object ''

2018-05-30 17:51:27 - [MESSAGE][PASSED] - All options with index in [1] are selected on object ''

2018-05-30 17:51:27 - [TEST_STEP][PASSED] - delay: Delayed 2 second(s)

2018-05-30 17:51:29 - [MESSAGE][PASSED] - Delayed 2 second(s)

2018-05-30 17:51:29 - [TEST_STEP][PASSED] - Statement - batch = new com.kms.katalon.core.testobject.TestObject(): null

2018-05-30 17:51:29 - [TEST_STEP][PASSED] - Statement - batch = com.kms.katalon.core.webui.keyword.WebUiBuiltInKeywords.modifyObjectProperty(batch, "xpath", "equals", "//*[@id = "txtbthqty" + row + ""]", true): Modify property of object successfully

2018-05-30 17:51:29 - [MESSAGE][PASSED] - Modify property of object successfully

2018-05-30 17:51:29 - [TEST_STEP][PASSED] - Statement - batchqty = com.kms.katalon.core.webui.keyword.WebUiBuiltInKeywords.getAttribute(batch, "value").trim(): Attribute 'value' of object '' is: '4000'

2018-05-30 17:51:29 - [MESSAGE][PASSED] - Attribute 'value' of object '' is: '4000'

2018-05-30 17:51:29 - [TEST_STEP][PASSED] - Statement - Rqty = 10000: null

2018-05-30 17:51:29 - [TEST_STEP][PASSED] - Statement - out.println("BatchQty : " + batchqty): null

2018-05-30 17:51:29 - [TEST_STEP][PASSED] - Statement - out.println("RQty : " + Rqty): null

2018-05-30 17:51:29 - [TEST_STEP][PASSED] - Statement - If (java.lang.Integer.valueOf(batchqty) >= java.lang.Integer.valueOf(Rqty)): null

2018-05-30 17:51:29 - [TEST_STEP][PASSED] - Statement - Else: null

2018-05-30 17:51:29 - [TEST_STEP][PASSED] - Statement - out.println("Batchqty Is Less Than Rqty"): null

2018-05-30 17:51:29 - [TEST_STEP][PASSED] - Statement - product = new com.kms.katalon.core.testobject.TestObject(): null

2018-05-30 17:51:29 - [TEST_STEP][PASSED] - Statement - product = com.kms.katalon.core.webui.keyword.WebUiBuiltInKeywords.modifyObjectProperty(product, "xpath", "equals", "//*[@id = "fldvendor" + row + ""]", true): Modify property of object successfully

2018-05-30 17:51:29 - [MESSAGE][PASSED] - Modify property of object successfully

2018-05-30 17:51:29 - [TEST_STEP][PASSED] - selectOptionByIndex: All options with index in [2] are selected on object ''

2018-05-30 17:51:29 - [MESSAGE][PASSED] - All options with index in [2] are selected on object ''

2018-05-30 17:51:29 - [TEST_STEP][PASSED] - delay: Delayed 2 second(s)

2018-05-30 17:51:31 - [MESSAGE][PASSED] - Delayed 2 second(s)

2018-05-30 17:51:31 - [TEST_STEP][PASSED] - Statement - batch = new com.kms.katalon.core.testobject.TestObject(): null

2018-05-30 17:51:31 - [TEST_STEP][PASSED] - Statement - batch = com.kms.katalon.core.webui.keyword.WebUiBuiltInKeywords.modifyObjectProperty(batch, "xpath", "equals", "//*[@id = "txtbthqty" + row + ""]", true): Modify property of object successfully

2018-05-30 17:51:31 - [MESSAGE][PASSED] - Modify property of object successfully

2018-05-30 17:51:31 - [TEST_STEP][PASSED] - Statement - batchqty = com.kms.katalon.core.webui.keyword.WebUiBuiltInKeywords.getAttribute(batch, "value").trim(): Attribute 'value' of object '' is: '500'

2018-05-30 17:51:31 - [MESSAGE][PASSED] - Attribute 'value' of object '' is: '500'

2018-05-30 17:51:31 - [TEST_STEP][PASSED] - Statement - Rqty = 10000: null

2018-05-30 17:51:31 - [TEST_STEP][PASSED] - Statement - out.println("BatchQty : " + batchqty): null

2018-05-30 17:51:31 - [TEST_STEP][PASSED] - Statement - out.println("RQty : " + Rqty): null

2018-05-30 17:51:31 - [TEST_STEP][PASSED] - Statement - If (java.lang.Integer.valueOf(batchqty) >= java.lang.Integer.valueOf(Rqty)): null

2018-05-30 17:51:31 - [TEST_STEP][PASSED] - Statement - Else: null

2018-05-30 17:51:31 - [TEST_STEP][PASSED] - Statement - out.println("Batchqty Is Less Than Rqty"): null

2018-05-30 17:51:31 - [TEST_STEP][PASSED] - Statement - product = new com.kms.katalon.core.testobject.TestObject(): null

2018-05-30 17:51:31 - [TEST_STEP][PASSED] - Statement - product = com.kms.katalon.core.webui.keyword.WebUiBuiltInKeywords.modifyObjectProperty(product, "xpath", "equals", "//*[@id = "fldvendor" + row + ""]", true): Modify property of object successfully

2018-05-30 17:51:31 - [MESSAGE][PASSED] - Modify property of object successfully

2018-05-30 17:51:31 - [TEST_STEP][PASSED] - selectOptionByIndex: All options with index in [3] are selected on object ''

2018-05-30 17:51:31 - [MESSAGE][PASSED] - All options with index in [3] are selected on object ''

2018-05-30 17:51:31 - [TEST_STEP][PASSED] - delay: Delayed 2 second(s)

2018-05-30 17:51:33 - [MESSAGE][PASSED] - Delayed 2 second(s)

2018-05-30 17:51:33 - [TEST_STEP][PASSED] - Statement - batch = new com.kms.katalon.core.testobject.TestObject(): null

2018-05-30 17:51:33 - [TEST_STEP][PASSED] - Statement - batch = com.kms.katalon.core.webui.keyword.WebUiBuiltInKeywords.modifyObjectProperty(batch, "xpath", "equals", "//*[@id = "txtbthqty" + row + ""]", true): Modify property of object successfully

2018-05-30 17:51:33 - [MESSAGE][PASSED] - Modify property of object successfully

2018-05-30 17:51:33 - [TEST_STEP][PASSED] - Statement - batchqty = com.kms.katalon.core.webui.keyword.WebUiBuiltInKeywords.getAttribute(batch, "value").trim(): Attribute 'value' of object '' is: '5000'

2018-05-30 17:51:33 - [MESSAGE][PASSED] - Attribute 'value' of object '' is: '5000'

2018-05-30 17:51:33 - [TEST_STEP][PASSED] - Statement - Rqty = 10000: null

2018-05-30 17:51:33 - [TEST_STEP][PASSED] - Statement - out.println("BatchQty : " + batchqty): null

2018-05-30 17:51:33 - [TEST_STEP][PASSED] - Statement - out.println("RQty : " + Rqty): null

2018-05-30 17:51:33 - [TEST_STEP][PASSED] - Statement - If (java.lang.Integer.valueOf(batchqty) >= java.lang.Integer.valueOf(Rqty)): null

2018-05-30 17:51:33 - [TEST_STEP][PASSED] - Statement - Else: null

2018-05-30 17:51:33 - [TEST_STEP][PASSED] - Statement - out.println("Batchqty Is Less Than Rqty"): null

2018-05-30 17:51:33 - [TEST_STEP][PASSED] - Statement - product = new com.kms.katalon.core.testobject.TestObject(): null

2018-05-30 17:51:33 - [TEST_STEP][PASSED] - Statement - product = com.kms.katalon.core.webui.keyword.WebUiBuiltInKeywords.modifyObjectProperty(product, "xpath", "equals", "//*[@id = "fldvendor" + row + ""]", true): Modify property of object successfully

2018-05-30 17:51:33 - [MESSAGE][PASSED] - Modify property of object successfully

2018-05-30 17:51:33 - [TEST_STEP][PASSED] - selectOptionByIndex: All options with index in [4] are selected on object ''

2018-05-30 17:51:34 - [MESSAGE][PASSED] - All options with index in [4] are selected on object ''

2018-05-30 17:51:34 - [TEST_STEP][PASSED] - delay: Delayed 2 second(s)

2018-05-30 17:51:36 - [MESSAGE][PASSED] - Delayed 2 second(s)

2018-05-30 17:51:36 - [TEST_STEP][PASSED] - Statement - batch = new com.kms.katalon.core.testobject.TestObject(): null

2018-05-30 17:51:36 - [TEST_STEP][PASSED] - Statement - batch = com.kms.katalon.core.webui.keyword.WebUiBuiltInKeywords.modifyObjectProperty(batch, "xpath", "equals", "//*[@id = "txtbthqty" + row + ""]", true): Modify property of object successfully

2018-05-30 17:51:36 - [MESSAGE][PASSED] - Modify property of object successfully

2018-05-30 17:51:36 - [TEST_STEP][PASSED] - Statement - batchqty = com.kms.katalon.core.webui.keyword.WebUiBuiltInKeywords.getAttribute(batch, "value").trim(): Attribute 'value' of object '' is: '5000'

2018-05-30 17:51:36 - [MESSAGE][PASSED] - Attribute 'value' of object '' is: '5000'

2018-05-30 17:51:36 - [TEST_STEP][PASSED] - Statement - Rqty = 10000: null

2018-05-30 17:51:36 - [TEST_STEP][PASSED] - Statement - out.println("BatchQty : " + batchqty): null

2018-05-30 17:51:36 - [TEST_STEP][PASSED] - Statement - out.println("RQty : " + Rqty): null

2018-05-30 17:51:36 - [TEST_STEP][PASSED] - Statement - If (java.lang.Integer.valueOf(batchqty) >= java.lang.Integer.valueOf(Rqty)): null

2018-05-30 17:51:36 - [TEST_STEP][PASSED] - Statement - Else: null

2018-05-30 17:51:36 - [TEST_STEP][PASSED] - Statement - out.println("Batchqty Is Less Than Rqty"): null

2018-05-30 17:51:36 - [TEST_STEP][PASSED] - Statement - product = new com.kms.katalon.core.testobject.TestObject(): null

2018-05-30 17:51:36 - [TEST_STEP][PASSED] - Statement - product = com.kms.katalon.core.webui.keyword.WebUiBuiltInKeywords.modifyObjectProperty(product, "xpath", "equals", "//*[@id = "fldvendor" + row + ""]", true): Modify property of object successfully

2018-05-30 17:51:36 - [MESSAGE][PASSED] - Modify property of object successfully

2018-05-30 17:51:36 - [TEST_STEP][PASSED] - selectOptionByIndex: All options with index in [5] are selected on object ''

2018-05-30 17:51:36 - [MESSAGE][PASSED] - All options with index in [5] are selected on object ''

2018-05-30 17:51:36 - [TEST_STEP][PASSED] - delay: Delayed 2 second(s)

2018-05-30 17:51:38 - [MESSAGE][PASSED] - Delayed 2 second(s)

2018-05-30 17:51:38 - [TEST_STEP][PASSED] - Statement - batch = new com.kms.katalon.core.testobject.TestObject(): null

2018-05-30 17:51:38 - [TEST_STEP][PASSED] - Statement - batch = com.kms.katalon.core.webui.keyword.WebUiBuiltInKeywords.modifyObjectProperty(batch, "xpath", "equals", "//*[@id = "txtbthqty" + row + ""]", true): Modify property of object successfully

2018-05-30 17:51:38 - [MESSAGE][PASSED] - Modify property of object successfully

2018-05-30 17:51:38 - [TEST_STEP][PASSED] - Statement - batchqty = com.kms.katalon.core.webui.keyword.WebUiBuiltInKeywords.getAttribute(batch, "value").trim(): Attribute 'value' of object '' is: '5000'

2018-05-30 17:52:09 - [MESSAGE][PASSED] - Attribute 'value' of object '' is: '5000'

2018-05-30 17:52:09 - [TEST_STEP][PASSED] - Statement - Rqty = 10000: null

2018-05-30 17:52:09 - [TEST_STEP][PASSED] - Statement - out.println("BatchQty : " + batchqty): null

2018-05-30 17:52:09 - [TEST_STEP][PASSED] - Statement - out.println("RQty : " + Rqty): null

2018-05-30 17:52:09 - [TEST_STEP][PASSED] - Statement - If (java.lang.Integer.valueOf(batchqty) >= java.lang.Integer.valueOf(Rqty)): null

2018-05-30 17:52:09 - [TEST_STEP][PASSED] - Statement - Else: null

2018-05-30 17:52:09 - [TEST_STEP][PASSED] - Statement - out.println("Batchqty Is Less Than Rqty"): null

2018-05-30 17:52:09 - [TEST_STEP][PASSED] - Statement - product = new com.kms.katalon.core.testobject.TestObject(): null

2018-05-30 17:52:09 - [TEST_STEP][PASSED] - Statement - product = com.kms.katalon.core.webui.keyword.WebUiBuiltInKeywords.modifyObjectProperty(product, "xpath", "equals", "//*[@id = "fldvendor" + row + ""]", true): Modify property of object successfully

2018-05-30 17:52:09 - [MESSAGE][PASSED] - Modify property of object successfully

2018-05-30 17:52:09 - [TEST_STEP][PASSED] - selectOptionByIndex: All options with index in [6] are selected on object ''

2018-05-30 17:52:10 - [MESSAGE][PASSED] - All options with index in [6] are selected on object ''

2018-05-30 17:52:10 - [TEST_STEP][PASSED] - delay: Delayed 2 second(s)

2018-05-30 17:52:12 - [MESSAGE][PASSED] - Delayed 2 second(s)

2018-05-30 17:52:12 - [TEST_STEP][PASSED] - Statement - batch = new com.kms.katalon.core.testobject.TestObject(): null

2018-05-30 17:52:12 - [TEST_STEP][PASSED] - Statement - batch = com.kms.katalon.core.webui.keyword.WebUiBuiltInKeywords.modifyObjectProperty(batch, "xpath", "equals", "//*[@id = "txtbthqty" + row + ""]", true): Modify property of object successfully

2018-05-30 17:52:12 - [MESSAGE][PASSED] - Modify property of object successfully

2018-05-30 17:52:12 - [TEST_STEP][PASSED] - Statement - batchqty = com.kms.katalon.core.webui.keyword.WebUiBuiltInKeywords.getAttribute(batch, "value").trim(): Attribute 'value' of object '' is: '5000'

2018-05-30 17:52:12 - [MESSAGE][PASSED] - Attribute 'value' of object '' is: '5000'

2018-05-30 17:52:12 - [TEST_STEP][PASSED] - Statement - Rqty = 10000: null

2018-05-30 17:52:12 - [TEST_STEP][PASSED] - Statement - out.println("BatchQty : " + batchqty): null

2018-05-30 17:52:12 - [TEST_STEP][PASSED] - Statement - out.println("RQty : " + Rqty): null

2018-05-30 17:52:12 - [TEST_STEP][PASSED] - Statement - If (java.lang.Integer.valueOf(batchqty) >= java.lang.Integer.valueOf(Rqty)): null

2018-05-30 17:52:12 - [TEST_STEP][PASSED] - Statement - Else: null

2018-05-30 17:52:12 - [TEST_STEP][PASSED] - Statement - out.println("Batchqty Is Less Than Rqty"): null

2018-05-30 17:52:12 - [TEST_STEP][PASSED] - Statement - product = new com.kms.katalon.core.testobject.TestObject(): null

2018-05-30 17:52:12 - [TEST_STEP][PASSED] - Statement - product = com.kms.katalon.core.webui.keyword.WebUiBuiltInKeywords.modifyObjectProperty(product, "xpath", "equals", "//*[@id = "fldvendor" + row + ""]", true): Modify property of object successfully

2018-05-30 17:52:12 - [MESSAGE][PASSED] - Modify property of object successfully

2018-05-30 17:52:12 - [TEST_STEP][PASSED] - selectOptionByIndex: All options with index in [7] are selected on object ''

2018-05-30 17:52:12 - [MESSAGE][PASSED] - All options with index in [7] are selected on object ''

2018-05-30 17:52:12 - [TEST_STEP][PASSED] - delay: Delayed 2 second(s)

2018-05-30 17:52:14 - [MESSAGE][PASSED] - Delayed 2 second(s)

2018-05-30 17:52:14 - [TEST_STEP][PASSED] - Statement - batch = new com.kms.katalon.core.testobject.TestObject(): null

2018-05-30 17:52:14 - [TEST_STEP][PASSED] - Statement - batch = com.kms.katalon.core.webui.keyword.WebUiBuiltInKeywords.modifyObjectProperty(batch, "xpath", "equals", "//*[@id = "txtbthqty" + row + ""]", true): Modify property of object successfully

2018-05-30 17:52:14 - [MESSAGE][PASSED] - Modify property of object successfully

2018-05-30 17:52:14 - [TEST_STEP][PASSED] - Statement - batchqty = com.kms.katalon.core.webui.keyword.WebUiBuiltInKeywords.getAttribute(batch, "value").trim(): Attribute 'value' of object '' is: '39400'

2018-05-30 17:52:14 - [MESSAGE][PASSED] - Attribute 'value' of object '' is: '39400'

2018-05-30 17:52:14 - [TEST_STEP][PASSED] - Statement - Rqty = 10000: null

2018-05-30 17:52:14 - [TEST_STEP][PASSED] - Statement - out.println("BatchQty : " + batchqty): null

2018-05-30 17:52:14 - [TEST_STEP][PASSED] - Statement - out.println("RQty : " + Rqty): null

2018-05-30 17:52:14 - [TEST_STEP][PASSED] - Statement - If (java.lang.Integer.valueOf(batchqty) >= java.lang.Integer.valueOf(Rqty)): null

2018-05-30 17:52:14 - [TEST_STEP][PASSED] - Statement - Break: null

2018-05-30 17:52:14 - [TEST_STEP][PASSED] - Statement - batchlength = new com.kms.katalon.core.testobject.TestObject(): null

2018-05-30 17:52:14 - [TEST_STEP][PASSED] - Statement - batchlength = com.kms.katalon.core.webui.keyword.WebUiBuiltInKeywords.modifyObjectProperty(batchlength, "xpath", "equals", "//*[@id = "fldvendor" + row + ""]", true): Modify property of object successfully

2018-05-30 17:52:14 - [MESSAGE][PASSED] - Modify property of object successfully

2018-05-30 17:52:14 - [TEST_STEP][PASSED] - Statement - batchsize = com.kms.katalon.core.webui.keyword.WebUiBuiltInKeywords.getNumberOfTotalOption(batchlength): 9 options of object '' counted

2018-05-30 17:52:14 - [MESSAGE][PASSED] - 9 options of object '' counted

2018-05-30 17:52:14 - [TEST_STEP][PASSED] - Statement - out.println("BatchSize : " + batchsize): null

2018-05-30 17:52:14 - [TEST_STEP][PASSED] - Statement - For ([n = 1, n <= batchsize - 1, (n++)]): null

2018-05-30 17:52:14 - [TEST_STEP][PASSED] - Statement - product = new com.kms.katalon.core.testobject.TestObject(): null

2018-05-30 17:52:14 - [TEST_STEP][PASSED] - Statement - product = com.kms.katalon.core.webui.keyword.WebUiBuiltInKeywords.modifyObjectProperty(product, "xpath", "equals", "//*[@id = "fldvendor" + row + ""]", true): Modify property of object successfully

2018-05-30 17:52:14 - [MESSAGE][PASSED] - Modify property of object successfully

2018-05-30 17:52:14 - [TEST_STEP][PASSED] - selectOptionByIndex: All options with index in [1] are selected on object ''

2018-05-30 17:52:14 - [MESSAGE][PASSED] - All options with index in [1] are selected on object ''

2018-05-30 17:52:14 - [TEST_STEP][PASSED] - delay: Delayed 2 second(s)

2018-05-30 17:52:16 - [MESSAGE][PASSED] - Delayed 2 second(s)

2018-05-30 17:52:16 - [TEST_STEP][PASSED] - Statement - batch = new com.kms.katalon.core.testobject.TestObject(): null

2018-05-30 17:52:16 - [TEST_STEP][PASSED] - Statement - batch = com.kms.katalon.core.webui.keyword.WebUiBuiltInKeywords.modifyObjectProperty(batch, "xpath", "equals", "//*[@id = "txtbthqty" + row + ""]", true): Modify property of object successfully

2018-05-30 17:52:16 - [MESSAGE][PASSED] - Modify property of object successfully

2018-05-30 17:52:16 - [TEST_STEP][PASSED] - Statement - batchqty = com.kms.katalon.core.webui.keyword.WebUiBuiltInKeywords.getAttribute(batch, "value").trim(): Attribute 'value' of object '' is: '4400'

2018-05-30 17:52:16 - [MESSAGE][PASSED] - Attribute 'value' of object '' is: '4400'

2018-05-30 17:52:16 - [TEST_STEP][PASSED] - Statement - Rqty = 10000: null

2018-05-30 17:52:16 - [TEST_STEP][PASSED] - Statement - out.println("BatchQty : " + batchqty): null

2018-05-30 17:52:16 - [TEST_STEP][PASSED] - Statement - out.println("RQty : " + Rqty): null

2018-05-30 17:52:16 - [TEST_STEP][PASSED] - Statement - If (java.lang.Integer.valueOf(batchqty) >= java.lang.Integer.valueOf(Rqty)): null

2018-05-30 17:52:16 - [TEST_STEP][PASSED] - Statement - Else: null

2018-05-30 17:52:16 - [TEST_STEP][PASSED] - Statement - out.println("Batchqty Is Less Than Rqty"): null

2018-05-30 17:52:16 - [TEST_STEP][PASSED] - Statement - product = new com.kms.katalon.core.testobject.TestObject(): null

2018-05-30 17:52:16 - [TEST_STEP][PASSED] - Statement - product = com.kms.katalon.core.webui.keyword.WebUiBuiltInKeywords.modifyObjectProperty(product, "xpath", "equals", "//*[@id = "fldvendor" + row + ""]", true): Modify property of object successfully

2018-05-30 17:52:16 - [MESSAGE][PASSED] - Modify property of object successfully

2018-05-30 17:52:16 - [TEST_STEP][PASSED] - selectOptionByIndex: All options with index in [2] are selected on object ''

2018-05-30 17:52:16 - [MESSAGE][PASSED] - All options with index in [2] are selected on object ''

2018-05-30 17:52:16 - [TEST_STEP][PASSED] - delay: Delayed 2 second(s)

2018-05-30 17:52:18 - [MESSAGE][PASSED] - Delayed 2 second(s)

2018-05-30 17:52:18 - [TEST_STEP][PASSED] - Statement - batch = new com.kms.katalon.core.testobject.TestObject(): null

2018-05-30 17:52:18 - [TEST_STEP][PASSED] - Statement - batch = com.kms.katalon.core.webui.keyword.WebUiBuiltInKeywords.modifyObjectProperty(batch, "xpath", "equals", "//*[@id = "txtbthqty" + row + ""]", true): Modify property of object successfully

2018-05-30 17:52:18 - [MESSAGE][PASSED] - Modify property of object successfully

2018-05-30 17:52:18 - [TEST_STEP][PASSED] - Statement - batchqty = com.kms.katalon.core.webui.keyword.WebUiBuiltInKeywords.getAttribute(batch, "value").trim(): Attribute 'value' of object '' is: '39400'

2018-05-30 17:52:28 - [MESSAGE][PASSED] - Attribute 'value' of object '' is: '39400'

2018-05-30 17:52:28 - [TEST_STEP][PASSED] - Statement - Rqty = 10000: null

2018-05-30 17:52:28 - [TEST_STEP][PASSED] - Statement - out.println("BatchQty : " + batchqty): null

2018-05-30 17:52:28 - [TEST_STEP][PASSED] - Statement - out.println("RQty : " + Rqty): null

2018-05-30 17:52:28 - [TEST_STEP][PASSED] - Statement - If (java.lang.Integer.valueOf(batchqty) >= java.lang.Integer.valueOf(Rqty)): null

2018-05-30 17:52:28 - [TEST_STEP][PASSED] - Statement - Break: null

2018-05-30 17:52:28 - [TEST_STEP][PASSED] - Statement - batchlength = new com.kms.katalon.core.testobject.TestObject(): null

2018-05-30 17:52:28 - [TEST_STEP][PASSED] - Statement - batchlength = com.kms.katalon.core.webui.keyword.WebUiBuiltInKeywords.modifyObjectProperty(batchlength, "xpath", "equals", "//*[@id = "fldvendor" + row + ""]", true): Modify property of object successfully

2018-05-30 17:52:28 - [MESSAGE][PASSED] - Modify property of object successfully

2018-05-30 17:52:28 - [TEST_STEP][PASSED] - Statement - batchsize = com.kms.katalon.core.webui.keyword.WebUiBuiltInKeywords.getNumberOfTotalOption(batchlength): 10 options of object '' counted

2018-05-30 17:52:28 - [MESSAGE][PASSED] - 10 options of object '' counted

2018-05-30 17:52:28 - [TEST_STEP][PASSED] - Statement - out.println("BatchSize : " + batchsize): null

2018-05-30 17:52:28 - [TEST_STEP][PASSED] - Statement - For ([n = 1, n <= batchsize - 1, (n++)]): null

2018-05-30 17:52:28 - [TEST_STEP][PASSED] - Statement - product = new com.kms.katalon.core.testobject.TestObject(): null

2018-05-30 17:52:28 - [TEST_STEP][PASSED] - Statement - product = com.kms.katalon.core.webui.keyword.WebUiBuiltInKeywords.modifyObjectProperty(product, "xpath", "equals", "//*[@id = "fldvendor" + row + ""]", true): Modify property of object successfully

2018-05-30 17:52:28 - [MESSAGE][PASSED] - Modify property of object successfully

2018-05-30 17:52:28 - [TEST_STEP][PASSED] - selectOptionByIndex: All options with index in [1] are selected on object ''

2018-05-30 17:52:28 - [MESSAGE][PASSED] - All options with index in [1] are selected on object ''

2018-05-30 17:52:28 - [TEST_STEP][PASSED] - delay: Delayed 2 second(s)

2018-05-30 17:52:30 - [MESSAGE][PASSED] - Delayed 2 second(s)

2018-05-30 17:52:30 - [TEST_STEP][PASSED] - Statement - batch = new com.kms.katalon.core.testobject.TestObject(): null

2018-05-30 17:52:30 - [TEST_STEP][PASSED] - Statement - batch = com.kms.katalon.core.webui.keyword.WebUiBuiltInKeywords.modifyObjectProperty(batch, "xpath", "equals", "//*[@id = "txtbthqty" + row + ""]", true): Modify property of object successfully

2018-05-30 17:52:30 - [MESSAGE][PASSED] - Modify property of object successfully

2018-05-30 17:52:30 - [TEST_STEP][PASSED] - Statement - batchqty = com.kms.katalon.core.webui.keyword.WebUiBuiltInKeywords.getAttribute(batch, "value").trim(): Attribute 'value' of object '' is: '50'

2018-05-30 17:52:31 - [MESSAGE][PASSED] - Attribute 'value' of object '' is: '50'

2018-05-30 17:52:31 - [TEST_STEP][PASSED] - Statement - Rqty = 10000: null

2018-05-30 17:52:31 - [TEST_STEP][PASSED] - Statement - out.println("BatchQty : " + batchqty): null

2018-05-30 17:52:31 - [TEST_STEP][PASSED] - Statement - out.println("RQty : " + Rqty): null

2018-05-30 17:52:31 - [TEST_STEP][PASSED] - Statement - If (java.lang.Integer.valueOf(batchqty) >= java.lang.Integer.valueOf(Rqty)): null

2018-05-30 17:52:31 - [TEST_STEP][PASSED] - Statement - Else: null

2018-05-30 17:52:31 - [TEST_STEP][PASSED] - Statement - out.println("Batchqty Is Less Than Rqty"): null

2018-05-30 17:52:31 - [TEST_STEP][PASSED] - Statement - product = new com.kms.katalon.core.testobject.TestObject(): null

2018-05-30 17:52:31 - [TEST_STEP][PASSED] - Statement - product = com.kms.katalon.core.webui.keyword.WebUiBuiltInKeywords.modifyObjectProperty(product, "xpath", "equals", "//*[@id = "fldvendor" + row + ""]", true): Modify property of object successfully

2018-05-30 17:52:31 - [MESSAGE][PASSED] - Modify property of object successfully

2018-05-30 17:52:31 - [TEST_STEP][PASSED] - selectOptionByIndex: All options with index in [2] are selected on object ''

2018-05-30 17:52:31 - [MESSAGE][PASSED] - All options with index in [2] are selected on object ''

2018-05-30 17:52:31 - [TEST_STEP][PASSED] - delay: Delayed 2 second(s)

2018-05-30 17:52:33 - [MESSAGE][PASSED] - Delayed 2 second(s)

2018-05-30 17:52:33 - [TEST_STEP][PASSED] - Statement - batch = new com.kms.katalon.core.testobject.TestObject(): null

2018-05-30 17:52:33 - [TEST_STEP][PASSED] - Statement - batch = com.kms.katalon.core.webui.keyword.WebUiBuiltInKeywords.modifyObjectProperty(batch, "xpath", "equals", "//*[@id = "txtbthqty" + row + ""]", true): Modify property of object successfully

2018-05-30 17:52:33 - [MESSAGE][PASSED] - Modify property of object successfully

2018-05-30 17:52:33 - [TEST_STEP][PASSED] - Statement - batchqty = com.kms.katalon.core.webui.keyword.WebUiBuiltInKeywords.getAttribute(batch, "value").trim(): Attribute 'value' of object '' is: '4700'

2018-05-30 17:52:33 - [MESSAGE][PASSED] - Attribute 'value' of object '' is: '4700'

2018-05-30 17:52:33 - [TEST_STEP][PASSED] - Statement - Rqty = 10000: null

2018-05-30 17:52:33 - [TEST_STEP][PASSED] - Statement - out.println("BatchQty : " + batchqty): null

2018-05-30 17:52:33 - [TEST_STEP][PASSED] - Statement - out.println("RQty : " + Rqty): null

2018-05-30 17:52:33 - [TEST_STEP][PASSED] - Statement - If (java.lang.Integer.valueOf(batchqty) >= java.lang.Integer.valueOf(Rqty)): null

2018-05-30 17:52:33 - [TEST_STEP][PASSED] - Statement - Else: null

2018-05-30 17:52:33 - [TEST_STEP][PASSED] - Statement - out.println("Batchqty Is Less Than Rqty"): null

2018-05-30 17:52:33 - [TEST_STEP][PASSED] - Statement - product = new com.kms.katalon.core.testobject.TestObject(): null

2018-05-30 17:52:33 - [TEST_STEP][PASSED] - Statement - product = com.kms.katalon.core.webui.keyword.WebUiBuiltInKeywords.modifyObjectProperty(product, "xpath", "equals", "//*[@id = "fldvendor" + row + ""]", true): Modify property of object successfully

2018-05-30 17:52:33 - [MESSAGE][PASSED] - Modify property of object successfully

2018-05-30 17:52:33 - [TEST_STEP][PASSED] - selectOptionByIndex: All options with index in [3] are selected on object ''

2018-05-30 17:52:33 - [MESSAGE][PASSED] - All options with index in [3] are selected on object ''

2018-05-30 17:52:33 - [TEST_STEP][PASSED] - delay: Delayed 2 second(s)

2018-05-30 17:52:35 - [MESSAGE][PASSED] - Delayed 2 second(s)

2018-05-30 17:52:35 - [TEST_STEP][PASSED] - Statement - batch = new com.kms.katalon.core.testobject.TestObject(): null

2018-05-30 17:52:35 - [TEST_STEP][PASSED] - Statement - batch = com.kms.katalon.core.webui.keyword.WebUiBuiltInKeywords.modifyObjectProperty(batch, "xpath", "equals", "//*[@id = "txtbthqty" + row + ""]", true): Modify property of object successfully

2018-05-30 17:52:35 - [MESSAGE][PASSED] - Modify property of object successfully

2018-05-30 17:52:35 - [TEST_STEP][PASSED] - Statement - batchqty = com.kms.katalon.core.webui.keyword.WebUiBuiltInKeywords.getAttribute(batch, "value").trim(): Attribute 'value' of object '' is: '4400'

2018-05-30 17:52:35 - [MESSAGE][PASSED] - Attribute 'value' of object '' is: '4400'

2018-05-30 17:52:35 - [TEST_STEP][PASSED] - Statement - Rqty = 10000: null

2018-05-30 17:52:35 - [TEST_STEP][PASSED] - Statement - out.println("BatchQty : " + batchqty): null

2018-05-30 17:52:35 - [TEST_STEP][PASSED] - Statement - out.println("RQty : " + Rqty): null

2018-05-30 17:52:35 - [TEST_STEP][PASSED] - Statement - If (java.lang.Integer.valueOf(batchqty) >= java.lang.Integer.valueOf(Rqty)): null

2018-05-30 17:52:35 - [TEST_STEP][PASSED] - Statement - Else: null

2018-05-30 17:52:35 - [TEST_STEP][PASSED] - Statement - out.println("Batchqty Is Less Than Rqty"): null

2018-05-30 17:52:35 - [TEST_STEP][PASSED] - Statement - product = new com.kms.katalon.core.testobject.TestObject(): null

2018-05-30 17:52:35 - [TEST_STEP][PASSED] - Statement - product = com.kms.katalon.core.webui.keyword.WebUiBuiltInKeywords.modifyObjectProperty(product, "xpath", "equals", "//*[@id = "fldvendor" + row + ""]", true): Modify property of object successfully

2018-05-30 17:52:35 - [MESSAGE][PASSED] - Modify property of object successfully

2018-05-30 17:52:35 - [TEST_STEP][PASSED] - selectOptionByIndex: All options with index in [4] are selected on object ''

2018-05-30 17:52:35 - [MESSAGE][PASSED] - All options with index in [4] are selected on object ''

2018-05-30 17:52:35 - [TEST_STEP][PASSED] - delay: Delayed 2 second(s)

2018-05-30 17:52:37 - [MESSAGE][PASSED] - Delayed 2 second(s)

2018-05-30 17:52:37 - [TEST_STEP][PASSED] - Statement - batch = new com.kms.katalon.core.testobject.TestObject(): null

2018-05-30 17:52:37 - [TEST_STEP][PASSED] - Statement - batch = com.kms.katalon.core.webui.keyword.WebUiBuiltInKeywords.modifyObjectProperty(batch, "xpath", "equals", "//*[@id = "txtbthqty" + row + ""]", true): Modify property of object successfully

2018-05-30 17:52:37 - [MESSAGE][PASSED] - Modify property of object successfully

2018-05-30 17:52:37 - [TEST_STEP][PASSED] - Statement - batchqty = com.kms.katalon.core.webui.keyword.WebUiBuiltInKeywords.getAttribute(batch, "value").trim(): Attribute 'value' of object '' is: '5000'

2018-05-30 17:52:37 - [MESSAGE][PASSED] - Attribute 'value' of object '' is: '5000'

2018-05-30 17:52:37 - [TEST_STEP][PASSED] - Statement - Rqty = 10000: null

2018-05-30 17:52:37 - [TEST_STEP][PASSED] - Statement - out.println("BatchQty : " + batchqty): null

2018-05-30 17:52:37 - [TEST_STEP][PASSED] - Statement - out.println("RQty : " + Rqty): null

2018-05-30 17:52:37 - [TEST_STEP][PASSED] - Statement - If (java.lang.Integer.valueOf(batchqty) >= java.lang.Integer.valueOf(Rqty)): null

2018-05-30 17:52:37 - [TEST_STEP][PASSED] - Statement - Else: null

2018-05-30 17:52:37 - [TEST_STEP][PASSED] - Statement - out.println("Batchqty Is Less Than Rqty"): null

2018-05-30 17:52:37 - [TEST_STEP][PASSED] - Statement - product = new com.kms.katalon.core.testobject.TestObject(): null

2018-05-30 17:52:37 - [TEST_STEP][PASSED] - Statement - product = com.kms.katalon.core.webui.keyword.WebUiBuiltInKeywords.modifyObjectProperty(product, "xpath", "equals", "//*[@id = "fldvendor" + row + ""]", true): Modify property of object successfully

2018-05-30 17:52:37 - [MESSAGE][PASSED] - Modify property of object successfully

2018-05-30 17:52:37 - [TEST_STEP][PASSED] - selectOptionByIndex: All options with index in [5] are selected on object ''

2018-05-30 17:52:37 - [MESSAGE][PASSED] - All options with index in [5] are selected on object ''

2018-05-30 17:52:37 - [TEST_STEP][PASSED] - delay: Delayed 2 second(s)

2018-05-30 17:52:39 - [MESSAGE][PASSED] - Delayed 2 second(s)

2018-05-30 17:52:39 - [TEST_STEP][PASSED] - Statement - batch = new com.kms.katalon.core.testobject.TestObject(): null

2018-05-30 17:52:39 - [TEST_STEP][PASSED] - Statement - batch = com.kms.katalon.core.webui.keyword.WebUiBuiltInKeywords.modifyObjectProperty(batch, "xpath", "equals", "//*[@id = "txtbthqty" + row + ""]", true): Modify property of object successfully

2018-05-30 17:52:39 - [MESSAGE][PASSED] - Modify property of object successfully

2018-05-30 17:52:39 - [TEST_STEP][PASSED] - Statement - batchqty = com.kms.katalon.core.webui.keyword.WebUiBuiltInKeywords.getAttribute(batch, "value").trim(): Attribute 'value' of object '' is: '5000'

2018-05-30 17:52:39 - [MESSAGE][PASSED] - Attribute 'value' of object '' is: '5000'

2018-05-30 17:52:39 - [TEST_STEP][PASSED] - Statement - Rqty = 10000: null

2018-05-30 17:52:39 - [TEST_STEP][PASSED] - Statement - out.println("BatchQty : " + batchqty): null

2018-05-30 17:52:39 - [TEST_STEP][PASSED] - Statement - out.println("RQty : " + Rqty): null

2018-05-30 17:52:39 - [TEST_STEP][PASSED] - Statement - If (java.lang.Integer.valueOf(batchqty) >= java.lang.Integer.valueOf(Rqty)): null

2018-05-30 17:52:39 - [TEST_STEP][PASSED] - Statement - Else: null

2018-05-30 17:52:39 - [TEST_STEP][PASSED] - Statement - out.println("Batchqty Is Less Than Rqty"): null

2018-05-30 17:52:39 - [TEST_STEP][PASSED] - Statement - product = new com.kms.katalon.core.testobject.TestObject(): null

2018-05-30 17:52:39 - [TEST_STEP][PASSED] - Statement - product = com.kms.katalon.core.webui.keyword.WebUiBuiltInKeywords.modifyObjectProperty(product, "xpath", "equals", "//*[@id = "fldvendor" + row + ""]", true): Modify property of object successfully

2018-05-30 17:52:39 - [MESSAGE][PASSED] - Modify property of object successfully

2018-05-30 17:52:39 - [TEST_STEP][PASSED] - selectOptionByIndex: All options with index in [6] are selected on object ''

2018-05-30 17:52:39 - [MESSAGE][PASSED] - All options with index in [6] are selected on object ''

2018-05-30 17:52:39 - [TEST_STEP][PASSED] - delay: Delayed 2 second(s)

2018-05-30 17:52:41 - [MESSAGE][PASSED] - Delayed 2 second(s)

2018-05-30 17:52:41 - [TEST_STEP][PASSED] - Statement - batch = new com.kms.katalon.core.testobject.TestObject(): null

2018-05-30 17:52:41 - [TEST_STEP][PASSED] - Statement - batch = com.kms.katalon.core.webui.keyword.WebUiBuiltInKeywords.modifyObjectProperty(batch, "xpath", "equals", "//*[@id = "txtbthqty" + row + ""]", true): Modify property of object successfully

2018-05-30 17:52:41 - [MESSAGE][PASSED] - Modify property of object successfully

2018-05-30 17:52:41 - [TEST_STEP][PASSED] - Statement - batchqty = com.kms.katalon.core.webui.keyword.WebUiBuiltInKeywords.getAttribute(batch, "value").trim(): Attribute 'value' of object '' is: '39400'

2018-05-30 17:52:41 - [MESSAGE][PASSED] - Attribute 'value' of object '' is: '39400'

2018-05-30 17:52:41 - [TEST_STEP][PASSED] - Statement - Rqty = 10000: null

2018-05-30 17:52:41 - [TEST_STEP][PASSED] - Statement - out.println("BatchQty : " + batchqty): null

2018-05-30 17:52:41 - [TEST_STEP][PASSED] - Statement - out.println("RQty : " + Rqty): null

2018-05-30 17:52:41 - [TEST_STEP][PASSED] - Statement - If (java.lang.Integer.valueOf(batchqty) >= java.lang.Integer.valueOf(Rqty)): null

2018-05-30 17:52:41 - [TEST_STEP][PASSED] - Statement - Break: null

2018-05-30 17:52:41 - [TEST_STEP][PASSED] - Statement - batchlength = new com.kms.katalon.core.testobject.TestObject(): null

2018-05-30 17:52:41 - [TEST_STEP][PASSED] - Statement - batchlength = com.kms.katalon.core.webui.keyword.WebUiBuiltInKeywords.modifyObjectProperty(batchlength, "xpath", "equals", "//*[@id = "fldvendor" + row + ""]", true): Modify property of object successfully

2018-05-30 17:52:41 - [MESSAGE][PASSED] - Modify property of object successfully

2018-05-30 17:52:41 - [TEST_STEP][PASSED] - Statement - batchsize = com.kms.katalon.core.webui.keyword.WebUiBuiltInKeywords.getNumberOfTotalOption(batchlength): 9 options of object '' counted

2018-05-30 17:52:41 - [MESSAGE][PASSED] - 9 options of object '' counted

2018-05-30 17:52:41 - [TEST_STEP][PASSED] - Statement - out.println("BatchSize : " + batchsize): null

2018-05-30 17:52:41 - [TEST_STEP][PASSED] - Statement - For ([n = 1, n <= batchsize - 1, (n++)]): null

2018-05-30 17:52:41 - [TEST_STEP][PASSED] - Statement - product = new com.kms.katalon.core.testobject.TestObject(): null

2018-05-30 17:52:41 - [TEST_STEP][PASSED] - Statement - product = com.kms.katalon.core.webui.keyword.WebUiBuiltInKeywords.modifyObjectProperty(product, "xpath", "equals", "//*[@id = "fldvendor" + row + ""]", true): Modify property of object successfully

2018-05-30 17:52:41 - [MESSAGE][PASSED] - Modify property of object successfully

2018-05-30 17:52:41 - [TEST_STEP][PASSED] - selectOptionByIndex: All options with index in [1] are selected on object ''

2018-05-30 17:52:42 - [MESSAGE][PASSED] - All options with index in [1] are selected on object ''

2018-05-30 17:52:42 - [TEST_STEP][PASSED] - delay: Delayed 2 second(s)

2018-05-30 17:52:44 - [MESSAGE][PASSED] - Delayed 2 second(s)

2018-05-30 17:52:44 - [TEST_STEP][PASSED] - Statement - batch = new com.kms.katalon.core.testobject.TestObject(): null

2018-05-30 17:52:44 - [TEST_STEP][PASSED] - Statement - batch = com.kms.katalon.core.webui.keyword.WebUiBuiltInKeywords.modifyObjectProperty(batch, "xpath", "equals", "//*[@id = "txtbthqty" + row + ""]", true): Modify property of object successfully

2018-05-30 17:52:44 - [MESSAGE][PASSED] - Modify property of object successfully

2018-05-30 17:52:44 - [TEST_STEP][PASSED] - Statement - batchqty = com.kms.katalon.core.webui.keyword.WebUiBuiltInKeywords.getAttribute(batch, "value").trim(): Attribute 'value' of object '' is: '4400'

2018-05-30 17:52:44 - [MESSAGE][PASSED] - Attribute 'value' of object '' is: '4400'

2018-05-30 17:52:44 - [TEST_STEP][PASSED] - Statement - Rqty = 10000: null

2018-05-30 17:52:44 - [TEST_STEP][PASSED] - Statement - out.println("BatchQty : " + batchqty): null

2018-05-30 17:52:44 - [TEST_STEP][PASSED] - Statement - out.println("RQty : " + Rqty): null

2018-05-30 17:52:44 - [TEST_STEP][PASSED] - Statement - If (java.lang.Integer.valueOf(batchqty) >= java.lang.Integer.valueOf(Rqty)): null

2018-05-30 17:52:44 - [TEST_STEP][PASSED] - Statement - Else: null

2018-05-30 17:52:44 - [TEST_STEP][PASSED] - Statement - out.println("Batchqty Is Less Than Rqty"): null

2018-05-30 17:52:44 - [TEST_STEP][PASSED] - Statement - product = new com.kms.katalon.core.testobject.TestObject(): null

2018-05-30 17:52:44 - [TEST_STEP][PASSED] - Statement - product = com.kms.katalon.core.webui.keyword.WebUiBuiltInKeywords.modifyObjectProperty(product, "xpath", "equals", "//*[@id = "fldvendor" + row + ""]", true): Modify property of object successfully

2018-05-30 17:52:44 - [MESSAGE][PASSED] - Modify property of object successfully

2018-05-30 17:52:44 - [TEST_STEP][PASSED] - selectOptionByIndex: All options with index in [2] are selected on object ''

2018-05-30 17:52:44 - [MESSAGE][PASSED] - All options with index in [2] are selected on object ''

2018-05-30 17:52:44 - [TEST_STEP][PASSED] - delay: Delayed 2 second(s)

2018-05-30 17:52:46 - [MESSAGE][PASSED] - Delayed 2 second(s)

2018-05-30 17:52:46 - [TEST_STEP][PASSED] - Statement - batch = new com.kms.katalon.core.testobject.TestObject(): null

2018-05-30 17:52:46 - [TEST_STEP][PASSED] - Statement - batch = com.kms.katalon.core.webui.keyword.WebUiBuiltInKeywords.modifyObjectProperty(batch, "xpath", "equals", "//*[@id = "txtbthqty" + row + ""]", true): Modify property of object successfully

2018-05-30 17:52:46 - [MESSAGE][PASSED] - Modify property of object successfully

2018-05-30 17:52:46 - [TEST_STEP][PASSED] - Statement - batchqty = com.kms.katalon.core.webui.keyword.WebUiBuiltInKeywords.getAttribute(batch, "value").trim(): Attribute 'value' of object '' is: '5000'

2018-05-30 17:52:46 - [MESSAGE][PASSED] - Attribute 'value' of object '' is: '5000'

2018-05-30 17:52:46 - [TEST_STEP][PASSED] - Statement - Rqty = 10000: null

2018-05-30 17:52:46 - [TEST_STEP][PASSED] - Statement - out.println("BatchQty : " + batchqty): null

2018-05-30 17:52:46 - [TEST_STEP][PASSED] - Statement - out.println("RQty : " + Rqty): null

2018-05-30 17:52:46 - [TEST_STEP][PASSED] - Statement - If (java.lang.Integer.valueOf(batchqty) >= java.lang.Integer.valueOf(Rqty)): null

2018-05-30 17:52:46 - [TEST_STEP][PASSED] - Statement - Else: null

2018-05-30 17:52:46 - [TEST_STEP][PASSED] - Statement - out.println("Batchqty Is Less Than Rqty"): null

2018-05-30 17:52:46 - [TEST_STEP][PASSED] - Statement - product = new com.kms.katalon.core.testobject.TestObject(): null

2018-05-30 17:52:46 - [TEST_STEP][PASSED] - Statement - product = com.kms.katalon.core.webui.keyword.WebUiBuiltInKeywords.modifyObjectProperty(product, "xpath", "equals", "//*[@id = "fldvendor" + row + ""]", true): Modify property of object successfully

2018-05-30 17:52:46 - [MESSAGE][PASSED] - Modify property of object successfully

2018-05-30 17:52:46 - [TEST_STEP][PASSED] - selectOptionByIndex: All options with index in [3] are selected on object ''

2018-05-30 17:52:46 - [MESSAGE][PASSED] - All options with index in [3] are selected on object ''

2018-05-30 17:52:46 - [TEST_STEP][PASSED] - delay: Delayed 2 second(s)

2018-05-30 17:52:48 - [MESSAGE][PASSED] - Delayed 2 second(s)

2018-05-30 17:52:48 - [TEST_STEP][PASSED] - Statement - batch = new com.kms.katalon.core.testobject.TestObject(): null

2018-05-30 17:52:48 - [TEST_STEP][PASSED] - Statement - batch = com.kms.katalon.core.webui.keyword.WebUiBuiltInKeywords.modifyObjectProperty(batch, "xpath", "equals", "//*[@id = "txtbthqty" + row + ""]", true): Modify property of object successfully

2018-05-30 17:52:48 - [MESSAGE][PASSED] - Modify property of object successfully

2018-05-30 17:52:48 - [TEST_STEP][PASSED] - Statement - batchqty = com.kms.katalon.core.webui.keyword.WebUiBuiltInKeywords.getAttribute(batch, "value").trim(): Attribute 'value' of object '' is: '5000'

2018-05-30 17:52:48 - [MESSAGE][PASSED] - Attribute 'value' of object '' is: '5000'

2018-05-30 17:52:48 - [TEST_STEP][PASSED] - Statement - Rqty = 10000: null

2018-05-30 17:52:48 - [TEST_STEP][PASSED] - Statement - out.println("BatchQty : " + batchqty): null

2018-05-30 17:52:48 - [TEST_STEP][PASSED] - Statement - out.println("RQty : " + Rqty): null

2018-05-30 17:52:48 - [TEST_STEP][PASSED] - Statement - If (java.lang.Integer.valueOf(batchqty) >= java.lang.Integer.valueOf(Rqty)): null

2018-05-30 17:52:48 - [TEST_STEP][PASSED] - Statement - Else: null

2018-05-30 17:52:48 - [TEST_STEP][PASSED] - Statement - out.println("Batchqty Is Less Than Rqty"): null

2018-05-30 17:52:48 - [TEST_STEP][PASSED] - Statement - product = new com.kms.katalon.core.testobject.TestObject(): null

2018-05-30 17:52:48 - [TEST_STEP][PASSED] - Statement - product = com.kms.katalon.core.webui.keyword.WebUiBuiltInKeywords.modifyObjectProperty(product, "xpath", "equals", "//*[@id = "fldvendor" + row + ""]", true): Modify property of object successfully

2018-05-30 17:52:48 - [MESSAGE][PASSED] - Modify property of object successfully

2018-05-30 17:52:48 - [TEST_STEP][PASSED] - selectOptionByIndex: All options with index in [4] are selected on object ''

2018-05-30 17:52:48 - [MESSAGE][PASSED] - All options with index in [4] are selected on object ''

2018-05-30 17:52:48 - [TEST_STEP][PASSED] - delay: Delayed 2 second(s)

2018-05-30 17:52:50 - [MESSAGE][PASSED] - Delayed 2 second(s)

2018-05-30 17:52:50 - [TEST_STEP][PASSED] - Statement - batch = new com.kms.katalon.core.testobject.TestObject(): null

2018-05-30 17:52:50 - [TEST_STEP][PASSED] - Statement - batch = com.kms.katalon.core.webui.keyword.WebUiBuiltInKeywords.modifyObjectProperty(batch, "xpath", "equals", "//*[@id = "txtbthqty" + row + ""]", true): Modify property of object successfully

2018-05-30 17:52:50 - [MESSAGE][PASSED] - Modify property of object successfully

2018-05-30 17:52:50 - [TEST_STEP][PASSED] - Statement - batchqty = com.kms.katalon.core.webui.keyword.WebUiBuiltInKeywords.getAttribute(batch, "value").trim(): Attribute 'value' of object '' is: '5000'

2018-05-30 17:52:50 - [MESSAGE][PASSED] - Attribute 'value' of object '' is: '5000'

2018-05-30 17:52:50 - [TEST_STEP][PASSED] - Statement - Rqty = 10000: null

2018-05-30 17:52:50 - [TEST_STEP][PASSED] - Statement - out.println("BatchQty : " + batchqty): null

2018-05-30 17:52:50 - [TEST_STEP][PASSED] - Statement - out.println("RQty : " + Rqty): null

2018-05-30 17:52:50 - [TEST_STEP][PASSED] - Statement - If (java.lang.Integer.valueOf(batchqty) >= java.lang.Integer.valueOf(Rqty)): null

2018-05-30 17:52:50 - [TEST_STEP][PASSED] - Statement - Else: null

2018-05-30 17:52:50 - [TEST_STEP][PASSED] - Statement - out.println("Batchqty Is Less Than Rqty"): null

2018-05-30 17:52:50 - [TEST_STEP][PASSED] - Statement - product = new com.kms.katalon.core.testobject.TestObject(): null

2018-05-30 17:52:50 - [TEST_STEP][PASSED] - Statement - product = com.kms.katalon.core.webui.keyword.WebUiBuiltInKeywords.modifyObjectProperty(product, "xpath", "equals", "//*[@id = "fldvendor" + row + ""]", true): Modify property of object successfully

2018-05-30 17:52:50 - [MESSAGE][PASSED] - Modify property of object successfully

2018-05-30 17:52:50 - [TEST_STEP][PASSED] - selectOptionByIndex: All options with index in [5] are selected on object ''

2018-05-30 17:52:50 - [MESSAGE][PASSED] - All options with index in [5] are selected on object ''

2018-05-30 17:52:50 - [TEST_STEP][PASSED] - delay: Delayed 2 second(s)

2018-05-30 17:52:52 - [MESSAGE][PASSED] - Delayed 2 second(s)

2018-05-30 17:52:52 - [TEST_STEP][PASSED] - Statement - batch = new com.kms.katalon.core.testobject.TestObject(): null

2018-05-30 17:52:52 - [TEST_STEP][PASSED] - Statement - batch = com.kms.katalon.core.webui.keyword.WebUiBuiltInKeywords.modifyObjectProperty(batch, "xpath", "equals", "//*[@id = "txtbthqty" + row + ""]", true): Modify property of object successfully

2018-05-30 17:52:52 - [MESSAGE][PASSED] - Modify property of object successfully

2018-05-30 17:52:52 - [TEST_STEP][PASSED] - Statement - batchqty = com.kms.katalon.core.webui.keyword.WebUiBuiltInKeywords.getAttribute(batch, "value").trim(): Attribute 'value' of object '' is: '5000'

2018-05-30 17:52:52 - [MESSAGE][PASSED] - Attribute 'value' of object '' is: '5000'

2018-05-30 17:52:52 - [TEST_STEP][PASSED] - Statement - Rqty = 10000: null

2018-05-30 17:52:52 - [TEST_STEP][PASSED] - Statement - out.println("BatchQty : " + batchqty): null

2018-05-30 17:52:52 - [TEST_STEP][PASSED] - Statement - out.println("RQty : " + Rqty): null

2018-05-30 17:52:52 - [TEST_STEP][PASSED] - Statement - If (java.lang.Integer.valueOf(batchqty) >= java.lang.Integer.valueOf(Rqty)): null

2018-05-30 17:52:52 - [TEST_STEP][PASSED] - Statement - Else: null

2018-05-30 17:52:52 - [TEST_STEP][PASSED] - Statement - out.println("Batchqty Is Less Than Rqty"): null

2018-05-30 17:52:52 - [TEST_STEP][PASSED] - Statement - product = new com.kms.katalon.core.testobject.TestObject(): null

2018-05-30 17:52:52 - [TEST_STEP][PASSED] - Statement - product = com.kms.katalon.core.webui.keyword.WebUiBuiltInKeywords.modifyObjectProperty(product, "xpath", "equals", "//*[@id = "fldvendor" + row + ""]", true): Modify property of object successfully

2018-05-30 17:52:52 - [MESSAGE][PASSED] - Modify property of object successfully

2018-05-30 17:52:52 - [TEST_STEP][PASSED] - selectOptionByIndex: All options with index in [6] are selected on object ''

2018-05-30 17:52:52 - [MESSAGE][PASSED] - All options with index in [6] are selected on object ''

2018-05-30 17:52:52 - [TEST_STEP][PASSED] - delay: Delayed 2 second(s)

2018-05-30 17:52:54 - [MESSAGE][PASSED] - Delayed 2 second(s)

2018-05-30 17:52:54 - [TEST_STEP][PASSED] - Statement - batch = new com.kms.katalon.core.testobject.TestObject(): null

2018-05-30 17:52:54 - [TEST_STEP][PASSED] - Statement - batch = com.kms.katalon.core.webui.keyword.WebUiBuiltInKeywords.modifyObjectProperty(batch, "xpath", "equals", "//*[@id = "txtbthqty" + row + ""]", true): Modify property of object successfully

2018-05-30 17:52:55 - [MESSAGE][PASSED] - Modify property of object successfully

2018-05-30 17:52:55 - [TEST_STEP][PASSED] - Statement - batchqty = com.kms.katalon.core.webui.keyword.WebUiBuiltInKeywords.getAttribute(batch, "value").trim(): Attribute 'value' of object '' is: '5000'

2018-05-30 17:52:55 - [MESSAGE][PASSED] - Attribute 'value' of object '' is: '5000'

2018-05-30 17:52:55 - [TEST_STEP][PASSED] - Statement - Rqty = 10000: null

2018-05-30 17:52:55 - [TEST_STEP][PASSED] - Statement - out.println("BatchQty : " + batchqty): null

2018-05-30 17:52:55 - [TEST_STEP][PASSED] - Statement - out.println("RQty : " + Rqty): null

2018-05-30 17:52:55 - [TEST_STEP][PASSED] - Statement - If (java.lang.Integer.valueOf(batchqty) >= java.lang.Integer.valueOf(Rqty)): null

2018-05-30 17:52:55 - [TEST_STEP][PASSED] - Statement - Else: null

2018-05-30 17:52:55 - [TEST_STEP][PASSED] - Statement - out.println("Batchqty Is Less Than Rqty"): null

2018-05-30 17:52:55 - [TEST_STEP][PASSED] - Statement - product = new com.kms.katalon.core.testobject.TestObject(): null

2018-05-30 17:52:55 - [TEST_STEP][PASSED] - Statement - product = com.kms.katalon.core.webui.keyword.WebUiBuiltInKeywords.modifyObjectProperty(product, "xpath", "equals", "//*[@id = "fldvendor" + row + ""]", true): Modify property of object successfully

2018-05-30 17:52:55 - [MESSAGE][PASSED] - Modify property of object successfully

2018-05-30 17:52:55 - [TEST_STEP][PASSED] - selectOptionByIndex: All options with index in [7] are selected on object ''

2018-05-30 17:52:55 - [MESSAGE][PASSED] - All options with index in [7] are selected on object ''

2018-05-30 17:52:55 - [TEST_STEP][PASSED] - delay: Delayed 2 second(s)

2018-05-30 17:52:57 - [MESSAGE][PASSED] - Delayed 2 second(s)

2018-05-30 17:52:57 - [TEST_STEP][PASSED] - Statement - batch = new com.kms.katalon.core.testobject.TestObject(): null

2018-05-30 17:52:57 - [TEST_STEP][PASSED] - Statement - batch = com.kms.katalon.core.webui.keyword.WebUiBuiltInKeywords.modifyObjectProperty(batch, "xpath", "equals", "//*[@id = "txtbthqty" + row + ""]", true): Modify property of object successfully

2018-05-30 17:52:57 - [MESSAGE][PASSED] - Modify property of object successfully

2018-05-30 17:52:57 - [TEST_STEP][PASSED] - Statement - batchqty = com.kms.katalon.core.webui.keyword.WebUiBuiltInKeywords.getAttribute(batch, "value").trim(): Attribute 'value' of object '' is: '39400'

2018-05-30 17:52:57 - [MESSAGE][PASSED] - Attribute 'value' of object '' is: '39400'

2018-05-30 17:52:57 - [TEST_STEP][PASSED] - Statement - Rqty = 10000: null

2018-05-30 17:52:57 - [TEST_STEP][PASSED] - Statement - out.println("BatchQty : " + batchqty): null

2018-05-30 17:52:57 - [TEST_STEP][PASSED] - Statement - out.println("RQty : " + Rqty): null

2018-05-30 17:52:57 - [TEST_STEP][PASSED] - Statement - If (java.lang.Integer.valueOf(batchqty) >= java.lang.Integer.valueOf(Rqty)): null

2018-05-30 17:52:57 - [TEST_STEP][PASSED] - Statement - Break: null

2018-05-30 17:52:57 - [TEST_STEP][PASSED] - Statement - batchlength = new com.kms.katalon.core.testobject.TestObject(): null

2018-05-30 17:52:57 - [TEST_STEP][PASSED] - Statement - batchlength = com.kms.katalon.core.webui.keyword.WebUiBuiltInKeywords.modifyObjectProperty(batchlength, "xpath", "equals", "//*[@id = "fldvendor" + row + ""]", true): Modify property of object successfully

2018-05-30 17:52:57 - [MESSAGE][PASSED] - Modify property of object successfully

2018-05-30 17:52:57 - [TEST_STEP][PASSED] - Statement - batchsize = com.kms.katalon.core.webui.keyword.WebUiBuiltInKeywords.getNumberOfTotalOption(batchlength): 11 options of object '' counted

2018-05-30 17:52:57 - [MESSAGE][PASSED] - 11 options of object '' counted

2018-05-30 17:52:57 - [TEST_STEP][PASSED] - Statement - out.println("BatchSize : " + batchsize): null

2018-05-30 17:52:57 - [TEST_STEP][PASSED] - Statement - For ([n = 1, n <= batchsize - 1, (n++)]): null

2018-05-30 17:52:57 - [TEST_STEP][PASSED] - Statement - product = new com.kms.katalon.core.testobject.TestObject(): null

2018-05-30 17:52:57 - [TEST_STEP][PASSED] - Statement - product = com.kms.katalon.core.webui.keyword.WebUiBuiltInKeywords.modifyObjectProperty(product, "xpath", "equals", "//*[@id = "fldvendor" + row + ""]", true): Modify property of object successfully

2018-05-30 17:52:57 - [MESSAGE][PASSED] - Modify property of object successfully

2018-05-30 17:52:57 - [TEST_STEP][PASSED] - selectOptionByIndex: All options with index in [1] are selected on object ''

2018-05-30 17:52:57 - [MESSAGE][PASSED] - All options with index in [1] are selected on object ''

2018-05-30 17:52:57 - [TEST_STEP][PASSED] - delay: Delayed 2 second(s)

2018-05-30 17:52:59 - [MESSAGE][PASSED] - Delayed 2 second(s)

2018-05-30 17:52:59 - [TEST_STEP][PASSED] - Statement - batch = new com.kms.katalon.core.testobject.TestObject(): null

2018-05-30 17:52:59 - [TEST_STEP][PASSED] - Statement - batch = com.kms.katalon.core.webui.keyword.WebUiBuiltInKeywords.modifyObjectProperty(batch, "xpath", "equals", "//*[@id = "txtbthqty" + row + ""]", true): Modify property of object successfully

2018-05-30 17:52:59 - [MESSAGE][PASSED] - Modify property of object successfully

2018-05-30 17:52:59 - [TEST_STEP][PASSED] - Statement - batchqty = com.kms.katalon.core.webui.keyword.WebUiBuiltInKeywords.getAttribute(batch, "value").trim(): Attribute 'value' of object '' is: '4000'

2018-05-30 17:52:59 - [MESSAGE][PASSED] - Attribute 'value' of object '' is: '4000'

2018-05-30 17:52:59 - [TEST_STEP][PASSED] - Statement - Rqty = 10000: null

2018-05-30 17:52:59 - [TEST_STEP][PASSED] - Statement - out.println("BatchQty : " + batchqty): null

2018-05-30 17:52:59 - [TEST_STEP][PASSED] - Statement - out.println("RQty : " + Rqty): null

2018-05-30 17:52:59 - [TEST_STEP][PASSED] - Statement - If (java.lang.Integer.valueOf(batchqty) >= java.lang.Integer.valueOf(Rqty)): null

2018-05-30 17:52:59 - [TEST_STEP][PASSED] - Statement - Else: null

2018-05-30 17:52:59 - [TEST_STEP][PASSED] - Statement - out.println("Batchqty Is Less Than Rqty"): null

2018-05-30 17:52:59 - [TEST_STEP][PASSED] - Statement - product = new com.kms.katalon.core.testobject.TestObject(): null

2018-05-30 17:52:59 - [TEST_STEP][PASSED] - Statement - product = com.kms.katalon.core.webui.keyword.WebUiBuiltInKeywords.modifyObjectProperty(product, "xpath", "equals", "//*[@id = "fldvendor" + row + ""]", true): Modify property of object successfully

2018-05-30 17:52:59 - [MESSAGE][PASSED] - Modify property of object successfully

2018-05-30 17:52:59 - [TEST_STEP][PASSED] - selectOptionByIndex: All options with index in [2] are selected on object ''

2018-05-30 17:52:59 - [MESSAGE][PASSED] - All options with index in [2] are selected on object ''

2018-05-30 17:52:59 - [TEST_STEP][PASSED] - delay: Delayed 2 second(s)

2018-05-30 17:53:01 - [MESSAGE][PASSED] - Delayed 2 second(s)

2018-05-30 17:53:01 - [TEST_STEP][PASSED] - Statement - batch = new com.kms.katalon.core.testobject.TestObject(): null

2018-05-30 17:53:01 - [TEST_STEP][PASSED] - Statement - batch = com.kms.katalon.core.webui.keyword.WebUiBuiltInKeywords.modifyObjectProperty(batch, "xpath", "equals", "//*[@id = "txtbthqty" + row + ""]", true): Modify property of object successfully

2018-05-30 17:53:01 - [MESSAGE][PASSED] - Modify property of object successfully

2018-05-30 17:53:01 - [TEST_STEP][PASSED] - Statement - batchqty = com.kms.katalon.core.webui.keyword.WebUiBuiltInKeywords.getAttribute(batch, "value").trim(): Attribute 'value' of object '' is: '50'

2018-05-30 17:53:01 - [MESSAGE][PASSED] - Attribute 'value' of object '' is: '50'

2018-05-30 17:53:01 - [TEST_STEP][PASSED] - Statement - Rqty = 10000: null

2018-05-30 17:53:01 - [TEST_STEP][PASSED] - Statement - out.println("BatchQty : " + batchqty): null

2018-05-30 17:53:01 - [TEST_STEP][PASSED] - Statement - out.println("RQty : " + Rqty): null

2018-05-30 17:53:01 - [TEST_STEP][PASSED] - Statement - If (java.lang.Integer.valueOf(batchqty) >= java.lang.Integer.valueOf(Rqty)): null

2018-05-30 17:53:01 - [TEST_STEP][PASSED] - Statement - Else: null

2018-05-30 17:53:01 - [TEST_STEP][PASSED] - Statement - out.println("Batchqty Is Less Than Rqty"): null

2018-05-30 17:53:01 - [TEST_STEP][PASSED] - Statement - product = new com.kms.katalon.core.testobject.TestObject(): null

2018-05-30 17:53:01 - [TEST_STEP][PASSED] - Statement - product = com.kms.katalon.core.webui.keyword.WebUiBuiltInKeywords.modifyObjectProperty(product, "xpath", "equals", "//*[@id = "fldvendor" + row + ""]", true): Modify property of object successfully

2018-05-30 17:53:01 - [MESSAGE][PASSED] - Modify property of object successfully

2018-05-30 17:53:01 - [TEST_STEP][PASSED] - selectOptionByIndex: All options with index in [3] are selected on object ''

2018-05-30 17:53:01 - [MESSAGE][PASSED] - All options with index in [3] are selected on object ''

2018-05-30 17:53:01 - [TEST_STEP][PASSED] - delay: Delayed 2 second(s)

2018-05-30 17:53:03 - [MESSAGE][PASSED] - Delayed 2 second(s)

2018-05-30 17:53:03 - [TEST_STEP][PASSED] - Statement - batch = new com.kms.katalon.core.testobject.TestObject(): null

2018-05-30 17:53:03 - [TEST_STEP][PASSED] - Statement - batch = com.kms.katalon.core.webui.keyword.WebUiBuiltInKeywords.modifyObjectProperty(batch, "xpath", "equals", "//*[@id = "txtbthqty" + row + ""]", true): Modify property of object successfully

2018-05-30 17:53:03 - [MESSAGE][PASSED] - Modify property of object successfully

2018-05-30 17:53:03 - [TEST_STEP][PASSED] - Statement - batchqty = com.kms.katalon.core.webui.keyword.WebUiBuiltInKeywords.getAttribute(batch, "value").trim(): Attribute 'value' of object '' is: '300'

2018-05-30 17:53:03 - [MESSAGE][PASSED] - Attribute 'value' of object '' is: '300'

2018-05-30 17:53:03 - [TEST_STEP][PASSED] - Statement - Rqty = 10000: null

2018-05-30 17:53:03 - [TEST_STEP][PASSED] - Statement - out.println("BatchQty : " + batchqty): null

2018-05-30 17:53:03 - [TEST_STEP][PASSED] - Statement - out.println("RQty : " + Rqty): null

2018-05-30 17:53:03 - [TEST_STEP][PASSED] - Statement - If (java.lang.Integer.valueOf(batchqty) >= java.lang.Integer.valueOf(Rqty)): null

2018-05-30 17:53:03 - [TEST_STEP][PASSED] - Statement - Else: null

2018-05-30 17:53:03 - [TEST_STEP][PASSED] - Statement - out.println("Batchqty Is Less Than Rqty"): null

2018-05-30 17:53:03 - [TEST_STEP][PASSED] - Statement - product = new com.kms.katalon.core.testobject.TestObject(): null

2018-05-30 17:53:03 - [TEST_STEP][PASSED] - Statement - product = com.kms.katalon.core.webui.keyword.WebUiBuiltInKeywords.modifyObjectProperty(product, "xpath", "equals", "//*[@id = "fldvendor" + row + ""]", true): Modify property of object successfully

2018-05-30 17:53:03 - [MESSAGE][PASSED] - Modify property of object successfully

2018-05-30 17:53:03 - [TEST_STEP][PASSED] - selectOptionByIndex: All options with index in [4] are selected on object ''

2018-05-30 17:53:03 - [MESSAGE][PASSED] - All options with index in [4] are selected on object ''

2018-05-30 17:53:03 - [TEST_STEP][PASSED] - delay: Delayed 2 second(s)

2018-05-30 17:53:05 - [MESSAGE][PASSED] - Delayed 2 second(s)

2018-05-30 17:53:05 - [TEST_STEP][PASSED] - Statement - batch = new com.kms.katalon.core.testobject.TestObject(): null

2018-05-30 17:53:05 - [TEST_STEP][PASSED] - Statement - batch = com.kms.katalon.core.webui.keyword.WebUiBuiltInKeywords.modifyObjectProperty(batch, "xpath", "equals", "//*[@id = "txtbthqty" + row + ""]", true): Modify property of object successfully

2018-05-30 17:53:05 - [MESSAGE][PASSED] - Modify property of object successfully

2018-05-30 17:53:05 - [TEST_STEP][PASSED] - Statement - batchqty = com.kms.katalon.core.webui.keyword.WebUiBuiltInKeywords.getAttribute(batch, "value").trim(): Attribute 'value' of object '' is: '5000'

2018-05-30 17:53:05 - [MESSAGE][PASSED] - Attribute 'value' of object '' is: '5000'

2018-05-30 17:53:05 - [TEST_STEP][PASSED] - Statement - Rqty = 10000: null

2018-05-30 17:53:05 - [TEST_STEP][PASSED] - Statement - out.println("BatchQty : " + batchqty): null

2018-05-30 17:54:01 - [TEST_STEP][PASSED] - Statement - out.println("RQty : " + Rqty): null

2018-05-30 17:54:01 - [TEST_STEP][PASSED] - Statement - If (java.lang.Integer.valueOf(batchqty) >= java.lang.Integer.valueOf(Rqty)): null

2018-05-30 17:54:01 - [TEST_STEP][PASSED] - Statement - Else: null

2018-05-30 17:54:01 - [TEST_STEP][PASSED] - Statement - out.println("Batchqty Is Less Than Rqty"): null

2018-05-30 17:54:01 - [TEST_STEP][PASSED] - Statement - product = new com.kms.katalon.core.testobject.TestObject(): null

2018-05-30 17:54:01 - [TEST_STEP][PASSED] - Statement - product = com.kms.katalon.core.webui.keyword.WebUiBuiltInKeywords.modifyObjectProperty(product, "xpath", "equals", "//*[@id = "fldvendor" + row + ""]", true): Modify property of object successfully

2018-05-30 17:54:01 - [MESSAGE][PASSED] - Modify property of object successfully

2018-05-30 17:54:01 - [TEST_STEP][PASSED] - selectOptionByIndex: All options with index in [5] are selected on object ''

2018-05-30 17:54:01 - [MESSAGE][PASSED] - All options with index in [5] are selected on object ''

2018-05-30 17:54:01 - [TEST_STEP][PASSED] - delay: Delayed 2 second(s)

2018-05-30 17:54:03 - [MESSAGE][PASSED] - Delayed 2 second(s)

2018-05-30 17:54:03 - [TEST_STEP][PASSED] - Statement - batch = new com.kms.katalon.core.testobject.TestObject(): null

2018-05-30 17:54:03 - [TEST_STEP][PASSED] - Statement - batch = com.kms.katalon.core.webui.keyword.WebUiBuiltInKeywords.modifyObjectProperty(batch, "xpath", "equals", "//*[@id = "txtbthqty" + row + ""]", true): Modify property of object successfully

2018-05-30 17:54:03 - [MESSAGE][PASSED] - Modify property of object successfully

2018-05-30 17:54:03 - [TEST_STEP][PASSED] - Statement - batchqty = com.kms.katalon.core.webui.keyword.WebUiBuiltInKeywords.getAttribute(batch, "value").trim(): Attribute 'value' of object '' is: '5000'

2018-05-30 17:54:03 - [MESSAGE][PASSED] - Attribute 'value' of object '' is: '5000'

2018-05-30 17:54:03 - [TEST_STEP][PASSED] - Statement - Rqty = 10000: null

2018-05-30 17:54:03 - [TEST_STEP][PASSED] - Statement - out.println("BatchQty : " + batchqty): null

2018-05-30 17:54:03 - [TEST_STEP][PASSED] - Statement - out.println("RQty : " + Rqty): null

2018-05-30 17:54:03 - [TEST_STEP][PASSED] - Statement - If (java.lang.Integer.valueOf(batchqty) >= java.lang.Integer.valueOf(Rqty)): null

2018-05-30 17:54:03 - [TEST_STEP][PASSED] - Statement - Else: null

2018-05-30 17:54:03 - [TEST_STEP][PASSED] - Statement - out.println("Batchqty Is Less Than Rqty"): null

2018-05-30 17:54:03 - [TEST_STEP][PASSED] - Statement - product = new com.kms.katalon.core.testobject.TestObject(): null

2018-05-30 17:54:03 - [TEST_STEP][PASSED] - Statement - product = com.kms.katalon.core.webui.keyword.WebUiBuiltInKeywords.modifyObjectProperty(product, "xpath", "equals", "//*[@id = "fldvendor" + row + ""]", true): Modify property of object successfully

2018-05-30 17:54:03 - [MESSAGE][PASSED] - Modify property of object successfully

2018-05-30 17:54:03 - [TEST_STEP][PASSED] - selectOptionByIndex: All options with index in [6] are selected on object ''

2018-05-30 17:54:03 - [MESSAGE][PASSED] - All options with index in [6] are selected on object ''

2018-05-30 17:54:03 - [TEST_STEP][PASSED] - delay: Delayed 2 second(s)

2018-05-30 17:54:05 - [MESSAGE][PASSED] - Delayed 2 second(s)

2018-05-30 17:54:05 - [TEST_STEP][PASSED] - Statement - batch = new com.kms.katalon.core.testobject.TestObject(): null

2018-05-30 17:54:05 - [TEST_STEP][PASSED] - Statement - batch = com.kms.katalon.core.webui.keyword.WebUiBuiltInKeywords.modifyObjectProperty(batch, "xpath", "equals", "//*[@id = "txtbthqty" + row + ""]", true): Modify property of object successfully

2018-05-30 17:54:05 - [MESSAGE][PASSED] - Modify property of object successfully

2018-05-30 17:54:05 - [TEST_STEP][PASSED] - Statement - batchqty = com.kms.katalon.core.webui.keyword.WebUiBuiltInKeywords.getAttribute(batch, "value").trim(): Attribute 'value' of object '' is: '39400'

2018-05-30 17:54:05 - [MESSAGE][PASSED] - Attribute 'value' of object '' is: '39400'

2018-05-30 17:54:05 - [TEST_STEP][PASSED] - Statement - Rqty = 10000: null

2018-05-30 17:54:05 - [TEST_STEP][PASSED] - Statement - out.println("BatchQty : " + batchqty): null

2018-05-30 17:54:05 - [TEST_STEP][PASSED] - Statement - out.println("RQty : " + Rqty): null

2018-05-30 17:54:05 - [TEST_STEP][PASSED] - Statement - If (java.lang.Integer.valueOf(batchqty) >= java.lang.Integer.valueOf(Rqty)): null

2018-05-30 17:54:05 - [TEST_STEP][PASSED] - Statement - Break: null

2018-05-30 17:54:05 - [TEST_STEP][PASSED] - Statement - batchlength = new com.kms.katalon.core.testobject.TestObject(): null

2018-05-30 17:54:05 - [TEST_STEP][PASSED] - Statement - batchlength = com.kms.katalon.core.webui.keyword.WebUiBuiltInKeywords.modifyObjectProperty(batchlength, "xpath", "equals", "//*[@id = "fldvendor" + row + ""]", true): Modify property of object successfully

2018-05-30 17:54:05 - [MESSAGE][PASSED] - Modify property of object successfully

2018-05-30 17:54:05 - [TEST_STEP][PASSED] - Statement - batchsize = com.kms.katalon.core.webui.keyword.WebUiBuiltInKeywords.getNumberOfTotalOption(batchlength): 9 options of object '' counted

2018-05-30 17:54:05 - [MESSAGE][PASSED] - 9 options of object '' counted

2018-05-30 17:54:05 - [TEST_STEP][PASSED] - Statement - out.println("BatchSize : " + batchsize): null

2018-05-30 17:54:05 - [TEST_STEP][PASSED] - Statement - For ([n = 1, n <= batchsize - 1, (n++)]): null

2018-05-30 17:54:05 - [TEST_STEP][PASSED] - Statement - product = new com.kms.katalon.core.testobject.TestObject(): null

2018-05-30 17:54:05 - [TEST_STEP][PASSED] - Statement - product = com.kms.katalon.core.webui.keyword.WebUiBuiltInKeywords.modifyObjectProperty(product, "xpath", "equals", "//*[@id = "fldvendor" + row + ""]", true): Modify property of object successfully

2018-05-30 17:54:05 - [MESSAGE][PASSED] - Modify property of object successfully

2018-05-30 17:54:05 - [TEST_STEP][PASSED] - selectOptionByIndex: All options with index in [1] are selected on object ''

2018-05-30 17:54:06 - [MESSAGE][PASSED] - All options with index in [1] are selected on object ''

2018-05-30 17:54:06 - [TEST_STEP][PASSED] - delay: Delayed 2 second(s)

2018-05-30 17:54:08 - [MESSAGE][PASSED] - Delayed 2 second(s)

2018-05-30 17:54:08 - [TEST_STEP][PASSED] - Statement - batch = new com.kms.katalon.core.testobject.TestObject(): null

2018-05-30 17:54:08 - [TEST_STEP][PASSED] - Statement - batch = com.kms.katalon.core.webui.keyword.WebUiBuiltInKeywords.modifyObjectProperty(batch, "xpath", "equals", "//*[@id = "txtbthqty" + row + ""]", true): Modify property of object successfully

2018-05-30 17:54:08 - [MESSAGE][PASSED] - Modify property of object successfully

2018-05-30 17:54:08 - [TEST_STEP][PASSED] - Statement - batchqty = com.kms.katalon.core.webui.keyword.WebUiBuiltInKeywords.getAttribute(batch, "value").trim(): Attribute 'value' of object '' is: '4500'

2018-05-30 17:54:08 - [MESSAGE][PASSED] - Attribute 'value' of object '' is: '4500'

2018-05-30 17:54:08 - [TEST_STEP][PASSED] - Statement - Rqty = 10000: null

2018-05-30 17:54:08 - [TEST_STEP][PASSED] - Statement - out.println("BatchQty : " + batchqty): null

2018-05-30 17:54:08 - [TEST_STEP][PASSED] - Statement - out.println("RQty : " + Rqty): null

2018-05-30 17:54:08 - [TEST_STEP][PASSED] - Statement - If (java.lang.Integer.valueOf(batchqty) >= java.lang.Integer.valueOf(Rqty)): null

2018-05-30 17:54:08 - [TEST_STEP][PASSED] - Statement - Else: null

2018-05-30 17:54:08 - [TEST_STEP][PASSED] - Statement - out.println("Batchqty Is Less Than Rqty"): null

2018-05-30 17:54:08 - [TEST_STEP][PASSED] - Statement - product = new com.kms.katalon.core.testobject.TestObject(): null

2018-05-30 17:54:08 - [TEST_STEP][PASSED] - Statement - product = com.kms.katalon.core.webui.keyword.WebUiBuiltInKeywords.modifyObjectProperty(product, "xpath", "equals", "//*[@id = "fldvendor" + row + ""]", true): Modify property of object successfully

2018-05-30 17:54:08 - [MESSAGE][PASSED] - Modify property of object successfully

2018-05-30 17:54:08 - [TEST_STEP][PASSED] - selectOptionByIndex: All options with index in [2] are selected on object ''

2018-05-30 17:54:08 - [MESSAGE][PASSED] - All options with index in [2] are selected on object ''

2018-05-30 17:54:08 - [TEST_STEP][PASSED] - delay: Delayed 2 second(s)

2018-05-30 17:54:10 - [MESSAGE][PASSED] - Delayed 2 second(s)

2018-05-30 17:54:10 - [TEST_STEP][PASSED] - Statement - batch = new com.kms.katalon.core.testobject.TestObject(): null

2018-05-30 17:54:10 - [TEST_STEP][PASSED] - Statement - batch = com.kms.katalon.core.webui.keyword.WebUiBuiltInKeywords.modifyObjectProperty(batch, "xpath", "equals", "//*[@id = "txtbthqty" + row + ""]", true): Modify property of object successfully

2018-05-30 17:54:10 - [MESSAGE][PASSED] - Modify property of object successfully

2018-05-30 17:54:10 - [TEST_STEP][PASSED] - Statement - batchqty = com.kms.katalon.core.webui.keyword.WebUiBuiltInKeywords.getAttribute(batch, "value").trim(): Attribute 'value' of object '' is: '5000'

2018-05-30 17:54:10 - [MESSAGE][PASSED] - Attribute 'value' of object '' is: '5000'

2018-05-30 17:54:10 - [TEST_STEP][PASSED] - Statement - Rqty = 10000: null

2018-05-30 17:54:10 - [TEST_STEP][PASSED] - Statement - out.println("BatchQty : " + batchqty): null

2018-05-30 17:54:23 - [TEST_STEP][PASSED] - Statement - out.println("RQty : " + Rqty): null

2018-05-30 17:54:23 - [TEST_STEP][PASSED] - Statement - If (java.lang.Integer.valueOf(batchqty) >= java.lang.Integer.valueOf(Rqty)): null

2018-05-30 17:54:23 - [TEST_STEP][PASSED] - Statement - Else: null

2018-05-30 17:54:23 - [TEST_STEP][PASSED] - Statement - out.println("Batchqty Is Less Than Rqty"): null

2018-05-30 17:54:23 - [TEST_STEP][PASSED] - Statement - product = new com.kms.katalon.core.testobject.TestObject(): null

2018-05-30 17:54:23 - [TEST_STEP][PASSED] - Statement - product = com.kms.katalon.core.webui.keyword.WebUiBuiltInKeywords.modifyObjectProperty(product, "xpath", "equals", "//*[@id = "fldvendor" + row + ""]", true): Modify property of object successfully

2018-05-30 17:54:23 - [MESSAGE][PASSED] - Modify property of object successfully

2018-05-30 17:54:23 - [TEST_STEP][PASSED] - selectOptionByIndex: All options with index in [3] are selected on object ''

2018-05-30 17:54:23 - [MESSAGE][PASSED] - All options with index in [3] are selected on object ''

2018-05-30 17:54:23 - [TEST_STEP][PASSED] - delay: Delayed 2 second(s)

2018-05-30 17:54:25 - [MESSAGE][PASSED] - Delayed 2 second(s)

2018-05-30 17:54:25 - [TEST_STEP][PASSED] - Statement - batch = new com.kms.katalon.core.testobject.TestObject(): null

2018-05-30 17:54:25 - [TEST_STEP][PASSED] - Statement - batch = com.kms.katalon.core.webui.keyword.WebUiBuiltInKeywords.modifyObjectProperty(batch, "xpath", "equals", "//*[@id = "txtbthqty" + row + ""]", true): Modify property of object successfully

2018-05-30 17:54:25 - [MESSAGE][PASSED] - Modify property of object successfully

2018-05-30 17:54:25 - [TEST_STEP][PASSED] - Statement - batchqty = com.kms.katalon.core.webui.keyword.WebUiBuiltInKeywords.getAttribute(batch, "value").trim(): Attribute 'value' of object '' is: '5000'

2018-05-30 17:54:25 - [MESSAGE][PASSED] - Attribute 'value' of object '' is: '5000'

2018-05-30 17:54:25 - [TEST_STEP][PASSED] - Statement - Rqty = 10000: null

2018-05-30 17:54:25 - [TEST_STEP][PASSED] - Statement - out.println("BatchQty : " + batchqty): null

2018-05-30 17:54:25 - [TEST_STEP][PASSED] - Statement - out.println("RQty : " + Rqty): null

2018-05-30 17:54:25 - [TEST_STEP][PASSED] - Statement - If (java.lang.Integer.valueOf(batchqty) >= java.lang.Integer.valueOf(Rqty)): null

2018-05-30 17:54:25 - [TEST_STEP][PASSED] - Statement - Else: null

2018-05-30 17:54:25 - [TEST_STEP][PASSED] - Statement - out.println("Batchqty Is Less Than Rqty"): null

2018-05-30 17:54:25 - [TEST_STEP][PASSED] - Statement - product = new com.kms.katalon.core.testobject.TestObject(): null

2018-05-30 17:54:25 - [TEST_STEP][PASSED] - Statement - product = com.kms.katalon.core.webui.keyword.WebUiBuiltInKeywords.modifyObjectProperty(product, "xpath", "equals", "//*[@id = "fldvendor" + row + ""]", true): Modify property of object successfully

2018-05-30 17:54:25 - [MESSAGE][PASSED] - Modify property of object successfully

2018-05-30 17:54:25 - [TEST_STEP][PASSED] - selectOptionByIndex: All options with index in [4] are selected on object ''

2018-05-30 17:54:26 - [MESSAGE][PASSED] - All options with index in [4] are selected on object ''

2018-05-30 17:54:26 - [TEST_STEP][PASSED] - delay: Delayed 2 second(s)

2018-05-30 17:54:28 - [MESSAGE][PASSED] - Delayed 2 second(s)

2018-05-30 17:54:28 - [TEST_STEP][PASSED] - Statement - batch = new com.kms.katalon.core.testobject.TestObject(): null

2018-05-30 17:54:28 - [TEST_STEP][PASSED] - Statement - batch = com.kms.katalon.core.webui.keyword.WebUiBuiltInKeywords.modifyObjectProperty(batch, "xpath", "equals", "//*[@id = "txtbthqty" + row + ""]", true): Modify property of object successfully

2018-05-30 17:54:28 - [MESSAGE][PASSED] - Modify property of object successfully

2018-05-30 17:54:28 - [TEST_STEP][PASSED] - Statement - batchqty = com.kms.katalon.core.webui.keyword.WebUiBuiltInKeywords.getAttribute(batch, "value").trim(): Attribute 'value' of object '' is: '5000'

2018-05-30 17:54:28 - [MESSAGE][PASSED] - Attribute 'value' of object '' is: '5000'

2018-05-30 17:54:28 - [TEST_STEP][PASSED] - Statement - Rqty = 10000: null

2018-05-30 17:54:28 - [TEST_STEP][PASSED] - Statement - out.println("BatchQty : " + batchqty): null

2018-05-30 17:54:28 - [TEST_STEP][PASSED] - Statement - out.println("RQty : " + Rqty): null

2018-05-30 17:54:28 - [TEST_STEP][PASSED] - Statement - If (java.lang.Integer.valueOf(batchqty) >= java.lang.Integer.valueOf(Rqty)): null

2018-05-30 17:54:28 - [TEST_STEP][PASSED] - Statement - Else: null

2018-05-30 17:54:28 - [TEST_STEP][PASSED] - Statement - out.println("Batchqty Is Less Than Rqty"): null

2018-05-30 17:54:28 - [TEST_STEP][PASSED] - Statement - product = new com.kms.katalon.core.testobject.TestObject(): null

2018-05-30 17:54:28 - [TEST_STEP][PASSED] - Statement - product = com.kms.katalon.core.webui.keyword.WebUiBuiltInKeywords.modifyObjectProperty(product, "xpath", "equals", "//*[@id = "fldvendor" + row + ""]", true): Modify property of object successfully

2018-05-30 17:54:28 - [MESSAGE][PASSED] - Modify property of object successfully

2018-05-30 17:54:28 - [TEST_STEP][PASSED] - selectOptionByIndex: All options with index in [5] are selected on object ''

2018-05-30 17:54:28 - [MESSAGE][PASSED] - All options with index in [5] are selected on object ''

2018-05-30 17:54:28 - [TEST_STEP][PASSED] - delay: Delayed 2 second(s)

2018-05-30 17:54:30 - [MESSAGE][PASSED] - Delayed 2 second(s)

2018-05-30 17:54:30 - [TEST_STEP][PASSED] - Statement - batch = new com.kms.katalon.core.testobject.TestObject(): null

2018-05-30 17:54:30 - [TEST_STEP][PASSED] - Statement - batch = com.kms.katalon.core.webui.keyword.WebUiBuiltInKeywords.modifyObjectProperty(batch, "xpath", "equals", "//*[@id = "txtbthqty" + row + ""]", true): Modify property of object successfully

2018-05-30 17:54:30 - [MESSAGE][PASSED] - Modify property of object successfully

2018-05-30 17:54:30 - [TEST_STEP][PASSED] - Statement - batchqty = com.kms.katalon.core.webui.keyword.WebUiBuiltInKeywords.getAttribute(batch, "value").trim(): Attribute 'value' of object '' is: '39400'

2018-05-30 17:54:30 - [MESSAGE][PASSED] - Attribute 'value' of object '' is: '39400'

2018-05-30 17:54:30 - [TEST_STEP][PASSED] - Statement - Rqty = 10000: null

2018-05-30 17:54:30 - [TEST_STEP][PASSED] - Statement - out.println("BatchQty : " + batchqty): null

2018-05-30 17:54:30 - [TEST_STEP][PASSED] - Statement - out.println("RQty : " + Rqty): null

2018-05-30 17:54:30 - [TEST_STEP][PASSED] - Statement - If (java.lang.Integer.valueOf(batchqty) >= java.lang.Integer.valueOf(Rqty)): null

2018-05-30 17:54:30 - [TEST_STEP][PASSED] - Statement - Break: null

2018-05-30 17:54:30 - [TEST_STEP][PASSED] - Statement - batchlength = new com.kms.katalon.core.testobject.TestObject(): null

2018-05-30 17:54:30 - [TEST_STEP][PASSED] - Statement - batchlength = com.kms.katalon.core.webui.keyword.WebUiBuiltInKeywords.modifyObjectProperty(batchlength, "xpath", "equals", "//*[@id = "fldvendor" + row + ""]", true): Modify property of object successfully

2018-05-30 17:54:30 - [MESSAGE][PASSED] - Modify property of object successfully

2018-05-30 17:54:30 - [TEST_STEP][PASSED] - Statement - batchsize = com.kms.katalon.core.webui.keyword.WebUiBuiltInKeywords.getNumberOfTotalOption(batchlength): 10 options of object '' counted

2018-05-30 17:54:30 - [MESSAGE][PASSED] - 10 options of object '' counted

2018-05-30 17:54:30 - [TEST_STEP][PASSED] - Statement - out.println("BatchSize : " + batchsize): null

2018-05-30 17:54:30 - [TEST_STEP][PASSED] - Statement - For ([n = 1, n <= batchsize - 1, (n++)]): null

2018-05-30 17:54:30 - [TEST_STEP][PASSED] - Statement - product = new com.kms.katalon.core.testobject.TestObject(): null

2018-05-30 17:54:30 - [TEST_STEP][PASSED] - Statement - product = com.kms.katalon.core.webui.keyword.WebUiBuiltInKeywords.modifyObjectProperty(product, "xpath", "equals", "//*[@id = "fldvendor" + row + ""]", true): Modify property of object successfully

2018-05-30 17:54:30 - [MESSAGE][PASSED] - Modify property of object successfully

2018-05-30 17:54:30 - [TEST_STEP][PASSED] - selectOptionByIndex: All options with index in [1] are selected on object ''

2018-05-30 17:54:30 - [MESSAGE][PASSED] - All options with index in [1] are selected on object ''

2018-05-30 17:54:30 - [TEST_STEP][PASSED] - delay: Delayed 2 second(s)

2018-05-30 17:54:32 - [MESSAGE][PASSED] - Delayed 2 second(s)

2018-05-30 17:54:32 - [TEST_STEP][PASSED] - Statement - batch = new com.kms.katalon.core.testobject.TestObject(): null

2018-05-30 17:54:32 - [TEST_STEP][PASSED] - Statement - batch = com.kms.katalon.core.webui.keyword.WebUiBuiltInKeywords.modifyObjectProperty(batch, "xpath", "equals", "//*[@id = "txtbthqty" + row + ""]", true): Modify property of object successfully

2018-05-30 17:54:32 - [MESSAGE][PASSED] - Modify property of object successfully

2018-05-30 17:54:32 - [TEST_STEP][PASSED] - Statement - batchqty = com.kms.katalon.core.webui.keyword.WebUiBuiltInKeywords.getAttribute(batch, "value").trim(): Attribute 'value' of object '' is: '33900'

2018-05-30 17:54:32 - [MESSAGE][PASSED] - Attribute 'value' of object '' is: '33900'

2018-05-30 17:54:32 - [TEST_STEP][PASSED] - Statement - Rqty = 10000: null

2018-05-30 17:54:32 - [TEST_STEP][PASSED] - Statement - out.println("BatchQty : " + batchqty): null

2018-05-30 17:54:32 - [TEST_STEP][PASSED] - Statement - out.println("RQty : " + Rqty): null

2018-05-30 17:54:32 - [TEST_STEP][PASSED] - Statement - If (java.lang.Integer.valueOf(batchqty) >= java.lang.Integer.valueOf(Rqty)): null

2018-05-30 17:54:32 - [TEST_STEP][PASSED] - Statement - Break: null

2018-05-30 17:54:32 - [TEST_STEP][PASSED] - Statement - batchlength = new com.kms.katalon.core.testobject.TestObject(): null

2018-05-30 17:54:32 - [TEST_STEP][PASSED] - Statement - batchlength = com.kms.katalon.core.webui.keyword.WebUiBuiltInKeywords.modifyObjectProperty(batchlength, "xpath", "equals", "//*[@id = "fldvendor" + row + ""]", true): Modify property of object successfully

2018-05-30 17:54:32 - [MESSAGE][PASSED] - Modify property of object successfully

2018-05-30 17:54:32 - [TEST_STEP][PASSED] - Statement - batchsize = com.kms.katalon.core.webui.keyword.WebUiBuiltInKeywords.getNumberOfTotalOption(batchlength): 10 options of object '' counted

2018-05-30 17:54:32 - [MESSAGE][PASSED] - 10 options of object '' counted

2018-05-30 17:54:32 - [TEST_STEP][PASSED] - Statement - out.println("BatchSize : " + batchsize): null

2018-05-30 17:54:32 - [TEST_STEP][PASSED] - Statement - For ([n = 1, n <= batchsize - 1, (n++)]): null

2018-05-30 17:54:32 - [TEST_STEP][PASSED] - Statement - product = new com.kms.katalon.core.testobject.TestObject(): null

2018-05-30 17:54:32 - [TEST_STEP][PASSED] - Statement - product = com.kms.katalon.core.webui.keyword.WebUiBuiltInKeywords.modifyObjectProperty(product, "xpath", "equals", "//*[@id = "fldvendor" + row + ""]", true): Modify property of object successfully

2018-05-30 17:54:32 - [MESSAGE][PASSED] - Modify property of object successfully

2018-05-30 17:54:32 - [TEST_STEP][PASSED] - selectOptionByIndex: All options with index in [1] are selected on object ''

2018-05-30 17:54:32 - [MESSAGE][PASSED] - All options with index in [1] are selected on object ''

2018-05-30 17:54:32 - [TEST_STEP][PASSED] - delay: Delayed 2 second(s)

2018-05-30 17:54:34 - [MESSAGE][PASSED] - Delayed 2 second(s)

2018-05-30 17:54:34 - [TEST_STEP][PASSED] - Statement - batch = new com.kms.katalon.core.testobject.TestObject(): null

2018-05-30 17:54:34 - [TEST_STEP][PASSED] - Statement - batch = com.kms.katalon.core.webui.keyword.WebUiBuiltInKeywords.modifyObjectProperty(batch, "xpath", "equals", "//*[@id = "txtbthqty" + row + ""]", true): Modify property of object successfully

2018-05-30 17:54:34 - [MESSAGE][PASSED] - Modify property of object successfully

2018-05-30 17:54:34 - [TEST_STEP][PASSED] - Statement - batchqty = com.kms.katalon.core.webui.keyword.WebUiBuiltInKeywords.getAttribute(batch, "value").trim(): Attribute 'value' of object '' is: '1500'

2018-05-30 17:54:34 - [MESSAGE][PASSED] - Attribute 'value' of object '' is: '1500'

2018-05-30 17:54:34 - [TEST_STEP][PASSED] - Statement - Rqty = 10000: null

2018-05-30 17:54:34 - [TEST_STEP][PASSED] - Statement - out.println("BatchQty : " + batchqty): null

2018-05-30 17:54:34 - [TEST_STEP][PASSED] - Statement - out.println("RQty : " + Rqty): null

2018-05-30 17:54:34 - [TEST_STEP][PASSED] - Statement - If (java.lang.Integer.valueOf(batchqty) >= java.lang.Integer.valueOf(Rqty)): null

2018-05-30 17:54:34 - [TEST_STEP][PASSED] - Statement - Else: null

2018-05-30 17:54:34 - [TEST_STEP][PASSED] - Statement - out.println("Batchqty Is Less Than Rqty"): null

2018-05-30 17:54:34 - [TEST_STEP][PASSED] - Statement - product = new com.kms.katalon.core.testobject.TestObject(): null

2018-05-30 17:54:34 - [TEST_STEP][PASSED] - Statement - product = com.kms.katalon.core.webui.keyword.WebUiBuiltInKeywords.modifyObjectProperty(product, "xpath", "equals", "//*[@id = "fldvendor" + row + ""]", true): Modify property of object successfully

2018-05-30 17:54:34 - [MESSAGE][PASSED] - Modify property of object successfully

2018-05-30 17:54:34 - [TEST_STEP][PASSED] - selectOptionByIndex: All options with index in [2] are selected on object ''

2018-05-30 17:54:34 - [MESSAGE][PASSED] - All options with index in [2] are selected on object ''

2018-05-30 17:54:34 - [TEST_STEP][PASSED] - delay: Delayed 2 second(s)

2018-05-30 17:54:36 - [MESSAGE][PASSED] - Delayed 2 second(s)

2018-05-30 17:54:36 - [TEST_STEP][PASSED] - Statement - batch = new com.kms.katalon.core.testobject.TestObject(): null

2018-05-30 17:54:36 - [TEST_STEP][PASSED] - Statement - batch = com.kms.katalon.core.webui.keyword.WebUiBuiltInKeywords.modifyObjectProperty(batch, "xpath", "equals", "//*[@id = "txtbthqty" + row + ""]", true): Modify property of object successfully

2018-05-30 17:54:36 - [MESSAGE][PASSED] - Modify property of object successfully

2018-05-30 17:54:36 - [TEST_STEP][PASSED] - Statement - batchqty = com.kms.katalon.core.webui.keyword.WebUiBuiltInKeywords.getAttribute(batch, "value").trim(): Attribute 'value' of object '' is: '5000'

2018-05-30 17:54:36 - [MESSAGE][PASSED] - Attribute 'value' of object '' is: '5000'

2018-05-30 17:54:36 - [TEST_STEP][PASSED] - Statement - Rqty = 10000: null

2018-05-30 17:54:36 - [TEST_STEP][PASSED] - Statement - out.println("BatchQty : " + batchqty): null

2018-05-30 17:54:36 - [TEST_STEP][PASSED] - Statement - out.println("RQty : " + Rqty): null

2018-05-30 17:54:36 - [TEST_STEP][PASSED] - Statement - If (java.lang.Integer.valueOf(batchqty) >= java.lang.Integer.valueOf(Rqty)): null

2018-05-30 17:54:36 - [TEST_STEP][PASSED] - Statement - Else: null

2018-05-30 17:54:36 - [TEST_STEP][PASSED] - Statement - out.println("Batchqty Is Less Than Rqty"): null

2018-05-30 17:54:36 - [TEST_STEP][PASSED] - Statement - product = new com.kms.katalon.core.testobject.TestObject(): null

2018-05-30 17:54:36 - [TEST_STEP][PASSED] - Statement - product = com.kms.katalon.core.webui.keyword.WebUiBuiltInKeywords.modifyObjectProperty(product, "xpath", "equals", "//*[@id = "fldvendor" + row + ""]", true): Modify property of object successfully

2018-05-30 17:54:36 - [MESSAGE][PASSED] - Modify property of object successfully

2018-05-30 17:54:36 - [TEST_STEP][PASSED] - selectOptionByIndex: All options with index in [3] are selected on object ''

2018-05-30 17:54:37 - [MESSAGE][PASSED] - All options with index in [3] are selected on object ''

2018-05-30 17:54:37 - [TEST_STEP][PASSED] - delay: Delayed 2 second(s)

2018-05-30 17:54:39 - [MESSAGE][PASSED] - Delayed 2 second(s)

2018-05-30 17:54:39 - [TEST_STEP][PASSED] - Statement - batch = new com.kms.katalon.core.testobject.TestObject(): null

2018-05-30 17:54:39 - [TEST_STEP][PASSED] - Statement - batch = com.kms.katalon.core.webui.keyword.WebUiBuiltInKeywords.modifyObjectProperty(batch, "xpath", "equals", "//*[@id = "txtbthqty" + row + ""]", true): Modify property of object successfully

2018-05-30 17:54:39 - [MESSAGE][PASSED] - Modify property of object successfully

2018-05-30 17:54:39 - [TEST_STEP][PASSED] - Statement - batchqty = com.kms.katalon.core.webui.keyword.WebUiBuiltInKeywords.getAttribute(batch, "value").trim(): Attribute 'value' of object '' is: '3000'

2018-05-30 17:54:39 - [MESSAGE][PASSED] - Attribute 'value' of object '' is: '3000'

2018-05-30 17:54:39 - [TEST_STEP][PASSED] - Statement - Rqty = 10000: null

2018-05-30 17:54:39 - [TEST_STEP][PASSED] - Statement - out.println("BatchQty : " + batchqty): null

2018-05-30 17:54:39 - [TEST_STEP][PASSED] - Statement - out.println("RQty : " + Rqty): null

2018-05-30 17:54:39 - [TEST_STEP][PASSED] - Statement - If (java.lang.Integer.valueOf(batchqty) >= java.lang.Integer.valueOf(Rqty)): null

2018-05-30 17:54:39 - [TEST_STEP][PASSED] - Statement - Else: null

2018-05-30 17:54:39 - [TEST_STEP][PASSED] - Statement - out.println("Batchqty Is Less Than Rqty"): null

2018-05-30 17:54:39 - [TEST_STEP][PASSED] - Statement - product = new com.kms.katalon.core.testobject.TestObject(): null

2018-05-30 17:54:39 - [TEST_STEP][PASSED] - Statement - product = com.kms.katalon.core.webui.keyword.WebUiBuiltInKeywords.modifyObjectProperty(product, "xpath", "equals", "//*[@id = "fldvendor" + row + ""]", true): Modify property of object successfully

2018-05-30 17:54:39 - [MESSAGE][PASSED] - Modify property of object successfully

2018-05-30 17:54:39 - [TEST_STEP][PASSED] - selectOptionByIndex: All options with index in [4] are selected on object ''

2018-05-30 17:54:39 - [MESSAGE][PASSED] - All options with index in [4] are selected on object ''

2018-05-30 17:54:39 - [TEST_STEP][PASSED] - delay: Delayed 2 second(s)

2018-05-30 17:54:41 - [MESSAGE][PASSED] - Delayed 2 second(s)

2018-05-30 17:54:41 - [TEST_STEP][PASSED] - Statement - batch = new com.kms.katalon.core.testobject.TestObject(): null

2018-05-30 17:54:41 - [TEST_STEP][PASSED] - Statement - batch = com.kms.katalon.core.webui.keyword.WebUiBuiltInKeywords.modifyObjectProperty(batch, "xpath", "equals", "//*[@id = "txtbthqty" + row + ""]", true): Modify property of object successfully

2018-05-30 17:54:41 - [MESSAGE][PASSED] - Modify property of object successfully

2018-05-30 17:54:41 - [TEST_STEP][PASSED] - Statement - batchqty = com.kms.katalon.core.webui.keyword.WebUiBuiltInKeywords.getAttribute(batch, "value").trim(): Attribute 'value' of object '' is: '5000'

2018-05-30 17:54:41 - [MESSAGE][PASSED] - Attribute 'value' of object '' is: '5000'

2018-05-30 17:54:41 - [TEST_STEP][PASSED] - Statement - Rqty = 10000: null

2018-05-30 17:54:41 - [TEST_STEP][PASSED] - Statement - out.println("BatchQty : " + batchqty): null

2018-05-30 17:54:41 - [TEST_STEP][PASSED] - Statement - out.println("RQty : " + Rqty): null

2018-05-30 17:54:41 - [TEST_STEP][PASSED] - Statement - If (java.lang.Integer.valueOf(batchqty) >= java.lang.Integer.valueOf(Rqty)): null

2018-05-30 17:54:41 - [TEST_STEP][PASSED] - Statement - Else: null

2018-05-30 17:54:41 - [TEST_STEP][PASSED] - Statement - out.println("Batchqty Is Less Than Rqty"): null

2018-05-30 17:54:41 - [TEST_STEP][PASSED] - Statement - product = new com.kms.katalon.core.testobject.TestObject(): null

2018-05-30 17:54:41 - [TEST_STEP][PASSED] - Statement - product = com.kms.katalon.core.webui.keyword.WebUiBuiltInKeywords.modifyObjectProperty(product, "xpath", "equals", "//*[@id = "fldvendor" + row + ""]", true): Modify property of object successfully

2018-05-30 17:54:41 - [MESSAGE][PASSED] - Modify property of object successfully

2018-05-30 17:54:41 - [TEST_STEP][PASSED] - selectOptionByIndex: All options with index in [5] are selected on object ''

2018-05-30 17:54:41 - [MESSAGE][PASSED] - All options with index in [5] are selected on object ''

2018-05-30 17:54:41 - [TEST_STEP][PASSED] - delay: Delayed 2 second(s)

2018-05-30 17:54:43 - [MESSAGE][PASSED] - Delayed 2 second(s)

2018-05-30 17:54:43 - [TEST_STEP][PASSED] - Statement - batch = new com.kms.katalon.core.testobject.TestObject(): null

2018-05-30 17:54:43 - [TEST_STEP][PASSED] - Statement - batch = com.kms.katalon.core.webui.keyword.WebUiBuiltInKeywords.modifyObjectProperty(batch, "xpath", "equals", "//*[@id = "txtbthqty" + row + ""]", true): Modify property of object successfully

2018-05-30 17:54:43 - [MESSAGE][PASSED] - Modify property of object successfully

2018-05-30 17:54:43 - [TEST_STEP][PASSED] - Statement - batchqty = com.kms.katalon.core.webui.keyword.WebUiBuiltInKeywords.getAttribute(batch, "value").trim(): Attribute 'value' of object '' is: '5000'

2018-05-30 17:54:43 - [MESSAGE][PASSED] - Attribute 'value' of object '' is: '5000'

2018-05-30 17:54:43 - [TEST_STEP][PASSED] - Statement - Rqty = 10000: null

2018-05-30 17:54:43 - [TEST_STEP][PASSED] - Statement - out.println("BatchQty : " + batchqty): null

2018-05-30 17:54:43 - [TEST_STEP][PASSED] - Statement - out.println("RQty : " + Rqty): null

2018-05-30 17:54:43 - [TEST_STEP][PASSED] - Statement - If (java.lang.Integer.valueOf(batchqty) >= java.lang.Integer.valueOf(Rqty)): null

2018-05-30 17:54:43 - [TEST_STEP][PASSED] - Statement - Else: null

2018-05-30 17:54:43 - [TEST_STEP][PASSED] - Statement - out.println("Batchqty Is Less Than Rqty"): null

2018-05-30 17:54:43 - [TEST_STEP][PASSED] - Statement - product = new com.kms.katalon.core.testobject.TestObject(): null

2018-05-30 17:54:43 - [TEST_STEP][PASSED] - Statement - product = com.kms.katalon.core.webui.keyword.WebUiBuiltInKeywords.modifyObjectProperty(product, "xpath", "equals", "//*[@id = "fldvendor" + row + ""]", true): Modify property of object successfully

2018-05-30 17:54:43 - [MESSAGE][PASSED] - Modify property of object successfully

2018-05-30 17:54:43 - [TEST_STEP][PASSED] - selectOptionByIndex: All options with index in [6] are selected on object ''

2018-05-30 17:54:43 - [MESSAGE][PASSED] - All options with index in [6] are selected on object ''

2018-05-30 17:54:43 - [TEST_STEP][PASSED] - delay: Delayed 2 second(s)

2018-05-30 17:54:45 - [MESSAGE][PASSED] - Delayed 2 second(s)

2018-05-30 17:54:45 - [TEST_STEP][PASSED] - Statement - batch = new com.kms.katalon.core.testobject.TestObject(): null

2018-05-30 17:54:45 - [TEST_STEP][PASSED] - Statement - batch = com.kms.katalon.core.webui.keyword.WebUiBuiltInKeywords.modifyObjectProperty(batch, "xpath", "equals", "//*[@id = "txtbthqty" + row + ""]", true): Modify property of object successfully

2018-05-30 17:54:45 - [MESSAGE][PASSED] - Modify property of object successfully

2018-05-30 17:54:45 - [TEST_STEP][PASSED] - Statement - batchqty = com.kms.katalon.core.webui.keyword.WebUiBuiltInKeywords.getAttribute(batch, "value").trim(): Attribute 'value' of object '' is: '5000'

2018-05-30 17:54:45 - [MESSAGE][PASSED] - Attribute 'value' of object '' is: '5000'

2018-05-30 17:54:45 - [TEST_STEP][PASSED] - Statement - Rqty = 10000: null

2018-05-30 17:54:45 - [TEST_STEP][PASSED] - Statement - out.println("BatchQty : " + batchqty): null

2018-05-30 17:54:45 - [TEST_STEP][PASSED] - Statement - out.println("RQty : " + Rqty): null

2018-05-30 17:54:45 - [TEST_STEP][PASSED] - Statement - If (java.lang.Integer.valueOf(batchqty) >= java.lang.Integer.valueOf(Rqty)): null

2018-05-30 17:54:45 - [TEST_STEP][PASSED] - Statement - Else: null

2018-05-30 17:54:45 - [TEST_STEP][PASSED] - Statement - out.println("Batchqty Is Less Than Rqty"): null

2018-05-30 17:54:45 - [TEST_STEP][PASSED] - Statement - product = new com.kms.katalon.core.testobject.TestObject(): null

2018-05-30 17:54:45 - [TEST_STEP][PASSED] - Statement - product = com.kms.katalon.core.webui.keyword.WebUiBuiltInKeywords.modifyObjectProperty(product, "xpath", "equals", "//*[@id = "fldvendor" + row + ""]", true): Modify property of object successfully

2018-05-30 17:54:45 - [MESSAGE][PASSED] - Modify property of object successfully

2018-05-30 17:54:45 - [TEST_STEP][PASSED] - selectOptionByIndex: All options with index in [7] are selected on object ''

2018-05-30 17:54:45 - [MESSAGE][PASSED] - All options with index in [7] are selected on object ''

2018-05-30 17:54:45 - [TEST_STEP][PASSED] - delay: Delayed 2 second(s)

2018-05-30 17:54:47 - [MESSAGE][PASSED] - Delayed 2 second(s)

2018-05-30 17:54:47 - [TEST_STEP][PASSED] - Statement - batch = new com.kms.katalon.core.testobject.TestObject(): null

2018-05-30 17:54:47 - [TEST_STEP][PASSED] - Statement - batch = com.kms.katalon.core.webui.keyword.WebUiBuiltInKeywords.modifyObjectProperty(batch, "xpath", "equals", "//*[@id = "txtbthqty" + row + ""]", true): Modify property of object successfully

2018-05-30 17:54:47 - [MESSAGE][PASSED] - Modify property of object successfully

2018-05-30 17:54:47 - [TEST_STEP][PASSED] - Statement - batchqty = com.kms.katalon.core.webui.keyword.WebUiBuiltInKeywords.getAttribute(batch, "value").trim(): Attribute 'value' of object '' is: '5000'

2018-05-30 17:54:47 - [MESSAGE][PASSED] - Attribute 'value' of object '' is: '5000'

2018-05-30 17:54:47 - [TEST_STEP][PASSED] - Statement - Rqty = 10000: null

2018-05-30 17:54:47 - [TEST_STEP][PASSED] - Statement - out.println("BatchQty : " + batchqty): null

2018-05-30 17:54:47 - [TEST_STEP][PASSED] - Statement - out.println("RQty : " + Rqty): null

2018-05-30 17:54:47 - [TEST_STEP][PASSED] - Statement - If (java.lang.Integer.valueOf(batchqty) >= java.lang.Integer.valueOf(Rqty)): null

2018-05-30 17:54:47 - [TEST_STEP][PASSED] - Statement - Else: null

2018-05-30 17:54:47 - [TEST_STEP][PASSED] - Statement - out.println("Batchqty Is Less Than Rqty"): null

2018-05-30 17:54:47 - [TEST_STEP][PASSED] - Statement - product = new com.kms.katalon.core.testobject.TestObject(): null

2018-05-30 17:54:47 - [TEST_STEP][PASSED] - Statement - product = com.kms.katalon.core.webui.keyword.WebUiBuiltInKeywords.modifyObjectProperty(product, "xpath", "equals", "//*[@id = "fldvendor" + row + ""]", true): Modify property of object successfully

2018-05-30 17:54:47 - [MESSAGE][PASSED] - Modify property of object successfully

2018-05-30 17:54:47 - [TEST_STEP][PASSED] - selectOptionByIndex: All options with index in [8] are selected on object ''

2018-05-30 17:54:48 - [MESSAGE][PASSED] - All options with index in [8] are selected on object ''

2018-05-30 17:54:48 - [TEST_STEP][PASSED] - delay: Delayed 2 second(s)

2018-05-30 17:54:50 - [MESSAGE][PASSED] - Delayed 2 second(s)

2018-05-30 17:54:50 - [TEST_STEP][PASSED] - Statement - batch = new com.kms.katalon.core.testobject.TestObject(): null

2018-05-30 17:54:50 - [TEST_STEP][PASSED] - Statement - batch = com.kms.katalon.core.webui.keyword.WebUiBuiltInKeywords.modifyObjectProperty(batch, "xpath", "equals", "//*[@id = "txtbthqty" + row + ""]", true): Modify property of object successfully

2018-05-30 17:54:50 - [MESSAGE][PASSED] - Modify property of object successfully

2018-05-30 17:54:50 - [TEST_STEP][PASSED] - Statement - batchqty = com.kms.katalon.core.webui.keyword.WebUiBuiltInKeywords.getAttribute(batch, "value").trim(): Attribute 'value' of object '' is: '5000'

2018-05-30 17:54:50 - [MESSAGE][PASSED] - Attribute 'value' of object '' is: '5000'

2018-05-30 17:54:50 - [TEST_STEP][PASSED] - Statement - Rqty = 10000: null

2018-05-30 17:54:50 - [TEST_STEP][PASSED] - Statement - out.println("BatchQty : " + batchqty): null

2018-05-30 17:54:50 - [TEST_STEP][PASSED] - Statement - out.println("RQty : " + Rqty): null

2018-05-30 17:54:50 - [TEST_STEP][PASSED] - Statement - If (java.lang.Integer.valueOf(batchqty) >= java.lang.Integer.valueOf(Rqty)): null

2018-05-30 17:54:50 - [TEST_STEP][PASSED] - Statement - Else: null

2018-05-30 17:54:50 - [TEST_STEP][PASSED] - Statement - out.println("Batchqty Is Less Than Rqty"): null

2018-05-30 17:54:50 - [TEST_STEP][PASSED] - Statement - product = new com.kms.katalon.core.testobject.TestObject(): null

2018-05-30 17:54:50 - [TEST_STEP][PASSED] - Statement - product = com.kms.katalon.core.webui.keyword.WebUiBuiltInKeywords.modifyObjectProperty(product, "xpath", "equals", "//*[@id = "fldvendor" + row + ""]", true): Modify property of object successfully

2018-05-30 17:54:50 - [MESSAGE][PASSED] - Modify property of object successfully

2018-05-30 17:54:50 - [TEST_STEP][PASSED] - selectOptionByIndex: All options with index in [9] are selected on object ''

2018-05-30 17:54:50 - [MESSAGE][PASSED] - All options with index in [9] are selected on object ''

2018-05-30 17:54:50 - [TEST_STEP][PASSED] - delay: Delayed 2 second(s)

2018-05-30 17:54:52 - [MESSAGE][PASSED] - Delayed 2 second(s)

2018-05-30 17:54:52 - [TEST_STEP][PASSED] - Statement - batch = new com.kms.katalon.core.testobject.TestObject(): null

2018-05-30 17:54:52 - [TEST_STEP][PASSED] - Statement - batch = com.kms.katalon.core.webui.keyword.WebUiBuiltInKeywords.modifyObjectProperty(batch, "xpath", "equals", "//*[@id = "txtbthqty" + row + ""]", true): Modify property of object successfully

2018-05-30 17:54:52 - [MESSAGE][PASSED] - Modify property of object successfully

2018-05-30 17:54:52 - [TEST_STEP][PASSED] - Statement - batchqty = com.kms.katalon.core.webui.keyword.WebUiBuiltInKeywords.getAttribute(batch, "value").trim(): Attribute 'value' of object '' is: '39400'

2018-05-30 17:54:52 - [MESSAGE][PASSED] - Attribute 'value' of object '' is: '39400'

2018-05-30 17:54:52 - [TEST_STEP][PASSED] - Statement - Rqty = 10000: null

2018-05-30 17:54:52 - [TEST_STEP][PASSED] - Statement - out.println("BatchQty : " + batchqty): null

2018-05-30 17:54:52 - [TEST_STEP][PASSED] - Statement - out.println("RQty : " + Rqty): null

2018-05-30 17:54:52 - [TEST_STEP][PASSED] - Statement - If (java.lang.Integer.valueOf(batchqty) >= java.lang.Integer.valueOf(Rqty)): null

2018-05-30 17:54:52 - [TEST_STEP][PASSED] - Statement - Break: null

2018-05-30 17:54:52 - [TEST_STEP][PASSED] - Statement - batchlength = new com.kms.katalon.core.testobject.TestObject(): null

2018-05-30 17:54:52 - [TEST_STEP][PASSED] - Statement - batchlength = com.kms.katalon.core.webui.keyword.WebUiBuiltInKeywords.modifyObjectProperty(batchlength, "xpath", "equals", "//*[@id = "fldvendor" + row + ""]", true): Modify property of object successfully

2018-05-30 17:54:52 - [MESSAGE][PASSED] - Modify property of object successfully

2018-05-30 17:54:52 - [TEST_STEP][PASSED] - Statement - batchsize = com.kms.katalon.core.webui.keyword.WebUiBuiltInKeywords.getNumberOfTotalOption(batchlength): 10 options of object '' counted

2018-05-30 17:54:52 - [MESSAGE][PASSED] - 10 options of object '' counted

2018-05-30 17:54:52 - [TEST_STEP][PASSED] - Statement - out.println("BatchSize : " + batchsize): null

2018-05-30 17:54:52 - [TEST_STEP][PASSED] - Statement - For ([n = 1, n <= batchsize - 1, (n++)]): null

2018-05-30 17:54:52 - [TEST_STEP][PASSED] - Statement - product = new com.kms.katalon.core.testobject.TestObject(): null

2018-05-30 17:54:52 - [TEST_STEP][PASSED] - Statement - product = com.kms.katalon.core.webui.keyword.WebUiBuiltInKeywords.modifyObjectProperty(product, "xpath", "equals", "//*[@id = "fldvendor" + row + ""]", true): Modify property of object successfully

2018-05-30 17:54:52 - [MESSAGE][PASSED] - Modify property of object successfully

2018-05-30 17:54:52 - [TEST_STEP][PASSED] - selectOptionByIndex: All options with index in [1] are selected on object ''

2018-05-30 17:54:52 - [MESSAGE][PASSED] - All options with index in [1] are selected on object ''

2018-05-30 17:54:52 - [TEST_STEP][PASSED] - delay: Delayed 2 second(s)

2018-05-30 17:54:54 - [MESSAGE][PASSED] - Delayed 2 second(s)

2018-05-30 17:54:54 - [TEST_STEP][PASSED] - Statement - batch = new com.kms.katalon.core.testobject.TestObject(): null

2018-05-30 17:54:54 - [TEST_STEP][PASSED] - Statement - batch = com.kms.katalon.core.webui.keyword.WebUiBuiltInKeywords.modifyObjectProperty(batch, "xpath", "equals", "//*[@id = "txtbthqty" + row + ""]", true): Modify property of object successfully

2018-05-30 17:54:54 - [MESSAGE][PASSED] - Modify property of object successfully

2018-05-30 17:54:54 - [TEST_STEP][PASSED] - Statement - batchqty = com.kms.katalon.core.webui.keyword.WebUiBuiltInKeywords.getAttribute(batch, "value").trim(): Attribute 'value' of object '' is: '1500'

2018-05-30 17:54:54 - [MESSAGE][PASSED] - Attribute 'value' of object '' is: '1500'

2018-05-30 17:54:54 - [TEST_STEP][PASSED] - Statement - Rqty = 10000: null

2018-05-30 17:54:54 - [TEST_STEP][PASSED] - Statement - out.println("BatchQty : " + batchqty): null

2018-05-30 17:54:54 - [TEST_STEP][PASSED] - Statement - out.println("RQty : " + Rqty): null

2018-05-30 17:54:54 - [TEST_STEP][PASSED] - Statement - If (java.lang.Integer.valueOf(batchqty) >= java.lang.Integer.valueOf(Rqty)): null

2018-05-30 17:54:54 - [TEST_STEP][PASSED] - Statement - Else: null

2018-05-30 17:54:54 - [TEST_STEP][PASSED] - Statement - out.println("Batchqty Is Less Than Rqty"): null

2018-05-30 17:54:54 - [TEST_STEP][PASSED] - Statement - product = new com.kms.katalon.core.testobject.TestObject(): null

2018-05-30 17:54:54 - [TEST_STEP][PASSED] - Statement - product = com.kms.katalon.core.webui.keyword.WebUiBuiltInKeywords.modifyObjectProperty(product, "xpath", "equals", "//*[@id = "fldvendor" + row + ""]", true): Modify property of object successfully

2018-05-30 17:54:54 - [MESSAGE][PASSED] - Modify property of object successfully

2018-05-30 17:54:54 - [TEST_STEP][PASSED] - selectOptionByIndex: All options with index in [2] are selected on object ''

2018-05-30 17:54:54 - [MESSAGE][PASSED] - All options with index in [2] are selected on object ''

2018-05-30 17:54:54 - [TEST_STEP][PASSED] - delay: Delayed 2 second(s)

2018-05-30 17:54:56 - [MESSAGE][PASSED] - Delayed 2 second(s)

2018-05-30 17:54:56 - [TEST_STEP][PASSED] - Statement - batch = new com.kms.katalon.core.testobject.TestObject(): null

2018-05-30 17:54:56 - [TEST_STEP][PASSED] - Statement - batch = com.kms.katalon.core.webui.keyword.WebUiBuiltInKeywords.modifyObjectProperty(batch, "xpath", "equals", "//*[@id = "txtbthqty" + row + ""]", true): Modify property of object successfully

2018-05-30 17:54:56 - [MESSAGE][PASSED] - Modify property of object successfully

2018-05-30 17:54:56 - [TEST_STEP][PASSED] - Statement - batchqty = com.kms.katalon.core.webui.keyword.WebUiBuiltInKeywords.getAttribute(batch, "value").trim(): Attribute 'value' of object '' is: '39400'

2018-05-30 17:54:56 - [MESSAGE][PASSED] - Attribute 'value' of object '' is: '39400'

2018-05-30 17:54:56 - [TEST_STEP][PASSED] - Statement - Rqty = 10000: null

2018-05-30 17:54:56 - [TEST_STEP][PASSED] - Statement - out.println("BatchQty : " + batchqty): null

2018-05-30 17:54:56 - [TEST_STEP][PASSED] - Statement - out.println("RQty : " + Rqty): null

2018-05-30 17:54:56 - [TEST_STEP][PASSED] - Statement - If (java.lang.Integer.valueOf(batchqty) >= java.lang.Integer.valueOf(Rqty)): null

2018-05-30 17:54:56 - [TEST_STEP][PASSED] - Statement - Break: null

2018-05-30 17:54:56 - [TEST_STEP][PASSED] - Statement - batchlength = new com.kms.katalon.core.testobject.TestObject(): null

2018-05-30 17:54:56 - [TEST_STEP][PASSED] - Statement - batchlength = com.kms.katalon.core.webui.keyword.WebUiBuiltInKeywords.modifyObjectProperty(batchlength, "xpath", "equals", "//*[@id = "fldvendor" + row + ""]", true): Modify property of object successfully

2018-05-30 17:54:56 - [MESSAGE][PASSED] - Modify property of object successfully

2018-05-30 17:54:56 - [TEST_STEP][PASSED] - Statement - batchsize = com.kms.katalon.core.webui.keyword.WebUiBuiltInKeywords.getNumberOfTotalOption(batchlength): 9 options of object '' counted

2018-05-30 17:54:56 - [MESSAGE][PASSED] - 9 options of object '' counted

2018-05-30 17:54:56 - [TEST_STEP][PASSED] - Statement - out.println("BatchSize : " + batchsize): null

2018-05-30 17:54:56 - [TEST_STEP][PASSED] - Statement - For ([n = 1, n <= batchsize - 1, (n++)]): null

2018-05-30 17:54:56 - [TEST_STEP][PASSED] - Statement - product = new com.kms.katalon.core.testobject.TestObject(): null

2018-05-30 17:54:56 - [TEST_STEP][PASSED] - Statement - product = com.kms.katalon.core.webui.keyword.WebUiBuiltInKeywords.modifyObjectProperty(product, "xpath", "equals", "//*[@id = "fldvendor" + row + ""]", true): Modify property of object successfully

2018-05-30 17:54:56 - [MESSAGE][PASSED] - Modify property of object successfully

2018-05-30 17:54:56 - [TEST_STEP][PASSED] - selectOptionByIndex: All options with index in [1] are selected on object ''

2018-05-30 17:54:56 - [MESSAGE][PASSED] - All options with index in [1] are selected on object ''

2018-05-30 17:54:56 - [TEST_STEP][PASSED] - delay: Delayed 2 second(s)

2018-05-30 17:54:58 - [MESSAGE][PASSED] - Delayed 2 second(s)

2018-05-30 17:54:58 - [TEST_STEP][PASSED] - Statement - batch = new com.kms.katalon.core.testobject.TestObject(): null

2018-05-30 17:54:58 - [TEST_STEP][PASSED] - Statement - batch = com.kms.katalon.core.webui.keyword.WebUiBuiltInKeywords.modifyObjectProperty(batch, "xpath", "equals", "//*[@id = "txtbthqty" + row + ""]", true): Modify property of object successfully

2018-05-30 17:54:58 - [MESSAGE][PASSED] - Modify property of object successfully

2018-05-30 17:54:58 - [TEST_STEP][PASSED] - Statement - batchqty = com.kms.katalon.core.webui.keyword.WebUiBuiltInKeywords.getAttribute(batch, "value").trim(): Attribute 'value' of object '' is: '4700'

2018-05-30 17:54:58 - [MESSAGE][PASSED] - Attribute 'value' of object '' is: '4700'

2018-05-30 17:54:58 - [TEST_STEP][PASSED] - Statement - Rqty = 10000: null

2018-05-30 17:54:58 - [TEST_STEP][PASSED] - Statement - out.println("BatchQty : " + batchqty): null

2018-05-30 17:54:58 - [TEST_STEP][PASSED] - Statement - out.println("RQty : " + Rqty): null

2018-05-30 17:54:58 - [TEST_STEP][PASSED] - Statement - If (java.lang.Integer.valueOf(batchqty) >= java.lang.Integer.valueOf(Rqty)): null

2018-05-30 17:54:58 - [TEST_STEP][PASSED] - Statement - Else: null

2018-05-30 17:54:58 - [TEST_STEP][PASSED] - Statement - out.println("Batchqty Is Less Than Rqty"): null

2018-05-30 17:54:58 - [TEST_STEP][PASSED] - Statement - product = new com.kms.katalon.core.testobject.TestObject(): null

2018-05-30 17:54:58 - [TEST_STEP][PASSED] - Statement - product = com.kms.katalon.core.webui.keyword.WebUiBuiltInKeywords.modifyObjectProperty(product, "xpath", "equals", "//*[@id = "fldvendor" + row + ""]", true): Modify property of object successfully

2018-05-30 17:54:58 - [MESSAGE][PASSED] - Modify property of object successfully

2018-05-30 17:54:58 - [TEST_STEP][PASSED] - selectOptionByIndex: All options with index in [2] are selected on object ''

2018-05-30 17:54:59 - [MESSAGE][PASSED] - All options with index in [2] are selected on object ''

2018-05-30 17:54:59 - [TEST_STEP][PASSED] - delay: Delayed 2 second(s)

2018-05-30 17:55:01 - [MESSAGE][PASSED] - Delayed 2 second(s)

2018-05-30 17:55:01 - [TEST_STEP][PASSED] - Statement - batch = new com.kms.katalon.core.testobject.TestObject(): null

2018-05-30 17:55:01 - [TEST_STEP][PASSED] - Statement - batch = com.kms.katalon.core.webui.keyword.WebUiBuiltInKeywords.modifyObjectProperty(batch, "xpath", "equals", "//*[@id = "txtbthqty" + row + ""]", true): Modify property of object successfully

2018-05-30 17:55:01 - [MESSAGE][PASSED] - Modify property of object successfully

2018-05-30 17:55:01 - [TEST_STEP][PASSED] - Statement - batchqty = com.kms.katalon.core.webui.keyword.WebUiBuiltInKeywords.getAttribute(batch, "value").trim(): Attribute 'value' of object '' is: '4800'

2018-05-30 17:55:55 - [MESSAGE][PASSED] - Attribute 'value' of object '' is: '4800'

2018-05-30 17:55:55 - [TEST_STEP][PASSED] - Statement - Rqty = 10000: null

2018-05-30 17:55:55 - [TEST_STEP][PASSED] - Statement - out.println("BatchQty : " + batchqty): null

2018-05-30 17:55:55 - [TEST_STEP][PASSED] - Statement - out.println("RQty : " + Rqty): null

2018-05-30 17:55:55 - [TEST_STEP][PASSED] - Statement - If (java.lang.Integer.valueOf(batchqty) >= java.lang.Integer.valueOf(Rqty)): null

2018-05-30 17:55:55 - [TEST_STEP][PASSED] - Statement - Else: null

2018-05-30 17:55:55 - [TEST_STEP][PASSED] - Statement - out.println("Batchqty Is Less Than Rqty"): null

2018-05-30 17:55:55 - [TEST_STEP][PASSED] - Statement - product = new com.kms.katalon.core.testobject.TestObject(): null

2018-05-30 17:55:55 - [TEST_STEP][PASSED] - Statement - product = com.kms.katalon.core.webui.keyword.WebUiBuiltInKeywords.modifyObjectProperty(product, "xpath", "equals", "//*[@id = "fldvendor" + row + ""]", true): Modify property of object successfully

2018-05-30 17:55:55 - [MESSAGE][PASSED] - Modify property of object successfully

2018-05-30 17:55:55 - [TEST_STEP][PASSED] - selectOptionByIndex: All options with index in [3] are selected on object ''

2018-05-30 17:55:55 - [MESSAGE][PASSED] - All options with index in [3] are selected on object ''

2018-05-30 17:55:55 - [TEST_STEP][PASSED] - delay: Delayed 2 second(s)

2018-05-30 17:55:57 - [MESSAGE][PASSED] - Delayed 2 second(s)

2018-05-30 17:55:57 - [TEST_STEP][PASSED] - Statement - batch = new com.kms.katalon.core.testobject.TestObject(): null

2018-05-30 17:55:57 - [TEST_STEP][PASSED] - Statement - batch = com.kms.katalon.core.webui.keyword.WebUiBuiltInKeywords.modifyObjectProperty(batch, "xpath", "equals", "//*[@id = "txtbthqty" + row + ""]", true): Modify property of object successfully

2018-05-30 17:55:57 - [MESSAGE][PASSED] - Modify property of object successfully

2018-05-30 17:55:57 - [TEST_STEP][PASSED] - Statement - batchqty = com.kms.katalon.core.webui.keyword.WebUiBuiltInKeywords.getAttribute(batch, "value").trim(): Attribute 'value' of object '' is: '5000'

2018-05-30 17:55:57 - [MESSAGE][PASSED] - Attribute 'value' of object '' is: '5000'

2018-05-30 17:55:57 - [TEST_STEP][PASSED] - Statement - Rqty = 10000: null

2018-05-30 17:55:57 - [TEST_STEP][PASSED] - Statement - out.println("BatchQty : " + batchqty): null

2018-05-30 17:55:57 - [TEST_STEP][PASSED] - Statement - out.println("RQty : " + Rqty): null

2018-05-30 17:55:57 - [TEST_STEP][PASSED] - Statement - If (java.lang.Integer.valueOf(batchqty) >= java.lang.Integer.valueOf(Rqty)): null

2018-05-30 17:55:57 - [TEST_STEP][PASSED] - Statement - Else: null

2018-05-30 17:55:57 - [TEST_STEP][PASSED] - Statement - out.println("Batchqty Is Less Than Rqty"): null

2018-05-30 17:55:57 - [TEST_STEP][PASSED] - Statement - product = new com.kms.katalon.core.testobject.TestObject(): null

2018-05-30 17:55:57 - [TEST_STEP][PASSED] - Statement - product = com.kms.katalon.core.webui.keyword.WebUiBuiltInKeywords.modifyObjectProperty(product, "xpath", "equals", "//*[@id = "fldvendor" + row + ""]", true): Modify property of object successfully

2018-05-30 17:55:57 - [MESSAGE][PASSED] - Modify property of object successfully

2018-05-30 17:55:57 - [TEST_STEP][PASSED] - selectOptionByIndex: All options with index in [4] are selected on object ''

2018-05-30 17:55:57 - [MESSAGE][PASSED] - All options with index in [4] are selected on object ''

2018-05-30 17:55:57 - [TEST_STEP][PASSED] - delay: Delayed 2 second(s)

2018-05-30 17:55:59 - [MESSAGE][PASSED] - Delayed 2 second(s)

2018-05-30 17:55:59 - [TEST_STEP][PASSED] - Statement - batch = new com.kms.katalon.core.testobject.TestObject(): null

2018-05-30 17:55:59 - [TEST_STEP][PASSED] - Statement - batch = com.kms.katalon.core.webui.keyword.WebUiBuiltInKeywords.modifyObjectProperty(batch, "xpath", "equals", "//*[@id = "txtbthqty" + row + ""]", true): Modify property of object successfully

2018-05-30 17:55:59 - [MESSAGE][PASSED] - Modify property of object successfully

2018-05-30 17:55:59 - [TEST_STEP][PASSED] - Statement - batchqty = com.kms.katalon.core.webui.keyword.WebUiBuiltInKeywords.getAttribute(batch, "value").trim(): Attribute 'value' of object '' is: '5000'

2018-05-30 17:55:59 - [MESSAGE][PASSED] - Attribute 'value' of object '' is: '5000'

2018-05-30 17:55:59 - [TEST_STEP][PASSED] - Statement - Rqty = 10000: null

2018-05-30 17:55:59 - [TEST_STEP][PASSED] - Statement - out.println("BatchQty : " + batchqty): null

2018-05-30 17:55:59 - [TEST_STEP][PASSED] - Statement - out.println("RQty : " + Rqty): null

2018-05-30 17:55:59 - [TEST_STEP][PASSED] - Statement - If (java.lang.Integer.valueOf(batchqty) >= java.lang.Integer.valueOf(Rqty)): null

2018-05-30 17:55:59 - [TEST_STEP][PASSED] - Statement - Else: null

2018-05-30 17:55:59 - [TEST_STEP][PASSED] - Statement - out.println("Batchqty Is Less Than Rqty"): null

2018-05-30 17:55:59 - [TEST_STEP][PASSED] - Statement - product = new com.kms.katalon.core.testobject.TestObject(): null

2018-05-30 17:55:59 - [TEST_STEP][PASSED] - Statement - product = com.kms.katalon.core.webui.keyword.WebUiBuiltInKeywords.modifyObjectProperty(product, "xpath", "equals", "//*[@id = "fldvendor" + row + ""]", true): Modify property of object successfully

2018-05-30 17:55:59 - [MESSAGE][PASSED] - Modify property of object successfully

2018-05-30 17:55:59 - [TEST_STEP][PASSED] - selectOptionByIndex: All options with index in [5] are selected on object ''

2018-05-30 17:56:00 - [MESSAGE][PASSED] - All options with index in [5] are selected on object ''

2018-05-30 17:56:00 - [TEST_STEP][PASSED] - delay: Delayed 2 second(s)

2018-05-30 17:56:02 - [MESSAGE][PASSED] - Delayed 2 second(s)

2018-05-30 17:56:02 - [TEST_STEP][PASSED] - Statement - batch = new com.kms.katalon.core.testobject.TestObject(): null

2018-05-30 17:56:02 - [TEST_STEP][PASSED] - Statement - batch = com.kms.katalon.core.webui.keyword.WebUiBuiltInKeywords.modifyObjectProperty(batch, "xpath", "equals", "//*[@id = "txtbthqty" + row + ""]", true): Modify property of object successfully

2018-05-30 17:56:02 - [MESSAGE][PASSED] - Modify property of object successfully

2018-05-30 17:56:02 - [TEST_STEP][PASSED] - Statement - batchqty = com.kms.katalon.core.webui.keyword.WebUiBuiltInKeywords.getAttribute(batch, "value").trim(): Attribute 'value' of object '' is: '5000'

2018-05-30 17:56:02 - [MESSAGE][PASSED] - Attribute 'value' of object '' is: '5000'

2018-05-30 17:56:02 - [TEST_STEP][PASSED] - Statement - Rqty = 10000: null

2018-05-30 17:56:02 - [TEST_STEP][PASSED] - Statement - out.println("BatchQty : " + batchqty): null

2018-05-30 17:56:02 - [TEST_STEP][PASSED] - Statement - out.println("RQty : " + Rqty): null

2018-05-30 17:56:02 - [TEST_STEP][PASSED] - Statement - If (java.lang.Integer.valueOf(batchqty) >= java.lang.Integer.valueOf(Rqty)): null

2018-05-30 17:56:02 - [TEST_STEP][PASSED] - Statement - Else: null

2018-05-30 17:56:02 - [TEST_STEP][PASSED] - Statement - out.println("Batchqty Is Less Than Rqty"): null

2018-05-30 17:56:02 - [TEST_STEP][PASSED] - Statement - product = new com.kms.katalon.core.testobject.TestObject(): null

2018-05-30 17:56:02 - [TEST_STEP][PASSED] - Statement - product = com.kms.katalon.core.webui.keyword.WebUiBuiltInKeywords.modifyObjectProperty(product, "xpath", "equals", "//*[@id = "fldvendor" + row + ""]", true): Modify property of object successfully

2018-05-30 17:56:02 - [MESSAGE][PASSED] - Modify property of object successfully

2018-05-30 17:56:02 - [TEST_STEP][PASSED] - selectOptionByIndex: All options with index in [6] are selected on object ''

2018-05-30 17:56:02 - [MESSAGE][PASSED] - All options with index in [6] are selected on object ''

2018-05-30 17:56:02 - [TEST_STEP][PASSED] - delay: Delayed 2 second(s)

2018-05-30 17:56:04 - [MESSAGE][PASSED] - Delayed 2 second(s)

2018-05-30 17:56:04 - [TEST_STEP][PASSED] - Statement - batch = new com.kms.katalon.core.testobject.TestObject(): null

2018-05-30 17:56:04 - [TEST_STEP][PASSED] - Statement - batch = com.kms.katalon.core.webui.keyword.WebUiBuiltInKeywords.modifyObjectProperty(batch, "xpath", "equals", "//*[@id = "txtbthqty" + row + ""]", true): Modify property of object successfully

2018-05-30 17:56:04 - [MESSAGE][PASSED] - Modify property of object successfully

2018-05-30 17:56:04 - [TEST_STEP][PASSED] - Statement - batchqty = com.kms.katalon.core.webui.keyword.WebUiBuiltInKeywords.getAttribute(batch, "value").trim(): Attribute 'value' of object '' is: '39400'

2018-05-30 17:56:04 - [MESSAGE][PASSED] - Attribute 'value' of object '' is: '39400'

2018-05-30 17:56:04 - [TEST_STEP][PASSED] - Statement - Rqty = 10000: null

2018-05-30 17:56:04 - [TEST_STEP][PASSED] - Statement - out.println("BatchQty : " + batchqty): null

2018-05-30 17:56:04 - [TEST_STEP][PASSED] - Statement - out.println("RQty : " + Rqty): null

2018-05-30 17:56:04 - [TEST_STEP][PASSED] - Statement - If (java.lang.Integer.valueOf(batchqty) >= java.lang.Integer.valueOf(Rqty)): null

2018-05-30 17:56:04 - [TEST_STEP][PASSED] - Statement - Break: null

2018-05-30 17:56:04 - [TEST_STEP][PASSED] - Statement - batchlength = new com.kms.katalon.core.testobject.TestObject(): null

2018-05-30 17:56:04 - [TEST_STEP][PASSED] - Statement - batchlength = com.kms.katalon.core.webui.keyword.WebUiBuiltInKeywords.modifyObjectProperty(batchlength, "xpath", "equals", "//*[@id = "fldvendor" + row + ""]", true): Modify property of object successfully

2018-05-30 17:56:18 - [MESSAGE][PASSED] - Modify property of object successfully

2018-05-30 17:56:18 - [TEST_STEP][PASSED] - Statement - batchsize = com.kms.katalon.core.webui.keyword.WebUiBuiltInKeywords.getNumberOfTotalOption(batchlength): 8 options of object '' counted

2018-05-30 17:56:19 - [MESSAGE][PASSED] - 8 options of object '' counted

2018-05-30 17:56:19 - [TEST_STEP][PASSED] - Statement - out.println("BatchSize : " + batchsize): null

2018-05-30 17:56:19 - [TEST_STEP][PASSED] - Statement - For ([n = 1, n <= batchsize - 1, (n++)]): null

2018-05-30 17:56:19 - [TEST_STEP][PASSED] - Statement - product = new com.kms.katalon.core.testobject.TestObject(): null

2018-05-30 17:56:19 - [TEST_STEP][PASSED] - Statement - product = com.kms.katalon.core.webui.keyword.WebUiBuiltInKeywords.modifyObjectProperty(product, "xpath", "equals", "//*[@id = "fldvendor" + row + ""]", true): Modify property of object successfully

2018-05-30 17:56:19 - [MESSAGE][PASSED] - Modify property of object successfully

2018-05-30 17:56:19 - [TEST_STEP][PASSED] - selectOptionByIndex: All options with index in [1] are selected on object ''

2018-05-30 17:56:19 - [MESSAGE][PASSED] - All options with index in [1] are selected on object ''

2018-05-30 17:56:19 - [TEST_STEP][PASSED] - delay: Delayed 2 second(s)

2018-05-30 17:56:21 - [MESSAGE][PASSED] - Delayed 2 second(s)

2018-05-30 17:56:21 - [TEST_STEP][PASSED] - Statement - batch = new com.kms.katalon.core.testobject.TestObject(): null

2018-05-30 17:56:21 - [TEST_STEP][PASSED] - Statement - batch = com.kms.katalon.core.webui.keyword.WebUiBuiltInKeywords.modifyObjectProperty(batch, "xpath", "equals", "//*[@id = "txtbthqty" + row + ""]", true): Modify property of object successfully

2018-05-30 17:56:21 - [MESSAGE][PASSED] - Modify property of object successfully

2018-05-30 17:56:21 - [TEST_STEP][PASSED] - Statement - batchqty = com.kms.katalon.core.webui.keyword.WebUiBuiltInKeywords.getAttribute(batch, "value").trim(): Attribute 'value' of object '' is: '4500'

2018-05-30 17:56:21 - [MESSAGE][PASSED] - Attribute 'value' of object '' is: '4500'

2018-05-30 17:56:21 - [TEST_STEP][PASSED] - Statement - Rqty = 10000: null

2018-05-30 17:56:21 - [TEST_STEP][PASSED] - Statement - out.println("BatchQty : " + batchqty): null

2018-05-30 17:56:21 - [TEST_STEP][PASSED] - Statement - out.println("RQty : " + Rqty): null

2018-05-30 17:56:21 - [TEST_STEP][PASSED] - Statement - If (java.lang.Integer.valueOf(batchqty) >= java.lang.Integer.valueOf(Rqty)): null

2018-05-30 17:56:21 - [TEST_STEP][PASSED] - Statement - Else: null

2018-05-30 17:56:21 - [TEST_STEP][PASSED] - Statement - out.println("Batchqty Is Less Than Rqty"): null

2018-05-30 17:56:21 - [TEST_STEP][PASSED] - Statement - product = new com.kms.katalon.core.testobject.TestObject(): null

2018-05-30 17:56:21 - [TEST_STEP][PASSED] - Statement - product = com.kms.katalon.core.webui.keyword.WebUiBuiltInKeywords.modifyObjectProperty(product, "xpath", "equals", "//*[@id = "fldvendor" + row + ""]", true): Modify property of object successfully

2018-05-30 17:56:21 - [MESSAGE][PASSED] - Modify property of object successfully

2018-05-30 17:56:21 - [TEST_STEP][PASSED] - selectOptionByIndex: All options with index in [2] are selected on object ''

2018-05-30 17:56:21 - [MESSAGE][PASSED] - All options with index in [2] are selected on object ''

2018-05-30 17:56:21 - [TEST_STEP][PASSED] - delay: Delayed 2 second(s)

2018-05-30 17:56:23 - [MESSAGE][PASSED] - Delayed 2 second(s)

2018-05-30 17:56:23 - [TEST_STEP][PASSED] - Statement - batch = new com.kms.katalon.core.testobject.TestObject(): null

2018-05-30 17:56:23 - [TEST_STEP][PASSED] - Statement - batch = com.kms.katalon.core.webui.keyword.WebUiBuiltInKeywords.modifyObjectProperty(batch, "xpath", "equals", "//*[@id = "txtbthqty" + row + ""]", true): Modify property of object successfully

2018-05-30 17:56:23 - [MESSAGE][PASSED] - Modify property of object successfully

2018-05-30 17:56:23 - [TEST_STEP][PASSED] - Statement - batchqty = com.kms.katalon.core.webui.keyword.WebUiBuiltInKeywords.getAttribute(batch, "value").trim(): Attribute 'value' of object '' is: '5000'

2018-05-30 17:56:23 - [MESSAGE][PASSED] - Attribute 'value' of object '' is: '5000'

2018-05-30 17:56:23 - [TEST_STEP][PASSED] - Statement - Rqty = 10000: null

2018-05-30 17:56:23 - [TEST_STEP][PASSED] - Statement - out.println("BatchQty : " + batchqty): null

2018-05-30 17:56:23 - [TEST_STEP][PASSED] - Statement - out.println("RQty : " + Rqty): null

2018-05-30 17:56:23 - [TEST_STEP][PASSED] - Statement - If (java.lang.Integer.valueOf(batchqty) >= java.lang.Integer.valueOf(Rqty)): null

2018-05-30 17:56:23 - [TEST_STEP][PASSED] - Statement - Else: null

2018-05-30 17:56:23 - [TEST_STEP][PASSED] - Statement - out.println("Batchqty Is Less Than Rqty"): null

2018-05-30 17:56:23 - [TEST_STEP][PASSED] - Statement - product = new com.kms.katalon.core.testobject.TestObject(): null

2018-05-30 17:56:23 - [TEST_STEP][PASSED] - Statement - product = com.kms.katalon.core.webui.keyword.WebUiBuiltInKeywords.modifyObjectProperty(product, "xpath", "equals", "//*[@id = "fldvendor" + row + ""]", true): Modify property of object successfully

2018-05-30 17:56:23 - [MESSAGE][PASSED] - Modify property of object successfully

2018-05-30 17:56:23 - [TEST_STEP][PASSED] - selectOptionByIndex: All options with index in [3] are selected on object ''

2018-05-30 17:56:23 - [MESSAGE][PASSED] - All options with index in [3] are selected on object ''

2018-05-30 17:56:23 - [TEST_STEP][PASSED] - delay: Delayed 2 second(s)

2018-05-30 17:56:25 - [MESSAGE][PASSED] - Delayed 2 second(s)

2018-05-30 17:56:25 - [TEST_STEP][PASSED] - Statement - batch = new com.kms.katalon.core.testobject.TestObject(): null

2018-05-30 17:56:25 - [TEST_STEP][PASSED] - Statement - batch = com.kms.katalon.core.webui.keyword.WebUiBuiltInKeywords.modifyObjectProperty(batch, "xpath", "equals", "//*[@id = "txtbthqty" + row + ""]", true): Modify property of object successfully

2018-05-30 17:56:25 - [MESSAGE][PASSED] - Modify property of object successfully

2018-05-30 17:56:25 - [TEST_STEP][PASSED] - Statement - batchqty = com.kms.katalon.core.webui.keyword.WebUiBuiltInKeywords.getAttribute(batch, "value").trim(): Attribute 'value' of object '' is: '5000'

2018-05-30 17:56:25 - [MESSAGE][PASSED] - Attribute 'value' of object '' is: '5000'

2018-05-30 17:56:25 - [TEST_STEP][PASSED] - Statement - Rqty = 10000: null

2018-05-30 17:56:25 - [TEST_STEP][PASSED] - Statement - out.println("BatchQty : " + batchqty): null

2018-05-30 17:56:25 - [TEST_STEP][PASSED] - Statement - out.println("RQty : " + Rqty): null

2018-05-30 17:56:25 - [TEST_STEP][PASSED] - Statement - If (java.lang.Integer.valueOf(batchqty) >= java.lang.Integer.valueOf(Rqty)): null

2018-05-30 17:56:25 - [TEST_STEP][PASSED] - Statement - Else: null

2018-05-30 17:56:25 - [TEST_STEP][PASSED] - Statement - out.println("Batchqty Is Less Than Rqty"): null

2018-05-30 17:56:25 - [TEST_STEP][PASSED] - Statement - product = new com.kms.katalon.core.testobject.TestObject(): null

2018-05-30 17:56:25 - [TEST_STEP][PASSED] - Statement - product = com.kms.katalon.core.webui.keyword.WebUiBuiltInKeywords.modifyObjectProperty(product, "xpath", "equals", "//*[@id = "fldvendor" + row + ""]", true): Modify property of object successfully

2018-05-30 17:56:25 - [MESSAGE][PASSED] - Modify property of object successfully

2018-05-30 17:56:25 - [TEST_STEP][PASSED] - selectOptionByIndex: All options with index in [4] are selected on object ''

2018-05-30 17:56:25 - [MESSAGE][PASSED] - All options with index in [4] are selected on object ''

2018-05-30 17:56:25 - [TEST_STEP][PASSED] - delay: Delayed 2 second(s)

2018-05-30 17:56:27 - [MESSAGE][PASSED] - Delayed 2 second(s)

2018-05-30 17:56:27 - [TEST_STEP][PASSED] - Statement - batch = new com.kms.katalon.core.testobject.TestObject(): null

2018-05-30 17:56:27 - [TEST_STEP][PASSED] - Statement - batch = com.kms.katalon.core.webui.keyword.WebUiBuiltInKeywords.modifyObjectProperty(batch, "xpath", "equals", "//*[@id = "txtbthqty" + row + ""]", true): Modify property of object successfully

2018-05-30 17:56:27 - [MESSAGE][PASSED] - Modify property of object successfully

2018-05-30 17:56:27 - [TEST_STEP][PASSED] - Statement - batchqty = com.kms.katalon.core.webui.keyword.WebUiBuiltInKeywords.getAttribute(batch, "value").trim(): Attribute 'value' of object '' is: '39400'

2018-05-30 17:56:27 - [MESSAGE][PASSED] - Attribute 'value' of object '' is: '39400'

2018-05-30 17:56:27 - [TEST_STEP][PASSED] - Statement - Rqty = 10000: null

2018-05-30 17:56:27 - [TEST_STEP][PASSED] - Statement - out.println("BatchQty : " + batchqty): null

2018-05-30 17:56:27 - [TEST_STEP][PASSED] - Statement - out.println("RQty : " + Rqty): null

2018-05-30 17:56:27 - [TEST_STEP][PASSED] - Statement - If (java.lang.Integer.valueOf(batchqty) >= java.lang.Integer.valueOf(Rqty)): null

2018-05-30 17:56:27 - [TEST_STEP][PASSED] - Statement - Break: null

2018-05-30 17:56:27 - [TEST_STEP][PASSED] - Statement - batchlength = new com.kms.katalon.core.testobject.TestObject(): null

2018-05-30 17:56:27 - [TEST_STEP][PASSED] - Statement - batchlength = com.kms.katalon.core.webui.keyword.WebUiBuiltInKeywords.modifyObjectProperty(batchlength, "xpath", "equals", "//*[@id = "fldvendor" + row + ""]", true): Modify property of object successfully

2018-05-30 17:56:27 - [MESSAGE][PASSED] - Modify property of object successfully

2018-05-30 17:56:27 - [TEST_STEP][PASSED] - Statement - batchsize = com.kms.katalon.core.webui.keyword.WebUiBuiltInKeywords.getNumberOfTotalOption(batchlength): 9 options of object '' counted

2018-05-30 17:56:27 - [MESSAGE][PASSED] - 9 options of object '' counted

2018-05-30 17:56:27 - [TEST_STEP][PASSED] - Statement - out.println("BatchSize : " + batchsize): null

2018-05-30 17:56:27 - [TEST_STEP][PASSED] - Statement - For ([n = 1, n <= batchsize - 1, (n++)]): null

2018-05-30 17:56:27 - [TEST_STEP][PASSED] - Statement - product = new com.kms.katalon.core.testobject.TestObject(): null

2018-05-30 17:56:27 - [TEST_STEP][PASSED] - Statement - product = com.kms.katalon.core.webui.keyword.WebUiBuiltInKeywords.modifyObjectProperty(product, "xpath", "equals", "//*[@id = "fldvendor" + row + ""]", true): Modify property of object successfully

2018-05-30 17:56:27 - [MESSAGE][PASSED] - Modify property of object successfully

2018-05-30 17:56:27 - [TEST_STEP][PASSED] - selectOptionByIndex: All options with index in [1] are selected on object ''

2018-05-30 17:56:27 - [MESSAGE][PASSED] - All options with index in [1] are selected on object ''

2018-05-30 17:56:27 - [TEST_STEP][PASSED] - delay: Delayed 2 second(s)

2018-05-30 17:56:29 - [MESSAGE][PASSED] - Delayed 2 second(s)

2018-05-30 17:56:29 - [TEST_STEP][PASSED] - Statement - batch = new com.kms.katalon.core.testobject.TestObject(): null

2018-05-30 17:56:29 - [TEST_STEP][PASSED] - Statement - batch = com.kms.katalon.core.webui.keyword.WebUiBuiltInKeywords.modifyObjectProperty(batch, "xpath", "equals", "//*[@id = "txtbthqty" + row + ""]", true): Modify property of object successfully

2018-05-30 17:56:29 - [MESSAGE][PASSED] - Modify property of object successfully

2018-05-30 17:56:29 - [TEST_STEP][PASSED] - Statement - batchqty = com.kms.katalon.core.webui.keyword.WebUiBuiltInKeywords.getAttribute(batch, "value").trim(): Attribute 'value' of object '' is: '35900'

2018-05-30 17:56:29 - [MESSAGE][PASSED] - Attribute 'value' of object '' is: '35900'

2018-05-30 17:56:29 - [TEST_STEP][PASSED] - Statement - Rqty = 10000: null

2018-05-30 17:56:29 - [TEST_STEP][PASSED] - Statement - out.println("BatchQty : " + batchqty): null

2018-05-30 17:56:29 - [TEST_STEP][PASSED] - Statement - out.println("RQty : " + Rqty): null

2018-05-30 17:56:29 - [TEST_STEP][PASSED] - Statement - If (java.lang.Integer.valueOf(batchqty) >= java.lang.Integer.valueOf(Rqty)): null

2018-05-30 17:56:29 - [TEST_STEP][PASSED] - Statement - Break: null

2018-05-30 17:56:29 - [TEST_STEP][PASSED] - click: Object: 'Object Repository/store Request Schedule 1/Page_KDMC - CMS/input_btndispatch' is clicked on

2018-05-30 17:56:30 - [MESSAGE][PASSED] - Object: 'Object Repository/store Request Schedule 1/Page_KDMC - CMS/input_btndispatch' is clicked on

2018-05-30 17:56:30 - [TEST_STEP][PASSED] - waitForElementVisible: Object 'Object Repository/store Request Schedule 1/Page_KDMC - CMS/button_OK' is visible

2018-05-30 17:56:31 - [MESSAGE][PASSED] - Object 'Object Repository/store Request Schedule 1/Page_KDMC - CMS/button_OK' is visible

2018-05-30 17:56:31 - [TEST_STEP][PASSED] - click: Object: 'Object Repository/store Request Schedule 1/Page_KDMC - CMS/button_OK' is clicked on

2018-05-30 17:56:32 - [MESSAGE][PASSED] - Object: 'Object Repository/store Request Schedule 1/Page_KDMC - CMS/button_OK' is clicked on

2018-05-30 17:56:32 - [TEST_STEP][PASSED] - delay: Delayed 3 second(s)

2018-05-30 17:56:35 - [MESSAGE][PASSED] - Delayed 3 second(s)

2018-05-30 17:56:35 - [TEST_STEP][PASSED] - click: Object: 'Object Repository/store Request Schedule 1/Page_KDMC - CMS/a_dropdown-toggle' is clicked on

2018-05-30 17:56:35 - [MESSAGE][PASSED] - Object: 'Object Repository/store Request Schedule 1/Page_KDMC - CMS/a_dropdown-toggle' is clicked on

2018-05-30 17:56:35 - [TEST_STEP][PASSED] - click: Object: 'Object Repository/store Request Schedule 1/Page_KDMC - CMS/a_Sign out' is clicked on

2018-05-30 17:56:36 - [MESSAGE][PASSED] - Object: 'Object Repository/store Request Schedule 1/Page_KDMC - CMS/a_Sign out' is clicked on

2018-05-30 17:56:36 - [TEST_STEP][PASSED] - delay: Delayed 3 second(s)

2018-05-30 17:56:39 - [MESSAGE][PASSED] - Delayed 3 second(s)

2018-05-30 17:56:39 - [TEST_STEP][PASSED] - click: Object: 'Object Repository/Store Request Schedule 1/Page_KDMC/a_Divisional Store' is clicked on

2018-05-30 17:56:40 - [MESSAGE][PASSED] - Object: 'Object Repository/Store Request Schedule 1/Page_KDMC/a_Divisional Store' is clicked on

2018-05-30 17:56:40 - [TEST_STEP][PASSED] - setText: Text 'ragu' is set on object 'Object Repository/Store Request Schedule 1/Page_Divisonal Store Login/input_txtusername'

2018-05-30 17:56:40 - [MESSAGE][PASSED] - Text 'ragu' is set on object 'Object Repository/Store Request Schedule 1/Page_Divisonal Store Login/input_txtusername'

2018-05-30 17:56:40 - [TEST_STEP][PASSED] - setText: Text '123' is set on object 'Object Repository/Store Request Schedule 1/Page_Divisonal Store Login/input_txtpassword'

2018-05-30 17:56:40 - [MESSAGE][PASSED] - Text '123' is set on object 'Object Repository/Store Request Schedule 1/Page_Divisonal Store Login/input_txtpassword'

2018-05-30 17:56:40 - [TEST_STEP][PASSED] - delay: Delayed 3 second(s)

2018-05-30 17:56:43 - [MESSAGE][PASSED] - Delayed 3 second(s)

2018-05-30 17:56:43 - [TEST_STEP][PASSED] - click: Object: 'Object Repository/Store Request Schedule 1/Page_Divisonal Store Login/button_Sign in' is clicked on

2018-05-30 17:56:44 - [MESSAGE][PASSED] - Object: 'Object Repository/Store Request Schedule 1/Page_Divisonal Store Login/button_Sign in' is clicked on

2018-05-30 17:56:44 - [TEST_STEP][PASSED] - delay: Delayed 3 second(s)

2018-05-30 17:56:47 - [MESSAGE][PASSED] - Delayed 3 second(s)

2018-05-30 17:56:47 - [TEST_STEP][PASSED] - click: Object: 'Object Repository/Store Request Schedule 1/Page_Store/a_CMS' is clicked on

2018-05-30 17:56:47 - [MESSAGE][PASSED] - Object: 'Object Repository/Store Request Schedule 1/Page_Store/a_CMS' is clicked on

2018-05-30 17:56:47 - [TEST_STEP][PASSED] - delay: Delayed 2 second(s)

2018-05-30 17:56:49 - [MESSAGE][PASSED] - Delayed 2 second(s)

2018-05-30 17:56:49 - [TEST_STEP][PASSED] - click: Object: 'Object Repository/Store Request Schedule 1/Page_Store/a_Receiving Goods' is clicked on

2018-05-30 17:56:50 - [MESSAGE][PASSED] - Object: 'Object Repository/Store Request Schedule 1/Page_Store/a_Receiving Goods' is clicked on

2018-05-30 17:56:50 - [TEST_STEP][PASSED] - setText: Text 'PRNO/30052018/479' is set on object 'Object Repository/Store Request Schedule 1/Page_Store/input'

2018-05-30 17:56:51 - [MESSAGE][PASSED] - Text 'PRNO/30052018/479' is set on object 'Object Repository/Store Request Schedule 1/Page_Store/input'

2018-05-30 17:56:51 - [TEST_STEP][PASSED] - click: Object: 'Object Repository/Store Request Schedule 1/Page_Store/input_btn btn-primary' is clicked on

2018-05-30 17:56:51 - [MESSAGE][PASSED] - Object: 'Object Repository/Store Request Schedule 1/Page_Store/input_btn btn-primary' is clicked on

2018-05-30 17:56:51 - [TEST_STEP][PASSED] - delay: Delayed 2 second(s)

2018-05-30 17:56:53 - [MESSAGE][PASSED] - Delayed 2 second(s)

2018-05-30 17:56:53 - [TEST_STEP][PASSED] - click: Object: 'Object Repository/Store Request Schedule 1/Page_Store/input_chkrem' is clicked on

2018-05-30 17:56:53 - [MESSAGE][PASSED] - Object: 'Object Repository/Store Request Schedule 1/Page_Store/input_chkrem' is clicked on

2018-05-30 17:56:53 - [TEST_STEP][PASSED] - scrollToElement: Scroll to object 'Object Repository/Store Request Schedule 1/Page_Store/input_btchkroqadd' successfully

2018-05-30 17:56:53 - [MESSAGE][PASSED] - Scroll to object 'Object Repository/Store Request Schedule 1/Page_Store/input_btchkroqadd' successfully

2018-05-30 17:56:53 - [TEST_STEP][PASSED] - click: Object: 'Object Repository/Store Request Schedule 1/Page_Store/input_btchkroqadd' is clicked on

2018-05-30 17:56:53 - [MESSAGE][PASSED] - Object: 'Object Repository/Store Request Schedule 1/Page_Store/input_btchkroqadd' is clicked on

2018-05-30 17:56:53 - [TEST_STEP][PASSED] - delay: Delayed 2 second(s)

2018-05-30 17:56:55 - [MESSAGE][PASSED] - Delayed 2 second(s)

2018-05-30 17:56:55 - [TEST_STEP][PASSED] - refresh: Refresh successfully

2018-05-30 17:56:56 - [MESSAGE][PASSED] - Refresh successfully

2018-05-30 17:56:56 - [TEST_STEP][PASSED] - delay: Delayed 3 second(s)

2018-05-30 17:56:59 - [MESSAGE][PASSED] - Delayed 3 second(s)

2018-05-30 17:56:59 - [TEST_STEP][PASSED] - click: Object: 'Object Repository/Store Request Schedule 1/Page_Store/a_dropdown-toggle' is clicked on

2018-05-30 17:56:59 - [MESSAGE][PASSED] - Object: 'Object Repository/Store Request Schedule 1/Page_Store/a_dropdown-toggle' is clicked on

2018-05-30 17:56:59 - [TEST_STEP][PASSED] - click: Object: 'Object Repository/Store Request Schedule 1/Page_Store/a_Sign out' is clicked on

2018-05-30 17:56:59 - [MESSAGE][PASSED] - Object: 'Object Repository/Store Request Schedule 1/Page_Store/a_Sign out' is clicked on

2018-05-30 17:56:59 - [TEST_STEP][PASSED] - closeBrowser: Browser is closed

2018-05-30 17:57:00 - [MESSAGE][PASSED] - Browser is closed

2018-05-30 17:57:00 - [TEST_STEP][PASSED] - Statement - out.println("Schedule 5 STORE Request Are Working Successfully"): null]]></system-out>
         <system-err><![CDATA[]]></system-err>
      </testcase>
      <testcase name="Test Cases/STORE TO CMS REQUEST TEST CASES/TC_STCMS_006 To Verify Schedule 6 Store To CMS Request Are Working Successfully Or Not" classname="Test Cases/STORE TO CMS REQUEST TEST CASES/TC_STCMS_006 To Verify Schedule 6 Store To CMS Request Are Working Successfully Or Not" status="PASSED">
         <system-out><![CDATA[2018-05-30 17:57:00 - [TEST_CASE][PASSED] - Test Cases/STORE TO CMS REQUEST TEST CASES/TC_STCMS_006 To Verify Schedule 6 Store To CMS Request Are Working Successfully Or Not: Test Cases/STORE TO CMS REQUEST TEST CASES/TC_STCMS_006 To Verify Schedule 6 Store To CMS Request Are Working Successfully Or Not

2018-05-30 17:57:00 - [TEST_STEP][PASSED] - openBrowser: Browser is opened with url: ''

2018-05-30 17:57:02 - [MESSAGE][PASSED] - Browser is opened with url: ''

2018-05-30 17:57:02 - [TEST_STEP][PASSED] - Statement - out.println("Verify Schedule 6 STORE Request Are Working Successfully Or Not"): null

2018-05-30 17:57:02 - [TEST_STEP][PASSED] - navigateToUrl: Navigate to 'http://192.168.137.1/multihospital_new/' successfully

2018-05-30 17:57:06 - [MESSAGE][PASSED] - Navigate to 'http://192.168.137.1/multihospital_new/' successfully

2018-05-30 17:57:06 - [TEST_STEP][PASSED] - maximizeWindow: Current window maximized

2018-05-30 17:57:07 - [MESSAGE][PASSED] - Current window maximized

2018-05-30 17:57:07 - [TEST_STEP][PASSED] - click: Object: 'Object Repository/Store Request Schedule 1/Page_KDMC/a_Divisional Store' is clicked on

2018-05-30 17:57:08 - [MESSAGE][PASSED] - Object: 'Object Repository/Store Request Schedule 1/Page_KDMC/a_Divisional Store' is clicked on

2018-05-30 17:57:08 - [TEST_STEP][PASSED] - setText: Text 'ragu' is set on object 'Object Repository/Store Request Schedule 1/Page_Divisonal Store Login/input_txtusername'

2018-05-30 17:57:08 - [MESSAGE][PASSED] - Text 'ragu' is set on object 'Object Repository/Store Request Schedule 1/Page_Divisonal Store Login/input_txtusername'

2018-05-30 17:57:08 - [TEST_STEP][PASSED] - setText: Text '123' is set on object 'Object Repository/Store Request Schedule 1/Page_Divisonal Store Login/input_txtpassword'

2018-05-30 17:57:08 - [MESSAGE][PASSED] - Text '123' is set on object 'Object Repository/Store Request Schedule 1/Page_Divisonal Store Login/input_txtpassword'

2018-05-30 17:57:08 - [TEST_STEP][PASSED] - delay: Delayed 3 second(s)

2018-05-30 17:57:11 - [MESSAGE][PASSED] - Delayed 3 second(s)

2018-05-30 17:57:11 - [TEST_STEP][PASSED] - click: Object: 'Object Repository/Store Request Schedule 1/Page_Divisonal Store Login/button_Sign in' is clicked on

2018-05-30 17:57:12 - [MESSAGE][PASSED] - Object: 'Object Repository/Store Request Schedule 1/Page_Divisonal Store Login/button_Sign in' is clicked on

2018-05-30 17:57:12 - [TEST_STEP][PASSED] - delay: Delayed 3 second(s)

2018-05-30 17:57:15 - [MESSAGE][PASSED] - Delayed 3 second(s)

2018-05-30 17:57:15 - [TEST_STEP][PASSED] - click: Object: 'Object Repository/Store Request Schedule 1/Page_Store/a_CMS' is clicked on

2018-05-30 17:57:15 - [MESSAGE][PASSED] - Object: 'Object Repository/Store Request Schedule 1/Page_Store/a_CMS' is clicked on

2018-05-30 17:57:15 - [TEST_STEP][PASSED] - delay: Delayed 2 second(s)

2018-05-30 17:57:17 - [MESSAGE][PASSED] - Delayed 2 second(s)

2018-05-30 17:57:17 - [TEST_STEP][PASSED] - click: Object: 'Object Repository/Store Request Schedule 1/Page_Store/a_Request Send' is clicked on

2018-05-30 17:57:18 - [MESSAGE][PASSED] - Object: 'Object Repository/Store Request Schedule 1/Page_Store/a_Request Send' is clicked on

2018-05-30 17:57:18 - [TEST_STEP][PASSED] - selectOptionByIndex: All options with index in [1] are selected on object 'Object Repository/Store Request Schedule 1/Page_Store/select_--Select--'

2018-05-30 17:57:19 - [MESSAGE][PASSED] - All options with index in [1] are selected on object 'Object Repository/Store Request Schedule 1/Page_Store/select_--Select--'

2018-05-30 17:57:19 - [TEST_STEP][PASSED] - selectOptionByIndex: All options with index in [6] are selected on object 'Object Repository/Store Request Schedule 1/Page_Store/select_--Select--Schedule 1Inj'

2018-05-30 17:57:19 - [MESSAGE][PASSED] - All options with index in [6] are selected on object 'Object Repository/Store Request Schedule 1/Page_Store/select_--Select--Schedule 1Inj'

2018-05-30 17:57:19 - [TEST_STEP][PASSED] - Statement - SelectedOptions = com.kms.katalon.core.webui.keyword.WebUiBuiltInKeywords.getNumberOfTotalOption(com.kms.katalon.core.testobject.ObjectRepository.findTestObject(Store Request Schedule 1/Page_Store/select_--Select--Adernaline 0.)): 14 options of object 'Object Repository/Store Request Schedule 1/Page_Store/select_--Select--Adernaline 0.' counted

2018-05-30 17:57:19 - [MESSAGE][PASSED] - 14 options of object 'Object Repository/Store Request Schedule 1/Page_Store/select_--Select--Adernaline 0.' counted

2018-05-30 17:57:19 - [TEST_STEP][PASSED] - Statement - For ([y = 1, y < SelectedOptions, (y++)]): Object: 'Object Repository/Store Request Schedule 1/Page_Store/button_Add' is clicked on

2018-05-30 17:57:19 - [TEST_STEP][PASSED] - selectOptionByIndex: All options with index in [6] are selected on object 'Object Repository/Store Request Schedule 1/Page_Store/select_--Select--Schedule 1Inj'

2018-05-30 17:57:19 - [MESSAGE][PASSED] - All options with index in [6] are selected on object 'Object Repository/Store Request Schedule 1/Page_Store/select_--Select--Schedule 1Inj'

2018-05-30 17:57:19 - [TEST_STEP][PASSED] - delay: Delayed 1 second(s)

2018-05-30 17:57:20 - [MESSAGE][PASSED] - Delayed 1 second(s)

2018-05-30 17:57:20 - [TEST_STEP][PASSED] - selectOptionByIndex: All options with index in [1] are selected on object 'Object Repository/Store Request Schedule 1/Page_Store/select_--Select--Adernaline 0.'

2018-05-30 17:57:20 - [MESSAGE][PASSED] - All options with index in [1] are selected on object 'Object Repository/Store Request Schedule 1/Page_Store/select_--Select--Adernaline 0.'

2018-05-30 17:57:20 - [TEST_STEP][PASSED] - setText: Text '100' is set on object 'Object Repository/Store Request Schedule 1/Page_Store/input_txttreat'

2018-05-30 17:57:20 - [MESSAGE][PASSED] - Text '100' is set on object 'Object Repository/Store Request Schedule 1/Page_Store/input_txttreat'

2018-05-30 17:57:20 - [TEST_STEP][PASSED] - click: Object: 'Object Repository/Store Request Schedule 1/Page_Store/button_Add' is clicked on

2018-05-30 17:57:20 - [MESSAGE][PASSED] - Object: 'Object Repository/Store Request Schedule 1/Page_Store/button_Add' is clicked on

2018-05-30 17:57:20 - [TEST_STEP][PASSED] - selectOptionByIndex: All options with index in [6] are selected on object 'Object Repository/Store Request Schedule 1/Page_Store/select_--Select--Schedule 1Inj'

2018-05-30 17:57:20 - [MESSAGE][PASSED] - All options with index in [6] are selected on object 'Object Repository/Store Request Schedule 1/Page_Store/select_--Select--Schedule 1Inj'

2018-05-30 17:57:20 - [TEST_STEP][PASSED] - delay: Delayed 1 second(s)

2018-05-30 17:57:21 - [MESSAGE][PASSED] - Delayed 1 second(s)

2018-05-30 17:57:21 - [TEST_STEP][PASSED] - selectOptionByIndex: All options with index in [2] are selected on object 'Object Repository/Store Request Schedule 1/Page_Store/select_--Select--Adernaline 0.'

2018-05-30 17:57:22 - [MESSAGE][PASSED] - All options with index in [2] are selected on object 'Object Repository/Store Request Schedule 1/Page_Store/select_--Select--Adernaline 0.'

2018-05-30 17:57:22 - [TEST_STEP][PASSED] - setText: Text '100' is set on object 'Object Repository/Store Request Schedule 1/Page_Store/input_txttreat'

2018-05-30 17:57:22 - [MESSAGE][PASSED] - Text '100' is set on object 'Object Repository/Store Request Schedule 1/Page_Store/input_txttreat'

2018-05-30 17:57:22 - [TEST_STEP][PASSED] - click: Object: 'Object Repository/Store Request Schedule 1/Page_Store/button_Add' is clicked on

2018-05-30 17:57:22 - [MESSAGE][PASSED] - Object: 'Object Repository/Store Request Schedule 1/Page_Store/button_Add' is clicked on

2018-05-30 17:57:22 - [TEST_STEP][PASSED] - selectOptionByIndex: All options with index in [6] are selected on object 'Object Repository/Store Request Schedule 1/Page_Store/select_--Select--Schedule 1Inj'

2018-05-30 17:57:22 - [MESSAGE][PASSED] - All options with index in [6] are selected on object 'Object Repository/Store Request Schedule 1/Page_Store/select_--Select--Schedule 1Inj'

2018-05-30 17:57:22 - [TEST_STEP][PASSED] - delay: Delayed 1 second(s)

2018-05-30 17:57:23 - [MESSAGE][PASSED] - Delayed 1 second(s)

2018-05-30 17:57:23 - [TEST_STEP][PASSED] - selectOptionByIndex: All options with index in [3] are selected on object 'Object Repository/Store Request Schedule 1/Page_Store/select_--Select--Adernaline 0.'

2018-05-30 17:57:23 - [MESSAGE][PASSED] - All options with index in [3] are selected on object 'Object Repository/Store Request Schedule 1/Page_Store/select_--Select--Adernaline 0.'

2018-05-30 17:57:23 - [TEST_STEP][PASSED] - setText: Text '100' is set on object 'Object Repository/Store Request Schedule 1/Page_Store/input_txttreat'

2018-05-30 17:57:23 - [MESSAGE][PASSED] - Text '100' is set on object 'Object Repository/Store Request Schedule 1/Page_Store/input_txttreat'

2018-05-30 17:57:23 - [TEST_STEP][PASSED] - click: Object: 'Object Repository/Store Request Schedule 1/Page_Store/button_Add' is clicked on

2018-05-30 17:57:23 - [MESSAGE][PASSED] - Object: 'Object Repository/Store Request Schedule 1/Page_Store/button_Add' is clicked on

2018-05-30 17:57:23 - [TEST_STEP][PASSED] - selectOptionByIndex: All options with index in [6] are selected on object 'Object Repository/Store Request Schedule 1/Page_Store/select_--Select--Schedule 1Inj'

2018-05-30 17:57:23 - [MESSAGE][PASSED] - All options with index in [6] are selected on object 'Object Repository/Store Request Schedule 1/Page_Store/select_--Select--Schedule 1Inj'

2018-05-30 17:57:23 - [TEST_STEP][PASSED] - delay: Delayed 1 second(s)

2018-05-30 17:57:24 - [MESSAGE][PASSED] - Delayed 1 second(s)

2018-05-30 17:57:24 - [TEST_STEP][PASSED] - selectOptionByIndex: All options with index in [4] are selected on object 'Object Repository/Store Request Schedule 1/Page_Store/select_--Select--Adernaline 0.'

2018-05-30 17:57:24 - [MESSAGE][PASSED] - All options with index in [4] are selected on object 'Object Repository/Store Request Schedule 1/Page_Store/select_--Select--Adernaline 0.'

2018-05-30 17:57:24 - [TEST_STEP][PASSED] - setText: Text '100' is set on object 'Object Repository/Store Request Schedule 1/Page_Store/input_txttreat'

2018-05-30 17:57:25 - [MESSAGE][PASSED] - Text '100' is set on object 'Object Repository/Store Request Schedule 1/Page_Store/input_txttreat'

2018-05-30 17:57:25 - [TEST_STEP][PASSED] - click: Object: 'Object Repository/Store Request Schedule 1/Page_Store/button_Add' is clicked on

2018-05-30 17:57:25 - [MESSAGE][PASSED] - Object: 'Object Repository/Store Request Schedule 1/Page_Store/button_Add' is clicked on

2018-05-30 17:57:25 - [TEST_STEP][PASSED] - selectOptionByIndex: All options with index in [6] are selected on object 'Object Repository/Store Request Schedule 1/Page_Store/select_--Select--Schedule 1Inj'

2018-05-30 17:57:25 - [MESSAGE][PASSED] - All options with index in [6] are selected on object 'Object Repository/Store Request Schedule 1/Page_Store/select_--Select--Schedule 1Inj'

2018-05-30 17:57:25 - [TEST_STEP][PASSED] - delay: Delayed 1 second(s)

2018-05-30 17:57:26 - [MESSAGE][PASSED] - Delayed 1 second(s)

2018-05-30 17:57:26 - [TEST_STEP][PASSED] - selectOptionByIndex: All options with index in [5] are selected on object 'Object Repository/Store Request Schedule 1/Page_Store/select_--Select--Adernaline 0.'

2018-05-30 17:57:26 - [MESSAGE][PASSED] - All options with index in [5] are selected on object 'Object Repository/Store Request Schedule 1/Page_Store/select_--Select--Adernaline 0.'

2018-05-30 17:57:26 - [TEST_STEP][PASSED] - setText: Text '100' is set on object 'Object Repository/Store Request Schedule 1/Page_Store/input_txttreat'

2018-05-30 17:57:26 - [MESSAGE][PASSED] - Text '100' is set on object 'Object Repository/Store Request Schedule 1/Page_Store/input_txttreat'

2018-05-30 17:57:26 - [TEST_STEP][PASSED] - click: Object: 'Object Repository/Store Request Schedule 1/Page_Store/button_Add' is clicked on

2018-05-30 17:57:26 - [MESSAGE][PASSED] - Object: 'Object Repository/Store Request Schedule 1/Page_Store/button_Add' is clicked on

2018-05-30 17:57:55 - [TEST_STEP][PASSED] - selectOptionByIndex: All options with index in [6] are selected on object 'Object Repository/Store Request Schedule 1/Page_Store/select_--Select--Schedule 1Inj'

2018-05-30 17:57:55 - [MESSAGE][PASSED] - All options with index in [6] are selected on object 'Object Repository/Store Request Schedule 1/Page_Store/select_--Select--Schedule 1Inj'

2018-05-30 17:57:55 - [TEST_STEP][PASSED] - delay: Delayed 1 second(s)

2018-05-30 17:57:56 - [MESSAGE][PASSED] - Delayed 1 second(s)

2018-05-30 17:57:56 - [TEST_STEP][PASSED] - selectOptionByIndex: All options with index in [6] are selected on object 'Object Repository/Store Request Schedule 1/Page_Store/select_--Select--Adernaline 0.'

2018-05-30 17:57:56 - [MESSAGE][PASSED] - All options with index in [6] are selected on object 'Object Repository/Store Request Schedule 1/Page_Store/select_--Select--Adernaline 0.'

2018-05-30 17:57:56 - [TEST_STEP][PASSED] - setText: Text '100' is set on object 'Object Repository/Store Request Schedule 1/Page_Store/input_txttreat'

2018-05-30 17:57:56 - [MESSAGE][PASSED] - Text '100' is set on object 'Object Repository/Store Request Schedule 1/Page_Store/input_txttreat'

2018-05-30 17:57:56 - [TEST_STEP][PASSED] - click: Object: 'Object Repository/Store Request Schedule 1/Page_Store/button_Add' is clicked on

2018-05-30 17:57:56 - [MESSAGE][PASSED] - Object: 'Object Repository/Store Request Schedule 1/Page_Store/button_Add' is clicked on

2018-05-30 17:57:56 - [TEST_STEP][PASSED] - selectOptionByIndex: All options with index in [6] are selected on object 'Object Repository/Store Request Schedule 1/Page_Store/select_--Select--Schedule 1Inj'

2018-05-30 17:57:57 - [MESSAGE][PASSED] - All options with index in [6] are selected on object 'Object Repository/Store Request Schedule 1/Page_Store/select_--Select--Schedule 1Inj'

2018-05-30 17:57:57 - [TEST_STEP][PASSED] - delay: Delayed 1 second(s)

2018-05-30 17:57:58 - [MESSAGE][PASSED] - Delayed 1 second(s)

2018-05-30 17:57:58 - [TEST_STEP][PASSED] - selectOptionByIndex: All options with index in [7] are selected on object 'Object Repository/Store Request Schedule 1/Page_Store/select_--Select--Adernaline 0.'

2018-05-30 17:57:58 - [MESSAGE][PASSED] - All options with index in [7] are selected on object 'Object Repository/Store Request Schedule 1/Page_Store/select_--Select--Adernaline 0.'

2018-05-30 17:57:58 - [TEST_STEP][PASSED] - setText: Text '100' is set on object 'Object Repository/Store Request Schedule 1/Page_Store/input_txttreat'

2018-05-30 17:57:58 - [MESSAGE][PASSED] - Text '100' is set on object 'Object Repository/Store Request Schedule 1/Page_Store/input_txttreat'

2018-05-30 17:57:58 - [TEST_STEP][PASSED] - click: Object: 'Object Repository/Store Request Schedule 1/Page_Store/button_Add' is clicked on

2018-05-30 17:57:58 - [MESSAGE][PASSED] - Object: 'Object Repository/Store Request Schedule 1/Page_Store/button_Add' is clicked on

2018-05-30 17:57:58 - [TEST_STEP][PASSED] - selectOptionByIndex: All options with index in [6] are selected on object 'Object Repository/Store Request Schedule 1/Page_Store/select_--Select--Schedule 1Inj'

2018-05-30 17:57:58 - [MESSAGE][PASSED] - All options with index in [6] are selected on object 'Object Repository/Store Request Schedule 1/Page_Store/select_--Select--Schedule 1Inj'

2018-05-30 17:57:58 - [TEST_STEP][PASSED] - delay: Delayed 1 second(s)

2018-05-30 17:57:59 - [MESSAGE][PASSED] - Delayed 1 second(s)

2018-05-30 17:57:59 - [TEST_STEP][PASSED] - selectOptionByIndex: All options with index in [8] are selected on object 'Object Repository/Store Request Schedule 1/Page_Store/select_--Select--Adernaline 0.'

2018-05-30 17:57:59 - [MESSAGE][PASSED] - All options with index in [8] are selected on object 'Object Repository/Store Request Schedule 1/Page_Store/select_--Select--Adernaline 0.'

2018-05-30 17:57:59 - [TEST_STEP][PASSED] - setText: Text '100' is set on object 'Object Repository/Store Request Schedule 1/Page_Store/input_txttreat'

2018-05-30 17:57:59 - [MESSAGE][PASSED] - Text '100' is set on object 'Object Repository/Store Request Schedule 1/Page_Store/input_txttreat'

2018-05-30 17:57:59 - [TEST_STEP][PASSED] - click: Object: 'Object Repository/Store Request Schedule 1/Page_Store/button_Add' is clicked on

2018-05-30 17:57:59 - [MESSAGE][PASSED] - Object: 'Object Repository/Store Request Schedule 1/Page_Store/button_Add' is clicked on

2018-05-30 17:57:59 - [TEST_STEP][PASSED] - selectOptionByIndex: All options with index in [6] are selected on object 'Object Repository/Store Request Schedule 1/Page_Store/select_--Select--Schedule 1Inj'

2018-05-30 17:58:00 - [MESSAGE][PASSED] - All options with index in [6] are selected on object 'Object Repository/Store Request Schedule 1/Page_Store/select_--Select--Schedule 1Inj'

2018-05-30 17:58:00 - [TEST_STEP][PASSED] - delay: Delayed 1 second(s)

2018-05-30 17:58:01 - [MESSAGE][PASSED] - Delayed 1 second(s)

2018-05-30 17:58:01 - [TEST_STEP][PASSED] - selectOptionByIndex: All options with index in [9] are selected on object 'Object Repository/Store Request Schedule 1/Page_Store/select_--Select--Adernaline 0.'

2018-05-30 17:58:01 - [MESSAGE][PASSED] - All options with index in [9] are selected on object 'Object Repository/Store Request Schedule 1/Page_Store/select_--Select--Adernaline 0.'

2018-05-30 17:58:01 - [TEST_STEP][PASSED] - setText: Text '100' is set on object 'Object Repository/Store Request Schedule 1/Page_Store/input_txttreat'

2018-05-30 17:58:01 - [MESSAGE][PASSED] - Text '100' is set on object 'Object Repository/Store Request Schedule 1/Page_Store/input_txttreat'

2018-05-30 17:58:01 - [TEST_STEP][PASSED] - click: Object: 'Object Repository/Store Request Schedule 1/Page_Store/button_Add' is clicked on

2018-05-30 17:58:01 - [MESSAGE][PASSED] - Object: 'Object Repository/Store Request Schedule 1/Page_Store/button_Add' is clicked on

2018-05-30 17:58:01 - [TEST_STEP][PASSED] - selectOptionByIndex: All options with index in [6] are selected on object 'Object Repository/Store Request Schedule 1/Page_Store/select_--Select--Schedule 1Inj'

2018-05-30 17:58:20 - [MESSAGE][PASSED] - All options with index in [6] are selected on object 'Object Repository/Store Request Schedule 1/Page_Store/select_--Select--Schedule 1Inj'

2018-05-30 17:58:20 - [TEST_STEP][PASSED] - delay: Delayed 1 second(s)

2018-05-30 17:58:21 - [MESSAGE][PASSED] - Delayed 1 second(s)

2018-05-30 17:58:21 - [TEST_STEP][PASSED] - selectOptionByIndex: All options with index in [10] are selected on object 'Object Repository/Store Request Schedule 1/Page_Store/select_--Select--Adernaline 0.'

2018-05-30 17:58:22 - [MESSAGE][PASSED] - All options with index in [10] are selected on object 'Object Repository/Store Request Schedule 1/Page_Store/select_--Select--Adernaline 0.'

2018-05-30 17:58:22 - [TEST_STEP][PASSED] - setText: Text '100' is set on object 'Object Repository/Store Request Schedule 1/Page_Store/input_txttreat'

2018-05-30 17:58:22 - [MESSAGE][PASSED] - Text '100' is set on object 'Object Repository/Store Request Schedule 1/Page_Store/input_txttreat'

2018-05-30 17:58:22 - [TEST_STEP][PASSED] - click: Object: 'Object Repository/Store Request Schedule 1/Page_Store/button_Add' is clicked on

2018-05-30 17:58:22 - [MESSAGE][PASSED] - Object: 'Object Repository/Store Request Schedule 1/Page_Store/button_Add' is clicked on

2018-05-30 17:58:22 - [TEST_STEP][PASSED] - selectOptionByIndex: All options with index in [6] are selected on object 'Object Repository/Store Request Schedule 1/Page_Store/select_--Select--Schedule 1Inj'

2018-05-30 17:58:22 - [MESSAGE][PASSED] - All options with index in [6] are selected on object 'Object Repository/Store Request Schedule 1/Page_Store/select_--Select--Schedule 1Inj'

2018-05-30 17:58:22 - [TEST_STEP][PASSED] - delay: Delayed 1 second(s)

2018-05-30 17:58:23 - [MESSAGE][PASSED] - Delayed 1 second(s)

2018-05-30 17:58:23 - [TEST_STEP][PASSED] - selectOptionByIndex: All options with index in [11] are selected on object 'Object Repository/Store Request Schedule 1/Page_Store/select_--Select--Adernaline 0.'

2018-05-30 17:58:23 - [MESSAGE][PASSED] - All options with index in [11] are selected on object 'Object Repository/Store Request Schedule 1/Page_Store/select_--Select--Adernaline 0.'

2018-05-30 17:58:23 - [TEST_STEP][PASSED] - setText: Text '100' is set on object 'Object Repository/Store Request Schedule 1/Page_Store/input_txttreat'

2018-05-30 17:58:23 - [MESSAGE][PASSED] - Text '100' is set on object 'Object Repository/Store Request Schedule 1/Page_Store/input_txttreat'

2018-05-30 17:58:23 - [TEST_STEP][PASSED] - click: Object: 'Object Repository/Store Request Schedule 1/Page_Store/button_Add' is clicked on

2018-05-30 17:58:23 - [MESSAGE][PASSED] - Object: 'Object Repository/Store Request Schedule 1/Page_Store/button_Add' is clicked on

2018-05-30 17:58:23 - [TEST_STEP][PASSED] - selectOptionByIndex: All options with index in [6] are selected on object 'Object Repository/Store Request Schedule 1/Page_Store/select_--Select--Schedule 1Inj'

2018-05-30 17:58:23 - [MESSAGE][PASSED] - All options with index in [6] are selected on object 'Object Repository/Store Request Schedule 1/Page_Store/select_--Select--Schedule 1Inj'

2018-05-30 17:58:23 - [TEST_STEP][PASSED] - delay: Delayed 1 second(s)

2018-05-30 17:58:24 - [MESSAGE][PASSED] - Delayed 1 second(s)

2018-05-30 17:58:24 - [TEST_STEP][PASSED] - selectOptionByIndex: All options with index in [12] are selected on object 'Object Repository/Store Request Schedule 1/Page_Store/select_--Select--Adernaline 0.'

2018-05-30 17:58:25 - [MESSAGE][PASSED] - All options with index in [12] are selected on object 'Object Repository/Store Request Schedule 1/Page_Store/select_--Select--Adernaline 0.'

2018-05-30 17:58:25 - [TEST_STEP][PASSED] - setText: Text '100' is set on object 'Object Repository/Store Request Schedule 1/Page_Store/input_txttreat'

2018-05-30 17:58:25 - [MESSAGE][PASSED] - Text '100' is set on object 'Object Repository/Store Request Schedule 1/Page_Store/input_txttreat'

2018-05-30 17:58:25 - [TEST_STEP][PASSED] - click: Object: 'Object Repository/Store Request Schedule 1/Page_Store/button_Add' is clicked on

2018-05-30 17:58:25 - [MESSAGE][PASSED] - Object: 'Object Repository/Store Request Schedule 1/Page_Store/button_Add' is clicked on

2018-05-30 17:58:25 - [TEST_STEP][PASSED] - selectOptionByIndex: All options with index in [6] are selected on object 'Object Repository/Store Request Schedule 1/Page_Store/select_--Select--Schedule 1Inj'

2018-05-30 17:58:25 - [MESSAGE][PASSED] - All options with index in [6] are selected on object 'Object Repository/Store Request Schedule 1/Page_Store/select_--Select--Schedule 1Inj'

2018-05-30 17:58:25 - [TEST_STEP][PASSED] - delay: Delayed 1 second(s)

2018-05-30 17:58:26 - [MESSAGE][PASSED] - Delayed 1 second(s)

2018-05-30 17:58:26 - [TEST_STEP][PASSED] - selectOptionByIndex: All options with index in [13] are selected on object 'Object Repository/Store Request Schedule 1/Page_Store/select_--Select--Adernaline 0.'

2018-05-30 17:58:26 - [MESSAGE][PASSED] - All options with index in [13] are selected on object 'Object Repository/Store Request Schedule 1/Page_Store/select_--Select--Adernaline 0.'

2018-05-30 17:58:26 - [TEST_STEP][PASSED] - setText: Text '100' is set on object 'Object Repository/Store Request Schedule 1/Page_Store/input_txttreat'

2018-05-30 17:58:26 - [MESSAGE][PASSED] - Text '100' is set on object 'Object Repository/Store Request Schedule 1/Page_Store/input_txttreat'

2018-05-30 17:58:26 - [TEST_STEP][PASSED] - click: Object: 'Object Repository/Store Request Schedule 1/Page_Store/button_Add' is clicked on

2018-05-30 17:58:26 - [MESSAGE][PASSED] - Object: 'Object Repository/Store Request Schedule 1/Page_Store/button_Add' is clicked on

2018-05-30 17:58:26 - [TEST_STEP][PASSED] - delay: Delayed 2 second(s)

2018-05-30 17:58:28 - [MESSAGE][PASSED] - Delayed 2 second(s)

2018-05-30 17:58:28 - [TEST_STEP][PASSED] - scrollToElement: Scroll to object 'Object Repository/Store Request Schedule 1/Page_Store/input_btnsave' successfully

2018-05-30 17:58:28 - [MESSAGE][PASSED] - Scroll to object 'Object Repository/Store Request Schedule 1/Page_Store/input_btnsave' successfully

2018-05-30 17:58:28 - [TEST_STEP][PASSED] - click: Object: 'Object Repository/Store Request Schedule 1/Page_Store/input_btnsave' is clicked on

2018-05-30 17:58:29 - [MESSAGE][PASSED] - Object: 'Object Repository/Store Request Schedule 1/Page_Store/input_btnsave' is clicked on

2018-05-30 17:58:29 - [TEST_STEP][PASSED] - delay: Delayed 4 second(s)

2018-05-30 17:58:33 - [MESSAGE][PASSED] - Delayed 4 second(s)

2018-05-30 17:58:33 - [TEST_STEP][PASSED] - Statement - Cms_RequestNumber = com.kms.katalon.core.webui.keyword.WebUiBuiltInKeywords.getText(com.kms.katalon.core.testobject.ObjectRepository.findTestObject(Store Request Schedule 1/Page_Store/font_PRNO050520189)): Text of object 'Object Repository/Store Request Schedule 1/Page_Store/font_PRNO050520189' is: 'PRNO/30052018/480'

2018-05-30 17:58:33 - [MESSAGE][PASSED] - Text of object 'Object Repository/Store Request Schedule 1/Page_Store/font_PRNO050520189' is: 'PRNO/30052018/480'

2018-05-30 17:58:33 - [TEST_STEP][PASSED] - Statement - CR = Cms_RequestNumber.trim(): null

2018-05-30 17:58:33 - [TEST_STEP][PASSED] - Statement - out.println("RQ :" + Cms_RequestNumber): null

2018-05-30 17:58:33 - [TEST_STEP][PASSED] - Statement - RequestNumberID = Cms_RequestNumber.split("/")[2].trim(): null

2018-05-30 17:58:33 - [TEST_STEP][PASSED] - Statement - out.println("RQ ID :" + RequestNumberID): null

2018-05-30 17:58:33 - [TEST_STEP][PASSED] - delay: Delayed 3 second(s)

2018-05-30 17:58:36 - [MESSAGE][PASSED] - Delayed 3 second(s)

2018-05-30 17:58:36 - [TEST_STEP][PASSED] - Statement - ok = com.kms.katalon.core.webui.keyword.WebUiBuiltInKeywords.click(com.kms.katalon.core.testobject.ObjectRepository.findTestObject(Store Request Schedule 1/Page_Store/button_OK)): Object: 'Object Repository/Store Request Schedule 1/Page_Store/button_OK' is clicked on

2018-05-30 17:58:37 - [MESSAGE][PASSED] - Object: 'Object Repository/Store Request Schedule 1/Page_Store/button_OK' is clicked on

2018-05-30 17:58:37 - [TEST_STEP][PASSED] - delay: Delayed 3 second(s)

2018-05-30 17:58:40 - [MESSAGE][PASSED] - Delayed 3 second(s)

2018-05-30 17:58:40 - [TEST_STEP][PASSED] - click: Object: 'Object Repository/Store Request Schedule 1/Page_Store/a_dropdown-toggle' is clicked on

2018-05-30 17:58:40 - [MESSAGE][PASSED] - Object: 'Object Repository/Store Request Schedule 1/Page_Store/a_dropdown-toggle' is clicked on

2018-05-30 17:58:40 - [TEST_STEP][PASSED] - click: Object: 'Object Repository/Store Request Schedule 1/Page_Store/a_Sign out' is clicked on

2018-05-30 17:58:44 - [MESSAGE][PASSED] - Object: 'Object Repository/Store Request Schedule 1/Page_Store/a_Sign out' is clicked on

2018-05-30 17:58:44 - [TEST_STEP][PASSED] - delay: Delayed 3 second(s)

2018-05-30 17:58:47 - [MESSAGE][PASSED] - Delayed 3 second(s)

2018-05-30 17:58:47 - [TEST_STEP][PASSED] - click: Object: 'Object Repository/Store Request Schedule 1/Page_KDMC/a_CMO' is clicked on

2018-05-30 17:58:55 - [MESSAGE][PASSED] - Object: 'Object Repository/Store Request Schedule 1/Page_KDMC/a_CMO' is clicked on

2018-05-30 17:58:55 - [TEST_STEP][PASSED] - setText: Text 'guru' is set on object 'Object Repository/Store Request Schedule 1/Page_CMO login/input_txtusername'

2018-05-30 17:58:55 - [MESSAGE][PASSED] - Text 'guru' is set on object 'Object Repository/Store Request Schedule 1/Page_CMO login/input_txtusername'

2018-05-30 17:58:55 - [TEST_STEP][PASSED] - setText: Text '123' is set on object 'Object Repository/Store Request Schedule 1/Page_CMO login/input_txtpassword'

2018-05-30 17:58:55 - [MESSAGE][PASSED] - Text '123' is set on object 'Object Repository/Store Request Schedule 1/Page_CMO login/input_txtpassword'

2018-05-30 17:58:55 - [TEST_STEP][PASSED] - delay: Delayed 3 second(s)

2018-05-30 17:58:58 - [MESSAGE][PASSED] - Delayed 3 second(s)

2018-05-30 17:58:58 - [TEST_STEP][PASSED] - click: Object: 'Object Repository/Store Request Schedule 1/Page_CMO login/button_Sign in' is clicked on

2018-05-30 17:59:28 - [MESSAGE][PASSED] - Object: 'Object Repository/Store Request Schedule 1/Page_CMO login/button_Sign in' is clicked on

2018-05-30 17:59:28 - [TEST_STEP][PASSED] - delay: Delayed 2 second(s)

2018-05-30 17:59:30 - [MESSAGE][PASSED] - Delayed 2 second(s)

2018-05-30 17:59:30 - [TEST_STEP][PASSED] - click: Object: 'Object Repository/Store Request Schedule 1/Page_KDMC - CMO/span_Department Wise Request' is clicked on

2018-05-30 17:59:31 - [MESSAGE][PASSED] - Object: 'Object Repository/Store Request Schedule 1/Page_KDMC - CMO/span_Department Wise Request' is clicked on

2018-05-30 17:59:31 - [TEST_STEP][PASSED] - click: Object: 'Object Repository/Store Request Schedule 1/Page_KDMC - CMO/a_CMS Request' is clicked on

2018-05-30 17:59:31 - [MESSAGE][PASSED] - Object: 'Object Repository/Store Request Schedule 1/Page_KDMC - CMO/a_CMS Request' is clicked on

2018-05-30 17:59:31 - [TEST_STEP][PASSED] - click: Object: 'Object Repository/Store Request Schedule 1/Page_KDMC - CMO/a_CMS Request' is clicked on

2018-05-30 17:59:31 - [MESSAGE][PASSED] - Object: 'Object Repository/Store Request Schedule 1/Page_KDMC - CMO/a_CMS Request' is clicked on

2018-05-30 17:59:31 - [TEST_STEP][PASSED] - click: Object: 'Object Repository/Store Request Schedule 1/Page_KDMC - CMO/span_Divisional Store Request' is clicked on

2018-05-30 17:59:33 - [MESSAGE][PASSED] - Object: 'Object Repository/Store Request Schedule 1/Page_KDMC - CMO/span_Divisional Store Request' is clicked on

2018-05-30 17:59:33 - [TEST_STEP][PASSED] - delay: Delayed 2 second(s)

2018-05-30 17:59:35 - [MESSAGE][PASSED] - Delayed 2 second(s)

2018-05-30 17:59:35 - [TEST_STEP][PASSED] - Statement - approval = com.kms.katalon.core.webui.keyword.WebUiBuiltInKeywords.modifyObjectProperty(com.kms.katalon.core.testobject.ObjectRepository.findTestObject(Store Request Schedule 1/Page_KDMC - CMO/input_PRNO050520189), "xpath", "equals", "//*[@id=" + RequestNumberID + "]", true): Modify property of object successfully

2018-05-30 17:59:35 - [MESSAGE][PASSED] - Modify property of object successfully

2018-05-30 17:59:35 - [TEST_STEP][PASSED] - click: Object: 'Object Repository/Store Request Schedule 1/Page_KDMC - CMO/input_PRNO050520189' is clicked on

2018-05-30 17:59:35 - [MESSAGE][PASSED] - Object: 'Object Repository/Store Request Schedule 1/Page_KDMC - CMO/input_PRNO050520189' is clicked on

2018-05-30 17:59:35 - [TEST_STEP][PASSED] - delay: Delayed 2 second(s)

2018-05-30 17:59:37 - [MESSAGE][PASSED] - Delayed 2 second(s)

2018-05-30 17:59:37 - [TEST_STEP][PASSED] - selectOptionByIndex: All options with index in [1] are selected on object 'Object Repository/Store Request Schedule 1/Page_KDMC - CMO/select_--Select--'

2018-05-30 17:59:37 - [MESSAGE][PASSED] - All options with index in [1] are selected on object 'Object Repository/Store Request Schedule 1/Page_KDMC - CMO/select_--Select--'

2018-05-30 17:59:37 - [TEST_STEP][PASSED] - click: Object: 'Object Repository/Store Request Schedule 1/Page_KDMC - CMO/input_btnupdate' is clicked on

2018-05-30 17:59:37 - [MESSAGE][PASSED] - Object: 'Object Repository/Store Request Schedule 1/Page_KDMC - CMO/input_btnupdate' is clicked on

2018-05-30 17:59:37 - [TEST_STEP][PASSED] - delay: Delayed 2 second(s)

2018-05-30 17:59:39 - [MESSAGE][PASSED] - Delayed 2 second(s)

2018-05-30 17:59:39 - [TEST_STEP][PASSED] - click: Object: 'Object Repository/Store Request Schedule 1/Page_KDMC - CMO/button_OK' is clicked on

2018-05-30 17:59:40 - [MESSAGE][PASSED] - Object: 'Object Repository/Store Request Schedule 1/Page_KDMC - CMO/button_OK' is clicked on

2018-05-30 17:59:40 - [TEST_STEP][PASSED] - delay: Delayed 2 second(s)

2018-05-30 17:59:42 - [MESSAGE][PASSED] - Delayed 2 second(s)

2018-05-30 17:59:42 - [TEST_STEP][PASSED] - click: Object: 'Object Repository/Store Request Schedule 1/Page_KDMC - CMO/a_dropdown-toggle' is clicked on

2018-05-30 17:59:42 - [MESSAGE][PASSED] - Object: 'Object Repository/Store Request Schedule 1/Page_KDMC - CMO/a_dropdown-toggle' is clicked on

2018-05-30 17:59:42 - [TEST_STEP][PASSED] - click: Object: 'Object Repository/Store Request Schedule 1/Page_KDMC - CMO/a_Sign out' is clicked on

2018-05-30 17:59:43 - [MESSAGE][PASSED] - Object: 'Object Repository/Store Request Schedule 1/Page_KDMC - CMO/a_Sign out' is clicked on

2018-05-30 17:59:43 - [TEST_STEP][PASSED] - delay: Delayed 3 second(s)

2018-05-30 17:59:46 - [MESSAGE][PASSED] - Delayed 3 second(s)

2018-05-30 17:59:46 - [TEST_STEP][PASSED] - click: Object: 'Object Repository/store Request Schedule 1/Page_KDMC/a_CMS' is clicked on

2018-05-30 17:59:46 - [MESSAGE][PASSED] - Object: 'Object Repository/store Request Schedule 1/Page_KDMC/a_CMS' is clicked on

2018-05-30 17:59:46 - [TEST_STEP][PASSED] - setText: Text 'bala' is set on object 'Object Repository/store Request Schedule 1/Page_CMS login/input_txtusername'

2018-05-30 17:59:47 - [MESSAGE][PASSED] - Text 'bala' is set on object 'Object Repository/store Request Schedule 1/Page_CMS login/input_txtusername'

2018-05-30 17:59:47 - [TEST_STEP][PASSED] - setText: Text '123' is set on object 'Object Repository/store Request Schedule 1/Page_CMS login/input_txtpassword'

2018-05-30 17:59:47 - [MESSAGE][PASSED] - Text '123' is set on object 'Object Repository/store Request Schedule 1/Page_CMS login/input_txtpassword'

2018-05-30 17:59:47 - [TEST_STEP][PASSED] - delay: Delayed 3 second(s)

2018-05-30 17:59:50 - [MESSAGE][PASSED] - Delayed 3 second(s)

2018-05-30 17:59:50 - [TEST_STEP][PASSED] - click: Object: 'Object Repository/store Request Schedule 1/Page_CMS login/button_Sign in' is clicked on

2018-05-30 17:59:50 - [MESSAGE][PASSED] - Object: 'Object Repository/store Request Schedule 1/Page_CMS login/button_Sign in' is clicked on

2018-05-30 17:59:50 - [TEST_STEP][PASSED] - delay: Delayed 2 second(s)

2018-05-30 17:59:52 - [MESSAGE][PASSED] - Delayed 2 second(s)

2018-05-30 17:59:52 - [TEST_STEP][PASSED] - click: Object: 'Object Repository/store Request Schedule 1/Page_KDMC - CMS/a_Divisional Store' is clicked on

2018-05-30 17:59:52 - [MESSAGE][PASSED] - Object: 'Object Repository/store Request Schedule 1/Page_KDMC - CMS/a_Divisional Store' is clicked on

2018-05-30 17:59:52 - [TEST_STEP][PASSED] - delay: Delayed 2 second(s)

2018-05-30 17:59:54 - [MESSAGE][PASSED] - Delayed 2 second(s)

2018-05-30 17:59:54 - [TEST_STEP][PASSED] - click: Object: 'Object Repository/store Request Schedule 1/Page_KDMC - CMS/a_Dispatch Items' is clicked on

2018-05-30 17:59:55 - [MESSAGE][PASSED] - Object: 'Object Repository/store Request Schedule 1/Page_KDMC - CMS/a_Dispatch Items' is clicked on

2018-05-30 17:59:55 - [TEST_STEP][PASSED] - setText: Text 'PRNO/30052018/480' is set on object 'Object Repository/store Request Schedule 1/Page_KDMC - CMS/input'

2018-05-30 17:59:56 - [MESSAGE][PASSED] - Text 'PRNO/30052018/480' is set on object 'Object Repository/store Request Schedule 1/Page_KDMC - CMS/input'

2018-05-30 17:59:56 - [TEST_STEP][PASSED] - click: Object: 'Object Repository/store Request Schedule 1/Page_KDMC - CMS/td_text-center' is clicked on

2018-05-30 17:59:56 - [MESSAGE][PASSED] - Object: 'Object Repository/store Request Schedule 1/Page_KDMC - CMS/td_text-center' is clicked on

2018-05-30 17:59:56 - [TEST_STEP][PASSED] - delay: Delayed 2 second(s)

2018-05-30 17:59:58 - [MESSAGE][PASSED] - Delayed 2 second(s)

2018-05-30 17:59:58 - [TEST_STEP][PASSED] - Statement - For ([row = 0, row < SelectedOptions - 1, (row++)]): null

2018-05-30 17:59:58 - [TEST_STEP][PASSED] - Statement - batchlength = new com.kms.katalon.core.testobject.TestObject(): null

2018-05-30 17:59:58 - [TEST_STEP][PASSED] - Statement - batchlength = com.kms.katalon.core.webui.keyword.WebUiBuiltInKeywords.modifyObjectProperty(batchlength, "xpath", "equals", "//*[@id = "fldvendor" + row + ""]", true): Modify property of object successfully

2018-05-30 17:59:58 - [MESSAGE][PASSED] - Modify property of object successfully

2018-05-30 17:59:58 - [TEST_STEP][PASSED] - Statement - batchsize = com.kms.katalon.core.webui.keyword.WebUiBuiltInKeywords.getNumberOfTotalOption(batchlength): 10 options of object '' counted

2018-05-30 17:59:58 - [MESSAGE][PASSED] - 10 options of object '' counted

2018-05-30 17:59:58 - [TEST_STEP][PASSED] - Statement - out.println("BatchSize : " + batchsize): null

2018-05-30 17:59:58 - [TEST_STEP][PASSED] - Statement - For ([n = 1, n <= batchsize - 1, (n++)]): null

2018-05-30 17:59:58 - [TEST_STEP][PASSED] - Statement - product = new com.kms.katalon.core.testobject.TestObject(): null

2018-05-30 17:59:58 - [TEST_STEP][PASSED] - Statement - product = com.kms.katalon.core.webui.keyword.WebUiBuiltInKeywords.modifyObjectProperty(product, "xpath", "equals", "//*[@id = "fldvendor" + row + ""]", true): Modify property of object successfully

2018-05-30 17:59:58 - [MESSAGE][PASSED] - Modify property of object successfully

2018-05-30 17:59:58 - [TEST_STEP][PASSED] - selectOptionByIndex: All options with index in [1] are selected on object ''

2018-05-30 17:59:58 - [MESSAGE][PASSED] - All options with index in [1] are selected on object ''

2018-05-30 17:59:58 - [TEST_STEP][PASSED] - delay: Delayed 2 second(s)

2018-05-30 18:00:00 - [MESSAGE][PASSED] - Delayed 2 second(s)

2018-05-30 18:00:00 - [TEST_STEP][PASSED] - Statement - batch = new com.kms.katalon.core.testobject.TestObject(): null

2018-05-30 18:00:00 - [TEST_STEP][PASSED] - Statement - batch = com.kms.katalon.core.webui.keyword.WebUiBuiltInKeywords.modifyObjectProperty(batch, "xpath", "equals", "//*[@id = "txtbthqty" + row + ""]", true): Modify property of object successfully

2018-05-30 18:00:00 - [MESSAGE][PASSED] - Modify property of object successfully

2018-05-30 18:00:00 - [TEST_STEP][PASSED] - Statement - batchqty = com.kms.katalon.core.webui.keyword.WebUiBuiltInKeywords.getAttribute(batch, "value").trim(): Attribute 'value' of object '' is: '38200'

2018-05-30 18:00:00 - [MESSAGE][PASSED] - Attribute 'value' of object '' is: '38200'

2018-05-30 18:00:00 - [TEST_STEP][PASSED] - Statement - Rqty = 100: null

2018-05-30 18:00:00 - [TEST_STEP][PASSED] - Statement - out.println("BatchQty : " + batchqty): null

2018-05-30 18:00:00 - [TEST_STEP][PASSED] - Statement - out.println("RQty : " + Rqty): null

2018-05-30 18:00:00 - [TEST_STEP][PASSED] - Statement - If (java.lang.Integer.valueOf(batchqty) >= java.lang.Integer.valueOf(Rqty)): null

2018-05-30 18:00:00 - [TEST_STEP][PASSED] - Statement - Break: null

2018-05-30 18:00:00 - [TEST_STEP][PASSED] - Statement - batchlength = new com.kms.katalon.core.testobject.TestObject(): null

2018-05-30 18:00:00 - [TEST_STEP][PASSED] - Statement - batchlength = com.kms.katalon.core.webui.keyword.WebUiBuiltInKeywords.modifyObjectProperty(batchlength, "xpath", "equals", "//*[@id = "fldvendor" + row + ""]", true): Modify property of object successfully

2018-05-30 18:00:00 - [MESSAGE][PASSED] - Modify property of object successfully

2018-05-30 18:00:00 - [TEST_STEP][PASSED] - Statement - batchsize = com.kms.katalon.core.webui.keyword.WebUiBuiltInKeywords.getNumberOfTotalOption(batchlength): 10 options of object '' counted

2018-05-30 18:00:00 - [MESSAGE][PASSED] - 10 options of object '' counted

2018-05-30 18:00:00 - [TEST_STEP][PASSED] - Statement - out.println("BatchSize : " + batchsize): null

2018-05-30 18:00:00 - [TEST_STEP][PASSED] - Statement - For ([n = 1, n <= batchsize - 1, (n++)]): null

2018-05-30 18:00:00 - [TEST_STEP][PASSED] - Statement - product = new com.kms.katalon.core.testobject.TestObject(): null

2018-05-30 18:00:00 - [TEST_STEP][PASSED] - Statement - product = com.kms.katalon.core.webui.keyword.WebUiBuiltInKeywords.modifyObjectProperty(product, "xpath", "equals", "//*[@id = "fldvendor" + row + ""]", true): Modify property of object successfully

2018-05-30 18:00:00 - [MESSAGE][PASSED] - Modify property of object successfully

2018-05-30 18:00:00 - [TEST_STEP][PASSED] - selectOptionByIndex: All options with index in [1] are selected on object ''

2018-05-30 18:00:00 - [MESSAGE][PASSED] - All options with index in [1] are selected on object ''

2018-05-30 18:00:00 - [TEST_STEP][PASSED] - delay: Delayed 2 second(s)

2018-05-30 18:00:02 - [MESSAGE][PASSED] - Delayed 2 second(s)

2018-05-30 18:00:02 - [TEST_STEP][PASSED] - Statement - batch = new com.kms.katalon.core.testobject.TestObject(): null

2018-05-30 18:00:02 - [TEST_STEP][PASSED] - Statement - batch = com.kms.katalon.core.webui.keyword.WebUiBuiltInKeywords.modifyObjectProperty(batch, "xpath", "equals", "//*[@id = "txtbthqty" + row + ""]", true): Modify property of object successfully

2018-05-30 18:00:02 - [MESSAGE][PASSED] - Modify property of object successfully

2018-05-30 18:00:02 - [TEST_STEP][PASSED] - Statement - batchqty = com.kms.katalon.core.webui.keyword.WebUiBuiltInKeywords.getAttribute(batch, "value").trim(): Attribute 'value' of object '' is: '4700'

2018-05-30 18:00:02 - [MESSAGE][PASSED] - Attribute 'value' of object '' is: '4700'

2018-05-30 18:00:02 - [TEST_STEP][PASSED] - Statement - Rqty = 100: null

2018-05-30 18:00:02 - [TEST_STEP][PASSED] - Statement - out.println("BatchQty : " + batchqty): null

2018-05-30 18:00:02 - [TEST_STEP][PASSED] - Statement - out.println("RQty : " + Rqty): null

2018-05-30 18:00:02 - [TEST_STEP][PASSED] - Statement - If (java.lang.Integer.valueOf(batchqty) >= java.lang.Integer.valueOf(Rqty)): null

2018-05-30 18:00:02 - [TEST_STEP][PASSED] - Statement - Break: null

2018-05-30 18:00:02 - [TEST_STEP][PASSED] - Statement - batchlength = new com.kms.katalon.core.testobject.TestObject(): null

2018-05-30 18:00:02 - [TEST_STEP][PASSED] - Statement - batchlength = com.kms.katalon.core.webui.keyword.WebUiBuiltInKeywords.modifyObjectProperty(batchlength, "xpath", "equals", "//*[@id = "fldvendor" + row + ""]", true): Modify property of object successfully

2018-05-30 18:00:02 - [MESSAGE][PASSED] - Modify property of object successfully

2018-05-30 18:00:02 - [TEST_STEP][PASSED] - Statement - batchsize = com.kms.katalon.core.webui.keyword.WebUiBuiltInKeywords.getNumberOfTotalOption(batchlength): 10 options of object '' counted

2018-05-30 18:00:02 - [MESSAGE][PASSED] - 10 options of object '' counted

2018-05-30 18:00:02 - [TEST_STEP][PASSED] - Statement - out.println("BatchSize : " + batchsize): null

2018-05-30 18:00:02 - [TEST_STEP][PASSED] - Statement - For ([n = 1, n <= batchsize - 1, (n++)]): null

2018-05-30 18:00:02 - [TEST_STEP][PASSED] - Statement - product = new com.kms.katalon.core.testobject.TestObject(): null

2018-05-30 18:00:02 - [TEST_STEP][PASSED] - Statement - product = com.kms.katalon.core.webui.keyword.WebUiBuiltInKeywords.modifyObjectProperty(product, "xpath", "equals", "//*[@id = "fldvendor" + row + ""]", true): Modify property of object successfully

2018-05-30 18:00:02 - [MESSAGE][PASSED] - Modify property of object successfully

2018-05-30 18:00:02 - [TEST_STEP][PASSED] - selectOptionByIndex: All options with index in [1] are selected on object ''

2018-05-30 18:00:03 - [MESSAGE][PASSED] - All options with index in [1] are selected on object ''

2018-05-30 18:00:03 - [TEST_STEP][PASSED] - delay: Delayed 2 second(s)

2018-05-30 18:00:05 - [MESSAGE][PASSED] - Delayed 2 second(s)

2018-05-30 18:00:05 - [TEST_STEP][PASSED] - Statement - batch = new com.kms.katalon.core.testobject.TestObject(): null

2018-05-30 18:00:05 - [TEST_STEP][PASSED] - Statement - batch = com.kms.katalon.core.webui.keyword.WebUiBuiltInKeywords.modifyObjectProperty(batch, "xpath", "equals", "//*[@id = "txtbthqty" + row + ""]", true): Modify property of object successfully

2018-05-30 18:00:05 - [MESSAGE][PASSED] - Modify property of object successfully

2018-05-30 18:00:05 - [TEST_STEP][PASSED] - Statement - batchqty = com.kms.katalon.core.webui.keyword.WebUiBuiltInKeywords.getAttribute(batch, "value").trim(): Attribute 'value' of object '' is: '3100'

2018-05-30 18:00:05 - [MESSAGE][PASSED] - Attribute 'value' of object '' is: '3100'

2018-05-30 18:00:05 - [TEST_STEP][PASSED] - Statement - Rqty = 100: null

2018-05-30 18:00:05 - [TEST_STEP][PASSED] - Statement - out.println("BatchQty : " + batchqty): null

2018-05-30 18:00:05 - [TEST_STEP][PASSED] - Statement - out.println("RQty : " + Rqty): null

2018-05-30 18:00:05 - [TEST_STEP][PASSED] - Statement - If (java.lang.Integer.valueOf(batchqty) >= java.lang.Integer.valueOf(Rqty)): null

2018-05-30 18:00:05 - [TEST_STEP][PASSED] - Statement - Break: null

2018-05-30 18:00:05 - [TEST_STEP][PASSED] - Statement - batchlength = new com.kms.katalon.core.testobject.TestObject(): null

2018-05-30 18:00:05 - [TEST_STEP][PASSED] - Statement - batchlength = com.kms.katalon.core.webui.keyword.WebUiBuiltInKeywords.modifyObjectProperty(batchlength, "xpath", "equals", "//*[@id = "fldvendor" + row + ""]", true): Modify property of object successfully

2018-05-30 18:00:05 - [MESSAGE][PASSED] - Modify property of object successfully

2018-05-30 18:00:05 - [TEST_STEP][PASSED] - Statement - batchsize = com.kms.katalon.core.webui.keyword.WebUiBuiltInKeywords.getNumberOfTotalOption(batchlength): 9 options of object '' counted

2018-05-30 18:00:05 - [MESSAGE][PASSED] - 9 options of object '' counted

2018-05-30 18:00:05 - [TEST_STEP][PASSED] - Statement - out.println("BatchSize : " + batchsize): null

2018-05-30 18:00:05 - [TEST_STEP][PASSED] - Statement - For ([n = 1, n <= batchsize - 1, (n++)]): null

2018-05-30 18:00:05 - [TEST_STEP][PASSED] - Statement - product = new com.kms.katalon.core.testobject.TestObject(): null

2018-05-30 18:00:05 - [TEST_STEP][PASSED] - Statement - product = com.kms.katalon.core.webui.keyword.WebUiBuiltInKeywords.modifyObjectProperty(product, "xpath", "equals", "//*[@id = "fldvendor" + row + ""]", true): Modify property of object successfully

2018-05-30 18:00:05 - [MESSAGE][PASSED] - Modify property of object successfully

2018-05-30 18:00:05 - [TEST_STEP][PASSED] - selectOptionByIndex: All options with index in [1] are selected on object ''

2018-05-30 18:00:05 - [MESSAGE][PASSED] - All options with index in [1] are selected on object ''

2018-05-30 18:00:05 - [TEST_STEP][PASSED] - delay: Delayed 2 second(s)

2018-05-30 18:00:07 - [MESSAGE][PASSED] - Delayed 2 second(s)

2018-05-30 18:00:07 - [TEST_STEP][PASSED] - Statement - batch = new com.kms.katalon.core.testobject.TestObject(): null

2018-05-30 18:00:07 - [TEST_STEP][PASSED] - Statement - batch = com.kms.katalon.core.webui.keyword.WebUiBuiltInKeywords.modifyObjectProperty(batch, "xpath", "equals", "//*[@id = "txtbthqty" + row + ""]", true): Modify property of object successfully

2018-05-30 18:00:07 - [MESSAGE][PASSED] - Modify property of object successfully

2018-05-30 18:00:07 - [TEST_STEP][PASSED] - Statement - batchqty = com.kms.katalon.core.webui.keyword.WebUiBuiltInKeywords.getAttribute(batch, "value").trim(): Attribute 'value' of object '' is: '3300'

2018-05-30 18:00:07 - [MESSAGE][PASSED] - Attribute 'value' of object '' is: '3300'

2018-05-30 18:00:07 - [TEST_STEP][PASSED] - Statement - Rqty = 100: null

2018-05-30 18:00:07 - [TEST_STEP][PASSED] - Statement - out.println("BatchQty : " + batchqty): null

2018-05-30 18:00:07 - [TEST_STEP][PASSED] - Statement - out.println("RQty : " + Rqty): null

2018-05-30 18:00:07 - [TEST_STEP][PASSED] - Statement - If (java.lang.Integer.valueOf(batchqty) >= java.lang.Integer.valueOf(Rqty)): null

2018-05-30 18:00:07 - [TEST_STEP][PASSED] - Statement - Break: null

2018-05-30 18:00:07 - [TEST_STEP][PASSED] - Statement - batchlength = new com.kms.katalon.core.testobject.TestObject(): null

2018-05-30 18:00:07 - [TEST_STEP][PASSED] - Statement - batchlength = com.kms.katalon.core.webui.keyword.WebUiBuiltInKeywords.modifyObjectProperty(batchlength, "xpath", "equals", "//*[@id = "fldvendor" + row + ""]", true): Modify property of object successfully

2018-05-30 18:00:07 - [MESSAGE][PASSED] - Modify property of object successfully

2018-05-30 18:00:07 - [TEST_STEP][PASSED] - Statement - batchsize = com.kms.katalon.core.webui.keyword.WebUiBuiltInKeywords.getNumberOfTotalOption(batchlength): 10 options of object '' counted

2018-05-30 18:00:07 - [MESSAGE][PASSED] - 10 options of object '' counted

2018-05-30 18:00:07 - [TEST_STEP][PASSED] - Statement - out.println("BatchSize : " + batchsize): null

2018-05-30 18:00:07 - [TEST_STEP][PASSED] - Statement - For ([n = 1, n <= batchsize - 1, (n++)]): null

2018-05-30 18:00:07 - [TEST_STEP][PASSED] - Statement - product = new com.kms.katalon.core.testobject.TestObject(): null

2018-05-30 18:00:07 - [TEST_STEP][PASSED] - Statement - product = com.kms.katalon.core.webui.keyword.WebUiBuiltInKeywords.modifyObjectProperty(product, "xpath", "equals", "//*[@id = "fldvendor" + row + ""]", true): Modify property of object successfully

2018-05-30 18:00:07 - [MESSAGE][PASSED] - Modify property of object successfully

2018-05-30 18:00:07 - [TEST_STEP][PASSED] - selectOptionByIndex: All options with index in [1] are selected on object ''

2018-05-30 18:00:07 - [MESSAGE][PASSED] - All options with index in [1] are selected on object ''

2018-05-30 18:00:07 - [TEST_STEP][PASSED] - delay: Delayed 2 second(s)

2018-05-30 18:00:09 - [MESSAGE][PASSED] - Delayed 2 second(s)

2018-05-30 18:00:09 - [TEST_STEP][PASSED] - Statement - batch = new com.kms.katalon.core.testobject.TestObject(): null

2018-05-30 18:00:09 - [TEST_STEP][PASSED] - Statement - batch = com.kms.katalon.core.webui.keyword.WebUiBuiltInKeywords.modifyObjectProperty(batch, "xpath", "equals", "//*[@id = "txtbthqty" + row + ""]", true): Modify property of object successfully

2018-05-30 18:00:09 - [MESSAGE][PASSED] - Modify property of object successfully

2018-05-30 18:00:09 - [TEST_STEP][PASSED] - Statement - batchqty = com.kms.katalon.core.webui.keyword.WebUiBuiltInKeywords.getAttribute(batch, "value").trim(): Attribute 'value' of object '' is: '3200'

2018-05-30 18:00:09 - [MESSAGE][PASSED] - Attribute 'value' of object '' is: '3200'

2018-05-30 18:00:09 - [TEST_STEP][PASSED] - Statement - Rqty = 100: null

2018-05-30 18:00:09 - [TEST_STEP][PASSED] - Statement - out.println("BatchQty : " + batchqty): null

2018-05-30 18:00:09 - [TEST_STEP][PASSED] - Statement - out.println("RQty : " + Rqty): null

2018-05-30 18:00:09 - [TEST_STEP][PASSED] - Statement - If (java.lang.Integer.valueOf(batchqty) >= java.lang.Integer.valueOf(Rqty)): null

2018-05-30 18:00:09 - [TEST_STEP][PASSED] - Statement - Break: null

2018-05-30 18:00:09 - [TEST_STEP][PASSED] - Statement - batchlength = new com.kms.katalon.core.testobject.TestObject(): null

2018-05-30 18:00:09 - [TEST_STEP][PASSED] - Statement - batchlength = com.kms.katalon.core.webui.keyword.WebUiBuiltInKeywords.modifyObjectProperty(batchlength, "xpath", "equals", "//*[@id = "fldvendor" + row + ""]", true): Modify property of object successfully

2018-05-30 18:00:09 - [MESSAGE][PASSED] - Modify property of object successfully

2018-05-30 18:00:09 - [TEST_STEP][PASSED] - Statement - batchsize = com.kms.katalon.core.webui.keyword.WebUiBuiltInKeywords.getNumberOfTotalOption(batchlength): 10 options of object '' counted

2018-05-30 18:00:09 - [MESSAGE][PASSED] - 10 options of object '' counted

2018-05-30 18:00:09 - [TEST_STEP][PASSED] - Statement - out.println("BatchSize : " + batchsize): null

2018-05-30 18:00:09 - [TEST_STEP][PASSED] - Statement - For ([n = 1, n <= batchsize - 1, (n++)]): null

2018-05-30 18:00:09 - [TEST_STEP][PASSED] - Statement - product = new com.kms.katalon.core.testobject.TestObject(): null

2018-05-30 18:00:09 - [TEST_STEP][PASSED] - Statement - product = com.kms.katalon.core.webui.keyword.WebUiBuiltInKeywords.modifyObjectProperty(product, "xpath", "equals", "//*[@id = "fldvendor" + row + ""]", true): Modify property of object successfully

2018-05-30 18:00:09 - [MESSAGE][PASSED] - Modify property of object successfully

2018-05-30 18:00:09 - [TEST_STEP][PASSED] - selectOptionByIndex: All options with index in [1] are selected on object ''

2018-05-30 18:00:09 - [MESSAGE][PASSED] - All options with index in [1] are selected on object ''

2018-05-30 18:00:09 - [TEST_STEP][PASSED] - delay: Delayed 2 second(s)

2018-05-30 18:00:11 - [MESSAGE][PASSED] - Delayed 2 second(s)

2018-05-30 18:00:11 - [TEST_STEP][PASSED] - Statement - batch = new com.kms.katalon.core.testobject.TestObject(): null

2018-05-30 18:00:11 - [TEST_STEP][PASSED] - Statement - batch = com.kms.katalon.core.webui.keyword.WebUiBuiltInKeywords.modifyObjectProperty(batch, "xpath", "equals", "//*[@id = "txtbthqty" + row + ""]", true): Modify property of object successfully

2018-05-30 18:00:11 - [MESSAGE][PASSED] - Modify property of object successfully

2018-05-30 18:00:11 - [TEST_STEP][PASSED] - Statement - batchqty = com.kms.katalon.core.webui.keyword.WebUiBuiltInKeywords.getAttribute(batch, "value").trim(): Attribute 'value' of object '' is: '3300'

2018-05-30 18:00:11 - [MESSAGE][PASSED] - Attribute 'value' of object '' is: '3300'

2018-05-30 18:00:11 - [TEST_STEP][PASSED] - Statement - Rqty = 100: null

2018-05-30 18:00:11 - [TEST_STEP][PASSED] - Statement - out.println("BatchQty : " + batchqty): null

2018-05-30 18:00:11 - [TEST_STEP][PASSED] - Statement - out.println("RQty : " + Rqty): null

2018-05-30 18:00:11 - [TEST_STEP][PASSED] - Statement - If (java.lang.Integer.valueOf(batchqty) >= java.lang.Integer.valueOf(Rqty)): null

2018-05-30 18:00:11 - [TEST_STEP][PASSED] - Statement - Break: null

2018-05-30 18:00:11 - [TEST_STEP][PASSED] - Statement - batchlength = new com.kms.katalon.core.testobject.TestObject(): null

2018-05-30 18:00:11 - [TEST_STEP][PASSED] - Statement - batchlength = com.kms.katalon.core.webui.keyword.WebUiBuiltInKeywords.modifyObjectProperty(batchlength, "xpath", "equals", "//*[@id = "fldvendor" + row + ""]", true): Modify property of object successfully

2018-05-30 18:00:11 - [MESSAGE][PASSED] - Modify property of object successfully

2018-05-30 18:00:11 - [TEST_STEP][PASSED] - Statement - batchsize = com.kms.katalon.core.webui.keyword.WebUiBuiltInKeywords.getNumberOfTotalOption(batchlength): 10 options of object '' counted

2018-05-30 18:00:11 - [MESSAGE][PASSED] - 10 options of object '' counted

2018-05-30 18:00:11 - [TEST_STEP][PASSED] - Statement - out.println("BatchSize : " + batchsize): null

2018-05-30 18:00:11 - [TEST_STEP][PASSED] - Statement - For ([n = 1, n <= batchsize - 1, (n++)]): null

2018-05-30 18:00:11 - [TEST_STEP][PASSED] - Statement - product = new com.kms.katalon.core.testobject.TestObject(): null

2018-05-30 18:00:11 - [TEST_STEP][PASSED] - Statement - product = com.kms.katalon.core.webui.keyword.WebUiBuiltInKeywords.modifyObjectProperty(product, "xpath", "equals", "//*[@id = "fldvendor" + row + ""]", true): Modify property of object successfully

2018-05-30 18:00:11 - [MESSAGE][PASSED] - Modify property of object successfully

2018-05-30 18:00:11 - [TEST_STEP][PASSED] - selectOptionByIndex: All options with index in [1] are selected on object ''

2018-05-30 18:00:12 - [MESSAGE][PASSED] - All options with index in [1] are selected on object ''

2018-05-30 18:00:12 - [TEST_STEP][PASSED] - delay: Delayed 2 second(s)

2018-05-30 18:00:14 - [MESSAGE][PASSED] - Delayed 2 second(s)

2018-05-30 18:00:14 - [TEST_STEP][PASSED] - Statement - batch = new com.kms.katalon.core.testobject.TestObject(): null

2018-05-30 18:00:14 - [TEST_STEP][PASSED] - Statement - batch = com.kms.katalon.core.webui.keyword.WebUiBuiltInKeywords.modifyObjectProperty(batch, "xpath", "equals", "//*[@id = "txtbthqty" + row + ""]", true): Modify property of object successfully

2018-05-30 18:00:14 - [MESSAGE][PASSED] - Modify property of object successfully

2018-05-30 18:00:14 - [TEST_STEP][PASSED] - Statement - batchqty = com.kms.katalon.core.webui.keyword.WebUiBuiltInKeywords.getAttribute(batch, "value").trim(): Attribute 'value' of object '' is: '5000'

2018-05-30 18:00:14 - [MESSAGE][PASSED] - Attribute 'value' of object '' is: '5000'

2018-05-30 18:00:14 - [TEST_STEP][PASSED] - Statement - Rqty = 100: null

2018-05-30 18:00:14 - [TEST_STEP][PASSED] - Statement - out.println("BatchQty : " + batchqty): null

2018-05-30 18:00:14 - [TEST_STEP][PASSED] - Statement - out.println("RQty : " + Rqty): null

2018-05-30 18:00:14 - [TEST_STEP][PASSED] - Statement - If (java.lang.Integer.valueOf(batchqty) >= java.lang.Integer.valueOf(Rqty)): null

2018-05-30 18:00:14 - [TEST_STEP][PASSED] - Statement - Break: null

2018-05-30 18:00:14 - [TEST_STEP][PASSED] - Statement - batchlength = new com.kms.katalon.core.testobject.TestObject(): null

2018-05-30 18:00:14 - [TEST_STEP][PASSED] - Statement - batchlength = com.kms.katalon.core.webui.keyword.WebUiBuiltInKeywords.modifyObjectProperty(batchlength, "xpath", "equals", "//*[@id = "fldvendor" + row + ""]", true): Modify property of object successfully

2018-05-30 18:00:14 - [MESSAGE][PASSED] - Modify property of object successfully

2018-05-30 18:00:14 - [TEST_STEP][PASSED] - Statement - batchsize = com.kms.katalon.core.webui.keyword.WebUiBuiltInKeywords.getNumberOfTotalOption(batchlength): 9 options of object '' counted

2018-05-30 18:00:14 - [MESSAGE][PASSED] - 9 options of object '' counted

2018-05-30 18:00:14 - [TEST_STEP][PASSED] - Statement - out.println("BatchSize : " + batchsize): null

2018-05-30 18:00:14 - [TEST_STEP][PASSED] - Statement - For ([n = 1, n <= batchsize - 1, (n++)]): null

2018-05-30 18:00:14 - [TEST_STEP][PASSED] - Statement - product = new com.kms.katalon.core.testobject.TestObject(): null

2018-05-30 18:00:14 - [TEST_STEP][PASSED] - Statement - product = com.kms.katalon.core.webui.keyword.WebUiBuiltInKeywords.modifyObjectProperty(product, "xpath", "equals", "//*[@id = "fldvendor" + row + ""]", true): Modify property of object successfully

2018-05-30 18:00:14 - [MESSAGE][PASSED] - Modify property of object successfully

2018-05-30 18:00:14 - [TEST_STEP][PASSED] - selectOptionByIndex: All options with index in [1] are selected on object ''

2018-05-30 18:00:14 - [MESSAGE][PASSED] - All options with index in [1] are selected on object ''

2018-05-30 18:00:14 - [TEST_STEP][PASSED] - delay: Delayed 2 second(s)

2018-05-30 18:00:16 - [MESSAGE][PASSED] - Delayed 2 second(s)

2018-05-30 18:00:16 - [TEST_STEP][PASSED] - Statement - batch = new com.kms.katalon.core.testobject.TestObject(): null

2018-05-30 18:00:16 - [TEST_STEP][PASSED] - Statement - batch = com.kms.katalon.core.webui.keyword.WebUiBuiltInKeywords.modifyObjectProperty(batch, "xpath", "equals", "//*[@id = "txtbthqty" + row + ""]", true): Modify property of object successfully

2018-05-30 18:00:16 - [MESSAGE][PASSED] - Modify property of object successfully

2018-05-30 18:00:16 - [TEST_STEP][PASSED] - Statement - batchqty = com.kms.katalon.core.webui.keyword.WebUiBuiltInKeywords.getAttribute(batch, "value").trim(): Attribute 'value' of object '' is: '5000'

2018-05-30 18:00:16 - [MESSAGE][PASSED] - Attribute 'value' of object '' is: '5000'

2018-05-30 18:00:16 - [TEST_STEP][PASSED] - Statement - Rqty = 100: null

2018-05-30 18:00:16 - [TEST_STEP][PASSED] - Statement - out.println("BatchQty : " + batchqty): null

2018-05-30 18:00:16 - [TEST_STEP][PASSED] - Statement - out.println("RQty : " + Rqty): null

2018-05-30 18:00:16 - [TEST_STEP][PASSED] - Statement - If (java.lang.Integer.valueOf(batchqty) >= java.lang.Integer.valueOf(Rqty)): null

2018-05-30 18:00:16 - [TEST_STEP][PASSED] - Statement - Break: null

2018-05-30 18:00:16 - [TEST_STEP][PASSED] - Statement - batchlength = new com.kms.katalon.core.testobject.TestObject(): null

2018-05-30 18:00:16 - [TEST_STEP][PASSED] - Statement - batchlength = com.kms.katalon.core.webui.keyword.WebUiBuiltInKeywords.modifyObjectProperty(batchlength, "xpath", "equals", "//*[@id = "fldvendor" + row + ""]", true): Modify property of object successfully

2018-05-30 18:00:16 - [MESSAGE][PASSED] - Modify property of object successfully

2018-05-30 18:00:16 - [TEST_STEP][PASSED] - Statement - batchsize = com.kms.katalon.core.webui.keyword.WebUiBuiltInKeywords.getNumberOfTotalOption(batchlength): 9 options of object '' counted

2018-05-30 18:00:16 - [MESSAGE][PASSED] - 9 options of object '' counted

2018-05-30 18:00:16 - [TEST_STEP][PASSED] - Statement - out.println("BatchSize : " + batchsize): null

2018-05-30 18:00:16 - [TEST_STEP][PASSED] - Statement - For ([n = 1, n <= batchsize - 1, (n++)]): null

2018-05-30 18:00:16 - [TEST_STEP][PASSED] - Statement - product = new com.kms.katalon.core.testobject.TestObject(): null

2018-05-30 18:00:16 - [TEST_STEP][PASSED] - Statement - product = com.kms.katalon.core.webui.keyword.WebUiBuiltInKeywords.modifyObjectProperty(product, "xpath", "equals", "//*[@id = "fldvendor" + row + ""]", true): Modify property of object successfully

2018-05-30 18:00:16 - [MESSAGE][PASSED] - Modify property of object successfully

2018-05-30 18:00:16 - [TEST_STEP][PASSED] - selectOptionByIndex: All options with index in [1] are selected on object ''

2018-05-30 18:00:16 - [MESSAGE][PASSED] - All options with index in [1] are selected on object ''

2018-05-30 18:00:16 - [TEST_STEP][PASSED] - delay: Delayed 2 second(s)

2018-05-30 18:00:18 - [MESSAGE][PASSED] - Delayed 2 second(s)

2018-05-30 18:00:18 - [TEST_STEP][PASSED] - Statement - batch = new com.kms.katalon.core.testobject.TestObject(): null

2018-05-30 18:00:18 - [TEST_STEP][PASSED] - Statement - batch = com.kms.katalon.core.webui.keyword.WebUiBuiltInKeywords.modifyObjectProperty(batch, "xpath", "equals", "//*[@id = "txtbthqty" + row + ""]", true): Modify property of object successfully

2018-05-30 18:00:18 - [MESSAGE][PASSED] - Modify property of object successfully

2018-05-30 18:00:18 - [TEST_STEP][PASSED] - Statement - batchqty = com.kms.katalon.core.webui.keyword.WebUiBuiltInKeywords.getAttribute(batch, "value").trim(): Attribute 'value' of object '' is: '5000'

2018-05-30 18:00:18 - [MESSAGE][PASSED] - Attribute 'value' of object '' is: '5000'

2018-05-30 18:00:18 - [TEST_STEP][PASSED] - Statement - Rqty = 100: null

2018-05-30 18:00:18 - [TEST_STEP][PASSED] - Statement - out.println("BatchQty : " + batchqty): null

2018-05-30 18:00:18 - [TEST_STEP][PASSED] - Statement - out.println("RQty : " + Rqty): null

2018-05-30 18:00:18 - [TEST_STEP][PASSED] - Statement - If (java.lang.Integer.valueOf(batchqty) >= java.lang.Integer.valueOf(Rqty)): null

2018-05-30 18:00:18 - [TEST_STEP][PASSED] - Statement - Break: null

2018-05-30 18:00:18 - [TEST_STEP][PASSED] - Statement - batchlength = new com.kms.katalon.core.testobject.TestObject(): null

2018-05-30 18:00:18 - [TEST_STEP][PASSED] - Statement - batchlength = com.kms.katalon.core.webui.keyword.WebUiBuiltInKeywords.modifyObjectProperty(batchlength, "xpath", "equals", "//*[@id = "fldvendor" + row + ""]", true): Modify property of object successfully

2018-05-30 18:00:18 - [MESSAGE][PASSED] - Modify property of object successfully

2018-05-30 18:00:18 - [TEST_STEP][PASSED] - Statement - batchsize = com.kms.katalon.core.webui.keyword.WebUiBuiltInKeywords.getNumberOfTotalOption(batchlength): 10 options of object '' counted

2018-05-30 18:00:18 - [MESSAGE][PASSED] - 10 options of object '' counted

2018-05-30 18:00:18 - [TEST_STEP][PASSED] - Statement - out.println("BatchSize : " + batchsize): null

2018-05-30 18:00:18 - [TEST_STEP][PASSED] - Statement - For ([n = 1, n <= batchsize - 1, (n++)]): null

2018-05-30 18:00:18 - [TEST_STEP][PASSED] - Statement - product = new com.kms.katalon.core.testobject.TestObject(): null

2018-05-30 18:00:18 - [TEST_STEP][PASSED] - Statement - product = com.kms.katalon.core.webui.keyword.WebUiBuiltInKeywords.modifyObjectProperty(product, "xpath", "equals", "//*[@id = "fldvendor" + row + ""]", true): Modify property of object successfully

2018-05-30 18:00:18 - [MESSAGE][PASSED] - Modify property of object successfully

2018-05-30 18:00:18 - [TEST_STEP][PASSED] - selectOptionByIndex: All options with index in [1] are selected on object ''

2018-05-30 18:00:18 - [MESSAGE][PASSED] - All options with index in [1] are selected on object ''

2018-05-30 18:00:18 - [TEST_STEP][PASSED] - delay: Delayed 2 second(s)

2018-05-30 18:00:20 - [MESSAGE][PASSED] - Delayed 2 second(s)

2018-05-30 18:00:20 - [TEST_STEP][PASSED] - Statement - batch = new com.kms.katalon.core.testobject.TestObject(): null

2018-05-30 18:00:20 - [TEST_STEP][PASSED] - Statement - batch = com.kms.katalon.core.webui.keyword.WebUiBuiltInKeywords.modifyObjectProperty(batch, "xpath", "equals", "//*[@id = "txtbthqty" + row + ""]", true): Modify property of object successfully

2018-05-30 18:00:20 - [MESSAGE][PASSED] - Modify property of object successfully

2018-05-30 18:00:20 - [TEST_STEP][PASSED] - Statement - batchqty = com.kms.katalon.core.webui.keyword.WebUiBuiltInKeywords.getAttribute(batch, "value").trim(): Attribute 'value' of object '' is: '3300'

2018-05-30 18:00:20 - [MESSAGE][PASSED] - Attribute 'value' of object '' is: '3300'

2018-05-30 18:00:20 - [TEST_STEP][PASSED] - Statement - Rqty = 100: null

2018-05-30 18:00:20 - [TEST_STEP][PASSED] - Statement - out.println("BatchQty : " + batchqty): null

2018-05-30 18:00:20 - [TEST_STEP][PASSED] - Statement - out.println("RQty : " + Rqty): null

2018-05-30 18:00:20 - [TEST_STEP][PASSED] - Statement - If (java.lang.Integer.valueOf(batchqty) >= java.lang.Integer.valueOf(Rqty)): null

2018-05-30 18:00:20 - [TEST_STEP][PASSED] - Statement - Break: null

2018-05-30 18:00:20 - [TEST_STEP][PASSED] - Statement - batchlength = new com.kms.katalon.core.testobject.TestObject(): null

2018-05-30 18:00:20 - [TEST_STEP][PASSED] - Statement - batchlength = com.kms.katalon.core.webui.keyword.WebUiBuiltInKeywords.modifyObjectProperty(batchlength, "xpath", "equals", "//*[@id = "fldvendor" + row + ""]", true): Modify property of object successfully

2018-05-30 18:00:20 - [MESSAGE][PASSED] - Modify property of object successfully

2018-05-30 18:00:20 - [TEST_STEP][PASSED] - Statement - batchsize = com.kms.katalon.core.webui.keyword.WebUiBuiltInKeywords.getNumberOfTotalOption(batchlength): 10 options of object '' counted

2018-05-30 18:00:20 - [MESSAGE][PASSED] - 10 options of object '' counted

2018-05-30 18:00:20 - [TEST_STEP][PASSED] - Statement - out.println("BatchSize : " + batchsize): null

2018-05-30 18:00:20 - [TEST_STEP][PASSED] - Statement - For ([n = 1, n <= batchsize - 1, (n++)]): null

2018-05-30 18:00:20 - [TEST_STEP][PASSED] - Statement - product = new com.kms.katalon.core.testobject.TestObject(): null

2018-05-30 18:00:20 - [TEST_STEP][PASSED] - Statement - product = com.kms.katalon.core.webui.keyword.WebUiBuiltInKeywords.modifyObjectProperty(product, "xpath", "equals", "//*[@id = "fldvendor" + row + ""]", true): Modify property of object successfully

2018-05-30 18:00:20 - [MESSAGE][PASSED] - Modify property of object successfully

2018-05-30 18:00:20 - [TEST_STEP][PASSED] - selectOptionByIndex: All options with index in [1] are selected on object ''

2018-05-30 18:00:21 - [MESSAGE][PASSED] - All options with index in [1] are selected on object ''

2018-05-30 18:00:21 - [TEST_STEP][PASSED] - delay: Delayed 2 second(s)

2018-05-30 18:00:23 - [MESSAGE][PASSED] - Delayed 2 second(s)

2018-05-30 18:00:23 - [TEST_STEP][PASSED] - Statement - batch = new com.kms.katalon.core.testobject.TestObject(): null

2018-05-30 18:00:23 - [TEST_STEP][PASSED] - Statement - batch = com.kms.katalon.core.webui.keyword.WebUiBuiltInKeywords.modifyObjectProperty(batch, "xpath", "equals", "//*[@id = "txtbthqty" + row + ""]", true): Modify property of object successfully

2018-05-30 18:00:23 - [MESSAGE][PASSED] - Modify property of object successfully

2018-05-30 18:00:23 - [TEST_STEP][PASSED] - Statement - batchqty = com.kms.katalon.core.webui.keyword.WebUiBuiltInKeywords.getAttribute(batch, "value").trim(): Attribute 'value' of object '' is: '3100'

2018-05-30 18:00:23 - [MESSAGE][PASSED] - Attribute 'value' of object '' is: '3100'

2018-05-30 18:00:23 - [TEST_STEP][PASSED] - Statement - Rqty = 100: null

2018-05-30 18:00:23 - [TEST_STEP][PASSED] - Statement - out.println("BatchQty : " + batchqty): null

2018-05-30 18:00:23 - [TEST_STEP][PASSED] - Statement - out.println("RQty : " + Rqty): null

2018-05-30 18:00:23 - [TEST_STEP][PASSED] - Statement - If (java.lang.Integer.valueOf(batchqty) >= java.lang.Integer.valueOf(Rqty)): null

2018-05-30 18:00:23 - [TEST_STEP][PASSED] - Statement - Break: null

2018-05-30 18:00:23 - [TEST_STEP][PASSED] - Statement - batchlength = new com.kms.katalon.core.testobject.TestObject(): null

2018-05-30 18:00:23 - [TEST_STEP][PASSED] - Statement - batchlength = com.kms.katalon.core.webui.keyword.WebUiBuiltInKeywords.modifyObjectProperty(batchlength, "xpath", "equals", "//*[@id = "fldvendor" + row + ""]", true): Modify property of object successfully

2018-05-30 18:00:23 - [MESSAGE][PASSED] - Modify property of object successfully

2018-05-30 18:00:23 - [TEST_STEP][PASSED] - Statement - batchsize = com.kms.katalon.core.webui.keyword.WebUiBuiltInKeywords.getNumberOfTotalOption(batchlength): 10 options of object '' counted

2018-05-30 18:00:23 - [MESSAGE][PASSED] - 10 options of object '' counted

2018-05-30 18:00:23 - [TEST_STEP][PASSED] - Statement - out.println("BatchSize : " + batchsize): null

2018-05-30 18:00:23 - [TEST_STEP][PASSED] - Statement - For ([n = 1, n <= batchsize - 1, (n++)]): null

2018-05-30 18:00:23 - [TEST_STEP][PASSED] - Statement - product = new com.kms.katalon.core.testobject.TestObject(): null

2018-05-30 18:00:23 - [TEST_STEP][PASSED] - Statement - product = com.kms.katalon.core.webui.keyword.WebUiBuiltInKeywords.modifyObjectProperty(product, "xpath", "equals", "//*[@id = "fldvendor" + row + ""]", true): Modify property of object successfully

2018-05-30 18:00:23 - [MESSAGE][PASSED] - Modify property of object successfully

2018-05-30 18:00:23 - [TEST_STEP][PASSED] - selectOptionByIndex: All options with index in [1] are selected on object ''

2018-05-30 18:00:23 - [MESSAGE][PASSED] - All options with index in [1] are selected on object ''

2018-05-30 18:00:23 - [TEST_STEP][PASSED] - delay: Delayed 2 second(s)

2018-05-30 18:00:25 - [MESSAGE][PASSED] - Delayed 2 second(s)

2018-05-30 18:00:25 - [TEST_STEP][PASSED] - Statement - batch = new com.kms.katalon.core.testobject.TestObject(): null

2018-05-30 18:00:25 - [TEST_STEP][PASSED] - Statement - batch = com.kms.katalon.core.webui.keyword.WebUiBuiltInKeywords.modifyObjectProperty(batch, "xpath", "equals", "//*[@id = "txtbthqty" + row + ""]", true): Modify property of object successfully

2018-05-30 18:00:25 - [MESSAGE][PASSED] - Modify property of object successfully

2018-05-30 18:00:25 - [TEST_STEP][PASSED] - Statement - batchqty = com.kms.katalon.core.webui.keyword.WebUiBuiltInKeywords.getAttribute(batch, "value").trim(): Attribute 'value' of object '' is: '3300'

2018-05-30 18:00:25 - [MESSAGE][PASSED] - Attribute 'value' of object '' is: '3300'

2018-05-30 18:00:25 - [TEST_STEP][PASSED] - Statement - Rqty = 100: null

2018-05-30 18:00:25 - [TEST_STEP][PASSED] - Statement - out.println("BatchQty : " + batchqty): null

2018-05-30 18:00:25 - [TEST_STEP][PASSED] - Statement - out.println("RQty : " + Rqty): null

2018-05-30 18:00:25 - [TEST_STEP][PASSED] - Statement - If (java.lang.Integer.valueOf(batchqty) >= java.lang.Integer.valueOf(Rqty)): null

2018-05-30 18:00:25 - [TEST_STEP][PASSED] - Statement - Break: null

2018-05-30 18:00:25 - [TEST_STEP][PASSED] - Statement - batchlength = new com.kms.katalon.core.testobject.TestObject(): null

2018-05-30 18:00:25 - [TEST_STEP][PASSED] - Statement - batchlength = com.kms.katalon.core.webui.keyword.WebUiBuiltInKeywords.modifyObjectProperty(batchlength, "xpath", "equals", "//*[@id = "fldvendor" + row + ""]", true): Modify property of object successfully

2018-05-30 18:00:25 - [MESSAGE][PASSED] - Modify property of object successfully

2018-05-30 18:00:25 - [TEST_STEP][PASSED] - Statement - batchsize = com.kms.katalon.core.webui.keyword.WebUiBuiltInKeywords.getNumberOfTotalOption(batchlength): 9 options of object '' counted

2018-05-30 18:00:25 - [MESSAGE][PASSED] - 9 options of object '' counted

2018-05-30 18:00:25 - [TEST_STEP][PASSED] - Statement - out.println("BatchSize : " + batchsize): null

2018-05-30 18:00:25 - [TEST_STEP][PASSED] - Statement - For ([n = 1, n <= batchsize - 1, (n++)]): null

2018-05-30 18:00:25 - [TEST_STEP][PASSED] - Statement - product = new com.kms.katalon.core.testobject.TestObject(): null

2018-05-30 18:00:25 - [TEST_STEP][PASSED] - Statement - product = com.kms.katalon.core.webui.keyword.WebUiBuiltInKeywords.modifyObjectProperty(product, "xpath", "equals", "//*[@id = "fldvendor" + row + ""]", true): Modify property of object successfully

2018-05-30 18:00:25 - [MESSAGE][PASSED] - Modify property of object successfully

2018-05-30 18:00:25 - [TEST_STEP][PASSED] - selectOptionByIndex: All options with index in [1] are selected on object ''

2018-05-30 18:00:25 - [MESSAGE][PASSED] - All options with index in [1] are selected on object ''

2018-05-30 18:00:25 - [TEST_STEP][PASSED] - delay: Delayed 2 second(s)

2018-05-30 18:00:27 - [MESSAGE][PASSED] - Delayed 2 second(s)

2018-05-30 18:00:27 - [TEST_STEP][PASSED] - Statement - batch = new com.kms.katalon.core.testobject.TestObject(): null

2018-05-30 18:00:27 - [TEST_STEP][PASSED] - Statement - batch = com.kms.katalon.core.webui.keyword.WebUiBuiltInKeywords.modifyObjectProperty(batch, "xpath", "equals", "//*[@id = "txtbthqty" + row + ""]", true): Modify property of object successfully

2018-05-30 18:00:27 - [MESSAGE][PASSED] - Modify property of object successfully

2018-05-30 18:00:27 - [TEST_STEP][PASSED] - Statement - batchqty = com.kms.katalon.core.webui.keyword.WebUiBuiltInKeywords.getAttribute(batch, "value").trim(): Attribute 'value' of object '' is: '5000'

2018-05-30 18:00:27 - [MESSAGE][PASSED] - Attribute 'value' of object '' is: '5000'

2018-05-30 18:00:27 - [TEST_STEP][PASSED] - Statement - Rqty = 100: null

2018-05-30 18:00:27 - [TEST_STEP][PASSED] - Statement - out.println("BatchQty : " + batchqty): null

2018-05-30 18:00:27 - [TEST_STEP][PASSED] - Statement - out.println("RQty : " + Rqty): null

2018-05-30 18:00:27 - [TEST_STEP][PASSED] - Statement - If (java.lang.Integer.valueOf(batchqty) >= java.lang.Integer.valueOf(Rqty)): null

2018-05-30 18:00:27 - [TEST_STEP][PASSED] - Statement - Break: null

2018-05-30 18:00:27 - [TEST_STEP][PASSED] - click: Object: 'Object Repository/store Request Schedule 1/Page_KDMC - CMS/input_btndispatch' is clicked on

2018-05-30 18:00:27 - [MESSAGE][PASSED] - Object: 'Object Repository/store Request Schedule 1/Page_KDMC - CMS/input_btndispatch' is clicked on

2018-05-30 18:00:27 - [TEST_STEP][PASSED] - waitForElementVisible: Object 'Object Repository/store Request Schedule 1/Page_KDMC - CMS/button_OK' is visible

2018-05-30 18:00:28 - [MESSAGE][PASSED] - Object 'Object Repository/store Request Schedule 1/Page_KDMC - CMS/button_OK' is visible

2018-05-30 18:00:28 - [TEST_STEP][PASSED] - click: Object: 'Object Repository/store Request Schedule 1/Page_KDMC - CMS/button_OK' is clicked on

2018-05-30 18:00:29 - [MESSAGE][PASSED] - Object: 'Object Repository/store Request Schedule 1/Page_KDMC - CMS/button_OK' is clicked on

2018-05-30 18:00:29 - [TEST_STEP][PASSED] - delay: Delayed 3 second(s)

2018-05-30 18:00:32 - [MESSAGE][PASSED] - Delayed 3 second(s)

2018-05-30 18:00:32 - [TEST_STEP][PASSED] - click: Object: 'Object Repository/store Request Schedule 1/Page_KDMC - CMS/a_dropdown-toggle' is clicked on

2018-05-30 18:00:32 - [MESSAGE][PASSED] - Object: 'Object Repository/store Request Schedule 1/Page_KDMC - CMS/a_dropdown-toggle' is clicked on

2018-05-30 18:00:32 - [TEST_STEP][PASSED] - click: Object: 'Object Repository/store Request Schedule 1/Page_KDMC - CMS/a_Sign out' is clicked on

2018-05-30 18:00:34 - [MESSAGE][PASSED] - Object: 'Object Repository/store Request Schedule 1/Page_KDMC - CMS/a_Sign out' is clicked on

2018-05-30 18:00:34 - [TEST_STEP][PASSED] - delay: Delayed 3 second(s)

2018-05-30 18:00:37 - [MESSAGE][PASSED] - Delayed 3 second(s)

2018-05-30 18:00:37 - [TEST_STEP][PASSED] - click: Object: 'Object Repository/Store Request Schedule 1/Page_KDMC/a_Divisional Store' is clicked on

2018-05-30 18:00:38 - [MESSAGE][PASSED] - Object: 'Object Repository/Store Request Schedule 1/Page_KDMC/a_Divisional Store' is clicked on

2018-05-30 18:00:38 - [TEST_STEP][PASSED] - setText: Text 'ragu' is set on object 'Object Repository/Store Request Schedule 1/Page_Divisonal Store Login/input_txtusername'

2018-05-30 18:00:38 - [MESSAGE][PASSED] - Text 'ragu' is set on object 'Object Repository/Store Request Schedule 1/Page_Divisonal Store Login/input_txtusername'

2018-05-30 18:00:38 - [TEST_STEP][PASSED] - setText: Text '123' is set on object 'Object Repository/Store Request Schedule 1/Page_Divisonal Store Login/input_txtpassword'

2018-05-30 18:00:39 - [MESSAGE][PASSED] - Text '123' is set on object 'Object Repository/Store Request Schedule 1/Page_Divisonal Store Login/input_txtpassword'

2018-05-30 18:00:39 - [TEST_STEP][PASSED] - delay: Delayed 3 second(s)

2018-05-30 18:00:42 - [MESSAGE][PASSED] - Delayed 3 second(s)

2018-05-30 18:00:42 - [TEST_STEP][PASSED] - click: Object: 'Object Repository/Store Request Schedule 1/Page_Divisonal Store Login/button_Sign in' is clicked on

2018-05-30 18:00:42 - [MESSAGE][PASSED] - Object: 'Object Repository/Store Request Schedule 1/Page_Divisonal Store Login/button_Sign in' is clicked on

2018-05-30 18:00:42 - [TEST_STEP][PASSED] - delay: Delayed 3 second(s)

2018-05-30 18:00:45 - [MESSAGE][PASSED] - Delayed 3 second(s)

2018-05-30 18:00:45 - [TEST_STEP][PASSED] - click: Object: 'Object Repository/Store Request Schedule 1/Page_Store/a_CMS' is clicked on

2018-05-30 18:00:46 - [MESSAGE][PASSED] - Object: 'Object Repository/Store Request Schedule 1/Page_Store/a_CMS' is clicked on

2018-05-30 18:00:46 - [TEST_STEP][PASSED] - delay: Delayed 2 second(s)

2018-05-30 18:00:48 - [MESSAGE][PASSED] - Delayed 2 second(s)

2018-05-30 18:00:48 - [TEST_STEP][PASSED] - click: Object: 'Object Repository/Store Request Schedule 1/Page_Store/a_Receiving Goods' is clicked on

2018-05-30 18:00:49 - [MESSAGE][PASSED] - Object: 'Object Repository/Store Request Schedule 1/Page_Store/a_Receiving Goods' is clicked on

2018-05-30 18:00:49 - [TEST_STEP][PASSED] - setText: Text 'PRNO/30052018/480' is set on object 'Object Repository/Store Request Schedule 1/Page_Store/input'

2018-05-30 18:00:49 - [MESSAGE][PASSED] - Text 'PRNO/30052018/480' is set on object 'Object Repository/Store Request Schedule 1/Page_Store/input'

2018-05-30 18:00:49 - [TEST_STEP][PASSED] - click: Object: 'Object Repository/Store Request Schedule 1/Page_Store/input_btn btn-primary' is clicked on

2018-05-30 18:00:49 - [MESSAGE][PASSED] - Object: 'Object Repository/Store Request Schedule 1/Page_Store/input_btn btn-primary' is clicked on

2018-05-30 18:00:49 - [TEST_STEP][PASSED] - delay: Delayed 2 second(s)

2018-05-30 18:00:51 - [MESSAGE][PASSED] - Delayed 2 second(s)

2018-05-30 18:00:51 - [TEST_STEP][PASSED] - click: Object: 'Object Repository/Store Request Schedule 1/Page_Store/input_chkrem' is clicked on

2018-05-30 18:00:51 - [MESSAGE][PASSED] - Object: 'Object Repository/Store Request Schedule 1/Page_Store/input_chkrem' is clicked on

2018-05-30 18:00:51 - [TEST_STEP][PASSED] - scrollToElement: Scroll to object 'Object Repository/Store Request Schedule 1/Page_Store/input_btchkroqadd' successfully

2018-05-30 18:00:51 - [MESSAGE][PASSED] - Scroll to object 'Object Repository/Store Request Schedule 1/Page_Store/input_btchkroqadd' successfully

2018-05-30 18:00:51 - [TEST_STEP][PASSED] - click: Object: 'Object Repository/Store Request Schedule 1/Page_Store/input_btchkroqadd' is clicked on

2018-05-30 18:00:51 - [MESSAGE][PASSED] - Object: 'Object Repository/Store Request Schedule 1/Page_Store/input_btchkroqadd' is clicked on

2018-05-30 18:00:51 - [TEST_STEP][PASSED] - delay: Delayed 2 second(s)

2018-05-30 18:00:53 - [MESSAGE][PASSED] - Delayed 2 second(s)

2018-05-30 18:00:53 - [TEST_STEP][PASSED] - refresh: Refresh successfully

2018-05-30 18:00:54 - [MESSAGE][PASSED] - Refresh successfully

2018-05-30 18:00:54 - [TEST_STEP][PASSED] - delay: Delayed 3 second(s)

2018-05-30 18:00:57 - [MESSAGE][PASSED] - Delayed 3 second(s)

2018-05-30 18:00:57 - [TEST_STEP][PASSED] - click: Object: 'Object Repository/Store Request Schedule 1/Page_Store/a_dropdown-toggle' is clicked on

2018-05-30 18:00:57 - [MESSAGE][PASSED] - Object: 'Object Repository/Store Request Schedule 1/Page_Store/a_dropdown-toggle' is clicked on

2018-05-30 18:00:57 - [TEST_STEP][PASSED] - click: Object: 'Object Repository/Store Request Schedule 1/Page_Store/a_Sign out' is clicked on

2018-05-30 18:00:58 - [MESSAGE][PASSED] - Object: 'Object Repository/Store Request Schedule 1/Page_Store/a_Sign out' is clicked on

2018-05-30 18:00:58 - [TEST_STEP][PASSED] - closeBrowser: Browser is closed

2018-05-30 18:00:58 - [MESSAGE][PASSED] - Browser is closed

2018-05-30 18:00:58 - [TEST_STEP][PASSED] - Statement - out.println("Schedule 6 STORE Request Are Working Successfully"): null]]></system-out>
         <system-err><![CDATA[]]></system-err>
      </testcase>
      <testcase name="Test Cases/STORE TO CMS REQUEST TEST CASES/TC_STCMS_007 To Verify Schedule 7 Store To CMS Request Are Working Successfully Or Not" classname="Test Cases/STORE TO CMS REQUEST TEST CASES/TC_STCMS_007 To Verify Schedule 7 Store To CMS Request Are Working Successfully Or Not" status="PASSED">
         <system-out><![CDATA[2018-05-30 18:00:58 - [TEST_CASE][PASSED] - Test Cases/STORE TO CMS REQUEST TEST CASES/TC_STCMS_007 To Verify Schedule 7 Store To CMS Request Are Working Successfully Or Not: Test Cases/STORE TO CMS REQUEST TEST CASES/TC_STCMS_007 To Verify Schedule 7 Store To CMS Request Are Working Successfully Or Not

2018-05-30 18:00:58 - [TEST_STEP][PASSED] - openBrowser: Browser is opened with url: ''

2018-05-30 18:01:00 - [MESSAGE][PASSED] - Browser is opened with url: ''

2018-05-30 18:01:00 - [TEST_STEP][PASSED] - Statement - out.println("Verify Schedule 7 STORE Request Are Working Successfully Or Not"): null

2018-05-30 18:01:00 - [TEST_STEP][PASSED] - navigateToUrl: Navigate to 'http://192.168.137.1/multihospital_new/' successfully

2018-05-30 18:01:03 - [MESSAGE][PASSED] - Navigate to 'http://192.168.137.1/multihospital_new/' successfully

2018-05-30 18:01:03 - [TEST_STEP][PASSED] - maximizeWindow: Current window maximized

2018-05-30 18:01:04 - [MESSAGE][PASSED] - Current window maximized

2018-05-30 18:01:04 - [TEST_STEP][PASSED] - click: Object: 'Object Repository/Store Request Schedule 1/Page_KDMC/a_Divisional Store' is clicked on

2018-05-30 18:01:05 - [MESSAGE][PASSED] - Object: 'Object Repository/Store Request Schedule 1/Page_KDMC/a_Divisional Store' is clicked on

2018-05-30 18:01:05 - [TEST_STEP][PASSED] - setText: Text 'ragu' is set on object 'Object Repository/Store Request Schedule 1/Page_Divisonal Store Login/input_txtusername'

2018-05-30 18:01:06 - [MESSAGE][PASSED] - Text 'ragu' is set on object 'Object Repository/Store Request Schedule 1/Page_Divisonal Store Login/input_txtusername'

2018-05-30 18:01:06 - [TEST_STEP][PASSED] - setText: Text '123' is set on object 'Object Repository/Store Request Schedule 1/Page_Divisonal Store Login/input_txtpassword'

2018-05-30 18:01:06 - [MESSAGE][PASSED] - Text '123' is set on object 'Object Repository/Store Request Schedule 1/Page_Divisonal Store Login/input_txtpassword'

2018-05-30 18:01:06 - [TEST_STEP][PASSED] - delay: Delayed 3 second(s)

2018-05-30 18:01:09 - [MESSAGE][PASSED] - Delayed 3 second(s)

2018-05-30 18:01:09 - [TEST_STEP][PASSED] - click: Object: 'Object Repository/Store Request Schedule 1/Page_Divisonal Store Login/button_Sign in' is clicked on

2018-05-30 18:01:10 - [MESSAGE][PASSED] - Object: 'Object Repository/Store Request Schedule 1/Page_Divisonal Store Login/button_Sign in' is clicked on

2018-05-30 18:01:10 - [TEST_STEP][PASSED] - delay: Delayed 3 second(s)

2018-05-30 18:01:13 - [MESSAGE][PASSED] - Delayed 3 second(s)

2018-05-30 18:01:13 - [TEST_STEP][PASSED] - click: Object: 'Object Repository/Store Request Schedule 1/Page_Store/a_CMS' is clicked on

2018-05-30 18:01:13 - [MESSAGE][PASSED] - Object: 'Object Repository/Store Request Schedule 1/Page_Store/a_CMS' is clicked on

2018-05-30 18:01:13 - [TEST_STEP][PASSED] - delay: Delayed 2 second(s)

2018-05-30 18:01:15 - [MESSAGE][PASSED] - Delayed 2 second(s)

2018-05-30 18:01:15 - [TEST_STEP][PASSED] - click: Object: 'Object Repository/Store Request Schedule 1/Page_Store/a_Request Send' is clicked on

2018-05-30 18:01:16 - [MESSAGE][PASSED] - Object: 'Object Repository/Store Request Schedule 1/Page_Store/a_Request Send' is clicked on

2018-05-30 18:01:16 - [TEST_STEP][PASSED] - selectOptionByIndex: All options with index in [1] are selected on object 'Object Repository/Store Request Schedule 1/Page_Store/select_--Select--'

2018-05-30 18:01:17 - [MESSAGE][PASSED] - All options with index in [1] are selected on object 'Object Repository/Store Request Schedule 1/Page_Store/select_--Select--'

2018-05-30 18:01:17 - [TEST_STEP][PASSED] - selectOptionByIndex: All options with index in [7] are selected on object 'Object Repository/Store Request Schedule 1/Page_Store/select_--Select--Schedule 1Inj'

2018-05-30 18:01:17 - [MESSAGE][PASSED] - All options with index in [7] are selected on object 'Object Repository/Store Request Schedule 1/Page_Store/select_--Select--Schedule 1Inj'

2018-05-30 18:01:17 - [TEST_STEP][PASSED] - Statement - SelectedOptions = com.kms.katalon.core.webui.keyword.WebUiBuiltInKeywords.getNumberOfTotalOption(com.kms.katalon.core.testobject.ObjectRepository.findTestObject(Store Request Schedule 1/Page_Store/select_--Select--Adernaline 0.)): 24 options of object 'Object Repository/Store Request Schedule 1/Page_Store/select_--Select--Adernaline 0.' counted

2018-05-30 18:01:17 - [MESSAGE][PASSED] - 24 options of object 'Object Repository/Store Request Schedule 1/Page_Store/select_--Select--Adernaline 0.' counted

2018-05-30 18:01:17 - [TEST_STEP][PASSED] - Statement - For ([y = 1, y < SelectedOptions, (y++)]): Object: 'Object Repository/Store Request Schedule 1/Page_Store/button_Add' is clicked on

2018-05-30 18:01:17 - [TEST_STEP][PASSED] - selectOptionByIndex: All options with index in [7] are selected on object 'Object Repository/Store Request Schedule 1/Page_Store/select_--Select--Schedule 1Inj'

2018-05-30 18:01:17 - [MESSAGE][PASSED] - All options with index in [7] are selected on object 'Object Repository/Store Request Schedule 1/Page_Store/select_--Select--Schedule 1Inj'

2018-05-30 18:01:17 - [TEST_STEP][PASSED] - delay: Delayed 1 second(s)

2018-05-30 18:01:18 - [MESSAGE][PASSED] - Delayed 1 second(s)

2018-05-30 18:01:18 - [TEST_STEP][PASSED] - selectOptionByIndex: All options with index in [1] are selected on object 'Object Repository/Store Request Schedule 1/Page_Store/select_--Select--Adernaline 0.'

2018-05-30 18:01:18 - [MESSAGE][PASSED] - All options with index in [1] are selected on object 'Object Repository/Store Request Schedule 1/Page_Store/select_--Select--Adernaline 0.'

2018-05-30 18:01:18 - [TEST_STEP][PASSED] - setText: Text '100' is set on object 'Object Repository/Store Request Schedule 1/Page_Store/input_txttreat'

2018-05-30 18:01:18 - [MESSAGE][PASSED] - Text '100' is set on object 'Object Repository/Store Request Schedule 1/Page_Store/input_txttreat'

2018-05-30 18:01:18 - [TEST_STEP][PASSED] - click: Object: 'Object Repository/Store Request Schedule 1/Page_Store/button_Add' is clicked on

2018-05-30 18:01:18 - [MESSAGE][PASSED] - Object: 'Object Repository/Store Request Schedule 1/Page_Store/button_Add' is clicked on

2018-05-30 18:01:19 - [TEST_STEP][PASSED] - selectOptionByIndex: All options with index in [7] are selected on object 'Object Repository/Store Request Schedule 1/Page_Store/select_--Select--Schedule 1Inj'

2018-05-30 18:01:19 - [MESSAGE][PASSED] - All options with index in [7] are selected on object 'Object Repository/Store Request Schedule 1/Page_Store/select_--Select--Schedule 1Inj'

2018-05-30 18:01:19 - [TEST_STEP][PASSED] - delay: Delayed 1 second(s)

2018-05-30 18:01:20 - [MESSAGE][PASSED] - Delayed 1 second(s)

2018-05-30 18:01:20 - [TEST_STEP][PASSED] - selectOptionByIndex: All options with index in [2] are selected on object 'Object Repository/Store Request Schedule 1/Page_Store/select_--Select--Adernaline 0.'

2018-05-30 18:01:20 - [MESSAGE][PASSED] - All options with index in [2] are selected on object 'Object Repository/Store Request Schedule 1/Page_Store/select_--Select--Adernaline 0.'

2018-05-30 18:01:20 - [TEST_STEP][PASSED] - setText: Text '100' is set on object 'Object Repository/Store Request Schedule 1/Page_Store/input_txttreat'

2018-05-30 18:01:20 - [MESSAGE][PASSED] - Text '100' is set on object 'Object Repository/Store Request Schedule 1/Page_Store/input_txttreat'

2018-05-30 18:01:20 - [TEST_STEP][PASSED] - click: Object: 'Object Repository/Store Request Schedule 1/Page_Store/button_Add' is clicked on

2018-05-30 18:01:20 - [MESSAGE][PASSED] - Object: 'Object Repository/Store Request Schedule 1/Page_Store/button_Add' is clicked on

2018-05-30 18:01:20 - [TEST_STEP][PASSED] - selectOptionByIndex: All options with index in [7] are selected on object 'Object Repository/Store Request Schedule 1/Page_Store/select_--Select--Schedule 1Inj'

2018-05-30 18:01:20 - [MESSAGE][PASSED] - All options with index in [7] are selected on object 'Object Repository/Store Request Schedule 1/Page_Store/select_--Select--Schedule 1Inj'

2018-05-30 18:01:20 - [TEST_STEP][PASSED] - delay: Delayed 1 second(s)

2018-05-30 18:01:21 - [MESSAGE][PASSED] - Delayed 1 second(s)

2018-05-30 18:01:21 - [TEST_STEP][PASSED] - selectOptionByIndex: All options with index in [3] are selected on object 'Object Repository/Store Request Schedule 1/Page_Store/select_--Select--Adernaline 0.'

2018-05-30 18:01:21 - [MESSAGE][PASSED] - All options with index in [3] are selected on object 'Object Repository/Store Request Schedule 1/Page_Store/select_--Select--Adernaline 0.'

2018-05-30 18:01:21 - [TEST_STEP][PASSED] - setText: Text '100' is set on object 'Object Repository/Store Request Schedule 1/Page_Store/input_txttreat'

2018-05-30 18:01:21 - [MESSAGE][PASSED] - Text '100' is set on object 'Object Repository/Store Request Schedule 1/Page_Store/input_txttreat'

2018-05-30 18:01:21 - [TEST_STEP][PASSED] - click: Object: 'Object Repository/Store Request Schedule 1/Page_Store/button_Add' is clicked on

2018-05-30 18:01:21 - [MESSAGE][PASSED] - Object: 'Object Repository/Store Request Schedule 1/Page_Store/button_Add' is clicked on

2018-05-30 18:01:21 - [TEST_STEP][PASSED] - selectOptionByIndex: All options with index in [7] are selected on object 'Object Repository/Store Request Schedule 1/Page_Store/select_--Select--Schedule 1Inj'

2018-05-30 18:01:22 - [MESSAGE][PASSED] - All options with index in [7] are selected on object 'Object Repository/Store Request Schedule 1/Page_Store/select_--Select--Schedule 1Inj'

2018-05-30 18:01:22 - [TEST_STEP][PASSED] - delay: Delayed 1 second(s)

2018-05-30 18:01:23 - [MESSAGE][PASSED] - Delayed 1 second(s)

2018-05-30 18:01:23 - [TEST_STEP][PASSED] - selectOptionByIndex: All options with index in [4] are selected on object 'Object Repository/Store Request Schedule 1/Page_Store/select_--Select--Adernaline 0.'

2018-05-30 18:01:23 - [MESSAGE][PASSED] - All options with index in [4] are selected on object 'Object Repository/Store Request Schedule 1/Page_Store/select_--Select--Adernaline 0.'

2018-05-30 18:01:23 - [TEST_STEP][PASSED] - setText: Text '100' is set on object 'Object Repository/Store Request Schedule 1/Page_Store/input_txttreat'

2018-05-30 18:01:23 - [MESSAGE][PASSED] - Text '100' is set on object 'Object Repository/Store Request Schedule 1/Page_Store/input_txttreat'

2018-05-30 18:01:23 - [TEST_STEP][PASSED] - click: Object: 'Object Repository/Store Request Schedule 1/Page_Store/button_Add' is clicked on

2018-05-30 18:01:23 - [MESSAGE][PASSED] - Object: 'Object Repository/Store Request Schedule 1/Page_Store/button_Add' is clicked on

2018-05-30 18:01:23 - [TEST_STEP][PASSED] - selectOptionByIndex: All options with index in [7] are selected on object 'Object Repository/Store Request Schedule 1/Page_Store/select_--Select--Schedule 1Inj'

2018-05-30 18:01:23 - [MESSAGE][PASSED] - All options with index in [7] are selected on object 'Object Repository/Store Request Schedule 1/Page_Store/select_--Select--Schedule 1Inj'

2018-05-30 18:01:23 - [TEST_STEP][PASSED] - delay: Delayed 1 second(s)

2018-05-30 18:01:24 - [MESSAGE][PASSED] - Delayed 1 second(s)

2018-05-30 18:01:24 - [TEST_STEP][PASSED] - selectOptionByIndex: All options with index in [5] are selected on object 'Object Repository/Store Request Schedule 1/Page_Store/select_--Select--Adernaline 0.'

2018-05-30 18:01:24 - [MESSAGE][PASSED] - All options with index in [5] are selected on object 'Object Repository/Store Request Schedule 1/Page_Store/select_--Select--Adernaline 0.'

2018-05-30 18:01:24 - [TEST_STEP][PASSED] - setText: Text '100' is set on object 'Object Repository/Store Request Schedule 1/Page_Store/input_txttreat'

2018-05-30 18:01:24 - [MESSAGE][PASSED] - Text '100' is set on object 'Object Repository/Store Request Schedule 1/Page_Store/input_txttreat'

2018-05-30 18:01:24 - [TEST_STEP][PASSED] - click: Object: 'Object Repository/Store Request Schedule 1/Page_Store/button_Add' is clicked on

2018-05-30 18:01:24 - [MESSAGE][PASSED] - Object: 'Object Repository/Store Request Schedule 1/Page_Store/button_Add' is clicked on

2018-05-30 18:01:24 - [TEST_STEP][PASSED] - selectOptionByIndex: All options with index in [7] are selected on object 'Object Repository/Store Request Schedule 1/Page_Store/select_--Select--Schedule 1Inj'

2018-05-30 18:01:25 - [MESSAGE][PASSED] - All options with index in [7] are selected on object 'Object Repository/Store Request Schedule 1/Page_Store/select_--Select--Schedule 1Inj'

2018-05-30 18:01:25 - [TEST_STEP][PASSED] - delay: Delayed 1 second(s)

2018-05-30 18:01:26 - [MESSAGE][PASSED] - Delayed 1 second(s)

2018-05-30 18:01:26 - [TEST_STEP][PASSED] - selectOptionByIndex: All options with index in [6] are selected on object 'Object Repository/Store Request Schedule 1/Page_Store/select_--Select--Adernaline 0.'

2018-05-30 18:01:26 - [MESSAGE][PASSED] - All options with index in [6] are selected on object 'Object Repository/Store Request Schedule 1/Page_Store/select_--Select--Adernaline 0.'

2018-05-30 18:01:26 - [TEST_STEP][PASSED] - setText: Text '100' is set on object 'Object Repository/Store Request Schedule 1/Page_Store/input_txttreat'

2018-05-30 18:01:26 - [MESSAGE][PASSED] - Text '100' is set on object 'Object Repository/Store Request Schedule 1/Page_Store/input_txttreat'

2018-05-30 18:01:26 - [TEST_STEP][PASSED] - click: Object: 'Object Repository/Store Request Schedule 1/Page_Store/button_Add' is clicked on

2018-05-30 18:01:26 - [MESSAGE][PASSED] - Object: 'Object Repository/Store Request Schedule 1/Page_Store/button_Add' is clicked on

2018-05-30 18:01:26 - [TEST_STEP][PASSED] - selectOptionByIndex: All options with index in [7] are selected on object 'Object Repository/Store Request Schedule 1/Page_Store/select_--Select--Schedule 1Inj'

2018-05-30 18:01:26 - [MESSAGE][PASSED] - All options with index in [7] are selected on object 'Object Repository/Store Request Schedule 1/Page_Store/select_--Select--Schedule 1Inj'

2018-05-30 18:01:26 - [TEST_STEP][PASSED] - delay: Delayed 1 second(s)

2018-05-30 18:01:27 - [MESSAGE][PASSED] - Delayed 1 second(s)

2018-05-30 18:01:27 - [TEST_STEP][PASSED] - selectOptionByIndex: All options with index in [7] are selected on object 'Object Repository/Store Request Schedule 1/Page_Store/select_--Select--Adernaline 0.'

2018-05-30 18:01:27 - [MESSAGE][PASSED] - All options with index in [7] are selected on object 'Object Repository/Store Request Schedule 1/Page_Store/select_--Select--Adernaline 0.'

2018-05-30 18:01:27 - [TEST_STEP][PASSED] - setText: Text '100' is set on object 'Object Repository/Store Request Schedule 1/Page_Store/input_txttreat'

2018-05-30 18:01:27 - [MESSAGE][PASSED] - Text '100' is set on object 'Object Repository/Store Request Schedule 1/Page_Store/input_txttreat'

2018-05-30 18:01:27 - [TEST_STEP][PASSED] - click: Object: 'Object Repository/Store Request Schedule 1/Page_Store/button_Add' is clicked on

2018-05-30 18:01:27 - [MESSAGE][PASSED] - Object: 'Object Repository/Store Request Schedule 1/Page_Store/button_Add' is clicked on

2018-05-30 18:01:27 - [TEST_STEP][PASSED] - selectOptionByIndex: All options with index in [7] are selected on object 'Object Repository/Store Request Schedule 1/Page_Store/select_--Select--Schedule 1Inj'

2018-05-30 18:01:28 - [MESSAGE][PASSED] - All options with index in [7] are selected on object 'Object Repository/Store Request Schedule 1/Page_Store/select_--Select--Schedule 1Inj'

2018-05-30 18:01:28 - [TEST_STEP][PASSED] - delay: Delayed 1 second(s)

2018-05-30 18:01:29 - [MESSAGE][PASSED] - Delayed 1 second(s)

2018-05-30 18:01:29 - [TEST_STEP][PASSED] - selectOptionByIndex: All options with index in [8] are selected on object 'Object Repository/Store Request Schedule 1/Page_Store/select_--Select--Adernaline 0.'

2018-05-30 18:01:29 - [MESSAGE][PASSED] - All options with index in [8] are selected on object 'Object Repository/Store Request Schedule 1/Page_Store/select_--Select--Adernaline 0.'

2018-05-30 18:01:29 - [TEST_STEP][PASSED] - setText: Text '100' is set on object 'Object Repository/Store Request Schedule 1/Page_Store/input_txttreat'

2018-05-30 18:01:29 - [MESSAGE][PASSED] - Text '100' is set on object 'Object Repository/Store Request Schedule 1/Page_Store/input_txttreat'

2018-05-30 18:01:29 - [TEST_STEP][PASSED] - click: Object: 'Object Repository/Store Request Schedule 1/Page_Store/button_Add' is clicked on

2018-05-30 18:01:29 - [MESSAGE][PASSED] - Object: 'Object Repository/Store Request Schedule 1/Page_Store/button_Add' is clicked on

2018-05-30 18:01:29 - [TEST_STEP][PASSED] - selectOptionByIndex: All options with index in [7] are selected on object 'Object Repository/Store Request Schedule 1/Page_Store/select_--Select--Schedule 1Inj'

2018-05-30 18:01:29 - [MESSAGE][PASSED] - All options with index in [7] are selected on object 'Object Repository/Store Request Schedule 1/Page_Store/select_--Select--Schedule 1Inj'

2018-05-30 18:01:29 - [TEST_STEP][PASSED] - delay: Delayed 1 second(s)

2018-05-30 18:01:30 - [MESSAGE][PASSED] - Delayed 1 second(s)

2018-05-30 18:01:30 - [TEST_STEP][PASSED] - selectOptionByIndex: All options with index in [9] are selected on object 'Object Repository/Store Request Schedule 1/Page_Store/select_--Select--Adernaline 0.'

2018-05-30 18:01:30 - [MESSAGE][PASSED] - All options with index in [9] are selected on object 'Object Repository/Store Request Schedule 1/Page_Store/select_--Select--Adernaline 0.'

2018-05-30 18:01:30 - [TEST_STEP][PASSED] - setText: Text '100' is set on object 'Object Repository/Store Request Schedule 1/Page_Store/input_txttreat'

2018-05-30 18:01:30 - [MESSAGE][PASSED] - Text '100' is set on object 'Object Repository/Store Request Schedule 1/Page_Store/input_txttreat'

2018-05-30 18:01:30 - [TEST_STEP][PASSED] - click: Object: 'Object Repository/Store Request Schedule 1/Page_Store/button_Add' is clicked on

2018-05-30 18:01:30 - [MESSAGE][PASSED] - Object: 'Object Repository/Store Request Schedule 1/Page_Store/button_Add' is clicked on

2018-05-30 18:01:30 - [TEST_STEP][PASSED] - selectOptionByIndex: All options with index in [7] are selected on object 'Object Repository/Store Request Schedule 1/Page_Store/select_--Select--Schedule 1Inj'

2018-05-30 18:01:31 - [MESSAGE][PASSED] - All options with index in [7] are selected on object 'Object Repository/Store Request Schedule 1/Page_Store/select_--Select--Schedule 1Inj'

2018-05-30 18:01:31 - [TEST_STEP][PASSED] - delay: Delayed 1 second(s)

2018-05-30 18:01:32 - [MESSAGE][PASSED] - Delayed 1 second(s)

2018-05-30 18:01:32 - [TEST_STEP][PASSED] - selectOptionByIndex: All options with index in [10] are selected on object 'Object Repository/Store Request Schedule 1/Page_Store/select_--Select--Adernaline 0.'

2018-05-30 18:01:32 - [MESSAGE][PASSED] - All options with index in [10] are selected on object 'Object Repository/Store Request Schedule 1/Page_Store/select_--Select--Adernaline 0.'

2018-05-30 18:01:32 - [TEST_STEP][PASSED] - setText: Text '100' is set on object 'Object Repository/Store Request Schedule 1/Page_Store/input_txttreat'

2018-05-30 18:01:32 - [MESSAGE][PASSED] - Text '100' is set on object 'Object Repository/Store Request Schedule 1/Page_Store/input_txttreat'

2018-05-30 18:01:32 - [TEST_STEP][PASSED] - click: Object: 'Object Repository/Store Request Schedule 1/Page_Store/button_Add' is clicked on

2018-05-30 18:01:32 - [MESSAGE][PASSED] - Object: 'Object Repository/Store Request Schedule 1/Page_Store/button_Add' is clicked on

2018-05-30 18:01:32 - [TEST_STEP][PASSED] - selectOptionByIndex: All options with index in [7] are selected on object 'Object Repository/Store Request Schedule 1/Page_Store/select_--Select--Schedule 1Inj'

2018-05-30 18:01:32 - [MESSAGE][PASSED] - All options with index in [7] are selected on object 'Object Repository/Store Request Schedule 1/Page_Store/select_--Select--Schedule 1Inj'

2018-05-30 18:01:32 - [TEST_STEP][PASSED] - delay: Delayed 1 second(s)

2018-05-30 18:01:33 - [MESSAGE][PASSED] - Delayed 1 second(s)

2018-05-30 18:01:33 - [TEST_STEP][PASSED] - selectOptionByIndex: All options with index in [11] are selected on object 'Object Repository/Store Request Schedule 1/Page_Store/select_--Select--Adernaline 0.'

2018-05-30 18:01:33 - [MESSAGE][PASSED] - All options with index in [11] are selected on object 'Object Repository/Store Request Schedule 1/Page_Store/select_--Select--Adernaline 0.'

2018-05-30 18:01:33 - [TEST_STEP][PASSED] - setText: Text '100' is set on object 'Object Repository/Store Request Schedule 1/Page_Store/input_txttreat'

2018-05-30 18:01:33 - [MESSAGE][PASSED] - Text '100' is set on object 'Object Repository/Store Request Schedule 1/Page_Store/input_txttreat'

2018-05-30 18:01:33 - [TEST_STEP][PASSED] - click: Object: 'Object Repository/Store Request Schedule 1/Page_Store/button_Add' is clicked on

2018-05-30 18:01:33 - [MESSAGE][PASSED] - Object: 'Object Repository/Store Request Schedule 1/Page_Store/button_Add' is clicked on

2018-05-30 18:01:33 - [TEST_STEP][PASSED] - selectOptionByIndex: All options with index in [7] are selected on object 'Object Repository/Store Request Schedule 1/Page_Store/select_--Select--Schedule 1Inj'

2018-05-30 18:01:34 - [MESSAGE][PASSED] - All options with index in [7] are selected on object 'Object Repository/Store Request Schedule 1/Page_Store/select_--Select--Schedule 1Inj'

2018-05-30 18:01:34 - [TEST_STEP][PASSED] - delay: Delayed 1 second(s)

2018-05-30 18:01:35 - [MESSAGE][PASSED] - Delayed 1 second(s)

2018-05-30 18:01:35 - [TEST_STEP][PASSED] - selectOptionByIndex: All options with index in [12] are selected on object 'Object Repository/Store Request Schedule 1/Page_Store/select_--Select--Adernaline 0.'

2018-05-30 18:01:35 - [MESSAGE][PASSED] - All options with index in [12] are selected on object 'Object Repository/Store Request Schedule 1/Page_Store/select_--Select--Adernaline 0.'

2018-05-30 18:01:35 - [TEST_STEP][PASSED] - setText: Text '100' is set on object 'Object Repository/Store Request Schedule 1/Page_Store/input_txttreat'

2018-05-30 18:01:35 - [MESSAGE][PASSED] - Text '100' is set on object 'Object Repository/Store Request Schedule 1/Page_Store/input_txttreat'

2018-05-30 18:01:35 - [TEST_STEP][PASSED] - click: Object: 'Object Repository/Store Request Schedule 1/Page_Store/button_Add' is clicked on

2018-05-30 18:01:35 - [MESSAGE][PASSED] - Object: 'Object Repository/Store Request Schedule 1/Page_Store/button_Add' is clicked on

2018-05-30 18:01:35 - [TEST_STEP][PASSED] - selectOptionByIndex: All options with index in [7] are selected on object 'Object Repository/Store Request Schedule 1/Page_Store/select_--Select--Schedule 1Inj'

2018-05-30 18:01:35 - [MESSAGE][PASSED] - All options with index in [7] are selected on object 'Object Repository/Store Request Schedule 1/Page_Store/select_--Select--Schedule 1Inj'

2018-05-30 18:01:35 - [TEST_STEP][PASSED] - delay: Delayed 1 second(s)

2018-05-30 18:01:36 - [MESSAGE][PASSED] - Delayed 1 second(s)

2018-05-30 18:01:36 - [TEST_STEP][PASSED] - selectOptionByIndex: All options with index in [13] are selected on object 'Object Repository/Store Request Schedule 1/Page_Store/select_--Select--Adernaline 0.'

2018-05-30 18:01:36 - [MESSAGE][PASSED] - All options with index in [13] are selected on object 'Object Repository/Store Request Schedule 1/Page_Store/select_--Select--Adernaline 0.'

2018-05-30 18:01:36 - [TEST_STEP][PASSED] - setText: Text '100' is set on object 'Object Repository/Store Request Schedule 1/Page_Store/input_txttreat'

2018-05-30 18:01:36 - [MESSAGE][PASSED] - Text '100' is set on object 'Object Repository/Store Request Schedule 1/Page_Store/input_txttreat'

2018-05-30 18:01:36 - [TEST_STEP][PASSED] - click: Object: 'Object Repository/Store Request Schedule 1/Page_Store/button_Add' is clicked on

2018-05-30 18:01:36 - [MESSAGE][PASSED] - Object: 'Object Repository/Store Request Schedule 1/Page_Store/button_Add' is clicked on

2018-05-30 18:01:36 - [TEST_STEP][PASSED] - selectOptionByIndex: All options with index in [7] are selected on object 'Object Repository/Store Request Schedule 1/Page_Store/select_--Select--Schedule 1Inj'

2018-05-30 18:01:37 - [MESSAGE][PASSED] - All options with index in [7] are selected on object 'Object Repository/Store Request Schedule 1/Page_Store/select_--Select--Schedule 1Inj'

2018-05-30 18:01:37 - [TEST_STEP][PASSED] - delay: Delayed 1 second(s)

2018-05-30 18:01:38 - [MESSAGE][PASSED] - Delayed 1 second(s)

2018-05-30 18:01:38 - [TEST_STEP][PASSED] - selectOptionByIndex: All options with index in [14] are selected on object 'Object Repository/Store Request Schedule 1/Page_Store/select_--Select--Adernaline 0.'

2018-05-30 18:01:38 - [MESSAGE][PASSED] - All options with index in [14] are selected on object 'Object Repository/Store Request Schedule 1/Page_Store/select_--Select--Adernaline 0.'

2018-05-30 18:01:38 - [TEST_STEP][PASSED] - setText: Text '100' is set on object 'Object Repository/Store Request Schedule 1/Page_Store/input_txttreat'

2018-05-30 18:01:38 - [MESSAGE][PASSED] - Text '100' is set on object 'Object Repository/Store Request Schedule 1/Page_Store/input_txttreat'

2018-05-30 18:01:38 - [TEST_STEP][PASSED] - click: Object: 'Object Repository/Store Request Schedule 1/Page_Store/button_Add' is clicked on

2018-05-30 18:01:38 - [MESSAGE][PASSED] - Object: 'Object Repository/Store Request Schedule 1/Page_Store/button_Add' is clicked on

2018-05-30 18:01:38 - [TEST_STEP][PASSED] - selectOptionByIndex: All options with index in [7] are selected on object 'Object Repository/Store Request Schedule 1/Page_Store/select_--Select--Schedule 1Inj'

2018-05-30 18:01:38 - [MESSAGE][PASSED] - All options with index in [7] are selected on object 'Object Repository/Store Request Schedule 1/Page_Store/select_--Select--Schedule 1Inj'

2018-05-30 18:01:38 - [TEST_STEP][PASSED] - delay: Delayed 1 second(s)

2018-05-30 18:01:39 - [MESSAGE][PASSED] - Delayed 1 second(s)

2018-05-30 18:01:39 - [TEST_STEP][PASSED] - selectOptionByIndex: All options with index in [15] are selected on object 'Object Repository/Store Request Schedule 1/Page_Store/select_--Select--Adernaline 0.'

2018-05-30 18:01:39 - [MESSAGE][PASSED] - All options with index in [15] are selected on object 'Object Repository/Store Request Schedule 1/Page_Store/select_--Select--Adernaline 0.'

2018-05-30 18:01:39 - [TEST_STEP][PASSED] - setText: Text '100' is set on object 'Object Repository/Store Request Schedule 1/Page_Store/input_txttreat'

2018-05-30 18:01:40 - [MESSAGE][PASSED] - Text '100' is set on object 'Object Repository/Store Request Schedule 1/Page_Store/input_txttreat'

2018-05-30 18:01:40 - [TEST_STEP][PASSED] - click: Object: 'Object Repository/Store Request Schedule 1/Page_Store/button_Add' is clicked on

2018-05-30 18:01:40 - [MESSAGE][PASSED] - Object: 'Object Repository/Store Request Schedule 1/Page_Store/button_Add' is clicked on

2018-05-30 18:01:40 - [TEST_STEP][PASSED] - selectOptionByIndex: All options with index in [7] are selected on object 'Object Repository/Store Request Schedule 1/Page_Store/select_--Select--Schedule 1Inj'

2018-05-30 18:01:40 - [MESSAGE][PASSED] - All options with index in [7] are selected on object 'Object Repository/Store Request Schedule 1/Page_Store/select_--Select--Schedule 1Inj'

2018-05-30 18:01:40 - [TEST_STEP][PASSED] - delay: Delayed 1 second(s)

2018-05-30 18:01:41 - [MESSAGE][PASSED] - Delayed 1 second(s)

2018-05-30 18:01:41 - [TEST_STEP][PASSED] - selectOptionByIndex: All options with index in [16] are selected on object 'Object Repository/Store Request Schedule 1/Page_Store/select_--Select--Adernaline 0.'

2018-05-30 18:01:41 - [MESSAGE][PASSED] - All options with index in [16] are selected on object 'Object Repository/Store Request Schedule 1/Page_Store/select_--Select--Adernaline 0.'

2018-05-30 18:01:41 - [TEST_STEP][PASSED] - setText: Text '100' is set on object 'Object Repository/Store Request Schedule 1/Page_Store/input_txttreat'

2018-05-30 18:01:41 - [MESSAGE][PASSED] - Text '100' is set on object 'Object Repository/Store Request Schedule 1/Page_Store/input_txttreat'

2018-05-30 18:01:41 - [TEST_STEP][PASSED] - click: Object: 'Object Repository/Store Request Schedule 1/Page_Store/button_Add' is clicked on

2018-05-30 18:01:41 - [MESSAGE][PASSED] - Object: 'Object Repository/Store Request Schedule 1/Page_Store/button_Add' is clicked on

2018-05-30 18:01:41 - [TEST_STEP][PASSED] - selectOptionByIndex: All options with index in [7] are selected on object 'Object Repository/Store Request Schedule 1/Page_Store/select_--Select--Schedule 1Inj'

2018-05-30 18:01:41 - [MESSAGE][PASSED] - All options with index in [7] are selected on object 'Object Repository/Store Request Schedule 1/Page_Store/select_--Select--Schedule 1Inj'

2018-05-30 18:01:41 - [TEST_STEP][PASSED] - delay: Delayed 1 second(s)

2018-05-30 18:01:42 - [MESSAGE][PASSED] - Delayed 1 second(s)

2018-05-30 18:01:42 - [TEST_STEP][PASSED] - selectOptionByIndex: All options with index in [17] are selected on object 'Object Repository/Store Request Schedule 1/Page_Store/select_--Select--Adernaline 0.'

2018-05-30 18:01:43 - [MESSAGE][PASSED] - All options with index in [17] are selected on object 'Object Repository/Store Request Schedule 1/Page_Store/select_--Select--Adernaline 0.'

2018-05-30 18:01:43 - [TEST_STEP][PASSED] - setText: Text '100' is set on object 'Object Repository/Store Request Schedule 1/Page_Store/input_txttreat'

2018-05-30 18:01:43 - [MESSAGE][PASSED] - Text '100' is set on object 'Object Repository/Store Request Schedule 1/Page_Store/input_txttreat'

2018-05-30 18:01:43 - [TEST_STEP][PASSED] - click: Object: 'Object Repository/Store Request Schedule 1/Page_Store/button_Add' is clicked on

2018-05-30 18:01:43 - [MESSAGE][PASSED] - Object: 'Object Repository/Store Request Schedule 1/Page_Store/button_Add' is clicked on

2018-05-30 18:01:43 - [TEST_STEP][PASSED] - selectOptionByIndex: All options with index in [7] are selected on object 'Object Repository/Store Request Schedule 1/Page_Store/select_--Select--Schedule 1Inj'

2018-05-30 18:01:43 - [MESSAGE][PASSED] - All options with index in [7] are selected on object 'Object Repository/Store Request Schedule 1/Page_Store/select_--Select--Schedule 1Inj'

2018-05-30 18:01:43 - [TEST_STEP][PASSED] - delay: Delayed 1 second(s)

2018-05-30 18:01:44 - [MESSAGE][PASSED] - Delayed 1 second(s)

2018-05-30 18:01:44 - [TEST_STEP][PASSED] - selectOptionByIndex: All options with index in [18] are selected on object 'Object Repository/Store Request Schedule 1/Page_Store/select_--Select--Adernaline 0.'

2018-05-30 18:01:44 - [MESSAGE][PASSED] - All options with index in [18] are selected on object 'Object Repository/Store Request Schedule 1/Page_Store/select_--Select--Adernaline 0.'

2018-05-30 18:01:44 - [TEST_STEP][PASSED] - setText: Text '100' is set on object 'Object Repository/Store Request Schedule 1/Page_Store/input_txttreat'

2018-05-30 18:01:44 - [MESSAGE][PASSED] - Text '100' is set on object 'Object Repository/Store Request Schedule 1/Page_Store/input_txttreat'

2018-05-30 18:01:44 - [TEST_STEP][PASSED] - click: Object: 'Object Repository/Store Request Schedule 1/Page_Store/button_Add' is clicked on

2018-05-30 18:02:07 - [MESSAGE][PASSED] - Object: 'Object Repository/Store Request Schedule 1/Page_Store/button_Add' is clicked on

2018-05-30 18:02:07 - [TEST_STEP][PASSED] - selectOptionByIndex: All options with index in [7] are selected on object 'Object Repository/Store Request Schedule 1/Page_Store/select_--Select--Schedule 1Inj'

2018-05-30 18:02:07 - [MESSAGE][PASSED] - All options with index in [7] are selected on object 'Object Repository/Store Request Schedule 1/Page_Store/select_--Select--Schedule 1Inj'

2018-05-30 18:02:07 - [TEST_STEP][PASSED] - delay: Delayed 1 second(s)

2018-05-30 18:02:08 - [MESSAGE][PASSED] - Delayed 1 second(s)

2018-05-30 18:02:08 - [TEST_STEP][PASSED] - selectOptionByIndex: All options with index in [19] are selected on object 'Object Repository/Store Request Schedule 1/Page_Store/select_--Select--Adernaline 0.'

2018-05-30 18:02:09 - [MESSAGE][PASSED] - All options with index in [19] are selected on object 'Object Repository/Store Request Schedule 1/Page_Store/select_--Select--Adernaline 0.'

2018-05-30 18:02:09 - [TEST_STEP][PASSED] - setText: Text '100' is set on object 'Object Repository/Store Request Schedule 1/Page_Store/input_txttreat'

2018-05-30 18:02:09 - [MESSAGE][PASSED] - Text '100' is set on object 'Object Repository/Store Request Schedule 1/Page_Store/input_txttreat'

2018-05-30 18:02:09 - [TEST_STEP][PASSED] - click: Object: 'Object Repository/Store Request Schedule 1/Page_Store/button_Add' is clicked on

2018-05-30 18:02:09 - [MESSAGE][PASSED] - Object: 'Object Repository/Store Request Schedule 1/Page_Store/button_Add' is clicked on

2018-05-30 18:02:09 - [TEST_STEP][PASSED] - selectOptionByIndex: All options with index in [7] are selected on object 'Object Repository/Store Request Schedule 1/Page_Store/select_--Select--Schedule 1Inj'

2018-05-30 18:02:09 - [MESSAGE][PASSED] - All options with index in [7] are selected on object 'Object Repository/Store Request Schedule 1/Page_Store/select_--Select--Schedule 1Inj'

2018-05-30 18:02:09 - [TEST_STEP][PASSED] - delay: Delayed 1 second(s)

2018-05-30 18:02:10 - [MESSAGE][PASSED] - Delayed 1 second(s)

2018-05-30 18:02:10 - [TEST_STEP][PASSED] - selectOptionByIndex: All options with index in [20] are selected on object 'Object Repository/Store Request Schedule 1/Page_Store/select_--Select--Adernaline 0.'

2018-05-30 18:02:10 - [MESSAGE][PASSED] - All options with index in [20] are selected on object 'Object Repository/Store Request Schedule 1/Page_Store/select_--Select--Adernaline 0.'

2018-05-30 18:02:10 - [TEST_STEP][PASSED] - setText: Text '100' is set on object 'Object Repository/Store Request Schedule 1/Page_Store/input_txttreat'

2018-05-30 18:02:10 - [MESSAGE][PASSED] - Text '100' is set on object 'Object Repository/Store Request Schedule 1/Page_Store/input_txttreat'

2018-05-30 18:02:10 - [TEST_STEP][PASSED] - click: Object: 'Object Repository/Store Request Schedule 1/Page_Store/button_Add' is clicked on

2018-05-30 18:02:10 - [MESSAGE][PASSED] - Object: 'Object Repository/Store Request Schedule 1/Page_Store/button_Add' is clicked on

2018-05-30 18:02:10 - [TEST_STEP][PASSED] - selectOptionByIndex: All options with index in [7] are selected on object 'Object Repository/Store Request Schedule 1/Page_Store/select_--Select--Schedule 1Inj'

2018-05-30 18:02:11 - [MESSAGE][PASSED] - All options with index in [7] are selected on object 'Object Repository/Store Request Schedule 1/Page_Store/select_--Select--Schedule 1Inj'

2018-05-30 18:02:11 - [TEST_STEP][PASSED] - delay: Delayed 1 second(s)

2018-05-30 18:02:12 - [MESSAGE][PASSED] - Delayed 1 second(s)

2018-05-30 18:02:12 - [TEST_STEP][PASSED] - selectOptionByIndex: All options with index in [21] are selected on object 'Object Repository/Store Request Schedule 1/Page_Store/select_--Select--Adernaline 0.'

2018-05-30 18:02:12 - [MESSAGE][PASSED] - All options with index in [21] are selected on object 'Object Repository/Store Request Schedule 1/Page_Store/select_--Select--Adernaline 0.'

2018-05-30 18:02:12 - [TEST_STEP][PASSED] - setText: Text '100' is set on object 'Object Repository/Store Request Schedule 1/Page_Store/input_txttreat'

2018-05-30 18:02:13 - [MESSAGE][PASSED] - Text '100' is set on object 'Object Repository/Store Request Schedule 1/Page_Store/input_txttreat'

2018-05-30 18:02:13 - [TEST_STEP][PASSED] - click: Object: 'Object Repository/Store Request Schedule 1/Page_Store/button_Add' is clicked on

2018-05-30 18:02:13 - [MESSAGE][PASSED] - Object: 'Object Repository/Store Request Schedule 1/Page_Store/button_Add' is clicked on

2018-05-30 18:02:13 - [TEST_STEP][PASSED] - selectOptionByIndex: All options with index in [7] are selected on object 'Object Repository/Store Request Schedule 1/Page_Store/select_--Select--Schedule 1Inj'

2018-05-30 18:02:13 - [MESSAGE][PASSED] - All options with index in [7] are selected on object 'Object Repository/Store Request Schedule 1/Page_Store/select_--Select--Schedule 1Inj'

2018-05-30 18:02:13 - [TEST_STEP][PASSED] - delay: Delayed 1 second(s)

2018-05-30 18:02:14 - [MESSAGE][PASSED] - Delayed 1 second(s)

2018-05-30 18:02:14 - [TEST_STEP][PASSED] - selectOptionByIndex: All options with index in [22] are selected on object 'Object Repository/Store Request Schedule 1/Page_Store/select_--Select--Adernaline 0.'

2018-05-30 18:02:14 - [MESSAGE][PASSED] - All options with index in [22] are selected on object 'Object Repository/Store Request Schedule 1/Page_Store/select_--Select--Adernaline 0.'

2018-05-30 18:02:14 - [TEST_STEP][PASSED] - setText: Text '100' is set on object 'Object Repository/Store Request Schedule 1/Page_Store/input_txttreat'

2018-05-30 18:02:14 - [MESSAGE][PASSED] - Text '100' is set on object 'Object Repository/Store Request Schedule 1/Page_Store/input_txttreat'

2018-05-30 18:02:14 - [TEST_STEP][PASSED] - click: Object: 'Object Repository/Store Request Schedule 1/Page_Store/button_Add' is clicked on

2018-05-30 18:02:15 - [MESSAGE][PASSED] - Object: 'Object Repository/Store Request Schedule 1/Page_Store/button_Add' is clicked on

2018-05-30 18:02:15 - [TEST_STEP][PASSED] - selectOptionByIndex: All options with index in [7] are selected on object 'Object Repository/Store Request Schedule 1/Page_Store/select_--Select--Schedule 1Inj'

2018-05-30 18:02:15 - [MESSAGE][PASSED] - All options with index in [7] are selected on object 'Object Repository/Store Request Schedule 1/Page_Store/select_--Select--Schedule 1Inj'

2018-05-30 18:02:15 - [TEST_STEP][PASSED] - delay: Delayed 1 second(s)

2018-05-30 18:02:16 - [MESSAGE][PASSED] - Delayed 1 second(s)

2018-05-30 18:02:16 - [TEST_STEP][PASSED] - selectOptionByIndex: All options with index in [23] are selected on object 'Object Repository/Store Request Schedule 1/Page_Store/select_--Select--Adernaline 0.'

2018-05-30 18:02:16 - [MESSAGE][PASSED] - All options with index in [23] are selected on object 'Object Repository/Store Request Schedule 1/Page_Store/select_--Select--Adernaline 0.'

2018-05-30 18:02:16 - [TEST_STEP][PASSED] - setText: Text '100' is set on object 'Object Repository/Store Request Schedule 1/Page_Store/input_txttreat'

2018-05-30 18:02:16 - [MESSAGE][PASSED] - Text '100' is set on object 'Object Repository/Store Request Schedule 1/Page_Store/input_txttreat'

2018-05-30 18:02:16 - [TEST_STEP][PASSED] - click: Object: 'Object Repository/Store Request Schedule 1/Page_Store/button_Add' is clicked on

2018-05-30 18:02:16 - [MESSAGE][PASSED] - Object: 'Object Repository/Store Request Schedule 1/Page_Store/button_Add' is clicked on

2018-05-30 18:02:16 - [TEST_STEP][PASSED] - delay: Delayed 2 second(s)

2018-05-30 18:02:18 - [MESSAGE][PASSED] - Delayed 2 second(s)

2018-05-30 18:02:18 - [TEST_STEP][PASSED] - scrollToElement: Scroll to object 'Object Repository/Store Request Schedule 1/Page_Store/input_btnsave' successfully

2018-05-30 18:02:18 - [MESSAGE][PASSED] - Scroll to object 'Object Repository/Store Request Schedule 1/Page_Store/input_btnsave' successfully

2018-05-30 18:02:18 - [TEST_STEP][PASSED] - click: Object: 'Object Repository/Store Request Schedule 1/Page_Store/input_btnsave' is clicked on

2018-05-30 18:02:18 - [MESSAGE][PASSED] - Object: 'Object Repository/Store Request Schedule 1/Page_Store/input_btnsave' is clicked on

2018-05-30 18:02:18 - [TEST_STEP][PASSED] - delay: Delayed 4 second(s)

2018-05-30 18:02:22 - [MESSAGE][PASSED] - Delayed 4 second(s)

2018-05-30 18:02:22 - [TEST_STEP][PASSED] - Statement - Cms_RequestNumber = com.kms.katalon.core.webui.keyword.WebUiBuiltInKeywords.getText(com.kms.katalon.core.testobject.ObjectRepository.findTestObject(Store Request Schedule 1/Page_Store/font_PRNO050520189)): Text of object 'Object Repository/Store Request Schedule 1/Page_Store/font_PRNO050520189' is: 'PRNO/30052018/481'

2018-05-30 18:02:22 - [MESSAGE][PASSED] - Text of object 'Object Repository/Store Request Schedule 1/Page_Store/font_PRNO050520189' is: 'PRNO/30052018/481'

2018-05-30 18:02:22 - [TEST_STEP][PASSED] - Statement - CR = Cms_RequestNumber.trim(): null

2018-05-30 18:02:22 - [TEST_STEP][PASSED] - Statement - out.println("RQ :" + Cms_RequestNumber): null

2018-05-30 18:02:22 - [TEST_STEP][PASSED] - Statement - RequestNumberID = Cms_RequestNumber.split("/")[2].trim(): null

2018-05-30 18:02:22 - [TEST_STEP][PASSED] - Statement - out.println("RQ ID :" + RequestNumberID): null

2018-05-30 18:02:22 - [TEST_STEP][PASSED] - delay: Delayed 3 second(s)

2018-05-30 18:02:25 - [MESSAGE][PASSED] - Delayed 3 second(s)

2018-05-30 18:02:25 - [TEST_STEP][PASSED] - Statement - ok = com.kms.katalon.core.webui.keyword.WebUiBuiltInKeywords.click(com.kms.katalon.core.testobject.ObjectRepository.findTestObject(Store Request Schedule 1/Page_Store/button_OK)): Object: 'Object Repository/Store Request Schedule 1/Page_Store/button_OK' is clicked on

2018-05-30 18:02:26 - [MESSAGE][PASSED] - Object: 'Object Repository/Store Request Schedule 1/Page_Store/button_OK' is clicked on

2018-05-30 18:02:26 - [TEST_STEP][PASSED] - delay: Delayed 3 second(s)

2018-05-30 18:02:29 - [MESSAGE][PASSED] - Delayed 3 second(s)

2018-05-30 18:02:29 - [TEST_STEP][PASSED] - click: Object: 'Object Repository/Store Request Schedule 1/Page_Store/a_dropdown-toggle' is clicked on

2018-05-30 18:02:29 - [MESSAGE][PASSED] - Object: 'Object Repository/Store Request Schedule 1/Page_Store/a_dropdown-toggle' is clicked on

2018-05-30 18:02:29 - [TEST_STEP][PASSED] - click: Object: 'Object Repository/Store Request Schedule 1/Page_Store/a_Sign out' is clicked on

2018-05-30 18:02:30 - [MESSAGE][PASSED] - Object: 'Object Repository/Store Request Schedule 1/Page_Store/a_Sign out' is clicked on

2018-05-30 18:02:30 - [TEST_STEP][PASSED] - delay: Delayed 3 second(s)

2018-05-30 18:02:33 - [MESSAGE][PASSED] - Delayed 3 second(s)

2018-05-30 18:02:33 - [TEST_STEP][PASSED] - click: Object: 'Object Repository/Store Request Schedule 1/Page_KDMC/a_CMO' is clicked on

2018-05-30 18:02:34 - [MESSAGE][PASSED] - Object: 'Object Repository/Store Request Schedule 1/Page_KDMC/a_CMO' is clicked on

2018-05-30 18:02:34 - [TEST_STEP][PASSED] - setText: Text 'guru' is set on object 'Object Repository/Store Request Schedule 1/Page_CMO login/input_txtusername'

2018-05-30 18:02:34 - [MESSAGE][PASSED] - Text 'guru' is set on object 'Object Repository/Store Request Schedule 1/Page_CMO login/input_txtusername'

2018-05-30 18:02:34 - [TEST_STEP][PASSED] - setText: Text '123' is set on object 'Object Repository/Store Request Schedule 1/Page_CMO login/input_txtpassword'

2018-05-30 18:02:34 - [MESSAGE][PASSED] - Text '123' is set on object 'Object Repository/Store Request Schedule 1/Page_CMO login/input_txtpassword'

2018-05-30 18:02:34 - [TEST_STEP][PASSED] - delay: Delayed 3 second(s)

2018-05-30 18:02:37 - [MESSAGE][PASSED] - Delayed 3 second(s)

2018-05-30 18:02:37 - [TEST_STEP][PASSED] - click: Object: 'Object Repository/Store Request Schedule 1/Page_CMO login/button_Sign in' is clicked on

2018-05-30 18:02:38 - [MESSAGE][PASSED] - Object: 'Object Repository/Store Request Schedule 1/Page_CMO login/button_Sign in' is clicked on

2018-05-30 18:02:38 - [TEST_STEP][PASSED] - delay: Delayed 2 second(s)

2018-05-30 18:02:40 - [MESSAGE][PASSED] - Delayed 2 second(s)

2018-05-30 18:02:40 - [TEST_STEP][PASSED] - click: Object: 'Object Repository/Store Request Schedule 1/Page_KDMC - CMO/span_Department Wise Request' is clicked on

2018-05-30 18:02:41 - [MESSAGE][PASSED] - Object: 'Object Repository/Store Request Schedule 1/Page_KDMC - CMO/span_Department Wise Request' is clicked on

2018-05-30 18:02:41 - [TEST_STEP][PASSED] - click: Object: 'Object Repository/Store Request Schedule 1/Page_KDMC - CMO/a_CMS Request' is clicked on

2018-05-30 18:02:41 - [MESSAGE][PASSED] - Object: 'Object Repository/Store Request Schedule 1/Page_KDMC - CMO/a_CMS Request' is clicked on

2018-05-30 18:02:41 - [TEST_STEP][PASSED] - click: Object: 'Object Repository/Store Request Schedule 1/Page_KDMC - CMO/a_CMS Request' is clicked on

2018-05-30 18:02:41 - [MESSAGE][PASSED] - Object: 'Object Repository/Store Request Schedule 1/Page_KDMC - CMO/a_CMS Request' is clicked on

2018-05-30 18:02:41 - [TEST_STEP][PASSED] - click: Object: 'Object Repository/Store Request Schedule 1/Page_KDMC - CMO/span_Divisional Store Request' is clicked on

2018-05-30 18:02:44 - [MESSAGE][PASSED] - Object: 'Object Repository/Store Request Schedule 1/Page_KDMC - CMO/span_Divisional Store Request' is clicked on

2018-05-30 18:02:44 - [TEST_STEP][PASSED] - delay: Delayed 2 second(s)

2018-05-30 18:02:46 - [MESSAGE][PASSED] - Delayed 2 second(s)

2018-05-30 18:02:46 - [TEST_STEP][PASSED] - Statement - approval = com.kms.katalon.core.webui.keyword.WebUiBuiltInKeywords.modifyObjectProperty(com.kms.katalon.core.testobject.ObjectRepository.findTestObject(Store Request Schedule 1/Page_KDMC - CMO/input_PRNO050520189), "xpath", "equals", "//*[@id=" + RequestNumberID + "]", true): Modify property of object successfully

2018-05-30 18:02:46 - [MESSAGE][PASSED] - Modify property of object successfully

2018-05-30 18:02:46 - [TEST_STEP][PASSED] - click: Object: 'Object Repository/Store Request Schedule 1/Page_KDMC - CMO/input_PRNO050520189' is clicked on

2018-05-30 18:02:46 - [MESSAGE][PASSED] - Object: 'Object Repository/Store Request Schedule 1/Page_KDMC - CMO/input_PRNO050520189' is clicked on

2018-05-30 18:02:46 - [TEST_STEP][PASSED] - delay: Delayed 2 second(s)

2018-05-30 18:02:48 - [MESSAGE][PASSED] - Delayed 2 second(s)

2018-05-30 18:02:48 - [TEST_STEP][PASSED] - selectOptionByIndex: All options with index in [1] are selected on object 'Object Repository/Store Request Schedule 1/Page_KDMC - CMO/select_--Select--'

2018-05-30 18:02:48 - [MESSAGE][PASSED] - All options with index in [1] are selected on object 'Object Repository/Store Request Schedule 1/Page_KDMC - CMO/select_--Select--'

2018-05-30 18:02:48 - [TEST_STEP][PASSED] - click: Object: 'Object Repository/Store Request Schedule 1/Page_KDMC - CMO/input_btnupdate' is clicked on

2018-05-30 18:02:48 - [MESSAGE][PASSED] - Object: 'Object Repository/Store Request Schedule 1/Page_KDMC - CMO/input_btnupdate' is clicked on

2018-05-30 18:02:48 - [TEST_STEP][PASSED] - delay: Delayed 2 second(s)

2018-05-30 18:02:50 - [MESSAGE][PASSED] - Delayed 2 second(s)

2018-05-30 18:02:50 - [TEST_STEP][PASSED] - click: Object: 'Object Repository/Store Request Schedule 1/Page_KDMC - CMO/button_OK' is clicked on

2018-05-30 18:02:51 - [MESSAGE][PASSED] - Object: 'Object Repository/Store Request Schedule 1/Page_KDMC - CMO/button_OK' is clicked on

2018-05-30 18:02:51 - [TEST_STEP][PASSED] - delay: Delayed 2 second(s)

2018-05-30 18:02:53 - [MESSAGE][PASSED] - Delayed 2 second(s)

2018-05-30 18:02:53 - [TEST_STEP][PASSED] - click: Object: 'Object Repository/Store Request Schedule 1/Page_KDMC - CMO/a_dropdown-toggle' is clicked on

2018-05-30 18:02:53 - [MESSAGE][PASSED] - Object: 'Object Repository/Store Request Schedule 1/Page_KDMC - CMO/a_dropdown-toggle' is clicked on

2018-05-30 18:02:53 - [TEST_STEP][PASSED] - click: Object: 'Object Repository/Store Request Schedule 1/Page_KDMC - CMO/a_Sign out' is clicked on

2018-05-30 18:02:54 - [MESSAGE][PASSED] - Object: 'Object Repository/Store Request Schedule 1/Page_KDMC - CMO/a_Sign out' is clicked on

2018-05-30 18:02:54 - [TEST_STEP][PASSED] - delay: Delayed 3 second(s)

2018-05-30 18:02:57 - [MESSAGE][PASSED] - Delayed 3 second(s)

2018-05-30 18:02:57 - [TEST_STEP][PASSED] - click: Object: 'Object Repository/store Request Schedule 1/Page_KDMC/a_CMS' is clicked on

2018-05-30 18:02:58 - [MESSAGE][PASSED] - Object: 'Object Repository/store Request Schedule 1/Page_KDMC/a_CMS' is clicked on

2018-05-30 18:02:58 - [TEST_STEP][PASSED] - setText: Text 'bala' is set on object 'Object Repository/store Request Schedule 1/Page_CMS login/input_txtusername'

2018-05-30 18:02:58 - [MESSAGE][PASSED] - Text 'bala' is set on object 'Object Repository/store Request Schedule 1/Page_CMS login/input_txtusername'

2018-05-30 18:02:58 - [TEST_STEP][PASSED] - setText: Text '123' is set on object 'Object Repository/store Request Schedule 1/Page_CMS login/input_txtpassword'

2018-05-30 18:02:58 - [MESSAGE][PASSED] - Text '123' is set on object 'Object Repository/store Request Schedule 1/Page_CMS login/input_txtpassword'

2018-05-30 18:02:58 - [TEST_STEP][PASSED] - delay: Delayed 3 second(s)

2018-05-30 18:03:01 - [MESSAGE][PASSED] - Delayed 3 second(s)

2018-05-30 18:03:01 - [TEST_STEP][PASSED] - click: Object: 'Object Repository/store Request Schedule 1/Page_CMS login/button_Sign in' is clicked on

2018-05-30 18:03:02 - [MESSAGE][PASSED] - Object: 'Object Repository/store Request Schedule 1/Page_CMS login/button_Sign in' is clicked on

2018-05-30 18:03:02 - [TEST_STEP][PASSED] - delay: Delayed 2 second(s)

2018-05-30 18:03:04 - [MESSAGE][PASSED] - Delayed 2 second(s)

2018-05-30 18:03:04 - [TEST_STEP][PASSED] - click: Object: 'Object Repository/store Request Schedule 1/Page_KDMC - CMS/a_Divisional Store' is clicked on

2018-05-30 18:03:04 - [MESSAGE][PASSED] - Object: 'Object Repository/store Request Schedule 1/Page_KDMC - CMS/a_Divisional Store' is clicked on

2018-05-30 18:03:04 - [TEST_STEP][PASSED] - delay: Delayed 2 second(s)

2018-05-30 18:03:06 - [MESSAGE][PASSED] - Delayed 2 second(s)

2018-05-30 18:03:06 - [TEST_STEP][PASSED] - click: Object: 'Object Repository/store Request Schedule 1/Page_KDMC - CMS/a_Dispatch Items' is clicked on

2018-05-30 18:03:07 - [MESSAGE][PASSED] - Object: 'Object Repository/store Request Schedule 1/Page_KDMC - CMS/a_Dispatch Items' is clicked on

2018-05-30 18:03:07 - [TEST_STEP][PASSED] - setText: Text 'PRNO/30052018/481' is set on object 'Object Repository/store Request Schedule 1/Page_KDMC - CMS/input'

2018-05-30 18:03:08 - [MESSAGE][PASSED] - Text 'PRNO/30052018/481' is set on object 'Object Repository/store Request Schedule 1/Page_KDMC - CMS/input'

2018-05-30 18:03:08 - [TEST_STEP][PASSED] - click: Object: 'Object Repository/store Request Schedule 1/Page_KDMC - CMS/td_text-center' is clicked on

2018-05-30 18:03:08 - [MESSAGE][PASSED] - Object: 'Object Repository/store Request Schedule 1/Page_KDMC - CMS/td_text-center' is clicked on

2018-05-30 18:03:08 - [TEST_STEP][PASSED] - delay: Delayed 2 second(s)

2018-05-30 18:03:10 - [MESSAGE][PASSED] - Delayed 2 second(s)

2018-05-30 18:03:10 - [TEST_STEP][PASSED] - Statement - For ([row = 0, row < SelectedOptions - 1, (row++)]): null

2018-05-30 18:03:10 - [TEST_STEP][PASSED] - Statement - batchlength = new com.kms.katalon.core.testobject.TestObject(): null

2018-05-30 18:03:10 - [TEST_STEP][PASSED] - Statement - batchlength = com.kms.katalon.core.webui.keyword.WebUiBuiltInKeywords.modifyObjectProperty(batchlength, "xpath", "equals", "//*[@id = "fldvendor" + row + ""]", true): Modify property of object successfully

2018-05-30 18:03:10 - [MESSAGE][PASSED] - Modify property of object successfully

2018-05-30 18:03:10 - [TEST_STEP][PASSED] - Statement - batchsize = com.kms.katalon.core.webui.keyword.WebUiBuiltInKeywords.getNumberOfTotalOption(batchlength): 10 options of object '' counted

2018-05-30 18:03:10 - [MESSAGE][PASSED] - 10 options of object '' counted

2018-05-30 18:03:10 - [TEST_STEP][PASSED] - Statement - out.println("BatchSize : " + batchsize): null

2018-05-30 18:03:10 - [TEST_STEP][PASSED] - Statement - For ([n = 1, n <= batchsize - 1, (n++)]): null

2018-05-30 18:03:10 - [TEST_STEP][PASSED] - Statement - product = new com.kms.katalon.core.testobject.TestObject(): null

2018-05-30 18:03:10 - [TEST_STEP][PASSED] - Statement - product = com.kms.katalon.core.webui.keyword.WebUiBuiltInKeywords.modifyObjectProperty(product, "xpath", "equals", "//*[@id = "fldvendor" + row + ""]", true): Modify property of object successfully

2018-05-30 18:03:10 - [MESSAGE][PASSED] - Modify property of object successfully

2018-05-30 18:03:10 - [TEST_STEP][PASSED] - selectOptionByIndex: All options with index in [1] are selected on object ''

2018-05-30 18:03:10 - [MESSAGE][PASSED] - All options with index in [1] are selected on object ''

2018-05-30 18:03:10 - [TEST_STEP][PASSED] - delay: Delayed 2 second(s)

2018-05-30 18:03:12 - [MESSAGE][PASSED] - Delayed 2 second(s)

2018-05-30 18:03:12 - [TEST_STEP][PASSED] - Statement - batch = new com.kms.katalon.core.testobject.TestObject(): null

2018-05-30 18:03:12 - [TEST_STEP][PASSED] - Statement - batch = com.kms.katalon.core.webui.keyword.WebUiBuiltInKeywords.modifyObjectProperty(batch, "xpath", "equals", "//*[@id = "txtbthqty" + row + ""]", true): Modify property of object successfully

2018-05-30 18:03:12 - [MESSAGE][PASSED] - Modify property of object successfully

2018-05-30 18:03:12 - [TEST_STEP][PASSED] - Statement - batchqty = com.kms.katalon.core.webui.keyword.WebUiBuiltInKeywords.getAttribute(batch, "value").trim(): Attribute 'value' of object '' is: '3300'

2018-05-30 18:03:12 - [MESSAGE][PASSED] - Attribute 'value' of object '' is: '3300'

2018-05-30 18:03:12 - [TEST_STEP][PASSED] - Statement - Rqty = 100: null

2018-05-30 18:03:12 - [TEST_STEP][PASSED] - Statement - out.println("BatchQty : " + batchqty): null

2018-05-30 18:03:12 - [TEST_STEP][PASSED] - Statement - out.println("RQty : " + Rqty): null

2018-05-30 18:03:12 - [TEST_STEP][PASSED] - Statement - If (java.lang.Integer.valueOf(batchqty) >= java.lang.Integer.valueOf(Rqty)): null

2018-05-30 18:03:12 - [TEST_STEP][PASSED] - Statement - Break: null

2018-05-30 18:03:12 - [TEST_STEP][PASSED] - Statement - batchlength = new com.kms.katalon.core.testobject.TestObject(): null

2018-05-30 18:03:12 - [TEST_STEP][PASSED] - Statement - batchlength = com.kms.katalon.core.webui.keyword.WebUiBuiltInKeywords.modifyObjectProperty(batchlength, "xpath", "equals", "//*[@id = "fldvendor" + row + ""]", true): Modify property of object successfully

2018-05-30 18:03:12 - [MESSAGE][PASSED] - Modify property of object successfully

2018-05-30 18:03:12 - [TEST_STEP][PASSED] - Statement - batchsize = com.kms.katalon.core.webui.keyword.WebUiBuiltInKeywords.getNumberOfTotalOption(batchlength): 10 options of object '' counted

2018-05-30 18:03:12 - [MESSAGE][PASSED] - 10 options of object '' counted

2018-05-30 18:03:12 - [TEST_STEP][PASSED] - Statement - out.println("BatchSize : " + batchsize): null

2018-05-30 18:03:12 - [TEST_STEP][PASSED] - Statement - For ([n = 1, n <= batchsize - 1, (n++)]): null

2018-05-30 18:03:12 - [TEST_STEP][PASSED] - Statement - product = new com.kms.katalon.core.testobject.TestObject(): null

2018-05-30 18:03:12 - [TEST_STEP][PASSED] - Statement - product = com.kms.katalon.core.webui.keyword.WebUiBuiltInKeywords.modifyObjectProperty(product, "xpath", "equals", "//*[@id = "fldvendor" + row + ""]", true): Modify property of object successfully

2018-05-30 18:03:12 - [MESSAGE][PASSED] - Modify property of object successfully

2018-05-30 18:03:12 - [TEST_STEP][PASSED] - selectOptionByIndex: All options with index in [1] are selected on object ''

2018-05-30 18:03:12 - [MESSAGE][PASSED] - All options with index in [1] are selected on object ''

2018-05-30 18:03:12 - [TEST_STEP][PASSED] - delay: Delayed 2 second(s)

2018-05-30 18:03:14 - [MESSAGE][PASSED] - Delayed 2 second(s)

2018-05-30 18:03:14 - [TEST_STEP][PASSED] - Statement - batch = new com.kms.katalon.core.testobject.TestObject(): null

2018-05-30 18:03:14 - [TEST_STEP][PASSED] - Statement - batch = com.kms.katalon.core.webui.keyword.WebUiBuiltInKeywords.modifyObjectProperty(batch, "xpath", "equals", "//*[@id = "txtbthqty" + row + ""]", true): Modify property of object successfully

2018-05-30 18:03:14 - [MESSAGE][PASSED] - Modify property of object successfully

2018-05-30 18:03:14 - [TEST_STEP][PASSED] - Statement - batchqty = com.kms.katalon.core.webui.keyword.WebUiBuiltInKeywords.getAttribute(batch, "value").trim(): Attribute 'value' of object '' is: '5000'

2018-05-30 18:03:14 - [MESSAGE][PASSED] - Attribute 'value' of object '' is: '5000'

2018-05-30 18:03:14 - [TEST_STEP][PASSED] - Statement - Rqty = 100: null

2018-05-30 18:03:14 - [TEST_STEP][PASSED] - Statement - out.println("BatchQty : " + batchqty): null

2018-05-30 18:03:14 - [TEST_STEP][PASSED] - Statement - out.println("RQty : " + Rqty): null

2018-05-30 18:03:14 - [TEST_STEP][PASSED] - Statement - If (java.lang.Integer.valueOf(batchqty) >= java.lang.Integer.valueOf(Rqty)): null

2018-05-30 18:03:14 - [TEST_STEP][PASSED] - Statement - Break: null

2018-05-30 18:03:14 - [TEST_STEP][PASSED] - Statement - batchlength = new com.kms.katalon.core.testobject.TestObject(): null

2018-05-30 18:03:14 - [TEST_STEP][PASSED] - Statement - batchlength = com.kms.katalon.core.webui.keyword.WebUiBuiltInKeywords.modifyObjectProperty(batchlength, "xpath", "equals", "//*[@id = "fldvendor" + row + ""]", true): Modify property of object successfully

2018-05-30 18:03:14 - [MESSAGE][PASSED] - Modify property of object successfully

2018-05-30 18:03:14 - [TEST_STEP][PASSED] - Statement - batchsize = com.kms.katalon.core.webui.keyword.WebUiBuiltInKeywords.getNumberOfTotalOption(batchlength): 10 options of object '' counted

2018-05-30 18:03:14 - [MESSAGE][PASSED] - 10 options of object '' counted

2018-05-30 18:03:14 - [TEST_STEP][PASSED] - Statement - out.println("BatchSize : " + batchsize): null

2018-05-30 18:03:14 - [TEST_STEP][PASSED] - Statement - For ([n = 1, n <= batchsize - 1, (n++)]): null

2018-05-30 18:03:14 - [TEST_STEP][PASSED] - Statement - product = new com.kms.katalon.core.testobject.TestObject(): null

2018-05-30 18:03:14 - [TEST_STEP][PASSED] - Statement - product = com.kms.katalon.core.webui.keyword.WebUiBuiltInKeywords.modifyObjectProperty(product, "xpath", "equals", "//*[@id = "fldvendor" + row + ""]", true): Modify property of object successfully

2018-05-30 18:03:14 - [MESSAGE][PASSED] - Modify property of object successfully

2018-05-30 18:03:14 - [TEST_STEP][PASSED] - selectOptionByIndex: All options with index in [1] are selected on object ''

2018-05-30 18:03:15 - [MESSAGE][PASSED] - All options with index in [1] are selected on object ''

2018-05-30 18:03:15 - [TEST_STEP][PASSED] - delay: Delayed 2 second(s)

2018-05-30 18:03:17 - [MESSAGE][PASSED] - Delayed 2 second(s)

2018-05-30 18:03:17 - [TEST_STEP][PASSED] - Statement - batch = new com.kms.katalon.core.testobject.TestObject(): null

2018-05-30 18:03:17 - [TEST_STEP][PASSED] - Statement - batch = com.kms.katalon.core.webui.keyword.WebUiBuiltInKeywords.modifyObjectProperty(batch, "xpath", "equals", "//*[@id = "txtbthqty" + row + ""]", true): Modify property of object successfully

2018-05-30 18:03:17 - [MESSAGE][PASSED] - Modify property of object successfully

2018-05-30 18:03:17 - [TEST_STEP][PASSED] - Statement - batchqty = com.kms.katalon.core.webui.keyword.WebUiBuiltInKeywords.getAttribute(batch, "value").trim(): Attribute 'value' of object '' is: '38300'

2018-05-30 18:03:17 - [MESSAGE][PASSED] - Attribute 'value' of object '' is: '38300'

2018-05-30 18:03:17 - [TEST_STEP][PASSED] - Statement - Rqty = 100: null

2018-05-30 18:03:17 - [TEST_STEP][PASSED] - Statement - out.println("BatchQty : " + batchqty): null

2018-05-30 18:03:17 - [TEST_STEP][PASSED] - Statement - out.println("RQty : " + Rqty): null

2018-05-30 18:03:17 - [TEST_STEP][PASSED] - Statement - If (java.lang.Integer.valueOf(batchqty) >= java.lang.Integer.valueOf(Rqty)): null

2018-05-30 18:03:17 - [TEST_STEP][PASSED] - Statement - Break: null

2018-05-30 18:03:17 - [TEST_STEP][PASSED] - Statement - batchlength = new com.kms.katalon.core.testobject.TestObject(): null

2018-05-30 18:03:17 - [TEST_STEP][PASSED] - Statement - batchlength = com.kms.katalon.core.webui.keyword.WebUiBuiltInKeywords.modifyObjectProperty(batchlength, "xpath", "equals", "//*[@id = "fldvendor" + row + ""]", true): Modify property of object successfully

2018-05-30 18:03:17 - [MESSAGE][PASSED] - Modify property of object successfully

2018-05-30 18:03:17 - [TEST_STEP][PASSED] - Statement - batchsize = com.kms.katalon.core.webui.keyword.WebUiBuiltInKeywords.getNumberOfTotalOption(batchlength): 10 options of object '' counted

2018-05-30 18:03:17 - [MESSAGE][PASSED] - 10 options of object '' counted

2018-05-30 18:03:17 - [TEST_STEP][PASSED] - Statement - out.println("BatchSize : " + batchsize): null

2018-05-30 18:03:17 - [TEST_STEP][PASSED] - Statement - For ([n = 1, n <= batchsize - 1, (n++)]): null

2018-05-30 18:03:17 - [TEST_STEP][PASSED] - Statement - product = new com.kms.katalon.core.testobject.TestObject(): null

2018-05-30 18:03:17 - [TEST_STEP][PASSED] - Statement - product = com.kms.katalon.core.webui.keyword.WebUiBuiltInKeywords.modifyObjectProperty(product, "xpath", "equals", "//*[@id = "fldvendor" + row + ""]", true): Modify property of object successfully

2018-05-30 18:03:17 - [MESSAGE][PASSED] - Modify property of object successfully

2018-05-30 18:03:17 - [TEST_STEP][PASSED] - selectOptionByIndex: All options with index in [1] are selected on object ''

2018-05-30 18:03:17 - [MESSAGE][PASSED] - All options with index in [1] are selected on object ''

2018-05-30 18:03:17 - [TEST_STEP][PASSED] - delay: Delayed 2 second(s)

2018-05-30 18:03:19 - [MESSAGE][PASSED] - Delayed 2 second(s)

2018-05-30 18:03:19 - [TEST_STEP][PASSED] - Statement - batch = new com.kms.katalon.core.testobject.TestObject(): null

2018-05-30 18:03:19 - [TEST_STEP][PASSED] - Statement - batch = com.kms.katalon.core.webui.keyword.WebUiBuiltInKeywords.modifyObjectProperty(batch, "xpath", "equals", "//*[@id = "txtbthqty" + row + ""]", true): Modify property of object successfully

2018-05-30 18:03:19 - [MESSAGE][PASSED] - Modify property of object successfully

2018-05-30 18:03:19 - [TEST_STEP][PASSED] - Statement - batchqty = com.kms.katalon.core.webui.keyword.WebUiBuiltInKeywords.getAttribute(batch, "value").trim(): Attribute 'value' of object '' is: '38300'

2018-05-30 18:03:19 - [MESSAGE][PASSED] - Attribute 'value' of object '' is: '38300'

2018-05-30 18:03:19 - [TEST_STEP][PASSED] - Statement - Rqty = 100: null

2018-05-30 18:03:19 - [TEST_STEP][PASSED] - Statement - out.println("BatchQty : " + batchqty): null

2018-05-30 18:03:19 - [TEST_STEP][PASSED] - Statement - out.println("RQty : " + Rqty): null

2018-05-30 18:03:19 - [TEST_STEP][PASSED] - Statement - If (java.lang.Integer.valueOf(batchqty) >= java.lang.Integer.valueOf(Rqty)): null

2018-05-30 18:03:19 - [TEST_STEP][PASSED] - Statement - Break: null

2018-05-30 18:03:19 - [TEST_STEP][PASSED] - Statement - batchlength = new com.kms.katalon.core.testobject.TestObject(): null

2018-05-30 18:03:19 - [TEST_STEP][PASSED] - Statement - batchlength = com.kms.katalon.core.webui.keyword.WebUiBuiltInKeywords.modifyObjectProperty(batchlength, "xpath", "equals", "//*[@id = "fldvendor" + row + ""]", true): Modify property of object successfully

2018-05-30 18:03:19 - [MESSAGE][PASSED] - Modify property of object successfully

2018-05-30 18:03:19 - [TEST_STEP][PASSED] - Statement - batchsize = com.kms.katalon.core.webui.keyword.WebUiBuiltInKeywords.getNumberOfTotalOption(batchlength): 10 options of object '' counted

2018-05-30 18:03:19 - [MESSAGE][PASSED] - 10 options of object '' counted

2018-05-30 18:03:19 - [TEST_STEP][PASSED] - Statement - out.println("BatchSize : " + batchsize): null

2018-05-30 18:03:19 - [TEST_STEP][PASSED] - Statement - For ([n = 1, n <= batchsize - 1, (n++)]): null

2018-05-30 18:03:19 - [TEST_STEP][PASSED] - Statement - product = new com.kms.katalon.core.testobject.TestObject(): null

2018-05-30 18:03:19 - [TEST_STEP][PASSED] - Statement - product = com.kms.katalon.core.webui.keyword.WebUiBuiltInKeywords.modifyObjectProperty(product, "xpath", "equals", "//*[@id = "fldvendor" + row + ""]", true): Modify property of object successfully

2018-05-30 18:03:19 - [MESSAGE][PASSED] - Modify property of object successfully

2018-05-30 18:03:19 - [TEST_STEP][PASSED] - selectOptionByIndex: All options with index in [1] are selected on object ''

2018-05-30 18:03:19 - [MESSAGE][PASSED] - All options with index in [1] are selected on object ''

2018-05-30 18:03:19 - [TEST_STEP][PASSED] - delay: Delayed 2 second(s)

2018-05-30 18:03:21 - [MESSAGE][PASSED] - Delayed 2 second(s)

2018-05-30 18:03:21 - [TEST_STEP][PASSED] - Statement - batch = new com.kms.katalon.core.testobject.TestObject(): null

2018-05-30 18:03:21 - [TEST_STEP][PASSED] - Statement - batch = com.kms.katalon.core.webui.keyword.WebUiBuiltInKeywords.modifyObjectProperty(batch, "xpath", "equals", "//*[@id = "txtbthqty" + row + ""]", true): Modify property of object successfully

2018-05-30 18:03:21 - [MESSAGE][PASSED] - Modify property of object successfully

2018-05-30 18:03:21 - [TEST_STEP][PASSED] - Statement - batchqty = com.kms.katalon.core.webui.keyword.WebUiBuiltInKeywords.getAttribute(batch, "value").trim(): Attribute 'value' of object '' is: '4700'

2018-05-30 18:03:21 - [MESSAGE][PASSED] - Attribute 'value' of object '' is: '4700'

2018-05-30 18:03:21 - [TEST_STEP][PASSED] - Statement - Rqty = 100: null

2018-05-30 18:03:21 - [TEST_STEP][PASSED] - Statement - out.println("BatchQty : " + batchqty): null

2018-05-30 18:03:21 - [TEST_STEP][PASSED] - Statement - out.println("RQty : " + Rqty): null

2018-05-30 18:03:21 - [TEST_STEP][PASSED] - Statement - If (java.lang.Integer.valueOf(batchqty) >= java.lang.Integer.valueOf(Rqty)): null

2018-05-30 18:03:21 - [TEST_STEP][PASSED] - Statement - Break: null

2018-05-30 18:03:21 - [TEST_STEP][PASSED] - Statement - batchlength = new com.kms.katalon.core.testobject.TestObject(): null

2018-05-30 18:03:21 - [TEST_STEP][PASSED] - Statement - batchlength = com.kms.katalon.core.webui.keyword.WebUiBuiltInKeywords.modifyObjectProperty(batchlength, "xpath", "equals", "//*[@id = "fldvendor" + row + ""]", true): Modify property of object successfully

2018-05-30 18:03:21 - [MESSAGE][PASSED] - Modify property of object successfully

2018-05-30 18:03:21 - [TEST_STEP][PASSED] - Statement - batchsize = com.kms.katalon.core.webui.keyword.WebUiBuiltInKeywords.getNumberOfTotalOption(batchlength): 10 options of object '' counted

2018-05-30 18:03:21 - [MESSAGE][PASSED] - 10 options of object '' counted

2018-05-30 18:03:21 - [TEST_STEP][PASSED] - Statement - out.println("BatchSize : " + batchsize): null

2018-05-30 18:03:21 - [TEST_STEP][PASSED] - Statement - For ([n = 1, n <= batchsize - 1, (n++)]): null

2018-05-30 18:03:21 - [TEST_STEP][PASSED] - Statement - product = new com.kms.katalon.core.testobject.TestObject(): null

2018-05-30 18:03:21 - [TEST_STEP][PASSED] - Statement - product = com.kms.katalon.core.webui.keyword.WebUiBuiltInKeywords.modifyObjectProperty(product, "xpath", "equals", "//*[@id = "fldvendor" + row + ""]", true): Modify property of object successfully

2018-05-30 18:03:21 - [MESSAGE][PASSED] - Modify property of object successfully

2018-05-30 18:03:21 - [TEST_STEP][PASSED] - selectOptionByIndex: All options with index in [1] are selected on object ''

2018-05-30 18:03:21 - [MESSAGE][PASSED] - All options with index in [1] are selected on object ''

2018-05-30 18:03:21 - [TEST_STEP][PASSED] - delay: Delayed 2 second(s)

2018-05-30 18:03:23 - [MESSAGE][PASSED] - Delayed 2 second(s)

2018-05-30 18:03:23 - [TEST_STEP][PASSED] - Statement - batch = new com.kms.katalon.core.testobject.TestObject(): null

2018-05-30 18:03:23 - [TEST_STEP][PASSED] - Statement - batch = com.kms.katalon.core.webui.keyword.WebUiBuiltInKeywords.modifyObjectProperty(batch, "xpath", "equals", "//*[@id = "txtbthqty" + row + ""]", true): Modify property of object successfully

2018-05-30 18:03:23 - [MESSAGE][PASSED] - Modify property of object successfully

2018-05-30 18:03:23 - [TEST_STEP][PASSED] - Statement - batchqty = com.kms.katalon.core.webui.keyword.WebUiBuiltInKeywords.getAttribute(batch, "value").trim(): Attribute 'value' of object '' is: '38300'

2018-05-30 18:03:23 - [MESSAGE][PASSED] - Attribute 'value' of object '' is: '38300'

2018-05-30 18:03:23 - [TEST_STEP][PASSED] - Statement - Rqty = 100: null

2018-05-30 18:03:23 - [TEST_STEP][PASSED] - Statement - out.println("BatchQty : " + batchqty): null

2018-05-30 18:03:23 - [TEST_STEP][PASSED] - Statement - out.println("RQty : " + Rqty): null

2018-05-30 18:03:23 - [TEST_STEP][PASSED] - Statement - If (java.lang.Integer.valueOf(batchqty) >= java.lang.Integer.valueOf(Rqty)): null

2018-05-30 18:03:23 - [TEST_STEP][PASSED] - Statement - Break: null

2018-05-30 18:03:23 - [TEST_STEP][PASSED] - Statement - batchlength = new com.kms.katalon.core.testobject.TestObject(): null

2018-05-30 18:03:23 - [TEST_STEP][PASSED] - Statement - batchlength = com.kms.katalon.core.webui.keyword.WebUiBuiltInKeywords.modifyObjectProperty(batchlength, "xpath", "equals", "//*[@id = "fldvendor" + row + ""]", true): Modify property of object successfully

2018-05-30 18:03:23 - [MESSAGE][PASSED] - Modify property of object successfully

2018-05-30 18:03:23 - [TEST_STEP][PASSED] - Statement - batchsize = com.kms.katalon.core.webui.keyword.WebUiBuiltInKeywords.getNumberOfTotalOption(batchlength): 10 options of object '' counted

2018-05-30 18:03:23 - [MESSAGE][PASSED] - 10 options of object '' counted

2018-05-30 18:03:23 - [TEST_STEP][PASSED] - Statement - out.println("BatchSize : " + batchsize): null

2018-05-30 18:03:23 - [TEST_STEP][PASSED] - Statement - For ([n = 1, n <= batchsize - 1, (n++)]): null

2018-05-30 18:03:23 - [TEST_STEP][PASSED] - Statement - product = new com.kms.katalon.core.testobject.TestObject(): null

2018-05-30 18:03:23 - [TEST_STEP][PASSED] - Statement - product = com.kms.katalon.core.webui.keyword.WebUiBuiltInKeywords.modifyObjectProperty(product, "xpath", "equals", "//*[@id = "fldvendor" + row + ""]", true): Modify property of object successfully

2018-05-30 18:03:23 - [MESSAGE][PASSED] - Modify property of object successfully

2018-05-30 18:03:23 - [TEST_STEP][PASSED] - selectOptionByIndex: All options with index in [1] are selected on object ''

2018-05-30 18:03:24 - [MESSAGE][PASSED] - All options with index in [1] are selected on object ''

2018-05-30 18:03:24 - [TEST_STEP][PASSED] - delay: Delayed 2 second(s)

2018-05-30 18:03:26 - [MESSAGE][PASSED] - Delayed 2 second(s)

2018-05-30 18:03:26 - [TEST_STEP][PASSED] - Statement - batch = new com.kms.katalon.core.testobject.TestObject(): null

2018-05-30 18:03:26 - [TEST_STEP][PASSED] - Statement - batch = com.kms.katalon.core.webui.keyword.WebUiBuiltInKeywords.modifyObjectProperty(batch, "xpath", "equals", "//*[@id = "txtbthqty" + row + ""]", true): Modify property of object successfully

2018-05-30 18:03:26 - [MESSAGE][PASSED] - Modify property of object successfully

2018-05-30 18:03:26 - [TEST_STEP][PASSED] - Statement - batchqty = com.kms.katalon.core.webui.keyword.WebUiBuiltInKeywords.getAttribute(batch, "value").trim(): Attribute 'value' of object '' is: '4700'

2018-05-30 18:03:26 - [MESSAGE][PASSED] - Attribute 'value' of object '' is: '4700'

2018-05-30 18:03:26 - [TEST_STEP][PASSED] - Statement - Rqty = 100: null

2018-05-30 18:03:26 - [TEST_STEP][PASSED] - Statement - out.println("BatchQty : " + batchqty): null

2018-05-30 18:03:26 - [TEST_STEP][PASSED] - Statement - out.println("RQty : " + Rqty): null

2018-05-30 18:03:26 - [TEST_STEP][PASSED] - Statement - If (java.lang.Integer.valueOf(batchqty) >= java.lang.Integer.valueOf(Rqty)): null

2018-05-30 18:03:26 - [TEST_STEP][PASSED] - Statement - Break: null

2018-05-30 18:03:26 - [TEST_STEP][PASSED] - Statement - batchlength = new com.kms.katalon.core.testobject.TestObject(): null

2018-05-30 18:03:26 - [TEST_STEP][PASSED] - Statement - batchlength = com.kms.katalon.core.webui.keyword.WebUiBuiltInKeywords.modifyObjectProperty(batchlength, "xpath", "equals", "//*[@id = "fldvendor" + row + ""]", true): Modify property of object successfully

2018-05-30 18:03:26 - [MESSAGE][PASSED] - Modify property of object successfully

2018-05-30 18:03:26 - [TEST_STEP][PASSED] - Statement - batchsize = com.kms.katalon.core.webui.keyword.WebUiBuiltInKeywords.getNumberOfTotalOption(batchlength): 10 options of object '' counted

2018-05-30 18:03:26 - [MESSAGE][PASSED] - 10 options of object '' counted

2018-05-30 18:03:26 - [TEST_STEP][PASSED] - Statement - out.println("BatchSize : " + batchsize): null

2018-05-30 18:03:26 - [TEST_STEP][PASSED] - Statement - For ([n = 1, n <= batchsize - 1, (n++)]): null

2018-05-30 18:03:26 - [TEST_STEP][PASSED] - Statement - product = new com.kms.katalon.core.testobject.TestObject(): null

2018-05-30 18:03:26 - [TEST_STEP][PASSED] - Statement - product = com.kms.katalon.core.webui.keyword.WebUiBuiltInKeywords.modifyObjectProperty(product, "xpath", "equals", "//*[@id = "fldvendor" + row + ""]", true): Modify property of object successfully

2018-05-30 18:03:26 - [MESSAGE][PASSED] - Modify property of object successfully

2018-05-30 18:03:26 - [TEST_STEP][PASSED] - selectOptionByIndex: All options with index in [1] are selected on object ''

2018-05-30 18:03:26 - [MESSAGE][PASSED] - All options with index in [1] are selected on object ''

2018-05-30 18:03:26 - [TEST_STEP][PASSED] - delay: Delayed 2 second(s)

2018-05-30 18:03:28 - [MESSAGE][PASSED] - Delayed 2 second(s)

2018-05-30 18:03:28 - [TEST_STEP][PASSED] - Statement - batch = new com.kms.katalon.core.testobject.TestObject(): null

2018-05-30 18:03:28 - [TEST_STEP][PASSED] - Statement - batch = com.kms.katalon.core.webui.keyword.WebUiBuiltInKeywords.modifyObjectProperty(batch, "xpath", "equals", "//*[@id = "txtbthqty" + row + ""]", true): Modify property of object successfully

2018-05-30 18:03:28 - [MESSAGE][PASSED] - Modify property of object successfully

2018-05-30 18:03:28 - [TEST_STEP][PASSED] - Statement - batchqty = com.kms.katalon.core.webui.keyword.WebUiBuiltInKeywords.getAttribute(batch, "value").trim(): Attribute 'value' of object '' is: '38300'

2018-05-30 18:03:28 - [MESSAGE][PASSED] - Attribute 'value' of object '' is: '38300'

2018-05-30 18:03:28 - [TEST_STEP][PASSED] - Statement - Rqty = 100: null

2018-05-30 18:03:28 - [TEST_STEP][PASSED] - Statement - out.println("BatchQty : " + batchqty): null

2018-05-30 18:03:28 - [TEST_STEP][PASSED] - Statement - out.println("RQty : " + Rqty): null

2018-05-30 18:03:28 - [TEST_STEP][PASSED] - Statement - If (java.lang.Integer.valueOf(batchqty) >= java.lang.Integer.valueOf(Rqty)): null

2018-05-30 18:03:28 - [TEST_STEP][PASSED] - Statement - Break: null

2018-05-30 18:03:28 - [TEST_STEP][PASSED] - Statement - batchlength = new com.kms.katalon.core.testobject.TestObject(): null

2018-05-30 18:03:28 - [TEST_STEP][PASSED] - Statement - batchlength = com.kms.katalon.core.webui.keyword.WebUiBuiltInKeywords.modifyObjectProperty(batchlength, "xpath", "equals", "//*[@id = "fldvendor" + row + ""]", true): Modify property of object successfully

2018-05-30 18:03:28 - [MESSAGE][PASSED] - Modify property of object successfully

2018-05-30 18:03:28 - [TEST_STEP][PASSED] - Statement - batchsize = com.kms.katalon.core.webui.keyword.WebUiBuiltInKeywords.getNumberOfTotalOption(batchlength): 10 options of object '' counted

2018-05-30 18:03:28 - [MESSAGE][PASSED] - 10 options of object '' counted

2018-05-30 18:03:28 - [TEST_STEP][PASSED] - Statement - out.println("BatchSize : " + batchsize): null

2018-05-30 18:03:28 - [TEST_STEP][PASSED] - Statement - For ([n = 1, n <= batchsize - 1, (n++)]): null

2018-05-30 18:03:28 - [TEST_STEP][PASSED] - Statement - product = new com.kms.katalon.core.testobject.TestObject(): null

2018-05-30 18:03:28 - [TEST_STEP][PASSED] - Statement - product = com.kms.katalon.core.webui.keyword.WebUiBuiltInKeywords.modifyObjectProperty(product, "xpath", "equals", "//*[@id = "fldvendor" + row + ""]", true): Modify property of object successfully

2018-05-30 18:03:28 - [MESSAGE][PASSED] - Modify property of object successfully

2018-05-30 18:03:28 - [TEST_STEP][PASSED] - selectOptionByIndex: All options with index in [1] are selected on object ''

2018-05-30 18:03:28 - [MESSAGE][PASSED] - All options with index in [1] are selected on object ''

2018-05-30 18:03:28 - [TEST_STEP][PASSED] - delay: Delayed 2 second(s)

2018-05-30 18:03:30 - [MESSAGE][PASSED] - Delayed 2 second(s)

2018-05-30 18:03:30 - [TEST_STEP][PASSED] - Statement - batch = new com.kms.katalon.core.testobject.TestObject(): null

2018-05-30 18:03:30 - [TEST_STEP][PASSED] - Statement - batch = com.kms.katalon.core.webui.keyword.WebUiBuiltInKeywords.modifyObjectProperty(batch, "xpath", "equals", "//*[@id = "txtbthqty" + row + ""]", true): Modify property of object successfully

2018-05-30 18:03:30 - [MESSAGE][PASSED] - Modify property of object successfully

2018-05-30 18:03:30 - [TEST_STEP][PASSED] - Statement - batchqty = com.kms.katalon.core.webui.keyword.WebUiBuiltInKeywords.getAttribute(batch, "value").trim(): Attribute 'value' of object '' is: '38300'

2018-05-30 18:03:30 - [MESSAGE][PASSED] - Attribute 'value' of object '' is: '38300'

2018-05-30 18:03:30 - [TEST_STEP][PASSED] - Statement - Rqty = 100: null

2018-05-30 18:03:30 - [TEST_STEP][PASSED] - Statement - out.println("BatchQty : " + batchqty): null

2018-05-30 18:03:30 - [TEST_STEP][PASSED] - Statement - out.println("RQty : " + Rqty): null

2018-05-30 18:03:30 - [TEST_STEP][PASSED] - Statement - If (java.lang.Integer.valueOf(batchqty) >= java.lang.Integer.valueOf(Rqty)): null

2018-05-30 18:03:30 - [TEST_STEP][PASSED] - Statement - Break: null

2018-05-30 18:03:30 - [TEST_STEP][PASSED] - Statement - batchlength = new com.kms.katalon.core.testobject.TestObject(): null

2018-05-30 18:03:30 - [TEST_STEP][PASSED] - Statement - batchlength = com.kms.katalon.core.webui.keyword.WebUiBuiltInKeywords.modifyObjectProperty(batchlength, "xpath", "equals", "//*[@id = "fldvendor" + row + ""]", true): Modify property of object successfully

2018-05-30 18:03:30 - [MESSAGE][PASSED] - Modify property of object successfully

2018-05-30 18:03:30 - [TEST_STEP][PASSED] - Statement - batchsize = com.kms.katalon.core.webui.keyword.WebUiBuiltInKeywords.getNumberOfTotalOption(batchlength): 10 options of object '' counted

2018-05-30 18:03:30 - [MESSAGE][PASSED] - 10 options of object '' counted

2018-05-30 18:03:30 - [TEST_STEP][PASSED] - Statement - out.println("BatchSize : " + batchsize): null

2018-05-30 18:03:30 - [TEST_STEP][PASSED] - Statement - For ([n = 1, n <= batchsize - 1, (n++)]): null

2018-05-30 18:03:30 - [TEST_STEP][PASSED] - Statement - product = new com.kms.katalon.core.testobject.TestObject(): null

2018-05-30 18:03:30 - [TEST_STEP][PASSED] - Statement - product = com.kms.katalon.core.webui.keyword.WebUiBuiltInKeywords.modifyObjectProperty(product, "xpath", "equals", "//*[@id = "fldvendor" + row + ""]", true): Modify property of object successfully

2018-05-30 18:03:30 - [MESSAGE][PASSED] - Modify property of object successfully

2018-05-30 18:03:30 - [TEST_STEP][PASSED] - selectOptionByIndex: All options with index in [1] are selected on object ''

2018-05-30 18:03:30 - [MESSAGE][PASSED] - All options with index in [1] are selected on object ''

2018-05-30 18:03:30 - [TEST_STEP][PASSED] - delay: Delayed 2 second(s)

2018-05-30 18:03:32 - [MESSAGE][PASSED] - Delayed 2 second(s)

2018-05-30 18:03:32 - [TEST_STEP][PASSED] - Statement - batch = new com.kms.katalon.core.testobject.TestObject(): null

2018-05-30 18:03:32 - [TEST_STEP][PASSED] - Statement - batch = com.kms.katalon.core.webui.keyword.WebUiBuiltInKeywords.modifyObjectProperty(batch, "xpath", "equals", "//*[@id = "txtbthqty" + row + ""]", true): Modify property of object successfully

2018-05-30 18:03:32 - [MESSAGE][PASSED] - Modify property of object successfully

2018-05-30 18:03:32 - [TEST_STEP][PASSED] - Statement - batchqty = com.kms.katalon.core.webui.keyword.WebUiBuiltInKeywords.getAttribute(batch, "value").trim(): Attribute 'value' of object '' is: '5000'

2018-05-30 18:03:32 - [MESSAGE][PASSED] - Attribute 'value' of object '' is: '5000'

2018-05-30 18:03:32 - [TEST_STEP][PASSED] - Statement - Rqty = 100: null

2018-05-30 18:03:32 - [TEST_STEP][PASSED] - Statement - out.println("BatchQty : " + batchqty): null

2018-05-30 18:03:32 - [TEST_STEP][PASSED] - Statement - out.println("RQty : " + Rqty): null

2018-05-30 18:03:32 - [TEST_STEP][PASSED] - Statement - If (java.lang.Integer.valueOf(batchqty) >= java.lang.Integer.valueOf(Rqty)): null

2018-05-30 18:03:32 - [TEST_STEP][PASSED] - Statement - Break: null

2018-05-30 18:03:32 - [TEST_STEP][PASSED] - Statement - batchlength = new com.kms.katalon.core.testobject.TestObject(): null

2018-05-30 18:03:32 - [TEST_STEP][PASSED] - Statement - batchlength = com.kms.katalon.core.webui.keyword.WebUiBuiltInKeywords.modifyObjectProperty(batchlength, "xpath", "equals", "//*[@id = "fldvendor" + row + ""]", true): Modify property of object successfully

2018-05-30 18:03:32 - [MESSAGE][PASSED] - Modify property of object successfully

2018-05-30 18:03:32 - [TEST_STEP][PASSED] - Statement - batchsize = com.kms.katalon.core.webui.keyword.WebUiBuiltInKeywords.getNumberOfTotalOption(batchlength): 10 options of object '' counted

2018-05-30 18:03:32 - [MESSAGE][PASSED] - 10 options of object '' counted

2018-05-30 18:03:32 - [TEST_STEP][PASSED] - Statement - out.println("BatchSize : " + batchsize): null

2018-05-30 18:03:32 - [TEST_STEP][PASSED] - Statement - For ([n = 1, n <= batchsize - 1, (n++)]): null

2018-05-30 18:03:32 - [TEST_STEP][PASSED] - Statement - product = new com.kms.katalon.core.testobject.TestObject(): null

2018-05-30 18:03:32 - [TEST_STEP][PASSED] - Statement - product = com.kms.katalon.core.webui.keyword.WebUiBuiltInKeywords.modifyObjectProperty(product, "xpath", "equals", "//*[@id = "fldvendor" + row + ""]", true): Modify property of object successfully

2018-05-30 18:03:32 - [MESSAGE][PASSED] - Modify property of object successfully

2018-05-30 18:03:32 - [TEST_STEP][PASSED] - selectOptionByIndex: All options with index in [1] are selected on object ''

2018-05-30 18:03:32 - [MESSAGE][PASSED] - All options with index in [1] are selected on object ''

2018-05-30 18:03:32 - [TEST_STEP][PASSED] - delay: Delayed 2 second(s)

2018-05-30 18:03:34 - [MESSAGE][PASSED] - Delayed 2 second(s)

2018-05-30 18:03:34 - [TEST_STEP][PASSED] - Statement - batch = new com.kms.katalon.core.testobject.TestObject(): null

2018-05-30 18:03:34 - [TEST_STEP][PASSED] - Statement - batch = com.kms.katalon.core.webui.keyword.WebUiBuiltInKeywords.modifyObjectProperty(batch, "xpath", "equals", "//*[@id = "txtbthqty" + row + ""]", true): Modify property of object successfully

2018-05-30 18:03:34 - [MESSAGE][PASSED] - Modify property of object successfully

2018-05-30 18:03:34 - [TEST_STEP][PASSED] - Statement - batchqty = com.kms.katalon.core.webui.keyword.WebUiBuiltInKeywords.getAttribute(batch, "value").trim(): Attribute 'value' of object '' is: '3300'

2018-05-30 18:03:34 - [MESSAGE][PASSED] - Attribute 'value' of object '' is: '3300'

2018-05-30 18:03:34 - [TEST_STEP][PASSED] - Statement - Rqty = 100: null

2018-05-30 18:03:34 - [TEST_STEP][PASSED] - Statement - out.println("BatchQty : " + batchqty): null

2018-05-30 18:03:34 - [TEST_STEP][PASSED] - Statement - out.println("RQty : " + Rqty): null

2018-05-30 18:03:34 - [TEST_STEP][PASSED] - Statement - If (java.lang.Integer.valueOf(batchqty) >= java.lang.Integer.valueOf(Rqty)): null

2018-05-30 18:03:34 - [TEST_STEP][PASSED] - Statement - Break: null

2018-05-30 18:03:34 - [TEST_STEP][PASSED] - Statement - batchlength = new com.kms.katalon.core.testobject.TestObject(): null

2018-05-30 18:03:34 - [TEST_STEP][PASSED] - Statement - batchlength = com.kms.katalon.core.webui.keyword.WebUiBuiltInKeywords.modifyObjectProperty(batchlength, "xpath", "equals", "//*[@id = "fldvendor" + row + ""]", true): Modify property of object successfully

2018-05-30 18:03:34 - [MESSAGE][PASSED] - Modify property of object successfully

2018-05-30 18:03:34 - [TEST_STEP][PASSED] - Statement - batchsize = com.kms.katalon.core.webui.keyword.WebUiBuiltInKeywords.getNumberOfTotalOption(batchlength): 10 options of object '' counted

2018-05-30 18:03:35 - [MESSAGE][PASSED] - 10 options of object '' counted

2018-05-30 18:03:35 - [TEST_STEP][PASSED] - Statement - out.println("BatchSize : " + batchsize): null

2018-05-30 18:03:35 - [TEST_STEP][PASSED] - Statement - For ([n = 1, n <= batchsize - 1, (n++)]): null

2018-05-30 18:03:35 - [TEST_STEP][PASSED] - Statement - product = new com.kms.katalon.core.testobject.TestObject(): null

2018-05-30 18:03:35 - [TEST_STEP][PASSED] - Statement - product = com.kms.katalon.core.webui.keyword.WebUiBuiltInKeywords.modifyObjectProperty(product, "xpath", "equals", "//*[@id = "fldvendor" + row + ""]", true): Modify property of object successfully

2018-05-30 18:03:35 - [MESSAGE][PASSED] - Modify property of object successfully

2018-05-30 18:03:35 - [TEST_STEP][PASSED] - selectOptionByIndex: All options with index in [1] are selected on object ''

2018-05-30 18:03:35 - [MESSAGE][PASSED] - All options with index in [1] are selected on object ''

2018-05-30 18:03:35 - [TEST_STEP][PASSED] - delay: Delayed 2 second(s)

2018-05-30 18:03:37 - [MESSAGE][PASSED] - Delayed 2 second(s)

2018-05-30 18:03:37 - [TEST_STEP][PASSED] - Statement - batch = new com.kms.katalon.core.testobject.TestObject(): null

2018-05-30 18:03:37 - [TEST_STEP][PASSED] - Statement - batch = com.kms.katalon.core.webui.keyword.WebUiBuiltInKeywords.modifyObjectProperty(batch, "xpath", "equals", "//*[@id = "txtbthqty" + row + ""]", true): Modify property of object successfully

2018-05-30 18:03:37 - [MESSAGE][PASSED] - Modify property of object successfully

2018-05-30 18:03:37 - [TEST_STEP][PASSED] - Statement - batchqty = com.kms.katalon.core.webui.keyword.WebUiBuiltInKeywords.getAttribute(batch, "value").trim(): Attribute 'value' of object '' is: '3200'

2018-05-30 18:03:37 - [MESSAGE][PASSED] - Attribute 'value' of object '' is: '3200'

2018-05-30 18:03:37 - [TEST_STEP][PASSED] - Statement - Rqty = 100: null

2018-05-30 18:03:37 - [TEST_STEP][PASSED] - Statement - out.println("BatchQty : " + batchqty): null

2018-05-30 18:03:37 - [TEST_STEP][PASSED] - Statement - out.println("RQty : " + Rqty): null

2018-05-30 18:03:37 - [TEST_STEP][PASSED] - Statement - If (java.lang.Integer.valueOf(batchqty) >= java.lang.Integer.valueOf(Rqty)): null

2018-05-30 18:03:37 - [TEST_STEP][PASSED] - Statement - Break: null

2018-05-30 18:03:37 - [TEST_STEP][PASSED] - Statement - batchlength = new com.kms.katalon.core.testobject.TestObject(): null

2018-05-30 18:03:37 - [TEST_STEP][PASSED] - Statement - batchlength = com.kms.katalon.core.webui.keyword.WebUiBuiltInKeywords.modifyObjectProperty(batchlength, "xpath", "equals", "//*[@id = "fldvendor" + row + ""]", true): Modify property of object successfully

2018-05-30 18:03:37 - [MESSAGE][PASSED] - Modify property of object successfully

2018-05-30 18:03:37 - [TEST_STEP][PASSED] - Statement - batchsize = com.kms.katalon.core.webui.keyword.WebUiBuiltInKeywords.getNumberOfTotalOption(batchlength): 10 options of object '' counted

2018-05-30 18:03:37 - [MESSAGE][PASSED] - 10 options of object '' counted

2018-05-30 18:03:37 - [TEST_STEP][PASSED] - Statement - out.println("BatchSize : " + batchsize): null

2018-05-30 18:03:37 - [TEST_STEP][PASSED] - Statement - For ([n = 1, n <= batchsize - 1, (n++)]): null

2018-05-30 18:03:37 - [TEST_STEP][PASSED] - Statement - product = new com.kms.katalon.core.testobject.TestObject(): null

2018-05-30 18:03:37 - [TEST_STEP][PASSED] - Statement - product = com.kms.katalon.core.webui.keyword.WebUiBuiltInKeywords.modifyObjectProperty(product, "xpath", "equals", "//*[@id = "fldvendor" + row + ""]", true): Modify property of object successfully

2018-05-30 18:03:37 - [MESSAGE][PASSED] - Modify property of object successfully

2018-05-30 18:03:37 - [TEST_STEP][PASSED] - selectOptionByIndex: All options with index in [1] are selected on object ''

2018-05-30 18:03:37 - [MESSAGE][PASSED] - All options with index in [1] are selected on object ''

2018-05-30 18:03:37 - [TEST_STEP][PASSED] - delay: Delayed 2 second(s)

2018-05-30 18:03:39 - [MESSAGE][PASSED] - Delayed 2 second(s)

2018-05-30 18:03:39 - [TEST_STEP][PASSED] - Statement - batch = new com.kms.katalon.core.testobject.TestObject(): null

2018-05-30 18:03:39 - [TEST_STEP][PASSED] - Statement - batch = com.kms.katalon.core.webui.keyword.WebUiBuiltInKeywords.modifyObjectProperty(batch, "xpath", "equals", "//*[@id = "txtbthqty" + row + ""]", true): Modify property of object successfully

2018-05-30 18:03:39 - [MESSAGE][PASSED] - Modify property of object successfully

2018-05-30 18:03:39 - [TEST_STEP][PASSED] - Statement - batchqty = com.kms.katalon.core.webui.keyword.WebUiBuiltInKeywords.getAttribute(batch, "value").trim(): Attribute 'value' of object '' is: '3400'

2018-05-30 18:03:39 - [MESSAGE][PASSED] - Attribute 'value' of object '' is: '3400'

2018-05-30 18:03:39 - [TEST_STEP][PASSED] - Statement - Rqty = 100: null

2018-05-30 18:03:39 - [TEST_STEP][PASSED] - Statement - out.println("BatchQty : " + batchqty): null

2018-05-30 18:03:39 - [TEST_STEP][PASSED] - Statement - out.println("RQty : " + Rqty): null

2018-05-30 18:03:39 - [TEST_STEP][PASSED] - Statement - If (java.lang.Integer.valueOf(batchqty) >= java.lang.Integer.valueOf(Rqty)): null

2018-05-30 18:03:39 - [TEST_STEP][PASSED] - Statement - Break: null

2018-05-30 18:03:39 - [TEST_STEP][PASSED] - Statement - batchlength = new com.kms.katalon.core.testobject.TestObject(): null

2018-05-30 18:03:39 - [TEST_STEP][PASSED] - Statement - batchlength = com.kms.katalon.core.webui.keyword.WebUiBuiltInKeywords.modifyObjectProperty(batchlength, "xpath", "equals", "//*[@id = "fldvendor" + row + ""]", true): Modify property of object successfully

2018-05-30 18:03:39 - [MESSAGE][PASSED] - Modify property of object successfully

2018-05-30 18:03:39 - [TEST_STEP][PASSED] - Statement - batchsize = com.kms.katalon.core.webui.keyword.WebUiBuiltInKeywords.getNumberOfTotalOption(batchlength): 10 options of object '' counted

2018-05-30 18:03:39 - [MESSAGE][PASSED] - 10 options of object '' counted

2018-05-30 18:03:39 - [TEST_STEP][PASSED] - Statement - out.println("BatchSize : " + batchsize): null

2018-05-30 18:03:39 - [TEST_STEP][PASSED] - Statement - For ([n = 1, n <= batchsize - 1, (n++)]): null

2018-05-30 18:03:39 - [TEST_STEP][PASSED] - Statement - product = new com.kms.katalon.core.testobject.TestObject(): null

2018-05-30 18:03:39 - [TEST_STEP][PASSED] - Statement - product = com.kms.katalon.core.webui.keyword.WebUiBuiltInKeywords.modifyObjectProperty(product, "xpath", "equals", "//*[@id = "fldvendor" + row + ""]", true): Modify property of object successfully

2018-05-30 18:03:39 - [MESSAGE][PASSED] - Modify property of object successfully

2018-05-30 18:03:39 - [TEST_STEP][PASSED] - selectOptionByIndex: All options with index in [1] are selected on object ''

2018-05-30 18:03:39 - [MESSAGE][PASSED] - All options with index in [1] are selected on object ''

2018-05-30 18:03:39 - [TEST_STEP][PASSED] - delay: Delayed 2 second(s)

2018-05-30 18:03:41 - [MESSAGE][PASSED] - Delayed 2 second(s)

2018-05-30 18:03:41 - [TEST_STEP][PASSED] - Statement - batch = new com.kms.katalon.core.testobject.TestObject(): null

2018-05-30 18:03:41 - [TEST_STEP][PASSED] - Statement - batch = com.kms.katalon.core.webui.keyword.WebUiBuiltInKeywords.modifyObjectProperty(batch, "xpath", "equals", "//*[@id = "txtbthqty" + row + ""]", true): Modify property of object successfully

2018-05-30 18:03:41 - [MESSAGE][PASSED] - Modify property of object successfully

2018-05-30 18:03:41 - [TEST_STEP][PASSED] - Statement - batchqty = com.kms.katalon.core.webui.keyword.WebUiBuiltInKeywords.getAttribute(batch, "value").trim(): Attribute 'value' of object '' is: '5000'

2018-05-30 18:03:41 - [MESSAGE][PASSED] - Attribute 'value' of object '' is: '5000'

2018-05-30 18:03:41 - [TEST_STEP][PASSED] - Statement - Rqty = 100: null

2018-05-30 18:03:41 - [TEST_STEP][PASSED] - Statement - out.println("BatchQty : " + batchqty): null

2018-05-30 18:03:41 - [TEST_STEP][PASSED] - Statement - out.println("RQty : " + Rqty): null

2018-05-30 18:03:41 - [TEST_STEP][PASSED] - Statement - If (java.lang.Integer.valueOf(batchqty) >= java.lang.Integer.valueOf(Rqty)): null

2018-05-30 18:03:41 - [TEST_STEP][PASSED] - Statement - Break: null

2018-05-30 18:03:41 - [TEST_STEP][PASSED] - Statement - batchlength = new com.kms.katalon.core.testobject.TestObject(): null

2018-05-30 18:03:41 - [TEST_STEP][PASSED] - Statement - batchlength = com.kms.katalon.core.webui.keyword.WebUiBuiltInKeywords.modifyObjectProperty(batchlength, "xpath", "equals", "//*[@id = "fldvendor" + row + ""]", true): Modify property of object successfully

2018-05-30 18:03:41 - [MESSAGE][PASSED] - Modify property of object successfully

2018-05-30 18:03:41 - [TEST_STEP][PASSED] - Statement - batchsize = com.kms.katalon.core.webui.keyword.WebUiBuiltInKeywords.getNumberOfTotalOption(batchlength): 10 options of object '' counted

2018-05-30 18:03:41 - [MESSAGE][PASSED] - 10 options of object '' counted

2018-05-30 18:03:41 - [TEST_STEP][PASSED] - Statement - out.println("BatchSize : " + batchsize): null

2018-05-30 18:03:41 - [TEST_STEP][PASSED] - Statement - For ([n = 1, n <= batchsize - 1, (n++)]): null

2018-05-30 18:03:41 - [TEST_STEP][PASSED] - Statement - product = new com.kms.katalon.core.testobject.TestObject(): null

2018-05-30 18:03:41 - [TEST_STEP][PASSED] - Statement - product = com.kms.katalon.core.webui.keyword.WebUiBuiltInKeywords.modifyObjectProperty(product, "xpath", "equals", "//*[@id = "fldvendor" + row + ""]", true): Modify property of object successfully

2018-05-30 18:03:41 - [MESSAGE][PASSED] - Modify property of object successfully

2018-05-30 18:03:41 - [TEST_STEP][PASSED] - selectOptionByIndex: All options with index in [1] are selected on object ''

2018-05-30 18:03:41 - [MESSAGE][PASSED] - All options with index in [1] are selected on object ''

2018-05-30 18:03:41 - [TEST_STEP][PASSED] - delay: Delayed 2 second(s)

2018-05-30 18:03:43 - [MESSAGE][PASSED] - Delayed 2 second(s)

2018-05-30 18:03:43 - [TEST_STEP][PASSED] - Statement - batch = new com.kms.katalon.core.testobject.TestObject(): null

2018-05-30 18:03:43 - [TEST_STEP][PASSED] - Statement - batch = com.kms.katalon.core.webui.keyword.WebUiBuiltInKeywords.modifyObjectProperty(batch, "xpath", "equals", "//*[@id = "txtbthqty" + row + ""]", true): Modify property of object successfully

2018-05-30 18:03:43 - [MESSAGE][PASSED] - Modify property of object successfully

2018-05-30 18:03:43 - [TEST_STEP][PASSED] - Statement - batchqty = com.kms.katalon.core.webui.keyword.WebUiBuiltInKeywords.getAttribute(batch, "value").trim(): Attribute 'value' of object '' is: '3200'

2018-05-30 18:03:43 - [MESSAGE][PASSED] - Attribute 'value' of object '' is: '3200'

2018-05-30 18:03:43 - [TEST_STEP][PASSED] - Statement - Rqty = 100: null

2018-05-30 18:03:43 - [TEST_STEP][PASSED] - Statement - out.println("BatchQty : " + batchqty): null

2018-05-30 18:03:43 - [TEST_STEP][PASSED] - Statement - out.println("RQty : " + Rqty): null

2018-05-30 18:03:43 - [TEST_STEP][PASSED] - Statement - If (java.lang.Integer.valueOf(batchqty) >= java.lang.Integer.valueOf(Rqty)): null

2018-05-30 18:03:43 - [TEST_STEP][PASSED] - Statement - Break: null

2018-05-30 18:03:43 - [TEST_STEP][PASSED] - Statement - batchlength = new com.kms.katalon.core.testobject.TestObject(): null

2018-05-30 18:03:43 - [TEST_STEP][PASSED] - Statement - batchlength = com.kms.katalon.core.webui.keyword.WebUiBuiltInKeywords.modifyObjectProperty(batchlength, "xpath", "equals", "//*[@id = "fldvendor" + row + ""]", true): Modify property of object successfully

2018-05-30 18:03:43 - [MESSAGE][PASSED] - Modify property of object successfully

2018-05-30 18:03:43 - [TEST_STEP][PASSED] - Statement - batchsize = com.kms.katalon.core.webui.keyword.WebUiBuiltInKeywords.getNumberOfTotalOption(batchlength): 10 options of object '' counted

2018-05-30 18:03:44 - [MESSAGE][PASSED] - 10 options of object '' counted

2018-05-30 18:03:44 - [TEST_STEP][PASSED] - Statement - out.println("BatchSize : " + batchsize): null

2018-05-30 18:03:44 - [TEST_STEP][PASSED] - Statement - For ([n = 1, n <= batchsize - 1, (n++)]): null

2018-05-30 18:03:44 - [TEST_STEP][PASSED] - Statement - product = new com.kms.katalon.core.testobject.TestObject(): null

2018-05-30 18:03:44 - [TEST_STEP][PASSED] - Statement - product = com.kms.katalon.core.webui.keyword.WebUiBuiltInKeywords.modifyObjectProperty(product, "xpath", "equals", "//*[@id = "fldvendor" + row + ""]", true): Modify property of object successfully

2018-05-30 18:03:44 - [MESSAGE][PASSED] - Modify property of object successfully

2018-05-30 18:03:44 - [TEST_STEP][PASSED] - selectOptionByIndex: All options with index in [1] are selected on object ''

2018-05-30 18:03:44 - [MESSAGE][PASSED] - All options with index in [1] are selected on object ''

2018-05-30 18:03:44 - [TEST_STEP][PASSED] - delay: Delayed 2 second(s)

2018-05-30 18:03:46 - [MESSAGE][PASSED] - Delayed 2 second(s)

2018-05-30 18:03:46 - [TEST_STEP][PASSED] - Statement - batch = new com.kms.katalon.core.testobject.TestObject(): null

2018-05-30 18:03:46 - [TEST_STEP][PASSED] - Statement - batch = com.kms.katalon.core.webui.keyword.WebUiBuiltInKeywords.modifyObjectProperty(batch, "xpath", "equals", "//*[@id = "txtbthqty" + row + ""]", true): Modify property of object successfully

2018-05-30 18:03:46 - [MESSAGE][PASSED] - Modify property of object successfully

2018-05-30 18:03:46 - [TEST_STEP][PASSED] - Statement - batchqty = com.kms.katalon.core.webui.keyword.WebUiBuiltInKeywords.getAttribute(batch, "value").trim(): Attribute 'value' of object '' is: '4700'

2018-05-30 18:03:46 - [MESSAGE][PASSED] - Attribute 'value' of object '' is: '4700'

2018-05-30 18:03:46 - [TEST_STEP][PASSED] - Statement - Rqty = 100: null

2018-05-30 18:03:46 - [TEST_STEP][PASSED] - Statement - out.println("BatchQty : " + batchqty): null

2018-05-30 18:03:46 - [TEST_STEP][PASSED] - Statement - out.println("RQty : " + Rqty): null

2018-05-30 18:03:46 - [TEST_STEP][PASSED] - Statement - If (java.lang.Integer.valueOf(batchqty) >= java.lang.Integer.valueOf(Rqty)): null

2018-05-30 18:03:46 - [TEST_STEP][PASSED] - Statement - Break: null

2018-05-30 18:03:46 - [TEST_STEP][PASSED] - Statement - batchlength = new com.kms.katalon.core.testobject.TestObject(): null

2018-05-30 18:03:46 - [TEST_STEP][PASSED] - Statement - batchlength = com.kms.katalon.core.webui.keyword.WebUiBuiltInKeywords.modifyObjectProperty(batchlength, "xpath", "equals", "//*[@id = "fldvendor" + row + ""]", true): Modify property of object successfully

2018-05-30 18:03:46 - [MESSAGE][PASSED] - Modify property of object successfully

2018-05-30 18:03:46 - [TEST_STEP][PASSED] - Statement - batchsize = com.kms.katalon.core.webui.keyword.WebUiBuiltInKeywords.getNumberOfTotalOption(batchlength): 10 options of object '' counted

2018-05-30 18:03:46 - [MESSAGE][PASSED] - 10 options of object '' counted

2018-05-30 18:03:46 - [TEST_STEP][PASSED] - Statement - out.println("BatchSize : " + batchsize): null

2018-05-30 18:03:46 - [TEST_STEP][PASSED] - Statement - For ([n = 1, n <= batchsize - 1, (n++)]): null

2018-05-30 18:03:46 - [TEST_STEP][PASSED] - Statement - product = new com.kms.katalon.core.testobject.TestObject(): null

2018-05-30 18:03:46 - [TEST_STEP][PASSED] - Statement - product = com.kms.katalon.core.webui.keyword.WebUiBuiltInKeywords.modifyObjectProperty(product, "xpath", "equals", "//*[@id = "fldvendor" + row + ""]", true): Modify property of object successfully

2018-05-30 18:03:46 - [MESSAGE][PASSED] - Modify property of object successfully

2018-05-30 18:03:46 - [TEST_STEP][PASSED] - selectOptionByIndex: All options with index in [1] are selected on object ''

2018-05-30 18:03:46 - [MESSAGE][PASSED] - All options with index in [1] are selected on object ''

2018-05-30 18:03:46 - [TEST_STEP][PASSED] - delay: Delayed 2 second(s)

2018-05-30 18:03:48 - [MESSAGE][PASSED] - Delayed 2 second(s)

2018-05-30 18:03:48 - [TEST_STEP][PASSED] - Statement - batch = new com.kms.katalon.core.testobject.TestObject(): null

2018-05-30 18:03:48 - [TEST_STEP][PASSED] - Statement - batch = com.kms.katalon.core.webui.keyword.WebUiBuiltInKeywords.modifyObjectProperty(batch, "xpath", "equals", "//*[@id = "txtbthqty" + row + ""]", true): Modify property of object successfully

2018-05-30 18:03:48 - [MESSAGE][PASSED] - Modify property of object successfully

2018-05-30 18:03:48 - [TEST_STEP][PASSED] - Statement - batchqty = com.kms.katalon.core.webui.keyword.WebUiBuiltInKeywords.getAttribute(batch, "value").trim(): Attribute 'value' of object '' is: '38300'

2018-05-30 18:03:48 - [MESSAGE][PASSED] - Attribute 'value' of object '' is: '38300'

2018-05-30 18:03:48 - [TEST_STEP][PASSED] - Statement - Rqty = 100: null

2018-05-30 18:03:48 - [TEST_STEP][PASSED] - Statement - out.println("BatchQty : " + batchqty): null

2018-05-30 18:03:48 - [TEST_STEP][PASSED] - Statement - out.println("RQty : " + Rqty): null

2018-05-30 18:03:48 - [TEST_STEP][PASSED] - Statement - If (java.lang.Integer.valueOf(batchqty) >= java.lang.Integer.valueOf(Rqty)): null

2018-05-30 18:03:48 - [TEST_STEP][PASSED] - Statement - Break: null

2018-05-30 18:03:48 - [TEST_STEP][PASSED] - Statement - batchlength = new com.kms.katalon.core.testobject.TestObject(): null

2018-05-30 18:03:48 - [TEST_STEP][PASSED] - Statement - batchlength = com.kms.katalon.core.webui.keyword.WebUiBuiltInKeywords.modifyObjectProperty(batchlength, "xpath", "equals", "//*[@id = "fldvendor" + row + ""]", true): Modify property of object successfully

2018-05-30 18:03:48 - [MESSAGE][PASSED] - Modify property of object successfully

2018-05-30 18:03:48 - [TEST_STEP][PASSED] - Statement - batchsize = com.kms.katalon.core.webui.keyword.WebUiBuiltInKeywords.getNumberOfTotalOption(batchlength): 10 options of object '' counted

2018-05-30 18:03:48 - [MESSAGE][PASSED] - 10 options of object '' counted

2018-05-30 18:03:48 - [TEST_STEP][PASSED] - Statement - out.println("BatchSize : " + batchsize): null

2018-05-30 18:03:48 - [TEST_STEP][PASSED] - Statement - For ([n = 1, n <= batchsize - 1, (n++)]): null

2018-05-30 18:03:48 - [TEST_STEP][PASSED] - Statement - product = new com.kms.katalon.core.testobject.TestObject(): null

2018-05-30 18:03:48 - [TEST_STEP][PASSED] - Statement - product = com.kms.katalon.core.webui.keyword.WebUiBuiltInKeywords.modifyObjectProperty(product, "xpath", "equals", "//*[@id = "fldvendor" + row + ""]", true): Modify property of object successfully

2018-05-30 18:03:48 - [MESSAGE][PASSED] - Modify property of object successfully

2018-05-30 18:03:48 - [TEST_STEP][PASSED] - selectOptionByIndex: All options with index in [1] are selected on object ''

2018-05-30 18:03:48 - [MESSAGE][PASSED] - All options with index in [1] are selected on object ''

2018-05-30 18:03:48 - [TEST_STEP][PASSED] - delay: Delayed 2 second(s)

2018-05-30 18:03:50 - [MESSAGE][PASSED] - Delayed 2 second(s)

2018-05-30 18:03:50 - [TEST_STEP][PASSED] - Statement - batch = new com.kms.katalon.core.testobject.TestObject(): null

2018-05-30 18:03:50 - [TEST_STEP][PASSED] - Statement - batch = com.kms.katalon.core.webui.keyword.WebUiBuiltInKeywords.modifyObjectProperty(batch, "xpath", "equals", "//*[@id = "txtbthqty" + row + ""]", true): Modify property of object successfully

2018-05-30 18:03:50 - [MESSAGE][PASSED] - Modify property of object successfully

2018-05-30 18:03:50 - [TEST_STEP][PASSED] - Statement - batchqty = com.kms.katalon.core.webui.keyword.WebUiBuiltInKeywords.getAttribute(batch, "value").trim(): Attribute 'value' of object '' is: '5000'

2018-05-30 18:03:50 - [MESSAGE][PASSED] - Attribute 'value' of object '' is: '5000'

2018-05-30 18:03:50 - [TEST_STEP][PASSED] - Statement - Rqty = 100: null

2018-05-30 18:03:50 - [TEST_STEP][PASSED] - Statement - out.println("BatchQty : " + batchqty): null

2018-05-30 18:03:50 - [TEST_STEP][PASSED] - Statement - out.println("RQty : " + Rqty): null

2018-05-30 18:03:50 - [TEST_STEP][PASSED] - Statement - If (java.lang.Integer.valueOf(batchqty) >= java.lang.Integer.valueOf(Rqty)): null

2018-05-30 18:03:50 - [TEST_STEP][PASSED] - Statement - Break: null

2018-05-30 18:03:50 - [TEST_STEP][PASSED] - Statement - batchlength = new com.kms.katalon.core.testobject.TestObject(): null

2018-05-30 18:03:50 - [TEST_STEP][PASSED] - Statement - batchlength = com.kms.katalon.core.webui.keyword.WebUiBuiltInKeywords.modifyObjectProperty(batchlength, "xpath", "equals", "//*[@id = "fldvendor" + row + ""]", true): Modify property of object successfully

2018-05-30 18:03:50 - [MESSAGE][PASSED] - Modify property of object successfully

2018-05-30 18:03:50 - [TEST_STEP][PASSED] - Statement - batchsize = com.kms.katalon.core.webui.keyword.WebUiBuiltInKeywords.getNumberOfTotalOption(batchlength): 10 options of object '' counted

2018-05-30 18:03:50 - [MESSAGE][PASSED] - 10 options of object '' counted

2018-05-30 18:03:50 - [TEST_STEP][PASSED] - Statement - out.println("BatchSize : " + batchsize): null

2018-05-30 18:03:50 - [TEST_STEP][PASSED] - Statement - For ([n = 1, n <= batchsize - 1, (n++)]): null

2018-05-30 18:03:50 - [TEST_STEP][PASSED] - Statement - product = new com.kms.katalon.core.testobject.TestObject(): null

2018-05-30 18:03:50 - [TEST_STEP][PASSED] - Statement - product = com.kms.katalon.core.webui.keyword.WebUiBuiltInKeywords.modifyObjectProperty(product, "xpath", "equals", "//*[@id = "fldvendor" + row + ""]", true): Modify property of object successfully

2018-05-30 18:03:50 - [MESSAGE][PASSED] - Modify property of object successfully

2018-05-30 18:03:50 - [TEST_STEP][PASSED] - selectOptionByIndex: All options with index in [1] are selected on object ''

2018-05-30 18:03:50 - [MESSAGE][PASSED] - All options with index in [1] are selected on object ''

2018-05-30 18:03:50 - [TEST_STEP][PASSED] - delay: Delayed 2 second(s)

2018-05-30 18:03:52 - [MESSAGE][PASSED] - Delayed 2 second(s)

2018-05-30 18:03:52 - [TEST_STEP][PASSED] - Statement - batch = new com.kms.katalon.core.testobject.TestObject(): null

2018-05-30 18:03:52 - [TEST_STEP][PASSED] - Statement - batch = com.kms.katalon.core.webui.keyword.WebUiBuiltInKeywords.modifyObjectProperty(batch, "xpath", "equals", "//*[@id = "txtbthqty" + row + ""]", true): Modify property of object successfully

2018-05-30 18:03:52 - [MESSAGE][PASSED] - Modify property of object successfully

2018-05-30 18:03:52 - [TEST_STEP][PASSED] - Statement - batchqty = com.kms.katalon.core.webui.keyword.WebUiBuiltInKeywords.getAttribute(batch, "value").trim(): Attribute 'value' of object '' is: '3400'

2018-05-30 18:03:52 - [MESSAGE][PASSED] - Attribute 'value' of object '' is: '3400'

2018-05-30 18:03:52 - [TEST_STEP][PASSED] - Statement - Rqty = 100: null

2018-05-30 18:03:52 - [TEST_STEP][PASSED] - Statement - out.println("BatchQty : " + batchqty): null

2018-05-30 18:03:52 - [TEST_STEP][PASSED] - Statement - out.println("RQty : " + Rqty): null

2018-05-30 18:03:52 - [TEST_STEP][PASSED] - Statement - If (java.lang.Integer.valueOf(batchqty) >= java.lang.Integer.valueOf(Rqty)): null

2018-05-30 18:03:52 - [TEST_STEP][PASSED] - Statement - Break: null

2018-05-30 18:03:52 - [TEST_STEP][PASSED] - Statement - batchlength = new com.kms.katalon.core.testobject.TestObject(): null

2018-05-30 18:03:52 - [TEST_STEP][PASSED] - Statement - batchlength = com.kms.katalon.core.webui.keyword.WebUiBuiltInKeywords.modifyObjectProperty(batchlength, "xpath", "equals", "//*[@id = "fldvendor" + row + ""]", true): Modify property of object successfully

2018-05-30 18:03:52 - [MESSAGE][PASSED] - Modify property of object successfully

2018-05-30 18:03:52 - [TEST_STEP][PASSED] - Statement - batchsize = com.kms.katalon.core.webui.keyword.WebUiBuiltInKeywords.getNumberOfTotalOption(batchlength): 10 options of object '' counted

2018-05-30 18:03:52 - [MESSAGE][PASSED] - 10 options of object '' counted

2018-05-30 18:03:52 - [TEST_STEP][PASSED] - Statement - out.println("BatchSize : " + batchsize): null

2018-05-30 18:03:52 - [TEST_STEP][PASSED] - Statement - For ([n = 1, n <= batchsize - 1, (n++)]): null

2018-05-30 18:03:52 - [TEST_STEP][PASSED] - Statement - product = new com.kms.katalon.core.testobject.TestObject(): null

2018-05-30 18:03:52 - [TEST_STEP][PASSED] - Statement - product = com.kms.katalon.core.webui.keyword.WebUiBuiltInKeywords.modifyObjectProperty(product, "xpath", "equals", "//*[@id = "fldvendor" + row + ""]", true): Modify property of object successfully

2018-05-30 18:03:52 - [MESSAGE][PASSED] - Modify property of object successfully

2018-05-30 18:03:52 - [TEST_STEP][PASSED] - selectOptionByIndex: All options with index in [1] are selected on object ''

2018-05-30 18:03:53 - [MESSAGE][PASSED] - All options with index in [1] are selected on object ''

2018-05-30 18:03:53 - [TEST_STEP][PASSED] - delay: Delayed 2 second(s)

2018-05-30 18:03:55 - [MESSAGE][PASSED] - Delayed 2 second(s)

2018-05-30 18:03:55 - [TEST_STEP][PASSED] - Statement - batch = new com.kms.katalon.core.testobject.TestObject(): null

2018-05-30 18:03:55 - [TEST_STEP][PASSED] - Statement - batch = com.kms.katalon.core.webui.keyword.WebUiBuiltInKeywords.modifyObjectProperty(batch, "xpath", "equals", "//*[@id = "txtbthqty" + row + ""]", true): Modify property of object successfully

2018-05-30 18:03:55 - [MESSAGE][PASSED] - Modify property of object successfully

2018-05-30 18:03:55 - [TEST_STEP][PASSED] - Statement - batchqty = com.kms.katalon.core.webui.keyword.WebUiBuiltInKeywords.getAttribute(batch, "value").trim(): Attribute 'value' of object '' is: '38300'

2018-05-30 18:03:55 - [MESSAGE][PASSED] - Attribute 'value' of object '' is: '38300'

2018-05-30 18:03:55 - [TEST_STEP][PASSED] - Statement - Rqty = 100: null

2018-05-30 18:03:55 - [TEST_STEP][PASSED] - Statement - out.println("BatchQty : " + batchqty): null

2018-05-30 18:03:55 - [TEST_STEP][PASSED] - Statement - out.println("RQty : " + Rqty): null

2018-05-30 18:03:55 - [TEST_STEP][PASSED] - Statement - If (java.lang.Integer.valueOf(batchqty) >= java.lang.Integer.valueOf(Rqty)): null

2018-05-30 18:03:55 - [TEST_STEP][PASSED] - Statement - Break: null

2018-05-30 18:03:55 - [TEST_STEP][PASSED] - Statement - batchlength = new com.kms.katalon.core.testobject.TestObject(): null

2018-05-30 18:03:55 - [TEST_STEP][PASSED] - Statement - batchlength = com.kms.katalon.core.webui.keyword.WebUiBuiltInKeywords.modifyObjectProperty(batchlength, "xpath", "equals", "//*[@id = "fldvendor" + row + ""]", true): Modify property of object successfully

2018-05-30 18:03:55 - [MESSAGE][PASSED] - Modify property of object successfully

2018-05-30 18:03:55 - [TEST_STEP][PASSED] - Statement - batchsize = com.kms.katalon.core.webui.keyword.WebUiBuiltInKeywords.getNumberOfTotalOption(batchlength): 10 options of object '' counted

2018-05-30 18:03:55 - [MESSAGE][PASSED] - 10 options of object '' counted

2018-05-30 18:03:55 - [TEST_STEP][PASSED] - Statement - out.println("BatchSize : " + batchsize): null

2018-05-30 18:03:55 - [TEST_STEP][PASSED] - Statement - For ([n = 1, n <= batchsize - 1, (n++)]): null

2018-05-30 18:03:55 - [TEST_STEP][PASSED] - Statement - product = new com.kms.katalon.core.testobject.TestObject(): null

2018-05-30 18:03:55 - [TEST_STEP][PASSED] - Statement - product = com.kms.katalon.core.webui.keyword.WebUiBuiltInKeywords.modifyObjectProperty(product, "xpath", "equals", "//*[@id = "fldvendor" + row + ""]", true): Modify property of object successfully

2018-05-30 18:03:55 - [MESSAGE][PASSED] - Modify property of object successfully

2018-05-30 18:03:55 - [TEST_STEP][PASSED] - selectOptionByIndex: All options with index in [1] are selected on object ''

2018-05-30 18:03:55 - [MESSAGE][PASSED] - All options with index in [1] are selected on object ''

2018-05-30 18:03:55 - [TEST_STEP][PASSED] - delay: Delayed 2 second(s)

2018-05-30 18:03:57 - [MESSAGE][PASSED] - Delayed 2 second(s)

2018-05-30 18:03:57 - [TEST_STEP][PASSED] - Statement - batch = new com.kms.katalon.core.testobject.TestObject(): null

2018-05-30 18:03:57 - [TEST_STEP][PASSED] - Statement - batch = com.kms.katalon.core.webui.keyword.WebUiBuiltInKeywords.modifyObjectProperty(batch, "xpath", "equals", "//*[@id = "txtbthqty" + row + ""]", true): Modify property of object successfully

2018-05-30 18:03:57 - [MESSAGE][PASSED] - Modify property of object successfully

2018-05-30 18:03:57 - [TEST_STEP][PASSED] - Statement - batchqty = com.kms.katalon.core.webui.keyword.WebUiBuiltInKeywords.getAttribute(batch, "value").trim(): Attribute 'value' of object '' is: '38300'

2018-05-30 18:03:57 - [MESSAGE][PASSED] - Attribute 'value' of object '' is: '38300'

2018-05-30 18:03:57 - [TEST_STEP][PASSED] - Statement - Rqty = 100: null

2018-05-30 18:03:57 - [TEST_STEP][PASSED] - Statement - out.println("BatchQty : " + batchqty): null

2018-05-30 18:03:57 - [TEST_STEP][PASSED] - Statement - out.println("RQty : " + Rqty): null

2018-05-30 18:03:57 - [TEST_STEP][PASSED] - Statement - If (java.lang.Integer.valueOf(batchqty) >= java.lang.Integer.valueOf(Rqty)): null

2018-05-30 18:03:57 - [TEST_STEP][PASSED] - Statement - Break: null

2018-05-30 18:03:57 - [TEST_STEP][PASSED] - Statement - batchlength = new com.kms.katalon.core.testobject.TestObject(): null

2018-05-30 18:03:57 - [TEST_STEP][PASSED] - Statement - batchlength = com.kms.katalon.core.webui.keyword.WebUiBuiltInKeywords.modifyObjectProperty(batchlength, "xpath", "equals", "//*[@id = "fldvendor" + row + ""]", true): Modify property of object successfully

2018-05-30 18:03:57 - [MESSAGE][PASSED] - Modify property of object successfully

2018-05-30 18:03:57 - [TEST_STEP][PASSED] - Statement - batchsize = com.kms.katalon.core.webui.keyword.WebUiBuiltInKeywords.getNumberOfTotalOption(batchlength): 9 options of object '' counted

2018-05-30 18:03:57 - [MESSAGE][PASSED] - 9 options of object '' counted

2018-05-30 18:03:57 - [TEST_STEP][PASSED] - Statement - out.println("BatchSize : " + batchsize): null

2018-05-30 18:03:57 - [TEST_STEP][PASSED] - Statement - For ([n = 1, n <= batchsize - 1, (n++)]): null

2018-05-30 18:03:57 - [TEST_STEP][PASSED] - Statement - product = new com.kms.katalon.core.testobject.TestObject(): null

2018-05-30 18:03:57 - [TEST_STEP][PASSED] - Statement - product = com.kms.katalon.core.webui.keyword.WebUiBuiltInKeywords.modifyObjectProperty(product, "xpath", "equals", "//*[@id = "fldvendor" + row + ""]", true): Modify property of object successfully

2018-05-30 18:03:57 - [MESSAGE][PASSED] - Modify property of object successfully

2018-05-30 18:03:57 - [TEST_STEP][PASSED] - selectOptionByIndex: All options with index in [1] are selected on object ''

2018-05-30 18:03:57 - [MESSAGE][PASSED] - All options with index in [1] are selected on object ''

2018-05-30 18:03:57 - [TEST_STEP][PASSED] - delay: Delayed 2 second(s)

2018-05-30 18:03:59 - [MESSAGE][PASSED] - Delayed 2 second(s)

2018-05-30 18:03:59 - [TEST_STEP][PASSED] - Statement - batch = new com.kms.katalon.core.testobject.TestObject(): null

2018-05-30 18:03:59 - [TEST_STEP][PASSED] - Statement - batch = com.kms.katalon.core.webui.keyword.WebUiBuiltInKeywords.modifyObjectProperty(batch, "xpath", "equals", "//*[@id = "txtbthqty" + row + ""]", true): Modify property of object successfully

2018-05-30 18:03:59 - [MESSAGE][PASSED] - Modify property of object successfully

2018-05-30 18:03:59 - [TEST_STEP][PASSED] - Statement - batchqty = com.kms.katalon.core.webui.keyword.WebUiBuiltInKeywords.getAttribute(batch, "value").trim(): Attribute 'value' of object '' is: '5000'

2018-05-30 18:03:59 - [MESSAGE][PASSED] - Attribute 'value' of object '' is: '5000'

2018-05-30 18:03:59 - [TEST_STEP][PASSED] - Statement - Rqty = 100: null

2018-05-30 18:03:59 - [TEST_STEP][PASSED] - Statement - out.println("BatchQty : " + batchqty): null

2018-05-30 18:03:59 - [TEST_STEP][PASSED] - Statement - out.println("RQty : " + Rqty): null

2018-05-30 18:03:59 - [TEST_STEP][PASSED] - Statement - If (java.lang.Integer.valueOf(batchqty) >= java.lang.Integer.valueOf(Rqty)): null

2018-05-30 18:03:59 - [TEST_STEP][PASSED] - Statement - Break: null

2018-05-30 18:03:59 - [TEST_STEP][PASSED] - Statement - batchlength = new com.kms.katalon.core.testobject.TestObject(): null

2018-05-30 18:03:59 - [TEST_STEP][PASSED] - Statement - batchlength = com.kms.katalon.core.webui.keyword.WebUiBuiltInKeywords.modifyObjectProperty(batchlength, "xpath", "equals", "//*[@id = "fldvendor" + row + ""]", true): Modify property of object successfully

2018-05-30 18:03:59 - [MESSAGE][PASSED] - Modify property of object successfully

2018-05-30 18:03:59 - [TEST_STEP][PASSED] - Statement - batchsize = com.kms.katalon.core.webui.keyword.WebUiBuiltInKeywords.getNumberOfTotalOption(batchlength): 10 options of object '' counted

2018-05-30 18:03:59 - [MESSAGE][PASSED] - 10 options of object '' counted

2018-05-30 18:03:59 - [TEST_STEP][PASSED] - Statement - out.println("BatchSize : " + batchsize): null

2018-05-30 18:03:59 - [TEST_STEP][PASSED] - Statement - For ([n = 1, n <= batchsize - 1, (n++)]): null

2018-05-30 18:03:59 - [TEST_STEP][PASSED] - Statement - product = new com.kms.katalon.core.testobject.TestObject(): null

2018-05-30 18:03:59 - [TEST_STEP][PASSED] - Statement - product = com.kms.katalon.core.webui.keyword.WebUiBuiltInKeywords.modifyObjectProperty(product, "xpath", "equals", "//*[@id = "fldvendor" + row + ""]", true): Modify property of object successfully

2018-05-30 18:03:59 - [MESSAGE][PASSED] - Modify property of object successfully

2018-05-30 18:03:59 - [TEST_STEP][PASSED] - selectOptionByIndex: All options with index in [1] are selected on object ''

2018-05-30 18:03:59 - [MESSAGE][PASSED] - All options with index in [1] are selected on object ''

2018-05-30 18:03:59 - [TEST_STEP][PASSED] - delay: Delayed 2 second(s)

2018-05-30 18:04:01 - [MESSAGE][PASSED] - Delayed 2 second(s)

2018-05-30 18:04:01 - [TEST_STEP][PASSED] - Statement - batch = new com.kms.katalon.core.testobject.TestObject(): null

2018-05-30 18:04:01 - [TEST_STEP][PASSED] - Statement - batch = com.kms.katalon.core.webui.keyword.WebUiBuiltInKeywords.modifyObjectProperty(batch, "xpath", "equals", "//*[@id = "txtbthqty" + row + ""]", true): Modify property of object successfully

2018-05-30 18:04:01 - [MESSAGE][PASSED] - Modify property of object successfully

2018-05-30 18:04:01 - [TEST_STEP][PASSED] - Statement - batchqty = com.kms.katalon.core.webui.keyword.WebUiBuiltInKeywords.getAttribute(batch, "value").trim(): Attribute 'value' of object '' is: '3300'

2018-05-30 18:04:01 - [MESSAGE][PASSED] - Attribute 'value' of object '' is: '3300'

2018-05-30 18:04:01 - [TEST_STEP][PASSED] - Statement - Rqty = 100: null

2018-05-30 18:04:01 - [TEST_STEP][PASSED] - Statement - out.println("BatchQty : " + batchqty): null

2018-05-30 18:04:01 - [TEST_STEP][PASSED] - Statement - out.println("RQty : " + Rqty): null

2018-05-30 18:04:01 - [TEST_STEP][PASSED] - Statement - If (java.lang.Integer.valueOf(batchqty) >= java.lang.Integer.valueOf(Rqty)): null

2018-05-30 18:04:01 - [TEST_STEP][PASSED] - Statement - Break: null

2018-05-30 18:04:01 - [TEST_STEP][PASSED] - click: Object: 'Object Repository/store Request Schedule 1/Page_KDMC - CMS/input_btndispatch' is clicked on

2018-05-30 18:04:02 - [MESSAGE][PASSED] - Object: 'Object Repository/store Request Schedule 1/Page_KDMC - CMS/input_btndispatch' is clicked on

2018-05-30 18:04:02 - [TEST_STEP][PASSED] - waitForElementVisible: Object 'Object Repository/store Request Schedule 1/Page_KDMC - CMS/button_OK' is visible

2018-05-30 18:04:03 - [MESSAGE][PASSED] - Object 'Object Repository/store Request Schedule 1/Page_KDMC - CMS/button_OK' is visible

2018-05-30 18:04:03 - [TEST_STEP][PASSED] - click: Object: 'Object Repository/store Request Schedule 1/Page_KDMC - CMS/button_OK' is clicked on

2018-05-30 18:04:04 - [MESSAGE][PASSED] - Object: 'Object Repository/store Request Schedule 1/Page_KDMC - CMS/button_OK' is clicked on

2018-05-30 18:04:04 - [TEST_STEP][PASSED] - delay: Delayed 3 second(s)

2018-05-30 18:04:07 - [MESSAGE][PASSED] - Delayed 3 second(s)

2018-05-30 18:04:07 - [TEST_STEP][PASSED] - click: Object: 'Object Repository/store Request Schedule 1/Page_KDMC - CMS/a_dropdown-toggle' is clicked on

2018-05-30 18:04:07 - [MESSAGE][PASSED] - Object: 'Object Repository/store Request Schedule 1/Page_KDMC - CMS/a_dropdown-toggle' is clicked on

2018-05-30 18:04:07 - [TEST_STEP][PASSED] - click: Object: 'Object Repository/store Request Schedule 1/Page_KDMC - CMS/a_Sign out' is clicked on

2018-05-30 18:04:08 - [MESSAGE][PASSED] - Object: 'Object Repository/store Request Schedule 1/Page_KDMC - CMS/a_Sign out' is clicked on

2018-05-30 18:04:08 - [TEST_STEP][PASSED] - delay: Delayed 3 second(s)

2018-05-30 18:04:11 - [MESSAGE][PASSED] - Delayed 3 second(s)

2018-05-30 18:04:11 - [TEST_STEP][PASSED] - click: Object: 'Object Repository/Store Request Schedule 1/Page_KDMC/a_Divisional Store' is clicked on

2018-05-30 18:04:11 - [MESSAGE][PASSED] - Object: 'Object Repository/Store Request Schedule 1/Page_KDMC/a_Divisional Store' is clicked on

2018-05-30 18:04:11 - [TEST_STEP][PASSED] - setText: Text 'ragu' is set on object 'Object Repository/Store Request Schedule 1/Page_Divisonal Store Login/input_txtusername'

2018-05-30 18:04:11 - [MESSAGE][PASSED] - Text 'ragu' is set on object 'Object Repository/Store Request Schedule 1/Page_Divisonal Store Login/input_txtusername'

2018-05-30 18:04:11 - [TEST_STEP][PASSED] - setText: Text '123' is set on object 'Object Repository/Store Request Schedule 1/Page_Divisonal Store Login/input_txtpassword'

2018-05-30 18:04:11 - [MESSAGE][PASSED] - Text '123' is set on object 'Object Repository/Store Request Schedule 1/Page_Divisonal Store Login/input_txtpassword'

2018-05-30 18:04:11 - [TEST_STEP][PASSED] - delay: Delayed 3 second(s)

2018-05-30 18:04:14 - [MESSAGE][PASSED] - Delayed 3 second(s)

2018-05-30 18:04:14 - [TEST_STEP][PASSED] - click: Object: 'Object Repository/Store Request Schedule 1/Page_Divisonal Store Login/button_Sign in' is clicked on

2018-05-30 18:04:16 - [MESSAGE][PASSED] - Object: 'Object Repository/Store Request Schedule 1/Page_Divisonal Store Login/button_Sign in' is clicked on

2018-05-30 18:04:16 - [TEST_STEP][PASSED] - delay: Delayed 3 second(s)

2018-05-30 18:04:19 - [MESSAGE][PASSED] - Delayed 3 second(s)

2018-05-30 18:04:19 - [TEST_STEP][PASSED] - click: Object: 'Object Repository/Store Request Schedule 1/Page_Store/a_CMS' is clicked on

2018-05-30 18:04:19 - [MESSAGE][PASSED] - Object: 'Object Repository/Store Request Schedule 1/Page_Store/a_CMS' is clicked on

2018-05-30 18:04:19 - [TEST_STEP][PASSED] - delay: Delayed 2 second(s)

2018-05-30 18:04:21 - [MESSAGE][PASSED] - Delayed 2 second(s)

2018-05-30 18:04:21 - [TEST_STEP][PASSED] - click: Object: 'Object Repository/Store Request Schedule 1/Page_Store/a_Receiving Goods' is clicked on

2018-05-30 18:04:23 - [MESSAGE][PASSED] - Object: 'Object Repository/Store Request Schedule 1/Page_Store/a_Receiving Goods' is clicked on

2018-05-30 18:04:23 - [TEST_STEP][PASSED] - setText: Text 'PRNO/30052018/481' is set on object 'Object Repository/Store Request Schedule 1/Page_Store/input'

2018-05-30 18:04:23 - [MESSAGE][PASSED] - Text 'PRNO/30052018/481' is set on object 'Object Repository/Store Request Schedule 1/Page_Store/input'

2018-05-30 18:04:23 - [TEST_STEP][PASSED] - click: Object: 'Object Repository/Store Request Schedule 1/Page_Store/input_btn btn-primary' is clicked on

2018-05-30 18:04:23 - [MESSAGE][PASSED] - Object: 'Object Repository/Store Request Schedule 1/Page_Store/input_btn btn-primary' is clicked on

2018-05-30 18:04:23 - [TEST_STEP][PASSED] - delay: Delayed 2 second(s)

2018-05-30 18:04:25 - [MESSAGE][PASSED] - Delayed 2 second(s)

2018-05-30 18:04:25 - [TEST_STEP][PASSED] - click: Object: 'Object Repository/Store Request Schedule 1/Page_Store/input_chkrem' is clicked on

2018-05-30 18:04:26 - [MESSAGE][PASSED] - Object: 'Object Repository/Store Request Schedule 1/Page_Store/input_chkrem' is clicked on

2018-05-30 18:04:26 - [TEST_STEP][PASSED] - scrollToElement: Scroll to object 'Object Repository/Store Request Schedule 1/Page_Store/input_btchkroqadd' successfully

2018-05-30 18:04:26 - [MESSAGE][PASSED] - Scroll to object 'Object Repository/Store Request Schedule 1/Page_Store/input_btchkroqadd' successfully

2018-05-30 18:04:26 - [TEST_STEP][PASSED] - click: Object: 'Object Repository/Store Request Schedule 1/Page_Store/input_btchkroqadd' is clicked on

2018-05-30 18:04:26 - [MESSAGE][PASSED] - Object: 'Object Repository/Store Request Schedule 1/Page_Store/input_btchkroqadd' is clicked on

2018-05-30 18:04:26 - [TEST_STEP][PASSED] - delay: Delayed 2 second(s)

2018-05-30 18:04:28 - [MESSAGE][PASSED] - Delayed 2 second(s)

2018-05-30 18:04:28 - [TEST_STEP][PASSED] - refresh: Refresh successfully

2018-05-30 18:04:28 - [MESSAGE][PASSED] - Refresh successfully

2018-05-30 18:04:28 - [TEST_STEP][PASSED] - delay: Delayed 3 second(s)

2018-05-30 18:04:31 - [MESSAGE][PASSED] - Delayed 3 second(s)

2018-05-30 18:04:31 - [TEST_STEP][PASSED] - click: Object: 'Object Repository/Store Request Schedule 1/Page_Store/a_dropdown-toggle' is clicked on

2018-05-30 18:04:31 - [MESSAGE][PASSED] - Object: 'Object Repository/Store Request Schedule 1/Page_Store/a_dropdown-toggle' is clicked on

2018-05-30 18:04:31 - [TEST_STEP][PASSED] - click: Object: 'Object Repository/Store Request Schedule 1/Page_Store/a_Sign out' is clicked on

2018-05-30 18:04:33 - [MESSAGE][PASSED] - Object: 'Object Repository/Store Request Schedule 1/Page_Store/a_Sign out' is clicked on

2018-05-30 18:04:33 - [TEST_STEP][PASSED] - closeBrowser: Browser is closed

2018-05-30 18:04:33 - [MESSAGE][PASSED] - Browser is closed

2018-05-30 18:04:33 - [TEST_STEP][PASSED] - Statement - out.println("Schedule 7 STORE Request Are Working Successfully"): null]]></system-out>
         <system-err><![CDATA[]]></system-err>
      </testcase>
      <testcase name="Test Cases/STORE TO CMS REQUEST TEST CASES/TC_STCMS_008 To Verify Schedule 8 Store To CMS Request Are Working Successfully Or Not" classname="Test Cases/STORE TO CMS REQUEST TEST CASES/TC_STCMS_008 To Verify Schedule 8 Store To CMS Request Are Working Successfully Or Not" status="PASSED">
         <system-out><![CDATA[2018-05-30 18:04:33 - [TEST_CASE][PASSED] - Test Cases/STORE TO CMS REQUEST TEST CASES/TC_STCMS_008 To Verify Schedule 8 Store To CMS Request Are Working Successfully Or Not: Test Cases/STORE TO CMS REQUEST TEST CASES/TC_STCMS_008 To Verify Schedule 8 Store To CMS Request Are Working Successfully Or Not

2018-05-30 18:04:49 - [TEST_STEP][PASSED] - openBrowser: Browser is opened with url: ''

2018-05-30 18:04:51 - [MESSAGE][PASSED] - Browser is opened with url: ''

2018-05-30 18:04:51 - [TEST_STEP][PASSED] - Statement - out.println("Verify Schedule 8 STORE Request Are Working Successfully Or Not"): null

2018-05-30 18:04:51 - [TEST_STEP][PASSED] - navigateToUrl: Navigate to 'http://192.168.137.1/multihospital_new/' successfully

2018-05-30 18:04:53 - [MESSAGE][PASSED] - Navigate to 'http://192.168.137.1/multihospital_new/' successfully

2018-05-30 18:04:53 - [TEST_STEP][PASSED] - maximizeWindow: Current window maximized

2018-05-30 18:04:54 - [MESSAGE][PASSED] - Current window maximized

2018-05-30 18:04:54 - [TEST_STEP][PASSED] - click: Object: 'Object Repository/Store Request Schedule 1/Page_KDMC/a_Divisional Store' is clicked on

2018-05-30 18:04:55 - [MESSAGE][PASSED] - Object: 'Object Repository/Store Request Schedule 1/Page_KDMC/a_Divisional Store' is clicked on

2018-05-30 18:04:55 - [TEST_STEP][PASSED] - setText: Text 'ragu' is set on object 'Object Repository/Store Request Schedule 1/Page_Divisonal Store Login/input_txtusername'

2018-05-30 18:04:56 - [MESSAGE][PASSED] - Text 'ragu' is set on object 'Object Repository/Store Request Schedule 1/Page_Divisonal Store Login/input_txtusername'

2018-05-30 18:04:56 - [TEST_STEP][PASSED] - setText: Text '123' is set on object 'Object Repository/Store Request Schedule 1/Page_Divisonal Store Login/input_txtpassword'

2018-05-30 18:04:56 - [MESSAGE][PASSED] - Text '123' is set on object 'Object Repository/Store Request Schedule 1/Page_Divisonal Store Login/input_txtpassword'

2018-05-30 18:04:56 - [TEST_STEP][PASSED] - delay: Delayed 3 second(s)

2018-05-30 18:04:59 - [MESSAGE][PASSED] - Delayed 3 second(s)

2018-05-30 18:04:59 - [TEST_STEP][PASSED] - click: Object: 'Object Repository/Store Request Schedule 1/Page_Divisonal Store Login/button_Sign in' is clicked on

2018-05-30 18:05:01 - [MESSAGE][PASSED] - Object: 'Object Repository/Store Request Schedule 1/Page_Divisonal Store Login/button_Sign in' is clicked on

2018-05-30 18:05:01 - [TEST_STEP][PASSED] - delay: Delayed 3 second(s)

2018-05-30 18:05:04 - [MESSAGE][PASSED] - Delayed 3 second(s)

2018-05-30 18:05:04 - [TEST_STEP][PASSED] - click: Object: 'Object Repository/Store Request Schedule 1/Page_Store/a_CMS' is clicked on

2018-05-30 18:05:04 - [MESSAGE][PASSED] - Object: 'Object Repository/Store Request Schedule 1/Page_Store/a_CMS' is clicked on

2018-05-30 18:05:04 - [TEST_STEP][PASSED] - delay: Delayed 2 second(s)

2018-05-30 18:05:06 - [MESSAGE][PASSED] - Delayed 2 second(s)

2018-05-30 18:05:06 - [TEST_STEP][PASSED] - click: Object: 'Object Repository/Store Request Schedule 1/Page_Store/a_Request Send' is clicked on

2018-05-30 18:05:07 - [MESSAGE][PASSED] - Object: 'Object Repository/Store Request Schedule 1/Page_Store/a_Request Send' is clicked on

2018-05-30 18:05:07 - [TEST_STEP][PASSED] - selectOptionByIndex: All options with index in [1] are selected on object 'Object Repository/Store Request Schedule 1/Page_Store/select_--Select--'

2018-05-30 18:05:07 - [MESSAGE][PASSED] - All options with index in [1] are selected on object 'Object Repository/Store Request Schedule 1/Page_Store/select_--Select--'

2018-05-30 18:05:07 - [TEST_STEP][PASSED] - selectOptionByIndex: All options with index in [8] are selected on object 'Object Repository/Store Request Schedule 1/Page_Store/select_--Select--Schedule 1Inj'

2018-05-30 18:05:07 - [MESSAGE][PASSED] - All options with index in [8] are selected on object 'Object Repository/Store Request Schedule 1/Page_Store/select_--Select--Schedule 1Inj'

2018-05-30 18:05:07 - [TEST_STEP][PASSED] - Statement - SelectedOptions = com.kms.katalon.core.webui.keyword.WebUiBuiltInKeywords.getNumberOfTotalOption(com.kms.katalon.core.testobject.ObjectRepository.findTestObject(Store Request Schedule 1/Page_Store/select_--Select--Adernaline 0.)): 18 options of object 'Object Repository/Store Request Schedule 1/Page_Store/select_--Select--Adernaline 0.' counted

2018-05-30 18:05:08 - [MESSAGE][PASSED] - 18 options of object 'Object Repository/Store Request Schedule 1/Page_Store/select_--Select--Adernaline 0.' counted

2018-05-30 18:05:08 - [TEST_STEP][PASSED] - Statement - For ([y = 1, y < SelectedOptions, (y++)]): Object: 'Object Repository/Store Request Schedule 1/Page_Store/button_Add' is clicked on

2018-05-30 18:05:08 - [TEST_STEP][PASSED] - selectOptionByIndex: All options with index in [8] are selected on object 'Object Repository/Store Request Schedule 1/Page_Store/select_--Select--Schedule 1Inj'

2018-05-30 18:05:08 - [MESSAGE][PASSED] - All options with index in [8] are selected on object 'Object Repository/Store Request Schedule 1/Page_Store/select_--Select--Schedule 1Inj'

2018-05-30 18:05:08 - [TEST_STEP][PASSED] - delay: Delayed 1 second(s)

2018-05-30 18:05:09 - [MESSAGE][PASSED] - Delayed 1 second(s)

2018-05-30 18:05:09 - [TEST_STEP][PASSED] - selectOptionByIndex: All options with index in [1] are selected on object 'Object Repository/Store Request Schedule 1/Page_Store/select_--Select--Adernaline 0.'

2018-05-30 18:05:09 - [MESSAGE][PASSED] - All options with index in [1] are selected on object 'Object Repository/Store Request Schedule 1/Page_Store/select_--Select--Adernaline 0.'

2018-05-30 18:05:09 - [TEST_STEP][PASSED] - setText: Text '100' is set on object 'Object Repository/Store Request Schedule 1/Page_Store/input_txttreat'

2018-05-30 18:05:09 - [MESSAGE][PASSED] - Text '100' is set on object 'Object Repository/Store Request Schedule 1/Page_Store/input_txttreat'

2018-05-30 18:05:09 - [TEST_STEP][PASSED] - click: Object: 'Object Repository/Store Request Schedule 1/Page_Store/button_Add' is clicked on

2018-05-30 18:05:09 - [MESSAGE][PASSED] - Object: 'Object Repository/Store Request Schedule 1/Page_Store/button_Add' is clicked on

2018-05-30 18:05:09 - [TEST_STEP][PASSED] - selectOptionByIndex: All options with index in [8] are selected on object 'Object Repository/Store Request Schedule 1/Page_Store/select_--Select--Schedule 1Inj'

2018-05-30 18:05:09 - [MESSAGE][PASSED] - All options with index in [8] are selected on object 'Object Repository/Store Request Schedule 1/Page_Store/select_--Select--Schedule 1Inj'

2018-05-30 18:05:09 - [TEST_STEP][PASSED] - delay: Delayed 1 second(s)

2018-05-30 18:05:10 - [MESSAGE][PASSED] - Delayed 1 second(s)

2018-05-30 18:05:10 - [TEST_STEP][PASSED] - selectOptionByIndex: All options with index in [2] are selected on object 'Object Repository/Store Request Schedule 1/Page_Store/select_--Select--Adernaline 0.'

2018-05-30 18:05:10 - [MESSAGE][PASSED] - All options with index in [2] are selected on object 'Object Repository/Store Request Schedule 1/Page_Store/select_--Select--Adernaline 0.'

2018-05-30 18:05:10 - [TEST_STEP][PASSED] - setText: Text '100' is set on object 'Object Repository/Store Request Schedule 1/Page_Store/input_txttreat'

2018-05-30 18:05:10 - [MESSAGE][PASSED] - Text '100' is set on object 'Object Repository/Store Request Schedule 1/Page_Store/input_txttreat'

2018-05-30 18:05:10 - [TEST_STEP][PASSED] - click: Object: 'Object Repository/Store Request Schedule 1/Page_Store/button_Add' is clicked on

2018-05-30 18:05:11 - [MESSAGE][PASSED] - Object: 'Object Repository/Store Request Schedule 1/Page_Store/button_Add' is clicked on

2018-05-30 18:05:11 - [TEST_STEP][PASSED] - selectOptionByIndex: All options with index in [8] are selected on object 'Object Repository/Store Request Schedule 1/Page_Store/select_--Select--Schedule 1Inj'

2018-05-30 18:05:11 - [MESSAGE][PASSED] - All options with index in [8] are selected on object 'Object Repository/Store Request Schedule 1/Page_Store/select_--Select--Schedule 1Inj'

2018-05-30 18:05:11 - [TEST_STEP][PASSED] - delay: Delayed 1 second(s)

2018-05-30 18:05:12 - [MESSAGE][PASSED] - Delayed 1 second(s)

2018-05-30 18:05:12 - [TEST_STEP][PASSED] - selectOptionByIndex: All options with index in [3] are selected on object 'Object Repository/Store Request Schedule 1/Page_Store/select_--Select--Adernaline 0.'

2018-05-30 18:05:12 - [MESSAGE][PASSED] - All options with index in [3] are selected on object 'Object Repository/Store Request Schedule 1/Page_Store/select_--Select--Adernaline 0.'

2018-05-30 18:05:12 - [TEST_STEP][PASSED] - setText: Text '100' is set on object 'Object Repository/Store Request Schedule 1/Page_Store/input_txttreat'

2018-05-30 18:05:12 - [MESSAGE][PASSED] - Text '100' is set on object 'Object Repository/Store Request Schedule 1/Page_Store/input_txttreat'

2018-05-30 18:05:12 - [TEST_STEP][PASSED] - click: Object: 'Object Repository/Store Request Schedule 1/Page_Store/button_Add' is clicked on

2018-05-30 18:05:17 - [MESSAGE][PASSED] - Object: 'Object Repository/Store Request Schedule 1/Page_Store/button_Add' is clicked on

2018-05-30 18:05:17 - [TEST_STEP][PASSED] - selectOptionByIndex: All options with index in [8] are selected on object 'Object Repository/Store Request Schedule 1/Page_Store/select_--Select--Schedule 1Inj'

2018-05-30 18:05:17 - [MESSAGE][PASSED] - All options with index in [8] are selected on object 'Object Repository/Store Request Schedule 1/Page_Store/select_--Select--Schedule 1Inj'

2018-05-30 18:05:17 - [TEST_STEP][PASSED] - delay: Delayed 1 second(s)

2018-05-30 18:05:18 - [MESSAGE][PASSED] - Delayed 1 second(s)

2018-05-30 18:05:18 - [TEST_STEP][PASSED] - selectOptionByIndex: All options with index in [4] are selected on object 'Object Repository/Store Request Schedule 1/Page_Store/select_--Select--Adernaline 0.'

2018-05-30 18:05:18 - [MESSAGE][PASSED] - All options with index in [4] are selected on object 'Object Repository/Store Request Schedule 1/Page_Store/select_--Select--Adernaline 0.'

2018-05-30 18:05:18 - [TEST_STEP][PASSED] - setText: Text '100' is set on object 'Object Repository/Store Request Schedule 1/Page_Store/input_txttreat'

2018-05-30 18:05:19 - [MESSAGE][PASSED] - Text '100' is set on object 'Object Repository/Store Request Schedule 1/Page_Store/input_txttreat'

2018-05-30 18:05:19 - [TEST_STEP][PASSED] - click: Object: 'Object Repository/Store Request Schedule 1/Page_Store/button_Add' is clicked on

2018-05-30 18:05:24 - [MESSAGE][PASSED] - Object: 'Object Repository/Store Request Schedule 1/Page_Store/button_Add' is clicked on

2018-05-30 18:05:24 - [TEST_STEP][PASSED] - selectOptionByIndex: All options with index in [8] are selected on object 'Object Repository/Store Request Schedule 1/Page_Store/select_--Select--Schedule 1Inj'

2018-05-30 18:05:24 - [MESSAGE][PASSED] - All options with index in [8] are selected on object 'Object Repository/Store Request Schedule 1/Page_Store/select_--Select--Schedule 1Inj'

2018-05-30 18:05:24 - [TEST_STEP][PASSED] - delay: Delayed 1 second(s)

2018-05-30 18:05:25 - [MESSAGE][PASSED] - Delayed 1 second(s)

2018-05-30 18:05:25 - [TEST_STEP][PASSED] - selectOptionByIndex: All options with index in [5] are selected on object 'Object Repository/Store Request Schedule 1/Page_Store/select_--Select--Adernaline 0.'

2018-05-30 18:05:25 - [MESSAGE][PASSED] - All options with index in [5] are selected on object 'Object Repository/Store Request Schedule 1/Page_Store/select_--Select--Adernaline 0.'

2018-05-30 18:05:25 - [TEST_STEP][PASSED] - setText: Text '100' is set on object 'Object Repository/Store Request Schedule 1/Page_Store/input_txttreat'

2018-05-30 18:05:25 - [MESSAGE][PASSED] - Text '100' is set on object 'Object Repository/Store Request Schedule 1/Page_Store/input_txttreat'

2018-05-30 18:05:25 - [TEST_STEP][PASSED] - click: Object: 'Object Repository/Store Request Schedule 1/Page_Store/button_Add' is clicked on

2018-05-30 18:05:30 - [MESSAGE][PASSED] - Object: 'Object Repository/Store Request Schedule 1/Page_Store/button_Add' is clicked on

2018-05-30 18:05:30 - [TEST_STEP][PASSED] - selectOptionByIndex: All options with index in [8] are selected on object 'Object Repository/Store Request Schedule 1/Page_Store/select_--Select--Schedule 1Inj'

2018-05-30 18:05:30 - [MESSAGE][PASSED] - All options with index in [8] are selected on object 'Object Repository/Store Request Schedule 1/Page_Store/select_--Select--Schedule 1Inj'

2018-05-30 18:05:30 - [TEST_STEP][PASSED] - delay: Delayed 1 second(s)

2018-05-30 18:05:31 - [MESSAGE][PASSED] - Delayed 1 second(s)

2018-05-30 18:05:31 - [TEST_STEP][PASSED] - selectOptionByIndex: All options with index in [6] are selected on object 'Object Repository/Store Request Schedule 1/Page_Store/select_--Select--Adernaline 0.'

2018-05-30 18:05:32 - [MESSAGE][PASSED] - All options with index in [6] are selected on object 'Object Repository/Store Request Schedule 1/Page_Store/select_--Select--Adernaline 0.'

2018-05-30 18:05:32 - [TEST_STEP][PASSED] - setText: Text '100' is set on object 'Object Repository/Store Request Schedule 1/Page_Store/input_txttreat'

2018-05-30 18:05:32 - [MESSAGE][PASSED] - Text '100' is set on object 'Object Repository/Store Request Schedule 1/Page_Store/input_txttreat'

2018-05-30 18:05:32 - [TEST_STEP][PASSED] - click: Object: 'Object Repository/Store Request Schedule 1/Page_Store/button_Add' is clicked on

2018-05-30 18:05:37 - [MESSAGE][PASSED] - Object: 'Object Repository/Store Request Schedule 1/Page_Store/button_Add' is clicked on

2018-05-30 18:05:37 - [TEST_STEP][PASSED] - selectOptionByIndex: All options with index in [8] are selected on object 'Object Repository/Store Request Schedule 1/Page_Store/select_--Select--Schedule 1Inj'

2018-05-30 18:05:37 - [MESSAGE][PASSED] - All options with index in [8] are selected on object 'Object Repository/Store Request Schedule 1/Page_Store/select_--Select--Schedule 1Inj'

2018-05-30 18:05:37 - [TEST_STEP][PASSED] - delay: Delayed 1 second(s)

2018-05-30 18:05:38 - [MESSAGE][PASSED] - Delayed 1 second(s)

2018-05-30 18:05:38 - [TEST_STEP][PASSED] - selectOptionByIndex: All options with index in [7] are selected on object 'Object Repository/Store Request Schedule 1/Page_Store/select_--Select--Adernaline 0.'

2018-05-30 18:05:38 - [MESSAGE][PASSED] - All options with index in [7] are selected on object 'Object Repository/Store Request Schedule 1/Page_Store/select_--Select--Adernaline 0.'

2018-05-30 18:05:38 - [TEST_STEP][PASSED] - setText: Text '100' is set on object 'Object Repository/Store Request Schedule 1/Page_Store/input_txttreat'

2018-05-30 18:05:38 - [MESSAGE][PASSED] - Text '100' is set on object 'Object Repository/Store Request Schedule 1/Page_Store/input_txttreat'

2018-05-30 18:05:38 - [TEST_STEP][PASSED] - click: Object: 'Object Repository/Store Request Schedule 1/Page_Store/button_Add' is clicked on

2018-05-30 18:05:43 - [MESSAGE][PASSED] - Object: 'Object Repository/Store Request Schedule 1/Page_Store/button_Add' is clicked on

2018-05-30 18:05:43 - [TEST_STEP][PASSED] - selectOptionByIndex: All options with index in [8] are selected on object 'Object Repository/Store Request Schedule 1/Page_Store/select_--Select--Schedule 1Inj'

2018-05-30 18:05:43 - [MESSAGE][PASSED] - All options with index in [8] are selected on object 'Object Repository/Store Request Schedule 1/Page_Store/select_--Select--Schedule 1Inj'

2018-05-30 18:05:43 - [TEST_STEP][PASSED] - delay: Delayed 1 second(s)

2018-05-30 18:05:44 - [MESSAGE][PASSED] - Delayed 1 second(s)

2018-05-30 18:05:44 - [TEST_STEP][PASSED] - selectOptionByIndex: All options with index in [8] are selected on object 'Object Repository/Store Request Schedule 1/Page_Store/select_--Select--Adernaline 0.'

2018-05-30 18:05:45 - [MESSAGE][PASSED] - All options with index in [8] are selected on object 'Object Repository/Store Request Schedule 1/Page_Store/select_--Select--Adernaline 0.'

2018-05-30 18:05:45 - [TEST_STEP][PASSED] - setText: Text '100' is set on object 'Object Repository/Store Request Schedule 1/Page_Store/input_txttreat'

2018-05-30 18:05:45 - [MESSAGE][PASSED] - Text '100' is set on object 'Object Repository/Store Request Schedule 1/Page_Store/input_txttreat'

2018-05-30 18:05:45 - [TEST_STEP][PASSED] - click: Object: 'Object Repository/Store Request Schedule 1/Page_Store/button_Add' is clicked on

2018-05-30 18:05:50 - [MESSAGE][PASSED] - Object: 'Object Repository/Store Request Schedule 1/Page_Store/button_Add' is clicked on

2018-05-30 18:05:50 - [TEST_STEP][PASSED] - selectOptionByIndex: All options with index in [8] are selected on object 'Object Repository/Store Request Schedule 1/Page_Store/select_--Select--Schedule 1Inj'

2018-05-30 18:05:50 - [MESSAGE][PASSED] - All options with index in [8] are selected on object 'Object Repository/Store Request Schedule 1/Page_Store/select_--Select--Schedule 1Inj'

2018-05-30 18:05:50 - [TEST_STEP][PASSED] - delay: Delayed 1 second(s)

2018-05-30 18:05:51 - [MESSAGE][PASSED] - Delayed 1 second(s)

2018-05-30 18:05:51 - [TEST_STEP][PASSED] - selectOptionByIndex: All options with index in [9] are selected on object 'Object Repository/Store Request Schedule 1/Page_Store/select_--Select--Adernaline 0.'

2018-05-30 18:05:51 - [MESSAGE][PASSED] - All options with index in [9] are selected on object 'Object Repository/Store Request Schedule 1/Page_Store/select_--Select--Adernaline 0.'

2018-05-30 18:05:51 - [TEST_STEP][PASSED] - setText: Text '100' is set on object 'Object Repository/Store Request Schedule 1/Page_Store/input_txttreat'

2018-05-30 18:05:51 - [MESSAGE][PASSED] - Text '100' is set on object 'Object Repository/Store Request Schedule 1/Page_Store/input_txttreat'

2018-05-30 18:05:51 - [TEST_STEP][PASSED] - click: Object: 'Object Repository/Store Request Schedule 1/Page_Store/button_Add' is clicked on

2018-05-30 18:05:56 - [MESSAGE][PASSED] - Object: 'Object Repository/Store Request Schedule 1/Page_Store/button_Add' is clicked on

2018-05-30 18:05:56 - [TEST_STEP][PASSED] - selectOptionByIndex: All options with index in [8] are selected on object 'Object Repository/Store Request Schedule 1/Page_Store/select_--Select--Schedule 1Inj'

2018-05-30 18:05:56 - [MESSAGE][PASSED] - All options with index in [8] are selected on object 'Object Repository/Store Request Schedule 1/Page_Store/select_--Select--Schedule 1Inj'

2018-05-30 18:05:56 - [TEST_STEP][PASSED] - delay: Delayed 1 second(s)

2018-05-30 18:05:57 - [MESSAGE][PASSED] - Delayed 1 second(s)

2018-05-30 18:05:57 - [TEST_STEP][PASSED] - selectOptionByIndex: All options with index in [10] are selected on object 'Object Repository/Store Request Schedule 1/Page_Store/select_--Select--Adernaline 0.'

2018-05-30 18:05:58 - [MESSAGE][PASSED] - All options with index in [10] are selected on object 'Object Repository/Store Request Schedule 1/Page_Store/select_--Select--Adernaline 0.'

2018-05-30 18:05:58 - [TEST_STEP][PASSED] - setText: Text '100' is set on object 'Object Repository/Store Request Schedule 1/Page_Store/input_txttreat'

2018-05-30 18:05:58 - [MESSAGE][PASSED] - Text '100' is set on object 'Object Repository/Store Request Schedule 1/Page_Store/input_txttreat'

2018-05-30 18:05:58 - [TEST_STEP][PASSED] - click: Object: 'Object Repository/Store Request Schedule 1/Page_Store/button_Add' is clicked on

2018-05-30 18:06:03 - [MESSAGE][PASSED] - Object: 'Object Repository/Store Request Schedule 1/Page_Store/button_Add' is clicked on

2018-05-30 18:06:03 - [TEST_STEP][PASSED] - selectOptionByIndex: All options with index in [8] are selected on object 'Object Repository/Store Request Schedule 1/Page_Store/select_--Select--Schedule 1Inj'

2018-05-30 18:06:03 - [MESSAGE][PASSED] - All options with index in [8] are selected on object 'Object Repository/Store Request Schedule 1/Page_Store/select_--Select--Schedule 1Inj'

2018-05-30 18:06:03 - [TEST_STEP][PASSED] - delay: Delayed 1 second(s)

2018-05-30 18:06:04 - [MESSAGE][PASSED] - Delayed 1 second(s)

2018-05-30 18:06:04 - [TEST_STEP][PASSED] - selectOptionByIndex: All options with index in [11] are selected on object 'Object Repository/Store Request Schedule 1/Page_Store/select_--Select--Adernaline 0.'

2018-05-30 18:06:04 - [MESSAGE][PASSED] - All options with index in [11] are selected on object 'Object Repository/Store Request Schedule 1/Page_Store/select_--Select--Adernaline 0.'

2018-05-30 18:06:04 - [TEST_STEP][PASSED] - setText: Text '100' is set on object 'Object Repository/Store Request Schedule 1/Page_Store/input_txttreat'

2018-05-30 18:06:04 - [MESSAGE][PASSED] - Text '100' is set on object 'Object Repository/Store Request Schedule 1/Page_Store/input_txttreat'

2018-05-30 18:06:04 - [TEST_STEP][PASSED] - click: Object: 'Object Repository/Store Request Schedule 1/Page_Store/button_Add' is clicked on

2018-05-30 18:06:09 - [MESSAGE][PASSED] - Object: 'Object Repository/Store Request Schedule 1/Page_Store/button_Add' is clicked on

2018-05-30 18:06:09 - [TEST_STEP][PASSED] - selectOptionByIndex: All options with index in [8] are selected on object 'Object Repository/Store Request Schedule 1/Page_Store/select_--Select--Schedule 1Inj'

2018-05-30 18:06:10 - [MESSAGE][PASSED] - All options with index in [8] are selected on object 'Object Repository/Store Request Schedule 1/Page_Store/select_--Select--Schedule 1Inj'

2018-05-30 18:06:10 - [TEST_STEP][PASSED] - delay: Delayed 1 second(s)

2018-05-30 18:06:11 - [MESSAGE][PASSED] - Delayed 1 second(s)

2018-05-30 18:06:11 - [TEST_STEP][PASSED] - selectOptionByIndex: All options with index in [12] are selected on object 'Object Repository/Store Request Schedule 1/Page_Store/select_--Select--Adernaline 0.'

2018-05-30 18:06:11 - [MESSAGE][PASSED] - All options with index in [12] are selected on object 'Object Repository/Store Request Schedule 1/Page_Store/select_--Select--Adernaline 0.'

2018-05-30 18:06:11 - [TEST_STEP][PASSED] - setText: Text '100' is set on object 'Object Repository/Store Request Schedule 1/Page_Store/input_txttreat'

2018-05-30 18:06:11 - [MESSAGE][PASSED] - Text '100' is set on object 'Object Repository/Store Request Schedule 1/Page_Store/input_txttreat'

2018-05-30 18:06:11 - [TEST_STEP][PASSED] - click: Object: 'Object Repository/Store Request Schedule 1/Page_Store/button_Add' is clicked on

2018-05-30 18:06:16 - [MESSAGE][PASSED] - Object: 'Object Repository/Store Request Schedule 1/Page_Store/button_Add' is clicked on

2018-05-30 18:06:16 - [TEST_STEP][PASSED] - selectOptionByIndex: All options with index in [8] are selected on object 'Object Repository/Store Request Schedule 1/Page_Store/select_--Select--Schedule 1Inj'

2018-05-30 18:06:16 - [MESSAGE][PASSED] - All options with index in [8] are selected on object 'Object Repository/Store Request Schedule 1/Page_Store/select_--Select--Schedule 1Inj'

2018-05-30 18:06:16 - [TEST_STEP][PASSED] - delay: Delayed 1 second(s)

2018-05-30 18:06:17 - [MESSAGE][PASSED] - Delayed 1 second(s)

2018-05-30 18:06:17 - [TEST_STEP][PASSED] - selectOptionByIndex: All options with index in [13] are selected on object 'Object Repository/Store Request Schedule 1/Page_Store/select_--Select--Adernaline 0.'

2018-05-30 18:06:17 - [MESSAGE][PASSED] - All options with index in [13] are selected on object 'Object Repository/Store Request Schedule 1/Page_Store/select_--Select--Adernaline 0.'

2018-05-30 18:06:17 - [TEST_STEP][PASSED] - setText: Text '100' is set on object 'Object Repository/Store Request Schedule 1/Page_Store/input_txttreat'

2018-05-30 18:06:17 - [MESSAGE][PASSED] - Text '100' is set on object 'Object Repository/Store Request Schedule 1/Page_Store/input_txttreat'

2018-05-30 18:06:17 - [TEST_STEP][PASSED] - click: Object: 'Object Repository/Store Request Schedule 1/Page_Store/button_Add' is clicked on

2018-05-30 18:06:22 - [MESSAGE][PASSED] - Object: 'Object Repository/Store Request Schedule 1/Page_Store/button_Add' is clicked on

2018-05-30 18:06:22 - [TEST_STEP][PASSED] - selectOptionByIndex: All options with index in [8] are selected on object 'Object Repository/Store Request Schedule 1/Page_Store/select_--Select--Schedule 1Inj'

2018-05-30 18:06:23 - [MESSAGE][PASSED] - All options with index in [8] are selected on object 'Object Repository/Store Request Schedule 1/Page_Store/select_--Select--Schedule 1Inj'

2018-05-30 18:06:23 - [TEST_STEP][PASSED] - delay: Delayed 1 second(s)

2018-05-30 18:06:24 - [MESSAGE][PASSED] - Delayed 1 second(s)

2018-05-30 18:06:24 - [TEST_STEP][PASSED] - selectOptionByIndex: All options with index in [14] are selected on object 'Object Repository/Store Request Schedule 1/Page_Store/select_--Select--Adernaline 0.'

2018-05-30 18:06:24 - [MESSAGE][PASSED] - All options with index in [14] are selected on object 'Object Repository/Store Request Schedule 1/Page_Store/select_--Select--Adernaline 0.'

2018-05-30 18:06:24 - [TEST_STEP][PASSED] - setText: Text '100' is set on object 'Object Repository/Store Request Schedule 1/Page_Store/input_txttreat'

2018-05-30 18:06:24 - [MESSAGE][PASSED] - Text '100' is set on object 'Object Repository/Store Request Schedule 1/Page_Store/input_txttreat'

2018-05-30 18:06:24 - [TEST_STEP][PASSED] - click: Object: 'Object Repository/Store Request Schedule 1/Page_Store/button_Add' is clicked on

2018-05-30 18:06:29 - [MESSAGE][PASSED] - Object: 'Object Repository/Store Request Schedule 1/Page_Store/button_Add' is clicked on

2018-05-30 18:06:29 - [TEST_STEP][PASSED] - selectOptionByIndex: All options with index in [8] are selected on object 'Object Repository/Store Request Schedule 1/Page_Store/select_--Select--Schedule 1Inj'

2018-05-30 18:06:29 - [MESSAGE][PASSED] - All options with index in [8] are selected on object 'Object Repository/Store Request Schedule 1/Page_Store/select_--Select--Schedule 1Inj'

2018-05-30 18:06:29 - [TEST_STEP][PASSED] - delay: Delayed 1 second(s)

2018-05-30 18:06:30 - [MESSAGE][PASSED] - Delayed 1 second(s)

2018-05-30 18:06:30 - [TEST_STEP][PASSED] - selectOptionByIndex: All options with index in [15] are selected on object 'Object Repository/Store Request Schedule 1/Page_Store/select_--Select--Adernaline 0.'

2018-05-30 18:06:30 - [MESSAGE][PASSED] - All options with index in [15] are selected on object 'Object Repository/Store Request Schedule 1/Page_Store/select_--Select--Adernaline 0.'

2018-05-30 18:06:30 - [TEST_STEP][PASSED] - setText: Text '100' is set on object 'Object Repository/Store Request Schedule 1/Page_Store/input_txttreat'

2018-05-30 18:06:31 - [MESSAGE][PASSED] - Text '100' is set on object 'Object Repository/Store Request Schedule 1/Page_Store/input_txttreat'

2018-05-30 18:06:31 - [TEST_STEP][PASSED] - click: Object: 'Object Repository/Store Request Schedule 1/Page_Store/button_Add' is clicked on

2018-05-30 18:06:36 - [MESSAGE][PASSED] - Object: 'Object Repository/Store Request Schedule 1/Page_Store/button_Add' is clicked on

2018-05-30 18:06:36 - [TEST_STEP][PASSED] - selectOptionByIndex: All options with index in [8] are selected on object 'Object Repository/Store Request Schedule 1/Page_Store/select_--Select--Schedule 1Inj'

2018-05-30 18:06:36 - [MESSAGE][PASSED] - All options with index in [8] are selected on object 'Object Repository/Store Request Schedule 1/Page_Store/select_--Select--Schedule 1Inj'

2018-05-30 18:06:36 - [TEST_STEP][PASSED] - delay: Delayed 1 second(s)

2018-05-30 18:06:37 - [MESSAGE][PASSED] - Delayed 1 second(s)

2018-05-30 18:06:37 - [TEST_STEP][PASSED] - selectOptionByIndex: All options with index in [16] are selected on object 'Object Repository/Store Request Schedule 1/Page_Store/select_--Select--Adernaline 0.'

2018-05-30 18:06:37 - [MESSAGE][PASSED] - All options with index in [16] are selected on object 'Object Repository/Store Request Schedule 1/Page_Store/select_--Select--Adernaline 0.'

2018-05-30 18:06:37 - [TEST_STEP][PASSED] - setText: Text '100' is set on object 'Object Repository/Store Request Schedule 1/Page_Store/input_txttreat'

2018-05-30 18:06:37 - [MESSAGE][PASSED] - Text '100' is set on object 'Object Repository/Store Request Schedule 1/Page_Store/input_txttreat'

2018-05-30 18:06:37 - [TEST_STEP][PASSED] - click: Object: 'Object Repository/Store Request Schedule 1/Page_Store/button_Add' is clicked on

2018-05-30 18:06:42 - [MESSAGE][PASSED] - Object: 'Object Repository/Store Request Schedule 1/Page_Store/button_Add' is clicked on

2018-05-30 18:06:42 - [TEST_STEP][PASSED] - selectOptionByIndex: All options with index in [8] are selected on object 'Object Repository/Store Request Schedule 1/Page_Store/select_--Select--Schedule 1Inj'

2018-05-30 18:06:42 - [MESSAGE][PASSED] - All options with index in [8] are selected on object 'Object Repository/Store Request Schedule 1/Page_Store/select_--Select--Schedule 1Inj'

2018-05-30 18:06:42 - [TEST_STEP][PASSED] - delay: Delayed 1 second(s)

2018-05-30 18:06:43 - [MESSAGE][PASSED] - Delayed 1 second(s)

2018-05-30 18:06:43 - [TEST_STEP][PASSED] - selectOptionByIndex: All options with index in [17] are selected on object 'Object Repository/Store Request Schedule 1/Page_Store/select_--Select--Adernaline 0.'

2018-05-30 18:06:44 - [MESSAGE][PASSED] - All options with index in [17] are selected on object 'Object Repository/Store Request Schedule 1/Page_Store/select_--Select--Adernaline 0.'

2018-05-30 18:06:44 - [TEST_STEP][PASSED] - setText: Text '100' is set on object 'Object Repository/Store Request Schedule 1/Page_Store/input_txttreat'

2018-05-30 18:06:44 - [MESSAGE][PASSED] - Text '100' is set on object 'Object Repository/Store Request Schedule 1/Page_Store/input_txttreat'

2018-05-30 18:06:44 - [TEST_STEP][PASSED] - click: Object: 'Object Repository/Store Request Schedule 1/Page_Store/button_Add' is clicked on

2018-05-30 18:06:49 - [MESSAGE][PASSED] - Object: 'Object Repository/Store Request Schedule 1/Page_Store/button_Add' is clicked on

2018-05-30 18:06:49 - [TEST_STEP][PASSED] - delay: Delayed 2 second(s)

2018-05-30 18:06:51 - [MESSAGE][PASSED] - Delayed 2 second(s)

2018-05-30 18:06:51 - [TEST_STEP][PASSED] - scrollToElement: Scroll to object 'Object Repository/Store Request Schedule 1/Page_Store/input_btnsave' successfully

2018-05-30 18:06:51 - [MESSAGE][PASSED] - Scroll to object 'Object Repository/Store Request Schedule 1/Page_Store/input_btnsave' successfully

2018-05-30 18:06:51 - [TEST_STEP][PASSED] - click: Object: 'Object Repository/Store Request Schedule 1/Page_Store/input_btnsave' is clicked on

2018-05-30 18:06:56 - [MESSAGE][PASSED] - Object: 'Object Repository/Store Request Schedule 1/Page_Store/input_btnsave' is clicked on

2018-05-30 18:06:56 - [TEST_STEP][PASSED] - delay: Delayed 4 second(s)

2018-05-30 18:07:00 - [MESSAGE][PASSED] - Delayed 4 second(s)

2018-05-30 18:07:00 - [TEST_STEP][PASSED] - Statement - Cms_RequestNumber = com.kms.katalon.core.webui.keyword.WebUiBuiltInKeywords.getText(com.kms.katalon.core.testobject.ObjectRepository.findTestObject(Store Request Schedule 1/Page_Store/font_PRNO050520189)): Text of object 'Object Repository/Store Request Schedule 1/Page_Store/font_PRNO050520189' is: 'PRNO/30052018/482'

2018-05-30 18:07:00 - [MESSAGE][PASSED] - Text of object 'Object Repository/Store Request Schedule 1/Page_Store/font_PRNO050520189' is: 'PRNO/30052018/482'

2018-05-30 18:07:00 - [TEST_STEP][PASSED] - Statement - CR = Cms_RequestNumber.trim(): null

2018-05-30 18:07:00 - [TEST_STEP][PASSED] - Statement - out.println("RQ :" + Cms_RequestNumber): null

2018-05-30 18:07:00 - [TEST_STEP][PASSED] - Statement - RequestNumberID = Cms_RequestNumber.split("/")[2].trim(): null

2018-05-30 18:07:00 - [TEST_STEP][PASSED] - Statement - out.println("RQ ID :" + RequestNumberID): null

2018-05-30 18:07:00 - [TEST_STEP][PASSED] - delay: Delayed 3 second(s)

2018-05-30 18:07:03 - [MESSAGE][PASSED] - Delayed 3 second(s)

2018-05-30 18:07:03 - [TEST_STEP][PASSED] - Statement - ok = com.kms.katalon.core.webui.keyword.WebUiBuiltInKeywords.click(com.kms.katalon.core.testobject.ObjectRepository.findTestObject(Store Request Schedule 1/Page_Store/button_OK)): Object: 'Object Repository/Store Request Schedule 1/Page_Store/button_OK' is clicked on

2018-05-30 18:07:09 - [MESSAGE][PASSED] - Object: 'Object Repository/Store Request Schedule 1/Page_Store/button_OK' is clicked on

2018-05-30 18:07:09 - [TEST_STEP][PASSED] - delay: Delayed 3 second(s)

2018-05-30 18:07:12 - [MESSAGE][PASSED] - Delayed 3 second(s)

2018-05-30 18:07:12 - [TEST_STEP][PASSED] - click: Object: 'Object Repository/Store Request Schedule 1/Page_Store/a_dropdown-toggle' is clicked on

2018-05-30 18:07:28 - [MESSAGE][PASSED] - Object: 'Object Repository/Store Request Schedule 1/Page_Store/a_dropdown-toggle' is clicked on

2018-05-30 18:07:28 - [TEST_STEP][PASSED] - click: Object: 'Object Repository/Store Request Schedule 1/Page_Store/a_Sign out' is clicked on

2018-05-30 18:07:29 - [MESSAGE][PASSED] - Object: 'Object Repository/Store Request Schedule 1/Page_Store/a_Sign out' is clicked on

2018-05-30 18:07:29 - [TEST_STEP][PASSED] - delay: Delayed 3 second(s)

2018-05-30 18:07:32 - [MESSAGE][PASSED] - Delayed 3 second(s)

2018-05-30 18:07:32 - [TEST_STEP][PASSED] - click: Object: 'Object Repository/Store Request Schedule 1/Page_KDMC/a_CMO' is clicked on

2018-05-30 18:07:33 - [MESSAGE][PASSED] - Object: 'Object Repository/Store Request Schedule 1/Page_KDMC/a_CMO' is clicked on

2018-05-30 18:07:33 - [TEST_STEP][PASSED] - setText: Text 'guru' is set on object 'Object Repository/Store Request Schedule 1/Page_CMO login/input_txtusername'

2018-05-30 18:07:33 - [MESSAGE][PASSED] - Text 'guru' is set on object 'Object Repository/Store Request Schedule 1/Page_CMO login/input_txtusername'

2018-05-30 18:07:33 - [TEST_STEP][PASSED] - setText: Text '123' is set on object 'Object Repository/Store Request Schedule 1/Page_CMO login/input_txtpassword'

2018-05-30 18:07:33 - [MESSAGE][PASSED] - Text '123' is set on object 'Object Repository/Store Request Schedule 1/Page_CMO login/input_txtpassword'

2018-05-30 18:07:33 - [TEST_STEP][PASSED] - delay: Delayed 3 second(s)

2018-05-30 18:07:36 - [MESSAGE][PASSED] - Delayed 3 second(s)

2018-05-30 18:07:36 - [TEST_STEP][PASSED] - click: Object: 'Object Repository/Store Request Schedule 1/Page_CMO login/button_Sign in' is clicked on

2018-05-30 18:07:37 - [MESSAGE][PASSED] - Object: 'Object Repository/Store Request Schedule 1/Page_CMO login/button_Sign in' is clicked on

2018-05-30 18:07:37 - [TEST_STEP][PASSED] - delay: Delayed 2 second(s)

2018-05-30 18:07:39 - [MESSAGE][PASSED] - Delayed 2 second(s)

2018-05-30 18:07:39 - [TEST_STEP][PASSED] - click: Object: 'Object Repository/Store Request Schedule 1/Page_KDMC - CMO/span_Department Wise Request' is clicked on

2018-05-30 18:07:39 - [MESSAGE][PASSED] - Object: 'Object Repository/Store Request Schedule 1/Page_KDMC - CMO/span_Department Wise Request' is clicked on

2018-05-30 18:07:39 - [TEST_STEP][PASSED] - click: Object: 'Object Repository/Store Request Schedule 1/Page_KDMC - CMO/a_CMS Request' is clicked on

2018-05-30 18:07:39 - [MESSAGE][PASSED] - Object: 'Object Repository/Store Request Schedule 1/Page_KDMC - CMO/a_CMS Request' is clicked on

2018-05-30 18:07:39 - [TEST_STEP][PASSED] - click: Object: 'Object Repository/Store Request Schedule 1/Page_KDMC - CMO/a_CMS Request' is clicked on

2018-05-30 18:07:39 - [MESSAGE][PASSED] - Object: 'Object Repository/Store Request Schedule 1/Page_KDMC - CMO/a_CMS Request' is clicked on

2018-05-30 18:07:39 - [TEST_STEP][PASSED] - click: Object: 'Object Repository/Store Request Schedule 1/Page_KDMC - CMO/span_Divisional Store Request' is clicked on

2018-05-30 18:07:41 - [MESSAGE][PASSED] - Object: 'Object Repository/Store Request Schedule 1/Page_KDMC - CMO/span_Divisional Store Request' is clicked on

2018-05-30 18:07:41 - [TEST_STEP][PASSED] - delay: Delayed 2 second(s)

2018-05-30 18:07:43 - [MESSAGE][PASSED] - Delayed 2 second(s)

2018-05-30 18:07:43 - [TEST_STEP][PASSED] - Statement - approval = com.kms.katalon.core.webui.keyword.WebUiBuiltInKeywords.modifyObjectProperty(com.kms.katalon.core.testobject.ObjectRepository.findTestObject(Store Request Schedule 1/Page_KDMC - CMO/input_PRNO050520189), "xpath", "equals", "//*[@id=" + RequestNumberID + "]", true): Modify property of object successfully

2018-05-30 18:07:43 - [MESSAGE][PASSED] - Modify property of object successfully

2018-05-30 18:07:43 - [TEST_STEP][PASSED] - click: Object: 'Object Repository/Store Request Schedule 1/Page_KDMC - CMO/input_PRNO050520189' is clicked on

2018-05-30 18:07:44 - [MESSAGE][PASSED] - Object: 'Object Repository/Store Request Schedule 1/Page_KDMC - CMO/input_PRNO050520189' is clicked on

2018-05-30 18:07:44 - [TEST_STEP][PASSED] - delay: Delayed 2 second(s)

2018-05-30 18:07:46 - [MESSAGE][PASSED] - Delayed 2 second(s)

2018-05-30 18:07:46 - [TEST_STEP][PASSED] - selectOptionByIndex: All options with index in [1] are selected on object 'Object Repository/Store Request Schedule 1/Page_KDMC - CMO/select_--Select--'

2018-05-30 18:07:46 - [MESSAGE][PASSED] - All options with index in [1] are selected on object 'Object Repository/Store Request Schedule 1/Page_KDMC - CMO/select_--Select--'

2018-05-30 18:07:46 - [TEST_STEP][PASSED] - click: Object: 'Object Repository/Store Request Schedule 1/Page_KDMC - CMO/input_btnupdate' is clicked on

2018-05-30 18:07:46 - [MESSAGE][PASSED] - Object: 'Object Repository/Store Request Schedule 1/Page_KDMC - CMO/input_btnupdate' is clicked on

2018-05-30 18:07:46 - [TEST_STEP][PASSED] - delay: Delayed 2 second(s)

2018-05-30 18:07:48 - [MESSAGE][PASSED] - Delayed 2 second(s)

2018-05-30 18:07:48 - [TEST_STEP][PASSED] - click: Object: 'Object Repository/Store Request Schedule 1/Page_KDMC - CMO/button_OK' is clicked on

2018-05-30 18:07:48 - [MESSAGE][PASSED] - Object: 'Object Repository/Store Request Schedule 1/Page_KDMC - CMO/button_OK' is clicked on

2018-05-30 18:07:48 - [TEST_STEP][PASSED] - delay: Delayed 2 second(s)

2018-05-30 18:07:50 - [MESSAGE][PASSED] - Delayed 2 second(s)

2018-05-30 18:07:50 - [TEST_STEP][PASSED] - click: Object: 'Object Repository/Store Request Schedule 1/Page_KDMC - CMO/a_dropdown-toggle' is clicked on

2018-05-30 18:07:50 - [MESSAGE][PASSED] - Object: 'Object Repository/Store Request Schedule 1/Page_KDMC - CMO/a_dropdown-toggle' is clicked on

2018-05-30 18:07:50 - [TEST_STEP][PASSED] - click: Object: 'Object Repository/Store Request Schedule 1/Page_KDMC - CMO/a_Sign out' is clicked on

2018-05-30 18:07:51 - [MESSAGE][PASSED] - Object: 'Object Repository/Store Request Schedule 1/Page_KDMC - CMO/a_Sign out' is clicked on

2018-05-30 18:07:51 - [TEST_STEP][PASSED] - delay: Delayed 3 second(s)

2018-05-30 18:07:54 - [MESSAGE][PASSED] - Delayed 3 second(s)

2018-05-30 18:07:54 - [TEST_STEP][PASSED] - click: Object: 'Object Repository/store Request Schedule 1/Page_KDMC/a_CMS' is clicked on

2018-05-30 18:07:54 - [MESSAGE][PASSED] - Object: 'Object Repository/store Request Schedule 1/Page_KDMC/a_CMS' is clicked on

2018-05-30 18:07:54 - [TEST_STEP][PASSED] - setText: Text 'bala' is set on object 'Object Repository/store Request Schedule 1/Page_CMS login/input_txtusername'

2018-05-30 18:07:54 - [MESSAGE][PASSED] - Text 'bala' is set on object 'Object Repository/store Request Schedule 1/Page_CMS login/input_txtusername'

2018-05-30 18:07:54 - [TEST_STEP][PASSED] - setText: Text '123' is set on object 'Object Repository/store Request Schedule 1/Page_CMS login/input_txtpassword'

2018-05-30 18:07:54 - [MESSAGE][PASSED] - Text '123' is set on object 'Object Repository/store Request Schedule 1/Page_CMS login/input_txtpassword'

2018-05-30 18:07:54 - [TEST_STEP][PASSED] - delay: Delayed 3 second(s)

2018-05-30 18:07:57 - [MESSAGE][PASSED] - Delayed 3 second(s)

2018-05-30 18:07:57 - [TEST_STEP][PASSED] - click: Object: 'Object Repository/store Request Schedule 1/Page_CMS login/button_Sign in' is clicked on

2018-05-30 18:07:58 - [MESSAGE][PASSED] - Object: 'Object Repository/store Request Schedule 1/Page_CMS login/button_Sign in' is clicked on

2018-05-30 18:07:58 - [TEST_STEP][PASSED] - delay: Delayed 2 second(s)

2018-05-30 18:08:00 - [MESSAGE][PASSED] - Delayed 2 second(s)

2018-05-30 18:08:00 - [TEST_STEP][PASSED] - click: Object: 'Object Repository/store Request Schedule 1/Page_KDMC - CMS/a_Divisional Store' is clicked on

2018-05-30 18:08:00 - [MESSAGE][PASSED] - Object: 'Object Repository/store Request Schedule 1/Page_KDMC - CMS/a_Divisional Store' is clicked on

2018-05-30 18:08:00 - [TEST_STEP][PASSED] - delay: Delayed 2 second(s)

2018-05-30 18:08:02 - [MESSAGE][PASSED] - Delayed 2 second(s)

2018-05-30 18:08:02 - [TEST_STEP][PASSED] - click: Object: 'Object Repository/store Request Schedule 1/Page_KDMC - CMS/a_Dispatch Items' is clicked on

2018-05-30 18:08:03 - [MESSAGE][PASSED] - Object: 'Object Repository/store Request Schedule 1/Page_KDMC - CMS/a_Dispatch Items' is clicked on

2018-05-30 18:08:03 - [TEST_STEP][PASSED] - setText: Text 'PRNO/30052018/482' is set on object 'Object Repository/store Request Schedule 1/Page_KDMC - CMS/input'

2018-05-30 18:08:03 - [MESSAGE][PASSED] - Text 'PRNO/30052018/482' is set on object 'Object Repository/store Request Schedule 1/Page_KDMC - CMS/input'

2018-05-30 18:08:03 - [TEST_STEP][PASSED] - click: Object: 'Object Repository/store Request Schedule 1/Page_KDMC - CMS/td_text-center' is clicked on

2018-05-30 18:08:04 - [MESSAGE][PASSED] - Object: 'Object Repository/store Request Schedule 1/Page_KDMC - CMS/td_text-center' is clicked on

2018-05-30 18:08:04 - [TEST_STEP][PASSED] - delay: Delayed 2 second(s)

2018-05-30 18:08:06 - [MESSAGE][PASSED] - Delayed 2 second(s)

2018-05-30 18:08:06 - [TEST_STEP][PASSED] - Statement - For ([row = 0, row < SelectedOptions - 1, (row++)]): null

2018-05-30 18:08:06 - [TEST_STEP][PASSED] - Statement - batchlength = new com.kms.katalon.core.testobject.TestObject(): null

2018-05-30 18:08:06 - [TEST_STEP][PASSED] - Statement - batchlength = com.kms.katalon.core.webui.keyword.WebUiBuiltInKeywords.modifyObjectProperty(batchlength, "xpath", "equals", "//*[@id = "fldvendor" + row + ""]", true): Modify property of object successfully

2018-05-30 18:08:06 - [MESSAGE][PASSED] - Modify property of object successfully

2018-05-30 18:08:06 - [TEST_STEP][PASSED] - Statement - batchsize = com.kms.katalon.core.webui.keyword.WebUiBuiltInKeywords.getNumberOfTotalOption(batchlength): 12 options of object '' counted

2018-05-30 18:08:06 - [MESSAGE][PASSED] - 12 options of object '' counted

2018-05-30 18:08:06 - [TEST_STEP][PASSED] - Statement - out.println("BatchSize : " + batchsize): null

2018-05-30 18:08:06 - [TEST_STEP][PASSED] - Statement - For ([n = 1, n <= batchsize - 1, (n++)]): null

2018-05-30 18:08:06 - [TEST_STEP][PASSED] - Statement - product = new com.kms.katalon.core.testobject.TestObject(): null

2018-05-30 18:08:06 - [TEST_STEP][PASSED] - Statement - product = com.kms.katalon.core.webui.keyword.WebUiBuiltInKeywords.modifyObjectProperty(product, "xpath", "equals", "//*[@id = "fldvendor" + row + ""]", true): Modify property of object successfully

2018-05-30 18:08:06 - [MESSAGE][PASSED] - Modify property of object successfully

2018-05-30 18:08:06 - [TEST_STEP][PASSED] - selectOptionByIndex: All options with index in [1] are selected on object ''

2018-05-30 18:08:06 - [MESSAGE][PASSED] - All options with index in [1] are selected on object ''

2018-05-30 18:08:06 - [TEST_STEP][PASSED] - delay: Delayed 2 second(s)

2018-05-30 18:08:08 - [MESSAGE][PASSED] - Delayed 2 second(s)

2018-05-30 18:08:08 - [TEST_STEP][PASSED] - Statement - batch = new com.kms.katalon.core.testobject.TestObject(): null

2018-05-30 18:08:08 - [TEST_STEP][PASSED] - Statement - batch = com.kms.katalon.core.webui.keyword.WebUiBuiltInKeywords.modifyObjectProperty(batch, "xpath", "equals", "//*[@id = "txtbthqty" + row + ""]", true): Modify property of object successfully

2018-05-30 18:08:08 - [MESSAGE][PASSED] - Modify property of object successfully

2018-05-30 18:08:08 - [TEST_STEP][PASSED] - Statement - batchqty = com.kms.katalon.core.webui.keyword.WebUiBuiltInKeywords.getAttribute(batch, "value").trim(): Attribute 'value' of object '' is: '27500'

2018-05-30 18:08:08 - [MESSAGE][PASSED] - Attribute 'value' of object '' is: '27500'

2018-05-30 18:08:08 - [TEST_STEP][PASSED] - Statement - Rqty = 100: null

2018-05-30 18:08:08 - [TEST_STEP][PASSED] - Statement - out.println("BatchQty : " + batchqty): null

2018-05-30 18:08:08 - [TEST_STEP][PASSED] - Statement - out.println("RQty : " + Rqty): null

2018-05-30 18:08:08 - [TEST_STEP][PASSED] - Statement - If (java.lang.Integer.valueOf(batchqty) >= java.lang.Integer.valueOf(Rqty)): null

2018-05-30 18:08:08 - [TEST_STEP][PASSED] - Statement - Break: null

2018-05-30 18:08:08 - [TEST_STEP][PASSED] - Statement - batchlength = new com.kms.katalon.core.testobject.TestObject(): null

2018-05-30 18:08:08 - [TEST_STEP][PASSED] - Statement - batchlength = com.kms.katalon.core.webui.keyword.WebUiBuiltInKeywords.modifyObjectProperty(batchlength, "xpath", "equals", "//*[@id = "fldvendor" + row + ""]", true): Modify property of object successfully

2018-05-30 18:08:08 - [MESSAGE][PASSED] - Modify property of object successfully

2018-05-30 18:08:08 - [TEST_STEP][PASSED] - Statement - batchsize = com.kms.katalon.core.webui.keyword.WebUiBuiltInKeywords.getNumberOfTotalOption(batchlength): 13 options of object '' counted

2018-05-30 18:08:08 - [MESSAGE][PASSED] - 13 options of object '' counted

2018-05-30 18:08:08 - [TEST_STEP][PASSED] - Statement - out.println("BatchSize : " + batchsize): null

2018-05-30 18:08:08 - [TEST_STEP][PASSED] - Statement - For ([n = 1, n <= batchsize - 1, (n++)]): null

2018-05-30 18:08:08 - [TEST_STEP][PASSED] - Statement - product = new com.kms.katalon.core.testobject.TestObject(): null

2018-05-30 18:08:08 - [TEST_STEP][PASSED] - Statement - product = com.kms.katalon.core.webui.keyword.WebUiBuiltInKeywords.modifyObjectProperty(product, "xpath", "equals", "//*[@id = "fldvendor" + row + ""]", true): Modify property of object successfully

2018-05-30 18:08:08 - [MESSAGE][PASSED] - Modify property of object successfully

2018-05-30 18:08:08 - [TEST_STEP][PASSED] - selectOptionByIndex: All options with index in [1] are selected on object ''

2018-05-30 18:08:08 - [MESSAGE][PASSED] - All options with index in [1] are selected on object ''

2018-05-30 18:08:08 - [TEST_STEP][PASSED] - delay: Delayed 2 second(s)

2018-05-30 18:08:10 - [MESSAGE][PASSED] - Delayed 2 second(s)

2018-05-30 18:08:10 - [TEST_STEP][PASSED] - Statement - batch = new com.kms.katalon.core.testobject.TestObject(): null

2018-05-30 18:08:10 - [TEST_STEP][PASSED] - Statement - batch = com.kms.katalon.core.webui.keyword.WebUiBuiltInKeywords.modifyObjectProperty(batch, "xpath", "equals", "//*[@id = "txtbthqty" + row + ""]", true): Modify property of object successfully

2018-05-30 18:08:10 - [MESSAGE][PASSED] - Modify property of object successfully

2018-05-30 18:08:10 - [TEST_STEP][PASSED] - Statement - batchqty = com.kms.katalon.core.webui.keyword.WebUiBuiltInKeywords.getAttribute(batch, "value").trim(): Attribute 'value' of object '' is: '3500'

2018-05-30 18:08:10 - [MESSAGE][PASSED] - Attribute 'value' of object '' is: '3500'

2018-05-30 18:08:10 - [TEST_STEP][PASSED] - Statement - Rqty = 100: null

2018-05-30 18:08:10 - [TEST_STEP][PASSED] - Statement - out.println("BatchQty : " + batchqty): null

2018-05-30 18:08:10 - [TEST_STEP][PASSED] - Statement - out.println("RQty : " + Rqty): null

2018-05-30 18:08:10 - [TEST_STEP][PASSED] - Statement - If (java.lang.Integer.valueOf(batchqty) >= java.lang.Integer.valueOf(Rqty)): null

2018-05-30 18:08:10 - [TEST_STEP][PASSED] - Statement - Break: null

2018-05-30 18:08:10 - [TEST_STEP][PASSED] - Statement - batchlength = new com.kms.katalon.core.testobject.TestObject(): null

2018-05-30 18:08:10 - [TEST_STEP][PASSED] - Statement - batchlength = com.kms.katalon.core.webui.keyword.WebUiBuiltInKeywords.modifyObjectProperty(batchlength, "xpath", "equals", "//*[@id = "fldvendor" + row + ""]", true): Modify property of object successfully

2018-05-30 18:08:10 - [MESSAGE][PASSED] - Modify property of object successfully

2018-05-30 18:08:10 - [TEST_STEP][PASSED] - Statement - batchsize = com.kms.katalon.core.webui.keyword.WebUiBuiltInKeywords.getNumberOfTotalOption(batchlength): 13 options of object '' counted

2018-05-30 18:08:10 - [MESSAGE][PASSED] - 13 options of object '' counted

2018-05-30 18:08:10 - [TEST_STEP][PASSED] - Statement - out.println("BatchSize : " + batchsize): null

2018-05-30 18:08:10 - [TEST_STEP][PASSED] - Statement - For ([n = 1, n <= batchsize - 1, (n++)]): null

2018-05-30 18:08:10 - [TEST_STEP][PASSED] - Statement - product = new com.kms.katalon.core.testobject.TestObject(): null

2018-05-30 18:08:10 - [TEST_STEP][PASSED] - Statement - product = com.kms.katalon.core.webui.keyword.WebUiBuiltInKeywords.modifyObjectProperty(product, "xpath", "equals", "//*[@id = "fldvendor" + row + ""]", true): Modify property of object successfully

2018-05-30 18:08:10 - [MESSAGE][PASSED] - Modify property of object successfully

2018-05-30 18:08:10 - [TEST_STEP][PASSED] - selectOptionByIndex: All options with index in [1] are selected on object ''

2018-05-30 18:08:10 - [MESSAGE][PASSED] - All options with index in [1] are selected on object ''

2018-05-30 18:08:10 - [TEST_STEP][PASSED] - delay: Delayed 2 second(s)

2018-05-30 18:08:12 - [MESSAGE][PASSED] - Delayed 2 second(s)

2018-05-30 18:08:12 - [TEST_STEP][PASSED] - Statement - batch = new com.kms.katalon.core.testobject.TestObject(): null

2018-05-30 18:08:12 - [TEST_STEP][PASSED] - Statement - batch = com.kms.katalon.core.webui.keyword.WebUiBuiltInKeywords.modifyObjectProperty(batch, "xpath", "equals", "//*[@id = "txtbthqty" + row + ""]", true): Modify property of object successfully

2018-05-30 18:08:12 - [MESSAGE][PASSED] - Modify property of object successfully

2018-05-30 18:08:12 - [TEST_STEP][PASSED] - Statement - batchqty = com.kms.katalon.core.webui.keyword.WebUiBuiltInKeywords.getAttribute(batch, "value").trim(): Attribute 'value' of object '' is: '2500'

2018-05-30 18:08:12 - [MESSAGE][PASSED] - Attribute 'value' of object '' is: '2500'

2018-05-30 18:08:12 - [TEST_STEP][PASSED] - Statement - Rqty = 100: null

2018-05-30 18:08:12 - [TEST_STEP][PASSED] - Statement - out.println("BatchQty : " + batchqty): null

2018-05-30 18:08:12 - [TEST_STEP][PASSED] - Statement - out.println("RQty : " + Rqty): null

2018-05-30 18:08:12 - [TEST_STEP][PASSED] - Statement - If (java.lang.Integer.valueOf(batchqty) >= java.lang.Integer.valueOf(Rqty)): null

2018-05-30 18:08:12 - [TEST_STEP][PASSED] - Statement - Break: null

2018-05-30 18:08:12 - [TEST_STEP][PASSED] - Statement - batchlength = new com.kms.katalon.core.testobject.TestObject(): null

2018-05-30 18:08:12 - [TEST_STEP][PASSED] - Statement - batchlength = com.kms.katalon.core.webui.keyword.WebUiBuiltInKeywords.modifyObjectProperty(batchlength, "xpath", "equals", "//*[@id = "fldvendor" + row + ""]", true): Modify property of object successfully

2018-05-30 18:08:12 - [MESSAGE][PASSED] - Modify property of object successfully

2018-05-30 18:08:12 - [TEST_STEP][PASSED] - Statement - batchsize = com.kms.katalon.core.webui.keyword.WebUiBuiltInKeywords.getNumberOfTotalOption(batchlength): 13 options of object '' counted

2018-05-30 18:08:12 - [MESSAGE][PASSED] - 13 options of object '' counted

2018-05-30 18:08:12 - [TEST_STEP][PASSED] - Statement - out.println("BatchSize : " + batchsize): null

2018-05-30 18:08:12 - [TEST_STEP][PASSED] - Statement - For ([n = 1, n <= batchsize - 1, (n++)]): null

2018-05-30 18:08:12 - [TEST_STEP][PASSED] - Statement - product = new com.kms.katalon.core.testobject.TestObject(): null

2018-05-30 18:08:12 - [TEST_STEP][PASSED] - Statement - product = com.kms.katalon.core.webui.keyword.WebUiBuiltInKeywords.modifyObjectProperty(product, "xpath", "equals", "//*[@id = "fldvendor" + row + ""]", true): Modify property of object successfully

2018-05-30 18:08:12 - [MESSAGE][PASSED] - Modify property of object successfully

2018-05-30 18:08:12 - [TEST_STEP][PASSED] - selectOptionByIndex: All options with index in [1] are selected on object ''

2018-05-30 18:08:12 - [MESSAGE][PASSED] - All options with index in [1] are selected on object ''

2018-05-30 18:08:12 - [TEST_STEP][PASSED] - delay: Delayed 2 second(s)

2018-05-30 18:08:14 - [MESSAGE][PASSED] - Delayed 2 second(s)

2018-05-30 18:08:14 - [TEST_STEP][PASSED] - Statement - batch = new com.kms.katalon.core.testobject.TestObject(): null

2018-05-30 18:08:14 - [TEST_STEP][PASSED] - Statement - batch = com.kms.katalon.core.webui.keyword.WebUiBuiltInKeywords.modifyObjectProperty(batch, "xpath", "equals", "//*[@id = "txtbthqty" + row + ""]", true): Modify property of object successfully

2018-05-30 18:08:14 - [MESSAGE][PASSED] - Modify property of object successfully

2018-05-30 18:08:14 - [TEST_STEP][PASSED] - Statement - batchqty = com.kms.katalon.core.webui.keyword.WebUiBuiltInKeywords.getAttribute(batch, "value").trim(): Attribute 'value' of object '' is: '3500'

2018-05-30 18:08:14 - [MESSAGE][PASSED] - Attribute 'value' of object '' is: '3500'

2018-05-30 18:08:14 - [TEST_STEP][PASSED] - Statement - Rqty = 100: null

2018-05-30 18:08:14 - [TEST_STEP][PASSED] - Statement - out.println("BatchQty : " + batchqty): null

2018-05-30 18:08:14 - [TEST_STEP][PASSED] - Statement - out.println("RQty : " + Rqty): null

2018-05-30 18:08:14 - [TEST_STEP][PASSED] - Statement - If (java.lang.Integer.valueOf(batchqty) >= java.lang.Integer.valueOf(Rqty)): null

2018-05-30 18:08:14 - [TEST_STEP][PASSED] - Statement - Break: null

2018-05-30 18:08:14 - [TEST_STEP][PASSED] - Statement - batchlength = new com.kms.katalon.core.testobject.TestObject(): null

2018-05-30 18:08:14 - [TEST_STEP][PASSED] - Statement - batchlength = com.kms.katalon.core.webui.keyword.WebUiBuiltInKeywords.modifyObjectProperty(batchlength, "xpath", "equals", "//*[@id = "fldvendor" + row + ""]", true): Modify property of object successfully

2018-05-30 18:08:14 - [MESSAGE][PASSED] - Modify property of object successfully

2018-05-30 18:08:14 - [TEST_STEP][PASSED] - Statement - batchsize = com.kms.katalon.core.webui.keyword.WebUiBuiltInKeywords.getNumberOfTotalOption(batchlength): 13 options of object '' counted

2018-05-30 18:08:15 - [MESSAGE][PASSED] - 13 options of object '' counted

2018-05-30 18:08:15 - [TEST_STEP][PASSED] - Statement - out.println("BatchSize : " + batchsize): null

2018-05-30 18:08:15 - [TEST_STEP][PASSED] - Statement - For ([n = 1, n <= batchsize - 1, (n++)]): null

2018-05-30 18:08:15 - [TEST_STEP][PASSED] - Statement - product = new com.kms.katalon.core.testobject.TestObject(): null

2018-05-30 18:08:15 - [TEST_STEP][PASSED] - Statement - product = com.kms.katalon.core.webui.keyword.WebUiBuiltInKeywords.modifyObjectProperty(product, "xpath", "equals", "//*[@id = "fldvendor" + row + ""]", true): Modify property of object successfully

2018-05-30 18:08:15 - [MESSAGE][PASSED] - Modify property of object successfully

2018-05-30 18:08:15 - [TEST_STEP][PASSED] - selectOptionByIndex: All options with index in [1] are selected on object ''

2018-05-30 18:08:15 - [MESSAGE][PASSED] - All options with index in [1] are selected on object ''

2018-05-30 18:08:15 - [TEST_STEP][PASSED] - delay: Delayed 2 second(s)

2018-05-30 18:08:17 - [MESSAGE][PASSED] - Delayed 2 second(s)

2018-05-30 18:08:17 - [TEST_STEP][PASSED] - Statement - batch = new com.kms.katalon.core.testobject.TestObject(): null

2018-05-30 18:08:17 - [TEST_STEP][PASSED] - Statement - batch = com.kms.katalon.core.webui.keyword.WebUiBuiltInKeywords.modifyObjectProperty(batch, "xpath", "equals", "//*[@id = "txtbthqty" + row + ""]", true): Modify property of object successfully

2018-05-30 18:08:17 - [MESSAGE][PASSED] - Modify property of object successfully

2018-05-30 18:08:17 - [TEST_STEP][PASSED] - Statement - batchqty = com.kms.katalon.core.webui.keyword.WebUiBuiltInKeywords.getAttribute(batch, "value").trim(): Attribute 'value' of object '' is: '3500'

2018-05-30 18:08:17 - [MESSAGE][PASSED] - Attribute 'value' of object '' is: '3500'

2018-05-30 18:08:17 - [TEST_STEP][PASSED] - Statement - Rqty = 100: null

2018-05-30 18:08:17 - [TEST_STEP][PASSED] - Statement - out.println("BatchQty : " + batchqty): null

2018-05-30 18:08:17 - [TEST_STEP][PASSED] - Statement - out.println("RQty : " + Rqty): null

2018-05-30 18:08:17 - [TEST_STEP][PASSED] - Statement - If (java.lang.Integer.valueOf(batchqty) >= java.lang.Integer.valueOf(Rqty)): null

2018-05-30 18:08:17 - [TEST_STEP][PASSED] - Statement - Break: null

2018-05-30 18:08:17 - [TEST_STEP][PASSED] - Statement - batchlength = new com.kms.katalon.core.testobject.TestObject(): null

2018-05-30 18:08:17 - [TEST_STEP][PASSED] - Statement - batchlength = com.kms.katalon.core.webui.keyword.WebUiBuiltInKeywords.modifyObjectProperty(batchlength, "xpath", "equals", "//*[@id = "fldvendor" + row + ""]", true): Modify property of object successfully

2018-05-30 18:08:17 - [MESSAGE][PASSED] - Modify property of object successfully

2018-05-30 18:08:17 - [TEST_STEP][PASSED] - Statement - batchsize = com.kms.katalon.core.webui.keyword.WebUiBuiltInKeywords.getNumberOfTotalOption(batchlength): 13 options of object '' counted

2018-05-30 18:08:17 - [MESSAGE][PASSED] - 13 options of object '' counted

2018-05-30 18:08:17 - [TEST_STEP][PASSED] - Statement - out.println("BatchSize : " + batchsize): null

2018-05-30 18:08:17 - [TEST_STEP][PASSED] - Statement - For ([n = 1, n <= batchsize - 1, (n++)]): null

2018-05-30 18:08:17 - [TEST_STEP][PASSED] - Statement - product = new com.kms.katalon.core.testobject.TestObject(): null

2018-05-30 18:08:17 - [TEST_STEP][PASSED] - Statement - product = com.kms.katalon.core.webui.keyword.WebUiBuiltInKeywords.modifyObjectProperty(product, "xpath", "equals", "//*[@id = "fldvendor" + row + ""]", true): Modify property of object successfully

2018-05-30 18:08:17 - [MESSAGE][PASSED] - Modify property of object successfully

2018-05-30 18:08:17 - [TEST_STEP][PASSED] - selectOptionByIndex: All options with index in [1] are selected on object ''

2018-05-30 18:08:17 - [MESSAGE][PASSED] - All options with index in [1] are selected on object ''

2018-05-30 18:08:17 - [TEST_STEP][PASSED] - delay: Delayed 2 second(s)

2018-05-30 18:08:19 - [MESSAGE][PASSED] - Delayed 2 second(s)

2018-05-30 18:08:19 - [TEST_STEP][PASSED] - Statement - batch = new com.kms.katalon.core.testobject.TestObject(): null

2018-05-30 18:08:19 - [TEST_STEP][PASSED] - Statement - batch = com.kms.katalon.core.webui.keyword.WebUiBuiltInKeywords.modifyObjectProperty(batch, "xpath", "equals", "//*[@id = "txtbthqty" + row + ""]", true): Modify property of object successfully

2018-05-30 18:08:19 - [MESSAGE][PASSED] - Modify property of object successfully

2018-05-30 18:08:19 - [TEST_STEP][PASSED] - Statement - batchqty = com.kms.katalon.core.webui.keyword.WebUiBuiltInKeywords.getAttribute(batch, "value").trim(): Attribute 'value' of object '' is: '3500'

2018-05-30 18:08:19 - [MESSAGE][PASSED] - Attribute 'value' of object '' is: '3500'

2018-05-30 18:08:19 - [TEST_STEP][PASSED] - Statement - Rqty = 100: null

2018-05-30 18:08:19 - [TEST_STEP][PASSED] - Statement - out.println("BatchQty : " + batchqty): null

2018-05-30 18:08:19 - [TEST_STEP][PASSED] - Statement - out.println("RQty : " + Rqty): null

2018-05-30 18:08:19 - [TEST_STEP][PASSED] - Statement - If (java.lang.Integer.valueOf(batchqty) >= java.lang.Integer.valueOf(Rqty)): null

2018-05-30 18:08:19 - [TEST_STEP][PASSED] - Statement - Break: null

2018-05-30 18:08:19 - [TEST_STEP][PASSED] - Statement - batchlength = new com.kms.katalon.core.testobject.TestObject(): null

2018-05-30 18:08:19 - [TEST_STEP][PASSED] - Statement - batchlength = com.kms.katalon.core.webui.keyword.WebUiBuiltInKeywords.modifyObjectProperty(batchlength, "xpath", "equals", "//*[@id = "fldvendor" + row + ""]", true): Modify property of object successfully

2018-05-30 18:08:19 - [MESSAGE][PASSED] - Modify property of object successfully

2018-05-30 18:08:19 - [TEST_STEP][PASSED] - Statement - batchsize = com.kms.katalon.core.webui.keyword.WebUiBuiltInKeywords.getNumberOfTotalOption(batchlength): 13 options of object '' counted

2018-05-30 18:08:19 - [MESSAGE][PASSED] - 13 options of object '' counted

2018-05-30 18:08:19 - [TEST_STEP][PASSED] - Statement - out.println("BatchSize : " + batchsize): null

2018-05-30 18:08:19 - [TEST_STEP][PASSED] - Statement - For ([n = 1, n <= batchsize - 1, (n++)]): null

2018-05-30 18:08:19 - [TEST_STEP][PASSED] - Statement - product = new com.kms.katalon.core.testobject.TestObject(): null

2018-05-30 18:08:19 - [TEST_STEP][PASSED] - Statement - product = com.kms.katalon.core.webui.keyword.WebUiBuiltInKeywords.modifyObjectProperty(product, "xpath", "equals", "//*[@id = "fldvendor" + row + ""]", true): Modify property of object successfully

2018-05-30 18:08:19 - [MESSAGE][PASSED] - Modify property of object successfully

2018-05-30 18:08:19 - [TEST_STEP][PASSED] - selectOptionByIndex: All options with index in [1] are selected on object ''

2018-05-30 18:08:19 - [MESSAGE][PASSED] - All options with index in [1] are selected on object ''

2018-05-30 18:08:19 - [TEST_STEP][PASSED] - delay: Delayed 2 second(s)

2018-05-30 18:08:21 - [MESSAGE][PASSED] - Delayed 2 second(s)

2018-05-30 18:08:21 - [TEST_STEP][PASSED] - Statement - batch = new com.kms.katalon.core.testobject.TestObject(): null

2018-05-30 18:08:21 - [TEST_STEP][PASSED] - Statement - batch = com.kms.katalon.core.webui.keyword.WebUiBuiltInKeywords.modifyObjectProperty(batch, "xpath", "equals", "//*[@id = "txtbthqty" + row + ""]", true): Modify property of object successfully

2018-05-30 18:08:21 - [MESSAGE][PASSED] - Modify property of object successfully

2018-05-30 18:08:21 - [TEST_STEP][PASSED] - Statement - batchqty = com.kms.katalon.core.webui.keyword.WebUiBuiltInKeywords.getAttribute(batch, "value").trim(): Attribute 'value' of object '' is: '27400'

2018-05-30 18:08:21 - [MESSAGE][PASSED] - Attribute 'value' of object '' is: '27400'

2018-05-30 18:08:21 - [TEST_STEP][PASSED] - Statement - Rqty = 100: null

2018-05-30 18:08:21 - [TEST_STEP][PASSED] - Statement - out.println("BatchQty : " + batchqty): null

2018-05-30 18:08:21 - [TEST_STEP][PASSED] - Statement - out.println("RQty : " + Rqty): null

2018-05-30 18:08:21 - [TEST_STEP][PASSED] - Statement - If (java.lang.Integer.valueOf(batchqty) >= java.lang.Integer.valueOf(Rqty)): null

2018-05-30 18:08:21 - [TEST_STEP][PASSED] - Statement - Break: null

2018-05-30 18:08:21 - [TEST_STEP][PASSED] - Statement - batchlength = new com.kms.katalon.core.testobject.TestObject(): null

2018-05-30 18:08:21 - [TEST_STEP][PASSED] - Statement - batchlength = com.kms.katalon.core.webui.keyword.WebUiBuiltInKeywords.modifyObjectProperty(batchlength, "xpath", "equals", "//*[@id = "fldvendor" + row + ""]", true): Modify property of object successfully

2018-05-30 18:08:21 - [MESSAGE][PASSED] - Modify property of object successfully

2018-05-30 18:08:21 - [TEST_STEP][PASSED] - Statement - batchsize = com.kms.katalon.core.webui.keyword.WebUiBuiltInKeywords.getNumberOfTotalOption(batchlength): 13 options of object '' counted

2018-05-30 18:08:21 - [MESSAGE][PASSED] - 13 options of object '' counted

2018-05-30 18:08:21 - [TEST_STEP][PASSED] - Statement - out.println("BatchSize : " + batchsize): null

2018-05-30 18:08:21 - [TEST_STEP][PASSED] - Statement - For ([n = 1, n <= batchsize - 1, (n++)]): null

2018-05-30 18:08:21 - [TEST_STEP][PASSED] - Statement - product = new com.kms.katalon.core.testobject.TestObject(): null

2018-05-30 18:08:21 - [TEST_STEP][PASSED] - Statement - product = com.kms.katalon.core.webui.keyword.WebUiBuiltInKeywords.modifyObjectProperty(product, "xpath", "equals", "//*[@id = "fldvendor" + row + ""]", true): Modify property of object successfully

2018-05-30 18:08:21 - [MESSAGE][PASSED] - Modify property of object successfully

2018-05-30 18:08:21 - [TEST_STEP][PASSED] - selectOptionByIndex: All options with index in [1] are selected on object ''

2018-05-30 18:08:21 - [MESSAGE][PASSED] - All options with index in [1] are selected on object ''

2018-05-30 18:08:21 - [TEST_STEP][PASSED] - delay: Delayed 2 second(s)

2018-05-30 18:08:23 - [MESSAGE][PASSED] - Delayed 2 second(s)

2018-05-30 18:08:23 - [TEST_STEP][PASSED] - Statement - batch = new com.kms.katalon.core.testobject.TestObject(): null

2018-05-30 18:08:23 - [TEST_STEP][PASSED] - Statement - batch = com.kms.katalon.core.webui.keyword.WebUiBuiltInKeywords.modifyObjectProperty(batch, "xpath", "equals", "//*[@id = "txtbthqty" + row + ""]", true): Modify property of object successfully

2018-05-30 18:08:23 - [MESSAGE][PASSED] - Modify property of object successfully

2018-05-30 18:08:23 - [TEST_STEP][PASSED] - Statement - batchqty = com.kms.katalon.core.webui.keyword.WebUiBuiltInKeywords.getAttribute(batch, "value").trim(): Attribute 'value' of object '' is: '2500'

2018-05-30 18:08:23 - [MESSAGE][PASSED] - Attribute 'value' of object '' is: '2500'

2018-05-30 18:08:23 - [TEST_STEP][PASSED] - Statement - Rqty = 100: null

2018-05-30 18:08:23 - [TEST_STEP][PASSED] - Statement - out.println("BatchQty : " + batchqty): null

2018-05-30 18:08:23 - [TEST_STEP][PASSED] - Statement - out.println("RQty : " + Rqty): null

2018-05-30 18:08:23 - [TEST_STEP][PASSED] - Statement - If (java.lang.Integer.valueOf(batchqty) >= java.lang.Integer.valueOf(Rqty)): null

2018-05-30 18:08:23 - [TEST_STEP][PASSED] - Statement - Break: null

2018-05-30 18:08:23 - [TEST_STEP][PASSED] - Statement - batchlength = new com.kms.katalon.core.testobject.TestObject(): null

2018-05-30 18:08:23 - [TEST_STEP][PASSED] - Statement - batchlength = com.kms.katalon.core.webui.keyword.WebUiBuiltInKeywords.modifyObjectProperty(batchlength, "xpath", "equals", "//*[@id = "fldvendor" + row + ""]", true): Modify property of object successfully

2018-05-30 18:08:23 - [MESSAGE][PASSED] - Modify property of object successfully

2018-05-30 18:08:23 - [TEST_STEP][PASSED] - Statement - batchsize = com.kms.katalon.core.webui.keyword.WebUiBuiltInKeywords.getNumberOfTotalOption(batchlength): 13 options of object '' counted

2018-05-30 18:08:24 - [MESSAGE][PASSED] - 13 options of object '' counted

2018-05-30 18:08:24 - [TEST_STEP][PASSED] - Statement - out.println("BatchSize : " + batchsize): null

2018-05-30 18:08:24 - [TEST_STEP][PASSED] - Statement - For ([n = 1, n <= batchsize - 1, (n++)]): null

2018-05-30 18:08:24 - [TEST_STEP][PASSED] - Statement - product = new com.kms.katalon.core.testobject.TestObject(): null

2018-05-30 18:08:24 - [TEST_STEP][PASSED] - Statement - product = com.kms.katalon.core.webui.keyword.WebUiBuiltInKeywords.modifyObjectProperty(product, "xpath", "equals", "//*[@id = "fldvendor" + row + ""]", true): Modify property of object successfully

2018-05-30 18:08:24 - [MESSAGE][PASSED] - Modify property of object successfully

2018-05-30 18:08:24 - [TEST_STEP][PASSED] - selectOptionByIndex: All options with index in [1] are selected on object ''

2018-05-30 18:08:24 - [MESSAGE][PASSED] - All options with index in [1] are selected on object ''

2018-05-30 18:08:24 - [TEST_STEP][PASSED] - delay: Delayed 2 second(s)

2018-05-30 18:08:26 - [MESSAGE][PASSED] - Delayed 2 second(s)

2018-05-30 18:08:26 - [TEST_STEP][PASSED] - Statement - batch = new com.kms.katalon.core.testobject.TestObject(): null

2018-05-30 18:08:26 - [TEST_STEP][PASSED] - Statement - batch = com.kms.katalon.core.webui.keyword.WebUiBuiltInKeywords.modifyObjectProperty(batch, "xpath", "equals", "//*[@id = "txtbthqty" + row + ""]", true): Modify property of object successfully

2018-05-30 18:08:26 - [MESSAGE][PASSED] - Modify property of object successfully

2018-05-30 18:08:26 - [TEST_STEP][PASSED] - Statement - batchqty = com.kms.katalon.core.webui.keyword.WebUiBuiltInKeywords.getAttribute(batch, "value").trim(): Attribute 'value' of object '' is: '3500'

2018-05-30 18:08:26 - [MESSAGE][PASSED] - Attribute 'value' of object '' is: '3500'

2018-05-30 18:08:26 - [TEST_STEP][PASSED] - Statement - Rqty = 100: null

2018-05-30 18:08:26 - [TEST_STEP][PASSED] - Statement - out.println("BatchQty : " + batchqty): null

2018-05-30 18:08:26 - [TEST_STEP][PASSED] - Statement - out.println("RQty : " + Rqty): null

2018-05-30 18:08:26 - [TEST_STEP][PASSED] - Statement - If (java.lang.Integer.valueOf(batchqty) >= java.lang.Integer.valueOf(Rqty)): null

2018-05-30 18:08:26 - [TEST_STEP][PASSED] - Statement - Break: null

2018-05-30 18:08:26 - [TEST_STEP][PASSED] - Statement - batchlength = new com.kms.katalon.core.testobject.TestObject(): null

2018-05-30 18:08:26 - [TEST_STEP][PASSED] - Statement - batchlength = com.kms.katalon.core.webui.keyword.WebUiBuiltInKeywords.modifyObjectProperty(batchlength, "xpath", "equals", "//*[@id = "fldvendor" + row + ""]", true): Modify property of object successfully

2018-05-30 18:08:26 - [MESSAGE][PASSED] - Modify property of object successfully

2018-05-30 18:08:26 - [TEST_STEP][PASSED] - Statement - batchsize = com.kms.katalon.core.webui.keyword.WebUiBuiltInKeywords.getNumberOfTotalOption(batchlength): 13 options of object '' counted

2018-05-30 18:08:26 - [MESSAGE][PASSED] - 13 options of object '' counted

2018-05-30 18:08:26 - [TEST_STEP][PASSED] - Statement - out.println("BatchSize : " + batchsize): null

2018-05-30 18:08:26 - [TEST_STEP][PASSED] - Statement - For ([n = 1, n <= batchsize - 1, (n++)]): null

2018-05-30 18:08:26 - [TEST_STEP][PASSED] - Statement - product = new com.kms.katalon.core.testobject.TestObject(): null

2018-05-30 18:08:26 - [TEST_STEP][PASSED] - Statement - product = com.kms.katalon.core.webui.keyword.WebUiBuiltInKeywords.modifyObjectProperty(product, "xpath", "equals", "//*[@id = "fldvendor" + row + ""]", true): Modify property of object successfully

2018-05-30 18:08:26 - [MESSAGE][PASSED] - Modify property of object successfully

2018-05-30 18:08:26 - [TEST_STEP][PASSED] - selectOptionByIndex: All options with index in [1] are selected on object ''

2018-05-30 18:08:26 - [MESSAGE][PASSED] - All options with index in [1] are selected on object ''

2018-05-30 18:08:26 - [TEST_STEP][PASSED] - delay: Delayed 2 second(s)

2018-05-30 18:08:28 - [MESSAGE][PASSED] - Delayed 2 second(s)

2018-05-30 18:08:28 - [TEST_STEP][PASSED] - Statement - batch = new com.kms.katalon.core.testobject.TestObject(): null

2018-05-30 18:08:28 - [TEST_STEP][PASSED] - Statement - batch = com.kms.katalon.core.webui.keyword.WebUiBuiltInKeywords.modifyObjectProperty(batch, "xpath", "equals", "//*[@id = "txtbthqty" + row + ""]", true): Modify property of object successfully

2018-05-30 18:08:28 - [MESSAGE][PASSED] - Modify property of object successfully

2018-05-30 18:08:28 - [TEST_STEP][PASSED] - Statement - batchqty = com.kms.katalon.core.webui.keyword.WebUiBuiltInKeywords.getAttribute(batch, "value").trim(): Attribute 'value' of object '' is: '5000'

2018-05-30 18:08:28 - [MESSAGE][PASSED] - Attribute 'value' of object '' is: '5000'

2018-05-30 18:08:28 - [TEST_STEP][PASSED] - Statement - Rqty = 100: null

2018-05-30 18:08:28 - [TEST_STEP][PASSED] - Statement - out.println("BatchQty : " + batchqty): null

2018-05-30 18:08:28 - [TEST_STEP][PASSED] - Statement - out.println("RQty : " + Rqty): null

2018-05-30 18:08:28 - [TEST_STEP][PASSED] - Statement - If (java.lang.Integer.valueOf(batchqty) >= java.lang.Integer.valueOf(Rqty)): null

2018-05-30 18:08:28 - [TEST_STEP][PASSED] - Statement - Break: null

2018-05-30 18:08:28 - [TEST_STEP][PASSED] - Statement - batchlength = new com.kms.katalon.core.testobject.TestObject(): null

2018-05-30 18:08:28 - [TEST_STEP][PASSED] - Statement - batchlength = com.kms.katalon.core.webui.keyword.WebUiBuiltInKeywords.modifyObjectProperty(batchlength, "xpath", "equals", "//*[@id = "fldvendor" + row + ""]", true): Modify property of object successfully

2018-05-30 18:08:28 - [MESSAGE][PASSED] - Modify property of object successfully

2018-05-30 18:08:28 - [TEST_STEP][PASSED] - Statement - batchsize = com.kms.katalon.core.webui.keyword.WebUiBuiltInKeywords.getNumberOfTotalOption(batchlength): 13 options of object '' counted

2018-05-30 18:08:28 - [MESSAGE][PASSED] - 13 options of object '' counted

2018-05-30 18:08:28 - [TEST_STEP][PASSED] - Statement - out.println("BatchSize : " + batchsize): null

2018-05-30 18:08:28 - [TEST_STEP][PASSED] - Statement - For ([n = 1, n <= batchsize - 1, (n++)]): null

2018-05-30 18:08:28 - [TEST_STEP][PASSED] - Statement - product = new com.kms.katalon.core.testobject.TestObject(): null

2018-05-30 18:08:28 - [TEST_STEP][PASSED] - Statement - product = com.kms.katalon.core.webui.keyword.WebUiBuiltInKeywords.modifyObjectProperty(product, "xpath", "equals", "//*[@id = "fldvendor" + row + ""]", true): Modify property of object successfully

2018-05-30 18:08:28 - [MESSAGE][PASSED] - Modify property of object successfully

2018-05-30 18:08:28 - [TEST_STEP][PASSED] - selectOptionByIndex: All options with index in [1] are selected on object ''

2018-05-30 18:08:28 - [MESSAGE][PASSED] - All options with index in [1] are selected on object ''

2018-05-30 18:08:28 - [TEST_STEP][PASSED] - delay: Delayed 2 second(s)

2018-05-30 18:08:30 - [MESSAGE][PASSED] - Delayed 2 second(s)

2018-05-30 18:08:30 - [TEST_STEP][PASSED] - Statement - batch = new com.kms.katalon.core.testobject.TestObject(): null

2018-05-30 18:08:30 - [TEST_STEP][PASSED] - Statement - batch = com.kms.katalon.core.webui.keyword.WebUiBuiltInKeywords.modifyObjectProperty(batch, "xpath", "equals", "//*[@id = "txtbthqty" + row + ""]", true): Modify property of object successfully

2018-05-30 18:08:30 - [MESSAGE][PASSED] - Modify property of object successfully

2018-05-30 18:08:30 - [TEST_STEP][PASSED] - Statement - batchqty = com.kms.katalon.core.webui.keyword.WebUiBuiltInKeywords.getAttribute(batch, "value").trim(): Attribute 'value' of object '' is: '3500'

2018-05-30 18:08:30 - [MESSAGE][PASSED] - Attribute 'value' of object '' is: '3500'

2018-05-30 18:08:30 - [TEST_STEP][PASSED] - Statement - Rqty = 100: null

2018-05-30 18:08:30 - [TEST_STEP][PASSED] - Statement - out.println("BatchQty : " + batchqty): null

2018-05-30 18:08:30 - [TEST_STEP][PASSED] - Statement - out.println("RQty : " + Rqty): null

2018-05-30 18:08:30 - [TEST_STEP][PASSED] - Statement - If (java.lang.Integer.valueOf(batchqty) >= java.lang.Integer.valueOf(Rqty)): null

2018-05-30 18:08:30 - [TEST_STEP][PASSED] - Statement - Break: null

2018-05-30 18:08:30 - [TEST_STEP][PASSED] - Statement - batchlength = new com.kms.katalon.core.testobject.TestObject(): null

2018-05-30 18:08:30 - [TEST_STEP][PASSED] - Statement - batchlength = com.kms.katalon.core.webui.keyword.WebUiBuiltInKeywords.modifyObjectProperty(batchlength, "xpath", "equals", "//*[@id = "fldvendor" + row + ""]", true): Modify property of object successfully

2018-05-30 18:08:30 - [MESSAGE][PASSED] - Modify property of object successfully

2018-05-30 18:08:30 - [TEST_STEP][PASSED] - Statement - batchsize = com.kms.katalon.core.webui.keyword.WebUiBuiltInKeywords.getNumberOfTotalOption(batchlength): 13 options of object '' counted

2018-05-30 18:08:30 - [MESSAGE][PASSED] - 13 options of object '' counted

2018-05-30 18:08:30 - [TEST_STEP][PASSED] - Statement - out.println("BatchSize : " + batchsize): null

2018-05-30 18:08:30 - [TEST_STEP][PASSED] - Statement - For ([n = 1, n <= batchsize - 1, (n++)]): null

2018-05-30 18:08:30 - [TEST_STEP][PASSED] - Statement - product = new com.kms.katalon.core.testobject.TestObject(): null

2018-05-30 18:08:30 - [TEST_STEP][PASSED] - Statement - product = com.kms.katalon.core.webui.keyword.WebUiBuiltInKeywords.modifyObjectProperty(product, "xpath", "equals", "//*[@id = "fldvendor" + row + ""]", true): Modify property of object successfully

2018-05-30 18:08:30 - [MESSAGE][PASSED] - Modify property of object successfully

2018-05-30 18:08:30 - [TEST_STEP][PASSED] - selectOptionByIndex: All options with index in [1] are selected on object ''

2018-05-30 18:08:30 - [MESSAGE][PASSED] - All options with index in [1] are selected on object ''

2018-05-30 18:08:30 - [TEST_STEP][PASSED] - delay: Delayed 2 second(s)

2018-05-30 18:08:32 - [MESSAGE][PASSED] - Delayed 2 second(s)

2018-05-30 18:08:32 - [TEST_STEP][PASSED] - Statement - batch = new com.kms.katalon.core.testobject.TestObject(): null

2018-05-30 18:08:32 - [TEST_STEP][PASSED] - Statement - batch = com.kms.katalon.core.webui.keyword.WebUiBuiltInKeywords.modifyObjectProperty(batch, "xpath", "equals", "//*[@id = "txtbthqty" + row + ""]", true): Modify property of object successfully

2018-05-30 18:08:32 - [MESSAGE][PASSED] - Modify property of object successfully

2018-05-30 18:08:32 - [TEST_STEP][PASSED] - Statement - batchqty = com.kms.katalon.core.webui.keyword.WebUiBuiltInKeywords.getAttribute(batch, "value").trim(): Attribute 'value' of object '' is: '27400'

2018-05-30 18:08:32 - [MESSAGE][PASSED] - Attribute 'value' of object '' is: '27400'

2018-05-30 18:08:32 - [TEST_STEP][PASSED] - Statement - Rqty = 100: null

2018-05-30 18:08:32 - [TEST_STEP][PASSED] - Statement - out.println("BatchQty : " + batchqty): null

2018-05-30 18:08:32 - [TEST_STEP][PASSED] - Statement - out.println("RQty : " + Rqty): null

2018-05-30 18:08:32 - [TEST_STEP][PASSED] - Statement - If (java.lang.Integer.valueOf(batchqty) >= java.lang.Integer.valueOf(Rqty)): null

2018-05-30 18:08:32 - [TEST_STEP][PASSED] - Statement - Break: null

2018-05-30 18:08:32 - [TEST_STEP][PASSED] - Statement - batchlength = new com.kms.katalon.core.testobject.TestObject(): null

2018-05-30 18:08:32 - [TEST_STEP][PASSED] - Statement - batchlength = com.kms.katalon.core.webui.keyword.WebUiBuiltInKeywords.modifyObjectProperty(batchlength, "xpath", "equals", "//*[@id = "fldvendor" + row + ""]", true): Modify property of object successfully

2018-05-30 18:08:32 - [MESSAGE][PASSED] - Modify property of object successfully

2018-05-30 18:08:32 - [TEST_STEP][PASSED] - Statement - batchsize = com.kms.katalon.core.webui.keyword.WebUiBuiltInKeywords.getNumberOfTotalOption(batchlength): 13 options of object '' counted

2018-05-30 18:08:32 - [MESSAGE][PASSED] - 13 options of object '' counted

2018-05-30 18:08:32 - [TEST_STEP][PASSED] - Statement - out.println("BatchSize : " + batchsize): null

2018-05-30 18:08:32 - [TEST_STEP][PASSED] - Statement - For ([n = 1, n <= batchsize - 1, (n++)]): null

2018-05-30 18:08:32 - [TEST_STEP][PASSED] - Statement - product = new com.kms.katalon.core.testobject.TestObject(): null

2018-05-30 18:08:32 - [TEST_STEP][PASSED] - Statement - product = com.kms.katalon.core.webui.keyword.WebUiBuiltInKeywords.modifyObjectProperty(product, "xpath", "equals", "//*[@id = "fldvendor" + row + ""]", true): Modify property of object successfully

2018-05-30 18:08:32 - [MESSAGE][PASSED] - Modify property of object successfully

2018-05-30 18:08:32 - [TEST_STEP][PASSED] - selectOptionByIndex: All options with index in [1] are selected on object ''

2018-05-30 18:08:33 - [MESSAGE][PASSED] - All options with index in [1] are selected on object ''

2018-05-30 18:08:33 - [TEST_STEP][PASSED] - delay: Delayed 2 second(s)

2018-05-30 18:08:35 - [MESSAGE][PASSED] - Delayed 2 second(s)

2018-05-30 18:08:35 - [TEST_STEP][PASSED] - Statement - batch = new com.kms.katalon.core.testobject.TestObject(): null

2018-05-30 18:08:35 - [TEST_STEP][PASSED] - Statement - batch = com.kms.katalon.core.webui.keyword.WebUiBuiltInKeywords.modifyObjectProperty(batch, "xpath", "equals", "//*[@id = "txtbthqty" + row + ""]", true): Modify property of object successfully

2018-05-30 18:08:35 - [MESSAGE][PASSED] - Modify property of object successfully

2018-05-30 18:08:35 - [TEST_STEP][PASSED] - Statement - batchqty = com.kms.katalon.core.webui.keyword.WebUiBuiltInKeywords.getAttribute(batch, "value").trim(): Attribute 'value' of object '' is: '3500'

2018-05-30 18:08:35 - [MESSAGE][PASSED] - Attribute 'value' of object '' is: '3500'

2018-05-30 18:08:35 - [TEST_STEP][PASSED] - Statement - Rqty = 100: null

2018-05-30 18:08:35 - [TEST_STEP][PASSED] - Statement - out.println("BatchQty : " + batchqty): null

2018-05-30 18:08:35 - [TEST_STEP][PASSED] - Statement - out.println("RQty : " + Rqty): null

2018-05-30 18:08:35 - [TEST_STEP][PASSED] - Statement - If (java.lang.Integer.valueOf(batchqty) >= java.lang.Integer.valueOf(Rqty)): null

2018-05-30 18:08:35 - [TEST_STEP][PASSED] - Statement - Break: null

2018-05-30 18:08:35 - [TEST_STEP][PASSED] - Statement - batchlength = new com.kms.katalon.core.testobject.TestObject(): null

2018-05-30 18:08:35 - [TEST_STEP][PASSED] - Statement - batchlength = com.kms.katalon.core.webui.keyword.WebUiBuiltInKeywords.modifyObjectProperty(batchlength, "xpath", "equals", "//*[@id = "fldvendor" + row + ""]", true): Modify property of object successfully

2018-05-30 18:08:35 - [MESSAGE][PASSED] - Modify property of object successfully

2018-05-30 18:08:35 - [TEST_STEP][PASSED] - Statement - batchsize = com.kms.katalon.core.webui.keyword.WebUiBuiltInKeywords.getNumberOfTotalOption(batchlength): 25 options of object '' counted

2018-05-30 18:08:35 - [MESSAGE][PASSED] - 25 options of object '' counted

2018-05-30 18:08:35 - [TEST_STEP][PASSED] - Statement - out.println("BatchSize : " + batchsize): null

2018-05-30 18:08:35 - [TEST_STEP][PASSED] - Statement - For ([n = 1, n <= batchsize - 1, (n++)]): null

2018-05-30 18:08:35 - [TEST_STEP][PASSED] - Statement - product = new com.kms.katalon.core.testobject.TestObject(): null

2018-05-30 18:08:35 - [TEST_STEP][PASSED] - Statement - product = com.kms.katalon.core.webui.keyword.WebUiBuiltInKeywords.modifyObjectProperty(product, "xpath", "equals", "//*[@id = "fldvendor" + row + ""]", true): Modify property of object successfully

2018-05-30 18:08:35 - [MESSAGE][PASSED] - Modify property of object successfully

2018-05-30 18:08:35 - [TEST_STEP][PASSED] - selectOptionByIndex: All options with index in [1] are selected on object ''

2018-05-30 18:08:35 - [MESSAGE][PASSED] - All options with index in [1] are selected on object ''

2018-05-30 18:08:35 - [TEST_STEP][PASSED] - delay: Delayed 2 second(s)

2018-05-30 18:08:37 - [MESSAGE][PASSED] - Delayed 2 second(s)

2018-05-30 18:08:37 - [TEST_STEP][PASSED] - Statement - batch = new com.kms.katalon.core.testobject.TestObject(): null

2018-05-30 18:08:37 - [TEST_STEP][PASSED] - Statement - batch = com.kms.katalon.core.webui.keyword.WebUiBuiltInKeywords.modifyObjectProperty(batch, "xpath", "equals", "//*[@id = "txtbthqty" + row + ""]", true): Modify property of object successfully

2018-05-30 18:08:37 - [MESSAGE][PASSED] - Modify property of object successfully

2018-05-30 18:08:37 - [TEST_STEP][PASSED] - Statement - batchqty = com.kms.katalon.core.webui.keyword.WebUiBuiltInKeywords.getAttribute(batch, "value").trim(): Attribute 'value' of object '' is: '5000'

2018-05-30 18:08:37 - [MESSAGE][PASSED] - Attribute 'value' of object '' is: '5000'

2018-05-30 18:08:37 - [TEST_STEP][PASSED] - Statement - Rqty = 100: null

2018-05-30 18:08:37 - [TEST_STEP][PASSED] - Statement - out.println("BatchQty : " + batchqty): null

2018-05-30 18:08:37 - [TEST_STEP][PASSED] - Statement - out.println("RQty : " + Rqty): null

2018-05-30 18:08:37 - [TEST_STEP][PASSED] - Statement - If (java.lang.Integer.valueOf(batchqty) >= java.lang.Integer.valueOf(Rqty)): null

2018-05-30 18:08:37 - [TEST_STEP][PASSED] - Statement - Break: null

2018-05-30 18:08:37 - [TEST_STEP][PASSED] - Statement - batchlength = new com.kms.katalon.core.testobject.TestObject(): null

2018-05-30 18:08:37 - [TEST_STEP][PASSED] - Statement - batchlength = com.kms.katalon.core.webui.keyword.WebUiBuiltInKeywords.modifyObjectProperty(batchlength, "xpath", "equals", "//*[@id = "fldvendor" + row + ""]", true): Modify property of object successfully

2018-05-30 18:08:37 - [MESSAGE][PASSED] - Modify property of object successfully

2018-05-30 18:08:37 - [TEST_STEP][PASSED] - Statement - batchsize = com.kms.katalon.core.webui.keyword.WebUiBuiltInKeywords.getNumberOfTotalOption(batchlength): 25 options of object '' counted

2018-05-30 18:08:37 - [MESSAGE][PASSED] - 25 options of object '' counted

2018-05-30 18:08:37 - [TEST_STEP][PASSED] - Statement - out.println("BatchSize : " + batchsize): null

2018-05-30 18:08:37 - [TEST_STEP][PASSED] - Statement - For ([n = 1, n <= batchsize - 1, (n++)]): null

2018-05-30 18:08:37 - [TEST_STEP][PASSED] - Statement - product = new com.kms.katalon.core.testobject.TestObject(): null

2018-05-30 18:08:37 - [TEST_STEP][PASSED] - Statement - product = com.kms.katalon.core.webui.keyword.WebUiBuiltInKeywords.modifyObjectProperty(product, "xpath", "equals", "//*[@id = "fldvendor" + row + ""]", true): Modify property of object successfully

2018-05-30 18:08:37 - [MESSAGE][PASSED] - Modify property of object successfully

2018-05-30 18:08:37 - [TEST_STEP][PASSED] - selectOptionByIndex: All options with index in [1] are selected on object ''

2018-05-30 18:08:37 - [MESSAGE][PASSED] - All options with index in [1] are selected on object ''

2018-05-30 18:08:37 - [TEST_STEP][PASSED] - delay: Delayed 2 second(s)

2018-05-30 18:08:39 - [MESSAGE][PASSED] - Delayed 2 second(s)

2018-05-30 18:08:39 - [TEST_STEP][PASSED] - Statement - batch = new com.kms.katalon.core.testobject.TestObject(): null

2018-05-30 18:08:39 - [TEST_STEP][PASSED] - Statement - batch = com.kms.katalon.core.webui.keyword.WebUiBuiltInKeywords.modifyObjectProperty(batch, "xpath", "equals", "//*[@id = "txtbthqty" + row + ""]", true): Modify property of object successfully

2018-05-30 18:08:39 - [MESSAGE][PASSED] - Modify property of object successfully

2018-05-30 18:08:39 - [TEST_STEP][PASSED] - Statement - batchqty = com.kms.katalon.core.webui.keyword.WebUiBuiltInKeywords.getAttribute(batch, "value").trim(): Attribute 'value' of object '' is: '5000'

2018-05-30 18:08:39 - [MESSAGE][PASSED] - Attribute 'value' of object '' is: '5000'

2018-05-30 18:08:39 - [TEST_STEP][PASSED] - Statement - Rqty = 100: null

2018-05-30 18:08:39 - [TEST_STEP][PASSED] - Statement - out.println("BatchQty : " + batchqty): null

2018-05-30 18:08:39 - [TEST_STEP][PASSED] - Statement - out.println("RQty : " + Rqty): null

2018-05-30 18:08:39 - [TEST_STEP][PASSED] - Statement - If (java.lang.Integer.valueOf(batchqty) >= java.lang.Integer.valueOf(Rqty)): null

2018-05-30 18:08:39 - [TEST_STEP][PASSED] - Statement - Break: null

2018-05-30 18:08:39 - [TEST_STEP][PASSED] - Statement - batchlength = new com.kms.katalon.core.testobject.TestObject(): null

2018-05-30 18:08:39 - [TEST_STEP][PASSED] - Statement - batchlength = com.kms.katalon.core.webui.keyword.WebUiBuiltInKeywords.modifyObjectProperty(batchlength, "xpath", "equals", "//*[@id = "fldvendor" + row + ""]", true): Modify property of object successfully

2018-05-30 18:08:39 - [MESSAGE][PASSED] - Modify property of object successfully

2018-05-30 18:08:39 - [TEST_STEP][PASSED] - Statement - batchsize = com.kms.katalon.core.webui.keyword.WebUiBuiltInKeywords.getNumberOfTotalOption(batchlength): 13 options of object '' counted

2018-05-30 18:08:39 - [MESSAGE][PASSED] - 13 options of object '' counted

2018-05-30 18:08:39 - [TEST_STEP][PASSED] - Statement - out.println("BatchSize : " + batchsize): null

2018-05-30 18:08:39 - [TEST_STEP][PASSED] - Statement - For ([n = 1, n <= batchsize - 1, (n++)]): null

2018-05-30 18:08:39 - [TEST_STEP][PASSED] - Statement - product = new com.kms.katalon.core.testobject.TestObject(): null

2018-05-30 18:08:39 - [TEST_STEP][PASSED] - Statement - product = com.kms.katalon.core.webui.keyword.WebUiBuiltInKeywords.modifyObjectProperty(product, "xpath", "equals", "//*[@id = "fldvendor" + row + ""]", true): Modify property of object successfully

2018-05-30 18:08:39 - [MESSAGE][PASSED] - Modify property of object successfully

2018-05-30 18:08:39 - [TEST_STEP][PASSED] - selectOptionByIndex: All options with index in [1] are selected on object ''

2018-05-30 18:08:39 - [MESSAGE][PASSED] - All options with index in [1] are selected on object ''

2018-05-30 18:08:39 - [TEST_STEP][PASSED] - delay: Delayed 2 second(s)

2018-05-30 18:08:41 - [MESSAGE][PASSED] - Delayed 2 second(s)

2018-05-30 18:08:41 - [TEST_STEP][PASSED] - Statement - batch = new com.kms.katalon.core.testobject.TestObject(): null

2018-05-30 18:08:41 - [TEST_STEP][PASSED] - Statement - batch = com.kms.katalon.core.webui.keyword.WebUiBuiltInKeywords.modifyObjectProperty(batch, "xpath", "equals", "//*[@id = "txtbthqty" + row + ""]", true): Modify property of object successfully

2018-05-30 18:08:41 - [MESSAGE][PASSED] - Modify property of object successfully

2018-05-30 18:08:41 - [TEST_STEP][PASSED] - Statement - batchqty = com.kms.katalon.core.webui.keyword.WebUiBuiltInKeywords.getAttribute(batch, "value").trim(): Attribute 'value' of object '' is: '3500'

2018-05-30 18:08:41 - [MESSAGE][PASSED] - Attribute 'value' of object '' is: '3500'

2018-05-30 18:08:41 - [TEST_STEP][PASSED] - Statement - Rqty = 100: null

2018-05-30 18:08:41 - [TEST_STEP][PASSED] - Statement - out.println("BatchQty : " + batchqty): null

2018-05-30 18:08:41 - [TEST_STEP][PASSED] - Statement - out.println("RQty : " + Rqty): null

2018-05-30 18:08:41 - [TEST_STEP][PASSED] - Statement - If (java.lang.Integer.valueOf(batchqty) >= java.lang.Integer.valueOf(Rqty)): null

2018-05-30 18:08:41 - [TEST_STEP][PASSED] - Statement - Break: null

2018-05-30 18:08:41 - [TEST_STEP][PASSED] - Statement - batchlength = new com.kms.katalon.core.testobject.TestObject(): null

2018-05-30 18:08:41 - [TEST_STEP][PASSED] - Statement - batchlength = com.kms.katalon.core.webui.keyword.WebUiBuiltInKeywords.modifyObjectProperty(batchlength, "xpath", "equals", "//*[@id = "fldvendor" + row + ""]", true): Modify property of object successfully

2018-05-30 18:08:41 - [MESSAGE][PASSED] - Modify property of object successfully

2018-05-30 18:08:41 - [TEST_STEP][PASSED] - Statement - batchsize = com.kms.katalon.core.webui.keyword.WebUiBuiltInKeywords.getNumberOfTotalOption(batchlength): 13 options of object '' counted

2018-05-30 18:08:41 - [MESSAGE][PASSED] - 13 options of object '' counted

2018-05-30 18:08:41 - [TEST_STEP][PASSED] - Statement - out.println("BatchSize : " + batchsize): null

2018-05-30 18:08:41 - [TEST_STEP][PASSED] - Statement - For ([n = 1, n <= batchsize - 1, (n++)]): null

2018-05-30 18:08:41 - [TEST_STEP][PASSED] - Statement - product = new com.kms.katalon.core.testobject.TestObject(): null

2018-05-30 18:08:41 - [TEST_STEP][PASSED] - Statement - product = com.kms.katalon.core.webui.keyword.WebUiBuiltInKeywords.modifyObjectProperty(product, "xpath", "equals", "//*[@id = "fldvendor" + row + ""]", true): Modify property of object successfully

2018-05-30 18:08:41 - [MESSAGE][PASSED] - Modify property of object successfully

2018-05-30 18:08:41 - [TEST_STEP][PASSED] - selectOptionByIndex: All options with index in [1] are selected on object ''

2018-05-30 18:08:42 - [MESSAGE][PASSED] - All options with index in [1] are selected on object ''

2018-05-30 18:08:42 - [TEST_STEP][PASSED] - delay: Delayed 2 second(s)

2018-05-30 18:08:44 - [MESSAGE][PASSED] - Delayed 2 second(s)

2018-05-30 18:08:58 - [TEST_STEP][PASSED] - Statement - batch = new com.kms.katalon.core.testobject.TestObject(): null

2018-05-30 18:08:58 - [TEST_STEP][PASSED] - Statement - batch = com.kms.katalon.core.webui.keyword.WebUiBuiltInKeywords.modifyObjectProperty(batch, "xpath", "equals", "//*[@id = "txtbthqty" + row + ""]", true): Modify property of object successfully

2018-05-30 18:08:58 - [MESSAGE][PASSED] - Modify property of object successfully

2018-05-30 18:08:58 - [TEST_STEP][PASSED] - Statement - batchqty = com.kms.katalon.core.webui.keyword.WebUiBuiltInKeywords.getAttribute(batch, "value").trim(): Attribute 'value' of object '' is: '27400'

2018-05-30 18:08:58 - [MESSAGE][PASSED] - Attribute 'value' of object '' is: '27400'

2018-05-30 18:08:58 - [TEST_STEP][PASSED] - Statement - Rqty = 100: null

2018-05-30 18:08:58 - [TEST_STEP][PASSED] - Statement - out.println("BatchQty : " + batchqty): null

2018-05-30 18:08:58 - [TEST_STEP][PASSED] - Statement - out.println("RQty : " + Rqty): null

2018-05-30 18:08:58 - [TEST_STEP][PASSED] - Statement - If (java.lang.Integer.valueOf(batchqty) >= java.lang.Integer.valueOf(Rqty)): null

2018-05-30 18:08:58 - [TEST_STEP][PASSED] - Statement - Break: null

2018-05-30 18:08:58 - [TEST_STEP][PASSED] - click: Object: 'Object Repository/store Request Schedule 1/Page_KDMC - CMS/input_btndispatch' is clicked on

2018-05-30 18:08:58 - [MESSAGE][PASSED] - Object: 'Object Repository/store Request Schedule 1/Page_KDMC - CMS/input_btndispatch' is clicked on

2018-05-30 18:08:58 - [TEST_STEP][PASSED] - waitForElementVisible: Object 'Object Repository/store Request Schedule 1/Page_KDMC - CMS/button_OK' is visible

2018-05-30 18:08:59 - [MESSAGE][PASSED] - Object 'Object Repository/store Request Schedule 1/Page_KDMC - CMS/button_OK' is visible

2018-05-30 18:08:59 - [TEST_STEP][PASSED] - click: Object: 'Object Repository/store Request Schedule 1/Page_KDMC - CMS/button_OK' is clicked on

2018-05-30 18:08:59 - [MESSAGE][PASSED] - Object: 'Object Repository/store Request Schedule 1/Page_KDMC - CMS/button_OK' is clicked on

2018-05-30 18:08:59 - [TEST_STEP][PASSED] - delay: Delayed 3 second(s)

2018-05-30 18:09:02 - [MESSAGE][PASSED] - Delayed 3 second(s)

2018-05-30 18:09:02 - [TEST_STEP][PASSED] - click: Object: 'Object Repository/store Request Schedule 1/Page_KDMC - CMS/a_dropdown-toggle' is clicked on

2018-05-30 18:09:03 - [MESSAGE][PASSED] - Object: 'Object Repository/store Request Schedule 1/Page_KDMC - CMS/a_dropdown-toggle' is clicked on

2018-05-30 18:09:03 - [TEST_STEP][PASSED] - click: Object: 'Object Repository/store Request Schedule 1/Page_KDMC - CMS/a_Sign out' is clicked on

2018-05-30 18:09:04 - [MESSAGE][PASSED] - Object: 'Object Repository/store Request Schedule 1/Page_KDMC - CMS/a_Sign out' is clicked on

2018-05-30 18:09:04 - [TEST_STEP][PASSED] - delay: Delayed 3 second(s)

2018-05-30 18:09:07 - [MESSAGE][PASSED] - Delayed 3 second(s)

2018-05-30 18:09:07 - [TEST_STEP][PASSED] - click: Object: 'Object Repository/Store Request Schedule 1/Page_KDMC/a_Divisional Store' is clicked on

2018-05-30 18:09:08 - [MESSAGE][PASSED] - Object: 'Object Repository/Store Request Schedule 1/Page_KDMC/a_Divisional Store' is clicked on

2018-05-30 18:09:08 - [TEST_STEP][PASSED] - setText: Text 'ragu' is set on object 'Object Repository/Store Request Schedule 1/Page_Divisonal Store Login/input_txtusername'

2018-05-30 18:09:08 - [MESSAGE][PASSED] - Text 'ragu' is set on object 'Object Repository/Store Request Schedule 1/Page_Divisonal Store Login/input_txtusername'

2018-05-30 18:09:08 - [TEST_STEP][PASSED] - setText: Text '123' is set on object 'Object Repository/Store Request Schedule 1/Page_Divisonal Store Login/input_txtpassword'

2018-05-30 18:09:08 - [MESSAGE][PASSED] - Text '123' is set on object 'Object Repository/Store Request Schedule 1/Page_Divisonal Store Login/input_txtpassword'

2018-05-30 18:09:08 - [TEST_STEP][PASSED] - delay: Delayed 3 second(s)

2018-05-30 18:09:11 - [MESSAGE][PASSED] - Delayed 3 second(s)

2018-05-30 18:09:11 - [TEST_STEP][PASSED] - click: Object: 'Object Repository/Store Request Schedule 1/Page_Divisonal Store Login/button_Sign in' is clicked on

2018-05-30 18:09:12 - [MESSAGE][PASSED] - Object: 'Object Repository/Store Request Schedule 1/Page_Divisonal Store Login/button_Sign in' is clicked on

2018-05-30 18:09:12 - [TEST_STEP][PASSED] - delay: Delayed 3 second(s)

2018-05-30 18:09:15 - [MESSAGE][PASSED] - Delayed 3 second(s)

2018-05-30 18:09:15 - [TEST_STEP][PASSED] - click: Object: 'Object Repository/Store Request Schedule 1/Page_Store/a_CMS' is clicked on

2018-05-30 18:09:15 - [MESSAGE][PASSED] - Object: 'Object Repository/Store Request Schedule 1/Page_Store/a_CMS' is clicked on

2018-05-30 18:09:15 - [TEST_STEP][PASSED] - delay: Delayed 2 second(s)

2018-05-30 18:09:17 - [MESSAGE][PASSED] - Delayed 2 second(s)

2018-05-30 18:09:17 - [TEST_STEP][PASSED] - click: Object: 'Object Repository/Store Request Schedule 1/Page_Store/a_Receiving Goods' is clicked on

2018-05-30 18:09:18 - [MESSAGE][PASSED] - Object: 'Object Repository/Store Request Schedule 1/Page_Store/a_Receiving Goods' is clicked on

2018-05-30 18:09:18 - [TEST_STEP][PASSED] - setText: Text 'PRNO/30052018/482' is set on object 'Object Repository/Store Request Schedule 1/Page_Store/input'

2018-05-30 18:09:19 - [MESSAGE][PASSED] - Text 'PRNO/30052018/482' is set on object 'Object Repository/Store Request Schedule 1/Page_Store/input'

2018-05-30 18:09:19 - [TEST_STEP][PASSED] - click: Object: 'Object Repository/Store Request Schedule 1/Page_Store/input_btn btn-primary' is clicked on

2018-05-30 18:09:19 - [MESSAGE][PASSED] - Object: 'Object Repository/Store Request Schedule 1/Page_Store/input_btn btn-primary' is clicked on

2018-05-30 18:09:19 - [TEST_STEP][PASSED] - delay: Delayed 2 second(s)

2018-05-30 18:09:21 - [MESSAGE][PASSED] - Delayed 2 second(s)

2018-05-30 18:09:21 - [TEST_STEP][PASSED] - click: Object: 'Object Repository/Store Request Schedule 1/Page_Store/input_chkrem' is clicked on

2018-05-30 18:09:21 - [MESSAGE][PASSED] - Object: 'Object Repository/Store Request Schedule 1/Page_Store/input_chkrem' is clicked on

2018-05-30 18:09:21 - [TEST_STEP][PASSED] - scrollToElement: Scroll to object 'Object Repository/Store Request Schedule 1/Page_Store/input_btchkroqadd' successfully

2018-05-30 18:09:21 - [MESSAGE][PASSED] - Scroll to object 'Object Repository/Store Request Schedule 1/Page_Store/input_btchkroqadd' successfully

2018-05-30 18:09:21 - [TEST_STEP][PASSED] - click: Object: 'Object Repository/Store Request Schedule 1/Page_Store/input_btchkroqadd' is clicked on

2018-05-30 18:09:21 - [MESSAGE][PASSED] - Object: 'Object Repository/Store Request Schedule 1/Page_Store/input_btchkroqadd' is clicked on

2018-05-30 18:09:21 - [TEST_STEP][PASSED] - delay: Delayed 2 second(s)

2018-05-30 18:09:23 - [MESSAGE][PASSED] - Delayed 2 second(s)

2018-05-30 18:09:23 - [TEST_STEP][PASSED] - refresh: Refresh successfully

2018-05-30 18:09:24 - [MESSAGE][PASSED] - Refresh successfully

2018-05-30 18:09:24 - [TEST_STEP][PASSED] - delay: Delayed 3 second(s)

2018-05-30 18:09:27 - [MESSAGE][PASSED] - Delayed 3 second(s)

2018-05-30 18:09:27 - [TEST_STEP][PASSED] - click: Object: 'Object Repository/Store Request Schedule 1/Page_Store/a_dropdown-toggle' is clicked on

2018-05-30 18:09:27 - [MESSAGE][PASSED] - Object: 'Object Repository/Store Request Schedule 1/Page_Store/a_dropdown-toggle' is clicked on

2018-05-30 18:09:27 - [TEST_STEP][PASSED] - click: Object: 'Object Repository/Store Request Schedule 1/Page_Store/a_Sign out' is clicked on

2018-05-30 18:09:27 - [MESSAGE][PASSED] - Object: 'Object Repository/Store Request Schedule 1/Page_Store/a_Sign out' is clicked on

2018-05-30 18:09:27 - [TEST_STEP][PASSED] - closeBrowser: Browser is closed

2018-05-30 18:09:28 - [MESSAGE][PASSED] - Browser is closed

2018-05-30 18:09:28 - [TEST_STEP][PASSED] - Statement - out.println("Schedule 8 STORE Request Are Working Successfully"): null]]></system-out>
         <system-err><![CDATA[]]></system-err>
      </testcase>
      <testcase name="Test Cases/STORE TO CMS REQUEST TEST CASES/TC_STCMS_009 To Verify Schedule 9 Store To CMS Request Are Working Successfully Or Not" classname="Test Cases/STORE TO CMS REQUEST TEST CASES/TC_STCMS_009 To Verify Schedule 9 Store To CMS Request Are Working Successfully Or Not" status="PASSED">
         <system-out><![CDATA[2018-05-30 18:09:28 - [TEST_CASE][PASSED] - Test Cases/STORE TO CMS REQUEST TEST CASES/TC_STCMS_009 To Verify Schedule 9 Store To CMS Request Are Working Successfully Or Not: Test Cases/STORE TO CMS REQUEST TEST CASES/TC_STCMS_009 To Verify Schedule 9 Store To CMS Request Are Working Successfully Or Not

2018-05-30 18:09:28 - [TEST_STEP][PASSED] - openBrowser: Browser is opened with url: ''

2018-05-30 18:09:30 - [MESSAGE][PASSED] - Browser is opened with url: ''

2018-05-30 18:09:30 - [TEST_STEP][PASSED] - Statement - out.println("Verify Schedule 9 STORE Request Are Working Successfully Or Not"): null

2018-05-30 18:09:30 - [TEST_STEP][PASSED] - navigateToUrl: Navigate to 'http://192.168.137.1/multihospital_new/' successfully

2018-05-30 18:09:36 - [MESSAGE][PASSED] - Navigate to 'http://192.168.137.1/multihospital_new/' successfully

2018-05-30 18:09:36 - [TEST_STEP][PASSED] - maximizeWindow: Current window maximized

2018-05-30 18:09:38 - [MESSAGE][PASSED] - Current window maximized

2018-05-30 18:09:38 - [TEST_STEP][PASSED] - click: Object: 'Object Repository/Store Request Schedule 1/Page_KDMC/a_Divisional Store' is clicked on

2018-05-30 18:09:39 - [MESSAGE][PASSED] - Object: 'Object Repository/Store Request Schedule 1/Page_KDMC/a_Divisional Store' is clicked on

2018-05-30 18:09:39 - [TEST_STEP][PASSED] - setText: Text 'ragu' is set on object 'Object Repository/Store Request Schedule 1/Page_Divisonal Store Login/input_txtusername'

2018-05-30 18:09:39 - [MESSAGE][PASSED] - Text 'ragu' is set on object 'Object Repository/Store Request Schedule 1/Page_Divisonal Store Login/input_txtusername'

2018-05-30 18:09:39 - [TEST_STEP][PASSED] - setText: Text '123' is set on object 'Object Repository/Store Request Schedule 1/Page_Divisonal Store Login/input_txtpassword'

2018-05-30 18:09:39 - [MESSAGE][PASSED] - Text '123' is set on object 'Object Repository/Store Request Schedule 1/Page_Divisonal Store Login/input_txtpassword'

2018-05-30 18:09:39 - [TEST_STEP][PASSED] - delay: Delayed 3 second(s)

2018-05-30 18:09:42 - [MESSAGE][PASSED] - Delayed 3 second(s)

2018-05-30 18:09:42 - [TEST_STEP][PASSED] - click: Object: 'Object Repository/Store Request Schedule 1/Page_Divisonal Store Login/button_Sign in' is clicked on

2018-05-30 18:09:43 - [MESSAGE][PASSED] - Object: 'Object Repository/Store Request Schedule 1/Page_Divisonal Store Login/button_Sign in' is clicked on

2018-05-30 18:09:43 - [TEST_STEP][PASSED] - delay: Delayed 3 second(s)

2018-05-30 18:09:46 - [MESSAGE][PASSED] - Delayed 3 second(s)

2018-05-30 18:09:46 - [TEST_STEP][PASSED] - click: Object: 'Object Repository/Store Request Schedule 1/Page_Store/a_CMS' is clicked on

2018-05-30 18:09:46 - [MESSAGE][PASSED] - Object: 'Object Repository/Store Request Schedule 1/Page_Store/a_CMS' is clicked on

2018-05-30 18:09:46 - [TEST_STEP][PASSED] - delay: Delayed 2 second(s)

2018-05-30 18:09:48 - [MESSAGE][PASSED] - Delayed 2 second(s)

2018-05-30 18:09:48 - [TEST_STEP][PASSED] - click: Object: 'Object Repository/Store Request Schedule 1/Page_Store/a_Request Send' is clicked on

2018-05-30 18:09:49 - [MESSAGE][PASSED] - Object: 'Object Repository/Store Request Schedule 1/Page_Store/a_Request Send' is clicked on

2018-05-30 18:09:49 - [TEST_STEP][PASSED] - selectOptionByIndex: All options with index in [1] are selected on object 'Object Repository/Store Request Schedule 1/Page_Store/select_--Select--'

2018-05-30 18:09:49 - [MESSAGE][PASSED] - All options with index in [1] are selected on object 'Object Repository/Store Request Schedule 1/Page_Store/select_--Select--'

2018-05-30 18:09:49 - [TEST_STEP][PASSED] - selectOptionByIndex: All options with index in [9] are selected on object 'Object Repository/Store Request Schedule 1/Page_Store/select_--Select--Schedule 1Inj'

2018-05-30 18:09:50 - [MESSAGE][PASSED] - All options with index in [9] are selected on object 'Object Repository/Store Request Schedule 1/Page_Store/select_--Select--Schedule 1Inj'

2018-05-30 18:09:50 - [TEST_STEP][PASSED] - Statement - SelectedOptions = com.kms.katalon.core.webui.keyword.WebUiBuiltInKeywords.getNumberOfTotalOption(com.kms.katalon.core.testobject.ObjectRepository.findTestObject(Store Request Schedule 1/Page_Store/select_--Select--Adernaline 0.)): 36 options of object 'Object Repository/Store Request Schedule 1/Page_Store/select_--Select--Adernaline 0.' counted

2018-05-30 18:09:50 - [MESSAGE][PASSED] - 36 options of object 'Object Repository/Store Request Schedule 1/Page_Store/select_--Select--Adernaline 0.' counted

2018-05-30 18:09:50 - [TEST_STEP][PASSED] - Statement - For ([y = 1, y < SelectedOptions, (y++)]): Object: 'Object Repository/Store Request Schedule 1/Page_Store/button_Add' is clicked on

2018-05-30 18:09:50 - [TEST_STEP][PASSED] - selectOptionByIndex: All options with index in [9] are selected on object 'Object Repository/Store Request Schedule 1/Page_Store/select_--Select--Schedule 1Inj'

2018-05-30 18:09:50 - [MESSAGE][PASSED] - All options with index in [9] are selected on object 'Object Repository/Store Request Schedule 1/Page_Store/select_--Select--Schedule 1Inj'

2018-05-30 18:09:50 - [TEST_STEP][PASSED] - delay: Delayed 1 second(s)

2018-05-30 18:09:51 - [MESSAGE][PASSED] - Delayed 1 second(s)

2018-05-30 18:09:51 - [TEST_STEP][PASSED] - selectOptionByIndex: All options with index in [1] are selected on object 'Object Repository/Store Request Schedule 1/Page_Store/select_--Select--Adernaline 0.'

2018-05-30 18:09:51 - [MESSAGE][PASSED] - All options with index in [1] are selected on object 'Object Repository/Store Request Schedule 1/Page_Store/select_--Select--Adernaline 0.'

2018-05-30 18:09:51 - [TEST_STEP][PASSED] - setText: Text '100' is set on object 'Object Repository/Store Request Schedule 1/Page_Store/input_txttreat'

2018-05-30 18:09:51 - [MESSAGE][PASSED] - Text '100' is set on object 'Object Repository/Store Request Schedule 1/Page_Store/input_txttreat'

2018-05-30 18:09:51 - [TEST_STEP][PASSED] - click: Object: 'Object Repository/Store Request Schedule 1/Page_Store/button_Add' is clicked on

2018-05-30 18:09:51 - [MESSAGE][PASSED] - Object: 'Object Repository/Store Request Schedule 1/Page_Store/button_Add' is clicked on

2018-05-30 18:09:51 - [TEST_STEP][PASSED] - selectOptionByIndex: All options with index in [9] are selected on object 'Object Repository/Store Request Schedule 1/Page_Store/select_--Select--Schedule 1Inj'

2018-05-30 18:09:51 - [MESSAGE][PASSED] - All options with index in [9] are selected on object 'Object Repository/Store Request Schedule 1/Page_Store/select_--Select--Schedule 1Inj'

2018-05-30 18:09:51 - [TEST_STEP][PASSED] - delay: Delayed 1 second(s)

2018-05-30 18:09:52 - [MESSAGE][PASSED] - Delayed 1 second(s)

2018-05-30 18:09:52 - [TEST_STEP][PASSED] - selectOptionByIndex: All options with index in [2] are selected on object 'Object Repository/Store Request Schedule 1/Page_Store/select_--Select--Adernaline 0.'

2018-05-30 18:09:53 - [MESSAGE][PASSED] - All options with index in [2] are selected on object 'Object Repository/Store Request Schedule 1/Page_Store/select_--Select--Adernaline 0.'

2018-05-30 18:09:53 - [TEST_STEP][PASSED] - setText: Text '100' is set on object 'Object Repository/Store Request Schedule 1/Page_Store/input_txttreat'

2018-05-30 18:09:53 - [MESSAGE][PASSED] - Text '100' is set on object 'Object Repository/Store Request Schedule 1/Page_Store/input_txttreat'

2018-05-30 18:09:53 - [TEST_STEP][PASSED] - click: Object: 'Object Repository/Store Request Schedule 1/Page_Store/button_Add' is clicked on

2018-05-30 18:09:53 - [MESSAGE][PASSED] - Object: 'Object Repository/Store Request Schedule 1/Page_Store/button_Add' is clicked on

2018-05-30 18:09:53 - [TEST_STEP][PASSED] - selectOptionByIndex: All options with index in [9] are selected on object 'Object Repository/Store Request Schedule 1/Page_Store/select_--Select--Schedule 1Inj'

2018-05-30 18:09:53 - [MESSAGE][PASSED] - All options with index in [9] are selected on object 'Object Repository/Store Request Schedule 1/Page_Store/select_--Select--Schedule 1Inj'

2018-05-30 18:09:53 - [TEST_STEP][PASSED] - delay: Delayed 1 second(s)

2018-05-30 18:09:54 - [MESSAGE][PASSED] - Delayed 1 second(s)

2018-05-30 18:09:54 - [TEST_STEP][PASSED] - selectOptionByIndex: All options with index in [3] are selected on object 'Object Repository/Store Request Schedule 1/Page_Store/select_--Select--Adernaline 0.'

2018-05-30 18:09:54 - [MESSAGE][PASSED] - All options with index in [3] are selected on object 'Object Repository/Store Request Schedule 1/Page_Store/select_--Select--Adernaline 0.'

2018-05-30 18:09:54 - [TEST_STEP][PASSED] - setText: Text '100' is set on object 'Object Repository/Store Request Schedule 1/Page_Store/input_txttreat'

2018-05-30 18:09:54 - [MESSAGE][PASSED] - Text '100' is set on object 'Object Repository/Store Request Schedule 1/Page_Store/input_txttreat'

2018-05-30 18:09:54 - [TEST_STEP][PASSED] - click: Object: 'Object Repository/Store Request Schedule 1/Page_Store/button_Add' is clicked on

2018-05-30 18:09:54 - [MESSAGE][PASSED] - Object: 'Object Repository/Store Request Schedule 1/Page_Store/button_Add' is clicked on

2018-05-30 18:09:54 - [TEST_STEP][PASSED] - selectOptionByIndex: All options with index in [9] are selected on object 'Object Repository/Store Request Schedule 1/Page_Store/select_--Select--Schedule 1Inj'

2018-05-30 18:09:54 - [MESSAGE][PASSED] - All options with index in [9] are selected on object 'Object Repository/Store Request Schedule 1/Page_Store/select_--Select--Schedule 1Inj'

2018-05-30 18:09:54 - [TEST_STEP][PASSED] - delay: Delayed 1 second(s)

2018-05-30 18:09:55 - [MESSAGE][PASSED] - Delayed 1 second(s)

2018-05-30 18:09:55 - [TEST_STEP][PASSED] - selectOptionByIndex: All options with index in [4] are selected on object 'Object Repository/Store Request Schedule 1/Page_Store/select_--Select--Adernaline 0.'

2018-05-30 18:09:56 - [MESSAGE][PASSED] - All options with index in [4] are selected on object 'Object Repository/Store Request Schedule 1/Page_Store/select_--Select--Adernaline 0.'

2018-05-30 18:09:56 - [TEST_STEP][PASSED] - setText: Text '100' is set on object 'Object Repository/Store Request Schedule 1/Page_Store/input_txttreat'

2018-05-30 18:09:56 - [MESSAGE][PASSED] - Text '100' is set on object 'Object Repository/Store Request Schedule 1/Page_Store/input_txttreat'

2018-05-30 18:09:56 - [TEST_STEP][PASSED] - click: Object: 'Object Repository/Store Request Schedule 1/Page_Store/button_Add' is clicked on

2018-05-30 18:09:56 - [MESSAGE][PASSED] - Object: 'Object Repository/Store Request Schedule 1/Page_Store/button_Add' is clicked on

2018-05-30 18:09:56 - [TEST_STEP][PASSED] - selectOptionByIndex: All options with index in [9] are selected on object 'Object Repository/Store Request Schedule 1/Page_Store/select_--Select--Schedule 1Inj'

2018-05-30 18:09:56 - [MESSAGE][PASSED] - All options with index in [9] are selected on object 'Object Repository/Store Request Schedule 1/Page_Store/select_--Select--Schedule 1Inj'

2018-05-30 18:09:56 - [TEST_STEP][PASSED] - delay: Delayed 1 second(s)

2018-05-30 18:09:57 - [MESSAGE][PASSED] - Delayed 1 second(s)

2018-05-30 18:09:57 - [TEST_STEP][PASSED] - selectOptionByIndex: All options with index in [5] are selected on object 'Object Repository/Store Request Schedule 1/Page_Store/select_--Select--Adernaline 0.'

2018-05-30 18:09:57 - [MESSAGE][PASSED] - All options with index in [5] are selected on object 'Object Repository/Store Request Schedule 1/Page_Store/select_--Select--Adernaline 0.'

2018-05-30 18:09:57 - [TEST_STEP][PASSED] - setText: Text '100' is set on object 'Object Repository/Store Request Schedule 1/Page_Store/input_txttreat'

2018-05-30 18:09:57 - [MESSAGE][PASSED] - Text '100' is set on object 'Object Repository/Store Request Schedule 1/Page_Store/input_txttreat'

2018-05-30 18:09:57 - [TEST_STEP][PASSED] - click: Object: 'Object Repository/Store Request Schedule 1/Page_Store/button_Add' is clicked on

2018-05-30 18:09:57 - [MESSAGE][PASSED] - Object: 'Object Repository/Store Request Schedule 1/Page_Store/button_Add' is clicked on

2018-05-30 18:09:57 - [TEST_STEP][PASSED] - selectOptionByIndex: All options with index in [9] are selected on object 'Object Repository/Store Request Schedule 1/Page_Store/select_--Select--Schedule 1Inj'

2018-05-30 18:09:57 - [MESSAGE][PASSED] - All options with index in [9] are selected on object 'Object Repository/Store Request Schedule 1/Page_Store/select_--Select--Schedule 1Inj'

2018-05-30 18:09:57 - [TEST_STEP][PASSED] - delay: Delayed 1 second(s)

2018-05-30 18:09:58 - [MESSAGE][PASSED] - Delayed 1 second(s)

2018-05-30 18:09:58 - [TEST_STEP][PASSED] - selectOptionByIndex: All options with index in [6] are selected on object 'Object Repository/Store Request Schedule 1/Page_Store/select_--Select--Adernaline 0.'

2018-05-30 18:09:59 - [MESSAGE][PASSED] - All options with index in [6] are selected on object 'Object Repository/Store Request Schedule 1/Page_Store/select_--Select--Adernaline 0.'

2018-05-30 18:09:59 - [TEST_STEP][PASSED] - setText: Text '100' is set on object 'Object Repository/Store Request Schedule 1/Page_Store/input_txttreat'

2018-05-30 18:09:59 - [MESSAGE][PASSED] - Text '100' is set on object 'Object Repository/Store Request Schedule 1/Page_Store/input_txttreat'

2018-05-30 18:09:59 - [TEST_STEP][PASSED] - click: Object: 'Object Repository/Store Request Schedule 1/Page_Store/button_Add' is clicked on

2018-05-30 18:09:59 - [MESSAGE][PASSED] - Object: 'Object Repository/Store Request Schedule 1/Page_Store/button_Add' is clicked on

2018-05-30 18:09:59 - [TEST_STEP][PASSED] - selectOptionByIndex: All options with index in [9] are selected on object 'Object Repository/Store Request Schedule 1/Page_Store/select_--Select--Schedule 1Inj'

2018-05-30 18:09:59 - [MESSAGE][PASSED] - All options with index in [9] are selected on object 'Object Repository/Store Request Schedule 1/Page_Store/select_--Select--Schedule 1Inj'

2018-05-30 18:09:59 - [TEST_STEP][PASSED] - delay: Delayed 1 second(s)

2018-05-30 18:10:00 - [MESSAGE][PASSED] - Delayed 1 second(s)

2018-05-30 18:10:00 - [TEST_STEP][PASSED] - selectOptionByIndex: All options with index in [7] are selected on object 'Object Repository/Store Request Schedule 1/Page_Store/select_--Select--Adernaline 0.'

2018-05-30 18:10:00 - [MESSAGE][PASSED] - All options with index in [7] are selected on object 'Object Repository/Store Request Schedule 1/Page_Store/select_--Select--Adernaline 0.'

2018-05-30 18:10:00 - [TEST_STEP][PASSED] - setText: Text '100' is set on object 'Object Repository/Store Request Schedule 1/Page_Store/input_txttreat'

2018-05-30 18:10:00 - [MESSAGE][PASSED] - Text '100' is set on object 'Object Repository/Store Request Schedule 1/Page_Store/input_txttreat'

2018-05-30 18:10:00 - [TEST_STEP][PASSED] - click: Object: 'Object Repository/Store Request Schedule 1/Page_Store/button_Add' is clicked on

2018-05-30 18:10:00 - [MESSAGE][PASSED] - Object: 'Object Repository/Store Request Schedule 1/Page_Store/button_Add' is clicked on

2018-05-30 18:10:00 - [TEST_STEP][PASSED] - selectOptionByIndex: All options with index in [9] are selected on object 'Object Repository/Store Request Schedule 1/Page_Store/select_--Select--Schedule 1Inj'

2018-05-30 18:10:00 - [MESSAGE][PASSED] - All options with index in [9] are selected on object 'Object Repository/Store Request Schedule 1/Page_Store/select_--Select--Schedule 1Inj'

2018-05-30 18:10:00 - [TEST_STEP][PASSED] - delay: Delayed 1 second(s)

2018-05-30 18:10:01 - [MESSAGE][PASSED] - Delayed 1 second(s)

2018-05-30 18:10:01 - [TEST_STEP][PASSED] - selectOptionByIndex: All options with index in [8] are selected on object 'Object Repository/Store Request Schedule 1/Page_Store/select_--Select--Adernaline 0.'

2018-05-30 18:10:02 - [MESSAGE][PASSED] - All options with index in [8] are selected on object 'Object Repository/Store Request Schedule 1/Page_Store/select_--Select--Adernaline 0.'

2018-05-30 18:10:02 - [TEST_STEP][PASSED] - setText: Text '100' is set on object 'Object Repository/Store Request Schedule 1/Page_Store/input_txttreat'

2018-05-30 18:10:02 - [MESSAGE][PASSED] - Text '100' is set on object 'Object Repository/Store Request Schedule 1/Page_Store/input_txttreat'

2018-05-30 18:10:02 - [TEST_STEP][PASSED] - click: Object: 'Object Repository/Store Request Schedule 1/Page_Store/button_Add' is clicked on

2018-05-30 18:10:02 - [MESSAGE][PASSED] - Object: 'Object Repository/Store Request Schedule 1/Page_Store/button_Add' is clicked on

2018-05-30 18:10:02 - [TEST_STEP][PASSED] - selectOptionByIndex: All options with index in [9] are selected on object 'Object Repository/Store Request Schedule 1/Page_Store/select_--Select--Schedule 1Inj'

2018-05-30 18:10:02 - [MESSAGE][PASSED] - All options with index in [9] are selected on object 'Object Repository/Store Request Schedule 1/Page_Store/select_--Select--Schedule 1Inj'

2018-05-30 18:10:02 - [TEST_STEP][PASSED] - delay: Delayed 1 second(s)

2018-05-30 18:10:03 - [MESSAGE][PASSED] - Delayed 1 second(s)

2018-05-30 18:10:03 - [TEST_STEP][PASSED] - selectOptionByIndex: All options with index in [9] are selected on object 'Object Repository/Store Request Schedule 1/Page_Store/select_--Select--Adernaline 0.'

2018-05-30 18:10:03 - [MESSAGE][PASSED] - All options with index in [9] are selected on object 'Object Repository/Store Request Schedule 1/Page_Store/select_--Select--Adernaline 0.'

2018-05-30 18:10:03 - [TEST_STEP][PASSED] - setText: Text '100' is set on object 'Object Repository/Store Request Schedule 1/Page_Store/input_txttreat'

2018-05-30 18:10:03 - [MESSAGE][PASSED] - Text '100' is set on object 'Object Repository/Store Request Schedule 1/Page_Store/input_txttreat'

2018-05-30 18:10:03 - [TEST_STEP][PASSED] - click: Object: 'Object Repository/Store Request Schedule 1/Page_Store/button_Add' is clicked on

2018-05-30 18:10:03 - [MESSAGE][PASSED] - Object: 'Object Repository/Store Request Schedule 1/Page_Store/button_Add' is clicked on

2018-05-30 18:10:03 - [TEST_STEP][PASSED] - selectOptionByIndex: All options with index in [9] are selected on object 'Object Repository/Store Request Schedule 1/Page_Store/select_--Select--Schedule 1Inj'

2018-05-30 18:10:03 - [MESSAGE][PASSED] - All options with index in [9] are selected on object 'Object Repository/Store Request Schedule 1/Page_Store/select_--Select--Schedule 1Inj'

2018-05-30 18:10:03 - [TEST_STEP][PASSED] - delay: Delayed 1 second(s)

2018-05-30 18:10:04 - [MESSAGE][PASSED] - Delayed 1 second(s)

2018-05-30 18:10:04 - [TEST_STEP][PASSED] - selectOptionByIndex: All options with index in [10] are selected on object 'Object Repository/Store Request Schedule 1/Page_Store/select_--Select--Adernaline 0.'

2018-05-30 18:10:05 - [MESSAGE][PASSED] - All options with index in [10] are selected on object 'Object Repository/Store Request Schedule 1/Page_Store/select_--Select--Adernaline 0.'

2018-05-30 18:10:05 - [TEST_STEP][PASSED] - setText: Text '100' is set on object 'Object Repository/Store Request Schedule 1/Page_Store/input_txttreat'

2018-05-30 18:10:05 - [MESSAGE][PASSED] - Text '100' is set on object 'Object Repository/Store Request Schedule 1/Page_Store/input_txttreat'

2018-05-30 18:10:05 - [TEST_STEP][PASSED] - click: Object: 'Object Repository/Store Request Schedule 1/Page_Store/button_Add' is clicked on

2018-05-30 18:10:05 - [MESSAGE][PASSED] - Object: 'Object Repository/Store Request Schedule 1/Page_Store/button_Add' is clicked on

2018-05-30 18:10:05 - [TEST_STEP][PASSED] - selectOptionByIndex: All options with index in [9] are selected on object 'Object Repository/Store Request Schedule 1/Page_Store/select_--Select--Schedule 1Inj'

2018-05-30 18:10:05 - [MESSAGE][PASSED] - All options with index in [9] are selected on object 'Object Repository/Store Request Schedule 1/Page_Store/select_--Select--Schedule 1Inj'

2018-05-30 18:10:05 - [TEST_STEP][PASSED] - delay: Delayed 1 second(s)

2018-05-30 18:10:06 - [MESSAGE][PASSED] - Delayed 1 second(s)

2018-05-30 18:10:06 - [TEST_STEP][PASSED] - selectOptionByIndex: All options with index in [11] are selected on object 'Object Repository/Store Request Schedule 1/Page_Store/select_--Select--Adernaline 0.'

2018-05-30 18:10:06 - [MESSAGE][PASSED] - All options with index in [11] are selected on object 'Object Repository/Store Request Schedule 1/Page_Store/select_--Select--Adernaline 0.'

2018-05-30 18:10:06 - [TEST_STEP][PASSED] - setText: Text '100' is set on object 'Object Repository/Store Request Schedule 1/Page_Store/input_txttreat'

2018-05-30 18:10:06 - [MESSAGE][PASSED] - Text '100' is set on object 'Object Repository/Store Request Schedule 1/Page_Store/input_txttreat'

2018-05-30 18:10:06 - [TEST_STEP][PASSED] - click: Object: 'Object Repository/Store Request Schedule 1/Page_Store/button_Add' is clicked on

2018-05-30 18:10:06 - [MESSAGE][PASSED] - Object: 'Object Repository/Store Request Schedule 1/Page_Store/button_Add' is clicked on

2018-05-30 18:10:06 - [TEST_STEP][PASSED] - selectOptionByIndex: All options with index in [9] are selected on object 'Object Repository/Store Request Schedule 1/Page_Store/select_--Select--Schedule 1Inj'

2018-05-30 18:10:06 - [MESSAGE][PASSED] - All options with index in [9] are selected on object 'Object Repository/Store Request Schedule 1/Page_Store/select_--Select--Schedule 1Inj'

2018-05-30 18:10:06 - [TEST_STEP][PASSED] - delay: Delayed 1 second(s)

2018-05-30 18:10:07 - [MESSAGE][PASSED] - Delayed 1 second(s)

2018-05-30 18:10:07 - [TEST_STEP][PASSED] - selectOptionByIndex: All options with index in [12] are selected on object 'Object Repository/Store Request Schedule 1/Page_Store/select_--Select--Adernaline 0.'

2018-05-30 18:10:08 - [MESSAGE][PASSED] - All options with index in [12] are selected on object 'Object Repository/Store Request Schedule 1/Page_Store/select_--Select--Adernaline 0.'

2018-05-30 18:10:08 - [TEST_STEP][PASSED] - setText: Text '100' is set on object 'Object Repository/Store Request Schedule 1/Page_Store/input_txttreat'

2018-05-30 18:10:08 - [MESSAGE][PASSED] - Text '100' is set on object 'Object Repository/Store Request Schedule 1/Page_Store/input_txttreat'

2018-05-30 18:10:08 - [TEST_STEP][PASSED] - click: Object: 'Object Repository/Store Request Schedule 1/Page_Store/button_Add' is clicked on

2018-05-30 18:10:08 - [MESSAGE][PASSED] - Object: 'Object Repository/Store Request Schedule 1/Page_Store/button_Add' is clicked on

2018-05-30 18:10:08 - [TEST_STEP][PASSED] - selectOptionByIndex: All options with index in [9] are selected on object 'Object Repository/Store Request Schedule 1/Page_Store/select_--Select--Schedule 1Inj'

2018-05-30 18:10:08 - [MESSAGE][PASSED] - All options with index in [9] are selected on object 'Object Repository/Store Request Schedule 1/Page_Store/select_--Select--Schedule 1Inj'

2018-05-30 18:10:08 - [TEST_STEP][PASSED] - delay: Delayed 1 second(s)

2018-05-30 18:10:09 - [MESSAGE][PASSED] - Delayed 1 second(s)

2018-05-30 18:10:09 - [TEST_STEP][PASSED] - selectOptionByIndex: All options with index in [13] are selected on object 'Object Repository/Store Request Schedule 1/Page_Store/select_--Select--Adernaline 0.'

2018-05-30 18:10:09 - [MESSAGE][PASSED] - All options with index in [13] are selected on object 'Object Repository/Store Request Schedule 1/Page_Store/select_--Select--Adernaline 0.'

2018-05-30 18:10:09 - [TEST_STEP][PASSED] - setText: Text '100' is set on object 'Object Repository/Store Request Schedule 1/Page_Store/input_txttreat'

2018-05-30 18:10:09 - [MESSAGE][PASSED] - Text '100' is set on object 'Object Repository/Store Request Schedule 1/Page_Store/input_txttreat'

2018-05-30 18:10:09 - [TEST_STEP][PASSED] - click: Object: 'Object Repository/Store Request Schedule 1/Page_Store/button_Add' is clicked on

2018-05-30 18:10:09 - [MESSAGE][PASSED] - Object: 'Object Repository/Store Request Schedule 1/Page_Store/button_Add' is clicked on

2018-05-30 18:10:09 - [TEST_STEP][PASSED] - selectOptionByIndex: All options with index in [9] are selected on object 'Object Repository/Store Request Schedule 1/Page_Store/select_--Select--Schedule 1Inj'

2018-05-30 18:10:10 - [MESSAGE][PASSED] - All options with index in [9] are selected on object 'Object Repository/Store Request Schedule 1/Page_Store/select_--Select--Schedule 1Inj'

2018-05-30 18:10:10 - [TEST_STEP][PASSED] - delay: Delayed 1 second(s)

2018-05-30 18:10:11 - [MESSAGE][PASSED] - Delayed 1 second(s)

2018-05-30 18:10:11 - [TEST_STEP][PASSED] - selectOptionByIndex: All options with index in [14] are selected on object 'Object Repository/Store Request Schedule 1/Page_Store/select_--Select--Adernaline 0.'

2018-05-30 18:10:11 - [MESSAGE][PASSED] - All options with index in [14] are selected on object 'Object Repository/Store Request Schedule 1/Page_Store/select_--Select--Adernaline 0.'

2018-05-30 18:10:11 - [TEST_STEP][PASSED] - setText: Text '100' is set on object 'Object Repository/Store Request Schedule 1/Page_Store/input_txttreat'

2018-05-30 18:10:11 - [MESSAGE][PASSED] - Text '100' is set on object 'Object Repository/Store Request Schedule 1/Page_Store/input_txttreat'

2018-05-30 18:10:11 - [TEST_STEP][PASSED] - click: Object: 'Object Repository/Store Request Schedule 1/Page_Store/button_Add' is clicked on

2018-05-30 18:10:11 - [MESSAGE][PASSED] - Object: 'Object Repository/Store Request Schedule 1/Page_Store/button_Add' is clicked on

2018-05-30 18:10:11 - [TEST_STEP][PASSED] - selectOptionByIndex: All options with index in [9] are selected on object 'Object Repository/Store Request Schedule 1/Page_Store/select_--Select--Schedule 1Inj'

2018-05-30 18:10:11 - [MESSAGE][PASSED] - All options with index in [9] are selected on object 'Object Repository/Store Request Schedule 1/Page_Store/select_--Select--Schedule 1Inj'

2018-05-30 18:10:11 - [TEST_STEP][PASSED] - delay: Delayed 1 second(s)

2018-05-30 18:10:12 - [MESSAGE][PASSED] - Delayed 1 second(s)

2018-05-30 18:10:12 - [TEST_STEP][PASSED] - selectOptionByIndex: All options with index in [15] are selected on object 'Object Repository/Store Request Schedule 1/Page_Store/select_--Select--Adernaline 0.'

2018-05-30 18:10:12 - [MESSAGE][PASSED] - All options with index in [15] are selected on object 'Object Repository/Store Request Schedule 1/Page_Store/select_--Select--Adernaline 0.'

2018-05-30 18:10:12 - [TEST_STEP][PASSED] - setText: Text '100' is set on object 'Object Repository/Store Request Schedule 1/Page_Store/input_txttreat'

2018-05-30 18:10:13 - [MESSAGE][PASSED] - Text '100' is set on object 'Object Repository/Store Request Schedule 1/Page_Store/input_txttreat'

2018-05-30 18:10:13 - [TEST_STEP][PASSED] - click: Object: 'Object Repository/Store Request Schedule 1/Page_Store/button_Add' is clicked on

2018-05-30 18:10:13 - [MESSAGE][PASSED] - Object: 'Object Repository/Store Request Schedule 1/Page_Store/button_Add' is clicked on

2018-05-30 18:10:13 - [TEST_STEP][PASSED] - selectOptionByIndex: All options with index in [9] are selected on object 'Object Repository/Store Request Schedule 1/Page_Store/select_--Select--Schedule 1Inj'

2018-05-30 18:10:13 - [MESSAGE][PASSED] - All options with index in [9] are selected on object 'Object Repository/Store Request Schedule 1/Page_Store/select_--Select--Schedule 1Inj'

2018-05-30 18:10:13 - [TEST_STEP][PASSED] - delay: Delayed 1 second(s)

2018-05-30 18:10:14 - [MESSAGE][PASSED] - Delayed 1 second(s)

2018-05-30 18:10:14 - [TEST_STEP][PASSED] - selectOptionByIndex: All options with index in [16] are selected on object 'Object Repository/Store Request Schedule 1/Page_Store/select_--Select--Adernaline 0.'

2018-05-30 18:10:14 - [MESSAGE][PASSED] - All options with index in [16] are selected on object 'Object Repository/Store Request Schedule 1/Page_Store/select_--Select--Adernaline 0.'

2018-05-30 18:10:14 - [TEST_STEP][PASSED] - setText: Text '100' is set on object 'Object Repository/Store Request Schedule 1/Page_Store/input_txttreat'

2018-05-30 18:10:14 - [MESSAGE][PASSED] - Text '100' is set on object 'Object Repository/Store Request Schedule 1/Page_Store/input_txttreat'

2018-05-30 18:10:14 - [TEST_STEP][PASSED] - click: Object: 'Object Repository/Store Request Schedule 1/Page_Store/button_Add' is clicked on

2018-05-30 18:10:14 - [MESSAGE][PASSED] - Object: 'Object Repository/Store Request Schedule 1/Page_Store/button_Add' is clicked on

2018-05-30 18:10:14 - [TEST_STEP][PASSED] - selectOptionByIndex: All options with index in [9] are selected on object 'Object Repository/Store Request Schedule 1/Page_Store/select_--Select--Schedule 1Inj'

2018-05-30 18:10:14 - [MESSAGE][PASSED] - All options with index in [9] are selected on object 'Object Repository/Store Request Schedule 1/Page_Store/select_--Select--Schedule 1Inj'

2018-05-30 18:10:14 - [TEST_STEP][PASSED] - delay: Delayed 1 second(s)

2018-05-30 18:10:15 - [MESSAGE][PASSED] - Delayed 1 second(s)

2018-05-30 18:10:15 - [TEST_STEP][PASSED] - selectOptionByIndex: All options with index in [17] are selected on object 'Object Repository/Store Request Schedule 1/Page_Store/select_--Select--Adernaline 0.'

2018-05-30 18:10:16 - [MESSAGE][PASSED] - All options with index in [17] are selected on object 'Object Repository/Store Request Schedule 1/Page_Store/select_--Select--Adernaline 0.'

2018-05-30 18:10:16 - [TEST_STEP][PASSED] - setText: Text '100' is set on object 'Object Repository/Store Request Schedule 1/Page_Store/input_txttreat'

2018-05-30 18:10:16 - [MESSAGE][PASSED] - Text '100' is set on object 'Object Repository/Store Request Schedule 1/Page_Store/input_txttreat'

2018-05-30 18:10:16 - [TEST_STEP][PASSED] - click: Object: 'Object Repository/Store Request Schedule 1/Page_Store/button_Add' is clicked on

2018-05-30 18:10:16 - [MESSAGE][PASSED] - Object: 'Object Repository/Store Request Schedule 1/Page_Store/button_Add' is clicked on

2018-05-30 18:10:16 - [TEST_STEP][PASSED] - selectOptionByIndex: All options with index in [9] are selected on object 'Object Repository/Store Request Schedule 1/Page_Store/select_--Select--Schedule 1Inj'

2018-05-30 18:10:16 - [MESSAGE][PASSED] - All options with index in [9] are selected on object 'Object Repository/Store Request Schedule 1/Page_Store/select_--Select--Schedule 1Inj'

2018-05-30 18:10:16 - [TEST_STEP][PASSED] - delay: Delayed 1 second(s)

2018-05-30 18:10:17 - [MESSAGE][PASSED] - Delayed 1 second(s)

2018-05-30 18:10:17 - [TEST_STEP][PASSED] - selectOptionByIndex: All options with index in [18] are selected on object 'Object Repository/Store Request Schedule 1/Page_Store/select_--Select--Adernaline 0.'

2018-05-30 18:10:17 - [MESSAGE][PASSED] - All options with index in [18] are selected on object 'Object Repository/Store Request Schedule 1/Page_Store/select_--Select--Adernaline 0.'

2018-05-30 18:10:17 - [TEST_STEP][PASSED] - setText: Text '100' is set on object 'Object Repository/Store Request Schedule 1/Page_Store/input_txttreat'

2018-05-30 18:10:17 - [MESSAGE][PASSED] - Text '100' is set on object 'Object Repository/Store Request Schedule 1/Page_Store/input_txttreat'

2018-05-30 18:10:17 - [TEST_STEP][PASSED] - click: Object: 'Object Repository/Store Request Schedule 1/Page_Store/button_Add' is clicked on

2018-05-30 18:10:18 - [MESSAGE][PASSED] - Object: 'Object Repository/Store Request Schedule 1/Page_Store/button_Add' is clicked on

2018-05-30 18:10:18 - [TEST_STEP][PASSED] - selectOptionByIndex: All options with index in [9] are selected on object 'Object Repository/Store Request Schedule 1/Page_Store/select_--Select--Schedule 1Inj'

2018-05-30 18:10:18 - [MESSAGE][PASSED] - All options with index in [9] are selected on object 'Object Repository/Store Request Schedule 1/Page_Store/select_--Select--Schedule 1Inj'

2018-05-30 18:10:18 - [TEST_STEP][PASSED] - delay: Delayed 1 second(s)

2018-05-30 18:10:19 - [MESSAGE][PASSED] - Delayed 1 second(s)

2018-05-30 18:10:19 - [TEST_STEP][PASSED] - selectOptionByIndex: All options with index in [19] are selected on object 'Object Repository/Store Request Schedule 1/Page_Store/select_--Select--Adernaline 0.'

2018-05-30 18:10:19 - [MESSAGE][PASSED] - All options with index in [19] are selected on object 'Object Repository/Store Request Schedule 1/Page_Store/select_--Select--Adernaline 0.'

2018-05-30 18:10:19 - [TEST_STEP][PASSED] - setText: Text '100' is set on object 'Object Repository/Store Request Schedule 1/Page_Store/input_txttreat'

2018-05-30 18:10:19 - [MESSAGE][PASSED] - Text '100' is set on object 'Object Repository/Store Request Schedule 1/Page_Store/input_txttreat'

2018-05-30 18:10:19 - [TEST_STEP][PASSED] - click: Object: 'Object Repository/Store Request Schedule 1/Page_Store/button_Add' is clicked on

2018-05-30 18:10:19 - [MESSAGE][PASSED] - Object: 'Object Repository/Store Request Schedule 1/Page_Store/button_Add' is clicked on

2018-05-30 18:10:19 - [TEST_STEP][PASSED] - selectOptionByIndex: All options with index in [9] are selected on object 'Object Repository/Store Request Schedule 1/Page_Store/select_--Select--Schedule 1Inj'

2018-05-30 18:10:19 - [MESSAGE][PASSED] - All options with index in [9] are selected on object 'Object Repository/Store Request Schedule 1/Page_Store/select_--Select--Schedule 1Inj'

2018-05-30 18:10:19 - [TEST_STEP][PASSED] - delay: Delayed 1 second(s)

2018-05-30 18:10:20 - [MESSAGE][PASSED] - Delayed 1 second(s)

2018-05-30 18:10:20 - [TEST_STEP][PASSED] - selectOptionByIndex: All options with index in [20] are selected on object 'Object Repository/Store Request Schedule 1/Page_Store/select_--Select--Adernaline 0.'

2018-05-30 18:10:21 - [MESSAGE][PASSED] - All options with index in [20] are selected on object 'Object Repository/Store Request Schedule 1/Page_Store/select_--Select--Adernaline 0.'

2018-05-30 18:10:21 - [TEST_STEP][PASSED] - setText: Text '100' is set on object 'Object Repository/Store Request Schedule 1/Page_Store/input_txttreat'

2018-05-30 18:10:21 - [MESSAGE][PASSED] - Text '100' is set on object 'Object Repository/Store Request Schedule 1/Page_Store/input_txttreat'

2018-05-30 18:10:21 - [TEST_STEP][PASSED] - click: Object: 'Object Repository/Store Request Schedule 1/Page_Store/button_Add' is clicked on

2018-05-30 18:10:21 - [MESSAGE][PASSED] - Object: 'Object Repository/Store Request Schedule 1/Page_Store/button_Add' is clicked on

2018-05-30 18:10:21 - [TEST_STEP][PASSED] - selectOptionByIndex: All options with index in [9] are selected on object 'Object Repository/Store Request Schedule 1/Page_Store/select_--Select--Schedule 1Inj'

2018-05-30 18:10:21 - [MESSAGE][PASSED] - All options with index in [9] are selected on object 'Object Repository/Store Request Schedule 1/Page_Store/select_--Select--Schedule 1Inj'

2018-05-30 18:10:21 - [TEST_STEP][PASSED] - delay: Delayed 1 second(s)

2018-05-30 18:10:22 - [MESSAGE][PASSED] - Delayed 1 second(s)

2018-05-30 18:10:22 - [TEST_STEP][PASSED] - selectOptionByIndex: All options with index in [21] are selected on object 'Object Repository/Store Request Schedule 1/Page_Store/select_--Select--Adernaline 0.'

2018-05-30 18:10:22 - [MESSAGE][PASSED] - All options with index in [21] are selected on object 'Object Repository/Store Request Schedule 1/Page_Store/select_--Select--Adernaline 0.'

2018-05-30 18:10:22 - [TEST_STEP][PASSED] - setText: Text '100' is set on object 'Object Repository/Store Request Schedule 1/Page_Store/input_txttreat'

2018-05-30 18:10:22 - [MESSAGE][PASSED] - Text '100' is set on object 'Object Repository/Store Request Schedule 1/Page_Store/input_txttreat'

2018-05-30 18:10:22 - [TEST_STEP][PASSED] - click: Object: 'Object Repository/Store Request Schedule 1/Page_Store/button_Add' is clicked on

2018-05-30 18:10:23 - [MESSAGE][PASSED] - Object: 'Object Repository/Store Request Schedule 1/Page_Store/button_Add' is clicked on

2018-05-30 18:10:23 - [TEST_STEP][PASSED] - selectOptionByIndex: All options with index in [9] are selected on object 'Object Repository/Store Request Schedule 1/Page_Store/select_--Select--Schedule 1Inj'

2018-05-30 18:10:23 - [MESSAGE][PASSED] - All options with index in [9] are selected on object 'Object Repository/Store Request Schedule 1/Page_Store/select_--Select--Schedule 1Inj'

2018-05-30 18:10:23 - [TEST_STEP][PASSED] - delay: Delayed 1 second(s)

2018-05-30 18:10:24 - [MESSAGE][PASSED] - Delayed 1 second(s)

2018-05-30 18:10:24 - [TEST_STEP][PASSED] - selectOptionByIndex: All options with index in [22] are selected on object 'Object Repository/Store Request Schedule 1/Page_Store/select_--Select--Adernaline 0.'

2018-05-30 18:10:24 - [MESSAGE][PASSED] - All options with index in [22] are selected on object 'Object Repository/Store Request Schedule 1/Page_Store/select_--Select--Adernaline 0.'

2018-05-30 18:10:24 - [TEST_STEP][PASSED] - setText: Text '100' is set on object 'Object Repository/Store Request Schedule 1/Page_Store/input_txttreat'

2018-05-30 18:10:24 - [MESSAGE][PASSED] - Text '100' is set on object 'Object Repository/Store Request Schedule 1/Page_Store/input_txttreat'

2018-05-30 18:10:24 - [TEST_STEP][PASSED] - click: Object: 'Object Repository/Store Request Schedule 1/Page_Store/button_Add' is clicked on

2018-05-30 18:10:24 - [MESSAGE][PASSED] - Object: 'Object Repository/Store Request Schedule 1/Page_Store/button_Add' is clicked on

2018-05-30 18:10:24 - [TEST_STEP][PASSED] - selectOptionByIndex: All options with index in [9] are selected on object 'Object Repository/Store Request Schedule 1/Page_Store/select_--Select--Schedule 1Inj'

2018-05-30 18:10:24 - [MESSAGE][PASSED] - All options with index in [9] are selected on object 'Object Repository/Store Request Schedule 1/Page_Store/select_--Select--Schedule 1Inj'

2018-05-30 18:10:24 - [TEST_STEP][PASSED] - delay: Delayed 1 second(s)

2018-05-30 18:10:25 - [MESSAGE][PASSED] - Delayed 1 second(s)

2018-05-30 18:10:25 - [TEST_STEP][PASSED] - selectOptionByIndex: All options with index in [23] are selected on object 'Object Repository/Store Request Schedule 1/Page_Store/select_--Select--Adernaline 0.'

2018-05-30 18:10:26 - [MESSAGE][PASSED] - All options with index in [23] are selected on object 'Object Repository/Store Request Schedule 1/Page_Store/select_--Select--Adernaline 0.'

2018-05-30 18:10:26 - [TEST_STEP][PASSED] - setText: Text '100' is set on object 'Object Repository/Store Request Schedule 1/Page_Store/input_txttreat'

2018-05-30 18:10:26 - [MESSAGE][PASSED] - Text '100' is set on object 'Object Repository/Store Request Schedule 1/Page_Store/input_txttreat'

2018-05-30 18:10:26 - [TEST_STEP][PASSED] - click: Object: 'Object Repository/Store Request Schedule 1/Page_Store/button_Add' is clicked on

2018-05-30 18:10:26 - [MESSAGE][PASSED] - Object: 'Object Repository/Store Request Schedule 1/Page_Store/button_Add' is clicked on

2018-05-30 18:10:26 - [TEST_STEP][PASSED] - selectOptionByIndex: All options with index in [9] are selected on object 'Object Repository/Store Request Schedule 1/Page_Store/select_--Select--Schedule 1Inj'

2018-05-30 18:10:26 - [MESSAGE][PASSED] - All options with index in [9] are selected on object 'Object Repository/Store Request Schedule 1/Page_Store/select_--Select--Schedule 1Inj'

2018-05-30 18:10:26 - [TEST_STEP][PASSED] - delay: Delayed 1 second(s)

2018-05-30 18:10:27 - [MESSAGE][PASSED] - Delayed 1 second(s)

2018-05-30 18:10:27 - [TEST_STEP][PASSED] - selectOptionByIndex: All options with index in [24] are selected on object 'Object Repository/Store Request Schedule 1/Page_Store/select_--Select--Adernaline 0.'

2018-05-30 18:10:27 - [MESSAGE][PASSED] - All options with index in [24] are selected on object 'Object Repository/Store Request Schedule 1/Page_Store/select_--Select--Adernaline 0.'

2018-05-30 18:10:27 - [TEST_STEP][PASSED] - setText: Text '100' is set on object 'Object Repository/Store Request Schedule 1/Page_Store/input_txttreat'

2018-05-30 18:10:28 - [MESSAGE][PASSED] - Text '100' is set on object 'Object Repository/Store Request Schedule 1/Page_Store/input_txttreat'

2018-05-30 18:10:28 - [TEST_STEP][PASSED] - click: Object: 'Object Repository/Store Request Schedule 1/Page_Store/button_Add' is clicked on

2018-05-30 18:10:28 - [MESSAGE][PASSED] - Object: 'Object Repository/Store Request Schedule 1/Page_Store/button_Add' is clicked on

2018-05-30 18:10:28 - [TEST_STEP][PASSED] - selectOptionByIndex: All options with index in [9] are selected on object 'Object Repository/Store Request Schedule 1/Page_Store/select_--Select--Schedule 1Inj'

2018-05-30 18:10:28 - [MESSAGE][PASSED] - All options with index in [9] are selected on object 'Object Repository/Store Request Schedule 1/Page_Store/select_--Select--Schedule 1Inj'

2018-05-30 18:10:28 - [TEST_STEP][PASSED] - delay: Delayed 1 second(s)

2018-05-30 18:10:29 - [MESSAGE][PASSED] - Delayed 1 second(s)

2018-05-30 18:10:29 - [TEST_STEP][PASSED] - selectOptionByIndex: All options with index in [25] are selected on object 'Object Repository/Store Request Schedule 1/Page_Store/select_--Select--Adernaline 0.'

2018-05-30 18:10:29 - [MESSAGE][PASSED] - All options with index in [25] are selected on object 'Object Repository/Store Request Schedule 1/Page_Store/select_--Select--Adernaline 0.'

2018-05-30 18:10:29 - [TEST_STEP][PASSED] - setText: Text '100' is set on object 'Object Repository/Store Request Schedule 1/Page_Store/input_txttreat'

2018-05-30 18:10:29 - [MESSAGE][PASSED] - Text '100' is set on object 'Object Repository/Store Request Schedule 1/Page_Store/input_txttreat'

2018-05-30 18:10:29 - [TEST_STEP][PASSED] - click: Object: 'Object Repository/Store Request Schedule 1/Page_Store/button_Add' is clicked on

2018-05-30 18:10:29 - [MESSAGE][PASSED] - Object: 'Object Repository/Store Request Schedule 1/Page_Store/button_Add' is clicked on

2018-05-30 18:10:29 - [TEST_STEP][PASSED] - selectOptionByIndex: All options with index in [9] are selected on object 'Object Repository/Store Request Schedule 1/Page_Store/select_--Select--Schedule 1Inj'

2018-05-30 18:10:29 - [MESSAGE][PASSED] - All options with index in [9] are selected on object 'Object Repository/Store Request Schedule 1/Page_Store/select_--Select--Schedule 1Inj'

2018-05-30 18:10:29 - [TEST_STEP][PASSED] - delay: Delayed 1 second(s)

2018-05-30 18:10:30 - [MESSAGE][PASSED] - Delayed 1 second(s)

2018-05-30 18:10:30 - [TEST_STEP][PASSED] - selectOptionByIndex: All options with index in [26] are selected on object 'Object Repository/Store Request Schedule 1/Page_Store/select_--Select--Adernaline 0.'

2018-05-30 18:10:31 - [MESSAGE][PASSED] - All options with index in [26] are selected on object 'Object Repository/Store Request Schedule 1/Page_Store/select_--Select--Adernaline 0.'

2018-05-30 18:10:31 - [TEST_STEP][PASSED] - setText: Text '100' is set on object 'Object Repository/Store Request Schedule 1/Page_Store/input_txttreat'

2018-05-30 18:10:31 - [MESSAGE][PASSED] - Text '100' is set on object 'Object Repository/Store Request Schedule 1/Page_Store/input_txttreat'

2018-05-30 18:10:31 - [TEST_STEP][PASSED] - click: Object: 'Object Repository/Store Request Schedule 1/Page_Store/button_Add' is clicked on

2018-05-30 18:10:31 - [MESSAGE][PASSED] - Object: 'Object Repository/Store Request Schedule 1/Page_Store/button_Add' is clicked on

2018-05-30 18:10:31 - [TEST_STEP][PASSED] - selectOptionByIndex: All options with index in [9] are selected on object 'Object Repository/Store Request Schedule 1/Page_Store/select_--Select--Schedule 1Inj'

2018-05-30 18:10:31 - [MESSAGE][PASSED] - All options with index in [9] are selected on object 'Object Repository/Store Request Schedule 1/Page_Store/select_--Select--Schedule 1Inj'

2018-05-30 18:10:31 - [TEST_STEP][PASSED] - delay: Delayed 1 second(s)

2018-05-30 18:10:32 - [MESSAGE][PASSED] - Delayed 1 second(s)

2018-05-30 18:10:32 - [TEST_STEP][PASSED] - selectOptionByIndex: All options with index in [27] are selected on object 'Object Repository/Store Request Schedule 1/Page_Store/select_--Select--Adernaline 0.'

2018-05-30 18:10:33 - [MESSAGE][PASSED] - All options with index in [27] are selected on object 'Object Repository/Store Request Schedule 1/Page_Store/select_--Select--Adernaline 0.'

2018-05-30 18:10:33 - [TEST_STEP][PASSED] - setText: Text '100' is set on object 'Object Repository/Store Request Schedule 1/Page_Store/input_txttreat'

2018-05-30 18:10:33 - [MESSAGE][PASSED] - Text '100' is set on object 'Object Repository/Store Request Schedule 1/Page_Store/input_txttreat'

2018-05-30 18:10:33 - [TEST_STEP][PASSED] - click: Object: 'Object Repository/Store Request Schedule 1/Page_Store/button_Add' is clicked on

2018-05-30 18:10:33 - [MESSAGE][PASSED] - Object: 'Object Repository/Store Request Schedule 1/Page_Store/button_Add' is clicked on

2018-05-30 18:10:33 - [TEST_STEP][PASSED] - selectOptionByIndex: All options with index in [9] are selected on object 'Object Repository/Store Request Schedule 1/Page_Store/select_--Select--Schedule 1Inj'

2018-05-30 18:10:33 - [MESSAGE][PASSED] - All options with index in [9] are selected on object 'Object Repository/Store Request Schedule 1/Page_Store/select_--Select--Schedule 1Inj'

2018-05-30 18:10:33 - [TEST_STEP][PASSED] - delay: Delayed 1 second(s)

2018-05-30 18:10:34 - [MESSAGE][PASSED] - Delayed 1 second(s)

2018-05-30 18:10:34 - [TEST_STEP][PASSED] - selectOptionByIndex: All options with index in [28] are selected on object 'Object Repository/Store Request Schedule 1/Page_Store/select_--Select--Adernaline 0.'

2018-05-30 18:10:34 - [MESSAGE][PASSED] - All options with index in [28] are selected on object 'Object Repository/Store Request Schedule 1/Page_Store/select_--Select--Adernaline 0.'

2018-05-30 18:10:34 - [TEST_STEP][PASSED] - setText: Text '100' is set on object 'Object Repository/Store Request Schedule 1/Page_Store/input_txttreat'

2018-05-30 18:10:34 - [MESSAGE][PASSED] - Text '100' is set on object 'Object Repository/Store Request Schedule 1/Page_Store/input_txttreat'

2018-05-30 18:10:34 - [TEST_STEP][PASSED] - click: Object: 'Object Repository/Store Request Schedule 1/Page_Store/button_Add' is clicked on

2018-05-30 18:10:34 - [MESSAGE][PASSED] - Object: 'Object Repository/Store Request Schedule 1/Page_Store/button_Add' is clicked on

2018-05-30 18:10:34 - [TEST_STEP][PASSED] - selectOptionByIndex: All options with index in [9] are selected on object 'Object Repository/Store Request Schedule 1/Page_Store/select_--Select--Schedule 1Inj'

2018-05-30 18:10:35 - [MESSAGE][PASSED] - All options with index in [9] are selected on object 'Object Repository/Store Request Schedule 1/Page_Store/select_--Select--Schedule 1Inj'

2018-05-30 18:10:35 - [TEST_STEP][PASSED] - delay: Delayed 1 second(s)

2018-05-30 18:10:36 - [MESSAGE][PASSED] - Delayed 1 second(s)

2018-05-30 18:10:36 - [TEST_STEP][PASSED] - selectOptionByIndex: All options with index in [29] are selected on object 'Object Repository/Store Request Schedule 1/Page_Store/select_--Select--Adernaline 0.'

2018-05-30 18:10:36 - [MESSAGE][PASSED] - All options with index in [29] are selected on object 'Object Repository/Store Request Schedule 1/Page_Store/select_--Select--Adernaline 0.'

2018-05-30 18:10:36 - [TEST_STEP][PASSED] - setText: Text '100' is set on object 'Object Repository/Store Request Schedule 1/Page_Store/input_txttreat'

2018-05-30 18:10:36 - [MESSAGE][PASSED] - Text '100' is set on object 'Object Repository/Store Request Schedule 1/Page_Store/input_txttreat'

2018-05-30 18:10:36 - [TEST_STEP][PASSED] - click: Object: 'Object Repository/Store Request Schedule 1/Page_Store/button_Add' is clicked on

2018-05-30 18:10:36 - [MESSAGE][PASSED] - Object: 'Object Repository/Store Request Schedule 1/Page_Store/button_Add' is clicked on

2018-05-30 18:10:36 - [TEST_STEP][PASSED] - selectOptionByIndex: All options with index in [9] are selected on object 'Object Repository/Store Request Schedule 1/Page_Store/select_--Select--Schedule 1Inj'

2018-05-30 18:10:36 - [MESSAGE][PASSED] - All options with index in [9] are selected on object 'Object Repository/Store Request Schedule 1/Page_Store/select_--Select--Schedule 1Inj'

2018-05-30 18:10:36 - [TEST_STEP][PASSED] - delay: Delayed 1 second(s)

2018-05-30 18:10:37 - [MESSAGE][PASSED] - Delayed 1 second(s)

2018-05-30 18:10:37 - [TEST_STEP][PASSED] - selectOptionByIndex: All options with index in [30] are selected on object 'Object Repository/Store Request Schedule 1/Page_Store/select_--Select--Adernaline 0.'

2018-05-30 18:10:38 - [MESSAGE][PASSED] - All options with index in [30] are selected on object 'Object Repository/Store Request Schedule 1/Page_Store/select_--Select--Adernaline 0.'

2018-05-30 18:10:38 - [TEST_STEP][PASSED] - setText: Text '100' is set on object 'Object Repository/Store Request Schedule 1/Page_Store/input_txttreat'

2018-05-30 18:10:38 - [MESSAGE][PASSED] - Text '100' is set on object 'Object Repository/Store Request Schedule 1/Page_Store/input_txttreat'

2018-05-30 18:10:38 - [TEST_STEP][PASSED] - click: Object: 'Object Repository/Store Request Schedule 1/Page_Store/button_Add' is clicked on

2018-05-30 18:10:38 - [MESSAGE][PASSED] - Object: 'Object Repository/Store Request Schedule 1/Page_Store/button_Add' is clicked on

2018-05-30 18:10:38 - [TEST_STEP][PASSED] - selectOptionByIndex: All options with index in [9] are selected on object 'Object Repository/Store Request Schedule 1/Page_Store/select_--Select--Schedule 1Inj'

2018-05-30 18:10:38 - [MESSAGE][PASSED] - All options with index in [9] are selected on object 'Object Repository/Store Request Schedule 1/Page_Store/select_--Select--Schedule 1Inj'

2018-05-30 18:10:38 - [TEST_STEP][PASSED] - delay: Delayed 1 second(s)

2018-05-30 18:10:39 - [MESSAGE][PASSED] - Delayed 1 second(s)

2018-05-30 18:10:39 - [TEST_STEP][PASSED] - selectOptionByIndex: All options with index in [31] are selected on object 'Object Repository/Store Request Schedule 1/Page_Store/select_--Select--Adernaline 0.'

2018-05-30 18:10:40 - [MESSAGE][PASSED] - All options with index in [31] are selected on object 'Object Repository/Store Request Schedule 1/Page_Store/select_--Select--Adernaline 0.'

2018-05-30 18:10:40 - [TEST_STEP][PASSED] - setText: Text '100' is set on object 'Object Repository/Store Request Schedule 1/Page_Store/input_txttreat'

2018-05-30 18:10:40 - [MESSAGE][PASSED] - Text '100' is set on object 'Object Repository/Store Request Schedule 1/Page_Store/input_txttreat'

2018-05-30 18:10:40 - [TEST_STEP][PASSED] - click: Object: 'Object Repository/Store Request Schedule 1/Page_Store/button_Add' is clicked on

2018-05-30 18:10:40 - [MESSAGE][PASSED] - Object: 'Object Repository/Store Request Schedule 1/Page_Store/button_Add' is clicked on

2018-05-30 18:10:40 - [TEST_STEP][PASSED] - selectOptionByIndex: All options with index in [9] are selected on object 'Object Repository/Store Request Schedule 1/Page_Store/select_--Select--Schedule 1Inj'

2018-05-30 18:10:40 - [MESSAGE][PASSED] - All options with index in [9] are selected on object 'Object Repository/Store Request Schedule 1/Page_Store/select_--Select--Schedule 1Inj'

2018-05-30 18:10:40 - [TEST_STEP][PASSED] - delay: Delayed 1 second(s)

2018-05-30 18:10:41 - [MESSAGE][PASSED] - Delayed 1 second(s)

2018-05-30 18:10:41 - [TEST_STEP][PASSED] - selectOptionByIndex: All options with index in [32] are selected on object 'Object Repository/Store Request Schedule 1/Page_Store/select_--Select--Adernaline 0.'

2018-05-30 18:10:41 - [MESSAGE][PASSED] - All options with index in [32] are selected on object 'Object Repository/Store Request Schedule 1/Page_Store/select_--Select--Adernaline 0.'

2018-05-30 18:10:41 - [TEST_STEP][PASSED] - setText: Text '100' is set on object 'Object Repository/Store Request Schedule 1/Page_Store/input_txttreat'

2018-05-30 18:10:41 - [MESSAGE][PASSED] - Text '100' is set on object 'Object Repository/Store Request Schedule 1/Page_Store/input_txttreat'

2018-05-30 18:10:41 - [TEST_STEP][PASSED] - click: Object: 'Object Repository/Store Request Schedule 1/Page_Store/button_Add' is clicked on

2018-05-30 18:10:42 - [MESSAGE][PASSED] - Object: 'Object Repository/Store Request Schedule 1/Page_Store/button_Add' is clicked on

2018-05-30 18:10:42 - [TEST_STEP][PASSED] - selectOptionByIndex: All options with index in [9] are selected on object 'Object Repository/Store Request Schedule 1/Page_Store/select_--Select--Schedule 1Inj'

2018-05-30 18:10:42 - [MESSAGE][PASSED] - All options with index in [9] are selected on object 'Object Repository/Store Request Schedule 1/Page_Store/select_--Select--Schedule 1Inj'

2018-05-30 18:10:42 - [TEST_STEP][PASSED] - delay: Delayed 1 second(s)

2018-05-30 18:10:43 - [MESSAGE][PASSED] - Delayed 1 second(s)

2018-05-30 18:10:43 - [TEST_STEP][PASSED] - selectOptionByIndex: All options with index in [33] are selected on object 'Object Repository/Store Request Schedule 1/Page_Store/select_--Select--Adernaline 0.'

2018-05-30 18:10:43 - [MESSAGE][PASSED] - All options with index in [33] are selected on object 'Object Repository/Store Request Schedule 1/Page_Store/select_--Select--Adernaline 0.'

2018-05-30 18:10:43 - [TEST_STEP][PASSED] - setText: Text '100' is set on object 'Object Repository/Store Request Schedule 1/Page_Store/input_txttreat'

2018-05-30 18:10:43 - [MESSAGE][PASSED] - Text '100' is set on object 'Object Repository/Store Request Schedule 1/Page_Store/input_txttreat'

2018-05-30 18:10:43 - [TEST_STEP][PASSED] - click: Object: 'Object Repository/Store Request Schedule 1/Page_Store/button_Add' is clicked on

2018-05-30 18:10:43 - [MESSAGE][PASSED] - Object: 'Object Repository/Store Request Schedule 1/Page_Store/button_Add' is clicked on

2018-05-30 18:10:43 - [TEST_STEP][PASSED] - selectOptionByIndex: All options with index in [9] are selected on object 'Object Repository/Store Request Schedule 1/Page_Store/select_--Select--Schedule 1Inj'

2018-05-30 18:10:44 - [MESSAGE][PASSED] - All options with index in [9] are selected on object 'Object Repository/Store Request Schedule 1/Page_Store/select_--Select--Schedule 1Inj'

2018-05-30 18:10:44 - [TEST_STEP][PASSED] - delay: Delayed 1 second(s)

2018-05-30 18:10:45 - [MESSAGE][PASSED] - Delayed 1 second(s)

2018-05-30 18:10:45 - [TEST_STEP][PASSED] - selectOptionByIndex: All options with index in [34] are selected on object 'Object Repository/Store Request Schedule 1/Page_Store/select_--Select--Adernaline 0.'

2018-05-30 18:10:45 - [MESSAGE][PASSED] - All options with index in [34] are selected on object 'Object Repository/Store Request Schedule 1/Page_Store/select_--Select--Adernaline 0.'

2018-05-30 18:10:45 - [TEST_STEP][PASSED] - setText: Text '100' is set on object 'Object Repository/Store Request Schedule 1/Page_Store/input_txttreat'

2018-05-30 18:10:45 - [MESSAGE][PASSED] - Text '100' is set on object 'Object Repository/Store Request Schedule 1/Page_Store/input_txttreat'

2018-05-30 18:10:45 - [TEST_STEP][PASSED] - click: Object: 'Object Repository/Store Request Schedule 1/Page_Store/button_Add' is clicked on

2018-05-30 18:10:45 - [MESSAGE][PASSED] - Object: 'Object Repository/Store Request Schedule 1/Page_Store/button_Add' is clicked on

2018-05-30 18:10:45 - [TEST_STEP][PASSED] - selectOptionByIndex: All options with index in [9] are selected on object 'Object Repository/Store Request Schedule 1/Page_Store/select_--Select--Schedule 1Inj'

2018-05-30 18:10:45 - [MESSAGE][PASSED] - All options with index in [9] are selected on object 'Object Repository/Store Request Schedule 1/Page_Store/select_--Select--Schedule 1Inj'

2018-05-30 18:10:45 - [TEST_STEP][PASSED] - delay: Delayed 1 second(s)

2018-05-30 18:10:46 - [MESSAGE][PASSED] - Delayed 1 second(s)

2018-05-30 18:10:46 - [TEST_STEP][PASSED] - selectOptionByIndex: All options with index in [35] are selected on object 'Object Repository/Store Request Schedule 1/Page_Store/select_--Select--Adernaline 0.'

2018-05-30 18:10:47 - [MESSAGE][PASSED] - All options with index in [35] are selected on object 'Object Repository/Store Request Schedule 1/Page_Store/select_--Select--Adernaline 0.'

2018-05-30 18:10:47 - [TEST_STEP][PASSED] - setText: Text '100' is set on object 'Object Repository/Store Request Schedule 1/Page_Store/input_txttreat'

2018-05-30 18:10:47 - [MESSAGE][PASSED] - Text '100' is set on object 'Object Repository/Store Request Schedule 1/Page_Store/input_txttreat'

2018-05-30 18:10:47 - [TEST_STEP][PASSED] - click: Object: 'Object Repository/Store Request Schedule 1/Page_Store/button_Add' is clicked on

2018-05-30 18:10:47 - [MESSAGE][PASSED] - Object: 'Object Repository/Store Request Schedule 1/Page_Store/button_Add' is clicked on

2018-05-30 18:10:47 - [TEST_STEP][PASSED] - delay: Delayed 2 second(s)

2018-05-30 18:10:49 - [MESSAGE][PASSED] - Delayed 2 second(s)

2018-05-30 18:10:49 - [TEST_STEP][PASSED] - scrollToElement: Scroll to object 'Object Repository/Store Request Schedule 1/Page_Store/input_btnsave' successfully

2018-05-30 18:10:49 - [MESSAGE][PASSED] - Scroll to object 'Object Repository/Store Request Schedule 1/Page_Store/input_btnsave' successfully

2018-05-30 18:10:49 - [TEST_STEP][PASSED] - click: Object: 'Object Repository/Store Request Schedule 1/Page_Store/input_btnsave' is clicked on

2018-05-30 18:10:49 - [MESSAGE][PASSED] - Object: 'Object Repository/Store Request Schedule 1/Page_Store/input_btnsave' is clicked on

2018-05-30 18:10:49 - [TEST_STEP][PASSED] - delay: Delayed 4 second(s)

2018-05-30 18:10:53 - [MESSAGE][PASSED] - Delayed 4 second(s)

2018-05-30 18:10:53 - [TEST_STEP][PASSED] - Statement - Cms_RequestNumber = com.kms.katalon.core.webui.keyword.WebUiBuiltInKeywords.getText(com.kms.katalon.core.testobject.ObjectRepository.findTestObject(Store Request Schedule 1/Page_Store/font_PRNO050520189)): Text of object 'Object Repository/Store Request Schedule 1/Page_Store/font_PRNO050520189' is: 'PRNO/30052018/483'

2018-05-30 18:10:53 - [MESSAGE][PASSED] - Text of object 'Object Repository/Store Request Schedule 1/Page_Store/font_PRNO050520189' is: 'PRNO/30052018/483'

2018-05-30 18:10:53 - [TEST_STEP][PASSED] - Statement - CR = Cms_RequestNumber.trim(): null

2018-05-30 18:10:53 - [TEST_STEP][PASSED] - Statement - out.println("RQ :" + Cms_RequestNumber): null

2018-05-30 18:10:53 - [TEST_STEP][PASSED] - Statement - RequestNumberID = Cms_RequestNumber.split("/")[2].trim(): null

2018-05-30 18:10:53 - [TEST_STEP][PASSED] - Statement - out.println("RQ ID :" + RequestNumberID): null

2018-05-30 18:10:53 - [TEST_STEP][PASSED] - delay: Delayed 3 second(s)

2018-05-30 18:10:56 - [MESSAGE][PASSED] - Delayed 3 second(s)

2018-05-30 18:10:56 - [TEST_STEP][PASSED] - Statement - ok = com.kms.katalon.core.webui.keyword.WebUiBuiltInKeywords.click(com.kms.katalon.core.testobject.ObjectRepository.findTestObject(Store Request Schedule 1/Page_Store/button_OK)): Object: 'Object Repository/Store Request Schedule 1/Page_Store/button_OK' is clicked on

2018-05-30 18:10:57 - [MESSAGE][PASSED] - Object: 'Object Repository/Store Request Schedule 1/Page_Store/button_OK' is clicked on

2018-05-30 18:10:57 - [TEST_STEP][PASSED] - delay: Delayed 3 second(s)

2018-05-30 18:11:00 - [MESSAGE][PASSED] - Delayed 3 second(s)

2018-05-30 18:11:00 - [TEST_STEP][PASSED] - click: Object: 'Object Repository/Store Request Schedule 1/Page_Store/a_dropdown-toggle' is clicked on

2018-05-30 18:11:00 - [MESSAGE][PASSED] - Object: 'Object Repository/Store Request Schedule 1/Page_Store/a_dropdown-toggle' is clicked on

2018-05-30 18:11:00 - [TEST_STEP][PASSED] - click: Object: 'Object Repository/Store Request Schedule 1/Page_Store/a_Sign out' is clicked on

2018-05-30 18:11:01 - [MESSAGE][PASSED] - Object: 'Object Repository/Store Request Schedule 1/Page_Store/a_Sign out' is clicked on

2018-05-30 18:11:01 - [TEST_STEP][PASSED] - delay: Delayed 3 second(s)

2018-05-30 18:11:04 - [MESSAGE][PASSED] - Delayed 3 second(s)

2018-05-30 18:11:04 - [TEST_STEP][PASSED] - click: Object: 'Object Repository/Store Request Schedule 1/Page_KDMC/a_CMO' is clicked on

2018-05-30 18:11:05 - [MESSAGE][PASSED] - Object: 'Object Repository/Store Request Schedule 1/Page_KDMC/a_CMO' is clicked on

2018-05-30 18:11:05 - [TEST_STEP][PASSED] - setText: Text 'guru' is set on object 'Object Repository/Store Request Schedule 1/Page_CMO login/input_txtusername'

2018-05-30 18:11:06 - [MESSAGE][PASSED] - Text 'guru' is set on object 'Object Repository/Store Request Schedule 1/Page_CMO login/input_txtusername'

2018-05-30 18:11:06 - [TEST_STEP][PASSED] - setText: Text '123' is set on object 'Object Repository/Store Request Schedule 1/Page_CMO login/input_txtpassword'

2018-05-30 18:11:06 - [MESSAGE][PASSED] - Text '123' is set on object 'Object Repository/Store Request Schedule 1/Page_CMO login/input_txtpassword'

2018-05-30 18:11:06 - [TEST_STEP][PASSED] - delay: Delayed 3 second(s)

2018-05-30 18:11:09 - [MESSAGE][PASSED] - Delayed 3 second(s)

2018-05-30 18:11:09 - [TEST_STEP][PASSED] - click: Object: 'Object Repository/Store Request Schedule 1/Page_CMO login/button_Sign in' is clicked on

2018-05-30 18:11:10 - [MESSAGE][PASSED] - Object: 'Object Repository/Store Request Schedule 1/Page_CMO login/button_Sign in' is clicked on

2018-05-30 18:11:10 - [TEST_STEP][PASSED] - delay: Delayed 2 second(s)

2018-05-30 18:11:12 - [MESSAGE][PASSED] - Delayed 2 second(s)

2018-05-30 18:11:12 - [TEST_STEP][PASSED] - click: Object: 'Object Repository/Store Request Schedule 1/Page_KDMC - CMO/span_Department Wise Request' is clicked on

2018-05-30 18:11:13 - [MESSAGE][PASSED] - Object: 'Object Repository/Store Request Schedule 1/Page_KDMC - CMO/span_Department Wise Request' is clicked on

2018-05-30 18:11:13 - [TEST_STEP][PASSED] - click: Object: 'Object Repository/Store Request Schedule 1/Page_KDMC - CMO/a_CMS Request' is clicked on

2018-05-30 18:11:13 - [MESSAGE][PASSED] - Object: 'Object Repository/Store Request Schedule 1/Page_KDMC - CMO/a_CMS Request' is clicked on

2018-05-30 18:11:13 - [TEST_STEP][PASSED] - click: Object: 'Object Repository/Store Request Schedule 1/Page_KDMC - CMO/a_CMS Request' is clicked on

2018-05-30 18:11:13 - [MESSAGE][PASSED] - Object: 'Object Repository/Store Request Schedule 1/Page_KDMC - CMO/a_CMS Request' is clicked on

2018-05-30 18:11:13 - [TEST_STEP][PASSED] - click: Object: 'Object Repository/Store Request Schedule 1/Page_KDMC - CMO/span_Divisional Store Request' is clicked on

2018-05-30 18:11:15 - [MESSAGE][PASSED] - Object: 'Object Repository/Store Request Schedule 1/Page_KDMC - CMO/span_Divisional Store Request' is clicked on

2018-05-30 18:11:15 - [TEST_STEP][PASSED] - delay: Delayed 2 second(s)

2018-05-30 18:11:17 - [MESSAGE][PASSED] - Delayed 2 second(s)

2018-05-30 18:11:17 - [TEST_STEP][PASSED] - Statement - approval = com.kms.katalon.core.webui.keyword.WebUiBuiltInKeywords.modifyObjectProperty(com.kms.katalon.core.testobject.ObjectRepository.findTestObject(Store Request Schedule 1/Page_KDMC - CMO/input_PRNO050520189), "xpath", "equals", "//*[@id=" + RequestNumberID + "]", true): Modify property of object successfully

2018-05-30 18:11:17 - [MESSAGE][PASSED] - Modify property of object successfully

2018-05-30 18:11:17 - [TEST_STEP][PASSED] - click: Object: 'Object Repository/Store Request Schedule 1/Page_KDMC - CMO/input_PRNO050520189' is clicked on

2018-05-30 18:11:17 - [MESSAGE][PASSED] - Object: 'Object Repository/Store Request Schedule 1/Page_KDMC - CMO/input_PRNO050520189' is clicked on

2018-05-30 18:11:17 - [TEST_STEP][PASSED] - delay: Delayed 2 second(s)

2018-05-30 18:11:19 - [MESSAGE][PASSED] - Delayed 2 second(s)

2018-05-30 18:11:19 - [TEST_STEP][PASSED] - selectOptionByIndex: All options with index in [1] are selected on object 'Object Repository/Store Request Schedule 1/Page_KDMC - CMO/select_--Select--'

2018-05-30 18:11:19 - [MESSAGE][PASSED] - All options with index in [1] are selected on object 'Object Repository/Store Request Schedule 1/Page_KDMC - CMO/select_--Select--'

2018-05-30 18:11:19 - [TEST_STEP][PASSED] - click: Object: 'Object Repository/Store Request Schedule 1/Page_KDMC - CMO/input_btnupdate' is clicked on

2018-05-30 18:11:19 - [MESSAGE][PASSED] - Object: 'Object Repository/Store Request Schedule 1/Page_KDMC - CMO/input_btnupdate' is clicked on

2018-05-30 18:11:19 - [TEST_STEP][PASSED] - delay: Delayed 2 second(s)

2018-05-30 18:11:21 - [MESSAGE][PASSED] - Delayed 2 second(s)

2018-05-30 18:11:21 - [TEST_STEP][PASSED] - click: Object: 'Object Repository/Store Request Schedule 1/Page_KDMC - CMO/button_OK' is clicked on

2018-05-30 18:11:22 - [MESSAGE][PASSED] - Object: 'Object Repository/Store Request Schedule 1/Page_KDMC - CMO/button_OK' is clicked on

2018-05-30 18:11:22 - [TEST_STEP][PASSED] - delay: Delayed 2 second(s)

2018-05-30 18:11:24 - [MESSAGE][PASSED] - Delayed 2 second(s)

2018-05-30 18:11:24 - [TEST_STEP][PASSED] - click: Object: 'Object Repository/Store Request Schedule 1/Page_KDMC - CMO/a_dropdown-toggle' is clicked on

2018-05-30 18:11:24 - [MESSAGE][PASSED] - Object: 'Object Repository/Store Request Schedule 1/Page_KDMC - CMO/a_dropdown-toggle' is clicked on

2018-05-30 18:11:24 - [TEST_STEP][PASSED] - click: Object: 'Object Repository/Store Request Schedule 1/Page_KDMC - CMO/a_Sign out' is clicked on

2018-05-30 18:11:25 - [MESSAGE][PASSED] - Object: 'Object Repository/Store Request Schedule 1/Page_KDMC - CMO/a_Sign out' is clicked on

2018-05-30 18:11:25 - [TEST_STEP][PASSED] - delay: Delayed 3 second(s)

2018-05-30 18:11:28 - [MESSAGE][PASSED] - Delayed 3 second(s)

2018-05-30 18:11:28 - [TEST_STEP][PASSED] - click: Object: 'Object Repository/store Request Schedule 1/Page_KDMC/a_CMS' is clicked on

2018-05-30 18:11:28 - [MESSAGE][PASSED] - Object: 'Object Repository/store Request Schedule 1/Page_KDMC/a_CMS' is clicked on

2018-05-30 18:11:28 - [TEST_STEP][PASSED] - setText: Text 'bala' is set on object 'Object Repository/store Request Schedule 1/Page_CMS login/input_txtusername'

2018-05-30 18:11:28 - [MESSAGE][PASSED] - Text 'bala' is set on object 'Object Repository/store Request Schedule 1/Page_CMS login/input_txtusername'

2018-05-30 18:11:28 - [TEST_STEP][PASSED] - setText: Text '123' is set on object 'Object Repository/store Request Schedule 1/Page_CMS login/input_txtpassword'

2018-05-30 18:11:29 - [MESSAGE][PASSED] - Text '123' is set on object 'Object Repository/store Request Schedule 1/Page_CMS login/input_txtpassword'

2018-05-30 18:11:29 - [TEST_STEP][PASSED] - delay: Delayed 3 second(s)

2018-05-30 18:11:32 - [MESSAGE][PASSED] - Delayed 3 second(s)

2018-05-30 18:11:32 - [TEST_STEP][PASSED] - click: Object: 'Object Repository/store Request Schedule 1/Page_CMS login/button_Sign in' is clicked on

2018-05-30 18:11:32 - [MESSAGE][PASSED] - Object: 'Object Repository/store Request Schedule 1/Page_CMS login/button_Sign in' is clicked on

2018-05-30 18:11:32 - [TEST_STEP][PASSED] - delay: Delayed 2 second(s)

2018-05-30 18:11:34 - [MESSAGE][PASSED] - Delayed 2 second(s)

2018-05-30 18:11:34 - [TEST_STEP][PASSED] - click: Object: 'Object Repository/store Request Schedule 1/Page_KDMC - CMS/a_Divisional Store' is clicked on

2018-05-30 18:11:34 - [MESSAGE][PASSED] - Object: 'Object Repository/store Request Schedule 1/Page_KDMC - CMS/a_Divisional Store' is clicked on

2018-05-30 18:11:34 - [TEST_STEP][PASSED] - delay: Delayed 2 second(s)

2018-05-30 18:11:36 - [MESSAGE][PASSED] - Delayed 2 second(s)

2018-05-30 18:11:36 - [TEST_STEP][PASSED] - click: Object: 'Object Repository/store Request Schedule 1/Page_KDMC - CMS/a_Dispatch Items' is clicked on

2018-05-30 18:11:37 - [MESSAGE][PASSED] - Object: 'Object Repository/store Request Schedule 1/Page_KDMC - CMS/a_Dispatch Items' is clicked on

2018-05-30 18:11:37 - [TEST_STEP][PASSED] - setText: Text 'PRNO/30052018/483' is set on object 'Object Repository/store Request Schedule 1/Page_KDMC - CMS/input'

2018-05-30 18:11:38 - [MESSAGE][PASSED] - Text 'PRNO/30052018/483' is set on object 'Object Repository/store Request Schedule 1/Page_KDMC - CMS/input'

2018-05-30 18:11:38 - [TEST_STEP][PASSED] - click: Object: 'Object Repository/store Request Schedule 1/Page_KDMC - CMS/td_text-center' is clicked on

2018-05-30 18:11:38 - [MESSAGE][PASSED] - Object: 'Object Repository/store Request Schedule 1/Page_KDMC - CMS/td_text-center' is clicked on

2018-05-30 18:11:38 - [TEST_STEP][PASSED] - delay: Delayed 2 second(s)

2018-05-30 18:11:40 - [MESSAGE][PASSED] - Delayed 2 second(s)

2018-05-30 18:11:40 - [TEST_STEP][PASSED] - Statement - For ([row = 0, row < SelectedOptions - 1, (row++)]): null

2018-05-30 18:11:40 - [TEST_STEP][PASSED] - Statement - batchlength = new com.kms.katalon.core.testobject.TestObject(): null

2018-05-30 18:11:40 - [TEST_STEP][PASSED] - Statement - batchlength = com.kms.katalon.core.webui.keyword.WebUiBuiltInKeywords.modifyObjectProperty(batchlength, "xpath", "equals", "//*[@id = "fldvendor" + row + ""]", true): Modify property of object successfully

2018-05-30 18:11:40 - [MESSAGE][PASSED] - Modify property of object successfully

2018-05-30 18:11:40 - [TEST_STEP][PASSED] - Statement - batchsize = com.kms.katalon.core.webui.keyword.WebUiBuiltInKeywords.getNumberOfTotalOption(batchlength): 12 options of object '' counted

2018-05-30 18:11:40 - [MESSAGE][PASSED] - 12 options of object '' counted

2018-05-30 18:11:40 - [TEST_STEP][PASSED] - Statement - out.println("BatchSize : " + batchsize): null

2018-05-30 18:11:40 - [TEST_STEP][PASSED] - Statement - For ([n = 1, n <= batchsize - 1, (n++)]): null

2018-05-30 18:11:40 - [TEST_STEP][PASSED] - Statement - product = new com.kms.katalon.core.testobject.TestObject(): null

2018-05-30 18:11:40 - [TEST_STEP][PASSED] - Statement - product = com.kms.katalon.core.webui.keyword.WebUiBuiltInKeywords.modifyObjectProperty(product, "xpath", "equals", "//*[@id = "fldvendor" + row + ""]", true): Modify property of object successfully

2018-05-30 18:11:40 - [MESSAGE][PASSED] - Modify property of object successfully

2018-05-30 18:11:40 - [TEST_STEP][PASSED] - selectOptionByIndex: All options with index in [1] are selected on object ''

2018-05-30 18:11:40 - [MESSAGE][PASSED] - All options with index in [1] are selected on object ''

2018-05-30 18:11:40 - [TEST_STEP][PASSED] - delay: Delayed 2 second(s)

2018-05-30 18:11:42 - [MESSAGE][PASSED] - Delayed 2 second(s)

2018-05-30 18:11:42 - [TEST_STEP][PASSED] - Statement - batch = new com.kms.katalon.core.testobject.TestObject(): null

2018-05-30 18:11:42 - [TEST_STEP][PASSED] - Statement - batch = com.kms.katalon.core.webui.keyword.WebUiBuiltInKeywords.modifyObjectProperty(batch, "xpath", "equals", "//*[@id = "txtbthqty" + row + ""]", true): Modify property of object successfully

2018-05-30 18:11:42 - [MESSAGE][PASSED] - Modify property of object successfully

2018-05-30 18:11:42 - [TEST_STEP][PASSED] - Statement - batchqty = com.kms.katalon.core.webui.keyword.WebUiBuiltInKeywords.getAttribute(batch, "value").trim(): Attribute 'value' of object '' is: '3700'

2018-05-30 18:11:42 - [MESSAGE][PASSED] - Attribute 'value' of object '' is: '3700'

2018-05-30 18:11:42 - [TEST_STEP][PASSED] - Statement - Rqty = 100: null

2018-05-30 18:11:42 - [TEST_STEP][PASSED] - Statement - out.println("BatchQty : " + batchqty): null

2018-05-30 18:11:42 - [TEST_STEP][PASSED] - Statement - out.println("RQty : " + Rqty): null

2018-05-30 18:11:42 - [TEST_STEP][PASSED] - Statement - If (java.lang.Integer.valueOf(batchqty) >= java.lang.Integer.valueOf(Rqty)): null

2018-05-30 18:11:42 - [TEST_STEP][PASSED] - Statement - Break: null

2018-05-30 18:11:42 - [TEST_STEP][PASSED] - Statement - batchlength = new com.kms.katalon.core.testobject.TestObject(): null

2018-05-30 18:11:42 - [TEST_STEP][PASSED] - Statement - batchlength = com.kms.katalon.core.webui.keyword.WebUiBuiltInKeywords.modifyObjectProperty(batchlength, "xpath", "equals", "//*[@id = "fldvendor" + row + ""]", true): Modify property of object successfully

2018-05-30 18:11:42 - [MESSAGE][PASSED] - Modify property of object successfully

2018-05-30 18:11:42 - [TEST_STEP][PASSED] - Statement - batchsize = com.kms.katalon.core.webui.keyword.WebUiBuiltInKeywords.getNumberOfTotalOption(batchlength): 12 options of object '' counted

2018-05-30 18:11:42 - [MESSAGE][PASSED] - 12 options of object '' counted

2018-05-30 18:11:42 - [TEST_STEP][PASSED] - Statement - out.println("BatchSize : " + batchsize): null

2018-05-30 18:11:42 - [TEST_STEP][PASSED] - Statement - For ([n = 1, n <= batchsize - 1, (n++)]): null

2018-05-30 18:11:42 - [TEST_STEP][PASSED] - Statement - product = new com.kms.katalon.core.testobject.TestObject(): null

2018-05-30 18:11:42 - [TEST_STEP][PASSED] - Statement - product = com.kms.katalon.core.webui.keyword.WebUiBuiltInKeywords.modifyObjectProperty(product, "xpath", "equals", "//*[@id = "fldvendor" + row + ""]", true): Modify property of object successfully

2018-05-30 18:11:42 - [MESSAGE][PASSED] - Modify property of object successfully

2018-05-30 18:11:42 - [TEST_STEP][PASSED] - selectOptionByIndex: All options with index in [1] are selected on object ''

2018-05-30 18:11:42 - [MESSAGE][PASSED] - All options with index in [1] are selected on object ''

2018-05-30 18:11:42 - [TEST_STEP][PASSED] - delay: Delayed 2 second(s)

2018-05-30 18:11:44 - [MESSAGE][PASSED] - Delayed 2 second(s)

2018-05-30 18:11:44 - [TEST_STEP][PASSED] - Statement - batch = new com.kms.katalon.core.testobject.TestObject(): null

2018-05-30 18:11:44 - [TEST_STEP][PASSED] - Statement - batch = com.kms.katalon.core.webui.keyword.WebUiBuiltInKeywords.modifyObjectProperty(batch, "xpath", "equals", "//*[@id = "txtbthqty" + row + ""]", true): Modify property of object successfully

2018-05-30 18:11:44 - [MESSAGE][PASSED] - Modify property of object successfully

2018-05-30 18:11:44 - [TEST_STEP][PASSED] - Statement - batchqty = com.kms.katalon.core.webui.keyword.WebUiBuiltInKeywords.getAttribute(batch, "value").trim(): Attribute 'value' of object '' is: '3700'

2018-05-30 18:11:44 - [MESSAGE][PASSED] - Attribute 'value' of object '' is: '3700'

2018-05-30 18:11:44 - [TEST_STEP][PASSED] - Statement - Rqty = 100: null

2018-05-30 18:11:44 - [TEST_STEP][PASSED] - Statement - out.println("BatchQty : " + batchqty): null

2018-05-30 18:11:44 - [TEST_STEP][PASSED] - Statement - out.println("RQty : " + Rqty): null

2018-05-30 18:11:44 - [TEST_STEP][PASSED] - Statement - If (java.lang.Integer.valueOf(batchqty) >= java.lang.Integer.valueOf(Rqty)): null

2018-05-30 18:11:44 - [TEST_STEP][PASSED] - Statement - Break: null

2018-05-30 18:11:44 - [TEST_STEP][PASSED] - Statement - batchlength = new com.kms.katalon.core.testobject.TestObject(): null

2018-05-30 18:11:44 - [TEST_STEP][PASSED] - Statement - batchlength = com.kms.katalon.core.webui.keyword.WebUiBuiltInKeywords.modifyObjectProperty(batchlength, "xpath", "equals", "//*[@id = "fldvendor" + row + ""]", true): Modify property of object successfully

2018-05-30 18:11:44 - [MESSAGE][PASSED] - Modify property of object successfully

2018-05-30 18:11:44 - [TEST_STEP][PASSED] - Statement - batchsize = com.kms.katalon.core.webui.keyword.WebUiBuiltInKeywords.getNumberOfTotalOption(batchlength): 12 options of object '' counted

2018-05-30 18:11:44 - [MESSAGE][PASSED] - 12 options of object '' counted

2018-05-30 18:11:44 - [TEST_STEP][PASSED] - Statement - out.println("BatchSize : " + batchsize): null

2018-05-30 18:11:44 - [TEST_STEP][PASSED] - Statement - For ([n = 1, n <= batchsize - 1, (n++)]): null

2018-05-30 18:11:44 - [TEST_STEP][PASSED] - Statement - product = new com.kms.katalon.core.testobject.TestObject(): null

2018-05-30 18:11:44 - [TEST_STEP][PASSED] - Statement - product = com.kms.katalon.core.webui.keyword.WebUiBuiltInKeywords.modifyObjectProperty(product, "xpath", "equals", "//*[@id = "fldvendor" + row + ""]", true): Modify property of object successfully

2018-05-30 18:11:44 - [MESSAGE][PASSED] - Modify property of object successfully

2018-05-30 18:11:44 - [TEST_STEP][PASSED] - selectOptionByIndex: All options with index in [1] are selected on object ''

2018-05-30 18:11:45 - [MESSAGE][PASSED] - All options with index in [1] are selected on object ''

2018-05-30 18:11:45 - [TEST_STEP][PASSED] - delay: Delayed 2 second(s)

2018-05-30 18:11:47 - [MESSAGE][PASSED] - Delayed 2 second(s)

2018-05-30 18:11:47 - [TEST_STEP][PASSED] - Statement - batch = new com.kms.katalon.core.testobject.TestObject(): null

2018-05-30 18:11:47 - [TEST_STEP][PASSED] - Statement - batch = com.kms.katalon.core.webui.keyword.WebUiBuiltInKeywords.modifyObjectProperty(batch, "xpath", "equals", "//*[@id = "txtbthqty" + row + ""]", true): Modify property of object successfully

2018-05-30 18:11:47 - [MESSAGE][PASSED] - Modify property of object successfully

2018-05-30 18:11:47 - [TEST_STEP][PASSED] - Statement - batchqty = com.kms.katalon.core.webui.keyword.WebUiBuiltInKeywords.getAttribute(batch, "value").trim(): Attribute 'value' of object '' is: '31500'

2018-05-30 18:11:47 - [MESSAGE][PASSED] - Attribute 'value' of object '' is: '31500'

2018-05-30 18:11:47 - [TEST_STEP][PASSED] - Statement - Rqty = 100: null

2018-05-30 18:11:47 - [TEST_STEP][PASSED] - Statement - out.println("BatchQty : " + batchqty): null

2018-05-30 18:11:47 - [TEST_STEP][PASSED] - Statement - out.println("RQty : " + Rqty): null

2018-05-30 18:11:47 - [TEST_STEP][PASSED] - Statement - If (java.lang.Integer.valueOf(batchqty) >= java.lang.Integer.valueOf(Rqty)): null

2018-05-30 18:11:47 - [TEST_STEP][PASSED] - Statement - Break: null

2018-05-30 18:11:47 - [TEST_STEP][PASSED] - Statement - batchlength = new com.kms.katalon.core.testobject.TestObject(): null

2018-05-30 18:11:47 - [TEST_STEP][PASSED] - Statement - batchlength = com.kms.katalon.core.webui.keyword.WebUiBuiltInKeywords.modifyObjectProperty(batchlength, "xpath", "equals", "//*[@id = "fldvendor" + row + ""]", true): Modify property of object successfully

2018-05-30 18:11:47 - [MESSAGE][PASSED] - Modify property of object successfully

2018-05-30 18:11:47 - [TEST_STEP][PASSED] - Statement - batchsize = com.kms.katalon.core.webui.keyword.WebUiBuiltInKeywords.getNumberOfTotalOption(batchlength): 12 options of object '' counted

2018-05-30 18:11:47 - [MESSAGE][PASSED] - 12 options of object '' counted

2018-05-30 18:12:10 - [TEST_STEP][PASSED] - Statement - out.println("BatchSize : " + batchsize): null

2018-05-30 18:12:10 - [TEST_STEP][PASSED] - Statement - For ([n = 1, n <= batchsize - 1, (n++)]): null

2018-05-30 18:12:10 - [TEST_STEP][PASSED] - Statement - product = new com.kms.katalon.core.testobject.TestObject(): null

2018-05-30 18:12:10 - [TEST_STEP][PASSED] - Statement - product = com.kms.katalon.core.webui.keyword.WebUiBuiltInKeywords.modifyObjectProperty(product, "xpath", "equals", "//*[@id = "fldvendor" + row + ""]", true): Modify property of object successfully

2018-05-30 18:12:10 - [MESSAGE][PASSED] - Modify property of object successfully

2018-05-30 18:12:10 - [TEST_STEP][PASSED] - selectOptionByIndex: All options with index in [1] are selected on object ''

2018-05-30 18:12:10 - [MESSAGE][PASSED] - All options with index in [1] are selected on object ''

2018-05-30 18:12:10 - [TEST_STEP][PASSED] - delay: Delayed 2 second(s)

2018-05-30 18:12:12 - [MESSAGE][PASSED] - Delayed 2 second(s)

2018-05-30 18:12:12 - [TEST_STEP][PASSED] - Statement - batch = new com.kms.katalon.core.testobject.TestObject(): null

2018-05-30 18:12:12 - [TEST_STEP][PASSED] - Statement - batch = com.kms.katalon.core.webui.keyword.WebUiBuiltInKeywords.modifyObjectProperty(batch, "xpath", "equals", "//*[@id = "txtbthqty" + row + ""]", true): Modify property of object successfully

2018-05-30 18:12:12 - [MESSAGE][PASSED] - Modify property of object successfully

2018-05-30 18:12:12 - [TEST_STEP][PASSED] - Statement - batchqty = com.kms.katalon.core.webui.keyword.WebUiBuiltInKeywords.getAttribute(batch, "value").trim(): Attribute 'value' of object '' is: '30500'

2018-05-30 18:12:12 - [MESSAGE][PASSED] - Attribute 'value' of object '' is: '30500'

2018-05-30 18:12:12 - [TEST_STEP][PASSED] - Statement - Rqty = 100: null

2018-05-30 18:12:12 - [TEST_STEP][PASSED] - Statement - out.println("BatchQty : " + batchqty): null

2018-05-30 18:12:12 - [TEST_STEP][PASSED] - Statement - out.println("RQty : " + Rqty): null

2018-05-30 18:12:12 - [TEST_STEP][PASSED] - Statement - If (java.lang.Integer.valueOf(batchqty) >= java.lang.Integer.valueOf(Rqty)): null

2018-05-30 18:12:12 - [TEST_STEP][PASSED] - Statement - Break: null

2018-05-30 18:12:12 - [TEST_STEP][PASSED] - Statement - batchlength = new com.kms.katalon.core.testobject.TestObject(): null

2018-05-30 18:12:12 - [TEST_STEP][PASSED] - Statement - batchlength = com.kms.katalon.core.webui.keyword.WebUiBuiltInKeywords.modifyObjectProperty(batchlength, "xpath", "equals", "//*[@id = "fldvendor" + row + ""]", true): Modify property of object successfully

2018-05-30 18:12:12 - [MESSAGE][PASSED] - Modify property of object successfully

2018-05-30 18:12:12 - [TEST_STEP][PASSED] - Statement - batchsize = com.kms.katalon.core.webui.keyword.WebUiBuiltInKeywords.getNumberOfTotalOption(batchlength): 12 options of object '' counted

2018-05-30 18:12:12 - [MESSAGE][PASSED] - 12 options of object '' counted

2018-05-30 18:12:12 - [TEST_STEP][PASSED] - Statement - out.println("BatchSize : " + batchsize): null

2018-05-30 18:12:12 - [TEST_STEP][PASSED] - Statement - For ([n = 1, n <= batchsize - 1, (n++)]): null

2018-05-30 18:12:12 - [TEST_STEP][PASSED] - Statement - product = new com.kms.katalon.core.testobject.TestObject(): null

2018-05-30 18:12:12 - [TEST_STEP][PASSED] - Statement - product = com.kms.katalon.core.webui.keyword.WebUiBuiltInKeywords.modifyObjectProperty(product, "xpath", "equals", "//*[@id = "fldvendor" + row + ""]", true): Modify property of object successfully

2018-05-30 18:12:12 - [MESSAGE][PASSED] - Modify property of object successfully

2018-05-30 18:12:12 - [TEST_STEP][PASSED] - selectOptionByIndex: All options with index in [1] are selected on object ''

2018-05-30 18:12:12 - [MESSAGE][PASSED] - All options with index in [1] are selected on object ''

2018-05-30 18:12:12 - [TEST_STEP][PASSED] - delay: Delayed 2 second(s)

2018-05-30 18:12:14 - [MESSAGE][PASSED] - Delayed 2 second(s)

2018-05-30 18:12:14 - [TEST_STEP][PASSED] - Statement - batch = new com.kms.katalon.core.testobject.TestObject(): null

2018-05-30 18:12:14 - [TEST_STEP][PASSED] - Statement - batch = com.kms.katalon.core.webui.keyword.WebUiBuiltInKeywords.modifyObjectProperty(batch, "xpath", "equals", "//*[@id = "txtbthqty" + row + ""]", true): Modify property of object successfully

2018-05-30 18:12:14 - [MESSAGE][PASSED] - Modify property of object successfully

2018-05-30 18:12:14 - [TEST_STEP][PASSED] - Statement - batchqty = com.kms.katalon.core.webui.keyword.WebUiBuiltInKeywords.getAttribute(batch, "value").trim(): Attribute 'value' of object '' is: '3700'

2018-05-30 18:12:14 - [MESSAGE][PASSED] - Attribute 'value' of object '' is: '3700'

2018-05-30 18:12:14 - [TEST_STEP][PASSED] - Statement - Rqty = 100: null

2018-05-30 18:12:14 - [TEST_STEP][PASSED] - Statement - out.println("BatchQty : " + batchqty): null

2018-05-30 18:12:14 - [TEST_STEP][PASSED] - Statement - out.println("RQty : " + Rqty): null

2018-05-30 18:12:14 - [TEST_STEP][PASSED] - Statement - If (java.lang.Integer.valueOf(batchqty) >= java.lang.Integer.valueOf(Rqty)): null

2018-05-30 18:12:14 - [TEST_STEP][PASSED] - Statement - Break: null

2018-05-30 18:12:14 - [TEST_STEP][PASSED] - Statement - batchlength = new com.kms.katalon.core.testobject.TestObject(): null

2018-05-30 18:12:14 - [TEST_STEP][PASSED] - Statement - batchlength = com.kms.katalon.core.webui.keyword.WebUiBuiltInKeywords.modifyObjectProperty(batchlength, "xpath", "equals", "//*[@id = "fldvendor" + row + ""]", true): Modify property of object successfully

2018-05-30 18:12:14 - [MESSAGE][PASSED] - Modify property of object successfully

2018-05-30 18:12:14 - [TEST_STEP][PASSED] - Statement - batchsize = com.kms.katalon.core.webui.keyword.WebUiBuiltInKeywords.getNumberOfTotalOption(batchlength): 12 options of object '' counted

2018-05-30 18:12:15 - [MESSAGE][PASSED] - 12 options of object '' counted

2018-05-30 18:12:15 - [TEST_STEP][PASSED] - Statement - out.println("BatchSize : " + batchsize): null

2018-05-30 18:12:15 - [TEST_STEP][PASSED] - Statement - For ([n = 1, n <= batchsize - 1, (n++)]): null

2018-05-30 18:12:15 - [TEST_STEP][PASSED] - Statement - product = new com.kms.katalon.core.testobject.TestObject(): null

2018-05-30 18:12:15 - [TEST_STEP][PASSED] - Statement - product = com.kms.katalon.core.webui.keyword.WebUiBuiltInKeywords.modifyObjectProperty(product, "xpath", "equals", "//*[@id = "fldvendor" + row + ""]", true): Modify property of object successfully

2018-05-30 18:12:15 - [MESSAGE][PASSED] - Modify property of object successfully

2018-05-30 18:12:15 - [TEST_STEP][PASSED] - selectOptionByIndex: All options with index in [1] are selected on object ''

2018-05-30 18:12:15 - [MESSAGE][PASSED] - All options with index in [1] are selected on object ''

2018-05-30 18:12:15 - [TEST_STEP][PASSED] - delay: Delayed 2 second(s)

2018-05-30 18:12:17 - [MESSAGE][PASSED] - Delayed 2 second(s)

2018-05-30 18:12:17 - [TEST_STEP][PASSED] - Statement - batch = new com.kms.katalon.core.testobject.TestObject(): null

2018-05-30 18:12:17 - [TEST_STEP][PASSED] - Statement - batch = com.kms.katalon.core.webui.keyword.WebUiBuiltInKeywords.modifyObjectProperty(batch, "xpath", "equals", "//*[@id = "txtbthqty" + row + ""]", true): Modify property of object successfully

2018-05-30 18:12:17 - [MESSAGE][PASSED] - Modify property of object successfully

2018-05-30 18:12:17 - [TEST_STEP][PASSED] - Statement - batchqty = com.kms.katalon.core.webui.keyword.WebUiBuiltInKeywords.getAttribute(batch, "value").trim(): Attribute 'value' of object '' is: '37700'

2018-05-30 18:12:17 - [MESSAGE][PASSED] - Attribute 'value' of object '' is: '37700'

2018-05-30 18:12:17 - [TEST_STEP][PASSED] - Statement - Rqty = 100: null

2018-05-30 18:12:17 - [TEST_STEP][PASSED] - Statement - out.println("BatchQty : " + batchqty): null

2018-05-30 18:12:17 - [TEST_STEP][PASSED] - Statement - out.println("RQty : " + Rqty): null

2018-05-30 18:12:17 - [TEST_STEP][PASSED] - Statement - If (java.lang.Integer.valueOf(batchqty) >= java.lang.Integer.valueOf(Rqty)): null

2018-05-30 18:12:17 - [TEST_STEP][PASSED] - Statement - Break: null

2018-05-30 18:12:17 - [TEST_STEP][PASSED] - Statement - batchlength = new com.kms.katalon.core.testobject.TestObject(): null

2018-05-30 18:12:17 - [TEST_STEP][PASSED] - Statement - batchlength = com.kms.katalon.core.webui.keyword.WebUiBuiltInKeywords.modifyObjectProperty(batchlength, "xpath", "equals", "//*[@id = "fldvendor" + row + ""]", true): Modify property of object successfully

2018-05-30 18:12:17 - [MESSAGE][PASSED] - Modify property of object successfully

2018-05-30 18:12:17 - [TEST_STEP][PASSED] - Statement - batchsize = com.kms.katalon.core.webui.keyword.WebUiBuiltInKeywords.getNumberOfTotalOption(batchlength): 12 options of object '' counted

2018-05-30 18:12:17 - [MESSAGE][PASSED] - 12 options of object '' counted

2018-05-30 18:12:17 - [TEST_STEP][PASSED] - Statement - out.println("BatchSize : " + batchsize): null

2018-05-30 18:12:17 - [TEST_STEP][PASSED] - Statement - For ([n = 1, n <= batchsize - 1, (n++)]): null

2018-05-30 18:12:17 - [TEST_STEP][PASSED] - Statement - product = new com.kms.katalon.core.testobject.TestObject(): null

2018-05-30 18:12:17 - [TEST_STEP][PASSED] - Statement - product = com.kms.katalon.core.webui.keyword.WebUiBuiltInKeywords.modifyObjectProperty(product, "xpath", "equals", "//*[@id = "fldvendor" + row + ""]", true): Modify property of object successfully

2018-05-30 18:12:17 - [MESSAGE][PASSED] - Modify property of object successfully

2018-05-30 18:12:17 - [TEST_STEP][PASSED] - selectOptionByIndex: All options with index in [1] are selected on object ''

2018-05-30 18:12:17 - [MESSAGE][PASSED] - All options with index in [1] are selected on object ''

2018-05-30 18:12:17 - [TEST_STEP][PASSED] - delay: Delayed 2 second(s)

2018-05-30 18:12:19 - [MESSAGE][PASSED] - Delayed 2 second(s)

2018-05-30 18:12:19 - [TEST_STEP][PASSED] - Statement - batch = new com.kms.katalon.core.testobject.TestObject(): null

2018-05-30 18:12:19 - [TEST_STEP][PASSED] - Statement - batch = com.kms.katalon.core.webui.keyword.WebUiBuiltInKeywords.modifyObjectProperty(batch, "xpath", "equals", "//*[@id = "txtbthqty" + row + ""]", true): Modify property of object successfully

2018-05-30 18:12:19 - [MESSAGE][PASSED] - Modify property of object successfully

2018-05-30 18:12:19 - [TEST_STEP][PASSED] - Statement - batchqty = com.kms.katalon.core.webui.keyword.WebUiBuiltInKeywords.getAttribute(batch, "value").trim(): Attribute 'value' of object '' is: '3700'

2018-05-30 18:12:19 - [MESSAGE][PASSED] - Attribute 'value' of object '' is: '3700'

2018-05-30 18:12:19 - [TEST_STEP][PASSED] - Statement - Rqty = 100: null

2018-05-30 18:12:19 - [TEST_STEP][PASSED] - Statement - out.println("BatchQty : " + batchqty): null

2018-05-30 18:12:19 - [TEST_STEP][PASSED] - Statement - out.println("RQty : " + Rqty): null

2018-05-30 18:12:19 - [TEST_STEP][PASSED] - Statement - If (java.lang.Integer.valueOf(batchqty) >= java.lang.Integer.valueOf(Rqty)): null

2018-05-30 18:12:19 - [TEST_STEP][PASSED] - Statement - Break: null

2018-05-30 18:12:19 - [TEST_STEP][PASSED] - Statement - batchlength = new com.kms.katalon.core.testobject.TestObject(): null

2018-05-30 18:12:19 - [TEST_STEP][PASSED] - Statement - batchlength = com.kms.katalon.core.webui.keyword.WebUiBuiltInKeywords.modifyObjectProperty(batchlength, "xpath", "equals", "//*[@id = "fldvendor" + row + ""]", true): Modify property of object successfully

2018-05-30 18:12:19 - [MESSAGE][PASSED] - Modify property of object successfully

2018-05-30 18:12:19 - [TEST_STEP][PASSED] - Statement - batchsize = com.kms.katalon.core.webui.keyword.WebUiBuiltInKeywords.getNumberOfTotalOption(batchlength): 12 options of object '' counted

2018-05-30 18:12:19 - [MESSAGE][PASSED] - 12 options of object '' counted

2018-05-30 18:12:19 - [TEST_STEP][PASSED] - Statement - out.println("BatchSize : " + batchsize): null

2018-05-30 18:12:19 - [TEST_STEP][PASSED] - Statement - For ([n = 1, n <= batchsize - 1, (n++)]): null

2018-05-30 18:12:19 - [TEST_STEP][PASSED] - Statement - product = new com.kms.katalon.core.testobject.TestObject(): null

2018-05-30 18:12:19 - [TEST_STEP][PASSED] - Statement - product = com.kms.katalon.core.webui.keyword.WebUiBuiltInKeywords.modifyObjectProperty(product, "xpath", "equals", "//*[@id = "fldvendor" + row + ""]", true): Modify property of object successfully

2018-05-30 18:12:19 - [MESSAGE][PASSED] - Modify property of object successfully

2018-05-30 18:12:19 - [TEST_STEP][PASSED] - selectOptionByIndex: All options with index in [1] are selected on object ''

2018-05-30 18:12:19 - [MESSAGE][PASSED] - All options with index in [1] are selected on object ''

2018-05-30 18:12:19 - [TEST_STEP][PASSED] - delay: Delayed 2 second(s)

2018-05-30 18:12:21 - [MESSAGE][PASSED] - Delayed 2 second(s)

2018-05-30 18:12:21 - [TEST_STEP][PASSED] - Statement - batch = new com.kms.katalon.core.testobject.TestObject(): null

2018-05-30 18:12:21 - [TEST_STEP][PASSED] - Statement - batch = com.kms.katalon.core.webui.keyword.WebUiBuiltInKeywords.modifyObjectProperty(batch, "xpath", "equals", "//*[@id = "txtbthqty" + row + ""]", true): Modify property of object successfully

2018-05-30 18:12:21 - [MESSAGE][PASSED] - Modify property of object successfully

2018-05-30 18:12:21 - [TEST_STEP][PASSED] - Statement - batchqty = com.kms.katalon.core.webui.keyword.WebUiBuiltInKeywords.getAttribute(batch, "value").trim(): Attribute 'value' of object '' is: '5000'

2018-05-30 18:12:21 - [MESSAGE][PASSED] - Attribute 'value' of object '' is: '5000'

2018-05-30 18:12:21 - [TEST_STEP][PASSED] - Statement - Rqty = 100: null

2018-05-30 18:12:21 - [TEST_STEP][PASSED] - Statement - out.println("BatchQty : " + batchqty): null

2018-05-30 18:12:21 - [TEST_STEP][PASSED] - Statement - out.println("RQty : " + Rqty): null

2018-05-30 18:12:21 - [TEST_STEP][PASSED] - Statement - If (java.lang.Integer.valueOf(batchqty) >= java.lang.Integer.valueOf(Rqty)): null

2018-05-30 18:12:21 - [TEST_STEP][PASSED] - Statement - Break: null

2018-05-30 18:12:21 - [TEST_STEP][PASSED] - Statement - batchlength = new com.kms.katalon.core.testobject.TestObject(): null

2018-05-30 18:12:21 - [TEST_STEP][PASSED] - Statement - batchlength = com.kms.katalon.core.webui.keyword.WebUiBuiltInKeywords.modifyObjectProperty(batchlength, "xpath", "equals", "//*[@id = "fldvendor" + row + ""]", true): Modify property of object successfully

2018-05-30 18:12:21 - [MESSAGE][PASSED] - Modify property of object successfully

2018-05-30 18:12:21 - [TEST_STEP][PASSED] - Statement - batchsize = com.kms.katalon.core.webui.keyword.WebUiBuiltInKeywords.getNumberOfTotalOption(batchlength): 12 options of object '' counted

2018-05-30 18:12:21 - [MESSAGE][PASSED] - 12 options of object '' counted

2018-05-30 18:12:21 - [TEST_STEP][PASSED] - Statement - out.println("BatchSize : " + batchsize): null

2018-05-30 18:12:21 - [TEST_STEP][PASSED] - Statement - For ([n = 1, n <= batchsize - 1, (n++)]): null

2018-05-30 18:12:21 - [TEST_STEP][PASSED] - Statement - product = new com.kms.katalon.core.testobject.TestObject(): null

2018-05-30 18:12:21 - [TEST_STEP][PASSED] - Statement - product = com.kms.katalon.core.webui.keyword.WebUiBuiltInKeywords.modifyObjectProperty(product, "xpath", "equals", "//*[@id = "fldvendor" + row + ""]", true): Modify property of object successfully

2018-05-30 18:12:21 - [MESSAGE][PASSED] - Modify property of object successfully

2018-05-30 18:12:21 - [TEST_STEP][PASSED] - selectOptionByIndex: All options with index in [1] are selected on object ''

2018-05-30 18:12:21 - [MESSAGE][PASSED] - All options with index in [1] are selected on object ''

2018-05-30 18:12:21 - [TEST_STEP][PASSED] - delay: Delayed 2 second(s)

2018-05-30 18:12:23 - [MESSAGE][PASSED] - Delayed 2 second(s)

2018-05-30 18:12:23 - [TEST_STEP][PASSED] - Statement - batch = new com.kms.katalon.core.testobject.TestObject(): null

2018-05-30 18:12:23 - [TEST_STEP][PASSED] - Statement - batch = com.kms.katalon.core.webui.keyword.WebUiBuiltInKeywords.modifyObjectProperty(batch, "xpath", "equals", "//*[@id = "txtbthqty" + row + ""]", true): Modify property of object successfully

2018-05-30 18:12:23 - [MESSAGE][PASSED] - Modify property of object successfully

2018-05-30 18:12:23 - [TEST_STEP][PASSED] - Statement - batchqty = com.kms.katalon.core.webui.keyword.WebUiBuiltInKeywords.getAttribute(batch, "value").trim(): Attribute 'value' of object '' is: '3700'

2018-05-30 18:12:23 - [MESSAGE][PASSED] - Attribute 'value' of object '' is: '3700'

2018-05-30 18:12:23 - [TEST_STEP][PASSED] - Statement - Rqty = 100: null

2018-05-30 18:12:23 - [TEST_STEP][PASSED] - Statement - out.println("BatchQty : " + batchqty): null

2018-05-30 18:12:23 - [TEST_STEP][PASSED] - Statement - out.println("RQty : " + Rqty): null

2018-05-30 18:12:23 - [TEST_STEP][PASSED] - Statement - If (java.lang.Integer.valueOf(batchqty) >= java.lang.Integer.valueOf(Rqty)): null

2018-05-30 18:12:23 - [TEST_STEP][PASSED] - Statement - Break: null

2018-05-30 18:12:23 - [TEST_STEP][PASSED] - Statement - batchlength = new com.kms.katalon.core.testobject.TestObject(): null

2018-05-30 18:12:23 - [TEST_STEP][PASSED] - Statement - batchlength = com.kms.katalon.core.webui.keyword.WebUiBuiltInKeywords.modifyObjectProperty(batchlength, "xpath", "equals", "//*[@id = "fldvendor" + row + ""]", true): Modify property of object successfully

2018-05-30 18:12:23 - [MESSAGE][PASSED] - Modify property of object successfully

2018-05-30 18:12:23 - [TEST_STEP][PASSED] - Statement - batchsize = com.kms.katalon.core.webui.keyword.WebUiBuiltInKeywords.getNumberOfTotalOption(batchlength): 12 options of object '' counted

2018-05-30 18:12:24 - [MESSAGE][PASSED] - 12 options of object '' counted

2018-05-30 18:12:24 - [TEST_STEP][PASSED] - Statement - out.println("BatchSize : " + batchsize): null

2018-05-30 18:12:24 - [TEST_STEP][PASSED] - Statement - For ([n = 1, n <= batchsize - 1, (n++)]): null

2018-05-30 18:12:24 - [TEST_STEP][PASSED] - Statement - product = new com.kms.katalon.core.testobject.TestObject(): null

2018-05-30 18:12:24 - [TEST_STEP][PASSED] - Statement - product = com.kms.katalon.core.webui.keyword.WebUiBuiltInKeywords.modifyObjectProperty(product, "xpath", "equals", "//*[@id = "fldvendor" + row + ""]", true): Modify property of object successfully

2018-05-30 18:12:24 - [MESSAGE][PASSED] - Modify property of object successfully

2018-05-30 18:12:24 - [TEST_STEP][PASSED] - selectOptionByIndex: All options with index in [1] are selected on object ''

2018-05-30 18:12:24 - [MESSAGE][PASSED] - All options with index in [1] are selected on object ''

2018-05-30 18:12:24 - [TEST_STEP][PASSED] - delay: Delayed 2 second(s)

2018-05-30 18:12:26 - [MESSAGE][PASSED] - Delayed 2 second(s)

2018-05-30 18:12:26 - [TEST_STEP][PASSED] - Statement - batch = new com.kms.katalon.core.testobject.TestObject(): null

2018-05-30 18:12:26 - [TEST_STEP][PASSED] - Statement - batch = com.kms.katalon.core.webui.keyword.WebUiBuiltInKeywords.modifyObjectProperty(batch, "xpath", "equals", "//*[@id = "txtbthqty" + row + ""]", true): Modify property of object successfully

2018-05-30 18:12:26 - [MESSAGE][PASSED] - Modify property of object successfully

2018-05-30 18:12:26 - [TEST_STEP][PASSED] - Statement - batchqty = com.kms.katalon.core.webui.keyword.WebUiBuiltInKeywords.getAttribute(batch, "value").trim(): Attribute 'value' of object '' is: '3700'

2018-05-30 18:12:26 - [MESSAGE][PASSED] - Attribute 'value' of object '' is: '3700'

2018-05-30 18:12:26 - [TEST_STEP][PASSED] - Statement - Rqty = 100: null

2018-05-30 18:12:26 - [TEST_STEP][PASSED] - Statement - out.println("BatchQty : " + batchqty): null

2018-05-30 18:12:26 - [TEST_STEP][PASSED] - Statement - out.println("RQty : " + Rqty): null

2018-05-30 18:12:26 - [TEST_STEP][PASSED] - Statement - If (java.lang.Integer.valueOf(batchqty) >= java.lang.Integer.valueOf(Rqty)): null

2018-05-30 18:12:26 - [TEST_STEP][PASSED] - Statement - Break: null

2018-05-30 18:12:26 - [TEST_STEP][PASSED] - Statement - batchlength = new com.kms.katalon.core.testobject.TestObject(): null

2018-05-30 18:12:26 - [TEST_STEP][PASSED] - Statement - batchlength = com.kms.katalon.core.webui.keyword.WebUiBuiltInKeywords.modifyObjectProperty(batchlength, "xpath", "equals", "//*[@id = "fldvendor" + row + ""]", true): Modify property of object successfully

2018-05-30 18:12:26 - [MESSAGE][PASSED] - Modify property of object successfully

2018-05-30 18:12:26 - [TEST_STEP][PASSED] - Statement - batchsize = com.kms.katalon.core.webui.keyword.WebUiBuiltInKeywords.getNumberOfTotalOption(batchlength): 12 options of object '' counted

2018-05-30 18:12:26 - [MESSAGE][PASSED] - 12 options of object '' counted

2018-05-30 18:12:26 - [TEST_STEP][PASSED] - Statement - out.println("BatchSize : " + batchsize): null

2018-05-30 18:12:26 - [TEST_STEP][PASSED] - Statement - For ([n = 1, n <= batchsize - 1, (n++)]): null

2018-05-30 18:12:26 - [TEST_STEP][PASSED] - Statement - product = new com.kms.katalon.core.testobject.TestObject(): null

2018-05-30 18:12:26 - [TEST_STEP][PASSED] - Statement - product = com.kms.katalon.core.webui.keyword.WebUiBuiltInKeywords.modifyObjectProperty(product, "xpath", "equals", "//*[@id = "fldvendor" + row + ""]", true): Modify property of object successfully

2018-05-30 18:12:26 - [MESSAGE][PASSED] - Modify property of object successfully

2018-05-30 18:12:26 - [TEST_STEP][PASSED] - selectOptionByIndex: All options with index in [1] are selected on object ''

2018-05-30 18:12:26 - [MESSAGE][PASSED] - All options with index in [1] are selected on object ''

2018-05-30 18:12:26 - [TEST_STEP][PASSED] - delay: Delayed 2 second(s)

2018-05-30 18:12:28 - [MESSAGE][PASSED] - Delayed 2 second(s)

2018-05-30 18:12:28 - [TEST_STEP][PASSED] - Statement - batch = new com.kms.katalon.core.testobject.TestObject(): null

2018-05-30 18:12:28 - [TEST_STEP][PASSED] - Statement - batch = com.kms.katalon.core.webui.keyword.WebUiBuiltInKeywords.modifyObjectProperty(batch, "xpath", "equals", "//*[@id = "txtbthqty" + row + ""]", true): Modify property of object successfully

2018-05-30 18:12:28 - [MESSAGE][PASSED] - Modify property of object successfully

2018-05-30 18:12:28 - [TEST_STEP][PASSED] - Statement - batchqty = com.kms.katalon.core.webui.keyword.WebUiBuiltInKeywords.getAttribute(batch, "value").trim(): Attribute 'value' of object '' is: '4700'

2018-05-30 18:12:28 - [MESSAGE][PASSED] - Attribute 'value' of object '' is: '4700'

2018-05-30 18:12:28 - [TEST_STEP][PASSED] - Statement - Rqty = 100: null

2018-05-30 18:12:28 - [TEST_STEP][PASSED] - Statement - out.println("BatchQty : " + batchqty): null

2018-05-30 18:12:28 - [TEST_STEP][PASSED] - Statement - out.println("RQty : " + Rqty): null

2018-05-30 18:12:28 - [TEST_STEP][PASSED] - Statement - If (java.lang.Integer.valueOf(batchqty) >= java.lang.Integer.valueOf(Rqty)): null

2018-05-30 18:12:28 - [TEST_STEP][PASSED] - Statement - Break: null

2018-05-30 18:12:28 - [TEST_STEP][PASSED] - Statement - batchlength = new com.kms.katalon.core.testobject.TestObject(): null

2018-05-30 18:12:28 - [TEST_STEP][PASSED] - Statement - batchlength = com.kms.katalon.core.webui.keyword.WebUiBuiltInKeywords.modifyObjectProperty(batchlength, "xpath", "equals", "//*[@id = "fldvendor" + row + ""]", true): Modify property of object successfully

2018-05-30 18:12:28 - [MESSAGE][PASSED] - Modify property of object successfully

2018-05-30 18:12:28 - [TEST_STEP][PASSED] - Statement - batchsize = com.kms.katalon.core.webui.keyword.WebUiBuiltInKeywords.getNumberOfTotalOption(batchlength): 12 options of object '' counted

2018-05-30 18:12:28 - [MESSAGE][PASSED] - 12 options of object '' counted

2018-05-30 18:12:28 - [TEST_STEP][PASSED] - Statement - out.println("BatchSize : " + batchsize): null

2018-05-30 18:12:28 - [TEST_STEP][PASSED] - Statement - For ([n = 1, n <= batchsize - 1, (n++)]): null

2018-05-30 18:12:28 - [TEST_STEP][PASSED] - Statement - product = new com.kms.katalon.core.testobject.TestObject(): null

2018-05-30 18:12:28 - [TEST_STEP][PASSED] - Statement - product = com.kms.katalon.core.webui.keyword.WebUiBuiltInKeywords.modifyObjectProperty(product, "xpath", "equals", "//*[@id = "fldvendor" + row + ""]", true): Modify property of object successfully

2018-05-30 18:12:28 - [MESSAGE][PASSED] - Modify property of object successfully

2018-05-30 18:12:28 - [TEST_STEP][PASSED] - selectOptionByIndex: All options with index in [1] are selected on object ''

2018-05-30 18:12:28 - [MESSAGE][PASSED] - All options with index in [1] are selected on object ''

2018-05-30 18:12:28 - [TEST_STEP][PASSED] - delay: Delayed 2 second(s)

2018-05-30 18:12:30 - [MESSAGE][PASSED] - Delayed 2 second(s)

2018-05-30 18:12:30 - [TEST_STEP][PASSED] - Statement - batch = new com.kms.katalon.core.testobject.TestObject(): null

2018-05-30 18:12:30 - [TEST_STEP][PASSED] - Statement - batch = com.kms.katalon.core.webui.keyword.WebUiBuiltInKeywords.modifyObjectProperty(batch, "xpath", "equals", "//*[@id = "txtbthqty" + row + ""]", true): Modify property of object successfully

2018-05-30 18:12:30 - [MESSAGE][PASSED] - Modify property of object successfully

2018-05-30 18:12:30 - [TEST_STEP][PASSED] - Statement - batchqty = com.kms.katalon.core.webui.keyword.WebUiBuiltInKeywords.getAttribute(batch, "value").trim(): Attribute 'value' of object '' is: '4700'

2018-05-30 18:12:30 - [MESSAGE][PASSED] - Attribute 'value' of object '' is: '4700'

2018-05-30 18:12:30 - [TEST_STEP][PASSED] - Statement - Rqty = 100: null

2018-05-30 18:12:30 - [TEST_STEP][PASSED] - Statement - out.println("BatchQty : " + batchqty): null

2018-05-30 18:12:30 - [TEST_STEP][PASSED] - Statement - out.println("RQty : " + Rqty): null

2018-05-30 18:12:30 - [TEST_STEP][PASSED] - Statement - If (java.lang.Integer.valueOf(batchqty) >= java.lang.Integer.valueOf(Rqty)): null

2018-05-30 18:12:30 - [TEST_STEP][PASSED] - Statement - Break: null

2018-05-30 18:12:30 - [TEST_STEP][PASSED] - Statement - batchlength = new com.kms.katalon.core.testobject.TestObject(): null

2018-05-30 18:12:30 - [TEST_STEP][PASSED] - Statement - batchlength = com.kms.katalon.core.webui.keyword.WebUiBuiltInKeywords.modifyObjectProperty(batchlength, "xpath", "equals", "//*[@id = "fldvendor" + row + ""]", true): Modify property of object successfully

2018-05-30 18:12:30 - [MESSAGE][PASSED] - Modify property of object successfully

2018-05-30 18:12:30 - [TEST_STEP][PASSED] - Statement - batchsize = com.kms.katalon.core.webui.keyword.WebUiBuiltInKeywords.getNumberOfTotalOption(batchlength): 12 options of object '' counted

2018-05-30 18:12:30 - [MESSAGE][PASSED] - 12 options of object '' counted

2018-05-30 18:12:30 - [TEST_STEP][PASSED] - Statement - out.println("BatchSize : " + batchsize): null

2018-05-30 18:12:30 - [TEST_STEP][PASSED] - Statement - For ([n = 1, n <= batchsize - 1, (n++)]): null

2018-05-30 18:12:30 - [TEST_STEP][PASSED] - Statement - product = new com.kms.katalon.core.testobject.TestObject(): null

2018-05-30 18:12:30 - [TEST_STEP][PASSED] - Statement - product = com.kms.katalon.core.webui.keyword.WebUiBuiltInKeywords.modifyObjectProperty(product, "xpath", "equals", "//*[@id = "fldvendor" + row + ""]", true): Modify property of object successfully

2018-05-30 18:12:30 - [MESSAGE][PASSED] - Modify property of object successfully

2018-05-30 18:12:30 - [TEST_STEP][PASSED] - selectOptionByIndex: All options with index in [1] are selected on object ''

2018-05-30 18:12:30 - [MESSAGE][PASSED] - All options with index in [1] are selected on object ''

2018-05-30 18:12:30 - [TEST_STEP][PASSED] - delay: Delayed 2 second(s)

2018-05-30 18:12:32 - [MESSAGE][PASSED] - Delayed 2 second(s)

2018-05-30 18:12:32 - [TEST_STEP][PASSED] - Statement - batch = new com.kms.katalon.core.testobject.TestObject(): null

2018-05-30 18:12:32 - [TEST_STEP][PASSED] - Statement - batch = com.kms.katalon.core.webui.keyword.WebUiBuiltInKeywords.modifyObjectProperty(batch, "xpath", "equals", "//*[@id = "txtbthqty" + row + ""]", true): Modify property of object successfully

2018-05-30 18:12:32 - [MESSAGE][PASSED] - Modify property of object successfully

2018-05-30 18:12:32 - [TEST_STEP][PASSED] - Statement - batchqty = com.kms.katalon.core.webui.keyword.WebUiBuiltInKeywords.getAttribute(batch, "value").trim(): Attribute 'value' of object '' is: '4700'

2018-05-30 18:12:32 - [MESSAGE][PASSED] - Attribute 'value' of object '' is: '4700'

2018-05-30 18:12:32 - [TEST_STEP][PASSED] - Statement - Rqty = 100: null

2018-05-30 18:12:32 - [TEST_STEP][PASSED] - Statement - out.println("BatchQty : " + batchqty): null

2018-05-30 18:12:32 - [TEST_STEP][PASSED] - Statement - out.println("RQty : " + Rqty): null

2018-05-30 18:12:32 - [TEST_STEP][PASSED] - Statement - If (java.lang.Integer.valueOf(batchqty) >= java.lang.Integer.valueOf(Rqty)): null

2018-05-30 18:12:32 - [TEST_STEP][PASSED] - Statement - Break: null

2018-05-30 18:12:32 - [TEST_STEP][PASSED] - Statement - batchlength = new com.kms.katalon.core.testobject.TestObject(): null

2018-05-30 18:12:32 - [TEST_STEP][PASSED] - Statement - batchlength = com.kms.katalon.core.webui.keyword.WebUiBuiltInKeywords.modifyObjectProperty(batchlength, "xpath", "equals", "//*[@id = "fldvendor" + row + ""]", true): Modify property of object successfully

2018-05-30 18:12:32 - [MESSAGE][PASSED] - Modify property of object successfully

2018-05-30 18:12:32 - [TEST_STEP][PASSED] - Statement - batchsize = com.kms.katalon.core.webui.keyword.WebUiBuiltInKeywords.getNumberOfTotalOption(batchlength): 12 options of object '' counted

2018-05-30 18:12:33 - [MESSAGE][PASSED] - 12 options of object '' counted

2018-05-30 18:12:33 - [TEST_STEP][PASSED] - Statement - out.println("BatchSize : " + batchsize): null

2018-05-30 18:12:33 - [TEST_STEP][PASSED] - Statement - For ([n = 1, n <= batchsize - 1, (n++)]): null

2018-05-30 18:12:33 - [TEST_STEP][PASSED] - Statement - product = new com.kms.katalon.core.testobject.TestObject(): null

2018-05-30 18:12:33 - [TEST_STEP][PASSED] - Statement - product = com.kms.katalon.core.webui.keyword.WebUiBuiltInKeywords.modifyObjectProperty(product, "xpath", "equals", "//*[@id = "fldvendor" + row + ""]", true): Modify property of object successfully

2018-05-30 18:12:33 - [MESSAGE][PASSED] - Modify property of object successfully

2018-05-30 18:12:33 - [TEST_STEP][PASSED] - selectOptionByIndex: All options with index in [1] are selected on object ''

2018-05-30 18:12:33 - [MESSAGE][PASSED] - All options with index in [1] are selected on object ''

2018-05-30 18:12:33 - [TEST_STEP][PASSED] - delay: Delayed 2 second(s)

2018-05-30 18:12:35 - [MESSAGE][PASSED] - Delayed 2 second(s)

2018-05-30 18:12:35 - [TEST_STEP][PASSED] - Statement - batch = new com.kms.katalon.core.testobject.TestObject(): null

2018-05-30 18:12:35 - [TEST_STEP][PASSED] - Statement - batch = com.kms.katalon.core.webui.keyword.WebUiBuiltInKeywords.modifyObjectProperty(batch, "xpath", "equals", "//*[@id = "txtbthqty" + row + ""]", true): Modify property of object successfully

2018-05-30 18:12:35 - [MESSAGE][PASSED] - Modify property of object successfully

2018-05-30 18:12:35 - [TEST_STEP][PASSED] - Statement - batchqty = com.kms.katalon.core.webui.keyword.WebUiBuiltInKeywords.getAttribute(batch, "value").trim(): Attribute 'value' of object '' is: '3700'

2018-05-30 18:12:35 - [MESSAGE][PASSED] - Attribute 'value' of object '' is: '3700'

2018-05-30 18:12:35 - [TEST_STEP][PASSED] - Statement - Rqty = 100: null

2018-05-30 18:12:35 - [TEST_STEP][PASSED] - Statement - out.println("BatchQty : " + batchqty): null

2018-05-30 18:12:35 - [TEST_STEP][PASSED] - Statement - out.println("RQty : " + Rqty): null

2018-05-30 18:12:35 - [TEST_STEP][PASSED] - Statement - If (java.lang.Integer.valueOf(batchqty) >= java.lang.Integer.valueOf(Rqty)): null

2018-05-30 18:12:35 - [TEST_STEP][PASSED] - Statement - Break: null

2018-05-30 18:12:35 - [TEST_STEP][PASSED] - Statement - batchlength = new com.kms.katalon.core.testobject.TestObject(): null

2018-05-30 18:12:35 - [TEST_STEP][PASSED] - Statement - batchlength = com.kms.katalon.core.webui.keyword.WebUiBuiltInKeywords.modifyObjectProperty(batchlength, "xpath", "equals", "//*[@id = "fldvendor" + row + ""]", true): Modify property of object successfully

2018-05-30 18:12:35 - [MESSAGE][PASSED] - Modify property of object successfully

2018-05-30 18:12:35 - [TEST_STEP][PASSED] - Statement - batchsize = com.kms.katalon.core.webui.keyword.WebUiBuiltInKeywords.getNumberOfTotalOption(batchlength): 12 options of object '' counted

2018-05-30 18:12:35 - [MESSAGE][PASSED] - 12 options of object '' counted

2018-05-30 18:12:35 - [TEST_STEP][PASSED] - Statement - out.println("BatchSize : " + batchsize): null

2018-05-30 18:12:35 - [TEST_STEP][PASSED] - Statement - For ([n = 1, n <= batchsize - 1, (n++)]): null

2018-05-30 18:12:35 - [TEST_STEP][PASSED] - Statement - product = new com.kms.katalon.core.testobject.TestObject(): null

2018-05-30 18:12:35 - [TEST_STEP][PASSED] - Statement - product = com.kms.katalon.core.webui.keyword.WebUiBuiltInKeywords.modifyObjectProperty(product, "xpath", "equals", "//*[@id = "fldvendor" + row + ""]", true): Modify property of object successfully

2018-05-30 18:12:35 - [MESSAGE][PASSED] - Modify property of object successfully

2018-05-30 18:12:35 - [TEST_STEP][PASSED] - selectOptionByIndex: All options with index in [1] are selected on object ''

2018-05-30 18:12:35 - [MESSAGE][PASSED] - All options with index in [1] are selected on object ''

2018-05-30 18:12:35 - [TEST_STEP][PASSED] - delay: Delayed 2 second(s)

2018-05-30 18:12:37 - [MESSAGE][PASSED] - Delayed 2 second(s)

2018-05-30 18:12:37 - [TEST_STEP][PASSED] - Statement - batch = new com.kms.katalon.core.testobject.TestObject(): null

2018-05-30 18:12:37 - [TEST_STEP][PASSED] - Statement - batch = com.kms.katalon.core.webui.keyword.WebUiBuiltInKeywords.modifyObjectProperty(batch, "xpath", "equals", "//*[@id = "txtbthqty" + row + ""]", true): Modify property of object successfully

2018-05-30 18:12:37 - [MESSAGE][PASSED] - Modify property of object successfully

2018-05-30 18:12:37 - [TEST_STEP][PASSED] - Statement - batchqty = com.kms.katalon.core.webui.keyword.WebUiBuiltInKeywords.getAttribute(batch, "value").trim(): Attribute 'value' of object '' is: '2700'

2018-05-30 18:12:37 - [MESSAGE][PASSED] - Attribute 'value' of object '' is: '2700'

2018-05-30 18:12:37 - [TEST_STEP][PASSED] - Statement - Rqty = 100: null

2018-05-30 18:12:37 - [TEST_STEP][PASSED] - Statement - out.println("BatchQty : " + batchqty): null

2018-05-30 18:12:37 - [TEST_STEP][PASSED] - Statement - out.println("RQty : " + Rqty): null

2018-05-30 18:12:37 - [TEST_STEP][PASSED] - Statement - If (java.lang.Integer.valueOf(batchqty) >= java.lang.Integer.valueOf(Rqty)): null

2018-05-30 18:12:37 - [TEST_STEP][PASSED] - Statement - Break: null

2018-05-30 18:12:37 - [TEST_STEP][PASSED] - Statement - batchlength = new com.kms.katalon.core.testobject.TestObject(): null

2018-05-30 18:12:37 - [TEST_STEP][PASSED] - Statement - batchlength = com.kms.katalon.core.webui.keyword.WebUiBuiltInKeywords.modifyObjectProperty(batchlength, "xpath", "equals", "//*[@id = "fldvendor" + row + ""]", true): Modify property of object successfully

2018-05-30 18:12:37 - [MESSAGE][PASSED] - Modify property of object successfully

2018-05-30 18:12:37 - [TEST_STEP][PASSED] - Statement - batchsize = com.kms.katalon.core.webui.keyword.WebUiBuiltInKeywords.getNumberOfTotalOption(batchlength): 12 options of object '' counted

2018-05-30 18:12:37 - [MESSAGE][PASSED] - 12 options of object '' counted

2018-05-30 18:12:37 - [TEST_STEP][PASSED] - Statement - out.println("BatchSize : " + batchsize): null

2018-05-30 18:12:37 - [TEST_STEP][PASSED] - Statement - For ([n = 1, n <= batchsize - 1, (n++)]): null

2018-05-30 18:12:37 - [TEST_STEP][PASSED] - Statement - product = new com.kms.katalon.core.testobject.TestObject(): null

2018-05-30 18:12:37 - [TEST_STEP][PASSED] - Statement - product = com.kms.katalon.core.webui.keyword.WebUiBuiltInKeywords.modifyObjectProperty(product, "xpath", "equals", "//*[@id = "fldvendor" + row + ""]", true): Modify property of object successfully

2018-05-30 18:12:37 - [MESSAGE][PASSED] - Modify property of object successfully

2018-05-30 18:12:37 - [TEST_STEP][PASSED] - selectOptionByIndex: All options with index in [1] are selected on object ''

2018-05-30 18:12:37 - [MESSAGE][PASSED] - All options with index in [1] are selected on object ''

2018-05-30 18:12:37 - [TEST_STEP][PASSED] - delay: Delayed 2 second(s)

2018-05-30 18:12:39 - [MESSAGE][PASSED] - Delayed 2 second(s)

2018-05-30 18:12:39 - [TEST_STEP][PASSED] - Statement - batch = new com.kms.katalon.core.testobject.TestObject(): null

2018-05-30 18:12:39 - [TEST_STEP][PASSED] - Statement - batch = com.kms.katalon.core.webui.keyword.WebUiBuiltInKeywords.modifyObjectProperty(batch, "xpath", "equals", "//*[@id = "txtbthqty" + row + ""]", true): Modify property of object successfully

2018-05-30 18:12:39 - [MESSAGE][PASSED] - Modify property of object successfully

2018-05-30 18:12:39 - [TEST_STEP][PASSED] - Statement - batchqty = com.kms.katalon.core.webui.keyword.WebUiBuiltInKeywords.getAttribute(batch, "value").trim(): Attribute 'value' of object '' is: '4800'

2018-05-30 18:12:39 - [MESSAGE][PASSED] - Attribute 'value' of object '' is: '4800'

2018-05-30 18:12:39 - [TEST_STEP][PASSED] - Statement - Rqty = 100: null

2018-05-30 18:12:39 - [TEST_STEP][PASSED] - Statement - out.println("BatchQty : " + batchqty): null

2018-05-30 18:12:39 - [TEST_STEP][PASSED] - Statement - out.println("RQty : " + Rqty): null

2018-05-30 18:12:39 - [TEST_STEP][PASSED] - Statement - If (java.lang.Integer.valueOf(batchqty) >= java.lang.Integer.valueOf(Rqty)): null

2018-05-30 18:12:39 - [TEST_STEP][PASSED] - Statement - Break: null

2018-05-30 18:12:39 - [TEST_STEP][PASSED] - Statement - batchlength = new com.kms.katalon.core.testobject.TestObject(): null

2018-05-30 18:12:39 - [TEST_STEP][PASSED] - Statement - batchlength = com.kms.katalon.core.webui.keyword.WebUiBuiltInKeywords.modifyObjectProperty(batchlength, "xpath", "equals", "//*[@id = "fldvendor" + row + ""]", true): Modify property of object successfully

2018-05-30 18:12:39 - [MESSAGE][PASSED] - Modify property of object successfully

2018-05-30 18:12:39 - [TEST_STEP][PASSED] - Statement - batchsize = com.kms.katalon.core.webui.keyword.WebUiBuiltInKeywords.getNumberOfTotalOption(batchlength): 12 options of object '' counted

2018-05-30 18:12:39 - [MESSAGE][PASSED] - 12 options of object '' counted

2018-05-30 18:12:39 - [TEST_STEP][PASSED] - Statement - out.println("BatchSize : " + batchsize): null

2018-05-30 18:12:39 - [TEST_STEP][PASSED] - Statement - For ([n = 1, n <= batchsize - 1, (n++)]): null

2018-05-30 18:12:39 - [TEST_STEP][PASSED] - Statement - product = new com.kms.katalon.core.testobject.TestObject(): null

2018-05-30 18:12:39 - [TEST_STEP][PASSED] - Statement - product = com.kms.katalon.core.webui.keyword.WebUiBuiltInKeywords.modifyObjectProperty(product, "xpath", "equals", "//*[@id = "fldvendor" + row + ""]", true): Modify property of object successfully

2018-05-30 18:12:39 - [MESSAGE][PASSED] - Modify property of object successfully

2018-05-30 18:12:39 - [TEST_STEP][PASSED] - selectOptionByIndex: All options with index in [1] are selected on object ''

2018-05-30 18:12:39 - [MESSAGE][PASSED] - All options with index in [1] are selected on object ''

2018-05-30 18:12:39 - [TEST_STEP][PASSED] - delay: Delayed 2 second(s)

2018-05-30 18:12:41 - [MESSAGE][PASSED] - Delayed 2 second(s)

2018-05-30 18:12:41 - [TEST_STEP][PASSED] - Statement - batch = new com.kms.katalon.core.testobject.TestObject(): null

2018-05-30 18:12:41 - [TEST_STEP][PASSED] - Statement - batch = com.kms.katalon.core.webui.keyword.WebUiBuiltInKeywords.modifyObjectProperty(batch, "xpath", "equals", "//*[@id = "txtbthqty" + row + ""]", true): Modify property of object successfully

2018-05-30 18:12:41 - [MESSAGE][PASSED] - Modify property of object successfully

2018-05-30 18:12:41 - [TEST_STEP][PASSED] - Statement - batchqty = com.kms.katalon.core.webui.keyword.WebUiBuiltInKeywords.getAttribute(batch, "value").trim(): Attribute 'value' of object '' is: '2700'

2018-05-30 18:12:41 - [MESSAGE][PASSED] - Attribute 'value' of object '' is: '2700'

2018-05-30 18:12:41 - [TEST_STEP][PASSED] - Statement - Rqty = 100: null

2018-05-30 18:12:41 - [TEST_STEP][PASSED] - Statement - out.println("BatchQty : " + batchqty): null

2018-05-30 18:12:41 - [TEST_STEP][PASSED] - Statement - out.println("RQty : " + Rqty): null

2018-05-30 18:12:41 - [TEST_STEP][PASSED] - Statement - If (java.lang.Integer.valueOf(batchqty) >= java.lang.Integer.valueOf(Rqty)): null

2018-05-30 18:12:41 - [TEST_STEP][PASSED] - Statement - Break: null

2018-05-30 18:12:41 - [TEST_STEP][PASSED] - Statement - batchlength = new com.kms.katalon.core.testobject.TestObject(): null

2018-05-30 18:12:41 - [TEST_STEP][PASSED] - Statement - batchlength = com.kms.katalon.core.webui.keyword.WebUiBuiltInKeywords.modifyObjectProperty(batchlength, "xpath", "equals", "//*[@id = "fldvendor" + row + ""]", true): Modify property of object successfully

2018-05-30 18:12:41 - [MESSAGE][PASSED] - Modify property of object successfully

2018-05-30 18:12:41 - [TEST_STEP][PASSED] - Statement - batchsize = com.kms.katalon.core.webui.keyword.WebUiBuiltInKeywords.getNumberOfTotalOption(batchlength): 12 options of object '' counted

2018-05-30 18:12:41 - [MESSAGE][PASSED] - 12 options of object '' counted

2018-05-30 18:12:41 - [TEST_STEP][PASSED] - Statement - out.println("BatchSize : " + batchsize): null

2018-05-30 18:12:41 - [TEST_STEP][PASSED] - Statement - For ([n = 1, n <= batchsize - 1, (n++)]): null

2018-05-30 18:12:41 - [TEST_STEP][PASSED] - Statement - product = new com.kms.katalon.core.testobject.TestObject(): null

2018-05-30 18:12:41 - [TEST_STEP][PASSED] - Statement - product = com.kms.katalon.core.webui.keyword.WebUiBuiltInKeywords.modifyObjectProperty(product, "xpath", "equals", "//*[@id = "fldvendor" + row + ""]", true): Modify property of object successfully

2018-05-30 18:12:41 - [MESSAGE][PASSED] - Modify property of object successfully

2018-05-30 18:12:41 - [TEST_STEP][PASSED] - selectOptionByIndex: All options with index in [1] are selected on object ''

2018-05-30 18:12:42 - [MESSAGE][PASSED] - All options with index in [1] are selected on object ''

2018-05-30 18:12:42 - [TEST_STEP][PASSED] - delay: Delayed 2 second(s)

2018-05-30 18:12:44 - [MESSAGE][PASSED] - Delayed 2 second(s)

2018-05-30 18:12:44 - [TEST_STEP][PASSED] - Statement - batch = new com.kms.katalon.core.testobject.TestObject(): null

2018-05-30 18:12:44 - [TEST_STEP][PASSED] - Statement - batch = com.kms.katalon.core.webui.keyword.WebUiBuiltInKeywords.modifyObjectProperty(batch, "xpath", "equals", "//*[@id = "txtbthqty" + row + ""]", true): Modify property of object successfully

2018-05-30 18:12:44 - [MESSAGE][PASSED] - Modify property of object successfully

2018-05-30 18:12:44 - [TEST_STEP][PASSED] - Statement - batchqty = com.kms.katalon.core.webui.keyword.WebUiBuiltInKeywords.getAttribute(batch, "value").trim(): Attribute 'value' of object '' is: '38700'

2018-05-30 18:12:44 - [MESSAGE][PASSED] - Attribute 'value' of object '' is: '38700'

2018-05-30 18:12:44 - [TEST_STEP][PASSED] - Statement - Rqty = 100: null

2018-05-30 18:12:44 - [TEST_STEP][PASSED] - Statement - out.println("BatchQty : " + batchqty): null

2018-05-30 18:12:44 - [TEST_STEP][PASSED] - Statement - out.println("RQty : " + Rqty): null

2018-05-30 18:12:44 - [TEST_STEP][PASSED] - Statement - If (java.lang.Integer.valueOf(batchqty) >= java.lang.Integer.valueOf(Rqty)): null

2018-05-30 18:12:44 - [TEST_STEP][PASSED] - Statement - Break: null

2018-05-30 18:12:44 - [TEST_STEP][PASSED] - Statement - batchlength = new com.kms.katalon.core.testobject.TestObject(): null

2018-05-30 18:12:44 - [TEST_STEP][PASSED] - Statement - batchlength = com.kms.katalon.core.webui.keyword.WebUiBuiltInKeywords.modifyObjectProperty(batchlength, "xpath", "equals", "//*[@id = "fldvendor" + row + ""]", true): Modify property of object successfully

2018-05-30 18:12:44 - [MESSAGE][PASSED] - Modify property of object successfully

2018-05-30 18:12:44 - [TEST_STEP][PASSED] - Statement - batchsize = com.kms.katalon.core.webui.keyword.WebUiBuiltInKeywords.getNumberOfTotalOption(batchlength): 13 options of object '' counted

2018-05-30 18:12:44 - [MESSAGE][PASSED] - 13 options of object '' counted

2018-05-30 18:12:44 - [TEST_STEP][PASSED] - Statement - out.println("BatchSize : " + batchsize): null

2018-05-30 18:12:44 - [TEST_STEP][PASSED] - Statement - For ([n = 1, n <= batchsize - 1, (n++)]): null

2018-05-30 18:12:44 - [TEST_STEP][PASSED] - Statement - product = new com.kms.katalon.core.testobject.TestObject(): null

2018-05-30 18:12:44 - [TEST_STEP][PASSED] - Statement - product = com.kms.katalon.core.webui.keyword.WebUiBuiltInKeywords.modifyObjectProperty(product, "xpath", "equals", "//*[@id = "fldvendor" + row + ""]", true): Modify property of object successfully

2018-05-30 18:12:44 - [MESSAGE][PASSED] - Modify property of object successfully

2018-05-30 18:12:44 - [TEST_STEP][PASSED] - selectOptionByIndex: All options with index in [1] are selected on object ''

2018-05-30 18:12:44 - [MESSAGE][PASSED] - All options with index in [1] are selected on object ''

2018-05-30 18:12:44 - [TEST_STEP][PASSED] - delay: Delayed 2 second(s)

2018-05-30 18:12:46 - [MESSAGE][PASSED] - Delayed 2 second(s)

2018-05-30 18:12:46 - [TEST_STEP][PASSED] - Statement - batch = new com.kms.katalon.core.testobject.TestObject(): null

2018-05-30 18:12:46 - [TEST_STEP][PASSED] - Statement - batch = com.kms.katalon.core.webui.keyword.WebUiBuiltInKeywords.modifyObjectProperty(batch, "xpath", "equals", "//*[@id = "txtbthqty" + row + ""]", true): Modify property of object successfully

2018-05-30 18:12:46 - [MESSAGE][PASSED] - Modify property of object successfully

2018-05-30 18:12:46 - [TEST_STEP][PASSED] - Statement - batchqty = com.kms.katalon.core.webui.keyword.WebUiBuiltInKeywords.getAttribute(batch, "value").trim(): Attribute 'value' of object '' is: '3700'

2018-05-30 18:12:46 - [MESSAGE][PASSED] - Attribute 'value' of object '' is: '3700'

2018-05-30 18:12:46 - [TEST_STEP][PASSED] - Statement - Rqty = 100: null

2018-05-30 18:12:46 - [TEST_STEP][PASSED] - Statement - out.println("BatchQty : " + batchqty): null

2018-05-30 18:12:46 - [TEST_STEP][PASSED] - Statement - out.println("RQty : " + Rqty): null

2018-05-30 18:12:46 - [TEST_STEP][PASSED] - Statement - If (java.lang.Integer.valueOf(batchqty) >= java.lang.Integer.valueOf(Rqty)): null

2018-05-30 18:12:46 - [TEST_STEP][PASSED] - Statement - Break: null

2018-05-30 18:12:46 - [TEST_STEP][PASSED] - Statement - batchlength = new com.kms.katalon.core.testobject.TestObject(): null

2018-05-30 18:12:46 - [TEST_STEP][PASSED] - Statement - batchlength = com.kms.katalon.core.webui.keyword.WebUiBuiltInKeywords.modifyObjectProperty(batchlength, "xpath", "equals", "//*[@id = "fldvendor" + row + ""]", true): Modify property of object successfully

2018-05-30 18:12:46 - [MESSAGE][PASSED] - Modify property of object successfully

2018-05-30 18:12:46 - [TEST_STEP][PASSED] - Statement - batchsize = com.kms.katalon.core.webui.keyword.WebUiBuiltInKeywords.getNumberOfTotalOption(batchlength): 12 options of object '' counted

2018-05-30 18:12:46 - [MESSAGE][PASSED] - 12 options of object '' counted

2018-05-30 18:12:46 - [TEST_STEP][PASSED] - Statement - out.println("BatchSize : " + batchsize): null

2018-05-30 18:12:46 - [TEST_STEP][PASSED] - Statement - For ([n = 1, n <= batchsize - 1, (n++)]): null

2018-05-30 18:12:46 - [TEST_STEP][PASSED] - Statement - product = new com.kms.katalon.core.testobject.TestObject(): null

2018-05-30 18:12:46 - [TEST_STEP][PASSED] - Statement - product = com.kms.katalon.core.webui.keyword.WebUiBuiltInKeywords.modifyObjectProperty(product, "xpath", "equals", "//*[@id = "fldvendor" + row + ""]", true): Modify property of object successfully

2018-05-30 18:12:46 - [MESSAGE][PASSED] - Modify property of object successfully

2018-05-30 18:12:46 - [TEST_STEP][PASSED] - selectOptionByIndex: All options with index in [1] are selected on object ''

2018-05-30 18:12:46 - [MESSAGE][PASSED] - All options with index in [1] are selected on object ''

2018-05-30 18:12:46 - [TEST_STEP][PASSED] - delay: Delayed 2 second(s)

2018-05-30 18:12:48 - [MESSAGE][PASSED] - Delayed 2 second(s)

2018-05-30 18:12:48 - [TEST_STEP][PASSED] - Statement - batch = new com.kms.katalon.core.testobject.TestObject(): null

2018-05-30 18:12:48 - [TEST_STEP][PASSED] - Statement - batch = com.kms.katalon.core.webui.keyword.WebUiBuiltInKeywords.modifyObjectProperty(batch, "xpath", "equals", "//*[@id = "txtbthqty" + row + ""]", true): Modify property of object successfully

2018-05-30 18:12:48 - [MESSAGE][PASSED] - Modify property of object successfully

2018-05-30 18:12:48 - [TEST_STEP][PASSED] - Statement - batchqty = com.kms.katalon.core.webui.keyword.WebUiBuiltInKeywords.getAttribute(batch, "value").trim(): Attribute 'value' of object '' is: '37700'

2018-05-30 18:12:48 - [MESSAGE][PASSED] - Attribute 'value' of object '' is: '37700'

2018-05-30 18:12:48 - [TEST_STEP][PASSED] - Statement - Rqty = 100: null

2018-05-30 18:12:48 - [TEST_STEP][PASSED] - Statement - out.println("BatchQty : " + batchqty): null

2018-05-30 18:12:48 - [TEST_STEP][PASSED] - Statement - out.println("RQty : " + Rqty): null

2018-05-30 18:12:48 - [TEST_STEP][PASSED] - Statement - If (java.lang.Integer.valueOf(batchqty) >= java.lang.Integer.valueOf(Rqty)): null

2018-05-30 18:12:48 - [TEST_STEP][PASSED] - Statement - Break: null

2018-05-30 18:12:48 - [TEST_STEP][PASSED] - Statement - batchlength = new com.kms.katalon.core.testobject.TestObject(): null

2018-05-30 18:12:48 - [TEST_STEP][PASSED] - Statement - batchlength = com.kms.katalon.core.webui.keyword.WebUiBuiltInKeywords.modifyObjectProperty(batchlength, "xpath", "equals", "//*[@id = "fldvendor" + row + ""]", true): Modify property of object successfully

2018-05-30 18:12:48 - [MESSAGE][PASSED] - Modify property of object successfully

2018-05-30 18:12:48 - [TEST_STEP][PASSED] - Statement - batchsize = com.kms.katalon.core.webui.keyword.WebUiBuiltInKeywords.getNumberOfTotalOption(batchlength): 12 options of object '' counted

2018-05-30 18:12:48 - [MESSAGE][PASSED] - 12 options of object '' counted

2018-05-30 18:12:48 - [TEST_STEP][PASSED] - Statement - out.println("BatchSize : " + batchsize): null

2018-05-30 18:12:48 - [TEST_STEP][PASSED] - Statement - For ([n = 1, n <= batchsize - 1, (n++)]): null

2018-05-30 18:12:48 - [TEST_STEP][PASSED] - Statement - product = new com.kms.katalon.core.testobject.TestObject(): null

2018-05-30 18:12:48 - [TEST_STEP][PASSED] - Statement - product = com.kms.katalon.core.webui.keyword.WebUiBuiltInKeywords.modifyObjectProperty(product, "xpath", "equals", "//*[@id = "fldvendor" + row + ""]", true): Modify property of object successfully

2018-05-30 18:12:48 - [MESSAGE][PASSED] - Modify property of object successfully

2018-05-30 18:12:48 - [TEST_STEP][PASSED] - selectOptionByIndex: All options with index in [1] are selected on object ''

2018-05-30 18:12:48 - [MESSAGE][PASSED] - All options with index in [1] are selected on object ''

2018-05-30 18:12:48 - [TEST_STEP][PASSED] - delay: Delayed 2 second(s)

2018-05-30 18:12:50 - [MESSAGE][PASSED] - Delayed 2 second(s)

2018-05-30 18:12:50 - [TEST_STEP][PASSED] - Statement - batch = new com.kms.katalon.core.testobject.TestObject(): null

2018-05-30 18:12:50 - [TEST_STEP][PASSED] - Statement - batch = com.kms.katalon.core.webui.keyword.WebUiBuiltInKeywords.modifyObjectProperty(batch, "xpath", "equals", "//*[@id = "txtbthqty" + row + ""]", true): Modify property of object successfully

2018-05-30 18:12:50 - [MESSAGE][PASSED] - Modify property of object successfully

2018-05-30 18:12:50 - [TEST_STEP][PASSED] - Statement - batchqty = com.kms.katalon.core.webui.keyword.WebUiBuiltInKeywords.getAttribute(batch, "value").trim(): Attribute 'value' of object '' is: '37700'

2018-05-30 18:12:50 - [MESSAGE][PASSED] - Attribute 'value' of object '' is: '37700'

2018-05-30 18:12:50 - [TEST_STEP][PASSED] - Statement - Rqty = 100: null

2018-05-30 18:12:50 - [TEST_STEP][PASSED] - Statement - out.println("BatchQty : " + batchqty): null

2018-05-30 18:12:50 - [TEST_STEP][PASSED] - Statement - out.println("RQty : " + Rqty): null

2018-05-30 18:12:50 - [TEST_STEP][PASSED] - Statement - If (java.lang.Integer.valueOf(batchqty) >= java.lang.Integer.valueOf(Rqty)): null

2018-05-30 18:12:50 - [TEST_STEP][PASSED] - Statement - Break: null

2018-05-30 18:12:50 - [TEST_STEP][PASSED] - Statement - batchlength = new com.kms.katalon.core.testobject.TestObject(): null

2018-05-30 18:12:50 - [TEST_STEP][PASSED] - Statement - batchlength = com.kms.katalon.core.webui.keyword.WebUiBuiltInKeywords.modifyObjectProperty(batchlength, "xpath", "equals", "//*[@id = "fldvendor" + row + ""]", true): Modify property of object successfully

2018-05-30 18:12:50 - [MESSAGE][PASSED] - Modify property of object successfully

2018-05-30 18:12:50 - [TEST_STEP][PASSED] - Statement - batchsize = com.kms.katalon.core.webui.keyword.WebUiBuiltInKeywords.getNumberOfTotalOption(batchlength): 12 options of object '' counted

2018-05-30 18:12:50 - [MESSAGE][PASSED] - 12 options of object '' counted

2018-05-30 18:12:50 - [TEST_STEP][PASSED] - Statement - out.println("BatchSize : " + batchsize): null

2018-05-30 18:13:30 - [TEST_STEP][PASSED] - Statement - For ([n = 1, n <= batchsize - 1, (n++)]): null

2018-05-30 18:13:30 - [TEST_STEP][PASSED] - Statement - product = new com.kms.katalon.core.testobject.TestObject(): null

2018-05-30 18:13:30 - [TEST_STEP][PASSED] - Statement - product = com.kms.katalon.core.webui.keyword.WebUiBuiltInKeywords.modifyObjectProperty(product, "xpath", "equals", "//*[@id = "fldvendor" + row + ""]", true): Modify property of object successfully

2018-05-30 18:13:30 - [MESSAGE][PASSED] - Modify property of object successfully

2018-05-30 18:13:30 - [TEST_STEP][PASSED] - selectOptionByIndex: All options with index in [1] are selected on object ''

2018-05-30 18:13:34 - [MESSAGE][PASSED] - All options with index in [1] are selected on object ''

2018-05-30 18:13:34 - [TEST_STEP][PASSED] - delay: Delayed 2 second(s)

2018-05-30 18:13:36 - [MESSAGE][PASSED] - Delayed 2 second(s)

2018-05-30 18:13:36 - [TEST_STEP][PASSED] - Statement - batch = new com.kms.katalon.core.testobject.TestObject(): null

2018-05-30 18:13:36 - [TEST_STEP][PASSED] - Statement - batch = com.kms.katalon.core.webui.keyword.WebUiBuiltInKeywords.modifyObjectProperty(batch, "xpath", "equals", "//*[@id = "txtbthqty" + row + ""]", true): Modify property of object successfully

2018-05-30 18:13:36 - [MESSAGE][PASSED] - Modify property of object successfully

2018-05-30 18:13:36 - [TEST_STEP][PASSED] - Statement - batchqty = com.kms.katalon.core.webui.keyword.WebUiBuiltInKeywords.getAttribute(batch, "value").trim(): Attribute 'value' of object '' is: '38700'

2018-05-30 18:13:36 - [MESSAGE][PASSED] - Attribute 'value' of object '' is: '38700'

2018-05-30 18:13:36 - [TEST_STEP][PASSED] - Statement - Rqty = 100: null

2018-05-30 18:13:36 - [TEST_STEP][PASSED] - Statement - out.println("BatchQty : " + batchqty): null

2018-05-30 18:13:36 - [TEST_STEP][PASSED] - Statement - out.println("RQty : " + Rqty): null

2018-05-30 18:13:36 - [TEST_STEP][PASSED] - Statement - If (java.lang.Integer.valueOf(batchqty) >= java.lang.Integer.valueOf(Rqty)): null

2018-05-30 18:13:36 - [TEST_STEP][PASSED] - Statement - Break: null

2018-05-30 18:13:36 - [TEST_STEP][PASSED] - Statement - batchlength = new com.kms.katalon.core.testobject.TestObject(): null

2018-05-30 18:13:36 - [TEST_STEP][PASSED] - Statement - batchlength = com.kms.katalon.core.webui.keyword.WebUiBuiltInKeywords.modifyObjectProperty(batchlength, "xpath", "equals", "//*[@id = "fldvendor" + row + ""]", true): Modify property of object successfully

2018-05-30 18:13:36 - [MESSAGE][PASSED] - Modify property of object successfully

2018-05-30 18:13:36 - [TEST_STEP][PASSED] - Statement - batchsize = com.kms.katalon.core.webui.keyword.WebUiBuiltInKeywords.getNumberOfTotalOption(batchlength): 12 options of object '' counted

2018-05-30 18:13:36 - [MESSAGE][PASSED] - 12 options of object '' counted

2018-05-30 18:13:36 - [TEST_STEP][PASSED] - Statement - out.println("BatchSize : " + batchsize): null

2018-05-30 18:13:36 - [TEST_STEP][PASSED] - Statement - For ([n = 1, n <= batchsize - 1, (n++)]): null

2018-05-30 18:13:36 - [TEST_STEP][PASSED] - Statement - product = new com.kms.katalon.core.testobject.TestObject(): null

2018-05-30 18:13:36 - [TEST_STEP][PASSED] - Statement - product = com.kms.katalon.core.webui.keyword.WebUiBuiltInKeywords.modifyObjectProperty(product, "xpath", "equals", "//*[@id = "fldvendor" + row + ""]", true): Modify property of object successfully

2018-05-30 18:13:36 - [MESSAGE][PASSED] - Modify property of object successfully

2018-05-30 18:13:36 - [TEST_STEP][PASSED] - selectOptionByIndex: All options with index in [1] are selected on object ''

2018-05-30 18:13:36 - [MESSAGE][PASSED] - All options with index in [1] are selected on object ''

2018-05-30 18:13:36 - [TEST_STEP][PASSED] - delay: Delayed 2 second(s)

2018-05-30 18:13:38 - [MESSAGE][PASSED] - Delayed 2 second(s)

2018-05-30 18:13:38 - [TEST_STEP][PASSED] - Statement - batch = new com.kms.katalon.core.testobject.TestObject(): null

2018-05-30 18:13:38 - [TEST_STEP][PASSED] - Statement - batch = com.kms.katalon.core.webui.keyword.WebUiBuiltInKeywords.modifyObjectProperty(batch, "xpath", "equals", "//*[@id = "txtbthqty" + row + ""]", true): Modify property of object successfully

2018-05-30 18:13:38 - [MESSAGE][PASSED] - Modify property of object successfully

2018-05-30 18:13:38 - [TEST_STEP][PASSED] - Statement - batchqty = com.kms.katalon.core.webui.keyword.WebUiBuiltInKeywords.getAttribute(batch, "value").trim(): Attribute 'value' of object '' is: '2700'

2018-05-30 18:13:38 - [MESSAGE][PASSED] - Attribute 'value' of object '' is: '2700'

2018-05-30 18:13:38 - [TEST_STEP][PASSED] - Statement - Rqty = 100: null

2018-05-30 18:13:38 - [TEST_STEP][PASSED] - Statement - out.println("BatchQty : " + batchqty): null

2018-05-30 18:13:38 - [TEST_STEP][PASSED] - Statement - out.println("RQty : " + Rqty): null

2018-05-30 18:13:38 - [TEST_STEP][PASSED] - Statement - If (java.lang.Integer.valueOf(batchqty) >= java.lang.Integer.valueOf(Rqty)): null

2018-05-30 18:13:38 - [TEST_STEP][PASSED] - Statement - Break: null

2018-05-30 18:13:38 - [TEST_STEP][PASSED] - Statement - batchlength = new com.kms.katalon.core.testobject.TestObject(): null

2018-05-30 18:13:38 - [TEST_STEP][PASSED] - Statement - batchlength = com.kms.katalon.core.webui.keyword.WebUiBuiltInKeywords.modifyObjectProperty(batchlength, "xpath", "equals", "//*[@id = "fldvendor" + row + ""]", true): Modify property of object successfully

2018-05-30 18:13:38 - [MESSAGE][PASSED] - Modify property of object successfully

2018-05-30 18:13:38 - [TEST_STEP][PASSED] - Statement - batchsize = com.kms.katalon.core.webui.keyword.WebUiBuiltInKeywords.getNumberOfTotalOption(batchlength): 12 options of object '' counted

2018-05-30 18:13:38 - [MESSAGE][PASSED] - 12 options of object '' counted

2018-05-30 18:13:38 - [TEST_STEP][PASSED] - Statement - out.println("BatchSize : " + batchsize): null

2018-05-30 18:13:38 - [TEST_STEP][PASSED] - Statement - For ([n = 1, n <= batchsize - 1, (n++)]): null

2018-05-30 18:13:38 - [TEST_STEP][PASSED] - Statement - product = new com.kms.katalon.core.testobject.TestObject(): null

2018-05-30 18:13:38 - [TEST_STEP][PASSED] - Statement - product = com.kms.katalon.core.webui.keyword.WebUiBuiltInKeywords.modifyObjectProperty(product, "xpath", "equals", "//*[@id = "fldvendor" + row + ""]", true): Modify property of object successfully

2018-05-30 18:13:38 - [MESSAGE][PASSED] - Modify property of object successfully

2018-05-30 18:13:38 - [TEST_STEP][PASSED] - selectOptionByIndex: All options with index in [1] are selected on object ''

2018-05-30 18:13:38 - [MESSAGE][PASSED] - All options with index in [1] are selected on object ''

2018-05-30 18:13:38 - [TEST_STEP][PASSED] - delay: Delayed 2 second(s)

2018-05-30 18:13:40 - [MESSAGE][PASSED] - Delayed 2 second(s)

2018-05-30 18:13:40 - [TEST_STEP][PASSED] - Statement - batch = new com.kms.katalon.core.testobject.TestObject(): null

2018-05-30 18:13:40 - [TEST_STEP][PASSED] - Statement - batch = com.kms.katalon.core.webui.keyword.WebUiBuiltInKeywords.modifyObjectProperty(batch, "xpath", "equals", "//*[@id = "txtbthqty" + row + ""]", true): Modify property of object successfully

2018-05-30 18:13:40 - [MESSAGE][PASSED] - Modify property of object successfully

2018-05-30 18:13:40 - [TEST_STEP][PASSED] - Statement - batchqty = com.kms.katalon.core.webui.keyword.WebUiBuiltInKeywords.getAttribute(batch, "value").trim(): Attribute 'value' of object '' is: '4800'

2018-05-30 18:13:40 - [MESSAGE][PASSED] - Attribute 'value' of object '' is: '4800'

2018-05-30 18:13:40 - [TEST_STEP][PASSED] - Statement - Rqty = 100: null

2018-05-30 18:13:40 - [TEST_STEP][PASSED] - Statement - out.println("BatchQty : " + batchqty): null

2018-05-30 18:13:40 - [TEST_STEP][PASSED] - Statement - out.println("RQty : " + Rqty): null

2018-05-30 18:13:40 - [TEST_STEP][PASSED] - Statement - If (java.lang.Integer.valueOf(batchqty) >= java.lang.Integer.valueOf(Rqty)): null

2018-05-30 18:13:40 - [TEST_STEP][PASSED] - Statement - Break: null

2018-05-30 18:13:40 - [TEST_STEP][PASSED] - Statement - batchlength = new com.kms.katalon.core.testobject.TestObject(): null

2018-05-30 18:13:40 - [TEST_STEP][PASSED] - Statement - batchlength = com.kms.katalon.core.webui.keyword.WebUiBuiltInKeywords.modifyObjectProperty(batchlength, "xpath", "equals", "//*[@id = "fldvendor" + row + ""]", true): Modify property of object successfully

2018-05-30 18:13:40 - [MESSAGE][PASSED] - Modify property of object successfully

2018-05-30 18:13:40 - [TEST_STEP][PASSED] - Statement - batchsize = com.kms.katalon.core.webui.keyword.WebUiBuiltInKeywords.getNumberOfTotalOption(batchlength): 12 options of object '' counted

2018-05-30 18:13:40 - [MESSAGE][PASSED] - 12 options of object '' counted

2018-05-30 18:13:40 - [TEST_STEP][PASSED] - Statement - out.println("BatchSize : " + batchsize): null

2018-05-30 18:13:40 - [TEST_STEP][PASSED] - Statement - For ([n = 1, n <= batchsize - 1, (n++)]): null

2018-05-30 18:13:40 - [TEST_STEP][PASSED] - Statement - product = new com.kms.katalon.core.testobject.TestObject(): null

2018-05-30 18:13:40 - [TEST_STEP][PASSED] - Statement - product = com.kms.katalon.core.webui.keyword.WebUiBuiltInKeywords.modifyObjectProperty(product, "xpath", "equals", "//*[@id = "fldvendor" + row + ""]", true): Modify property of object successfully

2018-05-30 18:13:40 - [MESSAGE][PASSED] - Modify property of object successfully

2018-05-30 18:13:40 - [TEST_STEP][PASSED] - selectOptionByIndex: All options with index in [1] are selected on object ''

2018-05-30 18:13:40 - [MESSAGE][PASSED] - All options with index in [1] are selected on object ''

2018-05-30 18:13:40 - [TEST_STEP][PASSED] - delay: Delayed 2 second(s)

2018-05-30 18:13:42 - [MESSAGE][PASSED] - Delayed 2 second(s)

2018-05-30 18:13:42 - [TEST_STEP][PASSED] - Statement - batch = new com.kms.katalon.core.testobject.TestObject(): null

2018-05-30 18:13:42 - [TEST_STEP][PASSED] - Statement - batch = com.kms.katalon.core.webui.keyword.WebUiBuiltInKeywords.modifyObjectProperty(batch, "xpath", "equals", "//*[@id = "txtbthqty" + row + ""]", true): Modify property of object successfully

2018-05-30 18:13:42 - [MESSAGE][PASSED] - Modify property of object successfully

2018-05-30 18:13:42 - [TEST_STEP][PASSED] - Statement - batchqty = com.kms.katalon.core.webui.keyword.WebUiBuiltInKeywords.getAttribute(batch, "value").trim(): Attribute 'value' of object '' is: '4800'

2018-05-30 18:13:42 - [MESSAGE][PASSED] - Attribute 'value' of object '' is: '4800'

2018-05-30 18:13:42 - [TEST_STEP][PASSED] - Statement - Rqty = 100: null

2018-05-30 18:13:42 - [TEST_STEP][PASSED] - Statement - out.println("BatchQty : " + batchqty): null

2018-05-30 18:13:42 - [TEST_STEP][PASSED] - Statement - out.println("RQty : " + Rqty): null

2018-05-30 18:13:42 - [TEST_STEP][PASSED] - Statement - If (java.lang.Integer.valueOf(batchqty) >= java.lang.Integer.valueOf(Rqty)): null

2018-05-30 18:13:42 - [TEST_STEP][PASSED] - Statement - Break: null

2018-05-30 18:13:42 - [TEST_STEP][PASSED] - Statement - batchlength = new com.kms.katalon.core.testobject.TestObject(): null

2018-05-30 18:13:42 - [TEST_STEP][PASSED] - Statement - batchlength = com.kms.katalon.core.webui.keyword.WebUiBuiltInKeywords.modifyObjectProperty(batchlength, "xpath", "equals", "//*[@id = "fldvendor" + row + ""]", true): Modify property of object successfully

2018-05-30 18:13:42 - [MESSAGE][PASSED] - Modify property of object successfully

2018-05-30 18:13:42 - [TEST_STEP][PASSED] - Statement - batchsize = com.kms.katalon.core.webui.keyword.WebUiBuiltInKeywords.getNumberOfTotalOption(batchlength): 12 options of object '' counted

2018-05-30 18:13:43 - [MESSAGE][PASSED] - 12 options of object '' counted

2018-05-30 18:13:43 - [TEST_STEP][PASSED] - Statement - out.println("BatchSize : " + batchsize): null

2018-05-30 18:13:43 - [TEST_STEP][PASSED] - Statement - For ([n = 1, n <= batchsize - 1, (n++)]): null

2018-05-30 18:13:43 - [TEST_STEP][PASSED] - Statement - product = new com.kms.katalon.core.testobject.TestObject(): null

2018-05-30 18:13:43 - [TEST_STEP][PASSED] - Statement - product = com.kms.katalon.core.webui.keyword.WebUiBuiltInKeywords.modifyObjectProperty(product, "xpath", "equals", "//*[@id = "fldvendor" + row + ""]", true): Modify property of object successfully

2018-05-30 18:13:43 - [MESSAGE][PASSED] - Modify property of object successfully

2018-05-30 18:13:43 - [TEST_STEP][PASSED] - selectOptionByIndex: All options with index in [1] are selected on object ''

2018-05-30 18:13:43 - [MESSAGE][PASSED] - All options with index in [1] are selected on object ''

2018-05-30 18:13:43 - [TEST_STEP][PASSED] - delay: Delayed 2 second(s)

2018-05-30 18:13:45 - [MESSAGE][PASSED] - Delayed 2 second(s)

2018-05-30 18:13:45 - [TEST_STEP][PASSED] - Statement - batch = new com.kms.katalon.core.testobject.TestObject(): null

2018-05-30 18:13:45 - [TEST_STEP][PASSED] - Statement - batch = com.kms.katalon.core.webui.keyword.WebUiBuiltInKeywords.modifyObjectProperty(batch, "xpath", "equals", "//*[@id = "txtbthqty" + row + ""]", true): Modify property of object successfully

2018-05-30 18:13:45 - [MESSAGE][PASSED] - Modify property of object successfully

2018-05-30 18:13:45 - [TEST_STEP][PASSED] - Statement - batchqty = com.kms.katalon.core.webui.keyword.WebUiBuiltInKeywords.getAttribute(batch, "value").trim(): Attribute 'value' of object '' is: '3700'

2018-05-30 18:13:45 - [MESSAGE][PASSED] - Attribute 'value' of object '' is: '3700'

2018-05-30 18:13:45 - [TEST_STEP][PASSED] - Statement - Rqty = 100: null

2018-05-30 18:13:45 - [TEST_STEP][PASSED] - Statement - out.println("BatchQty : " + batchqty): null

2018-05-30 18:13:45 - [TEST_STEP][PASSED] - Statement - out.println("RQty : " + Rqty): null

2018-05-30 18:13:45 - [TEST_STEP][PASSED] - Statement - If (java.lang.Integer.valueOf(batchqty) >= java.lang.Integer.valueOf(Rqty)): null

2018-05-30 18:13:45 - [TEST_STEP][PASSED] - Statement - Break: null

2018-05-30 18:13:45 - [TEST_STEP][PASSED] - Statement - batchlength = new com.kms.katalon.core.testobject.TestObject(): null

2018-05-30 18:13:45 - [TEST_STEP][PASSED] - Statement - batchlength = com.kms.katalon.core.webui.keyword.WebUiBuiltInKeywords.modifyObjectProperty(batchlength, "xpath", "equals", "//*[@id = "fldvendor" + row + ""]", true): Modify property of object successfully

2018-05-30 18:13:45 - [MESSAGE][PASSED] - Modify property of object successfully

2018-05-30 18:13:45 - [TEST_STEP][PASSED] - Statement - batchsize = com.kms.katalon.core.webui.keyword.WebUiBuiltInKeywords.getNumberOfTotalOption(batchlength): 12 options of object '' counted

2018-05-30 18:13:45 - [MESSAGE][PASSED] - 12 options of object '' counted

2018-05-30 18:13:45 - [TEST_STEP][PASSED] - Statement - out.println("BatchSize : " + batchsize): null

2018-05-30 18:13:45 - [TEST_STEP][PASSED] - Statement - For ([n = 1, n <= batchsize - 1, (n++)]): null

2018-05-30 18:13:45 - [TEST_STEP][PASSED] - Statement - product = new com.kms.katalon.core.testobject.TestObject(): null

2018-05-30 18:13:45 - [TEST_STEP][PASSED] - Statement - product = com.kms.katalon.core.webui.keyword.WebUiBuiltInKeywords.modifyObjectProperty(product, "xpath", "equals", "//*[@id = "fldvendor" + row + ""]", true): Modify property of object successfully

2018-05-30 18:13:45 - [MESSAGE][PASSED] - Modify property of object successfully

2018-05-30 18:13:45 - [TEST_STEP][PASSED] - selectOptionByIndex: All options with index in [1] are selected on object ''

2018-05-30 18:13:45 - [MESSAGE][PASSED] - All options with index in [1] are selected on object ''

2018-05-30 18:13:45 - [TEST_STEP][PASSED] - delay: Delayed 2 second(s)

2018-05-30 18:13:47 - [MESSAGE][PASSED] - Delayed 2 second(s)

2018-05-30 18:13:47 - [TEST_STEP][PASSED] - Statement - batch = new com.kms.katalon.core.testobject.TestObject(): null

2018-05-30 18:13:47 - [TEST_STEP][PASSED] - Statement - batch = com.kms.katalon.core.webui.keyword.WebUiBuiltInKeywords.modifyObjectProperty(batch, "xpath", "equals", "//*[@id = "txtbthqty" + row + ""]", true): Modify property of object successfully

2018-05-30 18:13:47 - [MESSAGE][PASSED] - Modify property of object successfully

2018-05-30 18:13:47 - [TEST_STEP][PASSED] - Statement - batchqty = com.kms.katalon.core.webui.keyword.WebUiBuiltInKeywords.getAttribute(batch, "value").trim(): Attribute 'value' of object '' is: '3700'

2018-05-30 18:13:47 - [MESSAGE][PASSED] - Attribute 'value' of object '' is: '3700'

2018-05-30 18:13:47 - [TEST_STEP][PASSED] - Statement - Rqty = 100: null

2018-05-30 18:13:47 - [TEST_STEP][PASSED] - Statement - out.println("BatchQty : " + batchqty): null

2018-05-30 18:13:47 - [TEST_STEP][PASSED] - Statement - out.println("RQty : " + Rqty): null

2018-05-30 18:13:47 - [TEST_STEP][PASSED] - Statement - If (java.lang.Integer.valueOf(batchqty) >= java.lang.Integer.valueOf(Rqty)): null

2018-05-30 18:13:47 - [TEST_STEP][PASSED] - Statement - Break: null

2018-05-30 18:13:47 - [TEST_STEP][PASSED] - Statement - batchlength = new com.kms.katalon.core.testobject.TestObject(): null

2018-05-30 18:13:47 - [TEST_STEP][PASSED] - Statement - batchlength = com.kms.katalon.core.webui.keyword.WebUiBuiltInKeywords.modifyObjectProperty(batchlength, "xpath", "equals", "//*[@id = "fldvendor" + row + ""]", true): Modify property of object successfully

2018-05-30 18:13:47 - [MESSAGE][PASSED] - Modify property of object successfully

2018-05-30 18:13:47 - [TEST_STEP][PASSED] - Statement - batchsize = com.kms.katalon.core.webui.keyword.WebUiBuiltInKeywords.getNumberOfTotalOption(batchlength): 12 options of object '' counted

2018-05-30 18:13:47 - [MESSAGE][PASSED] - 12 options of object '' counted

2018-05-30 18:13:47 - [TEST_STEP][PASSED] - Statement - out.println("BatchSize : " + batchsize): null

2018-05-30 18:13:47 - [TEST_STEP][PASSED] - Statement - For ([n = 1, n <= batchsize - 1, (n++)]): null

2018-05-30 18:13:47 - [TEST_STEP][PASSED] - Statement - product = new com.kms.katalon.core.testobject.TestObject(): null

2018-05-30 18:13:47 - [TEST_STEP][PASSED] - Statement - product = com.kms.katalon.core.webui.keyword.WebUiBuiltInKeywords.modifyObjectProperty(product, "xpath", "equals", "//*[@id = "fldvendor" + row + ""]", true): Modify property of object successfully

2018-05-30 18:13:47 - [MESSAGE][PASSED] - Modify property of object successfully

2018-05-30 18:13:47 - [TEST_STEP][PASSED] - selectOptionByIndex: All options with index in [1] are selected on object ''

2018-05-30 18:13:47 - [MESSAGE][PASSED] - All options with index in [1] are selected on object ''

2018-05-30 18:13:47 - [TEST_STEP][PASSED] - delay: Delayed 2 second(s)

2018-05-30 18:13:49 - [MESSAGE][PASSED] - Delayed 2 second(s)

2018-05-30 18:13:49 - [TEST_STEP][PASSED] - Statement - batch = new com.kms.katalon.core.testobject.TestObject(): null

2018-05-30 18:13:49 - [TEST_STEP][PASSED] - Statement - batch = com.kms.katalon.core.webui.keyword.WebUiBuiltInKeywords.modifyObjectProperty(batch, "xpath", "equals", "//*[@id = "txtbthqty" + row + ""]", true): Modify property of object successfully

2018-05-30 18:13:49 - [MESSAGE][PASSED] - Modify property of object successfully

2018-05-30 18:13:49 - [TEST_STEP][PASSED] - Statement - batchqty = com.kms.katalon.core.webui.keyword.WebUiBuiltInKeywords.getAttribute(batch, "value").trim(): Attribute 'value' of object '' is: '3700'

2018-05-30 18:13:49 - [MESSAGE][PASSED] - Attribute 'value' of object '' is: '3700'

2018-05-30 18:13:49 - [TEST_STEP][PASSED] - Statement - Rqty = 100: null

2018-05-30 18:13:49 - [TEST_STEP][PASSED] - Statement - out.println("BatchQty : " + batchqty): null

2018-05-30 18:13:49 - [TEST_STEP][PASSED] - Statement - out.println("RQty : " + Rqty): null

2018-05-30 18:13:49 - [TEST_STEP][PASSED] - Statement - If (java.lang.Integer.valueOf(batchqty) >= java.lang.Integer.valueOf(Rqty)): null

2018-05-30 18:13:49 - [TEST_STEP][PASSED] - Statement - Break: null

2018-05-30 18:13:49 - [TEST_STEP][PASSED] - Statement - batchlength = new com.kms.katalon.core.testobject.TestObject(): null

2018-05-30 18:13:49 - [TEST_STEP][PASSED] - Statement - batchlength = com.kms.katalon.core.webui.keyword.WebUiBuiltInKeywords.modifyObjectProperty(batchlength, "xpath", "equals", "//*[@id = "fldvendor" + row + ""]", true): Modify property of object successfully

2018-05-30 18:13:49 - [MESSAGE][PASSED] - Modify property of object successfully

2018-05-30 18:13:49 - [TEST_STEP][PASSED] - Statement - batchsize = com.kms.katalon.core.webui.keyword.WebUiBuiltInKeywords.getNumberOfTotalOption(batchlength): 12 options of object '' counted

2018-05-30 18:13:49 - [MESSAGE][PASSED] - 12 options of object '' counted

2018-05-30 18:13:49 - [TEST_STEP][PASSED] - Statement - out.println("BatchSize : " + batchsize): null

2018-05-30 18:13:49 - [TEST_STEP][PASSED] - Statement - For ([n = 1, n <= batchsize - 1, (n++)]): null

2018-05-30 18:13:49 - [TEST_STEP][PASSED] - Statement - product = new com.kms.katalon.core.testobject.TestObject(): null

2018-05-30 18:13:49 - [TEST_STEP][PASSED] - Statement - product = com.kms.katalon.core.webui.keyword.WebUiBuiltInKeywords.modifyObjectProperty(product, "xpath", "equals", "//*[@id = "fldvendor" + row + ""]", true): Modify property of object successfully

2018-05-30 18:13:49 - [MESSAGE][PASSED] - Modify property of object successfully

2018-05-30 18:13:49 - [TEST_STEP][PASSED] - selectOptionByIndex: All options with index in [1] are selected on object ''

2018-05-30 18:13:49 - [MESSAGE][PASSED] - All options with index in [1] are selected on object ''

2018-05-30 18:13:49 - [TEST_STEP][PASSED] - delay: Delayed 2 second(s)

2018-05-30 18:13:51 - [MESSAGE][PASSED] - Delayed 2 second(s)

2018-05-30 18:13:51 - [TEST_STEP][PASSED] - Statement - batch = new com.kms.katalon.core.testobject.TestObject(): null

2018-05-30 18:13:51 - [TEST_STEP][PASSED] - Statement - batch = com.kms.katalon.core.webui.keyword.WebUiBuiltInKeywords.modifyObjectProperty(batch, "xpath", "equals", "//*[@id = "txtbthqty" + row + ""]", true): Modify property of object successfully

2018-05-30 18:13:51 - [MESSAGE][PASSED] - Modify property of object successfully

2018-05-30 18:13:51 - [TEST_STEP][PASSED] - Statement - batchqty = com.kms.katalon.core.webui.keyword.WebUiBuiltInKeywords.getAttribute(batch, "value").trim(): Attribute 'value' of object '' is: '38700'

2018-05-30 18:13:51 - [MESSAGE][PASSED] - Attribute 'value' of object '' is: '38700'

2018-05-30 18:13:51 - [TEST_STEP][PASSED] - Statement - Rqty = 100: null

2018-05-30 18:13:51 - [TEST_STEP][PASSED] - Statement - out.println("BatchQty : " + batchqty): null

2018-05-30 18:13:51 - [TEST_STEP][PASSED] - Statement - out.println("RQty : " + Rqty): null

2018-05-30 18:13:51 - [TEST_STEP][PASSED] - Statement - If (java.lang.Integer.valueOf(batchqty) >= java.lang.Integer.valueOf(Rqty)): null

2018-05-30 18:13:51 - [TEST_STEP][PASSED] - Statement - Break: null

2018-05-30 18:13:51 - [TEST_STEP][PASSED] - Statement - batchlength = new com.kms.katalon.core.testobject.TestObject(): null

2018-05-30 18:13:51 - [TEST_STEP][PASSED] - Statement - batchlength = com.kms.katalon.core.webui.keyword.WebUiBuiltInKeywords.modifyObjectProperty(batchlength, "xpath", "equals", "//*[@id = "fldvendor" + row + ""]", true): Modify property of object successfully

2018-05-30 18:13:51 - [MESSAGE][PASSED] - Modify property of object successfully

2018-05-30 18:13:51 - [TEST_STEP][PASSED] - Statement - batchsize = com.kms.katalon.core.webui.keyword.WebUiBuiltInKeywords.getNumberOfTotalOption(batchlength): 12 options of object '' counted

2018-05-30 18:13:52 - [MESSAGE][PASSED] - 12 options of object '' counted

2018-05-30 18:13:52 - [TEST_STEP][PASSED] - Statement - out.println("BatchSize : " + batchsize): null

2018-05-30 18:13:52 - [TEST_STEP][PASSED] - Statement - For ([n = 1, n <= batchsize - 1, (n++)]): null

2018-05-30 18:13:52 - [TEST_STEP][PASSED] - Statement - product = new com.kms.katalon.core.testobject.TestObject(): null

2018-05-30 18:13:52 - [TEST_STEP][PASSED] - Statement - product = com.kms.katalon.core.webui.keyword.WebUiBuiltInKeywords.modifyObjectProperty(product, "xpath", "equals", "//*[@id = "fldvendor" + row + ""]", true): Modify property of object successfully

2018-05-30 18:13:52 - [MESSAGE][PASSED] - Modify property of object successfully

2018-05-30 18:13:52 - [TEST_STEP][PASSED] - selectOptionByIndex: All options with index in [1] are selected on object ''

2018-05-30 18:13:52 - [MESSAGE][PASSED] - All options with index in [1] are selected on object ''

2018-05-30 18:13:52 - [TEST_STEP][PASSED] - delay: Delayed 2 second(s)

2018-05-30 18:13:54 - [MESSAGE][PASSED] - Delayed 2 second(s)

2018-05-30 18:13:54 - [TEST_STEP][PASSED] - Statement - batch = new com.kms.katalon.core.testobject.TestObject(): null

2018-05-30 18:13:54 - [TEST_STEP][PASSED] - Statement - batch = com.kms.katalon.core.webui.keyword.WebUiBuiltInKeywords.modifyObjectProperty(batch, "xpath", "equals", "//*[@id = "txtbthqty" + row + ""]", true): Modify property of object successfully

2018-05-30 18:13:54 - [MESSAGE][PASSED] - Modify property of object successfully

2018-05-30 18:13:54 - [TEST_STEP][PASSED] - Statement - batchqty = com.kms.katalon.core.webui.keyword.WebUiBuiltInKeywords.getAttribute(batch, "value").trim(): Attribute 'value' of object '' is: '2700'

2018-05-30 18:13:54 - [MESSAGE][PASSED] - Attribute 'value' of object '' is: '2700'

2018-05-30 18:13:54 - [TEST_STEP][PASSED] - Statement - Rqty = 100: null

2018-05-30 18:13:54 - [TEST_STEP][PASSED] - Statement - out.println("BatchQty : " + batchqty): null

2018-05-30 18:13:54 - [TEST_STEP][PASSED] - Statement - out.println("RQty : " + Rqty): null

2018-05-30 18:13:54 - [TEST_STEP][PASSED] - Statement - If (java.lang.Integer.valueOf(batchqty) >= java.lang.Integer.valueOf(Rqty)): null

2018-05-30 18:13:54 - [TEST_STEP][PASSED] - Statement - Break: null

2018-05-30 18:13:54 - [TEST_STEP][PASSED] - Statement - batchlength = new com.kms.katalon.core.testobject.TestObject(): null

2018-05-30 18:13:54 - [TEST_STEP][PASSED] - Statement - batchlength = com.kms.katalon.core.webui.keyword.WebUiBuiltInKeywords.modifyObjectProperty(batchlength, "xpath", "equals", "//*[@id = "fldvendor" + row + ""]", true): Modify property of object successfully

2018-05-30 18:13:54 - [MESSAGE][PASSED] - Modify property of object successfully

2018-05-30 18:13:54 - [TEST_STEP][PASSED] - Statement - batchsize = com.kms.katalon.core.webui.keyword.WebUiBuiltInKeywords.getNumberOfTotalOption(batchlength): 12 options of object '' counted

2018-05-30 18:13:54 - [MESSAGE][PASSED] - 12 options of object '' counted

2018-05-30 18:13:54 - [TEST_STEP][PASSED] - Statement - out.println("BatchSize : " + batchsize): null

2018-05-30 18:13:54 - [TEST_STEP][PASSED] - Statement - For ([n = 1, n <= batchsize - 1, (n++)]): null

2018-05-30 18:13:54 - [TEST_STEP][PASSED] - Statement - product = new com.kms.katalon.core.testobject.TestObject(): null

2018-05-30 18:13:54 - [TEST_STEP][PASSED] - Statement - product = com.kms.katalon.core.webui.keyword.WebUiBuiltInKeywords.modifyObjectProperty(product, "xpath", "equals", "//*[@id = "fldvendor" + row + ""]", true): Modify property of object successfully

2018-05-30 18:13:54 - [MESSAGE][PASSED] - Modify property of object successfully

2018-05-30 18:13:54 - [TEST_STEP][PASSED] - selectOptionByIndex: All options with index in [1] are selected on object ''

2018-05-30 18:13:54 - [MESSAGE][PASSED] - All options with index in [1] are selected on object ''

2018-05-30 18:13:54 - [TEST_STEP][PASSED] - delay: Delayed 2 second(s)

2018-05-30 18:13:56 - [MESSAGE][PASSED] - Delayed 2 second(s)

2018-05-30 18:13:56 - [TEST_STEP][PASSED] - Statement - batch = new com.kms.katalon.core.testobject.TestObject(): null

2018-05-30 18:13:56 - [TEST_STEP][PASSED] - Statement - batch = com.kms.katalon.core.webui.keyword.WebUiBuiltInKeywords.modifyObjectProperty(batch, "xpath", "equals", "//*[@id = "txtbthqty" + row + ""]", true): Modify property of object successfully

2018-05-30 18:13:56 - [MESSAGE][PASSED] - Modify property of object successfully

2018-05-30 18:13:56 - [TEST_STEP][PASSED] - Statement - batchqty = com.kms.katalon.core.webui.keyword.WebUiBuiltInKeywords.getAttribute(batch, "value").trim(): Attribute 'value' of object '' is: '2700'

2018-05-30 18:13:56 - [MESSAGE][PASSED] - Attribute 'value' of object '' is: '2700'

2018-05-30 18:13:56 - [TEST_STEP][PASSED] - Statement - Rqty = 100: null

2018-05-30 18:13:56 - [TEST_STEP][PASSED] - Statement - out.println("BatchQty : " + batchqty): null

2018-05-30 18:13:56 - [TEST_STEP][PASSED] - Statement - out.println("RQty : " + Rqty): null

2018-05-30 18:13:56 - [TEST_STEP][PASSED] - Statement - If (java.lang.Integer.valueOf(batchqty) >= java.lang.Integer.valueOf(Rqty)): null

2018-05-30 18:13:56 - [TEST_STEP][PASSED] - Statement - Break: null

2018-05-30 18:13:56 - [TEST_STEP][PASSED] - Statement - batchlength = new com.kms.katalon.core.testobject.TestObject(): null

2018-05-30 18:13:56 - [TEST_STEP][PASSED] - Statement - batchlength = com.kms.katalon.core.webui.keyword.WebUiBuiltInKeywords.modifyObjectProperty(batchlength, "xpath", "equals", "//*[@id = "fldvendor" + row + ""]", true): Modify property of object successfully

2018-05-30 18:13:56 - [MESSAGE][PASSED] - Modify property of object successfully

2018-05-30 18:13:56 - [TEST_STEP][PASSED] - Statement - batchsize = com.kms.katalon.core.webui.keyword.WebUiBuiltInKeywords.getNumberOfTotalOption(batchlength): 12 options of object '' counted

2018-05-30 18:13:56 - [MESSAGE][PASSED] - 12 options of object '' counted

2018-05-30 18:13:56 - [TEST_STEP][PASSED] - Statement - out.println("BatchSize : " + batchsize): null

2018-05-30 18:13:56 - [TEST_STEP][PASSED] - Statement - For ([n = 1, n <= batchsize - 1, (n++)]): null

2018-05-30 18:13:56 - [TEST_STEP][PASSED] - Statement - product = new com.kms.katalon.core.testobject.TestObject(): null

2018-05-30 18:13:56 - [TEST_STEP][PASSED] - Statement - product = com.kms.katalon.core.webui.keyword.WebUiBuiltInKeywords.modifyObjectProperty(product, "xpath", "equals", "//*[@id = "fldvendor" + row + ""]", true): Modify property of object successfully

2018-05-30 18:13:56 - [MESSAGE][PASSED] - Modify property of object successfully

2018-05-30 18:13:56 - [TEST_STEP][PASSED] - selectOptionByIndex: All options with index in [1] are selected on object ''

2018-05-30 18:13:56 - [MESSAGE][PASSED] - All options with index in [1] are selected on object ''

2018-05-30 18:13:56 - [TEST_STEP][PASSED] - delay: Delayed 2 second(s)

2018-05-30 18:13:58 - [MESSAGE][PASSED] - Delayed 2 second(s)

2018-05-30 18:13:58 - [TEST_STEP][PASSED] - Statement - batch = new com.kms.katalon.core.testobject.TestObject(): null

2018-05-30 18:13:58 - [TEST_STEP][PASSED] - Statement - batch = com.kms.katalon.core.webui.keyword.WebUiBuiltInKeywords.modifyObjectProperty(batch, "xpath", "equals", "//*[@id = "txtbthqty" + row + ""]", true): Modify property of object successfully

2018-05-30 18:13:58 - [MESSAGE][PASSED] - Modify property of object successfully

2018-05-30 18:13:58 - [TEST_STEP][PASSED] - Statement - batchqty = com.kms.katalon.core.webui.keyword.WebUiBuiltInKeywords.getAttribute(batch, "value").trim(): Attribute 'value' of object '' is: '4700'

2018-05-30 18:13:58 - [MESSAGE][PASSED] - Attribute 'value' of object '' is: '4700'

2018-05-30 18:13:58 - [TEST_STEP][PASSED] - Statement - Rqty = 100: null

2018-05-30 18:13:58 - [TEST_STEP][PASSED] - Statement - out.println("BatchQty : " + batchqty): null

2018-05-30 18:13:58 - [TEST_STEP][PASSED] - Statement - out.println("RQty : " + Rqty): null

2018-05-30 18:13:58 - [TEST_STEP][PASSED] - Statement - If (java.lang.Integer.valueOf(batchqty) >= java.lang.Integer.valueOf(Rqty)): null

2018-05-30 18:13:58 - [TEST_STEP][PASSED] - Statement - Break: null

2018-05-30 18:13:58 - [TEST_STEP][PASSED] - Statement - batchlength = new com.kms.katalon.core.testobject.TestObject(): null

2018-05-30 18:13:58 - [TEST_STEP][PASSED] - Statement - batchlength = com.kms.katalon.core.webui.keyword.WebUiBuiltInKeywords.modifyObjectProperty(batchlength, "xpath", "equals", "//*[@id = "fldvendor" + row + ""]", true): Modify property of object successfully

2018-05-30 18:13:58 - [MESSAGE][PASSED] - Modify property of object successfully

2018-05-30 18:13:58 - [TEST_STEP][PASSED] - Statement - batchsize = com.kms.katalon.core.webui.keyword.WebUiBuiltInKeywords.getNumberOfTotalOption(batchlength): 12 options of object '' counted

2018-05-30 18:13:58 - [MESSAGE][PASSED] - 12 options of object '' counted

2018-05-30 18:13:58 - [TEST_STEP][PASSED] - Statement - out.println("BatchSize : " + batchsize): null

2018-05-30 18:13:58 - [TEST_STEP][PASSED] - Statement - For ([n = 1, n <= batchsize - 1, (n++)]): null

2018-05-30 18:13:58 - [TEST_STEP][PASSED] - Statement - product = new com.kms.katalon.core.testobject.TestObject(): null

2018-05-30 18:13:58 - [TEST_STEP][PASSED] - Statement - product = com.kms.katalon.core.webui.keyword.WebUiBuiltInKeywords.modifyObjectProperty(product, "xpath", "equals", "//*[@id = "fldvendor" + row + ""]", true): Modify property of object successfully

2018-05-30 18:13:58 - [MESSAGE][PASSED] - Modify property of object successfully

2018-05-30 18:13:58 - [TEST_STEP][PASSED] - selectOptionByIndex: All options with index in [1] are selected on object ''

2018-05-30 18:13:58 - [MESSAGE][PASSED] - All options with index in [1] are selected on object ''

2018-05-30 18:13:58 - [TEST_STEP][PASSED] - delay: Delayed 2 second(s)

2018-05-30 18:14:00 - [MESSAGE][PASSED] - Delayed 2 second(s)

2018-05-30 18:14:00 - [TEST_STEP][PASSED] - Statement - batch = new com.kms.katalon.core.testobject.TestObject(): null

2018-05-30 18:14:00 - [TEST_STEP][PASSED] - Statement - batch = com.kms.katalon.core.webui.keyword.WebUiBuiltInKeywords.modifyObjectProperty(batch, "xpath", "equals", "//*[@id = "txtbthqty" + row + ""]", true): Modify property of object successfully

2018-05-30 18:14:00 - [MESSAGE][PASSED] - Modify property of object successfully

2018-05-30 18:14:00 - [TEST_STEP][PASSED] - Statement - batchqty = com.kms.katalon.core.webui.keyword.WebUiBuiltInKeywords.getAttribute(batch, "value").trim(): Attribute 'value' of object '' is: '2700'

2018-05-30 18:14:00 - [MESSAGE][PASSED] - Attribute 'value' of object '' is: '2700'

2018-05-30 18:14:00 - [TEST_STEP][PASSED] - Statement - Rqty = 100: null

2018-05-30 18:14:00 - [TEST_STEP][PASSED] - Statement - out.println("BatchQty : " + batchqty): null

2018-05-30 18:14:00 - [TEST_STEP][PASSED] - Statement - out.println("RQty : " + Rqty): null

2018-05-30 18:14:00 - [TEST_STEP][PASSED] - Statement - If (java.lang.Integer.valueOf(batchqty) >= java.lang.Integer.valueOf(Rqty)): null

2018-05-30 18:14:00 - [TEST_STEP][PASSED] - Statement - Break: null

2018-05-30 18:14:00 - [TEST_STEP][PASSED] - Statement - batchlength = new com.kms.katalon.core.testobject.TestObject(): null

2018-05-30 18:14:00 - [TEST_STEP][PASSED] - Statement - batchlength = com.kms.katalon.core.webui.keyword.WebUiBuiltInKeywords.modifyObjectProperty(batchlength, "xpath", "equals", "//*[@id = "fldvendor" + row + ""]", true): Modify property of object successfully

2018-05-30 18:14:00 - [MESSAGE][PASSED] - Modify property of object successfully

2018-05-30 18:14:00 - [TEST_STEP][PASSED] - Statement - batchsize = com.kms.katalon.core.webui.keyword.WebUiBuiltInKeywords.getNumberOfTotalOption(batchlength): 12 options of object '' counted

2018-05-30 18:14:01 - [MESSAGE][PASSED] - 12 options of object '' counted

2018-05-30 18:14:01 - [TEST_STEP][PASSED] - Statement - out.println("BatchSize : " + batchsize): null

2018-05-30 18:14:01 - [TEST_STEP][PASSED] - Statement - For ([n = 1, n <= batchsize - 1, (n++)]): null

2018-05-30 18:14:01 - [TEST_STEP][PASSED] - Statement - product = new com.kms.katalon.core.testobject.TestObject(): null

2018-05-30 18:14:01 - [TEST_STEP][PASSED] - Statement - product = com.kms.katalon.core.webui.keyword.WebUiBuiltInKeywords.modifyObjectProperty(product, "xpath", "equals", "//*[@id = "fldvendor" + row + ""]", true): Modify property of object successfully

2018-05-30 18:14:01 - [MESSAGE][PASSED] - Modify property of object successfully

2018-05-30 18:14:01 - [TEST_STEP][PASSED] - selectOptionByIndex: All options with index in [1] are selected on object ''

2018-05-30 18:14:01 - [MESSAGE][PASSED] - All options with index in [1] are selected on object ''

2018-05-30 18:14:01 - [TEST_STEP][PASSED] - delay: Delayed 2 second(s)

2018-05-30 18:14:03 - [MESSAGE][PASSED] - Delayed 2 second(s)

2018-05-30 18:14:03 - [TEST_STEP][PASSED] - Statement - batch = new com.kms.katalon.core.testobject.TestObject(): null

2018-05-30 18:14:03 - [TEST_STEP][PASSED] - Statement - batch = com.kms.katalon.core.webui.keyword.WebUiBuiltInKeywords.modifyObjectProperty(batch, "xpath", "equals", "//*[@id = "txtbthqty" + row + ""]", true): Modify property of object successfully

2018-05-30 18:14:03 - [MESSAGE][PASSED] - Modify property of object successfully

2018-05-30 18:14:03 - [TEST_STEP][PASSED] - Statement - batchqty = com.kms.katalon.core.webui.keyword.WebUiBuiltInKeywords.getAttribute(batch, "value").trim(): Attribute 'value' of object '' is: '3700'

2018-05-30 18:14:03 - [MESSAGE][PASSED] - Attribute 'value' of object '' is: '3700'

2018-05-30 18:14:03 - [TEST_STEP][PASSED] - Statement - Rqty = 100: null

2018-05-30 18:14:03 - [TEST_STEP][PASSED] - Statement - out.println("BatchQty : " + batchqty): null

2018-05-30 18:14:03 - [TEST_STEP][PASSED] - Statement - out.println("RQty : " + Rqty): null

2018-05-30 18:14:03 - [TEST_STEP][PASSED] - Statement - If (java.lang.Integer.valueOf(batchqty) >= java.lang.Integer.valueOf(Rqty)): null

2018-05-30 18:14:03 - [TEST_STEP][PASSED] - Statement - Break: null

2018-05-30 18:14:03 - [TEST_STEP][PASSED] - Statement - batchlength = new com.kms.katalon.core.testobject.TestObject(): null

2018-05-30 18:14:03 - [TEST_STEP][PASSED] - Statement - batchlength = com.kms.katalon.core.webui.keyword.WebUiBuiltInKeywords.modifyObjectProperty(batchlength, "xpath", "equals", "//*[@id = "fldvendor" + row + ""]", true): Modify property of object successfully

2018-05-30 18:14:03 - [MESSAGE][PASSED] - Modify property of object successfully

2018-05-30 18:14:03 - [TEST_STEP][PASSED] - Statement - batchsize = com.kms.katalon.core.webui.keyword.WebUiBuiltInKeywords.getNumberOfTotalOption(batchlength): 12 options of object '' counted

2018-05-30 18:14:03 - [MESSAGE][PASSED] - 12 options of object '' counted

2018-05-30 18:14:03 - [TEST_STEP][PASSED] - Statement - out.println("BatchSize : " + batchsize): null

2018-05-30 18:14:03 - [TEST_STEP][PASSED] - Statement - For ([n = 1, n <= batchsize - 1, (n++)]): null

2018-05-30 18:14:03 - [TEST_STEP][PASSED] - Statement - product = new com.kms.katalon.core.testobject.TestObject(): null

2018-05-30 18:14:03 - [TEST_STEP][PASSED] - Statement - product = com.kms.katalon.core.webui.keyword.WebUiBuiltInKeywords.modifyObjectProperty(product, "xpath", "equals", "//*[@id = "fldvendor" + row + ""]", true): Modify property of object successfully

2018-05-30 18:14:03 - [MESSAGE][PASSED] - Modify property of object successfully

2018-05-30 18:14:03 - [TEST_STEP][PASSED] - selectOptionByIndex: All options with index in [1] are selected on object ''

2018-05-30 18:14:03 - [MESSAGE][PASSED] - All options with index in [1] are selected on object ''

2018-05-30 18:14:03 - [TEST_STEP][PASSED] - delay: Delayed 2 second(s)

2018-05-30 18:14:05 - [MESSAGE][PASSED] - Delayed 2 second(s)

2018-05-30 18:14:05 - [TEST_STEP][PASSED] - Statement - batch = new com.kms.katalon.core.testobject.TestObject(): null

2018-05-30 18:14:05 - [TEST_STEP][PASSED] - Statement - batch = com.kms.katalon.core.webui.keyword.WebUiBuiltInKeywords.modifyObjectProperty(batch, "xpath", "equals", "//*[@id = "txtbthqty" + row + ""]", true): Modify property of object successfully

2018-05-30 18:14:05 - [MESSAGE][PASSED] - Modify property of object successfully

2018-05-30 18:14:05 - [TEST_STEP][PASSED] - Statement - batchqty = com.kms.katalon.core.webui.keyword.WebUiBuiltInKeywords.getAttribute(batch, "value").trim(): Attribute 'value' of object '' is: '37700'

2018-05-30 18:14:05 - [MESSAGE][PASSED] - Attribute 'value' of object '' is: '37700'

2018-05-30 18:14:05 - [TEST_STEP][PASSED] - Statement - Rqty = 100: null

2018-05-30 18:14:05 - [TEST_STEP][PASSED] - Statement - out.println("BatchQty : " + batchqty): null

2018-05-30 18:14:05 - [TEST_STEP][PASSED] - Statement - out.println("RQty : " + Rqty): null

2018-05-30 18:14:05 - [TEST_STEP][PASSED] - Statement - If (java.lang.Integer.valueOf(batchqty) >= java.lang.Integer.valueOf(Rqty)): null

2018-05-30 18:14:05 - [TEST_STEP][PASSED] - Statement - Break: null

2018-05-30 18:14:05 - [TEST_STEP][PASSED] - click: Object: 'Object Repository/store Request Schedule 1/Page_KDMC - CMS/input_btndispatch' is clicked on

2018-05-30 18:14:05 - [MESSAGE][PASSED] - Object: 'Object Repository/store Request Schedule 1/Page_KDMC - CMS/input_btndispatch' is clicked on

2018-05-30 18:14:05 - [TEST_STEP][PASSED] - waitForElementVisible: Object 'Object Repository/store Request Schedule 1/Page_KDMC - CMS/button_OK' is visible

2018-05-30 18:14:07 - [MESSAGE][PASSED] - Object 'Object Repository/store Request Schedule 1/Page_KDMC - CMS/button_OK' is visible

2018-05-30 18:14:07 - [TEST_STEP][PASSED] - click: Object: 'Object Repository/store Request Schedule 1/Page_KDMC - CMS/button_OK' is clicked on

2018-05-30 18:14:07 - [MESSAGE][PASSED] - Object: 'Object Repository/store Request Schedule 1/Page_KDMC - CMS/button_OK' is clicked on

2018-05-30 18:14:07 - [TEST_STEP][PASSED] - delay: Delayed 3 second(s)

2018-05-30 18:14:10 - [MESSAGE][PASSED] - Delayed 3 second(s)

2018-05-30 18:14:10 - [TEST_STEP][PASSED] - click: Object: 'Object Repository/store Request Schedule 1/Page_KDMC - CMS/a_dropdown-toggle' is clicked on

2018-05-30 18:14:10 - [MESSAGE][PASSED] - Object: 'Object Repository/store Request Schedule 1/Page_KDMC - CMS/a_dropdown-toggle' is clicked on

2018-05-30 18:14:10 - [TEST_STEP][PASSED] - click: Object: 'Object Repository/store Request Schedule 1/Page_KDMC - CMS/a_Sign out' is clicked on

2018-05-30 18:14:11 - [MESSAGE][PASSED] - Object: 'Object Repository/store Request Schedule 1/Page_KDMC - CMS/a_Sign out' is clicked on

2018-05-30 18:14:11 - [TEST_STEP][PASSED] - delay: Delayed 3 second(s)

2018-05-30 18:14:14 - [MESSAGE][PASSED] - Delayed 3 second(s)

2018-05-30 18:14:14 - [TEST_STEP][PASSED] - click: Object: 'Object Repository/Store Request Schedule 1/Page_KDMC/a_Divisional Store' is clicked on

2018-05-30 18:14:16 - [MESSAGE][PASSED] - Object: 'Object Repository/Store Request Schedule 1/Page_KDMC/a_Divisional Store' is clicked on

2018-05-30 18:14:16 - [TEST_STEP][PASSED] - setText: Text 'ragu' is set on object 'Object Repository/Store Request Schedule 1/Page_Divisonal Store Login/input_txtusername'

2018-05-30 18:14:16 - [MESSAGE][PASSED] - Text 'ragu' is set on object 'Object Repository/Store Request Schedule 1/Page_Divisonal Store Login/input_txtusername'

2018-05-30 18:14:16 - [TEST_STEP][PASSED] - setText: Text '123' is set on object 'Object Repository/Store Request Schedule 1/Page_Divisonal Store Login/input_txtpassword'

2018-05-30 18:14:16 - [MESSAGE][PASSED] - Text '123' is set on object 'Object Repository/Store Request Schedule 1/Page_Divisonal Store Login/input_txtpassword'

2018-05-30 18:14:16 - [TEST_STEP][PASSED] - delay: Delayed 3 second(s)

2018-05-30 18:14:19 - [MESSAGE][PASSED] - Delayed 3 second(s)

2018-05-30 18:14:19 - [TEST_STEP][PASSED] - click: Object: 'Object Repository/Store Request Schedule 1/Page_Divisonal Store Login/button_Sign in' is clicked on

2018-05-30 18:14:20 - [MESSAGE][PASSED] - Object: 'Object Repository/Store Request Schedule 1/Page_Divisonal Store Login/button_Sign in' is clicked on

2018-05-30 18:14:20 - [TEST_STEP][PASSED] - delay: Delayed 3 second(s)

2018-05-30 18:14:23 - [MESSAGE][PASSED] - Delayed 3 second(s)

2018-05-30 18:14:23 - [TEST_STEP][PASSED] - click: Object: 'Object Repository/Store Request Schedule 1/Page_Store/a_CMS' is clicked on

2018-05-30 18:14:23 - [MESSAGE][PASSED] - Object: 'Object Repository/Store Request Schedule 1/Page_Store/a_CMS' is clicked on

2018-05-30 18:14:23 - [TEST_STEP][PASSED] - delay: Delayed 2 second(s)

2018-05-30 18:14:25 - [MESSAGE][PASSED] - Delayed 2 second(s)

2018-05-30 18:14:25 - [TEST_STEP][PASSED] - click: Object: 'Object Repository/Store Request Schedule 1/Page_Store/a_Receiving Goods' is clicked on

2018-05-30 18:14:26 - [MESSAGE][PASSED] - Object: 'Object Repository/Store Request Schedule 1/Page_Store/a_Receiving Goods' is clicked on

2018-05-30 18:14:26 - [TEST_STEP][PASSED] - setText: Text 'PRNO/30052018/483' is set on object 'Object Repository/Store Request Schedule 1/Page_Store/input'

2018-05-30 18:14:27 - [MESSAGE][PASSED] - Text 'PRNO/30052018/483' is set on object 'Object Repository/Store Request Schedule 1/Page_Store/input'

2018-05-30 18:14:27 - [TEST_STEP][PASSED] - click: Object: 'Object Repository/Store Request Schedule 1/Page_Store/input_btn btn-primary' is clicked on

2018-05-30 18:14:27 - [MESSAGE][PASSED] - Object: 'Object Repository/Store Request Schedule 1/Page_Store/input_btn btn-primary' is clicked on

2018-05-30 18:14:27 - [TEST_STEP][PASSED] - delay: Delayed 2 second(s)

2018-05-30 18:14:29 - [MESSAGE][PASSED] - Delayed 2 second(s)

2018-05-30 18:14:29 - [TEST_STEP][PASSED] - click: Object: 'Object Repository/Store Request Schedule 1/Page_Store/input_chkrem' is clicked on

2018-05-30 18:14:29 - [MESSAGE][PASSED] - Object: 'Object Repository/Store Request Schedule 1/Page_Store/input_chkrem' is clicked on

2018-05-30 18:14:29 - [TEST_STEP][PASSED] - scrollToElement: Scroll to object 'Object Repository/Store Request Schedule 1/Page_Store/input_btchkroqadd' successfully

2018-05-30 18:14:29 - [MESSAGE][PASSED] - Scroll to object 'Object Repository/Store Request Schedule 1/Page_Store/input_btchkroqadd' successfully

2018-05-30 18:14:29 - [TEST_STEP][PASSED] - click: Object: 'Object Repository/Store Request Schedule 1/Page_Store/input_btchkroqadd' is clicked on

2018-05-30 18:14:29 - [MESSAGE][PASSED] - Object: 'Object Repository/Store Request Schedule 1/Page_Store/input_btchkroqadd' is clicked on

2018-05-30 18:14:29 - [TEST_STEP][PASSED] - delay: Delayed 2 second(s)

2018-05-30 18:14:31 - [MESSAGE][PASSED] - Delayed 2 second(s)

2018-05-30 18:14:31 - [TEST_STEP][PASSED] - refresh: Refresh successfully

2018-05-30 18:14:32 - [MESSAGE][PASSED] - Refresh successfully

2018-05-30 18:14:32 - [TEST_STEP][PASSED] - delay: Delayed 3 second(s)

2018-05-30 18:14:35 - [MESSAGE][PASSED] - Delayed 3 second(s)

2018-05-30 18:14:35 - [TEST_STEP][PASSED] - click: Object: 'Object Repository/Store Request Schedule 1/Page_Store/a_dropdown-toggle' is clicked on

2018-05-30 18:14:35 - [MESSAGE][PASSED] - Object: 'Object Repository/Store Request Schedule 1/Page_Store/a_dropdown-toggle' is clicked on

2018-05-30 18:14:35 - [TEST_STEP][PASSED] - click: Object: 'Object Repository/Store Request Schedule 1/Page_Store/a_Sign out' is clicked on

2018-05-30 18:14:35 - [MESSAGE][PASSED] - Object: 'Object Repository/Store Request Schedule 1/Page_Store/a_Sign out' is clicked on

2018-05-30 18:14:35 - [TEST_STEP][PASSED] - closeBrowser: Browser is closed

2018-05-30 18:14:36 - [MESSAGE][PASSED] - Browser is closed

2018-05-30 18:14:36 - [TEST_STEP][PASSED] - Statement - out.println("Schedule 9 STORE Request Are Working Successfully"): null]]></system-out>
         <system-err><![CDATA[]]></system-err>
      </testcase>
      <testcase name="Test Cases/STORE TO CMS REQUEST TEST CASES/TC_STCMS_010 To Verify Schedule 10 Store To CMS Request Are Working Successfully Or Not" classname="Test Cases/STORE TO CMS REQUEST TEST CASES/TC_STCMS_010 To Verify Schedule 10 Store To CMS Request Are Working Successfully Or Not" status="FAILED">
         <failure type="FAILED" message="Unable to click on object 'Object Repository/Store Request Schedule 1/Page_Store/a_dropdown-toggle' (Root cause: com.kms.katalon.core.webui.exception.WebElementNotFoundException: Web element with id: 'Object Repository/Store Request Schedule 1/Page_Store/a_dropdown-toggle' located by 'By.xpath: /html[1]/body[@class=&quot;skin-blue  pace-done&quot;]/header[@class=&quot;header&quot;]/div[@class=&quot;row&quot;]/nav[@class=&quot;navbar navbar-static-top&quot;]/div[@class=&quot;navbar-right&quot;]/ul[@class=&quot;nav navbar-nav&quot;]/li[@class=&quot;dropdown user user-menu&quot;]/a[@class=&quot;dropdown-toggle&quot;][count(. | //*[@class = 'dropdown-toggle' and @data-toggle = 'dropdown']) = count(//*[@class = 'dropdown-toggle' and @data-toggle = 'dropdown'])]' not found)"/>
         <system-out><![CDATA[2018-05-30 18:14:36 - [TEST_CASE][FAILED] - Test Cases/STORE TO CMS REQUEST TEST CASES/TC_STCMS_010 To Verify Schedule 10 Store To CMS Request Are Working Successfully Or Not: Test Cases/STORE TO CMS REQUEST TEST CASES/TC_STCMS_010 To Verify Schedule 10 Store To CMS Request Are Working Successfully Or Not FAILED because (of) Unable to click on object 'Object Repository/Store Request Schedule 1/Page_Store/a_dropdown-toggle' (Root cause: com.kms.katalon.core.webui.exception.WebElementNotFoundException: Web element with id: 'Object Repository/Store Request Schedule 1/Page_Store/a_dropdown-toggle' located by 'By.xpath: /html[1]/body[@class="skin-blue  pace-done"]/header[@class="header"]/div[@class="row"]/nav[@class="navbar navbar-static-top"]/div[@class="navbar-right"]/ul[@class="nav navbar-nav"]/li[@class="dropdown user user-menu"]/a[@class="dropdown-toggle"][count(. | //*[@class = 'dropdown-toggle' and @data-toggle = 'dropdown']) = count(//*[@class = 'dropdown-toggle' and @data-toggle = 'dropdown'])]' not found)

2018-05-30 18:14:36 - [TEST_STEP][PASSED] - openBrowser: Browser is opened with url: ''

2018-05-30 18:15:12 - [MESSAGE][PASSED] - Browser is opened with url: ''

2018-05-30 18:15:12 - [TEST_STEP][PASSED] - Statement - out.println("Verify Schedule 10 STORE Request Are Working Successfully Or Not"): null

2018-05-30 18:15:12 - [TEST_STEP][PASSED] - navigateToUrl: Navigate to 'http://192.168.137.1/multihospital_new/' successfully

2018-05-30 18:15:21 - [MESSAGE][PASSED] - Navigate to 'http://192.168.137.1/multihospital_new/' successfully

2018-05-30 18:15:21 - [TEST_STEP][PASSED] - maximizeWindow: Current window maximized

2018-05-30 18:15:22 - [MESSAGE][PASSED] - Current window maximized

2018-05-30 18:15:22 - [TEST_STEP][PASSED] - click: Object: 'Object Repository/Store Request Schedule 1/Page_KDMC/a_Divisional Store' is clicked on

2018-05-30 18:15:25 - [MESSAGE][PASSED] - Object: 'Object Repository/Store Request Schedule 1/Page_KDMC/a_Divisional Store' is clicked on

2018-05-30 18:15:25 - [TEST_STEP][PASSED] - setText: Text 'ragu' is set on object 'Object Repository/Store Request Schedule 1/Page_Divisonal Store Login/input_txtusername'

2018-05-30 18:15:25 - [MESSAGE][PASSED] - Text 'ragu' is set on object 'Object Repository/Store Request Schedule 1/Page_Divisonal Store Login/input_txtusername'

2018-05-30 18:15:25 - [TEST_STEP][PASSED] - setText: Text '123' is set on object 'Object Repository/Store Request Schedule 1/Page_Divisonal Store Login/input_txtpassword'

2018-05-30 18:15:25 - [MESSAGE][PASSED] - Text '123' is set on object 'Object Repository/Store Request Schedule 1/Page_Divisonal Store Login/input_txtpassword'

2018-05-30 18:15:25 - [TEST_STEP][PASSED] - delay: Delayed 3 second(s)

2018-05-30 18:15:28 - [MESSAGE][PASSED] - Delayed 3 second(s)

2018-05-30 18:15:28 - [TEST_STEP][PASSED] - click: Object: 'Object Repository/Store Request Schedule 1/Page_Divisonal Store Login/button_Sign in' is clicked on

2018-05-30 18:15:30 - [MESSAGE][PASSED] - Object: 'Object Repository/Store Request Schedule 1/Page_Divisonal Store Login/button_Sign in' is clicked on

2018-05-30 18:15:30 - [TEST_STEP][PASSED] - delay: Delayed 3 second(s)

2018-05-30 18:15:33 - [MESSAGE][PASSED] - Delayed 3 second(s)

2018-05-30 18:15:33 - [TEST_STEP][PASSED] - click: Object: 'Object Repository/Store Request Schedule 1/Page_Store/a_CMS' is clicked on

2018-05-30 18:15:33 - [MESSAGE][PASSED] - Object: 'Object Repository/Store Request Schedule 1/Page_Store/a_CMS' is clicked on

2018-05-30 18:15:33 - [TEST_STEP][PASSED] - delay: Delayed 2 second(s)

2018-05-30 18:15:35 - [MESSAGE][PASSED] - Delayed 2 second(s)

2018-05-30 18:15:35 - [TEST_STEP][PASSED] - click: Object: 'Object Repository/Store Request Schedule 1/Page_Store/a_Request Send' is clicked on

2018-05-30 18:15:36 - [MESSAGE][PASSED] - Object: 'Object Repository/Store Request Schedule 1/Page_Store/a_Request Send' is clicked on

2018-05-30 18:15:36 - [TEST_STEP][PASSED] - selectOptionByIndex: All options with index in [1] are selected on object 'Object Repository/Store Request Schedule 1/Page_Store/select_--Select--'

2018-05-30 18:15:36 - [MESSAGE][PASSED] - All options with index in [1] are selected on object 'Object Repository/Store Request Schedule 1/Page_Store/select_--Select--'

2018-05-30 18:15:36 - [TEST_STEP][PASSED] - selectOptionByIndex: All options with index in [10] are selected on object 'Object Repository/Store Request Schedule 1/Page_Store/select_--Select--Schedule 1Inj'

2018-05-30 18:15:37 - [MESSAGE][PASSED] - All options with index in [10] are selected on object 'Object Repository/Store Request Schedule 1/Page_Store/select_--Select--Schedule 1Inj'

2018-05-30 18:15:37 - [TEST_STEP][PASSED] - Statement - SelectedOptions = com.kms.katalon.core.webui.keyword.WebUiBuiltInKeywords.getNumberOfTotalOption(com.kms.katalon.core.testobject.ObjectRepository.findTestObject(Store Request Schedule 1/Page_Store/select_--Select--Adernaline 0.)): 19 options of object 'Object Repository/Store Request Schedule 1/Page_Store/select_--Select--Adernaline 0.' counted

2018-05-30 18:15:37 - [MESSAGE][PASSED] - 19 options of object 'Object Repository/Store Request Schedule 1/Page_Store/select_--Select--Adernaline 0.' counted

2018-05-30 18:15:37 - [TEST_STEP][PASSED] - Statement - For ([y = 1, y < SelectedOptions, (y++)]): Object: 'Object Repository/Store Request Schedule 1/Page_Store/button_Add' is clicked on

2018-05-30 18:15:37 - [TEST_STEP][PASSED] - selectOptionByIndex: All options with index in [10] are selected on object 'Object Repository/Store Request Schedule 1/Page_Store/select_--Select--Schedule 1Inj'

2018-05-30 18:15:37 - [MESSAGE][PASSED] - All options with index in [10] are selected on object 'Object Repository/Store Request Schedule 1/Page_Store/select_--Select--Schedule 1Inj'

2018-05-30 18:15:37 - [TEST_STEP][PASSED] - delay: Delayed 1 second(s)

2018-05-30 18:15:38 - [MESSAGE][PASSED] - Delayed 1 second(s)

2018-05-30 18:15:38 - [TEST_STEP][PASSED] - selectOptionByIndex: All options with index in [1] are selected on object 'Object Repository/Store Request Schedule 1/Page_Store/select_--Select--Adernaline 0.'

2018-05-30 18:15:38 - [MESSAGE][PASSED] - All options with index in [1] are selected on object 'Object Repository/Store Request Schedule 1/Page_Store/select_--Select--Adernaline 0.'

2018-05-30 18:15:38 - [TEST_STEP][PASSED] - setText: Text '100' is set on object 'Object Repository/Store Request Schedule 1/Page_Store/input_txttreat'

2018-05-30 18:15:38 - [MESSAGE][PASSED] - Text '100' is set on object 'Object Repository/Store Request Schedule 1/Page_Store/input_txttreat'

2018-05-30 18:15:38 - [TEST_STEP][PASSED] - click: Object: 'Object Repository/Store Request Schedule 1/Page_Store/button_Add' is clicked on

2018-05-30 18:15:38 - [MESSAGE][PASSED] - Object: 'Object Repository/Store Request Schedule 1/Page_Store/button_Add' is clicked on

2018-05-30 18:15:38 - [TEST_STEP][PASSED] - selectOptionByIndex: All options with index in [10] are selected on object 'Object Repository/Store Request Schedule 1/Page_Store/select_--Select--Schedule 1Inj'

2018-05-30 18:15:39 - [MESSAGE][PASSED] - All options with index in [10] are selected on object 'Object Repository/Store Request Schedule 1/Page_Store/select_--Select--Schedule 1Inj'

2018-05-30 18:15:39 - [TEST_STEP][PASSED] - delay: Delayed 1 second(s)

2018-05-30 18:15:40 - [MESSAGE][PASSED] - Delayed 1 second(s)

2018-05-30 18:15:40 - [TEST_STEP][PASSED] - selectOptionByIndex: All options with index in [2] are selected on object 'Object Repository/Store Request Schedule 1/Page_Store/select_--Select--Adernaline 0.'

2018-05-30 18:15:40 - [MESSAGE][PASSED] - All options with index in [2] are selected on object 'Object Repository/Store Request Schedule 1/Page_Store/select_--Select--Adernaline 0.'

2018-05-30 18:15:40 - [TEST_STEP][PASSED] - setText: Text '100' is set on object 'Object Repository/Store Request Schedule 1/Page_Store/input_txttreat'

2018-05-30 18:15:40 - [MESSAGE][PASSED] - Text '100' is set on object 'Object Repository/Store Request Schedule 1/Page_Store/input_txttreat'

2018-05-30 18:15:40 - [TEST_STEP][PASSED] - click: Object: 'Object Repository/Store Request Schedule 1/Page_Store/button_Add' is clicked on

2018-05-30 18:15:40 - [MESSAGE][PASSED] - Object: 'Object Repository/Store Request Schedule 1/Page_Store/button_Add' is clicked on

2018-05-30 18:15:40 - [TEST_STEP][PASSED] - selectOptionByIndex: All options with index in [10] are selected on object 'Object Repository/Store Request Schedule 1/Page_Store/select_--Select--Schedule 1Inj'

2018-05-30 18:15:40 - [MESSAGE][PASSED] - All options with index in [10] are selected on object 'Object Repository/Store Request Schedule 1/Page_Store/select_--Select--Schedule 1Inj'

2018-05-30 18:15:40 - [TEST_STEP][PASSED] - delay: Delayed 1 second(s)

2018-05-30 18:15:41 - [MESSAGE][PASSED] - Delayed 1 second(s)

2018-05-30 18:15:41 - [TEST_STEP][PASSED] - selectOptionByIndex: All options with index in [3] are selected on object 'Object Repository/Store Request Schedule 1/Page_Store/select_--Select--Adernaline 0.'

2018-05-30 18:15:41 - [MESSAGE][PASSED] - All options with index in [3] are selected on object 'Object Repository/Store Request Schedule 1/Page_Store/select_--Select--Adernaline 0.'

2018-05-30 18:15:41 - [TEST_STEP][PASSED] - setText: Text '100' is set on object 'Object Repository/Store Request Schedule 1/Page_Store/input_txttreat'

2018-05-30 18:15:41 - [MESSAGE][PASSED] - Text '100' is set on object 'Object Repository/Store Request Schedule 1/Page_Store/input_txttreat'

2018-05-30 18:15:41 - [TEST_STEP][PASSED] - click: Object: 'Object Repository/Store Request Schedule 1/Page_Store/button_Add' is clicked on

2018-05-30 18:15:41 - [MESSAGE][PASSED] - Object: 'Object Repository/Store Request Schedule 1/Page_Store/button_Add' is clicked on

2018-05-30 18:15:41 - [TEST_STEP][PASSED] - selectOptionByIndex: All options with index in [10] are selected on object 'Object Repository/Store Request Schedule 1/Page_Store/select_--Select--Schedule 1Inj'

2018-05-30 18:15:42 - [MESSAGE][PASSED] - All options with index in [10] are selected on object 'Object Repository/Store Request Schedule 1/Page_Store/select_--Select--Schedule 1Inj'

2018-05-30 18:15:42 - [TEST_STEP][PASSED] - delay: Delayed 1 second(s)

2018-05-30 18:15:43 - [MESSAGE][PASSED] - Delayed 1 second(s)

2018-05-30 18:15:43 - [TEST_STEP][PASSED] - selectOptionByIndex: All options with index in [4] are selected on object 'Object Repository/Store Request Schedule 1/Page_Store/select_--Select--Adernaline 0.'

2018-05-30 18:15:43 - [MESSAGE][PASSED] - All options with index in [4] are selected on object 'Object Repository/Store Request Schedule 1/Page_Store/select_--Select--Adernaline 0.'

2018-05-30 18:15:43 - [TEST_STEP][PASSED] - setText: Text '100' is set on object 'Object Repository/Store Request Schedule 1/Page_Store/input_txttreat'

2018-05-30 18:15:43 - [MESSAGE][PASSED] - Text '100' is set on object 'Object Repository/Store Request Schedule 1/Page_Store/input_txttreat'

2018-05-30 18:15:43 - [TEST_STEP][PASSED] - click: Object: 'Object Repository/Store Request Schedule 1/Page_Store/button_Add' is clicked on

2018-05-30 18:15:43 - [MESSAGE][PASSED] - Object: 'Object Repository/Store Request Schedule 1/Page_Store/button_Add' is clicked on

2018-05-30 18:15:43 - [TEST_STEP][PASSED] - selectOptionByIndex: All options with index in [10] are selected on object 'Object Repository/Store Request Schedule 1/Page_Store/select_--Select--Schedule 1Inj'

2018-05-30 18:15:43 - [MESSAGE][PASSED] - All options with index in [10] are selected on object 'Object Repository/Store Request Schedule 1/Page_Store/select_--Select--Schedule 1Inj'

2018-05-30 18:15:43 - [TEST_STEP][PASSED] - delay: Delayed 1 second(s)

2018-05-30 18:15:44 - [MESSAGE][PASSED] - Delayed 1 second(s)

2018-05-30 18:15:44 - [TEST_STEP][PASSED] - selectOptionByIndex: All options with index in [5] are selected on object 'Object Repository/Store Request Schedule 1/Page_Store/select_--Select--Adernaline 0.'

2018-05-30 18:15:44 - [MESSAGE][PASSED] - All options with index in [5] are selected on object 'Object Repository/Store Request Schedule 1/Page_Store/select_--Select--Adernaline 0.'

2018-05-30 18:15:44 - [TEST_STEP][PASSED] - setText: Text '100' is set on object 'Object Repository/Store Request Schedule 1/Page_Store/input_txttreat'

2018-05-30 18:15:44 - [MESSAGE][PASSED] - Text '100' is set on object 'Object Repository/Store Request Schedule 1/Page_Store/input_txttreat'

2018-05-30 18:15:44 - [TEST_STEP][PASSED] - click: Object: 'Object Repository/Store Request Schedule 1/Page_Store/button_Add' is clicked on

2018-05-30 18:15:44 - [MESSAGE][PASSED] - Object: 'Object Repository/Store Request Schedule 1/Page_Store/button_Add' is clicked on

2018-05-30 18:15:44 - [TEST_STEP][PASSED] - selectOptionByIndex: All options with index in [10] are selected on object 'Object Repository/Store Request Schedule 1/Page_Store/select_--Select--Schedule 1Inj'

2018-05-30 18:15:45 - [MESSAGE][PASSED] - All options with index in [10] are selected on object 'Object Repository/Store Request Schedule 1/Page_Store/select_--Select--Schedule 1Inj'

2018-05-30 18:15:45 - [TEST_STEP][PASSED] - delay: Delayed 1 second(s)

2018-05-30 18:15:46 - [MESSAGE][PASSED] - Delayed 1 second(s)

2018-05-30 18:15:46 - [TEST_STEP][PASSED] - selectOptionByIndex: All options with index in [6] are selected on object 'Object Repository/Store Request Schedule 1/Page_Store/select_--Select--Adernaline 0.'

2018-05-30 18:15:46 - [MESSAGE][PASSED] - All options with index in [6] are selected on object 'Object Repository/Store Request Schedule 1/Page_Store/select_--Select--Adernaline 0.'

2018-05-30 18:15:46 - [TEST_STEP][PASSED] - setText: Text '100' is set on object 'Object Repository/Store Request Schedule 1/Page_Store/input_txttreat'

2018-05-30 18:15:46 - [MESSAGE][PASSED] - Text '100' is set on object 'Object Repository/Store Request Schedule 1/Page_Store/input_txttreat'

2018-05-30 18:15:46 - [TEST_STEP][PASSED] - click: Object: 'Object Repository/Store Request Schedule 1/Page_Store/button_Add' is clicked on

2018-05-30 18:15:46 - [MESSAGE][PASSED] - Object: 'Object Repository/Store Request Schedule 1/Page_Store/button_Add' is clicked on

2018-05-30 18:15:46 - [TEST_STEP][PASSED] - selectOptionByIndex: All options with index in [10] are selected on object 'Object Repository/Store Request Schedule 1/Page_Store/select_--Select--Schedule 1Inj'

2018-05-30 18:15:46 - [MESSAGE][PASSED] - All options with index in [10] are selected on object 'Object Repository/Store Request Schedule 1/Page_Store/select_--Select--Schedule 1Inj'

2018-05-30 18:15:46 - [TEST_STEP][PASSED] - delay: Delayed 1 second(s)

2018-05-30 18:15:47 - [MESSAGE][PASSED] - Delayed 1 second(s)

2018-05-30 18:15:47 - [TEST_STEP][PASSED] - selectOptionByIndex: All options with index in [7] are selected on object 'Object Repository/Store Request Schedule 1/Page_Store/select_--Select--Adernaline 0.'

2018-05-30 18:15:47 - [MESSAGE][PASSED] - All options with index in [7] are selected on object 'Object Repository/Store Request Schedule 1/Page_Store/select_--Select--Adernaline 0.'

2018-05-30 18:15:47 - [TEST_STEP][PASSED] - setText: Text '100' is set on object 'Object Repository/Store Request Schedule 1/Page_Store/input_txttreat'

2018-05-30 18:15:47 - [MESSAGE][PASSED] - Text '100' is set on object 'Object Repository/Store Request Schedule 1/Page_Store/input_txttreat'

2018-05-30 18:15:47 - [TEST_STEP][PASSED] - click: Object: 'Object Repository/Store Request Schedule 1/Page_Store/button_Add' is clicked on

2018-05-30 18:15:47 - [MESSAGE][PASSED] - Object: 'Object Repository/Store Request Schedule 1/Page_Store/button_Add' is clicked on

2018-05-30 18:15:47 - [TEST_STEP][PASSED] - selectOptionByIndex: All options with index in [10] are selected on object 'Object Repository/Store Request Schedule 1/Page_Store/select_--Select--Schedule 1Inj'

2018-05-30 18:15:48 - [MESSAGE][PASSED] - All options with index in [10] are selected on object 'Object Repository/Store Request Schedule 1/Page_Store/select_--Select--Schedule 1Inj'

2018-05-30 18:15:48 - [TEST_STEP][PASSED] - delay: Delayed 1 second(s)

2018-05-30 18:15:49 - [MESSAGE][PASSED] - Delayed 1 second(s)

2018-05-30 18:15:49 - [TEST_STEP][PASSED] - selectOptionByIndex: All options with index in [8] are selected on object 'Object Repository/Store Request Schedule 1/Page_Store/select_--Select--Adernaline 0.'

2018-05-30 18:15:49 - [MESSAGE][PASSED] - All options with index in [8] are selected on object 'Object Repository/Store Request Schedule 1/Page_Store/select_--Select--Adernaline 0.'

2018-05-30 18:15:49 - [TEST_STEP][PASSED] - setText: Text '100' is set on object 'Object Repository/Store Request Schedule 1/Page_Store/input_txttreat'

2018-05-30 18:15:49 - [MESSAGE][PASSED] - Text '100' is set on object 'Object Repository/Store Request Schedule 1/Page_Store/input_txttreat'

2018-05-30 18:15:49 - [TEST_STEP][PASSED] - click: Object: 'Object Repository/Store Request Schedule 1/Page_Store/button_Add' is clicked on

2018-05-30 18:15:49 - [MESSAGE][PASSED] - Object: 'Object Repository/Store Request Schedule 1/Page_Store/button_Add' is clicked on

2018-05-30 18:15:49 - [TEST_STEP][PASSED] - selectOptionByIndex: All options with index in [10] are selected on object 'Object Repository/Store Request Schedule 1/Page_Store/select_--Select--Schedule 1Inj'

2018-05-30 18:15:49 - [MESSAGE][PASSED] - All options with index in [10] are selected on object 'Object Repository/Store Request Schedule 1/Page_Store/select_--Select--Schedule 1Inj'

2018-05-30 18:15:49 - [TEST_STEP][PASSED] - delay: Delayed 1 second(s)

2018-05-30 18:15:50 - [MESSAGE][PASSED] - Delayed 1 second(s)

2018-05-30 18:15:50 - [TEST_STEP][PASSED] - selectOptionByIndex: All options with index in [9] are selected on object 'Object Repository/Store Request Schedule 1/Page_Store/select_--Select--Adernaline 0.'

2018-05-30 18:15:50 - [MESSAGE][PASSED] - All options with index in [9] are selected on object 'Object Repository/Store Request Schedule 1/Page_Store/select_--Select--Adernaline 0.'

2018-05-30 18:15:50 - [TEST_STEP][PASSED] - setText: Text '100' is set on object 'Object Repository/Store Request Schedule 1/Page_Store/input_txttreat'

2018-05-30 18:15:50 - [MESSAGE][PASSED] - Text '100' is set on object 'Object Repository/Store Request Schedule 1/Page_Store/input_txttreat'

2018-05-30 18:15:50 - [TEST_STEP][PASSED] - click: Object: 'Object Repository/Store Request Schedule 1/Page_Store/button_Add' is clicked on

2018-05-30 18:15:50 - [MESSAGE][PASSED] - Object: 'Object Repository/Store Request Schedule 1/Page_Store/button_Add' is clicked on

2018-05-30 18:15:50 - [TEST_STEP][PASSED] - selectOptionByIndex: All options with index in [10] are selected on object 'Object Repository/Store Request Schedule 1/Page_Store/select_--Select--Schedule 1Inj'

2018-05-30 18:15:51 - [MESSAGE][PASSED] - All options with index in [10] are selected on object 'Object Repository/Store Request Schedule 1/Page_Store/select_--Select--Schedule 1Inj'

2018-05-30 18:15:51 - [TEST_STEP][PASSED] - delay: Delayed 1 second(s)

2018-05-30 18:15:52 - [MESSAGE][PASSED] - Delayed 1 second(s)

2018-05-30 18:15:52 - [TEST_STEP][PASSED] - selectOptionByIndex: All options with index in [10] are selected on object 'Object Repository/Store Request Schedule 1/Page_Store/select_--Select--Adernaline 0.'

2018-05-30 18:15:52 - [MESSAGE][PASSED] - All options with index in [10] are selected on object 'Object Repository/Store Request Schedule 1/Page_Store/select_--Select--Adernaline 0.'

2018-05-30 18:15:52 - [TEST_STEP][PASSED] - setText: Text '100' is set on object 'Object Repository/Store Request Schedule 1/Page_Store/input_txttreat'

2018-05-30 18:15:52 - [MESSAGE][PASSED] - Text '100' is set on object 'Object Repository/Store Request Schedule 1/Page_Store/input_txttreat'

2018-05-30 18:15:52 - [TEST_STEP][PASSED] - click: Object: 'Object Repository/Store Request Schedule 1/Page_Store/button_Add' is clicked on

2018-05-30 18:15:52 - [MESSAGE][PASSED] - Object: 'Object Repository/Store Request Schedule 1/Page_Store/button_Add' is clicked on

2018-05-30 18:15:52 - [TEST_STEP][PASSED] - selectOptionByIndex: All options with index in [10] are selected on object 'Object Repository/Store Request Schedule 1/Page_Store/select_--Select--Schedule 1Inj'

2018-05-30 18:15:52 - [MESSAGE][PASSED] - All options with index in [10] are selected on object 'Object Repository/Store Request Schedule 1/Page_Store/select_--Select--Schedule 1Inj'

2018-05-30 18:15:52 - [TEST_STEP][PASSED] - delay: Delayed 1 second(s)

2018-05-30 18:15:53 - [MESSAGE][PASSED] - Delayed 1 second(s)

2018-05-30 18:15:53 - [TEST_STEP][PASSED] - selectOptionByIndex: All options with index in [11] are selected on object 'Object Repository/Store Request Schedule 1/Page_Store/select_--Select--Adernaline 0.'

2018-05-30 18:15:53 - [MESSAGE][PASSED] - All options with index in [11] are selected on object 'Object Repository/Store Request Schedule 1/Page_Store/select_--Select--Adernaline 0.'

2018-05-30 18:15:53 - [TEST_STEP][PASSED] - setText: Text '100' is set on object 'Object Repository/Store Request Schedule 1/Page_Store/input_txttreat'

2018-05-30 18:15:54 - [MESSAGE][PASSED] - Text '100' is set on object 'Object Repository/Store Request Schedule 1/Page_Store/input_txttreat'

2018-05-30 18:15:54 - [TEST_STEP][PASSED] - click: Object: 'Object Repository/Store Request Schedule 1/Page_Store/button_Add' is clicked on

2018-05-30 18:15:54 - [MESSAGE][PASSED] - Object: 'Object Repository/Store Request Schedule 1/Page_Store/button_Add' is clicked on

2018-05-30 18:15:54 - [TEST_STEP][PASSED] - selectOptionByIndex: All options with index in [10] are selected on object 'Object Repository/Store Request Schedule 1/Page_Store/select_--Select--Schedule 1Inj'

2018-05-30 18:15:54 - [MESSAGE][PASSED] - All options with index in [10] are selected on object 'Object Repository/Store Request Schedule 1/Page_Store/select_--Select--Schedule 1Inj'

2018-05-30 18:15:54 - [TEST_STEP][PASSED] - delay: Delayed 1 second(s)

2018-05-30 18:15:55 - [MESSAGE][PASSED] - Delayed 1 second(s)

2018-05-30 18:15:55 - [TEST_STEP][PASSED] - selectOptionByIndex: All options with index in [12] are selected on object 'Object Repository/Store Request Schedule 1/Page_Store/select_--Select--Adernaline 0.'

2018-05-30 18:15:55 - [MESSAGE][PASSED] - All options with index in [12] are selected on object 'Object Repository/Store Request Schedule 1/Page_Store/select_--Select--Adernaline 0.'

2018-05-30 18:15:55 - [TEST_STEP][PASSED] - setText: Text '100' is set on object 'Object Repository/Store Request Schedule 1/Page_Store/input_txttreat'

2018-05-30 18:15:55 - [MESSAGE][PASSED] - Text '100' is set on object 'Object Repository/Store Request Schedule 1/Page_Store/input_txttreat'

2018-05-30 18:15:55 - [TEST_STEP][PASSED] - click: Object: 'Object Repository/Store Request Schedule 1/Page_Store/button_Add' is clicked on

2018-05-30 18:15:55 - [MESSAGE][PASSED] - Object: 'Object Repository/Store Request Schedule 1/Page_Store/button_Add' is clicked on

2018-05-30 18:15:55 - [TEST_STEP][PASSED] - selectOptionByIndex: All options with index in [10] are selected on object 'Object Repository/Store Request Schedule 1/Page_Store/select_--Select--Schedule 1Inj'

2018-05-30 18:15:55 - [MESSAGE][PASSED] - All options with index in [10] are selected on object 'Object Repository/Store Request Schedule 1/Page_Store/select_--Select--Schedule 1Inj'

2018-05-30 18:15:55 - [TEST_STEP][PASSED] - delay: Delayed 1 second(s)

2018-05-30 18:15:56 - [MESSAGE][PASSED] - Delayed 1 second(s)

2018-05-30 18:15:56 - [TEST_STEP][PASSED] - selectOptionByIndex: All options with index in [13] are selected on object 'Object Repository/Store Request Schedule 1/Page_Store/select_--Select--Adernaline 0.'

2018-05-30 18:15:57 - [MESSAGE][PASSED] - All options with index in [13] are selected on object 'Object Repository/Store Request Schedule 1/Page_Store/select_--Select--Adernaline 0.'

2018-05-30 18:15:57 - [TEST_STEP][PASSED] - setText: Text '100' is set on object 'Object Repository/Store Request Schedule 1/Page_Store/input_txttreat'

2018-05-30 18:15:57 - [MESSAGE][PASSED] - Text '100' is set on object 'Object Repository/Store Request Schedule 1/Page_Store/input_txttreat'

2018-05-30 18:15:57 - [TEST_STEP][PASSED] - click: Object: 'Object Repository/Store Request Schedule 1/Page_Store/button_Add' is clicked on

2018-05-30 18:15:57 - [MESSAGE][PASSED] - Object: 'Object Repository/Store Request Schedule 1/Page_Store/button_Add' is clicked on

2018-05-30 18:15:57 - [TEST_STEP][PASSED] - selectOptionByIndex: All options with index in [10] are selected on object 'Object Repository/Store Request Schedule 1/Page_Store/select_--Select--Schedule 1Inj'

2018-05-30 18:15:57 - [MESSAGE][PASSED] - All options with index in [10] are selected on object 'Object Repository/Store Request Schedule 1/Page_Store/select_--Select--Schedule 1Inj'

2018-05-30 18:15:57 - [TEST_STEP][PASSED] - delay: Delayed 1 second(s)

2018-05-30 18:15:58 - [MESSAGE][PASSED] - Delayed 1 second(s)

2018-05-30 18:15:58 - [TEST_STEP][PASSED] - selectOptionByIndex: All options with index in [14] are selected on object 'Object Repository/Store Request Schedule 1/Page_Store/select_--Select--Adernaline 0.'

2018-05-30 18:15:58 - [MESSAGE][PASSED] - All options with index in [14] are selected on object 'Object Repository/Store Request Schedule 1/Page_Store/select_--Select--Adernaline 0.'

2018-05-30 18:15:58 - [TEST_STEP][PASSED] - setText: Text '100' is set on object 'Object Repository/Store Request Schedule 1/Page_Store/input_txttreat'

2018-05-30 18:15:58 - [MESSAGE][PASSED] - Text '100' is set on object 'Object Repository/Store Request Schedule 1/Page_Store/input_txttreat'

2018-05-30 18:15:58 - [TEST_STEP][PASSED] - click: Object: 'Object Repository/Store Request Schedule 1/Page_Store/button_Add' is clicked on

2018-05-30 18:15:58 - [MESSAGE][PASSED] - Object: 'Object Repository/Store Request Schedule 1/Page_Store/button_Add' is clicked on

2018-05-30 18:15:58 - [TEST_STEP][PASSED] - selectOptionByIndex: All options with index in [10] are selected on object 'Object Repository/Store Request Schedule 1/Page_Store/select_--Select--Schedule 1Inj'

2018-05-30 18:15:59 - [MESSAGE][PASSED] - All options with index in [10] are selected on object 'Object Repository/Store Request Schedule 1/Page_Store/select_--Select--Schedule 1Inj'

2018-05-30 18:15:59 - [TEST_STEP][PASSED] - delay: Delayed 1 second(s)

2018-05-30 18:16:00 - [MESSAGE][PASSED] - Delayed 1 second(s)

2018-05-30 18:16:00 - [TEST_STEP][PASSED] - selectOptionByIndex: All options with index in [15] are selected on object 'Object Repository/Store Request Schedule 1/Page_Store/select_--Select--Adernaline 0.'

2018-05-30 18:16:00 - [MESSAGE][PASSED] - All options with index in [15] are selected on object 'Object Repository/Store Request Schedule 1/Page_Store/select_--Select--Adernaline 0.'

2018-05-30 18:16:00 - [TEST_STEP][PASSED] - setText: Text '100' is set on object 'Object Repository/Store Request Schedule 1/Page_Store/input_txttreat'

2018-05-30 18:16:00 - [MESSAGE][PASSED] - Text '100' is set on object 'Object Repository/Store Request Schedule 1/Page_Store/input_txttreat'

2018-05-30 18:16:00 - [TEST_STEP][PASSED] - click: Object: 'Object Repository/Store Request Schedule 1/Page_Store/button_Add' is clicked on

2018-05-30 18:16:00 - [MESSAGE][PASSED] - Object: 'Object Repository/Store Request Schedule 1/Page_Store/button_Add' is clicked on

2018-05-30 18:16:00 - [TEST_STEP][PASSED] - selectOptionByIndex: All options with index in [10] are selected on object 'Object Repository/Store Request Schedule 1/Page_Store/select_--Select--Schedule 1Inj'

2018-05-30 18:16:00 - [MESSAGE][PASSED] - All options with index in [10] are selected on object 'Object Repository/Store Request Schedule 1/Page_Store/select_--Select--Schedule 1Inj'

2018-05-30 18:16:00 - [TEST_STEP][PASSED] - delay: Delayed 1 second(s)

2018-05-30 18:16:01 - [MESSAGE][PASSED] - Delayed 1 second(s)

2018-05-30 18:16:01 - [TEST_STEP][PASSED] - selectOptionByIndex: All options with index in [16] are selected on object 'Object Repository/Store Request Schedule 1/Page_Store/select_--Select--Adernaline 0.'

2018-05-30 18:16:01 - [MESSAGE][PASSED] - All options with index in [16] are selected on object 'Object Repository/Store Request Schedule 1/Page_Store/select_--Select--Adernaline 0.'

2018-05-30 18:16:01 - [TEST_STEP][PASSED] - setText: Text '100' is set on object 'Object Repository/Store Request Schedule 1/Page_Store/input_txttreat'

2018-05-30 18:16:02 - [MESSAGE][PASSED] - Text '100' is set on object 'Object Repository/Store Request Schedule 1/Page_Store/input_txttreat'

2018-05-30 18:16:02 - [TEST_STEP][PASSED] - click: Object: 'Object Repository/Store Request Schedule 1/Page_Store/button_Add' is clicked on

2018-05-30 18:16:02 - [MESSAGE][PASSED] - Object: 'Object Repository/Store Request Schedule 1/Page_Store/button_Add' is clicked on

2018-05-30 18:16:02 - [TEST_STEP][PASSED] - selectOptionByIndex: All options with index in [10] are selected on object 'Object Repository/Store Request Schedule 1/Page_Store/select_--Select--Schedule 1Inj'

2018-05-30 18:16:02 - [MESSAGE][PASSED] - All options with index in [10] are selected on object 'Object Repository/Store Request Schedule 1/Page_Store/select_--Select--Schedule 1Inj'

2018-05-30 18:16:02 - [TEST_STEP][PASSED] - delay: Delayed 1 second(s)

2018-05-30 18:16:03 - [MESSAGE][PASSED] - Delayed 1 second(s)

2018-05-30 18:16:03 - [TEST_STEP][PASSED] - selectOptionByIndex: All options with index in [17] are selected on object 'Object Repository/Store Request Schedule 1/Page_Store/select_--Select--Adernaline 0.'

2018-05-30 18:16:03 - [MESSAGE][PASSED] - All options with index in [17] are selected on object 'Object Repository/Store Request Schedule 1/Page_Store/select_--Select--Adernaline 0.'

2018-05-30 18:16:03 - [TEST_STEP][PASSED] - setText: Text '100' is set on object 'Object Repository/Store Request Schedule 1/Page_Store/input_txttreat'

2018-05-30 18:16:03 - [MESSAGE][PASSED] - Text '100' is set on object 'Object Repository/Store Request Schedule 1/Page_Store/input_txttreat'

2018-05-30 18:16:03 - [TEST_STEP][PASSED] - click: Object: 'Object Repository/Store Request Schedule 1/Page_Store/button_Add' is clicked on

2018-05-30 18:16:03 - [MESSAGE][PASSED] - Object: 'Object Repository/Store Request Schedule 1/Page_Store/button_Add' is clicked on

2018-05-30 18:16:03 - [TEST_STEP][PASSED] - selectOptionByIndex: All options with index in [10] are selected on object 'Object Repository/Store Request Schedule 1/Page_Store/select_--Select--Schedule 1Inj'

2018-05-30 18:16:03 - [MESSAGE][PASSED] - All options with index in [10] are selected on object 'Object Repository/Store Request Schedule 1/Page_Store/select_--Select--Schedule 1Inj'

2018-05-30 18:16:03 - [TEST_STEP][PASSED] - delay: Delayed 1 second(s)

2018-05-30 18:16:04 - [MESSAGE][PASSED] - Delayed 1 second(s)

2018-05-30 18:16:04 - [TEST_STEP][PASSED] - selectOptionByIndex: All options with index in [18] are selected on object 'Object Repository/Store Request Schedule 1/Page_Store/select_--Select--Adernaline 0.'

2018-05-30 18:16:05 - [MESSAGE][PASSED] - All options with index in [18] are selected on object 'Object Repository/Store Request Schedule 1/Page_Store/select_--Select--Adernaline 0.'

2018-05-30 18:16:05 - [TEST_STEP][PASSED] - setText: Text '100' is set on object 'Object Repository/Store Request Schedule 1/Page_Store/input_txttreat'

2018-05-30 18:16:05 - [MESSAGE][PASSED] - Text '100' is set on object 'Object Repository/Store Request Schedule 1/Page_Store/input_txttreat'

2018-05-30 18:16:05 - [TEST_STEP][PASSED] - click: Object: 'Object Repository/Store Request Schedule 1/Page_Store/button_Add' is clicked on

2018-05-30 18:16:05 - [MESSAGE][PASSED] - Object: 'Object Repository/Store Request Schedule 1/Page_Store/button_Add' is clicked on

2018-05-30 18:16:05 - [TEST_STEP][PASSED] - delay: Delayed 2 second(s)

2018-05-30 18:16:07 - [MESSAGE][PASSED] - Delayed 2 second(s)

2018-05-30 18:16:07 - [TEST_STEP][PASSED] - scrollToElement: Scroll to object 'Object Repository/Store Request Schedule 1/Page_Store/input_btnsave' successfully

2018-05-30 18:16:07 - [MESSAGE][PASSED] - Scroll to object 'Object Repository/Store Request Schedule 1/Page_Store/input_btnsave' successfully

2018-05-30 18:16:07 - [TEST_STEP][PASSED] - click: Object: 'Object Repository/Store Request Schedule 1/Page_Store/input_btnsave' is clicked on

2018-05-30 18:16:07 - [MESSAGE][PASSED] - Object: 'Object Repository/Store Request Schedule 1/Page_Store/input_btnsave' is clicked on

2018-05-30 18:16:07 - [TEST_STEP][PASSED] - delay: Delayed 4 second(s)

2018-05-30 18:17:10 - [MESSAGE][PASSED] - Delayed 4 second(s)

2018-05-30 18:17:10 - [TEST_STEP][PASSED] - Statement - Cms_RequestNumber = com.kms.katalon.core.webui.keyword.WebUiBuiltInKeywords.getText(com.kms.katalon.core.testobject.ObjectRepository.findTestObject(Store Request Schedule 1/Page_Store/font_PRNO050520189)): Text of object 'Object Repository/Store Request Schedule 1/Page_Store/font_PRNO050520189' is: 'PRNO/30052018/484'

2018-05-30 18:17:10 - [MESSAGE][PASSED] - Text of object 'Object Repository/Store Request Schedule 1/Page_Store/font_PRNO050520189' is: 'PRNO/30052018/484'

2018-05-30 18:17:10 - [TEST_STEP][PASSED] - Statement - CR = Cms_RequestNumber.trim(): null

2018-05-30 18:17:10 - [TEST_STEP][PASSED] - Statement - out.println("RQ :" + Cms_RequestNumber): null

2018-05-30 18:17:10 - [TEST_STEP][PASSED] - Statement - RequestNumberID = Cms_RequestNumber.split("/")[2].trim(): null

2018-05-30 18:17:10 - [TEST_STEP][PASSED] - Statement - out.println("RQ ID :" + RequestNumberID): null

2018-05-30 18:17:10 - [TEST_STEP][PASSED] - delay: Delayed 3 second(s)

2018-05-30 18:17:13 - [MESSAGE][PASSED] - Delayed 3 second(s)

2018-05-30 18:17:13 - [TEST_STEP][PASSED] - Statement - ok = com.kms.katalon.core.webui.keyword.WebUiBuiltInKeywords.click(com.kms.katalon.core.testobject.ObjectRepository.findTestObject(Store Request Schedule 1/Page_Store/button_OK)): Object: 'Object Repository/Store Request Schedule 1/Page_Store/button_OK' is clicked on

2018-05-30 18:17:19 - [MESSAGE][PASSED] - Object: 'Object Repository/Store Request Schedule 1/Page_Store/button_OK' is clicked on

2018-05-30 18:17:19 - [TEST_STEP][PASSED] - delay: Delayed 3 second(s)

2018-05-30 18:17:22 - [MESSAGE][PASSED] - Delayed 3 second(s)

2018-05-30 18:17:22 - [TEST_STEP][FAILED] - click: Unable to click on object 'Object Repository/Store Request Schedule 1/Page_Store/a_dropdown-toggle' (Root cause: com.kms.katalon.core.webui.exception.WebElementNotFoundException: Web element with id: 'Object Repository/Store Request Schedule 1/Page_Store/a_dropdown-toggle' located by 'By.xpath: /html[1]/body[@class="skin-blue  pace-done"]/header[@class="header"]/div[@class="row"]/nav[@class="navbar navbar-static-top"]/div[@class="navbar-right"]/ul[@class="nav navbar-nav"]/li[@class="dropdown user user-menu"]/a[@class="dropdown-toggle"][count(. | //*[@class = 'dropdown-toggle' and @data-toggle = 'dropdown']) = count(//*[@class = 'dropdown-toggle' and @data-toggle = 'dropdown'])]' not found)

2018-05-30 18:17:53 - [MESSAGE][FAILED] - Unable to click on object 'Object Repository/Store Request Schedule 1/Page_Store/a_dropdown-toggle' (Root cause: com.kms.katalon.core.webui.exception.WebElementNotFoundException: Web element with id: 'Object Repository/Store Request Schedule 1/Page_Store/a_dropdown-toggle' located by 'By.xpath: /html[1]/body[@class="skin-blue  pace-done"]/header[@class="header"]/div[@class="row"]/nav[@class="navbar navbar-static-top"]/div[@class="navbar-right"]/ul[@class="nav navbar-nav"]/li[@class="dropdown user user-menu"]/a[@class="dropdown-toggle"][count(. | //*[@class = 'dropdown-toggle' and @data-toggle = 'dropdown']) = count(//*[@class = 'dropdown-toggle' and @data-toggle = 'dropdown'])]' not found)
[[ATTACHMENT|C:\\Users\\Quality Analyst\\Katalon Studio\\ds\\Reports\\Store_Suit\\20180530_171212\\1527684473493.png]]]]></system-out>
         <system-err><![CDATA[2018-05-30 18:14:36 - [TEST_CASE][FAILED] - Test Cases/STORE TO CMS REQUEST TEST CASES/TC_STCMS_010 To Verify Schedule 10 Store To CMS Request Are Working Successfully Or Not: Test Cases/STORE TO CMS REQUEST TEST CASES/TC_STCMS_010 To Verify Schedule 10 Store To CMS Request Are Working Successfully Or Not FAILED because (of) Unable to click on object 'Object Repository/Store Request Schedule 1/Page_Store/a_dropdown-toggle' (Root cause: com.kms.katalon.core.webui.exception.WebElementNotFoundException: Web element with id: 'Object Repository/Store Request Schedule 1/Page_Store/a_dropdown-toggle' located by 'By.xpath: /html[1]/body[@class="skin-blue  pace-done"]/header[@class="header"]/div[@class="row"]/nav[@class="navbar navbar-static-top"]/div[@class="navbar-right"]/ul[@class="nav navbar-nav"]/li[@class="dropdown user user-menu"]/a[@class="dropdown-toggle"][count(. | //*[@class = 'dropdown-toggle' and @data-toggle = 'dropdown']) = count(//*[@class = 'dropdown-toggle' and @data-toggle = 'dropdown'])]' not found)]]></system-err>
      </testcase>
      <testcase name="Test Cases/STORE TO CMS REQUEST TEST CASES/TC_STCMS_011 To Verify Schedule 11 Store To CMS Request Are Working Successfully Or Not" classname="Test Cases/STORE TO CMS REQUEST TEST CASES/TC_STCMS_011 To Verify Schedule 11 Store To CMS Request Are Working Successfully Or Not" status="FAILED">
         <failure type="FAILED" message="Unable to click on object 'Object Repository/Store Request Schedule 1/Page_Store/a_CMS' (Root cause: org.openqa.selenium.UnhandledAlertException: unexpected alert open: {Alert text : function Error() { [native code] }}
  (Session info: chrome=66.0.3359.181)
  (Driver info: chromedriver=2.35.528161 (5b82f2d2aae0ca24b877009200ced9065a772e73),platform=Windows NT 10.0.17134 x86_64) (WARNING: The server did not provide any stacktrace information)
Command duration or timeout: 0 milliseconds: null
Build info: version: '3.7.1', revision: '8a0099a', time: '2017-11-06T21:07:36.161Z'
System info: host: 'DESKTOP-BLFTK83', ip: '169.254.189.85', os.name: 'Windows 10', os.arch: 'amd64', os.version: '10.0', java.version: '1.8.0_102'
Driver info: com.kms.katalon.selenium.driver.CChromeDriver
Capabilities {acceptInsecureCerts: false, acceptSslCerts: false, applicationCacheEnabled: false, browserConnectionEnabled: false, browserName: chrome, chrome: {chromedriverVersion: 2.35.528161 (5b82f2d2aae0ca..., userDataDir: C:\Users\QUALIT~1\AppData\L...}, cssSelectorsEnabled: true, databaseEnabled: false, handlesAlerts: true, hasTouchScreen: false, javascriptEnabled: true, locationContextEnabled: true, mobileEmulationEnabled: false, nativeEvents: true, networkConnectionEnabled: false, pageLoadStrategy: normal, platform: XP, platformName: XP, rotatable: false, setWindowRect: true, takesHeapSnapshot: true, takesScreenshot: true, unexpectedAlertBehaviour: , unhandledPromptBehavior: , version: 66.0.3359.181, webStorageEnabled: true}
Session ID: 9d74d22750e4d5548b0d1d2893b8e823
*** Element info: {Using=xpath, value=id(&quot;connector&quot;)/div[@class=&quot;wrapper row-offcanvas row-offcanvas-left&quot;]/aside[@class=&quot;left-side sidebar-offcanvas&quot;]/section[@class=&quot;sidebar&quot;]/ul[@class=&quot;sidebar-menu&quot;]/li[@class=&quot;treeview&quot;]/a[1][count(. | //*[(text() = '
                                 CMS
                             ' or . = '
                                 CMS
                             ')]) = count(//*[(text() = '
                                 CMS
                             ' or . = '
                                 CMS
                             ')])]})"/>
         <system-out><![CDATA[2018-05-30 18:17:53 - [TEST_CASE][FAILED] - Test Cases/STORE TO CMS REQUEST TEST CASES/TC_STCMS_011 To Verify Schedule 11 Store To CMS Request Are Working Successfully Or Not: Test Cases/STORE TO CMS REQUEST TEST CASES/TC_STCMS_011 To Verify Schedule 11 Store To CMS Request Are Working Successfully Or Not FAILED because (of) Unable to click on object 'Object Repository/Store Request Schedule 1/Page_Store/a_CMS' (Root cause: org.openqa.selenium.UnhandledAlertException: unexpected alert open: {Alert text : function Error() { [native code] }}
  (Session info: chrome=66.0.3359.181)
  (Driver info: chromedriver=2.35.528161 (5b82f2d2aae0ca24b877009200ced9065a772e73),platform=Windows NT 10.0.17134 x86_64) (WARNING: The server did not provide any stacktrace information)
Command duration or timeout: 0 milliseconds: null
Build info: version: '3.7.1', revision: '8a0099a', time: '2017-11-06T21:07:36.161Z'
System info: host: 'DESKTOP-BLFTK83', ip: '169.254.189.85', os.name: 'Windows 10', os.arch: 'amd64', os.version: '10.0', java.version: '1.8.0_102'
Driver info: com.kms.katalon.selenium.driver.CChromeDriver
Capabilities {acceptInsecureCerts: false, acceptSslCerts: false, applicationCacheEnabled: false, browserConnectionEnabled: false, browserName: chrome, chrome: {chromedriverVersion: 2.35.528161 (5b82f2d2aae0ca..., userDataDir: C:\Users\QUALIT~1\AppData\L...}, cssSelectorsEnabled: true, databaseEnabled: false, handlesAlerts: true, hasTouchScreen: false, javascriptEnabled: true, locationContextEnabled: true, mobileEmulationEnabled: false, nativeEvents: true, networkConnectionEnabled: false, pageLoadStrategy: normal, platform: XP, platformName: XP, rotatable: false, setWindowRect: true, takesHeapSnapshot: true, takesScreenshot: true, unexpectedAlertBehaviour: , unhandledPromptBehavior: , version: 66.0.3359.181, webStorageEnabled: true}
Session ID: 9d74d22750e4d5548b0d1d2893b8e823
*** Element info: {Using=xpath, value=id("connector")/div[@class="wrapper row-offcanvas row-offcanvas-left"]/aside[@class="left-side sidebar-offcanvas"]/section[@class="sidebar"]/ul[@class="sidebar-menu"]/li[@class="treeview"]/a[1][count(. | //*[(text() = '
                                 CMS
                             ' or . = '
                                 CMS
                             ')]) = count(//*[(text() = '
                                 CMS
                             ' or . = '
                                 CMS
                             ')])]})

2018-05-30 18:17:54 - [TEST_STEP][PASSED] - openBrowser: Browser is opened with url: ''

2018-05-30 18:17:54 - [MESSAGE][WARNING] - A browser is already opened. Closing browser and opening a new one

2018-05-30 18:17:56 - [MESSAGE][PASSED] - Browser is opened with url: ''

2018-05-30 18:17:56 - [TEST_STEP][PASSED] - Statement - out.println("Verify Schedule 11 STORE Request Are Working Successfully Or Not"): null

2018-05-30 18:17:56 - [TEST_STEP][PASSED] - navigateToUrl: Navigate to 'http://192.168.137.1/multihospital_new/' successfully

2018-05-30 18:17:59 - [MESSAGE][PASSED] - Navigate to 'http://192.168.137.1/multihospital_new/' successfully

2018-05-30 18:17:59 - [TEST_STEP][PASSED] - maximizeWindow: Current window maximized

2018-05-30 18:18:00 - [MESSAGE][PASSED] - Current window maximized

2018-05-30 18:18:00 - [TEST_STEP][PASSED] - click: Object: 'Object Repository/Store Request Schedule 1/Page_KDMC/a_Divisional Store' is clicked on

2018-05-30 18:18:02 - [MESSAGE][PASSED] - Object: 'Object Repository/Store Request Schedule 1/Page_KDMC/a_Divisional Store' is clicked on

2018-05-30 18:18:02 - [TEST_STEP][PASSED] - setText: Text 'ragu' is set on object 'Object Repository/Store Request Schedule 1/Page_Divisonal Store Login/input_txtusername'

2018-05-30 18:18:02 - [MESSAGE][PASSED] - Text 'ragu' is set on object 'Object Repository/Store Request Schedule 1/Page_Divisonal Store Login/input_txtusername'

2018-05-30 18:18:02 - [TEST_STEP][PASSED] - setText: Text '123' is set on object 'Object Repository/Store Request Schedule 1/Page_Divisonal Store Login/input_txtpassword'

2018-05-30 18:18:02 - [MESSAGE][PASSED] - Text '123' is set on object 'Object Repository/Store Request Schedule 1/Page_Divisonal Store Login/input_txtpassword'

2018-05-30 18:18:02 - [TEST_STEP][PASSED] - delay: Delayed 3 second(s)

2018-05-30 18:18:05 - [MESSAGE][PASSED] - Delayed 3 second(s)

2018-05-30 18:18:05 - [TEST_STEP][PASSED] - click: Object: 'Object Repository/Store Request Schedule 1/Page_Divisonal Store Login/button_Sign in' is clicked on

2018-05-30 18:18:37 - [MESSAGE][PASSED] - Object: 'Object Repository/Store Request Schedule 1/Page_Divisonal Store Login/button_Sign in' is clicked on

2018-05-30 18:18:37 - [TEST_STEP][PASSED] - delay: Delayed 3 second(s)

2018-05-30 18:18:40 - [MESSAGE][PASSED] - Delayed 3 second(s)

2018-05-30 18:18:40 - [TEST_STEP][FAILED] - click: Unable to click on object 'Object Repository/Store Request Schedule 1/Page_Store/a_CMS' (Root cause: org.openqa.selenium.UnhandledAlertException: unexpected alert open: {Alert text : function Error() { [native code] }}
  (Session info: chrome=66.0.3359.181)
  (Driver info: chromedriver=2.35.528161 (5b82f2d2aae0ca24b877009200ced9065a772e73),platform=Windows NT 10.0.17134 x86_64) (WARNING: The server did not provide any stacktrace information)
Command duration or timeout: 0 milliseconds: null
Build info: version: '3.7.1', revision: '8a0099a', time: '2017-11-06T21:07:36.161Z'
System info: host: 'DESKTOP-BLFTK83', ip: '169.254.189.85', os.name: 'Windows 10', os.arch: 'amd64', os.version: '10.0', java.version: '1.8.0_102'
Driver info: com.kms.katalon.selenium.driver.CChromeDriver
Capabilities {acceptInsecureCerts: false, acceptSslCerts: false, applicationCacheEnabled: false, browserConnectionEnabled: false, browserName: chrome, chrome: {chromedriverVersion: 2.35.528161 (5b82f2d2aae0ca..., userDataDir: C:\Users\QUALIT~1\AppData\L...}, cssSelectorsEnabled: true, databaseEnabled: false, handlesAlerts: true, hasTouchScreen: false, javascriptEnabled: true, locationContextEnabled: true, mobileEmulationEnabled: false, nativeEvents: true, networkConnectionEnabled: false, pageLoadStrategy: normal, platform: XP, platformName: XP, rotatable: false, setWindowRect: true, takesHeapSnapshot: true, takesScreenshot: true, unexpectedAlertBehaviour: , unhandledPromptBehavior: , version: 66.0.3359.181, webStorageEnabled: true}
Session ID: 9d74d22750e4d5548b0d1d2893b8e823
*** Element info: {Using=xpath, value=id("connector")/div[@class="wrapper row-offcanvas row-offcanvas-left"]/aside[@class="left-side sidebar-offcanvas"]/section[@class="sidebar"]/ul[@class="sidebar-menu"]/li[@class="treeview"]/a[1][count(. | //*[(text() = '
                                 CMS
                             ' or . = '
                                 CMS
                             ')]) = count(//*[(text() = '
                                 CMS
                             ' or . = '
                                 CMS
                             ')])]})

2018-05-30 18:18:40 - [MESSAGE][WARNING] - Cannot take screenshot

2018-05-30 18:18:40 - [MESSAGE][FAILED] - Unable to click on object 'Object Repository/Store Request Schedule 1/Page_Store/a_CMS' (Root cause: org.openqa.selenium.UnhandledAlertException: unexpected alert open: {Alert text : function Error() { [native code] }}
  (Session info: chrome=66.0.3359.181)
  (Driver info: chromedriver=2.35.528161 (5b82f2d2aae0ca24b877009200ced9065a772e73),platform=Windows NT 10.0.17134 x86_64) (WARNING: The server did not provide any stacktrace information)
Command duration or timeout: 0 milliseconds: null
Build info: version: '3.7.1', revision: '8a0099a', time: '2017-11-06T21:07:36.161Z'
System info: host: 'DESKTOP-BLFTK83', ip: '169.254.189.85', os.name: 'Windows 10', os.arch: 'amd64', os.version: '10.0', java.version: '1.8.0_102'
Driver info: com.kms.katalon.selenium.driver.CChromeDriver
Capabilities {acceptInsecureCerts: false, acceptSslCerts: false, applicationCacheEnabled: false, browserConnectionEnabled: false, browserName: chrome, chrome: {chromedriverVersion: 2.35.528161 (5b82f2d2aae0ca..., userDataDir: C:\Users\QUALIT~1\AppData\L...}, cssSelectorsEnabled: true, databaseEnabled: false, handlesAlerts: true, hasTouchScreen: false, javascriptEnabled: true, locationContextEnabled: true, mobileEmulationEnabled: false, nativeEvents: true, networkConnectionEnabled: false, pageLoadStrategy: normal, platform: XP, platformName: XP, rotatable: false, setWindowRect: true, takesHeapSnapshot: true, takesScreenshot: true, unexpectedAlertBehaviour: , unhandledPromptBehavior: , version: 66.0.3359.181, webStorageEnabled: true}
Session ID: 9d74d22750e4d5548b0d1d2893b8e823
*** Element info: {Using=xpath, value=id("connector")/div[@class="wrapper row-offcanvas row-offcanvas-left"]/aside[@class="left-side sidebar-offcanvas"]/section[@class="sidebar"]/ul[@class="sidebar-menu"]/li[@class="treeview"]/a[1][count(. | //*[(text() = '
                                 CMS
                             ' or . = '
                                 CMS
                             ')]) = count(//*[(text() = '
                                 CMS
                             ' or . = '
                                 CMS
                             ')])]})]]></system-out>
         <system-err><![CDATA[2018-05-30 18:17:53 - [TEST_CASE][FAILED] - Test Cases/STORE TO CMS REQUEST TEST CASES/TC_STCMS_011 To Verify Schedule 11 Store To CMS Request Are Working Successfully Or Not: Test Cases/STORE TO CMS REQUEST TEST CASES/TC_STCMS_011 To Verify Schedule 11 Store To CMS Request Are Working Successfully Or Not FAILED because (of) Unable to click on object 'Object Repository/Store Request Schedule 1/Page_Store/a_CMS' (Root cause: org.openqa.selenium.UnhandledAlertException: unexpected alert open: {Alert text : function Error() { [native code] }}
  (Session info: chrome=66.0.3359.181)
  (Driver info: chromedriver=2.35.528161 (5b82f2d2aae0ca24b877009200ced9065a772e73),platform=Windows NT 10.0.17134 x86_64) (WARNING: The server did not provide any stacktrace information)
Command duration or timeout: 0 milliseconds: null
Build info: version: '3.7.1', revision: '8a0099a', time: '2017-11-06T21:07:36.161Z'
System info: host: 'DESKTOP-BLFTK83', ip: '169.254.189.85', os.name: 'Windows 10', os.arch: 'amd64', os.version: '10.0', java.version: '1.8.0_102'
Driver info: com.kms.katalon.selenium.driver.CChromeDriver
Capabilities {acceptInsecureCerts: false, acceptSslCerts: false, applicationCacheEnabled: false, browserConnectionEnabled: false, browserName: chrome, chrome: {chromedriverVersion: 2.35.528161 (5b82f2d2aae0ca..., userDataDir: C:\Users\QUALIT~1\AppData\L...}, cssSelectorsEnabled: true, databaseEnabled: false, handlesAlerts: true, hasTouchScreen: false, javascriptEnabled: true, locationContextEnabled: true, mobileEmulationEnabled: false, nativeEvents: true, networkConnectionEnabled: false, pageLoadStrategy: normal, platform: XP, platformName: XP, rotatable: false, setWindowRect: true, takesHeapSnapshot: true, takesScreenshot: true, unexpectedAlertBehaviour: , unhandledPromptBehavior: , version: 66.0.3359.181, webStorageEnabled: true}
Session ID: 9d74d22750e4d5548b0d1d2893b8e823
*** Element info: {Using=xpath, value=id("connector")/div[@class="wrapper row-offcanvas row-offcanvas-left"]/aside[@class="left-side sidebar-offcanvas"]/section[@class="sidebar"]/ul[@class="sidebar-menu"]/li[@class="treeview"]/a[1][count(. | //*[(text() = '
                                 CMS
                             ' or . = '
                                 CMS
                             ')]) = count(//*[(text() = '
                                 CMS
                             ' or . = '
                                 CMS
                             ')])]})]]></system-err>
      </testcase>
      <testcase name="Test Cases/STORE TO CMS REQUEST TEST CASES/TC_STCMS_012 To Verify Schedule 12 Store To CMS Request Are Working Successfully Or Not" classname="Test Cases/STORE TO CMS REQUEST TEST CASES/TC_STCMS_012 To Verify Schedule 12 Store To CMS Request Are Working Successfully Or Not" status="FAILED">
         <failure type="FAILED" message="Unable to click on object 'Object Repository/Store Request Schedule 1/Page_KDMC/a_Divisional Store' (Root cause: com.kms.katalon.core.webui.exception.WebElementNotFoundException: Web element with id: 'Object Repository/Store Request Schedule 1/Page_KDMC/a_Divisional Store' located by 'By.xpath: //a[@href = '#' and @title = 'Divisional Store' and (text() = 'Divisional Store ' or . = 'Divisional Store ')]' not found)"/>
         <system-out><![CDATA[2018-05-30 18:18:40 - [TEST_CASE][FAILED] - Test Cases/STORE TO CMS REQUEST TEST CASES/TC_STCMS_012 To Verify Schedule 12 Store To CMS Request Are Working Successfully Or Not: Test Cases/STORE TO CMS REQUEST TEST CASES/TC_STCMS_012 To Verify Schedule 12 Store To CMS Request Are Working Successfully Or Not FAILED because (of) Unable to click on object 'Object Repository/Store Request Schedule 1/Page_KDMC/a_Divisional Store' (Root cause: com.kms.katalon.core.webui.exception.WebElementNotFoundException: Web element with id: 'Object Repository/Store Request Schedule 1/Page_KDMC/a_Divisional Store' located by 'By.xpath: //a[@href = '#' and @title = 'Divisional Store' and (text() = 'Divisional Store ' or . = 'Divisional Store ')]' not found)

2018-05-30 18:18:40 - [TEST_STEP][PASSED] - openBrowser: Browser is opened with url: ''

2018-05-30 18:18:40 - [MESSAGE][WARNING] - A browser is already opened. Closing browser and opening a new one

2018-05-30 18:18:42 - [MESSAGE][PASSED] - Browser is opened with url: ''

2018-05-30 18:18:42 - [TEST_STEP][PASSED] - Statement - out.println("Verify Schedule 1 STORE Request Are Working Successfully Or Not"): null

2018-05-30 18:18:42 - [TEST_STEP][PASSED] - navigateToUrl: Navigate to 'http://192.168.137.1/multihospital_new/' successfully

2018-05-30 18:18:43 - [MESSAGE][PASSED] - Navigate to 'http://192.168.137.1/multihospital_new/' successfully

2018-05-30 18:18:43 - [TEST_STEP][PASSED] - maximizeWindow: Current window maximized

2018-05-30 18:18:44 - [MESSAGE][PASSED] - Current window maximized

2018-05-30 18:18:44 - [TEST_STEP][FAILED] - click: Unable to click on object 'Object Repository/Store Request Schedule 1/Page_KDMC/a_Divisional Store' (Root cause: com.kms.katalon.core.webui.exception.WebElementNotFoundException: Web element with id: 'Object Repository/Store Request Schedule 1/Page_KDMC/a_Divisional Store' located by 'By.xpath: //a[@href = '#' and @title = 'Divisional Store' and (text() = 'Divisional Store ' or . = 'Divisional Store ')]' not found)

2018-05-30 18:19:15 - [MESSAGE][FAILED] - Unable to click on object 'Object Repository/Store Request Schedule 1/Page_KDMC/a_Divisional Store' (Root cause: com.kms.katalon.core.webui.exception.WebElementNotFoundException: Web element with id: 'Object Repository/Store Request Schedule 1/Page_KDMC/a_Divisional Store' located by 'By.xpath: //a[@href = '#' and @title = 'Divisional Store' and (text() = 'Divisional Store ' or . = 'Divisional Store ')]' not found)
[[ATTACHMENT|C:\\Users\\Quality Analyst\\Katalon Studio\\ds\\Reports\\Store_Suit\\20180530_171212\\1527684554969.png]]]]></system-out>
         <system-err><![CDATA[2018-05-30 18:18:40 - [TEST_CASE][FAILED] - Test Cases/STORE TO CMS REQUEST TEST CASES/TC_STCMS_012 To Verify Schedule 12 Store To CMS Request Are Working Successfully Or Not: Test Cases/STORE TO CMS REQUEST TEST CASES/TC_STCMS_012 To Verify Schedule 12 Store To CMS Request Are Working Successfully Or Not FAILED because (of) Unable to click on object 'Object Repository/Store Request Schedule 1/Page_KDMC/a_Divisional Store' (Root cause: com.kms.katalon.core.webui.exception.WebElementNotFoundException: Web element with id: 'Object Repository/Store Request Schedule 1/Page_KDMC/a_Divisional Store' located by 'By.xpath: //a[@href = '#' and @title = 'Divisional Store' and (text() = 'Divisional Store ' or . = 'Divisional Store ')]' not found)]]></system-err>
      </testcase>
      <system-out><![CDATA[2018-05-30 17:12:22 - [TEST_SUITE][FAILED] - Store_Suit: Test Cases/STORE TO CMS REQUEST TEST CASES/TC_STCMS_001 To Verify Schedule 1 Store To CMS Request Are Working Successfully Or Not FAILED because (of) Unable to click on object 'Object Repository/Store Request Schedule 1/Page_Divisonal Store Login/button_Sign in' (Root cause: org.openqa.selenium.WebDriverException: unknown error: Element <button type="submit" id="btnSubmit" style="color: #ffffff;" class="btn bg-blue btn-block">...</button> is not clickable at point (791, 568). Other element would receive the click: <div style="position: absolute; display: block; width: auto; height: auto; padding: 0px; margin: 0px; text-align: left; border: none; border-radius: 0px; z-index: 2147483646; font-size: 0px; left: 631.5px; top: 493px;">...</div>
  (Session info: chrome=66.0.3359.181)
  (Driver info: chromedriver=2.35.528161 (5b82f2d2aae0ca24b877009200ced9065a772e73),platform=Windows NT 10.0.17134 x86_64) (WARNING: The server did not provide any stacktrace information)
Command duration or timeout: 0 milliseconds
Build info: version: '3.7.1', revision: '8a0099a', time: '2017-11-06T21:07:36.161Z'
System info: host: 'DESKTOP-BLFTK83', ip: '169.254.189.85', os.name: 'Windows 10', os.arch: 'amd64', os.version: '10.0', java.version: '1.8.0_102'
Driver info: com.kms.katalon.selenium.driver.CChromeDriver
Capabilities {acceptInsecureCerts: false, acceptSslCerts: false, applicationCacheEnabled: false, browserConnectionEnabled: false, browserName: chrome, chrome: {chromedriverVersion: 2.35.528161 (5b82f2d2aae0ca..., userDataDir: C:\Users\QUALIT~1\AppData\L...}, cssSelectorsEnabled: true, databaseEnabled: false, handlesAlerts: true, hasTouchScreen: false, javascriptEnabled: true, locationContextEnabled: true, mobileEmulationEnabled: false, nativeEvents: true, networkConnectionEnabled: false, pageLoadStrategy: normal, platform: XP, platformName: XP, rotatable: false, setWindowRect: true, takesHeapSnapshot: true, takesScreenshot: true, unexpectedAlertBehaviour: , unhandledPromptBehavior: , version: 66.0.3359.181, webStorageEnabled: true}
Session ID: bc8f04bd89c53866641e1149df396258)]]></system-out>
      <system-err><![CDATA[2018-05-30 17:12:22 - [TEST_SUITE][FAILED] - Store_Suit: Test Cases/STORE TO CMS REQUEST TEST CASES/TC_STCMS_001 To Verify Schedule 1 Store To CMS Request Are Working Successfully Or Not FAILED because (of) Unable to click on object 'Object Repository/Store Request Schedule 1/Page_Divisonal Store Login/button_Sign in' (Root cause: org.openqa.selenium.WebDriverException: unknown error: Element <button type="submit" id="btnSubmit" style="color: #ffffff;" class="btn bg-blue btn-block">...</button> is not clickable at point (791, 568). Other element would receive the click: <div style="position: absolute; display: block; width: auto; height: auto; padding: 0px; margin: 0px; text-align: left; border: none; border-radius: 0px; z-index: 2147483646; font-size: 0px; left: 631.5px; top: 493px;">...</div>
  (Session info: chrome=66.0.3359.181)
  (Driver info: chromedriver=2.35.528161 (5b82f2d2aae0ca24b877009200ced9065a772e73),platform=Windows NT 10.0.17134 x86_64) (WARNING: The server did not provide any stacktrace information)
Command duration or timeout: 0 milliseconds
Build info: version: '3.7.1', revision: '8a0099a', time: '2017-11-06T21:07:36.161Z'
System info: host: 'DESKTOP-BLFTK83', ip: '169.254.189.85', os.name: 'Windows 10', os.arch: 'amd64', os.version: '10.0', java.version: '1.8.0_102'
Driver info: com.kms.katalon.selenium.driver.CChromeDriver
Capabilities {acceptInsecureCerts: false, acceptSslCerts: false, applicationCacheEnabled: false, browserConnectionEnabled: false, browserName: chrome, chrome: {chromedriverVersion: 2.35.528161 (5b82f2d2aae0ca..., userDataDir: C:\Users\QUALIT~1\AppData\L...}, cssSelectorsEnabled: true, databaseEnabled: false, handlesAlerts: true, hasTouchScreen: false, javascriptEnabled: true, locationContextEnabled: true, mobileEmulationEnabled: false, nativeEvents: true, networkConnectionEnabled: false, pageLoadStrategy: normal, platform: XP, platformName: XP, rotatable: false, setWindowRect: true, takesHeapSnapshot: true, takesScreenshot: true, unexpectedAlertBehaviour: , unhandledPromptBehavior: , version: 66.0.3359.181, webStorageEnabled: true}
Session ID: bc8f04bd89c53866641e1149df396258)]]></system-err>
   </testsuite>
</testsuites>
