<?xml version="1.0" encoding="UTF-8"?>
<testsuites name="Emergency_Suite" time="2239" tests="7" failures="0" errors="0">
   <testsuite name="Emergency_Suite" tests="7" failures="0" errors="0" time="2239" timestamp="2018-06-10 19:39:25" hostname="Quality Analyst - DESKTOP-BLFTK83" id="Test Suites/Emergency_Suite">
      <properties>
         <property name="deviceName" value=""/>
         <property name="devicePlatform" value=""/>
         <property name="logFolder" value="C:\\Users\\Quality Analyst\\Katalon Studio\\ds\\Reports\\Emergency_Suite\\20180610_144726"/>
         <property name="logFiles" value="C:\\Users\\Quality Analyst\\Katalon Studio\\ds\\Reports\\Emergency_Suite\\20180610_144726\\execution0.log, C:\\Users\\Quality Analyst\\Katalon Studio\\ds\\Reports\\Emergency_Suite\\20180610_144726\\execution1.log"/>
         <property name="attachments" value=""/>
         <property name="hostName" value="Quality Analyst - DESKTOP-BLFTK83"/>
         <property name="os" value="Windows 10 64bit"/>
         <property name="katalonVersion" value="5.4.2.1"/>
         <property name="browser" value="Chrome 66.0.3359.181"/>
         <property name="hostAddress" value="169.254.189.85"/>
         <property name="sessionId" value="a188023756b0455535bbaffabb70274b"/>
         <property name="seleniumVersion" value="3.7.1"/>
         <property name="proxyInformation" value="ProxyInformation{proxyOption=NO_PROXY, proxyServerType=HTTP, password=, proxyServerAddress=, proxyServerPort=0}"/>
         <property name="platform" value="Windows 10"/>
      </properties>
      <testcase name="Test Cases/EMERGENCY TEST CASES/TC_ER_001 Verify Schedule 1 Emergency  Request Are Working Successfully Or Not" classname="Test Cases/EMERGENCY TEST CASES/TC_ER_001 Verify Schedule 1 Emergency  Request Are Working Successfully Or Not" status="PASSED">
         <system-out><![CDATA[2018-06-10 19:39:26 - [TEST_CASE][PASSED] - Test Cases/EMERGENCY TEST CASES/TC_ER_001 Verify Schedule 1 Emergency  Request Are Working Successfully Or Not: Test Cases/EMERGENCY TEST CASES/TC_ER_001 Verify Schedule 1 Emergency  Request Are Working Successfully Or Not

2018-06-10 19:39:26 - [TEST_STEP][PASSED] - openBrowser: Browser is opened with url: ''

2018-06-10 19:39:29 - [MESSAGE][PASSED] - Browser is opened with url: ''

2018-06-10 19:39:29 - [TEST_STEP][PASSED] - Statement - out.println("Verify Schedule 1 Emergency  Request Are Working Successfully Or Not"): null

2018-06-10 19:39:29 - [TEST_STEP][PASSED] - navigateToUrl: Navigate to 'http://192.168.137.1/Multihospital_New/EmergencyLogin.aspx' successfully

2018-06-10 19:39:31 - [MESSAGE][PASSED] - Navigate to 'http://192.168.137.1/Multihospital_New/EmergencyLogin.aspx' successfully

2018-06-10 19:39:31 - [TEST_STEP][PASSED] - maximizeWindow: Current window maximized

2018-06-10 19:39:33 - [MESSAGE][PASSED] - Current window maximized

2018-06-10 19:39:33 - [TEST_STEP][PASSED] - setText: Text 'nivetha' is set on object 'Object Repository/Emergency/Page_Emergency login/input_txtusername'

2018-06-10 19:39:33 - [MESSAGE][PASSED] - Text 'nivetha' is set on object 'Object Repository/Emergency/Page_Emergency login/input_txtusername'

2018-06-10 19:39:33 - [TEST_STEP][PASSED] - setText: Text '123' is set on object 'Object Repository/Emergency/Page_Emergency login/input_txtpassword'

2018-06-10 19:39:33 - [MESSAGE][PASSED] - Text '123' is set on object 'Object Repository/Emergency/Page_Emergency login/input_txtpassword'

2018-06-10 19:39:33 - [TEST_STEP][PASSED] - delay: Delayed 3 second(s)

2018-06-10 19:39:36 - [MESSAGE][PASSED] - Delayed 3 second(s)

2018-06-10 19:39:36 - [TEST_STEP][PASSED] - click: Object: 'Object Repository/Emergency/Page_Emergency login/button_Sign in' is clicked on

2018-06-10 19:39:37 - [MESSAGE][PASSED] - Object: 'Object Repository/Emergency/Page_Emergency login/button_Sign in' is clicked on

2018-06-10 19:39:37 - [TEST_STEP][PASSED] - delay: Delayed 3 second(s)

2018-06-10 19:39:40 - [MESSAGE][PASSED] - Delayed 3 second(s)

2018-06-10 19:39:40 - [TEST_STEP][PASSED] - click: Object: 'Object Repository/Emergency/Page_KDMC - Emergency/a_Store Request' is clicked on

2018-06-10 19:39:40 - [MESSAGE][PASSED] - Object: 'Object Repository/Emergency/Page_KDMC - Emergency/a_Store Request' is clicked on

2018-06-10 19:39:40 - [TEST_STEP][PASSED] - delay: Delayed 2 second(s)

2018-06-10 19:39:42 - [MESSAGE][PASSED] - Delayed 2 second(s)

2018-06-10 19:39:42 - [TEST_STEP][PASSED] - click: Object: 'Object Repository/Emergency/Page_KDMC - Emergency/a_Medicine Request' is clicked on

2018-06-10 19:39:43 - [MESSAGE][PASSED] - Object: 'Object Repository/Emergency/Page_KDMC - Emergency/a_Medicine Request' is clicked on

2018-06-10 19:39:43 - [TEST_STEP][PASSED] - delay: Delayed 2 second(s)

2018-06-10 19:39:45 - [MESSAGE][PASSED] - Delayed 2 second(s)

2018-06-10 19:39:45 - [TEST_STEP][PASSED] - selectOptionByIndex: All options with index in [1] are selected on object 'Object Repository/Emergency/Page_KDMC - Emergency/select_--Select--Schedule 1Inj'

2018-06-10 19:39:45 - [MESSAGE][PASSED] - All options with index in [1] are selected on object 'Object Repository/Emergency/Page_KDMC - Emergency/select_--Select--Schedule 1Inj'

2018-06-10 19:39:45 - [TEST_STEP][PASSED] - Statement - seletedoptions = com.kms.katalon.core.webui.keyword.WebUiBuiltInKeywords.getNumberOfTotalOption(com.kms.katalon.core.testobject.ObjectRepository.findTestObject(Emergency/Page_KDMC - Emergency/select_--Select--Adernaline 0.)): 63 options of object 'Object Repository/Emergency/Page_KDMC - Emergency/select_--Select--Adernaline 0.' counted

2018-06-10 19:39:45 - [MESSAGE][PASSED] - 63 options of object 'Object Repository/Emergency/Page_KDMC - Emergency/select_--Select--Adernaline 0.' counted

2018-06-10 19:39:45 - [TEST_STEP][PASSED] - Statement - For ([u = 1, u < seletedoptions, (u++)]): Object: 'Object Repository/Emergency/Page_KDMC - Emergency/button_Add' is clicked on

2018-06-10 19:39:45 - [TEST_STEP][PASSED] - selectOptionByIndex: All options with index in [1] are selected on object 'Object Repository/Emergency/Page_KDMC - Emergency/select_--Select--Schedule 1Inj'

2018-06-10 19:39:45 - [MESSAGE][PASSED] - All options with index in [1] are selected on object 'Object Repository/Emergency/Page_KDMC - Emergency/select_--Select--Schedule 1Inj'

2018-06-10 19:39:45 - [TEST_STEP][PASSED] - selectOptionByIndex: All options with index in [1] are selected on object 'Object Repository/Emergency/Page_KDMC - Emergency/select_--Select--Adernaline 0.'

2018-06-10 19:39:45 - [MESSAGE][PASSED] - All options with index in [1] are selected on object 'Object Repository/Emergency/Page_KDMC - Emergency/select_--Select--Adernaline 0.'

2018-06-10 19:39:45 - [TEST_STEP][PASSED] - setText: Text '10' is set on object 'Object Repository/Emergency/Page_KDMC - Emergency/input_txttreat'

2018-06-10 19:39:46 - [MESSAGE][PASSED] - Text '10' is set on object 'Object Repository/Emergency/Page_KDMC - Emergency/input_txttreat'

2018-06-10 19:39:46 - [TEST_STEP][PASSED] - click: Object: 'Object Repository/Emergency/Page_KDMC - Emergency/button_Add' is clicked on

2018-06-10 19:39:46 - [MESSAGE][PASSED] - Object: 'Object Repository/Emergency/Page_KDMC - Emergency/button_Add' is clicked on

2018-06-10 19:39:46 - [TEST_STEP][PASSED] - selectOptionByIndex: All options with index in [1] are selected on object 'Object Repository/Emergency/Page_KDMC - Emergency/select_--Select--Schedule 1Inj'

2018-06-10 19:39:46 - [MESSAGE][PASSED] - All options with index in [1] are selected on object 'Object Repository/Emergency/Page_KDMC - Emergency/select_--Select--Schedule 1Inj'

2018-06-10 19:39:46 - [TEST_STEP][PASSED] - selectOptionByIndex: All options with index in [2] are selected on object 'Object Repository/Emergency/Page_KDMC - Emergency/select_--Select--Adernaline 0.'

2018-06-10 19:39:46 - [MESSAGE][PASSED] - All options with index in [2] are selected on object 'Object Repository/Emergency/Page_KDMC - Emergency/select_--Select--Adernaline 0.'

2018-06-10 19:39:46 - [TEST_STEP][PASSED] - setText: Text '10' is set on object 'Object Repository/Emergency/Page_KDMC - Emergency/input_txttreat'

2018-06-10 19:39:46 - [MESSAGE][PASSED] - Text '10' is set on object 'Object Repository/Emergency/Page_KDMC - Emergency/input_txttreat'

2018-06-10 19:39:46 - [TEST_STEP][PASSED] - click: Object: 'Object Repository/Emergency/Page_KDMC - Emergency/button_Add' is clicked on

2018-06-10 19:39:46 - [MESSAGE][PASSED] - Object: 'Object Repository/Emergency/Page_KDMC - Emergency/button_Add' is clicked on

2018-06-10 19:39:46 - [TEST_STEP][PASSED] - selectOptionByIndex: All options with index in [1] are selected on object 'Object Repository/Emergency/Page_KDMC - Emergency/select_--Select--Schedule 1Inj'

2018-06-10 19:39:46 - [MESSAGE][PASSED] - All options with index in [1] are selected on object 'Object Repository/Emergency/Page_KDMC - Emergency/select_--Select--Schedule 1Inj'

2018-06-10 19:39:46 - [TEST_STEP][PASSED] - selectOptionByIndex: All options with index in [3] are selected on object 'Object Repository/Emergency/Page_KDMC - Emergency/select_--Select--Adernaline 0.'

2018-06-10 19:39:46 - [MESSAGE][PASSED] - All options with index in [3] are selected on object 'Object Repository/Emergency/Page_KDMC - Emergency/select_--Select--Adernaline 0.'

2018-06-10 19:39:46 - [TEST_STEP][PASSED] - setText: Text '10' is set on object 'Object Repository/Emergency/Page_KDMC - Emergency/input_txttreat'

2018-06-10 19:39:46 - [MESSAGE][PASSED] - Text '10' is set on object 'Object Repository/Emergency/Page_KDMC - Emergency/input_txttreat'

2018-06-10 19:39:46 - [TEST_STEP][PASSED] - click: Object: 'Object Repository/Emergency/Page_KDMC - Emergency/button_Add' is clicked on

2018-06-10 19:39:47 - [MESSAGE][PASSED] - Object: 'Object Repository/Emergency/Page_KDMC - Emergency/button_Add' is clicked on

2018-06-10 19:39:47 - [TEST_STEP][PASSED] - selectOptionByIndex: All options with index in [1] are selected on object 'Object Repository/Emergency/Page_KDMC - Emergency/select_--Select--Schedule 1Inj'

2018-06-10 19:39:47 - [MESSAGE][PASSED] - All options with index in [1] are selected on object 'Object Repository/Emergency/Page_KDMC - Emergency/select_--Select--Schedule 1Inj'

2018-06-10 19:39:47 - [TEST_STEP][PASSED] - selectOptionByIndex: All options with index in [4] are selected on object 'Object Repository/Emergency/Page_KDMC - Emergency/select_--Select--Adernaline 0.'

2018-06-10 19:39:47 - [MESSAGE][PASSED] - All options with index in [4] are selected on object 'Object Repository/Emergency/Page_KDMC - Emergency/select_--Select--Adernaline 0.'

2018-06-10 19:39:47 - [TEST_STEP][PASSED] - setText: Text '10' is set on object 'Object Repository/Emergency/Page_KDMC - Emergency/input_txttreat'

2018-06-10 19:39:47 - [MESSAGE][PASSED] - Text '10' is set on object 'Object Repository/Emergency/Page_KDMC - Emergency/input_txttreat'

2018-06-10 19:39:47 - [TEST_STEP][PASSED] - click: Object: 'Object Repository/Emergency/Page_KDMC - Emergency/button_Add' is clicked on

2018-06-10 19:39:47 - [MESSAGE][PASSED] - Object: 'Object Repository/Emergency/Page_KDMC - Emergency/button_Add' is clicked on

2018-06-10 19:39:47 - [TEST_STEP][PASSED] - selectOptionByIndex: All options with index in [1] are selected on object 'Object Repository/Emergency/Page_KDMC - Emergency/select_--Select--Schedule 1Inj'

2018-06-10 19:39:47 - [MESSAGE][PASSED] - All options with index in [1] are selected on object 'Object Repository/Emergency/Page_KDMC - Emergency/select_--Select--Schedule 1Inj'

2018-06-10 19:39:47 - [TEST_STEP][PASSED] - selectOptionByIndex: All options with index in [5] are selected on object 'Object Repository/Emergency/Page_KDMC - Emergency/select_--Select--Adernaline 0.'

2018-06-10 19:39:47 - [MESSAGE][PASSED] - All options with index in [5] are selected on object 'Object Repository/Emergency/Page_KDMC - Emergency/select_--Select--Adernaline 0.'

2018-06-10 19:39:47 - [TEST_STEP][PASSED] - setText: Text '10' is set on object 'Object Repository/Emergency/Page_KDMC - Emergency/input_txttreat'

2018-06-10 19:39:47 - [MESSAGE][PASSED] - Text '10' is set on object 'Object Repository/Emergency/Page_KDMC - Emergency/input_txttreat'

2018-06-10 19:39:47 - [TEST_STEP][PASSED] - click: Object: 'Object Repository/Emergency/Page_KDMC - Emergency/button_Add' is clicked on

2018-06-10 19:39:48 - [MESSAGE][PASSED] - Object: 'Object Repository/Emergency/Page_KDMC - Emergency/button_Add' is clicked on

2018-06-10 19:39:48 - [TEST_STEP][PASSED] - selectOptionByIndex: All options with index in [1] are selected on object 'Object Repository/Emergency/Page_KDMC - Emergency/select_--Select--Schedule 1Inj'

2018-06-10 19:39:48 - [MESSAGE][PASSED] - All options with index in [1] are selected on object 'Object Repository/Emergency/Page_KDMC - Emergency/select_--Select--Schedule 1Inj'

2018-06-10 19:39:48 - [TEST_STEP][PASSED] - selectOptionByIndex: All options with index in [6] are selected on object 'Object Repository/Emergency/Page_KDMC - Emergency/select_--Select--Adernaline 0.'

2018-06-10 19:39:48 - [MESSAGE][PASSED] - All options with index in [6] are selected on object 'Object Repository/Emergency/Page_KDMC - Emergency/select_--Select--Adernaline 0.'

2018-06-10 19:39:48 - [TEST_STEP][PASSED] - setText: Text '10' is set on object 'Object Repository/Emergency/Page_KDMC - Emergency/input_txttreat'

2018-06-10 19:39:48 - [MESSAGE][PASSED] - Text '10' is set on object 'Object Repository/Emergency/Page_KDMC - Emergency/input_txttreat'

2018-06-10 19:39:48 - [TEST_STEP][PASSED] - click: Object: 'Object Repository/Emergency/Page_KDMC - Emergency/button_Add' is clicked on

2018-06-10 19:39:48 - [MESSAGE][PASSED] - Object: 'Object Repository/Emergency/Page_KDMC - Emergency/button_Add' is clicked on

2018-06-10 19:39:48 - [TEST_STEP][PASSED] - selectOptionByIndex: All options with index in [1] are selected on object 'Object Repository/Emergency/Page_KDMC - Emergency/select_--Select--Schedule 1Inj'

2018-06-10 19:39:48 - [MESSAGE][PASSED] - All options with index in [1] are selected on object 'Object Repository/Emergency/Page_KDMC - Emergency/select_--Select--Schedule 1Inj'

2018-06-10 19:39:48 - [TEST_STEP][PASSED] - selectOptionByIndex: All options with index in [7] are selected on object 'Object Repository/Emergency/Page_KDMC - Emergency/select_--Select--Adernaline 0.'

2018-06-10 19:39:48 - [MESSAGE][PASSED] - All options with index in [7] are selected on object 'Object Repository/Emergency/Page_KDMC - Emergency/select_--Select--Adernaline 0.'

2018-06-10 19:39:48 - [TEST_STEP][PASSED] - setText: Text '10' is set on object 'Object Repository/Emergency/Page_KDMC - Emergency/input_txttreat'

2018-06-10 19:39:48 - [MESSAGE][PASSED] - Text '10' is set on object 'Object Repository/Emergency/Page_KDMC - Emergency/input_txttreat'

2018-06-10 19:39:48 - [TEST_STEP][PASSED] - click: Object: 'Object Repository/Emergency/Page_KDMC - Emergency/button_Add' is clicked on

2018-06-10 19:39:49 - [MESSAGE][PASSED] - Object: 'Object Repository/Emergency/Page_KDMC - Emergency/button_Add' is clicked on

2018-06-10 19:39:49 - [TEST_STEP][PASSED] - selectOptionByIndex: All options with index in [1] are selected on object 'Object Repository/Emergency/Page_KDMC - Emergency/select_--Select--Schedule 1Inj'

2018-06-10 19:39:49 - [MESSAGE][PASSED] - All options with index in [1] are selected on object 'Object Repository/Emergency/Page_KDMC - Emergency/select_--Select--Schedule 1Inj'

2018-06-10 19:39:49 - [TEST_STEP][PASSED] - selectOptionByIndex: All options with index in [8] are selected on object 'Object Repository/Emergency/Page_KDMC - Emergency/select_--Select--Adernaline 0.'

2018-06-10 19:39:49 - [MESSAGE][PASSED] - All options with index in [8] are selected on object 'Object Repository/Emergency/Page_KDMC - Emergency/select_--Select--Adernaline 0.'

2018-06-10 19:39:49 - [TEST_STEP][PASSED] - setText: Text '10' is set on object 'Object Repository/Emergency/Page_KDMC - Emergency/input_txttreat'

2018-06-10 19:39:49 - [MESSAGE][PASSED] - Text '10' is set on object 'Object Repository/Emergency/Page_KDMC - Emergency/input_txttreat'

2018-06-10 19:39:49 - [TEST_STEP][PASSED] - click: Object: 'Object Repository/Emergency/Page_KDMC - Emergency/button_Add' is clicked on

2018-06-10 19:39:49 - [MESSAGE][PASSED] - Object: 'Object Repository/Emergency/Page_KDMC - Emergency/button_Add' is clicked on

2018-06-10 19:39:49 - [TEST_STEP][PASSED] - selectOptionByIndex: All options with index in [1] are selected on object 'Object Repository/Emergency/Page_KDMC - Emergency/select_--Select--Schedule 1Inj'

2018-06-10 19:39:49 - [MESSAGE][PASSED] - All options with index in [1] are selected on object 'Object Repository/Emergency/Page_KDMC - Emergency/select_--Select--Schedule 1Inj'

2018-06-10 19:39:49 - [TEST_STEP][PASSED] - selectOptionByIndex: All options with index in [9] are selected on object 'Object Repository/Emergency/Page_KDMC - Emergency/select_--Select--Adernaline 0.'

2018-06-10 19:39:49 - [MESSAGE][PASSED] - All options with index in [9] are selected on object 'Object Repository/Emergency/Page_KDMC - Emergency/select_--Select--Adernaline 0.'

2018-06-10 19:39:49 - [TEST_STEP][PASSED] - setText: Text '10' is set on object 'Object Repository/Emergency/Page_KDMC - Emergency/input_txttreat'

2018-06-10 19:39:50 - [MESSAGE][PASSED] - Text '10' is set on object 'Object Repository/Emergency/Page_KDMC - Emergency/input_txttreat'

2018-06-10 19:39:50 - [TEST_STEP][PASSED] - click: Object: 'Object Repository/Emergency/Page_KDMC - Emergency/button_Add' is clicked on

2018-06-10 19:39:50 - [MESSAGE][PASSED] - Object: 'Object Repository/Emergency/Page_KDMC - Emergency/button_Add' is clicked on

2018-06-10 19:39:50 - [TEST_STEP][PASSED] - selectOptionByIndex: All options with index in [1] are selected on object 'Object Repository/Emergency/Page_KDMC - Emergency/select_--Select--Schedule 1Inj'

2018-06-10 19:39:50 - [MESSAGE][PASSED] - All options with index in [1] are selected on object 'Object Repository/Emergency/Page_KDMC - Emergency/select_--Select--Schedule 1Inj'

2018-06-10 19:39:50 - [TEST_STEP][PASSED] - selectOptionByIndex: All options with index in [10] are selected on object 'Object Repository/Emergency/Page_KDMC - Emergency/select_--Select--Adernaline 0.'

2018-06-10 19:39:50 - [MESSAGE][PASSED] - All options with index in [10] are selected on object 'Object Repository/Emergency/Page_KDMC - Emergency/select_--Select--Adernaline 0.'

2018-06-10 19:39:50 - [TEST_STEP][PASSED] - setText: Text '10' is set on object 'Object Repository/Emergency/Page_KDMC - Emergency/input_txttreat'

2018-06-10 19:39:50 - [MESSAGE][PASSED] - Text '10' is set on object 'Object Repository/Emergency/Page_KDMC - Emergency/input_txttreat'

2018-06-10 19:39:50 - [TEST_STEP][PASSED] - click: Object: 'Object Repository/Emergency/Page_KDMC - Emergency/button_Add' is clicked on

2018-06-10 19:39:50 - [MESSAGE][PASSED] - Object: 'Object Repository/Emergency/Page_KDMC - Emergency/button_Add' is clicked on

2018-06-10 19:39:50 - [TEST_STEP][PASSED] - selectOptionByIndex: All options with index in [1] are selected on object 'Object Repository/Emergency/Page_KDMC - Emergency/select_--Select--Schedule 1Inj'

2018-06-10 19:39:50 - [MESSAGE][PASSED] - All options with index in [1] are selected on object 'Object Repository/Emergency/Page_KDMC - Emergency/select_--Select--Schedule 1Inj'

2018-06-10 19:39:50 - [TEST_STEP][PASSED] - selectOptionByIndex: All options with index in [11] are selected on object 'Object Repository/Emergency/Page_KDMC - Emergency/select_--Select--Adernaline 0.'

2018-06-10 19:39:51 - [MESSAGE][PASSED] - All options with index in [11] are selected on object 'Object Repository/Emergency/Page_KDMC - Emergency/select_--Select--Adernaline 0.'

2018-06-10 19:39:51 - [TEST_STEP][PASSED] - setText: Text '10' is set on object 'Object Repository/Emergency/Page_KDMC - Emergency/input_txttreat'

2018-06-10 19:39:51 - [MESSAGE][PASSED] - Text '10' is set on object 'Object Repository/Emergency/Page_KDMC - Emergency/input_txttreat'

2018-06-10 19:39:51 - [TEST_STEP][PASSED] - click: Object: 'Object Repository/Emergency/Page_KDMC - Emergency/button_Add' is clicked on

2018-06-10 19:39:51 - [MESSAGE][PASSED] - Object: 'Object Repository/Emergency/Page_KDMC - Emergency/button_Add' is clicked on

2018-06-10 19:39:51 - [TEST_STEP][PASSED] - selectOptionByIndex: All options with index in [1] are selected on object 'Object Repository/Emergency/Page_KDMC - Emergency/select_--Select--Schedule 1Inj'

2018-06-10 19:39:51 - [MESSAGE][PASSED] - All options with index in [1] are selected on object 'Object Repository/Emergency/Page_KDMC - Emergency/select_--Select--Schedule 1Inj'

2018-06-10 19:39:51 - [TEST_STEP][PASSED] - selectOptionByIndex: All options with index in [12] are selected on object 'Object Repository/Emergency/Page_KDMC - Emergency/select_--Select--Adernaline 0.'

2018-06-10 19:39:51 - [MESSAGE][PASSED] - All options with index in [12] are selected on object 'Object Repository/Emergency/Page_KDMC - Emergency/select_--Select--Adernaline 0.'

2018-06-10 19:39:51 - [TEST_STEP][PASSED] - setText: Text '10' is set on object 'Object Repository/Emergency/Page_KDMC - Emergency/input_txttreat'

2018-06-10 19:39:51 - [MESSAGE][PASSED] - Text '10' is set on object 'Object Repository/Emergency/Page_KDMC - Emergency/input_txttreat'

2018-06-10 19:39:51 - [TEST_STEP][PASSED] - click: Object: 'Object Repository/Emergency/Page_KDMC - Emergency/button_Add' is clicked on

2018-06-10 19:39:51 - [MESSAGE][PASSED] - Object: 'Object Repository/Emergency/Page_KDMC - Emergency/button_Add' is clicked on

2018-06-10 19:39:51 - [TEST_STEP][PASSED] - selectOptionByIndex: All options with index in [1] are selected on object 'Object Repository/Emergency/Page_KDMC - Emergency/select_--Select--Schedule 1Inj'

2018-06-10 19:39:51 - [MESSAGE][PASSED] - All options with index in [1] are selected on object 'Object Repository/Emergency/Page_KDMC - Emergency/select_--Select--Schedule 1Inj'

2018-06-10 19:39:51 - [TEST_STEP][PASSED] - selectOptionByIndex: All options with index in [13] are selected on object 'Object Repository/Emergency/Page_KDMC - Emergency/select_--Select--Adernaline 0.'

2018-06-10 19:39:52 - [MESSAGE][PASSED] - All options with index in [13] are selected on object 'Object Repository/Emergency/Page_KDMC - Emergency/select_--Select--Adernaline 0.'

2018-06-10 19:39:52 - [TEST_STEP][PASSED] - setText: Text '10' is set on object 'Object Repository/Emergency/Page_KDMC - Emergency/input_txttreat'

2018-06-10 19:39:52 - [MESSAGE][PASSED] - Text '10' is set on object 'Object Repository/Emergency/Page_KDMC - Emergency/input_txttreat'

2018-06-10 19:39:52 - [TEST_STEP][PASSED] - click: Object: 'Object Repository/Emergency/Page_KDMC - Emergency/button_Add' is clicked on

2018-06-10 19:39:52 - [MESSAGE][PASSED] - Object: 'Object Repository/Emergency/Page_KDMC - Emergency/button_Add' is clicked on

2018-06-10 19:39:52 - [TEST_STEP][PASSED] - selectOptionByIndex: All options with index in [1] are selected on object 'Object Repository/Emergency/Page_KDMC - Emergency/select_--Select--Schedule 1Inj'

2018-06-10 19:39:52 - [MESSAGE][PASSED] - All options with index in [1] are selected on object 'Object Repository/Emergency/Page_KDMC - Emergency/select_--Select--Schedule 1Inj'

2018-06-10 19:39:52 - [TEST_STEP][PASSED] - selectOptionByIndex: All options with index in [14] are selected on object 'Object Repository/Emergency/Page_KDMC - Emergency/select_--Select--Adernaline 0.'

2018-06-10 19:39:52 - [MESSAGE][PASSED] - All options with index in [14] are selected on object 'Object Repository/Emergency/Page_KDMC - Emergency/select_--Select--Adernaline 0.'

2018-06-10 19:39:52 - [TEST_STEP][PASSED] - setText: Text '10' is set on object 'Object Repository/Emergency/Page_KDMC - Emergency/input_txttreat'

2018-06-10 19:39:52 - [MESSAGE][PASSED] - Text '10' is set on object 'Object Repository/Emergency/Page_KDMC - Emergency/input_txttreat'

2018-06-10 19:39:52 - [TEST_STEP][PASSED] - click: Object: 'Object Repository/Emergency/Page_KDMC - Emergency/button_Add' is clicked on

2018-06-10 19:39:52 - [MESSAGE][PASSED] - Object: 'Object Repository/Emergency/Page_KDMC - Emergency/button_Add' is clicked on

2018-06-10 19:39:52 - [TEST_STEP][PASSED] - selectOptionByIndex: All options with index in [1] are selected on object 'Object Repository/Emergency/Page_KDMC - Emergency/select_--Select--Schedule 1Inj'

2018-06-10 19:39:53 - [MESSAGE][PASSED] - All options with index in [1] are selected on object 'Object Repository/Emergency/Page_KDMC - Emergency/select_--Select--Schedule 1Inj'

2018-06-10 19:39:53 - [TEST_STEP][PASSED] - selectOptionByIndex: All options with index in [15] are selected on object 'Object Repository/Emergency/Page_KDMC - Emergency/select_--Select--Adernaline 0.'

2018-06-10 19:39:53 - [MESSAGE][PASSED] - All options with index in [15] are selected on object 'Object Repository/Emergency/Page_KDMC - Emergency/select_--Select--Adernaline 0.'

2018-06-10 19:39:53 - [TEST_STEP][PASSED] - setText: Text '10' is set on object 'Object Repository/Emergency/Page_KDMC - Emergency/input_txttreat'

2018-06-10 19:39:53 - [MESSAGE][PASSED] - Text '10' is set on object 'Object Repository/Emergency/Page_KDMC - Emergency/input_txttreat'

2018-06-10 19:39:53 - [TEST_STEP][PASSED] - click: Object: 'Object Repository/Emergency/Page_KDMC - Emergency/button_Add' is clicked on

2018-06-10 19:39:53 - [MESSAGE][PASSED] - Object: 'Object Repository/Emergency/Page_KDMC - Emergency/button_Add' is clicked on

2018-06-10 19:39:53 - [TEST_STEP][PASSED] - selectOptionByIndex: All options with index in [1] are selected on object 'Object Repository/Emergency/Page_KDMC - Emergency/select_--Select--Schedule 1Inj'

2018-06-10 19:39:53 - [MESSAGE][PASSED] - All options with index in [1] are selected on object 'Object Repository/Emergency/Page_KDMC - Emergency/select_--Select--Schedule 1Inj'

2018-06-10 19:39:53 - [TEST_STEP][PASSED] - selectOptionByIndex: All options with index in [16] are selected on object 'Object Repository/Emergency/Page_KDMC - Emergency/select_--Select--Adernaline 0.'

2018-06-10 19:39:53 - [MESSAGE][PASSED] - All options with index in [16] are selected on object 'Object Repository/Emergency/Page_KDMC - Emergency/select_--Select--Adernaline 0.'

2018-06-10 19:39:53 - [TEST_STEP][PASSED] - setText: Text '10' is set on object 'Object Repository/Emergency/Page_KDMC - Emergency/input_txttreat'

2018-06-10 19:39:53 - [MESSAGE][PASSED] - Text '10' is set on object 'Object Repository/Emergency/Page_KDMC - Emergency/input_txttreat'

2018-06-10 19:39:53 - [TEST_STEP][PASSED] - click: Object: 'Object Repository/Emergency/Page_KDMC - Emergency/button_Add' is clicked on

2018-06-10 19:39:54 - [MESSAGE][PASSED] - Object: 'Object Repository/Emergency/Page_KDMC - Emergency/button_Add' is clicked on

2018-06-10 19:39:54 - [TEST_STEP][PASSED] - selectOptionByIndex: All options with index in [1] are selected on object 'Object Repository/Emergency/Page_KDMC - Emergency/select_--Select--Schedule 1Inj'

2018-06-10 19:39:54 - [MESSAGE][PASSED] - All options with index in [1] are selected on object 'Object Repository/Emergency/Page_KDMC - Emergency/select_--Select--Schedule 1Inj'

2018-06-10 19:39:54 - [TEST_STEP][PASSED] - selectOptionByIndex: All options with index in [17] are selected on object 'Object Repository/Emergency/Page_KDMC - Emergency/select_--Select--Adernaline 0.'

2018-06-10 19:39:54 - [MESSAGE][PASSED] - All options with index in [17] are selected on object 'Object Repository/Emergency/Page_KDMC - Emergency/select_--Select--Adernaline 0.'

2018-06-10 19:39:54 - [TEST_STEP][PASSED] - setText: Text '10' is set on object 'Object Repository/Emergency/Page_KDMC - Emergency/input_txttreat'

2018-06-10 19:39:54 - [MESSAGE][PASSED] - Text '10' is set on object 'Object Repository/Emergency/Page_KDMC - Emergency/input_txttreat'

2018-06-10 19:39:54 - [TEST_STEP][PASSED] - click: Object: 'Object Repository/Emergency/Page_KDMC - Emergency/button_Add' is clicked on

2018-06-10 19:39:54 - [MESSAGE][PASSED] - Object: 'Object Repository/Emergency/Page_KDMC - Emergency/button_Add' is clicked on

2018-06-10 19:39:54 - [TEST_STEP][PASSED] - selectOptionByIndex: All options with index in [1] are selected on object 'Object Repository/Emergency/Page_KDMC - Emergency/select_--Select--Schedule 1Inj'

2018-06-10 19:39:54 - [MESSAGE][PASSED] - All options with index in [1] are selected on object 'Object Repository/Emergency/Page_KDMC - Emergency/select_--Select--Schedule 1Inj'

2018-06-10 19:39:54 - [TEST_STEP][PASSED] - selectOptionByIndex: All options with index in [18] are selected on object 'Object Repository/Emergency/Page_KDMC - Emergency/select_--Select--Adernaline 0.'

2018-06-10 19:39:55 - [MESSAGE][PASSED] - All options with index in [18] are selected on object 'Object Repository/Emergency/Page_KDMC - Emergency/select_--Select--Adernaline 0.'

2018-06-10 19:39:55 - [TEST_STEP][PASSED] - setText: Text '10' is set on object 'Object Repository/Emergency/Page_KDMC - Emergency/input_txttreat'

2018-06-10 19:39:55 - [MESSAGE][PASSED] - Text '10' is set on object 'Object Repository/Emergency/Page_KDMC - Emergency/input_txttreat'

2018-06-10 19:39:55 - [TEST_STEP][PASSED] - click: Object: 'Object Repository/Emergency/Page_KDMC - Emergency/button_Add' is clicked on

2018-06-10 19:39:55 - [MESSAGE][PASSED] - Object: 'Object Repository/Emergency/Page_KDMC - Emergency/button_Add' is clicked on

2018-06-10 19:39:55 - [TEST_STEP][PASSED] - selectOptionByIndex: All options with index in [1] are selected on object 'Object Repository/Emergency/Page_KDMC - Emergency/select_--Select--Schedule 1Inj'

2018-06-10 19:39:55 - [MESSAGE][PASSED] - All options with index in [1] are selected on object 'Object Repository/Emergency/Page_KDMC - Emergency/select_--Select--Schedule 1Inj'

2018-06-10 19:39:55 - [TEST_STEP][PASSED] - selectOptionByIndex: All options with index in [19] are selected on object 'Object Repository/Emergency/Page_KDMC - Emergency/select_--Select--Adernaline 0.'

2018-06-10 19:39:55 - [MESSAGE][PASSED] - All options with index in [19] are selected on object 'Object Repository/Emergency/Page_KDMC - Emergency/select_--Select--Adernaline 0.'

2018-06-10 19:39:55 - [TEST_STEP][PASSED] - setText: Text '10' is set on object 'Object Repository/Emergency/Page_KDMC - Emergency/input_txttreat'

2018-06-10 19:39:55 - [MESSAGE][PASSED] - Text '10' is set on object 'Object Repository/Emergency/Page_KDMC - Emergency/input_txttreat'

2018-06-10 19:39:55 - [TEST_STEP][PASSED] - click: Object: 'Object Repository/Emergency/Page_KDMC - Emergency/button_Add' is clicked on

2018-06-10 19:39:55 - [MESSAGE][PASSED] - Object: 'Object Repository/Emergency/Page_KDMC - Emergency/button_Add' is clicked on

2018-06-10 19:39:55 - [TEST_STEP][PASSED] - selectOptionByIndex: All options with index in [1] are selected on object 'Object Repository/Emergency/Page_KDMC - Emergency/select_--Select--Schedule 1Inj'

2018-06-10 19:39:56 - [MESSAGE][PASSED] - All options with index in [1] are selected on object 'Object Repository/Emergency/Page_KDMC - Emergency/select_--Select--Schedule 1Inj'

2018-06-10 19:39:56 - [TEST_STEP][PASSED] - selectOptionByIndex: All options with index in [20] are selected on object 'Object Repository/Emergency/Page_KDMC - Emergency/select_--Select--Adernaline 0.'

2018-06-10 19:39:56 - [MESSAGE][PASSED] - All options with index in [20] are selected on object 'Object Repository/Emergency/Page_KDMC - Emergency/select_--Select--Adernaline 0.'

2018-06-10 19:39:56 - [TEST_STEP][PASSED] - setText: Text '10' is set on object 'Object Repository/Emergency/Page_KDMC - Emergency/input_txttreat'

2018-06-10 19:39:56 - [MESSAGE][PASSED] - Text '10' is set on object 'Object Repository/Emergency/Page_KDMC - Emergency/input_txttreat'

2018-06-10 19:39:56 - [TEST_STEP][PASSED] - click: Object: 'Object Repository/Emergency/Page_KDMC - Emergency/button_Add' is clicked on

2018-06-10 19:39:56 - [MESSAGE][PASSED] - Object: 'Object Repository/Emergency/Page_KDMC - Emergency/button_Add' is clicked on

2018-06-10 19:39:56 - [TEST_STEP][PASSED] - selectOptionByIndex: All options with index in [1] are selected on object 'Object Repository/Emergency/Page_KDMC - Emergency/select_--Select--Schedule 1Inj'

2018-06-10 19:39:56 - [MESSAGE][PASSED] - All options with index in [1] are selected on object 'Object Repository/Emergency/Page_KDMC - Emergency/select_--Select--Schedule 1Inj'

2018-06-10 19:39:56 - [TEST_STEP][PASSED] - selectOptionByIndex: All options with index in [21] are selected on object 'Object Repository/Emergency/Page_KDMC - Emergency/select_--Select--Adernaline 0.'

2018-06-10 19:39:56 - [MESSAGE][PASSED] - All options with index in [21] are selected on object 'Object Repository/Emergency/Page_KDMC - Emergency/select_--Select--Adernaline 0.'

2018-06-10 19:39:56 - [TEST_STEP][PASSED] - setText: Text '10' is set on object 'Object Repository/Emergency/Page_KDMC - Emergency/input_txttreat'

2018-06-10 19:39:57 - [MESSAGE][PASSED] - Text '10' is set on object 'Object Repository/Emergency/Page_KDMC - Emergency/input_txttreat'

2018-06-10 19:39:57 - [TEST_STEP][PASSED] - click: Object: 'Object Repository/Emergency/Page_KDMC - Emergency/button_Add' is clicked on

2018-06-10 19:39:57 - [MESSAGE][PASSED] - Object: 'Object Repository/Emergency/Page_KDMC - Emergency/button_Add' is clicked on

2018-06-10 19:39:57 - [TEST_STEP][PASSED] - selectOptionByIndex: All options with index in [1] are selected on object 'Object Repository/Emergency/Page_KDMC - Emergency/select_--Select--Schedule 1Inj'

2018-06-10 19:39:57 - [MESSAGE][PASSED] - All options with index in [1] are selected on object 'Object Repository/Emergency/Page_KDMC - Emergency/select_--Select--Schedule 1Inj'

2018-06-10 19:39:57 - [TEST_STEP][PASSED] - selectOptionByIndex: All options with index in [22] are selected on object 'Object Repository/Emergency/Page_KDMC - Emergency/select_--Select--Adernaline 0.'

2018-06-10 19:39:57 - [MESSAGE][PASSED] - All options with index in [22] are selected on object 'Object Repository/Emergency/Page_KDMC - Emergency/select_--Select--Adernaline 0.'

2018-06-10 19:39:57 - [TEST_STEP][PASSED] - setText: Text '10' is set on object 'Object Repository/Emergency/Page_KDMC - Emergency/input_txttreat'

2018-06-10 19:39:57 - [MESSAGE][PASSED] - Text '10' is set on object 'Object Repository/Emergency/Page_KDMC - Emergency/input_txttreat'

2018-06-10 19:39:57 - [TEST_STEP][PASSED] - click: Object: 'Object Repository/Emergency/Page_KDMC - Emergency/button_Add' is clicked on

2018-06-10 19:39:57 - [MESSAGE][PASSED] - Object: 'Object Repository/Emergency/Page_KDMC - Emergency/button_Add' is clicked on

2018-06-10 19:39:57 - [TEST_STEP][PASSED] - selectOptionByIndex: All options with index in [1] are selected on object 'Object Repository/Emergency/Page_KDMC - Emergency/select_--Select--Schedule 1Inj'

2018-06-10 19:39:57 - [MESSAGE][PASSED] - All options with index in [1] are selected on object 'Object Repository/Emergency/Page_KDMC - Emergency/select_--Select--Schedule 1Inj'

2018-06-10 19:39:57 - [TEST_STEP][PASSED] - selectOptionByIndex: All options with index in [23] are selected on object 'Object Repository/Emergency/Page_KDMC - Emergency/select_--Select--Adernaline 0.'

2018-06-10 19:39:58 - [MESSAGE][PASSED] - All options with index in [23] are selected on object 'Object Repository/Emergency/Page_KDMC - Emergency/select_--Select--Adernaline 0.'

2018-06-10 19:39:58 - [TEST_STEP][PASSED] - setText: Text '10' is set on object 'Object Repository/Emergency/Page_KDMC - Emergency/input_txttreat'

2018-06-10 19:39:58 - [MESSAGE][PASSED] - Text '10' is set on object 'Object Repository/Emergency/Page_KDMC - Emergency/input_txttreat'

2018-06-10 19:39:58 - [TEST_STEP][PASSED] - click: Object: 'Object Repository/Emergency/Page_KDMC - Emergency/button_Add' is clicked on

2018-06-10 19:39:58 - [MESSAGE][PASSED] - Object: 'Object Repository/Emergency/Page_KDMC - Emergency/button_Add' is clicked on

2018-06-10 19:39:58 - [TEST_STEP][PASSED] - selectOptionByIndex: All options with index in [1] are selected on object 'Object Repository/Emergency/Page_KDMC - Emergency/select_--Select--Schedule 1Inj'

2018-06-10 19:39:58 - [MESSAGE][PASSED] - All options with index in [1] are selected on object 'Object Repository/Emergency/Page_KDMC - Emergency/select_--Select--Schedule 1Inj'

2018-06-10 19:39:58 - [TEST_STEP][PASSED] - selectOptionByIndex: All options with index in [24] are selected on object 'Object Repository/Emergency/Page_KDMC - Emergency/select_--Select--Adernaline 0.'

2018-06-10 19:39:58 - [MESSAGE][PASSED] - All options with index in [24] are selected on object 'Object Repository/Emergency/Page_KDMC - Emergency/select_--Select--Adernaline 0.'

2018-06-10 19:39:58 - [TEST_STEP][PASSED] - setText: Text '10' is set on object 'Object Repository/Emergency/Page_KDMC - Emergency/input_txttreat'

2018-06-10 19:39:58 - [MESSAGE][PASSED] - Text '10' is set on object 'Object Repository/Emergency/Page_KDMC - Emergency/input_txttreat'

2018-06-10 19:39:58 - [TEST_STEP][PASSED] - click: Object: 'Object Repository/Emergency/Page_KDMC - Emergency/button_Add' is clicked on

2018-06-10 19:39:59 - [MESSAGE][PASSED] - Object: 'Object Repository/Emergency/Page_KDMC - Emergency/button_Add' is clicked on

2018-06-10 19:39:59 - [TEST_STEP][PASSED] - selectOptionByIndex: All options with index in [1] are selected on object 'Object Repository/Emergency/Page_KDMC - Emergency/select_--Select--Schedule 1Inj'

2018-06-10 19:39:59 - [MESSAGE][PASSED] - All options with index in [1] are selected on object 'Object Repository/Emergency/Page_KDMC - Emergency/select_--Select--Schedule 1Inj'

2018-06-10 19:39:59 - [TEST_STEP][PASSED] - selectOptionByIndex: All options with index in [25] are selected on object 'Object Repository/Emergency/Page_KDMC - Emergency/select_--Select--Adernaline 0.'

2018-06-10 19:39:59 - [MESSAGE][PASSED] - All options with index in [25] are selected on object 'Object Repository/Emergency/Page_KDMC - Emergency/select_--Select--Adernaline 0.'

2018-06-10 19:39:59 - [TEST_STEP][PASSED] - setText: Text '10' is set on object 'Object Repository/Emergency/Page_KDMC - Emergency/input_txttreat'

2018-06-10 19:39:59 - [MESSAGE][PASSED] - Text '10' is set on object 'Object Repository/Emergency/Page_KDMC - Emergency/input_txttreat'

2018-06-10 19:39:59 - [TEST_STEP][PASSED] - click: Object: 'Object Repository/Emergency/Page_KDMC - Emergency/button_Add' is clicked on

2018-06-10 19:39:59 - [MESSAGE][PASSED] - Object: 'Object Repository/Emergency/Page_KDMC - Emergency/button_Add' is clicked on

2018-06-10 19:39:59 - [TEST_STEP][PASSED] - selectOptionByIndex: All options with index in [1] are selected on object 'Object Repository/Emergency/Page_KDMC - Emergency/select_--Select--Schedule 1Inj'

2018-06-10 19:39:59 - [MESSAGE][PASSED] - All options with index in [1] are selected on object 'Object Repository/Emergency/Page_KDMC - Emergency/select_--Select--Schedule 1Inj'

2018-06-10 19:39:59 - [TEST_STEP][PASSED] - selectOptionByIndex: All options with index in [26] are selected on object 'Object Repository/Emergency/Page_KDMC - Emergency/select_--Select--Adernaline 0.'

2018-06-10 19:40:00 - [MESSAGE][PASSED] - All options with index in [26] are selected on object 'Object Repository/Emergency/Page_KDMC - Emergency/select_--Select--Adernaline 0.'

2018-06-10 19:40:00 - [TEST_STEP][PASSED] - setText: Text '10' is set on object 'Object Repository/Emergency/Page_KDMC - Emergency/input_txttreat'

2018-06-10 19:40:00 - [MESSAGE][PASSED] - Text '10' is set on object 'Object Repository/Emergency/Page_KDMC - Emergency/input_txttreat'

2018-06-10 19:40:00 - [TEST_STEP][PASSED] - click: Object: 'Object Repository/Emergency/Page_KDMC - Emergency/button_Add' is clicked on

2018-06-10 19:40:00 - [MESSAGE][PASSED] - Object: 'Object Repository/Emergency/Page_KDMC - Emergency/button_Add' is clicked on

2018-06-10 19:40:00 - [TEST_STEP][PASSED] - selectOptionByIndex: All options with index in [1] are selected on object 'Object Repository/Emergency/Page_KDMC - Emergency/select_--Select--Schedule 1Inj'

2018-06-10 19:40:00 - [MESSAGE][PASSED] - All options with index in [1] are selected on object 'Object Repository/Emergency/Page_KDMC - Emergency/select_--Select--Schedule 1Inj'

2018-06-10 19:40:00 - [TEST_STEP][PASSED] - selectOptionByIndex: All options with index in [27] are selected on object 'Object Repository/Emergency/Page_KDMC - Emergency/select_--Select--Adernaline 0.'

2018-06-10 19:40:00 - [MESSAGE][PASSED] - All options with index in [27] are selected on object 'Object Repository/Emergency/Page_KDMC - Emergency/select_--Select--Adernaline 0.'

2018-06-10 19:40:00 - [TEST_STEP][PASSED] - setText: Text '10' is set on object 'Object Repository/Emergency/Page_KDMC - Emergency/input_txttreat'

2018-06-10 19:40:01 - [MESSAGE][PASSED] - Text '10' is set on object 'Object Repository/Emergency/Page_KDMC - Emergency/input_txttreat'

2018-06-10 19:40:01 - [TEST_STEP][PASSED] - click: Object: 'Object Repository/Emergency/Page_KDMC - Emergency/button_Add' is clicked on

2018-06-10 19:40:01 - [MESSAGE][PASSED] - Object: 'Object Repository/Emergency/Page_KDMC - Emergency/button_Add' is clicked on

2018-06-10 19:40:01 - [TEST_STEP][PASSED] - selectOptionByIndex: All options with index in [1] are selected on object 'Object Repository/Emergency/Page_KDMC - Emergency/select_--Select--Schedule 1Inj'

2018-06-10 19:40:01 - [MESSAGE][PASSED] - All options with index in [1] are selected on object 'Object Repository/Emergency/Page_KDMC - Emergency/select_--Select--Schedule 1Inj'

2018-06-10 19:40:01 - [TEST_STEP][PASSED] - selectOptionByIndex: All options with index in [28] are selected on object 'Object Repository/Emergency/Page_KDMC - Emergency/select_--Select--Adernaline 0.'

2018-06-10 19:40:01 - [MESSAGE][PASSED] - All options with index in [28] are selected on object 'Object Repository/Emergency/Page_KDMC - Emergency/select_--Select--Adernaline 0.'

2018-06-10 19:40:01 - [TEST_STEP][PASSED] - setText: Text '10' is set on object 'Object Repository/Emergency/Page_KDMC - Emergency/input_txttreat'

2018-06-10 19:40:01 - [MESSAGE][PASSED] - Text '10' is set on object 'Object Repository/Emergency/Page_KDMC - Emergency/input_txttreat'

2018-06-10 19:40:01 - [TEST_STEP][PASSED] - click: Object: 'Object Repository/Emergency/Page_KDMC - Emergency/button_Add' is clicked on

2018-06-10 19:40:01 - [MESSAGE][PASSED] - Object: 'Object Repository/Emergency/Page_KDMC - Emergency/button_Add' is clicked on

2018-06-10 19:40:01 - [TEST_STEP][PASSED] - selectOptionByIndex: All options with index in [1] are selected on object 'Object Repository/Emergency/Page_KDMC - Emergency/select_--Select--Schedule 1Inj'

2018-06-10 19:40:01 - [MESSAGE][PASSED] - All options with index in [1] are selected on object 'Object Repository/Emergency/Page_KDMC - Emergency/select_--Select--Schedule 1Inj'

2018-06-10 19:40:01 - [TEST_STEP][PASSED] - selectOptionByIndex: All options with index in [29] are selected on object 'Object Repository/Emergency/Page_KDMC - Emergency/select_--Select--Adernaline 0.'

2018-06-10 19:40:02 - [MESSAGE][PASSED] - All options with index in [29] are selected on object 'Object Repository/Emergency/Page_KDMC - Emergency/select_--Select--Adernaline 0.'

2018-06-10 19:40:02 - [TEST_STEP][PASSED] - setText: Text '10' is set on object 'Object Repository/Emergency/Page_KDMC - Emergency/input_txttreat'

2018-06-10 19:40:02 - [MESSAGE][PASSED] - Text '10' is set on object 'Object Repository/Emergency/Page_KDMC - Emergency/input_txttreat'

2018-06-10 19:40:02 - [TEST_STEP][PASSED] - click: Object: 'Object Repository/Emergency/Page_KDMC - Emergency/button_Add' is clicked on

2018-06-10 19:40:02 - [MESSAGE][PASSED] - Object: 'Object Repository/Emergency/Page_KDMC - Emergency/button_Add' is clicked on

2018-06-10 19:40:02 - [TEST_STEP][PASSED] - selectOptionByIndex: All options with index in [1] are selected on object 'Object Repository/Emergency/Page_KDMC - Emergency/select_--Select--Schedule 1Inj'

2018-06-10 19:40:02 - [MESSAGE][PASSED] - All options with index in [1] are selected on object 'Object Repository/Emergency/Page_KDMC - Emergency/select_--Select--Schedule 1Inj'

2018-06-10 19:40:02 - [TEST_STEP][PASSED] - selectOptionByIndex: All options with index in [30] are selected on object 'Object Repository/Emergency/Page_KDMC - Emergency/select_--Select--Adernaline 0.'

2018-06-10 19:40:03 - [MESSAGE][PASSED] - All options with index in [30] are selected on object 'Object Repository/Emergency/Page_KDMC - Emergency/select_--Select--Adernaline 0.'

2018-06-10 19:40:03 - [TEST_STEP][PASSED] - setText: Text '10' is set on object 'Object Repository/Emergency/Page_KDMC - Emergency/input_txttreat'

2018-06-10 19:40:03 - [MESSAGE][PASSED] - Text '10' is set on object 'Object Repository/Emergency/Page_KDMC - Emergency/input_txttreat'

2018-06-10 19:40:03 - [TEST_STEP][PASSED] - click: Object: 'Object Repository/Emergency/Page_KDMC - Emergency/button_Add' is clicked on

2018-06-10 19:40:03 - [MESSAGE][PASSED] - Object: 'Object Repository/Emergency/Page_KDMC - Emergency/button_Add' is clicked on

2018-06-10 19:40:03 - [TEST_STEP][PASSED] - selectOptionByIndex: All options with index in [1] are selected on object 'Object Repository/Emergency/Page_KDMC - Emergency/select_--Select--Schedule 1Inj'

2018-06-10 19:40:03 - [MESSAGE][PASSED] - All options with index in [1] are selected on object 'Object Repository/Emergency/Page_KDMC - Emergency/select_--Select--Schedule 1Inj'

2018-06-10 19:40:03 - [TEST_STEP][PASSED] - selectOptionByIndex: All options with index in [31] are selected on object 'Object Repository/Emergency/Page_KDMC - Emergency/select_--Select--Adernaline 0.'

2018-06-10 19:40:03 - [MESSAGE][PASSED] - All options with index in [31] are selected on object 'Object Repository/Emergency/Page_KDMC - Emergency/select_--Select--Adernaline 0.'

2018-06-10 19:40:03 - [TEST_STEP][PASSED] - setText: Text '10' is set on object 'Object Repository/Emergency/Page_KDMC - Emergency/input_txttreat'

2018-06-10 19:40:03 - [MESSAGE][PASSED] - Text '10' is set on object 'Object Repository/Emergency/Page_KDMC - Emergency/input_txttreat'

2018-06-10 19:40:03 - [TEST_STEP][PASSED] - click: Object: 'Object Repository/Emergency/Page_KDMC - Emergency/button_Add' is clicked on

2018-06-10 19:40:03 - [MESSAGE][PASSED] - Object: 'Object Repository/Emergency/Page_KDMC - Emergency/button_Add' is clicked on

2018-06-10 19:40:03 - [TEST_STEP][PASSED] - selectOptionByIndex: All options with index in [1] are selected on object 'Object Repository/Emergency/Page_KDMC - Emergency/select_--Select--Schedule 1Inj'

2018-06-10 19:40:04 - [MESSAGE][PASSED] - All options with index in [1] are selected on object 'Object Repository/Emergency/Page_KDMC - Emergency/select_--Select--Schedule 1Inj'

2018-06-10 19:40:04 - [TEST_STEP][PASSED] - selectOptionByIndex: All options with index in [32] are selected on object 'Object Repository/Emergency/Page_KDMC - Emergency/select_--Select--Adernaline 0.'

2018-06-10 19:40:04 - [MESSAGE][PASSED] - All options with index in [32] are selected on object 'Object Repository/Emergency/Page_KDMC - Emergency/select_--Select--Adernaline 0.'

2018-06-10 19:40:04 - [TEST_STEP][PASSED] - setText: Text '10' is set on object 'Object Repository/Emergency/Page_KDMC - Emergency/input_txttreat'

2018-06-10 19:40:04 - [MESSAGE][PASSED] - Text '10' is set on object 'Object Repository/Emergency/Page_KDMC - Emergency/input_txttreat'

2018-06-10 19:40:04 - [TEST_STEP][PASSED] - click: Object: 'Object Repository/Emergency/Page_KDMC - Emergency/button_Add' is clicked on

2018-06-10 19:40:04 - [MESSAGE][PASSED] - Object: 'Object Repository/Emergency/Page_KDMC - Emergency/button_Add' is clicked on

2018-06-10 19:40:04 - [TEST_STEP][PASSED] - selectOptionByIndex: All options with index in [1] are selected on object 'Object Repository/Emergency/Page_KDMC - Emergency/select_--Select--Schedule 1Inj'

2018-06-10 19:40:04 - [MESSAGE][PASSED] - All options with index in [1] are selected on object 'Object Repository/Emergency/Page_KDMC - Emergency/select_--Select--Schedule 1Inj'

2018-06-10 19:40:04 - [TEST_STEP][PASSED] - selectOptionByIndex: All options with index in [33] are selected on object 'Object Repository/Emergency/Page_KDMC - Emergency/select_--Select--Adernaline 0.'

2018-06-10 19:40:05 - [MESSAGE][PASSED] - All options with index in [33] are selected on object 'Object Repository/Emergency/Page_KDMC - Emergency/select_--Select--Adernaline 0.'

2018-06-10 19:40:05 - [TEST_STEP][PASSED] - setText: Text '10' is set on object 'Object Repository/Emergency/Page_KDMC - Emergency/input_txttreat'

2018-06-10 19:40:05 - [MESSAGE][PASSED] - Text '10' is set on object 'Object Repository/Emergency/Page_KDMC - Emergency/input_txttreat'

2018-06-10 19:40:05 - [TEST_STEP][PASSED] - click: Object: 'Object Repository/Emergency/Page_KDMC - Emergency/button_Add' is clicked on

2018-06-10 19:40:05 - [MESSAGE][PASSED] - Object: 'Object Repository/Emergency/Page_KDMC - Emergency/button_Add' is clicked on

2018-06-10 19:40:05 - [TEST_STEP][PASSED] - selectOptionByIndex: All options with index in [1] are selected on object 'Object Repository/Emergency/Page_KDMC - Emergency/select_--Select--Schedule 1Inj'

2018-06-10 19:40:05 - [MESSAGE][PASSED] - All options with index in [1] are selected on object 'Object Repository/Emergency/Page_KDMC - Emergency/select_--Select--Schedule 1Inj'

2018-06-10 19:40:05 - [TEST_STEP][PASSED] - selectOptionByIndex: All options with index in [34] are selected on object 'Object Repository/Emergency/Page_KDMC - Emergency/select_--Select--Adernaline 0.'

2018-06-10 19:40:06 - [MESSAGE][PASSED] - All options with index in [34] are selected on object 'Object Repository/Emergency/Page_KDMC - Emergency/select_--Select--Adernaline 0.'

2018-06-10 19:40:06 - [TEST_STEP][PASSED] - setText: Text '10' is set on object 'Object Repository/Emergency/Page_KDMC - Emergency/input_txttreat'

2018-06-10 19:40:06 - [MESSAGE][PASSED] - Text '10' is set on object 'Object Repository/Emergency/Page_KDMC - Emergency/input_txttreat'

2018-06-10 19:40:06 - [TEST_STEP][PASSED] - click: Object: 'Object Repository/Emergency/Page_KDMC - Emergency/button_Add' is clicked on

2018-06-10 19:40:06 - [MESSAGE][PASSED] - Object: 'Object Repository/Emergency/Page_KDMC - Emergency/button_Add' is clicked on

2018-06-10 19:40:06 - [TEST_STEP][PASSED] - selectOptionByIndex: All options with index in [1] are selected on object 'Object Repository/Emergency/Page_KDMC - Emergency/select_--Select--Schedule 1Inj'

2018-06-10 19:40:06 - [MESSAGE][PASSED] - All options with index in [1] are selected on object 'Object Repository/Emergency/Page_KDMC - Emergency/select_--Select--Schedule 1Inj'

2018-06-10 19:40:06 - [TEST_STEP][PASSED] - selectOptionByIndex: All options with index in [35] are selected on object 'Object Repository/Emergency/Page_KDMC - Emergency/select_--Select--Adernaline 0.'

2018-06-10 19:40:06 - [MESSAGE][PASSED] - All options with index in [35] are selected on object 'Object Repository/Emergency/Page_KDMC - Emergency/select_--Select--Adernaline 0.'

2018-06-10 19:40:06 - [TEST_STEP][PASSED] - setText: Text '10' is set on object 'Object Repository/Emergency/Page_KDMC - Emergency/input_txttreat'

2018-06-10 19:40:06 - [MESSAGE][PASSED] - Text '10' is set on object 'Object Repository/Emergency/Page_KDMC - Emergency/input_txttreat'

2018-06-10 19:40:06 - [TEST_STEP][PASSED] - click: Object: 'Object Repository/Emergency/Page_KDMC - Emergency/button_Add' is clicked on

2018-06-10 19:40:06 - [MESSAGE][PASSED] - Object: 'Object Repository/Emergency/Page_KDMC - Emergency/button_Add' is clicked on

2018-06-10 19:40:06 - [TEST_STEP][PASSED] - selectOptionByIndex: All options with index in [1] are selected on object 'Object Repository/Emergency/Page_KDMC - Emergency/select_--Select--Schedule 1Inj'

2018-06-10 19:40:07 - [MESSAGE][PASSED] - All options with index in [1] are selected on object 'Object Repository/Emergency/Page_KDMC - Emergency/select_--Select--Schedule 1Inj'

2018-06-10 19:40:07 - [TEST_STEP][PASSED] - selectOptionByIndex: All options with index in [36] are selected on object 'Object Repository/Emergency/Page_KDMC - Emergency/select_--Select--Adernaline 0.'

2018-06-10 19:40:07 - [MESSAGE][PASSED] - All options with index in [36] are selected on object 'Object Repository/Emergency/Page_KDMC - Emergency/select_--Select--Adernaline 0.'

2018-06-10 19:40:07 - [TEST_STEP][PASSED] - setText: Text '10' is set on object 'Object Repository/Emergency/Page_KDMC - Emergency/input_txttreat'

2018-06-10 19:40:07 - [MESSAGE][PASSED] - Text '10' is set on object 'Object Repository/Emergency/Page_KDMC - Emergency/input_txttreat'

2018-06-10 19:40:07 - [TEST_STEP][PASSED] - click: Object: 'Object Repository/Emergency/Page_KDMC - Emergency/button_Add' is clicked on

2018-06-10 19:40:07 - [MESSAGE][PASSED] - Object: 'Object Repository/Emergency/Page_KDMC - Emergency/button_Add' is clicked on

2018-06-10 19:40:07 - [TEST_STEP][PASSED] - selectOptionByIndex: All options with index in [1] are selected on object 'Object Repository/Emergency/Page_KDMC - Emergency/select_--Select--Schedule 1Inj'

2018-06-10 19:40:07 - [MESSAGE][PASSED] - All options with index in [1] are selected on object 'Object Repository/Emergency/Page_KDMC - Emergency/select_--Select--Schedule 1Inj'

2018-06-10 19:40:07 - [TEST_STEP][PASSED] - selectOptionByIndex: All options with index in [37] are selected on object 'Object Repository/Emergency/Page_KDMC - Emergency/select_--Select--Adernaline 0.'

2018-06-10 19:40:08 - [MESSAGE][PASSED] - All options with index in [37] are selected on object 'Object Repository/Emergency/Page_KDMC - Emergency/select_--Select--Adernaline 0.'

2018-06-10 19:40:08 - [TEST_STEP][PASSED] - setText: Text '10' is set on object 'Object Repository/Emergency/Page_KDMC - Emergency/input_txttreat'

2018-06-10 19:40:08 - [MESSAGE][PASSED] - Text '10' is set on object 'Object Repository/Emergency/Page_KDMC - Emergency/input_txttreat'

2018-06-10 19:40:08 - [TEST_STEP][PASSED] - click: Object: 'Object Repository/Emergency/Page_KDMC - Emergency/button_Add' is clicked on

2018-06-10 19:40:08 - [MESSAGE][PASSED] - Object: 'Object Repository/Emergency/Page_KDMC - Emergency/button_Add' is clicked on

2018-06-10 19:40:08 - [TEST_STEP][PASSED] - selectOptionByIndex: All options with index in [1] are selected on object 'Object Repository/Emergency/Page_KDMC - Emergency/select_--Select--Schedule 1Inj'

2018-06-10 19:40:08 - [MESSAGE][PASSED] - All options with index in [1] are selected on object 'Object Repository/Emergency/Page_KDMC - Emergency/select_--Select--Schedule 1Inj'

2018-06-10 19:40:08 - [TEST_STEP][PASSED] - selectOptionByIndex: All options with index in [38] are selected on object 'Object Repository/Emergency/Page_KDMC - Emergency/select_--Select--Adernaline 0.'

2018-06-10 19:40:09 - [MESSAGE][PASSED] - All options with index in [38] are selected on object 'Object Repository/Emergency/Page_KDMC - Emergency/select_--Select--Adernaline 0.'

2018-06-10 19:40:09 - [TEST_STEP][PASSED] - setText: Text '10' is set on object 'Object Repository/Emergency/Page_KDMC - Emergency/input_txttreat'

2018-06-10 19:40:09 - [MESSAGE][PASSED] - Text '10' is set on object 'Object Repository/Emergency/Page_KDMC - Emergency/input_txttreat'

2018-06-10 19:40:09 - [TEST_STEP][PASSED] - click: Object: 'Object Repository/Emergency/Page_KDMC - Emergency/button_Add' is clicked on

2018-06-10 19:40:09 - [MESSAGE][PASSED] - Object: 'Object Repository/Emergency/Page_KDMC - Emergency/button_Add' is clicked on

2018-06-10 19:40:09 - [TEST_STEP][PASSED] - selectOptionByIndex: All options with index in [1] are selected on object 'Object Repository/Emergency/Page_KDMC - Emergency/select_--Select--Schedule 1Inj'

2018-06-10 19:40:09 - [MESSAGE][PASSED] - All options with index in [1] are selected on object 'Object Repository/Emergency/Page_KDMC - Emergency/select_--Select--Schedule 1Inj'

2018-06-10 19:40:09 - [TEST_STEP][PASSED] - selectOptionByIndex: All options with index in [39] are selected on object 'Object Repository/Emergency/Page_KDMC - Emergency/select_--Select--Adernaline 0.'

2018-06-10 19:40:09 - [MESSAGE][PASSED] - All options with index in [39] are selected on object 'Object Repository/Emergency/Page_KDMC - Emergency/select_--Select--Adernaline 0.'

2018-06-10 19:40:09 - [TEST_STEP][PASSED] - setText: Text '10' is set on object 'Object Repository/Emergency/Page_KDMC - Emergency/input_txttreat'

2018-06-10 19:40:10 - [MESSAGE][PASSED] - Text '10' is set on object 'Object Repository/Emergency/Page_KDMC - Emergency/input_txttreat'

2018-06-10 19:40:10 - [TEST_STEP][PASSED] - click: Object: 'Object Repository/Emergency/Page_KDMC - Emergency/button_Add' is clicked on

2018-06-10 19:40:10 - [MESSAGE][PASSED] - Object: 'Object Repository/Emergency/Page_KDMC - Emergency/button_Add' is clicked on

2018-06-10 19:40:10 - [TEST_STEP][PASSED] - selectOptionByIndex: All options with index in [1] are selected on object 'Object Repository/Emergency/Page_KDMC - Emergency/select_--Select--Schedule 1Inj'

2018-06-10 19:40:10 - [MESSAGE][PASSED] - All options with index in [1] are selected on object 'Object Repository/Emergency/Page_KDMC - Emergency/select_--Select--Schedule 1Inj'

2018-06-10 19:40:10 - [TEST_STEP][PASSED] - selectOptionByIndex: All options with index in [40] are selected on object 'Object Repository/Emergency/Page_KDMC - Emergency/select_--Select--Adernaline 0.'

2018-06-10 19:40:10 - [MESSAGE][PASSED] - All options with index in [40] are selected on object 'Object Repository/Emergency/Page_KDMC - Emergency/select_--Select--Adernaline 0.'

2018-06-10 19:40:10 - [TEST_STEP][PASSED] - setText: Text '10' is set on object 'Object Repository/Emergency/Page_KDMC - Emergency/input_txttreat'

2018-06-10 19:40:10 - [MESSAGE][PASSED] - Text '10' is set on object 'Object Repository/Emergency/Page_KDMC - Emergency/input_txttreat'

2018-06-10 19:40:10 - [TEST_STEP][PASSED] - click: Object: 'Object Repository/Emergency/Page_KDMC - Emergency/button_Add' is clicked on

2018-06-10 19:40:10 - [MESSAGE][PASSED] - Object: 'Object Repository/Emergency/Page_KDMC - Emergency/button_Add' is clicked on

2018-06-10 19:40:10 - [TEST_STEP][PASSED] - selectOptionByIndex: All options with index in [1] are selected on object 'Object Repository/Emergency/Page_KDMC - Emergency/select_--Select--Schedule 1Inj'

2018-06-10 19:40:11 - [MESSAGE][PASSED] - All options with index in [1] are selected on object 'Object Repository/Emergency/Page_KDMC - Emergency/select_--Select--Schedule 1Inj'

2018-06-10 19:40:11 - [TEST_STEP][PASSED] - selectOptionByIndex: All options with index in [41] are selected on object 'Object Repository/Emergency/Page_KDMC - Emergency/select_--Select--Adernaline 0.'

2018-06-10 19:40:11 - [MESSAGE][PASSED] - All options with index in [41] are selected on object 'Object Repository/Emergency/Page_KDMC - Emergency/select_--Select--Adernaline 0.'

2018-06-10 19:40:11 - [TEST_STEP][PASSED] - setText: Text '10' is set on object 'Object Repository/Emergency/Page_KDMC - Emergency/input_txttreat'

2018-06-10 19:40:11 - [MESSAGE][PASSED] - Text '10' is set on object 'Object Repository/Emergency/Page_KDMC - Emergency/input_txttreat'

2018-06-10 19:40:11 - [TEST_STEP][PASSED] - click: Object: 'Object Repository/Emergency/Page_KDMC - Emergency/button_Add' is clicked on

2018-06-10 19:40:11 - [MESSAGE][PASSED] - Object: 'Object Repository/Emergency/Page_KDMC - Emergency/button_Add' is clicked on

2018-06-10 19:40:11 - [TEST_STEP][PASSED] - selectOptionByIndex: All options with index in [1] are selected on object 'Object Repository/Emergency/Page_KDMC - Emergency/select_--Select--Schedule 1Inj'

2018-06-10 19:40:11 - [MESSAGE][PASSED] - All options with index in [1] are selected on object 'Object Repository/Emergency/Page_KDMC - Emergency/select_--Select--Schedule 1Inj'

2018-06-10 19:40:11 - [TEST_STEP][PASSED] - selectOptionByIndex: All options with index in [42] are selected on object 'Object Repository/Emergency/Page_KDMC - Emergency/select_--Select--Adernaline 0.'

2018-06-10 19:40:12 - [MESSAGE][PASSED] - All options with index in [42] are selected on object 'Object Repository/Emergency/Page_KDMC - Emergency/select_--Select--Adernaline 0.'

2018-06-10 19:40:12 - [TEST_STEP][PASSED] - setText: Text '10' is set on object 'Object Repository/Emergency/Page_KDMC - Emergency/input_txttreat'

2018-06-10 19:40:12 - [MESSAGE][PASSED] - Text '10' is set on object 'Object Repository/Emergency/Page_KDMC - Emergency/input_txttreat'

2018-06-10 19:40:12 - [TEST_STEP][PASSED] - click: Object: 'Object Repository/Emergency/Page_KDMC - Emergency/button_Add' is clicked on

2018-06-10 19:40:12 - [MESSAGE][PASSED] - Object: 'Object Repository/Emergency/Page_KDMC - Emergency/button_Add' is clicked on

2018-06-10 19:40:12 - [TEST_STEP][PASSED] - selectOptionByIndex: All options with index in [1] are selected on object 'Object Repository/Emergency/Page_KDMC - Emergency/select_--Select--Schedule 1Inj'

2018-06-10 19:40:12 - [MESSAGE][PASSED] - All options with index in [1] are selected on object 'Object Repository/Emergency/Page_KDMC - Emergency/select_--Select--Schedule 1Inj'

2018-06-10 19:40:12 - [TEST_STEP][PASSED] - selectOptionByIndex: All options with index in [43] are selected on object 'Object Repository/Emergency/Page_KDMC - Emergency/select_--Select--Adernaline 0.'

2018-06-10 19:40:13 - [MESSAGE][PASSED] - All options with index in [43] are selected on object 'Object Repository/Emergency/Page_KDMC - Emergency/select_--Select--Adernaline 0.'

2018-06-10 19:40:13 - [TEST_STEP][PASSED] - setText: Text '10' is set on object 'Object Repository/Emergency/Page_KDMC - Emergency/input_txttreat'

2018-06-10 19:40:13 - [MESSAGE][PASSED] - Text '10' is set on object 'Object Repository/Emergency/Page_KDMC - Emergency/input_txttreat'

2018-06-10 19:40:13 - [TEST_STEP][PASSED] - click: Object: 'Object Repository/Emergency/Page_KDMC - Emergency/button_Add' is clicked on

2018-06-10 19:40:13 - [MESSAGE][PASSED] - Object: 'Object Repository/Emergency/Page_KDMC - Emergency/button_Add' is clicked on

2018-06-10 19:40:13 - [TEST_STEP][PASSED] - selectOptionByIndex: All options with index in [1] are selected on object 'Object Repository/Emergency/Page_KDMC - Emergency/select_--Select--Schedule 1Inj'

2018-06-10 19:40:13 - [MESSAGE][PASSED] - All options with index in [1] are selected on object 'Object Repository/Emergency/Page_KDMC - Emergency/select_--Select--Schedule 1Inj'

2018-06-10 19:40:13 - [TEST_STEP][PASSED] - selectOptionByIndex: All options with index in [44] are selected on object 'Object Repository/Emergency/Page_KDMC - Emergency/select_--Select--Adernaline 0.'

2018-06-10 19:40:14 - [MESSAGE][PASSED] - All options with index in [44] are selected on object 'Object Repository/Emergency/Page_KDMC - Emergency/select_--Select--Adernaline 0.'

2018-06-10 19:40:14 - [TEST_STEP][PASSED] - setText: Text '10' is set on object 'Object Repository/Emergency/Page_KDMC - Emergency/input_txttreat'

2018-06-10 19:40:14 - [MESSAGE][PASSED] - Text '10' is set on object 'Object Repository/Emergency/Page_KDMC - Emergency/input_txttreat'

2018-06-10 19:40:14 - [TEST_STEP][PASSED] - click: Object: 'Object Repository/Emergency/Page_KDMC - Emergency/button_Add' is clicked on

2018-06-10 19:40:14 - [MESSAGE][PASSED] - Object: 'Object Repository/Emergency/Page_KDMC - Emergency/button_Add' is clicked on

2018-06-10 19:40:14 - [TEST_STEP][PASSED] - selectOptionByIndex: All options with index in [1] are selected on object 'Object Repository/Emergency/Page_KDMC - Emergency/select_--Select--Schedule 1Inj'

2018-06-10 19:40:14 - [MESSAGE][PASSED] - All options with index in [1] are selected on object 'Object Repository/Emergency/Page_KDMC - Emergency/select_--Select--Schedule 1Inj'

2018-06-10 19:40:14 - [TEST_STEP][PASSED] - selectOptionByIndex: All options with index in [45] are selected on object 'Object Repository/Emergency/Page_KDMC - Emergency/select_--Select--Adernaline 0.'

2018-06-10 19:40:15 - [MESSAGE][PASSED] - All options with index in [45] are selected on object 'Object Repository/Emergency/Page_KDMC - Emergency/select_--Select--Adernaline 0.'

2018-06-10 19:40:15 - [TEST_STEP][PASSED] - setText: Text '10' is set on object 'Object Repository/Emergency/Page_KDMC - Emergency/input_txttreat'

2018-06-10 19:40:15 - [MESSAGE][PASSED] - Text '10' is set on object 'Object Repository/Emergency/Page_KDMC - Emergency/input_txttreat'

2018-06-10 19:40:15 - [TEST_STEP][PASSED] - click: Object: 'Object Repository/Emergency/Page_KDMC - Emergency/button_Add' is clicked on

2018-06-10 19:40:15 - [MESSAGE][PASSED] - Object: 'Object Repository/Emergency/Page_KDMC - Emergency/button_Add' is clicked on

2018-06-10 19:40:15 - [TEST_STEP][PASSED] - selectOptionByIndex: All options with index in [1] are selected on object 'Object Repository/Emergency/Page_KDMC - Emergency/select_--Select--Schedule 1Inj'

2018-06-10 19:40:15 - [MESSAGE][PASSED] - All options with index in [1] are selected on object 'Object Repository/Emergency/Page_KDMC - Emergency/select_--Select--Schedule 1Inj'

2018-06-10 19:40:15 - [TEST_STEP][PASSED] - selectOptionByIndex: All options with index in [46] are selected on object 'Object Repository/Emergency/Page_KDMC - Emergency/select_--Select--Adernaline 0.'

2018-06-10 19:40:16 - [MESSAGE][PASSED] - All options with index in [46] are selected on object 'Object Repository/Emergency/Page_KDMC - Emergency/select_--Select--Adernaline 0.'

2018-06-10 19:40:16 - [TEST_STEP][PASSED] - setText: Text '10' is set on object 'Object Repository/Emergency/Page_KDMC - Emergency/input_txttreat'

2018-06-10 19:40:16 - [MESSAGE][PASSED] - Text '10' is set on object 'Object Repository/Emergency/Page_KDMC - Emergency/input_txttreat'

2018-06-10 19:40:16 - [TEST_STEP][PASSED] - click: Object: 'Object Repository/Emergency/Page_KDMC - Emergency/button_Add' is clicked on

2018-06-10 19:40:16 - [MESSAGE][PASSED] - Object: 'Object Repository/Emergency/Page_KDMC - Emergency/button_Add' is clicked on

2018-06-10 19:40:16 - [TEST_STEP][PASSED] - selectOptionByIndex: All options with index in [1] are selected on object 'Object Repository/Emergency/Page_KDMC - Emergency/select_--Select--Schedule 1Inj'

2018-06-10 19:40:16 - [MESSAGE][PASSED] - All options with index in [1] are selected on object 'Object Repository/Emergency/Page_KDMC - Emergency/select_--Select--Schedule 1Inj'

2018-06-10 19:40:16 - [TEST_STEP][PASSED] - selectOptionByIndex: All options with index in [47] are selected on object 'Object Repository/Emergency/Page_KDMC - Emergency/select_--Select--Adernaline 0.'

2018-06-10 19:40:16 - [MESSAGE][PASSED] - All options with index in [47] are selected on object 'Object Repository/Emergency/Page_KDMC - Emergency/select_--Select--Adernaline 0.'

2018-06-10 19:40:16 - [TEST_STEP][PASSED] - setText: Text '10' is set on object 'Object Repository/Emergency/Page_KDMC - Emergency/input_txttreat'

2018-06-10 19:40:16 - [MESSAGE][PASSED] - Text '10' is set on object 'Object Repository/Emergency/Page_KDMC - Emergency/input_txttreat'

2018-06-10 19:40:16 - [TEST_STEP][PASSED] - click: Object: 'Object Repository/Emergency/Page_KDMC - Emergency/button_Add' is clicked on

2018-06-10 19:40:17 - [MESSAGE][PASSED] - Object: 'Object Repository/Emergency/Page_KDMC - Emergency/button_Add' is clicked on

2018-06-10 19:40:17 - [TEST_STEP][PASSED] - selectOptionByIndex: All options with index in [1] are selected on object 'Object Repository/Emergency/Page_KDMC - Emergency/select_--Select--Schedule 1Inj'

2018-06-10 19:40:17 - [MESSAGE][PASSED] - All options with index in [1] are selected on object 'Object Repository/Emergency/Page_KDMC - Emergency/select_--Select--Schedule 1Inj'

2018-06-10 19:40:17 - [TEST_STEP][PASSED] - selectOptionByIndex: All options with index in [48] are selected on object 'Object Repository/Emergency/Page_KDMC - Emergency/select_--Select--Adernaline 0.'

2018-06-10 19:40:17 - [MESSAGE][PASSED] - All options with index in [48] are selected on object 'Object Repository/Emergency/Page_KDMC - Emergency/select_--Select--Adernaline 0.'

2018-06-10 19:40:17 - [TEST_STEP][PASSED] - setText: Text '10' is set on object 'Object Repository/Emergency/Page_KDMC - Emergency/input_txttreat'

2018-06-10 19:40:17 - [MESSAGE][PASSED] - Text '10' is set on object 'Object Repository/Emergency/Page_KDMC - Emergency/input_txttreat'

2018-06-10 19:40:17 - [TEST_STEP][PASSED] - click: Object: 'Object Repository/Emergency/Page_KDMC - Emergency/button_Add' is clicked on

2018-06-10 19:40:17 - [MESSAGE][PASSED] - Object: 'Object Repository/Emergency/Page_KDMC - Emergency/button_Add' is clicked on

2018-06-10 19:40:17 - [TEST_STEP][PASSED] - selectOptionByIndex: All options with index in [1] are selected on object 'Object Repository/Emergency/Page_KDMC - Emergency/select_--Select--Schedule 1Inj'

2018-06-10 19:40:18 - [MESSAGE][PASSED] - All options with index in [1] are selected on object 'Object Repository/Emergency/Page_KDMC - Emergency/select_--Select--Schedule 1Inj'

2018-06-10 19:40:18 - [TEST_STEP][PASSED] - selectOptionByIndex: All options with index in [49] are selected on object 'Object Repository/Emergency/Page_KDMC - Emergency/select_--Select--Adernaline 0.'

2018-06-10 19:40:18 - [MESSAGE][PASSED] - All options with index in [49] are selected on object 'Object Repository/Emergency/Page_KDMC - Emergency/select_--Select--Adernaline 0.'

2018-06-10 19:40:18 - [TEST_STEP][PASSED] - setText: Text '10' is set on object 'Object Repository/Emergency/Page_KDMC - Emergency/input_txttreat'

2018-06-10 19:40:18 - [MESSAGE][PASSED] - Text '10' is set on object 'Object Repository/Emergency/Page_KDMC - Emergency/input_txttreat'

2018-06-10 19:40:18 - [TEST_STEP][PASSED] - click: Object: 'Object Repository/Emergency/Page_KDMC - Emergency/button_Add' is clicked on

2018-06-10 19:40:18 - [MESSAGE][PASSED] - Object: 'Object Repository/Emergency/Page_KDMC - Emergency/button_Add' is clicked on

2018-06-10 19:40:18 - [TEST_STEP][PASSED] - selectOptionByIndex: All options with index in [1] are selected on object 'Object Repository/Emergency/Page_KDMC - Emergency/select_--Select--Schedule 1Inj'

2018-06-10 19:40:18 - [MESSAGE][PASSED] - All options with index in [1] are selected on object 'Object Repository/Emergency/Page_KDMC - Emergency/select_--Select--Schedule 1Inj'

2018-06-10 19:40:18 - [TEST_STEP][PASSED] - selectOptionByIndex: All options with index in [50] are selected on object 'Object Repository/Emergency/Page_KDMC - Emergency/select_--Select--Adernaline 0.'

2018-06-10 19:40:19 - [MESSAGE][PASSED] - All options with index in [50] are selected on object 'Object Repository/Emergency/Page_KDMC - Emergency/select_--Select--Adernaline 0.'

2018-06-10 19:40:19 - [TEST_STEP][PASSED] - setText: Text '10' is set on object 'Object Repository/Emergency/Page_KDMC - Emergency/input_txttreat'

2018-06-10 19:40:19 - [MESSAGE][PASSED] - Text '10' is set on object 'Object Repository/Emergency/Page_KDMC - Emergency/input_txttreat'

2018-06-10 19:40:19 - [TEST_STEP][PASSED] - click: Object: 'Object Repository/Emergency/Page_KDMC - Emergency/button_Add' is clicked on

2018-06-10 19:40:19 - [MESSAGE][PASSED] - Object: 'Object Repository/Emergency/Page_KDMC - Emergency/button_Add' is clicked on

2018-06-10 19:40:19 - [TEST_STEP][PASSED] - selectOptionByIndex: All options with index in [1] are selected on object 'Object Repository/Emergency/Page_KDMC - Emergency/select_--Select--Schedule 1Inj'

2018-06-10 19:40:19 - [MESSAGE][PASSED] - All options with index in [1] are selected on object 'Object Repository/Emergency/Page_KDMC - Emergency/select_--Select--Schedule 1Inj'

2018-06-10 19:40:19 - [TEST_STEP][PASSED] - selectOptionByIndex: All options with index in [51] are selected on object 'Object Repository/Emergency/Page_KDMC - Emergency/select_--Select--Adernaline 0.'

2018-06-10 19:40:20 - [MESSAGE][PASSED] - All options with index in [51] are selected on object 'Object Repository/Emergency/Page_KDMC - Emergency/select_--Select--Adernaline 0.'

2018-06-10 19:40:20 - [TEST_STEP][PASSED] - setText: Text '10' is set on object 'Object Repository/Emergency/Page_KDMC - Emergency/input_txttreat'

2018-06-10 19:40:20 - [MESSAGE][PASSED] - Text '10' is set on object 'Object Repository/Emergency/Page_KDMC - Emergency/input_txttreat'

2018-06-10 19:40:20 - [TEST_STEP][PASSED] - click: Object: 'Object Repository/Emergency/Page_KDMC - Emergency/button_Add' is clicked on

2018-06-10 19:40:20 - [MESSAGE][PASSED] - Object: 'Object Repository/Emergency/Page_KDMC - Emergency/button_Add' is clicked on

2018-06-10 19:40:20 - [TEST_STEP][PASSED] - selectOptionByIndex: All options with index in [1] are selected on object 'Object Repository/Emergency/Page_KDMC - Emergency/select_--Select--Schedule 1Inj'

2018-06-10 19:40:20 - [MESSAGE][PASSED] - All options with index in [1] are selected on object 'Object Repository/Emergency/Page_KDMC - Emergency/select_--Select--Schedule 1Inj'

2018-06-10 19:40:20 - [TEST_STEP][PASSED] - selectOptionByIndex: All options with index in [52] are selected on object 'Object Repository/Emergency/Page_KDMC - Emergency/select_--Select--Adernaline 0.'

2018-06-10 19:40:21 - [MESSAGE][PASSED] - All options with index in [52] are selected on object 'Object Repository/Emergency/Page_KDMC - Emergency/select_--Select--Adernaline 0.'

2018-06-10 19:40:21 - [TEST_STEP][PASSED] - setText: Text '10' is set on object 'Object Repository/Emergency/Page_KDMC - Emergency/input_txttreat'

2018-06-10 19:40:21 - [MESSAGE][PASSED] - Text '10' is set on object 'Object Repository/Emergency/Page_KDMC - Emergency/input_txttreat'

2018-06-10 19:40:21 - [TEST_STEP][PASSED] - click: Object: 'Object Repository/Emergency/Page_KDMC - Emergency/button_Add' is clicked on

2018-06-10 19:40:21 - [MESSAGE][PASSED] - Object: 'Object Repository/Emergency/Page_KDMC - Emergency/button_Add' is clicked on

2018-06-10 19:40:21 - [TEST_STEP][PASSED] - selectOptionByIndex: All options with index in [1] are selected on object 'Object Repository/Emergency/Page_KDMC - Emergency/select_--Select--Schedule 1Inj'

2018-06-10 19:40:21 - [MESSAGE][PASSED] - All options with index in [1] are selected on object 'Object Repository/Emergency/Page_KDMC - Emergency/select_--Select--Schedule 1Inj'

2018-06-10 19:40:21 - [TEST_STEP][PASSED] - selectOptionByIndex: All options with index in [53] are selected on object 'Object Repository/Emergency/Page_KDMC - Emergency/select_--Select--Adernaline 0.'

2018-06-10 19:40:22 - [MESSAGE][PASSED] - All options with index in [53] are selected on object 'Object Repository/Emergency/Page_KDMC - Emergency/select_--Select--Adernaline 0.'

2018-06-10 19:40:22 - [TEST_STEP][PASSED] - setText: Text '10' is set on object 'Object Repository/Emergency/Page_KDMC - Emergency/input_txttreat'

2018-06-10 19:40:22 - [MESSAGE][PASSED] - Text '10' is set on object 'Object Repository/Emergency/Page_KDMC - Emergency/input_txttreat'

2018-06-10 19:40:22 - [TEST_STEP][PASSED] - click: Object: 'Object Repository/Emergency/Page_KDMC - Emergency/button_Add' is clicked on

2018-06-10 19:40:22 - [MESSAGE][PASSED] - Object: 'Object Repository/Emergency/Page_KDMC - Emergency/button_Add' is clicked on

2018-06-10 19:40:22 - [TEST_STEP][PASSED] - selectOptionByIndex: All options with index in [1] are selected on object 'Object Repository/Emergency/Page_KDMC - Emergency/select_--Select--Schedule 1Inj'

2018-06-10 19:40:22 - [MESSAGE][PASSED] - All options with index in [1] are selected on object 'Object Repository/Emergency/Page_KDMC - Emergency/select_--Select--Schedule 1Inj'

2018-06-10 19:40:22 - [TEST_STEP][PASSED] - selectOptionByIndex: All options with index in [54] are selected on object 'Object Repository/Emergency/Page_KDMC - Emergency/select_--Select--Adernaline 0.'

2018-06-10 19:40:23 - [MESSAGE][PASSED] - All options with index in [54] are selected on object 'Object Repository/Emergency/Page_KDMC - Emergency/select_--Select--Adernaline 0.'

2018-06-10 19:40:23 - [TEST_STEP][PASSED] - setText: Text '10' is set on object 'Object Repository/Emergency/Page_KDMC - Emergency/input_txttreat'

2018-06-10 19:40:23 - [MESSAGE][PASSED] - Text '10' is set on object 'Object Repository/Emergency/Page_KDMC - Emergency/input_txttreat'

2018-06-10 19:40:23 - [TEST_STEP][PASSED] - click: Object: 'Object Repository/Emergency/Page_KDMC - Emergency/button_Add' is clicked on

2018-06-10 19:40:23 - [MESSAGE][PASSED] - Object: 'Object Repository/Emergency/Page_KDMC - Emergency/button_Add' is clicked on

2018-06-10 19:40:23 - [TEST_STEP][PASSED] - selectOptionByIndex: All options with index in [1] are selected on object 'Object Repository/Emergency/Page_KDMC - Emergency/select_--Select--Schedule 1Inj'

2018-06-10 19:40:23 - [MESSAGE][PASSED] - All options with index in [1] are selected on object 'Object Repository/Emergency/Page_KDMC - Emergency/select_--Select--Schedule 1Inj'

2018-06-10 19:40:23 - [TEST_STEP][PASSED] - selectOptionByIndex: All options with index in [55] are selected on object 'Object Repository/Emergency/Page_KDMC - Emergency/select_--Select--Adernaline 0.'

2018-06-10 19:40:24 - [MESSAGE][PASSED] - All options with index in [55] are selected on object 'Object Repository/Emergency/Page_KDMC - Emergency/select_--Select--Adernaline 0.'

2018-06-10 19:40:24 - [TEST_STEP][PASSED] - setText: Text '10' is set on object 'Object Repository/Emergency/Page_KDMC - Emergency/input_txttreat'

2018-06-10 19:40:24 - [MESSAGE][PASSED] - Text '10' is set on object 'Object Repository/Emergency/Page_KDMC - Emergency/input_txttreat'

2018-06-10 19:40:24 - [TEST_STEP][PASSED] - click: Object: 'Object Repository/Emergency/Page_KDMC - Emergency/button_Add' is clicked on

2018-06-10 19:40:24 - [MESSAGE][PASSED] - Object: 'Object Repository/Emergency/Page_KDMC - Emergency/button_Add' is clicked on

2018-06-10 19:40:24 - [TEST_STEP][PASSED] - selectOptionByIndex: All options with index in [1] are selected on object 'Object Repository/Emergency/Page_KDMC - Emergency/select_--Select--Schedule 1Inj'

2018-06-10 19:40:24 - [MESSAGE][PASSED] - All options with index in [1] are selected on object 'Object Repository/Emergency/Page_KDMC - Emergency/select_--Select--Schedule 1Inj'

2018-06-10 19:40:24 - [TEST_STEP][PASSED] - selectOptionByIndex: All options with index in [56] are selected on object 'Object Repository/Emergency/Page_KDMC - Emergency/select_--Select--Adernaline 0.'

2018-06-10 19:40:25 - [MESSAGE][PASSED] - All options with index in [56] are selected on object 'Object Repository/Emergency/Page_KDMC - Emergency/select_--Select--Adernaline 0.'

2018-06-10 19:40:25 - [TEST_STEP][PASSED] - setText: Text '10' is set on object 'Object Repository/Emergency/Page_KDMC - Emergency/input_txttreat'

2018-06-10 19:40:25 - [MESSAGE][PASSED] - Text '10' is set on object 'Object Repository/Emergency/Page_KDMC - Emergency/input_txttreat'

2018-06-10 19:40:25 - [TEST_STEP][PASSED] - click: Object: 'Object Repository/Emergency/Page_KDMC - Emergency/button_Add' is clicked on

2018-06-10 19:40:25 - [MESSAGE][PASSED] - Object: 'Object Repository/Emergency/Page_KDMC - Emergency/button_Add' is clicked on

2018-06-10 19:40:25 - [TEST_STEP][PASSED] - selectOptionByIndex: All options with index in [1] are selected on object 'Object Repository/Emergency/Page_KDMC - Emergency/select_--Select--Schedule 1Inj'

2018-06-10 19:40:25 - [MESSAGE][PASSED] - All options with index in [1] are selected on object 'Object Repository/Emergency/Page_KDMC - Emergency/select_--Select--Schedule 1Inj'

2018-06-10 19:40:25 - [TEST_STEP][PASSED] - selectOptionByIndex: All options with index in [57] are selected on object 'Object Repository/Emergency/Page_KDMC - Emergency/select_--Select--Adernaline 0.'

2018-06-10 19:40:26 - [MESSAGE][PASSED] - All options with index in [57] are selected on object 'Object Repository/Emergency/Page_KDMC - Emergency/select_--Select--Adernaline 0.'

2018-06-10 19:40:26 - [TEST_STEP][PASSED] - setText: Text '10' is set on object 'Object Repository/Emergency/Page_KDMC - Emergency/input_txttreat'

2018-06-10 19:40:26 - [MESSAGE][PASSED] - Text '10' is set on object 'Object Repository/Emergency/Page_KDMC - Emergency/input_txttreat'

2018-06-10 19:40:26 - [TEST_STEP][PASSED] - click: Object: 'Object Repository/Emergency/Page_KDMC - Emergency/button_Add' is clicked on

2018-06-10 19:40:26 - [MESSAGE][PASSED] - Object: 'Object Repository/Emergency/Page_KDMC - Emergency/button_Add' is clicked on

2018-06-10 19:40:26 - [TEST_STEP][PASSED] - selectOptionByIndex: All options with index in [1] are selected on object 'Object Repository/Emergency/Page_KDMC - Emergency/select_--Select--Schedule 1Inj'

2018-06-10 19:40:26 - [MESSAGE][PASSED] - All options with index in [1] are selected on object 'Object Repository/Emergency/Page_KDMC - Emergency/select_--Select--Schedule 1Inj'

2018-06-10 19:40:26 - [TEST_STEP][PASSED] - selectOptionByIndex: All options with index in [58] are selected on object 'Object Repository/Emergency/Page_KDMC - Emergency/select_--Select--Adernaline 0.'

2018-06-10 19:40:27 - [MESSAGE][PASSED] - All options with index in [58] are selected on object 'Object Repository/Emergency/Page_KDMC - Emergency/select_--Select--Adernaline 0.'

2018-06-10 19:40:27 - [TEST_STEP][PASSED] - setText: Text '10' is set on object 'Object Repository/Emergency/Page_KDMC - Emergency/input_txttreat'

2018-06-10 19:40:27 - [MESSAGE][PASSED] - Text '10' is set on object 'Object Repository/Emergency/Page_KDMC - Emergency/input_txttreat'

2018-06-10 19:40:27 - [TEST_STEP][PASSED] - click: Object: 'Object Repository/Emergency/Page_KDMC - Emergency/button_Add' is clicked on

2018-06-10 19:40:27 - [MESSAGE][PASSED] - Object: 'Object Repository/Emergency/Page_KDMC - Emergency/button_Add' is clicked on

2018-06-10 19:40:27 - [TEST_STEP][PASSED] - selectOptionByIndex: All options with index in [1] are selected on object 'Object Repository/Emergency/Page_KDMC - Emergency/select_--Select--Schedule 1Inj'

2018-06-10 19:40:27 - [MESSAGE][PASSED] - All options with index in [1] are selected on object 'Object Repository/Emergency/Page_KDMC - Emergency/select_--Select--Schedule 1Inj'

2018-06-10 19:40:27 - [TEST_STEP][PASSED] - selectOptionByIndex: All options with index in [59] are selected on object 'Object Repository/Emergency/Page_KDMC - Emergency/select_--Select--Adernaline 0.'

2018-06-10 19:40:28 - [MESSAGE][PASSED] - All options with index in [59] are selected on object 'Object Repository/Emergency/Page_KDMC - Emergency/select_--Select--Adernaline 0.'

2018-06-10 19:40:28 - [TEST_STEP][PASSED] - setText: Text '10' is set on object 'Object Repository/Emergency/Page_KDMC - Emergency/input_txttreat'

2018-06-10 19:40:28 - [MESSAGE][PASSED] - Text '10' is set on object 'Object Repository/Emergency/Page_KDMC - Emergency/input_txttreat'

2018-06-10 19:40:28 - [TEST_STEP][PASSED] - click: Object: 'Object Repository/Emergency/Page_KDMC - Emergency/button_Add' is clicked on

2018-06-10 19:40:28 - [MESSAGE][PASSED] - Object: 'Object Repository/Emergency/Page_KDMC - Emergency/button_Add' is clicked on

2018-06-10 19:40:28 - [TEST_STEP][PASSED] - selectOptionByIndex: All options with index in [1] are selected on object 'Object Repository/Emergency/Page_KDMC - Emergency/select_--Select--Schedule 1Inj'

2018-06-10 19:40:28 - [MESSAGE][PASSED] - All options with index in [1] are selected on object 'Object Repository/Emergency/Page_KDMC - Emergency/select_--Select--Schedule 1Inj'

2018-06-10 19:40:28 - [TEST_STEP][PASSED] - selectOptionByIndex: All options with index in [60] are selected on object 'Object Repository/Emergency/Page_KDMC - Emergency/select_--Select--Adernaline 0.'

2018-06-10 19:40:29 - [MESSAGE][PASSED] - All options with index in [60] are selected on object 'Object Repository/Emergency/Page_KDMC - Emergency/select_--Select--Adernaline 0.'

2018-06-10 19:40:29 - [TEST_STEP][PASSED] - setText: Text '10' is set on object 'Object Repository/Emergency/Page_KDMC - Emergency/input_txttreat'

2018-06-10 19:40:29 - [MESSAGE][PASSED] - Text '10' is set on object 'Object Repository/Emergency/Page_KDMC - Emergency/input_txttreat'

2018-06-10 19:40:29 - [TEST_STEP][PASSED] - click: Object: 'Object Repository/Emergency/Page_KDMC - Emergency/button_Add' is clicked on

2018-06-10 19:40:29 - [MESSAGE][PASSED] - Object: 'Object Repository/Emergency/Page_KDMC - Emergency/button_Add' is clicked on

2018-06-10 19:40:29 - [TEST_STEP][PASSED] - selectOptionByIndex: All options with index in [1] are selected on object 'Object Repository/Emergency/Page_KDMC - Emergency/select_--Select--Schedule 1Inj'

2018-06-10 19:40:29 - [MESSAGE][PASSED] - All options with index in [1] are selected on object 'Object Repository/Emergency/Page_KDMC - Emergency/select_--Select--Schedule 1Inj'

2018-06-10 19:40:29 - [TEST_STEP][PASSED] - selectOptionByIndex: All options with index in [61] are selected on object 'Object Repository/Emergency/Page_KDMC - Emergency/select_--Select--Adernaline 0.'

2018-06-10 19:40:30 - [MESSAGE][PASSED] - All options with index in [61] are selected on object 'Object Repository/Emergency/Page_KDMC - Emergency/select_--Select--Adernaline 0.'

2018-06-10 19:40:30 - [TEST_STEP][PASSED] - setText: Text '10' is set on object 'Object Repository/Emergency/Page_KDMC - Emergency/input_txttreat'

2018-06-10 19:40:30 - [MESSAGE][PASSED] - Text '10' is set on object 'Object Repository/Emergency/Page_KDMC - Emergency/input_txttreat'

2018-06-10 19:40:30 - [TEST_STEP][PASSED] - click: Object: 'Object Repository/Emergency/Page_KDMC - Emergency/button_Add' is clicked on

2018-06-10 19:40:30 - [MESSAGE][PASSED] - Object: 'Object Repository/Emergency/Page_KDMC - Emergency/button_Add' is clicked on

2018-06-10 19:40:30 - [TEST_STEP][PASSED] - selectOptionByIndex: All options with index in [1] are selected on object 'Object Repository/Emergency/Page_KDMC - Emergency/select_--Select--Schedule 1Inj'

2018-06-10 19:40:30 - [MESSAGE][PASSED] - All options with index in [1] are selected on object 'Object Repository/Emergency/Page_KDMC - Emergency/select_--Select--Schedule 1Inj'

2018-06-10 19:40:30 - [TEST_STEP][PASSED] - selectOptionByIndex: All options with index in [62] are selected on object 'Object Repository/Emergency/Page_KDMC - Emergency/select_--Select--Adernaline 0.'

2018-06-10 19:40:31 - [MESSAGE][PASSED] - All options with index in [62] are selected on object 'Object Repository/Emergency/Page_KDMC - Emergency/select_--Select--Adernaline 0.'

2018-06-10 19:40:31 - [TEST_STEP][PASSED] - setText: Text '10' is set on object 'Object Repository/Emergency/Page_KDMC - Emergency/input_txttreat'

2018-06-10 19:40:31 - [MESSAGE][PASSED] - Text '10' is set on object 'Object Repository/Emergency/Page_KDMC - Emergency/input_txttreat'

2018-06-10 19:40:31 - [TEST_STEP][PASSED] - click: Object: 'Object Repository/Emergency/Page_KDMC - Emergency/button_Add' is clicked on

2018-06-10 19:40:31 - [MESSAGE][PASSED] - Object: 'Object Repository/Emergency/Page_KDMC - Emergency/button_Add' is clicked on

2018-06-10 19:40:31 - [TEST_STEP][PASSED] - scrollToElement: Scroll to object 'Object Repository/Emergency/Page_KDMC - Emergency/input_btnsave' successfully

2018-06-10 19:40:31 - [MESSAGE][PASSED] - Scroll to object 'Object Repository/Emergency/Page_KDMC - Emergency/input_btnsave' successfully

2018-06-10 19:40:31 - [TEST_STEP][PASSED] - click: Object: 'Object Repository/Emergency/Page_KDMC - Emergency/input_btnsave' is clicked on

2018-06-10 19:40:31 - [MESSAGE][PASSED] - Object: 'Object Repository/Emergency/Page_KDMC - Emergency/input_btnsave' is clicked on

2018-06-10 19:40:31 - [TEST_STEP][PASSED] - delay: Delayed 3 second(s)

2018-06-10 19:40:34 - [MESSAGE][PASSED] - Delayed 3 second(s)

2018-06-10 19:40:34 - [TEST_STEP][PASSED] - Statement - RequestNumber = com.kms.katalon.core.webui.keyword.WebUiBuiltInKeywords.getText(com.kms.katalon.core.testobject.ObjectRepository.findTestObject(Emergency/Page_KDMC - Emergency/font_ERNO100520183)): Text of object 'Object Repository/Emergency/Page_KDMC - Emergency/font_ERNO100520183' is: 'ERNO/10062018/1036'

2018-06-10 19:40:34 - [MESSAGE][PASSED] - Text of object 'Object Repository/Emergency/Page_KDMC - Emergency/font_ERNO100520183' is: 'ERNO/10062018/1036'

2018-06-10 19:40:34 - [TEST_STEP][PASSED] - Statement - Rno = RequestNumber.split("/")[2]: null

2018-06-10 19:40:34 - [TEST_STEP][PASSED] - Statement - out.println(Rno): null

2018-06-10 19:40:34 - [TEST_STEP][PASSED] - click: Object: 'Object Repository/Emergency/Page_KDMC - Emergency/button_OK' is clicked on

2018-06-10 19:40:35 - [MESSAGE][PASSED] - Object: 'Object Repository/Emergency/Page_KDMC - Emergency/button_OK' is clicked on

2018-06-10 19:40:35 - [TEST_STEP][PASSED] - delay: Delayed 3 second(s)

2018-06-10 19:40:38 - [MESSAGE][PASSED] - Delayed 3 second(s)

2018-06-10 19:40:38 - [TEST_STEP][PASSED] - click: Object: 'Object Repository/Emergency/Page_KDMC - Emergency/a_dropdown-toggle' is clicked on

2018-06-10 19:40:38 - [MESSAGE][PASSED] - Object: 'Object Repository/Emergency/Page_KDMC - Emergency/a_dropdown-toggle' is clicked on

2018-06-10 19:40:38 - [TEST_STEP][PASSED] - click: Object: 'Object Repository/Emergency/Page_KDMC - Emergency/a_Sign out' is clicked on

2018-06-10 19:40:39 - [MESSAGE][PASSED] - Object: 'Object Repository/Emergency/Page_KDMC - Emergency/a_Sign out' is clicked on

2018-06-10 19:40:39 - [TEST_STEP][PASSED] - delay: Delayed 3 second(s)

2018-06-10 19:40:42 - [MESSAGE][PASSED] - Delayed 3 second(s)

2018-06-10 19:40:42 - [TEST_STEP][PASSED] - click: Object: 'Object Repository/Emergency/Page_KDMC/a_CMO' is clicked on

2018-06-10 19:40:42 - [MESSAGE][PASSED] - Object: 'Object Repository/Emergency/Page_KDMC/a_CMO' is clicked on

2018-06-10 19:40:42 - [TEST_STEP][PASSED] - setText: Text 'guru' is set on object 'Object Repository/Emergency/Page_CMO login/input_txtusername'

2018-06-10 19:40:42 - [MESSAGE][PASSED] - Text 'guru' is set on object 'Object Repository/Emergency/Page_CMO login/input_txtusername'

2018-06-10 19:40:42 - [TEST_STEP][PASSED] - setText: Text '123' is set on object 'Object Repository/Emergency/Page_CMO login/input_txtpassword'

2018-06-10 19:40:42 - [MESSAGE][PASSED] - Text '123' is set on object 'Object Repository/Emergency/Page_CMO login/input_txtpassword'

2018-06-10 19:40:42 - [TEST_STEP][PASSED] - delay: Delayed 3 second(s)

2018-06-10 19:40:45 - [MESSAGE][PASSED] - Delayed 3 second(s)

2018-06-10 19:40:45 - [TEST_STEP][PASSED] - click: Object: 'Object Repository/Emergency/Page_CMO login/button_Sign in' is clicked on

2018-06-10 19:40:46 - [MESSAGE][PASSED] - Object: 'Object Repository/Emergency/Page_CMO login/button_Sign in' is clicked on

2018-06-10 19:40:46 - [TEST_STEP][PASSED] - delay: Delayed 2 second(s)

2018-06-10 19:40:48 - [MESSAGE][PASSED] - Delayed 2 second(s)

2018-06-10 19:40:48 - [TEST_STEP][PASSED] - click: Object: 'Object Repository/Emergency/Page_KDMC - CMO/a_Department Wise Request' is clicked on

2018-06-10 19:40:48 - [MESSAGE][PASSED] - Object: 'Object Repository/Emergency/Page_KDMC - CMO/a_Department Wise Request' is clicked on

2018-06-10 19:40:48 - [TEST_STEP][PASSED] - selectOptionByIndex: All options with index in [7] are selected on object 'Object Repository/Emergency/Page_KDMC - CMO/select_--ALL--'

2018-06-10 19:40:49 - [MESSAGE][PASSED] - All options with index in [7] are selected on object 'Object Repository/Emergency/Page_KDMC - CMO/select_--ALL--'

2018-06-10 19:40:49 - [TEST_STEP][PASSED] - selectOptionByIndex: All options with index in [1] are selected on object 'Object Repository/Emergency/Page_KDMC - CMO/select_--ALL--                _1'

2018-06-10 19:40:49 - [MESSAGE][PASSED] - All options with index in [1] are selected on object 'Object Repository/Emergency/Page_KDMC - CMO/select_--ALL--                _1'

2018-06-10 19:40:49 - [TEST_STEP][PASSED] - click: Object: 'Object Repository/Emergency/Page_KDMC - CMO/input_btnsearch' is clicked on

2018-06-10 19:40:49 - [MESSAGE][PASSED] - Object: 'Object Repository/Emergency/Page_KDMC - CMO/input_btnsearch' is clicked on

2018-06-10 19:40:49 - [TEST_STEP][PASSED] - Statement - ID = com.kms.katalon.core.webui.keyword.WebUiBuiltInKeywords.modifyObjectProperty(com.kms.katalon.core.testobject.ObjectRepository.findTestObject(Emergency/Page_KDMC - CMO/input_3), "xpath", "equals", "//*[@id=" + Rno + "]", true): Modify property of object successfully

2018-06-10 19:40:49 - [MESSAGE][PASSED] - Modify property of object successfully

2018-06-10 19:40:49 - [TEST_STEP][PASSED] - click: Object: 'Object Repository/Emergency/Page_KDMC - CMO/input_3' is clicked on

2018-06-10 19:40:50 - [MESSAGE][PASSED] - Object: 'Object Repository/Emergency/Page_KDMC - CMO/input_3' is clicked on

2018-06-10 19:40:50 - [TEST_STEP][PASSED] - delay: Delayed 2 second(s)

2018-06-10 19:40:52 - [MESSAGE][PASSED] - Delayed 2 second(s)

2018-06-10 19:40:52 - [TEST_STEP][PASSED] - selectOptionByIndex: All options with index in [1] are selected on object 'Object Repository/Emergency/Page_KDMC - CMO/select_--Select--'

2018-06-10 19:40:52 - [MESSAGE][PASSED] - All options with index in [1] are selected on object 'Object Repository/Emergency/Page_KDMC - CMO/select_--Select--'

2018-06-10 19:40:52 - [TEST_STEP][PASSED] - click: Object: 'Object Repository/Emergency/Page_KDMC - CMO/input_btnupdate' is clicked on

2018-06-10 19:40:52 - [MESSAGE][PASSED] - Object: 'Object Repository/Emergency/Page_KDMC - CMO/input_btnupdate' is clicked on

2018-06-10 19:40:52 - [TEST_STEP][PASSED] - delay: Delayed 2 second(s)

2018-06-10 19:40:54 - [MESSAGE][PASSED] - Delayed 2 second(s)

2018-06-10 19:40:54 - [TEST_STEP][PASSED] - click: Object: 'Object Repository/Emergency/Page_KDMC - CMO/button_OK' is clicked on

2018-06-10 19:40:55 - [MESSAGE][PASSED] - Object: 'Object Repository/Emergency/Page_KDMC - CMO/button_OK' is clicked on

2018-06-10 19:40:55 - [TEST_STEP][PASSED] - delay: Delayed 2 second(s)

2018-06-10 19:40:57 - [MESSAGE][PASSED] - Delayed 2 second(s)

2018-06-10 19:40:57 - [TEST_STEP][PASSED] - click: Object: 'Object Repository/Emergency/Page_KDMC - CMO/a_dropdown-toggle' is clicked on

2018-06-10 19:40:57 - [MESSAGE][PASSED] - Object: 'Object Repository/Emergency/Page_KDMC - CMO/a_dropdown-toggle' is clicked on

2018-06-10 19:40:57 - [TEST_STEP][PASSED] - click: Object: 'Object Repository/Emergency/Page_KDMC - CMO/a_Sign out' is clicked on

2018-06-10 19:40:57 - [MESSAGE][PASSED] - Object: 'Object Repository/Emergency/Page_KDMC - CMO/a_Sign out' is clicked on

2018-06-10 19:40:57 - [TEST_STEP][PASSED] - delay: Delayed 3 second(s)

2018-06-10 19:41:00 - [MESSAGE][PASSED] - Delayed 3 second(s)

2018-06-10 19:41:00 - [TEST_STEP][PASSED] - click: Object: 'Object Repository/Emergency/Page_KDMC/a_Divisional Store' is clicked on

2018-06-10 19:41:01 - [MESSAGE][PASSED] - Object: 'Object Repository/Emergency/Page_KDMC/a_Divisional Store' is clicked on

2018-06-10 19:41:01 - [TEST_STEP][PASSED] - setText: Text 'ragu' is set on object 'Object Repository/Emergency/Page_Divisonal Store Login/input_txtusername'

2018-06-10 19:41:01 - [MESSAGE][PASSED] - Text 'ragu' is set on object 'Object Repository/Emergency/Page_Divisonal Store Login/input_txtusername'

2018-06-10 19:41:01 - [TEST_STEP][PASSED] - setText: Text '123' is set on object 'Object Repository/Emergency/Page_Divisonal Store Login/input_txtpassword'

2018-06-10 19:41:01 - [MESSAGE][PASSED] - Text '123' is set on object 'Object Repository/Emergency/Page_Divisonal Store Login/input_txtpassword'

2018-06-10 19:41:01 - [TEST_STEP][PASSED] - delay: Delayed 3 second(s)

2018-06-10 19:41:04 - [MESSAGE][PASSED] - Delayed 3 second(s)

2018-06-10 19:41:04 - [TEST_STEP][PASSED] - click: Object: 'Object Repository/Emergency/Page_Divisonal Store Login/button_Sign in' is clicked on

2018-06-10 19:41:06 - [MESSAGE][PASSED] - Object: 'Object Repository/Emergency/Page_Divisonal Store Login/button_Sign in' is clicked on

2018-06-10 19:41:06 - [TEST_STEP][PASSED] - delay: Delayed 2 second(s)

2018-06-10 19:41:08 - [MESSAGE][PASSED] - Delayed 2 second(s)

2018-06-10 19:41:08 - [TEST_STEP][PASSED] - click: Object: 'Object Repository/Emergency/Page_Store/a_Emergency Request' is clicked on

2018-06-10 19:41:08 - [MESSAGE][PASSED] - Object: 'Object Repository/Emergency/Page_Store/a_Emergency Request' is clicked on

2018-06-10 19:41:08 - [TEST_STEP][PASSED] - click: Object: 'Object Repository/Emergency/Page_Store/a_Request Item Emergency' is clicked on

2018-06-10 19:41:09 - [MESSAGE][PASSED] - Object: 'Object Repository/Emergency/Page_Store/a_Request Item Emergency' is clicked on

2018-06-10 19:41:09 - [TEST_STEP][PASSED] - setText: Text '1036' is set on object 'Object Repository/Emergency/Page_Store/input'

2018-06-10 19:41:10 - [MESSAGE][PASSED] - Text '1036' is set on object 'Object Repository/Emergency/Page_Store/input'

2018-06-10 19:41:10 - [TEST_STEP][PASSED] - Statement - ChooseRequest = com.kms.katalon.core.webui.keyword.WebUiBuiltInKeywords.modifyObjectProperty(com.kms.katalon.core.testobject.ObjectRepository.findTestObject(Emergency/Page_Store/input_3), "xpath", "equals", "//*[@id=" + Rno + "]", true): Modify property of object successfully

2018-06-10 19:41:10 - [MESSAGE][PASSED] - Modify property of object successfully

2018-06-10 19:41:10 - [TEST_STEP][PASSED] - click: Object: 'Object Repository/Emergency/Page_Store/input_3' is clicked on

2018-06-10 19:41:11 - [MESSAGE][PASSED] - Object: 'Object Repository/Emergency/Page_Store/input_3' is clicked on

2018-06-10 19:41:11 - [TEST_STEP][PASSED] - delay: Delayed 2 second(s)

2018-06-10 19:41:13 - [MESSAGE][PASSED] - Delayed 2 second(s)

2018-06-10 19:41:13 - [TEST_STEP][PASSED] - Statement - selectedoptions1 = com.kms.katalon.core.webui.keyword.WebUiBuiltInKeywords.getNumberOfTotalOption(com.kms.katalon.core.testobject.ObjectRepository.findTestObject(Emergency/Page_Store/select_--Select--Amikacin -500)): 63 options of object 'Object Repository/Emergency/Page_Store/select_--Select--Amikacin -500' counted

2018-06-10 19:41:13 - [MESSAGE][PASSED] - 63 options of object 'Object Repository/Emergency/Page_Store/select_--Select--Amikacin -500' counted

2018-06-10 19:41:13 - [TEST_STEP][PASSED] - Statement - For ([a = 1, a <= selectedoptions1 - 1, (a++)]): null

2018-06-10 19:41:13 - [TEST_STEP][PASSED] - selectOptionByIndex: All options with index in [1] are selected on object 'Object Repository/Emergency/Page_Store/select_--Select--Amikacin -500'

2018-06-10 19:41:13 - [MESSAGE][PASSED] - All options with index in [1] are selected on object 'Object Repository/Emergency/Page_Store/select_--Select--Amikacin -500'

2018-06-10 19:41:13 - [TEST_STEP][PASSED] - delay: Delayed 1 second(s)

2018-06-10 19:41:14 - [MESSAGE][PASSED] - Delayed 1 second(s)

2018-06-10 19:41:14 - [TEST_STEP][PASSED] - Statement - RequestedQty = com.kms.katalon.core.webui.keyword.WebUiBuiltInKeywords.getAttribute(com.kms.katalon.core.testobject.ObjectRepository.findTestObject(Emergency/Page_Store/input_txttotal), "value"): Attribute 'value' of object 'Object Repository/Emergency/Page_Store/input_txttotal' is: '10'

2018-06-10 19:41:14 - [MESSAGE][PASSED] - Attribute 'value' of object 'Object Repository/Emergency/Page_Store/input_txttotal' is: '10'

2018-06-10 19:41:14 - [TEST_STEP][PASSED] - Statement - out.println("Requested QTY : " + RequestedQty): null

2018-06-10 19:41:14 - [TEST_STEP][PASSED] - Statement - BatchNumber = com.kms.katalon.core.webui.keyword.WebUiBuiltInKeywords.getNumberOfTotalOption(com.kms.katalon.core.testobject.ObjectRepository.findTestObject(Emergency/Page_Store/select_--Select--BA1150BA4110)): 5 options of object 'Object Repository/Emergency/Page_Store/select_--Select--BA1150BA4110' counted

2018-06-10 19:41:14 - [MESSAGE][PASSED] - 5 options of object 'Object Repository/Emergency/Page_Store/select_--Select--BA1150BA4110' counted

2018-06-10 19:41:14 - [TEST_STEP][PASSED] - Statement - For ([g = 1, g <= BatchNumber - 1, (g++)]): null

2018-06-10 19:41:14 - [TEST_STEP][PASSED] - selectOptionByIndex: All options with index in [1] are selected on object 'Object Repository/Emergency/Page_Store/select_--Select--BA1150BA4110'

2018-06-10 19:41:14 - [MESSAGE][PASSED] - All options with index in [1] are selected on object 'Object Repository/Emergency/Page_Store/select_--Select--BA1150BA4110'

2018-06-10 19:41:14 - [TEST_STEP][PASSED] - delay: Delayed 2 second(s)

2018-06-10 19:41:16 - [MESSAGE][PASSED] - Delayed 2 second(s)

2018-06-10 19:41:16 - [TEST_STEP][PASSED] - Statement - Try: null

2018-06-10 19:41:16 - [TEST_STEP][PASSED] - Statement - StockQty = com.kms.katalon.core.webui.keyword.WebUiBuiltInKeywords.getAttribute(com.kms.katalon.core.testobject.ObjectRepository.findTestObject(Emergency/Page_Store/input_txtprice), "value"): Attribute 'value' of object 'Object Repository/Emergency/Page_Store/input_txtprice' is: '290'

2018-06-10 19:41:16 - [MESSAGE][PASSED] - Attribute 'value' of object 'Object Repository/Emergency/Page_Store/input_txtprice' is: '290'

2018-06-10 19:41:16 - [TEST_STEP][PASSED] - Statement - out.println("Stock QTY : " + StockQty): null

2018-06-10 19:41:16 - [TEST_STEP][PASSED] - delay: Delayed 2 second(s)

2018-06-10 19:41:18 - [MESSAGE][PASSED] - Delayed 2 second(s)

2018-06-10 19:41:18 - [TEST_STEP][PASSED] - Statement - If (java.lang.Integer.valueOf(StockQty) >= java.lang.Integer.valueOf(RequestedQty)): null

2018-06-10 19:41:18 - [TEST_STEP][PASSED] - delay: Delayed 1 second(s)

2018-06-10 19:41:19 - [MESSAGE][PASSED] - Delayed 1 second(s)

2018-06-10 19:41:19 - [TEST_STEP][PASSED] - setText: Text '10' is set on object 'Object Repository/Emergency/Page_Store/input_txtqty'

2018-06-10 19:41:19 - [MESSAGE][PASSED] - Text '10' is set on object 'Object Repository/Emergency/Page_Store/input_txtqty'

2018-06-10 19:41:19 - [TEST_STEP][PASSED] - click: Object: 'Object Repository/Emergency/Page_Store/button_Add' is clicked on

2018-06-10 19:41:19 - [MESSAGE][PASSED] - Object: 'Object Repository/Emergency/Page_Store/button_Add' is clicked on

2018-06-10 19:41:19 - [TEST_STEP][PASSED] - Statement - Break: null

2018-06-10 19:41:19 - [TEST_STEP][PASSED] - selectOptionByIndex: All options with index in [2] are selected on object 'Object Repository/Emergency/Page_Store/select_--Select--Amikacin -500'

2018-06-10 19:41:19 - [MESSAGE][PASSED] - All options with index in [2] are selected on object 'Object Repository/Emergency/Page_Store/select_--Select--Amikacin -500'

2018-06-10 19:41:19 - [TEST_STEP][PASSED] - delay: Delayed 1 second(s)

2018-06-10 19:41:20 - [MESSAGE][PASSED] - Delayed 1 second(s)

2018-06-10 19:41:20 - [TEST_STEP][PASSED] - Statement - RequestedQty = com.kms.katalon.core.webui.keyword.WebUiBuiltInKeywords.getAttribute(com.kms.katalon.core.testobject.ObjectRepository.findTestObject(Emergency/Page_Store/input_txttotal), "value"): Attribute 'value' of object 'Object Repository/Emergency/Page_Store/input_txttotal' is: '10'

2018-06-10 19:41:20 - [MESSAGE][PASSED] - Attribute 'value' of object 'Object Repository/Emergency/Page_Store/input_txttotal' is: '10'

2018-06-10 19:41:20 - [TEST_STEP][PASSED] - Statement - out.println("Requested QTY : " + RequestedQty): null

2018-06-10 19:41:20 - [TEST_STEP][PASSED] - Statement - BatchNumber = com.kms.katalon.core.webui.keyword.WebUiBuiltInKeywords.getNumberOfTotalOption(com.kms.katalon.core.testobject.ObjectRepository.findTestObject(Emergency/Page_Store/select_--Select--BA1150BA4110)): 3 options of object 'Object Repository/Emergency/Page_Store/select_--Select--BA1150BA4110' counted

2018-06-10 19:41:21 - [MESSAGE][PASSED] - 3 options of object 'Object Repository/Emergency/Page_Store/select_--Select--BA1150BA4110' counted

2018-06-10 19:41:21 - [TEST_STEP][PASSED] - Statement - For ([g = 1, g <= BatchNumber - 1, (g++)]): null

2018-06-10 19:41:21 - [TEST_STEP][PASSED] - selectOptionByIndex: All options with index in [1] are selected on object 'Object Repository/Emergency/Page_Store/select_--Select--BA1150BA4110'

2018-06-10 19:41:21 - [MESSAGE][PASSED] - All options with index in [1] are selected on object 'Object Repository/Emergency/Page_Store/select_--Select--BA1150BA4110'

2018-06-10 19:41:21 - [TEST_STEP][PASSED] - delay: Delayed 2 second(s)

2018-06-10 19:41:23 - [MESSAGE][PASSED] - Delayed 2 second(s)

2018-06-10 19:41:23 - [TEST_STEP][PASSED] - Statement - Try: null

2018-06-10 19:41:23 - [TEST_STEP][PASSED] - Statement - StockQty = com.kms.katalon.core.webui.keyword.WebUiBuiltInKeywords.getAttribute(com.kms.katalon.core.testobject.ObjectRepository.findTestObject(Emergency/Page_Store/input_txtprice), "value"): Attribute 'value' of object 'Object Repository/Emergency/Page_Store/input_txtprice' is: '1500'

2018-06-10 19:41:23 - [MESSAGE][PASSED] - Attribute 'value' of object 'Object Repository/Emergency/Page_Store/input_txtprice' is: '1500'

2018-06-10 19:41:23 - [TEST_STEP][PASSED] - Statement - out.println("Stock QTY : " + StockQty): null

2018-06-10 19:41:23 - [TEST_STEP][PASSED] - delay: Delayed 2 second(s)

2018-06-10 19:41:25 - [MESSAGE][PASSED] - Delayed 2 second(s)

2018-06-10 19:41:25 - [TEST_STEP][PASSED] - Statement - If (java.lang.Integer.valueOf(StockQty) >= java.lang.Integer.valueOf(RequestedQty)): null

2018-06-10 19:41:25 - [TEST_STEP][PASSED] - delay: Delayed 1 second(s)

2018-06-10 19:41:26 - [MESSAGE][PASSED] - Delayed 1 second(s)

2018-06-10 19:41:26 - [TEST_STEP][PASSED] - setText: Text '10' is set on object 'Object Repository/Emergency/Page_Store/input_txtqty'

2018-06-10 19:41:26 - [MESSAGE][PASSED] - Text '10' is set on object 'Object Repository/Emergency/Page_Store/input_txtqty'

2018-06-10 19:41:26 - [TEST_STEP][PASSED] - click: Object: 'Object Repository/Emergency/Page_Store/button_Add' is clicked on

2018-06-10 19:41:26 - [MESSAGE][PASSED] - Object: 'Object Repository/Emergency/Page_Store/button_Add' is clicked on

2018-06-10 19:41:26 - [TEST_STEP][PASSED] - Statement - Break: null

2018-06-10 19:41:26 - [TEST_STEP][PASSED] - selectOptionByIndex: All options with index in [3] are selected on object 'Object Repository/Emergency/Page_Store/select_--Select--Amikacin -500'

2018-06-10 19:41:26 - [MESSAGE][PASSED] - All options with index in [3] are selected on object 'Object Repository/Emergency/Page_Store/select_--Select--Amikacin -500'

2018-06-10 19:41:26 - [TEST_STEP][PASSED] - delay: Delayed 1 second(s)

2018-06-10 19:41:27 - [MESSAGE][PASSED] - Delayed 1 second(s)

2018-06-10 19:41:27 - [TEST_STEP][PASSED] - Statement - RequestedQty = com.kms.katalon.core.webui.keyword.WebUiBuiltInKeywords.getAttribute(com.kms.katalon.core.testobject.ObjectRepository.findTestObject(Emergency/Page_Store/input_txttotal), "value"): Attribute 'value' of object 'Object Repository/Emergency/Page_Store/input_txttotal' is: '10'

2018-06-10 19:41:27 - [MESSAGE][PASSED] - Attribute 'value' of object 'Object Repository/Emergency/Page_Store/input_txttotal' is: '10'

2018-06-10 19:41:27 - [TEST_STEP][PASSED] - Statement - out.println("Requested QTY : " + RequestedQty): null

2018-06-10 19:41:27 - [TEST_STEP][PASSED] - Statement - BatchNumber = com.kms.katalon.core.webui.keyword.WebUiBuiltInKeywords.getNumberOfTotalOption(com.kms.katalon.core.testobject.ObjectRepository.findTestObject(Emergency/Page_Store/select_--Select--BA1150BA4110)): 4 options of object 'Object Repository/Emergency/Page_Store/select_--Select--BA1150BA4110' counted

2018-06-10 19:41:27 - [MESSAGE][PASSED] - 4 options of object 'Object Repository/Emergency/Page_Store/select_--Select--BA1150BA4110' counted

2018-06-10 19:41:27 - [TEST_STEP][PASSED] - Statement - For ([g = 1, g <= BatchNumber - 1, (g++)]): null

2018-06-10 19:41:27 - [TEST_STEP][PASSED] - selectOptionByIndex: All options with index in [1] are selected on object 'Object Repository/Emergency/Page_Store/select_--Select--BA1150BA4110'

2018-06-10 19:41:27 - [MESSAGE][PASSED] - All options with index in [1] are selected on object 'Object Repository/Emergency/Page_Store/select_--Select--BA1150BA4110'

2018-06-10 19:41:27 - [TEST_STEP][PASSED] - delay: Delayed 2 second(s)

2018-06-10 19:41:29 - [MESSAGE][PASSED] - Delayed 2 second(s)

2018-06-10 19:41:29 - [TEST_STEP][PASSED] - Statement - Try: null

2018-06-10 19:41:29 - [TEST_STEP][PASSED] - Statement - StockQty = com.kms.katalon.core.webui.keyword.WebUiBuiltInKeywords.getAttribute(com.kms.katalon.core.testobject.ObjectRepository.findTestObject(Emergency/Page_Store/input_txtprice), "value"): Attribute 'value' of object 'Object Repository/Emergency/Page_Store/input_txtprice' is: '290'

2018-06-10 19:41:29 - [MESSAGE][PASSED] - Attribute 'value' of object 'Object Repository/Emergency/Page_Store/input_txtprice' is: '290'

2018-06-10 19:41:29 - [TEST_STEP][PASSED] - Statement - out.println("Stock QTY : " + StockQty): null

2018-06-10 19:41:29 - [TEST_STEP][PASSED] - delay: Delayed 2 second(s)

2018-06-10 19:41:31 - [MESSAGE][PASSED] - Delayed 2 second(s)

2018-06-10 19:41:31 - [TEST_STEP][PASSED] - Statement - If (java.lang.Integer.valueOf(StockQty) >= java.lang.Integer.valueOf(RequestedQty)): null

2018-06-10 19:41:31 - [TEST_STEP][PASSED] - delay: Delayed 1 second(s)

2018-06-10 19:41:32 - [MESSAGE][PASSED] - Delayed 1 second(s)

2018-06-10 19:41:32 - [TEST_STEP][PASSED] - setText: Text '10' is set on object 'Object Repository/Emergency/Page_Store/input_txtqty'

2018-06-10 19:41:32 - [MESSAGE][PASSED] - Text '10' is set on object 'Object Repository/Emergency/Page_Store/input_txtqty'

2018-06-10 19:41:32 - [TEST_STEP][PASSED] - click: Object: 'Object Repository/Emergency/Page_Store/button_Add' is clicked on

2018-06-10 19:41:32 - [MESSAGE][PASSED] - Object: 'Object Repository/Emergency/Page_Store/button_Add' is clicked on

2018-06-10 19:41:32 - [TEST_STEP][PASSED] - Statement - Break: null

2018-06-10 19:41:32 - [TEST_STEP][PASSED] - selectOptionByIndex: All options with index in [4] are selected on object 'Object Repository/Emergency/Page_Store/select_--Select--Amikacin -500'

2018-06-10 19:41:33 - [MESSAGE][PASSED] - All options with index in [4] are selected on object 'Object Repository/Emergency/Page_Store/select_--Select--Amikacin -500'

2018-06-10 19:41:33 - [TEST_STEP][PASSED] - delay: Delayed 1 second(s)

2018-06-10 19:41:34 - [MESSAGE][PASSED] - Delayed 1 second(s)

2018-06-10 19:41:34 - [TEST_STEP][PASSED] - Statement - RequestedQty = com.kms.katalon.core.webui.keyword.WebUiBuiltInKeywords.getAttribute(com.kms.katalon.core.testobject.ObjectRepository.findTestObject(Emergency/Page_Store/input_txttotal), "value"): Attribute 'value' of object 'Object Repository/Emergency/Page_Store/input_txttotal' is: '10'

2018-06-10 19:41:34 - [MESSAGE][PASSED] - Attribute 'value' of object 'Object Repository/Emergency/Page_Store/input_txttotal' is: '10'

2018-06-10 19:41:34 - [TEST_STEP][PASSED] - Statement - out.println("Requested QTY : " + RequestedQty): null

2018-06-10 19:41:34 - [TEST_STEP][PASSED] - Statement - BatchNumber = com.kms.katalon.core.webui.keyword.WebUiBuiltInKeywords.getNumberOfTotalOption(com.kms.katalon.core.testobject.ObjectRepository.findTestObject(Emergency/Page_Store/select_--Select--BA1150BA4110)): 4 options of object 'Object Repository/Emergency/Page_Store/select_--Select--BA1150BA4110' counted

2018-06-10 19:41:34 - [MESSAGE][PASSED] - 4 options of object 'Object Repository/Emergency/Page_Store/select_--Select--BA1150BA4110' counted

2018-06-10 19:41:34 - [TEST_STEP][PASSED] - Statement - For ([g = 1, g <= BatchNumber - 1, (g++)]): null

2018-06-10 19:41:34 - [TEST_STEP][PASSED] - selectOptionByIndex: All options with index in [1] are selected on object 'Object Repository/Emergency/Page_Store/select_--Select--BA1150BA4110'

2018-06-10 19:41:34 - [MESSAGE][PASSED] - All options with index in [1] are selected on object 'Object Repository/Emergency/Page_Store/select_--Select--BA1150BA4110'

2018-06-10 19:41:34 - [TEST_STEP][PASSED] - delay: Delayed 2 second(s)

2018-06-10 19:41:36 - [MESSAGE][PASSED] - Delayed 2 second(s)

2018-06-10 19:41:36 - [TEST_STEP][PASSED] - Statement - Try: null

2018-06-10 19:41:36 - [TEST_STEP][PASSED] - Statement - StockQty = com.kms.katalon.core.webui.keyword.WebUiBuiltInKeywords.getAttribute(com.kms.katalon.core.testobject.ObjectRepository.findTestObject(Emergency/Page_Store/input_txtprice), "value"): Attribute 'value' of object 'Object Repository/Emergency/Page_Store/input_txtprice' is: '522'

2018-06-10 19:41:36 - [MESSAGE][PASSED] - Attribute 'value' of object 'Object Repository/Emergency/Page_Store/input_txtprice' is: '522'

2018-06-10 19:41:36 - [TEST_STEP][PASSED] - Statement - out.println("Stock QTY : " + StockQty): null

2018-06-10 19:41:36 - [TEST_STEP][PASSED] - delay: Delayed 2 second(s)

2018-06-10 19:41:38 - [MESSAGE][PASSED] - Delayed 2 second(s)

2018-06-10 19:41:38 - [TEST_STEP][PASSED] - Statement - If (java.lang.Integer.valueOf(StockQty) >= java.lang.Integer.valueOf(RequestedQty)): null

2018-06-10 19:41:38 - [TEST_STEP][PASSED] - delay: Delayed 1 second(s)

2018-06-10 19:41:39 - [MESSAGE][PASSED] - Delayed 1 second(s)

2018-06-10 19:41:39 - [TEST_STEP][PASSED] - setText: Text '10' is set on object 'Object Repository/Emergency/Page_Store/input_txtqty'

2018-06-10 19:41:39 - [MESSAGE][PASSED] - Text '10' is set on object 'Object Repository/Emergency/Page_Store/input_txtqty'

2018-06-10 19:41:39 - [TEST_STEP][PASSED] - click: Object: 'Object Repository/Emergency/Page_Store/button_Add' is clicked on

2018-06-10 19:41:39 - [MESSAGE][PASSED] - Object: 'Object Repository/Emergency/Page_Store/button_Add' is clicked on

2018-06-10 19:41:39 - [TEST_STEP][PASSED] - Statement - Break: null

2018-06-10 19:41:39 - [TEST_STEP][PASSED] - selectOptionByIndex: All options with index in [5] are selected on object 'Object Repository/Emergency/Page_Store/select_--Select--Amikacin -500'

2018-06-10 19:41:39 - [MESSAGE][PASSED] - All options with index in [5] are selected on object 'Object Repository/Emergency/Page_Store/select_--Select--Amikacin -500'

2018-06-10 19:41:39 - [TEST_STEP][PASSED] - delay: Delayed 1 second(s)

2018-06-10 19:41:40 - [MESSAGE][PASSED] - Delayed 1 second(s)

2018-06-10 19:41:40 - [TEST_STEP][PASSED] - Statement - RequestedQty = com.kms.katalon.core.webui.keyword.WebUiBuiltInKeywords.getAttribute(com.kms.katalon.core.testobject.ObjectRepository.findTestObject(Emergency/Page_Store/input_txttotal), "value"): Attribute 'value' of object 'Object Repository/Emergency/Page_Store/input_txttotal' is: '10'

2018-06-10 19:41:40 - [MESSAGE][PASSED] - Attribute 'value' of object 'Object Repository/Emergency/Page_Store/input_txttotal' is: '10'

2018-06-10 19:41:40 - [TEST_STEP][PASSED] - Statement - out.println("Requested QTY : " + RequestedQty): null

2018-06-10 19:41:40 - [TEST_STEP][PASSED] - Statement - BatchNumber = com.kms.katalon.core.webui.keyword.WebUiBuiltInKeywords.getNumberOfTotalOption(com.kms.katalon.core.testobject.ObjectRepository.findTestObject(Emergency/Page_Store/select_--Select--BA1150BA4110)): 5 options of object 'Object Repository/Emergency/Page_Store/select_--Select--BA1150BA4110' counted

2018-06-10 19:41:40 - [MESSAGE][PASSED] - 5 options of object 'Object Repository/Emergency/Page_Store/select_--Select--BA1150BA4110' counted

2018-06-10 19:41:40 - [TEST_STEP][PASSED] - Statement - For ([g = 1, g <= BatchNumber - 1, (g++)]): null

2018-06-10 19:41:40 - [TEST_STEP][PASSED] - selectOptionByIndex: All options with index in [1] are selected on object 'Object Repository/Emergency/Page_Store/select_--Select--BA1150BA4110'

2018-06-10 19:41:40 - [MESSAGE][PASSED] - All options with index in [1] are selected on object 'Object Repository/Emergency/Page_Store/select_--Select--BA1150BA4110'

2018-06-10 19:41:40 - [TEST_STEP][PASSED] - delay: Delayed 2 second(s)

2018-06-10 19:41:42 - [MESSAGE][PASSED] - Delayed 2 second(s)

2018-06-10 19:41:42 - [TEST_STEP][PASSED] - Statement - Try: null

2018-06-10 19:41:42 - [TEST_STEP][PASSED] - Statement - StockQty = com.kms.katalon.core.webui.keyword.WebUiBuiltInKeywords.getAttribute(com.kms.katalon.core.testobject.ObjectRepository.findTestObject(Emergency/Page_Store/input_txtprice), "value"): Attribute 'value' of object 'Object Repository/Emergency/Page_Store/input_txtprice' is: '290'

2018-06-10 19:41:42 - [MESSAGE][PASSED] - Attribute 'value' of object 'Object Repository/Emergency/Page_Store/input_txtprice' is: '290'

2018-06-10 19:41:42 - [TEST_STEP][PASSED] - Statement - out.println("Stock QTY : " + StockQty): null

2018-06-10 19:41:42 - [TEST_STEP][PASSED] - delay: Delayed 2 second(s)

2018-06-10 19:41:44 - [MESSAGE][PASSED] - Delayed 2 second(s)

2018-06-10 19:41:44 - [TEST_STEP][PASSED] - Statement - If (java.lang.Integer.valueOf(StockQty) >= java.lang.Integer.valueOf(RequestedQty)): null

2018-06-10 19:41:44 - [TEST_STEP][PASSED] - delay: Delayed 1 second(s)

2018-06-10 19:41:45 - [MESSAGE][PASSED] - Delayed 1 second(s)

2018-06-10 19:41:45 - [TEST_STEP][PASSED] - setText: Text '10' is set on object 'Object Repository/Emergency/Page_Store/input_txtqty'

2018-06-10 19:41:46 - [MESSAGE][PASSED] - Text '10' is set on object 'Object Repository/Emergency/Page_Store/input_txtqty'

2018-06-10 19:41:46 - [TEST_STEP][PASSED] - click: Object: 'Object Repository/Emergency/Page_Store/button_Add' is clicked on

2018-06-10 19:41:46 - [MESSAGE][PASSED] - Object: 'Object Repository/Emergency/Page_Store/button_Add' is clicked on

2018-06-10 19:41:46 - [TEST_STEP][PASSED] - Statement - Break: null

2018-06-10 19:41:46 - [TEST_STEP][PASSED] - selectOptionByIndex: All options with index in [6] are selected on object 'Object Repository/Emergency/Page_Store/select_--Select--Amikacin -500'

2018-06-10 19:41:46 - [MESSAGE][PASSED] - All options with index in [6] are selected on object 'Object Repository/Emergency/Page_Store/select_--Select--Amikacin -500'

2018-06-10 19:41:46 - [TEST_STEP][PASSED] - delay: Delayed 1 second(s)

2018-06-10 19:41:47 - [MESSAGE][PASSED] - Delayed 1 second(s)

2018-06-10 19:41:47 - [TEST_STEP][PASSED] - Statement - RequestedQty = com.kms.katalon.core.webui.keyword.WebUiBuiltInKeywords.getAttribute(com.kms.katalon.core.testobject.ObjectRepository.findTestObject(Emergency/Page_Store/input_txttotal), "value"): Attribute 'value' of object 'Object Repository/Emergency/Page_Store/input_txttotal' is: '10'

2018-06-10 19:41:47 - [MESSAGE][PASSED] - Attribute 'value' of object 'Object Repository/Emergency/Page_Store/input_txttotal' is: '10'

2018-06-10 19:41:47 - [TEST_STEP][PASSED] - Statement - out.println("Requested QTY : " + RequestedQty): null

2018-06-10 19:41:47 - [TEST_STEP][PASSED] - Statement - BatchNumber = com.kms.katalon.core.webui.keyword.WebUiBuiltInKeywords.getNumberOfTotalOption(com.kms.katalon.core.testobject.ObjectRepository.findTestObject(Emergency/Page_Store/select_--Select--BA1150BA4110)): 4 options of object 'Object Repository/Emergency/Page_Store/select_--Select--BA1150BA4110' counted

2018-06-10 19:41:47 - [MESSAGE][PASSED] - 4 options of object 'Object Repository/Emergency/Page_Store/select_--Select--BA1150BA4110' counted

2018-06-10 19:41:47 - [TEST_STEP][PASSED] - Statement - For ([g = 1, g <= BatchNumber - 1, (g++)]): null

2018-06-10 19:41:47 - [TEST_STEP][PASSED] - selectOptionByIndex: All options with index in [1] are selected on object 'Object Repository/Emergency/Page_Store/select_--Select--BA1150BA4110'

2018-06-10 19:41:47 - [MESSAGE][PASSED] - All options with index in [1] are selected on object 'Object Repository/Emergency/Page_Store/select_--Select--BA1150BA4110'

2018-06-10 19:41:47 - [TEST_STEP][PASSED] - delay: Delayed 2 second(s)

2018-06-10 19:41:49 - [MESSAGE][PASSED] - Delayed 2 second(s)

2018-06-10 19:41:49 - [TEST_STEP][PASSED] - Statement - Try: null

2018-06-10 19:41:49 - [TEST_STEP][PASSED] - Statement - StockQty = com.kms.katalon.core.webui.keyword.WebUiBuiltInKeywords.getAttribute(com.kms.katalon.core.testobject.ObjectRepository.findTestObject(Emergency/Page_Store/input_txtprice), "value"): Attribute 'value' of object 'Object Repository/Emergency/Page_Store/input_txtprice' is: '630'

2018-06-10 19:41:49 - [MESSAGE][PASSED] - Attribute 'value' of object 'Object Repository/Emergency/Page_Store/input_txtprice' is: '630'

2018-06-10 19:41:49 - [TEST_STEP][PASSED] - Statement - out.println("Stock QTY : " + StockQty): null

2018-06-10 19:41:49 - [TEST_STEP][PASSED] - delay: Delayed 2 second(s)

2018-06-10 19:41:51 - [MESSAGE][PASSED] - Delayed 2 second(s)

2018-06-10 19:41:51 - [TEST_STEP][PASSED] - Statement - If (java.lang.Integer.valueOf(StockQty) >= java.lang.Integer.valueOf(RequestedQty)): null

2018-06-10 19:41:51 - [TEST_STEP][PASSED] - delay: Delayed 1 second(s)

2018-06-10 19:41:52 - [MESSAGE][PASSED] - Delayed 1 second(s)

2018-06-10 19:41:52 - [TEST_STEP][PASSED] - setText: Text '10' is set on object 'Object Repository/Emergency/Page_Store/input_txtqty'

2018-06-10 19:41:52 - [MESSAGE][PASSED] - Text '10' is set on object 'Object Repository/Emergency/Page_Store/input_txtqty'

2018-06-10 19:41:52 - [TEST_STEP][PASSED] - click: Object: 'Object Repository/Emergency/Page_Store/button_Add' is clicked on

2018-06-10 19:41:52 - [MESSAGE][PASSED] - Object: 'Object Repository/Emergency/Page_Store/button_Add' is clicked on

2018-06-10 19:41:52 - [TEST_STEP][PASSED] - Statement - Break: null

2018-06-10 19:41:52 - [TEST_STEP][PASSED] - selectOptionByIndex: All options with index in [7] are selected on object 'Object Repository/Emergency/Page_Store/select_--Select--Amikacin -500'

2018-06-10 19:41:52 - [MESSAGE][PASSED] - All options with index in [7] are selected on object 'Object Repository/Emergency/Page_Store/select_--Select--Amikacin -500'

2018-06-10 19:41:52 - [TEST_STEP][PASSED] - delay: Delayed 1 second(s)

2018-06-10 19:41:53 - [MESSAGE][PASSED] - Delayed 1 second(s)

2018-06-10 19:41:53 - [TEST_STEP][PASSED] - Statement - RequestedQty = com.kms.katalon.core.webui.keyword.WebUiBuiltInKeywords.getAttribute(com.kms.katalon.core.testobject.ObjectRepository.findTestObject(Emergency/Page_Store/input_txttotal), "value"): Attribute 'value' of object 'Object Repository/Emergency/Page_Store/input_txttotal' is: '10'

2018-06-10 19:41:53 - [MESSAGE][PASSED] - Attribute 'value' of object 'Object Repository/Emergency/Page_Store/input_txttotal' is: '10'

2018-06-10 19:41:53 - [TEST_STEP][PASSED] - Statement - out.println("Requested QTY : " + RequestedQty): null

2018-06-10 19:41:53 - [TEST_STEP][PASSED] - Statement - BatchNumber = com.kms.katalon.core.webui.keyword.WebUiBuiltInKeywords.getNumberOfTotalOption(com.kms.katalon.core.testobject.ObjectRepository.findTestObject(Emergency/Page_Store/select_--Select--BA1150BA4110)): 5 options of object 'Object Repository/Emergency/Page_Store/select_--Select--BA1150BA4110' counted

2018-06-10 19:41:53 - [MESSAGE][PASSED] - 5 options of object 'Object Repository/Emergency/Page_Store/select_--Select--BA1150BA4110' counted

2018-06-10 19:41:53 - [TEST_STEP][PASSED] - Statement - For ([g = 1, g <= BatchNumber - 1, (g++)]): null

2018-06-10 19:41:53 - [TEST_STEP][PASSED] - selectOptionByIndex: All options with index in [1] are selected on object 'Object Repository/Emergency/Page_Store/select_--Select--BA1150BA4110'

2018-06-10 19:41:54 - [MESSAGE][PASSED] - All options with index in [1] are selected on object 'Object Repository/Emergency/Page_Store/select_--Select--BA1150BA4110'

2018-06-10 19:41:54 - [TEST_STEP][PASSED] - delay: Delayed 2 second(s)

2018-06-10 19:41:56 - [MESSAGE][PASSED] - Delayed 2 second(s)

2018-06-10 19:41:56 - [TEST_STEP][PASSED] - Statement - Try: null

2018-06-10 19:41:56 - [TEST_STEP][PASSED] - Statement - StockQty = com.kms.katalon.core.webui.keyword.WebUiBuiltInKeywords.getAttribute(com.kms.katalon.core.testobject.ObjectRepository.findTestObject(Emergency/Page_Store/input_txtprice), "value"): Attribute 'value' of object 'Object Repository/Emergency/Page_Store/input_txtprice' is: '230'

2018-06-10 19:41:56 - [MESSAGE][PASSED] - Attribute 'value' of object 'Object Repository/Emergency/Page_Store/input_txtprice' is: '230'

2018-06-10 19:41:56 - [TEST_STEP][PASSED] - Statement - out.println("Stock QTY : " + StockQty): null

2018-06-10 19:41:56 - [TEST_STEP][PASSED] - delay: Delayed 2 second(s)

2018-06-10 19:41:58 - [MESSAGE][PASSED] - Delayed 2 second(s)

2018-06-10 19:41:58 - [TEST_STEP][PASSED] - Statement - If (java.lang.Integer.valueOf(StockQty) >= java.lang.Integer.valueOf(RequestedQty)): null

2018-06-10 19:41:58 - [TEST_STEP][PASSED] - delay: Delayed 1 second(s)

2018-06-10 19:41:59 - [MESSAGE][PASSED] - Delayed 1 second(s)

2018-06-10 19:41:59 - [TEST_STEP][PASSED] - setText: Text '10' is set on object 'Object Repository/Emergency/Page_Store/input_txtqty'

2018-06-10 19:41:59 - [MESSAGE][PASSED] - Text '10' is set on object 'Object Repository/Emergency/Page_Store/input_txtqty'

2018-06-10 19:41:59 - [TEST_STEP][PASSED] - click: Object: 'Object Repository/Emergency/Page_Store/button_Add' is clicked on

2018-06-10 19:41:59 - [MESSAGE][PASSED] - Object: 'Object Repository/Emergency/Page_Store/button_Add' is clicked on

2018-06-10 19:41:59 - [TEST_STEP][PASSED] - Statement - Break: null

2018-06-10 19:41:59 - [TEST_STEP][PASSED] - selectOptionByIndex: All options with index in [8] are selected on object 'Object Repository/Emergency/Page_Store/select_--Select--Amikacin -500'

2018-06-10 19:41:59 - [MESSAGE][PASSED] - All options with index in [8] are selected on object 'Object Repository/Emergency/Page_Store/select_--Select--Amikacin -500'

2018-06-10 19:41:59 - [TEST_STEP][PASSED] - delay: Delayed 1 second(s)

2018-06-10 19:42:00 - [MESSAGE][PASSED] - Delayed 1 second(s)

2018-06-10 19:42:00 - [TEST_STEP][PASSED] - Statement - RequestedQty = com.kms.katalon.core.webui.keyword.WebUiBuiltInKeywords.getAttribute(com.kms.katalon.core.testobject.ObjectRepository.findTestObject(Emergency/Page_Store/input_txttotal), "value"): Attribute 'value' of object 'Object Repository/Emergency/Page_Store/input_txttotal' is: '10'

2018-06-10 19:42:00 - [MESSAGE][PASSED] - Attribute 'value' of object 'Object Repository/Emergency/Page_Store/input_txttotal' is: '10'

2018-06-10 19:42:00 - [TEST_STEP][PASSED] - Statement - out.println("Requested QTY : " + RequestedQty): null

2018-06-10 19:42:00 - [TEST_STEP][PASSED] - Statement - BatchNumber = com.kms.katalon.core.webui.keyword.WebUiBuiltInKeywords.getNumberOfTotalOption(com.kms.katalon.core.testobject.ObjectRepository.findTestObject(Emergency/Page_Store/select_--Select--BA1150BA4110)): 6 options of object 'Object Repository/Emergency/Page_Store/select_--Select--BA1150BA4110' counted

2018-06-10 19:42:00 - [MESSAGE][PASSED] - 6 options of object 'Object Repository/Emergency/Page_Store/select_--Select--BA1150BA4110' counted

2018-06-10 19:42:00 - [TEST_STEP][PASSED] - Statement - For ([g = 1, g <= BatchNumber - 1, (g++)]): null

2018-06-10 19:42:00 - [TEST_STEP][PASSED] - selectOptionByIndex: All options with index in [1] are selected on object 'Object Repository/Emergency/Page_Store/select_--Select--BA1150BA4110'

2018-06-10 19:42:00 - [MESSAGE][PASSED] - All options with index in [1] are selected on object 'Object Repository/Emergency/Page_Store/select_--Select--BA1150BA4110'

2018-06-10 19:42:00 - [TEST_STEP][PASSED] - delay: Delayed 2 second(s)

2018-06-10 19:42:02 - [MESSAGE][PASSED] - Delayed 2 second(s)

2018-06-10 19:42:02 - [TEST_STEP][PASSED] - Statement - Try: null

2018-06-10 19:42:02 - [TEST_STEP][PASSED] - Statement - StockQty = com.kms.katalon.core.webui.keyword.WebUiBuiltInKeywords.getAttribute(com.kms.katalon.core.testobject.ObjectRepository.findTestObject(Emergency/Page_Store/input_txtprice), "value"): Attribute 'value' of object 'Object Repository/Emergency/Page_Store/input_txtprice' is: '230'

2018-06-10 19:42:02 - [MESSAGE][PASSED] - Attribute 'value' of object 'Object Repository/Emergency/Page_Store/input_txtprice' is: '230'

2018-06-10 19:42:02 - [TEST_STEP][PASSED] - Statement - out.println("Stock QTY : " + StockQty): null

2018-06-10 19:42:02 - [TEST_STEP][PASSED] - delay: Delayed 2 second(s)

2018-06-10 19:42:04 - [MESSAGE][PASSED] - Delayed 2 second(s)

2018-06-10 19:42:04 - [TEST_STEP][PASSED] - Statement - If (java.lang.Integer.valueOf(StockQty) >= java.lang.Integer.valueOf(RequestedQty)): null

2018-06-10 19:42:04 - [TEST_STEP][PASSED] - delay: Delayed 1 second(s)

2018-06-10 19:42:05 - [MESSAGE][PASSED] - Delayed 1 second(s)

2018-06-10 19:42:05 - [TEST_STEP][PASSED] - setText: Text '10' is set on object 'Object Repository/Emergency/Page_Store/input_txtqty'

2018-06-10 19:42:05 - [MESSAGE][PASSED] - Text '10' is set on object 'Object Repository/Emergency/Page_Store/input_txtqty'

2018-06-10 19:42:05 - [TEST_STEP][PASSED] - click: Object: 'Object Repository/Emergency/Page_Store/button_Add' is clicked on

2018-06-10 19:42:05 - [MESSAGE][PASSED] - Object: 'Object Repository/Emergency/Page_Store/button_Add' is clicked on

2018-06-10 19:42:05 - [TEST_STEP][PASSED] - Statement - Break: null

2018-06-10 19:42:05 - [TEST_STEP][PASSED] - selectOptionByIndex: All options with index in [9] are selected on object 'Object Repository/Emergency/Page_Store/select_--Select--Amikacin -500'

2018-06-10 19:42:06 - [MESSAGE][PASSED] - All options with index in [9] are selected on object 'Object Repository/Emergency/Page_Store/select_--Select--Amikacin -500'

2018-06-10 19:42:06 - [TEST_STEP][PASSED] - delay: Delayed 1 second(s)

2018-06-10 19:42:07 - [MESSAGE][PASSED] - Delayed 1 second(s)

2018-06-10 19:42:07 - [TEST_STEP][PASSED] - Statement - RequestedQty = com.kms.katalon.core.webui.keyword.WebUiBuiltInKeywords.getAttribute(com.kms.katalon.core.testobject.ObjectRepository.findTestObject(Emergency/Page_Store/input_txttotal), "value"): Attribute 'value' of object 'Object Repository/Emergency/Page_Store/input_txttotal' is: '10'

2018-06-10 19:42:07 - [MESSAGE][PASSED] - Attribute 'value' of object 'Object Repository/Emergency/Page_Store/input_txttotal' is: '10'

2018-06-10 19:42:07 - [TEST_STEP][PASSED] - Statement - out.println("Requested QTY : " + RequestedQty): null

2018-06-10 19:42:07 - [TEST_STEP][PASSED] - Statement - BatchNumber = com.kms.katalon.core.webui.keyword.WebUiBuiltInKeywords.getNumberOfTotalOption(com.kms.katalon.core.testobject.ObjectRepository.findTestObject(Emergency/Page_Store/select_--Select--BA1150BA4110)): 4 options of object 'Object Repository/Emergency/Page_Store/select_--Select--BA1150BA4110' counted

2018-06-10 19:42:07 - [MESSAGE][PASSED] - 4 options of object 'Object Repository/Emergency/Page_Store/select_--Select--BA1150BA4110' counted

2018-06-10 19:42:07 - [TEST_STEP][PASSED] - Statement - For ([g = 1, g <= BatchNumber - 1, (g++)]): null

2018-06-10 19:42:07 - [TEST_STEP][PASSED] - selectOptionByIndex: All options with index in [1] are selected on object 'Object Repository/Emergency/Page_Store/select_--Select--BA1150BA4110'

2018-06-10 19:42:07 - [MESSAGE][PASSED] - All options with index in [1] are selected on object 'Object Repository/Emergency/Page_Store/select_--Select--BA1150BA4110'

2018-06-10 19:42:07 - [TEST_STEP][PASSED] - delay: Delayed 2 second(s)

2018-06-10 19:42:09 - [MESSAGE][PASSED] - Delayed 2 second(s)

2018-06-10 19:42:09 - [TEST_STEP][PASSED] - Statement - Try: null

2018-06-10 19:42:09 - [TEST_STEP][PASSED] - Statement - StockQty = com.kms.katalon.core.webui.keyword.WebUiBuiltInKeywords.getAttribute(com.kms.katalon.core.testobject.ObjectRepository.findTestObject(Emergency/Page_Store/input_txtprice), "value"): Attribute 'value' of object 'Object Repository/Emergency/Page_Store/input_txtprice' is: '640'

2018-06-10 19:42:09 - [MESSAGE][PASSED] - Attribute 'value' of object 'Object Repository/Emergency/Page_Store/input_txtprice' is: '640'

2018-06-10 19:42:09 - [TEST_STEP][PASSED] - Statement - out.println("Stock QTY : " + StockQty): null

2018-06-10 19:42:09 - [TEST_STEP][PASSED] - delay: Delayed 2 second(s)

2018-06-10 19:42:11 - [MESSAGE][PASSED] - Delayed 2 second(s)

2018-06-10 19:42:11 - [TEST_STEP][PASSED] - Statement - If (java.lang.Integer.valueOf(StockQty) >= java.lang.Integer.valueOf(RequestedQty)): null

2018-06-10 19:42:11 - [TEST_STEP][PASSED] - delay: Delayed 1 second(s)

2018-06-10 19:42:12 - [MESSAGE][PASSED] - Delayed 1 second(s)

2018-06-10 19:42:12 - [TEST_STEP][PASSED] - setText: Text '10' is set on object 'Object Repository/Emergency/Page_Store/input_txtqty'

2018-06-10 19:42:12 - [MESSAGE][PASSED] - Text '10' is set on object 'Object Repository/Emergency/Page_Store/input_txtqty'

2018-06-10 19:42:12 - [TEST_STEP][PASSED] - click: Object: 'Object Repository/Emergency/Page_Store/button_Add' is clicked on

2018-06-10 19:42:12 - [MESSAGE][PASSED] - Object: 'Object Repository/Emergency/Page_Store/button_Add' is clicked on

2018-06-10 19:42:12 - [TEST_STEP][PASSED] - Statement - Break: null

2018-06-10 19:42:12 - [TEST_STEP][PASSED] - selectOptionByIndex: All options with index in [10] are selected on object 'Object Repository/Emergency/Page_Store/select_--Select--Amikacin -500'

2018-06-10 19:42:12 - [MESSAGE][PASSED] - All options with index in [10] are selected on object 'Object Repository/Emergency/Page_Store/select_--Select--Amikacin -500'

2018-06-10 19:42:12 - [TEST_STEP][PASSED] - delay: Delayed 1 second(s)

2018-06-10 19:42:13 - [MESSAGE][PASSED] - Delayed 1 second(s)

2018-06-10 19:42:13 - [TEST_STEP][PASSED] - Statement - RequestedQty = com.kms.katalon.core.webui.keyword.WebUiBuiltInKeywords.getAttribute(com.kms.katalon.core.testobject.ObjectRepository.findTestObject(Emergency/Page_Store/input_txttotal), "value"): Attribute 'value' of object 'Object Repository/Emergency/Page_Store/input_txttotal' is: '10'

2018-06-10 19:42:13 - [MESSAGE][PASSED] - Attribute 'value' of object 'Object Repository/Emergency/Page_Store/input_txttotal' is: '10'

2018-06-10 19:42:13 - [TEST_STEP][PASSED] - Statement - out.println("Requested QTY : " + RequestedQty): null

2018-06-10 19:42:13 - [TEST_STEP][PASSED] - Statement - BatchNumber = com.kms.katalon.core.webui.keyword.WebUiBuiltInKeywords.getNumberOfTotalOption(com.kms.katalon.core.testobject.ObjectRepository.findTestObject(Emergency/Page_Store/select_--Select--BA1150BA4110)): 5 options of object 'Object Repository/Emergency/Page_Store/select_--Select--BA1150BA4110' counted

2018-06-10 19:42:13 - [MESSAGE][PASSED] - 5 options of object 'Object Repository/Emergency/Page_Store/select_--Select--BA1150BA4110' counted

2018-06-10 19:42:13 - [TEST_STEP][PASSED] - Statement - For ([g = 1, g <= BatchNumber - 1, (g++)]): null

2018-06-10 19:42:13 - [TEST_STEP][PASSED] - selectOptionByIndex: All options with index in [1] are selected on object 'Object Repository/Emergency/Page_Store/select_--Select--BA1150BA4110'

2018-06-10 19:42:14 - [MESSAGE][PASSED] - All options with index in [1] are selected on object 'Object Repository/Emergency/Page_Store/select_--Select--BA1150BA4110'

2018-06-10 19:42:14 - [TEST_STEP][PASSED] - delay: Delayed 2 second(s)

2018-06-10 19:42:16 - [MESSAGE][PASSED] - Delayed 2 second(s)

2018-06-10 19:42:16 - [TEST_STEP][PASSED] - Statement - Try: null

2018-06-10 19:42:16 - [TEST_STEP][PASSED] - Statement - StockQty = com.kms.katalon.core.webui.keyword.WebUiBuiltInKeywords.getAttribute(com.kms.katalon.core.testobject.ObjectRepository.findTestObject(Emergency/Page_Store/input_txtprice), "value"): Attribute 'value' of object 'Object Repository/Emergency/Page_Store/input_txtprice' is: '240'

2018-06-10 19:42:16 - [MESSAGE][PASSED] - Attribute 'value' of object 'Object Repository/Emergency/Page_Store/input_txtprice' is: '240'

2018-06-10 19:42:16 - [TEST_STEP][PASSED] - Statement - out.println("Stock QTY : " + StockQty): null

2018-06-10 19:42:16 - [TEST_STEP][PASSED] - delay: Delayed 2 second(s)

2018-06-10 19:42:18 - [MESSAGE][PASSED] - Delayed 2 second(s)

2018-06-10 19:42:18 - [TEST_STEP][PASSED] - Statement - If (java.lang.Integer.valueOf(StockQty) >= java.lang.Integer.valueOf(RequestedQty)): null

2018-06-10 19:42:18 - [TEST_STEP][PASSED] - delay: Delayed 1 second(s)

2018-06-10 19:42:19 - [MESSAGE][PASSED] - Delayed 1 second(s)

2018-06-10 19:42:19 - [TEST_STEP][PASSED] - setText: Text '10' is set on object 'Object Repository/Emergency/Page_Store/input_txtqty'

2018-06-10 19:42:19 - [MESSAGE][PASSED] - Text '10' is set on object 'Object Repository/Emergency/Page_Store/input_txtqty'

2018-06-10 19:42:19 - [TEST_STEP][PASSED] - click: Object: 'Object Repository/Emergency/Page_Store/button_Add' is clicked on

2018-06-10 19:42:19 - [MESSAGE][PASSED] - Object: 'Object Repository/Emergency/Page_Store/button_Add' is clicked on

2018-06-10 19:42:19 - [TEST_STEP][PASSED] - Statement - Break: null

2018-06-10 19:42:19 - [TEST_STEP][PASSED] - selectOptionByIndex: All options with index in [11] are selected on object 'Object Repository/Emergency/Page_Store/select_--Select--Amikacin -500'

2018-06-10 19:42:19 - [MESSAGE][PASSED] - All options with index in [11] are selected on object 'Object Repository/Emergency/Page_Store/select_--Select--Amikacin -500'

2018-06-10 19:42:19 - [TEST_STEP][PASSED] - delay: Delayed 1 second(s)

2018-06-10 19:42:20 - [MESSAGE][PASSED] - Delayed 1 second(s)

2018-06-10 19:42:20 - [TEST_STEP][PASSED] - Statement - RequestedQty = com.kms.katalon.core.webui.keyword.WebUiBuiltInKeywords.getAttribute(com.kms.katalon.core.testobject.ObjectRepository.findTestObject(Emergency/Page_Store/input_txttotal), "value"): Attribute 'value' of object 'Object Repository/Emergency/Page_Store/input_txttotal' is: '10'

2018-06-10 19:42:20 - [MESSAGE][PASSED] - Attribute 'value' of object 'Object Repository/Emergency/Page_Store/input_txttotal' is: '10'

2018-06-10 19:42:20 - [TEST_STEP][PASSED] - Statement - out.println("Requested QTY : " + RequestedQty): null

2018-06-10 19:42:20 - [TEST_STEP][PASSED] - Statement - BatchNumber = com.kms.katalon.core.webui.keyword.WebUiBuiltInKeywords.getNumberOfTotalOption(com.kms.katalon.core.testobject.ObjectRepository.findTestObject(Emergency/Page_Store/select_--Select--BA1150BA4110)): 5 options of object 'Object Repository/Emergency/Page_Store/select_--Select--BA1150BA4110' counted

2018-06-10 19:42:20 - [MESSAGE][PASSED] - 5 options of object 'Object Repository/Emergency/Page_Store/select_--Select--BA1150BA4110' counted

2018-06-10 19:42:20 - [TEST_STEP][PASSED] - Statement - For ([g = 1, g <= BatchNumber - 1, (g++)]): null

2018-06-10 19:42:20 - [TEST_STEP][PASSED] - selectOptionByIndex: All options with index in [1] are selected on object 'Object Repository/Emergency/Page_Store/select_--Select--BA1150BA4110'

2018-06-10 19:42:20 - [MESSAGE][PASSED] - All options with index in [1] are selected on object 'Object Repository/Emergency/Page_Store/select_--Select--BA1150BA4110'

2018-06-10 19:42:20 - [TEST_STEP][PASSED] - delay: Delayed 2 second(s)

2018-06-10 19:42:22 - [MESSAGE][PASSED] - Delayed 2 second(s)

2018-06-10 19:42:22 - [TEST_STEP][PASSED] - Statement - Try: null

2018-06-10 19:42:22 - [TEST_STEP][PASSED] - Statement - StockQty = com.kms.katalon.core.webui.keyword.WebUiBuiltInKeywords.getAttribute(com.kms.katalon.core.testobject.ObjectRepository.findTestObject(Emergency/Page_Store/input_txtprice), "value"): Attribute 'value' of object 'Object Repository/Emergency/Page_Store/input_txtprice' is: '70'

2018-06-10 19:42:22 - [MESSAGE][PASSED] - Attribute 'value' of object 'Object Repository/Emergency/Page_Store/input_txtprice' is: '70'

2018-06-10 19:42:22 - [TEST_STEP][PASSED] - Statement - out.println("Stock QTY : " + StockQty): null

2018-06-10 19:42:22 - [TEST_STEP][PASSED] - delay: Delayed 2 second(s)

2018-06-10 19:42:24 - [MESSAGE][PASSED] - Delayed 2 second(s)

2018-06-10 19:42:24 - [TEST_STEP][PASSED] - Statement - If (java.lang.Integer.valueOf(StockQty) >= java.lang.Integer.valueOf(RequestedQty)): null

2018-06-10 19:42:24 - [TEST_STEP][PASSED] - delay: Delayed 1 second(s)

2018-06-10 19:42:25 - [MESSAGE][PASSED] - Delayed 1 second(s)

2018-06-10 19:42:25 - [TEST_STEP][PASSED] - setText: Text '10' is set on object 'Object Repository/Emergency/Page_Store/input_txtqty'

2018-06-10 19:42:25 - [MESSAGE][PASSED] - Text '10' is set on object 'Object Repository/Emergency/Page_Store/input_txtqty'

2018-06-10 19:42:25 - [TEST_STEP][PASSED] - click: Object: 'Object Repository/Emergency/Page_Store/button_Add' is clicked on

2018-06-10 19:42:25 - [MESSAGE][PASSED] - Object: 'Object Repository/Emergency/Page_Store/button_Add' is clicked on

2018-06-10 19:42:25 - [TEST_STEP][PASSED] - Statement - Break: null

2018-06-10 19:42:25 - [TEST_STEP][PASSED] - selectOptionByIndex: All options with index in [12] are selected on object 'Object Repository/Emergency/Page_Store/select_--Select--Amikacin -500'

2018-06-10 19:42:26 - [MESSAGE][PASSED] - All options with index in [12] are selected on object 'Object Repository/Emergency/Page_Store/select_--Select--Amikacin -500'

2018-06-10 19:42:26 - [TEST_STEP][PASSED] - delay: Delayed 1 second(s)

2018-06-10 19:42:27 - [MESSAGE][PASSED] - Delayed 1 second(s)

2018-06-10 19:42:27 - [TEST_STEP][PASSED] - Statement - RequestedQty = com.kms.katalon.core.webui.keyword.WebUiBuiltInKeywords.getAttribute(com.kms.katalon.core.testobject.ObjectRepository.findTestObject(Emergency/Page_Store/input_txttotal), "value"): Attribute 'value' of object 'Object Repository/Emergency/Page_Store/input_txttotal' is: '10'

2018-06-10 19:42:27 - [MESSAGE][PASSED] - Attribute 'value' of object 'Object Repository/Emergency/Page_Store/input_txttotal' is: '10'

2018-06-10 19:42:27 - [TEST_STEP][PASSED] - Statement - out.println("Requested QTY : " + RequestedQty): null

2018-06-10 19:42:27 - [TEST_STEP][PASSED] - Statement - BatchNumber = com.kms.katalon.core.webui.keyword.WebUiBuiltInKeywords.getNumberOfTotalOption(com.kms.katalon.core.testobject.ObjectRepository.findTestObject(Emergency/Page_Store/select_--Select--BA1150BA4110)): 3 options of object 'Object Repository/Emergency/Page_Store/select_--Select--BA1150BA4110' counted

2018-06-10 19:42:27 - [MESSAGE][PASSED] - 3 options of object 'Object Repository/Emergency/Page_Store/select_--Select--BA1150BA4110' counted

2018-06-10 19:42:27 - [TEST_STEP][PASSED] - Statement - For ([g = 1, g <= BatchNumber - 1, (g++)]): null

2018-06-10 19:42:27 - [TEST_STEP][PASSED] - selectOptionByIndex: All options with index in [1] are selected on object 'Object Repository/Emergency/Page_Store/select_--Select--BA1150BA4110'

2018-06-10 19:42:27 - [MESSAGE][PASSED] - All options with index in [1] are selected on object 'Object Repository/Emergency/Page_Store/select_--Select--BA1150BA4110'

2018-06-10 19:42:27 - [TEST_STEP][PASSED] - delay: Delayed 2 second(s)

2018-06-10 19:42:29 - [MESSAGE][PASSED] - Delayed 2 second(s)

2018-06-10 19:42:29 - [TEST_STEP][PASSED] - Statement - Try: null

2018-06-10 19:42:29 - [TEST_STEP][PASSED] - Statement - StockQty = com.kms.katalon.core.webui.keyword.WebUiBuiltInKeywords.getAttribute(com.kms.katalon.core.testobject.ObjectRepository.findTestObject(Emergency/Page_Store/input_txtprice), "value"): Attribute 'value' of object 'Object Repository/Emergency/Page_Store/input_txtprice' is: '1670'

2018-06-10 19:42:29 - [MESSAGE][PASSED] - Attribute 'value' of object 'Object Repository/Emergency/Page_Store/input_txtprice' is: '1670'

2018-06-10 19:42:29 - [TEST_STEP][PASSED] - Statement - out.println("Stock QTY : " + StockQty): null

2018-06-10 19:42:29 - [TEST_STEP][PASSED] - delay: Delayed 2 second(s)

2018-06-10 19:42:31 - [MESSAGE][PASSED] - Delayed 2 second(s)

2018-06-10 19:42:31 - [TEST_STEP][PASSED] - Statement - If (java.lang.Integer.valueOf(StockQty) >= java.lang.Integer.valueOf(RequestedQty)): null

2018-06-10 19:42:31 - [TEST_STEP][PASSED] - delay: Delayed 1 second(s)

2018-06-10 19:42:32 - [MESSAGE][PASSED] - Delayed 1 second(s)

2018-06-10 19:42:32 - [TEST_STEP][PASSED] - setText: Text '10' is set on object 'Object Repository/Emergency/Page_Store/input_txtqty'

2018-06-10 19:42:32 - [MESSAGE][PASSED] - Text '10' is set on object 'Object Repository/Emergency/Page_Store/input_txtqty'

2018-06-10 19:42:32 - [TEST_STEP][PASSED] - click: Object: 'Object Repository/Emergency/Page_Store/button_Add' is clicked on

2018-06-10 19:42:32 - [MESSAGE][PASSED] - Object: 'Object Repository/Emergency/Page_Store/button_Add' is clicked on

2018-06-10 19:42:32 - [TEST_STEP][PASSED] - Statement - Break: null

2018-06-10 19:42:32 - [TEST_STEP][PASSED] - selectOptionByIndex: All options with index in [13] are selected on object 'Object Repository/Emergency/Page_Store/select_--Select--Amikacin -500'

2018-06-10 19:42:32 - [MESSAGE][PASSED] - All options with index in [13] are selected on object 'Object Repository/Emergency/Page_Store/select_--Select--Amikacin -500'

2018-06-10 19:42:32 - [TEST_STEP][PASSED] - delay: Delayed 1 second(s)

2018-06-10 19:42:33 - [MESSAGE][PASSED] - Delayed 1 second(s)

2018-06-10 19:42:33 - [TEST_STEP][PASSED] - Statement - RequestedQty = com.kms.katalon.core.webui.keyword.WebUiBuiltInKeywords.getAttribute(com.kms.katalon.core.testobject.ObjectRepository.findTestObject(Emergency/Page_Store/input_txttotal), "value"): Attribute 'value' of object 'Object Repository/Emergency/Page_Store/input_txttotal' is: '10'

2018-06-10 19:42:33 - [MESSAGE][PASSED] - Attribute 'value' of object 'Object Repository/Emergency/Page_Store/input_txttotal' is: '10'

2018-06-10 19:42:33 - [TEST_STEP][PASSED] - Statement - out.println("Requested QTY : " + RequestedQty): null

2018-06-10 19:42:33 - [TEST_STEP][PASSED] - Statement - BatchNumber = com.kms.katalon.core.webui.keyword.WebUiBuiltInKeywords.getNumberOfTotalOption(com.kms.katalon.core.testobject.ObjectRepository.findTestObject(Emergency/Page_Store/select_--Select--BA1150BA4110)): 4 options of object 'Object Repository/Emergency/Page_Store/select_--Select--BA1150BA4110' counted

2018-06-10 19:42:33 - [MESSAGE][PASSED] - 4 options of object 'Object Repository/Emergency/Page_Store/select_--Select--BA1150BA4110' counted

2018-06-10 19:42:33 - [TEST_STEP][PASSED] - Statement - For ([g = 1, g <= BatchNumber - 1, (g++)]): null

2018-06-10 19:42:33 - [TEST_STEP][PASSED] - selectOptionByIndex: All options with index in [1] are selected on object 'Object Repository/Emergency/Page_Store/select_--Select--BA1150BA4110'

2018-06-10 19:42:33 - [MESSAGE][PASSED] - All options with index in [1] are selected on object 'Object Repository/Emergency/Page_Store/select_--Select--BA1150BA4110'

2018-06-10 19:42:33 - [TEST_STEP][PASSED] - delay: Delayed 2 second(s)

2018-06-10 19:42:35 - [MESSAGE][PASSED] - Delayed 2 second(s)

2018-06-10 19:42:35 - [TEST_STEP][PASSED] - Statement - Try: null

2018-06-10 19:42:35 - [TEST_STEP][PASSED] - Statement - StockQty = com.kms.katalon.core.webui.keyword.WebUiBuiltInKeywords.getAttribute(com.kms.katalon.core.testobject.ObjectRepository.findTestObject(Emergency/Page_Store/input_txtprice), "value"): Attribute 'value' of object 'Object Repository/Emergency/Page_Store/input_txtprice' is: '640'

2018-06-10 19:42:36 - [MESSAGE][PASSED] - Attribute 'value' of object 'Object Repository/Emergency/Page_Store/input_txtprice' is: '640'

2018-06-10 19:42:36 - [TEST_STEP][PASSED] - Statement - out.println("Stock QTY : " + StockQty): null

2018-06-10 19:42:36 - [TEST_STEP][PASSED] - delay: Delayed 2 second(s)

2018-06-10 19:42:38 - [MESSAGE][PASSED] - Delayed 2 second(s)

2018-06-10 19:42:38 - [TEST_STEP][PASSED] - Statement - If (java.lang.Integer.valueOf(StockQty) >= java.lang.Integer.valueOf(RequestedQty)): null

2018-06-10 19:42:38 - [TEST_STEP][PASSED] - delay: Delayed 1 second(s)

2018-06-10 19:42:39 - [MESSAGE][PASSED] - Delayed 1 second(s)

2018-06-10 19:42:39 - [TEST_STEP][PASSED] - setText: Text '10' is set on object 'Object Repository/Emergency/Page_Store/input_txtqty'

2018-06-10 19:42:39 - [MESSAGE][PASSED] - Text '10' is set on object 'Object Repository/Emergency/Page_Store/input_txtqty'

2018-06-10 19:42:39 - [TEST_STEP][PASSED] - click: Object: 'Object Repository/Emergency/Page_Store/button_Add' is clicked on

2018-06-10 19:42:39 - [MESSAGE][PASSED] - Object: 'Object Repository/Emergency/Page_Store/button_Add' is clicked on

2018-06-10 19:42:39 - [TEST_STEP][PASSED] - Statement - Break: null

2018-06-10 19:42:39 - [TEST_STEP][PASSED] - selectOptionByIndex: All options with index in [14] are selected on object 'Object Repository/Emergency/Page_Store/select_--Select--Amikacin -500'

2018-06-10 19:42:39 - [MESSAGE][PASSED] - All options with index in [14] are selected on object 'Object Repository/Emergency/Page_Store/select_--Select--Amikacin -500'

2018-06-10 19:42:39 - [TEST_STEP][PASSED] - delay: Delayed 1 second(s)

2018-06-10 19:42:40 - [MESSAGE][PASSED] - Delayed 1 second(s)

2018-06-10 19:42:40 - [TEST_STEP][PASSED] - Statement - RequestedQty = com.kms.katalon.core.webui.keyword.WebUiBuiltInKeywords.getAttribute(com.kms.katalon.core.testobject.ObjectRepository.findTestObject(Emergency/Page_Store/input_txttotal), "value"): Attribute 'value' of object 'Object Repository/Emergency/Page_Store/input_txttotal' is: '10'

2018-06-10 19:42:40 - [MESSAGE][PASSED] - Attribute 'value' of object 'Object Repository/Emergency/Page_Store/input_txttotal' is: '10'

2018-06-10 19:42:40 - [TEST_STEP][PASSED] - Statement - out.println("Requested QTY : " + RequestedQty): null

2018-06-10 19:42:40 - [TEST_STEP][PASSED] - Statement - BatchNumber = com.kms.katalon.core.webui.keyword.WebUiBuiltInKeywords.getNumberOfTotalOption(com.kms.katalon.core.testobject.ObjectRepository.findTestObject(Emergency/Page_Store/select_--Select--BA1150BA4110)): 5 options of object 'Object Repository/Emergency/Page_Store/select_--Select--BA1150BA4110' counted

2018-06-10 19:42:40 - [MESSAGE][PASSED] - 5 options of object 'Object Repository/Emergency/Page_Store/select_--Select--BA1150BA4110' counted

2018-06-10 19:42:40 - [TEST_STEP][PASSED] - Statement - For ([g = 1, g <= BatchNumber - 1, (g++)]): null

2018-06-10 19:42:40 - [TEST_STEP][PASSED] - selectOptionByIndex: All options with index in [1] are selected on object 'Object Repository/Emergency/Page_Store/select_--Select--BA1150BA4110'

2018-06-10 19:42:40 - [MESSAGE][PASSED] - All options with index in [1] are selected on object 'Object Repository/Emergency/Page_Store/select_--Select--BA1150BA4110'

2018-06-10 19:42:40 - [TEST_STEP][PASSED] - delay: Delayed 2 second(s)

2018-06-10 19:42:42 - [MESSAGE][PASSED] - Delayed 2 second(s)

2018-06-10 19:42:42 - [TEST_STEP][PASSED] - Statement - Try: null

2018-06-10 19:42:42 - [TEST_STEP][PASSED] - Statement - StockQty = com.kms.katalon.core.webui.keyword.WebUiBuiltInKeywords.getAttribute(com.kms.katalon.core.testobject.ObjectRepository.findTestObject(Emergency/Page_Store/input_txtprice), "value"): Attribute 'value' of object 'Object Repository/Emergency/Page_Store/input_txtprice' is: '230'

2018-06-10 19:42:42 - [MESSAGE][PASSED] - Attribute 'value' of object 'Object Repository/Emergency/Page_Store/input_txtprice' is: '230'

2018-06-10 19:42:42 - [TEST_STEP][PASSED] - Statement - out.println("Stock QTY : " + StockQty): null

2018-06-10 19:42:42 - [TEST_STEP][PASSED] - delay: Delayed 2 second(s)

2018-06-10 19:42:44 - [MESSAGE][PASSED] - Delayed 2 second(s)

2018-06-10 19:42:44 - [TEST_STEP][PASSED] - Statement - If (java.lang.Integer.valueOf(StockQty) >= java.lang.Integer.valueOf(RequestedQty)): null

2018-06-10 19:42:44 - [TEST_STEP][PASSED] - delay: Delayed 1 second(s)

2018-06-10 19:42:45 - [MESSAGE][PASSED] - Delayed 1 second(s)

2018-06-10 19:42:45 - [TEST_STEP][PASSED] - setText: Text '10' is set on object 'Object Repository/Emergency/Page_Store/input_txtqty'

2018-06-10 19:42:45 - [MESSAGE][PASSED] - Text '10' is set on object 'Object Repository/Emergency/Page_Store/input_txtqty'

2018-06-10 19:42:45 - [TEST_STEP][PASSED] - click: Object: 'Object Repository/Emergency/Page_Store/button_Add' is clicked on

2018-06-10 19:42:45 - [MESSAGE][PASSED] - Object: 'Object Repository/Emergency/Page_Store/button_Add' is clicked on

2018-06-10 19:42:45 - [TEST_STEP][PASSED] - Statement - Break: null

2018-06-10 19:42:45 - [TEST_STEP][PASSED] - selectOptionByIndex: All options with index in [15] are selected on object 'Object Repository/Emergency/Page_Store/select_--Select--Amikacin -500'

2018-06-10 19:42:46 - [MESSAGE][PASSED] - All options with index in [15] are selected on object 'Object Repository/Emergency/Page_Store/select_--Select--Amikacin -500'

2018-06-10 19:42:46 - [TEST_STEP][PASSED] - delay: Delayed 1 second(s)

2018-06-10 19:42:47 - [MESSAGE][PASSED] - Delayed 1 second(s)

2018-06-10 19:42:47 - [TEST_STEP][PASSED] - Statement - RequestedQty = com.kms.katalon.core.webui.keyword.WebUiBuiltInKeywords.getAttribute(com.kms.katalon.core.testobject.ObjectRepository.findTestObject(Emergency/Page_Store/input_txttotal), "value"): Attribute 'value' of object 'Object Repository/Emergency/Page_Store/input_txttotal' is: '10'

2018-06-10 19:42:47 - [MESSAGE][PASSED] - Attribute 'value' of object 'Object Repository/Emergency/Page_Store/input_txttotal' is: '10'

2018-06-10 19:42:47 - [TEST_STEP][PASSED] - Statement - out.println("Requested QTY : " + RequestedQty): null

2018-06-10 19:42:47 - [TEST_STEP][PASSED] - Statement - BatchNumber = com.kms.katalon.core.webui.keyword.WebUiBuiltInKeywords.getNumberOfTotalOption(com.kms.katalon.core.testobject.ObjectRepository.findTestObject(Emergency/Page_Store/select_--Select--BA1150BA4110)): 4 options of object 'Object Repository/Emergency/Page_Store/select_--Select--BA1150BA4110' counted

2018-06-10 19:42:47 - [MESSAGE][PASSED] - 4 options of object 'Object Repository/Emergency/Page_Store/select_--Select--BA1150BA4110' counted

2018-06-10 19:42:47 - [TEST_STEP][PASSED] - Statement - For ([g = 1, g <= BatchNumber - 1, (g++)]): null

2018-06-10 19:42:47 - [TEST_STEP][PASSED] - selectOptionByIndex: All options with index in [1] are selected on object 'Object Repository/Emergency/Page_Store/select_--Select--BA1150BA4110'

2018-06-10 19:42:47 - [MESSAGE][PASSED] - All options with index in [1] are selected on object 'Object Repository/Emergency/Page_Store/select_--Select--BA1150BA4110'

2018-06-10 19:42:47 - [TEST_STEP][PASSED] - delay: Delayed 2 second(s)

2018-06-10 19:42:49 - [MESSAGE][PASSED] - Delayed 2 second(s)

2018-06-10 19:42:49 - [TEST_STEP][PASSED] - Statement - Try: null

2018-06-10 19:42:49 - [TEST_STEP][PASSED] - Statement - StockQty = com.kms.katalon.core.webui.keyword.WebUiBuiltInKeywords.getAttribute(com.kms.katalon.core.testobject.ObjectRepository.findTestObject(Emergency/Page_Store/input_txtprice), "value"): Attribute 'value' of object 'Object Repository/Emergency/Page_Store/input_txtprice' is: '630'

2018-06-10 19:42:49 - [MESSAGE][PASSED] - Attribute 'value' of object 'Object Repository/Emergency/Page_Store/input_txtprice' is: '630'

2018-06-10 19:42:49 - [TEST_STEP][PASSED] - Statement - out.println("Stock QTY : " + StockQty): null

2018-06-10 19:42:49 - [TEST_STEP][PASSED] - delay: Delayed 2 second(s)

2018-06-10 19:42:51 - [MESSAGE][PASSED] - Delayed 2 second(s)

2018-06-10 19:42:51 - [TEST_STEP][PASSED] - Statement - If (java.lang.Integer.valueOf(StockQty) >= java.lang.Integer.valueOf(RequestedQty)): null

2018-06-10 19:42:51 - [TEST_STEP][PASSED] - delay: Delayed 1 second(s)

2018-06-10 19:42:52 - [MESSAGE][PASSED] - Delayed 1 second(s)

2018-06-10 19:42:52 - [TEST_STEP][PASSED] - setText: Text '10' is set on object 'Object Repository/Emergency/Page_Store/input_txtqty'

2018-06-10 19:42:52 - [MESSAGE][PASSED] - Text '10' is set on object 'Object Repository/Emergency/Page_Store/input_txtqty'

2018-06-10 19:42:52 - [TEST_STEP][PASSED] - click: Object: 'Object Repository/Emergency/Page_Store/button_Add' is clicked on

2018-06-10 19:42:52 - [MESSAGE][PASSED] - Object: 'Object Repository/Emergency/Page_Store/button_Add' is clicked on

2018-06-10 19:42:52 - [TEST_STEP][PASSED] - Statement - Break: null

2018-06-10 19:42:52 - [TEST_STEP][PASSED] - selectOptionByIndex: All options with index in [16] are selected on object 'Object Repository/Emergency/Page_Store/select_--Select--Amikacin -500'

2018-06-10 19:42:52 - [MESSAGE][PASSED] - All options with index in [16] are selected on object 'Object Repository/Emergency/Page_Store/select_--Select--Amikacin -500'

2018-06-10 19:42:52 - [TEST_STEP][PASSED] - delay: Delayed 1 second(s)

2018-06-10 19:42:53 - [MESSAGE][PASSED] - Delayed 1 second(s)

2018-06-10 19:42:53 - [TEST_STEP][PASSED] - Statement - RequestedQty = com.kms.katalon.core.webui.keyword.WebUiBuiltInKeywords.getAttribute(com.kms.katalon.core.testobject.ObjectRepository.findTestObject(Emergency/Page_Store/input_txttotal), "value"): Attribute 'value' of object 'Object Repository/Emergency/Page_Store/input_txttotal' is: '10'

2018-06-10 19:42:53 - [MESSAGE][PASSED] - Attribute 'value' of object 'Object Repository/Emergency/Page_Store/input_txttotal' is: '10'

2018-06-10 19:42:53 - [TEST_STEP][PASSED] - Statement - out.println("Requested QTY : " + RequestedQty): null

2018-06-10 19:42:53 - [TEST_STEP][PASSED] - Statement - BatchNumber = com.kms.katalon.core.webui.keyword.WebUiBuiltInKeywords.getNumberOfTotalOption(com.kms.katalon.core.testobject.ObjectRepository.findTestObject(Emergency/Page_Store/select_--Select--BA1150BA4110)): 3 options of object 'Object Repository/Emergency/Page_Store/select_--Select--BA1150BA4110' counted

2018-06-10 19:42:53 - [MESSAGE][PASSED] - 3 options of object 'Object Repository/Emergency/Page_Store/select_--Select--BA1150BA4110' counted

2018-06-10 19:42:53 - [TEST_STEP][PASSED] - Statement - For ([g = 1, g <= BatchNumber - 1, (g++)]): null

2018-06-10 19:42:53 - [TEST_STEP][PASSED] - selectOptionByIndex: All options with index in [1] are selected on object 'Object Repository/Emergency/Page_Store/select_--Select--BA1150BA4110'

2018-06-10 19:42:54 - [MESSAGE][PASSED] - All options with index in [1] are selected on object 'Object Repository/Emergency/Page_Store/select_--Select--BA1150BA4110'

2018-06-10 19:42:54 - [TEST_STEP][PASSED] - delay: Delayed 2 second(s)

2018-06-10 19:42:56 - [MESSAGE][PASSED] - Delayed 2 second(s)

2018-06-10 19:42:56 - [TEST_STEP][PASSED] - Statement - Try: null

2018-06-10 19:42:56 - [TEST_STEP][PASSED] - Statement - StockQty = com.kms.katalon.core.webui.keyword.WebUiBuiltInKeywords.getAttribute(com.kms.katalon.core.testobject.ObjectRepository.findTestObject(Emergency/Page_Store/input_txtprice), "value"): Attribute 'value' of object 'Object Repository/Emergency/Page_Store/input_txtprice' is: '1700'

2018-06-10 19:42:56 - [MESSAGE][PASSED] - Attribute 'value' of object 'Object Repository/Emergency/Page_Store/input_txtprice' is: '1700'

2018-06-10 19:42:56 - [TEST_STEP][PASSED] - Statement - out.println("Stock QTY : " + StockQty): null

2018-06-10 19:42:56 - [TEST_STEP][PASSED] - delay: Delayed 2 second(s)

2018-06-10 19:42:58 - [MESSAGE][PASSED] - Delayed 2 second(s)

2018-06-10 19:42:58 - [TEST_STEP][PASSED] - Statement - If (java.lang.Integer.valueOf(StockQty) >= java.lang.Integer.valueOf(RequestedQty)): null

2018-06-10 19:42:58 - [TEST_STEP][PASSED] - delay: Delayed 1 second(s)

2018-06-10 19:42:59 - [MESSAGE][PASSED] - Delayed 1 second(s)

2018-06-10 19:42:59 - [TEST_STEP][PASSED] - setText: Text '10' is set on object 'Object Repository/Emergency/Page_Store/input_txtqty'

2018-06-10 19:42:59 - [MESSAGE][PASSED] - Text '10' is set on object 'Object Repository/Emergency/Page_Store/input_txtqty'

2018-06-10 19:42:59 - [TEST_STEP][PASSED] - click: Object: 'Object Repository/Emergency/Page_Store/button_Add' is clicked on

2018-06-10 19:42:59 - [MESSAGE][PASSED] - Object: 'Object Repository/Emergency/Page_Store/button_Add' is clicked on

2018-06-10 19:42:59 - [TEST_STEP][PASSED] - Statement - Break: null

2018-06-10 19:42:59 - [TEST_STEP][PASSED] - selectOptionByIndex: All options with index in [17] are selected on object 'Object Repository/Emergency/Page_Store/select_--Select--Amikacin -500'

2018-06-10 19:42:59 - [MESSAGE][PASSED] - All options with index in [17] are selected on object 'Object Repository/Emergency/Page_Store/select_--Select--Amikacin -500'

2018-06-10 19:42:59 - [TEST_STEP][PASSED] - delay: Delayed 1 second(s)

2018-06-10 19:43:00 - [MESSAGE][PASSED] - Delayed 1 second(s)

2018-06-10 19:43:00 - [TEST_STEP][PASSED] - Statement - RequestedQty = com.kms.katalon.core.webui.keyword.WebUiBuiltInKeywords.getAttribute(com.kms.katalon.core.testobject.ObjectRepository.findTestObject(Emergency/Page_Store/input_txttotal), "value"): Attribute 'value' of object 'Object Repository/Emergency/Page_Store/input_txttotal' is: '10'

2018-06-10 19:43:00 - [MESSAGE][PASSED] - Attribute 'value' of object 'Object Repository/Emergency/Page_Store/input_txttotal' is: '10'

2018-06-10 19:43:00 - [TEST_STEP][PASSED] - Statement - out.println("Requested QTY : " + RequestedQty): null

2018-06-10 19:43:00 - [TEST_STEP][PASSED] - Statement - BatchNumber = com.kms.katalon.core.webui.keyword.WebUiBuiltInKeywords.getNumberOfTotalOption(com.kms.katalon.core.testobject.ObjectRepository.findTestObject(Emergency/Page_Store/select_--Select--BA1150BA4110)): 4 options of object 'Object Repository/Emergency/Page_Store/select_--Select--BA1150BA4110' counted

2018-06-10 19:43:00 - [MESSAGE][PASSED] - 4 options of object 'Object Repository/Emergency/Page_Store/select_--Select--BA1150BA4110' counted

2018-06-10 19:43:00 - [TEST_STEP][PASSED] - Statement - For ([g = 1, g <= BatchNumber - 1, (g++)]): null

2018-06-10 19:43:00 - [TEST_STEP][PASSED] - selectOptionByIndex: All options with index in [1] are selected on object 'Object Repository/Emergency/Page_Store/select_--Select--BA1150BA4110'

2018-06-10 19:43:00 - [MESSAGE][PASSED] - All options with index in [1] are selected on object 'Object Repository/Emergency/Page_Store/select_--Select--BA1150BA4110'

2018-06-10 19:43:00 - [TEST_STEP][PASSED] - delay: Delayed 2 second(s)

2018-06-10 19:43:02 - [MESSAGE][PASSED] - Delayed 2 second(s)

2018-06-10 19:43:02 - [TEST_STEP][PASSED] - Statement - Try: null

2018-06-10 19:43:02 - [TEST_STEP][PASSED] - Statement - StockQty = com.kms.katalon.core.webui.keyword.WebUiBuiltInKeywords.getAttribute(com.kms.katalon.core.testobject.ObjectRepository.findTestObject(Emergency/Page_Store/input_txtprice), "value"): Attribute 'value' of object 'Object Repository/Emergency/Page_Store/input_txtprice' is: '640'

2018-06-10 19:43:02 - [MESSAGE][PASSED] - Attribute 'value' of object 'Object Repository/Emergency/Page_Store/input_txtprice' is: '640'

2018-06-10 19:43:02 - [TEST_STEP][PASSED] - Statement - out.println("Stock QTY : " + StockQty): null

2018-06-10 19:43:02 - [TEST_STEP][PASSED] - delay: Delayed 2 second(s)

2018-06-10 19:43:04 - [MESSAGE][PASSED] - Delayed 2 second(s)

2018-06-10 19:43:04 - [TEST_STEP][PASSED] - Statement - If (java.lang.Integer.valueOf(StockQty) >= java.lang.Integer.valueOf(RequestedQty)): null

2018-06-10 19:43:04 - [TEST_STEP][PASSED] - delay: Delayed 1 second(s)

2018-06-10 19:43:05 - [MESSAGE][PASSED] - Delayed 1 second(s)

2018-06-10 19:43:05 - [TEST_STEP][PASSED] - setText: Text '10' is set on object 'Object Repository/Emergency/Page_Store/input_txtqty'

2018-06-10 19:43:05 - [MESSAGE][PASSED] - Text '10' is set on object 'Object Repository/Emergency/Page_Store/input_txtqty'

2018-06-10 19:43:05 - [TEST_STEP][PASSED] - click: Object: 'Object Repository/Emergency/Page_Store/button_Add' is clicked on

2018-06-10 19:43:05 - [MESSAGE][PASSED] - Object: 'Object Repository/Emergency/Page_Store/button_Add' is clicked on

2018-06-10 19:43:05 - [TEST_STEP][PASSED] - Statement - Break: null

2018-06-10 19:43:05 - [TEST_STEP][PASSED] - selectOptionByIndex: All options with index in [18] are selected on object 'Object Repository/Emergency/Page_Store/select_--Select--Amikacin -500'

2018-06-10 19:43:06 - [MESSAGE][PASSED] - All options with index in [18] are selected on object 'Object Repository/Emergency/Page_Store/select_--Select--Amikacin -500'

2018-06-10 19:43:06 - [TEST_STEP][PASSED] - delay: Delayed 1 second(s)

2018-06-10 19:43:07 - [MESSAGE][PASSED] - Delayed 1 second(s)

2018-06-10 19:43:07 - [TEST_STEP][PASSED] - Statement - RequestedQty = com.kms.katalon.core.webui.keyword.WebUiBuiltInKeywords.getAttribute(com.kms.katalon.core.testobject.ObjectRepository.findTestObject(Emergency/Page_Store/input_txttotal), "value"): Attribute 'value' of object 'Object Repository/Emergency/Page_Store/input_txttotal' is: '10'

2018-06-10 19:43:07 - [MESSAGE][PASSED] - Attribute 'value' of object 'Object Repository/Emergency/Page_Store/input_txttotal' is: '10'

2018-06-10 19:43:07 - [TEST_STEP][PASSED] - Statement - out.println("Requested QTY : " + RequestedQty): null

2018-06-10 19:43:07 - [TEST_STEP][PASSED] - Statement - BatchNumber = com.kms.katalon.core.webui.keyword.WebUiBuiltInKeywords.getNumberOfTotalOption(com.kms.katalon.core.testobject.ObjectRepository.findTestObject(Emergency/Page_Store/select_--Select--BA1150BA4110)): 4 options of object 'Object Repository/Emergency/Page_Store/select_--Select--BA1150BA4110' counted

2018-06-10 19:43:07 - [MESSAGE][PASSED] - 4 options of object 'Object Repository/Emergency/Page_Store/select_--Select--BA1150BA4110' counted

2018-06-10 19:43:07 - [TEST_STEP][PASSED] - Statement - For ([g = 1, g <= BatchNumber - 1, (g++)]): null

2018-06-10 19:43:07 - [TEST_STEP][PASSED] - selectOptionByIndex: All options with index in [1] are selected on object 'Object Repository/Emergency/Page_Store/select_--Select--BA1150BA4110'

2018-06-10 19:43:07 - [MESSAGE][PASSED] - All options with index in [1] are selected on object 'Object Repository/Emergency/Page_Store/select_--Select--BA1150BA4110'

2018-06-10 19:43:07 - [TEST_STEP][PASSED] - delay: Delayed 2 second(s)

2018-06-10 19:43:09 - [MESSAGE][PASSED] - Delayed 2 second(s)

2018-06-10 19:43:09 - [TEST_STEP][PASSED] - Statement - Try: null

2018-06-10 19:43:09 - [TEST_STEP][PASSED] - Statement - StockQty = com.kms.katalon.core.webui.keyword.WebUiBuiltInKeywords.getAttribute(com.kms.katalon.core.testobject.ObjectRepository.findTestObject(Emergency/Page_Store/input_txtprice), "value"): Attribute 'value' of object 'Object Repository/Emergency/Page_Store/input_txtprice' is: '290'

2018-06-10 19:43:09 - [MESSAGE][PASSED] - Attribute 'value' of object 'Object Repository/Emergency/Page_Store/input_txtprice' is: '290'

2018-06-10 19:43:09 - [TEST_STEP][PASSED] - Statement - out.println("Stock QTY : " + StockQty): null

2018-06-10 19:43:09 - [TEST_STEP][PASSED] - delay: Delayed 2 second(s)

2018-06-10 19:43:11 - [MESSAGE][PASSED] - Delayed 2 second(s)

2018-06-10 19:43:11 - [TEST_STEP][PASSED] - Statement - If (java.lang.Integer.valueOf(StockQty) >= java.lang.Integer.valueOf(RequestedQty)): null

2018-06-10 19:43:11 - [TEST_STEP][PASSED] - delay: Delayed 1 second(s)

2018-06-10 19:43:12 - [MESSAGE][PASSED] - Delayed 1 second(s)

2018-06-10 19:43:12 - [TEST_STEP][PASSED] - setText: Text '10' is set on object 'Object Repository/Emergency/Page_Store/input_txtqty'

2018-06-10 19:43:12 - [MESSAGE][PASSED] - Text '10' is set on object 'Object Repository/Emergency/Page_Store/input_txtqty'

2018-06-10 19:43:12 - [TEST_STEP][PASSED] - click: Object: 'Object Repository/Emergency/Page_Store/button_Add' is clicked on

2018-06-10 19:43:12 - [MESSAGE][PASSED] - Object: 'Object Repository/Emergency/Page_Store/button_Add' is clicked on

2018-06-10 19:43:12 - [TEST_STEP][PASSED] - Statement - Break: null

2018-06-10 19:43:12 - [TEST_STEP][PASSED] - selectOptionByIndex: All options with index in [19] are selected on object 'Object Repository/Emergency/Page_Store/select_--Select--Amikacin -500'

2018-06-10 19:43:12 - [MESSAGE][PASSED] - All options with index in [19] are selected on object 'Object Repository/Emergency/Page_Store/select_--Select--Amikacin -500'

2018-06-10 19:43:12 - [TEST_STEP][PASSED] - delay: Delayed 1 second(s)

2018-06-10 19:43:13 - [MESSAGE][PASSED] - Delayed 1 second(s)

2018-06-10 19:43:13 - [TEST_STEP][PASSED] - Statement - RequestedQty = com.kms.katalon.core.webui.keyword.WebUiBuiltInKeywords.getAttribute(com.kms.katalon.core.testobject.ObjectRepository.findTestObject(Emergency/Page_Store/input_txttotal), "value"): Attribute 'value' of object 'Object Repository/Emergency/Page_Store/input_txttotal' is: '10'

2018-06-10 19:43:13 - [MESSAGE][PASSED] - Attribute 'value' of object 'Object Repository/Emergency/Page_Store/input_txttotal' is: '10'

2018-06-10 19:43:13 - [TEST_STEP][PASSED] - Statement - out.println("Requested QTY : " + RequestedQty): null

2018-06-10 19:43:13 - [TEST_STEP][PASSED] - Statement - BatchNumber = com.kms.katalon.core.webui.keyword.WebUiBuiltInKeywords.getNumberOfTotalOption(com.kms.katalon.core.testobject.ObjectRepository.findTestObject(Emergency/Page_Store/select_--Select--BA1150BA4110)): 4 options of object 'Object Repository/Emergency/Page_Store/select_--Select--BA1150BA4110' counted

2018-06-10 19:43:13 - [MESSAGE][PASSED] - 4 options of object 'Object Repository/Emergency/Page_Store/select_--Select--BA1150BA4110' counted

2018-06-10 19:43:13 - [TEST_STEP][PASSED] - Statement - For ([g = 1, g <= BatchNumber - 1, (g++)]): null

2018-06-10 19:43:13 - [TEST_STEP][PASSED] - selectOptionByIndex: All options with index in [1] are selected on object 'Object Repository/Emergency/Page_Store/select_--Select--BA1150BA4110'

2018-06-10 19:43:14 - [MESSAGE][PASSED] - All options with index in [1] are selected on object 'Object Repository/Emergency/Page_Store/select_--Select--BA1150BA4110'

2018-06-10 19:43:14 - [TEST_STEP][PASSED] - delay: Delayed 2 second(s)

2018-06-10 19:43:16 - [MESSAGE][PASSED] - Delayed 2 second(s)

2018-06-10 19:43:16 - [TEST_STEP][PASSED] - Statement - Try: null

2018-06-10 19:43:16 - [TEST_STEP][PASSED] - Statement - StockQty = com.kms.katalon.core.webui.keyword.WebUiBuiltInKeywords.getAttribute(com.kms.katalon.core.testobject.ObjectRepository.findTestObject(Emergency/Page_Store/input_txtprice), "value"): Attribute 'value' of object 'Object Repository/Emergency/Page_Store/input_txtprice' is: '2570'

2018-06-10 19:43:16 - [MESSAGE][PASSED] - Attribute 'value' of object 'Object Repository/Emergency/Page_Store/input_txtprice' is: '2570'

2018-06-10 19:43:16 - [TEST_STEP][PASSED] - Statement - out.println("Stock QTY : " + StockQty): null

2018-06-10 19:43:16 - [TEST_STEP][PASSED] - delay: Delayed 2 second(s)

2018-06-10 19:43:18 - [MESSAGE][PASSED] - Delayed 2 second(s)

2018-06-10 19:43:18 - [TEST_STEP][PASSED] - Statement - If (java.lang.Integer.valueOf(StockQty) >= java.lang.Integer.valueOf(RequestedQty)): null

2018-06-10 19:43:18 - [TEST_STEP][PASSED] - delay: Delayed 1 second(s)

2018-06-10 19:43:19 - [MESSAGE][PASSED] - Delayed 1 second(s)

2018-06-10 19:43:19 - [TEST_STEP][PASSED] - setText: Text '10' is set on object 'Object Repository/Emergency/Page_Store/input_txtqty'

2018-06-10 19:43:19 - [MESSAGE][PASSED] - Text '10' is set on object 'Object Repository/Emergency/Page_Store/input_txtqty'

2018-06-10 19:43:19 - [TEST_STEP][PASSED] - click: Object: 'Object Repository/Emergency/Page_Store/button_Add' is clicked on

2018-06-10 19:43:19 - [MESSAGE][PASSED] - Object: 'Object Repository/Emergency/Page_Store/button_Add' is clicked on

2018-06-10 19:43:19 - [TEST_STEP][PASSED] - Statement - Break: null

2018-06-10 19:43:19 - [TEST_STEP][PASSED] - selectOptionByIndex: All options with index in [20] are selected on object 'Object Repository/Emergency/Page_Store/select_--Select--Amikacin -500'

2018-06-10 19:43:19 - [MESSAGE][PASSED] - All options with index in [20] are selected on object 'Object Repository/Emergency/Page_Store/select_--Select--Amikacin -500'

2018-06-10 19:43:19 - [TEST_STEP][PASSED] - delay: Delayed 1 second(s)

2018-06-10 19:43:20 - [MESSAGE][PASSED] - Delayed 1 second(s)

2018-06-10 19:43:20 - [TEST_STEP][PASSED] - Statement - RequestedQty = com.kms.katalon.core.webui.keyword.WebUiBuiltInKeywords.getAttribute(com.kms.katalon.core.testobject.ObjectRepository.findTestObject(Emergency/Page_Store/input_txttotal), "value"): Attribute 'value' of object 'Object Repository/Emergency/Page_Store/input_txttotal' is: '10'

2018-06-10 19:43:20 - [MESSAGE][PASSED] - Attribute 'value' of object 'Object Repository/Emergency/Page_Store/input_txttotal' is: '10'

2018-06-10 19:43:20 - [TEST_STEP][PASSED] - Statement - out.println("Requested QTY : " + RequestedQty): null

2018-06-10 19:43:20 - [TEST_STEP][PASSED] - Statement - BatchNumber = com.kms.katalon.core.webui.keyword.WebUiBuiltInKeywords.getNumberOfTotalOption(com.kms.katalon.core.testobject.ObjectRepository.findTestObject(Emergency/Page_Store/select_--Select--BA1150BA4110)): 5 options of object 'Object Repository/Emergency/Page_Store/select_--Select--BA1150BA4110' counted

2018-06-10 19:43:20 - [MESSAGE][PASSED] - 5 options of object 'Object Repository/Emergency/Page_Store/select_--Select--BA1150BA4110' counted

2018-06-10 19:43:20 - [TEST_STEP][PASSED] - Statement - For ([g = 1, g <= BatchNumber - 1, (g++)]): null

2018-06-10 19:43:20 - [TEST_STEP][PASSED] - selectOptionByIndex: All options with index in [1] are selected on object 'Object Repository/Emergency/Page_Store/select_--Select--BA1150BA4110'

2018-06-10 19:43:20 - [MESSAGE][PASSED] - All options with index in [1] are selected on object 'Object Repository/Emergency/Page_Store/select_--Select--BA1150BA4110'

2018-06-10 19:43:20 - [TEST_STEP][PASSED] - delay: Delayed 2 second(s)

2018-06-10 19:43:22 - [MESSAGE][PASSED] - Delayed 2 second(s)

2018-06-10 19:43:22 - [TEST_STEP][PASSED] - Statement - Try: null

2018-06-10 19:43:22 - [TEST_STEP][PASSED] - Statement - StockQty = com.kms.katalon.core.webui.keyword.WebUiBuiltInKeywords.getAttribute(com.kms.katalon.core.testobject.ObjectRepository.findTestObject(Emergency/Page_Store/input_txtprice), "value"): Attribute 'value' of object 'Object Repository/Emergency/Page_Store/input_txtprice' is: '230'

2018-06-10 19:43:22 - [MESSAGE][PASSED] - Attribute 'value' of object 'Object Repository/Emergency/Page_Store/input_txtprice' is: '230'

2018-06-10 19:43:22 - [TEST_STEP][PASSED] - Statement - out.println("Stock QTY : " + StockQty): null

2018-06-10 19:43:22 - [TEST_STEP][PASSED] - delay: Delayed 2 second(s)

2018-06-10 19:43:24 - [MESSAGE][PASSED] - Delayed 2 second(s)

2018-06-10 19:43:24 - [TEST_STEP][PASSED] - Statement - If (java.lang.Integer.valueOf(StockQty) >= java.lang.Integer.valueOf(RequestedQty)): null

2018-06-10 19:43:24 - [TEST_STEP][PASSED] - delay: Delayed 1 second(s)

2018-06-10 19:43:25 - [MESSAGE][PASSED] - Delayed 1 second(s)

2018-06-10 19:43:25 - [TEST_STEP][PASSED] - setText: Text '10' is set on object 'Object Repository/Emergency/Page_Store/input_txtqty'

2018-06-10 19:43:26 - [MESSAGE][PASSED] - Text '10' is set on object 'Object Repository/Emergency/Page_Store/input_txtqty'

2018-06-10 19:43:26 - [TEST_STEP][PASSED] - click: Object: 'Object Repository/Emergency/Page_Store/button_Add' is clicked on

2018-06-10 19:43:26 - [MESSAGE][PASSED] - Object: 'Object Repository/Emergency/Page_Store/button_Add' is clicked on

2018-06-10 19:43:26 - [TEST_STEP][PASSED] - Statement - Break: null

2018-06-10 19:43:26 - [TEST_STEP][PASSED] - selectOptionByIndex: All options with index in [21] are selected on object 'Object Repository/Emergency/Page_Store/select_--Select--Amikacin -500'

2018-06-10 19:43:26 - [MESSAGE][PASSED] - All options with index in [21] are selected on object 'Object Repository/Emergency/Page_Store/select_--Select--Amikacin -500'

2018-06-10 19:43:26 - [TEST_STEP][PASSED] - delay: Delayed 1 second(s)

2018-06-10 19:43:27 - [MESSAGE][PASSED] - Delayed 1 second(s)

2018-06-10 19:43:27 - [TEST_STEP][PASSED] - Statement - RequestedQty = com.kms.katalon.core.webui.keyword.WebUiBuiltInKeywords.getAttribute(com.kms.katalon.core.testobject.ObjectRepository.findTestObject(Emergency/Page_Store/input_txttotal), "value"): Attribute 'value' of object 'Object Repository/Emergency/Page_Store/input_txttotal' is: '10'

2018-06-10 19:43:27 - [MESSAGE][PASSED] - Attribute 'value' of object 'Object Repository/Emergency/Page_Store/input_txttotal' is: '10'

2018-06-10 19:43:27 - [TEST_STEP][PASSED] - Statement - out.println("Requested QTY : " + RequestedQty): null

2018-06-10 19:43:27 - [TEST_STEP][PASSED] - Statement - BatchNumber = com.kms.katalon.core.webui.keyword.WebUiBuiltInKeywords.getNumberOfTotalOption(com.kms.katalon.core.testobject.ObjectRepository.findTestObject(Emergency/Page_Store/select_--Select--BA1150BA4110)): 6 options of object 'Object Repository/Emergency/Page_Store/select_--Select--BA1150BA4110' counted

2018-06-10 19:43:27 - [MESSAGE][PASSED] - 6 options of object 'Object Repository/Emergency/Page_Store/select_--Select--BA1150BA4110' counted

2018-06-10 19:43:27 - [TEST_STEP][PASSED] - Statement - For ([g = 1, g <= BatchNumber - 1, (g++)]): null

2018-06-10 19:43:27 - [TEST_STEP][PASSED] - selectOptionByIndex: All options with index in [1] are selected on object 'Object Repository/Emergency/Page_Store/select_--Select--BA1150BA4110'

2018-06-10 19:43:27 - [MESSAGE][PASSED] - All options with index in [1] are selected on object 'Object Repository/Emergency/Page_Store/select_--Select--BA1150BA4110'

2018-06-10 19:43:27 - [TEST_STEP][PASSED] - delay: Delayed 2 second(s)

2018-06-10 19:43:29 - [MESSAGE][PASSED] - Delayed 2 second(s)

2018-06-10 19:43:29 - [TEST_STEP][PASSED] - Statement - Try: null

2018-06-10 19:43:29 - [TEST_STEP][PASSED] - Statement - StockQty = com.kms.katalon.core.webui.keyword.WebUiBuiltInKeywords.getAttribute(com.kms.katalon.core.testobject.ObjectRepository.findTestObject(Emergency/Page_Store/input_txtprice), "value"): Attribute 'value' of object 'Object Repository/Emergency/Page_Store/input_txtprice' is: '70'

2018-06-10 19:43:29 - [MESSAGE][PASSED] - Attribute 'value' of object 'Object Repository/Emergency/Page_Store/input_txtprice' is: '70'

2018-06-10 19:43:29 - [TEST_STEP][PASSED] - Statement - out.println("Stock QTY : " + StockQty): null

2018-06-10 19:43:29 - [TEST_STEP][PASSED] - delay: Delayed 2 second(s)

2018-06-10 19:43:31 - [MESSAGE][PASSED] - Delayed 2 second(s)

2018-06-10 19:43:31 - [TEST_STEP][PASSED] - Statement - If (java.lang.Integer.valueOf(StockQty) >= java.lang.Integer.valueOf(RequestedQty)): null

2018-06-10 19:43:31 - [TEST_STEP][PASSED] - delay: Delayed 1 second(s)

2018-06-10 19:43:32 - [MESSAGE][PASSED] - Delayed 1 second(s)

2018-06-10 19:43:32 - [TEST_STEP][PASSED] - setText: Text '10' is set on object 'Object Repository/Emergency/Page_Store/input_txtqty'

2018-06-10 19:43:32 - [MESSAGE][PASSED] - Text '10' is set on object 'Object Repository/Emergency/Page_Store/input_txtqty'

2018-06-10 19:43:32 - [TEST_STEP][PASSED] - click: Object: 'Object Repository/Emergency/Page_Store/button_Add' is clicked on

2018-06-10 19:43:32 - [MESSAGE][PASSED] - Object: 'Object Repository/Emergency/Page_Store/button_Add' is clicked on

2018-06-10 19:43:32 - [TEST_STEP][PASSED] - Statement - Break: null

2018-06-10 19:43:32 - [TEST_STEP][PASSED] - selectOptionByIndex: All options with index in [22] are selected on object 'Object Repository/Emergency/Page_Store/select_--Select--Amikacin -500'

2018-06-10 19:43:33 - [MESSAGE][PASSED] - All options with index in [22] are selected on object 'Object Repository/Emergency/Page_Store/select_--Select--Amikacin -500'

2018-06-10 19:43:33 - [TEST_STEP][PASSED] - delay: Delayed 1 second(s)

2018-06-10 19:43:34 - [MESSAGE][PASSED] - Delayed 1 second(s)

2018-06-10 19:43:34 - [TEST_STEP][PASSED] - Statement - RequestedQty = com.kms.katalon.core.webui.keyword.WebUiBuiltInKeywords.getAttribute(com.kms.katalon.core.testobject.ObjectRepository.findTestObject(Emergency/Page_Store/input_txttotal), "value"): Attribute 'value' of object 'Object Repository/Emergency/Page_Store/input_txttotal' is: '10'

2018-06-10 19:43:34 - [MESSAGE][PASSED] - Attribute 'value' of object 'Object Repository/Emergency/Page_Store/input_txttotal' is: '10'

2018-06-10 19:43:34 - [TEST_STEP][PASSED] - Statement - out.println("Requested QTY : " + RequestedQty): null

2018-06-10 19:43:34 - [TEST_STEP][PASSED] - Statement - BatchNumber = com.kms.katalon.core.webui.keyword.WebUiBuiltInKeywords.getNumberOfTotalOption(com.kms.katalon.core.testobject.ObjectRepository.findTestObject(Emergency/Page_Store/select_--Select--BA1150BA4110)): 3 options of object 'Object Repository/Emergency/Page_Store/select_--Select--BA1150BA4110' counted

2018-06-10 19:43:34 - [MESSAGE][PASSED] - 3 options of object 'Object Repository/Emergency/Page_Store/select_--Select--BA1150BA4110' counted

2018-06-10 19:43:34 - [TEST_STEP][PASSED] - Statement - For ([g = 1, g <= BatchNumber - 1, (g++)]): null

2018-06-10 19:43:34 - [TEST_STEP][PASSED] - selectOptionByIndex: All options with index in [1] are selected on object 'Object Repository/Emergency/Page_Store/select_--Select--BA1150BA4110'

2018-06-10 19:43:34 - [MESSAGE][PASSED] - All options with index in [1] are selected on object 'Object Repository/Emergency/Page_Store/select_--Select--BA1150BA4110'

2018-06-10 19:43:34 - [TEST_STEP][PASSED] - delay: Delayed 2 second(s)

2018-06-10 19:43:36 - [MESSAGE][PASSED] - Delayed 2 second(s)

2018-06-10 19:43:36 - [TEST_STEP][PASSED] - Statement - Try: null

2018-06-10 19:43:36 - [TEST_STEP][PASSED] - Statement - StockQty = com.kms.katalon.core.webui.keyword.WebUiBuiltInKeywords.getAttribute(com.kms.katalon.core.testobject.ObjectRepository.findTestObject(Emergency/Page_Store/input_txtprice), "value"): Attribute 'value' of object 'Object Repository/Emergency/Page_Store/input_txtprice' is: '1670'

2018-06-10 19:43:36 - [MESSAGE][PASSED] - Attribute 'value' of object 'Object Repository/Emergency/Page_Store/input_txtprice' is: '1670'

2018-06-10 19:43:36 - [TEST_STEP][PASSED] - Statement - out.println("Stock QTY : " + StockQty): null

2018-06-10 19:43:36 - [TEST_STEP][PASSED] - delay: Delayed 2 second(s)

2018-06-10 19:43:38 - [MESSAGE][PASSED] - Delayed 2 second(s)

2018-06-10 19:43:38 - [TEST_STEP][PASSED] - Statement - If (java.lang.Integer.valueOf(StockQty) >= java.lang.Integer.valueOf(RequestedQty)): null

2018-06-10 19:43:38 - [TEST_STEP][PASSED] - delay: Delayed 1 second(s)

2018-06-10 19:43:39 - [MESSAGE][PASSED] - Delayed 1 second(s)

2018-06-10 19:43:39 - [TEST_STEP][PASSED] - setText: Text '10' is set on object 'Object Repository/Emergency/Page_Store/input_txtqty'

2018-06-10 19:43:39 - [MESSAGE][PASSED] - Text '10' is set on object 'Object Repository/Emergency/Page_Store/input_txtqty'

2018-06-10 19:43:39 - [TEST_STEP][PASSED] - click: Object: 'Object Repository/Emergency/Page_Store/button_Add' is clicked on

2018-06-10 19:43:39 - [MESSAGE][PASSED] - Object: 'Object Repository/Emergency/Page_Store/button_Add' is clicked on

2018-06-10 19:43:39 - [TEST_STEP][PASSED] - Statement - Break: null

2018-06-10 19:43:39 - [TEST_STEP][PASSED] - selectOptionByIndex: All options with index in [23] are selected on object 'Object Repository/Emergency/Page_Store/select_--Select--Amikacin -500'

2018-06-10 19:43:39 - [MESSAGE][PASSED] - All options with index in [23] are selected on object 'Object Repository/Emergency/Page_Store/select_--Select--Amikacin -500'

2018-06-10 19:43:39 - [TEST_STEP][PASSED] - delay: Delayed 1 second(s)

2018-06-10 19:43:40 - [MESSAGE][PASSED] - Delayed 1 second(s)

2018-06-10 19:43:40 - [TEST_STEP][PASSED] - Statement - RequestedQty = com.kms.katalon.core.webui.keyword.WebUiBuiltInKeywords.getAttribute(com.kms.katalon.core.testobject.ObjectRepository.findTestObject(Emergency/Page_Store/input_txttotal), "value"): Attribute 'value' of object 'Object Repository/Emergency/Page_Store/input_txttotal' is: '10'

2018-06-10 19:43:40 - [MESSAGE][PASSED] - Attribute 'value' of object 'Object Repository/Emergency/Page_Store/input_txttotal' is: '10'

2018-06-10 19:43:40 - [TEST_STEP][PASSED] - Statement - out.println("Requested QTY : " + RequestedQty): null

2018-06-10 19:43:40 - [TEST_STEP][PASSED] - Statement - BatchNumber = com.kms.katalon.core.webui.keyword.WebUiBuiltInKeywords.getNumberOfTotalOption(com.kms.katalon.core.testobject.ObjectRepository.findTestObject(Emergency/Page_Store/select_--Select--BA1150BA4110)): 3 options of object 'Object Repository/Emergency/Page_Store/select_--Select--BA1150BA4110' counted

2018-06-10 19:43:40 - [MESSAGE][PASSED] - 3 options of object 'Object Repository/Emergency/Page_Store/select_--Select--BA1150BA4110' counted

2018-06-10 19:43:40 - [TEST_STEP][PASSED] - Statement - For ([g = 1, g <= BatchNumber - 1, (g++)]): null

2018-06-10 19:43:40 - [TEST_STEP][PASSED] - selectOptionByIndex: All options with index in [1] are selected on object 'Object Repository/Emergency/Page_Store/select_--Select--BA1150BA4110'

2018-06-10 19:43:41 - [MESSAGE][PASSED] - All options with index in [1] are selected on object 'Object Repository/Emergency/Page_Store/select_--Select--BA1150BA4110'

2018-06-10 19:43:41 - [TEST_STEP][PASSED] - delay: Delayed 2 second(s)

2018-06-10 19:43:43 - [MESSAGE][PASSED] - Delayed 2 second(s)

2018-06-10 19:43:43 - [TEST_STEP][PASSED] - Statement - Try: null

2018-06-10 19:43:43 - [TEST_STEP][PASSED] - Statement - StockQty = com.kms.katalon.core.webui.keyword.WebUiBuiltInKeywords.getAttribute(com.kms.katalon.core.testobject.ObjectRepository.findTestObject(Emergency/Page_Store/input_txtprice), "value"): Attribute 'value' of object 'Object Repository/Emergency/Page_Store/input_txtprice' is: '2570'

2018-06-10 19:43:43 - [MESSAGE][PASSED] - Attribute 'value' of object 'Object Repository/Emergency/Page_Store/input_txtprice' is: '2570'

2018-06-10 19:43:43 - [TEST_STEP][PASSED] - Statement - out.println("Stock QTY : " + StockQty): null

2018-06-10 19:43:43 - [TEST_STEP][PASSED] - delay: Delayed 2 second(s)

2018-06-10 19:43:45 - [MESSAGE][PASSED] - Delayed 2 second(s)

2018-06-10 19:43:45 - [TEST_STEP][PASSED] - Statement - If (java.lang.Integer.valueOf(StockQty) >= java.lang.Integer.valueOf(RequestedQty)): null

2018-06-10 19:43:45 - [TEST_STEP][PASSED] - delay: Delayed 1 second(s)

2018-06-10 19:43:46 - [MESSAGE][PASSED] - Delayed 1 second(s)

2018-06-10 19:43:46 - [TEST_STEP][PASSED] - setText: Text '10' is set on object 'Object Repository/Emergency/Page_Store/input_txtqty'

2018-06-10 19:43:46 - [MESSAGE][PASSED] - Text '10' is set on object 'Object Repository/Emergency/Page_Store/input_txtqty'

2018-06-10 19:43:46 - [TEST_STEP][PASSED] - click: Object: 'Object Repository/Emergency/Page_Store/button_Add' is clicked on

2018-06-10 19:43:46 - [MESSAGE][PASSED] - Object: 'Object Repository/Emergency/Page_Store/button_Add' is clicked on

2018-06-10 19:43:46 - [TEST_STEP][PASSED] - Statement - Break: null

2018-06-10 19:43:46 - [TEST_STEP][PASSED] - selectOptionByIndex: All options with index in [24] are selected on object 'Object Repository/Emergency/Page_Store/select_--Select--Amikacin -500'

2018-06-10 19:43:46 - [MESSAGE][PASSED] - All options with index in [24] are selected on object 'Object Repository/Emergency/Page_Store/select_--Select--Amikacin -500'

2018-06-10 19:43:46 - [TEST_STEP][PASSED] - delay: Delayed 1 second(s)

2018-06-10 19:43:47 - [MESSAGE][PASSED] - Delayed 1 second(s)

2018-06-10 19:43:47 - [TEST_STEP][PASSED] - Statement - RequestedQty = com.kms.katalon.core.webui.keyword.WebUiBuiltInKeywords.getAttribute(com.kms.katalon.core.testobject.ObjectRepository.findTestObject(Emergency/Page_Store/input_txttotal), "value"): Attribute 'value' of object 'Object Repository/Emergency/Page_Store/input_txttotal' is: '10'

2018-06-10 19:43:47 - [MESSAGE][PASSED] - Attribute 'value' of object 'Object Repository/Emergency/Page_Store/input_txttotal' is: '10'

2018-06-10 19:43:47 - [TEST_STEP][PASSED] - Statement - out.println("Requested QTY : " + RequestedQty): null

2018-06-10 19:43:47 - [TEST_STEP][PASSED] - Statement - BatchNumber = com.kms.katalon.core.webui.keyword.WebUiBuiltInKeywords.getNumberOfTotalOption(com.kms.katalon.core.testobject.ObjectRepository.findTestObject(Emergency/Page_Store/select_--Select--BA1150BA4110)): 3 options of object 'Object Repository/Emergency/Page_Store/select_--Select--BA1150BA4110' counted

2018-06-10 19:43:47 - [MESSAGE][PASSED] - 3 options of object 'Object Repository/Emergency/Page_Store/select_--Select--BA1150BA4110' counted

2018-06-10 19:43:47 - [TEST_STEP][PASSED] - Statement - For ([g = 1, g <= BatchNumber - 1, (g++)]): null

2018-06-10 19:43:47 - [TEST_STEP][PASSED] - selectOptionByIndex: All options with index in [1] are selected on object 'Object Repository/Emergency/Page_Store/select_--Select--BA1150BA4110'

2018-06-10 19:43:47 - [MESSAGE][PASSED] - All options with index in [1] are selected on object 'Object Repository/Emergency/Page_Store/select_--Select--BA1150BA4110'

2018-06-10 19:43:47 - [TEST_STEP][PASSED] - delay: Delayed 2 second(s)

2018-06-10 19:43:49 - [MESSAGE][PASSED] - Delayed 2 second(s)

2018-06-10 19:43:49 - [TEST_STEP][PASSED] - Statement - Try: null

2018-06-10 19:43:49 - [TEST_STEP][PASSED] - Statement - StockQty = com.kms.katalon.core.webui.keyword.WebUiBuiltInKeywords.getAttribute(com.kms.katalon.core.testobject.ObjectRepository.findTestObject(Emergency/Page_Store/input_txtprice), "value"): Attribute 'value' of object 'Object Repository/Emergency/Page_Store/input_txtprice' is: '1670'

2018-06-10 19:43:49 - [MESSAGE][PASSED] - Attribute 'value' of object 'Object Repository/Emergency/Page_Store/input_txtprice' is: '1670'

2018-06-10 19:43:49 - [TEST_STEP][PASSED] - Statement - out.println("Stock QTY : " + StockQty): null

2018-06-10 19:43:49 - [TEST_STEP][PASSED] - delay: Delayed 2 second(s)

2018-06-10 19:43:51 - [MESSAGE][PASSED] - Delayed 2 second(s)

2018-06-10 19:43:51 - [TEST_STEP][PASSED] - Statement - If (java.lang.Integer.valueOf(StockQty) >= java.lang.Integer.valueOf(RequestedQty)): null

2018-06-10 19:43:51 - [TEST_STEP][PASSED] - delay: Delayed 1 second(s)

2018-06-10 19:43:52 - [MESSAGE][PASSED] - Delayed 1 second(s)

2018-06-10 19:43:52 - [TEST_STEP][PASSED] - setText: Text '10' is set on object 'Object Repository/Emergency/Page_Store/input_txtqty'

2018-06-10 19:43:52 - [MESSAGE][PASSED] - Text '10' is set on object 'Object Repository/Emergency/Page_Store/input_txtqty'

2018-06-10 19:43:52 - [TEST_STEP][PASSED] - click: Object: 'Object Repository/Emergency/Page_Store/button_Add' is clicked on

2018-06-10 19:43:53 - [MESSAGE][PASSED] - Object: 'Object Repository/Emergency/Page_Store/button_Add' is clicked on

2018-06-10 19:43:53 - [TEST_STEP][PASSED] - Statement - Break: null

2018-06-10 19:43:53 - [TEST_STEP][PASSED] - selectOptionByIndex: All options with index in [25] are selected on object 'Object Repository/Emergency/Page_Store/select_--Select--Amikacin -500'

2018-06-10 19:43:53 - [MESSAGE][PASSED] - All options with index in [25] are selected on object 'Object Repository/Emergency/Page_Store/select_--Select--Amikacin -500'

2018-06-10 19:43:53 - [TEST_STEP][PASSED] - delay: Delayed 1 second(s)

2018-06-10 19:43:54 - [MESSAGE][PASSED] - Delayed 1 second(s)

2018-06-10 19:43:54 - [TEST_STEP][PASSED] - Statement - RequestedQty = com.kms.katalon.core.webui.keyword.WebUiBuiltInKeywords.getAttribute(com.kms.katalon.core.testobject.ObjectRepository.findTestObject(Emergency/Page_Store/input_txttotal), "value"): Attribute 'value' of object 'Object Repository/Emergency/Page_Store/input_txttotal' is: '10'

2018-06-10 19:43:54 - [MESSAGE][PASSED] - Attribute 'value' of object 'Object Repository/Emergency/Page_Store/input_txttotal' is: '10'

2018-06-10 19:43:54 - [TEST_STEP][PASSED] - Statement - out.println("Requested QTY : " + RequestedQty): null

2018-06-10 19:43:54 - [TEST_STEP][PASSED] - Statement - BatchNumber = com.kms.katalon.core.webui.keyword.WebUiBuiltInKeywords.getNumberOfTotalOption(com.kms.katalon.core.testobject.ObjectRepository.findTestObject(Emergency/Page_Store/select_--Select--BA1150BA4110)): 4 options of object 'Object Repository/Emergency/Page_Store/select_--Select--BA1150BA4110' counted

2018-06-10 19:43:54 - [MESSAGE][PASSED] - 4 options of object 'Object Repository/Emergency/Page_Store/select_--Select--BA1150BA4110' counted

2018-06-10 19:43:54 - [TEST_STEP][PASSED] - Statement - For ([g = 1, g <= BatchNumber - 1, (g++)]): null

2018-06-10 19:43:54 - [TEST_STEP][PASSED] - selectOptionByIndex: All options with index in [1] are selected on object 'Object Repository/Emergency/Page_Store/select_--Select--BA1150BA4110'

2018-06-10 19:43:54 - [MESSAGE][PASSED] - All options with index in [1] are selected on object 'Object Repository/Emergency/Page_Store/select_--Select--BA1150BA4110'

2018-06-10 19:43:54 - [TEST_STEP][PASSED] - delay: Delayed 2 second(s)

2018-06-10 19:43:56 - [MESSAGE][PASSED] - Delayed 2 second(s)

2018-06-10 19:43:56 - [TEST_STEP][PASSED] - Statement - Try: null

2018-06-10 19:43:56 - [TEST_STEP][PASSED] - Statement - StockQty = com.kms.katalon.core.webui.keyword.WebUiBuiltInKeywords.getAttribute(com.kms.katalon.core.testobject.ObjectRepository.findTestObject(Emergency/Page_Store/input_txtprice), "value"): Attribute 'value' of object 'Object Repository/Emergency/Page_Store/input_txtprice' is: '630'

2018-06-10 19:43:56 - [MESSAGE][PASSED] - Attribute 'value' of object 'Object Repository/Emergency/Page_Store/input_txtprice' is: '630'

2018-06-10 19:43:56 - [TEST_STEP][PASSED] - Statement - out.println("Stock QTY : " + StockQty): null

2018-06-10 19:43:56 - [TEST_STEP][PASSED] - delay: Delayed 2 second(s)

2018-06-10 19:43:58 - [MESSAGE][PASSED] - Delayed 2 second(s)

2018-06-10 19:43:58 - [TEST_STEP][PASSED] - Statement - If (java.lang.Integer.valueOf(StockQty) >= java.lang.Integer.valueOf(RequestedQty)): null

2018-06-10 19:43:58 - [TEST_STEP][PASSED] - delay: Delayed 1 second(s)

2018-06-10 19:43:59 - [MESSAGE][PASSED] - Delayed 1 second(s)

2018-06-10 19:43:59 - [TEST_STEP][PASSED] - setText: Text '10' is set on object 'Object Repository/Emergency/Page_Store/input_txtqty'

2018-06-10 19:43:59 - [MESSAGE][PASSED] - Text '10' is set on object 'Object Repository/Emergency/Page_Store/input_txtqty'

2018-06-10 19:43:59 - [TEST_STEP][PASSED] - click: Object: 'Object Repository/Emergency/Page_Store/button_Add' is clicked on

2018-06-10 19:43:59 - [MESSAGE][PASSED] - Object: 'Object Repository/Emergency/Page_Store/button_Add' is clicked on

2018-06-10 19:43:59 - [TEST_STEP][PASSED] - Statement - Break: null

2018-06-10 19:43:59 - [TEST_STEP][PASSED] - selectOptionByIndex: All options with index in [26] are selected on object 'Object Repository/Emergency/Page_Store/select_--Select--Amikacin -500'

2018-06-10 19:44:00 - [MESSAGE][PASSED] - All options with index in [26] are selected on object 'Object Repository/Emergency/Page_Store/select_--Select--Amikacin -500'

2018-06-10 19:44:00 - [TEST_STEP][PASSED] - delay: Delayed 1 second(s)

2018-06-10 19:44:01 - [MESSAGE][PASSED] - Delayed 1 second(s)

2018-06-10 19:44:01 - [TEST_STEP][PASSED] - Statement - RequestedQty = com.kms.katalon.core.webui.keyword.WebUiBuiltInKeywords.getAttribute(com.kms.katalon.core.testobject.ObjectRepository.findTestObject(Emergency/Page_Store/input_txttotal), "value"): Attribute 'value' of object 'Object Repository/Emergency/Page_Store/input_txttotal' is: '10'

2018-06-10 19:44:01 - [MESSAGE][PASSED] - Attribute 'value' of object 'Object Repository/Emergency/Page_Store/input_txttotal' is: '10'

2018-06-10 19:44:01 - [TEST_STEP][PASSED] - Statement - out.println("Requested QTY : " + RequestedQty): null

2018-06-10 19:44:01 - [TEST_STEP][PASSED] - Statement - BatchNumber = com.kms.katalon.core.webui.keyword.WebUiBuiltInKeywords.getNumberOfTotalOption(com.kms.katalon.core.testobject.ObjectRepository.findTestObject(Emergency/Page_Store/select_--Select--BA1150BA4110)): 4 options of object 'Object Repository/Emergency/Page_Store/select_--Select--BA1150BA4110' counted

2018-06-10 19:44:01 - [MESSAGE][PASSED] - 4 options of object 'Object Repository/Emergency/Page_Store/select_--Select--BA1150BA4110' counted

2018-06-10 19:44:01 - [TEST_STEP][PASSED] - Statement - For ([g = 1, g <= BatchNumber - 1, (g++)]): null

2018-06-10 19:44:01 - [TEST_STEP][PASSED] - selectOptionByIndex: All options with index in [1] are selected on object 'Object Repository/Emergency/Page_Store/select_--Select--BA1150BA4110'

2018-06-10 19:44:01 - [MESSAGE][PASSED] - All options with index in [1] are selected on object 'Object Repository/Emergency/Page_Store/select_--Select--BA1150BA4110'

2018-06-10 19:44:01 - [TEST_STEP][PASSED] - delay: Delayed 2 second(s)

2018-06-10 19:44:03 - [MESSAGE][PASSED] - Delayed 2 second(s)

2018-06-10 19:44:03 - [TEST_STEP][PASSED] - Statement - Try: null

2018-06-10 19:44:03 - [TEST_STEP][PASSED] - Statement - StockQty = com.kms.katalon.core.webui.keyword.WebUiBuiltInKeywords.getAttribute(com.kms.katalon.core.testobject.ObjectRepository.findTestObject(Emergency/Page_Store/input_txtprice), "value"): Attribute 'value' of object 'Object Repository/Emergency/Page_Store/input_txtprice' is: '290'

2018-06-10 19:44:03 - [MESSAGE][PASSED] - Attribute 'value' of object 'Object Repository/Emergency/Page_Store/input_txtprice' is: '290'

2018-06-10 19:44:03 - [TEST_STEP][PASSED] - Statement - out.println("Stock QTY : " + StockQty): null

2018-06-10 19:44:03 - [TEST_STEP][PASSED] - delay: Delayed 2 second(s)

2018-06-10 19:44:05 - [MESSAGE][PASSED] - Delayed 2 second(s)

2018-06-10 19:44:05 - [TEST_STEP][PASSED] - Statement - If (java.lang.Integer.valueOf(StockQty) >= java.lang.Integer.valueOf(RequestedQty)): null

2018-06-10 19:44:05 - [TEST_STEP][PASSED] - delay: Delayed 1 second(s)

2018-06-10 19:44:06 - [MESSAGE][PASSED] - Delayed 1 second(s)

2018-06-10 19:44:06 - [TEST_STEP][PASSED] - setText: Text '10' is set on object 'Object Repository/Emergency/Page_Store/input_txtqty'

2018-06-10 19:44:06 - [MESSAGE][PASSED] - Text '10' is set on object 'Object Repository/Emergency/Page_Store/input_txtqty'

2018-06-10 19:44:06 - [TEST_STEP][PASSED] - click: Object: 'Object Repository/Emergency/Page_Store/button_Add' is clicked on

2018-06-10 19:44:06 - [MESSAGE][PASSED] - Object: 'Object Repository/Emergency/Page_Store/button_Add' is clicked on

2018-06-10 19:44:06 - [TEST_STEP][PASSED] - Statement - Break: null

2018-06-10 19:44:06 - [TEST_STEP][PASSED] - selectOptionByIndex: All options with index in [27] are selected on object 'Object Repository/Emergency/Page_Store/select_--Select--Amikacin -500'

2018-06-10 19:44:06 - [MESSAGE][PASSED] - All options with index in [27] are selected on object 'Object Repository/Emergency/Page_Store/select_--Select--Amikacin -500'

2018-06-10 19:44:06 - [TEST_STEP][PASSED] - delay: Delayed 1 second(s)

2018-06-10 19:44:07 - [MESSAGE][PASSED] - Delayed 1 second(s)

2018-06-10 19:44:07 - [TEST_STEP][PASSED] - Statement - RequestedQty = com.kms.katalon.core.webui.keyword.WebUiBuiltInKeywords.getAttribute(com.kms.katalon.core.testobject.ObjectRepository.findTestObject(Emergency/Page_Store/input_txttotal), "value"): Attribute 'value' of object 'Object Repository/Emergency/Page_Store/input_txttotal' is: '10'

2018-06-10 19:44:07 - [MESSAGE][PASSED] - Attribute 'value' of object 'Object Repository/Emergency/Page_Store/input_txttotal' is: '10'

2018-06-10 19:44:07 - [TEST_STEP][PASSED] - Statement - out.println("Requested QTY : " + RequestedQty): null

2018-06-10 19:44:07 - [TEST_STEP][PASSED] - Statement - BatchNumber = com.kms.katalon.core.webui.keyword.WebUiBuiltInKeywords.getNumberOfTotalOption(com.kms.katalon.core.testobject.ObjectRepository.findTestObject(Emergency/Page_Store/select_--Select--BA1150BA4110)): 4 options of object 'Object Repository/Emergency/Page_Store/select_--Select--BA1150BA4110' counted

2018-06-10 19:44:07 - [MESSAGE][PASSED] - 4 options of object 'Object Repository/Emergency/Page_Store/select_--Select--BA1150BA4110' counted

2018-06-10 19:44:07 - [TEST_STEP][PASSED] - Statement - For ([g = 1, g <= BatchNumber - 1, (g++)]): null

2018-06-10 19:44:07 - [TEST_STEP][PASSED] - selectOptionByIndex: All options with index in [1] are selected on object 'Object Repository/Emergency/Page_Store/select_--Select--BA1150BA4110'

2018-06-10 19:44:08 - [MESSAGE][PASSED] - All options with index in [1] are selected on object 'Object Repository/Emergency/Page_Store/select_--Select--BA1150BA4110'

2018-06-10 19:44:08 - [TEST_STEP][PASSED] - delay: Delayed 2 second(s)

2018-06-10 19:44:10 - [MESSAGE][PASSED] - Delayed 2 second(s)

2018-06-10 19:44:10 - [TEST_STEP][PASSED] - Statement - Try: null

2018-06-10 19:44:10 - [TEST_STEP][PASSED] - Statement - StockQty = com.kms.katalon.core.webui.keyword.WebUiBuiltInKeywords.getAttribute(com.kms.katalon.core.testobject.ObjectRepository.findTestObject(Emergency/Page_Store/input_txtprice), "value"): Attribute 'value' of object 'Object Repository/Emergency/Page_Store/input_txtprice' is: '290'

2018-06-10 19:44:10 - [MESSAGE][PASSED] - Attribute 'value' of object 'Object Repository/Emergency/Page_Store/input_txtprice' is: '290'

2018-06-10 19:44:10 - [TEST_STEP][PASSED] - Statement - out.println("Stock QTY : " + StockQty): null

2018-06-10 19:44:10 - [TEST_STEP][PASSED] - delay: Delayed 2 second(s)

2018-06-10 19:44:12 - [MESSAGE][PASSED] - Delayed 2 second(s)

2018-06-10 19:44:12 - [TEST_STEP][PASSED] - Statement - If (java.lang.Integer.valueOf(StockQty) >= java.lang.Integer.valueOf(RequestedQty)): null

2018-06-10 19:44:12 - [TEST_STEP][PASSED] - delay: Delayed 1 second(s)

2018-06-10 19:44:13 - [MESSAGE][PASSED] - Delayed 1 second(s)

2018-06-10 19:44:13 - [TEST_STEP][PASSED] - setText: Text '10' is set on object 'Object Repository/Emergency/Page_Store/input_txtqty'

2018-06-10 19:44:13 - [MESSAGE][PASSED] - Text '10' is set on object 'Object Repository/Emergency/Page_Store/input_txtqty'

2018-06-10 19:44:13 - [TEST_STEP][PASSED] - click: Object: 'Object Repository/Emergency/Page_Store/button_Add' is clicked on

2018-06-10 19:44:13 - [MESSAGE][PASSED] - Object: 'Object Repository/Emergency/Page_Store/button_Add' is clicked on

2018-06-10 19:44:13 - [TEST_STEP][PASSED] - Statement - Break: null

2018-06-10 19:44:13 - [TEST_STEP][PASSED] - selectOptionByIndex: All options with index in [28] are selected on object 'Object Repository/Emergency/Page_Store/select_--Select--Amikacin -500'

2018-06-10 19:44:13 - [MESSAGE][PASSED] - All options with index in [28] are selected on object 'Object Repository/Emergency/Page_Store/select_--Select--Amikacin -500'

2018-06-10 19:44:13 - [TEST_STEP][PASSED] - delay: Delayed 1 second(s)

2018-06-10 19:44:14 - [MESSAGE][PASSED] - Delayed 1 second(s)

2018-06-10 19:44:14 - [TEST_STEP][PASSED] - Statement - RequestedQty = com.kms.katalon.core.webui.keyword.WebUiBuiltInKeywords.getAttribute(com.kms.katalon.core.testobject.ObjectRepository.findTestObject(Emergency/Page_Store/input_txttotal), "value"): Attribute 'value' of object 'Object Repository/Emergency/Page_Store/input_txttotal' is: '10'

2018-06-10 19:44:14 - [MESSAGE][PASSED] - Attribute 'value' of object 'Object Repository/Emergency/Page_Store/input_txttotal' is: '10'

2018-06-10 19:44:14 - [TEST_STEP][PASSED] - Statement - out.println("Requested QTY : " + RequestedQty): null

2018-06-10 19:44:14 - [TEST_STEP][PASSED] - Statement - BatchNumber = com.kms.katalon.core.webui.keyword.WebUiBuiltInKeywords.getNumberOfTotalOption(com.kms.katalon.core.testobject.ObjectRepository.findTestObject(Emergency/Page_Store/select_--Select--BA1150BA4110)): 4 options of object 'Object Repository/Emergency/Page_Store/select_--Select--BA1150BA4110' counted

2018-06-10 19:44:14 - [MESSAGE][PASSED] - 4 options of object 'Object Repository/Emergency/Page_Store/select_--Select--BA1150BA4110' counted

2018-06-10 19:44:14 - [TEST_STEP][PASSED] - Statement - For ([g = 1, g <= BatchNumber - 1, (g++)]): null

2018-06-10 19:44:14 - [TEST_STEP][PASSED] - selectOptionByIndex: All options with index in [1] are selected on object 'Object Repository/Emergency/Page_Store/select_--Select--BA1150BA4110'

2018-06-10 19:44:14 - [MESSAGE][PASSED] - All options with index in [1] are selected on object 'Object Repository/Emergency/Page_Store/select_--Select--BA1150BA4110'

2018-06-10 19:44:14 - [TEST_STEP][PASSED] - delay: Delayed 2 second(s)

2018-06-10 19:44:16 - [MESSAGE][PASSED] - Delayed 2 second(s)

2018-06-10 19:44:16 - [TEST_STEP][PASSED] - Statement - Try: null

2018-06-10 19:44:16 - [TEST_STEP][PASSED] - Statement - StockQty = com.kms.katalon.core.webui.keyword.WebUiBuiltInKeywords.getAttribute(com.kms.katalon.core.testobject.ObjectRepository.findTestObject(Emergency/Page_Store/input_txtprice), "value"): Attribute 'value' of object 'Object Repository/Emergency/Page_Store/input_txtprice' is: '630'

2018-06-10 19:44:16 - [MESSAGE][PASSED] - Attribute 'value' of object 'Object Repository/Emergency/Page_Store/input_txtprice' is: '630'

2018-06-10 19:44:16 - [TEST_STEP][PASSED] - Statement - out.println("Stock QTY : " + StockQty): null

2018-06-10 19:44:16 - [TEST_STEP][PASSED] - delay: Delayed 2 second(s)

2018-06-10 19:44:18 - [MESSAGE][PASSED] - Delayed 2 second(s)

2018-06-10 19:44:18 - [TEST_STEP][PASSED] - Statement - If (java.lang.Integer.valueOf(StockQty) >= java.lang.Integer.valueOf(RequestedQty)): null

2018-06-10 19:44:18 - [TEST_STEP][PASSED] - delay: Delayed 1 second(s)

2018-06-10 19:44:19 - [MESSAGE][PASSED] - Delayed 1 second(s)

2018-06-10 19:44:19 - [TEST_STEP][PASSED] - setText: Text '10' is set on object 'Object Repository/Emergency/Page_Store/input_txtqty'

2018-06-10 19:44:20 - [MESSAGE][PASSED] - Text '10' is set on object 'Object Repository/Emergency/Page_Store/input_txtqty'

2018-06-10 19:44:20 - [TEST_STEP][PASSED] - click: Object: 'Object Repository/Emergency/Page_Store/button_Add' is clicked on

2018-06-10 19:44:20 - [MESSAGE][PASSED] - Object: 'Object Repository/Emergency/Page_Store/button_Add' is clicked on

2018-06-10 19:44:20 - [TEST_STEP][PASSED] - Statement - Break: null

2018-06-10 19:44:20 - [TEST_STEP][PASSED] - selectOptionByIndex: All options with index in [29] are selected on object 'Object Repository/Emergency/Page_Store/select_--Select--Amikacin -500'

2018-06-10 19:44:20 - [MESSAGE][PASSED] - All options with index in [29] are selected on object 'Object Repository/Emergency/Page_Store/select_--Select--Amikacin -500'

2018-06-10 19:44:20 - [TEST_STEP][PASSED] - delay: Delayed 1 second(s)

2018-06-10 19:44:21 - [MESSAGE][PASSED] - Delayed 1 second(s)

2018-06-10 19:44:21 - [TEST_STEP][PASSED] - Statement - RequestedQty = com.kms.katalon.core.webui.keyword.WebUiBuiltInKeywords.getAttribute(com.kms.katalon.core.testobject.ObjectRepository.findTestObject(Emergency/Page_Store/input_txttotal), "value"): Attribute 'value' of object 'Object Repository/Emergency/Page_Store/input_txttotal' is: '10'

2018-06-10 19:44:21 - [MESSAGE][PASSED] - Attribute 'value' of object 'Object Repository/Emergency/Page_Store/input_txttotal' is: '10'

2018-06-10 19:44:21 - [TEST_STEP][PASSED] - Statement - out.println("Requested QTY : " + RequestedQty): null

2018-06-10 19:44:21 - [TEST_STEP][PASSED] - Statement - BatchNumber = com.kms.katalon.core.webui.keyword.WebUiBuiltInKeywords.getNumberOfTotalOption(com.kms.katalon.core.testobject.ObjectRepository.findTestObject(Emergency/Page_Store/select_--Select--BA1150BA4110)): 3 options of object 'Object Repository/Emergency/Page_Store/select_--Select--BA1150BA4110' counted

2018-06-10 19:44:21 - [MESSAGE][PASSED] - 3 options of object 'Object Repository/Emergency/Page_Store/select_--Select--BA1150BA4110' counted

2018-06-10 19:44:21 - [TEST_STEP][PASSED] - Statement - For ([g = 1, g <= BatchNumber - 1, (g++)]): null

2018-06-10 19:44:21 - [TEST_STEP][PASSED] - selectOptionByIndex: All options with index in [1] are selected on object 'Object Repository/Emergency/Page_Store/select_--Select--BA1150BA4110'

2018-06-10 19:44:21 - [MESSAGE][PASSED] - All options with index in [1] are selected on object 'Object Repository/Emergency/Page_Store/select_--Select--BA1150BA4110'

2018-06-10 19:44:21 - [TEST_STEP][PASSED] - delay: Delayed 2 second(s)

2018-06-10 19:44:23 - [MESSAGE][PASSED] - Delayed 2 second(s)

2018-06-10 19:44:23 - [TEST_STEP][PASSED] - Statement - Try: null

2018-06-10 19:44:23 - [TEST_STEP][PASSED] - Statement - StockQty = com.kms.katalon.core.webui.keyword.WebUiBuiltInKeywords.getAttribute(com.kms.katalon.core.testobject.ObjectRepository.findTestObject(Emergency/Page_Store/input_txtprice), "value"): Attribute 'value' of object 'Object Repository/Emergency/Page_Store/input_txtprice' is: '1670'

2018-06-10 19:44:23 - [MESSAGE][PASSED] - Attribute 'value' of object 'Object Repository/Emergency/Page_Store/input_txtprice' is: '1670'

2018-06-10 19:44:23 - [TEST_STEP][PASSED] - Statement - out.println("Stock QTY : " + StockQty): null

2018-06-10 19:44:23 - [TEST_STEP][PASSED] - delay: Delayed 2 second(s)

2018-06-10 19:44:25 - [MESSAGE][PASSED] - Delayed 2 second(s)

2018-06-10 19:44:25 - [TEST_STEP][PASSED] - Statement - If (java.lang.Integer.valueOf(StockQty) >= java.lang.Integer.valueOf(RequestedQty)): null

2018-06-10 19:44:25 - [TEST_STEP][PASSED] - delay: Delayed 1 second(s)

2018-06-10 19:44:26 - [MESSAGE][PASSED] - Delayed 1 second(s)

2018-06-10 19:44:26 - [TEST_STEP][PASSED] - setText: Text '10' is set on object 'Object Repository/Emergency/Page_Store/input_txtqty'

2018-06-10 19:44:26 - [MESSAGE][PASSED] - Text '10' is set on object 'Object Repository/Emergency/Page_Store/input_txtqty'

2018-06-10 19:44:26 - [TEST_STEP][PASSED] - click: Object: 'Object Repository/Emergency/Page_Store/button_Add' is clicked on

2018-06-10 19:44:27 - [MESSAGE][PASSED] - Object: 'Object Repository/Emergency/Page_Store/button_Add' is clicked on

2018-06-10 19:44:27 - [TEST_STEP][PASSED] - Statement - Break: null

2018-06-10 19:44:27 - [TEST_STEP][PASSED] - selectOptionByIndex: All options with index in [30] are selected on object 'Object Repository/Emergency/Page_Store/select_--Select--Amikacin -500'

2018-06-10 19:44:27 - [MESSAGE][PASSED] - All options with index in [30] are selected on object 'Object Repository/Emergency/Page_Store/select_--Select--Amikacin -500'

2018-06-10 19:44:27 - [TEST_STEP][PASSED] - delay: Delayed 1 second(s)

2018-06-10 19:44:28 - [MESSAGE][PASSED] - Delayed 1 second(s)

2018-06-10 19:44:28 - [TEST_STEP][PASSED] - Statement - RequestedQty = com.kms.katalon.core.webui.keyword.WebUiBuiltInKeywords.getAttribute(com.kms.katalon.core.testobject.ObjectRepository.findTestObject(Emergency/Page_Store/input_txttotal), "value"): Attribute 'value' of object 'Object Repository/Emergency/Page_Store/input_txttotal' is: '10'

2018-06-10 19:44:28 - [MESSAGE][PASSED] - Attribute 'value' of object 'Object Repository/Emergency/Page_Store/input_txttotal' is: '10'

2018-06-10 19:44:28 - [TEST_STEP][PASSED] - Statement - out.println("Requested QTY : " + RequestedQty): null

2018-06-10 19:44:28 - [TEST_STEP][PASSED] - Statement - BatchNumber = com.kms.katalon.core.webui.keyword.WebUiBuiltInKeywords.getNumberOfTotalOption(com.kms.katalon.core.testobject.ObjectRepository.findTestObject(Emergency/Page_Store/select_--Select--BA1150BA4110)): 3 options of object 'Object Repository/Emergency/Page_Store/select_--Select--BA1150BA4110' counted

2018-06-10 19:44:28 - [MESSAGE][PASSED] - 3 options of object 'Object Repository/Emergency/Page_Store/select_--Select--BA1150BA4110' counted

2018-06-10 19:44:28 - [TEST_STEP][PASSED] - Statement - For ([g = 1, g <= BatchNumber - 1, (g++)]): null

2018-06-10 19:44:28 - [TEST_STEP][PASSED] - selectOptionByIndex: All options with index in [1] are selected on object 'Object Repository/Emergency/Page_Store/select_--Select--BA1150BA4110'

2018-06-10 19:44:28 - [MESSAGE][PASSED] - All options with index in [1] are selected on object 'Object Repository/Emergency/Page_Store/select_--Select--BA1150BA4110'

2018-06-10 19:44:28 - [TEST_STEP][PASSED] - delay: Delayed 2 second(s)

2018-06-10 19:44:30 - [MESSAGE][PASSED] - Delayed 2 second(s)

2018-06-10 19:44:30 - [TEST_STEP][PASSED] - Statement - Try: null

2018-06-10 19:44:30 - [TEST_STEP][PASSED] - Statement - StockQty = com.kms.katalon.core.webui.keyword.WebUiBuiltInKeywords.getAttribute(com.kms.katalon.core.testobject.ObjectRepository.findTestObject(Emergency/Page_Store/input_txtprice), "value"): Attribute 'value' of object 'Object Repository/Emergency/Page_Store/input_txtprice' is: '1670'

2018-06-10 19:44:30 - [MESSAGE][PASSED] - Attribute 'value' of object 'Object Repository/Emergency/Page_Store/input_txtprice' is: '1670'

2018-06-10 19:44:30 - [TEST_STEP][PASSED] - Statement - out.println("Stock QTY : " + StockQty): null

2018-06-10 19:44:30 - [TEST_STEP][PASSED] - delay: Delayed 2 second(s)

2018-06-10 19:44:32 - [MESSAGE][PASSED] - Delayed 2 second(s)

2018-06-10 19:44:32 - [TEST_STEP][PASSED] - Statement - If (java.lang.Integer.valueOf(StockQty) >= java.lang.Integer.valueOf(RequestedQty)): null

2018-06-10 19:44:32 - [TEST_STEP][PASSED] - delay: Delayed 1 second(s)

2018-06-10 19:44:33 - [MESSAGE][PASSED] - Delayed 1 second(s)

2018-06-10 19:44:33 - [TEST_STEP][PASSED] - setText: Text '10' is set on object 'Object Repository/Emergency/Page_Store/input_txtqty'

2018-06-10 19:44:33 - [MESSAGE][PASSED] - Text '10' is set on object 'Object Repository/Emergency/Page_Store/input_txtqty'

2018-06-10 19:44:33 - [TEST_STEP][PASSED] - click: Object: 'Object Repository/Emergency/Page_Store/button_Add' is clicked on

2018-06-10 19:44:33 - [MESSAGE][PASSED] - Object: 'Object Repository/Emergency/Page_Store/button_Add' is clicked on

2018-06-10 19:44:33 - [TEST_STEP][PASSED] - Statement - Break: null

2018-06-10 19:44:33 - [TEST_STEP][PASSED] - selectOptionByIndex: All options with index in [31] are selected on object 'Object Repository/Emergency/Page_Store/select_--Select--Amikacin -500'

2018-06-10 19:44:34 - [MESSAGE][PASSED] - All options with index in [31] are selected on object 'Object Repository/Emergency/Page_Store/select_--Select--Amikacin -500'

2018-06-10 19:44:34 - [TEST_STEP][PASSED] - delay: Delayed 1 second(s)

2018-06-10 19:44:35 - [MESSAGE][PASSED] - Delayed 1 second(s)

2018-06-10 19:44:35 - [TEST_STEP][PASSED] - Statement - RequestedQty = com.kms.katalon.core.webui.keyword.WebUiBuiltInKeywords.getAttribute(com.kms.katalon.core.testobject.ObjectRepository.findTestObject(Emergency/Page_Store/input_txttotal), "value"): Attribute 'value' of object 'Object Repository/Emergency/Page_Store/input_txttotal' is: '10'

2018-06-10 19:44:35 - [MESSAGE][PASSED] - Attribute 'value' of object 'Object Repository/Emergency/Page_Store/input_txttotal' is: '10'

2018-06-10 19:44:35 - [TEST_STEP][PASSED] - Statement - out.println("Requested QTY : " + RequestedQty): null

2018-06-10 19:44:35 - [TEST_STEP][PASSED] - Statement - BatchNumber = com.kms.katalon.core.webui.keyword.WebUiBuiltInKeywords.getNumberOfTotalOption(com.kms.katalon.core.testobject.ObjectRepository.findTestObject(Emergency/Page_Store/select_--Select--BA1150BA4110)): 5 options of object 'Object Repository/Emergency/Page_Store/select_--Select--BA1150BA4110' counted

2018-06-10 19:44:35 - [MESSAGE][PASSED] - 5 options of object 'Object Repository/Emergency/Page_Store/select_--Select--BA1150BA4110' counted

2018-06-10 19:44:35 - [TEST_STEP][PASSED] - Statement - For ([g = 1, g <= BatchNumber - 1, (g++)]): null

2018-06-10 19:44:35 - [TEST_STEP][PASSED] - selectOptionByIndex: All options with index in [1] are selected on object 'Object Repository/Emergency/Page_Store/select_--Select--BA1150BA4110'

2018-06-10 19:44:35 - [MESSAGE][PASSED] - All options with index in [1] are selected on object 'Object Repository/Emergency/Page_Store/select_--Select--BA1150BA4110'

2018-06-10 19:44:35 - [TEST_STEP][PASSED] - delay: Delayed 2 second(s)

2018-06-10 19:44:37 - [MESSAGE][PASSED] - Delayed 2 second(s)

2018-06-10 19:44:37 - [TEST_STEP][PASSED] - Statement - Try: null

2018-06-10 19:44:37 - [TEST_STEP][PASSED] - Statement - StockQty = com.kms.katalon.core.webui.keyword.WebUiBuiltInKeywords.getAttribute(com.kms.katalon.core.testobject.ObjectRepository.findTestObject(Emergency/Page_Store/input_txtprice), "value"): Attribute 'value' of object 'Object Repository/Emergency/Page_Store/input_txtprice' is: '290'

2018-06-10 19:44:37 - [MESSAGE][PASSED] - Attribute 'value' of object 'Object Repository/Emergency/Page_Store/input_txtprice' is: '290'

2018-06-10 19:44:37 - [TEST_STEP][PASSED] - Statement - out.println("Stock QTY : " + StockQty): null

2018-06-10 19:44:37 - [TEST_STEP][PASSED] - delay: Delayed 2 second(s)

2018-06-10 19:44:39 - [MESSAGE][PASSED] - Delayed 2 second(s)

2018-06-10 19:44:39 - [TEST_STEP][PASSED] - Statement - If (java.lang.Integer.valueOf(StockQty) >= java.lang.Integer.valueOf(RequestedQty)): null

2018-06-10 19:44:39 - [TEST_STEP][PASSED] - delay: Delayed 1 second(s)

2018-06-10 19:44:40 - [MESSAGE][PASSED] - Delayed 1 second(s)

2018-06-10 19:44:40 - [TEST_STEP][PASSED] - setText: Text '10' is set on object 'Object Repository/Emergency/Page_Store/input_txtqty'

2018-06-10 19:44:40 - [MESSAGE][PASSED] - Text '10' is set on object 'Object Repository/Emergency/Page_Store/input_txtqty'

2018-06-10 19:44:40 - [TEST_STEP][PASSED] - click: Object: 'Object Repository/Emergency/Page_Store/button_Add' is clicked on

2018-06-10 19:44:40 - [MESSAGE][PASSED] - Object: 'Object Repository/Emergency/Page_Store/button_Add' is clicked on

2018-06-10 19:44:40 - [TEST_STEP][PASSED] - Statement - Break: null

2018-06-10 19:44:40 - [TEST_STEP][PASSED] - selectOptionByIndex: All options with index in [32] are selected on object 'Object Repository/Emergency/Page_Store/select_--Select--Amikacin -500'

2018-06-10 19:44:41 - [MESSAGE][PASSED] - All options with index in [32] are selected on object 'Object Repository/Emergency/Page_Store/select_--Select--Amikacin -500'

2018-06-10 19:44:41 - [TEST_STEP][PASSED] - delay: Delayed 1 second(s)

2018-06-10 19:44:42 - [MESSAGE][PASSED] - Delayed 1 second(s)

2018-06-10 19:44:42 - [TEST_STEP][PASSED] - Statement - RequestedQty = com.kms.katalon.core.webui.keyword.WebUiBuiltInKeywords.getAttribute(com.kms.katalon.core.testobject.ObjectRepository.findTestObject(Emergency/Page_Store/input_txttotal), "value"): Attribute 'value' of object 'Object Repository/Emergency/Page_Store/input_txttotal' is: '10'

2018-06-10 19:44:42 - [MESSAGE][PASSED] - Attribute 'value' of object 'Object Repository/Emergency/Page_Store/input_txttotal' is: '10'

2018-06-10 19:44:42 - [TEST_STEP][PASSED] - Statement - out.println("Requested QTY : " + RequestedQty): null

2018-06-10 19:44:42 - [TEST_STEP][PASSED] - Statement - BatchNumber = com.kms.katalon.core.webui.keyword.WebUiBuiltInKeywords.getNumberOfTotalOption(com.kms.katalon.core.testobject.ObjectRepository.findTestObject(Emergency/Page_Store/select_--Select--BA1150BA4110)): 5 options of object 'Object Repository/Emergency/Page_Store/select_--Select--BA1150BA4110' counted

2018-06-10 19:44:42 - [MESSAGE][PASSED] - 5 options of object 'Object Repository/Emergency/Page_Store/select_--Select--BA1150BA4110' counted

2018-06-10 19:44:42 - [TEST_STEP][PASSED] - Statement - For ([g = 1, g <= BatchNumber - 1, (g++)]): null

2018-06-10 19:44:42 - [TEST_STEP][PASSED] - selectOptionByIndex: All options with index in [1] are selected on object 'Object Repository/Emergency/Page_Store/select_--Select--BA1150BA4110'

2018-06-10 19:44:42 - [MESSAGE][PASSED] - All options with index in [1] are selected on object 'Object Repository/Emergency/Page_Store/select_--Select--BA1150BA4110'

2018-06-10 19:44:42 - [TEST_STEP][PASSED] - delay: Delayed 2 second(s)

2018-06-10 19:44:44 - [MESSAGE][PASSED] - Delayed 2 second(s)

2018-06-10 19:44:44 - [TEST_STEP][PASSED] - Statement - Try: null

2018-06-10 19:44:44 - [TEST_STEP][PASSED] - Statement - StockQty = com.kms.katalon.core.webui.keyword.WebUiBuiltInKeywords.getAttribute(com.kms.katalon.core.testobject.ObjectRepository.findTestObject(Emergency/Page_Store/input_txtprice), "value"): Attribute 'value' of object 'Object Repository/Emergency/Page_Store/input_txtprice' is: '290'

2018-06-10 19:44:44 - [MESSAGE][PASSED] - Attribute 'value' of object 'Object Repository/Emergency/Page_Store/input_txtprice' is: '290'

2018-06-10 19:44:44 - [TEST_STEP][PASSED] - Statement - out.println("Stock QTY : " + StockQty): null

2018-06-10 19:44:44 - [TEST_STEP][PASSED] - delay: Delayed 2 second(s)

2018-06-10 19:44:46 - [MESSAGE][PASSED] - Delayed 2 second(s)

2018-06-10 19:44:46 - [TEST_STEP][PASSED] - Statement - If (java.lang.Integer.valueOf(StockQty) >= java.lang.Integer.valueOf(RequestedQty)): null

2018-06-10 19:44:46 - [TEST_STEP][PASSED] - delay: Delayed 1 second(s)

2018-06-10 19:44:47 - [MESSAGE][PASSED] - Delayed 1 second(s)

2018-06-10 19:44:47 - [TEST_STEP][PASSED] - setText: Text '10' is set on object 'Object Repository/Emergency/Page_Store/input_txtqty'

2018-06-10 19:44:47 - [MESSAGE][PASSED] - Text '10' is set on object 'Object Repository/Emergency/Page_Store/input_txtqty'

2018-06-10 19:44:47 - [TEST_STEP][PASSED] - click: Object: 'Object Repository/Emergency/Page_Store/button_Add' is clicked on

2018-06-10 19:44:47 - [MESSAGE][PASSED] - Object: 'Object Repository/Emergency/Page_Store/button_Add' is clicked on

2018-06-10 19:44:47 - [TEST_STEP][PASSED] - Statement - Break: null

2018-06-10 19:44:47 - [TEST_STEP][PASSED] - selectOptionByIndex: All options with index in [33] are selected on object 'Object Repository/Emergency/Page_Store/select_--Select--Amikacin -500'

2018-06-10 19:44:47 - [MESSAGE][PASSED] - All options with index in [33] are selected on object 'Object Repository/Emergency/Page_Store/select_--Select--Amikacin -500'

2018-06-10 19:44:47 - [TEST_STEP][PASSED] - delay: Delayed 1 second(s)

2018-06-10 19:44:48 - [MESSAGE][PASSED] - Delayed 1 second(s)

2018-06-10 19:44:48 - [TEST_STEP][PASSED] - Statement - RequestedQty = com.kms.katalon.core.webui.keyword.WebUiBuiltInKeywords.getAttribute(com.kms.katalon.core.testobject.ObjectRepository.findTestObject(Emergency/Page_Store/input_txttotal), "value"): Attribute 'value' of object 'Object Repository/Emergency/Page_Store/input_txttotal' is: '10'

2018-06-10 19:44:49 - [MESSAGE][PASSED] - Attribute 'value' of object 'Object Repository/Emergency/Page_Store/input_txttotal' is: '10'

2018-06-10 19:44:49 - [TEST_STEP][PASSED] - Statement - out.println("Requested QTY : " + RequestedQty): null

2018-06-10 19:44:49 - [TEST_STEP][PASSED] - Statement - BatchNumber = com.kms.katalon.core.webui.keyword.WebUiBuiltInKeywords.getNumberOfTotalOption(com.kms.katalon.core.testobject.ObjectRepository.findTestObject(Emergency/Page_Store/select_--Select--BA1150BA4110)): 3 options of object 'Object Repository/Emergency/Page_Store/select_--Select--BA1150BA4110' counted

2018-06-10 19:44:49 - [MESSAGE][PASSED] - 3 options of object 'Object Repository/Emergency/Page_Store/select_--Select--BA1150BA4110' counted

2018-06-10 19:44:49 - [TEST_STEP][PASSED] - Statement - For ([g = 1, g <= BatchNumber - 1, (g++)]): null

2018-06-10 19:44:49 - [TEST_STEP][PASSED] - selectOptionByIndex: All options with index in [1] are selected on object 'Object Repository/Emergency/Page_Store/select_--Select--BA1150BA4110'

2018-06-10 19:44:49 - [MESSAGE][PASSED] - All options with index in [1] are selected on object 'Object Repository/Emergency/Page_Store/select_--Select--BA1150BA4110'

2018-06-10 19:44:49 - [TEST_STEP][PASSED] - delay: Delayed 2 second(s)

2018-06-10 19:44:51 - [MESSAGE][PASSED] - Delayed 2 second(s)

2018-06-10 19:44:51 - [TEST_STEP][PASSED] - Statement - Try: null

2018-06-10 19:44:51 - [TEST_STEP][PASSED] - Statement - StockQty = com.kms.katalon.core.webui.keyword.WebUiBuiltInKeywords.getAttribute(com.kms.katalon.core.testobject.ObjectRepository.findTestObject(Emergency/Page_Store/input_txtprice), "value"): Attribute 'value' of object 'Object Repository/Emergency/Page_Store/input_txtprice' is: '1700'

2018-06-10 19:44:51 - [MESSAGE][PASSED] - Attribute 'value' of object 'Object Repository/Emergency/Page_Store/input_txtprice' is: '1700'

2018-06-10 19:44:51 - [TEST_STEP][PASSED] - Statement - out.println("Stock QTY : " + StockQty): null

2018-06-10 19:44:51 - [TEST_STEP][PASSED] - delay: Delayed 2 second(s)

2018-06-10 19:44:53 - [MESSAGE][PASSED] - Delayed 2 second(s)

2018-06-10 19:44:53 - [TEST_STEP][PASSED] - Statement - If (java.lang.Integer.valueOf(StockQty) >= java.lang.Integer.valueOf(RequestedQty)): null

2018-06-10 19:44:53 - [TEST_STEP][PASSED] - delay: Delayed 1 second(s)

2018-06-10 19:44:54 - [MESSAGE][PASSED] - Delayed 1 second(s)

2018-06-10 19:44:54 - [TEST_STEP][PASSED] - setText: Text '10' is set on object 'Object Repository/Emergency/Page_Store/input_txtqty'

2018-06-10 19:44:54 - [MESSAGE][PASSED] - Text '10' is set on object 'Object Repository/Emergency/Page_Store/input_txtqty'

2018-06-10 19:44:54 - [TEST_STEP][PASSED] - click: Object: 'Object Repository/Emergency/Page_Store/button_Add' is clicked on

2018-06-10 19:44:54 - [MESSAGE][PASSED] - Object: 'Object Repository/Emergency/Page_Store/button_Add' is clicked on

2018-06-10 19:44:54 - [TEST_STEP][PASSED] - Statement - Break: null

2018-06-10 19:44:54 - [TEST_STEP][PASSED] - selectOptionByIndex: All options with index in [34] are selected on object 'Object Repository/Emergency/Page_Store/select_--Select--Amikacin -500'

2018-06-10 19:44:54 - [MESSAGE][PASSED] - All options with index in [34] are selected on object 'Object Repository/Emergency/Page_Store/select_--Select--Amikacin -500'

2018-06-10 19:44:54 - [TEST_STEP][PASSED] - delay: Delayed 1 second(s)

2018-06-10 19:44:55 - [MESSAGE][PASSED] - Delayed 1 second(s)

2018-06-10 19:44:55 - [TEST_STEP][PASSED] - Statement - RequestedQty = com.kms.katalon.core.webui.keyword.WebUiBuiltInKeywords.getAttribute(com.kms.katalon.core.testobject.ObjectRepository.findTestObject(Emergency/Page_Store/input_txttotal), "value"): Attribute 'value' of object 'Object Repository/Emergency/Page_Store/input_txttotal' is: '10'

2018-06-10 19:44:55 - [MESSAGE][PASSED] - Attribute 'value' of object 'Object Repository/Emergency/Page_Store/input_txttotal' is: '10'

2018-06-10 19:44:55 - [TEST_STEP][PASSED] - Statement - out.println("Requested QTY : " + RequestedQty): null

2018-06-10 19:44:55 - [TEST_STEP][PASSED] - Statement - BatchNumber = com.kms.katalon.core.webui.keyword.WebUiBuiltInKeywords.getNumberOfTotalOption(com.kms.katalon.core.testobject.ObjectRepository.findTestObject(Emergency/Page_Store/select_--Select--BA1150BA4110)): 3 options of object 'Object Repository/Emergency/Page_Store/select_--Select--BA1150BA4110' counted

2018-06-10 19:44:55 - [MESSAGE][PASSED] - 3 options of object 'Object Repository/Emergency/Page_Store/select_--Select--BA1150BA4110' counted

2018-06-10 19:44:55 - [TEST_STEP][PASSED] - Statement - For ([g = 1, g <= BatchNumber - 1, (g++)]): null

2018-06-10 19:44:55 - [TEST_STEP][PASSED] - selectOptionByIndex: All options with index in [1] are selected on object 'Object Repository/Emergency/Page_Store/select_--Select--BA1150BA4110'

2018-06-10 19:44:56 - [MESSAGE][PASSED] - All options with index in [1] are selected on object 'Object Repository/Emergency/Page_Store/select_--Select--BA1150BA4110'

2018-06-10 19:44:56 - [TEST_STEP][PASSED] - delay: Delayed 2 second(s)

2018-06-10 19:44:58 - [MESSAGE][PASSED] - Delayed 2 second(s)

2018-06-10 19:44:58 - [TEST_STEP][PASSED] - Statement - Try: null

2018-06-10 19:44:58 - [TEST_STEP][PASSED] - Statement - StockQty = com.kms.katalon.core.webui.keyword.WebUiBuiltInKeywords.getAttribute(com.kms.katalon.core.testobject.ObjectRepository.findTestObject(Emergency/Page_Store/input_txtprice), "value"): Attribute 'value' of object 'Object Repository/Emergency/Page_Store/input_txtprice' is: '1570'

2018-06-10 19:44:58 - [MESSAGE][PASSED] - Attribute 'value' of object 'Object Repository/Emergency/Page_Store/input_txtprice' is: '1570'

2018-06-10 19:44:58 - [TEST_STEP][PASSED] - Statement - out.println("Stock QTY : " + StockQty): null

2018-06-10 19:44:58 - [TEST_STEP][PASSED] - delay: Delayed 2 second(s)

2018-06-10 19:45:00 - [MESSAGE][PASSED] - Delayed 2 second(s)

2018-06-10 19:45:00 - [TEST_STEP][PASSED] - Statement - If (java.lang.Integer.valueOf(StockQty) >= java.lang.Integer.valueOf(RequestedQty)): null

2018-06-10 19:45:00 - [TEST_STEP][PASSED] - delay: Delayed 1 second(s)

2018-06-10 19:45:01 - [MESSAGE][PASSED] - Delayed 1 second(s)

2018-06-10 19:45:01 - [TEST_STEP][PASSED] - setText: Text '10' is set on object 'Object Repository/Emergency/Page_Store/input_txtqty'

2018-06-10 19:45:01 - [MESSAGE][PASSED] - Text '10' is set on object 'Object Repository/Emergency/Page_Store/input_txtqty'

2018-06-10 19:45:01 - [TEST_STEP][PASSED] - click: Object: 'Object Repository/Emergency/Page_Store/button_Add' is clicked on

2018-06-10 19:45:01 - [MESSAGE][PASSED] - Object: 'Object Repository/Emergency/Page_Store/button_Add' is clicked on

2018-06-10 19:45:01 - [TEST_STEP][PASSED] - Statement - Break: null

2018-06-10 19:45:01 - [TEST_STEP][PASSED] - selectOptionByIndex: All options with index in [35] are selected on object 'Object Repository/Emergency/Page_Store/select_--Select--Amikacin -500'

2018-06-10 19:45:01 - [MESSAGE][PASSED] - All options with index in [35] are selected on object 'Object Repository/Emergency/Page_Store/select_--Select--Amikacin -500'

2018-06-10 19:45:01 - [TEST_STEP][PASSED] - delay: Delayed 1 second(s)

2018-06-10 19:45:02 - [MESSAGE][PASSED] - Delayed 1 second(s)

2018-06-10 19:45:02 - [TEST_STEP][PASSED] - Statement - RequestedQty = com.kms.katalon.core.webui.keyword.WebUiBuiltInKeywords.getAttribute(com.kms.katalon.core.testobject.ObjectRepository.findTestObject(Emergency/Page_Store/input_txttotal), "value"): Attribute 'value' of object 'Object Repository/Emergency/Page_Store/input_txttotal' is: '10'

2018-06-10 19:45:02 - [MESSAGE][PASSED] - Attribute 'value' of object 'Object Repository/Emergency/Page_Store/input_txttotal' is: '10'

2018-06-10 19:45:02 - [TEST_STEP][PASSED] - Statement - out.println("Requested QTY : " + RequestedQty): null

2018-06-10 19:45:02 - [TEST_STEP][PASSED] - Statement - BatchNumber = com.kms.katalon.core.webui.keyword.WebUiBuiltInKeywords.getNumberOfTotalOption(com.kms.katalon.core.testobject.ObjectRepository.findTestObject(Emergency/Page_Store/select_--Select--BA1150BA4110)): 3 options of object 'Object Repository/Emergency/Page_Store/select_--Select--BA1150BA4110' counted

2018-06-10 19:45:02 - [MESSAGE][PASSED] - 3 options of object 'Object Repository/Emergency/Page_Store/select_--Select--BA1150BA4110' counted

2018-06-10 19:45:02 - [TEST_STEP][PASSED] - Statement - For ([g = 1, g <= BatchNumber - 1, (g++)]): null

2018-06-10 19:45:02 - [TEST_STEP][PASSED] - selectOptionByIndex: All options with index in [1] are selected on object 'Object Repository/Emergency/Page_Store/select_--Select--BA1150BA4110'

2018-06-10 19:45:02 - [MESSAGE][PASSED] - All options with index in [1] are selected on object 'Object Repository/Emergency/Page_Store/select_--Select--BA1150BA4110'

2018-06-10 19:45:02 - [TEST_STEP][PASSED] - delay: Delayed 2 second(s)

2018-06-10 19:45:04 - [MESSAGE][PASSED] - Delayed 2 second(s)

2018-06-10 19:45:04 - [TEST_STEP][PASSED] - Statement - Try: null

2018-06-10 19:45:04 - [TEST_STEP][PASSED] - Statement - StockQty = com.kms.katalon.core.webui.keyword.WebUiBuiltInKeywords.getAttribute(com.kms.katalon.core.testobject.ObjectRepository.findTestObject(Emergency/Page_Store/input_txtprice), "value"): Attribute 'value' of object 'Object Repository/Emergency/Page_Store/input_txtprice' is: '2570'

2018-06-10 19:45:04 - [MESSAGE][PASSED] - Attribute 'value' of object 'Object Repository/Emergency/Page_Store/input_txtprice' is: '2570'

2018-06-10 19:45:04 - [TEST_STEP][PASSED] - Statement - out.println("Stock QTY : " + StockQty): null

2018-06-10 19:45:04 - [TEST_STEP][PASSED] - delay: Delayed 2 second(s)

2018-06-10 19:45:06 - [MESSAGE][PASSED] - Delayed 2 second(s)

2018-06-10 19:45:06 - [TEST_STEP][PASSED] - Statement - If (java.lang.Integer.valueOf(StockQty) >= java.lang.Integer.valueOf(RequestedQty)): null

2018-06-10 19:45:06 - [TEST_STEP][PASSED] - delay: Delayed 1 second(s)

2018-06-10 19:45:07 - [MESSAGE][PASSED] - Delayed 1 second(s)

2018-06-10 19:45:07 - [TEST_STEP][PASSED] - setText: Text '10' is set on object 'Object Repository/Emergency/Page_Store/input_txtqty'

2018-06-10 19:45:07 - [MESSAGE][PASSED] - Text '10' is set on object 'Object Repository/Emergency/Page_Store/input_txtqty'

2018-06-10 19:45:07 - [TEST_STEP][PASSED] - click: Object: 'Object Repository/Emergency/Page_Store/button_Add' is clicked on

2018-06-10 19:45:08 - [MESSAGE][PASSED] - Object: 'Object Repository/Emergency/Page_Store/button_Add' is clicked on

2018-06-10 19:45:08 - [TEST_STEP][PASSED] - Statement - Break: null

2018-06-10 19:45:08 - [TEST_STEP][PASSED] - selectOptionByIndex: All options with index in [36] are selected on object 'Object Repository/Emergency/Page_Store/select_--Select--Amikacin -500'

2018-06-10 19:45:08 - [MESSAGE][PASSED] - All options with index in [36] are selected on object 'Object Repository/Emergency/Page_Store/select_--Select--Amikacin -500'

2018-06-10 19:45:08 - [TEST_STEP][PASSED] - delay: Delayed 1 second(s)

2018-06-10 19:45:09 - [MESSAGE][PASSED] - Delayed 1 second(s)

2018-06-10 19:45:09 - [TEST_STEP][PASSED] - Statement - RequestedQty = com.kms.katalon.core.webui.keyword.WebUiBuiltInKeywords.getAttribute(com.kms.katalon.core.testobject.ObjectRepository.findTestObject(Emergency/Page_Store/input_txttotal), "value"): Attribute 'value' of object 'Object Repository/Emergency/Page_Store/input_txttotal' is: '10'

2018-06-10 19:45:09 - [MESSAGE][PASSED] - Attribute 'value' of object 'Object Repository/Emergency/Page_Store/input_txttotal' is: '10'

2018-06-10 19:45:09 - [TEST_STEP][PASSED] - Statement - out.println("Requested QTY : " + RequestedQty): null

2018-06-10 19:45:09 - [TEST_STEP][PASSED] - Statement - BatchNumber = com.kms.katalon.core.webui.keyword.WebUiBuiltInKeywords.getNumberOfTotalOption(com.kms.katalon.core.testobject.ObjectRepository.findTestObject(Emergency/Page_Store/select_--Select--BA1150BA4110)): 5 options of object 'Object Repository/Emergency/Page_Store/select_--Select--BA1150BA4110' counted

2018-06-10 19:45:09 - [MESSAGE][PASSED] - 5 options of object 'Object Repository/Emergency/Page_Store/select_--Select--BA1150BA4110' counted

2018-06-10 19:45:09 - [TEST_STEP][PASSED] - Statement - For ([g = 1, g <= BatchNumber - 1, (g++)]): null

2018-06-10 19:45:09 - [TEST_STEP][PASSED] - selectOptionByIndex: All options with index in [1] are selected on object 'Object Repository/Emergency/Page_Store/select_--Select--BA1150BA4110'

2018-06-10 19:45:09 - [MESSAGE][PASSED] - All options with index in [1] are selected on object 'Object Repository/Emergency/Page_Store/select_--Select--BA1150BA4110'

2018-06-10 19:45:09 - [TEST_STEP][PASSED] - delay: Delayed 2 second(s)

2018-06-10 19:45:11 - [MESSAGE][PASSED] - Delayed 2 second(s)

2018-06-10 19:45:11 - [TEST_STEP][PASSED] - Statement - Try: null

2018-06-10 19:45:11 - [TEST_STEP][PASSED] - Statement - StockQty = com.kms.katalon.core.webui.keyword.WebUiBuiltInKeywords.getAttribute(com.kms.katalon.core.testobject.ObjectRepository.findTestObject(Emergency/Page_Store/input_txtprice), "value"): Attribute 'value' of object 'Object Repository/Emergency/Page_Store/input_txtprice' is: '640'

2018-06-10 19:45:11 - [MESSAGE][PASSED] - Attribute 'value' of object 'Object Repository/Emergency/Page_Store/input_txtprice' is: '640'

2018-06-10 19:45:11 - [TEST_STEP][PASSED] - Statement - out.println("Stock QTY : " + StockQty): null

2018-06-10 19:45:11 - [TEST_STEP][PASSED] - delay: Delayed 2 second(s)

2018-06-10 19:45:13 - [MESSAGE][PASSED] - Delayed 2 second(s)

2018-06-10 19:45:13 - [TEST_STEP][PASSED] - Statement - If (java.lang.Integer.valueOf(StockQty) >= java.lang.Integer.valueOf(RequestedQty)): null

2018-06-10 19:45:13 - [TEST_STEP][PASSED] - delay: Delayed 1 second(s)

2018-06-10 19:45:14 - [MESSAGE][PASSED] - Delayed 1 second(s)

2018-06-10 19:45:14 - [TEST_STEP][PASSED] - setText: Text '10' is set on object 'Object Repository/Emergency/Page_Store/input_txtqty'

2018-06-10 19:45:14 - [MESSAGE][PASSED] - Text '10' is set on object 'Object Repository/Emergency/Page_Store/input_txtqty'

2018-06-10 19:45:14 - [TEST_STEP][PASSED] - click: Object: 'Object Repository/Emergency/Page_Store/button_Add' is clicked on

2018-06-10 19:45:14 - [MESSAGE][PASSED] - Object: 'Object Repository/Emergency/Page_Store/button_Add' is clicked on

2018-06-10 19:45:14 - [TEST_STEP][PASSED] - Statement - Break: null

2018-06-10 19:45:14 - [TEST_STEP][PASSED] - selectOptionByIndex: All options with index in [37] are selected on object 'Object Repository/Emergency/Page_Store/select_--Select--Amikacin -500'

2018-06-10 19:45:15 - [MESSAGE][PASSED] - All options with index in [37] are selected on object 'Object Repository/Emergency/Page_Store/select_--Select--Amikacin -500'

2018-06-10 19:45:15 - [TEST_STEP][PASSED] - delay: Delayed 1 second(s)

2018-06-10 19:45:16 - [MESSAGE][PASSED] - Delayed 1 second(s)

2018-06-10 19:45:16 - [TEST_STEP][PASSED] - Statement - RequestedQty = com.kms.katalon.core.webui.keyword.WebUiBuiltInKeywords.getAttribute(com.kms.katalon.core.testobject.ObjectRepository.findTestObject(Emergency/Page_Store/input_txttotal), "value"): Attribute 'value' of object 'Object Repository/Emergency/Page_Store/input_txttotal' is: '10'

2018-06-10 19:45:16 - [MESSAGE][PASSED] - Attribute 'value' of object 'Object Repository/Emergency/Page_Store/input_txttotal' is: '10'

2018-06-10 19:45:16 - [TEST_STEP][PASSED] - Statement - out.println("Requested QTY : " + RequestedQty): null

2018-06-10 19:45:16 - [TEST_STEP][PASSED] - Statement - BatchNumber = com.kms.katalon.core.webui.keyword.WebUiBuiltInKeywords.getNumberOfTotalOption(com.kms.katalon.core.testobject.ObjectRepository.findTestObject(Emergency/Page_Store/select_--Select--BA1150BA4110)): 4 options of object 'Object Repository/Emergency/Page_Store/select_--Select--BA1150BA4110' counted

2018-06-10 19:45:16 - [MESSAGE][PASSED] - 4 options of object 'Object Repository/Emergency/Page_Store/select_--Select--BA1150BA4110' counted

2018-06-10 19:45:16 - [TEST_STEP][PASSED] - Statement - For ([g = 1, g <= BatchNumber - 1, (g++)]): null

2018-06-10 19:45:16 - [TEST_STEP][PASSED] - selectOptionByIndex: All options with index in [1] are selected on object 'Object Repository/Emergency/Page_Store/select_--Select--BA1150BA4110'

2018-06-10 19:45:16 - [MESSAGE][PASSED] - All options with index in [1] are selected on object 'Object Repository/Emergency/Page_Store/select_--Select--BA1150BA4110'

2018-06-10 19:45:16 - [TEST_STEP][PASSED] - delay: Delayed 2 second(s)

2018-06-10 19:45:18 - [MESSAGE][PASSED] - Delayed 2 second(s)

2018-06-10 19:45:18 - [TEST_STEP][PASSED] - Statement - Try: null

2018-06-10 19:45:18 - [TEST_STEP][PASSED] - Statement - StockQty = com.kms.katalon.core.webui.keyword.WebUiBuiltInKeywords.getAttribute(com.kms.katalon.core.testobject.ObjectRepository.findTestObject(Emergency/Page_Store/input_txtprice), "value"): Attribute 'value' of object 'Object Repository/Emergency/Page_Store/input_txtprice' is: '1570'

2018-06-10 19:45:18 - [MESSAGE][PASSED] - Attribute 'value' of object 'Object Repository/Emergency/Page_Store/input_txtprice' is: '1570'

2018-06-10 19:45:18 - [TEST_STEP][PASSED] - Statement - out.println("Stock QTY : " + StockQty): null

2018-06-10 19:45:18 - [TEST_STEP][PASSED] - delay: Delayed 2 second(s)

2018-06-10 19:45:20 - [MESSAGE][PASSED] - Delayed 2 second(s)

2018-06-10 19:45:20 - [TEST_STEP][PASSED] - Statement - If (java.lang.Integer.valueOf(StockQty) >= java.lang.Integer.valueOf(RequestedQty)): null

2018-06-10 19:45:20 - [TEST_STEP][PASSED] - delay: Delayed 1 second(s)

2018-06-10 19:45:21 - [MESSAGE][PASSED] - Delayed 1 second(s)

2018-06-10 19:45:21 - [TEST_STEP][PASSED] - setText: Text '10' is set on object 'Object Repository/Emergency/Page_Store/input_txtqty'

2018-06-10 19:45:21 - [MESSAGE][PASSED] - Text '10' is set on object 'Object Repository/Emergency/Page_Store/input_txtqty'

2018-06-10 19:45:21 - [TEST_STEP][PASSED] - click: Object: 'Object Repository/Emergency/Page_Store/button_Add' is clicked on

2018-06-10 19:45:21 - [MESSAGE][PASSED] - Object: 'Object Repository/Emergency/Page_Store/button_Add' is clicked on

2018-06-10 19:45:21 - [TEST_STEP][PASSED] - Statement - Break: null

2018-06-10 19:45:21 - [TEST_STEP][PASSED] - selectOptionByIndex: All options with index in [38] are selected on object 'Object Repository/Emergency/Page_Store/select_--Select--Amikacin -500'

2018-06-10 19:45:22 - [MESSAGE][PASSED] - All options with index in [38] are selected on object 'Object Repository/Emergency/Page_Store/select_--Select--Amikacin -500'

2018-06-10 19:45:22 - [TEST_STEP][PASSED] - delay: Delayed 1 second(s)

2018-06-10 19:45:23 - [MESSAGE][PASSED] - Delayed 1 second(s)

2018-06-10 19:45:23 - [TEST_STEP][PASSED] - Statement - RequestedQty = com.kms.katalon.core.webui.keyword.WebUiBuiltInKeywords.getAttribute(com.kms.katalon.core.testobject.ObjectRepository.findTestObject(Emergency/Page_Store/input_txttotal), "value"): Attribute 'value' of object 'Object Repository/Emergency/Page_Store/input_txttotal' is: '10'

2018-06-10 19:45:23 - [MESSAGE][PASSED] - Attribute 'value' of object 'Object Repository/Emergency/Page_Store/input_txttotal' is: '10'

2018-06-10 19:45:23 - [TEST_STEP][PASSED] - Statement - out.println("Requested QTY : " + RequestedQty): null

2018-06-10 19:45:23 - [TEST_STEP][PASSED] - Statement - BatchNumber = com.kms.katalon.core.webui.keyword.WebUiBuiltInKeywords.getNumberOfTotalOption(com.kms.katalon.core.testobject.ObjectRepository.findTestObject(Emergency/Page_Store/select_--Select--BA1150BA4110)): 5 options of object 'Object Repository/Emergency/Page_Store/select_--Select--BA1150BA4110' counted

2018-06-10 19:45:23 - [MESSAGE][PASSED] - 5 options of object 'Object Repository/Emergency/Page_Store/select_--Select--BA1150BA4110' counted

2018-06-10 19:45:23 - [TEST_STEP][PASSED] - Statement - For ([g = 1, g <= BatchNumber - 1, (g++)]): null

2018-06-10 19:45:23 - [TEST_STEP][PASSED] - selectOptionByIndex: All options with index in [1] are selected on object 'Object Repository/Emergency/Page_Store/select_--Select--BA1150BA4110'

2018-06-10 19:45:23 - [MESSAGE][PASSED] - All options with index in [1] are selected on object 'Object Repository/Emergency/Page_Store/select_--Select--BA1150BA4110'

2018-06-10 19:45:23 - [TEST_STEP][PASSED] - delay: Delayed 2 second(s)

2018-06-10 19:45:25 - [MESSAGE][PASSED] - Delayed 2 second(s)

2018-06-10 19:45:25 - [TEST_STEP][PASSED] - Statement - Try: null

2018-06-10 19:45:25 - [TEST_STEP][PASSED] - Statement - StockQty = com.kms.katalon.core.webui.keyword.WebUiBuiltInKeywords.getAttribute(com.kms.katalon.core.testobject.ObjectRepository.findTestObject(Emergency/Page_Store/input_txtprice), "value"): Attribute 'value' of object 'Object Repository/Emergency/Page_Store/input_txtprice' is: '290'

2018-06-10 19:45:25 - [MESSAGE][PASSED] - Attribute 'value' of object 'Object Repository/Emergency/Page_Store/input_txtprice' is: '290'

2018-06-10 19:45:25 - [TEST_STEP][PASSED] - Statement - out.println("Stock QTY : " + StockQty): null

2018-06-10 19:45:25 - [TEST_STEP][PASSED] - delay: Delayed 2 second(s)

2018-06-10 19:45:27 - [MESSAGE][PASSED] - Delayed 2 second(s)

2018-06-10 19:45:27 - [TEST_STEP][PASSED] - Statement - If (java.lang.Integer.valueOf(StockQty) >= java.lang.Integer.valueOf(RequestedQty)): null

2018-06-10 19:45:27 - [TEST_STEP][PASSED] - delay: Delayed 1 second(s)

2018-06-10 19:45:28 - [MESSAGE][PASSED] - Delayed 1 second(s)

2018-06-10 19:45:28 - [TEST_STEP][PASSED] - setText: Text '10' is set on object 'Object Repository/Emergency/Page_Store/input_txtqty'

2018-06-10 19:45:28 - [MESSAGE][PASSED] - Text '10' is set on object 'Object Repository/Emergency/Page_Store/input_txtqty'

2018-06-10 19:45:28 - [TEST_STEP][PASSED] - click: Object: 'Object Repository/Emergency/Page_Store/button_Add' is clicked on

2018-06-10 19:45:28 - [MESSAGE][PASSED] - Object: 'Object Repository/Emergency/Page_Store/button_Add' is clicked on

2018-06-10 19:45:28 - [TEST_STEP][PASSED] - Statement - Break: null

2018-06-10 19:45:28 - [TEST_STEP][PASSED] - selectOptionByIndex: All options with index in [39] are selected on object 'Object Repository/Emergency/Page_Store/select_--Select--Amikacin -500'

2018-06-10 19:45:29 - [MESSAGE][PASSED] - All options with index in [39] are selected on object 'Object Repository/Emergency/Page_Store/select_--Select--Amikacin -500'

2018-06-10 19:45:29 - [TEST_STEP][PASSED] - delay: Delayed 1 second(s)

2018-06-10 19:45:30 - [MESSAGE][PASSED] - Delayed 1 second(s)

2018-06-10 19:45:30 - [TEST_STEP][PASSED] - Statement - RequestedQty = com.kms.katalon.core.webui.keyword.WebUiBuiltInKeywords.getAttribute(com.kms.katalon.core.testobject.ObjectRepository.findTestObject(Emergency/Page_Store/input_txttotal), "value"): Attribute 'value' of object 'Object Repository/Emergency/Page_Store/input_txttotal' is: '10'

2018-06-10 19:45:30 - [MESSAGE][PASSED] - Attribute 'value' of object 'Object Repository/Emergency/Page_Store/input_txttotal' is: '10'

2018-06-10 19:45:30 - [TEST_STEP][PASSED] - Statement - out.println("Requested QTY : " + RequestedQty): null

2018-06-10 19:45:30 - [TEST_STEP][PASSED] - Statement - BatchNumber = com.kms.katalon.core.webui.keyword.WebUiBuiltInKeywords.getNumberOfTotalOption(com.kms.katalon.core.testobject.ObjectRepository.findTestObject(Emergency/Page_Store/select_--Select--BA1150BA4110)): 3 options of object 'Object Repository/Emergency/Page_Store/select_--Select--BA1150BA4110' counted

2018-06-10 19:45:30 - [MESSAGE][PASSED] - 3 options of object 'Object Repository/Emergency/Page_Store/select_--Select--BA1150BA4110' counted

2018-06-10 19:45:30 - [TEST_STEP][PASSED] - Statement - For ([g = 1, g <= BatchNumber - 1, (g++)]): null

2018-06-10 19:45:30 - [TEST_STEP][PASSED] - selectOptionByIndex: All options with index in [1] are selected on object 'Object Repository/Emergency/Page_Store/select_--Select--BA1150BA4110'

2018-06-10 19:45:30 - [MESSAGE][PASSED] - All options with index in [1] are selected on object 'Object Repository/Emergency/Page_Store/select_--Select--BA1150BA4110'

2018-06-10 19:45:30 - [TEST_STEP][PASSED] - delay: Delayed 2 second(s)

2018-06-10 19:45:32 - [MESSAGE][PASSED] - Delayed 2 second(s)

2018-06-10 19:45:32 - [TEST_STEP][PASSED] - Statement - Try: null

2018-06-10 19:45:32 - [TEST_STEP][PASSED] - Statement - StockQty = com.kms.katalon.core.webui.keyword.WebUiBuiltInKeywords.getAttribute(com.kms.katalon.core.testobject.ObjectRepository.findTestObject(Emergency/Page_Store/input_txtprice), "value"): Attribute 'value' of object 'Object Repository/Emergency/Page_Store/input_txtprice' is: '1670'

2018-06-10 19:45:32 - [MESSAGE][PASSED] - Attribute 'value' of object 'Object Repository/Emergency/Page_Store/input_txtprice' is: '1670'

2018-06-10 19:45:32 - [TEST_STEP][PASSED] - Statement - out.println("Stock QTY : " + StockQty): null

2018-06-10 19:45:32 - [TEST_STEP][PASSED] - delay: Delayed 2 second(s)

2018-06-10 19:45:34 - [MESSAGE][PASSED] - Delayed 2 second(s)

2018-06-10 19:45:34 - [TEST_STEP][PASSED] - Statement - If (java.lang.Integer.valueOf(StockQty) >= java.lang.Integer.valueOf(RequestedQty)): null

2018-06-10 19:45:34 - [TEST_STEP][PASSED] - delay: Delayed 1 second(s)

2018-06-10 19:45:35 - [MESSAGE][PASSED] - Delayed 1 second(s)

2018-06-10 19:45:35 - [TEST_STEP][PASSED] - setText: Text '10' is set on object 'Object Repository/Emergency/Page_Store/input_txtqty'

2018-06-10 19:45:35 - [MESSAGE][PASSED] - Text '10' is set on object 'Object Repository/Emergency/Page_Store/input_txtqty'

2018-06-10 19:45:35 - [TEST_STEP][PASSED] - click: Object: 'Object Repository/Emergency/Page_Store/button_Add' is clicked on

2018-06-10 19:45:35 - [MESSAGE][PASSED] - Object: 'Object Repository/Emergency/Page_Store/button_Add' is clicked on

2018-06-10 19:45:35 - [TEST_STEP][PASSED] - Statement - Break: null

2018-06-10 19:45:35 - [TEST_STEP][PASSED] - selectOptionByIndex: All options with index in [40] are selected on object 'Object Repository/Emergency/Page_Store/select_--Select--Amikacin -500'

2018-06-10 19:45:36 - [MESSAGE][PASSED] - All options with index in [40] are selected on object 'Object Repository/Emergency/Page_Store/select_--Select--Amikacin -500'

2018-06-10 19:45:36 - [TEST_STEP][PASSED] - delay: Delayed 1 second(s)

2018-06-10 19:45:37 - [MESSAGE][PASSED] - Delayed 1 second(s)

2018-06-10 19:45:37 - [TEST_STEP][PASSED] - Statement - RequestedQty = com.kms.katalon.core.webui.keyword.WebUiBuiltInKeywords.getAttribute(com.kms.katalon.core.testobject.ObjectRepository.findTestObject(Emergency/Page_Store/input_txttotal), "value"): Attribute 'value' of object 'Object Repository/Emergency/Page_Store/input_txttotal' is: '10'

2018-06-10 19:45:37 - [MESSAGE][PASSED] - Attribute 'value' of object 'Object Repository/Emergency/Page_Store/input_txttotal' is: '10'

2018-06-10 19:45:37 - [TEST_STEP][PASSED] - Statement - out.println("Requested QTY : " + RequestedQty): null

2018-06-10 19:45:37 - [TEST_STEP][PASSED] - Statement - BatchNumber = com.kms.katalon.core.webui.keyword.WebUiBuiltInKeywords.getNumberOfTotalOption(com.kms.katalon.core.testobject.ObjectRepository.findTestObject(Emergency/Page_Store/select_--Select--BA1150BA4110)): 5 options of object 'Object Repository/Emergency/Page_Store/select_--Select--BA1150BA4110' counted

2018-06-10 19:45:37 - [MESSAGE][PASSED] - 5 options of object 'Object Repository/Emergency/Page_Store/select_--Select--BA1150BA4110' counted

2018-06-10 19:45:37 - [TEST_STEP][PASSED] - Statement - For ([g = 1, g <= BatchNumber - 1, (g++)]): null

2018-06-10 19:45:37 - [TEST_STEP][PASSED] - selectOptionByIndex: All options with index in [1] are selected on object 'Object Repository/Emergency/Page_Store/select_--Select--BA1150BA4110'

2018-06-10 19:45:37 - [MESSAGE][PASSED] - All options with index in [1] are selected on object 'Object Repository/Emergency/Page_Store/select_--Select--BA1150BA4110'

2018-06-10 19:45:37 - [TEST_STEP][PASSED] - delay: Delayed 2 second(s)

2018-06-10 19:45:39 - [MESSAGE][PASSED] - Delayed 2 second(s)

2018-06-10 19:45:39 - [TEST_STEP][PASSED] - Statement - Try: null

2018-06-10 19:45:39 - [TEST_STEP][PASSED] - Statement - StockQty = com.kms.katalon.core.webui.keyword.WebUiBuiltInKeywords.getAttribute(com.kms.katalon.core.testobject.ObjectRepository.findTestObject(Emergency/Page_Store/input_txtprice), "value"): Attribute 'value' of object 'Object Repository/Emergency/Page_Store/input_txtprice' is: '70'

2018-06-10 19:45:39 - [MESSAGE][PASSED] - Attribute 'value' of object 'Object Repository/Emergency/Page_Store/input_txtprice' is: '70'

2018-06-10 19:45:39 - [TEST_STEP][PASSED] - Statement - out.println("Stock QTY : " + StockQty): null

2018-06-10 19:45:39 - [TEST_STEP][PASSED] - delay: Delayed 2 second(s)

2018-06-10 19:45:41 - [MESSAGE][PASSED] - Delayed 2 second(s)

2018-06-10 19:45:41 - [TEST_STEP][PASSED] - Statement - If (java.lang.Integer.valueOf(StockQty) >= java.lang.Integer.valueOf(RequestedQty)): null

2018-06-10 19:45:41 - [TEST_STEP][PASSED] - delay: Delayed 1 second(s)

2018-06-10 19:45:42 - [MESSAGE][PASSED] - Delayed 1 second(s)

2018-06-10 19:45:42 - [TEST_STEP][PASSED] - setText: Text '10' is set on object 'Object Repository/Emergency/Page_Store/input_txtqty'

2018-06-10 19:45:42 - [MESSAGE][PASSED] - Text '10' is set on object 'Object Repository/Emergency/Page_Store/input_txtqty'

2018-06-10 19:45:42 - [TEST_STEP][PASSED] - click: Object: 'Object Repository/Emergency/Page_Store/button_Add' is clicked on

2018-06-10 19:45:42 - [MESSAGE][PASSED] - Object: 'Object Repository/Emergency/Page_Store/button_Add' is clicked on

2018-06-10 19:45:42 - [TEST_STEP][PASSED] - Statement - Break: null

2018-06-10 19:45:42 - [TEST_STEP][PASSED] - selectOptionByIndex: All options with index in [41] are selected on object 'Object Repository/Emergency/Page_Store/select_--Select--Amikacin -500'

2018-06-10 19:45:43 - [MESSAGE][PASSED] - All options with index in [41] are selected on object 'Object Repository/Emergency/Page_Store/select_--Select--Amikacin -500'

2018-06-10 19:45:43 - [TEST_STEP][PASSED] - delay: Delayed 1 second(s)

2018-06-10 19:45:44 - [MESSAGE][PASSED] - Delayed 1 second(s)

2018-06-10 19:45:44 - [TEST_STEP][PASSED] - Statement - RequestedQty = com.kms.katalon.core.webui.keyword.WebUiBuiltInKeywords.getAttribute(com.kms.katalon.core.testobject.ObjectRepository.findTestObject(Emergency/Page_Store/input_txttotal), "value"): Attribute 'value' of object 'Object Repository/Emergency/Page_Store/input_txttotal' is: '10'

2018-06-10 19:45:44 - [MESSAGE][PASSED] - Attribute 'value' of object 'Object Repository/Emergency/Page_Store/input_txttotal' is: '10'

2018-06-10 19:45:44 - [TEST_STEP][PASSED] - Statement - out.println("Requested QTY : " + RequestedQty): null

2018-06-10 19:45:44 - [TEST_STEP][PASSED] - Statement - BatchNumber = com.kms.katalon.core.webui.keyword.WebUiBuiltInKeywords.getNumberOfTotalOption(com.kms.katalon.core.testobject.ObjectRepository.findTestObject(Emergency/Page_Store/select_--Select--BA1150BA4110)): 4 options of object 'Object Repository/Emergency/Page_Store/select_--Select--BA1150BA4110' counted

2018-06-10 19:45:44 - [MESSAGE][PASSED] - 4 options of object 'Object Repository/Emergency/Page_Store/select_--Select--BA1150BA4110' counted

2018-06-10 19:45:44 - [TEST_STEP][PASSED] - Statement - For ([g = 1, g <= BatchNumber - 1, (g++)]): null

2018-06-10 19:45:44 - [TEST_STEP][PASSED] - selectOptionByIndex: All options with index in [1] are selected on object 'Object Repository/Emergency/Page_Store/select_--Select--BA1150BA4110'

2018-06-10 19:45:44 - [MESSAGE][PASSED] - All options with index in [1] are selected on object 'Object Repository/Emergency/Page_Store/select_--Select--BA1150BA4110'

2018-06-10 19:45:44 - [TEST_STEP][PASSED] - delay: Delayed 2 second(s)

2018-06-10 19:45:46 - [MESSAGE][PASSED] - Delayed 2 second(s)

2018-06-10 19:45:46 - [TEST_STEP][PASSED] - Statement - Try: null

2018-06-10 19:45:46 - [TEST_STEP][PASSED] - Statement - StockQty = com.kms.katalon.core.webui.keyword.WebUiBuiltInKeywords.getAttribute(com.kms.katalon.core.testobject.ObjectRepository.findTestObject(Emergency/Page_Store/input_txtprice), "value"): Attribute 'value' of object 'Object Repository/Emergency/Page_Store/input_txtprice' is: '70'

2018-06-10 19:45:46 - [MESSAGE][PASSED] - Attribute 'value' of object 'Object Repository/Emergency/Page_Store/input_txtprice' is: '70'

2018-06-10 19:45:46 - [TEST_STEP][PASSED] - Statement - out.println("Stock QTY : " + StockQty): null

2018-06-10 19:45:46 - [TEST_STEP][PASSED] - delay: Delayed 2 second(s)

2018-06-10 19:45:48 - [MESSAGE][PASSED] - Delayed 2 second(s)

2018-06-10 19:45:48 - [TEST_STEP][PASSED] - Statement - If (java.lang.Integer.valueOf(StockQty) >= java.lang.Integer.valueOf(RequestedQty)): null

2018-06-10 19:45:48 - [TEST_STEP][PASSED] - delay: Delayed 1 second(s)

2018-06-10 19:45:49 - [MESSAGE][PASSED] - Delayed 1 second(s)

2018-06-10 19:45:49 - [TEST_STEP][PASSED] - setText: Text '10' is set on object 'Object Repository/Emergency/Page_Store/input_txtqty'

2018-06-10 19:45:49 - [MESSAGE][PASSED] - Text '10' is set on object 'Object Repository/Emergency/Page_Store/input_txtqty'

2018-06-10 19:45:49 - [TEST_STEP][PASSED] - click: Object: 'Object Repository/Emergency/Page_Store/button_Add' is clicked on

2018-06-10 19:45:49 - [MESSAGE][PASSED] - Object: 'Object Repository/Emergency/Page_Store/button_Add' is clicked on

2018-06-10 19:45:49 - [TEST_STEP][PASSED] - Statement - Break: null

2018-06-10 19:45:49 - [TEST_STEP][PASSED] - selectOptionByIndex: All options with index in [42] are selected on object 'Object Repository/Emergency/Page_Store/select_--Select--Amikacin -500'

2018-06-10 19:45:50 - [MESSAGE][PASSED] - All options with index in [42] are selected on object 'Object Repository/Emergency/Page_Store/select_--Select--Amikacin -500'

2018-06-10 19:45:50 - [TEST_STEP][PASSED] - delay: Delayed 1 second(s)

2018-06-10 19:45:51 - [MESSAGE][PASSED] - Delayed 1 second(s)

2018-06-10 19:45:51 - [TEST_STEP][PASSED] - Statement - RequestedQty = com.kms.katalon.core.webui.keyword.WebUiBuiltInKeywords.getAttribute(com.kms.katalon.core.testobject.ObjectRepository.findTestObject(Emergency/Page_Store/input_txttotal), "value"): Attribute 'value' of object 'Object Repository/Emergency/Page_Store/input_txttotal' is: '10'

2018-06-10 19:45:51 - [MESSAGE][PASSED] - Attribute 'value' of object 'Object Repository/Emergency/Page_Store/input_txttotal' is: '10'

2018-06-10 19:45:51 - [TEST_STEP][PASSED] - Statement - out.println("Requested QTY : " + RequestedQty): null

2018-06-10 19:45:51 - [TEST_STEP][PASSED] - Statement - BatchNumber = com.kms.katalon.core.webui.keyword.WebUiBuiltInKeywords.getNumberOfTotalOption(com.kms.katalon.core.testobject.ObjectRepository.findTestObject(Emergency/Page_Store/select_--Select--BA1150BA4110)): 3 options of object 'Object Repository/Emergency/Page_Store/select_--Select--BA1150BA4110' counted

2018-06-10 19:45:51 - [MESSAGE][PASSED] - 3 options of object 'Object Repository/Emergency/Page_Store/select_--Select--BA1150BA4110' counted

2018-06-10 19:45:51 - [TEST_STEP][PASSED] - Statement - For ([g = 1, g <= BatchNumber - 1, (g++)]): null

2018-06-10 19:45:51 - [TEST_STEP][PASSED] - selectOptionByIndex: All options with index in [1] are selected on object 'Object Repository/Emergency/Page_Store/select_--Select--BA1150BA4110'

2018-06-10 19:45:51 - [MESSAGE][PASSED] - All options with index in [1] are selected on object 'Object Repository/Emergency/Page_Store/select_--Select--BA1150BA4110'

2018-06-10 19:45:51 - [TEST_STEP][PASSED] - delay: Delayed 2 second(s)

2018-06-10 19:45:53 - [MESSAGE][PASSED] - Delayed 2 second(s)

2018-06-10 19:45:53 - [TEST_STEP][PASSED] - Statement - Try: null

2018-06-10 19:45:53 - [TEST_STEP][PASSED] - Statement - StockQty = com.kms.katalon.core.webui.keyword.WebUiBuiltInKeywords.getAttribute(com.kms.katalon.core.testobject.ObjectRepository.findTestObject(Emergency/Page_Store/input_txtprice), "value"): Attribute 'value' of object 'Object Repository/Emergency/Page_Store/input_txtprice' is: '2570'

2018-06-10 19:45:53 - [MESSAGE][PASSED] - Attribute 'value' of object 'Object Repository/Emergency/Page_Store/input_txtprice' is: '2570'

2018-06-10 19:45:53 - [TEST_STEP][PASSED] - Statement - out.println("Stock QTY : " + StockQty): null

2018-06-10 19:45:53 - [TEST_STEP][PASSED] - delay: Delayed 2 second(s)

2018-06-10 19:45:55 - [MESSAGE][PASSED] - Delayed 2 second(s)

2018-06-10 19:45:55 - [TEST_STEP][PASSED] - Statement - If (java.lang.Integer.valueOf(StockQty) >= java.lang.Integer.valueOf(RequestedQty)): null

2018-06-10 19:45:55 - [TEST_STEP][PASSED] - delay: Delayed 1 second(s)

2018-06-10 19:45:56 - [MESSAGE][PASSED] - Delayed 1 second(s)

2018-06-10 19:45:56 - [TEST_STEP][PASSED] - setText: Text '10' is set on object 'Object Repository/Emergency/Page_Store/input_txtqty'

2018-06-10 19:45:56 - [MESSAGE][PASSED] - Text '10' is set on object 'Object Repository/Emergency/Page_Store/input_txtqty'

2018-06-10 19:45:56 - [TEST_STEP][PASSED] - click: Object: 'Object Repository/Emergency/Page_Store/button_Add' is clicked on

2018-06-10 19:45:56 - [MESSAGE][PASSED] - Object: 'Object Repository/Emergency/Page_Store/button_Add' is clicked on

2018-06-10 19:45:56 - [TEST_STEP][PASSED] - Statement - Break: null

2018-06-10 19:45:56 - [TEST_STEP][PASSED] - selectOptionByIndex: All options with index in [43] are selected on object 'Object Repository/Emergency/Page_Store/select_--Select--Amikacin -500'

2018-06-10 19:45:57 - [MESSAGE][PASSED] - All options with index in [43] are selected on object 'Object Repository/Emergency/Page_Store/select_--Select--Amikacin -500'

2018-06-10 19:45:57 - [TEST_STEP][PASSED] - delay: Delayed 1 second(s)

2018-06-10 19:45:58 - [MESSAGE][PASSED] - Delayed 1 second(s)

2018-06-10 19:45:58 - [TEST_STEP][PASSED] - Statement - RequestedQty = com.kms.katalon.core.webui.keyword.WebUiBuiltInKeywords.getAttribute(com.kms.katalon.core.testobject.ObjectRepository.findTestObject(Emergency/Page_Store/input_txttotal), "value"): Attribute 'value' of object 'Object Repository/Emergency/Page_Store/input_txttotal' is: '10'

2018-06-10 19:45:58 - [MESSAGE][PASSED] - Attribute 'value' of object 'Object Repository/Emergency/Page_Store/input_txttotal' is: '10'

2018-06-10 19:45:58 - [TEST_STEP][PASSED] - Statement - out.println("Requested QTY : " + RequestedQty): null

2018-06-10 19:45:58 - [TEST_STEP][PASSED] - Statement - BatchNumber = com.kms.katalon.core.webui.keyword.WebUiBuiltInKeywords.getNumberOfTotalOption(com.kms.katalon.core.testobject.ObjectRepository.findTestObject(Emergency/Page_Store/select_--Select--BA1150BA4110)): 5 options of object 'Object Repository/Emergency/Page_Store/select_--Select--BA1150BA4110' counted

2018-06-10 19:45:58 - [MESSAGE][PASSED] - 5 options of object 'Object Repository/Emergency/Page_Store/select_--Select--BA1150BA4110' counted

2018-06-10 19:45:58 - [TEST_STEP][PASSED] - Statement - For ([g = 1, g <= BatchNumber - 1, (g++)]): null

2018-06-10 19:45:58 - [TEST_STEP][PASSED] - selectOptionByIndex: All options with index in [1] are selected on object 'Object Repository/Emergency/Page_Store/select_--Select--BA1150BA4110'

2018-06-10 19:45:58 - [MESSAGE][PASSED] - All options with index in [1] are selected on object 'Object Repository/Emergency/Page_Store/select_--Select--BA1150BA4110'

2018-06-10 19:45:58 - [TEST_STEP][PASSED] - delay: Delayed 2 second(s)

2018-06-10 19:46:00 - [MESSAGE][PASSED] - Delayed 2 second(s)

2018-06-10 19:46:00 - [TEST_STEP][PASSED] - Statement - Try: null

2018-06-10 19:46:00 - [TEST_STEP][PASSED] - Statement - StockQty = com.kms.katalon.core.webui.keyword.WebUiBuiltInKeywords.getAttribute(com.kms.katalon.core.testobject.ObjectRepository.findTestObject(Emergency/Page_Store/input_txtprice), "value"): Attribute 'value' of object 'Object Repository/Emergency/Page_Store/input_txtprice' is: '290'

2018-06-10 19:46:00 - [MESSAGE][PASSED] - Attribute 'value' of object 'Object Repository/Emergency/Page_Store/input_txtprice' is: '290'

2018-06-10 19:46:00 - [TEST_STEP][PASSED] - Statement - out.println("Stock QTY : " + StockQty): null

2018-06-10 19:46:00 - [TEST_STEP][PASSED] - delay: Delayed 2 second(s)

2018-06-10 19:46:02 - [MESSAGE][PASSED] - Delayed 2 second(s)

2018-06-10 19:46:02 - [TEST_STEP][PASSED] - Statement - If (java.lang.Integer.valueOf(StockQty) >= java.lang.Integer.valueOf(RequestedQty)): null

2018-06-10 19:46:02 - [TEST_STEP][PASSED] - delay: Delayed 1 second(s)

2018-06-10 19:46:03 - [MESSAGE][PASSED] - Delayed 1 second(s)

2018-06-10 19:46:03 - [TEST_STEP][PASSED] - setText: Text '10' is set on object 'Object Repository/Emergency/Page_Store/input_txtqty'

2018-06-10 19:46:03 - [MESSAGE][PASSED] - Text '10' is set on object 'Object Repository/Emergency/Page_Store/input_txtqty'

2018-06-10 19:46:03 - [TEST_STEP][PASSED] - click: Object: 'Object Repository/Emergency/Page_Store/button_Add' is clicked on

2018-06-10 19:46:03 - [MESSAGE][PASSED] - Object: 'Object Repository/Emergency/Page_Store/button_Add' is clicked on

2018-06-10 19:46:03 - [TEST_STEP][PASSED] - Statement - Break: null

2018-06-10 19:46:03 - [TEST_STEP][PASSED] - selectOptionByIndex: All options with index in [44] are selected on object 'Object Repository/Emergency/Page_Store/select_--Select--Amikacin -500'

2018-06-10 19:46:04 - [MESSAGE][PASSED] - All options with index in [44] are selected on object 'Object Repository/Emergency/Page_Store/select_--Select--Amikacin -500'

2018-06-10 19:46:04 - [TEST_STEP][PASSED] - delay: Delayed 1 second(s)

2018-06-10 19:46:05 - [MESSAGE][PASSED] - Delayed 1 second(s)

2018-06-10 19:46:05 - [TEST_STEP][PASSED] - Statement - RequestedQty = com.kms.katalon.core.webui.keyword.WebUiBuiltInKeywords.getAttribute(com.kms.katalon.core.testobject.ObjectRepository.findTestObject(Emergency/Page_Store/input_txttotal), "value"): Attribute 'value' of object 'Object Repository/Emergency/Page_Store/input_txttotal' is: '10'

2018-06-10 19:46:05 - [MESSAGE][PASSED] - Attribute 'value' of object 'Object Repository/Emergency/Page_Store/input_txttotal' is: '10'

2018-06-10 19:46:05 - [TEST_STEP][PASSED] - Statement - out.println("Requested QTY : " + RequestedQty): null

2018-06-10 19:46:05 - [TEST_STEP][PASSED] - Statement - BatchNumber = com.kms.katalon.core.webui.keyword.WebUiBuiltInKeywords.getNumberOfTotalOption(com.kms.katalon.core.testobject.ObjectRepository.findTestObject(Emergency/Page_Store/select_--Select--BA1150BA4110)): 4 options of object 'Object Repository/Emergency/Page_Store/select_--Select--BA1150BA4110' counted

2018-06-10 19:46:05 - [MESSAGE][PASSED] - 4 options of object 'Object Repository/Emergency/Page_Store/select_--Select--BA1150BA4110' counted

2018-06-10 19:46:05 - [TEST_STEP][PASSED] - Statement - For ([g = 1, g <= BatchNumber - 1, (g++)]): null

2018-06-10 19:46:05 - [TEST_STEP][PASSED] - selectOptionByIndex: All options with index in [1] are selected on object 'Object Repository/Emergency/Page_Store/select_--Select--BA1150BA4110'

2018-06-10 19:46:05 - [MESSAGE][PASSED] - All options with index in [1] are selected on object 'Object Repository/Emergency/Page_Store/select_--Select--BA1150BA4110'

2018-06-10 19:46:05 - [TEST_STEP][PASSED] - delay: Delayed 2 second(s)

2018-06-10 19:46:07 - [MESSAGE][PASSED] - Delayed 2 second(s)

2018-06-10 19:46:07 - [TEST_STEP][PASSED] - Statement - Try: null

2018-06-10 19:46:07 - [TEST_STEP][PASSED] - Statement - StockQty = com.kms.katalon.core.webui.keyword.WebUiBuiltInKeywords.getAttribute(com.kms.katalon.core.testobject.ObjectRepository.findTestObject(Emergency/Page_Store/input_txtprice), "value"): Attribute 'value' of object 'Object Repository/Emergency/Page_Store/input_txtprice' is: '630'

2018-06-10 19:46:07 - [MESSAGE][PASSED] - Attribute 'value' of object 'Object Repository/Emergency/Page_Store/input_txtprice' is: '630'

2018-06-10 19:46:07 - [TEST_STEP][PASSED] - Statement - out.println("Stock QTY : " + StockQty): null

2018-06-10 19:46:07 - [TEST_STEP][PASSED] - delay: Delayed 2 second(s)

2018-06-10 19:46:09 - [MESSAGE][PASSED] - Delayed 2 second(s)

2018-06-10 19:46:09 - [TEST_STEP][PASSED] - Statement - If (java.lang.Integer.valueOf(StockQty) >= java.lang.Integer.valueOf(RequestedQty)): null

2018-06-10 19:46:09 - [TEST_STEP][PASSED] - delay: Delayed 1 second(s)

2018-06-10 19:46:10 - [MESSAGE][PASSED] - Delayed 1 second(s)

2018-06-10 19:46:10 - [TEST_STEP][PASSED] - setText: Text '10' is set on object 'Object Repository/Emergency/Page_Store/input_txtqty'

2018-06-10 19:46:10 - [MESSAGE][PASSED] - Text '10' is set on object 'Object Repository/Emergency/Page_Store/input_txtqty'

2018-06-10 19:46:10 - [TEST_STEP][PASSED] - click: Object: 'Object Repository/Emergency/Page_Store/button_Add' is clicked on

2018-06-10 19:46:10 - [MESSAGE][PASSED] - Object: 'Object Repository/Emergency/Page_Store/button_Add' is clicked on

2018-06-10 19:46:10 - [TEST_STEP][PASSED] - Statement - Break: null

2018-06-10 19:46:10 - [TEST_STEP][PASSED] - selectOptionByIndex: All options with index in [45] are selected on object 'Object Repository/Emergency/Page_Store/select_--Select--Amikacin -500'

2018-06-10 19:46:11 - [MESSAGE][PASSED] - All options with index in [45] are selected on object 'Object Repository/Emergency/Page_Store/select_--Select--Amikacin -500'

2018-06-10 19:46:11 - [TEST_STEP][PASSED] - delay: Delayed 1 second(s)

2018-06-10 19:46:12 - [MESSAGE][PASSED] - Delayed 1 second(s)

2018-06-10 19:46:12 - [TEST_STEP][PASSED] - Statement - RequestedQty = com.kms.katalon.core.webui.keyword.WebUiBuiltInKeywords.getAttribute(com.kms.katalon.core.testobject.ObjectRepository.findTestObject(Emergency/Page_Store/input_txttotal), "value"): Attribute 'value' of object 'Object Repository/Emergency/Page_Store/input_txttotal' is: '10'

2018-06-10 19:46:12 - [MESSAGE][PASSED] - Attribute 'value' of object 'Object Repository/Emergency/Page_Store/input_txttotal' is: '10'

2018-06-10 19:46:12 - [TEST_STEP][PASSED] - Statement - out.println("Requested QTY : " + RequestedQty): null

2018-06-10 19:46:12 - [TEST_STEP][PASSED] - Statement - BatchNumber = com.kms.katalon.core.webui.keyword.WebUiBuiltInKeywords.getNumberOfTotalOption(com.kms.katalon.core.testobject.ObjectRepository.findTestObject(Emergency/Page_Store/select_--Select--BA1150BA4110)): 6 options of object 'Object Repository/Emergency/Page_Store/select_--Select--BA1150BA4110' counted

2018-06-10 19:46:12 - [MESSAGE][PASSED] - 6 options of object 'Object Repository/Emergency/Page_Store/select_--Select--BA1150BA4110' counted

2018-06-10 19:46:12 - [TEST_STEP][PASSED] - Statement - For ([g = 1, g <= BatchNumber - 1, (g++)]): null

2018-06-10 19:46:12 - [TEST_STEP][PASSED] - selectOptionByIndex: All options with index in [1] are selected on object 'Object Repository/Emergency/Page_Store/select_--Select--BA1150BA4110'

2018-06-10 19:46:12 - [MESSAGE][PASSED] - All options with index in [1] are selected on object 'Object Repository/Emergency/Page_Store/select_--Select--BA1150BA4110'

2018-06-10 19:46:12 - [TEST_STEP][PASSED] - delay: Delayed 2 second(s)

2018-06-10 19:46:14 - [MESSAGE][PASSED] - Delayed 2 second(s)

2018-06-10 19:46:14 - [TEST_STEP][PASSED] - Statement - Try: null

2018-06-10 19:46:14 - [TEST_STEP][PASSED] - Statement - StockQty = com.kms.katalon.core.webui.keyword.WebUiBuiltInKeywords.getAttribute(com.kms.katalon.core.testobject.ObjectRepository.findTestObject(Emergency/Page_Store/input_txtprice), "value"): Attribute 'value' of object 'Object Repository/Emergency/Page_Store/input_txtprice' is: '290'

2018-06-10 19:46:14 - [MESSAGE][PASSED] - Attribute 'value' of object 'Object Repository/Emergency/Page_Store/input_txtprice' is: '290'

2018-06-10 19:46:14 - [TEST_STEP][PASSED] - Statement - out.println("Stock QTY : " + StockQty): null

2018-06-10 19:46:14 - [TEST_STEP][PASSED] - delay: Delayed 2 second(s)

2018-06-10 19:46:16 - [MESSAGE][PASSED] - Delayed 2 second(s)

2018-06-10 19:46:16 - [TEST_STEP][PASSED] - Statement - If (java.lang.Integer.valueOf(StockQty) >= java.lang.Integer.valueOf(RequestedQty)): null

2018-06-10 19:46:16 - [TEST_STEP][PASSED] - delay: Delayed 1 second(s)

2018-06-10 19:46:17 - [MESSAGE][PASSED] - Delayed 1 second(s)

2018-06-10 19:46:17 - [TEST_STEP][PASSED] - setText: Text '10' is set on object 'Object Repository/Emergency/Page_Store/input_txtqty'

2018-06-10 19:46:17 - [MESSAGE][PASSED] - Text '10' is set on object 'Object Repository/Emergency/Page_Store/input_txtqty'

2018-06-10 19:46:17 - [TEST_STEP][PASSED] - click: Object: 'Object Repository/Emergency/Page_Store/button_Add' is clicked on

2018-06-10 19:46:17 - [MESSAGE][PASSED] - Object: 'Object Repository/Emergency/Page_Store/button_Add' is clicked on

2018-06-10 19:46:17 - [TEST_STEP][PASSED] - Statement - Break: null

2018-06-10 19:46:17 - [TEST_STEP][PASSED] - selectOptionByIndex: All options with index in [46] are selected on object 'Object Repository/Emergency/Page_Store/select_--Select--Amikacin -500'

2018-06-10 19:46:17 - [MESSAGE][PASSED] - All options with index in [46] are selected on object 'Object Repository/Emergency/Page_Store/select_--Select--Amikacin -500'

2018-06-10 19:46:17 - [TEST_STEP][PASSED] - delay: Delayed 1 second(s)

2018-06-10 19:46:18 - [MESSAGE][PASSED] - Delayed 1 second(s)

2018-06-10 19:46:18 - [TEST_STEP][PASSED] - Statement - RequestedQty = com.kms.katalon.core.webui.keyword.WebUiBuiltInKeywords.getAttribute(com.kms.katalon.core.testobject.ObjectRepository.findTestObject(Emergency/Page_Store/input_txttotal), "value"): Attribute 'value' of object 'Object Repository/Emergency/Page_Store/input_txttotal' is: '10'

2018-06-10 19:46:18 - [MESSAGE][PASSED] - Attribute 'value' of object 'Object Repository/Emergency/Page_Store/input_txttotal' is: '10'

2018-06-10 19:46:18 - [TEST_STEP][PASSED] - Statement - out.println("Requested QTY : " + RequestedQty): null

2018-06-10 19:46:18 - [TEST_STEP][PASSED] - Statement - BatchNumber = com.kms.katalon.core.webui.keyword.WebUiBuiltInKeywords.getNumberOfTotalOption(com.kms.katalon.core.testobject.ObjectRepository.findTestObject(Emergency/Page_Store/select_--Select--BA1150BA4110)): 4 options of object 'Object Repository/Emergency/Page_Store/select_--Select--BA1150BA4110' counted

2018-06-10 19:46:19 - [MESSAGE][PASSED] - 4 options of object 'Object Repository/Emergency/Page_Store/select_--Select--BA1150BA4110' counted

2018-06-10 19:46:19 - [TEST_STEP][PASSED] - Statement - For ([g = 1, g <= BatchNumber - 1, (g++)]): null

2018-06-10 19:46:19 - [TEST_STEP][PASSED] - selectOptionByIndex: All options with index in [1] are selected on object 'Object Repository/Emergency/Page_Store/select_--Select--BA1150BA4110'

2018-06-10 19:46:19 - [MESSAGE][PASSED] - All options with index in [1] are selected on object 'Object Repository/Emergency/Page_Store/select_--Select--BA1150BA4110'

2018-06-10 19:46:19 - [TEST_STEP][PASSED] - delay: Delayed 2 second(s)

2018-06-10 19:46:21 - [MESSAGE][PASSED] - Delayed 2 second(s)

2018-06-10 19:46:21 - [TEST_STEP][PASSED] - Statement - Try: null

2018-06-10 19:46:21 - [TEST_STEP][PASSED] - Statement - StockQty = com.kms.katalon.core.webui.keyword.WebUiBuiltInKeywords.getAttribute(com.kms.katalon.core.testobject.ObjectRepository.findTestObject(Emergency/Page_Store/input_txtprice), "value"): Attribute 'value' of object 'Object Repository/Emergency/Page_Store/input_txtprice' is: '290'

2018-06-10 19:46:21 - [MESSAGE][PASSED] - Attribute 'value' of object 'Object Repository/Emergency/Page_Store/input_txtprice' is: '290'

2018-06-10 19:46:21 - [TEST_STEP][PASSED] - Statement - out.println("Stock QTY : " + StockQty): null

2018-06-10 19:46:21 - [TEST_STEP][PASSED] - delay: Delayed 2 second(s)

2018-06-10 19:46:23 - [MESSAGE][PASSED] - Delayed 2 second(s)

2018-06-10 19:46:23 - [TEST_STEP][PASSED] - Statement - If (java.lang.Integer.valueOf(StockQty) >= java.lang.Integer.valueOf(RequestedQty)): null

2018-06-10 19:46:23 - [TEST_STEP][PASSED] - delay: Delayed 1 second(s)

2018-06-10 19:46:24 - [MESSAGE][PASSED] - Delayed 1 second(s)

2018-06-10 19:46:24 - [TEST_STEP][PASSED] - setText: Text '10' is set on object 'Object Repository/Emergency/Page_Store/input_txtqty'

2018-06-10 19:46:24 - [MESSAGE][PASSED] - Text '10' is set on object 'Object Repository/Emergency/Page_Store/input_txtqty'

2018-06-10 19:46:24 - [TEST_STEP][PASSED] - click: Object: 'Object Repository/Emergency/Page_Store/button_Add' is clicked on

2018-06-10 19:46:24 - [MESSAGE][PASSED] - Object: 'Object Repository/Emergency/Page_Store/button_Add' is clicked on

2018-06-10 19:46:24 - [TEST_STEP][PASSED] - Statement - Break: null

2018-06-10 19:46:24 - [TEST_STEP][PASSED] - selectOptionByIndex: All options with index in [47] are selected on object 'Object Repository/Emergency/Page_Store/select_--Select--Amikacin -500'

2018-06-10 19:46:24 - [MESSAGE][PASSED] - All options with index in [47] are selected on object 'Object Repository/Emergency/Page_Store/select_--Select--Amikacin -500'

2018-06-10 19:46:24 - [TEST_STEP][PASSED] - delay: Delayed 1 second(s)

2018-06-10 19:46:25 - [MESSAGE][PASSED] - Delayed 1 second(s)

2018-06-10 19:46:25 - [TEST_STEP][PASSED] - Statement - RequestedQty = com.kms.katalon.core.webui.keyword.WebUiBuiltInKeywords.getAttribute(com.kms.katalon.core.testobject.ObjectRepository.findTestObject(Emergency/Page_Store/input_txttotal), "value"): Attribute 'value' of object 'Object Repository/Emergency/Page_Store/input_txttotal' is: '10'

2018-06-10 19:46:25 - [MESSAGE][PASSED] - Attribute 'value' of object 'Object Repository/Emergency/Page_Store/input_txttotal' is: '10'

2018-06-10 19:46:25 - [TEST_STEP][PASSED] - Statement - out.println("Requested QTY : " + RequestedQty): null

2018-06-10 19:46:25 - [TEST_STEP][PASSED] - Statement - BatchNumber = com.kms.katalon.core.webui.keyword.WebUiBuiltInKeywords.getNumberOfTotalOption(com.kms.katalon.core.testobject.ObjectRepository.findTestObject(Emergency/Page_Store/select_--Select--BA1150BA4110)): 4 options of object 'Object Repository/Emergency/Page_Store/select_--Select--BA1150BA4110' counted

2018-06-10 19:46:26 - [MESSAGE][PASSED] - 4 options of object 'Object Repository/Emergency/Page_Store/select_--Select--BA1150BA4110' counted

2018-06-10 19:46:26 - [TEST_STEP][PASSED] - Statement - For ([g = 1, g <= BatchNumber - 1, (g++)]): null

2018-06-10 19:46:26 - [TEST_STEP][PASSED] - selectOptionByIndex: All options with index in [1] are selected on object 'Object Repository/Emergency/Page_Store/select_--Select--BA1150BA4110'

2018-06-10 19:46:26 - [MESSAGE][PASSED] - All options with index in [1] are selected on object 'Object Repository/Emergency/Page_Store/select_--Select--BA1150BA4110'

2018-06-10 19:46:26 - [TEST_STEP][PASSED] - delay: Delayed 2 second(s)

2018-06-10 19:46:28 - [MESSAGE][PASSED] - Delayed 2 second(s)

2018-06-10 19:46:28 - [TEST_STEP][PASSED] - Statement - Try: null

2018-06-10 19:46:28 - [TEST_STEP][PASSED] - Statement - StockQty = com.kms.katalon.core.webui.keyword.WebUiBuiltInKeywords.getAttribute(com.kms.katalon.core.testobject.ObjectRepository.findTestObject(Emergency/Page_Store/input_txtprice), "value"): Attribute 'value' of object 'Object Repository/Emergency/Page_Store/input_txtprice' is: '630'

2018-06-10 19:46:28 - [MESSAGE][PASSED] - Attribute 'value' of object 'Object Repository/Emergency/Page_Store/input_txtprice' is: '630'

2018-06-10 19:46:28 - [TEST_STEP][PASSED] - Statement - out.println("Stock QTY : " + StockQty): null

2018-06-10 19:46:28 - [TEST_STEP][PASSED] - delay: Delayed 2 second(s)

2018-06-10 19:46:30 - [MESSAGE][PASSED] - Delayed 2 second(s)

2018-06-10 19:46:30 - [TEST_STEP][PASSED] - Statement - If (java.lang.Integer.valueOf(StockQty) >= java.lang.Integer.valueOf(RequestedQty)): null

2018-06-10 19:46:30 - [TEST_STEP][PASSED] - delay: Delayed 1 second(s)

2018-06-10 19:46:31 - [MESSAGE][PASSED] - Delayed 1 second(s)

2018-06-10 19:46:31 - [TEST_STEP][PASSED] - setText: Text '10' is set on object 'Object Repository/Emergency/Page_Store/input_txtqty'

2018-06-10 19:46:31 - [MESSAGE][PASSED] - Text '10' is set on object 'Object Repository/Emergency/Page_Store/input_txtqty'

2018-06-10 19:46:31 - [TEST_STEP][PASSED] - click: Object: 'Object Repository/Emergency/Page_Store/button_Add' is clicked on

2018-06-10 19:46:31 - [MESSAGE][PASSED] - Object: 'Object Repository/Emergency/Page_Store/button_Add' is clicked on

2018-06-10 19:46:31 - [TEST_STEP][PASSED] - Statement - Break: null

2018-06-10 19:46:31 - [TEST_STEP][PASSED] - selectOptionByIndex: All options with index in [48] are selected on object 'Object Repository/Emergency/Page_Store/select_--Select--Amikacin -500'

2018-06-10 19:46:31 - [MESSAGE][PASSED] - All options with index in [48] are selected on object 'Object Repository/Emergency/Page_Store/select_--Select--Amikacin -500'

2018-06-10 19:46:31 - [TEST_STEP][PASSED] - delay: Delayed 1 second(s)

2018-06-10 19:46:32 - [MESSAGE][PASSED] - Delayed 1 second(s)

2018-06-10 19:46:32 - [TEST_STEP][PASSED] - Statement - RequestedQty = com.kms.katalon.core.webui.keyword.WebUiBuiltInKeywords.getAttribute(com.kms.katalon.core.testobject.ObjectRepository.findTestObject(Emergency/Page_Store/input_txttotal), "value"): Attribute 'value' of object 'Object Repository/Emergency/Page_Store/input_txttotal' is: '10'

2018-06-10 19:46:32 - [MESSAGE][PASSED] - Attribute 'value' of object 'Object Repository/Emergency/Page_Store/input_txttotal' is: '10'

2018-06-10 19:46:32 - [TEST_STEP][PASSED] - Statement - out.println("Requested QTY : " + RequestedQty): null

2018-06-10 19:46:32 - [TEST_STEP][PASSED] - Statement - BatchNumber = com.kms.katalon.core.webui.keyword.WebUiBuiltInKeywords.getNumberOfTotalOption(com.kms.katalon.core.testobject.ObjectRepository.findTestObject(Emergency/Page_Store/select_--Select--BA1150BA4110)): 4 options of object 'Object Repository/Emergency/Page_Store/select_--Select--BA1150BA4110' counted

2018-06-10 19:46:32 - [MESSAGE][PASSED] - 4 options of object 'Object Repository/Emergency/Page_Store/select_--Select--BA1150BA4110' counted

2018-06-10 19:46:32 - [TEST_STEP][PASSED] - Statement - For ([g = 1, g <= BatchNumber - 1, (g++)]): null

2018-06-10 19:46:32 - [TEST_STEP][PASSED] - selectOptionByIndex: All options with index in [1] are selected on object 'Object Repository/Emergency/Page_Store/select_--Select--BA1150BA4110'

2018-06-10 19:46:33 - [MESSAGE][PASSED] - All options with index in [1] are selected on object 'Object Repository/Emergency/Page_Store/select_--Select--BA1150BA4110'

2018-06-10 19:46:33 - [TEST_STEP][PASSED] - delay: Delayed 2 second(s)

2018-06-10 19:46:35 - [MESSAGE][PASSED] - Delayed 2 second(s)

2018-06-10 19:46:35 - [TEST_STEP][PASSED] - Statement - Try: null

2018-06-10 19:46:35 - [TEST_STEP][PASSED] - Statement - StockQty = com.kms.katalon.core.webui.keyword.WebUiBuiltInKeywords.getAttribute(com.kms.katalon.core.testobject.ObjectRepository.findTestObject(Emergency/Page_Store/input_txtprice), "value"): Attribute 'value' of object 'Object Repository/Emergency/Page_Store/input_txtprice' is: '290'

2018-06-10 19:46:35 - [MESSAGE][PASSED] - Attribute 'value' of object 'Object Repository/Emergency/Page_Store/input_txtprice' is: '290'

2018-06-10 19:46:35 - [TEST_STEP][PASSED] - Statement - out.println("Stock QTY : " + StockQty): null

2018-06-10 19:46:35 - [TEST_STEP][PASSED] - delay: Delayed 2 second(s)

2018-06-10 19:46:37 - [MESSAGE][PASSED] - Delayed 2 second(s)

2018-06-10 19:46:37 - [TEST_STEP][PASSED] - Statement - If (java.lang.Integer.valueOf(StockQty) >= java.lang.Integer.valueOf(RequestedQty)): null

2018-06-10 19:46:37 - [TEST_STEP][PASSED] - delay: Delayed 1 second(s)

2018-06-10 19:46:38 - [MESSAGE][PASSED] - Delayed 1 second(s)

2018-06-10 19:46:38 - [TEST_STEP][PASSED] - setText: Text '10' is set on object 'Object Repository/Emergency/Page_Store/input_txtqty'

2018-06-10 19:46:38 - [MESSAGE][PASSED] - Text '10' is set on object 'Object Repository/Emergency/Page_Store/input_txtqty'

2018-06-10 19:46:38 - [TEST_STEP][PASSED] - click: Object: 'Object Repository/Emergency/Page_Store/button_Add' is clicked on

2018-06-10 19:46:38 - [MESSAGE][PASSED] - Object: 'Object Repository/Emergency/Page_Store/button_Add' is clicked on

2018-06-10 19:46:38 - [TEST_STEP][PASSED] - Statement - Break: null

2018-06-10 19:46:38 - [TEST_STEP][PASSED] - selectOptionByIndex: All options with index in [49] are selected on object 'Object Repository/Emergency/Page_Store/select_--Select--Amikacin -500'

2018-06-10 19:46:38 - [MESSAGE][PASSED] - All options with index in [49] are selected on object 'Object Repository/Emergency/Page_Store/select_--Select--Amikacin -500'

2018-06-10 19:46:38 - [TEST_STEP][PASSED] - delay: Delayed 1 second(s)

2018-06-10 19:46:39 - [MESSAGE][PASSED] - Delayed 1 second(s)

2018-06-10 19:46:39 - [TEST_STEP][PASSED] - Statement - RequestedQty = com.kms.katalon.core.webui.keyword.WebUiBuiltInKeywords.getAttribute(com.kms.katalon.core.testobject.ObjectRepository.findTestObject(Emergency/Page_Store/input_txttotal), "value"): Attribute 'value' of object 'Object Repository/Emergency/Page_Store/input_txttotal' is: '10'

2018-06-10 19:46:39 - [MESSAGE][PASSED] - Attribute 'value' of object 'Object Repository/Emergency/Page_Store/input_txttotal' is: '10'

2018-06-10 19:46:39 - [TEST_STEP][PASSED] - Statement - out.println("Requested QTY : " + RequestedQty): null

2018-06-10 19:46:39 - [TEST_STEP][PASSED] - Statement - BatchNumber = com.kms.katalon.core.webui.keyword.WebUiBuiltInKeywords.getNumberOfTotalOption(com.kms.katalon.core.testobject.ObjectRepository.findTestObject(Emergency/Page_Store/select_--Select--BA1150BA4110)): 2 options of object 'Object Repository/Emergency/Page_Store/select_--Select--BA1150BA4110' counted

2018-06-10 19:46:39 - [MESSAGE][PASSED] - 2 options of object 'Object Repository/Emergency/Page_Store/select_--Select--BA1150BA4110' counted

2018-06-10 19:46:39 - [TEST_STEP][PASSED] - Statement - For ([g = 1, g <= BatchNumber - 1, (g++)]): null

2018-06-10 19:46:39 - [TEST_STEP][PASSED] - selectOptionByIndex: All options with index in [1] are selected on object 'Object Repository/Emergency/Page_Store/select_--Select--BA1150BA4110'

2018-06-10 19:46:40 - [MESSAGE][PASSED] - All options with index in [1] are selected on object 'Object Repository/Emergency/Page_Store/select_--Select--BA1150BA4110'

2018-06-10 19:46:40 - [TEST_STEP][PASSED] - delay: Delayed 2 second(s)

2018-06-10 19:46:42 - [MESSAGE][PASSED] - Delayed 2 second(s)

2018-06-10 19:46:42 - [TEST_STEP][PASSED] - Statement - Try: null

2018-06-10 19:46:42 - [TEST_STEP][PASSED] - Statement - StockQty = com.kms.katalon.core.webui.keyword.WebUiBuiltInKeywords.getAttribute(com.kms.katalon.core.testobject.ObjectRepository.findTestObject(Emergency/Page_Store/input_txtprice), "value"): Attribute 'value' of object 'Object Repository/Emergency/Page_Store/input_txtprice' is: '2670'

2018-06-10 19:46:42 - [MESSAGE][PASSED] - Attribute 'value' of object 'Object Repository/Emergency/Page_Store/input_txtprice' is: '2670'

2018-06-10 19:46:42 - [TEST_STEP][PASSED] - Statement - out.println("Stock QTY : " + StockQty): null

2018-06-10 19:46:42 - [TEST_STEP][PASSED] - delay: Delayed 2 second(s)

2018-06-10 19:46:44 - [MESSAGE][PASSED] - Delayed 2 second(s)

2018-06-10 19:46:44 - [TEST_STEP][PASSED] - Statement - If (java.lang.Integer.valueOf(StockQty) >= java.lang.Integer.valueOf(RequestedQty)): null

2018-06-10 19:46:44 - [TEST_STEP][PASSED] - delay: Delayed 1 second(s)

2018-06-10 19:46:45 - [MESSAGE][PASSED] - Delayed 1 second(s)

2018-06-10 19:46:45 - [TEST_STEP][PASSED] - setText: Text '10' is set on object 'Object Repository/Emergency/Page_Store/input_txtqty'

2018-06-10 19:46:45 - [MESSAGE][PASSED] - Text '10' is set on object 'Object Repository/Emergency/Page_Store/input_txtqty'

2018-06-10 19:46:45 - [TEST_STEP][PASSED] - click: Object: 'Object Repository/Emergency/Page_Store/button_Add' is clicked on

2018-06-10 19:46:45 - [MESSAGE][PASSED] - Object: 'Object Repository/Emergency/Page_Store/button_Add' is clicked on

2018-06-10 19:46:45 - [TEST_STEP][PASSED] - Statement - Break: null

2018-06-10 19:46:45 - [TEST_STEP][PASSED] - selectOptionByIndex: All options with index in [50] are selected on object 'Object Repository/Emergency/Page_Store/select_--Select--Amikacin -500'

2018-06-10 19:46:45 - [MESSAGE][PASSED] - All options with index in [50] are selected on object 'Object Repository/Emergency/Page_Store/select_--Select--Amikacin -500'

2018-06-10 19:46:45 - [TEST_STEP][PASSED] - delay: Delayed 1 second(s)

2018-06-10 19:46:46 - [MESSAGE][PASSED] - Delayed 1 second(s)

2018-06-10 19:46:46 - [TEST_STEP][PASSED] - Statement - RequestedQty = com.kms.katalon.core.webui.keyword.WebUiBuiltInKeywords.getAttribute(com.kms.katalon.core.testobject.ObjectRepository.findTestObject(Emergency/Page_Store/input_txttotal), "value"): Attribute 'value' of object 'Object Repository/Emergency/Page_Store/input_txttotal' is: '10'

2018-06-10 19:46:46 - [MESSAGE][PASSED] - Attribute 'value' of object 'Object Repository/Emergency/Page_Store/input_txttotal' is: '10'

2018-06-10 19:46:46 - [TEST_STEP][PASSED] - Statement - out.println("Requested QTY : " + RequestedQty): null

2018-06-10 19:46:46 - [TEST_STEP][PASSED] - Statement - BatchNumber = com.kms.katalon.core.webui.keyword.WebUiBuiltInKeywords.getNumberOfTotalOption(com.kms.katalon.core.testobject.ObjectRepository.findTestObject(Emergency/Page_Store/select_--Select--BA1150BA4110)): 4 options of object 'Object Repository/Emergency/Page_Store/select_--Select--BA1150BA4110' counted

2018-06-10 19:46:46 - [MESSAGE][PASSED] - 4 options of object 'Object Repository/Emergency/Page_Store/select_--Select--BA1150BA4110' counted

2018-06-10 19:46:46 - [TEST_STEP][PASSED] - Statement - For ([g = 1, g <= BatchNumber - 1, (g++)]): null

2018-06-10 19:46:46 - [TEST_STEP][PASSED] - selectOptionByIndex: All options with index in [1] are selected on object 'Object Repository/Emergency/Page_Store/select_--Select--BA1150BA4110'

2018-06-10 19:46:46 - [MESSAGE][PASSED] - All options with index in [1] are selected on object 'Object Repository/Emergency/Page_Store/select_--Select--BA1150BA4110'

2018-06-10 19:46:46 - [TEST_STEP][PASSED] - delay: Delayed 2 second(s)

2018-06-10 19:46:48 - [MESSAGE][PASSED] - Delayed 2 second(s)

2018-06-10 19:46:48 - [TEST_STEP][PASSED] - Statement - Try: null

2018-06-10 19:46:48 - [TEST_STEP][PASSED] - Statement - StockQty = com.kms.katalon.core.webui.keyword.WebUiBuiltInKeywords.getAttribute(com.kms.katalon.core.testobject.ObjectRepository.findTestObject(Emergency/Page_Store/input_txtprice), "value"): Attribute 'value' of object 'Object Repository/Emergency/Page_Store/input_txtprice' is: '630'

2018-06-10 19:46:49 - [MESSAGE][PASSED] - Attribute 'value' of object 'Object Repository/Emergency/Page_Store/input_txtprice' is: '630'

2018-06-10 19:46:49 - [TEST_STEP][PASSED] - Statement - out.println("Stock QTY : " + StockQty): null

2018-06-10 19:46:49 - [TEST_STEP][PASSED] - delay: Delayed 2 second(s)

2018-06-10 19:46:51 - [MESSAGE][PASSED] - Delayed 2 second(s)

2018-06-10 19:46:51 - [TEST_STEP][PASSED] - Statement - If (java.lang.Integer.valueOf(StockQty) >= java.lang.Integer.valueOf(RequestedQty)): null

2018-06-10 19:46:51 - [TEST_STEP][PASSED] - delay: Delayed 1 second(s)

2018-06-10 19:46:52 - [MESSAGE][PASSED] - Delayed 1 second(s)

2018-06-10 19:46:52 - [TEST_STEP][PASSED] - setText: Text '10' is set on object 'Object Repository/Emergency/Page_Store/input_txtqty'

2018-06-10 19:46:52 - [MESSAGE][PASSED] - Text '10' is set on object 'Object Repository/Emergency/Page_Store/input_txtqty'

2018-06-10 19:46:52 - [TEST_STEP][PASSED] - click: Object: 'Object Repository/Emergency/Page_Store/button_Add' is clicked on

2018-06-10 19:46:52 - [MESSAGE][PASSED] - Object: 'Object Repository/Emergency/Page_Store/button_Add' is clicked on

2018-06-10 19:46:52 - [TEST_STEP][PASSED] - Statement - Break: null

2018-06-10 19:46:52 - [TEST_STEP][PASSED] - selectOptionByIndex: All options with index in [51] are selected on object 'Object Repository/Emergency/Page_Store/select_--Select--Amikacin -500'

2018-06-10 19:46:52 - [MESSAGE][PASSED] - All options with index in [51] are selected on object 'Object Repository/Emergency/Page_Store/select_--Select--Amikacin -500'

2018-06-10 19:46:52 - [TEST_STEP][PASSED] - delay: Delayed 1 second(s)

2018-06-10 19:46:53 - [MESSAGE][PASSED] - Delayed 1 second(s)

2018-06-10 19:46:53 - [TEST_STEP][PASSED] - Statement - RequestedQty = com.kms.katalon.core.webui.keyword.WebUiBuiltInKeywords.getAttribute(com.kms.katalon.core.testobject.ObjectRepository.findTestObject(Emergency/Page_Store/input_txttotal), "value"): Attribute 'value' of object 'Object Repository/Emergency/Page_Store/input_txttotal' is: '10'

2018-06-10 19:46:53 - [MESSAGE][PASSED] - Attribute 'value' of object 'Object Repository/Emergency/Page_Store/input_txttotal' is: '10'

2018-06-10 19:46:53 - [TEST_STEP][PASSED] - Statement - out.println("Requested QTY : " + RequestedQty): null

2018-06-10 19:46:53 - [TEST_STEP][PASSED] - Statement - BatchNumber = com.kms.katalon.core.webui.keyword.WebUiBuiltInKeywords.getNumberOfTotalOption(com.kms.katalon.core.testobject.ObjectRepository.findTestObject(Emergency/Page_Store/select_--Select--BA1150BA4110)): 3 options of object 'Object Repository/Emergency/Page_Store/select_--Select--BA1150BA4110' counted

2018-06-10 19:46:53 - [MESSAGE][PASSED] - 3 options of object 'Object Repository/Emergency/Page_Store/select_--Select--BA1150BA4110' counted

2018-06-10 19:46:53 - [TEST_STEP][PASSED] - Statement - For ([g = 1, g <= BatchNumber - 1, (g++)]): null

2018-06-10 19:46:53 - [TEST_STEP][PASSED] - selectOptionByIndex: All options with index in [1] are selected on object 'Object Repository/Emergency/Page_Store/select_--Select--BA1150BA4110'

2018-06-10 19:46:53 - [MESSAGE][PASSED] - All options with index in [1] are selected on object 'Object Repository/Emergency/Page_Store/select_--Select--BA1150BA4110'

2018-06-10 19:46:53 - [TEST_STEP][PASSED] - delay: Delayed 2 second(s)

2018-06-10 19:46:55 - [MESSAGE][PASSED] - Delayed 2 second(s)

2018-06-10 19:46:55 - [TEST_STEP][PASSED] - Statement - Try: null

2018-06-10 19:46:55 - [TEST_STEP][PASSED] - Statement - StockQty = com.kms.katalon.core.webui.keyword.WebUiBuiltInKeywords.getAttribute(com.kms.katalon.core.testobject.ObjectRepository.findTestObject(Emergency/Page_Store/input_txtprice), "value"): Attribute 'value' of object 'Object Repository/Emergency/Page_Store/input_txtprice' is: '1570'

2018-06-10 19:46:55 - [MESSAGE][PASSED] - Attribute 'value' of object 'Object Repository/Emergency/Page_Store/input_txtprice' is: '1570'

2018-06-10 19:46:55 - [TEST_STEP][PASSED] - Statement - out.println("Stock QTY : " + StockQty): null

2018-06-10 19:46:55 - [TEST_STEP][PASSED] - delay: Delayed 2 second(s)

2018-06-10 19:46:57 - [MESSAGE][PASSED] - Delayed 2 second(s)

2018-06-10 19:46:57 - [TEST_STEP][PASSED] - Statement - If (java.lang.Integer.valueOf(StockQty) >= java.lang.Integer.valueOf(RequestedQty)): null

2018-06-10 19:46:57 - [TEST_STEP][PASSED] - delay: Delayed 1 second(s)

2018-06-10 19:46:58 - [MESSAGE][PASSED] - Delayed 1 second(s)

2018-06-10 19:46:58 - [TEST_STEP][PASSED] - setText: Text '10' is set on object 'Object Repository/Emergency/Page_Store/input_txtqty'

2018-06-10 19:46:59 - [MESSAGE][PASSED] - Text '10' is set on object 'Object Repository/Emergency/Page_Store/input_txtqty'

2018-06-10 19:46:59 - [TEST_STEP][PASSED] - click: Object: 'Object Repository/Emergency/Page_Store/button_Add' is clicked on

2018-06-10 19:46:59 - [MESSAGE][PASSED] - Object: 'Object Repository/Emergency/Page_Store/button_Add' is clicked on

2018-06-10 19:46:59 - [TEST_STEP][PASSED] - Statement - Break: null

2018-06-10 19:46:59 - [TEST_STEP][PASSED] - selectOptionByIndex: All options with index in [52] are selected on object 'Object Repository/Emergency/Page_Store/select_--Select--Amikacin -500'

2018-06-10 19:46:59 - [MESSAGE][PASSED] - All options with index in [52] are selected on object 'Object Repository/Emergency/Page_Store/select_--Select--Amikacin -500'

2018-06-10 19:46:59 - [TEST_STEP][PASSED] - delay: Delayed 1 second(s)

2018-06-10 19:47:00 - [MESSAGE][PASSED] - Delayed 1 second(s)

2018-06-10 19:47:00 - [TEST_STEP][PASSED] - Statement - RequestedQty = com.kms.katalon.core.webui.keyword.WebUiBuiltInKeywords.getAttribute(com.kms.katalon.core.testobject.ObjectRepository.findTestObject(Emergency/Page_Store/input_txttotal), "value"): Attribute 'value' of object 'Object Repository/Emergency/Page_Store/input_txttotal' is: '10'

2018-06-10 19:47:00 - [MESSAGE][PASSED] - Attribute 'value' of object 'Object Repository/Emergency/Page_Store/input_txttotal' is: '10'

2018-06-10 19:47:00 - [TEST_STEP][PASSED] - Statement - out.println("Requested QTY : " + RequestedQty): null

2018-06-10 19:47:00 - [TEST_STEP][PASSED] - Statement - BatchNumber = com.kms.katalon.core.webui.keyword.WebUiBuiltInKeywords.getNumberOfTotalOption(com.kms.katalon.core.testobject.ObjectRepository.findTestObject(Emergency/Page_Store/select_--Select--BA1150BA4110)): 3 options of object 'Object Repository/Emergency/Page_Store/select_--Select--BA1150BA4110' counted

2018-06-10 19:47:00 - [MESSAGE][PASSED] - 3 options of object 'Object Repository/Emergency/Page_Store/select_--Select--BA1150BA4110' counted

2018-06-10 19:47:00 - [TEST_STEP][PASSED] - Statement - For ([g = 1, g <= BatchNumber - 1, (g++)]): null

2018-06-10 19:47:00 - [TEST_STEP][PASSED] - selectOptionByIndex: All options with index in [1] are selected on object 'Object Repository/Emergency/Page_Store/select_--Select--BA1150BA4110'

2018-06-10 19:47:01 - [MESSAGE][PASSED] - All options with index in [1] are selected on object 'Object Repository/Emergency/Page_Store/select_--Select--BA1150BA4110'

2018-06-10 19:47:01 - [TEST_STEP][PASSED] - delay: Delayed 2 second(s)

2018-06-10 19:47:03 - [MESSAGE][PASSED] - Delayed 2 second(s)

2018-06-10 19:47:03 - [TEST_STEP][PASSED] - Statement - Try: null

2018-06-10 19:47:03 - [TEST_STEP][PASSED] - Statement - StockQty = com.kms.katalon.core.webui.keyword.WebUiBuiltInKeywords.getAttribute(com.kms.katalon.core.testobject.ObjectRepository.findTestObject(Emergency/Page_Store/input_txtprice), "value"): Attribute 'value' of object 'Object Repository/Emergency/Page_Store/input_txtprice' is: '70'

2018-06-10 19:47:03 - [MESSAGE][PASSED] - Attribute 'value' of object 'Object Repository/Emergency/Page_Store/input_txtprice' is: '70'

2018-06-10 19:47:03 - [TEST_STEP][PASSED] - Statement - out.println("Stock QTY : " + StockQty): null

2018-06-10 19:47:03 - [TEST_STEP][PASSED] - delay: Delayed 2 second(s)

2018-06-10 19:47:05 - [MESSAGE][PASSED] - Delayed 2 second(s)

2018-06-10 19:47:05 - [TEST_STEP][PASSED] - Statement - If (java.lang.Integer.valueOf(StockQty) >= java.lang.Integer.valueOf(RequestedQty)): null

2018-06-10 19:47:05 - [TEST_STEP][PASSED] - delay: Delayed 1 second(s)

2018-06-10 19:47:06 - [MESSAGE][PASSED] - Delayed 1 second(s)

2018-06-10 19:47:06 - [TEST_STEP][PASSED] - setText: Text '10' is set on object 'Object Repository/Emergency/Page_Store/input_txtqty'

2018-06-10 19:47:06 - [MESSAGE][PASSED] - Text '10' is set on object 'Object Repository/Emergency/Page_Store/input_txtqty'

2018-06-10 19:47:06 - [TEST_STEP][PASSED] - click: Object: 'Object Repository/Emergency/Page_Store/button_Add' is clicked on

2018-06-10 19:47:06 - [MESSAGE][PASSED] - Object: 'Object Repository/Emergency/Page_Store/button_Add' is clicked on

2018-06-10 19:47:06 - [TEST_STEP][PASSED] - Statement - Break: null

2018-06-10 19:47:06 - [TEST_STEP][PASSED] - selectOptionByIndex: All options with index in [53] are selected on object 'Object Repository/Emergency/Page_Store/select_--Select--Amikacin -500'

2018-06-10 19:47:06 - [MESSAGE][PASSED] - All options with index in [53] are selected on object 'Object Repository/Emergency/Page_Store/select_--Select--Amikacin -500'

2018-06-10 19:47:06 - [TEST_STEP][PASSED] - delay: Delayed 1 second(s)

2018-06-10 19:47:07 - [MESSAGE][PASSED] - Delayed 1 second(s)

2018-06-10 19:47:07 - [TEST_STEP][PASSED] - Statement - RequestedQty = com.kms.katalon.core.webui.keyword.WebUiBuiltInKeywords.getAttribute(com.kms.katalon.core.testobject.ObjectRepository.findTestObject(Emergency/Page_Store/input_txttotal), "value"): Attribute 'value' of object 'Object Repository/Emergency/Page_Store/input_txttotal' is: '10'

2018-06-10 19:47:07 - [MESSAGE][PASSED] - Attribute 'value' of object 'Object Repository/Emergency/Page_Store/input_txttotal' is: '10'

2018-06-10 19:47:07 - [TEST_STEP][PASSED] - Statement - out.println("Requested QTY : " + RequestedQty): null

2018-06-10 19:47:07 - [TEST_STEP][PASSED] - Statement - BatchNumber = com.kms.katalon.core.webui.keyword.WebUiBuiltInKeywords.getNumberOfTotalOption(com.kms.katalon.core.testobject.ObjectRepository.findTestObject(Emergency/Page_Store/select_--Select--BA1150BA4110)): 3 options of object 'Object Repository/Emergency/Page_Store/select_--Select--BA1150BA4110' counted

2018-06-10 19:47:07 - [MESSAGE][PASSED] - 3 options of object 'Object Repository/Emergency/Page_Store/select_--Select--BA1150BA4110' counted

2018-06-10 19:47:07 - [TEST_STEP][PASSED] - Statement - For ([g = 1, g <= BatchNumber - 1, (g++)]): null

2018-06-10 19:47:07 - [TEST_STEP][PASSED] - selectOptionByIndex: All options with index in [1] are selected on object 'Object Repository/Emergency/Page_Store/select_--Select--BA1150BA4110'

2018-06-10 19:47:08 - [MESSAGE][PASSED] - All options with index in [1] are selected on object 'Object Repository/Emergency/Page_Store/select_--Select--BA1150BA4110'

2018-06-10 19:47:08 - [TEST_STEP][PASSED] - delay: Delayed 2 second(s)

2018-06-10 19:47:10 - [MESSAGE][PASSED] - Delayed 2 second(s)

2018-06-10 19:47:10 - [TEST_STEP][PASSED] - Statement - Try: null

2018-06-10 19:47:10 - [TEST_STEP][PASSED] - Statement - StockQty = com.kms.katalon.core.webui.keyword.WebUiBuiltInKeywords.getAttribute(com.kms.katalon.core.testobject.ObjectRepository.findTestObject(Emergency/Page_Store/input_txtprice), "value"): Attribute 'value' of object 'Object Repository/Emergency/Page_Store/input_txtprice' is: '1570'

2018-06-10 19:47:10 - [MESSAGE][PASSED] - Attribute 'value' of object 'Object Repository/Emergency/Page_Store/input_txtprice' is: '1570'

2018-06-10 19:47:10 - [TEST_STEP][PASSED] - Statement - out.println("Stock QTY : " + StockQty): null

2018-06-10 19:47:10 - [TEST_STEP][PASSED] - delay: Delayed 2 second(s)

2018-06-10 19:47:12 - [MESSAGE][PASSED] - Delayed 2 second(s)

2018-06-10 19:47:12 - [TEST_STEP][PASSED] - Statement - If (java.lang.Integer.valueOf(StockQty) >= java.lang.Integer.valueOf(RequestedQty)): null

2018-06-10 19:47:12 - [TEST_STEP][PASSED] - delay: Delayed 1 second(s)

2018-06-10 19:47:13 - [MESSAGE][PASSED] - Delayed 1 second(s)

2018-06-10 19:47:13 - [TEST_STEP][PASSED] - setText: Text '10' is set on object 'Object Repository/Emergency/Page_Store/input_txtqty'

2018-06-10 19:47:13 - [MESSAGE][PASSED] - Text '10' is set on object 'Object Repository/Emergency/Page_Store/input_txtqty'

2018-06-10 19:47:13 - [TEST_STEP][PASSED] - click: Object: 'Object Repository/Emergency/Page_Store/button_Add' is clicked on

2018-06-10 19:47:13 - [MESSAGE][PASSED] - Object: 'Object Repository/Emergency/Page_Store/button_Add' is clicked on

2018-06-10 19:47:13 - [TEST_STEP][PASSED] - Statement - Break: null

2018-06-10 19:47:13 - [TEST_STEP][PASSED] - selectOptionByIndex: All options with index in [54] are selected on object 'Object Repository/Emergency/Page_Store/select_--Select--Amikacin -500'

2018-06-10 19:47:14 - [MESSAGE][PASSED] - All options with index in [54] are selected on object 'Object Repository/Emergency/Page_Store/select_--Select--Amikacin -500'

2018-06-10 19:47:14 - [TEST_STEP][PASSED] - delay: Delayed 1 second(s)

2018-06-10 19:47:15 - [MESSAGE][PASSED] - Delayed 1 second(s)

2018-06-10 19:47:15 - [TEST_STEP][PASSED] - Statement - RequestedQty = com.kms.katalon.core.webui.keyword.WebUiBuiltInKeywords.getAttribute(com.kms.katalon.core.testobject.ObjectRepository.findTestObject(Emergency/Page_Store/input_txttotal), "value"): Attribute 'value' of object 'Object Repository/Emergency/Page_Store/input_txttotal' is: '10'

2018-06-10 19:47:15 - [MESSAGE][PASSED] - Attribute 'value' of object 'Object Repository/Emergency/Page_Store/input_txttotal' is: '10'

2018-06-10 19:47:15 - [TEST_STEP][PASSED] - Statement - out.println("Requested QTY : " + RequestedQty): null

2018-06-10 19:47:15 - [TEST_STEP][PASSED] - Statement - BatchNumber = com.kms.katalon.core.webui.keyword.WebUiBuiltInKeywords.getNumberOfTotalOption(com.kms.katalon.core.testobject.ObjectRepository.findTestObject(Emergency/Page_Store/select_--Select--BA1150BA4110)): 4 options of object 'Object Repository/Emergency/Page_Store/select_--Select--BA1150BA4110' counted

2018-06-10 19:47:15 - [MESSAGE][PASSED] - 4 options of object 'Object Repository/Emergency/Page_Store/select_--Select--BA1150BA4110' counted

2018-06-10 19:47:15 - [TEST_STEP][PASSED] - Statement - For ([g = 1, g <= BatchNumber - 1, (g++)]): null

2018-06-10 19:47:15 - [TEST_STEP][PASSED] - selectOptionByIndex: All options with index in [1] are selected on object 'Object Repository/Emergency/Page_Store/select_--Select--BA1150BA4110'

2018-06-10 19:47:15 - [MESSAGE][PASSED] - All options with index in [1] are selected on object 'Object Repository/Emergency/Page_Store/select_--Select--BA1150BA4110'

2018-06-10 19:47:15 - [TEST_STEP][PASSED] - delay: Delayed 2 second(s)

2018-06-10 19:47:17 - [MESSAGE][PASSED] - Delayed 2 second(s)

2018-06-10 19:47:17 - [TEST_STEP][PASSED] - Statement - Try: null

2018-06-10 19:47:17 - [TEST_STEP][PASSED] - Statement - StockQty = com.kms.katalon.core.webui.keyword.WebUiBuiltInKeywords.getAttribute(com.kms.katalon.core.testobject.ObjectRepository.findTestObject(Emergency/Page_Store/input_txtprice), "value"): Attribute 'value' of object 'Object Repository/Emergency/Page_Store/input_txtprice' is: '290'

2018-06-10 19:47:17 - [MESSAGE][PASSED] - Attribute 'value' of object 'Object Repository/Emergency/Page_Store/input_txtprice' is: '290'

2018-06-10 19:47:17 - [TEST_STEP][PASSED] - Statement - out.println("Stock QTY : " + StockQty): null

2018-06-10 19:47:17 - [TEST_STEP][PASSED] - delay: Delayed 2 second(s)

2018-06-10 19:47:19 - [MESSAGE][PASSED] - Delayed 2 second(s)

2018-06-10 19:47:19 - [TEST_STEP][PASSED] - Statement - If (java.lang.Integer.valueOf(StockQty) >= java.lang.Integer.valueOf(RequestedQty)): null

2018-06-10 19:47:19 - [TEST_STEP][PASSED] - delay: Delayed 1 second(s)

2018-06-10 19:47:20 - [MESSAGE][PASSED] - Delayed 1 second(s)

2018-06-10 19:47:20 - [TEST_STEP][PASSED] - setText: Text '10' is set on object 'Object Repository/Emergency/Page_Store/input_txtqty'

2018-06-10 19:47:20 - [MESSAGE][PASSED] - Text '10' is set on object 'Object Repository/Emergency/Page_Store/input_txtqty'

2018-06-10 19:47:20 - [TEST_STEP][PASSED] - click: Object: 'Object Repository/Emergency/Page_Store/button_Add' is clicked on

2018-06-10 19:47:20 - [MESSAGE][PASSED] - Object: 'Object Repository/Emergency/Page_Store/button_Add' is clicked on

2018-06-10 19:47:20 - [TEST_STEP][PASSED] - Statement - Break: null

2018-06-10 19:47:20 - [TEST_STEP][PASSED] - selectOptionByIndex: All options with index in [55] are selected on object 'Object Repository/Emergency/Page_Store/select_--Select--Amikacin -500'

2018-06-10 19:47:21 - [MESSAGE][PASSED] - All options with index in [55] are selected on object 'Object Repository/Emergency/Page_Store/select_--Select--Amikacin -500'

2018-06-10 19:47:21 - [TEST_STEP][PASSED] - delay: Delayed 1 second(s)

2018-06-10 19:47:22 - [MESSAGE][PASSED] - Delayed 1 second(s)

2018-06-10 19:47:22 - [TEST_STEP][PASSED] - Statement - RequestedQty = com.kms.katalon.core.webui.keyword.WebUiBuiltInKeywords.getAttribute(com.kms.katalon.core.testobject.ObjectRepository.findTestObject(Emergency/Page_Store/input_txttotal), "value"): Attribute 'value' of object 'Object Repository/Emergency/Page_Store/input_txttotal' is: '10'

2018-06-10 19:47:22 - [MESSAGE][PASSED] - Attribute 'value' of object 'Object Repository/Emergency/Page_Store/input_txttotal' is: '10'

2018-06-10 19:47:22 - [TEST_STEP][PASSED] - Statement - out.println("Requested QTY : " + RequestedQty): null

2018-06-10 19:47:22 - [TEST_STEP][PASSED] - Statement - BatchNumber = com.kms.katalon.core.webui.keyword.WebUiBuiltInKeywords.getNumberOfTotalOption(com.kms.katalon.core.testobject.ObjectRepository.findTestObject(Emergency/Page_Store/select_--Select--BA1150BA4110)): 4 options of object 'Object Repository/Emergency/Page_Store/select_--Select--BA1150BA4110' counted

2018-06-10 19:47:22 - [MESSAGE][PASSED] - 4 options of object 'Object Repository/Emergency/Page_Store/select_--Select--BA1150BA4110' counted

2018-06-10 19:47:22 - [TEST_STEP][PASSED] - Statement - For ([g = 1, g <= BatchNumber - 1, (g++)]): null

2018-06-10 19:47:22 - [TEST_STEP][PASSED] - selectOptionByIndex: All options with index in [1] are selected on object 'Object Repository/Emergency/Page_Store/select_--Select--BA1150BA4110'

2018-06-10 19:47:22 - [MESSAGE][PASSED] - All options with index in [1] are selected on object 'Object Repository/Emergency/Page_Store/select_--Select--BA1150BA4110'

2018-06-10 19:47:22 - [TEST_STEP][PASSED] - delay: Delayed 2 second(s)

2018-06-10 19:47:24 - [MESSAGE][PASSED] - Delayed 2 second(s)

2018-06-10 19:47:24 - [TEST_STEP][PASSED] - Statement - Try: null

2018-06-10 19:47:24 - [TEST_STEP][PASSED] - Statement - StockQty = com.kms.katalon.core.webui.keyword.WebUiBuiltInKeywords.getAttribute(com.kms.katalon.core.testobject.ObjectRepository.findTestObject(Emergency/Page_Store/input_txtprice), "value"): Attribute 'value' of object 'Object Repository/Emergency/Page_Store/input_txtprice' is: '70'

2018-06-10 19:47:24 - [MESSAGE][PASSED] - Attribute 'value' of object 'Object Repository/Emergency/Page_Store/input_txtprice' is: '70'

2018-06-10 19:47:24 - [TEST_STEP][PASSED] - Statement - out.println("Stock QTY : " + StockQty): null

2018-06-10 19:47:24 - [TEST_STEP][PASSED] - delay: Delayed 2 second(s)

2018-06-10 19:47:26 - [MESSAGE][PASSED] - Delayed 2 second(s)

2018-06-10 19:47:26 - [TEST_STEP][PASSED] - Statement - If (java.lang.Integer.valueOf(StockQty) >= java.lang.Integer.valueOf(RequestedQty)): null

2018-06-10 19:47:26 - [TEST_STEP][PASSED] - delay: Delayed 1 second(s)

2018-06-10 19:47:27 - [MESSAGE][PASSED] - Delayed 1 second(s)

2018-06-10 19:47:27 - [TEST_STEP][PASSED] - setText: Text '10' is set on object 'Object Repository/Emergency/Page_Store/input_txtqty'

2018-06-10 19:47:27 - [MESSAGE][PASSED] - Text '10' is set on object 'Object Repository/Emergency/Page_Store/input_txtqty'

2018-06-10 19:47:27 - [TEST_STEP][PASSED] - click: Object: 'Object Repository/Emergency/Page_Store/button_Add' is clicked on

2018-06-10 19:47:27 - [MESSAGE][PASSED] - Object: 'Object Repository/Emergency/Page_Store/button_Add' is clicked on

2018-06-10 19:47:27 - [TEST_STEP][PASSED] - Statement - Break: null

2018-06-10 19:47:27 - [TEST_STEP][PASSED] - selectOptionByIndex: All options with index in [56] are selected on object 'Object Repository/Emergency/Page_Store/select_--Select--Amikacin -500'

2018-06-10 19:47:28 - [MESSAGE][PASSED] - All options with index in [56] are selected on object 'Object Repository/Emergency/Page_Store/select_--Select--Amikacin -500'

2018-06-10 19:47:28 - [TEST_STEP][PASSED] - delay: Delayed 1 second(s)

2018-06-10 19:47:29 - [MESSAGE][PASSED] - Delayed 1 second(s)

2018-06-10 19:47:29 - [TEST_STEP][PASSED] - Statement - RequestedQty = com.kms.katalon.core.webui.keyword.WebUiBuiltInKeywords.getAttribute(com.kms.katalon.core.testobject.ObjectRepository.findTestObject(Emergency/Page_Store/input_txttotal), "value"): Attribute 'value' of object 'Object Repository/Emergency/Page_Store/input_txttotal' is: '10'

2018-06-10 19:47:29 - [MESSAGE][PASSED] - Attribute 'value' of object 'Object Repository/Emergency/Page_Store/input_txttotal' is: '10'

2018-06-10 19:47:29 - [TEST_STEP][PASSED] - Statement - out.println("Requested QTY : " + RequestedQty): null

2018-06-10 19:47:29 - [TEST_STEP][PASSED] - Statement - BatchNumber = com.kms.katalon.core.webui.keyword.WebUiBuiltInKeywords.getNumberOfTotalOption(com.kms.katalon.core.testobject.ObjectRepository.findTestObject(Emergency/Page_Store/select_--Select--BA1150BA4110)): 4 options of object 'Object Repository/Emergency/Page_Store/select_--Select--BA1150BA4110' counted

2018-06-10 19:47:29 - [MESSAGE][PASSED] - 4 options of object 'Object Repository/Emergency/Page_Store/select_--Select--BA1150BA4110' counted

2018-06-10 19:47:29 - [TEST_STEP][PASSED] - Statement - For ([g = 1, g <= BatchNumber - 1, (g++)]): null

2018-06-10 19:47:29 - [TEST_STEP][PASSED] - selectOptionByIndex: All options with index in [1] are selected on object 'Object Repository/Emergency/Page_Store/select_--Select--BA1150BA4110'

2018-06-10 19:47:29 - [MESSAGE][PASSED] - All options with index in [1] are selected on object 'Object Repository/Emergency/Page_Store/select_--Select--BA1150BA4110'

2018-06-10 19:47:29 - [TEST_STEP][PASSED] - delay: Delayed 2 second(s)

2018-06-10 19:47:31 - [MESSAGE][PASSED] - Delayed 2 second(s)

2018-06-10 19:47:31 - [TEST_STEP][PASSED] - Statement - Try: null

2018-06-10 19:47:31 - [TEST_STEP][PASSED] - Statement - StockQty = com.kms.katalon.core.webui.keyword.WebUiBuiltInKeywords.getAttribute(com.kms.katalon.core.testobject.ObjectRepository.findTestObject(Emergency/Page_Store/input_txtprice), "value"): Attribute 'value' of object 'Object Repository/Emergency/Page_Store/input_txtprice' is: '630'

2018-06-10 19:47:31 - [MESSAGE][PASSED] - Attribute 'value' of object 'Object Repository/Emergency/Page_Store/input_txtprice' is: '630'

2018-06-10 19:47:31 - [TEST_STEP][PASSED] - Statement - out.println("Stock QTY : " + StockQty): null

2018-06-10 19:47:31 - [TEST_STEP][PASSED] - delay: Delayed 2 second(s)

2018-06-10 19:47:33 - [MESSAGE][PASSED] - Delayed 2 second(s)

2018-06-10 19:47:33 - [TEST_STEP][PASSED] - Statement - If (java.lang.Integer.valueOf(StockQty) >= java.lang.Integer.valueOf(RequestedQty)): null

2018-06-10 19:47:33 - [TEST_STEP][PASSED] - delay: Delayed 1 second(s)

2018-06-10 19:47:34 - [MESSAGE][PASSED] - Delayed 1 second(s)

2018-06-10 19:47:34 - [TEST_STEP][PASSED] - setText: Text '10' is set on object 'Object Repository/Emergency/Page_Store/input_txtqty'

2018-06-10 19:47:34 - [MESSAGE][PASSED] - Text '10' is set on object 'Object Repository/Emergency/Page_Store/input_txtqty'

2018-06-10 19:47:34 - [TEST_STEP][PASSED] - click: Object: 'Object Repository/Emergency/Page_Store/button_Add' is clicked on

2018-06-10 19:47:34 - [MESSAGE][PASSED] - Object: 'Object Repository/Emergency/Page_Store/button_Add' is clicked on

2018-06-10 19:47:34 - [TEST_STEP][PASSED] - Statement - Break: null

2018-06-10 19:47:34 - [TEST_STEP][PASSED] - selectOptionByIndex: All options with index in [57] are selected on object 'Object Repository/Emergency/Page_Store/select_--Select--Amikacin -500'

2018-06-10 19:47:35 - [MESSAGE][PASSED] - All options with index in [57] are selected on object 'Object Repository/Emergency/Page_Store/select_--Select--Amikacin -500'

2018-06-10 19:47:35 - [TEST_STEP][PASSED] - delay: Delayed 1 second(s)

2018-06-10 19:47:36 - [MESSAGE][PASSED] - Delayed 1 second(s)

2018-06-10 19:47:36 - [TEST_STEP][PASSED] - Statement - RequestedQty = com.kms.katalon.core.webui.keyword.WebUiBuiltInKeywords.getAttribute(com.kms.katalon.core.testobject.ObjectRepository.findTestObject(Emergency/Page_Store/input_txttotal), "value"): Attribute 'value' of object 'Object Repository/Emergency/Page_Store/input_txttotal' is: '10'

2018-06-10 19:47:36 - [MESSAGE][PASSED] - Attribute 'value' of object 'Object Repository/Emergency/Page_Store/input_txttotal' is: '10'

2018-06-10 19:47:36 - [TEST_STEP][PASSED] - Statement - out.println("Requested QTY : " + RequestedQty): null

2018-06-10 19:47:36 - [TEST_STEP][PASSED] - Statement - BatchNumber = com.kms.katalon.core.webui.keyword.WebUiBuiltInKeywords.getNumberOfTotalOption(com.kms.katalon.core.testobject.ObjectRepository.findTestObject(Emergency/Page_Store/select_--Select--BA1150BA4110)): 3 options of object 'Object Repository/Emergency/Page_Store/select_--Select--BA1150BA4110' counted

2018-06-10 19:47:36 - [MESSAGE][PASSED] - 3 options of object 'Object Repository/Emergency/Page_Store/select_--Select--BA1150BA4110' counted

2018-06-10 19:47:36 - [TEST_STEP][PASSED] - Statement - For ([g = 1, g <= BatchNumber - 1, (g++)]): null

2018-06-10 19:47:36 - [TEST_STEP][PASSED] - selectOptionByIndex: All options with index in [1] are selected on object 'Object Repository/Emergency/Page_Store/select_--Select--BA1150BA4110'

2018-06-10 19:47:36 - [MESSAGE][PASSED] - All options with index in [1] are selected on object 'Object Repository/Emergency/Page_Store/select_--Select--BA1150BA4110'

2018-06-10 19:47:36 - [TEST_STEP][PASSED] - delay: Delayed 2 second(s)

2018-06-10 19:47:38 - [MESSAGE][PASSED] - Delayed 2 second(s)

2018-06-10 19:47:38 - [TEST_STEP][PASSED] - Statement - Try: null

2018-06-10 19:47:38 - [TEST_STEP][PASSED] - Statement - StockQty = com.kms.katalon.core.webui.keyword.WebUiBuiltInKeywords.getAttribute(com.kms.katalon.core.testobject.ObjectRepository.findTestObject(Emergency/Page_Store/input_txtprice), "value"): Attribute 'value' of object 'Object Repository/Emergency/Page_Store/input_txtprice' is: '1570'

2018-06-10 19:47:38 - [MESSAGE][PASSED] - Attribute 'value' of object 'Object Repository/Emergency/Page_Store/input_txtprice' is: '1570'

2018-06-10 19:47:38 - [TEST_STEP][PASSED] - Statement - out.println("Stock QTY : " + StockQty): null

2018-06-10 19:47:38 - [TEST_STEP][PASSED] - delay: Delayed 2 second(s)

2018-06-10 19:47:40 - [MESSAGE][PASSED] - Delayed 2 second(s)

2018-06-10 19:47:40 - [TEST_STEP][PASSED] - Statement - If (java.lang.Integer.valueOf(StockQty) >= java.lang.Integer.valueOf(RequestedQty)): null

2018-06-10 19:47:40 - [TEST_STEP][PASSED] - delay: Delayed 1 second(s)

2018-06-10 19:47:41 - [MESSAGE][PASSED] - Delayed 1 second(s)

2018-06-10 19:47:41 - [TEST_STEP][PASSED] - setText: Text '10' is set on object 'Object Repository/Emergency/Page_Store/input_txtqty'

2018-06-10 19:47:41 - [MESSAGE][PASSED] - Text '10' is set on object 'Object Repository/Emergency/Page_Store/input_txtqty'

2018-06-10 19:47:41 - [TEST_STEP][PASSED] - click: Object: 'Object Repository/Emergency/Page_Store/button_Add' is clicked on

2018-06-10 19:47:41 - [MESSAGE][PASSED] - Object: 'Object Repository/Emergency/Page_Store/button_Add' is clicked on

2018-06-10 19:47:41 - [TEST_STEP][PASSED] - Statement - Break: null

2018-06-10 19:47:41 - [TEST_STEP][PASSED] - selectOptionByIndex: All options with index in [58] are selected on object 'Object Repository/Emergency/Page_Store/select_--Select--Amikacin -500'

2018-06-10 19:47:42 - [MESSAGE][PASSED] - All options with index in [58] are selected on object 'Object Repository/Emergency/Page_Store/select_--Select--Amikacin -500'

2018-06-10 19:47:42 - [TEST_STEP][PASSED] - delay: Delayed 1 second(s)

2018-06-10 19:47:43 - [MESSAGE][PASSED] - Delayed 1 second(s)

2018-06-10 19:47:43 - [TEST_STEP][PASSED] - Statement - RequestedQty = com.kms.katalon.core.webui.keyword.WebUiBuiltInKeywords.getAttribute(com.kms.katalon.core.testobject.ObjectRepository.findTestObject(Emergency/Page_Store/input_txttotal), "value"): Attribute 'value' of object 'Object Repository/Emergency/Page_Store/input_txttotal' is: '10'

2018-06-10 19:47:43 - [MESSAGE][PASSED] - Attribute 'value' of object 'Object Repository/Emergency/Page_Store/input_txttotal' is: '10'

2018-06-10 19:47:43 - [TEST_STEP][PASSED] - Statement - out.println("Requested QTY : " + RequestedQty): null

2018-06-10 19:47:43 - [TEST_STEP][PASSED] - Statement - BatchNumber = com.kms.katalon.core.webui.keyword.WebUiBuiltInKeywords.getNumberOfTotalOption(com.kms.katalon.core.testobject.ObjectRepository.findTestObject(Emergency/Page_Store/select_--Select--BA1150BA4110)): 4 options of object 'Object Repository/Emergency/Page_Store/select_--Select--BA1150BA4110' counted

2018-06-10 19:47:43 - [MESSAGE][PASSED] - 4 options of object 'Object Repository/Emergency/Page_Store/select_--Select--BA1150BA4110' counted

2018-06-10 19:47:43 - [TEST_STEP][PASSED] - Statement - For ([g = 1, g <= BatchNumber - 1, (g++)]): null

2018-06-10 19:47:43 - [TEST_STEP][PASSED] - selectOptionByIndex: All options with index in [1] are selected on object 'Object Repository/Emergency/Page_Store/select_--Select--BA1150BA4110'

2018-06-10 19:47:43 - [MESSAGE][PASSED] - All options with index in [1] are selected on object 'Object Repository/Emergency/Page_Store/select_--Select--BA1150BA4110'

2018-06-10 19:47:43 - [TEST_STEP][PASSED] - delay: Delayed 2 second(s)

2018-06-10 19:47:45 - [MESSAGE][PASSED] - Delayed 2 second(s)

2018-06-10 19:47:45 - [TEST_STEP][PASSED] - Statement - Try: null

2018-06-10 19:47:45 - [TEST_STEP][PASSED] - Statement - StockQty = com.kms.katalon.core.webui.keyword.WebUiBuiltInKeywords.getAttribute(com.kms.katalon.core.testobject.ObjectRepository.findTestObject(Emergency/Page_Store/input_txtprice), "value"): Attribute 'value' of object 'Object Repository/Emergency/Page_Store/input_txtprice' is: '640'

2018-06-10 19:47:45 - [MESSAGE][PASSED] - Attribute 'value' of object 'Object Repository/Emergency/Page_Store/input_txtprice' is: '640'

2018-06-10 19:47:45 - [TEST_STEP][PASSED] - Statement - out.println("Stock QTY : " + StockQty): null

2018-06-10 19:47:45 - [TEST_STEP][PASSED] - delay: Delayed 2 second(s)

2018-06-10 19:47:47 - [MESSAGE][PASSED] - Delayed 2 second(s)

2018-06-10 19:47:47 - [TEST_STEP][PASSED] - Statement - If (java.lang.Integer.valueOf(StockQty) >= java.lang.Integer.valueOf(RequestedQty)): null

2018-06-10 19:47:47 - [TEST_STEP][PASSED] - delay: Delayed 1 second(s)

2018-06-10 19:47:48 - [MESSAGE][PASSED] - Delayed 1 second(s)

2018-06-10 19:47:48 - [TEST_STEP][PASSED] - setText: Text '10' is set on object 'Object Repository/Emergency/Page_Store/input_txtqty'

2018-06-10 19:47:48 - [MESSAGE][PASSED] - Text '10' is set on object 'Object Repository/Emergency/Page_Store/input_txtqty'

2018-06-10 19:47:48 - [TEST_STEP][PASSED] - click: Object: 'Object Repository/Emergency/Page_Store/button_Add' is clicked on

2018-06-10 19:47:48 - [MESSAGE][PASSED] - Object: 'Object Repository/Emergency/Page_Store/button_Add' is clicked on

2018-06-10 19:47:48 - [TEST_STEP][PASSED] - Statement - Break: null

2018-06-10 19:47:48 - [TEST_STEP][PASSED] - selectOptionByIndex: All options with index in [59] are selected on object 'Object Repository/Emergency/Page_Store/select_--Select--Amikacin -500'

2018-06-10 19:47:49 - [MESSAGE][PASSED] - All options with index in [59] are selected on object 'Object Repository/Emergency/Page_Store/select_--Select--Amikacin -500'

2018-06-10 19:47:49 - [TEST_STEP][PASSED] - delay: Delayed 1 second(s)

2018-06-10 19:47:50 - [MESSAGE][PASSED] - Delayed 1 second(s)

2018-06-10 19:47:50 - [TEST_STEP][PASSED] - Statement - RequestedQty = com.kms.katalon.core.webui.keyword.WebUiBuiltInKeywords.getAttribute(com.kms.katalon.core.testobject.ObjectRepository.findTestObject(Emergency/Page_Store/input_txttotal), "value"): Attribute 'value' of object 'Object Repository/Emergency/Page_Store/input_txttotal' is: '10'

2018-06-10 19:47:50 - [MESSAGE][PASSED] - Attribute 'value' of object 'Object Repository/Emergency/Page_Store/input_txttotal' is: '10'

2018-06-10 19:47:50 - [TEST_STEP][PASSED] - Statement - out.println("Requested QTY : " + RequestedQty): null

2018-06-10 19:47:50 - [TEST_STEP][PASSED] - Statement - BatchNumber = com.kms.katalon.core.webui.keyword.WebUiBuiltInKeywords.getNumberOfTotalOption(com.kms.katalon.core.testobject.ObjectRepository.findTestObject(Emergency/Page_Store/select_--Select--BA1150BA4110)): 3 options of object 'Object Repository/Emergency/Page_Store/select_--Select--BA1150BA4110' counted

2018-06-10 19:47:50 - [MESSAGE][PASSED] - 3 options of object 'Object Repository/Emergency/Page_Store/select_--Select--BA1150BA4110' counted

2018-06-10 19:47:50 - [TEST_STEP][PASSED] - Statement - For ([g = 1, g <= BatchNumber - 1, (g++)]): null

2018-06-10 19:47:50 - [TEST_STEP][PASSED] - selectOptionByIndex: All options with index in [1] are selected on object 'Object Repository/Emergency/Page_Store/select_--Select--BA1150BA4110'

2018-06-10 19:47:50 - [MESSAGE][PASSED] - All options with index in [1] are selected on object 'Object Repository/Emergency/Page_Store/select_--Select--BA1150BA4110'

2018-06-10 19:47:50 - [TEST_STEP][PASSED] - delay: Delayed 2 second(s)

2018-06-10 19:47:52 - [MESSAGE][PASSED] - Delayed 2 second(s)

2018-06-10 19:47:52 - [TEST_STEP][PASSED] - Statement - Try: null

2018-06-10 19:47:52 - [TEST_STEP][PASSED] - Statement - StockQty = com.kms.katalon.core.webui.keyword.WebUiBuiltInKeywords.getAttribute(com.kms.katalon.core.testobject.ObjectRepository.findTestObject(Emergency/Page_Store/input_txtprice), "value"): Attribute 'value' of object 'Object Repository/Emergency/Page_Store/input_txtprice' is: '230'

2018-06-10 19:47:52 - [MESSAGE][PASSED] - Attribute 'value' of object 'Object Repository/Emergency/Page_Store/input_txtprice' is: '230'

2018-06-10 19:47:52 - [TEST_STEP][PASSED] - Statement - out.println("Stock QTY : " + StockQty): null

2018-06-10 19:47:52 - [TEST_STEP][PASSED] - delay: Delayed 2 second(s)

2018-06-10 19:47:54 - [MESSAGE][PASSED] - Delayed 2 second(s)

2018-06-10 19:47:54 - [TEST_STEP][PASSED] - Statement - If (java.lang.Integer.valueOf(StockQty) >= java.lang.Integer.valueOf(RequestedQty)): null

2018-06-10 19:47:54 - [TEST_STEP][PASSED] - delay: Delayed 1 second(s)

2018-06-10 19:47:55 - [MESSAGE][PASSED] - Delayed 1 second(s)

2018-06-10 19:47:55 - [TEST_STEP][PASSED] - setText: Text '10' is set on object 'Object Repository/Emergency/Page_Store/input_txtqty'

2018-06-10 19:47:55 - [MESSAGE][PASSED] - Text '10' is set on object 'Object Repository/Emergency/Page_Store/input_txtqty'

2018-06-10 19:47:55 - [TEST_STEP][PASSED] - click: Object: 'Object Repository/Emergency/Page_Store/button_Add' is clicked on

2018-06-10 19:47:55 - [MESSAGE][PASSED] - Object: 'Object Repository/Emergency/Page_Store/button_Add' is clicked on

2018-06-10 19:47:55 - [TEST_STEP][PASSED] - Statement - Break: null

2018-06-10 19:47:55 - [TEST_STEP][PASSED] - selectOptionByIndex: All options with index in [60] are selected on object 'Object Repository/Emergency/Page_Store/select_--Select--Amikacin -500'

2018-06-10 19:47:56 - [MESSAGE][PASSED] - All options with index in [60] are selected on object 'Object Repository/Emergency/Page_Store/select_--Select--Amikacin -500'

2018-06-10 19:47:56 - [TEST_STEP][PASSED] - delay: Delayed 1 second(s)

2018-06-10 19:47:57 - [MESSAGE][PASSED] - Delayed 1 second(s)

2018-06-10 19:47:57 - [TEST_STEP][PASSED] - Statement - RequestedQty = com.kms.katalon.core.webui.keyword.WebUiBuiltInKeywords.getAttribute(com.kms.katalon.core.testobject.ObjectRepository.findTestObject(Emergency/Page_Store/input_txttotal), "value"): Attribute 'value' of object 'Object Repository/Emergency/Page_Store/input_txttotal' is: '10'

2018-06-10 19:47:57 - [MESSAGE][PASSED] - Attribute 'value' of object 'Object Repository/Emergency/Page_Store/input_txttotal' is: '10'

2018-06-10 19:47:57 - [TEST_STEP][PASSED] - Statement - out.println("Requested QTY : " + RequestedQty): null

2018-06-10 19:47:57 - [TEST_STEP][PASSED] - Statement - BatchNumber = com.kms.katalon.core.webui.keyword.WebUiBuiltInKeywords.getNumberOfTotalOption(com.kms.katalon.core.testobject.ObjectRepository.findTestObject(Emergency/Page_Store/select_--Select--BA1150BA4110)): 2 options of object 'Object Repository/Emergency/Page_Store/select_--Select--BA1150BA4110' counted

2018-06-10 19:47:57 - [MESSAGE][PASSED] - 2 options of object 'Object Repository/Emergency/Page_Store/select_--Select--BA1150BA4110' counted

2018-06-10 19:47:57 - [TEST_STEP][PASSED] - Statement - For ([g = 1, g <= BatchNumber - 1, (g++)]): null

2018-06-10 19:47:57 - [TEST_STEP][PASSED] - selectOptionByIndex: All options with index in [1] are selected on object 'Object Repository/Emergency/Page_Store/select_--Select--BA1150BA4110'

2018-06-10 19:47:57 - [MESSAGE][PASSED] - All options with index in [1] are selected on object 'Object Repository/Emergency/Page_Store/select_--Select--BA1150BA4110'

2018-06-10 19:47:57 - [TEST_STEP][PASSED] - delay: Delayed 2 second(s)

2018-06-10 19:47:59 - [MESSAGE][PASSED] - Delayed 2 second(s)

2018-06-10 19:47:59 - [TEST_STEP][PASSED] - Statement - Try: null

2018-06-10 19:47:59 - [TEST_STEP][PASSED] - Statement - StockQty = com.kms.katalon.core.webui.keyword.WebUiBuiltInKeywords.getAttribute(com.kms.katalon.core.testobject.ObjectRepository.findTestObject(Emergency/Page_Store/input_txtprice), "value"): Attribute 'value' of object 'Object Repository/Emergency/Page_Store/input_txtprice' is: '2670'

2018-06-10 19:47:59 - [MESSAGE][PASSED] - Attribute 'value' of object 'Object Repository/Emergency/Page_Store/input_txtprice' is: '2670'

2018-06-10 19:47:59 - [TEST_STEP][PASSED] - Statement - out.println("Stock QTY : " + StockQty): null

2018-06-10 19:47:59 - [TEST_STEP][PASSED] - delay: Delayed 2 second(s)

2018-06-10 19:48:01 - [MESSAGE][PASSED] - Delayed 2 second(s)

2018-06-10 19:48:01 - [TEST_STEP][PASSED] - Statement - If (java.lang.Integer.valueOf(StockQty) >= java.lang.Integer.valueOf(RequestedQty)): null

2018-06-10 19:48:01 - [TEST_STEP][PASSED] - delay: Delayed 1 second(s)

2018-06-10 19:48:02 - [MESSAGE][PASSED] - Delayed 1 second(s)

2018-06-10 19:48:02 - [TEST_STEP][PASSED] - setText: Text '10' is set on object 'Object Repository/Emergency/Page_Store/input_txtqty'

2018-06-10 19:48:02 - [MESSAGE][PASSED] - Text '10' is set on object 'Object Repository/Emergency/Page_Store/input_txtqty'

2018-06-10 19:48:02 - [TEST_STEP][PASSED] - click: Object: 'Object Repository/Emergency/Page_Store/button_Add' is clicked on

2018-06-10 19:48:02 - [MESSAGE][PASSED] - Object: 'Object Repository/Emergency/Page_Store/button_Add' is clicked on

2018-06-10 19:48:02 - [TEST_STEP][PASSED] - Statement - Break: null

2018-06-10 19:48:02 - [TEST_STEP][PASSED] - selectOptionByIndex: All options with index in [61] are selected on object 'Object Repository/Emergency/Page_Store/select_--Select--Amikacin -500'

2018-06-10 19:48:03 - [MESSAGE][PASSED] - All options with index in [61] are selected on object 'Object Repository/Emergency/Page_Store/select_--Select--Amikacin -500'

2018-06-10 19:48:03 - [TEST_STEP][PASSED] - delay: Delayed 1 second(s)

2018-06-10 19:48:04 - [MESSAGE][PASSED] - Delayed 1 second(s)

2018-06-10 19:48:04 - [TEST_STEP][PASSED] - Statement - RequestedQty = com.kms.katalon.core.webui.keyword.WebUiBuiltInKeywords.getAttribute(com.kms.katalon.core.testobject.ObjectRepository.findTestObject(Emergency/Page_Store/input_txttotal), "value"): Attribute 'value' of object 'Object Repository/Emergency/Page_Store/input_txttotal' is: '10'

2018-06-10 19:48:04 - [MESSAGE][PASSED] - Attribute 'value' of object 'Object Repository/Emergency/Page_Store/input_txttotal' is: '10'

2018-06-10 19:48:04 - [TEST_STEP][PASSED] - Statement - out.println("Requested QTY : " + RequestedQty): null

2018-06-10 19:48:04 - [TEST_STEP][PASSED] - Statement - BatchNumber = com.kms.katalon.core.webui.keyword.WebUiBuiltInKeywords.getNumberOfTotalOption(com.kms.katalon.core.testobject.ObjectRepository.findTestObject(Emergency/Page_Store/select_--Select--BA1150BA4110)): 4 options of object 'Object Repository/Emergency/Page_Store/select_--Select--BA1150BA4110' counted

2018-06-10 19:48:04 - [MESSAGE][PASSED] - 4 options of object 'Object Repository/Emergency/Page_Store/select_--Select--BA1150BA4110' counted

2018-06-10 19:48:04 - [TEST_STEP][PASSED] - Statement - For ([g = 1, g <= BatchNumber - 1, (g++)]): null

2018-06-10 19:48:04 - [TEST_STEP][PASSED] - selectOptionByIndex: All options with index in [1] are selected on object 'Object Repository/Emergency/Page_Store/select_--Select--BA1150BA4110'

2018-06-10 19:48:04 - [MESSAGE][PASSED] - All options with index in [1] are selected on object 'Object Repository/Emergency/Page_Store/select_--Select--BA1150BA4110'

2018-06-10 19:48:04 - [TEST_STEP][PASSED] - delay: Delayed 2 second(s)

2018-06-10 19:48:06 - [MESSAGE][PASSED] - Delayed 2 second(s)

2018-06-10 19:48:06 - [TEST_STEP][PASSED] - Statement - Try: null

2018-06-10 19:48:06 - [TEST_STEP][PASSED] - Statement - StockQty = com.kms.katalon.core.webui.keyword.WebUiBuiltInKeywords.getAttribute(com.kms.katalon.core.testobject.ObjectRepository.findTestObject(Emergency/Page_Store/input_txtprice), "value"): Attribute 'value' of object 'Object Repository/Emergency/Page_Store/input_txtprice' is: '630'

2018-06-10 19:48:06 - [MESSAGE][PASSED] - Attribute 'value' of object 'Object Repository/Emergency/Page_Store/input_txtprice' is: '630'

2018-06-10 19:48:06 - [TEST_STEP][PASSED] - Statement - out.println("Stock QTY : " + StockQty): null

2018-06-10 19:48:06 - [TEST_STEP][PASSED] - delay: Delayed 2 second(s)

2018-06-10 19:48:08 - [MESSAGE][PASSED] - Delayed 2 second(s)

2018-06-10 19:48:08 - [TEST_STEP][PASSED] - Statement - If (java.lang.Integer.valueOf(StockQty) >= java.lang.Integer.valueOf(RequestedQty)): null

2018-06-10 19:48:08 - [TEST_STEP][PASSED] - delay: Delayed 1 second(s)

2018-06-10 19:48:09 - [MESSAGE][PASSED] - Delayed 1 second(s)

2018-06-10 19:48:09 - [TEST_STEP][PASSED] - setText: Text '10' is set on object 'Object Repository/Emergency/Page_Store/input_txtqty'

2018-06-10 19:48:09 - [MESSAGE][PASSED] - Text '10' is set on object 'Object Repository/Emergency/Page_Store/input_txtqty'

2018-06-10 19:48:09 - [TEST_STEP][PASSED] - click: Object: 'Object Repository/Emergency/Page_Store/button_Add' is clicked on

2018-06-10 19:48:09 - [MESSAGE][PASSED] - Object: 'Object Repository/Emergency/Page_Store/button_Add' is clicked on

2018-06-10 19:48:09 - [TEST_STEP][PASSED] - Statement - Break: null

2018-06-10 19:48:09 - [TEST_STEP][PASSED] - selectOptionByIndex: All options with index in [62] are selected on object 'Object Repository/Emergency/Page_Store/select_--Select--Amikacin -500'

2018-06-10 19:48:10 - [MESSAGE][PASSED] - All options with index in [62] are selected on object 'Object Repository/Emergency/Page_Store/select_--Select--Amikacin -500'

2018-06-10 19:48:10 - [TEST_STEP][PASSED] - delay: Delayed 1 second(s)

2018-06-10 19:48:11 - [MESSAGE][PASSED] - Delayed 1 second(s)

2018-06-10 19:48:11 - [TEST_STEP][PASSED] - Statement - RequestedQty = com.kms.katalon.core.webui.keyword.WebUiBuiltInKeywords.getAttribute(com.kms.katalon.core.testobject.ObjectRepository.findTestObject(Emergency/Page_Store/input_txttotal), "value"): Attribute 'value' of object 'Object Repository/Emergency/Page_Store/input_txttotal' is: '10'

2018-06-10 19:48:11 - [MESSAGE][PASSED] - Attribute 'value' of object 'Object Repository/Emergency/Page_Store/input_txttotal' is: '10'

2018-06-10 19:48:11 - [TEST_STEP][PASSED] - Statement - out.println("Requested QTY : " + RequestedQty): null

2018-06-10 19:48:11 - [TEST_STEP][PASSED] - Statement - BatchNumber = com.kms.katalon.core.webui.keyword.WebUiBuiltInKeywords.getNumberOfTotalOption(com.kms.katalon.core.testobject.ObjectRepository.findTestObject(Emergency/Page_Store/select_--Select--BA1150BA4110)): 4 options of object 'Object Repository/Emergency/Page_Store/select_--Select--BA1150BA4110' counted

2018-06-10 19:48:11 - [MESSAGE][PASSED] - 4 options of object 'Object Repository/Emergency/Page_Store/select_--Select--BA1150BA4110' counted

2018-06-10 19:48:11 - [TEST_STEP][PASSED] - Statement - For ([g = 1, g <= BatchNumber - 1, (g++)]): null

2018-06-10 19:48:11 - [TEST_STEP][PASSED] - selectOptionByIndex: All options with index in [1] are selected on object 'Object Repository/Emergency/Page_Store/select_--Select--BA1150BA4110'

2018-06-10 19:48:11 - [MESSAGE][PASSED] - All options with index in [1] are selected on object 'Object Repository/Emergency/Page_Store/select_--Select--BA1150BA4110'

2018-06-10 19:48:11 - [TEST_STEP][PASSED] - delay: Delayed 2 second(s)

2018-06-10 19:48:13 - [MESSAGE][PASSED] - Delayed 2 second(s)

2018-06-10 19:48:13 - [TEST_STEP][PASSED] - Statement - Try: null

2018-06-10 19:48:13 - [TEST_STEP][PASSED] - Statement - StockQty = com.kms.katalon.core.webui.keyword.WebUiBuiltInKeywords.getAttribute(com.kms.katalon.core.testobject.ObjectRepository.findTestObject(Emergency/Page_Store/input_txtprice), "value"): Attribute 'value' of object 'Object Repository/Emergency/Page_Store/input_txtprice' is: '290'

2018-06-10 19:48:13 - [MESSAGE][PASSED] - Attribute 'value' of object 'Object Repository/Emergency/Page_Store/input_txtprice' is: '290'

2018-06-10 19:48:13 - [TEST_STEP][PASSED] - Statement - out.println("Stock QTY : " + StockQty): null

2018-06-10 19:48:13 - [TEST_STEP][PASSED] - delay: Delayed 2 second(s)

2018-06-10 19:48:15 - [MESSAGE][PASSED] - Delayed 2 second(s)

2018-06-10 19:48:15 - [TEST_STEP][PASSED] - Statement - If (java.lang.Integer.valueOf(StockQty) >= java.lang.Integer.valueOf(RequestedQty)): null

2018-06-10 19:48:15 - [TEST_STEP][PASSED] - delay: Delayed 1 second(s)

2018-06-10 19:48:16 - [MESSAGE][PASSED] - Delayed 1 second(s)

2018-06-10 19:48:16 - [TEST_STEP][PASSED] - setText: Text '10' is set on object 'Object Repository/Emergency/Page_Store/input_txtqty'

2018-06-10 19:48:16 - [MESSAGE][PASSED] - Text '10' is set on object 'Object Repository/Emergency/Page_Store/input_txtqty'

2018-06-10 19:48:16 - [TEST_STEP][PASSED] - click: Object: 'Object Repository/Emergency/Page_Store/button_Add' is clicked on

2018-06-10 19:48:16 - [MESSAGE][PASSED] - Object: 'Object Repository/Emergency/Page_Store/button_Add' is clicked on

2018-06-10 19:48:16 - [TEST_STEP][PASSED] - Statement - Break: null

2018-06-10 19:48:16 - [TEST_STEP][PASSED] - scrollToElement: Scroll to object 'Object Repository/Emergency/Page_Store/input_btnSubmit' successfully

2018-06-10 19:48:16 - [MESSAGE][PASSED] - Scroll to object 'Object Repository/Emergency/Page_Store/input_btnSubmit' successfully

2018-06-10 19:48:16 - [TEST_STEP][PASSED] - Statement - Try: Object: 'Object Repository/lab/Page_Store/button_OK' is clicked on

2018-06-10 19:48:16 - [TEST_STEP][PASSED] - click: Object: 'Object Repository/Emergency/Page_Store/input_btnSubmit' is clicked on

2018-06-10 19:48:17 - [MESSAGE][PASSED] - Object: 'Object Repository/Emergency/Page_Store/input_btnSubmit' is clicked on

2018-06-10 19:48:17 - [TEST_STEP][PASSED] - delay: Delayed 3 second(s)

2018-06-10 19:48:20 - [MESSAGE][PASSED] - Delayed 3 second(s)

2018-06-10 19:48:20 - [TEST_STEP][PASSED] - click: Object: 'Object Repository/lab/Page_Store/button_OK' is clicked on

2018-06-10 19:48:24 - [MESSAGE][PASSED] - Object: 'Object Repository/lab/Page_Store/button_OK' is clicked on

2018-06-10 19:48:24 - [TEST_STEP][PASSED] - delay: Delayed 3 second(s)

2018-06-10 19:48:27 - [MESSAGE][PASSED] - Delayed 3 second(s)

2018-06-10 19:48:27 - [TEST_STEP][PASSED] - click: Object: 'Object Repository/Emergency/Page_Store/a_dropdown-toggle' is clicked on

2018-06-10 19:48:27 - [MESSAGE][PASSED] - Object: 'Object Repository/Emergency/Page_Store/a_dropdown-toggle' is clicked on

2018-06-10 19:48:27 - [TEST_STEP][PASSED] - click: Object: 'Object Repository/Emergency/Page_Store/a_Sign out' is clicked on

2018-06-10 19:48:27 - [MESSAGE][PASSED] - Object: 'Object Repository/Emergency/Page_Store/a_Sign out' is clicked on

2018-06-10 19:48:27 - [TEST_STEP][PASSED] - closeBrowser: Browser is closed

2018-06-10 19:48:28 - [MESSAGE][PASSED] - Browser is closed

2018-06-10 19:48:28 - [TEST_STEP][PASSED] - Statement - out.println("Schedule 1 Emergency Request Are Working Successfully"): null]]></system-out>
         <system-err><![CDATA[]]></system-err>
      </testcase>
      <testcase name="Test Cases/EMERGENCY TEST CASES/TC_ER_002 Verify Schedule 3 Emergency  Request Are Working Successfully Or Not" classname="Test Cases/EMERGENCY TEST CASES/TC_ER_002 Verify Schedule 3 Emergency  Request Are Working Successfully Or Not" status="PASSED">
         <system-out><![CDATA[2018-06-10 19:48:28 - [TEST_CASE][PASSED] - Test Cases/EMERGENCY TEST CASES/TC_ER_002 Verify Schedule 3 Emergency  Request Are Working Successfully Or Not: Test Cases/EMERGENCY TEST CASES/TC_ER_002 Verify Schedule 3 Emergency  Request Are Working Successfully Or Not

2018-06-10 19:48:29 - [TEST_STEP][PASSED] - openBrowser: Browser is opened with url: ''

2018-06-10 19:48:31 - [MESSAGE][PASSED] - Browser is opened with url: ''

2018-06-10 19:48:31 - [TEST_STEP][PASSED] - Statement - out.println("Verify Schedule 3 Emergency  Request Are Working Successfully Or Not"): null

2018-06-10 19:48:31 - [TEST_STEP][PASSED] - navigateToUrl: Navigate to 'http://192.168.137.1/Multihospital_New/EmergencyLogin.aspx' successfully

2018-06-10 19:48:32 - [MESSAGE][PASSED] - Navigate to 'http://192.168.137.1/Multihospital_New/EmergencyLogin.aspx' successfully

2018-06-10 19:48:32 - [TEST_STEP][PASSED] - maximizeWindow: Current window maximized

2018-06-10 19:48:34 - [MESSAGE][PASSED] - Current window maximized

2018-06-10 19:48:34 - [TEST_STEP][PASSED] - setText: Text 'nivetha' is set on object 'Object Repository/Emergency/Page_Emergency login/input_txtusername'

2018-06-10 19:48:34 - [MESSAGE][PASSED] - Text 'nivetha' is set on object 'Object Repository/Emergency/Page_Emergency login/input_txtusername'

2018-06-10 19:48:34 - [TEST_STEP][PASSED] - setText: Text '123' is set on object 'Object Repository/Emergency/Page_Emergency login/input_txtpassword'

2018-06-10 19:48:34 - [MESSAGE][PASSED] - Text '123' is set on object 'Object Repository/Emergency/Page_Emergency login/input_txtpassword'

2018-06-10 19:48:34 - [TEST_STEP][PASSED] - delay: Delayed 3 second(s)

2018-06-10 19:48:37 - [MESSAGE][PASSED] - Delayed 3 second(s)

2018-06-10 19:48:37 - [TEST_STEP][PASSED] - click: Object: 'Object Repository/Emergency/Page_Emergency login/button_Sign in' is clicked on

2018-06-10 19:48:38 - [MESSAGE][PASSED] - Object: 'Object Repository/Emergency/Page_Emergency login/button_Sign in' is clicked on

2018-06-10 19:48:38 - [TEST_STEP][PASSED] - delay: Delayed 3 second(s)

2018-06-10 19:48:41 - [MESSAGE][PASSED] - Delayed 3 second(s)

2018-06-10 19:48:41 - [TEST_STEP][PASSED] - click: Object: 'Object Repository/Emergency/Page_KDMC - Emergency/a_Store Request' is clicked on

2018-06-10 19:48:41 - [MESSAGE][PASSED] - Object: 'Object Repository/Emergency/Page_KDMC - Emergency/a_Store Request' is clicked on

2018-06-10 19:48:41 - [TEST_STEP][PASSED] - delay: Delayed 2 second(s)

2018-06-10 19:48:43 - [MESSAGE][PASSED] - Delayed 2 second(s)

2018-06-10 19:48:43 - [TEST_STEP][PASSED] - click: Object: 'Object Repository/Emergency/Page_KDMC - Emergency/a_Medicine Request' is clicked on

2018-06-10 19:48:43 - [MESSAGE][PASSED] - Object: 'Object Repository/Emergency/Page_KDMC - Emergency/a_Medicine Request' is clicked on

2018-06-10 19:48:43 - [TEST_STEP][PASSED] - delay: Delayed 2 second(s)

2018-06-10 19:48:45 - [MESSAGE][PASSED] - Delayed 2 second(s)

2018-06-10 19:48:45 - [TEST_STEP][PASSED] - selectOptionByIndex: All options with index in [2] are selected on object 'Object Repository/Emergency/Page_KDMC - Emergency/select_--Select--Schedule 1Inj'

2018-06-10 19:48:46 - [MESSAGE][PASSED] - All options with index in [2] are selected on object 'Object Repository/Emergency/Page_KDMC - Emergency/select_--Select--Schedule 1Inj'

2018-06-10 19:48:46 - [TEST_STEP][PASSED] - Statement - seletedoptions = com.kms.katalon.core.webui.keyword.WebUiBuiltInKeywords.getNumberOfTotalOption(com.kms.katalon.core.testobject.ObjectRepository.findTestObject(Emergency/Page_KDMC - Emergency/select_--Select--Adernaline 0.)): 37 options of object 'Object Repository/Emergency/Page_KDMC - Emergency/select_--Select--Adernaline 0.' counted

2018-06-10 19:48:46 - [MESSAGE][PASSED] - 37 options of object 'Object Repository/Emergency/Page_KDMC - Emergency/select_--Select--Adernaline 0.' counted

2018-06-10 19:48:46 - [TEST_STEP][PASSED] - Statement - For ([u = 1, u < seletedoptions - 1, (u++)]): Object: 'Object Repository/Emergency/Page_KDMC - Emergency/button_Add' is clicked on

2018-06-10 19:48:46 - [TEST_STEP][PASSED] - selectOptionByIndex: All options with index in [2] are selected on object 'Object Repository/Emergency/Page_KDMC - Emergency/select_--Select--Schedule 1Inj'

2018-06-10 19:48:46 - [MESSAGE][PASSED] - All options with index in [2] are selected on object 'Object Repository/Emergency/Page_KDMC - Emergency/select_--Select--Schedule 1Inj'

2018-06-10 19:48:46 - [TEST_STEP][PASSED] - selectOptionByIndex: All options with index in [1] are selected on object 'Object Repository/Emergency/Page_KDMC - Emergency/select_--Select--Adernaline 0.'

2018-06-10 19:48:46 - [MESSAGE][PASSED] - All options with index in [1] are selected on object 'Object Repository/Emergency/Page_KDMC - Emergency/select_--Select--Adernaline 0.'

2018-06-10 19:48:46 - [TEST_STEP][PASSED] - setText: Text '10' is set on object 'Object Repository/Emergency/Page_KDMC - Emergency/input_txttreat'

2018-06-10 19:48:46 - [MESSAGE][PASSED] - Text '10' is set on object 'Object Repository/Emergency/Page_KDMC - Emergency/input_txttreat'

2018-06-10 19:48:46 - [TEST_STEP][PASSED] - click: Object: 'Object Repository/Emergency/Page_KDMC - Emergency/button_Add' is clicked on

2018-06-10 19:48:46 - [MESSAGE][PASSED] - Object: 'Object Repository/Emergency/Page_KDMC - Emergency/button_Add' is clicked on

2018-06-10 19:48:46 - [TEST_STEP][PASSED] - selectOptionByIndex: All options with index in [2] are selected on object 'Object Repository/Emergency/Page_KDMC - Emergency/select_--Select--Schedule 1Inj'

2018-06-10 19:48:46 - [MESSAGE][PASSED] - All options with index in [2] are selected on object 'Object Repository/Emergency/Page_KDMC - Emergency/select_--Select--Schedule 1Inj'

2018-06-10 19:48:46 - [TEST_STEP][PASSED] - selectOptionByIndex: All options with index in [2] are selected on object 'Object Repository/Emergency/Page_KDMC - Emergency/select_--Select--Adernaline 0.'

2018-06-10 19:48:46 - [MESSAGE][PASSED] - All options with index in [2] are selected on object 'Object Repository/Emergency/Page_KDMC - Emergency/select_--Select--Adernaline 0.'

2018-06-10 19:48:46 - [TEST_STEP][PASSED] - setText: Text '10' is set on object 'Object Repository/Emergency/Page_KDMC - Emergency/input_txttreat'

2018-06-10 19:48:46 - [MESSAGE][PASSED] - Text '10' is set on object 'Object Repository/Emergency/Page_KDMC - Emergency/input_txttreat'

2018-06-10 19:48:46 - [TEST_STEP][PASSED] - click: Object: 'Object Repository/Emergency/Page_KDMC - Emergency/button_Add' is clicked on

2018-06-10 19:48:47 - [MESSAGE][PASSED] - Object: 'Object Repository/Emergency/Page_KDMC - Emergency/button_Add' is clicked on

2018-06-10 19:48:47 - [TEST_STEP][PASSED] - selectOptionByIndex: All options with index in [2] are selected on object 'Object Repository/Emergency/Page_KDMC - Emergency/select_--Select--Schedule 1Inj'

2018-06-10 19:48:47 - [MESSAGE][PASSED] - All options with index in [2] are selected on object 'Object Repository/Emergency/Page_KDMC - Emergency/select_--Select--Schedule 1Inj'

2018-06-10 19:48:47 - [TEST_STEP][PASSED] - selectOptionByIndex: All options with index in [3] are selected on object 'Object Repository/Emergency/Page_KDMC - Emergency/select_--Select--Adernaline 0.'

2018-06-10 19:48:47 - [MESSAGE][PASSED] - All options with index in [3] are selected on object 'Object Repository/Emergency/Page_KDMC - Emergency/select_--Select--Adernaline 0.'

2018-06-10 19:48:47 - [TEST_STEP][PASSED] - setText: Text '10' is set on object 'Object Repository/Emergency/Page_KDMC - Emergency/input_txttreat'

2018-06-10 19:48:47 - [MESSAGE][PASSED] - Text '10' is set on object 'Object Repository/Emergency/Page_KDMC - Emergency/input_txttreat'

2018-06-10 19:48:47 - [TEST_STEP][PASSED] - click: Object: 'Object Repository/Emergency/Page_KDMC - Emergency/button_Add' is clicked on

2018-06-10 19:48:47 - [MESSAGE][PASSED] - Object: 'Object Repository/Emergency/Page_KDMC - Emergency/button_Add' is clicked on

2018-06-10 19:48:47 - [TEST_STEP][PASSED] - selectOptionByIndex: All options with index in [2] are selected on object 'Object Repository/Emergency/Page_KDMC - Emergency/select_--Select--Schedule 1Inj'

2018-06-10 19:48:47 - [MESSAGE][PASSED] - All options with index in [2] are selected on object 'Object Repository/Emergency/Page_KDMC - Emergency/select_--Select--Schedule 1Inj'

2018-06-10 19:48:47 - [TEST_STEP][PASSED] - selectOptionByIndex: All options with index in [4] are selected on object 'Object Repository/Emergency/Page_KDMC - Emergency/select_--Select--Adernaline 0.'

2018-06-10 19:48:47 - [MESSAGE][PASSED] - All options with index in [4] are selected on object 'Object Repository/Emergency/Page_KDMC - Emergency/select_--Select--Adernaline 0.'

2018-06-10 19:48:47 - [TEST_STEP][PASSED] - setText: Text '10' is set on object 'Object Repository/Emergency/Page_KDMC - Emergency/input_txttreat'

2018-06-10 19:48:47 - [MESSAGE][PASSED] - Text '10' is set on object 'Object Repository/Emergency/Page_KDMC - Emergency/input_txttreat'

2018-06-10 19:48:47 - [TEST_STEP][PASSED] - click: Object: 'Object Repository/Emergency/Page_KDMC - Emergency/button_Add' is clicked on

2018-06-10 19:48:47 - [MESSAGE][PASSED] - Object: 'Object Repository/Emergency/Page_KDMC - Emergency/button_Add' is clicked on

2018-06-10 19:48:47 - [TEST_STEP][PASSED] - selectOptionByIndex: All options with index in [2] are selected on object 'Object Repository/Emergency/Page_KDMC - Emergency/select_--Select--Schedule 1Inj'

2018-06-10 19:48:48 - [MESSAGE][PASSED] - All options with index in [2] are selected on object 'Object Repository/Emergency/Page_KDMC - Emergency/select_--Select--Schedule 1Inj'

2018-06-10 19:48:48 - [TEST_STEP][PASSED] - selectOptionByIndex: All options with index in [5] are selected on object 'Object Repository/Emergency/Page_KDMC - Emergency/select_--Select--Adernaline 0.'

2018-06-10 19:48:48 - [MESSAGE][PASSED] - All options with index in [5] are selected on object 'Object Repository/Emergency/Page_KDMC - Emergency/select_--Select--Adernaline 0.'

2018-06-10 19:48:48 - [TEST_STEP][PASSED] - setText: Text '10' is set on object 'Object Repository/Emergency/Page_KDMC - Emergency/input_txttreat'

2018-06-10 19:48:48 - [MESSAGE][PASSED] - Text '10' is set on object 'Object Repository/Emergency/Page_KDMC - Emergency/input_txttreat'

2018-06-10 19:48:48 - [TEST_STEP][PASSED] - click: Object: 'Object Repository/Emergency/Page_KDMC - Emergency/button_Add' is clicked on

2018-06-10 19:48:48 - [MESSAGE][PASSED] - Object: 'Object Repository/Emergency/Page_KDMC - Emergency/button_Add' is clicked on

2018-06-10 19:48:48 - [TEST_STEP][PASSED] - selectOptionByIndex: All options with index in [2] are selected on object 'Object Repository/Emergency/Page_KDMC - Emergency/select_--Select--Schedule 1Inj'

2018-06-10 19:48:48 - [MESSAGE][PASSED] - All options with index in [2] are selected on object 'Object Repository/Emergency/Page_KDMC - Emergency/select_--Select--Schedule 1Inj'

2018-06-10 19:48:48 - [TEST_STEP][PASSED] - selectOptionByIndex: All options with index in [6] are selected on object 'Object Repository/Emergency/Page_KDMC - Emergency/select_--Select--Adernaline 0.'

2018-06-10 19:48:48 - [MESSAGE][PASSED] - All options with index in [6] are selected on object 'Object Repository/Emergency/Page_KDMC - Emergency/select_--Select--Adernaline 0.'

2018-06-10 19:48:48 - [TEST_STEP][PASSED] - setText: Text '10' is set on object 'Object Repository/Emergency/Page_KDMC - Emergency/input_txttreat'

2018-06-10 19:48:48 - [MESSAGE][PASSED] - Text '10' is set on object 'Object Repository/Emergency/Page_KDMC - Emergency/input_txttreat'

2018-06-10 19:48:48 - [TEST_STEP][PASSED] - click: Object: 'Object Repository/Emergency/Page_KDMC - Emergency/button_Add' is clicked on

2018-06-10 19:48:48 - [MESSAGE][PASSED] - Object: 'Object Repository/Emergency/Page_KDMC - Emergency/button_Add' is clicked on

2018-06-10 19:48:48 - [TEST_STEP][PASSED] - selectOptionByIndex: All options with index in [2] are selected on object 'Object Repository/Emergency/Page_KDMC - Emergency/select_--Select--Schedule 1Inj'

2018-06-10 19:48:48 - [MESSAGE][PASSED] - All options with index in [2] are selected on object 'Object Repository/Emergency/Page_KDMC - Emergency/select_--Select--Schedule 1Inj'

2018-06-10 19:48:48 - [TEST_STEP][PASSED] - selectOptionByIndex: All options with index in [7] are selected on object 'Object Repository/Emergency/Page_KDMC - Emergency/select_--Select--Adernaline 0.'

2018-06-10 19:48:49 - [MESSAGE][PASSED] - All options with index in [7] are selected on object 'Object Repository/Emergency/Page_KDMC - Emergency/select_--Select--Adernaline 0.'

2018-06-10 19:48:49 - [TEST_STEP][PASSED] - setText: Text '10' is set on object 'Object Repository/Emergency/Page_KDMC - Emergency/input_txttreat'

2018-06-10 19:48:49 - [MESSAGE][PASSED] - Text '10' is set on object 'Object Repository/Emergency/Page_KDMC - Emergency/input_txttreat'

2018-06-10 19:48:49 - [TEST_STEP][PASSED] - click: Object: 'Object Repository/Emergency/Page_KDMC - Emergency/button_Add' is clicked on

2018-06-10 19:48:49 - [MESSAGE][PASSED] - Object: 'Object Repository/Emergency/Page_KDMC - Emergency/button_Add' is clicked on

2018-06-10 19:48:49 - [TEST_STEP][PASSED] - selectOptionByIndex: All options with index in [2] are selected on object 'Object Repository/Emergency/Page_KDMC - Emergency/select_--Select--Schedule 1Inj'

2018-06-10 19:48:49 - [MESSAGE][PASSED] - All options with index in [2] are selected on object 'Object Repository/Emergency/Page_KDMC - Emergency/select_--Select--Schedule 1Inj'

2018-06-10 19:48:49 - [TEST_STEP][PASSED] - selectOptionByIndex: All options with index in [8] are selected on object 'Object Repository/Emergency/Page_KDMC - Emergency/select_--Select--Adernaline 0.'

2018-06-10 19:48:49 - [MESSAGE][PASSED] - All options with index in [8] are selected on object 'Object Repository/Emergency/Page_KDMC - Emergency/select_--Select--Adernaline 0.'

2018-06-10 19:48:49 - [TEST_STEP][PASSED] - setText: Text '10' is set on object 'Object Repository/Emergency/Page_KDMC - Emergency/input_txttreat'

2018-06-10 19:48:49 - [MESSAGE][PASSED] - Text '10' is set on object 'Object Repository/Emergency/Page_KDMC - Emergency/input_txttreat'

2018-06-10 19:48:49 - [TEST_STEP][PASSED] - click: Object: 'Object Repository/Emergency/Page_KDMC - Emergency/button_Add' is clicked on

2018-06-10 19:48:49 - [MESSAGE][PASSED] - Object: 'Object Repository/Emergency/Page_KDMC - Emergency/button_Add' is clicked on

2018-06-10 19:48:49 - [TEST_STEP][PASSED] - selectOptionByIndex: All options with index in [2] are selected on object 'Object Repository/Emergency/Page_KDMC - Emergency/select_--Select--Schedule 1Inj'

2018-06-10 19:48:49 - [MESSAGE][PASSED] - All options with index in [2] are selected on object 'Object Repository/Emergency/Page_KDMC - Emergency/select_--Select--Schedule 1Inj'

2018-06-10 19:48:49 - [TEST_STEP][PASSED] - selectOptionByIndex: All options with index in [9] are selected on object 'Object Repository/Emergency/Page_KDMC - Emergency/select_--Select--Adernaline 0.'

2018-06-10 19:48:50 - [MESSAGE][PASSED] - All options with index in [9] are selected on object 'Object Repository/Emergency/Page_KDMC - Emergency/select_--Select--Adernaline 0.'

2018-06-10 19:48:50 - [TEST_STEP][PASSED] - setText: Text '10' is set on object 'Object Repository/Emergency/Page_KDMC - Emergency/input_txttreat'

2018-06-10 19:48:50 - [MESSAGE][PASSED] - Text '10' is set on object 'Object Repository/Emergency/Page_KDMC - Emergency/input_txttreat'

2018-06-10 19:48:50 - [TEST_STEP][PASSED] - click: Object: 'Object Repository/Emergency/Page_KDMC - Emergency/button_Add' is clicked on

2018-06-10 19:48:50 - [MESSAGE][PASSED] - Object: 'Object Repository/Emergency/Page_KDMC - Emergency/button_Add' is clicked on

2018-06-10 19:48:50 - [TEST_STEP][PASSED] - selectOptionByIndex: All options with index in [2] are selected on object 'Object Repository/Emergency/Page_KDMC - Emergency/select_--Select--Schedule 1Inj'

2018-06-10 19:48:50 - [MESSAGE][PASSED] - All options with index in [2] are selected on object 'Object Repository/Emergency/Page_KDMC - Emergency/select_--Select--Schedule 1Inj'

2018-06-10 19:48:50 - [TEST_STEP][PASSED] - selectOptionByIndex: All options with index in [10] are selected on object 'Object Repository/Emergency/Page_KDMC - Emergency/select_--Select--Adernaline 0.'

2018-06-10 19:48:50 - [MESSAGE][PASSED] - All options with index in [10] are selected on object 'Object Repository/Emergency/Page_KDMC - Emergency/select_--Select--Adernaline 0.'

2018-06-10 19:48:50 - [TEST_STEP][PASSED] - setText: Text '10' is set on object 'Object Repository/Emergency/Page_KDMC - Emergency/input_txttreat'

2018-06-10 19:48:50 - [MESSAGE][PASSED] - Text '10' is set on object 'Object Repository/Emergency/Page_KDMC - Emergency/input_txttreat'

2018-06-10 19:48:50 - [TEST_STEP][PASSED] - click: Object: 'Object Repository/Emergency/Page_KDMC - Emergency/button_Add' is clicked on

2018-06-10 19:48:50 - [MESSAGE][PASSED] - Object: 'Object Repository/Emergency/Page_KDMC - Emergency/button_Add' is clicked on

2018-06-10 19:48:50 - [TEST_STEP][PASSED] - selectOptionByIndex: All options with index in [2] are selected on object 'Object Repository/Emergency/Page_KDMC - Emergency/select_--Select--Schedule 1Inj'

2018-06-10 19:48:50 - [MESSAGE][PASSED] - All options with index in [2] are selected on object 'Object Repository/Emergency/Page_KDMC - Emergency/select_--Select--Schedule 1Inj'

2018-06-10 19:48:50 - [TEST_STEP][PASSED] - selectOptionByIndex: All options with index in [11] are selected on object 'Object Repository/Emergency/Page_KDMC - Emergency/select_--Select--Adernaline 0.'

2018-06-10 19:48:51 - [MESSAGE][PASSED] - All options with index in [11] are selected on object 'Object Repository/Emergency/Page_KDMC - Emergency/select_--Select--Adernaline 0.'

2018-06-10 19:48:51 - [TEST_STEP][PASSED] - setText: Text '10' is set on object 'Object Repository/Emergency/Page_KDMC - Emergency/input_txttreat'

2018-06-10 19:48:51 - [MESSAGE][PASSED] - Text '10' is set on object 'Object Repository/Emergency/Page_KDMC - Emergency/input_txttreat'

2018-06-10 19:48:51 - [TEST_STEP][PASSED] - click: Object: 'Object Repository/Emergency/Page_KDMC - Emergency/button_Add' is clicked on

2018-06-10 19:48:51 - [MESSAGE][PASSED] - Object: 'Object Repository/Emergency/Page_KDMC - Emergency/button_Add' is clicked on

2018-06-10 19:48:51 - [TEST_STEP][PASSED] - selectOptionByIndex: All options with index in [2] are selected on object 'Object Repository/Emergency/Page_KDMC - Emergency/select_--Select--Schedule 1Inj'

2018-06-10 19:48:51 - [MESSAGE][PASSED] - All options with index in [2] are selected on object 'Object Repository/Emergency/Page_KDMC - Emergency/select_--Select--Schedule 1Inj'

2018-06-10 19:48:51 - [TEST_STEP][PASSED] - selectOptionByIndex: All options with index in [12] are selected on object 'Object Repository/Emergency/Page_KDMC - Emergency/select_--Select--Adernaline 0.'

2018-06-10 19:48:51 - [MESSAGE][PASSED] - All options with index in [12] are selected on object 'Object Repository/Emergency/Page_KDMC - Emergency/select_--Select--Adernaline 0.'

2018-06-10 19:48:51 - [TEST_STEP][PASSED] - setText: Text '10' is set on object 'Object Repository/Emergency/Page_KDMC - Emergency/input_txttreat'

2018-06-10 19:48:51 - [MESSAGE][PASSED] - Text '10' is set on object 'Object Repository/Emergency/Page_KDMC - Emergency/input_txttreat'

2018-06-10 19:48:51 - [TEST_STEP][PASSED] - click: Object: 'Object Repository/Emergency/Page_KDMC - Emergency/button_Add' is clicked on

2018-06-10 19:48:51 - [MESSAGE][PASSED] - Object: 'Object Repository/Emergency/Page_KDMC - Emergency/button_Add' is clicked on

2018-06-10 19:48:51 - [TEST_STEP][PASSED] - selectOptionByIndex: All options with index in [2] are selected on object 'Object Repository/Emergency/Page_KDMC - Emergency/select_--Select--Schedule 1Inj'

2018-06-10 19:48:52 - [MESSAGE][PASSED] - All options with index in [2] are selected on object 'Object Repository/Emergency/Page_KDMC - Emergency/select_--Select--Schedule 1Inj'

2018-06-10 19:48:52 - [TEST_STEP][PASSED] - selectOptionByIndex: All options with index in [13] are selected on object 'Object Repository/Emergency/Page_KDMC - Emergency/select_--Select--Adernaline 0.'

2018-06-10 19:48:52 - [MESSAGE][PASSED] - All options with index in [13] are selected on object 'Object Repository/Emergency/Page_KDMC - Emergency/select_--Select--Adernaline 0.'

2018-06-10 19:48:52 - [TEST_STEP][PASSED] - setText: Text '10' is set on object 'Object Repository/Emergency/Page_KDMC - Emergency/input_txttreat'

2018-06-10 19:48:52 - [MESSAGE][PASSED] - Text '10' is set on object 'Object Repository/Emergency/Page_KDMC - Emergency/input_txttreat'

2018-06-10 19:48:52 - [TEST_STEP][PASSED] - click: Object: 'Object Repository/Emergency/Page_KDMC - Emergency/button_Add' is clicked on

2018-06-10 19:48:52 - [MESSAGE][PASSED] - Object: 'Object Repository/Emergency/Page_KDMC - Emergency/button_Add' is clicked on

2018-06-10 19:48:52 - [TEST_STEP][PASSED] - selectOptionByIndex: All options with index in [2] are selected on object 'Object Repository/Emergency/Page_KDMC - Emergency/select_--Select--Schedule 1Inj'

2018-06-10 19:48:52 - [MESSAGE][PASSED] - All options with index in [2] are selected on object 'Object Repository/Emergency/Page_KDMC - Emergency/select_--Select--Schedule 1Inj'

2018-06-10 19:48:52 - [TEST_STEP][PASSED] - selectOptionByIndex: All options with index in [14] are selected on object 'Object Repository/Emergency/Page_KDMC - Emergency/select_--Select--Adernaline 0.'

2018-06-10 19:48:52 - [MESSAGE][PASSED] - All options with index in [14] are selected on object 'Object Repository/Emergency/Page_KDMC - Emergency/select_--Select--Adernaline 0.'

2018-06-10 19:48:52 - [TEST_STEP][PASSED] - setText: Text '10' is set on object 'Object Repository/Emergency/Page_KDMC - Emergency/input_txttreat'

2018-06-10 19:48:52 - [MESSAGE][PASSED] - Text '10' is set on object 'Object Repository/Emergency/Page_KDMC - Emergency/input_txttreat'

2018-06-10 19:48:52 - [TEST_STEP][PASSED] - click: Object: 'Object Repository/Emergency/Page_KDMC - Emergency/button_Add' is clicked on

2018-06-10 19:48:52 - [MESSAGE][PASSED] - Object: 'Object Repository/Emergency/Page_KDMC - Emergency/button_Add' is clicked on

2018-06-10 19:48:52 - [TEST_STEP][PASSED] - selectOptionByIndex: All options with index in [2] are selected on object 'Object Repository/Emergency/Page_KDMC - Emergency/select_--Select--Schedule 1Inj'

2018-06-10 19:48:53 - [MESSAGE][PASSED] - All options with index in [2] are selected on object 'Object Repository/Emergency/Page_KDMC - Emergency/select_--Select--Schedule 1Inj'

2018-06-10 19:48:53 - [TEST_STEP][PASSED] - selectOptionByIndex: All options with index in [15] are selected on object 'Object Repository/Emergency/Page_KDMC - Emergency/select_--Select--Adernaline 0.'

2018-06-10 19:48:53 - [MESSAGE][PASSED] - All options with index in [15] are selected on object 'Object Repository/Emergency/Page_KDMC - Emergency/select_--Select--Adernaline 0.'

2018-06-10 19:48:53 - [TEST_STEP][PASSED] - setText: Text '10' is set on object 'Object Repository/Emergency/Page_KDMC - Emergency/input_txttreat'

2018-06-10 19:48:53 - [MESSAGE][PASSED] - Text '10' is set on object 'Object Repository/Emergency/Page_KDMC - Emergency/input_txttreat'

2018-06-10 19:48:53 - [TEST_STEP][PASSED] - click: Object: 'Object Repository/Emergency/Page_KDMC - Emergency/button_Add' is clicked on

2018-06-10 19:48:53 - [MESSAGE][PASSED] - Object: 'Object Repository/Emergency/Page_KDMC - Emergency/button_Add' is clicked on

2018-06-10 19:48:53 - [TEST_STEP][PASSED] - selectOptionByIndex: All options with index in [2] are selected on object 'Object Repository/Emergency/Page_KDMC - Emergency/select_--Select--Schedule 1Inj'

2018-06-10 19:48:53 - [MESSAGE][PASSED] - All options with index in [2] are selected on object 'Object Repository/Emergency/Page_KDMC - Emergency/select_--Select--Schedule 1Inj'

2018-06-10 19:48:53 - [TEST_STEP][PASSED] - selectOptionByIndex: All options with index in [16] are selected on object 'Object Repository/Emergency/Page_KDMC - Emergency/select_--Select--Adernaline 0.'

2018-06-10 19:48:53 - [MESSAGE][PASSED] - All options with index in [16] are selected on object 'Object Repository/Emergency/Page_KDMC - Emergency/select_--Select--Adernaline 0.'

2018-06-10 19:48:53 - [TEST_STEP][PASSED] - setText: Text '10' is set on object 'Object Repository/Emergency/Page_KDMC - Emergency/input_txttreat'

2018-06-10 19:48:53 - [MESSAGE][PASSED] - Text '10' is set on object 'Object Repository/Emergency/Page_KDMC - Emergency/input_txttreat'

2018-06-10 19:48:53 - [TEST_STEP][PASSED] - click: Object: 'Object Repository/Emergency/Page_KDMC - Emergency/button_Add' is clicked on

2018-06-10 19:48:54 - [MESSAGE][PASSED] - Object: 'Object Repository/Emergency/Page_KDMC - Emergency/button_Add' is clicked on

2018-06-10 19:48:54 - [TEST_STEP][PASSED] - selectOptionByIndex: All options with index in [2] are selected on object 'Object Repository/Emergency/Page_KDMC - Emergency/select_--Select--Schedule 1Inj'

2018-06-10 19:48:54 - [MESSAGE][PASSED] - All options with index in [2] are selected on object 'Object Repository/Emergency/Page_KDMC - Emergency/select_--Select--Schedule 1Inj'

2018-06-10 19:48:54 - [TEST_STEP][PASSED] - selectOptionByIndex: All options with index in [17] are selected on object 'Object Repository/Emergency/Page_KDMC - Emergency/select_--Select--Adernaline 0.'

2018-06-10 19:48:54 - [MESSAGE][PASSED] - All options with index in [17] are selected on object 'Object Repository/Emergency/Page_KDMC - Emergency/select_--Select--Adernaline 0.'

2018-06-10 19:48:54 - [TEST_STEP][PASSED] - setText: Text '10' is set on object 'Object Repository/Emergency/Page_KDMC - Emergency/input_txttreat'

2018-06-10 19:48:54 - [MESSAGE][PASSED] - Text '10' is set on object 'Object Repository/Emergency/Page_KDMC - Emergency/input_txttreat'

2018-06-10 19:48:54 - [TEST_STEP][PASSED] - click: Object: 'Object Repository/Emergency/Page_KDMC - Emergency/button_Add' is clicked on

2018-06-10 19:48:54 - [MESSAGE][PASSED] - Object: 'Object Repository/Emergency/Page_KDMC - Emergency/button_Add' is clicked on

2018-06-10 19:48:54 - [TEST_STEP][PASSED] - selectOptionByIndex: All options with index in [2] are selected on object 'Object Repository/Emergency/Page_KDMC - Emergency/select_--Select--Schedule 1Inj'

2018-06-10 19:48:54 - [MESSAGE][PASSED] - All options with index in [2] are selected on object 'Object Repository/Emergency/Page_KDMC - Emergency/select_--Select--Schedule 1Inj'

2018-06-10 19:48:54 - [TEST_STEP][PASSED] - selectOptionByIndex: All options with index in [18] are selected on object 'Object Repository/Emergency/Page_KDMC - Emergency/select_--Select--Adernaline 0.'

2018-06-10 19:48:55 - [MESSAGE][PASSED] - All options with index in [18] are selected on object 'Object Repository/Emergency/Page_KDMC - Emergency/select_--Select--Adernaline 0.'

2018-06-10 19:48:55 - [TEST_STEP][PASSED] - setText: Text '10' is set on object 'Object Repository/Emergency/Page_KDMC - Emergency/input_txttreat'

2018-06-10 19:48:55 - [MESSAGE][PASSED] - Text '10' is set on object 'Object Repository/Emergency/Page_KDMC - Emergency/input_txttreat'

2018-06-10 19:48:55 - [TEST_STEP][PASSED] - click: Object: 'Object Repository/Emergency/Page_KDMC - Emergency/button_Add' is clicked on

2018-06-10 19:48:55 - [MESSAGE][PASSED] - Object: 'Object Repository/Emergency/Page_KDMC - Emergency/button_Add' is clicked on

2018-06-10 19:48:55 - [TEST_STEP][PASSED] - selectOptionByIndex: All options with index in [2] are selected on object 'Object Repository/Emergency/Page_KDMC - Emergency/select_--Select--Schedule 1Inj'

2018-06-10 19:48:55 - [MESSAGE][PASSED] - All options with index in [2] are selected on object 'Object Repository/Emergency/Page_KDMC - Emergency/select_--Select--Schedule 1Inj'

2018-06-10 19:48:55 - [TEST_STEP][PASSED] - selectOptionByIndex: All options with index in [19] are selected on object 'Object Repository/Emergency/Page_KDMC - Emergency/select_--Select--Adernaline 0.'

2018-06-10 19:48:55 - [MESSAGE][PASSED] - All options with index in [19] are selected on object 'Object Repository/Emergency/Page_KDMC - Emergency/select_--Select--Adernaline 0.'

2018-06-10 19:48:55 - [TEST_STEP][PASSED] - setText: Text '10' is set on object 'Object Repository/Emergency/Page_KDMC - Emergency/input_txttreat'

2018-06-10 19:48:55 - [MESSAGE][PASSED] - Text '10' is set on object 'Object Repository/Emergency/Page_KDMC - Emergency/input_txttreat'

2018-06-10 19:48:55 - [TEST_STEP][PASSED] - click: Object: 'Object Repository/Emergency/Page_KDMC - Emergency/button_Add' is clicked on

2018-06-10 19:48:55 - [MESSAGE][PASSED] - Object: 'Object Repository/Emergency/Page_KDMC - Emergency/button_Add' is clicked on

2018-06-10 19:48:55 - [TEST_STEP][PASSED] - selectOptionByIndex: All options with index in [2] are selected on object 'Object Repository/Emergency/Page_KDMC - Emergency/select_--Select--Schedule 1Inj'

2018-06-10 19:48:55 - [MESSAGE][PASSED] - All options with index in [2] are selected on object 'Object Repository/Emergency/Page_KDMC - Emergency/select_--Select--Schedule 1Inj'

2018-06-10 19:48:55 - [TEST_STEP][PASSED] - selectOptionByIndex: All options with index in [20] are selected on object 'Object Repository/Emergency/Page_KDMC - Emergency/select_--Select--Adernaline 0.'

2018-06-10 19:48:56 - [MESSAGE][PASSED] - All options with index in [20] are selected on object 'Object Repository/Emergency/Page_KDMC - Emergency/select_--Select--Adernaline 0.'

2018-06-10 19:48:56 - [TEST_STEP][PASSED] - setText: Text '10' is set on object 'Object Repository/Emergency/Page_KDMC - Emergency/input_txttreat'

2018-06-10 19:48:56 - [MESSAGE][PASSED] - Text '10' is set on object 'Object Repository/Emergency/Page_KDMC - Emergency/input_txttreat'

2018-06-10 19:48:56 - [TEST_STEP][PASSED] - click: Object: 'Object Repository/Emergency/Page_KDMC - Emergency/button_Add' is clicked on

2018-06-10 19:48:56 - [MESSAGE][PASSED] - Object: 'Object Repository/Emergency/Page_KDMC - Emergency/button_Add' is clicked on

2018-06-10 19:48:56 - [TEST_STEP][PASSED] - selectOptionByIndex: All options with index in [2] are selected on object 'Object Repository/Emergency/Page_KDMC - Emergency/select_--Select--Schedule 1Inj'

2018-06-10 19:48:56 - [MESSAGE][PASSED] - All options with index in [2] are selected on object 'Object Repository/Emergency/Page_KDMC - Emergency/select_--Select--Schedule 1Inj'

2018-06-10 19:48:56 - [TEST_STEP][PASSED] - selectOptionByIndex: All options with index in [21] are selected on object 'Object Repository/Emergency/Page_KDMC - Emergency/select_--Select--Adernaline 0.'

2018-06-10 19:48:56 - [MESSAGE][PASSED] - All options with index in [21] are selected on object 'Object Repository/Emergency/Page_KDMC - Emergency/select_--Select--Adernaline 0.'

2018-06-10 19:48:56 - [TEST_STEP][PASSED] - setText: Text '10' is set on object 'Object Repository/Emergency/Page_KDMC - Emergency/input_txttreat'

2018-06-10 19:48:56 - [MESSAGE][PASSED] - Text '10' is set on object 'Object Repository/Emergency/Page_KDMC - Emergency/input_txttreat'

2018-06-10 19:48:56 - [TEST_STEP][PASSED] - click: Object: 'Object Repository/Emergency/Page_KDMC - Emergency/button_Add' is clicked on

2018-06-10 19:48:57 - [MESSAGE][PASSED] - Object: 'Object Repository/Emergency/Page_KDMC - Emergency/button_Add' is clicked on

2018-06-10 19:48:57 - [TEST_STEP][PASSED] - selectOptionByIndex: All options with index in [2] are selected on object 'Object Repository/Emergency/Page_KDMC - Emergency/select_--Select--Schedule 1Inj'

2018-06-10 19:48:57 - [MESSAGE][PASSED] - All options with index in [2] are selected on object 'Object Repository/Emergency/Page_KDMC - Emergency/select_--Select--Schedule 1Inj'

2018-06-10 19:48:57 - [TEST_STEP][PASSED] - selectOptionByIndex: All options with index in [22] are selected on object 'Object Repository/Emergency/Page_KDMC - Emergency/select_--Select--Adernaline 0.'

2018-06-10 19:48:57 - [MESSAGE][PASSED] - All options with index in [22] are selected on object 'Object Repository/Emergency/Page_KDMC - Emergency/select_--Select--Adernaline 0.'

2018-06-10 19:48:57 - [TEST_STEP][PASSED] - setText: Text '10' is set on object 'Object Repository/Emergency/Page_KDMC - Emergency/input_txttreat'

2018-06-10 19:48:57 - [MESSAGE][PASSED] - Text '10' is set on object 'Object Repository/Emergency/Page_KDMC - Emergency/input_txttreat'

2018-06-10 19:48:57 - [TEST_STEP][PASSED] - click: Object: 'Object Repository/Emergency/Page_KDMC - Emergency/button_Add' is clicked on

2018-06-10 19:48:57 - [MESSAGE][PASSED] - Object: 'Object Repository/Emergency/Page_KDMC - Emergency/button_Add' is clicked on

2018-06-10 19:48:57 - [TEST_STEP][PASSED] - selectOptionByIndex: All options with index in [2] are selected on object 'Object Repository/Emergency/Page_KDMC - Emergency/select_--Select--Schedule 1Inj'

2018-06-10 19:48:57 - [MESSAGE][PASSED] - All options with index in [2] are selected on object 'Object Repository/Emergency/Page_KDMC - Emergency/select_--Select--Schedule 1Inj'

2018-06-10 19:48:57 - [TEST_STEP][PASSED] - selectOptionByIndex: All options with index in [23] are selected on object 'Object Repository/Emergency/Page_KDMC - Emergency/select_--Select--Adernaline 0.'

2018-06-10 19:48:58 - [MESSAGE][PASSED] - All options with index in [23] are selected on object 'Object Repository/Emergency/Page_KDMC - Emergency/select_--Select--Adernaline 0.'

2018-06-10 19:48:58 - [TEST_STEP][PASSED] - setText: Text '10' is set on object 'Object Repository/Emergency/Page_KDMC - Emergency/input_txttreat'

2018-06-10 19:48:58 - [MESSAGE][PASSED] - Text '10' is set on object 'Object Repository/Emergency/Page_KDMC - Emergency/input_txttreat'

2018-06-10 19:48:58 - [TEST_STEP][PASSED] - click: Object: 'Object Repository/Emergency/Page_KDMC - Emergency/button_Add' is clicked on

2018-06-10 19:48:58 - [MESSAGE][PASSED] - Object: 'Object Repository/Emergency/Page_KDMC - Emergency/button_Add' is clicked on

2018-06-10 19:48:58 - [TEST_STEP][PASSED] - selectOptionByIndex: All options with index in [2] are selected on object 'Object Repository/Emergency/Page_KDMC - Emergency/select_--Select--Schedule 1Inj'

2018-06-10 19:48:58 - [MESSAGE][PASSED] - All options with index in [2] are selected on object 'Object Repository/Emergency/Page_KDMC - Emergency/select_--Select--Schedule 1Inj'

2018-06-10 19:48:58 - [TEST_STEP][PASSED] - selectOptionByIndex: All options with index in [24] are selected on object 'Object Repository/Emergency/Page_KDMC - Emergency/select_--Select--Adernaline 0.'

2018-06-10 19:48:58 - [MESSAGE][PASSED] - All options with index in [24] are selected on object 'Object Repository/Emergency/Page_KDMC - Emergency/select_--Select--Adernaline 0.'

2018-06-10 19:48:58 - [TEST_STEP][PASSED] - setText: Text '10' is set on object 'Object Repository/Emergency/Page_KDMC - Emergency/input_txttreat'

2018-06-10 19:48:58 - [MESSAGE][PASSED] - Text '10' is set on object 'Object Repository/Emergency/Page_KDMC - Emergency/input_txttreat'

2018-06-10 19:48:58 - [TEST_STEP][PASSED] - click: Object: 'Object Repository/Emergency/Page_KDMC - Emergency/button_Add' is clicked on

2018-06-10 19:48:58 - [MESSAGE][PASSED] - Object: 'Object Repository/Emergency/Page_KDMC - Emergency/button_Add' is clicked on

2018-06-10 19:48:58 - [TEST_STEP][PASSED] - selectOptionByIndex: All options with index in [2] are selected on object 'Object Repository/Emergency/Page_KDMC - Emergency/select_--Select--Schedule 1Inj'

2018-06-10 19:48:59 - [MESSAGE][PASSED] - All options with index in [2] are selected on object 'Object Repository/Emergency/Page_KDMC - Emergency/select_--Select--Schedule 1Inj'

2018-06-10 19:48:59 - [TEST_STEP][PASSED] - selectOptionByIndex: All options with index in [25] are selected on object 'Object Repository/Emergency/Page_KDMC - Emergency/select_--Select--Adernaline 0.'

2018-06-10 19:48:59 - [MESSAGE][PASSED] - All options with index in [25] are selected on object 'Object Repository/Emergency/Page_KDMC - Emergency/select_--Select--Adernaline 0.'

2018-06-10 19:48:59 - [TEST_STEP][PASSED] - setText: Text '10' is set on object 'Object Repository/Emergency/Page_KDMC - Emergency/input_txttreat'

2018-06-10 19:48:59 - [MESSAGE][PASSED] - Text '10' is set on object 'Object Repository/Emergency/Page_KDMC - Emergency/input_txttreat'

2018-06-10 19:48:59 - [TEST_STEP][PASSED] - click: Object: 'Object Repository/Emergency/Page_KDMC - Emergency/button_Add' is clicked on

2018-06-10 19:48:59 - [MESSAGE][PASSED] - Object: 'Object Repository/Emergency/Page_KDMC - Emergency/button_Add' is clicked on

2018-06-10 19:48:59 - [TEST_STEP][PASSED] - selectOptionByIndex: All options with index in [2] are selected on object 'Object Repository/Emergency/Page_KDMC - Emergency/select_--Select--Schedule 1Inj'

2018-06-10 19:48:59 - [MESSAGE][PASSED] - All options with index in [2] are selected on object 'Object Repository/Emergency/Page_KDMC - Emergency/select_--Select--Schedule 1Inj'

2018-06-10 19:48:59 - [TEST_STEP][PASSED] - selectOptionByIndex: All options with index in [26] are selected on object 'Object Repository/Emergency/Page_KDMC - Emergency/select_--Select--Adernaline 0.'

2018-06-10 19:49:00 - [MESSAGE][PASSED] - All options with index in [26] are selected on object 'Object Repository/Emergency/Page_KDMC - Emergency/select_--Select--Adernaline 0.'

2018-06-10 19:49:00 - [TEST_STEP][PASSED] - setText: Text '10' is set on object 'Object Repository/Emergency/Page_KDMC - Emergency/input_txttreat'

2018-06-10 19:49:00 - [MESSAGE][PASSED] - Text '10' is set on object 'Object Repository/Emergency/Page_KDMC - Emergency/input_txttreat'

2018-06-10 19:49:00 - [TEST_STEP][PASSED] - click: Object: 'Object Repository/Emergency/Page_KDMC - Emergency/button_Add' is clicked on

2018-06-10 19:49:00 - [MESSAGE][PASSED] - Object: 'Object Repository/Emergency/Page_KDMC - Emergency/button_Add' is clicked on

2018-06-10 19:49:00 - [TEST_STEP][PASSED] - selectOptionByIndex: All options with index in [2] are selected on object 'Object Repository/Emergency/Page_KDMC - Emergency/select_--Select--Schedule 1Inj'

2018-06-10 19:49:00 - [MESSAGE][PASSED] - All options with index in [2] are selected on object 'Object Repository/Emergency/Page_KDMC - Emergency/select_--Select--Schedule 1Inj'

2018-06-10 19:49:00 - [TEST_STEP][PASSED] - selectOptionByIndex: All options with index in [27] are selected on object 'Object Repository/Emergency/Page_KDMC - Emergency/select_--Select--Adernaline 0.'

2018-06-10 19:49:00 - [MESSAGE][PASSED] - All options with index in [27] are selected on object 'Object Repository/Emergency/Page_KDMC - Emergency/select_--Select--Adernaline 0.'

2018-06-10 19:49:00 - [TEST_STEP][PASSED] - setText: Text '10' is set on object 'Object Repository/Emergency/Page_KDMC - Emergency/input_txttreat'

2018-06-10 19:49:00 - [MESSAGE][PASSED] - Text '10' is set on object 'Object Repository/Emergency/Page_KDMC - Emergency/input_txttreat'

2018-06-10 19:49:00 - [TEST_STEP][PASSED] - click: Object: 'Object Repository/Emergency/Page_KDMC - Emergency/button_Add' is clicked on

2018-06-10 19:49:00 - [MESSAGE][PASSED] - Object: 'Object Repository/Emergency/Page_KDMC - Emergency/button_Add' is clicked on

2018-06-10 19:49:00 - [TEST_STEP][PASSED] - selectOptionByIndex: All options with index in [2] are selected on object 'Object Repository/Emergency/Page_KDMC - Emergency/select_--Select--Schedule 1Inj'

2018-06-10 19:49:01 - [MESSAGE][PASSED] - All options with index in [2] are selected on object 'Object Repository/Emergency/Page_KDMC - Emergency/select_--Select--Schedule 1Inj'

2018-06-10 19:49:01 - [TEST_STEP][PASSED] - selectOptionByIndex: All options with index in [28] are selected on object 'Object Repository/Emergency/Page_KDMC - Emergency/select_--Select--Adernaline 0.'

2018-06-10 19:49:01 - [MESSAGE][PASSED] - All options with index in [28] are selected on object 'Object Repository/Emergency/Page_KDMC - Emergency/select_--Select--Adernaline 0.'

2018-06-10 19:49:01 - [TEST_STEP][PASSED] - setText: Text '10' is set on object 'Object Repository/Emergency/Page_KDMC - Emergency/input_txttreat'

2018-06-10 19:49:01 - [MESSAGE][PASSED] - Text '10' is set on object 'Object Repository/Emergency/Page_KDMC - Emergency/input_txttreat'

2018-06-10 19:49:01 - [TEST_STEP][PASSED] - click: Object: 'Object Repository/Emergency/Page_KDMC - Emergency/button_Add' is clicked on

2018-06-10 19:49:01 - [MESSAGE][PASSED] - Object: 'Object Repository/Emergency/Page_KDMC - Emergency/button_Add' is clicked on

2018-06-10 19:49:01 - [TEST_STEP][PASSED] - selectOptionByIndex: All options with index in [2] are selected on object 'Object Repository/Emergency/Page_KDMC - Emergency/select_--Select--Schedule 1Inj'

2018-06-10 19:49:01 - [MESSAGE][PASSED] - All options with index in [2] are selected on object 'Object Repository/Emergency/Page_KDMC - Emergency/select_--Select--Schedule 1Inj'

2018-06-10 19:49:01 - [TEST_STEP][PASSED] - selectOptionByIndex: All options with index in [29] are selected on object 'Object Repository/Emergency/Page_KDMC - Emergency/select_--Select--Adernaline 0.'

2018-06-10 19:49:02 - [MESSAGE][PASSED] - All options with index in [29] are selected on object 'Object Repository/Emergency/Page_KDMC - Emergency/select_--Select--Adernaline 0.'

2018-06-10 19:49:02 - [TEST_STEP][PASSED] - setText: Text '10' is set on object 'Object Repository/Emergency/Page_KDMC - Emergency/input_txttreat'

2018-06-10 19:49:02 - [MESSAGE][PASSED] - Text '10' is set on object 'Object Repository/Emergency/Page_KDMC - Emergency/input_txttreat'

2018-06-10 19:49:02 - [TEST_STEP][PASSED] - click: Object: 'Object Repository/Emergency/Page_KDMC - Emergency/button_Add' is clicked on

2018-06-10 19:49:02 - [MESSAGE][PASSED] - Object: 'Object Repository/Emergency/Page_KDMC - Emergency/button_Add' is clicked on

2018-06-10 19:49:02 - [TEST_STEP][PASSED] - selectOptionByIndex: All options with index in [2] are selected on object 'Object Repository/Emergency/Page_KDMC - Emergency/select_--Select--Schedule 1Inj'

2018-06-10 19:49:02 - [MESSAGE][PASSED] - All options with index in [2] are selected on object 'Object Repository/Emergency/Page_KDMC - Emergency/select_--Select--Schedule 1Inj'

2018-06-10 19:49:02 - [TEST_STEP][PASSED] - selectOptionByIndex: All options with index in [30] are selected on object 'Object Repository/Emergency/Page_KDMC - Emergency/select_--Select--Adernaline 0.'

2018-06-10 19:49:02 - [MESSAGE][PASSED] - All options with index in [30] are selected on object 'Object Repository/Emergency/Page_KDMC - Emergency/select_--Select--Adernaline 0.'

2018-06-10 19:49:02 - [TEST_STEP][PASSED] - setText: Text '10' is set on object 'Object Repository/Emergency/Page_KDMC - Emergency/input_txttreat'

2018-06-10 19:49:02 - [MESSAGE][PASSED] - Text '10' is set on object 'Object Repository/Emergency/Page_KDMC - Emergency/input_txttreat'

2018-06-10 19:49:02 - [TEST_STEP][PASSED] - click: Object: 'Object Repository/Emergency/Page_KDMC - Emergency/button_Add' is clicked on

2018-06-10 19:49:02 - [MESSAGE][PASSED] - Object: 'Object Repository/Emergency/Page_KDMC - Emergency/button_Add' is clicked on

2018-06-10 19:49:02 - [TEST_STEP][PASSED] - selectOptionByIndex: All options with index in [2] are selected on object 'Object Repository/Emergency/Page_KDMC - Emergency/select_--Select--Schedule 1Inj'

2018-06-10 19:49:03 - [MESSAGE][PASSED] - All options with index in [2] are selected on object 'Object Repository/Emergency/Page_KDMC - Emergency/select_--Select--Schedule 1Inj'

2018-06-10 19:49:03 - [TEST_STEP][PASSED] - selectOptionByIndex: All options with index in [31] are selected on object 'Object Repository/Emergency/Page_KDMC - Emergency/select_--Select--Adernaline 0.'

2018-06-10 19:49:03 - [MESSAGE][PASSED] - All options with index in [31] are selected on object 'Object Repository/Emergency/Page_KDMC - Emergency/select_--Select--Adernaline 0.'

2018-06-10 19:49:03 - [TEST_STEP][PASSED] - setText: Text '10' is set on object 'Object Repository/Emergency/Page_KDMC - Emergency/input_txttreat'

2018-06-10 19:49:03 - [MESSAGE][PASSED] - Text '10' is set on object 'Object Repository/Emergency/Page_KDMC - Emergency/input_txttreat'

2018-06-10 19:49:03 - [TEST_STEP][PASSED] - click: Object: 'Object Repository/Emergency/Page_KDMC - Emergency/button_Add' is clicked on

2018-06-10 19:49:03 - [MESSAGE][PASSED] - Object: 'Object Repository/Emergency/Page_KDMC - Emergency/button_Add' is clicked on

2018-06-10 19:49:03 - [TEST_STEP][PASSED] - selectOptionByIndex: All options with index in [2] are selected on object 'Object Repository/Emergency/Page_KDMC - Emergency/select_--Select--Schedule 1Inj'

2018-06-10 19:49:03 - [MESSAGE][PASSED] - All options with index in [2] are selected on object 'Object Repository/Emergency/Page_KDMC - Emergency/select_--Select--Schedule 1Inj'

2018-06-10 19:49:03 - [TEST_STEP][PASSED] - selectOptionByIndex: All options with index in [32] are selected on object 'Object Repository/Emergency/Page_KDMC - Emergency/select_--Select--Adernaline 0.'

2018-06-10 19:49:04 - [MESSAGE][PASSED] - All options with index in [32] are selected on object 'Object Repository/Emergency/Page_KDMC - Emergency/select_--Select--Adernaline 0.'

2018-06-10 19:49:04 - [TEST_STEP][PASSED] - setText: Text '10' is set on object 'Object Repository/Emergency/Page_KDMC - Emergency/input_txttreat'

2018-06-10 19:49:04 - [MESSAGE][PASSED] - Text '10' is set on object 'Object Repository/Emergency/Page_KDMC - Emergency/input_txttreat'

2018-06-10 19:49:04 - [TEST_STEP][PASSED] - click: Object: 'Object Repository/Emergency/Page_KDMC - Emergency/button_Add' is clicked on

2018-06-10 19:49:04 - [MESSAGE][PASSED] - Object: 'Object Repository/Emergency/Page_KDMC - Emergency/button_Add' is clicked on

2018-06-10 19:49:04 - [TEST_STEP][PASSED] - selectOptionByIndex: All options with index in [2] are selected on object 'Object Repository/Emergency/Page_KDMC - Emergency/select_--Select--Schedule 1Inj'

2018-06-10 19:49:04 - [MESSAGE][PASSED] - All options with index in [2] are selected on object 'Object Repository/Emergency/Page_KDMC - Emergency/select_--Select--Schedule 1Inj'

2018-06-10 19:49:04 - [TEST_STEP][PASSED] - selectOptionByIndex: All options with index in [33] are selected on object 'Object Repository/Emergency/Page_KDMC - Emergency/select_--Select--Adernaline 0.'

2018-06-10 19:49:05 - [MESSAGE][PASSED] - All options with index in [33] are selected on object 'Object Repository/Emergency/Page_KDMC - Emergency/select_--Select--Adernaline 0.'

2018-06-10 19:49:05 - [TEST_STEP][PASSED] - setText: Text '10' is set on object 'Object Repository/Emergency/Page_KDMC - Emergency/input_txttreat'

2018-06-10 19:49:05 - [MESSAGE][PASSED] - Text '10' is set on object 'Object Repository/Emergency/Page_KDMC - Emergency/input_txttreat'

2018-06-10 19:49:05 - [TEST_STEP][PASSED] - click: Object: 'Object Repository/Emergency/Page_KDMC - Emergency/button_Add' is clicked on

2018-06-10 19:49:05 - [MESSAGE][PASSED] - Object: 'Object Repository/Emergency/Page_KDMC - Emergency/button_Add' is clicked on

2018-06-10 19:49:05 - [TEST_STEP][PASSED] - selectOptionByIndex: All options with index in [2] are selected on object 'Object Repository/Emergency/Page_KDMC - Emergency/select_--Select--Schedule 1Inj'

2018-06-10 19:49:05 - [MESSAGE][PASSED] - All options with index in [2] are selected on object 'Object Repository/Emergency/Page_KDMC - Emergency/select_--Select--Schedule 1Inj'

2018-06-10 19:49:05 - [TEST_STEP][PASSED] - selectOptionByIndex: All options with index in [34] are selected on object 'Object Repository/Emergency/Page_KDMC - Emergency/select_--Select--Adernaline 0.'

2018-06-10 19:49:05 - [MESSAGE][PASSED] - All options with index in [34] are selected on object 'Object Repository/Emergency/Page_KDMC - Emergency/select_--Select--Adernaline 0.'

2018-06-10 19:49:05 - [TEST_STEP][PASSED] - setText: Text '10' is set on object 'Object Repository/Emergency/Page_KDMC - Emergency/input_txttreat'

2018-06-10 19:49:05 - [MESSAGE][PASSED] - Text '10' is set on object 'Object Repository/Emergency/Page_KDMC - Emergency/input_txttreat'

2018-06-10 19:49:05 - [TEST_STEP][PASSED] - click: Object: 'Object Repository/Emergency/Page_KDMC - Emergency/button_Add' is clicked on

2018-06-10 19:49:06 - [MESSAGE][PASSED] - Object: 'Object Repository/Emergency/Page_KDMC - Emergency/button_Add' is clicked on

2018-06-10 19:49:06 - [TEST_STEP][PASSED] - selectOptionByIndex: All options with index in [2] are selected on object 'Object Repository/Emergency/Page_KDMC - Emergency/select_--Select--Schedule 1Inj'

2018-06-10 19:49:06 - [MESSAGE][PASSED] - All options with index in [2] are selected on object 'Object Repository/Emergency/Page_KDMC - Emergency/select_--Select--Schedule 1Inj'

2018-06-10 19:49:06 - [TEST_STEP][PASSED] - selectOptionByIndex: All options with index in [35] are selected on object 'Object Repository/Emergency/Page_KDMC - Emergency/select_--Select--Adernaline 0.'

2018-06-10 19:49:06 - [MESSAGE][PASSED] - All options with index in [35] are selected on object 'Object Repository/Emergency/Page_KDMC - Emergency/select_--Select--Adernaline 0.'

2018-06-10 19:49:06 - [TEST_STEP][PASSED] - setText: Text '10' is set on object 'Object Repository/Emergency/Page_KDMC - Emergency/input_txttreat'

2018-06-10 19:49:06 - [MESSAGE][PASSED] - Text '10' is set on object 'Object Repository/Emergency/Page_KDMC - Emergency/input_txttreat'

2018-06-10 19:49:06 - [TEST_STEP][PASSED] - click: Object: 'Object Repository/Emergency/Page_KDMC - Emergency/button_Add' is clicked on

2018-06-10 19:49:06 - [MESSAGE][PASSED] - Object: 'Object Repository/Emergency/Page_KDMC - Emergency/button_Add' is clicked on

2018-06-10 19:49:06 - [TEST_STEP][PASSED] - scrollToElement: Scroll to object 'Object Repository/Emergency/Page_KDMC - Emergency/input_btnsave' successfully

2018-06-10 19:49:06 - [MESSAGE][PASSED] - Scroll to object 'Object Repository/Emergency/Page_KDMC - Emergency/input_btnsave' successfully

2018-06-10 19:49:06 - [TEST_STEP][PASSED] - click: Object: 'Object Repository/Emergency/Page_KDMC - Emergency/input_btnsave' is clicked on

2018-06-10 19:49:06 - [MESSAGE][PASSED] - Object: 'Object Repository/Emergency/Page_KDMC - Emergency/input_btnsave' is clicked on

2018-06-10 19:49:06 - [TEST_STEP][PASSED] - delay: Delayed 3 second(s)

2018-06-10 19:49:09 - [MESSAGE][PASSED] - Delayed 3 second(s)

2018-06-10 19:49:09 - [TEST_STEP][PASSED] - Statement - RequestNumber = com.kms.katalon.core.webui.keyword.WebUiBuiltInKeywords.getText(com.kms.katalon.core.testobject.ObjectRepository.findTestObject(Emergency/Page_KDMC - Emergency/font_ERNO100520183)): Text of object 'Object Repository/Emergency/Page_KDMC - Emergency/font_ERNO100520183' is: 'ERNO/10062018/1037'

2018-06-10 19:49:09 - [MESSAGE][PASSED] - Text of object 'Object Repository/Emergency/Page_KDMC - Emergency/font_ERNO100520183' is: 'ERNO/10062018/1037'

2018-06-10 19:49:09 - [TEST_STEP][PASSED] - Statement - Rno = RequestNumber.split("/")[2]: null

2018-06-10 19:49:09 - [TEST_STEP][PASSED] - Statement - out.println(Rno): null

2018-06-10 19:49:09 - [TEST_STEP][PASSED] - click: Object: 'Object Repository/Emergency/Page_KDMC - Emergency/button_OK' is clicked on

2018-06-10 19:49:10 - [MESSAGE][PASSED] - Object: 'Object Repository/Emergency/Page_KDMC - Emergency/button_OK' is clicked on

2018-06-10 19:49:10 - [TEST_STEP][PASSED] - delay: Delayed 3 second(s)

2018-06-10 19:49:13 - [MESSAGE][PASSED] - Delayed 3 second(s)

2018-06-10 19:49:13 - [TEST_STEP][PASSED] - click: Object: 'Object Repository/Emergency/Page_KDMC - Emergency/a_dropdown-toggle' is clicked on

2018-06-10 19:49:13 - [MESSAGE][PASSED] - Object: 'Object Repository/Emergency/Page_KDMC - Emergency/a_dropdown-toggle' is clicked on

2018-06-10 19:49:13 - [TEST_STEP][PASSED] - click: Object: 'Object Repository/Emergency/Page_KDMC - Emergency/a_Sign out' is clicked on

2018-06-10 19:49:14 - [MESSAGE][PASSED] - Object: 'Object Repository/Emergency/Page_KDMC - Emergency/a_Sign out' is clicked on

2018-06-10 19:49:14 - [TEST_STEP][PASSED] - delay: Delayed 3 second(s)

2018-06-10 19:49:17 - [MESSAGE][PASSED] - Delayed 3 second(s)

2018-06-10 19:49:17 - [TEST_STEP][PASSED] - click: Object: 'Object Repository/Emergency/Page_KDMC/a_CMO' is clicked on

2018-06-10 19:49:17 - [MESSAGE][PASSED] - Object: 'Object Repository/Emergency/Page_KDMC/a_CMO' is clicked on

2018-06-10 19:49:17 - [TEST_STEP][PASSED] - setText: Text 'guru' is set on object 'Object Repository/Emergency/Page_CMO login/input_txtusername'

2018-06-10 19:49:17 - [MESSAGE][PASSED] - Text 'guru' is set on object 'Object Repository/Emergency/Page_CMO login/input_txtusername'

2018-06-10 19:49:17 - [TEST_STEP][PASSED] - setText: Text '123' is set on object 'Object Repository/Emergency/Page_CMO login/input_txtpassword'

2018-06-10 19:49:17 - [MESSAGE][PASSED] - Text '123' is set on object 'Object Repository/Emergency/Page_CMO login/input_txtpassword'

2018-06-10 19:49:17 - [TEST_STEP][PASSED] - delay: Delayed 3 second(s)

2018-06-10 19:49:20 - [MESSAGE][PASSED] - Delayed 3 second(s)

2018-06-10 19:49:20 - [TEST_STEP][PASSED] - click: Object: 'Object Repository/Emergency/Page_CMO login/button_Sign in' is clicked on

2018-06-10 19:49:21 - [MESSAGE][PASSED] - Object: 'Object Repository/Emergency/Page_CMO login/button_Sign in' is clicked on

2018-06-10 19:49:21 - [TEST_STEP][PASSED] - delay: Delayed 2 second(s)

2018-06-10 19:49:23 - [MESSAGE][PASSED] - Delayed 2 second(s)

2018-06-10 19:49:23 - [TEST_STEP][PASSED] - click: Object: 'Object Repository/Emergency/Page_KDMC - CMO/a_Department Wise Request' is clicked on

2018-06-10 19:49:23 - [MESSAGE][PASSED] - Object: 'Object Repository/Emergency/Page_KDMC - CMO/a_Department Wise Request' is clicked on

2018-06-10 19:49:23 - [TEST_STEP][PASSED] - selectOptionByIndex: All options with index in [7] are selected on object 'Object Repository/Emergency/Page_KDMC - CMO/select_--ALL--'

2018-06-10 19:49:24 - [MESSAGE][PASSED] - All options with index in [7] are selected on object 'Object Repository/Emergency/Page_KDMC - CMO/select_--ALL--'

2018-06-10 19:49:24 - [TEST_STEP][PASSED] - selectOptionByIndex: All options with index in [1] are selected on object 'Object Repository/Emergency/Page_KDMC - CMO/select_--ALL--                _1'

2018-06-10 19:49:24 - [MESSAGE][PASSED] - All options with index in [1] are selected on object 'Object Repository/Emergency/Page_KDMC - CMO/select_--ALL--                _1'

2018-06-10 19:49:24 - [TEST_STEP][PASSED] - click: Object: 'Object Repository/Emergency/Page_KDMC - CMO/input_btnsearch' is clicked on

2018-06-10 19:49:24 - [MESSAGE][PASSED] - Object: 'Object Repository/Emergency/Page_KDMC - CMO/input_btnsearch' is clicked on

2018-06-10 19:49:24 - [TEST_STEP][PASSED] - Statement - ID = com.kms.katalon.core.webui.keyword.WebUiBuiltInKeywords.modifyObjectProperty(com.kms.katalon.core.testobject.ObjectRepository.findTestObject(Emergency/Page_KDMC - CMO/input_3), "xpath", "equals", "//*[@id=" + Rno + "]", true): Modify property of object successfully

2018-06-10 19:49:24 - [MESSAGE][PASSED] - Modify property of object successfully

2018-06-10 19:49:24 - [TEST_STEP][PASSED] - click: Object: 'Object Repository/Emergency/Page_KDMC - CMO/input_3' is clicked on

2018-06-10 19:49:25 - [MESSAGE][PASSED] - Object: 'Object Repository/Emergency/Page_KDMC - CMO/input_3' is clicked on

2018-06-10 19:49:25 - [TEST_STEP][PASSED] - delay: Delayed 2 second(s)

2018-06-10 19:49:27 - [MESSAGE][PASSED] - Delayed 2 second(s)

2018-06-10 19:49:27 - [TEST_STEP][PASSED] - selectOptionByIndex: All options with index in [1] are selected on object 'Object Repository/Emergency/Page_KDMC - CMO/select_--Select--'

2018-06-10 19:49:27 - [MESSAGE][PASSED] - All options with index in [1] are selected on object 'Object Repository/Emergency/Page_KDMC - CMO/select_--Select--'

2018-06-10 19:49:27 - [TEST_STEP][PASSED] - click: Object: 'Object Repository/Emergency/Page_KDMC - CMO/input_btnupdate' is clicked on

2018-06-10 19:49:27 - [MESSAGE][PASSED] - Object: 'Object Repository/Emergency/Page_KDMC - CMO/input_btnupdate' is clicked on

2018-06-10 19:49:27 - [TEST_STEP][PASSED] - delay: Delayed 2 second(s)

2018-06-10 19:49:29 - [MESSAGE][PASSED] - Delayed 2 second(s)

2018-06-10 19:49:29 - [TEST_STEP][PASSED] - click: Object: 'Object Repository/Emergency/Page_KDMC - CMO/button_OK' is clicked on

2018-06-10 19:49:30 - [MESSAGE][PASSED] - Object: 'Object Repository/Emergency/Page_KDMC - CMO/button_OK' is clicked on

2018-06-10 19:49:30 - [TEST_STEP][PASSED] - delay: Delayed 2 second(s)

2018-06-10 19:49:32 - [MESSAGE][PASSED] - Delayed 2 second(s)

2018-06-10 19:49:32 - [TEST_STEP][PASSED] - click: Object: 'Object Repository/Emergency/Page_KDMC - CMO/a_dropdown-toggle' is clicked on

2018-06-10 19:49:32 - [MESSAGE][PASSED] - Object: 'Object Repository/Emergency/Page_KDMC - CMO/a_dropdown-toggle' is clicked on

2018-06-10 19:49:32 - [TEST_STEP][PASSED] - click: Object: 'Object Repository/Emergency/Page_KDMC - CMO/a_Sign out' is clicked on

2018-06-10 19:49:32 - [MESSAGE][PASSED] - Object: 'Object Repository/Emergency/Page_KDMC - CMO/a_Sign out' is clicked on

2018-06-10 19:49:32 - [TEST_STEP][PASSED] - delay: Delayed 3 second(s)

2018-06-10 19:49:35 - [MESSAGE][PASSED] - Delayed 3 second(s)

2018-06-10 19:49:35 - [TEST_STEP][PASSED] - click: Object: 'Object Repository/Emergency/Page_KDMC/a_Divisional Store' is clicked on

2018-06-10 19:49:36 - [MESSAGE][PASSED] - Object: 'Object Repository/Emergency/Page_KDMC/a_Divisional Store' is clicked on

2018-06-10 19:49:36 - [TEST_STEP][PASSED] - setText: Text 'ragu' is set on object 'Object Repository/Emergency/Page_Divisonal Store Login/input_txtusername'

2018-06-10 19:49:36 - [MESSAGE][PASSED] - Text 'ragu' is set on object 'Object Repository/Emergency/Page_Divisonal Store Login/input_txtusername'

2018-06-10 19:49:36 - [TEST_STEP][PASSED] - setText: Text '123' is set on object 'Object Repository/Emergency/Page_Divisonal Store Login/input_txtpassword'

2018-06-10 19:49:36 - [MESSAGE][PASSED] - Text '123' is set on object 'Object Repository/Emergency/Page_Divisonal Store Login/input_txtpassword'

2018-06-10 19:49:36 - [TEST_STEP][PASSED] - delay: Delayed 3 second(s)

2018-06-10 19:49:39 - [MESSAGE][PASSED] - Delayed 3 second(s)

2018-06-10 19:49:39 - [TEST_STEP][PASSED] - click: Object: 'Object Repository/Emergency/Page_Divisonal Store Login/button_Sign in' is clicked on

2018-06-10 19:49:41 - [MESSAGE][PASSED] - Object: 'Object Repository/Emergency/Page_Divisonal Store Login/button_Sign in' is clicked on

2018-06-10 19:49:41 - [TEST_STEP][PASSED] - delay: Delayed 2 second(s)

2018-06-10 19:49:43 - [MESSAGE][PASSED] - Delayed 2 second(s)

2018-06-10 19:49:43 - [TEST_STEP][PASSED] - click: Object: 'Object Repository/Emergency/Page_Store/a_Emergency Request' is clicked on

2018-06-10 19:49:43 - [MESSAGE][PASSED] - Object: 'Object Repository/Emergency/Page_Store/a_Emergency Request' is clicked on

2018-06-10 19:49:43 - [TEST_STEP][PASSED] - click: Object: 'Object Repository/Emergency/Page_Store/a_Request Item Emergency' is clicked on

2018-06-10 19:49:44 - [MESSAGE][PASSED] - Object: 'Object Repository/Emergency/Page_Store/a_Request Item Emergency' is clicked on

2018-06-10 19:49:44 - [TEST_STEP][PASSED] - setText: Text '1037' is set on object 'Object Repository/Emergency/Page_Store/input'

2018-06-10 19:49:44 - [MESSAGE][PASSED] - Text '1037' is set on object 'Object Repository/Emergency/Page_Store/input'

2018-06-10 19:49:44 - [TEST_STEP][PASSED] - Statement - ChooseRequest = com.kms.katalon.core.webui.keyword.WebUiBuiltInKeywords.modifyObjectProperty(com.kms.katalon.core.testobject.ObjectRepository.findTestObject(Emergency/Page_Store/input_3), "xpath", "equals", "//*[@id=" + Rno + "]", true): Modify property of object successfully

2018-06-10 19:49:44 - [MESSAGE][PASSED] - Modify property of object successfully

2018-06-10 19:49:44 - [TEST_STEP][PASSED] - click: Object: 'Object Repository/Emergency/Page_Store/input_3' is clicked on

2018-06-10 19:49:45 - [MESSAGE][PASSED] - Object: 'Object Repository/Emergency/Page_Store/input_3' is clicked on

2018-06-10 19:49:45 - [TEST_STEP][PASSED] - delay: Delayed 2 second(s)

2018-06-10 19:49:47 - [MESSAGE][PASSED] - Delayed 2 second(s)

2018-06-10 19:49:47 - [TEST_STEP][PASSED] - Statement - selectedoptions1 = com.kms.katalon.core.webui.keyword.WebUiBuiltInKeywords.getNumberOfTotalOption(com.kms.katalon.core.testobject.ObjectRepository.findTestObject(Emergency/Page_Store/select_--Select--Amikacin -500)): 36 options of object 'Object Repository/Emergency/Page_Store/select_--Select--Amikacin -500' counted

2018-06-10 19:49:47 - [MESSAGE][PASSED] - 36 options of object 'Object Repository/Emergency/Page_Store/select_--Select--Amikacin -500' counted

2018-06-10 19:49:47 - [TEST_STEP][PASSED] - Statement - out.println("Soptions : " + selectedoptions1): null

2018-06-10 19:49:47 - [TEST_STEP][PASSED] - Statement - For ([a = 1, a <= selectedoptions1 - 1, (a++)]): null

2018-06-10 19:49:47 - [TEST_STEP][PASSED] - selectOptionByIndex: All options with index in [1] are selected on object 'Object Repository/Emergency/Page_Store/select_--Select--Amikacin -500'

2018-06-10 19:49:47 - [MESSAGE][PASSED] - All options with index in [1] are selected on object 'Object Repository/Emergency/Page_Store/select_--Select--Amikacin -500'

2018-06-10 19:49:47 - [TEST_STEP][PASSED] - delay: Delayed 2 second(s)

2018-06-10 19:49:49 - [MESSAGE][PASSED] - Delayed 2 second(s)

2018-06-10 19:49:49 - [TEST_STEP][PASSED] - Statement - RequestedQty = com.kms.katalon.core.webui.keyword.WebUiBuiltInKeywords.getAttribute(com.kms.katalon.core.testobject.ObjectRepository.findTestObject(Emergency/Page_Store/input_txttotal), "value"): Attribute 'value' of object 'Object Repository/Emergency/Page_Store/input_txttotal' is: '10'

2018-06-10 19:49:49 - [MESSAGE][PASSED] - Attribute 'value' of object 'Object Repository/Emergency/Page_Store/input_txttotal' is: '10'

2018-06-10 19:49:49 - [TEST_STEP][PASSED] - Statement - out.println("Requested QTY : " + RequestedQty): null

2018-06-10 19:49:49 - [TEST_STEP][PASSED] - Statement - BatchNumber = com.kms.katalon.core.webui.keyword.WebUiBuiltInKeywords.getNumberOfTotalOption(com.kms.katalon.core.testobject.ObjectRepository.findTestObject(Emergency/Page_Store/select_--Select--BA1150BA4110)): 6 options of object 'Object Repository/Emergency/Page_Store/select_--Select--BA1150BA4110' counted

2018-06-10 19:49:49 - [MESSAGE][PASSED] - 6 options of object 'Object Repository/Emergency/Page_Store/select_--Select--BA1150BA4110' counted

2018-06-10 19:49:49 - [TEST_STEP][PASSED] - Statement - For ([g = 1, g <= BatchNumber - 1, (g++)]): null

2018-06-10 19:49:49 - [TEST_STEP][PASSED] - selectOptionByIndex: All options with index in [1] are selected on object 'Object Repository/Emergency/Page_Store/select_--Select--BA1150BA4110'

2018-06-10 19:49:49 - [MESSAGE][PASSED] - All options with index in [1] are selected on object 'Object Repository/Emergency/Page_Store/select_--Select--BA1150BA4110'

2018-06-10 19:49:49 - [TEST_STEP][PASSED] - delay: Delayed 2 second(s)

2018-06-10 19:49:51 - [MESSAGE][PASSED] - Delayed 2 second(s)

2018-06-10 19:49:51 - [TEST_STEP][PASSED] - Statement - Try: null

2018-06-10 19:49:51 - [TEST_STEP][PASSED] - Statement - StockQty = com.kms.katalon.core.webui.keyword.WebUiBuiltInKeywords.getAttribute(com.kms.katalon.core.testobject.ObjectRepository.findTestObject(Emergency/Page_Store/input_txtprice), "value"): Attribute 'value' of object 'Object Repository/Emergency/Page_Store/input_txtprice' is: '230'

2018-06-10 19:49:51 - [MESSAGE][PASSED] - Attribute 'value' of object 'Object Repository/Emergency/Page_Store/input_txtprice' is: '230'

2018-06-10 19:49:51 - [TEST_STEP][PASSED] - Statement - out.println("Stock QTY : " + StockQty): null

2018-06-10 19:49:51 - [TEST_STEP][PASSED] - delay: Delayed 2 second(s)

2018-06-10 19:49:53 - [MESSAGE][PASSED] - Delayed 2 second(s)

2018-06-10 19:49:53 - [TEST_STEP][PASSED] - Statement - If (java.lang.Integer.valueOf(StockQty) >= java.lang.Integer.valueOf(RequestedQty)): null

2018-06-10 19:49:53 - [TEST_STEP][PASSED] - delay: Delayed 1 second(s)

2018-06-10 19:49:54 - [MESSAGE][PASSED] - Delayed 1 second(s)

2018-06-10 19:49:54 - [TEST_STEP][PASSED] - setText: Text '10' is set on object 'Object Repository/Emergency/Page_Store/input_txtqty'

2018-06-10 19:49:55 - [MESSAGE][PASSED] - Text '10' is set on object 'Object Repository/Emergency/Page_Store/input_txtqty'

2018-06-10 19:49:55 - [TEST_STEP][PASSED] - click: Object: 'Object Repository/Emergency/Page_Store/button_Add' is clicked on

2018-06-10 19:49:55 - [MESSAGE][PASSED] - Object: 'Object Repository/Emergency/Page_Store/button_Add' is clicked on

2018-06-10 19:49:55 - [TEST_STEP][PASSED] - Statement - Break: null

2018-06-10 19:49:55 - [TEST_STEP][PASSED] - selectOptionByIndex: All options with index in [2] are selected on object 'Object Repository/Emergency/Page_Store/select_--Select--Amikacin -500'

2018-06-10 19:49:55 - [MESSAGE][PASSED] - All options with index in [2] are selected on object 'Object Repository/Emergency/Page_Store/select_--Select--Amikacin -500'

2018-06-10 19:49:55 - [TEST_STEP][PASSED] - delay: Delayed 2 second(s)

2018-06-10 19:49:57 - [MESSAGE][PASSED] - Delayed 2 second(s)

2018-06-10 19:49:57 - [TEST_STEP][PASSED] - Statement - RequestedQty = com.kms.katalon.core.webui.keyword.WebUiBuiltInKeywords.getAttribute(com.kms.katalon.core.testobject.ObjectRepository.findTestObject(Emergency/Page_Store/input_txttotal), "value"): Attribute 'value' of object 'Object Repository/Emergency/Page_Store/input_txttotal' is: '10'

2018-06-10 19:49:57 - [MESSAGE][PASSED] - Attribute 'value' of object 'Object Repository/Emergency/Page_Store/input_txttotal' is: '10'

2018-06-10 19:49:57 - [TEST_STEP][PASSED] - Statement - out.println("Requested QTY : " + RequestedQty): null

2018-06-10 19:49:57 - [TEST_STEP][PASSED] - Statement - BatchNumber = com.kms.katalon.core.webui.keyword.WebUiBuiltInKeywords.getNumberOfTotalOption(com.kms.katalon.core.testobject.ObjectRepository.findTestObject(Emergency/Page_Store/select_--Select--BA1150BA4110)): 5 options of object 'Object Repository/Emergency/Page_Store/select_--Select--BA1150BA4110' counted

2018-06-10 19:49:57 - [MESSAGE][PASSED] - 5 options of object 'Object Repository/Emergency/Page_Store/select_--Select--BA1150BA4110' counted

2018-06-10 19:49:57 - [TEST_STEP][PASSED] - Statement - For ([g = 1, g <= BatchNumber - 1, (g++)]): null

2018-06-10 19:49:57 - [TEST_STEP][PASSED] - selectOptionByIndex: All options with index in [1] are selected on object 'Object Repository/Emergency/Page_Store/select_--Select--BA1150BA4110'

2018-06-10 19:49:57 - [MESSAGE][PASSED] - All options with index in [1] are selected on object 'Object Repository/Emergency/Page_Store/select_--Select--BA1150BA4110'

2018-06-10 19:49:57 - [TEST_STEP][PASSED] - delay: Delayed 2 second(s)

2018-06-10 19:49:59 - [MESSAGE][PASSED] - Delayed 2 second(s)

2018-06-10 19:49:59 - [TEST_STEP][PASSED] - Statement - Try: null

2018-06-10 19:49:59 - [TEST_STEP][PASSED] - Statement - StockQty = com.kms.katalon.core.webui.keyword.WebUiBuiltInKeywords.getAttribute(com.kms.katalon.core.testobject.ObjectRepository.findTestObject(Emergency/Page_Store/input_txtprice), "value"): Attribute 'value' of object 'Object Repository/Emergency/Page_Store/input_txtprice' is: '530'

2018-06-10 19:49:59 - [MESSAGE][PASSED] - Attribute 'value' of object 'Object Repository/Emergency/Page_Store/input_txtprice' is: '530'

2018-06-10 19:49:59 - [TEST_STEP][PASSED] - Statement - out.println("Stock QTY : " + StockQty): null

2018-06-10 19:49:59 - [TEST_STEP][PASSED] - delay: Delayed 2 second(s)

2018-06-10 19:50:01 - [MESSAGE][PASSED] - Delayed 2 second(s)

2018-06-10 19:50:01 - [TEST_STEP][PASSED] - Statement - If (java.lang.Integer.valueOf(StockQty) >= java.lang.Integer.valueOf(RequestedQty)): null

2018-06-10 19:50:01 - [TEST_STEP][PASSED] - delay: Delayed 1 second(s)

2018-06-10 19:50:02 - [MESSAGE][PASSED] - Delayed 1 second(s)

2018-06-10 19:50:02 - [TEST_STEP][PASSED] - setText: Text '10' is set on object 'Object Repository/Emergency/Page_Store/input_txtqty'

2018-06-10 19:50:02 - [MESSAGE][PASSED] - Text '10' is set on object 'Object Repository/Emergency/Page_Store/input_txtqty'

2018-06-10 19:50:02 - [TEST_STEP][PASSED] - click: Object: 'Object Repository/Emergency/Page_Store/button_Add' is clicked on

2018-06-10 19:50:02 - [MESSAGE][PASSED] - Object: 'Object Repository/Emergency/Page_Store/button_Add' is clicked on

2018-06-10 19:50:02 - [TEST_STEP][PASSED] - Statement - Break: null

2018-06-10 19:50:02 - [TEST_STEP][PASSED] - selectOptionByIndex: All options with index in [3] are selected on object 'Object Repository/Emergency/Page_Store/select_--Select--Amikacin -500'

2018-06-10 19:50:02 - [MESSAGE][PASSED] - All options with index in [3] are selected on object 'Object Repository/Emergency/Page_Store/select_--Select--Amikacin -500'

2018-06-10 19:50:02 - [TEST_STEP][PASSED] - delay: Delayed 2 second(s)

2018-06-10 19:50:04 - [MESSAGE][PASSED] - Delayed 2 second(s)

2018-06-10 19:50:04 - [TEST_STEP][PASSED] - Statement - RequestedQty = com.kms.katalon.core.webui.keyword.WebUiBuiltInKeywords.getAttribute(com.kms.katalon.core.testobject.ObjectRepository.findTestObject(Emergency/Page_Store/input_txttotal), "value"): Attribute 'value' of object 'Object Repository/Emergency/Page_Store/input_txttotal' is: '10'

2018-06-10 19:50:04 - [MESSAGE][PASSED] - Attribute 'value' of object 'Object Repository/Emergency/Page_Store/input_txttotal' is: '10'

2018-06-10 19:50:04 - [TEST_STEP][PASSED] - Statement - out.println("Requested QTY : " + RequestedQty): null

2018-06-10 19:50:04 - [TEST_STEP][PASSED] - Statement - BatchNumber = com.kms.katalon.core.webui.keyword.WebUiBuiltInKeywords.getNumberOfTotalOption(com.kms.katalon.core.testobject.ObjectRepository.findTestObject(Emergency/Page_Store/select_--Select--BA1150BA4110)): 3 options of object 'Object Repository/Emergency/Page_Store/select_--Select--BA1150BA4110' counted

2018-06-10 19:50:04 - [MESSAGE][PASSED] - 3 options of object 'Object Repository/Emergency/Page_Store/select_--Select--BA1150BA4110' counted

2018-06-10 19:50:04 - [TEST_STEP][PASSED] - Statement - For ([g = 1, g <= BatchNumber - 1, (g++)]): null

2018-06-10 19:50:04 - [TEST_STEP][PASSED] - selectOptionByIndex: All options with index in [1] are selected on object 'Object Repository/Emergency/Page_Store/select_--Select--BA1150BA4110'

2018-06-10 19:50:05 - [MESSAGE][PASSED] - All options with index in [1] are selected on object 'Object Repository/Emergency/Page_Store/select_--Select--BA1150BA4110'

2018-06-10 19:50:05 - [TEST_STEP][PASSED] - delay: Delayed 2 second(s)

2018-06-10 19:50:07 - [MESSAGE][PASSED] - Delayed 2 second(s)

2018-06-10 19:50:07 - [TEST_STEP][PASSED] - Statement - Try: null

2018-06-10 19:50:07 - [TEST_STEP][PASSED] - Statement - StockQty = com.kms.katalon.core.webui.keyword.WebUiBuiltInKeywords.getAttribute(com.kms.katalon.core.testobject.ObjectRepository.findTestObject(Emergency/Page_Store/input_txtprice), "value"): Attribute 'value' of object 'Object Repository/Emergency/Page_Store/input_txtprice' is: '230'

2018-06-10 19:50:07 - [MESSAGE][PASSED] - Attribute 'value' of object 'Object Repository/Emergency/Page_Store/input_txtprice' is: '230'

2018-06-10 19:50:07 - [TEST_STEP][PASSED] - Statement - out.println("Stock QTY : " + StockQty): null

2018-06-10 19:50:07 - [TEST_STEP][PASSED] - delay: Delayed 2 second(s)

2018-06-10 19:50:09 - [MESSAGE][PASSED] - Delayed 2 second(s)

2018-06-10 19:50:09 - [TEST_STEP][PASSED] - Statement - If (java.lang.Integer.valueOf(StockQty) >= java.lang.Integer.valueOf(RequestedQty)): null

2018-06-10 19:50:09 - [TEST_STEP][PASSED] - delay: Delayed 1 second(s)

2018-06-10 19:50:10 - [MESSAGE][PASSED] - Delayed 1 second(s)

2018-06-10 19:50:10 - [TEST_STEP][PASSED] - setText: Text '10' is set on object 'Object Repository/Emergency/Page_Store/input_txtqty'

2018-06-10 19:50:10 - [MESSAGE][PASSED] - Text '10' is set on object 'Object Repository/Emergency/Page_Store/input_txtqty'

2018-06-10 19:50:10 - [TEST_STEP][PASSED] - click: Object: 'Object Repository/Emergency/Page_Store/button_Add' is clicked on

2018-06-10 19:50:10 - [MESSAGE][PASSED] - Object: 'Object Repository/Emergency/Page_Store/button_Add' is clicked on

2018-06-10 19:50:10 - [TEST_STEP][PASSED] - Statement - Break: null

2018-06-10 19:50:10 - [TEST_STEP][PASSED] - selectOptionByIndex: All options with index in [4] are selected on object 'Object Repository/Emergency/Page_Store/select_--Select--Amikacin -500'

2018-06-10 19:50:10 - [MESSAGE][PASSED] - All options with index in [4] are selected on object 'Object Repository/Emergency/Page_Store/select_--Select--Amikacin -500'

2018-06-10 19:50:10 - [TEST_STEP][PASSED] - delay: Delayed 2 second(s)

2018-06-10 19:50:12 - [MESSAGE][PASSED] - Delayed 2 second(s)

2018-06-10 19:50:12 - [TEST_STEP][PASSED] - Statement - RequestedQty = com.kms.katalon.core.webui.keyword.WebUiBuiltInKeywords.getAttribute(com.kms.katalon.core.testobject.ObjectRepository.findTestObject(Emergency/Page_Store/input_txttotal), "value"): Attribute 'value' of object 'Object Repository/Emergency/Page_Store/input_txttotal' is: '10'

2018-06-10 19:50:12 - [MESSAGE][PASSED] - Attribute 'value' of object 'Object Repository/Emergency/Page_Store/input_txttotal' is: '10'

2018-06-10 19:50:12 - [TEST_STEP][PASSED] - Statement - out.println("Requested QTY : " + RequestedQty): null

2018-06-10 19:50:12 - [TEST_STEP][PASSED] - Statement - BatchNumber = com.kms.katalon.core.webui.keyword.WebUiBuiltInKeywords.getNumberOfTotalOption(com.kms.katalon.core.testobject.ObjectRepository.findTestObject(Emergency/Page_Store/select_--Select--BA1150BA4110)): 4 options of object 'Object Repository/Emergency/Page_Store/select_--Select--BA1150BA4110' counted

2018-06-10 19:50:12 - [MESSAGE][PASSED] - 4 options of object 'Object Repository/Emergency/Page_Store/select_--Select--BA1150BA4110' counted

2018-06-10 19:50:12 - [TEST_STEP][PASSED] - Statement - For ([g = 1, g <= BatchNumber - 1, (g++)]): null

2018-06-10 19:50:12 - [TEST_STEP][PASSED] - selectOptionByIndex: All options with index in [1] are selected on object 'Object Repository/Emergency/Page_Store/select_--Select--BA1150BA4110'

2018-06-10 19:50:12 - [MESSAGE][PASSED] - All options with index in [1] are selected on object 'Object Repository/Emergency/Page_Store/select_--Select--BA1150BA4110'

2018-06-10 19:50:12 - [TEST_STEP][PASSED] - delay: Delayed 2 second(s)

2018-06-10 19:50:14 - [MESSAGE][PASSED] - Delayed 2 second(s)

2018-06-10 19:50:14 - [TEST_STEP][PASSED] - Statement - Try: null

2018-06-10 19:50:14 - [TEST_STEP][PASSED] - Statement - StockQty = com.kms.katalon.core.webui.keyword.WebUiBuiltInKeywords.getAttribute(com.kms.katalon.core.testobject.ObjectRepository.findTestObject(Emergency/Page_Store/input_txtprice), "value"): Attribute 'value' of object 'Object Repository/Emergency/Page_Store/input_txtprice' is: '340'

2018-06-10 19:50:14 - [MESSAGE][PASSED] - Attribute 'value' of object 'Object Repository/Emergency/Page_Store/input_txtprice' is: '340'

2018-06-10 19:50:14 - [TEST_STEP][PASSED] - Statement - out.println("Stock QTY : " + StockQty): null

2018-06-10 19:50:14 - [TEST_STEP][PASSED] - delay: Delayed 2 second(s)

2018-06-10 19:50:16 - [MESSAGE][PASSED] - Delayed 2 second(s)

2018-06-10 19:50:16 - [TEST_STEP][PASSED] - Statement - If (java.lang.Integer.valueOf(StockQty) >= java.lang.Integer.valueOf(RequestedQty)): null

2018-06-10 19:50:16 - [TEST_STEP][PASSED] - delay: Delayed 1 second(s)

2018-06-10 19:50:17 - [MESSAGE][PASSED] - Delayed 1 second(s)

2018-06-10 19:50:17 - [TEST_STEP][PASSED] - setText: Text '10' is set on object 'Object Repository/Emergency/Page_Store/input_txtqty'

2018-06-10 19:50:17 - [MESSAGE][PASSED] - Text '10' is set on object 'Object Repository/Emergency/Page_Store/input_txtqty'

2018-06-10 19:50:17 - [TEST_STEP][PASSED] - click: Object: 'Object Repository/Emergency/Page_Store/button_Add' is clicked on

2018-06-10 19:50:17 - [MESSAGE][PASSED] - Object: 'Object Repository/Emergency/Page_Store/button_Add' is clicked on

2018-06-10 19:50:17 - [TEST_STEP][PASSED] - Statement - Break: null

2018-06-10 19:50:17 - [TEST_STEP][PASSED] - selectOptionByIndex: All options with index in [5] are selected on object 'Object Repository/Emergency/Page_Store/select_--Select--Amikacin -500'

2018-06-10 19:50:17 - [MESSAGE][PASSED] - All options with index in [5] are selected on object 'Object Repository/Emergency/Page_Store/select_--Select--Amikacin -500'

2018-06-10 19:50:17 - [TEST_STEP][PASSED] - delay: Delayed 2 second(s)

2018-06-10 19:50:19 - [MESSAGE][PASSED] - Delayed 2 second(s)

2018-06-10 19:50:19 - [TEST_STEP][PASSED] - Statement - RequestedQty = com.kms.katalon.core.webui.keyword.WebUiBuiltInKeywords.getAttribute(com.kms.katalon.core.testobject.ObjectRepository.findTestObject(Emergency/Page_Store/input_txttotal), "value"): Attribute 'value' of object 'Object Repository/Emergency/Page_Store/input_txttotal' is: '10'

2018-06-10 19:50:19 - [MESSAGE][PASSED] - Attribute 'value' of object 'Object Repository/Emergency/Page_Store/input_txttotal' is: '10'

2018-06-10 19:50:19 - [TEST_STEP][PASSED] - Statement - out.println("Requested QTY : " + RequestedQty): null

2018-06-10 19:50:19 - [TEST_STEP][PASSED] - Statement - BatchNumber = com.kms.katalon.core.webui.keyword.WebUiBuiltInKeywords.getNumberOfTotalOption(com.kms.katalon.core.testobject.ObjectRepository.findTestObject(Emergency/Page_Store/select_--Select--BA1150BA4110)): 2 options of object 'Object Repository/Emergency/Page_Store/select_--Select--BA1150BA4110' counted

2018-06-10 19:50:20 - [MESSAGE][PASSED] - 2 options of object 'Object Repository/Emergency/Page_Store/select_--Select--BA1150BA4110' counted

2018-06-10 19:50:20 - [TEST_STEP][PASSED] - Statement - For ([g = 1, g <= BatchNumber - 1, (g++)]): null

2018-06-10 19:50:20 - [TEST_STEP][PASSED] - selectOptionByIndex: All options with index in [1] are selected on object 'Object Repository/Emergency/Page_Store/select_--Select--BA1150BA4110'

2018-06-10 19:50:20 - [MESSAGE][PASSED] - All options with index in [1] are selected on object 'Object Repository/Emergency/Page_Store/select_--Select--BA1150BA4110'

2018-06-10 19:50:20 - [TEST_STEP][PASSED] - delay: Delayed 2 second(s)

2018-06-10 19:50:22 - [MESSAGE][PASSED] - Delayed 2 second(s)

2018-06-10 19:50:22 - [TEST_STEP][PASSED] - Statement - Try: null

2018-06-10 19:50:22 - [TEST_STEP][PASSED] - Statement - StockQty = com.kms.katalon.core.webui.keyword.WebUiBuiltInKeywords.getAttribute(com.kms.katalon.core.testobject.ObjectRepository.findTestObject(Emergency/Page_Store/input_txtprice), "value"): Attribute 'value' of object 'Object Repository/Emergency/Page_Store/input_txtprice' is: '2090'

2018-06-10 19:50:22 - [MESSAGE][PASSED] - Attribute 'value' of object 'Object Repository/Emergency/Page_Store/input_txtprice' is: '2090'

2018-06-10 19:50:22 - [TEST_STEP][PASSED] - Statement - out.println("Stock QTY : " + StockQty): null

2018-06-10 19:50:22 - [TEST_STEP][PASSED] - delay: Delayed 2 second(s)

2018-06-10 19:50:24 - [MESSAGE][PASSED] - Delayed 2 second(s)

2018-06-10 19:50:24 - [TEST_STEP][PASSED] - Statement - If (java.lang.Integer.valueOf(StockQty) >= java.lang.Integer.valueOf(RequestedQty)): null

2018-06-10 19:50:24 - [TEST_STEP][PASSED] - delay: Delayed 1 second(s)

2018-06-10 19:50:25 - [MESSAGE][PASSED] - Delayed 1 second(s)

2018-06-10 19:50:25 - [TEST_STEP][PASSED] - setText: Text '10' is set on object 'Object Repository/Emergency/Page_Store/input_txtqty'

2018-06-10 19:50:25 - [MESSAGE][PASSED] - Text '10' is set on object 'Object Repository/Emergency/Page_Store/input_txtqty'

2018-06-10 19:50:25 - [TEST_STEP][PASSED] - click: Object: 'Object Repository/Emergency/Page_Store/button_Add' is clicked on

2018-06-10 19:50:25 - [MESSAGE][PASSED] - Object: 'Object Repository/Emergency/Page_Store/button_Add' is clicked on

2018-06-10 19:50:25 - [TEST_STEP][PASSED] - Statement - Break: null

2018-06-10 19:50:25 - [TEST_STEP][PASSED] - selectOptionByIndex: All options with index in [6] are selected on object 'Object Repository/Emergency/Page_Store/select_--Select--Amikacin -500'

2018-06-10 19:50:25 - [MESSAGE][PASSED] - All options with index in [6] are selected on object 'Object Repository/Emergency/Page_Store/select_--Select--Amikacin -500'

2018-06-10 19:50:25 - [TEST_STEP][PASSED] - delay: Delayed 2 second(s)

2018-06-10 19:50:27 - [MESSAGE][PASSED] - Delayed 2 second(s)

2018-06-10 19:50:27 - [TEST_STEP][PASSED] - Statement - RequestedQty = com.kms.katalon.core.webui.keyword.WebUiBuiltInKeywords.getAttribute(com.kms.katalon.core.testobject.ObjectRepository.findTestObject(Emergency/Page_Store/input_txttotal), "value"): Attribute 'value' of object 'Object Repository/Emergency/Page_Store/input_txttotal' is: '10'

2018-06-10 19:50:27 - [MESSAGE][PASSED] - Attribute 'value' of object 'Object Repository/Emergency/Page_Store/input_txttotal' is: '10'

2018-06-10 19:50:27 - [TEST_STEP][PASSED] - Statement - out.println("Requested QTY : " + RequestedQty): null

2018-06-10 19:50:27 - [TEST_STEP][PASSED] - Statement - BatchNumber = com.kms.katalon.core.webui.keyword.WebUiBuiltInKeywords.getNumberOfTotalOption(com.kms.katalon.core.testobject.ObjectRepository.findTestObject(Emergency/Page_Store/select_--Select--BA1150BA4110)): 4 options of object 'Object Repository/Emergency/Page_Store/select_--Select--BA1150BA4110' counted

2018-06-10 19:50:27 - [MESSAGE][PASSED] - 4 options of object 'Object Repository/Emergency/Page_Store/select_--Select--BA1150BA4110' counted

2018-06-10 19:50:27 - [TEST_STEP][PASSED] - Statement - For ([g = 1, g <= BatchNumber - 1, (g++)]): null

2018-06-10 19:50:27 - [TEST_STEP][PASSED] - selectOptionByIndex: All options with index in [1] are selected on object 'Object Repository/Emergency/Page_Store/select_--Select--BA1150BA4110'

2018-06-10 19:50:27 - [MESSAGE][PASSED] - All options with index in [1] are selected on object 'Object Repository/Emergency/Page_Store/select_--Select--BA1150BA4110'

2018-06-10 19:50:27 - [TEST_STEP][PASSED] - delay: Delayed 2 second(s)

2018-06-10 19:50:29 - [MESSAGE][PASSED] - Delayed 2 second(s)

2018-06-10 19:50:29 - [TEST_STEP][PASSED] - Statement - Try: null

2018-06-10 19:50:29 - [TEST_STEP][PASSED] - Statement - StockQty = com.kms.katalon.core.webui.keyword.WebUiBuiltInKeywords.getAttribute(com.kms.katalon.core.testobject.ObjectRepository.findTestObject(Emergency/Page_Store/input_txtprice), "value"): Attribute 'value' of object 'Object Repository/Emergency/Page_Store/input_txtprice' is: '1080'

2018-06-10 19:50:29 - [MESSAGE][PASSED] - Attribute 'value' of object 'Object Repository/Emergency/Page_Store/input_txtprice' is: '1080'

2018-06-10 19:50:29 - [TEST_STEP][PASSED] - Statement - out.println("Stock QTY : " + StockQty): null

2018-06-10 19:50:29 - [TEST_STEP][PASSED] - delay: Delayed 2 second(s)

2018-06-10 19:50:31 - [MESSAGE][PASSED] - Delayed 2 second(s)

2018-06-10 19:50:31 - [TEST_STEP][PASSED] - Statement - If (java.lang.Integer.valueOf(StockQty) >= java.lang.Integer.valueOf(RequestedQty)): null

2018-06-10 19:50:31 - [TEST_STEP][PASSED] - delay: Delayed 1 second(s)

2018-06-10 19:50:32 - [MESSAGE][PASSED] - Delayed 1 second(s)

2018-06-10 19:50:32 - [TEST_STEP][PASSED] - setText: Text '10' is set on object 'Object Repository/Emergency/Page_Store/input_txtqty'

2018-06-10 19:50:32 - [MESSAGE][PASSED] - Text '10' is set on object 'Object Repository/Emergency/Page_Store/input_txtqty'

2018-06-10 19:50:32 - [TEST_STEP][PASSED] - click: Object: 'Object Repository/Emergency/Page_Store/button_Add' is clicked on

2018-06-10 19:50:32 - [MESSAGE][PASSED] - Object: 'Object Repository/Emergency/Page_Store/button_Add' is clicked on

2018-06-10 19:50:32 - [TEST_STEP][PASSED] - Statement - Break: null

2018-06-10 19:50:32 - [TEST_STEP][PASSED] - selectOptionByIndex: All options with index in [7] are selected on object 'Object Repository/Emergency/Page_Store/select_--Select--Amikacin -500'

2018-06-10 19:50:33 - [MESSAGE][PASSED] - All options with index in [7] are selected on object 'Object Repository/Emergency/Page_Store/select_--Select--Amikacin -500'

2018-06-10 19:50:33 - [TEST_STEP][PASSED] - delay: Delayed 2 second(s)

2018-06-10 19:50:35 - [MESSAGE][PASSED] - Delayed 2 second(s)

2018-06-10 19:50:35 - [TEST_STEP][PASSED] - Statement - RequestedQty = com.kms.katalon.core.webui.keyword.WebUiBuiltInKeywords.getAttribute(com.kms.katalon.core.testobject.ObjectRepository.findTestObject(Emergency/Page_Store/input_txttotal), "value"): Attribute 'value' of object 'Object Repository/Emergency/Page_Store/input_txttotal' is: '10'

2018-06-10 19:50:35 - [MESSAGE][PASSED] - Attribute 'value' of object 'Object Repository/Emergency/Page_Store/input_txttotal' is: '10'

2018-06-10 19:50:35 - [TEST_STEP][PASSED] - Statement - out.println("Requested QTY : " + RequestedQty): null

2018-06-10 19:50:35 - [TEST_STEP][PASSED] - Statement - BatchNumber = com.kms.katalon.core.webui.keyword.WebUiBuiltInKeywords.getNumberOfTotalOption(com.kms.katalon.core.testobject.ObjectRepository.findTestObject(Emergency/Page_Store/select_--Select--BA1150BA4110)): 3 options of object 'Object Repository/Emergency/Page_Store/select_--Select--BA1150BA4110' counted

2018-06-10 19:50:35 - [MESSAGE][PASSED] - 3 options of object 'Object Repository/Emergency/Page_Store/select_--Select--BA1150BA4110' counted

2018-06-10 19:50:35 - [TEST_STEP][PASSED] - Statement - For ([g = 1, g <= BatchNumber - 1, (g++)]): null

2018-06-10 19:50:35 - [TEST_STEP][PASSED] - selectOptionByIndex: All options with index in [1] are selected on object 'Object Repository/Emergency/Page_Store/select_--Select--BA1150BA4110'

2018-06-10 19:50:35 - [MESSAGE][PASSED] - All options with index in [1] are selected on object 'Object Repository/Emergency/Page_Store/select_--Select--BA1150BA4110'

2018-06-10 19:50:35 - [TEST_STEP][PASSED] - delay: Delayed 2 second(s)

2018-06-10 19:50:37 - [MESSAGE][PASSED] - Delayed 2 second(s)

2018-06-10 19:50:37 - [TEST_STEP][PASSED] - Statement - Try: null

2018-06-10 19:50:37 - [TEST_STEP][PASSED] - Statement - StockQty = com.kms.katalon.core.webui.keyword.WebUiBuiltInKeywords.getAttribute(com.kms.katalon.core.testobject.ObjectRepository.findTestObject(Emergency/Page_Store/input_txtprice), "value"): Attribute 'value' of object 'Object Repository/Emergency/Page_Store/input_txtprice' is: '1990'

2018-06-10 19:50:37 - [MESSAGE][PASSED] - Attribute 'value' of object 'Object Repository/Emergency/Page_Store/input_txtprice' is: '1990'

2018-06-10 19:50:37 - [TEST_STEP][PASSED] - Statement - out.println("Stock QTY : " + StockQty): null

2018-06-10 19:50:37 - [TEST_STEP][PASSED] - delay: Delayed 2 second(s)

2018-06-10 19:50:39 - [MESSAGE][PASSED] - Delayed 2 second(s)

2018-06-10 19:50:39 - [TEST_STEP][PASSED] - Statement - If (java.lang.Integer.valueOf(StockQty) >= java.lang.Integer.valueOf(RequestedQty)): null

2018-06-10 19:50:39 - [TEST_STEP][PASSED] - delay: Delayed 1 second(s)

2018-06-10 19:50:40 - [MESSAGE][PASSED] - Delayed 1 second(s)

2018-06-10 19:50:40 - [TEST_STEP][PASSED] - setText: Text '10' is set on object 'Object Repository/Emergency/Page_Store/input_txtqty'

2018-06-10 19:50:40 - [MESSAGE][PASSED] - Text '10' is set on object 'Object Repository/Emergency/Page_Store/input_txtqty'

2018-06-10 19:50:40 - [TEST_STEP][PASSED] - click: Object: 'Object Repository/Emergency/Page_Store/button_Add' is clicked on

2018-06-10 19:50:40 - [MESSAGE][PASSED] - Object: 'Object Repository/Emergency/Page_Store/button_Add' is clicked on

2018-06-10 19:50:40 - [TEST_STEP][PASSED] - Statement - Break: null

2018-06-10 19:50:40 - [TEST_STEP][PASSED] - selectOptionByIndex: All options with index in [8] are selected on object 'Object Repository/Emergency/Page_Store/select_--Select--Amikacin -500'

2018-06-10 19:50:40 - [MESSAGE][PASSED] - All options with index in [8] are selected on object 'Object Repository/Emergency/Page_Store/select_--Select--Amikacin -500'

2018-06-10 19:50:40 - [TEST_STEP][PASSED] - delay: Delayed 2 second(s)

2018-06-10 19:50:42 - [MESSAGE][PASSED] - Delayed 2 second(s)

2018-06-10 19:50:42 - [TEST_STEP][PASSED] - Statement - RequestedQty = com.kms.katalon.core.webui.keyword.WebUiBuiltInKeywords.getAttribute(com.kms.katalon.core.testobject.ObjectRepository.findTestObject(Emergency/Page_Store/input_txttotal), "value"): Attribute 'value' of object 'Object Repository/Emergency/Page_Store/input_txttotal' is: '10'

2018-06-10 19:50:42 - [MESSAGE][PASSED] - Attribute 'value' of object 'Object Repository/Emergency/Page_Store/input_txttotal' is: '10'

2018-06-10 19:50:42 - [TEST_STEP][PASSED] - Statement - out.println("Requested QTY : " + RequestedQty): null

2018-06-10 19:50:42 - [TEST_STEP][PASSED] - Statement - BatchNumber = com.kms.katalon.core.webui.keyword.WebUiBuiltInKeywords.getNumberOfTotalOption(com.kms.katalon.core.testobject.ObjectRepository.findTestObject(Emergency/Page_Store/select_--Select--BA1150BA4110)): 2 options of object 'Object Repository/Emergency/Page_Store/select_--Select--BA1150BA4110' counted

2018-06-10 19:50:42 - [MESSAGE][PASSED] - 2 options of object 'Object Repository/Emergency/Page_Store/select_--Select--BA1150BA4110' counted

2018-06-10 19:50:42 - [TEST_STEP][PASSED] - Statement - For ([g = 1, g <= BatchNumber - 1, (g++)]): null

2018-06-10 19:50:42 - [TEST_STEP][PASSED] - selectOptionByIndex: All options with index in [1] are selected on object 'Object Repository/Emergency/Page_Store/select_--Select--BA1150BA4110'

2018-06-10 19:50:42 - [MESSAGE][PASSED] - All options with index in [1] are selected on object 'Object Repository/Emergency/Page_Store/select_--Select--BA1150BA4110'

2018-06-10 19:50:42 - [TEST_STEP][PASSED] - delay: Delayed 2 second(s)

2018-06-10 19:50:44 - [MESSAGE][PASSED] - Delayed 2 second(s)

2018-06-10 19:50:44 - [TEST_STEP][PASSED] - Statement - Try: null

2018-06-10 19:50:44 - [TEST_STEP][PASSED] - Statement - StockQty = com.kms.katalon.core.webui.keyword.WebUiBuiltInKeywords.getAttribute(com.kms.katalon.core.testobject.ObjectRepository.findTestObject(Emergency/Page_Store/input_txtprice), "value"): Attribute 'value' of object 'Object Repository/Emergency/Page_Store/input_txtprice' is: '2090'

2018-06-10 19:50:44 - [MESSAGE][PASSED] - Attribute 'value' of object 'Object Repository/Emergency/Page_Store/input_txtprice' is: '2090'

2018-06-10 19:50:44 - [TEST_STEP][PASSED] - Statement - out.println("Stock QTY : " + StockQty): null

2018-06-10 19:50:44 - [TEST_STEP][PASSED] - delay: Delayed 2 second(s)

2018-06-10 19:50:46 - [MESSAGE][PASSED] - Delayed 2 second(s)

2018-06-10 19:50:46 - [TEST_STEP][PASSED] - Statement - If (java.lang.Integer.valueOf(StockQty) >= java.lang.Integer.valueOf(RequestedQty)): null

2018-06-10 19:50:46 - [TEST_STEP][PASSED] - delay: Delayed 1 second(s)

2018-06-10 19:50:47 - [MESSAGE][PASSED] - Delayed 1 second(s)

2018-06-10 19:50:47 - [TEST_STEP][PASSED] - setText: Text '10' is set on object 'Object Repository/Emergency/Page_Store/input_txtqty'

2018-06-10 19:50:48 - [MESSAGE][PASSED] - Text '10' is set on object 'Object Repository/Emergency/Page_Store/input_txtqty'

2018-06-10 19:50:48 - [TEST_STEP][PASSED] - click: Object: 'Object Repository/Emergency/Page_Store/button_Add' is clicked on

2018-06-10 19:50:48 - [MESSAGE][PASSED] - Object: 'Object Repository/Emergency/Page_Store/button_Add' is clicked on

2018-06-10 19:50:48 - [TEST_STEP][PASSED] - Statement - Break: null

2018-06-10 19:50:48 - [TEST_STEP][PASSED] - selectOptionByIndex: All options with index in [9] are selected on object 'Object Repository/Emergency/Page_Store/select_--Select--Amikacin -500'

2018-06-10 19:50:48 - [MESSAGE][PASSED] - All options with index in [9] are selected on object 'Object Repository/Emergency/Page_Store/select_--Select--Amikacin -500'

2018-06-10 19:50:48 - [TEST_STEP][PASSED] - delay: Delayed 2 second(s)

2018-06-10 19:50:50 - [MESSAGE][PASSED] - Delayed 2 second(s)

2018-06-10 19:50:50 - [TEST_STEP][PASSED] - Statement - RequestedQty = com.kms.katalon.core.webui.keyword.WebUiBuiltInKeywords.getAttribute(com.kms.katalon.core.testobject.ObjectRepository.findTestObject(Emergency/Page_Store/input_txttotal), "value"): Attribute 'value' of object 'Object Repository/Emergency/Page_Store/input_txttotal' is: '10'

2018-06-10 19:50:50 - [MESSAGE][PASSED] - Attribute 'value' of object 'Object Repository/Emergency/Page_Store/input_txttotal' is: '10'

2018-06-10 19:50:50 - [TEST_STEP][PASSED] - Statement - out.println("Requested QTY : " + RequestedQty): null

2018-06-10 19:50:50 - [TEST_STEP][PASSED] - Statement - BatchNumber = com.kms.katalon.core.webui.keyword.WebUiBuiltInKeywords.getNumberOfTotalOption(com.kms.katalon.core.testobject.ObjectRepository.findTestObject(Emergency/Page_Store/select_--Select--BA1150BA4110)): 4 options of object 'Object Repository/Emergency/Page_Store/select_--Select--BA1150BA4110' counted

2018-06-10 19:50:50 - [MESSAGE][PASSED] - 4 options of object 'Object Repository/Emergency/Page_Store/select_--Select--BA1150BA4110' counted

2018-06-10 19:50:50 - [TEST_STEP][PASSED] - Statement - For ([g = 1, g <= BatchNumber - 1, (g++)]): null

2018-06-10 19:50:50 - [TEST_STEP][PASSED] - selectOptionByIndex: All options with index in [1] are selected on object 'Object Repository/Emergency/Page_Store/select_--Select--BA1150BA4110'

2018-06-10 19:50:50 - [MESSAGE][PASSED] - All options with index in [1] are selected on object 'Object Repository/Emergency/Page_Store/select_--Select--BA1150BA4110'

2018-06-10 19:50:50 - [TEST_STEP][PASSED] - delay: Delayed 2 second(s)

2018-06-10 19:50:52 - [MESSAGE][PASSED] - Delayed 2 second(s)

2018-06-10 19:50:52 - [TEST_STEP][PASSED] - Statement - Try: null

2018-06-10 19:50:52 - [TEST_STEP][PASSED] - Statement - StockQty = com.kms.katalon.core.webui.keyword.WebUiBuiltInKeywords.getAttribute(com.kms.katalon.core.testobject.ObjectRepository.findTestObject(Emergency/Page_Store/input_txtprice), "value"): Attribute 'value' of object 'Object Repository/Emergency/Page_Store/input_txtprice' is: '1080'

2018-06-10 19:50:52 - [MESSAGE][PASSED] - Attribute 'value' of object 'Object Repository/Emergency/Page_Store/input_txtprice' is: '1080'

2018-06-10 19:50:52 - [TEST_STEP][PASSED] - Statement - out.println("Stock QTY : " + StockQty): null

2018-06-10 19:50:52 - [TEST_STEP][PASSED] - delay: Delayed 2 second(s)

2018-06-10 19:50:54 - [MESSAGE][PASSED] - Delayed 2 second(s)

2018-06-10 19:50:54 - [TEST_STEP][PASSED] - Statement - If (java.lang.Integer.valueOf(StockQty) >= java.lang.Integer.valueOf(RequestedQty)): null

2018-06-10 19:50:54 - [TEST_STEP][PASSED] - delay: Delayed 1 second(s)

2018-06-10 19:50:55 - [MESSAGE][PASSED] - Delayed 1 second(s)

2018-06-10 19:50:55 - [TEST_STEP][PASSED] - setText: Text '10' is set on object 'Object Repository/Emergency/Page_Store/input_txtqty'

2018-06-10 19:50:55 - [MESSAGE][PASSED] - Text '10' is set on object 'Object Repository/Emergency/Page_Store/input_txtqty'

2018-06-10 19:50:55 - [TEST_STEP][PASSED] - click: Object: 'Object Repository/Emergency/Page_Store/button_Add' is clicked on

2018-06-10 19:50:55 - [MESSAGE][PASSED] - Object: 'Object Repository/Emergency/Page_Store/button_Add' is clicked on

2018-06-10 19:50:55 - [TEST_STEP][PASSED] - Statement - Break: null

2018-06-10 19:50:55 - [TEST_STEP][PASSED] - selectOptionByIndex: All options with index in [10] are selected on object 'Object Repository/Emergency/Page_Store/select_--Select--Amikacin -500'

2018-06-10 19:50:55 - [MESSAGE][PASSED] - All options with index in [10] are selected on object 'Object Repository/Emergency/Page_Store/select_--Select--Amikacin -500'

2018-06-10 19:50:55 - [TEST_STEP][PASSED] - delay: Delayed 2 second(s)

2018-06-10 19:50:57 - [MESSAGE][PASSED] - Delayed 2 second(s)

2018-06-10 19:50:57 - [TEST_STEP][PASSED] - Statement - RequestedQty = com.kms.katalon.core.webui.keyword.WebUiBuiltInKeywords.getAttribute(com.kms.katalon.core.testobject.ObjectRepository.findTestObject(Emergency/Page_Store/input_txttotal), "value"): Attribute 'value' of object 'Object Repository/Emergency/Page_Store/input_txttotal' is: '10'

2018-06-10 19:50:58 - [MESSAGE][PASSED] - Attribute 'value' of object 'Object Repository/Emergency/Page_Store/input_txttotal' is: '10'

2018-06-10 19:50:58 - [TEST_STEP][PASSED] - Statement - out.println("Requested QTY : " + RequestedQty): null

2018-06-10 19:50:58 - [TEST_STEP][PASSED] - Statement - BatchNumber = com.kms.katalon.core.webui.keyword.WebUiBuiltInKeywords.getNumberOfTotalOption(com.kms.katalon.core.testobject.ObjectRepository.findTestObject(Emergency/Page_Store/select_--Select--BA1150BA4110)): 3 options of object 'Object Repository/Emergency/Page_Store/select_--Select--BA1150BA4110' counted

2018-06-10 19:50:58 - [MESSAGE][PASSED] - 3 options of object 'Object Repository/Emergency/Page_Store/select_--Select--BA1150BA4110' counted

2018-06-10 19:50:58 - [TEST_STEP][PASSED] - Statement - For ([g = 1, g <= BatchNumber - 1, (g++)]): null

2018-06-10 19:50:58 - [TEST_STEP][PASSED] - selectOptionByIndex: All options with index in [1] are selected on object 'Object Repository/Emergency/Page_Store/select_--Select--BA1150BA4110'

2018-06-10 19:50:58 - [MESSAGE][PASSED] - All options with index in [1] are selected on object 'Object Repository/Emergency/Page_Store/select_--Select--BA1150BA4110'

2018-06-10 19:50:58 - [TEST_STEP][PASSED] - delay: Delayed 2 second(s)

2018-06-10 19:51:00 - [MESSAGE][PASSED] - Delayed 2 second(s)

2018-06-10 19:51:00 - [TEST_STEP][PASSED] - Statement - Try: null

2018-06-10 19:51:00 - [TEST_STEP][PASSED] - Statement - StockQty = com.kms.katalon.core.webui.keyword.WebUiBuiltInKeywords.getAttribute(com.kms.katalon.core.testobject.ObjectRepository.findTestObject(Emergency/Page_Store/input_txtprice), "value"): Attribute 'value' of object 'Object Repository/Emergency/Page_Store/input_txtprice' is: '530'

2018-06-10 19:51:00 - [MESSAGE][PASSED] - Attribute 'value' of object 'Object Repository/Emergency/Page_Store/input_txtprice' is: '530'

2018-06-10 19:51:00 - [TEST_STEP][PASSED] - Statement - out.println("Stock QTY : " + StockQty): null

2018-06-10 19:51:00 - [TEST_STEP][PASSED] - delay: Delayed 2 second(s)

2018-06-10 19:51:02 - [MESSAGE][PASSED] - Delayed 2 second(s)

2018-06-10 19:51:02 - [TEST_STEP][PASSED] - Statement - If (java.lang.Integer.valueOf(StockQty) >= java.lang.Integer.valueOf(RequestedQty)): null

2018-06-10 19:51:02 - [TEST_STEP][PASSED] - delay: Delayed 1 second(s)

2018-06-10 19:51:03 - [MESSAGE][PASSED] - Delayed 1 second(s)

2018-06-10 19:51:03 - [TEST_STEP][PASSED] - setText: Text '10' is set on object 'Object Repository/Emergency/Page_Store/input_txtqty'

2018-06-10 19:51:03 - [MESSAGE][PASSED] - Text '10' is set on object 'Object Repository/Emergency/Page_Store/input_txtqty'

2018-06-10 19:51:03 - [TEST_STEP][PASSED] - click: Object: 'Object Repository/Emergency/Page_Store/button_Add' is clicked on

2018-06-10 19:51:03 - [MESSAGE][PASSED] - Object: 'Object Repository/Emergency/Page_Store/button_Add' is clicked on

2018-06-10 19:51:03 - [TEST_STEP][PASSED] - Statement - Break: null

2018-06-10 19:51:03 - [TEST_STEP][PASSED] - selectOptionByIndex: All options with index in [11] are selected on object 'Object Repository/Emergency/Page_Store/select_--Select--Amikacin -500'

2018-06-10 19:51:03 - [MESSAGE][PASSED] - All options with index in [11] are selected on object 'Object Repository/Emergency/Page_Store/select_--Select--Amikacin -500'

2018-06-10 19:51:03 - [TEST_STEP][PASSED] - delay: Delayed 2 second(s)

2018-06-10 19:51:05 - [MESSAGE][PASSED] - Delayed 2 second(s)

2018-06-10 19:51:05 - [TEST_STEP][PASSED] - Statement - RequestedQty = com.kms.katalon.core.webui.keyword.WebUiBuiltInKeywords.getAttribute(com.kms.katalon.core.testobject.ObjectRepository.findTestObject(Emergency/Page_Store/input_txttotal), "value"): Attribute 'value' of object 'Object Repository/Emergency/Page_Store/input_txttotal' is: '10'

2018-06-10 19:51:05 - [MESSAGE][PASSED] - Attribute 'value' of object 'Object Repository/Emergency/Page_Store/input_txttotal' is: '10'

2018-06-10 19:51:05 - [TEST_STEP][PASSED] - Statement - out.println("Requested QTY : " + RequestedQty): null

2018-06-10 19:51:05 - [TEST_STEP][PASSED] - Statement - BatchNumber = com.kms.katalon.core.webui.keyword.WebUiBuiltInKeywords.getNumberOfTotalOption(com.kms.katalon.core.testobject.ObjectRepository.findTestObject(Emergency/Page_Store/select_--Select--BA1150BA4110)): 4 options of object 'Object Repository/Emergency/Page_Store/select_--Select--BA1150BA4110' counted

2018-06-10 19:51:05 - [MESSAGE][PASSED] - 4 options of object 'Object Repository/Emergency/Page_Store/select_--Select--BA1150BA4110' counted

2018-06-10 19:51:05 - [TEST_STEP][PASSED] - Statement - For ([g = 1, g <= BatchNumber - 1, (g++)]): null

2018-06-10 19:51:05 - [TEST_STEP][PASSED] - selectOptionByIndex: All options with index in [1] are selected on object 'Object Repository/Emergency/Page_Store/select_--Select--BA1150BA4110'

2018-06-10 19:51:05 - [MESSAGE][PASSED] - All options with index in [1] are selected on object 'Object Repository/Emergency/Page_Store/select_--Select--BA1150BA4110'

2018-06-10 19:51:05 - [TEST_STEP][PASSED] - delay: Delayed 2 second(s)

2018-06-10 19:51:07 - [MESSAGE][PASSED] - Delayed 2 second(s)

2018-06-10 19:51:07 - [TEST_STEP][PASSED] - Statement - Try: null

2018-06-10 19:51:07 - [TEST_STEP][PASSED] - Statement - StockQty = com.kms.katalon.core.webui.keyword.WebUiBuiltInKeywords.getAttribute(com.kms.katalon.core.testobject.ObjectRepository.findTestObject(Emergency/Page_Store/input_txtprice), "value"): Attribute 'value' of object 'Object Repository/Emergency/Page_Store/input_txtprice' is: '530'

2018-06-10 19:51:07 - [MESSAGE][PASSED] - Attribute 'value' of object 'Object Repository/Emergency/Page_Store/input_txtprice' is: '530'

2018-06-10 19:51:07 - [TEST_STEP][PASSED] - Statement - out.println("Stock QTY : " + StockQty): null

2018-06-10 19:51:07 - [TEST_STEP][PASSED] - delay: Delayed 2 second(s)

2018-06-10 19:51:09 - [MESSAGE][PASSED] - Delayed 2 second(s)

2018-06-10 19:51:09 - [TEST_STEP][PASSED] - Statement - If (java.lang.Integer.valueOf(StockQty) >= java.lang.Integer.valueOf(RequestedQty)): null

2018-06-10 19:51:09 - [TEST_STEP][PASSED] - delay: Delayed 1 second(s)

2018-06-10 19:51:10 - [MESSAGE][PASSED] - Delayed 1 second(s)

2018-06-10 19:51:10 - [TEST_STEP][PASSED] - setText: Text '10' is set on object 'Object Repository/Emergency/Page_Store/input_txtqty'

2018-06-10 19:51:11 - [MESSAGE][PASSED] - Text '10' is set on object 'Object Repository/Emergency/Page_Store/input_txtqty'

2018-06-10 19:51:11 - [TEST_STEP][PASSED] - click: Object: 'Object Repository/Emergency/Page_Store/button_Add' is clicked on

2018-06-10 19:51:11 - [MESSAGE][PASSED] - Object: 'Object Repository/Emergency/Page_Store/button_Add' is clicked on

2018-06-10 19:51:11 - [TEST_STEP][PASSED] - Statement - Break: null

2018-06-10 19:51:11 - [TEST_STEP][PASSED] - selectOptionByIndex: All options with index in [12] are selected on object 'Object Repository/Emergency/Page_Store/select_--Select--Amikacin -500'

2018-06-10 19:51:11 - [MESSAGE][PASSED] - All options with index in [12] are selected on object 'Object Repository/Emergency/Page_Store/select_--Select--Amikacin -500'

2018-06-10 19:51:11 - [TEST_STEP][PASSED] - delay: Delayed 2 second(s)

2018-06-10 19:51:13 - [MESSAGE][PASSED] - Delayed 2 second(s)

2018-06-10 19:51:13 - [TEST_STEP][PASSED] - Statement - RequestedQty = com.kms.katalon.core.webui.keyword.WebUiBuiltInKeywords.getAttribute(com.kms.katalon.core.testobject.ObjectRepository.findTestObject(Emergency/Page_Store/input_txttotal), "value"): Attribute 'value' of object 'Object Repository/Emergency/Page_Store/input_txttotal' is: '10'

2018-06-10 19:51:13 - [MESSAGE][PASSED] - Attribute 'value' of object 'Object Repository/Emergency/Page_Store/input_txttotal' is: '10'

2018-06-10 19:51:13 - [TEST_STEP][PASSED] - Statement - out.println("Requested QTY : " + RequestedQty): null

2018-06-10 19:51:13 - [TEST_STEP][PASSED] - Statement - BatchNumber = com.kms.katalon.core.webui.keyword.WebUiBuiltInKeywords.getNumberOfTotalOption(com.kms.katalon.core.testobject.ObjectRepository.findTestObject(Emergency/Page_Store/select_--Select--BA1150BA4110)): 2 options of object 'Object Repository/Emergency/Page_Store/select_--Select--BA1150BA4110' counted

2018-06-10 19:51:13 - [MESSAGE][PASSED] - 2 options of object 'Object Repository/Emergency/Page_Store/select_--Select--BA1150BA4110' counted

2018-06-10 19:51:13 - [TEST_STEP][PASSED] - Statement - For ([g = 1, g <= BatchNumber - 1, (g++)]): null

2018-06-10 19:51:13 - [TEST_STEP][PASSED] - selectOptionByIndex: All options with index in [1] are selected on object 'Object Repository/Emergency/Page_Store/select_--Select--BA1150BA4110'

2018-06-10 19:51:13 - [MESSAGE][PASSED] - All options with index in [1] are selected on object 'Object Repository/Emergency/Page_Store/select_--Select--BA1150BA4110'

2018-06-10 19:51:13 - [TEST_STEP][PASSED] - delay: Delayed 2 second(s)

2018-06-10 19:51:15 - [MESSAGE][PASSED] - Delayed 2 second(s)

2018-06-10 19:51:15 - [TEST_STEP][PASSED] - Statement - Try: null

2018-06-10 19:51:15 - [TEST_STEP][PASSED] - Statement - StockQty = com.kms.katalon.core.webui.keyword.WebUiBuiltInKeywords.getAttribute(com.kms.katalon.core.testobject.ObjectRepository.findTestObject(Emergency/Page_Store/input_txtprice), "value"): Attribute 'value' of object 'Object Repository/Emergency/Page_Store/input_txtprice' is: '2090'

2018-06-10 19:51:15 - [MESSAGE][PASSED] - Attribute 'value' of object 'Object Repository/Emergency/Page_Store/input_txtprice' is: '2090'

2018-06-10 19:51:15 - [TEST_STEP][PASSED] - Statement - out.println("Stock QTY : " + StockQty): null

2018-06-10 19:51:15 - [TEST_STEP][PASSED] - delay: Delayed 2 second(s)

2018-06-10 19:51:17 - [MESSAGE][PASSED] - Delayed 2 second(s)

2018-06-10 19:51:17 - [TEST_STEP][PASSED] - Statement - If (java.lang.Integer.valueOf(StockQty) >= java.lang.Integer.valueOf(RequestedQty)): null

2018-06-10 19:51:17 - [TEST_STEP][PASSED] - delay: Delayed 1 second(s)

2018-06-10 19:51:18 - [MESSAGE][PASSED] - Delayed 1 second(s)

2018-06-10 19:51:18 - [TEST_STEP][PASSED] - setText: Text '10' is set on object 'Object Repository/Emergency/Page_Store/input_txtqty'

2018-06-10 19:51:18 - [MESSAGE][PASSED] - Text '10' is set on object 'Object Repository/Emergency/Page_Store/input_txtqty'

2018-06-10 19:51:18 - [TEST_STEP][PASSED] - click: Object: 'Object Repository/Emergency/Page_Store/button_Add' is clicked on

2018-06-10 19:51:18 - [MESSAGE][PASSED] - Object: 'Object Repository/Emergency/Page_Store/button_Add' is clicked on

2018-06-10 19:51:18 - [TEST_STEP][PASSED] - Statement - Break: null

2018-06-10 19:51:18 - [TEST_STEP][PASSED] - selectOptionByIndex: All options with index in [13] are selected on object 'Object Repository/Emergency/Page_Store/select_--Select--Amikacin -500'

2018-06-10 19:51:18 - [MESSAGE][PASSED] - All options with index in [13] are selected on object 'Object Repository/Emergency/Page_Store/select_--Select--Amikacin -500'

2018-06-10 19:51:18 - [TEST_STEP][PASSED] - delay: Delayed 2 second(s)

2018-06-10 19:51:20 - [MESSAGE][PASSED] - Delayed 2 second(s)

2018-06-10 19:51:20 - [TEST_STEP][PASSED] - Statement - RequestedQty = com.kms.katalon.core.webui.keyword.WebUiBuiltInKeywords.getAttribute(com.kms.katalon.core.testobject.ObjectRepository.findTestObject(Emergency/Page_Store/input_txttotal), "value"): Attribute 'value' of object 'Object Repository/Emergency/Page_Store/input_txttotal' is: '10'

2018-06-10 19:51:20 - [MESSAGE][PASSED] - Attribute 'value' of object 'Object Repository/Emergency/Page_Store/input_txttotal' is: '10'

2018-06-10 19:51:20 - [TEST_STEP][PASSED] - Statement - out.println("Requested QTY : " + RequestedQty): null

2018-06-10 19:51:20 - [TEST_STEP][PASSED] - Statement - BatchNumber = com.kms.katalon.core.webui.keyword.WebUiBuiltInKeywords.getNumberOfTotalOption(com.kms.katalon.core.testobject.ObjectRepository.findTestObject(Emergency/Page_Store/select_--Select--BA1150BA4110)): 3 options of object 'Object Repository/Emergency/Page_Store/select_--Select--BA1150BA4110' counted

2018-06-10 19:51:20 - [MESSAGE][PASSED] - 3 options of object 'Object Repository/Emergency/Page_Store/select_--Select--BA1150BA4110' counted

2018-06-10 19:51:20 - [TEST_STEP][PASSED] - Statement - For ([g = 1, g <= BatchNumber - 1, (g++)]): null

2018-06-10 19:51:20 - [TEST_STEP][PASSED] - selectOptionByIndex: All options with index in [1] are selected on object 'Object Repository/Emergency/Page_Store/select_--Select--BA1150BA4110'

2018-06-10 19:51:21 - [MESSAGE][PASSED] - All options with index in [1] are selected on object 'Object Repository/Emergency/Page_Store/select_--Select--BA1150BA4110'

2018-06-10 19:51:21 - [TEST_STEP][PASSED] - delay: Delayed 2 second(s)

2018-06-10 19:51:23 - [MESSAGE][PASSED] - Delayed 2 second(s)

2018-06-10 19:51:23 - [TEST_STEP][PASSED] - Statement - Try: null

2018-06-10 19:51:23 - [TEST_STEP][PASSED] - Statement - StockQty = com.kms.katalon.core.webui.keyword.WebUiBuiltInKeywords.getAttribute(com.kms.katalon.core.testobject.ObjectRepository.findTestObject(Emergency/Page_Store/input_txtprice), "value"): Attribute 'value' of object 'Object Repository/Emergency/Page_Store/input_txtprice' is: '1070'

2018-06-10 19:51:23 - [MESSAGE][PASSED] - Attribute 'value' of object 'Object Repository/Emergency/Page_Store/input_txtprice' is: '1070'

2018-06-10 19:51:23 - [TEST_STEP][PASSED] - Statement - out.println("Stock QTY : " + StockQty): null

2018-06-10 19:51:23 - [TEST_STEP][PASSED] - delay: Delayed 2 second(s)

2018-06-10 19:51:25 - [MESSAGE][PASSED] - Delayed 2 second(s)

2018-06-10 19:51:25 - [TEST_STEP][PASSED] - Statement - If (java.lang.Integer.valueOf(StockQty) >= java.lang.Integer.valueOf(RequestedQty)): null

2018-06-10 19:51:25 - [TEST_STEP][PASSED] - delay: Delayed 1 second(s)

2018-06-10 19:51:26 - [MESSAGE][PASSED] - Delayed 1 second(s)

2018-06-10 19:51:26 - [TEST_STEP][PASSED] - setText: Text '10' is set on object 'Object Repository/Emergency/Page_Store/input_txtqty'

2018-06-10 19:51:26 - [MESSAGE][PASSED] - Text '10' is set on object 'Object Repository/Emergency/Page_Store/input_txtqty'

2018-06-10 19:51:26 - [TEST_STEP][PASSED] - click: Object: 'Object Repository/Emergency/Page_Store/button_Add' is clicked on

2018-06-10 19:51:26 - [MESSAGE][PASSED] - Object: 'Object Repository/Emergency/Page_Store/button_Add' is clicked on

2018-06-10 19:51:26 - [TEST_STEP][PASSED] - Statement - Break: null

2018-06-10 19:51:26 - [TEST_STEP][PASSED] - selectOptionByIndex: All options with index in [14] are selected on object 'Object Repository/Emergency/Page_Store/select_--Select--Amikacin -500'

2018-06-10 19:51:26 - [MESSAGE][PASSED] - All options with index in [14] are selected on object 'Object Repository/Emergency/Page_Store/select_--Select--Amikacin -500'

2018-06-10 19:51:26 - [TEST_STEP][PASSED] - delay: Delayed 2 second(s)

2018-06-10 19:51:28 - [MESSAGE][PASSED] - Delayed 2 second(s)

2018-06-10 19:51:28 - [TEST_STEP][PASSED] - Statement - RequestedQty = com.kms.katalon.core.webui.keyword.WebUiBuiltInKeywords.getAttribute(com.kms.katalon.core.testobject.ObjectRepository.findTestObject(Emergency/Page_Store/input_txttotal), "value"): Attribute 'value' of object 'Object Repository/Emergency/Page_Store/input_txttotal' is: '10'

2018-06-10 19:51:28 - [MESSAGE][PASSED] - Attribute 'value' of object 'Object Repository/Emergency/Page_Store/input_txttotal' is: '10'

2018-06-10 19:51:28 - [TEST_STEP][PASSED] - Statement - out.println("Requested QTY : " + RequestedQty): null

2018-06-10 19:51:28 - [TEST_STEP][PASSED] - Statement - BatchNumber = com.kms.katalon.core.webui.keyword.WebUiBuiltInKeywords.getNumberOfTotalOption(com.kms.katalon.core.testobject.ObjectRepository.findTestObject(Emergency/Page_Store/select_--Select--BA1150BA4110)): 3 options of object 'Object Repository/Emergency/Page_Store/select_--Select--BA1150BA4110' counted

2018-06-10 19:51:28 - [MESSAGE][PASSED] - 3 options of object 'Object Repository/Emergency/Page_Store/select_--Select--BA1150BA4110' counted

2018-06-10 19:51:28 - [TEST_STEP][PASSED] - Statement - For ([g = 1, g <= BatchNumber - 1, (g++)]): null

2018-06-10 19:51:28 - [TEST_STEP][PASSED] - selectOptionByIndex: All options with index in [1] are selected on object 'Object Repository/Emergency/Page_Store/select_--Select--BA1150BA4110'

2018-06-10 19:51:28 - [MESSAGE][PASSED] - All options with index in [1] are selected on object 'Object Repository/Emergency/Page_Store/select_--Select--BA1150BA4110'

2018-06-10 19:51:28 - [TEST_STEP][PASSED] - delay: Delayed 2 second(s)

2018-06-10 19:51:30 - [MESSAGE][PASSED] - Delayed 2 second(s)

2018-06-10 19:51:30 - [TEST_STEP][PASSED] - Statement - Try: null

2018-06-10 19:51:30 - [TEST_STEP][PASSED] - Statement - StockQty = com.kms.katalon.core.webui.keyword.WebUiBuiltInKeywords.getAttribute(com.kms.katalon.core.testobject.ObjectRepository.findTestObject(Emergency/Page_Store/input_txtprice), "value"): Attribute 'value' of object 'Object Repository/Emergency/Page_Store/input_txtprice' is: '1990'

2018-06-10 19:51:30 - [MESSAGE][PASSED] - Attribute 'value' of object 'Object Repository/Emergency/Page_Store/input_txtprice' is: '1990'

2018-06-10 19:51:30 - [TEST_STEP][PASSED] - Statement - out.println("Stock QTY : " + StockQty): null

2018-06-10 19:51:30 - [TEST_STEP][PASSED] - delay: Delayed 2 second(s)

2018-06-10 19:51:32 - [MESSAGE][PASSED] - Delayed 2 second(s)

2018-06-10 19:51:32 - [TEST_STEP][PASSED] - Statement - If (java.lang.Integer.valueOf(StockQty) >= java.lang.Integer.valueOf(RequestedQty)): null

2018-06-10 19:51:32 - [TEST_STEP][PASSED] - delay: Delayed 1 second(s)

2018-06-10 19:51:33 - [MESSAGE][PASSED] - Delayed 1 second(s)

2018-06-10 19:51:33 - [TEST_STEP][PASSED] - setText: Text '10' is set on object 'Object Repository/Emergency/Page_Store/input_txtqty'

2018-06-10 19:51:33 - [MESSAGE][PASSED] - Text '10' is set on object 'Object Repository/Emergency/Page_Store/input_txtqty'

2018-06-10 19:51:33 - [TEST_STEP][PASSED] - click: Object: 'Object Repository/Emergency/Page_Store/button_Add' is clicked on

2018-06-10 19:51:33 - [MESSAGE][PASSED] - Object: 'Object Repository/Emergency/Page_Store/button_Add' is clicked on

2018-06-10 19:51:33 - [TEST_STEP][PASSED] - Statement - Break: null

2018-06-10 19:51:33 - [TEST_STEP][PASSED] - selectOptionByIndex: All options with index in [15] are selected on object 'Object Repository/Emergency/Page_Store/select_--Select--Amikacin -500'

2018-06-10 19:51:34 - [MESSAGE][PASSED] - All options with index in [15] are selected on object 'Object Repository/Emergency/Page_Store/select_--Select--Amikacin -500'

2018-06-10 19:51:34 - [TEST_STEP][PASSED] - delay: Delayed 2 second(s)

2018-06-10 19:51:36 - [MESSAGE][PASSED] - Delayed 2 second(s)

2018-06-10 19:51:36 - [TEST_STEP][PASSED] - Statement - RequestedQty = com.kms.katalon.core.webui.keyword.WebUiBuiltInKeywords.getAttribute(com.kms.katalon.core.testobject.ObjectRepository.findTestObject(Emergency/Page_Store/input_txttotal), "value"): Attribute 'value' of object 'Object Repository/Emergency/Page_Store/input_txttotal' is: '10'

2018-06-10 19:51:36 - [MESSAGE][PASSED] - Attribute 'value' of object 'Object Repository/Emergency/Page_Store/input_txttotal' is: '10'

2018-06-10 19:51:36 - [TEST_STEP][PASSED] - Statement - out.println("Requested QTY : " + RequestedQty): null

2018-06-10 19:51:36 - [TEST_STEP][PASSED] - Statement - BatchNumber = com.kms.katalon.core.webui.keyword.WebUiBuiltInKeywords.getNumberOfTotalOption(com.kms.katalon.core.testobject.ObjectRepository.findTestObject(Emergency/Page_Store/select_--Select--BA1150BA4110)): 4 options of object 'Object Repository/Emergency/Page_Store/select_--Select--BA1150BA4110' counted

2018-06-10 19:51:36 - [MESSAGE][PASSED] - 4 options of object 'Object Repository/Emergency/Page_Store/select_--Select--BA1150BA4110' counted

2018-06-10 19:51:36 - [TEST_STEP][PASSED] - Statement - For ([g = 1, g <= BatchNumber - 1, (g++)]): null

2018-06-10 19:51:36 - [TEST_STEP][PASSED] - selectOptionByIndex: All options with index in [1] are selected on object 'Object Repository/Emergency/Page_Store/select_--Select--BA1150BA4110'

2018-06-10 19:51:36 - [MESSAGE][PASSED] - All options with index in [1] are selected on object 'Object Repository/Emergency/Page_Store/select_--Select--BA1150BA4110'

2018-06-10 19:51:36 - [TEST_STEP][PASSED] - delay: Delayed 2 second(s)

2018-06-10 19:51:38 - [MESSAGE][PASSED] - Delayed 2 second(s)

2018-06-10 19:51:38 - [TEST_STEP][PASSED] - Statement - Try: null

2018-06-10 19:51:38 - [TEST_STEP][PASSED] - Statement - StockQty = com.kms.katalon.core.webui.keyword.WebUiBuiltInKeywords.getAttribute(com.kms.katalon.core.testobject.ObjectRepository.findTestObject(Emergency/Page_Store/input_txtprice), "value"): Attribute 'value' of object 'Object Repository/Emergency/Page_Store/input_txtprice' is: '1080'

2018-06-10 19:51:38 - [MESSAGE][PASSED] - Attribute 'value' of object 'Object Repository/Emergency/Page_Store/input_txtprice' is: '1080'

2018-06-10 19:51:38 - [TEST_STEP][PASSED] - Statement - out.println("Stock QTY : " + StockQty): null

2018-06-10 19:51:38 - [TEST_STEP][PASSED] - delay: Delayed 2 second(s)

2018-06-10 19:51:40 - [MESSAGE][PASSED] - Delayed 2 second(s)

2018-06-10 19:51:40 - [TEST_STEP][PASSED] - Statement - If (java.lang.Integer.valueOf(StockQty) >= java.lang.Integer.valueOf(RequestedQty)): null

2018-06-10 19:51:40 - [TEST_STEP][PASSED] - delay: Delayed 1 second(s)

2018-06-10 19:51:41 - [MESSAGE][PASSED] - Delayed 1 second(s)

2018-06-10 19:51:41 - [TEST_STEP][PASSED] - setText: Text '10' is set on object 'Object Repository/Emergency/Page_Store/input_txtqty'

2018-06-10 19:51:41 - [MESSAGE][PASSED] - Text '10' is set on object 'Object Repository/Emergency/Page_Store/input_txtqty'

2018-06-10 19:51:41 - [TEST_STEP][PASSED] - click: Object: 'Object Repository/Emergency/Page_Store/button_Add' is clicked on

2018-06-10 19:51:41 - [MESSAGE][PASSED] - Object: 'Object Repository/Emergency/Page_Store/button_Add' is clicked on

2018-06-10 19:51:41 - [TEST_STEP][PASSED] - Statement - Break: null

2018-06-10 19:51:41 - [TEST_STEP][PASSED] - selectOptionByIndex: All options with index in [16] are selected on object 'Object Repository/Emergency/Page_Store/select_--Select--Amikacin -500'

2018-06-10 19:51:41 - [MESSAGE][PASSED] - All options with index in [16] are selected on object 'Object Repository/Emergency/Page_Store/select_--Select--Amikacin -500'

2018-06-10 19:51:41 - [TEST_STEP][PASSED] - delay: Delayed 2 second(s)

2018-06-10 19:51:43 - [MESSAGE][PASSED] - Delayed 2 second(s)

2018-06-10 19:51:43 - [TEST_STEP][PASSED] - Statement - RequestedQty = com.kms.katalon.core.webui.keyword.WebUiBuiltInKeywords.getAttribute(com.kms.katalon.core.testobject.ObjectRepository.findTestObject(Emergency/Page_Store/input_txttotal), "value"): Attribute 'value' of object 'Object Repository/Emergency/Page_Store/input_txttotal' is: '10'

2018-06-10 19:51:43 - [MESSAGE][PASSED] - Attribute 'value' of object 'Object Repository/Emergency/Page_Store/input_txttotal' is: '10'

2018-06-10 19:51:43 - [TEST_STEP][PASSED] - Statement - out.println("Requested QTY : " + RequestedQty): null

2018-06-10 19:51:43 - [TEST_STEP][PASSED] - Statement - BatchNumber = com.kms.katalon.core.webui.keyword.WebUiBuiltInKeywords.getNumberOfTotalOption(com.kms.katalon.core.testobject.ObjectRepository.findTestObject(Emergency/Page_Store/select_--Select--BA1150BA4110)): 4 options of object 'Object Repository/Emergency/Page_Store/select_--Select--BA1150BA4110' counted

2018-06-10 19:51:44 - [MESSAGE][PASSED] - 4 options of object 'Object Repository/Emergency/Page_Store/select_--Select--BA1150BA4110' counted

2018-06-10 19:51:44 - [TEST_STEP][PASSED] - Statement - For ([g = 1, g <= BatchNumber - 1, (g++)]): null

2018-06-10 19:51:44 - [TEST_STEP][PASSED] - selectOptionByIndex: All options with index in [1] are selected on object 'Object Repository/Emergency/Page_Store/select_--Select--BA1150BA4110'

2018-06-10 19:51:44 - [MESSAGE][PASSED] - All options with index in [1] are selected on object 'Object Repository/Emergency/Page_Store/select_--Select--BA1150BA4110'

2018-06-10 19:51:44 - [TEST_STEP][PASSED] - delay: Delayed 2 second(s)

2018-06-10 19:51:46 - [MESSAGE][PASSED] - Delayed 2 second(s)

2018-06-10 19:51:46 - [TEST_STEP][PASSED] - Statement - Try: null

2018-06-10 19:51:46 - [TEST_STEP][PASSED] - Statement - StockQty = com.kms.katalon.core.webui.keyword.WebUiBuiltInKeywords.getAttribute(com.kms.katalon.core.testobject.ObjectRepository.findTestObject(Emergency/Page_Store/input_txtprice), "value"): Attribute 'value' of object 'Object Repository/Emergency/Page_Store/input_txtprice' is: '340'

2018-06-10 19:51:46 - [MESSAGE][PASSED] - Attribute 'value' of object 'Object Repository/Emergency/Page_Store/input_txtprice' is: '340'

2018-06-10 19:51:46 - [TEST_STEP][PASSED] - Statement - out.println("Stock QTY : " + StockQty): null

2018-06-10 19:51:46 - [TEST_STEP][PASSED] - delay: Delayed 2 second(s)

2018-06-10 19:51:48 - [MESSAGE][PASSED] - Delayed 2 second(s)

2018-06-10 19:51:48 - [TEST_STEP][PASSED] - Statement - If (java.lang.Integer.valueOf(StockQty) >= java.lang.Integer.valueOf(RequestedQty)): null

2018-06-10 19:51:48 - [TEST_STEP][PASSED] - delay: Delayed 1 second(s)

2018-06-10 19:51:49 - [MESSAGE][PASSED] - Delayed 1 second(s)

2018-06-10 19:51:49 - [TEST_STEP][PASSED] - setText: Text '10' is set on object 'Object Repository/Emergency/Page_Store/input_txtqty'

2018-06-10 19:51:49 - [MESSAGE][PASSED] - Text '10' is set on object 'Object Repository/Emergency/Page_Store/input_txtqty'

2018-06-10 19:51:49 - [TEST_STEP][PASSED] - click: Object: 'Object Repository/Emergency/Page_Store/button_Add' is clicked on

2018-06-10 19:51:49 - [MESSAGE][PASSED] - Object: 'Object Repository/Emergency/Page_Store/button_Add' is clicked on

2018-06-10 19:51:49 - [TEST_STEP][PASSED] - Statement - Break: null

2018-06-10 19:51:49 - [TEST_STEP][PASSED] - selectOptionByIndex: All options with index in [17] are selected on object 'Object Repository/Emergency/Page_Store/select_--Select--Amikacin -500'

2018-06-10 19:51:49 - [MESSAGE][PASSED] - All options with index in [17] are selected on object 'Object Repository/Emergency/Page_Store/select_--Select--Amikacin -500'

2018-06-10 19:51:49 - [TEST_STEP][PASSED] - delay: Delayed 2 second(s)

2018-06-10 19:51:51 - [MESSAGE][PASSED] - Delayed 2 second(s)

2018-06-10 19:51:51 - [TEST_STEP][PASSED] - Statement - RequestedQty = com.kms.katalon.core.webui.keyword.WebUiBuiltInKeywords.getAttribute(com.kms.katalon.core.testobject.ObjectRepository.findTestObject(Emergency/Page_Store/input_txttotal), "value"): Attribute 'value' of object 'Object Repository/Emergency/Page_Store/input_txttotal' is: '10'

2018-06-10 19:51:51 - [MESSAGE][PASSED] - Attribute 'value' of object 'Object Repository/Emergency/Page_Store/input_txttotal' is: '10'

2018-06-10 19:51:51 - [TEST_STEP][PASSED] - Statement - out.println("Requested QTY : " + RequestedQty): null

2018-06-10 19:51:51 - [TEST_STEP][PASSED] - Statement - BatchNumber = com.kms.katalon.core.webui.keyword.WebUiBuiltInKeywords.getNumberOfTotalOption(com.kms.katalon.core.testobject.ObjectRepository.findTestObject(Emergency/Page_Store/select_--Select--BA1150BA4110)): 3 options of object 'Object Repository/Emergency/Page_Store/select_--Select--BA1150BA4110' counted

2018-06-10 19:51:51 - [MESSAGE][PASSED] - 3 options of object 'Object Repository/Emergency/Page_Store/select_--Select--BA1150BA4110' counted

2018-06-10 19:51:51 - [TEST_STEP][PASSED] - Statement - For ([g = 1, g <= BatchNumber - 1, (g++)]): null

2018-06-10 19:51:51 - [TEST_STEP][PASSED] - selectOptionByIndex: All options with index in [1] are selected on object 'Object Repository/Emergency/Page_Store/select_--Select--BA1150BA4110'

2018-06-10 19:51:51 - [MESSAGE][PASSED] - All options with index in [1] are selected on object 'Object Repository/Emergency/Page_Store/select_--Select--BA1150BA4110'

2018-06-10 19:51:51 - [TEST_STEP][PASSED] - delay: Delayed 2 second(s)

2018-06-10 19:51:53 - [MESSAGE][PASSED] - Delayed 2 second(s)

2018-06-10 19:51:53 - [TEST_STEP][PASSED] - Statement - Try: null

2018-06-10 19:51:53 - [TEST_STEP][PASSED] - Statement - StockQty = com.kms.katalon.core.webui.keyword.WebUiBuiltInKeywords.getAttribute(com.kms.katalon.core.testobject.ObjectRepository.findTestObject(Emergency/Page_Store/input_txtprice), "value"): Attribute 'value' of object 'Object Repository/Emergency/Page_Store/input_txtprice' is: '1070'

2018-06-10 19:51:53 - [MESSAGE][PASSED] - Attribute 'value' of object 'Object Repository/Emergency/Page_Store/input_txtprice' is: '1070'

2018-06-10 19:51:53 - [TEST_STEP][PASSED] - Statement - out.println("Stock QTY : " + StockQty): null

2018-06-10 19:51:53 - [TEST_STEP][PASSED] - delay: Delayed 2 second(s)

2018-06-10 19:51:55 - [MESSAGE][PASSED] - Delayed 2 second(s)

2018-06-10 19:51:55 - [TEST_STEP][PASSED] - Statement - If (java.lang.Integer.valueOf(StockQty) >= java.lang.Integer.valueOf(RequestedQty)): null

2018-06-10 19:51:55 - [TEST_STEP][PASSED] - delay: Delayed 1 second(s)

2018-06-10 19:51:56 - [MESSAGE][PASSED] - Delayed 1 second(s)

2018-06-10 19:51:56 - [TEST_STEP][PASSED] - setText: Text '10' is set on object 'Object Repository/Emergency/Page_Store/input_txtqty'

2018-06-10 19:51:57 - [MESSAGE][PASSED] - Text '10' is set on object 'Object Repository/Emergency/Page_Store/input_txtqty'

2018-06-10 19:51:57 - [TEST_STEP][PASSED] - click: Object: 'Object Repository/Emergency/Page_Store/button_Add' is clicked on

2018-06-10 19:51:57 - [MESSAGE][PASSED] - Object: 'Object Repository/Emergency/Page_Store/button_Add' is clicked on

2018-06-10 19:51:57 - [TEST_STEP][PASSED] - Statement - Break: null

2018-06-10 19:51:57 - [TEST_STEP][PASSED] - selectOptionByIndex: All options with index in [18] are selected on object 'Object Repository/Emergency/Page_Store/select_--Select--Amikacin -500'

2018-06-10 19:51:57 - [MESSAGE][PASSED] - All options with index in [18] are selected on object 'Object Repository/Emergency/Page_Store/select_--Select--Amikacin -500'

2018-06-10 19:51:57 - [TEST_STEP][PASSED] - delay: Delayed 2 second(s)

2018-06-10 19:51:59 - [MESSAGE][PASSED] - Delayed 2 second(s)

2018-06-10 19:51:59 - [TEST_STEP][PASSED] - Statement - RequestedQty = com.kms.katalon.core.webui.keyword.WebUiBuiltInKeywords.getAttribute(com.kms.katalon.core.testobject.ObjectRepository.findTestObject(Emergency/Page_Store/input_txttotal), "value"): Attribute 'value' of object 'Object Repository/Emergency/Page_Store/input_txttotal' is: '10'

2018-06-10 19:51:59 - [MESSAGE][PASSED] - Attribute 'value' of object 'Object Repository/Emergency/Page_Store/input_txttotal' is: '10'

2018-06-10 19:51:59 - [TEST_STEP][PASSED] - Statement - out.println("Requested QTY : " + RequestedQty): null

2018-06-10 19:51:59 - [TEST_STEP][PASSED] - Statement - BatchNumber = com.kms.katalon.core.webui.keyword.WebUiBuiltInKeywords.getNumberOfTotalOption(com.kms.katalon.core.testobject.ObjectRepository.findTestObject(Emergency/Page_Store/select_--Select--BA1150BA4110)): 4 options of object 'Object Repository/Emergency/Page_Store/select_--Select--BA1150BA4110' counted

2018-06-10 19:51:59 - [MESSAGE][PASSED] - 4 options of object 'Object Repository/Emergency/Page_Store/select_--Select--BA1150BA4110' counted

2018-06-10 19:51:59 - [TEST_STEP][PASSED] - Statement - For ([g = 1, g <= BatchNumber - 1, (g++)]): null

2018-06-10 19:51:59 - [TEST_STEP][PASSED] - selectOptionByIndex: All options with index in [1] are selected on object 'Object Repository/Emergency/Page_Store/select_--Select--BA1150BA4110'

2018-06-10 19:51:59 - [MESSAGE][PASSED] - All options with index in [1] are selected on object 'Object Repository/Emergency/Page_Store/select_--Select--BA1150BA4110'

2018-06-10 19:51:59 - [TEST_STEP][PASSED] - delay: Delayed 2 second(s)

2018-06-10 19:52:01 - [MESSAGE][PASSED] - Delayed 2 second(s)

2018-06-10 19:52:01 - [TEST_STEP][PASSED] - Statement - Try: null

2018-06-10 19:52:01 - [TEST_STEP][PASSED] - Statement - StockQty = com.kms.katalon.core.webui.keyword.WebUiBuiltInKeywords.getAttribute(com.kms.katalon.core.testobject.ObjectRepository.findTestObject(Emergency/Page_Store/input_txtprice), "value"): Attribute 'value' of object 'Object Repository/Emergency/Page_Store/input_txtprice' is: '340'

2018-06-10 19:52:01 - [MESSAGE][PASSED] - Attribute 'value' of object 'Object Repository/Emergency/Page_Store/input_txtprice' is: '340'

2018-06-10 19:52:01 - [TEST_STEP][PASSED] - Statement - out.println("Stock QTY : " + StockQty): null

2018-06-10 19:52:01 - [TEST_STEP][PASSED] - delay: Delayed 2 second(s)

2018-06-10 19:52:03 - [MESSAGE][PASSED] - Delayed 2 second(s)

2018-06-10 19:52:03 - [TEST_STEP][PASSED] - Statement - If (java.lang.Integer.valueOf(StockQty) >= java.lang.Integer.valueOf(RequestedQty)): null

2018-06-10 19:52:03 - [TEST_STEP][PASSED] - delay: Delayed 1 second(s)

2018-06-10 19:52:04 - [MESSAGE][PASSED] - Delayed 1 second(s)

2018-06-10 19:52:04 - [TEST_STEP][PASSED] - setText: Text '10' is set on object 'Object Repository/Emergency/Page_Store/input_txtqty'

2018-06-10 19:52:04 - [MESSAGE][PASSED] - Text '10' is set on object 'Object Repository/Emergency/Page_Store/input_txtqty'

2018-06-10 19:52:04 - [TEST_STEP][PASSED] - click: Object: 'Object Repository/Emergency/Page_Store/button_Add' is clicked on

2018-06-10 19:52:04 - [MESSAGE][PASSED] - Object: 'Object Repository/Emergency/Page_Store/button_Add' is clicked on

2018-06-10 19:52:04 - [TEST_STEP][PASSED] - Statement - Break: null

2018-06-10 19:52:04 - [TEST_STEP][PASSED] - selectOptionByIndex: All options with index in [19] are selected on object 'Object Repository/Emergency/Page_Store/select_--Select--Amikacin -500'

2018-06-10 19:52:05 - [MESSAGE][PASSED] - All options with index in [19] are selected on object 'Object Repository/Emergency/Page_Store/select_--Select--Amikacin -500'

2018-06-10 19:52:05 - [TEST_STEP][PASSED] - delay: Delayed 2 second(s)

2018-06-10 19:52:07 - [MESSAGE][PASSED] - Delayed 2 second(s)

2018-06-10 19:52:07 - [TEST_STEP][PASSED] - Statement - RequestedQty = com.kms.katalon.core.webui.keyword.WebUiBuiltInKeywords.getAttribute(com.kms.katalon.core.testobject.ObjectRepository.findTestObject(Emergency/Page_Store/input_txttotal), "value"): Attribute 'value' of object 'Object Repository/Emergency/Page_Store/input_txttotal' is: '10'

2018-06-10 19:52:07 - [MESSAGE][PASSED] - Attribute 'value' of object 'Object Repository/Emergency/Page_Store/input_txttotal' is: '10'

2018-06-10 19:52:07 - [TEST_STEP][PASSED] - Statement - out.println("Requested QTY : " + RequestedQty): null

2018-06-10 19:52:07 - [TEST_STEP][PASSED] - Statement - BatchNumber = com.kms.katalon.core.webui.keyword.WebUiBuiltInKeywords.getNumberOfTotalOption(com.kms.katalon.core.testobject.ObjectRepository.findTestObject(Emergency/Page_Store/select_--Select--BA1150BA4110)): 5 options of object 'Object Repository/Emergency/Page_Store/select_--Select--BA1150BA4110' counted

2018-06-10 19:52:07 - [MESSAGE][PASSED] - 5 options of object 'Object Repository/Emergency/Page_Store/select_--Select--BA1150BA4110' counted

2018-06-10 19:52:07 - [TEST_STEP][PASSED] - Statement - For ([g = 1, g <= BatchNumber - 1, (g++)]): null

2018-06-10 19:52:07 - [TEST_STEP][PASSED] - selectOptionByIndex: All options with index in [1] are selected on object 'Object Repository/Emergency/Page_Store/select_--Select--BA1150BA4110'

2018-06-10 19:52:07 - [MESSAGE][PASSED] - All options with index in [1] are selected on object 'Object Repository/Emergency/Page_Store/select_--Select--BA1150BA4110'

2018-06-10 19:52:07 - [TEST_STEP][PASSED] - delay: Delayed 2 second(s)

2018-06-10 19:52:09 - [MESSAGE][PASSED] - Delayed 2 second(s)

2018-06-10 19:52:09 - [TEST_STEP][PASSED] - Statement - Try: null

2018-06-10 19:52:09 - [TEST_STEP][PASSED] - Statement - StockQty = com.kms.katalon.core.webui.keyword.WebUiBuiltInKeywords.getAttribute(com.kms.katalon.core.testobject.ObjectRepository.findTestObject(Emergency/Page_Store/input_txtprice), "value"): Attribute 'value' of object 'Object Repository/Emergency/Page_Store/input_txtprice' is: '350'

2018-06-10 19:52:09 - [MESSAGE][PASSED] - Attribute 'value' of object 'Object Repository/Emergency/Page_Store/input_txtprice' is: '350'

2018-06-10 19:52:09 - [TEST_STEP][PASSED] - Statement - out.println("Stock QTY : " + StockQty): null

2018-06-10 19:52:09 - [TEST_STEP][PASSED] - delay: Delayed 2 second(s)

2018-06-10 19:52:11 - [MESSAGE][PASSED] - Delayed 2 second(s)

2018-06-10 19:52:11 - [TEST_STEP][PASSED] - Statement - If (java.lang.Integer.valueOf(StockQty) >= java.lang.Integer.valueOf(RequestedQty)): null

2018-06-10 19:52:11 - [TEST_STEP][PASSED] - delay: Delayed 1 second(s)

2018-06-10 19:52:12 - [MESSAGE][PASSED] - Delayed 1 second(s)

2018-06-10 19:52:12 - [TEST_STEP][PASSED] - setText: Text '10' is set on object 'Object Repository/Emergency/Page_Store/input_txtqty'

2018-06-10 19:52:12 - [MESSAGE][PASSED] - Text '10' is set on object 'Object Repository/Emergency/Page_Store/input_txtqty'

2018-06-10 19:52:12 - [TEST_STEP][PASSED] - click: Object: 'Object Repository/Emergency/Page_Store/button_Add' is clicked on

2018-06-10 19:52:12 - [MESSAGE][PASSED] - Object: 'Object Repository/Emergency/Page_Store/button_Add' is clicked on

2018-06-10 19:52:12 - [TEST_STEP][PASSED] - Statement - Break: null

2018-06-10 19:52:12 - [TEST_STEP][PASSED] - selectOptionByIndex: All options with index in [20] are selected on object 'Object Repository/Emergency/Page_Store/select_--Select--Amikacin -500'

2018-06-10 19:52:12 - [MESSAGE][PASSED] - All options with index in [20] are selected on object 'Object Repository/Emergency/Page_Store/select_--Select--Amikacin -500'

2018-06-10 19:52:12 - [TEST_STEP][PASSED] - delay: Delayed 2 second(s)

2018-06-10 19:52:14 - [MESSAGE][PASSED] - Delayed 2 second(s)

2018-06-10 19:52:14 - [TEST_STEP][PASSED] - Statement - RequestedQty = com.kms.katalon.core.webui.keyword.WebUiBuiltInKeywords.getAttribute(com.kms.katalon.core.testobject.ObjectRepository.findTestObject(Emergency/Page_Store/input_txttotal), "value"): Attribute 'value' of object 'Object Repository/Emergency/Page_Store/input_txttotal' is: '10'

2018-06-10 19:52:14 - [MESSAGE][PASSED] - Attribute 'value' of object 'Object Repository/Emergency/Page_Store/input_txttotal' is: '10'

2018-06-10 19:52:14 - [TEST_STEP][PASSED] - Statement - out.println("Requested QTY : " + RequestedQty): null

2018-06-10 19:52:14 - [TEST_STEP][PASSED] - Statement - BatchNumber = com.kms.katalon.core.webui.keyword.WebUiBuiltInKeywords.getNumberOfTotalOption(com.kms.katalon.core.testobject.ObjectRepository.findTestObject(Emergency/Page_Store/select_--Select--BA1150BA4110)): 3 options of object 'Object Repository/Emergency/Page_Store/select_--Select--BA1150BA4110' counted

2018-06-10 19:52:14 - [MESSAGE][PASSED] - 3 options of object 'Object Repository/Emergency/Page_Store/select_--Select--BA1150BA4110' counted

2018-06-10 19:52:14 - [TEST_STEP][PASSED] - Statement - For ([g = 1, g <= BatchNumber - 1, (g++)]): null

2018-06-10 19:52:14 - [TEST_STEP][PASSED] - selectOptionByIndex: All options with index in [1] are selected on object 'Object Repository/Emergency/Page_Store/select_--Select--BA1150BA4110'

2018-06-10 19:52:14 - [MESSAGE][PASSED] - All options with index in [1] are selected on object 'Object Repository/Emergency/Page_Store/select_--Select--BA1150BA4110'

2018-06-10 19:52:14 - [TEST_STEP][PASSED] - delay: Delayed 2 second(s)

2018-06-10 19:52:16 - [MESSAGE][PASSED] - Delayed 2 second(s)

2018-06-10 19:52:16 - [TEST_STEP][PASSED] - Statement - Try: null

2018-06-10 19:52:16 - [TEST_STEP][PASSED] - Statement - StockQty = com.kms.katalon.core.webui.keyword.WebUiBuiltInKeywords.getAttribute(com.kms.katalon.core.testobject.ObjectRepository.findTestObject(Emergency/Page_Store/input_txtprice), "value"): Attribute 'value' of object 'Object Repository/Emergency/Page_Store/input_txtprice' is: '350'

2018-06-10 19:52:16 - [MESSAGE][PASSED] - Attribute 'value' of object 'Object Repository/Emergency/Page_Store/input_txtprice' is: '350'

2018-06-10 19:52:16 - [TEST_STEP][PASSED] - Statement - out.println("Stock QTY : " + StockQty): null

2018-06-10 19:52:16 - [TEST_STEP][PASSED] - delay: Delayed 2 second(s)

2018-06-10 19:52:18 - [MESSAGE][PASSED] - Delayed 2 second(s)

2018-06-10 19:52:18 - [TEST_STEP][PASSED] - Statement - If (java.lang.Integer.valueOf(StockQty) >= java.lang.Integer.valueOf(RequestedQty)): null

2018-06-10 19:52:18 - [TEST_STEP][PASSED] - delay: Delayed 1 second(s)

2018-06-10 19:52:19 - [MESSAGE][PASSED] - Delayed 1 second(s)

2018-06-10 19:52:19 - [TEST_STEP][PASSED] - setText: Text '10' is set on object 'Object Repository/Emergency/Page_Store/input_txtqty'

2018-06-10 19:52:20 - [MESSAGE][PASSED] - Text '10' is set on object 'Object Repository/Emergency/Page_Store/input_txtqty'

2018-06-10 19:52:20 - [TEST_STEP][PASSED] - click: Object: 'Object Repository/Emergency/Page_Store/button_Add' is clicked on

2018-06-10 19:52:20 - [MESSAGE][PASSED] - Object: 'Object Repository/Emergency/Page_Store/button_Add' is clicked on

2018-06-10 19:52:20 - [TEST_STEP][PASSED] - Statement - Break: null

2018-06-10 19:52:20 - [TEST_STEP][PASSED] - selectOptionByIndex: All options with index in [21] are selected on object 'Object Repository/Emergency/Page_Store/select_--Select--Amikacin -500'

2018-06-10 19:52:20 - [MESSAGE][PASSED] - All options with index in [21] are selected on object 'Object Repository/Emergency/Page_Store/select_--Select--Amikacin -500'

2018-06-10 19:52:20 - [TEST_STEP][PASSED] - delay: Delayed 2 second(s)

2018-06-10 19:52:22 - [MESSAGE][PASSED] - Delayed 2 second(s)

2018-06-10 19:52:22 - [TEST_STEP][PASSED] - Statement - RequestedQty = com.kms.katalon.core.webui.keyword.WebUiBuiltInKeywords.getAttribute(com.kms.katalon.core.testobject.ObjectRepository.findTestObject(Emergency/Page_Store/input_txttotal), "value"): Attribute 'value' of object 'Object Repository/Emergency/Page_Store/input_txttotal' is: '10'

2018-06-10 19:52:22 - [MESSAGE][PASSED] - Attribute 'value' of object 'Object Repository/Emergency/Page_Store/input_txttotal' is: '10'

2018-06-10 19:52:22 - [TEST_STEP][PASSED] - Statement - out.println("Requested QTY : " + RequestedQty): null

2018-06-10 19:52:22 - [TEST_STEP][PASSED] - Statement - BatchNumber = com.kms.katalon.core.webui.keyword.WebUiBuiltInKeywords.getNumberOfTotalOption(com.kms.katalon.core.testobject.ObjectRepository.findTestObject(Emergency/Page_Store/select_--Select--BA1150BA4110)): 5 options of object 'Object Repository/Emergency/Page_Store/select_--Select--BA1150BA4110' counted

2018-06-10 19:52:22 - [MESSAGE][PASSED] - 5 options of object 'Object Repository/Emergency/Page_Store/select_--Select--BA1150BA4110' counted

2018-06-10 19:52:22 - [TEST_STEP][PASSED] - Statement - For ([g = 1, g <= BatchNumber - 1, (g++)]): null

2018-06-10 19:52:22 - [TEST_STEP][PASSED] - selectOptionByIndex: All options with index in [1] are selected on object 'Object Repository/Emergency/Page_Store/select_--Select--BA1150BA4110'

2018-06-10 19:52:22 - [MESSAGE][PASSED] - All options with index in [1] are selected on object 'Object Repository/Emergency/Page_Store/select_--Select--BA1150BA4110'

2018-06-10 19:52:22 - [TEST_STEP][PASSED] - delay: Delayed 2 second(s)

2018-06-10 19:52:24 - [MESSAGE][PASSED] - Delayed 2 second(s)

2018-06-10 19:52:24 - [TEST_STEP][PASSED] - Statement - Try: null

2018-06-10 19:52:24 - [TEST_STEP][PASSED] - Statement - StockQty = com.kms.katalon.core.webui.keyword.WebUiBuiltInKeywords.getAttribute(com.kms.katalon.core.testobject.ObjectRepository.findTestObject(Emergency/Page_Store/input_txtprice), "value"): Attribute 'value' of object 'Object Repository/Emergency/Page_Store/input_txtprice' is: '620'

2018-06-10 19:52:24 - [MESSAGE][PASSED] - Attribute 'value' of object 'Object Repository/Emergency/Page_Store/input_txtprice' is: '620'

2018-06-10 19:52:24 - [TEST_STEP][PASSED] - Statement - out.println("Stock QTY : " + StockQty): null

2018-06-10 19:52:24 - [TEST_STEP][PASSED] - delay: Delayed 2 second(s)

2018-06-10 19:52:26 - [MESSAGE][PASSED] - Delayed 2 second(s)

2018-06-10 19:52:26 - [TEST_STEP][PASSED] - Statement - If (java.lang.Integer.valueOf(StockQty) >= java.lang.Integer.valueOf(RequestedQty)): null

2018-06-10 19:52:26 - [TEST_STEP][PASSED] - delay: Delayed 1 second(s)

2018-06-10 19:52:27 - [MESSAGE][PASSED] - Delayed 1 second(s)

2018-06-10 19:52:27 - [TEST_STEP][PASSED] - setText: Text '10' is set on object 'Object Repository/Emergency/Page_Store/input_txtqty'

2018-06-10 19:52:27 - [MESSAGE][PASSED] - Text '10' is set on object 'Object Repository/Emergency/Page_Store/input_txtqty'

2018-06-10 19:52:27 - [TEST_STEP][PASSED] - click: Object: 'Object Repository/Emergency/Page_Store/button_Add' is clicked on

2018-06-10 19:52:27 - [MESSAGE][PASSED] - Object: 'Object Repository/Emergency/Page_Store/button_Add' is clicked on

2018-06-10 19:52:27 - [TEST_STEP][PASSED] - Statement - Break: null

2018-06-10 19:52:27 - [TEST_STEP][PASSED] - selectOptionByIndex: All options with index in [22] are selected on object 'Object Repository/Emergency/Page_Store/select_--Select--Amikacin -500'

2018-06-10 19:52:28 - [MESSAGE][PASSED] - All options with index in [22] are selected on object 'Object Repository/Emergency/Page_Store/select_--Select--Amikacin -500'

2018-06-10 19:52:28 - [TEST_STEP][PASSED] - delay: Delayed 2 second(s)

2018-06-10 19:52:30 - [MESSAGE][PASSED] - Delayed 2 second(s)

2018-06-10 19:52:30 - [TEST_STEP][PASSED] - Statement - RequestedQty = com.kms.katalon.core.webui.keyword.WebUiBuiltInKeywords.getAttribute(com.kms.katalon.core.testobject.ObjectRepository.findTestObject(Emergency/Page_Store/input_txttotal), "value"): Attribute 'value' of object 'Object Repository/Emergency/Page_Store/input_txttotal' is: '10'

2018-06-10 19:52:30 - [MESSAGE][PASSED] - Attribute 'value' of object 'Object Repository/Emergency/Page_Store/input_txttotal' is: '10'

2018-06-10 19:52:30 - [TEST_STEP][PASSED] - Statement - out.println("Requested QTY : " + RequestedQty): null

2018-06-10 19:52:30 - [TEST_STEP][PASSED] - Statement - BatchNumber = com.kms.katalon.core.webui.keyword.WebUiBuiltInKeywords.getNumberOfTotalOption(com.kms.katalon.core.testobject.ObjectRepository.findTestObject(Emergency/Page_Store/select_--Select--BA1150BA4110)): 5 options of object 'Object Repository/Emergency/Page_Store/select_--Select--BA1150BA4110' counted

2018-06-10 19:52:30 - [MESSAGE][PASSED] - 5 options of object 'Object Repository/Emergency/Page_Store/select_--Select--BA1150BA4110' counted

2018-06-10 19:52:30 - [TEST_STEP][PASSED] - Statement - For ([g = 1, g <= BatchNumber - 1, (g++)]): null

2018-06-10 19:52:30 - [TEST_STEP][PASSED] - selectOptionByIndex: All options with index in [1] are selected on object 'Object Repository/Emergency/Page_Store/select_--Select--BA1150BA4110'

2018-06-10 19:52:30 - [MESSAGE][PASSED] - All options with index in [1] are selected on object 'Object Repository/Emergency/Page_Store/select_--Select--BA1150BA4110'

2018-06-10 19:52:30 - [TEST_STEP][PASSED] - delay: Delayed 2 second(s)

2018-06-10 19:52:32 - [MESSAGE][PASSED] - Delayed 2 second(s)

2018-06-10 19:52:32 - [TEST_STEP][PASSED] - Statement - Try: null

2018-06-10 19:52:32 - [TEST_STEP][PASSED] - Statement - StockQty = com.kms.katalon.core.webui.keyword.WebUiBuiltInKeywords.getAttribute(com.kms.katalon.core.testobject.ObjectRepository.findTestObject(Emergency/Page_Store/input_txtprice), "value"): Attribute 'value' of object 'Object Repository/Emergency/Page_Store/input_txtprice' is: '610'

2018-06-10 19:52:32 - [MESSAGE][PASSED] - Attribute 'value' of object 'Object Repository/Emergency/Page_Store/input_txtprice' is: '610'

2018-06-10 19:52:32 - [TEST_STEP][PASSED] - Statement - out.println("Stock QTY : " + StockQty): null

2018-06-10 19:52:32 - [TEST_STEP][PASSED] - delay: Delayed 2 second(s)

2018-06-10 19:52:34 - [MESSAGE][PASSED] - Delayed 2 second(s)

2018-06-10 19:52:34 - [TEST_STEP][PASSED] - Statement - If (java.lang.Integer.valueOf(StockQty) >= java.lang.Integer.valueOf(RequestedQty)): null

2018-06-10 19:52:34 - [TEST_STEP][PASSED] - delay: Delayed 1 second(s)

2018-06-10 19:52:35 - [MESSAGE][PASSED] - Delayed 1 second(s)

2018-06-10 19:52:35 - [TEST_STEP][PASSED] - setText: Text '10' is set on object 'Object Repository/Emergency/Page_Store/input_txtqty'

2018-06-10 19:52:35 - [MESSAGE][PASSED] - Text '10' is set on object 'Object Repository/Emergency/Page_Store/input_txtqty'

2018-06-10 19:52:35 - [TEST_STEP][PASSED] - click: Object: 'Object Repository/Emergency/Page_Store/button_Add' is clicked on

2018-06-10 19:52:35 - [MESSAGE][PASSED] - Object: 'Object Repository/Emergency/Page_Store/button_Add' is clicked on

2018-06-10 19:52:35 - [TEST_STEP][PASSED] - Statement - Break: null

2018-06-10 19:52:35 - [TEST_STEP][PASSED] - selectOptionByIndex: All options with index in [23] are selected on object 'Object Repository/Emergency/Page_Store/select_--Select--Amikacin -500'

2018-06-10 19:52:35 - [MESSAGE][PASSED] - All options with index in [23] are selected on object 'Object Repository/Emergency/Page_Store/select_--Select--Amikacin -500'

2018-06-10 19:52:35 - [TEST_STEP][PASSED] - delay: Delayed 2 second(s)

2018-06-10 19:52:37 - [MESSAGE][PASSED] - Delayed 2 second(s)

2018-06-10 19:52:37 - [TEST_STEP][PASSED] - Statement - RequestedQty = com.kms.katalon.core.webui.keyword.WebUiBuiltInKeywords.getAttribute(com.kms.katalon.core.testobject.ObjectRepository.findTestObject(Emergency/Page_Store/input_txttotal), "value"): Attribute 'value' of object 'Object Repository/Emergency/Page_Store/input_txttotal' is: '10'

2018-06-10 19:52:37 - [MESSAGE][PASSED] - Attribute 'value' of object 'Object Repository/Emergency/Page_Store/input_txttotal' is: '10'

2018-06-10 19:52:37 - [TEST_STEP][PASSED] - Statement - out.println("Requested QTY : " + RequestedQty): null

2018-06-10 19:52:37 - [TEST_STEP][PASSED] - Statement - BatchNumber = com.kms.katalon.core.webui.keyword.WebUiBuiltInKeywords.getNumberOfTotalOption(com.kms.katalon.core.testobject.ObjectRepository.findTestObject(Emergency/Page_Store/select_--Select--BA1150BA4110)): 3 options of object 'Object Repository/Emergency/Page_Store/select_--Select--BA1150BA4110' counted

2018-06-10 19:52:37 - [MESSAGE][PASSED] - 3 options of object 'Object Repository/Emergency/Page_Store/select_--Select--BA1150BA4110' counted

2018-06-10 19:52:37 - [TEST_STEP][PASSED] - Statement - For ([g = 1, g <= BatchNumber - 1, (g++)]): null

2018-06-10 19:52:37 - [TEST_STEP][PASSED] - selectOptionByIndex: All options with index in [1] are selected on object 'Object Repository/Emergency/Page_Store/select_--Select--BA1150BA4110'

2018-06-10 19:52:38 - [MESSAGE][PASSED] - All options with index in [1] are selected on object 'Object Repository/Emergency/Page_Store/select_--Select--BA1150BA4110'

2018-06-10 19:52:38 - [TEST_STEP][PASSED] - delay: Delayed 2 second(s)

2018-06-10 19:52:40 - [MESSAGE][PASSED] - Delayed 2 second(s)

2018-06-10 19:52:40 - [TEST_STEP][PASSED] - Statement - Try: null

2018-06-10 19:52:40 - [TEST_STEP][PASSED] - Statement - StockQty = com.kms.katalon.core.webui.keyword.WebUiBuiltInKeywords.getAttribute(com.kms.katalon.core.testobject.ObjectRepository.findTestObject(Emergency/Page_Store/input_txtprice), "value"): Attribute 'value' of object 'Object Repository/Emergency/Page_Store/input_txtprice' is: '1990'

2018-06-10 19:52:40 - [MESSAGE][PASSED] - Attribute 'value' of object 'Object Repository/Emergency/Page_Store/input_txtprice' is: '1990'

2018-06-10 19:52:40 - [TEST_STEP][PASSED] - Statement - out.println("Stock QTY : " + StockQty): null

2018-06-10 19:52:40 - [TEST_STEP][PASSED] - delay: Delayed 2 second(s)

2018-06-10 19:52:42 - [MESSAGE][PASSED] - Delayed 2 second(s)

2018-06-10 19:52:42 - [TEST_STEP][PASSED] - Statement - If (java.lang.Integer.valueOf(StockQty) >= java.lang.Integer.valueOf(RequestedQty)): null

2018-06-10 19:52:42 - [TEST_STEP][PASSED] - delay: Delayed 1 second(s)

2018-06-10 19:52:43 - [MESSAGE][PASSED] - Delayed 1 second(s)

2018-06-10 19:52:43 - [TEST_STEP][PASSED] - setText: Text '10' is set on object 'Object Repository/Emergency/Page_Store/input_txtqty'

2018-06-10 19:52:43 - [MESSAGE][PASSED] - Text '10' is set on object 'Object Repository/Emergency/Page_Store/input_txtqty'

2018-06-10 19:52:43 - [TEST_STEP][PASSED] - click: Object: 'Object Repository/Emergency/Page_Store/button_Add' is clicked on

2018-06-10 19:52:43 - [MESSAGE][PASSED] - Object: 'Object Repository/Emergency/Page_Store/button_Add' is clicked on

2018-06-10 19:52:43 - [TEST_STEP][PASSED] - Statement - Break: null

2018-06-10 19:52:43 - [TEST_STEP][PASSED] - selectOptionByIndex: All options with index in [24] are selected on object 'Object Repository/Emergency/Page_Store/select_--Select--Amikacin -500'

2018-06-10 19:52:43 - [MESSAGE][PASSED] - All options with index in [24] are selected on object 'Object Repository/Emergency/Page_Store/select_--Select--Amikacin -500'

2018-06-10 19:52:43 - [TEST_STEP][PASSED] - delay: Delayed 2 second(s)

2018-06-10 19:52:45 - [MESSAGE][PASSED] - Delayed 2 second(s)

2018-06-10 19:52:45 - [TEST_STEP][PASSED] - Statement - RequestedQty = com.kms.katalon.core.webui.keyword.WebUiBuiltInKeywords.getAttribute(com.kms.katalon.core.testobject.ObjectRepository.findTestObject(Emergency/Page_Store/input_txttotal), "value"): Attribute 'value' of object 'Object Repository/Emergency/Page_Store/input_txttotal' is: '10'

2018-06-10 19:52:45 - [MESSAGE][PASSED] - Attribute 'value' of object 'Object Repository/Emergency/Page_Store/input_txttotal' is: '10'

2018-06-10 19:52:45 - [TEST_STEP][PASSED] - Statement - out.println("Requested QTY : " + RequestedQty): null

2018-06-10 19:52:45 - [TEST_STEP][PASSED] - Statement - BatchNumber = com.kms.katalon.core.webui.keyword.WebUiBuiltInKeywords.getNumberOfTotalOption(com.kms.katalon.core.testobject.ObjectRepository.findTestObject(Emergency/Page_Store/select_--Select--BA1150BA4110)): 4 options of object 'Object Repository/Emergency/Page_Store/select_--Select--BA1150BA4110' counted

2018-06-10 19:52:45 - [MESSAGE][PASSED] - 4 options of object 'Object Repository/Emergency/Page_Store/select_--Select--BA1150BA4110' counted

2018-06-10 19:52:45 - [TEST_STEP][PASSED] - Statement - For ([g = 1, g <= BatchNumber - 1, (g++)]): null

2018-06-10 19:52:45 - [TEST_STEP][PASSED] - selectOptionByIndex: All options with index in [1] are selected on object 'Object Repository/Emergency/Page_Store/select_--Select--BA1150BA4110'

2018-06-10 19:52:45 - [MESSAGE][PASSED] - All options with index in [1] are selected on object 'Object Repository/Emergency/Page_Store/select_--Select--BA1150BA4110'

2018-06-10 19:52:45 - [TEST_STEP][PASSED] - delay: Delayed 2 second(s)

2018-06-10 19:52:47 - [MESSAGE][PASSED] - Delayed 2 second(s)

2018-06-10 19:52:47 - [TEST_STEP][PASSED] - Statement - Try: null

2018-06-10 19:52:47 - [TEST_STEP][PASSED] - Statement - StockQty = com.kms.katalon.core.webui.keyword.WebUiBuiltInKeywords.getAttribute(com.kms.katalon.core.testobject.ObjectRepository.findTestObject(Emergency/Page_Store/input_txtprice), "value"): Attribute 'value' of object 'Object Repository/Emergency/Page_Store/input_txtprice' is: '1070'

2018-06-10 19:52:47 - [MESSAGE][PASSED] - Attribute 'value' of object 'Object Repository/Emergency/Page_Store/input_txtprice' is: '1070'

2018-06-10 19:52:47 - [TEST_STEP][PASSED] - Statement - out.println("Stock QTY : " + StockQty): null

2018-06-10 19:52:47 - [TEST_STEP][PASSED] - delay: Delayed 2 second(s)

2018-06-10 19:52:49 - [MESSAGE][PASSED] - Delayed 2 second(s)

2018-06-10 19:52:49 - [TEST_STEP][PASSED] - Statement - If (java.lang.Integer.valueOf(StockQty) >= java.lang.Integer.valueOf(RequestedQty)): null

2018-06-10 19:52:49 - [TEST_STEP][PASSED] - delay: Delayed 1 second(s)

2018-06-10 19:52:50 - [MESSAGE][PASSED] - Delayed 1 second(s)

2018-06-10 19:52:50 - [TEST_STEP][PASSED] - setText: Text '10' is set on object 'Object Repository/Emergency/Page_Store/input_txtqty'

2018-06-10 19:52:51 - [MESSAGE][PASSED] - Text '10' is set on object 'Object Repository/Emergency/Page_Store/input_txtqty'

2018-06-10 19:52:51 - [TEST_STEP][PASSED] - click: Object: 'Object Repository/Emergency/Page_Store/button_Add' is clicked on

2018-06-10 19:52:51 - [MESSAGE][PASSED] - Object: 'Object Repository/Emergency/Page_Store/button_Add' is clicked on

2018-06-10 19:52:51 - [TEST_STEP][PASSED] - Statement - Break: null

2018-06-10 19:52:51 - [TEST_STEP][PASSED] - selectOptionByIndex: All options with index in [25] are selected on object 'Object Repository/Emergency/Page_Store/select_--Select--Amikacin -500'

2018-06-10 19:52:51 - [MESSAGE][PASSED] - All options with index in [25] are selected on object 'Object Repository/Emergency/Page_Store/select_--Select--Amikacin -500'

2018-06-10 19:52:51 - [TEST_STEP][PASSED] - delay: Delayed 2 second(s)

2018-06-10 19:52:53 - [MESSAGE][PASSED] - Delayed 2 second(s)

2018-06-10 19:52:53 - [TEST_STEP][PASSED] - Statement - RequestedQty = com.kms.katalon.core.webui.keyword.WebUiBuiltInKeywords.getAttribute(com.kms.katalon.core.testobject.ObjectRepository.findTestObject(Emergency/Page_Store/input_txttotal), "value"): Attribute 'value' of object 'Object Repository/Emergency/Page_Store/input_txttotal' is: '10'

2018-06-10 19:52:53 - [MESSAGE][PASSED] - Attribute 'value' of object 'Object Repository/Emergency/Page_Store/input_txttotal' is: '10'

2018-06-10 19:52:53 - [TEST_STEP][PASSED] - Statement - out.println("Requested QTY : " + RequestedQty): null

2018-06-10 19:52:53 - [TEST_STEP][PASSED] - Statement - BatchNumber = com.kms.katalon.core.webui.keyword.WebUiBuiltInKeywords.getNumberOfTotalOption(com.kms.katalon.core.testobject.ObjectRepository.findTestObject(Emergency/Page_Store/select_--Select--BA1150BA4110)): 4 options of object 'Object Repository/Emergency/Page_Store/select_--Select--BA1150BA4110' counted

2018-06-10 19:52:53 - [MESSAGE][PASSED] - 4 options of object 'Object Repository/Emergency/Page_Store/select_--Select--BA1150BA4110' counted

2018-06-10 19:52:53 - [TEST_STEP][PASSED] - Statement - For ([g = 1, g <= BatchNumber - 1, (g++)]): null

2018-06-10 19:52:53 - [TEST_STEP][PASSED] - selectOptionByIndex: All options with index in [1] are selected on object 'Object Repository/Emergency/Page_Store/select_--Select--BA1150BA4110'

2018-06-10 19:52:53 - [MESSAGE][PASSED] - All options with index in [1] are selected on object 'Object Repository/Emergency/Page_Store/select_--Select--BA1150BA4110'

2018-06-10 19:52:53 - [TEST_STEP][PASSED] - delay: Delayed 2 second(s)

2018-06-10 19:52:55 - [MESSAGE][PASSED] - Delayed 2 second(s)

2018-06-10 19:52:55 - [TEST_STEP][PASSED] - Statement - Try: null

2018-06-10 19:52:55 - [TEST_STEP][PASSED] - Statement - StockQty = com.kms.katalon.core.webui.keyword.WebUiBuiltInKeywords.getAttribute(com.kms.katalon.core.testobject.ObjectRepository.findTestObject(Emergency/Page_Store/input_txtprice), "value"): Attribute 'value' of object 'Object Repository/Emergency/Page_Store/input_txtprice' is: '340'

2018-06-10 19:52:55 - [MESSAGE][PASSED] - Attribute 'value' of object 'Object Repository/Emergency/Page_Store/input_txtprice' is: '340'

2018-06-10 19:52:55 - [TEST_STEP][PASSED] - Statement - out.println("Stock QTY : " + StockQty): null

2018-06-10 19:52:55 - [TEST_STEP][PASSED] - delay: Delayed 2 second(s)

2018-06-10 19:52:57 - [MESSAGE][PASSED] - Delayed 2 second(s)

2018-06-10 19:52:57 - [TEST_STEP][PASSED] - Statement - If (java.lang.Integer.valueOf(StockQty) >= java.lang.Integer.valueOf(RequestedQty)): null

2018-06-10 19:52:57 - [TEST_STEP][PASSED] - delay: Delayed 1 second(s)

2018-06-10 19:52:58 - [MESSAGE][PASSED] - Delayed 1 second(s)

2018-06-10 19:52:58 - [TEST_STEP][PASSED] - setText: Text '10' is set on object 'Object Repository/Emergency/Page_Store/input_txtqty'

2018-06-10 19:52:58 - [MESSAGE][PASSED] - Text '10' is set on object 'Object Repository/Emergency/Page_Store/input_txtqty'

2018-06-10 19:52:58 - [TEST_STEP][PASSED] - click: Object: 'Object Repository/Emergency/Page_Store/button_Add' is clicked on

2018-06-10 19:52:58 - [MESSAGE][PASSED] - Object: 'Object Repository/Emergency/Page_Store/button_Add' is clicked on

2018-06-10 19:52:58 - [TEST_STEP][PASSED] - Statement - Break: null

2018-06-10 19:52:58 - [TEST_STEP][PASSED] - selectOptionByIndex: All options with index in [26] are selected on object 'Object Repository/Emergency/Page_Store/select_--Select--Amikacin -500'

2018-06-10 19:52:59 - [MESSAGE][PASSED] - All options with index in [26] are selected on object 'Object Repository/Emergency/Page_Store/select_--Select--Amikacin -500'

2018-06-10 19:52:59 - [TEST_STEP][PASSED] - delay: Delayed 2 second(s)

2018-06-10 19:53:01 - [MESSAGE][PASSED] - Delayed 2 second(s)

2018-06-10 19:53:01 - [TEST_STEP][PASSED] - Statement - RequestedQty = com.kms.katalon.core.webui.keyword.WebUiBuiltInKeywords.getAttribute(com.kms.katalon.core.testobject.ObjectRepository.findTestObject(Emergency/Page_Store/input_txttotal), "value"): Attribute 'value' of object 'Object Repository/Emergency/Page_Store/input_txttotal' is: '10'

2018-06-10 19:53:01 - [MESSAGE][PASSED] - Attribute 'value' of object 'Object Repository/Emergency/Page_Store/input_txttotal' is: '10'

2018-06-10 19:53:01 - [TEST_STEP][PASSED] - Statement - out.println("Requested QTY : " + RequestedQty): null

2018-06-10 19:53:01 - [TEST_STEP][PASSED] - Statement - BatchNumber = com.kms.katalon.core.webui.keyword.WebUiBuiltInKeywords.getNumberOfTotalOption(com.kms.katalon.core.testobject.ObjectRepository.findTestObject(Emergency/Page_Store/select_--Select--BA1150BA4110)): 3 options of object 'Object Repository/Emergency/Page_Store/select_--Select--BA1150BA4110' counted

2018-06-10 19:53:01 - [MESSAGE][PASSED] - 3 options of object 'Object Repository/Emergency/Page_Store/select_--Select--BA1150BA4110' counted

2018-06-10 19:53:01 - [TEST_STEP][PASSED] - Statement - For ([g = 1, g <= BatchNumber - 1, (g++)]): null

2018-06-10 19:53:01 - [TEST_STEP][PASSED] - selectOptionByIndex: All options with index in [1] are selected on object 'Object Repository/Emergency/Page_Store/select_--Select--BA1150BA4110'

2018-06-10 19:53:01 - [MESSAGE][PASSED] - All options with index in [1] are selected on object 'Object Repository/Emergency/Page_Store/select_--Select--BA1150BA4110'

2018-06-10 19:53:01 - [TEST_STEP][PASSED] - delay: Delayed 2 second(s)

2018-06-10 19:53:03 - [MESSAGE][PASSED] - Delayed 2 second(s)

2018-06-10 19:53:03 - [TEST_STEP][PASSED] - Statement - Try: null

2018-06-10 19:53:03 - [TEST_STEP][PASSED] - Statement - StockQty = com.kms.katalon.core.webui.keyword.WebUiBuiltInKeywords.getAttribute(com.kms.katalon.core.testobject.ObjectRepository.findTestObject(Emergency/Page_Store/input_txtprice), "value"): Attribute 'value' of object 'Object Repository/Emergency/Page_Store/input_txtprice' is: '2000'

2018-06-10 19:53:03 - [MESSAGE][PASSED] - Attribute 'value' of object 'Object Repository/Emergency/Page_Store/input_txtprice' is: '2000'

2018-06-10 19:53:03 - [TEST_STEP][PASSED] - Statement - out.println("Stock QTY : " + StockQty): null

2018-06-10 19:53:03 - [TEST_STEP][PASSED] - delay: Delayed 2 second(s)

2018-06-10 19:53:05 - [MESSAGE][PASSED] - Delayed 2 second(s)

2018-06-10 19:53:05 - [TEST_STEP][PASSED] - Statement - If (java.lang.Integer.valueOf(StockQty) >= java.lang.Integer.valueOf(RequestedQty)): null

2018-06-10 19:53:05 - [TEST_STEP][PASSED] - delay: Delayed 1 second(s)

2018-06-10 19:53:06 - [MESSAGE][PASSED] - Delayed 1 second(s)

2018-06-10 19:53:06 - [TEST_STEP][PASSED] - setText: Text '10' is set on object 'Object Repository/Emergency/Page_Store/input_txtqty'

2018-06-10 19:53:06 - [MESSAGE][PASSED] - Text '10' is set on object 'Object Repository/Emergency/Page_Store/input_txtqty'

2018-06-10 19:53:06 - [TEST_STEP][PASSED] - click: Object: 'Object Repository/Emergency/Page_Store/button_Add' is clicked on

2018-06-10 19:53:06 - [MESSAGE][PASSED] - Object: 'Object Repository/Emergency/Page_Store/button_Add' is clicked on

2018-06-10 19:53:06 - [TEST_STEP][PASSED] - Statement - Break: null

2018-06-10 19:53:06 - [TEST_STEP][PASSED] - selectOptionByIndex: All options with index in [27] are selected on object 'Object Repository/Emergency/Page_Store/select_--Select--Amikacin -500'

2018-06-10 19:53:07 - [MESSAGE][PASSED] - All options with index in [27] are selected on object 'Object Repository/Emergency/Page_Store/select_--Select--Amikacin -500'

2018-06-10 19:53:07 - [TEST_STEP][PASSED] - delay: Delayed 2 second(s)

2018-06-10 19:53:09 - [MESSAGE][PASSED] - Delayed 2 second(s)

2018-06-10 19:53:09 - [TEST_STEP][PASSED] - Statement - RequestedQty = com.kms.katalon.core.webui.keyword.WebUiBuiltInKeywords.getAttribute(com.kms.katalon.core.testobject.ObjectRepository.findTestObject(Emergency/Page_Store/input_txttotal), "value"): Attribute 'value' of object 'Object Repository/Emergency/Page_Store/input_txttotal' is: '10'

2018-06-10 19:53:09 - [MESSAGE][PASSED] - Attribute 'value' of object 'Object Repository/Emergency/Page_Store/input_txttotal' is: '10'

2018-06-10 19:53:09 - [TEST_STEP][PASSED] - Statement - out.println("Requested QTY : " + RequestedQty): null

2018-06-10 19:53:09 - [TEST_STEP][PASSED] - Statement - BatchNumber = com.kms.katalon.core.webui.keyword.WebUiBuiltInKeywords.getNumberOfTotalOption(com.kms.katalon.core.testobject.ObjectRepository.findTestObject(Emergency/Page_Store/select_--Select--BA1150BA4110)): 4 options of object 'Object Repository/Emergency/Page_Store/select_--Select--BA1150BA4110' counted

2018-06-10 19:53:09 - [MESSAGE][PASSED] - 4 options of object 'Object Repository/Emergency/Page_Store/select_--Select--BA1150BA4110' counted

2018-06-10 19:53:09 - [TEST_STEP][PASSED] - Statement - For ([g = 1, g <= BatchNumber - 1, (g++)]): null

2018-06-10 19:53:09 - [TEST_STEP][PASSED] - selectOptionByIndex: All options with index in [1] are selected on object 'Object Repository/Emergency/Page_Store/select_--Select--BA1150BA4110'

2018-06-10 19:53:09 - [MESSAGE][PASSED] - All options with index in [1] are selected on object 'Object Repository/Emergency/Page_Store/select_--Select--BA1150BA4110'

2018-06-10 19:53:09 - [TEST_STEP][PASSED] - delay: Delayed 2 second(s)

2018-06-10 19:53:11 - [MESSAGE][PASSED] - Delayed 2 second(s)

2018-06-10 19:53:11 - [TEST_STEP][PASSED] - Statement - Try: null

2018-06-10 19:53:11 - [TEST_STEP][PASSED] - Statement - StockQty = com.kms.katalon.core.webui.keyword.WebUiBuiltInKeywords.getAttribute(com.kms.katalon.core.testobject.ObjectRepository.findTestObject(Emergency/Page_Store/input_txtprice), "value"): Attribute 'value' of object 'Object Repository/Emergency/Page_Store/input_txtprice' is: '1070'

2018-06-10 19:53:11 - [MESSAGE][PASSED] - Attribute 'value' of object 'Object Repository/Emergency/Page_Store/input_txtprice' is: '1070'

2018-06-10 19:53:11 - [TEST_STEP][PASSED] - Statement - out.println("Stock QTY : " + StockQty): null

2018-06-10 19:53:11 - [TEST_STEP][PASSED] - delay: Delayed 2 second(s)

2018-06-10 19:53:13 - [MESSAGE][PASSED] - Delayed 2 second(s)

2018-06-10 19:53:13 - [TEST_STEP][PASSED] - Statement - If (java.lang.Integer.valueOf(StockQty) >= java.lang.Integer.valueOf(RequestedQty)): null

2018-06-10 19:53:13 - [TEST_STEP][PASSED] - delay: Delayed 1 second(s)

2018-06-10 19:53:14 - [MESSAGE][PASSED] - Delayed 1 second(s)

2018-06-10 19:53:14 - [TEST_STEP][PASSED] - setText: Text '10' is set on object 'Object Repository/Emergency/Page_Store/input_txtqty'

2018-06-10 19:53:14 - [MESSAGE][PASSED] - Text '10' is set on object 'Object Repository/Emergency/Page_Store/input_txtqty'

2018-06-10 19:53:14 - [TEST_STEP][PASSED] - click: Object: 'Object Repository/Emergency/Page_Store/button_Add' is clicked on

2018-06-10 19:53:14 - [MESSAGE][PASSED] - Object: 'Object Repository/Emergency/Page_Store/button_Add' is clicked on

2018-06-10 19:53:14 - [TEST_STEP][PASSED] - Statement - Break: null

2018-06-10 19:53:14 - [TEST_STEP][PASSED] - selectOptionByIndex: All options with index in [28] are selected on object 'Object Repository/Emergency/Page_Store/select_--Select--Amikacin -500'

2018-06-10 19:53:14 - [MESSAGE][PASSED] - All options with index in [28] are selected on object 'Object Repository/Emergency/Page_Store/select_--Select--Amikacin -500'

2018-06-10 19:53:14 - [TEST_STEP][PASSED] - delay: Delayed 2 second(s)

2018-06-10 19:53:16 - [MESSAGE][PASSED] - Delayed 2 second(s)

2018-06-10 19:53:16 - [TEST_STEP][PASSED] - Statement - RequestedQty = com.kms.katalon.core.webui.keyword.WebUiBuiltInKeywords.getAttribute(com.kms.katalon.core.testobject.ObjectRepository.findTestObject(Emergency/Page_Store/input_txttotal), "value"): Attribute 'value' of object 'Object Repository/Emergency/Page_Store/input_txttotal' is: '10'

2018-06-10 19:53:16 - [MESSAGE][PASSED] - Attribute 'value' of object 'Object Repository/Emergency/Page_Store/input_txttotal' is: '10'

2018-06-10 19:53:16 - [TEST_STEP][PASSED] - Statement - out.println("Requested QTY : " + RequestedQty): null

2018-06-10 19:53:16 - [TEST_STEP][PASSED] - Statement - BatchNumber = com.kms.katalon.core.webui.keyword.WebUiBuiltInKeywords.getNumberOfTotalOption(com.kms.katalon.core.testobject.ObjectRepository.findTestObject(Emergency/Page_Store/select_--Select--BA1150BA4110)): 5 options of object 'Object Repository/Emergency/Page_Store/select_--Select--BA1150BA4110' counted

2018-06-10 19:53:16 - [MESSAGE][PASSED] - 5 options of object 'Object Repository/Emergency/Page_Store/select_--Select--BA1150BA4110' counted

2018-06-10 19:53:16 - [TEST_STEP][PASSED] - Statement - For ([g = 1, g <= BatchNumber - 1, (g++)]): null

2018-06-10 19:53:16 - [TEST_STEP][PASSED] - selectOptionByIndex: All options with index in [1] are selected on object 'Object Repository/Emergency/Page_Store/select_--Select--BA1150BA4110'

2018-06-10 19:53:16 - [MESSAGE][PASSED] - All options with index in [1] are selected on object 'Object Repository/Emergency/Page_Store/select_--Select--BA1150BA4110'

2018-06-10 19:53:16 - [TEST_STEP][PASSED] - delay: Delayed 2 second(s)

2018-06-10 19:53:18 - [MESSAGE][PASSED] - Delayed 2 second(s)

2018-06-10 19:53:18 - [TEST_STEP][PASSED] - Statement - Try: null

2018-06-10 19:53:18 - [TEST_STEP][PASSED] - Statement - StockQty = com.kms.katalon.core.webui.keyword.WebUiBuiltInKeywords.getAttribute(com.kms.katalon.core.testobject.ObjectRepository.findTestObject(Emergency/Page_Store/input_txtprice), "value"): Attribute 'value' of object 'Object Repository/Emergency/Page_Store/input_txtprice' is: '610'

2018-06-10 19:53:19 - [MESSAGE][PASSED] - Attribute 'value' of object 'Object Repository/Emergency/Page_Store/input_txtprice' is: '610'

2018-06-10 19:53:19 - [TEST_STEP][PASSED] - Statement - out.println("Stock QTY : " + StockQty): null

2018-06-10 19:53:19 - [TEST_STEP][PASSED] - delay: Delayed 2 second(s)

2018-06-10 19:53:21 - [MESSAGE][PASSED] - Delayed 2 second(s)

2018-06-10 19:53:21 - [TEST_STEP][PASSED] - Statement - If (java.lang.Integer.valueOf(StockQty) >= java.lang.Integer.valueOf(RequestedQty)): null

2018-06-10 19:53:21 - [TEST_STEP][PASSED] - delay: Delayed 1 second(s)

2018-06-10 19:53:22 - [MESSAGE][PASSED] - Delayed 1 second(s)

2018-06-10 19:53:22 - [TEST_STEP][PASSED] - setText: Text '10' is set on object 'Object Repository/Emergency/Page_Store/input_txtqty'

2018-06-10 19:53:22 - [MESSAGE][PASSED] - Text '10' is set on object 'Object Repository/Emergency/Page_Store/input_txtqty'

2018-06-10 19:53:22 - [TEST_STEP][PASSED] - click: Object: 'Object Repository/Emergency/Page_Store/button_Add' is clicked on

2018-06-10 19:53:22 - [MESSAGE][PASSED] - Object: 'Object Repository/Emergency/Page_Store/button_Add' is clicked on

2018-06-10 19:53:22 - [TEST_STEP][PASSED] - Statement - Break: null

2018-06-10 19:53:22 - [TEST_STEP][PASSED] - selectOptionByIndex: All options with index in [29] are selected on object 'Object Repository/Emergency/Page_Store/select_--Select--Amikacin -500'

2018-06-10 19:53:22 - [MESSAGE][PASSED] - All options with index in [29] are selected on object 'Object Repository/Emergency/Page_Store/select_--Select--Amikacin -500'

2018-06-10 19:53:22 - [TEST_STEP][PASSED] - delay: Delayed 2 second(s)

2018-06-10 19:53:24 - [MESSAGE][PASSED] - Delayed 2 second(s)

2018-06-10 19:53:24 - [TEST_STEP][PASSED] - Statement - RequestedQty = com.kms.katalon.core.webui.keyword.WebUiBuiltInKeywords.getAttribute(com.kms.katalon.core.testobject.ObjectRepository.findTestObject(Emergency/Page_Store/input_txttotal), "value"): Attribute 'value' of object 'Object Repository/Emergency/Page_Store/input_txttotal' is: '10'

2018-06-10 19:53:24 - [MESSAGE][PASSED] - Attribute 'value' of object 'Object Repository/Emergency/Page_Store/input_txttotal' is: '10'

2018-06-10 19:53:24 - [TEST_STEP][PASSED] - Statement - out.println("Requested QTY : " + RequestedQty): null

2018-06-10 19:53:24 - [TEST_STEP][PASSED] - Statement - BatchNumber = com.kms.katalon.core.webui.keyword.WebUiBuiltInKeywords.getNumberOfTotalOption(com.kms.katalon.core.testobject.ObjectRepository.findTestObject(Emergency/Page_Store/select_--Select--BA1150BA4110)): 3 options of object 'Object Repository/Emergency/Page_Store/select_--Select--BA1150BA4110' counted

2018-06-10 19:53:24 - [MESSAGE][PASSED] - 3 options of object 'Object Repository/Emergency/Page_Store/select_--Select--BA1150BA4110' counted

2018-06-10 19:53:24 - [TEST_STEP][PASSED] - Statement - For ([g = 1, g <= BatchNumber - 1, (g++)]): null

2018-06-10 19:53:24 - [TEST_STEP][PASSED] - selectOptionByIndex: All options with index in [1] are selected on object 'Object Repository/Emergency/Page_Store/select_--Select--BA1150BA4110'

2018-06-10 19:53:24 - [MESSAGE][PASSED] - All options with index in [1] are selected on object 'Object Repository/Emergency/Page_Store/select_--Select--BA1150BA4110'

2018-06-10 19:53:24 - [TEST_STEP][PASSED] - delay: Delayed 2 second(s)

2018-06-10 19:53:26 - [MESSAGE][PASSED] - Delayed 2 second(s)

2018-06-10 19:53:26 - [TEST_STEP][PASSED] - Statement - Try: null

2018-06-10 19:53:26 - [TEST_STEP][PASSED] - Statement - StockQty = com.kms.katalon.core.webui.keyword.WebUiBuiltInKeywords.getAttribute(com.kms.katalon.core.testobject.ObjectRepository.findTestObject(Emergency/Page_Store/input_txtprice), "value"): Attribute 'value' of object 'Object Repository/Emergency/Page_Store/input_txtprice' is: '540'

2018-06-10 19:53:26 - [MESSAGE][PASSED] - Attribute 'value' of object 'Object Repository/Emergency/Page_Store/input_txtprice' is: '540'

2018-06-10 19:53:26 - [TEST_STEP][PASSED] - Statement - out.println("Stock QTY : " + StockQty): null

2018-06-10 19:53:26 - [TEST_STEP][PASSED] - delay: Delayed 2 second(s)

2018-06-10 19:53:28 - [MESSAGE][PASSED] - Delayed 2 second(s)

2018-06-10 19:53:28 - [TEST_STEP][PASSED] - Statement - If (java.lang.Integer.valueOf(StockQty) >= java.lang.Integer.valueOf(RequestedQty)): null

2018-06-10 19:53:28 - [TEST_STEP][PASSED] - delay: Delayed 1 second(s)

2018-06-10 19:53:29 - [MESSAGE][PASSED] - Delayed 1 second(s)

2018-06-10 19:53:29 - [TEST_STEP][PASSED] - setText: Text '10' is set on object 'Object Repository/Emergency/Page_Store/input_txtqty'

2018-06-10 19:53:29 - [MESSAGE][PASSED] - Text '10' is set on object 'Object Repository/Emergency/Page_Store/input_txtqty'

2018-06-10 19:53:29 - [TEST_STEP][PASSED] - click: Object: 'Object Repository/Emergency/Page_Store/button_Add' is clicked on

2018-06-10 19:53:29 - [MESSAGE][PASSED] - Object: 'Object Repository/Emergency/Page_Store/button_Add' is clicked on

2018-06-10 19:53:29 - [TEST_STEP][PASSED] - Statement - Break: null

2018-06-10 19:53:29 - [TEST_STEP][PASSED] - selectOptionByIndex: All options with index in [30] are selected on object 'Object Repository/Emergency/Page_Store/select_--Select--Amikacin -500'

2018-06-10 19:53:30 - [MESSAGE][PASSED] - All options with index in [30] are selected on object 'Object Repository/Emergency/Page_Store/select_--Select--Amikacin -500'

2018-06-10 19:53:30 - [TEST_STEP][PASSED] - delay: Delayed 2 second(s)

2018-06-10 19:53:32 - [MESSAGE][PASSED] - Delayed 2 second(s)

2018-06-10 19:53:32 - [TEST_STEP][PASSED] - Statement - RequestedQty = com.kms.katalon.core.webui.keyword.WebUiBuiltInKeywords.getAttribute(com.kms.katalon.core.testobject.ObjectRepository.findTestObject(Emergency/Page_Store/input_txttotal), "value"): Attribute 'value' of object 'Object Repository/Emergency/Page_Store/input_txttotal' is: '10'

2018-06-10 19:53:32 - [MESSAGE][PASSED] - Attribute 'value' of object 'Object Repository/Emergency/Page_Store/input_txttotal' is: '10'

2018-06-10 19:53:32 - [TEST_STEP][PASSED] - Statement - out.println("Requested QTY : " + RequestedQty): null

2018-06-10 19:53:32 - [TEST_STEP][PASSED] - Statement - BatchNumber = com.kms.katalon.core.webui.keyword.WebUiBuiltInKeywords.getNumberOfTotalOption(com.kms.katalon.core.testobject.ObjectRepository.findTestObject(Emergency/Page_Store/select_--Select--BA1150BA4110)): 4 options of object 'Object Repository/Emergency/Page_Store/select_--Select--BA1150BA4110' counted

2018-06-10 19:53:32 - [MESSAGE][PASSED] - 4 options of object 'Object Repository/Emergency/Page_Store/select_--Select--BA1150BA4110' counted

2018-06-10 19:53:32 - [TEST_STEP][PASSED] - Statement - For ([g = 1, g <= BatchNumber - 1, (g++)]): null

2018-06-10 19:53:32 - [TEST_STEP][PASSED] - selectOptionByIndex: All options with index in [1] are selected on object 'Object Repository/Emergency/Page_Store/select_--Select--BA1150BA4110'

2018-06-10 19:53:32 - [MESSAGE][PASSED] - All options with index in [1] are selected on object 'Object Repository/Emergency/Page_Store/select_--Select--BA1150BA4110'

2018-06-10 19:53:32 - [TEST_STEP][PASSED] - delay: Delayed 2 second(s)

2018-06-10 19:53:34 - [MESSAGE][PASSED] - Delayed 2 second(s)

2018-06-10 19:53:34 - [TEST_STEP][PASSED] - Statement - Try: null

2018-06-10 19:53:34 - [TEST_STEP][PASSED] - Statement - StockQty = com.kms.katalon.core.webui.keyword.WebUiBuiltInKeywords.getAttribute(com.kms.katalon.core.testobject.ObjectRepository.findTestObject(Emergency/Page_Store/input_txtprice), "value"): Attribute 'value' of object 'Object Repository/Emergency/Page_Store/input_txtprice' is: '1080'

2018-06-10 19:53:34 - [MESSAGE][PASSED] - Attribute 'value' of object 'Object Repository/Emergency/Page_Store/input_txtprice' is: '1080'

2018-06-10 19:53:34 - [TEST_STEP][PASSED] - Statement - out.println("Stock QTY : " + StockQty): null

2018-06-10 19:53:34 - [TEST_STEP][PASSED] - delay: Delayed 2 second(s)

2018-06-10 19:53:36 - [MESSAGE][PASSED] - Delayed 2 second(s)

2018-06-10 19:53:36 - [TEST_STEP][PASSED] - Statement - If (java.lang.Integer.valueOf(StockQty) >= java.lang.Integer.valueOf(RequestedQty)): null

2018-06-10 19:53:36 - [TEST_STEP][PASSED] - delay: Delayed 1 second(s)

2018-06-10 19:53:37 - [MESSAGE][PASSED] - Delayed 1 second(s)

2018-06-10 19:53:37 - [TEST_STEP][PASSED] - setText: Text '10' is set on object 'Object Repository/Emergency/Page_Store/input_txtqty'

2018-06-10 19:53:37 - [MESSAGE][PASSED] - Text '10' is set on object 'Object Repository/Emergency/Page_Store/input_txtqty'

2018-06-10 19:53:37 - [TEST_STEP][PASSED] - click: Object: 'Object Repository/Emergency/Page_Store/button_Add' is clicked on

2018-06-10 19:53:37 - [MESSAGE][PASSED] - Object: 'Object Repository/Emergency/Page_Store/button_Add' is clicked on

2018-06-10 19:53:37 - [TEST_STEP][PASSED] - Statement - Break: null

2018-06-10 19:53:37 - [TEST_STEP][PASSED] - selectOptionByIndex: All options with index in [31] are selected on object 'Object Repository/Emergency/Page_Store/select_--Select--Amikacin -500'

2018-06-10 19:53:38 - [MESSAGE][PASSED] - All options with index in [31] are selected on object 'Object Repository/Emergency/Page_Store/select_--Select--Amikacin -500'

2018-06-10 19:53:38 - [TEST_STEP][PASSED] - delay: Delayed 2 second(s)

2018-06-10 19:53:40 - [MESSAGE][PASSED] - Delayed 2 second(s)

2018-06-10 19:53:40 - [TEST_STEP][PASSED] - Statement - RequestedQty = com.kms.katalon.core.webui.keyword.WebUiBuiltInKeywords.getAttribute(com.kms.katalon.core.testobject.ObjectRepository.findTestObject(Emergency/Page_Store/input_txttotal), "value"): Attribute 'value' of object 'Object Repository/Emergency/Page_Store/input_txttotal' is: '10'

2018-06-10 19:53:40 - [MESSAGE][PASSED] - Attribute 'value' of object 'Object Repository/Emergency/Page_Store/input_txttotal' is: '10'

2018-06-10 19:53:40 - [TEST_STEP][PASSED] - Statement - out.println("Requested QTY : " + RequestedQty): null

2018-06-10 19:53:40 - [TEST_STEP][PASSED] - Statement - BatchNumber = com.kms.katalon.core.webui.keyword.WebUiBuiltInKeywords.getNumberOfTotalOption(com.kms.katalon.core.testobject.ObjectRepository.findTestObject(Emergency/Page_Store/select_--Select--BA1150BA4110)): 5 options of object 'Object Repository/Emergency/Page_Store/select_--Select--BA1150BA4110' counted

2018-06-10 19:53:40 - [MESSAGE][PASSED] - 5 options of object 'Object Repository/Emergency/Page_Store/select_--Select--BA1150BA4110' counted

2018-06-10 19:53:40 - [TEST_STEP][PASSED] - Statement - For ([g = 1, g <= BatchNumber - 1, (g++)]): null

2018-06-10 19:53:40 - [TEST_STEP][PASSED] - selectOptionByIndex: All options with index in [1] are selected on object 'Object Repository/Emergency/Page_Store/select_--Select--BA1150BA4110'

2018-06-10 19:53:40 - [MESSAGE][PASSED] - All options with index in [1] are selected on object 'Object Repository/Emergency/Page_Store/select_--Select--BA1150BA4110'

2018-06-10 19:53:40 - [TEST_STEP][PASSED] - delay: Delayed 2 second(s)

2018-06-10 19:53:42 - [MESSAGE][PASSED] - Delayed 2 second(s)

2018-06-10 19:53:42 - [TEST_STEP][PASSED] - Statement - Try: null

2018-06-10 19:53:42 - [TEST_STEP][PASSED] - Statement - StockQty = com.kms.katalon.core.webui.keyword.WebUiBuiltInKeywords.getAttribute(com.kms.katalon.core.testobject.ObjectRepository.findTestObject(Emergency/Page_Store/input_txtprice), "value"): Attribute 'value' of object 'Object Repository/Emergency/Page_Store/input_txtprice' is: '540'

2018-06-10 19:53:42 - [MESSAGE][PASSED] - Attribute 'value' of object 'Object Repository/Emergency/Page_Store/input_txtprice' is: '540'

2018-06-10 19:53:42 - [TEST_STEP][PASSED] - Statement - out.println("Stock QTY : " + StockQty): null

2018-06-10 19:53:42 - [TEST_STEP][PASSED] - delay: Delayed 2 second(s)

2018-06-10 19:53:44 - [MESSAGE][PASSED] - Delayed 2 second(s)

2018-06-10 19:53:44 - [TEST_STEP][PASSED] - Statement - If (java.lang.Integer.valueOf(StockQty) >= java.lang.Integer.valueOf(RequestedQty)): null

2018-06-10 19:53:44 - [TEST_STEP][PASSED] - delay: Delayed 1 second(s)

2018-06-10 19:53:45 - [MESSAGE][PASSED] - Delayed 1 second(s)

2018-06-10 19:53:45 - [TEST_STEP][PASSED] - setText: Text '10' is set on object 'Object Repository/Emergency/Page_Store/input_txtqty'

2018-06-10 19:53:45 - [MESSAGE][PASSED] - Text '10' is set on object 'Object Repository/Emergency/Page_Store/input_txtqty'

2018-06-10 19:53:45 - [TEST_STEP][PASSED] - click: Object: 'Object Repository/Emergency/Page_Store/button_Add' is clicked on

2018-06-10 19:53:45 - [MESSAGE][PASSED] - Object: 'Object Repository/Emergency/Page_Store/button_Add' is clicked on

2018-06-10 19:53:45 - [TEST_STEP][PASSED] - Statement - Break: null

2018-06-10 19:53:45 - [TEST_STEP][PASSED] - selectOptionByIndex: All options with index in [32] are selected on object 'Object Repository/Emergency/Page_Store/select_--Select--Amikacin -500'

2018-06-10 19:53:46 - [MESSAGE][PASSED] - All options with index in [32] are selected on object 'Object Repository/Emergency/Page_Store/select_--Select--Amikacin -500'

2018-06-10 19:53:46 - [TEST_STEP][PASSED] - delay: Delayed 2 second(s)

2018-06-10 19:53:48 - [MESSAGE][PASSED] - Delayed 2 second(s)

2018-06-10 19:53:48 - [TEST_STEP][PASSED] - Statement - RequestedQty = com.kms.katalon.core.webui.keyword.WebUiBuiltInKeywords.getAttribute(com.kms.katalon.core.testobject.ObjectRepository.findTestObject(Emergency/Page_Store/input_txttotal), "value"): Attribute 'value' of object 'Object Repository/Emergency/Page_Store/input_txttotal' is: '10'

2018-06-10 19:53:48 - [MESSAGE][PASSED] - Attribute 'value' of object 'Object Repository/Emergency/Page_Store/input_txttotal' is: '10'

2018-06-10 19:53:48 - [TEST_STEP][PASSED] - Statement - out.println("Requested QTY : " + RequestedQty): null

2018-06-10 19:53:48 - [TEST_STEP][PASSED] - Statement - BatchNumber = com.kms.katalon.core.webui.keyword.WebUiBuiltInKeywords.getNumberOfTotalOption(com.kms.katalon.core.testobject.ObjectRepository.findTestObject(Emergency/Page_Store/select_--Select--BA1150BA4110)): 2 options of object 'Object Repository/Emergency/Page_Store/select_--Select--BA1150BA4110' counted

2018-06-10 19:53:48 - [MESSAGE][PASSED] - 2 options of object 'Object Repository/Emergency/Page_Store/select_--Select--BA1150BA4110' counted

2018-06-10 19:53:48 - [TEST_STEP][PASSED] - Statement - For ([g = 1, g <= BatchNumber - 1, (g++)]): null

2018-06-10 19:53:48 - [TEST_STEP][PASSED] - selectOptionByIndex: All options with index in [1] are selected on object 'Object Repository/Emergency/Page_Store/select_--Select--BA1150BA4110'

2018-06-10 19:53:48 - [MESSAGE][PASSED] - All options with index in [1] are selected on object 'Object Repository/Emergency/Page_Store/select_--Select--BA1150BA4110'

2018-06-10 19:53:48 - [TEST_STEP][PASSED] - delay: Delayed 2 second(s)

2018-06-10 19:53:50 - [MESSAGE][PASSED] - Delayed 2 second(s)

2018-06-10 19:53:50 - [TEST_STEP][PASSED] - Statement - Try: null

2018-06-10 19:53:50 - [TEST_STEP][PASSED] - Statement - StockQty = com.kms.katalon.core.webui.keyword.WebUiBuiltInKeywords.getAttribute(com.kms.katalon.core.testobject.ObjectRepository.findTestObject(Emergency/Page_Store/input_txtprice), "value"): Attribute 'value' of object 'Object Repository/Emergency/Page_Store/input_txtprice' is: '2090'

2018-06-10 19:53:50 - [MESSAGE][PASSED] - Attribute 'value' of object 'Object Repository/Emergency/Page_Store/input_txtprice' is: '2090'

2018-06-10 19:53:50 - [TEST_STEP][PASSED] - Statement - out.println("Stock QTY : " + StockQty): null

2018-06-10 19:53:50 - [TEST_STEP][PASSED] - delay: Delayed 2 second(s)

2018-06-10 19:53:52 - [MESSAGE][PASSED] - Delayed 2 second(s)

2018-06-10 19:53:52 - [TEST_STEP][PASSED] - Statement - If (java.lang.Integer.valueOf(StockQty) >= java.lang.Integer.valueOf(RequestedQty)): null

2018-06-10 19:53:52 - [TEST_STEP][PASSED] - delay: Delayed 1 second(s)

2018-06-10 19:53:53 - [MESSAGE][PASSED] - Delayed 1 second(s)

2018-06-10 19:53:53 - [TEST_STEP][PASSED] - setText: Text '10' is set on object 'Object Repository/Emergency/Page_Store/input_txtqty'

2018-06-10 19:53:53 - [MESSAGE][PASSED] - Text '10' is set on object 'Object Repository/Emergency/Page_Store/input_txtqty'

2018-06-10 19:53:53 - [TEST_STEP][PASSED] - click: Object: 'Object Repository/Emergency/Page_Store/button_Add' is clicked on

2018-06-10 19:53:53 - [MESSAGE][PASSED] - Object: 'Object Repository/Emergency/Page_Store/button_Add' is clicked on

2018-06-10 19:53:53 - [TEST_STEP][PASSED] - Statement - Break: null

2018-06-10 19:53:53 - [TEST_STEP][PASSED] - selectOptionByIndex: All options with index in [33] are selected on object 'Object Repository/Emergency/Page_Store/select_--Select--Amikacin -500'

2018-06-10 19:53:53 - [MESSAGE][PASSED] - All options with index in [33] are selected on object 'Object Repository/Emergency/Page_Store/select_--Select--Amikacin -500'

2018-06-10 19:53:53 - [TEST_STEP][PASSED] - delay: Delayed 2 second(s)

2018-06-10 19:53:55 - [MESSAGE][PASSED] - Delayed 2 second(s)

2018-06-10 19:53:55 - [TEST_STEP][PASSED] - Statement - RequestedQty = com.kms.katalon.core.webui.keyword.WebUiBuiltInKeywords.getAttribute(com.kms.katalon.core.testobject.ObjectRepository.findTestObject(Emergency/Page_Store/input_txttotal), "value"): Attribute 'value' of object 'Object Repository/Emergency/Page_Store/input_txttotal' is: '10'

2018-06-10 19:53:55 - [MESSAGE][PASSED] - Attribute 'value' of object 'Object Repository/Emergency/Page_Store/input_txttotal' is: '10'

2018-06-10 19:53:55 - [TEST_STEP][PASSED] - Statement - out.println("Requested QTY : " + RequestedQty): null

2018-06-10 19:53:55 - [TEST_STEP][PASSED] - Statement - BatchNumber = com.kms.katalon.core.webui.keyword.WebUiBuiltInKeywords.getNumberOfTotalOption(com.kms.katalon.core.testobject.ObjectRepository.findTestObject(Emergency/Page_Store/select_--Select--BA1150BA4110)): 3 options of object 'Object Repository/Emergency/Page_Store/select_--Select--BA1150BA4110' counted

2018-06-10 19:53:55 - [MESSAGE][PASSED] - 3 options of object 'Object Repository/Emergency/Page_Store/select_--Select--BA1150BA4110' counted

2018-06-10 19:53:55 - [TEST_STEP][PASSED] - Statement - For ([g = 1, g <= BatchNumber - 1, (g++)]): null

2018-06-10 19:53:55 - [TEST_STEP][PASSED] - selectOptionByIndex: All options with index in [1] are selected on object 'Object Repository/Emergency/Page_Store/select_--Select--BA1150BA4110'

2018-06-10 19:53:56 - [MESSAGE][PASSED] - All options with index in [1] are selected on object 'Object Repository/Emergency/Page_Store/select_--Select--BA1150BA4110'

2018-06-10 19:53:56 - [TEST_STEP][PASSED] - delay: Delayed 2 second(s)

2018-06-10 19:53:58 - [MESSAGE][PASSED] - Delayed 2 second(s)

2018-06-10 19:53:58 - [TEST_STEP][PASSED] - Statement - Try: null

2018-06-10 19:53:58 - [TEST_STEP][PASSED] - Statement - StockQty = com.kms.katalon.core.webui.keyword.WebUiBuiltInKeywords.getAttribute(com.kms.katalon.core.testobject.ObjectRepository.findTestObject(Emergency/Page_Store/input_txtprice), "value"): Attribute 'value' of object 'Object Repository/Emergency/Page_Store/input_txtprice' is: '1990'

2018-06-10 19:53:58 - [MESSAGE][PASSED] - Attribute 'value' of object 'Object Repository/Emergency/Page_Store/input_txtprice' is: '1990'

2018-06-10 19:53:58 - [TEST_STEP][PASSED] - Statement - out.println("Stock QTY : " + StockQty): null

2018-06-10 19:53:58 - [TEST_STEP][PASSED] - delay: Delayed 2 second(s)

2018-06-10 19:54:00 - [MESSAGE][PASSED] - Delayed 2 second(s)

2018-06-10 19:54:00 - [TEST_STEP][PASSED] - Statement - If (java.lang.Integer.valueOf(StockQty) >= java.lang.Integer.valueOf(RequestedQty)): null

2018-06-10 19:54:00 - [TEST_STEP][PASSED] - delay: Delayed 1 second(s)

2018-06-10 19:54:01 - [MESSAGE][PASSED] - Delayed 1 second(s)

2018-06-10 19:54:01 - [TEST_STEP][PASSED] - setText: Text '10' is set on object 'Object Repository/Emergency/Page_Store/input_txtqty'

2018-06-10 19:54:01 - [MESSAGE][PASSED] - Text '10' is set on object 'Object Repository/Emergency/Page_Store/input_txtqty'

2018-06-10 19:54:01 - [TEST_STEP][PASSED] - click: Object: 'Object Repository/Emergency/Page_Store/button_Add' is clicked on

2018-06-10 19:54:01 - [MESSAGE][PASSED] - Object: 'Object Repository/Emergency/Page_Store/button_Add' is clicked on

2018-06-10 19:54:01 - [TEST_STEP][PASSED] - Statement - Break: null

2018-06-10 19:54:01 - [TEST_STEP][PASSED] - selectOptionByIndex: All options with index in [34] are selected on object 'Object Repository/Emergency/Page_Store/select_--Select--Amikacin -500'

2018-06-10 19:54:01 - [MESSAGE][PASSED] - All options with index in [34] are selected on object 'Object Repository/Emergency/Page_Store/select_--Select--Amikacin -500'

2018-06-10 19:54:01 - [TEST_STEP][PASSED] - delay: Delayed 2 second(s)

2018-06-10 19:54:03 - [MESSAGE][PASSED] - Delayed 2 second(s)

2018-06-10 19:54:03 - [TEST_STEP][PASSED] - Statement - RequestedQty = com.kms.katalon.core.webui.keyword.WebUiBuiltInKeywords.getAttribute(com.kms.katalon.core.testobject.ObjectRepository.findTestObject(Emergency/Page_Store/input_txttotal), "value"): Attribute 'value' of object 'Object Repository/Emergency/Page_Store/input_txttotal' is: '10'

2018-06-10 19:54:03 - [MESSAGE][PASSED] - Attribute 'value' of object 'Object Repository/Emergency/Page_Store/input_txttotal' is: '10'

2018-06-10 19:54:03 - [TEST_STEP][PASSED] - Statement - out.println("Requested QTY : " + RequestedQty): null

2018-06-10 19:54:03 - [TEST_STEP][PASSED] - Statement - BatchNumber = com.kms.katalon.core.webui.keyword.WebUiBuiltInKeywords.getNumberOfTotalOption(com.kms.katalon.core.testobject.ObjectRepository.findTestObject(Emergency/Page_Store/select_--Select--BA1150BA4110)): 3 options of object 'Object Repository/Emergency/Page_Store/select_--Select--BA1150BA4110' counted

2018-06-10 19:54:03 - [MESSAGE][PASSED] - 3 options of object 'Object Repository/Emergency/Page_Store/select_--Select--BA1150BA4110' counted

2018-06-10 19:54:03 - [TEST_STEP][PASSED] - Statement - For ([g = 1, g <= BatchNumber - 1, (g++)]): null

2018-06-10 19:54:03 - [TEST_STEP][PASSED] - selectOptionByIndex: All options with index in [1] are selected on object 'Object Repository/Emergency/Page_Store/select_--Select--BA1150BA4110'

2018-06-10 19:54:03 - [MESSAGE][PASSED] - All options with index in [1] are selected on object 'Object Repository/Emergency/Page_Store/select_--Select--BA1150BA4110'

2018-06-10 19:54:03 - [TEST_STEP][PASSED] - delay: Delayed 2 second(s)

2018-06-10 19:54:05 - [MESSAGE][PASSED] - Delayed 2 second(s)

2018-06-10 19:54:05 - [TEST_STEP][PASSED] - Statement - Try: null

2018-06-10 19:54:05 - [TEST_STEP][PASSED] - Statement - StockQty = com.kms.katalon.core.webui.keyword.WebUiBuiltInKeywords.getAttribute(com.kms.katalon.core.testobject.ObjectRepository.findTestObject(Emergency/Page_Store/input_txtprice), "value"): Attribute 'value' of object 'Object Repository/Emergency/Page_Store/input_txtprice' is: '1070'

2018-06-10 19:54:05 - [MESSAGE][PASSED] - Attribute 'value' of object 'Object Repository/Emergency/Page_Store/input_txtprice' is: '1070'

2018-06-10 19:54:05 - [TEST_STEP][PASSED] - Statement - out.println("Stock QTY : " + StockQty): null

2018-06-10 19:54:05 - [TEST_STEP][PASSED] - delay: Delayed 2 second(s)

2018-06-10 19:54:07 - [MESSAGE][PASSED] - Delayed 2 second(s)

2018-06-10 19:54:07 - [TEST_STEP][PASSED] - Statement - If (java.lang.Integer.valueOf(StockQty) >= java.lang.Integer.valueOf(RequestedQty)): null

2018-06-10 19:54:07 - [TEST_STEP][PASSED] - delay: Delayed 1 second(s)

2018-06-10 19:54:08 - [MESSAGE][PASSED] - Delayed 1 second(s)

2018-06-10 19:54:08 - [TEST_STEP][PASSED] - setText: Text '10' is set on object 'Object Repository/Emergency/Page_Store/input_txtqty'

2018-06-10 19:54:08 - [MESSAGE][PASSED] - Text '10' is set on object 'Object Repository/Emergency/Page_Store/input_txtqty'

2018-06-10 19:54:08 - [TEST_STEP][PASSED] - click: Object: 'Object Repository/Emergency/Page_Store/button_Add' is clicked on

2018-06-10 19:54:09 - [MESSAGE][PASSED] - Object: 'Object Repository/Emergency/Page_Store/button_Add' is clicked on

2018-06-10 19:54:09 - [TEST_STEP][PASSED] - Statement - Break: null

2018-06-10 19:54:09 - [TEST_STEP][PASSED] - selectOptionByIndex: All options with index in [35] are selected on object 'Object Repository/Emergency/Page_Store/select_--Select--Amikacin -500'

2018-06-10 19:54:09 - [MESSAGE][PASSED] - All options with index in [35] are selected on object 'Object Repository/Emergency/Page_Store/select_--Select--Amikacin -500'

2018-06-10 19:54:09 - [TEST_STEP][PASSED] - delay: Delayed 2 second(s)

2018-06-10 19:54:11 - [MESSAGE][PASSED] - Delayed 2 second(s)

2018-06-10 19:54:11 - [TEST_STEP][PASSED] - Statement - RequestedQty = com.kms.katalon.core.webui.keyword.WebUiBuiltInKeywords.getAttribute(com.kms.katalon.core.testobject.ObjectRepository.findTestObject(Emergency/Page_Store/input_txttotal), "value"): Attribute 'value' of object 'Object Repository/Emergency/Page_Store/input_txttotal' is: '10'

2018-06-10 19:54:11 - [MESSAGE][PASSED] - Attribute 'value' of object 'Object Repository/Emergency/Page_Store/input_txttotal' is: '10'

2018-06-10 19:54:11 - [TEST_STEP][PASSED] - Statement - out.println("Requested QTY : " + RequestedQty): null

2018-06-10 19:54:11 - [TEST_STEP][PASSED] - Statement - BatchNumber = com.kms.katalon.core.webui.keyword.WebUiBuiltInKeywords.getNumberOfTotalOption(com.kms.katalon.core.testobject.ObjectRepository.findTestObject(Emergency/Page_Store/select_--Select--BA1150BA4110)): 5 options of object 'Object Repository/Emergency/Page_Store/select_--Select--BA1150BA4110' counted

2018-06-10 19:54:11 - [MESSAGE][PASSED] - 5 options of object 'Object Repository/Emergency/Page_Store/select_--Select--BA1150BA4110' counted

2018-06-10 19:54:11 - [TEST_STEP][PASSED] - Statement - For ([g = 1, g <= BatchNumber - 1, (g++)]): null

2018-06-10 19:54:11 - [TEST_STEP][PASSED] - selectOptionByIndex: All options with index in [1] are selected on object 'Object Repository/Emergency/Page_Store/select_--Select--BA1150BA4110'

2018-06-10 19:54:11 - [MESSAGE][PASSED] - All options with index in [1] are selected on object 'Object Repository/Emergency/Page_Store/select_--Select--BA1150BA4110'

2018-06-10 19:54:11 - [TEST_STEP][PASSED] - delay: Delayed 2 second(s)

2018-06-10 19:54:13 - [MESSAGE][PASSED] - Delayed 2 second(s)

2018-06-10 19:54:13 - [TEST_STEP][PASSED] - Statement - Try: null

2018-06-10 19:54:13 - [TEST_STEP][PASSED] - Statement - StockQty = com.kms.katalon.core.webui.keyword.WebUiBuiltInKeywords.getAttribute(com.kms.katalon.core.testobject.ObjectRepository.findTestObject(Emergency/Page_Store/input_txtprice), "value"): Attribute 'value' of object 'Object Repository/Emergency/Page_Store/input_txtprice' is: '240'

2018-06-10 19:54:13 - [MESSAGE][PASSED] - Attribute 'value' of object 'Object Repository/Emergency/Page_Store/input_txtprice' is: '240'

2018-06-10 19:54:13 - [TEST_STEP][PASSED] - Statement - out.println("Stock QTY : " + StockQty): null

2018-06-10 19:54:13 - [TEST_STEP][PASSED] - delay: Delayed 2 second(s)

2018-06-10 19:54:15 - [MESSAGE][PASSED] - Delayed 2 second(s)

2018-06-10 19:54:15 - [TEST_STEP][PASSED] - Statement - If (java.lang.Integer.valueOf(StockQty) >= java.lang.Integer.valueOf(RequestedQty)): null

2018-06-10 19:54:15 - [TEST_STEP][PASSED] - delay: Delayed 1 second(s)

2018-06-10 19:54:16 - [MESSAGE][PASSED] - Delayed 1 second(s)

2018-06-10 19:54:16 - [TEST_STEP][PASSED] - setText: Text '10' is set on object 'Object Repository/Emergency/Page_Store/input_txtqty'

2018-06-10 19:54:16 - [MESSAGE][PASSED] - Text '10' is set on object 'Object Repository/Emergency/Page_Store/input_txtqty'

2018-06-10 19:54:16 - [TEST_STEP][PASSED] - click: Object: 'Object Repository/Emergency/Page_Store/button_Add' is clicked on

2018-06-10 19:54:16 - [MESSAGE][PASSED] - Object: 'Object Repository/Emergency/Page_Store/button_Add' is clicked on

2018-06-10 19:54:16 - [TEST_STEP][PASSED] - Statement - Break: null

2018-06-10 19:54:16 - [TEST_STEP][PASSED] - scrollToElement: Scroll to object 'Object Repository/Emergency/Page_Store/input_btnSubmit' successfully

2018-06-10 19:54:16 - [MESSAGE][PASSED] - Scroll to object 'Object Repository/Emergency/Page_Store/input_btnSubmit' successfully

2018-06-10 19:54:16 - [TEST_STEP][PASSED] - Statement - Try: Object: 'Object Repository/lab/Page_Store/button_OK' is clicked on

2018-06-10 19:54:16 - [TEST_STEP][PASSED] - click: Object: 'Object Repository/Emergency/Page_Store/input_btnSubmit' is clicked on

2018-06-10 19:54:17 - [MESSAGE][PASSED] - Object: 'Object Repository/Emergency/Page_Store/input_btnSubmit' is clicked on

2018-06-10 19:54:17 - [TEST_STEP][PASSED] - delay: Delayed 3 second(s)

2018-06-10 19:54:20 - [MESSAGE][PASSED] - Delayed 3 second(s)

2018-06-10 19:54:20 - [TEST_STEP][PASSED] - click: Object: 'Object Repository/lab/Page_Store/button_OK' is clicked on

2018-06-10 19:54:21 - [MESSAGE][PASSED] - Object: 'Object Repository/lab/Page_Store/button_OK' is clicked on

2018-06-10 19:54:21 - [TEST_STEP][PASSED] - delay: Delayed 3 second(s)

2018-06-10 19:54:24 - [MESSAGE][PASSED] - Delayed 3 second(s)

2018-06-10 19:54:24 - [TEST_STEP][PASSED] - click: Object: 'Object Repository/Emergency/Page_Store/a_dropdown-toggle' is clicked on

2018-06-10 19:54:24 - [MESSAGE][PASSED] - Object: 'Object Repository/Emergency/Page_Store/a_dropdown-toggle' is clicked on

2018-06-10 19:54:24 - [TEST_STEP][PASSED] - click: Object: 'Object Repository/Emergency/Page_Store/a_Sign out' is clicked on

2018-06-10 19:54:25 - [MESSAGE][PASSED] - Object: 'Object Repository/Emergency/Page_Store/a_Sign out' is clicked on

2018-06-10 19:54:25 - [TEST_STEP][PASSED] - closeBrowser: Browser is closed

2018-06-10 19:54:25 - [MESSAGE][PASSED] - Browser is closed

2018-06-10 19:54:25 - [TEST_STEP][PASSED] - Statement - out.println("Schedule 3 Emergency Request Are Working Successfully"): null]]></system-out>
         <system-err><![CDATA[]]></system-err>
      </testcase>
      <testcase name="Test Cases/EMERGENCY TEST CASES/TC_ER_003 Verify Schedule 5 Emergency  Request Are Working Successfully Or Not" classname="Test Cases/EMERGENCY TEST CASES/TC_ER_003 Verify Schedule 5 Emergency  Request Are Working Successfully Or Not" status="PASSED">
         <system-out><![CDATA[2018-06-10 19:54:25 - [TEST_CASE][PASSED] - Test Cases/EMERGENCY TEST CASES/TC_ER_003 Verify Schedule 5 Emergency  Request Are Working Successfully Or Not: Test Cases/EMERGENCY TEST CASES/TC_ER_003 Verify Schedule 5 Emergency  Request Are Working Successfully Or Not

2018-06-10 19:54:26 - [TEST_STEP][PASSED] - openBrowser: Browser is opened with url: ''

2018-06-10 19:54:28 - [MESSAGE][PASSED] - Browser is opened with url: ''

2018-06-10 19:54:28 - [TEST_STEP][PASSED] - Statement - out.println("Verify Schedule 5 Emergency  Request Are Working Successfully Or Not"): null

2018-06-10 19:54:28 - [TEST_STEP][PASSED] - navigateToUrl: Navigate to 'http://192.168.137.1/Multihospital_New/EmergencyLogin.aspx' successfully

2018-06-10 19:54:29 - [MESSAGE][PASSED] - Navigate to 'http://192.168.137.1/Multihospital_New/EmergencyLogin.aspx' successfully

2018-06-10 19:54:29 - [TEST_STEP][PASSED] - maximizeWindow: Current window maximized

2018-06-10 19:54:30 - [MESSAGE][PASSED] - Current window maximized

2018-06-10 19:54:30 - [TEST_STEP][PASSED] - setText: Text 'nivetha' is set on object 'Object Repository/Emergency/Page_Emergency login/input_txtusername'

2018-06-10 19:54:31 - [MESSAGE][PASSED] - Text 'nivetha' is set on object 'Object Repository/Emergency/Page_Emergency login/input_txtusername'

2018-06-10 19:54:31 - [TEST_STEP][PASSED] - setText: Text '123' is set on object 'Object Repository/Emergency/Page_Emergency login/input_txtpassword'

2018-06-10 19:54:31 - [MESSAGE][PASSED] - Text '123' is set on object 'Object Repository/Emergency/Page_Emergency login/input_txtpassword'

2018-06-10 19:54:31 - [TEST_STEP][PASSED] - delay: Delayed 3 second(s)

2018-06-10 19:54:34 - [MESSAGE][PASSED] - Delayed 3 second(s)

2018-06-10 19:54:34 - [TEST_STEP][PASSED] - click: Object: 'Object Repository/Emergency/Page_Emergency login/button_Sign in' is clicked on

2018-06-10 19:54:35 - [MESSAGE][PASSED] - Object: 'Object Repository/Emergency/Page_Emergency login/button_Sign in' is clicked on

2018-06-10 19:54:35 - [TEST_STEP][PASSED] - delay: Delayed 3 second(s)

2018-06-10 19:54:38 - [MESSAGE][PASSED] - Delayed 3 second(s)

2018-06-10 19:54:38 - [TEST_STEP][PASSED] - click: Object: 'Object Repository/Emergency/Page_KDMC - Emergency/a_Store Request' is clicked on

2018-06-10 19:54:38 - [MESSAGE][PASSED] - Object: 'Object Repository/Emergency/Page_KDMC - Emergency/a_Store Request' is clicked on

2018-06-10 19:54:38 - [TEST_STEP][PASSED] - delay: Delayed 2 second(s)

2018-06-10 19:54:40 - [MESSAGE][PASSED] - Delayed 2 second(s)

2018-06-10 19:54:40 - [TEST_STEP][PASSED] - click: Object: 'Object Repository/Emergency/Page_KDMC - Emergency/a_Medicine Request' is clicked on

2018-06-10 19:54:40 - [MESSAGE][PASSED] - Object: 'Object Repository/Emergency/Page_KDMC - Emergency/a_Medicine Request' is clicked on

2018-06-10 19:54:40 - [TEST_STEP][PASSED] - delay: Delayed 2 second(s)

2018-06-10 19:54:42 - [MESSAGE][PASSED] - Delayed 2 second(s)

2018-06-10 19:54:42 - [TEST_STEP][PASSED] - selectOptionByIndex: All options with index in [3] are selected on object 'Object Repository/Emergency/Page_KDMC - Emergency/select_--Select--Schedule 1Inj'

2018-06-10 19:54:42 - [MESSAGE][PASSED] - All options with index in [3] are selected on object 'Object Repository/Emergency/Page_KDMC - Emergency/select_--Select--Schedule 1Inj'

2018-06-10 19:54:42 - [TEST_STEP][PASSED] - Statement - seletedoptions = com.kms.katalon.core.webui.keyword.WebUiBuiltInKeywords.getNumberOfTotalOption(com.kms.katalon.core.testobject.ObjectRepository.findTestObject(Emergency/Page_KDMC - Emergency/select_--Select--Adernaline 0.)): 17 options of object 'Object Repository/Emergency/Page_KDMC - Emergency/select_--Select--Adernaline 0.' counted

2018-06-10 19:54:43 - [MESSAGE][PASSED] - 17 options of object 'Object Repository/Emergency/Page_KDMC - Emergency/select_--Select--Adernaline 0.' counted

2018-06-10 19:54:43 - [TEST_STEP][PASSED] - Statement - out.println(seletedoptions): null

2018-06-10 19:54:43 - [TEST_STEP][PASSED] - Statement - For ([u = 1, u < seletedoptions, (u++)]): Object: 'Object Repository/Emergency/Page_KDMC - Emergency/button_Add' is clicked on

2018-06-10 19:54:43 - [TEST_STEP][PASSED] - selectOptionByIndex: All options with index in [3] are selected on object 'Object Repository/Emergency/Page_KDMC - Emergency/select_--Select--Schedule 1Inj'

2018-06-10 19:54:43 - [MESSAGE][PASSED] - All options with index in [3] are selected on object 'Object Repository/Emergency/Page_KDMC - Emergency/select_--Select--Schedule 1Inj'

2018-06-10 19:54:43 - [TEST_STEP][PASSED] - delay: Delayed 1 second(s)

2018-06-10 19:54:44 - [MESSAGE][PASSED] - Delayed 1 second(s)

2018-06-10 19:54:44 - [TEST_STEP][PASSED] - selectOptionByIndex: All options with index in [1] are selected on object 'Object Repository/Emergency/Page_KDMC - Emergency/select_--Select--Adernaline 0.'

2018-06-10 19:54:44 - [MESSAGE][PASSED] - All options with index in [1] are selected on object 'Object Repository/Emergency/Page_KDMC - Emergency/select_--Select--Adernaline 0.'

2018-06-10 19:54:44 - [TEST_STEP][PASSED] - delay: Delayed 1 second(s)

2018-06-10 19:54:45 - [MESSAGE][PASSED] - Delayed 1 second(s)

2018-06-10 19:54:45 - [TEST_STEP][PASSED] - setText: Text '10' is set on object 'Object Repository/Emergency/Page_KDMC - Emergency/input_txttreat'

2018-06-10 19:54:45 - [MESSAGE][PASSED] - Text '10' is set on object 'Object Repository/Emergency/Page_KDMC - Emergency/input_txttreat'

2018-06-10 19:54:45 - [TEST_STEP][PASSED] - click: Object: 'Object Repository/Emergency/Page_KDMC - Emergency/button_Add' is clicked on

2018-06-10 19:54:45 - [MESSAGE][PASSED] - Object: 'Object Repository/Emergency/Page_KDMC - Emergency/button_Add' is clicked on

2018-06-10 19:54:45 - [TEST_STEP][PASSED] - selectOptionByIndex: All options with index in [3] are selected on object 'Object Repository/Emergency/Page_KDMC - Emergency/select_--Select--Schedule 1Inj'

2018-06-10 19:54:45 - [MESSAGE][PASSED] - All options with index in [3] are selected on object 'Object Repository/Emergency/Page_KDMC - Emergency/select_--Select--Schedule 1Inj'

2018-06-10 19:54:45 - [TEST_STEP][PASSED] - delay: Delayed 1 second(s)

2018-06-10 19:54:46 - [MESSAGE][PASSED] - Delayed 1 second(s)

2018-06-10 19:54:46 - [TEST_STEP][PASSED] - selectOptionByIndex: All options with index in [2] are selected on object 'Object Repository/Emergency/Page_KDMC - Emergency/select_--Select--Adernaline 0.'

2018-06-10 19:54:46 - [MESSAGE][PASSED] - All options with index in [2] are selected on object 'Object Repository/Emergency/Page_KDMC - Emergency/select_--Select--Adernaline 0.'

2018-06-10 19:54:46 - [TEST_STEP][PASSED] - delay: Delayed 1 second(s)

2018-06-10 19:54:47 - [MESSAGE][PASSED] - Delayed 1 second(s)

2018-06-10 19:54:47 - [TEST_STEP][PASSED] - setText: Text '10' is set on object 'Object Repository/Emergency/Page_KDMC - Emergency/input_txttreat'

2018-06-10 19:54:47 - [MESSAGE][PASSED] - Text '10' is set on object 'Object Repository/Emergency/Page_KDMC - Emergency/input_txttreat'

2018-06-10 19:54:47 - [TEST_STEP][PASSED] - click: Object: 'Object Repository/Emergency/Page_KDMC - Emergency/button_Add' is clicked on

2018-06-10 19:54:47 - [MESSAGE][PASSED] - Object: 'Object Repository/Emergency/Page_KDMC - Emergency/button_Add' is clicked on

2018-06-10 19:54:47 - [TEST_STEP][PASSED] - selectOptionByIndex: All options with index in [3] are selected on object 'Object Repository/Emergency/Page_KDMC - Emergency/select_--Select--Schedule 1Inj'

2018-06-10 19:54:48 - [MESSAGE][PASSED] - All options with index in [3] are selected on object 'Object Repository/Emergency/Page_KDMC - Emergency/select_--Select--Schedule 1Inj'

2018-06-10 19:54:48 - [TEST_STEP][PASSED] - delay: Delayed 1 second(s)

2018-06-10 19:54:49 - [MESSAGE][PASSED] - Delayed 1 second(s)

2018-06-10 19:54:49 - [TEST_STEP][PASSED] - selectOptionByIndex: All options with index in [3] are selected on object 'Object Repository/Emergency/Page_KDMC - Emergency/select_--Select--Adernaline 0.'

2018-06-10 19:54:49 - [MESSAGE][PASSED] - All options with index in [3] are selected on object 'Object Repository/Emergency/Page_KDMC - Emergency/select_--Select--Adernaline 0.'

2018-06-10 19:54:49 - [TEST_STEP][PASSED] - delay: Delayed 1 second(s)

2018-06-10 19:54:50 - [MESSAGE][PASSED] - Delayed 1 second(s)

2018-06-10 19:54:50 - [TEST_STEP][PASSED] - setText: Text '10' is set on object 'Object Repository/Emergency/Page_KDMC - Emergency/input_txttreat'

2018-06-10 19:54:50 - [MESSAGE][PASSED] - Text '10' is set on object 'Object Repository/Emergency/Page_KDMC - Emergency/input_txttreat'

2018-06-10 19:54:50 - [TEST_STEP][PASSED] - click: Object: 'Object Repository/Emergency/Page_KDMC - Emergency/button_Add' is clicked on

2018-06-10 19:54:50 - [MESSAGE][PASSED] - Object: 'Object Repository/Emergency/Page_KDMC - Emergency/button_Add' is clicked on

2018-06-10 19:54:50 - [TEST_STEP][PASSED] - selectOptionByIndex: All options with index in [3] are selected on object 'Object Repository/Emergency/Page_KDMC - Emergency/select_--Select--Schedule 1Inj'

2018-06-10 19:54:50 - [MESSAGE][PASSED] - All options with index in [3] are selected on object 'Object Repository/Emergency/Page_KDMC - Emergency/select_--Select--Schedule 1Inj'

2018-06-10 19:54:50 - [TEST_STEP][PASSED] - delay: Delayed 1 second(s)

2018-06-10 19:54:51 - [MESSAGE][PASSED] - Delayed 1 second(s)

2018-06-10 19:54:51 - [TEST_STEP][PASSED] - selectOptionByIndex: All options with index in [4] are selected on object 'Object Repository/Emergency/Page_KDMC - Emergency/select_--Select--Adernaline 0.'

2018-06-10 19:54:51 - [MESSAGE][PASSED] - All options with index in [4] are selected on object 'Object Repository/Emergency/Page_KDMC - Emergency/select_--Select--Adernaline 0.'

2018-06-10 19:54:51 - [TEST_STEP][PASSED] - delay: Delayed 1 second(s)

2018-06-10 19:54:52 - [MESSAGE][PASSED] - Delayed 1 second(s)

2018-06-10 19:54:52 - [TEST_STEP][PASSED] - setText: Text '10' is set on object 'Object Repository/Emergency/Page_KDMC - Emergency/input_txttreat'

2018-06-10 19:54:52 - [MESSAGE][PASSED] - Text '10' is set on object 'Object Repository/Emergency/Page_KDMC - Emergency/input_txttreat'

2018-06-10 19:54:52 - [TEST_STEP][PASSED] - click: Object: 'Object Repository/Emergency/Page_KDMC - Emergency/button_Add' is clicked on

2018-06-10 19:54:52 - [MESSAGE][PASSED] - Object: 'Object Repository/Emergency/Page_KDMC - Emergency/button_Add' is clicked on

2018-06-10 19:54:52 - [TEST_STEP][PASSED] - selectOptionByIndex: All options with index in [3] are selected on object 'Object Repository/Emergency/Page_KDMC - Emergency/select_--Select--Schedule 1Inj'

2018-06-10 19:54:52 - [MESSAGE][PASSED] - All options with index in [3] are selected on object 'Object Repository/Emergency/Page_KDMC - Emergency/select_--Select--Schedule 1Inj'

2018-06-10 19:54:52 - [TEST_STEP][PASSED] - delay: Delayed 1 second(s)

2018-06-10 19:54:53 - [MESSAGE][PASSED] - Delayed 1 second(s)

2018-06-10 19:54:53 - [TEST_STEP][PASSED] - selectOptionByIndex: All options with index in [5] are selected on object 'Object Repository/Emergency/Page_KDMC - Emergency/select_--Select--Adernaline 0.'

2018-06-10 19:54:54 - [MESSAGE][PASSED] - All options with index in [5] are selected on object 'Object Repository/Emergency/Page_KDMC - Emergency/select_--Select--Adernaline 0.'

2018-06-10 19:54:54 - [TEST_STEP][PASSED] - delay: Delayed 1 second(s)

2018-06-10 19:54:55 - [MESSAGE][PASSED] - Delayed 1 second(s)

2018-06-10 19:54:55 - [TEST_STEP][PASSED] - setText: Text '10' is set on object 'Object Repository/Emergency/Page_KDMC - Emergency/input_txttreat'

2018-06-10 19:54:55 - [MESSAGE][PASSED] - Text '10' is set on object 'Object Repository/Emergency/Page_KDMC - Emergency/input_txttreat'

2018-06-10 19:54:55 - [TEST_STEP][PASSED] - click: Object: 'Object Repository/Emergency/Page_KDMC - Emergency/button_Add' is clicked on

2018-06-10 19:54:55 - [MESSAGE][PASSED] - Object: 'Object Repository/Emergency/Page_KDMC - Emergency/button_Add' is clicked on

2018-06-10 19:54:55 - [TEST_STEP][PASSED] - selectOptionByIndex: All options with index in [3] are selected on object 'Object Repository/Emergency/Page_KDMC - Emergency/select_--Select--Schedule 1Inj'

2018-06-10 19:54:55 - [MESSAGE][PASSED] - All options with index in [3] are selected on object 'Object Repository/Emergency/Page_KDMC - Emergency/select_--Select--Schedule 1Inj'

2018-06-10 19:54:55 - [TEST_STEP][PASSED] - delay: Delayed 1 second(s)

2018-06-10 19:54:56 - [MESSAGE][PASSED] - Delayed 1 second(s)

2018-06-10 19:54:56 - [TEST_STEP][PASSED] - selectOptionByIndex: All options with index in [6] are selected on object 'Object Repository/Emergency/Page_KDMC - Emergency/select_--Select--Adernaline 0.'

2018-06-10 19:54:56 - [MESSAGE][PASSED] - All options with index in [6] are selected on object 'Object Repository/Emergency/Page_KDMC - Emergency/select_--Select--Adernaline 0.'

2018-06-10 19:54:56 - [TEST_STEP][PASSED] - delay: Delayed 1 second(s)

2018-06-10 19:54:57 - [MESSAGE][PASSED] - Delayed 1 second(s)

2018-06-10 19:54:57 - [TEST_STEP][PASSED] - setText: Text '10' is set on object 'Object Repository/Emergency/Page_KDMC - Emergency/input_txttreat'

2018-06-10 19:54:57 - [MESSAGE][PASSED] - Text '10' is set on object 'Object Repository/Emergency/Page_KDMC - Emergency/input_txttreat'

2018-06-10 19:54:57 - [TEST_STEP][PASSED] - click: Object: 'Object Repository/Emergency/Page_KDMC - Emergency/button_Add' is clicked on

2018-06-10 19:54:57 - [MESSAGE][PASSED] - Object: 'Object Repository/Emergency/Page_KDMC - Emergency/button_Add' is clicked on

2018-06-10 19:54:57 - [TEST_STEP][PASSED] - selectOptionByIndex: All options with index in [3] are selected on object 'Object Repository/Emergency/Page_KDMC - Emergency/select_--Select--Schedule 1Inj'

2018-06-10 19:54:57 - [MESSAGE][PASSED] - All options with index in [3] are selected on object 'Object Repository/Emergency/Page_KDMC - Emergency/select_--Select--Schedule 1Inj'

2018-06-10 19:54:57 - [TEST_STEP][PASSED] - delay: Delayed 1 second(s)

2018-06-10 19:54:58 - [MESSAGE][PASSED] - Delayed 1 second(s)

2018-06-10 19:54:58 - [TEST_STEP][PASSED] - selectOptionByIndex: All options with index in [7] are selected on object 'Object Repository/Emergency/Page_KDMC - Emergency/select_--Select--Adernaline 0.'

2018-06-10 19:54:59 - [MESSAGE][PASSED] - All options with index in [7] are selected on object 'Object Repository/Emergency/Page_KDMC - Emergency/select_--Select--Adernaline 0.'

2018-06-10 19:54:59 - [TEST_STEP][PASSED] - delay: Delayed 1 second(s)

2018-06-10 19:55:00 - [MESSAGE][PASSED] - Delayed 1 second(s)

2018-06-10 19:55:00 - [TEST_STEP][PASSED] - setText: Text '10' is set on object 'Object Repository/Emergency/Page_KDMC - Emergency/input_txttreat'

2018-06-10 19:55:00 - [MESSAGE][PASSED] - Text '10' is set on object 'Object Repository/Emergency/Page_KDMC - Emergency/input_txttreat'

2018-06-10 19:55:00 - [TEST_STEP][PASSED] - click: Object: 'Object Repository/Emergency/Page_KDMC - Emergency/button_Add' is clicked on

2018-06-10 19:55:00 - [MESSAGE][PASSED] - Object: 'Object Repository/Emergency/Page_KDMC - Emergency/button_Add' is clicked on

2018-06-10 19:55:00 - [TEST_STEP][PASSED] - selectOptionByIndex: All options with index in [3] are selected on object 'Object Repository/Emergency/Page_KDMC - Emergency/select_--Select--Schedule 1Inj'

2018-06-10 19:55:00 - [MESSAGE][PASSED] - All options with index in [3] are selected on object 'Object Repository/Emergency/Page_KDMC - Emergency/select_--Select--Schedule 1Inj'

2018-06-10 19:55:00 - [TEST_STEP][PASSED] - delay: Delayed 1 second(s)

2018-06-10 19:55:01 - [MESSAGE][PASSED] - Delayed 1 second(s)

2018-06-10 19:55:01 - [TEST_STEP][PASSED] - selectOptionByIndex: All options with index in [8] are selected on object 'Object Repository/Emergency/Page_KDMC - Emergency/select_--Select--Adernaline 0.'

2018-06-10 19:55:01 - [MESSAGE][PASSED] - All options with index in [8] are selected on object 'Object Repository/Emergency/Page_KDMC - Emergency/select_--Select--Adernaline 0.'

2018-06-10 19:55:01 - [TEST_STEP][PASSED] - delay: Delayed 1 second(s)

2018-06-10 19:55:02 - [MESSAGE][PASSED] - Delayed 1 second(s)

2018-06-10 19:55:02 - [TEST_STEP][PASSED] - setText: Text '10' is set on object 'Object Repository/Emergency/Page_KDMC - Emergency/input_txttreat'

2018-06-10 19:55:02 - [MESSAGE][PASSED] - Text '10' is set on object 'Object Repository/Emergency/Page_KDMC - Emergency/input_txttreat'

2018-06-10 19:55:02 - [TEST_STEP][PASSED] - click: Object: 'Object Repository/Emergency/Page_KDMC - Emergency/button_Add' is clicked on

2018-06-10 19:55:02 - [MESSAGE][PASSED] - Object: 'Object Repository/Emergency/Page_KDMC - Emergency/button_Add' is clicked on

2018-06-10 19:55:02 - [TEST_STEP][PASSED] - selectOptionByIndex: All options with index in [3] are selected on object 'Object Repository/Emergency/Page_KDMC - Emergency/select_--Select--Schedule 1Inj'

2018-06-10 19:55:02 - [MESSAGE][PASSED] - All options with index in [3] are selected on object 'Object Repository/Emergency/Page_KDMC - Emergency/select_--Select--Schedule 1Inj'

2018-06-10 19:55:02 - [TEST_STEP][PASSED] - delay: Delayed 1 second(s)

2018-06-10 19:55:03 - [MESSAGE][PASSED] - Delayed 1 second(s)

2018-06-10 19:55:03 - [TEST_STEP][PASSED] - selectOptionByIndex: All options with index in [9] are selected on object 'Object Repository/Emergency/Page_KDMC - Emergency/select_--Select--Adernaline 0.'

2018-06-10 19:55:04 - [MESSAGE][PASSED] - All options with index in [9] are selected on object 'Object Repository/Emergency/Page_KDMC - Emergency/select_--Select--Adernaline 0.'

2018-06-10 19:55:04 - [TEST_STEP][PASSED] - delay: Delayed 1 second(s)

2018-06-10 19:55:05 - [MESSAGE][PASSED] - Delayed 1 second(s)

2018-06-10 19:55:05 - [TEST_STEP][PASSED] - setText: Text '10' is set on object 'Object Repository/Emergency/Page_KDMC - Emergency/input_txttreat'

2018-06-10 19:55:05 - [MESSAGE][PASSED] - Text '10' is set on object 'Object Repository/Emergency/Page_KDMC - Emergency/input_txttreat'

2018-06-10 19:55:05 - [TEST_STEP][PASSED] - click: Object: 'Object Repository/Emergency/Page_KDMC - Emergency/button_Add' is clicked on

2018-06-10 19:55:05 - [MESSAGE][PASSED] - Object: 'Object Repository/Emergency/Page_KDMC - Emergency/button_Add' is clicked on

2018-06-10 19:55:05 - [TEST_STEP][PASSED] - selectOptionByIndex: All options with index in [3] are selected on object 'Object Repository/Emergency/Page_KDMC - Emergency/select_--Select--Schedule 1Inj'

2018-06-10 19:55:05 - [MESSAGE][PASSED] - All options with index in [3] are selected on object 'Object Repository/Emergency/Page_KDMC - Emergency/select_--Select--Schedule 1Inj'

2018-06-10 19:55:05 - [TEST_STEP][PASSED] - delay: Delayed 1 second(s)

2018-06-10 19:55:06 - [MESSAGE][PASSED] - Delayed 1 second(s)

2018-06-10 19:55:06 - [TEST_STEP][PASSED] - selectOptionByIndex: All options with index in [10] are selected on object 'Object Repository/Emergency/Page_KDMC - Emergency/select_--Select--Adernaline 0.'

2018-06-10 19:55:06 - [MESSAGE][PASSED] - All options with index in [10] are selected on object 'Object Repository/Emergency/Page_KDMC - Emergency/select_--Select--Adernaline 0.'

2018-06-10 19:55:06 - [TEST_STEP][PASSED] - delay: Delayed 1 second(s)

2018-06-10 19:55:07 - [MESSAGE][PASSED] - Delayed 1 second(s)

2018-06-10 19:55:07 - [TEST_STEP][PASSED] - setText: Text '10' is set on object 'Object Repository/Emergency/Page_KDMC - Emergency/input_txttreat'

2018-06-10 19:55:07 - [MESSAGE][PASSED] - Text '10' is set on object 'Object Repository/Emergency/Page_KDMC - Emergency/input_txttreat'

2018-06-10 19:55:07 - [TEST_STEP][PASSED] - click: Object: 'Object Repository/Emergency/Page_KDMC - Emergency/button_Add' is clicked on

2018-06-10 19:55:07 - [MESSAGE][PASSED] - Object: 'Object Repository/Emergency/Page_KDMC - Emergency/button_Add' is clicked on

2018-06-10 19:55:07 - [TEST_STEP][PASSED] - selectOptionByIndex: All options with index in [3] are selected on object 'Object Repository/Emergency/Page_KDMC - Emergency/select_--Select--Schedule 1Inj'

2018-06-10 19:55:07 - [MESSAGE][PASSED] - All options with index in [3] are selected on object 'Object Repository/Emergency/Page_KDMC - Emergency/select_--Select--Schedule 1Inj'

2018-06-10 19:55:07 - [TEST_STEP][PASSED] - delay: Delayed 1 second(s)

2018-06-10 19:55:08 - [MESSAGE][PASSED] - Delayed 1 second(s)

2018-06-10 19:55:08 - [TEST_STEP][PASSED] - selectOptionByIndex: All options with index in [11] are selected on object 'Object Repository/Emergency/Page_KDMC - Emergency/select_--Select--Adernaline 0.'

2018-06-10 19:55:08 - [MESSAGE][PASSED] - All options with index in [11] are selected on object 'Object Repository/Emergency/Page_KDMC - Emergency/select_--Select--Adernaline 0.'

2018-06-10 19:55:09 - [TEST_STEP][PASSED] - delay: Delayed 1 second(s)

2018-06-10 19:55:10 - [MESSAGE][PASSED] - Delayed 1 second(s)

2018-06-10 19:55:10 - [TEST_STEP][PASSED] - setText: Text '10' is set on object 'Object Repository/Emergency/Page_KDMC - Emergency/input_txttreat'

2018-06-10 19:55:10 - [MESSAGE][PASSED] - Text '10' is set on object 'Object Repository/Emergency/Page_KDMC - Emergency/input_txttreat'

2018-06-10 19:55:10 - [TEST_STEP][PASSED] - click: Object: 'Object Repository/Emergency/Page_KDMC - Emergency/button_Add' is clicked on

2018-06-10 19:55:10 - [MESSAGE][PASSED] - Object: 'Object Repository/Emergency/Page_KDMC - Emergency/button_Add' is clicked on

2018-06-10 19:55:10 - [TEST_STEP][PASSED] - selectOptionByIndex: All options with index in [3] are selected on object 'Object Repository/Emergency/Page_KDMC - Emergency/select_--Select--Schedule 1Inj'

2018-06-10 19:55:10 - [MESSAGE][PASSED] - All options with index in [3] are selected on object 'Object Repository/Emergency/Page_KDMC - Emergency/select_--Select--Schedule 1Inj'

2018-06-10 19:55:10 - [TEST_STEP][PASSED] - delay: Delayed 1 second(s)

2018-06-10 19:55:11 - [MESSAGE][PASSED] - Delayed 1 second(s)

2018-06-10 19:55:11 - [TEST_STEP][PASSED] - selectOptionByIndex: All options with index in [12] are selected on object 'Object Repository/Emergency/Page_KDMC - Emergency/select_--Select--Adernaline 0.'

2018-06-10 19:55:11 - [MESSAGE][PASSED] - All options with index in [12] are selected on object 'Object Repository/Emergency/Page_KDMC - Emergency/select_--Select--Adernaline 0.'

2018-06-10 19:55:11 - [TEST_STEP][PASSED] - delay: Delayed 1 second(s)

2018-06-10 19:55:12 - [MESSAGE][PASSED] - Delayed 1 second(s)

2018-06-10 19:55:12 - [TEST_STEP][PASSED] - setText: Text '10' is set on object 'Object Repository/Emergency/Page_KDMC - Emergency/input_txttreat'

2018-06-10 19:55:12 - [MESSAGE][PASSED] - Text '10' is set on object 'Object Repository/Emergency/Page_KDMC - Emergency/input_txttreat'

2018-06-10 19:55:12 - [TEST_STEP][PASSED] - click: Object: 'Object Repository/Emergency/Page_KDMC - Emergency/button_Add' is clicked on

2018-06-10 19:55:12 - [MESSAGE][PASSED] - Object: 'Object Repository/Emergency/Page_KDMC - Emergency/button_Add' is clicked on

2018-06-10 19:55:12 - [TEST_STEP][PASSED] - selectOptionByIndex: All options with index in [3] are selected on object 'Object Repository/Emergency/Page_KDMC - Emergency/select_--Select--Schedule 1Inj'

2018-06-10 19:55:12 - [MESSAGE][PASSED] - All options with index in [3] are selected on object 'Object Repository/Emergency/Page_KDMC - Emergency/select_--Select--Schedule 1Inj'

2018-06-10 19:55:12 - [TEST_STEP][PASSED] - delay: Delayed 1 second(s)

2018-06-10 19:55:13 - [MESSAGE][PASSED] - Delayed 1 second(s)

2018-06-10 19:55:13 - [TEST_STEP][PASSED] - selectOptionByIndex: All options with index in [13] are selected on object 'Object Repository/Emergency/Page_KDMC - Emergency/select_--Select--Adernaline 0.'

2018-06-10 19:55:14 - [MESSAGE][PASSED] - All options with index in [13] are selected on object 'Object Repository/Emergency/Page_KDMC - Emergency/select_--Select--Adernaline 0.'

2018-06-10 19:55:14 - [TEST_STEP][PASSED] - delay: Delayed 1 second(s)

2018-06-10 19:55:15 - [MESSAGE][PASSED] - Delayed 1 second(s)

2018-06-10 19:55:15 - [TEST_STEP][PASSED] - setText: Text '10' is set on object 'Object Repository/Emergency/Page_KDMC - Emergency/input_txttreat'

2018-06-10 19:55:15 - [MESSAGE][PASSED] - Text '10' is set on object 'Object Repository/Emergency/Page_KDMC - Emergency/input_txttreat'

2018-06-10 19:55:15 - [TEST_STEP][PASSED] - click: Object: 'Object Repository/Emergency/Page_KDMC - Emergency/button_Add' is clicked on

2018-06-10 19:55:15 - [MESSAGE][PASSED] - Object: 'Object Repository/Emergency/Page_KDMC - Emergency/button_Add' is clicked on

2018-06-10 19:55:15 - [TEST_STEP][PASSED] - selectOptionByIndex: All options with index in [3] are selected on object 'Object Repository/Emergency/Page_KDMC - Emergency/select_--Select--Schedule 1Inj'

2018-06-10 19:55:15 - [MESSAGE][PASSED] - All options with index in [3] are selected on object 'Object Repository/Emergency/Page_KDMC - Emergency/select_--Select--Schedule 1Inj'

2018-06-10 19:55:15 - [TEST_STEP][PASSED] - delay: Delayed 1 second(s)

2018-06-10 19:55:16 - [MESSAGE][PASSED] - Delayed 1 second(s)

2018-06-10 19:55:16 - [TEST_STEP][PASSED] - selectOptionByIndex: All options with index in [14] are selected on object 'Object Repository/Emergency/Page_KDMC - Emergency/select_--Select--Adernaline 0.'

2018-06-10 19:55:16 - [MESSAGE][PASSED] - All options with index in [14] are selected on object 'Object Repository/Emergency/Page_KDMC - Emergency/select_--Select--Adernaline 0.'

2018-06-10 19:55:16 - [TEST_STEP][PASSED] - delay: Delayed 1 second(s)

2018-06-10 19:55:17 - [MESSAGE][PASSED] - Delayed 1 second(s)

2018-06-10 19:55:17 - [TEST_STEP][PASSED] - setText: Text '10' is set on object 'Object Repository/Emergency/Page_KDMC - Emergency/input_txttreat'

2018-06-10 19:55:17 - [MESSAGE][PASSED] - Text '10' is set on object 'Object Repository/Emergency/Page_KDMC - Emergency/input_txttreat'

2018-06-10 19:55:17 - [TEST_STEP][PASSED] - click: Object: 'Object Repository/Emergency/Page_KDMC - Emergency/button_Add' is clicked on

2018-06-10 19:55:17 - [MESSAGE][PASSED] - Object: 'Object Repository/Emergency/Page_KDMC - Emergency/button_Add' is clicked on

2018-06-10 19:55:17 - [TEST_STEP][PASSED] - selectOptionByIndex: All options with index in [3] are selected on object 'Object Repository/Emergency/Page_KDMC - Emergency/select_--Select--Schedule 1Inj'

2018-06-10 19:55:17 - [MESSAGE][PASSED] - All options with index in [3] are selected on object 'Object Repository/Emergency/Page_KDMC - Emergency/select_--Select--Schedule 1Inj'

2018-06-10 19:55:17 - [TEST_STEP][PASSED] - delay: Delayed 1 second(s)

2018-06-10 19:55:18 - [MESSAGE][PASSED] - Delayed 1 second(s)

2018-06-10 19:55:18 - [TEST_STEP][PASSED] - selectOptionByIndex: All options with index in [15] are selected on object 'Object Repository/Emergency/Page_KDMC - Emergency/select_--Select--Adernaline 0.'

2018-06-10 19:55:19 - [MESSAGE][PASSED] - All options with index in [15] are selected on object 'Object Repository/Emergency/Page_KDMC - Emergency/select_--Select--Adernaline 0.'

2018-06-10 19:55:19 - [TEST_STEP][PASSED] - delay: Delayed 1 second(s)

2018-06-10 19:55:20 - [MESSAGE][PASSED] - Delayed 1 second(s)

2018-06-10 19:55:20 - [TEST_STEP][PASSED] - setText: Text '10' is set on object 'Object Repository/Emergency/Page_KDMC - Emergency/input_txttreat'

2018-06-10 19:55:20 - [MESSAGE][PASSED] - Text '10' is set on object 'Object Repository/Emergency/Page_KDMC - Emergency/input_txttreat'

2018-06-10 19:55:20 - [TEST_STEP][PASSED] - click: Object: 'Object Repository/Emergency/Page_KDMC - Emergency/button_Add' is clicked on

2018-06-10 19:55:20 - [MESSAGE][PASSED] - Object: 'Object Repository/Emergency/Page_KDMC - Emergency/button_Add' is clicked on

2018-06-10 19:55:20 - [TEST_STEP][PASSED] - selectOptionByIndex: All options with index in [3] are selected on object 'Object Repository/Emergency/Page_KDMC - Emergency/select_--Select--Schedule 1Inj'

2018-06-10 19:55:20 - [MESSAGE][PASSED] - All options with index in [3] are selected on object 'Object Repository/Emergency/Page_KDMC - Emergency/select_--Select--Schedule 1Inj'

2018-06-10 19:55:20 - [TEST_STEP][PASSED] - delay: Delayed 1 second(s)

2018-06-10 19:55:21 - [MESSAGE][PASSED] - Delayed 1 second(s)

2018-06-10 19:55:21 - [TEST_STEP][PASSED] - selectOptionByIndex: All options with index in [16] are selected on object 'Object Repository/Emergency/Page_KDMC - Emergency/select_--Select--Adernaline 0.'

2018-06-10 19:55:21 - [MESSAGE][PASSED] - All options with index in [16] are selected on object 'Object Repository/Emergency/Page_KDMC - Emergency/select_--Select--Adernaline 0.'

2018-06-10 19:55:21 - [TEST_STEP][PASSED] - delay: Delayed 1 second(s)

2018-06-10 19:55:22 - [MESSAGE][PASSED] - Delayed 1 second(s)

2018-06-10 19:55:22 - [TEST_STEP][PASSED] - setText: Text '10' is set on object 'Object Repository/Emergency/Page_KDMC - Emergency/input_txttreat'

2018-06-10 19:55:22 - [MESSAGE][PASSED] - Text '10' is set on object 'Object Repository/Emergency/Page_KDMC - Emergency/input_txttreat'

2018-06-10 19:55:22 - [TEST_STEP][PASSED] - click: Object: 'Object Repository/Emergency/Page_KDMC - Emergency/button_Add' is clicked on

2018-06-10 19:55:22 - [MESSAGE][PASSED] - Object: 'Object Repository/Emergency/Page_KDMC - Emergency/button_Add' is clicked on

2018-06-10 19:55:22 - [TEST_STEP][PASSED] - scrollToElement: Scroll to object 'Object Repository/Emergency/Page_KDMC - Emergency/input_btnsave' successfully

2018-06-10 19:55:22 - [MESSAGE][PASSED] - Scroll to object 'Object Repository/Emergency/Page_KDMC - Emergency/input_btnsave' successfully

2018-06-10 19:55:22 - [TEST_STEP][PASSED] - click: Object: 'Object Repository/Emergency/Page_KDMC - Emergency/input_btnsave' is clicked on

2018-06-10 19:55:22 - [MESSAGE][PASSED] - Object: 'Object Repository/Emergency/Page_KDMC - Emergency/input_btnsave' is clicked on

2018-06-10 19:55:22 - [TEST_STEP][PASSED] - delay: Delayed 3 second(s)

2018-06-10 19:55:25 - [MESSAGE][PASSED] - Delayed 3 second(s)

2018-06-10 19:55:25 - [TEST_STEP][PASSED] - Statement - RequestNumber = com.kms.katalon.core.webui.keyword.WebUiBuiltInKeywords.getText(com.kms.katalon.core.testobject.ObjectRepository.findTestObject(Emergency/Page_KDMC - Emergency/font_ERNO100520183)): Text of object 'Object Repository/Emergency/Page_KDMC - Emergency/font_ERNO100520183' is: 'ERNO/10062018/1038'

2018-06-10 19:55:25 - [MESSAGE][PASSED] - Text of object 'Object Repository/Emergency/Page_KDMC - Emergency/font_ERNO100520183' is: 'ERNO/10062018/1038'

2018-06-10 19:55:25 - [TEST_STEP][PASSED] - Statement - Rno = RequestNumber.split("/")[2]: null

2018-06-10 19:55:25 - [TEST_STEP][PASSED] - Statement - out.println(Rno): null

2018-06-10 19:55:25 - [TEST_STEP][PASSED] - click: Object: 'Object Repository/Emergency/Page_KDMC - Emergency/button_OK' is clicked on

2018-06-10 19:55:26 - [MESSAGE][PASSED] - Object: 'Object Repository/Emergency/Page_KDMC - Emergency/button_OK' is clicked on

2018-06-10 19:55:26 - [TEST_STEP][PASSED] - delay: Delayed 3 second(s)

2018-06-10 19:55:29 - [MESSAGE][PASSED] - Delayed 3 second(s)

2018-06-10 19:55:29 - [TEST_STEP][PASSED] - click: Object: 'Object Repository/Emergency/Page_KDMC - Emergency/a_dropdown-toggle' is clicked on

2018-06-10 19:55:29 - [MESSAGE][PASSED] - Object: 'Object Repository/Emergency/Page_KDMC - Emergency/a_dropdown-toggle' is clicked on

2018-06-10 19:55:29 - [TEST_STEP][PASSED] - click: Object: 'Object Repository/Emergency/Page_KDMC - Emergency/a_Sign out' is clicked on

2018-06-10 19:55:30 - [MESSAGE][PASSED] - Object: 'Object Repository/Emergency/Page_KDMC - Emergency/a_Sign out' is clicked on

2018-06-10 19:55:30 - [TEST_STEP][PASSED] - delay: Delayed 3 second(s)

2018-06-10 19:55:33 - [MESSAGE][PASSED] - Delayed 3 second(s)

2018-06-10 19:55:33 - [TEST_STEP][PASSED] - click: Object: 'Object Repository/Emergency/Page_KDMC/a_CMO' is clicked on

2018-06-10 19:55:33 - [MESSAGE][PASSED] - Object: 'Object Repository/Emergency/Page_KDMC/a_CMO' is clicked on

2018-06-10 19:55:33 - [TEST_STEP][PASSED] - setText: Text 'guru' is set on object 'Object Repository/Emergency/Page_CMO login/input_txtusername'

2018-06-10 19:55:33 - [MESSAGE][PASSED] - Text 'guru' is set on object 'Object Repository/Emergency/Page_CMO login/input_txtusername'

2018-06-10 19:55:33 - [TEST_STEP][PASSED] - setText: Text '123' is set on object 'Object Repository/Emergency/Page_CMO login/input_txtpassword'

2018-06-10 19:55:33 - [MESSAGE][PASSED] - Text '123' is set on object 'Object Repository/Emergency/Page_CMO login/input_txtpassword'

2018-06-10 19:55:33 - [TEST_STEP][PASSED] - delay: Delayed 3 second(s)

2018-06-10 19:55:36 - [MESSAGE][PASSED] - Delayed 3 second(s)

2018-06-10 19:55:36 - [TEST_STEP][PASSED] - click: Object: 'Object Repository/Emergency/Page_CMO login/button_Sign in' is clicked on

2018-06-10 19:55:37 - [MESSAGE][PASSED] - Object: 'Object Repository/Emergency/Page_CMO login/button_Sign in' is clicked on

2018-06-10 19:55:37 - [TEST_STEP][PASSED] - delay: Delayed 2 second(s)

2018-06-10 19:55:39 - [MESSAGE][PASSED] - Delayed 2 second(s)

2018-06-10 19:55:39 - [TEST_STEP][PASSED] - click: Object: 'Object Repository/Emergency/Page_KDMC - CMO/a_Department Wise Request' is clicked on

2018-06-10 19:55:39 - [MESSAGE][PASSED] - Object: 'Object Repository/Emergency/Page_KDMC - CMO/a_Department Wise Request' is clicked on

2018-06-10 19:55:39 - [TEST_STEP][PASSED] - selectOptionByIndex: All options with index in [7] are selected on object 'Object Repository/Emergency/Page_KDMC - CMO/select_--ALL--'

2018-06-10 19:55:40 - [MESSAGE][PASSED] - All options with index in [7] are selected on object 'Object Repository/Emergency/Page_KDMC - CMO/select_--ALL--'

2018-06-10 19:55:40 - [TEST_STEP][PASSED] - selectOptionByIndex: All options with index in [1] are selected on object 'Object Repository/Emergency/Page_KDMC - CMO/select_--ALL--                _1'

2018-06-10 19:55:40 - [MESSAGE][PASSED] - All options with index in [1] are selected on object 'Object Repository/Emergency/Page_KDMC - CMO/select_--ALL--                _1'

2018-06-10 19:55:40 - [TEST_STEP][PASSED] - click: Object: 'Object Repository/Emergency/Page_KDMC - CMO/input_btnsearch' is clicked on

2018-06-10 19:55:40 - [MESSAGE][PASSED] - Object: 'Object Repository/Emergency/Page_KDMC - CMO/input_btnsearch' is clicked on

2018-06-10 19:55:40 - [TEST_STEP][PASSED] - Statement - ID = com.kms.katalon.core.webui.keyword.WebUiBuiltInKeywords.modifyObjectProperty(com.kms.katalon.core.testobject.ObjectRepository.findTestObject(Emergency/Page_KDMC - CMO/input_3), "xpath", "equals", "//*[@id=" + Rno + "]", true): Modify property of object successfully

2018-06-10 19:55:40 - [MESSAGE][PASSED] - Modify property of object successfully

2018-06-10 19:55:40 - [TEST_STEP][PASSED] - click: Object: 'Object Repository/Emergency/Page_KDMC - CMO/input_3' is clicked on

2018-06-10 19:55:41 - [MESSAGE][PASSED] - Object: 'Object Repository/Emergency/Page_KDMC - CMO/input_3' is clicked on

2018-06-10 19:55:41 - [TEST_STEP][PASSED] - delay: Delayed 2 second(s)

2018-06-10 19:55:43 - [MESSAGE][PASSED] - Delayed 2 second(s)

2018-06-10 19:55:43 - [TEST_STEP][PASSED] - selectOptionByIndex: All options with index in [1] are selected on object 'Object Repository/Emergency/Page_KDMC - CMO/select_--Select--'

2018-06-10 19:55:43 - [MESSAGE][PASSED] - All options with index in [1] are selected on object 'Object Repository/Emergency/Page_KDMC - CMO/select_--Select--'

2018-06-10 19:55:43 - [TEST_STEP][PASSED] - click: Object: 'Object Repository/Emergency/Page_KDMC - CMO/input_btnupdate' is clicked on

2018-06-10 19:55:43 - [MESSAGE][PASSED] - Object: 'Object Repository/Emergency/Page_KDMC - CMO/input_btnupdate' is clicked on

2018-06-10 19:55:43 - [TEST_STEP][PASSED] - delay: Delayed 2 second(s)

2018-06-10 19:55:45 - [MESSAGE][PASSED] - Delayed 2 second(s)

2018-06-10 19:55:45 - [TEST_STEP][PASSED] - click: Object: 'Object Repository/Emergency/Page_KDMC - CMO/button_OK' is clicked on

2018-06-10 19:55:46 - [MESSAGE][PASSED] - Object: 'Object Repository/Emergency/Page_KDMC - CMO/button_OK' is clicked on

2018-06-10 19:55:46 - [TEST_STEP][PASSED] - delay: Delayed 2 second(s)

2018-06-10 19:55:48 - [MESSAGE][PASSED] - Delayed 2 second(s)

2018-06-10 19:55:48 - [TEST_STEP][PASSED] - click: Object: 'Object Repository/Emergency/Page_KDMC - CMO/a_dropdown-toggle' is clicked on

2018-06-10 19:55:48 - [MESSAGE][PASSED] - Object: 'Object Repository/Emergency/Page_KDMC - CMO/a_dropdown-toggle' is clicked on

2018-06-10 19:55:48 - [TEST_STEP][PASSED] - click: Object: 'Object Repository/Emergency/Page_KDMC - CMO/a_Sign out' is clicked on

2018-06-10 19:55:48 - [MESSAGE][PASSED] - Object: 'Object Repository/Emergency/Page_KDMC - CMO/a_Sign out' is clicked on

2018-06-10 19:55:48 - [TEST_STEP][PASSED] - delay: Delayed 3 second(s)

2018-06-10 19:55:51 - [MESSAGE][PASSED] - Delayed 3 second(s)

2018-06-10 19:55:51 - [TEST_STEP][PASSED] - click: Object: 'Object Repository/Emergency/Page_KDMC/a_Divisional Store' is clicked on

2018-06-10 19:55:52 - [MESSAGE][PASSED] - Object: 'Object Repository/Emergency/Page_KDMC/a_Divisional Store' is clicked on

2018-06-10 19:55:52 - [TEST_STEP][PASSED] - setText: Text 'ragu' is set on object 'Object Repository/Emergency/Page_Divisonal Store Login/input_txtusername'

2018-06-10 19:55:52 - [MESSAGE][PASSED] - Text 'ragu' is set on object 'Object Repository/Emergency/Page_Divisonal Store Login/input_txtusername'

2018-06-10 19:55:52 - [TEST_STEP][PASSED] - setText: Text '123' is set on object 'Object Repository/Emergency/Page_Divisonal Store Login/input_txtpassword'

2018-06-10 19:55:52 - [MESSAGE][PASSED] - Text '123' is set on object 'Object Repository/Emergency/Page_Divisonal Store Login/input_txtpassword'

2018-06-10 19:55:52 - [TEST_STEP][PASSED] - delay: Delayed 3 second(s)

2018-06-10 19:55:55 - [MESSAGE][PASSED] - Delayed 3 second(s)

2018-06-10 19:55:55 - [TEST_STEP][PASSED] - click: Object: 'Object Repository/Emergency/Page_Divisonal Store Login/button_Sign in' is clicked on

2018-06-10 19:55:57 - [MESSAGE][PASSED] - Object: 'Object Repository/Emergency/Page_Divisonal Store Login/button_Sign in' is clicked on

2018-06-10 19:55:57 - [TEST_STEP][PASSED] - delay: Delayed 2 second(s)

2018-06-10 19:55:59 - [MESSAGE][PASSED] - Delayed 2 second(s)

2018-06-10 19:55:59 - [TEST_STEP][PASSED] - click: Object: 'Object Repository/Emergency/Page_Store/a_Emergency Request' is clicked on

2018-06-10 19:55:59 - [MESSAGE][PASSED] - Object: 'Object Repository/Emergency/Page_Store/a_Emergency Request' is clicked on

2018-06-10 19:55:59 - [TEST_STEP][PASSED] - click: Object: 'Object Repository/Emergency/Page_Store/a_Request Item Emergency' is clicked on

2018-06-10 19:56:00 - [MESSAGE][PASSED] - Object: 'Object Repository/Emergency/Page_Store/a_Request Item Emergency' is clicked on

2018-06-10 19:56:00 - [TEST_STEP][PASSED] - setText: Text '1038' is set on object 'Object Repository/Emergency/Page_Store/input'

2018-06-10 19:56:00 - [MESSAGE][PASSED] - Text '1038' is set on object 'Object Repository/Emergency/Page_Store/input'

2018-06-10 19:56:00 - [TEST_STEP][PASSED] - Statement - ChooseRequest = com.kms.katalon.core.webui.keyword.WebUiBuiltInKeywords.modifyObjectProperty(com.kms.katalon.core.testobject.ObjectRepository.findTestObject(Emergency/Page_Store/input_3), "xpath", "equals", "//*[@id=" + Rno + "]", true): Modify property of object successfully

2018-06-10 19:56:00 - [MESSAGE][PASSED] - Modify property of object successfully

2018-06-10 19:56:00 - [TEST_STEP][PASSED] - click: Object: 'Object Repository/Emergency/Page_Store/input_3' is clicked on

2018-06-10 19:56:01 - [MESSAGE][PASSED] - Object: 'Object Repository/Emergency/Page_Store/input_3' is clicked on

2018-06-10 19:56:01 - [TEST_STEP][PASSED] - delay: Delayed 2 second(s)

2018-06-10 19:56:03 - [MESSAGE][PASSED] - Delayed 2 second(s)

2018-06-10 19:56:03 - [TEST_STEP][PASSED] - Statement - selectedoptions1 = com.kms.katalon.core.webui.keyword.WebUiBuiltInKeywords.getNumberOfTotalOption(com.kms.katalon.core.testobject.ObjectRepository.findTestObject(Emergency/Page_Store/select_--Select--Amikacin -500)): 17 options of object 'Object Repository/Emergency/Page_Store/select_--Select--Amikacin -500' counted

2018-06-10 19:56:03 - [MESSAGE][PASSED] - 17 options of object 'Object Repository/Emergency/Page_Store/select_--Select--Amikacin -500' counted

2018-06-10 19:56:03 - [TEST_STEP][PASSED] - Statement - out.println("Soptions : " + selectedoptions1): null

2018-06-10 19:56:03 - [TEST_STEP][PASSED] - Statement - For ([a = 1, a <= selectedoptions1 - 1, (a++)]): null

2018-06-10 19:56:03 - [TEST_STEP][PASSED] - delay: Delayed 2 second(s)

2018-06-10 19:56:05 - [MESSAGE][PASSED] - Delayed 2 second(s)

2018-06-10 19:56:05 - [TEST_STEP][PASSED] - selectOptionByIndex: All options with index in [1] are selected on object 'Object Repository/Emergency/Page_Store/select_--Select--Amikacin -500'

2018-06-10 19:56:05 - [MESSAGE][PASSED] - All options with index in [1] are selected on object 'Object Repository/Emergency/Page_Store/select_--Select--Amikacin -500'

2018-06-10 19:56:05 - [TEST_STEP][PASSED] - delay: Delayed 2 second(s)

2018-06-10 19:56:07 - [MESSAGE][PASSED] - Delayed 2 second(s)

2018-06-10 19:56:07 - [TEST_STEP][PASSED] - Statement - RequestedQty = com.kms.katalon.core.webui.keyword.WebUiBuiltInKeywords.getAttribute(com.kms.katalon.core.testobject.ObjectRepository.findTestObject(Emergency/Page_Store/input_txttotal), "value"): Attribute 'value' of object 'Object Repository/Emergency/Page_Store/input_txttotal' is: '10'

2018-06-10 19:56:07 - [MESSAGE][PASSED] - Attribute 'value' of object 'Object Repository/Emergency/Page_Store/input_txttotal' is: '10'

2018-06-10 19:56:07 - [TEST_STEP][PASSED] - Statement - out.println("Requested QTY : " + RequestedQty): null

2018-06-10 19:56:07 - [TEST_STEP][PASSED] - Statement - BatchNumber = com.kms.katalon.core.webui.keyword.WebUiBuiltInKeywords.getNumberOfTotalOption(com.kms.katalon.core.testobject.ObjectRepository.findTestObject(Emergency/Page_Store/select_--Select--BA1150BA4110)): 4 options of object 'Object Repository/Emergency/Page_Store/select_--Select--BA1150BA4110' counted

2018-06-10 19:56:08 - [MESSAGE][PASSED] - 4 options of object 'Object Repository/Emergency/Page_Store/select_--Select--BA1150BA4110' counted

2018-06-10 19:56:08 - [TEST_STEP][PASSED] - Statement - out.println("Batch : " + BatchNumber): null

2018-06-10 19:56:08 - [TEST_STEP][PASSED] - Statement - For ([g = 1, g <= BatchNumber - 1, (g++)]): null

2018-06-10 19:56:08 - [TEST_STEP][PASSED] - selectOptionByIndex: All options with index in [1] are selected on object 'Object Repository/Emergency/Page_Store/select_--Select--BA1150BA4110'

2018-06-10 19:56:08 - [MESSAGE][PASSED] - All options with index in [1] are selected on object 'Object Repository/Emergency/Page_Store/select_--Select--BA1150BA4110'

2018-06-10 19:56:08 - [TEST_STEP][PASSED] - delay: Delayed 2 second(s)

2018-06-10 19:56:10 - [MESSAGE][PASSED] - Delayed 2 second(s)

2018-06-10 19:56:10 - [TEST_STEP][PASSED] - Statement - StockQty = com.kms.katalon.core.webui.keyword.WebUiBuiltInKeywords.getAttribute(com.kms.katalon.core.testobject.ObjectRepository.findTestObject(Emergency/Page_Store/input_txtprice), "value"): Attribute 'value' of object 'Object Repository/Emergency/Page_Store/input_txtprice' is: '1580'

2018-06-10 19:56:10 - [MESSAGE][PASSED] - Attribute 'value' of object 'Object Repository/Emergency/Page_Store/input_txtprice' is: '1580'

2018-06-10 19:56:10 - [TEST_STEP][PASSED] - Statement - out.println("Stock QTY : " + StockQty): null

2018-06-10 19:56:10 - [TEST_STEP][PASSED] - delay: Delayed 2 second(s)

2018-06-10 19:56:12 - [MESSAGE][PASSED] - Delayed 2 second(s)

2018-06-10 19:56:12 - [TEST_STEP][PASSED] - Statement - If (java.lang.Integer.valueOf(StockQty) >= java.lang.Integer.valueOf(RequestedQty)): null

2018-06-10 19:56:12 - [TEST_STEP][PASSED] - delay: Delayed 1 second(s)

2018-06-10 19:56:13 - [MESSAGE][PASSED] - Delayed 1 second(s)

2018-06-10 19:56:13 - [TEST_STEP][PASSED] - setText: Text '10' is set on object 'Object Repository/Emergency/Page_Store/input_txtqty'

2018-06-10 19:56:13 - [MESSAGE][PASSED] - Text '10' is set on object 'Object Repository/Emergency/Page_Store/input_txtqty'

2018-06-10 19:56:13 - [TEST_STEP][PASSED] - click: Object: 'Object Repository/Emergency/Page_Store/button_Add' is clicked on

2018-06-10 19:56:13 - [MESSAGE][PASSED] - Object: 'Object Repository/Emergency/Page_Store/button_Add' is clicked on

2018-06-10 19:56:13 - [TEST_STEP][PASSED] - Statement - Break: null

2018-06-10 19:56:13 - [TEST_STEP][PASSED] - delay: Delayed 2 second(s)

2018-06-10 19:56:15 - [MESSAGE][PASSED] - Delayed 2 second(s)

2018-06-10 19:56:15 - [TEST_STEP][PASSED] - selectOptionByIndex: All options with index in [2] are selected on object 'Object Repository/Emergency/Page_Store/select_--Select--Amikacin -500'

2018-06-10 19:56:15 - [MESSAGE][PASSED] - All options with index in [2] are selected on object 'Object Repository/Emergency/Page_Store/select_--Select--Amikacin -500'

2018-06-10 19:56:15 - [TEST_STEP][PASSED] - delay: Delayed 2 second(s)

2018-06-10 19:56:17 - [MESSAGE][PASSED] - Delayed 2 second(s)

2018-06-10 19:56:17 - [TEST_STEP][PASSED] - Statement - RequestedQty = com.kms.katalon.core.webui.keyword.WebUiBuiltInKeywords.getAttribute(com.kms.katalon.core.testobject.ObjectRepository.findTestObject(Emergency/Page_Store/input_txttotal), "value"): Attribute 'value' of object 'Object Repository/Emergency/Page_Store/input_txttotal' is: '10'

2018-06-10 19:56:17 - [MESSAGE][PASSED] - Attribute 'value' of object 'Object Repository/Emergency/Page_Store/input_txttotal' is: '10'

2018-06-10 19:56:17 - [TEST_STEP][PASSED] - Statement - out.println("Requested QTY : " + RequestedQty): null

2018-06-10 19:56:17 - [TEST_STEP][PASSED] - Statement - BatchNumber = com.kms.katalon.core.webui.keyword.WebUiBuiltInKeywords.getNumberOfTotalOption(com.kms.katalon.core.testobject.ObjectRepository.findTestObject(Emergency/Page_Store/select_--Select--BA1150BA4110)): 4 options of object 'Object Repository/Emergency/Page_Store/select_--Select--BA1150BA4110' counted

2018-06-10 19:56:17 - [MESSAGE][PASSED] - 4 options of object 'Object Repository/Emergency/Page_Store/select_--Select--BA1150BA4110' counted

2018-06-10 19:56:17 - [TEST_STEP][PASSED] - Statement - out.println("Batch : " + BatchNumber): null

2018-06-10 19:56:17 - [TEST_STEP][PASSED] - Statement - For ([g = 1, g <= BatchNumber - 1, (g++)]): null

2018-06-10 19:56:17 - [TEST_STEP][PASSED] - selectOptionByIndex: All options with index in [1] are selected on object 'Object Repository/Emergency/Page_Store/select_--Select--BA1150BA4110'

2018-06-10 19:56:17 - [MESSAGE][PASSED] - All options with index in [1] are selected on object 'Object Repository/Emergency/Page_Store/select_--Select--BA1150BA4110'

2018-06-10 19:56:17 - [TEST_STEP][PASSED] - delay: Delayed 2 second(s)

2018-06-10 19:56:19 - [MESSAGE][PASSED] - Delayed 2 second(s)

2018-06-10 19:56:19 - [TEST_STEP][PASSED] - Statement - StockQty = com.kms.katalon.core.webui.keyword.WebUiBuiltInKeywords.getAttribute(com.kms.katalon.core.testobject.ObjectRepository.findTestObject(Emergency/Page_Store/input_txtprice), "value"): Attribute 'value' of object 'Object Repository/Emergency/Page_Store/input_txtprice' is: '169'

2018-06-10 19:56:19 - [MESSAGE][PASSED] - Attribute 'value' of object 'Object Repository/Emergency/Page_Store/input_txtprice' is: '169'

2018-06-10 19:56:19 - [TEST_STEP][PASSED] - Statement - out.println("Stock QTY : " + StockQty): null

2018-06-10 19:56:19 - [TEST_STEP][PASSED] - delay: Delayed 2 second(s)

2018-06-10 19:56:21 - [MESSAGE][PASSED] - Delayed 2 second(s)

2018-06-10 19:56:21 - [TEST_STEP][PASSED] - Statement - If (java.lang.Integer.valueOf(StockQty) >= java.lang.Integer.valueOf(RequestedQty)): null

2018-06-10 19:56:21 - [TEST_STEP][PASSED] - delay: Delayed 1 second(s)

2018-06-10 19:56:22 - [MESSAGE][PASSED] - Delayed 1 second(s)

2018-06-10 19:56:22 - [TEST_STEP][PASSED] - setText: Text '10' is set on object 'Object Repository/Emergency/Page_Store/input_txtqty'

2018-06-10 19:56:22 - [MESSAGE][PASSED] - Text '10' is set on object 'Object Repository/Emergency/Page_Store/input_txtqty'

2018-06-10 19:56:22 - [TEST_STEP][PASSED] - click: Object: 'Object Repository/Emergency/Page_Store/button_Add' is clicked on

2018-06-10 19:56:22 - [MESSAGE][PASSED] - Object: 'Object Repository/Emergency/Page_Store/button_Add' is clicked on

2018-06-10 19:56:22 - [TEST_STEP][PASSED] - Statement - Break: null

2018-06-10 19:56:22 - [TEST_STEP][PASSED] - delay: Delayed 2 second(s)

2018-06-10 19:56:24 - [MESSAGE][PASSED] - Delayed 2 second(s)

2018-06-10 19:56:24 - [TEST_STEP][PASSED] - selectOptionByIndex: All options with index in [3] are selected on object 'Object Repository/Emergency/Page_Store/select_--Select--Amikacin -500'

2018-06-10 19:56:25 - [MESSAGE][PASSED] - All options with index in [3] are selected on object 'Object Repository/Emergency/Page_Store/select_--Select--Amikacin -500'

2018-06-10 19:56:25 - [TEST_STEP][PASSED] - delay: Delayed 2 second(s)

2018-06-10 19:56:27 - [MESSAGE][PASSED] - Delayed 2 second(s)

2018-06-10 19:56:27 - [TEST_STEP][PASSED] - Statement - RequestedQty = com.kms.katalon.core.webui.keyword.WebUiBuiltInKeywords.getAttribute(com.kms.katalon.core.testobject.ObjectRepository.findTestObject(Emergency/Page_Store/input_txttotal), "value"): Attribute 'value' of object 'Object Repository/Emergency/Page_Store/input_txttotal' is: '10'

2018-06-10 19:56:27 - [MESSAGE][PASSED] - Attribute 'value' of object 'Object Repository/Emergency/Page_Store/input_txttotal' is: '10'

2018-06-10 19:56:27 - [TEST_STEP][PASSED] - Statement - out.println("Requested QTY : " + RequestedQty): null

2018-06-10 19:56:27 - [TEST_STEP][PASSED] - Statement - BatchNumber = com.kms.katalon.core.webui.keyword.WebUiBuiltInKeywords.getNumberOfTotalOption(com.kms.katalon.core.testobject.ObjectRepository.findTestObject(Emergency/Page_Store/select_--Select--BA1150BA4110)): 3 options of object 'Object Repository/Emergency/Page_Store/select_--Select--BA1150BA4110' counted

2018-06-10 19:56:27 - [MESSAGE][PASSED] - 3 options of object 'Object Repository/Emergency/Page_Store/select_--Select--BA1150BA4110' counted

2018-06-10 19:56:27 - [TEST_STEP][PASSED] - Statement - out.println("Batch : " + BatchNumber): null

2018-06-10 19:56:27 - [TEST_STEP][PASSED] - Statement - For ([g = 1, g <= BatchNumber - 1, (g++)]): null

2018-06-10 19:56:27 - [TEST_STEP][PASSED] - selectOptionByIndex: All options with index in [1] are selected on object 'Object Repository/Emergency/Page_Store/select_--Select--BA1150BA4110'

2018-06-10 19:56:27 - [MESSAGE][PASSED] - All options with index in [1] are selected on object 'Object Repository/Emergency/Page_Store/select_--Select--BA1150BA4110'

2018-06-10 19:56:27 - [TEST_STEP][PASSED] - delay: Delayed 2 second(s)

2018-06-10 19:56:29 - [MESSAGE][PASSED] - Delayed 2 second(s)

2018-06-10 19:56:29 - [TEST_STEP][PASSED] - Statement - StockQty = com.kms.katalon.core.webui.keyword.WebUiBuiltInKeywords.getAttribute(com.kms.katalon.core.testobject.ObjectRepository.findTestObject(Emergency/Page_Store/input_txtprice), "value"): Attribute 'value' of object 'Object Repository/Emergency/Page_Store/input_txtprice' is: '1495'

2018-06-10 19:56:29 - [MESSAGE][PASSED] - Attribute 'value' of object 'Object Repository/Emergency/Page_Store/input_txtprice' is: '1495'

2018-06-10 19:56:29 - [TEST_STEP][PASSED] - Statement - out.println("Stock QTY : " + StockQty): null

2018-06-10 19:56:29 - [TEST_STEP][PASSED] - delay: Delayed 2 second(s)

2018-06-10 19:56:31 - [MESSAGE][PASSED] - Delayed 2 second(s)

2018-06-10 19:56:31 - [TEST_STEP][PASSED] - Statement - If (java.lang.Integer.valueOf(StockQty) >= java.lang.Integer.valueOf(RequestedQty)): null

2018-06-10 19:56:31 - [TEST_STEP][PASSED] - delay: Delayed 1 second(s)

2018-06-10 19:56:32 - [MESSAGE][PASSED] - Delayed 1 second(s)

2018-06-10 19:56:32 - [TEST_STEP][PASSED] - setText: Text '10' is set on object 'Object Repository/Emergency/Page_Store/input_txtqty'

2018-06-10 19:56:32 - [MESSAGE][PASSED] - Text '10' is set on object 'Object Repository/Emergency/Page_Store/input_txtqty'

2018-06-10 19:56:32 - [TEST_STEP][PASSED] - click: Object: 'Object Repository/Emergency/Page_Store/button_Add' is clicked on

2018-06-10 19:56:32 - [MESSAGE][PASSED] - Object: 'Object Repository/Emergency/Page_Store/button_Add' is clicked on

2018-06-10 19:56:32 - [TEST_STEP][PASSED] - Statement - Break: null

2018-06-10 19:56:32 - [TEST_STEP][PASSED] - delay: Delayed 2 second(s)

2018-06-10 19:56:34 - [MESSAGE][PASSED] - Delayed 2 second(s)

2018-06-10 19:56:34 - [TEST_STEP][PASSED] - selectOptionByIndex: All options with index in [4] are selected on object 'Object Repository/Emergency/Page_Store/select_--Select--Amikacin -500'

2018-06-10 19:56:34 - [MESSAGE][PASSED] - All options with index in [4] are selected on object 'Object Repository/Emergency/Page_Store/select_--Select--Amikacin -500'

2018-06-10 19:56:34 - [TEST_STEP][PASSED] - delay: Delayed 2 second(s)

2018-06-10 19:56:36 - [MESSAGE][PASSED] - Delayed 2 second(s)

2018-06-10 19:56:36 - [TEST_STEP][PASSED] - Statement - RequestedQty = com.kms.katalon.core.webui.keyword.WebUiBuiltInKeywords.getAttribute(com.kms.katalon.core.testobject.ObjectRepository.findTestObject(Emergency/Page_Store/input_txttotal), "value"): Attribute 'value' of object 'Object Repository/Emergency/Page_Store/input_txttotal' is: '10'

2018-06-10 19:56:36 - [MESSAGE][PASSED] - Attribute 'value' of object 'Object Repository/Emergency/Page_Store/input_txttotal' is: '10'

2018-06-10 19:56:36 - [TEST_STEP][PASSED] - Statement - out.println("Requested QTY : " + RequestedQty): null

2018-06-10 19:56:36 - [TEST_STEP][PASSED] - Statement - BatchNumber = com.kms.katalon.core.webui.keyword.WebUiBuiltInKeywords.getNumberOfTotalOption(com.kms.katalon.core.testobject.ObjectRepository.findTestObject(Emergency/Page_Store/select_--Select--BA1150BA4110)): 3 options of object 'Object Repository/Emergency/Page_Store/select_--Select--BA1150BA4110' counted

2018-06-10 19:56:36 - [MESSAGE][PASSED] - 3 options of object 'Object Repository/Emergency/Page_Store/select_--Select--BA1150BA4110' counted

2018-06-10 19:56:36 - [TEST_STEP][PASSED] - Statement - out.println("Batch : " + BatchNumber): null

2018-06-10 19:56:36 - [TEST_STEP][PASSED] - Statement - For ([g = 1, g <= BatchNumber - 1, (g++)]): null

2018-06-10 19:56:36 - [TEST_STEP][PASSED] - selectOptionByIndex: All options with index in [1] are selected on object 'Object Repository/Emergency/Page_Store/select_--Select--BA1150BA4110'

2018-06-10 19:56:36 - [MESSAGE][PASSED] - All options with index in [1] are selected on object 'Object Repository/Emergency/Page_Store/select_--Select--BA1150BA4110'

2018-06-10 19:56:36 - [TEST_STEP][PASSED] - delay: Delayed 2 second(s)

2018-06-10 19:56:38 - [MESSAGE][PASSED] - Delayed 2 second(s)

2018-06-10 19:56:38 - [TEST_STEP][PASSED] - Statement - StockQty = com.kms.katalon.core.webui.keyword.WebUiBuiltInKeywords.getAttribute(com.kms.katalon.core.testobject.ObjectRepository.findTestObject(Emergency/Page_Store/input_txtprice), "value"): Attribute 'value' of object 'Object Repository/Emergency/Page_Store/input_txtprice' is: '1495'

2018-06-10 19:56:38 - [MESSAGE][PASSED] - Attribute 'value' of object 'Object Repository/Emergency/Page_Store/input_txtprice' is: '1495'

2018-06-10 19:56:38 - [TEST_STEP][PASSED] - Statement - out.println("Stock QTY : " + StockQty): null

2018-06-10 19:56:38 - [TEST_STEP][PASSED] - delay: Delayed 2 second(s)

2018-06-10 19:56:40 - [MESSAGE][PASSED] - Delayed 2 second(s)

2018-06-10 19:56:40 - [TEST_STEP][PASSED] - Statement - If (java.lang.Integer.valueOf(StockQty) >= java.lang.Integer.valueOf(RequestedQty)): null

2018-06-10 19:56:40 - [TEST_STEP][PASSED] - delay: Delayed 1 second(s)

2018-06-10 19:56:41 - [MESSAGE][PASSED] - Delayed 1 second(s)

2018-06-10 19:56:41 - [TEST_STEP][PASSED] - setText: Text '10' is set on object 'Object Repository/Emergency/Page_Store/input_txtqty'

2018-06-10 19:56:41 - [MESSAGE][PASSED] - Text '10' is set on object 'Object Repository/Emergency/Page_Store/input_txtqty'

2018-06-10 19:56:41 - [TEST_STEP][PASSED] - click: Object: 'Object Repository/Emergency/Page_Store/button_Add' is clicked on

2018-06-10 19:56:42 - [MESSAGE][PASSED] - Object: 'Object Repository/Emergency/Page_Store/button_Add' is clicked on

2018-06-10 19:56:42 - [TEST_STEP][PASSED] - Statement - Break: null

2018-06-10 19:56:42 - [TEST_STEP][PASSED] - delay: Delayed 2 second(s)

2018-06-10 19:56:44 - [MESSAGE][PASSED] - Delayed 2 second(s)

2018-06-10 19:56:44 - [TEST_STEP][PASSED] - selectOptionByIndex: All options with index in [5] are selected on object 'Object Repository/Emergency/Page_Store/select_--Select--Amikacin -500'

2018-06-10 19:56:44 - [MESSAGE][PASSED] - All options with index in [5] are selected on object 'Object Repository/Emergency/Page_Store/select_--Select--Amikacin -500'

2018-06-10 19:56:44 - [TEST_STEP][PASSED] - delay: Delayed 2 second(s)

2018-06-10 19:56:46 - [MESSAGE][PASSED] - Delayed 2 second(s)

2018-06-10 19:56:46 - [TEST_STEP][PASSED] - Statement - RequestedQty = com.kms.katalon.core.webui.keyword.WebUiBuiltInKeywords.getAttribute(com.kms.katalon.core.testobject.ObjectRepository.findTestObject(Emergency/Page_Store/input_txttotal), "value"): Attribute 'value' of object 'Object Repository/Emergency/Page_Store/input_txttotal' is: '10'

2018-06-10 19:56:46 - [MESSAGE][PASSED] - Attribute 'value' of object 'Object Repository/Emergency/Page_Store/input_txttotal' is: '10'

2018-06-10 19:56:46 - [TEST_STEP][PASSED] - Statement - out.println("Requested QTY : " + RequestedQty): null

2018-06-10 19:56:46 - [TEST_STEP][PASSED] - Statement - BatchNumber = com.kms.katalon.core.webui.keyword.WebUiBuiltInKeywords.getNumberOfTotalOption(com.kms.katalon.core.testobject.ObjectRepository.findTestObject(Emergency/Page_Store/select_--Select--BA1150BA4110)): 3 options of object 'Object Repository/Emergency/Page_Store/select_--Select--BA1150BA4110' counted

2018-06-10 19:56:46 - [MESSAGE][PASSED] - 3 options of object 'Object Repository/Emergency/Page_Store/select_--Select--BA1150BA4110' counted

2018-06-10 19:56:46 - [TEST_STEP][PASSED] - Statement - out.println("Batch : " + BatchNumber): null

2018-06-10 19:56:46 - [TEST_STEP][PASSED] - Statement - For ([g = 1, g <= BatchNumber - 1, (g++)]): null

2018-06-10 19:56:46 - [TEST_STEP][PASSED] - selectOptionByIndex: All options with index in [1] are selected on object 'Object Repository/Emergency/Page_Store/select_--Select--BA1150BA4110'

2018-06-10 19:56:46 - [MESSAGE][PASSED] - All options with index in [1] are selected on object 'Object Repository/Emergency/Page_Store/select_--Select--BA1150BA4110'

2018-06-10 19:56:46 - [TEST_STEP][PASSED] - delay: Delayed 2 second(s)

2018-06-10 19:56:48 - [MESSAGE][PASSED] - Delayed 2 second(s)

2018-06-10 19:56:48 - [TEST_STEP][PASSED] - Statement - StockQty = com.kms.katalon.core.webui.keyword.WebUiBuiltInKeywords.getAttribute(com.kms.katalon.core.testobject.ObjectRepository.findTestObject(Emergency/Page_Store/input_txtprice), "value"): Attribute 'value' of object 'Object Repository/Emergency/Page_Store/input_txtprice' is: '1515'

2018-06-10 19:56:48 - [MESSAGE][PASSED] - Attribute 'value' of object 'Object Repository/Emergency/Page_Store/input_txtprice' is: '1515'

2018-06-10 19:56:48 - [TEST_STEP][PASSED] - Statement - out.println("Stock QTY : " + StockQty): null

2018-06-10 19:56:48 - [TEST_STEP][PASSED] - delay: Delayed 2 second(s)

2018-06-10 19:56:50 - [MESSAGE][PASSED] - Delayed 2 second(s)

2018-06-10 19:56:50 - [TEST_STEP][PASSED] - Statement - If (java.lang.Integer.valueOf(StockQty) >= java.lang.Integer.valueOf(RequestedQty)): null

2018-06-10 19:56:50 - [TEST_STEP][PASSED] - delay: Delayed 1 second(s)

2018-06-10 19:56:51 - [MESSAGE][PASSED] - Delayed 1 second(s)

2018-06-10 19:56:51 - [TEST_STEP][PASSED] - setText: Text '10' is set on object 'Object Repository/Emergency/Page_Store/input_txtqty'

2018-06-10 19:56:51 - [MESSAGE][PASSED] - Text '10' is set on object 'Object Repository/Emergency/Page_Store/input_txtqty'

2018-06-10 19:56:51 - [TEST_STEP][PASSED] - click: Object: 'Object Repository/Emergency/Page_Store/button_Add' is clicked on

2018-06-10 19:56:51 - [MESSAGE][PASSED] - Object: 'Object Repository/Emergency/Page_Store/button_Add' is clicked on

2018-06-10 19:56:51 - [TEST_STEP][PASSED] - Statement - Break: null

2018-06-10 19:56:51 - [TEST_STEP][PASSED] - delay: Delayed 2 second(s)

2018-06-10 19:56:53 - [MESSAGE][PASSED] - Delayed 2 second(s)

2018-06-10 19:56:53 - [TEST_STEP][PASSED] - selectOptionByIndex: All options with index in [6] are selected on object 'Object Repository/Emergency/Page_Store/select_--Select--Amikacin -500'

2018-06-10 19:56:53 - [MESSAGE][PASSED] - All options with index in [6] are selected on object 'Object Repository/Emergency/Page_Store/select_--Select--Amikacin -500'

2018-06-10 19:56:53 - [TEST_STEP][PASSED] - delay: Delayed 2 second(s)

2018-06-10 19:56:55 - [MESSAGE][PASSED] - Delayed 2 second(s)

2018-06-10 19:56:55 - [TEST_STEP][PASSED] - Statement - RequestedQty = com.kms.katalon.core.webui.keyword.WebUiBuiltInKeywords.getAttribute(com.kms.katalon.core.testobject.ObjectRepository.findTestObject(Emergency/Page_Store/input_txttotal), "value"): Attribute 'value' of object 'Object Repository/Emergency/Page_Store/input_txttotal' is: '10'

2018-06-10 19:56:55 - [MESSAGE][PASSED] - Attribute 'value' of object 'Object Repository/Emergency/Page_Store/input_txttotal' is: '10'

2018-06-10 19:56:55 - [TEST_STEP][PASSED] - Statement - out.println("Requested QTY : " + RequestedQty): null

2018-06-10 19:56:55 - [TEST_STEP][PASSED] - Statement - BatchNumber = com.kms.katalon.core.webui.keyword.WebUiBuiltInKeywords.getNumberOfTotalOption(com.kms.katalon.core.testobject.ObjectRepository.findTestObject(Emergency/Page_Store/select_--Select--BA1150BA4110)): 3 options of object 'Object Repository/Emergency/Page_Store/select_--Select--BA1150BA4110' counted

2018-06-10 19:56:55 - [MESSAGE][PASSED] - 3 options of object 'Object Repository/Emergency/Page_Store/select_--Select--BA1150BA4110' counted

2018-06-10 19:56:55 - [TEST_STEP][PASSED] - Statement - out.println("Batch : " + BatchNumber): null

2018-06-10 19:56:55 - [TEST_STEP][PASSED] - Statement - For ([g = 1, g <= BatchNumber - 1, (g++)]): null

2018-06-10 19:56:55 - [TEST_STEP][PASSED] - selectOptionByIndex: All options with index in [1] are selected on object 'Object Repository/Emergency/Page_Store/select_--Select--BA1150BA4110'

2018-06-10 19:56:55 - [MESSAGE][PASSED] - All options with index in [1] are selected on object 'Object Repository/Emergency/Page_Store/select_--Select--BA1150BA4110'

2018-06-10 19:56:55 - [TEST_STEP][PASSED] - delay: Delayed 2 second(s)

2018-06-10 19:56:57 - [MESSAGE][PASSED] - Delayed 2 second(s)

2018-06-10 19:56:57 - [TEST_STEP][PASSED] - Statement - StockQty = com.kms.katalon.core.webui.keyword.WebUiBuiltInKeywords.getAttribute(com.kms.katalon.core.testobject.ObjectRepository.findTestObject(Emergency/Page_Store/input_txtprice), "value"): Attribute 'value' of object 'Object Repository/Emergency/Page_Store/input_txtprice' is: '1180'

2018-06-10 19:56:57 - [MESSAGE][PASSED] - Attribute 'value' of object 'Object Repository/Emergency/Page_Store/input_txtprice' is: '1180'

2018-06-10 19:56:57 - [TEST_STEP][PASSED] - Statement - out.println("Stock QTY : " + StockQty): null

2018-06-10 19:56:57 - [TEST_STEP][PASSED] - delay: Delayed 2 second(s)

2018-06-10 19:56:59 - [MESSAGE][PASSED] - Delayed 2 second(s)

2018-06-10 19:56:59 - [TEST_STEP][PASSED] - Statement - If (java.lang.Integer.valueOf(StockQty) >= java.lang.Integer.valueOf(RequestedQty)): null

2018-06-10 19:56:59 - [TEST_STEP][PASSED] - delay: Delayed 1 second(s)

2018-06-10 19:57:00 - [MESSAGE][PASSED] - Delayed 1 second(s)

2018-06-10 19:57:00 - [TEST_STEP][PASSED] - setText: Text '10' is set on object 'Object Repository/Emergency/Page_Store/input_txtqty'

2018-06-10 19:57:01 - [MESSAGE][PASSED] - Text '10' is set on object 'Object Repository/Emergency/Page_Store/input_txtqty'

2018-06-10 19:57:01 - [TEST_STEP][PASSED] - click: Object: 'Object Repository/Emergency/Page_Store/button_Add' is clicked on

2018-06-10 19:57:01 - [MESSAGE][PASSED] - Object: 'Object Repository/Emergency/Page_Store/button_Add' is clicked on

2018-06-10 19:57:01 - [TEST_STEP][PASSED] - Statement - Break: null

2018-06-10 19:57:01 - [TEST_STEP][PASSED] - delay: Delayed 2 second(s)

2018-06-10 19:57:03 - [MESSAGE][PASSED] - Delayed 2 second(s)

2018-06-10 19:57:03 - [TEST_STEP][PASSED] - selectOptionByIndex: All options with index in [7] are selected on object 'Object Repository/Emergency/Page_Store/select_--Select--Amikacin -500'

2018-06-10 19:57:03 - [MESSAGE][PASSED] - All options with index in [7] are selected on object 'Object Repository/Emergency/Page_Store/select_--Select--Amikacin -500'

2018-06-10 19:57:03 - [TEST_STEP][PASSED] - delay: Delayed 2 second(s)

2018-06-10 19:57:05 - [MESSAGE][PASSED] - Delayed 2 second(s)

2018-06-10 19:57:05 - [TEST_STEP][PASSED] - Statement - RequestedQty = com.kms.katalon.core.webui.keyword.WebUiBuiltInKeywords.getAttribute(com.kms.katalon.core.testobject.ObjectRepository.findTestObject(Emergency/Page_Store/input_txttotal), "value"): Attribute 'value' of object 'Object Repository/Emergency/Page_Store/input_txttotal' is: '10'

2018-06-10 19:57:05 - [MESSAGE][PASSED] - Attribute 'value' of object 'Object Repository/Emergency/Page_Store/input_txttotal' is: '10'

2018-06-10 19:57:05 - [TEST_STEP][PASSED] - Statement - out.println("Requested QTY : " + RequestedQty): null

2018-06-10 19:57:05 - [TEST_STEP][PASSED] - Statement - BatchNumber = com.kms.katalon.core.webui.keyword.WebUiBuiltInKeywords.getNumberOfTotalOption(com.kms.katalon.core.testobject.ObjectRepository.findTestObject(Emergency/Page_Store/select_--Select--BA1150BA4110)): 5 options of object 'Object Repository/Emergency/Page_Store/select_--Select--BA1150BA4110' counted

2018-06-10 19:57:05 - [MESSAGE][PASSED] - 5 options of object 'Object Repository/Emergency/Page_Store/select_--Select--BA1150BA4110' counted

2018-06-10 19:57:05 - [TEST_STEP][PASSED] - Statement - out.println("Batch : " + BatchNumber): null

2018-06-10 19:57:05 - [TEST_STEP][PASSED] - Statement - For ([g = 1, g <= BatchNumber - 1, (g++)]): null

2018-06-10 19:57:05 - [TEST_STEP][PASSED] - selectOptionByIndex: All options with index in [1] are selected on object 'Object Repository/Emergency/Page_Store/select_--Select--BA1150BA4110'

2018-06-10 19:57:05 - [MESSAGE][PASSED] - All options with index in [1] are selected on object 'Object Repository/Emergency/Page_Store/select_--Select--BA1150BA4110'

2018-06-10 19:57:05 - [TEST_STEP][PASSED] - delay: Delayed 2 second(s)

2018-06-10 19:57:07 - [MESSAGE][PASSED] - Delayed 2 second(s)

2018-06-10 19:57:07 - [TEST_STEP][PASSED] - Statement - StockQty = com.kms.katalon.core.webui.keyword.WebUiBuiltInKeywords.getAttribute(com.kms.katalon.core.testobject.ObjectRepository.findTestObject(Emergency/Page_Store/input_txtprice), "value"): Attribute 'value' of object 'Object Repository/Emergency/Page_Store/input_txtprice' is: '4'

2018-06-10 19:57:07 - [MESSAGE][PASSED] - Attribute 'value' of object 'Object Repository/Emergency/Page_Store/input_txtprice' is: '4'

2018-06-10 19:57:07 - [TEST_STEP][PASSED] - Statement - out.println("Stock QTY : " + StockQty): null

2018-06-10 19:57:07 - [TEST_STEP][PASSED] - delay: Delayed 2 second(s)

2018-06-10 19:57:09 - [MESSAGE][PASSED] - Delayed 2 second(s)

2018-06-10 19:57:09 - [TEST_STEP][PASSED] - Statement - If (java.lang.Integer.valueOf(StockQty) >= java.lang.Integer.valueOf(RequestedQty)): null

2018-06-10 19:57:09 - [TEST_STEP][PASSED] - Statement - Else: null

2018-06-10 19:57:09 - [TEST_STEP][PASSED] - Statement - out.println("Stock Is Less Than Requested Qty"): null

2018-06-10 19:57:09 - [TEST_STEP][PASSED] - selectOptionByIndex: All options with index in [2] are selected on object 'Object Repository/Emergency/Page_Store/select_--Select--BA1150BA4110'

2018-06-10 19:57:09 - [MESSAGE][PASSED] - All options with index in [2] are selected on object 'Object Repository/Emergency/Page_Store/select_--Select--BA1150BA4110'

2018-06-10 19:57:09 - [TEST_STEP][PASSED] - delay: Delayed 2 second(s)

2018-06-10 19:57:11 - [MESSAGE][PASSED] - Delayed 2 second(s)

2018-06-10 19:57:11 - [TEST_STEP][PASSED] - Statement - StockQty = com.kms.katalon.core.webui.keyword.WebUiBuiltInKeywords.getAttribute(com.kms.katalon.core.testobject.ObjectRepository.findTestObject(Emergency/Page_Store/input_txtprice), "value"): Attribute 'value' of object 'Object Repository/Emergency/Page_Store/input_txtprice' is: '1195'

2018-06-10 19:57:11 - [MESSAGE][PASSED] - Attribute 'value' of object 'Object Repository/Emergency/Page_Store/input_txtprice' is: '1195'

2018-06-10 19:57:11 - [TEST_STEP][PASSED] - Statement - out.println("Stock QTY : " + StockQty): null

2018-06-10 19:57:11 - [TEST_STEP][PASSED] - delay: Delayed 2 second(s)

2018-06-10 19:57:13 - [MESSAGE][PASSED] - Delayed 2 second(s)

2018-06-10 19:57:13 - [TEST_STEP][PASSED] - Statement - If (java.lang.Integer.valueOf(StockQty) >= java.lang.Integer.valueOf(RequestedQty)): null

2018-06-10 19:57:13 - [TEST_STEP][PASSED] - delay: Delayed 1 second(s)

2018-06-10 19:57:14 - [MESSAGE][PASSED] - Delayed 1 second(s)

2018-06-10 19:57:14 - [TEST_STEP][PASSED] - setText: Text '10' is set on object 'Object Repository/Emergency/Page_Store/input_txtqty'

2018-06-10 19:57:14 - [MESSAGE][PASSED] - Text '10' is set on object 'Object Repository/Emergency/Page_Store/input_txtqty'

2018-06-10 19:57:14 - [TEST_STEP][PASSED] - click: Object: 'Object Repository/Emergency/Page_Store/button_Add' is clicked on

2018-06-10 19:57:14 - [MESSAGE][PASSED] - Object: 'Object Repository/Emergency/Page_Store/button_Add' is clicked on

2018-06-10 19:57:14 - [TEST_STEP][PASSED] - Statement - Break: null

2018-06-10 19:57:14 - [TEST_STEP][PASSED] - delay: Delayed 2 second(s)

2018-06-10 19:57:16 - [MESSAGE][PASSED] - Delayed 2 second(s)

2018-06-10 19:57:16 - [TEST_STEP][PASSED] - selectOptionByIndex: All options with index in [8] are selected on object 'Object Repository/Emergency/Page_Store/select_--Select--Amikacin -500'

2018-06-10 19:57:17 - [MESSAGE][PASSED] - All options with index in [8] are selected on object 'Object Repository/Emergency/Page_Store/select_--Select--Amikacin -500'

2018-06-10 19:57:17 - [TEST_STEP][PASSED] - delay: Delayed 2 second(s)

2018-06-10 19:57:19 - [MESSAGE][PASSED] - Delayed 2 second(s)

2018-06-10 19:57:19 - [TEST_STEP][PASSED] - Statement - RequestedQty = com.kms.katalon.core.webui.keyword.WebUiBuiltInKeywords.getAttribute(com.kms.katalon.core.testobject.ObjectRepository.findTestObject(Emergency/Page_Store/input_txttotal), "value"): Attribute 'value' of object 'Object Repository/Emergency/Page_Store/input_txttotal' is: '10'

2018-06-10 19:57:19 - [MESSAGE][PASSED] - Attribute 'value' of object 'Object Repository/Emergency/Page_Store/input_txttotal' is: '10'

2018-06-10 19:57:19 - [TEST_STEP][PASSED] - Statement - out.println("Requested QTY : " + RequestedQty): null

2018-06-10 19:57:19 - [TEST_STEP][PASSED] - Statement - BatchNumber = com.kms.katalon.core.webui.keyword.WebUiBuiltInKeywords.getNumberOfTotalOption(com.kms.katalon.core.testobject.ObjectRepository.findTestObject(Emergency/Page_Store/select_--Select--BA1150BA4110)): 3 options of object 'Object Repository/Emergency/Page_Store/select_--Select--BA1150BA4110' counted

2018-06-10 19:57:19 - [MESSAGE][PASSED] - 3 options of object 'Object Repository/Emergency/Page_Store/select_--Select--BA1150BA4110' counted

2018-06-10 19:57:19 - [TEST_STEP][PASSED] - Statement - out.println("Batch : " + BatchNumber): null

2018-06-10 19:57:19 - [TEST_STEP][PASSED] - Statement - For ([g = 1, g <= BatchNumber - 1, (g++)]): null

2018-06-10 19:57:19 - [TEST_STEP][PASSED] - selectOptionByIndex: All options with index in [1] are selected on object 'Object Repository/Emergency/Page_Store/select_--Select--BA1150BA4110'

2018-06-10 19:57:19 - [MESSAGE][PASSED] - All options with index in [1] are selected on object 'Object Repository/Emergency/Page_Store/select_--Select--BA1150BA4110'

2018-06-10 19:57:19 - [TEST_STEP][PASSED] - delay: Delayed 2 second(s)

2018-06-10 19:57:21 - [MESSAGE][PASSED] - Delayed 2 second(s)

2018-06-10 19:57:21 - [TEST_STEP][PASSED] - Statement - StockQty = com.kms.katalon.core.webui.keyword.WebUiBuiltInKeywords.getAttribute(com.kms.katalon.core.testobject.ObjectRepository.findTestObject(Emergency/Page_Store/input_txtprice), "value"): Attribute 'value' of object 'Object Repository/Emergency/Page_Store/input_txtprice' is: '1324'

2018-06-10 19:57:21 - [MESSAGE][PASSED] - Attribute 'value' of object 'Object Repository/Emergency/Page_Store/input_txtprice' is: '1324'

2018-06-10 19:57:21 - [TEST_STEP][PASSED] - Statement - out.println("Stock QTY : " + StockQty): null

2018-06-10 19:57:21 - [TEST_STEP][PASSED] - delay: Delayed 2 second(s)

2018-06-10 19:57:23 - [MESSAGE][PASSED] - Delayed 2 second(s)

2018-06-10 19:57:23 - [TEST_STEP][PASSED] - Statement - If (java.lang.Integer.valueOf(StockQty) >= java.lang.Integer.valueOf(RequestedQty)): null

2018-06-10 19:57:23 - [TEST_STEP][PASSED] - delay: Delayed 1 second(s)

2018-06-10 19:57:24 - [MESSAGE][PASSED] - Delayed 1 second(s)

2018-06-10 19:57:24 - [TEST_STEP][PASSED] - setText: Text '10' is set on object 'Object Repository/Emergency/Page_Store/input_txtqty'

2018-06-10 19:57:24 - [MESSAGE][PASSED] - Text '10' is set on object 'Object Repository/Emergency/Page_Store/input_txtqty'

2018-06-10 19:57:24 - [TEST_STEP][PASSED] - click: Object: 'Object Repository/Emergency/Page_Store/button_Add' is clicked on

2018-06-10 19:57:24 - [MESSAGE][PASSED] - Object: 'Object Repository/Emergency/Page_Store/button_Add' is clicked on

2018-06-10 19:57:24 - [TEST_STEP][PASSED] - Statement - Break: null

2018-06-10 19:57:24 - [TEST_STEP][PASSED] - delay: Delayed 2 second(s)

2018-06-10 19:57:26 - [MESSAGE][PASSED] - Delayed 2 second(s)

2018-06-10 19:57:26 - [TEST_STEP][PASSED] - selectOptionByIndex: All options with index in [9] are selected on object 'Object Repository/Emergency/Page_Store/select_--Select--Amikacin -500'

2018-06-10 19:57:26 - [MESSAGE][PASSED] - All options with index in [9] are selected on object 'Object Repository/Emergency/Page_Store/select_--Select--Amikacin -500'

2018-06-10 19:57:26 - [TEST_STEP][PASSED] - delay: Delayed 2 second(s)

2018-06-10 19:57:28 - [MESSAGE][PASSED] - Delayed 2 second(s)

2018-06-10 19:57:28 - [TEST_STEP][PASSED] - Statement - RequestedQty = com.kms.katalon.core.webui.keyword.WebUiBuiltInKeywords.getAttribute(com.kms.katalon.core.testobject.ObjectRepository.findTestObject(Emergency/Page_Store/input_txttotal), "value"): Attribute 'value' of object 'Object Repository/Emergency/Page_Store/input_txttotal' is: '10'

2018-06-10 19:57:28 - [MESSAGE][PASSED] - Attribute 'value' of object 'Object Repository/Emergency/Page_Store/input_txttotal' is: '10'

2018-06-10 19:57:28 - [TEST_STEP][PASSED] - Statement - out.println("Requested QTY : " + RequestedQty): null

2018-06-10 19:57:28 - [TEST_STEP][PASSED] - Statement - BatchNumber = com.kms.katalon.core.webui.keyword.WebUiBuiltInKeywords.getNumberOfTotalOption(com.kms.katalon.core.testobject.ObjectRepository.findTestObject(Emergency/Page_Store/select_--Select--BA1150BA4110)): 3 options of object 'Object Repository/Emergency/Page_Store/select_--Select--BA1150BA4110' counted

2018-06-10 19:57:28 - [MESSAGE][PASSED] - 3 options of object 'Object Repository/Emergency/Page_Store/select_--Select--BA1150BA4110' counted

2018-06-10 19:57:28 - [TEST_STEP][PASSED] - Statement - out.println("Batch : " + BatchNumber): null

2018-06-10 19:57:28 - [TEST_STEP][PASSED] - Statement - For ([g = 1, g <= BatchNumber - 1, (g++)]): null

2018-06-10 19:57:28 - [TEST_STEP][PASSED] - selectOptionByIndex: All options with index in [1] are selected on object 'Object Repository/Emergency/Page_Store/select_--Select--BA1150BA4110'

2018-06-10 19:57:28 - [MESSAGE][PASSED] - All options with index in [1] are selected on object 'Object Repository/Emergency/Page_Store/select_--Select--BA1150BA4110'

2018-06-10 19:57:28 - [TEST_STEP][PASSED] - delay: Delayed 2 second(s)

2018-06-10 19:57:30 - [MESSAGE][PASSED] - Delayed 2 second(s)

2018-06-10 19:57:30 - [TEST_STEP][PASSED] - Statement - StockQty = com.kms.katalon.core.webui.keyword.WebUiBuiltInKeywords.getAttribute(com.kms.katalon.core.testobject.ObjectRepository.findTestObject(Emergency/Page_Store/input_txtprice), "value"): Attribute 'value' of object 'Object Repository/Emergency/Page_Store/input_txtprice' is: '829'

2018-06-10 19:57:30 - [MESSAGE][PASSED] - Attribute 'value' of object 'Object Repository/Emergency/Page_Store/input_txtprice' is: '829'

2018-06-10 19:57:30 - [TEST_STEP][PASSED] - Statement - out.println("Stock QTY : " + StockQty): null

2018-06-10 19:57:30 - [TEST_STEP][PASSED] - delay: Delayed 2 second(s)

2018-06-10 19:57:32 - [MESSAGE][PASSED] - Delayed 2 second(s)

2018-06-10 19:57:32 - [TEST_STEP][PASSED] - Statement - If (java.lang.Integer.valueOf(StockQty) >= java.lang.Integer.valueOf(RequestedQty)): null

2018-06-10 19:57:32 - [TEST_STEP][PASSED] - delay: Delayed 1 second(s)

2018-06-10 19:57:33 - [MESSAGE][PASSED] - Delayed 1 second(s)

2018-06-10 19:57:33 - [TEST_STEP][PASSED] - setText: Text '10' is set on object 'Object Repository/Emergency/Page_Store/input_txtqty'

2018-06-10 19:57:33 - [MESSAGE][PASSED] - Text '10' is set on object 'Object Repository/Emergency/Page_Store/input_txtqty'

2018-06-10 19:57:33 - [TEST_STEP][PASSED] - click: Object: 'Object Repository/Emergency/Page_Store/button_Add' is clicked on

2018-06-10 19:57:33 - [MESSAGE][PASSED] - Object: 'Object Repository/Emergency/Page_Store/button_Add' is clicked on

2018-06-10 19:57:33 - [TEST_STEP][PASSED] - Statement - Break: null

2018-06-10 19:57:33 - [TEST_STEP][PASSED] - delay: Delayed 2 second(s)

2018-06-10 19:57:35 - [MESSAGE][PASSED] - Delayed 2 second(s)

2018-06-10 19:57:35 - [TEST_STEP][PASSED] - selectOptionByIndex: All options with index in [10] are selected on object 'Object Repository/Emergency/Page_Store/select_--Select--Amikacin -500'

2018-06-10 19:57:36 - [MESSAGE][PASSED] - All options with index in [10] are selected on object 'Object Repository/Emergency/Page_Store/select_--Select--Amikacin -500'

2018-06-10 19:57:36 - [TEST_STEP][PASSED] - delay: Delayed 2 second(s)

2018-06-10 19:57:38 - [MESSAGE][PASSED] - Delayed 2 second(s)

2018-06-10 19:57:38 - [TEST_STEP][PASSED] - Statement - RequestedQty = com.kms.katalon.core.webui.keyword.WebUiBuiltInKeywords.getAttribute(com.kms.katalon.core.testobject.ObjectRepository.findTestObject(Emergency/Page_Store/input_txttotal), "value"): Attribute 'value' of object 'Object Repository/Emergency/Page_Store/input_txttotal' is: '10'

2018-06-10 19:57:38 - [MESSAGE][PASSED] - Attribute 'value' of object 'Object Repository/Emergency/Page_Store/input_txttotal' is: '10'

2018-06-10 19:57:38 - [TEST_STEP][PASSED] - Statement - out.println("Requested QTY : " + RequestedQty): null

2018-06-10 19:57:38 - [TEST_STEP][PASSED] - Statement - BatchNumber = com.kms.katalon.core.webui.keyword.WebUiBuiltInKeywords.getNumberOfTotalOption(com.kms.katalon.core.testobject.ObjectRepository.findTestObject(Emergency/Page_Store/select_--Select--BA1150BA4110)): 3 options of object 'Object Repository/Emergency/Page_Store/select_--Select--BA1150BA4110' counted

2018-06-10 19:57:38 - [MESSAGE][PASSED] - 3 options of object 'Object Repository/Emergency/Page_Store/select_--Select--BA1150BA4110' counted

2018-06-10 19:57:38 - [TEST_STEP][PASSED] - Statement - out.println("Batch : " + BatchNumber): null

2018-06-10 19:57:38 - [TEST_STEP][PASSED] - Statement - For ([g = 1, g <= BatchNumber - 1, (g++)]): null

2018-06-10 19:57:38 - [TEST_STEP][PASSED] - selectOptionByIndex: All options with index in [1] are selected on object 'Object Repository/Emergency/Page_Store/select_--Select--BA1150BA4110'

2018-06-10 19:57:38 - [MESSAGE][PASSED] - All options with index in [1] are selected on object 'Object Repository/Emergency/Page_Store/select_--Select--BA1150BA4110'

2018-06-10 19:57:38 - [TEST_STEP][PASSED] - delay: Delayed 2 second(s)

2018-06-10 19:57:40 - [MESSAGE][PASSED] - Delayed 2 second(s)

2018-06-10 19:57:40 - [TEST_STEP][PASSED] - Statement - StockQty = com.kms.katalon.core.webui.keyword.WebUiBuiltInKeywords.getAttribute(com.kms.katalon.core.testobject.ObjectRepository.findTestObject(Emergency/Page_Store/input_txtprice), "value"): Attribute 'value' of object 'Object Repository/Emergency/Page_Store/input_txtprice' is: '1505'

2018-06-10 19:57:40 - [MESSAGE][PASSED] - Attribute 'value' of object 'Object Repository/Emergency/Page_Store/input_txtprice' is: '1505'

2018-06-10 19:57:40 - [TEST_STEP][PASSED] - Statement - out.println("Stock QTY : " + StockQty): null

2018-06-10 19:57:40 - [TEST_STEP][PASSED] - delay: Delayed 2 second(s)

2018-06-10 19:57:42 - [MESSAGE][PASSED] - Delayed 2 second(s)

2018-06-10 19:57:42 - [TEST_STEP][PASSED] - Statement - If (java.lang.Integer.valueOf(StockQty) >= java.lang.Integer.valueOf(RequestedQty)): null

2018-06-10 19:57:42 - [TEST_STEP][PASSED] - delay: Delayed 1 second(s)

2018-06-10 19:57:43 - [MESSAGE][PASSED] - Delayed 1 second(s)

2018-06-10 19:57:43 - [TEST_STEP][PASSED] - setText: Text '10' is set on object 'Object Repository/Emergency/Page_Store/input_txtqty'

2018-06-10 19:57:43 - [MESSAGE][PASSED] - Text '10' is set on object 'Object Repository/Emergency/Page_Store/input_txtqty'

2018-06-10 19:57:43 - [TEST_STEP][PASSED] - click: Object: 'Object Repository/Emergency/Page_Store/button_Add' is clicked on

2018-06-10 19:57:43 - [MESSAGE][PASSED] - Object: 'Object Repository/Emergency/Page_Store/button_Add' is clicked on

2018-06-10 19:57:43 - [TEST_STEP][PASSED] - Statement - Break: null

2018-06-10 19:57:43 - [TEST_STEP][PASSED] - delay: Delayed 2 second(s)

2018-06-10 19:57:45 - [MESSAGE][PASSED] - Delayed 2 second(s)

2018-06-10 19:57:45 - [TEST_STEP][PASSED] - selectOptionByIndex: All options with index in [11] are selected on object 'Object Repository/Emergency/Page_Store/select_--Select--Amikacin -500'

2018-06-10 19:57:45 - [MESSAGE][PASSED] - All options with index in [11] are selected on object 'Object Repository/Emergency/Page_Store/select_--Select--Amikacin -500'

2018-06-10 19:57:45 - [TEST_STEP][PASSED] - delay: Delayed 2 second(s)

2018-06-10 19:57:47 - [MESSAGE][PASSED] - Delayed 2 second(s)

2018-06-10 19:57:47 - [TEST_STEP][PASSED] - Statement - RequestedQty = com.kms.katalon.core.webui.keyword.WebUiBuiltInKeywords.getAttribute(com.kms.katalon.core.testobject.ObjectRepository.findTestObject(Emergency/Page_Store/input_txttotal), "value"): Attribute 'value' of object 'Object Repository/Emergency/Page_Store/input_txttotal' is: '10'

2018-06-10 19:57:47 - [MESSAGE][PASSED] - Attribute 'value' of object 'Object Repository/Emergency/Page_Store/input_txttotal' is: '10'

2018-06-10 19:57:47 - [TEST_STEP][PASSED] - Statement - out.println("Requested QTY : " + RequestedQty): null

2018-06-10 19:57:47 - [TEST_STEP][PASSED] - Statement - BatchNumber = com.kms.katalon.core.webui.keyword.WebUiBuiltInKeywords.getNumberOfTotalOption(com.kms.katalon.core.testobject.ObjectRepository.findTestObject(Emergency/Page_Store/select_--Select--BA1150BA4110)): 3 options of object 'Object Repository/Emergency/Page_Store/select_--Select--BA1150BA4110' counted

2018-06-10 19:57:47 - [MESSAGE][PASSED] - 3 options of object 'Object Repository/Emergency/Page_Store/select_--Select--BA1150BA4110' counted

2018-06-10 19:57:47 - [TEST_STEP][PASSED] - Statement - out.println("Batch : " + BatchNumber): null

2018-06-10 19:57:47 - [TEST_STEP][PASSED] - Statement - For ([g = 1, g <= BatchNumber - 1, (g++)]): null

2018-06-10 19:57:47 - [TEST_STEP][PASSED] - selectOptionByIndex: All options with index in [1] are selected on object 'Object Repository/Emergency/Page_Store/select_--Select--BA1150BA4110'

2018-06-10 19:57:48 - [MESSAGE][PASSED] - All options with index in [1] are selected on object 'Object Repository/Emergency/Page_Store/select_--Select--BA1150BA4110'

2018-06-10 19:57:48 - [TEST_STEP][PASSED] - delay: Delayed 2 second(s)

2018-06-10 19:57:50 - [MESSAGE][PASSED] - Delayed 2 second(s)

2018-06-10 19:57:50 - [TEST_STEP][PASSED] - Statement - StockQty = com.kms.katalon.core.webui.keyword.WebUiBuiltInKeywords.getAttribute(com.kms.katalon.core.testobject.ObjectRepository.findTestObject(Emergency/Page_Store/input_txtprice), "value"): Attribute 'value' of object 'Object Repository/Emergency/Page_Store/input_txtprice' is: '1311'

2018-06-10 19:57:50 - [MESSAGE][PASSED] - Attribute 'value' of object 'Object Repository/Emergency/Page_Store/input_txtprice' is: '1311'

2018-06-10 19:57:50 - [TEST_STEP][PASSED] - Statement - out.println("Stock QTY : " + StockQty): null

2018-06-10 19:57:50 - [TEST_STEP][PASSED] - delay: Delayed 2 second(s)

2018-06-10 19:57:52 - [MESSAGE][PASSED] - Delayed 2 second(s)

2018-06-10 19:57:52 - [TEST_STEP][PASSED] - Statement - If (java.lang.Integer.valueOf(StockQty) >= java.lang.Integer.valueOf(RequestedQty)): null

2018-06-10 19:57:52 - [TEST_STEP][PASSED] - delay: Delayed 1 second(s)

2018-06-10 19:57:53 - [MESSAGE][PASSED] - Delayed 1 second(s)

2018-06-10 19:57:53 - [TEST_STEP][PASSED] - setText: Text '10' is set on object 'Object Repository/Emergency/Page_Store/input_txtqty'

2018-06-10 19:57:53 - [MESSAGE][PASSED] - Text '10' is set on object 'Object Repository/Emergency/Page_Store/input_txtqty'

2018-06-10 19:57:53 - [TEST_STEP][PASSED] - click: Object: 'Object Repository/Emergency/Page_Store/button_Add' is clicked on

2018-06-10 19:57:53 - [MESSAGE][PASSED] - Object: 'Object Repository/Emergency/Page_Store/button_Add' is clicked on

2018-06-10 19:57:53 - [TEST_STEP][PASSED] - Statement - Break: null

2018-06-10 19:57:53 - [TEST_STEP][PASSED] - delay: Delayed 2 second(s)

2018-06-10 19:57:55 - [MESSAGE][PASSED] - Delayed 2 second(s)

2018-06-10 19:57:55 - [TEST_STEP][PASSED] - selectOptionByIndex: All options with index in [12] are selected on object 'Object Repository/Emergency/Page_Store/select_--Select--Amikacin -500'

2018-06-10 19:57:55 - [MESSAGE][PASSED] - All options with index in [12] are selected on object 'Object Repository/Emergency/Page_Store/select_--Select--Amikacin -500'

2018-06-10 19:57:55 - [TEST_STEP][PASSED] - delay: Delayed 2 second(s)

2018-06-10 19:57:57 - [MESSAGE][PASSED] - Delayed 2 second(s)

2018-06-10 19:57:57 - [TEST_STEP][PASSED] - Statement - RequestedQty = com.kms.katalon.core.webui.keyword.WebUiBuiltInKeywords.getAttribute(com.kms.katalon.core.testobject.ObjectRepository.findTestObject(Emergency/Page_Store/input_txttotal), "value"): Attribute 'value' of object 'Object Repository/Emergency/Page_Store/input_txttotal' is: '10'

2018-06-10 19:57:57 - [MESSAGE][PASSED] - Attribute 'value' of object 'Object Repository/Emergency/Page_Store/input_txttotal' is: '10'

2018-06-10 19:57:57 - [TEST_STEP][PASSED] - Statement - out.println("Requested QTY : " + RequestedQty): null

2018-06-10 19:57:57 - [TEST_STEP][PASSED] - Statement - BatchNumber = com.kms.katalon.core.webui.keyword.WebUiBuiltInKeywords.getNumberOfTotalOption(com.kms.katalon.core.testobject.ObjectRepository.findTestObject(Emergency/Page_Store/select_--Select--BA1150BA4110)): 3 options of object 'Object Repository/Emergency/Page_Store/select_--Select--BA1150BA4110' counted

2018-06-10 19:57:57 - [MESSAGE][PASSED] - 3 options of object 'Object Repository/Emergency/Page_Store/select_--Select--BA1150BA4110' counted

2018-06-10 19:57:57 - [TEST_STEP][PASSED] - Statement - out.println("Batch : " + BatchNumber): null

2018-06-10 19:57:57 - [TEST_STEP][PASSED] - Statement - For ([g = 1, g <= BatchNumber - 1, (g++)]): null

2018-06-10 19:57:57 - [TEST_STEP][PASSED] - selectOptionByIndex: All options with index in [1] are selected on object 'Object Repository/Emergency/Page_Store/select_--Select--BA1150BA4110'

2018-06-10 19:57:57 - [MESSAGE][PASSED] - All options with index in [1] are selected on object 'Object Repository/Emergency/Page_Store/select_--Select--BA1150BA4110'

2018-06-10 19:57:57 - [TEST_STEP][PASSED] - delay: Delayed 2 second(s)

2018-06-10 19:57:59 - [MESSAGE][PASSED] - Delayed 2 second(s)

2018-06-10 19:57:59 - [TEST_STEP][PASSED] - Statement - StockQty = com.kms.katalon.core.webui.keyword.WebUiBuiltInKeywords.getAttribute(com.kms.katalon.core.testobject.ObjectRepository.findTestObject(Emergency/Page_Store/input_txtprice), "value"): Attribute 'value' of object 'Object Repository/Emergency/Page_Store/input_txtprice' is: '1470'

2018-06-10 19:57:59 - [MESSAGE][PASSED] - Attribute 'value' of object 'Object Repository/Emergency/Page_Store/input_txtprice' is: '1470'

2018-06-10 19:57:59 - [TEST_STEP][PASSED] - Statement - out.println("Stock QTY : " + StockQty): null

2018-06-10 19:57:59 - [TEST_STEP][PASSED] - delay: Delayed 2 second(s)

2018-06-10 19:58:01 - [MESSAGE][PASSED] - Delayed 2 second(s)

2018-06-10 19:58:01 - [TEST_STEP][PASSED] - Statement - If (java.lang.Integer.valueOf(StockQty) >= java.lang.Integer.valueOf(RequestedQty)): null

2018-06-10 19:58:01 - [TEST_STEP][PASSED] - delay: Delayed 1 second(s)

2018-06-10 19:58:02 - [MESSAGE][PASSED] - Delayed 1 second(s)

2018-06-10 19:58:02 - [TEST_STEP][PASSED] - setText: Text '10' is set on object 'Object Repository/Emergency/Page_Store/input_txtqty'

2018-06-10 19:58:02 - [MESSAGE][PASSED] - Text '10' is set on object 'Object Repository/Emergency/Page_Store/input_txtqty'

2018-06-10 19:58:02 - [TEST_STEP][PASSED] - click: Object: 'Object Repository/Emergency/Page_Store/button_Add' is clicked on

2018-06-10 19:58:02 - [MESSAGE][PASSED] - Object: 'Object Repository/Emergency/Page_Store/button_Add' is clicked on

2018-06-10 19:58:02 - [TEST_STEP][PASSED] - Statement - Break: null

2018-06-10 19:58:02 - [TEST_STEP][PASSED] - delay: Delayed 2 second(s)

2018-06-10 19:58:04 - [MESSAGE][PASSED] - Delayed 2 second(s)

2018-06-10 19:58:04 - [TEST_STEP][PASSED] - selectOptionByIndex: All options with index in [13] are selected on object 'Object Repository/Emergency/Page_Store/select_--Select--Amikacin -500'

2018-06-10 19:58:05 - [MESSAGE][PASSED] - All options with index in [13] are selected on object 'Object Repository/Emergency/Page_Store/select_--Select--Amikacin -500'

2018-06-10 19:58:05 - [TEST_STEP][PASSED] - delay: Delayed 2 second(s)

2018-06-10 19:58:07 - [MESSAGE][PASSED] - Delayed 2 second(s)

2018-06-10 19:58:07 - [TEST_STEP][PASSED] - Statement - RequestedQty = com.kms.katalon.core.webui.keyword.WebUiBuiltInKeywords.getAttribute(com.kms.katalon.core.testobject.ObjectRepository.findTestObject(Emergency/Page_Store/input_txttotal), "value"): Attribute 'value' of object 'Object Repository/Emergency/Page_Store/input_txttotal' is: '10'

2018-06-10 19:58:07 - [MESSAGE][PASSED] - Attribute 'value' of object 'Object Repository/Emergency/Page_Store/input_txttotal' is: '10'

2018-06-10 19:58:07 - [TEST_STEP][PASSED] - Statement - out.println("Requested QTY : " + RequestedQty): null

2018-06-10 19:58:07 - [TEST_STEP][PASSED] - Statement - BatchNumber = com.kms.katalon.core.webui.keyword.WebUiBuiltInKeywords.getNumberOfTotalOption(com.kms.katalon.core.testobject.ObjectRepository.findTestObject(Emergency/Page_Store/select_--Select--BA1150BA4110)): 3 options of object 'Object Repository/Emergency/Page_Store/select_--Select--BA1150BA4110' counted

2018-06-10 19:58:07 - [MESSAGE][PASSED] - 3 options of object 'Object Repository/Emergency/Page_Store/select_--Select--BA1150BA4110' counted

2018-06-10 19:58:07 - [TEST_STEP][PASSED] - Statement - out.println("Batch : " + BatchNumber): null

2018-06-10 19:58:07 - [TEST_STEP][PASSED] - Statement - For ([g = 1, g <= BatchNumber - 1, (g++)]): null

2018-06-10 19:58:07 - [TEST_STEP][PASSED] - selectOptionByIndex: All options with index in [1] are selected on object 'Object Repository/Emergency/Page_Store/select_--Select--BA1150BA4110'

2018-06-10 19:58:07 - [MESSAGE][PASSED] - All options with index in [1] are selected on object 'Object Repository/Emergency/Page_Store/select_--Select--BA1150BA4110'

2018-06-10 19:58:07 - [TEST_STEP][PASSED] - delay: Delayed 2 second(s)

2018-06-10 19:58:09 - [MESSAGE][PASSED] - Delayed 2 second(s)

2018-06-10 19:58:09 - [TEST_STEP][PASSED] - Statement - StockQty = com.kms.katalon.core.webui.keyword.WebUiBuiltInKeywords.getAttribute(com.kms.katalon.core.testobject.ObjectRepository.findTestObject(Emergency/Page_Store/input_txtprice), "value"): Attribute 'value' of object 'Object Repository/Emergency/Page_Store/input_txtprice' is: '730'

2018-06-10 19:58:09 - [MESSAGE][PASSED] - Attribute 'value' of object 'Object Repository/Emergency/Page_Store/input_txtprice' is: '730'

2018-06-10 19:58:09 - [TEST_STEP][PASSED] - Statement - out.println("Stock QTY : " + StockQty): null

2018-06-10 19:58:09 - [TEST_STEP][PASSED] - delay: Delayed 2 second(s)

2018-06-10 19:58:11 - [MESSAGE][PASSED] - Delayed 2 second(s)

2018-06-10 19:58:11 - [TEST_STEP][PASSED] - Statement - If (java.lang.Integer.valueOf(StockQty) >= java.lang.Integer.valueOf(RequestedQty)): null

2018-06-10 19:58:11 - [TEST_STEP][PASSED] - delay: Delayed 1 second(s)

2018-06-10 19:58:12 - [MESSAGE][PASSED] - Delayed 1 second(s)

2018-06-10 19:58:12 - [TEST_STEP][PASSED] - setText: Text '10' is set on object 'Object Repository/Emergency/Page_Store/input_txtqty'

2018-06-10 19:58:12 - [MESSAGE][PASSED] - Text '10' is set on object 'Object Repository/Emergency/Page_Store/input_txtqty'

2018-06-10 19:58:12 - [TEST_STEP][PASSED] - click: Object: 'Object Repository/Emergency/Page_Store/button_Add' is clicked on

2018-06-10 19:58:12 - [MESSAGE][PASSED] - Object: 'Object Repository/Emergency/Page_Store/button_Add' is clicked on

2018-06-10 19:58:12 - [TEST_STEP][PASSED] - Statement - Break: null

2018-06-10 19:58:12 - [TEST_STEP][PASSED] - delay: Delayed 2 second(s)

2018-06-10 19:58:14 - [MESSAGE][PASSED] - Delayed 2 second(s)

2018-06-10 19:58:14 - [TEST_STEP][PASSED] - selectOptionByIndex: All options with index in [14] are selected on object 'Object Repository/Emergency/Page_Store/select_--Select--Amikacin -500'

2018-06-10 19:58:14 - [MESSAGE][PASSED] - All options with index in [14] are selected on object 'Object Repository/Emergency/Page_Store/select_--Select--Amikacin -500'

2018-06-10 19:58:14 - [TEST_STEP][PASSED] - delay: Delayed 2 second(s)

2018-06-10 19:58:16 - [MESSAGE][PASSED] - Delayed 2 second(s)

2018-06-10 19:58:16 - [TEST_STEP][PASSED] - Statement - RequestedQty = com.kms.katalon.core.webui.keyword.WebUiBuiltInKeywords.getAttribute(com.kms.katalon.core.testobject.ObjectRepository.findTestObject(Emergency/Page_Store/input_txttotal), "value"): Attribute 'value' of object 'Object Repository/Emergency/Page_Store/input_txttotal' is: '10'

2018-06-10 19:58:16 - [MESSAGE][PASSED] - Attribute 'value' of object 'Object Repository/Emergency/Page_Store/input_txttotal' is: '10'

2018-06-10 19:58:16 - [TEST_STEP][PASSED] - Statement - out.println("Requested QTY : " + RequestedQty): null

2018-06-10 19:58:16 - [TEST_STEP][PASSED] - Statement - BatchNumber = com.kms.katalon.core.webui.keyword.WebUiBuiltInKeywords.getNumberOfTotalOption(com.kms.katalon.core.testobject.ObjectRepository.findTestObject(Emergency/Page_Store/select_--Select--BA1150BA4110)): 3 options of object 'Object Repository/Emergency/Page_Store/select_--Select--BA1150BA4110' counted

2018-06-10 19:58:16 - [MESSAGE][PASSED] - 3 options of object 'Object Repository/Emergency/Page_Store/select_--Select--BA1150BA4110' counted

2018-06-10 19:58:16 - [TEST_STEP][PASSED] - Statement - out.println("Batch : " + BatchNumber): null

2018-06-10 19:58:16 - [TEST_STEP][PASSED] - Statement - For ([g = 1, g <= BatchNumber - 1, (g++)]): null

2018-06-10 19:58:16 - [TEST_STEP][PASSED] - selectOptionByIndex: All options with index in [1] are selected on object 'Object Repository/Emergency/Page_Store/select_--Select--BA1150BA4110'

2018-06-10 19:58:16 - [MESSAGE][PASSED] - All options with index in [1] are selected on object 'Object Repository/Emergency/Page_Store/select_--Select--BA1150BA4110'

2018-06-10 19:58:16 - [TEST_STEP][PASSED] - delay: Delayed 2 second(s)

2018-06-10 19:58:18 - [MESSAGE][PASSED] - Delayed 2 second(s)

2018-06-10 19:58:18 - [TEST_STEP][PASSED] - Statement - StockQty = com.kms.katalon.core.webui.keyword.WebUiBuiltInKeywords.getAttribute(com.kms.katalon.core.testobject.ObjectRepository.findTestObject(Emergency/Page_Store/input_txtprice), "value"): Attribute 'value' of object 'Object Repository/Emergency/Page_Store/input_txtprice' is: '1495'

2018-06-10 19:58:18 - [MESSAGE][PASSED] - Attribute 'value' of object 'Object Repository/Emergency/Page_Store/input_txtprice' is: '1495'

2018-06-10 19:58:18 - [TEST_STEP][PASSED] - Statement - out.println("Stock QTY : " + StockQty): null

2018-06-10 19:58:18 - [TEST_STEP][PASSED] - delay: Delayed 2 second(s)

2018-06-10 19:58:20 - [MESSAGE][PASSED] - Delayed 2 second(s)

2018-06-10 19:58:20 - [TEST_STEP][PASSED] - Statement - If (java.lang.Integer.valueOf(StockQty) >= java.lang.Integer.valueOf(RequestedQty)): null

2018-06-10 19:58:20 - [TEST_STEP][PASSED] - delay: Delayed 1 second(s)

2018-06-10 19:58:21 - [MESSAGE][PASSED] - Delayed 1 second(s)

2018-06-10 19:58:21 - [TEST_STEP][PASSED] - setText: Text '10' is set on object 'Object Repository/Emergency/Page_Store/input_txtqty'

2018-06-10 19:58:22 - [MESSAGE][PASSED] - Text '10' is set on object 'Object Repository/Emergency/Page_Store/input_txtqty'

2018-06-10 19:58:22 - [TEST_STEP][PASSED] - click: Object: 'Object Repository/Emergency/Page_Store/button_Add' is clicked on

2018-06-10 19:58:22 - [MESSAGE][PASSED] - Object: 'Object Repository/Emergency/Page_Store/button_Add' is clicked on

2018-06-10 19:58:22 - [TEST_STEP][PASSED] - Statement - Break: null

2018-06-10 19:58:22 - [TEST_STEP][PASSED] - delay: Delayed 2 second(s)

2018-06-10 19:58:24 - [MESSAGE][PASSED] - Delayed 2 second(s)

2018-06-10 19:58:24 - [TEST_STEP][PASSED] - selectOptionByIndex: All options with index in [15] are selected on object 'Object Repository/Emergency/Page_Store/select_--Select--Amikacin -500'

2018-06-10 19:58:24 - [MESSAGE][PASSED] - All options with index in [15] are selected on object 'Object Repository/Emergency/Page_Store/select_--Select--Amikacin -500'

2018-06-10 19:58:24 - [TEST_STEP][PASSED] - delay: Delayed 2 second(s)

2018-06-10 19:58:26 - [MESSAGE][PASSED] - Delayed 2 second(s)

2018-06-10 19:58:26 - [TEST_STEP][PASSED] - Statement - RequestedQty = com.kms.katalon.core.webui.keyword.WebUiBuiltInKeywords.getAttribute(com.kms.katalon.core.testobject.ObjectRepository.findTestObject(Emergency/Page_Store/input_txttotal), "value"): Attribute 'value' of object 'Object Repository/Emergency/Page_Store/input_txttotal' is: '10'

2018-06-10 19:58:26 - [MESSAGE][PASSED] - Attribute 'value' of object 'Object Repository/Emergency/Page_Store/input_txttotal' is: '10'

2018-06-10 19:58:26 - [TEST_STEP][PASSED] - Statement - out.println("Requested QTY : " + RequestedQty): null

2018-06-10 19:58:26 - [TEST_STEP][PASSED] - Statement - BatchNumber = com.kms.katalon.core.webui.keyword.WebUiBuiltInKeywords.getNumberOfTotalOption(com.kms.katalon.core.testobject.ObjectRepository.findTestObject(Emergency/Page_Store/select_--Select--BA1150BA4110)): 3 options of object 'Object Repository/Emergency/Page_Store/select_--Select--BA1150BA4110' counted

2018-06-10 19:58:26 - [MESSAGE][PASSED] - 3 options of object 'Object Repository/Emergency/Page_Store/select_--Select--BA1150BA4110' counted

2018-06-10 19:58:26 - [TEST_STEP][PASSED] - Statement - out.println("Batch : " + BatchNumber): null

2018-06-10 19:58:26 - [TEST_STEP][PASSED] - Statement - For ([g = 1, g <= BatchNumber - 1, (g++)]): null

2018-06-10 19:58:26 - [TEST_STEP][PASSED] - selectOptionByIndex: All options with index in [1] are selected on object 'Object Repository/Emergency/Page_Store/select_--Select--BA1150BA4110'

2018-06-10 19:58:26 - [MESSAGE][PASSED] - All options with index in [1] are selected on object 'Object Repository/Emergency/Page_Store/select_--Select--BA1150BA4110'

2018-06-10 19:58:26 - [TEST_STEP][PASSED] - delay: Delayed 2 second(s)

2018-06-10 19:58:28 - [MESSAGE][PASSED] - Delayed 2 second(s)

2018-06-10 19:58:28 - [TEST_STEP][PASSED] - Statement - StockQty = com.kms.katalon.core.webui.keyword.WebUiBuiltInKeywords.getAttribute(com.kms.katalon.core.testobject.ObjectRepository.findTestObject(Emergency/Page_Store/input_txtprice), "value"): Attribute 'value' of object 'Object Repository/Emergency/Page_Store/input_txtprice' is: '1495'

2018-06-10 19:58:28 - [MESSAGE][PASSED] - Attribute 'value' of object 'Object Repository/Emergency/Page_Store/input_txtprice' is: '1495'

2018-06-10 19:58:28 - [TEST_STEP][PASSED] - Statement - out.println("Stock QTY : " + StockQty): null

2018-06-10 19:58:28 - [TEST_STEP][PASSED] - delay: Delayed 2 second(s)

2018-06-10 19:58:30 - [MESSAGE][PASSED] - Delayed 2 second(s)

2018-06-10 19:58:30 - [TEST_STEP][PASSED] - Statement - If (java.lang.Integer.valueOf(StockQty) >= java.lang.Integer.valueOf(RequestedQty)): null

2018-06-10 19:58:30 - [TEST_STEP][PASSED] - delay: Delayed 1 second(s)

2018-06-10 19:58:31 - [MESSAGE][PASSED] - Delayed 1 second(s)

2018-06-10 19:58:31 - [TEST_STEP][PASSED] - setText: Text '10' is set on object 'Object Repository/Emergency/Page_Store/input_txtqty'

2018-06-10 19:58:31 - [MESSAGE][PASSED] - Text '10' is set on object 'Object Repository/Emergency/Page_Store/input_txtqty'

2018-06-10 19:58:31 - [TEST_STEP][PASSED] - click: Object: 'Object Repository/Emergency/Page_Store/button_Add' is clicked on

2018-06-10 19:58:31 - [MESSAGE][PASSED] - Object: 'Object Repository/Emergency/Page_Store/button_Add' is clicked on

2018-06-10 19:58:31 - [TEST_STEP][PASSED] - Statement - Break: null

2018-06-10 19:58:31 - [TEST_STEP][PASSED] - delay: Delayed 2 second(s)

2018-06-10 19:58:33 - [MESSAGE][PASSED] - Delayed 2 second(s)

2018-06-10 19:58:33 - [TEST_STEP][PASSED] - selectOptionByIndex: All options with index in [16] are selected on object 'Object Repository/Emergency/Page_Store/select_--Select--Amikacin -500'

2018-06-10 19:58:34 - [MESSAGE][PASSED] - All options with index in [16] are selected on object 'Object Repository/Emergency/Page_Store/select_--Select--Amikacin -500'

2018-06-10 19:58:34 - [TEST_STEP][PASSED] - delay: Delayed 2 second(s)

2018-06-10 19:58:36 - [MESSAGE][PASSED] - Delayed 2 second(s)

2018-06-10 19:58:36 - [TEST_STEP][PASSED] - Statement - RequestedQty = com.kms.katalon.core.webui.keyword.WebUiBuiltInKeywords.getAttribute(com.kms.katalon.core.testobject.ObjectRepository.findTestObject(Emergency/Page_Store/input_txttotal), "value"): Attribute 'value' of object 'Object Repository/Emergency/Page_Store/input_txttotal' is: '10'

2018-06-10 19:58:36 - [MESSAGE][PASSED] - Attribute 'value' of object 'Object Repository/Emergency/Page_Store/input_txttotal' is: '10'

2018-06-10 19:58:36 - [TEST_STEP][PASSED] - Statement - out.println("Requested QTY : " + RequestedQty): null

2018-06-10 19:58:36 - [TEST_STEP][PASSED] - Statement - BatchNumber = com.kms.katalon.core.webui.keyword.WebUiBuiltInKeywords.getNumberOfTotalOption(com.kms.katalon.core.testobject.ObjectRepository.findTestObject(Emergency/Page_Store/select_--Select--BA1150BA4110)): 2 options of object 'Object Repository/Emergency/Page_Store/select_--Select--BA1150BA4110' counted

2018-06-10 19:58:36 - [MESSAGE][PASSED] - 2 options of object 'Object Repository/Emergency/Page_Store/select_--Select--BA1150BA4110' counted

2018-06-10 19:58:36 - [TEST_STEP][PASSED] - Statement - out.println("Batch : " + BatchNumber): null

2018-06-10 19:58:36 - [TEST_STEP][PASSED] - Statement - For ([g = 1, g <= BatchNumber - 1, (g++)]): null

2018-06-10 19:58:36 - [TEST_STEP][PASSED] - selectOptionByIndex: All options with index in [1] are selected on object 'Object Repository/Emergency/Page_Store/select_--Select--BA1150BA4110'

2018-06-10 19:58:36 - [MESSAGE][PASSED] - All options with index in [1] are selected on object 'Object Repository/Emergency/Page_Store/select_--Select--BA1150BA4110'

2018-06-10 19:58:36 - [TEST_STEP][PASSED] - delay: Delayed 2 second(s)

2018-06-10 19:58:38 - [MESSAGE][PASSED] - Delayed 2 second(s)

2018-06-10 19:58:38 - [TEST_STEP][PASSED] - Statement - StockQty = com.kms.katalon.core.webui.keyword.WebUiBuiltInKeywords.getAttribute(com.kms.katalon.core.testobject.ObjectRepository.findTestObject(Emergency/Page_Store/input_txtprice), "value"): Attribute 'value' of object 'Object Repository/Emergency/Page_Store/input_txtprice' is: '730'

2018-06-10 19:58:38 - [MESSAGE][PASSED] - Attribute 'value' of object 'Object Repository/Emergency/Page_Store/input_txtprice' is: '730'

2018-06-10 19:58:38 - [TEST_STEP][PASSED] - Statement - out.println("Stock QTY : " + StockQty): null

2018-06-10 19:58:38 - [TEST_STEP][PASSED] - delay: Delayed 2 second(s)

2018-06-10 19:58:40 - [MESSAGE][PASSED] - Delayed 2 second(s)

2018-06-10 19:58:40 - [TEST_STEP][PASSED] - Statement - If (java.lang.Integer.valueOf(StockQty) >= java.lang.Integer.valueOf(RequestedQty)): null

2018-06-10 19:58:40 - [TEST_STEP][PASSED] - delay: Delayed 1 second(s)

2018-06-10 19:58:41 - [MESSAGE][PASSED] - Delayed 1 second(s)

2018-06-10 19:58:41 - [TEST_STEP][PASSED] - setText: Text '10' is set on object 'Object Repository/Emergency/Page_Store/input_txtqty'

2018-06-10 19:58:41 - [MESSAGE][PASSED] - Text '10' is set on object 'Object Repository/Emergency/Page_Store/input_txtqty'

2018-06-10 19:58:41 - [TEST_STEP][PASSED] - click: Object: 'Object Repository/Emergency/Page_Store/button_Add' is clicked on

2018-06-10 19:58:41 - [MESSAGE][PASSED] - Object: 'Object Repository/Emergency/Page_Store/button_Add' is clicked on

2018-06-10 19:58:41 - [TEST_STEP][PASSED] - Statement - Break: null

2018-06-10 19:58:41 - [TEST_STEP][PASSED] - scrollToElement: Scroll to object 'Object Repository/Emergency/Page_Store/input_btnSubmit' successfully

2018-06-10 19:58:41 - [MESSAGE][PASSED] - Scroll to object 'Object Repository/Emergency/Page_Store/input_btnSubmit' successfully

2018-06-10 19:58:41 - [TEST_STEP][PASSED] - Statement - Try: Object: 'Object Repository/lab/Page_Store/button_OK' is clicked on

2018-06-10 19:58:41 - [TEST_STEP][PASSED] - click: Object: 'Object Repository/Emergency/Page_Store/input_btnSubmit' is clicked on

2018-06-10 19:58:41 - [MESSAGE][PASSED] - Object: 'Object Repository/Emergency/Page_Store/input_btnSubmit' is clicked on

2018-06-10 19:58:41 - [TEST_STEP][PASSED] - delay: Delayed 3 second(s)

2018-06-10 19:58:44 - [MESSAGE][PASSED] - Delayed 3 second(s)

2018-06-10 19:58:44 - [TEST_STEP][PASSED] - click: Object: 'Object Repository/lab/Page_Store/button_OK' is clicked on

2018-06-10 19:58:45 - [MESSAGE][PASSED] - Object: 'Object Repository/lab/Page_Store/button_OK' is clicked on

2018-06-10 19:58:45 - [TEST_STEP][PASSED] - delay: Delayed 3 second(s)

2018-06-10 19:58:48 - [MESSAGE][PASSED] - Delayed 3 second(s)

2018-06-10 19:58:48 - [TEST_STEP][PASSED] - click: Object: 'Object Repository/Emergency/Page_Store/a_dropdown-toggle' is clicked on

2018-06-10 19:58:48 - [MESSAGE][PASSED] - Object: 'Object Repository/Emergency/Page_Store/a_dropdown-toggle' is clicked on

2018-06-10 19:58:48 - [TEST_STEP][PASSED] - click: Object: 'Object Repository/Emergency/Page_Store/a_Sign out' is clicked on

2018-06-10 19:58:49 - [MESSAGE][PASSED] - Object: 'Object Repository/Emergency/Page_Store/a_Sign out' is clicked on

2018-06-10 19:58:49 - [TEST_STEP][PASSED] - closeBrowser: Browser is closed

2018-06-10 19:58:49 - [MESSAGE][PASSED] - Browser is closed

2018-06-10 19:58:49 - [TEST_STEP][PASSED] - Statement - out.println("Schedule 5 Emergency Request Are Working Successfully"): null]]></system-out>
         <system-err><![CDATA[]]></system-err>
      </testcase>
      <testcase name="Test Cases/EMERGENCY TEST CASES/TC_ER_004 Verify Schedule 7 Emergency  Request Are Working Successfully Or Not" classname="Test Cases/EMERGENCY TEST CASES/TC_ER_004 Verify Schedule 7 Emergency  Request Are Working Successfully Or Not" status="PASSED">
         <system-out><![CDATA[2018-06-10 19:58:49 - [TEST_CASE][PASSED] - Test Cases/EMERGENCY TEST CASES/TC_ER_004 Verify Schedule 7 Emergency  Request Are Working Successfully Or Not: Test Cases/EMERGENCY TEST CASES/TC_ER_004 Verify Schedule 7 Emergency  Request Are Working Successfully Or Not

2018-06-10 19:58:50 - [TEST_STEP][PASSED] - openBrowser: Browser is opened with url: ''

2018-06-10 19:58:52 - [MESSAGE][PASSED] - Browser is opened with url: ''

2018-06-10 19:58:52 - [TEST_STEP][PASSED] - Statement - out.println("Verify Schedule 7 Emergency  Request Are Working Successfully Or Not"): null

2018-06-10 19:58:52 - [TEST_STEP][PASSED] - navigateToUrl: Navigate to 'http://192.168.137.1/Multihospital_New/EmergencyLogin.aspx' successfully

2018-06-10 19:58:53 - [MESSAGE][PASSED] - Navigate to 'http://192.168.137.1/Multihospital_New/EmergencyLogin.aspx' successfully

2018-06-10 19:58:53 - [TEST_STEP][PASSED] - maximizeWindow: Current window maximized

2018-06-10 19:58:55 - [MESSAGE][PASSED] - Current window maximized

2018-06-10 19:58:55 - [TEST_STEP][PASSED] - setText: Text 'nivetha' is set on object 'Object Repository/Emergency/Page_Emergency login/input_txtusername'

2018-06-10 19:58:55 - [MESSAGE][PASSED] - Text 'nivetha' is set on object 'Object Repository/Emergency/Page_Emergency login/input_txtusername'

2018-06-10 19:58:55 - [TEST_STEP][PASSED] - setText: Text '123' is set on object 'Object Repository/Emergency/Page_Emergency login/input_txtpassword'

2018-06-10 19:58:55 - [MESSAGE][PASSED] - Text '123' is set on object 'Object Repository/Emergency/Page_Emergency login/input_txtpassword'

2018-06-10 19:58:55 - [TEST_STEP][PASSED] - delay: Delayed 3 second(s)

2018-06-10 19:58:58 - [MESSAGE][PASSED] - Delayed 3 second(s)

2018-06-10 19:58:58 - [TEST_STEP][PASSED] - click: Object: 'Object Repository/Emergency/Page_Emergency login/button_Sign in' is clicked on

2018-06-10 19:58:59 - [MESSAGE][PASSED] - Object: 'Object Repository/Emergency/Page_Emergency login/button_Sign in' is clicked on

2018-06-10 19:58:59 - [TEST_STEP][PASSED] - delay: Delayed 3 second(s)

2018-06-10 19:59:02 - [MESSAGE][PASSED] - Delayed 3 second(s)

2018-06-10 19:59:02 - [TEST_STEP][PASSED] - click: Object: 'Object Repository/Emergency/Page_KDMC - Emergency/a_Store Request' is clicked on

2018-06-10 19:59:02 - [MESSAGE][PASSED] - Object: 'Object Repository/Emergency/Page_KDMC - Emergency/a_Store Request' is clicked on

2018-06-10 19:59:02 - [TEST_STEP][PASSED] - delay: Delayed 2 second(s)

2018-06-10 19:59:04 - [MESSAGE][PASSED] - Delayed 2 second(s)

2018-06-10 19:59:04 - [TEST_STEP][PASSED] - click: Object: 'Object Repository/Emergency/Page_KDMC - Emergency/a_Medicine Request' is clicked on

2018-06-10 19:59:04 - [MESSAGE][PASSED] - Object: 'Object Repository/Emergency/Page_KDMC - Emergency/a_Medicine Request' is clicked on

2018-06-10 19:59:04 - [TEST_STEP][PASSED] - delay: Delayed 2 second(s)

2018-06-10 19:59:06 - [MESSAGE][PASSED] - Delayed 2 second(s)

2018-06-10 19:59:06 - [TEST_STEP][PASSED] - selectOptionByIndex: All options with index in [4] are selected on object 'Object Repository/Emergency/Page_KDMC - Emergency/select_--Select--Schedule 1Inj'

2018-06-10 19:59:06 - [MESSAGE][PASSED] - All options with index in [4] are selected on object 'Object Repository/Emergency/Page_KDMC - Emergency/select_--Select--Schedule 1Inj'

2018-06-10 19:59:06 - [TEST_STEP][PASSED] - Statement - seletedoptions = com.kms.katalon.core.webui.keyword.WebUiBuiltInKeywords.getNumberOfTotalOption(com.kms.katalon.core.testobject.ObjectRepository.findTestObject(Emergency/Page_KDMC - Emergency/select_--Select--Adernaline 0.)): 24 options of object 'Object Repository/Emergency/Page_KDMC - Emergency/select_--Select--Adernaline 0.' counted

2018-06-10 19:59:07 - [MESSAGE][PASSED] - 24 options of object 'Object Repository/Emergency/Page_KDMC - Emergency/select_--Select--Adernaline 0.' counted

2018-06-10 19:59:07 - [TEST_STEP][PASSED] - Statement - For ([u = 1, u <= seletedoptions - 1, (u++)]): Object: 'Object Repository/Emergency/Page_KDMC - Emergency/button_Add' is clicked on

2018-06-10 19:59:07 - [TEST_STEP][PASSED] - selectOptionByIndex: All options with index in [4] are selected on object 'Object Repository/Emergency/Page_KDMC - Emergency/select_--Select--Schedule 1Inj'

2018-06-10 19:59:07 - [MESSAGE][PASSED] - All options with index in [4] are selected on object 'Object Repository/Emergency/Page_KDMC - Emergency/select_--Select--Schedule 1Inj'

2018-06-10 19:59:07 - [TEST_STEP][PASSED] - delay: Delayed 1 second(s)

2018-06-10 19:59:08 - [MESSAGE][PASSED] - Delayed 1 second(s)

2018-06-10 19:59:08 - [TEST_STEP][PASSED] - selectOptionByIndex: All options with index in [1] are selected on object 'Object Repository/Emergency/Page_KDMC - Emergency/select_--Select--Adernaline 0.'

2018-06-10 19:59:08 - [MESSAGE][PASSED] - All options with index in [1] are selected on object 'Object Repository/Emergency/Page_KDMC - Emergency/select_--Select--Adernaline 0.'

2018-06-10 19:59:08 - [TEST_STEP][PASSED] - delay: Delayed 1 second(s)

2018-06-10 19:59:09 - [MESSAGE][PASSED] - Delayed 1 second(s)

2018-06-10 19:59:09 - [TEST_STEP][PASSED] - setText: Text '10' is set on object 'Object Repository/Emergency/Page_KDMC - Emergency/input_txttreat'

2018-06-10 19:59:09 - [MESSAGE][PASSED] - Text '10' is set on object 'Object Repository/Emergency/Page_KDMC - Emergency/input_txttreat'

2018-06-10 19:59:09 - [TEST_STEP][PASSED] - click: Object: 'Object Repository/Emergency/Page_KDMC - Emergency/button_Add' is clicked on

2018-06-10 19:59:09 - [MESSAGE][PASSED] - Object: 'Object Repository/Emergency/Page_KDMC - Emergency/button_Add' is clicked on

2018-06-10 19:59:09 - [TEST_STEP][PASSED] - selectOptionByIndex: All options with index in [4] are selected on object 'Object Repository/Emergency/Page_KDMC - Emergency/select_--Select--Schedule 1Inj'

2018-06-10 19:59:09 - [MESSAGE][PASSED] - All options with index in [4] are selected on object 'Object Repository/Emergency/Page_KDMC - Emergency/select_--Select--Schedule 1Inj'

2018-06-10 19:59:09 - [TEST_STEP][PASSED] - delay: Delayed 1 second(s)

2018-06-10 19:59:10 - [MESSAGE][PASSED] - Delayed 1 second(s)

2018-06-10 19:59:10 - [TEST_STEP][PASSED] - selectOptionByIndex: All options with index in [2] are selected on object 'Object Repository/Emergency/Page_KDMC - Emergency/select_--Select--Adernaline 0.'

2018-06-10 19:59:10 - [MESSAGE][PASSED] - All options with index in [2] are selected on object 'Object Repository/Emergency/Page_KDMC - Emergency/select_--Select--Adernaline 0.'

2018-06-10 19:59:10 - [TEST_STEP][PASSED] - delay: Delayed 1 second(s)

2018-06-10 19:59:11 - [MESSAGE][PASSED] - Delayed 1 second(s)

2018-06-10 19:59:11 - [TEST_STEP][PASSED] - setText: Text '10' is set on object 'Object Repository/Emergency/Page_KDMC - Emergency/input_txttreat'

2018-06-10 19:59:11 - [MESSAGE][PASSED] - Text '10' is set on object 'Object Repository/Emergency/Page_KDMC - Emergency/input_txttreat'

2018-06-10 19:59:11 - [TEST_STEP][PASSED] - click: Object: 'Object Repository/Emergency/Page_KDMC - Emergency/button_Add' is clicked on

2018-06-10 19:59:11 - [MESSAGE][PASSED] - Object: 'Object Repository/Emergency/Page_KDMC - Emergency/button_Add' is clicked on

2018-06-10 19:59:11 - [TEST_STEP][PASSED] - selectOptionByIndex: All options with index in [4] are selected on object 'Object Repository/Emergency/Page_KDMC - Emergency/select_--Select--Schedule 1Inj'

2018-06-10 19:59:12 - [MESSAGE][PASSED] - All options with index in [4] are selected on object 'Object Repository/Emergency/Page_KDMC - Emergency/select_--Select--Schedule 1Inj'

2018-06-10 19:59:12 - [TEST_STEP][PASSED] - delay: Delayed 1 second(s)

2018-06-10 19:59:13 - [MESSAGE][PASSED] - Delayed 1 second(s)

2018-06-10 19:59:13 - [TEST_STEP][PASSED] - selectOptionByIndex: All options with index in [3] are selected on object 'Object Repository/Emergency/Page_KDMC - Emergency/select_--Select--Adernaline 0.'

2018-06-10 19:59:13 - [MESSAGE][PASSED] - All options with index in [3] are selected on object 'Object Repository/Emergency/Page_KDMC - Emergency/select_--Select--Adernaline 0.'

2018-06-10 19:59:13 - [TEST_STEP][PASSED] - delay: Delayed 1 second(s)

2018-06-10 19:59:14 - [MESSAGE][PASSED] - Delayed 1 second(s)

2018-06-10 19:59:14 - [TEST_STEP][PASSED] - setText: Text '10' is set on object 'Object Repository/Emergency/Page_KDMC - Emergency/input_txttreat'

2018-06-10 19:59:14 - [MESSAGE][PASSED] - Text '10' is set on object 'Object Repository/Emergency/Page_KDMC - Emergency/input_txttreat'

2018-06-10 19:59:14 - [TEST_STEP][PASSED] - click: Object: 'Object Repository/Emergency/Page_KDMC - Emergency/button_Add' is clicked on

2018-06-10 19:59:14 - [MESSAGE][PASSED] - Object: 'Object Repository/Emergency/Page_KDMC - Emergency/button_Add' is clicked on

2018-06-10 19:59:14 - [TEST_STEP][PASSED] - selectOptionByIndex: All options with index in [4] are selected on object 'Object Repository/Emergency/Page_KDMC - Emergency/select_--Select--Schedule 1Inj'

2018-06-10 19:59:14 - [MESSAGE][PASSED] - All options with index in [4] are selected on object 'Object Repository/Emergency/Page_KDMC - Emergency/select_--Select--Schedule 1Inj'

2018-06-10 19:59:14 - [TEST_STEP][PASSED] - delay: Delayed 1 second(s)

2018-06-10 19:59:15 - [MESSAGE][PASSED] - Delayed 1 second(s)

2018-06-10 19:59:15 - [TEST_STEP][PASSED] - selectOptionByIndex: All options with index in [4] are selected on object 'Object Repository/Emergency/Page_KDMC - Emergency/select_--Select--Adernaline 0.'

2018-06-10 19:59:15 - [MESSAGE][PASSED] - All options with index in [4] are selected on object 'Object Repository/Emergency/Page_KDMC - Emergency/select_--Select--Adernaline 0.'

2018-06-10 19:59:15 - [TEST_STEP][PASSED] - delay: Delayed 1 second(s)

2018-06-10 19:59:16 - [MESSAGE][PASSED] - Delayed 1 second(s)

2018-06-10 19:59:16 - [TEST_STEP][PASSED] - setText: Text '10' is set on object 'Object Repository/Emergency/Page_KDMC - Emergency/input_txttreat'

2018-06-10 19:59:16 - [MESSAGE][PASSED] - Text '10' is set on object 'Object Repository/Emergency/Page_KDMC - Emergency/input_txttreat'

2018-06-10 19:59:16 - [TEST_STEP][PASSED] - click: Object: 'Object Repository/Emergency/Page_KDMC - Emergency/button_Add' is clicked on

2018-06-10 19:59:16 - [MESSAGE][PASSED] - Object: 'Object Repository/Emergency/Page_KDMC - Emergency/button_Add' is clicked on

2018-06-10 19:59:16 - [TEST_STEP][PASSED] - selectOptionByIndex: All options with index in [4] are selected on object 'Object Repository/Emergency/Page_KDMC - Emergency/select_--Select--Schedule 1Inj'

2018-06-10 19:59:16 - [MESSAGE][PASSED] - All options with index in [4] are selected on object 'Object Repository/Emergency/Page_KDMC - Emergency/select_--Select--Schedule 1Inj'

2018-06-10 19:59:16 - [TEST_STEP][PASSED] - delay: Delayed 1 second(s)

2018-06-10 19:59:17 - [MESSAGE][PASSED] - Delayed 1 second(s)

2018-06-10 19:59:17 - [TEST_STEP][PASSED] - selectOptionByIndex: All options with index in [5] are selected on object 'Object Repository/Emergency/Page_KDMC - Emergency/select_--Select--Adernaline 0.'

2018-06-10 19:59:18 - [MESSAGE][PASSED] - All options with index in [5] are selected on object 'Object Repository/Emergency/Page_KDMC - Emergency/select_--Select--Adernaline 0.'

2018-06-10 19:59:18 - [TEST_STEP][PASSED] - delay: Delayed 1 second(s)

2018-06-10 19:59:19 - [MESSAGE][PASSED] - Delayed 1 second(s)

2018-06-10 19:59:19 - [TEST_STEP][PASSED] - setText: Text '10' is set on object 'Object Repository/Emergency/Page_KDMC - Emergency/input_txttreat'

2018-06-10 19:59:19 - [MESSAGE][PASSED] - Text '10' is set on object 'Object Repository/Emergency/Page_KDMC - Emergency/input_txttreat'

2018-06-10 19:59:19 - [TEST_STEP][PASSED] - click: Object: 'Object Repository/Emergency/Page_KDMC - Emergency/button_Add' is clicked on

2018-06-10 19:59:19 - [MESSAGE][PASSED] - Object: 'Object Repository/Emergency/Page_KDMC - Emergency/button_Add' is clicked on

2018-06-10 19:59:19 - [TEST_STEP][PASSED] - selectOptionByIndex: All options with index in [4] are selected on object 'Object Repository/Emergency/Page_KDMC - Emergency/select_--Select--Schedule 1Inj'

2018-06-10 19:59:19 - [MESSAGE][PASSED] - All options with index in [4] are selected on object 'Object Repository/Emergency/Page_KDMC - Emergency/select_--Select--Schedule 1Inj'

2018-06-10 19:59:19 - [TEST_STEP][PASSED] - delay: Delayed 1 second(s)

2018-06-10 19:59:20 - [MESSAGE][PASSED] - Delayed 1 second(s)

2018-06-10 19:59:20 - [TEST_STEP][PASSED] - selectOptionByIndex: All options with index in [6] are selected on object 'Object Repository/Emergency/Page_KDMC - Emergency/select_--Select--Adernaline 0.'

2018-06-10 19:59:20 - [MESSAGE][PASSED] - All options with index in [6] are selected on object 'Object Repository/Emergency/Page_KDMC - Emergency/select_--Select--Adernaline 0.'

2018-06-10 19:59:20 - [TEST_STEP][PASSED] - delay: Delayed 1 second(s)

2018-06-10 19:59:21 - [MESSAGE][PASSED] - Delayed 1 second(s)

2018-06-10 19:59:21 - [TEST_STEP][PASSED] - setText: Text '10' is set on object 'Object Repository/Emergency/Page_KDMC - Emergency/input_txttreat'

2018-06-10 19:59:21 - [MESSAGE][PASSED] - Text '10' is set on object 'Object Repository/Emergency/Page_KDMC - Emergency/input_txttreat'

2018-06-10 19:59:21 - [TEST_STEP][PASSED] - click: Object: 'Object Repository/Emergency/Page_KDMC - Emergency/button_Add' is clicked on

2018-06-10 19:59:21 - [MESSAGE][PASSED] - Object: 'Object Repository/Emergency/Page_KDMC - Emergency/button_Add' is clicked on

2018-06-10 19:59:21 - [TEST_STEP][PASSED] - selectOptionByIndex: All options with index in [4] are selected on object 'Object Repository/Emergency/Page_KDMC - Emergency/select_--Select--Schedule 1Inj'

2018-06-10 19:59:21 - [MESSAGE][PASSED] - All options with index in [4] are selected on object 'Object Repository/Emergency/Page_KDMC - Emergency/select_--Select--Schedule 1Inj'

2018-06-10 19:59:21 - [TEST_STEP][PASSED] - delay: Delayed 1 second(s)

2018-06-10 19:59:22 - [MESSAGE][PASSED] - Delayed 1 second(s)

2018-06-10 19:59:22 - [TEST_STEP][PASSED] - selectOptionByIndex: All options with index in [7] are selected on object 'Object Repository/Emergency/Page_KDMC - Emergency/select_--Select--Adernaline 0.'

2018-06-10 19:59:23 - [MESSAGE][PASSED] - All options with index in [7] are selected on object 'Object Repository/Emergency/Page_KDMC - Emergency/select_--Select--Adernaline 0.'

2018-06-10 19:59:23 - [TEST_STEP][PASSED] - delay: Delayed 1 second(s)

2018-06-10 19:59:24 - [MESSAGE][PASSED] - Delayed 1 second(s)

2018-06-10 19:59:24 - [TEST_STEP][PASSED] - setText: Text '10' is set on object 'Object Repository/Emergency/Page_KDMC - Emergency/input_txttreat'

2018-06-10 19:59:24 - [MESSAGE][PASSED] - Text '10' is set on object 'Object Repository/Emergency/Page_KDMC - Emergency/input_txttreat'

2018-06-10 19:59:24 - [TEST_STEP][PASSED] - click: Object: 'Object Repository/Emergency/Page_KDMC - Emergency/button_Add' is clicked on

2018-06-10 19:59:24 - [MESSAGE][PASSED] - Object: 'Object Repository/Emergency/Page_KDMC - Emergency/button_Add' is clicked on

2018-06-10 19:59:24 - [TEST_STEP][PASSED] - selectOptionByIndex: All options with index in [4] are selected on object 'Object Repository/Emergency/Page_KDMC - Emergency/select_--Select--Schedule 1Inj'

2018-06-10 19:59:24 - [MESSAGE][PASSED] - All options with index in [4] are selected on object 'Object Repository/Emergency/Page_KDMC - Emergency/select_--Select--Schedule 1Inj'

2018-06-10 19:59:24 - [TEST_STEP][PASSED] - delay: Delayed 1 second(s)

2018-06-10 19:59:25 - [MESSAGE][PASSED] - Delayed 1 second(s)

2018-06-10 19:59:25 - [TEST_STEP][PASSED] - selectOptionByIndex: All options with index in [8] are selected on object 'Object Repository/Emergency/Page_KDMC - Emergency/select_--Select--Adernaline 0.'

2018-06-10 19:59:25 - [MESSAGE][PASSED] - All options with index in [8] are selected on object 'Object Repository/Emergency/Page_KDMC - Emergency/select_--Select--Adernaline 0.'

2018-06-10 19:59:25 - [TEST_STEP][PASSED] - delay: Delayed 1 second(s)

2018-06-10 19:59:26 - [MESSAGE][PASSED] - Delayed 1 second(s)

2018-06-10 19:59:26 - [TEST_STEP][PASSED] - setText: Text '10' is set on object 'Object Repository/Emergency/Page_KDMC - Emergency/input_txttreat'

2018-06-10 19:59:26 - [MESSAGE][PASSED] - Text '10' is set on object 'Object Repository/Emergency/Page_KDMC - Emergency/input_txttreat'

2018-06-10 19:59:26 - [TEST_STEP][PASSED] - click: Object: 'Object Repository/Emergency/Page_KDMC - Emergency/button_Add' is clicked on

2018-06-10 19:59:26 - [MESSAGE][PASSED] - Object: 'Object Repository/Emergency/Page_KDMC - Emergency/button_Add' is clicked on

2018-06-10 19:59:26 - [TEST_STEP][PASSED] - selectOptionByIndex: All options with index in [4] are selected on object 'Object Repository/Emergency/Page_KDMC - Emergency/select_--Select--Schedule 1Inj'

2018-06-10 19:59:26 - [MESSAGE][PASSED] - All options with index in [4] are selected on object 'Object Repository/Emergency/Page_KDMC - Emergency/select_--Select--Schedule 1Inj'

2018-06-10 19:59:26 - [TEST_STEP][PASSED] - delay: Delayed 1 second(s)

2018-06-10 19:59:27 - [MESSAGE][PASSED] - Delayed 1 second(s)

2018-06-10 19:59:27 - [TEST_STEP][PASSED] - selectOptionByIndex: All options with index in [9] are selected on object 'Object Repository/Emergency/Page_KDMC - Emergency/select_--Select--Adernaline 0.'

2018-06-10 19:59:28 - [MESSAGE][PASSED] - All options with index in [9] are selected on object 'Object Repository/Emergency/Page_KDMC - Emergency/select_--Select--Adernaline 0.'

2018-06-10 19:59:28 - [TEST_STEP][PASSED] - delay: Delayed 1 second(s)

2018-06-10 19:59:29 - [MESSAGE][PASSED] - Delayed 1 second(s)

2018-06-10 19:59:29 - [TEST_STEP][PASSED] - setText: Text '10' is set on object 'Object Repository/Emergency/Page_KDMC - Emergency/input_txttreat'

2018-06-10 19:59:29 - [MESSAGE][PASSED] - Text '10' is set on object 'Object Repository/Emergency/Page_KDMC - Emergency/input_txttreat'

2018-06-10 19:59:29 - [TEST_STEP][PASSED] - click: Object: 'Object Repository/Emergency/Page_KDMC - Emergency/button_Add' is clicked on

2018-06-10 19:59:29 - [MESSAGE][PASSED] - Object: 'Object Repository/Emergency/Page_KDMC - Emergency/button_Add' is clicked on

2018-06-10 19:59:29 - [TEST_STEP][PASSED] - selectOptionByIndex: All options with index in [4] are selected on object 'Object Repository/Emergency/Page_KDMC - Emergency/select_--Select--Schedule 1Inj'

2018-06-10 19:59:29 - [MESSAGE][PASSED] - All options with index in [4] are selected on object 'Object Repository/Emergency/Page_KDMC - Emergency/select_--Select--Schedule 1Inj'

2018-06-10 19:59:29 - [TEST_STEP][PASSED] - delay: Delayed 1 second(s)

2018-06-10 19:59:30 - [MESSAGE][PASSED] - Delayed 1 second(s)

2018-06-10 19:59:30 - [TEST_STEP][PASSED] - selectOptionByIndex: All options with index in [10] are selected on object 'Object Repository/Emergency/Page_KDMC - Emergency/select_--Select--Adernaline 0.'

2018-06-10 19:59:30 - [MESSAGE][PASSED] - All options with index in [10] are selected on object 'Object Repository/Emergency/Page_KDMC - Emergency/select_--Select--Adernaline 0.'

2018-06-10 19:59:30 - [TEST_STEP][PASSED] - delay: Delayed 1 second(s)

2018-06-10 19:59:31 - [MESSAGE][PASSED] - Delayed 1 second(s)

2018-06-10 19:59:31 - [TEST_STEP][PASSED] - setText: Text '10' is set on object 'Object Repository/Emergency/Page_KDMC - Emergency/input_txttreat'

2018-06-10 19:59:31 - [MESSAGE][PASSED] - Text '10' is set on object 'Object Repository/Emergency/Page_KDMC - Emergency/input_txttreat'

2018-06-10 19:59:31 - [TEST_STEP][PASSED] - click: Object: 'Object Repository/Emergency/Page_KDMC - Emergency/button_Add' is clicked on

2018-06-10 19:59:31 - [MESSAGE][PASSED] - Object: 'Object Repository/Emergency/Page_KDMC - Emergency/button_Add' is clicked on

2018-06-10 19:59:31 - [TEST_STEP][PASSED] - selectOptionByIndex: All options with index in [4] are selected on object 'Object Repository/Emergency/Page_KDMC - Emergency/select_--Select--Schedule 1Inj'

2018-06-10 19:59:31 - [MESSAGE][PASSED] - All options with index in [4] are selected on object 'Object Repository/Emergency/Page_KDMC - Emergency/select_--Select--Schedule 1Inj'

2018-06-10 19:59:31 - [TEST_STEP][PASSED] - delay: Delayed 1 second(s)

2018-06-10 19:59:32 - [MESSAGE][PASSED] - Delayed 1 second(s)

2018-06-10 19:59:32 - [TEST_STEP][PASSED] - selectOptionByIndex: All options with index in [11] are selected on object 'Object Repository/Emergency/Page_KDMC - Emergency/select_--Select--Adernaline 0.'

2018-06-10 19:59:33 - [MESSAGE][PASSED] - All options with index in [11] are selected on object 'Object Repository/Emergency/Page_KDMC - Emergency/select_--Select--Adernaline 0.'

2018-06-10 19:59:33 - [TEST_STEP][PASSED] - delay: Delayed 1 second(s)

2018-06-10 19:59:34 - [MESSAGE][PASSED] - Delayed 1 second(s)

2018-06-10 19:59:34 - [TEST_STEP][PASSED] - setText: Text '10' is set on object 'Object Repository/Emergency/Page_KDMC - Emergency/input_txttreat'

2018-06-10 19:59:34 - [MESSAGE][PASSED] - Text '10' is set on object 'Object Repository/Emergency/Page_KDMC - Emergency/input_txttreat'

2018-06-10 19:59:34 - [TEST_STEP][PASSED] - click: Object: 'Object Repository/Emergency/Page_KDMC - Emergency/button_Add' is clicked on

2018-06-10 19:59:34 - [MESSAGE][PASSED] - Object: 'Object Repository/Emergency/Page_KDMC - Emergency/button_Add' is clicked on

2018-06-10 19:59:34 - [TEST_STEP][PASSED] - selectOptionByIndex: All options with index in [4] are selected on object 'Object Repository/Emergency/Page_KDMC - Emergency/select_--Select--Schedule 1Inj'

2018-06-10 19:59:34 - [MESSAGE][PASSED] - All options with index in [4] are selected on object 'Object Repository/Emergency/Page_KDMC - Emergency/select_--Select--Schedule 1Inj'

2018-06-10 19:59:34 - [TEST_STEP][PASSED] - delay: Delayed 1 second(s)

2018-06-10 19:59:35 - [MESSAGE][PASSED] - Delayed 1 second(s)

2018-06-10 19:59:35 - [TEST_STEP][PASSED] - selectOptionByIndex: All options with index in [12] are selected on object 'Object Repository/Emergency/Page_KDMC - Emergency/select_--Select--Adernaline 0.'

2018-06-10 19:59:35 - [MESSAGE][PASSED] - All options with index in [12] are selected on object 'Object Repository/Emergency/Page_KDMC - Emergency/select_--Select--Adernaline 0.'

2018-06-10 19:59:35 - [TEST_STEP][PASSED] - delay: Delayed 1 second(s)

2018-06-10 19:59:36 - [MESSAGE][PASSED] - Delayed 1 second(s)

2018-06-10 19:59:36 - [TEST_STEP][PASSED] - setText: Text '10' is set on object 'Object Repository/Emergency/Page_KDMC - Emergency/input_txttreat'

2018-06-10 19:59:36 - [MESSAGE][PASSED] - Text '10' is set on object 'Object Repository/Emergency/Page_KDMC - Emergency/input_txttreat'

2018-06-10 19:59:36 - [TEST_STEP][PASSED] - click: Object: 'Object Repository/Emergency/Page_KDMC - Emergency/button_Add' is clicked on

2018-06-10 19:59:36 - [MESSAGE][PASSED] - Object: 'Object Repository/Emergency/Page_KDMC - Emergency/button_Add' is clicked on

2018-06-10 19:59:36 - [TEST_STEP][PASSED] - selectOptionByIndex: All options with index in [4] are selected on object 'Object Repository/Emergency/Page_KDMC - Emergency/select_--Select--Schedule 1Inj'

2018-06-10 19:59:36 - [MESSAGE][PASSED] - All options with index in [4] are selected on object 'Object Repository/Emergency/Page_KDMC - Emergency/select_--Select--Schedule 1Inj'

2018-06-10 19:59:36 - [TEST_STEP][PASSED] - delay: Delayed 1 second(s)

2018-06-10 19:59:37 - [MESSAGE][PASSED] - Delayed 1 second(s)

2018-06-10 19:59:37 - [TEST_STEP][PASSED] - selectOptionByIndex: All options with index in [13] are selected on object 'Object Repository/Emergency/Page_KDMC - Emergency/select_--Select--Adernaline 0.'

2018-06-10 19:59:38 - [MESSAGE][PASSED] - All options with index in [13] are selected on object 'Object Repository/Emergency/Page_KDMC - Emergency/select_--Select--Adernaline 0.'

2018-06-10 19:59:38 - [TEST_STEP][PASSED] - delay: Delayed 1 second(s)

2018-06-10 19:59:39 - [MESSAGE][PASSED] - Delayed 1 second(s)

2018-06-10 19:59:39 - [TEST_STEP][PASSED] - setText: Text '10' is set on object 'Object Repository/Emergency/Page_KDMC - Emergency/input_txttreat'

2018-06-10 19:59:39 - [MESSAGE][PASSED] - Text '10' is set on object 'Object Repository/Emergency/Page_KDMC - Emergency/input_txttreat'

2018-06-10 19:59:39 - [TEST_STEP][PASSED] - click: Object: 'Object Repository/Emergency/Page_KDMC - Emergency/button_Add' is clicked on

2018-06-10 19:59:39 - [MESSAGE][PASSED] - Object: 'Object Repository/Emergency/Page_KDMC - Emergency/button_Add' is clicked on

2018-06-10 19:59:39 - [TEST_STEP][PASSED] - selectOptionByIndex: All options with index in [4] are selected on object 'Object Repository/Emergency/Page_KDMC - Emergency/select_--Select--Schedule 1Inj'

2018-06-10 19:59:39 - [MESSAGE][PASSED] - All options with index in [4] are selected on object 'Object Repository/Emergency/Page_KDMC - Emergency/select_--Select--Schedule 1Inj'

2018-06-10 19:59:39 - [TEST_STEP][PASSED] - delay: Delayed 1 second(s)

2018-06-10 19:59:40 - [MESSAGE][PASSED] - Delayed 1 second(s)

2018-06-10 19:59:40 - [TEST_STEP][PASSED] - selectOptionByIndex: All options with index in [14] are selected on object 'Object Repository/Emergency/Page_KDMC - Emergency/select_--Select--Adernaline 0.'

2018-06-10 19:59:40 - [MESSAGE][PASSED] - All options with index in [14] are selected on object 'Object Repository/Emergency/Page_KDMC - Emergency/select_--Select--Adernaline 0.'

2018-06-10 19:59:40 - [TEST_STEP][PASSED] - delay: Delayed 1 second(s)

2018-06-10 19:59:41 - [MESSAGE][PASSED] - Delayed 1 second(s)

2018-06-10 19:59:41 - [TEST_STEP][PASSED] - setText: Text '10' is set on object 'Object Repository/Emergency/Page_KDMC - Emergency/input_txttreat'

2018-06-10 19:59:41 - [MESSAGE][PASSED] - Text '10' is set on object 'Object Repository/Emergency/Page_KDMC - Emergency/input_txttreat'

2018-06-10 19:59:41 - [TEST_STEP][PASSED] - click: Object: 'Object Repository/Emergency/Page_KDMC - Emergency/button_Add' is clicked on

2018-06-10 19:59:41 - [MESSAGE][PASSED] - Object: 'Object Repository/Emergency/Page_KDMC - Emergency/button_Add' is clicked on

2018-06-10 19:59:41 - [TEST_STEP][PASSED] - selectOptionByIndex: All options with index in [4] are selected on object 'Object Repository/Emergency/Page_KDMC - Emergency/select_--Select--Schedule 1Inj'

2018-06-10 19:59:42 - [MESSAGE][PASSED] - All options with index in [4] are selected on object 'Object Repository/Emergency/Page_KDMC - Emergency/select_--Select--Schedule 1Inj'

2018-06-10 19:59:42 - [TEST_STEP][PASSED] - delay: Delayed 1 second(s)

2018-06-10 19:59:43 - [MESSAGE][PASSED] - Delayed 1 second(s)

2018-06-10 19:59:43 - [TEST_STEP][PASSED] - selectOptionByIndex: All options with index in [15] are selected on object 'Object Repository/Emergency/Page_KDMC - Emergency/select_--Select--Adernaline 0.'

2018-06-10 19:59:43 - [MESSAGE][PASSED] - All options with index in [15] are selected on object 'Object Repository/Emergency/Page_KDMC - Emergency/select_--Select--Adernaline 0.'

2018-06-10 19:59:43 - [TEST_STEP][PASSED] - delay: Delayed 1 second(s)

2018-06-10 19:59:44 - [MESSAGE][PASSED] - Delayed 1 second(s)

2018-06-10 19:59:44 - [TEST_STEP][PASSED] - setText: Text '10' is set on object 'Object Repository/Emergency/Page_KDMC - Emergency/input_txttreat'

2018-06-10 19:59:44 - [MESSAGE][PASSED] - Text '10' is set on object 'Object Repository/Emergency/Page_KDMC - Emergency/input_txttreat'

2018-06-10 19:59:44 - [TEST_STEP][PASSED] - click: Object: 'Object Repository/Emergency/Page_KDMC - Emergency/button_Add' is clicked on

2018-06-10 19:59:44 - [MESSAGE][PASSED] - Object: 'Object Repository/Emergency/Page_KDMC - Emergency/button_Add' is clicked on

2018-06-10 19:59:44 - [TEST_STEP][PASSED] - selectOptionByIndex: All options with index in [4] are selected on object 'Object Repository/Emergency/Page_KDMC - Emergency/select_--Select--Schedule 1Inj'

2018-06-10 19:59:44 - [MESSAGE][PASSED] - All options with index in [4] are selected on object 'Object Repository/Emergency/Page_KDMC - Emergency/select_--Select--Schedule 1Inj'

2018-06-10 19:59:44 - [TEST_STEP][PASSED] - delay: Delayed 1 second(s)

2018-06-10 19:59:45 - [MESSAGE][PASSED] - Delayed 1 second(s)

2018-06-10 19:59:45 - [TEST_STEP][PASSED] - selectOptionByIndex: All options with index in [16] are selected on object 'Object Repository/Emergency/Page_KDMC - Emergency/select_--Select--Adernaline 0.'

2018-06-10 19:59:45 - [MESSAGE][PASSED] - All options with index in [16] are selected on object 'Object Repository/Emergency/Page_KDMC - Emergency/select_--Select--Adernaline 0.'

2018-06-10 19:59:45 - [TEST_STEP][PASSED] - delay: Delayed 1 second(s)

2018-06-10 19:59:46 - [MESSAGE][PASSED] - Delayed 1 second(s)

2018-06-10 19:59:46 - [TEST_STEP][PASSED] - setText: Text '10' is set on object 'Object Repository/Emergency/Page_KDMC - Emergency/input_txttreat'

2018-06-10 19:59:46 - [MESSAGE][PASSED] - Text '10' is set on object 'Object Repository/Emergency/Page_KDMC - Emergency/input_txttreat'

2018-06-10 19:59:46 - [TEST_STEP][PASSED] - click: Object: 'Object Repository/Emergency/Page_KDMC - Emergency/button_Add' is clicked on

2018-06-10 19:59:47 - [MESSAGE][PASSED] - Object: 'Object Repository/Emergency/Page_KDMC - Emergency/button_Add' is clicked on

2018-06-10 19:59:47 - [TEST_STEP][PASSED] - selectOptionByIndex: All options with index in [4] are selected on object 'Object Repository/Emergency/Page_KDMC - Emergency/select_--Select--Schedule 1Inj'

2018-06-10 19:59:47 - [MESSAGE][PASSED] - All options with index in [4] are selected on object 'Object Repository/Emergency/Page_KDMC - Emergency/select_--Select--Schedule 1Inj'

2018-06-10 19:59:47 - [TEST_STEP][PASSED] - delay: Delayed 1 second(s)

2018-06-10 19:59:48 - [MESSAGE][PASSED] - Delayed 1 second(s)

2018-06-10 19:59:48 - [TEST_STEP][PASSED] - selectOptionByIndex: All options with index in [17] are selected on object 'Object Repository/Emergency/Page_KDMC - Emergency/select_--Select--Adernaline 0.'

2018-06-10 19:59:48 - [MESSAGE][PASSED] - All options with index in [17] are selected on object 'Object Repository/Emergency/Page_KDMC - Emergency/select_--Select--Adernaline 0.'

2018-06-10 19:59:48 - [TEST_STEP][PASSED] - delay: Delayed 1 second(s)

2018-06-10 19:59:49 - [MESSAGE][PASSED] - Delayed 1 second(s)

2018-06-10 19:59:49 - [TEST_STEP][PASSED] - setText: Text '10' is set on object 'Object Repository/Emergency/Page_KDMC - Emergency/input_txttreat'

2018-06-10 19:59:49 - [MESSAGE][PASSED] - Text '10' is set on object 'Object Repository/Emergency/Page_KDMC - Emergency/input_txttreat'

2018-06-10 19:59:49 - [TEST_STEP][PASSED] - click: Object: 'Object Repository/Emergency/Page_KDMC - Emergency/button_Add' is clicked on

2018-06-10 19:59:49 - [MESSAGE][PASSED] - Object: 'Object Repository/Emergency/Page_KDMC - Emergency/button_Add' is clicked on

2018-06-10 19:59:49 - [TEST_STEP][PASSED] - selectOptionByIndex: All options with index in [4] are selected on object 'Object Repository/Emergency/Page_KDMC - Emergency/select_--Select--Schedule 1Inj'

2018-06-10 19:59:49 - [MESSAGE][PASSED] - All options with index in [4] are selected on object 'Object Repository/Emergency/Page_KDMC - Emergency/select_--Select--Schedule 1Inj'

2018-06-10 19:59:49 - [TEST_STEP][PASSED] - delay: Delayed 1 second(s)

2018-06-10 19:59:50 - [MESSAGE][PASSED] - Delayed 1 second(s)

2018-06-10 19:59:50 - [TEST_STEP][PASSED] - selectOptionByIndex: All options with index in [18] are selected on object 'Object Repository/Emergency/Page_KDMC - Emergency/select_--Select--Adernaline 0.'

2018-06-10 19:59:51 - [MESSAGE][PASSED] - All options with index in [18] are selected on object 'Object Repository/Emergency/Page_KDMC - Emergency/select_--Select--Adernaline 0.'

2018-06-10 19:59:51 - [TEST_STEP][PASSED] - delay: Delayed 1 second(s)

2018-06-10 19:59:52 - [MESSAGE][PASSED] - Delayed 1 second(s)

2018-06-10 19:59:52 - [TEST_STEP][PASSED] - setText: Text '10' is set on object 'Object Repository/Emergency/Page_KDMC - Emergency/input_txttreat'

2018-06-10 19:59:52 - [MESSAGE][PASSED] - Text '10' is set on object 'Object Repository/Emergency/Page_KDMC - Emergency/input_txttreat'

2018-06-10 19:59:52 - [TEST_STEP][PASSED] - click: Object: 'Object Repository/Emergency/Page_KDMC - Emergency/button_Add' is clicked on

2018-06-10 19:59:52 - [MESSAGE][PASSED] - Object: 'Object Repository/Emergency/Page_KDMC - Emergency/button_Add' is clicked on

2018-06-10 19:59:52 - [TEST_STEP][PASSED] - selectOptionByIndex: All options with index in [4] are selected on object 'Object Repository/Emergency/Page_KDMC - Emergency/select_--Select--Schedule 1Inj'

2018-06-10 19:59:52 - [MESSAGE][PASSED] - All options with index in [4] are selected on object 'Object Repository/Emergency/Page_KDMC - Emergency/select_--Select--Schedule 1Inj'

2018-06-10 19:59:52 - [TEST_STEP][PASSED] - delay: Delayed 1 second(s)

2018-06-10 19:59:53 - [MESSAGE][PASSED] - Delayed 1 second(s)

2018-06-10 19:59:53 - [TEST_STEP][PASSED] - selectOptionByIndex: All options with index in [19] are selected on object 'Object Repository/Emergency/Page_KDMC - Emergency/select_--Select--Adernaline 0.'

2018-06-10 19:59:53 - [MESSAGE][PASSED] - All options with index in [19] are selected on object 'Object Repository/Emergency/Page_KDMC - Emergency/select_--Select--Adernaline 0.'

2018-06-10 19:59:53 - [TEST_STEP][PASSED] - delay: Delayed 1 second(s)

2018-06-10 19:59:54 - [MESSAGE][PASSED] - Delayed 1 second(s)

2018-06-10 19:59:54 - [TEST_STEP][PASSED] - setText: Text '10' is set on object 'Object Repository/Emergency/Page_KDMC - Emergency/input_txttreat'

2018-06-10 19:59:54 - [MESSAGE][PASSED] - Text '10' is set on object 'Object Repository/Emergency/Page_KDMC - Emergency/input_txttreat'

2018-06-10 19:59:54 - [TEST_STEP][PASSED] - click: Object: 'Object Repository/Emergency/Page_KDMC - Emergency/button_Add' is clicked on

2018-06-10 19:59:54 - [MESSAGE][PASSED] - Object: 'Object Repository/Emergency/Page_KDMC - Emergency/button_Add' is clicked on

2018-06-10 19:59:54 - [TEST_STEP][PASSED] - selectOptionByIndex: All options with index in [4] are selected on object 'Object Repository/Emergency/Page_KDMC - Emergency/select_--Select--Schedule 1Inj'

2018-06-10 19:59:54 - [MESSAGE][PASSED] - All options with index in [4] are selected on object 'Object Repository/Emergency/Page_KDMC - Emergency/select_--Select--Schedule 1Inj'

2018-06-10 19:59:54 - [TEST_STEP][PASSED] - delay: Delayed 1 second(s)

2018-06-10 19:59:55 - [MESSAGE][PASSED] - Delayed 1 second(s)

2018-06-10 19:59:55 - [TEST_STEP][PASSED] - selectOptionByIndex: All options with index in [20] are selected on object 'Object Repository/Emergency/Page_KDMC - Emergency/select_--Select--Adernaline 0.'

2018-06-10 19:59:56 - [MESSAGE][PASSED] - All options with index in [20] are selected on object 'Object Repository/Emergency/Page_KDMC - Emergency/select_--Select--Adernaline 0.'

2018-06-10 19:59:56 - [TEST_STEP][PASSED] - delay: Delayed 1 second(s)

2018-06-10 19:59:57 - [MESSAGE][PASSED] - Delayed 1 second(s)

2018-06-10 19:59:57 - [TEST_STEP][PASSED] - setText: Text '10' is set on object 'Object Repository/Emergency/Page_KDMC - Emergency/input_txttreat'

2018-06-10 19:59:57 - [MESSAGE][PASSED] - Text '10' is set on object 'Object Repository/Emergency/Page_KDMC - Emergency/input_txttreat'

2018-06-10 19:59:57 - [TEST_STEP][PASSED] - click: Object: 'Object Repository/Emergency/Page_KDMC - Emergency/button_Add' is clicked on

2018-06-10 19:59:57 - [MESSAGE][PASSED] - Object: 'Object Repository/Emergency/Page_KDMC - Emergency/button_Add' is clicked on

2018-06-10 19:59:57 - [TEST_STEP][PASSED] - selectOptionByIndex: All options with index in [4] are selected on object 'Object Repository/Emergency/Page_KDMC - Emergency/select_--Select--Schedule 1Inj'

2018-06-10 19:59:57 - [MESSAGE][PASSED] - All options with index in [4] are selected on object 'Object Repository/Emergency/Page_KDMC - Emergency/select_--Select--Schedule 1Inj'

2018-06-10 19:59:57 - [TEST_STEP][PASSED] - delay: Delayed 1 second(s)

2018-06-10 19:59:58 - [MESSAGE][PASSED] - Delayed 1 second(s)

2018-06-10 19:59:58 - [TEST_STEP][PASSED] - selectOptionByIndex: All options with index in [21] are selected on object 'Object Repository/Emergency/Page_KDMC - Emergency/select_--Select--Adernaline 0.'

2018-06-10 19:59:58 - [MESSAGE][PASSED] - All options with index in [21] are selected on object 'Object Repository/Emergency/Page_KDMC - Emergency/select_--Select--Adernaline 0.'

2018-06-10 19:59:58 - [TEST_STEP][PASSED] - delay: Delayed 1 second(s)

2018-06-10 19:59:59 - [MESSAGE][PASSED] - Delayed 1 second(s)

2018-06-10 19:59:59 - [TEST_STEP][PASSED] - setText: Text '10' is set on object 'Object Repository/Emergency/Page_KDMC - Emergency/input_txttreat'

2018-06-10 19:59:59 - [MESSAGE][PASSED] - Text '10' is set on object 'Object Repository/Emergency/Page_KDMC - Emergency/input_txttreat'

2018-06-10 19:59:59 - [TEST_STEP][PASSED] - click: Object: 'Object Repository/Emergency/Page_KDMC - Emergency/button_Add' is clicked on

2018-06-10 20:00:00 - [MESSAGE][PASSED] - Object: 'Object Repository/Emergency/Page_KDMC - Emergency/button_Add' is clicked on

2018-06-10 20:00:00 - [TEST_STEP][PASSED] - selectOptionByIndex: All options with index in [4] are selected on object 'Object Repository/Emergency/Page_KDMC - Emergency/select_--Select--Schedule 1Inj'

2018-06-10 20:00:00 - [MESSAGE][PASSED] - All options with index in [4] are selected on object 'Object Repository/Emergency/Page_KDMC - Emergency/select_--Select--Schedule 1Inj'

2018-06-10 20:00:00 - [TEST_STEP][PASSED] - delay: Delayed 1 second(s)

2018-06-10 20:00:01 - [MESSAGE][PASSED] - Delayed 1 second(s)

2018-06-10 20:00:01 - [TEST_STEP][PASSED] - selectOptionByIndex: All options with index in [22] are selected on object 'Object Repository/Emergency/Page_KDMC - Emergency/select_--Select--Adernaline 0.'

2018-06-10 20:00:01 - [MESSAGE][PASSED] - All options with index in [22] are selected on object 'Object Repository/Emergency/Page_KDMC - Emergency/select_--Select--Adernaline 0.'

2018-06-10 20:00:01 - [TEST_STEP][PASSED] - delay: Delayed 1 second(s)

2018-06-10 20:00:02 - [MESSAGE][PASSED] - Delayed 1 second(s)

2018-06-10 20:00:02 - [TEST_STEP][PASSED] - setText: Text '10' is set on object 'Object Repository/Emergency/Page_KDMC - Emergency/input_txttreat'

2018-06-10 20:00:02 - [MESSAGE][PASSED] - Text '10' is set on object 'Object Repository/Emergency/Page_KDMC - Emergency/input_txttreat'

2018-06-10 20:00:02 - [TEST_STEP][PASSED] - click: Object: 'Object Repository/Emergency/Page_KDMC - Emergency/button_Add' is clicked on

2018-06-10 20:00:02 - [MESSAGE][PASSED] - Object: 'Object Repository/Emergency/Page_KDMC - Emergency/button_Add' is clicked on

2018-06-10 20:00:02 - [TEST_STEP][PASSED] - selectOptionByIndex: All options with index in [4] are selected on object 'Object Repository/Emergency/Page_KDMC - Emergency/select_--Select--Schedule 1Inj'

2018-06-10 20:00:02 - [MESSAGE][PASSED] - All options with index in [4] are selected on object 'Object Repository/Emergency/Page_KDMC - Emergency/select_--Select--Schedule 1Inj'

2018-06-10 20:00:02 - [TEST_STEP][PASSED] - delay: Delayed 1 second(s)

2018-06-10 20:00:03 - [MESSAGE][PASSED] - Delayed 1 second(s)

2018-06-10 20:00:03 - [TEST_STEP][PASSED] - selectOptionByIndex: All options with index in [23] are selected on object 'Object Repository/Emergency/Page_KDMC - Emergency/select_--Select--Adernaline 0.'

2018-06-10 20:00:04 - [MESSAGE][PASSED] - All options with index in [23] are selected on object 'Object Repository/Emergency/Page_KDMC - Emergency/select_--Select--Adernaline 0.'

2018-06-10 20:00:04 - [TEST_STEP][PASSED] - delay: Delayed 1 second(s)

2018-06-10 20:00:05 - [MESSAGE][PASSED] - Delayed 1 second(s)

2018-06-10 20:00:05 - [TEST_STEP][PASSED] - setText: Text '10' is set on object 'Object Repository/Emergency/Page_KDMC - Emergency/input_txttreat'

2018-06-10 20:00:05 - [MESSAGE][PASSED] - Text '10' is set on object 'Object Repository/Emergency/Page_KDMC - Emergency/input_txttreat'

2018-06-10 20:00:05 - [TEST_STEP][PASSED] - click: Object: 'Object Repository/Emergency/Page_KDMC - Emergency/button_Add' is clicked on

2018-06-10 20:00:05 - [MESSAGE][PASSED] - Object: 'Object Repository/Emergency/Page_KDMC - Emergency/button_Add' is clicked on

2018-06-10 20:00:05 - [TEST_STEP][PASSED] - scrollToElement: Scroll to object 'Object Repository/Emergency/Page_KDMC - Emergency/input_btnsave' successfully

2018-06-10 20:00:05 - [MESSAGE][PASSED] - Scroll to object 'Object Repository/Emergency/Page_KDMC - Emergency/input_btnsave' successfully

2018-06-10 20:00:05 - [TEST_STEP][PASSED] - click: Object: 'Object Repository/Emergency/Page_KDMC - Emergency/input_btnsave' is clicked on

2018-06-10 20:00:05 - [MESSAGE][PASSED] - Object: 'Object Repository/Emergency/Page_KDMC - Emergency/input_btnsave' is clicked on

2018-06-10 20:00:05 - [TEST_STEP][PASSED] - delay: Delayed 3 second(s)

2018-06-10 20:00:08 - [MESSAGE][PASSED] - Delayed 3 second(s)

2018-06-10 20:00:08 - [TEST_STEP][PASSED] - Statement - RequestNumber = com.kms.katalon.core.webui.keyword.WebUiBuiltInKeywords.getText(com.kms.katalon.core.testobject.ObjectRepository.findTestObject(Emergency/Page_KDMC - Emergency/font_ERNO100520183)): Text of object 'Object Repository/Emergency/Page_KDMC - Emergency/font_ERNO100520183' is: 'ERNO/10062018/1039'

2018-06-10 20:00:08 - [MESSAGE][PASSED] - Text of object 'Object Repository/Emergency/Page_KDMC - Emergency/font_ERNO100520183' is: 'ERNO/10062018/1039'

2018-06-10 20:00:08 - [TEST_STEP][PASSED] - Statement - Rno = RequestNumber.split("/")[2]: null

2018-06-10 20:00:08 - [TEST_STEP][PASSED] - Statement - out.println(Rno): null

2018-06-10 20:00:08 - [TEST_STEP][PASSED] - click: Object: 'Object Repository/Emergency/Page_KDMC - Emergency/button_OK' is clicked on

2018-06-10 20:00:09 - [MESSAGE][PASSED] - Object: 'Object Repository/Emergency/Page_KDMC - Emergency/button_OK' is clicked on

2018-06-10 20:00:09 - [TEST_STEP][PASSED] - delay: Delayed 3 second(s)

2018-06-10 20:00:12 - [MESSAGE][PASSED] - Delayed 3 second(s)

2018-06-10 20:00:12 - [TEST_STEP][PASSED] - click: Object: 'Object Repository/Emergency/Page_KDMC - Emergency/a_dropdown-toggle' is clicked on

2018-06-10 20:00:12 - [MESSAGE][PASSED] - Object: 'Object Repository/Emergency/Page_KDMC - Emergency/a_dropdown-toggle' is clicked on

2018-06-10 20:00:12 - [TEST_STEP][PASSED] - click: Object: 'Object Repository/Emergency/Page_KDMC - Emergency/a_Sign out' is clicked on

2018-06-10 20:00:12 - [MESSAGE][PASSED] - Object: 'Object Repository/Emergency/Page_KDMC - Emergency/a_Sign out' is clicked on

2018-06-10 20:00:12 - [TEST_STEP][PASSED] - delay: Delayed 3 second(s)

2018-06-10 20:00:15 - [MESSAGE][PASSED] - Delayed 3 second(s)

2018-06-10 20:00:15 - [TEST_STEP][PASSED] - click: Object: 'Object Repository/Emergency/Page_KDMC/a_CMO' is clicked on

2018-06-10 20:00:16 - [MESSAGE][PASSED] - Object: 'Object Repository/Emergency/Page_KDMC/a_CMO' is clicked on

2018-06-10 20:00:16 - [TEST_STEP][PASSED] - setText: Text 'guru' is set on object 'Object Repository/Emergency/Page_CMO login/input_txtusername'

2018-06-10 20:00:16 - [MESSAGE][PASSED] - Text 'guru' is set on object 'Object Repository/Emergency/Page_CMO login/input_txtusername'

2018-06-10 20:00:16 - [TEST_STEP][PASSED] - setText: Text '123' is set on object 'Object Repository/Emergency/Page_CMO login/input_txtpassword'

2018-06-10 20:00:16 - [MESSAGE][PASSED] - Text '123' is set on object 'Object Repository/Emergency/Page_CMO login/input_txtpassword'

2018-06-10 20:00:16 - [TEST_STEP][PASSED] - delay: Delayed 3 second(s)

2018-06-10 20:00:19 - [MESSAGE][PASSED] - Delayed 3 second(s)

2018-06-10 20:00:19 - [TEST_STEP][PASSED] - click: Object: 'Object Repository/Emergency/Page_CMO login/button_Sign in' is clicked on

2018-06-10 20:00:19 - [MESSAGE][PASSED] - Object: 'Object Repository/Emergency/Page_CMO login/button_Sign in' is clicked on

2018-06-10 20:00:19 - [TEST_STEP][PASSED] - delay: Delayed 2 second(s)

2018-06-10 20:00:21 - [MESSAGE][PASSED] - Delayed 2 second(s)

2018-06-10 20:00:21 - [TEST_STEP][PASSED] - click: Object: 'Object Repository/Emergency/Page_KDMC - CMO/a_Department Wise Request' is clicked on

2018-06-10 20:00:22 - [MESSAGE][PASSED] - Object: 'Object Repository/Emergency/Page_KDMC - CMO/a_Department Wise Request' is clicked on

2018-06-10 20:00:22 - [TEST_STEP][PASSED] - selectOptionByIndex: All options with index in [7] are selected on object 'Object Repository/Emergency/Page_KDMC - CMO/select_--ALL--'

2018-06-10 20:00:22 - [MESSAGE][PASSED] - All options with index in [7] are selected on object 'Object Repository/Emergency/Page_KDMC - CMO/select_--ALL--'

2018-06-10 20:00:22 - [TEST_STEP][PASSED] - selectOptionByIndex: All options with index in [1] are selected on object 'Object Repository/Emergency/Page_KDMC - CMO/select_--ALL--                _1'

2018-06-10 20:00:23 - [MESSAGE][PASSED] - All options with index in [1] are selected on object 'Object Repository/Emergency/Page_KDMC - CMO/select_--ALL--                _1'

2018-06-10 20:00:23 - [TEST_STEP][PASSED] - click: Object: 'Object Repository/Emergency/Page_KDMC - CMO/input_btnsearch' is clicked on

2018-06-10 20:00:23 - [MESSAGE][PASSED] - Object: 'Object Repository/Emergency/Page_KDMC - CMO/input_btnsearch' is clicked on

2018-06-10 20:00:23 - [TEST_STEP][PASSED] - Statement - ID = com.kms.katalon.core.webui.keyword.WebUiBuiltInKeywords.modifyObjectProperty(com.kms.katalon.core.testobject.ObjectRepository.findTestObject(Emergency/Page_KDMC - CMO/input_3), "xpath", "equals", "//*[@id=" + Rno + "]", true): Modify property of object successfully

2018-06-10 20:00:23 - [MESSAGE][PASSED] - Modify property of object successfully

2018-06-10 20:00:23 - [TEST_STEP][PASSED] - click: Object: 'Object Repository/Emergency/Page_KDMC - CMO/input_3' is clicked on

2018-06-10 20:00:23 - [MESSAGE][PASSED] - Object: 'Object Repository/Emergency/Page_KDMC - CMO/input_3' is clicked on

2018-06-10 20:00:23 - [TEST_STEP][PASSED] - delay: Delayed 2 second(s)

2018-06-10 20:00:25 - [MESSAGE][PASSED] - Delayed 2 second(s)

2018-06-10 20:00:25 - [TEST_STEP][PASSED] - selectOptionByIndex: All options with index in [1] are selected on object 'Object Repository/Emergency/Page_KDMC - CMO/select_--Select--'

2018-06-10 20:00:26 - [MESSAGE][PASSED] - All options with index in [1] are selected on object 'Object Repository/Emergency/Page_KDMC - CMO/select_--Select--'

2018-06-10 20:00:26 - [TEST_STEP][PASSED] - click: Object: 'Object Repository/Emergency/Page_KDMC - CMO/input_btnupdate' is clicked on

2018-06-10 20:00:26 - [MESSAGE][PASSED] - Object: 'Object Repository/Emergency/Page_KDMC - CMO/input_btnupdate' is clicked on

2018-06-10 20:00:26 - [TEST_STEP][PASSED] - delay: Delayed 2 second(s)

2018-06-10 20:00:28 - [MESSAGE][PASSED] - Delayed 2 second(s)

2018-06-10 20:00:28 - [TEST_STEP][PASSED] - click: Object: 'Object Repository/Emergency/Page_KDMC - CMO/button_OK' is clicked on

2018-06-10 20:00:28 - [MESSAGE][PASSED] - Object: 'Object Repository/Emergency/Page_KDMC - CMO/button_OK' is clicked on

2018-06-10 20:00:28 - [TEST_STEP][PASSED] - delay: Delayed 2 second(s)

2018-06-10 20:00:30 - [MESSAGE][PASSED] - Delayed 2 second(s)

2018-06-10 20:00:30 - [TEST_STEP][PASSED] - click: Object: 'Object Repository/Emergency/Page_KDMC - CMO/a_dropdown-toggle' is clicked on

2018-06-10 20:00:30 - [MESSAGE][PASSED] - Object: 'Object Repository/Emergency/Page_KDMC - CMO/a_dropdown-toggle' is clicked on

2018-06-10 20:00:30 - [TEST_STEP][PASSED] - click: Object: 'Object Repository/Emergency/Page_KDMC - CMO/a_Sign out' is clicked on

2018-06-10 20:00:31 - [MESSAGE][PASSED] - Object: 'Object Repository/Emergency/Page_KDMC - CMO/a_Sign out' is clicked on

2018-06-10 20:00:31 - [TEST_STEP][PASSED] - delay: Delayed 3 second(s)

2018-06-10 20:00:34 - [MESSAGE][PASSED] - Delayed 3 second(s)

2018-06-10 20:00:34 - [TEST_STEP][PASSED] - click: Object: 'Object Repository/Emergency/Page_KDMC/a_Divisional Store' is clicked on

2018-06-10 20:00:35 - [MESSAGE][PASSED] - Object: 'Object Repository/Emergency/Page_KDMC/a_Divisional Store' is clicked on

2018-06-10 20:00:35 - [TEST_STEP][PASSED] - setText: Text 'ragu' is set on object 'Object Repository/Emergency/Page_Divisonal Store Login/input_txtusername'

2018-06-10 20:00:35 - [MESSAGE][PASSED] - Text 'ragu' is set on object 'Object Repository/Emergency/Page_Divisonal Store Login/input_txtusername'

2018-06-10 20:00:35 - [TEST_STEP][PASSED] - setText: Text '123' is set on object 'Object Repository/Emergency/Page_Divisonal Store Login/input_txtpassword'

2018-06-10 20:00:35 - [MESSAGE][PASSED] - Text '123' is set on object 'Object Repository/Emergency/Page_Divisonal Store Login/input_txtpassword'

2018-06-10 20:00:35 - [TEST_STEP][PASSED] - delay: Delayed 3 second(s)

2018-06-10 20:00:38 - [MESSAGE][PASSED] - Delayed 3 second(s)

2018-06-10 20:00:38 - [TEST_STEP][PASSED] - click: Object: 'Object Repository/Emergency/Page_Divisonal Store Login/button_Sign in' is clicked on

2018-06-10 20:00:40 - [MESSAGE][PASSED] - Object: 'Object Repository/Emergency/Page_Divisonal Store Login/button_Sign in' is clicked on

2018-06-10 20:00:40 - [TEST_STEP][PASSED] - delay: Delayed 2 second(s)

2018-06-10 20:00:42 - [MESSAGE][PASSED] - Delayed 2 second(s)

2018-06-10 20:00:42 - [TEST_STEP][PASSED] - click: Object: 'Object Repository/Emergency/Page_Store/a_Emergency Request' is clicked on

2018-06-10 20:00:42 - [MESSAGE][PASSED] - Object: 'Object Repository/Emergency/Page_Store/a_Emergency Request' is clicked on

2018-06-10 20:00:42 - [TEST_STEP][PASSED] - click: Object: 'Object Repository/Emergency/Page_Store/a_Request Item Emergency' is clicked on

2018-06-10 20:00:43 - [MESSAGE][PASSED] - Object: 'Object Repository/Emergency/Page_Store/a_Request Item Emergency' is clicked on

2018-06-10 20:00:43 - [TEST_STEP][PASSED] - setText: Text '1039' is set on object 'Object Repository/Emergency/Page_Store/input'

2018-06-10 20:00:43 - [MESSAGE][PASSED] - Text '1039' is set on object 'Object Repository/Emergency/Page_Store/input'

2018-06-10 20:00:43 - [TEST_STEP][PASSED] - Statement - ChooseRequest = com.kms.katalon.core.webui.keyword.WebUiBuiltInKeywords.modifyObjectProperty(com.kms.katalon.core.testobject.ObjectRepository.findTestObject(Emergency/Page_Store/input_3), "xpath", "equals", "//*[@id=" + Rno + "]", true): Modify property of object successfully

2018-06-10 20:00:43 - [MESSAGE][PASSED] - Modify property of object successfully

2018-06-10 20:00:43 - [TEST_STEP][PASSED] - click: Object: 'Object Repository/Emergency/Page_Store/input_3' is clicked on

2018-06-10 20:00:44 - [MESSAGE][PASSED] - Object: 'Object Repository/Emergency/Page_Store/input_3' is clicked on

2018-06-10 20:00:44 - [TEST_STEP][PASSED] - delay: Delayed 2 second(s)

2018-06-10 20:00:46 - [MESSAGE][PASSED] - Delayed 2 second(s)

2018-06-10 20:00:46 - [TEST_STEP][PASSED] - Statement - selectedoptions1 = com.kms.katalon.core.webui.keyword.WebUiBuiltInKeywords.getNumberOfTotalOption(com.kms.katalon.core.testobject.ObjectRepository.findTestObject(Emergency/Page_Store/select_--Select--Amikacin -500)): 24 options of object 'Object Repository/Emergency/Page_Store/select_--Select--Amikacin -500' counted

2018-06-10 20:00:46 - [MESSAGE][PASSED] - 24 options of object 'Object Repository/Emergency/Page_Store/select_--Select--Amikacin -500' counted

2018-06-10 20:00:46 - [TEST_STEP][PASSED] - Statement - out.println("SOptions : " + selectedoptions1): null

2018-06-10 20:00:46 - [TEST_STEP][PASSED] - Statement - For ([a = 1, a <= selectedoptions1 - 1, (a++)]): null

2018-06-10 20:00:46 - [TEST_STEP][PASSED] - selectOptionByIndex: All options with index in [1] are selected on object 'Object Repository/Emergency/Page_Store/select_--Select--Amikacin -500'

2018-06-10 20:00:46 - [MESSAGE][PASSED] - All options with index in [1] are selected on object 'Object Repository/Emergency/Page_Store/select_--Select--Amikacin -500'

2018-06-10 20:00:46 - [TEST_STEP][PASSED] - delay: Delayed 2 second(s)

2018-06-10 20:00:48 - [MESSAGE][PASSED] - Delayed 2 second(s)

2018-06-10 20:00:48 - [TEST_STEP][PASSED] - Statement - RequestedQty = com.kms.katalon.core.webui.keyword.WebUiBuiltInKeywords.getAttribute(com.kms.katalon.core.testobject.ObjectRepository.findTestObject(Emergency/Page_Store/input_txttotal), "value"): Attribute 'value' of object 'Object Repository/Emergency/Page_Store/input_txttotal' is: '10'

2018-06-10 20:00:48 - [MESSAGE][PASSED] - Attribute 'value' of object 'Object Repository/Emergency/Page_Store/input_txttotal' is: '10'

2018-06-10 20:00:48 - [TEST_STEP][PASSED] - Statement - out.println("Requested QTY : " + RequestedQty): null

2018-06-10 20:00:48 - [TEST_STEP][PASSED] - Statement - BatchNumber = com.kms.katalon.core.webui.keyword.WebUiBuiltInKeywords.getNumberOfTotalOption(com.kms.katalon.core.testobject.ObjectRepository.findTestObject(Emergency/Page_Store/select_--Select--BA1150BA4110)): 3 options of object 'Object Repository/Emergency/Page_Store/select_--Select--BA1150BA4110' counted

2018-06-10 20:00:48 - [MESSAGE][PASSED] - 3 options of object 'Object Repository/Emergency/Page_Store/select_--Select--BA1150BA4110' counted

2018-06-10 20:00:48 - [TEST_STEP][PASSED] - Statement - out.println("BatchNumber : " + BatchNumber): null

2018-06-10 20:00:48 - [TEST_STEP][PASSED] - Statement - For ([g = 1, g <= BatchNumber - 1, (g++)]): null

2018-06-10 20:00:48 - [TEST_STEP][PASSED] - selectOptionByIndex: All options with index in [1] are selected on object 'Object Repository/Emergency/Page_Store/select_--Select--BA1150BA4110'

2018-06-10 20:00:48 - [MESSAGE][PASSED] - All options with index in [1] are selected on object 'Object Repository/Emergency/Page_Store/select_--Select--BA1150BA4110'

2018-06-10 20:00:48 - [TEST_STEP][PASSED] - delay: Delayed 2 second(s)

2018-06-10 20:00:50 - [MESSAGE][PASSED] - Delayed 2 second(s)

2018-06-10 20:00:50 - [TEST_STEP][PASSED] - Statement - Try: null

2018-06-10 20:00:50 - [TEST_STEP][PASSED] - Statement - StockQty = com.kms.katalon.core.webui.keyword.WebUiBuiltInKeywords.getAttribute(com.kms.katalon.core.testobject.ObjectRepository.findTestObject(Emergency/Page_Store/input_txtprice), "value"): Attribute 'value' of object 'Object Repository/Emergency/Page_Store/input_txtprice' is: '940'

2018-06-10 20:00:51 - [MESSAGE][PASSED] - Attribute 'value' of object 'Object Repository/Emergency/Page_Store/input_txtprice' is: '940'

2018-06-10 20:00:51 - [TEST_STEP][PASSED] - Statement - out.println("Stock QTY : " + StockQty): null

2018-06-10 20:00:51 - [TEST_STEP][PASSED] - delay: Delayed 2 second(s)

2018-06-10 20:00:53 - [MESSAGE][PASSED] - Delayed 2 second(s)

2018-06-10 20:00:53 - [TEST_STEP][PASSED] - Statement - If (java.lang.Integer.valueOf(StockQty) >= java.lang.Integer.valueOf(RequestedQty)): null

2018-06-10 20:00:53 - [TEST_STEP][PASSED] - delay: Delayed 1 second(s)

2018-06-10 20:00:54 - [MESSAGE][PASSED] - Delayed 1 second(s)

2018-06-10 20:00:54 - [TEST_STEP][PASSED] - setText: Text '10' is set on object 'Object Repository/Emergency/Page_Store/input_txtqty'

2018-06-10 20:00:54 - [MESSAGE][PASSED] - Text '10' is set on object 'Object Repository/Emergency/Page_Store/input_txtqty'

2018-06-10 20:00:54 - [TEST_STEP][PASSED] - click: Object: 'Object Repository/Emergency/Page_Store/button_Add' is clicked on

2018-06-10 20:00:54 - [MESSAGE][PASSED] - Object: 'Object Repository/Emergency/Page_Store/button_Add' is clicked on

2018-06-10 20:00:54 - [TEST_STEP][PASSED] - Statement - Break: null

2018-06-10 20:00:54 - [TEST_STEP][PASSED] - selectOptionByIndex: All options with index in [2] are selected on object 'Object Repository/Emergency/Page_Store/select_--Select--Amikacin -500'

2018-06-10 20:00:54 - [MESSAGE][PASSED] - All options with index in [2] are selected on object 'Object Repository/Emergency/Page_Store/select_--Select--Amikacin -500'

2018-06-10 20:00:54 - [TEST_STEP][PASSED] - delay: Delayed 2 second(s)

2018-06-10 20:00:56 - [MESSAGE][PASSED] - Delayed 2 second(s)

2018-06-10 20:00:56 - [TEST_STEP][PASSED] - Statement - RequestedQty = com.kms.katalon.core.webui.keyword.WebUiBuiltInKeywords.getAttribute(com.kms.katalon.core.testobject.ObjectRepository.findTestObject(Emergency/Page_Store/input_txttotal), "value"): Attribute 'value' of object 'Object Repository/Emergency/Page_Store/input_txttotal' is: '10'

2018-06-10 20:00:56 - [MESSAGE][PASSED] - Attribute 'value' of object 'Object Repository/Emergency/Page_Store/input_txttotal' is: '10'

2018-06-10 20:00:56 - [TEST_STEP][PASSED] - Statement - out.println("Requested QTY : " + RequestedQty): null

2018-06-10 20:00:56 - [TEST_STEP][PASSED] - Statement - BatchNumber = com.kms.katalon.core.webui.keyword.WebUiBuiltInKeywords.getNumberOfTotalOption(com.kms.katalon.core.testobject.ObjectRepository.findTestObject(Emergency/Page_Store/select_--Select--BA1150BA4110)): 5 options of object 'Object Repository/Emergency/Page_Store/select_--Select--BA1150BA4110' counted

2018-06-10 20:00:56 - [MESSAGE][PASSED] - 5 options of object 'Object Repository/Emergency/Page_Store/select_--Select--BA1150BA4110' counted

2018-06-10 20:00:56 - [TEST_STEP][PASSED] - Statement - out.println("BatchNumber : " + BatchNumber): null

2018-06-10 20:00:56 - [TEST_STEP][PASSED] - Statement - For ([g = 1, g <= BatchNumber - 1, (g++)]): null

2018-06-10 20:00:56 - [TEST_STEP][PASSED] - selectOptionByIndex: All options with index in [1] are selected on object 'Object Repository/Emergency/Page_Store/select_--Select--BA1150BA4110'

2018-06-10 20:00:56 - [MESSAGE][PASSED] - All options with index in [1] are selected on object 'Object Repository/Emergency/Page_Store/select_--Select--BA1150BA4110'

2018-06-10 20:00:56 - [TEST_STEP][PASSED] - delay: Delayed 2 second(s)

2018-06-10 20:00:58 - [MESSAGE][PASSED] - Delayed 2 second(s)

2018-06-10 20:00:58 - [TEST_STEP][PASSED] - Statement - Try: null

2018-06-10 20:00:58 - [TEST_STEP][PASSED] - Statement - StockQty = com.kms.katalon.core.webui.keyword.WebUiBuiltInKeywords.getAttribute(com.kms.katalon.core.testobject.ObjectRepository.findTestObject(Emergency/Page_Store/input_txtprice), "value"): Attribute 'value' of object 'Object Repository/Emergency/Page_Store/input_txtprice' is: '540'

2018-06-10 20:00:58 - [MESSAGE][PASSED] - Attribute 'value' of object 'Object Repository/Emergency/Page_Store/input_txtprice' is: '540'

2018-06-10 20:00:58 - [TEST_STEP][PASSED] - Statement - out.println("Stock QTY : " + StockQty): null

2018-06-10 20:00:58 - [TEST_STEP][PASSED] - delay: Delayed 2 second(s)

2018-06-10 20:01:00 - [MESSAGE][PASSED] - Delayed 2 second(s)

2018-06-10 20:01:00 - [TEST_STEP][PASSED] - Statement - If (java.lang.Integer.valueOf(StockQty) >= java.lang.Integer.valueOf(RequestedQty)): null

2018-06-10 20:01:00 - [TEST_STEP][PASSED] - delay: Delayed 1 second(s)

2018-06-10 20:01:01 - [MESSAGE][PASSED] - Delayed 1 second(s)

2018-06-10 20:01:01 - [TEST_STEP][PASSED] - setText: Text '10' is set on object 'Object Repository/Emergency/Page_Store/input_txtqty'

2018-06-10 20:01:01 - [MESSAGE][PASSED] - Text '10' is set on object 'Object Repository/Emergency/Page_Store/input_txtqty'

2018-06-10 20:01:01 - [TEST_STEP][PASSED] - click: Object: 'Object Repository/Emergency/Page_Store/button_Add' is clicked on

2018-06-10 20:01:01 - [MESSAGE][PASSED] - Object: 'Object Repository/Emergency/Page_Store/button_Add' is clicked on

2018-06-10 20:01:01 - [TEST_STEP][PASSED] - Statement - Break: null

2018-06-10 20:01:01 - [TEST_STEP][PASSED] - selectOptionByIndex: All options with index in [3] are selected on object 'Object Repository/Emergency/Page_Store/select_--Select--Amikacin -500'

2018-06-10 20:01:01 - [MESSAGE][PASSED] - All options with index in [3] are selected on object 'Object Repository/Emergency/Page_Store/select_--Select--Amikacin -500'

2018-06-10 20:01:01 - [TEST_STEP][PASSED] - delay: Delayed 2 second(s)

2018-06-10 20:01:03 - [MESSAGE][PASSED] - Delayed 2 second(s)

2018-06-10 20:01:03 - [TEST_STEP][PASSED] - Statement - RequestedQty = com.kms.katalon.core.webui.keyword.WebUiBuiltInKeywords.getAttribute(com.kms.katalon.core.testobject.ObjectRepository.findTestObject(Emergency/Page_Store/input_txttotal), "value"): Attribute 'value' of object 'Object Repository/Emergency/Page_Store/input_txttotal' is: '10'

2018-06-10 20:01:03 - [MESSAGE][PASSED] - Attribute 'value' of object 'Object Repository/Emergency/Page_Store/input_txttotal' is: '10'

2018-06-10 20:01:03 - [TEST_STEP][PASSED] - Statement - out.println("Requested QTY : " + RequestedQty): null

2018-06-10 20:01:03 - [TEST_STEP][PASSED] - Statement - BatchNumber = com.kms.katalon.core.webui.keyword.WebUiBuiltInKeywords.getNumberOfTotalOption(com.kms.katalon.core.testobject.ObjectRepository.findTestObject(Emergency/Page_Store/select_--Select--BA1150BA4110)): 3 options of object 'Object Repository/Emergency/Page_Store/select_--Select--BA1150BA4110' counted

2018-06-10 20:01:03 - [MESSAGE][PASSED] - 3 options of object 'Object Repository/Emergency/Page_Store/select_--Select--BA1150BA4110' counted

2018-06-10 20:01:03 - [TEST_STEP][PASSED] - Statement - out.println("BatchNumber : " + BatchNumber): null

2018-06-10 20:01:03 - [TEST_STEP][PASSED] - Statement - For ([g = 1, g <= BatchNumber - 1, (g++)]): null

2018-06-10 20:01:03 - [TEST_STEP][PASSED] - selectOptionByIndex: All options with index in [1] are selected on object 'Object Repository/Emergency/Page_Store/select_--Select--BA1150BA4110'

2018-06-10 20:01:04 - [MESSAGE][PASSED] - All options with index in [1] are selected on object 'Object Repository/Emergency/Page_Store/select_--Select--BA1150BA4110'

2018-06-10 20:01:04 - [TEST_STEP][PASSED] - delay: Delayed 2 second(s)

2018-06-10 20:01:06 - [MESSAGE][PASSED] - Delayed 2 second(s)

2018-06-10 20:01:06 - [TEST_STEP][PASSED] - Statement - Try: null

2018-06-10 20:01:06 - [TEST_STEP][PASSED] - Statement - StockQty = com.kms.katalon.core.webui.keyword.WebUiBuiltInKeywords.getAttribute(com.kms.katalon.core.testobject.ObjectRepository.findTestObject(Emergency/Page_Store/input_txtprice), "value"): Attribute 'value' of object 'Object Repository/Emergency/Page_Store/input_txtprice' is: '940'

2018-06-10 20:01:06 - [MESSAGE][PASSED] - Attribute 'value' of object 'Object Repository/Emergency/Page_Store/input_txtprice' is: '940'

2018-06-10 20:01:06 - [TEST_STEP][PASSED] - Statement - out.println("Stock QTY : " + StockQty): null

2018-06-10 20:01:06 - [TEST_STEP][PASSED] - delay: Delayed 2 second(s)

2018-06-10 20:01:08 - [MESSAGE][PASSED] - Delayed 2 second(s)

2018-06-10 20:01:08 - [TEST_STEP][PASSED] - Statement - If (java.lang.Integer.valueOf(StockQty) >= java.lang.Integer.valueOf(RequestedQty)): null

2018-06-10 20:01:08 - [TEST_STEP][PASSED] - delay: Delayed 1 second(s)

2018-06-10 20:01:09 - [MESSAGE][PASSED] - Delayed 1 second(s)

2018-06-10 20:01:09 - [TEST_STEP][PASSED] - setText: Text '10' is set on object 'Object Repository/Emergency/Page_Store/input_txtqty'

2018-06-10 20:01:09 - [MESSAGE][PASSED] - Text '10' is set on object 'Object Repository/Emergency/Page_Store/input_txtqty'

2018-06-10 20:01:09 - [TEST_STEP][PASSED] - click: Object: 'Object Repository/Emergency/Page_Store/button_Add' is clicked on

2018-06-10 20:01:09 - [MESSAGE][PASSED] - Object: 'Object Repository/Emergency/Page_Store/button_Add' is clicked on

2018-06-10 20:01:09 - [TEST_STEP][PASSED] - Statement - Break: null

2018-06-10 20:01:09 - [TEST_STEP][PASSED] - selectOptionByIndex: All options with index in [4] are selected on object 'Object Repository/Emergency/Page_Store/select_--Select--Amikacin -500'

2018-06-10 20:01:09 - [MESSAGE][PASSED] - All options with index in [4] are selected on object 'Object Repository/Emergency/Page_Store/select_--Select--Amikacin -500'

2018-06-10 20:01:09 - [TEST_STEP][PASSED] - delay: Delayed 2 second(s)

2018-06-10 20:01:11 - [MESSAGE][PASSED] - Delayed 2 second(s)

2018-06-10 20:01:11 - [TEST_STEP][PASSED] - Statement - RequestedQty = com.kms.katalon.core.webui.keyword.WebUiBuiltInKeywords.getAttribute(com.kms.katalon.core.testobject.ObjectRepository.findTestObject(Emergency/Page_Store/input_txttotal), "value"): Attribute 'value' of object 'Object Repository/Emergency/Page_Store/input_txttotal' is: '10'

2018-06-10 20:01:11 - [MESSAGE][PASSED] - Attribute 'value' of object 'Object Repository/Emergency/Page_Store/input_txttotal' is: '10'

2018-06-10 20:01:11 - [TEST_STEP][PASSED] - Statement - out.println("Requested QTY : " + RequestedQty): null

2018-06-10 20:01:11 - [TEST_STEP][PASSED] - Statement - BatchNumber = com.kms.katalon.core.webui.keyword.WebUiBuiltInKeywords.getNumberOfTotalOption(com.kms.katalon.core.testobject.ObjectRepository.findTestObject(Emergency/Page_Store/select_--Select--BA1150BA4110)): 3 options of object 'Object Repository/Emergency/Page_Store/select_--Select--BA1150BA4110' counted

2018-06-10 20:01:11 - [MESSAGE][PASSED] - 3 options of object 'Object Repository/Emergency/Page_Store/select_--Select--BA1150BA4110' counted

2018-06-10 20:01:11 - [TEST_STEP][PASSED] - Statement - out.println("BatchNumber : " + BatchNumber): null

2018-06-10 20:01:11 - [TEST_STEP][PASSED] - Statement - For ([g = 1, g <= BatchNumber - 1, (g++)]): null

2018-06-10 20:01:11 - [TEST_STEP][PASSED] - selectOptionByIndex: All options with index in [1] are selected on object 'Object Repository/Emergency/Page_Store/select_--Select--BA1150BA4110'

2018-06-10 20:01:11 - [MESSAGE][PASSED] - All options with index in [1] are selected on object 'Object Repository/Emergency/Page_Store/select_--Select--BA1150BA4110'

2018-06-10 20:01:11 - [TEST_STEP][PASSED] - delay: Delayed 2 second(s)

2018-06-10 20:01:13 - [MESSAGE][PASSED] - Delayed 2 second(s)

2018-06-10 20:01:13 - [TEST_STEP][PASSED] - Statement - Try: null

2018-06-10 20:01:13 - [TEST_STEP][PASSED] - Statement - StockQty = com.kms.katalon.core.webui.keyword.WebUiBuiltInKeywords.getAttribute(com.kms.katalon.core.testobject.ObjectRepository.findTestObject(Emergency/Page_Store/input_txtprice), "value"): Attribute 'value' of object 'Object Repository/Emergency/Page_Store/input_txtprice' is: '940'

2018-06-10 20:01:13 - [MESSAGE][PASSED] - Attribute 'value' of object 'Object Repository/Emergency/Page_Store/input_txtprice' is: '940'

2018-06-10 20:01:13 - [TEST_STEP][PASSED] - Statement - out.println("Stock QTY : " + StockQty): null

2018-06-10 20:01:13 - [TEST_STEP][PASSED] - delay: Delayed 2 second(s)

2018-06-10 20:01:15 - [MESSAGE][PASSED] - Delayed 2 second(s)

2018-06-10 20:01:15 - [TEST_STEP][PASSED] - Statement - If (java.lang.Integer.valueOf(StockQty) >= java.lang.Integer.valueOf(RequestedQty)): null

2018-06-10 20:01:15 - [TEST_STEP][PASSED] - delay: Delayed 1 second(s)

2018-06-10 20:01:16 - [MESSAGE][PASSED] - Delayed 1 second(s)

2018-06-10 20:01:16 - [TEST_STEP][PASSED] - setText: Text '10' is set on object 'Object Repository/Emergency/Page_Store/input_txtqty'

2018-06-10 20:01:16 - [MESSAGE][PASSED] - Text '10' is set on object 'Object Repository/Emergency/Page_Store/input_txtqty'

2018-06-10 20:01:16 - [TEST_STEP][PASSED] - click: Object: 'Object Repository/Emergency/Page_Store/button_Add' is clicked on

2018-06-10 20:01:16 - [MESSAGE][PASSED] - Object: 'Object Repository/Emergency/Page_Store/button_Add' is clicked on

2018-06-10 20:01:16 - [TEST_STEP][PASSED] - Statement - Break: null

2018-06-10 20:01:16 - [TEST_STEP][PASSED] - selectOptionByIndex: All options with index in [5] are selected on object 'Object Repository/Emergency/Page_Store/select_--Select--Amikacin -500'

2018-06-10 20:01:16 - [MESSAGE][PASSED] - All options with index in [5] are selected on object 'Object Repository/Emergency/Page_Store/select_--Select--Amikacin -500'

2018-06-10 20:01:16 - [TEST_STEP][PASSED] - delay: Delayed 2 second(s)

2018-06-10 20:01:18 - [MESSAGE][PASSED] - Delayed 2 second(s)

2018-06-10 20:01:18 - [TEST_STEP][PASSED] - Statement - RequestedQty = com.kms.katalon.core.webui.keyword.WebUiBuiltInKeywords.getAttribute(com.kms.katalon.core.testobject.ObjectRepository.findTestObject(Emergency/Page_Store/input_txttotal), "value"): Attribute 'value' of object 'Object Repository/Emergency/Page_Store/input_txttotal' is: '10'

2018-06-10 20:01:19 - [MESSAGE][PASSED] - Attribute 'value' of object 'Object Repository/Emergency/Page_Store/input_txttotal' is: '10'

2018-06-10 20:01:19 - [TEST_STEP][PASSED] - Statement - out.println("Requested QTY : " + RequestedQty): null

2018-06-10 20:01:19 - [TEST_STEP][PASSED] - Statement - BatchNumber = com.kms.katalon.core.webui.keyword.WebUiBuiltInKeywords.getNumberOfTotalOption(com.kms.katalon.core.testobject.ObjectRepository.findTestObject(Emergency/Page_Store/select_--Select--BA1150BA4110)): 4 options of object 'Object Repository/Emergency/Page_Store/select_--Select--BA1150BA4110' counted

2018-06-10 20:01:19 - [MESSAGE][PASSED] - 4 options of object 'Object Repository/Emergency/Page_Store/select_--Select--BA1150BA4110' counted

2018-06-10 20:01:19 - [TEST_STEP][PASSED] - Statement - out.println("BatchNumber : " + BatchNumber): null

2018-06-10 20:01:19 - [TEST_STEP][PASSED] - Statement - For ([g = 1, g <= BatchNumber - 1, (g++)]): null

2018-06-10 20:01:19 - [TEST_STEP][PASSED] - selectOptionByIndex: All options with index in [1] are selected on object 'Object Repository/Emergency/Page_Store/select_--Select--BA1150BA4110'

2018-06-10 20:01:19 - [MESSAGE][PASSED] - All options with index in [1] are selected on object 'Object Repository/Emergency/Page_Store/select_--Select--BA1150BA4110'

2018-06-10 20:01:19 - [TEST_STEP][PASSED] - delay: Delayed 2 second(s)

2018-06-10 20:01:21 - [MESSAGE][PASSED] - Delayed 2 second(s)

2018-06-10 20:01:21 - [TEST_STEP][PASSED] - Statement - Try: null

2018-06-10 20:01:21 - [TEST_STEP][PASSED] - Statement - StockQty = com.kms.katalon.core.webui.keyword.WebUiBuiltInKeywords.getAttribute(com.kms.katalon.core.testobject.ObjectRepository.findTestObject(Emergency/Page_Store/input_txtprice), "value"): Attribute 'value' of object 'Object Repository/Emergency/Page_Store/input_txtprice' is: '590'

2018-06-10 20:01:21 - [MESSAGE][PASSED] - Attribute 'value' of object 'Object Repository/Emergency/Page_Store/input_txtprice' is: '590'

2018-06-10 20:01:21 - [TEST_STEP][PASSED] - Statement - out.println("Stock QTY : " + StockQty): null

2018-06-10 20:01:21 - [TEST_STEP][PASSED] - delay: Delayed 2 second(s)

2018-06-10 20:01:23 - [MESSAGE][PASSED] - Delayed 2 second(s)

2018-06-10 20:01:23 - [TEST_STEP][PASSED] - Statement - If (java.lang.Integer.valueOf(StockQty) >= java.lang.Integer.valueOf(RequestedQty)): null

2018-06-10 20:01:23 - [TEST_STEP][PASSED] - delay: Delayed 1 second(s)

2018-06-10 20:01:24 - [MESSAGE][PASSED] - Delayed 1 second(s)

2018-06-10 20:01:24 - [TEST_STEP][PASSED] - setText: Text '10' is set on object 'Object Repository/Emergency/Page_Store/input_txtqty'

2018-06-10 20:01:24 - [MESSAGE][PASSED] - Text '10' is set on object 'Object Repository/Emergency/Page_Store/input_txtqty'

2018-06-10 20:01:24 - [TEST_STEP][PASSED] - click: Object: 'Object Repository/Emergency/Page_Store/button_Add' is clicked on

2018-06-10 20:01:24 - [MESSAGE][PASSED] - Object: 'Object Repository/Emergency/Page_Store/button_Add' is clicked on

2018-06-10 20:01:24 - [TEST_STEP][PASSED] - Statement - Break: null

2018-06-10 20:01:24 - [TEST_STEP][PASSED] - selectOptionByIndex: All options with index in [6] are selected on object 'Object Repository/Emergency/Page_Store/select_--Select--Amikacin -500'

2018-06-10 20:01:24 - [MESSAGE][PASSED] - All options with index in [6] are selected on object 'Object Repository/Emergency/Page_Store/select_--Select--Amikacin -500'

2018-06-10 20:01:24 - [TEST_STEP][PASSED] - delay: Delayed 2 second(s)

2018-06-10 20:01:26 - [MESSAGE][PASSED] - Delayed 2 second(s)

2018-06-10 20:01:26 - [TEST_STEP][PASSED] - Statement - RequestedQty = com.kms.katalon.core.webui.keyword.WebUiBuiltInKeywords.getAttribute(com.kms.katalon.core.testobject.ObjectRepository.findTestObject(Emergency/Page_Store/input_txttotal), "value"): Attribute 'value' of object 'Object Repository/Emergency/Page_Store/input_txttotal' is: '10'

2018-06-10 20:01:26 - [MESSAGE][PASSED] - Attribute 'value' of object 'Object Repository/Emergency/Page_Store/input_txttotal' is: '10'

2018-06-10 20:01:26 - [TEST_STEP][PASSED] - Statement - out.println("Requested QTY : " + RequestedQty): null

2018-06-10 20:01:26 - [TEST_STEP][PASSED] - Statement - BatchNumber = com.kms.katalon.core.webui.keyword.WebUiBuiltInKeywords.getNumberOfTotalOption(com.kms.katalon.core.testobject.ObjectRepository.findTestObject(Emergency/Page_Store/select_--Select--BA1150BA4110)): 3 options of object 'Object Repository/Emergency/Page_Store/select_--Select--BA1150BA4110' counted

2018-06-10 20:01:26 - [MESSAGE][PASSED] - 3 options of object 'Object Repository/Emergency/Page_Store/select_--Select--BA1150BA4110' counted

2018-06-10 20:01:26 - [TEST_STEP][PASSED] - Statement - out.println("BatchNumber : " + BatchNumber): null

2018-06-10 20:01:26 - [TEST_STEP][PASSED] - Statement - For ([g = 1, g <= BatchNumber - 1, (g++)]): null

2018-06-10 20:01:26 - [TEST_STEP][PASSED] - selectOptionByIndex: All options with index in [1] are selected on object 'Object Repository/Emergency/Page_Store/select_--Select--BA1150BA4110'

2018-06-10 20:01:26 - [MESSAGE][PASSED] - All options with index in [1] are selected on object 'Object Repository/Emergency/Page_Store/select_--Select--BA1150BA4110'

2018-06-10 20:01:26 - [TEST_STEP][PASSED] - delay: Delayed 2 second(s)

2018-06-10 20:01:28 - [MESSAGE][PASSED] - Delayed 2 second(s)

2018-06-10 20:01:28 - [TEST_STEP][PASSED] - Statement - Try: null

2018-06-10 20:01:28 - [TEST_STEP][PASSED] - Statement - StockQty = com.kms.katalon.core.webui.keyword.WebUiBuiltInKeywords.getAttribute(com.kms.katalon.core.testobject.ObjectRepository.findTestObject(Emergency/Page_Store/input_txtprice), "value"): Attribute 'value' of object 'Object Repository/Emergency/Page_Store/input_txtprice' is: '940'

2018-06-10 20:01:28 - [MESSAGE][PASSED] - Attribute 'value' of object 'Object Repository/Emergency/Page_Store/input_txtprice' is: '940'

2018-06-10 20:01:28 - [TEST_STEP][PASSED] - Statement - out.println("Stock QTY : " + StockQty): null

2018-06-10 20:01:28 - [TEST_STEP][PASSED] - delay: Delayed 2 second(s)

2018-06-10 20:01:30 - [MESSAGE][PASSED] - Delayed 2 second(s)

2018-06-10 20:01:30 - [TEST_STEP][PASSED] - Statement - If (java.lang.Integer.valueOf(StockQty) >= java.lang.Integer.valueOf(RequestedQty)): null

2018-06-10 20:01:30 - [TEST_STEP][PASSED] - delay: Delayed 1 second(s)

2018-06-10 20:01:31 - [MESSAGE][PASSED] - Delayed 1 second(s)

2018-06-10 20:01:31 - [TEST_STEP][PASSED] - setText: Text '10' is set on object 'Object Repository/Emergency/Page_Store/input_txtqty'

2018-06-10 20:01:31 - [MESSAGE][PASSED] - Text '10' is set on object 'Object Repository/Emergency/Page_Store/input_txtqty'

2018-06-10 20:01:31 - [TEST_STEP][PASSED] - click: Object: 'Object Repository/Emergency/Page_Store/button_Add' is clicked on

2018-06-10 20:01:31 - [MESSAGE][PASSED] - Object: 'Object Repository/Emergency/Page_Store/button_Add' is clicked on

2018-06-10 20:01:31 - [TEST_STEP][PASSED] - Statement - Break: null

2018-06-10 20:01:31 - [TEST_STEP][PASSED] - selectOptionByIndex: All options with index in [7] are selected on object 'Object Repository/Emergency/Page_Store/select_--Select--Amikacin -500'

2018-06-10 20:01:32 - [MESSAGE][PASSED] - All options with index in [7] are selected on object 'Object Repository/Emergency/Page_Store/select_--Select--Amikacin -500'

2018-06-10 20:01:32 - [TEST_STEP][PASSED] - delay: Delayed 2 second(s)

2018-06-10 20:01:34 - [MESSAGE][PASSED] - Delayed 2 second(s)

2018-06-10 20:01:34 - [TEST_STEP][PASSED] - Statement - RequestedQty = com.kms.katalon.core.webui.keyword.WebUiBuiltInKeywords.getAttribute(com.kms.katalon.core.testobject.ObjectRepository.findTestObject(Emergency/Page_Store/input_txttotal), "value"): Attribute 'value' of object 'Object Repository/Emergency/Page_Store/input_txttotal' is: '10'

2018-06-10 20:01:34 - [MESSAGE][PASSED] - Attribute 'value' of object 'Object Repository/Emergency/Page_Store/input_txttotal' is: '10'

2018-06-10 20:01:34 - [TEST_STEP][PASSED] - Statement - out.println("Requested QTY : " + RequestedQty): null

2018-06-10 20:01:34 - [TEST_STEP][PASSED] - Statement - BatchNumber = com.kms.katalon.core.webui.keyword.WebUiBuiltInKeywords.getNumberOfTotalOption(com.kms.katalon.core.testobject.ObjectRepository.findTestObject(Emergency/Page_Store/select_--Select--BA1150BA4110)): 4 options of object 'Object Repository/Emergency/Page_Store/select_--Select--BA1150BA4110' counted

2018-06-10 20:01:34 - [MESSAGE][PASSED] - 4 options of object 'Object Repository/Emergency/Page_Store/select_--Select--BA1150BA4110' counted

2018-06-10 20:01:34 - [TEST_STEP][PASSED] - Statement - out.println("BatchNumber : " + BatchNumber): null

2018-06-10 20:01:34 - [TEST_STEP][PASSED] - Statement - For ([g = 1, g <= BatchNumber - 1, (g++)]): null

2018-06-10 20:01:34 - [TEST_STEP][PASSED] - selectOptionByIndex: All options with index in [1] are selected on object 'Object Repository/Emergency/Page_Store/select_--Select--BA1150BA4110'

2018-06-10 20:01:34 - [MESSAGE][PASSED] - All options with index in [1] are selected on object 'Object Repository/Emergency/Page_Store/select_--Select--BA1150BA4110'

2018-06-10 20:01:34 - [TEST_STEP][PASSED] - delay: Delayed 2 second(s)

2018-06-10 20:01:36 - [MESSAGE][PASSED] - Delayed 2 second(s)

2018-06-10 20:01:36 - [TEST_STEP][PASSED] - Statement - Try: null

2018-06-10 20:01:36 - [TEST_STEP][PASSED] - Statement - StockQty = com.kms.katalon.core.webui.keyword.WebUiBuiltInKeywords.getAttribute(com.kms.katalon.core.testobject.ObjectRepository.findTestObject(Emergency/Page_Store/input_txtprice), "value"): Attribute 'value' of object 'Object Repository/Emergency/Page_Store/input_txtprice' is: '590'

2018-06-10 20:01:36 - [MESSAGE][PASSED] - Attribute 'value' of object 'Object Repository/Emergency/Page_Store/input_txtprice' is: '590'

2018-06-10 20:01:36 - [TEST_STEP][PASSED] - Statement - out.println("Stock QTY : " + StockQty): null

2018-06-10 20:01:36 - [TEST_STEP][PASSED] - delay: Delayed 2 second(s)

2018-06-10 20:01:38 - [MESSAGE][PASSED] - Delayed 2 second(s)

2018-06-10 20:01:38 - [TEST_STEP][PASSED] - Statement - If (java.lang.Integer.valueOf(StockQty) >= java.lang.Integer.valueOf(RequestedQty)): null

2018-06-10 20:01:38 - [TEST_STEP][PASSED] - delay: Delayed 1 second(s)

2018-06-10 20:01:39 - [MESSAGE][PASSED] - Delayed 1 second(s)

2018-06-10 20:01:39 - [TEST_STEP][PASSED] - setText: Text '10' is set on object 'Object Repository/Emergency/Page_Store/input_txtqty'

2018-06-10 20:01:39 - [MESSAGE][PASSED] - Text '10' is set on object 'Object Repository/Emergency/Page_Store/input_txtqty'

2018-06-10 20:01:39 - [TEST_STEP][PASSED] - click: Object: 'Object Repository/Emergency/Page_Store/button_Add' is clicked on

2018-06-10 20:01:39 - [MESSAGE][PASSED] - Object: 'Object Repository/Emergency/Page_Store/button_Add' is clicked on

2018-06-10 20:01:39 - [TEST_STEP][PASSED] - Statement - Break: null

2018-06-10 20:01:39 - [TEST_STEP][PASSED] - selectOptionByIndex: All options with index in [8] are selected on object 'Object Repository/Emergency/Page_Store/select_--Select--Amikacin -500'

2018-06-10 20:01:39 - [MESSAGE][PASSED] - All options with index in [8] are selected on object 'Object Repository/Emergency/Page_Store/select_--Select--Amikacin -500'

2018-06-10 20:01:39 - [TEST_STEP][PASSED] - delay: Delayed 2 second(s)

2018-06-10 20:01:41 - [MESSAGE][PASSED] - Delayed 2 second(s)

2018-06-10 20:01:41 - [TEST_STEP][PASSED] - Statement - RequestedQty = com.kms.katalon.core.webui.keyword.WebUiBuiltInKeywords.getAttribute(com.kms.katalon.core.testobject.ObjectRepository.findTestObject(Emergency/Page_Store/input_txttotal), "value"): Attribute 'value' of object 'Object Repository/Emergency/Page_Store/input_txttotal' is: '10'

2018-06-10 20:01:41 - [MESSAGE][PASSED] - Attribute 'value' of object 'Object Repository/Emergency/Page_Store/input_txttotal' is: '10'

2018-06-10 20:01:41 - [TEST_STEP][PASSED] - Statement - out.println("Requested QTY : " + RequestedQty): null

2018-06-10 20:01:41 - [TEST_STEP][PASSED] - Statement - BatchNumber = com.kms.katalon.core.webui.keyword.WebUiBuiltInKeywords.getNumberOfTotalOption(com.kms.katalon.core.testobject.ObjectRepository.findTestObject(Emergency/Page_Store/select_--Select--BA1150BA4110)): 4 options of object 'Object Repository/Emergency/Page_Store/select_--Select--BA1150BA4110' counted

2018-06-10 20:01:41 - [MESSAGE][PASSED] - 4 options of object 'Object Repository/Emergency/Page_Store/select_--Select--BA1150BA4110' counted

2018-06-10 20:01:41 - [TEST_STEP][PASSED] - Statement - out.println("BatchNumber : " + BatchNumber): null

2018-06-10 20:01:41 - [TEST_STEP][PASSED] - Statement - For ([g = 1, g <= BatchNumber - 1, (g++)]): null

2018-06-10 20:01:41 - [TEST_STEP][PASSED] - selectOptionByIndex: All options with index in [1] are selected on object 'Object Repository/Emergency/Page_Store/select_--Select--BA1150BA4110'

2018-06-10 20:01:41 - [MESSAGE][PASSED] - All options with index in [1] are selected on object 'Object Repository/Emergency/Page_Store/select_--Select--BA1150BA4110'

2018-06-10 20:01:41 - [TEST_STEP][PASSED] - delay: Delayed 2 second(s)

2018-06-10 20:01:43 - [MESSAGE][PASSED] - Delayed 2 second(s)

2018-06-10 20:01:43 - [TEST_STEP][PASSED] - Statement - Try: null

2018-06-10 20:01:43 - [TEST_STEP][PASSED] - Statement - StockQty = com.kms.katalon.core.webui.keyword.WebUiBuiltInKeywords.getAttribute(com.kms.katalon.core.testobject.ObjectRepository.findTestObject(Emergency/Page_Store/input_txtprice), "value"): Attribute 'value' of object 'Object Repository/Emergency/Page_Store/input_txtprice' is: '80'

2018-06-10 20:01:43 - [MESSAGE][PASSED] - Attribute 'value' of object 'Object Repository/Emergency/Page_Store/input_txtprice' is: '80'

2018-06-10 20:01:43 - [TEST_STEP][PASSED] - Statement - out.println("Stock QTY : " + StockQty): null

2018-06-10 20:01:43 - [TEST_STEP][PASSED] - delay: Delayed 2 second(s)

2018-06-10 20:01:45 - [MESSAGE][PASSED] - Delayed 2 second(s)

2018-06-10 20:01:45 - [TEST_STEP][PASSED] - Statement - If (java.lang.Integer.valueOf(StockQty) >= java.lang.Integer.valueOf(RequestedQty)): null

2018-06-10 20:01:45 - [TEST_STEP][PASSED] - delay: Delayed 1 second(s)

2018-06-10 20:01:46 - [MESSAGE][PASSED] - Delayed 1 second(s)

2018-06-10 20:01:46 - [TEST_STEP][PASSED] - setText: Text '10' is set on object 'Object Repository/Emergency/Page_Store/input_txtqty'

2018-06-10 20:01:47 - [MESSAGE][PASSED] - Text '10' is set on object 'Object Repository/Emergency/Page_Store/input_txtqty'

2018-06-10 20:01:47 - [TEST_STEP][PASSED] - click: Object: 'Object Repository/Emergency/Page_Store/button_Add' is clicked on

2018-06-10 20:01:47 - [MESSAGE][PASSED] - Object: 'Object Repository/Emergency/Page_Store/button_Add' is clicked on

2018-06-10 20:01:47 - [TEST_STEP][PASSED] - Statement - Break: null

2018-06-10 20:01:47 - [TEST_STEP][PASSED] - selectOptionByIndex: All options with index in [9] are selected on object 'Object Repository/Emergency/Page_Store/select_--Select--Amikacin -500'

2018-06-10 20:01:47 - [MESSAGE][PASSED] - All options with index in [9] are selected on object 'Object Repository/Emergency/Page_Store/select_--Select--Amikacin -500'

2018-06-10 20:01:47 - [TEST_STEP][PASSED] - delay: Delayed 2 second(s)

2018-06-10 20:01:49 - [MESSAGE][PASSED] - Delayed 2 second(s)

2018-06-10 20:01:49 - [TEST_STEP][PASSED] - Statement - RequestedQty = com.kms.katalon.core.webui.keyword.WebUiBuiltInKeywords.getAttribute(com.kms.katalon.core.testobject.ObjectRepository.findTestObject(Emergency/Page_Store/input_txttotal), "value"): Attribute 'value' of object 'Object Repository/Emergency/Page_Store/input_txttotal' is: '10'

2018-06-10 20:01:49 - [MESSAGE][PASSED] - Attribute 'value' of object 'Object Repository/Emergency/Page_Store/input_txttotal' is: '10'

2018-06-10 20:01:49 - [TEST_STEP][PASSED] - Statement - out.println("Requested QTY : " + RequestedQty): null

2018-06-10 20:01:49 - [TEST_STEP][PASSED] - Statement - BatchNumber = com.kms.katalon.core.webui.keyword.WebUiBuiltInKeywords.getNumberOfTotalOption(com.kms.katalon.core.testobject.ObjectRepository.findTestObject(Emergency/Page_Store/select_--Select--BA1150BA4110)): 3 options of object 'Object Repository/Emergency/Page_Store/select_--Select--BA1150BA4110' counted

2018-06-10 20:01:49 - [MESSAGE][PASSED] - 3 options of object 'Object Repository/Emergency/Page_Store/select_--Select--BA1150BA4110' counted

2018-06-10 20:01:49 - [TEST_STEP][PASSED] - Statement - out.println("BatchNumber : " + BatchNumber): null

2018-06-10 20:01:49 - [TEST_STEP][PASSED] - Statement - For ([g = 1, g <= BatchNumber - 1, (g++)]): null

2018-06-10 20:01:49 - [TEST_STEP][PASSED] - selectOptionByIndex: All options with index in [1] are selected on object 'Object Repository/Emergency/Page_Store/select_--Select--BA1150BA4110'

2018-06-10 20:01:49 - [MESSAGE][PASSED] - All options with index in [1] are selected on object 'Object Repository/Emergency/Page_Store/select_--Select--BA1150BA4110'

2018-06-10 20:01:49 - [TEST_STEP][PASSED] - delay: Delayed 2 second(s)

2018-06-10 20:01:51 - [MESSAGE][PASSED] - Delayed 2 second(s)

2018-06-10 20:01:51 - [TEST_STEP][PASSED] - Statement - Try: null

2018-06-10 20:01:51 - [TEST_STEP][PASSED] - Statement - StockQty = com.kms.katalon.core.webui.keyword.WebUiBuiltInKeywords.getAttribute(com.kms.katalon.core.testobject.ObjectRepository.findTestObject(Emergency/Page_Store/input_txtprice), "value"): Attribute 'value' of object 'Object Repository/Emergency/Page_Store/input_txtprice' is: '950'

2018-06-10 20:01:51 - [MESSAGE][PASSED] - Attribute 'value' of object 'Object Repository/Emergency/Page_Store/input_txtprice' is: '950'

2018-06-10 20:01:51 - [TEST_STEP][PASSED] - Statement - out.println("Stock QTY : " + StockQty): null

2018-06-10 20:01:51 - [TEST_STEP][PASSED] - delay: Delayed 2 second(s)

2018-06-10 20:01:53 - [MESSAGE][PASSED] - Delayed 2 second(s)

2018-06-10 20:01:53 - [TEST_STEP][PASSED] - Statement - If (java.lang.Integer.valueOf(StockQty) >= java.lang.Integer.valueOf(RequestedQty)): null

2018-06-10 20:01:53 - [TEST_STEP][PASSED] - delay: Delayed 1 second(s)

2018-06-10 20:01:54 - [MESSAGE][PASSED] - Delayed 1 second(s)

2018-06-10 20:01:54 - [TEST_STEP][PASSED] - setText: Text '10' is set on object 'Object Repository/Emergency/Page_Store/input_txtqty'

2018-06-10 20:01:54 - [MESSAGE][PASSED] - Text '10' is set on object 'Object Repository/Emergency/Page_Store/input_txtqty'

2018-06-10 20:01:54 - [TEST_STEP][PASSED] - click: Object: 'Object Repository/Emergency/Page_Store/button_Add' is clicked on

2018-06-10 20:01:54 - [MESSAGE][PASSED] - Object: 'Object Repository/Emergency/Page_Store/button_Add' is clicked on

2018-06-10 20:01:54 - [TEST_STEP][PASSED] - Statement - Break: null

2018-06-10 20:01:54 - [TEST_STEP][PASSED] - selectOptionByIndex: All options with index in [10] are selected on object 'Object Repository/Emergency/Page_Store/select_--Select--Amikacin -500'

2018-06-10 20:01:54 - [MESSAGE][PASSED] - All options with index in [10] are selected on object 'Object Repository/Emergency/Page_Store/select_--Select--Amikacin -500'

2018-06-10 20:01:54 - [TEST_STEP][PASSED] - delay: Delayed 2 second(s)

2018-06-10 20:01:56 - [MESSAGE][PASSED] - Delayed 2 second(s)

2018-06-10 20:01:56 - [TEST_STEP][PASSED] - Statement - RequestedQty = com.kms.katalon.core.webui.keyword.WebUiBuiltInKeywords.getAttribute(com.kms.katalon.core.testobject.ObjectRepository.findTestObject(Emergency/Page_Store/input_txttotal), "value"): Attribute 'value' of object 'Object Repository/Emergency/Page_Store/input_txttotal' is: '10'

2018-06-10 20:01:56 - [MESSAGE][PASSED] - Attribute 'value' of object 'Object Repository/Emergency/Page_Store/input_txttotal' is: '10'

2018-06-10 20:01:56 - [TEST_STEP][PASSED] - Statement - out.println("Requested QTY : " + RequestedQty): null

2018-06-10 20:01:56 - [TEST_STEP][PASSED] - Statement - BatchNumber = com.kms.katalon.core.webui.keyword.WebUiBuiltInKeywords.getNumberOfTotalOption(com.kms.katalon.core.testobject.ObjectRepository.findTestObject(Emergency/Page_Store/select_--Select--BA1150BA4110)): 5 options of object 'Object Repository/Emergency/Page_Store/select_--Select--BA1150BA4110' counted

2018-06-10 20:01:56 - [MESSAGE][PASSED] - 5 options of object 'Object Repository/Emergency/Page_Store/select_--Select--BA1150BA4110' counted

2018-06-10 20:01:56 - [TEST_STEP][PASSED] - Statement - out.println("BatchNumber : " + BatchNumber): null

2018-06-10 20:01:56 - [TEST_STEP][PASSED] - Statement - For ([g = 1, g <= BatchNumber - 1, (g++)]): null

2018-06-10 20:01:56 - [TEST_STEP][PASSED] - selectOptionByIndex: All options with index in [1] are selected on object 'Object Repository/Emergency/Page_Store/select_--Select--BA1150BA4110'

2018-06-10 20:01:57 - [MESSAGE][PASSED] - All options with index in [1] are selected on object 'Object Repository/Emergency/Page_Store/select_--Select--BA1150BA4110'

2018-06-10 20:01:57 - [TEST_STEP][PASSED] - delay: Delayed 2 second(s)

2018-06-10 20:01:59 - [MESSAGE][PASSED] - Delayed 2 second(s)

2018-06-10 20:01:59 - [TEST_STEP][PASSED] - Statement - Try: null

2018-06-10 20:01:59 - [TEST_STEP][PASSED] - Statement - StockQty = com.kms.katalon.core.webui.keyword.WebUiBuiltInKeywords.getAttribute(com.kms.katalon.core.testobject.ObjectRepository.findTestObject(Emergency/Page_Store/input_txtprice), "value"): Attribute 'value' of object 'Object Repository/Emergency/Page_Store/input_txtprice' is: '230'

2018-06-10 20:01:59 - [MESSAGE][PASSED] - Attribute 'value' of object 'Object Repository/Emergency/Page_Store/input_txtprice' is: '230'

2018-06-10 20:01:59 - [TEST_STEP][PASSED] - Statement - out.println("Stock QTY : " + StockQty): null

2018-06-10 20:01:59 - [TEST_STEP][PASSED] - delay: Delayed 2 second(s)

2018-06-10 20:02:01 - [MESSAGE][PASSED] - Delayed 2 second(s)

2018-06-10 20:02:01 - [TEST_STEP][PASSED] - Statement - If (java.lang.Integer.valueOf(StockQty) >= java.lang.Integer.valueOf(RequestedQty)): null

2018-06-10 20:02:01 - [TEST_STEP][PASSED] - delay: Delayed 1 second(s)

2018-06-10 20:02:02 - [MESSAGE][PASSED] - Delayed 1 second(s)

2018-06-10 20:02:02 - [TEST_STEP][PASSED] - setText: Text '10' is set on object 'Object Repository/Emergency/Page_Store/input_txtqty'

2018-06-10 20:02:02 - [MESSAGE][PASSED] - Text '10' is set on object 'Object Repository/Emergency/Page_Store/input_txtqty'

2018-06-10 20:02:02 - [TEST_STEP][PASSED] - click: Object: 'Object Repository/Emergency/Page_Store/button_Add' is clicked on

2018-06-10 20:02:02 - [MESSAGE][PASSED] - Object: 'Object Repository/Emergency/Page_Store/button_Add' is clicked on

2018-06-10 20:02:02 - [TEST_STEP][PASSED] - Statement - Break: null

2018-06-10 20:02:02 - [TEST_STEP][PASSED] - selectOptionByIndex: All options with index in [11] are selected on object 'Object Repository/Emergency/Page_Store/select_--Select--Amikacin -500'

2018-06-10 20:02:02 - [MESSAGE][PASSED] - All options with index in [11] are selected on object 'Object Repository/Emergency/Page_Store/select_--Select--Amikacin -500'

2018-06-10 20:02:02 - [TEST_STEP][PASSED] - delay: Delayed 2 second(s)

2018-06-10 20:02:04 - [MESSAGE][PASSED] - Delayed 2 second(s)

2018-06-10 20:02:04 - [TEST_STEP][PASSED] - Statement - RequestedQty = com.kms.katalon.core.webui.keyword.WebUiBuiltInKeywords.getAttribute(com.kms.katalon.core.testobject.ObjectRepository.findTestObject(Emergency/Page_Store/input_txttotal), "value"): Attribute 'value' of object 'Object Repository/Emergency/Page_Store/input_txttotal' is: '10'

2018-06-10 20:02:04 - [MESSAGE][PASSED] - Attribute 'value' of object 'Object Repository/Emergency/Page_Store/input_txttotal' is: '10'

2018-06-10 20:02:04 - [TEST_STEP][PASSED] - Statement - out.println("Requested QTY : " + RequestedQty): null

2018-06-10 20:02:04 - [TEST_STEP][PASSED] - Statement - BatchNumber = com.kms.katalon.core.webui.keyword.WebUiBuiltInKeywords.getNumberOfTotalOption(com.kms.katalon.core.testobject.ObjectRepository.findTestObject(Emergency/Page_Store/select_--Select--BA1150BA4110)): 3 options of object 'Object Repository/Emergency/Page_Store/select_--Select--BA1150BA4110' counted

2018-06-10 20:02:04 - [MESSAGE][PASSED] - 3 options of object 'Object Repository/Emergency/Page_Store/select_--Select--BA1150BA4110' counted

2018-06-10 20:02:04 - [TEST_STEP][PASSED] - Statement - out.println("BatchNumber : " + BatchNumber): null

2018-06-10 20:02:04 - [TEST_STEP][PASSED] - Statement - For ([g = 1, g <= BatchNumber - 1, (g++)]): null

2018-06-10 20:02:04 - [TEST_STEP][PASSED] - selectOptionByIndex: All options with index in [1] are selected on object 'Object Repository/Emergency/Page_Store/select_--Select--BA1150BA4110'

2018-06-10 20:02:04 - [MESSAGE][PASSED] - All options with index in [1] are selected on object 'Object Repository/Emergency/Page_Store/select_--Select--BA1150BA4110'

2018-06-10 20:02:04 - [TEST_STEP][PASSED] - delay: Delayed 2 second(s)

2018-06-10 20:02:06 - [MESSAGE][PASSED] - Delayed 2 second(s)

2018-06-10 20:02:06 - [TEST_STEP][PASSED] - Statement - Try: null

2018-06-10 20:02:06 - [TEST_STEP][PASSED] - Statement - StockQty = com.kms.katalon.core.webui.keyword.WebUiBuiltInKeywords.getAttribute(com.kms.katalon.core.testobject.ObjectRepository.findTestObject(Emergency/Page_Store/input_txtprice), "value"): Attribute 'value' of object 'Object Repository/Emergency/Page_Store/input_txtprice' is: '950'

2018-06-10 20:02:06 - [MESSAGE][PASSED] - Attribute 'value' of object 'Object Repository/Emergency/Page_Store/input_txtprice' is: '950'

2018-06-10 20:02:06 - [TEST_STEP][PASSED] - Statement - out.println("Stock QTY : " + StockQty): null

2018-06-10 20:02:06 - [TEST_STEP][PASSED] - delay: Delayed 2 second(s)

2018-06-10 20:02:08 - [MESSAGE][PASSED] - Delayed 2 second(s)

2018-06-10 20:02:08 - [TEST_STEP][PASSED] - Statement - If (java.lang.Integer.valueOf(StockQty) >= java.lang.Integer.valueOf(RequestedQty)): null

2018-06-10 20:02:08 - [TEST_STEP][PASSED] - delay: Delayed 1 second(s)

2018-06-10 20:02:09 - [MESSAGE][PASSED] - Delayed 1 second(s)

2018-06-10 20:02:09 - [TEST_STEP][PASSED] - setText: Text '10' is set on object 'Object Repository/Emergency/Page_Store/input_txtqty'

2018-06-10 20:02:09 - [MESSAGE][PASSED] - Text '10' is set on object 'Object Repository/Emergency/Page_Store/input_txtqty'

2018-06-10 20:02:09 - [TEST_STEP][PASSED] - click: Object: 'Object Repository/Emergency/Page_Store/button_Add' is clicked on

2018-06-10 20:02:09 - [MESSAGE][PASSED] - Object: 'Object Repository/Emergency/Page_Store/button_Add' is clicked on

2018-06-10 20:02:09 - [TEST_STEP][PASSED] - Statement - Break: null

2018-06-10 20:02:09 - [TEST_STEP][PASSED] - selectOptionByIndex: All options with index in [12] are selected on object 'Object Repository/Emergency/Page_Store/select_--Select--Amikacin -500'

2018-06-10 20:02:10 - [MESSAGE][PASSED] - All options with index in [12] are selected on object 'Object Repository/Emergency/Page_Store/select_--Select--Amikacin -500'

2018-06-10 20:02:10 - [TEST_STEP][PASSED] - delay: Delayed 2 second(s)

2018-06-10 20:02:12 - [MESSAGE][PASSED] - Delayed 2 second(s)

2018-06-10 20:02:12 - [TEST_STEP][PASSED] - Statement - RequestedQty = com.kms.katalon.core.webui.keyword.WebUiBuiltInKeywords.getAttribute(com.kms.katalon.core.testobject.ObjectRepository.findTestObject(Emergency/Page_Store/input_txttotal), "value"): Attribute 'value' of object 'Object Repository/Emergency/Page_Store/input_txttotal' is: '10'

2018-06-10 20:02:12 - [MESSAGE][PASSED] - Attribute 'value' of object 'Object Repository/Emergency/Page_Store/input_txttotal' is: '10'

2018-06-10 20:02:12 - [TEST_STEP][PASSED] - Statement - out.println("Requested QTY : " + RequestedQty): null

2018-06-10 20:02:12 - [TEST_STEP][PASSED] - Statement - BatchNumber = com.kms.katalon.core.webui.keyword.WebUiBuiltInKeywords.getNumberOfTotalOption(com.kms.katalon.core.testobject.ObjectRepository.findTestObject(Emergency/Page_Store/select_--Select--BA1150BA4110)): 3 options of object 'Object Repository/Emergency/Page_Store/select_--Select--BA1150BA4110' counted

2018-06-10 20:02:12 - [MESSAGE][PASSED] - 3 options of object 'Object Repository/Emergency/Page_Store/select_--Select--BA1150BA4110' counted

2018-06-10 20:02:12 - [TEST_STEP][PASSED] - Statement - out.println("BatchNumber : " + BatchNumber): null

2018-06-10 20:02:12 - [TEST_STEP][PASSED] - Statement - For ([g = 1, g <= BatchNumber - 1, (g++)]): null

2018-06-10 20:02:12 - [TEST_STEP][PASSED] - selectOptionByIndex: All options with index in [1] are selected on object 'Object Repository/Emergency/Page_Store/select_--Select--BA1150BA4110'

2018-06-10 20:02:12 - [MESSAGE][PASSED] - All options with index in [1] are selected on object 'Object Repository/Emergency/Page_Store/select_--Select--BA1150BA4110'

2018-06-10 20:02:12 - [TEST_STEP][PASSED] - delay: Delayed 2 second(s)

2018-06-10 20:02:14 - [MESSAGE][PASSED] - Delayed 2 second(s)

2018-06-10 20:02:14 - [TEST_STEP][PASSED] - Statement - Try: null

2018-06-10 20:02:14 - [TEST_STEP][PASSED] - Statement - StockQty = com.kms.katalon.core.webui.keyword.WebUiBuiltInKeywords.getAttribute(com.kms.katalon.core.testobject.ObjectRepository.findTestObject(Emergency/Page_Store/input_txtprice), "value"): Attribute 'value' of object 'Object Repository/Emergency/Page_Store/input_txtprice' is: '230'

2018-06-10 20:02:14 - [MESSAGE][PASSED] - Attribute 'value' of object 'Object Repository/Emergency/Page_Store/input_txtprice' is: '230'

2018-06-10 20:02:14 - [TEST_STEP][PASSED] - Statement - out.println("Stock QTY : " + StockQty): null

2018-06-10 20:02:14 - [TEST_STEP][PASSED] - delay: Delayed 2 second(s)

2018-06-10 20:02:16 - [MESSAGE][PASSED] - Delayed 2 second(s)

2018-06-10 20:02:16 - [TEST_STEP][PASSED] - Statement - If (java.lang.Integer.valueOf(StockQty) >= java.lang.Integer.valueOf(RequestedQty)): null

2018-06-10 20:02:16 - [TEST_STEP][PASSED] - delay: Delayed 1 second(s)

2018-06-10 20:02:17 - [MESSAGE][PASSED] - Delayed 1 second(s)

2018-06-10 20:02:17 - [TEST_STEP][PASSED] - setText: Text '10' is set on object 'Object Repository/Emergency/Page_Store/input_txtqty'

2018-06-10 20:02:17 - [MESSAGE][PASSED] - Text '10' is set on object 'Object Repository/Emergency/Page_Store/input_txtqty'

2018-06-10 20:02:17 - [TEST_STEP][PASSED] - click: Object: 'Object Repository/Emergency/Page_Store/button_Add' is clicked on

2018-06-10 20:02:17 - [MESSAGE][PASSED] - Object: 'Object Repository/Emergency/Page_Store/button_Add' is clicked on

2018-06-10 20:02:17 - [TEST_STEP][PASSED] - Statement - Break: null

2018-06-10 20:02:17 - [TEST_STEP][PASSED] - selectOptionByIndex: All options with index in [13] are selected on object 'Object Repository/Emergency/Page_Store/select_--Select--Amikacin -500'

2018-06-10 20:02:17 - [MESSAGE][PASSED] - All options with index in [13] are selected on object 'Object Repository/Emergency/Page_Store/select_--Select--Amikacin -500'

2018-06-10 20:02:17 - [TEST_STEP][PASSED] - delay: Delayed 2 second(s)

2018-06-10 20:02:19 - [MESSAGE][PASSED] - Delayed 2 second(s)

2018-06-10 20:02:19 - [TEST_STEP][PASSED] - Statement - RequestedQty = com.kms.katalon.core.webui.keyword.WebUiBuiltInKeywords.getAttribute(com.kms.katalon.core.testobject.ObjectRepository.findTestObject(Emergency/Page_Store/input_txttotal), "value"): Attribute 'value' of object 'Object Repository/Emergency/Page_Store/input_txttotal' is: '10'

2018-06-10 20:02:19 - [MESSAGE][PASSED] - Attribute 'value' of object 'Object Repository/Emergency/Page_Store/input_txttotal' is: '10'

2018-06-10 20:02:19 - [TEST_STEP][PASSED] - Statement - out.println("Requested QTY : " + RequestedQty): null

2018-06-10 20:02:19 - [TEST_STEP][PASSED] - Statement - BatchNumber = com.kms.katalon.core.webui.keyword.WebUiBuiltInKeywords.getNumberOfTotalOption(com.kms.katalon.core.testobject.ObjectRepository.findTestObject(Emergency/Page_Store/select_--Select--BA1150BA4110)): 3 options of object 'Object Repository/Emergency/Page_Store/select_--Select--BA1150BA4110' counted

2018-06-10 20:02:19 - [MESSAGE][PASSED] - 3 options of object 'Object Repository/Emergency/Page_Store/select_--Select--BA1150BA4110' counted

2018-06-10 20:02:19 - [TEST_STEP][PASSED] - Statement - out.println("BatchNumber : " + BatchNumber): null

2018-06-10 20:02:19 - [TEST_STEP][PASSED] - Statement - For ([g = 1, g <= BatchNumber - 1, (g++)]): null

2018-06-10 20:02:19 - [TEST_STEP][PASSED] - selectOptionByIndex: All options with index in [1] are selected on object 'Object Repository/Emergency/Page_Store/select_--Select--BA1150BA4110'

2018-06-10 20:02:20 - [MESSAGE][PASSED] - All options with index in [1] are selected on object 'Object Repository/Emergency/Page_Store/select_--Select--BA1150BA4110'

2018-06-10 20:02:20 - [TEST_STEP][PASSED] - delay: Delayed 2 second(s)

2018-06-10 20:02:22 - [MESSAGE][PASSED] - Delayed 2 second(s)

2018-06-10 20:02:22 - [TEST_STEP][PASSED] - Statement - Try: null

2018-06-10 20:02:22 - [TEST_STEP][PASSED] - Statement - StockQty = com.kms.katalon.core.webui.keyword.WebUiBuiltInKeywords.getAttribute(com.kms.katalon.core.testobject.ObjectRepository.findTestObject(Emergency/Page_Store/input_txtprice), "value"): Attribute 'value' of object 'Object Repository/Emergency/Page_Store/input_txtprice' is: '940'

2018-06-10 20:02:22 - [MESSAGE][PASSED] - Attribute 'value' of object 'Object Repository/Emergency/Page_Store/input_txtprice' is: '940'

2018-06-10 20:02:22 - [TEST_STEP][PASSED] - Statement - out.println("Stock QTY : " + StockQty): null

2018-06-10 20:02:22 - [TEST_STEP][PASSED] - delay: Delayed 2 second(s)

2018-06-10 20:02:24 - [MESSAGE][PASSED] - Delayed 2 second(s)

2018-06-10 20:02:24 - [TEST_STEP][PASSED] - Statement - If (java.lang.Integer.valueOf(StockQty) >= java.lang.Integer.valueOf(RequestedQty)): null

2018-06-10 20:02:24 - [TEST_STEP][PASSED] - delay: Delayed 1 second(s)

2018-06-10 20:02:25 - [MESSAGE][PASSED] - Delayed 1 second(s)

2018-06-10 20:02:25 - [TEST_STEP][PASSED] - setText: Text '10' is set on object 'Object Repository/Emergency/Page_Store/input_txtqty'

2018-06-10 20:02:25 - [MESSAGE][PASSED] - Text '10' is set on object 'Object Repository/Emergency/Page_Store/input_txtqty'

2018-06-10 20:02:25 - [TEST_STEP][PASSED] - click: Object: 'Object Repository/Emergency/Page_Store/button_Add' is clicked on

2018-06-10 20:02:25 - [MESSAGE][PASSED] - Object: 'Object Repository/Emergency/Page_Store/button_Add' is clicked on

2018-06-10 20:02:25 - [TEST_STEP][PASSED] - Statement - Break: null

2018-06-10 20:02:25 - [TEST_STEP][PASSED] - selectOptionByIndex: All options with index in [14] are selected on object 'Object Repository/Emergency/Page_Store/select_--Select--Amikacin -500'

2018-06-10 20:02:25 - [MESSAGE][PASSED] - All options with index in [14] are selected on object 'Object Repository/Emergency/Page_Store/select_--Select--Amikacin -500'

2018-06-10 20:02:25 - [TEST_STEP][PASSED] - delay: Delayed 2 second(s)

2018-06-10 20:02:27 - [MESSAGE][PASSED] - Delayed 2 second(s)

2018-06-10 20:02:27 - [TEST_STEP][PASSED] - Statement - RequestedQty = com.kms.katalon.core.webui.keyword.WebUiBuiltInKeywords.getAttribute(com.kms.katalon.core.testobject.ObjectRepository.findTestObject(Emergency/Page_Store/input_txttotal), "value"): Attribute 'value' of object 'Object Repository/Emergency/Page_Store/input_txttotal' is: '10'

2018-06-10 20:02:27 - [MESSAGE][PASSED] - Attribute 'value' of object 'Object Repository/Emergency/Page_Store/input_txttotal' is: '10'

2018-06-10 20:02:27 - [TEST_STEP][PASSED] - Statement - out.println("Requested QTY : " + RequestedQty): null

2018-06-10 20:02:27 - [TEST_STEP][PASSED] - Statement - BatchNumber = com.kms.katalon.core.webui.keyword.WebUiBuiltInKeywords.getNumberOfTotalOption(com.kms.katalon.core.testobject.ObjectRepository.findTestObject(Emergency/Page_Store/select_--Select--BA1150BA4110)): 3 options of object 'Object Repository/Emergency/Page_Store/select_--Select--BA1150BA4110' counted

2018-06-10 20:02:27 - [MESSAGE][PASSED] - 3 options of object 'Object Repository/Emergency/Page_Store/select_--Select--BA1150BA4110' counted

2018-06-10 20:02:27 - [TEST_STEP][PASSED] - Statement - out.println("BatchNumber : " + BatchNumber): null

2018-06-10 20:02:27 - [TEST_STEP][PASSED] - Statement - For ([g = 1, g <= BatchNumber - 1, (g++)]): null

2018-06-10 20:02:27 - [TEST_STEP][PASSED] - selectOptionByIndex: All options with index in [1] are selected on object 'Object Repository/Emergency/Page_Store/select_--Select--BA1150BA4110'

2018-06-10 20:02:27 - [MESSAGE][PASSED] - All options with index in [1] are selected on object 'Object Repository/Emergency/Page_Store/select_--Select--BA1150BA4110'

2018-06-10 20:02:27 - [TEST_STEP][PASSED] - delay: Delayed 2 second(s)

2018-06-10 20:02:29 - [MESSAGE][PASSED] - Delayed 2 second(s)

2018-06-10 20:02:29 - [TEST_STEP][PASSED] - Statement - Try: null

2018-06-10 20:02:29 - [TEST_STEP][PASSED] - Statement - StockQty = com.kms.katalon.core.webui.keyword.WebUiBuiltInKeywords.getAttribute(com.kms.katalon.core.testobject.ObjectRepository.findTestObject(Emergency/Page_Store/input_txtprice), "value"): Attribute 'value' of object 'Object Repository/Emergency/Page_Store/input_txtprice' is: '540'

2018-06-10 20:02:29 - [MESSAGE][PASSED] - Attribute 'value' of object 'Object Repository/Emergency/Page_Store/input_txtprice' is: '540'

2018-06-10 20:02:29 - [TEST_STEP][PASSED] - Statement - out.println("Stock QTY : " + StockQty): null

2018-06-10 20:02:29 - [TEST_STEP][PASSED] - delay: Delayed 2 second(s)

2018-06-10 20:02:31 - [MESSAGE][PASSED] - Delayed 2 second(s)

2018-06-10 20:02:31 - [TEST_STEP][PASSED] - Statement - If (java.lang.Integer.valueOf(StockQty) >= java.lang.Integer.valueOf(RequestedQty)): null

2018-06-10 20:02:31 - [TEST_STEP][PASSED] - delay: Delayed 1 second(s)

2018-06-10 20:02:32 - [MESSAGE][PASSED] - Delayed 1 second(s)

2018-06-10 20:02:32 - [TEST_STEP][PASSED] - setText: Text '10' is set on object 'Object Repository/Emergency/Page_Store/input_txtqty'

2018-06-10 20:02:32 - [MESSAGE][PASSED] - Text '10' is set on object 'Object Repository/Emergency/Page_Store/input_txtqty'

2018-06-10 20:02:32 - [TEST_STEP][PASSED] - click: Object: 'Object Repository/Emergency/Page_Store/button_Add' is clicked on

2018-06-10 20:02:32 - [MESSAGE][PASSED] - Object: 'Object Repository/Emergency/Page_Store/button_Add' is clicked on

2018-06-10 20:02:32 - [TEST_STEP][PASSED] - Statement - Break: null

2018-06-10 20:02:32 - [TEST_STEP][PASSED] - selectOptionByIndex: All options with index in [15] are selected on object 'Object Repository/Emergency/Page_Store/select_--Select--Amikacin -500'

2018-06-10 20:02:33 - [MESSAGE][PASSED] - All options with index in [15] are selected on object 'Object Repository/Emergency/Page_Store/select_--Select--Amikacin -500'

2018-06-10 20:02:33 - [TEST_STEP][PASSED] - delay: Delayed 2 second(s)

2018-06-10 20:02:35 - [MESSAGE][PASSED] - Delayed 2 second(s)

2018-06-10 20:02:35 - [TEST_STEP][PASSED] - Statement - RequestedQty = com.kms.katalon.core.webui.keyword.WebUiBuiltInKeywords.getAttribute(com.kms.katalon.core.testobject.ObjectRepository.findTestObject(Emergency/Page_Store/input_txttotal), "value"): Attribute 'value' of object 'Object Repository/Emergency/Page_Store/input_txttotal' is: '10'

2018-06-10 20:02:35 - [MESSAGE][PASSED] - Attribute 'value' of object 'Object Repository/Emergency/Page_Store/input_txttotal' is: '10'

2018-06-10 20:02:35 - [TEST_STEP][PASSED] - Statement - out.println("Requested QTY : " + RequestedQty): null

2018-06-10 20:02:35 - [TEST_STEP][PASSED] - Statement - BatchNumber = com.kms.katalon.core.webui.keyword.WebUiBuiltInKeywords.getNumberOfTotalOption(com.kms.katalon.core.testobject.ObjectRepository.findTestObject(Emergency/Page_Store/select_--Select--BA1150BA4110)): 3 options of object 'Object Repository/Emergency/Page_Store/select_--Select--BA1150BA4110' counted

2018-06-10 20:02:35 - [MESSAGE][PASSED] - 3 options of object 'Object Repository/Emergency/Page_Store/select_--Select--BA1150BA4110' counted

2018-06-10 20:02:35 - [TEST_STEP][PASSED] - Statement - out.println("BatchNumber : " + BatchNumber): null

2018-06-10 20:02:35 - [TEST_STEP][PASSED] - Statement - For ([g = 1, g <= BatchNumber - 1, (g++)]): null

2018-06-10 20:02:35 - [TEST_STEP][PASSED] - selectOptionByIndex: All options with index in [1] are selected on object 'Object Repository/Emergency/Page_Store/select_--Select--BA1150BA4110'

2018-06-10 20:02:35 - [MESSAGE][PASSED] - All options with index in [1] are selected on object 'Object Repository/Emergency/Page_Store/select_--Select--BA1150BA4110'

2018-06-10 20:02:35 - [TEST_STEP][PASSED] - delay: Delayed 2 second(s)

2018-06-10 20:02:37 - [MESSAGE][PASSED] - Delayed 2 second(s)

2018-06-10 20:02:37 - [TEST_STEP][PASSED] - Statement - Try: null

2018-06-10 20:02:37 - [TEST_STEP][PASSED] - Statement - StockQty = com.kms.katalon.core.webui.keyword.WebUiBuiltInKeywords.getAttribute(com.kms.katalon.core.testobject.ObjectRepository.findTestObject(Emergency/Page_Store/input_txtprice), "value"): Attribute 'value' of object 'Object Repository/Emergency/Page_Store/input_txtprice' is: '80'

2018-06-10 20:02:37 - [MESSAGE][PASSED] - Attribute 'value' of object 'Object Repository/Emergency/Page_Store/input_txtprice' is: '80'

2018-06-10 20:02:37 - [TEST_STEP][PASSED] - Statement - out.println("Stock QTY : " + StockQty): null

2018-06-10 20:02:37 - [TEST_STEP][PASSED] - delay: Delayed 2 second(s)

2018-06-10 20:02:39 - [MESSAGE][PASSED] - Delayed 2 second(s)

2018-06-10 20:02:39 - [TEST_STEP][PASSED] - Statement - If (java.lang.Integer.valueOf(StockQty) >= java.lang.Integer.valueOf(RequestedQty)): null

2018-06-10 20:02:39 - [TEST_STEP][PASSED] - delay: Delayed 1 second(s)

2018-06-10 20:02:40 - [MESSAGE][PASSED] - Delayed 1 second(s)

2018-06-10 20:02:40 - [TEST_STEP][PASSED] - setText: Text '10' is set on object 'Object Repository/Emergency/Page_Store/input_txtqty'

2018-06-10 20:02:40 - [MESSAGE][PASSED] - Text '10' is set on object 'Object Repository/Emergency/Page_Store/input_txtqty'

2018-06-10 20:02:40 - [TEST_STEP][PASSED] - click: Object: 'Object Repository/Emergency/Page_Store/button_Add' is clicked on

2018-06-10 20:02:40 - [MESSAGE][PASSED] - Object: 'Object Repository/Emergency/Page_Store/button_Add' is clicked on

2018-06-10 20:02:40 - [TEST_STEP][PASSED] - Statement - Break: null

2018-06-10 20:02:40 - [TEST_STEP][PASSED] - selectOptionByIndex: All options with index in [16] are selected on object 'Object Repository/Emergency/Page_Store/select_--Select--Amikacin -500'

2018-06-10 20:02:40 - [MESSAGE][PASSED] - All options with index in [16] are selected on object 'Object Repository/Emergency/Page_Store/select_--Select--Amikacin -500'

2018-06-10 20:02:40 - [TEST_STEP][PASSED] - delay: Delayed 2 second(s)

2018-06-10 20:02:42 - [MESSAGE][PASSED] - Delayed 2 second(s)

2018-06-10 20:02:42 - [TEST_STEP][PASSED] - Statement - RequestedQty = com.kms.katalon.core.webui.keyword.WebUiBuiltInKeywords.getAttribute(com.kms.katalon.core.testobject.ObjectRepository.findTestObject(Emergency/Page_Store/input_txttotal), "value"): Attribute 'value' of object 'Object Repository/Emergency/Page_Store/input_txttotal' is: '10'

2018-06-10 20:02:42 - [MESSAGE][PASSED] - Attribute 'value' of object 'Object Repository/Emergency/Page_Store/input_txttotal' is: '10'

2018-06-10 20:02:42 - [TEST_STEP][PASSED] - Statement - out.println("Requested QTY : " + RequestedQty): null

2018-06-10 20:02:42 - [TEST_STEP][PASSED] - Statement - BatchNumber = com.kms.katalon.core.webui.keyword.WebUiBuiltInKeywords.getNumberOfTotalOption(com.kms.katalon.core.testobject.ObjectRepository.findTestObject(Emergency/Page_Store/select_--Select--BA1150BA4110)): 5 options of object 'Object Repository/Emergency/Page_Store/select_--Select--BA1150BA4110' counted

2018-06-10 20:02:42 - [MESSAGE][PASSED] - 5 options of object 'Object Repository/Emergency/Page_Store/select_--Select--BA1150BA4110' counted

2018-06-10 20:02:42 - [TEST_STEP][PASSED] - Statement - out.println("BatchNumber : " + BatchNumber): null

2018-06-10 20:02:42 - [TEST_STEP][PASSED] - Statement - For ([g = 1, g <= BatchNumber - 1, (g++)]): null

2018-06-10 20:02:42 - [TEST_STEP][PASSED] - selectOptionByIndex: All options with index in [1] are selected on object 'Object Repository/Emergency/Page_Store/select_--Select--BA1150BA4110'

2018-06-10 20:02:43 - [MESSAGE][PASSED] - All options with index in [1] are selected on object 'Object Repository/Emergency/Page_Store/select_--Select--BA1150BA4110'

2018-06-10 20:02:43 - [TEST_STEP][PASSED] - delay: Delayed 2 second(s)

2018-06-10 20:02:45 - [MESSAGE][PASSED] - Delayed 2 second(s)

2018-06-10 20:02:45 - [TEST_STEP][PASSED] - Statement - Try: null

2018-06-10 20:02:45 - [TEST_STEP][PASSED] - Statement - StockQty = com.kms.katalon.core.webui.keyword.WebUiBuiltInKeywords.getAttribute(com.kms.katalon.core.testobject.ObjectRepository.findTestObject(Emergency/Page_Store/input_txtprice), "value"): Attribute 'value' of object 'Object Repository/Emergency/Page_Store/input_txtprice' is: '80'

2018-06-10 20:02:45 - [MESSAGE][PASSED] - Attribute 'value' of object 'Object Repository/Emergency/Page_Store/input_txtprice' is: '80'

2018-06-10 20:02:45 - [TEST_STEP][PASSED] - Statement - out.println("Stock QTY : " + StockQty): null

2018-06-10 20:02:45 - [TEST_STEP][PASSED] - delay: Delayed 2 second(s)

2018-06-10 20:02:47 - [MESSAGE][PASSED] - Delayed 2 second(s)

2018-06-10 20:02:47 - [TEST_STEP][PASSED] - Statement - If (java.lang.Integer.valueOf(StockQty) >= java.lang.Integer.valueOf(RequestedQty)): null

2018-06-10 20:02:47 - [TEST_STEP][PASSED] - delay: Delayed 1 second(s)

2018-06-10 20:02:48 - [MESSAGE][PASSED] - Delayed 1 second(s)

2018-06-10 20:02:48 - [TEST_STEP][PASSED] - setText: Text '10' is set on object 'Object Repository/Emergency/Page_Store/input_txtqty'

2018-06-10 20:02:48 - [MESSAGE][PASSED] - Text '10' is set on object 'Object Repository/Emergency/Page_Store/input_txtqty'

2018-06-10 20:02:48 - [TEST_STEP][PASSED] - click: Object: 'Object Repository/Emergency/Page_Store/button_Add' is clicked on

2018-06-10 20:02:48 - [MESSAGE][PASSED] - Object: 'Object Repository/Emergency/Page_Store/button_Add' is clicked on

2018-06-10 20:02:48 - [TEST_STEP][PASSED] - Statement - Break: null

2018-06-10 20:02:48 - [TEST_STEP][PASSED] - selectOptionByIndex: All options with index in [17] are selected on object 'Object Repository/Emergency/Page_Store/select_--Select--Amikacin -500'

2018-06-10 20:02:48 - [MESSAGE][PASSED] - All options with index in [17] are selected on object 'Object Repository/Emergency/Page_Store/select_--Select--Amikacin -500'

2018-06-10 20:02:48 - [TEST_STEP][PASSED] - delay: Delayed 2 second(s)

2018-06-10 20:02:50 - [MESSAGE][PASSED] - Delayed 2 second(s)

2018-06-10 20:02:50 - [TEST_STEP][PASSED] - Statement - RequestedQty = com.kms.katalon.core.webui.keyword.WebUiBuiltInKeywords.getAttribute(com.kms.katalon.core.testobject.ObjectRepository.findTestObject(Emergency/Page_Store/input_txttotal), "value"): Attribute 'value' of object 'Object Repository/Emergency/Page_Store/input_txttotal' is: '10'

2018-06-10 20:02:50 - [MESSAGE][PASSED] - Attribute 'value' of object 'Object Repository/Emergency/Page_Store/input_txttotal' is: '10'

2018-06-10 20:02:50 - [TEST_STEP][PASSED] - Statement - out.println("Requested QTY : " + RequestedQty): null

2018-06-10 20:02:50 - [TEST_STEP][PASSED] - Statement - BatchNumber = com.kms.katalon.core.webui.keyword.WebUiBuiltInKeywords.getNumberOfTotalOption(com.kms.katalon.core.testobject.ObjectRepository.findTestObject(Emergency/Page_Store/select_--Select--BA1150BA4110)): 3 options of object 'Object Repository/Emergency/Page_Store/select_--Select--BA1150BA4110' counted

2018-06-10 20:02:50 - [MESSAGE][PASSED] - 3 options of object 'Object Repository/Emergency/Page_Store/select_--Select--BA1150BA4110' counted

2018-06-10 20:02:50 - [TEST_STEP][PASSED] - Statement - out.println("BatchNumber : " + BatchNumber): null

2018-06-10 20:02:50 - [TEST_STEP][PASSED] - Statement - For ([g = 1, g <= BatchNumber - 1, (g++)]): null

2018-06-10 20:02:50 - [TEST_STEP][PASSED] - selectOptionByIndex: All options with index in [1] are selected on object 'Object Repository/Emergency/Page_Store/select_--Select--BA1150BA4110'

2018-06-10 20:02:50 - [MESSAGE][PASSED] - All options with index in [1] are selected on object 'Object Repository/Emergency/Page_Store/select_--Select--BA1150BA4110'

2018-06-10 20:02:50 - [TEST_STEP][PASSED] - delay: Delayed 2 second(s)

2018-06-10 20:02:52 - [MESSAGE][PASSED] - Delayed 2 second(s)

2018-06-10 20:02:52 - [TEST_STEP][PASSED] - Statement - Try: null

2018-06-10 20:02:52 - [TEST_STEP][PASSED] - Statement - StockQty = com.kms.katalon.core.webui.keyword.WebUiBuiltInKeywords.getAttribute(com.kms.katalon.core.testobject.ObjectRepository.findTestObject(Emergency/Page_Store/input_txtprice), "value"): Attribute 'value' of object 'Object Repository/Emergency/Page_Store/input_txtprice' is: '950'

2018-06-10 20:02:52 - [MESSAGE][PASSED] - Attribute 'value' of object 'Object Repository/Emergency/Page_Store/input_txtprice' is: '950'

2018-06-10 20:02:52 - [TEST_STEP][PASSED] - Statement - out.println("Stock QTY : " + StockQty): null

2018-06-10 20:02:52 - [TEST_STEP][PASSED] - delay: Delayed 2 second(s)

2018-06-10 20:02:54 - [MESSAGE][PASSED] - Delayed 2 second(s)

2018-06-10 20:02:54 - [TEST_STEP][PASSED] - Statement - If (java.lang.Integer.valueOf(StockQty) >= java.lang.Integer.valueOf(RequestedQty)): null

2018-06-10 20:02:54 - [TEST_STEP][PASSED] - delay: Delayed 1 second(s)

2018-06-10 20:02:55 - [MESSAGE][PASSED] - Delayed 1 second(s)

2018-06-10 20:02:55 - [TEST_STEP][PASSED] - setText: Text '10' is set on object 'Object Repository/Emergency/Page_Store/input_txtqty'

2018-06-10 20:02:55 - [MESSAGE][PASSED] - Text '10' is set on object 'Object Repository/Emergency/Page_Store/input_txtqty'

2018-06-10 20:02:55 - [TEST_STEP][PASSED] - click: Object: 'Object Repository/Emergency/Page_Store/button_Add' is clicked on

2018-06-10 20:02:55 - [MESSAGE][PASSED] - Object: 'Object Repository/Emergency/Page_Store/button_Add' is clicked on

2018-06-10 20:02:55 - [TEST_STEP][PASSED] - Statement - Break: null

2018-06-10 20:02:55 - [TEST_STEP][PASSED] - selectOptionByIndex: All options with index in [18] are selected on object 'Object Repository/Emergency/Page_Store/select_--Select--Amikacin -500'

2018-06-10 20:02:56 - [MESSAGE][PASSED] - All options with index in [18] are selected on object 'Object Repository/Emergency/Page_Store/select_--Select--Amikacin -500'

2018-06-10 20:02:56 - [TEST_STEP][PASSED] - delay: Delayed 2 second(s)

2018-06-10 20:02:58 - [MESSAGE][PASSED] - Delayed 2 second(s)

2018-06-10 20:02:58 - [TEST_STEP][PASSED] - Statement - RequestedQty = com.kms.katalon.core.webui.keyword.WebUiBuiltInKeywords.getAttribute(com.kms.katalon.core.testobject.ObjectRepository.findTestObject(Emergency/Page_Store/input_txttotal), "value"): Attribute 'value' of object 'Object Repository/Emergency/Page_Store/input_txttotal' is: '10'

2018-06-10 20:02:58 - [MESSAGE][PASSED] - Attribute 'value' of object 'Object Repository/Emergency/Page_Store/input_txttotal' is: '10'

2018-06-10 20:02:58 - [TEST_STEP][PASSED] - Statement - out.println("Requested QTY : " + RequestedQty): null

2018-06-10 20:02:58 - [TEST_STEP][PASSED] - Statement - BatchNumber = com.kms.katalon.core.webui.keyword.WebUiBuiltInKeywords.getNumberOfTotalOption(com.kms.katalon.core.testobject.ObjectRepository.findTestObject(Emergency/Page_Store/select_--Select--BA1150BA4110)): 4 options of object 'Object Repository/Emergency/Page_Store/select_--Select--BA1150BA4110' counted

2018-06-10 20:02:58 - [MESSAGE][PASSED] - 4 options of object 'Object Repository/Emergency/Page_Store/select_--Select--BA1150BA4110' counted

2018-06-10 20:02:58 - [TEST_STEP][PASSED] - Statement - out.println("BatchNumber : " + BatchNumber): null

2018-06-10 20:02:58 - [TEST_STEP][PASSED] - Statement - For ([g = 1, g <= BatchNumber - 1, (g++)]): null

2018-06-10 20:02:58 - [TEST_STEP][PASSED] - selectOptionByIndex: All options with index in [1] are selected on object 'Object Repository/Emergency/Page_Store/select_--Select--BA1150BA4110'

2018-06-10 20:02:58 - [MESSAGE][PASSED] - All options with index in [1] are selected on object 'Object Repository/Emergency/Page_Store/select_--Select--BA1150BA4110'

2018-06-10 20:02:58 - [TEST_STEP][PASSED] - delay: Delayed 2 second(s)

2018-06-10 20:03:00 - [MESSAGE][PASSED] - Delayed 2 second(s)

2018-06-10 20:03:00 - [TEST_STEP][PASSED] - Statement - Try: null

2018-06-10 20:03:00 - [TEST_STEP][PASSED] - Statement - StockQty = com.kms.katalon.core.webui.keyword.WebUiBuiltInKeywords.getAttribute(com.kms.katalon.core.testobject.ObjectRepository.findTestObject(Emergency/Page_Store/input_txtprice), "value"): Attribute 'value' of object 'Object Repository/Emergency/Page_Store/input_txtprice' is: '530'

2018-06-10 20:03:00 - [MESSAGE][PASSED] - Attribute 'value' of object 'Object Repository/Emergency/Page_Store/input_txtprice' is: '530'

2018-06-10 20:03:00 - [TEST_STEP][PASSED] - Statement - out.println("Stock QTY : " + StockQty): null

2018-06-10 20:03:00 - [TEST_STEP][PASSED] - delay: Delayed 2 second(s)

2018-06-10 20:03:02 - [MESSAGE][PASSED] - Delayed 2 second(s)

2018-06-10 20:03:02 - [TEST_STEP][PASSED] - Statement - If (java.lang.Integer.valueOf(StockQty) >= java.lang.Integer.valueOf(RequestedQty)): null

2018-06-10 20:03:02 - [TEST_STEP][PASSED] - delay: Delayed 1 second(s)

2018-06-10 20:03:03 - [MESSAGE][PASSED] - Delayed 1 second(s)

2018-06-10 20:03:03 - [TEST_STEP][PASSED] - setText: Text '10' is set on object 'Object Repository/Emergency/Page_Store/input_txtqty'

2018-06-10 20:03:03 - [MESSAGE][PASSED] - Text '10' is set on object 'Object Repository/Emergency/Page_Store/input_txtqty'

2018-06-10 20:03:03 - [TEST_STEP][PASSED] - click: Object: 'Object Repository/Emergency/Page_Store/button_Add' is clicked on

2018-06-10 20:03:03 - [MESSAGE][PASSED] - Object: 'Object Repository/Emergency/Page_Store/button_Add' is clicked on

2018-06-10 20:03:03 - [TEST_STEP][PASSED] - Statement - Break: null

2018-06-10 20:03:03 - [TEST_STEP][PASSED] - selectOptionByIndex: All options with index in [19] are selected on object 'Object Repository/Emergency/Page_Store/select_--Select--Amikacin -500'

2018-06-10 20:03:03 - [MESSAGE][PASSED] - All options with index in [19] are selected on object 'Object Repository/Emergency/Page_Store/select_--Select--Amikacin -500'

2018-06-10 20:03:03 - [TEST_STEP][PASSED] - delay: Delayed 2 second(s)

2018-06-10 20:03:05 - [MESSAGE][PASSED] - Delayed 2 second(s)

2018-06-10 20:03:05 - [TEST_STEP][PASSED] - Statement - RequestedQty = com.kms.katalon.core.webui.keyword.WebUiBuiltInKeywords.getAttribute(com.kms.katalon.core.testobject.ObjectRepository.findTestObject(Emergency/Page_Store/input_txttotal), "value"): Attribute 'value' of object 'Object Repository/Emergency/Page_Store/input_txttotal' is: '10'

2018-06-10 20:03:05 - [MESSAGE][PASSED] - Attribute 'value' of object 'Object Repository/Emergency/Page_Store/input_txttotal' is: '10'

2018-06-10 20:03:05 - [TEST_STEP][PASSED] - Statement - out.println("Requested QTY : " + RequestedQty): null

2018-06-10 20:03:05 - [TEST_STEP][PASSED] - Statement - BatchNumber = com.kms.katalon.core.webui.keyword.WebUiBuiltInKeywords.getNumberOfTotalOption(com.kms.katalon.core.testobject.ObjectRepository.findTestObject(Emergency/Page_Store/select_--Select--BA1150BA4110)): 3 options of object 'Object Repository/Emergency/Page_Store/select_--Select--BA1150BA4110' counted

2018-06-10 20:03:05 - [MESSAGE][PASSED] - 3 options of object 'Object Repository/Emergency/Page_Store/select_--Select--BA1150BA4110' counted

2018-06-10 20:03:05 - [TEST_STEP][PASSED] - Statement - out.println("BatchNumber : " + BatchNumber): null

2018-06-10 20:03:05 - [TEST_STEP][PASSED] - Statement - For ([g = 1, g <= BatchNumber - 1, (g++)]): null

2018-06-10 20:03:05 - [TEST_STEP][PASSED] - selectOptionByIndex: All options with index in [1] are selected on object 'Object Repository/Emergency/Page_Store/select_--Select--BA1150BA4110'

2018-06-10 20:03:06 - [MESSAGE][PASSED] - All options with index in [1] are selected on object 'Object Repository/Emergency/Page_Store/select_--Select--BA1150BA4110'

2018-06-10 20:03:06 - [TEST_STEP][PASSED] - delay: Delayed 2 second(s)

2018-06-10 20:03:08 - [MESSAGE][PASSED] - Delayed 2 second(s)

2018-06-10 20:03:08 - [TEST_STEP][PASSED] - Statement - Try: null

2018-06-10 20:03:08 - [TEST_STEP][PASSED] - Statement - StockQty = com.kms.katalon.core.webui.keyword.WebUiBuiltInKeywords.getAttribute(com.kms.katalon.core.testobject.ObjectRepository.findTestObject(Emergency/Page_Store/input_txtprice), "value"): Attribute 'value' of object 'Object Repository/Emergency/Page_Store/input_txtprice' is: '950'

2018-06-10 20:03:08 - [MESSAGE][PASSED] - Attribute 'value' of object 'Object Repository/Emergency/Page_Store/input_txtprice' is: '950'

2018-06-10 20:03:08 - [TEST_STEP][PASSED] - Statement - out.println("Stock QTY : " + StockQty): null

2018-06-10 20:03:08 - [TEST_STEP][PASSED] - delay: Delayed 2 second(s)

2018-06-10 20:03:10 - [MESSAGE][PASSED] - Delayed 2 second(s)

2018-06-10 20:03:10 - [TEST_STEP][PASSED] - Statement - If (java.lang.Integer.valueOf(StockQty) >= java.lang.Integer.valueOf(RequestedQty)): null

2018-06-10 20:03:10 - [TEST_STEP][PASSED] - delay: Delayed 1 second(s)

2018-06-10 20:03:11 - [MESSAGE][PASSED] - Delayed 1 second(s)

2018-06-10 20:03:11 - [TEST_STEP][PASSED] - setText: Text '10' is set on object 'Object Repository/Emergency/Page_Store/input_txtqty'

2018-06-10 20:03:11 - [MESSAGE][PASSED] - Text '10' is set on object 'Object Repository/Emergency/Page_Store/input_txtqty'

2018-06-10 20:03:11 - [TEST_STEP][PASSED] - click: Object: 'Object Repository/Emergency/Page_Store/button_Add' is clicked on

2018-06-10 20:03:11 - [MESSAGE][PASSED] - Object: 'Object Repository/Emergency/Page_Store/button_Add' is clicked on

2018-06-10 20:03:11 - [TEST_STEP][PASSED] - Statement - Break: null

2018-06-10 20:03:11 - [TEST_STEP][PASSED] - selectOptionByIndex: All options with index in [20] are selected on object 'Object Repository/Emergency/Page_Store/select_--Select--Amikacin -500'

2018-06-10 20:03:11 - [MESSAGE][PASSED] - All options with index in [20] are selected on object 'Object Repository/Emergency/Page_Store/select_--Select--Amikacin -500'

2018-06-10 20:03:11 - [TEST_STEP][PASSED] - delay: Delayed 2 second(s)

2018-06-10 20:03:13 - [MESSAGE][PASSED] - Delayed 2 second(s)

2018-06-10 20:03:13 - [TEST_STEP][PASSED] - Statement - RequestedQty = com.kms.katalon.core.webui.keyword.WebUiBuiltInKeywords.getAttribute(com.kms.katalon.core.testobject.ObjectRepository.findTestObject(Emergency/Page_Store/input_txttotal), "value"): Attribute 'value' of object 'Object Repository/Emergency/Page_Store/input_txttotal' is: '10'

2018-06-10 20:03:13 - [MESSAGE][PASSED] - Attribute 'value' of object 'Object Repository/Emergency/Page_Store/input_txttotal' is: '10'

2018-06-10 20:03:13 - [TEST_STEP][PASSED] - Statement - out.println("Requested QTY : " + RequestedQty): null

2018-06-10 20:03:13 - [TEST_STEP][PASSED] - Statement - BatchNumber = com.kms.katalon.core.webui.keyword.WebUiBuiltInKeywords.getNumberOfTotalOption(com.kms.katalon.core.testobject.ObjectRepository.findTestObject(Emergency/Page_Store/select_--Select--BA1150BA4110)): 3 options of object 'Object Repository/Emergency/Page_Store/select_--Select--BA1150BA4110' counted

2018-06-10 20:03:13 - [MESSAGE][PASSED] - 3 options of object 'Object Repository/Emergency/Page_Store/select_--Select--BA1150BA4110' counted

2018-06-10 20:03:13 - [TEST_STEP][PASSED] - Statement - out.println("BatchNumber : " + BatchNumber): null

2018-06-10 20:03:13 - [TEST_STEP][PASSED] - Statement - For ([g = 1, g <= BatchNumber - 1, (g++)]): null

2018-06-10 20:03:13 - [TEST_STEP][PASSED] - selectOptionByIndex: All options with index in [1] are selected on object 'Object Repository/Emergency/Page_Store/select_--Select--BA1150BA4110'

2018-06-10 20:03:13 - [MESSAGE][PASSED] - All options with index in [1] are selected on object 'Object Repository/Emergency/Page_Store/select_--Select--BA1150BA4110'

2018-06-10 20:03:13 - [TEST_STEP][PASSED] - delay: Delayed 2 second(s)

2018-06-10 20:03:15 - [MESSAGE][PASSED] - Delayed 2 second(s)

2018-06-10 20:03:15 - [TEST_STEP][PASSED] - Statement - Try: null

2018-06-10 20:03:15 - [TEST_STEP][PASSED] - Statement - StockQty = com.kms.katalon.core.webui.keyword.WebUiBuiltInKeywords.getAttribute(com.kms.katalon.core.testobject.ObjectRepository.findTestObject(Emergency/Page_Store/input_txtprice), "value"): Attribute 'value' of object 'Object Repository/Emergency/Page_Store/input_txtprice' is: '940'

2018-06-10 20:03:15 - [MESSAGE][PASSED] - Attribute 'value' of object 'Object Repository/Emergency/Page_Store/input_txtprice' is: '940'

2018-06-10 20:03:15 - [TEST_STEP][PASSED] - Statement - out.println("Stock QTY : " + StockQty): null

2018-06-10 20:03:15 - [TEST_STEP][PASSED] - delay: Delayed 2 second(s)

2018-06-10 20:03:17 - [MESSAGE][PASSED] - Delayed 2 second(s)

2018-06-10 20:03:17 - [TEST_STEP][PASSED] - Statement - If (java.lang.Integer.valueOf(StockQty) >= java.lang.Integer.valueOf(RequestedQty)): null

2018-06-10 20:03:17 - [TEST_STEP][PASSED] - delay: Delayed 1 second(s)

2018-06-10 20:03:18 - [MESSAGE][PASSED] - Delayed 1 second(s)

2018-06-10 20:03:18 - [TEST_STEP][PASSED] - setText: Text '10' is set on object 'Object Repository/Emergency/Page_Store/input_txtqty'

2018-06-10 20:03:18 - [MESSAGE][PASSED] - Text '10' is set on object 'Object Repository/Emergency/Page_Store/input_txtqty'

2018-06-10 20:03:18 - [TEST_STEP][PASSED] - click: Object: 'Object Repository/Emergency/Page_Store/button_Add' is clicked on

2018-06-10 20:03:19 - [MESSAGE][PASSED] - Object: 'Object Repository/Emergency/Page_Store/button_Add' is clicked on

2018-06-10 20:03:19 - [TEST_STEP][PASSED] - Statement - Break: null

2018-06-10 20:03:19 - [TEST_STEP][PASSED] - selectOptionByIndex: All options with index in [21] are selected on object 'Object Repository/Emergency/Page_Store/select_--Select--Amikacin -500'

2018-06-10 20:03:19 - [MESSAGE][PASSED] - All options with index in [21] are selected on object 'Object Repository/Emergency/Page_Store/select_--Select--Amikacin -500'

2018-06-10 20:03:19 - [TEST_STEP][PASSED] - delay: Delayed 2 second(s)

2018-06-10 20:03:21 - [MESSAGE][PASSED] - Delayed 2 second(s)

2018-06-10 20:03:21 - [TEST_STEP][PASSED] - Statement - RequestedQty = com.kms.katalon.core.webui.keyword.WebUiBuiltInKeywords.getAttribute(com.kms.katalon.core.testobject.ObjectRepository.findTestObject(Emergency/Page_Store/input_txttotal), "value"): Attribute 'value' of object 'Object Repository/Emergency/Page_Store/input_txttotal' is: '10'

2018-06-10 20:03:21 - [MESSAGE][PASSED] - Attribute 'value' of object 'Object Repository/Emergency/Page_Store/input_txttotal' is: '10'

2018-06-10 20:03:21 - [TEST_STEP][PASSED] - Statement - out.println("Requested QTY : " + RequestedQty): null

2018-06-10 20:03:21 - [TEST_STEP][PASSED] - Statement - BatchNumber = com.kms.katalon.core.webui.keyword.WebUiBuiltInKeywords.getNumberOfTotalOption(com.kms.katalon.core.testobject.ObjectRepository.findTestObject(Emergency/Page_Store/select_--Select--BA1150BA4110)): 3 options of object 'Object Repository/Emergency/Page_Store/select_--Select--BA1150BA4110' counted

2018-06-10 20:03:21 - [MESSAGE][PASSED] - 3 options of object 'Object Repository/Emergency/Page_Store/select_--Select--BA1150BA4110' counted

2018-06-10 20:03:21 - [TEST_STEP][PASSED] - Statement - out.println("BatchNumber : " + BatchNumber): null

2018-06-10 20:03:21 - [TEST_STEP][PASSED] - Statement - For ([g = 1, g <= BatchNumber - 1, (g++)]): null

2018-06-10 20:03:21 - [TEST_STEP][PASSED] - selectOptionByIndex: All options with index in [1] are selected on object 'Object Repository/Emergency/Page_Store/select_--Select--BA1150BA4110'

2018-06-10 20:03:21 - [MESSAGE][PASSED] - All options with index in [1] are selected on object 'Object Repository/Emergency/Page_Store/select_--Select--BA1150BA4110'

2018-06-10 20:03:21 - [TEST_STEP][PASSED] - delay: Delayed 2 second(s)

2018-06-10 20:03:23 - [MESSAGE][PASSED] - Delayed 2 second(s)

2018-06-10 20:03:23 - [TEST_STEP][PASSED] - Statement - Try: null

2018-06-10 20:03:23 - [TEST_STEP][PASSED] - Statement - StockQty = com.kms.katalon.core.webui.keyword.WebUiBuiltInKeywords.getAttribute(com.kms.katalon.core.testobject.ObjectRepository.findTestObject(Emergency/Page_Store/input_txtprice), "value"): Attribute 'value' of object 'Object Repository/Emergency/Page_Store/input_txtprice' is: '960'

2018-06-10 20:03:23 - [MESSAGE][PASSED] - Attribute 'value' of object 'Object Repository/Emergency/Page_Store/input_txtprice' is: '960'

2018-06-10 20:03:23 - [TEST_STEP][PASSED] - Statement - out.println("Stock QTY : " + StockQty): null

2018-06-10 20:03:23 - [TEST_STEP][PASSED] - delay: Delayed 2 second(s)

2018-06-10 20:03:25 - [MESSAGE][PASSED] - Delayed 2 second(s)

2018-06-10 20:03:25 - [TEST_STEP][PASSED] - Statement - If (java.lang.Integer.valueOf(StockQty) >= java.lang.Integer.valueOf(RequestedQty)): null

2018-06-10 20:03:25 - [TEST_STEP][PASSED] - delay: Delayed 1 second(s)

2018-06-10 20:03:26 - [MESSAGE][PASSED] - Delayed 1 second(s)

2018-06-10 20:03:26 - [TEST_STEP][PASSED] - setText: Text '10' is set on object 'Object Repository/Emergency/Page_Store/input_txtqty'

2018-06-10 20:03:26 - [MESSAGE][PASSED] - Text '10' is set on object 'Object Repository/Emergency/Page_Store/input_txtqty'

2018-06-10 20:03:26 - [TEST_STEP][PASSED] - click: Object: 'Object Repository/Emergency/Page_Store/button_Add' is clicked on

2018-06-10 20:03:26 - [MESSAGE][PASSED] - Object: 'Object Repository/Emergency/Page_Store/button_Add' is clicked on

2018-06-10 20:03:26 - [TEST_STEP][PASSED] - Statement - Break: null

2018-06-10 20:03:26 - [TEST_STEP][PASSED] - selectOptionByIndex: All options with index in [22] are selected on object 'Object Repository/Emergency/Page_Store/select_--Select--Amikacin -500'

2018-06-10 20:03:27 - [MESSAGE][PASSED] - All options with index in [22] are selected on object 'Object Repository/Emergency/Page_Store/select_--Select--Amikacin -500'

2018-06-10 20:03:27 - [TEST_STEP][PASSED] - delay: Delayed 2 second(s)

2018-06-10 20:03:29 - [MESSAGE][PASSED] - Delayed 2 second(s)

2018-06-10 20:03:29 - [TEST_STEP][PASSED] - Statement - RequestedQty = com.kms.katalon.core.webui.keyword.WebUiBuiltInKeywords.getAttribute(com.kms.katalon.core.testobject.ObjectRepository.findTestObject(Emergency/Page_Store/input_txttotal), "value"): Attribute 'value' of object 'Object Repository/Emergency/Page_Store/input_txttotal' is: '10'

2018-06-10 20:03:29 - [MESSAGE][PASSED] - Attribute 'value' of object 'Object Repository/Emergency/Page_Store/input_txttotal' is: '10'

2018-06-10 20:03:29 - [TEST_STEP][PASSED] - Statement - out.println("Requested QTY : " + RequestedQty): null

2018-06-10 20:03:29 - [TEST_STEP][PASSED] - Statement - BatchNumber = com.kms.katalon.core.webui.keyword.WebUiBuiltInKeywords.getNumberOfTotalOption(com.kms.katalon.core.testobject.ObjectRepository.findTestObject(Emergency/Page_Store/select_--Select--BA1150BA4110)): 4 options of object 'Object Repository/Emergency/Page_Store/select_--Select--BA1150BA4110' counted

2018-06-10 20:03:29 - [MESSAGE][PASSED] - 4 options of object 'Object Repository/Emergency/Page_Store/select_--Select--BA1150BA4110' counted

2018-06-10 20:03:29 - [TEST_STEP][PASSED] - Statement - out.println("BatchNumber : " + BatchNumber): null

2018-06-10 20:03:29 - [TEST_STEP][PASSED] - Statement - For ([g = 1, g <= BatchNumber - 1, (g++)]): null

2018-06-10 20:03:29 - [TEST_STEP][PASSED] - selectOptionByIndex: All options with index in [1] are selected on object 'Object Repository/Emergency/Page_Store/select_--Select--BA1150BA4110'

2018-06-10 20:03:29 - [MESSAGE][PASSED] - All options with index in [1] are selected on object 'Object Repository/Emergency/Page_Store/select_--Select--BA1150BA4110'

2018-06-10 20:03:29 - [TEST_STEP][PASSED] - delay: Delayed 2 second(s)

2018-06-10 20:03:31 - [MESSAGE][PASSED] - Delayed 2 second(s)

2018-06-10 20:03:31 - [TEST_STEP][PASSED] - Statement - Try: null

2018-06-10 20:03:31 - [TEST_STEP][PASSED] - Statement - StockQty = com.kms.katalon.core.webui.keyword.WebUiBuiltInKeywords.getAttribute(com.kms.katalon.core.testobject.ObjectRepository.findTestObject(Emergency/Page_Store/input_txtprice), "value"): Attribute 'value' of object 'Object Repository/Emergency/Page_Store/input_txtprice' is: '530'

2018-06-10 20:03:31 - [MESSAGE][PASSED] - Attribute 'value' of object 'Object Repository/Emergency/Page_Store/input_txtprice' is: '530'

2018-06-10 20:03:31 - [TEST_STEP][PASSED] - Statement - out.println("Stock QTY : " + StockQty): null

2018-06-10 20:03:31 - [TEST_STEP][PASSED] - delay: Delayed 2 second(s)

2018-06-10 20:03:33 - [MESSAGE][PASSED] - Delayed 2 second(s)

2018-06-10 20:03:33 - [TEST_STEP][PASSED] - Statement - If (java.lang.Integer.valueOf(StockQty) >= java.lang.Integer.valueOf(RequestedQty)): null

2018-06-10 20:03:33 - [TEST_STEP][PASSED] - delay: Delayed 1 second(s)

2018-06-10 20:03:34 - [MESSAGE][PASSED] - Delayed 1 second(s)

2018-06-10 20:03:34 - [TEST_STEP][PASSED] - setText: Text '10' is set on object 'Object Repository/Emergency/Page_Store/input_txtqty'

2018-06-10 20:03:34 - [MESSAGE][PASSED] - Text '10' is set on object 'Object Repository/Emergency/Page_Store/input_txtqty'

2018-06-10 20:03:34 - [TEST_STEP][PASSED] - click: Object: 'Object Repository/Emergency/Page_Store/button_Add' is clicked on

2018-06-10 20:03:34 - [MESSAGE][PASSED] - Object: 'Object Repository/Emergency/Page_Store/button_Add' is clicked on

2018-06-10 20:03:34 - [TEST_STEP][PASSED] - Statement - Break: null

2018-06-10 20:03:34 - [TEST_STEP][PASSED] - selectOptionByIndex: All options with index in [23] are selected on object 'Object Repository/Emergency/Page_Store/select_--Select--Amikacin -500'

2018-06-10 20:03:34 - [MESSAGE][PASSED] - All options with index in [23] are selected on object 'Object Repository/Emergency/Page_Store/select_--Select--Amikacin -500'

2018-06-10 20:03:34 - [TEST_STEP][PASSED] - delay: Delayed 2 second(s)

2018-06-10 20:03:36 - [MESSAGE][PASSED] - Delayed 2 second(s)

2018-06-10 20:03:36 - [TEST_STEP][PASSED] - Statement - RequestedQty = com.kms.katalon.core.webui.keyword.WebUiBuiltInKeywords.getAttribute(com.kms.katalon.core.testobject.ObjectRepository.findTestObject(Emergency/Page_Store/input_txttotal), "value"): Attribute 'value' of object 'Object Repository/Emergency/Page_Store/input_txttotal' is: '10'

2018-06-10 20:03:36 - [MESSAGE][PASSED] - Attribute 'value' of object 'Object Repository/Emergency/Page_Store/input_txttotal' is: '10'

2018-06-10 20:03:36 - [TEST_STEP][PASSED] - Statement - out.println("Requested QTY : " + RequestedQty): null

2018-06-10 20:03:36 - [TEST_STEP][PASSED] - Statement - BatchNumber = com.kms.katalon.core.webui.keyword.WebUiBuiltInKeywords.getNumberOfTotalOption(com.kms.katalon.core.testobject.ObjectRepository.findTestObject(Emergency/Page_Store/select_--Select--BA1150BA4110)): 3 options of object 'Object Repository/Emergency/Page_Store/select_--Select--BA1150BA4110' counted

2018-06-10 20:03:36 - [MESSAGE][PASSED] - 3 options of object 'Object Repository/Emergency/Page_Store/select_--Select--BA1150BA4110' counted

2018-06-10 20:03:36 - [TEST_STEP][PASSED] - Statement - out.println("BatchNumber : " + BatchNumber): null

2018-06-10 20:03:36 - [TEST_STEP][PASSED] - Statement - For ([g = 1, g <= BatchNumber - 1, (g++)]): null

2018-06-10 20:03:36 - [TEST_STEP][PASSED] - selectOptionByIndex: All options with index in [1] are selected on object 'Object Repository/Emergency/Page_Store/select_--Select--BA1150BA4110'

2018-06-10 20:03:36 - [MESSAGE][PASSED] - All options with index in [1] are selected on object 'Object Repository/Emergency/Page_Store/select_--Select--BA1150BA4110'

2018-06-10 20:03:36 - [TEST_STEP][PASSED] - delay: Delayed 2 second(s)

2018-06-10 20:03:38 - [MESSAGE][PASSED] - Delayed 2 second(s)

2018-06-10 20:03:38 - [TEST_STEP][PASSED] - Statement - Try: null

2018-06-10 20:03:38 - [TEST_STEP][PASSED] - Statement - StockQty = com.kms.katalon.core.webui.keyword.WebUiBuiltInKeywords.getAttribute(com.kms.katalon.core.testobject.ObjectRepository.findTestObject(Emergency/Page_Store/input_txtprice), "value"): Attribute 'value' of object 'Object Repository/Emergency/Page_Store/input_txtprice' is: '940'

2018-06-10 20:03:39 - [MESSAGE][PASSED] - Attribute 'value' of object 'Object Repository/Emergency/Page_Store/input_txtprice' is: '940'

2018-06-10 20:03:39 - [TEST_STEP][PASSED] - Statement - out.println("Stock QTY : " + StockQty): null

2018-06-10 20:03:39 - [TEST_STEP][PASSED] - delay: Delayed 2 second(s)

2018-06-10 20:03:41 - [MESSAGE][PASSED] - Delayed 2 second(s)

2018-06-10 20:03:41 - [TEST_STEP][PASSED] - Statement - If (java.lang.Integer.valueOf(StockQty) >= java.lang.Integer.valueOf(RequestedQty)): null

2018-06-10 20:03:41 - [TEST_STEP][PASSED] - delay: Delayed 1 second(s)

2018-06-10 20:03:42 - [MESSAGE][PASSED] - Delayed 1 second(s)

2018-06-10 20:03:42 - [TEST_STEP][PASSED] - setText: Text '10' is set on object 'Object Repository/Emergency/Page_Store/input_txtqty'

2018-06-10 20:03:42 - [MESSAGE][PASSED] - Text '10' is set on object 'Object Repository/Emergency/Page_Store/input_txtqty'

2018-06-10 20:03:42 - [TEST_STEP][PASSED] - click: Object: 'Object Repository/Emergency/Page_Store/button_Add' is clicked on

2018-06-10 20:03:42 - [MESSAGE][PASSED] - Object: 'Object Repository/Emergency/Page_Store/button_Add' is clicked on

2018-06-10 20:03:42 - [TEST_STEP][PASSED] - Statement - Break: null

2018-06-10 20:03:42 - [TEST_STEP][PASSED] - scrollToElement: Scroll to object 'Object Repository/Emergency/Page_Store/input_btnSubmit' successfully

2018-06-10 20:03:42 - [MESSAGE][PASSED] - Scroll to object 'Object Repository/Emergency/Page_Store/input_btnSubmit' successfully

2018-06-10 20:03:42 - [TEST_STEP][PASSED] - Statement - Try: Object: 'Object Repository/lab/Page_Store/button_OK' is clicked on

2018-06-10 20:03:42 - [TEST_STEP][PASSED] - click: Object: 'Object Repository/Emergency/Page_Store/input_btnSubmit' is clicked on

2018-06-10 20:03:42 - [MESSAGE][PASSED] - Object: 'Object Repository/Emergency/Page_Store/input_btnSubmit' is clicked on

2018-06-10 20:03:42 - [TEST_STEP][PASSED] - delay: Delayed 3 second(s)

2018-06-10 20:03:45 - [MESSAGE][PASSED] - Delayed 3 second(s)

2018-06-10 20:03:45 - [TEST_STEP][PASSED] - click: Object: 'Object Repository/lab/Page_Store/button_OK' is clicked on

2018-06-10 20:03:46 - [MESSAGE][PASSED] - Object: 'Object Repository/lab/Page_Store/button_OK' is clicked on

2018-06-10 20:03:46 - [TEST_STEP][PASSED] - delay: Delayed 3 second(s)

2018-06-10 20:03:49 - [MESSAGE][PASSED] - Delayed 3 second(s)

2018-06-10 20:03:49 - [TEST_STEP][PASSED] - click: Object: 'Object Repository/Emergency/Page_Store/a_dropdown-toggle' is clicked on

2018-06-10 20:03:49 - [MESSAGE][PASSED] - Object: 'Object Repository/Emergency/Page_Store/a_dropdown-toggle' is clicked on

2018-06-10 20:03:49 - [TEST_STEP][PASSED] - click: Object: 'Object Repository/Emergency/Page_Store/a_Sign out' is clicked on

2018-06-10 20:03:49 - [MESSAGE][PASSED] - Object: 'Object Repository/Emergency/Page_Store/a_Sign out' is clicked on

2018-06-10 20:03:49 - [TEST_STEP][PASSED] - closeBrowser: Browser is closed

2018-06-10 20:03:50 - [MESSAGE][PASSED] - Browser is closed

2018-06-10 20:03:50 - [TEST_STEP][PASSED] - Statement - out.println("Schedule 7 Emergency Request Are Working Successfully"): null]]></system-out>
         <system-err><![CDATA[]]></system-err>
      </testcase>
      <testcase name="Test Cases/EMERGENCY TEST CASES/TC_ER_005 Verify Schedule 8 Emergency  Request Are Working Successfully Or Not" classname="Test Cases/EMERGENCY TEST CASES/TC_ER_005 Verify Schedule 8 Emergency  Request Are Working Successfully Or Not" status="PASSED">
         <system-out><![CDATA[2018-06-10 20:03:50 - [TEST_CASE][PASSED] - Test Cases/EMERGENCY TEST CASES/TC_ER_005 Verify Schedule 8 Emergency  Request Are Working Successfully Or Not: Test Cases/EMERGENCY TEST CASES/TC_ER_005 Verify Schedule 8 Emergency  Request Are Working Successfully Or Not

2018-06-10 20:03:50 - [TEST_STEP][PASSED] - openBrowser: Browser is opened with url: ''

2018-06-10 20:03:52 - [MESSAGE][PASSED] - Browser is opened with url: ''

2018-06-10 20:03:52 - [TEST_STEP][PASSED] - Statement - out.println("Verify Schedule 8 Emergency  Request Are Working Successfully Or Not"): null

2018-06-10 20:03:52 - [TEST_STEP][PASSED] - navigateToUrl: Navigate to 'http://192.168.137.1/Multihospital_New/EmergencyLogin.aspx' successfully

2018-06-10 20:03:54 - [MESSAGE][PASSED] - Navigate to 'http://192.168.137.1/Multihospital_New/EmergencyLogin.aspx' successfully

2018-06-10 20:03:54 - [TEST_STEP][PASSED] - maximizeWindow: Current window maximized

2018-06-10 20:03:55 - [MESSAGE][PASSED] - Current window maximized

2018-06-10 20:03:55 - [TEST_STEP][PASSED] - setText: Text 'nivetha' is set on object 'Object Repository/Emergency/Page_Emergency login/input_txtusername'

2018-06-10 20:03:55 - [MESSAGE][PASSED] - Text 'nivetha' is set on object 'Object Repository/Emergency/Page_Emergency login/input_txtusername'

2018-06-10 20:03:55 - [TEST_STEP][PASSED] - setText: Text '123' is set on object 'Object Repository/Emergency/Page_Emergency login/input_txtpassword'

2018-06-10 20:03:55 - [MESSAGE][PASSED] - Text '123' is set on object 'Object Repository/Emergency/Page_Emergency login/input_txtpassword'

2018-06-10 20:03:55 - [TEST_STEP][PASSED] - delay: Delayed 3 second(s)

2018-06-10 20:03:58 - [MESSAGE][PASSED] - Delayed 3 second(s)

2018-06-10 20:03:58 - [TEST_STEP][PASSED] - click: Object: 'Object Repository/Emergency/Page_Emergency login/button_Sign in' is clicked on

2018-06-10 20:03:59 - [MESSAGE][PASSED] - Object: 'Object Repository/Emergency/Page_Emergency login/button_Sign in' is clicked on

2018-06-10 20:03:59 - [TEST_STEP][PASSED] - delay: Delayed 3 second(s)

2018-06-10 20:04:02 - [MESSAGE][PASSED] - Delayed 3 second(s)

2018-06-10 20:04:02 - [TEST_STEP][PASSED] - click: Object: 'Object Repository/Emergency/Page_KDMC - Emergency/a_Store Request' is clicked on

2018-06-10 20:04:02 - [MESSAGE][PASSED] - Object: 'Object Repository/Emergency/Page_KDMC - Emergency/a_Store Request' is clicked on

2018-06-10 20:04:02 - [TEST_STEP][PASSED] - delay: Delayed 2 second(s)

2018-06-10 20:04:04 - [MESSAGE][PASSED] - Delayed 2 second(s)

2018-06-10 20:04:04 - [TEST_STEP][PASSED] - click: Object: 'Object Repository/Emergency/Page_KDMC - Emergency/a_Medicine Request' is clicked on

2018-06-10 20:04:05 - [MESSAGE][PASSED] - Object: 'Object Repository/Emergency/Page_KDMC - Emergency/a_Medicine Request' is clicked on

2018-06-10 20:04:05 - [TEST_STEP][PASSED] - delay: Delayed 2 second(s)

2018-06-10 20:04:07 - [MESSAGE][PASSED] - Delayed 2 second(s)

2018-06-10 20:04:07 - [TEST_STEP][PASSED] - selectOptionByIndex: All options with index in [5] are selected on object 'Object Repository/Emergency/Page_KDMC - Emergency/select_--Select--Schedule 1Inj'

2018-06-10 20:04:07 - [MESSAGE][PASSED] - All options with index in [5] are selected on object 'Object Repository/Emergency/Page_KDMC - Emergency/select_--Select--Schedule 1Inj'

2018-06-10 20:04:07 - [TEST_STEP][PASSED] - Statement - seletedoptions = com.kms.katalon.core.webui.keyword.WebUiBuiltInKeywords.getNumberOfTotalOption(com.kms.katalon.core.testobject.ObjectRepository.findTestObject(Emergency/Page_KDMC - Emergency/select_--Select--Adernaline 0.)): 18 options of object 'Object Repository/Emergency/Page_KDMC - Emergency/select_--Select--Adernaline 0.' counted

2018-06-10 20:04:07 - [MESSAGE][PASSED] - 18 options of object 'Object Repository/Emergency/Page_KDMC - Emergency/select_--Select--Adernaline 0.' counted

2018-06-10 20:04:07 - [TEST_STEP][PASSED] - Statement - For ([u = 1, u < seletedoptions, (u++)]): Object: 'Object Repository/Emergency/Page_KDMC - Emergency/button_Add' is clicked on

2018-06-10 20:04:07 - [TEST_STEP][PASSED] - selectOptionByIndex: All options with index in [5] are selected on object 'Object Repository/Emergency/Page_KDMC - Emergency/select_--Select--Schedule 1Inj'

2018-06-10 20:04:07 - [MESSAGE][PASSED] - All options with index in [5] are selected on object 'Object Repository/Emergency/Page_KDMC - Emergency/select_--Select--Schedule 1Inj'

2018-06-10 20:04:07 - [TEST_STEP][PASSED] - selectOptionByIndex: All options with index in [1] are selected on object 'Object Repository/Emergency/Page_KDMC - Emergency/select_--Select--Adernaline 0.'

2018-06-10 20:04:07 - [MESSAGE][PASSED] - All options with index in [1] are selected on object 'Object Repository/Emergency/Page_KDMC - Emergency/select_--Select--Adernaline 0.'

2018-06-10 20:04:07 - [TEST_STEP][PASSED] - setText: Text '10' is set on object 'Object Repository/Emergency/Page_KDMC - Emergency/input_txttreat'

2018-06-10 20:04:08 - [MESSAGE][PASSED] - Text '10' is set on object 'Object Repository/Emergency/Page_KDMC - Emergency/input_txttreat'

2018-06-10 20:04:08 - [TEST_STEP][PASSED] - click: Object: 'Object Repository/Emergency/Page_KDMC - Emergency/button_Add' is clicked on

2018-06-10 20:04:08 - [MESSAGE][PASSED] - Object: 'Object Repository/Emergency/Page_KDMC - Emergency/button_Add' is clicked on

2018-06-10 20:04:08 - [TEST_STEP][PASSED] - selectOptionByIndex: All options with index in [5] are selected on object 'Object Repository/Emergency/Page_KDMC - Emergency/select_--Select--Schedule 1Inj'

2018-06-10 20:04:08 - [MESSAGE][PASSED] - All options with index in [5] are selected on object 'Object Repository/Emergency/Page_KDMC - Emergency/select_--Select--Schedule 1Inj'

2018-06-10 20:04:08 - [TEST_STEP][PASSED] - selectOptionByIndex: All options with index in [2] are selected on object 'Object Repository/Emergency/Page_KDMC - Emergency/select_--Select--Adernaline 0.'

2018-06-10 20:04:08 - [MESSAGE][PASSED] - All options with index in [2] are selected on object 'Object Repository/Emergency/Page_KDMC - Emergency/select_--Select--Adernaline 0.'

2018-06-10 20:04:08 - [TEST_STEP][PASSED] - setText: Text '10' is set on object 'Object Repository/Emergency/Page_KDMC - Emergency/input_txttreat'

2018-06-10 20:04:08 - [MESSAGE][PASSED] - Text '10' is set on object 'Object Repository/Emergency/Page_KDMC - Emergency/input_txttreat'

2018-06-10 20:04:08 - [TEST_STEP][PASSED] - click: Object: 'Object Repository/Emergency/Page_KDMC - Emergency/button_Add' is clicked on

2018-06-10 20:04:08 - [MESSAGE][PASSED] - Object: 'Object Repository/Emergency/Page_KDMC - Emergency/button_Add' is clicked on

2018-06-10 20:04:08 - [TEST_STEP][PASSED] - selectOptionByIndex: All options with index in [5] are selected on object 'Object Repository/Emergency/Page_KDMC - Emergency/select_--Select--Schedule 1Inj'

2018-06-10 20:04:08 - [MESSAGE][PASSED] - All options with index in [5] are selected on object 'Object Repository/Emergency/Page_KDMC - Emergency/select_--Select--Schedule 1Inj'

2018-06-10 20:04:08 - [TEST_STEP][PASSED] - selectOptionByIndex: All options with index in [3] are selected on object 'Object Repository/Emergency/Page_KDMC - Emergency/select_--Select--Adernaline 0.'

2018-06-10 20:04:08 - [MESSAGE][PASSED] - All options with index in [3] are selected on object 'Object Repository/Emergency/Page_KDMC - Emergency/select_--Select--Adernaline 0.'

2018-06-10 20:04:08 - [TEST_STEP][PASSED] - setText: Text '10' is set on object 'Object Repository/Emergency/Page_KDMC - Emergency/input_txttreat'

2018-06-10 20:04:08 - [MESSAGE][PASSED] - Text '10' is set on object 'Object Repository/Emergency/Page_KDMC - Emergency/input_txttreat'

2018-06-10 20:04:08 - [TEST_STEP][PASSED] - click: Object: 'Object Repository/Emergency/Page_KDMC - Emergency/button_Add' is clicked on

2018-06-10 20:04:09 - [MESSAGE][PASSED] - Object: 'Object Repository/Emergency/Page_KDMC - Emergency/button_Add' is clicked on

2018-06-10 20:04:09 - [TEST_STEP][PASSED] - selectOptionByIndex: All options with index in [5] are selected on object 'Object Repository/Emergency/Page_KDMC - Emergency/select_--Select--Schedule 1Inj'

2018-06-10 20:04:09 - [MESSAGE][PASSED] - All options with index in [5] are selected on object 'Object Repository/Emergency/Page_KDMC - Emergency/select_--Select--Schedule 1Inj'

2018-06-10 20:04:09 - [TEST_STEP][PASSED] - selectOptionByIndex: All options with index in [4] are selected on object 'Object Repository/Emergency/Page_KDMC - Emergency/select_--Select--Adernaline 0.'

2018-06-10 20:04:09 - [MESSAGE][PASSED] - All options with index in [4] are selected on object 'Object Repository/Emergency/Page_KDMC - Emergency/select_--Select--Adernaline 0.'

2018-06-10 20:04:09 - [TEST_STEP][PASSED] - setText: Text '10' is set on object 'Object Repository/Emergency/Page_KDMC - Emergency/input_txttreat'

2018-06-10 20:04:09 - [MESSAGE][PASSED] - Text '10' is set on object 'Object Repository/Emergency/Page_KDMC - Emergency/input_txttreat'

2018-06-10 20:04:09 - [TEST_STEP][PASSED] - click: Object: 'Object Repository/Emergency/Page_KDMC - Emergency/button_Add' is clicked on

2018-06-10 20:04:09 - [MESSAGE][PASSED] - Object: 'Object Repository/Emergency/Page_KDMC - Emergency/button_Add' is clicked on

2018-06-10 20:04:09 - [TEST_STEP][PASSED] - selectOptionByIndex: All options with index in [5] are selected on object 'Object Repository/Emergency/Page_KDMC - Emergency/select_--Select--Schedule 1Inj'

2018-06-10 20:04:09 - [MESSAGE][PASSED] - All options with index in [5] are selected on object 'Object Repository/Emergency/Page_KDMC - Emergency/select_--Select--Schedule 1Inj'

2018-06-10 20:04:09 - [TEST_STEP][PASSED] - selectOptionByIndex: All options with index in [5] are selected on object 'Object Repository/Emergency/Page_KDMC - Emergency/select_--Select--Adernaline 0.'

2018-06-10 20:04:09 - [MESSAGE][PASSED] - All options with index in [5] are selected on object 'Object Repository/Emergency/Page_KDMC - Emergency/select_--Select--Adernaline 0.'

2018-06-10 20:04:09 - [TEST_STEP][PASSED] - setText: Text '10' is set on object 'Object Repository/Emergency/Page_KDMC - Emergency/input_txttreat'

2018-06-10 20:04:09 - [MESSAGE][PASSED] - Text '10' is set on object 'Object Repository/Emergency/Page_KDMC - Emergency/input_txttreat'

2018-06-10 20:04:09 - [TEST_STEP][PASSED] - click: Object: 'Object Repository/Emergency/Page_KDMC - Emergency/button_Add' is clicked on

2018-06-10 20:04:09 - [MESSAGE][PASSED] - Object: 'Object Repository/Emergency/Page_KDMC - Emergency/button_Add' is clicked on

2018-06-10 20:04:09 - [TEST_STEP][PASSED] - selectOptionByIndex: All options with index in [5] are selected on object 'Object Repository/Emergency/Page_KDMC - Emergency/select_--Select--Schedule 1Inj'

2018-06-10 20:04:10 - [MESSAGE][PASSED] - All options with index in [5] are selected on object 'Object Repository/Emergency/Page_KDMC - Emergency/select_--Select--Schedule 1Inj'

2018-06-10 20:04:10 - [TEST_STEP][PASSED] - selectOptionByIndex: All options with index in [6] are selected on object 'Object Repository/Emergency/Page_KDMC - Emergency/select_--Select--Adernaline 0.'

2018-06-10 20:04:10 - [MESSAGE][PASSED] - All options with index in [6] are selected on object 'Object Repository/Emergency/Page_KDMC - Emergency/select_--Select--Adernaline 0.'

2018-06-10 20:04:10 - [TEST_STEP][PASSED] - setText: Text '10' is set on object 'Object Repository/Emergency/Page_KDMC - Emergency/input_txttreat'

2018-06-10 20:04:10 - [MESSAGE][PASSED] - Text '10' is set on object 'Object Repository/Emergency/Page_KDMC - Emergency/input_txttreat'

2018-06-10 20:04:10 - [TEST_STEP][PASSED] - click: Object: 'Object Repository/Emergency/Page_KDMC - Emergency/button_Add' is clicked on

2018-06-10 20:04:10 - [MESSAGE][PASSED] - Object: 'Object Repository/Emergency/Page_KDMC - Emergency/button_Add' is clicked on

2018-06-10 20:04:10 - [TEST_STEP][PASSED] - selectOptionByIndex: All options with index in [5] are selected on object 'Object Repository/Emergency/Page_KDMC - Emergency/select_--Select--Schedule 1Inj'

2018-06-10 20:04:10 - [MESSAGE][PASSED] - All options with index in [5] are selected on object 'Object Repository/Emergency/Page_KDMC - Emergency/select_--Select--Schedule 1Inj'

2018-06-10 20:04:10 - [TEST_STEP][PASSED] - selectOptionByIndex: All options with index in [7] are selected on object 'Object Repository/Emergency/Page_KDMC - Emergency/select_--Select--Adernaline 0.'

2018-06-10 20:04:10 - [MESSAGE][PASSED] - All options with index in [7] are selected on object 'Object Repository/Emergency/Page_KDMC - Emergency/select_--Select--Adernaline 0.'

2018-06-10 20:04:10 - [TEST_STEP][PASSED] - setText: Text '10' is set on object 'Object Repository/Emergency/Page_KDMC - Emergency/input_txttreat'

2018-06-10 20:04:10 - [MESSAGE][PASSED] - Text '10' is set on object 'Object Repository/Emergency/Page_KDMC - Emergency/input_txttreat'

2018-06-10 20:04:10 - [TEST_STEP][PASSED] - click: Object: 'Object Repository/Emergency/Page_KDMC - Emergency/button_Add' is clicked on

2018-06-10 20:04:10 - [MESSAGE][PASSED] - Object: 'Object Repository/Emergency/Page_KDMC - Emergency/button_Add' is clicked on

2018-06-10 20:04:10 - [TEST_STEP][PASSED] - selectOptionByIndex: All options with index in [5] are selected on object 'Object Repository/Emergency/Page_KDMC - Emergency/select_--Select--Schedule 1Inj'

2018-06-10 20:04:11 - [MESSAGE][PASSED] - All options with index in [5] are selected on object 'Object Repository/Emergency/Page_KDMC - Emergency/select_--Select--Schedule 1Inj'

2018-06-10 20:04:11 - [TEST_STEP][PASSED] - selectOptionByIndex: All options with index in [8] are selected on object 'Object Repository/Emergency/Page_KDMC - Emergency/select_--Select--Adernaline 0.'

2018-06-10 20:04:11 - [MESSAGE][PASSED] - All options with index in [8] are selected on object 'Object Repository/Emergency/Page_KDMC - Emergency/select_--Select--Adernaline 0.'

2018-06-10 20:04:11 - [TEST_STEP][PASSED] - setText: Text '10' is set on object 'Object Repository/Emergency/Page_KDMC - Emergency/input_txttreat'

2018-06-10 20:04:11 - [MESSAGE][PASSED] - Text '10' is set on object 'Object Repository/Emergency/Page_KDMC - Emergency/input_txttreat'

2018-06-10 20:04:11 - [TEST_STEP][PASSED] - click: Object: 'Object Repository/Emergency/Page_KDMC - Emergency/button_Add' is clicked on

2018-06-10 20:04:11 - [MESSAGE][PASSED] - Object: 'Object Repository/Emergency/Page_KDMC - Emergency/button_Add' is clicked on

2018-06-10 20:04:11 - [TEST_STEP][PASSED] - selectOptionByIndex: All options with index in [5] are selected on object 'Object Repository/Emergency/Page_KDMC - Emergency/select_--Select--Schedule 1Inj'

2018-06-10 20:04:11 - [MESSAGE][PASSED] - All options with index in [5] are selected on object 'Object Repository/Emergency/Page_KDMC - Emergency/select_--Select--Schedule 1Inj'

2018-06-10 20:04:11 - [TEST_STEP][PASSED] - selectOptionByIndex: All options with index in [9] are selected on object 'Object Repository/Emergency/Page_KDMC - Emergency/select_--Select--Adernaline 0.'

2018-06-10 20:04:11 - [MESSAGE][PASSED] - All options with index in [9] are selected on object 'Object Repository/Emergency/Page_KDMC - Emergency/select_--Select--Adernaline 0.'

2018-06-10 20:04:11 - [TEST_STEP][PASSED] - setText: Text '10' is set on object 'Object Repository/Emergency/Page_KDMC - Emergency/input_txttreat'

2018-06-10 20:04:11 - [MESSAGE][PASSED] - Text '10' is set on object 'Object Repository/Emergency/Page_KDMC - Emergency/input_txttreat'

2018-06-10 20:04:11 - [TEST_STEP][PASSED] - click: Object: 'Object Repository/Emergency/Page_KDMC - Emergency/button_Add' is clicked on

2018-06-10 20:04:11 - [MESSAGE][PASSED] - Object: 'Object Repository/Emergency/Page_KDMC - Emergency/button_Add' is clicked on

2018-06-10 20:04:11 - [TEST_STEP][PASSED] - selectOptionByIndex: All options with index in [5] are selected on object 'Object Repository/Emergency/Page_KDMC - Emergency/select_--Select--Schedule 1Inj'

2018-06-10 20:04:12 - [MESSAGE][PASSED] - All options with index in [5] are selected on object 'Object Repository/Emergency/Page_KDMC - Emergency/select_--Select--Schedule 1Inj'

2018-06-10 20:04:12 - [TEST_STEP][PASSED] - selectOptionByIndex: All options with index in [10] are selected on object 'Object Repository/Emergency/Page_KDMC - Emergency/select_--Select--Adernaline 0.'

2018-06-10 20:04:12 - [MESSAGE][PASSED] - All options with index in [10] are selected on object 'Object Repository/Emergency/Page_KDMC - Emergency/select_--Select--Adernaline 0.'

2018-06-10 20:04:12 - [TEST_STEP][PASSED] - setText: Text '10' is set on object 'Object Repository/Emergency/Page_KDMC - Emergency/input_txttreat'

2018-06-10 20:04:12 - [MESSAGE][PASSED] - Text '10' is set on object 'Object Repository/Emergency/Page_KDMC - Emergency/input_txttreat'

2018-06-10 20:04:12 - [TEST_STEP][PASSED] - click: Object: 'Object Repository/Emergency/Page_KDMC - Emergency/button_Add' is clicked on

2018-06-10 20:04:12 - [MESSAGE][PASSED] - Object: 'Object Repository/Emergency/Page_KDMC - Emergency/button_Add' is clicked on

2018-06-10 20:04:12 - [TEST_STEP][PASSED] - selectOptionByIndex: All options with index in [5] are selected on object 'Object Repository/Emergency/Page_KDMC - Emergency/select_--Select--Schedule 1Inj'

2018-06-10 20:04:12 - [MESSAGE][PASSED] - All options with index in [5] are selected on object 'Object Repository/Emergency/Page_KDMC - Emergency/select_--Select--Schedule 1Inj'

2018-06-10 20:04:12 - [TEST_STEP][PASSED] - selectOptionByIndex: All options with index in [11] are selected on object 'Object Repository/Emergency/Page_KDMC - Emergency/select_--Select--Adernaline 0.'

2018-06-10 20:04:12 - [MESSAGE][PASSED] - All options with index in [11] are selected on object 'Object Repository/Emergency/Page_KDMC - Emergency/select_--Select--Adernaline 0.'

2018-06-10 20:04:12 - [TEST_STEP][PASSED] - setText: Text '10' is set on object 'Object Repository/Emergency/Page_KDMC - Emergency/input_txttreat'

2018-06-10 20:04:12 - [MESSAGE][PASSED] - Text '10' is set on object 'Object Repository/Emergency/Page_KDMC - Emergency/input_txttreat'

2018-06-10 20:04:12 - [TEST_STEP][PASSED] - click: Object: 'Object Repository/Emergency/Page_KDMC - Emergency/button_Add' is clicked on

2018-06-10 20:04:12 - [MESSAGE][PASSED] - Object: 'Object Repository/Emergency/Page_KDMC - Emergency/button_Add' is clicked on

2018-06-10 20:04:12 - [TEST_STEP][PASSED] - selectOptionByIndex: All options with index in [5] are selected on object 'Object Repository/Emergency/Page_KDMC - Emergency/select_--Select--Schedule 1Inj'

2018-06-10 20:04:13 - [MESSAGE][PASSED] - All options with index in [5] are selected on object 'Object Repository/Emergency/Page_KDMC - Emergency/select_--Select--Schedule 1Inj'

2018-06-10 20:04:13 - [TEST_STEP][PASSED] - selectOptionByIndex: All options with index in [12] are selected on object 'Object Repository/Emergency/Page_KDMC - Emergency/select_--Select--Adernaline 0.'

2018-06-10 20:04:13 - [MESSAGE][PASSED] - All options with index in [12] are selected on object 'Object Repository/Emergency/Page_KDMC - Emergency/select_--Select--Adernaline 0.'

2018-06-10 20:04:13 - [TEST_STEP][PASSED] - setText: Text '10' is set on object 'Object Repository/Emergency/Page_KDMC - Emergency/input_txttreat'

2018-06-10 20:04:13 - [MESSAGE][PASSED] - Text '10' is set on object 'Object Repository/Emergency/Page_KDMC - Emergency/input_txttreat'

2018-06-10 20:04:13 - [TEST_STEP][PASSED] - click: Object: 'Object Repository/Emergency/Page_KDMC - Emergency/button_Add' is clicked on

2018-06-10 20:04:13 - [MESSAGE][PASSED] - Object: 'Object Repository/Emergency/Page_KDMC - Emergency/button_Add' is clicked on

2018-06-10 20:04:13 - [TEST_STEP][PASSED] - selectOptionByIndex: All options with index in [5] are selected on object 'Object Repository/Emergency/Page_KDMC - Emergency/select_--Select--Schedule 1Inj'

2018-06-10 20:04:13 - [MESSAGE][PASSED] - All options with index in [5] are selected on object 'Object Repository/Emergency/Page_KDMC - Emergency/select_--Select--Schedule 1Inj'

2018-06-10 20:04:13 - [TEST_STEP][PASSED] - selectOptionByIndex: All options with index in [13] are selected on object 'Object Repository/Emergency/Page_KDMC - Emergency/select_--Select--Adernaline 0.'

2018-06-10 20:04:13 - [MESSAGE][PASSED] - All options with index in [13] are selected on object 'Object Repository/Emergency/Page_KDMC - Emergency/select_--Select--Adernaline 0.'

2018-06-10 20:04:13 - [TEST_STEP][PASSED] - setText: Text '10' is set on object 'Object Repository/Emergency/Page_KDMC - Emergency/input_txttreat'

2018-06-10 20:04:14 - [MESSAGE][PASSED] - Text '10' is set on object 'Object Repository/Emergency/Page_KDMC - Emergency/input_txttreat'

2018-06-10 20:04:14 - [TEST_STEP][PASSED] - click: Object: 'Object Repository/Emergency/Page_KDMC - Emergency/button_Add' is clicked on

2018-06-10 20:04:14 - [MESSAGE][PASSED] - Object: 'Object Repository/Emergency/Page_KDMC - Emergency/button_Add' is clicked on

2018-06-10 20:04:14 - [TEST_STEP][PASSED] - selectOptionByIndex: All options with index in [5] are selected on object 'Object Repository/Emergency/Page_KDMC - Emergency/select_--Select--Schedule 1Inj'

2018-06-10 20:04:14 - [MESSAGE][PASSED] - All options with index in [5] are selected on object 'Object Repository/Emergency/Page_KDMC - Emergency/select_--Select--Schedule 1Inj'

2018-06-10 20:04:14 - [TEST_STEP][PASSED] - selectOptionByIndex: All options with index in [14] are selected on object 'Object Repository/Emergency/Page_KDMC - Emergency/select_--Select--Adernaline 0.'

2018-06-10 20:04:14 - [MESSAGE][PASSED] - All options with index in [14] are selected on object 'Object Repository/Emergency/Page_KDMC - Emergency/select_--Select--Adernaline 0.'

2018-06-10 20:04:14 - [TEST_STEP][PASSED] - setText: Text '10' is set on object 'Object Repository/Emergency/Page_KDMC - Emergency/input_txttreat'

2018-06-10 20:04:14 - [MESSAGE][PASSED] - Text '10' is set on object 'Object Repository/Emergency/Page_KDMC - Emergency/input_txttreat'

2018-06-10 20:04:14 - [TEST_STEP][PASSED] - click: Object: 'Object Repository/Emergency/Page_KDMC - Emergency/button_Add' is clicked on

2018-06-10 20:04:14 - [MESSAGE][PASSED] - Object: 'Object Repository/Emergency/Page_KDMC - Emergency/button_Add' is clicked on

2018-06-10 20:04:14 - [TEST_STEP][PASSED] - selectOptionByIndex: All options with index in [5] are selected on object 'Object Repository/Emergency/Page_KDMC - Emergency/select_--Select--Schedule 1Inj'

2018-06-10 20:04:14 - [MESSAGE][PASSED] - All options with index in [5] are selected on object 'Object Repository/Emergency/Page_KDMC - Emergency/select_--Select--Schedule 1Inj'

2018-06-10 20:04:14 - [TEST_STEP][PASSED] - selectOptionByIndex: All options with index in [15] are selected on object 'Object Repository/Emergency/Page_KDMC - Emergency/select_--Select--Adernaline 0.'

2018-06-10 20:04:15 - [MESSAGE][PASSED] - All options with index in [15] are selected on object 'Object Repository/Emergency/Page_KDMC - Emergency/select_--Select--Adernaline 0.'

2018-06-10 20:04:15 - [TEST_STEP][PASSED] - setText: Text '10' is set on object 'Object Repository/Emergency/Page_KDMC - Emergency/input_txttreat'

2018-06-10 20:04:15 - [MESSAGE][PASSED] - Text '10' is set on object 'Object Repository/Emergency/Page_KDMC - Emergency/input_txttreat'

2018-06-10 20:04:15 - [TEST_STEP][PASSED] - click: Object: 'Object Repository/Emergency/Page_KDMC - Emergency/button_Add' is clicked on

2018-06-10 20:04:15 - [MESSAGE][PASSED] - Object: 'Object Repository/Emergency/Page_KDMC - Emergency/button_Add' is clicked on

2018-06-10 20:04:15 - [TEST_STEP][PASSED] - selectOptionByIndex: All options with index in [5] are selected on object 'Object Repository/Emergency/Page_KDMC - Emergency/select_--Select--Schedule 1Inj'

2018-06-10 20:04:15 - [MESSAGE][PASSED] - All options with index in [5] are selected on object 'Object Repository/Emergency/Page_KDMC - Emergency/select_--Select--Schedule 1Inj'

2018-06-10 20:04:15 - [TEST_STEP][PASSED] - selectOptionByIndex: All options with index in [16] are selected on object 'Object Repository/Emergency/Page_KDMC - Emergency/select_--Select--Adernaline 0.'

2018-06-10 20:04:15 - [MESSAGE][PASSED] - All options with index in [16] are selected on object 'Object Repository/Emergency/Page_KDMC - Emergency/select_--Select--Adernaline 0.'

2018-06-10 20:04:15 - [TEST_STEP][PASSED] - setText: Text '10' is set on object 'Object Repository/Emergency/Page_KDMC - Emergency/input_txttreat'

2018-06-10 20:04:15 - [MESSAGE][PASSED] - Text '10' is set on object 'Object Repository/Emergency/Page_KDMC - Emergency/input_txttreat'

2018-06-10 20:04:15 - [TEST_STEP][PASSED] - click: Object: 'Object Repository/Emergency/Page_KDMC - Emergency/button_Add' is clicked on

2018-06-10 20:04:15 - [MESSAGE][PASSED] - Object: 'Object Repository/Emergency/Page_KDMC - Emergency/button_Add' is clicked on

2018-06-10 20:04:15 - [TEST_STEP][PASSED] - selectOptionByIndex: All options with index in [5] are selected on object 'Object Repository/Emergency/Page_KDMC - Emergency/select_--Select--Schedule 1Inj'

2018-06-10 20:04:15 - [MESSAGE][PASSED] - All options with index in [5] are selected on object 'Object Repository/Emergency/Page_KDMC - Emergency/select_--Select--Schedule 1Inj'

2018-06-10 20:04:15 - [TEST_STEP][PASSED] - selectOptionByIndex: All options with index in [17] are selected on object 'Object Repository/Emergency/Page_KDMC - Emergency/select_--Select--Adernaline 0.'

2018-06-10 20:04:16 - [MESSAGE][PASSED] - All options with index in [17] are selected on object 'Object Repository/Emergency/Page_KDMC - Emergency/select_--Select--Adernaline 0.'

2018-06-10 20:04:16 - [TEST_STEP][PASSED] - setText: Text '10' is set on object 'Object Repository/Emergency/Page_KDMC - Emergency/input_txttreat'

2018-06-10 20:04:16 - [MESSAGE][PASSED] - Text '10' is set on object 'Object Repository/Emergency/Page_KDMC - Emergency/input_txttreat'

2018-06-10 20:04:16 - [TEST_STEP][PASSED] - click: Object: 'Object Repository/Emergency/Page_KDMC - Emergency/button_Add' is clicked on

2018-06-10 20:04:16 - [MESSAGE][PASSED] - Object: 'Object Repository/Emergency/Page_KDMC - Emergency/button_Add' is clicked on

2018-06-10 20:04:16 - [TEST_STEP][PASSED] - scrollToElement: Scroll to object 'Object Repository/Emergency/Page_KDMC - Emergency/input_btnsave' successfully

2018-06-10 20:04:16 - [MESSAGE][PASSED] - Scroll to object 'Object Repository/Emergency/Page_KDMC - Emergency/input_btnsave' successfully

2018-06-10 20:04:16 - [TEST_STEP][PASSED] - click: Object: 'Object Repository/Emergency/Page_KDMC - Emergency/input_btnsave' is clicked on

2018-06-10 20:04:16 - [MESSAGE][PASSED] - Object: 'Object Repository/Emergency/Page_KDMC - Emergency/input_btnsave' is clicked on

2018-06-10 20:04:16 - [TEST_STEP][PASSED] - delay: Delayed 3 second(s)

2018-06-10 20:04:19 - [MESSAGE][PASSED] - Delayed 3 second(s)

2018-06-10 20:04:19 - [TEST_STEP][PASSED] - Statement - RequestNumber = com.kms.katalon.core.webui.keyword.WebUiBuiltInKeywords.getText(com.kms.katalon.core.testobject.ObjectRepository.findTestObject(Emergency/Page_KDMC - Emergency/font_ERNO100520183)): Text of object 'Object Repository/Emergency/Page_KDMC - Emergency/font_ERNO100520183' is: 'ERNO/10062018/1040'

2018-06-10 20:04:19 - [MESSAGE][PASSED] - Text of object 'Object Repository/Emergency/Page_KDMC - Emergency/font_ERNO100520183' is: 'ERNO/10062018/1040'

2018-06-10 20:04:19 - [TEST_STEP][PASSED] - Statement - Rno = RequestNumber.split("/")[2]: null

2018-06-10 20:04:19 - [TEST_STEP][PASSED] - Statement - out.println(Rno): null

2018-06-10 20:04:19 - [TEST_STEP][PASSED] - click: Object: 'Object Repository/Emergency/Page_KDMC - Emergency/button_OK' is clicked on

2018-06-10 20:04:20 - [MESSAGE][PASSED] - Object: 'Object Repository/Emergency/Page_KDMC - Emergency/button_OK' is clicked on

2018-06-10 20:04:20 - [TEST_STEP][PASSED] - delay: Delayed 3 second(s)

2018-06-10 20:04:23 - [MESSAGE][PASSED] - Delayed 3 second(s)

2018-06-10 20:04:23 - [TEST_STEP][PASSED] - click: Object: 'Object Repository/Emergency/Page_KDMC - Emergency/a_dropdown-toggle' is clicked on

2018-06-10 20:04:23 - [MESSAGE][PASSED] - Object: 'Object Repository/Emergency/Page_KDMC - Emergency/a_dropdown-toggle' is clicked on

2018-06-10 20:04:23 - [TEST_STEP][PASSED] - click: Object: 'Object Repository/Emergency/Page_KDMC - Emergency/a_Sign out' is clicked on

2018-06-10 20:04:23 - [MESSAGE][PASSED] - Object: 'Object Repository/Emergency/Page_KDMC - Emergency/a_Sign out' is clicked on

2018-06-10 20:04:23 - [TEST_STEP][PASSED] - delay: Delayed 3 second(s)

2018-06-10 20:04:26 - [MESSAGE][PASSED] - Delayed 3 second(s)

2018-06-10 20:04:26 - [TEST_STEP][PASSED] - click: Object: 'Object Repository/Emergency/Page_KDMC/a_CMO' is clicked on

2018-06-10 20:04:27 - [MESSAGE][PASSED] - Object: 'Object Repository/Emergency/Page_KDMC/a_CMO' is clicked on

2018-06-10 20:04:27 - [TEST_STEP][PASSED] - setText: Text 'guru' is set on object 'Object Repository/Emergency/Page_CMO login/input_txtusername'

2018-06-10 20:04:27 - [MESSAGE][PASSED] - Text 'guru' is set on object 'Object Repository/Emergency/Page_CMO login/input_txtusername'

2018-06-10 20:04:27 - [TEST_STEP][PASSED] - setText: Text '123' is set on object 'Object Repository/Emergency/Page_CMO login/input_txtpassword'

2018-06-10 20:04:27 - [MESSAGE][PASSED] - Text '123' is set on object 'Object Repository/Emergency/Page_CMO login/input_txtpassword'

2018-06-10 20:04:27 - [TEST_STEP][PASSED] - delay: Delayed 3 second(s)

2018-06-10 20:04:30 - [MESSAGE][PASSED] - Delayed 3 second(s)

2018-06-10 20:04:30 - [TEST_STEP][PASSED] - click: Object: 'Object Repository/Emergency/Page_CMO login/button_Sign in' is clicked on

2018-06-10 20:04:31 - [MESSAGE][PASSED] - Object: 'Object Repository/Emergency/Page_CMO login/button_Sign in' is clicked on

2018-06-10 20:04:31 - [TEST_STEP][PASSED] - delay: Delayed 2 second(s)

2018-06-10 20:04:33 - [MESSAGE][PASSED] - Delayed 2 second(s)

2018-06-10 20:04:33 - [TEST_STEP][PASSED] - click: Object: 'Object Repository/Emergency/Page_KDMC - CMO/a_Department Wise Request' is clicked on

2018-06-10 20:04:33 - [MESSAGE][PASSED] - Object: 'Object Repository/Emergency/Page_KDMC - CMO/a_Department Wise Request' is clicked on

2018-06-10 20:04:33 - [TEST_STEP][PASSED] - selectOptionByIndex: All options with index in [7] are selected on object 'Object Repository/Emergency/Page_KDMC - CMO/select_--ALL--'

2018-06-10 20:04:33 - [MESSAGE][PASSED] - All options with index in [7] are selected on object 'Object Repository/Emergency/Page_KDMC - CMO/select_--ALL--'

2018-06-10 20:04:33 - [TEST_STEP][PASSED] - selectOptionByIndex: All options with index in [1] are selected on object 'Object Repository/Emergency/Page_KDMC - CMO/select_--ALL--                _1'

2018-06-10 20:04:34 - [MESSAGE][PASSED] - All options with index in [1] are selected on object 'Object Repository/Emergency/Page_KDMC - CMO/select_--ALL--                _1'

2018-06-10 20:04:34 - [TEST_STEP][PASSED] - click: Object: 'Object Repository/Emergency/Page_KDMC - CMO/input_btnsearch' is clicked on

2018-06-10 20:04:34 - [MESSAGE][PASSED] - Object: 'Object Repository/Emergency/Page_KDMC - CMO/input_btnsearch' is clicked on

2018-06-10 20:04:34 - [TEST_STEP][PASSED] - Statement - ID = com.kms.katalon.core.webui.keyword.WebUiBuiltInKeywords.modifyObjectProperty(com.kms.katalon.core.testobject.ObjectRepository.findTestObject(Emergency/Page_KDMC - CMO/input_3), "xpath", "equals", "//*[@id=" + Rno + "]", true): Modify property of object successfully

2018-06-10 20:04:34 - [MESSAGE][PASSED] - Modify property of object successfully

2018-06-10 20:04:34 - [TEST_STEP][PASSED] - click: Object: 'Object Repository/Emergency/Page_KDMC - CMO/input_3' is clicked on

2018-06-10 20:04:35 - [MESSAGE][PASSED] - Object: 'Object Repository/Emergency/Page_KDMC - CMO/input_3' is clicked on

2018-06-10 20:04:35 - [TEST_STEP][PASSED] - delay: Delayed 2 second(s)

2018-06-10 20:04:37 - [MESSAGE][PASSED] - Delayed 2 second(s)

2018-06-10 20:04:37 - [TEST_STEP][PASSED] - selectOptionByIndex: All options with index in [1] are selected on object 'Object Repository/Emergency/Page_KDMC - CMO/select_--Select--'

2018-06-10 20:04:37 - [MESSAGE][PASSED] - All options with index in [1] are selected on object 'Object Repository/Emergency/Page_KDMC - CMO/select_--Select--'

2018-06-10 20:04:37 - [TEST_STEP][PASSED] - click: Object: 'Object Repository/Emergency/Page_KDMC - CMO/input_btnupdate' is clicked on

2018-06-10 20:04:37 - [MESSAGE][PASSED] - Object: 'Object Repository/Emergency/Page_KDMC - CMO/input_btnupdate' is clicked on

2018-06-10 20:04:37 - [TEST_STEP][PASSED] - delay: Delayed 2 second(s)

2018-06-10 20:04:39 - [MESSAGE][PASSED] - Delayed 2 second(s)

2018-06-10 20:04:39 - [TEST_STEP][PASSED] - click: Object: 'Object Repository/Emergency/Page_KDMC - CMO/button_OK' is clicked on

2018-06-10 20:04:39 - [MESSAGE][PASSED] - Object: 'Object Repository/Emergency/Page_KDMC - CMO/button_OK' is clicked on

2018-06-10 20:04:39 - [TEST_STEP][PASSED] - delay: Delayed 2 second(s)

2018-06-10 20:04:41 - [MESSAGE][PASSED] - Delayed 2 second(s)

2018-06-10 20:04:41 - [TEST_STEP][PASSED] - click: Object: 'Object Repository/Emergency/Page_KDMC - CMO/a_dropdown-toggle' is clicked on

2018-06-10 20:04:41 - [MESSAGE][PASSED] - Object: 'Object Repository/Emergency/Page_KDMC - CMO/a_dropdown-toggle' is clicked on

2018-06-10 20:04:41 - [TEST_STEP][PASSED] - click: Object: 'Object Repository/Emergency/Page_KDMC - CMO/a_Sign out' is clicked on

2018-06-10 20:04:42 - [MESSAGE][PASSED] - Object: 'Object Repository/Emergency/Page_KDMC - CMO/a_Sign out' is clicked on

2018-06-10 20:04:42 - [TEST_STEP][PASSED] - delay: Delayed 3 second(s)

2018-06-10 20:04:45 - [MESSAGE][PASSED] - Delayed 3 second(s)

2018-06-10 20:04:45 - [TEST_STEP][PASSED] - click: Object: 'Object Repository/Emergency/Page_KDMC/a_Divisional Store' is clicked on

2018-06-10 20:04:46 - [MESSAGE][PASSED] - Object: 'Object Repository/Emergency/Page_KDMC/a_Divisional Store' is clicked on

2018-06-10 20:04:46 - [TEST_STEP][PASSED] - setText: Text 'ragu' is set on object 'Object Repository/Emergency/Page_Divisonal Store Login/input_txtusername'

2018-06-10 20:04:46 - [MESSAGE][PASSED] - Text 'ragu' is set on object 'Object Repository/Emergency/Page_Divisonal Store Login/input_txtusername'

2018-06-10 20:04:46 - [TEST_STEP][PASSED] - setText: Text '123' is set on object 'Object Repository/Emergency/Page_Divisonal Store Login/input_txtpassword'

2018-06-10 20:04:46 - [MESSAGE][PASSED] - Text '123' is set on object 'Object Repository/Emergency/Page_Divisonal Store Login/input_txtpassword'

2018-06-10 20:04:46 - [TEST_STEP][PASSED] - delay: Delayed 3 second(s)

2018-06-10 20:04:49 - [MESSAGE][PASSED] - Delayed 3 second(s)

2018-06-10 20:04:49 - [TEST_STEP][PASSED] - click: Object: 'Object Repository/Emergency/Page_Divisonal Store Login/button_Sign in' is clicked on

2018-06-10 20:04:51 - [MESSAGE][PASSED] - Object: 'Object Repository/Emergency/Page_Divisonal Store Login/button_Sign in' is clicked on

2018-06-10 20:04:51 - [TEST_STEP][PASSED] - delay: Delayed 2 second(s)

2018-06-10 20:04:53 - [MESSAGE][PASSED] - Delayed 2 second(s)

2018-06-10 20:04:53 - [TEST_STEP][PASSED] - click: Object: 'Object Repository/Emergency/Page_Store/a_Emergency Request' is clicked on

2018-06-10 20:04:53 - [MESSAGE][PASSED] - Object: 'Object Repository/Emergency/Page_Store/a_Emergency Request' is clicked on

2018-06-10 20:04:53 - [TEST_STEP][PASSED] - click: Object: 'Object Repository/Emergency/Page_Store/a_Request Item Emergency' is clicked on

2018-06-10 20:04:54 - [MESSAGE][PASSED] - Object: 'Object Repository/Emergency/Page_Store/a_Request Item Emergency' is clicked on

2018-06-10 20:04:54 - [TEST_STEP][PASSED] - setText: Text '1040' is set on object 'Object Repository/Emergency/Page_Store/input'

2018-06-10 20:04:54 - [MESSAGE][PASSED] - Text '1040' is set on object 'Object Repository/Emergency/Page_Store/input'

2018-06-10 20:04:54 - [TEST_STEP][PASSED] - Statement - ChooseRequest = com.kms.katalon.core.webui.keyword.WebUiBuiltInKeywords.modifyObjectProperty(com.kms.katalon.core.testobject.ObjectRepository.findTestObject(Emergency/Page_Store/input_3), "xpath", "equals", "//*[@id=" + Rno + "]", true): Modify property of object successfully

2018-06-10 20:04:54 - [MESSAGE][PASSED] - Modify property of object successfully

2018-06-10 20:04:54 - [TEST_STEP][PASSED] - click: Object: 'Object Repository/Emergency/Page_Store/input_3' is clicked on

2018-06-10 20:04:55 - [MESSAGE][PASSED] - Object: 'Object Repository/Emergency/Page_Store/input_3' is clicked on

2018-06-10 20:04:55 - [TEST_STEP][PASSED] - delay: Delayed 2 second(s)

2018-06-10 20:04:57 - [MESSAGE][PASSED] - Delayed 2 second(s)

2018-06-10 20:04:57 - [TEST_STEP][PASSED] - Statement - selectedoptions1 = com.kms.katalon.core.webui.keyword.WebUiBuiltInKeywords.getNumberOfTotalOption(com.kms.katalon.core.testobject.ObjectRepository.findTestObject(Emergency/Page_Store/select_--Select--Amikacin -500)): 18 options of object 'Object Repository/Emergency/Page_Store/select_--Select--Amikacin -500' counted

2018-06-10 20:04:57 - [MESSAGE][PASSED] - 18 options of object 'Object Repository/Emergency/Page_Store/select_--Select--Amikacin -500' counted

2018-06-10 20:04:57 - [TEST_STEP][PASSED] - Statement - For ([a = 1, a <= selectedoptions1 - 1, (a++)]): null

2018-06-10 20:04:57 - [TEST_STEP][PASSED] - selectOptionByIndex: All options with index in [1] are selected on object 'Object Repository/Emergency/Page_Store/select_--Select--Amikacin -500'

2018-06-10 20:04:57 - [MESSAGE][PASSED] - All options with index in [1] are selected on object 'Object Repository/Emergency/Page_Store/select_--Select--Amikacin -500'

2018-06-10 20:04:57 - [TEST_STEP][PASSED] - delay: Delayed 2 second(s)

2018-06-10 20:04:59 - [MESSAGE][PASSED] - Delayed 2 second(s)

2018-06-10 20:04:59 - [TEST_STEP][PASSED] - Statement - RequestedQty = com.kms.katalon.core.webui.keyword.WebUiBuiltInKeywords.getAttribute(com.kms.katalon.core.testobject.ObjectRepository.findTestObject(Emergency/Page_Store/input_txttotal), "value"): Attribute 'value' of object 'Object Repository/Emergency/Page_Store/input_txttotal' is: '10'

2018-06-10 20:04:59 - [MESSAGE][PASSED] - Attribute 'value' of object 'Object Repository/Emergency/Page_Store/input_txttotal' is: '10'

2018-06-10 20:04:59 - [TEST_STEP][PASSED] - Statement - out.println("Requested QTY : " + RequestedQty): null

2018-06-10 20:04:59 - [TEST_STEP][PASSED] - Statement - BatchNumber = com.kms.katalon.core.webui.keyword.WebUiBuiltInKeywords.getNumberOfTotalOption(com.kms.katalon.core.testobject.ObjectRepository.findTestObject(Emergency/Page_Store/select_--Select--BA1150BA4110)): 2 options of object 'Object Repository/Emergency/Page_Store/select_--Select--BA1150BA4110' counted

2018-06-10 20:04:59 - [MESSAGE][PASSED] - 2 options of object 'Object Repository/Emergency/Page_Store/select_--Select--BA1150BA4110' counted

2018-06-10 20:04:59 - [TEST_STEP][PASSED] - Statement - For ([g = 1, g <= BatchNumber - 1, (g++)]): null

2018-06-10 20:04:59 - [TEST_STEP][PASSED] - selectOptionByIndex: All options with index in [1] are selected on object 'Object Repository/Emergency/Page_Store/select_--Select--BA1150BA4110'

2018-06-10 20:04:59 - [MESSAGE][PASSED] - All options with index in [1] are selected on object 'Object Repository/Emergency/Page_Store/select_--Select--BA1150BA4110'

2018-06-10 20:04:59 - [TEST_STEP][PASSED] - delay: Delayed 2 second(s)

2018-06-10 20:05:01 - [MESSAGE][PASSED] - Delayed 2 second(s)

2018-06-10 20:05:01 - [TEST_STEP][PASSED] - Statement - Try: null

2018-06-10 20:05:01 - [TEST_STEP][PASSED] - Statement - StockQty = com.kms.katalon.core.webui.keyword.WebUiBuiltInKeywords.getAttribute(com.kms.katalon.core.testobject.ObjectRepository.findTestObject(Emergency/Page_Store/input_txtprice), "value"): Attribute 'value' of object 'Object Repository/Emergency/Page_Store/input_txtprice' is: '1885'

2018-06-10 20:05:02 - [MESSAGE][PASSED] - Attribute 'value' of object 'Object Repository/Emergency/Page_Store/input_txtprice' is: '1885'

2018-06-10 20:05:02 - [TEST_STEP][PASSED] - Statement - out.println("Stock QTY : " + StockQty): null

2018-06-10 20:05:02 - [TEST_STEP][PASSED] - delay: Delayed 2 second(s)

2018-06-10 20:05:04 - [MESSAGE][PASSED] - Delayed 2 second(s)

2018-06-10 20:05:04 - [TEST_STEP][PASSED] - Statement - If (java.lang.Integer.valueOf(StockQty) >= java.lang.Integer.valueOf(RequestedQty)): null

2018-06-10 20:05:04 - [TEST_STEP][PASSED] - delay: Delayed 1 second(s)

2018-06-10 20:05:05 - [MESSAGE][PASSED] - Delayed 1 second(s)

2018-06-10 20:05:05 - [TEST_STEP][PASSED] - setText: Text '10' is set on object 'Object Repository/Emergency/Page_Store/input_txtqty'

2018-06-10 20:05:05 - [MESSAGE][PASSED] - Text '10' is set on object 'Object Repository/Emergency/Page_Store/input_txtqty'

2018-06-10 20:05:05 - [TEST_STEP][PASSED] - click: Object: 'Object Repository/Emergency/Page_Store/button_Add' is clicked on

2018-06-10 20:05:05 - [MESSAGE][PASSED] - Object: 'Object Repository/Emergency/Page_Store/button_Add' is clicked on

2018-06-10 20:05:05 - [TEST_STEP][PASSED] - Statement - Break: null

2018-06-10 20:05:05 - [TEST_STEP][PASSED] - selectOptionByIndex: All options with index in [2] are selected on object 'Object Repository/Emergency/Page_Store/select_--Select--Amikacin -500'

2018-06-10 20:05:05 - [MESSAGE][PASSED] - All options with index in [2] are selected on object 'Object Repository/Emergency/Page_Store/select_--Select--Amikacin -500'

2018-06-10 20:05:05 - [TEST_STEP][PASSED] - delay: Delayed 2 second(s)

2018-06-10 20:05:07 - [MESSAGE][PASSED] - Delayed 2 second(s)

2018-06-10 20:05:07 - [TEST_STEP][PASSED] - Statement - RequestedQty = com.kms.katalon.core.webui.keyword.WebUiBuiltInKeywords.getAttribute(com.kms.katalon.core.testobject.ObjectRepository.findTestObject(Emergency/Page_Store/input_txttotal), "value"): Attribute 'value' of object 'Object Repository/Emergency/Page_Store/input_txttotal' is: '10'

2018-06-10 20:05:07 - [MESSAGE][PASSED] - Attribute 'value' of object 'Object Repository/Emergency/Page_Store/input_txttotal' is: '10'

2018-06-10 20:05:07 - [TEST_STEP][PASSED] - Statement - out.println("Requested QTY : " + RequestedQty): null

2018-06-10 20:05:07 - [TEST_STEP][PASSED] - Statement - BatchNumber = com.kms.katalon.core.webui.keyword.WebUiBuiltInKeywords.getNumberOfTotalOption(com.kms.katalon.core.testobject.ObjectRepository.findTestObject(Emergency/Page_Store/select_--Select--BA1150BA4110)): 3 options of object 'Object Repository/Emergency/Page_Store/select_--Select--BA1150BA4110' counted

2018-06-10 20:05:07 - [MESSAGE][PASSED] - 3 options of object 'Object Repository/Emergency/Page_Store/select_--Select--BA1150BA4110' counted

2018-06-10 20:05:07 - [TEST_STEP][PASSED] - Statement - For ([g = 1, g <= BatchNumber - 1, (g++)]): null

2018-06-10 20:05:07 - [TEST_STEP][PASSED] - selectOptionByIndex: All options with index in [1] are selected on object 'Object Repository/Emergency/Page_Store/select_--Select--BA1150BA4110'

2018-06-10 20:05:07 - [MESSAGE][PASSED] - All options with index in [1] are selected on object 'Object Repository/Emergency/Page_Store/select_--Select--BA1150BA4110'

2018-06-10 20:05:07 - [TEST_STEP][PASSED] - delay: Delayed 2 second(s)

2018-06-10 20:05:09 - [MESSAGE][PASSED] - Delayed 2 second(s)

2018-06-10 20:05:09 - [TEST_STEP][PASSED] - Statement - Try: null

2018-06-10 20:05:09 - [TEST_STEP][PASSED] - Statement - StockQty = com.kms.katalon.core.webui.keyword.WebUiBuiltInKeywords.getAttribute(com.kms.katalon.core.testobject.ObjectRepository.findTestObject(Emergency/Page_Store/input_txtprice), "value"): Attribute 'value' of object 'Object Repository/Emergency/Page_Store/input_txtprice' is: '737'

2018-06-10 20:05:09 - [MESSAGE][PASSED] - Attribute 'value' of object 'Object Repository/Emergency/Page_Store/input_txtprice' is: '737'

2018-06-10 20:05:09 - [TEST_STEP][PASSED] - Statement - out.println("Stock QTY : " + StockQty): null

2018-06-10 20:05:09 - [TEST_STEP][PASSED] - delay: Delayed 2 second(s)

2018-06-10 20:05:11 - [MESSAGE][PASSED] - Delayed 2 second(s)

2018-06-10 20:05:11 - [TEST_STEP][PASSED] - Statement - If (java.lang.Integer.valueOf(StockQty) >= java.lang.Integer.valueOf(RequestedQty)): null

2018-06-10 20:05:11 - [TEST_STEP][PASSED] - delay: Delayed 1 second(s)

2018-06-10 20:05:12 - [MESSAGE][PASSED] - Delayed 1 second(s)

2018-06-10 20:05:12 - [TEST_STEP][PASSED] - setText: Text '10' is set on object 'Object Repository/Emergency/Page_Store/input_txtqty'

2018-06-10 20:05:12 - [MESSAGE][PASSED] - Text '10' is set on object 'Object Repository/Emergency/Page_Store/input_txtqty'

2018-06-10 20:05:12 - [TEST_STEP][PASSED] - click: Object: 'Object Repository/Emergency/Page_Store/button_Add' is clicked on

2018-06-10 20:05:12 - [MESSAGE][PASSED] - Object: 'Object Repository/Emergency/Page_Store/button_Add' is clicked on

2018-06-10 20:05:12 - [TEST_STEP][PASSED] - Statement - Break: null

2018-06-10 20:05:12 - [TEST_STEP][PASSED] - selectOptionByIndex: All options with index in [3] are selected on object 'Object Repository/Emergency/Page_Store/select_--Select--Amikacin -500'

2018-06-10 20:05:12 - [MESSAGE][PASSED] - All options with index in [3] are selected on object 'Object Repository/Emergency/Page_Store/select_--Select--Amikacin -500'

2018-06-10 20:05:12 - [TEST_STEP][PASSED] - delay: Delayed 2 second(s)

2018-06-10 20:05:14 - [MESSAGE][PASSED] - Delayed 2 second(s)

2018-06-10 20:05:14 - [TEST_STEP][PASSED] - Statement - RequestedQty = com.kms.katalon.core.webui.keyword.WebUiBuiltInKeywords.getAttribute(com.kms.katalon.core.testobject.ObjectRepository.findTestObject(Emergency/Page_Store/input_txttotal), "value"): Attribute 'value' of object 'Object Repository/Emergency/Page_Store/input_txttotal' is: '10'

2018-06-10 20:05:14 - [MESSAGE][PASSED] - Attribute 'value' of object 'Object Repository/Emergency/Page_Store/input_txttotal' is: '10'

2018-06-10 20:05:14 - [TEST_STEP][PASSED] - Statement - out.println("Requested QTY : " + RequestedQty): null

2018-06-10 20:05:14 - [TEST_STEP][PASSED] - Statement - BatchNumber = com.kms.katalon.core.webui.keyword.WebUiBuiltInKeywords.getNumberOfTotalOption(com.kms.katalon.core.testobject.ObjectRepository.findTestObject(Emergency/Page_Store/select_--Select--BA1150BA4110)): 4 options of object 'Object Repository/Emergency/Page_Store/select_--Select--BA1150BA4110' counted

2018-06-10 20:05:14 - [MESSAGE][PASSED] - 4 options of object 'Object Repository/Emergency/Page_Store/select_--Select--BA1150BA4110' counted

2018-06-10 20:05:14 - [TEST_STEP][PASSED] - Statement - For ([g = 1, g <= BatchNumber - 1, (g++)]): null

2018-06-10 20:05:14 - [TEST_STEP][PASSED] - selectOptionByIndex: All options with index in [1] are selected on object 'Object Repository/Emergency/Page_Store/select_--Select--BA1150BA4110'

2018-06-10 20:05:15 - [MESSAGE][PASSED] - All options with index in [1] are selected on object 'Object Repository/Emergency/Page_Store/select_--Select--BA1150BA4110'

2018-06-10 20:05:15 - [TEST_STEP][PASSED] - delay: Delayed 2 second(s)

2018-06-10 20:05:17 - [MESSAGE][PASSED] - Delayed 2 second(s)

2018-06-10 20:05:17 - [TEST_STEP][PASSED] - Statement - Try: null

2018-06-10 20:05:17 - [TEST_STEP][PASSED] - Statement - StockQty = com.kms.katalon.core.webui.keyword.WebUiBuiltInKeywords.getAttribute(com.kms.katalon.core.testobject.ObjectRepository.findTestObject(Emergency/Page_Store/input_txtprice), "value"): Attribute 'value' of object 'Object Repository/Emergency/Page_Store/input_txtprice' is: '1685'

2018-06-10 20:05:17 - [MESSAGE][PASSED] - Attribute 'value' of object 'Object Repository/Emergency/Page_Store/input_txtprice' is: '1685'

2018-06-10 20:05:17 - [TEST_STEP][PASSED] - Statement - out.println("Stock QTY : " + StockQty): null

2018-06-10 20:05:17 - [TEST_STEP][PASSED] - delay: Delayed 2 second(s)

2018-06-10 20:05:19 - [MESSAGE][PASSED] - Delayed 2 second(s)

2018-06-10 20:05:19 - [TEST_STEP][PASSED] - Statement - If (java.lang.Integer.valueOf(StockQty) >= java.lang.Integer.valueOf(RequestedQty)): null

2018-06-10 20:05:19 - [TEST_STEP][PASSED] - delay: Delayed 1 second(s)

2018-06-10 20:05:20 - [MESSAGE][PASSED] - Delayed 1 second(s)

2018-06-10 20:05:20 - [TEST_STEP][PASSED] - setText: Text '10' is set on object 'Object Repository/Emergency/Page_Store/input_txtqty'

2018-06-10 20:05:20 - [MESSAGE][PASSED] - Text '10' is set on object 'Object Repository/Emergency/Page_Store/input_txtqty'

2018-06-10 20:05:20 - [TEST_STEP][PASSED] - click: Object: 'Object Repository/Emergency/Page_Store/button_Add' is clicked on

2018-06-10 20:05:20 - [MESSAGE][PASSED] - Object: 'Object Repository/Emergency/Page_Store/button_Add' is clicked on

2018-06-10 20:05:20 - [TEST_STEP][PASSED] - Statement - Break: null

2018-06-10 20:05:20 - [TEST_STEP][PASSED] - selectOptionByIndex: All options with index in [4] are selected on object 'Object Repository/Emergency/Page_Store/select_--Select--Amikacin -500'

2018-06-10 20:05:20 - [MESSAGE][PASSED] - All options with index in [4] are selected on object 'Object Repository/Emergency/Page_Store/select_--Select--Amikacin -500'

2018-06-10 20:05:20 - [TEST_STEP][PASSED] - delay: Delayed 2 second(s)

2018-06-10 20:05:22 - [MESSAGE][PASSED] - Delayed 2 second(s)

2018-06-10 20:05:22 - [TEST_STEP][PASSED] - Statement - RequestedQty = com.kms.katalon.core.webui.keyword.WebUiBuiltInKeywords.getAttribute(com.kms.katalon.core.testobject.ObjectRepository.findTestObject(Emergency/Page_Store/input_txttotal), "value"): Attribute 'value' of object 'Object Repository/Emergency/Page_Store/input_txttotal' is: '10'

2018-06-10 20:05:22 - [MESSAGE][PASSED] - Attribute 'value' of object 'Object Repository/Emergency/Page_Store/input_txttotal' is: '10'

2018-06-10 20:05:22 - [TEST_STEP][PASSED] - Statement - out.println("Requested QTY : " + RequestedQty): null

2018-06-10 20:05:22 - [TEST_STEP][PASSED] - Statement - BatchNumber = com.kms.katalon.core.webui.keyword.WebUiBuiltInKeywords.getNumberOfTotalOption(com.kms.katalon.core.testobject.ObjectRepository.findTestObject(Emergency/Page_Store/select_--Select--BA1150BA4110)): 3 options of object 'Object Repository/Emergency/Page_Store/select_--Select--BA1150BA4110' counted

2018-06-10 20:05:22 - [MESSAGE][PASSED] - 3 options of object 'Object Repository/Emergency/Page_Store/select_--Select--BA1150BA4110' counted

2018-06-10 20:05:22 - [TEST_STEP][PASSED] - Statement - For ([g = 1, g <= BatchNumber - 1, (g++)]): null

2018-06-10 20:05:22 - [TEST_STEP][PASSED] - selectOptionByIndex: All options with index in [1] are selected on object 'Object Repository/Emergency/Page_Store/select_--Select--BA1150BA4110'

2018-06-10 20:05:22 - [MESSAGE][PASSED] - All options with index in [1] are selected on object 'Object Repository/Emergency/Page_Store/select_--Select--BA1150BA4110'

2018-06-10 20:05:22 - [TEST_STEP][PASSED] - delay: Delayed 2 second(s)

2018-06-10 20:05:24 - [MESSAGE][PASSED] - Delayed 2 second(s)

2018-06-10 20:05:24 - [TEST_STEP][PASSED] - Statement - Try: null

2018-06-10 20:05:24 - [TEST_STEP][PASSED] - Statement - StockQty = com.kms.katalon.core.webui.keyword.WebUiBuiltInKeywords.getAttribute(com.kms.katalon.core.testobject.ObjectRepository.findTestObject(Emergency/Page_Store/input_txtprice), "value"): Attribute 'value' of object 'Object Repository/Emergency/Page_Store/input_txtprice' is: '885'

2018-06-10 20:05:24 - [MESSAGE][PASSED] - Attribute 'value' of object 'Object Repository/Emergency/Page_Store/input_txtprice' is: '885'

2018-06-10 20:05:24 - [TEST_STEP][PASSED] - Statement - out.println("Stock QTY : " + StockQty): null

2018-06-10 20:05:24 - [TEST_STEP][PASSED] - delay: Delayed 2 second(s)

2018-06-10 20:05:26 - [MESSAGE][PASSED] - Delayed 2 second(s)

2018-06-10 20:05:26 - [TEST_STEP][PASSED] - Statement - If (java.lang.Integer.valueOf(StockQty) >= java.lang.Integer.valueOf(RequestedQty)): null

2018-06-10 20:05:26 - [TEST_STEP][PASSED] - delay: Delayed 1 second(s)

2018-06-10 20:05:27 - [MESSAGE][PASSED] - Delayed 1 second(s)

2018-06-10 20:05:27 - [TEST_STEP][PASSED] - setText: Text '10' is set on object 'Object Repository/Emergency/Page_Store/input_txtqty'

2018-06-10 20:05:27 - [MESSAGE][PASSED] - Text '10' is set on object 'Object Repository/Emergency/Page_Store/input_txtqty'

2018-06-10 20:05:27 - [TEST_STEP][PASSED] - click: Object: 'Object Repository/Emergency/Page_Store/button_Add' is clicked on

2018-06-10 20:05:27 - [MESSAGE][PASSED] - Object: 'Object Repository/Emergency/Page_Store/button_Add' is clicked on

2018-06-10 20:05:27 - [TEST_STEP][PASSED] - Statement - Break: null

2018-06-10 20:05:27 - [TEST_STEP][PASSED] - selectOptionByIndex: All options with index in [5] are selected on object 'Object Repository/Emergency/Page_Store/select_--Select--Amikacin -500'

2018-06-10 20:05:27 - [MESSAGE][PASSED] - All options with index in [5] are selected on object 'Object Repository/Emergency/Page_Store/select_--Select--Amikacin -500'

2018-06-10 20:05:27 - [TEST_STEP][PASSED] - delay: Delayed 2 second(s)

2018-06-10 20:05:29 - [MESSAGE][PASSED] - Delayed 2 second(s)

2018-06-10 20:05:29 - [TEST_STEP][PASSED] - Statement - RequestedQty = com.kms.katalon.core.webui.keyword.WebUiBuiltInKeywords.getAttribute(com.kms.katalon.core.testobject.ObjectRepository.findTestObject(Emergency/Page_Store/input_txttotal), "value"): Attribute 'value' of object 'Object Repository/Emergency/Page_Store/input_txttotal' is: '10'

2018-06-10 20:05:30 - [MESSAGE][PASSED] - Attribute 'value' of object 'Object Repository/Emergency/Page_Store/input_txttotal' is: '10'

2018-06-10 20:05:30 - [TEST_STEP][PASSED] - Statement - out.println("Requested QTY : " + RequestedQty): null

2018-06-10 20:05:30 - [TEST_STEP][PASSED] - Statement - BatchNumber = com.kms.katalon.core.webui.keyword.WebUiBuiltInKeywords.getNumberOfTotalOption(com.kms.katalon.core.testobject.ObjectRepository.findTestObject(Emergency/Page_Store/select_--Select--BA1150BA4110)): 3 options of object 'Object Repository/Emergency/Page_Store/select_--Select--BA1150BA4110' counted

2018-06-10 20:05:30 - [MESSAGE][PASSED] - 3 options of object 'Object Repository/Emergency/Page_Store/select_--Select--BA1150BA4110' counted

2018-06-10 20:05:30 - [TEST_STEP][PASSED] - Statement - For ([g = 1, g <= BatchNumber - 1, (g++)]): null

2018-06-10 20:05:30 - [TEST_STEP][PASSED] - selectOptionByIndex: All options with index in [1] are selected on object 'Object Repository/Emergency/Page_Store/select_--Select--BA1150BA4110'

2018-06-10 20:05:30 - [MESSAGE][PASSED] - All options with index in [1] are selected on object 'Object Repository/Emergency/Page_Store/select_--Select--BA1150BA4110'

2018-06-10 20:05:30 - [TEST_STEP][PASSED] - delay: Delayed 2 second(s)

2018-06-10 20:05:32 - [MESSAGE][PASSED] - Delayed 2 second(s)

2018-06-10 20:05:32 - [TEST_STEP][PASSED] - Statement - Try: null

2018-06-10 20:05:32 - [TEST_STEP][PASSED] - Statement - StockQty = com.kms.katalon.core.webui.keyword.WebUiBuiltInKeywords.getAttribute(com.kms.katalon.core.testobject.ObjectRepository.findTestObject(Emergency/Page_Store/input_txtprice), "value"): Attribute 'value' of object 'Object Repository/Emergency/Page_Store/input_txtprice' is: '875'

2018-06-10 20:05:32 - [MESSAGE][PASSED] - Attribute 'value' of object 'Object Repository/Emergency/Page_Store/input_txtprice' is: '875'

2018-06-10 20:05:32 - [TEST_STEP][PASSED] - Statement - out.println("Stock QTY : " + StockQty): null

2018-06-10 20:05:32 - [TEST_STEP][PASSED] - delay: Delayed 2 second(s)

2018-06-10 20:05:34 - [MESSAGE][PASSED] - Delayed 2 second(s)

2018-06-10 20:05:34 - [TEST_STEP][PASSED] - Statement - If (java.lang.Integer.valueOf(StockQty) >= java.lang.Integer.valueOf(RequestedQty)): null

2018-06-10 20:05:34 - [TEST_STEP][PASSED] - delay: Delayed 1 second(s)

2018-06-10 20:05:35 - [MESSAGE][PASSED] - Delayed 1 second(s)

2018-06-10 20:05:35 - [TEST_STEP][PASSED] - setText: Text '10' is set on object 'Object Repository/Emergency/Page_Store/input_txtqty'

2018-06-10 20:05:35 - [MESSAGE][PASSED] - Text '10' is set on object 'Object Repository/Emergency/Page_Store/input_txtqty'

2018-06-10 20:05:35 - [TEST_STEP][PASSED] - click: Object: 'Object Repository/Emergency/Page_Store/button_Add' is clicked on

2018-06-10 20:05:35 - [MESSAGE][PASSED] - Object: 'Object Repository/Emergency/Page_Store/button_Add' is clicked on

2018-06-10 20:05:35 - [TEST_STEP][PASSED] - Statement - Break: null

2018-06-10 20:05:35 - [TEST_STEP][PASSED] - selectOptionByIndex: All options with index in [6] are selected on object 'Object Repository/Emergency/Page_Store/select_--Select--Amikacin -500'

2018-06-10 20:05:35 - [MESSAGE][PASSED] - All options with index in [6] are selected on object 'Object Repository/Emergency/Page_Store/select_--Select--Amikacin -500'

2018-06-10 20:05:35 - [TEST_STEP][PASSED] - delay: Delayed 2 second(s)

2018-06-10 20:05:37 - [MESSAGE][PASSED] - Delayed 2 second(s)

2018-06-10 20:05:37 - [TEST_STEP][PASSED] - Statement - RequestedQty = com.kms.katalon.core.webui.keyword.WebUiBuiltInKeywords.getAttribute(com.kms.katalon.core.testobject.ObjectRepository.findTestObject(Emergency/Page_Store/input_txttotal), "value"): Attribute 'value' of object 'Object Repository/Emergency/Page_Store/input_txttotal' is: '10'

2018-06-10 20:05:37 - [MESSAGE][PASSED] - Attribute 'value' of object 'Object Repository/Emergency/Page_Store/input_txttotal' is: '10'

2018-06-10 20:05:37 - [TEST_STEP][PASSED] - Statement - out.println("Requested QTY : " + RequestedQty): null

2018-06-10 20:05:37 - [TEST_STEP][PASSED] - Statement - BatchNumber = com.kms.katalon.core.webui.keyword.WebUiBuiltInKeywords.getNumberOfTotalOption(com.kms.katalon.core.testobject.ObjectRepository.findTestObject(Emergency/Page_Store/select_--Select--BA1150BA4110)): 3 options of object 'Object Repository/Emergency/Page_Store/select_--Select--BA1150BA4110' counted

2018-06-10 20:05:37 - [MESSAGE][PASSED] - 3 options of object 'Object Repository/Emergency/Page_Store/select_--Select--BA1150BA4110' counted

2018-06-10 20:05:37 - [TEST_STEP][PASSED] - Statement - For ([g = 1, g <= BatchNumber - 1, (g++)]): null

2018-06-10 20:05:37 - [TEST_STEP][PASSED] - selectOptionByIndex: All options with index in [1] are selected on object 'Object Repository/Emergency/Page_Store/select_--Select--BA1150BA4110'

2018-06-10 20:05:37 - [MESSAGE][PASSED] - All options with index in [1] are selected on object 'Object Repository/Emergency/Page_Store/select_--Select--BA1150BA4110'

2018-06-10 20:05:37 - [TEST_STEP][PASSED] - delay: Delayed 2 second(s)

2018-06-10 20:05:39 - [MESSAGE][PASSED] - Delayed 2 second(s)

2018-06-10 20:05:39 - [TEST_STEP][PASSED] - Statement - Try: null

2018-06-10 20:05:39 - [TEST_STEP][PASSED] - Statement - StockQty = com.kms.katalon.core.webui.keyword.WebUiBuiltInKeywords.getAttribute(com.kms.katalon.core.testobject.ObjectRepository.findTestObject(Emergency/Page_Store/input_txtprice), "value"): Attribute 'value' of object 'Object Repository/Emergency/Page_Store/input_txtprice' is: '875'

2018-06-10 20:05:39 - [MESSAGE][PASSED] - Attribute 'value' of object 'Object Repository/Emergency/Page_Store/input_txtprice' is: '875'

2018-06-10 20:05:39 - [TEST_STEP][PASSED] - Statement - out.println("Stock QTY : " + StockQty): null

2018-06-10 20:05:39 - [TEST_STEP][PASSED] - delay: Delayed 2 second(s)

2018-06-10 20:05:41 - [MESSAGE][PASSED] - Delayed 2 second(s)

2018-06-10 20:05:41 - [TEST_STEP][PASSED] - Statement - If (java.lang.Integer.valueOf(StockQty) >= java.lang.Integer.valueOf(RequestedQty)): null

2018-06-10 20:05:41 - [TEST_STEP][PASSED] - delay: Delayed 1 second(s)

2018-06-10 20:05:42 - [MESSAGE][PASSED] - Delayed 1 second(s)

2018-06-10 20:05:42 - [TEST_STEP][PASSED] - setText: Text '10' is set on object 'Object Repository/Emergency/Page_Store/input_txtqty'

2018-06-10 20:05:42 - [MESSAGE][PASSED] - Text '10' is set on object 'Object Repository/Emergency/Page_Store/input_txtqty'

2018-06-10 20:05:42 - [TEST_STEP][PASSED] - click: Object: 'Object Repository/Emergency/Page_Store/button_Add' is clicked on

2018-06-10 20:05:42 - [MESSAGE][PASSED] - Object: 'Object Repository/Emergency/Page_Store/button_Add' is clicked on

2018-06-10 20:05:42 - [TEST_STEP][PASSED] - Statement - Break: null

2018-06-10 20:05:42 - [TEST_STEP][PASSED] - selectOptionByIndex: All options with index in [7] are selected on object 'Object Repository/Emergency/Page_Store/select_--Select--Amikacin -500'

2018-06-10 20:05:43 - [MESSAGE][PASSED] - All options with index in [7] are selected on object 'Object Repository/Emergency/Page_Store/select_--Select--Amikacin -500'

2018-06-10 20:05:43 - [TEST_STEP][PASSED] - delay: Delayed 2 second(s)

2018-06-10 20:05:45 - [MESSAGE][PASSED] - Delayed 2 second(s)

2018-06-10 20:05:45 - [TEST_STEP][PASSED] - Statement - RequestedQty = com.kms.katalon.core.webui.keyword.WebUiBuiltInKeywords.getAttribute(com.kms.katalon.core.testobject.ObjectRepository.findTestObject(Emergency/Page_Store/input_txttotal), "value"): Attribute 'value' of object 'Object Repository/Emergency/Page_Store/input_txttotal' is: '10'

2018-06-10 20:05:45 - [MESSAGE][PASSED] - Attribute 'value' of object 'Object Repository/Emergency/Page_Store/input_txttotal' is: '10'

2018-06-10 20:05:45 - [TEST_STEP][PASSED] - Statement - out.println("Requested QTY : " + RequestedQty): null

2018-06-10 20:05:45 - [TEST_STEP][PASSED] - Statement - BatchNumber = com.kms.katalon.core.webui.keyword.WebUiBuiltInKeywords.getNumberOfTotalOption(com.kms.katalon.core.testobject.ObjectRepository.findTestObject(Emergency/Page_Store/select_--Select--BA1150BA4110)): 2 options of object 'Object Repository/Emergency/Page_Store/select_--Select--BA1150BA4110' counted

2018-06-10 20:05:45 - [MESSAGE][PASSED] - 2 options of object 'Object Repository/Emergency/Page_Store/select_--Select--BA1150BA4110' counted

2018-06-10 20:05:45 - [TEST_STEP][PASSED] - Statement - For ([g = 1, g <= BatchNumber - 1, (g++)]): null

2018-06-10 20:05:45 - [TEST_STEP][PASSED] - selectOptionByIndex: All options with index in [1] are selected on object 'Object Repository/Emergency/Page_Store/select_--Select--BA1150BA4110'

2018-06-10 20:05:45 - [MESSAGE][PASSED] - All options with index in [1] are selected on object 'Object Repository/Emergency/Page_Store/select_--Select--BA1150BA4110'

2018-06-10 20:05:45 - [TEST_STEP][PASSED] - delay: Delayed 2 second(s)

2018-06-10 20:05:47 - [MESSAGE][PASSED] - Delayed 2 second(s)

2018-06-10 20:05:47 - [TEST_STEP][PASSED] - Statement - Try: null

2018-06-10 20:05:47 - [TEST_STEP][PASSED] - Statement - StockQty = com.kms.katalon.core.webui.keyword.WebUiBuiltInKeywords.getAttribute(com.kms.katalon.core.testobject.ObjectRepository.findTestObject(Emergency/Page_Store/input_txtprice), "value"): Attribute 'value' of object 'Object Repository/Emergency/Page_Store/input_txtprice' is: '1905'

2018-06-10 20:05:47 - [MESSAGE][PASSED] - Attribute 'value' of object 'Object Repository/Emergency/Page_Store/input_txtprice' is: '1905'

2018-06-10 20:05:47 - [TEST_STEP][PASSED] - Statement - out.println("Stock QTY : " + StockQty): null

2018-06-10 20:05:47 - [TEST_STEP][PASSED] - delay: Delayed 2 second(s)

2018-06-10 20:05:49 - [MESSAGE][PASSED] - Delayed 2 second(s)

2018-06-10 20:05:49 - [TEST_STEP][PASSED] - Statement - If (java.lang.Integer.valueOf(StockQty) >= java.lang.Integer.valueOf(RequestedQty)): null

2018-06-10 20:05:49 - [TEST_STEP][PASSED] - delay: Delayed 1 second(s)

2018-06-10 20:05:50 - [MESSAGE][PASSED] - Delayed 1 second(s)

2018-06-10 20:05:50 - [TEST_STEP][PASSED] - setText: Text '10' is set on object 'Object Repository/Emergency/Page_Store/input_txtqty'

2018-06-10 20:05:50 - [MESSAGE][PASSED] - Text '10' is set on object 'Object Repository/Emergency/Page_Store/input_txtqty'

2018-06-10 20:05:50 - [TEST_STEP][PASSED] - click: Object: 'Object Repository/Emergency/Page_Store/button_Add' is clicked on

2018-06-10 20:05:50 - [MESSAGE][PASSED] - Object: 'Object Repository/Emergency/Page_Store/button_Add' is clicked on

2018-06-10 20:05:50 - [TEST_STEP][PASSED] - Statement - Break: null

2018-06-10 20:05:50 - [TEST_STEP][PASSED] - selectOptionByIndex: All options with index in [8] are selected on object 'Object Repository/Emergency/Page_Store/select_--Select--Amikacin -500'

2018-06-10 20:05:50 - [MESSAGE][PASSED] - All options with index in [8] are selected on object 'Object Repository/Emergency/Page_Store/select_--Select--Amikacin -500'

2018-06-10 20:05:50 - [TEST_STEP][PASSED] - delay: Delayed 2 second(s)

2018-06-10 20:05:52 - [MESSAGE][PASSED] - Delayed 2 second(s)

2018-06-10 20:05:52 - [TEST_STEP][PASSED] - Statement - RequestedQty = com.kms.katalon.core.webui.keyword.WebUiBuiltInKeywords.getAttribute(com.kms.katalon.core.testobject.ObjectRepository.findTestObject(Emergency/Page_Store/input_txttotal), "value"): Attribute 'value' of object 'Object Repository/Emergency/Page_Store/input_txttotal' is: '10'

2018-06-10 20:05:52 - [MESSAGE][PASSED] - Attribute 'value' of object 'Object Repository/Emergency/Page_Store/input_txttotal' is: '10'

2018-06-10 20:05:52 - [TEST_STEP][PASSED] - Statement - out.println("Requested QTY : " + RequestedQty): null

2018-06-10 20:05:52 - [TEST_STEP][PASSED] - Statement - BatchNumber = com.kms.katalon.core.webui.keyword.WebUiBuiltInKeywords.getNumberOfTotalOption(com.kms.katalon.core.testobject.ObjectRepository.findTestObject(Emergency/Page_Store/select_--Select--BA1150BA4110)): 4 options of object 'Object Repository/Emergency/Page_Store/select_--Select--BA1150BA4110' counted

2018-06-10 20:05:52 - [MESSAGE][PASSED] - 4 options of object 'Object Repository/Emergency/Page_Store/select_--Select--BA1150BA4110' counted

2018-06-10 20:05:52 - [TEST_STEP][PASSED] - Statement - For ([g = 1, g <= BatchNumber - 1, (g++)]): null

2018-06-10 20:05:52 - [TEST_STEP][PASSED] - selectOptionByIndex: All options with index in [1] are selected on object 'Object Repository/Emergency/Page_Store/select_--Select--BA1150BA4110'

2018-06-10 20:05:52 - [MESSAGE][PASSED] - All options with index in [1] are selected on object 'Object Repository/Emergency/Page_Store/select_--Select--BA1150BA4110'

2018-06-10 20:05:52 - [TEST_STEP][PASSED] - delay: Delayed 2 second(s)

2018-06-10 20:05:54 - [MESSAGE][PASSED] - Delayed 2 second(s)

2018-06-10 20:05:54 - [TEST_STEP][PASSED] - Statement - Try: null

2018-06-10 20:05:54 - [TEST_STEP][PASSED] - Statement - StockQty = com.kms.katalon.core.webui.keyword.WebUiBuiltInKeywords.getAttribute(com.kms.katalon.core.testobject.ObjectRepository.findTestObject(Emergency/Page_Store/input_txtprice), "value"): Attribute 'value' of object 'Object Repository/Emergency/Page_Store/input_txtprice' is: '1685'

2018-06-10 20:05:54 - [MESSAGE][PASSED] - Attribute 'value' of object 'Object Repository/Emergency/Page_Store/input_txtprice' is: '1685'

2018-06-10 20:05:54 - [TEST_STEP][PASSED] - Statement - out.println("Stock QTY : " + StockQty): null

2018-06-10 20:05:54 - [TEST_STEP][PASSED] - delay: Delayed 2 second(s)

2018-06-10 20:05:56 - [MESSAGE][PASSED] - Delayed 2 second(s)

2018-06-10 20:05:56 - [TEST_STEP][PASSED] - Statement - If (java.lang.Integer.valueOf(StockQty) >= java.lang.Integer.valueOf(RequestedQty)): null

2018-06-10 20:05:56 - [TEST_STEP][PASSED] - delay: Delayed 1 second(s)

2018-06-10 20:05:57 - [MESSAGE][PASSED] - Delayed 1 second(s)

2018-06-10 20:05:57 - [TEST_STEP][PASSED] - setText: Text '10' is set on object 'Object Repository/Emergency/Page_Store/input_txtqty'

2018-06-10 20:05:57 - [MESSAGE][PASSED] - Text '10' is set on object 'Object Repository/Emergency/Page_Store/input_txtqty'

2018-06-10 20:05:57 - [TEST_STEP][PASSED] - click: Object: 'Object Repository/Emergency/Page_Store/button_Add' is clicked on

2018-06-10 20:05:58 - [MESSAGE][PASSED] - Object: 'Object Repository/Emergency/Page_Store/button_Add' is clicked on

2018-06-10 20:05:58 - [TEST_STEP][PASSED] - Statement - Break: null

2018-06-10 20:05:58 - [TEST_STEP][PASSED] - selectOptionByIndex: All options with index in [9] are selected on object 'Object Repository/Emergency/Page_Store/select_--Select--Amikacin -500'

2018-06-10 20:05:58 - [MESSAGE][PASSED] - All options with index in [9] are selected on object 'Object Repository/Emergency/Page_Store/select_--Select--Amikacin -500'

2018-06-10 20:05:58 - [TEST_STEP][PASSED] - delay: Delayed 2 second(s)

2018-06-10 20:06:00 - [MESSAGE][PASSED] - Delayed 2 second(s)

2018-06-10 20:06:00 - [TEST_STEP][PASSED] - Statement - RequestedQty = com.kms.katalon.core.webui.keyword.WebUiBuiltInKeywords.getAttribute(com.kms.katalon.core.testobject.ObjectRepository.findTestObject(Emergency/Page_Store/input_txttotal), "value"): Attribute 'value' of object 'Object Repository/Emergency/Page_Store/input_txttotal' is: '10'

2018-06-10 20:06:00 - [MESSAGE][PASSED] - Attribute 'value' of object 'Object Repository/Emergency/Page_Store/input_txttotal' is: '10'

2018-06-10 20:06:00 - [TEST_STEP][PASSED] - Statement - out.println("Requested QTY : " + RequestedQty): null

2018-06-10 20:06:00 - [TEST_STEP][PASSED] - Statement - BatchNumber = com.kms.katalon.core.webui.keyword.WebUiBuiltInKeywords.getNumberOfTotalOption(com.kms.katalon.core.testobject.ObjectRepository.findTestObject(Emergency/Page_Store/select_--Select--BA1150BA4110)): 3 options of object 'Object Repository/Emergency/Page_Store/select_--Select--BA1150BA4110' counted

2018-06-10 20:06:00 - [MESSAGE][PASSED] - 3 options of object 'Object Repository/Emergency/Page_Store/select_--Select--BA1150BA4110' counted

2018-06-10 20:06:00 - [TEST_STEP][PASSED] - Statement - For ([g = 1, g <= BatchNumber - 1, (g++)]): null

2018-06-10 20:06:00 - [TEST_STEP][PASSED] - selectOptionByIndex: All options with index in [1] are selected on object 'Object Repository/Emergency/Page_Store/select_--Select--BA1150BA4110'

2018-06-10 20:06:00 - [MESSAGE][PASSED] - All options with index in [1] are selected on object 'Object Repository/Emergency/Page_Store/select_--Select--BA1150BA4110'

2018-06-10 20:06:00 - [TEST_STEP][PASSED] - delay: Delayed 2 second(s)

2018-06-10 20:06:02 - [MESSAGE][PASSED] - Delayed 2 second(s)

2018-06-10 20:06:02 - [TEST_STEP][PASSED] - Statement - Try: null

2018-06-10 20:06:02 - [TEST_STEP][PASSED] - Statement - StockQty = com.kms.katalon.core.webui.keyword.WebUiBuiltInKeywords.getAttribute(com.kms.katalon.core.testobject.ObjectRepository.findTestObject(Emergency/Page_Store/input_txtprice), "value"): Attribute 'value' of object 'Object Repository/Emergency/Page_Store/input_txtprice' is: '885'

2018-06-10 20:06:02 - [MESSAGE][PASSED] - Attribute 'value' of object 'Object Repository/Emergency/Page_Store/input_txtprice' is: '885'

2018-06-10 20:06:02 - [TEST_STEP][PASSED] - Statement - out.println("Stock QTY : " + StockQty): null

2018-06-10 20:06:02 - [TEST_STEP][PASSED] - delay: Delayed 2 second(s)

2018-06-10 20:06:04 - [MESSAGE][PASSED] - Delayed 2 second(s)

2018-06-10 20:06:04 - [TEST_STEP][PASSED] - Statement - If (java.lang.Integer.valueOf(StockQty) >= java.lang.Integer.valueOf(RequestedQty)): null

2018-06-10 20:06:04 - [TEST_STEP][PASSED] - delay: Delayed 1 second(s)

2018-06-10 20:06:05 - [MESSAGE][PASSED] - Delayed 1 second(s)

2018-06-10 20:06:05 - [TEST_STEP][PASSED] - setText: Text '10' is set on object 'Object Repository/Emergency/Page_Store/input_txtqty'

2018-06-10 20:06:05 - [MESSAGE][PASSED] - Text '10' is set on object 'Object Repository/Emergency/Page_Store/input_txtqty'

2018-06-10 20:06:05 - [TEST_STEP][PASSED] - click: Object: 'Object Repository/Emergency/Page_Store/button_Add' is clicked on

2018-06-10 20:06:05 - [MESSAGE][PASSED] - Object: 'Object Repository/Emergency/Page_Store/button_Add' is clicked on

2018-06-10 20:06:05 - [TEST_STEP][PASSED] - Statement - Break: null

2018-06-10 20:06:05 - [TEST_STEP][PASSED] - selectOptionByIndex: All options with index in [10] are selected on object 'Object Repository/Emergency/Page_Store/select_--Select--Amikacin -500'

2018-06-10 20:06:05 - [MESSAGE][PASSED] - All options with index in [10] are selected on object 'Object Repository/Emergency/Page_Store/select_--Select--Amikacin -500'

2018-06-10 20:06:05 - [TEST_STEP][PASSED] - delay: Delayed 2 second(s)

2018-06-10 20:06:07 - [MESSAGE][PASSED] - Delayed 2 second(s)

2018-06-10 20:06:07 - [TEST_STEP][PASSED] - Statement - RequestedQty = com.kms.katalon.core.webui.keyword.WebUiBuiltInKeywords.getAttribute(com.kms.katalon.core.testobject.ObjectRepository.findTestObject(Emergency/Page_Store/input_txttotal), "value"): Attribute 'value' of object 'Object Repository/Emergency/Page_Store/input_txttotal' is: '10'

2018-06-10 20:06:07 - [MESSAGE][PASSED] - Attribute 'value' of object 'Object Repository/Emergency/Page_Store/input_txttotal' is: '10'

2018-06-10 20:06:07 - [TEST_STEP][PASSED] - Statement - out.println("Requested QTY : " + RequestedQty): null

2018-06-10 20:06:07 - [TEST_STEP][PASSED] - Statement - BatchNumber = com.kms.katalon.core.webui.keyword.WebUiBuiltInKeywords.getNumberOfTotalOption(com.kms.katalon.core.testobject.ObjectRepository.findTestObject(Emergency/Page_Store/select_--Select--BA1150BA4110)): 3 options of object 'Object Repository/Emergency/Page_Store/select_--Select--BA1150BA4110' counted

2018-06-10 20:06:07 - [MESSAGE][PASSED] - 3 options of object 'Object Repository/Emergency/Page_Store/select_--Select--BA1150BA4110' counted

2018-06-10 20:06:07 - [TEST_STEP][PASSED] - Statement - For ([g = 1, g <= BatchNumber - 1, (g++)]): null

2018-06-10 20:06:07 - [TEST_STEP][PASSED] - selectOptionByIndex: All options with index in [1] are selected on object 'Object Repository/Emergency/Page_Store/select_--Select--BA1150BA4110'

2018-06-10 20:06:08 - [MESSAGE][PASSED] - All options with index in [1] are selected on object 'Object Repository/Emergency/Page_Store/select_--Select--BA1150BA4110'

2018-06-10 20:06:08 - [TEST_STEP][PASSED] - delay: Delayed 2 second(s)

2018-06-10 20:06:10 - [MESSAGE][PASSED] - Delayed 2 second(s)

2018-06-10 20:06:10 - [TEST_STEP][PASSED] - Statement - Try: null

2018-06-10 20:06:10 - [TEST_STEP][PASSED] - Statement - StockQty = com.kms.katalon.core.webui.keyword.WebUiBuiltInKeywords.getAttribute(com.kms.katalon.core.testobject.ObjectRepository.findTestObject(Emergency/Page_Store/input_txtprice), "value"): Attribute 'value' of object 'Object Repository/Emergency/Page_Store/input_txtprice' is: '450'

2018-06-10 20:06:10 - [MESSAGE][PASSED] - Attribute 'value' of object 'Object Repository/Emergency/Page_Store/input_txtprice' is: '450'

2018-06-10 20:06:10 - [TEST_STEP][PASSED] - Statement - out.println("Stock QTY : " + StockQty): null

2018-06-10 20:06:10 - [TEST_STEP][PASSED] - delay: Delayed 2 second(s)

2018-06-10 20:06:12 - [MESSAGE][PASSED] - Delayed 2 second(s)

2018-06-10 20:06:12 - [TEST_STEP][PASSED] - Statement - If (java.lang.Integer.valueOf(StockQty) >= java.lang.Integer.valueOf(RequestedQty)): null

2018-06-10 20:06:12 - [TEST_STEP][PASSED] - delay: Delayed 1 second(s)

2018-06-10 20:06:13 - [MESSAGE][PASSED] - Delayed 1 second(s)

2018-06-10 20:06:13 - [TEST_STEP][PASSED] - setText: Text '10' is set on object 'Object Repository/Emergency/Page_Store/input_txtqty'

2018-06-10 20:06:13 - [MESSAGE][PASSED] - Text '10' is set on object 'Object Repository/Emergency/Page_Store/input_txtqty'

2018-06-10 20:06:13 - [TEST_STEP][PASSED] - click: Object: 'Object Repository/Emergency/Page_Store/button_Add' is clicked on

2018-06-10 20:06:13 - [MESSAGE][PASSED] - Object: 'Object Repository/Emergency/Page_Store/button_Add' is clicked on

2018-06-10 20:06:13 - [TEST_STEP][PASSED] - Statement - Break: null

2018-06-10 20:06:13 - [TEST_STEP][PASSED] - selectOptionByIndex: All options with index in [11] are selected on object 'Object Repository/Emergency/Page_Store/select_--Select--Amikacin -500'

2018-06-10 20:06:13 - [MESSAGE][PASSED] - All options with index in [11] are selected on object 'Object Repository/Emergency/Page_Store/select_--Select--Amikacin -500'

2018-06-10 20:06:13 - [TEST_STEP][PASSED] - delay: Delayed 2 second(s)

2018-06-10 20:06:15 - [MESSAGE][PASSED] - Delayed 2 second(s)

2018-06-10 20:06:15 - [TEST_STEP][PASSED] - Statement - RequestedQty = com.kms.katalon.core.webui.keyword.WebUiBuiltInKeywords.getAttribute(com.kms.katalon.core.testobject.ObjectRepository.findTestObject(Emergency/Page_Store/input_txttotal), "value"): Attribute 'value' of object 'Object Repository/Emergency/Page_Store/input_txttotal' is: '10'

2018-06-10 20:06:15 - [MESSAGE][PASSED] - Attribute 'value' of object 'Object Repository/Emergency/Page_Store/input_txttotal' is: '10'

2018-06-10 20:06:15 - [TEST_STEP][PASSED] - Statement - out.println("Requested QTY : " + RequestedQty): null

2018-06-10 20:06:15 - [TEST_STEP][PASSED] - Statement - BatchNumber = com.kms.katalon.core.webui.keyword.WebUiBuiltInKeywords.getNumberOfTotalOption(com.kms.katalon.core.testobject.ObjectRepository.findTestObject(Emergency/Page_Store/select_--Select--BA1150BA4110)): 4 options of object 'Object Repository/Emergency/Page_Store/select_--Select--BA1150BA4110' counted

2018-06-10 20:06:15 - [MESSAGE][PASSED] - 4 options of object 'Object Repository/Emergency/Page_Store/select_--Select--BA1150BA4110' counted

2018-06-10 20:06:15 - [TEST_STEP][PASSED] - Statement - For ([g = 1, g <= BatchNumber - 1, (g++)]): null

2018-06-10 20:06:15 - [TEST_STEP][PASSED] - selectOptionByIndex: All options with index in [1] are selected on object 'Object Repository/Emergency/Page_Store/select_--Select--BA1150BA4110'

2018-06-10 20:06:15 - [MESSAGE][PASSED] - All options with index in [1] are selected on object 'Object Repository/Emergency/Page_Store/select_--Select--BA1150BA4110'

2018-06-10 20:06:15 - [TEST_STEP][PASSED] - delay: Delayed 2 second(s)

2018-06-10 20:06:17 - [MESSAGE][PASSED] - Delayed 2 second(s)

2018-06-10 20:06:17 - [TEST_STEP][PASSED] - Statement - Try: null

2018-06-10 20:06:17 - [TEST_STEP][PASSED] - Statement - StockQty = com.kms.katalon.core.webui.keyword.WebUiBuiltInKeywords.getAttribute(com.kms.katalon.core.testobject.ObjectRepository.findTestObject(Emergency/Page_Store/input_txtprice), "value"): Attribute 'value' of object 'Object Repository/Emergency/Page_Store/input_txtprice' is: '875'

2018-06-10 20:06:17 - [MESSAGE][PASSED] - Attribute 'value' of object 'Object Repository/Emergency/Page_Store/input_txtprice' is: '875'

2018-06-10 20:06:17 - [TEST_STEP][PASSED] - Statement - out.println("Stock QTY : " + StockQty): null

2018-06-10 20:06:17 - [TEST_STEP][PASSED] - delay: Delayed 2 second(s)

2018-06-10 20:06:19 - [MESSAGE][PASSED] - Delayed 2 second(s)

2018-06-10 20:06:19 - [TEST_STEP][PASSED] - Statement - If (java.lang.Integer.valueOf(StockQty) >= java.lang.Integer.valueOf(RequestedQty)): null

2018-06-10 20:06:19 - [TEST_STEP][PASSED] - delay: Delayed 1 second(s)

2018-06-10 20:06:20 - [MESSAGE][PASSED] - Delayed 1 second(s)

2018-06-10 20:06:20 - [TEST_STEP][PASSED] - setText: Text '10' is set on object 'Object Repository/Emergency/Page_Store/input_txtqty'

2018-06-10 20:06:20 - [MESSAGE][PASSED] - Text '10' is set on object 'Object Repository/Emergency/Page_Store/input_txtqty'

2018-06-10 20:06:20 - [TEST_STEP][PASSED] - click: Object: 'Object Repository/Emergency/Page_Store/button_Add' is clicked on

2018-06-10 20:06:21 - [MESSAGE][PASSED] - Object: 'Object Repository/Emergency/Page_Store/button_Add' is clicked on

2018-06-10 20:06:21 - [TEST_STEP][PASSED] - Statement - Break: null

2018-06-10 20:06:21 - [TEST_STEP][PASSED] - selectOptionByIndex: All options with index in [12] are selected on object 'Object Repository/Emergency/Page_Store/select_--Select--Amikacin -500'

2018-06-10 20:06:21 - [MESSAGE][PASSED] - All options with index in [12] are selected on object 'Object Repository/Emergency/Page_Store/select_--Select--Amikacin -500'

2018-06-10 20:06:21 - [TEST_STEP][PASSED] - delay: Delayed 2 second(s)

2018-06-10 20:06:23 - [MESSAGE][PASSED] - Delayed 2 second(s)

2018-06-10 20:06:23 - [TEST_STEP][PASSED] - Statement - RequestedQty = com.kms.katalon.core.webui.keyword.WebUiBuiltInKeywords.getAttribute(com.kms.katalon.core.testobject.ObjectRepository.findTestObject(Emergency/Page_Store/input_txttotal), "value"): Attribute 'value' of object 'Object Repository/Emergency/Page_Store/input_txttotal' is: '10'

2018-06-10 20:06:23 - [MESSAGE][PASSED] - Attribute 'value' of object 'Object Repository/Emergency/Page_Store/input_txttotal' is: '10'

2018-06-10 20:06:23 - [TEST_STEP][PASSED] - Statement - out.println("Requested QTY : " + RequestedQty): null

2018-06-10 20:06:23 - [TEST_STEP][PASSED] - Statement - BatchNumber = com.kms.katalon.core.webui.keyword.WebUiBuiltInKeywords.getNumberOfTotalOption(com.kms.katalon.core.testobject.ObjectRepository.findTestObject(Emergency/Page_Store/select_--Select--BA1150BA4110)): 2 options of object 'Object Repository/Emergency/Page_Store/select_--Select--BA1150BA4110' counted

2018-06-10 20:06:23 - [MESSAGE][PASSED] - 2 options of object 'Object Repository/Emergency/Page_Store/select_--Select--BA1150BA4110' counted

2018-06-10 20:06:23 - [TEST_STEP][PASSED] - Statement - For ([g = 1, g <= BatchNumber - 1, (g++)]): null

2018-06-10 20:06:23 - [TEST_STEP][PASSED] - selectOptionByIndex: All options with index in [1] are selected on object 'Object Repository/Emergency/Page_Store/select_--Select--BA1150BA4110'

2018-06-10 20:06:23 - [MESSAGE][PASSED] - All options with index in [1] are selected on object 'Object Repository/Emergency/Page_Store/select_--Select--BA1150BA4110'

2018-06-10 20:06:23 - [TEST_STEP][PASSED] - delay: Delayed 2 second(s)

2018-06-10 20:06:25 - [MESSAGE][PASSED] - Delayed 2 second(s)

2018-06-10 20:06:25 - [TEST_STEP][PASSED] - Statement - Try: null

2018-06-10 20:06:25 - [TEST_STEP][PASSED] - Statement - StockQty = com.kms.katalon.core.webui.keyword.WebUiBuiltInKeywords.getAttribute(com.kms.katalon.core.testobject.ObjectRepository.findTestObject(Emergency/Page_Store/input_txtprice), "value"): Attribute 'value' of object 'Object Repository/Emergency/Page_Store/input_txtprice' is: '1885'

2018-06-10 20:06:25 - [MESSAGE][PASSED] - Attribute 'value' of object 'Object Repository/Emergency/Page_Store/input_txtprice' is: '1885'

2018-06-10 20:06:25 - [TEST_STEP][PASSED] - Statement - out.println("Stock QTY : " + StockQty): null

2018-06-10 20:06:25 - [TEST_STEP][PASSED] - delay: Delayed 2 second(s)

2018-06-10 20:06:27 - [MESSAGE][PASSED] - Delayed 2 second(s)

2018-06-10 20:06:27 - [TEST_STEP][PASSED] - Statement - If (java.lang.Integer.valueOf(StockQty) >= java.lang.Integer.valueOf(RequestedQty)): null

2018-06-10 20:06:27 - [TEST_STEP][PASSED] - delay: Delayed 1 second(s)

2018-06-10 20:06:28 - [MESSAGE][PASSED] - Delayed 1 second(s)

2018-06-10 20:06:28 - [TEST_STEP][PASSED] - setText: Text '10' is set on object 'Object Repository/Emergency/Page_Store/input_txtqty'

2018-06-10 20:06:28 - [MESSAGE][PASSED] - Text '10' is set on object 'Object Repository/Emergency/Page_Store/input_txtqty'

2018-06-10 20:06:28 - [TEST_STEP][PASSED] - click: Object: 'Object Repository/Emergency/Page_Store/button_Add' is clicked on

2018-06-10 20:06:28 - [MESSAGE][PASSED] - Object: 'Object Repository/Emergency/Page_Store/button_Add' is clicked on

2018-06-10 20:06:28 - [TEST_STEP][PASSED] - Statement - Break: null

2018-06-10 20:06:28 - [TEST_STEP][PASSED] - selectOptionByIndex: All options with index in [13] are selected on object 'Object Repository/Emergency/Page_Store/select_--Select--Amikacin -500'

2018-06-10 20:06:28 - [MESSAGE][PASSED] - All options with index in [13] are selected on object 'Object Repository/Emergency/Page_Store/select_--Select--Amikacin -500'

2018-06-10 20:06:28 - [TEST_STEP][PASSED] - delay: Delayed 2 second(s)

2018-06-10 20:06:30 - [MESSAGE][PASSED] - Delayed 2 second(s)

2018-06-10 20:06:30 - [TEST_STEP][PASSED] - Statement - RequestedQty = com.kms.katalon.core.webui.keyword.WebUiBuiltInKeywords.getAttribute(com.kms.katalon.core.testobject.ObjectRepository.findTestObject(Emergency/Page_Store/input_txttotal), "value"): Attribute 'value' of object 'Object Repository/Emergency/Page_Store/input_txttotal' is: '10'

2018-06-10 20:06:30 - [MESSAGE][PASSED] - Attribute 'value' of object 'Object Repository/Emergency/Page_Store/input_txttotal' is: '10'

2018-06-10 20:06:30 - [TEST_STEP][PASSED] - Statement - out.println("Requested QTY : " + RequestedQty): null

2018-06-10 20:06:30 - [TEST_STEP][PASSED] - Statement - BatchNumber = com.kms.katalon.core.webui.keyword.WebUiBuiltInKeywords.getNumberOfTotalOption(com.kms.katalon.core.testobject.ObjectRepository.findTestObject(Emergency/Page_Store/select_--Select--BA1150BA4110)): 3 options of object 'Object Repository/Emergency/Page_Store/select_--Select--BA1150BA4110' counted

2018-06-10 20:06:30 - [MESSAGE][PASSED] - 3 options of object 'Object Repository/Emergency/Page_Store/select_--Select--BA1150BA4110' counted

2018-06-10 20:06:30 - [TEST_STEP][PASSED] - Statement - For ([g = 1, g <= BatchNumber - 1, (g++)]): null

2018-06-10 20:06:30 - [TEST_STEP][PASSED] - selectOptionByIndex: All options with index in [1] are selected on object 'Object Repository/Emergency/Page_Store/select_--Select--BA1150BA4110'

2018-06-10 20:06:31 - [MESSAGE][PASSED] - All options with index in [1] are selected on object 'Object Repository/Emergency/Page_Store/select_--Select--BA1150BA4110'

2018-06-10 20:06:31 - [TEST_STEP][PASSED] - delay: Delayed 2 second(s)

2018-06-10 20:06:33 - [MESSAGE][PASSED] - Delayed 2 second(s)

2018-06-10 20:06:33 - [TEST_STEP][PASSED] - Statement - Try: null

2018-06-10 20:06:33 - [TEST_STEP][PASSED] - Statement - StockQty = com.kms.katalon.core.webui.keyword.WebUiBuiltInKeywords.getAttribute(com.kms.katalon.core.testobject.ObjectRepository.findTestObject(Emergency/Page_Store/input_txtprice), "value"): Attribute 'value' of object 'Object Repository/Emergency/Page_Store/input_txtprice' is: '885'

2018-06-10 20:06:33 - [MESSAGE][PASSED] - Attribute 'value' of object 'Object Repository/Emergency/Page_Store/input_txtprice' is: '885'

2018-06-10 20:06:33 - [TEST_STEP][PASSED] - Statement - out.println("Stock QTY : " + StockQty): null

2018-06-10 20:06:33 - [TEST_STEP][PASSED] - delay: Delayed 2 second(s)

2018-06-10 20:06:35 - [MESSAGE][PASSED] - Delayed 2 second(s)

2018-06-10 20:06:35 - [TEST_STEP][PASSED] - Statement - If (java.lang.Integer.valueOf(StockQty) >= java.lang.Integer.valueOf(RequestedQty)): null

2018-06-10 20:06:35 - [TEST_STEP][PASSED] - delay: Delayed 1 second(s)

2018-06-10 20:06:36 - [MESSAGE][PASSED] - Delayed 1 second(s)

2018-06-10 20:06:36 - [TEST_STEP][PASSED] - setText: Text '10' is set on object 'Object Repository/Emergency/Page_Store/input_txtqty'

2018-06-10 20:06:36 - [MESSAGE][PASSED] - Text '10' is set on object 'Object Repository/Emergency/Page_Store/input_txtqty'

2018-06-10 20:06:36 - [TEST_STEP][PASSED] - click: Object: 'Object Repository/Emergency/Page_Store/button_Add' is clicked on

2018-06-10 20:06:36 - [MESSAGE][PASSED] - Object: 'Object Repository/Emergency/Page_Store/button_Add' is clicked on

2018-06-10 20:06:36 - [TEST_STEP][PASSED] - Statement - Break: null

2018-06-10 20:06:36 - [TEST_STEP][PASSED] - selectOptionByIndex: All options with index in [14] are selected on object 'Object Repository/Emergency/Page_Store/select_--Select--Amikacin -500'

2018-06-10 20:06:36 - [MESSAGE][PASSED] - All options with index in [14] are selected on object 'Object Repository/Emergency/Page_Store/select_--Select--Amikacin -500'

2018-06-10 20:06:36 - [TEST_STEP][PASSED] - delay: Delayed 2 second(s)

2018-06-10 20:06:38 - [MESSAGE][PASSED] - Delayed 2 second(s)

2018-06-10 20:06:38 - [TEST_STEP][PASSED] - Statement - RequestedQty = com.kms.katalon.core.webui.keyword.WebUiBuiltInKeywords.getAttribute(com.kms.katalon.core.testobject.ObjectRepository.findTestObject(Emergency/Page_Store/input_txttotal), "value"): Attribute 'value' of object 'Object Repository/Emergency/Page_Store/input_txttotal' is: '10'

2018-06-10 20:06:38 - [MESSAGE][PASSED] - Attribute 'value' of object 'Object Repository/Emergency/Page_Store/input_txttotal' is: '10'

2018-06-10 20:06:38 - [TEST_STEP][PASSED] - Statement - out.println("Requested QTY : " + RequestedQty): null

2018-06-10 20:06:38 - [TEST_STEP][PASSED] - Statement - BatchNumber = com.kms.katalon.core.webui.keyword.WebUiBuiltInKeywords.getNumberOfTotalOption(com.kms.katalon.core.testobject.ObjectRepository.findTestObject(Emergency/Page_Store/select_--Select--BA1150BA4110)): 4 options of object 'Object Repository/Emergency/Page_Store/select_--Select--BA1150BA4110' counted

2018-06-10 20:06:38 - [MESSAGE][PASSED] - 4 options of object 'Object Repository/Emergency/Page_Store/select_--Select--BA1150BA4110' counted

2018-06-10 20:06:38 - [TEST_STEP][PASSED] - Statement - For ([g = 1, g <= BatchNumber - 1, (g++)]): null

2018-06-10 20:06:38 - [TEST_STEP][PASSED] - selectOptionByIndex: All options with index in [1] are selected on object 'Object Repository/Emergency/Page_Store/select_--Select--BA1150BA4110'

2018-06-10 20:06:38 - [MESSAGE][PASSED] - All options with index in [1] are selected on object 'Object Repository/Emergency/Page_Store/select_--Select--BA1150BA4110'

2018-06-10 20:06:38 - [TEST_STEP][PASSED] - delay: Delayed 2 second(s)

2018-06-10 20:06:40 - [MESSAGE][PASSED] - Delayed 2 second(s)

2018-06-10 20:06:40 - [TEST_STEP][PASSED] - Statement - Try: null

2018-06-10 20:06:40 - [TEST_STEP][PASSED] - Statement - StockQty = com.kms.katalon.core.webui.keyword.WebUiBuiltInKeywords.getAttribute(com.kms.katalon.core.testobject.ObjectRepository.findTestObject(Emergency/Page_Store/input_txtprice), "value"): Attribute 'value' of object 'Object Repository/Emergency/Page_Store/input_txtprice' is: '3895'

2018-06-10 20:06:40 - [MESSAGE][PASSED] - Attribute 'value' of object 'Object Repository/Emergency/Page_Store/input_txtprice' is: '3895'

2018-06-10 20:06:40 - [TEST_STEP][PASSED] - Statement - out.println("Stock QTY : " + StockQty): null

2018-06-10 20:06:40 - [TEST_STEP][PASSED] - delay: Delayed 2 second(s)

2018-06-10 20:06:42 - [MESSAGE][PASSED] - Delayed 2 second(s)

2018-06-10 20:06:42 - [TEST_STEP][PASSED] - Statement - If (java.lang.Integer.valueOf(StockQty) >= java.lang.Integer.valueOf(RequestedQty)): null

2018-06-10 20:06:42 - [TEST_STEP][PASSED] - delay: Delayed 1 second(s)

2018-06-10 20:06:43 - [MESSAGE][PASSED] - Delayed 1 second(s)

2018-06-10 20:06:43 - [TEST_STEP][PASSED] - setText: Text '10' is set on object 'Object Repository/Emergency/Page_Store/input_txtqty'

2018-06-10 20:06:43 - [MESSAGE][PASSED] - Text '10' is set on object 'Object Repository/Emergency/Page_Store/input_txtqty'

2018-06-10 20:06:43 - [TEST_STEP][PASSED] - click: Object: 'Object Repository/Emergency/Page_Store/button_Add' is clicked on

2018-06-10 20:06:43 - [MESSAGE][PASSED] - Object: 'Object Repository/Emergency/Page_Store/button_Add' is clicked on

2018-06-10 20:06:43 - [TEST_STEP][PASSED] - Statement - Break: null

2018-06-10 20:06:43 - [TEST_STEP][PASSED] - selectOptionByIndex: All options with index in [15] are selected on object 'Object Repository/Emergency/Page_Store/select_--Select--Amikacin -500'

2018-06-10 20:06:44 - [MESSAGE][PASSED] - All options with index in [15] are selected on object 'Object Repository/Emergency/Page_Store/select_--Select--Amikacin -500'

2018-06-10 20:06:44 - [TEST_STEP][PASSED] - delay: Delayed 2 second(s)

2018-06-10 20:06:46 - [MESSAGE][PASSED] - Delayed 2 second(s)

2018-06-10 20:06:46 - [TEST_STEP][PASSED] - Statement - RequestedQty = com.kms.katalon.core.webui.keyword.WebUiBuiltInKeywords.getAttribute(com.kms.katalon.core.testobject.ObjectRepository.findTestObject(Emergency/Page_Store/input_txttotal), "value"): Attribute 'value' of object 'Object Repository/Emergency/Page_Store/input_txttotal' is: '10'

2018-06-10 20:06:46 - [MESSAGE][PASSED] - Attribute 'value' of object 'Object Repository/Emergency/Page_Store/input_txttotal' is: '10'

2018-06-10 20:06:46 - [TEST_STEP][PASSED] - Statement - out.println("Requested QTY : " + RequestedQty): null

2018-06-10 20:06:46 - [TEST_STEP][PASSED] - Statement - BatchNumber = com.kms.katalon.core.webui.keyword.WebUiBuiltInKeywords.getNumberOfTotalOption(com.kms.katalon.core.testobject.ObjectRepository.findTestObject(Emergency/Page_Store/select_--Select--BA1150BA4110)): 4 options of object 'Object Repository/Emergency/Page_Store/select_--Select--BA1150BA4110' counted

2018-06-10 20:06:46 - [MESSAGE][PASSED] - 4 options of object 'Object Repository/Emergency/Page_Store/select_--Select--BA1150BA4110' counted

2018-06-10 20:06:46 - [TEST_STEP][PASSED] - Statement - For ([g = 1, g <= BatchNumber - 1, (g++)]): null

2018-06-10 20:06:46 - [TEST_STEP][PASSED] - selectOptionByIndex: All options with index in [1] are selected on object 'Object Repository/Emergency/Page_Store/select_--Select--BA1150BA4110'

2018-06-10 20:06:46 - [MESSAGE][PASSED] - All options with index in [1] are selected on object 'Object Repository/Emergency/Page_Store/select_--Select--BA1150BA4110'

2018-06-10 20:06:46 - [TEST_STEP][PASSED] - delay: Delayed 2 second(s)

2018-06-10 20:06:48 - [MESSAGE][PASSED] - Delayed 2 second(s)

2018-06-10 20:06:48 - [TEST_STEP][PASSED] - Statement - Try: null

2018-06-10 20:06:48 - [TEST_STEP][PASSED] - Statement - StockQty = com.kms.katalon.core.webui.keyword.WebUiBuiltInKeywords.getAttribute(com.kms.katalon.core.testobject.ObjectRepository.findTestObject(Emergency/Page_Store/input_txtprice), "value"): Attribute 'value' of object 'Object Repository/Emergency/Page_Store/input_txtprice' is: '3895'

2018-06-10 20:06:48 - [MESSAGE][PASSED] - Attribute 'value' of object 'Object Repository/Emergency/Page_Store/input_txtprice' is: '3895'

2018-06-10 20:06:48 - [TEST_STEP][PASSED] - Statement - out.println("Stock QTY : " + StockQty): null

2018-06-10 20:06:48 - [TEST_STEP][PASSED] - delay: Delayed 2 second(s)

2018-06-10 20:06:50 - [MESSAGE][PASSED] - Delayed 2 second(s)

2018-06-10 20:06:50 - [TEST_STEP][PASSED] - Statement - If (java.lang.Integer.valueOf(StockQty) >= java.lang.Integer.valueOf(RequestedQty)): null

2018-06-10 20:06:50 - [TEST_STEP][PASSED] - delay: Delayed 1 second(s)

2018-06-10 20:06:51 - [MESSAGE][PASSED] - Delayed 1 second(s)

2018-06-10 20:06:51 - [TEST_STEP][PASSED] - setText: Text '10' is set on object 'Object Repository/Emergency/Page_Store/input_txtqty'

2018-06-10 20:06:51 - [MESSAGE][PASSED] - Text '10' is set on object 'Object Repository/Emergency/Page_Store/input_txtqty'

2018-06-10 20:06:51 - [TEST_STEP][PASSED] - click: Object: 'Object Repository/Emergency/Page_Store/button_Add' is clicked on

2018-06-10 20:06:51 - [MESSAGE][PASSED] - Object: 'Object Repository/Emergency/Page_Store/button_Add' is clicked on

2018-06-10 20:06:51 - [TEST_STEP][PASSED] - Statement - Break: null

2018-06-10 20:06:51 - [TEST_STEP][PASSED] - selectOptionByIndex: All options with index in [16] are selected on object 'Object Repository/Emergency/Page_Store/select_--Select--Amikacin -500'

2018-06-10 20:06:51 - [MESSAGE][PASSED] - All options with index in [16] are selected on object 'Object Repository/Emergency/Page_Store/select_--Select--Amikacin -500'

2018-06-10 20:06:51 - [TEST_STEP][PASSED] - delay: Delayed 2 second(s)

2018-06-10 20:06:53 - [MESSAGE][PASSED] - Delayed 2 second(s)

2018-06-10 20:06:53 - [TEST_STEP][PASSED] - Statement - RequestedQty = com.kms.katalon.core.webui.keyword.WebUiBuiltInKeywords.getAttribute(com.kms.katalon.core.testobject.ObjectRepository.findTestObject(Emergency/Page_Store/input_txttotal), "value"): Attribute 'value' of object 'Object Repository/Emergency/Page_Store/input_txttotal' is: '10'

2018-06-10 20:06:53 - [MESSAGE][PASSED] - Attribute 'value' of object 'Object Repository/Emergency/Page_Store/input_txttotal' is: '10'

2018-06-10 20:06:53 - [TEST_STEP][PASSED] - Statement - out.println("Requested QTY : " + RequestedQty): null

2018-06-10 20:06:53 - [TEST_STEP][PASSED] - Statement - BatchNumber = com.kms.katalon.core.webui.keyword.WebUiBuiltInKeywords.getNumberOfTotalOption(com.kms.katalon.core.testobject.ObjectRepository.findTestObject(Emergency/Page_Store/select_--Select--BA1150BA4110)): 3 options of object 'Object Repository/Emergency/Page_Store/select_--Select--BA1150BA4110' counted

2018-06-10 20:06:53 - [MESSAGE][PASSED] - 3 options of object 'Object Repository/Emergency/Page_Store/select_--Select--BA1150BA4110' counted

2018-06-10 20:06:53 - [TEST_STEP][PASSED] - Statement - For ([g = 1, g <= BatchNumber - 1, (g++)]): null

2018-06-10 20:06:53 - [TEST_STEP][PASSED] - selectOptionByIndex: All options with index in [1] are selected on object 'Object Repository/Emergency/Page_Store/select_--Select--BA1150BA4110'

2018-06-10 20:06:54 - [MESSAGE][PASSED] - All options with index in [1] are selected on object 'Object Repository/Emergency/Page_Store/select_--Select--BA1150BA4110'

2018-06-10 20:06:54 - [TEST_STEP][PASSED] - delay: Delayed 2 second(s)

2018-06-10 20:06:56 - [MESSAGE][PASSED] - Delayed 2 second(s)

2018-06-10 20:06:56 - [TEST_STEP][PASSED] - Statement - Try: null

2018-06-10 20:06:56 - [TEST_STEP][PASSED] - Statement - StockQty = com.kms.katalon.core.webui.keyword.WebUiBuiltInKeywords.getAttribute(com.kms.katalon.core.testobject.ObjectRepository.findTestObject(Emergency/Page_Store/input_txtprice), "value"): Attribute 'value' of object 'Object Repository/Emergency/Page_Store/input_txtprice' is: '885'

2018-06-10 20:06:56 - [MESSAGE][PASSED] - Attribute 'value' of object 'Object Repository/Emergency/Page_Store/input_txtprice' is: '885'

2018-06-10 20:06:56 - [TEST_STEP][PASSED] - Statement - out.println("Stock QTY : " + StockQty): null

2018-06-10 20:06:56 - [TEST_STEP][PASSED] - delay: Delayed 2 second(s)

2018-06-10 20:06:58 - [MESSAGE][PASSED] - Delayed 2 second(s)

2018-06-10 20:06:58 - [TEST_STEP][PASSED] - Statement - If (java.lang.Integer.valueOf(StockQty) >= java.lang.Integer.valueOf(RequestedQty)): null

2018-06-10 20:06:58 - [TEST_STEP][PASSED] - delay: Delayed 1 second(s)

2018-06-10 20:06:59 - [MESSAGE][PASSED] - Delayed 1 second(s)

2018-06-10 20:06:59 - [TEST_STEP][PASSED] - setText: Text '10' is set on object 'Object Repository/Emergency/Page_Store/input_txtqty'

2018-06-10 20:06:59 - [MESSAGE][PASSED] - Text '10' is set on object 'Object Repository/Emergency/Page_Store/input_txtqty'

2018-06-10 20:06:59 - [TEST_STEP][PASSED] - click: Object: 'Object Repository/Emergency/Page_Store/button_Add' is clicked on

2018-06-10 20:06:59 - [MESSAGE][PASSED] - Object: 'Object Repository/Emergency/Page_Store/button_Add' is clicked on

2018-06-10 20:06:59 - [TEST_STEP][PASSED] - Statement - Break: null

2018-06-10 20:06:59 - [TEST_STEP][PASSED] - selectOptionByIndex: All options with index in [17] are selected on object 'Object Repository/Emergency/Page_Store/select_--Select--Amikacin -500'

2018-06-10 20:06:59 - [MESSAGE][PASSED] - All options with index in [17] are selected on object 'Object Repository/Emergency/Page_Store/select_--Select--Amikacin -500'

2018-06-10 20:06:59 - [TEST_STEP][PASSED] - delay: Delayed 2 second(s)

2018-06-10 20:07:01 - [MESSAGE][PASSED] - Delayed 2 second(s)

2018-06-10 20:07:01 - [TEST_STEP][PASSED] - Statement - RequestedQty = com.kms.katalon.core.webui.keyword.WebUiBuiltInKeywords.getAttribute(com.kms.katalon.core.testobject.ObjectRepository.findTestObject(Emergency/Page_Store/input_txttotal), "value"): Attribute 'value' of object 'Object Repository/Emergency/Page_Store/input_txttotal' is: '10'

2018-06-10 20:07:01 - [MESSAGE][PASSED] - Attribute 'value' of object 'Object Repository/Emergency/Page_Store/input_txttotal' is: '10'

2018-06-10 20:07:01 - [TEST_STEP][PASSED] - Statement - out.println("Requested QTY : " + RequestedQty): null

2018-06-10 20:07:01 - [TEST_STEP][PASSED] - Statement - BatchNumber = com.kms.katalon.core.webui.keyword.WebUiBuiltInKeywords.getNumberOfTotalOption(com.kms.katalon.core.testobject.ObjectRepository.findTestObject(Emergency/Page_Store/select_--Select--BA1150BA4110)): 2 options of object 'Object Repository/Emergency/Page_Store/select_--Select--BA1150BA4110' counted

2018-06-10 20:07:01 - [MESSAGE][PASSED] - 2 options of object 'Object Repository/Emergency/Page_Store/select_--Select--BA1150BA4110' counted

2018-06-10 20:07:01 - [TEST_STEP][PASSED] - Statement - For ([g = 1, g <= BatchNumber - 1, (g++)]): null

2018-06-10 20:07:01 - [TEST_STEP][PASSED] - selectOptionByIndex: All options with index in [1] are selected on object 'Object Repository/Emergency/Page_Store/select_--Select--BA1150BA4110'

2018-06-10 20:07:01 - [MESSAGE][PASSED] - All options with index in [1] are selected on object 'Object Repository/Emergency/Page_Store/select_--Select--BA1150BA4110'

2018-06-10 20:07:01 - [TEST_STEP][PASSED] - delay: Delayed 2 second(s)

2018-06-10 20:07:03 - [MESSAGE][PASSED] - Delayed 2 second(s)

2018-06-10 20:07:03 - [TEST_STEP][PASSED] - Statement - Try: null

2018-06-10 20:07:03 - [TEST_STEP][PASSED] - Statement - StockQty = com.kms.katalon.core.webui.keyword.WebUiBuiltInKeywords.getAttribute(com.kms.katalon.core.testobject.ObjectRepository.findTestObject(Emergency/Page_Store/input_txtprice), "value"): Attribute 'value' of object 'Object Repository/Emergency/Page_Store/input_txtprice' is: '1935'

2018-06-10 20:07:03 - [MESSAGE][PASSED] - Attribute 'value' of object 'Object Repository/Emergency/Page_Store/input_txtprice' is: '1935'

2018-06-10 20:07:03 - [TEST_STEP][PASSED] - Statement - out.println("Stock QTY : " + StockQty): null

2018-06-10 20:07:03 - [TEST_STEP][PASSED] - delay: Delayed 2 second(s)

2018-06-10 20:07:05 - [MESSAGE][PASSED] - Delayed 2 second(s)

2018-06-10 20:07:05 - [TEST_STEP][PASSED] - Statement - If (java.lang.Integer.valueOf(StockQty) >= java.lang.Integer.valueOf(RequestedQty)): null

2018-06-10 20:07:05 - [TEST_STEP][PASSED] - delay: Delayed 1 second(s)

2018-06-10 20:07:06 - [MESSAGE][PASSED] - Delayed 1 second(s)

2018-06-10 20:07:06 - [TEST_STEP][PASSED] - setText: Text '10' is set on object 'Object Repository/Emergency/Page_Store/input_txtqty'

2018-06-10 20:07:06 - [MESSAGE][PASSED] - Text '10' is set on object 'Object Repository/Emergency/Page_Store/input_txtqty'

2018-06-10 20:07:06 - [TEST_STEP][PASSED] - click: Object: 'Object Repository/Emergency/Page_Store/button_Add' is clicked on

2018-06-10 20:07:06 - [MESSAGE][PASSED] - Object: 'Object Repository/Emergency/Page_Store/button_Add' is clicked on

2018-06-10 20:07:06 - [TEST_STEP][PASSED] - Statement - Break: null

2018-06-10 20:07:06 - [TEST_STEP][PASSED] - scrollToElement: Scroll to object 'Object Repository/Emergency/Page_Store/input_btnSubmit' successfully

2018-06-10 20:07:06 - [MESSAGE][PASSED] - Scroll to object 'Object Repository/Emergency/Page_Store/input_btnSubmit' successfully

2018-06-10 20:07:06 - [TEST_STEP][PASSED] - Statement - Try: Object: 'Object Repository/lab/Page_Store/button_OK' is clicked on

2018-06-10 20:07:06 - [TEST_STEP][PASSED] - click: Object: 'Object Repository/Emergency/Page_Store/input_btnSubmit' is clicked on

2018-06-10 20:07:07 - [MESSAGE][PASSED] - Object: 'Object Repository/Emergency/Page_Store/input_btnSubmit' is clicked on

2018-06-10 20:07:07 - [TEST_STEP][PASSED] - delay: Delayed 3 second(s)

2018-06-10 20:07:10 - [MESSAGE][PASSED] - Delayed 3 second(s)

2018-06-10 20:07:10 - [TEST_STEP][PASSED] - click: Object: 'Object Repository/lab/Page_Store/button_OK' is clicked on

2018-06-10 20:07:11 - [MESSAGE][PASSED] - Object: 'Object Repository/lab/Page_Store/button_OK' is clicked on

2018-06-10 20:07:11 - [TEST_STEP][PASSED] - delay: Delayed 3 second(s)

2018-06-10 20:07:14 - [MESSAGE][PASSED] - Delayed 3 second(s)

2018-06-10 20:07:14 - [TEST_STEP][PASSED] - click: Object: 'Object Repository/Emergency/Page_Store/a_dropdown-toggle' is clicked on

2018-06-10 20:07:14 - [MESSAGE][PASSED] - Object: 'Object Repository/Emergency/Page_Store/a_dropdown-toggle' is clicked on

2018-06-10 20:07:14 - [TEST_STEP][PASSED] - click: Object: 'Object Repository/Emergency/Page_Store/a_Sign out' is clicked on

2018-06-10 20:07:14 - [MESSAGE][PASSED] - Object: 'Object Repository/Emergency/Page_Store/a_Sign out' is clicked on

2018-06-10 20:07:14 - [TEST_STEP][PASSED] - closeBrowser: Browser is closed

2018-06-10 20:07:15 - [MESSAGE][PASSED] - Browser is closed

2018-06-10 20:07:15 - [TEST_STEP][PASSED] - Statement - out.println("Schedule 8 Emergency Request Are Working Successfully"): null]]></system-out>
         <system-err><![CDATA[]]></system-err>
      </testcase>
      <testcase name="Test Cases/EMERGENCY TEST CASES/TC_ER_006 Verify Schedule 9 Emergency  Request Are Working Successfully Or Not" classname="Test Cases/EMERGENCY TEST CASES/TC_ER_006 Verify Schedule 9 Emergency  Request Are Working Successfully Or Not" status="PASSED">
         <system-out><![CDATA[2018-06-10 20:07:15 - [TEST_CASE][PASSED] - Test Cases/EMERGENCY TEST CASES/TC_ER_006 Verify Schedule 9 Emergency  Request Are Working Successfully Or Not: Test Cases/EMERGENCY TEST CASES/TC_ER_006 Verify Schedule 9 Emergency  Request Are Working Successfully Or Not

2018-06-10 20:07:15 - [TEST_STEP][PASSED] - openBrowser: Browser is opened with url: ''

2018-06-10 20:07:17 - [MESSAGE][PASSED] - Browser is opened with url: ''

2018-06-10 20:07:17 - [TEST_STEP][PASSED] - Statement - out.println("Verify Schedule 9 Emergency  Request Are Working Successfully Or Not"): null

2018-06-10 20:07:17 - [TEST_STEP][PASSED] - navigateToUrl: Navigate to 'http://192.168.137.1/Multihospital_New/EmergencyLogin.aspx' successfully

2018-06-10 20:07:19 - [MESSAGE][PASSED] - Navigate to 'http://192.168.137.1/Multihospital_New/EmergencyLogin.aspx' successfully

2018-06-10 20:07:19 - [TEST_STEP][PASSED] - maximizeWindow: Current window maximized

2018-06-10 20:07:20 - [MESSAGE][PASSED] - Current window maximized

2018-06-10 20:07:20 - [TEST_STEP][PASSED] - setText: Text 'nivetha' is set on object 'Object Repository/Emergency/Page_Emergency login/input_txtusername'

2018-06-10 20:07:20 - [MESSAGE][PASSED] - Text 'nivetha' is set on object 'Object Repository/Emergency/Page_Emergency login/input_txtusername'

2018-06-10 20:07:20 - [TEST_STEP][PASSED] - setText: Text '123' is set on object 'Object Repository/Emergency/Page_Emergency login/input_txtpassword'

2018-06-10 20:07:20 - [MESSAGE][PASSED] - Text '123' is set on object 'Object Repository/Emergency/Page_Emergency login/input_txtpassword'

2018-06-10 20:07:20 - [TEST_STEP][PASSED] - delay: Delayed 3 second(s)

2018-06-10 20:07:23 - [MESSAGE][PASSED] - Delayed 3 second(s)

2018-06-10 20:07:23 - [TEST_STEP][PASSED] - click: Object: 'Object Repository/Emergency/Page_Emergency login/button_Sign in' is clicked on

2018-06-10 20:07:24 - [MESSAGE][PASSED] - Object: 'Object Repository/Emergency/Page_Emergency login/button_Sign in' is clicked on

2018-06-10 20:07:24 - [TEST_STEP][PASSED] - delay: Delayed 3 second(s)

2018-06-10 20:07:27 - [MESSAGE][PASSED] - Delayed 3 second(s)

2018-06-10 20:07:27 - [TEST_STEP][PASSED] - click: Object: 'Object Repository/Emergency/Page_KDMC - Emergency/a_Store Request' is clicked on

2018-06-10 20:07:27 - [MESSAGE][PASSED] - Object: 'Object Repository/Emergency/Page_KDMC - Emergency/a_Store Request' is clicked on

2018-06-10 20:07:27 - [TEST_STEP][PASSED] - delay: Delayed 2 second(s)

2018-06-10 20:07:29 - [MESSAGE][PASSED] - Delayed 2 second(s)

2018-06-10 20:07:29 - [TEST_STEP][PASSED] - click: Object: 'Object Repository/Emergency/Page_KDMC - Emergency/a_Medicine Request' is clicked on

2018-06-10 20:07:30 - [MESSAGE][PASSED] - Object: 'Object Repository/Emergency/Page_KDMC - Emergency/a_Medicine Request' is clicked on

2018-06-10 20:07:30 - [TEST_STEP][PASSED] - delay: Delayed 2 second(s)

2018-06-10 20:07:32 - [MESSAGE][PASSED] - Delayed 2 second(s)

2018-06-10 20:07:32 - [TEST_STEP][PASSED] - selectOptionByIndex: All options with index in [6] are selected on object 'Object Repository/Emergency/Page_KDMC - Emergency/select_--Select--Schedule 1Inj'

2018-06-10 20:07:32 - [MESSAGE][PASSED] - All options with index in [6] are selected on object 'Object Repository/Emergency/Page_KDMC - Emergency/select_--Select--Schedule 1Inj'

2018-06-10 20:07:32 - [TEST_STEP][PASSED] - Statement - seletedoptions = com.kms.katalon.core.webui.keyword.WebUiBuiltInKeywords.getNumberOfTotalOption(com.kms.katalon.core.testobject.ObjectRepository.findTestObject(Emergency/Page_KDMC - Emergency/select_--Select--Adernaline 0.)): 36 options of object 'Object Repository/Emergency/Page_KDMC - Emergency/select_--Select--Adernaline 0.' counted

2018-06-10 20:07:32 - [MESSAGE][PASSED] - 36 options of object 'Object Repository/Emergency/Page_KDMC - Emergency/select_--Select--Adernaline 0.' counted

2018-06-10 20:07:32 - [TEST_STEP][PASSED] - Statement - For ([u = 1, u < seletedoptions, (u++)]): Object: 'Object Repository/Emergency/Page_KDMC - Emergency/button_Add' is clicked on

2018-06-10 20:07:32 - [TEST_STEP][PASSED] - selectOptionByIndex: All options with index in [6] are selected on object 'Object Repository/Emergency/Page_KDMC - Emergency/select_--Select--Schedule 1Inj'

2018-06-10 20:07:32 - [MESSAGE][PASSED] - All options with index in [6] are selected on object 'Object Repository/Emergency/Page_KDMC - Emergency/select_--Select--Schedule 1Inj'

2018-06-10 20:07:32 - [TEST_STEP][PASSED] - selectOptionByIndex: All options with index in [1] are selected on object 'Object Repository/Emergency/Page_KDMC - Emergency/select_--Select--Adernaline 0.'

2018-06-10 20:07:32 - [MESSAGE][PASSED] - All options with index in [1] are selected on object 'Object Repository/Emergency/Page_KDMC - Emergency/select_--Select--Adernaline 0.'

2018-06-10 20:07:32 - [TEST_STEP][PASSED] - setText: Text '10' is set on object 'Object Repository/Emergency/Page_KDMC - Emergency/input_txttreat'

2018-06-10 20:07:33 - [MESSAGE][PASSED] - Text '10' is set on object 'Object Repository/Emergency/Page_KDMC - Emergency/input_txttreat'

2018-06-10 20:07:33 - [TEST_STEP][PASSED] - click: Object: 'Object Repository/Emergency/Page_KDMC - Emergency/button_Add' is clicked on

2018-06-10 20:07:33 - [MESSAGE][PASSED] - Object: 'Object Repository/Emergency/Page_KDMC - Emergency/button_Add' is clicked on

2018-06-10 20:07:33 - [TEST_STEP][PASSED] - selectOptionByIndex: All options with index in [6] are selected on object 'Object Repository/Emergency/Page_KDMC - Emergency/select_--Select--Schedule 1Inj'

2018-06-10 20:07:33 - [MESSAGE][PASSED] - All options with index in [6] are selected on object 'Object Repository/Emergency/Page_KDMC - Emergency/select_--Select--Schedule 1Inj'

2018-06-10 20:07:33 - [TEST_STEP][PASSED] - selectOptionByIndex: All options with index in [2] are selected on object 'Object Repository/Emergency/Page_KDMC - Emergency/select_--Select--Adernaline 0.'

2018-06-10 20:07:33 - [MESSAGE][PASSED] - All options with index in [2] are selected on object 'Object Repository/Emergency/Page_KDMC - Emergency/select_--Select--Adernaline 0.'

2018-06-10 20:07:33 - [TEST_STEP][PASSED] - setText: Text '10' is set on object 'Object Repository/Emergency/Page_KDMC - Emergency/input_txttreat'

2018-06-10 20:07:33 - [MESSAGE][PASSED] - Text '10' is set on object 'Object Repository/Emergency/Page_KDMC - Emergency/input_txttreat'

2018-06-10 20:07:33 - [TEST_STEP][PASSED] - click: Object: 'Object Repository/Emergency/Page_KDMC - Emergency/button_Add' is clicked on

2018-06-10 20:07:33 - [MESSAGE][PASSED] - Object: 'Object Repository/Emergency/Page_KDMC - Emergency/button_Add' is clicked on

2018-06-10 20:07:33 - [TEST_STEP][PASSED] - selectOptionByIndex: All options with index in [6] are selected on object 'Object Repository/Emergency/Page_KDMC - Emergency/select_--Select--Schedule 1Inj'

2018-06-10 20:07:33 - [MESSAGE][PASSED] - All options with index in [6] are selected on object 'Object Repository/Emergency/Page_KDMC - Emergency/select_--Select--Schedule 1Inj'

2018-06-10 20:07:33 - [TEST_STEP][PASSED] - selectOptionByIndex: All options with index in [3] are selected on object 'Object Repository/Emergency/Page_KDMC - Emergency/select_--Select--Adernaline 0.'

2018-06-10 20:07:33 - [MESSAGE][PASSED] - All options with index in [3] are selected on object 'Object Repository/Emergency/Page_KDMC - Emergency/select_--Select--Adernaline 0.'

2018-06-10 20:07:33 - [TEST_STEP][PASSED] - setText: Text '10' is set on object 'Object Repository/Emergency/Page_KDMC - Emergency/input_txttreat'

2018-06-10 20:07:33 - [MESSAGE][PASSED] - Text '10' is set on object 'Object Repository/Emergency/Page_KDMC - Emergency/input_txttreat'

2018-06-10 20:07:33 - [TEST_STEP][PASSED] - click: Object: 'Object Repository/Emergency/Page_KDMC - Emergency/button_Add' is clicked on

2018-06-10 20:07:33 - [MESSAGE][PASSED] - Object: 'Object Repository/Emergency/Page_KDMC - Emergency/button_Add' is clicked on

2018-06-10 20:07:33 - [TEST_STEP][PASSED] - selectOptionByIndex: All options with index in [6] are selected on object 'Object Repository/Emergency/Page_KDMC - Emergency/select_--Select--Schedule 1Inj'

2018-06-10 20:07:34 - [MESSAGE][PASSED] - All options with index in [6] are selected on object 'Object Repository/Emergency/Page_KDMC - Emergency/select_--Select--Schedule 1Inj'

2018-06-10 20:07:34 - [TEST_STEP][PASSED] - selectOptionByIndex: All options with index in [4] are selected on object 'Object Repository/Emergency/Page_KDMC - Emergency/select_--Select--Adernaline 0.'

2018-06-10 20:07:34 - [MESSAGE][PASSED] - All options with index in [4] are selected on object 'Object Repository/Emergency/Page_KDMC - Emergency/select_--Select--Adernaline 0.'

2018-06-10 20:07:34 - [TEST_STEP][PASSED] - setText: Text '10' is set on object 'Object Repository/Emergency/Page_KDMC - Emergency/input_txttreat'

2018-06-10 20:07:34 - [MESSAGE][PASSED] - Text '10' is set on object 'Object Repository/Emergency/Page_KDMC - Emergency/input_txttreat'

2018-06-10 20:07:34 - [TEST_STEP][PASSED] - click: Object: 'Object Repository/Emergency/Page_KDMC - Emergency/button_Add' is clicked on

2018-06-10 20:07:34 - [MESSAGE][PASSED] - Object: 'Object Repository/Emergency/Page_KDMC - Emergency/button_Add' is clicked on

2018-06-10 20:07:34 - [TEST_STEP][PASSED] - selectOptionByIndex: All options with index in [6] are selected on object 'Object Repository/Emergency/Page_KDMC - Emergency/select_--Select--Schedule 1Inj'

2018-06-10 20:07:34 - [MESSAGE][PASSED] - All options with index in [6] are selected on object 'Object Repository/Emergency/Page_KDMC - Emergency/select_--Select--Schedule 1Inj'

2018-06-10 20:07:34 - [TEST_STEP][PASSED] - selectOptionByIndex: All options with index in [5] are selected on object 'Object Repository/Emergency/Page_KDMC - Emergency/select_--Select--Adernaline 0.'

2018-06-10 20:07:34 - [MESSAGE][PASSED] - All options with index in [5] are selected on object 'Object Repository/Emergency/Page_KDMC - Emergency/select_--Select--Adernaline 0.'

2018-06-10 20:07:34 - [TEST_STEP][PASSED] - setText: Text '10' is set on object 'Object Repository/Emergency/Page_KDMC - Emergency/input_txttreat'

2018-06-10 20:07:34 - [MESSAGE][PASSED] - Text '10' is set on object 'Object Repository/Emergency/Page_KDMC - Emergency/input_txttreat'

2018-06-10 20:07:34 - [TEST_STEP][PASSED] - click: Object: 'Object Repository/Emergency/Page_KDMC - Emergency/button_Add' is clicked on

2018-06-10 20:07:34 - [MESSAGE][PASSED] - Object: 'Object Repository/Emergency/Page_KDMC - Emergency/button_Add' is clicked on

2018-06-10 20:07:34 - [TEST_STEP][PASSED] - selectOptionByIndex: All options with index in [6] are selected on object 'Object Repository/Emergency/Page_KDMC - Emergency/select_--Select--Schedule 1Inj'

2018-06-10 20:07:35 - [MESSAGE][PASSED] - All options with index in [6] are selected on object 'Object Repository/Emergency/Page_KDMC - Emergency/select_--Select--Schedule 1Inj'

2018-06-10 20:07:35 - [TEST_STEP][PASSED] - selectOptionByIndex: All options with index in [6] are selected on object 'Object Repository/Emergency/Page_KDMC - Emergency/select_--Select--Adernaline 0.'

2018-06-10 20:07:35 - [MESSAGE][PASSED] - All options with index in [6] are selected on object 'Object Repository/Emergency/Page_KDMC - Emergency/select_--Select--Adernaline 0.'

2018-06-10 20:07:35 - [TEST_STEP][PASSED] - setText: Text '10' is set on object 'Object Repository/Emergency/Page_KDMC - Emergency/input_txttreat'

2018-06-10 20:07:35 - [MESSAGE][PASSED] - Text '10' is set on object 'Object Repository/Emergency/Page_KDMC - Emergency/input_txttreat'

2018-06-10 20:07:35 - [TEST_STEP][PASSED] - click: Object: 'Object Repository/Emergency/Page_KDMC - Emergency/button_Add' is clicked on

2018-06-10 20:07:35 - [MESSAGE][PASSED] - Object: 'Object Repository/Emergency/Page_KDMC - Emergency/button_Add' is clicked on

2018-06-10 20:07:35 - [TEST_STEP][PASSED] - selectOptionByIndex: All options with index in [6] are selected on object 'Object Repository/Emergency/Page_KDMC - Emergency/select_--Select--Schedule 1Inj'

2018-06-10 20:07:35 - [MESSAGE][PASSED] - All options with index in [6] are selected on object 'Object Repository/Emergency/Page_KDMC - Emergency/select_--Select--Schedule 1Inj'

2018-06-10 20:07:35 - [TEST_STEP][PASSED] - selectOptionByIndex: All options with index in [7] are selected on object 'Object Repository/Emergency/Page_KDMC - Emergency/select_--Select--Adernaline 0.'

2018-06-10 20:07:35 - [MESSAGE][PASSED] - All options with index in [7] are selected on object 'Object Repository/Emergency/Page_KDMC - Emergency/select_--Select--Adernaline 0.'

2018-06-10 20:07:35 - [TEST_STEP][PASSED] - setText: Text '10' is set on object 'Object Repository/Emergency/Page_KDMC - Emergency/input_txttreat'

2018-06-10 20:07:35 - [MESSAGE][PASSED] - Text '10' is set on object 'Object Repository/Emergency/Page_KDMC - Emergency/input_txttreat'

2018-06-10 20:07:35 - [TEST_STEP][PASSED] - click: Object: 'Object Repository/Emergency/Page_KDMC - Emergency/button_Add' is clicked on

2018-06-10 20:07:35 - [MESSAGE][PASSED] - Object: 'Object Repository/Emergency/Page_KDMC - Emergency/button_Add' is clicked on

2018-06-10 20:07:35 - [TEST_STEP][PASSED] - selectOptionByIndex: All options with index in [6] are selected on object 'Object Repository/Emergency/Page_KDMC - Emergency/select_--Select--Schedule 1Inj'

2018-06-10 20:07:36 - [MESSAGE][PASSED] - All options with index in [6] are selected on object 'Object Repository/Emergency/Page_KDMC - Emergency/select_--Select--Schedule 1Inj'

2018-06-10 20:07:36 - [TEST_STEP][PASSED] - selectOptionByIndex: All options with index in [8] are selected on object 'Object Repository/Emergency/Page_KDMC - Emergency/select_--Select--Adernaline 0.'

2018-06-10 20:07:36 - [MESSAGE][PASSED] - All options with index in [8] are selected on object 'Object Repository/Emergency/Page_KDMC - Emergency/select_--Select--Adernaline 0.'

2018-06-10 20:07:36 - [TEST_STEP][PASSED] - setText: Text '10' is set on object 'Object Repository/Emergency/Page_KDMC - Emergency/input_txttreat'

2018-06-10 20:07:36 - [MESSAGE][PASSED] - Text '10' is set on object 'Object Repository/Emergency/Page_KDMC - Emergency/input_txttreat'

2018-06-10 20:07:36 - [TEST_STEP][PASSED] - click: Object: 'Object Repository/Emergency/Page_KDMC - Emergency/button_Add' is clicked on

2018-06-10 20:07:36 - [MESSAGE][PASSED] - Object: 'Object Repository/Emergency/Page_KDMC - Emergency/button_Add' is clicked on

2018-06-10 20:07:36 - [TEST_STEP][PASSED] - selectOptionByIndex: All options with index in [6] are selected on object 'Object Repository/Emergency/Page_KDMC - Emergency/select_--Select--Schedule 1Inj'

2018-06-10 20:07:36 - [MESSAGE][PASSED] - All options with index in [6] are selected on object 'Object Repository/Emergency/Page_KDMC - Emergency/select_--Select--Schedule 1Inj'

2018-06-10 20:07:36 - [TEST_STEP][PASSED] - selectOptionByIndex: All options with index in [9] are selected on object 'Object Repository/Emergency/Page_KDMC - Emergency/select_--Select--Adernaline 0.'

2018-06-10 20:07:36 - [MESSAGE][PASSED] - All options with index in [9] are selected on object 'Object Repository/Emergency/Page_KDMC - Emergency/select_--Select--Adernaline 0.'

2018-06-10 20:07:36 - [TEST_STEP][PASSED] - setText: Text '10' is set on object 'Object Repository/Emergency/Page_KDMC - Emergency/input_txttreat'

2018-06-10 20:07:36 - [MESSAGE][PASSED] - Text '10' is set on object 'Object Repository/Emergency/Page_KDMC - Emergency/input_txttreat'

2018-06-10 20:07:36 - [TEST_STEP][PASSED] - click: Object: 'Object Repository/Emergency/Page_KDMC - Emergency/button_Add' is clicked on

2018-06-10 20:07:36 - [MESSAGE][PASSED] - Object: 'Object Repository/Emergency/Page_KDMC - Emergency/button_Add' is clicked on

2018-06-10 20:07:36 - [TEST_STEP][PASSED] - selectOptionByIndex: All options with index in [6] are selected on object 'Object Repository/Emergency/Page_KDMC - Emergency/select_--Select--Schedule 1Inj'

2018-06-10 20:07:37 - [MESSAGE][PASSED] - All options with index in [6] are selected on object 'Object Repository/Emergency/Page_KDMC - Emergency/select_--Select--Schedule 1Inj'

2018-06-10 20:07:37 - [TEST_STEP][PASSED] - selectOptionByIndex: All options with index in [10] are selected on object 'Object Repository/Emergency/Page_KDMC - Emergency/select_--Select--Adernaline 0.'

2018-06-10 20:07:37 - [MESSAGE][PASSED] - All options with index in [10] are selected on object 'Object Repository/Emergency/Page_KDMC - Emergency/select_--Select--Adernaline 0.'

2018-06-10 20:07:37 - [TEST_STEP][PASSED] - setText: Text '10' is set on object 'Object Repository/Emergency/Page_KDMC - Emergency/input_txttreat'

2018-06-10 20:07:37 - [MESSAGE][PASSED] - Text '10' is set on object 'Object Repository/Emergency/Page_KDMC - Emergency/input_txttreat'

2018-06-10 20:07:37 - [TEST_STEP][PASSED] - click: Object: 'Object Repository/Emergency/Page_KDMC - Emergency/button_Add' is clicked on

2018-06-10 20:07:37 - [MESSAGE][PASSED] - Object: 'Object Repository/Emergency/Page_KDMC - Emergency/button_Add' is clicked on

2018-06-10 20:07:37 - [TEST_STEP][PASSED] - selectOptionByIndex: All options with index in [6] are selected on object 'Object Repository/Emergency/Page_KDMC - Emergency/select_--Select--Schedule 1Inj'

2018-06-10 20:07:37 - [MESSAGE][PASSED] - All options with index in [6] are selected on object 'Object Repository/Emergency/Page_KDMC - Emergency/select_--Select--Schedule 1Inj'

2018-06-10 20:07:37 - [TEST_STEP][PASSED] - selectOptionByIndex: All options with index in [11] are selected on object 'Object Repository/Emergency/Page_KDMC - Emergency/select_--Select--Adernaline 0.'

2018-06-10 20:07:37 - [MESSAGE][PASSED] - All options with index in [11] are selected on object 'Object Repository/Emergency/Page_KDMC - Emergency/select_--Select--Adernaline 0.'

2018-06-10 20:07:37 - [TEST_STEP][PASSED] - setText: Text '10' is set on object 'Object Repository/Emergency/Page_KDMC - Emergency/input_txttreat'

2018-06-10 20:07:37 - [MESSAGE][PASSED] - Text '10' is set on object 'Object Repository/Emergency/Page_KDMC - Emergency/input_txttreat'

2018-06-10 20:07:37 - [TEST_STEP][PASSED] - click: Object: 'Object Repository/Emergency/Page_KDMC - Emergency/button_Add' is clicked on

2018-06-10 20:07:38 - [MESSAGE][PASSED] - Object: 'Object Repository/Emergency/Page_KDMC - Emergency/button_Add' is clicked on

2018-06-10 20:07:38 - [TEST_STEP][PASSED] - selectOptionByIndex: All options with index in [6] are selected on object 'Object Repository/Emergency/Page_KDMC - Emergency/select_--Select--Schedule 1Inj'

2018-06-10 20:07:38 - [MESSAGE][PASSED] - All options with index in [6] are selected on object 'Object Repository/Emergency/Page_KDMC - Emergency/select_--Select--Schedule 1Inj'

2018-06-10 20:07:38 - [TEST_STEP][PASSED] - selectOptionByIndex: All options with index in [12] are selected on object 'Object Repository/Emergency/Page_KDMC - Emergency/select_--Select--Adernaline 0.'

2018-06-10 20:07:38 - [MESSAGE][PASSED] - All options with index in [12] are selected on object 'Object Repository/Emergency/Page_KDMC - Emergency/select_--Select--Adernaline 0.'

2018-06-10 20:07:38 - [TEST_STEP][PASSED] - setText: Text '10' is set on object 'Object Repository/Emergency/Page_KDMC - Emergency/input_txttreat'

2018-06-10 20:07:38 - [MESSAGE][PASSED] - Text '10' is set on object 'Object Repository/Emergency/Page_KDMC - Emergency/input_txttreat'

2018-06-10 20:07:38 - [TEST_STEP][PASSED] - click: Object: 'Object Repository/Emergency/Page_KDMC - Emergency/button_Add' is clicked on

2018-06-10 20:07:38 - [MESSAGE][PASSED] - Object: 'Object Repository/Emergency/Page_KDMC - Emergency/button_Add' is clicked on

2018-06-10 20:07:38 - [TEST_STEP][PASSED] - selectOptionByIndex: All options with index in [6] are selected on object 'Object Repository/Emergency/Page_KDMC - Emergency/select_--Select--Schedule 1Inj'

2018-06-10 20:07:38 - [MESSAGE][PASSED] - All options with index in [6] are selected on object 'Object Repository/Emergency/Page_KDMC - Emergency/select_--Select--Schedule 1Inj'

2018-06-10 20:07:38 - [TEST_STEP][PASSED] - selectOptionByIndex: All options with index in [13] are selected on object 'Object Repository/Emergency/Page_KDMC - Emergency/select_--Select--Adernaline 0.'

2018-06-10 20:07:38 - [MESSAGE][PASSED] - All options with index in [13] are selected on object 'Object Repository/Emergency/Page_KDMC - Emergency/select_--Select--Adernaline 0.'

2018-06-10 20:07:38 - [TEST_STEP][PASSED] - setText: Text '10' is set on object 'Object Repository/Emergency/Page_KDMC - Emergency/input_txttreat'

2018-06-10 20:07:39 - [MESSAGE][PASSED] - Text '10' is set on object 'Object Repository/Emergency/Page_KDMC - Emergency/input_txttreat'

2018-06-10 20:07:39 - [TEST_STEP][PASSED] - click: Object: 'Object Repository/Emergency/Page_KDMC - Emergency/button_Add' is clicked on

2018-06-10 20:07:39 - [MESSAGE][PASSED] - Object: 'Object Repository/Emergency/Page_KDMC - Emergency/button_Add' is clicked on

2018-06-10 20:07:39 - [TEST_STEP][PASSED] - selectOptionByIndex: All options with index in [6] are selected on object 'Object Repository/Emergency/Page_KDMC - Emergency/select_--Select--Schedule 1Inj'

2018-06-10 20:07:39 - [MESSAGE][PASSED] - All options with index in [6] are selected on object 'Object Repository/Emergency/Page_KDMC - Emergency/select_--Select--Schedule 1Inj'

2018-06-10 20:07:39 - [TEST_STEP][PASSED] - selectOptionByIndex: All options with index in [14] are selected on object 'Object Repository/Emergency/Page_KDMC - Emergency/select_--Select--Adernaline 0.'

2018-06-10 20:07:39 - [MESSAGE][PASSED] - All options with index in [14] are selected on object 'Object Repository/Emergency/Page_KDMC - Emergency/select_--Select--Adernaline 0.'

2018-06-10 20:07:39 - [TEST_STEP][PASSED] - setText: Text '10' is set on object 'Object Repository/Emergency/Page_KDMC - Emergency/input_txttreat'

2018-06-10 20:07:39 - [MESSAGE][PASSED] - Text '10' is set on object 'Object Repository/Emergency/Page_KDMC - Emergency/input_txttreat'

2018-06-10 20:07:39 - [TEST_STEP][PASSED] - click: Object: 'Object Repository/Emergency/Page_KDMC - Emergency/button_Add' is clicked on

2018-06-10 20:07:39 - [MESSAGE][PASSED] - Object: 'Object Repository/Emergency/Page_KDMC - Emergency/button_Add' is clicked on

2018-06-10 20:07:39 - [TEST_STEP][PASSED] - selectOptionByIndex: All options with index in [6] are selected on object 'Object Repository/Emergency/Page_KDMC - Emergency/select_--Select--Schedule 1Inj'

2018-06-10 20:07:39 - [MESSAGE][PASSED] - All options with index in [6] are selected on object 'Object Repository/Emergency/Page_KDMC - Emergency/select_--Select--Schedule 1Inj'

2018-06-10 20:07:39 - [TEST_STEP][PASSED] - selectOptionByIndex: All options with index in [15] are selected on object 'Object Repository/Emergency/Page_KDMC - Emergency/select_--Select--Adernaline 0.'

2018-06-10 20:07:40 - [MESSAGE][PASSED] - All options with index in [15] are selected on object 'Object Repository/Emergency/Page_KDMC - Emergency/select_--Select--Adernaline 0.'

2018-06-10 20:07:40 - [TEST_STEP][PASSED] - setText: Text '10' is set on object 'Object Repository/Emergency/Page_KDMC - Emergency/input_txttreat'

2018-06-10 20:07:40 - [MESSAGE][PASSED] - Text '10' is set on object 'Object Repository/Emergency/Page_KDMC - Emergency/input_txttreat'

2018-06-10 20:07:40 - [TEST_STEP][PASSED] - click: Object: 'Object Repository/Emergency/Page_KDMC - Emergency/button_Add' is clicked on

2018-06-10 20:07:40 - [MESSAGE][PASSED] - Object: 'Object Repository/Emergency/Page_KDMC - Emergency/button_Add' is clicked on

2018-06-10 20:07:40 - [TEST_STEP][PASSED] - selectOptionByIndex: All options with index in [6] are selected on object 'Object Repository/Emergency/Page_KDMC - Emergency/select_--Select--Schedule 1Inj'

2018-06-10 20:07:40 - [MESSAGE][PASSED] - All options with index in [6] are selected on object 'Object Repository/Emergency/Page_KDMC - Emergency/select_--Select--Schedule 1Inj'

2018-06-10 20:07:40 - [TEST_STEP][PASSED] - selectOptionByIndex: All options with index in [16] are selected on object 'Object Repository/Emergency/Page_KDMC - Emergency/select_--Select--Adernaline 0.'

2018-06-10 20:07:40 - [MESSAGE][PASSED] - All options with index in [16] are selected on object 'Object Repository/Emergency/Page_KDMC - Emergency/select_--Select--Adernaline 0.'

2018-06-10 20:07:40 - [TEST_STEP][PASSED] - setText: Text '10' is set on object 'Object Repository/Emergency/Page_KDMC - Emergency/input_txttreat'

2018-06-10 20:07:40 - [MESSAGE][PASSED] - Text '10' is set on object 'Object Repository/Emergency/Page_KDMC - Emergency/input_txttreat'

2018-06-10 20:07:40 - [TEST_STEP][PASSED] - click: Object: 'Object Repository/Emergency/Page_KDMC - Emergency/button_Add' is clicked on

2018-06-10 20:07:40 - [MESSAGE][PASSED] - Object: 'Object Repository/Emergency/Page_KDMC - Emergency/button_Add' is clicked on

2018-06-10 20:07:40 - [TEST_STEP][PASSED] - selectOptionByIndex: All options with index in [6] are selected on object 'Object Repository/Emergency/Page_KDMC - Emergency/select_--Select--Schedule 1Inj'

2018-06-10 20:07:40 - [MESSAGE][PASSED] - All options with index in [6] are selected on object 'Object Repository/Emergency/Page_KDMC - Emergency/select_--Select--Schedule 1Inj'

2018-06-10 20:07:40 - [TEST_STEP][PASSED] - selectOptionByIndex: All options with index in [17] are selected on object 'Object Repository/Emergency/Page_KDMC - Emergency/select_--Select--Adernaline 0.'

2018-06-10 20:07:41 - [MESSAGE][PASSED] - All options with index in [17] are selected on object 'Object Repository/Emergency/Page_KDMC - Emergency/select_--Select--Adernaline 0.'

2018-06-10 20:07:41 - [TEST_STEP][PASSED] - setText: Text '10' is set on object 'Object Repository/Emergency/Page_KDMC - Emergency/input_txttreat'

2018-06-10 20:07:41 - [MESSAGE][PASSED] - Text '10' is set on object 'Object Repository/Emergency/Page_KDMC - Emergency/input_txttreat'

2018-06-10 20:07:41 - [TEST_STEP][PASSED] - click: Object: 'Object Repository/Emergency/Page_KDMC - Emergency/button_Add' is clicked on

2018-06-10 20:07:41 - [MESSAGE][PASSED] - Object: 'Object Repository/Emergency/Page_KDMC - Emergency/button_Add' is clicked on

2018-06-10 20:07:41 - [TEST_STEP][PASSED] - selectOptionByIndex: All options with index in [6] are selected on object 'Object Repository/Emergency/Page_KDMC - Emergency/select_--Select--Schedule 1Inj'

2018-06-10 20:07:41 - [MESSAGE][PASSED] - All options with index in [6] are selected on object 'Object Repository/Emergency/Page_KDMC - Emergency/select_--Select--Schedule 1Inj'

2018-06-10 20:07:41 - [TEST_STEP][PASSED] - selectOptionByIndex: All options with index in [18] are selected on object 'Object Repository/Emergency/Page_KDMC - Emergency/select_--Select--Adernaline 0.'

2018-06-10 20:07:41 - [MESSAGE][PASSED] - All options with index in [18] are selected on object 'Object Repository/Emergency/Page_KDMC - Emergency/select_--Select--Adernaline 0.'

2018-06-10 20:07:41 - [TEST_STEP][PASSED] - setText: Text '10' is set on object 'Object Repository/Emergency/Page_KDMC - Emergency/input_txttreat'

2018-06-10 20:07:41 - [MESSAGE][PASSED] - Text '10' is set on object 'Object Repository/Emergency/Page_KDMC - Emergency/input_txttreat'

2018-06-10 20:07:41 - [TEST_STEP][PASSED] - click: Object: 'Object Repository/Emergency/Page_KDMC - Emergency/button_Add' is clicked on

2018-06-10 20:07:42 - [MESSAGE][PASSED] - Object: 'Object Repository/Emergency/Page_KDMC - Emergency/button_Add' is clicked on

2018-06-10 20:07:42 - [TEST_STEP][PASSED] - selectOptionByIndex: All options with index in [6] are selected on object 'Object Repository/Emergency/Page_KDMC - Emergency/select_--Select--Schedule 1Inj'

2018-06-10 20:07:42 - [MESSAGE][PASSED] - All options with index in [6] are selected on object 'Object Repository/Emergency/Page_KDMC - Emergency/select_--Select--Schedule 1Inj'

2018-06-10 20:07:42 - [TEST_STEP][PASSED] - selectOptionByIndex: All options with index in [19] are selected on object 'Object Repository/Emergency/Page_KDMC - Emergency/select_--Select--Adernaline 0.'

2018-06-10 20:07:42 - [MESSAGE][PASSED] - All options with index in [19] are selected on object 'Object Repository/Emergency/Page_KDMC - Emergency/select_--Select--Adernaline 0.'

2018-06-10 20:07:42 - [TEST_STEP][PASSED] - setText: Text '10' is set on object 'Object Repository/Emergency/Page_KDMC - Emergency/input_txttreat'

2018-06-10 20:07:42 - [MESSAGE][PASSED] - Text '10' is set on object 'Object Repository/Emergency/Page_KDMC - Emergency/input_txttreat'

2018-06-10 20:07:42 - [TEST_STEP][PASSED] - click: Object: 'Object Repository/Emergency/Page_KDMC - Emergency/button_Add' is clicked on

2018-06-10 20:07:42 - [MESSAGE][PASSED] - Object: 'Object Repository/Emergency/Page_KDMC - Emergency/button_Add' is clicked on

2018-06-10 20:07:42 - [TEST_STEP][PASSED] - selectOptionByIndex: All options with index in [6] are selected on object 'Object Repository/Emergency/Page_KDMC - Emergency/select_--Select--Schedule 1Inj'

2018-06-10 20:07:42 - [MESSAGE][PASSED] - All options with index in [6] are selected on object 'Object Repository/Emergency/Page_KDMC - Emergency/select_--Select--Schedule 1Inj'

2018-06-10 20:07:42 - [TEST_STEP][PASSED] - selectOptionByIndex: All options with index in [20] are selected on object 'Object Repository/Emergency/Page_KDMC - Emergency/select_--Select--Adernaline 0.'

2018-06-10 20:07:43 - [MESSAGE][PASSED] - All options with index in [20] are selected on object 'Object Repository/Emergency/Page_KDMC - Emergency/select_--Select--Adernaline 0.'

2018-06-10 20:07:43 - [TEST_STEP][PASSED] - setText: Text '10' is set on object 'Object Repository/Emergency/Page_KDMC - Emergency/input_txttreat'

2018-06-10 20:07:43 - [MESSAGE][PASSED] - Text '10' is set on object 'Object Repository/Emergency/Page_KDMC - Emergency/input_txttreat'

2018-06-10 20:07:43 - [TEST_STEP][PASSED] - click: Object: 'Object Repository/Emergency/Page_KDMC - Emergency/button_Add' is clicked on

2018-06-10 20:07:43 - [MESSAGE][PASSED] - Object: 'Object Repository/Emergency/Page_KDMC - Emergency/button_Add' is clicked on

2018-06-10 20:07:43 - [TEST_STEP][PASSED] - selectOptionByIndex: All options with index in [6] are selected on object 'Object Repository/Emergency/Page_KDMC - Emergency/select_--Select--Schedule 1Inj'

2018-06-10 20:07:43 - [MESSAGE][PASSED] - All options with index in [6] are selected on object 'Object Repository/Emergency/Page_KDMC - Emergency/select_--Select--Schedule 1Inj'

2018-06-10 20:07:43 - [TEST_STEP][PASSED] - selectOptionByIndex: All options with index in [21] are selected on object 'Object Repository/Emergency/Page_KDMC - Emergency/select_--Select--Adernaline 0.'

2018-06-10 20:07:43 - [MESSAGE][PASSED] - All options with index in [21] are selected on object 'Object Repository/Emergency/Page_KDMC - Emergency/select_--Select--Adernaline 0.'

2018-06-10 20:07:43 - [TEST_STEP][PASSED] - setText: Text '10' is set on object 'Object Repository/Emergency/Page_KDMC - Emergency/input_txttreat'

2018-06-10 20:07:43 - [MESSAGE][PASSED] - Text '10' is set on object 'Object Repository/Emergency/Page_KDMC - Emergency/input_txttreat'

2018-06-10 20:07:43 - [TEST_STEP][PASSED] - click: Object: 'Object Repository/Emergency/Page_KDMC - Emergency/button_Add' is clicked on

2018-06-10 20:07:43 - [MESSAGE][PASSED] - Object: 'Object Repository/Emergency/Page_KDMC - Emergency/button_Add' is clicked on

2018-06-10 20:07:43 - [TEST_STEP][PASSED] - selectOptionByIndex: All options with index in [6] are selected on object 'Object Repository/Emergency/Page_KDMC - Emergency/select_--Select--Schedule 1Inj'

2018-06-10 20:07:44 - [MESSAGE][PASSED] - All options with index in [6] are selected on object 'Object Repository/Emergency/Page_KDMC - Emergency/select_--Select--Schedule 1Inj'

2018-06-10 20:07:44 - [TEST_STEP][PASSED] - selectOptionByIndex: All options with index in [22] are selected on object 'Object Repository/Emergency/Page_KDMC - Emergency/select_--Select--Adernaline 0.'

2018-06-10 20:07:44 - [MESSAGE][PASSED] - All options with index in [22] are selected on object 'Object Repository/Emergency/Page_KDMC - Emergency/select_--Select--Adernaline 0.'

2018-06-10 20:07:44 - [TEST_STEP][PASSED] - setText: Text '10' is set on object 'Object Repository/Emergency/Page_KDMC - Emergency/input_txttreat'

2018-06-10 20:07:44 - [MESSAGE][PASSED] - Text '10' is set on object 'Object Repository/Emergency/Page_KDMC - Emergency/input_txttreat'

2018-06-10 20:07:44 - [TEST_STEP][PASSED] - click: Object: 'Object Repository/Emergency/Page_KDMC - Emergency/button_Add' is clicked on

2018-06-10 20:07:44 - [MESSAGE][PASSED] - Object: 'Object Repository/Emergency/Page_KDMC - Emergency/button_Add' is clicked on

2018-06-10 20:07:44 - [TEST_STEP][PASSED] - selectOptionByIndex: All options with index in [6] are selected on object 'Object Repository/Emergency/Page_KDMC - Emergency/select_--Select--Schedule 1Inj'

2018-06-10 20:07:44 - [MESSAGE][PASSED] - All options with index in [6] are selected on object 'Object Repository/Emergency/Page_KDMC - Emergency/select_--Select--Schedule 1Inj'

2018-06-10 20:07:44 - [TEST_STEP][PASSED] - selectOptionByIndex: All options with index in [23] are selected on object 'Object Repository/Emergency/Page_KDMC - Emergency/select_--Select--Adernaline 0.'

2018-06-10 20:07:45 - [MESSAGE][PASSED] - All options with index in [23] are selected on object 'Object Repository/Emergency/Page_KDMC - Emergency/select_--Select--Adernaline 0.'

2018-06-10 20:07:45 - [TEST_STEP][PASSED] - setText: Text '10' is set on object 'Object Repository/Emergency/Page_KDMC - Emergency/input_txttreat'

2018-06-10 20:07:45 - [MESSAGE][PASSED] - Text '10' is set on object 'Object Repository/Emergency/Page_KDMC - Emergency/input_txttreat'

2018-06-10 20:07:45 - [TEST_STEP][PASSED] - click: Object: 'Object Repository/Emergency/Page_KDMC - Emergency/button_Add' is clicked on

2018-06-10 20:07:45 - [MESSAGE][PASSED] - Object: 'Object Repository/Emergency/Page_KDMC - Emergency/button_Add' is clicked on

2018-06-10 20:07:45 - [TEST_STEP][PASSED] - selectOptionByIndex: All options with index in [6] are selected on object 'Object Repository/Emergency/Page_KDMC - Emergency/select_--Select--Schedule 1Inj'

2018-06-10 20:07:45 - [MESSAGE][PASSED] - All options with index in [6] are selected on object 'Object Repository/Emergency/Page_KDMC - Emergency/select_--Select--Schedule 1Inj'

2018-06-10 20:07:45 - [TEST_STEP][PASSED] - selectOptionByIndex: All options with index in [24] are selected on object 'Object Repository/Emergency/Page_KDMC - Emergency/select_--Select--Adernaline 0.'

2018-06-10 20:07:45 - [MESSAGE][PASSED] - All options with index in [24] are selected on object 'Object Repository/Emergency/Page_KDMC - Emergency/select_--Select--Adernaline 0.'

2018-06-10 20:07:45 - [TEST_STEP][PASSED] - setText: Text '10' is set on object 'Object Repository/Emergency/Page_KDMC - Emergency/input_txttreat'

2018-06-10 20:07:45 - [MESSAGE][PASSED] - Text '10' is set on object 'Object Repository/Emergency/Page_KDMC - Emergency/input_txttreat'

2018-06-10 20:07:45 - [TEST_STEP][PASSED] - click: Object: 'Object Repository/Emergency/Page_KDMC - Emergency/button_Add' is clicked on

2018-06-10 20:07:45 - [MESSAGE][PASSED] - Object: 'Object Repository/Emergency/Page_KDMC - Emergency/button_Add' is clicked on

2018-06-10 20:07:45 - [TEST_STEP][PASSED] - selectOptionByIndex: All options with index in [6] are selected on object 'Object Repository/Emergency/Page_KDMC - Emergency/select_--Select--Schedule 1Inj'

2018-06-10 20:07:45 - [MESSAGE][PASSED] - All options with index in [6] are selected on object 'Object Repository/Emergency/Page_KDMC - Emergency/select_--Select--Schedule 1Inj'

2018-06-10 20:07:45 - [TEST_STEP][PASSED] - selectOptionByIndex: All options with index in [25] are selected on object 'Object Repository/Emergency/Page_KDMC - Emergency/select_--Select--Adernaline 0.'

2018-06-10 20:07:46 - [MESSAGE][PASSED] - All options with index in [25] are selected on object 'Object Repository/Emergency/Page_KDMC - Emergency/select_--Select--Adernaline 0.'

2018-06-10 20:07:46 - [TEST_STEP][PASSED] - setText: Text '10' is set on object 'Object Repository/Emergency/Page_KDMC - Emergency/input_txttreat'

2018-06-10 20:07:46 - [MESSAGE][PASSED] - Text '10' is set on object 'Object Repository/Emergency/Page_KDMC - Emergency/input_txttreat'

2018-06-10 20:07:46 - [TEST_STEP][PASSED] - click: Object: 'Object Repository/Emergency/Page_KDMC - Emergency/button_Add' is clicked on

2018-06-10 20:07:46 - [MESSAGE][PASSED] - Object: 'Object Repository/Emergency/Page_KDMC - Emergency/button_Add' is clicked on

2018-06-10 20:07:46 - [TEST_STEP][PASSED] - selectOptionByIndex: All options with index in [6] are selected on object 'Object Repository/Emergency/Page_KDMC - Emergency/select_--Select--Schedule 1Inj'

2018-06-10 20:07:46 - [MESSAGE][PASSED] - All options with index in [6] are selected on object 'Object Repository/Emergency/Page_KDMC - Emergency/select_--Select--Schedule 1Inj'

2018-06-10 20:07:46 - [TEST_STEP][PASSED] - selectOptionByIndex: All options with index in [26] are selected on object 'Object Repository/Emergency/Page_KDMC - Emergency/select_--Select--Adernaline 0.'

2018-06-10 20:07:47 - [MESSAGE][PASSED] - All options with index in [26] are selected on object 'Object Repository/Emergency/Page_KDMC - Emergency/select_--Select--Adernaline 0.'

2018-06-10 20:07:47 - [TEST_STEP][PASSED] - setText: Text '10' is set on object 'Object Repository/Emergency/Page_KDMC - Emergency/input_txttreat'

2018-06-10 20:07:47 - [MESSAGE][PASSED] - Text '10' is set on object 'Object Repository/Emergency/Page_KDMC - Emergency/input_txttreat'

2018-06-10 20:07:47 - [TEST_STEP][PASSED] - click: Object: 'Object Repository/Emergency/Page_KDMC - Emergency/button_Add' is clicked on

2018-06-10 20:07:47 - [MESSAGE][PASSED] - Object: 'Object Repository/Emergency/Page_KDMC - Emergency/button_Add' is clicked on

2018-06-10 20:07:47 - [TEST_STEP][PASSED] - selectOptionByIndex: All options with index in [6] are selected on object 'Object Repository/Emergency/Page_KDMC - Emergency/select_--Select--Schedule 1Inj'

2018-06-10 20:07:47 - [MESSAGE][PASSED] - All options with index in [6] are selected on object 'Object Repository/Emergency/Page_KDMC - Emergency/select_--Select--Schedule 1Inj'

2018-06-10 20:07:47 - [TEST_STEP][PASSED] - selectOptionByIndex: All options with index in [27] are selected on object 'Object Repository/Emergency/Page_KDMC - Emergency/select_--Select--Adernaline 0.'

2018-06-10 20:07:47 - [MESSAGE][PASSED] - All options with index in [27] are selected on object 'Object Repository/Emergency/Page_KDMC - Emergency/select_--Select--Adernaline 0.'

2018-06-10 20:07:47 - [TEST_STEP][PASSED] - setText: Text '10' is set on object 'Object Repository/Emergency/Page_KDMC - Emergency/input_txttreat'

2018-06-10 20:07:47 - [MESSAGE][PASSED] - Text '10' is set on object 'Object Repository/Emergency/Page_KDMC - Emergency/input_txttreat'

2018-06-10 20:07:47 - [TEST_STEP][PASSED] - click: Object: 'Object Repository/Emergency/Page_KDMC - Emergency/button_Add' is clicked on

2018-06-10 20:07:47 - [MESSAGE][PASSED] - Object: 'Object Repository/Emergency/Page_KDMC - Emergency/button_Add' is clicked on

2018-06-10 20:07:47 - [TEST_STEP][PASSED] - selectOptionByIndex: All options with index in [6] are selected on object 'Object Repository/Emergency/Page_KDMC - Emergency/select_--Select--Schedule 1Inj'

2018-06-10 20:07:47 - [MESSAGE][PASSED] - All options with index in [6] are selected on object 'Object Repository/Emergency/Page_KDMC - Emergency/select_--Select--Schedule 1Inj'

2018-06-10 20:07:47 - [TEST_STEP][PASSED] - selectOptionByIndex: All options with index in [28] are selected on object 'Object Repository/Emergency/Page_KDMC - Emergency/select_--Select--Adernaline 0.'

2018-06-10 20:07:48 - [MESSAGE][PASSED] - All options with index in [28] are selected on object 'Object Repository/Emergency/Page_KDMC - Emergency/select_--Select--Adernaline 0.'

2018-06-10 20:07:48 - [TEST_STEP][PASSED] - setText: Text '10' is set on object 'Object Repository/Emergency/Page_KDMC - Emergency/input_txttreat'

2018-06-10 20:07:48 - [MESSAGE][PASSED] - Text '10' is set on object 'Object Repository/Emergency/Page_KDMC - Emergency/input_txttreat'

2018-06-10 20:07:48 - [TEST_STEP][PASSED] - click: Object: 'Object Repository/Emergency/Page_KDMC - Emergency/button_Add' is clicked on

2018-06-10 20:07:48 - [MESSAGE][PASSED] - Object: 'Object Repository/Emergency/Page_KDMC - Emergency/button_Add' is clicked on

2018-06-10 20:07:48 - [TEST_STEP][PASSED] - selectOptionByIndex: All options with index in [6] are selected on object 'Object Repository/Emergency/Page_KDMC - Emergency/select_--Select--Schedule 1Inj'

2018-06-10 20:07:48 - [MESSAGE][PASSED] - All options with index in [6] are selected on object 'Object Repository/Emergency/Page_KDMC - Emergency/select_--Select--Schedule 1Inj'

2018-06-10 20:07:48 - [TEST_STEP][PASSED] - selectOptionByIndex: All options with index in [29] are selected on object 'Object Repository/Emergency/Page_KDMC - Emergency/select_--Select--Adernaline 0.'

2018-06-10 20:07:49 - [MESSAGE][PASSED] - All options with index in [29] are selected on object 'Object Repository/Emergency/Page_KDMC - Emergency/select_--Select--Adernaline 0.'

2018-06-10 20:07:49 - [TEST_STEP][PASSED] - setText: Text '10' is set on object 'Object Repository/Emergency/Page_KDMC - Emergency/input_txttreat'

2018-06-10 20:07:49 - [MESSAGE][PASSED] - Text '10' is set on object 'Object Repository/Emergency/Page_KDMC - Emergency/input_txttreat'

2018-06-10 20:07:49 - [TEST_STEP][PASSED] - click: Object: 'Object Repository/Emergency/Page_KDMC - Emergency/button_Add' is clicked on

2018-06-10 20:07:49 - [MESSAGE][PASSED] - Object: 'Object Repository/Emergency/Page_KDMC - Emergency/button_Add' is clicked on

2018-06-10 20:07:49 - [TEST_STEP][PASSED] - selectOptionByIndex: All options with index in [6] are selected on object 'Object Repository/Emergency/Page_KDMC - Emergency/select_--Select--Schedule 1Inj'

2018-06-10 20:07:49 - [MESSAGE][PASSED] - All options with index in [6] are selected on object 'Object Repository/Emergency/Page_KDMC - Emergency/select_--Select--Schedule 1Inj'

2018-06-10 20:07:49 - [TEST_STEP][PASSED] - selectOptionByIndex: All options with index in [30] are selected on object 'Object Repository/Emergency/Page_KDMC - Emergency/select_--Select--Adernaline 0.'

2018-06-10 20:07:49 - [MESSAGE][PASSED] - All options with index in [30] are selected on object 'Object Repository/Emergency/Page_KDMC - Emergency/select_--Select--Adernaline 0.'

2018-06-10 20:07:49 - [TEST_STEP][PASSED] - setText: Text '10' is set on object 'Object Repository/Emergency/Page_KDMC - Emergency/input_txttreat'

2018-06-10 20:07:49 - [MESSAGE][PASSED] - Text '10' is set on object 'Object Repository/Emergency/Page_KDMC - Emergency/input_txttreat'

2018-06-10 20:07:49 - [TEST_STEP][PASSED] - click: Object: 'Object Repository/Emergency/Page_KDMC - Emergency/button_Add' is clicked on

2018-06-10 20:07:49 - [MESSAGE][PASSED] - Object: 'Object Repository/Emergency/Page_KDMC - Emergency/button_Add' is clicked on

2018-06-10 20:07:49 - [TEST_STEP][PASSED] - selectOptionByIndex: All options with index in [6] are selected on object 'Object Repository/Emergency/Page_KDMC - Emergency/select_--Select--Schedule 1Inj'

2018-06-10 20:07:50 - [MESSAGE][PASSED] - All options with index in [6] are selected on object 'Object Repository/Emergency/Page_KDMC - Emergency/select_--Select--Schedule 1Inj'

2018-06-10 20:07:50 - [TEST_STEP][PASSED] - selectOptionByIndex: All options with index in [31] are selected on object 'Object Repository/Emergency/Page_KDMC - Emergency/select_--Select--Adernaline 0.'

2018-06-10 20:07:50 - [MESSAGE][PASSED] - All options with index in [31] are selected on object 'Object Repository/Emergency/Page_KDMC - Emergency/select_--Select--Adernaline 0.'

2018-06-10 20:07:50 - [TEST_STEP][PASSED] - setText: Text '10' is set on object 'Object Repository/Emergency/Page_KDMC - Emergency/input_txttreat'

2018-06-10 20:07:50 - [MESSAGE][PASSED] - Text '10' is set on object 'Object Repository/Emergency/Page_KDMC - Emergency/input_txttreat'

2018-06-10 20:07:50 - [TEST_STEP][PASSED] - click: Object: 'Object Repository/Emergency/Page_KDMC - Emergency/button_Add' is clicked on

2018-06-10 20:07:50 - [MESSAGE][PASSED] - Object: 'Object Repository/Emergency/Page_KDMC - Emergency/button_Add' is clicked on

2018-06-10 20:07:50 - [TEST_STEP][PASSED] - selectOptionByIndex: All options with index in [6] are selected on object 'Object Repository/Emergency/Page_KDMC - Emergency/select_--Select--Schedule 1Inj'

2018-06-10 20:07:50 - [MESSAGE][PASSED] - All options with index in [6] are selected on object 'Object Repository/Emergency/Page_KDMC - Emergency/select_--Select--Schedule 1Inj'

2018-06-10 20:07:50 - [TEST_STEP][PASSED] - selectOptionByIndex: All options with index in [32] are selected on object 'Object Repository/Emergency/Page_KDMC - Emergency/select_--Select--Adernaline 0.'

2018-06-10 20:07:51 - [MESSAGE][PASSED] - All options with index in [32] are selected on object 'Object Repository/Emergency/Page_KDMC - Emergency/select_--Select--Adernaline 0.'

2018-06-10 20:07:51 - [TEST_STEP][PASSED] - setText: Text '10' is set on object 'Object Repository/Emergency/Page_KDMC - Emergency/input_txttreat'

2018-06-10 20:07:51 - [MESSAGE][PASSED] - Text '10' is set on object 'Object Repository/Emergency/Page_KDMC - Emergency/input_txttreat'

2018-06-10 20:07:51 - [TEST_STEP][PASSED] - click: Object: 'Object Repository/Emergency/Page_KDMC - Emergency/button_Add' is clicked on

2018-06-10 20:07:51 - [MESSAGE][PASSED] - Object: 'Object Repository/Emergency/Page_KDMC - Emergency/button_Add' is clicked on

2018-06-10 20:07:51 - [TEST_STEP][PASSED] - selectOptionByIndex: All options with index in [6] are selected on object 'Object Repository/Emergency/Page_KDMC - Emergency/select_--Select--Schedule 1Inj'

2018-06-10 20:07:51 - [MESSAGE][PASSED] - All options with index in [6] are selected on object 'Object Repository/Emergency/Page_KDMC - Emergency/select_--Select--Schedule 1Inj'

2018-06-10 20:07:51 - [TEST_STEP][PASSED] - selectOptionByIndex: All options with index in [33] are selected on object 'Object Repository/Emergency/Page_KDMC - Emergency/select_--Select--Adernaline 0.'

2018-06-10 20:07:51 - [MESSAGE][PASSED] - All options with index in [33] are selected on object 'Object Repository/Emergency/Page_KDMC - Emergency/select_--Select--Adernaline 0.'

2018-06-10 20:07:51 - [TEST_STEP][PASSED] - setText: Text '10' is set on object 'Object Repository/Emergency/Page_KDMC - Emergency/input_txttreat'

2018-06-10 20:07:52 - [MESSAGE][PASSED] - Text '10' is set on object 'Object Repository/Emergency/Page_KDMC - Emergency/input_txttreat'

2018-06-10 20:07:52 - [TEST_STEP][PASSED] - click: Object: 'Object Repository/Emergency/Page_KDMC - Emergency/button_Add' is clicked on

2018-06-10 20:07:52 - [MESSAGE][PASSED] - Object: 'Object Repository/Emergency/Page_KDMC - Emergency/button_Add' is clicked on

2018-06-10 20:07:52 - [TEST_STEP][PASSED] - selectOptionByIndex: All options with index in [6] are selected on object 'Object Repository/Emergency/Page_KDMC - Emergency/select_--Select--Schedule 1Inj'

2018-06-10 20:07:52 - [MESSAGE][PASSED] - All options with index in [6] are selected on object 'Object Repository/Emergency/Page_KDMC - Emergency/select_--Select--Schedule 1Inj'

2018-06-10 20:07:52 - [TEST_STEP][PASSED] - selectOptionByIndex: All options with index in [34] are selected on object 'Object Repository/Emergency/Page_KDMC - Emergency/select_--Select--Adernaline 0.'

2018-06-10 20:07:52 - [MESSAGE][PASSED] - All options with index in [34] are selected on object 'Object Repository/Emergency/Page_KDMC - Emergency/select_--Select--Adernaline 0.'

2018-06-10 20:07:52 - [TEST_STEP][PASSED] - setText: Text '10' is set on object 'Object Repository/Emergency/Page_KDMC - Emergency/input_txttreat'

2018-06-10 20:07:52 - [MESSAGE][PASSED] - Text '10' is set on object 'Object Repository/Emergency/Page_KDMC - Emergency/input_txttreat'

2018-06-10 20:07:52 - [TEST_STEP][PASSED] - click: Object: 'Object Repository/Emergency/Page_KDMC - Emergency/button_Add' is clicked on

2018-06-10 20:07:52 - [MESSAGE][PASSED] - Object: 'Object Repository/Emergency/Page_KDMC - Emergency/button_Add' is clicked on

2018-06-10 20:07:52 - [TEST_STEP][PASSED] - selectOptionByIndex: All options with index in [6] are selected on object 'Object Repository/Emergency/Page_KDMC - Emergency/select_--Select--Schedule 1Inj'

2018-06-10 20:07:53 - [MESSAGE][PASSED] - All options with index in [6] are selected on object 'Object Repository/Emergency/Page_KDMC - Emergency/select_--Select--Schedule 1Inj'

2018-06-10 20:07:53 - [TEST_STEP][PASSED] - selectOptionByIndex: All options with index in [35] are selected on object 'Object Repository/Emergency/Page_KDMC - Emergency/select_--Select--Adernaline 0.'

2018-06-10 20:07:53 - [MESSAGE][PASSED] - All options with index in [35] are selected on object 'Object Repository/Emergency/Page_KDMC - Emergency/select_--Select--Adernaline 0.'

2018-06-10 20:07:53 - [TEST_STEP][PASSED] - setText: Text '10' is set on object 'Object Repository/Emergency/Page_KDMC - Emergency/input_txttreat'

2018-06-10 20:07:53 - [MESSAGE][PASSED] - Text '10' is set on object 'Object Repository/Emergency/Page_KDMC - Emergency/input_txttreat'

2018-06-10 20:07:53 - [TEST_STEP][PASSED] - click: Object: 'Object Repository/Emergency/Page_KDMC - Emergency/button_Add' is clicked on

2018-06-10 20:07:53 - [MESSAGE][PASSED] - Object: 'Object Repository/Emergency/Page_KDMC - Emergency/button_Add' is clicked on

2018-06-10 20:07:53 - [TEST_STEP][PASSED] - scrollToElement: Scroll to object 'Object Repository/Emergency/Page_KDMC - Emergency/input_btnsave' successfully

2018-06-10 20:07:53 - [MESSAGE][PASSED] - Scroll to object 'Object Repository/Emergency/Page_KDMC - Emergency/input_btnsave' successfully

2018-06-10 20:07:53 - [TEST_STEP][PASSED] - click: Object: 'Object Repository/Emergency/Page_KDMC - Emergency/input_btnsave' is clicked on

2018-06-10 20:07:53 - [MESSAGE][PASSED] - Object: 'Object Repository/Emergency/Page_KDMC - Emergency/input_btnsave' is clicked on

2018-06-10 20:07:53 - [TEST_STEP][PASSED] - delay: Delayed 3 second(s)

2018-06-10 20:07:56 - [MESSAGE][PASSED] - Delayed 3 second(s)

2018-06-10 20:07:56 - [TEST_STEP][PASSED] - waitForElementVisible: Object 'Object Repository/Emergency/Page_KDMC - Emergency/font_ERNO100520183' is visible

2018-06-10 20:07:56 - [MESSAGE][PASSED] - Object 'Object Repository/Emergency/Page_KDMC - Emergency/font_ERNO100520183' is visible

2018-06-10 20:07:56 - [TEST_STEP][PASSED] - Statement - RequestNumber = com.kms.katalon.core.webui.keyword.WebUiBuiltInKeywords.getText(com.kms.katalon.core.testobject.ObjectRepository.findTestObject(Emergency/Page_KDMC - Emergency/font_ERNO100520183)): Text of object 'Object Repository/Emergency/Page_KDMC - Emergency/font_ERNO100520183' is: 'ERNO/10062018/1041'

2018-06-10 20:07:56 - [MESSAGE][PASSED] - Text of object 'Object Repository/Emergency/Page_KDMC - Emergency/font_ERNO100520183' is: 'ERNO/10062018/1041'

2018-06-10 20:07:56 - [TEST_STEP][PASSED] - Statement - Rno = RequestNumber.split("/")[2]: null

2018-06-10 20:07:56 - [TEST_STEP][PASSED] - Statement - out.println(Rno): null

2018-06-10 20:07:56 - [TEST_STEP][PASSED] - click: Object: 'Object Repository/Emergency/Page_KDMC - Emergency/button_OK' is clicked on

2018-06-10 20:07:57 - [MESSAGE][PASSED] - Object: 'Object Repository/Emergency/Page_KDMC - Emergency/button_OK' is clicked on

2018-06-10 20:07:57 - [TEST_STEP][PASSED] - delay: Delayed 3 second(s)

2018-06-10 20:08:00 - [MESSAGE][PASSED] - Delayed 3 second(s)

2018-06-10 20:08:00 - [TEST_STEP][PASSED] - click: Object: 'Object Repository/Emergency/Page_KDMC - Emergency/a_dropdown-toggle' is clicked on

2018-06-10 20:08:00 - [MESSAGE][PASSED] - Object: 'Object Repository/Emergency/Page_KDMC - Emergency/a_dropdown-toggle' is clicked on

2018-06-10 20:08:00 - [TEST_STEP][PASSED] - click: Object: 'Object Repository/Emergency/Page_KDMC - Emergency/a_Sign out' is clicked on

2018-06-10 20:08:01 - [MESSAGE][PASSED] - Object: 'Object Repository/Emergency/Page_KDMC - Emergency/a_Sign out' is clicked on

2018-06-10 20:08:01 - [TEST_STEP][PASSED] - delay: Delayed 3 second(s)

2018-06-10 20:08:04 - [MESSAGE][PASSED] - Delayed 3 second(s)

2018-06-10 20:08:04 - [TEST_STEP][PASSED] - click: Object: 'Object Repository/Emergency/Page_KDMC/a_CMO' is clicked on

2018-06-10 20:08:04 - [MESSAGE][PASSED] - Object: 'Object Repository/Emergency/Page_KDMC/a_CMO' is clicked on

2018-06-10 20:08:04 - [TEST_STEP][PASSED] - setText: Text 'guru' is set on object 'Object Repository/Emergency/Page_CMO login/input_txtusername'

2018-06-10 20:08:04 - [MESSAGE][PASSED] - Text 'guru' is set on object 'Object Repository/Emergency/Page_CMO login/input_txtusername'

2018-06-10 20:08:04 - [TEST_STEP][PASSED] - setText: Text '123' is set on object 'Object Repository/Emergency/Page_CMO login/input_txtpassword'

2018-06-10 20:08:04 - [MESSAGE][PASSED] - Text '123' is set on object 'Object Repository/Emergency/Page_CMO login/input_txtpassword'

2018-06-10 20:08:04 - [TEST_STEP][PASSED] - delay: Delayed 3 second(s)

2018-06-10 20:08:07 - [MESSAGE][PASSED] - Delayed 3 second(s)

2018-06-10 20:08:07 - [TEST_STEP][PASSED] - click: Object: 'Object Repository/Emergency/Page_CMO login/button_Sign in' is clicked on

2018-06-10 20:08:08 - [MESSAGE][PASSED] - Object: 'Object Repository/Emergency/Page_CMO login/button_Sign in' is clicked on

2018-06-10 20:08:08 - [TEST_STEP][PASSED] - delay: Delayed 2 second(s)

2018-06-10 20:08:10 - [MESSAGE][PASSED] - Delayed 2 second(s)

2018-06-10 20:08:10 - [TEST_STEP][PASSED] - click: Object: 'Object Repository/Emergency/Page_KDMC - CMO/a_Department Wise Request' is clicked on

2018-06-10 20:08:10 - [MESSAGE][PASSED] - Object: 'Object Repository/Emergency/Page_KDMC - CMO/a_Department Wise Request' is clicked on

2018-06-10 20:08:10 - [TEST_STEP][PASSED] - selectOptionByIndex: All options with index in [7] are selected on object 'Object Repository/Emergency/Page_KDMC - CMO/select_--ALL--'

2018-06-10 20:08:11 - [MESSAGE][PASSED] - All options with index in [7] are selected on object 'Object Repository/Emergency/Page_KDMC - CMO/select_--ALL--'

2018-06-10 20:08:11 - [TEST_STEP][PASSED] - selectOptionByIndex: All options with index in [1] are selected on object 'Object Repository/Emergency/Page_KDMC - CMO/select_--ALL--                _1'

2018-06-10 20:08:11 - [MESSAGE][PASSED] - All options with index in [1] are selected on object 'Object Repository/Emergency/Page_KDMC - CMO/select_--ALL--                _1'

2018-06-10 20:08:11 - [TEST_STEP][PASSED] - click: Object: 'Object Repository/Emergency/Page_KDMC - CMO/input_btnsearch' is clicked on

2018-06-10 20:08:11 - [MESSAGE][PASSED] - Object: 'Object Repository/Emergency/Page_KDMC - CMO/input_btnsearch' is clicked on

2018-06-10 20:08:11 - [TEST_STEP][PASSED] - Statement - ID = com.kms.katalon.core.webui.keyword.WebUiBuiltInKeywords.modifyObjectProperty(com.kms.katalon.core.testobject.ObjectRepository.findTestObject(Emergency/Page_KDMC - CMO/input_3), "xpath", "equals", "//*[@id=" + Rno + "]", true): Modify property of object successfully

2018-06-10 20:08:11 - [MESSAGE][PASSED] - Modify property of object successfully

2018-06-10 20:08:11 - [TEST_STEP][PASSED] - click: Object: 'Object Repository/Emergency/Page_KDMC - CMO/input_3' is clicked on

2018-06-10 20:08:12 - [MESSAGE][PASSED] - Object: 'Object Repository/Emergency/Page_KDMC - CMO/input_3' is clicked on

2018-06-10 20:08:12 - [TEST_STEP][PASSED] - delay: Delayed 2 second(s)

2018-06-10 20:08:14 - [MESSAGE][PASSED] - Delayed 2 second(s)

2018-06-10 20:08:14 - [TEST_STEP][PASSED] - selectOptionByIndex: All options with index in [1] are selected on object 'Object Repository/Emergency/Page_KDMC - CMO/select_--Select--'

2018-06-10 20:08:14 - [MESSAGE][PASSED] - All options with index in [1] are selected on object 'Object Repository/Emergency/Page_KDMC - CMO/select_--Select--'

2018-06-10 20:08:14 - [TEST_STEP][PASSED] - click: Object: 'Object Repository/Emergency/Page_KDMC - CMO/input_btnupdate' is clicked on

2018-06-10 20:08:14 - [MESSAGE][PASSED] - Object: 'Object Repository/Emergency/Page_KDMC - CMO/input_btnupdate' is clicked on

2018-06-10 20:08:14 - [TEST_STEP][PASSED] - delay: Delayed 2 second(s)

2018-06-10 20:08:16 - [MESSAGE][PASSED] - Delayed 2 second(s)

2018-06-10 20:08:16 - [TEST_STEP][PASSED] - click: Object: 'Object Repository/Emergency/Page_KDMC - CMO/button_OK' is clicked on

2018-06-10 20:08:17 - [MESSAGE][PASSED] - Object: 'Object Repository/Emergency/Page_KDMC - CMO/button_OK' is clicked on

2018-06-10 20:08:17 - [TEST_STEP][PASSED] - delay: Delayed 2 second(s)

2018-06-10 20:08:19 - [MESSAGE][PASSED] - Delayed 2 second(s)

2018-06-10 20:08:19 - [TEST_STEP][PASSED] - click: Object: 'Object Repository/Emergency/Page_KDMC - CMO/a_dropdown-toggle' is clicked on

2018-06-10 20:08:19 - [MESSAGE][PASSED] - Object: 'Object Repository/Emergency/Page_KDMC - CMO/a_dropdown-toggle' is clicked on

2018-06-10 20:08:19 - [TEST_STEP][PASSED] - click: Object: 'Object Repository/Emergency/Page_KDMC - CMO/a_Sign out' is clicked on

2018-06-10 20:08:19 - [MESSAGE][PASSED] - Object: 'Object Repository/Emergency/Page_KDMC - CMO/a_Sign out' is clicked on

2018-06-10 20:08:19 - [TEST_STEP][PASSED] - delay: Delayed 3 second(s)

2018-06-10 20:08:22 - [MESSAGE][PASSED] - Delayed 3 second(s)

2018-06-10 20:08:22 - [TEST_STEP][PASSED] - click: Object: 'Object Repository/Emergency/Page_KDMC/a_Divisional Store' is clicked on

2018-06-10 20:08:23 - [MESSAGE][PASSED] - Object: 'Object Repository/Emergency/Page_KDMC/a_Divisional Store' is clicked on

2018-06-10 20:08:23 - [TEST_STEP][PASSED] - setText: Text 'ragu' is set on object 'Object Repository/Emergency/Page_Divisonal Store Login/input_txtusername'

2018-06-10 20:08:23 - [MESSAGE][PASSED] - Text 'ragu' is set on object 'Object Repository/Emergency/Page_Divisonal Store Login/input_txtusername'

2018-06-10 20:08:23 - [TEST_STEP][PASSED] - setText: Text '123' is set on object 'Object Repository/Emergency/Page_Divisonal Store Login/input_txtpassword'

2018-06-10 20:08:23 - [MESSAGE][PASSED] - Text '123' is set on object 'Object Repository/Emergency/Page_Divisonal Store Login/input_txtpassword'

2018-06-10 20:08:23 - [TEST_STEP][PASSED] - delay: Delayed 3 second(s)

2018-06-10 20:08:26 - [MESSAGE][PASSED] - Delayed 3 second(s)

2018-06-10 20:08:26 - [TEST_STEP][PASSED] - click: Object: 'Object Repository/Emergency/Page_Divisonal Store Login/button_Sign in' is clicked on

2018-06-10 20:08:28 - [MESSAGE][PASSED] - Object: 'Object Repository/Emergency/Page_Divisonal Store Login/button_Sign in' is clicked on

2018-06-10 20:08:28 - [TEST_STEP][PASSED] - delay: Delayed 2 second(s)

2018-06-10 20:08:30 - [MESSAGE][PASSED] - Delayed 2 second(s)

2018-06-10 20:08:30 - [TEST_STEP][PASSED] - click: Object: 'Object Repository/Emergency/Page_Store/a_Emergency Request' is clicked on

2018-06-10 20:08:30 - [MESSAGE][PASSED] - Object: 'Object Repository/Emergency/Page_Store/a_Emergency Request' is clicked on

2018-06-10 20:08:30 - [TEST_STEP][PASSED] - click: Object: 'Object Repository/Emergency/Page_Store/a_Request Item Emergency' is clicked on

2018-06-10 20:08:31 - [MESSAGE][PASSED] - Object: 'Object Repository/Emergency/Page_Store/a_Request Item Emergency' is clicked on

2018-06-10 20:08:31 - [TEST_STEP][PASSED] - setText: Text '1041' is set on object 'Object Repository/Emergency/Page_Store/input'

2018-06-10 20:08:31 - [MESSAGE][PASSED] - Text '1041' is set on object 'Object Repository/Emergency/Page_Store/input'

2018-06-10 20:08:31 - [TEST_STEP][PASSED] - Statement - ChooseRequest = com.kms.katalon.core.webui.keyword.WebUiBuiltInKeywords.modifyObjectProperty(com.kms.katalon.core.testobject.ObjectRepository.findTestObject(Emergency/Page_Store/input_3), "xpath", "equals", "//*[@id=" + Rno + "]", true): Modify property of object successfully

2018-06-10 20:08:31 - [MESSAGE][PASSED] - Modify property of object successfully

2018-06-10 20:08:31 - [TEST_STEP][PASSED] - click: Object: 'Object Repository/Emergency/Page_Store/input_3' is clicked on

2018-06-10 20:08:32 - [MESSAGE][PASSED] - Object: 'Object Repository/Emergency/Page_Store/input_3' is clicked on

2018-06-10 20:08:32 - [TEST_STEP][PASSED] - delay: Delayed 2 second(s)

2018-06-10 20:08:34 - [MESSAGE][PASSED] - Delayed 2 second(s)

2018-06-10 20:08:34 - [TEST_STEP][PASSED] - Statement - selectedoptions1 = com.kms.katalon.core.webui.keyword.WebUiBuiltInKeywords.getNumberOfTotalOption(com.kms.katalon.core.testobject.ObjectRepository.findTestObject(Emergency/Page_Store/select_--Select--Amikacin -500)): 36 options of object 'Object Repository/Emergency/Page_Store/select_--Select--Amikacin -500' counted

2018-06-10 20:08:34 - [MESSAGE][PASSED] - 36 options of object 'Object Repository/Emergency/Page_Store/select_--Select--Amikacin -500' counted

2018-06-10 20:08:34 - [TEST_STEP][PASSED] - Statement - For ([a = 1, a <= selectedoptions1 - 1, (a++)]): null

2018-06-10 20:08:34 - [TEST_STEP][PASSED] - selectOptionByIndex: All options with index in [1] are selected on object 'Object Repository/Emergency/Page_Store/select_--Select--Amikacin -500'

2018-06-10 20:08:34 - [MESSAGE][PASSED] - All options with index in [1] are selected on object 'Object Repository/Emergency/Page_Store/select_--Select--Amikacin -500'

2018-06-10 20:08:34 - [TEST_STEP][PASSED] - delay: Delayed 2 second(s)

2018-06-10 20:08:36 - [MESSAGE][PASSED] - Delayed 2 second(s)

2018-06-10 20:08:36 - [TEST_STEP][PASSED] - Statement - RequestedQty = com.kms.katalon.core.webui.keyword.WebUiBuiltInKeywords.getAttribute(com.kms.katalon.core.testobject.ObjectRepository.findTestObject(Emergency/Page_Store/input_txttotal), "value"): Attribute 'value' of object 'Object Repository/Emergency/Page_Store/input_txttotal' is: '10'

2018-06-10 20:08:36 - [MESSAGE][PASSED] - Attribute 'value' of object 'Object Repository/Emergency/Page_Store/input_txttotal' is: '10'

2018-06-10 20:08:36 - [TEST_STEP][PASSED] - Statement - out.println("Requested QTY : " + RequestedQty): null

2018-06-10 20:08:36 - [TEST_STEP][PASSED] - Statement - BatchNumber = com.kms.katalon.core.webui.keyword.WebUiBuiltInKeywords.getNumberOfTotalOption(com.kms.katalon.core.testobject.ObjectRepository.findTestObject(Emergency/Page_Store/select_--Select--BA1150BA4110)): 3 options of object 'Object Repository/Emergency/Page_Store/select_--Select--BA1150BA4110' counted

2018-06-10 20:08:36 - [MESSAGE][PASSED] - 3 options of object 'Object Repository/Emergency/Page_Store/select_--Select--BA1150BA4110' counted

2018-06-10 20:08:36 - [TEST_STEP][PASSED] - Statement - For ([g = 1, g <= BatchNumber - 1, (g++)]): null

2018-06-10 20:08:36 - [TEST_STEP][PASSED] - selectOptionByIndex: All options with index in [1] are selected on object 'Object Repository/Emergency/Page_Store/select_--Select--BA1150BA4110'

2018-06-10 20:08:36 - [MESSAGE][PASSED] - All options with index in [1] are selected on object 'Object Repository/Emergency/Page_Store/select_--Select--BA1150BA4110'

2018-06-10 20:08:36 - [TEST_STEP][PASSED] - delay: Delayed 2 second(s)

2018-06-10 20:08:39 - [MESSAGE][PASSED] - Delayed 2 second(s)

2018-06-10 20:08:39 - [TEST_STEP][PASSED] - Statement - Try: null

2018-06-10 20:08:39 - [TEST_STEP][PASSED] - Statement - StockQty = com.kms.katalon.core.webui.keyword.WebUiBuiltInKeywords.getAttribute(com.kms.katalon.core.testobject.ObjectRepository.findTestObject(Emergency/Page_Store/input_txtprice), "value"): Attribute 'value' of object 'Object Repository/Emergency/Page_Store/input_txtprice' is: '1015'

2018-06-10 20:08:39 - [MESSAGE][PASSED] - Attribute 'value' of object 'Object Repository/Emergency/Page_Store/input_txtprice' is: '1015'

2018-06-10 20:08:39 - [TEST_STEP][PASSED] - Statement - out.println("Stock QTY : " + StockQty): null

2018-06-10 20:08:39 - [TEST_STEP][PASSED] - delay: Delayed 2 second(s)

2018-06-10 20:08:41 - [MESSAGE][PASSED] - Delayed 2 second(s)

2018-06-10 20:08:41 - [TEST_STEP][PASSED] - Statement - If (java.lang.Integer.valueOf(StockQty) >= java.lang.Integer.valueOf(RequestedQty)): null

2018-06-10 20:08:41 - [TEST_STEP][PASSED] - delay: Delayed 1 second(s)

2018-06-10 20:08:42 - [MESSAGE][PASSED] - Delayed 1 second(s)

2018-06-10 20:08:42 - [TEST_STEP][PASSED] - setText: Text '10' is set on object 'Object Repository/Emergency/Page_Store/input_txtqty'

2018-06-10 20:08:42 - [MESSAGE][PASSED] - Text '10' is set on object 'Object Repository/Emergency/Page_Store/input_txtqty'

2018-06-10 20:08:42 - [TEST_STEP][PASSED] - click: Object: 'Object Repository/Emergency/Page_Store/button_Add' is clicked on

2018-06-10 20:08:42 - [MESSAGE][PASSED] - Object: 'Object Repository/Emergency/Page_Store/button_Add' is clicked on

2018-06-10 20:08:42 - [TEST_STEP][PASSED] - Statement - Break: null

2018-06-10 20:08:42 - [TEST_STEP][PASSED] - selectOptionByIndex: All options with index in [2] are selected on object 'Object Repository/Emergency/Page_Store/select_--Select--Amikacin -500'

2018-06-10 20:08:42 - [MESSAGE][PASSED] - All options with index in [2] are selected on object 'Object Repository/Emergency/Page_Store/select_--Select--Amikacin -500'

2018-06-10 20:08:42 - [TEST_STEP][PASSED] - delay: Delayed 2 second(s)

2018-06-10 20:08:44 - [MESSAGE][PASSED] - Delayed 2 second(s)

2018-06-10 20:08:44 - [TEST_STEP][PASSED] - Statement - RequestedQty = com.kms.katalon.core.webui.keyword.WebUiBuiltInKeywords.getAttribute(com.kms.katalon.core.testobject.ObjectRepository.findTestObject(Emergency/Page_Store/input_txttotal), "value"): Attribute 'value' of object 'Object Repository/Emergency/Page_Store/input_txttotal' is: '10'

2018-06-10 20:08:44 - [MESSAGE][PASSED] - Attribute 'value' of object 'Object Repository/Emergency/Page_Store/input_txttotal' is: '10'

2018-06-10 20:08:44 - [TEST_STEP][PASSED] - Statement - out.println("Requested QTY : " + RequestedQty): null

2018-06-10 20:08:44 - [TEST_STEP][PASSED] - Statement - BatchNumber = com.kms.katalon.core.webui.keyword.WebUiBuiltInKeywords.getNumberOfTotalOption(com.kms.katalon.core.testobject.ObjectRepository.findTestObject(Emergency/Page_Store/select_--Select--BA1150BA4110)): 3 options of object 'Object Repository/Emergency/Page_Store/select_--Select--BA1150BA4110' counted

2018-06-10 20:08:44 - [MESSAGE][PASSED] - 3 options of object 'Object Repository/Emergency/Page_Store/select_--Select--BA1150BA4110' counted

2018-06-10 20:08:44 - [TEST_STEP][PASSED] - Statement - For ([g = 1, g <= BatchNumber - 1, (g++)]): null

2018-06-10 20:08:44 - [TEST_STEP][PASSED] - selectOptionByIndex: All options with index in [1] are selected on object 'Object Repository/Emergency/Page_Store/select_--Select--BA1150BA4110'

2018-06-10 20:08:44 - [MESSAGE][PASSED] - All options with index in [1] are selected on object 'Object Repository/Emergency/Page_Store/select_--Select--BA1150BA4110'

2018-06-10 20:08:44 - [TEST_STEP][PASSED] - delay: Delayed 2 second(s)

2018-06-10 20:08:46 - [MESSAGE][PASSED] - Delayed 2 second(s)

2018-06-10 20:08:46 - [TEST_STEP][PASSED] - Statement - Try: null

2018-06-10 20:08:46 - [TEST_STEP][PASSED] - Statement - StockQty = com.kms.katalon.core.webui.keyword.WebUiBuiltInKeywords.getAttribute(com.kms.katalon.core.testobject.ObjectRepository.findTestObject(Emergency/Page_Store/input_txtprice), "value"): Attribute 'value' of object 'Object Repository/Emergency/Page_Store/input_txtprice' is: '1010'

2018-06-10 20:08:46 - [MESSAGE][PASSED] - Attribute 'value' of object 'Object Repository/Emergency/Page_Store/input_txtprice' is: '1010'

2018-06-10 20:08:46 - [TEST_STEP][PASSED] - Statement - out.println("Stock QTY : " + StockQty): null

2018-06-10 20:08:46 - [TEST_STEP][PASSED] - delay: Delayed 2 second(s)

2018-06-10 20:08:48 - [MESSAGE][PASSED] - Delayed 2 second(s)

2018-06-10 20:08:48 - [TEST_STEP][PASSED] - Statement - If (java.lang.Integer.valueOf(StockQty) >= java.lang.Integer.valueOf(RequestedQty)): null

2018-06-10 20:08:48 - [TEST_STEP][PASSED] - delay: Delayed 1 second(s)

2018-06-10 20:08:49 - [MESSAGE][PASSED] - Delayed 1 second(s)

2018-06-10 20:08:49 - [TEST_STEP][PASSED] - setText: Text '10' is set on object 'Object Repository/Emergency/Page_Store/input_txtqty'

2018-06-10 20:08:49 - [MESSAGE][PASSED] - Text '10' is set on object 'Object Repository/Emergency/Page_Store/input_txtqty'

2018-06-10 20:08:49 - [TEST_STEP][PASSED] - click: Object: 'Object Repository/Emergency/Page_Store/button_Add' is clicked on

2018-06-10 20:08:49 - [MESSAGE][PASSED] - Object: 'Object Repository/Emergency/Page_Store/button_Add' is clicked on

2018-06-10 20:08:49 - [TEST_STEP][PASSED] - Statement - Break: null

2018-06-10 20:08:49 - [TEST_STEP][PASSED] - selectOptionByIndex: All options with index in [3] are selected on object 'Object Repository/Emergency/Page_Store/select_--Select--Amikacin -500'

2018-06-10 20:08:49 - [MESSAGE][PASSED] - All options with index in [3] are selected on object 'Object Repository/Emergency/Page_Store/select_--Select--Amikacin -500'

2018-06-10 20:08:49 - [TEST_STEP][PASSED] - delay: Delayed 2 second(s)

2018-06-10 20:08:51 - [MESSAGE][PASSED] - Delayed 2 second(s)

2018-06-10 20:08:51 - [TEST_STEP][PASSED] - Statement - RequestedQty = com.kms.katalon.core.webui.keyword.WebUiBuiltInKeywords.getAttribute(com.kms.katalon.core.testobject.ObjectRepository.findTestObject(Emergency/Page_Store/input_txttotal), "value"): Attribute 'value' of object 'Object Repository/Emergency/Page_Store/input_txttotal' is: '10'

2018-06-10 20:08:51 - [MESSAGE][PASSED] - Attribute 'value' of object 'Object Repository/Emergency/Page_Store/input_txttotal' is: '10'

2018-06-10 20:08:51 - [TEST_STEP][PASSED] - Statement - out.println("Requested QTY : " + RequestedQty): null

2018-06-10 20:08:51 - [TEST_STEP][PASSED] - Statement - BatchNumber = com.kms.katalon.core.webui.keyword.WebUiBuiltInKeywords.getNumberOfTotalOption(com.kms.katalon.core.testobject.ObjectRepository.findTestObject(Emergency/Page_Store/select_--Select--BA1150BA4110)): 2 options of object 'Object Repository/Emergency/Page_Store/select_--Select--BA1150BA4110' counted

2018-06-10 20:08:52 - [MESSAGE][PASSED] - 2 options of object 'Object Repository/Emergency/Page_Store/select_--Select--BA1150BA4110' counted

2018-06-10 20:08:52 - [TEST_STEP][PASSED] - Statement - For ([g = 1, g <= BatchNumber - 1, (g++)]): null

2018-06-10 20:08:52 - [TEST_STEP][PASSED] - selectOptionByIndex: All options with index in [1] are selected on object 'Object Repository/Emergency/Page_Store/select_--Select--BA1150BA4110'

2018-06-10 20:08:52 - [MESSAGE][PASSED] - All options with index in [1] are selected on object 'Object Repository/Emergency/Page_Store/select_--Select--BA1150BA4110'

2018-06-10 20:08:52 - [TEST_STEP][PASSED] - delay: Delayed 2 second(s)

2018-06-10 20:08:54 - [MESSAGE][PASSED] - Delayed 2 second(s)

2018-06-10 20:08:54 - [TEST_STEP][PASSED] - Statement - Try: null

2018-06-10 20:08:54 - [TEST_STEP][PASSED] - Statement - StockQty = com.kms.katalon.core.webui.keyword.WebUiBuiltInKeywords.getAttribute(com.kms.katalon.core.testobject.ObjectRepository.findTestObject(Emergency/Page_Store/input_txtprice), "value"): Attribute 'value' of object 'Object Repository/Emergency/Page_Store/input_txtprice' is: '2210'

2018-06-10 20:08:54 - [MESSAGE][PASSED] - Attribute 'value' of object 'Object Repository/Emergency/Page_Store/input_txtprice' is: '2210'

2018-06-10 20:08:54 - [TEST_STEP][PASSED] - Statement - out.println("Stock QTY : " + StockQty): null

2018-06-10 20:08:54 - [TEST_STEP][PASSED] - delay: Delayed 2 second(s)

2018-06-10 20:08:56 - [MESSAGE][PASSED] - Delayed 2 second(s)

2018-06-10 20:08:56 - [TEST_STEP][PASSED] - Statement - If (java.lang.Integer.valueOf(StockQty) >= java.lang.Integer.valueOf(RequestedQty)): null

2018-06-10 20:08:56 - [TEST_STEP][PASSED] - delay: Delayed 1 second(s)

2018-06-10 20:08:57 - [MESSAGE][PASSED] - Delayed 1 second(s)

2018-06-10 20:08:57 - [TEST_STEP][PASSED] - setText: Text '10' is set on object 'Object Repository/Emergency/Page_Store/input_txtqty'

2018-06-10 20:08:57 - [MESSAGE][PASSED] - Text '10' is set on object 'Object Repository/Emergency/Page_Store/input_txtqty'

2018-06-10 20:08:57 - [TEST_STEP][PASSED] - click: Object: 'Object Repository/Emergency/Page_Store/button_Add' is clicked on

2018-06-10 20:08:57 - [MESSAGE][PASSED] - Object: 'Object Repository/Emergency/Page_Store/button_Add' is clicked on

2018-06-10 20:08:57 - [TEST_STEP][PASSED] - Statement - Break: null

2018-06-10 20:08:57 - [TEST_STEP][PASSED] - selectOptionByIndex: All options with index in [4] are selected on object 'Object Repository/Emergency/Page_Store/select_--Select--Amikacin -500'

2018-06-10 20:08:57 - [MESSAGE][PASSED] - All options with index in [4] are selected on object 'Object Repository/Emergency/Page_Store/select_--Select--Amikacin -500'

2018-06-10 20:08:57 - [TEST_STEP][PASSED] - delay: Delayed 2 second(s)

2018-06-10 20:08:59 - [MESSAGE][PASSED] - Delayed 2 second(s)

2018-06-10 20:08:59 - [TEST_STEP][PASSED] - Statement - RequestedQty = com.kms.katalon.core.webui.keyword.WebUiBuiltInKeywords.getAttribute(com.kms.katalon.core.testobject.ObjectRepository.findTestObject(Emergency/Page_Store/input_txttotal), "value"): Attribute 'value' of object 'Object Repository/Emergency/Page_Store/input_txttotal' is: '10'

2018-06-10 20:08:59 - [MESSAGE][PASSED] - Attribute 'value' of object 'Object Repository/Emergency/Page_Store/input_txttotal' is: '10'

2018-06-10 20:08:59 - [TEST_STEP][PASSED] - Statement - out.println("Requested QTY : " + RequestedQty): null

2018-06-10 20:08:59 - [TEST_STEP][PASSED] - Statement - BatchNumber = com.kms.katalon.core.webui.keyword.WebUiBuiltInKeywords.getNumberOfTotalOption(com.kms.katalon.core.testobject.ObjectRepository.findTestObject(Emergency/Page_Store/select_--Select--BA1150BA4110)): 3 options of object 'Object Repository/Emergency/Page_Store/select_--Select--BA1150BA4110' counted

2018-06-10 20:08:59 - [MESSAGE][PASSED] - 3 options of object 'Object Repository/Emergency/Page_Store/select_--Select--BA1150BA4110' counted

2018-06-10 20:08:59 - [TEST_STEP][PASSED] - Statement - For ([g = 1, g <= BatchNumber - 1, (g++)]): null

2018-06-10 20:08:59 - [TEST_STEP][PASSED] - selectOptionByIndex: All options with index in [1] are selected on object 'Object Repository/Emergency/Page_Store/select_--Select--BA1150BA4110'

2018-06-10 20:08:59 - [MESSAGE][PASSED] - All options with index in [1] are selected on object 'Object Repository/Emergency/Page_Store/select_--Select--BA1150BA4110'

2018-06-10 20:08:59 - [TEST_STEP][PASSED] - delay: Delayed 2 second(s)

2018-06-10 20:09:01 - [MESSAGE][PASSED] - Delayed 2 second(s)

2018-06-10 20:09:01 - [TEST_STEP][PASSED] - Statement - Try: null

2018-06-10 20:09:01 - [TEST_STEP][PASSED] - Statement - StockQty = com.kms.katalon.core.webui.keyword.WebUiBuiltInKeywords.getAttribute(com.kms.katalon.core.testobject.ObjectRepository.findTestObject(Emergency/Page_Store/input_txtprice), "value"): Attribute 'value' of object 'Object Repository/Emergency/Page_Store/input_txtprice' is: '230'

2018-06-10 20:09:01 - [MESSAGE][PASSED] - Attribute 'value' of object 'Object Repository/Emergency/Page_Store/input_txtprice' is: '230'

2018-06-10 20:09:01 - [TEST_STEP][PASSED] - Statement - out.println("Stock QTY : " + StockQty): null

2018-06-10 20:09:01 - [TEST_STEP][PASSED] - delay: Delayed 2 second(s)

2018-06-10 20:09:03 - [MESSAGE][PASSED] - Delayed 2 second(s)

2018-06-10 20:09:03 - [TEST_STEP][PASSED] - Statement - If (java.lang.Integer.valueOf(StockQty) >= java.lang.Integer.valueOf(RequestedQty)): null

2018-06-10 20:09:03 - [TEST_STEP][PASSED] - delay: Delayed 1 second(s)

2018-06-10 20:09:04 - [MESSAGE][PASSED] - Delayed 1 second(s)

2018-06-10 20:09:04 - [TEST_STEP][PASSED] - setText: Text '10' is set on object 'Object Repository/Emergency/Page_Store/input_txtqty'

2018-06-10 20:09:04 - [MESSAGE][PASSED] - Text '10' is set on object 'Object Repository/Emergency/Page_Store/input_txtqty'

2018-06-10 20:09:04 - [TEST_STEP][PASSED] - click: Object: 'Object Repository/Emergency/Page_Store/button_Add' is clicked on

2018-06-10 20:09:04 - [MESSAGE][PASSED] - Object: 'Object Repository/Emergency/Page_Store/button_Add' is clicked on

2018-06-10 20:09:04 - [TEST_STEP][PASSED] - Statement - Break: null

2018-06-10 20:09:04 - [TEST_STEP][PASSED] - selectOptionByIndex: All options with index in [5] are selected on object 'Object Repository/Emergency/Page_Store/select_--Select--Amikacin -500'

2018-06-10 20:09:05 - [MESSAGE][PASSED] - All options with index in [5] are selected on object 'Object Repository/Emergency/Page_Store/select_--Select--Amikacin -500'

2018-06-10 20:09:05 - [TEST_STEP][PASSED] - delay: Delayed 2 second(s)

2018-06-10 20:09:07 - [MESSAGE][PASSED] - Delayed 2 second(s)

2018-06-10 20:09:07 - [TEST_STEP][PASSED] - Statement - RequestedQty = com.kms.katalon.core.webui.keyword.WebUiBuiltInKeywords.getAttribute(com.kms.katalon.core.testobject.ObjectRepository.findTestObject(Emergency/Page_Store/input_txttotal), "value"): Attribute 'value' of object 'Object Repository/Emergency/Page_Store/input_txttotal' is: '10'

2018-06-10 20:09:07 - [MESSAGE][PASSED] - Attribute 'value' of object 'Object Repository/Emergency/Page_Store/input_txttotal' is: '10'

2018-06-10 20:09:07 - [TEST_STEP][PASSED] - Statement - out.println("Requested QTY : " + RequestedQty): null

2018-06-10 20:09:07 - [TEST_STEP][PASSED] - Statement - BatchNumber = com.kms.katalon.core.webui.keyword.WebUiBuiltInKeywords.getNumberOfTotalOption(com.kms.katalon.core.testobject.ObjectRepository.findTestObject(Emergency/Page_Store/select_--Select--BA1150BA4110)): 2 options of object 'Object Repository/Emergency/Page_Store/select_--Select--BA1150BA4110' counted

2018-06-10 20:09:07 - [MESSAGE][PASSED] - 2 options of object 'Object Repository/Emergency/Page_Store/select_--Select--BA1150BA4110' counted

2018-06-10 20:09:07 - [TEST_STEP][PASSED] - Statement - For ([g = 1, g <= BatchNumber - 1, (g++)]): null

2018-06-10 20:09:07 - [TEST_STEP][PASSED] - selectOptionByIndex: All options with index in [1] are selected on object 'Object Repository/Emergency/Page_Store/select_--Select--BA1150BA4110'

2018-06-10 20:09:07 - [MESSAGE][PASSED] - All options with index in [1] are selected on object 'Object Repository/Emergency/Page_Store/select_--Select--BA1150BA4110'

2018-06-10 20:09:07 - [TEST_STEP][PASSED] - delay: Delayed 2 second(s)

2018-06-10 20:09:09 - [MESSAGE][PASSED] - Delayed 2 second(s)

2018-06-10 20:09:09 - [TEST_STEP][PASSED] - Statement - Try: null

2018-06-10 20:09:09 - [TEST_STEP][PASSED] - Statement - StockQty = com.kms.katalon.core.webui.keyword.WebUiBuiltInKeywords.getAttribute(com.kms.katalon.core.testobject.ObjectRepository.findTestObject(Emergency/Page_Store/input_txtprice), "value"): Attribute 'value' of object 'Object Repository/Emergency/Page_Store/input_txtprice' is: '1010'

2018-06-10 20:09:09 - [MESSAGE][PASSED] - Attribute 'value' of object 'Object Repository/Emergency/Page_Store/input_txtprice' is: '1010'

2018-06-10 20:09:09 - [TEST_STEP][PASSED] - Statement - out.println("Stock QTY : " + StockQty): null

2018-06-10 20:09:09 - [TEST_STEP][PASSED] - delay: Delayed 2 second(s)

2018-06-10 20:09:11 - [MESSAGE][PASSED] - Delayed 2 second(s)

2018-06-10 20:09:11 - [TEST_STEP][PASSED] - Statement - If (java.lang.Integer.valueOf(StockQty) >= java.lang.Integer.valueOf(RequestedQty)): null

2018-06-10 20:09:11 - [TEST_STEP][PASSED] - delay: Delayed 1 second(s)

2018-06-10 20:09:12 - [MESSAGE][PASSED] - Delayed 1 second(s)

2018-06-10 20:09:12 - [TEST_STEP][PASSED] - setText: Text '10' is set on object 'Object Repository/Emergency/Page_Store/input_txtqty'

2018-06-10 20:09:12 - [MESSAGE][PASSED] - Text '10' is set on object 'Object Repository/Emergency/Page_Store/input_txtqty'

2018-06-10 20:09:12 - [TEST_STEP][PASSED] - click: Object: 'Object Repository/Emergency/Page_Store/button_Add' is clicked on

2018-06-10 20:09:12 - [MESSAGE][PASSED] - Object: 'Object Repository/Emergency/Page_Store/button_Add' is clicked on

2018-06-10 20:09:12 - [TEST_STEP][PASSED] - Statement - Break: null

2018-06-10 20:09:12 - [TEST_STEP][PASSED] - selectOptionByIndex: All options with index in [6] are selected on object 'Object Repository/Emergency/Page_Store/select_--Select--Amikacin -500'

2018-06-10 20:09:12 - [MESSAGE][PASSED] - All options with index in [6] are selected on object 'Object Repository/Emergency/Page_Store/select_--Select--Amikacin -500'

2018-06-10 20:09:12 - [TEST_STEP][PASSED] - delay: Delayed 2 second(s)

2018-06-10 20:09:14 - [MESSAGE][PASSED] - Delayed 2 second(s)

2018-06-10 20:09:14 - [TEST_STEP][PASSED] - Statement - RequestedQty = com.kms.katalon.core.webui.keyword.WebUiBuiltInKeywords.getAttribute(com.kms.katalon.core.testobject.ObjectRepository.findTestObject(Emergency/Page_Store/input_txttotal), "value"): Attribute 'value' of object 'Object Repository/Emergency/Page_Store/input_txttotal' is: '10'

2018-06-10 20:09:14 - [MESSAGE][PASSED] - Attribute 'value' of object 'Object Repository/Emergency/Page_Store/input_txttotal' is: '10'

2018-06-10 20:09:14 - [TEST_STEP][PASSED] - Statement - out.println("Requested QTY : " + RequestedQty): null

2018-06-10 20:09:14 - [TEST_STEP][PASSED] - Statement - BatchNumber = com.kms.katalon.core.webui.keyword.WebUiBuiltInKeywords.getNumberOfTotalOption(com.kms.katalon.core.testobject.ObjectRepository.findTestObject(Emergency/Page_Store/select_--Select--BA1150BA4110)): 2 options of object 'Object Repository/Emergency/Page_Store/select_--Select--BA1150BA4110' counted

2018-06-10 20:09:14 - [MESSAGE][PASSED] - 2 options of object 'Object Repository/Emergency/Page_Store/select_--Select--BA1150BA4110' counted

2018-06-10 20:09:14 - [TEST_STEP][PASSED] - Statement - For ([g = 1, g <= BatchNumber - 1, (g++)]): null

2018-06-10 20:09:14 - [TEST_STEP][PASSED] - selectOptionByIndex: All options with index in [1] are selected on object 'Object Repository/Emergency/Page_Store/select_--Select--BA1150BA4110'

2018-06-10 20:09:14 - [MESSAGE][PASSED] - All options with index in [1] are selected on object 'Object Repository/Emergency/Page_Store/select_--Select--BA1150BA4110'

2018-06-10 20:09:14 - [TEST_STEP][PASSED] - delay: Delayed 2 second(s)

2018-06-10 20:09:16 - [MESSAGE][PASSED] - Delayed 2 second(s)

2018-06-10 20:09:16 - [TEST_STEP][PASSED] - Statement - Try: null

2018-06-10 20:09:16 - [TEST_STEP][PASSED] - Statement - StockQty = com.kms.katalon.core.webui.keyword.WebUiBuiltInKeywords.getAttribute(com.kms.katalon.core.testobject.ObjectRepository.findTestObject(Emergency/Page_Store/input_txtprice), "value"): Attribute 'value' of object 'Object Repository/Emergency/Page_Store/input_txtprice' is: '1010'

2018-06-10 20:09:16 - [MESSAGE][PASSED] - Attribute 'value' of object 'Object Repository/Emergency/Page_Store/input_txtprice' is: '1010'

2018-06-10 20:09:16 - [TEST_STEP][PASSED] - Statement - out.println("Stock QTY : " + StockQty): null

2018-06-10 20:09:16 - [TEST_STEP][PASSED] - delay: Delayed 2 second(s)

2018-06-10 20:09:18 - [MESSAGE][PASSED] - Delayed 2 second(s)

2018-06-10 20:09:18 - [TEST_STEP][PASSED] - Statement - If (java.lang.Integer.valueOf(StockQty) >= java.lang.Integer.valueOf(RequestedQty)): null

2018-06-10 20:09:18 - [TEST_STEP][PASSED] - delay: Delayed 1 second(s)

2018-06-10 20:09:19 - [MESSAGE][PASSED] - Delayed 1 second(s)

2018-06-10 20:09:19 - [TEST_STEP][PASSED] - setText: Text '10' is set on object 'Object Repository/Emergency/Page_Store/input_txtqty'

2018-06-10 20:09:19 - [MESSAGE][PASSED] - Text '10' is set on object 'Object Repository/Emergency/Page_Store/input_txtqty'

2018-06-10 20:09:19 - [TEST_STEP][PASSED] - click: Object: 'Object Repository/Emergency/Page_Store/button_Add' is clicked on

2018-06-10 20:09:20 - [MESSAGE][PASSED] - Object: 'Object Repository/Emergency/Page_Store/button_Add' is clicked on

2018-06-10 20:09:20 - [TEST_STEP][PASSED] - Statement - Break: null

2018-06-10 20:09:20 - [TEST_STEP][PASSED] - selectOptionByIndex: All options with index in [7] are selected on object 'Object Repository/Emergency/Page_Store/select_--Select--Amikacin -500'

2018-06-10 20:09:20 - [MESSAGE][PASSED] - All options with index in [7] are selected on object 'Object Repository/Emergency/Page_Store/select_--Select--Amikacin -500'

2018-06-10 20:09:20 - [TEST_STEP][PASSED] - delay: Delayed 2 second(s)

2018-06-10 20:09:22 - [MESSAGE][PASSED] - Delayed 2 second(s)

2018-06-10 20:09:22 - [TEST_STEP][PASSED] - Statement - RequestedQty = com.kms.katalon.core.webui.keyword.WebUiBuiltInKeywords.getAttribute(com.kms.katalon.core.testobject.ObjectRepository.findTestObject(Emergency/Page_Store/input_txttotal), "value"): Attribute 'value' of object 'Object Repository/Emergency/Page_Store/input_txttotal' is: '10'

2018-06-10 20:09:22 - [MESSAGE][PASSED] - Attribute 'value' of object 'Object Repository/Emergency/Page_Store/input_txttotal' is: '10'

2018-06-10 20:09:22 - [TEST_STEP][PASSED] - Statement - out.println("Requested QTY : " + RequestedQty): null

2018-06-10 20:09:22 - [TEST_STEP][PASSED] - Statement - BatchNumber = com.kms.katalon.core.webui.keyword.WebUiBuiltInKeywords.getNumberOfTotalOption(com.kms.katalon.core.testobject.ObjectRepository.findTestObject(Emergency/Page_Store/select_--Select--BA1150BA4110)): 2 options of object 'Object Repository/Emergency/Page_Store/select_--Select--BA1150BA4110' counted

2018-06-10 20:09:22 - [MESSAGE][PASSED] - 2 options of object 'Object Repository/Emergency/Page_Store/select_--Select--BA1150BA4110' counted

2018-06-10 20:09:22 - [TEST_STEP][PASSED] - Statement - For ([g = 1, g <= BatchNumber - 1, (g++)]): null

2018-06-10 20:09:22 - [TEST_STEP][PASSED] - selectOptionByIndex: All options with index in [1] are selected on object 'Object Repository/Emergency/Page_Store/select_--Select--BA1150BA4110'

2018-06-10 20:09:22 - [MESSAGE][PASSED] - All options with index in [1] are selected on object 'Object Repository/Emergency/Page_Store/select_--Select--BA1150BA4110'

2018-06-10 20:09:22 - [TEST_STEP][PASSED] - delay: Delayed 2 second(s)

2018-06-10 20:09:24 - [MESSAGE][PASSED] - Delayed 2 second(s)

2018-06-10 20:09:24 - [TEST_STEP][PASSED] - Statement - Try: null

2018-06-10 20:09:24 - [TEST_STEP][PASSED] - Statement - StockQty = com.kms.katalon.core.webui.keyword.WebUiBuiltInKeywords.getAttribute(com.kms.katalon.core.testobject.ObjectRepository.findTestObject(Emergency/Page_Store/input_txtprice), "value"): Attribute 'value' of object 'Object Repository/Emergency/Page_Store/input_txtprice' is: '1005'

2018-06-10 20:09:24 - [MESSAGE][PASSED] - Attribute 'value' of object 'Object Repository/Emergency/Page_Store/input_txtprice' is: '1005'

2018-06-10 20:09:24 - [TEST_STEP][PASSED] - Statement - out.println("Stock QTY : " + StockQty): null

2018-06-10 20:09:24 - [TEST_STEP][PASSED] - delay: Delayed 2 second(s)

2018-06-10 20:09:26 - [MESSAGE][PASSED] - Delayed 2 second(s)

2018-06-10 20:09:26 - [TEST_STEP][PASSED] - Statement - If (java.lang.Integer.valueOf(StockQty) >= java.lang.Integer.valueOf(RequestedQty)): null

2018-06-10 20:09:26 - [TEST_STEP][PASSED] - delay: Delayed 1 second(s)

2018-06-10 20:09:27 - [MESSAGE][PASSED] - Delayed 1 second(s)

2018-06-10 20:09:27 - [TEST_STEP][PASSED] - setText: Text '10' is set on object 'Object Repository/Emergency/Page_Store/input_txtqty'

2018-06-10 20:09:27 - [MESSAGE][PASSED] - Text '10' is set on object 'Object Repository/Emergency/Page_Store/input_txtqty'

2018-06-10 20:09:27 - [TEST_STEP][PASSED] - click: Object: 'Object Repository/Emergency/Page_Store/button_Add' is clicked on

2018-06-10 20:09:27 - [MESSAGE][PASSED] - Object: 'Object Repository/Emergency/Page_Store/button_Add' is clicked on

2018-06-10 20:09:27 - [TEST_STEP][PASSED] - Statement - Break: null

2018-06-10 20:09:27 - [TEST_STEP][PASSED] - selectOptionByIndex: All options with index in [8] are selected on object 'Object Repository/Emergency/Page_Store/select_--Select--Amikacin -500'

2018-06-10 20:09:27 - [MESSAGE][PASSED] - All options with index in [8] are selected on object 'Object Repository/Emergency/Page_Store/select_--Select--Amikacin -500'

2018-06-10 20:09:27 - [TEST_STEP][PASSED] - delay: Delayed 2 second(s)

2018-06-10 20:09:29 - [MESSAGE][PASSED] - Delayed 2 second(s)

2018-06-10 20:09:29 - [TEST_STEP][PASSED] - Statement - RequestedQty = com.kms.katalon.core.webui.keyword.WebUiBuiltInKeywords.getAttribute(com.kms.katalon.core.testobject.ObjectRepository.findTestObject(Emergency/Page_Store/input_txttotal), "value"): Attribute 'value' of object 'Object Repository/Emergency/Page_Store/input_txttotal' is: '10'

2018-06-10 20:09:29 - [MESSAGE][PASSED] - Attribute 'value' of object 'Object Repository/Emergency/Page_Store/input_txttotal' is: '10'

2018-06-10 20:09:29 - [TEST_STEP][PASSED] - Statement - out.println("Requested QTY : " + RequestedQty): null

2018-06-10 20:09:29 - [TEST_STEP][PASSED] - Statement - BatchNumber = com.kms.katalon.core.webui.keyword.WebUiBuiltInKeywords.getNumberOfTotalOption(com.kms.katalon.core.testobject.ObjectRepository.findTestObject(Emergency/Page_Store/select_--Select--BA1150BA4110)): 3 options of object 'Object Repository/Emergency/Page_Store/select_--Select--BA1150BA4110' counted

2018-06-10 20:09:29 - [MESSAGE][PASSED] - 3 options of object 'Object Repository/Emergency/Page_Store/select_--Select--BA1150BA4110' counted

2018-06-10 20:09:29 - [TEST_STEP][PASSED] - Statement - For ([g = 1, g <= BatchNumber - 1, (g++)]): null

2018-06-10 20:09:29 - [TEST_STEP][PASSED] - selectOptionByIndex: All options with index in [1] are selected on object 'Object Repository/Emergency/Page_Store/select_--Select--BA1150BA4110'

2018-06-10 20:09:29 - [MESSAGE][PASSED] - All options with index in [1] are selected on object 'Object Repository/Emergency/Page_Store/select_--Select--BA1150BA4110'

2018-06-10 20:09:29 - [TEST_STEP][PASSED] - delay: Delayed 2 second(s)

2018-06-10 20:09:31 - [MESSAGE][PASSED] - Delayed 2 second(s)

2018-06-10 20:09:31 - [TEST_STEP][PASSED] - Statement - Try: null

2018-06-10 20:09:31 - [TEST_STEP][PASSED] - Statement - StockQty = com.kms.katalon.core.webui.keyword.WebUiBuiltInKeywords.getAttribute(com.kms.katalon.core.testobject.ObjectRepository.findTestObject(Emergency/Page_Store/input_txtprice), "value"): Attribute 'value' of object 'Object Repository/Emergency/Page_Store/input_txtprice' is: '510'

2018-06-10 20:09:32 - [MESSAGE][PASSED] - Attribute 'value' of object 'Object Repository/Emergency/Page_Store/input_txtprice' is: '510'

2018-06-10 20:09:32 - [TEST_STEP][PASSED] - Statement - out.println("Stock QTY : " + StockQty): null

2018-06-10 20:09:32 - [TEST_STEP][PASSED] - delay: Delayed 2 second(s)

2018-06-10 20:09:34 - [MESSAGE][PASSED] - Delayed 2 second(s)

2018-06-10 20:09:34 - [TEST_STEP][PASSED] - Statement - If (java.lang.Integer.valueOf(StockQty) >= java.lang.Integer.valueOf(RequestedQty)): null

2018-06-10 20:09:34 - [TEST_STEP][PASSED] - delay: Delayed 1 second(s)

2018-06-10 20:09:35 - [MESSAGE][PASSED] - Delayed 1 second(s)

2018-06-10 20:09:35 - [TEST_STEP][PASSED] - setText: Text '10' is set on object 'Object Repository/Emergency/Page_Store/input_txtqty'

2018-06-10 20:09:35 - [MESSAGE][PASSED] - Text '10' is set on object 'Object Repository/Emergency/Page_Store/input_txtqty'

2018-06-10 20:09:35 - [TEST_STEP][PASSED] - click: Object: 'Object Repository/Emergency/Page_Store/button_Add' is clicked on

2018-06-10 20:09:35 - [MESSAGE][PASSED] - Object: 'Object Repository/Emergency/Page_Store/button_Add' is clicked on

2018-06-10 20:09:35 - [TEST_STEP][PASSED] - Statement - Break: null

2018-06-10 20:09:35 - [TEST_STEP][PASSED] - selectOptionByIndex: All options with index in [9] are selected on object 'Object Repository/Emergency/Page_Store/select_--Select--Amikacin -500'

2018-06-10 20:09:35 - [MESSAGE][PASSED] - All options with index in [9] are selected on object 'Object Repository/Emergency/Page_Store/select_--Select--Amikacin -500'

2018-06-10 20:09:35 - [TEST_STEP][PASSED] - delay: Delayed 2 second(s)

2018-06-10 20:09:37 - [MESSAGE][PASSED] - Delayed 2 second(s)

2018-06-10 20:09:37 - [TEST_STEP][PASSED] - Statement - RequestedQty = com.kms.katalon.core.webui.keyword.WebUiBuiltInKeywords.getAttribute(com.kms.katalon.core.testobject.ObjectRepository.findTestObject(Emergency/Page_Store/input_txttotal), "value"): Attribute 'value' of object 'Object Repository/Emergency/Page_Store/input_txttotal' is: '10'

2018-06-10 20:09:37 - [MESSAGE][PASSED] - Attribute 'value' of object 'Object Repository/Emergency/Page_Store/input_txttotal' is: '10'

2018-06-10 20:09:37 - [TEST_STEP][PASSED] - Statement - out.println("Requested QTY : " + RequestedQty): null

2018-06-10 20:09:37 - [TEST_STEP][PASSED] - Statement - BatchNumber = com.kms.katalon.core.webui.keyword.WebUiBuiltInKeywords.getNumberOfTotalOption(com.kms.katalon.core.testobject.ObjectRepository.findTestObject(Emergency/Page_Store/select_--Select--BA1150BA4110)): 2 options of object 'Object Repository/Emergency/Page_Store/select_--Select--BA1150BA4110' counted

2018-06-10 20:09:37 - [MESSAGE][PASSED] - 2 options of object 'Object Repository/Emergency/Page_Store/select_--Select--BA1150BA4110' counted

2018-06-10 20:09:37 - [TEST_STEP][PASSED] - Statement - For ([g = 1, g <= BatchNumber - 1, (g++)]): null

2018-06-10 20:09:37 - [TEST_STEP][PASSED] - selectOptionByIndex: All options with index in [1] are selected on object 'Object Repository/Emergency/Page_Store/select_--Select--BA1150BA4110'

2018-06-10 20:09:37 - [MESSAGE][PASSED] - All options with index in [1] are selected on object 'Object Repository/Emergency/Page_Store/select_--Select--BA1150BA4110'

2018-06-10 20:09:37 - [TEST_STEP][PASSED] - delay: Delayed 2 second(s)

2018-06-10 20:09:39 - [MESSAGE][PASSED] - Delayed 2 second(s)

2018-06-10 20:09:39 - [TEST_STEP][PASSED] - Statement - Try: null

2018-06-10 20:09:39 - [TEST_STEP][PASSED] - Statement - StockQty = com.kms.katalon.core.webui.keyword.WebUiBuiltInKeywords.getAttribute(com.kms.katalon.core.testobject.ObjectRepository.findTestObject(Emergency/Page_Store/input_txtprice), "value"): Attribute 'value' of object 'Object Repository/Emergency/Page_Store/input_txtprice' is: '1020'

2018-06-10 20:09:39 - [MESSAGE][PASSED] - Attribute 'value' of object 'Object Repository/Emergency/Page_Store/input_txtprice' is: '1020'

2018-06-10 20:09:39 - [TEST_STEP][PASSED] - Statement - out.println("Stock QTY : " + StockQty): null

2018-06-10 20:09:39 - [TEST_STEP][PASSED] - delay: Delayed 2 second(s)

2018-06-10 20:09:41 - [MESSAGE][PASSED] - Delayed 2 second(s)

2018-06-10 20:09:41 - [TEST_STEP][PASSED] - Statement - If (java.lang.Integer.valueOf(StockQty) >= java.lang.Integer.valueOf(RequestedQty)): null

2018-06-10 20:09:41 - [TEST_STEP][PASSED] - delay: Delayed 1 second(s)

2018-06-10 20:09:42 - [MESSAGE][PASSED] - Delayed 1 second(s)

2018-06-10 20:09:42 - [TEST_STEP][PASSED] - setText: Text '10' is set on object 'Object Repository/Emergency/Page_Store/input_txtqty'

2018-06-10 20:09:42 - [MESSAGE][PASSED] - Text '10' is set on object 'Object Repository/Emergency/Page_Store/input_txtqty'

2018-06-10 20:09:42 - [TEST_STEP][PASSED] - click: Object: 'Object Repository/Emergency/Page_Store/button_Add' is clicked on

2018-06-10 20:09:42 - [MESSAGE][PASSED] - Object: 'Object Repository/Emergency/Page_Store/button_Add' is clicked on

2018-06-10 20:09:42 - [TEST_STEP][PASSED] - Statement - Break: null

2018-06-10 20:09:42 - [TEST_STEP][PASSED] - selectOptionByIndex: All options with index in [10] are selected on object 'Object Repository/Emergency/Page_Store/select_--Select--Amikacin -500'

2018-06-10 20:09:43 - [MESSAGE][PASSED] - All options with index in [10] are selected on object 'Object Repository/Emergency/Page_Store/select_--Select--Amikacin -500'

2018-06-10 20:09:43 - [TEST_STEP][PASSED] - delay: Delayed 2 second(s)

2018-06-10 20:09:45 - [MESSAGE][PASSED] - Delayed 2 second(s)

2018-06-10 20:09:45 - [TEST_STEP][PASSED] - Statement - RequestedQty = com.kms.katalon.core.webui.keyword.WebUiBuiltInKeywords.getAttribute(com.kms.katalon.core.testobject.ObjectRepository.findTestObject(Emergency/Page_Store/input_txttotal), "value"): Attribute 'value' of object 'Object Repository/Emergency/Page_Store/input_txttotal' is: '10'

2018-06-10 20:09:45 - [MESSAGE][PASSED] - Attribute 'value' of object 'Object Repository/Emergency/Page_Store/input_txttotal' is: '10'

2018-06-10 20:09:45 - [TEST_STEP][PASSED] - Statement - out.println("Requested QTY : " + RequestedQty): null

2018-06-10 20:09:45 - [TEST_STEP][PASSED] - Statement - BatchNumber = com.kms.katalon.core.webui.keyword.WebUiBuiltInKeywords.getNumberOfTotalOption(com.kms.katalon.core.testobject.ObjectRepository.findTestObject(Emergency/Page_Store/select_--Select--BA1150BA4110)): 2 options of object 'Object Repository/Emergency/Page_Store/select_--Select--BA1150BA4110' counted

2018-06-10 20:09:45 - [MESSAGE][PASSED] - 2 options of object 'Object Repository/Emergency/Page_Store/select_--Select--BA1150BA4110' counted

2018-06-10 20:09:45 - [TEST_STEP][PASSED] - Statement - For ([g = 1, g <= BatchNumber - 1, (g++)]): null

2018-06-10 20:09:45 - [TEST_STEP][PASSED] - selectOptionByIndex: All options with index in [1] are selected on object 'Object Repository/Emergency/Page_Store/select_--Select--BA1150BA4110'

2018-06-10 20:09:45 - [MESSAGE][PASSED] - All options with index in [1] are selected on object 'Object Repository/Emergency/Page_Store/select_--Select--BA1150BA4110'

2018-06-10 20:09:45 - [TEST_STEP][PASSED] - delay: Delayed 2 second(s)

2018-06-10 20:09:47 - [MESSAGE][PASSED] - Delayed 2 second(s)

2018-06-10 20:09:47 - [TEST_STEP][PASSED] - Statement - Try: null

2018-06-10 20:09:47 - [TEST_STEP][PASSED] - Statement - StockQty = com.kms.katalon.core.webui.keyword.WebUiBuiltInKeywords.getAttribute(com.kms.katalon.core.testobject.ObjectRepository.findTestObject(Emergency/Page_Store/input_txtprice), "value"): Attribute 'value' of object 'Object Repository/Emergency/Page_Store/input_txtprice' is: '1020'

2018-06-10 20:09:47 - [MESSAGE][PASSED] - Attribute 'value' of object 'Object Repository/Emergency/Page_Store/input_txtprice' is: '1020'

2018-06-10 20:09:47 - [TEST_STEP][PASSED] - Statement - out.println("Stock QTY : " + StockQty): null

2018-06-10 20:09:47 - [TEST_STEP][PASSED] - delay: Delayed 2 second(s)

2018-06-10 20:09:49 - [MESSAGE][PASSED] - Delayed 2 second(s)

2018-06-10 20:09:49 - [TEST_STEP][PASSED] - Statement - If (java.lang.Integer.valueOf(StockQty) >= java.lang.Integer.valueOf(RequestedQty)): null

2018-06-10 20:09:49 - [TEST_STEP][PASSED] - delay: Delayed 1 second(s)

2018-06-10 20:09:50 - [MESSAGE][PASSED] - Delayed 1 second(s)

2018-06-10 20:09:50 - [TEST_STEP][PASSED] - setText: Text '10' is set on object 'Object Repository/Emergency/Page_Store/input_txtqty'

2018-06-10 20:09:50 - [MESSAGE][PASSED] - Text '10' is set on object 'Object Repository/Emergency/Page_Store/input_txtqty'

2018-06-10 20:09:50 - [TEST_STEP][PASSED] - click: Object: 'Object Repository/Emergency/Page_Store/button_Add' is clicked on

2018-06-10 20:09:50 - [MESSAGE][PASSED] - Object: 'Object Repository/Emergency/Page_Store/button_Add' is clicked on

2018-06-10 20:09:50 - [TEST_STEP][PASSED] - Statement - Break: null

2018-06-10 20:09:50 - [TEST_STEP][PASSED] - selectOptionByIndex: All options with index in [11] are selected on object 'Object Repository/Emergency/Page_Store/select_--Select--Amikacin -500'

2018-06-10 20:09:50 - [MESSAGE][PASSED] - All options with index in [11] are selected on object 'Object Repository/Emergency/Page_Store/select_--Select--Amikacin -500'

2018-06-10 20:09:50 - [TEST_STEP][PASSED] - delay: Delayed 2 second(s)

2018-06-10 20:09:52 - [MESSAGE][PASSED] - Delayed 2 second(s)

2018-06-10 20:09:52 - [TEST_STEP][PASSED] - Statement - RequestedQty = com.kms.katalon.core.webui.keyword.WebUiBuiltInKeywords.getAttribute(com.kms.katalon.core.testobject.ObjectRepository.findTestObject(Emergency/Page_Store/input_txttotal), "value"): Attribute 'value' of object 'Object Repository/Emergency/Page_Store/input_txttotal' is: '10'

2018-06-10 20:09:52 - [MESSAGE][PASSED] - Attribute 'value' of object 'Object Repository/Emergency/Page_Store/input_txttotal' is: '10'

2018-06-10 20:09:52 - [TEST_STEP][PASSED] - Statement - out.println("Requested QTY : " + RequestedQty): null

2018-06-10 20:09:52 - [TEST_STEP][PASSED] - Statement - BatchNumber = com.kms.katalon.core.webui.keyword.WebUiBuiltInKeywords.getNumberOfTotalOption(com.kms.katalon.core.testobject.ObjectRepository.findTestObject(Emergency/Page_Store/select_--Select--BA1150BA4110)): 3 options of object 'Object Repository/Emergency/Page_Store/select_--Select--BA1150BA4110' counted

2018-06-10 20:09:52 - [MESSAGE][PASSED] - 3 options of object 'Object Repository/Emergency/Page_Store/select_--Select--BA1150BA4110' counted

2018-06-10 20:09:52 - [TEST_STEP][PASSED] - Statement - For ([g = 1, g <= BatchNumber - 1, (g++)]): null

2018-06-10 20:09:52 - [TEST_STEP][PASSED] - selectOptionByIndex: All options with index in [1] are selected on object 'Object Repository/Emergency/Page_Store/select_--Select--BA1150BA4110'

2018-06-10 20:09:52 - [MESSAGE][PASSED] - All options with index in [1] are selected on object 'Object Repository/Emergency/Page_Store/select_--Select--BA1150BA4110'

2018-06-10 20:09:52 - [TEST_STEP][PASSED] - delay: Delayed 2 second(s)

2018-06-10 20:09:54 - [MESSAGE][PASSED] - Delayed 2 second(s)

2018-06-10 20:09:54 - [TEST_STEP][PASSED] - Statement - Try: null

2018-06-10 20:09:54 - [TEST_STEP][PASSED] - Statement - StockQty = com.kms.katalon.core.webui.keyword.WebUiBuiltInKeywords.getAttribute(com.kms.katalon.core.testobject.ObjectRepository.findTestObject(Emergency/Page_Store/input_txtprice), "value"): Attribute 'value' of object 'Object Repository/Emergency/Page_Store/input_txtprice' is: '610'

2018-06-10 20:09:54 - [MESSAGE][PASSED] - Attribute 'value' of object 'Object Repository/Emergency/Page_Store/input_txtprice' is: '610'

2018-06-10 20:09:54 - [TEST_STEP][PASSED] - Statement - out.println("Stock QTY : " + StockQty): null

2018-06-10 20:09:54 - [TEST_STEP][PASSED] - delay: Delayed 2 second(s)

2018-06-10 20:09:56 - [MESSAGE][PASSED] - Delayed 2 second(s)

2018-06-10 20:09:56 - [TEST_STEP][PASSED] - Statement - If (java.lang.Integer.valueOf(StockQty) >= java.lang.Integer.valueOf(RequestedQty)): null

2018-06-10 20:09:56 - [TEST_STEP][PASSED] - delay: Delayed 1 second(s)

2018-06-10 20:09:57 - [MESSAGE][PASSED] - Delayed 1 second(s)

2018-06-10 20:09:57 - [TEST_STEP][PASSED] - setText: Text '10' is set on object 'Object Repository/Emergency/Page_Store/input_txtqty'

2018-06-10 20:09:57 - [MESSAGE][PASSED] - Text '10' is set on object 'Object Repository/Emergency/Page_Store/input_txtqty'

2018-06-10 20:09:57 - [TEST_STEP][PASSED] - click: Object: 'Object Repository/Emergency/Page_Store/button_Add' is clicked on

2018-06-10 20:09:58 - [MESSAGE][PASSED] - Object: 'Object Repository/Emergency/Page_Store/button_Add' is clicked on

2018-06-10 20:09:58 - [TEST_STEP][PASSED] - Statement - Break: null

2018-06-10 20:09:58 - [TEST_STEP][PASSED] - selectOptionByIndex: All options with index in [12] are selected on object 'Object Repository/Emergency/Page_Store/select_--Select--Amikacin -500'

2018-06-10 20:09:58 - [MESSAGE][PASSED] - All options with index in [12] are selected on object 'Object Repository/Emergency/Page_Store/select_--Select--Amikacin -500'

2018-06-10 20:09:58 - [TEST_STEP][PASSED] - delay: Delayed 2 second(s)

2018-06-10 20:10:00 - [MESSAGE][PASSED] - Delayed 2 second(s)

2018-06-10 20:10:00 - [TEST_STEP][PASSED] - Statement - RequestedQty = com.kms.katalon.core.webui.keyword.WebUiBuiltInKeywords.getAttribute(com.kms.katalon.core.testobject.ObjectRepository.findTestObject(Emergency/Page_Store/input_txttotal), "value"): Attribute 'value' of object 'Object Repository/Emergency/Page_Store/input_txttotal' is: '10'

2018-06-10 20:10:00 - [MESSAGE][PASSED] - Attribute 'value' of object 'Object Repository/Emergency/Page_Store/input_txttotal' is: '10'

2018-06-10 20:10:00 - [TEST_STEP][PASSED] - Statement - out.println("Requested QTY : " + RequestedQty): null

2018-06-10 20:10:00 - [TEST_STEP][PASSED] - Statement - BatchNumber = com.kms.katalon.core.webui.keyword.WebUiBuiltInKeywords.getNumberOfTotalOption(com.kms.katalon.core.testobject.ObjectRepository.findTestObject(Emergency/Page_Store/select_--Select--BA1150BA4110)): 3 options of object 'Object Repository/Emergency/Page_Store/select_--Select--BA1150BA4110' counted

2018-06-10 20:10:00 - [MESSAGE][PASSED] - 3 options of object 'Object Repository/Emergency/Page_Store/select_--Select--BA1150BA4110' counted

2018-06-10 20:10:00 - [TEST_STEP][PASSED] - Statement - For ([g = 1, g <= BatchNumber - 1, (g++)]): null

2018-06-10 20:10:00 - [TEST_STEP][PASSED] - selectOptionByIndex: All options with index in [1] are selected on object 'Object Repository/Emergency/Page_Store/select_--Select--BA1150BA4110'

2018-06-10 20:10:00 - [MESSAGE][PASSED] - All options with index in [1] are selected on object 'Object Repository/Emergency/Page_Store/select_--Select--BA1150BA4110'

2018-06-10 20:10:00 - [TEST_STEP][PASSED] - delay: Delayed 2 second(s)

2018-06-10 20:10:02 - [MESSAGE][PASSED] - Delayed 2 second(s)

2018-06-10 20:10:02 - [TEST_STEP][PASSED] - Statement - Try: null

2018-06-10 20:10:02 - [TEST_STEP][PASSED] - Statement - StockQty = com.kms.katalon.core.webui.keyword.WebUiBuiltInKeywords.getAttribute(com.kms.katalon.core.testobject.ObjectRepository.findTestObject(Emergency/Page_Store/input_txtprice), "value"): Attribute 'value' of object 'Object Repository/Emergency/Page_Store/input_txtprice' is: '610'

2018-06-10 20:10:02 - [MESSAGE][PASSED] - Attribute 'value' of object 'Object Repository/Emergency/Page_Store/input_txtprice' is: '610'

2018-06-10 20:10:02 - [TEST_STEP][PASSED] - Statement - out.println("Stock QTY : " + StockQty): null

2018-06-10 20:10:02 - [TEST_STEP][PASSED] - delay: Delayed 2 second(s)

2018-06-10 20:10:04 - [MESSAGE][PASSED] - Delayed 2 second(s)

2018-06-10 20:10:04 - [TEST_STEP][PASSED] - Statement - If (java.lang.Integer.valueOf(StockQty) >= java.lang.Integer.valueOf(RequestedQty)): null

2018-06-10 20:10:04 - [TEST_STEP][PASSED] - delay: Delayed 1 second(s)

2018-06-10 20:10:05 - [MESSAGE][PASSED] - Delayed 1 second(s)

2018-06-10 20:10:05 - [TEST_STEP][PASSED] - setText: Text '10' is set on object 'Object Repository/Emergency/Page_Store/input_txtqty'

2018-06-10 20:10:05 - [MESSAGE][PASSED] - Text '10' is set on object 'Object Repository/Emergency/Page_Store/input_txtqty'

2018-06-10 20:10:05 - [TEST_STEP][PASSED] - click: Object: 'Object Repository/Emergency/Page_Store/button_Add' is clicked on

2018-06-10 20:10:05 - [MESSAGE][PASSED] - Object: 'Object Repository/Emergency/Page_Store/button_Add' is clicked on

2018-06-10 20:10:05 - [TEST_STEP][PASSED] - Statement - Break: null

2018-06-10 20:10:05 - [TEST_STEP][PASSED] - selectOptionByIndex: All options with index in [13] are selected on object 'Object Repository/Emergency/Page_Store/select_--Select--Amikacin -500'

2018-06-10 20:10:05 - [MESSAGE][PASSED] - All options with index in [13] are selected on object 'Object Repository/Emergency/Page_Store/select_--Select--Amikacin -500'

2018-06-10 20:10:05 - [TEST_STEP][PASSED] - delay: Delayed 2 second(s)

2018-06-10 20:10:07 - [MESSAGE][PASSED] - Delayed 2 second(s)

2018-06-10 20:10:07 - [TEST_STEP][PASSED] - Statement - RequestedQty = com.kms.katalon.core.webui.keyword.WebUiBuiltInKeywords.getAttribute(com.kms.katalon.core.testobject.ObjectRepository.findTestObject(Emergency/Page_Store/input_txttotal), "value"): Attribute 'value' of object 'Object Repository/Emergency/Page_Store/input_txttotal' is: '10'

2018-06-10 20:10:07 - [MESSAGE][PASSED] - Attribute 'value' of object 'Object Repository/Emergency/Page_Store/input_txttotal' is: '10'

2018-06-10 20:10:07 - [TEST_STEP][PASSED] - Statement - out.println("Requested QTY : " + RequestedQty): null

2018-06-10 20:10:07 - [TEST_STEP][PASSED] - Statement - BatchNumber = com.kms.katalon.core.webui.keyword.WebUiBuiltInKeywords.getNumberOfTotalOption(com.kms.katalon.core.testobject.ObjectRepository.findTestObject(Emergency/Page_Store/select_--Select--BA1150BA4110)): 4 options of object 'Object Repository/Emergency/Page_Store/select_--Select--BA1150BA4110' counted

2018-06-10 20:10:07 - [MESSAGE][PASSED] - 4 options of object 'Object Repository/Emergency/Page_Store/select_--Select--BA1150BA4110' counted

2018-06-10 20:10:07 - [TEST_STEP][PASSED] - Statement - For ([g = 1, g <= BatchNumber - 1, (g++)]): null

2018-06-10 20:10:07 - [TEST_STEP][PASSED] - selectOptionByIndex: All options with index in [1] are selected on object 'Object Repository/Emergency/Page_Store/select_--Select--BA1150BA4110'

2018-06-10 20:10:08 - [MESSAGE][PASSED] - All options with index in [1] are selected on object 'Object Repository/Emergency/Page_Store/select_--Select--BA1150BA4110'

2018-06-10 20:10:08 - [TEST_STEP][PASSED] - delay: Delayed 2 second(s)

2018-06-10 20:10:10 - [MESSAGE][PASSED] - Delayed 2 second(s)

2018-06-10 20:10:10 - [TEST_STEP][PASSED] - Statement - Try: null

2018-06-10 20:10:10 - [TEST_STEP][PASSED] - Statement - StockQty = com.kms.katalon.core.webui.keyword.WebUiBuiltInKeywords.getAttribute(com.kms.katalon.core.testobject.ObjectRepository.findTestObject(Emergency/Page_Store/input_txtprice), "value"): Attribute 'value' of object 'Object Repository/Emergency/Page_Store/input_txtprice' is: '620'

2018-06-10 20:10:10 - [MESSAGE][PASSED] - Attribute 'value' of object 'Object Repository/Emergency/Page_Store/input_txtprice' is: '620'

2018-06-10 20:10:10 - [TEST_STEP][PASSED] - Statement - out.println("Stock QTY : " + StockQty): null

2018-06-10 20:10:10 - [TEST_STEP][PASSED] - delay: Delayed 2 second(s)

2018-06-10 20:10:12 - [MESSAGE][PASSED] - Delayed 2 second(s)

2018-06-10 20:10:12 - [TEST_STEP][PASSED] - Statement - If (java.lang.Integer.valueOf(StockQty) >= java.lang.Integer.valueOf(RequestedQty)): null

2018-06-10 20:10:12 - [TEST_STEP][PASSED] - delay: Delayed 1 second(s)

2018-06-10 20:10:13 - [MESSAGE][PASSED] - Delayed 1 second(s)

2018-06-10 20:10:13 - [TEST_STEP][PASSED] - setText: Text '10' is set on object 'Object Repository/Emergency/Page_Store/input_txtqty'

2018-06-10 20:10:13 - [MESSAGE][PASSED] - Text '10' is set on object 'Object Repository/Emergency/Page_Store/input_txtqty'

2018-06-10 20:10:13 - [TEST_STEP][PASSED] - click: Object: 'Object Repository/Emergency/Page_Store/button_Add' is clicked on

2018-06-10 20:10:13 - [MESSAGE][PASSED] - Object: 'Object Repository/Emergency/Page_Store/button_Add' is clicked on

2018-06-10 20:10:13 - [TEST_STEP][PASSED] - Statement - Break: null

2018-06-10 20:10:13 - [TEST_STEP][PASSED] - selectOptionByIndex: All options with index in [14] are selected on object 'Object Repository/Emergency/Page_Store/select_--Select--Amikacin -500'

2018-06-10 20:10:13 - [MESSAGE][PASSED] - All options with index in [14] are selected on object 'Object Repository/Emergency/Page_Store/select_--Select--Amikacin -500'

2018-06-10 20:10:13 - [TEST_STEP][PASSED] - delay: Delayed 2 second(s)

2018-06-10 20:10:15 - [MESSAGE][PASSED] - Delayed 2 second(s)

2018-06-10 20:10:15 - [TEST_STEP][PASSED] - Statement - RequestedQty = com.kms.katalon.core.webui.keyword.WebUiBuiltInKeywords.getAttribute(com.kms.katalon.core.testobject.ObjectRepository.findTestObject(Emergency/Page_Store/input_txttotal), "value"): Attribute 'value' of object 'Object Repository/Emergency/Page_Store/input_txttotal' is: '10'

2018-06-10 20:10:15 - [MESSAGE][PASSED] - Attribute 'value' of object 'Object Repository/Emergency/Page_Store/input_txttotal' is: '10'

2018-06-10 20:10:15 - [TEST_STEP][PASSED] - Statement - out.println("Requested QTY : " + RequestedQty): null

2018-06-10 20:10:15 - [TEST_STEP][PASSED] - Statement - BatchNumber = com.kms.katalon.core.webui.keyword.WebUiBuiltInKeywords.getNumberOfTotalOption(com.kms.katalon.core.testobject.ObjectRepository.findTestObject(Emergency/Page_Store/select_--Select--BA1150BA4110)): 2 options of object 'Object Repository/Emergency/Page_Store/select_--Select--BA1150BA4110' counted

2018-06-10 20:10:15 - [MESSAGE][PASSED] - 2 options of object 'Object Repository/Emergency/Page_Store/select_--Select--BA1150BA4110' counted

2018-06-10 20:10:15 - [TEST_STEP][PASSED] - Statement - For ([g = 1, g <= BatchNumber - 1, (g++)]): null

2018-06-10 20:10:15 - [TEST_STEP][PASSED] - selectOptionByIndex: All options with index in [1] are selected on object 'Object Repository/Emergency/Page_Store/select_--Select--BA1150BA4110'

2018-06-10 20:10:15 - [MESSAGE][PASSED] - All options with index in [1] are selected on object 'Object Repository/Emergency/Page_Store/select_--Select--BA1150BA4110'

2018-06-10 20:10:15 - [TEST_STEP][PASSED] - delay: Delayed 2 second(s)

2018-06-10 20:10:17 - [MESSAGE][PASSED] - Delayed 2 second(s)

2018-06-10 20:10:17 - [TEST_STEP][PASSED] - Statement - Try: null

2018-06-10 20:10:17 - [TEST_STEP][PASSED] - Statement - StockQty = com.kms.katalon.core.webui.keyword.WebUiBuiltInKeywords.getAttribute(com.kms.katalon.core.testobject.ObjectRepository.findTestObject(Emergency/Page_Store/input_txtprice), "value"): Attribute 'value' of object 'Object Repository/Emergency/Page_Store/input_txtprice' is: '1020'

2018-06-10 20:10:17 - [MESSAGE][PASSED] - Attribute 'value' of object 'Object Repository/Emergency/Page_Store/input_txtprice' is: '1020'

2018-06-10 20:10:17 - [TEST_STEP][PASSED] - Statement - out.println("Stock QTY : " + StockQty): null

2018-06-10 20:10:17 - [TEST_STEP][PASSED] - delay: Delayed 2 second(s)

2018-06-10 20:10:19 - [MESSAGE][PASSED] - Delayed 2 second(s)

2018-06-10 20:10:19 - [TEST_STEP][PASSED] - Statement - If (java.lang.Integer.valueOf(StockQty) >= java.lang.Integer.valueOf(RequestedQty)): null

2018-06-10 20:10:19 - [TEST_STEP][PASSED] - delay: Delayed 1 second(s)

2018-06-10 20:10:20 - [MESSAGE][PASSED] - Delayed 1 second(s)

2018-06-10 20:10:20 - [TEST_STEP][PASSED] - setText: Text '10' is set on object 'Object Repository/Emergency/Page_Store/input_txtqty'

2018-06-10 20:10:20 - [MESSAGE][PASSED] - Text '10' is set on object 'Object Repository/Emergency/Page_Store/input_txtqty'

2018-06-10 20:10:20 - [TEST_STEP][PASSED] - click: Object: 'Object Repository/Emergency/Page_Store/button_Add' is clicked on

2018-06-10 20:10:20 - [MESSAGE][PASSED] - Object: 'Object Repository/Emergency/Page_Store/button_Add' is clicked on

2018-06-10 20:10:20 - [TEST_STEP][PASSED] - Statement - Break: null

2018-06-10 20:10:20 - [TEST_STEP][PASSED] - selectOptionByIndex: All options with index in [15] are selected on object 'Object Repository/Emergency/Page_Store/select_--Select--Amikacin -500'

2018-06-10 20:10:21 - [MESSAGE][PASSED] - All options with index in [15] are selected on object 'Object Repository/Emergency/Page_Store/select_--Select--Amikacin -500'

2018-06-10 20:10:21 - [TEST_STEP][PASSED] - delay: Delayed 2 second(s)

2018-06-10 20:10:23 - [MESSAGE][PASSED] - Delayed 2 second(s)

2018-06-10 20:10:23 - [TEST_STEP][PASSED] - Statement - RequestedQty = com.kms.katalon.core.webui.keyword.WebUiBuiltInKeywords.getAttribute(com.kms.katalon.core.testobject.ObjectRepository.findTestObject(Emergency/Page_Store/input_txttotal), "value"): Attribute 'value' of object 'Object Repository/Emergency/Page_Store/input_txttotal' is: '10'

2018-06-10 20:10:23 - [MESSAGE][PASSED] - Attribute 'value' of object 'Object Repository/Emergency/Page_Store/input_txttotal' is: '10'

2018-06-10 20:10:23 - [TEST_STEP][PASSED] - Statement - out.println("Requested QTY : " + RequestedQty): null

2018-06-10 20:10:23 - [TEST_STEP][PASSED] - Statement - BatchNumber = com.kms.katalon.core.webui.keyword.WebUiBuiltInKeywords.getNumberOfTotalOption(com.kms.katalon.core.testobject.ObjectRepository.findTestObject(Emergency/Page_Store/select_--Select--BA1150BA4110)): 2 options of object 'Object Repository/Emergency/Page_Store/select_--Select--BA1150BA4110' counted

2018-06-10 20:10:23 - [MESSAGE][PASSED] - 2 options of object 'Object Repository/Emergency/Page_Store/select_--Select--BA1150BA4110' counted

2018-06-10 20:10:23 - [TEST_STEP][PASSED] - Statement - For ([g = 1, g <= BatchNumber - 1, (g++)]): null

2018-06-10 20:10:23 - [TEST_STEP][PASSED] - selectOptionByIndex: All options with index in [1] are selected on object 'Object Repository/Emergency/Page_Store/select_--Select--BA1150BA4110'

2018-06-10 20:10:23 - [MESSAGE][PASSED] - All options with index in [1] are selected on object 'Object Repository/Emergency/Page_Store/select_--Select--BA1150BA4110'

2018-06-10 20:10:23 - [TEST_STEP][PASSED] - delay: Delayed 2 second(s)

2018-06-10 20:10:25 - [MESSAGE][PASSED] - Delayed 2 second(s)

2018-06-10 20:10:25 - [TEST_STEP][PASSED] - Statement - Try: null

2018-06-10 20:10:25 - [TEST_STEP][PASSED] - Statement - StockQty = com.kms.katalon.core.webui.keyword.WebUiBuiltInKeywords.getAttribute(com.kms.katalon.core.testobject.ObjectRepository.findTestObject(Emergency/Page_Store/input_txtprice), "value"): Attribute 'value' of object 'Object Repository/Emergency/Page_Store/input_txtprice' is: '1010'

2018-06-10 20:10:25 - [MESSAGE][PASSED] - Attribute 'value' of object 'Object Repository/Emergency/Page_Store/input_txtprice' is: '1010'

2018-06-10 20:10:25 - [TEST_STEP][PASSED] - Statement - out.println("Stock QTY : " + StockQty): null

2018-06-10 20:10:25 - [TEST_STEP][PASSED] - delay: Delayed 2 second(s)

2018-06-10 20:10:27 - [MESSAGE][PASSED] - Delayed 2 second(s)

2018-06-10 20:10:27 - [TEST_STEP][PASSED] - Statement - If (java.lang.Integer.valueOf(StockQty) >= java.lang.Integer.valueOf(RequestedQty)): null

2018-06-10 20:10:27 - [TEST_STEP][PASSED] - delay: Delayed 1 second(s)

2018-06-10 20:10:28 - [MESSAGE][PASSED] - Delayed 1 second(s)

2018-06-10 20:10:28 - [TEST_STEP][PASSED] - setText: Text '10' is set on object 'Object Repository/Emergency/Page_Store/input_txtqty'

2018-06-10 20:10:28 - [MESSAGE][PASSED] - Text '10' is set on object 'Object Repository/Emergency/Page_Store/input_txtqty'

2018-06-10 20:10:28 - [TEST_STEP][PASSED] - click: Object: 'Object Repository/Emergency/Page_Store/button_Add' is clicked on

2018-06-10 20:10:28 - [MESSAGE][PASSED] - Object: 'Object Repository/Emergency/Page_Store/button_Add' is clicked on

2018-06-10 20:10:28 - [TEST_STEP][PASSED] - Statement - Break: null

2018-06-10 20:10:28 - [TEST_STEP][PASSED] - selectOptionByIndex: All options with index in [16] are selected on object 'Object Repository/Emergency/Page_Store/select_--Select--Amikacin -500'

2018-06-10 20:10:28 - [MESSAGE][PASSED] - All options with index in [16] are selected on object 'Object Repository/Emergency/Page_Store/select_--Select--Amikacin -500'

2018-06-10 20:10:28 - [TEST_STEP][PASSED] - delay: Delayed 2 second(s)

2018-06-10 20:10:30 - [MESSAGE][PASSED] - Delayed 2 second(s)

2018-06-10 20:10:30 - [TEST_STEP][PASSED] - Statement - RequestedQty = com.kms.katalon.core.webui.keyword.WebUiBuiltInKeywords.getAttribute(com.kms.katalon.core.testobject.ObjectRepository.findTestObject(Emergency/Page_Store/input_txttotal), "value"): Attribute 'value' of object 'Object Repository/Emergency/Page_Store/input_txttotal' is: '10'

2018-06-10 20:10:30 - [MESSAGE][PASSED] - Attribute 'value' of object 'Object Repository/Emergency/Page_Store/input_txttotal' is: '10'

2018-06-10 20:10:30 - [TEST_STEP][PASSED] - Statement - out.println("Requested QTY : " + RequestedQty): null

2018-06-10 20:10:30 - [TEST_STEP][PASSED] - Statement - BatchNumber = com.kms.katalon.core.webui.keyword.WebUiBuiltInKeywords.getNumberOfTotalOption(com.kms.katalon.core.testobject.ObjectRepository.findTestObject(Emergency/Page_Store/select_--Select--BA1150BA4110)): 4 options of object 'Object Repository/Emergency/Page_Store/select_--Select--BA1150BA4110' counted

2018-06-10 20:10:30 - [MESSAGE][PASSED] - 4 options of object 'Object Repository/Emergency/Page_Store/select_--Select--BA1150BA4110' counted

2018-06-10 20:10:30 - [TEST_STEP][PASSED] - Statement - For ([g = 1, g <= BatchNumber - 1, (g++)]): null

2018-06-10 20:10:30 - [TEST_STEP][PASSED] - selectOptionByIndex: All options with index in [1] are selected on object 'Object Repository/Emergency/Page_Store/select_--Select--BA1150BA4110'

2018-06-10 20:10:30 - [MESSAGE][PASSED] - All options with index in [1] are selected on object 'Object Repository/Emergency/Page_Store/select_--Select--BA1150BA4110'

2018-06-10 20:10:30 - [TEST_STEP][PASSED] - delay: Delayed 2 second(s)

2018-06-10 20:10:33 - [MESSAGE][PASSED] - Delayed 2 second(s)

2018-06-10 20:10:33 - [TEST_STEP][PASSED] - Statement - Try: null

2018-06-10 20:10:33 - [TEST_STEP][PASSED] - Statement - StockQty = com.kms.katalon.core.webui.keyword.WebUiBuiltInKeywords.getAttribute(com.kms.katalon.core.testobject.ObjectRepository.findTestObject(Emergency/Page_Store/input_txtprice), "value"): Attribute 'value' of object 'Object Repository/Emergency/Page_Store/input_txtprice' is: '90'

2018-06-10 20:10:33 - [MESSAGE][PASSED] - Attribute 'value' of object 'Object Repository/Emergency/Page_Store/input_txtprice' is: '90'

2018-06-10 20:10:33 - [TEST_STEP][PASSED] - Statement - out.println("Stock QTY : " + StockQty): null

2018-06-10 20:10:33 - [TEST_STEP][PASSED] - delay: Delayed 2 second(s)

2018-06-10 20:10:35 - [MESSAGE][PASSED] - Delayed 2 second(s)

2018-06-10 20:10:35 - [TEST_STEP][PASSED] - Statement - If (java.lang.Integer.valueOf(StockQty) >= java.lang.Integer.valueOf(RequestedQty)): null

2018-06-10 20:10:35 - [TEST_STEP][PASSED] - delay: Delayed 1 second(s)

2018-06-10 20:10:36 - [MESSAGE][PASSED] - Delayed 1 second(s)

2018-06-10 20:10:36 - [TEST_STEP][PASSED] - setText: Text '10' is set on object 'Object Repository/Emergency/Page_Store/input_txtqty'

2018-06-10 20:10:36 - [MESSAGE][PASSED] - Text '10' is set on object 'Object Repository/Emergency/Page_Store/input_txtqty'

2018-06-10 20:10:36 - [TEST_STEP][PASSED] - click: Object: 'Object Repository/Emergency/Page_Store/button_Add' is clicked on

2018-06-10 20:10:36 - [MESSAGE][PASSED] - Object: 'Object Repository/Emergency/Page_Store/button_Add' is clicked on

2018-06-10 20:10:36 - [TEST_STEP][PASSED] - Statement - Break: null

2018-06-10 20:10:36 - [TEST_STEP][PASSED] - selectOptionByIndex: All options with index in [17] are selected on object 'Object Repository/Emergency/Page_Store/select_--Select--Amikacin -500'

2018-06-10 20:10:36 - [MESSAGE][PASSED] - All options with index in [17] are selected on object 'Object Repository/Emergency/Page_Store/select_--Select--Amikacin -500'

2018-06-10 20:10:36 - [TEST_STEP][PASSED] - delay: Delayed 2 second(s)

2018-06-10 20:10:38 - [MESSAGE][PASSED] - Delayed 2 second(s)

2018-06-10 20:10:38 - [TEST_STEP][PASSED] - Statement - RequestedQty = com.kms.katalon.core.webui.keyword.WebUiBuiltInKeywords.getAttribute(com.kms.katalon.core.testobject.ObjectRepository.findTestObject(Emergency/Page_Store/input_txttotal), "value"): Attribute 'value' of object 'Object Repository/Emergency/Page_Store/input_txttotal' is: '10'

2018-06-10 20:10:38 - [MESSAGE][PASSED] - Attribute 'value' of object 'Object Repository/Emergency/Page_Store/input_txttotal' is: '10'

2018-06-10 20:10:38 - [TEST_STEP][PASSED] - Statement - out.println("Requested QTY : " + RequestedQty): null

2018-06-10 20:10:38 - [TEST_STEP][PASSED] - Statement - BatchNumber = com.kms.katalon.core.webui.keyword.WebUiBuiltInKeywords.getNumberOfTotalOption(com.kms.katalon.core.testobject.ObjectRepository.findTestObject(Emergency/Page_Store/select_--Select--BA1150BA4110)): 2 options of object 'Object Repository/Emergency/Page_Store/select_--Select--BA1150BA4110' counted

2018-06-10 20:10:38 - [MESSAGE][PASSED] - 2 options of object 'Object Repository/Emergency/Page_Store/select_--Select--BA1150BA4110' counted

2018-06-10 20:10:38 - [TEST_STEP][PASSED] - Statement - For ([g = 1, g <= BatchNumber - 1, (g++)]): null

2018-06-10 20:10:38 - [TEST_STEP][PASSED] - selectOptionByIndex: All options with index in [1] are selected on object 'Object Repository/Emergency/Page_Store/select_--Select--BA1150BA4110'

2018-06-10 20:10:38 - [MESSAGE][PASSED] - All options with index in [1] are selected on object 'Object Repository/Emergency/Page_Store/select_--Select--BA1150BA4110'

2018-06-10 20:10:38 - [TEST_STEP][PASSED] - delay: Delayed 2 second(s)

2018-06-10 20:10:40 - [MESSAGE][PASSED] - Delayed 2 second(s)

2018-06-10 20:10:40 - [TEST_STEP][PASSED] - Statement - Try: null

2018-06-10 20:10:40 - [TEST_STEP][PASSED] - Statement - StockQty = com.kms.katalon.core.webui.keyword.WebUiBuiltInKeywords.getAttribute(com.kms.katalon.core.testobject.ObjectRepository.findTestObject(Emergency/Page_Store/input_txtprice), "value"): Attribute 'value' of object 'Object Repository/Emergency/Page_Store/input_txtprice' is: '1010'

2018-06-10 20:10:40 - [MESSAGE][PASSED] - Attribute 'value' of object 'Object Repository/Emergency/Page_Store/input_txtprice' is: '1010'

2018-06-10 20:10:40 - [TEST_STEP][PASSED] - Statement - out.println("Stock QTY : " + StockQty): null

2018-06-10 20:10:40 - [TEST_STEP][PASSED] - delay: Delayed 2 second(s)

2018-06-10 20:10:42 - [MESSAGE][PASSED] - Delayed 2 second(s)

2018-06-10 20:10:42 - [TEST_STEP][PASSED] - Statement - If (java.lang.Integer.valueOf(StockQty) >= java.lang.Integer.valueOf(RequestedQty)): null

2018-06-10 20:10:42 - [TEST_STEP][PASSED] - delay: Delayed 1 second(s)

2018-06-10 20:10:43 - [MESSAGE][PASSED] - Delayed 1 second(s)

2018-06-10 20:10:43 - [TEST_STEP][PASSED] - setText: Text '10' is set on object 'Object Repository/Emergency/Page_Store/input_txtqty'

2018-06-10 20:10:43 - [MESSAGE][PASSED] - Text '10' is set on object 'Object Repository/Emergency/Page_Store/input_txtqty'

2018-06-10 20:10:43 - [TEST_STEP][PASSED] - click: Object: 'Object Repository/Emergency/Page_Store/button_Add' is clicked on

2018-06-10 20:10:43 - [MESSAGE][PASSED] - Object: 'Object Repository/Emergency/Page_Store/button_Add' is clicked on

2018-06-10 20:10:43 - [TEST_STEP][PASSED] - Statement - Break: null

2018-06-10 20:10:43 - [TEST_STEP][PASSED] - selectOptionByIndex: All options with index in [18] are selected on object 'Object Repository/Emergency/Page_Store/select_--Select--Amikacin -500'

2018-06-10 20:10:44 - [MESSAGE][PASSED] - All options with index in [18] are selected on object 'Object Repository/Emergency/Page_Store/select_--Select--Amikacin -500'

2018-06-10 20:10:44 - [TEST_STEP][PASSED] - delay: Delayed 2 second(s)

2018-06-10 20:10:46 - [MESSAGE][PASSED] - Delayed 2 second(s)

2018-06-10 20:10:46 - [TEST_STEP][PASSED] - Statement - RequestedQty = com.kms.katalon.core.webui.keyword.WebUiBuiltInKeywords.getAttribute(com.kms.katalon.core.testobject.ObjectRepository.findTestObject(Emergency/Page_Store/input_txttotal), "value"): Attribute 'value' of object 'Object Repository/Emergency/Page_Store/input_txttotal' is: '10'

2018-06-10 20:10:46 - [MESSAGE][PASSED] - Attribute 'value' of object 'Object Repository/Emergency/Page_Store/input_txttotal' is: '10'

2018-06-10 20:10:46 - [TEST_STEP][PASSED] - Statement - out.println("Requested QTY : " + RequestedQty): null

2018-06-10 20:10:46 - [TEST_STEP][PASSED] - Statement - BatchNumber = com.kms.katalon.core.webui.keyword.WebUiBuiltInKeywords.getNumberOfTotalOption(com.kms.katalon.core.testobject.ObjectRepository.findTestObject(Emergency/Page_Store/select_--Select--BA1150BA4110)): 2 options of object 'Object Repository/Emergency/Page_Store/select_--Select--BA1150BA4110' counted

2018-06-10 20:10:46 - [MESSAGE][PASSED] - 2 options of object 'Object Repository/Emergency/Page_Store/select_--Select--BA1150BA4110' counted

2018-06-10 20:10:46 - [TEST_STEP][PASSED] - Statement - For ([g = 1, g <= BatchNumber - 1, (g++)]): null

2018-06-10 20:10:46 - [TEST_STEP][PASSED] - selectOptionByIndex: All options with index in [1] are selected on object 'Object Repository/Emergency/Page_Store/select_--Select--BA1150BA4110'

2018-06-10 20:10:46 - [MESSAGE][PASSED] - All options with index in [1] are selected on object 'Object Repository/Emergency/Page_Store/select_--Select--BA1150BA4110'

2018-06-10 20:10:46 - [TEST_STEP][PASSED] - delay: Delayed 2 second(s)

2018-06-10 20:10:48 - [MESSAGE][PASSED] - Delayed 2 second(s)

2018-06-10 20:10:48 - [TEST_STEP][PASSED] - Statement - Try: null

2018-06-10 20:10:48 - [TEST_STEP][PASSED] - Statement - StockQty = com.kms.katalon.core.webui.keyword.WebUiBuiltInKeywords.getAttribute(com.kms.katalon.core.testobject.ObjectRepository.findTestObject(Emergency/Page_Store/input_txtprice), "value"): Attribute 'value' of object 'Object Repository/Emergency/Page_Store/input_txtprice' is: '1020'

2018-06-10 20:10:48 - [MESSAGE][PASSED] - Attribute 'value' of object 'Object Repository/Emergency/Page_Store/input_txtprice' is: '1020'

2018-06-10 20:10:48 - [TEST_STEP][PASSED] - Statement - out.println("Stock QTY : " + StockQty): null

2018-06-10 20:10:48 - [TEST_STEP][PASSED] - delay: Delayed 2 second(s)

2018-06-10 20:10:50 - [MESSAGE][PASSED] - Delayed 2 second(s)

2018-06-10 20:10:50 - [TEST_STEP][PASSED] - Statement - If (java.lang.Integer.valueOf(StockQty) >= java.lang.Integer.valueOf(RequestedQty)): null

2018-06-10 20:10:50 - [TEST_STEP][PASSED] - delay: Delayed 1 second(s)

2018-06-10 20:10:51 - [MESSAGE][PASSED] - Delayed 1 second(s)

2018-06-10 20:10:51 - [TEST_STEP][PASSED] - setText: Text '10' is set on object 'Object Repository/Emergency/Page_Store/input_txtqty'

2018-06-10 20:10:51 - [MESSAGE][PASSED] - Text '10' is set on object 'Object Repository/Emergency/Page_Store/input_txtqty'

2018-06-10 20:10:51 - [TEST_STEP][PASSED] - click: Object: 'Object Repository/Emergency/Page_Store/button_Add' is clicked on

2018-06-10 20:10:51 - [MESSAGE][PASSED] - Object: 'Object Repository/Emergency/Page_Store/button_Add' is clicked on

2018-06-10 20:10:51 - [TEST_STEP][PASSED] - Statement - Break: null

2018-06-10 20:10:51 - [TEST_STEP][PASSED] - selectOptionByIndex: All options with index in [19] are selected on object 'Object Repository/Emergency/Page_Store/select_--Select--Amikacin -500'

2018-06-10 20:10:51 - [MESSAGE][PASSED] - All options with index in [19] are selected on object 'Object Repository/Emergency/Page_Store/select_--Select--Amikacin -500'

2018-06-10 20:10:51 - [TEST_STEP][PASSED] - delay: Delayed 2 second(s)

2018-06-10 20:10:53 - [MESSAGE][PASSED] - Delayed 2 second(s)

2018-06-10 20:10:53 - [TEST_STEP][PASSED] - Statement - RequestedQty = com.kms.katalon.core.webui.keyword.WebUiBuiltInKeywords.getAttribute(com.kms.katalon.core.testobject.ObjectRepository.findTestObject(Emergency/Page_Store/input_txttotal), "value"): Attribute 'value' of object 'Object Repository/Emergency/Page_Store/input_txttotal' is: '10'

2018-06-10 20:10:53 - [MESSAGE][PASSED] - Attribute 'value' of object 'Object Repository/Emergency/Page_Store/input_txttotal' is: '10'

2018-06-10 20:10:53 - [TEST_STEP][PASSED] - Statement - out.println("Requested QTY : " + RequestedQty): null

2018-06-10 20:10:53 - [TEST_STEP][PASSED] - Statement - BatchNumber = com.kms.katalon.core.webui.keyword.WebUiBuiltInKeywords.getNumberOfTotalOption(com.kms.katalon.core.testobject.ObjectRepository.findTestObject(Emergency/Page_Store/select_--Select--BA1150BA4110)): 3 options of object 'Object Repository/Emergency/Page_Store/select_--Select--BA1150BA4110' counted

2018-06-10 20:10:53 - [MESSAGE][PASSED] - 3 options of object 'Object Repository/Emergency/Page_Store/select_--Select--BA1150BA4110' counted

2018-06-10 20:10:53 - [TEST_STEP][PASSED] - Statement - For ([g = 1, g <= BatchNumber - 1, (g++)]): null

2018-06-10 20:10:53 - [TEST_STEP][PASSED] - selectOptionByIndex: All options with index in [1] are selected on object 'Object Repository/Emergency/Page_Store/select_--Select--BA1150BA4110'

2018-06-10 20:10:54 - [MESSAGE][PASSED] - All options with index in [1] are selected on object 'Object Repository/Emergency/Page_Store/select_--Select--BA1150BA4110'

2018-06-10 20:10:54 - [TEST_STEP][PASSED] - delay: Delayed 2 second(s)

2018-06-10 20:10:56 - [MESSAGE][PASSED] - Delayed 2 second(s)

2018-06-10 20:10:56 - [TEST_STEP][PASSED] - Statement - Try: null

2018-06-10 20:10:56 - [TEST_STEP][PASSED] - Statement - StockQty = com.kms.katalon.core.webui.keyword.WebUiBuiltInKeywords.getAttribute(com.kms.katalon.core.testobject.ObjectRepository.findTestObject(Emergency/Page_Store/input_txtprice), "value"): Attribute 'value' of object 'Object Repository/Emergency/Page_Store/input_txtprice' is: '230'

2018-06-10 20:10:56 - [MESSAGE][PASSED] - Attribute 'value' of object 'Object Repository/Emergency/Page_Store/input_txtprice' is: '230'

2018-06-10 20:10:56 - [TEST_STEP][PASSED] - Statement - out.println("Stock QTY : " + StockQty): null

2018-06-10 20:10:56 - [TEST_STEP][PASSED] - delay: Delayed 2 second(s)

2018-06-10 20:10:58 - [MESSAGE][PASSED] - Delayed 2 second(s)

2018-06-10 20:10:58 - [TEST_STEP][PASSED] - Statement - If (java.lang.Integer.valueOf(StockQty) >= java.lang.Integer.valueOf(RequestedQty)): null

2018-06-10 20:10:58 - [TEST_STEP][PASSED] - delay: Delayed 1 second(s)

2018-06-10 20:10:59 - [MESSAGE][PASSED] - Delayed 1 second(s)

2018-06-10 20:10:59 - [TEST_STEP][PASSED] - setText: Text '10' is set on object 'Object Repository/Emergency/Page_Store/input_txtqty'

2018-06-10 20:10:59 - [MESSAGE][PASSED] - Text '10' is set on object 'Object Repository/Emergency/Page_Store/input_txtqty'

2018-06-10 20:10:59 - [TEST_STEP][PASSED] - click: Object: 'Object Repository/Emergency/Page_Store/button_Add' is clicked on

2018-06-10 20:10:59 - [MESSAGE][PASSED] - Object: 'Object Repository/Emergency/Page_Store/button_Add' is clicked on

2018-06-10 20:10:59 - [TEST_STEP][PASSED] - Statement - Break: null

2018-06-10 20:10:59 - [TEST_STEP][PASSED] - selectOptionByIndex: All options with index in [20] are selected on object 'Object Repository/Emergency/Page_Store/select_--Select--Amikacin -500'

2018-06-10 20:10:59 - [MESSAGE][PASSED] - All options with index in [20] are selected on object 'Object Repository/Emergency/Page_Store/select_--Select--Amikacin -500'

2018-06-10 20:10:59 - [TEST_STEP][PASSED] - delay: Delayed 2 second(s)

2018-06-10 20:11:01 - [MESSAGE][PASSED] - Delayed 2 second(s)

2018-06-10 20:11:01 - [TEST_STEP][PASSED] - Statement - RequestedQty = com.kms.katalon.core.webui.keyword.WebUiBuiltInKeywords.getAttribute(com.kms.katalon.core.testobject.ObjectRepository.findTestObject(Emergency/Page_Store/input_txttotal), "value"): Attribute 'value' of object 'Object Repository/Emergency/Page_Store/input_txttotal' is: '10'

2018-06-10 20:11:01 - [MESSAGE][PASSED] - Attribute 'value' of object 'Object Repository/Emergency/Page_Store/input_txttotal' is: '10'

2018-06-10 20:11:01 - [TEST_STEP][PASSED] - Statement - out.println("Requested QTY : " + RequestedQty): null

2018-06-10 20:11:01 - [TEST_STEP][PASSED] - Statement - BatchNumber = com.kms.katalon.core.webui.keyword.WebUiBuiltInKeywords.getNumberOfTotalOption(com.kms.katalon.core.testobject.ObjectRepository.findTestObject(Emergency/Page_Store/select_--Select--BA1150BA4110)): 2 options of object 'Object Repository/Emergency/Page_Store/select_--Select--BA1150BA4110' counted

2018-06-10 20:11:01 - [MESSAGE][PASSED] - 2 options of object 'Object Repository/Emergency/Page_Store/select_--Select--BA1150BA4110' counted

2018-06-10 20:11:01 - [TEST_STEP][PASSED] - Statement - For ([g = 1, g <= BatchNumber - 1, (g++)]): null

2018-06-10 20:11:01 - [TEST_STEP][PASSED] - selectOptionByIndex: All options with index in [1] are selected on object 'Object Repository/Emergency/Page_Store/select_--Select--BA1150BA4110'

2018-06-10 20:11:01 - [MESSAGE][PASSED] - All options with index in [1] are selected on object 'Object Repository/Emergency/Page_Store/select_--Select--BA1150BA4110'

2018-06-10 20:11:01 - [TEST_STEP][PASSED] - delay: Delayed 2 second(s)

2018-06-10 20:11:03 - [MESSAGE][PASSED] - Delayed 2 second(s)

2018-06-10 20:11:03 - [TEST_STEP][PASSED] - Statement - Try: null

2018-06-10 20:11:03 - [TEST_STEP][PASSED] - Statement - StockQty = com.kms.katalon.core.webui.keyword.WebUiBuiltInKeywords.getAttribute(com.kms.katalon.core.testobject.ObjectRepository.findTestObject(Emergency/Page_Store/input_txtprice), "value"): Attribute 'value' of object 'Object Repository/Emergency/Page_Store/input_txtprice' is: '1010'

2018-06-10 20:11:03 - [MESSAGE][PASSED] - Attribute 'value' of object 'Object Repository/Emergency/Page_Store/input_txtprice' is: '1010'

2018-06-10 20:11:03 - [TEST_STEP][PASSED] - Statement - out.println("Stock QTY : " + StockQty): null

2018-06-10 20:11:03 - [TEST_STEP][PASSED] - delay: Delayed 2 second(s)

2018-06-10 20:11:05 - [MESSAGE][PASSED] - Delayed 2 second(s)

2018-06-10 20:11:05 - [TEST_STEP][PASSED] - Statement - If (java.lang.Integer.valueOf(StockQty) >= java.lang.Integer.valueOf(RequestedQty)): null

2018-06-10 20:11:05 - [TEST_STEP][PASSED] - delay: Delayed 1 second(s)

2018-06-10 20:11:06 - [MESSAGE][PASSED] - Delayed 1 second(s)

2018-06-10 20:11:06 - [TEST_STEP][PASSED] - setText: Text '10' is set on object 'Object Repository/Emergency/Page_Store/input_txtqty'

2018-06-10 20:11:06 - [MESSAGE][PASSED] - Text '10' is set on object 'Object Repository/Emergency/Page_Store/input_txtqty'

2018-06-10 20:11:06 - [TEST_STEP][PASSED] - click: Object: 'Object Repository/Emergency/Page_Store/button_Add' is clicked on

2018-06-10 20:11:07 - [MESSAGE][PASSED] - Object: 'Object Repository/Emergency/Page_Store/button_Add' is clicked on

2018-06-10 20:11:07 - [TEST_STEP][PASSED] - Statement - Break: null

2018-06-10 20:11:07 - [TEST_STEP][PASSED] - selectOptionByIndex: All options with index in [21] are selected on object 'Object Repository/Emergency/Page_Store/select_--Select--Amikacin -500'

2018-06-10 20:11:07 - [MESSAGE][PASSED] - All options with index in [21] are selected on object 'Object Repository/Emergency/Page_Store/select_--Select--Amikacin -500'

2018-06-10 20:11:07 - [TEST_STEP][PASSED] - delay: Delayed 2 second(s)

2018-06-10 20:11:09 - [MESSAGE][PASSED] - Delayed 2 second(s)

2018-06-10 20:11:09 - [TEST_STEP][PASSED] - Statement - RequestedQty = com.kms.katalon.core.webui.keyword.WebUiBuiltInKeywords.getAttribute(com.kms.katalon.core.testobject.ObjectRepository.findTestObject(Emergency/Page_Store/input_txttotal), "value"): Attribute 'value' of object 'Object Repository/Emergency/Page_Store/input_txttotal' is: '10'

2018-06-10 20:11:09 - [MESSAGE][PASSED] - Attribute 'value' of object 'Object Repository/Emergency/Page_Store/input_txttotal' is: '10'

2018-06-10 20:11:09 - [TEST_STEP][PASSED] - Statement - out.println("Requested QTY : " + RequestedQty): null

2018-06-10 20:11:09 - [TEST_STEP][PASSED] - Statement - BatchNumber = com.kms.katalon.core.webui.keyword.WebUiBuiltInKeywords.getNumberOfTotalOption(com.kms.katalon.core.testobject.ObjectRepository.findTestObject(Emergency/Page_Store/select_--Select--BA1150BA4110)): 2 options of object 'Object Repository/Emergency/Page_Store/select_--Select--BA1150BA4110' counted

2018-06-10 20:11:09 - [MESSAGE][PASSED] - 2 options of object 'Object Repository/Emergency/Page_Store/select_--Select--BA1150BA4110' counted

2018-06-10 20:11:09 - [TEST_STEP][PASSED] - Statement - For ([g = 1, g <= BatchNumber - 1, (g++)]): null

2018-06-10 20:11:09 - [TEST_STEP][PASSED] - selectOptionByIndex: All options with index in [1] are selected on object 'Object Repository/Emergency/Page_Store/select_--Select--BA1150BA4110'

2018-06-10 20:11:09 - [MESSAGE][PASSED] - All options with index in [1] are selected on object 'Object Repository/Emergency/Page_Store/select_--Select--BA1150BA4110'

2018-06-10 20:11:09 - [TEST_STEP][PASSED] - delay: Delayed 2 second(s)

2018-06-10 20:11:11 - [MESSAGE][PASSED] - Delayed 2 second(s)

2018-06-10 20:11:11 - [TEST_STEP][PASSED] - Statement - Try: null

2018-06-10 20:11:11 - [TEST_STEP][PASSED] - Statement - StockQty = com.kms.katalon.core.webui.keyword.WebUiBuiltInKeywords.getAttribute(com.kms.katalon.core.testobject.ObjectRepository.findTestObject(Emergency/Page_Store/input_txtprice), "value"): Attribute 'value' of object 'Object Repository/Emergency/Page_Store/input_txtprice' is: '1020'

2018-06-10 20:11:11 - [MESSAGE][PASSED] - Attribute 'value' of object 'Object Repository/Emergency/Page_Store/input_txtprice' is: '1020'

2018-06-10 20:11:11 - [TEST_STEP][PASSED] - Statement - out.println("Stock QTY : " + StockQty): null

2018-06-10 20:11:11 - [TEST_STEP][PASSED] - delay: Delayed 2 second(s)

2018-06-10 20:11:13 - [MESSAGE][PASSED] - Delayed 2 second(s)

2018-06-10 20:11:13 - [TEST_STEP][PASSED] - Statement - If (java.lang.Integer.valueOf(StockQty) >= java.lang.Integer.valueOf(RequestedQty)): null

2018-06-10 20:11:13 - [TEST_STEP][PASSED] - delay: Delayed 1 second(s)

2018-06-10 20:11:14 - [MESSAGE][PASSED] - Delayed 1 second(s)

2018-06-10 20:11:14 - [TEST_STEP][PASSED] - setText: Text '10' is set on object 'Object Repository/Emergency/Page_Store/input_txtqty'

2018-06-10 20:11:14 - [MESSAGE][PASSED] - Text '10' is set on object 'Object Repository/Emergency/Page_Store/input_txtqty'

2018-06-10 20:11:14 - [TEST_STEP][PASSED] - click: Object: 'Object Repository/Emergency/Page_Store/button_Add' is clicked on

2018-06-10 20:11:14 - [MESSAGE][PASSED] - Object: 'Object Repository/Emergency/Page_Store/button_Add' is clicked on

2018-06-10 20:11:14 - [TEST_STEP][PASSED] - Statement - Break: null

2018-06-10 20:11:14 - [TEST_STEP][PASSED] - selectOptionByIndex: All options with index in [22] are selected on object 'Object Repository/Emergency/Page_Store/select_--Select--Amikacin -500'

2018-06-10 20:11:15 - [MESSAGE][PASSED] - All options with index in [22] are selected on object 'Object Repository/Emergency/Page_Store/select_--Select--Amikacin -500'

2018-06-10 20:11:15 - [TEST_STEP][PASSED] - delay: Delayed 2 second(s)

2018-06-10 20:11:17 - [MESSAGE][PASSED] - Delayed 2 second(s)

2018-06-10 20:11:17 - [TEST_STEP][PASSED] - Statement - RequestedQty = com.kms.katalon.core.webui.keyword.WebUiBuiltInKeywords.getAttribute(com.kms.katalon.core.testobject.ObjectRepository.findTestObject(Emergency/Page_Store/input_txttotal), "value"): Attribute 'value' of object 'Object Repository/Emergency/Page_Store/input_txttotal' is: '10'

2018-06-10 20:11:17 - [MESSAGE][PASSED] - Attribute 'value' of object 'Object Repository/Emergency/Page_Store/input_txttotal' is: '10'

2018-06-10 20:11:17 - [TEST_STEP][PASSED] - Statement - out.println("Requested QTY : " + RequestedQty): null

2018-06-10 20:11:17 - [TEST_STEP][PASSED] - Statement - BatchNumber = com.kms.katalon.core.webui.keyword.WebUiBuiltInKeywords.getNumberOfTotalOption(com.kms.katalon.core.testobject.ObjectRepository.findTestObject(Emergency/Page_Store/select_--Select--BA1150BA4110)): 2 options of object 'Object Repository/Emergency/Page_Store/select_--Select--BA1150BA4110' counted

2018-06-10 20:11:17 - [MESSAGE][PASSED] - 2 options of object 'Object Repository/Emergency/Page_Store/select_--Select--BA1150BA4110' counted

2018-06-10 20:11:17 - [TEST_STEP][PASSED] - Statement - For ([g = 1, g <= BatchNumber - 1, (g++)]): null

2018-06-10 20:11:17 - [TEST_STEP][PASSED] - selectOptionByIndex: All options with index in [1] are selected on object 'Object Repository/Emergency/Page_Store/select_--Select--BA1150BA4110'

2018-06-10 20:11:17 - [MESSAGE][PASSED] - All options with index in [1] are selected on object 'Object Repository/Emergency/Page_Store/select_--Select--BA1150BA4110'

2018-06-10 20:11:17 - [TEST_STEP][PASSED] - delay: Delayed 2 second(s)

2018-06-10 20:11:19 - [MESSAGE][PASSED] - Delayed 2 second(s)

2018-06-10 20:11:19 - [TEST_STEP][PASSED] - Statement - Try: null

2018-06-10 20:11:19 - [TEST_STEP][PASSED] - Statement - StockQty = com.kms.katalon.core.webui.keyword.WebUiBuiltInKeywords.getAttribute(com.kms.katalon.core.testobject.ObjectRepository.findTestObject(Emergency/Page_Store/input_txtprice), "value"): Attribute 'value' of object 'Object Repository/Emergency/Page_Store/input_txtprice' is: '1000'

2018-06-10 20:11:19 - [MESSAGE][PASSED] - Attribute 'value' of object 'Object Repository/Emergency/Page_Store/input_txtprice' is: '1000'

2018-06-10 20:11:19 - [TEST_STEP][PASSED] - Statement - out.println("Stock QTY : " + StockQty): null

2018-06-10 20:11:19 - [TEST_STEP][PASSED] - delay: Delayed 2 second(s)

2018-06-10 20:11:21 - [MESSAGE][PASSED] - Delayed 2 second(s)

2018-06-10 20:11:21 - [TEST_STEP][PASSED] - Statement - If (java.lang.Integer.valueOf(StockQty) >= java.lang.Integer.valueOf(RequestedQty)): null

2018-06-10 20:11:21 - [TEST_STEP][PASSED] - delay: Delayed 1 second(s)

2018-06-10 20:11:22 - [MESSAGE][PASSED] - Delayed 1 second(s)

2018-06-10 20:11:22 - [TEST_STEP][PASSED] - setText: Text '10' is set on object 'Object Repository/Emergency/Page_Store/input_txtqty'

2018-06-10 20:11:22 - [MESSAGE][PASSED] - Text '10' is set on object 'Object Repository/Emergency/Page_Store/input_txtqty'

2018-06-10 20:11:22 - [TEST_STEP][PASSED] - click: Object: 'Object Repository/Emergency/Page_Store/button_Add' is clicked on

2018-06-10 20:11:22 - [MESSAGE][PASSED] - Object: 'Object Repository/Emergency/Page_Store/button_Add' is clicked on

2018-06-10 20:11:22 - [TEST_STEP][PASSED] - Statement - Break: null

2018-06-10 20:11:22 - [TEST_STEP][PASSED] - selectOptionByIndex: All options with index in [23] are selected on object 'Object Repository/Emergency/Page_Store/select_--Select--Amikacin -500'

2018-06-10 20:11:22 - [MESSAGE][PASSED] - All options with index in [23] are selected on object 'Object Repository/Emergency/Page_Store/select_--Select--Amikacin -500'

2018-06-10 20:11:22 - [TEST_STEP][PASSED] - delay: Delayed 2 second(s)

2018-06-10 20:11:24 - [MESSAGE][PASSED] - Delayed 2 second(s)

2018-06-10 20:11:24 - [TEST_STEP][PASSED] - Statement - RequestedQty = com.kms.katalon.core.webui.keyword.WebUiBuiltInKeywords.getAttribute(com.kms.katalon.core.testobject.ObjectRepository.findTestObject(Emergency/Page_Store/input_txttotal), "value"): Attribute 'value' of object 'Object Repository/Emergency/Page_Store/input_txttotal' is: '10'

2018-06-10 20:11:24 - [MESSAGE][PASSED] - Attribute 'value' of object 'Object Repository/Emergency/Page_Store/input_txttotal' is: '10'

2018-06-10 20:11:24 - [TEST_STEP][PASSED] - Statement - out.println("Requested QTY : " + RequestedQty): null

2018-06-10 20:11:24 - [TEST_STEP][PASSED] - Statement - BatchNumber = com.kms.katalon.core.webui.keyword.WebUiBuiltInKeywords.getNumberOfTotalOption(com.kms.katalon.core.testobject.ObjectRepository.findTestObject(Emergency/Page_Store/select_--Select--BA1150BA4110)): 3 options of object 'Object Repository/Emergency/Page_Store/select_--Select--BA1150BA4110' counted

2018-06-10 20:11:24 - [MESSAGE][PASSED] - 3 options of object 'Object Repository/Emergency/Page_Store/select_--Select--BA1150BA4110' counted

2018-06-10 20:11:24 - [TEST_STEP][PASSED] - Statement - For ([g = 1, g <= BatchNumber - 1, (g++)]): null

2018-06-10 20:11:24 - [TEST_STEP][PASSED] - selectOptionByIndex: All options with index in [1] are selected on object 'Object Repository/Emergency/Page_Store/select_--Select--BA1150BA4110'

2018-06-10 20:11:24 - [MESSAGE][PASSED] - All options with index in [1] are selected on object 'Object Repository/Emergency/Page_Store/select_--Select--BA1150BA4110'

2018-06-10 20:11:24 - [TEST_STEP][PASSED] - delay: Delayed 2 second(s)

2018-06-10 20:11:26 - [MESSAGE][PASSED] - Delayed 2 second(s)

2018-06-10 20:11:26 - [TEST_STEP][PASSED] - Statement - Try: null

2018-06-10 20:11:26 - [TEST_STEP][PASSED] - Statement - StockQty = com.kms.katalon.core.webui.keyword.WebUiBuiltInKeywords.getAttribute(com.kms.katalon.core.testobject.ObjectRepository.findTestObject(Emergency/Page_Store/input_txtprice), "value"): Attribute 'value' of object 'Object Repository/Emergency/Page_Store/input_txtprice' is: '80'

2018-06-10 20:11:26 - [MESSAGE][PASSED] - Attribute 'value' of object 'Object Repository/Emergency/Page_Store/input_txtprice' is: '80'

2018-06-10 20:11:26 - [TEST_STEP][PASSED] - Statement - out.println("Stock QTY : " + StockQty): null

2018-06-10 20:11:26 - [TEST_STEP][PASSED] - delay: Delayed 2 second(s)

2018-06-10 20:11:28 - [MESSAGE][PASSED] - Delayed 2 second(s)

2018-06-10 20:11:28 - [TEST_STEP][PASSED] - Statement - If (java.lang.Integer.valueOf(StockQty) >= java.lang.Integer.valueOf(RequestedQty)): null

2018-06-10 20:11:28 - [TEST_STEP][PASSED] - delay: Delayed 1 second(s)

2018-06-10 20:11:29 - [MESSAGE][PASSED] - Delayed 1 second(s)

2018-06-10 20:11:29 - [TEST_STEP][PASSED] - setText: Text '10' is set on object 'Object Repository/Emergency/Page_Store/input_txtqty'

2018-06-10 20:11:30 - [MESSAGE][PASSED] - Text '10' is set on object 'Object Repository/Emergency/Page_Store/input_txtqty'

2018-06-10 20:11:30 - [TEST_STEP][PASSED] - click: Object: 'Object Repository/Emergency/Page_Store/button_Add' is clicked on

2018-06-10 20:11:30 - [MESSAGE][PASSED] - Object: 'Object Repository/Emergency/Page_Store/button_Add' is clicked on

2018-06-10 20:11:30 - [TEST_STEP][PASSED] - Statement - Break: null

2018-06-10 20:11:30 - [TEST_STEP][PASSED] - selectOptionByIndex: All options with index in [24] are selected on object 'Object Repository/Emergency/Page_Store/select_--Select--Amikacin -500'

2018-06-10 20:11:30 - [MESSAGE][PASSED] - All options with index in [24] are selected on object 'Object Repository/Emergency/Page_Store/select_--Select--Amikacin -500'

2018-06-10 20:11:30 - [TEST_STEP][PASSED] - delay: Delayed 2 second(s)

2018-06-10 20:11:32 - [MESSAGE][PASSED] - Delayed 2 second(s)

2018-06-10 20:11:32 - [TEST_STEP][PASSED] - Statement - RequestedQty = com.kms.katalon.core.webui.keyword.WebUiBuiltInKeywords.getAttribute(com.kms.katalon.core.testobject.ObjectRepository.findTestObject(Emergency/Page_Store/input_txttotal), "value"): Attribute 'value' of object 'Object Repository/Emergency/Page_Store/input_txttotal' is: '10'

2018-06-10 20:11:32 - [MESSAGE][PASSED] - Attribute 'value' of object 'Object Repository/Emergency/Page_Store/input_txttotal' is: '10'

2018-06-10 20:11:32 - [TEST_STEP][PASSED] - Statement - out.println("Requested QTY : " + RequestedQty): null

2018-06-10 20:11:32 - [TEST_STEP][PASSED] - Statement - BatchNumber = com.kms.katalon.core.webui.keyword.WebUiBuiltInKeywords.getNumberOfTotalOption(com.kms.katalon.core.testobject.ObjectRepository.findTestObject(Emergency/Page_Store/select_--Select--BA1150BA4110)): 3 options of object 'Object Repository/Emergency/Page_Store/select_--Select--BA1150BA4110' counted

2018-06-10 20:11:32 - [MESSAGE][PASSED] - 3 options of object 'Object Repository/Emergency/Page_Store/select_--Select--BA1150BA4110' counted

2018-06-10 20:11:32 - [TEST_STEP][PASSED] - Statement - For ([g = 1, g <= BatchNumber - 1, (g++)]): null

2018-06-10 20:11:32 - [TEST_STEP][PASSED] - selectOptionByIndex: All options with index in [1] are selected on object 'Object Repository/Emergency/Page_Store/select_--Select--BA1150BA4110'

2018-06-10 20:11:32 - [MESSAGE][PASSED] - All options with index in [1] are selected on object 'Object Repository/Emergency/Page_Store/select_--Select--BA1150BA4110'

2018-06-10 20:11:32 - [TEST_STEP][PASSED] - delay: Delayed 2 second(s)

2018-06-10 20:11:34 - [MESSAGE][PASSED] - Delayed 2 second(s)

2018-06-10 20:11:34 - [TEST_STEP][PASSED] - Statement - Try: null

2018-06-10 20:11:34 - [TEST_STEP][PASSED] - Statement - StockQty = com.kms.katalon.core.webui.keyword.WebUiBuiltInKeywords.getAttribute(com.kms.katalon.core.testobject.ObjectRepository.findTestObject(Emergency/Page_Store/input_txtprice), "value"): Attribute 'value' of object 'Object Repository/Emergency/Page_Store/input_txtprice' is: '510'

2018-06-10 20:11:34 - [MESSAGE][PASSED] - Attribute 'value' of object 'Object Repository/Emergency/Page_Store/input_txtprice' is: '510'

2018-06-10 20:11:34 - [TEST_STEP][PASSED] - Statement - out.println("Stock QTY : " + StockQty): null

2018-06-10 20:11:34 - [TEST_STEP][PASSED] - delay: Delayed 2 second(s)

2018-06-10 20:11:36 - [MESSAGE][PASSED] - Delayed 2 second(s)

2018-06-10 20:11:36 - [TEST_STEP][PASSED] - Statement - If (java.lang.Integer.valueOf(StockQty) >= java.lang.Integer.valueOf(RequestedQty)): null

2018-06-10 20:11:36 - [TEST_STEP][PASSED] - delay: Delayed 1 second(s)

2018-06-10 20:11:37 - [MESSAGE][PASSED] - Delayed 1 second(s)

2018-06-10 20:11:37 - [TEST_STEP][PASSED] - setText: Text '10' is set on object 'Object Repository/Emergency/Page_Store/input_txtqty'

2018-06-10 20:11:37 - [MESSAGE][PASSED] - Text '10' is set on object 'Object Repository/Emergency/Page_Store/input_txtqty'

2018-06-10 20:11:37 - [TEST_STEP][PASSED] - click: Object: 'Object Repository/Emergency/Page_Store/button_Add' is clicked on

2018-06-10 20:11:37 - [MESSAGE][PASSED] - Object: 'Object Repository/Emergency/Page_Store/button_Add' is clicked on

2018-06-10 20:11:37 - [TEST_STEP][PASSED] - Statement - Break: null

2018-06-10 20:11:37 - [TEST_STEP][PASSED] - selectOptionByIndex: All options with index in [25] are selected on object 'Object Repository/Emergency/Page_Store/select_--Select--Amikacin -500'

2018-06-10 20:11:38 - [MESSAGE][PASSED] - All options with index in [25] are selected on object 'Object Repository/Emergency/Page_Store/select_--Select--Amikacin -500'

2018-06-10 20:11:38 - [TEST_STEP][PASSED] - delay: Delayed 2 second(s)

2018-06-10 20:11:40 - [MESSAGE][PASSED] - Delayed 2 second(s)

2018-06-10 20:11:40 - [TEST_STEP][PASSED] - Statement - RequestedQty = com.kms.katalon.core.webui.keyword.WebUiBuiltInKeywords.getAttribute(com.kms.katalon.core.testobject.ObjectRepository.findTestObject(Emergency/Page_Store/input_txttotal), "value"): Attribute 'value' of object 'Object Repository/Emergency/Page_Store/input_txttotal' is: '10'

2018-06-10 20:11:40 - [MESSAGE][PASSED] - Attribute 'value' of object 'Object Repository/Emergency/Page_Store/input_txttotal' is: '10'

2018-06-10 20:11:40 - [TEST_STEP][PASSED] - Statement - out.println("Requested QTY : " + RequestedQty): null

2018-06-10 20:11:40 - [TEST_STEP][PASSED] - Statement - BatchNumber = com.kms.katalon.core.webui.keyword.WebUiBuiltInKeywords.getNumberOfTotalOption(com.kms.katalon.core.testobject.ObjectRepository.findTestObject(Emergency/Page_Store/select_--Select--BA1150BA4110)): 3 options of object 'Object Repository/Emergency/Page_Store/select_--Select--BA1150BA4110' counted

2018-06-10 20:11:40 - [MESSAGE][PASSED] - 3 options of object 'Object Repository/Emergency/Page_Store/select_--Select--BA1150BA4110' counted

2018-06-10 20:11:40 - [TEST_STEP][PASSED] - Statement - For ([g = 1, g <= BatchNumber - 1, (g++)]): null

2018-06-10 20:11:40 - [TEST_STEP][PASSED] - selectOptionByIndex: All options with index in [1] are selected on object 'Object Repository/Emergency/Page_Store/select_--Select--BA1150BA4110'

2018-06-10 20:11:40 - [MESSAGE][PASSED] - All options with index in [1] are selected on object 'Object Repository/Emergency/Page_Store/select_--Select--BA1150BA4110'

2018-06-10 20:11:40 - [TEST_STEP][PASSED] - delay: Delayed 2 second(s)

2018-06-10 20:11:42 - [MESSAGE][PASSED] - Delayed 2 second(s)

2018-06-10 20:11:42 - [TEST_STEP][PASSED] - Statement - Try: null

2018-06-10 20:11:42 - [TEST_STEP][PASSED] - Statement - StockQty = com.kms.katalon.core.webui.keyword.WebUiBuiltInKeywords.getAttribute(com.kms.katalon.core.testobject.ObjectRepository.findTestObject(Emergency/Page_Store/input_txtprice), "value"): Attribute 'value' of object 'Object Repository/Emergency/Page_Store/input_txtprice' is: '520'

2018-06-10 20:11:42 - [MESSAGE][PASSED] - Attribute 'value' of object 'Object Repository/Emergency/Page_Store/input_txtprice' is: '520'

2018-06-10 20:11:42 - [TEST_STEP][PASSED] - Statement - out.println("Stock QTY : " + StockQty): null

2018-06-10 20:11:42 - [TEST_STEP][PASSED] - delay: Delayed 2 second(s)

2018-06-10 20:11:44 - [MESSAGE][PASSED] - Delayed 2 second(s)

2018-06-10 20:11:44 - [TEST_STEP][PASSED] - Statement - If (java.lang.Integer.valueOf(StockQty) >= java.lang.Integer.valueOf(RequestedQty)): null

2018-06-10 20:11:44 - [TEST_STEP][PASSED] - delay: Delayed 1 second(s)

2018-06-10 20:11:45 - [MESSAGE][PASSED] - Delayed 1 second(s)

2018-06-10 20:11:45 - [TEST_STEP][PASSED] - setText: Text '10' is set on object 'Object Repository/Emergency/Page_Store/input_txtqty'

2018-06-10 20:11:45 - [MESSAGE][PASSED] - Text '10' is set on object 'Object Repository/Emergency/Page_Store/input_txtqty'

2018-06-10 20:11:45 - [TEST_STEP][PASSED] - click: Object: 'Object Repository/Emergency/Page_Store/button_Add' is clicked on

2018-06-10 20:11:45 - [MESSAGE][PASSED] - Object: 'Object Repository/Emergency/Page_Store/button_Add' is clicked on

2018-06-10 20:11:45 - [TEST_STEP][PASSED] - Statement - Break: null

2018-06-10 20:11:45 - [TEST_STEP][PASSED] - selectOptionByIndex: All options with index in [26] are selected on object 'Object Repository/Emergency/Page_Store/select_--Select--Amikacin -500'

2018-06-10 20:11:45 - [MESSAGE][PASSED] - All options with index in [26] are selected on object 'Object Repository/Emergency/Page_Store/select_--Select--Amikacin -500'

2018-06-10 20:11:45 - [TEST_STEP][PASSED] - delay: Delayed 2 second(s)

2018-06-10 20:11:47 - [MESSAGE][PASSED] - Delayed 2 second(s)

2018-06-10 20:11:47 - [TEST_STEP][PASSED] - Statement - RequestedQty = com.kms.katalon.core.webui.keyword.WebUiBuiltInKeywords.getAttribute(com.kms.katalon.core.testobject.ObjectRepository.findTestObject(Emergency/Page_Store/input_txttotal), "value"): Attribute 'value' of object 'Object Repository/Emergency/Page_Store/input_txttotal' is: '10'

2018-06-10 20:11:47 - [MESSAGE][PASSED] - Attribute 'value' of object 'Object Repository/Emergency/Page_Store/input_txttotal' is: '10'

2018-06-10 20:11:47 - [TEST_STEP][PASSED] - Statement - out.println("Requested QTY : " + RequestedQty): null

2018-06-10 20:11:47 - [TEST_STEP][PASSED] - Statement - BatchNumber = com.kms.katalon.core.webui.keyword.WebUiBuiltInKeywords.getNumberOfTotalOption(com.kms.katalon.core.testobject.ObjectRepository.findTestObject(Emergency/Page_Store/select_--Select--BA1150BA4110)): 2 options of object 'Object Repository/Emergency/Page_Store/select_--Select--BA1150BA4110' counted

2018-06-10 20:11:48 - [MESSAGE][PASSED] - 2 options of object 'Object Repository/Emergency/Page_Store/select_--Select--BA1150BA4110' counted

2018-06-10 20:11:48 - [TEST_STEP][PASSED] - Statement - For ([g = 1, g <= BatchNumber - 1, (g++)]): null

2018-06-10 20:11:48 - [TEST_STEP][PASSED] - selectOptionByIndex: All options with index in [1] are selected on object 'Object Repository/Emergency/Page_Store/select_--Select--BA1150BA4110'

2018-06-10 20:11:48 - [MESSAGE][PASSED] - All options with index in [1] are selected on object 'Object Repository/Emergency/Page_Store/select_--Select--BA1150BA4110'

2018-06-10 20:11:48 - [TEST_STEP][PASSED] - delay: Delayed 2 second(s)

2018-06-10 20:11:50 - [MESSAGE][PASSED] - Delayed 2 second(s)

2018-06-10 20:11:50 - [TEST_STEP][PASSED] - Statement - Try: null

2018-06-10 20:11:50 - [TEST_STEP][PASSED] - Statement - StockQty = com.kms.katalon.core.webui.keyword.WebUiBuiltInKeywords.getAttribute(com.kms.katalon.core.testobject.ObjectRepository.findTestObject(Emergency/Page_Store/input_txtprice), "value"): Attribute 'value' of object 'Object Repository/Emergency/Page_Store/input_txtprice' is: '1020'

2018-06-10 20:11:50 - [MESSAGE][PASSED] - Attribute 'value' of object 'Object Repository/Emergency/Page_Store/input_txtprice' is: '1020'

2018-06-10 20:11:50 - [TEST_STEP][PASSED] - Statement - out.println("Stock QTY : " + StockQty): null

2018-06-10 20:11:50 - [TEST_STEP][PASSED] - delay: Delayed 2 second(s)

2018-06-10 20:11:52 - [MESSAGE][PASSED] - Delayed 2 second(s)

2018-06-10 20:11:52 - [TEST_STEP][PASSED] - Statement - If (java.lang.Integer.valueOf(StockQty) >= java.lang.Integer.valueOf(RequestedQty)): null

2018-06-10 20:11:52 - [TEST_STEP][PASSED] - delay: Delayed 1 second(s)

2018-06-10 20:11:53 - [MESSAGE][PASSED] - Delayed 1 second(s)

2018-06-10 20:11:53 - [TEST_STEP][PASSED] - setText: Text '10' is set on object 'Object Repository/Emergency/Page_Store/input_txtqty'

2018-06-10 20:11:53 - [MESSAGE][PASSED] - Text '10' is set on object 'Object Repository/Emergency/Page_Store/input_txtqty'

2018-06-10 20:11:53 - [TEST_STEP][PASSED] - click: Object: 'Object Repository/Emergency/Page_Store/button_Add' is clicked on

2018-06-10 20:11:53 - [MESSAGE][PASSED] - Object: 'Object Repository/Emergency/Page_Store/button_Add' is clicked on

2018-06-10 20:11:53 - [TEST_STEP][PASSED] - Statement - Break: null

2018-06-10 20:11:53 - [TEST_STEP][PASSED] - selectOptionByIndex: All options with index in [27] are selected on object 'Object Repository/Emergency/Page_Store/select_--Select--Amikacin -500'

2018-06-10 20:11:53 - [MESSAGE][PASSED] - All options with index in [27] are selected on object 'Object Repository/Emergency/Page_Store/select_--Select--Amikacin -500'

2018-06-10 20:11:53 - [TEST_STEP][PASSED] - delay: Delayed 2 second(s)

2018-06-10 20:11:55 - [MESSAGE][PASSED] - Delayed 2 second(s)

2018-06-10 20:11:55 - [TEST_STEP][PASSED] - Statement - RequestedQty = com.kms.katalon.core.webui.keyword.WebUiBuiltInKeywords.getAttribute(com.kms.katalon.core.testobject.ObjectRepository.findTestObject(Emergency/Page_Store/input_txttotal), "value"): Attribute 'value' of object 'Object Repository/Emergency/Page_Store/input_txttotal' is: '10'

2018-06-10 20:11:55 - [MESSAGE][PASSED] - Attribute 'value' of object 'Object Repository/Emergency/Page_Store/input_txttotal' is: '10'

2018-06-10 20:11:55 - [TEST_STEP][PASSED] - Statement - out.println("Requested QTY : " + RequestedQty): null

2018-06-10 20:11:55 - [TEST_STEP][PASSED] - Statement - BatchNumber = com.kms.katalon.core.webui.keyword.WebUiBuiltInKeywords.getNumberOfTotalOption(com.kms.katalon.core.testobject.ObjectRepository.findTestObject(Emergency/Page_Store/select_--Select--BA1150BA4110)): 2 options of object 'Object Repository/Emergency/Page_Store/select_--Select--BA1150BA4110' counted

2018-06-10 20:11:55 - [MESSAGE][PASSED] - 2 options of object 'Object Repository/Emergency/Page_Store/select_--Select--BA1150BA4110' counted

2018-06-10 20:11:55 - [TEST_STEP][PASSED] - Statement - For ([g = 1, g <= BatchNumber - 1, (g++)]): null

2018-06-10 20:11:55 - [TEST_STEP][PASSED] - selectOptionByIndex: All options with index in [1] are selected on object 'Object Repository/Emergency/Page_Store/select_--Select--BA1150BA4110'

2018-06-10 20:11:56 - [MESSAGE][PASSED] - All options with index in [1] are selected on object 'Object Repository/Emergency/Page_Store/select_--Select--BA1150BA4110'

2018-06-10 20:11:56 - [TEST_STEP][PASSED] - delay: Delayed 2 second(s)

2018-06-10 20:11:58 - [MESSAGE][PASSED] - Delayed 2 second(s)

2018-06-10 20:11:58 - [TEST_STEP][PASSED] - Statement - Try: null

2018-06-10 20:11:58 - [TEST_STEP][PASSED] - Statement - StockQty = com.kms.katalon.core.webui.keyword.WebUiBuiltInKeywords.getAttribute(com.kms.katalon.core.testobject.ObjectRepository.findTestObject(Emergency/Page_Store/input_txtprice), "value"): Attribute 'value' of object 'Object Repository/Emergency/Page_Store/input_txtprice' is: '1020'

2018-06-10 20:11:58 - [MESSAGE][PASSED] - Attribute 'value' of object 'Object Repository/Emergency/Page_Store/input_txtprice' is: '1020'

2018-06-10 20:11:58 - [TEST_STEP][PASSED] - Statement - out.println("Stock QTY : " + StockQty): null

2018-06-10 20:11:58 - [TEST_STEP][PASSED] - delay: Delayed 2 second(s)

2018-06-10 20:12:00 - [MESSAGE][PASSED] - Delayed 2 second(s)

2018-06-10 20:12:00 - [TEST_STEP][PASSED] - Statement - If (java.lang.Integer.valueOf(StockQty) >= java.lang.Integer.valueOf(RequestedQty)): null

2018-06-10 20:12:00 - [TEST_STEP][PASSED] - delay: Delayed 1 second(s)

2018-06-10 20:12:01 - [MESSAGE][PASSED] - Delayed 1 second(s)

2018-06-10 20:12:01 - [TEST_STEP][PASSED] - setText: Text '10' is set on object 'Object Repository/Emergency/Page_Store/input_txtqty'

2018-06-10 20:12:01 - [MESSAGE][PASSED] - Text '10' is set on object 'Object Repository/Emergency/Page_Store/input_txtqty'

2018-06-10 20:12:01 - [TEST_STEP][PASSED] - click: Object: 'Object Repository/Emergency/Page_Store/button_Add' is clicked on

2018-06-10 20:12:01 - [MESSAGE][PASSED] - Object: 'Object Repository/Emergency/Page_Store/button_Add' is clicked on

2018-06-10 20:12:01 - [TEST_STEP][PASSED] - Statement - Break: null

2018-06-10 20:12:01 - [TEST_STEP][PASSED] - selectOptionByIndex: All options with index in [28] are selected on object 'Object Repository/Emergency/Page_Store/select_--Select--Amikacin -500'

2018-06-10 20:12:01 - [MESSAGE][PASSED] - All options with index in [28] are selected on object 'Object Repository/Emergency/Page_Store/select_--Select--Amikacin -500'

2018-06-10 20:12:01 - [TEST_STEP][PASSED] - delay: Delayed 2 second(s)

2018-06-10 20:12:03 - [MESSAGE][PASSED] - Delayed 2 second(s)

2018-06-10 20:12:03 - [TEST_STEP][PASSED] - Statement - RequestedQty = com.kms.katalon.core.webui.keyword.WebUiBuiltInKeywords.getAttribute(com.kms.katalon.core.testobject.ObjectRepository.findTestObject(Emergency/Page_Store/input_txttotal), "value"): Attribute 'value' of object 'Object Repository/Emergency/Page_Store/input_txttotal' is: '10'

2018-06-10 20:12:03 - [MESSAGE][PASSED] - Attribute 'value' of object 'Object Repository/Emergency/Page_Store/input_txttotal' is: '10'

2018-06-10 20:12:03 - [TEST_STEP][PASSED] - Statement - out.println("Requested QTY : " + RequestedQty): null

2018-06-10 20:12:03 - [TEST_STEP][PASSED] - Statement - BatchNumber = com.kms.katalon.core.webui.keyword.WebUiBuiltInKeywords.getNumberOfTotalOption(com.kms.katalon.core.testobject.ObjectRepository.findTestObject(Emergency/Page_Store/select_--Select--BA1150BA4110)): 2 options of object 'Object Repository/Emergency/Page_Store/select_--Select--BA1150BA4110' counted

2018-06-10 20:12:03 - [MESSAGE][PASSED] - 2 options of object 'Object Repository/Emergency/Page_Store/select_--Select--BA1150BA4110' counted

2018-06-10 20:12:03 - [TEST_STEP][PASSED] - Statement - For ([g = 1, g <= BatchNumber - 1, (g++)]): null

2018-06-10 20:12:03 - [TEST_STEP][PASSED] - selectOptionByIndex: All options with index in [1] are selected on object 'Object Repository/Emergency/Page_Store/select_--Select--BA1150BA4110'

2018-06-10 20:12:03 - [MESSAGE][PASSED] - All options with index in [1] are selected on object 'Object Repository/Emergency/Page_Store/select_--Select--BA1150BA4110'

2018-06-10 20:12:03 - [TEST_STEP][PASSED] - delay: Delayed 2 second(s)

2018-06-10 20:12:05 - [MESSAGE][PASSED] - Delayed 2 second(s)

2018-06-10 20:12:05 - [TEST_STEP][PASSED] - Statement - Try: null

2018-06-10 20:12:05 - [TEST_STEP][PASSED] - Statement - StockQty = com.kms.katalon.core.webui.keyword.WebUiBuiltInKeywords.getAttribute(com.kms.katalon.core.testobject.ObjectRepository.findTestObject(Emergency/Page_Store/input_txtprice), "value"): Attribute 'value' of object 'Object Repository/Emergency/Page_Store/input_txtprice' is: '1020'

2018-06-10 20:12:05 - [MESSAGE][PASSED] - Attribute 'value' of object 'Object Repository/Emergency/Page_Store/input_txtprice' is: '1020'

2018-06-10 20:12:05 - [TEST_STEP][PASSED] - Statement - out.println("Stock QTY : " + StockQty): null

2018-06-10 20:12:05 - [TEST_STEP][PASSED] - delay: Delayed 2 second(s)

2018-06-10 20:12:07 - [MESSAGE][PASSED] - Delayed 2 second(s)

2018-06-10 20:12:07 - [TEST_STEP][PASSED] - Statement - If (java.lang.Integer.valueOf(StockQty) >= java.lang.Integer.valueOf(RequestedQty)): null

2018-06-10 20:12:07 - [TEST_STEP][PASSED] - delay: Delayed 1 second(s)

2018-06-10 20:12:08 - [MESSAGE][PASSED] - Delayed 1 second(s)

2018-06-10 20:12:08 - [TEST_STEP][PASSED] - setText: Text '10' is set on object 'Object Repository/Emergency/Page_Store/input_txtqty'

2018-06-10 20:12:08 - [MESSAGE][PASSED] - Text '10' is set on object 'Object Repository/Emergency/Page_Store/input_txtqty'

2018-06-10 20:12:08 - [TEST_STEP][PASSED] - click: Object: 'Object Repository/Emergency/Page_Store/button_Add' is clicked on

2018-06-10 20:12:09 - [MESSAGE][PASSED] - Object: 'Object Repository/Emergency/Page_Store/button_Add' is clicked on

2018-06-10 20:12:09 - [TEST_STEP][PASSED] - Statement - Break: null

2018-06-10 20:12:09 - [TEST_STEP][PASSED] - selectOptionByIndex: All options with index in [29] are selected on object 'Object Repository/Emergency/Page_Store/select_--Select--Amikacin -500'

2018-06-10 20:12:09 - [MESSAGE][PASSED] - All options with index in [29] are selected on object 'Object Repository/Emergency/Page_Store/select_--Select--Amikacin -500'

2018-06-10 20:12:09 - [TEST_STEP][PASSED] - delay: Delayed 2 second(s)

2018-06-10 20:12:11 - [MESSAGE][PASSED] - Delayed 2 second(s)

2018-06-10 20:12:11 - [TEST_STEP][PASSED] - Statement - RequestedQty = com.kms.katalon.core.webui.keyword.WebUiBuiltInKeywords.getAttribute(com.kms.katalon.core.testobject.ObjectRepository.findTestObject(Emergency/Page_Store/input_txttotal), "value"): Attribute 'value' of object 'Object Repository/Emergency/Page_Store/input_txttotal' is: '10'

2018-06-10 20:12:11 - [MESSAGE][PASSED] - Attribute 'value' of object 'Object Repository/Emergency/Page_Store/input_txttotal' is: '10'

2018-06-10 20:12:11 - [TEST_STEP][PASSED] - Statement - out.println("Requested QTY : " + RequestedQty): null

2018-06-10 20:12:11 - [TEST_STEP][PASSED] - Statement - BatchNumber = com.kms.katalon.core.webui.keyword.WebUiBuiltInKeywords.getNumberOfTotalOption(com.kms.katalon.core.testobject.ObjectRepository.findTestObject(Emergency/Page_Store/select_--Select--BA1150BA4110)): 3 options of object 'Object Repository/Emergency/Page_Store/select_--Select--BA1150BA4110' counted

2018-06-10 20:12:11 - [MESSAGE][PASSED] - 3 options of object 'Object Repository/Emergency/Page_Store/select_--Select--BA1150BA4110' counted

2018-06-10 20:12:11 - [TEST_STEP][PASSED] - Statement - For ([g = 1, g <= BatchNumber - 1, (g++)]): null

2018-06-10 20:12:11 - [TEST_STEP][PASSED] - selectOptionByIndex: All options with index in [1] are selected on object 'Object Repository/Emergency/Page_Store/select_--Select--BA1150BA4110'

2018-06-10 20:12:11 - [MESSAGE][PASSED] - All options with index in [1] are selected on object 'Object Repository/Emergency/Page_Store/select_--Select--BA1150BA4110'

2018-06-10 20:12:11 - [TEST_STEP][PASSED] - delay: Delayed 2 second(s)

2018-06-10 20:12:13 - [MESSAGE][PASSED] - Delayed 2 second(s)

2018-06-10 20:12:13 - [TEST_STEP][PASSED] - Statement - Try: null

2018-06-10 20:12:13 - [TEST_STEP][PASSED] - Statement - StockQty = com.kms.katalon.core.webui.keyword.WebUiBuiltInKeywords.getAttribute(com.kms.katalon.core.testobject.ObjectRepository.findTestObject(Emergency/Page_Store/input_txtprice), "value"): Attribute 'value' of object 'Object Repository/Emergency/Page_Store/input_txtprice' is: '80'

2018-06-10 20:12:13 - [MESSAGE][PASSED] - Attribute 'value' of object 'Object Repository/Emergency/Page_Store/input_txtprice' is: '80'

2018-06-10 20:12:13 - [TEST_STEP][PASSED] - Statement - out.println("Stock QTY : " + StockQty): null

2018-06-10 20:12:13 - [TEST_STEP][PASSED] - delay: Delayed 2 second(s)

2018-06-10 20:12:15 - [MESSAGE][PASSED] - Delayed 2 second(s)

2018-06-10 20:12:15 - [TEST_STEP][PASSED] - Statement - If (java.lang.Integer.valueOf(StockQty) >= java.lang.Integer.valueOf(RequestedQty)): null

2018-06-10 20:12:15 - [TEST_STEP][PASSED] - delay: Delayed 1 second(s)

2018-06-10 20:12:16 - [MESSAGE][PASSED] - Delayed 1 second(s)

2018-06-10 20:12:16 - [TEST_STEP][PASSED] - setText: Text '10' is set on object 'Object Repository/Emergency/Page_Store/input_txtqty'

2018-06-10 20:12:16 - [MESSAGE][PASSED] - Text '10' is set on object 'Object Repository/Emergency/Page_Store/input_txtqty'

2018-06-10 20:12:16 - [TEST_STEP][PASSED] - click: Object: 'Object Repository/Emergency/Page_Store/button_Add' is clicked on

2018-06-10 20:12:16 - [MESSAGE][PASSED] - Object: 'Object Repository/Emergency/Page_Store/button_Add' is clicked on

2018-06-10 20:12:16 - [TEST_STEP][PASSED] - Statement - Break: null

2018-06-10 20:12:16 - [TEST_STEP][PASSED] - selectOptionByIndex: All options with index in [30] are selected on object 'Object Repository/Emergency/Page_Store/select_--Select--Amikacin -500'

2018-06-10 20:12:17 - [MESSAGE][PASSED] - All options with index in [30] are selected on object 'Object Repository/Emergency/Page_Store/select_--Select--Amikacin -500'

2018-06-10 20:12:17 - [TEST_STEP][PASSED] - delay: Delayed 2 second(s)

2018-06-10 20:12:19 - [MESSAGE][PASSED] - Delayed 2 second(s)

2018-06-10 20:12:19 - [TEST_STEP][PASSED] - Statement - RequestedQty = com.kms.katalon.core.webui.keyword.WebUiBuiltInKeywords.getAttribute(com.kms.katalon.core.testobject.ObjectRepository.findTestObject(Emergency/Page_Store/input_txttotal), "value"): Attribute 'value' of object 'Object Repository/Emergency/Page_Store/input_txttotal' is: '10'

2018-06-10 20:12:19 - [MESSAGE][PASSED] - Attribute 'value' of object 'Object Repository/Emergency/Page_Store/input_txttotal' is: '10'

2018-06-10 20:12:19 - [TEST_STEP][PASSED] - Statement - out.println("Requested QTY : " + RequestedQty): null

2018-06-10 20:12:19 - [TEST_STEP][PASSED] - Statement - BatchNumber = com.kms.katalon.core.webui.keyword.WebUiBuiltInKeywords.getNumberOfTotalOption(com.kms.katalon.core.testobject.ObjectRepository.findTestObject(Emergency/Page_Store/select_--Select--BA1150BA4110)): 2 options of object 'Object Repository/Emergency/Page_Store/select_--Select--BA1150BA4110' counted

2018-06-10 20:12:19 - [MESSAGE][PASSED] - 2 options of object 'Object Repository/Emergency/Page_Store/select_--Select--BA1150BA4110' counted

2018-06-10 20:12:19 - [TEST_STEP][PASSED] - Statement - For ([g = 1, g <= BatchNumber - 1, (g++)]): null

2018-06-10 20:12:19 - [TEST_STEP][PASSED] - selectOptionByIndex: All options with index in [1] are selected on object 'Object Repository/Emergency/Page_Store/select_--Select--BA1150BA4110'

2018-06-10 20:12:19 - [MESSAGE][PASSED] - All options with index in [1] are selected on object 'Object Repository/Emergency/Page_Store/select_--Select--BA1150BA4110'

2018-06-10 20:12:19 - [TEST_STEP][PASSED] - delay: Delayed 2 second(s)

2018-06-10 20:12:21 - [MESSAGE][PASSED] - Delayed 2 second(s)

2018-06-10 20:12:21 - [TEST_STEP][PASSED] - Statement - Try: null

2018-06-10 20:12:21 - [TEST_STEP][PASSED] - Statement - StockQty = com.kms.katalon.core.webui.keyword.WebUiBuiltInKeywords.getAttribute(com.kms.katalon.core.testobject.ObjectRepository.findTestObject(Emergency/Page_Store/input_txtprice), "value"): Attribute 'value' of object 'Object Repository/Emergency/Page_Store/input_txtprice' is: '1030'

2018-06-10 20:12:21 - [MESSAGE][PASSED] - Attribute 'value' of object 'Object Repository/Emergency/Page_Store/input_txtprice' is: '1030'

2018-06-10 20:12:21 - [TEST_STEP][PASSED] - Statement - out.println("Stock QTY : " + StockQty): null

2018-06-10 20:12:21 - [TEST_STEP][PASSED] - delay: Delayed 2 second(s)

2018-06-10 20:12:23 - [MESSAGE][PASSED] - Delayed 2 second(s)

2018-06-10 20:12:23 - [TEST_STEP][PASSED] - Statement - If (java.lang.Integer.valueOf(StockQty) >= java.lang.Integer.valueOf(RequestedQty)): null

2018-06-10 20:12:23 - [TEST_STEP][PASSED] - delay: Delayed 1 second(s)

2018-06-10 20:12:24 - [MESSAGE][PASSED] - Delayed 1 second(s)

2018-06-10 20:12:24 - [TEST_STEP][PASSED] - setText: Text '10' is set on object 'Object Repository/Emergency/Page_Store/input_txtqty'

2018-06-10 20:12:24 - [MESSAGE][PASSED] - Text '10' is set on object 'Object Repository/Emergency/Page_Store/input_txtqty'

2018-06-10 20:12:24 - [TEST_STEP][PASSED] - click: Object: 'Object Repository/Emergency/Page_Store/button_Add' is clicked on

2018-06-10 20:12:24 - [MESSAGE][PASSED] - Object: 'Object Repository/Emergency/Page_Store/button_Add' is clicked on

2018-06-10 20:12:24 - [TEST_STEP][PASSED] - Statement - Break: null

2018-06-10 20:12:24 - [TEST_STEP][PASSED] - selectOptionByIndex: All options with index in [31] are selected on object 'Object Repository/Emergency/Page_Store/select_--Select--Amikacin -500'

2018-06-10 20:12:24 - [MESSAGE][PASSED] - All options with index in [31] are selected on object 'Object Repository/Emergency/Page_Store/select_--Select--Amikacin -500'

2018-06-10 20:12:24 - [TEST_STEP][PASSED] - delay: Delayed 2 second(s)

2018-06-10 20:12:26 - [MESSAGE][PASSED] - Delayed 2 second(s)

2018-06-10 20:12:26 - [TEST_STEP][PASSED] - Statement - RequestedQty = com.kms.katalon.core.webui.keyword.WebUiBuiltInKeywords.getAttribute(com.kms.katalon.core.testobject.ObjectRepository.findTestObject(Emergency/Page_Store/input_txttotal), "value"): Attribute 'value' of object 'Object Repository/Emergency/Page_Store/input_txttotal' is: '10'

2018-06-10 20:12:26 - [MESSAGE][PASSED] - Attribute 'value' of object 'Object Repository/Emergency/Page_Store/input_txttotal' is: '10'

2018-06-10 20:12:26 - [TEST_STEP][PASSED] - Statement - out.println("Requested QTY : " + RequestedQty): null

2018-06-10 20:12:26 - [TEST_STEP][PASSED] - Statement - BatchNumber = com.kms.katalon.core.webui.keyword.WebUiBuiltInKeywords.getNumberOfTotalOption(com.kms.katalon.core.testobject.ObjectRepository.findTestObject(Emergency/Page_Store/select_--Select--BA1150BA4110)): 2 options of object 'Object Repository/Emergency/Page_Store/select_--Select--BA1150BA4110' counted

2018-06-10 20:12:27 - [MESSAGE][PASSED] - 2 options of object 'Object Repository/Emergency/Page_Store/select_--Select--BA1150BA4110' counted

2018-06-10 20:12:27 - [TEST_STEP][PASSED] - Statement - For ([g = 1, g <= BatchNumber - 1, (g++)]): null

2018-06-10 20:12:27 - [TEST_STEP][PASSED] - selectOptionByIndex: All options with index in [1] are selected on object 'Object Repository/Emergency/Page_Store/select_--Select--BA1150BA4110'

2018-06-10 20:12:27 - [MESSAGE][PASSED] - All options with index in [1] are selected on object 'Object Repository/Emergency/Page_Store/select_--Select--BA1150BA4110'

2018-06-10 20:12:27 - [TEST_STEP][PASSED] - delay: Delayed 2 second(s)

2018-06-10 20:12:29 - [MESSAGE][PASSED] - Delayed 2 second(s)

2018-06-10 20:12:29 - [TEST_STEP][PASSED] - Statement - Try: null

2018-06-10 20:12:29 - [TEST_STEP][PASSED] - Statement - StockQty = com.kms.katalon.core.webui.keyword.WebUiBuiltInKeywords.getAttribute(com.kms.katalon.core.testobject.ObjectRepository.findTestObject(Emergency/Page_Store/input_txtprice), "value"): Attribute 'value' of object 'Object Repository/Emergency/Page_Store/input_txtprice' is: '1020'

2018-06-10 20:12:29 - [MESSAGE][PASSED] - Attribute 'value' of object 'Object Repository/Emergency/Page_Store/input_txtprice' is: '1020'

2018-06-10 20:12:29 - [TEST_STEP][PASSED] - Statement - out.println("Stock QTY : " + StockQty): null

2018-06-10 20:12:29 - [TEST_STEP][PASSED] - delay: Delayed 2 second(s)

2018-06-10 20:12:31 - [MESSAGE][PASSED] - Delayed 2 second(s)

2018-06-10 20:12:31 - [TEST_STEP][PASSED] - Statement - If (java.lang.Integer.valueOf(StockQty) >= java.lang.Integer.valueOf(RequestedQty)): null

2018-06-10 20:12:31 - [TEST_STEP][PASSED] - delay: Delayed 1 second(s)

2018-06-10 20:12:32 - [MESSAGE][PASSED] - Delayed 1 second(s)

2018-06-10 20:12:32 - [TEST_STEP][PASSED] - setText: Text '10' is set on object 'Object Repository/Emergency/Page_Store/input_txtqty'

2018-06-10 20:12:32 - [MESSAGE][PASSED] - Text '10' is set on object 'Object Repository/Emergency/Page_Store/input_txtqty'

2018-06-10 20:12:32 - [TEST_STEP][PASSED] - click: Object: 'Object Repository/Emergency/Page_Store/button_Add' is clicked on

2018-06-10 20:12:32 - [MESSAGE][PASSED] - Object: 'Object Repository/Emergency/Page_Store/button_Add' is clicked on

2018-06-10 20:12:32 - [TEST_STEP][PASSED] - Statement - Break: null

2018-06-10 20:12:32 - [TEST_STEP][PASSED] - selectOptionByIndex: All options with index in [32] are selected on object 'Object Repository/Emergency/Page_Store/select_--Select--Amikacin -500'

2018-06-10 20:12:32 - [MESSAGE][PASSED] - All options with index in [32] are selected on object 'Object Repository/Emergency/Page_Store/select_--Select--Amikacin -500'

2018-06-10 20:12:32 - [TEST_STEP][PASSED] - delay: Delayed 2 second(s)

2018-06-10 20:12:34 - [MESSAGE][PASSED] - Delayed 2 second(s)

2018-06-10 20:12:34 - [TEST_STEP][PASSED] - Statement - RequestedQty = com.kms.katalon.core.webui.keyword.WebUiBuiltInKeywords.getAttribute(com.kms.katalon.core.testobject.ObjectRepository.findTestObject(Emergency/Page_Store/input_txttotal), "value"): Attribute 'value' of object 'Object Repository/Emergency/Page_Store/input_txttotal' is: '10'

2018-06-10 20:12:34 - [MESSAGE][PASSED] - Attribute 'value' of object 'Object Repository/Emergency/Page_Store/input_txttotal' is: '10'

2018-06-10 20:12:34 - [TEST_STEP][PASSED] - Statement - out.println("Requested QTY : " + RequestedQty): null

2018-06-10 20:12:34 - [TEST_STEP][PASSED] - Statement - BatchNumber = com.kms.katalon.core.webui.keyword.WebUiBuiltInKeywords.getNumberOfTotalOption(com.kms.katalon.core.testobject.ObjectRepository.findTestObject(Emergency/Page_Store/select_--Select--BA1150BA4110)): 3 options of object 'Object Repository/Emergency/Page_Store/select_--Select--BA1150BA4110' counted

2018-06-10 20:12:34 - [MESSAGE][PASSED] - 3 options of object 'Object Repository/Emergency/Page_Store/select_--Select--BA1150BA4110' counted

2018-06-10 20:12:34 - [TEST_STEP][PASSED] - Statement - For ([g = 1, g <= BatchNumber - 1, (g++)]): null

2018-06-10 20:12:34 - [TEST_STEP][PASSED] - selectOptionByIndex: All options with index in [1] are selected on object 'Object Repository/Emergency/Page_Store/select_--Select--BA1150BA4110'

2018-06-10 20:12:34 - [MESSAGE][PASSED] - All options with index in [1] are selected on object 'Object Repository/Emergency/Page_Store/select_--Select--BA1150BA4110'

2018-06-10 20:12:34 - [TEST_STEP][PASSED] - delay: Delayed 2 second(s)

2018-06-10 20:12:36 - [MESSAGE][PASSED] - Delayed 2 second(s)

2018-06-10 20:12:36 - [TEST_STEP][PASSED] - Statement - Try: null

2018-06-10 20:12:36 - [TEST_STEP][PASSED] - Statement - StockQty = com.kms.katalon.core.webui.keyword.WebUiBuiltInKeywords.getAttribute(com.kms.katalon.core.testobject.ObjectRepository.findTestObject(Emergency/Page_Store/input_txtprice), "value"): Attribute 'value' of object 'Object Repository/Emergency/Page_Store/input_txtprice' is: '630'

2018-06-10 20:12:37 - [MESSAGE][PASSED] - Attribute 'value' of object 'Object Repository/Emergency/Page_Store/input_txtprice' is: '630'

2018-06-10 20:12:37 - [TEST_STEP][PASSED] - Statement - out.println("Stock QTY : " + StockQty): null

2018-06-10 20:12:37 - [TEST_STEP][PASSED] - delay: Delayed 2 second(s)

2018-06-10 20:12:39 - [MESSAGE][PASSED] - Delayed 2 second(s)

2018-06-10 20:12:39 - [TEST_STEP][PASSED] - Statement - If (java.lang.Integer.valueOf(StockQty) >= java.lang.Integer.valueOf(RequestedQty)): null

2018-06-10 20:12:39 - [TEST_STEP][PASSED] - delay: Delayed 1 second(s)

2018-06-10 20:12:40 - [MESSAGE][PASSED] - Delayed 1 second(s)

2018-06-10 20:12:40 - [TEST_STEP][PASSED] - setText: Text '10' is set on object 'Object Repository/Emergency/Page_Store/input_txtqty'

2018-06-10 20:12:40 - [MESSAGE][PASSED] - Text '10' is set on object 'Object Repository/Emergency/Page_Store/input_txtqty'

2018-06-10 20:12:40 - [TEST_STEP][PASSED] - click: Object: 'Object Repository/Emergency/Page_Store/button_Add' is clicked on

2018-06-10 20:12:40 - [MESSAGE][PASSED] - Object: 'Object Repository/Emergency/Page_Store/button_Add' is clicked on

2018-06-10 20:12:40 - [TEST_STEP][PASSED] - Statement - Break: null

2018-06-10 20:12:40 - [TEST_STEP][PASSED] - selectOptionByIndex: All options with index in [33] are selected on object 'Object Repository/Emergency/Page_Store/select_--Select--Amikacin -500'

2018-06-10 20:12:40 - [MESSAGE][PASSED] - All options with index in [33] are selected on object 'Object Repository/Emergency/Page_Store/select_--Select--Amikacin -500'

2018-06-10 20:12:40 - [TEST_STEP][PASSED] - delay: Delayed 2 second(s)

2018-06-10 20:12:42 - [MESSAGE][PASSED] - Delayed 2 second(s)

2018-06-10 20:12:42 - [TEST_STEP][PASSED] - Statement - RequestedQty = com.kms.katalon.core.webui.keyword.WebUiBuiltInKeywords.getAttribute(com.kms.katalon.core.testobject.ObjectRepository.findTestObject(Emergency/Page_Store/input_txttotal), "value"): Attribute 'value' of object 'Object Repository/Emergency/Page_Store/input_txttotal' is: '10'

2018-06-10 20:12:42 - [MESSAGE][PASSED] - Attribute 'value' of object 'Object Repository/Emergency/Page_Store/input_txttotal' is: '10'

2018-06-10 20:12:42 - [TEST_STEP][PASSED] - Statement - out.println("Requested QTY : " + RequestedQty): null

2018-06-10 20:12:42 - [TEST_STEP][PASSED] - Statement - BatchNumber = com.kms.katalon.core.webui.keyword.WebUiBuiltInKeywords.getNumberOfTotalOption(com.kms.katalon.core.testobject.ObjectRepository.findTestObject(Emergency/Page_Store/select_--Select--BA1150BA4110)): 2 options of object 'Object Repository/Emergency/Page_Store/select_--Select--BA1150BA4110' counted

2018-06-10 20:12:42 - [MESSAGE][PASSED] - 2 options of object 'Object Repository/Emergency/Page_Store/select_--Select--BA1150BA4110' counted

2018-06-10 20:12:42 - [TEST_STEP][PASSED] - Statement - For ([g = 1, g <= BatchNumber - 1, (g++)]): null

2018-06-10 20:12:42 - [TEST_STEP][PASSED] - selectOptionByIndex: All options with index in [1] are selected on object 'Object Repository/Emergency/Page_Store/select_--Select--BA1150BA4110'

2018-06-10 20:12:42 - [MESSAGE][PASSED] - All options with index in [1] are selected on object 'Object Repository/Emergency/Page_Store/select_--Select--BA1150BA4110'

2018-06-10 20:12:42 - [TEST_STEP][PASSED] - delay: Delayed 2 second(s)

2018-06-10 20:12:44 - [MESSAGE][PASSED] - Delayed 2 second(s)

2018-06-10 20:12:44 - [TEST_STEP][PASSED] - Statement - Try: null

2018-06-10 20:12:44 - [TEST_STEP][PASSED] - Statement - StockQty = com.kms.katalon.core.webui.keyword.WebUiBuiltInKeywords.getAttribute(com.kms.katalon.core.testobject.ObjectRepository.findTestObject(Emergency/Page_Store/input_txtprice), "value"): Attribute 'value' of object 'Object Repository/Emergency/Page_Store/input_txtprice' is: '920'

2018-06-10 20:12:44 - [MESSAGE][PASSED] - Attribute 'value' of object 'Object Repository/Emergency/Page_Store/input_txtprice' is: '920'

2018-06-10 20:12:44 - [TEST_STEP][PASSED] - Statement - out.println("Stock QTY : " + StockQty): null

2018-06-10 20:12:44 - [TEST_STEP][PASSED] - delay: Delayed 2 second(s)

2018-06-10 20:12:46 - [MESSAGE][PASSED] - Delayed 2 second(s)

2018-06-10 20:12:46 - [TEST_STEP][PASSED] - Statement - If (java.lang.Integer.valueOf(StockQty) >= java.lang.Integer.valueOf(RequestedQty)): null

2018-06-10 20:12:46 - [TEST_STEP][PASSED] - delay: Delayed 1 second(s)

2018-06-10 20:12:47 - [MESSAGE][PASSED] - Delayed 1 second(s)

2018-06-10 20:12:47 - [TEST_STEP][PASSED] - setText: Text '10' is set on object 'Object Repository/Emergency/Page_Store/input_txtqty'

2018-06-10 20:12:47 - [MESSAGE][PASSED] - Text '10' is set on object 'Object Repository/Emergency/Page_Store/input_txtqty'

2018-06-10 20:12:47 - [TEST_STEP][PASSED] - click: Object: 'Object Repository/Emergency/Page_Store/button_Add' is clicked on

2018-06-10 20:12:47 - [MESSAGE][PASSED] - Object: 'Object Repository/Emergency/Page_Store/button_Add' is clicked on

2018-06-10 20:12:47 - [TEST_STEP][PASSED] - Statement - Break: null

2018-06-10 20:12:47 - [TEST_STEP][PASSED] - selectOptionByIndex: All options with index in [34] are selected on object 'Object Repository/Emergency/Page_Store/select_--Select--Amikacin -500'

2018-06-10 20:12:48 - [MESSAGE][PASSED] - All options with index in [34] are selected on object 'Object Repository/Emergency/Page_Store/select_--Select--Amikacin -500'

2018-06-10 20:12:48 - [TEST_STEP][PASSED] - delay: Delayed 2 second(s)

2018-06-10 20:12:50 - [MESSAGE][PASSED] - Delayed 2 second(s)

2018-06-10 20:12:50 - [TEST_STEP][PASSED] - Statement - RequestedQty = com.kms.katalon.core.webui.keyword.WebUiBuiltInKeywords.getAttribute(com.kms.katalon.core.testobject.ObjectRepository.findTestObject(Emergency/Page_Store/input_txttotal), "value"): Attribute 'value' of object 'Object Repository/Emergency/Page_Store/input_txttotal' is: '10'

2018-06-10 20:12:50 - [MESSAGE][PASSED] - Attribute 'value' of object 'Object Repository/Emergency/Page_Store/input_txttotal' is: '10'

2018-06-10 20:12:50 - [TEST_STEP][PASSED] - Statement - out.println("Requested QTY : " + RequestedQty): null

2018-06-10 20:12:50 - [TEST_STEP][PASSED] - Statement - BatchNumber = com.kms.katalon.core.webui.keyword.WebUiBuiltInKeywords.getNumberOfTotalOption(com.kms.katalon.core.testobject.ObjectRepository.findTestObject(Emergency/Page_Store/select_--Select--BA1150BA4110)): 3 options of object 'Object Repository/Emergency/Page_Store/select_--Select--BA1150BA4110' counted

2018-06-10 20:12:50 - [MESSAGE][PASSED] - 3 options of object 'Object Repository/Emergency/Page_Store/select_--Select--BA1150BA4110' counted

2018-06-10 20:12:50 - [TEST_STEP][PASSED] - Statement - For ([g = 1, g <= BatchNumber - 1, (g++)]): null

2018-06-10 20:12:50 - [TEST_STEP][PASSED] - selectOptionByIndex: All options with index in [1] are selected on object 'Object Repository/Emergency/Page_Store/select_--Select--BA1150BA4110'

2018-06-10 20:12:50 - [MESSAGE][PASSED] - All options with index in [1] are selected on object 'Object Repository/Emergency/Page_Store/select_--Select--BA1150BA4110'

2018-06-10 20:12:50 - [TEST_STEP][PASSED] - delay: Delayed 2 second(s)

2018-06-10 20:12:52 - [MESSAGE][PASSED] - Delayed 2 second(s)

2018-06-10 20:12:52 - [TEST_STEP][PASSED] - Statement - Try: null

2018-06-10 20:12:52 - [TEST_STEP][PASSED] - Statement - StockQty = com.kms.katalon.core.webui.keyword.WebUiBuiltInKeywords.getAttribute(com.kms.katalon.core.testobject.ObjectRepository.findTestObject(Emergency/Page_Store/input_txtprice), "value"): Attribute 'value' of object 'Object Repository/Emergency/Page_Store/input_txtprice' is: '230'

2018-06-10 20:12:52 - [MESSAGE][PASSED] - Attribute 'value' of object 'Object Repository/Emergency/Page_Store/input_txtprice' is: '230'

2018-06-10 20:12:52 - [TEST_STEP][PASSED] - Statement - out.println("Stock QTY : " + StockQty): null

2018-06-10 20:12:52 - [TEST_STEP][PASSED] - delay: Delayed 2 second(s)

2018-06-10 20:12:54 - [MESSAGE][PASSED] - Delayed 2 second(s)

2018-06-10 20:12:54 - [TEST_STEP][PASSED] - Statement - If (java.lang.Integer.valueOf(StockQty) >= java.lang.Integer.valueOf(RequestedQty)): null

2018-06-10 20:12:54 - [TEST_STEP][PASSED] - delay: Delayed 1 second(s)

2018-06-10 20:12:55 - [MESSAGE][PASSED] - Delayed 1 second(s)

2018-06-10 20:12:55 - [TEST_STEP][PASSED] - setText: Text '10' is set on object 'Object Repository/Emergency/Page_Store/input_txtqty'

2018-06-10 20:12:55 - [MESSAGE][PASSED] - Text '10' is set on object 'Object Repository/Emergency/Page_Store/input_txtqty'

2018-06-10 20:12:55 - [TEST_STEP][PASSED] - click: Object: 'Object Repository/Emergency/Page_Store/button_Add' is clicked on

2018-06-10 20:12:55 - [MESSAGE][PASSED] - Object: 'Object Repository/Emergency/Page_Store/button_Add' is clicked on

2018-06-10 20:12:55 - [TEST_STEP][PASSED] - Statement - Break: null

2018-06-10 20:12:55 - [TEST_STEP][PASSED] - selectOptionByIndex: All options with index in [35] are selected on object 'Object Repository/Emergency/Page_Store/select_--Select--Amikacin -500'

2018-06-10 20:12:56 - [MESSAGE][PASSED] - All options with index in [35] are selected on object 'Object Repository/Emergency/Page_Store/select_--Select--Amikacin -500'

2018-06-10 20:12:56 - [TEST_STEP][PASSED] - delay: Delayed 2 second(s)

2018-06-10 20:12:58 - [MESSAGE][PASSED] - Delayed 2 second(s)

2018-06-10 20:12:58 - [TEST_STEP][PASSED] - Statement - RequestedQty = com.kms.katalon.core.webui.keyword.WebUiBuiltInKeywords.getAttribute(com.kms.katalon.core.testobject.ObjectRepository.findTestObject(Emergency/Page_Store/input_txttotal), "value"): Attribute 'value' of object 'Object Repository/Emergency/Page_Store/input_txttotal' is: '10'

2018-06-10 20:12:58 - [MESSAGE][PASSED] - Attribute 'value' of object 'Object Repository/Emergency/Page_Store/input_txttotal' is: '10'

2018-06-10 20:12:58 - [TEST_STEP][PASSED] - Statement - out.println("Requested QTY : " + RequestedQty): null

2018-06-10 20:12:58 - [TEST_STEP][PASSED] - Statement - BatchNumber = com.kms.katalon.core.webui.keyword.WebUiBuiltInKeywords.getNumberOfTotalOption(com.kms.katalon.core.testobject.ObjectRepository.findTestObject(Emergency/Page_Store/select_--Select--BA1150BA4110)): 2 options of object 'Object Repository/Emergency/Page_Store/select_--Select--BA1150BA4110' counted

2018-06-10 20:12:58 - [MESSAGE][PASSED] - 2 options of object 'Object Repository/Emergency/Page_Store/select_--Select--BA1150BA4110' counted

2018-06-10 20:12:58 - [TEST_STEP][PASSED] - Statement - For ([g = 1, g <= BatchNumber - 1, (g++)]): null

2018-06-10 20:12:58 - [TEST_STEP][PASSED] - selectOptionByIndex: All options with index in [1] are selected on object 'Object Repository/Emergency/Page_Store/select_--Select--BA1150BA4110'

2018-06-10 20:12:58 - [MESSAGE][PASSED] - All options with index in [1] are selected on object 'Object Repository/Emergency/Page_Store/select_--Select--BA1150BA4110'

2018-06-10 20:12:58 - [TEST_STEP][PASSED] - delay: Delayed 2 second(s)

2018-06-10 20:13:00 - [MESSAGE][PASSED] - Delayed 2 second(s)

2018-06-10 20:13:00 - [TEST_STEP][PASSED] - Statement - Try: null

2018-06-10 20:13:00 - [TEST_STEP][PASSED] - Statement - StockQty = com.kms.katalon.core.webui.keyword.WebUiBuiltInKeywords.getAttribute(com.kms.katalon.core.testobject.ObjectRepository.findTestObject(Emergency/Page_Store/input_txtprice), "value"): Attribute 'value' of object 'Object Repository/Emergency/Page_Store/input_txtprice' is: '920'

2018-06-10 20:13:00 - [MESSAGE][PASSED] - Attribute 'value' of object 'Object Repository/Emergency/Page_Store/input_txtprice' is: '920'

2018-06-10 20:13:00 - [TEST_STEP][PASSED] - Statement - out.println("Stock QTY : " + StockQty): null

2018-06-10 20:13:00 - [TEST_STEP][PASSED] - delay: Delayed 2 second(s)

2018-06-10 20:13:02 - [MESSAGE][PASSED] - Delayed 2 second(s)

2018-06-10 20:13:02 - [TEST_STEP][PASSED] - Statement - If (java.lang.Integer.valueOf(StockQty) >= java.lang.Integer.valueOf(RequestedQty)): null

2018-06-10 20:13:02 - [TEST_STEP][PASSED] - delay: Delayed 1 second(s)

2018-06-10 20:13:03 - [MESSAGE][PASSED] - Delayed 1 second(s)

2018-06-10 20:13:03 - [TEST_STEP][PASSED] - setText: Text '10' is set on object 'Object Repository/Emergency/Page_Store/input_txtqty'

2018-06-10 20:13:03 - [MESSAGE][PASSED] - Text '10' is set on object 'Object Repository/Emergency/Page_Store/input_txtqty'

2018-06-10 20:13:03 - [TEST_STEP][PASSED] - click: Object: 'Object Repository/Emergency/Page_Store/button_Add' is clicked on

2018-06-10 20:13:03 - [MESSAGE][PASSED] - Object: 'Object Repository/Emergency/Page_Store/button_Add' is clicked on

2018-06-10 20:13:03 - [TEST_STEP][PASSED] - Statement - Break: null

2018-06-10 20:13:03 - [TEST_STEP][PASSED] - scrollToElement: Scroll to object 'Object Repository/Emergency/Page_Store/input_btnSubmit' successfully

2018-06-10 20:13:03 - [MESSAGE][PASSED] - Scroll to object 'Object Repository/Emergency/Page_Store/input_btnSubmit' successfully

2018-06-10 20:13:03 - [TEST_STEP][PASSED] - Statement - Try: Object: 'Object Repository/lab/Page_Store/button_OK' is clicked on

2018-06-10 20:13:03 - [TEST_STEP][PASSED] - click: Object: 'Object Repository/Emergency/Page_Store/input_btnSubmit' is clicked on

2018-06-10 20:13:03 - [MESSAGE][PASSED] - Object: 'Object Repository/Emergency/Page_Store/input_btnSubmit' is clicked on

2018-06-10 20:13:03 - [TEST_STEP][PASSED] - delay: Delayed 3 second(s)

2018-06-10 20:13:06 - [MESSAGE][PASSED] - Delayed 3 second(s)

2018-06-10 20:13:06 - [TEST_STEP][PASSED] - click: Object: 'Object Repository/lab/Page_Store/button_OK' is clicked on

2018-06-10 20:13:08 - [MESSAGE][PASSED] - Object: 'Object Repository/lab/Page_Store/button_OK' is clicked on

2018-06-10 20:13:08 - [TEST_STEP][PASSED] - delay: Delayed 3 second(s)

2018-06-10 20:13:11 - [MESSAGE][PASSED] - Delayed 3 second(s)

2018-06-10 20:13:11 - [TEST_STEP][PASSED] - click: Object: 'Object Repository/Emergency/Page_Store/a_dropdown-toggle' is clicked on

2018-06-10 20:13:11 - [MESSAGE][PASSED] - Object: 'Object Repository/Emergency/Page_Store/a_dropdown-toggle' is clicked on

2018-06-10 20:13:11 - [TEST_STEP][PASSED] - click: Object: 'Object Repository/Emergency/Page_Store/a_Sign out' is clicked on

2018-06-10 20:13:11 - [MESSAGE][PASSED] - Object: 'Object Repository/Emergency/Page_Store/a_Sign out' is clicked on

2018-06-10 20:13:11 - [TEST_STEP][PASSED] - closeBrowser: Browser is closed

2018-06-10 20:13:12 - [MESSAGE][PASSED] - Browser is closed

2018-06-10 20:13:12 - [TEST_STEP][PASSED] - Statement - out.println("Schedule 9 Emergency Request Are Working Successfully"): null]]></system-out>
         <system-err><![CDATA[]]></system-err>
      </testcase>
      <testcase name="Test Cases/EMERGENCY TEST CASES/TC_ER_007 Verify Schedule 12 Emergency  Request Are Working Successfully Or Not" classname="Test Cases/EMERGENCY TEST CASES/TC_ER_007 Verify Schedule 12 Emergency  Request Are Working Successfully Or Not" status="PASSED">
         <system-out><![CDATA[2018-06-10 20:13:12 - [TEST_CASE][PASSED] - Test Cases/EMERGENCY TEST CASES/TC_ER_007 Verify Schedule 12 Emergency  Request Are Working Successfully Or Not: Test Cases/EMERGENCY TEST CASES/TC_ER_007 Verify Schedule 12 Emergency  Request Are Working Successfully Or Not

2018-06-10 20:13:12 - [TEST_STEP][PASSED] - openBrowser: Browser is opened with url: ''

2018-06-10 20:13:14 - [MESSAGE][PASSED] - Browser is opened with url: ''

2018-06-10 20:13:14 - [TEST_STEP][PASSED] - Statement - out.println("Verify Schedule 12 Emergency  Request Are Working Successfully Or Not"): null

2018-06-10 20:13:14 - [TEST_STEP][PASSED] - navigateToUrl: Navigate to 'http://192.168.137.1/Multihospital_New/EmergencyLogin.aspx' successfully

2018-06-10 20:13:16 - [MESSAGE][PASSED] - Navigate to 'http://192.168.137.1/Multihospital_New/EmergencyLogin.aspx' successfully

2018-06-10 20:13:16 - [TEST_STEP][PASSED] - maximizeWindow: Current window maximized

2018-06-10 20:13:17 - [MESSAGE][PASSED] - Current window maximized

2018-06-10 20:13:17 - [TEST_STEP][PASSED] - setText: Text 'nivetha' is set on object 'Object Repository/Emergency/Page_Emergency login/input_txtusername'

2018-06-10 20:13:17 - [MESSAGE][PASSED] - Text 'nivetha' is set on object 'Object Repository/Emergency/Page_Emergency login/input_txtusername'

2018-06-10 20:13:17 - [TEST_STEP][PASSED] - setText: Text '123' is set on object 'Object Repository/Emergency/Page_Emergency login/input_txtpassword'

2018-06-10 20:13:17 - [MESSAGE][PASSED] - Text '123' is set on object 'Object Repository/Emergency/Page_Emergency login/input_txtpassword'

2018-06-10 20:13:17 - [TEST_STEP][PASSED] - delay: Delayed 3 second(s)

2018-06-10 20:13:20 - [MESSAGE][PASSED] - Delayed 3 second(s)

2018-06-10 20:13:20 - [TEST_STEP][PASSED] - click: Object: 'Object Repository/Emergency/Page_Emergency login/button_Sign in' is clicked on

2018-06-10 20:13:21 - [MESSAGE][PASSED] - Object: 'Object Repository/Emergency/Page_Emergency login/button_Sign in' is clicked on

2018-06-10 20:13:21 - [TEST_STEP][PASSED] - delay: Delayed 3 second(s)

2018-06-10 20:13:24 - [MESSAGE][PASSED] - Delayed 3 second(s)

2018-06-10 20:13:24 - [TEST_STEP][PASSED] - click: Object: 'Object Repository/Emergency/Page_KDMC - Emergency/a_Store Request' is clicked on

2018-06-10 20:13:24 - [MESSAGE][PASSED] - Object: 'Object Repository/Emergency/Page_KDMC - Emergency/a_Store Request' is clicked on

2018-06-10 20:13:24 - [TEST_STEP][PASSED] - delay: Delayed 2 second(s)

2018-06-10 20:13:26 - [MESSAGE][PASSED] - Delayed 2 second(s)

2018-06-10 20:13:26 - [TEST_STEP][PASSED] - click: Object: 'Object Repository/Emergency/Page_KDMC - Emergency/a_Medicine Request' is clicked on

2018-06-10 20:13:27 - [MESSAGE][PASSED] - Object: 'Object Repository/Emergency/Page_KDMC - Emergency/a_Medicine Request' is clicked on

2018-06-10 20:13:27 - [TEST_STEP][PASSED] - delay: Delayed 2 second(s)

2018-06-10 20:13:29 - [MESSAGE][PASSED] - Delayed 2 second(s)

2018-06-10 20:13:29 - [TEST_STEP][PASSED] - selectOptionByIndex: All options with index in [7] are selected on object 'Object Repository/Emergency/Page_KDMC - Emergency/select_--Select--Schedule 1Inj'

2018-06-10 20:13:29 - [MESSAGE][PASSED] - All options with index in [7] are selected on object 'Object Repository/Emergency/Page_KDMC - Emergency/select_--Select--Schedule 1Inj'

2018-06-10 20:13:29 - [TEST_STEP][PASSED] - Statement - seletedoptions = com.kms.katalon.core.webui.keyword.WebUiBuiltInKeywords.getNumberOfTotalOption(com.kms.katalon.core.testobject.ObjectRepository.findTestObject(Emergency/Page_KDMC - Emergency/select_--Select--Adernaline 0.)): 19 options of object 'Object Repository/Emergency/Page_KDMC - Emergency/select_--Select--Adernaline 0.' counted

2018-06-10 20:13:29 - [MESSAGE][PASSED] - 19 options of object 'Object Repository/Emergency/Page_KDMC - Emergency/select_--Select--Adernaline 0.' counted

2018-06-10 20:13:29 - [TEST_STEP][PASSED] - Statement - For ([u = 1, u < seletedoptions, (u++)]): Object: 'Object Repository/Emergency/Page_KDMC - Emergency/button_Add' is clicked on

2018-06-10 20:13:29 - [TEST_STEP][PASSED] - selectOptionByIndex: All options with index in [7] are selected on object 'Object Repository/Emergency/Page_KDMC - Emergency/select_--Select--Schedule 1Inj'

2018-06-10 20:13:29 - [MESSAGE][PASSED] - All options with index in [7] are selected on object 'Object Repository/Emergency/Page_KDMC - Emergency/select_--Select--Schedule 1Inj'

2018-06-10 20:13:29 - [TEST_STEP][PASSED] - selectOptionByIndex: All options with index in [1] are selected on object 'Object Repository/Emergency/Page_KDMC - Emergency/select_--Select--Adernaline 0.'

2018-06-10 20:13:29 - [MESSAGE][PASSED] - All options with index in [1] are selected on object 'Object Repository/Emergency/Page_KDMC - Emergency/select_--Select--Adernaline 0.'

2018-06-10 20:13:29 - [TEST_STEP][PASSED] - setText: Text '10' is set on object 'Object Repository/Emergency/Page_KDMC - Emergency/input_txttreat'

2018-06-10 20:13:30 - [MESSAGE][PASSED] - Text '10' is set on object 'Object Repository/Emergency/Page_KDMC - Emergency/input_txttreat'

2018-06-10 20:13:30 - [TEST_STEP][PASSED] - click: Object: 'Object Repository/Emergency/Page_KDMC - Emergency/button_Add' is clicked on

2018-06-10 20:13:30 - [MESSAGE][PASSED] - Object: 'Object Repository/Emergency/Page_KDMC - Emergency/button_Add' is clicked on

2018-06-10 20:13:30 - [TEST_STEP][PASSED] - selectOptionByIndex: All options with index in [7] are selected on object 'Object Repository/Emergency/Page_KDMC - Emergency/select_--Select--Schedule 1Inj'

2018-06-10 20:13:30 - [MESSAGE][PASSED] - All options with index in [7] are selected on object 'Object Repository/Emergency/Page_KDMC - Emergency/select_--Select--Schedule 1Inj'

2018-06-10 20:13:30 - [TEST_STEP][PASSED] - selectOptionByIndex: All options with index in [2] are selected on object 'Object Repository/Emergency/Page_KDMC - Emergency/select_--Select--Adernaline 0.'

2018-06-10 20:13:30 - [MESSAGE][PASSED] - All options with index in [2] are selected on object 'Object Repository/Emergency/Page_KDMC - Emergency/select_--Select--Adernaline 0.'

2018-06-10 20:13:30 - [TEST_STEP][PASSED] - setText: Text '10' is set on object 'Object Repository/Emergency/Page_KDMC - Emergency/input_txttreat'

2018-06-10 20:13:30 - [MESSAGE][PASSED] - Text '10' is set on object 'Object Repository/Emergency/Page_KDMC - Emergency/input_txttreat'

2018-06-10 20:13:30 - [TEST_STEP][PASSED] - click: Object: 'Object Repository/Emergency/Page_KDMC - Emergency/button_Add' is clicked on

2018-06-10 20:13:30 - [MESSAGE][PASSED] - Object: 'Object Repository/Emergency/Page_KDMC - Emergency/button_Add' is clicked on

2018-06-10 20:13:30 - [TEST_STEP][PASSED] - selectOptionByIndex: All options with index in [7] are selected on object 'Object Repository/Emergency/Page_KDMC - Emergency/select_--Select--Schedule 1Inj'

2018-06-10 20:13:30 - [MESSAGE][PASSED] - All options with index in [7] are selected on object 'Object Repository/Emergency/Page_KDMC - Emergency/select_--Select--Schedule 1Inj'

2018-06-10 20:13:30 - [TEST_STEP][PASSED] - selectOptionByIndex: All options with index in [3] are selected on object 'Object Repository/Emergency/Page_KDMC - Emergency/select_--Select--Adernaline 0.'

2018-06-10 20:13:30 - [MESSAGE][PASSED] - All options with index in [3] are selected on object 'Object Repository/Emergency/Page_KDMC - Emergency/select_--Select--Adernaline 0.'

2018-06-10 20:13:30 - [TEST_STEP][PASSED] - setText: Text '10' is set on object 'Object Repository/Emergency/Page_KDMC - Emergency/input_txttreat'

2018-06-10 20:13:31 - [MESSAGE][PASSED] - Text '10' is set on object 'Object Repository/Emergency/Page_KDMC - Emergency/input_txttreat'

2018-06-10 20:13:31 - [TEST_STEP][PASSED] - click: Object: 'Object Repository/Emergency/Page_KDMC - Emergency/button_Add' is clicked on

2018-06-10 20:13:31 - [MESSAGE][PASSED] - Object: 'Object Repository/Emergency/Page_KDMC - Emergency/button_Add' is clicked on

2018-06-10 20:13:31 - [TEST_STEP][PASSED] - selectOptionByIndex: All options with index in [7] are selected on object 'Object Repository/Emergency/Page_KDMC - Emergency/select_--Select--Schedule 1Inj'

2018-06-10 20:13:31 - [MESSAGE][PASSED] - All options with index in [7] are selected on object 'Object Repository/Emergency/Page_KDMC - Emergency/select_--Select--Schedule 1Inj'

2018-06-10 20:13:31 - [TEST_STEP][PASSED] - selectOptionByIndex: All options with index in [4] are selected on object 'Object Repository/Emergency/Page_KDMC - Emergency/select_--Select--Adernaline 0.'

2018-06-10 20:13:31 - [MESSAGE][PASSED] - All options with index in [4] are selected on object 'Object Repository/Emergency/Page_KDMC - Emergency/select_--Select--Adernaline 0.'

2018-06-10 20:13:31 - [TEST_STEP][PASSED] - setText: Text '10' is set on object 'Object Repository/Emergency/Page_KDMC - Emergency/input_txttreat'

2018-06-10 20:13:31 - [MESSAGE][PASSED] - Text '10' is set on object 'Object Repository/Emergency/Page_KDMC - Emergency/input_txttreat'

2018-06-10 20:13:31 - [TEST_STEP][PASSED] - click: Object: 'Object Repository/Emergency/Page_KDMC - Emergency/button_Add' is clicked on

2018-06-10 20:13:31 - [MESSAGE][PASSED] - Object: 'Object Repository/Emergency/Page_KDMC - Emergency/button_Add' is clicked on

2018-06-10 20:13:31 - [TEST_STEP][PASSED] - selectOptionByIndex: All options with index in [7] are selected on object 'Object Repository/Emergency/Page_KDMC - Emergency/select_--Select--Schedule 1Inj'

2018-06-10 20:13:31 - [MESSAGE][PASSED] - All options with index in [7] are selected on object 'Object Repository/Emergency/Page_KDMC - Emergency/select_--Select--Schedule 1Inj'

2018-06-10 20:13:31 - [TEST_STEP][PASSED] - selectOptionByIndex: All options with index in [5] are selected on object 'Object Repository/Emergency/Page_KDMC - Emergency/select_--Select--Adernaline 0.'

2018-06-10 20:13:31 - [MESSAGE][PASSED] - All options with index in [5] are selected on object 'Object Repository/Emergency/Page_KDMC - Emergency/select_--Select--Adernaline 0.'

2018-06-10 20:13:31 - [TEST_STEP][PASSED] - setText: Text '10' is set on object 'Object Repository/Emergency/Page_KDMC - Emergency/input_txttreat'

2018-06-10 20:13:32 - [MESSAGE][PASSED] - Text '10' is set on object 'Object Repository/Emergency/Page_KDMC - Emergency/input_txttreat'

2018-06-10 20:13:32 - [TEST_STEP][PASSED] - click: Object: 'Object Repository/Emergency/Page_KDMC - Emergency/button_Add' is clicked on

2018-06-10 20:13:32 - [MESSAGE][PASSED] - Object: 'Object Repository/Emergency/Page_KDMC - Emergency/button_Add' is clicked on

2018-06-10 20:13:32 - [TEST_STEP][PASSED] - selectOptionByIndex: All options with index in [7] are selected on object 'Object Repository/Emergency/Page_KDMC - Emergency/select_--Select--Schedule 1Inj'

2018-06-10 20:13:32 - [MESSAGE][PASSED] - All options with index in [7] are selected on object 'Object Repository/Emergency/Page_KDMC - Emergency/select_--Select--Schedule 1Inj'

2018-06-10 20:13:32 - [TEST_STEP][PASSED] - selectOptionByIndex: All options with index in [6] are selected on object 'Object Repository/Emergency/Page_KDMC - Emergency/select_--Select--Adernaline 0.'

2018-06-10 20:13:32 - [MESSAGE][PASSED] - All options with index in [6] are selected on object 'Object Repository/Emergency/Page_KDMC - Emergency/select_--Select--Adernaline 0.'

2018-06-10 20:13:32 - [TEST_STEP][PASSED] - setText: Text '10' is set on object 'Object Repository/Emergency/Page_KDMC - Emergency/input_txttreat'

2018-06-10 20:13:32 - [MESSAGE][PASSED] - Text '10' is set on object 'Object Repository/Emergency/Page_KDMC - Emergency/input_txttreat'

2018-06-10 20:13:32 - [TEST_STEP][PASSED] - click: Object: 'Object Repository/Emergency/Page_KDMC - Emergency/button_Add' is clicked on

2018-06-10 20:13:32 - [MESSAGE][PASSED] - Object: 'Object Repository/Emergency/Page_KDMC - Emergency/button_Add' is clicked on

2018-06-10 20:13:32 - [TEST_STEP][PASSED] - selectOptionByIndex: All options with index in [7] are selected on object 'Object Repository/Emergency/Page_KDMC - Emergency/select_--Select--Schedule 1Inj'

2018-06-10 20:13:32 - [MESSAGE][PASSED] - All options with index in [7] are selected on object 'Object Repository/Emergency/Page_KDMC - Emergency/select_--Select--Schedule 1Inj'

2018-06-10 20:13:32 - [TEST_STEP][PASSED] - selectOptionByIndex: All options with index in [7] are selected on object 'Object Repository/Emergency/Page_KDMC - Emergency/select_--Select--Adernaline 0.'

2018-06-10 20:13:32 - [MESSAGE][PASSED] - All options with index in [7] are selected on object 'Object Repository/Emergency/Page_KDMC - Emergency/select_--Select--Adernaline 0.'

2018-06-10 20:13:32 - [TEST_STEP][PASSED] - setText: Text '10' is set on object 'Object Repository/Emergency/Page_KDMC - Emergency/input_txttreat'

2018-06-10 20:13:32 - [MESSAGE][PASSED] - Text '10' is set on object 'Object Repository/Emergency/Page_KDMC - Emergency/input_txttreat'

2018-06-10 20:13:32 - [TEST_STEP][PASSED] - click: Object: 'Object Repository/Emergency/Page_KDMC - Emergency/button_Add' is clicked on

2018-06-10 20:13:33 - [MESSAGE][PASSED] - Object: 'Object Repository/Emergency/Page_KDMC - Emergency/button_Add' is clicked on

2018-06-10 20:13:33 - [TEST_STEP][PASSED] - selectOptionByIndex: All options with index in [7] are selected on object 'Object Repository/Emergency/Page_KDMC - Emergency/select_--Select--Schedule 1Inj'

2018-06-10 20:13:33 - [MESSAGE][PASSED] - All options with index in [7] are selected on object 'Object Repository/Emergency/Page_KDMC - Emergency/select_--Select--Schedule 1Inj'

2018-06-10 20:13:33 - [TEST_STEP][PASSED] - selectOptionByIndex: All options with index in [8] are selected on object 'Object Repository/Emergency/Page_KDMC - Emergency/select_--Select--Adernaline 0.'

2018-06-10 20:13:33 - [MESSAGE][PASSED] - All options with index in [8] are selected on object 'Object Repository/Emergency/Page_KDMC - Emergency/select_--Select--Adernaline 0.'

2018-06-10 20:13:33 - [TEST_STEP][PASSED] - setText: Text '10' is set on object 'Object Repository/Emergency/Page_KDMC - Emergency/input_txttreat'

2018-06-10 20:13:33 - [MESSAGE][PASSED] - Text '10' is set on object 'Object Repository/Emergency/Page_KDMC - Emergency/input_txttreat'

2018-06-10 20:13:33 - [TEST_STEP][PASSED] - click: Object: 'Object Repository/Emergency/Page_KDMC - Emergency/button_Add' is clicked on

2018-06-10 20:13:33 - [MESSAGE][PASSED] - Object: 'Object Repository/Emergency/Page_KDMC - Emergency/button_Add' is clicked on

2018-06-10 20:13:33 - [TEST_STEP][PASSED] - selectOptionByIndex: All options with index in [7] are selected on object 'Object Repository/Emergency/Page_KDMC - Emergency/select_--Select--Schedule 1Inj'

2018-06-10 20:13:33 - [MESSAGE][PASSED] - All options with index in [7] are selected on object 'Object Repository/Emergency/Page_KDMC - Emergency/select_--Select--Schedule 1Inj'

2018-06-10 20:13:33 - [TEST_STEP][PASSED] - selectOptionByIndex: All options with index in [9] are selected on object 'Object Repository/Emergency/Page_KDMC - Emergency/select_--Select--Adernaline 0.'

2018-06-10 20:13:33 - [MESSAGE][PASSED] - All options with index in [9] are selected on object 'Object Repository/Emergency/Page_KDMC - Emergency/select_--Select--Adernaline 0.'

2018-06-10 20:13:33 - [TEST_STEP][PASSED] - setText: Text '10' is set on object 'Object Repository/Emergency/Page_KDMC - Emergency/input_txttreat'

2018-06-10 20:13:34 - [MESSAGE][PASSED] - Text '10' is set on object 'Object Repository/Emergency/Page_KDMC - Emergency/input_txttreat'

2018-06-10 20:13:34 - [TEST_STEP][PASSED] - click: Object: 'Object Repository/Emergency/Page_KDMC - Emergency/button_Add' is clicked on

2018-06-10 20:13:34 - [MESSAGE][PASSED] - Object: 'Object Repository/Emergency/Page_KDMC - Emergency/button_Add' is clicked on

2018-06-10 20:13:34 - [TEST_STEP][PASSED] - selectOptionByIndex: All options with index in [7] are selected on object 'Object Repository/Emergency/Page_KDMC - Emergency/select_--Select--Schedule 1Inj'

2018-06-10 20:13:34 - [MESSAGE][PASSED] - All options with index in [7] are selected on object 'Object Repository/Emergency/Page_KDMC - Emergency/select_--Select--Schedule 1Inj'

2018-06-10 20:13:34 - [TEST_STEP][PASSED] - selectOptionByIndex: All options with index in [10] are selected on object 'Object Repository/Emergency/Page_KDMC - Emergency/select_--Select--Adernaline 0.'

2018-06-10 20:13:34 - [MESSAGE][PASSED] - All options with index in [10] are selected on object 'Object Repository/Emergency/Page_KDMC - Emergency/select_--Select--Adernaline 0.'

2018-06-10 20:13:34 - [TEST_STEP][PASSED] - setText: Text '10' is set on object 'Object Repository/Emergency/Page_KDMC - Emergency/input_txttreat'

2018-06-10 20:13:34 - [MESSAGE][PASSED] - Text '10' is set on object 'Object Repository/Emergency/Page_KDMC - Emergency/input_txttreat'

2018-06-10 20:13:34 - [TEST_STEP][PASSED] - click: Object: 'Object Repository/Emergency/Page_KDMC - Emergency/button_Add' is clicked on

2018-06-10 20:13:34 - [MESSAGE][PASSED] - Object: 'Object Repository/Emergency/Page_KDMC - Emergency/button_Add' is clicked on

2018-06-10 20:13:34 - [TEST_STEP][PASSED] - selectOptionByIndex: All options with index in [7] are selected on object 'Object Repository/Emergency/Page_KDMC - Emergency/select_--Select--Schedule 1Inj'

2018-06-10 20:13:34 - [MESSAGE][PASSED] - All options with index in [7] are selected on object 'Object Repository/Emergency/Page_KDMC - Emergency/select_--Select--Schedule 1Inj'

2018-06-10 20:13:34 - [TEST_STEP][PASSED] - selectOptionByIndex: All options with index in [11] are selected on object 'Object Repository/Emergency/Page_KDMC - Emergency/select_--Select--Adernaline 0.'

2018-06-10 20:13:35 - [MESSAGE][PASSED] - All options with index in [11] are selected on object 'Object Repository/Emergency/Page_KDMC - Emergency/select_--Select--Adernaline 0.'

2018-06-10 20:13:35 - [TEST_STEP][PASSED] - setText: Text '10' is set on object 'Object Repository/Emergency/Page_KDMC - Emergency/input_txttreat'

2018-06-10 20:13:35 - [MESSAGE][PASSED] - Text '10' is set on object 'Object Repository/Emergency/Page_KDMC - Emergency/input_txttreat'

2018-06-10 20:13:35 - [TEST_STEP][PASSED] - click: Object: 'Object Repository/Emergency/Page_KDMC - Emergency/button_Add' is clicked on

2018-06-10 20:13:35 - [MESSAGE][PASSED] - Object: 'Object Repository/Emergency/Page_KDMC - Emergency/button_Add' is clicked on

2018-06-10 20:13:35 - [TEST_STEP][PASSED] - selectOptionByIndex: All options with index in [7] are selected on object 'Object Repository/Emergency/Page_KDMC - Emergency/select_--Select--Schedule 1Inj'

2018-06-10 20:13:35 - [MESSAGE][PASSED] - All options with index in [7] are selected on object 'Object Repository/Emergency/Page_KDMC - Emergency/select_--Select--Schedule 1Inj'

2018-06-10 20:13:35 - [TEST_STEP][PASSED] - selectOptionByIndex: All options with index in [12] are selected on object 'Object Repository/Emergency/Page_KDMC - Emergency/select_--Select--Adernaline 0.'

2018-06-10 20:13:35 - [MESSAGE][PASSED] - All options with index in [12] are selected on object 'Object Repository/Emergency/Page_KDMC - Emergency/select_--Select--Adernaline 0.'

2018-06-10 20:13:35 - [TEST_STEP][PASSED] - setText: Text '10' is set on object 'Object Repository/Emergency/Page_KDMC - Emergency/input_txttreat'

2018-06-10 20:13:35 - [MESSAGE][PASSED] - Text '10' is set on object 'Object Repository/Emergency/Page_KDMC - Emergency/input_txttreat'

2018-06-10 20:13:35 - [TEST_STEP][PASSED] - click: Object: 'Object Repository/Emergency/Page_KDMC - Emergency/button_Add' is clicked on

2018-06-10 20:13:35 - [MESSAGE][PASSED] - Object: 'Object Repository/Emergency/Page_KDMC - Emergency/button_Add' is clicked on

2018-06-10 20:13:35 - [TEST_STEP][PASSED] - selectOptionByIndex: All options with index in [7] are selected on object 'Object Repository/Emergency/Page_KDMC - Emergency/select_--Select--Schedule 1Inj'

2018-06-10 20:13:35 - [MESSAGE][PASSED] - All options with index in [7] are selected on object 'Object Repository/Emergency/Page_KDMC - Emergency/select_--Select--Schedule 1Inj'

2018-06-10 20:13:35 - [TEST_STEP][PASSED] - selectOptionByIndex: All options with index in [13] are selected on object 'Object Repository/Emergency/Page_KDMC - Emergency/select_--Select--Adernaline 0.'

2018-06-10 20:13:36 - [MESSAGE][PASSED] - All options with index in [13] are selected on object 'Object Repository/Emergency/Page_KDMC - Emergency/select_--Select--Adernaline 0.'

2018-06-10 20:13:36 - [TEST_STEP][PASSED] - setText: Text '10' is set on object 'Object Repository/Emergency/Page_KDMC - Emergency/input_txttreat'

2018-06-10 20:13:36 - [MESSAGE][PASSED] - Text '10' is set on object 'Object Repository/Emergency/Page_KDMC - Emergency/input_txttreat'

2018-06-10 20:13:36 - [TEST_STEP][PASSED] - click: Object: 'Object Repository/Emergency/Page_KDMC - Emergency/button_Add' is clicked on

2018-06-10 20:13:36 - [MESSAGE][PASSED] - Object: 'Object Repository/Emergency/Page_KDMC - Emergency/button_Add' is clicked on

2018-06-10 20:13:36 - [TEST_STEP][PASSED] - selectOptionByIndex: All options with index in [7] are selected on object 'Object Repository/Emergency/Page_KDMC - Emergency/select_--Select--Schedule 1Inj'

2018-06-10 20:13:36 - [MESSAGE][PASSED] - All options with index in [7] are selected on object 'Object Repository/Emergency/Page_KDMC - Emergency/select_--Select--Schedule 1Inj'

2018-06-10 20:13:36 - [TEST_STEP][PASSED] - selectOptionByIndex: All options with index in [14] are selected on object 'Object Repository/Emergency/Page_KDMC - Emergency/select_--Select--Adernaline 0.'

2018-06-10 20:13:36 - [MESSAGE][PASSED] - All options with index in [14] are selected on object 'Object Repository/Emergency/Page_KDMC - Emergency/select_--Select--Adernaline 0.'

2018-06-10 20:13:36 - [TEST_STEP][PASSED] - setText: Text '10' is set on object 'Object Repository/Emergency/Page_KDMC - Emergency/input_txttreat'

2018-06-10 20:13:36 - [MESSAGE][PASSED] - Text '10' is set on object 'Object Repository/Emergency/Page_KDMC - Emergency/input_txttreat'

2018-06-10 20:13:36 - [TEST_STEP][PASSED] - click: Object: 'Object Repository/Emergency/Page_KDMC - Emergency/button_Add' is clicked on

2018-06-10 20:13:36 - [MESSAGE][PASSED] - Object: 'Object Repository/Emergency/Page_KDMC - Emergency/button_Add' is clicked on

2018-06-10 20:13:36 - [TEST_STEP][PASSED] - selectOptionByIndex: All options with index in [7] are selected on object 'Object Repository/Emergency/Page_KDMC - Emergency/select_--Select--Schedule 1Inj'

2018-06-10 20:13:36 - [MESSAGE][PASSED] - All options with index in [7] are selected on object 'Object Repository/Emergency/Page_KDMC - Emergency/select_--Select--Schedule 1Inj'

2018-06-10 20:13:36 - [TEST_STEP][PASSED] - selectOptionByIndex: All options with index in [15] are selected on object 'Object Repository/Emergency/Page_KDMC - Emergency/select_--Select--Adernaline 0.'

2018-06-10 20:13:37 - [MESSAGE][PASSED] - All options with index in [15] are selected on object 'Object Repository/Emergency/Page_KDMC - Emergency/select_--Select--Adernaline 0.'

2018-06-10 20:13:37 - [TEST_STEP][PASSED] - setText: Text '10' is set on object 'Object Repository/Emergency/Page_KDMC - Emergency/input_txttreat'

2018-06-10 20:13:37 - [MESSAGE][PASSED] - Text '10' is set on object 'Object Repository/Emergency/Page_KDMC - Emergency/input_txttreat'

2018-06-10 20:13:37 - [TEST_STEP][PASSED] - click: Object: 'Object Repository/Emergency/Page_KDMC - Emergency/button_Add' is clicked on

2018-06-10 20:13:37 - [MESSAGE][PASSED] - Object: 'Object Repository/Emergency/Page_KDMC - Emergency/button_Add' is clicked on

2018-06-10 20:13:37 - [TEST_STEP][PASSED] - selectOptionByIndex: All options with index in [7] are selected on object 'Object Repository/Emergency/Page_KDMC - Emergency/select_--Select--Schedule 1Inj'

2018-06-10 20:13:37 - [MESSAGE][PASSED] - All options with index in [7] are selected on object 'Object Repository/Emergency/Page_KDMC - Emergency/select_--Select--Schedule 1Inj'

2018-06-10 20:13:37 - [TEST_STEP][PASSED] - selectOptionByIndex: All options with index in [16] are selected on object 'Object Repository/Emergency/Page_KDMC - Emergency/select_--Select--Adernaline 0.'

2018-06-10 20:13:37 - [MESSAGE][PASSED] - All options with index in [16] are selected on object 'Object Repository/Emergency/Page_KDMC - Emergency/select_--Select--Adernaline 0.'

2018-06-10 20:13:37 - [TEST_STEP][PASSED] - setText: Text '10' is set on object 'Object Repository/Emergency/Page_KDMC - Emergency/input_txttreat'

2018-06-10 20:13:37 - [MESSAGE][PASSED] - Text '10' is set on object 'Object Repository/Emergency/Page_KDMC - Emergency/input_txttreat'

2018-06-10 20:13:37 - [TEST_STEP][PASSED] - click: Object: 'Object Repository/Emergency/Page_KDMC - Emergency/button_Add' is clicked on

2018-06-10 20:13:37 - [MESSAGE][PASSED] - Object: 'Object Repository/Emergency/Page_KDMC - Emergency/button_Add' is clicked on

2018-06-10 20:13:37 - [TEST_STEP][PASSED] - selectOptionByIndex: All options with index in [7] are selected on object 'Object Repository/Emergency/Page_KDMC - Emergency/select_--Select--Schedule 1Inj'

2018-06-10 20:13:38 - [MESSAGE][PASSED] - All options with index in [7] are selected on object 'Object Repository/Emergency/Page_KDMC - Emergency/select_--Select--Schedule 1Inj'

2018-06-10 20:13:38 - [TEST_STEP][PASSED] - selectOptionByIndex: All options with index in [17] are selected on object 'Object Repository/Emergency/Page_KDMC - Emergency/select_--Select--Adernaline 0.'

2018-06-10 20:13:38 - [MESSAGE][PASSED] - All options with index in [17] are selected on object 'Object Repository/Emergency/Page_KDMC - Emergency/select_--Select--Adernaline 0.'

2018-06-10 20:13:38 - [TEST_STEP][PASSED] - setText: Text '10' is set on object 'Object Repository/Emergency/Page_KDMC - Emergency/input_txttreat'

2018-06-10 20:13:38 - [MESSAGE][PASSED] - Text '10' is set on object 'Object Repository/Emergency/Page_KDMC - Emergency/input_txttreat'

2018-06-10 20:13:38 - [TEST_STEP][PASSED] - click: Object: 'Object Repository/Emergency/Page_KDMC - Emergency/button_Add' is clicked on

2018-06-10 20:13:38 - [MESSAGE][PASSED] - Object: 'Object Repository/Emergency/Page_KDMC - Emergency/button_Add' is clicked on

2018-06-10 20:13:38 - [TEST_STEP][PASSED] - selectOptionByIndex: All options with index in [7] are selected on object 'Object Repository/Emergency/Page_KDMC - Emergency/select_--Select--Schedule 1Inj'

2018-06-10 20:13:38 - [MESSAGE][PASSED] - All options with index in [7] are selected on object 'Object Repository/Emergency/Page_KDMC - Emergency/select_--Select--Schedule 1Inj'

2018-06-10 20:13:38 - [TEST_STEP][PASSED] - selectOptionByIndex: All options with index in [18] are selected on object 'Object Repository/Emergency/Page_KDMC - Emergency/select_--Select--Adernaline 0.'

2018-06-10 20:13:39 - [MESSAGE][PASSED] - All options with index in [18] are selected on object 'Object Repository/Emergency/Page_KDMC - Emergency/select_--Select--Adernaline 0.'

2018-06-10 20:13:39 - [TEST_STEP][PASSED] - setText: Text '10' is set on object 'Object Repository/Emergency/Page_KDMC - Emergency/input_txttreat'

2018-06-10 20:13:39 - [MESSAGE][PASSED] - Text '10' is set on object 'Object Repository/Emergency/Page_KDMC - Emergency/input_txttreat'

2018-06-10 20:13:39 - [TEST_STEP][PASSED] - click: Object: 'Object Repository/Emergency/Page_KDMC - Emergency/button_Add' is clicked on

2018-06-10 20:13:39 - [MESSAGE][PASSED] - Object: 'Object Repository/Emergency/Page_KDMC - Emergency/button_Add' is clicked on

2018-06-10 20:13:39 - [TEST_STEP][PASSED] - scrollToElement: Scroll to object 'Object Repository/Emergency/Page_KDMC - Emergency/input_btnsave' successfully

2018-06-10 20:13:39 - [MESSAGE][PASSED] - Scroll to object 'Object Repository/Emergency/Page_KDMC - Emergency/input_btnsave' successfully

2018-06-10 20:13:39 - [TEST_STEP][PASSED] - click: Object: 'Object Repository/Emergency/Page_KDMC - Emergency/input_btnsave' is clicked on

2018-06-10 20:13:39 - [MESSAGE][PASSED] - Object: 'Object Repository/Emergency/Page_KDMC - Emergency/input_btnsave' is clicked on

2018-06-10 20:13:39 - [TEST_STEP][PASSED] - delay: Delayed 3 second(s)

2018-06-10 20:13:42 - [MESSAGE][PASSED] - Delayed 3 second(s)

2018-06-10 20:13:42 - [TEST_STEP][PASSED] - Statement - RequestNumber = com.kms.katalon.core.webui.keyword.WebUiBuiltInKeywords.getText(com.kms.katalon.core.testobject.ObjectRepository.findTestObject(Emergency/Page_KDMC - Emergency/font_ERNO100520183)): Text of object 'Object Repository/Emergency/Page_KDMC - Emergency/font_ERNO100520183' is: 'ERNO/10062018/1042'

2018-06-10 20:13:42 - [MESSAGE][PASSED] - Text of object 'Object Repository/Emergency/Page_KDMC - Emergency/font_ERNO100520183' is: 'ERNO/10062018/1042'

2018-06-10 20:13:42 - [TEST_STEP][PASSED] - Statement - Rno = RequestNumber.split("/")[2]: null

2018-06-10 20:13:42 - [TEST_STEP][PASSED] - Statement - out.println(Rno): null

2018-06-10 20:13:42 - [TEST_STEP][PASSED] - click: Object: 'Object Repository/Emergency/Page_KDMC - Emergency/button_OK' is clicked on

2018-06-10 20:13:42 - [MESSAGE][PASSED] - Object: 'Object Repository/Emergency/Page_KDMC - Emergency/button_OK' is clicked on

2018-06-10 20:13:42 - [TEST_STEP][PASSED] - delay: Delayed 3 second(s)

2018-06-10 20:13:45 - [MESSAGE][PASSED] - Delayed 3 second(s)

2018-06-10 20:13:45 - [TEST_STEP][PASSED] - click: Object: 'Object Repository/Emergency/Page_KDMC - Emergency/a_dropdown-toggle' is clicked on

2018-06-10 20:13:45 - [MESSAGE][PASSED] - Object: 'Object Repository/Emergency/Page_KDMC - Emergency/a_dropdown-toggle' is clicked on

2018-06-10 20:13:45 - [TEST_STEP][PASSED] - click: Object: 'Object Repository/Emergency/Page_KDMC - Emergency/a_Sign out' is clicked on

2018-06-10 20:13:46 - [MESSAGE][PASSED] - Object: 'Object Repository/Emergency/Page_KDMC - Emergency/a_Sign out' is clicked on

2018-06-10 20:13:46 - [TEST_STEP][PASSED] - delay: Delayed 3 second(s)

2018-06-10 20:13:49 - [MESSAGE][PASSED] - Delayed 3 second(s)

2018-06-10 20:13:49 - [TEST_STEP][PASSED] - click: Object: 'Object Repository/Emergency/Page_KDMC/a_CMO' is clicked on

2018-06-10 20:13:49 - [MESSAGE][PASSED] - Object: 'Object Repository/Emergency/Page_KDMC/a_CMO' is clicked on

2018-06-10 20:13:49 - [TEST_STEP][PASSED] - setText: Text 'guru' is set on object 'Object Repository/Emergency/Page_CMO login/input_txtusername'

2018-06-10 20:13:49 - [MESSAGE][PASSED] - Text 'guru' is set on object 'Object Repository/Emergency/Page_CMO login/input_txtusername'

2018-06-10 20:13:49 - [TEST_STEP][PASSED] - setText: Text '123' is set on object 'Object Repository/Emergency/Page_CMO login/input_txtpassword'

2018-06-10 20:13:50 - [MESSAGE][PASSED] - Text '123' is set on object 'Object Repository/Emergency/Page_CMO login/input_txtpassword'

2018-06-10 20:13:50 - [TEST_STEP][PASSED] - delay: Delayed 3 second(s)

2018-06-10 20:13:53 - [MESSAGE][PASSED] - Delayed 3 second(s)

2018-06-10 20:13:53 - [TEST_STEP][PASSED] - click: Object: 'Object Repository/Emergency/Page_CMO login/button_Sign in' is clicked on

2018-06-10 20:13:53 - [MESSAGE][PASSED] - Object: 'Object Repository/Emergency/Page_CMO login/button_Sign in' is clicked on

2018-06-10 20:13:53 - [TEST_STEP][PASSED] - delay: Delayed 2 second(s)

2018-06-10 20:13:55 - [MESSAGE][PASSED] - Delayed 2 second(s)

2018-06-10 20:13:55 - [TEST_STEP][PASSED] - click: Object: 'Object Repository/Emergency/Page_KDMC - CMO/a_Department Wise Request' is clicked on

2018-06-10 20:13:56 - [MESSAGE][PASSED] - Object: 'Object Repository/Emergency/Page_KDMC - CMO/a_Department Wise Request' is clicked on

2018-06-10 20:13:56 - [TEST_STEP][PASSED] - selectOptionByIndex: All options with index in [7] are selected on object 'Object Repository/Emergency/Page_KDMC - CMO/select_--ALL--'

2018-06-10 20:13:57 - [MESSAGE][PASSED] - All options with index in [7] are selected on object 'Object Repository/Emergency/Page_KDMC - CMO/select_--ALL--'

2018-06-10 20:13:57 - [TEST_STEP][PASSED] - selectOptionByIndex: All options with index in [1] are selected on object 'Object Repository/Emergency/Page_KDMC - CMO/select_--ALL--                _1'

2018-06-10 20:13:57 - [MESSAGE][PASSED] - All options with index in [1] are selected on object 'Object Repository/Emergency/Page_KDMC - CMO/select_--ALL--                _1'

2018-06-10 20:13:57 - [TEST_STEP][PASSED] - click: Object: 'Object Repository/Emergency/Page_KDMC - CMO/input_btnsearch' is clicked on

2018-06-10 20:13:57 - [MESSAGE][PASSED] - Object: 'Object Repository/Emergency/Page_KDMC - CMO/input_btnsearch' is clicked on

2018-06-10 20:13:57 - [TEST_STEP][PASSED] - Statement - ID = com.kms.katalon.core.webui.keyword.WebUiBuiltInKeywords.modifyObjectProperty(com.kms.katalon.core.testobject.ObjectRepository.findTestObject(Emergency/Page_KDMC - CMO/input_3), "xpath", "equals", "//*[@id=" + Rno + "]", true): Modify property of object successfully

2018-06-10 20:13:57 - [MESSAGE][PASSED] - Modify property of object successfully

2018-06-10 20:13:57 - [TEST_STEP][PASSED] - click: Object: 'Object Repository/Emergency/Page_KDMC - CMO/input_3' is clicked on

2018-06-10 20:13:57 - [MESSAGE][PASSED] - Object: 'Object Repository/Emergency/Page_KDMC - CMO/input_3' is clicked on

2018-06-10 20:13:57 - [TEST_STEP][PASSED] - delay: Delayed 2 second(s)

2018-06-10 20:13:59 - [MESSAGE][PASSED] - Delayed 2 second(s)

2018-06-10 20:13:59 - [TEST_STEP][PASSED] - selectOptionByIndex: All options with index in [1] are selected on object 'Object Repository/Emergency/Page_KDMC - CMO/select_--Select--'

2018-06-10 20:14:00 - [MESSAGE][PASSED] - All options with index in [1] are selected on object 'Object Repository/Emergency/Page_KDMC - CMO/select_--Select--'

2018-06-10 20:14:00 - [TEST_STEP][PASSED] - click: Object: 'Object Repository/Emergency/Page_KDMC - CMO/input_btnupdate' is clicked on

2018-06-10 20:14:00 - [MESSAGE][PASSED] - Object: 'Object Repository/Emergency/Page_KDMC - CMO/input_btnupdate' is clicked on

2018-06-10 20:14:00 - [TEST_STEP][PASSED] - delay: Delayed 2 second(s)

2018-06-10 20:14:02 - [MESSAGE][PASSED] - Delayed 2 second(s)

2018-06-10 20:14:02 - [TEST_STEP][PASSED] - click: Object: 'Object Repository/Emergency/Page_KDMC - CMO/button_OK' is clicked on

2018-06-10 20:14:02 - [MESSAGE][PASSED] - Object: 'Object Repository/Emergency/Page_KDMC - CMO/button_OK' is clicked on

2018-06-10 20:14:02 - [TEST_STEP][PASSED] - delay: Delayed 2 second(s)

2018-06-10 20:14:04 - [MESSAGE][PASSED] - Delayed 2 second(s)

2018-06-10 20:14:04 - [TEST_STEP][PASSED] - click: Object: 'Object Repository/Emergency/Page_KDMC - CMO/a_dropdown-toggle' is clicked on

2018-06-10 20:14:04 - [MESSAGE][PASSED] - Object: 'Object Repository/Emergency/Page_KDMC - CMO/a_dropdown-toggle' is clicked on

2018-06-10 20:14:04 - [TEST_STEP][PASSED] - click: Object: 'Object Repository/Emergency/Page_KDMC - CMO/a_Sign out' is clicked on

2018-06-10 20:14:05 - [MESSAGE][PASSED] - Object: 'Object Repository/Emergency/Page_KDMC - CMO/a_Sign out' is clicked on

2018-06-10 20:14:05 - [TEST_STEP][PASSED] - delay: Delayed 3 second(s)

2018-06-10 20:14:08 - [MESSAGE][PASSED] - Delayed 3 second(s)

2018-06-10 20:14:08 - [TEST_STEP][PASSED] - click: Object: 'Object Repository/Emergency/Page_KDMC/a_Divisional Store' is clicked on

2018-06-10 20:14:08 - [MESSAGE][PASSED] - Object: 'Object Repository/Emergency/Page_KDMC/a_Divisional Store' is clicked on

2018-06-10 20:14:08 - [TEST_STEP][PASSED] - setText: Text 'ragu' is set on object 'Object Repository/Emergency/Page_Divisonal Store Login/input_txtusername'

2018-06-10 20:14:08 - [MESSAGE][PASSED] - Text 'ragu' is set on object 'Object Repository/Emergency/Page_Divisonal Store Login/input_txtusername'

2018-06-10 20:14:08 - [TEST_STEP][PASSED] - setText: Text '123' is set on object 'Object Repository/Emergency/Page_Divisonal Store Login/input_txtpassword'

2018-06-10 20:14:09 - [MESSAGE][PASSED] - Text '123' is set on object 'Object Repository/Emergency/Page_Divisonal Store Login/input_txtpassword'

2018-06-10 20:14:09 - [TEST_STEP][PASSED] - delay: Delayed 3 second(s)

2018-06-10 20:14:12 - [MESSAGE][PASSED] - Delayed 3 second(s)

2018-06-10 20:14:12 - [TEST_STEP][PASSED] - click: Object: 'Object Repository/Emergency/Page_Divisonal Store Login/button_Sign in' is clicked on

2018-06-10 20:14:13 - [MESSAGE][PASSED] - Object: 'Object Repository/Emergency/Page_Divisonal Store Login/button_Sign in' is clicked on

2018-06-10 20:14:13 - [TEST_STEP][PASSED] - delay: Delayed 2 second(s)

2018-06-10 20:14:15 - [MESSAGE][PASSED] - Delayed 2 second(s)

2018-06-10 20:14:15 - [TEST_STEP][PASSED] - click: Object: 'Object Repository/Emergency/Page_Store/a_Emergency Request' is clicked on

2018-06-10 20:14:15 - [MESSAGE][PASSED] - Object: 'Object Repository/Emergency/Page_Store/a_Emergency Request' is clicked on

2018-06-10 20:14:15 - [TEST_STEP][PASSED] - click: Object: 'Object Repository/Emergency/Page_Store/a_Request Item Emergency' is clicked on

2018-06-10 20:14:16 - [MESSAGE][PASSED] - Object: 'Object Repository/Emergency/Page_Store/a_Request Item Emergency' is clicked on

2018-06-10 20:14:16 - [TEST_STEP][PASSED] - setText: Text '1042' is set on object 'Object Repository/Emergency/Page_Store/input'

2018-06-10 20:14:17 - [MESSAGE][PASSED] - Text '1042' is set on object 'Object Repository/Emergency/Page_Store/input'

2018-06-10 20:14:17 - [TEST_STEP][PASSED] - Statement - ChooseRequest = com.kms.katalon.core.webui.keyword.WebUiBuiltInKeywords.modifyObjectProperty(com.kms.katalon.core.testobject.ObjectRepository.findTestObject(Emergency/Page_Store/input_3), "xpath", "equals", "//*[@id=" + Rno + "]", true): Modify property of object successfully

2018-06-10 20:14:17 - [MESSAGE][PASSED] - Modify property of object successfully

2018-06-10 20:14:17 - [TEST_STEP][PASSED] - click: Object: 'Object Repository/Emergency/Page_Store/input_3' is clicked on

2018-06-10 20:14:18 - [MESSAGE][PASSED] - Object: 'Object Repository/Emergency/Page_Store/input_3' is clicked on

2018-06-10 20:14:18 - [TEST_STEP][PASSED] - delay: Delayed 2 second(s)

2018-06-10 20:14:20 - [MESSAGE][PASSED] - Delayed 2 second(s)

2018-06-10 20:14:20 - [TEST_STEP][PASSED] - Statement - selectedoptions1 = com.kms.katalon.core.webui.keyword.WebUiBuiltInKeywords.getNumberOfTotalOption(com.kms.katalon.core.testobject.ObjectRepository.findTestObject(Emergency/Page_Store/select_--Select--Amikacin -500)): 19 options of object 'Object Repository/Emergency/Page_Store/select_--Select--Amikacin -500' counted

2018-06-10 20:14:20 - [MESSAGE][PASSED] - 19 options of object 'Object Repository/Emergency/Page_Store/select_--Select--Amikacin -500' counted

2018-06-10 20:14:20 - [TEST_STEP][PASSED] - Statement - For ([a = 1, a <= selectedoptions1 - 1, (a++)]): null

2018-06-10 20:14:20 - [TEST_STEP][PASSED] - selectOptionByIndex: All options with index in [1] are selected on object 'Object Repository/Emergency/Page_Store/select_--Select--Amikacin -500'

2018-06-10 20:14:20 - [MESSAGE][PASSED] - All options with index in [1] are selected on object 'Object Repository/Emergency/Page_Store/select_--Select--Amikacin -500'

2018-06-10 20:14:20 - [TEST_STEP][PASSED] - delay: Delayed 2 second(s)

2018-06-10 20:14:22 - [MESSAGE][PASSED] - Delayed 2 second(s)

2018-06-10 20:14:22 - [TEST_STEP][PASSED] - Statement - RequestedQty = com.kms.katalon.core.webui.keyword.WebUiBuiltInKeywords.getAttribute(com.kms.katalon.core.testobject.ObjectRepository.findTestObject(Emergency/Page_Store/input_txttotal), "value"): Attribute 'value' of object 'Object Repository/Emergency/Page_Store/input_txttotal' is: '10'

2018-06-10 20:14:22 - [MESSAGE][PASSED] - Attribute 'value' of object 'Object Repository/Emergency/Page_Store/input_txttotal' is: '10'

2018-06-10 20:14:22 - [TEST_STEP][PASSED] - Statement - out.println("Requested QTY : " + RequestedQty): null

2018-06-10 20:14:22 - [TEST_STEP][PASSED] - Statement - BatchNumber = com.kms.katalon.core.webui.keyword.WebUiBuiltInKeywords.getNumberOfTotalOption(com.kms.katalon.core.testobject.ObjectRepository.findTestObject(Emergency/Page_Store/select_--Select--BA1150BA4110)): 3 options of object 'Object Repository/Emergency/Page_Store/select_--Select--BA1150BA4110' counted

2018-06-10 20:14:22 - [MESSAGE][PASSED] - 3 options of object 'Object Repository/Emergency/Page_Store/select_--Select--BA1150BA4110' counted

2018-06-10 20:14:22 - [TEST_STEP][PASSED] - Statement - For ([g = 1, g <= BatchNumber - 1, (g++)]): null

2018-06-10 20:14:22 - [TEST_STEP][PASSED] - selectOptionByIndex: All options with index in [1] are selected on object 'Object Repository/Emergency/Page_Store/select_--Select--BA1150BA4110'

2018-06-10 20:14:22 - [MESSAGE][PASSED] - All options with index in [1] are selected on object 'Object Repository/Emergency/Page_Store/select_--Select--BA1150BA4110'

2018-06-10 20:14:22 - [TEST_STEP][PASSED] - delay: Delayed 2 second(s)

2018-06-10 20:14:24 - [MESSAGE][PASSED] - Delayed 2 second(s)

2018-06-10 20:14:24 - [TEST_STEP][PASSED] - Statement - Try: null

2018-06-10 20:14:24 - [TEST_STEP][PASSED] - Statement - StockQty = com.kms.katalon.core.webui.keyword.WebUiBuiltInKeywords.getAttribute(com.kms.katalon.core.testobject.ObjectRepository.findTestObject(Emergency/Page_Store/input_txtprice), "value"): Attribute 'value' of object 'Object Repository/Emergency/Page_Store/input_txtprice' is: '545'

2018-06-10 20:14:24 - [MESSAGE][PASSED] - Attribute 'value' of object 'Object Repository/Emergency/Page_Store/input_txtprice' is: '545'

2018-06-10 20:14:24 - [TEST_STEP][PASSED] - Statement - out.println("Stock QTY : " + StockQty): null

2018-06-10 20:14:24 - [TEST_STEP][PASSED] - delay: Delayed 2 second(s)

2018-06-10 20:14:26 - [MESSAGE][PASSED] - Delayed 2 second(s)

2018-06-10 20:14:26 - [TEST_STEP][PASSED] - Statement - If (java.lang.Integer.valueOf(StockQty) >= java.lang.Integer.valueOf(RequestedQty)): null

2018-06-10 20:14:26 - [TEST_STEP][PASSED] - delay: Delayed 1 second(s)

2018-06-10 20:14:27 - [MESSAGE][PASSED] - Delayed 1 second(s)

2018-06-10 20:14:27 - [TEST_STEP][PASSED] - setText: Text '10' is set on object 'Object Repository/Emergency/Page_Store/input_txtqty'

2018-06-10 20:14:27 - [MESSAGE][PASSED] - Text '10' is set on object 'Object Repository/Emergency/Page_Store/input_txtqty'

2018-06-10 20:14:27 - [TEST_STEP][PASSED] - click: Object: 'Object Repository/Emergency/Page_Store/button_Add' is clicked on

2018-06-10 20:14:27 - [MESSAGE][PASSED] - Object: 'Object Repository/Emergency/Page_Store/button_Add' is clicked on

2018-06-10 20:14:27 - [TEST_STEP][PASSED] - Statement - Break: null

2018-06-10 20:14:27 - [TEST_STEP][PASSED] - selectOptionByIndex: All options with index in [2] are selected on object 'Object Repository/Emergency/Page_Store/select_--Select--Amikacin -500'

2018-06-10 20:14:27 - [MESSAGE][PASSED] - All options with index in [2] are selected on object 'Object Repository/Emergency/Page_Store/select_--Select--Amikacin -500'

2018-06-10 20:14:27 - [TEST_STEP][PASSED] - delay: Delayed 2 second(s)

2018-06-10 20:14:29 - [MESSAGE][PASSED] - Delayed 2 second(s)

2018-06-10 20:14:29 - [TEST_STEP][PASSED] - Statement - RequestedQty = com.kms.katalon.core.webui.keyword.WebUiBuiltInKeywords.getAttribute(com.kms.katalon.core.testobject.ObjectRepository.findTestObject(Emergency/Page_Store/input_txttotal), "value"): Attribute 'value' of object 'Object Repository/Emergency/Page_Store/input_txttotal' is: '10'

2018-06-10 20:14:29 - [MESSAGE][PASSED] - Attribute 'value' of object 'Object Repository/Emergency/Page_Store/input_txttotal' is: '10'

2018-06-10 20:14:29 - [TEST_STEP][PASSED] - Statement - out.println("Requested QTY : " + RequestedQty): null

2018-06-10 20:14:29 - [TEST_STEP][PASSED] - Statement - BatchNumber = com.kms.katalon.core.webui.keyword.WebUiBuiltInKeywords.getNumberOfTotalOption(com.kms.katalon.core.testobject.ObjectRepository.findTestObject(Emergency/Page_Store/select_--Select--BA1150BA4110)): 3 options of object 'Object Repository/Emergency/Page_Store/select_--Select--BA1150BA4110' counted

2018-06-10 20:14:30 - [MESSAGE][PASSED] - 3 options of object 'Object Repository/Emergency/Page_Store/select_--Select--BA1150BA4110' counted

2018-06-10 20:14:30 - [TEST_STEP][PASSED] - Statement - For ([g = 1, g <= BatchNumber - 1, (g++)]): null

2018-06-10 20:14:30 - [TEST_STEP][PASSED] - selectOptionByIndex: All options with index in [1] are selected on object 'Object Repository/Emergency/Page_Store/select_--Select--BA1150BA4110'

2018-06-10 20:14:30 - [MESSAGE][PASSED] - All options with index in [1] are selected on object 'Object Repository/Emergency/Page_Store/select_--Select--BA1150BA4110'

2018-06-10 20:14:30 - [TEST_STEP][PASSED] - delay: Delayed 2 second(s)

2018-06-10 20:14:32 - [MESSAGE][PASSED] - Delayed 2 second(s)

2018-06-10 20:14:32 - [TEST_STEP][PASSED] - Statement - Try: null

2018-06-10 20:14:32 - [TEST_STEP][PASSED] - Statement - StockQty = com.kms.katalon.core.webui.keyword.WebUiBuiltInKeywords.getAttribute(com.kms.katalon.core.testobject.ObjectRepository.findTestObject(Emergency/Page_Store/input_txtprice), "value"): Attribute 'value' of object 'Object Repository/Emergency/Page_Store/input_txtprice' is: '85'

2018-06-10 20:14:32 - [MESSAGE][PASSED] - Attribute 'value' of object 'Object Repository/Emergency/Page_Store/input_txtprice' is: '85'

2018-06-10 20:14:32 - [TEST_STEP][PASSED] - Statement - out.println("Stock QTY : " + StockQty): null

2018-06-10 20:14:32 - [TEST_STEP][PASSED] - delay: Delayed 2 second(s)

2018-06-10 20:14:34 - [MESSAGE][PASSED] - Delayed 2 second(s)

2018-06-10 20:14:34 - [TEST_STEP][PASSED] - Statement - If (java.lang.Integer.valueOf(StockQty) >= java.lang.Integer.valueOf(RequestedQty)): null

2018-06-10 20:14:34 - [TEST_STEP][PASSED] - delay: Delayed 1 second(s)

2018-06-10 20:14:35 - [MESSAGE][PASSED] - Delayed 1 second(s)

2018-06-10 20:14:35 - [TEST_STEP][PASSED] - setText: Text '10' is set on object 'Object Repository/Emergency/Page_Store/input_txtqty'

2018-06-10 20:14:35 - [MESSAGE][PASSED] - Text '10' is set on object 'Object Repository/Emergency/Page_Store/input_txtqty'

2018-06-10 20:14:35 - [TEST_STEP][PASSED] - click: Object: 'Object Repository/Emergency/Page_Store/button_Add' is clicked on

2018-06-10 20:14:35 - [MESSAGE][PASSED] - Object: 'Object Repository/Emergency/Page_Store/button_Add' is clicked on

2018-06-10 20:14:35 - [TEST_STEP][PASSED] - Statement - Break: null

2018-06-10 20:14:35 - [TEST_STEP][PASSED] - selectOptionByIndex: All options with index in [3] are selected on object 'Object Repository/Emergency/Page_Store/select_--Select--Amikacin -500'

2018-06-10 20:14:35 - [MESSAGE][PASSED] - All options with index in [3] are selected on object 'Object Repository/Emergency/Page_Store/select_--Select--Amikacin -500'

2018-06-10 20:14:35 - [TEST_STEP][PASSED] - delay: Delayed 2 second(s)

2018-06-10 20:14:37 - [MESSAGE][PASSED] - Delayed 2 second(s)

2018-06-10 20:14:37 - [TEST_STEP][PASSED] - Statement - RequestedQty = com.kms.katalon.core.webui.keyword.WebUiBuiltInKeywords.getAttribute(com.kms.katalon.core.testobject.ObjectRepository.findTestObject(Emergency/Page_Store/input_txttotal), "value"): Attribute 'value' of object 'Object Repository/Emergency/Page_Store/input_txttotal' is: '10'

2018-06-10 20:14:37 - [MESSAGE][PASSED] - Attribute 'value' of object 'Object Repository/Emergency/Page_Store/input_txttotal' is: '10'

2018-06-10 20:14:37 - [TEST_STEP][PASSED] - Statement - out.println("Requested QTY : " + RequestedQty): null

2018-06-10 20:14:37 - [TEST_STEP][PASSED] - Statement - BatchNumber = com.kms.katalon.core.webui.keyword.WebUiBuiltInKeywords.getNumberOfTotalOption(com.kms.katalon.core.testobject.ObjectRepository.findTestObject(Emergency/Page_Store/select_--Select--BA1150BA4110)): 4 options of object 'Object Repository/Emergency/Page_Store/select_--Select--BA1150BA4110' counted

2018-06-10 20:14:37 - [MESSAGE][PASSED] - 4 options of object 'Object Repository/Emergency/Page_Store/select_--Select--BA1150BA4110' counted

2018-06-10 20:14:37 - [TEST_STEP][PASSED] - Statement - For ([g = 1, g <= BatchNumber - 1, (g++)]): null

2018-06-10 20:14:37 - [TEST_STEP][PASSED] - selectOptionByIndex: All options with index in [1] are selected on object 'Object Repository/Emergency/Page_Store/select_--Select--BA1150BA4110'

2018-06-10 20:14:37 - [MESSAGE][PASSED] - All options with index in [1] are selected on object 'Object Repository/Emergency/Page_Store/select_--Select--BA1150BA4110'

2018-06-10 20:14:37 - [TEST_STEP][PASSED] - delay: Delayed 2 second(s)

2018-06-10 20:14:39 - [MESSAGE][PASSED] - Delayed 2 second(s)

2018-06-10 20:14:39 - [TEST_STEP][PASSED] - Statement - Try: null

2018-06-10 20:14:39 - [TEST_STEP][PASSED] - Statement - StockQty = com.kms.katalon.core.webui.keyword.WebUiBuiltInKeywords.getAttribute(com.kms.katalon.core.testobject.ObjectRepository.findTestObject(Emergency/Page_Store/input_txtprice), "value"): Attribute 'value' of object 'Object Repository/Emergency/Page_Store/input_txtprice' is: '85'

2018-06-10 20:14:39 - [MESSAGE][PASSED] - Attribute 'value' of object 'Object Repository/Emergency/Page_Store/input_txtprice' is: '85'

2018-06-10 20:14:39 - [TEST_STEP][PASSED] - Statement - out.println("Stock QTY : " + StockQty): null

2018-06-10 20:14:39 - [TEST_STEP][PASSED] - delay: Delayed 2 second(s)

2018-06-10 20:14:41 - [MESSAGE][PASSED] - Delayed 2 second(s)

2018-06-10 20:14:41 - [TEST_STEP][PASSED] - Statement - If (java.lang.Integer.valueOf(StockQty) >= java.lang.Integer.valueOf(RequestedQty)): null

2018-06-10 20:14:41 - [TEST_STEP][PASSED] - delay: Delayed 1 second(s)

2018-06-10 20:14:42 - [MESSAGE][PASSED] - Delayed 1 second(s)

2018-06-10 20:14:42 - [TEST_STEP][PASSED] - setText: Text '10' is set on object 'Object Repository/Emergency/Page_Store/input_txtqty'

2018-06-10 20:14:42 - [MESSAGE][PASSED] - Text '10' is set on object 'Object Repository/Emergency/Page_Store/input_txtqty'

2018-06-10 20:14:42 - [TEST_STEP][PASSED] - click: Object: 'Object Repository/Emergency/Page_Store/button_Add' is clicked on

2018-06-10 20:14:42 - [MESSAGE][PASSED] - Object: 'Object Repository/Emergency/Page_Store/button_Add' is clicked on

2018-06-10 20:14:42 - [TEST_STEP][PASSED] - Statement - Break: null

2018-06-10 20:14:42 - [TEST_STEP][PASSED] - selectOptionByIndex: All options with index in [4] are selected on object 'Object Repository/Emergency/Page_Store/select_--Select--Amikacin -500'

2018-06-10 20:14:43 - [MESSAGE][PASSED] - All options with index in [4] are selected on object 'Object Repository/Emergency/Page_Store/select_--Select--Amikacin -500'

2018-06-10 20:14:43 - [TEST_STEP][PASSED] - delay: Delayed 2 second(s)

2018-06-10 20:14:45 - [MESSAGE][PASSED] - Delayed 2 second(s)

2018-06-10 20:14:45 - [TEST_STEP][PASSED] - Statement - RequestedQty = com.kms.katalon.core.webui.keyword.WebUiBuiltInKeywords.getAttribute(com.kms.katalon.core.testobject.ObjectRepository.findTestObject(Emergency/Page_Store/input_txttotal), "value"): Attribute 'value' of object 'Object Repository/Emergency/Page_Store/input_txttotal' is: '10'

2018-06-10 20:14:45 - [MESSAGE][PASSED] - Attribute 'value' of object 'Object Repository/Emergency/Page_Store/input_txttotal' is: '10'

2018-06-10 20:14:45 - [TEST_STEP][PASSED] - Statement - out.println("Requested QTY : " + RequestedQty): null

2018-06-10 20:14:45 - [TEST_STEP][PASSED] - Statement - BatchNumber = com.kms.katalon.core.webui.keyword.WebUiBuiltInKeywords.getNumberOfTotalOption(com.kms.katalon.core.testobject.ObjectRepository.findTestObject(Emergency/Page_Store/select_--Select--BA1150BA4110)): 4 options of object 'Object Repository/Emergency/Page_Store/select_--Select--BA1150BA4110' counted

2018-06-10 20:14:45 - [MESSAGE][PASSED] - 4 options of object 'Object Repository/Emergency/Page_Store/select_--Select--BA1150BA4110' counted

2018-06-10 20:14:45 - [TEST_STEP][PASSED] - Statement - For ([g = 1, g <= BatchNumber - 1, (g++)]): null

2018-06-10 20:14:45 - [TEST_STEP][PASSED] - selectOptionByIndex: All options with index in [1] are selected on object 'Object Repository/Emergency/Page_Store/select_--Select--BA1150BA4110'

2018-06-10 20:14:45 - [MESSAGE][PASSED] - All options with index in [1] are selected on object 'Object Repository/Emergency/Page_Store/select_--Select--BA1150BA4110'

2018-06-10 20:14:45 - [TEST_STEP][PASSED] - delay: Delayed 2 second(s)

2018-06-10 20:14:47 - [MESSAGE][PASSED] - Delayed 2 second(s)

2018-06-10 20:14:47 - [TEST_STEP][PASSED] - Statement - Try: null

2018-06-10 20:14:47 - [TEST_STEP][PASSED] - Statement - StockQty = com.kms.katalon.core.webui.keyword.WebUiBuiltInKeywords.getAttribute(com.kms.katalon.core.testobject.ObjectRepository.findTestObject(Emergency/Page_Store/input_txtprice), "value"): Attribute 'value' of object 'Object Repository/Emergency/Page_Store/input_txtprice' is: '75'

2018-06-10 20:14:47 - [MESSAGE][PASSED] - Attribute 'value' of object 'Object Repository/Emergency/Page_Store/input_txtprice' is: '75'

2018-06-10 20:14:47 - [TEST_STEP][PASSED] - Statement - out.println("Stock QTY : " + StockQty): null

2018-06-10 20:14:47 - [TEST_STEP][PASSED] - delay: Delayed 2 second(s)

2018-06-10 20:14:49 - [MESSAGE][PASSED] - Delayed 2 second(s)

2018-06-10 20:14:49 - [TEST_STEP][PASSED] - Statement - If (java.lang.Integer.valueOf(StockQty) >= java.lang.Integer.valueOf(RequestedQty)): null

2018-06-10 20:14:49 - [TEST_STEP][PASSED] - delay: Delayed 1 second(s)

2018-06-10 20:14:50 - [MESSAGE][PASSED] - Delayed 1 second(s)

2018-06-10 20:14:50 - [TEST_STEP][PASSED] - setText: Text '10' is set on object 'Object Repository/Emergency/Page_Store/input_txtqty'

2018-06-10 20:14:50 - [MESSAGE][PASSED] - Text '10' is set on object 'Object Repository/Emergency/Page_Store/input_txtqty'

2018-06-10 20:14:50 - [TEST_STEP][PASSED] - click: Object: 'Object Repository/Emergency/Page_Store/button_Add' is clicked on

2018-06-10 20:14:50 - [MESSAGE][PASSED] - Object: 'Object Repository/Emergency/Page_Store/button_Add' is clicked on

2018-06-10 20:14:50 - [TEST_STEP][PASSED] - Statement - Break: null

2018-06-10 20:14:50 - [TEST_STEP][PASSED] - selectOptionByIndex: All options with index in [5] are selected on object 'Object Repository/Emergency/Page_Store/select_--Select--Amikacin -500'

2018-06-10 20:14:50 - [MESSAGE][PASSED] - All options with index in [5] are selected on object 'Object Repository/Emergency/Page_Store/select_--Select--Amikacin -500'

2018-06-10 20:14:50 - [TEST_STEP][PASSED] - delay: Delayed 2 second(s)

2018-06-10 20:14:52 - [MESSAGE][PASSED] - Delayed 2 second(s)

2018-06-10 20:14:52 - [TEST_STEP][PASSED] - Statement - RequestedQty = com.kms.katalon.core.webui.keyword.WebUiBuiltInKeywords.getAttribute(com.kms.katalon.core.testobject.ObjectRepository.findTestObject(Emergency/Page_Store/input_txttotal), "value"): Attribute 'value' of object 'Object Repository/Emergency/Page_Store/input_txttotal' is: '10'

2018-06-10 20:14:52 - [MESSAGE][PASSED] - Attribute 'value' of object 'Object Repository/Emergency/Page_Store/input_txttotal' is: '10'

2018-06-10 20:14:52 - [TEST_STEP][PASSED] - Statement - out.println("Requested QTY : " + RequestedQty): null

2018-06-10 20:14:52 - [TEST_STEP][PASSED] - Statement - BatchNumber = com.kms.katalon.core.webui.keyword.WebUiBuiltInKeywords.getNumberOfTotalOption(com.kms.katalon.core.testobject.ObjectRepository.findTestObject(Emergency/Page_Store/select_--Select--BA1150BA4110)): 4 options of object 'Object Repository/Emergency/Page_Store/select_--Select--BA1150BA4110' counted

2018-06-10 20:14:52 - [MESSAGE][PASSED] - 4 options of object 'Object Repository/Emergency/Page_Store/select_--Select--BA1150BA4110' counted

2018-06-10 20:14:52 - [TEST_STEP][PASSED] - Statement - For ([g = 1, g <= BatchNumber - 1, (g++)]): null

2018-06-10 20:14:52 - [TEST_STEP][PASSED] - selectOptionByIndex: All options with index in [1] are selected on object 'Object Repository/Emergency/Page_Store/select_--Select--BA1150BA4110'

2018-06-10 20:14:52 - [MESSAGE][PASSED] - All options with index in [1] are selected on object 'Object Repository/Emergency/Page_Store/select_--Select--BA1150BA4110'

2018-06-10 20:14:52 - [TEST_STEP][PASSED] - delay: Delayed 2 second(s)

2018-06-10 20:14:54 - [MESSAGE][PASSED] - Delayed 2 second(s)

2018-06-10 20:14:54 - [TEST_STEP][PASSED] - Statement - Try: null

2018-06-10 20:14:54 - [TEST_STEP][PASSED] - Statement - StockQty = com.kms.katalon.core.webui.keyword.WebUiBuiltInKeywords.getAttribute(com.kms.katalon.core.testobject.ObjectRepository.findTestObject(Emergency/Page_Store/input_txtprice), "value"): Attribute 'value' of object 'Object Repository/Emergency/Page_Store/input_txtprice' is: '310'

2018-06-10 20:14:54 - [MESSAGE][PASSED] - Attribute 'value' of object 'Object Repository/Emergency/Page_Store/input_txtprice' is: '310'

2018-06-10 20:14:54 - [TEST_STEP][PASSED] - Statement - out.println("Stock QTY : " + StockQty): null

2018-06-10 20:14:54 - [TEST_STEP][PASSED] - delay: Delayed 2 second(s)

2018-06-10 20:14:56 - [MESSAGE][PASSED] - Delayed 2 second(s)

2018-06-10 20:14:56 - [TEST_STEP][PASSED] - Statement - If (java.lang.Integer.valueOf(StockQty) >= java.lang.Integer.valueOf(RequestedQty)): null

2018-06-10 20:14:56 - [TEST_STEP][PASSED] - delay: Delayed 1 second(s)

2018-06-10 20:14:57 - [MESSAGE][PASSED] - Delayed 1 second(s)

2018-06-10 20:14:57 - [TEST_STEP][PASSED] - setText: Text '10' is set on object 'Object Repository/Emergency/Page_Store/input_txtqty'

2018-06-10 20:14:57 - [MESSAGE][PASSED] - Text '10' is set on object 'Object Repository/Emergency/Page_Store/input_txtqty'

2018-06-10 20:14:57 - [TEST_STEP][PASSED] - click: Object: 'Object Repository/Emergency/Page_Store/button_Add' is clicked on

2018-06-10 20:14:57 - [MESSAGE][PASSED] - Object: 'Object Repository/Emergency/Page_Store/button_Add' is clicked on

2018-06-10 20:14:57 - [TEST_STEP][PASSED] - Statement - Break: null

2018-06-10 20:14:57 - [TEST_STEP][PASSED] - selectOptionByIndex: All options with index in [6] are selected on object 'Object Repository/Emergency/Page_Store/select_--Select--Amikacin -500'

2018-06-10 20:14:58 - [MESSAGE][PASSED] - All options with index in [6] are selected on object 'Object Repository/Emergency/Page_Store/select_--Select--Amikacin -500'

2018-06-10 20:14:58 - [TEST_STEP][PASSED] - delay: Delayed 2 second(s)

2018-06-10 20:15:00 - [MESSAGE][PASSED] - Delayed 2 second(s)

2018-06-10 20:15:00 - [TEST_STEP][PASSED] - Statement - RequestedQty = com.kms.katalon.core.webui.keyword.WebUiBuiltInKeywords.getAttribute(com.kms.katalon.core.testobject.ObjectRepository.findTestObject(Emergency/Page_Store/input_txttotal), "value"): Attribute 'value' of object 'Object Repository/Emergency/Page_Store/input_txttotal' is: '10'

2018-06-10 20:15:00 - [MESSAGE][PASSED] - Attribute 'value' of object 'Object Repository/Emergency/Page_Store/input_txttotal' is: '10'

2018-06-10 20:15:00 - [TEST_STEP][PASSED] - Statement - out.println("Requested QTY : " + RequestedQty): null

2018-06-10 20:15:00 - [TEST_STEP][PASSED] - Statement - BatchNumber = com.kms.katalon.core.webui.keyword.WebUiBuiltInKeywords.getNumberOfTotalOption(com.kms.katalon.core.testobject.ObjectRepository.findTestObject(Emergency/Page_Store/select_--Select--BA1150BA4110)): 3 options of object 'Object Repository/Emergency/Page_Store/select_--Select--BA1150BA4110' counted

2018-06-10 20:15:00 - [MESSAGE][PASSED] - 3 options of object 'Object Repository/Emergency/Page_Store/select_--Select--BA1150BA4110' counted

2018-06-10 20:15:00 - [TEST_STEP][PASSED] - Statement - For ([g = 1, g <= BatchNumber - 1, (g++)]): null

2018-06-10 20:15:00 - [TEST_STEP][PASSED] - selectOptionByIndex: All options with index in [1] are selected on object 'Object Repository/Emergency/Page_Store/select_--Select--BA1150BA4110'

2018-06-10 20:15:00 - [MESSAGE][PASSED] - All options with index in [1] are selected on object 'Object Repository/Emergency/Page_Store/select_--Select--BA1150BA4110'

2018-06-10 20:15:00 - [TEST_STEP][PASSED] - delay: Delayed 2 second(s)

2018-06-10 20:15:02 - [MESSAGE][PASSED] - Delayed 2 second(s)

2018-06-10 20:15:02 - [TEST_STEP][PASSED] - Statement - Try: null

2018-06-10 20:15:02 - [TEST_STEP][PASSED] - Statement - StockQty = com.kms.katalon.core.webui.keyword.WebUiBuiltInKeywords.getAttribute(com.kms.katalon.core.testobject.ObjectRepository.findTestObject(Emergency/Page_Store/input_txtprice), "value"): Attribute 'value' of object 'Object Repository/Emergency/Page_Store/input_txtprice' is: '555'

2018-06-10 20:15:02 - [MESSAGE][PASSED] - Attribute 'value' of object 'Object Repository/Emergency/Page_Store/input_txtprice' is: '555'

2018-06-10 20:15:02 - [TEST_STEP][PASSED] - Statement - out.println("Stock QTY : " + StockQty): null

2018-06-10 20:15:02 - [TEST_STEP][PASSED] - delay: Delayed 2 second(s)

2018-06-10 20:15:04 - [MESSAGE][PASSED] - Delayed 2 second(s)

2018-06-10 20:15:04 - [TEST_STEP][PASSED] - Statement - If (java.lang.Integer.valueOf(StockQty) >= java.lang.Integer.valueOf(RequestedQty)): null

2018-06-10 20:15:04 - [TEST_STEP][PASSED] - delay: Delayed 1 second(s)

2018-06-10 20:15:05 - [MESSAGE][PASSED] - Delayed 1 second(s)

2018-06-10 20:15:05 - [TEST_STEP][PASSED] - setText: Text '10' is set on object 'Object Repository/Emergency/Page_Store/input_txtqty'

2018-06-10 20:15:05 - [MESSAGE][PASSED] - Text '10' is set on object 'Object Repository/Emergency/Page_Store/input_txtqty'

2018-06-10 20:15:05 - [TEST_STEP][PASSED] - click: Object: 'Object Repository/Emergency/Page_Store/button_Add' is clicked on

2018-06-10 20:15:05 - [MESSAGE][PASSED] - Object: 'Object Repository/Emergency/Page_Store/button_Add' is clicked on

2018-06-10 20:15:05 - [TEST_STEP][PASSED] - Statement - Break: null

2018-06-10 20:15:05 - [TEST_STEP][PASSED] - selectOptionByIndex: All options with index in [7] are selected on object 'Object Repository/Emergency/Page_Store/select_--Select--Amikacin -500'

2018-06-10 20:15:05 - [MESSAGE][PASSED] - All options with index in [7] are selected on object 'Object Repository/Emergency/Page_Store/select_--Select--Amikacin -500'

2018-06-10 20:15:05 - [TEST_STEP][PASSED] - delay: Delayed 2 second(s)

2018-06-10 20:15:07 - [MESSAGE][PASSED] - Delayed 2 second(s)

2018-06-10 20:15:07 - [TEST_STEP][PASSED] - Statement - RequestedQty = com.kms.katalon.core.webui.keyword.WebUiBuiltInKeywords.getAttribute(com.kms.katalon.core.testobject.ObjectRepository.findTestObject(Emergency/Page_Store/input_txttotal), "value"): Attribute 'value' of object 'Object Repository/Emergency/Page_Store/input_txttotal' is: '10'

2018-06-10 20:15:07 - [MESSAGE][PASSED] - Attribute 'value' of object 'Object Repository/Emergency/Page_Store/input_txttotal' is: '10'

2018-06-10 20:15:07 - [TEST_STEP][PASSED] - Statement - out.println("Requested QTY : " + RequestedQty): null

2018-06-10 20:15:07 - [TEST_STEP][PASSED] - Statement - BatchNumber = com.kms.katalon.core.webui.keyword.WebUiBuiltInKeywords.getNumberOfTotalOption(com.kms.katalon.core.testobject.ObjectRepository.findTestObject(Emergency/Page_Store/select_--Select--BA1150BA4110)): 4 options of object 'Object Repository/Emergency/Page_Store/select_--Select--BA1150BA4110' counted

2018-06-10 20:15:07 - [MESSAGE][PASSED] - 4 options of object 'Object Repository/Emergency/Page_Store/select_--Select--BA1150BA4110' counted

2018-06-10 20:15:07 - [TEST_STEP][PASSED] - Statement - For ([g = 1, g <= BatchNumber - 1, (g++)]): null

2018-06-10 20:15:07 - [TEST_STEP][PASSED] - selectOptionByIndex: All options with index in [1] are selected on object 'Object Repository/Emergency/Page_Store/select_--Select--BA1150BA4110'

2018-06-10 20:15:07 - [MESSAGE][PASSED] - All options with index in [1] are selected on object 'Object Repository/Emergency/Page_Store/select_--Select--BA1150BA4110'

2018-06-10 20:15:07 - [TEST_STEP][PASSED] - delay: Delayed 2 second(s)

2018-06-10 20:15:09 - [MESSAGE][PASSED] - Delayed 2 second(s)

2018-06-10 20:15:09 - [TEST_STEP][PASSED] - Statement - Try: null

2018-06-10 20:15:09 - [TEST_STEP][PASSED] - Statement - StockQty = com.kms.katalon.core.webui.keyword.WebUiBuiltInKeywords.getAttribute(com.kms.katalon.core.testobject.ObjectRepository.findTestObject(Emergency/Page_Store/input_txtprice), "value"): Attribute 'value' of object 'Object Repository/Emergency/Page_Store/input_txtprice' is: '385'

2018-06-10 20:15:09 - [MESSAGE][PASSED] - Attribute 'value' of object 'Object Repository/Emergency/Page_Store/input_txtprice' is: '385'

2018-06-10 20:15:09 - [TEST_STEP][PASSED] - Statement - out.println("Stock QTY : " + StockQty): null

2018-06-10 20:15:09 - [TEST_STEP][PASSED] - delay: Delayed 2 second(s)

2018-06-10 20:15:11 - [MESSAGE][PASSED] - Delayed 2 second(s)

2018-06-10 20:15:11 - [TEST_STEP][PASSED] - Statement - If (java.lang.Integer.valueOf(StockQty) >= java.lang.Integer.valueOf(RequestedQty)): null

2018-06-10 20:15:11 - [TEST_STEP][PASSED] - delay: Delayed 1 second(s)

2018-06-10 20:15:12 - [MESSAGE][PASSED] - Delayed 1 second(s)

2018-06-10 20:15:12 - [TEST_STEP][PASSED] - setText: Text '10' is set on object 'Object Repository/Emergency/Page_Store/input_txtqty'

2018-06-10 20:15:13 - [MESSAGE][PASSED] - Text '10' is set on object 'Object Repository/Emergency/Page_Store/input_txtqty'

2018-06-10 20:15:13 - [TEST_STEP][PASSED] - click: Object: 'Object Repository/Emergency/Page_Store/button_Add' is clicked on

2018-06-10 20:15:13 - [MESSAGE][PASSED] - Object: 'Object Repository/Emergency/Page_Store/button_Add' is clicked on

2018-06-10 20:15:13 - [TEST_STEP][PASSED] - Statement - Break: null

2018-06-10 20:15:13 - [TEST_STEP][PASSED] - selectOptionByIndex: All options with index in [8] are selected on object 'Object Repository/Emergency/Page_Store/select_--Select--Amikacin -500'

2018-06-10 20:15:13 - [MESSAGE][PASSED] - All options with index in [8] are selected on object 'Object Repository/Emergency/Page_Store/select_--Select--Amikacin -500'

2018-06-10 20:15:13 - [TEST_STEP][PASSED] - delay: Delayed 2 second(s)

2018-06-10 20:15:15 - [MESSAGE][PASSED] - Delayed 2 second(s)

2018-06-10 20:15:15 - [TEST_STEP][PASSED] - Statement - RequestedQty = com.kms.katalon.core.webui.keyword.WebUiBuiltInKeywords.getAttribute(com.kms.katalon.core.testobject.ObjectRepository.findTestObject(Emergency/Page_Store/input_txttotal), "value"): Attribute 'value' of object 'Object Repository/Emergency/Page_Store/input_txttotal' is: '10'

2018-06-10 20:15:15 - [MESSAGE][PASSED] - Attribute 'value' of object 'Object Repository/Emergency/Page_Store/input_txttotal' is: '10'

2018-06-10 20:15:15 - [TEST_STEP][PASSED] - Statement - out.println("Requested QTY : " + RequestedQty): null

2018-06-10 20:15:15 - [TEST_STEP][PASSED] - Statement - BatchNumber = com.kms.katalon.core.webui.keyword.WebUiBuiltInKeywords.getNumberOfTotalOption(com.kms.katalon.core.testobject.ObjectRepository.findTestObject(Emergency/Page_Store/select_--Select--BA1150BA4110)): 2 options of object 'Object Repository/Emergency/Page_Store/select_--Select--BA1150BA4110' counted

2018-06-10 20:15:15 - [MESSAGE][PASSED] - 2 options of object 'Object Repository/Emergency/Page_Store/select_--Select--BA1150BA4110' counted

2018-06-10 20:15:15 - [TEST_STEP][PASSED] - Statement - For ([g = 1, g <= BatchNumber - 1, (g++)]): null

2018-06-10 20:15:15 - [TEST_STEP][PASSED] - selectOptionByIndex: All options with index in [1] are selected on object 'Object Repository/Emergency/Page_Store/select_--Select--BA1150BA4110'

2018-06-10 20:15:15 - [MESSAGE][PASSED] - All options with index in [1] are selected on object 'Object Repository/Emergency/Page_Store/select_--Select--BA1150BA4110'

2018-06-10 20:15:15 - [TEST_STEP][PASSED] - delay: Delayed 2 second(s)

2018-06-10 20:15:17 - [MESSAGE][PASSED] - Delayed 2 second(s)

2018-06-10 20:15:17 - [TEST_STEP][PASSED] - Statement - Try: null

2018-06-10 20:15:17 - [TEST_STEP][PASSED] - Statement - StockQty = com.kms.katalon.core.webui.keyword.WebUiBuiltInKeywords.getAttribute(com.kms.katalon.core.testobject.ObjectRepository.findTestObject(Emergency/Page_Store/input_txtprice), "value"): Attribute 'value' of object 'Object Repository/Emergency/Page_Store/input_txtprice' is: '1520'

2018-06-10 20:15:17 - [MESSAGE][PASSED] - Attribute 'value' of object 'Object Repository/Emergency/Page_Store/input_txtprice' is: '1520'

2018-06-10 20:15:17 - [TEST_STEP][PASSED] - Statement - out.println("Stock QTY : " + StockQty): null

2018-06-10 20:15:17 - [TEST_STEP][PASSED] - delay: Delayed 2 second(s)

2018-06-10 20:15:19 - [MESSAGE][PASSED] - Delayed 2 second(s)

2018-06-10 20:15:19 - [TEST_STEP][PASSED] - Statement - If (java.lang.Integer.valueOf(StockQty) >= java.lang.Integer.valueOf(RequestedQty)): null

2018-06-10 20:15:19 - [TEST_STEP][PASSED] - delay: Delayed 1 second(s)

2018-06-10 20:15:20 - [MESSAGE][PASSED] - Delayed 1 second(s)

2018-06-10 20:15:20 - [TEST_STEP][PASSED] - setText: Text '10' is set on object 'Object Repository/Emergency/Page_Store/input_txtqty'

2018-06-10 20:15:20 - [MESSAGE][PASSED] - Text '10' is set on object 'Object Repository/Emergency/Page_Store/input_txtqty'

2018-06-10 20:15:20 - [TEST_STEP][PASSED] - click: Object: 'Object Repository/Emergency/Page_Store/button_Add' is clicked on

2018-06-10 20:15:20 - [MESSAGE][PASSED] - Object: 'Object Repository/Emergency/Page_Store/button_Add' is clicked on

2018-06-10 20:15:20 - [TEST_STEP][PASSED] - Statement - Break: null

2018-06-10 20:15:20 - [TEST_STEP][PASSED] - selectOptionByIndex: All options with index in [9] are selected on object 'Object Repository/Emergency/Page_Store/select_--Select--Amikacin -500'

2018-06-10 20:15:20 - [MESSAGE][PASSED] - All options with index in [9] are selected on object 'Object Repository/Emergency/Page_Store/select_--Select--Amikacin -500'

2018-06-10 20:15:20 - [TEST_STEP][PASSED] - delay: Delayed 2 second(s)

2018-06-10 20:15:22 - [MESSAGE][PASSED] - Delayed 2 second(s)

2018-06-10 20:15:22 - [TEST_STEP][PASSED] - Statement - RequestedQty = com.kms.katalon.core.webui.keyword.WebUiBuiltInKeywords.getAttribute(com.kms.katalon.core.testobject.ObjectRepository.findTestObject(Emergency/Page_Store/input_txttotal), "value"): Attribute 'value' of object 'Object Repository/Emergency/Page_Store/input_txttotal' is: '10'

2018-06-10 20:15:22 - [MESSAGE][PASSED] - Attribute 'value' of object 'Object Repository/Emergency/Page_Store/input_txttotal' is: '10'

2018-06-10 20:15:22 - [TEST_STEP][PASSED] - Statement - out.println("Requested QTY : " + RequestedQty): null

2018-06-10 20:15:22 - [TEST_STEP][PASSED] - Statement - BatchNumber = com.kms.katalon.core.webui.keyword.WebUiBuiltInKeywords.getNumberOfTotalOption(com.kms.katalon.core.testobject.ObjectRepository.findTestObject(Emergency/Page_Store/select_--Select--BA1150BA4110)): 4 options of object 'Object Repository/Emergency/Page_Store/select_--Select--BA1150BA4110' counted

2018-06-10 20:15:22 - [MESSAGE][PASSED] - 4 options of object 'Object Repository/Emergency/Page_Store/select_--Select--BA1150BA4110' counted

2018-06-10 20:15:22 - [TEST_STEP][PASSED] - Statement - For ([g = 1, g <= BatchNumber - 1, (g++)]): null

2018-06-10 20:15:22 - [TEST_STEP][PASSED] - selectOptionByIndex: All options with index in [1] are selected on object 'Object Repository/Emergency/Page_Store/select_--Select--BA1150BA4110'

2018-06-10 20:15:23 - [MESSAGE][PASSED] - All options with index in [1] are selected on object 'Object Repository/Emergency/Page_Store/select_--Select--BA1150BA4110'

2018-06-10 20:15:23 - [TEST_STEP][PASSED] - delay: Delayed 2 second(s)

2018-06-10 20:15:25 - [MESSAGE][PASSED] - Delayed 2 second(s)

2018-06-10 20:15:25 - [TEST_STEP][PASSED] - Statement - Try: null

2018-06-10 20:15:25 - [TEST_STEP][PASSED] - Statement - StockQty = com.kms.katalon.core.webui.keyword.WebUiBuiltInKeywords.getAttribute(com.kms.katalon.core.testobject.ObjectRepository.findTestObject(Emergency/Page_Store/input_txtprice), "value"): Attribute 'value' of object 'Object Repository/Emergency/Page_Store/input_txtprice' is: '375'

2018-06-10 20:15:25 - [MESSAGE][PASSED] - Attribute 'value' of object 'Object Repository/Emergency/Page_Store/input_txtprice' is: '375'

2018-06-10 20:15:25 - [TEST_STEP][PASSED] - Statement - out.println("Stock QTY : " + StockQty): null

2018-06-10 20:15:25 - [TEST_STEP][PASSED] - delay: Delayed 2 second(s)

2018-06-10 20:15:27 - [MESSAGE][PASSED] - Delayed 2 second(s)

2018-06-10 20:15:27 - [TEST_STEP][PASSED] - Statement - If (java.lang.Integer.valueOf(StockQty) >= java.lang.Integer.valueOf(RequestedQty)): null

2018-06-10 20:15:27 - [TEST_STEP][PASSED] - delay: Delayed 1 second(s)

2018-06-10 20:15:28 - [MESSAGE][PASSED] - Delayed 1 second(s)

2018-06-10 20:15:28 - [TEST_STEP][PASSED] - setText: Text '10' is set on object 'Object Repository/Emergency/Page_Store/input_txtqty'

2018-06-10 20:15:28 - [MESSAGE][PASSED] - Text '10' is set on object 'Object Repository/Emergency/Page_Store/input_txtqty'

2018-06-10 20:15:28 - [TEST_STEP][PASSED] - click: Object: 'Object Repository/Emergency/Page_Store/button_Add' is clicked on

2018-06-10 20:15:28 - [MESSAGE][PASSED] - Object: 'Object Repository/Emergency/Page_Store/button_Add' is clicked on

2018-06-10 20:15:28 - [TEST_STEP][PASSED] - Statement - Break: null

2018-06-10 20:15:28 - [TEST_STEP][PASSED] - selectOptionByIndex: All options with index in [10] are selected on object 'Object Repository/Emergency/Page_Store/select_--Select--Amikacin -500'

2018-06-10 20:15:28 - [MESSAGE][PASSED] - All options with index in [10] are selected on object 'Object Repository/Emergency/Page_Store/select_--Select--Amikacin -500'

2018-06-10 20:15:28 - [TEST_STEP][PASSED] - delay: Delayed 2 second(s)

2018-06-10 20:15:30 - [MESSAGE][PASSED] - Delayed 2 second(s)

2018-06-10 20:15:30 - [TEST_STEP][PASSED] - Statement - RequestedQty = com.kms.katalon.core.webui.keyword.WebUiBuiltInKeywords.getAttribute(com.kms.katalon.core.testobject.ObjectRepository.findTestObject(Emergency/Page_Store/input_txttotal), "value"): Attribute 'value' of object 'Object Repository/Emergency/Page_Store/input_txttotal' is: '10'

2018-06-10 20:15:30 - [MESSAGE][PASSED] - Attribute 'value' of object 'Object Repository/Emergency/Page_Store/input_txttotal' is: '10'

2018-06-10 20:15:30 - [TEST_STEP][PASSED] - Statement - out.println("Requested QTY : " + RequestedQty): null

2018-06-10 20:15:30 - [TEST_STEP][PASSED] - Statement - BatchNumber = com.kms.katalon.core.webui.keyword.WebUiBuiltInKeywords.getNumberOfTotalOption(com.kms.katalon.core.testobject.ObjectRepository.findTestObject(Emergency/Page_Store/select_--Select--BA1150BA4110)): 2 options of object 'Object Repository/Emergency/Page_Store/select_--Select--BA1150BA4110' counted

2018-06-10 20:15:30 - [MESSAGE][PASSED] - 2 options of object 'Object Repository/Emergency/Page_Store/select_--Select--BA1150BA4110' counted

2018-06-10 20:15:30 - [TEST_STEP][PASSED] - Statement - For ([g = 1, g <= BatchNumber - 1, (g++)]): null

2018-06-10 20:15:30 - [TEST_STEP][PASSED] - selectOptionByIndex: All options with index in [1] are selected on object 'Object Repository/Emergency/Page_Store/select_--Select--BA1150BA4110'

2018-06-10 20:15:30 - [MESSAGE][PASSED] - All options with index in [1] are selected on object 'Object Repository/Emergency/Page_Store/select_--Select--BA1150BA4110'

2018-06-10 20:15:30 - [TEST_STEP][PASSED] - delay: Delayed 2 second(s)

2018-06-10 20:15:32 - [MESSAGE][PASSED] - Delayed 2 second(s)

2018-06-10 20:15:32 - [TEST_STEP][PASSED] - Statement - Try: null

2018-06-10 20:15:32 - [TEST_STEP][PASSED] - Statement - StockQty = com.kms.katalon.core.webui.keyword.WebUiBuiltInKeywords.getAttribute(com.kms.katalon.core.testobject.ObjectRepository.findTestObject(Emergency/Page_Store/input_txtprice), "value"): Attribute 'value' of object 'Object Repository/Emergency/Page_Store/input_txtprice' is: '1080'

2018-06-10 20:15:32 - [MESSAGE][PASSED] - Attribute 'value' of object 'Object Repository/Emergency/Page_Store/input_txtprice' is: '1080'

2018-06-10 20:15:32 - [TEST_STEP][PASSED] - Statement - out.println("Stock QTY : " + StockQty): null

2018-06-10 20:15:32 - [TEST_STEP][PASSED] - delay: Delayed 2 second(s)

2018-06-10 20:15:34 - [MESSAGE][PASSED] - Delayed 2 second(s)

2018-06-10 20:15:34 - [TEST_STEP][PASSED] - Statement - If (java.lang.Integer.valueOf(StockQty) >= java.lang.Integer.valueOf(RequestedQty)): null

2018-06-10 20:15:34 - [TEST_STEP][PASSED] - delay: Delayed 1 second(s)

2018-06-10 20:15:35 - [MESSAGE][PASSED] - Delayed 1 second(s)

2018-06-10 20:15:35 - [TEST_STEP][PASSED] - setText: Text '10' is set on object 'Object Repository/Emergency/Page_Store/input_txtqty'

2018-06-10 20:15:35 - [MESSAGE][PASSED] - Text '10' is set on object 'Object Repository/Emergency/Page_Store/input_txtqty'

2018-06-10 20:15:35 - [TEST_STEP][PASSED] - click: Object: 'Object Repository/Emergency/Page_Store/button_Add' is clicked on

2018-06-10 20:15:35 - [MESSAGE][PASSED] - Object: 'Object Repository/Emergency/Page_Store/button_Add' is clicked on

2018-06-10 20:15:35 - [TEST_STEP][PASSED] - Statement - Break: null

2018-06-10 20:15:35 - [TEST_STEP][PASSED] - selectOptionByIndex: All options with index in [11] are selected on object 'Object Repository/Emergency/Page_Store/select_--Select--Amikacin -500'

2018-06-10 20:15:36 - [MESSAGE][PASSED] - All options with index in [11] are selected on object 'Object Repository/Emergency/Page_Store/select_--Select--Amikacin -500'

2018-06-10 20:15:36 - [TEST_STEP][PASSED] - delay: Delayed 2 second(s)

2018-06-10 20:15:38 - [MESSAGE][PASSED] - Delayed 2 second(s)

2018-06-10 20:15:38 - [TEST_STEP][PASSED] - Statement - RequestedQty = com.kms.katalon.core.webui.keyword.WebUiBuiltInKeywords.getAttribute(com.kms.katalon.core.testobject.ObjectRepository.findTestObject(Emergency/Page_Store/input_txttotal), "value"): Attribute 'value' of object 'Object Repository/Emergency/Page_Store/input_txttotal' is: '10'

2018-06-10 20:15:38 - [MESSAGE][PASSED] - Attribute 'value' of object 'Object Repository/Emergency/Page_Store/input_txttotal' is: '10'

2018-06-10 20:15:38 - [TEST_STEP][PASSED] - Statement - out.println("Requested QTY : " + RequestedQty): null

2018-06-10 20:15:38 - [TEST_STEP][PASSED] - Statement - BatchNumber = com.kms.katalon.core.webui.keyword.WebUiBuiltInKeywords.getNumberOfTotalOption(com.kms.katalon.core.testobject.ObjectRepository.findTestObject(Emergency/Page_Store/select_--Select--BA1150BA4110)): 3 options of object 'Object Repository/Emergency/Page_Store/select_--Select--BA1150BA4110' counted

2018-06-10 20:15:38 - [MESSAGE][PASSED] - 3 options of object 'Object Repository/Emergency/Page_Store/select_--Select--BA1150BA4110' counted

2018-06-10 20:15:38 - [TEST_STEP][PASSED] - Statement - For ([g = 1, g <= BatchNumber - 1, (g++)]): null

2018-06-10 20:15:38 - [TEST_STEP][PASSED] - selectOptionByIndex: All options with index in [1] are selected on object 'Object Repository/Emergency/Page_Store/select_--Select--BA1150BA4110'

2018-06-10 20:15:38 - [MESSAGE][PASSED] - All options with index in [1] are selected on object 'Object Repository/Emergency/Page_Store/select_--Select--BA1150BA4110'

2018-06-10 20:15:38 - [TEST_STEP][PASSED] - delay: Delayed 2 second(s)

2018-06-10 20:15:40 - [MESSAGE][PASSED] - Delayed 2 second(s)

2018-06-10 20:15:40 - [TEST_STEP][PASSED] - Statement - Try: null

2018-06-10 20:15:40 - [TEST_STEP][PASSED] - Statement - StockQty = com.kms.katalon.core.webui.keyword.WebUiBuiltInKeywords.getAttribute(com.kms.katalon.core.testobject.ObjectRepository.findTestObject(Emergency/Page_Store/input_txtprice), "value"): Attribute 'value' of object 'Object Repository/Emergency/Page_Store/input_txtprice' is: '555'

2018-06-10 20:15:40 - [MESSAGE][PASSED] - Attribute 'value' of object 'Object Repository/Emergency/Page_Store/input_txtprice' is: '555'

2018-06-10 20:15:40 - [TEST_STEP][PASSED] - Statement - out.println("Stock QTY : " + StockQty): null

2018-06-10 20:15:40 - [TEST_STEP][PASSED] - delay: Delayed 2 second(s)

2018-06-10 20:15:42 - [MESSAGE][PASSED] - Delayed 2 second(s)

2018-06-10 20:15:42 - [TEST_STEP][PASSED] - Statement - If (java.lang.Integer.valueOf(StockQty) >= java.lang.Integer.valueOf(RequestedQty)): null

2018-06-10 20:15:42 - [TEST_STEP][PASSED] - delay: Delayed 1 second(s)

2018-06-10 20:15:43 - [MESSAGE][PASSED] - Delayed 1 second(s)

2018-06-10 20:15:43 - [TEST_STEP][PASSED] - setText: Text '10' is set on object 'Object Repository/Emergency/Page_Store/input_txtqty'

2018-06-10 20:15:43 - [MESSAGE][PASSED] - Text '10' is set on object 'Object Repository/Emergency/Page_Store/input_txtqty'

2018-06-10 20:15:43 - [TEST_STEP][PASSED] - click: Object: 'Object Repository/Emergency/Page_Store/button_Add' is clicked on

2018-06-10 20:15:43 - [MESSAGE][PASSED] - Object: 'Object Repository/Emergency/Page_Store/button_Add' is clicked on

2018-06-10 20:15:43 - [TEST_STEP][PASSED] - Statement - Break: null

2018-06-10 20:15:43 - [TEST_STEP][PASSED] - selectOptionByIndex: All options with index in [12] are selected on object 'Object Repository/Emergency/Page_Store/select_--Select--Amikacin -500'

2018-06-10 20:15:43 - [MESSAGE][PASSED] - All options with index in [12] are selected on object 'Object Repository/Emergency/Page_Store/select_--Select--Amikacin -500'

2018-06-10 20:15:43 - [TEST_STEP][PASSED] - delay: Delayed 2 second(s)

2018-06-10 20:15:45 - [MESSAGE][PASSED] - Delayed 2 second(s)

2018-06-10 20:15:45 - [TEST_STEP][PASSED] - Statement - RequestedQty = com.kms.katalon.core.webui.keyword.WebUiBuiltInKeywords.getAttribute(com.kms.katalon.core.testobject.ObjectRepository.findTestObject(Emergency/Page_Store/input_txttotal), "value"): Attribute 'value' of object 'Object Repository/Emergency/Page_Store/input_txttotal' is: '10'

2018-06-10 20:15:45 - [MESSAGE][PASSED] - Attribute 'value' of object 'Object Repository/Emergency/Page_Store/input_txttotal' is: '10'

2018-06-10 20:15:45 - [TEST_STEP][PASSED] - Statement - out.println("Requested QTY : " + RequestedQty): null

2018-06-10 20:15:45 - [TEST_STEP][PASSED] - Statement - BatchNumber = com.kms.katalon.core.webui.keyword.WebUiBuiltInKeywords.getNumberOfTotalOption(com.kms.katalon.core.testobject.ObjectRepository.findTestObject(Emergency/Page_Store/select_--Select--BA1150BA4110)): 3 options of object 'Object Repository/Emergency/Page_Store/select_--Select--BA1150BA4110' counted

2018-06-10 20:15:45 - [MESSAGE][PASSED] - 3 options of object 'Object Repository/Emergency/Page_Store/select_--Select--BA1150BA4110' counted

2018-06-10 20:15:45 - [TEST_STEP][PASSED] - Statement - For ([g = 1, g <= BatchNumber - 1, (g++)]): null

2018-06-10 20:15:45 - [TEST_STEP][PASSED] - selectOptionByIndex: All options with index in [1] are selected on object 'Object Repository/Emergency/Page_Store/select_--Select--BA1150BA4110'

2018-06-10 20:15:45 - [MESSAGE][PASSED] - All options with index in [1] are selected on object 'Object Repository/Emergency/Page_Store/select_--Select--BA1150BA4110'

2018-06-10 20:15:45 - [TEST_STEP][PASSED] - delay: Delayed 2 second(s)

2018-06-10 20:15:47 - [MESSAGE][PASSED] - Delayed 2 second(s)

2018-06-10 20:15:47 - [TEST_STEP][PASSED] - Statement - Try: null

2018-06-10 20:15:47 - [TEST_STEP][PASSED] - Statement - StockQty = com.kms.katalon.core.webui.keyword.WebUiBuiltInKeywords.getAttribute(com.kms.katalon.core.testobject.ObjectRepository.findTestObject(Emergency/Page_Store/input_txtprice), "value"): Attribute 'value' of object 'Object Repository/Emergency/Page_Store/input_txtprice' is: '555'

2018-06-10 20:15:47 - [MESSAGE][PASSED] - Attribute 'value' of object 'Object Repository/Emergency/Page_Store/input_txtprice' is: '555'

2018-06-10 20:15:47 - [TEST_STEP][PASSED] - Statement - out.println("Stock QTY : " + StockQty): null

2018-06-10 20:15:47 - [TEST_STEP][PASSED] - delay: Delayed 2 second(s)

2018-06-10 20:15:49 - [MESSAGE][PASSED] - Delayed 2 second(s)

2018-06-10 20:15:49 - [TEST_STEP][PASSED] - Statement - If (java.lang.Integer.valueOf(StockQty) >= java.lang.Integer.valueOf(RequestedQty)): null

2018-06-10 20:15:49 - [TEST_STEP][PASSED] - delay: Delayed 1 second(s)

2018-06-10 20:15:50 - [MESSAGE][PASSED] - Delayed 1 second(s)

2018-06-10 20:15:50 - [TEST_STEP][PASSED] - setText: Text '10' is set on object 'Object Repository/Emergency/Page_Store/input_txtqty'

2018-06-10 20:15:51 - [MESSAGE][PASSED] - Text '10' is set on object 'Object Repository/Emergency/Page_Store/input_txtqty'

2018-06-10 20:15:51 - [TEST_STEP][PASSED] - click: Object: 'Object Repository/Emergency/Page_Store/button_Add' is clicked on

2018-06-10 20:15:51 - [MESSAGE][PASSED] - Object: 'Object Repository/Emergency/Page_Store/button_Add' is clicked on

2018-06-10 20:15:51 - [TEST_STEP][PASSED] - Statement - Break: null

2018-06-10 20:15:51 - [TEST_STEP][PASSED] - selectOptionByIndex: All options with index in [13] are selected on object 'Object Repository/Emergency/Page_Store/select_--Select--Amikacin -500'

2018-06-10 20:15:51 - [MESSAGE][PASSED] - All options with index in [13] are selected on object 'Object Repository/Emergency/Page_Store/select_--Select--Amikacin -500'

2018-06-10 20:15:51 - [TEST_STEP][PASSED] - delay: Delayed 2 second(s)

2018-06-10 20:15:53 - [MESSAGE][PASSED] - Delayed 2 second(s)

2018-06-10 20:15:53 - [TEST_STEP][PASSED] - Statement - RequestedQty = com.kms.katalon.core.webui.keyword.WebUiBuiltInKeywords.getAttribute(com.kms.katalon.core.testobject.ObjectRepository.findTestObject(Emergency/Page_Store/input_txttotal), "value"): Attribute 'value' of object 'Object Repository/Emergency/Page_Store/input_txttotal' is: '10'

2018-06-10 20:15:53 - [MESSAGE][PASSED] - Attribute 'value' of object 'Object Repository/Emergency/Page_Store/input_txttotal' is: '10'

2018-06-10 20:15:53 - [TEST_STEP][PASSED] - Statement - out.println("Requested QTY : " + RequestedQty): null

2018-06-10 20:15:53 - [TEST_STEP][PASSED] - Statement - BatchNumber = com.kms.katalon.core.webui.keyword.WebUiBuiltInKeywords.getNumberOfTotalOption(com.kms.katalon.core.testobject.ObjectRepository.findTestObject(Emergency/Page_Store/select_--Select--BA1150BA4110)): 4 options of object 'Object Repository/Emergency/Page_Store/select_--Select--BA1150BA4110' counted

2018-06-10 20:15:53 - [MESSAGE][PASSED] - 4 options of object 'Object Repository/Emergency/Page_Store/select_--Select--BA1150BA4110' counted

2018-06-10 20:15:53 - [TEST_STEP][PASSED] - Statement - For ([g = 1, g <= BatchNumber - 1, (g++)]): null

2018-06-10 20:15:53 - [TEST_STEP][PASSED] - selectOptionByIndex: All options with index in [1] are selected on object 'Object Repository/Emergency/Page_Store/select_--Select--BA1150BA4110'

2018-06-10 20:15:53 - [MESSAGE][PASSED] - All options with index in [1] are selected on object 'Object Repository/Emergency/Page_Store/select_--Select--BA1150BA4110'

2018-06-10 20:15:53 - [TEST_STEP][PASSED] - delay: Delayed 2 second(s)

2018-06-10 20:15:55 - [MESSAGE][PASSED] - Delayed 2 second(s)

2018-06-10 20:15:55 - [TEST_STEP][PASSED] - Statement - Try: null

2018-06-10 20:15:55 - [TEST_STEP][PASSED] - Statement - StockQty = com.kms.katalon.core.webui.keyword.WebUiBuiltInKeywords.getAttribute(com.kms.katalon.core.testobject.ObjectRepository.findTestObject(Emergency/Page_Store/input_txtprice), "value"): Attribute 'value' of object 'Object Repository/Emergency/Page_Store/input_txtprice' is: '320'

2018-06-10 20:15:55 - [MESSAGE][PASSED] - Attribute 'value' of object 'Object Repository/Emergency/Page_Store/input_txtprice' is: '320'

2018-06-10 20:15:55 - [TEST_STEP][PASSED] - Statement - out.println("Stock QTY : " + StockQty): null

2018-06-10 20:15:55 - [TEST_STEP][PASSED] - delay: Delayed 2 second(s)

2018-06-10 20:15:57 - [MESSAGE][PASSED] - Delayed 2 second(s)

2018-06-10 20:15:57 - [TEST_STEP][PASSED] - Statement - If (java.lang.Integer.valueOf(StockQty) >= java.lang.Integer.valueOf(RequestedQty)): null

2018-06-10 20:15:57 - [TEST_STEP][PASSED] - delay: Delayed 1 second(s)

2018-06-10 20:15:58 - [MESSAGE][PASSED] - Delayed 1 second(s)

2018-06-10 20:15:58 - [TEST_STEP][PASSED] - setText: Text '10' is set on object 'Object Repository/Emergency/Page_Store/input_txtqty'

2018-06-10 20:15:58 - [MESSAGE][PASSED] - Text '10' is set on object 'Object Repository/Emergency/Page_Store/input_txtqty'

2018-06-10 20:15:58 - [TEST_STEP][PASSED] - click: Object: 'Object Repository/Emergency/Page_Store/button_Add' is clicked on

2018-06-10 20:15:58 - [MESSAGE][PASSED] - Object: 'Object Repository/Emergency/Page_Store/button_Add' is clicked on

2018-06-10 20:15:58 - [TEST_STEP][PASSED] - Statement - Break: null

2018-06-10 20:15:58 - [TEST_STEP][PASSED] - selectOptionByIndex: All options with index in [14] are selected on object 'Object Repository/Emergency/Page_Store/select_--Select--Amikacin -500'

2018-06-10 20:15:58 - [MESSAGE][PASSED] - All options with index in [14] are selected on object 'Object Repository/Emergency/Page_Store/select_--Select--Amikacin -500'

2018-06-10 20:15:58 - [TEST_STEP][PASSED] - delay: Delayed 2 second(s)

2018-06-10 20:16:00 - [MESSAGE][PASSED] - Delayed 2 second(s)

2018-06-10 20:16:00 - [TEST_STEP][PASSED] - Statement - RequestedQty = com.kms.katalon.core.webui.keyword.WebUiBuiltInKeywords.getAttribute(com.kms.katalon.core.testobject.ObjectRepository.findTestObject(Emergency/Page_Store/input_txttotal), "value"): Attribute 'value' of object 'Object Repository/Emergency/Page_Store/input_txttotal' is: '10'

2018-06-10 20:16:01 - [MESSAGE][PASSED] - Attribute 'value' of object 'Object Repository/Emergency/Page_Store/input_txttotal' is: '10'

2018-06-10 20:16:01 - [TEST_STEP][PASSED] - Statement - out.println("Requested QTY : " + RequestedQty): null

2018-06-10 20:16:01 - [TEST_STEP][PASSED] - Statement - BatchNumber = com.kms.katalon.core.webui.keyword.WebUiBuiltInKeywords.getNumberOfTotalOption(com.kms.katalon.core.testobject.ObjectRepository.findTestObject(Emergency/Page_Store/select_--Select--BA1150BA4110)): 4 options of object 'Object Repository/Emergency/Page_Store/select_--Select--BA1150BA4110' counted

2018-06-10 20:16:01 - [MESSAGE][PASSED] - 4 options of object 'Object Repository/Emergency/Page_Store/select_--Select--BA1150BA4110' counted

2018-06-10 20:16:01 - [TEST_STEP][PASSED] - Statement - For ([g = 1, g <= BatchNumber - 1, (g++)]): null

2018-06-10 20:16:01 - [TEST_STEP][PASSED] - selectOptionByIndex: All options with index in [1] are selected on object 'Object Repository/Emergency/Page_Store/select_--Select--BA1150BA4110'

2018-06-10 20:16:01 - [MESSAGE][PASSED] - All options with index in [1] are selected on object 'Object Repository/Emergency/Page_Store/select_--Select--BA1150BA4110'

2018-06-10 20:16:01 - [TEST_STEP][PASSED] - delay: Delayed 2 second(s)

2018-06-10 20:16:03 - [MESSAGE][PASSED] - Delayed 2 second(s)

2018-06-10 20:16:03 - [TEST_STEP][PASSED] - Statement - Try: null

2018-06-10 20:16:03 - [TEST_STEP][PASSED] - Statement - StockQty = com.kms.katalon.core.webui.keyword.WebUiBuiltInKeywords.getAttribute(com.kms.katalon.core.testobject.ObjectRepository.findTestObject(Emergency/Page_Store/input_txtprice), "value"): Attribute 'value' of object 'Object Repository/Emergency/Page_Store/input_txtprice' is: '85'

2018-06-10 20:16:03 - [MESSAGE][PASSED] - Attribute 'value' of object 'Object Repository/Emergency/Page_Store/input_txtprice' is: '85'

2018-06-10 20:16:03 - [TEST_STEP][PASSED] - Statement - out.println("Stock QTY : " + StockQty): null

2018-06-10 20:16:03 - [TEST_STEP][PASSED] - delay: Delayed 2 second(s)

2018-06-10 20:16:05 - [MESSAGE][PASSED] - Delayed 2 second(s)

2018-06-10 20:16:05 - [TEST_STEP][PASSED] - Statement - If (java.lang.Integer.valueOf(StockQty) >= java.lang.Integer.valueOf(RequestedQty)): null

2018-06-10 20:16:05 - [TEST_STEP][PASSED] - delay: Delayed 1 second(s)

2018-06-10 20:16:06 - [MESSAGE][PASSED] - Delayed 1 second(s)

2018-06-10 20:16:06 - [TEST_STEP][PASSED] - setText: Text '10' is set on object 'Object Repository/Emergency/Page_Store/input_txtqty'

2018-06-10 20:16:06 - [MESSAGE][PASSED] - Text '10' is set on object 'Object Repository/Emergency/Page_Store/input_txtqty'

2018-06-10 20:16:06 - [TEST_STEP][PASSED] - click: Object: 'Object Repository/Emergency/Page_Store/button_Add' is clicked on

2018-06-10 20:16:06 - [MESSAGE][PASSED] - Object: 'Object Repository/Emergency/Page_Store/button_Add' is clicked on

2018-06-10 20:16:06 - [TEST_STEP][PASSED] - Statement - Break: null

2018-06-10 20:16:06 - [TEST_STEP][PASSED] - selectOptionByIndex: All options with index in [15] are selected on object 'Object Repository/Emergency/Page_Store/select_--Select--Amikacin -500'

2018-06-10 20:16:06 - [MESSAGE][PASSED] - All options with index in [15] are selected on object 'Object Repository/Emergency/Page_Store/select_--Select--Amikacin -500'

2018-06-10 20:16:06 - [TEST_STEP][PASSED] - delay: Delayed 2 second(s)

2018-06-10 20:16:08 - [MESSAGE][PASSED] - Delayed 2 second(s)

2018-06-10 20:16:08 - [TEST_STEP][PASSED] - Statement - RequestedQty = com.kms.katalon.core.webui.keyword.WebUiBuiltInKeywords.getAttribute(com.kms.katalon.core.testobject.ObjectRepository.findTestObject(Emergency/Page_Store/input_txttotal), "value"): Attribute 'value' of object 'Object Repository/Emergency/Page_Store/input_txttotal' is: '10'

2018-06-10 20:16:08 - [MESSAGE][PASSED] - Attribute 'value' of object 'Object Repository/Emergency/Page_Store/input_txttotal' is: '10'

2018-06-10 20:16:08 - [TEST_STEP][PASSED] - Statement - out.println("Requested QTY : " + RequestedQty): null

2018-06-10 20:16:08 - [TEST_STEP][PASSED] - Statement - BatchNumber = com.kms.katalon.core.webui.keyword.WebUiBuiltInKeywords.getNumberOfTotalOption(com.kms.katalon.core.testobject.ObjectRepository.findTestObject(Emergency/Page_Store/select_--Select--BA1150BA4110)): 2 options of object 'Object Repository/Emergency/Page_Store/select_--Select--BA1150BA4110' counted

2018-06-10 20:16:08 - [MESSAGE][PASSED] - 2 options of object 'Object Repository/Emergency/Page_Store/select_--Select--BA1150BA4110' counted

2018-06-10 20:16:08 - [TEST_STEP][PASSED] - Statement - For ([g = 1, g <= BatchNumber - 1, (g++)]): null

2018-06-10 20:16:08 - [TEST_STEP][PASSED] - selectOptionByIndex: All options with index in [1] are selected on object 'Object Repository/Emergency/Page_Store/select_--Select--BA1150BA4110'

2018-06-10 20:16:08 - [MESSAGE][PASSED] - All options with index in [1] are selected on object 'Object Repository/Emergency/Page_Store/select_--Select--BA1150BA4110'

2018-06-10 20:16:08 - [TEST_STEP][PASSED] - delay: Delayed 2 second(s)

2018-06-10 20:16:10 - [MESSAGE][PASSED] - Delayed 2 second(s)

2018-06-10 20:16:10 - [TEST_STEP][PASSED] - Statement - Try: null

2018-06-10 20:16:10 - [TEST_STEP][PASSED] - Statement - StockQty = com.kms.katalon.core.webui.keyword.WebUiBuiltInKeywords.getAttribute(com.kms.katalon.core.testobject.ObjectRepository.findTestObject(Emergency/Page_Store/input_txtprice), "value"): Attribute 'value' of object 'Object Repository/Emergency/Page_Store/input_txtprice' is: '2510'

2018-06-10 20:16:10 - [MESSAGE][PASSED] - Attribute 'value' of object 'Object Repository/Emergency/Page_Store/input_txtprice' is: '2510'

2018-06-10 20:16:10 - [TEST_STEP][PASSED] - Statement - out.println("Stock QTY : " + StockQty): null

2018-06-10 20:16:10 - [TEST_STEP][PASSED] - delay: Delayed 2 second(s)

2018-06-10 20:16:12 - [MESSAGE][PASSED] - Delayed 2 second(s)

2018-06-10 20:16:12 - [TEST_STEP][PASSED] - Statement - If (java.lang.Integer.valueOf(StockQty) >= java.lang.Integer.valueOf(RequestedQty)): null

2018-06-10 20:16:12 - [TEST_STEP][PASSED] - delay: Delayed 1 second(s)

2018-06-10 20:16:13 - [MESSAGE][PASSED] - Delayed 1 second(s)

2018-06-10 20:16:13 - [TEST_STEP][PASSED] - setText: Text '10' is set on object 'Object Repository/Emergency/Page_Store/input_txtqty'

2018-06-10 20:16:13 - [MESSAGE][PASSED] - Text '10' is set on object 'Object Repository/Emergency/Page_Store/input_txtqty'

2018-06-10 20:16:13 - [TEST_STEP][PASSED] - click: Object: 'Object Repository/Emergency/Page_Store/button_Add' is clicked on

2018-06-10 20:16:14 - [MESSAGE][PASSED] - Object: 'Object Repository/Emergency/Page_Store/button_Add' is clicked on

2018-06-10 20:16:14 - [TEST_STEP][PASSED] - Statement - Break: null

2018-06-10 20:16:14 - [TEST_STEP][PASSED] - selectOptionByIndex: All options with index in [16] are selected on object 'Object Repository/Emergency/Page_Store/select_--Select--Amikacin -500'

2018-06-10 20:16:14 - [MESSAGE][PASSED] - All options with index in [16] are selected on object 'Object Repository/Emergency/Page_Store/select_--Select--Amikacin -500'

2018-06-10 20:16:14 - [TEST_STEP][PASSED] - delay: Delayed 2 second(s)

2018-06-10 20:16:16 - [MESSAGE][PASSED] - Delayed 2 second(s)

2018-06-10 20:16:16 - [TEST_STEP][PASSED] - Statement - RequestedQty = com.kms.katalon.core.webui.keyword.WebUiBuiltInKeywords.getAttribute(com.kms.katalon.core.testobject.ObjectRepository.findTestObject(Emergency/Page_Store/input_txttotal), "value"): Attribute 'value' of object 'Object Repository/Emergency/Page_Store/input_txttotal' is: '10'

2018-06-10 20:16:16 - [MESSAGE][PASSED] - Attribute 'value' of object 'Object Repository/Emergency/Page_Store/input_txttotal' is: '10'

2018-06-10 20:16:16 - [TEST_STEP][PASSED] - Statement - out.println("Requested QTY : " + RequestedQty): null

2018-06-10 20:16:16 - [TEST_STEP][PASSED] - Statement - BatchNumber = com.kms.katalon.core.webui.keyword.WebUiBuiltInKeywords.getNumberOfTotalOption(com.kms.katalon.core.testobject.ObjectRepository.findTestObject(Emergency/Page_Store/select_--Select--BA1150BA4110)): 3 options of object 'Object Repository/Emergency/Page_Store/select_--Select--BA1150BA4110' counted

2018-06-10 20:16:16 - [MESSAGE][PASSED] - 3 options of object 'Object Repository/Emergency/Page_Store/select_--Select--BA1150BA4110' counted

2018-06-10 20:16:16 - [TEST_STEP][PASSED] - Statement - For ([g = 1, g <= BatchNumber - 1, (g++)]): null

2018-06-10 20:16:16 - [TEST_STEP][PASSED] - selectOptionByIndex: All options with index in [1] are selected on object 'Object Repository/Emergency/Page_Store/select_--Select--BA1150BA4110'

2018-06-10 20:16:16 - [MESSAGE][PASSED] - All options with index in [1] are selected on object 'Object Repository/Emergency/Page_Store/select_--Select--BA1150BA4110'

2018-06-10 20:16:16 - [TEST_STEP][PASSED] - delay: Delayed 2 second(s)

2018-06-10 20:16:18 - [MESSAGE][PASSED] - Delayed 2 second(s)

2018-06-10 20:16:18 - [TEST_STEP][PASSED] - Statement - Try: null

2018-06-10 20:16:18 - [TEST_STEP][PASSED] - Statement - StockQty = com.kms.katalon.core.webui.keyword.WebUiBuiltInKeywords.getAttribute(com.kms.katalon.core.testobject.ObjectRepository.findTestObject(Emergency/Page_Store/input_txtprice), "value"): Attribute 'value' of object 'Object Repository/Emergency/Page_Store/input_txtprice' is: '555'

2018-06-10 20:16:18 - [MESSAGE][PASSED] - Attribute 'value' of object 'Object Repository/Emergency/Page_Store/input_txtprice' is: '555'

2018-06-10 20:16:18 - [TEST_STEP][PASSED] - Statement - out.println("Stock QTY : " + StockQty): null

2018-06-10 20:16:18 - [TEST_STEP][PASSED] - delay: Delayed 2 second(s)

2018-06-10 20:16:20 - [MESSAGE][PASSED] - Delayed 2 second(s)

2018-06-10 20:16:20 - [TEST_STEP][PASSED] - Statement - If (java.lang.Integer.valueOf(StockQty) >= java.lang.Integer.valueOf(RequestedQty)): null

2018-06-10 20:16:20 - [TEST_STEP][PASSED] - delay: Delayed 1 second(s)

2018-06-10 20:16:21 - [MESSAGE][PASSED] - Delayed 1 second(s)

2018-06-10 20:16:21 - [TEST_STEP][PASSED] - setText: Text '10' is set on object 'Object Repository/Emergency/Page_Store/input_txtqty'

2018-06-10 20:16:21 - [MESSAGE][PASSED] - Text '10' is set on object 'Object Repository/Emergency/Page_Store/input_txtqty'

2018-06-10 20:16:21 - [TEST_STEP][PASSED] - click: Object: 'Object Repository/Emergency/Page_Store/button_Add' is clicked on

2018-06-10 20:16:21 - [MESSAGE][PASSED] - Object: 'Object Repository/Emergency/Page_Store/button_Add' is clicked on

2018-06-10 20:16:21 - [TEST_STEP][PASSED] - Statement - Break: null

2018-06-10 20:16:21 - [TEST_STEP][PASSED] - selectOptionByIndex: All options with index in [17] are selected on object 'Object Repository/Emergency/Page_Store/select_--Select--Amikacin -500'

2018-06-10 20:16:21 - [MESSAGE][PASSED] - All options with index in [17] are selected on object 'Object Repository/Emergency/Page_Store/select_--Select--Amikacin -500'

2018-06-10 20:16:21 - [TEST_STEP][PASSED] - delay: Delayed 2 second(s)

2018-06-10 20:16:23 - [MESSAGE][PASSED] - Delayed 2 second(s)

2018-06-10 20:16:23 - [TEST_STEP][PASSED] - Statement - RequestedQty = com.kms.katalon.core.webui.keyword.WebUiBuiltInKeywords.getAttribute(com.kms.katalon.core.testobject.ObjectRepository.findTestObject(Emergency/Page_Store/input_txttotal), "value"): Attribute 'value' of object 'Object Repository/Emergency/Page_Store/input_txttotal' is: '10'

2018-06-10 20:16:23 - [MESSAGE][PASSED] - Attribute 'value' of object 'Object Repository/Emergency/Page_Store/input_txttotal' is: '10'

2018-06-10 20:16:23 - [TEST_STEP][PASSED] - Statement - out.println("Requested QTY : " + RequestedQty): null

2018-06-10 20:16:23 - [TEST_STEP][PASSED] - Statement - BatchNumber = com.kms.katalon.core.webui.keyword.WebUiBuiltInKeywords.getNumberOfTotalOption(com.kms.katalon.core.testobject.ObjectRepository.findTestObject(Emergency/Page_Store/select_--Select--BA1150BA4110)): 3 options of object 'Object Repository/Emergency/Page_Store/select_--Select--BA1150BA4110' counted

2018-06-10 20:16:24 - [MESSAGE][PASSED] - 3 options of object 'Object Repository/Emergency/Page_Store/select_--Select--BA1150BA4110' counted

2018-06-10 20:16:24 - [TEST_STEP][PASSED] - Statement - For ([g = 1, g <= BatchNumber - 1, (g++)]): null

2018-06-10 20:16:24 - [TEST_STEP][PASSED] - selectOptionByIndex: All options with index in [1] are selected on object 'Object Repository/Emergency/Page_Store/select_--Select--BA1150BA4110'

2018-06-10 20:16:24 - [MESSAGE][PASSED] - All options with index in [1] are selected on object 'Object Repository/Emergency/Page_Store/select_--Select--BA1150BA4110'

2018-06-10 20:16:24 - [TEST_STEP][PASSED] - delay: Delayed 2 second(s)

2018-06-10 20:16:26 - [MESSAGE][PASSED] - Delayed 2 second(s)

2018-06-10 20:16:26 - [TEST_STEP][PASSED] - Statement - Try: null

2018-06-10 20:16:26 - [TEST_STEP][PASSED] - Statement - StockQty = com.kms.katalon.core.webui.keyword.WebUiBuiltInKeywords.getAttribute(com.kms.katalon.core.testobject.ObjectRepository.findTestObject(Emergency/Page_Store/input_txtprice), "value"): Attribute 'value' of object 'Object Repository/Emergency/Page_Store/input_txtprice' is: '385'

2018-06-10 20:16:26 - [MESSAGE][PASSED] - Attribute 'value' of object 'Object Repository/Emergency/Page_Store/input_txtprice' is: '385'

2018-06-10 20:16:26 - [TEST_STEP][PASSED] - Statement - out.println("Stock QTY : " + StockQty): null

2018-06-10 20:16:26 - [TEST_STEP][PASSED] - delay: Delayed 2 second(s)

2018-06-10 20:16:28 - [MESSAGE][PASSED] - Delayed 2 second(s)

2018-06-10 20:16:28 - [TEST_STEP][PASSED] - Statement - If (java.lang.Integer.valueOf(StockQty) >= java.lang.Integer.valueOf(RequestedQty)): null

2018-06-10 20:16:28 - [TEST_STEP][PASSED] - delay: Delayed 1 second(s)

2018-06-10 20:16:29 - [MESSAGE][PASSED] - Delayed 1 second(s)

2018-06-10 20:16:29 - [TEST_STEP][PASSED] - setText: Text '10' is set on object 'Object Repository/Emergency/Page_Store/input_txtqty'

2018-06-10 20:16:29 - [MESSAGE][PASSED] - Text '10' is set on object 'Object Repository/Emergency/Page_Store/input_txtqty'

2018-06-10 20:16:29 - [TEST_STEP][PASSED] - click: Object: 'Object Repository/Emergency/Page_Store/button_Add' is clicked on

2018-06-10 20:16:29 - [MESSAGE][PASSED] - Object: 'Object Repository/Emergency/Page_Store/button_Add' is clicked on

2018-06-10 20:16:29 - [TEST_STEP][PASSED] - Statement - Break: null

2018-06-10 20:16:29 - [TEST_STEP][PASSED] - selectOptionByIndex: All options with index in [18] are selected on object 'Object Repository/Emergency/Page_Store/select_--Select--Amikacin -500'

2018-06-10 20:16:29 - [MESSAGE][PASSED] - All options with index in [18] are selected on object 'Object Repository/Emergency/Page_Store/select_--Select--Amikacin -500'

2018-06-10 20:16:29 - [TEST_STEP][PASSED] - delay: Delayed 2 second(s)

2018-06-10 20:16:31 - [MESSAGE][PASSED] - Delayed 2 second(s)

2018-06-10 20:16:31 - [TEST_STEP][PASSED] - Statement - RequestedQty = com.kms.katalon.core.webui.keyword.WebUiBuiltInKeywords.getAttribute(com.kms.katalon.core.testobject.ObjectRepository.findTestObject(Emergency/Page_Store/input_txttotal), "value"): Attribute 'value' of object 'Object Repository/Emergency/Page_Store/input_txttotal' is: '10'

2018-06-10 20:16:31 - [MESSAGE][PASSED] - Attribute 'value' of object 'Object Repository/Emergency/Page_Store/input_txttotal' is: '10'

2018-06-10 20:16:31 - [TEST_STEP][PASSED] - Statement - out.println("Requested QTY : " + RequestedQty): null

2018-06-10 20:16:31 - [TEST_STEP][PASSED] - Statement - BatchNumber = com.kms.katalon.core.webui.keyword.WebUiBuiltInKeywords.getNumberOfTotalOption(com.kms.katalon.core.testobject.ObjectRepository.findTestObject(Emergency/Page_Store/select_--Select--BA1150BA4110)): 3 options of object 'Object Repository/Emergency/Page_Store/select_--Select--BA1150BA4110' counted

2018-06-10 20:16:31 - [MESSAGE][PASSED] - 3 options of object 'Object Repository/Emergency/Page_Store/select_--Select--BA1150BA4110' counted

2018-06-10 20:16:31 - [TEST_STEP][PASSED] - Statement - For ([g = 1, g <= BatchNumber - 1, (g++)]): null

2018-06-10 20:16:31 - [TEST_STEP][PASSED] - selectOptionByIndex: All options with index in [1] are selected on object 'Object Repository/Emergency/Page_Store/select_--Select--BA1150BA4110'

2018-06-10 20:16:31 - [MESSAGE][PASSED] - All options with index in [1] are selected on object 'Object Repository/Emergency/Page_Store/select_--Select--BA1150BA4110'

2018-06-10 20:16:31 - [TEST_STEP][PASSED] - delay: Delayed 2 second(s)

2018-06-10 20:16:33 - [MESSAGE][PASSED] - Delayed 2 second(s)

2018-06-10 20:16:33 - [TEST_STEP][PASSED] - Statement - Try: null

2018-06-10 20:16:33 - [TEST_STEP][PASSED] - Statement - StockQty = com.kms.katalon.core.webui.keyword.WebUiBuiltInKeywords.getAttribute(com.kms.katalon.core.testobject.ObjectRepository.findTestObject(Emergency/Page_Store/input_txtprice), "value"): Attribute 'value' of object 'Object Repository/Emergency/Page_Store/input_txtprice' is: '555'

2018-06-10 20:16:33 - [MESSAGE][PASSED] - Attribute 'value' of object 'Object Repository/Emergency/Page_Store/input_txtprice' is: '555'

2018-06-10 20:16:33 - [TEST_STEP][PASSED] - Statement - out.println("Stock QTY : " + StockQty): null

2018-06-10 20:16:33 - [TEST_STEP][PASSED] - delay: Delayed 2 second(s)

2018-06-10 20:16:35 - [MESSAGE][PASSED] - Delayed 2 second(s)

2018-06-10 20:16:35 - [TEST_STEP][PASSED] - Statement - If (java.lang.Integer.valueOf(StockQty) >= java.lang.Integer.valueOf(RequestedQty)): null

2018-06-10 20:16:35 - [TEST_STEP][PASSED] - delay: Delayed 1 second(s)

2018-06-10 20:16:36 - [MESSAGE][PASSED] - Delayed 1 second(s)

2018-06-10 20:16:36 - [TEST_STEP][PASSED] - setText: Text '10' is set on object 'Object Repository/Emergency/Page_Store/input_txtqty'

2018-06-10 20:16:36 - [MESSAGE][PASSED] - Text '10' is set on object 'Object Repository/Emergency/Page_Store/input_txtqty'

2018-06-10 20:16:36 - [TEST_STEP][PASSED] - click: Object: 'Object Repository/Emergency/Page_Store/button_Add' is clicked on

2018-06-10 20:16:37 - [MESSAGE][PASSED] - Object: 'Object Repository/Emergency/Page_Store/button_Add' is clicked on

2018-06-10 20:16:37 - [TEST_STEP][PASSED] - Statement - Break: null

2018-06-10 20:16:37 - [TEST_STEP][PASSED] - scrollToElement: Scroll to object 'Object Repository/Emergency/Page_Store/input_btnSubmit' successfully

2018-06-10 20:16:37 - [MESSAGE][PASSED] - Scroll to object 'Object Repository/Emergency/Page_Store/input_btnSubmit' successfully

2018-06-10 20:16:37 - [TEST_STEP][PASSED] - Statement - Try: Object: 'Object Repository/lab/Page_Store/button_OK' is clicked on

2018-06-10 20:16:37 - [TEST_STEP][PASSED] - click: Object: 'Object Repository/Emergency/Page_Store/input_btnSubmit' is clicked on

2018-06-10 20:16:37 - [MESSAGE][PASSED] - Object: 'Object Repository/Emergency/Page_Store/input_btnSubmit' is clicked on

2018-06-10 20:16:37 - [TEST_STEP][PASSED] - delay: Delayed 3 second(s)

2018-06-10 20:16:40 - [MESSAGE][PASSED] - Delayed 3 second(s)

2018-06-10 20:16:40 - [TEST_STEP][PASSED] - click: Object: 'Object Repository/lab/Page_Store/button_OK' is clicked on

2018-06-10 20:16:41 - [MESSAGE][PASSED] - Object: 'Object Repository/lab/Page_Store/button_OK' is clicked on

2018-06-10 20:16:41 - [TEST_STEP][PASSED] - delay: Delayed 3 second(s)

2018-06-10 20:16:44 - [MESSAGE][PASSED] - Delayed 3 second(s)

2018-06-10 20:16:44 - [TEST_STEP][PASSED] - click: Object: 'Object Repository/Emergency/Page_Store/a_dropdown-toggle' is clicked on

2018-06-10 20:16:44 - [MESSAGE][PASSED] - Object: 'Object Repository/Emergency/Page_Store/a_dropdown-toggle' is clicked on

2018-06-10 20:16:44 - [TEST_STEP][PASSED] - click: Object: 'Object Repository/Emergency/Page_Store/a_Sign out' is clicked on

2018-06-10 20:16:44 - [MESSAGE][PASSED] - Object: 'Object Repository/Emergency/Page_Store/a_Sign out' is clicked on

2018-06-10 20:16:44 - [TEST_STEP][PASSED] - closeBrowser: Browser is closed

2018-06-10 20:16:45 - [MESSAGE][PASSED] - Browser is closed

2018-06-10 20:16:45 - [TEST_STEP][PASSED] - Statement - out.println("Schedule 12 Emergency Request Are Working Successfully"): null]]></system-out>
         <system-err><![CDATA[]]></system-err>
      </testcase>
      <system-out><![CDATA[2018-06-10 19:39:25 - [TEST_SUITE][PASSED] - Emergency_Suite: Test Cases/EMERGENCY TEST CASES/TC_ER_007 Verify Schedule 12 Emergency  Request Are Working Successfully Or Not]]></system-out>
      <system-err><![CDATA[]]></system-err>
   </testsuite>
</testsuites>
