<?xml version="1.0" encoding="UTF-8"?>
<testsuites name="Dispensary_Cms_Suite" time="2896" tests="6" failures="4" errors="2">
   <testsuite name="Dispensary_Cms_Suite" tests="6" failures="4" errors="2" time="2896" timestamp="2018-05-31 13:41:56" hostname="Quality Analyst - DESKTOP-BLFTK83" id="Test Suites/Dispensary_Cms_Suite">
      <properties>
         <property name="deviceName" value=""/>
         <property name="devicePlatform" value=""/>
         <property name="logFolder" value="C:\\Users\\Quality Analyst\\Katalon Studio\\ds\\Reports\\Dispensary_Cms_Suite\\20180531_134142"/>
         <property name="logFiles" value="C:\\Users\\Quality Analyst\\Katalon Studio\\ds\\Reports\\Dispensary_Cms_Suite\\20180531_134142\\execution0.log, C:\\Users\\Quality Analyst\\Katalon Studio\\ds\\Reports\\Dispensary_Cms_Suite\\20180531_134142\\execution1.log"/>
         <property name="attachments" value="C:\\Users\\Quality Analyst\\Katalon Studio\\ds\\Reports\\Dispensary_Cms_Suite\\20180531_134142\\1527754546820.png, C:\\Users\\Quality Analyst\\Katalon Studio\\ds\\Reports\\Dispensary_Cms_Suite\\20180531_134142\\1527754810122.png, C:\\Users\\Quality Analyst\\Katalon Studio\\ds\\Reports\\Dispensary_Cms_Suite\\20180531_134142\\1527755484179.png, C:\\Users\\Quality Analyst\\Katalon Studio\\ds\\Reports\\Dispensary_Cms_Suite\\20180531_134142\\1527757002825.png"/>
         <property name="hostName" value="Quality Analyst - DESKTOP-BLFTK83"/>
         <property name="os" value="Windows 10 64bit"/>
         <property name="katalonVersion" value="5.4.2.1"/>
         <property name="browser" value="Chrome 66.0.3359.181"/>
         <property name="hostAddress" value="169.254.189.85"/>
         <property name="sessionId" value="f5022c1e8cd4adc062a282b8ce92223d"/>
         <property name="seleniumVersion" value="3.7.1"/>
         <property name="proxyInformation" value="ProxyInformation{proxyOption=NO_PROXY, proxyServerType=HTTP, password=, proxyServerAddress=, proxyServerPort=0}"/>
         <property name="platform" value="Windows 10"/>
      </properties>
      <testcase name="Test Cases/DISPENSARY TEST CASES/TC_DP_013 Verify Schedule 1 Dispensary To CMS Request Are Working Successfully Or Not" classname="Test Cases/DISPENSARY TEST CASES/TC_DP_013 Verify Schedule 1 Dispensary To CMS Request Are Working Successfully Or Not" status="FAILED">
         <failure type="FAILED" message="Unable to get text of object 'Object Repository/DispensaryToCms/Page_Dispensary Store/font_PRNO18052018174' (Root cause: com.kms.katalon.core.webui.exception.WebElementNotFoundException: Web element with id: 'Object Repository/DispensaryToCms/Page_Dispensary Store/font_PRNO18052018174' located by 'By.xpath: /html[1]/body[@class=&quot;skin-blue  pace-done modal-open&quot;]/div[@class=&quot;bootbox modal fade bootbox-alert in&quot;]/div[@class=&quot;modal-dialog&quot;]/div[@class=&quot;modal-content&quot;]/div[@class=&quot;modal-body&quot;]/div[@class=&quot;bootbox-body&quot;]/b[1]/font[1]' not found)"/>
         <system-out><![CDATA[2018-05-31 13:41:56 - [TEST_CASE][FAILED] - Test Cases/DISPENSARY TEST CASES/TC_DP_013 Verify Schedule 1 Dispensary To CMS Request Are Working Successfully Or Not: Test Cases/DISPENSARY TEST CASES/TC_DP_013 Verify Schedule 1 Dispensary To CMS Request Are Working Successfully Or Not FAILED because (of) Unable to get text of object 'Object Repository/DispensaryToCms/Page_Dispensary Store/font_PRNO18052018174' (Root cause: com.kms.katalon.core.webui.exception.WebElementNotFoundException: Web element with id: 'Object Repository/DispensaryToCms/Page_Dispensary Store/font_PRNO18052018174' located by 'By.xpath: /html[1]/body[@class="skin-blue  pace-done modal-open"]/div[@class="bootbox modal fade bootbox-alert in"]/div[@class="modal-dialog"]/div[@class="modal-content"]/div[@class="modal-body"]/div[@class="bootbox-body"]/b[1]/font[1]' not found)

2018-05-31 13:41:57 - [TEST_STEP][PASSED] - openBrowser: Browser is opened with url: ''

2018-05-31 13:42:00 - [MESSAGE][PASSED] - Browser is opened with url: ''

2018-05-31 13:42:00 - [TEST_STEP][PASSED] - navigateToUrl: Navigate to 'http://192.168.137.1/multihospital_new/HDSplashscreen.aspx' successfully

2018-05-31 13:42:02 - [MESSAGE][PASSED] - Navigate to 'http://192.168.137.1/multihospital_new/HDSplashscreen.aspx' successfully

2018-05-31 13:42:02 - [TEST_STEP][PASSED] - maximizeWindow: Current window maximized

2018-05-31 13:42:03 - [MESSAGE][PASSED] - Current window maximized

2018-05-31 13:42:03 - [TEST_STEP][PASSED] - click: Object: 'Object Repository/DispensaryToCms/Page_KDMC/a_Dispensary Store' is clicked on

2018-05-31 13:42:04 - [MESSAGE][PASSED] - Object: 'Object Repository/DispensaryToCms/Page_KDMC/a_Dispensary Store' is clicked on

2018-05-31 13:42:04 - [TEST_STEP][PASSED] - setText: Text 'rajaram' is set on object 'Object Repository/DispensaryToCms/Page_Dispensary Store Login/input_txtusername'

2018-05-31 13:42:04 - [MESSAGE][PASSED] - Text 'rajaram' is set on object 'Object Repository/DispensaryToCms/Page_Dispensary Store Login/input_txtusername'

2018-05-31 13:42:04 - [TEST_STEP][PASSED] - setText: Text '123' is set on object 'Object Repository/DispensaryToCms/Page_Dispensary Store Login/input_txtpassword'

2018-05-31 13:42:04 - [MESSAGE][PASSED] - Text '123' is set on object 'Object Repository/DispensaryToCms/Page_Dispensary Store Login/input_txtpassword'

2018-05-31 13:42:04 - [TEST_STEP][PASSED] - delay: Delayed 3 second(s)

2018-05-31 13:42:07 - [MESSAGE][PASSED] - Delayed 3 second(s)

2018-05-31 13:42:07 - [TEST_STEP][PASSED] - click: Object: 'Object Repository/DispensaryToCms/Page_Dispensary Store Login/button_Sign in' is clicked on

2018-05-31 13:42:08 - [MESSAGE][PASSED] - Object: 'Object Repository/DispensaryToCms/Page_Dispensary Store Login/button_Sign in' is clicked on

2018-05-31 13:42:08 - [TEST_STEP][PASSED] - delay: Delayed 3 second(s)

2018-05-31 13:42:11 - [MESSAGE][PASSED] - Delayed 3 second(s)

2018-05-31 13:42:11 - [TEST_STEP][PASSED] - click: Object: 'Object Repository/DispensaryToCms/Page_Dispensary Store/a_CMS' is clicked on

2018-05-31 13:42:11 - [MESSAGE][PASSED] - Object: 'Object Repository/DispensaryToCms/Page_Dispensary Store/a_CMS' is clicked on

2018-05-31 13:42:11 - [TEST_STEP][PASSED] - delay: Delayed 2 second(s)

2018-05-31 13:42:13 - [MESSAGE][PASSED] - Delayed 2 second(s)

2018-05-31 13:42:13 - [TEST_STEP][PASSED] - click: Object: 'Object Repository/DispensaryToCms/Page_Dispensary Store/a_Request Send' is clicked on

2018-05-31 13:42:14 - [MESSAGE][PASSED] - Object: 'Object Repository/DispensaryToCms/Page_Dispensary Store/a_Request Send' is clicked on

2018-05-31 13:42:14 - [TEST_STEP][PASSED] - delay: Delayed 2 second(s)

2018-05-31 13:42:16 - [MESSAGE][PASSED] - Delayed 2 second(s)

2018-05-31 13:42:16 - [TEST_STEP][PASSED] - selectOptionByIndex: All options with index in [2] are selected on object 'Object Repository/DispensaryToCms/Page_Dispensary Store/select_--Select--'

2018-05-31 13:42:16 - [MESSAGE][PASSED] - All options with index in [2] are selected on object 'Object Repository/DispensaryToCms/Page_Dispensary Store/select_--Select--'

2018-05-31 13:42:16 - [TEST_STEP][PASSED] - selectOptionByIndex: All options with index in [1] are selected on object 'Object Repository/DispensaryToCms/Page_Dispensary Store/select_--Select--Schedule 1Inj'

2018-05-31 13:42:16 - [MESSAGE][PASSED] - All options with index in [1] are selected on object 'Object Repository/DispensaryToCms/Page_Dispensary Store/select_--Select--Schedule 1Inj'

2018-05-31 13:42:16 - [TEST_STEP][PASSED] - Statement - medicineslength = com.kms.katalon.core.webui.keyword.WebUiBuiltInKeywords.getNumberOfTotalOption(com.kms.katalon.core.testobject.ObjectRepository.findTestObject(DispensaryToCms/Page_Dispensary Store/select_--Select--Adernaline 0.)): 63 options of object 'Object Repository/DispensaryToCms/Page_Dispensary Store/select_--Select--Adernaline 0.' counted

2018-05-31 13:42:16 - [MESSAGE][PASSED] - 63 options of object 'Object Repository/DispensaryToCms/Page_Dispensary Store/select_--Select--Adernaline 0.' counted

2018-05-31 13:42:16 - [TEST_STEP][PASSED] - Statement - For ([e = 1, e <= medicineslength - 1, (e++)]): Delayed 1 second(s)

2018-05-31 13:42:16 - [TEST_STEP][PASSED] - selectOptionByIndex: All options with index in [1] are selected on object 'Object Repository/DispensaryToCms/Page_Dispensary Store/select_--Select--Schedule 1Inj'

2018-05-31 13:42:16 - [MESSAGE][PASSED] - All options with index in [1] are selected on object 'Object Repository/DispensaryToCms/Page_Dispensary Store/select_--Select--Schedule 1Inj'

2018-05-31 13:42:16 - [TEST_STEP][PASSED] - delay: Delayed 1 second(s)

2018-05-31 13:42:17 - [MESSAGE][PASSED] - Delayed 1 second(s)

2018-05-31 13:42:17 - [TEST_STEP][PASSED] - selectOptionByIndex: All options with index in [1] are selected on object 'Object Repository/DispensaryToCms/Page_Dispensary Store/select_--Select--Adernaline 0.'

2018-05-31 13:42:18 - [MESSAGE][PASSED] - All options with index in [1] are selected on object 'Object Repository/DispensaryToCms/Page_Dispensary Store/select_--Select--Adernaline 0.'

2018-05-31 13:42:18 - [TEST_STEP][PASSED] - setText: Text '100' is set on object 'Object Repository/DispensaryToCms/Page_Dispensary Store/input_txttreat'

2018-05-31 13:42:18 - [MESSAGE][PASSED] - Text '100' is set on object 'Object Repository/DispensaryToCms/Page_Dispensary Store/input_txttreat'

2018-05-31 13:42:18 - [TEST_STEP][PASSED] - click: Object: 'Object Repository/DispensaryToCms/Page_Dispensary Store/button_Add' is clicked on

2018-05-31 13:42:18 - [MESSAGE][PASSED] - Object: 'Object Repository/DispensaryToCms/Page_Dispensary Store/button_Add' is clicked on

2018-05-31 13:42:18 - [TEST_STEP][PASSED] - delay: Delayed 1 second(s)

2018-05-31 13:42:19 - [MESSAGE][PASSED] - Delayed 1 second(s)

2018-05-31 13:42:19 - [TEST_STEP][PASSED] - selectOptionByIndex: All options with index in [1] are selected on object 'Object Repository/DispensaryToCms/Page_Dispensary Store/select_--Select--Schedule 1Inj'

2018-05-31 13:42:19 - [MESSAGE][PASSED] - All options with index in [1] are selected on object 'Object Repository/DispensaryToCms/Page_Dispensary Store/select_--Select--Schedule 1Inj'

2018-05-31 13:42:19 - [TEST_STEP][PASSED] - delay: Delayed 1 second(s)

2018-05-31 13:42:20 - [MESSAGE][PASSED] - Delayed 1 second(s)

2018-05-31 13:42:20 - [TEST_STEP][PASSED] - selectOptionByIndex: All options with index in [2] are selected on object 'Object Repository/DispensaryToCms/Page_Dispensary Store/select_--Select--Adernaline 0.'

2018-05-31 13:42:20 - [MESSAGE][PASSED] - All options with index in [2] are selected on object 'Object Repository/DispensaryToCms/Page_Dispensary Store/select_--Select--Adernaline 0.'

2018-05-31 13:42:20 - [TEST_STEP][PASSED] - setText: Text '100' is set on object 'Object Repository/DispensaryToCms/Page_Dispensary Store/input_txttreat'

2018-05-31 13:42:20 - [MESSAGE][PASSED] - Text '100' is set on object 'Object Repository/DispensaryToCms/Page_Dispensary Store/input_txttreat'

2018-05-31 13:42:20 - [TEST_STEP][PASSED] - click: Object: 'Object Repository/DispensaryToCms/Page_Dispensary Store/button_Add' is clicked on

2018-05-31 13:42:20 - [MESSAGE][PASSED] - Object: 'Object Repository/DispensaryToCms/Page_Dispensary Store/button_Add' is clicked on

2018-05-31 13:42:20 - [TEST_STEP][PASSED] - delay: Delayed 1 second(s)

2018-05-31 13:42:21 - [MESSAGE][PASSED] - Delayed 1 second(s)

2018-05-31 13:42:21 - [TEST_STEP][PASSED] - selectOptionByIndex: All options with index in [1] are selected on object 'Object Repository/DispensaryToCms/Page_Dispensary Store/select_--Select--Schedule 1Inj'

2018-05-31 13:42:22 - [MESSAGE][PASSED] - All options with index in [1] are selected on object 'Object Repository/DispensaryToCms/Page_Dispensary Store/select_--Select--Schedule 1Inj'

2018-05-31 13:42:22 - [TEST_STEP][PASSED] - delay: Delayed 1 second(s)

2018-05-31 13:42:23 - [MESSAGE][PASSED] - Delayed 1 second(s)

2018-05-31 13:42:23 - [TEST_STEP][PASSED] - selectOptionByIndex: All options with index in [3] are selected on object 'Object Repository/DispensaryToCms/Page_Dispensary Store/select_--Select--Adernaline 0.'

2018-05-31 13:42:23 - [MESSAGE][PASSED] - All options with index in [3] are selected on object 'Object Repository/DispensaryToCms/Page_Dispensary Store/select_--Select--Adernaline 0.'

2018-05-31 13:42:23 - [TEST_STEP][PASSED] - setText: Text '100' is set on object 'Object Repository/DispensaryToCms/Page_Dispensary Store/input_txttreat'

2018-05-31 13:42:23 - [MESSAGE][PASSED] - Text '100' is set on object 'Object Repository/DispensaryToCms/Page_Dispensary Store/input_txttreat'

2018-05-31 13:42:23 - [TEST_STEP][PASSED] - click: Object: 'Object Repository/DispensaryToCms/Page_Dispensary Store/button_Add' is clicked on

2018-05-31 13:42:23 - [MESSAGE][PASSED] - Object: 'Object Repository/DispensaryToCms/Page_Dispensary Store/button_Add' is clicked on

2018-05-31 13:42:23 - [TEST_STEP][PASSED] - delay: Delayed 1 second(s)

2018-05-31 13:42:24 - [MESSAGE][PASSED] - Delayed 1 second(s)

2018-05-31 13:42:24 - [TEST_STEP][PASSED] - selectOptionByIndex: All options with index in [1] are selected on object 'Object Repository/DispensaryToCms/Page_Dispensary Store/select_--Select--Schedule 1Inj'

2018-05-31 13:42:24 - [MESSAGE][PASSED] - All options with index in [1] are selected on object 'Object Repository/DispensaryToCms/Page_Dispensary Store/select_--Select--Schedule 1Inj'

2018-05-31 13:42:24 - [TEST_STEP][PASSED] - delay: Delayed 1 second(s)

2018-05-31 13:42:25 - [MESSAGE][PASSED] - Delayed 1 second(s)

2018-05-31 13:42:25 - [TEST_STEP][PASSED] - selectOptionByIndex: All options with index in [4] are selected on object 'Object Repository/DispensaryToCms/Page_Dispensary Store/select_--Select--Adernaline 0.'

2018-05-31 13:42:25 - [MESSAGE][PASSED] - All options with index in [4] are selected on object 'Object Repository/DispensaryToCms/Page_Dispensary Store/select_--Select--Adernaline 0.'

2018-05-31 13:42:25 - [TEST_STEP][PASSED] - setText: Text '100' is set on object 'Object Repository/DispensaryToCms/Page_Dispensary Store/input_txttreat'

2018-05-31 13:42:25 - [MESSAGE][PASSED] - Text '100' is set on object 'Object Repository/DispensaryToCms/Page_Dispensary Store/input_txttreat'

2018-05-31 13:42:25 - [TEST_STEP][PASSED] - click: Object: 'Object Repository/DispensaryToCms/Page_Dispensary Store/button_Add' is clicked on

2018-05-31 13:42:25 - [MESSAGE][PASSED] - Object: 'Object Repository/DispensaryToCms/Page_Dispensary Store/button_Add' is clicked on

2018-05-31 13:42:25 - [TEST_STEP][PASSED] - delay: Delayed 1 second(s)

2018-05-31 13:42:26 - [MESSAGE][PASSED] - Delayed 1 second(s)

2018-05-31 13:42:26 - [TEST_STEP][PASSED] - selectOptionByIndex: All options with index in [1] are selected on object 'Object Repository/DispensaryToCms/Page_Dispensary Store/select_--Select--Schedule 1Inj'

2018-05-31 13:42:27 - [MESSAGE][PASSED] - All options with index in [1] are selected on object 'Object Repository/DispensaryToCms/Page_Dispensary Store/select_--Select--Schedule 1Inj'

2018-05-31 13:42:27 - [TEST_STEP][PASSED] - delay: Delayed 1 second(s)

2018-05-31 13:42:28 - [MESSAGE][PASSED] - Delayed 1 second(s)

2018-05-31 13:42:28 - [TEST_STEP][PASSED] - selectOptionByIndex: All options with index in [5] are selected on object 'Object Repository/DispensaryToCms/Page_Dispensary Store/select_--Select--Adernaline 0.'

2018-05-31 13:42:28 - [MESSAGE][PASSED] - All options with index in [5] are selected on object 'Object Repository/DispensaryToCms/Page_Dispensary Store/select_--Select--Adernaline 0.'

2018-05-31 13:42:28 - [TEST_STEP][PASSED] - setText: Text '100' is set on object 'Object Repository/DispensaryToCms/Page_Dispensary Store/input_txttreat'

2018-05-31 13:42:28 - [MESSAGE][PASSED] - Text '100' is set on object 'Object Repository/DispensaryToCms/Page_Dispensary Store/input_txttreat'

2018-05-31 13:42:28 - [TEST_STEP][PASSED] - click: Object: 'Object Repository/DispensaryToCms/Page_Dispensary Store/button_Add' is clicked on

2018-05-31 13:42:28 - [MESSAGE][PASSED] - Object: 'Object Repository/DispensaryToCms/Page_Dispensary Store/button_Add' is clicked on

2018-05-31 13:42:28 - [TEST_STEP][PASSED] - delay: Delayed 1 second(s)

2018-05-31 13:42:29 - [MESSAGE][PASSED] - Delayed 1 second(s)

2018-05-31 13:42:29 - [TEST_STEP][PASSED] - selectOptionByIndex: All options with index in [1] are selected on object 'Object Repository/DispensaryToCms/Page_Dispensary Store/select_--Select--Schedule 1Inj'

2018-05-31 13:42:29 - [MESSAGE][PASSED] - All options with index in [1] are selected on object 'Object Repository/DispensaryToCms/Page_Dispensary Store/select_--Select--Schedule 1Inj'

2018-05-31 13:42:29 - [TEST_STEP][PASSED] - delay: Delayed 1 second(s)

2018-05-31 13:42:30 - [MESSAGE][PASSED] - Delayed 1 second(s)

2018-05-31 13:42:30 - [TEST_STEP][PASSED] - selectOptionByIndex: All options with index in [6] are selected on object 'Object Repository/DispensaryToCms/Page_Dispensary Store/select_--Select--Adernaline 0.'

2018-05-31 13:42:30 - [MESSAGE][PASSED] - All options with index in [6] are selected on object 'Object Repository/DispensaryToCms/Page_Dispensary Store/select_--Select--Adernaline 0.'

2018-05-31 13:42:30 - [TEST_STEP][PASSED] - setText: Text '100' is set on object 'Object Repository/DispensaryToCms/Page_Dispensary Store/input_txttreat'

2018-05-31 13:42:31 - [MESSAGE][PASSED] - Text '100' is set on object 'Object Repository/DispensaryToCms/Page_Dispensary Store/input_txttreat'

2018-05-31 13:42:31 - [TEST_STEP][PASSED] - click: Object: 'Object Repository/DispensaryToCms/Page_Dispensary Store/button_Add' is clicked on

2018-05-31 13:42:31 - [MESSAGE][PASSED] - Object: 'Object Repository/DispensaryToCms/Page_Dispensary Store/button_Add' is clicked on

2018-05-31 13:42:31 - [TEST_STEP][PASSED] - delay: Delayed 1 second(s)

2018-05-31 13:42:32 - [MESSAGE][PASSED] - Delayed 1 second(s)

2018-05-31 13:42:32 - [TEST_STEP][PASSED] - selectOptionByIndex: All options with index in [1] are selected on object 'Object Repository/DispensaryToCms/Page_Dispensary Store/select_--Select--Schedule 1Inj'

2018-05-31 13:42:32 - [MESSAGE][PASSED] - All options with index in [1] are selected on object 'Object Repository/DispensaryToCms/Page_Dispensary Store/select_--Select--Schedule 1Inj'

2018-05-31 13:42:32 - [TEST_STEP][PASSED] - delay: Delayed 1 second(s)

2018-05-31 13:42:33 - [MESSAGE][PASSED] - Delayed 1 second(s)

2018-05-31 13:42:33 - [TEST_STEP][PASSED] - selectOptionByIndex: All options with index in [7] are selected on object 'Object Repository/DispensaryToCms/Page_Dispensary Store/select_--Select--Adernaline 0.'

2018-05-31 13:42:33 - [MESSAGE][PASSED] - All options with index in [7] are selected on object 'Object Repository/DispensaryToCms/Page_Dispensary Store/select_--Select--Adernaline 0.'

2018-05-31 13:42:33 - [TEST_STEP][PASSED] - setText: Text '100' is set on object 'Object Repository/DispensaryToCms/Page_Dispensary Store/input_txttreat'

2018-05-31 13:42:33 - [MESSAGE][PASSED] - Text '100' is set on object 'Object Repository/DispensaryToCms/Page_Dispensary Store/input_txttreat'

2018-05-31 13:42:33 - [TEST_STEP][PASSED] - click: Object: 'Object Repository/DispensaryToCms/Page_Dispensary Store/button_Add' is clicked on

2018-05-31 13:42:33 - [MESSAGE][PASSED] - Object: 'Object Repository/DispensaryToCms/Page_Dispensary Store/button_Add' is clicked on

2018-05-31 13:42:33 - [TEST_STEP][PASSED] - delay: Delayed 1 second(s)

2018-05-31 13:42:34 - [MESSAGE][PASSED] - Delayed 1 second(s)

2018-05-31 13:42:34 - [TEST_STEP][PASSED] - selectOptionByIndex: All options with index in [1] are selected on object 'Object Repository/DispensaryToCms/Page_Dispensary Store/select_--Select--Schedule 1Inj'

2018-05-31 13:42:34 - [MESSAGE][PASSED] - All options with index in [1] are selected on object 'Object Repository/DispensaryToCms/Page_Dispensary Store/select_--Select--Schedule 1Inj'

2018-05-31 13:42:34 - [TEST_STEP][PASSED] - delay: Delayed 1 second(s)

2018-05-31 13:42:35 - [MESSAGE][PASSED] - Delayed 1 second(s)

2018-05-31 13:42:35 - [TEST_STEP][PASSED] - selectOptionByIndex: All options with index in [8] are selected on object 'Object Repository/DispensaryToCms/Page_Dispensary Store/select_--Select--Adernaline 0.'

2018-05-31 13:42:36 - [MESSAGE][PASSED] - All options with index in [8] are selected on object 'Object Repository/DispensaryToCms/Page_Dispensary Store/select_--Select--Adernaline 0.'

2018-05-31 13:42:36 - [TEST_STEP][PASSED] - setText: Text '100' is set on object 'Object Repository/DispensaryToCms/Page_Dispensary Store/input_txttreat'

2018-05-31 13:42:36 - [MESSAGE][PASSED] - Text '100' is set on object 'Object Repository/DispensaryToCms/Page_Dispensary Store/input_txttreat'

2018-05-31 13:42:36 - [TEST_STEP][PASSED] - click: Object: 'Object Repository/DispensaryToCms/Page_Dispensary Store/button_Add' is clicked on

2018-05-31 13:42:36 - [MESSAGE][PASSED] - Object: 'Object Repository/DispensaryToCms/Page_Dispensary Store/button_Add' is clicked on

2018-05-31 13:42:36 - [TEST_STEP][PASSED] - delay: Delayed 1 second(s)

2018-05-31 13:42:37 - [MESSAGE][PASSED] - Delayed 1 second(s)

2018-05-31 13:42:37 - [TEST_STEP][PASSED] - selectOptionByIndex: All options with index in [1] are selected on object 'Object Repository/DispensaryToCms/Page_Dispensary Store/select_--Select--Schedule 1Inj'

2018-05-31 13:42:37 - [MESSAGE][PASSED] - All options with index in [1] are selected on object 'Object Repository/DispensaryToCms/Page_Dispensary Store/select_--Select--Schedule 1Inj'

2018-05-31 13:42:37 - [TEST_STEP][PASSED] - delay: Delayed 1 second(s)

2018-05-31 13:42:38 - [MESSAGE][PASSED] - Delayed 1 second(s)

2018-05-31 13:42:38 - [TEST_STEP][PASSED] - selectOptionByIndex: All options with index in [9] are selected on object 'Object Repository/DispensaryToCms/Page_Dispensary Store/select_--Select--Adernaline 0.'

2018-05-31 13:42:38 - [MESSAGE][PASSED] - All options with index in [9] are selected on object 'Object Repository/DispensaryToCms/Page_Dispensary Store/select_--Select--Adernaline 0.'

2018-05-31 13:42:38 - [TEST_STEP][PASSED] - setText: Text '100' is set on object 'Object Repository/DispensaryToCms/Page_Dispensary Store/input_txttreat'

2018-05-31 13:42:38 - [MESSAGE][PASSED] - Text '100' is set on object 'Object Repository/DispensaryToCms/Page_Dispensary Store/input_txttreat'

2018-05-31 13:42:38 - [TEST_STEP][PASSED] - click: Object: 'Object Repository/DispensaryToCms/Page_Dispensary Store/button_Add' is clicked on

2018-05-31 13:42:38 - [MESSAGE][PASSED] - Object: 'Object Repository/DispensaryToCms/Page_Dispensary Store/button_Add' is clicked on

2018-05-31 13:42:38 - [TEST_STEP][PASSED] - delay: Delayed 1 second(s)

2018-05-31 13:42:39 - [MESSAGE][PASSED] - Delayed 1 second(s)

2018-05-31 13:42:39 - [TEST_STEP][PASSED] - selectOptionByIndex: All options with index in [1] are selected on object 'Object Repository/DispensaryToCms/Page_Dispensary Store/select_--Select--Schedule 1Inj'

2018-05-31 13:42:40 - [MESSAGE][PASSED] - All options with index in [1] are selected on object 'Object Repository/DispensaryToCms/Page_Dispensary Store/select_--Select--Schedule 1Inj'

2018-05-31 13:42:40 - [TEST_STEP][PASSED] - delay: Delayed 1 second(s)

2018-05-31 13:42:41 - [MESSAGE][PASSED] - Delayed 1 second(s)

2018-05-31 13:42:41 - [TEST_STEP][PASSED] - selectOptionByIndex: All options with index in [10] are selected on object 'Object Repository/DispensaryToCms/Page_Dispensary Store/select_--Select--Adernaline 0.'

2018-05-31 13:42:41 - [MESSAGE][PASSED] - All options with index in [10] are selected on object 'Object Repository/DispensaryToCms/Page_Dispensary Store/select_--Select--Adernaline 0.'

2018-05-31 13:42:41 - [TEST_STEP][PASSED] - setText: Text '100' is set on object 'Object Repository/DispensaryToCms/Page_Dispensary Store/input_txttreat'

2018-05-31 13:42:41 - [MESSAGE][PASSED] - Text '100' is set on object 'Object Repository/DispensaryToCms/Page_Dispensary Store/input_txttreat'

2018-05-31 13:42:41 - [TEST_STEP][PASSED] - click: Object: 'Object Repository/DispensaryToCms/Page_Dispensary Store/button_Add' is clicked on

2018-05-31 13:42:41 - [MESSAGE][PASSED] - Object: 'Object Repository/DispensaryToCms/Page_Dispensary Store/button_Add' is clicked on

2018-05-31 13:42:41 - [TEST_STEP][PASSED] - delay: Delayed 1 second(s)

2018-05-31 13:42:42 - [MESSAGE][PASSED] - Delayed 1 second(s)

2018-05-31 13:42:42 - [TEST_STEP][PASSED] - selectOptionByIndex: All options with index in [1] are selected on object 'Object Repository/DispensaryToCms/Page_Dispensary Store/select_--Select--Schedule 1Inj'

2018-05-31 13:42:42 - [MESSAGE][PASSED] - All options with index in [1] are selected on object 'Object Repository/DispensaryToCms/Page_Dispensary Store/select_--Select--Schedule 1Inj'

2018-05-31 13:42:42 - [TEST_STEP][PASSED] - delay: Delayed 1 second(s)

2018-05-31 13:42:43 - [MESSAGE][PASSED] - Delayed 1 second(s)

2018-05-31 13:42:43 - [TEST_STEP][PASSED] - selectOptionByIndex: All options with index in [11] are selected on object 'Object Repository/DispensaryToCms/Page_Dispensary Store/select_--Select--Adernaline 0.'

2018-05-31 13:42:43 - [MESSAGE][PASSED] - All options with index in [11] are selected on object 'Object Repository/DispensaryToCms/Page_Dispensary Store/select_--Select--Adernaline 0.'

2018-05-31 13:42:43 - [TEST_STEP][PASSED] - setText: Text '100' is set on object 'Object Repository/DispensaryToCms/Page_Dispensary Store/input_txttreat'

2018-05-31 13:42:43 - [MESSAGE][PASSED] - Text '100' is set on object 'Object Repository/DispensaryToCms/Page_Dispensary Store/input_txttreat'

2018-05-31 13:42:43 - [TEST_STEP][PASSED] - click: Object: 'Object Repository/DispensaryToCms/Page_Dispensary Store/button_Add' is clicked on

2018-05-31 13:42:44 - [MESSAGE][PASSED] - Object: 'Object Repository/DispensaryToCms/Page_Dispensary Store/button_Add' is clicked on

2018-05-31 13:42:44 - [TEST_STEP][PASSED] - delay: Delayed 1 second(s)

2018-05-31 13:42:45 - [MESSAGE][PASSED] - Delayed 1 second(s)

2018-05-31 13:42:45 - [TEST_STEP][PASSED] - selectOptionByIndex: All options with index in [1] are selected on object 'Object Repository/DispensaryToCms/Page_Dispensary Store/select_--Select--Schedule 1Inj'

2018-05-31 13:42:45 - [MESSAGE][PASSED] - All options with index in [1] are selected on object 'Object Repository/DispensaryToCms/Page_Dispensary Store/select_--Select--Schedule 1Inj'

2018-05-31 13:42:45 - [TEST_STEP][PASSED] - delay: Delayed 1 second(s)

2018-05-31 13:42:46 - [MESSAGE][PASSED] - Delayed 1 second(s)

2018-05-31 13:42:46 - [TEST_STEP][PASSED] - selectOptionByIndex: All options with index in [12] are selected on object 'Object Repository/DispensaryToCms/Page_Dispensary Store/select_--Select--Adernaline 0.'

2018-05-31 13:42:46 - [MESSAGE][PASSED] - All options with index in [12] are selected on object 'Object Repository/DispensaryToCms/Page_Dispensary Store/select_--Select--Adernaline 0.'

2018-05-31 13:42:46 - [TEST_STEP][PASSED] - setText: Text '100' is set on object 'Object Repository/DispensaryToCms/Page_Dispensary Store/input_txttreat'

2018-05-31 13:42:46 - [MESSAGE][PASSED] - Text '100' is set on object 'Object Repository/DispensaryToCms/Page_Dispensary Store/input_txttreat'

2018-05-31 13:42:46 - [TEST_STEP][PASSED] - click: Object: 'Object Repository/DispensaryToCms/Page_Dispensary Store/button_Add' is clicked on

2018-05-31 13:42:46 - [MESSAGE][PASSED] - Object: 'Object Repository/DispensaryToCms/Page_Dispensary Store/button_Add' is clicked on

2018-05-31 13:42:46 - [TEST_STEP][PASSED] - delay: Delayed 1 second(s)

2018-05-31 13:42:47 - [MESSAGE][PASSED] - Delayed 1 second(s)

2018-05-31 13:42:47 - [TEST_STEP][PASSED] - selectOptionByIndex: All options with index in [1] are selected on object 'Object Repository/DispensaryToCms/Page_Dispensary Store/select_--Select--Schedule 1Inj'

2018-05-31 13:42:47 - [MESSAGE][PASSED] - All options with index in [1] are selected on object 'Object Repository/DispensaryToCms/Page_Dispensary Store/select_--Select--Schedule 1Inj'

2018-05-31 13:42:47 - [TEST_STEP][PASSED] - delay: Delayed 1 second(s)

2018-05-31 13:42:48 - [MESSAGE][PASSED] - Delayed 1 second(s)

2018-05-31 13:42:48 - [TEST_STEP][PASSED] - selectOptionByIndex: All options with index in [13] are selected on object 'Object Repository/DispensaryToCms/Page_Dispensary Store/select_--Select--Adernaline 0.'

2018-05-31 13:42:49 - [MESSAGE][PASSED] - All options with index in [13] are selected on object 'Object Repository/DispensaryToCms/Page_Dispensary Store/select_--Select--Adernaline 0.'

2018-05-31 13:42:49 - [TEST_STEP][PASSED] - setText: Text '100' is set on object 'Object Repository/DispensaryToCms/Page_Dispensary Store/input_txttreat'

2018-05-31 13:42:49 - [MESSAGE][PASSED] - Text '100' is set on object 'Object Repository/DispensaryToCms/Page_Dispensary Store/input_txttreat'

2018-05-31 13:42:49 - [TEST_STEP][PASSED] - click: Object: 'Object Repository/DispensaryToCms/Page_Dispensary Store/button_Add' is clicked on

2018-05-31 13:42:49 - [MESSAGE][PASSED] - Object: 'Object Repository/DispensaryToCms/Page_Dispensary Store/button_Add' is clicked on

2018-05-31 13:42:49 - [TEST_STEP][PASSED] - delay: Delayed 1 second(s)

2018-05-31 13:42:50 - [MESSAGE][PASSED] - Delayed 1 second(s)

2018-05-31 13:42:50 - [TEST_STEP][PASSED] - selectOptionByIndex: All options with index in [1] are selected on object 'Object Repository/DispensaryToCms/Page_Dispensary Store/select_--Select--Schedule 1Inj'

2018-05-31 13:42:50 - [MESSAGE][PASSED] - All options with index in [1] are selected on object 'Object Repository/DispensaryToCms/Page_Dispensary Store/select_--Select--Schedule 1Inj'

2018-05-31 13:42:50 - [TEST_STEP][PASSED] - delay: Delayed 1 second(s)

2018-05-31 13:42:51 - [MESSAGE][PASSED] - Delayed 1 second(s)

2018-05-31 13:42:51 - [TEST_STEP][PASSED] - selectOptionByIndex: All options with index in [14] are selected on object 'Object Repository/DispensaryToCms/Page_Dispensary Store/select_--Select--Adernaline 0.'

2018-05-31 13:42:51 - [MESSAGE][PASSED] - All options with index in [14] are selected on object 'Object Repository/DispensaryToCms/Page_Dispensary Store/select_--Select--Adernaline 0.'

2018-05-31 13:42:51 - [TEST_STEP][PASSED] - setText: Text '100' is set on object 'Object Repository/DispensaryToCms/Page_Dispensary Store/input_txttreat'

2018-05-31 13:42:51 - [MESSAGE][PASSED] - Text '100' is set on object 'Object Repository/DispensaryToCms/Page_Dispensary Store/input_txttreat'

2018-05-31 13:42:51 - [TEST_STEP][PASSED] - click: Object: 'Object Repository/DispensaryToCms/Page_Dispensary Store/button_Add' is clicked on

2018-05-31 13:42:51 - [MESSAGE][PASSED] - Object: 'Object Repository/DispensaryToCms/Page_Dispensary Store/button_Add' is clicked on

2018-05-31 13:42:51 - [TEST_STEP][PASSED] - delay: Delayed 1 second(s)

2018-05-31 13:42:52 - [MESSAGE][PASSED] - Delayed 1 second(s)

2018-05-31 13:42:52 - [TEST_STEP][PASSED] - selectOptionByIndex: All options with index in [1] are selected on object 'Object Repository/DispensaryToCms/Page_Dispensary Store/select_--Select--Schedule 1Inj'

2018-05-31 13:42:52 - [MESSAGE][PASSED] - All options with index in [1] are selected on object 'Object Repository/DispensaryToCms/Page_Dispensary Store/select_--Select--Schedule 1Inj'

2018-05-31 13:42:52 - [TEST_STEP][PASSED] - delay: Delayed 1 second(s)

2018-05-31 13:42:53 - [MESSAGE][PASSED] - Delayed 1 second(s)

2018-05-31 13:42:53 - [TEST_STEP][PASSED] - selectOptionByIndex: All options with index in [15] are selected on object 'Object Repository/DispensaryToCms/Page_Dispensary Store/select_--Select--Adernaline 0.'

2018-05-31 13:42:54 - [MESSAGE][PASSED] - All options with index in [15] are selected on object 'Object Repository/DispensaryToCms/Page_Dispensary Store/select_--Select--Adernaline 0.'

2018-05-31 13:42:54 - [TEST_STEP][PASSED] - setText: Text '100' is set on object 'Object Repository/DispensaryToCms/Page_Dispensary Store/input_txttreat'

2018-05-31 13:42:54 - [MESSAGE][PASSED] - Text '100' is set on object 'Object Repository/DispensaryToCms/Page_Dispensary Store/input_txttreat'

2018-05-31 13:42:54 - [TEST_STEP][PASSED] - click: Object: 'Object Repository/DispensaryToCms/Page_Dispensary Store/button_Add' is clicked on

2018-05-31 13:42:54 - [MESSAGE][PASSED] - Object: 'Object Repository/DispensaryToCms/Page_Dispensary Store/button_Add' is clicked on

2018-05-31 13:42:54 - [TEST_STEP][PASSED] - delay: Delayed 1 second(s)

2018-05-31 13:42:55 - [MESSAGE][PASSED] - Delayed 1 second(s)

2018-05-31 13:42:55 - [TEST_STEP][PASSED] - selectOptionByIndex: All options with index in [1] are selected on object 'Object Repository/DispensaryToCms/Page_Dispensary Store/select_--Select--Schedule 1Inj'

2018-05-31 13:42:55 - [MESSAGE][PASSED] - All options with index in [1] are selected on object 'Object Repository/DispensaryToCms/Page_Dispensary Store/select_--Select--Schedule 1Inj'

2018-05-31 13:42:55 - [TEST_STEP][PASSED] - delay: Delayed 1 second(s)

2018-05-31 13:42:56 - [MESSAGE][PASSED] - Delayed 1 second(s)

2018-05-31 13:42:56 - [TEST_STEP][PASSED] - selectOptionByIndex: All options with index in [16] are selected on object 'Object Repository/DispensaryToCms/Page_Dispensary Store/select_--Select--Adernaline 0.'

2018-05-31 13:42:56 - [MESSAGE][PASSED] - All options with index in [16] are selected on object 'Object Repository/DispensaryToCms/Page_Dispensary Store/select_--Select--Adernaline 0.'

2018-05-31 13:42:56 - [TEST_STEP][PASSED] - setText: Text '100' is set on object 'Object Repository/DispensaryToCms/Page_Dispensary Store/input_txttreat'

2018-05-31 13:42:57 - [MESSAGE][PASSED] - Text '100' is set on object 'Object Repository/DispensaryToCms/Page_Dispensary Store/input_txttreat'

2018-05-31 13:42:57 - [TEST_STEP][PASSED] - click: Object: 'Object Repository/DispensaryToCms/Page_Dispensary Store/button_Add' is clicked on

2018-05-31 13:42:57 - [MESSAGE][PASSED] - Object: 'Object Repository/DispensaryToCms/Page_Dispensary Store/button_Add' is clicked on

2018-05-31 13:42:57 - [TEST_STEP][PASSED] - delay: Delayed 1 second(s)

2018-05-31 13:42:58 - [MESSAGE][PASSED] - Delayed 1 second(s)

2018-05-31 13:42:58 - [TEST_STEP][PASSED] - selectOptionByIndex: All options with index in [1] are selected on object 'Object Repository/DispensaryToCms/Page_Dispensary Store/select_--Select--Schedule 1Inj'

2018-05-31 13:42:58 - [MESSAGE][PASSED] - All options with index in [1] are selected on object 'Object Repository/DispensaryToCms/Page_Dispensary Store/select_--Select--Schedule 1Inj'

2018-05-31 13:42:58 - [TEST_STEP][PASSED] - delay: Delayed 1 second(s)

2018-05-31 13:42:59 - [MESSAGE][PASSED] - Delayed 1 second(s)

2018-05-31 13:42:59 - [TEST_STEP][PASSED] - selectOptionByIndex: All options with index in [17] are selected on object 'Object Repository/DispensaryToCms/Page_Dispensary Store/select_--Select--Adernaline 0.'

2018-05-31 13:42:59 - [MESSAGE][PASSED] - All options with index in [17] are selected on object 'Object Repository/DispensaryToCms/Page_Dispensary Store/select_--Select--Adernaline 0.'

2018-05-31 13:42:59 - [TEST_STEP][PASSED] - setText: Text '100' is set on object 'Object Repository/DispensaryToCms/Page_Dispensary Store/input_txttreat'

2018-05-31 13:42:59 - [MESSAGE][PASSED] - Text '100' is set on object 'Object Repository/DispensaryToCms/Page_Dispensary Store/input_txttreat'

2018-05-31 13:42:59 - [TEST_STEP][PASSED] - click: Object: 'Object Repository/DispensaryToCms/Page_Dispensary Store/button_Add' is clicked on

2018-05-31 13:42:59 - [MESSAGE][PASSED] - Object: 'Object Repository/DispensaryToCms/Page_Dispensary Store/button_Add' is clicked on

2018-05-31 13:42:59 - [TEST_STEP][PASSED] - delay: Delayed 1 second(s)

2018-05-31 13:43:00 - [MESSAGE][PASSED] - Delayed 1 second(s)

2018-05-31 13:43:00 - [TEST_STEP][PASSED] - selectOptionByIndex: All options with index in [1] are selected on object 'Object Repository/DispensaryToCms/Page_Dispensary Store/select_--Select--Schedule 1Inj'

2018-05-31 13:43:00 - [MESSAGE][PASSED] - All options with index in [1] are selected on object 'Object Repository/DispensaryToCms/Page_Dispensary Store/select_--Select--Schedule 1Inj'

2018-05-31 13:43:00 - [TEST_STEP][PASSED] - delay: Delayed 1 second(s)

2018-05-31 13:43:01 - [MESSAGE][PASSED] - Delayed 1 second(s)

2018-05-31 13:43:01 - [TEST_STEP][PASSED] - selectOptionByIndex: All options with index in [18] are selected on object 'Object Repository/DispensaryToCms/Page_Dispensary Store/select_--Select--Adernaline 0.'

2018-05-31 13:43:02 - [MESSAGE][PASSED] - All options with index in [18] are selected on object 'Object Repository/DispensaryToCms/Page_Dispensary Store/select_--Select--Adernaline 0.'

2018-05-31 13:43:02 - [TEST_STEP][PASSED] - setText: Text '100' is set on object 'Object Repository/DispensaryToCms/Page_Dispensary Store/input_txttreat'

2018-05-31 13:43:02 - [MESSAGE][PASSED] - Text '100' is set on object 'Object Repository/DispensaryToCms/Page_Dispensary Store/input_txttreat'

2018-05-31 13:43:02 - [TEST_STEP][PASSED] - click: Object: 'Object Repository/DispensaryToCms/Page_Dispensary Store/button_Add' is clicked on

2018-05-31 13:43:02 - [MESSAGE][PASSED] - Object: 'Object Repository/DispensaryToCms/Page_Dispensary Store/button_Add' is clicked on

2018-05-31 13:43:02 - [TEST_STEP][PASSED] - delay: Delayed 1 second(s)

2018-05-31 13:43:03 - [MESSAGE][PASSED] - Delayed 1 second(s)

2018-05-31 13:43:03 - [TEST_STEP][PASSED] - selectOptionByIndex: All options with index in [1] are selected on object 'Object Repository/DispensaryToCms/Page_Dispensary Store/select_--Select--Schedule 1Inj'

2018-05-31 13:43:03 - [MESSAGE][PASSED] - All options with index in [1] are selected on object 'Object Repository/DispensaryToCms/Page_Dispensary Store/select_--Select--Schedule 1Inj'

2018-05-31 13:43:03 - [TEST_STEP][PASSED] - delay: Delayed 1 second(s)

2018-05-31 13:43:04 - [MESSAGE][PASSED] - Delayed 1 second(s)

2018-05-31 13:43:04 - [TEST_STEP][PASSED] - selectOptionByIndex: All options with index in [19] are selected on object 'Object Repository/DispensaryToCms/Page_Dispensary Store/select_--Select--Adernaline 0.'

2018-05-31 13:43:04 - [MESSAGE][PASSED] - All options with index in [19] are selected on object 'Object Repository/DispensaryToCms/Page_Dispensary Store/select_--Select--Adernaline 0.'

2018-05-31 13:43:04 - [TEST_STEP][PASSED] - setText: Text '100' is set on object 'Object Repository/DispensaryToCms/Page_Dispensary Store/input_txttreat'

2018-05-31 13:43:05 - [MESSAGE][PASSED] - Text '100' is set on object 'Object Repository/DispensaryToCms/Page_Dispensary Store/input_txttreat'

2018-05-31 13:43:05 - [TEST_STEP][PASSED] - click: Object: 'Object Repository/DispensaryToCms/Page_Dispensary Store/button_Add' is clicked on

2018-05-31 13:43:05 - [MESSAGE][PASSED] - Object: 'Object Repository/DispensaryToCms/Page_Dispensary Store/button_Add' is clicked on

2018-05-31 13:43:05 - [TEST_STEP][PASSED] - delay: Delayed 1 second(s)

2018-05-31 13:43:06 - [MESSAGE][PASSED] - Delayed 1 second(s)

2018-05-31 13:43:06 - [TEST_STEP][PASSED] - selectOptionByIndex: All options with index in [1] are selected on object 'Object Repository/DispensaryToCms/Page_Dispensary Store/select_--Select--Schedule 1Inj'

2018-05-31 13:43:06 - [MESSAGE][PASSED] - All options with index in [1] are selected on object 'Object Repository/DispensaryToCms/Page_Dispensary Store/select_--Select--Schedule 1Inj'

2018-05-31 13:43:06 - [TEST_STEP][PASSED] - delay: Delayed 1 second(s)

2018-05-31 13:43:07 - [MESSAGE][PASSED] - Delayed 1 second(s)

2018-05-31 13:43:07 - [TEST_STEP][PASSED] - selectOptionByIndex: All options with index in [20] are selected on object 'Object Repository/DispensaryToCms/Page_Dispensary Store/select_--Select--Adernaline 0.'

2018-05-31 13:43:07 - [MESSAGE][PASSED] - All options with index in [20] are selected on object 'Object Repository/DispensaryToCms/Page_Dispensary Store/select_--Select--Adernaline 0.'

2018-05-31 13:43:07 - [TEST_STEP][PASSED] - setText: Text '100' is set on object 'Object Repository/DispensaryToCms/Page_Dispensary Store/input_txttreat'

2018-05-31 13:43:07 - [MESSAGE][PASSED] - Text '100' is set on object 'Object Repository/DispensaryToCms/Page_Dispensary Store/input_txttreat'

2018-05-31 13:43:07 - [TEST_STEP][PASSED] - click: Object: 'Object Repository/DispensaryToCms/Page_Dispensary Store/button_Add' is clicked on

2018-05-31 13:43:07 - [MESSAGE][PASSED] - Object: 'Object Repository/DispensaryToCms/Page_Dispensary Store/button_Add' is clicked on

2018-05-31 13:43:07 - [TEST_STEP][PASSED] - delay: Delayed 1 second(s)

2018-05-31 13:43:08 - [MESSAGE][PASSED] - Delayed 1 second(s)

2018-05-31 13:43:08 - [TEST_STEP][PASSED] - selectOptionByIndex: All options with index in [1] are selected on object 'Object Repository/DispensaryToCms/Page_Dispensary Store/select_--Select--Schedule 1Inj'

2018-05-31 13:43:09 - [MESSAGE][PASSED] - All options with index in [1] are selected on object 'Object Repository/DispensaryToCms/Page_Dispensary Store/select_--Select--Schedule 1Inj'

2018-05-31 13:43:09 - [TEST_STEP][PASSED] - delay: Delayed 1 second(s)

2018-05-31 13:43:10 - [MESSAGE][PASSED] - Delayed 1 second(s)

2018-05-31 13:43:10 - [TEST_STEP][PASSED] - selectOptionByIndex: All options with index in [21] are selected on object 'Object Repository/DispensaryToCms/Page_Dispensary Store/select_--Select--Adernaline 0.'

2018-05-31 13:43:10 - [MESSAGE][PASSED] - All options with index in [21] are selected on object 'Object Repository/DispensaryToCms/Page_Dispensary Store/select_--Select--Adernaline 0.'

2018-05-31 13:43:10 - [TEST_STEP][PASSED] - setText: Text '100' is set on object 'Object Repository/DispensaryToCms/Page_Dispensary Store/input_txttreat'

2018-05-31 13:43:10 - [MESSAGE][PASSED] - Text '100' is set on object 'Object Repository/DispensaryToCms/Page_Dispensary Store/input_txttreat'

2018-05-31 13:43:10 - [TEST_STEP][PASSED] - click: Object: 'Object Repository/DispensaryToCms/Page_Dispensary Store/button_Add' is clicked on

2018-05-31 13:43:10 - [MESSAGE][PASSED] - Object: 'Object Repository/DispensaryToCms/Page_Dispensary Store/button_Add' is clicked on

2018-05-31 13:43:10 - [TEST_STEP][PASSED] - delay: Delayed 1 second(s)

2018-05-31 13:43:11 - [MESSAGE][PASSED] - Delayed 1 second(s)

2018-05-31 13:43:11 - [TEST_STEP][PASSED] - selectOptionByIndex: All options with index in [1] are selected on object 'Object Repository/DispensaryToCms/Page_Dispensary Store/select_--Select--Schedule 1Inj'

2018-05-31 13:43:11 - [MESSAGE][PASSED] - All options with index in [1] are selected on object 'Object Repository/DispensaryToCms/Page_Dispensary Store/select_--Select--Schedule 1Inj'

2018-05-31 13:43:11 - [TEST_STEP][PASSED] - delay: Delayed 1 second(s)

2018-05-31 13:43:12 - [MESSAGE][PASSED] - Delayed 1 second(s)

2018-05-31 13:43:12 - [TEST_STEP][PASSED] - selectOptionByIndex: All options with index in [22] are selected on object 'Object Repository/DispensaryToCms/Page_Dispensary Store/select_--Select--Adernaline 0.'

2018-05-31 13:43:13 - [MESSAGE][PASSED] - All options with index in [22] are selected on object 'Object Repository/DispensaryToCms/Page_Dispensary Store/select_--Select--Adernaline 0.'

2018-05-31 13:43:13 - [TEST_STEP][PASSED] - setText: Text '100' is set on object 'Object Repository/DispensaryToCms/Page_Dispensary Store/input_txttreat'

2018-05-31 13:43:13 - [MESSAGE][PASSED] - Text '100' is set on object 'Object Repository/DispensaryToCms/Page_Dispensary Store/input_txttreat'

2018-05-31 13:43:13 - [TEST_STEP][PASSED] - click: Object: 'Object Repository/DispensaryToCms/Page_Dispensary Store/button_Add' is clicked on

2018-05-31 13:43:13 - [MESSAGE][PASSED] - Object: 'Object Repository/DispensaryToCms/Page_Dispensary Store/button_Add' is clicked on

2018-05-31 13:43:13 - [TEST_STEP][PASSED] - delay: Delayed 1 second(s)

2018-05-31 13:43:14 - [MESSAGE][PASSED] - Delayed 1 second(s)

2018-05-31 13:43:14 - [TEST_STEP][PASSED] - selectOptionByIndex: All options with index in [1] are selected on object 'Object Repository/DispensaryToCms/Page_Dispensary Store/select_--Select--Schedule 1Inj'

2018-05-31 13:43:14 - [MESSAGE][PASSED] - All options with index in [1] are selected on object 'Object Repository/DispensaryToCms/Page_Dispensary Store/select_--Select--Schedule 1Inj'

2018-05-31 13:43:14 - [TEST_STEP][PASSED] - delay: Delayed 1 second(s)

2018-05-31 13:43:15 - [MESSAGE][PASSED] - Delayed 1 second(s)

2018-05-31 13:43:15 - [TEST_STEP][PASSED] - selectOptionByIndex: All options with index in [23] are selected on object 'Object Repository/DispensaryToCms/Page_Dispensary Store/select_--Select--Adernaline 0.'

2018-05-31 13:43:15 - [MESSAGE][PASSED] - All options with index in [23] are selected on object 'Object Repository/DispensaryToCms/Page_Dispensary Store/select_--Select--Adernaline 0.'

2018-05-31 13:43:15 - [TEST_STEP][PASSED] - setText: Text '100' is set on object 'Object Repository/DispensaryToCms/Page_Dispensary Store/input_txttreat'

2018-05-31 13:43:15 - [MESSAGE][PASSED] - Text '100' is set on object 'Object Repository/DispensaryToCms/Page_Dispensary Store/input_txttreat'

2018-05-31 13:43:15 - [TEST_STEP][PASSED] - click: Object: 'Object Repository/DispensaryToCms/Page_Dispensary Store/button_Add' is clicked on

2018-05-31 13:43:15 - [MESSAGE][PASSED] - Object: 'Object Repository/DispensaryToCms/Page_Dispensary Store/button_Add' is clicked on

2018-05-31 13:43:15 - [TEST_STEP][PASSED] - delay: Delayed 1 second(s)

2018-05-31 13:43:16 - [MESSAGE][PASSED] - Delayed 1 second(s)

2018-05-31 13:43:16 - [TEST_STEP][PASSED] - selectOptionByIndex: All options with index in [1] are selected on object 'Object Repository/DispensaryToCms/Page_Dispensary Store/select_--Select--Schedule 1Inj'

2018-05-31 13:43:17 - [MESSAGE][PASSED] - All options with index in [1] are selected on object 'Object Repository/DispensaryToCms/Page_Dispensary Store/select_--Select--Schedule 1Inj'

2018-05-31 13:43:17 - [TEST_STEP][PASSED] - delay: Delayed 1 second(s)

2018-05-31 13:43:18 - [MESSAGE][PASSED] - Delayed 1 second(s)

2018-05-31 13:43:18 - [TEST_STEP][PASSED] - selectOptionByIndex: All options with index in [24] are selected on object 'Object Repository/DispensaryToCms/Page_Dispensary Store/select_--Select--Adernaline 0.'

2018-05-31 13:43:18 - [MESSAGE][PASSED] - All options with index in [24] are selected on object 'Object Repository/DispensaryToCms/Page_Dispensary Store/select_--Select--Adernaline 0.'

2018-05-31 13:43:18 - [TEST_STEP][PASSED] - setText: Text '100' is set on object 'Object Repository/DispensaryToCms/Page_Dispensary Store/input_txttreat'

2018-05-31 13:43:18 - [MESSAGE][PASSED] - Text '100' is set on object 'Object Repository/DispensaryToCms/Page_Dispensary Store/input_txttreat'

2018-05-31 13:43:18 - [TEST_STEP][PASSED] - click: Object: 'Object Repository/DispensaryToCms/Page_Dispensary Store/button_Add' is clicked on

2018-05-31 13:43:18 - [MESSAGE][PASSED] - Object: 'Object Repository/DispensaryToCms/Page_Dispensary Store/button_Add' is clicked on

2018-05-31 13:43:18 - [TEST_STEP][PASSED] - delay: Delayed 1 second(s)

2018-05-31 13:43:19 - [MESSAGE][PASSED] - Delayed 1 second(s)

2018-05-31 13:43:19 - [TEST_STEP][PASSED] - selectOptionByIndex: All options with index in [1] are selected on object 'Object Repository/DispensaryToCms/Page_Dispensary Store/select_--Select--Schedule 1Inj'

2018-05-31 13:43:19 - [MESSAGE][PASSED] - All options with index in [1] are selected on object 'Object Repository/DispensaryToCms/Page_Dispensary Store/select_--Select--Schedule 1Inj'

2018-05-31 13:43:19 - [TEST_STEP][PASSED] - delay: Delayed 1 second(s)

2018-05-31 13:43:20 - [MESSAGE][PASSED] - Delayed 1 second(s)

2018-05-31 13:43:20 - [TEST_STEP][PASSED] - selectOptionByIndex: All options with index in [25] are selected on object 'Object Repository/DispensaryToCms/Page_Dispensary Store/select_--Select--Adernaline 0.'

2018-05-31 13:43:21 - [MESSAGE][PASSED] - All options with index in [25] are selected on object 'Object Repository/DispensaryToCms/Page_Dispensary Store/select_--Select--Adernaline 0.'

2018-05-31 13:43:21 - [TEST_STEP][PASSED] - setText: Text '100' is set on object 'Object Repository/DispensaryToCms/Page_Dispensary Store/input_txttreat'

2018-05-31 13:43:21 - [MESSAGE][PASSED] - Text '100' is set on object 'Object Repository/DispensaryToCms/Page_Dispensary Store/input_txttreat'

2018-05-31 13:43:21 - [TEST_STEP][PASSED] - click: Object: 'Object Repository/DispensaryToCms/Page_Dispensary Store/button_Add' is clicked on

2018-05-31 13:43:21 - [MESSAGE][PASSED] - Object: 'Object Repository/DispensaryToCms/Page_Dispensary Store/button_Add' is clicked on

2018-05-31 13:43:21 - [TEST_STEP][PASSED] - delay: Delayed 1 second(s)

2018-05-31 13:43:22 - [MESSAGE][PASSED] - Delayed 1 second(s)

2018-05-31 13:43:22 - [TEST_STEP][PASSED] - selectOptionByIndex: All options with index in [1] are selected on object 'Object Repository/DispensaryToCms/Page_Dispensary Store/select_--Select--Schedule 1Inj'

2018-05-31 13:43:22 - [MESSAGE][PASSED] - All options with index in [1] are selected on object 'Object Repository/DispensaryToCms/Page_Dispensary Store/select_--Select--Schedule 1Inj'

2018-05-31 13:43:22 - [TEST_STEP][PASSED] - delay: Delayed 1 second(s)

2018-05-31 13:43:23 - [MESSAGE][PASSED] - Delayed 1 second(s)

2018-05-31 13:43:23 - [TEST_STEP][PASSED] - selectOptionByIndex: All options with index in [26] are selected on object 'Object Repository/DispensaryToCms/Page_Dispensary Store/select_--Select--Adernaline 0.'

2018-05-31 13:43:23 - [MESSAGE][PASSED] - All options with index in [26] are selected on object 'Object Repository/DispensaryToCms/Page_Dispensary Store/select_--Select--Adernaline 0.'

2018-05-31 13:43:23 - [TEST_STEP][PASSED] - setText: Text '100' is set on object 'Object Repository/DispensaryToCms/Page_Dispensary Store/input_txttreat'

2018-05-31 13:43:24 - [MESSAGE][PASSED] - Text '100' is set on object 'Object Repository/DispensaryToCms/Page_Dispensary Store/input_txttreat'

2018-05-31 13:43:24 - [TEST_STEP][PASSED] - click: Object: 'Object Repository/DispensaryToCms/Page_Dispensary Store/button_Add' is clicked on

2018-05-31 13:43:24 - [MESSAGE][PASSED] - Object: 'Object Repository/DispensaryToCms/Page_Dispensary Store/button_Add' is clicked on

2018-05-31 13:43:24 - [TEST_STEP][PASSED] - delay: Delayed 1 second(s)

2018-05-31 13:43:25 - [MESSAGE][PASSED] - Delayed 1 second(s)

2018-05-31 13:43:25 - [TEST_STEP][PASSED] - selectOptionByIndex: All options with index in [1] are selected on object 'Object Repository/DispensaryToCms/Page_Dispensary Store/select_--Select--Schedule 1Inj'

2018-05-31 13:43:25 - [MESSAGE][PASSED] - All options with index in [1] are selected on object 'Object Repository/DispensaryToCms/Page_Dispensary Store/select_--Select--Schedule 1Inj'

2018-05-31 13:43:25 - [TEST_STEP][PASSED] - delay: Delayed 1 second(s)

2018-05-31 13:43:26 - [MESSAGE][PASSED] - Delayed 1 second(s)

2018-05-31 13:43:26 - [TEST_STEP][PASSED] - selectOptionByIndex: All options with index in [27] are selected on object 'Object Repository/DispensaryToCms/Page_Dispensary Store/select_--Select--Adernaline 0.'

2018-05-31 13:43:26 - [MESSAGE][PASSED] - All options with index in [27] are selected on object 'Object Repository/DispensaryToCms/Page_Dispensary Store/select_--Select--Adernaline 0.'

2018-05-31 13:43:26 - [TEST_STEP][PASSED] - setText: Text '100' is set on object 'Object Repository/DispensaryToCms/Page_Dispensary Store/input_txttreat'

2018-05-31 13:43:26 - [MESSAGE][PASSED] - Text '100' is set on object 'Object Repository/DispensaryToCms/Page_Dispensary Store/input_txttreat'

2018-05-31 13:43:26 - [TEST_STEP][PASSED] - click: Object: 'Object Repository/DispensaryToCms/Page_Dispensary Store/button_Add' is clicked on

2018-05-31 13:43:26 - [MESSAGE][PASSED] - Object: 'Object Repository/DispensaryToCms/Page_Dispensary Store/button_Add' is clicked on

2018-05-31 13:43:26 - [TEST_STEP][PASSED] - delay: Delayed 1 second(s)

2018-05-31 13:43:27 - [MESSAGE][PASSED] - Delayed 1 second(s)

2018-05-31 13:43:27 - [TEST_STEP][PASSED] - selectOptionByIndex: All options with index in [1] are selected on object 'Object Repository/DispensaryToCms/Page_Dispensary Store/select_--Select--Schedule 1Inj'

2018-05-31 13:43:27 - [MESSAGE][PASSED] - All options with index in [1] are selected on object 'Object Repository/DispensaryToCms/Page_Dispensary Store/select_--Select--Schedule 1Inj'

2018-05-31 13:43:27 - [TEST_STEP][PASSED] - delay: Delayed 1 second(s)

2018-05-31 13:43:28 - [MESSAGE][PASSED] - Delayed 1 second(s)

2018-05-31 13:43:28 - [TEST_STEP][PASSED] - selectOptionByIndex: All options with index in [28] are selected on object 'Object Repository/DispensaryToCms/Page_Dispensary Store/select_--Select--Adernaline 0.'

2018-05-31 13:43:29 - [MESSAGE][PASSED] - All options with index in [28] are selected on object 'Object Repository/DispensaryToCms/Page_Dispensary Store/select_--Select--Adernaline 0.'

2018-05-31 13:43:29 - [TEST_STEP][PASSED] - setText: Text '100' is set on object 'Object Repository/DispensaryToCms/Page_Dispensary Store/input_txttreat'

2018-05-31 13:43:29 - [MESSAGE][PASSED] - Text '100' is set on object 'Object Repository/DispensaryToCms/Page_Dispensary Store/input_txttreat'

2018-05-31 13:43:29 - [TEST_STEP][PASSED] - click: Object: 'Object Repository/DispensaryToCms/Page_Dispensary Store/button_Add' is clicked on

2018-05-31 13:43:29 - [MESSAGE][PASSED] - Object: 'Object Repository/DispensaryToCms/Page_Dispensary Store/button_Add' is clicked on

2018-05-31 13:43:29 - [TEST_STEP][PASSED] - delay: Delayed 1 second(s)

2018-05-31 13:43:30 - [MESSAGE][PASSED] - Delayed 1 second(s)

2018-05-31 13:43:30 - [TEST_STEP][PASSED] - selectOptionByIndex: All options with index in [1] are selected on object 'Object Repository/DispensaryToCms/Page_Dispensary Store/select_--Select--Schedule 1Inj'

2018-05-31 13:43:30 - [MESSAGE][PASSED] - All options with index in [1] are selected on object 'Object Repository/DispensaryToCms/Page_Dispensary Store/select_--Select--Schedule 1Inj'

2018-05-31 13:43:30 - [TEST_STEP][PASSED] - delay: Delayed 1 second(s)

2018-05-31 13:43:31 - [MESSAGE][PASSED] - Delayed 1 second(s)

2018-05-31 13:43:31 - [TEST_STEP][PASSED] - selectOptionByIndex: All options with index in [29] are selected on object 'Object Repository/DispensaryToCms/Page_Dispensary Store/select_--Select--Adernaline 0.'

2018-05-31 13:43:32 - [MESSAGE][PASSED] - All options with index in [29] are selected on object 'Object Repository/DispensaryToCms/Page_Dispensary Store/select_--Select--Adernaline 0.'

2018-05-31 13:43:32 - [TEST_STEP][PASSED] - setText: Text '100' is set on object 'Object Repository/DispensaryToCms/Page_Dispensary Store/input_txttreat'

2018-05-31 13:43:32 - [MESSAGE][PASSED] - Text '100' is set on object 'Object Repository/DispensaryToCms/Page_Dispensary Store/input_txttreat'

2018-05-31 13:43:32 - [TEST_STEP][PASSED] - click: Object: 'Object Repository/DispensaryToCms/Page_Dispensary Store/button_Add' is clicked on

2018-05-31 13:43:32 - [MESSAGE][PASSED] - Object: 'Object Repository/DispensaryToCms/Page_Dispensary Store/button_Add' is clicked on

2018-05-31 13:43:32 - [TEST_STEP][PASSED] - delay: Delayed 1 second(s)

2018-05-31 13:43:33 - [MESSAGE][PASSED] - Delayed 1 second(s)

2018-05-31 13:43:33 - [TEST_STEP][PASSED] - selectOptionByIndex: All options with index in [1] are selected on object 'Object Repository/DispensaryToCms/Page_Dispensary Store/select_--Select--Schedule 1Inj'

2018-05-31 13:43:33 - [MESSAGE][PASSED] - All options with index in [1] are selected on object 'Object Repository/DispensaryToCms/Page_Dispensary Store/select_--Select--Schedule 1Inj'

2018-05-31 13:43:33 - [TEST_STEP][PASSED] - delay: Delayed 1 second(s)

2018-05-31 13:43:34 - [MESSAGE][PASSED] - Delayed 1 second(s)

2018-05-31 13:43:34 - [TEST_STEP][PASSED] - selectOptionByIndex: All options with index in [30] are selected on object 'Object Repository/DispensaryToCms/Page_Dispensary Store/select_--Select--Adernaline 0.'

2018-05-31 13:43:35 - [MESSAGE][PASSED] - All options with index in [30] are selected on object 'Object Repository/DispensaryToCms/Page_Dispensary Store/select_--Select--Adernaline 0.'

2018-05-31 13:43:35 - [TEST_STEP][PASSED] - setText: Text '100' is set on object 'Object Repository/DispensaryToCms/Page_Dispensary Store/input_txttreat'

2018-05-31 13:43:35 - [MESSAGE][PASSED] - Text '100' is set on object 'Object Repository/DispensaryToCms/Page_Dispensary Store/input_txttreat'

2018-05-31 13:43:35 - [TEST_STEP][PASSED] - click: Object: 'Object Repository/DispensaryToCms/Page_Dispensary Store/button_Add' is clicked on

2018-05-31 13:43:35 - [MESSAGE][PASSED] - Object: 'Object Repository/DispensaryToCms/Page_Dispensary Store/button_Add' is clicked on

2018-05-31 13:43:35 - [TEST_STEP][PASSED] - delay: Delayed 1 second(s)

2018-05-31 13:43:36 - [MESSAGE][PASSED] - Delayed 1 second(s)

2018-05-31 13:43:36 - [TEST_STEP][PASSED] - selectOptionByIndex: All options with index in [1] are selected on object 'Object Repository/DispensaryToCms/Page_Dispensary Store/select_--Select--Schedule 1Inj'

2018-05-31 13:43:36 - [MESSAGE][PASSED] - All options with index in [1] are selected on object 'Object Repository/DispensaryToCms/Page_Dispensary Store/select_--Select--Schedule 1Inj'

2018-05-31 13:43:36 - [TEST_STEP][PASSED] - delay: Delayed 1 second(s)

2018-05-31 13:43:37 - [MESSAGE][PASSED] - Delayed 1 second(s)

2018-05-31 13:43:37 - [TEST_STEP][PASSED] - selectOptionByIndex: All options with index in [31] are selected on object 'Object Repository/DispensaryToCms/Page_Dispensary Store/select_--Select--Adernaline 0.'

2018-05-31 13:43:37 - [MESSAGE][PASSED] - All options with index in [31] are selected on object 'Object Repository/DispensaryToCms/Page_Dispensary Store/select_--Select--Adernaline 0.'

2018-05-31 13:43:37 - [TEST_STEP][PASSED] - setText: Text '100' is set on object 'Object Repository/DispensaryToCms/Page_Dispensary Store/input_txttreat'

2018-05-31 13:43:37 - [MESSAGE][PASSED] - Text '100' is set on object 'Object Repository/DispensaryToCms/Page_Dispensary Store/input_txttreat'

2018-05-31 13:43:37 - [TEST_STEP][PASSED] - click: Object: 'Object Repository/DispensaryToCms/Page_Dispensary Store/button_Add' is clicked on

2018-05-31 13:43:38 - [MESSAGE][PASSED] - Object: 'Object Repository/DispensaryToCms/Page_Dispensary Store/button_Add' is clicked on

2018-05-31 13:43:38 - [TEST_STEP][PASSED] - delay: Delayed 1 second(s)

2018-05-31 13:43:39 - [MESSAGE][PASSED] - Delayed 1 second(s)

2018-05-31 13:43:39 - [TEST_STEP][PASSED] - selectOptionByIndex: All options with index in [1] are selected on object 'Object Repository/DispensaryToCms/Page_Dispensary Store/select_--Select--Schedule 1Inj'

2018-05-31 13:43:39 - [MESSAGE][PASSED] - All options with index in [1] are selected on object 'Object Repository/DispensaryToCms/Page_Dispensary Store/select_--Select--Schedule 1Inj'

2018-05-31 13:43:39 - [TEST_STEP][PASSED] - delay: Delayed 1 second(s)

2018-05-31 13:43:40 - [MESSAGE][PASSED] - Delayed 1 second(s)

2018-05-31 13:43:40 - [TEST_STEP][PASSED] - selectOptionByIndex: All options with index in [32] are selected on object 'Object Repository/DispensaryToCms/Page_Dispensary Store/select_--Select--Adernaline 0.'

2018-05-31 13:43:40 - [MESSAGE][PASSED] - All options with index in [32] are selected on object 'Object Repository/DispensaryToCms/Page_Dispensary Store/select_--Select--Adernaline 0.'

2018-05-31 13:43:40 - [TEST_STEP][PASSED] - setText: Text '100' is set on object 'Object Repository/DispensaryToCms/Page_Dispensary Store/input_txttreat'

2018-05-31 13:43:40 - [MESSAGE][PASSED] - Text '100' is set on object 'Object Repository/DispensaryToCms/Page_Dispensary Store/input_txttreat'

2018-05-31 13:43:40 - [TEST_STEP][PASSED] - click: Object: 'Object Repository/DispensaryToCms/Page_Dispensary Store/button_Add' is clicked on

2018-05-31 13:43:40 - [MESSAGE][PASSED] - Object: 'Object Repository/DispensaryToCms/Page_Dispensary Store/button_Add' is clicked on

2018-05-31 13:43:40 - [TEST_STEP][PASSED] - delay: Delayed 1 second(s)

2018-05-31 13:43:41 - [MESSAGE][PASSED] - Delayed 1 second(s)

2018-05-31 13:43:41 - [TEST_STEP][PASSED] - selectOptionByIndex: All options with index in [1] are selected on object 'Object Repository/DispensaryToCms/Page_Dispensary Store/select_--Select--Schedule 1Inj'

2018-05-31 13:43:41 - [MESSAGE][PASSED] - All options with index in [1] are selected on object 'Object Repository/DispensaryToCms/Page_Dispensary Store/select_--Select--Schedule 1Inj'

2018-05-31 13:43:41 - [TEST_STEP][PASSED] - delay: Delayed 1 second(s)

2018-05-31 13:43:42 - [MESSAGE][PASSED] - Delayed 1 second(s)

2018-05-31 13:43:42 - [TEST_STEP][PASSED] - selectOptionByIndex: All options with index in [33] are selected on object 'Object Repository/DispensaryToCms/Page_Dispensary Store/select_--Select--Adernaline 0.'

2018-05-31 13:43:43 - [MESSAGE][PASSED] - All options with index in [33] are selected on object 'Object Repository/DispensaryToCms/Page_Dispensary Store/select_--Select--Adernaline 0.'

2018-05-31 13:43:43 - [TEST_STEP][PASSED] - setText: Text '100' is set on object 'Object Repository/DispensaryToCms/Page_Dispensary Store/input_txttreat'

2018-05-31 13:43:43 - [MESSAGE][PASSED] - Text '100' is set on object 'Object Repository/DispensaryToCms/Page_Dispensary Store/input_txttreat'

2018-05-31 13:43:43 - [TEST_STEP][PASSED] - click: Object: 'Object Repository/DispensaryToCms/Page_Dispensary Store/button_Add' is clicked on

2018-05-31 13:43:43 - [MESSAGE][PASSED] - Object: 'Object Repository/DispensaryToCms/Page_Dispensary Store/button_Add' is clicked on

2018-05-31 13:43:43 - [TEST_STEP][PASSED] - delay: Delayed 1 second(s)

2018-05-31 13:43:44 - [MESSAGE][PASSED] - Delayed 1 second(s)

2018-05-31 13:43:44 - [TEST_STEP][PASSED] - selectOptionByIndex: All options with index in [1] are selected on object 'Object Repository/DispensaryToCms/Page_Dispensary Store/select_--Select--Schedule 1Inj'

2018-05-31 13:43:44 - [MESSAGE][PASSED] - All options with index in [1] are selected on object 'Object Repository/DispensaryToCms/Page_Dispensary Store/select_--Select--Schedule 1Inj'

2018-05-31 13:43:44 - [TEST_STEP][PASSED] - delay: Delayed 1 second(s)

2018-05-31 13:43:45 - [MESSAGE][PASSED] - Delayed 1 second(s)

2018-05-31 13:43:45 - [TEST_STEP][PASSED] - selectOptionByIndex: All options with index in [34] are selected on object 'Object Repository/DispensaryToCms/Page_Dispensary Store/select_--Select--Adernaline 0.'

2018-05-31 13:43:46 - [MESSAGE][PASSED] - All options with index in [34] are selected on object 'Object Repository/DispensaryToCms/Page_Dispensary Store/select_--Select--Adernaline 0.'

2018-05-31 13:43:46 - [TEST_STEP][PASSED] - setText: Text '100' is set on object 'Object Repository/DispensaryToCms/Page_Dispensary Store/input_txttreat'

2018-05-31 13:43:46 - [MESSAGE][PASSED] - Text '100' is set on object 'Object Repository/DispensaryToCms/Page_Dispensary Store/input_txttreat'

2018-05-31 13:43:46 - [TEST_STEP][PASSED] - click: Object: 'Object Repository/DispensaryToCms/Page_Dispensary Store/button_Add' is clicked on

2018-05-31 13:43:46 - [MESSAGE][PASSED] - Object: 'Object Repository/DispensaryToCms/Page_Dispensary Store/button_Add' is clicked on

2018-05-31 13:43:46 - [TEST_STEP][PASSED] - delay: Delayed 1 second(s)

2018-05-31 13:43:47 - [MESSAGE][PASSED] - Delayed 1 second(s)

2018-05-31 13:43:47 - [TEST_STEP][PASSED] - selectOptionByIndex: All options with index in [1] are selected on object 'Object Repository/DispensaryToCms/Page_Dispensary Store/select_--Select--Schedule 1Inj'

2018-05-31 13:43:47 - [MESSAGE][PASSED] - All options with index in [1] are selected on object 'Object Repository/DispensaryToCms/Page_Dispensary Store/select_--Select--Schedule 1Inj'

2018-05-31 13:43:47 - [TEST_STEP][PASSED] - delay: Delayed 1 second(s)

2018-05-31 13:43:48 - [MESSAGE][PASSED] - Delayed 1 second(s)

2018-05-31 13:43:48 - [TEST_STEP][PASSED] - selectOptionByIndex: All options with index in [35] are selected on object 'Object Repository/DispensaryToCms/Page_Dispensary Store/select_--Select--Adernaline 0.'

2018-05-31 13:43:49 - [MESSAGE][PASSED] - All options with index in [35] are selected on object 'Object Repository/DispensaryToCms/Page_Dispensary Store/select_--Select--Adernaline 0.'

2018-05-31 13:43:49 - [TEST_STEP][PASSED] - setText: Text '100' is set on object 'Object Repository/DispensaryToCms/Page_Dispensary Store/input_txttreat'

2018-05-31 13:43:49 - [MESSAGE][PASSED] - Text '100' is set on object 'Object Repository/DispensaryToCms/Page_Dispensary Store/input_txttreat'

2018-05-31 13:43:49 - [TEST_STEP][PASSED] - click: Object: 'Object Repository/DispensaryToCms/Page_Dispensary Store/button_Add' is clicked on

2018-05-31 13:43:49 - [MESSAGE][PASSED] - Object: 'Object Repository/DispensaryToCms/Page_Dispensary Store/button_Add' is clicked on

2018-05-31 13:43:49 - [TEST_STEP][PASSED] - delay: Delayed 1 second(s)

2018-05-31 13:43:50 - [MESSAGE][PASSED] - Delayed 1 second(s)

2018-05-31 13:43:50 - [TEST_STEP][PASSED] - selectOptionByIndex: All options with index in [1] are selected on object 'Object Repository/DispensaryToCms/Page_Dispensary Store/select_--Select--Schedule 1Inj'

2018-05-31 13:43:50 - [MESSAGE][PASSED] - All options with index in [1] are selected on object 'Object Repository/DispensaryToCms/Page_Dispensary Store/select_--Select--Schedule 1Inj'

2018-05-31 13:43:50 - [TEST_STEP][PASSED] - delay: Delayed 1 second(s)

2018-05-31 13:43:51 - [MESSAGE][PASSED] - Delayed 1 second(s)

2018-05-31 13:43:51 - [TEST_STEP][PASSED] - selectOptionByIndex: All options with index in [36] are selected on object 'Object Repository/DispensaryToCms/Page_Dispensary Store/select_--Select--Adernaline 0.'

2018-05-31 13:43:51 - [MESSAGE][PASSED] - All options with index in [36] are selected on object 'Object Repository/DispensaryToCms/Page_Dispensary Store/select_--Select--Adernaline 0.'

2018-05-31 13:43:51 - [TEST_STEP][PASSED] - setText: Text '100' is set on object 'Object Repository/DispensaryToCms/Page_Dispensary Store/input_txttreat'

2018-05-31 13:43:52 - [MESSAGE][PASSED] - Text '100' is set on object 'Object Repository/DispensaryToCms/Page_Dispensary Store/input_txttreat'

2018-05-31 13:43:52 - [TEST_STEP][PASSED] - click: Object: 'Object Repository/DispensaryToCms/Page_Dispensary Store/button_Add' is clicked on

2018-05-31 13:43:52 - [MESSAGE][PASSED] - Object: 'Object Repository/DispensaryToCms/Page_Dispensary Store/button_Add' is clicked on

2018-05-31 13:43:52 - [TEST_STEP][PASSED] - delay: Delayed 1 second(s)

2018-05-31 13:43:53 - [MESSAGE][PASSED] - Delayed 1 second(s)

2018-05-31 13:43:53 - [TEST_STEP][PASSED] - selectOptionByIndex: All options with index in [1] are selected on object 'Object Repository/DispensaryToCms/Page_Dispensary Store/select_--Select--Schedule 1Inj'

2018-05-31 13:43:53 - [MESSAGE][PASSED] - All options with index in [1] are selected on object 'Object Repository/DispensaryToCms/Page_Dispensary Store/select_--Select--Schedule 1Inj'

2018-05-31 13:43:53 - [TEST_STEP][PASSED] - delay: Delayed 1 second(s)

2018-05-31 13:43:54 - [MESSAGE][PASSED] - Delayed 1 second(s)

2018-05-31 13:43:54 - [TEST_STEP][PASSED] - selectOptionByIndex: All options with index in [37] are selected on object 'Object Repository/DispensaryToCms/Page_Dispensary Store/select_--Select--Adernaline 0.'

2018-05-31 13:43:54 - [MESSAGE][PASSED] - All options with index in [37] are selected on object 'Object Repository/DispensaryToCms/Page_Dispensary Store/select_--Select--Adernaline 0.'

2018-05-31 13:43:54 - [TEST_STEP][PASSED] - setText: Text '100' is set on object 'Object Repository/DispensaryToCms/Page_Dispensary Store/input_txttreat'

2018-05-31 13:43:54 - [MESSAGE][PASSED] - Text '100' is set on object 'Object Repository/DispensaryToCms/Page_Dispensary Store/input_txttreat'

2018-05-31 13:43:54 - [TEST_STEP][PASSED] - click: Object: 'Object Repository/DispensaryToCms/Page_Dispensary Store/button_Add' is clicked on

2018-05-31 13:43:54 - [MESSAGE][PASSED] - Object: 'Object Repository/DispensaryToCms/Page_Dispensary Store/button_Add' is clicked on

2018-05-31 13:43:54 - [TEST_STEP][PASSED] - delay: Delayed 1 second(s)

2018-05-31 13:43:55 - [MESSAGE][PASSED] - Delayed 1 second(s)

2018-05-31 13:43:55 - [TEST_STEP][PASSED] - selectOptionByIndex: All options with index in [1] are selected on object 'Object Repository/DispensaryToCms/Page_Dispensary Store/select_--Select--Schedule 1Inj'

2018-05-31 13:43:56 - [MESSAGE][PASSED] - All options with index in [1] are selected on object 'Object Repository/DispensaryToCms/Page_Dispensary Store/select_--Select--Schedule 1Inj'

2018-05-31 13:43:56 - [TEST_STEP][PASSED] - delay: Delayed 1 second(s)

2018-05-31 13:43:57 - [MESSAGE][PASSED] - Delayed 1 second(s)

2018-05-31 13:43:57 - [TEST_STEP][PASSED] - selectOptionByIndex: All options with index in [38] are selected on object 'Object Repository/DispensaryToCms/Page_Dispensary Store/select_--Select--Adernaline 0.'

2018-05-31 13:43:57 - [MESSAGE][PASSED] - All options with index in [38] are selected on object 'Object Repository/DispensaryToCms/Page_Dispensary Store/select_--Select--Adernaline 0.'

2018-05-31 13:43:57 - [TEST_STEP][PASSED] - setText: Text '100' is set on object 'Object Repository/DispensaryToCms/Page_Dispensary Store/input_txttreat'

2018-05-31 13:43:57 - [MESSAGE][PASSED] - Text '100' is set on object 'Object Repository/DispensaryToCms/Page_Dispensary Store/input_txttreat'

2018-05-31 13:43:57 - [TEST_STEP][PASSED] - click: Object: 'Object Repository/DispensaryToCms/Page_Dispensary Store/button_Add' is clicked on

2018-05-31 13:43:57 - [MESSAGE][PASSED] - Object: 'Object Repository/DispensaryToCms/Page_Dispensary Store/button_Add' is clicked on

2018-05-31 13:43:57 - [TEST_STEP][PASSED] - delay: Delayed 1 second(s)

2018-05-31 13:43:58 - [MESSAGE][PASSED] - Delayed 1 second(s)

2018-05-31 13:43:58 - [TEST_STEP][PASSED] - selectOptionByIndex: All options with index in [1] are selected on object 'Object Repository/DispensaryToCms/Page_Dispensary Store/select_--Select--Schedule 1Inj'

2018-05-31 13:43:58 - [MESSAGE][PASSED] - All options with index in [1] are selected on object 'Object Repository/DispensaryToCms/Page_Dispensary Store/select_--Select--Schedule 1Inj'

2018-05-31 13:43:58 - [TEST_STEP][PASSED] - delay: Delayed 1 second(s)

2018-05-31 13:43:59 - [MESSAGE][PASSED] - Delayed 1 second(s)

2018-05-31 13:43:59 - [TEST_STEP][PASSED] - selectOptionByIndex: All options with index in [39] are selected on object 'Object Repository/DispensaryToCms/Page_Dispensary Store/select_--Select--Adernaline 0.'

2018-05-31 13:44:00 - [MESSAGE][PASSED] - All options with index in [39] are selected on object 'Object Repository/DispensaryToCms/Page_Dispensary Store/select_--Select--Adernaline 0.'

2018-05-31 13:44:00 - [TEST_STEP][PASSED] - setText: Text '100' is set on object 'Object Repository/DispensaryToCms/Page_Dispensary Store/input_txttreat'

2018-05-31 13:44:00 - [MESSAGE][PASSED] - Text '100' is set on object 'Object Repository/DispensaryToCms/Page_Dispensary Store/input_txttreat'

2018-05-31 13:44:00 - [TEST_STEP][PASSED] - click: Object: 'Object Repository/DispensaryToCms/Page_Dispensary Store/button_Add' is clicked on

2018-05-31 13:44:00 - [MESSAGE][PASSED] - Object: 'Object Repository/DispensaryToCms/Page_Dispensary Store/button_Add' is clicked on

2018-05-31 13:44:00 - [TEST_STEP][PASSED] - delay: Delayed 1 second(s)

2018-05-31 13:44:01 - [MESSAGE][PASSED] - Delayed 1 second(s)

2018-05-31 13:44:01 - [TEST_STEP][PASSED] - selectOptionByIndex: All options with index in [1] are selected on object 'Object Repository/DispensaryToCms/Page_Dispensary Store/select_--Select--Schedule 1Inj'

2018-05-31 13:44:01 - [MESSAGE][PASSED] - All options with index in [1] are selected on object 'Object Repository/DispensaryToCms/Page_Dispensary Store/select_--Select--Schedule 1Inj'

2018-05-31 13:44:01 - [TEST_STEP][PASSED] - delay: Delayed 1 second(s)

2018-05-31 13:44:02 - [MESSAGE][PASSED] - Delayed 1 second(s)

2018-05-31 13:44:02 - [TEST_STEP][PASSED] - selectOptionByIndex: All options with index in [40] are selected on object 'Object Repository/DispensaryToCms/Page_Dispensary Store/select_--Select--Adernaline 0.'

2018-05-31 13:44:03 - [MESSAGE][PASSED] - All options with index in [40] are selected on object 'Object Repository/DispensaryToCms/Page_Dispensary Store/select_--Select--Adernaline 0.'

2018-05-31 13:44:03 - [TEST_STEP][PASSED] - setText: Text '100' is set on object 'Object Repository/DispensaryToCms/Page_Dispensary Store/input_txttreat'

2018-05-31 13:44:03 - [MESSAGE][PASSED] - Text '100' is set on object 'Object Repository/DispensaryToCms/Page_Dispensary Store/input_txttreat'

2018-05-31 13:44:03 - [TEST_STEP][PASSED] - click: Object: 'Object Repository/DispensaryToCms/Page_Dispensary Store/button_Add' is clicked on

2018-05-31 13:44:03 - [MESSAGE][PASSED] - Object: 'Object Repository/DispensaryToCms/Page_Dispensary Store/button_Add' is clicked on

2018-05-31 13:44:03 - [TEST_STEP][PASSED] - delay: Delayed 1 second(s)

2018-05-31 13:44:04 - [MESSAGE][PASSED] - Delayed 1 second(s)

2018-05-31 13:44:04 - [TEST_STEP][PASSED] - selectOptionByIndex: All options with index in [1] are selected on object 'Object Repository/DispensaryToCms/Page_Dispensary Store/select_--Select--Schedule 1Inj'

2018-05-31 13:44:04 - [MESSAGE][PASSED] - All options with index in [1] are selected on object 'Object Repository/DispensaryToCms/Page_Dispensary Store/select_--Select--Schedule 1Inj'

2018-05-31 13:44:04 - [TEST_STEP][PASSED] - delay: Delayed 1 second(s)

2018-05-31 13:44:05 - [MESSAGE][PASSED] - Delayed 1 second(s)

2018-05-31 13:44:05 - [TEST_STEP][PASSED] - selectOptionByIndex: All options with index in [41] are selected on object 'Object Repository/DispensaryToCms/Page_Dispensary Store/select_--Select--Adernaline 0.'

2018-05-31 13:44:06 - [MESSAGE][PASSED] - All options with index in [41] are selected on object 'Object Repository/DispensaryToCms/Page_Dispensary Store/select_--Select--Adernaline 0.'

2018-05-31 13:44:06 - [TEST_STEP][PASSED] - setText: Text '100' is set on object 'Object Repository/DispensaryToCms/Page_Dispensary Store/input_txttreat'

2018-05-31 13:44:06 - [MESSAGE][PASSED] - Text '100' is set on object 'Object Repository/DispensaryToCms/Page_Dispensary Store/input_txttreat'

2018-05-31 13:44:06 - [TEST_STEP][PASSED] - click: Object: 'Object Repository/DispensaryToCms/Page_Dispensary Store/button_Add' is clicked on

2018-05-31 13:44:06 - [MESSAGE][PASSED] - Object: 'Object Repository/DispensaryToCms/Page_Dispensary Store/button_Add' is clicked on

2018-05-31 13:44:06 - [TEST_STEP][PASSED] - delay: Delayed 1 second(s)

2018-05-31 13:44:07 - [MESSAGE][PASSED] - Delayed 1 second(s)

2018-05-31 13:44:07 - [TEST_STEP][PASSED] - selectOptionByIndex: All options with index in [1] are selected on object 'Object Repository/DispensaryToCms/Page_Dispensary Store/select_--Select--Schedule 1Inj'

2018-05-31 13:44:07 - [MESSAGE][PASSED] - All options with index in [1] are selected on object 'Object Repository/DispensaryToCms/Page_Dispensary Store/select_--Select--Schedule 1Inj'

2018-05-31 13:44:07 - [TEST_STEP][PASSED] - delay: Delayed 1 second(s)

2018-05-31 13:44:08 - [MESSAGE][PASSED] - Delayed 1 second(s)

2018-05-31 13:44:08 - [TEST_STEP][PASSED] - selectOptionByIndex: All options with index in [42] are selected on object 'Object Repository/DispensaryToCms/Page_Dispensary Store/select_--Select--Adernaline 0.'

2018-05-31 13:44:09 - [MESSAGE][PASSED] - All options with index in [42] are selected on object 'Object Repository/DispensaryToCms/Page_Dispensary Store/select_--Select--Adernaline 0.'

2018-05-31 13:44:09 - [TEST_STEP][PASSED] - setText: Text '100' is set on object 'Object Repository/DispensaryToCms/Page_Dispensary Store/input_txttreat'

2018-05-31 13:44:09 - [MESSAGE][PASSED] - Text '100' is set on object 'Object Repository/DispensaryToCms/Page_Dispensary Store/input_txttreat'

2018-05-31 13:44:09 - [TEST_STEP][PASSED] - click: Object: 'Object Repository/DispensaryToCms/Page_Dispensary Store/button_Add' is clicked on

2018-05-31 13:44:09 - [MESSAGE][PASSED] - Object: 'Object Repository/DispensaryToCms/Page_Dispensary Store/button_Add' is clicked on

2018-05-31 13:44:09 - [TEST_STEP][PASSED] - delay: Delayed 1 second(s)

2018-05-31 13:44:10 - [MESSAGE][PASSED] - Delayed 1 second(s)

2018-05-31 13:44:10 - [TEST_STEP][PASSED] - selectOptionByIndex: All options with index in [1] are selected on object 'Object Repository/DispensaryToCms/Page_Dispensary Store/select_--Select--Schedule 1Inj'

2018-05-31 13:44:10 - [MESSAGE][PASSED] - All options with index in [1] are selected on object 'Object Repository/DispensaryToCms/Page_Dispensary Store/select_--Select--Schedule 1Inj'

2018-05-31 13:44:10 - [TEST_STEP][PASSED] - delay: Delayed 1 second(s)

2018-05-31 13:44:11 - [MESSAGE][PASSED] - Delayed 1 second(s)

2018-05-31 13:44:11 - [TEST_STEP][PASSED] - selectOptionByIndex: All options with index in [43] are selected on object 'Object Repository/DispensaryToCms/Page_Dispensary Store/select_--Select--Adernaline 0.'

2018-05-31 13:44:12 - [MESSAGE][PASSED] - All options with index in [43] are selected on object 'Object Repository/DispensaryToCms/Page_Dispensary Store/select_--Select--Adernaline 0.'

2018-05-31 13:44:12 - [TEST_STEP][PASSED] - setText: Text '100' is set on object 'Object Repository/DispensaryToCms/Page_Dispensary Store/input_txttreat'

2018-05-31 13:44:12 - [MESSAGE][PASSED] - Text '100' is set on object 'Object Repository/DispensaryToCms/Page_Dispensary Store/input_txttreat'

2018-05-31 13:44:12 - [TEST_STEP][PASSED] - click: Object: 'Object Repository/DispensaryToCms/Page_Dispensary Store/button_Add' is clicked on

2018-05-31 13:44:12 - [MESSAGE][PASSED] - Object: 'Object Repository/DispensaryToCms/Page_Dispensary Store/button_Add' is clicked on

2018-05-31 13:44:12 - [TEST_STEP][PASSED] - delay: Delayed 1 second(s)

2018-05-31 13:44:13 - [MESSAGE][PASSED] - Delayed 1 second(s)

2018-05-31 13:44:13 - [TEST_STEP][PASSED] - selectOptionByIndex: All options with index in [1] are selected on object 'Object Repository/DispensaryToCms/Page_Dispensary Store/select_--Select--Schedule 1Inj'

2018-05-31 13:44:13 - [MESSAGE][PASSED] - All options with index in [1] are selected on object 'Object Repository/DispensaryToCms/Page_Dispensary Store/select_--Select--Schedule 1Inj'

2018-05-31 13:44:13 - [TEST_STEP][PASSED] - delay: Delayed 1 second(s)

2018-05-31 13:44:14 - [MESSAGE][PASSED] - Delayed 1 second(s)

2018-05-31 13:44:14 - [TEST_STEP][PASSED] - selectOptionByIndex: All options with index in [44] are selected on object 'Object Repository/DispensaryToCms/Page_Dispensary Store/select_--Select--Adernaline 0.'

2018-05-31 13:44:15 - [MESSAGE][PASSED] - All options with index in [44] are selected on object 'Object Repository/DispensaryToCms/Page_Dispensary Store/select_--Select--Adernaline 0.'

2018-05-31 13:44:15 - [TEST_STEP][PASSED] - setText: Text '100' is set on object 'Object Repository/DispensaryToCms/Page_Dispensary Store/input_txttreat'

2018-05-31 13:44:15 - [MESSAGE][PASSED] - Text '100' is set on object 'Object Repository/DispensaryToCms/Page_Dispensary Store/input_txttreat'

2018-05-31 13:44:15 - [TEST_STEP][PASSED] - click: Object: 'Object Repository/DispensaryToCms/Page_Dispensary Store/button_Add' is clicked on

2018-05-31 13:44:15 - [MESSAGE][PASSED] - Object: 'Object Repository/DispensaryToCms/Page_Dispensary Store/button_Add' is clicked on

2018-05-31 13:44:15 - [TEST_STEP][PASSED] - delay: Delayed 1 second(s)

2018-05-31 13:44:16 - [MESSAGE][PASSED] - Delayed 1 second(s)

2018-05-31 13:44:16 - [TEST_STEP][PASSED] - selectOptionByIndex: All options with index in [1] are selected on object 'Object Repository/DispensaryToCms/Page_Dispensary Store/select_--Select--Schedule 1Inj'

2018-05-31 13:44:16 - [MESSAGE][PASSED] - All options with index in [1] are selected on object 'Object Repository/DispensaryToCms/Page_Dispensary Store/select_--Select--Schedule 1Inj'

2018-05-31 13:44:16 - [TEST_STEP][PASSED] - delay: Delayed 1 second(s)

2018-05-31 13:44:17 - [MESSAGE][PASSED] - Delayed 1 second(s)

2018-05-31 13:44:17 - [TEST_STEP][PASSED] - selectOptionByIndex: All options with index in [45] are selected on object 'Object Repository/DispensaryToCms/Page_Dispensary Store/select_--Select--Adernaline 0.'

2018-05-31 13:44:18 - [MESSAGE][PASSED] - All options with index in [45] are selected on object 'Object Repository/DispensaryToCms/Page_Dispensary Store/select_--Select--Adernaline 0.'

2018-05-31 13:44:18 - [TEST_STEP][PASSED] - setText: Text '100' is set on object 'Object Repository/DispensaryToCms/Page_Dispensary Store/input_txttreat'

2018-05-31 13:44:18 - [MESSAGE][PASSED] - Text '100' is set on object 'Object Repository/DispensaryToCms/Page_Dispensary Store/input_txttreat'

2018-05-31 13:44:18 - [TEST_STEP][PASSED] - click: Object: 'Object Repository/DispensaryToCms/Page_Dispensary Store/button_Add' is clicked on

2018-05-31 13:44:18 - [MESSAGE][PASSED] - Object: 'Object Repository/DispensaryToCms/Page_Dispensary Store/button_Add' is clicked on

2018-05-31 13:44:18 - [TEST_STEP][PASSED] - delay: Delayed 1 second(s)

2018-05-31 13:44:19 - [MESSAGE][PASSED] - Delayed 1 second(s)

2018-05-31 13:44:19 - [TEST_STEP][PASSED] - selectOptionByIndex: All options with index in [1] are selected on object 'Object Repository/DispensaryToCms/Page_Dispensary Store/select_--Select--Schedule 1Inj'

2018-05-31 13:44:19 - [MESSAGE][PASSED] - All options with index in [1] are selected on object 'Object Repository/DispensaryToCms/Page_Dispensary Store/select_--Select--Schedule 1Inj'

2018-05-31 13:44:19 - [TEST_STEP][PASSED] - delay: Delayed 1 second(s)

2018-05-31 13:44:20 - [MESSAGE][PASSED] - Delayed 1 second(s)

2018-05-31 13:44:20 - [TEST_STEP][PASSED] - selectOptionByIndex: All options with index in [46] are selected on object 'Object Repository/DispensaryToCms/Page_Dispensary Store/select_--Select--Adernaline 0.'

2018-05-31 13:44:20 - [MESSAGE][PASSED] - All options with index in [46] are selected on object 'Object Repository/DispensaryToCms/Page_Dispensary Store/select_--Select--Adernaline 0.'

2018-05-31 13:44:20 - [TEST_STEP][PASSED] - setText: Text '100' is set on object 'Object Repository/DispensaryToCms/Page_Dispensary Store/input_txttreat'

2018-05-31 13:44:21 - [MESSAGE][PASSED] - Text '100' is set on object 'Object Repository/DispensaryToCms/Page_Dispensary Store/input_txttreat'

2018-05-31 13:44:21 - [TEST_STEP][PASSED] - click: Object: 'Object Repository/DispensaryToCms/Page_Dispensary Store/button_Add' is clicked on

2018-05-31 13:44:21 - [MESSAGE][PASSED] - Object: 'Object Repository/DispensaryToCms/Page_Dispensary Store/button_Add' is clicked on

2018-05-31 13:44:21 - [TEST_STEP][PASSED] - delay: Delayed 1 second(s)

2018-05-31 13:44:22 - [MESSAGE][PASSED] - Delayed 1 second(s)

2018-05-31 13:44:22 - [TEST_STEP][PASSED] - selectOptionByIndex: All options with index in [1] are selected on object 'Object Repository/DispensaryToCms/Page_Dispensary Store/select_--Select--Schedule 1Inj'

2018-05-31 13:44:22 - [MESSAGE][PASSED] - All options with index in [1] are selected on object 'Object Repository/DispensaryToCms/Page_Dispensary Store/select_--Select--Schedule 1Inj'

2018-05-31 13:44:22 - [TEST_STEP][PASSED] - delay: Delayed 1 second(s)

2018-05-31 13:44:23 - [MESSAGE][PASSED] - Delayed 1 second(s)

2018-05-31 13:44:23 - [TEST_STEP][PASSED] - selectOptionByIndex: All options with index in [47] are selected on object 'Object Repository/DispensaryToCms/Page_Dispensary Store/select_--Select--Adernaline 0.'

2018-05-31 13:44:23 - [MESSAGE][PASSED] - All options with index in [47] are selected on object 'Object Repository/DispensaryToCms/Page_Dispensary Store/select_--Select--Adernaline 0.'

2018-05-31 13:44:23 - [TEST_STEP][PASSED] - setText: Text '100' is set on object 'Object Repository/DispensaryToCms/Page_Dispensary Store/input_txttreat'

2018-05-31 13:44:23 - [MESSAGE][PASSED] - Text '100' is set on object 'Object Repository/DispensaryToCms/Page_Dispensary Store/input_txttreat'

2018-05-31 13:44:23 - [TEST_STEP][PASSED] - click: Object: 'Object Repository/DispensaryToCms/Page_Dispensary Store/button_Add' is clicked on

2018-05-31 13:44:24 - [MESSAGE][PASSED] - Object: 'Object Repository/DispensaryToCms/Page_Dispensary Store/button_Add' is clicked on

2018-05-31 13:44:24 - [TEST_STEP][PASSED] - delay: Delayed 1 second(s)

2018-05-31 13:44:25 - [MESSAGE][PASSED] - Delayed 1 second(s)

2018-05-31 13:44:25 - [TEST_STEP][PASSED] - selectOptionByIndex: All options with index in [1] are selected on object 'Object Repository/DispensaryToCms/Page_Dispensary Store/select_--Select--Schedule 1Inj'

2018-05-31 13:44:25 - [MESSAGE][PASSED] - All options with index in [1] are selected on object 'Object Repository/DispensaryToCms/Page_Dispensary Store/select_--Select--Schedule 1Inj'

2018-05-31 13:44:25 - [TEST_STEP][PASSED] - delay: Delayed 1 second(s)

2018-05-31 13:44:26 - [MESSAGE][PASSED] - Delayed 1 second(s)

2018-05-31 13:44:26 - [TEST_STEP][PASSED] - selectOptionByIndex: All options with index in [48] are selected on object 'Object Repository/DispensaryToCms/Page_Dispensary Store/select_--Select--Adernaline 0.'

2018-05-31 13:44:26 - [MESSAGE][PASSED] - All options with index in [48] are selected on object 'Object Repository/DispensaryToCms/Page_Dispensary Store/select_--Select--Adernaline 0.'

2018-05-31 13:44:26 - [TEST_STEP][PASSED] - setText: Text '100' is set on object 'Object Repository/DispensaryToCms/Page_Dispensary Store/input_txttreat'

2018-05-31 13:44:26 - [MESSAGE][PASSED] - Text '100' is set on object 'Object Repository/DispensaryToCms/Page_Dispensary Store/input_txttreat'

2018-05-31 13:44:26 - [TEST_STEP][PASSED] - click: Object: 'Object Repository/DispensaryToCms/Page_Dispensary Store/button_Add' is clicked on

2018-05-31 13:44:26 - [MESSAGE][PASSED] - Object: 'Object Repository/DispensaryToCms/Page_Dispensary Store/button_Add' is clicked on

2018-05-31 13:44:26 - [TEST_STEP][PASSED] - delay: Delayed 1 second(s)

2018-05-31 13:44:27 - [MESSAGE][PASSED] - Delayed 1 second(s)

2018-05-31 13:44:27 - [TEST_STEP][PASSED] - selectOptionByIndex: All options with index in [1] are selected on object 'Object Repository/DispensaryToCms/Page_Dispensary Store/select_--Select--Schedule 1Inj'

2018-05-31 13:44:28 - [MESSAGE][PASSED] - All options with index in [1] are selected on object 'Object Repository/DispensaryToCms/Page_Dispensary Store/select_--Select--Schedule 1Inj'

2018-05-31 13:44:28 - [TEST_STEP][PASSED] - delay: Delayed 1 second(s)

2018-05-31 13:44:29 - [MESSAGE][PASSED] - Delayed 1 second(s)

2018-05-31 13:44:29 - [TEST_STEP][PASSED] - selectOptionByIndex: All options with index in [49] are selected on object 'Object Repository/DispensaryToCms/Page_Dispensary Store/select_--Select--Adernaline 0.'

2018-05-31 13:44:29 - [MESSAGE][PASSED] - All options with index in [49] are selected on object 'Object Repository/DispensaryToCms/Page_Dispensary Store/select_--Select--Adernaline 0.'

2018-05-31 13:44:29 - [TEST_STEP][PASSED] - setText: Text '100' is set on object 'Object Repository/DispensaryToCms/Page_Dispensary Store/input_txttreat'

2018-05-31 13:44:29 - [MESSAGE][PASSED] - Text '100' is set on object 'Object Repository/DispensaryToCms/Page_Dispensary Store/input_txttreat'

2018-05-31 13:44:29 - [TEST_STEP][PASSED] - click: Object: 'Object Repository/DispensaryToCms/Page_Dispensary Store/button_Add' is clicked on

2018-05-31 13:44:29 - [MESSAGE][PASSED] - Object: 'Object Repository/DispensaryToCms/Page_Dispensary Store/button_Add' is clicked on

2018-05-31 13:44:29 - [TEST_STEP][PASSED] - delay: Delayed 1 second(s)

2018-05-31 13:44:30 - [MESSAGE][PASSED] - Delayed 1 second(s)

2018-05-31 13:44:30 - [TEST_STEP][PASSED] - selectOptionByIndex: All options with index in [1] are selected on object 'Object Repository/DispensaryToCms/Page_Dispensary Store/select_--Select--Schedule 1Inj'

2018-05-31 13:44:31 - [MESSAGE][PASSED] - All options with index in [1] are selected on object 'Object Repository/DispensaryToCms/Page_Dispensary Store/select_--Select--Schedule 1Inj'

2018-05-31 13:44:31 - [TEST_STEP][PASSED] - delay: Delayed 1 second(s)

2018-05-31 13:44:32 - [MESSAGE][PASSED] - Delayed 1 second(s)

2018-05-31 13:44:32 - [TEST_STEP][PASSED] - selectOptionByIndex: All options with index in [50] are selected on object 'Object Repository/DispensaryToCms/Page_Dispensary Store/select_--Select--Adernaline 0.'

2018-05-31 13:44:32 - [MESSAGE][PASSED] - All options with index in [50] are selected on object 'Object Repository/DispensaryToCms/Page_Dispensary Store/select_--Select--Adernaline 0.'

2018-05-31 13:44:32 - [TEST_STEP][PASSED] - setText: Text '100' is set on object 'Object Repository/DispensaryToCms/Page_Dispensary Store/input_txttreat'

2018-05-31 13:44:32 - [MESSAGE][PASSED] - Text '100' is set on object 'Object Repository/DispensaryToCms/Page_Dispensary Store/input_txttreat'

2018-05-31 13:44:32 - [TEST_STEP][PASSED] - click: Object: 'Object Repository/DispensaryToCms/Page_Dispensary Store/button_Add' is clicked on

2018-05-31 13:44:33 - [MESSAGE][PASSED] - Object: 'Object Repository/DispensaryToCms/Page_Dispensary Store/button_Add' is clicked on

2018-05-31 13:44:33 - [TEST_STEP][PASSED] - delay: Delayed 1 second(s)

2018-05-31 13:44:34 - [MESSAGE][PASSED] - Delayed 1 second(s)

2018-05-31 13:44:34 - [TEST_STEP][PASSED] - selectOptionByIndex: All options with index in [1] are selected on object 'Object Repository/DispensaryToCms/Page_Dispensary Store/select_--Select--Schedule 1Inj'

2018-05-31 13:44:34 - [MESSAGE][PASSED] - All options with index in [1] are selected on object 'Object Repository/DispensaryToCms/Page_Dispensary Store/select_--Select--Schedule 1Inj'

2018-05-31 13:44:34 - [TEST_STEP][PASSED] - delay: Delayed 1 second(s)

2018-05-31 13:44:35 - [MESSAGE][PASSED] - Delayed 1 second(s)

2018-05-31 13:44:35 - [TEST_STEP][PASSED] - selectOptionByIndex: All options with index in [51] are selected on object 'Object Repository/DispensaryToCms/Page_Dispensary Store/select_--Select--Adernaline 0.'

2018-05-31 13:44:35 - [MESSAGE][PASSED] - All options with index in [51] are selected on object 'Object Repository/DispensaryToCms/Page_Dispensary Store/select_--Select--Adernaline 0.'

2018-05-31 13:44:35 - [TEST_STEP][PASSED] - setText: Text '100' is set on object 'Object Repository/DispensaryToCms/Page_Dispensary Store/input_txttreat'

2018-05-31 13:44:35 - [MESSAGE][PASSED] - Text '100' is set on object 'Object Repository/DispensaryToCms/Page_Dispensary Store/input_txttreat'

2018-05-31 13:44:35 - [TEST_STEP][PASSED] - click: Object: 'Object Repository/DispensaryToCms/Page_Dispensary Store/button_Add' is clicked on

2018-05-31 13:44:36 - [MESSAGE][PASSED] - Object: 'Object Repository/DispensaryToCms/Page_Dispensary Store/button_Add' is clicked on

2018-05-31 13:44:36 - [TEST_STEP][PASSED] - delay: Delayed 1 second(s)

2018-05-31 13:44:37 - [MESSAGE][PASSED] - Delayed 1 second(s)

2018-05-31 13:44:37 - [TEST_STEP][PASSED] - selectOptionByIndex: All options with index in [1] are selected on object 'Object Repository/DispensaryToCms/Page_Dispensary Store/select_--Select--Schedule 1Inj'

2018-05-31 13:44:37 - [MESSAGE][PASSED] - All options with index in [1] are selected on object 'Object Repository/DispensaryToCms/Page_Dispensary Store/select_--Select--Schedule 1Inj'

2018-05-31 13:44:37 - [TEST_STEP][PASSED] - delay: Delayed 1 second(s)

2018-05-31 13:44:38 - [MESSAGE][PASSED] - Delayed 1 second(s)

2018-05-31 13:44:38 - [TEST_STEP][PASSED] - selectOptionByIndex: All options with index in [52] are selected on object 'Object Repository/DispensaryToCms/Page_Dispensary Store/select_--Select--Adernaline 0.'

2018-05-31 13:44:38 - [MESSAGE][PASSED] - All options with index in [52] are selected on object 'Object Repository/DispensaryToCms/Page_Dispensary Store/select_--Select--Adernaline 0.'

2018-05-31 13:44:38 - [TEST_STEP][PASSED] - setText: Text '100' is set on object 'Object Repository/DispensaryToCms/Page_Dispensary Store/input_txttreat'

2018-05-31 13:44:38 - [MESSAGE][PASSED] - Text '100' is set on object 'Object Repository/DispensaryToCms/Page_Dispensary Store/input_txttreat'

2018-05-31 13:44:38 - [TEST_STEP][PASSED] - click: Object: 'Object Repository/DispensaryToCms/Page_Dispensary Store/button_Add' is clicked on

2018-05-31 13:44:39 - [MESSAGE][PASSED] - Object: 'Object Repository/DispensaryToCms/Page_Dispensary Store/button_Add' is clicked on

2018-05-31 13:44:39 - [TEST_STEP][PASSED] - delay: Delayed 1 second(s)

2018-05-31 13:44:40 - [MESSAGE][PASSED] - Delayed 1 second(s)

2018-05-31 13:44:40 - [TEST_STEP][PASSED] - selectOptionByIndex: All options with index in [1] are selected on object 'Object Repository/DispensaryToCms/Page_Dispensary Store/select_--Select--Schedule 1Inj'

2018-05-31 13:44:40 - [MESSAGE][PASSED] - All options with index in [1] are selected on object 'Object Repository/DispensaryToCms/Page_Dispensary Store/select_--Select--Schedule 1Inj'

2018-05-31 13:44:40 - [TEST_STEP][PASSED] - delay: Delayed 1 second(s)

2018-05-31 13:44:41 - [MESSAGE][PASSED] - Delayed 1 second(s)

2018-05-31 13:44:41 - [TEST_STEP][PASSED] - selectOptionByIndex: All options with index in [53] are selected on object 'Object Repository/DispensaryToCms/Page_Dispensary Store/select_--Select--Adernaline 0.'

2018-05-31 13:44:41 - [MESSAGE][PASSED] - All options with index in [53] are selected on object 'Object Repository/DispensaryToCms/Page_Dispensary Store/select_--Select--Adernaline 0.'

2018-05-31 13:44:41 - [TEST_STEP][PASSED] - setText: Text '100' is set on object 'Object Repository/DispensaryToCms/Page_Dispensary Store/input_txttreat'

2018-05-31 13:44:42 - [MESSAGE][PASSED] - Text '100' is set on object 'Object Repository/DispensaryToCms/Page_Dispensary Store/input_txttreat'

2018-05-31 13:44:42 - [TEST_STEP][PASSED] - click: Object: 'Object Repository/DispensaryToCms/Page_Dispensary Store/button_Add' is clicked on

2018-05-31 13:44:42 - [MESSAGE][PASSED] - Object: 'Object Repository/DispensaryToCms/Page_Dispensary Store/button_Add' is clicked on

2018-05-31 13:44:42 - [TEST_STEP][PASSED] - delay: Delayed 1 second(s)

2018-05-31 13:44:43 - [MESSAGE][PASSED] - Delayed 1 second(s)

2018-05-31 13:44:43 - [TEST_STEP][PASSED] - selectOptionByIndex: All options with index in [1] are selected on object 'Object Repository/DispensaryToCms/Page_Dispensary Store/select_--Select--Schedule 1Inj'

2018-05-31 13:44:43 - [MESSAGE][PASSED] - All options with index in [1] are selected on object 'Object Repository/DispensaryToCms/Page_Dispensary Store/select_--Select--Schedule 1Inj'

2018-05-31 13:44:43 - [TEST_STEP][PASSED] - delay: Delayed 1 second(s)

2018-05-31 13:44:44 - [MESSAGE][PASSED] - Delayed 1 second(s)

2018-05-31 13:44:44 - [TEST_STEP][PASSED] - selectOptionByIndex: All options with index in [54] are selected on object 'Object Repository/DispensaryToCms/Page_Dispensary Store/select_--Select--Adernaline 0.'

2018-05-31 13:44:44 - [MESSAGE][PASSED] - All options with index in [54] are selected on object 'Object Repository/DispensaryToCms/Page_Dispensary Store/select_--Select--Adernaline 0.'

2018-05-31 13:44:44 - [TEST_STEP][PASSED] - setText: Text '100' is set on object 'Object Repository/DispensaryToCms/Page_Dispensary Store/input_txttreat'

2018-05-31 13:44:45 - [MESSAGE][PASSED] - Text '100' is set on object 'Object Repository/DispensaryToCms/Page_Dispensary Store/input_txttreat'

2018-05-31 13:44:45 - [TEST_STEP][PASSED] - click: Object: 'Object Repository/DispensaryToCms/Page_Dispensary Store/button_Add' is clicked on

2018-05-31 13:44:45 - [MESSAGE][PASSED] - Object: 'Object Repository/DispensaryToCms/Page_Dispensary Store/button_Add' is clicked on

2018-05-31 13:44:45 - [TEST_STEP][PASSED] - delay: Delayed 1 second(s)

2018-05-31 13:44:46 - [MESSAGE][PASSED] - Delayed 1 second(s)

2018-05-31 13:44:46 - [TEST_STEP][PASSED] - selectOptionByIndex: All options with index in [1] are selected on object 'Object Repository/DispensaryToCms/Page_Dispensary Store/select_--Select--Schedule 1Inj'

2018-05-31 13:44:46 - [MESSAGE][PASSED] - All options with index in [1] are selected on object 'Object Repository/DispensaryToCms/Page_Dispensary Store/select_--Select--Schedule 1Inj'

2018-05-31 13:44:46 - [TEST_STEP][PASSED] - delay: Delayed 1 second(s)

2018-05-31 13:44:47 - [MESSAGE][PASSED] - Delayed 1 second(s)

2018-05-31 13:44:47 - [TEST_STEP][PASSED] - selectOptionByIndex: All options with index in [55] are selected on object 'Object Repository/DispensaryToCms/Page_Dispensary Store/select_--Select--Adernaline 0.'

2018-05-31 13:44:48 - [MESSAGE][PASSED] - All options with index in [55] are selected on object 'Object Repository/DispensaryToCms/Page_Dispensary Store/select_--Select--Adernaline 0.'

2018-05-31 13:44:48 - [TEST_STEP][PASSED] - setText: Text '100' is set on object 'Object Repository/DispensaryToCms/Page_Dispensary Store/input_txttreat'

2018-05-31 13:44:48 - [MESSAGE][PASSED] - Text '100' is set on object 'Object Repository/DispensaryToCms/Page_Dispensary Store/input_txttreat'

2018-05-31 13:44:48 - [TEST_STEP][PASSED] - click: Object: 'Object Repository/DispensaryToCms/Page_Dispensary Store/button_Add' is clicked on

2018-05-31 13:44:48 - [MESSAGE][PASSED] - Object: 'Object Repository/DispensaryToCms/Page_Dispensary Store/button_Add' is clicked on

2018-05-31 13:44:48 - [TEST_STEP][PASSED] - delay: Delayed 1 second(s)

2018-05-31 13:44:49 - [MESSAGE][PASSED] - Delayed 1 second(s)

2018-05-31 13:44:49 - [TEST_STEP][PASSED] - selectOptionByIndex: All options with index in [1] are selected on object 'Object Repository/DispensaryToCms/Page_Dispensary Store/select_--Select--Schedule 1Inj'

2018-05-31 13:44:49 - [MESSAGE][PASSED] - All options with index in [1] are selected on object 'Object Repository/DispensaryToCms/Page_Dispensary Store/select_--Select--Schedule 1Inj'

2018-05-31 13:44:49 - [TEST_STEP][PASSED] - delay: Delayed 1 second(s)

2018-05-31 13:44:50 - [MESSAGE][PASSED] - Delayed 1 second(s)

2018-05-31 13:44:50 - [TEST_STEP][PASSED] - selectOptionByIndex: All options with index in [56] are selected on object 'Object Repository/DispensaryToCms/Page_Dispensary Store/select_--Select--Adernaline 0.'

2018-05-31 13:44:51 - [MESSAGE][PASSED] - All options with index in [56] are selected on object 'Object Repository/DispensaryToCms/Page_Dispensary Store/select_--Select--Adernaline 0.'

2018-05-31 13:44:51 - [TEST_STEP][PASSED] - setText: Text '100' is set on object 'Object Repository/DispensaryToCms/Page_Dispensary Store/input_txttreat'

2018-05-31 13:44:51 - [MESSAGE][PASSED] - Text '100' is set on object 'Object Repository/DispensaryToCms/Page_Dispensary Store/input_txttreat'

2018-05-31 13:44:51 - [TEST_STEP][PASSED] - click: Object: 'Object Repository/DispensaryToCms/Page_Dispensary Store/button_Add' is clicked on

2018-05-31 13:44:51 - [MESSAGE][PASSED] - Object: 'Object Repository/DispensaryToCms/Page_Dispensary Store/button_Add' is clicked on

2018-05-31 13:44:51 - [TEST_STEP][PASSED] - delay: Delayed 1 second(s)

2018-05-31 13:44:52 - [MESSAGE][PASSED] - Delayed 1 second(s)

2018-05-31 13:44:52 - [TEST_STEP][PASSED] - selectOptionByIndex: All options with index in [1] are selected on object 'Object Repository/DispensaryToCms/Page_Dispensary Store/select_--Select--Schedule 1Inj'

2018-05-31 13:44:52 - [MESSAGE][PASSED] - All options with index in [1] are selected on object 'Object Repository/DispensaryToCms/Page_Dispensary Store/select_--Select--Schedule 1Inj'

2018-05-31 13:44:52 - [TEST_STEP][PASSED] - delay: Delayed 1 second(s)

2018-05-31 13:44:53 - [MESSAGE][PASSED] - Delayed 1 second(s)

2018-05-31 13:44:53 - [TEST_STEP][PASSED] - selectOptionByIndex: All options with index in [57] are selected on object 'Object Repository/DispensaryToCms/Page_Dispensary Store/select_--Select--Adernaline 0.'

2018-05-31 13:44:54 - [MESSAGE][PASSED] - All options with index in [57] are selected on object 'Object Repository/DispensaryToCms/Page_Dispensary Store/select_--Select--Adernaline 0.'

2018-05-31 13:44:54 - [TEST_STEP][PASSED] - setText: Text '100' is set on object 'Object Repository/DispensaryToCms/Page_Dispensary Store/input_txttreat'

2018-05-31 13:44:54 - [MESSAGE][PASSED] - Text '100' is set on object 'Object Repository/DispensaryToCms/Page_Dispensary Store/input_txttreat'

2018-05-31 13:44:54 - [TEST_STEP][PASSED] - click: Object: 'Object Repository/DispensaryToCms/Page_Dispensary Store/button_Add' is clicked on

2018-05-31 13:44:54 - [MESSAGE][PASSED] - Object: 'Object Repository/DispensaryToCms/Page_Dispensary Store/button_Add' is clicked on

2018-05-31 13:44:54 - [TEST_STEP][PASSED] - delay: Delayed 1 second(s)

2018-05-31 13:44:55 - [MESSAGE][PASSED] - Delayed 1 second(s)

2018-05-31 13:44:55 - [TEST_STEP][PASSED] - selectOptionByIndex: All options with index in [1] are selected on object 'Object Repository/DispensaryToCms/Page_Dispensary Store/select_--Select--Schedule 1Inj'

2018-05-31 13:44:55 - [MESSAGE][PASSED] - All options with index in [1] are selected on object 'Object Repository/DispensaryToCms/Page_Dispensary Store/select_--Select--Schedule 1Inj'

2018-05-31 13:44:55 - [TEST_STEP][PASSED] - delay: Delayed 1 second(s)

2018-05-31 13:44:56 - [MESSAGE][PASSED] - Delayed 1 second(s)

2018-05-31 13:44:56 - [TEST_STEP][PASSED] - selectOptionByIndex: All options with index in [58] are selected on object 'Object Repository/DispensaryToCms/Page_Dispensary Store/select_--Select--Adernaline 0.'

2018-05-31 13:44:57 - [MESSAGE][PASSED] - All options with index in [58] are selected on object 'Object Repository/DispensaryToCms/Page_Dispensary Store/select_--Select--Adernaline 0.'

2018-05-31 13:44:57 - [TEST_STEP][PASSED] - setText: Text '100' is set on object 'Object Repository/DispensaryToCms/Page_Dispensary Store/input_txttreat'

2018-05-31 13:44:57 - [MESSAGE][PASSED] - Text '100' is set on object 'Object Repository/DispensaryToCms/Page_Dispensary Store/input_txttreat'

2018-05-31 13:44:57 - [TEST_STEP][PASSED] - click: Object: 'Object Repository/DispensaryToCms/Page_Dispensary Store/button_Add' is clicked on

2018-05-31 13:44:57 - [MESSAGE][PASSED] - Object: 'Object Repository/DispensaryToCms/Page_Dispensary Store/button_Add' is clicked on

2018-05-31 13:44:57 - [TEST_STEP][PASSED] - delay: Delayed 1 second(s)

2018-05-31 13:44:58 - [MESSAGE][PASSED] - Delayed 1 second(s)

2018-05-31 13:44:58 - [TEST_STEP][PASSED] - selectOptionByIndex: All options with index in [1] are selected on object 'Object Repository/DispensaryToCms/Page_Dispensary Store/select_--Select--Schedule 1Inj'

2018-05-31 13:44:58 - [MESSAGE][PASSED] - All options with index in [1] are selected on object 'Object Repository/DispensaryToCms/Page_Dispensary Store/select_--Select--Schedule 1Inj'

2018-05-31 13:44:58 - [TEST_STEP][PASSED] - delay: Delayed 1 second(s)

2018-05-31 13:44:59 - [MESSAGE][PASSED] - Delayed 1 second(s)

2018-05-31 13:44:59 - [TEST_STEP][PASSED] - selectOptionByIndex: All options with index in [59] are selected on object 'Object Repository/DispensaryToCms/Page_Dispensary Store/select_--Select--Adernaline 0.'

2018-05-31 13:45:00 - [MESSAGE][PASSED] - All options with index in [59] are selected on object 'Object Repository/DispensaryToCms/Page_Dispensary Store/select_--Select--Adernaline 0.'

2018-05-31 13:45:00 - [TEST_STEP][PASSED] - setText: Text '100' is set on object 'Object Repository/DispensaryToCms/Page_Dispensary Store/input_txttreat'

2018-05-31 13:45:00 - [MESSAGE][PASSED] - Text '100' is set on object 'Object Repository/DispensaryToCms/Page_Dispensary Store/input_txttreat'

2018-05-31 13:45:00 - [TEST_STEP][PASSED] - click: Object: 'Object Repository/DispensaryToCms/Page_Dispensary Store/button_Add' is clicked on

2018-05-31 13:45:00 - [MESSAGE][PASSED] - Object: 'Object Repository/DispensaryToCms/Page_Dispensary Store/button_Add' is clicked on

2018-05-31 13:45:00 - [TEST_STEP][PASSED] - delay: Delayed 1 second(s)

2018-05-31 13:45:01 - [MESSAGE][PASSED] - Delayed 1 second(s)

2018-05-31 13:45:01 - [TEST_STEP][PASSED] - selectOptionByIndex: All options with index in [1] are selected on object 'Object Repository/DispensaryToCms/Page_Dispensary Store/select_--Select--Schedule 1Inj'

2018-05-31 13:45:01 - [MESSAGE][PASSED] - All options with index in [1] are selected on object 'Object Repository/DispensaryToCms/Page_Dispensary Store/select_--Select--Schedule 1Inj'

2018-05-31 13:45:01 - [TEST_STEP][PASSED] - delay: Delayed 1 second(s)

2018-05-31 13:45:02 - [MESSAGE][PASSED] - Delayed 1 second(s)

2018-05-31 13:45:02 - [TEST_STEP][PASSED] - selectOptionByIndex: All options with index in [60] are selected on object 'Object Repository/DispensaryToCms/Page_Dispensary Store/select_--Select--Adernaline 0.'

2018-05-31 13:45:03 - [MESSAGE][PASSED] - All options with index in [60] are selected on object 'Object Repository/DispensaryToCms/Page_Dispensary Store/select_--Select--Adernaline 0.'

2018-05-31 13:45:03 - [TEST_STEP][PASSED] - setText: Text '100' is set on object 'Object Repository/DispensaryToCms/Page_Dispensary Store/input_txttreat'

2018-05-31 13:45:03 - [MESSAGE][PASSED] - Text '100' is set on object 'Object Repository/DispensaryToCms/Page_Dispensary Store/input_txttreat'

2018-05-31 13:45:03 - [TEST_STEP][PASSED] - click: Object: 'Object Repository/DispensaryToCms/Page_Dispensary Store/button_Add' is clicked on

2018-05-31 13:45:03 - [MESSAGE][PASSED] - Object: 'Object Repository/DispensaryToCms/Page_Dispensary Store/button_Add' is clicked on

2018-05-31 13:45:03 - [TEST_STEP][PASSED] - delay: Delayed 1 second(s)

2018-05-31 13:45:04 - [MESSAGE][PASSED] - Delayed 1 second(s)

2018-05-31 13:45:04 - [TEST_STEP][PASSED] - selectOptionByIndex: All options with index in [1] are selected on object 'Object Repository/DispensaryToCms/Page_Dispensary Store/select_--Select--Schedule 1Inj'

2018-05-31 13:45:04 - [MESSAGE][PASSED] - All options with index in [1] are selected on object 'Object Repository/DispensaryToCms/Page_Dispensary Store/select_--Select--Schedule 1Inj'

2018-05-31 13:45:04 - [TEST_STEP][PASSED] - delay: Delayed 1 second(s)

2018-05-31 13:45:05 - [MESSAGE][PASSED] - Delayed 1 second(s)

2018-05-31 13:45:05 - [TEST_STEP][PASSED] - selectOptionByIndex: All options with index in [61] are selected on object 'Object Repository/DispensaryToCms/Page_Dispensary Store/select_--Select--Adernaline 0.'

2018-05-31 13:45:06 - [MESSAGE][PASSED] - All options with index in [61] are selected on object 'Object Repository/DispensaryToCms/Page_Dispensary Store/select_--Select--Adernaline 0.'

2018-05-31 13:45:06 - [TEST_STEP][PASSED] - setText: Text '100' is set on object 'Object Repository/DispensaryToCms/Page_Dispensary Store/input_txttreat'

2018-05-31 13:45:06 - [MESSAGE][PASSED] - Text '100' is set on object 'Object Repository/DispensaryToCms/Page_Dispensary Store/input_txttreat'

2018-05-31 13:45:06 - [TEST_STEP][PASSED] - click: Object: 'Object Repository/DispensaryToCms/Page_Dispensary Store/button_Add' is clicked on

2018-05-31 13:45:06 - [MESSAGE][PASSED] - Object: 'Object Repository/DispensaryToCms/Page_Dispensary Store/button_Add' is clicked on

2018-05-31 13:45:06 - [TEST_STEP][PASSED] - delay: Delayed 1 second(s)

2018-05-31 13:45:07 - [MESSAGE][PASSED] - Delayed 1 second(s)

2018-05-31 13:45:07 - [TEST_STEP][PASSED] - selectOptionByIndex: All options with index in [1] are selected on object 'Object Repository/DispensaryToCms/Page_Dispensary Store/select_--Select--Schedule 1Inj'

2018-05-31 13:45:07 - [MESSAGE][PASSED] - All options with index in [1] are selected on object 'Object Repository/DispensaryToCms/Page_Dispensary Store/select_--Select--Schedule 1Inj'

2018-05-31 13:45:07 - [TEST_STEP][PASSED] - delay: Delayed 1 second(s)

2018-05-31 13:45:08 - [MESSAGE][PASSED] - Delayed 1 second(s)

2018-05-31 13:45:08 - [TEST_STEP][PASSED] - selectOptionByIndex: All options with index in [62] are selected on object 'Object Repository/DispensaryToCms/Page_Dispensary Store/select_--Select--Adernaline 0.'

2018-05-31 13:45:09 - [MESSAGE][PASSED] - All options with index in [62] are selected on object 'Object Repository/DispensaryToCms/Page_Dispensary Store/select_--Select--Adernaline 0.'

2018-05-31 13:45:09 - [TEST_STEP][PASSED] - setText: Text '100' is set on object 'Object Repository/DispensaryToCms/Page_Dispensary Store/input_txttreat'

2018-05-31 13:45:09 - [MESSAGE][PASSED] - Text '100' is set on object 'Object Repository/DispensaryToCms/Page_Dispensary Store/input_txttreat'

2018-05-31 13:45:09 - [TEST_STEP][PASSED] - click: Object: 'Object Repository/DispensaryToCms/Page_Dispensary Store/button_Add' is clicked on

2018-05-31 13:45:09 - [MESSAGE][PASSED] - Object: 'Object Repository/DispensaryToCms/Page_Dispensary Store/button_Add' is clicked on

2018-05-31 13:45:09 - [TEST_STEP][PASSED] - delay: Delayed 1 second(s)

2018-05-31 13:45:10 - [MESSAGE][PASSED] - Delayed 1 second(s)

2018-05-31 13:45:10 - [TEST_STEP][PASSED] - scrollToElement: Scroll to object 'Object Repository/DispensaryToCms/Page_Dispensary Store/input_btnsave' successfully

2018-05-31 13:45:10 - [MESSAGE][PASSED] - Scroll to object 'Object Repository/DispensaryToCms/Page_Dispensary Store/input_btnsave' successfully

2018-05-31 13:45:10 - [TEST_STEP][PASSED] - click: Object: 'Object Repository/DispensaryToCms/Page_Dispensary Store/input_btnsave' is clicked on

2018-05-31 13:45:10 - [MESSAGE][PASSED] - Object: 'Object Repository/DispensaryToCms/Page_Dispensary Store/input_btnsave' is clicked on

2018-05-31 13:45:10 - [TEST_STEP][PASSED] - delay: Delayed 3 second(s)

2018-05-31 13:45:13 - [MESSAGE][PASSED] - Delayed 3 second(s)

2018-05-31 13:45:13 - [TEST_STEP][FAILED] - Statement - RN1 = com.kms.katalon.core.webui.keyword.WebUiBuiltInKeywords.getText(com.kms.katalon.core.testobject.ObjectRepository.findTestObject(DispensaryToCms/Page_Dispensary Store/font_PRNO18052018174)): Unable to get text of object 'Object Repository/DispensaryToCms/Page_Dispensary Store/font_PRNO18052018174' (Root cause: com.kms.katalon.core.webui.exception.WebElementNotFoundException: Web element with id: 'Object Repository/DispensaryToCms/Page_Dispensary Store/font_PRNO18052018174' located by 'By.xpath: /html[1]/body[@class="skin-blue  pace-done modal-open"]/div[@class="bootbox modal fade bootbox-alert in"]/div[@class="modal-dialog"]/div[@class="modal-content"]/div[@class="modal-body"]/div[@class="bootbox-body"]/b[1]/font[1]' not found)

2018-05-31 13:45:47 - [MESSAGE][FAILED] - Unable to get text of object 'Object Repository/DispensaryToCms/Page_Dispensary Store/font_PRNO18052018174' (Root cause: com.kms.katalon.core.webui.exception.WebElementNotFoundException: Web element with id: 'Object Repository/DispensaryToCms/Page_Dispensary Store/font_PRNO18052018174' located by 'By.xpath: /html[1]/body[@class="skin-blue  pace-done modal-open"]/div[@class="bootbox modal fade bootbox-alert in"]/div[@class="modal-dialog"]/div[@class="modal-content"]/div[@class="modal-body"]/div[@class="bootbox-body"]/b[1]/font[1]' not found)
[[ATTACHMENT|C:\\Users\\Quality Analyst\\Katalon Studio\\ds\\Reports\\Dispensary_Cms_Suite\\20180531_134142\\1527754546820.png]]]]></system-out>
         <system-err><![CDATA[2018-05-31 13:41:56 - [TEST_CASE][FAILED] - Test Cases/DISPENSARY TEST CASES/TC_DP_013 Verify Schedule 1 Dispensary To CMS Request Are Working Successfully Or Not: Test Cases/DISPENSARY TEST CASES/TC_DP_013 Verify Schedule 1 Dispensary To CMS Request Are Working Successfully Or Not FAILED because (of) Unable to get text of object 'Object Repository/DispensaryToCms/Page_Dispensary Store/font_PRNO18052018174' (Root cause: com.kms.katalon.core.webui.exception.WebElementNotFoundException: Web element with id: 'Object Repository/DispensaryToCms/Page_Dispensary Store/font_PRNO18052018174' located by 'By.xpath: /html[1]/body[@class="skin-blue  pace-done modal-open"]/div[@class="bootbox modal fade bootbox-alert in"]/div[@class="modal-dialog"]/div[@class="modal-content"]/div[@class="modal-body"]/div[@class="bootbox-body"]/b[1]/font[1]' not found)]]></system-err>
      </testcase>
      <testcase name="Test Cases/DISPENSARY TEST CASES/TC_DP_014 Verify Schedule 2 Dispensary To CMS Request Are Working Successfully Or Not" classname="Test Cases/DISPENSARY TEST CASES/TC_DP_014 Verify Schedule 2 Dispensary To CMS Request Are Working Successfully Or Not" status="FAILED">
         <failure type="FAILED" message="Unable to get text of object 'Object Repository/DispensaryToCms/Page_Dispensary Store/font_PRNO18052018174' (Root cause: com.kms.katalon.core.webui.exception.WebElementNotFoundException: Web element with id: 'Object Repository/DispensaryToCms/Page_Dispensary Store/font_PRNO18052018174' located by 'By.xpath: /html[1]/body[@class=&quot;skin-blue  pace-done modal-open&quot;]/div[@class=&quot;bootbox modal fade bootbox-alert in&quot;]/div[@class=&quot;modal-dialog&quot;]/div[@class=&quot;modal-content&quot;]/div[@class=&quot;modal-body&quot;]/div[@class=&quot;bootbox-body&quot;]/b[1]/font[1]' not found)"/>
         <system-out><![CDATA[2018-05-31 13:45:47 - [TEST_CASE][FAILED] - Test Cases/DISPENSARY TEST CASES/TC_DP_014 Verify Schedule 2 Dispensary To CMS Request Are Working Successfully Or Not: Test Cases/DISPENSARY TEST CASES/TC_DP_014 Verify Schedule 2 Dispensary To CMS Request Are Working Successfully Or Not FAILED because (of) Unable to get text of object 'Object Repository/DispensaryToCms/Page_Dispensary Store/font_PRNO18052018174' (Root cause: com.kms.katalon.core.webui.exception.WebElementNotFoundException: Web element with id: 'Object Repository/DispensaryToCms/Page_Dispensary Store/font_PRNO18052018174' located by 'By.xpath: /html[1]/body[@class="skin-blue  pace-done modal-open"]/div[@class="bootbox modal fade bootbox-alert in"]/div[@class="modal-dialog"]/div[@class="modal-content"]/div[@class="modal-body"]/div[@class="bootbox-body"]/b[1]/font[1]' not found)

2018-05-31 13:45:47 - [TEST_STEP][PASSED] - openBrowser: Browser is opened with url: ''

2018-05-31 13:45:47 - [MESSAGE][WARNING] - A browser is already opened. Closing browser and opening a new one

2018-05-31 13:45:50 - [MESSAGE][PASSED] - Browser is opened with url: ''

2018-05-31 13:45:50 - [TEST_STEP][PASSED] - navigateToUrl: Navigate to 'http://192.168.137.1/multihospital_new/HDSplashscreen.aspx' successfully

2018-05-31 13:45:57 - [MESSAGE][PASSED] - Navigate to 'http://192.168.137.1/multihospital_new/HDSplashscreen.aspx' successfully

2018-05-31 13:45:57 - [TEST_STEP][PASSED] - maximizeWindow: Current window maximized

2018-05-31 13:45:58 - [MESSAGE][PASSED] - Current window maximized

2018-05-31 13:45:58 - [TEST_STEP][PASSED] - click: Object: 'Object Repository/DispensaryToCms/Page_KDMC/a_Dispensary Store' is clicked on

2018-05-31 13:45:59 - [MESSAGE][PASSED] - Object: 'Object Repository/DispensaryToCms/Page_KDMC/a_Dispensary Store' is clicked on

2018-05-31 13:45:59 - [TEST_STEP][PASSED] - setText: Text 'rajaram' is set on object 'Object Repository/DispensaryToCms/Page_Dispensary Store Login/input_txtusername'

2018-05-31 13:45:59 - [MESSAGE][PASSED] - Text 'rajaram' is set on object 'Object Repository/DispensaryToCms/Page_Dispensary Store Login/input_txtusername'

2018-05-31 13:45:59 - [TEST_STEP][PASSED] - setText: Text '123' is set on object 'Object Repository/DispensaryToCms/Page_Dispensary Store Login/input_txtpassword'

2018-05-31 13:45:59 - [MESSAGE][PASSED] - Text '123' is set on object 'Object Repository/DispensaryToCms/Page_Dispensary Store Login/input_txtpassword'

2018-05-31 13:45:59 - [TEST_STEP][PASSED] - delay: Delayed 3 second(s)

2018-05-31 13:46:02 - [MESSAGE][PASSED] - Delayed 3 second(s)

2018-05-31 13:46:02 - [TEST_STEP][PASSED] - click: Object: 'Object Repository/DispensaryToCms/Page_Dispensary Store Login/button_Sign in' is clicked on

2018-05-31 13:46:03 - [MESSAGE][PASSED] - Object: 'Object Repository/DispensaryToCms/Page_Dispensary Store Login/button_Sign in' is clicked on

2018-05-31 13:46:03 - [TEST_STEP][PASSED] - delay: Delayed 3 second(s)

2018-05-31 13:46:06 - [MESSAGE][PASSED] - Delayed 3 second(s)

2018-05-31 13:46:06 - [TEST_STEP][PASSED] - click: Object: 'Object Repository/DispensaryToCms/Page_Dispensary Store/a_CMS' is clicked on

2018-05-31 13:46:07 - [MESSAGE][PASSED] - Object: 'Object Repository/DispensaryToCms/Page_Dispensary Store/a_CMS' is clicked on

2018-05-31 13:46:07 - [TEST_STEP][PASSED] - click: Object: 'Object Repository/DispensaryToCms/Page_Dispensary Store/a_Request Send' is clicked on

2018-05-31 13:46:07 - [MESSAGE][PASSED] - Object: 'Object Repository/DispensaryToCms/Page_Dispensary Store/a_Request Send' is clicked on

2018-05-31 13:46:07 - [TEST_STEP][PASSED] - delay: Delayed 2 second(s)

2018-05-31 13:46:09 - [MESSAGE][PASSED] - Delayed 2 second(s)

2018-05-31 13:46:09 - [TEST_STEP][PASSED] - selectOptionByIndex: All options with index in [2] are selected on object 'Object Repository/DispensaryToCms/Page_Dispensary Store/select_--Select--'

2018-05-31 13:46:09 - [MESSAGE][PASSED] - All options with index in [2] are selected on object 'Object Repository/DispensaryToCms/Page_Dispensary Store/select_--Select--'

2018-05-31 13:46:09 - [TEST_STEP][PASSED] - selectOptionByIndex: All options with index in [2] are selected on object 'Object Repository/DispensaryToCms/Page_Dispensary Store/select_--Select--Schedule 1Inj'

2018-05-31 13:46:10 - [MESSAGE][PASSED] - All options with index in [2] are selected on object 'Object Repository/DispensaryToCms/Page_Dispensary Store/select_--Select--Schedule 1Inj'

2018-05-31 13:46:10 - [TEST_STEP][PASSED] - Statement - medicineslength = com.kms.katalon.core.webui.keyword.WebUiBuiltInKeywords.getNumberOfTotalOption(com.kms.katalon.core.testobject.ObjectRepository.findTestObject(DispensaryToCms/Page_Dispensary Store/select_--Select--Adernaline 0.)): 73 options of object 'Object Repository/DispensaryToCms/Page_Dispensary Store/select_--Select--Adernaline 0.' counted

2018-05-31 13:46:10 - [MESSAGE][PASSED] - 73 options of object 'Object Repository/DispensaryToCms/Page_Dispensary Store/select_--Select--Adernaline 0.' counted

2018-05-31 13:46:10 - [TEST_STEP][PASSED] - Statement - For ([e = 1, e <= medicineslength - 1, (e++)]): Delayed 1 second(s)

2018-05-31 13:46:10 - [TEST_STEP][PASSED] - selectOptionByIndex: All options with index in [2] are selected on object 'Object Repository/DispensaryToCms/Page_Dispensary Store/select_--Select--Schedule 1Inj'

2018-05-31 13:46:10 - [MESSAGE][PASSED] - All options with index in [2] are selected on object 'Object Repository/DispensaryToCms/Page_Dispensary Store/select_--Select--Schedule 1Inj'

2018-05-31 13:46:10 - [TEST_STEP][PASSED] - delay: Delayed 1 second(s)

2018-05-31 13:46:11 - [MESSAGE][PASSED] - Delayed 1 second(s)

2018-05-31 13:46:11 - [TEST_STEP][PASSED] - selectOptionByIndex: All options with index in [1] are selected on object 'Object Repository/DispensaryToCms/Page_Dispensary Store/select_--Select--Adernaline 0.'

2018-05-31 13:46:11 - [MESSAGE][PASSED] - All options with index in [1] are selected on object 'Object Repository/DispensaryToCms/Page_Dispensary Store/select_--Select--Adernaline 0.'

2018-05-31 13:46:11 - [TEST_STEP][PASSED] - setText: Text '100' is set on object 'Object Repository/DispensaryToCms/Page_Dispensary Store/input_txttreat'

2018-05-31 13:46:11 - [MESSAGE][PASSED] - Text '100' is set on object 'Object Repository/DispensaryToCms/Page_Dispensary Store/input_txttreat'

2018-05-31 13:46:11 - [TEST_STEP][PASSED] - click: Object: 'Object Repository/DispensaryToCms/Page_Dispensary Store/button_Add' is clicked on

2018-05-31 13:46:11 - [MESSAGE][PASSED] - Object: 'Object Repository/DispensaryToCms/Page_Dispensary Store/button_Add' is clicked on

2018-05-31 13:46:11 - [TEST_STEP][PASSED] - delay: Delayed 1 second(s)

2018-05-31 13:46:12 - [MESSAGE][PASSED] - Delayed 1 second(s)

2018-05-31 13:46:12 - [TEST_STEP][PASSED] - selectOptionByIndex: All options with index in [2] are selected on object 'Object Repository/DispensaryToCms/Page_Dispensary Store/select_--Select--Schedule 1Inj'

2018-05-31 13:46:12 - [MESSAGE][PASSED] - All options with index in [2] are selected on object 'Object Repository/DispensaryToCms/Page_Dispensary Store/select_--Select--Schedule 1Inj'

2018-05-31 13:46:12 - [TEST_STEP][PASSED] - delay: Delayed 1 second(s)

2018-05-31 13:46:13 - [MESSAGE][PASSED] - Delayed 1 second(s)

2018-05-31 13:46:13 - [TEST_STEP][PASSED] - selectOptionByIndex: All options with index in [2] are selected on object 'Object Repository/DispensaryToCms/Page_Dispensary Store/select_--Select--Adernaline 0.'

2018-05-31 13:46:13 - [MESSAGE][PASSED] - All options with index in [2] are selected on object 'Object Repository/DispensaryToCms/Page_Dispensary Store/select_--Select--Adernaline 0.'

2018-05-31 13:46:13 - [TEST_STEP][PASSED] - setText: Text '100' is set on object 'Object Repository/DispensaryToCms/Page_Dispensary Store/input_txttreat'

2018-05-31 13:46:14 - [MESSAGE][PASSED] - Text '100' is set on object 'Object Repository/DispensaryToCms/Page_Dispensary Store/input_txttreat'

2018-05-31 13:46:14 - [TEST_STEP][PASSED] - click: Object: 'Object Repository/DispensaryToCms/Page_Dispensary Store/button_Add' is clicked on

2018-05-31 13:46:14 - [MESSAGE][PASSED] - Object: 'Object Repository/DispensaryToCms/Page_Dispensary Store/button_Add' is clicked on

2018-05-31 13:46:14 - [TEST_STEP][PASSED] - delay: Delayed 1 second(s)

2018-05-31 13:46:15 - [MESSAGE][PASSED] - Delayed 1 second(s)

2018-05-31 13:46:15 - [TEST_STEP][PASSED] - selectOptionByIndex: All options with index in [2] are selected on object 'Object Repository/DispensaryToCms/Page_Dispensary Store/select_--Select--Schedule 1Inj'

2018-05-31 13:46:15 - [MESSAGE][PASSED] - All options with index in [2] are selected on object 'Object Repository/DispensaryToCms/Page_Dispensary Store/select_--Select--Schedule 1Inj'

2018-05-31 13:46:15 - [TEST_STEP][PASSED] - delay: Delayed 1 second(s)

2018-05-31 13:46:16 - [MESSAGE][PASSED] - Delayed 1 second(s)

2018-05-31 13:46:16 - [TEST_STEP][PASSED] - selectOptionByIndex: All options with index in [3] are selected on object 'Object Repository/DispensaryToCms/Page_Dispensary Store/select_--Select--Adernaline 0.'

2018-05-31 13:46:16 - [MESSAGE][PASSED] - All options with index in [3] are selected on object 'Object Repository/DispensaryToCms/Page_Dispensary Store/select_--Select--Adernaline 0.'

2018-05-31 13:46:16 - [TEST_STEP][PASSED] - setText: Text '100' is set on object 'Object Repository/DispensaryToCms/Page_Dispensary Store/input_txttreat'

2018-05-31 13:46:16 - [MESSAGE][PASSED] - Text '100' is set on object 'Object Repository/DispensaryToCms/Page_Dispensary Store/input_txttreat'

2018-05-31 13:46:16 - [TEST_STEP][PASSED] - click: Object: 'Object Repository/DispensaryToCms/Page_Dispensary Store/button_Add' is clicked on

2018-05-31 13:46:16 - [MESSAGE][PASSED] - Object: 'Object Repository/DispensaryToCms/Page_Dispensary Store/button_Add' is clicked on

2018-05-31 13:46:16 - [TEST_STEP][PASSED] - delay: Delayed 1 second(s)

2018-05-31 13:46:17 - [MESSAGE][PASSED] - Delayed 1 second(s)

2018-05-31 13:46:17 - [TEST_STEP][PASSED] - selectOptionByIndex: All options with index in [2] are selected on object 'Object Repository/DispensaryToCms/Page_Dispensary Store/select_--Select--Schedule 1Inj'

2018-05-31 13:46:17 - [MESSAGE][PASSED] - All options with index in [2] are selected on object 'Object Repository/DispensaryToCms/Page_Dispensary Store/select_--Select--Schedule 1Inj'

2018-05-31 13:46:17 - [TEST_STEP][PASSED] - delay: Delayed 1 second(s)

2018-05-31 13:46:18 - [MESSAGE][PASSED] - Delayed 1 second(s)

2018-05-31 13:46:18 - [TEST_STEP][PASSED] - selectOptionByIndex: All options with index in [4] are selected on object 'Object Repository/DispensaryToCms/Page_Dispensary Store/select_--Select--Adernaline 0.'

2018-05-31 13:46:18 - [MESSAGE][PASSED] - All options with index in [4] are selected on object 'Object Repository/DispensaryToCms/Page_Dispensary Store/select_--Select--Adernaline 0.'

2018-05-31 13:46:18 - [TEST_STEP][PASSED] - setText: Text '100' is set on object 'Object Repository/DispensaryToCms/Page_Dispensary Store/input_txttreat'

2018-05-31 13:46:19 - [MESSAGE][PASSED] - Text '100' is set on object 'Object Repository/DispensaryToCms/Page_Dispensary Store/input_txttreat'

2018-05-31 13:46:19 - [TEST_STEP][PASSED] - click: Object: 'Object Repository/DispensaryToCms/Page_Dispensary Store/button_Add' is clicked on

2018-05-31 13:46:19 - [MESSAGE][PASSED] - Object: 'Object Repository/DispensaryToCms/Page_Dispensary Store/button_Add' is clicked on

2018-05-31 13:46:19 - [TEST_STEP][PASSED] - delay: Delayed 1 second(s)

2018-05-31 13:46:20 - [MESSAGE][PASSED] - Delayed 1 second(s)

2018-05-31 13:46:20 - [TEST_STEP][PASSED] - selectOptionByIndex: All options with index in [2] are selected on object 'Object Repository/DispensaryToCms/Page_Dispensary Store/select_--Select--Schedule 1Inj'

2018-05-31 13:46:20 - [MESSAGE][PASSED] - All options with index in [2] are selected on object 'Object Repository/DispensaryToCms/Page_Dispensary Store/select_--Select--Schedule 1Inj'

2018-05-31 13:46:20 - [TEST_STEP][PASSED] - delay: Delayed 1 second(s)

2018-05-31 13:46:21 - [MESSAGE][PASSED] - Delayed 1 second(s)

2018-05-31 13:46:21 - [TEST_STEP][PASSED] - selectOptionByIndex: All options with index in [5] are selected on object 'Object Repository/DispensaryToCms/Page_Dispensary Store/select_--Select--Adernaline 0.'

2018-05-31 13:46:21 - [MESSAGE][PASSED] - All options with index in [5] are selected on object 'Object Repository/DispensaryToCms/Page_Dispensary Store/select_--Select--Adernaline 0.'

2018-05-31 13:46:21 - [TEST_STEP][PASSED] - setText: Text '100' is set on object 'Object Repository/DispensaryToCms/Page_Dispensary Store/input_txttreat'

2018-05-31 13:46:21 - [MESSAGE][PASSED] - Text '100' is set on object 'Object Repository/DispensaryToCms/Page_Dispensary Store/input_txttreat'

2018-05-31 13:46:21 - [TEST_STEP][PASSED] - click: Object: 'Object Repository/DispensaryToCms/Page_Dispensary Store/button_Add' is clicked on

2018-05-31 13:46:21 - [MESSAGE][PASSED] - Object: 'Object Repository/DispensaryToCms/Page_Dispensary Store/button_Add' is clicked on

2018-05-31 13:46:21 - [TEST_STEP][PASSED] - delay: Delayed 1 second(s)

2018-05-31 13:46:22 - [MESSAGE][PASSED] - Delayed 1 second(s)

2018-05-31 13:46:22 - [TEST_STEP][PASSED] - selectOptionByIndex: All options with index in [2] are selected on object 'Object Repository/DispensaryToCms/Page_Dispensary Store/select_--Select--Schedule 1Inj'

2018-05-31 13:46:22 - [MESSAGE][PASSED] - All options with index in [2] are selected on object 'Object Repository/DispensaryToCms/Page_Dispensary Store/select_--Select--Schedule 1Inj'

2018-05-31 13:46:22 - [TEST_STEP][PASSED] - delay: Delayed 1 second(s)

2018-05-31 13:46:23 - [MESSAGE][PASSED] - Delayed 1 second(s)

2018-05-31 13:46:23 - [TEST_STEP][PASSED] - selectOptionByIndex: All options with index in [6] are selected on object 'Object Repository/DispensaryToCms/Page_Dispensary Store/select_--Select--Adernaline 0.'

2018-05-31 13:46:24 - [MESSAGE][PASSED] - All options with index in [6] are selected on object 'Object Repository/DispensaryToCms/Page_Dispensary Store/select_--Select--Adernaline 0.'

2018-05-31 13:46:24 - [TEST_STEP][PASSED] - setText: Text '100' is set on object 'Object Repository/DispensaryToCms/Page_Dispensary Store/input_txttreat'

2018-05-31 13:46:24 - [MESSAGE][PASSED] - Text '100' is set on object 'Object Repository/DispensaryToCms/Page_Dispensary Store/input_txttreat'

2018-05-31 13:46:24 - [TEST_STEP][PASSED] - click: Object: 'Object Repository/DispensaryToCms/Page_Dispensary Store/button_Add' is clicked on

2018-05-31 13:46:24 - [MESSAGE][PASSED] - Object: 'Object Repository/DispensaryToCms/Page_Dispensary Store/button_Add' is clicked on

2018-05-31 13:46:24 - [TEST_STEP][PASSED] - delay: Delayed 1 second(s)

2018-05-31 13:46:25 - [MESSAGE][PASSED] - Delayed 1 second(s)

2018-05-31 13:46:25 - [TEST_STEP][PASSED] - selectOptionByIndex: All options with index in [2] are selected on object 'Object Repository/DispensaryToCms/Page_Dispensary Store/select_--Select--Schedule 1Inj'

2018-05-31 13:46:25 - [MESSAGE][PASSED] - All options with index in [2] are selected on object 'Object Repository/DispensaryToCms/Page_Dispensary Store/select_--Select--Schedule 1Inj'

2018-05-31 13:46:25 - [TEST_STEP][PASSED] - delay: Delayed 1 second(s)

2018-05-31 13:46:26 - [MESSAGE][PASSED] - Delayed 1 second(s)

2018-05-31 13:46:26 - [TEST_STEP][PASSED] - selectOptionByIndex: All options with index in [7] are selected on object 'Object Repository/DispensaryToCms/Page_Dispensary Store/select_--Select--Adernaline 0.'

2018-05-31 13:46:26 - [MESSAGE][PASSED] - All options with index in [7] are selected on object 'Object Repository/DispensaryToCms/Page_Dispensary Store/select_--Select--Adernaline 0.'

2018-05-31 13:46:26 - [TEST_STEP][PASSED] - setText: Text '100' is set on object 'Object Repository/DispensaryToCms/Page_Dispensary Store/input_txttreat'

2018-05-31 13:46:26 - [MESSAGE][PASSED] - Text '100' is set on object 'Object Repository/DispensaryToCms/Page_Dispensary Store/input_txttreat'

2018-05-31 13:46:26 - [TEST_STEP][PASSED] - click: Object: 'Object Repository/DispensaryToCms/Page_Dispensary Store/button_Add' is clicked on

2018-05-31 13:46:26 - [MESSAGE][PASSED] - Object: 'Object Repository/DispensaryToCms/Page_Dispensary Store/button_Add' is clicked on

2018-05-31 13:46:26 - [TEST_STEP][PASSED] - delay: Delayed 1 second(s)

2018-05-31 13:46:27 - [MESSAGE][PASSED] - Delayed 1 second(s)

2018-05-31 13:46:27 - [TEST_STEP][PASSED] - selectOptionByIndex: All options with index in [2] are selected on object 'Object Repository/DispensaryToCms/Page_Dispensary Store/select_--Select--Schedule 1Inj'

2018-05-31 13:46:28 - [MESSAGE][PASSED] - All options with index in [2] are selected on object 'Object Repository/DispensaryToCms/Page_Dispensary Store/select_--Select--Schedule 1Inj'

2018-05-31 13:46:28 - [TEST_STEP][PASSED] - delay: Delayed 1 second(s)

2018-05-31 13:46:29 - [MESSAGE][PASSED] - Delayed 1 second(s)

2018-05-31 13:46:29 - [TEST_STEP][PASSED] - selectOptionByIndex: All options with index in [8] are selected on object 'Object Repository/DispensaryToCms/Page_Dispensary Store/select_--Select--Adernaline 0.'

2018-05-31 13:46:29 - [MESSAGE][PASSED] - All options with index in [8] are selected on object 'Object Repository/DispensaryToCms/Page_Dispensary Store/select_--Select--Adernaline 0.'

2018-05-31 13:46:29 - [TEST_STEP][PASSED] - setText: Text '100' is set on object 'Object Repository/DispensaryToCms/Page_Dispensary Store/input_txttreat'

2018-05-31 13:46:29 - [MESSAGE][PASSED] - Text '100' is set on object 'Object Repository/DispensaryToCms/Page_Dispensary Store/input_txttreat'

2018-05-31 13:46:29 - [TEST_STEP][PASSED] - click: Object: 'Object Repository/DispensaryToCms/Page_Dispensary Store/button_Add' is clicked on

2018-05-31 13:46:29 - [MESSAGE][PASSED] - Object: 'Object Repository/DispensaryToCms/Page_Dispensary Store/button_Add' is clicked on

2018-05-31 13:46:29 - [TEST_STEP][PASSED] - delay: Delayed 1 second(s)

2018-05-31 13:46:30 - [MESSAGE][PASSED] - Delayed 1 second(s)

2018-05-31 13:46:30 - [TEST_STEP][PASSED] - selectOptionByIndex: All options with index in [2] are selected on object 'Object Repository/DispensaryToCms/Page_Dispensary Store/select_--Select--Schedule 1Inj'

2018-05-31 13:46:30 - [MESSAGE][PASSED] - All options with index in [2] are selected on object 'Object Repository/DispensaryToCms/Page_Dispensary Store/select_--Select--Schedule 1Inj'

2018-05-31 13:46:30 - [TEST_STEP][PASSED] - delay: Delayed 1 second(s)

2018-05-31 13:46:31 - [MESSAGE][PASSED] - Delayed 1 second(s)

2018-05-31 13:46:31 - [TEST_STEP][PASSED] - selectOptionByIndex: All options with index in [9] are selected on object 'Object Repository/DispensaryToCms/Page_Dispensary Store/select_--Select--Adernaline 0.'

2018-05-31 13:46:31 - [MESSAGE][PASSED] - All options with index in [9] are selected on object 'Object Repository/DispensaryToCms/Page_Dispensary Store/select_--Select--Adernaline 0.'

2018-05-31 13:46:31 - [TEST_STEP][PASSED] - setText: Text '100' is set on object 'Object Repository/DispensaryToCms/Page_Dispensary Store/input_txttreat'

2018-05-31 13:46:31 - [MESSAGE][PASSED] - Text '100' is set on object 'Object Repository/DispensaryToCms/Page_Dispensary Store/input_txttreat'

2018-05-31 13:46:31 - [TEST_STEP][PASSED] - click: Object: 'Object Repository/DispensaryToCms/Page_Dispensary Store/button_Add' is clicked on

2018-05-31 13:46:31 - [MESSAGE][PASSED] - Object: 'Object Repository/DispensaryToCms/Page_Dispensary Store/button_Add' is clicked on

2018-05-31 13:46:31 - [TEST_STEP][PASSED] - delay: Delayed 1 second(s)

2018-05-31 13:46:32 - [MESSAGE][PASSED] - Delayed 1 second(s)

2018-05-31 13:46:32 - [TEST_STEP][PASSED] - selectOptionByIndex: All options with index in [2] are selected on object 'Object Repository/DispensaryToCms/Page_Dispensary Store/select_--Select--Schedule 1Inj'

2018-05-31 13:46:33 - [MESSAGE][PASSED] - All options with index in [2] are selected on object 'Object Repository/DispensaryToCms/Page_Dispensary Store/select_--Select--Schedule 1Inj'

2018-05-31 13:46:33 - [TEST_STEP][PASSED] - delay: Delayed 1 second(s)

2018-05-31 13:46:34 - [MESSAGE][PASSED] - Delayed 1 second(s)

2018-05-31 13:46:34 - [TEST_STEP][PASSED] - selectOptionByIndex: All options with index in [10] are selected on object 'Object Repository/DispensaryToCms/Page_Dispensary Store/select_--Select--Adernaline 0.'

2018-05-31 13:46:34 - [MESSAGE][PASSED] - All options with index in [10] are selected on object 'Object Repository/DispensaryToCms/Page_Dispensary Store/select_--Select--Adernaline 0.'

2018-05-31 13:46:34 - [TEST_STEP][PASSED] - setText: Text '100' is set on object 'Object Repository/DispensaryToCms/Page_Dispensary Store/input_txttreat'

2018-05-31 13:46:34 - [MESSAGE][PASSED] - Text '100' is set on object 'Object Repository/DispensaryToCms/Page_Dispensary Store/input_txttreat'

2018-05-31 13:46:34 - [TEST_STEP][PASSED] - click: Object: 'Object Repository/DispensaryToCms/Page_Dispensary Store/button_Add' is clicked on

2018-05-31 13:46:34 - [MESSAGE][PASSED] - Object: 'Object Repository/DispensaryToCms/Page_Dispensary Store/button_Add' is clicked on

2018-05-31 13:46:34 - [TEST_STEP][PASSED] - delay: Delayed 1 second(s)

2018-05-31 13:46:35 - [MESSAGE][PASSED] - Delayed 1 second(s)

2018-05-31 13:46:35 - [TEST_STEP][PASSED] - selectOptionByIndex: All options with index in [2] are selected on object 'Object Repository/DispensaryToCms/Page_Dispensary Store/select_--Select--Schedule 1Inj'

2018-05-31 13:46:35 - [MESSAGE][PASSED] - All options with index in [2] are selected on object 'Object Repository/DispensaryToCms/Page_Dispensary Store/select_--Select--Schedule 1Inj'

2018-05-31 13:46:35 - [TEST_STEP][PASSED] - delay: Delayed 1 second(s)

2018-05-31 13:46:36 - [MESSAGE][PASSED] - Delayed 1 second(s)

2018-05-31 13:46:36 - [TEST_STEP][PASSED] - selectOptionByIndex: All options with index in [11] are selected on object 'Object Repository/DispensaryToCms/Page_Dispensary Store/select_--Select--Adernaline 0.'

2018-05-31 13:46:37 - [MESSAGE][PASSED] - All options with index in [11] are selected on object 'Object Repository/DispensaryToCms/Page_Dispensary Store/select_--Select--Adernaline 0.'

2018-05-31 13:46:37 - [TEST_STEP][PASSED] - setText: Text '100' is set on object 'Object Repository/DispensaryToCms/Page_Dispensary Store/input_txttreat'

2018-05-31 13:46:37 - [MESSAGE][PASSED] - Text '100' is set on object 'Object Repository/DispensaryToCms/Page_Dispensary Store/input_txttreat'

2018-05-31 13:46:37 - [TEST_STEP][PASSED] - click: Object: 'Object Repository/DispensaryToCms/Page_Dispensary Store/button_Add' is clicked on

2018-05-31 13:46:37 - [MESSAGE][PASSED] - Object: 'Object Repository/DispensaryToCms/Page_Dispensary Store/button_Add' is clicked on

2018-05-31 13:46:37 - [TEST_STEP][PASSED] - delay: Delayed 1 second(s)

2018-05-31 13:46:38 - [MESSAGE][PASSED] - Delayed 1 second(s)

2018-05-31 13:46:38 - [TEST_STEP][PASSED] - selectOptionByIndex: All options with index in [2] are selected on object 'Object Repository/DispensaryToCms/Page_Dispensary Store/select_--Select--Schedule 1Inj'

2018-05-31 13:46:38 - [MESSAGE][PASSED] - All options with index in [2] are selected on object 'Object Repository/DispensaryToCms/Page_Dispensary Store/select_--Select--Schedule 1Inj'

2018-05-31 13:46:38 - [TEST_STEP][PASSED] - delay: Delayed 1 second(s)

2018-05-31 13:46:39 - [MESSAGE][PASSED] - Delayed 1 second(s)

2018-05-31 13:46:39 - [TEST_STEP][PASSED] - selectOptionByIndex: All options with index in [12] are selected on object 'Object Repository/DispensaryToCms/Page_Dispensary Store/select_--Select--Adernaline 0.'

2018-05-31 13:46:39 - [MESSAGE][PASSED] - All options with index in [12] are selected on object 'Object Repository/DispensaryToCms/Page_Dispensary Store/select_--Select--Adernaline 0.'

2018-05-31 13:46:39 - [TEST_STEP][PASSED] - setText: Text '100' is set on object 'Object Repository/DispensaryToCms/Page_Dispensary Store/input_txttreat'

2018-05-31 13:46:39 - [MESSAGE][PASSED] - Text '100' is set on object 'Object Repository/DispensaryToCms/Page_Dispensary Store/input_txttreat'

2018-05-31 13:46:39 - [TEST_STEP][PASSED] - click: Object: 'Object Repository/DispensaryToCms/Page_Dispensary Store/button_Add' is clicked on

2018-05-31 13:46:39 - [MESSAGE][PASSED] - Object: 'Object Repository/DispensaryToCms/Page_Dispensary Store/button_Add' is clicked on

2018-05-31 13:46:39 - [TEST_STEP][PASSED] - delay: Delayed 1 second(s)

2018-05-31 13:46:40 - [MESSAGE][PASSED] - Delayed 1 second(s)

2018-05-31 13:46:40 - [TEST_STEP][PASSED] - selectOptionByIndex: All options with index in [2] are selected on object 'Object Repository/DispensaryToCms/Page_Dispensary Store/select_--Select--Schedule 1Inj'

2018-05-31 13:46:40 - [MESSAGE][PASSED] - All options with index in [2] are selected on object 'Object Repository/DispensaryToCms/Page_Dispensary Store/select_--Select--Schedule 1Inj'

2018-05-31 13:46:40 - [TEST_STEP][PASSED] - delay: Delayed 1 second(s)

2018-05-31 13:46:41 - [MESSAGE][PASSED] - Delayed 1 second(s)

2018-05-31 13:46:41 - [TEST_STEP][PASSED] - selectOptionByIndex: All options with index in [13] are selected on object 'Object Repository/DispensaryToCms/Page_Dispensary Store/select_--Select--Adernaline 0.'

2018-05-31 13:46:42 - [MESSAGE][PASSED] - All options with index in [13] are selected on object 'Object Repository/DispensaryToCms/Page_Dispensary Store/select_--Select--Adernaline 0.'

2018-05-31 13:46:42 - [TEST_STEP][PASSED] - setText: Text '100' is set on object 'Object Repository/DispensaryToCms/Page_Dispensary Store/input_txttreat'

2018-05-31 13:46:42 - [MESSAGE][PASSED] - Text '100' is set on object 'Object Repository/DispensaryToCms/Page_Dispensary Store/input_txttreat'

2018-05-31 13:46:42 - [TEST_STEP][PASSED] - click: Object: 'Object Repository/DispensaryToCms/Page_Dispensary Store/button_Add' is clicked on

2018-05-31 13:46:42 - [MESSAGE][PASSED] - Object: 'Object Repository/DispensaryToCms/Page_Dispensary Store/button_Add' is clicked on

2018-05-31 13:46:42 - [TEST_STEP][PASSED] - delay: Delayed 1 second(s)

2018-05-31 13:46:43 - [MESSAGE][PASSED] - Delayed 1 second(s)

2018-05-31 13:46:43 - [TEST_STEP][PASSED] - selectOptionByIndex: All options with index in [2] are selected on object 'Object Repository/DispensaryToCms/Page_Dispensary Store/select_--Select--Schedule 1Inj'

2018-05-31 13:46:43 - [MESSAGE][PASSED] - All options with index in [2] are selected on object 'Object Repository/DispensaryToCms/Page_Dispensary Store/select_--Select--Schedule 1Inj'

2018-05-31 13:46:43 - [TEST_STEP][PASSED] - delay: Delayed 1 second(s)

2018-05-31 13:46:44 - [MESSAGE][PASSED] - Delayed 1 second(s)

2018-05-31 13:46:44 - [TEST_STEP][PASSED] - selectOptionByIndex: All options with index in [14] are selected on object 'Object Repository/DispensaryToCms/Page_Dispensary Store/select_--Select--Adernaline 0.'

2018-05-31 13:46:44 - [MESSAGE][PASSED] - All options with index in [14] are selected on object 'Object Repository/DispensaryToCms/Page_Dispensary Store/select_--Select--Adernaline 0.'

2018-05-31 13:46:44 - [TEST_STEP][PASSED] - setText: Text '100' is set on object 'Object Repository/DispensaryToCms/Page_Dispensary Store/input_txttreat'

2018-05-31 13:46:44 - [MESSAGE][PASSED] - Text '100' is set on object 'Object Repository/DispensaryToCms/Page_Dispensary Store/input_txttreat'

2018-05-31 13:46:44 - [TEST_STEP][PASSED] - click: Object: 'Object Repository/DispensaryToCms/Page_Dispensary Store/button_Add' is clicked on

2018-05-31 13:46:45 - [MESSAGE][PASSED] - Object: 'Object Repository/DispensaryToCms/Page_Dispensary Store/button_Add' is clicked on

2018-05-31 13:46:45 - [TEST_STEP][PASSED] - delay: Delayed 1 second(s)

2018-05-31 13:46:46 - [MESSAGE][PASSED] - Delayed 1 second(s)

2018-05-31 13:46:46 - [TEST_STEP][PASSED] - selectOptionByIndex: All options with index in [2] are selected on object 'Object Repository/DispensaryToCms/Page_Dispensary Store/select_--Select--Schedule 1Inj'

2018-05-31 13:46:46 - [MESSAGE][PASSED] - All options with index in [2] are selected on object 'Object Repository/DispensaryToCms/Page_Dispensary Store/select_--Select--Schedule 1Inj'

2018-05-31 13:46:46 - [TEST_STEP][PASSED] - delay: Delayed 1 second(s)

2018-05-31 13:46:47 - [MESSAGE][PASSED] - Delayed 1 second(s)

2018-05-31 13:46:47 - [TEST_STEP][PASSED] - selectOptionByIndex: All options with index in [15] are selected on object 'Object Repository/DispensaryToCms/Page_Dispensary Store/select_--Select--Adernaline 0.'

2018-05-31 13:46:47 - [MESSAGE][PASSED] - All options with index in [15] are selected on object 'Object Repository/DispensaryToCms/Page_Dispensary Store/select_--Select--Adernaline 0.'

2018-05-31 13:46:47 - [TEST_STEP][PASSED] - setText: Text '100' is set on object 'Object Repository/DispensaryToCms/Page_Dispensary Store/input_txttreat'

2018-05-31 13:46:47 - [MESSAGE][PASSED] - Text '100' is set on object 'Object Repository/DispensaryToCms/Page_Dispensary Store/input_txttreat'

2018-05-31 13:46:47 - [TEST_STEP][PASSED] - click: Object: 'Object Repository/DispensaryToCms/Page_Dispensary Store/button_Add' is clicked on

2018-05-31 13:46:47 - [MESSAGE][PASSED] - Object: 'Object Repository/DispensaryToCms/Page_Dispensary Store/button_Add' is clicked on

2018-05-31 13:46:47 - [TEST_STEP][PASSED] - delay: Delayed 1 second(s)

2018-05-31 13:46:48 - [MESSAGE][PASSED] - Delayed 1 second(s)

2018-05-31 13:46:48 - [TEST_STEP][PASSED] - selectOptionByIndex: All options with index in [2] are selected on object 'Object Repository/DispensaryToCms/Page_Dispensary Store/select_--Select--Schedule 1Inj'

2018-05-31 13:46:48 - [MESSAGE][PASSED] - All options with index in [2] are selected on object 'Object Repository/DispensaryToCms/Page_Dispensary Store/select_--Select--Schedule 1Inj'

2018-05-31 13:46:48 - [TEST_STEP][PASSED] - delay: Delayed 1 second(s)

2018-05-31 13:46:49 - [MESSAGE][PASSED] - Delayed 1 second(s)

2018-05-31 13:46:49 - [TEST_STEP][PASSED] - selectOptionByIndex: All options with index in [16] are selected on object 'Object Repository/DispensaryToCms/Page_Dispensary Store/select_--Select--Adernaline 0.'

2018-05-31 13:46:50 - [MESSAGE][PASSED] - All options with index in [16] are selected on object 'Object Repository/DispensaryToCms/Page_Dispensary Store/select_--Select--Adernaline 0.'

2018-05-31 13:46:50 - [TEST_STEP][PASSED] - setText: Text '100' is set on object 'Object Repository/DispensaryToCms/Page_Dispensary Store/input_txttreat'

2018-05-31 13:46:50 - [MESSAGE][PASSED] - Text '100' is set on object 'Object Repository/DispensaryToCms/Page_Dispensary Store/input_txttreat'

2018-05-31 13:46:50 - [TEST_STEP][PASSED] - click: Object: 'Object Repository/DispensaryToCms/Page_Dispensary Store/button_Add' is clicked on

2018-05-31 13:46:50 - [MESSAGE][PASSED] - Object: 'Object Repository/DispensaryToCms/Page_Dispensary Store/button_Add' is clicked on

2018-05-31 13:46:50 - [TEST_STEP][PASSED] - delay: Delayed 1 second(s)

2018-05-31 13:46:51 - [MESSAGE][PASSED] - Delayed 1 second(s)

2018-05-31 13:46:51 - [TEST_STEP][PASSED] - selectOptionByIndex: All options with index in [2] are selected on object 'Object Repository/DispensaryToCms/Page_Dispensary Store/select_--Select--Schedule 1Inj'

2018-05-31 13:46:51 - [MESSAGE][PASSED] - All options with index in [2] are selected on object 'Object Repository/DispensaryToCms/Page_Dispensary Store/select_--Select--Schedule 1Inj'

2018-05-31 13:46:51 - [TEST_STEP][PASSED] - delay: Delayed 1 second(s)

2018-05-31 13:46:52 - [MESSAGE][PASSED] - Delayed 1 second(s)

2018-05-31 13:46:52 - [TEST_STEP][PASSED] - selectOptionByIndex: All options with index in [17] are selected on object 'Object Repository/DispensaryToCms/Page_Dispensary Store/select_--Select--Adernaline 0.'

2018-05-31 13:46:52 - [MESSAGE][PASSED] - All options with index in [17] are selected on object 'Object Repository/DispensaryToCms/Page_Dispensary Store/select_--Select--Adernaline 0.'

2018-05-31 13:46:52 - [TEST_STEP][PASSED] - setText: Text '100' is set on object 'Object Repository/DispensaryToCms/Page_Dispensary Store/input_txttreat'

2018-05-31 13:46:52 - [MESSAGE][PASSED] - Text '100' is set on object 'Object Repository/DispensaryToCms/Page_Dispensary Store/input_txttreat'

2018-05-31 13:46:52 - [TEST_STEP][PASSED] - click: Object: 'Object Repository/DispensaryToCms/Page_Dispensary Store/button_Add' is clicked on

2018-05-31 13:46:52 - [MESSAGE][PASSED] - Object: 'Object Repository/DispensaryToCms/Page_Dispensary Store/button_Add' is clicked on

2018-05-31 13:46:52 - [TEST_STEP][PASSED] - delay: Delayed 1 second(s)

2018-05-31 13:46:53 - [MESSAGE][PASSED] - Delayed 1 second(s)

2018-05-31 13:46:53 - [TEST_STEP][PASSED] - selectOptionByIndex: All options with index in [2] are selected on object 'Object Repository/DispensaryToCms/Page_Dispensary Store/select_--Select--Schedule 1Inj'

2018-05-31 13:46:54 - [MESSAGE][PASSED] - All options with index in [2] are selected on object 'Object Repository/DispensaryToCms/Page_Dispensary Store/select_--Select--Schedule 1Inj'

2018-05-31 13:46:54 - [TEST_STEP][PASSED] - delay: Delayed 1 second(s)

2018-05-31 13:46:55 - [MESSAGE][PASSED] - Delayed 1 second(s)

2018-05-31 13:46:55 - [TEST_STEP][PASSED] - selectOptionByIndex: All options with index in [18] are selected on object 'Object Repository/DispensaryToCms/Page_Dispensary Store/select_--Select--Adernaline 0.'

2018-05-31 13:46:55 - [MESSAGE][PASSED] - All options with index in [18] are selected on object 'Object Repository/DispensaryToCms/Page_Dispensary Store/select_--Select--Adernaline 0.'

2018-05-31 13:46:55 - [TEST_STEP][PASSED] - setText: Text '100' is set on object 'Object Repository/DispensaryToCms/Page_Dispensary Store/input_txttreat'

2018-05-31 13:46:55 - [MESSAGE][PASSED] - Text '100' is set on object 'Object Repository/DispensaryToCms/Page_Dispensary Store/input_txttreat'

2018-05-31 13:46:55 - [TEST_STEP][PASSED] - click: Object: 'Object Repository/DispensaryToCms/Page_Dispensary Store/button_Add' is clicked on

2018-05-31 13:46:55 - [MESSAGE][PASSED] - Object: 'Object Repository/DispensaryToCms/Page_Dispensary Store/button_Add' is clicked on

2018-05-31 13:46:55 - [TEST_STEP][PASSED] - delay: Delayed 1 second(s)

2018-05-31 13:46:56 - [MESSAGE][PASSED] - Delayed 1 second(s)

2018-05-31 13:46:56 - [TEST_STEP][PASSED] - selectOptionByIndex: All options with index in [2] are selected on object 'Object Repository/DispensaryToCms/Page_Dispensary Store/select_--Select--Schedule 1Inj'

2018-05-31 13:46:56 - [MESSAGE][PASSED] - All options with index in [2] are selected on object 'Object Repository/DispensaryToCms/Page_Dispensary Store/select_--Select--Schedule 1Inj'

2018-05-31 13:46:56 - [TEST_STEP][PASSED] - delay: Delayed 1 second(s)

2018-05-31 13:46:57 - [MESSAGE][PASSED] - Delayed 1 second(s)

2018-05-31 13:46:57 - [TEST_STEP][PASSED] - selectOptionByIndex: All options with index in [19] are selected on object 'Object Repository/DispensaryToCms/Page_Dispensary Store/select_--Select--Adernaline 0.'

2018-05-31 13:46:58 - [MESSAGE][PASSED] - All options with index in [19] are selected on object 'Object Repository/DispensaryToCms/Page_Dispensary Store/select_--Select--Adernaline 0.'

2018-05-31 13:46:58 - [TEST_STEP][PASSED] - setText: Text '100' is set on object 'Object Repository/DispensaryToCms/Page_Dispensary Store/input_txttreat'

2018-05-31 13:46:58 - [MESSAGE][PASSED] - Text '100' is set on object 'Object Repository/DispensaryToCms/Page_Dispensary Store/input_txttreat'

2018-05-31 13:46:58 - [TEST_STEP][PASSED] - click: Object: 'Object Repository/DispensaryToCms/Page_Dispensary Store/button_Add' is clicked on

2018-05-31 13:46:58 - [MESSAGE][PASSED] - Object: 'Object Repository/DispensaryToCms/Page_Dispensary Store/button_Add' is clicked on

2018-05-31 13:46:58 - [TEST_STEP][PASSED] - delay: Delayed 1 second(s)

2018-05-31 13:46:59 - [MESSAGE][PASSED] - Delayed 1 second(s)

2018-05-31 13:46:59 - [TEST_STEP][PASSED] - selectOptionByIndex: All options with index in [2] are selected on object 'Object Repository/DispensaryToCms/Page_Dispensary Store/select_--Select--Schedule 1Inj'

2018-05-31 13:46:59 - [MESSAGE][PASSED] - All options with index in [2] are selected on object 'Object Repository/DispensaryToCms/Page_Dispensary Store/select_--Select--Schedule 1Inj'

2018-05-31 13:46:59 - [TEST_STEP][PASSED] - delay: Delayed 1 second(s)

2018-05-31 13:47:00 - [MESSAGE][PASSED] - Delayed 1 second(s)

2018-05-31 13:47:00 - [TEST_STEP][PASSED] - selectOptionByIndex: All options with index in [20] are selected on object 'Object Repository/DispensaryToCms/Page_Dispensary Store/select_--Select--Adernaline 0.'

2018-05-31 13:47:00 - [MESSAGE][PASSED] - All options with index in [20] are selected on object 'Object Repository/DispensaryToCms/Page_Dispensary Store/select_--Select--Adernaline 0.'

2018-05-31 13:47:00 - [TEST_STEP][PASSED] - setText: Text '100' is set on object 'Object Repository/DispensaryToCms/Page_Dispensary Store/input_txttreat'

2018-05-31 13:47:01 - [MESSAGE][PASSED] - Text '100' is set on object 'Object Repository/DispensaryToCms/Page_Dispensary Store/input_txttreat'

2018-05-31 13:47:01 - [TEST_STEP][PASSED] - click: Object: 'Object Repository/DispensaryToCms/Page_Dispensary Store/button_Add' is clicked on

2018-05-31 13:47:01 - [MESSAGE][PASSED] - Object: 'Object Repository/DispensaryToCms/Page_Dispensary Store/button_Add' is clicked on

2018-05-31 13:47:01 - [TEST_STEP][PASSED] - delay: Delayed 1 second(s)

2018-05-31 13:47:02 - [MESSAGE][PASSED] - Delayed 1 second(s)

2018-05-31 13:47:02 - [TEST_STEP][PASSED] - selectOptionByIndex: All options with index in [2] are selected on object 'Object Repository/DispensaryToCms/Page_Dispensary Store/select_--Select--Schedule 1Inj'

2018-05-31 13:47:02 - [MESSAGE][PASSED] - All options with index in [2] are selected on object 'Object Repository/DispensaryToCms/Page_Dispensary Store/select_--Select--Schedule 1Inj'

2018-05-31 13:47:02 - [TEST_STEP][PASSED] - delay: Delayed 1 second(s)

2018-05-31 13:47:03 - [MESSAGE][PASSED] - Delayed 1 second(s)

2018-05-31 13:47:03 - [TEST_STEP][PASSED] - selectOptionByIndex: All options with index in [21] are selected on object 'Object Repository/DispensaryToCms/Page_Dispensary Store/select_--Select--Adernaline 0.'

2018-05-31 13:47:03 - [MESSAGE][PASSED] - All options with index in [21] are selected on object 'Object Repository/DispensaryToCms/Page_Dispensary Store/select_--Select--Adernaline 0.'

2018-05-31 13:47:03 - [TEST_STEP][PASSED] - setText: Text '100' is set on object 'Object Repository/DispensaryToCms/Page_Dispensary Store/input_txttreat'

2018-05-31 13:47:03 - [MESSAGE][PASSED] - Text '100' is set on object 'Object Repository/DispensaryToCms/Page_Dispensary Store/input_txttreat'

2018-05-31 13:47:03 - [TEST_STEP][PASSED] - click: Object: 'Object Repository/DispensaryToCms/Page_Dispensary Store/button_Add' is clicked on

2018-05-31 13:47:03 - [MESSAGE][PASSED] - Object: 'Object Repository/DispensaryToCms/Page_Dispensary Store/button_Add' is clicked on

2018-05-31 13:47:03 - [TEST_STEP][PASSED] - delay: Delayed 1 second(s)

2018-05-31 13:47:04 - [MESSAGE][PASSED] - Delayed 1 second(s)

2018-05-31 13:47:04 - [TEST_STEP][PASSED] - selectOptionByIndex: All options with index in [2] are selected on object 'Object Repository/DispensaryToCms/Page_Dispensary Store/select_--Select--Schedule 1Inj'

2018-05-31 13:47:04 - [MESSAGE][PASSED] - All options with index in [2] are selected on object 'Object Repository/DispensaryToCms/Page_Dispensary Store/select_--Select--Schedule 1Inj'

2018-05-31 13:47:04 - [TEST_STEP][PASSED] - delay: Delayed 1 second(s)

2018-05-31 13:47:05 - [MESSAGE][PASSED] - Delayed 1 second(s)

2018-05-31 13:47:05 - [TEST_STEP][PASSED] - selectOptionByIndex: All options with index in [22] are selected on object 'Object Repository/DispensaryToCms/Page_Dispensary Store/select_--Select--Adernaline 0.'

2018-05-31 13:47:06 - [MESSAGE][PASSED] - All options with index in [22] are selected on object 'Object Repository/DispensaryToCms/Page_Dispensary Store/select_--Select--Adernaline 0.'

2018-05-31 13:47:06 - [TEST_STEP][PASSED] - setText: Text '100' is set on object 'Object Repository/DispensaryToCms/Page_Dispensary Store/input_txttreat'

2018-05-31 13:47:06 - [MESSAGE][PASSED] - Text '100' is set on object 'Object Repository/DispensaryToCms/Page_Dispensary Store/input_txttreat'

2018-05-31 13:47:06 - [TEST_STEP][PASSED] - click: Object: 'Object Repository/DispensaryToCms/Page_Dispensary Store/button_Add' is clicked on

2018-05-31 13:47:06 - [MESSAGE][PASSED] - Object: 'Object Repository/DispensaryToCms/Page_Dispensary Store/button_Add' is clicked on

2018-05-31 13:47:06 - [TEST_STEP][PASSED] - delay: Delayed 1 second(s)

2018-05-31 13:47:07 - [MESSAGE][PASSED] - Delayed 1 second(s)

2018-05-31 13:47:07 - [TEST_STEP][PASSED] - selectOptionByIndex: All options with index in [2] are selected on object 'Object Repository/DispensaryToCms/Page_Dispensary Store/select_--Select--Schedule 1Inj'

2018-05-31 13:47:07 - [MESSAGE][PASSED] - All options with index in [2] are selected on object 'Object Repository/DispensaryToCms/Page_Dispensary Store/select_--Select--Schedule 1Inj'

2018-05-31 13:47:07 - [TEST_STEP][PASSED] - delay: Delayed 1 second(s)

2018-05-31 13:47:08 - [MESSAGE][PASSED] - Delayed 1 second(s)

2018-05-31 13:47:08 - [TEST_STEP][PASSED] - selectOptionByIndex: All options with index in [23] are selected on object 'Object Repository/DispensaryToCms/Page_Dispensary Store/select_--Select--Adernaline 0.'

2018-05-31 13:47:09 - [MESSAGE][PASSED] - All options with index in [23] are selected on object 'Object Repository/DispensaryToCms/Page_Dispensary Store/select_--Select--Adernaline 0.'

2018-05-31 13:47:09 - [TEST_STEP][PASSED] - setText: Text '100' is set on object 'Object Repository/DispensaryToCms/Page_Dispensary Store/input_txttreat'

2018-05-31 13:47:09 - [MESSAGE][PASSED] - Text '100' is set on object 'Object Repository/DispensaryToCms/Page_Dispensary Store/input_txttreat'

2018-05-31 13:47:09 - [TEST_STEP][PASSED] - click: Object: 'Object Repository/DispensaryToCms/Page_Dispensary Store/button_Add' is clicked on

2018-05-31 13:47:09 - [MESSAGE][PASSED] - Object: 'Object Repository/DispensaryToCms/Page_Dispensary Store/button_Add' is clicked on

2018-05-31 13:47:09 - [TEST_STEP][PASSED] - delay: Delayed 1 second(s)

2018-05-31 13:47:10 - [MESSAGE][PASSED] - Delayed 1 second(s)

2018-05-31 13:47:10 - [TEST_STEP][PASSED] - selectOptionByIndex: All options with index in [2] are selected on object 'Object Repository/DispensaryToCms/Page_Dispensary Store/select_--Select--Schedule 1Inj'

2018-05-31 13:47:10 - [MESSAGE][PASSED] - All options with index in [2] are selected on object 'Object Repository/DispensaryToCms/Page_Dispensary Store/select_--Select--Schedule 1Inj'

2018-05-31 13:47:10 - [TEST_STEP][PASSED] - delay: Delayed 1 second(s)

2018-05-31 13:47:11 - [MESSAGE][PASSED] - Delayed 1 second(s)

2018-05-31 13:47:11 - [TEST_STEP][PASSED] - selectOptionByIndex: All options with index in [24] are selected on object 'Object Repository/DispensaryToCms/Page_Dispensary Store/select_--Select--Adernaline 0.'

2018-05-31 13:47:11 - [MESSAGE][PASSED] - All options with index in [24] are selected on object 'Object Repository/DispensaryToCms/Page_Dispensary Store/select_--Select--Adernaline 0.'

2018-05-31 13:47:11 - [TEST_STEP][PASSED] - setText: Text '100' is set on object 'Object Repository/DispensaryToCms/Page_Dispensary Store/input_txttreat'

2018-05-31 13:47:11 - [MESSAGE][PASSED] - Text '100' is set on object 'Object Repository/DispensaryToCms/Page_Dispensary Store/input_txttreat'

2018-05-31 13:47:11 - [TEST_STEP][PASSED] - click: Object: 'Object Repository/DispensaryToCms/Page_Dispensary Store/button_Add' is clicked on

2018-05-31 13:47:11 - [MESSAGE][PASSED] - Object: 'Object Repository/DispensaryToCms/Page_Dispensary Store/button_Add' is clicked on

2018-05-31 13:47:11 - [TEST_STEP][PASSED] - delay: Delayed 1 second(s)

2018-05-31 13:47:12 - [MESSAGE][PASSED] - Delayed 1 second(s)

2018-05-31 13:47:12 - [TEST_STEP][PASSED] - selectOptionByIndex: All options with index in [2] are selected on object 'Object Repository/DispensaryToCms/Page_Dispensary Store/select_--Select--Schedule 1Inj'

2018-05-31 13:47:13 - [MESSAGE][PASSED] - All options with index in [2] are selected on object 'Object Repository/DispensaryToCms/Page_Dispensary Store/select_--Select--Schedule 1Inj'

2018-05-31 13:47:13 - [TEST_STEP][PASSED] - delay: Delayed 1 second(s)

2018-05-31 13:47:14 - [MESSAGE][PASSED] - Delayed 1 second(s)

2018-05-31 13:47:14 - [TEST_STEP][PASSED] - selectOptionByIndex: All options with index in [25] are selected on object 'Object Repository/DispensaryToCms/Page_Dispensary Store/select_--Select--Adernaline 0.'

2018-05-31 13:47:14 - [MESSAGE][PASSED] - All options with index in [25] are selected on object 'Object Repository/DispensaryToCms/Page_Dispensary Store/select_--Select--Adernaline 0.'

2018-05-31 13:47:14 - [TEST_STEP][PASSED] - setText: Text '100' is set on object 'Object Repository/DispensaryToCms/Page_Dispensary Store/input_txttreat'

2018-05-31 13:47:14 - [MESSAGE][PASSED] - Text '100' is set on object 'Object Repository/DispensaryToCms/Page_Dispensary Store/input_txttreat'

2018-05-31 13:47:14 - [TEST_STEP][PASSED] - click: Object: 'Object Repository/DispensaryToCms/Page_Dispensary Store/button_Add' is clicked on

2018-05-31 13:47:14 - [MESSAGE][PASSED] - Object: 'Object Repository/DispensaryToCms/Page_Dispensary Store/button_Add' is clicked on

2018-05-31 13:47:14 - [TEST_STEP][PASSED] - delay: Delayed 1 second(s)

2018-05-31 13:47:15 - [MESSAGE][PASSED] - Delayed 1 second(s)

2018-05-31 13:47:15 - [TEST_STEP][PASSED] - selectOptionByIndex: All options with index in [2] are selected on object 'Object Repository/DispensaryToCms/Page_Dispensary Store/select_--Select--Schedule 1Inj'

2018-05-31 13:47:15 - [MESSAGE][PASSED] - All options with index in [2] are selected on object 'Object Repository/DispensaryToCms/Page_Dispensary Store/select_--Select--Schedule 1Inj'

2018-05-31 13:47:15 - [TEST_STEP][PASSED] - delay: Delayed 1 second(s)

2018-05-31 13:47:16 - [MESSAGE][PASSED] - Delayed 1 second(s)

2018-05-31 13:47:16 - [TEST_STEP][PASSED] - selectOptionByIndex: All options with index in [26] are selected on object 'Object Repository/DispensaryToCms/Page_Dispensary Store/select_--Select--Adernaline 0.'

2018-05-31 13:47:17 - [MESSAGE][PASSED] - All options with index in [26] are selected on object 'Object Repository/DispensaryToCms/Page_Dispensary Store/select_--Select--Adernaline 0.'

2018-05-31 13:47:17 - [TEST_STEP][PASSED] - setText: Text '100' is set on object 'Object Repository/DispensaryToCms/Page_Dispensary Store/input_txttreat'

2018-05-31 13:47:17 - [MESSAGE][PASSED] - Text '100' is set on object 'Object Repository/DispensaryToCms/Page_Dispensary Store/input_txttreat'

2018-05-31 13:47:17 - [TEST_STEP][PASSED] - click: Object: 'Object Repository/DispensaryToCms/Page_Dispensary Store/button_Add' is clicked on

2018-05-31 13:47:17 - [MESSAGE][PASSED] - Object: 'Object Repository/DispensaryToCms/Page_Dispensary Store/button_Add' is clicked on

2018-05-31 13:47:17 - [TEST_STEP][PASSED] - delay: Delayed 1 second(s)

2018-05-31 13:47:18 - [MESSAGE][PASSED] - Delayed 1 second(s)

2018-05-31 13:47:18 - [TEST_STEP][PASSED] - selectOptionByIndex: All options with index in [2] are selected on object 'Object Repository/DispensaryToCms/Page_Dispensary Store/select_--Select--Schedule 1Inj'

2018-05-31 13:47:18 - [MESSAGE][PASSED] - All options with index in [2] are selected on object 'Object Repository/DispensaryToCms/Page_Dispensary Store/select_--Select--Schedule 1Inj'

2018-05-31 13:47:18 - [TEST_STEP][PASSED] - delay: Delayed 1 second(s)

2018-05-31 13:47:19 - [MESSAGE][PASSED] - Delayed 1 second(s)

2018-05-31 13:47:19 - [TEST_STEP][PASSED] - selectOptionByIndex: All options with index in [27] are selected on object 'Object Repository/DispensaryToCms/Page_Dispensary Store/select_--Select--Adernaline 0.'

2018-05-31 13:47:19 - [MESSAGE][PASSED] - All options with index in [27] are selected on object 'Object Repository/DispensaryToCms/Page_Dispensary Store/select_--Select--Adernaline 0.'

2018-05-31 13:47:19 - [TEST_STEP][PASSED] - setText: Text '100' is set on object 'Object Repository/DispensaryToCms/Page_Dispensary Store/input_txttreat'

2018-05-31 13:47:20 - [MESSAGE][PASSED] - Text '100' is set on object 'Object Repository/DispensaryToCms/Page_Dispensary Store/input_txttreat'

2018-05-31 13:47:20 - [TEST_STEP][PASSED] - click: Object: 'Object Repository/DispensaryToCms/Page_Dispensary Store/button_Add' is clicked on

2018-05-31 13:47:20 - [MESSAGE][PASSED] - Object: 'Object Repository/DispensaryToCms/Page_Dispensary Store/button_Add' is clicked on

2018-05-31 13:47:20 - [TEST_STEP][PASSED] - delay: Delayed 1 second(s)

2018-05-31 13:47:21 - [MESSAGE][PASSED] - Delayed 1 second(s)

2018-05-31 13:47:21 - [TEST_STEP][PASSED] - selectOptionByIndex: All options with index in [2] are selected on object 'Object Repository/DispensaryToCms/Page_Dispensary Store/select_--Select--Schedule 1Inj'

2018-05-31 13:47:21 - [MESSAGE][PASSED] - All options with index in [2] are selected on object 'Object Repository/DispensaryToCms/Page_Dispensary Store/select_--Select--Schedule 1Inj'

2018-05-31 13:47:21 - [TEST_STEP][PASSED] - delay: Delayed 1 second(s)

2018-05-31 13:47:22 - [MESSAGE][PASSED] - Delayed 1 second(s)

2018-05-31 13:47:22 - [TEST_STEP][PASSED] - selectOptionByIndex: All options with index in [28] are selected on object 'Object Repository/DispensaryToCms/Page_Dispensary Store/select_--Select--Adernaline 0.'

2018-05-31 13:47:22 - [MESSAGE][PASSED] - All options with index in [28] are selected on object 'Object Repository/DispensaryToCms/Page_Dispensary Store/select_--Select--Adernaline 0.'

2018-05-31 13:47:22 - [TEST_STEP][PASSED] - setText: Text '100' is set on object 'Object Repository/DispensaryToCms/Page_Dispensary Store/input_txttreat'

2018-05-31 13:47:22 - [MESSAGE][PASSED] - Text '100' is set on object 'Object Repository/DispensaryToCms/Page_Dispensary Store/input_txttreat'

2018-05-31 13:47:22 - [TEST_STEP][PASSED] - click: Object: 'Object Repository/DispensaryToCms/Page_Dispensary Store/button_Add' is clicked on

2018-05-31 13:47:22 - [MESSAGE][PASSED] - Object: 'Object Repository/DispensaryToCms/Page_Dispensary Store/button_Add' is clicked on

2018-05-31 13:47:22 - [TEST_STEP][PASSED] - delay: Delayed 1 second(s)

2018-05-31 13:47:23 - [MESSAGE][PASSED] - Delayed 1 second(s)

2018-05-31 13:47:23 - [TEST_STEP][PASSED] - selectOptionByIndex: All options with index in [2] are selected on object 'Object Repository/DispensaryToCms/Page_Dispensary Store/select_--Select--Schedule 1Inj'

2018-05-31 13:47:24 - [MESSAGE][PASSED] - All options with index in [2] are selected on object 'Object Repository/DispensaryToCms/Page_Dispensary Store/select_--Select--Schedule 1Inj'

2018-05-31 13:47:24 - [TEST_STEP][PASSED] - delay: Delayed 1 second(s)

2018-05-31 13:47:25 - [MESSAGE][PASSED] - Delayed 1 second(s)

2018-05-31 13:47:25 - [TEST_STEP][PASSED] - selectOptionByIndex: All options with index in [29] are selected on object 'Object Repository/DispensaryToCms/Page_Dispensary Store/select_--Select--Adernaline 0.'

2018-05-31 13:47:25 - [MESSAGE][PASSED] - All options with index in [29] are selected on object 'Object Repository/DispensaryToCms/Page_Dispensary Store/select_--Select--Adernaline 0.'

2018-05-31 13:47:25 - [TEST_STEP][PASSED] - setText: Text '100' is set on object 'Object Repository/DispensaryToCms/Page_Dispensary Store/input_txttreat'

2018-05-31 13:47:25 - [MESSAGE][PASSED] - Text '100' is set on object 'Object Repository/DispensaryToCms/Page_Dispensary Store/input_txttreat'

2018-05-31 13:47:25 - [TEST_STEP][PASSED] - click: Object: 'Object Repository/DispensaryToCms/Page_Dispensary Store/button_Add' is clicked on

2018-05-31 13:47:25 - [MESSAGE][PASSED] - Object: 'Object Repository/DispensaryToCms/Page_Dispensary Store/button_Add' is clicked on

2018-05-31 13:47:25 - [TEST_STEP][PASSED] - delay: Delayed 1 second(s)

2018-05-31 13:47:26 - [MESSAGE][PASSED] - Delayed 1 second(s)

2018-05-31 13:47:26 - [TEST_STEP][PASSED] - selectOptionByIndex: All options with index in [2] are selected on object 'Object Repository/DispensaryToCms/Page_Dispensary Store/select_--Select--Schedule 1Inj'

2018-05-31 13:47:26 - [MESSAGE][PASSED] - All options with index in [2] are selected on object 'Object Repository/DispensaryToCms/Page_Dispensary Store/select_--Select--Schedule 1Inj'

2018-05-31 13:47:26 - [TEST_STEP][PASSED] - delay: Delayed 1 second(s)

2018-05-31 13:47:27 - [MESSAGE][PASSED] - Delayed 1 second(s)

2018-05-31 13:47:27 - [TEST_STEP][PASSED] - selectOptionByIndex: All options with index in [30] are selected on object 'Object Repository/DispensaryToCms/Page_Dispensary Store/select_--Select--Adernaline 0.'

2018-05-31 13:47:28 - [MESSAGE][PASSED] - All options with index in [30] are selected on object 'Object Repository/DispensaryToCms/Page_Dispensary Store/select_--Select--Adernaline 0.'

2018-05-31 13:47:28 - [TEST_STEP][PASSED] - setText: Text '100' is set on object 'Object Repository/DispensaryToCms/Page_Dispensary Store/input_txttreat'

2018-05-31 13:47:28 - [MESSAGE][PASSED] - Text '100' is set on object 'Object Repository/DispensaryToCms/Page_Dispensary Store/input_txttreat'

2018-05-31 13:47:28 - [TEST_STEP][PASSED] - click: Object: 'Object Repository/DispensaryToCms/Page_Dispensary Store/button_Add' is clicked on

2018-05-31 13:47:28 - [MESSAGE][PASSED] - Object: 'Object Repository/DispensaryToCms/Page_Dispensary Store/button_Add' is clicked on

2018-05-31 13:47:28 - [TEST_STEP][PASSED] - delay: Delayed 1 second(s)

2018-05-31 13:47:29 - [MESSAGE][PASSED] - Delayed 1 second(s)

2018-05-31 13:47:29 - [TEST_STEP][PASSED] - selectOptionByIndex: All options with index in [2] are selected on object 'Object Repository/DispensaryToCms/Page_Dispensary Store/select_--Select--Schedule 1Inj'

2018-05-31 13:47:29 - [MESSAGE][PASSED] - All options with index in [2] are selected on object 'Object Repository/DispensaryToCms/Page_Dispensary Store/select_--Select--Schedule 1Inj'

2018-05-31 13:47:29 - [TEST_STEP][PASSED] - delay: Delayed 1 second(s)

2018-05-31 13:47:30 - [MESSAGE][PASSED] - Delayed 1 second(s)

2018-05-31 13:47:30 - [TEST_STEP][PASSED] - selectOptionByIndex: All options with index in [31] are selected on object 'Object Repository/DispensaryToCms/Page_Dispensary Store/select_--Select--Adernaline 0.'

2018-05-31 13:47:30 - [MESSAGE][PASSED] - All options with index in [31] are selected on object 'Object Repository/DispensaryToCms/Page_Dispensary Store/select_--Select--Adernaline 0.'

2018-05-31 13:47:30 - [TEST_STEP][PASSED] - setText: Text '100' is set on object 'Object Repository/DispensaryToCms/Page_Dispensary Store/input_txttreat'

2018-05-31 13:47:31 - [MESSAGE][PASSED] - Text '100' is set on object 'Object Repository/DispensaryToCms/Page_Dispensary Store/input_txttreat'

2018-05-31 13:47:31 - [TEST_STEP][PASSED] - click: Object: 'Object Repository/DispensaryToCms/Page_Dispensary Store/button_Add' is clicked on

2018-05-31 13:47:31 - [MESSAGE][PASSED] - Object: 'Object Repository/DispensaryToCms/Page_Dispensary Store/button_Add' is clicked on

2018-05-31 13:47:31 - [TEST_STEP][PASSED] - delay: Delayed 1 second(s)

2018-05-31 13:47:32 - [MESSAGE][PASSED] - Delayed 1 second(s)

2018-05-31 13:47:32 - [TEST_STEP][PASSED] - selectOptionByIndex: All options with index in [2] are selected on object 'Object Repository/DispensaryToCms/Page_Dispensary Store/select_--Select--Schedule 1Inj'

2018-05-31 13:47:32 - [MESSAGE][PASSED] - All options with index in [2] are selected on object 'Object Repository/DispensaryToCms/Page_Dispensary Store/select_--Select--Schedule 1Inj'

2018-05-31 13:47:32 - [TEST_STEP][PASSED] - delay: Delayed 1 second(s)

2018-05-31 13:47:33 - [MESSAGE][PASSED] - Delayed 1 second(s)

2018-05-31 13:47:33 - [TEST_STEP][PASSED] - selectOptionByIndex: All options with index in [32] are selected on object 'Object Repository/DispensaryToCms/Page_Dispensary Store/select_--Select--Adernaline 0.'

2018-05-31 13:47:33 - [MESSAGE][PASSED] - All options with index in [32] are selected on object 'Object Repository/DispensaryToCms/Page_Dispensary Store/select_--Select--Adernaline 0.'

2018-05-31 13:47:33 - [TEST_STEP][PASSED] - setText: Text '100' is set on object 'Object Repository/DispensaryToCms/Page_Dispensary Store/input_txttreat'

2018-05-31 13:47:33 - [MESSAGE][PASSED] - Text '100' is set on object 'Object Repository/DispensaryToCms/Page_Dispensary Store/input_txttreat'

2018-05-31 13:47:33 - [TEST_STEP][PASSED] - click: Object: 'Object Repository/DispensaryToCms/Page_Dispensary Store/button_Add' is clicked on

2018-05-31 13:47:33 - [MESSAGE][PASSED] - Object: 'Object Repository/DispensaryToCms/Page_Dispensary Store/button_Add' is clicked on

2018-05-31 13:47:33 - [TEST_STEP][PASSED] - delay: Delayed 1 second(s)

2018-05-31 13:47:34 - [MESSAGE][PASSED] - Delayed 1 second(s)

2018-05-31 13:47:34 - [TEST_STEP][PASSED] - selectOptionByIndex: All options with index in [2] are selected on object 'Object Repository/DispensaryToCms/Page_Dispensary Store/select_--Select--Schedule 1Inj'

2018-05-31 13:47:35 - [MESSAGE][PASSED] - All options with index in [2] are selected on object 'Object Repository/DispensaryToCms/Page_Dispensary Store/select_--Select--Schedule 1Inj'

2018-05-31 13:47:35 - [TEST_STEP][PASSED] - delay: Delayed 1 second(s)

2018-05-31 13:47:36 - [MESSAGE][PASSED] - Delayed 1 second(s)

2018-05-31 13:47:36 - [TEST_STEP][PASSED] - selectOptionByIndex: All options with index in [33] are selected on object 'Object Repository/DispensaryToCms/Page_Dispensary Store/select_--Select--Adernaline 0.'

2018-05-31 13:47:36 - [MESSAGE][PASSED] - All options with index in [33] are selected on object 'Object Repository/DispensaryToCms/Page_Dispensary Store/select_--Select--Adernaline 0.'

2018-05-31 13:47:36 - [TEST_STEP][PASSED] - setText: Text '100' is set on object 'Object Repository/DispensaryToCms/Page_Dispensary Store/input_txttreat'

2018-05-31 13:47:36 - [MESSAGE][PASSED] - Text '100' is set on object 'Object Repository/DispensaryToCms/Page_Dispensary Store/input_txttreat'

2018-05-31 13:47:36 - [TEST_STEP][PASSED] - click: Object: 'Object Repository/DispensaryToCms/Page_Dispensary Store/button_Add' is clicked on

2018-05-31 13:47:36 - [MESSAGE][PASSED] - Object: 'Object Repository/DispensaryToCms/Page_Dispensary Store/button_Add' is clicked on

2018-05-31 13:47:36 - [TEST_STEP][PASSED] - delay: Delayed 1 second(s)

2018-05-31 13:47:37 - [MESSAGE][PASSED] - Delayed 1 second(s)

2018-05-31 13:47:37 - [TEST_STEP][PASSED] - selectOptionByIndex: All options with index in [2] are selected on object 'Object Repository/DispensaryToCms/Page_Dispensary Store/select_--Select--Schedule 1Inj'

2018-05-31 13:47:37 - [MESSAGE][PASSED] - All options with index in [2] are selected on object 'Object Repository/DispensaryToCms/Page_Dispensary Store/select_--Select--Schedule 1Inj'

2018-05-31 13:47:37 - [TEST_STEP][PASSED] - delay: Delayed 1 second(s)

2018-05-31 13:47:38 - [MESSAGE][PASSED] - Delayed 1 second(s)

2018-05-31 13:47:38 - [TEST_STEP][PASSED] - selectOptionByIndex: All options with index in [34] are selected on object 'Object Repository/DispensaryToCms/Page_Dispensary Store/select_--Select--Adernaline 0.'

2018-05-31 13:47:39 - [MESSAGE][PASSED] - All options with index in [34] are selected on object 'Object Repository/DispensaryToCms/Page_Dispensary Store/select_--Select--Adernaline 0.'

2018-05-31 13:47:39 - [TEST_STEP][PASSED] - setText: Text '100' is set on object 'Object Repository/DispensaryToCms/Page_Dispensary Store/input_txttreat'

2018-05-31 13:47:39 - [MESSAGE][PASSED] - Text '100' is set on object 'Object Repository/DispensaryToCms/Page_Dispensary Store/input_txttreat'

2018-05-31 13:47:39 - [TEST_STEP][PASSED] - click: Object: 'Object Repository/DispensaryToCms/Page_Dispensary Store/button_Add' is clicked on

2018-05-31 13:47:39 - [MESSAGE][PASSED] - Object: 'Object Repository/DispensaryToCms/Page_Dispensary Store/button_Add' is clicked on

2018-05-31 13:47:39 - [TEST_STEP][PASSED] - delay: Delayed 1 second(s)

2018-05-31 13:47:40 - [MESSAGE][PASSED] - Delayed 1 second(s)

2018-05-31 13:47:40 - [TEST_STEP][PASSED] - selectOptionByIndex: All options with index in [2] are selected on object 'Object Repository/DispensaryToCms/Page_Dispensary Store/select_--Select--Schedule 1Inj'

2018-05-31 13:47:40 - [MESSAGE][PASSED] - All options with index in [2] are selected on object 'Object Repository/DispensaryToCms/Page_Dispensary Store/select_--Select--Schedule 1Inj'

2018-05-31 13:47:40 - [TEST_STEP][PASSED] - delay: Delayed 1 second(s)

2018-05-31 13:47:41 - [MESSAGE][PASSED] - Delayed 1 second(s)

2018-05-31 13:47:41 - [TEST_STEP][PASSED] - selectOptionByIndex: All options with index in [35] are selected on object 'Object Repository/DispensaryToCms/Page_Dispensary Store/select_--Select--Adernaline 0.'

2018-05-31 13:47:42 - [MESSAGE][PASSED] - All options with index in [35] are selected on object 'Object Repository/DispensaryToCms/Page_Dispensary Store/select_--Select--Adernaline 0.'

2018-05-31 13:47:42 - [TEST_STEP][PASSED] - setText: Text '100' is set on object 'Object Repository/DispensaryToCms/Page_Dispensary Store/input_txttreat'

2018-05-31 13:47:42 - [MESSAGE][PASSED] - Text '100' is set on object 'Object Repository/DispensaryToCms/Page_Dispensary Store/input_txttreat'

2018-05-31 13:47:42 - [TEST_STEP][PASSED] - click: Object: 'Object Repository/DispensaryToCms/Page_Dispensary Store/button_Add' is clicked on

2018-05-31 13:47:42 - [MESSAGE][PASSED] - Object: 'Object Repository/DispensaryToCms/Page_Dispensary Store/button_Add' is clicked on

2018-05-31 13:47:42 - [TEST_STEP][PASSED] - delay: Delayed 1 second(s)

2018-05-31 13:47:43 - [MESSAGE][PASSED] - Delayed 1 second(s)

2018-05-31 13:47:43 - [TEST_STEP][PASSED] - selectOptionByIndex: All options with index in [2] are selected on object 'Object Repository/DispensaryToCms/Page_Dispensary Store/select_--Select--Schedule 1Inj'

2018-05-31 13:47:43 - [MESSAGE][PASSED] - All options with index in [2] are selected on object 'Object Repository/DispensaryToCms/Page_Dispensary Store/select_--Select--Schedule 1Inj'

2018-05-31 13:47:43 - [TEST_STEP][PASSED] - delay: Delayed 1 second(s)

2018-05-31 13:47:44 - [MESSAGE][PASSED] - Delayed 1 second(s)

2018-05-31 13:47:44 - [TEST_STEP][PASSED] - selectOptionByIndex: All options with index in [36] are selected on object 'Object Repository/DispensaryToCms/Page_Dispensary Store/select_--Select--Adernaline 0.'

2018-05-31 13:47:44 - [MESSAGE][PASSED] - All options with index in [36] are selected on object 'Object Repository/DispensaryToCms/Page_Dispensary Store/select_--Select--Adernaline 0.'

2018-05-31 13:47:44 - [TEST_STEP][PASSED] - setText: Text '100' is set on object 'Object Repository/DispensaryToCms/Page_Dispensary Store/input_txttreat'

2018-05-31 13:47:45 - [MESSAGE][PASSED] - Text '100' is set on object 'Object Repository/DispensaryToCms/Page_Dispensary Store/input_txttreat'

2018-05-31 13:47:45 - [TEST_STEP][PASSED] - click: Object: 'Object Repository/DispensaryToCms/Page_Dispensary Store/button_Add' is clicked on

2018-05-31 13:47:45 - [MESSAGE][PASSED] - Object: 'Object Repository/DispensaryToCms/Page_Dispensary Store/button_Add' is clicked on

2018-05-31 13:47:45 - [TEST_STEP][PASSED] - delay: Delayed 1 second(s)

2018-05-31 13:47:46 - [MESSAGE][PASSED] - Delayed 1 second(s)

2018-05-31 13:47:46 - [TEST_STEP][PASSED] - selectOptionByIndex: All options with index in [2] are selected on object 'Object Repository/DispensaryToCms/Page_Dispensary Store/select_--Select--Schedule 1Inj'

2018-05-31 13:47:46 - [MESSAGE][PASSED] - All options with index in [2] are selected on object 'Object Repository/DispensaryToCms/Page_Dispensary Store/select_--Select--Schedule 1Inj'

2018-05-31 13:47:46 - [TEST_STEP][PASSED] - delay: Delayed 1 second(s)

2018-05-31 13:47:47 - [MESSAGE][PASSED] - Delayed 1 second(s)

2018-05-31 13:47:47 - [TEST_STEP][PASSED] - selectOptionByIndex: All options with index in [37] are selected on object 'Object Repository/DispensaryToCms/Page_Dispensary Store/select_--Select--Adernaline 0.'

2018-05-31 13:47:47 - [MESSAGE][PASSED] - All options with index in [37] are selected on object 'Object Repository/DispensaryToCms/Page_Dispensary Store/select_--Select--Adernaline 0.'

2018-05-31 13:47:47 - [TEST_STEP][PASSED] - setText: Text '100' is set on object 'Object Repository/DispensaryToCms/Page_Dispensary Store/input_txttreat'

2018-05-31 13:47:47 - [MESSAGE][PASSED] - Text '100' is set on object 'Object Repository/DispensaryToCms/Page_Dispensary Store/input_txttreat'

2018-05-31 13:47:47 - [TEST_STEP][PASSED] - click: Object: 'Object Repository/DispensaryToCms/Page_Dispensary Store/button_Add' is clicked on

2018-05-31 13:47:47 - [MESSAGE][PASSED] - Object: 'Object Repository/DispensaryToCms/Page_Dispensary Store/button_Add' is clicked on

2018-05-31 13:47:47 - [TEST_STEP][PASSED] - delay: Delayed 1 second(s)

2018-05-31 13:47:48 - [MESSAGE][PASSED] - Delayed 1 second(s)

2018-05-31 13:47:48 - [TEST_STEP][PASSED] - selectOptionByIndex: All options with index in [2] are selected on object 'Object Repository/DispensaryToCms/Page_Dispensary Store/select_--Select--Schedule 1Inj'

2018-05-31 13:47:49 - [MESSAGE][PASSED] - All options with index in [2] are selected on object 'Object Repository/DispensaryToCms/Page_Dispensary Store/select_--Select--Schedule 1Inj'

2018-05-31 13:47:49 - [TEST_STEP][PASSED] - delay: Delayed 1 second(s)

2018-05-31 13:47:50 - [MESSAGE][PASSED] - Delayed 1 second(s)

2018-05-31 13:47:50 - [TEST_STEP][PASSED] - selectOptionByIndex: All options with index in [38] are selected on object 'Object Repository/DispensaryToCms/Page_Dispensary Store/select_--Select--Adernaline 0.'

2018-05-31 13:47:50 - [MESSAGE][PASSED] - All options with index in [38] are selected on object 'Object Repository/DispensaryToCms/Page_Dispensary Store/select_--Select--Adernaline 0.'

2018-05-31 13:47:50 - [TEST_STEP][PASSED] - setText: Text '100' is set on object 'Object Repository/DispensaryToCms/Page_Dispensary Store/input_txttreat'

2018-05-31 13:47:50 - [MESSAGE][PASSED] - Text '100' is set on object 'Object Repository/DispensaryToCms/Page_Dispensary Store/input_txttreat'

2018-05-31 13:47:50 - [TEST_STEP][PASSED] - click: Object: 'Object Repository/DispensaryToCms/Page_Dispensary Store/button_Add' is clicked on

2018-05-31 13:47:50 - [MESSAGE][PASSED] - Object: 'Object Repository/DispensaryToCms/Page_Dispensary Store/button_Add' is clicked on

2018-05-31 13:47:50 - [TEST_STEP][PASSED] - delay: Delayed 1 second(s)

2018-05-31 13:47:51 - [MESSAGE][PASSED] - Delayed 1 second(s)

2018-05-31 13:47:51 - [TEST_STEP][PASSED] - selectOptionByIndex: All options with index in [2] are selected on object 'Object Repository/DispensaryToCms/Page_Dispensary Store/select_--Select--Schedule 1Inj'

2018-05-31 13:47:52 - [MESSAGE][PASSED] - All options with index in [2] are selected on object 'Object Repository/DispensaryToCms/Page_Dispensary Store/select_--Select--Schedule 1Inj'

2018-05-31 13:47:52 - [TEST_STEP][PASSED] - delay: Delayed 1 second(s)

2018-05-31 13:47:53 - [MESSAGE][PASSED] - Delayed 1 second(s)

2018-05-31 13:47:53 - [TEST_STEP][PASSED] - selectOptionByIndex: All options with index in [39] are selected on object 'Object Repository/DispensaryToCms/Page_Dispensary Store/select_--Select--Adernaline 0.'

2018-05-31 13:47:53 - [MESSAGE][PASSED] - All options with index in [39] are selected on object 'Object Repository/DispensaryToCms/Page_Dispensary Store/select_--Select--Adernaline 0.'

2018-05-31 13:47:53 - [TEST_STEP][PASSED] - setText: Text '100' is set on object 'Object Repository/DispensaryToCms/Page_Dispensary Store/input_txttreat'

2018-05-31 13:47:53 - [MESSAGE][PASSED] - Text '100' is set on object 'Object Repository/DispensaryToCms/Page_Dispensary Store/input_txttreat'

2018-05-31 13:47:53 - [TEST_STEP][PASSED] - click: Object: 'Object Repository/DispensaryToCms/Page_Dispensary Store/button_Add' is clicked on

2018-05-31 13:47:53 - [MESSAGE][PASSED] - Object: 'Object Repository/DispensaryToCms/Page_Dispensary Store/button_Add' is clicked on

2018-05-31 13:47:53 - [TEST_STEP][PASSED] - delay: Delayed 1 second(s)

2018-05-31 13:47:54 - [MESSAGE][PASSED] - Delayed 1 second(s)

2018-05-31 13:47:54 - [TEST_STEP][PASSED] - selectOptionByIndex: All options with index in [2] are selected on object 'Object Repository/DispensaryToCms/Page_Dispensary Store/select_--Select--Schedule 1Inj'

2018-05-31 13:47:54 - [MESSAGE][PASSED] - All options with index in [2] are selected on object 'Object Repository/DispensaryToCms/Page_Dispensary Store/select_--Select--Schedule 1Inj'

2018-05-31 13:47:54 - [TEST_STEP][PASSED] - delay: Delayed 1 second(s)

2018-05-31 13:47:55 - [MESSAGE][PASSED] - Delayed 1 second(s)

2018-05-31 13:47:55 - [TEST_STEP][PASSED] - selectOptionByIndex: All options with index in [40] are selected on object 'Object Repository/DispensaryToCms/Page_Dispensary Store/select_--Select--Adernaline 0.'

2018-05-31 13:47:56 - [MESSAGE][PASSED] - All options with index in [40] are selected on object 'Object Repository/DispensaryToCms/Page_Dispensary Store/select_--Select--Adernaline 0.'

2018-05-31 13:47:56 - [TEST_STEP][PASSED] - setText: Text '100' is set on object 'Object Repository/DispensaryToCms/Page_Dispensary Store/input_txttreat'

2018-05-31 13:47:56 - [MESSAGE][PASSED] - Text '100' is set on object 'Object Repository/DispensaryToCms/Page_Dispensary Store/input_txttreat'

2018-05-31 13:47:56 - [TEST_STEP][PASSED] - click: Object: 'Object Repository/DispensaryToCms/Page_Dispensary Store/button_Add' is clicked on

2018-05-31 13:47:56 - [MESSAGE][PASSED] - Object: 'Object Repository/DispensaryToCms/Page_Dispensary Store/button_Add' is clicked on

2018-05-31 13:47:56 - [TEST_STEP][PASSED] - delay: Delayed 1 second(s)

2018-05-31 13:47:57 - [MESSAGE][PASSED] - Delayed 1 second(s)

2018-05-31 13:47:57 - [TEST_STEP][PASSED] - selectOptionByIndex: All options with index in [2] are selected on object 'Object Repository/DispensaryToCms/Page_Dispensary Store/select_--Select--Schedule 1Inj'

2018-05-31 13:47:57 - [MESSAGE][PASSED] - All options with index in [2] are selected on object 'Object Repository/DispensaryToCms/Page_Dispensary Store/select_--Select--Schedule 1Inj'

2018-05-31 13:47:57 - [TEST_STEP][PASSED] - delay: Delayed 1 second(s)

2018-05-31 13:47:58 - [MESSAGE][PASSED] - Delayed 1 second(s)

2018-05-31 13:47:58 - [TEST_STEP][PASSED] - selectOptionByIndex: All options with index in [41] are selected on object 'Object Repository/DispensaryToCms/Page_Dispensary Store/select_--Select--Adernaline 0.'

2018-05-31 13:47:59 - [MESSAGE][PASSED] - All options with index in [41] are selected on object 'Object Repository/DispensaryToCms/Page_Dispensary Store/select_--Select--Adernaline 0.'

2018-05-31 13:47:59 - [TEST_STEP][PASSED] - setText: Text '100' is set on object 'Object Repository/DispensaryToCms/Page_Dispensary Store/input_txttreat'

2018-05-31 13:47:59 - [MESSAGE][PASSED] - Text '100' is set on object 'Object Repository/DispensaryToCms/Page_Dispensary Store/input_txttreat'

2018-05-31 13:47:59 - [TEST_STEP][PASSED] - click: Object: 'Object Repository/DispensaryToCms/Page_Dispensary Store/button_Add' is clicked on

2018-05-31 13:47:59 - [MESSAGE][PASSED] - Object: 'Object Repository/DispensaryToCms/Page_Dispensary Store/button_Add' is clicked on

2018-05-31 13:47:59 - [TEST_STEP][PASSED] - delay: Delayed 1 second(s)

2018-05-31 13:48:00 - [MESSAGE][PASSED] - Delayed 1 second(s)

2018-05-31 13:48:00 - [TEST_STEP][PASSED] - selectOptionByIndex: All options with index in [2] are selected on object 'Object Repository/DispensaryToCms/Page_Dispensary Store/select_--Select--Schedule 1Inj'

2018-05-31 13:48:00 - [MESSAGE][PASSED] - All options with index in [2] are selected on object 'Object Repository/DispensaryToCms/Page_Dispensary Store/select_--Select--Schedule 1Inj'

2018-05-31 13:48:00 - [TEST_STEP][PASSED] - delay: Delayed 1 second(s)

2018-05-31 13:48:01 - [MESSAGE][PASSED] - Delayed 1 second(s)

2018-05-31 13:48:01 - [TEST_STEP][PASSED] - selectOptionByIndex: All options with index in [42] are selected on object 'Object Repository/DispensaryToCms/Page_Dispensary Store/select_--Select--Adernaline 0.'

2018-05-31 13:48:02 - [MESSAGE][PASSED] - All options with index in [42] are selected on object 'Object Repository/DispensaryToCms/Page_Dispensary Store/select_--Select--Adernaline 0.'

2018-05-31 13:48:02 - [TEST_STEP][PASSED] - setText: Text '100' is set on object 'Object Repository/DispensaryToCms/Page_Dispensary Store/input_txttreat'

2018-05-31 13:48:02 - [MESSAGE][PASSED] - Text '100' is set on object 'Object Repository/DispensaryToCms/Page_Dispensary Store/input_txttreat'

2018-05-31 13:48:02 - [TEST_STEP][PASSED] - click: Object: 'Object Repository/DispensaryToCms/Page_Dispensary Store/button_Add' is clicked on

2018-05-31 13:48:02 - [MESSAGE][PASSED] - Object: 'Object Repository/DispensaryToCms/Page_Dispensary Store/button_Add' is clicked on

2018-05-31 13:48:02 - [TEST_STEP][PASSED] - delay: Delayed 1 second(s)

2018-05-31 13:48:03 - [MESSAGE][PASSED] - Delayed 1 second(s)

2018-05-31 13:48:03 - [TEST_STEP][PASSED] - selectOptionByIndex: All options with index in [2] are selected on object 'Object Repository/DispensaryToCms/Page_Dispensary Store/select_--Select--Schedule 1Inj'

2018-05-31 13:48:03 - [MESSAGE][PASSED] - All options with index in [2] are selected on object 'Object Repository/DispensaryToCms/Page_Dispensary Store/select_--Select--Schedule 1Inj'

2018-05-31 13:48:03 - [TEST_STEP][PASSED] - delay: Delayed 1 second(s)

2018-05-31 13:48:04 - [MESSAGE][PASSED] - Delayed 1 second(s)

2018-05-31 13:48:04 - [TEST_STEP][PASSED] - selectOptionByIndex: All options with index in [43] are selected on object 'Object Repository/DispensaryToCms/Page_Dispensary Store/select_--Select--Adernaline 0.'

2018-05-31 13:48:05 - [MESSAGE][PASSED] - All options with index in [43] are selected on object 'Object Repository/DispensaryToCms/Page_Dispensary Store/select_--Select--Adernaline 0.'

2018-05-31 13:48:05 - [TEST_STEP][PASSED] - setText: Text '100' is set on object 'Object Repository/DispensaryToCms/Page_Dispensary Store/input_txttreat'

2018-05-31 13:48:05 - [MESSAGE][PASSED] - Text '100' is set on object 'Object Repository/DispensaryToCms/Page_Dispensary Store/input_txttreat'

2018-05-31 13:48:05 - [TEST_STEP][PASSED] - click: Object: 'Object Repository/DispensaryToCms/Page_Dispensary Store/button_Add' is clicked on

2018-05-31 13:48:05 - [MESSAGE][PASSED] - Object: 'Object Repository/DispensaryToCms/Page_Dispensary Store/button_Add' is clicked on

2018-05-31 13:48:05 - [TEST_STEP][PASSED] - delay: Delayed 1 second(s)

2018-05-31 13:48:06 - [MESSAGE][PASSED] - Delayed 1 second(s)

2018-05-31 13:48:06 - [TEST_STEP][PASSED] - selectOptionByIndex: All options with index in [2] are selected on object 'Object Repository/DispensaryToCms/Page_Dispensary Store/select_--Select--Schedule 1Inj'

2018-05-31 13:48:06 - [MESSAGE][PASSED] - All options with index in [2] are selected on object 'Object Repository/DispensaryToCms/Page_Dispensary Store/select_--Select--Schedule 1Inj'

2018-05-31 13:48:06 - [TEST_STEP][PASSED] - delay: Delayed 1 second(s)

2018-05-31 13:48:07 - [MESSAGE][PASSED] - Delayed 1 second(s)

2018-05-31 13:48:07 - [TEST_STEP][PASSED] - selectOptionByIndex: All options with index in [44] are selected on object 'Object Repository/DispensaryToCms/Page_Dispensary Store/select_--Select--Adernaline 0.'

2018-05-31 13:48:08 - [MESSAGE][PASSED] - All options with index in [44] are selected on object 'Object Repository/DispensaryToCms/Page_Dispensary Store/select_--Select--Adernaline 0.'

2018-05-31 13:48:08 - [TEST_STEP][PASSED] - setText: Text '100' is set on object 'Object Repository/DispensaryToCms/Page_Dispensary Store/input_txttreat'

2018-05-31 13:48:08 - [MESSAGE][PASSED] - Text '100' is set on object 'Object Repository/DispensaryToCms/Page_Dispensary Store/input_txttreat'

2018-05-31 13:48:08 - [TEST_STEP][PASSED] - click: Object: 'Object Repository/DispensaryToCms/Page_Dispensary Store/button_Add' is clicked on

2018-05-31 13:48:08 - [MESSAGE][PASSED] - Object: 'Object Repository/DispensaryToCms/Page_Dispensary Store/button_Add' is clicked on

2018-05-31 13:48:08 - [TEST_STEP][PASSED] - delay: Delayed 1 second(s)

2018-05-31 13:48:09 - [MESSAGE][PASSED] - Delayed 1 second(s)

2018-05-31 13:48:09 - [TEST_STEP][PASSED] - selectOptionByIndex: All options with index in [2] are selected on object 'Object Repository/DispensaryToCms/Page_Dispensary Store/select_--Select--Schedule 1Inj'

2018-05-31 13:48:09 - [MESSAGE][PASSED] - All options with index in [2] are selected on object 'Object Repository/DispensaryToCms/Page_Dispensary Store/select_--Select--Schedule 1Inj'

2018-05-31 13:48:09 - [TEST_STEP][PASSED] - delay: Delayed 1 second(s)

2018-05-31 13:48:10 - [MESSAGE][PASSED] - Delayed 1 second(s)

2018-05-31 13:48:10 - [TEST_STEP][PASSED] - selectOptionByIndex: All options with index in [45] are selected on object 'Object Repository/DispensaryToCms/Page_Dispensary Store/select_--Select--Adernaline 0.'

2018-05-31 13:48:11 - [MESSAGE][PASSED] - All options with index in [45] are selected on object 'Object Repository/DispensaryToCms/Page_Dispensary Store/select_--Select--Adernaline 0.'

2018-05-31 13:48:11 - [TEST_STEP][PASSED] - setText: Text '100' is set on object 'Object Repository/DispensaryToCms/Page_Dispensary Store/input_txttreat'

2018-05-31 13:48:11 - [MESSAGE][PASSED] - Text '100' is set on object 'Object Repository/DispensaryToCms/Page_Dispensary Store/input_txttreat'

2018-05-31 13:48:11 - [TEST_STEP][PASSED] - click: Object: 'Object Repository/DispensaryToCms/Page_Dispensary Store/button_Add' is clicked on

2018-05-31 13:48:11 - [MESSAGE][PASSED] - Object: 'Object Repository/DispensaryToCms/Page_Dispensary Store/button_Add' is clicked on

2018-05-31 13:48:11 - [TEST_STEP][PASSED] - delay: Delayed 1 second(s)

2018-05-31 13:48:12 - [MESSAGE][PASSED] - Delayed 1 second(s)

2018-05-31 13:48:12 - [TEST_STEP][PASSED] - selectOptionByIndex: All options with index in [2] are selected on object 'Object Repository/DispensaryToCms/Page_Dispensary Store/select_--Select--Schedule 1Inj'

2018-05-31 13:48:12 - [MESSAGE][PASSED] - All options with index in [2] are selected on object 'Object Repository/DispensaryToCms/Page_Dispensary Store/select_--Select--Schedule 1Inj'

2018-05-31 13:48:12 - [TEST_STEP][PASSED] - delay: Delayed 1 second(s)

2018-05-31 13:48:13 - [MESSAGE][PASSED] - Delayed 1 second(s)

2018-05-31 13:48:13 - [TEST_STEP][PASSED] - selectOptionByIndex: All options with index in [46] are selected on object 'Object Repository/DispensaryToCms/Page_Dispensary Store/select_--Select--Adernaline 0.'

2018-05-31 13:48:14 - [MESSAGE][PASSED] - All options with index in [46] are selected on object 'Object Repository/DispensaryToCms/Page_Dispensary Store/select_--Select--Adernaline 0.'

2018-05-31 13:48:14 - [TEST_STEP][PASSED] - setText: Text '100' is set on object 'Object Repository/DispensaryToCms/Page_Dispensary Store/input_txttreat'

2018-05-31 13:48:14 - [MESSAGE][PASSED] - Text '100' is set on object 'Object Repository/DispensaryToCms/Page_Dispensary Store/input_txttreat'

2018-05-31 13:48:14 - [TEST_STEP][PASSED] - click: Object: 'Object Repository/DispensaryToCms/Page_Dispensary Store/button_Add' is clicked on

2018-05-31 13:48:14 - [MESSAGE][PASSED] - Object: 'Object Repository/DispensaryToCms/Page_Dispensary Store/button_Add' is clicked on

2018-05-31 13:48:14 - [TEST_STEP][PASSED] - delay: Delayed 1 second(s)

2018-05-31 13:48:15 - [MESSAGE][PASSED] - Delayed 1 second(s)

2018-05-31 13:48:15 - [TEST_STEP][PASSED] - selectOptionByIndex: All options with index in [2] are selected on object 'Object Repository/DispensaryToCms/Page_Dispensary Store/select_--Select--Schedule 1Inj'

2018-05-31 13:48:15 - [MESSAGE][PASSED] - All options with index in [2] are selected on object 'Object Repository/DispensaryToCms/Page_Dispensary Store/select_--Select--Schedule 1Inj'

2018-05-31 13:48:15 - [TEST_STEP][PASSED] - delay: Delayed 1 second(s)

2018-05-31 13:48:16 - [MESSAGE][PASSED] - Delayed 1 second(s)

2018-05-31 13:48:16 - [TEST_STEP][PASSED] - selectOptionByIndex: All options with index in [47] are selected on object 'Object Repository/DispensaryToCms/Page_Dispensary Store/select_--Select--Adernaline 0.'

2018-05-31 13:48:17 - [MESSAGE][PASSED] - All options with index in [47] are selected on object 'Object Repository/DispensaryToCms/Page_Dispensary Store/select_--Select--Adernaline 0.'

2018-05-31 13:48:17 - [TEST_STEP][PASSED] - setText: Text '100' is set on object 'Object Repository/DispensaryToCms/Page_Dispensary Store/input_txttreat'

2018-05-31 13:48:17 - [MESSAGE][PASSED] - Text '100' is set on object 'Object Repository/DispensaryToCms/Page_Dispensary Store/input_txttreat'

2018-05-31 13:48:17 - [TEST_STEP][PASSED] - click: Object: 'Object Repository/DispensaryToCms/Page_Dispensary Store/button_Add' is clicked on

2018-05-31 13:48:17 - [MESSAGE][PASSED] - Object: 'Object Repository/DispensaryToCms/Page_Dispensary Store/button_Add' is clicked on

2018-05-31 13:48:17 - [TEST_STEP][PASSED] - delay: Delayed 1 second(s)

2018-05-31 13:48:18 - [MESSAGE][PASSED] - Delayed 1 second(s)

2018-05-31 13:48:18 - [TEST_STEP][PASSED] - selectOptionByIndex: All options with index in [2] are selected on object 'Object Repository/DispensaryToCms/Page_Dispensary Store/select_--Select--Schedule 1Inj'

2018-05-31 13:48:18 - [MESSAGE][PASSED] - All options with index in [2] are selected on object 'Object Repository/DispensaryToCms/Page_Dispensary Store/select_--Select--Schedule 1Inj'

2018-05-31 13:48:18 - [TEST_STEP][PASSED] - delay: Delayed 1 second(s)

2018-05-31 13:48:19 - [MESSAGE][PASSED] - Delayed 1 second(s)

2018-05-31 13:48:19 - [TEST_STEP][PASSED] - selectOptionByIndex: All options with index in [48] are selected on object 'Object Repository/DispensaryToCms/Page_Dispensary Store/select_--Select--Adernaline 0.'

2018-05-31 13:48:20 - [MESSAGE][PASSED] - All options with index in [48] are selected on object 'Object Repository/DispensaryToCms/Page_Dispensary Store/select_--Select--Adernaline 0.'

2018-05-31 13:48:20 - [TEST_STEP][PASSED] - setText: Text '100' is set on object 'Object Repository/DispensaryToCms/Page_Dispensary Store/input_txttreat'

2018-05-31 13:48:20 - [MESSAGE][PASSED] - Text '100' is set on object 'Object Repository/DispensaryToCms/Page_Dispensary Store/input_txttreat'

2018-05-31 13:48:20 - [TEST_STEP][PASSED] - click: Object: 'Object Repository/DispensaryToCms/Page_Dispensary Store/button_Add' is clicked on

2018-05-31 13:48:20 - [MESSAGE][PASSED] - Object: 'Object Repository/DispensaryToCms/Page_Dispensary Store/button_Add' is clicked on

2018-05-31 13:48:20 - [TEST_STEP][PASSED] - delay: Delayed 1 second(s)

2018-05-31 13:48:21 - [MESSAGE][PASSED] - Delayed 1 second(s)

2018-05-31 13:48:21 - [TEST_STEP][PASSED] - selectOptionByIndex: All options with index in [2] are selected on object 'Object Repository/DispensaryToCms/Page_Dispensary Store/select_--Select--Schedule 1Inj'

2018-05-31 13:48:21 - [MESSAGE][PASSED] - All options with index in [2] are selected on object 'Object Repository/DispensaryToCms/Page_Dispensary Store/select_--Select--Schedule 1Inj'

2018-05-31 13:48:21 - [TEST_STEP][PASSED] - delay: Delayed 1 second(s)

2018-05-31 13:48:22 - [MESSAGE][PASSED] - Delayed 1 second(s)

2018-05-31 13:48:22 - [TEST_STEP][PASSED] - selectOptionByIndex: All options with index in [49] are selected on object 'Object Repository/DispensaryToCms/Page_Dispensary Store/select_--Select--Adernaline 0.'

2018-05-31 13:48:23 - [MESSAGE][PASSED] - All options with index in [49] are selected on object 'Object Repository/DispensaryToCms/Page_Dispensary Store/select_--Select--Adernaline 0.'

2018-05-31 13:48:23 - [TEST_STEP][PASSED] - setText: Text '100' is set on object 'Object Repository/DispensaryToCms/Page_Dispensary Store/input_txttreat'

2018-05-31 13:48:23 - [MESSAGE][PASSED] - Text '100' is set on object 'Object Repository/DispensaryToCms/Page_Dispensary Store/input_txttreat'

2018-05-31 13:48:23 - [TEST_STEP][PASSED] - click: Object: 'Object Repository/DispensaryToCms/Page_Dispensary Store/button_Add' is clicked on

2018-05-31 13:48:23 - [MESSAGE][PASSED] - Object: 'Object Repository/DispensaryToCms/Page_Dispensary Store/button_Add' is clicked on

2018-05-31 13:48:23 - [TEST_STEP][PASSED] - delay: Delayed 1 second(s)

2018-05-31 13:48:24 - [MESSAGE][PASSED] - Delayed 1 second(s)

2018-05-31 13:48:24 - [TEST_STEP][PASSED] - selectOptionByIndex: All options with index in [2] are selected on object 'Object Repository/DispensaryToCms/Page_Dispensary Store/select_--Select--Schedule 1Inj'

2018-05-31 13:48:24 - [MESSAGE][PASSED] - All options with index in [2] are selected on object 'Object Repository/DispensaryToCms/Page_Dispensary Store/select_--Select--Schedule 1Inj'

2018-05-31 13:48:24 - [TEST_STEP][PASSED] - delay: Delayed 1 second(s)

2018-05-31 13:48:25 - [MESSAGE][PASSED] - Delayed 1 second(s)

2018-05-31 13:48:25 - [TEST_STEP][PASSED] - selectOptionByIndex: All options with index in [50] are selected on object 'Object Repository/DispensaryToCms/Page_Dispensary Store/select_--Select--Adernaline 0.'

2018-05-31 13:48:26 - [MESSAGE][PASSED] - All options with index in [50] are selected on object 'Object Repository/DispensaryToCms/Page_Dispensary Store/select_--Select--Adernaline 0.'

2018-05-31 13:48:26 - [TEST_STEP][PASSED] - setText: Text '100' is set on object 'Object Repository/DispensaryToCms/Page_Dispensary Store/input_txttreat'

2018-05-31 13:48:26 - [MESSAGE][PASSED] - Text '100' is set on object 'Object Repository/DispensaryToCms/Page_Dispensary Store/input_txttreat'

2018-05-31 13:48:26 - [TEST_STEP][PASSED] - click: Object: 'Object Repository/DispensaryToCms/Page_Dispensary Store/button_Add' is clicked on

2018-05-31 13:48:26 - [MESSAGE][PASSED] - Object: 'Object Repository/DispensaryToCms/Page_Dispensary Store/button_Add' is clicked on

2018-05-31 13:48:26 - [TEST_STEP][PASSED] - delay: Delayed 1 second(s)

2018-05-31 13:48:27 - [MESSAGE][PASSED] - Delayed 1 second(s)

2018-05-31 13:48:27 - [TEST_STEP][PASSED] - selectOptionByIndex: All options with index in [2] are selected on object 'Object Repository/DispensaryToCms/Page_Dispensary Store/select_--Select--Schedule 1Inj'

2018-05-31 13:48:27 - [MESSAGE][PASSED] - All options with index in [2] are selected on object 'Object Repository/DispensaryToCms/Page_Dispensary Store/select_--Select--Schedule 1Inj'

2018-05-31 13:48:27 - [TEST_STEP][PASSED] - delay: Delayed 1 second(s)

2018-05-31 13:48:28 - [MESSAGE][PASSED] - Delayed 1 second(s)

2018-05-31 13:48:28 - [TEST_STEP][PASSED] - selectOptionByIndex: All options with index in [51] are selected on object 'Object Repository/DispensaryToCms/Page_Dispensary Store/select_--Select--Adernaline 0.'

2018-05-31 13:48:29 - [MESSAGE][PASSED] - All options with index in [51] are selected on object 'Object Repository/DispensaryToCms/Page_Dispensary Store/select_--Select--Adernaline 0.'

2018-05-31 13:48:29 - [TEST_STEP][PASSED] - setText: Text '100' is set on object 'Object Repository/DispensaryToCms/Page_Dispensary Store/input_txttreat'

2018-05-31 13:48:29 - [MESSAGE][PASSED] - Text '100' is set on object 'Object Repository/DispensaryToCms/Page_Dispensary Store/input_txttreat'

2018-05-31 13:48:29 - [TEST_STEP][PASSED] - click: Object: 'Object Repository/DispensaryToCms/Page_Dispensary Store/button_Add' is clicked on

2018-05-31 13:48:29 - [MESSAGE][PASSED] - Object: 'Object Repository/DispensaryToCms/Page_Dispensary Store/button_Add' is clicked on

2018-05-31 13:48:29 - [TEST_STEP][PASSED] - delay: Delayed 1 second(s)

2018-05-31 13:48:30 - [MESSAGE][PASSED] - Delayed 1 second(s)

2018-05-31 13:48:30 - [TEST_STEP][PASSED] - selectOptionByIndex: All options with index in [2] are selected on object 'Object Repository/DispensaryToCms/Page_Dispensary Store/select_--Select--Schedule 1Inj'

2018-05-31 13:48:30 - [MESSAGE][PASSED] - All options with index in [2] are selected on object 'Object Repository/DispensaryToCms/Page_Dispensary Store/select_--Select--Schedule 1Inj'

2018-05-31 13:48:30 - [TEST_STEP][PASSED] - delay: Delayed 1 second(s)

2018-05-31 13:48:31 - [MESSAGE][PASSED] - Delayed 1 second(s)

2018-05-31 13:48:31 - [TEST_STEP][PASSED] - selectOptionByIndex: All options with index in [52] are selected on object 'Object Repository/DispensaryToCms/Page_Dispensary Store/select_--Select--Adernaline 0.'

2018-05-31 13:48:32 - [MESSAGE][PASSED] - All options with index in [52] are selected on object 'Object Repository/DispensaryToCms/Page_Dispensary Store/select_--Select--Adernaline 0.'

2018-05-31 13:48:32 - [TEST_STEP][PASSED] - setText: Text '100' is set on object 'Object Repository/DispensaryToCms/Page_Dispensary Store/input_txttreat'

2018-05-31 13:48:32 - [MESSAGE][PASSED] - Text '100' is set on object 'Object Repository/DispensaryToCms/Page_Dispensary Store/input_txttreat'

2018-05-31 13:48:32 - [TEST_STEP][PASSED] - click: Object: 'Object Repository/DispensaryToCms/Page_Dispensary Store/button_Add' is clicked on

2018-05-31 13:48:32 - [MESSAGE][PASSED] - Object: 'Object Repository/DispensaryToCms/Page_Dispensary Store/button_Add' is clicked on

2018-05-31 13:48:32 - [TEST_STEP][PASSED] - delay: Delayed 1 second(s)

2018-05-31 13:48:33 - [MESSAGE][PASSED] - Delayed 1 second(s)

2018-05-31 13:48:33 - [TEST_STEP][PASSED] - selectOptionByIndex: All options with index in [2] are selected on object 'Object Repository/DispensaryToCms/Page_Dispensary Store/select_--Select--Schedule 1Inj'

2018-05-31 13:48:33 - [MESSAGE][PASSED] - All options with index in [2] are selected on object 'Object Repository/DispensaryToCms/Page_Dispensary Store/select_--Select--Schedule 1Inj'

2018-05-31 13:48:33 - [TEST_STEP][PASSED] - delay: Delayed 1 second(s)

2018-05-31 13:48:34 - [MESSAGE][PASSED] - Delayed 1 second(s)

2018-05-31 13:48:34 - [TEST_STEP][PASSED] - selectOptionByIndex: All options with index in [53] are selected on object 'Object Repository/DispensaryToCms/Page_Dispensary Store/select_--Select--Adernaline 0.'

2018-05-31 13:48:35 - [MESSAGE][PASSED] - All options with index in [53] are selected on object 'Object Repository/DispensaryToCms/Page_Dispensary Store/select_--Select--Adernaline 0.'

2018-05-31 13:48:35 - [TEST_STEP][PASSED] - setText: Text '100' is set on object 'Object Repository/DispensaryToCms/Page_Dispensary Store/input_txttreat'

2018-05-31 13:48:35 - [MESSAGE][PASSED] - Text '100' is set on object 'Object Repository/DispensaryToCms/Page_Dispensary Store/input_txttreat'

2018-05-31 13:48:35 - [TEST_STEP][PASSED] - click: Object: 'Object Repository/DispensaryToCms/Page_Dispensary Store/button_Add' is clicked on

2018-05-31 13:48:35 - [MESSAGE][PASSED] - Object: 'Object Repository/DispensaryToCms/Page_Dispensary Store/button_Add' is clicked on

2018-05-31 13:48:35 - [TEST_STEP][PASSED] - delay: Delayed 1 second(s)

2018-05-31 13:48:36 - [MESSAGE][PASSED] - Delayed 1 second(s)

2018-05-31 13:48:36 - [TEST_STEP][PASSED] - selectOptionByIndex: All options with index in [2] are selected on object 'Object Repository/DispensaryToCms/Page_Dispensary Store/select_--Select--Schedule 1Inj'

2018-05-31 13:48:36 - [MESSAGE][PASSED] - All options with index in [2] are selected on object 'Object Repository/DispensaryToCms/Page_Dispensary Store/select_--Select--Schedule 1Inj'

2018-05-31 13:48:36 - [TEST_STEP][PASSED] - delay: Delayed 1 second(s)

2018-05-31 13:48:37 - [MESSAGE][PASSED] - Delayed 1 second(s)

2018-05-31 13:48:37 - [TEST_STEP][PASSED] - selectOptionByIndex: All options with index in [54] are selected on object 'Object Repository/DispensaryToCms/Page_Dispensary Store/select_--Select--Adernaline 0.'

2018-05-31 13:48:38 - [MESSAGE][PASSED] - All options with index in [54] are selected on object 'Object Repository/DispensaryToCms/Page_Dispensary Store/select_--Select--Adernaline 0.'

2018-05-31 13:48:38 - [TEST_STEP][PASSED] - setText: Text '100' is set on object 'Object Repository/DispensaryToCms/Page_Dispensary Store/input_txttreat'

2018-05-31 13:48:38 - [MESSAGE][PASSED] - Text '100' is set on object 'Object Repository/DispensaryToCms/Page_Dispensary Store/input_txttreat'

2018-05-31 13:48:38 - [TEST_STEP][PASSED] - click: Object: 'Object Repository/DispensaryToCms/Page_Dispensary Store/button_Add' is clicked on

2018-05-31 13:48:38 - [MESSAGE][PASSED] - Object: 'Object Repository/DispensaryToCms/Page_Dispensary Store/button_Add' is clicked on

2018-05-31 13:48:38 - [TEST_STEP][PASSED] - delay: Delayed 1 second(s)

2018-05-31 13:48:39 - [MESSAGE][PASSED] - Delayed 1 second(s)

2018-05-31 13:48:39 - [TEST_STEP][PASSED] - selectOptionByIndex: All options with index in [2] are selected on object 'Object Repository/DispensaryToCms/Page_Dispensary Store/select_--Select--Schedule 1Inj'

2018-05-31 13:48:39 - [MESSAGE][PASSED] - All options with index in [2] are selected on object 'Object Repository/DispensaryToCms/Page_Dispensary Store/select_--Select--Schedule 1Inj'

2018-05-31 13:48:39 - [TEST_STEP][PASSED] - delay: Delayed 1 second(s)

2018-05-31 13:48:40 - [MESSAGE][PASSED] - Delayed 1 second(s)

2018-05-31 13:48:40 - [TEST_STEP][PASSED] - selectOptionByIndex: All options with index in [55] are selected on object 'Object Repository/DispensaryToCms/Page_Dispensary Store/select_--Select--Adernaline 0.'

2018-05-31 13:48:41 - [MESSAGE][PASSED] - All options with index in [55] are selected on object 'Object Repository/DispensaryToCms/Page_Dispensary Store/select_--Select--Adernaline 0.'

2018-05-31 13:48:41 - [TEST_STEP][PASSED] - setText: Text '100' is set on object 'Object Repository/DispensaryToCms/Page_Dispensary Store/input_txttreat'

2018-05-31 13:48:41 - [MESSAGE][PASSED] - Text '100' is set on object 'Object Repository/DispensaryToCms/Page_Dispensary Store/input_txttreat'

2018-05-31 13:48:41 - [TEST_STEP][PASSED] - click: Object: 'Object Repository/DispensaryToCms/Page_Dispensary Store/button_Add' is clicked on

2018-05-31 13:48:41 - [MESSAGE][PASSED] - Object: 'Object Repository/DispensaryToCms/Page_Dispensary Store/button_Add' is clicked on

2018-05-31 13:48:41 - [TEST_STEP][PASSED] - delay: Delayed 1 second(s)

2018-05-31 13:48:42 - [MESSAGE][PASSED] - Delayed 1 second(s)

2018-05-31 13:48:42 - [TEST_STEP][PASSED] - selectOptionByIndex: All options with index in [2] are selected on object 'Object Repository/DispensaryToCms/Page_Dispensary Store/select_--Select--Schedule 1Inj'

2018-05-31 13:48:42 - [MESSAGE][PASSED] - All options with index in [2] are selected on object 'Object Repository/DispensaryToCms/Page_Dispensary Store/select_--Select--Schedule 1Inj'

2018-05-31 13:48:42 - [TEST_STEP][PASSED] - delay: Delayed 1 second(s)

2018-05-31 13:48:43 - [MESSAGE][PASSED] - Delayed 1 second(s)

2018-05-31 13:48:43 - [TEST_STEP][PASSED] - selectOptionByIndex: All options with index in [56] are selected on object 'Object Repository/DispensaryToCms/Page_Dispensary Store/select_--Select--Adernaline 0.'

2018-05-31 13:48:44 - [MESSAGE][PASSED] - All options with index in [56] are selected on object 'Object Repository/DispensaryToCms/Page_Dispensary Store/select_--Select--Adernaline 0.'

2018-05-31 13:48:44 - [TEST_STEP][PASSED] - setText: Text '100' is set on object 'Object Repository/DispensaryToCms/Page_Dispensary Store/input_txttreat'

2018-05-31 13:48:44 - [MESSAGE][PASSED] - Text '100' is set on object 'Object Repository/DispensaryToCms/Page_Dispensary Store/input_txttreat'

2018-05-31 13:48:44 - [TEST_STEP][PASSED] - click: Object: 'Object Repository/DispensaryToCms/Page_Dispensary Store/button_Add' is clicked on

2018-05-31 13:48:44 - [MESSAGE][PASSED] - Object: 'Object Repository/DispensaryToCms/Page_Dispensary Store/button_Add' is clicked on

2018-05-31 13:48:44 - [TEST_STEP][PASSED] - delay: Delayed 1 second(s)

2018-05-31 13:48:45 - [MESSAGE][PASSED] - Delayed 1 second(s)

2018-05-31 13:48:45 - [TEST_STEP][PASSED] - selectOptionByIndex: All options with index in [2] are selected on object 'Object Repository/DispensaryToCms/Page_Dispensary Store/select_--Select--Schedule 1Inj'

2018-05-31 13:48:45 - [MESSAGE][PASSED] - All options with index in [2] are selected on object 'Object Repository/DispensaryToCms/Page_Dispensary Store/select_--Select--Schedule 1Inj'

2018-05-31 13:48:45 - [TEST_STEP][PASSED] - delay: Delayed 1 second(s)

2018-05-31 13:48:46 - [MESSAGE][PASSED] - Delayed 1 second(s)

2018-05-31 13:48:46 - [TEST_STEP][PASSED] - selectOptionByIndex: All options with index in [57] are selected on object 'Object Repository/DispensaryToCms/Page_Dispensary Store/select_--Select--Adernaline 0.'

2018-05-31 13:48:47 - [MESSAGE][PASSED] - All options with index in [57] are selected on object 'Object Repository/DispensaryToCms/Page_Dispensary Store/select_--Select--Adernaline 0.'

2018-05-31 13:48:47 - [TEST_STEP][PASSED] - setText: Text '100' is set on object 'Object Repository/DispensaryToCms/Page_Dispensary Store/input_txttreat'

2018-05-31 13:48:47 - [MESSAGE][PASSED] - Text '100' is set on object 'Object Repository/DispensaryToCms/Page_Dispensary Store/input_txttreat'

2018-05-31 13:48:47 - [TEST_STEP][PASSED] - click: Object: 'Object Repository/DispensaryToCms/Page_Dispensary Store/button_Add' is clicked on

2018-05-31 13:48:47 - [MESSAGE][PASSED] - Object: 'Object Repository/DispensaryToCms/Page_Dispensary Store/button_Add' is clicked on

2018-05-31 13:48:47 - [TEST_STEP][PASSED] - delay: Delayed 1 second(s)

2018-05-31 13:48:48 - [MESSAGE][PASSED] - Delayed 1 second(s)

2018-05-31 13:48:48 - [TEST_STEP][PASSED] - selectOptionByIndex: All options with index in [2] are selected on object 'Object Repository/DispensaryToCms/Page_Dispensary Store/select_--Select--Schedule 1Inj'

2018-05-31 13:48:48 - [MESSAGE][PASSED] - All options with index in [2] are selected on object 'Object Repository/DispensaryToCms/Page_Dispensary Store/select_--Select--Schedule 1Inj'

2018-05-31 13:48:48 - [TEST_STEP][PASSED] - delay: Delayed 1 second(s)

2018-05-31 13:48:49 - [MESSAGE][PASSED] - Delayed 1 second(s)

2018-05-31 13:48:49 - [TEST_STEP][PASSED] - selectOptionByIndex: All options with index in [58] are selected on object 'Object Repository/DispensaryToCms/Page_Dispensary Store/select_--Select--Adernaline 0.'

2018-05-31 13:48:50 - [MESSAGE][PASSED] - All options with index in [58] are selected on object 'Object Repository/DispensaryToCms/Page_Dispensary Store/select_--Select--Adernaline 0.'

2018-05-31 13:48:50 - [TEST_STEP][PASSED] - setText: Text '100' is set on object 'Object Repository/DispensaryToCms/Page_Dispensary Store/input_txttreat'

2018-05-31 13:48:50 - [MESSAGE][PASSED] - Text '100' is set on object 'Object Repository/DispensaryToCms/Page_Dispensary Store/input_txttreat'

2018-05-31 13:48:50 - [TEST_STEP][PASSED] - click: Object: 'Object Repository/DispensaryToCms/Page_Dispensary Store/button_Add' is clicked on

2018-05-31 13:48:50 - [MESSAGE][PASSED] - Object: 'Object Repository/DispensaryToCms/Page_Dispensary Store/button_Add' is clicked on

2018-05-31 13:48:50 - [TEST_STEP][PASSED] - delay: Delayed 1 second(s)

2018-05-31 13:48:51 - [MESSAGE][PASSED] - Delayed 1 second(s)

2018-05-31 13:48:51 - [TEST_STEP][PASSED] - selectOptionByIndex: All options with index in [2] are selected on object 'Object Repository/DispensaryToCms/Page_Dispensary Store/select_--Select--Schedule 1Inj'

2018-05-31 13:48:51 - [MESSAGE][PASSED] - All options with index in [2] are selected on object 'Object Repository/DispensaryToCms/Page_Dispensary Store/select_--Select--Schedule 1Inj'

2018-05-31 13:48:51 - [TEST_STEP][PASSED] - delay: Delayed 1 second(s)

2018-05-31 13:48:52 - [MESSAGE][PASSED] - Delayed 1 second(s)

2018-05-31 13:48:52 - [TEST_STEP][PASSED] - selectOptionByIndex: All options with index in [59] are selected on object 'Object Repository/DispensaryToCms/Page_Dispensary Store/select_--Select--Adernaline 0.'

2018-05-31 13:48:53 - [MESSAGE][PASSED] - All options with index in [59] are selected on object 'Object Repository/DispensaryToCms/Page_Dispensary Store/select_--Select--Adernaline 0.'

2018-05-31 13:48:53 - [TEST_STEP][PASSED] - setText: Text '100' is set on object 'Object Repository/DispensaryToCms/Page_Dispensary Store/input_txttreat'

2018-05-31 13:48:53 - [MESSAGE][PASSED] - Text '100' is set on object 'Object Repository/DispensaryToCms/Page_Dispensary Store/input_txttreat'

2018-05-31 13:48:53 - [TEST_STEP][PASSED] - click: Object: 'Object Repository/DispensaryToCms/Page_Dispensary Store/button_Add' is clicked on

2018-05-31 13:48:53 - [MESSAGE][PASSED] - Object: 'Object Repository/DispensaryToCms/Page_Dispensary Store/button_Add' is clicked on

2018-05-31 13:48:53 - [TEST_STEP][PASSED] - delay: Delayed 1 second(s)

2018-05-31 13:48:54 - [MESSAGE][PASSED] - Delayed 1 second(s)

2018-05-31 13:48:54 - [TEST_STEP][PASSED] - selectOptionByIndex: All options with index in [2] are selected on object 'Object Repository/DispensaryToCms/Page_Dispensary Store/select_--Select--Schedule 1Inj'

2018-05-31 13:48:54 - [MESSAGE][PASSED] - All options with index in [2] are selected on object 'Object Repository/DispensaryToCms/Page_Dispensary Store/select_--Select--Schedule 1Inj'

2018-05-31 13:48:54 - [TEST_STEP][PASSED] - delay: Delayed 1 second(s)

2018-05-31 13:48:55 - [MESSAGE][PASSED] - Delayed 1 second(s)

2018-05-31 13:48:55 - [TEST_STEP][PASSED] - selectOptionByIndex: All options with index in [60] are selected on object 'Object Repository/DispensaryToCms/Page_Dispensary Store/select_--Select--Adernaline 0.'

2018-05-31 13:48:56 - [MESSAGE][PASSED] - All options with index in [60] are selected on object 'Object Repository/DispensaryToCms/Page_Dispensary Store/select_--Select--Adernaline 0.'

2018-05-31 13:48:56 - [TEST_STEP][PASSED] - setText: Text '100' is set on object 'Object Repository/DispensaryToCms/Page_Dispensary Store/input_txttreat'

2018-05-31 13:48:56 - [MESSAGE][PASSED] - Text '100' is set on object 'Object Repository/DispensaryToCms/Page_Dispensary Store/input_txttreat'

2018-05-31 13:48:56 - [TEST_STEP][PASSED] - click: Object: 'Object Repository/DispensaryToCms/Page_Dispensary Store/button_Add' is clicked on

2018-05-31 13:48:56 - [MESSAGE][PASSED] - Object: 'Object Repository/DispensaryToCms/Page_Dispensary Store/button_Add' is clicked on

2018-05-31 13:48:56 - [TEST_STEP][PASSED] - delay: Delayed 1 second(s)

2018-05-31 13:48:57 - [MESSAGE][PASSED] - Delayed 1 second(s)

2018-05-31 13:48:57 - [TEST_STEP][PASSED] - selectOptionByIndex: All options with index in [2] are selected on object 'Object Repository/DispensaryToCms/Page_Dispensary Store/select_--Select--Schedule 1Inj'

2018-05-31 13:48:58 - [MESSAGE][PASSED] - All options with index in [2] are selected on object 'Object Repository/DispensaryToCms/Page_Dispensary Store/select_--Select--Schedule 1Inj'

2018-05-31 13:48:58 - [TEST_STEP][PASSED] - delay: Delayed 1 second(s)

2018-05-31 13:48:59 - [MESSAGE][PASSED] - Delayed 1 second(s)

2018-05-31 13:48:59 - [TEST_STEP][PASSED] - selectOptionByIndex: All options with index in [61] are selected on object 'Object Repository/DispensaryToCms/Page_Dispensary Store/select_--Select--Adernaline 0.'

2018-05-31 13:48:59 - [MESSAGE][PASSED] - All options with index in [61] are selected on object 'Object Repository/DispensaryToCms/Page_Dispensary Store/select_--Select--Adernaline 0.'

2018-05-31 13:48:59 - [TEST_STEP][PASSED] - setText: Text '100' is set on object 'Object Repository/DispensaryToCms/Page_Dispensary Store/input_txttreat'

2018-05-31 13:48:59 - [MESSAGE][PASSED] - Text '100' is set on object 'Object Repository/DispensaryToCms/Page_Dispensary Store/input_txttreat'

2018-05-31 13:48:59 - [TEST_STEP][PASSED] - click: Object: 'Object Repository/DispensaryToCms/Page_Dispensary Store/button_Add' is clicked on

2018-05-31 13:49:00 - [MESSAGE][PASSED] - Object: 'Object Repository/DispensaryToCms/Page_Dispensary Store/button_Add' is clicked on

2018-05-31 13:49:00 - [TEST_STEP][PASSED] - delay: Delayed 1 second(s)

2018-05-31 13:49:01 - [MESSAGE][PASSED] - Delayed 1 second(s)

2018-05-31 13:49:01 - [TEST_STEP][PASSED] - selectOptionByIndex: All options with index in [2] are selected on object 'Object Repository/DispensaryToCms/Page_Dispensary Store/select_--Select--Schedule 1Inj'

2018-05-31 13:49:01 - [MESSAGE][PASSED] - All options with index in [2] are selected on object 'Object Repository/DispensaryToCms/Page_Dispensary Store/select_--Select--Schedule 1Inj'

2018-05-31 13:49:01 - [TEST_STEP][PASSED] - delay: Delayed 1 second(s)

2018-05-31 13:49:02 - [MESSAGE][PASSED] - Delayed 1 second(s)

2018-05-31 13:49:02 - [TEST_STEP][PASSED] - selectOptionByIndex: All options with index in [62] are selected on object 'Object Repository/DispensaryToCms/Page_Dispensary Store/select_--Select--Adernaline 0.'

2018-05-31 13:49:02 - [MESSAGE][PASSED] - All options with index in [62] are selected on object 'Object Repository/DispensaryToCms/Page_Dispensary Store/select_--Select--Adernaline 0.'

2018-05-31 13:49:02 - [TEST_STEP][PASSED] - setText: Text '100' is set on object 'Object Repository/DispensaryToCms/Page_Dispensary Store/input_txttreat'

2018-05-31 13:49:03 - [MESSAGE][PASSED] - Text '100' is set on object 'Object Repository/DispensaryToCms/Page_Dispensary Store/input_txttreat'

2018-05-31 13:49:03 - [TEST_STEP][PASSED] - click: Object: 'Object Repository/DispensaryToCms/Page_Dispensary Store/button_Add' is clicked on

2018-05-31 13:49:03 - [MESSAGE][PASSED] - Object: 'Object Repository/DispensaryToCms/Page_Dispensary Store/button_Add' is clicked on

2018-05-31 13:49:03 - [TEST_STEP][PASSED] - delay: Delayed 1 second(s)

2018-05-31 13:49:04 - [MESSAGE][PASSED] - Delayed 1 second(s)

2018-05-31 13:49:04 - [TEST_STEP][PASSED] - selectOptionByIndex: All options with index in [2] are selected on object 'Object Repository/DispensaryToCms/Page_Dispensary Store/select_--Select--Schedule 1Inj'

2018-05-31 13:49:04 - [MESSAGE][PASSED] - All options with index in [2] are selected on object 'Object Repository/DispensaryToCms/Page_Dispensary Store/select_--Select--Schedule 1Inj'

2018-05-31 13:49:04 - [TEST_STEP][PASSED] - delay: Delayed 1 second(s)

2018-05-31 13:49:05 - [MESSAGE][PASSED] - Delayed 1 second(s)

2018-05-31 13:49:05 - [TEST_STEP][PASSED] - selectOptionByIndex: All options with index in [63] are selected on object 'Object Repository/DispensaryToCms/Page_Dispensary Store/select_--Select--Adernaline 0.'

2018-05-31 13:49:06 - [MESSAGE][PASSED] - All options with index in [63] are selected on object 'Object Repository/DispensaryToCms/Page_Dispensary Store/select_--Select--Adernaline 0.'

2018-05-31 13:49:06 - [TEST_STEP][PASSED] - setText: Text '100' is set on object 'Object Repository/DispensaryToCms/Page_Dispensary Store/input_txttreat'

2018-05-31 13:49:06 - [MESSAGE][PASSED] - Text '100' is set on object 'Object Repository/DispensaryToCms/Page_Dispensary Store/input_txttreat'

2018-05-31 13:49:06 - [TEST_STEP][PASSED] - click: Object: 'Object Repository/DispensaryToCms/Page_Dispensary Store/button_Add' is clicked on

2018-05-31 13:49:06 - [MESSAGE][PASSED] - Object: 'Object Repository/DispensaryToCms/Page_Dispensary Store/button_Add' is clicked on

2018-05-31 13:49:06 - [TEST_STEP][PASSED] - delay: Delayed 1 second(s)

2018-05-31 13:49:07 - [MESSAGE][PASSED] - Delayed 1 second(s)

2018-05-31 13:49:07 - [TEST_STEP][PASSED] - selectOptionByIndex: All options with index in [2] are selected on object 'Object Repository/DispensaryToCms/Page_Dispensary Store/select_--Select--Schedule 1Inj'

2018-05-31 13:49:07 - [MESSAGE][PASSED] - All options with index in [2] are selected on object 'Object Repository/DispensaryToCms/Page_Dispensary Store/select_--Select--Schedule 1Inj'

2018-05-31 13:49:07 - [TEST_STEP][PASSED] - delay: Delayed 1 second(s)

2018-05-31 13:49:08 - [MESSAGE][PASSED] - Delayed 1 second(s)

2018-05-31 13:49:08 - [TEST_STEP][PASSED] - selectOptionByIndex: All options with index in [64] are selected on object 'Object Repository/DispensaryToCms/Page_Dispensary Store/select_--Select--Adernaline 0.'

2018-05-31 13:49:09 - [MESSAGE][PASSED] - All options with index in [64] are selected on object 'Object Repository/DispensaryToCms/Page_Dispensary Store/select_--Select--Adernaline 0.'

2018-05-31 13:49:09 - [TEST_STEP][PASSED] - setText: Text '100' is set on object 'Object Repository/DispensaryToCms/Page_Dispensary Store/input_txttreat'

2018-05-31 13:49:09 - [MESSAGE][PASSED] - Text '100' is set on object 'Object Repository/DispensaryToCms/Page_Dispensary Store/input_txttreat'

2018-05-31 13:49:09 - [TEST_STEP][PASSED] - click: Object: 'Object Repository/DispensaryToCms/Page_Dispensary Store/button_Add' is clicked on

2018-05-31 13:49:09 - [MESSAGE][PASSED] - Object: 'Object Repository/DispensaryToCms/Page_Dispensary Store/button_Add' is clicked on

2018-05-31 13:49:09 - [TEST_STEP][PASSED] - delay: Delayed 1 second(s)

2018-05-31 13:49:10 - [MESSAGE][PASSED] - Delayed 1 second(s)

2018-05-31 13:49:10 - [TEST_STEP][PASSED] - selectOptionByIndex: All options with index in [2] are selected on object 'Object Repository/DispensaryToCms/Page_Dispensary Store/select_--Select--Schedule 1Inj'

2018-05-31 13:49:10 - [MESSAGE][PASSED] - All options with index in [2] are selected on object 'Object Repository/DispensaryToCms/Page_Dispensary Store/select_--Select--Schedule 1Inj'

2018-05-31 13:49:10 - [TEST_STEP][PASSED] - delay: Delayed 1 second(s)

2018-05-31 13:49:11 - [MESSAGE][PASSED] - Delayed 1 second(s)

2018-05-31 13:49:11 - [TEST_STEP][PASSED] - selectOptionByIndex: All options with index in [65] are selected on object 'Object Repository/DispensaryToCms/Page_Dispensary Store/select_--Select--Adernaline 0.'

2018-05-31 13:49:12 - [MESSAGE][PASSED] - All options with index in [65] are selected on object 'Object Repository/DispensaryToCms/Page_Dispensary Store/select_--Select--Adernaline 0.'

2018-05-31 13:49:12 - [TEST_STEP][PASSED] - setText: Text '100' is set on object 'Object Repository/DispensaryToCms/Page_Dispensary Store/input_txttreat'

2018-05-31 13:49:12 - [MESSAGE][PASSED] - Text '100' is set on object 'Object Repository/DispensaryToCms/Page_Dispensary Store/input_txttreat'

2018-05-31 13:49:12 - [TEST_STEP][PASSED] - click: Object: 'Object Repository/DispensaryToCms/Page_Dispensary Store/button_Add' is clicked on

2018-05-31 13:49:12 - [MESSAGE][PASSED] - Object: 'Object Repository/DispensaryToCms/Page_Dispensary Store/button_Add' is clicked on

2018-05-31 13:49:12 - [TEST_STEP][PASSED] - delay: Delayed 1 second(s)

2018-05-31 13:49:13 - [MESSAGE][PASSED] - Delayed 1 second(s)

2018-05-31 13:49:13 - [TEST_STEP][PASSED] - selectOptionByIndex: All options with index in [2] are selected on object 'Object Repository/DispensaryToCms/Page_Dispensary Store/select_--Select--Schedule 1Inj'

2018-05-31 13:49:13 - [MESSAGE][PASSED] - All options with index in [2] are selected on object 'Object Repository/DispensaryToCms/Page_Dispensary Store/select_--Select--Schedule 1Inj'

2018-05-31 13:49:13 - [TEST_STEP][PASSED] - delay: Delayed 1 second(s)

2018-05-31 13:49:14 - [MESSAGE][PASSED] - Delayed 1 second(s)

2018-05-31 13:49:14 - [TEST_STEP][PASSED] - selectOptionByIndex: All options with index in [66] are selected on object 'Object Repository/DispensaryToCms/Page_Dispensary Store/select_--Select--Adernaline 0.'

2018-05-31 13:49:15 - [MESSAGE][PASSED] - All options with index in [66] are selected on object 'Object Repository/DispensaryToCms/Page_Dispensary Store/select_--Select--Adernaline 0.'

2018-05-31 13:49:15 - [TEST_STEP][PASSED] - setText: Text '100' is set on object 'Object Repository/DispensaryToCms/Page_Dispensary Store/input_txttreat'

2018-05-31 13:49:15 - [MESSAGE][PASSED] - Text '100' is set on object 'Object Repository/DispensaryToCms/Page_Dispensary Store/input_txttreat'

2018-05-31 13:49:15 - [TEST_STEP][PASSED] - click: Object: 'Object Repository/DispensaryToCms/Page_Dispensary Store/button_Add' is clicked on

2018-05-31 13:49:15 - [MESSAGE][PASSED] - Object: 'Object Repository/DispensaryToCms/Page_Dispensary Store/button_Add' is clicked on

2018-05-31 13:49:15 - [TEST_STEP][PASSED] - delay: Delayed 1 second(s)

2018-05-31 13:49:16 - [MESSAGE][PASSED] - Delayed 1 second(s)

2018-05-31 13:49:16 - [TEST_STEP][PASSED] - selectOptionByIndex: All options with index in [2] are selected on object 'Object Repository/DispensaryToCms/Page_Dispensary Store/select_--Select--Schedule 1Inj'

2018-05-31 13:49:16 - [MESSAGE][PASSED] - All options with index in [2] are selected on object 'Object Repository/DispensaryToCms/Page_Dispensary Store/select_--Select--Schedule 1Inj'

2018-05-31 13:49:16 - [TEST_STEP][PASSED] - delay: Delayed 1 second(s)

2018-05-31 13:49:17 - [MESSAGE][PASSED] - Delayed 1 second(s)

2018-05-31 13:49:17 - [TEST_STEP][PASSED] - selectOptionByIndex: All options with index in [67] are selected on object 'Object Repository/DispensaryToCms/Page_Dispensary Store/select_--Select--Adernaline 0.'

2018-05-31 13:49:18 - [MESSAGE][PASSED] - All options with index in [67] are selected on object 'Object Repository/DispensaryToCms/Page_Dispensary Store/select_--Select--Adernaline 0.'

2018-05-31 13:49:18 - [TEST_STEP][PASSED] - setText: Text '100' is set on object 'Object Repository/DispensaryToCms/Page_Dispensary Store/input_txttreat'

2018-05-31 13:49:18 - [MESSAGE][PASSED] - Text '100' is set on object 'Object Repository/DispensaryToCms/Page_Dispensary Store/input_txttreat'

2018-05-31 13:49:18 - [TEST_STEP][PASSED] - click: Object: 'Object Repository/DispensaryToCms/Page_Dispensary Store/button_Add' is clicked on

2018-05-31 13:49:18 - [MESSAGE][PASSED] - Object: 'Object Repository/DispensaryToCms/Page_Dispensary Store/button_Add' is clicked on

2018-05-31 13:49:18 - [TEST_STEP][PASSED] - delay: Delayed 1 second(s)

2018-05-31 13:49:19 - [MESSAGE][PASSED] - Delayed 1 second(s)

2018-05-31 13:49:19 - [TEST_STEP][PASSED] - selectOptionByIndex: All options with index in [2] are selected on object 'Object Repository/DispensaryToCms/Page_Dispensary Store/select_--Select--Schedule 1Inj'

2018-05-31 13:49:20 - [MESSAGE][PASSED] - All options with index in [2] are selected on object 'Object Repository/DispensaryToCms/Page_Dispensary Store/select_--Select--Schedule 1Inj'

2018-05-31 13:49:20 - [TEST_STEP][PASSED] - delay: Delayed 1 second(s)

2018-05-31 13:49:21 - [MESSAGE][PASSED] - Delayed 1 second(s)

2018-05-31 13:49:21 - [TEST_STEP][PASSED] - selectOptionByIndex: All options with index in [68] are selected on object 'Object Repository/DispensaryToCms/Page_Dispensary Store/select_--Select--Adernaline 0.'

2018-05-31 13:49:21 - [MESSAGE][PASSED] - All options with index in [68] are selected on object 'Object Repository/DispensaryToCms/Page_Dispensary Store/select_--Select--Adernaline 0.'

2018-05-31 13:49:21 - [TEST_STEP][PASSED] - setText: Text '100' is set on object 'Object Repository/DispensaryToCms/Page_Dispensary Store/input_txttreat'

2018-05-31 13:49:21 - [MESSAGE][PASSED] - Text '100' is set on object 'Object Repository/DispensaryToCms/Page_Dispensary Store/input_txttreat'

2018-05-31 13:49:21 - [TEST_STEP][PASSED] - click: Object: 'Object Repository/DispensaryToCms/Page_Dispensary Store/button_Add' is clicked on

2018-05-31 13:49:22 - [MESSAGE][PASSED] - Object: 'Object Repository/DispensaryToCms/Page_Dispensary Store/button_Add' is clicked on

2018-05-31 13:49:22 - [TEST_STEP][PASSED] - delay: Delayed 1 second(s)

2018-05-31 13:49:23 - [MESSAGE][PASSED] - Delayed 1 second(s)

2018-05-31 13:49:23 - [TEST_STEP][PASSED] - selectOptionByIndex: All options with index in [2] are selected on object 'Object Repository/DispensaryToCms/Page_Dispensary Store/select_--Select--Schedule 1Inj'

2018-05-31 13:49:23 - [MESSAGE][PASSED] - All options with index in [2] are selected on object 'Object Repository/DispensaryToCms/Page_Dispensary Store/select_--Select--Schedule 1Inj'

2018-05-31 13:49:23 - [TEST_STEP][PASSED] - delay: Delayed 1 second(s)

2018-05-31 13:49:24 - [MESSAGE][PASSED] - Delayed 1 second(s)

2018-05-31 13:49:24 - [TEST_STEP][PASSED] - selectOptionByIndex: All options with index in [69] are selected on object 'Object Repository/DispensaryToCms/Page_Dispensary Store/select_--Select--Adernaline 0.'

2018-05-31 13:49:25 - [MESSAGE][PASSED] - All options with index in [69] are selected on object 'Object Repository/DispensaryToCms/Page_Dispensary Store/select_--Select--Adernaline 0.'

2018-05-31 13:49:25 - [TEST_STEP][PASSED] - setText: Text '100' is set on object 'Object Repository/DispensaryToCms/Page_Dispensary Store/input_txttreat'

2018-05-31 13:49:25 - [MESSAGE][PASSED] - Text '100' is set on object 'Object Repository/DispensaryToCms/Page_Dispensary Store/input_txttreat'

2018-05-31 13:49:25 - [TEST_STEP][PASSED] - click: Object: 'Object Repository/DispensaryToCms/Page_Dispensary Store/button_Add' is clicked on

2018-05-31 13:49:25 - [MESSAGE][PASSED] - Object: 'Object Repository/DispensaryToCms/Page_Dispensary Store/button_Add' is clicked on

2018-05-31 13:49:25 - [TEST_STEP][PASSED] - delay: Delayed 1 second(s)

2018-05-31 13:49:26 - [MESSAGE][PASSED] - Delayed 1 second(s)

2018-05-31 13:49:26 - [TEST_STEP][PASSED] - selectOptionByIndex: All options with index in [2] are selected on object 'Object Repository/DispensaryToCms/Page_Dispensary Store/select_--Select--Schedule 1Inj'

2018-05-31 13:49:26 - [MESSAGE][PASSED] - All options with index in [2] are selected on object 'Object Repository/DispensaryToCms/Page_Dispensary Store/select_--Select--Schedule 1Inj'

2018-05-31 13:49:26 - [TEST_STEP][PASSED] - delay: Delayed 1 second(s)

2018-05-31 13:49:27 - [MESSAGE][PASSED] - Delayed 1 second(s)

2018-05-31 13:49:27 - [TEST_STEP][PASSED] - selectOptionByIndex: All options with index in [70] are selected on object 'Object Repository/DispensaryToCms/Page_Dispensary Store/select_--Select--Adernaline 0.'

2018-05-31 13:49:28 - [MESSAGE][PASSED] - All options with index in [70] are selected on object 'Object Repository/DispensaryToCms/Page_Dispensary Store/select_--Select--Adernaline 0.'

2018-05-31 13:49:28 - [TEST_STEP][PASSED] - setText: Text '100' is set on object 'Object Repository/DispensaryToCms/Page_Dispensary Store/input_txttreat'

2018-05-31 13:49:28 - [MESSAGE][PASSED] - Text '100' is set on object 'Object Repository/DispensaryToCms/Page_Dispensary Store/input_txttreat'

2018-05-31 13:49:28 - [TEST_STEP][PASSED] - click: Object: 'Object Repository/DispensaryToCms/Page_Dispensary Store/button_Add' is clicked on

2018-05-31 13:49:28 - [MESSAGE][PASSED] - Object: 'Object Repository/DispensaryToCms/Page_Dispensary Store/button_Add' is clicked on

2018-05-31 13:49:28 - [TEST_STEP][PASSED] - delay: Delayed 1 second(s)

2018-05-31 13:49:29 - [MESSAGE][PASSED] - Delayed 1 second(s)

2018-05-31 13:49:29 - [TEST_STEP][PASSED] - selectOptionByIndex: All options with index in [2] are selected on object 'Object Repository/DispensaryToCms/Page_Dispensary Store/select_--Select--Schedule 1Inj'

2018-05-31 13:49:29 - [MESSAGE][PASSED] - All options with index in [2] are selected on object 'Object Repository/DispensaryToCms/Page_Dispensary Store/select_--Select--Schedule 1Inj'

2018-05-31 13:49:29 - [TEST_STEP][PASSED] - delay: Delayed 1 second(s)

2018-05-31 13:49:30 - [MESSAGE][PASSED] - Delayed 1 second(s)

2018-05-31 13:49:30 - [TEST_STEP][PASSED] - selectOptionByIndex: All options with index in [71] are selected on object 'Object Repository/DispensaryToCms/Page_Dispensary Store/select_--Select--Adernaline 0.'

2018-05-31 13:49:31 - [MESSAGE][PASSED] - All options with index in [71] are selected on object 'Object Repository/DispensaryToCms/Page_Dispensary Store/select_--Select--Adernaline 0.'

2018-05-31 13:49:31 - [TEST_STEP][PASSED] - setText: Text '100' is set on object 'Object Repository/DispensaryToCms/Page_Dispensary Store/input_txttreat'

2018-05-31 13:49:31 - [MESSAGE][PASSED] - Text '100' is set on object 'Object Repository/DispensaryToCms/Page_Dispensary Store/input_txttreat'

2018-05-31 13:49:31 - [TEST_STEP][PASSED] - click: Object: 'Object Repository/DispensaryToCms/Page_Dispensary Store/button_Add' is clicked on

2018-05-31 13:49:31 - [MESSAGE][PASSED] - Object: 'Object Repository/DispensaryToCms/Page_Dispensary Store/button_Add' is clicked on

2018-05-31 13:49:31 - [TEST_STEP][PASSED] - delay: Delayed 1 second(s)

2018-05-31 13:49:32 - [MESSAGE][PASSED] - Delayed 1 second(s)

2018-05-31 13:49:32 - [TEST_STEP][PASSED] - selectOptionByIndex: All options with index in [2] are selected on object 'Object Repository/DispensaryToCms/Page_Dispensary Store/select_--Select--Schedule 1Inj'

2018-05-31 13:49:32 - [MESSAGE][PASSED] - All options with index in [2] are selected on object 'Object Repository/DispensaryToCms/Page_Dispensary Store/select_--Select--Schedule 1Inj'

2018-05-31 13:49:32 - [TEST_STEP][PASSED] - delay: Delayed 1 second(s)

2018-05-31 13:49:33 - [MESSAGE][PASSED] - Delayed 1 second(s)

2018-05-31 13:49:33 - [TEST_STEP][PASSED] - selectOptionByIndex: All options with index in [72] are selected on object 'Object Repository/DispensaryToCms/Page_Dispensary Store/select_--Select--Adernaline 0.'

2018-05-31 13:49:34 - [MESSAGE][PASSED] - All options with index in [72] are selected on object 'Object Repository/DispensaryToCms/Page_Dispensary Store/select_--Select--Adernaline 0.'

2018-05-31 13:49:34 - [TEST_STEP][PASSED] - setText: Text '100' is set on object 'Object Repository/DispensaryToCms/Page_Dispensary Store/input_txttreat'

2018-05-31 13:49:34 - [MESSAGE][PASSED] - Text '100' is set on object 'Object Repository/DispensaryToCms/Page_Dispensary Store/input_txttreat'

2018-05-31 13:49:34 - [TEST_STEP][PASSED] - click: Object: 'Object Repository/DispensaryToCms/Page_Dispensary Store/button_Add' is clicked on

2018-05-31 13:49:34 - [MESSAGE][PASSED] - Object: 'Object Repository/DispensaryToCms/Page_Dispensary Store/button_Add' is clicked on

2018-05-31 13:49:34 - [TEST_STEP][PASSED] - delay: Delayed 1 second(s)

2018-05-31 13:49:35 - [MESSAGE][PASSED] - Delayed 1 second(s)

2018-05-31 13:49:35 - [TEST_STEP][PASSED] - scrollToElement: Scroll to object 'Object Repository/DispensaryToCms/Page_Dispensary Store/input_btnsave' successfully

2018-05-31 13:49:35 - [MESSAGE][PASSED] - Scroll to object 'Object Repository/DispensaryToCms/Page_Dispensary Store/input_btnsave' successfully

2018-05-31 13:49:35 - [TEST_STEP][PASSED] - click: Object: 'Object Repository/DispensaryToCms/Page_Dispensary Store/input_btnsave' is clicked on

2018-05-31 13:49:36 - [MESSAGE][PASSED] - Object: 'Object Repository/DispensaryToCms/Page_Dispensary Store/input_btnsave' is clicked on

2018-05-31 13:49:36 - [TEST_STEP][PASSED] - delay: Delayed 3 second(s)

2018-05-31 13:49:39 - [MESSAGE][PASSED] - Delayed 3 second(s)

2018-05-31 13:49:39 - [TEST_STEP][FAILED] - Statement - RN1 = com.kms.katalon.core.webui.keyword.WebUiBuiltInKeywords.getText(com.kms.katalon.core.testobject.ObjectRepository.findTestObject(DispensaryToCms/Page_Dispensary Store/font_PRNO18052018174)): Unable to get text of object 'Object Repository/DispensaryToCms/Page_Dispensary Store/font_PRNO18052018174' (Root cause: com.kms.katalon.core.webui.exception.WebElementNotFoundException: Web element with id: 'Object Repository/DispensaryToCms/Page_Dispensary Store/font_PRNO18052018174' located by 'By.xpath: /html[1]/body[@class="skin-blue  pace-done modal-open"]/div[@class="bootbox modal fade bootbox-alert in"]/div[@class="modal-dialog"]/div[@class="modal-content"]/div[@class="modal-body"]/div[@class="bootbox-body"]/b[1]/font[1]' not found)

2018-05-31 13:50:10 - [MESSAGE][FAILED] - Unable to get text of object 'Object Repository/DispensaryToCms/Page_Dispensary Store/font_PRNO18052018174' (Root cause: com.kms.katalon.core.webui.exception.WebElementNotFoundException: Web element with id: 'Object Repository/DispensaryToCms/Page_Dispensary Store/font_PRNO18052018174' located by 'By.xpath: /html[1]/body[@class="skin-blue  pace-done modal-open"]/div[@class="bootbox modal fade bootbox-alert in"]/div[@class="modal-dialog"]/div[@class="modal-content"]/div[@class="modal-body"]/div[@class="bootbox-body"]/b[1]/font[1]' not found)
[[ATTACHMENT|C:\\Users\\Quality Analyst\\Katalon Studio\\ds\\Reports\\Dispensary_Cms_Suite\\20180531_134142\\1527754810122.png]]]]></system-out>
         <system-err><![CDATA[2018-05-31 13:45:47 - [TEST_CASE][FAILED] - Test Cases/DISPENSARY TEST CASES/TC_DP_014 Verify Schedule 2 Dispensary To CMS Request Are Working Successfully Or Not: Test Cases/DISPENSARY TEST CASES/TC_DP_014 Verify Schedule 2 Dispensary To CMS Request Are Working Successfully Or Not FAILED because (of) Unable to get text of object 'Object Repository/DispensaryToCms/Page_Dispensary Store/font_PRNO18052018174' (Root cause: com.kms.katalon.core.webui.exception.WebElementNotFoundException: Web element with id: 'Object Repository/DispensaryToCms/Page_Dispensary Store/font_PRNO18052018174' located by 'By.xpath: /html[1]/body[@class="skin-blue  pace-done modal-open"]/div[@class="bootbox modal fade bootbox-alert in"]/div[@class="modal-dialog"]/div[@class="modal-content"]/div[@class="modal-body"]/div[@class="bootbox-body"]/b[1]/font[1]' not found)]]></system-err>
      </testcase>
      <testcase name="Test Cases/DISPENSARY TEST CASES/TC_DP_015 Verify Schedule 3 Dispensary To CMS Request Are Working Successfully Or Not" classname="Test Cases/DISPENSARY TEST CASES/TC_DP_015 Verify Schedule 3 Dispensary To CMS Request Are Working Successfully Or Not" status="PASSED">
         <system-out><![CDATA[2018-05-31 13:50:10 - [TEST_CASE][PASSED] - Test Cases/DISPENSARY TEST CASES/TC_DP_015 Verify Schedule 3 Dispensary To CMS Request Are Working Successfully Or Not: Test Cases/DISPENSARY TEST CASES/TC_DP_015 Verify Schedule 3 Dispensary To CMS Request Are Working Successfully Or Not

2018-05-31 13:50:10 - [TEST_STEP][PASSED] - openBrowser: Browser is opened with url: ''

2018-05-31 13:50:10 - [MESSAGE][WARNING] - A browser is already opened. Closing browser and opening a new one

2018-05-31 13:50:13 - [MESSAGE][PASSED] - Browser is opened with url: ''

2018-05-31 13:50:13 - [TEST_STEP][PASSED] - navigateToUrl: Navigate to 'http://192.168.137.1/multihospital_new/HDSplashscreen.aspx' successfully

2018-05-31 13:50:17 - [MESSAGE][PASSED] - Navigate to 'http://192.168.137.1/multihospital_new/HDSplashscreen.aspx' successfully

2018-05-31 13:50:17 - [TEST_STEP][PASSED] - maximizeWindow: Current window maximized

2018-05-31 13:50:18 - [MESSAGE][PASSED] - Current window maximized

2018-05-31 13:50:18 - [TEST_STEP][PASSED] - click: Object: 'Object Repository/DispensaryToCms/Page_KDMC/a_Dispensary Store' is clicked on

2018-05-31 13:50:19 - [MESSAGE][PASSED] - Object: 'Object Repository/DispensaryToCms/Page_KDMC/a_Dispensary Store' is clicked on

2018-05-31 13:50:19 - [TEST_STEP][PASSED] - setText: Text 'rajaram' is set on object 'Object Repository/DispensaryToCms/Page_Dispensary Store Login/input_txtusername'

2018-05-31 13:50:19 - [MESSAGE][PASSED] - Text 'rajaram' is set on object 'Object Repository/DispensaryToCms/Page_Dispensary Store Login/input_txtusername'

2018-05-31 13:50:19 - [TEST_STEP][PASSED] - setText: Text '123' is set on object 'Object Repository/DispensaryToCms/Page_Dispensary Store Login/input_txtpassword'

2018-05-31 13:50:19 - [MESSAGE][PASSED] - Text '123' is set on object 'Object Repository/DispensaryToCms/Page_Dispensary Store Login/input_txtpassword'

2018-05-31 13:50:19 - [TEST_STEP][PASSED] - delay: Delayed 3 second(s)

2018-05-31 13:50:22 - [MESSAGE][PASSED] - Delayed 3 second(s)

2018-05-31 13:50:22 - [TEST_STEP][PASSED] - click: Object: 'Object Repository/DispensaryToCms/Page_Dispensary Store Login/button_Sign in' is clicked on

2018-05-31 13:50:23 - [MESSAGE][PASSED] - Object: 'Object Repository/DispensaryToCms/Page_Dispensary Store Login/button_Sign in' is clicked on

2018-05-31 13:50:23 - [TEST_STEP][PASSED] - delay: Delayed 3 second(s)

2018-05-31 13:50:26 - [MESSAGE][PASSED] - Delayed 3 second(s)

2018-05-31 13:50:26 - [TEST_STEP][PASSED] - waitForElementPresent: Object 'Object Repository/DispensaryToCms/Page_Dispensary Store/a_CMS' is present

2018-05-31 13:50:26 - [MESSAGE][PASSED] - Object 'Object Repository/DispensaryToCms/Page_Dispensary Store/a_CMS' is present

2018-05-31 13:50:26 - [TEST_STEP][PASSED] - click: Object: 'Object Repository/DispensaryToCms/Page_Dispensary Store/a_CMS' is clicked on

2018-05-31 13:50:26 - [MESSAGE][PASSED] - Object: 'Object Repository/DispensaryToCms/Page_Dispensary Store/a_CMS' is clicked on

2018-05-31 13:50:26 - [TEST_STEP][PASSED] - click: Object: 'Object Repository/DispensaryToCms/Page_Dispensary Store/a_Request Send' is clicked on

2018-05-31 13:50:27 - [MESSAGE][PASSED] - Object: 'Object Repository/DispensaryToCms/Page_Dispensary Store/a_Request Send' is clicked on

2018-05-31 13:50:27 - [TEST_STEP][PASSED] - delay: Delayed 2 second(s)

2018-05-31 13:50:29 - [MESSAGE][PASSED] - Delayed 2 second(s)

2018-05-31 13:50:29 - [TEST_STEP][PASSED] - selectOptionByIndex: All options with index in [2] are selected on object 'Object Repository/DispensaryToCms/Page_Dispensary Store/select_--Select--'

2018-05-31 13:50:29 - [MESSAGE][PASSED] - All options with index in [2] are selected on object 'Object Repository/DispensaryToCms/Page_Dispensary Store/select_--Select--'

2018-05-31 13:50:29 - [TEST_STEP][PASSED] - selectOptionByIndex: All options with index in [3] are selected on object 'Object Repository/DispensaryToCms/Page_Dispensary Store/select_--Select--Schedule 1Inj'

2018-05-31 13:50:29 - [MESSAGE][PASSED] - All options with index in [3] are selected on object 'Object Repository/DispensaryToCms/Page_Dispensary Store/select_--Select--Schedule 1Inj'

2018-05-31 13:50:29 - [TEST_STEP][PASSED] - Statement - medicineslength = com.kms.katalon.core.webui.keyword.WebUiBuiltInKeywords.getNumberOfTotalOption(com.kms.katalon.core.testobject.ObjectRepository.findTestObject(DispensaryToCms/Page_Dispensary Store/select_--Select--Adernaline 0.)): 37 options of object 'Object Repository/DispensaryToCms/Page_Dispensary Store/select_--Select--Adernaline 0.' counted

2018-05-31 13:50:29 - [MESSAGE][PASSED] - 37 options of object 'Object Repository/DispensaryToCms/Page_Dispensary Store/select_--Select--Adernaline 0.' counted

2018-05-31 13:50:29 - [TEST_STEP][PASSED] - Statement - For ([e = 1, e <= medicineslength - 1, (e++)]): Delayed 1 second(s)

2018-05-31 13:50:29 - [TEST_STEP][PASSED] - selectOptionByIndex: All options with index in [3] are selected on object 'Object Repository/DispensaryToCms/Page_Dispensary Store/select_--Select--Schedule 1Inj'

2018-05-31 13:50:29 - [MESSAGE][PASSED] - All options with index in [3] are selected on object 'Object Repository/DispensaryToCms/Page_Dispensary Store/select_--Select--Schedule 1Inj'

2018-05-31 13:50:29 - [TEST_STEP][PASSED] - delay: Delayed 1 second(s)

2018-05-31 13:50:30 - [MESSAGE][PASSED] - Delayed 1 second(s)

2018-05-31 13:50:30 - [TEST_STEP][PASSED] - selectOptionByIndex: All options with index in [1] are selected on object 'Object Repository/DispensaryToCms/Page_Dispensary Store/select_--Select--Adernaline 0.'

2018-05-31 13:50:30 - [MESSAGE][PASSED] - All options with index in [1] are selected on object 'Object Repository/DispensaryToCms/Page_Dispensary Store/select_--Select--Adernaline 0.'

2018-05-31 13:50:30 - [TEST_STEP][PASSED] - setText: Text '100' is set on object 'Object Repository/DispensaryToCms/Page_Dispensary Store/input_txttreat'

2018-05-31 13:50:31 - [MESSAGE][PASSED] - Text '100' is set on object 'Object Repository/DispensaryToCms/Page_Dispensary Store/input_txttreat'

2018-05-31 13:50:31 - [TEST_STEP][PASSED] - click: Object: 'Object Repository/DispensaryToCms/Page_Dispensary Store/button_Add' is clicked on

2018-05-31 13:50:31 - [MESSAGE][PASSED] - Object: 'Object Repository/DispensaryToCms/Page_Dispensary Store/button_Add' is clicked on

2018-05-31 13:50:31 - [TEST_STEP][PASSED] - delay: Delayed 1 second(s)

2018-05-31 13:50:32 - [MESSAGE][PASSED] - Delayed 1 second(s)

2018-05-31 13:50:32 - [TEST_STEP][PASSED] - selectOptionByIndex: All options with index in [3] are selected on object 'Object Repository/DispensaryToCms/Page_Dispensary Store/select_--Select--Schedule 1Inj'

2018-05-31 13:50:32 - [MESSAGE][PASSED] - All options with index in [3] are selected on object 'Object Repository/DispensaryToCms/Page_Dispensary Store/select_--Select--Schedule 1Inj'

2018-05-31 13:50:32 - [TEST_STEP][PASSED] - delay: Delayed 1 second(s)

2018-05-31 13:50:33 - [MESSAGE][PASSED] - Delayed 1 second(s)

2018-05-31 13:50:33 - [TEST_STEP][PASSED] - selectOptionByIndex: All options with index in [2] are selected on object 'Object Repository/DispensaryToCms/Page_Dispensary Store/select_--Select--Adernaline 0.'

2018-05-31 13:50:33 - [MESSAGE][PASSED] - All options with index in [2] are selected on object 'Object Repository/DispensaryToCms/Page_Dispensary Store/select_--Select--Adernaline 0.'

2018-05-31 13:50:33 - [TEST_STEP][PASSED] - setText: Text '100' is set on object 'Object Repository/DispensaryToCms/Page_Dispensary Store/input_txttreat'

2018-05-31 13:50:33 - [MESSAGE][PASSED] - Text '100' is set on object 'Object Repository/DispensaryToCms/Page_Dispensary Store/input_txttreat'

2018-05-31 13:50:33 - [TEST_STEP][PASSED] - click: Object: 'Object Repository/DispensaryToCms/Page_Dispensary Store/button_Add' is clicked on

2018-05-31 13:50:38 - [MESSAGE][PASSED] - Object: 'Object Repository/DispensaryToCms/Page_Dispensary Store/button_Add' is clicked on

2018-05-31 13:50:38 - [TEST_STEP][PASSED] - delay: Delayed 1 second(s)

2018-05-31 13:50:39 - [MESSAGE][PASSED] - Delayed 1 second(s)

2018-05-31 13:50:39 - [TEST_STEP][PASSED] - selectOptionByIndex: All options with index in [3] are selected on object 'Object Repository/DispensaryToCms/Page_Dispensary Store/select_--Select--Schedule 1Inj'

2018-05-31 13:50:39 - [MESSAGE][PASSED] - All options with index in [3] are selected on object 'Object Repository/DispensaryToCms/Page_Dispensary Store/select_--Select--Schedule 1Inj'

2018-05-31 13:50:39 - [TEST_STEP][PASSED] - delay: Delayed 1 second(s)

2018-05-31 13:50:40 - [MESSAGE][PASSED] - Delayed 1 second(s)

2018-05-31 13:50:40 - [TEST_STEP][PASSED] - selectOptionByIndex: All options with index in [3] are selected on object 'Object Repository/DispensaryToCms/Page_Dispensary Store/select_--Select--Adernaline 0.'

2018-05-31 13:50:40 - [MESSAGE][PASSED] - All options with index in [3] are selected on object 'Object Repository/DispensaryToCms/Page_Dispensary Store/select_--Select--Adernaline 0.'

2018-05-31 13:50:40 - [TEST_STEP][PASSED] - setText: Text '100' is set on object 'Object Repository/DispensaryToCms/Page_Dispensary Store/input_txttreat'

2018-05-31 13:50:41 - [MESSAGE][PASSED] - Text '100' is set on object 'Object Repository/DispensaryToCms/Page_Dispensary Store/input_txttreat'

2018-05-31 13:50:41 - [TEST_STEP][PASSED] - click: Object: 'Object Repository/DispensaryToCms/Page_Dispensary Store/button_Add' is clicked on

2018-05-31 13:50:46 - [MESSAGE][PASSED] - Object: 'Object Repository/DispensaryToCms/Page_Dispensary Store/button_Add' is clicked on

2018-05-31 13:50:46 - [TEST_STEP][PASSED] - delay: Delayed 1 second(s)

2018-05-31 13:50:47 - [MESSAGE][PASSED] - Delayed 1 second(s)

2018-05-31 13:50:47 - [TEST_STEP][PASSED] - selectOptionByIndex: All options with index in [3] are selected on object 'Object Repository/DispensaryToCms/Page_Dispensary Store/select_--Select--Schedule 1Inj'

2018-05-31 13:50:47 - [MESSAGE][PASSED] - All options with index in [3] are selected on object 'Object Repository/DispensaryToCms/Page_Dispensary Store/select_--Select--Schedule 1Inj'

2018-05-31 13:50:47 - [TEST_STEP][PASSED] - delay: Delayed 1 second(s)

2018-05-31 13:50:48 - [MESSAGE][PASSED] - Delayed 1 second(s)

2018-05-31 13:50:48 - [TEST_STEP][PASSED] - selectOptionByIndex: All options with index in [4] are selected on object 'Object Repository/DispensaryToCms/Page_Dispensary Store/select_--Select--Adernaline 0.'

2018-05-31 13:50:48 - [MESSAGE][PASSED] - All options with index in [4] are selected on object 'Object Repository/DispensaryToCms/Page_Dispensary Store/select_--Select--Adernaline 0.'

2018-05-31 13:50:48 - [TEST_STEP][PASSED] - setText: Text '100' is set on object 'Object Repository/DispensaryToCms/Page_Dispensary Store/input_txttreat'

2018-05-31 13:50:48 - [MESSAGE][PASSED] - Text '100' is set on object 'Object Repository/DispensaryToCms/Page_Dispensary Store/input_txttreat'

2018-05-31 13:50:48 - [TEST_STEP][PASSED] - click: Object: 'Object Repository/DispensaryToCms/Page_Dispensary Store/button_Add' is clicked on

2018-05-31 13:50:53 - [MESSAGE][PASSED] - Object: 'Object Repository/DispensaryToCms/Page_Dispensary Store/button_Add' is clicked on

2018-05-31 13:50:53 - [TEST_STEP][PASSED] - delay: Delayed 1 second(s)

2018-05-31 13:50:54 - [MESSAGE][PASSED] - Delayed 1 second(s)

2018-05-31 13:50:54 - [TEST_STEP][PASSED] - selectOptionByIndex: All options with index in [3] are selected on object 'Object Repository/DispensaryToCms/Page_Dispensary Store/select_--Select--Schedule 1Inj'

2018-05-31 13:50:54 - [MESSAGE][PASSED] - All options with index in [3] are selected on object 'Object Repository/DispensaryToCms/Page_Dispensary Store/select_--Select--Schedule 1Inj'

2018-05-31 13:50:54 - [TEST_STEP][PASSED] - delay: Delayed 1 second(s)

2018-05-31 13:50:55 - [MESSAGE][PASSED] - Delayed 1 second(s)

2018-05-31 13:50:55 - [TEST_STEP][PASSED] - selectOptionByIndex: All options with index in [5] are selected on object 'Object Repository/DispensaryToCms/Page_Dispensary Store/select_--Select--Adernaline 0.'

2018-05-31 13:50:55 - [MESSAGE][PASSED] - All options with index in [5] are selected on object 'Object Repository/DispensaryToCms/Page_Dispensary Store/select_--Select--Adernaline 0.'

2018-05-31 13:50:55 - [TEST_STEP][PASSED] - setText: Text '100' is set on object 'Object Repository/DispensaryToCms/Page_Dispensary Store/input_txttreat'

2018-05-31 13:50:56 - [MESSAGE][PASSED] - Text '100' is set on object 'Object Repository/DispensaryToCms/Page_Dispensary Store/input_txttreat'

2018-05-31 13:50:56 - [TEST_STEP][PASSED] - click: Object: 'Object Repository/DispensaryToCms/Page_Dispensary Store/button_Add' is clicked on

2018-05-31 13:51:01 - [MESSAGE][PASSED] - Object: 'Object Repository/DispensaryToCms/Page_Dispensary Store/button_Add' is clicked on

2018-05-31 13:51:01 - [TEST_STEP][PASSED] - delay: Delayed 1 second(s)

2018-05-31 13:51:02 - [MESSAGE][PASSED] - Delayed 1 second(s)

2018-05-31 13:51:02 - [TEST_STEP][PASSED] - selectOptionByIndex: All options with index in [3] are selected on object 'Object Repository/DispensaryToCms/Page_Dispensary Store/select_--Select--Schedule 1Inj'

2018-05-31 13:51:02 - [MESSAGE][PASSED] - All options with index in [3] are selected on object 'Object Repository/DispensaryToCms/Page_Dispensary Store/select_--Select--Schedule 1Inj'

2018-05-31 13:51:02 - [TEST_STEP][PASSED] - delay: Delayed 1 second(s)

2018-05-31 13:51:03 - [MESSAGE][PASSED] - Delayed 1 second(s)

2018-05-31 13:51:03 - [TEST_STEP][PASSED] - selectOptionByIndex: All options with index in [6] are selected on object 'Object Repository/DispensaryToCms/Page_Dispensary Store/select_--Select--Adernaline 0.'

2018-05-31 13:51:03 - [MESSAGE][PASSED] - All options with index in [6] are selected on object 'Object Repository/DispensaryToCms/Page_Dispensary Store/select_--Select--Adernaline 0.'

2018-05-31 13:51:03 - [TEST_STEP][PASSED] - setText: Text '100' is set on object 'Object Repository/DispensaryToCms/Page_Dispensary Store/input_txttreat'

2018-05-31 13:51:03 - [MESSAGE][PASSED] - Text '100' is set on object 'Object Repository/DispensaryToCms/Page_Dispensary Store/input_txttreat'

2018-05-31 13:51:03 - [TEST_STEP][PASSED] - click: Object: 'Object Repository/DispensaryToCms/Page_Dispensary Store/button_Add' is clicked on

2018-05-31 13:51:08 - [MESSAGE][PASSED] - Object: 'Object Repository/DispensaryToCms/Page_Dispensary Store/button_Add' is clicked on

2018-05-31 13:51:08 - [TEST_STEP][PASSED] - delay: Delayed 1 second(s)

2018-05-31 13:51:09 - [MESSAGE][PASSED] - Delayed 1 second(s)

2018-05-31 13:51:09 - [TEST_STEP][PASSED] - selectOptionByIndex: All options with index in [3] are selected on object 'Object Repository/DispensaryToCms/Page_Dispensary Store/select_--Select--Schedule 1Inj'

2018-05-31 13:51:09 - [MESSAGE][PASSED] - All options with index in [3] are selected on object 'Object Repository/DispensaryToCms/Page_Dispensary Store/select_--Select--Schedule 1Inj'

2018-05-31 13:51:09 - [TEST_STEP][PASSED] - delay: Delayed 1 second(s)

2018-05-31 13:51:10 - [MESSAGE][PASSED] - Delayed 1 second(s)

2018-05-31 13:51:10 - [TEST_STEP][PASSED] - selectOptionByIndex: All options with index in [7] are selected on object 'Object Repository/DispensaryToCms/Page_Dispensary Store/select_--Select--Adernaline 0.'

2018-05-31 13:51:10 - [MESSAGE][PASSED] - All options with index in [7] are selected on object 'Object Repository/DispensaryToCms/Page_Dispensary Store/select_--Select--Adernaline 0.'

2018-05-31 13:51:10 - [TEST_STEP][PASSED] - setText: Text '100' is set on object 'Object Repository/DispensaryToCms/Page_Dispensary Store/input_txttreat'

2018-05-31 13:51:11 - [MESSAGE][PASSED] - Text '100' is set on object 'Object Repository/DispensaryToCms/Page_Dispensary Store/input_txttreat'

2018-05-31 13:51:11 - [TEST_STEP][PASSED] - click: Object: 'Object Repository/DispensaryToCms/Page_Dispensary Store/button_Add' is clicked on

2018-05-31 13:51:16 - [MESSAGE][PASSED] - Object: 'Object Repository/DispensaryToCms/Page_Dispensary Store/button_Add' is clicked on

2018-05-31 13:51:16 - [TEST_STEP][PASSED] - delay: Delayed 1 second(s)

2018-05-31 13:51:17 - [MESSAGE][PASSED] - Delayed 1 second(s)

2018-05-31 13:51:17 - [TEST_STEP][PASSED] - selectOptionByIndex: All options with index in [3] are selected on object 'Object Repository/DispensaryToCms/Page_Dispensary Store/select_--Select--Schedule 1Inj'

2018-05-31 13:51:17 - [MESSAGE][PASSED] - All options with index in [3] are selected on object 'Object Repository/DispensaryToCms/Page_Dispensary Store/select_--Select--Schedule 1Inj'

2018-05-31 13:51:17 - [TEST_STEP][PASSED] - delay: Delayed 1 second(s)

2018-05-31 13:51:18 - [MESSAGE][PASSED] - Delayed 1 second(s)

2018-05-31 13:51:18 - [TEST_STEP][PASSED] - selectOptionByIndex: All options with index in [8] are selected on object 'Object Repository/DispensaryToCms/Page_Dispensary Store/select_--Select--Adernaline 0.'

2018-05-31 13:51:18 - [MESSAGE][PASSED] - All options with index in [8] are selected on object 'Object Repository/DispensaryToCms/Page_Dispensary Store/select_--Select--Adernaline 0.'

2018-05-31 13:51:18 - [TEST_STEP][PASSED] - setText: Text '100' is set on object 'Object Repository/DispensaryToCms/Page_Dispensary Store/input_txttreat'

2018-05-31 13:51:18 - [MESSAGE][PASSED] - Text '100' is set on object 'Object Repository/DispensaryToCms/Page_Dispensary Store/input_txttreat'

2018-05-31 13:51:18 - [TEST_STEP][PASSED] - click: Object: 'Object Repository/DispensaryToCms/Page_Dispensary Store/button_Add' is clicked on

2018-05-31 13:51:23 - [MESSAGE][PASSED] - Object: 'Object Repository/DispensaryToCms/Page_Dispensary Store/button_Add' is clicked on

2018-05-31 13:51:23 - [TEST_STEP][PASSED] - delay: Delayed 1 second(s)

2018-05-31 13:51:24 - [MESSAGE][PASSED] - Delayed 1 second(s)

2018-05-31 13:51:24 - [TEST_STEP][PASSED] - selectOptionByIndex: All options with index in [3] are selected on object 'Object Repository/DispensaryToCms/Page_Dispensary Store/select_--Select--Schedule 1Inj'

2018-05-31 13:51:24 - [MESSAGE][PASSED] - All options with index in [3] are selected on object 'Object Repository/DispensaryToCms/Page_Dispensary Store/select_--Select--Schedule 1Inj'

2018-05-31 13:51:24 - [TEST_STEP][PASSED] - delay: Delayed 1 second(s)

2018-05-31 13:51:25 - [MESSAGE][PASSED] - Delayed 1 second(s)

2018-05-31 13:51:25 - [TEST_STEP][PASSED] - selectOptionByIndex: All options with index in [9] are selected on object 'Object Repository/DispensaryToCms/Page_Dispensary Store/select_--Select--Adernaline 0.'

2018-05-31 13:51:26 - [MESSAGE][PASSED] - All options with index in [9] are selected on object 'Object Repository/DispensaryToCms/Page_Dispensary Store/select_--Select--Adernaline 0.'

2018-05-31 13:51:26 - [TEST_STEP][PASSED] - setText: Text '100' is set on object 'Object Repository/DispensaryToCms/Page_Dispensary Store/input_txttreat'

2018-05-31 13:51:26 - [MESSAGE][PASSED] - Text '100' is set on object 'Object Repository/DispensaryToCms/Page_Dispensary Store/input_txttreat'

2018-05-31 13:51:26 - [TEST_STEP][PASSED] - click: Object: 'Object Repository/DispensaryToCms/Page_Dispensary Store/button_Add' is clicked on

2018-05-31 13:51:31 - [MESSAGE][PASSED] - Object: 'Object Repository/DispensaryToCms/Page_Dispensary Store/button_Add' is clicked on

2018-05-31 13:51:31 - [TEST_STEP][PASSED] - delay: Delayed 1 second(s)

2018-05-31 13:51:32 - [MESSAGE][PASSED] - Delayed 1 second(s)

2018-05-31 13:51:32 - [TEST_STEP][PASSED] - selectOptionByIndex: All options with index in [3] are selected on object 'Object Repository/DispensaryToCms/Page_Dispensary Store/select_--Select--Schedule 1Inj'

2018-05-31 13:51:32 - [MESSAGE][PASSED] - All options with index in [3] are selected on object 'Object Repository/DispensaryToCms/Page_Dispensary Store/select_--Select--Schedule 1Inj'

2018-05-31 13:51:32 - [TEST_STEP][PASSED] - delay: Delayed 1 second(s)

2018-05-31 13:51:33 - [MESSAGE][PASSED] - Delayed 1 second(s)

2018-05-31 13:51:33 - [TEST_STEP][PASSED] - selectOptionByIndex: All options with index in [10] are selected on object 'Object Repository/DispensaryToCms/Page_Dispensary Store/select_--Select--Adernaline 0.'

2018-05-31 13:51:33 - [MESSAGE][PASSED] - All options with index in [10] are selected on object 'Object Repository/DispensaryToCms/Page_Dispensary Store/select_--Select--Adernaline 0.'

2018-05-31 13:51:33 - [TEST_STEP][PASSED] - setText: Text '100' is set on object 'Object Repository/DispensaryToCms/Page_Dispensary Store/input_txttreat'

2018-05-31 13:51:33 - [MESSAGE][PASSED] - Text '100' is set on object 'Object Repository/DispensaryToCms/Page_Dispensary Store/input_txttreat'

2018-05-31 13:51:33 - [TEST_STEP][PASSED] - click: Object: 'Object Repository/DispensaryToCms/Page_Dispensary Store/button_Add' is clicked on

2018-05-31 13:51:38 - [MESSAGE][PASSED] - Object: 'Object Repository/DispensaryToCms/Page_Dispensary Store/button_Add' is clicked on

2018-05-31 13:51:38 - [TEST_STEP][PASSED] - delay: Delayed 1 second(s)

2018-05-31 13:51:39 - [MESSAGE][PASSED] - Delayed 1 second(s)

2018-05-31 13:51:39 - [TEST_STEP][PASSED] - selectOptionByIndex: All options with index in [3] are selected on object 'Object Repository/DispensaryToCms/Page_Dispensary Store/select_--Select--Schedule 1Inj'

2018-05-31 13:51:39 - [MESSAGE][PASSED] - All options with index in [3] are selected on object 'Object Repository/DispensaryToCms/Page_Dispensary Store/select_--Select--Schedule 1Inj'

2018-05-31 13:51:39 - [TEST_STEP][PASSED] - delay: Delayed 1 second(s)

2018-05-31 13:51:40 - [MESSAGE][PASSED] - Delayed 1 second(s)

2018-05-31 13:51:40 - [TEST_STEP][PASSED] - selectOptionByIndex: All options with index in [11] are selected on object 'Object Repository/DispensaryToCms/Page_Dispensary Store/select_--Select--Adernaline 0.'

2018-05-31 13:51:41 - [MESSAGE][PASSED] - All options with index in [11] are selected on object 'Object Repository/DispensaryToCms/Page_Dispensary Store/select_--Select--Adernaline 0.'

2018-05-31 13:51:41 - [TEST_STEP][PASSED] - setText: Text '100' is set on object 'Object Repository/DispensaryToCms/Page_Dispensary Store/input_txttreat'

2018-05-31 13:51:41 - [MESSAGE][PASSED] - Text '100' is set on object 'Object Repository/DispensaryToCms/Page_Dispensary Store/input_txttreat'

2018-05-31 13:51:41 - [TEST_STEP][PASSED] - click: Object: 'Object Repository/DispensaryToCms/Page_Dispensary Store/button_Add' is clicked on

2018-05-31 13:51:46 - [MESSAGE][PASSED] - Object: 'Object Repository/DispensaryToCms/Page_Dispensary Store/button_Add' is clicked on

2018-05-31 13:51:46 - [TEST_STEP][PASSED] - delay: Delayed 1 second(s)

2018-05-31 13:51:47 - [MESSAGE][PASSED] - Delayed 1 second(s)

2018-05-31 13:51:47 - [TEST_STEP][PASSED] - selectOptionByIndex: All options with index in [3] are selected on object 'Object Repository/DispensaryToCms/Page_Dispensary Store/select_--Select--Schedule 1Inj'

2018-05-31 13:51:47 - [MESSAGE][PASSED] - All options with index in [3] are selected on object 'Object Repository/DispensaryToCms/Page_Dispensary Store/select_--Select--Schedule 1Inj'

2018-05-31 13:51:47 - [TEST_STEP][PASSED] - delay: Delayed 1 second(s)

2018-05-31 13:51:48 - [MESSAGE][PASSED] - Delayed 1 second(s)

2018-05-31 13:51:48 - [TEST_STEP][PASSED] - selectOptionByIndex: All options with index in [12] are selected on object 'Object Repository/DispensaryToCms/Page_Dispensary Store/select_--Select--Adernaline 0.'

2018-05-31 13:51:48 - [MESSAGE][PASSED] - All options with index in [12] are selected on object 'Object Repository/DispensaryToCms/Page_Dispensary Store/select_--Select--Adernaline 0.'

2018-05-31 13:51:48 - [TEST_STEP][PASSED] - setText: Text '100' is set on object 'Object Repository/DispensaryToCms/Page_Dispensary Store/input_txttreat'

2018-05-31 13:51:48 - [MESSAGE][PASSED] - Text '100' is set on object 'Object Repository/DispensaryToCms/Page_Dispensary Store/input_txttreat'

2018-05-31 13:51:48 - [TEST_STEP][PASSED] - click: Object: 'Object Repository/DispensaryToCms/Page_Dispensary Store/button_Add' is clicked on

2018-05-31 13:51:53 - [MESSAGE][PASSED] - Object: 'Object Repository/DispensaryToCms/Page_Dispensary Store/button_Add' is clicked on

2018-05-31 13:51:53 - [TEST_STEP][PASSED] - delay: Delayed 1 second(s)

2018-05-31 13:51:54 - [MESSAGE][PASSED] - Delayed 1 second(s)

2018-05-31 13:51:54 - [TEST_STEP][PASSED] - selectOptionByIndex: All options with index in [3] are selected on object 'Object Repository/DispensaryToCms/Page_Dispensary Store/select_--Select--Schedule 1Inj'

2018-05-31 13:51:55 - [MESSAGE][PASSED] - All options with index in [3] are selected on object 'Object Repository/DispensaryToCms/Page_Dispensary Store/select_--Select--Schedule 1Inj'

2018-05-31 13:51:55 - [TEST_STEP][PASSED] - delay: Delayed 1 second(s)

2018-05-31 13:51:56 - [MESSAGE][PASSED] - Delayed 1 second(s)

2018-05-31 13:51:56 - [TEST_STEP][PASSED] - selectOptionByIndex: All options with index in [13] are selected on object 'Object Repository/DispensaryToCms/Page_Dispensary Store/select_--Select--Adernaline 0.'

2018-05-31 13:51:56 - [MESSAGE][PASSED] - All options with index in [13] are selected on object 'Object Repository/DispensaryToCms/Page_Dispensary Store/select_--Select--Adernaline 0.'

2018-05-31 13:51:56 - [TEST_STEP][PASSED] - setText: Text '100' is set on object 'Object Repository/DispensaryToCms/Page_Dispensary Store/input_txttreat'

2018-05-31 13:51:56 - [MESSAGE][PASSED] - Text '100' is set on object 'Object Repository/DispensaryToCms/Page_Dispensary Store/input_txttreat'

2018-05-31 13:51:56 - [TEST_STEP][PASSED] - click: Object: 'Object Repository/DispensaryToCms/Page_Dispensary Store/button_Add' is clicked on

2018-05-31 13:52:01 - [MESSAGE][PASSED] - Object: 'Object Repository/DispensaryToCms/Page_Dispensary Store/button_Add' is clicked on

2018-05-31 13:52:01 - [TEST_STEP][PASSED] - delay: Delayed 1 second(s)

2018-05-31 13:52:02 - [MESSAGE][PASSED] - Delayed 1 second(s)

2018-05-31 13:52:02 - [TEST_STEP][PASSED] - selectOptionByIndex: All options with index in [3] are selected on object 'Object Repository/DispensaryToCms/Page_Dispensary Store/select_--Select--Schedule 1Inj'

2018-05-31 13:52:02 - [MESSAGE][PASSED] - All options with index in [3] are selected on object 'Object Repository/DispensaryToCms/Page_Dispensary Store/select_--Select--Schedule 1Inj'

2018-05-31 13:52:02 - [TEST_STEP][PASSED] - delay: Delayed 1 second(s)

2018-05-31 13:52:03 - [MESSAGE][PASSED] - Delayed 1 second(s)

2018-05-31 13:52:03 - [TEST_STEP][PASSED] - selectOptionByIndex: All options with index in [14] are selected on object 'Object Repository/DispensaryToCms/Page_Dispensary Store/select_--Select--Adernaline 0.'

2018-05-31 13:52:04 - [MESSAGE][PASSED] - All options with index in [14] are selected on object 'Object Repository/DispensaryToCms/Page_Dispensary Store/select_--Select--Adernaline 0.'

2018-05-31 13:52:04 - [TEST_STEP][PASSED] - setText: Text '100' is set on object 'Object Repository/DispensaryToCms/Page_Dispensary Store/input_txttreat'

2018-05-31 13:52:04 - [MESSAGE][PASSED] - Text '100' is set on object 'Object Repository/DispensaryToCms/Page_Dispensary Store/input_txttreat'

2018-05-31 13:52:04 - [TEST_STEP][PASSED] - click: Object: 'Object Repository/DispensaryToCms/Page_Dispensary Store/button_Add' is clicked on

2018-05-31 13:52:09 - [MESSAGE][PASSED] - Object: 'Object Repository/DispensaryToCms/Page_Dispensary Store/button_Add' is clicked on

2018-05-31 13:52:09 - [TEST_STEP][PASSED] - delay: Delayed 1 second(s)

2018-05-31 13:52:10 - [MESSAGE][PASSED] - Delayed 1 second(s)

2018-05-31 13:52:10 - [TEST_STEP][PASSED] - selectOptionByIndex: All options with index in [3] are selected on object 'Object Repository/DispensaryToCms/Page_Dispensary Store/select_--Select--Schedule 1Inj'

2018-05-31 13:52:10 - [MESSAGE][PASSED] - All options with index in [3] are selected on object 'Object Repository/DispensaryToCms/Page_Dispensary Store/select_--Select--Schedule 1Inj'

2018-05-31 13:52:10 - [TEST_STEP][PASSED] - delay: Delayed 1 second(s)

2018-05-31 13:52:11 - [MESSAGE][PASSED] - Delayed 1 second(s)

2018-05-31 13:52:11 - [TEST_STEP][PASSED] - selectOptionByIndex: All options with index in [15] are selected on object 'Object Repository/DispensaryToCms/Page_Dispensary Store/select_--Select--Adernaline 0.'

2018-05-31 13:52:11 - [MESSAGE][PASSED] - All options with index in [15] are selected on object 'Object Repository/DispensaryToCms/Page_Dispensary Store/select_--Select--Adernaline 0.'

2018-05-31 13:52:11 - [TEST_STEP][PASSED] - setText: Text '100' is set on object 'Object Repository/DispensaryToCms/Page_Dispensary Store/input_txttreat'

2018-05-31 13:52:11 - [MESSAGE][PASSED] - Text '100' is set on object 'Object Repository/DispensaryToCms/Page_Dispensary Store/input_txttreat'

2018-05-31 13:52:11 - [TEST_STEP][PASSED] - click: Object: 'Object Repository/DispensaryToCms/Page_Dispensary Store/button_Add' is clicked on

2018-05-31 13:52:16 - [MESSAGE][PASSED] - Object: 'Object Repository/DispensaryToCms/Page_Dispensary Store/button_Add' is clicked on

2018-05-31 13:52:16 - [TEST_STEP][PASSED] - delay: Delayed 1 second(s)

2018-05-31 13:52:17 - [MESSAGE][PASSED] - Delayed 1 second(s)

2018-05-31 13:52:17 - [TEST_STEP][PASSED] - selectOptionByIndex: All options with index in [3] are selected on object 'Object Repository/DispensaryToCms/Page_Dispensary Store/select_--Select--Schedule 1Inj'

2018-05-31 13:52:18 - [MESSAGE][PASSED] - All options with index in [3] are selected on object 'Object Repository/DispensaryToCms/Page_Dispensary Store/select_--Select--Schedule 1Inj'

2018-05-31 13:52:18 - [TEST_STEP][PASSED] - delay: Delayed 1 second(s)

2018-05-31 13:52:19 - [MESSAGE][PASSED] - Delayed 1 second(s)

2018-05-31 13:52:19 - [TEST_STEP][PASSED] - selectOptionByIndex: All options with index in [16] are selected on object 'Object Repository/DispensaryToCms/Page_Dispensary Store/select_--Select--Adernaline 0.'

2018-05-31 13:52:19 - [MESSAGE][PASSED] - All options with index in [16] are selected on object 'Object Repository/DispensaryToCms/Page_Dispensary Store/select_--Select--Adernaline 0.'

2018-05-31 13:52:19 - [TEST_STEP][PASSED] - setText: Text '100' is set on object 'Object Repository/DispensaryToCms/Page_Dispensary Store/input_txttreat'

2018-05-31 13:52:19 - [MESSAGE][PASSED] - Text '100' is set on object 'Object Repository/DispensaryToCms/Page_Dispensary Store/input_txttreat'

2018-05-31 13:52:19 - [TEST_STEP][PASSED] - click: Object: 'Object Repository/DispensaryToCms/Page_Dispensary Store/button_Add' is clicked on

2018-05-31 13:52:24 - [MESSAGE][PASSED] - Object: 'Object Repository/DispensaryToCms/Page_Dispensary Store/button_Add' is clicked on

2018-05-31 13:52:24 - [TEST_STEP][PASSED] - delay: Delayed 1 second(s)

2018-05-31 13:52:25 - [MESSAGE][PASSED] - Delayed 1 second(s)

2018-05-31 13:52:25 - [TEST_STEP][PASSED] - selectOptionByIndex: All options with index in [3] are selected on object 'Object Repository/DispensaryToCms/Page_Dispensary Store/select_--Select--Schedule 1Inj'

2018-05-31 13:52:25 - [MESSAGE][PASSED] - All options with index in [3] are selected on object 'Object Repository/DispensaryToCms/Page_Dispensary Store/select_--Select--Schedule 1Inj'

2018-05-31 13:52:25 - [TEST_STEP][PASSED] - delay: Delayed 1 second(s)

2018-05-31 13:52:26 - [MESSAGE][PASSED] - Delayed 1 second(s)

2018-05-31 13:52:26 - [TEST_STEP][PASSED] - selectOptionByIndex: All options with index in [17] are selected on object 'Object Repository/DispensaryToCms/Page_Dispensary Store/select_--Select--Adernaline 0.'

2018-05-31 13:52:26 - [MESSAGE][PASSED] - All options with index in [17] are selected on object 'Object Repository/DispensaryToCms/Page_Dispensary Store/select_--Select--Adernaline 0.'

2018-05-31 13:52:26 - [TEST_STEP][PASSED] - setText: Text '100' is set on object 'Object Repository/DispensaryToCms/Page_Dispensary Store/input_txttreat'

2018-05-31 13:52:27 - [MESSAGE][PASSED] - Text '100' is set on object 'Object Repository/DispensaryToCms/Page_Dispensary Store/input_txttreat'

2018-05-31 13:52:27 - [TEST_STEP][PASSED] - click: Object: 'Object Repository/DispensaryToCms/Page_Dispensary Store/button_Add' is clicked on

2018-05-31 13:52:32 - [MESSAGE][PASSED] - Object: 'Object Repository/DispensaryToCms/Page_Dispensary Store/button_Add' is clicked on

2018-05-31 13:52:32 - [TEST_STEP][PASSED] - delay: Delayed 1 second(s)

2018-05-31 13:52:33 - [MESSAGE][PASSED] - Delayed 1 second(s)

2018-05-31 13:52:33 - [TEST_STEP][PASSED] - selectOptionByIndex: All options with index in [3] are selected on object 'Object Repository/DispensaryToCms/Page_Dispensary Store/select_--Select--Schedule 1Inj'

2018-05-31 13:52:33 - [MESSAGE][PASSED] - All options with index in [3] are selected on object 'Object Repository/DispensaryToCms/Page_Dispensary Store/select_--Select--Schedule 1Inj'

2018-05-31 13:52:33 - [TEST_STEP][PASSED] - delay: Delayed 1 second(s)

2018-05-31 13:52:34 - [MESSAGE][PASSED] - Delayed 1 second(s)

2018-05-31 13:52:34 - [TEST_STEP][PASSED] - selectOptionByIndex: All options with index in [18] are selected on object 'Object Repository/DispensaryToCms/Page_Dispensary Store/select_--Select--Adernaline 0.'

2018-05-31 13:52:34 - [MESSAGE][PASSED] - All options with index in [18] are selected on object 'Object Repository/DispensaryToCms/Page_Dispensary Store/select_--Select--Adernaline 0.'

2018-05-31 13:52:34 - [TEST_STEP][PASSED] - setText: Text '100' is set on object 'Object Repository/DispensaryToCms/Page_Dispensary Store/input_txttreat'

2018-05-31 13:52:34 - [MESSAGE][PASSED] - Text '100' is set on object 'Object Repository/DispensaryToCms/Page_Dispensary Store/input_txttreat'

2018-05-31 13:52:34 - [TEST_STEP][PASSED] - click: Object: 'Object Repository/DispensaryToCms/Page_Dispensary Store/button_Add' is clicked on

2018-05-31 13:52:39 - [MESSAGE][PASSED] - Object: 'Object Repository/DispensaryToCms/Page_Dispensary Store/button_Add' is clicked on

2018-05-31 13:52:39 - [TEST_STEP][PASSED] - delay: Delayed 1 second(s)

2018-05-31 13:52:40 - [MESSAGE][PASSED] - Delayed 1 second(s)

2018-05-31 13:52:40 - [TEST_STEP][PASSED] - selectOptionByIndex: All options with index in [3] are selected on object 'Object Repository/DispensaryToCms/Page_Dispensary Store/select_--Select--Schedule 1Inj'

2018-05-31 13:52:40 - [MESSAGE][PASSED] - All options with index in [3] are selected on object 'Object Repository/DispensaryToCms/Page_Dispensary Store/select_--Select--Schedule 1Inj'

2018-05-31 13:52:40 - [TEST_STEP][PASSED] - delay: Delayed 1 second(s)

2018-05-31 13:52:41 - [MESSAGE][PASSED] - Delayed 1 second(s)

2018-05-31 13:52:41 - [TEST_STEP][PASSED] - selectOptionByIndex: All options with index in [19] are selected on object 'Object Repository/DispensaryToCms/Page_Dispensary Store/select_--Select--Adernaline 0.'

2018-05-31 13:52:42 - [MESSAGE][PASSED] - All options with index in [19] are selected on object 'Object Repository/DispensaryToCms/Page_Dispensary Store/select_--Select--Adernaline 0.'

2018-05-31 13:52:42 - [TEST_STEP][PASSED] - setText: Text '100' is set on object 'Object Repository/DispensaryToCms/Page_Dispensary Store/input_txttreat'

2018-05-31 13:52:42 - [MESSAGE][PASSED] - Text '100' is set on object 'Object Repository/DispensaryToCms/Page_Dispensary Store/input_txttreat'

2018-05-31 13:52:42 - [TEST_STEP][PASSED] - click: Object: 'Object Repository/DispensaryToCms/Page_Dispensary Store/button_Add' is clicked on

2018-05-31 13:52:46 - [MESSAGE][PASSED] - Object: 'Object Repository/DispensaryToCms/Page_Dispensary Store/button_Add' is clicked on

2018-05-31 13:52:46 - [TEST_STEP][PASSED] - delay: Delayed 1 second(s)

2018-05-31 13:52:47 - [MESSAGE][PASSED] - Delayed 1 second(s)

2018-05-31 13:52:47 - [TEST_STEP][PASSED] - selectOptionByIndex: All options with index in [3] are selected on object 'Object Repository/DispensaryToCms/Page_Dispensary Store/select_--Select--Schedule 1Inj'

2018-05-31 13:52:47 - [MESSAGE][PASSED] - All options with index in [3] are selected on object 'Object Repository/DispensaryToCms/Page_Dispensary Store/select_--Select--Schedule 1Inj'

2018-05-31 13:52:47 - [TEST_STEP][PASSED] - delay: Delayed 1 second(s)

2018-05-31 13:52:48 - [MESSAGE][PASSED] - Delayed 1 second(s)

2018-05-31 13:52:48 - [TEST_STEP][PASSED] - selectOptionByIndex: All options with index in [20] are selected on object 'Object Repository/DispensaryToCms/Page_Dispensary Store/select_--Select--Adernaline 0.'

2018-05-31 13:52:49 - [MESSAGE][PASSED] - All options with index in [20] are selected on object 'Object Repository/DispensaryToCms/Page_Dispensary Store/select_--Select--Adernaline 0.'

2018-05-31 13:52:49 - [TEST_STEP][PASSED] - setText: Text '100' is set on object 'Object Repository/DispensaryToCms/Page_Dispensary Store/input_txttreat'

2018-05-31 13:52:49 - [MESSAGE][PASSED] - Text '100' is set on object 'Object Repository/DispensaryToCms/Page_Dispensary Store/input_txttreat'

2018-05-31 13:52:49 - [TEST_STEP][PASSED] - click: Object: 'Object Repository/DispensaryToCms/Page_Dispensary Store/button_Add' is clicked on

2018-05-31 13:52:49 - [MESSAGE][PASSED] - Object: 'Object Repository/DispensaryToCms/Page_Dispensary Store/button_Add' is clicked on

2018-05-31 13:52:49 - [TEST_STEP][PASSED] - delay: Delayed 1 second(s)

2018-05-31 13:52:50 - [MESSAGE][PASSED] - Delayed 1 second(s)

2018-05-31 13:52:50 - [TEST_STEP][PASSED] - selectOptionByIndex: All options with index in [3] are selected on object 'Object Repository/DispensaryToCms/Page_Dispensary Store/select_--Select--Schedule 1Inj'

2018-05-31 13:52:50 - [MESSAGE][PASSED] - All options with index in [3] are selected on object 'Object Repository/DispensaryToCms/Page_Dispensary Store/select_--Select--Schedule 1Inj'

2018-05-31 13:52:50 - [TEST_STEP][PASSED] - delay: Delayed 1 second(s)

2018-05-31 13:52:51 - [MESSAGE][PASSED] - Delayed 1 second(s)

2018-05-31 13:52:51 - [TEST_STEP][PASSED] - selectOptionByIndex: All options with index in [21] are selected on object 'Object Repository/DispensaryToCms/Page_Dispensary Store/select_--Select--Adernaline 0.'

2018-05-31 13:52:51 - [MESSAGE][PASSED] - All options with index in [21] are selected on object 'Object Repository/DispensaryToCms/Page_Dispensary Store/select_--Select--Adernaline 0.'

2018-05-31 13:52:51 - [TEST_STEP][PASSED] - setText: Text '100' is set on object 'Object Repository/DispensaryToCms/Page_Dispensary Store/input_txttreat'

2018-05-31 13:52:51 - [MESSAGE][PASSED] - Text '100' is set on object 'Object Repository/DispensaryToCms/Page_Dispensary Store/input_txttreat'

2018-05-31 13:52:51 - [TEST_STEP][PASSED] - click: Object: 'Object Repository/DispensaryToCms/Page_Dispensary Store/button_Add' is clicked on

2018-05-31 13:52:51 - [MESSAGE][PASSED] - Object: 'Object Repository/DispensaryToCms/Page_Dispensary Store/button_Add' is clicked on

2018-05-31 13:52:51 - [TEST_STEP][PASSED] - delay: Delayed 1 second(s)

2018-05-31 13:52:52 - [MESSAGE][PASSED] - Delayed 1 second(s)

2018-05-31 13:52:52 - [TEST_STEP][PASSED] - selectOptionByIndex: All options with index in [3] are selected on object 'Object Repository/DispensaryToCms/Page_Dispensary Store/select_--Select--Schedule 1Inj'

2018-05-31 13:52:53 - [MESSAGE][PASSED] - All options with index in [3] are selected on object 'Object Repository/DispensaryToCms/Page_Dispensary Store/select_--Select--Schedule 1Inj'

2018-05-31 13:52:53 - [TEST_STEP][PASSED] - delay: Delayed 1 second(s)

2018-05-31 13:52:54 - [MESSAGE][PASSED] - Delayed 1 second(s)

2018-05-31 13:52:54 - [TEST_STEP][PASSED] - selectOptionByIndex: All options with index in [22] are selected on object 'Object Repository/DispensaryToCms/Page_Dispensary Store/select_--Select--Adernaline 0.'

2018-05-31 13:52:54 - [MESSAGE][PASSED] - All options with index in [22] are selected on object 'Object Repository/DispensaryToCms/Page_Dispensary Store/select_--Select--Adernaline 0.'

2018-05-31 13:52:54 - [TEST_STEP][PASSED] - setText: Text '100' is set on object 'Object Repository/DispensaryToCms/Page_Dispensary Store/input_txttreat'

2018-05-31 13:52:54 - [MESSAGE][PASSED] - Text '100' is set on object 'Object Repository/DispensaryToCms/Page_Dispensary Store/input_txttreat'

2018-05-31 13:52:54 - [TEST_STEP][PASSED] - click: Object: 'Object Repository/DispensaryToCms/Page_Dispensary Store/button_Add' is clicked on

2018-05-31 13:52:54 - [MESSAGE][PASSED] - Object: 'Object Repository/DispensaryToCms/Page_Dispensary Store/button_Add' is clicked on

2018-05-31 13:52:54 - [TEST_STEP][PASSED] - delay: Delayed 1 second(s)

2018-05-31 13:52:55 - [MESSAGE][PASSED] - Delayed 1 second(s)

2018-05-31 13:52:55 - [TEST_STEP][PASSED] - selectOptionByIndex: All options with index in [3] are selected on object 'Object Repository/DispensaryToCms/Page_Dispensary Store/select_--Select--Schedule 1Inj'

2018-05-31 13:52:55 - [MESSAGE][PASSED] - All options with index in [3] are selected on object 'Object Repository/DispensaryToCms/Page_Dispensary Store/select_--Select--Schedule 1Inj'

2018-05-31 13:52:55 - [TEST_STEP][PASSED] - delay: Delayed 1 second(s)

2018-05-31 13:52:56 - [MESSAGE][PASSED] - Delayed 1 second(s)

2018-05-31 13:52:56 - [TEST_STEP][PASSED] - selectOptionByIndex: All options with index in [23] are selected on object 'Object Repository/DispensaryToCms/Page_Dispensary Store/select_--Select--Adernaline 0.'

2018-05-31 13:52:57 - [MESSAGE][PASSED] - All options with index in [23] are selected on object 'Object Repository/DispensaryToCms/Page_Dispensary Store/select_--Select--Adernaline 0.'

2018-05-31 13:52:57 - [TEST_STEP][PASSED] - setText: Text '100' is set on object 'Object Repository/DispensaryToCms/Page_Dispensary Store/input_txttreat'

2018-05-31 13:52:57 - [MESSAGE][PASSED] - Text '100' is set on object 'Object Repository/DispensaryToCms/Page_Dispensary Store/input_txttreat'

2018-05-31 13:52:57 - [TEST_STEP][PASSED] - click: Object: 'Object Repository/DispensaryToCms/Page_Dispensary Store/button_Add' is clicked on

2018-05-31 13:52:57 - [MESSAGE][PASSED] - Object: 'Object Repository/DispensaryToCms/Page_Dispensary Store/button_Add' is clicked on

2018-05-31 13:52:57 - [TEST_STEP][PASSED] - delay: Delayed 1 second(s)

2018-05-31 13:52:58 - [MESSAGE][PASSED] - Delayed 1 second(s)

2018-05-31 13:52:58 - [TEST_STEP][PASSED] - selectOptionByIndex: All options with index in [3] are selected on object 'Object Repository/DispensaryToCms/Page_Dispensary Store/select_--Select--Schedule 1Inj'

2018-05-31 13:52:58 - [MESSAGE][PASSED] - All options with index in [3] are selected on object 'Object Repository/DispensaryToCms/Page_Dispensary Store/select_--Select--Schedule 1Inj'

2018-05-31 13:52:58 - [TEST_STEP][PASSED] - delay: Delayed 1 second(s)

2018-05-31 13:52:59 - [MESSAGE][PASSED] - Delayed 1 second(s)

2018-05-31 13:52:59 - [TEST_STEP][PASSED] - selectOptionByIndex: All options with index in [24] are selected on object 'Object Repository/DispensaryToCms/Page_Dispensary Store/select_--Select--Adernaline 0.'

2018-05-31 13:52:59 - [MESSAGE][PASSED] - All options with index in [24] are selected on object 'Object Repository/DispensaryToCms/Page_Dispensary Store/select_--Select--Adernaline 0.'

2018-05-31 13:52:59 - [TEST_STEP][PASSED] - setText: Text '100' is set on object 'Object Repository/DispensaryToCms/Page_Dispensary Store/input_txttreat'

2018-05-31 13:52:59 - [MESSAGE][PASSED] - Text '100' is set on object 'Object Repository/DispensaryToCms/Page_Dispensary Store/input_txttreat'

2018-05-31 13:52:59 - [TEST_STEP][PASSED] - click: Object: 'Object Repository/DispensaryToCms/Page_Dispensary Store/button_Add' is clicked on

2018-05-31 13:52:59 - [MESSAGE][PASSED] - Object: 'Object Repository/DispensaryToCms/Page_Dispensary Store/button_Add' is clicked on

2018-05-31 13:52:59 - [TEST_STEP][PASSED] - delay: Delayed 1 second(s)

2018-05-31 13:53:00 - [MESSAGE][PASSED] - Delayed 1 second(s)

2018-05-31 13:53:00 - [TEST_STEP][PASSED] - selectOptionByIndex: All options with index in [3] are selected on object 'Object Repository/DispensaryToCms/Page_Dispensary Store/select_--Select--Schedule 1Inj'

2018-05-31 13:53:01 - [MESSAGE][PASSED] - All options with index in [3] are selected on object 'Object Repository/DispensaryToCms/Page_Dispensary Store/select_--Select--Schedule 1Inj'

2018-05-31 13:53:01 - [TEST_STEP][PASSED] - delay: Delayed 1 second(s)

2018-05-31 13:53:02 - [MESSAGE][PASSED] - Delayed 1 second(s)

2018-05-31 13:53:02 - [TEST_STEP][PASSED] - selectOptionByIndex: All options with index in [25] are selected on object 'Object Repository/DispensaryToCms/Page_Dispensary Store/select_--Select--Adernaline 0.'

2018-05-31 13:53:02 - [MESSAGE][PASSED] - All options with index in [25] are selected on object 'Object Repository/DispensaryToCms/Page_Dispensary Store/select_--Select--Adernaline 0.'

2018-05-31 13:53:02 - [TEST_STEP][PASSED] - setText: Text '100' is set on object 'Object Repository/DispensaryToCms/Page_Dispensary Store/input_txttreat'

2018-05-31 13:53:02 - [MESSAGE][PASSED] - Text '100' is set on object 'Object Repository/DispensaryToCms/Page_Dispensary Store/input_txttreat'

2018-05-31 13:53:02 - [TEST_STEP][PASSED] - click: Object: 'Object Repository/DispensaryToCms/Page_Dispensary Store/button_Add' is clicked on

2018-05-31 13:53:02 - [MESSAGE][PASSED] - Object: 'Object Repository/DispensaryToCms/Page_Dispensary Store/button_Add' is clicked on

2018-05-31 13:53:02 - [TEST_STEP][PASSED] - delay: Delayed 1 second(s)

2018-05-31 13:53:03 - [MESSAGE][PASSED] - Delayed 1 second(s)

2018-05-31 13:53:03 - [TEST_STEP][PASSED] - selectOptionByIndex: All options with index in [3] are selected on object 'Object Repository/DispensaryToCms/Page_Dispensary Store/select_--Select--Schedule 1Inj'

2018-05-31 13:53:03 - [MESSAGE][PASSED] - All options with index in [3] are selected on object 'Object Repository/DispensaryToCms/Page_Dispensary Store/select_--Select--Schedule 1Inj'

2018-05-31 13:53:03 - [TEST_STEP][PASSED] - delay: Delayed 1 second(s)

2018-05-31 13:53:04 - [MESSAGE][PASSED] - Delayed 1 second(s)

2018-05-31 13:53:04 - [TEST_STEP][PASSED] - selectOptionByIndex: All options with index in [26] are selected on object 'Object Repository/DispensaryToCms/Page_Dispensary Store/select_--Select--Adernaline 0.'

2018-05-31 13:53:05 - [MESSAGE][PASSED] - All options with index in [26] are selected on object 'Object Repository/DispensaryToCms/Page_Dispensary Store/select_--Select--Adernaline 0.'

2018-05-31 13:53:05 - [TEST_STEP][PASSED] - setText: Text '100' is set on object 'Object Repository/DispensaryToCms/Page_Dispensary Store/input_txttreat'

2018-05-31 13:53:05 - [MESSAGE][PASSED] - Text '100' is set on object 'Object Repository/DispensaryToCms/Page_Dispensary Store/input_txttreat'

2018-05-31 13:53:05 - [TEST_STEP][PASSED] - click: Object: 'Object Repository/DispensaryToCms/Page_Dispensary Store/button_Add' is clicked on

2018-05-31 13:53:05 - [MESSAGE][PASSED] - Object: 'Object Repository/DispensaryToCms/Page_Dispensary Store/button_Add' is clicked on

2018-05-31 13:53:05 - [TEST_STEP][PASSED] - delay: Delayed 1 second(s)

2018-05-31 13:53:06 - [MESSAGE][PASSED] - Delayed 1 second(s)

2018-05-31 13:53:06 - [TEST_STEP][PASSED] - selectOptionByIndex: All options with index in [3] are selected on object 'Object Repository/DispensaryToCms/Page_Dispensary Store/select_--Select--Schedule 1Inj'

2018-05-31 13:53:06 - [MESSAGE][PASSED] - All options with index in [3] are selected on object 'Object Repository/DispensaryToCms/Page_Dispensary Store/select_--Select--Schedule 1Inj'

2018-05-31 13:53:06 - [TEST_STEP][PASSED] - delay: Delayed 1 second(s)

2018-05-31 13:53:07 - [MESSAGE][PASSED] - Delayed 1 second(s)

2018-05-31 13:53:07 - [TEST_STEP][PASSED] - selectOptionByIndex: All options with index in [27] are selected on object 'Object Repository/DispensaryToCms/Page_Dispensary Store/select_--Select--Adernaline 0.'

2018-05-31 13:53:07 - [MESSAGE][PASSED] - All options with index in [27] are selected on object 'Object Repository/DispensaryToCms/Page_Dispensary Store/select_--Select--Adernaline 0.'

2018-05-31 13:53:07 - [TEST_STEP][PASSED] - setText: Text '100' is set on object 'Object Repository/DispensaryToCms/Page_Dispensary Store/input_txttreat'

2018-05-31 13:53:08 - [MESSAGE][PASSED] - Text '100' is set on object 'Object Repository/DispensaryToCms/Page_Dispensary Store/input_txttreat'

2018-05-31 13:53:08 - [TEST_STEP][PASSED] - click: Object: 'Object Repository/DispensaryToCms/Page_Dispensary Store/button_Add' is clicked on

2018-05-31 13:53:08 - [MESSAGE][PASSED] - Object: 'Object Repository/DispensaryToCms/Page_Dispensary Store/button_Add' is clicked on

2018-05-31 13:53:08 - [TEST_STEP][PASSED] - delay: Delayed 1 second(s)

2018-05-31 13:53:09 - [MESSAGE][PASSED] - Delayed 1 second(s)

2018-05-31 13:53:09 - [TEST_STEP][PASSED] - selectOptionByIndex: All options with index in [3] are selected on object 'Object Repository/DispensaryToCms/Page_Dispensary Store/select_--Select--Schedule 1Inj'

2018-05-31 13:53:09 - [MESSAGE][PASSED] - All options with index in [3] are selected on object 'Object Repository/DispensaryToCms/Page_Dispensary Store/select_--Select--Schedule 1Inj'

2018-05-31 13:53:09 - [TEST_STEP][PASSED] - delay: Delayed 1 second(s)

2018-05-31 13:53:10 - [MESSAGE][PASSED] - Delayed 1 second(s)

2018-05-31 13:53:10 - [TEST_STEP][PASSED] - selectOptionByIndex: All options with index in [28] are selected on object 'Object Repository/DispensaryToCms/Page_Dispensary Store/select_--Select--Adernaline 0.'

2018-05-31 13:53:10 - [MESSAGE][PASSED] - All options with index in [28] are selected on object 'Object Repository/DispensaryToCms/Page_Dispensary Store/select_--Select--Adernaline 0.'

2018-05-31 13:53:10 - [TEST_STEP][PASSED] - setText: Text '100' is set on object 'Object Repository/DispensaryToCms/Page_Dispensary Store/input_txttreat'

2018-05-31 13:53:10 - [MESSAGE][PASSED] - Text '100' is set on object 'Object Repository/DispensaryToCms/Page_Dispensary Store/input_txttreat'

2018-05-31 13:53:10 - [TEST_STEP][PASSED] - click: Object: 'Object Repository/DispensaryToCms/Page_Dispensary Store/button_Add' is clicked on

2018-05-31 13:53:10 - [MESSAGE][PASSED] - Object: 'Object Repository/DispensaryToCms/Page_Dispensary Store/button_Add' is clicked on

2018-05-31 13:53:10 - [TEST_STEP][PASSED] - delay: Delayed 1 second(s)

2018-05-31 13:53:11 - [MESSAGE][PASSED] - Delayed 1 second(s)

2018-05-31 13:53:11 - [TEST_STEP][PASSED] - selectOptionByIndex: All options with index in [3] are selected on object 'Object Repository/DispensaryToCms/Page_Dispensary Store/select_--Select--Schedule 1Inj'

2018-05-31 13:53:12 - [MESSAGE][PASSED] - All options with index in [3] are selected on object 'Object Repository/DispensaryToCms/Page_Dispensary Store/select_--Select--Schedule 1Inj'

2018-05-31 13:53:12 - [TEST_STEP][PASSED] - delay: Delayed 1 second(s)

2018-05-31 13:53:13 - [MESSAGE][PASSED] - Delayed 1 second(s)

2018-05-31 13:53:13 - [TEST_STEP][PASSED] - selectOptionByIndex: All options with index in [29] are selected on object 'Object Repository/DispensaryToCms/Page_Dispensary Store/select_--Select--Adernaline 0.'

2018-05-31 13:53:13 - [MESSAGE][PASSED] - All options with index in [29] are selected on object 'Object Repository/DispensaryToCms/Page_Dispensary Store/select_--Select--Adernaline 0.'

2018-05-31 13:53:13 - [TEST_STEP][PASSED] - setText: Text '100' is set on object 'Object Repository/DispensaryToCms/Page_Dispensary Store/input_txttreat'

2018-05-31 13:53:13 - [MESSAGE][PASSED] - Text '100' is set on object 'Object Repository/DispensaryToCms/Page_Dispensary Store/input_txttreat'

2018-05-31 13:53:13 - [TEST_STEP][PASSED] - click: Object: 'Object Repository/DispensaryToCms/Page_Dispensary Store/button_Add' is clicked on

2018-05-31 13:53:13 - [MESSAGE][PASSED] - Object: 'Object Repository/DispensaryToCms/Page_Dispensary Store/button_Add' is clicked on

2018-05-31 13:53:13 - [TEST_STEP][PASSED] - delay: Delayed 1 second(s)

2018-05-31 13:53:14 - [MESSAGE][PASSED] - Delayed 1 second(s)

2018-05-31 13:53:14 - [TEST_STEP][PASSED] - selectOptionByIndex: All options with index in [3] are selected on object 'Object Repository/DispensaryToCms/Page_Dispensary Store/select_--Select--Schedule 1Inj'

2018-05-31 13:53:14 - [MESSAGE][PASSED] - All options with index in [3] are selected on object 'Object Repository/DispensaryToCms/Page_Dispensary Store/select_--Select--Schedule 1Inj'

2018-05-31 13:53:14 - [TEST_STEP][PASSED] - delay: Delayed 1 second(s)

2018-05-31 13:53:15 - [MESSAGE][PASSED] - Delayed 1 second(s)

2018-05-31 13:53:15 - [TEST_STEP][PASSED] - selectOptionByIndex: All options with index in [30] are selected on object 'Object Repository/DispensaryToCms/Page_Dispensary Store/select_--Select--Adernaline 0.'

2018-05-31 13:53:16 - [MESSAGE][PASSED] - All options with index in [30] are selected on object 'Object Repository/DispensaryToCms/Page_Dispensary Store/select_--Select--Adernaline 0.'

2018-05-31 13:53:16 - [TEST_STEP][PASSED] - setText: Text '100' is set on object 'Object Repository/DispensaryToCms/Page_Dispensary Store/input_txttreat'

2018-05-31 13:53:16 - [MESSAGE][PASSED] - Text '100' is set on object 'Object Repository/DispensaryToCms/Page_Dispensary Store/input_txttreat'

2018-05-31 13:53:16 - [TEST_STEP][PASSED] - click: Object: 'Object Repository/DispensaryToCms/Page_Dispensary Store/button_Add' is clicked on

2018-05-31 13:53:16 - [MESSAGE][PASSED] - Object: 'Object Repository/DispensaryToCms/Page_Dispensary Store/button_Add' is clicked on

2018-05-31 13:53:16 - [TEST_STEP][PASSED] - delay: Delayed 1 second(s)

2018-05-31 13:53:17 - [MESSAGE][PASSED] - Delayed 1 second(s)

2018-05-31 13:53:17 - [TEST_STEP][PASSED] - selectOptionByIndex: All options with index in [3] are selected on object 'Object Repository/DispensaryToCms/Page_Dispensary Store/select_--Select--Schedule 1Inj'

2018-05-31 13:53:17 - [MESSAGE][PASSED] - All options with index in [3] are selected on object 'Object Repository/DispensaryToCms/Page_Dispensary Store/select_--Select--Schedule 1Inj'

2018-05-31 13:53:17 - [TEST_STEP][PASSED] - delay: Delayed 1 second(s)

2018-05-31 13:53:18 - [MESSAGE][PASSED] - Delayed 1 second(s)

2018-05-31 13:53:18 - [TEST_STEP][PASSED] - selectOptionByIndex: All options with index in [31] are selected on object 'Object Repository/DispensaryToCms/Page_Dispensary Store/select_--Select--Adernaline 0.'

2018-05-31 13:53:18 - [MESSAGE][PASSED] - All options with index in [31] are selected on object 'Object Repository/DispensaryToCms/Page_Dispensary Store/select_--Select--Adernaline 0.'

2018-05-31 13:53:18 - [TEST_STEP][PASSED] - setText: Text '100' is set on object 'Object Repository/DispensaryToCms/Page_Dispensary Store/input_txttreat'

2018-05-31 13:53:19 - [MESSAGE][PASSED] - Text '100' is set on object 'Object Repository/DispensaryToCms/Page_Dispensary Store/input_txttreat'

2018-05-31 13:53:19 - [TEST_STEP][PASSED] - click: Object: 'Object Repository/DispensaryToCms/Page_Dispensary Store/button_Add' is clicked on

2018-05-31 13:53:19 - [MESSAGE][PASSED] - Object: 'Object Repository/DispensaryToCms/Page_Dispensary Store/button_Add' is clicked on

2018-05-31 13:53:19 - [TEST_STEP][PASSED] - delay: Delayed 1 second(s)

2018-05-31 13:53:20 - [MESSAGE][PASSED] - Delayed 1 second(s)

2018-05-31 13:53:20 - [TEST_STEP][PASSED] - selectOptionByIndex: All options with index in [3] are selected on object 'Object Repository/DispensaryToCms/Page_Dispensary Store/select_--Select--Schedule 1Inj'

2018-05-31 13:53:20 - [MESSAGE][PASSED] - All options with index in [3] are selected on object 'Object Repository/DispensaryToCms/Page_Dispensary Store/select_--Select--Schedule 1Inj'

2018-05-31 13:53:20 - [TEST_STEP][PASSED] - delay: Delayed 1 second(s)

2018-05-31 13:53:21 - [MESSAGE][PASSED] - Delayed 1 second(s)

2018-05-31 13:53:21 - [TEST_STEP][PASSED] - selectOptionByIndex: All options with index in [32] are selected on object 'Object Repository/DispensaryToCms/Page_Dispensary Store/select_--Select--Adernaline 0.'

2018-05-31 13:53:21 - [MESSAGE][PASSED] - All options with index in [32] are selected on object 'Object Repository/DispensaryToCms/Page_Dispensary Store/select_--Select--Adernaline 0.'

2018-05-31 13:53:21 - [TEST_STEP][PASSED] - setText: Text '100' is set on object 'Object Repository/DispensaryToCms/Page_Dispensary Store/input_txttreat'

2018-05-31 13:53:21 - [MESSAGE][PASSED] - Text '100' is set on object 'Object Repository/DispensaryToCms/Page_Dispensary Store/input_txttreat'

2018-05-31 13:53:21 - [TEST_STEP][PASSED] - click: Object: 'Object Repository/DispensaryToCms/Page_Dispensary Store/button_Add' is clicked on

2018-05-31 13:53:21 - [MESSAGE][PASSED] - Object: 'Object Repository/DispensaryToCms/Page_Dispensary Store/button_Add' is clicked on

2018-05-31 13:53:21 - [TEST_STEP][PASSED] - delay: Delayed 1 second(s)

2018-05-31 13:53:22 - [MESSAGE][PASSED] - Delayed 1 second(s)

2018-05-31 13:53:22 - [TEST_STEP][PASSED] - selectOptionByIndex: All options with index in [3] are selected on object 'Object Repository/DispensaryToCms/Page_Dispensary Store/select_--Select--Schedule 1Inj'

2018-05-31 13:53:23 - [MESSAGE][PASSED] - All options with index in [3] are selected on object 'Object Repository/DispensaryToCms/Page_Dispensary Store/select_--Select--Schedule 1Inj'

2018-05-31 13:53:23 - [TEST_STEP][PASSED] - delay: Delayed 1 second(s)

2018-05-31 13:53:24 - [MESSAGE][PASSED] - Delayed 1 second(s)

2018-05-31 13:53:24 - [TEST_STEP][PASSED] - selectOptionByIndex: All options with index in [33] are selected on object 'Object Repository/DispensaryToCms/Page_Dispensary Store/select_--Select--Adernaline 0.'

2018-05-31 13:53:24 - [MESSAGE][PASSED] - All options with index in [33] are selected on object 'Object Repository/DispensaryToCms/Page_Dispensary Store/select_--Select--Adernaline 0.'

2018-05-31 13:53:24 - [TEST_STEP][PASSED] - setText: Text '100' is set on object 'Object Repository/DispensaryToCms/Page_Dispensary Store/input_txttreat'

2018-05-31 13:53:24 - [MESSAGE][PASSED] - Text '100' is set on object 'Object Repository/DispensaryToCms/Page_Dispensary Store/input_txttreat'

2018-05-31 13:53:24 - [TEST_STEP][PASSED] - click: Object: 'Object Repository/DispensaryToCms/Page_Dispensary Store/button_Add' is clicked on

2018-05-31 13:53:24 - [MESSAGE][PASSED] - Object: 'Object Repository/DispensaryToCms/Page_Dispensary Store/button_Add' is clicked on

2018-05-31 13:53:24 - [TEST_STEP][PASSED] - delay: Delayed 1 second(s)

2018-05-31 13:53:25 - [MESSAGE][PASSED] - Delayed 1 second(s)

2018-05-31 13:53:25 - [TEST_STEP][PASSED] - selectOptionByIndex: All options with index in [3] are selected on object 'Object Repository/DispensaryToCms/Page_Dispensary Store/select_--Select--Schedule 1Inj'

2018-05-31 13:53:25 - [MESSAGE][PASSED] - All options with index in [3] are selected on object 'Object Repository/DispensaryToCms/Page_Dispensary Store/select_--Select--Schedule 1Inj'

2018-05-31 13:53:25 - [TEST_STEP][PASSED] - delay: Delayed 1 second(s)

2018-05-31 13:53:26 - [MESSAGE][PASSED] - Delayed 1 second(s)

2018-05-31 13:53:26 - [TEST_STEP][PASSED] - selectOptionByIndex: All options with index in [34] are selected on object 'Object Repository/DispensaryToCms/Page_Dispensary Store/select_--Select--Adernaline 0.'

2018-05-31 13:53:27 - [MESSAGE][PASSED] - All options with index in [34] are selected on object 'Object Repository/DispensaryToCms/Page_Dispensary Store/select_--Select--Adernaline 0.'

2018-05-31 13:53:27 - [TEST_STEP][PASSED] - setText: Text '100' is set on object 'Object Repository/DispensaryToCms/Page_Dispensary Store/input_txttreat'

2018-05-31 13:53:27 - [MESSAGE][PASSED] - Text '100' is set on object 'Object Repository/DispensaryToCms/Page_Dispensary Store/input_txttreat'

2018-05-31 13:53:27 - [TEST_STEP][PASSED] - click: Object: 'Object Repository/DispensaryToCms/Page_Dispensary Store/button_Add' is clicked on

2018-05-31 13:53:27 - [MESSAGE][PASSED] - Object: 'Object Repository/DispensaryToCms/Page_Dispensary Store/button_Add' is clicked on

2018-05-31 13:53:27 - [TEST_STEP][PASSED] - delay: Delayed 1 second(s)

2018-05-31 13:53:28 - [MESSAGE][PASSED] - Delayed 1 second(s)

2018-05-31 13:53:28 - [TEST_STEP][PASSED] - selectOptionByIndex: All options with index in [3] are selected on object 'Object Repository/DispensaryToCms/Page_Dispensary Store/select_--Select--Schedule 1Inj'

2018-05-31 13:53:28 - [MESSAGE][PASSED] - All options with index in [3] are selected on object 'Object Repository/DispensaryToCms/Page_Dispensary Store/select_--Select--Schedule 1Inj'

2018-05-31 13:53:28 - [TEST_STEP][PASSED] - delay: Delayed 1 second(s)

2018-05-31 13:53:29 - [MESSAGE][PASSED] - Delayed 1 second(s)

2018-05-31 13:53:29 - [TEST_STEP][PASSED] - selectOptionByIndex: All options with index in [35] are selected on object 'Object Repository/DispensaryToCms/Page_Dispensary Store/select_--Select--Adernaline 0.'

2018-05-31 13:53:30 - [MESSAGE][PASSED] - All options with index in [35] are selected on object 'Object Repository/DispensaryToCms/Page_Dispensary Store/select_--Select--Adernaline 0.'

2018-05-31 13:53:30 - [TEST_STEP][PASSED] - setText: Text '100' is set on object 'Object Repository/DispensaryToCms/Page_Dispensary Store/input_txttreat'

2018-05-31 13:53:30 - [MESSAGE][PASSED] - Text '100' is set on object 'Object Repository/DispensaryToCms/Page_Dispensary Store/input_txttreat'

2018-05-31 13:53:30 - [TEST_STEP][PASSED] - click: Object: 'Object Repository/DispensaryToCms/Page_Dispensary Store/button_Add' is clicked on

2018-05-31 13:53:30 - [MESSAGE][PASSED] - Object: 'Object Repository/DispensaryToCms/Page_Dispensary Store/button_Add' is clicked on

2018-05-31 13:53:30 - [TEST_STEP][PASSED] - delay: Delayed 1 second(s)

2018-05-31 13:53:31 - [MESSAGE][PASSED] - Delayed 1 second(s)

2018-05-31 13:53:31 - [TEST_STEP][PASSED] - selectOptionByIndex: All options with index in [3] are selected on object 'Object Repository/DispensaryToCms/Page_Dispensary Store/select_--Select--Schedule 1Inj'

2018-05-31 13:53:31 - [MESSAGE][PASSED] - All options with index in [3] are selected on object 'Object Repository/DispensaryToCms/Page_Dispensary Store/select_--Select--Schedule 1Inj'

2018-05-31 13:53:31 - [TEST_STEP][PASSED] - delay: Delayed 1 second(s)

2018-05-31 13:53:32 - [MESSAGE][PASSED] - Delayed 1 second(s)

2018-05-31 13:53:32 - [TEST_STEP][PASSED] - selectOptionByIndex: All options with index in [36] are selected on object 'Object Repository/DispensaryToCms/Page_Dispensary Store/select_--Select--Adernaline 0.'

2018-05-31 13:53:32 - [MESSAGE][PASSED] - All options with index in [36] are selected on object 'Object Repository/DispensaryToCms/Page_Dispensary Store/select_--Select--Adernaline 0.'

2018-05-31 13:53:32 - [TEST_STEP][PASSED] - setText: Text '100' is set on object 'Object Repository/DispensaryToCms/Page_Dispensary Store/input_txttreat'

2018-05-31 13:53:33 - [MESSAGE][PASSED] - Text '100' is set on object 'Object Repository/DispensaryToCms/Page_Dispensary Store/input_txttreat'

2018-05-31 13:53:33 - [TEST_STEP][PASSED] - click: Object: 'Object Repository/DispensaryToCms/Page_Dispensary Store/button_Add' is clicked on

2018-05-31 13:53:33 - [MESSAGE][PASSED] - Object: 'Object Repository/DispensaryToCms/Page_Dispensary Store/button_Add' is clicked on

2018-05-31 13:53:33 - [TEST_STEP][PASSED] - delay: Delayed 1 second(s)

2018-05-31 13:53:34 - [MESSAGE][PASSED] - Delayed 1 second(s)

2018-05-31 13:53:34 - [TEST_STEP][PASSED] - scrollToElement: Scroll to object 'Object Repository/DispensaryToCms/Page_Dispensary Store/input_btnsave' successfully

2018-05-31 13:53:34 - [MESSAGE][PASSED] - Scroll to object 'Object Repository/DispensaryToCms/Page_Dispensary Store/input_btnsave' successfully

2018-05-31 13:53:34 - [TEST_STEP][PASSED] - click: Object: 'Object Repository/DispensaryToCms/Page_Dispensary Store/input_btnsave' is clicked on

2018-05-31 13:53:34 - [MESSAGE][PASSED] - Object: 'Object Repository/DispensaryToCms/Page_Dispensary Store/input_btnsave' is clicked on

2018-05-31 13:53:34 - [TEST_STEP][PASSED] - delay: Delayed 3 second(s)

2018-05-31 13:53:37 - [MESSAGE][PASSED] - Delayed 3 second(s)

2018-05-31 13:53:37 - [TEST_STEP][PASSED] - Statement - RN1 = com.kms.katalon.core.webui.keyword.WebUiBuiltInKeywords.getText(com.kms.katalon.core.testobject.ObjectRepository.findTestObject(DispensaryToCms/Page_Dispensary Store/font_PRNO18052018174)): Text of object 'Object Repository/DispensaryToCms/Page_Dispensary Store/font_PRNO18052018174' is: 'PRNO/31052018/503'

2018-05-31 13:53:37 - [MESSAGE][PASSED] - Text of object 'Object Repository/DispensaryToCms/Page_Dispensary Store/font_PRNO18052018174' is: 'PRNO/31052018/503'

2018-05-31 13:53:37 - [TEST_STEP][PASSED] - Statement - out.println(RN1): null

2018-05-31 13:53:37 - [TEST_STEP][PASSED] - Statement - RID = RN1.split("/")[2]: null

2018-05-31 13:53:37 - [TEST_STEP][PASSED] - click: Object: 'Object Repository/DispensaryToCms/Page_Dispensary Store/button_OK' is clicked on

2018-05-31 13:53:37 - [MESSAGE][PASSED] - Object: 'Object Repository/DispensaryToCms/Page_Dispensary Store/button_OK' is clicked on

2018-05-31 13:53:37 - [TEST_STEP][PASSED] - delay: Delayed 3 second(s)

2018-05-31 13:53:40 - [MESSAGE][PASSED] - Delayed 3 second(s)

2018-05-31 13:53:40 - [TEST_STEP][PASSED] - waitForElementPresent: Object 'Object Repository/DispensaryToStore/Page_Dispensary Store/a_dropdown-toggle' is present

2018-05-31 13:53:40 - [MESSAGE][PASSED] - Object 'Object Repository/DispensaryToStore/Page_Dispensary Store/a_dropdown-toggle' is present

2018-05-31 13:53:40 - [TEST_STEP][PASSED] - click: Object: 'Object Repository/DispensaryToCms/Page_Dispensary Store/a_dropdown-toggle' is clicked on

2018-05-31 13:53:41 - [MESSAGE][PASSED] - Object: 'Object Repository/DispensaryToCms/Page_Dispensary Store/a_dropdown-toggle' is clicked on

2018-05-31 13:53:41 - [TEST_STEP][PASSED] - click: Object: 'Object Repository/DispensaryToCms/Page_Dispensary Store/a_Sign out' is clicked on

2018-05-31 13:53:41 - [MESSAGE][PASSED] - Object: 'Object Repository/DispensaryToCms/Page_Dispensary Store/a_Sign out' is clicked on

2018-05-31 13:53:41 - [TEST_STEP][PASSED] - delay: Delayed 3 second(s)

2018-05-31 13:53:44 - [MESSAGE][PASSED] - Delayed 3 second(s)

2018-05-31 13:53:44 - [TEST_STEP][PASSED] - navigateToUrl: Navigate to 'http://192.168.137.1/multihospital_new/' successfully

2018-05-31 13:53:45 - [MESSAGE][PASSED] - Navigate to 'http://192.168.137.1/multihospital_new/' successfully

2018-05-31 13:53:45 - [TEST_STEP][PASSED] - click: Object: 'Object Repository/DispensaryToCms/Page_KDMC/a_CMO' is clicked on

2018-05-31 13:53:46 - [MESSAGE][PASSED] - Object: 'Object Repository/DispensaryToCms/Page_KDMC/a_CMO' is clicked on

2018-05-31 13:53:46 - [TEST_STEP][PASSED] - setText: Text 'guru' is set on object 'Object Repository/DispensaryToCms/Page_CMO login/input_txtusername'

2018-05-31 13:53:46 - [MESSAGE][PASSED] - Text 'guru' is set on object 'Object Repository/DispensaryToCms/Page_CMO login/input_txtusername'

2018-05-31 13:53:46 - [TEST_STEP][PASSED] - setText: Text '123' is set on object 'Object Repository/DispensaryToCms/Page_CMO login/input_txtpassword'

2018-05-31 13:53:46 - [MESSAGE][PASSED] - Text '123' is set on object 'Object Repository/DispensaryToCms/Page_CMO login/input_txtpassword'

2018-05-31 13:53:46 - [TEST_STEP][PASSED] - delay: Delayed 3 second(s)

2018-05-31 13:53:49 - [MESSAGE][PASSED] - Delayed 3 second(s)

2018-05-31 13:53:49 - [TEST_STEP][PASSED] - click: Object: 'Object Repository/DispensaryToCms/Page_CMO login/button_Sign in' is clicked on

2018-05-31 13:53:50 - [MESSAGE][PASSED] - Object: 'Object Repository/DispensaryToCms/Page_CMO login/button_Sign in' is clicked on

2018-05-31 13:53:50 - [TEST_STEP][PASSED] - delay: Delayed 3 second(s)

2018-05-31 13:53:53 - [MESSAGE][PASSED] - Delayed 3 second(s)

2018-05-31 13:53:53 - [TEST_STEP][PASSED] - click: Object: 'Object Repository/DispensaryToCms/Page_KDMC - CMO/a_CMS Request' is clicked on

2018-05-31 13:53:53 - [MESSAGE][PASSED] - Object: 'Object Repository/DispensaryToCms/Page_KDMC - CMO/a_CMS Request' is clicked on

2018-05-31 13:53:53 - [TEST_STEP][PASSED] - delay: Delayed 2 second(s)

2018-05-31 13:53:55 - [MESSAGE][PASSED] - Delayed 2 second(s)

2018-05-31 13:53:55 - [TEST_STEP][PASSED] - click: Object: 'Object Repository/DispensaryToCms/Page_KDMC - CMO/a_Dispensary Store Request' is clicked on

2018-05-31 13:53:55 - [MESSAGE][PASSED] - Object: 'Object Repository/DispensaryToCms/Page_KDMC - CMO/a_Dispensary Store Request' is clicked on

2018-05-31 13:53:55 - [TEST_STEP][PASSED] - selectOptionByIndex: All options with index in [1] are selected on object 'Object Repository/DispensaryToCms/Page_KDMC - CMO/select_--ALL--'

2018-05-31 13:53:56 - [MESSAGE][PASSED] - All options with index in [1] are selected on object 'Object Repository/DispensaryToCms/Page_KDMC - CMO/select_--ALL--'

2018-05-31 13:53:56 - [TEST_STEP][PASSED] - click: Object: 'Object Repository/DispensaryToCms/Page_KDMC - CMO/input_btnsearch' is clicked on

2018-05-31 13:53:56 - [MESSAGE][PASSED] - Object: 'Object Repository/DispensaryToCms/Page_KDMC - CMO/input_btnsearch' is clicked on

2018-05-31 13:53:56 - [TEST_STEP][PASSED] - Statement - ID = com.kms.katalon.core.webui.keyword.WebUiBuiltInKeywords.modifyObjectProperty(com.kms.katalon.core.testobject.ObjectRepository.findTestObject(lab/Page_KDMC - CMO/input_1), "xpath", "equals", "//*[@id=" + RID + "]", true): Modify property of object successfully

2018-05-31 13:53:56 - [MESSAGE][PASSED] - Modify property of object successfully

2018-05-31 13:53:56 - [TEST_STEP][PASSED] - click: Object: 'Object Repository/lab/Page_KDMC - CMO/input_1' is clicked on

2018-05-31 13:53:56 - [MESSAGE][PASSED] - Object: 'Object Repository/lab/Page_KDMC - CMO/input_1' is clicked on

2018-05-31 13:53:56 - [TEST_STEP][PASSED] - delay: Delayed 2 second(s)

2018-05-31 13:53:58 - [MESSAGE][PASSED] - Delayed 2 second(s)

2018-05-31 13:53:58 - [TEST_STEP][PASSED] - selectOptionByIndex: All options with index in [1] are selected on object 'Object Repository/DispensaryToCms/Page_KDMC - CMO/select_--Select--'

2018-05-31 13:53:59 - [MESSAGE][PASSED] - All options with index in [1] are selected on object 'Object Repository/DispensaryToCms/Page_KDMC - CMO/select_--Select--'

2018-05-31 13:53:59 - [TEST_STEP][PASSED] - click: Object: 'Object Repository/DispensaryToCms/Page_KDMC - CMO/input_btnupdate' is clicked on

2018-05-31 13:53:59 - [MESSAGE][PASSED] - Object: 'Object Repository/DispensaryToCms/Page_KDMC - CMO/input_btnupdate' is clicked on

2018-05-31 13:53:59 - [TEST_STEP][PASSED] - delay: Delayed 2 second(s)

2018-05-31 13:54:01 - [MESSAGE][PASSED] - Delayed 2 second(s)

2018-05-31 13:54:01 - [TEST_STEP][PASSED] - click: Object: 'Object Repository/DispensaryToCms/Page_KDMC - CMO/button_OK' is clicked on

2018-05-31 13:54:01 - [MESSAGE][PASSED] - Object: 'Object Repository/DispensaryToCms/Page_KDMC - CMO/button_OK' is clicked on

2018-05-31 13:54:01 - [TEST_STEP][PASSED] - delay: Delayed 3 second(s)

2018-05-31 13:54:04 - [MESSAGE][PASSED] - Delayed 3 second(s)

2018-05-31 13:54:04 - [TEST_STEP][PASSED] - waitForElementPresent: Object 'Object Repository/DispensaryToStore/Page_Dispensary Store/a_dropdown-toggle' is not present after 20 second(s)

2018-05-31 13:54:25 - [MESSAGE][WARNING] - Object 'Object Repository/DispensaryToStore/Page_Dispensary Store/a_dropdown-toggle' is not present after 20 second(s)

2018-05-31 13:54:25 - [TEST_STEP][PASSED] - click: Object: 'Object Repository/DispensaryToCms/Page_KDMC - CMO/a_dropdown-toggle' is clicked on

2018-05-31 13:54:25 - [MESSAGE][PASSED] - Object: 'Object Repository/DispensaryToCms/Page_KDMC - CMO/a_dropdown-toggle' is clicked on

2018-05-31 13:54:25 - [TEST_STEP][PASSED] - click: Object: 'Object Repository/DispensaryToCms/Page_KDMC - CMO/a_Sign out' is clicked on

2018-05-31 13:54:26 - [MESSAGE][PASSED] - Object: 'Object Repository/DispensaryToCms/Page_KDMC - CMO/a_Sign out' is clicked on

2018-05-31 13:54:26 - [TEST_STEP][PASSED] - delay: Delayed 3 second(s)

2018-05-31 13:54:29 - [MESSAGE][PASSED] - Delayed 3 second(s)

2018-05-31 13:54:29 - [TEST_STEP][PASSED] - click: Object: 'Object Repository/DispensaryToCms/Page_KDMC/a_CMS' is clicked on

2018-05-31 13:54:29 - [MESSAGE][PASSED] - Object: 'Object Repository/DispensaryToCms/Page_KDMC/a_CMS' is clicked on

2018-05-31 13:54:29 - [TEST_STEP][PASSED] - setText: Text 'bala' is set on object 'Object Repository/DispensaryToCms/Page_CMS login/input_txtusername'

2018-05-31 13:54:29 - [MESSAGE][PASSED] - Text 'bala' is set on object 'Object Repository/DispensaryToCms/Page_CMS login/input_txtusername'

2018-05-31 13:54:29 - [TEST_STEP][PASSED] - setText: Text '123' is set on object 'Object Repository/DispensaryToCms/Page_CMS login/input_txtpassword'

2018-05-31 13:54:29 - [MESSAGE][PASSED] - Text '123' is set on object 'Object Repository/DispensaryToCms/Page_CMS login/input_txtpassword'

2018-05-31 13:54:29 - [TEST_STEP][PASSED] - delay: Delayed 3 second(s)

2018-05-31 13:54:32 - [MESSAGE][PASSED] - Delayed 3 second(s)

2018-05-31 13:54:32 - [TEST_STEP][PASSED] - click: Object: 'Object Repository/DispensaryToCms/Page_CMS login/button_Sign in' is clicked on

2018-05-31 13:54:33 - [MESSAGE][PASSED] - Object: 'Object Repository/DispensaryToCms/Page_CMS login/button_Sign in' is clicked on

2018-05-31 13:54:33 - [TEST_STEP][PASSED] - delay: Delayed 3 second(s)

2018-05-31 13:54:36 - [MESSAGE][PASSED] - Delayed 3 second(s)

2018-05-31 13:54:36 - [TEST_STEP][PASSED] - click: Object: 'Object Repository/DispensaryToCms/Page_KDMC - CMS/a_Divisional Store' is clicked on

2018-05-31 13:54:36 - [MESSAGE][PASSED] - Object: 'Object Repository/DispensaryToCms/Page_KDMC - CMS/a_Divisional Store' is clicked on

2018-05-31 13:54:36 - [TEST_STEP][PASSED] - delay: Delayed 2 second(s)

2018-05-31 13:54:38 - [MESSAGE][PASSED] - Delayed 2 second(s)

2018-05-31 13:54:38 - [TEST_STEP][PASSED] - click: Object: 'Object Repository/DispensaryToCms/Page_KDMC - CMS/a_Dispatch Items' is clicked on

2018-05-31 13:54:39 - [MESSAGE][PASSED] - Object: 'Object Repository/DispensaryToCms/Page_KDMC - CMS/a_Dispatch Items' is clicked on

2018-05-31 13:54:39 - [TEST_STEP][PASSED] - delay: Delayed 2 second(s)

2018-05-31 13:54:41 - [MESSAGE][PASSED] - Delayed 2 second(s)

2018-05-31 13:54:41 - [TEST_STEP][PASSED] - setText: Text 'PRNO/31052018/503' is set on object 'Object Repository/DispensaryToCms/Page_KDMC - CMS/input'

2018-05-31 13:54:41 - [MESSAGE][PASSED] - Text 'PRNO/31052018/503' is set on object 'Object Repository/DispensaryToCms/Page_KDMC - CMS/input'

2018-05-31 13:54:41 - [TEST_STEP][PASSED] - click: Object: 'Object Repository/DispensaryToCms/Page_KDMC - CMS/input_PRNO18052018174' is clicked on

2018-05-31 13:54:41 - [MESSAGE][PASSED] - Object: 'Object Repository/DispensaryToCms/Page_KDMC - CMS/input_PRNO18052018174' is clicked on

2018-05-31 13:54:41 - [TEST_STEP][PASSED] - delay: Delayed 3 second(s)

2018-05-31 13:54:44 - [MESSAGE][PASSED] - Delayed 3 second(s)

2018-05-31 13:54:44 - [TEST_STEP][PASSED] - Statement - out.println("Length : " + medicineslength): null

2018-05-31 13:54:44 - [TEST_STEP][PASSED] - Statement - For ([row = 0, row < medicineslength - 1, (row++)]): null

2018-05-31 13:54:44 - [TEST_STEP][PASSED] - Statement - batchlength = new com.kms.katalon.core.testobject.TestObject(): null

2018-05-31 13:54:44 - [TEST_STEP][PASSED] - Statement - batchlength = com.kms.katalon.core.webui.keyword.WebUiBuiltInKeywords.modifyObjectProperty(batchlength, "xpath", "equals", "//*[@id = "fldvendor" + row + ""]", true): Modify property of object successfully

2018-05-31 13:54:44 - [MESSAGE][PASSED] - Modify property of object successfully

2018-05-31 13:54:44 - [TEST_STEP][PASSED] - Statement - batchsize = com.kms.katalon.core.webui.keyword.WebUiBuiltInKeywords.getNumberOfTotalOption(batchlength): 9 options of object '' counted

2018-05-31 13:54:44 - [MESSAGE][PASSED] - 9 options of object '' counted

2018-05-31 13:54:44 - [TEST_STEP][PASSED] - Statement - out.println("BatchSize : " + batchsize): null

2018-05-31 13:54:44 - [TEST_STEP][PASSED] - Statement - For ([n = 1, n <= batchsize - 1, (n++)]): null

2018-05-31 13:54:44 - [TEST_STEP][PASSED] - Statement - product = new com.kms.katalon.core.testobject.TestObject(): null

2018-05-31 13:54:44 - [TEST_STEP][PASSED] - Statement - product = com.kms.katalon.core.webui.keyword.WebUiBuiltInKeywords.modifyObjectProperty(product, "xpath", "equals", "//*[@id = "fldvendor" + row + ""]", true): Modify property of object successfully

2018-05-31 13:54:44 - [MESSAGE][PASSED] - Modify property of object successfully

2018-05-31 13:54:44 - [TEST_STEP][PASSED] - selectOptionByIndex: All options with index in [1] are selected on object ''

2018-05-31 13:54:45 - [MESSAGE][PASSED] - All options with index in [1] are selected on object ''

2018-05-31 13:54:45 - [TEST_STEP][PASSED] - delay: Delayed 2 second(s)

2018-05-31 13:54:47 - [MESSAGE][PASSED] - Delayed 2 second(s)

2018-05-31 13:54:47 - [TEST_STEP][PASSED] - Statement - batch = new com.kms.katalon.core.testobject.TestObject(): null

2018-05-31 13:54:47 - [TEST_STEP][PASSED] - Statement - batch = com.kms.katalon.core.webui.keyword.WebUiBuiltInKeywords.modifyObjectProperty(batch, "xpath", "equals", "//*[@id = "txtbthqty" + row + ""]", true): Modify property of object successfully

2018-05-31 13:54:47 - [MESSAGE][PASSED] - Modify property of object successfully

2018-05-31 13:54:47 - [TEST_STEP][PASSED] - Statement - batchqty = com.kms.katalon.core.webui.keyword.WebUiBuiltInKeywords.getAttribute(batch, "value").trim(): Attribute 'value' of object '' is: '4700'

2018-05-31 13:54:47 - [MESSAGE][PASSED] - Attribute 'value' of object '' is: '4700'

2018-05-31 13:54:47 - [TEST_STEP][PASSED] - Statement - Rqty = 100: null

2018-05-31 13:54:47 - [TEST_STEP][PASSED] - Statement - out.println("BatchQty : " + batchqty): null

2018-05-31 13:54:47 - [TEST_STEP][PASSED] - Statement - out.println("RQty : " + Rqty): null

2018-05-31 13:54:47 - [TEST_STEP][PASSED] - Statement - If (java.lang.Integer.valueOf(batchqty) >= java.lang.Integer.valueOf(Rqty)): null

2018-05-31 13:54:47 - [TEST_STEP][PASSED] - Statement - Break: null

2018-05-31 13:54:47 - [TEST_STEP][PASSED] - Statement - batchlength = new com.kms.katalon.core.testobject.TestObject(): null

2018-05-31 13:54:47 - [TEST_STEP][PASSED] - Statement - batchlength = com.kms.katalon.core.webui.keyword.WebUiBuiltInKeywords.modifyObjectProperty(batchlength, "xpath", "equals", "//*[@id = "fldvendor" + row + ""]", true): Modify property of object successfully

2018-05-31 13:54:47 - [MESSAGE][PASSED] - Modify property of object successfully

2018-05-31 13:54:47 - [TEST_STEP][PASSED] - Statement - batchsize = com.kms.katalon.core.webui.keyword.WebUiBuiltInKeywords.getNumberOfTotalOption(batchlength): 9 options of object '' counted

2018-05-31 13:54:47 - [MESSAGE][PASSED] - 9 options of object '' counted

2018-05-31 13:54:47 - [TEST_STEP][PASSED] - Statement - out.println("BatchSize : " + batchsize): null

2018-05-31 13:54:47 - [TEST_STEP][PASSED] - Statement - For ([n = 1, n <= batchsize - 1, (n++)]): null

2018-05-31 13:54:47 - [TEST_STEP][PASSED] - Statement - product = new com.kms.katalon.core.testobject.TestObject(): null

2018-05-31 13:54:47 - [TEST_STEP][PASSED] - Statement - product = com.kms.katalon.core.webui.keyword.WebUiBuiltInKeywords.modifyObjectProperty(product, "xpath", "equals", "//*[@id = "fldvendor" + row + ""]", true): Modify property of object successfully

2018-05-31 13:54:47 - [MESSAGE][PASSED] - Modify property of object successfully

2018-05-31 13:54:47 - [TEST_STEP][PASSED] - selectOptionByIndex: All options with index in [1] are selected on object ''

2018-05-31 13:54:47 - [MESSAGE][PASSED] - All options with index in [1] are selected on object ''

2018-05-31 13:54:47 - [TEST_STEP][PASSED] - delay: Delayed 2 second(s)

2018-05-31 13:54:49 - [MESSAGE][PASSED] - Delayed 2 second(s)

2018-05-31 13:54:49 - [TEST_STEP][PASSED] - Statement - batch = new com.kms.katalon.core.testobject.TestObject(): null

2018-05-31 13:54:49 - [TEST_STEP][PASSED] - Statement - batch = com.kms.katalon.core.webui.keyword.WebUiBuiltInKeywords.modifyObjectProperty(batch, "xpath", "equals", "//*[@id = "txtbthqty" + row + ""]", true): Modify property of object successfully

2018-05-31 13:54:49 - [MESSAGE][PASSED] - Modify property of object successfully

2018-05-31 13:54:49 - [TEST_STEP][PASSED] - Statement - batchqty = com.kms.katalon.core.webui.keyword.WebUiBuiltInKeywords.getAttribute(batch, "value").trim(): Attribute 'value' of object '' is: '4900'

2018-05-31 13:54:49 - [MESSAGE][PASSED] - Attribute 'value' of object '' is: '4900'

2018-05-31 13:54:49 - [TEST_STEP][PASSED] - Statement - Rqty = 100: null

2018-05-31 13:54:49 - [TEST_STEP][PASSED] - Statement - out.println("BatchQty : " + batchqty): null

2018-05-31 13:54:49 - [TEST_STEP][PASSED] - Statement - out.println("RQty : " + Rqty): null

2018-05-31 13:54:49 - [TEST_STEP][PASSED] - Statement - If (java.lang.Integer.valueOf(batchqty) >= java.lang.Integer.valueOf(Rqty)): null

2018-05-31 13:54:49 - [TEST_STEP][PASSED] - Statement - Break: null

2018-05-31 13:54:49 - [TEST_STEP][PASSED] - Statement - batchlength = new com.kms.katalon.core.testobject.TestObject(): null

2018-05-31 13:54:49 - [TEST_STEP][PASSED] - Statement - batchlength = com.kms.katalon.core.webui.keyword.WebUiBuiltInKeywords.modifyObjectProperty(batchlength, "xpath", "equals", "//*[@id = "fldvendor" + row + ""]", true): Modify property of object successfully

2018-05-31 13:54:49 - [MESSAGE][PASSED] - Modify property of object successfully

2018-05-31 13:54:49 - [TEST_STEP][PASSED] - Statement - batchsize = com.kms.katalon.core.webui.keyword.WebUiBuiltInKeywords.getNumberOfTotalOption(batchlength): 9 options of object '' counted

2018-05-31 13:54:49 - [MESSAGE][PASSED] - 9 options of object '' counted

2018-05-31 13:54:49 - [TEST_STEP][PASSED] - Statement - out.println("BatchSize : " + batchsize): null

2018-05-31 13:54:49 - [TEST_STEP][PASSED] - Statement - For ([n = 1, n <= batchsize - 1, (n++)]): null

2018-05-31 13:54:49 - [TEST_STEP][PASSED] - Statement - product = new com.kms.katalon.core.testobject.TestObject(): null

2018-05-31 13:54:49 - [TEST_STEP][PASSED] - Statement - product = com.kms.katalon.core.webui.keyword.WebUiBuiltInKeywords.modifyObjectProperty(product, "xpath", "equals", "//*[@id = "fldvendor" + row + ""]", true): Modify property of object successfully

2018-05-31 13:54:49 - [MESSAGE][PASSED] - Modify property of object successfully

2018-05-31 13:54:49 - [TEST_STEP][PASSED] - selectOptionByIndex: All options with index in [1] are selected on object ''

2018-05-31 13:54:49 - [MESSAGE][PASSED] - All options with index in [1] are selected on object ''

2018-05-31 13:54:49 - [TEST_STEP][PASSED] - delay: Delayed 2 second(s)

2018-05-31 13:54:51 - [MESSAGE][PASSED] - Delayed 2 second(s)

2018-05-31 13:54:51 - [TEST_STEP][PASSED] - Statement - batch = new com.kms.katalon.core.testobject.TestObject(): null

2018-05-31 13:54:51 - [TEST_STEP][PASSED] - Statement - batch = com.kms.katalon.core.webui.keyword.WebUiBuiltInKeywords.modifyObjectProperty(batch, "xpath", "equals", "//*[@id = "txtbthqty" + row + ""]", true): Modify property of object successfully

2018-05-31 13:54:51 - [MESSAGE][PASSED] - Modify property of object successfully

2018-05-31 13:54:51 - [TEST_STEP][PASSED] - Statement - batchqty = com.kms.katalon.core.webui.keyword.WebUiBuiltInKeywords.getAttribute(batch, "value").trim(): Attribute 'value' of object '' is: '35700'

2018-05-31 13:54:51 - [MESSAGE][PASSED] - Attribute 'value' of object '' is: '35700'

2018-05-31 13:54:51 - [TEST_STEP][PASSED] - Statement - Rqty = 100: null

2018-05-31 13:54:51 - [TEST_STEP][PASSED] - Statement - out.println("BatchQty : " + batchqty): null

2018-05-31 13:54:51 - [TEST_STEP][PASSED] - Statement - out.println("RQty : " + Rqty): null

2018-05-31 13:54:51 - [TEST_STEP][PASSED] - Statement - If (java.lang.Integer.valueOf(batchqty) >= java.lang.Integer.valueOf(Rqty)): null

2018-05-31 13:54:51 - [TEST_STEP][PASSED] - Statement - Break: null

2018-05-31 13:54:51 - [TEST_STEP][PASSED] - Statement - batchlength = new com.kms.katalon.core.testobject.TestObject(): null

2018-05-31 13:54:51 - [TEST_STEP][PASSED] - Statement - batchlength = com.kms.katalon.core.webui.keyword.WebUiBuiltInKeywords.modifyObjectProperty(batchlength, "xpath", "equals", "//*[@id = "fldvendor" + row + ""]", true): Modify property of object successfully

2018-05-31 13:54:51 - [MESSAGE][PASSED] - Modify property of object successfully

2018-05-31 13:54:51 - [TEST_STEP][PASSED] - Statement - batchsize = com.kms.katalon.core.webui.keyword.WebUiBuiltInKeywords.getNumberOfTotalOption(batchlength): 9 options of object '' counted

2018-05-31 13:54:51 - [MESSAGE][PASSED] - 9 options of object '' counted

2018-05-31 13:54:51 - [TEST_STEP][PASSED] - Statement - out.println("BatchSize : " + batchsize): null

2018-05-31 13:54:51 - [TEST_STEP][PASSED] - Statement - For ([n = 1, n <= batchsize - 1, (n++)]): null

2018-05-31 13:54:51 - [TEST_STEP][PASSED] - Statement - product = new com.kms.katalon.core.testobject.TestObject(): null

2018-05-31 13:54:51 - [TEST_STEP][PASSED] - Statement - product = com.kms.katalon.core.webui.keyword.WebUiBuiltInKeywords.modifyObjectProperty(product, "xpath", "equals", "//*[@id = "fldvendor" + row + ""]", true): Modify property of object successfully

2018-05-31 13:54:51 - [MESSAGE][PASSED] - Modify property of object successfully

2018-05-31 13:54:51 - [TEST_STEP][PASSED] - selectOptionByIndex: All options with index in [1] are selected on object ''

2018-05-31 13:54:51 - [MESSAGE][PASSED] - All options with index in [1] are selected on object ''

2018-05-31 13:54:51 - [TEST_STEP][PASSED] - delay: Delayed 2 second(s)

2018-05-31 13:54:53 - [MESSAGE][PASSED] - Delayed 2 second(s)

2018-05-31 13:54:53 - [TEST_STEP][PASSED] - Statement - batch = new com.kms.katalon.core.testobject.TestObject(): null

2018-05-31 13:54:53 - [TEST_STEP][PASSED] - Statement - batch = com.kms.katalon.core.webui.keyword.WebUiBuiltInKeywords.modifyObjectProperty(batch, "xpath", "equals", "//*[@id = "txtbthqty" + row + ""]", true): Modify property of object successfully

2018-05-31 13:54:53 - [MESSAGE][PASSED] - Modify property of object successfully

2018-05-31 13:54:53 - [TEST_STEP][PASSED] - Statement - batchqty = com.kms.katalon.core.webui.keyword.WebUiBuiltInKeywords.getAttribute(batch, "value").trim(): Attribute 'value' of object '' is: '4900'

2018-05-31 13:54:53 - [MESSAGE][PASSED] - Attribute 'value' of object '' is: '4900'

2018-05-31 13:54:53 - [TEST_STEP][PASSED] - Statement - Rqty = 100: null

2018-05-31 13:54:53 - [TEST_STEP][PASSED] - Statement - out.println("BatchQty : " + batchqty): null

2018-05-31 13:54:53 - [TEST_STEP][PASSED] - Statement - out.println("RQty : " + Rqty): null

2018-05-31 13:54:53 - [TEST_STEP][PASSED] - Statement - If (java.lang.Integer.valueOf(batchqty) >= java.lang.Integer.valueOf(Rqty)): null

2018-05-31 13:54:53 - [TEST_STEP][PASSED] - Statement - Break: null

2018-05-31 13:54:53 - [TEST_STEP][PASSED] - Statement - batchlength = new com.kms.katalon.core.testobject.TestObject(): null

2018-05-31 13:54:53 - [TEST_STEP][PASSED] - Statement - batchlength = com.kms.katalon.core.webui.keyword.WebUiBuiltInKeywords.modifyObjectProperty(batchlength, "xpath", "equals", "//*[@id = "fldvendor" + row + ""]", true): Modify property of object successfully

2018-05-31 13:54:53 - [MESSAGE][PASSED] - Modify property of object successfully

2018-05-31 13:54:53 - [TEST_STEP][PASSED] - Statement - batchsize = com.kms.katalon.core.webui.keyword.WebUiBuiltInKeywords.getNumberOfTotalOption(batchlength): 9 options of object '' counted

2018-05-31 13:54:53 - [MESSAGE][PASSED] - 9 options of object '' counted

2018-05-31 13:54:53 - [TEST_STEP][PASSED] - Statement - out.println("BatchSize : " + batchsize): null

2018-05-31 13:54:53 - [TEST_STEP][PASSED] - Statement - For ([n = 1, n <= batchsize - 1, (n++)]): null

2018-05-31 13:54:53 - [TEST_STEP][PASSED] - Statement - product = new com.kms.katalon.core.testobject.TestObject(): null

2018-05-31 13:54:53 - [TEST_STEP][PASSED] - Statement - product = com.kms.katalon.core.webui.keyword.WebUiBuiltInKeywords.modifyObjectProperty(product, "xpath", "equals", "//*[@id = "fldvendor" + row + ""]", true): Modify property of object successfully

2018-05-31 13:54:53 - [MESSAGE][PASSED] - Modify property of object successfully

2018-05-31 13:54:53 - [TEST_STEP][PASSED] - selectOptionByIndex: All options with index in [1] are selected on object ''

2018-05-31 13:54:54 - [MESSAGE][PASSED] - All options with index in [1] are selected on object ''

2018-05-31 13:54:54 - [TEST_STEP][PASSED] - delay: Delayed 2 second(s)

2018-05-31 13:54:56 - [MESSAGE][PASSED] - Delayed 2 second(s)

2018-05-31 13:54:56 - [TEST_STEP][PASSED] - Statement - batch = new com.kms.katalon.core.testobject.TestObject(): null

2018-05-31 13:54:56 - [TEST_STEP][PASSED] - Statement - batch = com.kms.katalon.core.webui.keyword.WebUiBuiltInKeywords.modifyObjectProperty(batch, "xpath", "equals", "//*[@id = "txtbthqty" + row + ""]", true): Modify property of object successfully

2018-05-31 13:54:56 - [MESSAGE][PASSED] - Modify property of object successfully

2018-05-31 13:54:56 - [TEST_STEP][PASSED] - Statement - batchqty = com.kms.katalon.core.webui.keyword.WebUiBuiltInKeywords.getAttribute(batch, "value").trim(): Attribute 'value' of object '' is: '37700'

2018-05-31 13:54:56 - [MESSAGE][PASSED] - Attribute 'value' of object '' is: '37700'

2018-05-31 13:54:56 - [TEST_STEP][PASSED] - Statement - Rqty = 100: null

2018-05-31 13:54:56 - [TEST_STEP][PASSED] - Statement - out.println("BatchQty : " + batchqty): null

2018-05-31 13:54:56 - [TEST_STEP][PASSED] - Statement - out.println("RQty : " + Rqty): null

2018-05-31 13:54:56 - [TEST_STEP][PASSED] - Statement - If (java.lang.Integer.valueOf(batchqty) >= java.lang.Integer.valueOf(Rqty)): null

2018-05-31 13:54:56 - [TEST_STEP][PASSED] - Statement - Break: null

2018-05-31 13:54:56 - [TEST_STEP][PASSED] - Statement - batchlength = new com.kms.katalon.core.testobject.TestObject(): null

2018-05-31 13:54:56 - [TEST_STEP][PASSED] - Statement - batchlength = com.kms.katalon.core.webui.keyword.WebUiBuiltInKeywords.modifyObjectProperty(batchlength, "xpath", "equals", "//*[@id = "fldvendor" + row + ""]", true): Modify property of object successfully

2018-05-31 13:54:56 - [MESSAGE][PASSED] - Modify property of object successfully

2018-05-31 13:54:56 - [TEST_STEP][PASSED] - Statement - batchsize = com.kms.katalon.core.webui.keyword.WebUiBuiltInKeywords.getNumberOfTotalOption(batchlength): 9 options of object '' counted

2018-05-31 13:54:56 - [MESSAGE][PASSED] - 9 options of object '' counted

2018-05-31 13:54:56 - [TEST_STEP][PASSED] - Statement - out.println("BatchSize : " + batchsize): null

2018-05-31 13:54:56 - [TEST_STEP][PASSED] - Statement - For ([n = 1, n <= batchsize - 1, (n++)]): null

2018-05-31 13:54:56 - [TEST_STEP][PASSED] - Statement - product = new com.kms.katalon.core.testobject.TestObject(): null

2018-05-31 13:54:56 - [TEST_STEP][PASSED] - Statement - product = com.kms.katalon.core.webui.keyword.WebUiBuiltInKeywords.modifyObjectProperty(product, "xpath", "equals", "//*[@id = "fldvendor" + row + ""]", true): Modify property of object successfully

2018-05-31 13:54:56 - [MESSAGE][PASSED] - Modify property of object successfully

2018-05-31 13:54:56 - [TEST_STEP][PASSED] - selectOptionByIndex: All options with index in [1] are selected on object ''

2018-05-31 13:54:56 - [MESSAGE][PASSED] - All options with index in [1] are selected on object ''

2018-05-31 13:54:56 - [TEST_STEP][PASSED] - delay: Delayed 2 second(s)

2018-05-31 13:54:58 - [MESSAGE][PASSED] - Delayed 2 second(s)

2018-05-31 13:54:58 - [TEST_STEP][PASSED] - Statement - batch = new com.kms.katalon.core.testobject.TestObject(): null

2018-05-31 13:54:58 - [TEST_STEP][PASSED] - Statement - batch = com.kms.katalon.core.webui.keyword.WebUiBuiltInKeywords.modifyObjectProperty(batch, "xpath", "equals", "//*[@id = "txtbthqty" + row + ""]", true): Modify property of object successfully

2018-05-31 13:54:58 - [MESSAGE][PASSED] - Modify property of object successfully

2018-05-31 13:54:58 - [TEST_STEP][PASSED] - Statement - batchqty = com.kms.katalon.core.webui.keyword.WebUiBuiltInKeywords.getAttribute(batch, "value").trim(): Attribute 'value' of object '' is: '3800'

2018-05-31 13:54:58 - [MESSAGE][PASSED] - Attribute 'value' of object '' is: '3800'

2018-05-31 13:54:58 - [TEST_STEP][PASSED] - Statement - Rqty = 100: null

2018-05-31 13:54:58 - [TEST_STEP][PASSED] - Statement - out.println("BatchQty : " + batchqty): null

2018-05-31 13:54:58 - [TEST_STEP][PASSED] - Statement - out.println("RQty : " + Rqty): null

2018-05-31 13:54:58 - [TEST_STEP][PASSED] - Statement - If (java.lang.Integer.valueOf(batchqty) >= java.lang.Integer.valueOf(Rqty)): null

2018-05-31 13:54:58 - [TEST_STEP][PASSED] - Statement - Break: null

2018-05-31 13:54:58 - [TEST_STEP][PASSED] - Statement - batchlength = new com.kms.katalon.core.testobject.TestObject(): null

2018-05-31 13:54:58 - [TEST_STEP][PASSED] - Statement - batchlength = com.kms.katalon.core.webui.keyword.WebUiBuiltInKeywords.modifyObjectProperty(batchlength, "xpath", "equals", "//*[@id = "fldvendor" + row + ""]", true): Modify property of object successfully

2018-05-31 13:54:58 - [MESSAGE][PASSED] - Modify property of object successfully

2018-05-31 13:54:58 - [TEST_STEP][PASSED] - Statement - batchsize = com.kms.katalon.core.webui.keyword.WebUiBuiltInKeywords.getNumberOfTotalOption(batchlength): 9 options of object '' counted

2018-05-31 13:54:58 - [MESSAGE][PASSED] - 9 options of object '' counted

2018-05-31 13:54:58 - [TEST_STEP][PASSED] - Statement - out.println("BatchSize : " + batchsize): null

2018-05-31 13:54:58 - [TEST_STEP][PASSED] - Statement - For ([n = 1, n <= batchsize - 1, (n++)]): null

2018-05-31 13:54:58 - [TEST_STEP][PASSED] - Statement - product = new com.kms.katalon.core.testobject.TestObject(): null

2018-05-31 13:54:58 - [TEST_STEP][PASSED] - Statement - product = com.kms.katalon.core.webui.keyword.WebUiBuiltInKeywords.modifyObjectProperty(product, "xpath", "equals", "//*[@id = "fldvendor" + row + ""]", true): Modify property of object successfully

2018-05-31 13:54:58 - [MESSAGE][PASSED] - Modify property of object successfully

2018-05-31 13:54:58 - [TEST_STEP][PASSED] - selectOptionByIndex: All options with index in [1] are selected on object ''

2018-05-31 13:54:58 - [MESSAGE][PASSED] - All options with index in [1] are selected on object ''

2018-05-31 13:54:58 - [TEST_STEP][PASSED] - delay: Delayed 2 second(s)

2018-05-31 13:55:00 - [MESSAGE][PASSED] - Delayed 2 second(s)

2018-05-31 13:55:00 - [TEST_STEP][PASSED] - Statement - batch = new com.kms.katalon.core.testobject.TestObject(): null

2018-05-31 13:55:00 - [TEST_STEP][PASSED] - Statement - batch = com.kms.katalon.core.webui.keyword.WebUiBuiltInKeywords.modifyObjectProperty(batch, "xpath", "equals", "//*[@id = "txtbthqty" + row + ""]", true): Modify property of object successfully

2018-05-31 13:55:00 - [MESSAGE][PASSED] - Modify property of object successfully

2018-05-31 13:55:00 - [TEST_STEP][PASSED] - Statement - batchqty = com.kms.katalon.core.webui.keyword.WebUiBuiltInKeywords.getAttribute(batch, "value").trim(): Attribute 'value' of object '' is: '2800'

2018-05-31 13:55:00 - [MESSAGE][PASSED] - Attribute 'value' of object '' is: '2800'

2018-05-31 13:55:00 - [TEST_STEP][PASSED] - Statement - Rqty = 100: null

2018-05-31 13:55:00 - [TEST_STEP][PASSED] - Statement - out.println("BatchQty : " + batchqty): null

2018-05-31 13:55:00 - [TEST_STEP][PASSED] - Statement - out.println("RQty : " + Rqty): null

2018-05-31 13:55:00 - [TEST_STEP][PASSED] - Statement - If (java.lang.Integer.valueOf(batchqty) >= java.lang.Integer.valueOf(Rqty)): null

2018-05-31 13:55:00 - [TEST_STEP][PASSED] - Statement - Break: null

2018-05-31 13:55:00 - [TEST_STEP][PASSED] - Statement - batchlength = new com.kms.katalon.core.testobject.TestObject(): null

2018-05-31 13:55:00 - [TEST_STEP][PASSED] - Statement - batchlength = com.kms.katalon.core.webui.keyword.WebUiBuiltInKeywords.modifyObjectProperty(batchlength, "xpath", "equals", "//*[@id = "fldvendor" + row + ""]", true): Modify property of object successfully

2018-05-31 13:55:00 - [MESSAGE][PASSED] - Modify property of object successfully

2018-05-31 13:55:00 - [TEST_STEP][PASSED] - Statement - batchsize = com.kms.katalon.core.webui.keyword.WebUiBuiltInKeywords.getNumberOfTotalOption(batchlength): 9 options of object '' counted

2018-05-31 13:55:00 - [MESSAGE][PASSED] - 9 options of object '' counted

2018-05-31 13:55:00 - [TEST_STEP][PASSED] - Statement - out.println("BatchSize : " + batchsize): null

2018-05-31 13:55:00 - [TEST_STEP][PASSED] - Statement - For ([n = 1, n <= batchsize - 1, (n++)]): null

2018-05-31 13:55:00 - [TEST_STEP][PASSED] - Statement - product = new com.kms.katalon.core.testobject.TestObject(): null

2018-05-31 13:55:00 - [TEST_STEP][PASSED] - Statement - product = com.kms.katalon.core.webui.keyword.WebUiBuiltInKeywords.modifyObjectProperty(product, "xpath", "equals", "//*[@id = "fldvendor" + row + ""]", true): Modify property of object successfully

2018-05-31 13:55:00 - [MESSAGE][PASSED] - Modify property of object successfully

2018-05-31 13:55:00 - [TEST_STEP][PASSED] - selectOptionByIndex: All options with index in [1] are selected on object ''

2018-05-31 13:55:00 - [MESSAGE][PASSED] - All options with index in [1] are selected on object ''

2018-05-31 13:55:00 - [TEST_STEP][PASSED] - delay: Delayed 2 second(s)

2018-05-31 13:55:02 - [MESSAGE][PASSED] - Delayed 2 second(s)

2018-05-31 13:55:02 - [TEST_STEP][PASSED] - Statement - batch = new com.kms.katalon.core.testobject.TestObject(): null

2018-05-31 13:55:02 - [TEST_STEP][PASSED] - Statement - batch = com.kms.katalon.core.webui.keyword.WebUiBuiltInKeywords.modifyObjectProperty(batch, "xpath", "equals", "//*[@id = "txtbthqty" + row + ""]", true): Modify property of object successfully

2018-05-31 13:55:02 - [MESSAGE][PASSED] - Modify property of object successfully

2018-05-31 13:55:02 - [TEST_STEP][PASSED] - Statement - batchqty = com.kms.katalon.core.webui.keyword.WebUiBuiltInKeywords.getAttribute(batch, "value").trim(): Attribute 'value' of object '' is: '37700'

2018-05-31 13:55:02 - [MESSAGE][PASSED] - Attribute 'value' of object '' is: '37700'

2018-05-31 13:55:02 - [TEST_STEP][PASSED] - Statement - Rqty = 100: null

2018-05-31 13:55:02 - [TEST_STEP][PASSED] - Statement - out.println("BatchQty : " + batchqty): null

2018-05-31 13:55:02 - [TEST_STEP][PASSED] - Statement - out.println("RQty : " + Rqty): null

2018-05-31 13:55:02 - [TEST_STEP][PASSED] - Statement - If (java.lang.Integer.valueOf(batchqty) >= java.lang.Integer.valueOf(Rqty)): null

2018-05-31 13:55:02 - [TEST_STEP][PASSED] - Statement - Break: null

2018-05-31 13:55:02 - [TEST_STEP][PASSED] - Statement - batchlength = new com.kms.katalon.core.testobject.TestObject(): null

2018-05-31 13:55:02 - [TEST_STEP][PASSED] - Statement - batchlength = com.kms.katalon.core.webui.keyword.WebUiBuiltInKeywords.modifyObjectProperty(batchlength, "xpath", "equals", "//*[@id = "fldvendor" + row + ""]", true): Modify property of object successfully

2018-05-31 13:55:02 - [MESSAGE][PASSED] - Modify property of object successfully

2018-05-31 13:55:02 - [TEST_STEP][PASSED] - Statement - batchsize = com.kms.katalon.core.webui.keyword.WebUiBuiltInKeywords.getNumberOfTotalOption(batchlength): 9 options of object '' counted

2018-05-31 13:55:02 - [MESSAGE][PASSED] - 9 options of object '' counted

2018-05-31 13:55:02 - [TEST_STEP][PASSED] - Statement - out.println("BatchSize : " + batchsize): null

2018-05-31 13:55:02 - [TEST_STEP][PASSED] - Statement - For ([n = 1, n <= batchsize - 1, (n++)]): null

2018-05-31 13:55:02 - [TEST_STEP][PASSED] - Statement - product = new com.kms.katalon.core.testobject.TestObject(): null

2018-05-31 13:55:02 - [TEST_STEP][PASSED] - Statement - product = com.kms.katalon.core.webui.keyword.WebUiBuiltInKeywords.modifyObjectProperty(product, "xpath", "equals", "//*[@id = "fldvendor" + row + ""]", true): Modify property of object successfully

2018-05-31 13:55:02 - [MESSAGE][PASSED] - Modify property of object successfully

2018-05-31 13:55:02 - [TEST_STEP][PASSED] - selectOptionByIndex: All options with index in [1] are selected on object ''

2018-05-31 13:55:03 - [MESSAGE][PASSED] - All options with index in [1] are selected on object ''

2018-05-31 13:55:03 - [TEST_STEP][PASSED] - delay: Delayed 2 second(s)

2018-05-31 13:55:05 - [MESSAGE][PASSED] - Delayed 2 second(s)

2018-05-31 13:55:05 - [TEST_STEP][PASSED] - Statement - batch = new com.kms.katalon.core.testobject.TestObject(): null

2018-05-31 13:55:05 - [TEST_STEP][PASSED] - Statement - batch = com.kms.katalon.core.webui.keyword.WebUiBuiltInKeywords.modifyObjectProperty(batch, "xpath", "equals", "//*[@id = "txtbthqty" + row + ""]", true): Modify property of object successfully

2018-05-31 13:55:05 - [MESSAGE][PASSED] - Modify property of object successfully

2018-05-31 13:55:05 - [TEST_STEP][PASSED] - Statement - batchqty = com.kms.katalon.core.webui.keyword.WebUiBuiltInKeywords.getAttribute(batch, "value").trim(): Attribute 'value' of object '' is: '3800'

2018-05-31 13:55:05 - [MESSAGE][PASSED] - Attribute 'value' of object '' is: '3800'

2018-05-31 13:55:05 - [TEST_STEP][PASSED] - Statement - Rqty = 100: null

2018-05-31 13:55:05 - [TEST_STEP][PASSED] - Statement - out.println("BatchQty : " + batchqty): null

2018-05-31 13:55:05 - [TEST_STEP][PASSED] - Statement - out.println("RQty : " + Rqty): null

2018-05-31 13:55:05 - [TEST_STEP][PASSED] - Statement - If (java.lang.Integer.valueOf(batchqty) >= java.lang.Integer.valueOf(Rqty)): null

2018-05-31 13:55:05 - [TEST_STEP][PASSED] - Statement - Break: null

2018-05-31 13:55:05 - [TEST_STEP][PASSED] - Statement - batchlength = new com.kms.katalon.core.testobject.TestObject(): null

2018-05-31 13:55:05 - [TEST_STEP][PASSED] - Statement - batchlength = com.kms.katalon.core.webui.keyword.WebUiBuiltInKeywords.modifyObjectProperty(batchlength, "xpath", "equals", "//*[@id = "fldvendor" + row + ""]", true): Modify property of object successfully

2018-05-31 13:55:05 - [MESSAGE][PASSED] - Modify property of object successfully

2018-05-31 13:55:05 - [TEST_STEP][PASSED] - Statement - batchsize = com.kms.katalon.core.webui.keyword.WebUiBuiltInKeywords.getNumberOfTotalOption(batchlength): 9 options of object '' counted

2018-05-31 13:55:05 - [MESSAGE][PASSED] - 9 options of object '' counted

2018-05-31 13:55:05 - [TEST_STEP][PASSED] - Statement - out.println("BatchSize : " + batchsize): null

2018-05-31 13:55:05 - [TEST_STEP][PASSED] - Statement - For ([n = 1, n <= batchsize - 1, (n++)]): null

2018-05-31 13:55:05 - [TEST_STEP][PASSED] - Statement - product = new com.kms.katalon.core.testobject.TestObject(): null

2018-05-31 13:55:05 - [TEST_STEP][PASSED] - Statement - product = com.kms.katalon.core.webui.keyword.WebUiBuiltInKeywords.modifyObjectProperty(product, "xpath", "equals", "//*[@id = "fldvendor" + row + ""]", true): Modify property of object successfully

2018-05-31 13:55:05 - [MESSAGE][PASSED] - Modify property of object successfully

2018-05-31 13:55:05 - [TEST_STEP][PASSED] - selectOptionByIndex: All options with index in [1] are selected on object ''

2018-05-31 13:55:05 - [MESSAGE][PASSED] - All options with index in [1] are selected on object ''

2018-05-31 13:55:05 - [TEST_STEP][PASSED] - delay: Delayed 2 second(s)

2018-05-31 13:55:07 - [MESSAGE][PASSED] - Delayed 2 second(s)

2018-05-31 13:55:07 - [TEST_STEP][PASSED] - Statement - batch = new com.kms.katalon.core.testobject.TestObject(): null

2018-05-31 13:55:07 - [TEST_STEP][PASSED] - Statement - batch = com.kms.katalon.core.webui.keyword.WebUiBuiltInKeywords.modifyObjectProperty(batch, "xpath", "equals", "//*[@id = "txtbthqty" + row + ""]", true): Modify property of object successfully

2018-05-31 13:55:07 - [MESSAGE][PASSED] - Modify property of object successfully

2018-05-31 13:55:07 - [TEST_STEP][PASSED] - Statement - batchqty = com.kms.katalon.core.webui.keyword.WebUiBuiltInKeywords.getAttribute(batch, "value").trim(): Attribute 'value' of object '' is: '4700'

2018-05-31 13:55:07 - [MESSAGE][PASSED] - Attribute 'value' of object '' is: '4700'

2018-05-31 13:55:07 - [TEST_STEP][PASSED] - Statement - Rqty = 100: null

2018-05-31 13:55:07 - [TEST_STEP][PASSED] - Statement - out.println("BatchQty : " + batchqty): null

2018-05-31 13:55:07 - [TEST_STEP][PASSED] - Statement - out.println("RQty : " + Rqty): null

2018-05-31 13:55:07 - [TEST_STEP][PASSED] - Statement - If (java.lang.Integer.valueOf(batchqty) >= java.lang.Integer.valueOf(Rqty)): null

2018-05-31 13:55:07 - [TEST_STEP][PASSED] - Statement - Break: null

2018-05-31 13:55:07 - [TEST_STEP][PASSED] - Statement - batchlength = new com.kms.katalon.core.testobject.TestObject(): null

2018-05-31 13:55:07 - [TEST_STEP][PASSED] - Statement - batchlength = com.kms.katalon.core.webui.keyword.WebUiBuiltInKeywords.modifyObjectProperty(batchlength, "xpath", "equals", "//*[@id = "fldvendor" + row + ""]", true): Modify property of object successfully

2018-05-31 13:55:07 - [MESSAGE][PASSED] - Modify property of object successfully

2018-05-31 13:55:07 - [TEST_STEP][PASSED] - Statement - batchsize = com.kms.katalon.core.webui.keyword.WebUiBuiltInKeywords.getNumberOfTotalOption(batchlength): 9 options of object '' counted

2018-05-31 13:55:07 - [MESSAGE][PASSED] - 9 options of object '' counted

2018-05-31 13:55:07 - [TEST_STEP][PASSED] - Statement - out.println("BatchSize : " + batchsize): null

2018-05-31 13:55:07 - [TEST_STEP][PASSED] - Statement - For ([n = 1, n <= batchsize - 1, (n++)]): null

2018-05-31 13:55:07 - [TEST_STEP][PASSED] - Statement - product = new com.kms.katalon.core.testobject.TestObject(): null

2018-05-31 13:55:07 - [TEST_STEP][PASSED] - Statement - product = com.kms.katalon.core.webui.keyword.WebUiBuiltInKeywords.modifyObjectProperty(product, "xpath", "equals", "//*[@id = "fldvendor" + row + ""]", true): Modify property of object successfully

2018-05-31 13:55:07 - [MESSAGE][PASSED] - Modify property of object successfully

2018-05-31 13:55:07 - [TEST_STEP][PASSED] - selectOptionByIndex: All options with index in [1] are selected on object ''

2018-05-31 13:55:07 - [MESSAGE][PASSED] - All options with index in [1] are selected on object ''

2018-05-31 13:55:07 - [TEST_STEP][PASSED] - delay: Delayed 2 second(s)

2018-05-31 13:55:09 - [MESSAGE][PASSED] - Delayed 2 second(s)

2018-05-31 13:55:09 - [TEST_STEP][PASSED] - Statement - batch = new com.kms.katalon.core.testobject.TestObject(): null

2018-05-31 13:55:09 - [TEST_STEP][PASSED] - Statement - batch = com.kms.katalon.core.webui.keyword.WebUiBuiltInKeywords.modifyObjectProperty(batch, "xpath", "equals", "//*[@id = "txtbthqty" + row + ""]", true): Modify property of object successfully

2018-05-31 13:55:09 - [MESSAGE][PASSED] - Modify property of object successfully

2018-05-31 13:55:09 - [TEST_STEP][PASSED] - Statement - batchqty = com.kms.katalon.core.webui.keyword.WebUiBuiltInKeywords.getAttribute(batch, "value").trim(): Attribute 'value' of object '' is: '4700'

2018-05-31 13:55:09 - [MESSAGE][PASSED] - Attribute 'value' of object '' is: '4700'

2018-05-31 13:55:09 - [TEST_STEP][PASSED] - Statement - Rqty = 100: null

2018-05-31 13:55:09 - [TEST_STEP][PASSED] - Statement - out.println("BatchQty : " + batchqty): null

2018-05-31 13:55:09 - [TEST_STEP][PASSED] - Statement - out.println("RQty : " + Rqty): null

2018-05-31 13:55:09 - [TEST_STEP][PASSED] - Statement - If (java.lang.Integer.valueOf(batchqty) >= java.lang.Integer.valueOf(Rqty)): null

2018-05-31 13:55:09 - [TEST_STEP][PASSED] - Statement - Break: null

2018-05-31 13:55:09 - [TEST_STEP][PASSED] - Statement - batchlength = new com.kms.katalon.core.testobject.TestObject(): null

2018-05-31 13:55:09 - [TEST_STEP][PASSED] - Statement - batchlength = com.kms.katalon.core.webui.keyword.WebUiBuiltInKeywords.modifyObjectProperty(batchlength, "xpath", "equals", "//*[@id = "fldvendor" + row + ""]", true): Modify property of object successfully

2018-05-31 13:55:09 - [MESSAGE][PASSED] - Modify property of object successfully

2018-05-31 13:55:09 - [TEST_STEP][PASSED] - Statement - batchsize = com.kms.katalon.core.webui.keyword.WebUiBuiltInKeywords.getNumberOfTotalOption(batchlength): 9 options of object '' counted

2018-05-31 13:55:09 - [MESSAGE][PASSED] - 9 options of object '' counted

2018-05-31 13:55:09 - [TEST_STEP][PASSED] - Statement - out.println("BatchSize : " + batchsize): null

2018-05-31 13:55:09 - [TEST_STEP][PASSED] - Statement - For ([n = 1, n <= batchsize - 1, (n++)]): null

2018-05-31 13:55:09 - [TEST_STEP][PASSED] - Statement - product = new com.kms.katalon.core.testobject.TestObject(): null

2018-05-31 13:55:09 - [TEST_STEP][PASSED] - Statement - product = com.kms.katalon.core.webui.keyword.WebUiBuiltInKeywords.modifyObjectProperty(product, "xpath", "equals", "//*[@id = "fldvendor" + row + ""]", true): Modify property of object successfully

2018-05-31 13:55:09 - [MESSAGE][PASSED] - Modify property of object successfully

2018-05-31 13:55:09 - [TEST_STEP][PASSED] - selectOptionByIndex: All options with index in [1] are selected on object ''

2018-05-31 13:55:09 - [MESSAGE][PASSED] - All options with index in [1] are selected on object ''

2018-05-31 13:55:09 - [TEST_STEP][PASSED] - delay: Delayed 2 second(s)

2018-05-31 13:55:11 - [MESSAGE][PASSED] - Delayed 2 second(s)

2018-05-31 13:55:11 - [TEST_STEP][PASSED] - Statement - batch = new com.kms.katalon.core.testobject.TestObject(): null

2018-05-31 13:55:11 - [TEST_STEP][PASSED] - Statement - batch = com.kms.katalon.core.webui.keyword.WebUiBuiltInKeywords.modifyObjectProperty(batch, "xpath", "equals", "//*[@id = "txtbthqty" + row + ""]", true): Modify property of object successfully

2018-05-31 13:55:11 - [MESSAGE][PASSED] - Modify property of object successfully

2018-05-31 13:55:11 - [TEST_STEP][PASSED] - Statement - batchqty = com.kms.katalon.core.webui.keyword.WebUiBuiltInKeywords.getAttribute(batch, "value").trim(): Attribute 'value' of object '' is: '37700'

2018-05-31 13:55:11 - [MESSAGE][PASSED] - Attribute 'value' of object '' is: '37700'

2018-05-31 13:55:11 - [TEST_STEP][PASSED] - Statement - Rqty = 100: null

2018-05-31 13:55:11 - [TEST_STEP][PASSED] - Statement - out.println("BatchQty : " + batchqty): null

2018-05-31 13:55:11 - [TEST_STEP][PASSED] - Statement - out.println("RQty : " + Rqty): null

2018-05-31 13:55:11 - [TEST_STEP][PASSED] - Statement - If (java.lang.Integer.valueOf(batchqty) >= java.lang.Integer.valueOf(Rqty)): null

2018-05-31 13:55:11 - [TEST_STEP][PASSED] - Statement - Break: null

2018-05-31 13:55:11 - [TEST_STEP][PASSED] - Statement - batchlength = new com.kms.katalon.core.testobject.TestObject(): null

2018-05-31 13:55:11 - [TEST_STEP][PASSED] - Statement - batchlength = com.kms.katalon.core.webui.keyword.WebUiBuiltInKeywords.modifyObjectProperty(batchlength, "xpath", "equals", "//*[@id = "fldvendor" + row + ""]", true): Modify property of object successfully

2018-05-31 13:55:11 - [MESSAGE][PASSED] - Modify property of object successfully

2018-05-31 13:55:11 - [TEST_STEP][PASSED] - Statement - batchsize = com.kms.katalon.core.webui.keyword.WebUiBuiltInKeywords.getNumberOfTotalOption(batchlength): 9 options of object '' counted

2018-05-31 13:55:12 - [MESSAGE][PASSED] - 9 options of object '' counted

2018-05-31 13:55:12 - [TEST_STEP][PASSED] - Statement - out.println("BatchSize : " + batchsize): null

2018-05-31 13:55:12 - [TEST_STEP][PASSED] - Statement - For ([n = 1, n <= batchsize - 1, (n++)]): null

2018-05-31 13:55:12 - [TEST_STEP][PASSED] - Statement - product = new com.kms.katalon.core.testobject.TestObject(): null

2018-05-31 13:55:12 - [TEST_STEP][PASSED] - Statement - product = com.kms.katalon.core.webui.keyword.WebUiBuiltInKeywords.modifyObjectProperty(product, "xpath", "equals", "//*[@id = "fldvendor" + row + ""]", true): Modify property of object successfully

2018-05-31 13:55:12 - [MESSAGE][PASSED] - Modify property of object successfully

2018-05-31 13:55:12 - [TEST_STEP][PASSED] - selectOptionByIndex: All options with index in [1] are selected on object ''

2018-05-31 13:55:12 - [MESSAGE][PASSED] - All options with index in [1] are selected on object ''

2018-05-31 13:55:12 - [TEST_STEP][PASSED] - delay: Delayed 2 second(s)

2018-05-31 13:55:14 - [MESSAGE][PASSED] - Delayed 2 second(s)

2018-05-31 13:55:14 - [TEST_STEP][PASSED] - Statement - batch = new com.kms.katalon.core.testobject.TestObject(): null

2018-05-31 13:55:14 - [TEST_STEP][PASSED] - Statement - batch = com.kms.katalon.core.webui.keyword.WebUiBuiltInKeywords.modifyObjectProperty(batch, "xpath", "equals", "//*[@id = "txtbthqty" + row + ""]", true): Modify property of object successfully

2018-05-31 13:55:14 - [MESSAGE][PASSED] - Modify property of object successfully

2018-05-31 13:55:14 - [TEST_STEP][PASSED] - Statement - batchqty = com.kms.katalon.core.webui.keyword.WebUiBuiltInKeywords.getAttribute(batch, "value").trim(): Attribute 'value' of object '' is: '3800'

2018-05-31 13:55:14 - [MESSAGE][PASSED] - Attribute 'value' of object '' is: '3800'

2018-05-31 13:55:14 - [TEST_STEP][PASSED] - Statement - Rqty = 100: null

2018-05-31 13:55:14 - [TEST_STEP][PASSED] - Statement - out.println("BatchQty : " + batchqty): null

2018-05-31 13:55:14 - [TEST_STEP][PASSED] - Statement - out.println("RQty : " + Rqty): null

2018-05-31 13:55:14 - [TEST_STEP][PASSED] - Statement - If (java.lang.Integer.valueOf(batchqty) >= java.lang.Integer.valueOf(Rqty)): null

2018-05-31 13:55:14 - [TEST_STEP][PASSED] - Statement - Break: null

2018-05-31 13:55:14 - [TEST_STEP][PASSED] - Statement - batchlength = new com.kms.katalon.core.testobject.TestObject(): null

2018-05-31 13:55:14 - [TEST_STEP][PASSED] - Statement - batchlength = com.kms.katalon.core.webui.keyword.WebUiBuiltInKeywords.modifyObjectProperty(batchlength, "xpath", "equals", "//*[@id = "fldvendor" + row + ""]", true): Modify property of object successfully

2018-05-31 13:55:14 - [MESSAGE][PASSED] - Modify property of object successfully

2018-05-31 13:55:14 - [TEST_STEP][PASSED] - Statement - batchsize = com.kms.katalon.core.webui.keyword.WebUiBuiltInKeywords.getNumberOfTotalOption(batchlength): 9 options of object '' counted

2018-05-31 13:55:14 - [MESSAGE][PASSED] - 9 options of object '' counted

2018-05-31 13:55:14 - [TEST_STEP][PASSED] - Statement - out.println("BatchSize : " + batchsize): null

2018-05-31 13:55:14 - [TEST_STEP][PASSED] - Statement - For ([n = 1, n <= batchsize - 1, (n++)]): null

2018-05-31 13:55:14 - [TEST_STEP][PASSED] - Statement - product = new com.kms.katalon.core.testobject.TestObject(): null

2018-05-31 13:55:14 - [TEST_STEP][PASSED] - Statement - product = com.kms.katalon.core.webui.keyword.WebUiBuiltInKeywords.modifyObjectProperty(product, "xpath", "equals", "//*[@id = "fldvendor" + row + ""]", true): Modify property of object successfully

2018-05-31 13:55:14 - [MESSAGE][PASSED] - Modify property of object successfully

2018-05-31 13:55:14 - [TEST_STEP][PASSED] - selectOptionByIndex: All options with index in [1] are selected on object ''

2018-05-31 13:55:14 - [MESSAGE][PASSED] - All options with index in [1] are selected on object ''

2018-05-31 13:55:14 - [TEST_STEP][PASSED] - delay: Delayed 2 second(s)

2018-05-31 13:55:16 - [MESSAGE][PASSED] - Delayed 2 second(s)

2018-05-31 13:55:16 - [TEST_STEP][PASSED] - Statement - batch = new com.kms.katalon.core.testobject.TestObject(): null

2018-05-31 13:55:16 - [TEST_STEP][PASSED] - Statement - batch = com.kms.katalon.core.webui.keyword.WebUiBuiltInKeywords.modifyObjectProperty(batch, "xpath", "equals", "//*[@id = "txtbthqty" + row + ""]", true): Modify property of object successfully

2018-05-31 13:55:16 - [MESSAGE][PASSED] - Modify property of object successfully

2018-05-31 13:55:16 - [TEST_STEP][PASSED] - Statement - batchqty = com.kms.katalon.core.webui.keyword.WebUiBuiltInKeywords.getAttribute(batch, "value").trim(): Attribute 'value' of object '' is: '2800'

2018-05-31 13:55:16 - [MESSAGE][PASSED] - Attribute 'value' of object '' is: '2800'

2018-05-31 13:55:16 - [TEST_STEP][PASSED] - Statement - Rqty = 100: null

2018-05-31 13:55:16 - [TEST_STEP][PASSED] - Statement - out.println("BatchQty : " + batchqty): null

2018-05-31 13:55:16 - [TEST_STEP][PASSED] - Statement - out.println("RQty : " + Rqty): null

2018-05-31 13:55:16 - [TEST_STEP][PASSED] - Statement - If (java.lang.Integer.valueOf(batchqty) >= java.lang.Integer.valueOf(Rqty)): null

2018-05-31 13:55:16 - [TEST_STEP][PASSED] - Statement - Break: null

2018-05-31 13:55:16 - [TEST_STEP][PASSED] - Statement - batchlength = new com.kms.katalon.core.testobject.TestObject(): null

2018-05-31 13:55:16 - [TEST_STEP][PASSED] - Statement - batchlength = com.kms.katalon.core.webui.keyword.WebUiBuiltInKeywords.modifyObjectProperty(batchlength, "xpath", "equals", "//*[@id = "fldvendor" + row + ""]", true): Modify property of object successfully

2018-05-31 13:55:16 - [MESSAGE][PASSED] - Modify property of object successfully

2018-05-31 13:55:16 - [TEST_STEP][PASSED] - Statement - batchsize = com.kms.katalon.core.webui.keyword.WebUiBuiltInKeywords.getNumberOfTotalOption(batchlength): 9 options of object '' counted

2018-05-31 13:55:16 - [MESSAGE][PASSED] - 9 options of object '' counted

2018-05-31 13:55:16 - [TEST_STEP][PASSED] - Statement - out.println("BatchSize : " + batchsize): null

2018-05-31 13:55:16 - [TEST_STEP][PASSED] - Statement - For ([n = 1, n <= batchsize - 1, (n++)]): null

2018-05-31 13:55:16 - [TEST_STEP][PASSED] - Statement - product = new com.kms.katalon.core.testobject.TestObject(): null

2018-05-31 13:55:16 - [TEST_STEP][PASSED] - Statement - product = com.kms.katalon.core.webui.keyword.WebUiBuiltInKeywords.modifyObjectProperty(product, "xpath", "equals", "//*[@id = "fldvendor" + row + ""]", true): Modify property of object successfully

2018-05-31 13:55:16 - [MESSAGE][PASSED] - Modify property of object successfully

2018-05-31 13:55:16 - [TEST_STEP][PASSED] - selectOptionByIndex: All options with index in [1] are selected on object ''

2018-05-31 13:55:16 - [MESSAGE][PASSED] - All options with index in [1] are selected on object ''

2018-05-31 13:55:16 - [TEST_STEP][PASSED] - delay: Delayed 2 second(s)

2018-05-31 13:55:18 - [MESSAGE][PASSED] - Delayed 2 second(s)

2018-05-31 13:55:18 - [TEST_STEP][PASSED] - Statement - batch = new com.kms.katalon.core.testobject.TestObject(): null

2018-05-31 13:55:18 - [TEST_STEP][PASSED] - Statement - batch = com.kms.katalon.core.webui.keyword.WebUiBuiltInKeywords.modifyObjectProperty(batch, "xpath", "equals", "//*[@id = "txtbthqty" + row + ""]", true): Modify property of object successfully

2018-05-31 13:55:18 - [MESSAGE][PASSED] - Modify property of object successfully

2018-05-31 13:55:18 - [TEST_STEP][PASSED] - Statement - batchqty = com.kms.katalon.core.webui.keyword.WebUiBuiltInKeywords.getAttribute(batch, "value").trim(): Attribute 'value' of object '' is: '3800'

2018-05-31 13:55:18 - [MESSAGE][PASSED] - Attribute 'value' of object '' is: '3800'

2018-05-31 13:55:18 - [TEST_STEP][PASSED] - Statement - Rqty = 100: null

2018-05-31 13:55:18 - [TEST_STEP][PASSED] - Statement - out.println("BatchQty : " + batchqty): null

2018-05-31 13:55:18 - [TEST_STEP][PASSED] - Statement - out.println("RQty : " + Rqty): null

2018-05-31 13:55:18 - [TEST_STEP][PASSED] - Statement - If (java.lang.Integer.valueOf(batchqty) >= java.lang.Integer.valueOf(Rqty)): null

2018-05-31 13:55:18 - [TEST_STEP][PASSED] - Statement - Break: null

2018-05-31 13:55:18 - [TEST_STEP][PASSED] - Statement - batchlength = new com.kms.katalon.core.testobject.TestObject(): null

2018-05-31 13:55:18 - [TEST_STEP][PASSED] - Statement - batchlength = com.kms.katalon.core.webui.keyword.WebUiBuiltInKeywords.modifyObjectProperty(batchlength, "xpath", "equals", "//*[@id = "fldvendor" + row + ""]", true): Modify property of object successfully

2018-05-31 13:55:18 - [MESSAGE][PASSED] - Modify property of object successfully

2018-05-31 13:55:18 - [TEST_STEP][PASSED] - Statement - batchsize = com.kms.katalon.core.webui.keyword.WebUiBuiltInKeywords.getNumberOfTotalOption(batchlength): 9 options of object '' counted

2018-05-31 13:55:18 - [MESSAGE][PASSED] - 9 options of object '' counted

2018-05-31 13:55:18 - [TEST_STEP][PASSED] - Statement - out.println("BatchSize : " + batchsize): null

2018-05-31 13:55:18 - [TEST_STEP][PASSED] - Statement - For ([n = 1, n <= batchsize - 1, (n++)]): null

2018-05-31 13:55:18 - [TEST_STEP][PASSED] - Statement - product = new com.kms.katalon.core.testobject.TestObject(): null

2018-05-31 13:55:18 - [TEST_STEP][PASSED] - Statement - product = com.kms.katalon.core.webui.keyword.WebUiBuiltInKeywords.modifyObjectProperty(product, "xpath", "equals", "//*[@id = "fldvendor" + row + ""]", true): Modify property of object successfully

2018-05-31 13:55:18 - [MESSAGE][PASSED] - Modify property of object successfully

2018-05-31 13:55:18 - [TEST_STEP][PASSED] - selectOptionByIndex: All options with index in [1] are selected on object ''

2018-05-31 13:55:18 - [MESSAGE][PASSED] - All options with index in [1] are selected on object ''

2018-05-31 13:55:18 - [TEST_STEP][PASSED] - delay: Delayed 2 second(s)

2018-05-31 13:55:20 - [MESSAGE][PASSED] - Delayed 2 second(s)

2018-05-31 13:55:20 - [TEST_STEP][PASSED] - Statement - batch = new com.kms.katalon.core.testobject.TestObject(): null

2018-05-31 13:55:20 - [TEST_STEP][PASSED] - Statement - batch = com.kms.katalon.core.webui.keyword.WebUiBuiltInKeywords.modifyObjectProperty(batch, "xpath", "equals", "//*[@id = "txtbthqty" + row + ""]", true): Modify property of object successfully

2018-05-31 13:55:20 - [MESSAGE][PASSED] - Modify property of object successfully

2018-05-31 13:55:20 - [TEST_STEP][PASSED] - Statement - batchqty = com.kms.katalon.core.webui.keyword.WebUiBuiltInKeywords.getAttribute(batch, "value").trim(): Attribute 'value' of object '' is: '4900'

2018-05-31 13:55:20 - [MESSAGE][PASSED] - Attribute 'value' of object '' is: '4900'

2018-05-31 13:55:20 - [TEST_STEP][PASSED] - Statement - Rqty = 100: null

2018-05-31 13:55:20 - [TEST_STEP][PASSED] - Statement - out.println("BatchQty : " + batchqty): null

2018-05-31 13:55:20 - [TEST_STEP][PASSED] - Statement - out.println("RQty : " + Rqty): null

2018-05-31 13:55:20 - [TEST_STEP][PASSED] - Statement - If (java.lang.Integer.valueOf(batchqty) >= java.lang.Integer.valueOf(Rqty)): null

2018-05-31 13:55:20 - [TEST_STEP][PASSED] - Statement - Break: null

2018-05-31 13:55:20 - [TEST_STEP][PASSED] - Statement - batchlength = new com.kms.katalon.core.testobject.TestObject(): null

2018-05-31 13:55:20 - [TEST_STEP][PASSED] - Statement - batchlength = com.kms.katalon.core.webui.keyword.WebUiBuiltInKeywords.modifyObjectProperty(batchlength, "xpath", "equals", "//*[@id = "fldvendor" + row + ""]", true): Modify property of object successfully

2018-05-31 13:55:20 - [MESSAGE][PASSED] - Modify property of object successfully

2018-05-31 13:55:20 - [TEST_STEP][PASSED] - Statement - batchsize = com.kms.katalon.core.webui.keyword.WebUiBuiltInKeywords.getNumberOfTotalOption(batchlength): 9 options of object '' counted

2018-05-31 13:55:21 - [MESSAGE][PASSED] - 9 options of object '' counted

2018-05-31 13:55:21 - [TEST_STEP][PASSED] - Statement - out.println("BatchSize : " + batchsize): null

2018-05-31 13:55:21 - [TEST_STEP][PASSED] - Statement - For ([n = 1, n <= batchsize - 1, (n++)]): null

2018-05-31 13:55:21 - [TEST_STEP][PASSED] - Statement - product = new com.kms.katalon.core.testobject.TestObject(): null

2018-05-31 13:55:21 - [TEST_STEP][PASSED] - Statement - product = com.kms.katalon.core.webui.keyword.WebUiBuiltInKeywords.modifyObjectProperty(product, "xpath", "equals", "//*[@id = "fldvendor" + row + ""]", true): Modify property of object successfully

2018-05-31 13:55:21 - [MESSAGE][PASSED] - Modify property of object successfully

2018-05-31 13:55:21 - [TEST_STEP][PASSED] - selectOptionByIndex: All options with index in [1] are selected on object ''

2018-05-31 13:55:21 - [MESSAGE][PASSED] - All options with index in [1] are selected on object ''

2018-05-31 13:55:21 - [TEST_STEP][PASSED] - delay: Delayed 2 second(s)

2018-05-31 13:55:23 - [MESSAGE][PASSED] - Delayed 2 second(s)

2018-05-31 13:55:23 - [TEST_STEP][PASSED] - Statement - batch = new com.kms.katalon.core.testobject.TestObject(): null

2018-05-31 13:55:23 - [TEST_STEP][PASSED] - Statement - batch = com.kms.katalon.core.webui.keyword.WebUiBuiltInKeywords.modifyObjectProperty(batch, "xpath", "equals", "//*[@id = "txtbthqty" + row + ""]", true): Modify property of object successfully

2018-05-31 13:55:23 - [MESSAGE][PASSED] - Modify property of object successfully

2018-05-31 13:55:23 - [TEST_STEP][PASSED] - Statement - batchqty = com.kms.katalon.core.webui.keyword.WebUiBuiltInKeywords.getAttribute(batch, "value").trim(): Attribute 'value' of object '' is: '3800'

2018-05-31 13:55:23 - [MESSAGE][PASSED] - Attribute 'value' of object '' is: '3800'

2018-05-31 13:55:23 - [TEST_STEP][PASSED] - Statement - Rqty = 100: null

2018-05-31 13:55:23 - [TEST_STEP][PASSED] - Statement - out.println("BatchQty : " + batchqty): null

2018-05-31 13:55:23 - [TEST_STEP][PASSED] - Statement - out.println("RQty : " + Rqty): null

2018-05-31 13:55:23 - [TEST_STEP][PASSED] - Statement - If (java.lang.Integer.valueOf(batchqty) >= java.lang.Integer.valueOf(Rqty)): null

2018-05-31 13:55:23 - [TEST_STEP][PASSED] - Statement - Break: null

2018-05-31 13:55:23 - [TEST_STEP][PASSED] - Statement - batchlength = new com.kms.katalon.core.testobject.TestObject(): null

2018-05-31 13:55:23 - [TEST_STEP][PASSED] - Statement - batchlength = com.kms.katalon.core.webui.keyword.WebUiBuiltInKeywords.modifyObjectProperty(batchlength, "xpath", "equals", "//*[@id = "fldvendor" + row + ""]", true): Modify property of object successfully

2018-05-31 13:55:23 - [MESSAGE][PASSED] - Modify property of object successfully

2018-05-31 13:55:23 - [TEST_STEP][PASSED] - Statement - batchsize = com.kms.katalon.core.webui.keyword.WebUiBuiltInKeywords.getNumberOfTotalOption(batchlength): 9 options of object '' counted

2018-05-31 13:55:23 - [MESSAGE][PASSED] - 9 options of object '' counted

2018-05-31 13:55:23 - [TEST_STEP][PASSED] - Statement - out.println("BatchSize : " + batchsize): null

2018-05-31 13:55:23 - [TEST_STEP][PASSED] - Statement - For ([n = 1, n <= batchsize - 1, (n++)]): null

2018-05-31 13:55:23 - [TEST_STEP][PASSED] - Statement - product = new com.kms.katalon.core.testobject.TestObject(): null

2018-05-31 13:55:23 - [TEST_STEP][PASSED] - Statement - product = com.kms.katalon.core.webui.keyword.WebUiBuiltInKeywords.modifyObjectProperty(product, "xpath", "equals", "//*[@id = "fldvendor" + row + ""]", true): Modify property of object successfully

2018-05-31 13:55:23 - [MESSAGE][PASSED] - Modify property of object successfully

2018-05-31 13:55:23 - [TEST_STEP][PASSED] - selectOptionByIndex: All options with index in [1] are selected on object ''

2018-05-31 13:55:23 - [MESSAGE][PASSED] - All options with index in [1] are selected on object ''

2018-05-31 13:55:23 - [TEST_STEP][PASSED] - delay: Delayed 2 second(s)

2018-05-31 13:55:25 - [MESSAGE][PASSED] - Delayed 2 second(s)

2018-05-31 13:55:25 - [TEST_STEP][PASSED] - Statement - batch = new com.kms.katalon.core.testobject.TestObject(): null

2018-05-31 13:55:25 - [TEST_STEP][PASSED] - Statement - batch = com.kms.katalon.core.webui.keyword.WebUiBuiltInKeywords.modifyObjectProperty(batch, "xpath", "equals", "//*[@id = "txtbthqty" + row + ""]", true): Modify property of object successfully

2018-05-31 13:55:25 - [MESSAGE][PASSED] - Modify property of object successfully

2018-05-31 13:55:25 - [TEST_STEP][PASSED] - Statement - batchqty = com.kms.katalon.core.webui.keyword.WebUiBuiltInKeywords.getAttribute(batch, "value").trim(): Attribute 'value' of object '' is: '3800'

2018-05-31 13:55:25 - [MESSAGE][PASSED] - Attribute 'value' of object '' is: '3800'

2018-05-31 13:55:25 - [TEST_STEP][PASSED] - Statement - Rqty = 100: null

2018-05-31 13:55:25 - [TEST_STEP][PASSED] - Statement - out.println("BatchQty : " + batchqty): null

2018-05-31 13:55:25 - [TEST_STEP][PASSED] - Statement - out.println("RQty : " + Rqty): null

2018-05-31 13:55:25 - [TEST_STEP][PASSED] - Statement - If (java.lang.Integer.valueOf(batchqty) >= java.lang.Integer.valueOf(Rqty)): null

2018-05-31 13:55:25 - [TEST_STEP][PASSED] - Statement - Break: null

2018-05-31 13:55:25 - [TEST_STEP][PASSED] - Statement - batchlength = new com.kms.katalon.core.testobject.TestObject(): null

2018-05-31 13:55:25 - [TEST_STEP][PASSED] - Statement - batchlength = com.kms.katalon.core.webui.keyword.WebUiBuiltInKeywords.modifyObjectProperty(batchlength, "xpath", "equals", "//*[@id = "fldvendor" + row + ""]", true): Modify property of object successfully

2018-05-31 13:55:25 - [MESSAGE][PASSED] - Modify property of object successfully

2018-05-31 13:55:25 - [TEST_STEP][PASSED] - Statement - batchsize = com.kms.katalon.core.webui.keyword.WebUiBuiltInKeywords.getNumberOfTotalOption(batchlength): 9 options of object '' counted

2018-05-31 13:55:25 - [MESSAGE][PASSED] - 9 options of object '' counted

2018-05-31 13:55:25 - [TEST_STEP][PASSED] - Statement - out.println("BatchSize : " + batchsize): null

2018-05-31 13:55:25 - [TEST_STEP][PASSED] - Statement - For ([n = 1, n <= batchsize - 1, (n++)]): null

2018-05-31 13:55:25 - [TEST_STEP][PASSED] - Statement - product = new com.kms.katalon.core.testobject.TestObject(): null

2018-05-31 13:55:25 - [TEST_STEP][PASSED] - Statement - product = com.kms.katalon.core.webui.keyword.WebUiBuiltInKeywords.modifyObjectProperty(product, "xpath", "equals", "//*[@id = "fldvendor" + row + ""]", true): Modify property of object successfully

2018-05-31 13:55:25 - [MESSAGE][PASSED] - Modify property of object successfully

2018-05-31 13:55:25 - [TEST_STEP][PASSED] - selectOptionByIndex: All options with index in [1] are selected on object ''

2018-05-31 13:55:25 - [MESSAGE][PASSED] - All options with index in [1] are selected on object ''

2018-05-31 13:55:25 - [TEST_STEP][PASSED] - delay: Delayed 2 second(s)

2018-05-31 13:55:27 - [MESSAGE][PASSED] - Delayed 2 second(s)

2018-05-31 13:55:27 - [TEST_STEP][PASSED] - Statement - batch = new com.kms.katalon.core.testobject.TestObject(): null

2018-05-31 13:55:27 - [TEST_STEP][PASSED] - Statement - batch = com.kms.katalon.core.webui.keyword.WebUiBuiltInKeywords.modifyObjectProperty(batch, "xpath", "equals", "//*[@id = "txtbthqty" + row + ""]", true): Modify property of object successfully

2018-05-31 13:55:27 - [MESSAGE][PASSED] - Modify property of object successfully

2018-05-31 13:55:27 - [TEST_STEP][PASSED] - Statement - batchqty = com.kms.katalon.core.webui.keyword.WebUiBuiltInKeywords.getAttribute(batch, "value").trim(): Attribute 'value' of object '' is: '4600'

2018-05-31 13:55:27 - [MESSAGE][PASSED] - Attribute 'value' of object '' is: '4600'

2018-05-31 13:55:27 - [TEST_STEP][PASSED] - Statement - Rqty = 100: null

2018-05-31 13:55:27 - [TEST_STEP][PASSED] - Statement - out.println("BatchQty : " + batchqty): null

2018-05-31 13:55:27 - [TEST_STEP][PASSED] - Statement - out.println("RQty : " + Rqty): null

2018-05-31 13:55:27 - [TEST_STEP][PASSED] - Statement - If (java.lang.Integer.valueOf(batchqty) >= java.lang.Integer.valueOf(Rqty)): null

2018-05-31 13:55:27 - [TEST_STEP][PASSED] - Statement - Break: null

2018-05-31 13:55:27 - [TEST_STEP][PASSED] - Statement - batchlength = new com.kms.katalon.core.testobject.TestObject(): null

2018-05-31 13:55:27 - [TEST_STEP][PASSED] - Statement - batchlength = com.kms.katalon.core.webui.keyword.WebUiBuiltInKeywords.modifyObjectProperty(batchlength, "xpath", "equals", "//*[@id = "fldvendor" + row + ""]", true): Modify property of object successfully

2018-05-31 13:55:27 - [MESSAGE][PASSED] - Modify property of object successfully

2018-05-31 13:55:27 - [TEST_STEP][PASSED] - Statement - batchsize = com.kms.katalon.core.webui.keyword.WebUiBuiltInKeywords.getNumberOfTotalOption(batchlength): 9 options of object '' counted

2018-05-31 13:55:27 - [MESSAGE][PASSED] - 9 options of object '' counted

2018-05-31 13:55:27 - [TEST_STEP][PASSED] - Statement - out.println("BatchSize : " + batchsize): null

2018-05-31 13:55:27 - [TEST_STEP][PASSED] - Statement - For ([n = 1, n <= batchsize - 1, (n++)]): null

2018-05-31 13:55:27 - [TEST_STEP][PASSED] - Statement - product = new com.kms.katalon.core.testobject.TestObject(): null

2018-05-31 13:55:27 - [TEST_STEP][PASSED] - Statement - product = com.kms.katalon.core.webui.keyword.WebUiBuiltInKeywords.modifyObjectProperty(product, "xpath", "equals", "//*[@id = "fldvendor" + row + ""]", true): Modify property of object successfully

2018-05-31 13:55:27 - [MESSAGE][PASSED] - Modify property of object successfully

2018-05-31 13:55:27 - [TEST_STEP][PASSED] - selectOptionByIndex: All options with index in [1] are selected on object ''

2018-05-31 13:55:27 - [MESSAGE][PASSED] - All options with index in [1] are selected on object ''

2018-05-31 13:55:27 - [TEST_STEP][PASSED] - delay: Delayed 2 second(s)

2018-05-31 13:55:29 - [MESSAGE][PASSED] - Delayed 2 second(s)

2018-05-31 13:55:29 - [TEST_STEP][PASSED] - Statement - batch = new com.kms.katalon.core.testobject.TestObject(): null

2018-05-31 13:55:29 - [TEST_STEP][PASSED] - Statement - batch = com.kms.katalon.core.webui.keyword.WebUiBuiltInKeywords.modifyObjectProperty(batch, "xpath", "equals", "//*[@id = "txtbthqty" + row + ""]", true): Modify property of object successfully

2018-05-31 13:55:29 - [MESSAGE][PASSED] - Modify property of object successfully

2018-05-31 13:55:29 - [TEST_STEP][PASSED] - Statement - batchqty = com.kms.katalon.core.webui.keyword.WebUiBuiltInKeywords.getAttribute(batch, "value").trim(): Attribute 'value' of object '' is: '37700'

2018-05-31 13:55:30 - [MESSAGE][PASSED] - Attribute 'value' of object '' is: '37700'

2018-05-31 13:55:30 - [TEST_STEP][PASSED] - Statement - Rqty = 100: null

2018-05-31 13:55:30 - [TEST_STEP][PASSED] - Statement - out.println("BatchQty : " + batchqty): null

2018-05-31 13:55:30 - [TEST_STEP][PASSED] - Statement - out.println("RQty : " + Rqty): null

2018-05-31 13:55:30 - [TEST_STEP][PASSED] - Statement - If (java.lang.Integer.valueOf(batchqty) >= java.lang.Integer.valueOf(Rqty)): null

2018-05-31 13:55:30 - [TEST_STEP][PASSED] - Statement - Break: null

2018-05-31 13:55:30 - [TEST_STEP][PASSED] - Statement - batchlength = new com.kms.katalon.core.testobject.TestObject(): null

2018-05-31 13:55:30 - [TEST_STEP][PASSED] - Statement - batchlength = com.kms.katalon.core.webui.keyword.WebUiBuiltInKeywords.modifyObjectProperty(batchlength, "xpath", "equals", "//*[@id = "fldvendor" + row + ""]", true): Modify property of object successfully

2018-05-31 13:55:30 - [MESSAGE][PASSED] - Modify property of object successfully

2018-05-31 13:55:30 - [TEST_STEP][PASSED] - Statement - batchsize = com.kms.katalon.core.webui.keyword.WebUiBuiltInKeywords.getNumberOfTotalOption(batchlength): 9 options of object '' counted

2018-05-31 13:55:30 - [MESSAGE][PASSED] - 9 options of object '' counted

2018-05-31 13:55:30 - [TEST_STEP][PASSED] - Statement - out.println("BatchSize : " + batchsize): null

2018-05-31 13:55:30 - [TEST_STEP][PASSED] - Statement - For ([n = 1, n <= batchsize - 1, (n++)]): null

2018-05-31 13:55:30 - [TEST_STEP][PASSED] - Statement - product = new com.kms.katalon.core.testobject.TestObject(): null

2018-05-31 13:55:30 - [TEST_STEP][PASSED] - Statement - product = com.kms.katalon.core.webui.keyword.WebUiBuiltInKeywords.modifyObjectProperty(product, "xpath", "equals", "//*[@id = "fldvendor" + row + ""]", true): Modify property of object successfully

2018-05-31 13:55:30 - [MESSAGE][PASSED] - Modify property of object successfully

2018-05-31 13:55:30 - [TEST_STEP][PASSED] - selectOptionByIndex: All options with index in [1] are selected on object ''

2018-05-31 13:55:30 - [MESSAGE][PASSED] - All options with index in [1] are selected on object ''

2018-05-31 13:55:30 - [TEST_STEP][PASSED] - delay: Delayed 2 second(s)

2018-05-31 13:55:32 - [MESSAGE][PASSED] - Delayed 2 second(s)

2018-05-31 13:55:32 - [TEST_STEP][PASSED] - Statement - batch = new com.kms.katalon.core.testobject.TestObject(): null

2018-05-31 13:55:32 - [TEST_STEP][PASSED] - Statement - batch = com.kms.katalon.core.webui.keyword.WebUiBuiltInKeywords.modifyObjectProperty(batch, "xpath", "equals", "//*[@id = "txtbthqty" + row + ""]", true): Modify property of object successfully

2018-05-31 13:55:32 - [MESSAGE][PASSED] - Modify property of object successfully

2018-05-31 13:55:32 - [TEST_STEP][PASSED] - Statement - batchqty = com.kms.katalon.core.webui.keyword.WebUiBuiltInKeywords.getAttribute(batch, "value").trim(): Attribute 'value' of object '' is: '4600'

2018-05-31 13:55:32 - [MESSAGE][PASSED] - Attribute 'value' of object '' is: '4600'

2018-05-31 13:55:32 - [TEST_STEP][PASSED] - Statement - Rqty = 100: null

2018-05-31 13:55:32 - [TEST_STEP][PASSED] - Statement - out.println("BatchQty : " + batchqty): null

2018-05-31 13:55:32 - [TEST_STEP][PASSED] - Statement - out.println("RQty : " + Rqty): null

2018-05-31 13:55:32 - [TEST_STEP][PASSED] - Statement - If (java.lang.Integer.valueOf(batchqty) >= java.lang.Integer.valueOf(Rqty)): null

2018-05-31 13:55:32 - [TEST_STEP][PASSED] - Statement - Break: null

2018-05-31 13:55:32 - [TEST_STEP][PASSED] - Statement - batchlength = new com.kms.katalon.core.testobject.TestObject(): null

2018-05-31 13:55:32 - [TEST_STEP][PASSED] - Statement - batchlength = com.kms.katalon.core.webui.keyword.WebUiBuiltInKeywords.modifyObjectProperty(batchlength, "xpath", "equals", "//*[@id = "fldvendor" + row + ""]", true): Modify property of object successfully

2018-05-31 13:55:32 - [MESSAGE][PASSED] - Modify property of object successfully

2018-05-31 13:55:32 - [TEST_STEP][PASSED] - Statement - batchsize = com.kms.katalon.core.webui.keyword.WebUiBuiltInKeywords.getNumberOfTotalOption(batchlength): 9 options of object '' counted

2018-05-31 13:55:32 - [MESSAGE][PASSED] - 9 options of object '' counted

2018-05-31 13:55:32 - [TEST_STEP][PASSED] - Statement - out.println("BatchSize : " + batchsize): null

2018-05-31 13:55:32 - [TEST_STEP][PASSED] - Statement - For ([n = 1, n <= batchsize - 1, (n++)]): null

2018-05-31 13:55:32 - [TEST_STEP][PASSED] - Statement - product = new com.kms.katalon.core.testobject.TestObject(): null

2018-05-31 13:55:32 - [TEST_STEP][PASSED] - Statement - product = com.kms.katalon.core.webui.keyword.WebUiBuiltInKeywords.modifyObjectProperty(product, "xpath", "equals", "//*[@id = "fldvendor" + row + ""]", true): Modify property of object successfully

2018-05-31 13:55:32 - [MESSAGE][PASSED] - Modify property of object successfully

2018-05-31 13:55:32 - [TEST_STEP][PASSED] - selectOptionByIndex: All options with index in [1] are selected on object ''

2018-05-31 13:55:32 - [MESSAGE][PASSED] - All options with index in [1] are selected on object ''

2018-05-31 13:55:32 - [TEST_STEP][PASSED] - delay: Delayed 2 second(s)

2018-05-31 13:55:34 - [MESSAGE][PASSED] - Delayed 2 second(s)

2018-05-31 13:55:34 - [TEST_STEP][PASSED] - Statement - batch = new com.kms.katalon.core.testobject.TestObject(): null

2018-05-31 13:55:34 - [TEST_STEP][PASSED] - Statement - batch = com.kms.katalon.core.webui.keyword.WebUiBuiltInKeywords.modifyObjectProperty(batch, "xpath", "equals", "//*[@id = "txtbthqty" + row + ""]", true): Modify property of object successfully

2018-05-31 13:55:34 - [MESSAGE][PASSED] - Modify property of object successfully

2018-05-31 13:55:34 - [TEST_STEP][PASSED] - Statement - batchqty = com.kms.katalon.core.webui.keyword.WebUiBuiltInKeywords.getAttribute(batch, "value").trim(): Attribute 'value' of object '' is: '4600'

2018-05-31 13:55:34 - [MESSAGE][PASSED] - Attribute 'value' of object '' is: '4600'

2018-05-31 13:55:34 - [TEST_STEP][PASSED] - Statement - Rqty = 100: null

2018-05-31 13:55:34 - [TEST_STEP][PASSED] - Statement - out.println("BatchQty : " + batchqty): null

2018-05-31 13:55:34 - [TEST_STEP][PASSED] - Statement - out.println("RQty : " + Rqty): null

2018-05-31 13:55:34 - [TEST_STEP][PASSED] - Statement - If (java.lang.Integer.valueOf(batchqty) >= java.lang.Integer.valueOf(Rqty)): null

2018-05-31 13:55:34 - [TEST_STEP][PASSED] - Statement - Break: null

2018-05-31 13:55:34 - [TEST_STEP][PASSED] - Statement - batchlength = new com.kms.katalon.core.testobject.TestObject(): null

2018-05-31 13:55:34 - [TEST_STEP][PASSED] - Statement - batchlength = com.kms.katalon.core.webui.keyword.WebUiBuiltInKeywords.modifyObjectProperty(batchlength, "xpath", "equals", "//*[@id = "fldvendor" + row + ""]", true): Modify property of object successfully

2018-05-31 13:55:34 - [MESSAGE][PASSED] - Modify property of object successfully

2018-05-31 13:55:34 - [TEST_STEP][PASSED] - Statement - batchsize = com.kms.katalon.core.webui.keyword.WebUiBuiltInKeywords.getNumberOfTotalOption(batchlength): 9 options of object '' counted

2018-05-31 13:55:34 - [MESSAGE][PASSED] - 9 options of object '' counted

2018-05-31 13:55:34 - [TEST_STEP][PASSED] - Statement - out.println("BatchSize : " + batchsize): null

2018-05-31 13:55:34 - [TEST_STEP][PASSED] - Statement - For ([n = 1, n <= batchsize - 1, (n++)]): null

2018-05-31 13:55:34 - [TEST_STEP][PASSED] - Statement - product = new com.kms.katalon.core.testobject.TestObject(): null

2018-05-31 13:55:34 - [TEST_STEP][PASSED] - Statement - product = com.kms.katalon.core.webui.keyword.WebUiBuiltInKeywords.modifyObjectProperty(product, "xpath", "equals", "//*[@id = "fldvendor" + row + ""]", true): Modify property of object successfully

2018-05-31 13:55:34 - [MESSAGE][PASSED] - Modify property of object successfully

2018-05-31 13:55:34 - [TEST_STEP][PASSED] - selectOptionByIndex: All options with index in [1] are selected on object ''

2018-05-31 13:55:34 - [MESSAGE][PASSED] - All options with index in [1] are selected on object ''

2018-05-31 13:55:34 - [TEST_STEP][PASSED] - delay: Delayed 2 second(s)

2018-05-31 13:55:36 - [MESSAGE][PASSED] - Delayed 2 second(s)

2018-05-31 13:55:36 - [TEST_STEP][PASSED] - Statement - batch = new com.kms.katalon.core.testobject.TestObject(): null

2018-05-31 13:55:36 - [TEST_STEP][PASSED] - Statement - batch = com.kms.katalon.core.webui.keyword.WebUiBuiltInKeywords.modifyObjectProperty(batch, "xpath", "equals", "//*[@id = "txtbthqty" + row + ""]", true): Modify property of object successfully

2018-05-31 13:55:36 - [MESSAGE][PASSED] - Modify property of object successfully

2018-05-31 13:55:36 - [TEST_STEP][PASSED] - Statement - batchqty = com.kms.katalon.core.webui.keyword.WebUiBuiltInKeywords.getAttribute(batch, "value").trim(): Attribute 'value' of object '' is: '2800'

2018-05-31 13:55:36 - [MESSAGE][PASSED] - Attribute 'value' of object '' is: '2800'

2018-05-31 13:55:36 - [TEST_STEP][PASSED] - Statement - Rqty = 100: null

2018-05-31 13:55:36 - [TEST_STEP][PASSED] - Statement - out.println("BatchQty : " + batchqty): null

2018-05-31 13:55:36 - [TEST_STEP][PASSED] - Statement - out.println("RQty : " + Rqty): null

2018-05-31 13:55:36 - [TEST_STEP][PASSED] - Statement - If (java.lang.Integer.valueOf(batchqty) >= java.lang.Integer.valueOf(Rqty)): null

2018-05-31 13:55:36 - [TEST_STEP][PASSED] - Statement - Break: null

2018-05-31 13:55:36 - [TEST_STEP][PASSED] - Statement - batchlength = new com.kms.katalon.core.testobject.TestObject(): null

2018-05-31 13:55:36 - [TEST_STEP][PASSED] - Statement - batchlength = com.kms.katalon.core.webui.keyword.WebUiBuiltInKeywords.modifyObjectProperty(batchlength, "xpath", "equals", "//*[@id = "fldvendor" + row + ""]", true): Modify property of object successfully

2018-05-31 13:55:36 - [MESSAGE][PASSED] - Modify property of object successfully

2018-05-31 13:55:36 - [TEST_STEP][PASSED] - Statement - batchsize = com.kms.katalon.core.webui.keyword.WebUiBuiltInKeywords.getNumberOfTotalOption(batchlength): 9 options of object '' counted

2018-05-31 13:55:36 - [MESSAGE][PASSED] - 9 options of object '' counted

2018-05-31 13:55:36 - [TEST_STEP][PASSED] - Statement - out.println("BatchSize : " + batchsize): null

2018-05-31 13:55:36 - [TEST_STEP][PASSED] - Statement - For ([n = 1, n <= batchsize - 1, (n++)]): null

2018-05-31 13:55:36 - [TEST_STEP][PASSED] - Statement - product = new com.kms.katalon.core.testobject.TestObject(): null

2018-05-31 13:55:36 - [TEST_STEP][PASSED] - Statement - product = com.kms.katalon.core.webui.keyword.WebUiBuiltInKeywords.modifyObjectProperty(product, "xpath", "equals", "//*[@id = "fldvendor" + row + ""]", true): Modify property of object successfully

2018-05-31 13:55:36 - [MESSAGE][PASSED] - Modify property of object successfully

2018-05-31 13:55:36 - [TEST_STEP][PASSED] - selectOptionByIndex: All options with index in [1] are selected on object ''

2018-05-31 13:55:36 - [MESSAGE][PASSED] - All options with index in [1] are selected on object ''

2018-05-31 13:55:36 - [TEST_STEP][PASSED] - delay: Delayed 2 second(s)

2018-05-31 13:55:38 - [MESSAGE][PASSED] - Delayed 2 second(s)

2018-05-31 13:55:38 - [TEST_STEP][PASSED] - Statement - batch = new com.kms.katalon.core.testobject.TestObject(): null

2018-05-31 13:55:38 - [TEST_STEP][PASSED] - Statement - batch = com.kms.katalon.core.webui.keyword.WebUiBuiltInKeywords.modifyObjectProperty(batch, "xpath", "equals", "//*[@id = "txtbthqty" + row + ""]", true): Modify property of object successfully

2018-05-31 13:55:38 - [MESSAGE][PASSED] - Modify property of object successfully

2018-05-31 13:55:38 - [TEST_STEP][PASSED] - Statement - batchqty = com.kms.katalon.core.webui.keyword.WebUiBuiltInKeywords.getAttribute(batch, "value").trim(): Attribute 'value' of object '' is: '3800'

2018-05-31 13:55:39 - [MESSAGE][PASSED] - Attribute 'value' of object '' is: '3800'

2018-05-31 13:55:39 - [TEST_STEP][PASSED] - Statement - Rqty = 100: null

2018-05-31 13:55:39 - [TEST_STEP][PASSED] - Statement - out.println("BatchQty : " + batchqty): null

2018-05-31 13:55:39 - [TEST_STEP][PASSED] - Statement - out.println("RQty : " + Rqty): null

2018-05-31 13:55:39 - [TEST_STEP][PASSED] - Statement - If (java.lang.Integer.valueOf(batchqty) >= java.lang.Integer.valueOf(Rqty)): null

2018-05-31 13:55:39 - [TEST_STEP][PASSED] - Statement - Break: null

2018-05-31 13:55:39 - [TEST_STEP][PASSED] - Statement - batchlength = new com.kms.katalon.core.testobject.TestObject(): null

2018-05-31 13:55:39 - [TEST_STEP][PASSED] - Statement - batchlength = com.kms.katalon.core.webui.keyword.WebUiBuiltInKeywords.modifyObjectProperty(batchlength, "xpath", "equals", "//*[@id = "fldvendor" + row + ""]", true): Modify property of object successfully

2018-05-31 13:55:39 - [MESSAGE][PASSED] - Modify property of object successfully

2018-05-31 13:55:39 - [TEST_STEP][PASSED] - Statement - batchsize = com.kms.katalon.core.webui.keyword.WebUiBuiltInKeywords.getNumberOfTotalOption(batchlength): 9 options of object '' counted

2018-05-31 13:55:39 - [MESSAGE][PASSED] - 9 options of object '' counted

2018-05-31 13:55:39 - [TEST_STEP][PASSED] - Statement - out.println("BatchSize : " + batchsize): null

2018-05-31 13:55:39 - [TEST_STEP][PASSED] - Statement - For ([n = 1, n <= batchsize - 1, (n++)]): null

2018-05-31 13:55:39 - [TEST_STEP][PASSED] - Statement - product = new com.kms.katalon.core.testobject.TestObject(): null

2018-05-31 13:55:39 - [TEST_STEP][PASSED] - Statement - product = com.kms.katalon.core.webui.keyword.WebUiBuiltInKeywords.modifyObjectProperty(product, "xpath", "equals", "//*[@id = "fldvendor" + row + ""]", true): Modify property of object successfully

2018-05-31 13:55:39 - [MESSAGE][PASSED] - Modify property of object successfully

2018-05-31 13:55:39 - [TEST_STEP][PASSED] - selectOptionByIndex: All options with index in [1] are selected on object ''

2018-05-31 13:55:39 - [MESSAGE][PASSED] - All options with index in [1] are selected on object ''

2018-05-31 13:55:39 - [TEST_STEP][PASSED] - delay: Delayed 2 second(s)

2018-05-31 13:55:41 - [MESSAGE][PASSED] - Delayed 2 second(s)

2018-05-31 13:55:41 - [TEST_STEP][PASSED] - Statement - batch = new com.kms.katalon.core.testobject.TestObject(): null

2018-05-31 13:55:41 - [TEST_STEP][PASSED] - Statement - batch = com.kms.katalon.core.webui.keyword.WebUiBuiltInKeywords.modifyObjectProperty(batch, "xpath", "equals", "//*[@id = "txtbthqty" + row + ""]", true): Modify property of object successfully

2018-05-31 13:55:41 - [MESSAGE][PASSED] - Modify property of object successfully

2018-05-31 13:55:41 - [TEST_STEP][PASSED] - Statement - batchqty = com.kms.katalon.core.webui.keyword.WebUiBuiltInKeywords.getAttribute(batch, "value").trim(): Attribute 'value' of object '' is: '3800'

2018-05-31 13:55:41 - [MESSAGE][PASSED] - Attribute 'value' of object '' is: '3800'

2018-05-31 13:55:41 - [TEST_STEP][PASSED] - Statement - Rqty = 100: null

2018-05-31 13:55:41 - [TEST_STEP][PASSED] - Statement - out.println("BatchQty : " + batchqty): null

2018-05-31 13:55:41 - [TEST_STEP][PASSED] - Statement - out.println("RQty : " + Rqty): null

2018-05-31 13:55:41 - [TEST_STEP][PASSED] - Statement - If (java.lang.Integer.valueOf(batchqty) >= java.lang.Integer.valueOf(Rqty)): null

2018-05-31 13:55:41 - [TEST_STEP][PASSED] - Statement - Break: null

2018-05-31 13:55:41 - [TEST_STEP][PASSED] - Statement - batchlength = new com.kms.katalon.core.testobject.TestObject(): null

2018-05-31 13:55:41 - [TEST_STEP][PASSED] - Statement - batchlength = com.kms.katalon.core.webui.keyword.WebUiBuiltInKeywords.modifyObjectProperty(batchlength, "xpath", "equals", "//*[@id = "fldvendor" + row + ""]", true): Modify property of object successfully

2018-05-31 13:55:41 - [MESSAGE][PASSED] - Modify property of object successfully

2018-05-31 13:55:41 - [TEST_STEP][PASSED] - Statement - batchsize = com.kms.katalon.core.webui.keyword.WebUiBuiltInKeywords.getNumberOfTotalOption(batchlength): 9 options of object '' counted

2018-05-31 13:55:41 - [MESSAGE][PASSED] - 9 options of object '' counted

2018-05-31 13:55:41 - [TEST_STEP][PASSED] - Statement - out.println("BatchSize : " + batchsize): null

2018-05-31 13:55:41 - [TEST_STEP][PASSED] - Statement - For ([n = 1, n <= batchsize - 1, (n++)]): null

2018-05-31 13:55:41 - [TEST_STEP][PASSED] - Statement - product = new com.kms.katalon.core.testobject.TestObject(): null

2018-05-31 13:55:41 - [TEST_STEP][PASSED] - Statement - product = com.kms.katalon.core.webui.keyword.WebUiBuiltInKeywords.modifyObjectProperty(product, "xpath", "equals", "//*[@id = "fldvendor" + row + ""]", true): Modify property of object successfully

2018-05-31 13:55:41 - [MESSAGE][PASSED] - Modify property of object successfully

2018-05-31 13:55:41 - [TEST_STEP][PASSED] - selectOptionByIndex: All options with index in [1] are selected on object ''

2018-05-31 13:55:41 - [MESSAGE][PASSED] - All options with index in [1] are selected on object ''

2018-05-31 13:55:41 - [TEST_STEP][PASSED] - delay: Delayed 2 second(s)

2018-05-31 13:55:43 - [MESSAGE][PASSED] - Delayed 2 second(s)

2018-05-31 13:55:43 - [TEST_STEP][PASSED] - Statement - batch = new com.kms.katalon.core.testobject.TestObject(): null

2018-05-31 13:55:43 - [TEST_STEP][PASSED] - Statement - batch = com.kms.katalon.core.webui.keyword.WebUiBuiltInKeywords.modifyObjectProperty(batch, "xpath", "equals", "//*[@id = "txtbthqty" + row + ""]", true): Modify property of object successfully

2018-05-31 13:55:43 - [MESSAGE][PASSED] - Modify property of object successfully

2018-05-31 13:55:43 - [TEST_STEP][PASSED] - Statement - batchqty = com.kms.katalon.core.webui.keyword.WebUiBuiltInKeywords.getAttribute(batch, "value").trim(): Attribute 'value' of object '' is: '2800'

2018-05-31 13:55:43 - [MESSAGE][PASSED] - Attribute 'value' of object '' is: '2800'

2018-05-31 13:55:43 - [TEST_STEP][PASSED] - Statement - Rqty = 100: null

2018-05-31 13:55:43 - [TEST_STEP][PASSED] - Statement - out.println("BatchQty : " + batchqty): null

2018-05-31 13:55:43 - [TEST_STEP][PASSED] - Statement - out.println("RQty : " + Rqty): null

2018-05-31 13:55:43 - [TEST_STEP][PASSED] - Statement - If (java.lang.Integer.valueOf(batchqty) >= java.lang.Integer.valueOf(Rqty)): null

2018-05-31 13:55:43 - [TEST_STEP][PASSED] - Statement - Break: null

2018-05-31 13:55:43 - [TEST_STEP][PASSED] - Statement - batchlength = new com.kms.katalon.core.testobject.TestObject(): null

2018-05-31 13:55:43 - [TEST_STEP][PASSED] - Statement - batchlength = com.kms.katalon.core.webui.keyword.WebUiBuiltInKeywords.modifyObjectProperty(batchlength, "xpath", "equals", "//*[@id = "fldvendor" + row + ""]", true): Modify property of object successfully

2018-05-31 13:55:43 - [MESSAGE][PASSED] - Modify property of object successfully

2018-05-31 13:55:43 - [TEST_STEP][PASSED] - Statement - batchsize = com.kms.katalon.core.webui.keyword.WebUiBuiltInKeywords.getNumberOfTotalOption(batchlength): 9 options of object '' counted

2018-05-31 13:55:43 - [MESSAGE][PASSED] - 9 options of object '' counted

2018-05-31 13:55:43 - [TEST_STEP][PASSED] - Statement - out.println("BatchSize : " + batchsize): null

2018-05-31 13:55:43 - [TEST_STEP][PASSED] - Statement - For ([n = 1, n <= batchsize - 1, (n++)]): null

2018-05-31 13:55:43 - [TEST_STEP][PASSED] - Statement - product = new com.kms.katalon.core.testobject.TestObject(): null

2018-05-31 13:55:43 - [TEST_STEP][PASSED] - Statement - product = com.kms.katalon.core.webui.keyword.WebUiBuiltInKeywords.modifyObjectProperty(product, "xpath", "equals", "//*[@id = "fldvendor" + row + ""]", true): Modify property of object successfully

2018-05-31 13:55:43 - [MESSAGE][PASSED] - Modify property of object successfully

2018-05-31 13:55:43 - [TEST_STEP][PASSED] - selectOptionByIndex: All options with index in [1] are selected on object ''

2018-05-31 13:55:43 - [MESSAGE][PASSED] - All options with index in [1] are selected on object ''

2018-05-31 13:55:43 - [TEST_STEP][PASSED] - delay: Delayed 2 second(s)

2018-05-31 13:55:45 - [MESSAGE][PASSED] - Delayed 2 second(s)

2018-05-31 13:55:45 - [TEST_STEP][PASSED] - Statement - batch = new com.kms.katalon.core.testobject.TestObject(): null

2018-05-31 13:55:45 - [TEST_STEP][PASSED] - Statement - batch = com.kms.katalon.core.webui.keyword.WebUiBuiltInKeywords.modifyObjectProperty(batch, "xpath", "equals", "//*[@id = "txtbthqty" + row + ""]", true): Modify property of object successfully

2018-05-31 13:55:45 - [MESSAGE][PASSED] - Modify property of object successfully

2018-05-31 13:55:45 - [TEST_STEP][PASSED] - Statement - batchqty = com.kms.katalon.core.webui.keyword.WebUiBuiltInKeywords.getAttribute(batch, "value").trim(): Attribute 'value' of object '' is: '3800'

2018-05-31 13:55:45 - [MESSAGE][PASSED] - Attribute 'value' of object '' is: '3800'

2018-05-31 13:55:45 - [TEST_STEP][PASSED] - Statement - Rqty = 100: null

2018-05-31 13:55:45 - [TEST_STEP][PASSED] - Statement - out.println("BatchQty : " + batchqty): null

2018-05-31 13:55:45 - [TEST_STEP][PASSED] - Statement - out.println("RQty : " + Rqty): null

2018-05-31 13:55:45 - [TEST_STEP][PASSED] - Statement - If (java.lang.Integer.valueOf(batchqty) >= java.lang.Integer.valueOf(Rqty)): null

2018-05-31 13:55:45 - [TEST_STEP][PASSED] - Statement - Break: null

2018-05-31 13:55:45 - [TEST_STEP][PASSED] - Statement - batchlength = new com.kms.katalon.core.testobject.TestObject(): null

2018-05-31 13:55:45 - [TEST_STEP][PASSED] - Statement - batchlength = com.kms.katalon.core.webui.keyword.WebUiBuiltInKeywords.modifyObjectProperty(batchlength, "xpath", "equals", "//*[@id = "fldvendor" + row + ""]", true): Modify property of object successfully

2018-05-31 13:55:45 - [MESSAGE][PASSED] - Modify property of object successfully

2018-05-31 13:55:45 - [TEST_STEP][PASSED] - Statement - batchsize = com.kms.katalon.core.webui.keyword.WebUiBuiltInKeywords.getNumberOfTotalOption(batchlength): 9 options of object '' counted

2018-05-31 13:55:45 - [MESSAGE][PASSED] - 9 options of object '' counted

2018-05-31 13:55:45 - [TEST_STEP][PASSED] - Statement - out.println("BatchSize : " + batchsize): null

2018-05-31 13:55:45 - [TEST_STEP][PASSED] - Statement - For ([n = 1, n <= batchsize - 1, (n++)]): null

2018-05-31 13:55:45 - [TEST_STEP][PASSED] - Statement - product = new com.kms.katalon.core.testobject.TestObject(): null

2018-05-31 13:55:45 - [TEST_STEP][PASSED] - Statement - product = com.kms.katalon.core.webui.keyword.WebUiBuiltInKeywords.modifyObjectProperty(product, "xpath", "equals", "//*[@id = "fldvendor" + row + ""]", true): Modify property of object successfully

2018-05-31 13:55:45 - [MESSAGE][PASSED] - Modify property of object successfully

2018-05-31 13:55:45 - [TEST_STEP][PASSED] - selectOptionByIndex: All options with index in [1] are selected on object ''

2018-05-31 13:55:46 - [MESSAGE][PASSED] - All options with index in [1] are selected on object ''

2018-05-31 13:55:46 - [TEST_STEP][PASSED] - delay: Delayed 2 second(s)

2018-05-31 13:55:48 - [MESSAGE][PASSED] - Delayed 2 second(s)

2018-05-31 13:55:48 - [TEST_STEP][PASSED] - Statement - batch = new com.kms.katalon.core.testobject.TestObject(): null

2018-05-31 13:55:48 - [TEST_STEP][PASSED] - Statement - batch = com.kms.katalon.core.webui.keyword.WebUiBuiltInKeywords.modifyObjectProperty(batch, "xpath", "equals", "//*[@id = "txtbthqty" + row + ""]", true): Modify property of object successfully

2018-05-31 13:55:48 - [MESSAGE][PASSED] - Modify property of object successfully

2018-05-31 13:55:48 - [TEST_STEP][PASSED] - Statement - batchqty = com.kms.katalon.core.webui.keyword.WebUiBuiltInKeywords.getAttribute(batch, "value").trim(): Attribute 'value' of object '' is: '4600'

2018-05-31 13:55:48 - [MESSAGE][PASSED] - Attribute 'value' of object '' is: '4600'

2018-05-31 13:55:48 - [TEST_STEP][PASSED] - Statement - Rqty = 100: null

2018-05-31 13:55:48 - [TEST_STEP][PASSED] - Statement - out.println("BatchQty : " + batchqty): null

2018-05-31 13:55:48 - [TEST_STEP][PASSED] - Statement - out.println("RQty : " + Rqty): null

2018-05-31 13:55:48 - [TEST_STEP][PASSED] - Statement - If (java.lang.Integer.valueOf(batchqty) >= java.lang.Integer.valueOf(Rqty)): null

2018-05-31 13:55:48 - [TEST_STEP][PASSED] - Statement - Break: null

2018-05-31 13:55:48 - [TEST_STEP][PASSED] - Statement - batchlength = new com.kms.katalon.core.testobject.TestObject(): null

2018-05-31 13:55:48 - [TEST_STEP][PASSED] - Statement - batchlength = com.kms.katalon.core.webui.keyword.WebUiBuiltInKeywords.modifyObjectProperty(batchlength, "xpath", "equals", "//*[@id = "fldvendor" + row + ""]", true): Modify property of object successfully

2018-05-31 13:55:48 - [MESSAGE][PASSED] - Modify property of object successfully

2018-05-31 13:55:48 - [TEST_STEP][PASSED] - Statement - batchsize = com.kms.katalon.core.webui.keyword.WebUiBuiltInKeywords.getNumberOfTotalOption(batchlength): 9 options of object '' counted

2018-05-31 13:55:48 - [MESSAGE][PASSED] - 9 options of object '' counted

2018-05-31 13:55:48 - [TEST_STEP][PASSED] - Statement - out.println("BatchSize : " + batchsize): null

2018-05-31 13:55:48 - [TEST_STEP][PASSED] - Statement - For ([n = 1, n <= batchsize - 1, (n++)]): null

2018-05-31 13:55:48 - [TEST_STEP][PASSED] - Statement - product = new com.kms.katalon.core.testobject.TestObject(): null

2018-05-31 13:55:48 - [TEST_STEP][PASSED] - Statement - product = com.kms.katalon.core.webui.keyword.WebUiBuiltInKeywords.modifyObjectProperty(product, "xpath", "equals", "//*[@id = "fldvendor" + row + ""]", true): Modify property of object successfully

2018-05-31 13:55:48 - [MESSAGE][PASSED] - Modify property of object successfully

2018-05-31 13:55:48 - [TEST_STEP][PASSED] - selectOptionByIndex: All options with index in [1] are selected on object ''

2018-05-31 13:55:48 - [MESSAGE][PASSED] - All options with index in [1] are selected on object ''

2018-05-31 13:55:48 - [TEST_STEP][PASSED] - delay: Delayed 2 second(s)

2018-05-31 13:55:50 - [MESSAGE][PASSED] - Delayed 2 second(s)

2018-05-31 13:55:50 - [TEST_STEP][PASSED] - Statement - batch = new com.kms.katalon.core.testobject.TestObject(): null

2018-05-31 13:55:50 - [TEST_STEP][PASSED] - Statement - batch = com.kms.katalon.core.webui.keyword.WebUiBuiltInKeywords.modifyObjectProperty(batch, "xpath", "equals", "//*[@id = "txtbthqty" + row + ""]", true): Modify property of object successfully

2018-05-31 13:55:50 - [MESSAGE][PASSED] - Modify property of object successfully

2018-05-31 13:55:50 - [TEST_STEP][PASSED] - Statement - batchqty = com.kms.katalon.core.webui.keyword.WebUiBuiltInKeywords.getAttribute(batch, "value").trim(): Attribute 'value' of object '' is: '4900'

2018-05-31 13:55:50 - [MESSAGE][PASSED] - Attribute 'value' of object '' is: '4900'

2018-05-31 13:55:50 - [TEST_STEP][PASSED] - Statement - Rqty = 100: null

2018-05-31 13:55:50 - [TEST_STEP][PASSED] - Statement - out.println("BatchQty : " + batchqty): null

2018-05-31 13:55:50 - [TEST_STEP][PASSED] - Statement - out.println("RQty : " + Rqty): null

2018-05-31 13:55:50 - [TEST_STEP][PASSED] - Statement - If (java.lang.Integer.valueOf(batchqty) >= java.lang.Integer.valueOf(Rqty)): null

2018-05-31 13:55:50 - [TEST_STEP][PASSED] - Statement - Break: null

2018-05-31 13:55:50 - [TEST_STEP][PASSED] - Statement - batchlength = new com.kms.katalon.core.testobject.TestObject(): null

2018-05-31 13:55:50 - [TEST_STEP][PASSED] - Statement - batchlength = com.kms.katalon.core.webui.keyword.WebUiBuiltInKeywords.modifyObjectProperty(batchlength, "xpath", "equals", "//*[@id = "fldvendor" + row + ""]", true): Modify property of object successfully

2018-05-31 13:55:50 - [MESSAGE][PASSED] - Modify property of object successfully

2018-05-31 13:55:50 - [TEST_STEP][PASSED] - Statement - batchsize = com.kms.katalon.core.webui.keyword.WebUiBuiltInKeywords.getNumberOfTotalOption(batchlength): 9 options of object '' counted

2018-05-31 13:55:50 - [MESSAGE][PASSED] - 9 options of object '' counted

2018-05-31 13:55:50 - [TEST_STEP][PASSED] - Statement - out.println("BatchSize : " + batchsize): null

2018-05-31 13:55:50 - [TEST_STEP][PASSED] - Statement - For ([n = 1, n <= batchsize - 1, (n++)]): null

2018-05-31 13:55:50 - [TEST_STEP][PASSED] - Statement - product = new com.kms.katalon.core.testobject.TestObject(): null

2018-05-31 13:55:50 - [TEST_STEP][PASSED] - Statement - product = com.kms.katalon.core.webui.keyword.WebUiBuiltInKeywords.modifyObjectProperty(product, "xpath", "equals", "//*[@id = "fldvendor" + row + ""]", true): Modify property of object successfully

2018-05-31 13:55:50 - [MESSAGE][PASSED] - Modify property of object successfully

2018-05-31 13:55:50 - [TEST_STEP][PASSED] - selectOptionByIndex: All options with index in [1] are selected on object ''

2018-05-31 13:55:50 - [MESSAGE][PASSED] - All options with index in [1] are selected on object ''

2018-05-31 13:55:50 - [TEST_STEP][PASSED] - delay: Delayed 2 second(s)

2018-05-31 13:55:52 - [MESSAGE][PASSED] - Delayed 2 second(s)

2018-05-31 13:55:52 - [TEST_STEP][PASSED] - Statement - batch = new com.kms.katalon.core.testobject.TestObject(): null

2018-05-31 13:55:52 - [TEST_STEP][PASSED] - Statement - batch = com.kms.katalon.core.webui.keyword.WebUiBuiltInKeywords.modifyObjectProperty(batch, "xpath", "equals", "//*[@id = "txtbthqty" + row + ""]", true): Modify property of object successfully

2018-05-31 13:55:52 - [MESSAGE][PASSED] - Modify property of object successfully

2018-05-31 13:55:52 - [TEST_STEP][PASSED] - Statement - batchqty = com.kms.katalon.core.webui.keyword.WebUiBuiltInKeywords.getAttribute(batch, "value").trim(): Attribute 'value' of object '' is: '3800'

2018-05-31 13:55:52 - [MESSAGE][PASSED] - Attribute 'value' of object '' is: '3800'

2018-05-31 13:55:52 - [TEST_STEP][PASSED] - Statement - Rqty = 100: null

2018-05-31 13:55:52 - [TEST_STEP][PASSED] - Statement - out.println("BatchQty : " + batchqty): null

2018-05-31 13:55:52 - [TEST_STEP][PASSED] - Statement - out.println("RQty : " + Rqty): null

2018-05-31 13:55:52 - [TEST_STEP][PASSED] - Statement - If (java.lang.Integer.valueOf(batchqty) >= java.lang.Integer.valueOf(Rqty)): null

2018-05-31 13:55:52 - [TEST_STEP][PASSED] - Statement - Break: null

2018-05-31 13:55:52 - [TEST_STEP][PASSED] - Statement - batchlength = new com.kms.katalon.core.testobject.TestObject(): null

2018-05-31 13:55:52 - [TEST_STEP][PASSED] - Statement - batchlength = com.kms.katalon.core.webui.keyword.WebUiBuiltInKeywords.modifyObjectProperty(batchlength, "xpath", "equals", "//*[@id = "fldvendor" + row + ""]", true): Modify property of object successfully

2018-05-31 13:55:52 - [MESSAGE][PASSED] - Modify property of object successfully

2018-05-31 13:55:52 - [TEST_STEP][PASSED] - Statement - batchsize = com.kms.katalon.core.webui.keyword.WebUiBuiltInKeywords.getNumberOfTotalOption(batchlength): 9 options of object '' counted

2018-05-31 13:55:52 - [MESSAGE][PASSED] - 9 options of object '' counted

2018-05-31 13:55:52 - [TEST_STEP][PASSED] - Statement - out.println("BatchSize : " + batchsize): null

2018-05-31 13:55:52 - [TEST_STEP][PASSED] - Statement - For ([n = 1, n <= batchsize - 1, (n++)]): null

2018-05-31 13:55:52 - [TEST_STEP][PASSED] - Statement - product = new com.kms.katalon.core.testobject.TestObject(): null

2018-05-31 13:55:52 - [TEST_STEP][PASSED] - Statement - product = com.kms.katalon.core.webui.keyword.WebUiBuiltInKeywords.modifyObjectProperty(product, "xpath", "equals", "//*[@id = "fldvendor" + row + ""]", true): Modify property of object successfully

2018-05-31 13:55:52 - [MESSAGE][PASSED] - Modify property of object successfully

2018-05-31 13:55:52 - [TEST_STEP][PASSED] - selectOptionByIndex: All options with index in [1] are selected on object ''

2018-05-31 13:55:52 - [MESSAGE][PASSED] - All options with index in [1] are selected on object ''

2018-05-31 13:55:52 - [TEST_STEP][PASSED] - delay: Delayed 2 second(s)

2018-05-31 13:55:54 - [MESSAGE][PASSED] - Delayed 2 second(s)

2018-05-31 13:55:54 - [TEST_STEP][PASSED] - Statement - batch = new com.kms.katalon.core.testobject.TestObject(): null

2018-05-31 13:55:54 - [TEST_STEP][PASSED] - Statement - batch = com.kms.katalon.core.webui.keyword.WebUiBuiltInKeywords.modifyObjectProperty(batch, "xpath", "equals", "//*[@id = "txtbthqty" + row + ""]", true): Modify property of object successfully

2018-05-31 13:55:54 - [MESSAGE][PASSED] - Modify property of object successfully

2018-05-31 13:55:54 - [TEST_STEP][PASSED] - Statement - batchqty = com.kms.katalon.core.webui.keyword.WebUiBuiltInKeywords.getAttribute(batch, "value").trim(): Attribute 'value' of object '' is: '4900'

2018-05-31 13:55:54 - [MESSAGE][PASSED] - Attribute 'value' of object '' is: '4900'

2018-05-31 13:55:54 - [TEST_STEP][PASSED] - Statement - Rqty = 100: null

2018-05-31 13:55:54 - [TEST_STEP][PASSED] - Statement - out.println("BatchQty : " + batchqty): null

2018-05-31 13:55:54 - [TEST_STEP][PASSED] - Statement - out.println("RQty : " + Rqty): null

2018-05-31 13:55:54 - [TEST_STEP][PASSED] - Statement - If (java.lang.Integer.valueOf(batchqty) >= java.lang.Integer.valueOf(Rqty)): null

2018-05-31 13:55:54 - [TEST_STEP][PASSED] - Statement - Break: null

2018-05-31 13:55:54 - [TEST_STEP][PASSED] - Statement - batchlength = new com.kms.katalon.core.testobject.TestObject(): null

2018-05-31 13:55:54 - [TEST_STEP][PASSED] - Statement - batchlength = com.kms.katalon.core.webui.keyword.WebUiBuiltInKeywords.modifyObjectProperty(batchlength, "xpath", "equals", "//*[@id = "fldvendor" + row + ""]", true): Modify property of object successfully

2018-05-31 13:55:54 - [MESSAGE][PASSED] - Modify property of object successfully

2018-05-31 13:55:54 - [TEST_STEP][PASSED] - Statement - batchsize = com.kms.katalon.core.webui.keyword.WebUiBuiltInKeywords.getNumberOfTotalOption(batchlength): 9 options of object '' counted

2018-05-31 13:55:54 - [MESSAGE][PASSED] - 9 options of object '' counted

2018-05-31 13:55:54 - [TEST_STEP][PASSED] - Statement - out.println("BatchSize : " + batchsize): null

2018-05-31 13:55:54 - [TEST_STEP][PASSED] - Statement - For ([n = 1, n <= batchsize - 1, (n++)]): null

2018-05-31 13:55:54 - [TEST_STEP][PASSED] - Statement - product = new com.kms.katalon.core.testobject.TestObject(): null

2018-05-31 13:55:54 - [TEST_STEP][PASSED] - Statement - product = com.kms.katalon.core.webui.keyword.WebUiBuiltInKeywords.modifyObjectProperty(product, "xpath", "equals", "//*[@id = "fldvendor" + row + ""]", true): Modify property of object successfully

2018-05-31 13:55:54 - [MESSAGE][PASSED] - Modify property of object successfully

2018-05-31 13:55:54 - [TEST_STEP][PASSED] - selectOptionByIndex: All options with index in [1] are selected on object ''

2018-05-31 13:55:55 - [MESSAGE][PASSED] - All options with index in [1] are selected on object ''

2018-05-31 13:55:55 - [TEST_STEP][PASSED] - delay: Delayed 2 second(s)

2018-05-31 13:55:57 - [MESSAGE][PASSED] - Delayed 2 second(s)

2018-05-31 13:55:57 - [TEST_STEP][PASSED] - Statement - batch = new com.kms.katalon.core.testobject.TestObject(): null

2018-05-31 13:55:57 - [TEST_STEP][PASSED] - Statement - batch = com.kms.katalon.core.webui.keyword.WebUiBuiltInKeywords.modifyObjectProperty(batch, "xpath", "equals", "//*[@id = "txtbthqty" + row + ""]", true): Modify property of object successfully

2018-05-31 13:55:57 - [MESSAGE][PASSED] - Modify property of object successfully

2018-05-31 13:55:57 - [TEST_STEP][PASSED] - Statement - batchqty = com.kms.katalon.core.webui.keyword.WebUiBuiltInKeywords.getAttribute(batch, "value").trim(): Attribute 'value' of object '' is: '37700'

2018-05-31 13:55:57 - [MESSAGE][PASSED] - Attribute 'value' of object '' is: '37700'

2018-05-31 13:55:57 - [TEST_STEP][PASSED] - Statement - Rqty = 100: null

2018-05-31 13:55:57 - [TEST_STEP][PASSED] - Statement - out.println("BatchQty : " + batchqty): null

2018-05-31 13:55:57 - [TEST_STEP][PASSED] - Statement - out.println("RQty : " + Rqty): null

2018-05-31 13:55:57 - [TEST_STEP][PASSED] - Statement - If (java.lang.Integer.valueOf(batchqty) >= java.lang.Integer.valueOf(Rqty)): null

2018-05-31 13:55:57 - [TEST_STEP][PASSED] - Statement - Break: null

2018-05-31 13:55:57 - [TEST_STEP][PASSED] - Statement - batchlength = new com.kms.katalon.core.testobject.TestObject(): null

2018-05-31 13:55:57 - [TEST_STEP][PASSED] - Statement - batchlength = com.kms.katalon.core.webui.keyword.WebUiBuiltInKeywords.modifyObjectProperty(batchlength, "xpath", "equals", "//*[@id = "fldvendor" + row + ""]", true): Modify property of object successfully

2018-05-31 13:55:57 - [MESSAGE][PASSED] - Modify property of object successfully

2018-05-31 13:55:57 - [TEST_STEP][PASSED] - Statement - batchsize = com.kms.katalon.core.webui.keyword.WebUiBuiltInKeywords.getNumberOfTotalOption(batchlength): 9 options of object '' counted

2018-05-31 13:55:57 - [MESSAGE][PASSED] - 9 options of object '' counted

2018-05-31 13:55:57 - [TEST_STEP][PASSED] - Statement - out.println("BatchSize : " + batchsize): null

2018-05-31 13:55:57 - [TEST_STEP][PASSED] - Statement - For ([n = 1, n <= batchsize - 1, (n++)]): null

2018-05-31 13:55:57 - [TEST_STEP][PASSED] - Statement - product = new com.kms.katalon.core.testobject.TestObject(): null

2018-05-31 13:55:57 - [TEST_STEP][PASSED] - Statement - product = com.kms.katalon.core.webui.keyword.WebUiBuiltInKeywords.modifyObjectProperty(product, "xpath", "equals", "//*[@id = "fldvendor" + row + ""]", true): Modify property of object successfully

2018-05-31 13:55:57 - [MESSAGE][PASSED] - Modify property of object successfully

2018-05-31 13:55:57 - [TEST_STEP][PASSED] - selectOptionByIndex: All options with index in [1] are selected on object ''

2018-05-31 13:55:57 - [MESSAGE][PASSED] - All options with index in [1] are selected on object ''

2018-05-31 13:55:57 - [TEST_STEP][PASSED] - delay: Delayed 2 second(s)

2018-05-31 13:55:59 - [MESSAGE][PASSED] - Delayed 2 second(s)

2018-05-31 13:55:59 - [TEST_STEP][PASSED] - Statement - batch = new com.kms.katalon.core.testobject.TestObject(): null

2018-05-31 13:55:59 - [TEST_STEP][PASSED] - Statement - batch = com.kms.katalon.core.webui.keyword.WebUiBuiltInKeywords.modifyObjectProperty(batch, "xpath", "equals", "//*[@id = "txtbthqty" + row + ""]", true): Modify property of object successfully

2018-05-31 13:55:59 - [MESSAGE][PASSED] - Modify property of object successfully

2018-05-31 13:55:59 - [TEST_STEP][PASSED] - Statement - batchqty = com.kms.katalon.core.webui.keyword.WebUiBuiltInKeywords.getAttribute(batch, "value").trim(): Attribute 'value' of object '' is: '2800'

2018-05-31 13:55:59 - [MESSAGE][PASSED] - Attribute 'value' of object '' is: '2800'

2018-05-31 13:55:59 - [TEST_STEP][PASSED] - Statement - Rqty = 100: null

2018-05-31 13:55:59 - [TEST_STEP][PASSED] - Statement - out.println("BatchQty : " + batchqty): null

2018-05-31 13:55:59 - [TEST_STEP][PASSED] - Statement - out.println("RQty : " + Rqty): null

2018-05-31 13:55:59 - [TEST_STEP][PASSED] - Statement - If (java.lang.Integer.valueOf(batchqty) >= java.lang.Integer.valueOf(Rqty)): null

2018-05-31 13:55:59 - [TEST_STEP][PASSED] - Statement - Break: null

2018-05-31 13:55:59 - [TEST_STEP][PASSED] - Statement - batchlength = new com.kms.katalon.core.testobject.TestObject(): null

2018-05-31 13:55:59 - [TEST_STEP][PASSED] - Statement - batchlength = com.kms.katalon.core.webui.keyword.WebUiBuiltInKeywords.modifyObjectProperty(batchlength, "xpath", "equals", "//*[@id = "fldvendor" + row + ""]", true): Modify property of object successfully

2018-05-31 13:55:59 - [MESSAGE][PASSED] - Modify property of object successfully

2018-05-31 13:55:59 - [TEST_STEP][PASSED] - Statement - batchsize = com.kms.katalon.core.webui.keyword.WebUiBuiltInKeywords.getNumberOfTotalOption(batchlength): 9 options of object '' counted

2018-05-31 13:55:59 - [MESSAGE][PASSED] - 9 options of object '' counted

2018-05-31 13:55:59 - [TEST_STEP][PASSED] - Statement - out.println("BatchSize : " + batchsize): null

2018-05-31 13:55:59 - [TEST_STEP][PASSED] - Statement - For ([n = 1, n <= batchsize - 1, (n++)]): null

2018-05-31 13:55:59 - [TEST_STEP][PASSED] - Statement - product = new com.kms.katalon.core.testobject.TestObject(): null

2018-05-31 13:55:59 - [TEST_STEP][PASSED] - Statement - product = com.kms.katalon.core.webui.keyword.WebUiBuiltInKeywords.modifyObjectProperty(product, "xpath", "equals", "//*[@id = "fldvendor" + row + ""]", true): Modify property of object successfully

2018-05-31 13:55:59 - [MESSAGE][PASSED] - Modify property of object successfully

2018-05-31 13:55:59 - [TEST_STEP][PASSED] - selectOptionByIndex: All options with index in [1] are selected on object ''

2018-05-31 13:55:59 - [MESSAGE][PASSED] - All options with index in [1] are selected on object ''

2018-05-31 13:55:59 - [TEST_STEP][PASSED] - delay: Delayed 2 second(s)

2018-05-31 13:56:01 - [MESSAGE][PASSED] - Delayed 2 second(s)

2018-05-31 13:56:01 - [TEST_STEP][PASSED] - Statement - batch = new com.kms.katalon.core.testobject.TestObject(): null

2018-05-31 13:56:01 - [TEST_STEP][PASSED] - Statement - batch = com.kms.katalon.core.webui.keyword.WebUiBuiltInKeywords.modifyObjectProperty(batch, "xpath", "equals", "//*[@id = "txtbthqty" + row + ""]", true): Modify property of object successfully

2018-05-31 13:56:01 - [MESSAGE][PASSED] - Modify property of object successfully

2018-05-31 13:56:01 - [TEST_STEP][PASSED] - Statement - batchqty = com.kms.katalon.core.webui.keyword.WebUiBuiltInKeywords.getAttribute(batch, "value").trim(): Attribute 'value' of object '' is: '3800'

2018-05-31 13:56:01 - [MESSAGE][PASSED] - Attribute 'value' of object '' is: '3800'

2018-05-31 13:56:01 - [TEST_STEP][PASSED] - Statement - Rqty = 100: null

2018-05-31 13:56:01 - [TEST_STEP][PASSED] - Statement - out.println("BatchQty : " + batchqty): null

2018-05-31 13:56:01 - [TEST_STEP][PASSED] - Statement - out.println("RQty : " + Rqty): null

2018-05-31 13:56:01 - [TEST_STEP][PASSED] - Statement - If (java.lang.Integer.valueOf(batchqty) >= java.lang.Integer.valueOf(Rqty)): null

2018-05-31 13:56:01 - [TEST_STEP][PASSED] - Statement - Break: null

2018-05-31 13:56:01 - [TEST_STEP][PASSED] - Statement - batchlength = new com.kms.katalon.core.testobject.TestObject(): null

2018-05-31 13:56:01 - [TEST_STEP][PASSED] - Statement - batchlength = com.kms.katalon.core.webui.keyword.WebUiBuiltInKeywords.modifyObjectProperty(batchlength, "xpath", "equals", "//*[@id = "fldvendor" + row + ""]", true): Modify property of object successfully

2018-05-31 13:56:01 - [MESSAGE][PASSED] - Modify property of object successfully

2018-05-31 13:56:01 - [TEST_STEP][PASSED] - Statement - batchsize = com.kms.katalon.core.webui.keyword.WebUiBuiltInKeywords.getNumberOfTotalOption(batchlength): 9 options of object '' counted

2018-05-31 13:56:01 - [MESSAGE][PASSED] - 9 options of object '' counted

2018-05-31 13:56:01 - [TEST_STEP][PASSED] - Statement - out.println("BatchSize : " + batchsize): null

2018-05-31 13:56:01 - [TEST_STEP][PASSED] - Statement - For ([n = 1, n <= batchsize - 1, (n++)]): null

2018-05-31 13:56:01 - [TEST_STEP][PASSED] - Statement - product = new com.kms.katalon.core.testobject.TestObject(): null

2018-05-31 13:56:01 - [TEST_STEP][PASSED] - Statement - product = com.kms.katalon.core.webui.keyword.WebUiBuiltInKeywords.modifyObjectProperty(product, "xpath", "equals", "//*[@id = "fldvendor" + row + ""]", true): Modify property of object successfully

2018-05-31 13:56:01 - [MESSAGE][PASSED] - Modify property of object successfully

2018-05-31 13:56:01 - [TEST_STEP][PASSED] - selectOptionByIndex: All options with index in [1] are selected on object ''

2018-05-31 13:56:01 - [MESSAGE][PASSED] - All options with index in [1] are selected on object ''

2018-05-31 13:56:01 - [TEST_STEP][PASSED] - delay: Delayed 2 second(s)

2018-05-31 13:56:03 - [MESSAGE][PASSED] - Delayed 2 second(s)

2018-05-31 13:56:03 - [TEST_STEP][PASSED] - Statement - batch = new com.kms.katalon.core.testobject.TestObject(): null

2018-05-31 13:56:03 - [TEST_STEP][PASSED] - Statement - batch = com.kms.katalon.core.webui.keyword.WebUiBuiltInKeywords.modifyObjectProperty(batch, "xpath", "equals", "//*[@id = "txtbthqty" + row + ""]", true): Modify property of object successfully

2018-05-31 13:56:03 - [MESSAGE][PASSED] - Modify property of object successfully

2018-05-31 13:56:03 - [TEST_STEP][PASSED] - Statement - batchqty = com.kms.katalon.core.webui.keyword.WebUiBuiltInKeywords.getAttribute(batch, "value").trim(): Attribute 'value' of object '' is: '3800'

2018-05-31 13:56:03 - [MESSAGE][PASSED] - Attribute 'value' of object '' is: '3800'

2018-05-31 13:56:03 - [TEST_STEP][PASSED] - Statement - Rqty = 100: null

2018-05-31 13:56:03 - [TEST_STEP][PASSED] - Statement - out.println("BatchQty : " + batchqty): null

2018-05-31 13:56:03 - [TEST_STEP][PASSED] - Statement - out.println("RQty : " + Rqty): null

2018-05-31 13:56:03 - [TEST_STEP][PASSED] - Statement - If (java.lang.Integer.valueOf(batchqty) >= java.lang.Integer.valueOf(Rqty)): null

2018-05-31 13:56:03 - [TEST_STEP][PASSED] - Statement - Break: null

2018-05-31 13:56:03 - [TEST_STEP][PASSED] - Statement - batchlength = new com.kms.katalon.core.testobject.TestObject(): null

2018-05-31 13:56:03 - [TEST_STEP][PASSED] - Statement - batchlength = com.kms.katalon.core.webui.keyword.WebUiBuiltInKeywords.modifyObjectProperty(batchlength, "xpath", "equals", "//*[@id = "fldvendor" + row + ""]", true): Modify property of object successfully

2018-05-31 13:56:03 - [MESSAGE][PASSED] - Modify property of object successfully

2018-05-31 13:56:03 - [TEST_STEP][PASSED] - Statement - batchsize = com.kms.katalon.core.webui.keyword.WebUiBuiltInKeywords.getNumberOfTotalOption(batchlength): 9 options of object '' counted

2018-05-31 13:56:03 - [MESSAGE][PASSED] - 9 options of object '' counted

2018-05-31 13:56:03 - [TEST_STEP][PASSED] - Statement - out.println("BatchSize : " + batchsize): null

2018-05-31 13:56:03 - [TEST_STEP][PASSED] - Statement - For ([n = 1, n <= batchsize - 1, (n++)]): null

2018-05-31 13:56:03 - [TEST_STEP][PASSED] - Statement - product = new com.kms.katalon.core.testobject.TestObject(): null

2018-05-31 13:56:03 - [TEST_STEP][PASSED] - Statement - product = com.kms.katalon.core.webui.keyword.WebUiBuiltInKeywords.modifyObjectProperty(product, "xpath", "equals", "//*[@id = "fldvendor" + row + ""]", true): Modify property of object successfully

2018-05-31 13:56:03 - [MESSAGE][PASSED] - Modify property of object successfully

2018-05-31 13:56:03 - [TEST_STEP][PASSED] - selectOptionByIndex: All options with index in [1] are selected on object ''

2018-05-31 13:56:04 - [MESSAGE][PASSED] - All options with index in [1] are selected on object ''

2018-05-31 13:56:04 - [TEST_STEP][PASSED] - delay: Delayed 2 second(s)

2018-05-31 13:56:06 - [MESSAGE][PASSED] - Delayed 2 second(s)

2018-05-31 13:56:06 - [TEST_STEP][PASSED] - Statement - batch = new com.kms.katalon.core.testobject.TestObject(): null

2018-05-31 13:56:06 - [TEST_STEP][PASSED] - Statement - batch = com.kms.katalon.core.webui.keyword.WebUiBuiltInKeywords.modifyObjectProperty(batch, "xpath", "equals", "//*[@id = "txtbthqty" + row + ""]", true): Modify property of object successfully

2018-05-31 13:56:06 - [MESSAGE][PASSED] - Modify property of object successfully

2018-05-31 13:56:06 - [TEST_STEP][PASSED] - Statement - batchqty = com.kms.katalon.core.webui.keyword.WebUiBuiltInKeywords.getAttribute(batch, "value").trim(): Attribute 'value' of object '' is: '37700'

2018-05-31 13:56:06 - [MESSAGE][PASSED] - Attribute 'value' of object '' is: '37700'

2018-05-31 13:56:06 - [TEST_STEP][PASSED] - Statement - Rqty = 100: null

2018-05-31 13:56:06 - [TEST_STEP][PASSED] - Statement - out.println("BatchQty : " + batchqty): null

2018-05-31 13:56:06 - [TEST_STEP][PASSED] - Statement - out.println("RQty : " + Rqty): null

2018-05-31 13:56:06 - [TEST_STEP][PASSED] - Statement - If (java.lang.Integer.valueOf(batchqty) >= java.lang.Integer.valueOf(Rqty)): null

2018-05-31 13:56:06 - [TEST_STEP][PASSED] - Statement - Break: null

2018-05-31 13:56:06 - [TEST_STEP][PASSED] - delay: Delayed 2 second(s)

2018-05-31 13:56:08 - [MESSAGE][PASSED] - Delayed 2 second(s)

2018-05-31 13:56:08 - [TEST_STEP][PASSED] - click: Object: 'Object Repository/DispensaryToCms/Page_KDMC - CMS/input_btndispatch' is clicked on

2018-05-31 13:56:08 - [MESSAGE][PASSED] - Object: 'Object Repository/DispensaryToCms/Page_KDMC - CMS/input_btndispatch' is clicked on

2018-05-31 13:56:08 - [TEST_STEP][PASSED] - delay: Delayed 3 second(s)

2018-05-31 13:56:11 - [MESSAGE][PASSED] - Delayed 3 second(s)

2018-05-31 13:56:11 - [TEST_STEP][PASSED] - click: Object: 'Object Repository/DispensaryToCms/Page_KDMC - CMS/button_OK' is clicked on

2018-05-31 13:56:12 - [MESSAGE][PASSED] - Object: 'Object Repository/DispensaryToCms/Page_KDMC - CMS/button_OK' is clicked on

2018-05-31 13:56:12 - [TEST_STEP][PASSED] - delay: Delayed 3 second(s)

2018-05-31 13:56:15 - [MESSAGE][PASSED] - Delayed 3 second(s)

2018-05-31 13:56:15 - [TEST_STEP][PASSED] - waitForElementPresent: Object 'Object Repository/DispensaryToStore/Page_Dispensary Store/a_dropdown-toggle' is not present after 20 second(s)

2018-05-31 13:56:35 - [MESSAGE][WARNING] - Object 'Object Repository/DispensaryToStore/Page_Dispensary Store/a_dropdown-toggle' is not present after 20 second(s)

2018-05-31 13:56:35 - [TEST_STEP][PASSED] - click: Object: 'Object Repository/DispensaryToCms/Page_KDMC - CMS/a_dropdown-toggle' is clicked on

2018-05-31 13:56:36 - [MESSAGE][PASSED] - Object: 'Object Repository/DispensaryToCms/Page_KDMC - CMS/a_dropdown-toggle' is clicked on

2018-05-31 13:56:36 - [TEST_STEP][PASSED] - click: Object: 'Object Repository/DispensaryToCms/Page_KDMC - CMS/a_Sign out' is clicked on

2018-05-31 13:56:36 - [MESSAGE][PASSED] - Object: 'Object Repository/DispensaryToCms/Page_KDMC - CMS/a_Sign out' is clicked on

2018-05-31 13:56:36 - [TEST_STEP][PASSED] - delay: Delayed 3 second(s)

2018-05-31 13:56:39 - [MESSAGE][PASSED] - Delayed 3 second(s)

2018-05-31 13:56:39 - [TEST_STEP][PASSED] - navigateToUrl: Navigate to 'http://192.168.137.1/multihospital_new/HDSplashscreen.aspx' successfully

2018-05-31 13:56:40 - [MESSAGE][PASSED] - Navigate to 'http://192.168.137.1/multihospital_new/HDSplashscreen.aspx' successfully

2018-05-31 13:56:40 - [TEST_STEP][PASSED] - click: Object: 'Object Repository/DispensaryToCms/Page_KDMC/a_Dispensary Store' is clicked on

2018-05-31 13:56:40 - [MESSAGE][PASSED] - Object: 'Object Repository/DispensaryToCms/Page_KDMC/a_Dispensary Store' is clicked on

2018-05-31 13:56:40 - [TEST_STEP][PASSED] - setText: Text 'rajaram' is set on object 'Object Repository/DispensaryToCms/Page_Dispensary Store Login/input_txtusername'

2018-05-31 13:56:40 - [MESSAGE][PASSED] - Text 'rajaram' is set on object 'Object Repository/DispensaryToCms/Page_Dispensary Store Login/input_txtusername'

2018-05-31 13:56:40 - [TEST_STEP][PASSED] - setText: Text '123' is set on object 'Object Repository/DispensaryToCms/Page_Dispensary Store Login/input_txtpassword'

2018-05-31 13:56:40 - [MESSAGE][PASSED] - Text '123' is set on object 'Object Repository/DispensaryToCms/Page_Dispensary Store Login/input_txtpassword'

2018-05-31 13:56:40 - [TEST_STEP][PASSED] - delay: Delayed 3 second(s)

2018-05-31 13:56:43 - [MESSAGE][PASSED] - Delayed 3 second(s)

2018-05-31 13:56:43 - [TEST_STEP][PASSED] - click: Object: 'Object Repository/DispensaryToCms/Page_Dispensary Store Login/button_Sign in' is clicked on

2018-05-31 13:56:44 - [MESSAGE][PASSED] - Object: 'Object Repository/DispensaryToCms/Page_Dispensary Store Login/button_Sign in' is clicked on

2018-05-31 13:56:44 - [TEST_STEP][PASSED] - delay: Delayed 3 second(s)

2018-05-31 13:56:47 - [MESSAGE][PASSED] - Delayed 3 second(s)

2018-05-31 13:56:47 - [TEST_STEP][PASSED] - click: Object: 'Object Repository/DispensaryToCms/Page_Dispensary Store/a_CMS' is clicked on

2018-05-31 13:56:47 - [MESSAGE][PASSED] - Object: 'Object Repository/DispensaryToCms/Page_Dispensary Store/a_CMS' is clicked on

2018-05-31 13:56:47 - [TEST_STEP][PASSED] - delay: Delayed 2 second(s)

2018-05-31 13:56:49 - [MESSAGE][PASSED] - Delayed 2 second(s)

2018-05-31 13:56:49 - [TEST_STEP][PASSED] - click: Object: 'Object Repository/DispensaryToCms/Page_Dispensary Store/a_Receiving Goods' is clicked on

2018-05-31 13:56:50 - [MESSAGE][PASSED] - Object: 'Object Repository/DispensaryToCms/Page_Dispensary Store/a_Receiving Goods' is clicked on

2018-05-31 13:56:50 - [TEST_STEP][PASSED] - setText: Text 'PRNO/31052018/503' is set on object 'Object Repository/DispensaryToCms/Page_Dispensary Store/input'

2018-05-31 13:56:50 - [MESSAGE][PASSED] - Text 'PRNO/31052018/503' is set on object 'Object Repository/DispensaryToCms/Page_Dispensary Store/input'

2018-05-31 13:56:50 - [TEST_STEP][PASSED] - click: Object: 'Object Repository/DispensaryToCms/Page_Dispensary Store/input_PRNO18052018174' is clicked on

2018-05-31 13:56:50 - [MESSAGE][PASSED] - Object: 'Object Repository/DispensaryToCms/Page_Dispensary Store/input_PRNO18052018174' is clicked on

2018-05-31 13:56:50 - [TEST_STEP][PASSED] - delay: Delayed 2 second(s)

2018-05-31 13:56:52 - [MESSAGE][PASSED] - Delayed 2 second(s)

2018-05-31 13:56:52 - [TEST_STEP][PASSED] - click: Object: 'Object Repository/DispensaryToCms/Page_Dispensary Store/input_chkrem' is clicked on

2018-05-31 13:56:52 - [MESSAGE][PASSED] - Object: 'Object Repository/DispensaryToCms/Page_Dispensary Store/input_chkrem' is clicked on

2018-05-31 13:56:52 - [TEST_STEP][PASSED] - scrollToElement: Scroll to object 'Object Repository/DispensaryToCms/Page_Dispensary Store/input_btchkroqadd' successfully

2018-05-31 13:56:52 - [MESSAGE][PASSED] - Scroll to object 'Object Repository/DispensaryToCms/Page_Dispensary Store/input_btchkroqadd' successfully

2018-05-31 13:56:52 - [TEST_STEP][PASSED] - click: Object: 'Object Repository/DispensaryToCms/Page_Dispensary Store/input_btchkroqadd' is clicked on

2018-05-31 13:56:53 - [MESSAGE][PASSED] - Object: 'Object Repository/DispensaryToCms/Page_Dispensary Store/input_btchkroqadd' is clicked on

2018-05-31 13:56:53 - [TEST_STEP][PASSED] - delay: Delayed 2 second(s)

2018-05-31 13:56:55 - [MESSAGE][PASSED] - Delayed 2 second(s)

2018-05-31 13:56:55 - [TEST_STEP][PASSED] - refresh: Refresh successfully

2018-05-31 13:56:55 - [MESSAGE][PASSED] - Refresh successfully

2018-05-31 13:56:55 - [TEST_STEP][PASSED] - delay: Delayed 3 second(s)

2018-05-31 13:56:58 - [MESSAGE][PASSED] - Delayed 3 second(s)

2018-05-31 13:56:58 - [TEST_STEP][PASSED] - waitForElementPresent: Object 'Object Repository/DispensaryToStore/Page_Dispensary Store/a_dropdown-toggle' is present

2018-05-31 13:56:58 - [MESSAGE][PASSED] - Object 'Object Repository/DispensaryToStore/Page_Dispensary Store/a_dropdown-toggle' is present

2018-05-31 13:56:58 - [TEST_STEP][PASSED] - click: Object: 'Object Repository/DispensaryToCms/Page_Dispensary Store/a_dropdown-toggle' is clicked on

2018-05-31 13:56:58 - [MESSAGE][PASSED] - Object: 'Object Repository/DispensaryToCms/Page_Dispensary Store/a_dropdown-toggle' is clicked on

2018-05-31 13:56:58 - [TEST_STEP][PASSED] - click: Object: 'Object Repository/DispensaryToCms/Page_Dispensary Store/a_Sign out' is clicked on

2018-05-31 13:56:59 - [MESSAGE][PASSED] - Object: 'Object Repository/DispensaryToCms/Page_Dispensary Store/a_Sign out' is clicked on

2018-05-31 13:56:59 - [TEST_STEP][PASSED] - closeBrowser: Browser is closed

2018-05-31 13:57:00 - [MESSAGE][PASSED] - Browser is closed]]></system-out>
         <system-err><![CDATA[]]></system-err>
      </testcase>
      <testcase name="Test Cases/DISPENSARY TEST CASES/TC_DP_016 Verify Schedule 4 Dispensary To CMS Request Are Working Successfully Or Not" classname="Test Cases/DISPENSARY TEST CASES/TC_DP_016 Verify Schedule 4 Dispensary To CMS Request Are Working Successfully Or Not" status="PASSED">
         <system-out><![CDATA[2018-05-31 13:57:00 - [TEST_CASE][PASSED] - Test Cases/DISPENSARY TEST CASES/TC_DP_016 Verify Schedule 4 Dispensary To CMS Request Are Working Successfully Or Not: Test Cases/DISPENSARY TEST CASES/TC_DP_016 Verify Schedule 4 Dispensary To CMS Request Are Working Successfully Or Not

2018-05-31 13:57:00 - [TEST_STEP][PASSED] - openBrowser: Browser is opened with url: ''

2018-05-31 13:57:02 - [MESSAGE][PASSED] - Browser is opened with url: ''

2018-05-31 13:57:02 - [TEST_STEP][PASSED] - navigateToUrl: Navigate to 'http://192.168.137.1/multihospital_new/HDSplashscreen.aspx' successfully

2018-05-31 13:57:05 - [MESSAGE][PASSED] - Navigate to 'http://192.168.137.1/multihospital_new/HDSplashscreen.aspx' successfully

2018-05-31 13:57:05 - [TEST_STEP][PASSED] - maximizeWindow: Current window maximized

2018-05-31 13:57:07 - [MESSAGE][PASSED] - Current window maximized

2018-05-31 13:57:07 - [TEST_STEP][PASSED] - click: Object: 'Object Repository/DispensaryToCms/Page_KDMC/a_Dispensary Store' is clicked on

2018-05-31 13:57:08 - [MESSAGE][PASSED] - Object: 'Object Repository/DispensaryToCms/Page_KDMC/a_Dispensary Store' is clicked on

2018-05-31 13:57:08 - [TEST_STEP][PASSED] - setText: Text 'rajaram' is set on object 'Object Repository/DispensaryToCms/Page_Dispensary Store Login/input_txtusername'

2018-05-31 13:57:08 - [MESSAGE][PASSED] - Text 'rajaram' is set on object 'Object Repository/DispensaryToCms/Page_Dispensary Store Login/input_txtusername'

2018-05-31 13:57:08 - [TEST_STEP][PASSED] - setText: Text '123' is set on object 'Object Repository/DispensaryToCms/Page_Dispensary Store Login/input_txtpassword'

2018-05-31 13:57:08 - [MESSAGE][PASSED] - Text '123' is set on object 'Object Repository/DispensaryToCms/Page_Dispensary Store Login/input_txtpassword'

2018-05-31 13:57:08 - [TEST_STEP][PASSED] - delay: Delayed 3 second(s)

2018-05-31 13:57:11 - [MESSAGE][PASSED] - Delayed 3 second(s)

2018-05-31 13:57:11 - [TEST_STEP][PASSED] - click: Object: 'Object Repository/DispensaryToCms/Page_Dispensary Store Login/button_Sign in' is clicked on

2018-05-31 13:57:12 - [MESSAGE][PASSED] - Object: 'Object Repository/DispensaryToCms/Page_Dispensary Store Login/button_Sign in' is clicked on

2018-05-31 13:57:12 - [TEST_STEP][PASSED] - delay: Delayed 3 second(s)

2018-05-31 13:57:15 - [MESSAGE][PASSED] - Delayed 3 second(s)

2018-05-31 13:57:15 - [TEST_STEP][PASSED] - click: Object: 'Object Repository/DispensaryToCms/Page_Dispensary Store/a_CMS' is clicked on

2018-05-31 13:57:15 - [MESSAGE][PASSED] - Object: 'Object Repository/DispensaryToCms/Page_Dispensary Store/a_CMS' is clicked on

2018-05-31 13:57:15 - [TEST_STEP][PASSED] - click: Object: 'Object Repository/DispensaryToCms/Page_Dispensary Store/a_Request Send' is clicked on

2018-05-31 13:57:16 - [MESSAGE][PASSED] - Object: 'Object Repository/DispensaryToCms/Page_Dispensary Store/a_Request Send' is clicked on

2018-05-31 13:57:16 - [TEST_STEP][PASSED] - delay: Delayed 2 second(s)

2018-05-31 13:57:18 - [MESSAGE][PASSED] - Delayed 2 second(s)

2018-05-31 13:57:18 - [TEST_STEP][PASSED] - selectOptionByIndex: All options with index in [2] are selected on object 'Object Repository/DispensaryToCms/Page_Dispensary Store/select_--Select--'

2018-05-31 13:57:18 - [MESSAGE][PASSED] - All options with index in [2] are selected on object 'Object Repository/DispensaryToCms/Page_Dispensary Store/select_--Select--'

2018-05-31 13:57:18 - [TEST_STEP][PASSED] - selectOptionByIndex: All options with index in [4] are selected on object 'Object Repository/DispensaryToCms/Page_Dispensary Store/select_--Select--Schedule 1Inj'

2018-05-31 13:57:18 - [MESSAGE][PASSED] - All options with index in [4] are selected on object 'Object Repository/DispensaryToCms/Page_Dispensary Store/select_--Select--Schedule 1Inj'

2018-05-31 13:57:18 - [TEST_STEP][PASSED] - Statement - medicineslength = com.kms.katalon.core.webui.keyword.WebUiBuiltInKeywords.getNumberOfTotalOption(com.kms.katalon.core.testobject.ObjectRepository.findTestObject(DispensaryToCms/Page_Dispensary Store/select_--Select--Adernaline 0.)): 16 options of object 'Object Repository/DispensaryToCms/Page_Dispensary Store/select_--Select--Adernaline 0.' counted

2018-05-31 13:57:18 - [MESSAGE][PASSED] - 16 options of object 'Object Repository/DispensaryToCms/Page_Dispensary Store/select_--Select--Adernaline 0.' counted

2018-05-31 13:57:18 - [TEST_STEP][PASSED] - Statement - For ([e = 1, e <= medicineslength - 1, (e++)]): Delayed 1 second(s)

2018-05-31 13:57:18 - [TEST_STEP][PASSED] - selectOptionByIndex: All options with index in [4] are selected on object 'Object Repository/DispensaryToCms/Page_Dispensary Store/select_--Select--Schedule 1Inj'

2018-05-31 13:57:18 - [MESSAGE][PASSED] - All options with index in [4] are selected on object 'Object Repository/DispensaryToCms/Page_Dispensary Store/select_--Select--Schedule 1Inj'

2018-05-31 13:57:18 - [TEST_STEP][PASSED] - delay: Delayed 1 second(s)

2018-05-31 13:57:19 - [MESSAGE][PASSED] - Delayed 1 second(s)

2018-05-31 13:57:19 - [TEST_STEP][PASSED] - selectOptionByIndex: All options with index in [1] are selected on object 'Object Repository/DispensaryToCms/Page_Dispensary Store/select_--Select--Adernaline 0.'

2018-05-31 13:57:19 - [MESSAGE][PASSED] - All options with index in [1] are selected on object 'Object Repository/DispensaryToCms/Page_Dispensary Store/select_--Select--Adernaline 0.'

2018-05-31 13:57:19 - [TEST_STEP][PASSED] - setText: Text '100' is set on object 'Object Repository/DispensaryToCms/Page_Dispensary Store/input_txttreat'

2018-05-31 13:57:19 - [MESSAGE][PASSED] - Text '100' is set on object 'Object Repository/DispensaryToCms/Page_Dispensary Store/input_txttreat'

2018-05-31 13:57:19 - [TEST_STEP][PASSED] - click: Object: 'Object Repository/DispensaryToCms/Page_Dispensary Store/button_Add' is clicked on

2018-05-31 13:57:20 - [MESSAGE][PASSED] - Object: 'Object Repository/DispensaryToCms/Page_Dispensary Store/button_Add' is clicked on

2018-05-31 13:57:20 - [TEST_STEP][PASSED] - delay: Delayed 1 second(s)

2018-05-31 13:57:21 - [MESSAGE][PASSED] - Delayed 1 second(s)

2018-05-31 13:57:21 - [TEST_STEP][PASSED] - selectOptionByIndex: All options with index in [4] are selected on object 'Object Repository/DispensaryToCms/Page_Dispensary Store/select_--Select--Schedule 1Inj'

2018-05-31 13:57:21 - [MESSAGE][PASSED] - All options with index in [4] are selected on object 'Object Repository/DispensaryToCms/Page_Dispensary Store/select_--Select--Schedule 1Inj'

2018-05-31 13:57:21 - [TEST_STEP][PASSED] - delay: Delayed 1 second(s)

2018-05-31 13:57:22 - [MESSAGE][PASSED] - Delayed 1 second(s)

2018-05-31 13:57:22 - [TEST_STEP][PASSED] - selectOptionByIndex: All options with index in [2] are selected on object 'Object Repository/DispensaryToCms/Page_Dispensary Store/select_--Select--Adernaline 0.'

2018-05-31 13:57:22 - [MESSAGE][PASSED] - All options with index in [2] are selected on object 'Object Repository/DispensaryToCms/Page_Dispensary Store/select_--Select--Adernaline 0.'

2018-05-31 13:57:22 - [TEST_STEP][PASSED] - setText: Text '100' is set on object 'Object Repository/DispensaryToCms/Page_Dispensary Store/input_txttreat'

2018-05-31 13:57:22 - [MESSAGE][PASSED] - Text '100' is set on object 'Object Repository/DispensaryToCms/Page_Dispensary Store/input_txttreat'

2018-05-31 13:57:22 - [TEST_STEP][PASSED] - click: Object: 'Object Repository/DispensaryToCms/Page_Dispensary Store/button_Add' is clicked on

2018-05-31 13:57:22 - [MESSAGE][PASSED] - Object: 'Object Repository/DispensaryToCms/Page_Dispensary Store/button_Add' is clicked on

2018-05-31 13:57:22 - [TEST_STEP][PASSED] - delay: Delayed 1 second(s)

2018-05-31 13:57:23 - [MESSAGE][PASSED] - Delayed 1 second(s)

2018-05-31 13:57:23 - [TEST_STEP][PASSED] - selectOptionByIndex: All options with index in [4] are selected on object 'Object Repository/DispensaryToCms/Page_Dispensary Store/select_--Select--Schedule 1Inj'

2018-05-31 13:57:23 - [MESSAGE][PASSED] - All options with index in [4] are selected on object 'Object Repository/DispensaryToCms/Page_Dispensary Store/select_--Select--Schedule 1Inj'

2018-05-31 13:57:23 - [TEST_STEP][PASSED] - delay: Delayed 1 second(s)

2018-05-31 13:57:24 - [MESSAGE][PASSED] - Delayed 1 second(s)

2018-05-31 13:57:24 - [TEST_STEP][PASSED] - selectOptionByIndex: All options with index in [3] are selected on object 'Object Repository/DispensaryToCms/Page_Dispensary Store/select_--Select--Adernaline 0.'

2018-05-31 13:57:24 - [MESSAGE][PASSED] - All options with index in [3] are selected on object 'Object Repository/DispensaryToCms/Page_Dispensary Store/select_--Select--Adernaline 0.'

2018-05-31 13:57:24 - [TEST_STEP][PASSED] - setText: Text '100' is set on object 'Object Repository/DispensaryToCms/Page_Dispensary Store/input_txttreat'

2018-05-31 13:57:24 - [MESSAGE][PASSED] - Text '100' is set on object 'Object Repository/DispensaryToCms/Page_Dispensary Store/input_txttreat'

2018-05-31 13:57:24 - [TEST_STEP][PASSED] - click: Object: 'Object Repository/DispensaryToCms/Page_Dispensary Store/button_Add' is clicked on

2018-05-31 13:57:25 - [MESSAGE][PASSED] - Object: 'Object Repository/DispensaryToCms/Page_Dispensary Store/button_Add' is clicked on

2018-05-31 13:57:25 - [TEST_STEP][PASSED] - delay: Delayed 1 second(s)

2018-05-31 13:57:26 - [MESSAGE][PASSED] - Delayed 1 second(s)

2018-05-31 13:57:26 - [TEST_STEP][PASSED] - selectOptionByIndex: All options with index in [4] are selected on object 'Object Repository/DispensaryToCms/Page_Dispensary Store/select_--Select--Schedule 1Inj'

2018-05-31 13:57:26 - [MESSAGE][PASSED] - All options with index in [4] are selected on object 'Object Repository/DispensaryToCms/Page_Dispensary Store/select_--Select--Schedule 1Inj'

2018-05-31 13:57:26 - [TEST_STEP][PASSED] - delay: Delayed 1 second(s)

2018-05-31 13:57:27 - [MESSAGE][PASSED] - Delayed 1 second(s)

2018-05-31 13:57:27 - [TEST_STEP][PASSED] - selectOptionByIndex: All options with index in [4] are selected on object 'Object Repository/DispensaryToCms/Page_Dispensary Store/select_--Select--Adernaline 0.'

2018-05-31 13:57:27 - [MESSAGE][PASSED] - All options with index in [4] are selected on object 'Object Repository/DispensaryToCms/Page_Dispensary Store/select_--Select--Adernaline 0.'

2018-05-31 13:57:27 - [TEST_STEP][PASSED] - setText: Text '100' is set on object 'Object Repository/DispensaryToCms/Page_Dispensary Store/input_txttreat'

2018-05-31 13:57:27 - [MESSAGE][PASSED] - Text '100' is set on object 'Object Repository/DispensaryToCms/Page_Dispensary Store/input_txttreat'

2018-05-31 13:57:27 - [TEST_STEP][PASSED] - click: Object: 'Object Repository/DispensaryToCms/Page_Dispensary Store/button_Add' is clicked on

2018-05-31 13:57:27 - [MESSAGE][PASSED] - Object: 'Object Repository/DispensaryToCms/Page_Dispensary Store/button_Add' is clicked on

2018-05-31 13:57:27 - [TEST_STEP][PASSED] - delay: Delayed 1 second(s)

2018-05-31 13:57:28 - [MESSAGE][PASSED] - Delayed 1 second(s)

2018-05-31 13:57:28 - [TEST_STEP][PASSED] - selectOptionByIndex: All options with index in [4] are selected on object 'Object Repository/DispensaryToCms/Page_Dispensary Store/select_--Select--Schedule 1Inj'

2018-05-31 13:57:28 - [MESSAGE][PASSED] - All options with index in [4] are selected on object 'Object Repository/DispensaryToCms/Page_Dispensary Store/select_--Select--Schedule 1Inj'

2018-05-31 13:57:28 - [TEST_STEP][PASSED] - delay: Delayed 1 second(s)

2018-05-31 13:57:29 - [MESSAGE][PASSED] - Delayed 1 second(s)

2018-05-31 13:57:29 - [TEST_STEP][PASSED] - selectOptionByIndex: All options with index in [5] are selected on object 'Object Repository/DispensaryToCms/Page_Dispensary Store/select_--Select--Adernaline 0.'

2018-05-31 13:57:29 - [MESSAGE][PASSED] - All options with index in [5] are selected on object 'Object Repository/DispensaryToCms/Page_Dispensary Store/select_--Select--Adernaline 0.'

2018-05-31 13:57:29 - [TEST_STEP][PASSED] - setText: Text '100' is set on object 'Object Repository/DispensaryToCms/Page_Dispensary Store/input_txttreat'

2018-05-31 13:57:29 - [MESSAGE][PASSED] - Text '100' is set on object 'Object Repository/DispensaryToCms/Page_Dispensary Store/input_txttreat'

2018-05-31 13:57:29 - [TEST_STEP][PASSED] - click: Object: 'Object Repository/DispensaryToCms/Page_Dispensary Store/button_Add' is clicked on

2018-05-31 13:57:30 - [MESSAGE][PASSED] - Object: 'Object Repository/DispensaryToCms/Page_Dispensary Store/button_Add' is clicked on

2018-05-31 13:57:30 - [TEST_STEP][PASSED] - delay: Delayed 1 second(s)

2018-05-31 13:57:31 - [MESSAGE][PASSED] - Delayed 1 second(s)

2018-05-31 13:57:31 - [TEST_STEP][PASSED] - selectOptionByIndex: All options with index in [4] are selected on object 'Object Repository/DispensaryToCms/Page_Dispensary Store/select_--Select--Schedule 1Inj'

2018-05-31 13:57:31 - [MESSAGE][PASSED] - All options with index in [4] are selected on object 'Object Repository/DispensaryToCms/Page_Dispensary Store/select_--Select--Schedule 1Inj'

2018-05-31 13:57:31 - [TEST_STEP][PASSED] - delay: Delayed 1 second(s)

2018-05-31 13:57:32 - [MESSAGE][PASSED] - Delayed 1 second(s)

2018-05-31 13:57:32 - [TEST_STEP][PASSED] - selectOptionByIndex: All options with index in [6] are selected on object 'Object Repository/DispensaryToCms/Page_Dispensary Store/select_--Select--Adernaline 0.'

2018-05-31 13:57:32 - [MESSAGE][PASSED] - All options with index in [6] are selected on object 'Object Repository/DispensaryToCms/Page_Dispensary Store/select_--Select--Adernaline 0.'

2018-05-31 13:57:32 - [TEST_STEP][PASSED] - setText: Text '100' is set on object 'Object Repository/DispensaryToCms/Page_Dispensary Store/input_txttreat'

2018-05-31 13:57:32 - [MESSAGE][PASSED] - Text '100' is set on object 'Object Repository/DispensaryToCms/Page_Dispensary Store/input_txttreat'

2018-05-31 13:57:32 - [TEST_STEP][PASSED] - click: Object: 'Object Repository/DispensaryToCms/Page_Dispensary Store/button_Add' is clicked on

2018-05-31 13:57:32 - [MESSAGE][PASSED] - Object: 'Object Repository/DispensaryToCms/Page_Dispensary Store/button_Add' is clicked on

2018-05-31 13:57:32 - [TEST_STEP][PASSED] - delay: Delayed 1 second(s)

2018-05-31 13:57:33 - [MESSAGE][PASSED] - Delayed 1 second(s)

2018-05-31 13:57:33 - [TEST_STEP][PASSED] - selectOptionByIndex: All options with index in [4] are selected on object 'Object Repository/DispensaryToCms/Page_Dispensary Store/select_--Select--Schedule 1Inj'

2018-05-31 13:57:33 - [MESSAGE][PASSED] - All options with index in [4] are selected on object 'Object Repository/DispensaryToCms/Page_Dispensary Store/select_--Select--Schedule 1Inj'

2018-05-31 13:57:33 - [TEST_STEP][PASSED] - delay: Delayed 1 second(s)

2018-05-31 13:57:34 - [MESSAGE][PASSED] - Delayed 1 second(s)

2018-05-31 13:57:34 - [TEST_STEP][PASSED] - selectOptionByIndex: All options with index in [7] are selected on object 'Object Repository/DispensaryToCms/Page_Dispensary Store/select_--Select--Adernaline 0.'

2018-05-31 13:57:34 - [MESSAGE][PASSED] - All options with index in [7] are selected on object 'Object Repository/DispensaryToCms/Page_Dispensary Store/select_--Select--Adernaline 0.'

2018-05-31 13:57:34 - [TEST_STEP][PASSED] - setText: Text '100' is set on object 'Object Repository/DispensaryToCms/Page_Dispensary Store/input_txttreat'

2018-05-31 13:57:35 - [MESSAGE][PASSED] - Text '100' is set on object 'Object Repository/DispensaryToCms/Page_Dispensary Store/input_txttreat'

2018-05-31 13:57:35 - [TEST_STEP][PASSED] - click: Object: 'Object Repository/DispensaryToCms/Page_Dispensary Store/button_Add' is clicked on

2018-05-31 13:57:35 - [MESSAGE][PASSED] - Object: 'Object Repository/DispensaryToCms/Page_Dispensary Store/button_Add' is clicked on

2018-05-31 13:57:35 - [TEST_STEP][PASSED] - delay: Delayed 1 second(s)

2018-05-31 13:57:36 - [MESSAGE][PASSED] - Delayed 1 second(s)

2018-05-31 13:57:36 - [TEST_STEP][PASSED] - selectOptionByIndex: All options with index in [4] are selected on object 'Object Repository/DispensaryToCms/Page_Dispensary Store/select_--Select--Schedule 1Inj'

2018-05-31 13:57:36 - [MESSAGE][PASSED] - All options with index in [4] are selected on object 'Object Repository/DispensaryToCms/Page_Dispensary Store/select_--Select--Schedule 1Inj'

2018-05-31 13:57:36 - [TEST_STEP][PASSED] - delay: Delayed 1 second(s)

2018-05-31 13:57:37 - [MESSAGE][PASSED] - Delayed 1 second(s)

2018-05-31 13:57:37 - [TEST_STEP][PASSED] - selectOptionByIndex: All options with index in [8] are selected on object 'Object Repository/DispensaryToCms/Page_Dispensary Store/select_--Select--Adernaline 0.'

2018-05-31 13:57:37 - [MESSAGE][PASSED] - All options with index in [8] are selected on object 'Object Repository/DispensaryToCms/Page_Dispensary Store/select_--Select--Adernaline 0.'

2018-05-31 13:57:37 - [TEST_STEP][PASSED] - setText: Text '100' is set on object 'Object Repository/DispensaryToCms/Page_Dispensary Store/input_txttreat'

2018-05-31 13:57:37 - [MESSAGE][PASSED] - Text '100' is set on object 'Object Repository/DispensaryToCms/Page_Dispensary Store/input_txttreat'

2018-05-31 13:57:37 - [TEST_STEP][PASSED] - click: Object: 'Object Repository/DispensaryToCms/Page_Dispensary Store/button_Add' is clicked on

2018-05-31 13:57:37 - [MESSAGE][PASSED] - Object: 'Object Repository/DispensaryToCms/Page_Dispensary Store/button_Add' is clicked on

2018-05-31 13:57:37 - [TEST_STEP][PASSED] - delay: Delayed 1 second(s)

2018-05-31 13:57:38 - [MESSAGE][PASSED] - Delayed 1 second(s)

2018-05-31 13:57:38 - [TEST_STEP][PASSED] - selectOptionByIndex: All options with index in [4] are selected on object 'Object Repository/DispensaryToCms/Page_Dispensary Store/select_--Select--Schedule 1Inj'

2018-05-31 13:57:38 - [MESSAGE][PASSED] - All options with index in [4] are selected on object 'Object Repository/DispensaryToCms/Page_Dispensary Store/select_--Select--Schedule 1Inj'

2018-05-31 13:57:38 - [TEST_STEP][PASSED] - delay: Delayed 1 second(s)

2018-05-31 13:57:39 - [MESSAGE][PASSED] - Delayed 1 second(s)

2018-05-31 13:57:39 - [TEST_STEP][PASSED] - selectOptionByIndex: All options with index in [9] are selected on object 'Object Repository/DispensaryToCms/Page_Dispensary Store/select_--Select--Adernaline 0.'

2018-05-31 13:57:40 - [MESSAGE][PASSED] - All options with index in [9] are selected on object 'Object Repository/DispensaryToCms/Page_Dispensary Store/select_--Select--Adernaline 0.'

2018-05-31 13:57:40 - [TEST_STEP][PASSED] - setText: Text '100' is set on object 'Object Repository/DispensaryToCms/Page_Dispensary Store/input_txttreat'

2018-05-31 13:57:40 - [MESSAGE][PASSED] - Text '100' is set on object 'Object Repository/DispensaryToCms/Page_Dispensary Store/input_txttreat'

2018-05-31 13:57:40 - [TEST_STEP][PASSED] - click: Object: 'Object Repository/DispensaryToCms/Page_Dispensary Store/button_Add' is clicked on

2018-05-31 13:57:40 - [MESSAGE][PASSED] - Object: 'Object Repository/DispensaryToCms/Page_Dispensary Store/button_Add' is clicked on

2018-05-31 13:57:40 - [TEST_STEP][PASSED] - delay: Delayed 1 second(s)

2018-05-31 13:57:41 - [MESSAGE][PASSED] - Delayed 1 second(s)

2018-05-31 13:57:41 - [TEST_STEP][PASSED] - selectOptionByIndex: All options with index in [4] are selected on object 'Object Repository/DispensaryToCms/Page_Dispensary Store/select_--Select--Schedule 1Inj'

2018-05-31 13:57:41 - [MESSAGE][PASSED] - All options with index in [4] are selected on object 'Object Repository/DispensaryToCms/Page_Dispensary Store/select_--Select--Schedule 1Inj'

2018-05-31 13:57:41 - [TEST_STEP][PASSED] - delay: Delayed 1 second(s)

2018-05-31 13:57:42 - [MESSAGE][PASSED] - Delayed 1 second(s)

2018-05-31 13:57:42 - [TEST_STEP][PASSED] - selectOptionByIndex: All options with index in [10] are selected on object 'Object Repository/DispensaryToCms/Page_Dispensary Store/select_--Select--Adernaline 0.'

2018-05-31 13:57:42 - [MESSAGE][PASSED] - All options with index in [10] are selected on object 'Object Repository/DispensaryToCms/Page_Dispensary Store/select_--Select--Adernaline 0.'

2018-05-31 13:57:42 - [TEST_STEP][PASSED] - setText: Text '100' is set on object 'Object Repository/DispensaryToCms/Page_Dispensary Store/input_txttreat'

2018-05-31 13:57:42 - [MESSAGE][PASSED] - Text '100' is set on object 'Object Repository/DispensaryToCms/Page_Dispensary Store/input_txttreat'

2018-05-31 13:57:42 - [TEST_STEP][PASSED] - click: Object: 'Object Repository/DispensaryToCms/Page_Dispensary Store/button_Add' is clicked on

2018-05-31 13:57:42 - [MESSAGE][PASSED] - Object: 'Object Repository/DispensaryToCms/Page_Dispensary Store/button_Add' is clicked on

2018-05-31 13:57:42 - [TEST_STEP][PASSED] - delay: Delayed 1 second(s)

2018-05-31 13:57:43 - [MESSAGE][PASSED] - Delayed 1 second(s)

2018-05-31 13:57:43 - [TEST_STEP][PASSED] - selectOptionByIndex: All options with index in [4] are selected on object 'Object Repository/DispensaryToCms/Page_Dispensary Store/select_--Select--Schedule 1Inj'

2018-05-31 13:57:43 - [MESSAGE][PASSED] - All options with index in [4] are selected on object 'Object Repository/DispensaryToCms/Page_Dispensary Store/select_--Select--Schedule 1Inj'

2018-05-31 13:57:43 - [TEST_STEP][PASSED] - delay: Delayed 1 second(s)

2018-05-31 13:57:44 - [MESSAGE][PASSED] - Delayed 1 second(s)

2018-05-31 13:57:44 - [TEST_STEP][PASSED] - selectOptionByIndex: All options with index in [11] are selected on object 'Object Repository/DispensaryToCms/Page_Dispensary Store/select_--Select--Adernaline 0.'

2018-05-31 13:57:45 - [MESSAGE][PASSED] - All options with index in [11] are selected on object 'Object Repository/DispensaryToCms/Page_Dispensary Store/select_--Select--Adernaline 0.'

2018-05-31 13:57:45 - [TEST_STEP][PASSED] - setText: Text '100' is set on object 'Object Repository/DispensaryToCms/Page_Dispensary Store/input_txttreat'

2018-05-31 13:57:45 - [MESSAGE][PASSED] - Text '100' is set on object 'Object Repository/DispensaryToCms/Page_Dispensary Store/input_txttreat'

2018-05-31 13:57:45 - [TEST_STEP][PASSED] - click: Object: 'Object Repository/DispensaryToCms/Page_Dispensary Store/button_Add' is clicked on

2018-05-31 13:57:45 - [MESSAGE][PASSED] - Object: 'Object Repository/DispensaryToCms/Page_Dispensary Store/button_Add' is clicked on

2018-05-31 13:57:45 - [TEST_STEP][PASSED] - delay: Delayed 1 second(s)

2018-05-31 13:57:46 - [MESSAGE][PASSED] - Delayed 1 second(s)

2018-05-31 13:57:46 - [TEST_STEP][PASSED] - selectOptionByIndex: All options with index in [4] are selected on object 'Object Repository/DispensaryToCms/Page_Dispensary Store/select_--Select--Schedule 1Inj'

2018-05-31 13:57:46 - [MESSAGE][PASSED] - All options with index in [4] are selected on object 'Object Repository/DispensaryToCms/Page_Dispensary Store/select_--Select--Schedule 1Inj'

2018-05-31 13:57:46 - [TEST_STEP][PASSED] - delay: Delayed 1 second(s)

2018-05-31 13:57:47 - [MESSAGE][PASSED] - Delayed 1 second(s)

2018-05-31 13:57:47 - [TEST_STEP][PASSED] - selectOptionByIndex: All options with index in [12] are selected on object 'Object Repository/DispensaryToCms/Page_Dispensary Store/select_--Select--Adernaline 0.'

2018-05-31 13:57:47 - [MESSAGE][PASSED] - All options with index in [12] are selected on object 'Object Repository/DispensaryToCms/Page_Dispensary Store/select_--Select--Adernaline 0.'

2018-05-31 13:57:47 - [TEST_STEP][PASSED] - setText: Text '100' is set on object 'Object Repository/DispensaryToCms/Page_Dispensary Store/input_txttreat'

2018-05-31 13:57:47 - [MESSAGE][PASSED] - Text '100' is set on object 'Object Repository/DispensaryToCms/Page_Dispensary Store/input_txttreat'

2018-05-31 13:57:47 - [TEST_STEP][PASSED] - click: Object: 'Object Repository/DispensaryToCms/Page_Dispensary Store/button_Add' is clicked on

2018-05-31 13:57:47 - [MESSAGE][PASSED] - Object: 'Object Repository/DispensaryToCms/Page_Dispensary Store/button_Add' is clicked on

2018-05-31 13:57:47 - [TEST_STEP][PASSED] - delay: Delayed 1 second(s)

2018-05-31 13:57:48 - [MESSAGE][PASSED] - Delayed 1 second(s)

2018-05-31 13:57:48 - [TEST_STEP][PASSED] - selectOptionByIndex: All options with index in [4] are selected on object 'Object Repository/DispensaryToCms/Page_Dispensary Store/select_--Select--Schedule 1Inj'

2018-05-31 13:57:49 - [MESSAGE][PASSED] - All options with index in [4] are selected on object 'Object Repository/DispensaryToCms/Page_Dispensary Store/select_--Select--Schedule 1Inj'

2018-05-31 13:57:49 - [TEST_STEP][PASSED] - delay: Delayed 1 second(s)

2018-05-31 13:57:50 - [MESSAGE][PASSED] - Delayed 1 second(s)

2018-05-31 13:57:50 - [TEST_STEP][PASSED] - selectOptionByIndex: All options with index in [13] are selected on object 'Object Repository/DispensaryToCms/Page_Dispensary Store/select_--Select--Adernaline 0.'

2018-05-31 13:57:50 - [MESSAGE][PASSED] - All options with index in [13] are selected on object 'Object Repository/DispensaryToCms/Page_Dispensary Store/select_--Select--Adernaline 0.'

2018-05-31 13:57:50 - [TEST_STEP][PASSED] - setText: Text '100' is set on object 'Object Repository/DispensaryToCms/Page_Dispensary Store/input_txttreat'

2018-05-31 13:57:50 - [MESSAGE][PASSED] - Text '100' is set on object 'Object Repository/DispensaryToCms/Page_Dispensary Store/input_txttreat'

2018-05-31 13:57:50 - [TEST_STEP][PASSED] - click: Object: 'Object Repository/DispensaryToCms/Page_Dispensary Store/button_Add' is clicked on

2018-05-31 13:57:50 - [MESSAGE][PASSED] - Object: 'Object Repository/DispensaryToCms/Page_Dispensary Store/button_Add' is clicked on

2018-05-31 13:57:50 - [TEST_STEP][PASSED] - delay: Delayed 1 second(s)

2018-05-31 13:57:51 - [MESSAGE][PASSED] - Delayed 1 second(s)

2018-05-31 13:57:51 - [TEST_STEP][PASSED] - selectOptionByIndex: All options with index in [4] are selected on object 'Object Repository/DispensaryToCms/Page_Dispensary Store/select_--Select--Schedule 1Inj'

2018-05-31 13:57:51 - [MESSAGE][PASSED] - All options with index in [4] are selected on object 'Object Repository/DispensaryToCms/Page_Dispensary Store/select_--Select--Schedule 1Inj'

2018-05-31 13:57:51 - [TEST_STEP][PASSED] - delay: Delayed 1 second(s)

2018-05-31 13:57:52 - [MESSAGE][PASSED] - Delayed 1 second(s)

2018-05-31 13:57:52 - [TEST_STEP][PASSED] - selectOptionByIndex: All options with index in [14] are selected on object 'Object Repository/DispensaryToCms/Page_Dispensary Store/select_--Select--Adernaline 0.'

2018-05-31 13:57:53 - [MESSAGE][PASSED] - All options with index in [14] are selected on object 'Object Repository/DispensaryToCms/Page_Dispensary Store/select_--Select--Adernaline 0.'

2018-05-31 13:57:53 - [TEST_STEP][PASSED] - setText: Text '100' is set on object 'Object Repository/DispensaryToCms/Page_Dispensary Store/input_txttreat'

2018-05-31 13:57:53 - [MESSAGE][PASSED] - Text '100' is set on object 'Object Repository/DispensaryToCms/Page_Dispensary Store/input_txttreat'

2018-05-31 13:57:53 - [TEST_STEP][PASSED] - click: Object: 'Object Repository/DispensaryToCms/Page_Dispensary Store/button_Add' is clicked on

2018-05-31 13:57:53 - [MESSAGE][PASSED] - Object: 'Object Repository/DispensaryToCms/Page_Dispensary Store/button_Add' is clicked on

2018-05-31 13:57:53 - [TEST_STEP][PASSED] - delay: Delayed 1 second(s)

2018-05-31 13:57:54 - [MESSAGE][PASSED] - Delayed 1 second(s)

2018-05-31 13:57:54 - [TEST_STEP][PASSED] - selectOptionByIndex: All options with index in [4] are selected on object 'Object Repository/DispensaryToCms/Page_Dispensary Store/select_--Select--Schedule 1Inj'

2018-05-31 13:57:54 - [MESSAGE][PASSED] - All options with index in [4] are selected on object 'Object Repository/DispensaryToCms/Page_Dispensary Store/select_--Select--Schedule 1Inj'

2018-05-31 13:57:54 - [TEST_STEP][PASSED] - delay: Delayed 1 second(s)

2018-05-31 13:57:55 - [MESSAGE][PASSED] - Delayed 1 second(s)

2018-05-31 13:57:55 - [TEST_STEP][PASSED] - selectOptionByIndex: All options with index in [15] are selected on object 'Object Repository/DispensaryToCms/Page_Dispensary Store/select_--Select--Adernaline 0.'

2018-05-31 13:57:55 - [MESSAGE][PASSED] - All options with index in [15] are selected on object 'Object Repository/DispensaryToCms/Page_Dispensary Store/select_--Select--Adernaline 0.'

2018-05-31 13:57:55 - [TEST_STEP][PASSED] - setText: Text '100' is set on object 'Object Repository/DispensaryToCms/Page_Dispensary Store/input_txttreat'

2018-05-31 13:57:55 - [MESSAGE][PASSED] - Text '100' is set on object 'Object Repository/DispensaryToCms/Page_Dispensary Store/input_txttreat'

2018-05-31 13:57:55 - [TEST_STEP][PASSED] - click: Object: 'Object Repository/DispensaryToCms/Page_Dispensary Store/button_Add' is clicked on

2018-05-31 13:57:55 - [MESSAGE][PASSED] - Object: 'Object Repository/DispensaryToCms/Page_Dispensary Store/button_Add' is clicked on

2018-05-31 13:57:55 - [TEST_STEP][PASSED] - delay: Delayed 1 second(s)

2018-05-31 13:57:56 - [MESSAGE][PASSED] - Delayed 1 second(s)

2018-05-31 13:57:56 - [TEST_STEP][PASSED] - scrollToElement: Scroll to object 'Object Repository/DispensaryToCms/Page_Dispensary Store/input_btnsave' successfully

2018-05-31 13:57:56 - [MESSAGE][PASSED] - Scroll to object 'Object Repository/DispensaryToCms/Page_Dispensary Store/input_btnsave' successfully

2018-05-31 13:57:56 - [TEST_STEP][PASSED] - click: Object: 'Object Repository/DispensaryToCms/Page_Dispensary Store/input_btnsave' is clicked on

2018-05-31 13:57:56 - [MESSAGE][PASSED] - Object: 'Object Repository/DispensaryToCms/Page_Dispensary Store/input_btnsave' is clicked on

2018-05-31 13:57:56 - [TEST_STEP][PASSED] - delay: Delayed 3 second(s)

2018-05-31 13:57:59 - [MESSAGE][PASSED] - Delayed 3 second(s)

2018-05-31 13:57:59 - [TEST_STEP][PASSED] - Statement - RN1 = com.kms.katalon.core.webui.keyword.WebUiBuiltInKeywords.getText(com.kms.katalon.core.testobject.ObjectRepository.findTestObject(DispensaryToCms/Page_Dispensary Store/font_PRNO18052018174)): Text of object 'Object Repository/DispensaryToCms/Page_Dispensary Store/font_PRNO18052018174' is: 'PRNO/31052018/504'

2018-05-31 13:57:59 - [MESSAGE][PASSED] - Text of object 'Object Repository/DispensaryToCms/Page_Dispensary Store/font_PRNO18052018174' is: 'PRNO/31052018/504'

2018-05-31 13:57:59 - [TEST_STEP][PASSED] - Statement - out.println(RN1): null

2018-05-31 13:57:59 - [TEST_STEP][PASSED] - Statement - RID = RN1.split("/")[2]: null

2018-05-31 13:57:59 - [TEST_STEP][PASSED] - click: Object: 'Object Repository/DispensaryToCms/Page_Dispensary Store/button_OK' is clicked on

2018-05-31 13:58:00 - [MESSAGE][PASSED] - Object: 'Object Repository/DispensaryToCms/Page_Dispensary Store/button_OK' is clicked on

2018-05-31 13:58:00 - [TEST_STEP][PASSED] - delay: Delayed 3 second(s)

2018-05-31 13:58:03 - [MESSAGE][PASSED] - Delayed 3 second(s)

2018-05-31 13:58:03 - [TEST_STEP][PASSED] - click: Object: 'Object Repository/DispensaryToCms/Page_Dispensary Store/a_dropdown-toggle' is clicked on

2018-05-31 13:58:03 - [MESSAGE][PASSED] - Object: 'Object Repository/DispensaryToCms/Page_Dispensary Store/a_dropdown-toggle' is clicked on

2018-05-31 13:58:03 - [TEST_STEP][PASSED] - click: Object: 'Object Repository/DispensaryToCms/Page_Dispensary Store/a_Sign out' is clicked on

2018-05-31 13:58:04 - [MESSAGE][PASSED] - Object: 'Object Repository/DispensaryToCms/Page_Dispensary Store/a_Sign out' is clicked on

2018-05-31 13:58:04 - [TEST_STEP][PASSED] - delay: Delayed 3 second(s)

2018-05-31 13:58:07 - [MESSAGE][PASSED] - Delayed 3 second(s)

2018-05-31 13:58:07 - [TEST_STEP][PASSED] - navigateToUrl: Navigate to 'http://192.168.137.1/multihospital_new/' successfully

2018-05-31 13:58:07 - [MESSAGE][PASSED] - Navigate to 'http://192.168.137.1/multihospital_new/' successfully

2018-05-31 13:58:07 - [TEST_STEP][PASSED] - click: Object: 'Object Repository/DispensaryToCms/Page_KDMC/a_CMO' is clicked on

2018-05-31 13:58:08 - [MESSAGE][PASSED] - Object: 'Object Repository/DispensaryToCms/Page_KDMC/a_CMO' is clicked on

2018-05-31 13:58:08 - [TEST_STEP][PASSED] - setText: Text 'guru' is set on object 'Object Repository/DispensaryToCms/Page_CMO login/input_txtusername'

2018-05-31 13:58:08 - [MESSAGE][PASSED] - Text 'guru' is set on object 'Object Repository/DispensaryToCms/Page_CMO login/input_txtusername'

2018-05-31 13:58:08 - [TEST_STEP][PASSED] - setText: Text '123' is set on object 'Object Repository/DispensaryToCms/Page_CMO login/input_txtpassword'

2018-05-31 13:58:08 - [MESSAGE][PASSED] - Text '123' is set on object 'Object Repository/DispensaryToCms/Page_CMO login/input_txtpassword'

2018-05-31 13:58:08 - [TEST_STEP][PASSED] - delay: Delayed 3 second(s)

2018-05-31 13:58:11 - [MESSAGE][PASSED] - Delayed 3 second(s)

2018-05-31 13:58:11 - [TEST_STEP][PASSED] - click: Object: 'Object Repository/DispensaryToCms/Page_CMO login/button_Sign in' is clicked on

2018-05-31 13:58:12 - [MESSAGE][PASSED] - Object: 'Object Repository/DispensaryToCms/Page_CMO login/button_Sign in' is clicked on

2018-05-31 13:58:12 - [TEST_STEP][PASSED] - delay: Delayed 3 second(s)

2018-05-31 13:58:15 - [MESSAGE][PASSED] - Delayed 3 second(s)

2018-05-31 13:58:15 - [TEST_STEP][PASSED] - click: Object: 'Object Repository/DispensaryToCms/Page_KDMC - CMO/a_CMS Request' is clicked on

2018-05-31 13:58:15 - [MESSAGE][PASSED] - Object: 'Object Repository/DispensaryToCms/Page_KDMC - CMO/a_CMS Request' is clicked on

2018-05-31 13:58:15 - [TEST_STEP][PASSED] - delay: Delayed 2 second(s)

2018-05-31 13:58:17 - [MESSAGE][PASSED] - Delayed 2 second(s)

2018-05-31 13:58:17 - [TEST_STEP][PASSED] - click: Object: 'Object Repository/DispensaryToCms/Page_KDMC - CMO/a_Dispensary Store Request' is clicked on

2018-05-31 13:58:18 - [MESSAGE][PASSED] - Object: 'Object Repository/DispensaryToCms/Page_KDMC - CMO/a_Dispensary Store Request' is clicked on

2018-05-31 13:58:18 - [TEST_STEP][PASSED] - selectOptionByIndex: All options with index in [1] are selected on object 'Object Repository/DispensaryToCms/Page_KDMC - CMO/select_--ALL--'

2018-05-31 13:58:18 - [MESSAGE][PASSED] - All options with index in [1] are selected on object 'Object Repository/DispensaryToCms/Page_KDMC - CMO/select_--ALL--'

2018-05-31 13:58:18 - [TEST_STEP][PASSED] - click: Object: 'Object Repository/DispensaryToCms/Page_KDMC - CMO/input_btnsearch' is clicked on

2018-05-31 13:58:19 - [MESSAGE][PASSED] - Object: 'Object Repository/DispensaryToCms/Page_KDMC - CMO/input_btnsearch' is clicked on

2018-05-31 13:58:19 - [TEST_STEP][PASSED] - Statement - ID = com.kms.katalon.core.webui.keyword.WebUiBuiltInKeywords.modifyObjectProperty(com.kms.katalon.core.testobject.ObjectRepository.findTestObject(lab/Page_KDMC - CMO/input_1), "xpath", "equals", "//*[@id=" + RID + "]", true): Modify property of object successfully

2018-05-31 13:58:19 - [MESSAGE][PASSED] - Modify property of object successfully

2018-05-31 13:58:19 - [TEST_STEP][PASSED] - click: Object: 'Object Repository/lab/Page_KDMC - CMO/input_1' is clicked on

2018-05-31 13:58:19 - [MESSAGE][PASSED] - Object: 'Object Repository/lab/Page_KDMC - CMO/input_1' is clicked on

2018-05-31 13:58:19 - [TEST_STEP][PASSED] - delay: Delayed 2 second(s)

2018-05-31 13:58:21 - [MESSAGE][PASSED] - Delayed 2 second(s)

2018-05-31 13:58:21 - [TEST_STEP][PASSED] - selectOptionByIndex: All options with index in [1] are selected on object 'Object Repository/DispensaryToCms/Page_KDMC - CMO/select_--Select--'

2018-05-31 13:58:21 - [MESSAGE][PASSED] - All options with index in [1] are selected on object 'Object Repository/DispensaryToCms/Page_KDMC - CMO/select_--Select--'

2018-05-31 13:58:21 - [TEST_STEP][PASSED] - click: Object: 'Object Repository/DispensaryToCms/Page_KDMC - CMO/input_btnupdate' is clicked on

2018-05-31 13:58:21 - [MESSAGE][PASSED] - Object: 'Object Repository/DispensaryToCms/Page_KDMC - CMO/input_btnupdate' is clicked on

2018-05-31 13:58:21 - [TEST_STEP][PASSED] - delay: Delayed 2 second(s)

2018-05-31 13:58:23 - [MESSAGE][PASSED] - Delayed 2 second(s)

2018-05-31 13:58:23 - [TEST_STEP][PASSED] - click: Object: 'Object Repository/DispensaryToCms/Page_KDMC - CMO/button_OK' is clicked on

2018-05-31 13:58:24 - [MESSAGE][PASSED] - Object: 'Object Repository/DispensaryToCms/Page_KDMC - CMO/button_OK' is clicked on

2018-05-31 13:58:24 - [TEST_STEP][PASSED] - delay: Delayed 3 second(s)

2018-05-31 13:58:27 - [MESSAGE][PASSED] - Delayed 3 second(s)

2018-05-31 13:58:27 - [TEST_STEP][PASSED] - click: Object: 'Object Repository/DispensaryToCms/Page_KDMC - CMO/a_dropdown-toggle' is clicked on

2018-05-31 13:58:27 - [MESSAGE][PASSED] - Object: 'Object Repository/DispensaryToCms/Page_KDMC - CMO/a_dropdown-toggle' is clicked on

2018-05-31 13:58:27 - [TEST_STEP][PASSED] - click: Object: 'Object Repository/DispensaryToCms/Page_KDMC - CMO/a_Sign out' is clicked on

2018-05-31 13:58:28 - [MESSAGE][PASSED] - Object: 'Object Repository/DispensaryToCms/Page_KDMC - CMO/a_Sign out' is clicked on

2018-05-31 13:58:28 - [TEST_STEP][PASSED] - delay: Delayed 3 second(s)

2018-05-31 13:58:31 - [MESSAGE][PASSED] - Delayed 3 second(s)

2018-05-31 13:58:31 - [TEST_STEP][PASSED] - click: Object: 'Object Repository/DispensaryToCms/Page_KDMC/a_CMS' is clicked on

2018-05-31 13:58:31 - [MESSAGE][PASSED] - Object: 'Object Repository/DispensaryToCms/Page_KDMC/a_CMS' is clicked on

2018-05-31 13:58:31 - [TEST_STEP][PASSED] - setText: Text 'bala' is set on object 'Object Repository/DispensaryToCms/Page_CMS login/input_txtusername'

2018-05-31 13:58:31 - [MESSAGE][PASSED] - Text 'bala' is set on object 'Object Repository/DispensaryToCms/Page_CMS login/input_txtusername'

2018-05-31 13:58:31 - [TEST_STEP][PASSED] - setText: Text '123' is set on object 'Object Repository/DispensaryToCms/Page_CMS login/input_txtpassword'

2018-05-31 13:58:31 - [MESSAGE][PASSED] - Text '123' is set on object 'Object Repository/DispensaryToCms/Page_CMS login/input_txtpassword'

2018-05-31 13:58:31 - [TEST_STEP][PASSED] - delay: Delayed 3 second(s)

2018-05-31 13:58:34 - [MESSAGE][PASSED] - Delayed 3 second(s)

2018-05-31 13:58:34 - [TEST_STEP][PASSED] - click: Object: 'Object Repository/DispensaryToCms/Page_CMS login/button_Sign in' is clicked on

2018-05-31 13:58:35 - [MESSAGE][PASSED] - Object: 'Object Repository/DispensaryToCms/Page_CMS login/button_Sign in' is clicked on

2018-05-31 13:58:35 - [TEST_STEP][PASSED] - delay: Delayed 3 second(s)

2018-05-31 13:58:38 - [MESSAGE][PASSED] - Delayed 3 second(s)

2018-05-31 13:58:38 - [TEST_STEP][PASSED] - click: Object: 'Object Repository/DispensaryToCms/Page_KDMC - CMS/a_Divisional Store' is clicked on

2018-05-31 13:58:38 - [MESSAGE][PASSED] - Object: 'Object Repository/DispensaryToCms/Page_KDMC - CMS/a_Divisional Store' is clicked on

2018-05-31 13:58:38 - [TEST_STEP][PASSED] - delay: Delayed 2 second(s)

2018-05-31 13:58:40 - [MESSAGE][PASSED] - Delayed 2 second(s)

2018-05-31 13:58:40 - [TEST_STEP][PASSED] - click: Object: 'Object Repository/DispensaryToCms/Page_KDMC - CMS/a_Dispatch Items' is clicked on

2018-05-31 13:58:40 - [MESSAGE][PASSED] - Object: 'Object Repository/DispensaryToCms/Page_KDMC - CMS/a_Dispatch Items' is clicked on

2018-05-31 13:58:40 - [TEST_STEP][PASSED] - delay: Delayed 2 second(s)

2018-05-31 13:58:42 - [MESSAGE][PASSED] - Delayed 2 second(s)

2018-05-31 13:58:42 - [TEST_STEP][PASSED] - setText: Text 'PRNO/31052018/504' is set on object 'Object Repository/DispensaryToCms/Page_KDMC - CMS/input'

2018-05-31 13:58:43 - [MESSAGE][PASSED] - Text 'PRNO/31052018/504' is set on object 'Object Repository/DispensaryToCms/Page_KDMC - CMS/input'

2018-05-31 13:58:43 - [TEST_STEP][PASSED] - click: Object: 'Object Repository/DispensaryToCms/Page_KDMC - CMS/input_PRNO18052018174' is clicked on

2018-05-31 13:58:43 - [MESSAGE][PASSED] - Object: 'Object Repository/DispensaryToCms/Page_KDMC - CMS/input_PRNO18052018174' is clicked on

2018-05-31 13:58:43 - [TEST_STEP][PASSED] - delay: Delayed 3 second(s)

2018-05-31 13:58:46 - [MESSAGE][PASSED] - Delayed 3 second(s)

2018-05-31 13:58:46 - [TEST_STEP][PASSED] - Statement - out.println("Length : " + medicineslength): null

2018-05-31 13:58:46 - [TEST_STEP][PASSED] - Statement - For ([row = 0, row < medicineslength - 1, (row++)]): null

2018-05-31 13:58:46 - [TEST_STEP][PASSED] - Statement - batchlength = new com.kms.katalon.core.testobject.TestObject(): null

2018-05-31 13:58:46 - [TEST_STEP][PASSED] - Statement - batchlength = com.kms.katalon.core.webui.keyword.WebUiBuiltInKeywords.modifyObjectProperty(batchlength, "xpath", "equals", "//*[@id = "fldvendor" + row + ""]", true): Modify property of object successfully

2018-05-31 13:58:46 - [MESSAGE][PASSED] - Modify property of object successfully

2018-05-31 13:58:46 - [TEST_STEP][PASSED] - Statement - batchsize = com.kms.katalon.core.webui.keyword.WebUiBuiltInKeywords.getNumberOfTotalOption(batchlength): 11 options of object '' counted

2018-05-31 13:58:46 - [MESSAGE][PASSED] - 11 options of object '' counted

2018-05-31 13:58:46 - [TEST_STEP][PASSED] - Statement - out.println("BatchSize : " + batchsize): null

2018-05-31 13:58:46 - [TEST_STEP][PASSED] - Statement - For ([n = 1, n <= batchsize - 1, (n++)]): null

2018-05-31 13:58:46 - [TEST_STEP][PASSED] - Statement - product = new com.kms.katalon.core.testobject.TestObject(): null

2018-05-31 13:58:46 - [TEST_STEP][PASSED] - Statement - product = com.kms.katalon.core.webui.keyword.WebUiBuiltInKeywords.modifyObjectProperty(product, "xpath", "equals", "//*[@id = "fldvendor" + row + ""]", true): Modify property of object successfully

2018-05-31 13:58:46 - [MESSAGE][PASSED] - Modify property of object successfully

2018-05-31 13:58:46 - [TEST_STEP][PASSED] - selectOptionByIndex: All options with index in [1] are selected on object ''

2018-05-31 13:58:46 - [MESSAGE][PASSED] - All options with index in [1] are selected on object ''

2018-05-31 13:58:46 - [TEST_STEP][PASSED] - Statement - batch = new com.kms.katalon.core.testobject.TestObject(): null

2018-05-31 13:58:46 - [TEST_STEP][PASSED] - Statement - batch = com.kms.katalon.core.webui.keyword.WebUiBuiltInKeywords.modifyObjectProperty(batch, "xpath", "equals", "//*[@id = "txtbthqty" + row + ""]", true): Modify property of object successfully

2018-05-31 13:58:46 - [MESSAGE][PASSED] - Modify property of object successfully

2018-05-31 13:58:46 - [TEST_STEP][PASSED] - Statement - batchqty = com.kms.katalon.core.webui.keyword.WebUiBuiltInKeywords.getAttribute(batch, "value").trim(): Attribute 'value' of object '' is: '3200'

2018-05-31 13:58:46 - [MESSAGE][PASSED] - Attribute 'value' of object '' is: '3200'

2018-05-31 13:58:46 - [TEST_STEP][PASSED] - Statement - Rqty = 100: null

2018-05-31 13:58:46 - [TEST_STEP][PASSED] - delay: Delayed 2 second(s)

2018-05-31 13:58:48 - [MESSAGE][PASSED] - Delayed 2 second(s)

2018-05-31 13:58:48 - [TEST_STEP][PASSED] - Statement - out.println("BatchQty : " + batchqty): null

2018-05-31 13:58:48 - [TEST_STEP][PASSED] - Statement - out.println("RQty : " + Rqty): null

2018-05-31 13:58:48 - [TEST_STEP][PASSED] - Statement - If (java.lang.Integer.valueOf(batchqty) >= java.lang.Integer.valueOf(Rqty)): null

2018-05-31 13:58:48 - [TEST_STEP][PASSED] - Statement - Break: null

2018-05-31 13:58:48 - [TEST_STEP][PASSED] - Statement - batchlength = new com.kms.katalon.core.testobject.TestObject(): null

2018-05-31 13:58:48 - [TEST_STEP][PASSED] - Statement - batchlength = com.kms.katalon.core.webui.keyword.WebUiBuiltInKeywords.modifyObjectProperty(batchlength, "xpath", "equals", "//*[@id = "fldvendor" + row + ""]", true): Modify property of object successfully

2018-05-31 13:58:48 - [MESSAGE][PASSED] - Modify property of object successfully

2018-05-31 13:58:48 - [TEST_STEP][PASSED] - Statement - batchsize = com.kms.katalon.core.webui.keyword.WebUiBuiltInKeywords.getNumberOfTotalOption(batchlength): 10 options of object '' counted

2018-05-31 13:58:48 - [MESSAGE][PASSED] - 10 options of object '' counted

2018-05-31 13:58:48 - [TEST_STEP][PASSED] - Statement - out.println("BatchSize : " + batchsize): null

2018-05-31 13:58:48 - [TEST_STEP][PASSED] - Statement - For ([n = 1, n <= batchsize - 1, (n++)]): null

2018-05-31 13:58:48 - [TEST_STEP][PASSED] - Statement - product = new com.kms.katalon.core.testobject.TestObject(): null

2018-05-31 13:58:48 - [TEST_STEP][PASSED] - Statement - product = com.kms.katalon.core.webui.keyword.WebUiBuiltInKeywords.modifyObjectProperty(product, "xpath", "equals", "//*[@id = "fldvendor" + row + ""]", true): Modify property of object successfully

2018-05-31 13:58:48 - [MESSAGE][PASSED] - Modify property of object successfully

2018-05-31 13:58:48 - [TEST_STEP][PASSED] - selectOptionByIndex: All options with index in [1] are selected on object ''

2018-05-31 13:58:48 - [MESSAGE][PASSED] - All options with index in [1] are selected on object ''

2018-05-31 13:58:48 - [TEST_STEP][PASSED] - Statement - batch = new com.kms.katalon.core.testobject.TestObject(): null

2018-05-31 13:58:48 - [TEST_STEP][PASSED] - Statement - batch = com.kms.katalon.core.webui.keyword.WebUiBuiltInKeywords.modifyObjectProperty(batch, "xpath", "equals", "//*[@id = "txtbthqty" + row + ""]", true): Modify property of object successfully

2018-05-31 13:58:48 - [MESSAGE][PASSED] - Modify property of object successfully

2018-05-31 13:58:48 - [TEST_STEP][PASSED] - Statement - batchqty = com.kms.katalon.core.webui.keyword.WebUiBuiltInKeywords.getAttribute(batch, "value").trim(): Attribute 'value' of object '' is: '3500'

2018-05-31 13:58:48 - [MESSAGE][PASSED] - Attribute 'value' of object '' is: '3500'

2018-05-31 13:58:48 - [TEST_STEP][PASSED] - Statement - Rqty = 100: null

2018-05-31 13:58:48 - [TEST_STEP][PASSED] - delay: Delayed 2 second(s)

2018-05-31 13:58:50 - [MESSAGE][PASSED] - Delayed 2 second(s)

2018-05-31 13:58:50 - [TEST_STEP][PASSED] - Statement - out.println("BatchQty : " + batchqty): null

2018-05-31 13:58:50 - [TEST_STEP][PASSED] - Statement - out.println("RQty : " + Rqty): null

2018-05-31 13:58:50 - [TEST_STEP][PASSED] - Statement - If (java.lang.Integer.valueOf(batchqty) >= java.lang.Integer.valueOf(Rqty)): null

2018-05-31 13:58:50 - [TEST_STEP][PASSED] - Statement - Break: null

2018-05-31 13:58:50 - [TEST_STEP][PASSED] - Statement - batchlength = new com.kms.katalon.core.testobject.TestObject(): null

2018-05-31 13:58:50 - [TEST_STEP][PASSED] - Statement - batchlength = com.kms.katalon.core.webui.keyword.WebUiBuiltInKeywords.modifyObjectProperty(batchlength, "xpath", "equals", "//*[@id = "fldvendor" + row + ""]", true): Modify property of object successfully

2018-05-31 13:58:50 - [MESSAGE][PASSED] - Modify property of object successfully

2018-05-31 13:58:50 - [TEST_STEP][PASSED] - Statement - batchsize = com.kms.katalon.core.webui.keyword.WebUiBuiltInKeywords.getNumberOfTotalOption(batchlength): 10 options of object '' counted

2018-05-31 13:58:50 - [MESSAGE][PASSED] - 10 options of object '' counted

2018-05-31 13:58:50 - [TEST_STEP][PASSED] - Statement - out.println("BatchSize : " + batchsize): null

2018-05-31 13:58:50 - [TEST_STEP][PASSED] - Statement - For ([n = 1, n <= batchsize - 1, (n++)]): null

2018-05-31 13:58:50 - [TEST_STEP][PASSED] - Statement - product = new com.kms.katalon.core.testobject.TestObject(): null

2018-05-31 13:58:50 - [TEST_STEP][PASSED] - Statement - product = com.kms.katalon.core.webui.keyword.WebUiBuiltInKeywords.modifyObjectProperty(product, "xpath", "equals", "//*[@id = "fldvendor" + row + ""]", true): Modify property of object successfully

2018-05-31 13:58:50 - [MESSAGE][PASSED] - Modify property of object successfully

2018-05-31 13:58:50 - [TEST_STEP][PASSED] - selectOptionByIndex: All options with index in [1] are selected on object ''

2018-05-31 13:58:51 - [MESSAGE][PASSED] - All options with index in [1] are selected on object ''

2018-05-31 13:58:51 - [TEST_STEP][PASSED] - Statement - batch = new com.kms.katalon.core.testobject.TestObject(): null

2018-05-31 13:58:51 - [TEST_STEP][PASSED] - Statement - batch = com.kms.katalon.core.webui.keyword.WebUiBuiltInKeywords.modifyObjectProperty(batch, "xpath", "equals", "//*[@id = "txtbthqty" + row + ""]", true): Modify property of object successfully

2018-05-31 13:58:51 - [MESSAGE][PASSED] - Modify property of object successfully

2018-05-31 13:58:51 - [TEST_STEP][PASSED] - Statement - batchqty = com.kms.katalon.core.webui.keyword.WebUiBuiltInKeywords.getAttribute(batch, "value").trim(): Attribute 'value' of object '' is: '3200'

2018-05-31 13:58:51 - [MESSAGE][PASSED] - Attribute 'value' of object '' is: '3200'

2018-05-31 13:58:51 - [TEST_STEP][PASSED] - Statement - Rqty = 100: null

2018-05-31 13:58:51 - [TEST_STEP][PASSED] - delay: Delayed 2 second(s)

2018-05-31 13:58:53 - [MESSAGE][PASSED] - Delayed 2 second(s)

2018-05-31 13:58:53 - [TEST_STEP][PASSED] - Statement - out.println("BatchQty : " + batchqty): null

2018-05-31 13:58:53 - [TEST_STEP][PASSED] - Statement - out.println("RQty : " + Rqty): null

2018-05-31 13:58:53 - [TEST_STEP][PASSED] - Statement - If (java.lang.Integer.valueOf(batchqty) >= java.lang.Integer.valueOf(Rqty)): null

2018-05-31 13:58:53 - [TEST_STEP][PASSED] - Statement - Break: null

2018-05-31 13:58:53 - [TEST_STEP][PASSED] - Statement - batchlength = new com.kms.katalon.core.testobject.TestObject(): null

2018-05-31 13:58:53 - [TEST_STEP][PASSED] - Statement - batchlength = com.kms.katalon.core.webui.keyword.WebUiBuiltInKeywords.modifyObjectProperty(batchlength, "xpath", "equals", "//*[@id = "fldvendor" + row + ""]", true): Modify property of object successfully

2018-05-31 13:58:53 - [MESSAGE][PASSED] - Modify property of object successfully

2018-05-31 13:58:53 - [TEST_STEP][PASSED] - Statement - batchsize = com.kms.katalon.core.webui.keyword.WebUiBuiltInKeywords.getNumberOfTotalOption(batchlength): 9 options of object '' counted

2018-05-31 13:58:53 - [MESSAGE][PASSED] - 9 options of object '' counted

2018-05-31 13:58:53 - [TEST_STEP][PASSED] - Statement - out.println("BatchSize : " + batchsize): null

2018-05-31 13:58:53 - [TEST_STEP][PASSED] - Statement - For ([n = 1, n <= batchsize - 1, (n++)]): null

2018-05-31 13:58:53 - [TEST_STEP][PASSED] - Statement - product = new com.kms.katalon.core.testobject.TestObject(): null

2018-05-31 13:58:53 - [TEST_STEP][PASSED] - Statement - product = com.kms.katalon.core.webui.keyword.WebUiBuiltInKeywords.modifyObjectProperty(product, "xpath", "equals", "//*[@id = "fldvendor" + row + ""]", true): Modify property of object successfully

2018-05-31 13:58:53 - [MESSAGE][PASSED] - Modify property of object successfully

2018-05-31 13:58:53 - [TEST_STEP][PASSED] - selectOptionByIndex: All options with index in [1] are selected on object ''

2018-05-31 13:58:53 - [MESSAGE][PASSED] - All options with index in [1] are selected on object ''

2018-05-31 13:58:53 - [TEST_STEP][PASSED] - Statement - batch = new com.kms.katalon.core.testobject.TestObject(): null

2018-05-31 13:58:53 - [TEST_STEP][PASSED] - Statement - batch = com.kms.katalon.core.webui.keyword.WebUiBuiltInKeywords.modifyObjectProperty(batch, "xpath", "equals", "//*[@id = "txtbthqty" + row + ""]", true): Modify property of object successfully

2018-05-31 13:58:53 - [MESSAGE][PASSED] - Modify property of object successfully

2018-05-31 13:58:53 - [TEST_STEP][PASSED] - Statement - batchqty = com.kms.katalon.core.webui.keyword.WebUiBuiltInKeywords.getAttribute(batch, "value").trim(): Attribute 'value' of object '' is: '4600'

2018-05-31 13:58:53 - [MESSAGE][PASSED] - Attribute 'value' of object '' is: '4600'

2018-05-31 13:58:53 - [TEST_STEP][PASSED] - Statement - Rqty = 100: null

2018-05-31 13:58:53 - [TEST_STEP][PASSED] - delay: Delayed 2 second(s)

2018-05-31 13:58:55 - [MESSAGE][PASSED] - Delayed 2 second(s)

2018-05-31 13:58:55 - [TEST_STEP][PASSED] - Statement - out.println("BatchQty : " + batchqty): null

2018-05-31 13:58:55 - [TEST_STEP][PASSED] - Statement - out.println("RQty : " + Rqty): null

2018-05-31 13:58:55 - [TEST_STEP][PASSED] - Statement - If (java.lang.Integer.valueOf(batchqty) >= java.lang.Integer.valueOf(Rqty)): null

2018-05-31 13:58:55 - [TEST_STEP][PASSED] - Statement - Break: null

2018-05-31 13:58:55 - [TEST_STEP][PASSED] - Statement - batchlength = new com.kms.katalon.core.testobject.TestObject(): null

2018-05-31 13:58:55 - [TEST_STEP][PASSED] - Statement - batchlength = com.kms.katalon.core.webui.keyword.WebUiBuiltInKeywords.modifyObjectProperty(batchlength, "xpath", "equals", "//*[@id = "fldvendor" + row + ""]", true): Modify property of object successfully

2018-05-31 13:58:55 - [MESSAGE][PASSED] - Modify property of object successfully

2018-05-31 13:58:55 - [TEST_STEP][PASSED] - Statement - batchsize = com.kms.katalon.core.webui.keyword.WebUiBuiltInKeywords.getNumberOfTotalOption(batchlength): 10 options of object '' counted

2018-05-31 13:58:55 - [MESSAGE][PASSED] - 10 options of object '' counted

2018-05-31 13:58:55 - [TEST_STEP][PASSED] - Statement - out.println("BatchSize : " + batchsize): null

2018-05-31 13:58:55 - [TEST_STEP][PASSED] - Statement - For ([n = 1, n <= batchsize - 1, (n++)]): null

2018-05-31 13:58:55 - [TEST_STEP][PASSED] - Statement - product = new com.kms.katalon.core.testobject.TestObject(): null

2018-05-31 13:58:55 - [TEST_STEP][PASSED] - Statement - product = com.kms.katalon.core.webui.keyword.WebUiBuiltInKeywords.modifyObjectProperty(product, "xpath", "equals", "//*[@id = "fldvendor" + row + ""]", true): Modify property of object successfully

2018-05-31 13:58:55 - [MESSAGE][PASSED] - Modify property of object successfully

2018-05-31 13:58:55 - [TEST_STEP][PASSED] - selectOptionByIndex: All options with index in [1] are selected on object ''

2018-05-31 13:58:55 - [MESSAGE][PASSED] - All options with index in [1] are selected on object ''

2018-05-31 13:58:55 - [TEST_STEP][PASSED] - Statement - batch = new com.kms.katalon.core.testobject.TestObject(): null

2018-05-31 13:58:55 - [TEST_STEP][PASSED] - Statement - batch = com.kms.katalon.core.webui.keyword.WebUiBuiltInKeywords.modifyObjectProperty(batch, "xpath", "equals", "//*[@id = "txtbthqty" + row + ""]", true): Modify property of object successfully

2018-05-31 13:58:55 - [MESSAGE][PASSED] - Modify property of object successfully

2018-05-31 13:58:55 - [TEST_STEP][PASSED] - Statement - batchqty = com.kms.katalon.core.webui.keyword.WebUiBuiltInKeywords.getAttribute(batch, "value").trim(): Attribute 'value' of object '' is: '2200'

2018-05-31 13:58:55 - [MESSAGE][PASSED] - Attribute 'value' of object '' is: '2200'

2018-05-31 13:58:55 - [TEST_STEP][PASSED] - Statement - Rqty = 100: null

2018-05-31 13:58:55 - [TEST_STEP][PASSED] - delay: Delayed 2 second(s)

2018-05-31 13:58:57 - [MESSAGE][PASSED] - Delayed 2 second(s)

2018-05-31 13:58:57 - [TEST_STEP][PASSED] - Statement - out.println("BatchQty : " + batchqty): null

2018-05-31 13:58:57 - [TEST_STEP][PASSED] - Statement - out.println("RQty : " + Rqty): null

2018-05-31 13:58:57 - [TEST_STEP][PASSED] - Statement - If (java.lang.Integer.valueOf(batchqty) >= java.lang.Integer.valueOf(Rqty)): null

2018-05-31 13:58:57 - [TEST_STEP][PASSED] - Statement - Break: null

2018-05-31 13:58:57 - [TEST_STEP][PASSED] - Statement - batchlength = new com.kms.katalon.core.testobject.TestObject(): null

2018-05-31 13:58:57 - [TEST_STEP][PASSED] - Statement - batchlength = com.kms.katalon.core.webui.keyword.WebUiBuiltInKeywords.modifyObjectProperty(batchlength, "xpath", "equals", "//*[@id = "fldvendor" + row + ""]", true): Modify property of object successfully

2018-05-31 13:58:57 - [MESSAGE][PASSED] - Modify property of object successfully

2018-05-31 13:58:57 - [TEST_STEP][PASSED] - Statement - batchsize = com.kms.katalon.core.webui.keyword.WebUiBuiltInKeywords.getNumberOfTotalOption(batchlength): 10 options of object '' counted

2018-05-31 13:58:57 - [MESSAGE][PASSED] - 10 options of object '' counted

2018-05-31 13:58:57 - [TEST_STEP][PASSED] - Statement - out.println("BatchSize : " + batchsize): null

2018-05-31 13:58:57 - [TEST_STEP][PASSED] - Statement - For ([n = 1, n <= batchsize - 1, (n++)]): null

2018-05-31 13:58:57 - [TEST_STEP][PASSED] - Statement - product = new com.kms.katalon.core.testobject.TestObject(): null

2018-05-31 13:58:57 - [TEST_STEP][PASSED] - Statement - product = com.kms.katalon.core.webui.keyword.WebUiBuiltInKeywords.modifyObjectProperty(product, "xpath", "equals", "//*[@id = "fldvendor" + row + ""]", true): Modify property of object successfully

2018-05-31 13:58:57 - [MESSAGE][PASSED] - Modify property of object successfully

2018-05-31 13:58:57 - [TEST_STEP][PASSED] - selectOptionByIndex: All options with index in [1] are selected on object ''

2018-05-31 13:58:57 - [MESSAGE][PASSED] - All options with index in [1] are selected on object ''

2018-05-31 13:58:57 - [TEST_STEP][PASSED] - Statement - batch = new com.kms.katalon.core.testobject.TestObject(): null

2018-05-31 13:58:57 - [TEST_STEP][PASSED] - Statement - batch = com.kms.katalon.core.webui.keyword.WebUiBuiltInKeywords.modifyObjectProperty(batch, "xpath", "equals", "//*[@id = "txtbthqty" + row + ""]", true): Modify property of object successfully

2018-05-31 13:58:57 - [MESSAGE][PASSED] - Modify property of object successfully

2018-05-31 13:58:57 - [TEST_STEP][PASSED] - Statement - batchqty = com.kms.katalon.core.webui.keyword.WebUiBuiltInKeywords.getAttribute(batch, "value").trim(): Attribute 'value' of object '' is: '37100'

2018-05-31 13:58:57 - [MESSAGE][PASSED] - Attribute 'value' of object '' is: '37100'

2018-05-31 13:58:57 - [TEST_STEP][PASSED] - Statement - Rqty = 100: null

2018-05-31 13:58:57 - [TEST_STEP][PASSED] - delay: Delayed 2 second(s)

2018-05-31 13:58:59 - [MESSAGE][PASSED] - Delayed 2 second(s)

2018-05-31 13:58:59 - [TEST_STEP][PASSED] - Statement - out.println("BatchQty : " + batchqty): null

2018-05-31 13:58:59 - [TEST_STEP][PASSED] - Statement - out.println("RQty : " + Rqty): null

2018-05-31 13:58:59 - [TEST_STEP][PASSED] - Statement - If (java.lang.Integer.valueOf(batchqty) >= java.lang.Integer.valueOf(Rqty)): null

2018-05-31 13:58:59 - [TEST_STEP][PASSED] - Statement - Break: null

2018-05-31 13:58:59 - [TEST_STEP][PASSED] - Statement - batchlength = new com.kms.katalon.core.testobject.TestObject(): null

2018-05-31 13:58:59 - [TEST_STEP][PASSED] - Statement - batchlength = com.kms.katalon.core.webui.keyword.WebUiBuiltInKeywords.modifyObjectProperty(batchlength, "xpath", "equals", "//*[@id = "fldvendor" + row + ""]", true): Modify property of object successfully

2018-05-31 13:58:59 - [MESSAGE][PASSED] - Modify property of object successfully

2018-05-31 13:58:59 - [TEST_STEP][PASSED] - Statement - batchsize = com.kms.katalon.core.webui.keyword.WebUiBuiltInKeywords.getNumberOfTotalOption(batchlength): 10 options of object '' counted

2018-05-31 13:58:59 - [MESSAGE][PASSED] - 10 options of object '' counted

2018-05-31 13:58:59 - [TEST_STEP][PASSED] - Statement - out.println("BatchSize : " + batchsize): null

2018-05-31 13:58:59 - [TEST_STEP][PASSED] - Statement - For ([n = 1, n <= batchsize - 1, (n++)]): null

2018-05-31 13:58:59 - [TEST_STEP][PASSED] - Statement - product = new com.kms.katalon.core.testobject.TestObject(): null

2018-05-31 13:58:59 - [TEST_STEP][PASSED] - Statement - product = com.kms.katalon.core.webui.keyword.WebUiBuiltInKeywords.modifyObjectProperty(product, "xpath", "equals", "//*[@id = "fldvendor" + row + ""]", true): Modify property of object successfully

2018-05-31 13:58:59 - [MESSAGE][PASSED] - Modify property of object successfully

2018-05-31 13:58:59 - [TEST_STEP][PASSED] - selectOptionByIndex: All options with index in [1] are selected on object ''

2018-05-31 13:59:00 - [MESSAGE][PASSED] - All options with index in [1] are selected on object ''

2018-05-31 13:59:00 - [TEST_STEP][PASSED] - Statement - batch = new com.kms.katalon.core.testobject.TestObject(): null

2018-05-31 13:59:00 - [TEST_STEP][PASSED] - Statement - batch = com.kms.katalon.core.webui.keyword.WebUiBuiltInKeywords.modifyObjectProperty(batch, "xpath", "equals", "//*[@id = "txtbthqty" + row + ""]", true): Modify property of object successfully

2018-05-31 13:59:00 - [MESSAGE][PASSED] - Modify property of object successfully

2018-05-31 13:59:00 - [TEST_STEP][PASSED] - Statement - batchqty = com.kms.katalon.core.webui.keyword.WebUiBuiltInKeywords.getAttribute(batch, "value").trim(): Attribute 'value' of object '' is: '2200'

2018-05-31 13:59:00 - [MESSAGE][PASSED] - Attribute 'value' of object '' is: '2200'

2018-05-31 13:59:00 - [TEST_STEP][PASSED] - Statement - Rqty = 100: null

2018-05-31 13:59:00 - [TEST_STEP][PASSED] - delay: Delayed 2 second(s)

2018-05-31 13:59:02 - [MESSAGE][PASSED] - Delayed 2 second(s)

2018-05-31 13:59:02 - [TEST_STEP][PASSED] - Statement - out.println("BatchQty : " + batchqty): null

2018-05-31 13:59:02 - [TEST_STEP][PASSED] - Statement - out.println("RQty : " + Rqty): null

2018-05-31 13:59:02 - [TEST_STEP][PASSED] - Statement - If (java.lang.Integer.valueOf(batchqty) >= java.lang.Integer.valueOf(Rqty)): null

2018-05-31 13:59:02 - [TEST_STEP][PASSED] - Statement - Break: null

2018-05-31 13:59:02 - [TEST_STEP][PASSED] - Statement - batchlength = new com.kms.katalon.core.testobject.TestObject(): null

2018-05-31 13:59:02 - [TEST_STEP][PASSED] - Statement - batchlength = com.kms.katalon.core.webui.keyword.WebUiBuiltInKeywords.modifyObjectProperty(batchlength, "xpath", "equals", "//*[@id = "fldvendor" + row + ""]", true): Modify property of object successfully

2018-05-31 13:59:02 - [MESSAGE][PASSED] - Modify property of object successfully

2018-05-31 13:59:02 - [TEST_STEP][PASSED] - Statement - batchsize = com.kms.katalon.core.webui.keyword.WebUiBuiltInKeywords.getNumberOfTotalOption(batchlength): 10 options of object '' counted

2018-05-31 13:59:02 - [MESSAGE][PASSED] - 10 options of object '' counted

2018-05-31 13:59:02 - [TEST_STEP][PASSED] - Statement - out.println("BatchSize : " + batchsize): null

2018-05-31 13:59:02 - [TEST_STEP][PASSED] - Statement - For ([n = 1, n <= batchsize - 1, (n++)]): null

2018-05-31 13:59:02 - [TEST_STEP][PASSED] - Statement - product = new com.kms.katalon.core.testobject.TestObject(): null

2018-05-31 13:59:02 - [TEST_STEP][PASSED] - Statement - product = com.kms.katalon.core.webui.keyword.WebUiBuiltInKeywords.modifyObjectProperty(product, "xpath", "equals", "//*[@id = "fldvendor" + row + ""]", true): Modify property of object successfully

2018-05-31 13:59:02 - [MESSAGE][PASSED] - Modify property of object successfully

2018-05-31 13:59:02 - [TEST_STEP][PASSED] - selectOptionByIndex: All options with index in [1] are selected on object ''

2018-05-31 13:59:02 - [MESSAGE][PASSED] - All options with index in [1] are selected on object ''

2018-05-31 13:59:02 - [TEST_STEP][PASSED] - Statement - batch = new com.kms.katalon.core.testobject.TestObject(): null

2018-05-31 13:59:02 - [TEST_STEP][PASSED] - Statement - batch = com.kms.katalon.core.webui.keyword.WebUiBuiltInKeywords.modifyObjectProperty(batch, "xpath", "equals", "//*[@id = "txtbthqty" + row + ""]", true): Modify property of object successfully

2018-05-31 13:59:02 - [MESSAGE][PASSED] - Modify property of object successfully

2018-05-31 13:59:02 - [TEST_STEP][PASSED] - Statement - batchqty = com.kms.katalon.core.webui.keyword.WebUiBuiltInKeywords.getAttribute(batch, "value").trim(): Attribute 'value' of object '' is: '37100'

2018-05-31 13:59:02 - [MESSAGE][PASSED] - Attribute 'value' of object '' is: '37100'

2018-05-31 13:59:02 - [TEST_STEP][PASSED] - Statement - Rqty = 100: null

2018-05-31 13:59:02 - [TEST_STEP][PASSED] - delay: Delayed 2 second(s)

2018-05-31 13:59:04 - [MESSAGE][PASSED] - Delayed 2 second(s)

2018-05-31 13:59:04 - [TEST_STEP][PASSED] - Statement - out.println("BatchQty : " + batchqty): null

2018-05-31 13:59:04 - [TEST_STEP][PASSED] - Statement - out.println("RQty : " + Rqty): null

2018-05-31 13:59:04 - [TEST_STEP][PASSED] - Statement - If (java.lang.Integer.valueOf(batchqty) >= java.lang.Integer.valueOf(Rqty)): null

2018-05-31 13:59:04 - [TEST_STEP][PASSED] - Statement - Break: null

2018-05-31 13:59:04 - [TEST_STEP][PASSED] - Statement - batchlength = new com.kms.katalon.core.testobject.TestObject(): null

2018-05-31 13:59:04 - [TEST_STEP][PASSED] - Statement - batchlength = com.kms.katalon.core.webui.keyword.WebUiBuiltInKeywords.modifyObjectProperty(batchlength, "xpath", "equals", "//*[@id = "fldvendor" + row + ""]", true): Modify property of object successfully

2018-05-31 13:59:04 - [MESSAGE][PASSED] - Modify property of object successfully

2018-05-31 13:59:04 - [TEST_STEP][PASSED] - Statement - batchsize = com.kms.katalon.core.webui.keyword.WebUiBuiltInKeywords.getNumberOfTotalOption(batchlength): 10 options of object '' counted

2018-05-31 13:59:04 - [MESSAGE][PASSED] - 10 options of object '' counted

2018-05-31 13:59:04 - [TEST_STEP][PASSED] - Statement - out.println("BatchSize : " + batchsize): null

2018-05-31 13:59:04 - [TEST_STEP][PASSED] - Statement - For ([n = 1, n <= batchsize - 1, (n++)]): null

2018-05-31 13:59:04 - [TEST_STEP][PASSED] - Statement - product = new com.kms.katalon.core.testobject.TestObject(): null

2018-05-31 13:59:04 - [TEST_STEP][PASSED] - Statement - product = com.kms.katalon.core.webui.keyword.WebUiBuiltInKeywords.modifyObjectProperty(product, "xpath", "equals", "//*[@id = "fldvendor" + row + ""]", true): Modify property of object successfully

2018-05-31 13:59:04 - [MESSAGE][PASSED] - Modify property of object successfully

2018-05-31 13:59:04 - [TEST_STEP][PASSED] - selectOptionByIndex: All options with index in [1] are selected on object ''

2018-05-31 13:59:04 - [MESSAGE][PASSED] - All options with index in [1] are selected on object ''

2018-05-31 13:59:04 - [TEST_STEP][PASSED] - Statement - batch = new com.kms.katalon.core.testobject.TestObject(): null

2018-05-31 13:59:04 - [TEST_STEP][PASSED] - Statement - batch = com.kms.katalon.core.webui.keyword.WebUiBuiltInKeywords.modifyObjectProperty(batch, "xpath", "equals", "//*[@id = "txtbthqty" + row + ""]", true): Modify property of object successfully

2018-05-31 13:59:04 - [MESSAGE][PASSED] - Modify property of object successfully

2018-05-31 13:59:04 - [TEST_STEP][PASSED] - Statement - batchqty = com.kms.katalon.core.webui.keyword.WebUiBuiltInKeywords.getAttribute(batch, "value").trim(): Attribute 'value' of object '' is: '4800'

2018-05-31 13:59:04 - [MESSAGE][PASSED] - Attribute 'value' of object '' is: '4800'

2018-05-31 13:59:04 - [TEST_STEP][PASSED] - Statement - Rqty = 100: null

2018-05-31 13:59:04 - [TEST_STEP][PASSED] - delay: Delayed 2 second(s)

2018-05-31 13:59:06 - [MESSAGE][PASSED] - Delayed 2 second(s)

2018-05-31 13:59:06 - [TEST_STEP][PASSED] - Statement - out.println("BatchQty : " + batchqty): null

2018-05-31 13:59:06 - [TEST_STEP][PASSED] - Statement - out.println("RQty : " + Rqty): null

2018-05-31 13:59:06 - [TEST_STEP][PASSED] - Statement - If (java.lang.Integer.valueOf(batchqty) >= java.lang.Integer.valueOf(Rqty)): null

2018-05-31 13:59:06 - [TEST_STEP][PASSED] - Statement - Break: null

2018-05-31 13:59:06 - [TEST_STEP][PASSED] - Statement - batchlength = new com.kms.katalon.core.testobject.TestObject(): null

2018-05-31 13:59:06 - [TEST_STEP][PASSED] - Statement - batchlength = com.kms.katalon.core.webui.keyword.WebUiBuiltInKeywords.modifyObjectProperty(batchlength, "xpath", "equals", "//*[@id = "fldvendor" + row + ""]", true): Modify property of object successfully

2018-05-31 13:59:06 - [MESSAGE][PASSED] - Modify property of object successfully

2018-05-31 13:59:06 - [TEST_STEP][PASSED] - Statement - batchsize = com.kms.katalon.core.webui.keyword.WebUiBuiltInKeywords.getNumberOfTotalOption(batchlength): 9 options of object '' counted

2018-05-31 13:59:06 - [MESSAGE][PASSED] - 9 options of object '' counted

2018-05-31 13:59:06 - [TEST_STEP][PASSED] - Statement - out.println("BatchSize : " + batchsize): null

2018-05-31 13:59:06 - [TEST_STEP][PASSED] - Statement - For ([n = 1, n <= batchsize - 1, (n++)]): null

2018-05-31 13:59:06 - [TEST_STEP][PASSED] - Statement - product = new com.kms.katalon.core.testobject.TestObject(): null

2018-05-31 13:59:06 - [TEST_STEP][PASSED] - Statement - product = com.kms.katalon.core.webui.keyword.WebUiBuiltInKeywords.modifyObjectProperty(product, "xpath", "equals", "//*[@id = "fldvendor" + row + ""]", true): Modify property of object successfully

2018-05-31 13:59:06 - [MESSAGE][PASSED] - Modify property of object successfully

2018-05-31 13:59:06 - [TEST_STEP][PASSED] - selectOptionByIndex: All options with index in [1] are selected on object ''

2018-05-31 13:59:06 - [MESSAGE][PASSED] - All options with index in [1] are selected on object ''

2018-05-31 13:59:06 - [TEST_STEP][PASSED] - Statement - batch = new com.kms.katalon.core.testobject.TestObject(): null

2018-05-31 13:59:06 - [TEST_STEP][PASSED] - Statement - batch = com.kms.katalon.core.webui.keyword.WebUiBuiltInKeywords.modifyObjectProperty(batch, "xpath", "equals", "//*[@id = "txtbthqty" + row + ""]", true): Modify property of object successfully

2018-05-31 13:59:06 - [MESSAGE][PASSED] - Modify property of object successfully

2018-05-31 13:59:06 - [TEST_STEP][PASSED] - Statement - batchqty = com.kms.katalon.core.webui.keyword.WebUiBuiltInKeywords.getAttribute(batch, "value").trim(): Attribute 'value' of object '' is: '4600'

2018-05-31 13:59:06 - [MESSAGE][PASSED] - Attribute 'value' of object '' is: '4600'

2018-05-31 13:59:06 - [TEST_STEP][PASSED] - Statement - Rqty = 100: null

2018-05-31 13:59:06 - [TEST_STEP][PASSED] - delay: Delayed 2 second(s)

2018-05-31 13:59:08 - [MESSAGE][PASSED] - Delayed 2 second(s)

2018-05-31 13:59:08 - [TEST_STEP][PASSED] - Statement - out.println("BatchQty : " + batchqty): null

2018-05-31 13:59:08 - [TEST_STEP][PASSED] - Statement - out.println("RQty : " + Rqty): null

2018-05-31 13:59:08 - [TEST_STEP][PASSED] - Statement - If (java.lang.Integer.valueOf(batchqty) >= java.lang.Integer.valueOf(Rqty)): null

2018-05-31 13:59:08 - [TEST_STEP][PASSED] - Statement - Break: null

2018-05-31 13:59:08 - [TEST_STEP][PASSED] - Statement - batchlength = new com.kms.katalon.core.testobject.TestObject(): null

2018-05-31 13:59:08 - [TEST_STEP][PASSED] - Statement - batchlength = com.kms.katalon.core.webui.keyword.WebUiBuiltInKeywords.modifyObjectProperty(batchlength, "xpath", "equals", "//*[@id = "fldvendor" + row + ""]", true): Modify property of object successfully

2018-05-31 13:59:08 - [MESSAGE][PASSED] - Modify property of object successfully

2018-05-31 13:59:08 - [TEST_STEP][PASSED] - Statement - batchsize = com.kms.katalon.core.webui.keyword.WebUiBuiltInKeywords.getNumberOfTotalOption(batchlength): 9 options of object '' counted

2018-05-31 13:59:08 - [MESSAGE][PASSED] - 9 options of object '' counted

2018-05-31 13:59:08 - [TEST_STEP][PASSED] - Statement - out.println("BatchSize : " + batchsize): null

2018-05-31 13:59:08 - [TEST_STEP][PASSED] - Statement - For ([n = 1, n <= batchsize - 1, (n++)]): null

2018-05-31 13:59:08 - [TEST_STEP][PASSED] - Statement - product = new com.kms.katalon.core.testobject.TestObject(): null

2018-05-31 13:59:08 - [TEST_STEP][PASSED] - Statement - product = com.kms.katalon.core.webui.keyword.WebUiBuiltInKeywords.modifyObjectProperty(product, "xpath", "equals", "//*[@id = "fldvendor" + row + ""]", true): Modify property of object successfully

2018-05-31 13:59:08 - [MESSAGE][PASSED] - Modify property of object successfully

2018-05-31 13:59:08 - [TEST_STEP][PASSED] - selectOptionByIndex: All options with index in [1] are selected on object ''

2018-05-31 13:59:09 - [MESSAGE][PASSED] - All options with index in [1] are selected on object ''

2018-05-31 13:59:09 - [TEST_STEP][PASSED] - Statement - batch = new com.kms.katalon.core.testobject.TestObject(): null

2018-05-31 13:59:09 - [TEST_STEP][PASSED] - Statement - batch = com.kms.katalon.core.webui.keyword.WebUiBuiltInKeywords.modifyObjectProperty(batch, "xpath", "equals", "//*[@id = "txtbthqty" + row + ""]", true): Modify property of object successfully

2018-05-31 13:59:09 - [MESSAGE][PASSED] - Modify property of object successfully

2018-05-31 13:59:09 - [TEST_STEP][PASSED] - Statement - batchqty = com.kms.katalon.core.webui.keyword.WebUiBuiltInKeywords.getAttribute(batch, "value").trim(): Attribute 'value' of object '' is: '3500'

2018-05-31 13:59:09 - [MESSAGE][PASSED] - Attribute 'value' of object '' is: '3500'

2018-05-31 13:59:09 - [TEST_STEP][PASSED] - Statement - Rqty = 100: null

2018-05-31 13:59:09 - [TEST_STEP][PASSED] - delay: Delayed 2 second(s)

2018-05-31 13:59:11 - [MESSAGE][PASSED] - Delayed 2 second(s)

2018-05-31 13:59:11 - [TEST_STEP][PASSED] - Statement - out.println("BatchQty : " + batchqty): null

2018-05-31 13:59:11 - [TEST_STEP][PASSED] - Statement - out.println("RQty : " + Rqty): null

2018-05-31 13:59:11 - [TEST_STEP][PASSED] - Statement - If (java.lang.Integer.valueOf(batchqty) >= java.lang.Integer.valueOf(Rqty)): null

2018-05-31 13:59:11 - [TEST_STEP][PASSED] - Statement - Break: null

2018-05-31 13:59:11 - [TEST_STEP][PASSED] - Statement - batchlength = new com.kms.katalon.core.testobject.TestObject(): null

2018-05-31 13:59:11 - [TEST_STEP][PASSED] - Statement - batchlength = com.kms.katalon.core.webui.keyword.WebUiBuiltInKeywords.modifyObjectProperty(batchlength, "xpath", "equals", "//*[@id = "fldvendor" + row + ""]", true): Modify property of object successfully

2018-05-31 13:59:11 - [MESSAGE][PASSED] - Modify property of object successfully

2018-05-31 13:59:11 - [TEST_STEP][PASSED] - Statement - batchsize = com.kms.katalon.core.webui.keyword.WebUiBuiltInKeywords.getNumberOfTotalOption(batchlength): 9 options of object '' counted

2018-05-31 13:59:11 - [MESSAGE][PASSED] - 9 options of object '' counted

2018-05-31 13:59:11 - [TEST_STEP][PASSED] - Statement - out.println("BatchSize : " + batchsize): null

2018-05-31 13:59:11 - [TEST_STEP][PASSED] - Statement - For ([n = 1, n <= batchsize - 1, (n++)]): null

2018-05-31 13:59:11 - [TEST_STEP][PASSED] - Statement - product = new com.kms.katalon.core.testobject.TestObject(): null

2018-05-31 13:59:11 - [TEST_STEP][PASSED] - Statement - product = com.kms.katalon.core.webui.keyword.WebUiBuiltInKeywords.modifyObjectProperty(product, "xpath", "equals", "//*[@id = "fldvendor" + row + ""]", true): Modify property of object successfully

2018-05-31 13:59:11 - [MESSAGE][PASSED] - Modify property of object successfully

2018-05-31 13:59:11 - [TEST_STEP][PASSED] - selectOptionByIndex: All options with index in [1] are selected on object ''

2018-05-31 13:59:11 - [MESSAGE][PASSED] - All options with index in [1] are selected on object ''

2018-05-31 13:59:11 - [TEST_STEP][PASSED] - Statement - batch = new com.kms.katalon.core.testobject.TestObject(): null

2018-05-31 13:59:11 - [TEST_STEP][PASSED] - Statement - batch = com.kms.katalon.core.webui.keyword.WebUiBuiltInKeywords.modifyObjectProperty(batch, "xpath", "equals", "//*[@id = "txtbthqty" + row + ""]", true): Modify property of object successfully

2018-05-31 13:59:11 - [MESSAGE][PASSED] - Modify property of object successfully

2018-05-31 13:59:11 - [TEST_STEP][PASSED] - Statement - batchqty = com.kms.katalon.core.webui.keyword.WebUiBuiltInKeywords.getAttribute(batch, "value").trim(): Attribute 'value' of object '' is: '4800'

2018-05-31 13:59:11 - [MESSAGE][PASSED] - Attribute 'value' of object '' is: '4800'

2018-05-31 13:59:11 - [TEST_STEP][PASSED] - Statement - Rqty = 100: null

2018-05-31 13:59:11 - [TEST_STEP][PASSED] - delay: Delayed 2 second(s)

2018-05-31 13:59:13 - [MESSAGE][PASSED] - Delayed 2 second(s)

2018-05-31 13:59:13 - [TEST_STEP][PASSED] - Statement - out.println("BatchQty : " + batchqty): null

2018-05-31 13:59:13 - [TEST_STEP][PASSED] - Statement - out.println("RQty : " + Rqty): null

2018-05-31 13:59:13 - [TEST_STEP][PASSED] - Statement - If (java.lang.Integer.valueOf(batchqty) >= java.lang.Integer.valueOf(Rqty)): null

2018-05-31 13:59:13 - [TEST_STEP][PASSED] - Statement - Break: null

2018-05-31 13:59:13 - [TEST_STEP][PASSED] - Statement - batchlength = new com.kms.katalon.core.testobject.TestObject(): null

2018-05-31 13:59:13 - [TEST_STEP][PASSED] - Statement - batchlength = com.kms.katalon.core.webui.keyword.WebUiBuiltInKeywords.modifyObjectProperty(batchlength, "xpath", "equals", "//*[@id = "fldvendor" + row + ""]", true): Modify property of object successfully

2018-05-31 13:59:13 - [MESSAGE][PASSED] - Modify property of object successfully

2018-05-31 13:59:13 - [TEST_STEP][PASSED] - Statement - batchsize = com.kms.katalon.core.webui.keyword.WebUiBuiltInKeywords.getNumberOfTotalOption(batchlength): 10 options of object '' counted

2018-05-31 13:59:13 - [MESSAGE][PASSED] - 10 options of object '' counted

2018-05-31 13:59:13 - [TEST_STEP][PASSED] - Statement - out.println("BatchSize : " + batchsize): null

2018-05-31 13:59:13 - [TEST_STEP][PASSED] - Statement - For ([n = 1, n <= batchsize - 1, (n++)]): null

2018-05-31 13:59:13 - [TEST_STEP][PASSED] - Statement - product = new com.kms.katalon.core.testobject.TestObject(): null

2018-05-31 13:59:13 - [TEST_STEP][PASSED] - Statement - product = com.kms.katalon.core.webui.keyword.WebUiBuiltInKeywords.modifyObjectProperty(product, "xpath", "equals", "//*[@id = "fldvendor" + row + ""]", true): Modify property of object successfully

2018-05-31 13:59:13 - [MESSAGE][PASSED] - Modify property of object successfully

2018-05-31 13:59:13 - [TEST_STEP][PASSED] - selectOptionByIndex: All options with index in [1] are selected on object ''

2018-05-31 13:59:13 - [MESSAGE][PASSED] - All options with index in [1] are selected on object ''

2018-05-31 13:59:13 - [TEST_STEP][PASSED] - Statement - batch = new com.kms.katalon.core.testobject.TestObject(): null

2018-05-31 13:59:13 - [TEST_STEP][PASSED] - Statement - batch = com.kms.katalon.core.webui.keyword.WebUiBuiltInKeywords.modifyObjectProperty(batch, "xpath", "equals", "//*[@id = "txtbthqty" + row + ""]", true): Modify property of object successfully

2018-05-31 13:59:13 - [MESSAGE][PASSED] - Modify property of object successfully

2018-05-31 13:59:13 - [TEST_STEP][PASSED] - Statement - batchqty = com.kms.katalon.core.webui.keyword.WebUiBuiltInKeywords.getAttribute(batch, "value").trim(): Attribute 'value' of object '' is: '2200'

2018-05-31 13:59:13 - [MESSAGE][PASSED] - Attribute 'value' of object '' is: '2200'

2018-05-31 13:59:13 - [TEST_STEP][PASSED] - Statement - Rqty = 100: null

2018-05-31 13:59:13 - [TEST_STEP][PASSED] - delay: Delayed 2 second(s)

2018-05-31 13:59:15 - [MESSAGE][PASSED] - Delayed 2 second(s)

2018-05-31 13:59:15 - [TEST_STEP][PASSED] - Statement - out.println("BatchQty : " + batchqty): null

2018-05-31 13:59:15 - [TEST_STEP][PASSED] - Statement - out.println("RQty : " + Rqty): null

2018-05-31 13:59:15 - [TEST_STEP][PASSED] - Statement - If (java.lang.Integer.valueOf(batchqty) >= java.lang.Integer.valueOf(Rqty)): null

2018-05-31 13:59:15 - [TEST_STEP][PASSED] - Statement - Break: null

2018-05-31 13:59:15 - [TEST_STEP][PASSED] - Statement - batchlength = new com.kms.katalon.core.testobject.TestObject(): null

2018-05-31 13:59:15 - [TEST_STEP][PASSED] - Statement - batchlength = com.kms.katalon.core.webui.keyword.WebUiBuiltInKeywords.modifyObjectProperty(batchlength, "xpath", "equals", "//*[@id = "fldvendor" + row + ""]", true): Modify property of object successfully

2018-05-31 13:59:15 - [MESSAGE][PASSED] - Modify property of object successfully

2018-05-31 13:59:15 - [TEST_STEP][PASSED] - Statement - batchsize = com.kms.katalon.core.webui.keyword.WebUiBuiltInKeywords.getNumberOfTotalOption(batchlength): 10 options of object '' counted

2018-05-31 13:59:15 - [MESSAGE][PASSED] - 10 options of object '' counted

2018-05-31 13:59:15 - [TEST_STEP][PASSED] - Statement - out.println("BatchSize : " + batchsize): null

2018-05-31 13:59:15 - [TEST_STEP][PASSED] - Statement - For ([n = 1, n <= batchsize - 1, (n++)]): null

2018-05-31 13:59:15 - [TEST_STEP][PASSED] - Statement - product = new com.kms.katalon.core.testobject.TestObject(): null

2018-05-31 13:59:15 - [TEST_STEP][PASSED] - Statement - product = com.kms.katalon.core.webui.keyword.WebUiBuiltInKeywords.modifyObjectProperty(product, "xpath", "equals", "//*[@id = "fldvendor" + row + ""]", true): Modify property of object successfully

2018-05-31 13:59:15 - [MESSAGE][PASSED] - Modify property of object successfully

2018-05-31 13:59:15 - [TEST_STEP][PASSED] - selectOptionByIndex: All options with index in [1] are selected on object ''

2018-05-31 13:59:15 - [MESSAGE][PASSED] - All options with index in [1] are selected on object ''

2018-05-31 13:59:15 - [TEST_STEP][PASSED] - Statement - batch = new com.kms.katalon.core.testobject.TestObject(): null

2018-05-31 13:59:15 - [TEST_STEP][PASSED] - Statement - batch = com.kms.katalon.core.webui.keyword.WebUiBuiltInKeywords.modifyObjectProperty(batch, "xpath", "equals", "//*[@id = "txtbthqty" + row + ""]", true): Modify property of object successfully

2018-05-31 13:59:15 - [MESSAGE][PASSED] - Modify property of object successfully

2018-05-31 13:59:15 - [TEST_STEP][PASSED] - Statement - batchqty = com.kms.katalon.core.webui.keyword.WebUiBuiltInKeywords.getAttribute(batch, "value").trim(): Attribute 'value' of object '' is: '4500'

2018-05-31 13:59:15 - [MESSAGE][PASSED] - Attribute 'value' of object '' is: '4500'

2018-05-31 13:59:15 - [TEST_STEP][PASSED] - Statement - Rqty = 100: null

2018-05-31 13:59:15 - [TEST_STEP][PASSED] - delay: Delayed 2 second(s)

2018-05-31 13:59:17 - [MESSAGE][PASSED] - Delayed 2 second(s)

2018-05-31 13:59:17 - [TEST_STEP][PASSED] - Statement - out.println("BatchQty : " + batchqty): null

2018-05-31 13:59:17 - [TEST_STEP][PASSED] - Statement - out.println("RQty : " + Rqty): null

2018-05-31 13:59:17 - [TEST_STEP][PASSED] - Statement - If (java.lang.Integer.valueOf(batchqty) >= java.lang.Integer.valueOf(Rqty)): null

2018-05-31 13:59:17 - [TEST_STEP][PASSED] - Statement - Break: null

2018-05-31 13:59:17 - [TEST_STEP][PASSED] - Statement - batchlength = new com.kms.katalon.core.testobject.TestObject(): null

2018-05-31 13:59:17 - [TEST_STEP][PASSED] - Statement - batchlength = com.kms.katalon.core.webui.keyword.WebUiBuiltInKeywords.modifyObjectProperty(batchlength, "xpath", "equals", "//*[@id = "fldvendor" + row + ""]", true): Modify property of object successfully

2018-05-31 13:59:17 - [MESSAGE][PASSED] - Modify property of object successfully

2018-05-31 13:59:17 - [TEST_STEP][PASSED] - Statement - batchsize = com.kms.katalon.core.webui.keyword.WebUiBuiltInKeywords.getNumberOfTotalOption(batchlength): 10 options of object '' counted

2018-05-31 13:59:17 - [MESSAGE][PASSED] - 10 options of object '' counted

2018-05-31 13:59:17 - [TEST_STEP][PASSED] - Statement - out.println("BatchSize : " + batchsize): null

2018-05-31 13:59:17 - [TEST_STEP][PASSED] - Statement - For ([n = 1, n <= batchsize - 1, (n++)]): null

2018-05-31 13:59:17 - [TEST_STEP][PASSED] - Statement - product = new com.kms.katalon.core.testobject.TestObject(): null

2018-05-31 13:59:17 - [TEST_STEP][PASSED] - Statement - product = com.kms.katalon.core.webui.keyword.WebUiBuiltInKeywords.modifyObjectProperty(product, "xpath", "equals", "//*[@id = "fldvendor" + row + ""]", true): Modify property of object successfully

2018-05-31 13:59:17 - [MESSAGE][PASSED] - Modify property of object successfully

2018-05-31 13:59:17 - [TEST_STEP][PASSED] - selectOptionByIndex: All options with index in [1] are selected on object ''

2018-05-31 13:59:18 - [MESSAGE][PASSED] - All options with index in [1] are selected on object ''

2018-05-31 13:59:18 - [TEST_STEP][PASSED] - Statement - batch = new com.kms.katalon.core.testobject.TestObject(): null

2018-05-31 13:59:18 - [TEST_STEP][PASSED] - Statement - batch = com.kms.katalon.core.webui.keyword.WebUiBuiltInKeywords.modifyObjectProperty(batch, "xpath", "equals", "//*[@id = "txtbthqty" + row + ""]", true): Modify property of object successfully

2018-05-31 13:59:18 - [MESSAGE][PASSED] - Modify property of object successfully

2018-05-31 13:59:18 - [TEST_STEP][PASSED] - Statement - batchqty = com.kms.katalon.core.webui.keyword.WebUiBuiltInKeywords.getAttribute(batch, "value").trim(): Attribute 'value' of object '' is: '3200'

2018-05-31 13:59:18 - [MESSAGE][PASSED] - Attribute 'value' of object '' is: '3200'

2018-05-31 13:59:18 - [TEST_STEP][PASSED] - Statement - Rqty = 100: null

2018-05-31 13:59:18 - [TEST_STEP][PASSED] - delay: Delayed 2 second(s)

2018-05-31 13:59:20 - [MESSAGE][PASSED] - Delayed 2 second(s)

2018-05-31 13:59:20 - [TEST_STEP][PASSED] - Statement - out.println("BatchQty : " + batchqty): null

2018-05-31 13:59:20 - [TEST_STEP][PASSED] - Statement - out.println("RQty : " + Rqty): null

2018-05-31 13:59:20 - [TEST_STEP][PASSED] - Statement - If (java.lang.Integer.valueOf(batchqty) >= java.lang.Integer.valueOf(Rqty)): null

2018-05-31 13:59:20 - [TEST_STEP][PASSED] - Statement - Break: null

2018-05-31 13:59:20 - [TEST_STEP][PASSED] - delay: Delayed 2 second(s)

2018-05-31 13:59:22 - [MESSAGE][PASSED] - Delayed 2 second(s)

2018-05-31 13:59:22 - [TEST_STEP][PASSED] - click: Object: 'Object Repository/DispensaryToCms/Page_KDMC - CMS/input_btndispatch' is clicked on

2018-05-31 13:59:22 - [MESSAGE][PASSED] - Object: 'Object Repository/DispensaryToCms/Page_KDMC - CMS/input_btndispatch' is clicked on

2018-05-31 13:59:22 - [TEST_STEP][PASSED] - delay: Delayed 3 second(s)

2018-05-31 13:59:25 - [MESSAGE][PASSED] - Delayed 3 second(s)

2018-05-31 13:59:25 - [TEST_STEP][PASSED] - click: Object: 'Object Repository/DispensaryToCms/Page_KDMC - CMS/button_OK' is clicked on

2018-05-31 13:59:25 - [MESSAGE][PASSED] - Object: 'Object Repository/DispensaryToCms/Page_KDMC - CMS/button_OK' is clicked on

2018-05-31 13:59:25 - [TEST_STEP][PASSED] - delay: Delayed 3 second(s)

2018-05-31 13:59:28 - [MESSAGE][PASSED] - Delayed 3 second(s)

2018-05-31 13:59:28 - [TEST_STEP][PASSED] - click: Object: 'Object Repository/DispensaryToCms/Page_KDMC - CMS/a_dropdown-toggle' is clicked on

2018-05-31 13:59:28 - [MESSAGE][PASSED] - Object: 'Object Repository/DispensaryToCms/Page_KDMC - CMS/a_dropdown-toggle' is clicked on

2018-05-31 13:59:28 - [TEST_STEP][PASSED] - click: Object: 'Object Repository/DispensaryToCms/Page_KDMC - CMS/a_Sign out' is clicked on

2018-05-31 13:59:29 - [MESSAGE][PASSED] - Object: 'Object Repository/DispensaryToCms/Page_KDMC - CMS/a_Sign out' is clicked on

2018-05-31 13:59:29 - [TEST_STEP][PASSED] - delay: Delayed 3 second(s)

2018-05-31 13:59:32 - [MESSAGE][PASSED] - Delayed 3 second(s)

2018-05-31 13:59:32 - [TEST_STEP][PASSED] - navigateToUrl: Navigate to 'http://192.168.137.1/multihospital_new/HDSplashscreen.aspx' successfully

2018-05-31 13:59:32 - [MESSAGE][PASSED] - Navigate to 'http://192.168.137.1/multihospital_new/HDSplashscreen.aspx' successfully

2018-05-31 13:59:32 - [TEST_STEP][PASSED] - click: Object: 'Object Repository/DispensaryToCms/Page_KDMC/a_Dispensary Store' is clicked on

2018-05-31 13:59:33 - [MESSAGE][PASSED] - Object: 'Object Repository/DispensaryToCms/Page_KDMC/a_Dispensary Store' is clicked on

2018-05-31 13:59:33 - [TEST_STEP][PASSED] - setText: Text 'rajaram' is set on object 'Object Repository/DispensaryToCms/Page_Dispensary Store Login/input_txtusername'

2018-05-31 13:59:33 - [MESSAGE][PASSED] - Text 'rajaram' is set on object 'Object Repository/DispensaryToCms/Page_Dispensary Store Login/input_txtusername'

2018-05-31 13:59:33 - [TEST_STEP][PASSED] - setText: Text '123' is set on object 'Object Repository/DispensaryToCms/Page_Dispensary Store Login/input_txtpassword'

2018-05-31 13:59:33 - [MESSAGE][PASSED] - Text '123' is set on object 'Object Repository/DispensaryToCms/Page_Dispensary Store Login/input_txtpassword'

2018-05-31 13:59:33 - [TEST_STEP][PASSED] - delay: Delayed 3 second(s)

2018-05-31 13:59:36 - [MESSAGE][PASSED] - Delayed 3 second(s)

2018-05-31 13:59:36 - [TEST_STEP][PASSED] - click: Object: 'Object Repository/DispensaryToCms/Page_Dispensary Store Login/button_Sign in' is clicked on

2018-05-31 13:59:37 - [MESSAGE][PASSED] - Object: 'Object Repository/DispensaryToCms/Page_Dispensary Store Login/button_Sign in' is clicked on

2018-05-31 13:59:37 - [TEST_STEP][PASSED] - delay: Delayed 3 second(s)

2018-05-31 13:59:40 - [MESSAGE][PASSED] - Delayed 3 second(s)

2018-05-31 13:59:40 - [TEST_STEP][PASSED] - click: Object: 'Object Repository/DispensaryToCms/Page_Dispensary Store/a_CMS' is clicked on

2018-05-31 13:59:40 - [MESSAGE][PASSED] - Object: 'Object Repository/DispensaryToCms/Page_Dispensary Store/a_CMS' is clicked on

2018-05-31 13:59:40 - [TEST_STEP][PASSED] - delay: Delayed 2 second(s)

2018-05-31 13:59:42 - [MESSAGE][PASSED] - Delayed 2 second(s)

2018-05-31 13:59:42 - [TEST_STEP][PASSED] - click: Object: 'Object Repository/DispensaryToCms/Page_Dispensary Store/a_Receiving Goods' is clicked on

2018-05-31 13:59:42 - [MESSAGE][PASSED] - Object: 'Object Repository/DispensaryToCms/Page_Dispensary Store/a_Receiving Goods' is clicked on

2018-05-31 13:59:42 - [TEST_STEP][PASSED] - setText: Text 'PRNO/31052018/504' is set on object 'Object Repository/DispensaryToCms/Page_Dispensary Store/input'

2018-05-31 13:59:43 - [MESSAGE][PASSED] - Text 'PRNO/31052018/504' is set on object 'Object Repository/DispensaryToCms/Page_Dispensary Store/input'

2018-05-31 13:59:43 - [TEST_STEP][PASSED] - click: Object: 'Object Repository/DispensaryToCms/Page_Dispensary Store/input_PRNO18052018174' is clicked on

2018-05-31 13:59:43 - [MESSAGE][PASSED] - Object: 'Object Repository/DispensaryToCms/Page_Dispensary Store/input_PRNO18052018174' is clicked on

2018-05-31 13:59:43 - [TEST_STEP][PASSED] - delay: Delayed 2 second(s)

2018-05-31 13:59:45 - [MESSAGE][PASSED] - Delayed 2 second(s)

2018-05-31 13:59:45 - [TEST_STEP][PASSED] - click: Object: 'Object Repository/DispensaryToCms/Page_Dispensary Store/input_chkrem' is clicked on

2018-05-31 13:59:45 - [MESSAGE][PASSED] - Object: 'Object Repository/DispensaryToCms/Page_Dispensary Store/input_chkrem' is clicked on

2018-05-31 13:59:45 - [TEST_STEP][PASSED] - scrollToElement: Scroll to object 'Object Repository/DispensaryToCms/Page_Dispensary Store/input_btchkroqadd' successfully

2018-05-31 13:59:45 - [MESSAGE][PASSED] - Scroll to object 'Object Repository/DispensaryToCms/Page_Dispensary Store/input_btchkroqadd' successfully

2018-05-31 13:59:45 - [TEST_STEP][PASSED] - click: Object: 'Object Repository/DispensaryToCms/Page_Dispensary Store/input_btchkroqadd' is clicked on

2018-05-31 13:59:45 - [MESSAGE][PASSED] - Object: 'Object Repository/DispensaryToCms/Page_Dispensary Store/input_btchkroqadd' is clicked on

2018-05-31 13:59:45 - [TEST_STEP][PASSED] - delay: Delayed 2 second(s)

2018-05-31 13:59:47 - [MESSAGE][PASSED] - Delayed 2 second(s)

2018-05-31 13:59:47 - [TEST_STEP][PASSED] - refresh: Refresh successfully

2018-05-31 13:59:47 - [MESSAGE][PASSED] - Refresh successfully

2018-05-31 13:59:47 - [TEST_STEP][PASSED] - delay: Delayed 3 second(s)

2018-05-31 13:59:50 - [MESSAGE][PASSED] - Delayed 3 second(s)

2018-05-31 13:59:50 - [TEST_STEP][PASSED] - click: Object: 'Object Repository/DispensaryToCms/Page_Dispensary Store/a_dropdown-toggle' is clicked on

2018-05-31 13:59:51 - [MESSAGE][PASSED] - Object: 'Object Repository/DispensaryToCms/Page_Dispensary Store/a_dropdown-toggle' is clicked on

2018-05-31 13:59:51 - [TEST_STEP][PASSED] - click: Object: 'Object Repository/DispensaryToCms/Page_Dispensary Store/a_Sign out' is clicked on

2018-05-31 13:59:51 - [MESSAGE][PASSED] - Object: 'Object Repository/DispensaryToCms/Page_Dispensary Store/a_Sign out' is clicked on

2018-05-31 13:59:51 - [TEST_STEP][PASSED] - closeBrowser: Browser is closed

2018-05-31 13:59:52 - [MESSAGE][PASSED] - Browser is closed]]></system-out>
         <system-err><![CDATA[]]></system-err>
      </testcase>
      <testcase name="Test Cases/DISPENSARY TEST CASES/TC_DP_017 Verify Schedule 5 Dispensary To CMS Request Are Working Successfully Or Not" classname="Test Cases/DISPENSARY TEST CASES/TC_DP_017 Verify Schedule 5 Dispensary To CMS Request Are Working Successfully Or Not" status="FAILED">
         <failure type="FAILED" message="Unable to get text of object 'Object Repository/DispensaryToCms/Page_Dispensary Store/font_PRNO18052018174' (Root cause: com.kms.katalon.core.webui.exception.WebElementNotFoundException: Web element with id: 'Object Repository/DispensaryToCms/Page_Dispensary Store/font_PRNO18052018174' located by 'By.xpath: /html[1]/body[@class=&quot;skin-blue  pace-done modal-open&quot;]/div[@class=&quot;bootbox modal fade bootbox-alert in&quot;]/div[@class=&quot;modal-dialog&quot;]/div[@class=&quot;modal-content&quot;]/div[@class=&quot;modal-body&quot;]/div[@class=&quot;bootbox-body&quot;]/b[1]/font[1]' not found)"/>
         <system-out><![CDATA[2018-05-31 13:59:52 - [TEST_CASE][FAILED] - Test Cases/DISPENSARY TEST CASES/TC_DP_017 Verify Schedule 5 Dispensary To CMS Request Are Working Successfully Or Not: Test Cases/DISPENSARY TEST CASES/TC_DP_017 Verify Schedule 5 Dispensary To CMS Request Are Working Successfully Or Not FAILED because (of) Unable to get text of object 'Object Repository/DispensaryToCms/Page_Dispensary Store/font_PRNO18052018174' (Root cause: com.kms.katalon.core.webui.exception.WebElementNotFoundException: Web element with id: 'Object Repository/DispensaryToCms/Page_Dispensary Store/font_PRNO18052018174' located by 'By.xpath: /html[1]/body[@class="skin-blue  pace-done modal-open"]/div[@class="bootbox modal fade bootbox-alert in"]/div[@class="modal-dialog"]/div[@class="modal-content"]/div[@class="modal-body"]/div[@class="bootbox-body"]/b[1]/font[1]' not found)

2018-05-31 13:59:52 - [TEST_STEP][PASSED] - openBrowser: Browser is opened with url: ''

2018-05-31 13:59:54 - [MESSAGE][PASSED] - Browser is opened with url: ''

2018-05-31 13:59:54 - [TEST_STEP][PASSED] - navigateToUrl: Navigate to 'http://192.168.137.1/multihospital_new/HDSplashscreen.aspx' successfully

2018-05-31 13:59:56 - [MESSAGE][PASSED] - Navigate to 'http://192.168.137.1/multihospital_new/HDSplashscreen.aspx' successfully

2018-05-31 13:59:56 - [TEST_STEP][PASSED] - maximizeWindow: Current window maximized

2018-05-31 13:59:57 - [MESSAGE][PASSED] - Current window maximized

2018-05-31 13:59:57 - [TEST_STEP][PASSED] - click: Object: 'Object Repository/DispensaryToCms/Page_KDMC/a_Dispensary Store' is clicked on

2018-05-31 13:59:58 - [MESSAGE][PASSED] - Object: 'Object Repository/DispensaryToCms/Page_KDMC/a_Dispensary Store' is clicked on

2018-05-31 13:59:58 - [TEST_STEP][PASSED] - setText: Text 'rajaram' is set on object 'Object Repository/DispensaryToCms/Page_Dispensary Store Login/input_txtusername'

2018-05-31 13:59:58 - [MESSAGE][PASSED] - Text 'rajaram' is set on object 'Object Repository/DispensaryToCms/Page_Dispensary Store Login/input_txtusername'

2018-05-31 13:59:58 - [TEST_STEP][PASSED] - setText: Text '123' is set on object 'Object Repository/DispensaryToCms/Page_Dispensary Store Login/input_txtpassword'

2018-05-31 13:59:58 - [MESSAGE][PASSED] - Text '123' is set on object 'Object Repository/DispensaryToCms/Page_Dispensary Store Login/input_txtpassword'

2018-05-31 13:59:58 - [TEST_STEP][PASSED] - delay: Delayed 3 second(s)

2018-05-31 14:00:01 - [MESSAGE][PASSED] - Delayed 3 second(s)

2018-05-31 14:00:01 - [TEST_STEP][PASSED] - click: Object: 'Object Repository/DispensaryToCms/Page_Dispensary Store Login/button_Sign in' is clicked on

2018-05-31 14:00:02 - [MESSAGE][PASSED] - Object: 'Object Repository/DispensaryToCms/Page_Dispensary Store Login/button_Sign in' is clicked on

2018-05-31 14:00:02 - [TEST_STEP][PASSED] - delay: Delayed 3 second(s)

2018-05-31 14:00:05 - [MESSAGE][PASSED] - Delayed 3 second(s)

2018-05-31 14:00:05 - [TEST_STEP][PASSED] - click: Object: 'Object Repository/DispensaryToCms/Page_Dispensary Store/a_CMS' is clicked on

2018-05-31 14:00:05 - [MESSAGE][PASSED] - Object: 'Object Repository/DispensaryToCms/Page_Dispensary Store/a_CMS' is clicked on

2018-05-31 14:00:05 - [TEST_STEP][PASSED] - click: Object: 'Object Repository/DispensaryToCms/Page_Dispensary Store/a_Request Send' is clicked on

2018-05-31 14:00:06 - [MESSAGE][PASSED] - Object: 'Object Repository/DispensaryToCms/Page_Dispensary Store/a_Request Send' is clicked on

2018-05-31 14:00:06 - [TEST_STEP][PASSED] - delay: Delayed 2 second(s)

2018-05-31 14:00:08 - [MESSAGE][PASSED] - Delayed 2 second(s)

2018-05-31 14:00:08 - [TEST_STEP][PASSED] - selectOptionByIndex: All options with index in [2] are selected on object 'Object Repository/DispensaryToCms/Page_Dispensary Store/select_--Select--'

2018-05-31 14:00:08 - [MESSAGE][PASSED] - All options with index in [2] are selected on object 'Object Repository/DispensaryToCms/Page_Dispensary Store/select_--Select--'

2018-05-31 14:00:08 - [TEST_STEP][PASSED] - selectOptionByIndex: All options with index in [5] are selected on object 'Object Repository/DispensaryToCms/Page_Dispensary Store/select_--Select--Schedule 1Inj'

2018-05-31 14:00:08 - [MESSAGE][PASSED] - All options with index in [5] are selected on object 'Object Repository/DispensaryToCms/Page_Dispensary Store/select_--Select--Schedule 1Inj'

2018-05-31 14:00:08 - [TEST_STEP][PASSED] - Statement - medicineslength = com.kms.katalon.core.webui.keyword.WebUiBuiltInKeywords.getNumberOfTotalOption(com.kms.katalon.core.testobject.ObjectRepository.findTestObject(DispensaryToCms/Page_Dispensary Store/select_--Select--Adernaline 0.)): 17 options of object 'Object Repository/DispensaryToCms/Page_Dispensary Store/select_--Select--Adernaline 0.' counted

2018-05-31 14:00:08 - [MESSAGE][PASSED] - 17 options of object 'Object Repository/DispensaryToCms/Page_Dispensary Store/select_--Select--Adernaline 0.' counted

2018-05-31 14:00:08 - [TEST_STEP][PASSED] - Statement - For ([e = 1, e <= medicineslength - 1, (e++)]): Delayed 1 second(s)

2018-05-31 14:00:08 - [TEST_STEP][PASSED] - selectOptionByIndex: All options with index in [5] are selected on object 'Object Repository/DispensaryToCms/Page_Dispensary Store/select_--Select--Schedule 1Inj'

2018-05-31 14:00:09 - [MESSAGE][PASSED] - All options with index in [5] are selected on object 'Object Repository/DispensaryToCms/Page_Dispensary Store/select_--Select--Schedule 1Inj'

2018-05-31 14:00:09 - [TEST_STEP][PASSED] - delay: Delayed 1 second(s)

2018-05-31 14:00:10 - [MESSAGE][PASSED] - Delayed 1 second(s)

2018-05-31 14:00:10 - [TEST_STEP][PASSED] - selectOptionByIndex: All options with index in [1] are selected on object 'Object Repository/DispensaryToCms/Page_Dispensary Store/select_--Select--Adernaline 0.'

2018-05-31 14:00:10 - [MESSAGE][PASSED] - All options with index in [1] are selected on object 'Object Repository/DispensaryToCms/Page_Dispensary Store/select_--Select--Adernaline 0.'

2018-05-31 14:00:10 - [TEST_STEP][PASSED] - setText: Text '100' is set on object 'Object Repository/DispensaryToCms/Page_Dispensary Store/input_txttreat'

2018-05-31 14:00:10 - [MESSAGE][PASSED] - Text '100' is set on object 'Object Repository/DispensaryToCms/Page_Dispensary Store/input_txttreat'

2018-05-31 14:00:10 - [TEST_STEP][PASSED] - click: Object: 'Object Repository/DispensaryToCms/Page_Dispensary Store/button_Add' is clicked on

2018-05-31 14:00:10 - [MESSAGE][PASSED] - Object: 'Object Repository/DispensaryToCms/Page_Dispensary Store/button_Add' is clicked on

2018-05-31 14:00:10 - [TEST_STEP][PASSED] - delay: Delayed 1 second(s)

2018-05-31 14:00:11 - [MESSAGE][PASSED] - Delayed 1 second(s)

2018-05-31 14:00:11 - [TEST_STEP][PASSED] - selectOptionByIndex: All options with index in [5] are selected on object 'Object Repository/DispensaryToCms/Page_Dispensary Store/select_--Select--Schedule 1Inj'

2018-05-31 14:00:11 - [MESSAGE][PASSED] - All options with index in [5] are selected on object 'Object Repository/DispensaryToCms/Page_Dispensary Store/select_--Select--Schedule 1Inj'

2018-05-31 14:00:11 - [TEST_STEP][PASSED] - delay: Delayed 1 second(s)

2018-05-31 14:00:12 - [MESSAGE][PASSED] - Delayed 1 second(s)

2018-05-31 14:00:12 - [TEST_STEP][PASSED] - selectOptionByIndex: All options with index in [2] are selected on object 'Object Repository/DispensaryToCms/Page_Dispensary Store/select_--Select--Adernaline 0.'

2018-05-31 14:00:12 - [MESSAGE][PASSED] - All options with index in [2] are selected on object 'Object Repository/DispensaryToCms/Page_Dispensary Store/select_--Select--Adernaline 0.'

2018-05-31 14:00:12 - [TEST_STEP][PASSED] - setText: Text '100' is set on object 'Object Repository/DispensaryToCms/Page_Dispensary Store/input_txttreat'

2018-05-31 14:00:12 - [MESSAGE][PASSED] - Text '100' is set on object 'Object Repository/DispensaryToCms/Page_Dispensary Store/input_txttreat'

2018-05-31 14:00:12 - [TEST_STEP][PASSED] - click: Object: 'Object Repository/DispensaryToCms/Page_Dispensary Store/button_Add' is clicked on

2018-05-31 14:00:12 - [MESSAGE][PASSED] - Object: 'Object Repository/DispensaryToCms/Page_Dispensary Store/button_Add' is clicked on

2018-05-31 14:00:12 - [TEST_STEP][PASSED] - delay: Delayed 1 second(s)

2018-05-31 14:00:13 - [MESSAGE][PASSED] - Delayed 1 second(s)

2018-05-31 14:00:13 - [TEST_STEP][PASSED] - selectOptionByIndex: All options with index in [5] are selected on object 'Object Repository/DispensaryToCms/Page_Dispensary Store/select_--Select--Schedule 1Inj'

2018-05-31 14:00:14 - [MESSAGE][PASSED] - All options with index in [5] are selected on object 'Object Repository/DispensaryToCms/Page_Dispensary Store/select_--Select--Schedule 1Inj'

2018-05-31 14:00:14 - [TEST_STEP][PASSED] - delay: Delayed 1 second(s)

2018-05-31 14:00:15 - [MESSAGE][PASSED] - Delayed 1 second(s)

2018-05-31 14:00:15 - [TEST_STEP][PASSED] - selectOptionByIndex: All options with index in [3] are selected on object 'Object Repository/DispensaryToCms/Page_Dispensary Store/select_--Select--Adernaline 0.'

2018-05-31 14:00:15 - [MESSAGE][PASSED] - All options with index in [3] are selected on object 'Object Repository/DispensaryToCms/Page_Dispensary Store/select_--Select--Adernaline 0.'

2018-05-31 14:00:15 - [TEST_STEP][PASSED] - setText: Text '100' is set on object 'Object Repository/DispensaryToCms/Page_Dispensary Store/input_txttreat'

2018-05-31 14:00:15 - [MESSAGE][PASSED] - Text '100' is set on object 'Object Repository/DispensaryToCms/Page_Dispensary Store/input_txttreat'

2018-05-31 14:00:15 - [TEST_STEP][PASSED] - click: Object: 'Object Repository/DispensaryToCms/Page_Dispensary Store/button_Add' is clicked on

2018-05-31 14:00:15 - [MESSAGE][PASSED] - Object: 'Object Repository/DispensaryToCms/Page_Dispensary Store/button_Add' is clicked on

2018-05-31 14:00:15 - [TEST_STEP][PASSED] - delay: Delayed 1 second(s)

2018-05-31 14:00:16 - [MESSAGE][PASSED] - Delayed 1 second(s)

2018-05-31 14:00:16 - [TEST_STEP][PASSED] - selectOptionByIndex: All options with index in [5] are selected on object 'Object Repository/DispensaryToCms/Page_Dispensary Store/select_--Select--Schedule 1Inj'

2018-05-31 14:00:16 - [MESSAGE][PASSED] - All options with index in [5] are selected on object 'Object Repository/DispensaryToCms/Page_Dispensary Store/select_--Select--Schedule 1Inj'

2018-05-31 14:00:16 - [TEST_STEP][PASSED] - delay: Delayed 1 second(s)

2018-05-31 14:00:17 - [MESSAGE][PASSED] - Delayed 1 second(s)

2018-05-31 14:00:17 - [TEST_STEP][PASSED] - selectOptionByIndex: All options with index in [4] are selected on object 'Object Repository/DispensaryToCms/Page_Dispensary Store/select_--Select--Adernaline 0.'

2018-05-31 14:00:17 - [MESSAGE][PASSED] - All options with index in [4] are selected on object 'Object Repository/DispensaryToCms/Page_Dispensary Store/select_--Select--Adernaline 0.'

2018-05-31 14:00:17 - [TEST_STEP][PASSED] - setText: Text '100' is set on object 'Object Repository/DispensaryToCms/Page_Dispensary Store/input_txttreat'

2018-05-31 14:00:17 - [MESSAGE][PASSED] - Text '100' is set on object 'Object Repository/DispensaryToCms/Page_Dispensary Store/input_txttreat'

2018-05-31 14:00:17 - [TEST_STEP][PASSED] - click: Object: 'Object Repository/DispensaryToCms/Page_Dispensary Store/button_Add' is clicked on

2018-05-31 14:00:17 - [MESSAGE][PASSED] - Object: 'Object Repository/DispensaryToCms/Page_Dispensary Store/button_Add' is clicked on

2018-05-31 14:00:17 - [TEST_STEP][PASSED] - delay: Delayed 1 second(s)

2018-05-31 14:00:18 - [MESSAGE][PASSED] - Delayed 1 second(s)

2018-05-31 14:00:18 - [TEST_STEP][PASSED] - selectOptionByIndex: All options with index in [5] are selected on object 'Object Repository/DispensaryToCms/Page_Dispensary Store/select_--Select--Schedule 1Inj'

2018-05-31 14:00:19 - [MESSAGE][PASSED] - All options with index in [5] are selected on object 'Object Repository/DispensaryToCms/Page_Dispensary Store/select_--Select--Schedule 1Inj'

2018-05-31 14:00:19 - [TEST_STEP][PASSED] - delay: Delayed 1 second(s)

2018-05-31 14:00:20 - [MESSAGE][PASSED] - Delayed 1 second(s)

2018-05-31 14:00:20 - [TEST_STEP][PASSED] - selectOptionByIndex: All options with index in [5] are selected on object 'Object Repository/DispensaryToCms/Page_Dispensary Store/select_--Select--Adernaline 0.'

2018-05-31 14:00:20 - [MESSAGE][PASSED] - All options with index in [5] are selected on object 'Object Repository/DispensaryToCms/Page_Dispensary Store/select_--Select--Adernaline 0.'

2018-05-31 14:00:20 - [TEST_STEP][PASSED] - setText: Text '100' is set on object 'Object Repository/DispensaryToCms/Page_Dispensary Store/input_txttreat'

2018-05-31 14:00:20 - [MESSAGE][PASSED] - Text '100' is set on object 'Object Repository/DispensaryToCms/Page_Dispensary Store/input_txttreat'

2018-05-31 14:00:20 - [TEST_STEP][PASSED] - click: Object: 'Object Repository/DispensaryToCms/Page_Dispensary Store/button_Add' is clicked on

2018-05-31 14:00:20 - [MESSAGE][PASSED] - Object: 'Object Repository/DispensaryToCms/Page_Dispensary Store/button_Add' is clicked on

2018-05-31 14:00:20 - [TEST_STEP][PASSED] - delay: Delayed 1 second(s)

2018-05-31 14:00:21 - [MESSAGE][PASSED] - Delayed 1 second(s)

2018-05-31 14:00:21 - [TEST_STEP][PASSED] - selectOptionByIndex: All options with index in [5] are selected on object 'Object Repository/DispensaryToCms/Page_Dispensary Store/select_--Select--Schedule 1Inj'

2018-05-31 14:00:21 - [MESSAGE][PASSED] - All options with index in [5] are selected on object 'Object Repository/DispensaryToCms/Page_Dispensary Store/select_--Select--Schedule 1Inj'

2018-05-31 14:00:21 - [TEST_STEP][PASSED] - delay: Delayed 1 second(s)

2018-05-31 14:00:22 - [MESSAGE][PASSED] - Delayed 1 second(s)

2018-05-31 14:00:22 - [TEST_STEP][PASSED] - selectOptionByIndex: All options with index in [6] are selected on object 'Object Repository/DispensaryToCms/Page_Dispensary Store/select_--Select--Adernaline 0.'

2018-05-31 14:00:22 - [MESSAGE][PASSED] - All options with index in [6] are selected on object 'Object Repository/DispensaryToCms/Page_Dispensary Store/select_--Select--Adernaline 0.'

2018-05-31 14:00:22 - [TEST_STEP][PASSED] - setText: Text '100' is set on object 'Object Repository/DispensaryToCms/Page_Dispensary Store/input_txttreat'

2018-05-31 14:00:22 - [MESSAGE][PASSED] - Text '100' is set on object 'Object Repository/DispensaryToCms/Page_Dispensary Store/input_txttreat'

2018-05-31 14:00:22 - [TEST_STEP][PASSED] - click: Object: 'Object Repository/DispensaryToCms/Page_Dispensary Store/button_Add' is clicked on

2018-05-31 14:00:22 - [MESSAGE][PASSED] - Object: 'Object Repository/DispensaryToCms/Page_Dispensary Store/button_Add' is clicked on

2018-05-31 14:00:22 - [TEST_STEP][PASSED] - delay: Delayed 1 second(s)

2018-05-31 14:00:23 - [MESSAGE][PASSED] - Delayed 1 second(s)

2018-05-31 14:00:23 - [TEST_STEP][PASSED] - selectOptionByIndex: All options with index in [5] are selected on object 'Object Repository/DispensaryToCms/Page_Dispensary Store/select_--Select--Schedule 1Inj'

2018-05-31 14:00:24 - [MESSAGE][PASSED] - All options with index in [5] are selected on object 'Object Repository/DispensaryToCms/Page_Dispensary Store/select_--Select--Schedule 1Inj'

2018-05-31 14:00:24 - [TEST_STEP][PASSED] - delay: Delayed 1 second(s)

2018-05-31 14:00:25 - [MESSAGE][PASSED] - Delayed 1 second(s)

2018-05-31 14:00:25 - [TEST_STEP][PASSED] - selectOptionByIndex: All options with index in [7] are selected on object 'Object Repository/DispensaryToCms/Page_Dispensary Store/select_--Select--Adernaline 0.'

2018-05-31 14:00:25 - [MESSAGE][PASSED] - All options with index in [7] are selected on object 'Object Repository/DispensaryToCms/Page_Dispensary Store/select_--Select--Adernaline 0.'

2018-05-31 14:00:25 - [TEST_STEP][PASSED] - setText: Text '100' is set on object 'Object Repository/DispensaryToCms/Page_Dispensary Store/input_txttreat'

2018-05-31 14:00:25 - [MESSAGE][PASSED] - Text '100' is set on object 'Object Repository/DispensaryToCms/Page_Dispensary Store/input_txttreat'

2018-05-31 14:00:25 - [TEST_STEP][PASSED] - click: Object: 'Object Repository/DispensaryToCms/Page_Dispensary Store/button_Add' is clicked on

2018-05-31 14:00:25 - [MESSAGE][PASSED] - Object: 'Object Repository/DispensaryToCms/Page_Dispensary Store/button_Add' is clicked on

2018-05-31 14:00:25 - [TEST_STEP][PASSED] - delay: Delayed 1 second(s)

2018-05-31 14:00:26 - [MESSAGE][PASSED] - Delayed 1 second(s)

2018-05-31 14:00:26 - [TEST_STEP][PASSED] - selectOptionByIndex: All options with index in [5] are selected on object 'Object Repository/DispensaryToCms/Page_Dispensary Store/select_--Select--Schedule 1Inj'

2018-05-31 14:00:26 - [MESSAGE][PASSED] - All options with index in [5] are selected on object 'Object Repository/DispensaryToCms/Page_Dispensary Store/select_--Select--Schedule 1Inj'

2018-05-31 14:00:26 - [TEST_STEP][PASSED] - delay: Delayed 1 second(s)

2018-05-31 14:00:27 - [MESSAGE][PASSED] - Delayed 1 second(s)

2018-05-31 14:00:27 - [TEST_STEP][PASSED] - selectOptionByIndex: All options with index in [8] are selected on object 'Object Repository/DispensaryToCms/Page_Dispensary Store/select_--Select--Adernaline 0.'

2018-05-31 14:00:27 - [MESSAGE][PASSED] - All options with index in [8] are selected on object 'Object Repository/DispensaryToCms/Page_Dispensary Store/select_--Select--Adernaline 0.'

2018-05-31 14:00:27 - [TEST_STEP][PASSED] - setText: Text '100' is set on object 'Object Repository/DispensaryToCms/Page_Dispensary Store/input_txttreat'

2018-05-31 14:00:27 - [MESSAGE][PASSED] - Text '100' is set on object 'Object Repository/DispensaryToCms/Page_Dispensary Store/input_txttreat'

2018-05-31 14:00:27 - [TEST_STEP][PASSED] - click: Object: 'Object Repository/DispensaryToCms/Page_Dispensary Store/button_Add' is clicked on

2018-05-31 14:00:28 - [MESSAGE][PASSED] - Object: 'Object Repository/DispensaryToCms/Page_Dispensary Store/button_Add' is clicked on

2018-05-31 14:00:28 - [TEST_STEP][PASSED] - delay: Delayed 1 second(s)

2018-05-31 14:00:29 - [MESSAGE][PASSED] - Delayed 1 second(s)

2018-05-31 14:00:29 - [TEST_STEP][PASSED] - selectOptionByIndex: All options with index in [5] are selected on object 'Object Repository/DispensaryToCms/Page_Dispensary Store/select_--Select--Schedule 1Inj'

2018-05-31 14:00:29 - [MESSAGE][PASSED] - All options with index in [5] are selected on object 'Object Repository/DispensaryToCms/Page_Dispensary Store/select_--Select--Schedule 1Inj'

2018-05-31 14:00:29 - [TEST_STEP][PASSED] - delay: Delayed 1 second(s)

2018-05-31 14:00:30 - [MESSAGE][PASSED] - Delayed 1 second(s)

2018-05-31 14:00:30 - [TEST_STEP][PASSED] - selectOptionByIndex: All options with index in [9] are selected on object 'Object Repository/DispensaryToCms/Page_Dispensary Store/select_--Select--Adernaline 0.'

2018-05-31 14:00:30 - [MESSAGE][PASSED] - All options with index in [9] are selected on object 'Object Repository/DispensaryToCms/Page_Dispensary Store/select_--Select--Adernaline 0.'

2018-05-31 14:00:30 - [TEST_STEP][PASSED] - setText: Text '100' is set on object 'Object Repository/DispensaryToCms/Page_Dispensary Store/input_txttreat'

2018-05-31 14:00:30 - [MESSAGE][PASSED] - Text '100' is set on object 'Object Repository/DispensaryToCms/Page_Dispensary Store/input_txttreat'

2018-05-31 14:00:30 - [TEST_STEP][PASSED] - click: Object: 'Object Repository/DispensaryToCms/Page_Dispensary Store/button_Add' is clicked on

2018-05-31 14:00:30 - [MESSAGE][PASSED] - Object: 'Object Repository/DispensaryToCms/Page_Dispensary Store/button_Add' is clicked on

2018-05-31 14:00:30 - [TEST_STEP][PASSED] - delay: Delayed 1 second(s)

2018-05-31 14:00:31 - [MESSAGE][PASSED] - Delayed 1 second(s)

2018-05-31 14:00:31 - [TEST_STEP][PASSED] - selectOptionByIndex: All options with index in [5] are selected on object 'Object Repository/DispensaryToCms/Page_Dispensary Store/select_--Select--Schedule 1Inj'

2018-05-31 14:00:31 - [MESSAGE][PASSED] - All options with index in [5] are selected on object 'Object Repository/DispensaryToCms/Page_Dispensary Store/select_--Select--Schedule 1Inj'

2018-05-31 14:00:31 - [TEST_STEP][PASSED] - delay: Delayed 1 second(s)

2018-05-31 14:00:32 - [MESSAGE][PASSED] - Delayed 1 second(s)

2018-05-31 14:00:32 - [TEST_STEP][PASSED] - selectOptionByIndex: All options with index in [10] are selected on object 'Object Repository/DispensaryToCms/Page_Dispensary Store/select_--Select--Adernaline 0.'

2018-05-31 14:00:33 - [MESSAGE][PASSED] - All options with index in [10] are selected on object 'Object Repository/DispensaryToCms/Page_Dispensary Store/select_--Select--Adernaline 0.'

2018-05-31 14:00:33 - [TEST_STEP][PASSED] - setText: Text '100' is set on object 'Object Repository/DispensaryToCms/Page_Dispensary Store/input_txttreat'

2018-05-31 14:00:33 - [MESSAGE][PASSED] - Text '100' is set on object 'Object Repository/DispensaryToCms/Page_Dispensary Store/input_txttreat'

2018-05-31 14:00:33 - [TEST_STEP][PASSED] - click: Object: 'Object Repository/DispensaryToCms/Page_Dispensary Store/button_Add' is clicked on

2018-05-31 14:00:33 - [MESSAGE][PASSED] - Object: 'Object Repository/DispensaryToCms/Page_Dispensary Store/button_Add' is clicked on

2018-05-31 14:00:33 - [TEST_STEP][PASSED] - delay: Delayed 1 second(s)

2018-05-31 14:00:34 - [MESSAGE][PASSED] - Delayed 1 second(s)

2018-05-31 14:00:34 - [TEST_STEP][PASSED] - selectOptionByIndex: All options with index in [5] are selected on object 'Object Repository/DispensaryToCms/Page_Dispensary Store/select_--Select--Schedule 1Inj'

2018-05-31 14:00:34 - [MESSAGE][PASSED] - All options with index in [5] are selected on object 'Object Repository/DispensaryToCms/Page_Dispensary Store/select_--Select--Schedule 1Inj'

2018-05-31 14:00:34 - [TEST_STEP][PASSED] - delay: Delayed 1 second(s)

2018-05-31 14:00:35 - [MESSAGE][PASSED] - Delayed 1 second(s)

2018-05-31 14:00:35 - [TEST_STEP][PASSED] - selectOptionByIndex: All options with index in [11] are selected on object 'Object Repository/DispensaryToCms/Page_Dispensary Store/select_--Select--Adernaline 0.'

2018-05-31 14:00:35 - [MESSAGE][PASSED] - All options with index in [11] are selected on object 'Object Repository/DispensaryToCms/Page_Dispensary Store/select_--Select--Adernaline 0.'

2018-05-31 14:00:35 - [TEST_STEP][PASSED] - setText: Text '100' is set on object 'Object Repository/DispensaryToCms/Page_Dispensary Store/input_txttreat'

2018-05-31 14:00:35 - [MESSAGE][PASSED] - Text '100' is set on object 'Object Repository/DispensaryToCms/Page_Dispensary Store/input_txttreat'

2018-05-31 14:00:35 - [TEST_STEP][PASSED] - click: Object: 'Object Repository/DispensaryToCms/Page_Dispensary Store/button_Add' is clicked on

2018-05-31 14:00:35 - [MESSAGE][PASSED] - Object: 'Object Repository/DispensaryToCms/Page_Dispensary Store/button_Add' is clicked on

2018-05-31 14:00:35 - [TEST_STEP][PASSED] - delay: Delayed 1 second(s)

2018-05-31 14:00:36 - [MESSAGE][PASSED] - Delayed 1 second(s)

2018-05-31 14:00:36 - [TEST_STEP][PASSED] - selectOptionByIndex: All options with index in [5] are selected on object 'Object Repository/DispensaryToCms/Page_Dispensary Store/select_--Select--Schedule 1Inj'

2018-05-31 14:00:37 - [MESSAGE][PASSED] - All options with index in [5] are selected on object 'Object Repository/DispensaryToCms/Page_Dispensary Store/select_--Select--Schedule 1Inj'

2018-05-31 14:00:37 - [TEST_STEP][PASSED] - delay: Delayed 1 second(s)

2018-05-31 14:00:38 - [MESSAGE][PASSED] - Delayed 1 second(s)

2018-05-31 14:00:38 - [TEST_STEP][PASSED] - selectOptionByIndex: All options with index in [12] are selected on object 'Object Repository/DispensaryToCms/Page_Dispensary Store/select_--Select--Adernaline 0.'

2018-05-31 14:00:38 - [MESSAGE][PASSED] - All options with index in [12] are selected on object 'Object Repository/DispensaryToCms/Page_Dispensary Store/select_--Select--Adernaline 0.'

2018-05-31 14:00:38 - [TEST_STEP][PASSED] - setText: Text '100' is set on object 'Object Repository/DispensaryToCms/Page_Dispensary Store/input_txttreat'

2018-05-31 14:00:38 - [MESSAGE][PASSED] - Text '100' is set on object 'Object Repository/DispensaryToCms/Page_Dispensary Store/input_txttreat'

2018-05-31 14:00:38 - [TEST_STEP][PASSED] - click: Object: 'Object Repository/DispensaryToCms/Page_Dispensary Store/button_Add' is clicked on

2018-05-31 14:00:38 - [MESSAGE][PASSED] - Object: 'Object Repository/DispensaryToCms/Page_Dispensary Store/button_Add' is clicked on

2018-05-31 14:00:38 - [TEST_STEP][PASSED] - delay: Delayed 1 second(s)

2018-05-31 14:00:39 - [MESSAGE][PASSED] - Delayed 1 second(s)

2018-05-31 14:00:39 - [TEST_STEP][PASSED] - selectOptionByIndex: All options with index in [5] are selected on object 'Object Repository/DispensaryToCms/Page_Dispensary Store/select_--Select--Schedule 1Inj'

2018-05-31 14:00:39 - [MESSAGE][PASSED] - All options with index in [5] are selected on object 'Object Repository/DispensaryToCms/Page_Dispensary Store/select_--Select--Schedule 1Inj'

2018-05-31 14:00:39 - [TEST_STEP][PASSED] - delay: Delayed 1 second(s)

2018-05-31 14:00:40 - [MESSAGE][PASSED] - Delayed 1 second(s)

2018-05-31 14:00:40 - [TEST_STEP][PASSED] - selectOptionByIndex: All options with index in [13] are selected on object 'Object Repository/DispensaryToCms/Page_Dispensary Store/select_--Select--Adernaline 0.'

2018-05-31 14:00:40 - [MESSAGE][PASSED] - All options with index in [13] are selected on object 'Object Repository/DispensaryToCms/Page_Dispensary Store/select_--Select--Adernaline 0.'

2018-05-31 14:00:40 - [TEST_STEP][PASSED] - setText: Text '100' is set on object 'Object Repository/DispensaryToCms/Page_Dispensary Store/input_txttreat'

2018-05-31 14:00:41 - [MESSAGE][PASSED] - Text '100' is set on object 'Object Repository/DispensaryToCms/Page_Dispensary Store/input_txttreat'

2018-05-31 14:00:41 - [TEST_STEP][PASSED] - click: Object: 'Object Repository/DispensaryToCms/Page_Dispensary Store/button_Add' is clicked on

2018-05-31 14:00:41 - [MESSAGE][PASSED] - Object: 'Object Repository/DispensaryToCms/Page_Dispensary Store/button_Add' is clicked on

2018-05-31 14:00:41 - [TEST_STEP][PASSED] - delay: Delayed 1 second(s)

2018-05-31 14:00:42 - [MESSAGE][PASSED] - Delayed 1 second(s)

2018-05-31 14:00:42 - [TEST_STEP][PASSED] - selectOptionByIndex: All options with index in [5] are selected on object 'Object Repository/DispensaryToCms/Page_Dispensary Store/select_--Select--Schedule 1Inj'

2018-05-31 14:00:42 - [MESSAGE][PASSED] - All options with index in [5] are selected on object 'Object Repository/DispensaryToCms/Page_Dispensary Store/select_--Select--Schedule 1Inj'

2018-05-31 14:00:42 - [TEST_STEP][PASSED] - delay: Delayed 1 second(s)

2018-05-31 14:00:43 - [MESSAGE][PASSED] - Delayed 1 second(s)

2018-05-31 14:00:43 - [TEST_STEP][PASSED] - selectOptionByIndex: All options with index in [14] are selected on object 'Object Repository/DispensaryToCms/Page_Dispensary Store/select_--Select--Adernaline 0.'

2018-05-31 14:00:43 - [MESSAGE][PASSED] - All options with index in [14] are selected on object 'Object Repository/DispensaryToCms/Page_Dispensary Store/select_--Select--Adernaline 0.'

2018-05-31 14:00:43 - [TEST_STEP][PASSED] - setText: Text '100' is set on object 'Object Repository/DispensaryToCms/Page_Dispensary Store/input_txttreat'

2018-05-31 14:00:43 - [MESSAGE][PASSED] - Text '100' is set on object 'Object Repository/DispensaryToCms/Page_Dispensary Store/input_txttreat'

2018-05-31 14:00:43 - [TEST_STEP][PASSED] - click: Object: 'Object Repository/DispensaryToCms/Page_Dispensary Store/button_Add' is clicked on

2018-05-31 14:00:43 - [MESSAGE][PASSED] - Object: 'Object Repository/DispensaryToCms/Page_Dispensary Store/button_Add' is clicked on

2018-05-31 14:00:43 - [TEST_STEP][PASSED] - delay: Delayed 1 second(s)

2018-05-31 14:00:44 - [MESSAGE][PASSED] - Delayed 1 second(s)

2018-05-31 14:00:44 - [TEST_STEP][PASSED] - selectOptionByIndex: All options with index in [5] are selected on object 'Object Repository/DispensaryToCms/Page_Dispensary Store/select_--Select--Schedule 1Inj'

2018-05-31 14:00:44 - [MESSAGE][PASSED] - All options with index in [5] are selected on object 'Object Repository/DispensaryToCms/Page_Dispensary Store/select_--Select--Schedule 1Inj'

2018-05-31 14:00:44 - [TEST_STEP][PASSED] - delay: Delayed 1 second(s)

2018-05-31 14:00:45 - [MESSAGE][PASSED] - Delayed 1 second(s)

2018-05-31 14:00:45 - [TEST_STEP][PASSED] - selectOptionByIndex: All options with index in [15] are selected on object 'Object Repository/DispensaryToCms/Page_Dispensary Store/select_--Select--Adernaline 0.'

2018-05-31 14:00:46 - [MESSAGE][PASSED] - All options with index in [15] are selected on object 'Object Repository/DispensaryToCms/Page_Dispensary Store/select_--Select--Adernaline 0.'

2018-05-31 14:00:46 - [TEST_STEP][PASSED] - setText: Text '100' is set on object 'Object Repository/DispensaryToCms/Page_Dispensary Store/input_txttreat'

2018-05-31 14:00:46 - [MESSAGE][PASSED] - Text '100' is set on object 'Object Repository/DispensaryToCms/Page_Dispensary Store/input_txttreat'

2018-05-31 14:00:46 - [TEST_STEP][PASSED] - click: Object: 'Object Repository/DispensaryToCms/Page_Dispensary Store/button_Add' is clicked on

2018-05-31 14:00:46 - [MESSAGE][PASSED] - Object: 'Object Repository/DispensaryToCms/Page_Dispensary Store/button_Add' is clicked on

2018-05-31 14:00:46 - [TEST_STEP][PASSED] - delay: Delayed 1 second(s)

2018-05-31 14:00:47 - [MESSAGE][PASSED] - Delayed 1 second(s)

2018-05-31 14:00:47 - [TEST_STEP][PASSED] - selectOptionByIndex: All options with index in [5] are selected on object 'Object Repository/DispensaryToCms/Page_Dispensary Store/select_--Select--Schedule 1Inj'

2018-05-31 14:00:47 - [MESSAGE][PASSED] - All options with index in [5] are selected on object 'Object Repository/DispensaryToCms/Page_Dispensary Store/select_--Select--Schedule 1Inj'

2018-05-31 14:00:47 - [TEST_STEP][PASSED] - delay: Delayed 1 second(s)

2018-05-31 14:00:48 - [MESSAGE][PASSED] - Delayed 1 second(s)

2018-05-31 14:00:48 - [TEST_STEP][PASSED] - selectOptionByIndex: All options with index in [16] are selected on object 'Object Repository/DispensaryToCms/Page_Dispensary Store/select_--Select--Adernaline 0.'

2018-05-31 14:00:48 - [MESSAGE][PASSED] - All options with index in [16] are selected on object 'Object Repository/DispensaryToCms/Page_Dispensary Store/select_--Select--Adernaline 0.'

2018-05-31 14:00:48 - [TEST_STEP][PASSED] - setText: Text '100' is set on object 'Object Repository/DispensaryToCms/Page_Dispensary Store/input_txttreat'

2018-05-31 14:00:48 - [MESSAGE][PASSED] - Text '100' is set on object 'Object Repository/DispensaryToCms/Page_Dispensary Store/input_txttreat'

2018-05-31 14:00:48 - [TEST_STEP][PASSED] - click: Object: 'Object Repository/DispensaryToCms/Page_Dispensary Store/button_Add' is clicked on

2018-05-31 14:00:48 - [MESSAGE][PASSED] - Object: 'Object Repository/DispensaryToCms/Page_Dispensary Store/button_Add' is clicked on

2018-05-31 14:00:48 - [TEST_STEP][PASSED] - delay: Delayed 1 second(s)

2018-05-31 14:00:49 - [MESSAGE][PASSED] - Delayed 1 second(s)

2018-05-31 14:00:49 - [TEST_STEP][PASSED] - scrollToElement: Scroll to object 'Object Repository/DispensaryToCms/Page_Dispensary Store/input_btnsave' successfully

2018-05-31 14:00:49 - [MESSAGE][PASSED] - Scroll to object 'Object Repository/DispensaryToCms/Page_Dispensary Store/input_btnsave' successfully

2018-05-31 14:00:49 - [TEST_STEP][PASSED] - click: Object: 'Object Repository/DispensaryToCms/Page_Dispensary Store/input_btnsave' is clicked on

2018-05-31 14:00:50 - [MESSAGE][PASSED] - Object: 'Object Repository/DispensaryToCms/Page_Dispensary Store/input_btnsave' is clicked on

2018-05-31 14:00:50 - [TEST_STEP][PASSED] - delay: Delayed 3 second(s)

2018-05-31 14:00:53 - [MESSAGE][PASSED] - Delayed 3 second(s)

2018-05-31 14:00:53 - [TEST_STEP][FAILED] - Statement - RN1 = com.kms.katalon.core.webui.keyword.WebUiBuiltInKeywords.getText(com.kms.katalon.core.testobject.ObjectRepository.findTestObject(DispensaryToCms/Page_Dispensary Store/font_PRNO18052018174)): Unable to get text of object 'Object Repository/DispensaryToCms/Page_Dispensary Store/font_PRNO18052018174' (Root cause: com.kms.katalon.core.webui.exception.WebElementNotFoundException: Web element with id: 'Object Repository/DispensaryToCms/Page_Dispensary Store/font_PRNO18052018174' located by 'By.xpath: /html[1]/body[@class="skin-blue  pace-done modal-open"]/div[@class="bootbox modal fade bootbox-alert in"]/div[@class="modal-dialog"]/div[@class="modal-content"]/div[@class="modal-body"]/div[@class="bootbox-body"]/b[1]/font[1]' not found)

2018-05-31 14:01:24 - [MESSAGE][FAILED] - Unable to get text of object 'Object Repository/DispensaryToCms/Page_Dispensary Store/font_PRNO18052018174' (Root cause: com.kms.katalon.core.webui.exception.WebElementNotFoundException: Web element with id: 'Object Repository/DispensaryToCms/Page_Dispensary Store/font_PRNO18052018174' located by 'By.xpath: /html[1]/body[@class="skin-blue  pace-done modal-open"]/div[@class="bootbox modal fade bootbox-alert in"]/div[@class="modal-dialog"]/div[@class="modal-content"]/div[@class="modal-body"]/div[@class="bootbox-body"]/b[1]/font[1]' not found)
[[ATTACHMENT|C:\\Users\\Quality Analyst\\Katalon Studio\\ds\\Reports\\Dispensary_Cms_Suite\\20180531_134142\\1527755484179.png]]]]></system-out>
         <system-err><![CDATA[2018-05-31 13:59:52 - [TEST_CASE][FAILED] - Test Cases/DISPENSARY TEST CASES/TC_DP_017 Verify Schedule 5 Dispensary To CMS Request Are Working Successfully Or Not: Test Cases/DISPENSARY TEST CASES/TC_DP_017 Verify Schedule 5 Dispensary To CMS Request Are Working Successfully Or Not FAILED because (of) Unable to get text of object 'Object Repository/DispensaryToCms/Page_Dispensary Store/font_PRNO18052018174' (Root cause: com.kms.katalon.core.webui.exception.WebElementNotFoundException: Web element with id: 'Object Repository/DispensaryToCms/Page_Dispensary Store/font_PRNO18052018174' located by 'By.xpath: /html[1]/body[@class="skin-blue  pace-done modal-open"]/div[@class="bootbox modal fade bootbox-alert in"]/div[@class="modal-dialog"]/div[@class="modal-content"]/div[@class="modal-body"]/div[@class="bootbox-body"]/b[1]/font[1]' not found)]]></system-err>
      </testcase>
      <testcase name="Test Cases/DISPENSARY TEST CASES/TC_DP_018 Verify Schedule 6 Dispensary To CMS Request Are Working Successfully Or Not" classname="Test Cases/DISPENSARY TEST CASES/TC_DP_018 Verify Schedule 6 Dispensary To CMS Request Are Working Successfully Or Not" status="ERROR">
         <error type="ERROR" message="Test Cases/DISPENSARY TEST CASES/TC_DP_018 Verify Schedule 6 Dispensary To CMS Request Are Working Successfully Or Not FAILED because (of) java.lang.NumberFormatException: For input string: &quot;&quot;"/>
         <system-out><![CDATA[2018-05-31 14:01:24 - [TEST_CASE][ERROR] - Test Cases/DISPENSARY TEST CASES/TC_DP_018 Verify Schedule 6 Dispensary To CMS Request Are Working Successfully Or Not: Test Cases/DISPENSARY TEST CASES/TC_DP_018 Verify Schedule 6 Dispensary To CMS Request Are Working Successfully Or Not FAILED because (of) java.lang.NumberFormatException: For input string: ""

2018-05-31 14:01:24 - [TEST_STEP][PASSED] - openBrowser: Browser is opened with url: ''

2018-05-31 14:01:24 - [MESSAGE][WARNING] - A browser is already opened. Closing browser and opening a new one

2018-05-31 14:01:27 - [MESSAGE][PASSED] - Browser is opened with url: ''

2018-05-31 14:01:27 - [TEST_STEP][PASSED] - navigateToUrl: Navigate to 'http://192.168.137.1/multihospital_new/HDSplashscreen.aspx' successfully

2018-05-31 14:01:30 - [MESSAGE][PASSED] - Navigate to 'http://192.168.137.1/multihospital_new/HDSplashscreen.aspx' successfully

2018-05-31 14:01:30 - [TEST_STEP][PASSED] - maximizeWindow: Current window maximized

2018-05-31 14:01:31 - [MESSAGE][PASSED] - Current window maximized

2018-05-31 14:01:31 - [TEST_STEP][PASSED] - click: Object: 'Object Repository/DispensaryToCms/Page_KDMC/a_Dispensary Store' is clicked on

2018-05-31 14:01:32 - [MESSAGE][PASSED] - Object: 'Object Repository/DispensaryToCms/Page_KDMC/a_Dispensary Store' is clicked on

2018-05-31 14:01:32 - [TEST_STEP][PASSED] - setText: Text 'rajaram' is set on object 'Object Repository/DispensaryToCms/Page_Dispensary Store Login/input_txtusername'

2018-05-31 14:01:32 - [MESSAGE][PASSED] - Text 'rajaram' is set on object 'Object Repository/DispensaryToCms/Page_Dispensary Store Login/input_txtusername'

2018-05-31 14:01:32 - [TEST_STEP][PASSED] - setText: Text '123' is set on object 'Object Repository/DispensaryToCms/Page_Dispensary Store Login/input_txtpassword'

2018-05-31 14:01:32 - [MESSAGE][PASSED] - Text '123' is set on object 'Object Repository/DispensaryToCms/Page_Dispensary Store Login/input_txtpassword'

2018-05-31 14:01:32 - [TEST_STEP][PASSED] - delay: Delayed 3 second(s)

2018-05-31 14:01:35 - [MESSAGE][PASSED] - Delayed 3 second(s)

2018-05-31 14:01:35 - [TEST_STEP][PASSED] - click: Object: 'Object Repository/DispensaryToCms/Page_Dispensary Store Login/button_Sign in' is clicked on

2018-05-31 14:01:35 - [MESSAGE][PASSED] - Object: 'Object Repository/DispensaryToCms/Page_Dispensary Store Login/button_Sign in' is clicked on

2018-05-31 14:01:35 - [TEST_STEP][PASSED] - delay: Delayed 3 second(s)

2018-05-31 14:01:38 - [MESSAGE][PASSED] - Delayed 3 second(s)

2018-05-31 14:01:38 - [TEST_STEP][PASSED] - click: Object: 'Object Repository/DispensaryToCms/Page_Dispensary Store/a_CMS' is clicked on

2018-05-31 14:01:39 - [MESSAGE][PASSED] - Object: 'Object Repository/DispensaryToCms/Page_Dispensary Store/a_CMS' is clicked on

2018-05-31 14:01:39 - [TEST_STEP][PASSED] - click: Object: 'Object Repository/DispensaryToCms/Page_Dispensary Store/a_Request Send' is clicked on

2018-05-31 14:01:39 - [MESSAGE][PASSED] - Object: 'Object Repository/DispensaryToCms/Page_Dispensary Store/a_Request Send' is clicked on

2018-05-31 14:01:39 - [TEST_STEP][PASSED] - delay: Delayed 2 second(s)

2018-05-31 14:01:41 - [MESSAGE][PASSED] - Delayed 2 second(s)

2018-05-31 14:01:41 - [TEST_STEP][PASSED] - selectOptionByIndex: All options with index in [2] are selected on object 'Object Repository/DispensaryToCms/Page_Dispensary Store/select_--Select--'

2018-05-31 14:01:41 - [MESSAGE][PASSED] - All options with index in [2] are selected on object 'Object Repository/DispensaryToCms/Page_Dispensary Store/select_--Select--'

2018-05-31 14:01:41 - [TEST_STEP][PASSED] - selectOptionByIndex: All options with index in [6] are selected on object 'Object Repository/DispensaryToCms/Page_Dispensary Store/select_--Select--Schedule 1Inj'

2018-05-31 14:01:42 - [MESSAGE][PASSED] - All options with index in [6] are selected on object 'Object Repository/DispensaryToCms/Page_Dispensary Store/select_--Select--Schedule 1Inj'

2018-05-31 14:01:42 - [TEST_STEP][PASSED] - Statement - medicineslength = com.kms.katalon.core.webui.keyword.WebUiBuiltInKeywords.getNumberOfTotalOption(com.kms.katalon.core.testobject.ObjectRepository.findTestObject(DispensaryToCms/Page_Dispensary Store/select_--Select--Adernaline 0.)): 14 options of object 'Object Repository/DispensaryToCms/Page_Dispensary Store/select_--Select--Adernaline 0.' counted

2018-05-31 14:01:42 - [MESSAGE][PASSED] - 14 options of object 'Object Repository/DispensaryToCms/Page_Dispensary Store/select_--Select--Adernaline 0.' counted

2018-05-31 14:01:42 - [TEST_STEP][PASSED] - Statement - For ([e = 1, e <= medicineslength - 1, (e++)]): Delayed 1 second(s)

2018-05-31 14:01:42 - [TEST_STEP][PASSED] - selectOptionByIndex: All options with index in [6] are selected on object 'Object Repository/DispensaryToCms/Page_Dispensary Store/select_--Select--Schedule 1Inj'

2018-05-31 14:01:42 - [MESSAGE][PASSED] - All options with index in [6] are selected on object 'Object Repository/DispensaryToCms/Page_Dispensary Store/select_--Select--Schedule 1Inj'

2018-05-31 14:01:42 - [TEST_STEP][PASSED] - delay: Delayed 1 second(s)

2018-05-31 14:01:43 - [MESSAGE][PASSED] - Delayed 1 second(s)

2018-05-31 14:01:43 - [TEST_STEP][PASSED] - selectOptionByIndex: All options with index in [1] are selected on object 'Object Repository/DispensaryToCms/Page_Dispensary Store/select_--Select--Adernaline 0.'

2018-05-31 14:01:43 - [MESSAGE][PASSED] - All options with index in [1] are selected on object 'Object Repository/DispensaryToCms/Page_Dispensary Store/select_--Select--Adernaline 0.'

2018-05-31 14:01:43 - [TEST_STEP][PASSED] - setText: Text '100' is set on object 'Object Repository/DispensaryToCms/Page_Dispensary Store/input_txttreat'

2018-05-31 14:01:43 - [MESSAGE][PASSED] - Text '100' is set on object 'Object Repository/DispensaryToCms/Page_Dispensary Store/input_txttreat'

2018-05-31 14:01:43 - [TEST_STEP][PASSED] - click: Object: 'Object Repository/DispensaryToCms/Page_Dispensary Store/button_Add' is clicked on

2018-05-31 14:01:43 - [MESSAGE][PASSED] - Object: 'Object Repository/DispensaryToCms/Page_Dispensary Store/button_Add' is clicked on

2018-05-31 14:01:43 - [TEST_STEP][PASSED] - delay: Delayed 1 second(s)

2018-05-31 14:01:44 - [MESSAGE][PASSED] - Delayed 1 second(s)

2018-05-31 14:01:44 - [TEST_STEP][PASSED] - selectOptionByIndex: All options with index in [6] are selected on object 'Object Repository/DispensaryToCms/Page_Dispensary Store/select_--Select--Schedule 1Inj'

2018-05-31 14:01:44 - [MESSAGE][PASSED] - All options with index in [6] are selected on object 'Object Repository/DispensaryToCms/Page_Dispensary Store/select_--Select--Schedule 1Inj'

2018-05-31 14:01:44 - [TEST_STEP][PASSED] - delay: Delayed 1 second(s)

2018-05-31 14:01:45 - [MESSAGE][PASSED] - Delayed 1 second(s)

2018-05-31 14:01:45 - [TEST_STEP][PASSED] - selectOptionByIndex: All options with index in [2] are selected on object 'Object Repository/DispensaryToCms/Page_Dispensary Store/select_--Select--Adernaline 0.'

2018-05-31 14:01:46 - [MESSAGE][PASSED] - All options with index in [2] are selected on object 'Object Repository/DispensaryToCms/Page_Dispensary Store/select_--Select--Adernaline 0.'

2018-05-31 14:01:46 - [TEST_STEP][PASSED] - setText: Text '100' is set on object 'Object Repository/DispensaryToCms/Page_Dispensary Store/input_txttreat'

2018-05-31 14:01:46 - [MESSAGE][PASSED] - Text '100' is set on object 'Object Repository/DispensaryToCms/Page_Dispensary Store/input_txttreat'

2018-05-31 14:01:46 - [TEST_STEP][PASSED] - click: Object: 'Object Repository/DispensaryToCms/Page_Dispensary Store/button_Add' is clicked on

2018-05-31 14:01:46 - [MESSAGE][PASSED] - Object: 'Object Repository/DispensaryToCms/Page_Dispensary Store/button_Add' is clicked on

2018-05-31 14:01:46 - [TEST_STEP][PASSED] - delay: Delayed 1 second(s)

2018-05-31 14:01:47 - [MESSAGE][PASSED] - Delayed 1 second(s)

2018-05-31 14:01:47 - [TEST_STEP][PASSED] - selectOptionByIndex: All options with index in [6] are selected on object 'Object Repository/DispensaryToCms/Page_Dispensary Store/select_--Select--Schedule 1Inj'

2018-05-31 14:01:47 - [MESSAGE][PASSED] - All options with index in [6] are selected on object 'Object Repository/DispensaryToCms/Page_Dispensary Store/select_--Select--Schedule 1Inj'

2018-05-31 14:01:47 - [TEST_STEP][PASSED] - delay: Delayed 1 second(s)

2018-05-31 14:01:48 - [MESSAGE][PASSED] - Delayed 1 second(s)

2018-05-31 14:01:48 - [TEST_STEP][PASSED] - selectOptionByIndex: All options with index in [3] are selected on object 'Object Repository/DispensaryToCms/Page_Dispensary Store/select_--Select--Adernaline 0.'

2018-05-31 14:01:48 - [MESSAGE][PASSED] - All options with index in [3] are selected on object 'Object Repository/DispensaryToCms/Page_Dispensary Store/select_--Select--Adernaline 0.'

2018-05-31 14:01:48 - [TEST_STEP][PASSED] - setText: Text '100' is set on object 'Object Repository/DispensaryToCms/Page_Dispensary Store/input_txttreat'

2018-05-31 14:01:48 - [MESSAGE][PASSED] - Text '100' is set on object 'Object Repository/DispensaryToCms/Page_Dispensary Store/input_txttreat'

2018-05-31 14:01:48 - [TEST_STEP][PASSED] - click: Object: 'Object Repository/DispensaryToCms/Page_Dispensary Store/button_Add' is clicked on

2018-05-31 14:01:48 - [MESSAGE][PASSED] - Object: 'Object Repository/DispensaryToCms/Page_Dispensary Store/button_Add' is clicked on

2018-05-31 14:01:48 - [TEST_STEP][PASSED] - delay: Delayed 1 second(s)

2018-05-31 14:01:49 - [MESSAGE][PASSED] - Delayed 1 second(s)

2018-05-31 14:01:49 - [TEST_STEP][PASSED] - selectOptionByIndex: All options with index in [6] are selected on object 'Object Repository/DispensaryToCms/Page_Dispensary Store/select_--Select--Schedule 1Inj'

2018-05-31 14:01:49 - [MESSAGE][PASSED] - All options with index in [6] are selected on object 'Object Repository/DispensaryToCms/Page_Dispensary Store/select_--Select--Schedule 1Inj'

2018-05-31 14:01:49 - [TEST_STEP][PASSED] - delay: Delayed 1 second(s)

2018-05-31 14:01:50 - [MESSAGE][PASSED] - Delayed 1 second(s)

2018-05-31 14:01:50 - [TEST_STEP][PASSED] - selectOptionByIndex: All options with index in [4] are selected on object 'Object Repository/DispensaryToCms/Page_Dispensary Store/select_--Select--Adernaline 0.'

2018-05-31 14:01:51 - [MESSAGE][PASSED] - All options with index in [4] are selected on object 'Object Repository/DispensaryToCms/Page_Dispensary Store/select_--Select--Adernaline 0.'

2018-05-31 14:01:51 - [TEST_STEP][PASSED] - setText: Text '100' is set on object 'Object Repository/DispensaryToCms/Page_Dispensary Store/input_txttreat'

2018-05-31 14:01:51 - [MESSAGE][PASSED] - Text '100' is set on object 'Object Repository/DispensaryToCms/Page_Dispensary Store/input_txttreat'

2018-05-31 14:01:51 - [TEST_STEP][PASSED] - click: Object: 'Object Repository/DispensaryToCms/Page_Dispensary Store/button_Add' is clicked on

2018-05-31 14:01:51 - [MESSAGE][PASSED] - Object: 'Object Repository/DispensaryToCms/Page_Dispensary Store/button_Add' is clicked on

2018-05-31 14:01:51 - [TEST_STEP][PASSED] - delay: Delayed 1 second(s)

2018-05-31 14:01:52 - [MESSAGE][PASSED] - Delayed 1 second(s)

2018-05-31 14:01:52 - [TEST_STEP][PASSED] - selectOptionByIndex: All options with index in [6] are selected on object 'Object Repository/DispensaryToCms/Page_Dispensary Store/select_--Select--Schedule 1Inj'

2018-05-31 14:01:52 - [MESSAGE][PASSED] - All options with index in [6] are selected on object 'Object Repository/DispensaryToCms/Page_Dispensary Store/select_--Select--Schedule 1Inj'

2018-05-31 14:01:52 - [TEST_STEP][PASSED] - delay: Delayed 1 second(s)

2018-05-31 14:01:53 - [MESSAGE][PASSED] - Delayed 1 second(s)

2018-05-31 14:01:53 - [TEST_STEP][PASSED] - selectOptionByIndex: All options with index in [5] are selected on object 'Object Repository/DispensaryToCms/Page_Dispensary Store/select_--Select--Adernaline 0.'

2018-05-31 14:01:53 - [MESSAGE][PASSED] - All options with index in [5] are selected on object 'Object Repository/DispensaryToCms/Page_Dispensary Store/select_--Select--Adernaline 0.'

2018-05-31 14:01:53 - [TEST_STEP][PASSED] - setText: Text '100' is set on object 'Object Repository/DispensaryToCms/Page_Dispensary Store/input_txttreat'

2018-05-31 14:01:53 - [MESSAGE][PASSED] - Text '100' is set on object 'Object Repository/DispensaryToCms/Page_Dispensary Store/input_txttreat'

2018-05-31 14:01:53 - [TEST_STEP][PASSED] - click: Object: 'Object Repository/DispensaryToCms/Page_Dispensary Store/button_Add' is clicked on

2018-05-31 14:01:53 - [MESSAGE][PASSED] - Object: 'Object Repository/DispensaryToCms/Page_Dispensary Store/button_Add' is clicked on

2018-05-31 14:01:53 - [TEST_STEP][PASSED] - delay: Delayed 1 second(s)

2018-05-31 14:01:54 - [MESSAGE][PASSED] - Delayed 1 second(s)

2018-05-31 14:01:54 - [TEST_STEP][PASSED] - selectOptionByIndex: All options with index in [6] are selected on object 'Object Repository/DispensaryToCms/Page_Dispensary Store/select_--Select--Schedule 1Inj'

2018-05-31 14:01:55 - [MESSAGE][PASSED] - All options with index in [6] are selected on object 'Object Repository/DispensaryToCms/Page_Dispensary Store/select_--Select--Schedule 1Inj'

2018-05-31 14:01:55 - [TEST_STEP][PASSED] - delay: Delayed 1 second(s)

2018-05-31 14:01:56 - [MESSAGE][PASSED] - Delayed 1 second(s)

2018-05-31 14:01:56 - [TEST_STEP][PASSED] - selectOptionByIndex: All options with index in [6] are selected on object 'Object Repository/DispensaryToCms/Page_Dispensary Store/select_--Select--Adernaline 0.'

2018-05-31 14:01:56 - [MESSAGE][PASSED] - All options with index in [6] are selected on object 'Object Repository/DispensaryToCms/Page_Dispensary Store/select_--Select--Adernaline 0.'

2018-05-31 14:01:56 - [TEST_STEP][PASSED] - setText: Text '100' is set on object 'Object Repository/DispensaryToCms/Page_Dispensary Store/input_txttreat'

2018-05-31 14:01:56 - [MESSAGE][PASSED] - Text '100' is set on object 'Object Repository/DispensaryToCms/Page_Dispensary Store/input_txttreat'

2018-05-31 14:01:56 - [TEST_STEP][PASSED] - click: Object: 'Object Repository/DispensaryToCms/Page_Dispensary Store/button_Add' is clicked on

2018-05-31 14:01:56 - [MESSAGE][PASSED] - Object: 'Object Repository/DispensaryToCms/Page_Dispensary Store/button_Add' is clicked on

2018-05-31 14:01:56 - [TEST_STEP][PASSED] - delay: Delayed 1 second(s)

2018-05-31 14:01:57 - [MESSAGE][PASSED] - Delayed 1 second(s)

2018-05-31 14:01:57 - [TEST_STEP][PASSED] - selectOptionByIndex: All options with index in [6] are selected on object 'Object Repository/DispensaryToCms/Page_Dispensary Store/select_--Select--Schedule 1Inj'

2018-05-31 14:01:57 - [MESSAGE][PASSED] - All options with index in [6] are selected on object 'Object Repository/DispensaryToCms/Page_Dispensary Store/select_--Select--Schedule 1Inj'

2018-05-31 14:01:57 - [TEST_STEP][PASSED] - delay: Delayed 1 second(s)

2018-05-31 14:01:58 - [MESSAGE][PASSED] - Delayed 1 second(s)

2018-05-31 14:01:58 - [TEST_STEP][PASSED] - selectOptionByIndex: All options with index in [7] are selected on object 'Object Repository/DispensaryToCms/Page_Dispensary Store/select_--Select--Adernaline 0.'

2018-05-31 14:01:58 - [MESSAGE][PASSED] - All options with index in [7] are selected on object 'Object Repository/DispensaryToCms/Page_Dispensary Store/select_--Select--Adernaline 0.'

2018-05-31 14:01:58 - [TEST_STEP][PASSED] - setText: Text '100' is set on object 'Object Repository/DispensaryToCms/Page_Dispensary Store/input_txttreat'

2018-05-31 14:01:58 - [MESSAGE][PASSED] - Text '100' is set on object 'Object Repository/DispensaryToCms/Page_Dispensary Store/input_txttreat'

2018-05-31 14:01:58 - [TEST_STEP][PASSED] - click: Object: 'Object Repository/DispensaryToCms/Page_Dispensary Store/button_Add' is clicked on

2018-05-31 14:01:58 - [MESSAGE][PASSED] - Object: 'Object Repository/DispensaryToCms/Page_Dispensary Store/button_Add' is clicked on

2018-05-31 14:01:58 - [TEST_STEP][PASSED] - delay: Delayed 1 second(s)

2018-05-31 14:01:59 - [MESSAGE][PASSED] - Delayed 1 second(s)

2018-05-31 14:01:59 - [TEST_STEP][PASSED] - selectOptionByIndex: All options with index in [6] are selected on object 'Object Repository/DispensaryToCms/Page_Dispensary Store/select_--Select--Schedule 1Inj'

2018-05-31 14:02:00 - [MESSAGE][PASSED] - All options with index in [6] are selected on object 'Object Repository/DispensaryToCms/Page_Dispensary Store/select_--Select--Schedule 1Inj'

2018-05-31 14:02:00 - [TEST_STEP][PASSED] - delay: Delayed 1 second(s)

2018-05-31 14:02:01 - [MESSAGE][PASSED] - Delayed 1 second(s)

2018-05-31 14:02:01 - [TEST_STEP][PASSED] - selectOptionByIndex: All options with index in [8] are selected on object 'Object Repository/DispensaryToCms/Page_Dispensary Store/select_--Select--Adernaline 0.'

2018-05-31 14:02:01 - [MESSAGE][PASSED] - All options with index in [8] are selected on object 'Object Repository/DispensaryToCms/Page_Dispensary Store/select_--Select--Adernaline 0.'

2018-05-31 14:02:01 - [TEST_STEP][PASSED] - setText: Text '100' is set on object 'Object Repository/DispensaryToCms/Page_Dispensary Store/input_txttreat'

2018-05-31 14:02:01 - [MESSAGE][PASSED] - Text '100' is set on object 'Object Repository/DispensaryToCms/Page_Dispensary Store/input_txttreat'

2018-05-31 14:02:01 - [TEST_STEP][PASSED] - click: Object: 'Object Repository/DispensaryToCms/Page_Dispensary Store/button_Add' is clicked on

2018-05-31 14:02:01 - [MESSAGE][PASSED] - Object: 'Object Repository/DispensaryToCms/Page_Dispensary Store/button_Add' is clicked on

2018-05-31 14:02:01 - [TEST_STEP][PASSED] - delay: Delayed 1 second(s)

2018-05-31 14:02:02 - [MESSAGE][PASSED] - Delayed 1 second(s)

2018-05-31 14:02:02 - [TEST_STEP][PASSED] - selectOptionByIndex: All options with index in [6] are selected on object 'Object Repository/DispensaryToCms/Page_Dispensary Store/select_--Select--Schedule 1Inj'

2018-05-31 14:02:02 - [MESSAGE][PASSED] - All options with index in [6] are selected on object 'Object Repository/DispensaryToCms/Page_Dispensary Store/select_--Select--Schedule 1Inj'

2018-05-31 14:02:02 - [TEST_STEP][PASSED] - delay: Delayed 1 second(s)

2018-05-31 14:02:03 - [MESSAGE][PASSED] - Delayed 1 second(s)

2018-05-31 14:02:03 - [TEST_STEP][PASSED] - selectOptionByIndex: All options with index in [9] are selected on object 'Object Repository/DispensaryToCms/Page_Dispensary Store/select_--Select--Adernaline 0.'

2018-05-31 14:02:04 - [MESSAGE][PASSED] - All options with index in [9] are selected on object 'Object Repository/DispensaryToCms/Page_Dispensary Store/select_--Select--Adernaline 0.'

2018-05-31 14:02:04 - [TEST_STEP][PASSED] - setText: Text '100' is set on object 'Object Repository/DispensaryToCms/Page_Dispensary Store/input_txttreat'

2018-05-31 14:02:04 - [MESSAGE][PASSED] - Text '100' is set on object 'Object Repository/DispensaryToCms/Page_Dispensary Store/input_txttreat'

2018-05-31 14:02:04 - [TEST_STEP][PASSED] - click: Object: 'Object Repository/DispensaryToCms/Page_Dispensary Store/button_Add' is clicked on

2018-05-31 14:02:04 - [MESSAGE][PASSED] - Object: 'Object Repository/DispensaryToCms/Page_Dispensary Store/button_Add' is clicked on

2018-05-31 14:02:04 - [TEST_STEP][PASSED] - delay: Delayed 1 second(s)

2018-05-31 14:02:05 - [MESSAGE][PASSED] - Delayed 1 second(s)

2018-05-31 14:02:05 - [TEST_STEP][PASSED] - selectOptionByIndex: All options with index in [6] are selected on object 'Object Repository/DispensaryToCms/Page_Dispensary Store/select_--Select--Schedule 1Inj'

2018-05-31 14:02:05 - [MESSAGE][PASSED] - All options with index in [6] are selected on object 'Object Repository/DispensaryToCms/Page_Dispensary Store/select_--Select--Schedule 1Inj'

2018-05-31 14:02:05 - [TEST_STEP][PASSED] - delay: Delayed 1 second(s)

2018-05-31 14:02:06 - [MESSAGE][PASSED] - Delayed 1 second(s)

2018-05-31 14:02:06 - [TEST_STEP][PASSED] - selectOptionByIndex: All options with index in [10] are selected on object 'Object Repository/DispensaryToCms/Page_Dispensary Store/select_--Select--Adernaline 0.'

2018-05-31 14:02:06 - [MESSAGE][PASSED] - All options with index in [10] are selected on object 'Object Repository/DispensaryToCms/Page_Dispensary Store/select_--Select--Adernaline 0.'

2018-05-31 14:02:06 - [TEST_STEP][PASSED] - setText: Text '100' is set on object 'Object Repository/DispensaryToCms/Page_Dispensary Store/input_txttreat'

2018-05-31 14:02:06 - [MESSAGE][PASSED] - Text '100' is set on object 'Object Repository/DispensaryToCms/Page_Dispensary Store/input_txttreat'

2018-05-31 14:02:06 - [TEST_STEP][PASSED] - click: Object: 'Object Repository/DispensaryToCms/Page_Dispensary Store/button_Add' is clicked on

2018-05-31 14:02:06 - [MESSAGE][PASSED] - Object: 'Object Repository/DispensaryToCms/Page_Dispensary Store/button_Add' is clicked on

2018-05-31 14:02:06 - [TEST_STEP][PASSED] - delay: Delayed 1 second(s)

2018-05-31 14:02:07 - [MESSAGE][PASSED] - Delayed 1 second(s)

2018-05-31 14:02:07 - [TEST_STEP][PASSED] - selectOptionByIndex: All options with index in [6] are selected on object 'Object Repository/DispensaryToCms/Page_Dispensary Store/select_--Select--Schedule 1Inj'

2018-05-31 14:02:07 - [MESSAGE][PASSED] - All options with index in [6] are selected on object 'Object Repository/DispensaryToCms/Page_Dispensary Store/select_--Select--Schedule 1Inj'

2018-05-31 14:02:07 - [TEST_STEP][PASSED] - delay: Delayed 1 second(s)

2018-05-31 14:02:08 - [MESSAGE][PASSED] - Delayed 1 second(s)

2018-05-31 14:02:08 - [TEST_STEP][PASSED] - selectOptionByIndex: All options with index in [11] are selected on object 'Object Repository/DispensaryToCms/Page_Dispensary Store/select_--Select--Adernaline 0.'

2018-05-31 14:02:09 - [MESSAGE][PASSED] - All options with index in [11] are selected on object 'Object Repository/DispensaryToCms/Page_Dispensary Store/select_--Select--Adernaline 0.'

2018-05-31 14:02:09 - [TEST_STEP][PASSED] - setText: Text '100' is set on object 'Object Repository/DispensaryToCms/Page_Dispensary Store/input_txttreat'

2018-05-31 14:02:09 - [MESSAGE][PASSED] - Text '100' is set on object 'Object Repository/DispensaryToCms/Page_Dispensary Store/input_txttreat'

2018-05-31 14:02:09 - [TEST_STEP][PASSED] - click: Object: 'Object Repository/DispensaryToCms/Page_Dispensary Store/button_Add' is clicked on

2018-05-31 14:02:09 - [MESSAGE][PASSED] - Object: 'Object Repository/DispensaryToCms/Page_Dispensary Store/button_Add' is clicked on

2018-05-31 14:02:09 - [TEST_STEP][PASSED] - delay: Delayed 1 second(s)

2018-05-31 14:02:10 - [MESSAGE][PASSED] - Delayed 1 second(s)

2018-05-31 14:02:10 - [TEST_STEP][PASSED] - selectOptionByIndex: All options with index in [6] are selected on object 'Object Repository/DispensaryToCms/Page_Dispensary Store/select_--Select--Schedule 1Inj'

2018-05-31 14:02:10 - [MESSAGE][PASSED] - All options with index in [6] are selected on object 'Object Repository/DispensaryToCms/Page_Dispensary Store/select_--Select--Schedule 1Inj'

2018-05-31 14:02:10 - [TEST_STEP][PASSED] - delay: Delayed 1 second(s)

2018-05-31 14:02:11 - [MESSAGE][PASSED] - Delayed 1 second(s)

2018-05-31 14:02:11 - [TEST_STEP][PASSED] - selectOptionByIndex: All options with index in [12] are selected on object 'Object Repository/DispensaryToCms/Page_Dispensary Store/select_--Select--Adernaline 0.'

2018-05-31 14:02:11 - [MESSAGE][PASSED] - All options with index in [12] are selected on object 'Object Repository/DispensaryToCms/Page_Dispensary Store/select_--Select--Adernaline 0.'

2018-05-31 14:02:11 - [TEST_STEP][PASSED] - setText: Text '100' is set on object 'Object Repository/DispensaryToCms/Page_Dispensary Store/input_txttreat'

2018-05-31 14:02:11 - [MESSAGE][PASSED] - Text '100' is set on object 'Object Repository/DispensaryToCms/Page_Dispensary Store/input_txttreat'

2018-05-31 14:02:11 - [TEST_STEP][PASSED] - click: Object: 'Object Repository/DispensaryToCms/Page_Dispensary Store/button_Add' is clicked on

2018-05-31 14:02:11 - [MESSAGE][PASSED] - Object: 'Object Repository/DispensaryToCms/Page_Dispensary Store/button_Add' is clicked on

2018-05-31 14:02:11 - [TEST_STEP][PASSED] - delay: Delayed 1 second(s)

2018-05-31 14:02:12 - [MESSAGE][PASSED] - Delayed 1 second(s)

2018-05-31 14:02:12 - [TEST_STEP][PASSED] - selectOptionByIndex: All options with index in [6] are selected on object 'Object Repository/DispensaryToCms/Page_Dispensary Store/select_--Select--Schedule 1Inj'

2018-05-31 14:02:13 - [MESSAGE][PASSED] - All options with index in [6] are selected on object 'Object Repository/DispensaryToCms/Page_Dispensary Store/select_--Select--Schedule 1Inj'

2018-05-31 14:02:13 - [TEST_STEP][PASSED] - delay: Delayed 1 second(s)

2018-05-31 14:02:14 - [MESSAGE][PASSED] - Delayed 1 second(s)

2018-05-31 14:02:14 - [TEST_STEP][PASSED] - selectOptionByIndex: All options with index in [13] are selected on object 'Object Repository/DispensaryToCms/Page_Dispensary Store/select_--Select--Adernaline 0.'

2018-05-31 14:02:14 - [MESSAGE][PASSED] - All options with index in [13] are selected on object 'Object Repository/DispensaryToCms/Page_Dispensary Store/select_--Select--Adernaline 0.'

2018-05-31 14:02:14 - [TEST_STEP][PASSED] - setText: Text '100' is set on object 'Object Repository/DispensaryToCms/Page_Dispensary Store/input_txttreat'

2018-05-31 14:02:14 - [MESSAGE][PASSED] - Text '100' is set on object 'Object Repository/DispensaryToCms/Page_Dispensary Store/input_txttreat'

2018-05-31 14:02:14 - [TEST_STEP][PASSED] - click: Object: 'Object Repository/DispensaryToCms/Page_Dispensary Store/button_Add' is clicked on

2018-05-31 14:02:14 - [MESSAGE][PASSED] - Object: 'Object Repository/DispensaryToCms/Page_Dispensary Store/button_Add' is clicked on

2018-05-31 14:02:14 - [TEST_STEP][PASSED] - delay: Delayed 1 second(s)

2018-05-31 14:02:15 - [MESSAGE][PASSED] - Delayed 1 second(s)

2018-05-31 14:02:15 - [TEST_STEP][PASSED] - scrollToElement: Scroll to object 'Object Repository/DispensaryToCms/Page_Dispensary Store/input_btnsave' successfully

2018-05-31 14:02:15 - [MESSAGE][PASSED] - Scroll to object 'Object Repository/DispensaryToCms/Page_Dispensary Store/input_btnsave' successfully

2018-05-31 14:02:15 - [TEST_STEP][PASSED] - click: Object: 'Object Repository/DispensaryToCms/Page_Dispensary Store/input_btnsave' is clicked on

2018-05-31 14:02:15 - [MESSAGE][PASSED] - Object: 'Object Repository/DispensaryToCms/Page_Dispensary Store/input_btnsave' is clicked on

2018-05-31 14:02:15 - [TEST_STEP][PASSED] - delay: Delayed 3 second(s)

2018-05-31 14:02:18 - [MESSAGE][PASSED] - Delayed 3 second(s)

2018-05-31 14:02:18 - [TEST_STEP][PASSED] - Statement - RN1 = com.kms.katalon.core.webui.keyword.WebUiBuiltInKeywords.getText(com.kms.katalon.core.testobject.ObjectRepository.findTestObject(DispensaryToCms/Page_Dispensary Store/font_PRNO18052018174)): Text of object 'Object Repository/DispensaryToCms/Page_Dispensary Store/font_PRNO18052018174' is: 'PRNO/31052018/506'

2018-05-31 14:02:18 - [MESSAGE][PASSED] - Text of object 'Object Repository/DispensaryToCms/Page_Dispensary Store/font_PRNO18052018174' is: 'PRNO/31052018/506'

2018-05-31 14:02:18 - [TEST_STEP][PASSED] - Statement - out.println(RN1): null

2018-05-31 14:02:18 - [TEST_STEP][PASSED] - Statement - RID = RN1.split("/")[2]: null

2018-05-31 14:02:18 - [TEST_STEP][PASSED] - click: Object: 'Object Repository/DispensaryToCms/Page_Dispensary Store/button_OK' is clicked on

2018-05-31 14:02:19 - [MESSAGE][PASSED] - Object: 'Object Repository/DispensaryToCms/Page_Dispensary Store/button_OK' is clicked on

2018-05-31 14:02:19 - [TEST_STEP][PASSED] - delay: Delayed 3 second(s)

2018-05-31 14:02:22 - [MESSAGE][PASSED] - Delayed 3 second(s)

2018-05-31 14:02:22 - [TEST_STEP][PASSED] - waitForElementPresent: Object 'Object Repository/DispensaryToCms/Page_Dispensary Store/a_dropdown-toggle' is present

2018-05-31 14:02:22 - [MESSAGE][PASSED] - Object 'Object Repository/DispensaryToCms/Page_Dispensary Store/a_dropdown-toggle' is present

2018-05-31 14:02:22 - [TEST_STEP][PASSED] - click: Object: 'Object Repository/DispensaryToCms/Page_Dispensary Store/a_dropdown-toggle' is clicked on

2018-05-31 14:02:22 - [MESSAGE][PASSED] - Object: 'Object Repository/DispensaryToCms/Page_Dispensary Store/a_dropdown-toggle' is clicked on

2018-05-31 14:02:22 - [TEST_STEP][PASSED] - click: Object: 'Object Repository/DispensaryToCms/Page_Dispensary Store/a_Sign out' is clicked on

2018-05-31 14:02:23 - [MESSAGE][PASSED] - Object: 'Object Repository/DispensaryToCms/Page_Dispensary Store/a_Sign out' is clicked on

2018-05-31 14:02:23 - [TEST_STEP][PASSED] - delay: Delayed 3 second(s)

2018-05-31 14:02:26 - [MESSAGE][PASSED] - Delayed 3 second(s)

2018-05-31 14:02:26 - [TEST_STEP][PASSED] - navigateToUrl: Navigate to 'http://192.168.137.1/multihospital_new/' successfully

2018-05-31 14:02:27 - [MESSAGE][PASSED] - Navigate to 'http://192.168.137.1/multihospital_new/' successfully

2018-05-31 14:02:27 - [TEST_STEP][PASSED] - click: Object: 'Object Repository/DispensaryToCms/Page_KDMC/a_CMO' is clicked on

2018-05-31 14:02:28 - [MESSAGE][PASSED] - Object: 'Object Repository/DispensaryToCms/Page_KDMC/a_CMO' is clicked on

2018-05-31 14:02:28 - [TEST_STEP][PASSED] - setText: Text 'guru' is set on object 'Object Repository/DispensaryToCms/Page_CMO login/input_txtusername'

2018-05-31 14:02:28 - [MESSAGE][PASSED] - Text 'guru' is set on object 'Object Repository/DispensaryToCms/Page_CMO login/input_txtusername'

2018-05-31 14:02:28 - [TEST_STEP][PASSED] - setText: Text '123' is set on object 'Object Repository/DispensaryToCms/Page_CMO login/input_txtpassword'

2018-05-31 14:02:28 - [MESSAGE][PASSED] - Text '123' is set on object 'Object Repository/DispensaryToCms/Page_CMO login/input_txtpassword'

2018-05-31 14:02:28 - [TEST_STEP][PASSED] - delay: Delayed 3 second(s)

2018-05-31 14:02:31 - [MESSAGE][PASSED] - Delayed 3 second(s)

2018-05-31 14:02:31 - [TEST_STEP][PASSED] - click: Object: 'Object Repository/DispensaryToCms/Page_CMO login/button_Sign in' is clicked on

2018-05-31 14:02:32 - [MESSAGE][PASSED] - Object: 'Object Repository/DispensaryToCms/Page_CMO login/button_Sign in' is clicked on

2018-05-31 14:02:32 - [TEST_STEP][PASSED] - delay: Delayed 3 second(s)

2018-05-31 14:02:35 - [MESSAGE][PASSED] - Delayed 3 second(s)

2018-05-31 14:02:35 - [TEST_STEP][PASSED] - click: Object: 'Object Repository/DispensaryToCms/Page_KDMC - CMO/a_CMS Request' is clicked on

2018-05-31 14:02:35 - [MESSAGE][PASSED] - Object: 'Object Repository/DispensaryToCms/Page_KDMC - CMO/a_CMS Request' is clicked on

2018-05-31 14:02:35 - [TEST_STEP][PASSED] - delay: Delayed 2 second(s)

2018-05-31 14:02:37 - [MESSAGE][PASSED] - Delayed 2 second(s)

2018-05-31 14:02:37 - [TEST_STEP][PASSED] - click: Object: 'Object Repository/DispensaryToCms/Page_KDMC - CMO/a_Dispensary Store Request' is clicked on

2018-05-31 14:02:38 - [MESSAGE][PASSED] - Object: 'Object Repository/DispensaryToCms/Page_KDMC - CMO/a_Dispensary Store Request' is clicked on

2018-05-31 14:02:38 - [TEST_STEP][PASSED] - selectOptionByIndex: All options with index in [1] are selected on object 'Object Repository/DispensaryToCms/Page_KDMC - CMO/select_--ALL--'

2018-05-31 14:02:38 - [MESSAGE][PASSED] - All options with index in [1] are selected on object 'Object Repository/DispensaryToCms/Page_KDMC - CMO/select_--ALL--'

2018-05-31 14:02:38 - [TEST_STEP][PASSED] - click: Object: 'Object Repository/DispensaryToCms/Page_KDMC - CMO/input_btnsearch' is clicked on

2018-05-31 14:02:38 - [MESSAGE][PASSED] - Object: 'Object Repository/DispensaryToCms/Page_KDMC - CMO/input_btnsearch' is clicked on

2018-05-31 14:02:38 - [TEST_STEP][PASSED] - Statement - ID = com.kms.katalon.core.webui.keyword.WebUiBuiltInKeywords.modifyObjectProperty(com.kms.katalon.core.testobject.ObjectRepository.findTestObject(lab/Page_KDMC - CMO/input_1), "xpath", "equals", "//*[@id=" + RID + "]", true): Modify property of object successfully

2018-05-31 14:02:38 - [MESSAGE][PASSED] - Modify property of object successfully

2018-05-31 14:02:38 - [TEST_STEP][PASSED] - click: Object: 'Object Repository/lab/Page_KDMC - CMO/input_1' is clicked on

2018-05-31 14:02:39 - [MESSAGE][PASSED] - Object: 'Object Repository/lab/Page_KDMC - CMO/input_1' is clicked on

2018-05-31 14:02:39 - [TEST_STEP][PASSED] - delay: Delayed 2 second(s)

2018-05-31 14:02:41 - [MESSAGE][PASSED] - Delayed 2 second(s)

2018-05-31 14:02:41 - [TEST_STEP][PASSED] - selectOptionByIndex: All options with index in [1] are selected on object 'Object Repository/DispensaryToCms/Page_KDMC - CMO/select_--Select--'

2018-05-31 14:02:41 - [MESSAGE][PASSED] - All options with index in [1] are selected on object 'Object Repository/DispensaryToCms/Page_KDMC - CMO/select_--Select--'

2018-05-31 14:02:41 - [TEST_STEP][PASSED] - click: Object: 'Object Repository/DispensaryToCms/Page_KDMC - CMO/input_btnupdate' is clicked on

2018-05-31 14:02:41 - [MESSAGE][PASSED] - Object: 'Object Repository/DispensaryToCms/Page_KDMC - CMO/input_btnupdate' is clicked on

2018-05-31 14:02:41 - [TEST_STEP][PASSED] - delay: Delayed 2 second(s)

2018-05-31 14:02:43 - [MESSAGE][PASSED] - Delayed 2 second(s)

2018-05-31 14:02:43 - [TEST_STEP][PASSED] - click: Object: 'Object Repository/DispensaryToCms/Page_KDMC - CMO/button_OK' is clicked on

2018-05-31 14:02:44 - [MESSAGE][PASSED] - Object: 'Object Repository/DispensaryToCms/Page_KDMC - CMO/button_OK' is clicked on

2018-05-31 14:02:44 - [TEST_STEP][PASSED] - delay: Delayed 3 second(s)

2018-05-31 14:02:47 - [MESSAGE][PASSED] - Delayed 3 second(s)

2018-05-31 14:02:47 - [TEST_STEP][PASSED] - click: Object: 'Object Repository/DispensaryToCms/Page_KDMC - CMO/a_dropdown-toggle' is clicked on

2018-05-31 14:02:47 - [MESSAGE][PASSED] - Object: 'Object Repository/DispensaryToCms/Page_KDMC - CMO/a_dropdown-toggle' is clicked on

2018-05-31 14:02:47 - [TEST_STEP][PASSED] - click: Object: 'Object Repository/DispensaryToCms/Page_KDMC - CMO/a_Sign out' is clicked on

2018-05-31 14:02:47 - [MESSAGE][PASSED] - Object: 'Object Repository/DispensaryToCms/Page_KDMC - CMO/a_Sign out' is clicked on

2018-05-31 14:02:47 - [TEST_STEP][PASSED] - delay: Delayed 3 second(s)

2018-05-31 14:02:50 - [MESSAGE][PASSED] - Delayed 3 second(s)

2018-05-31 14:02:50 - [TEST_STEP][PASSED] - click: Object: 'Object Repository/DispensaryToCms/Page_KDMC/a_CMS' is clicked on

2018-05-31 14:02:51 - [MESSAGE][PASSED] - Object: 'Object Repository/DispensaryToCms/Page_KDMC/a_CMS' is clicked on

2018-05-31 14:02:51 - [TEST_STEP][PASSED] - setText: Text 'bala' is set on object 'Object Repository/DispensaryToCms/Page_CMS login/input_txtusername'

2018-05-31 14:02:51 - [MESSAGE][PASSED] - Text 'bala' is set on object 'Object Repository/DispensaryToCms/Page_CMS login/input_txtusername'

2018-05-31 14:02:51 - [TEST_STEP][PASSED] - setText: Text '123' is set on object 'Object Repository/DispensaryToCms/Page_CMS login/input_txtpassword'

2018-05-31 14:02:51 - [MESSAGE][PASSED] - Text '123' is set on object 'Object Repository/DispensaryToCms/Page_CMS login/input_txtpassword'

2018-05-31 14:02:51 - [TEST_STEP][PASSED] - delay: Delayed 3 second(s)

2018-05-31 14:02:54 - [MESSAGE][PASSED] - Delayed 3 second(s)

2018-05-31 14:02:54 - [TEST_STEP][PASSED] - click: Object: 'Object Repository/DispensaryToCms/Page_CMS login/button_Sign in' is clicked on

2018-05-31 14:02:55 - [MESSAGE][PASSED] - Object: 'Object Repository/DispensaryToCms/Page_CMS login/button_Sign in' is clicked on

2018-05-31 14:02:55 - [TEST_STEP][PASSED] - delay: Delayed 3 second(s)

2018-05-31 14:02:58 - [MESSAGE][PASSED] - Delayed 3 second(s)

2018-05-31 14:02:58 - [TEST_STEP][PASSED] - click: Object: 'Object Repository/DispensaryToCms/Page_KDMC - CMS/a_Divisional Store' is clicked on

2018-05-31 14:02:58 - [MESSAGE][PASSED] - Object: 'Object Repository/DispensaryToCms/Page_KDMC - CMS/a_Divisional Store' is clicked on

2018-05-31 14:02:58 - [TEST_STEP][PASSED] - delay: Delayed 2 second(s)

2018-05-31 14:03:00 - [MESSAGE][PASSED] - Delayed 2 second(s)

2018-05-31 14:03:00 - [TEST_STEP][PASSED] - click: Object: 'Object Repository/DispensaryToCms/Page_KDMC - CMS/a_Dispatch Items' is clicked on

2018-05-31 14:03:00 - [MESSAGE][PASSED] - Object: 'Object Repository/DispensaryToCms/Page_KDMC - CMS/a_Dispatch Items' is clicked on

2018-05-31 14:03:00 - [TEST_STEP][PASSED] - delay: Delayed 2 second(s)

2018-05-31 14:03:02 - [MESSAGE][PASSED] - Delayed 2 second(s)

2018-05-31 14:03:02 - [TEST_STEP][PASSED] - setText: Text 'PRNO/31052018/506' is set on object 'Object Repository/DispensaryToCms/Page_KDMC - CMS/input'

2018-05-31 14:03:03 - [MESSAGE][PASSED] - Text 'PRNO/31052018/506' is set on object 'Object Repository/DispensaryToCms/Page_KDMC - CMS/input'

2018-05-31 14:03:03 - [TEST_STEP][PASSED] - delay: Delayed 1 second(s)

2018-05-31 14:03:04 - [MESSAGE][PASSED] - Delayed 1 second(s)

2018-05-31 14:03:04 - [TEST_STEP][PASSED] - click: Object: 'Object Repository/DispensaryToCms/Page_KDMC - CMS/input_PRNO18052018174' is clicked on

2018-05-31 14:03:04 - [MESSAGE][PASSED] - Object: 'Object Repository/DispensaryToCms/Page_KDMC - CMS/input_PRNO18052018174' is clicked on

2018-05-31 14:03:04 - [TEST_STEP][PASSED] - delay: Delayed 3 second(s)

2018-05-31 14:03:07 - [MESSAGE][PASSED] - Delayed 3 second(s)

2018-05-31 14:03:07 - [TEST_STEP][PASSED] - Statement - out.println("Length : " + medicineslength): null

2018-05-31 14:03:07 - [TEST_STEP][PASSED] - Statement - For ([row = 0, row < medicineslength - 1, (row++)]): null

2018-05-31 14:03:07 - [TEST_STEP][PASSED] - Statement - batchlength = new com.kms.katalon.core.testobject.TestObject(): null

2018-05-31 14:03:07 - [TEST_STEP][PASSED] - Statement - batchlength = com.kms.katalon.core.webui.keyword.WebUiBuiltInKeywords.modifyObjectProperty(batchlength, "xpath", "equals", "//*[@id = "fldvendor" + row + ""]", true): Modify property of object successfully

2018-05-31 14:03:07 - [MESSAGE][PASSED] - Modify property of object successfully

2018-05-31 14:03:07 - [TEST_STEP][PASSED] - Statement - batchsize = com.kms.katalon.core.webui.keyword.WebUiBuiltInKeywords.getNumberOfTotalOption(batchlength): 10 options of object '' counted

2018-05-31 14:03:07 - [MESSAGE][PASSED] - 10 options of object '' counted

2018-05-31 14:03:07 - [TEST_STEP][PASSED] - Statement - out.println("BatchSize : " + batchsize): null

2018-05-31 14:03:07 - [TEST_STEP][PASSED] - Statement - For ([n = 1, n <= batchsize - 1, (n++)]): null

2018-05-31 14:03:07 - [TEST_STEP][PASSED] - Statement - product = new com.kms.katalon.core.testobject.TestObject(): null

2018-05-31 14:03:07 - [TEST_STEP][PASSED] - Statement - product = com.kms.katalon.core.webui.keyword.WebUiBuiltInKeywords.modifyObjectProperty(product, "xpath", "equals", "//*[@id = "fldvendor" + row + ""]", true): Modify property of object successfully

2018-05-31 14:03:07 - [MESSAGE][PASSED] - Modify property of object successfully

2018-05-31 14:03:07 - [TEST_STEP][PASSED] - selectOptionByIndex: All options with index in [1] are selected on object ''

2018-05-31 14:03:07 - [MESSAGE][PASSED] - All options with index in [1] are selected on object ''

2018-05-31 14:03:07 - [TEST_STEP][PASSED] - Statement - batch = new com.kms.katalon.core.testobject.TestObject(): null

2018-05-31 14:03:07 - [TEST_STEP][PASSED] - Statement - batch = com.kms.katalon.core.webui.keyword.WebUiBuiltInKeywords.modifyObjectProperty(batch, "xpath", "equals", "//*[@id = "txtbthqty" + row + ""]", true): Modify property of object successfully

2018-05-31 14:03:07 - [MESSAGE][PASSED] - Modify property of object successfully

2018-05-31 14:03:07 - [TEST_STEP][PASSED] - Statement - batchqty = com.kms.katalon.core.webui.keyword.WebUiBuiltInKeywords.getAttribute(batch, "value").trim(): Attribute 'value' of object '' is: '38000'

2018-05-31 14:03:07 - [MESSAGE][PASSED] - Attribute 'value' of object '' is: '38000'

2018-05-31 14:03:07 - [TEST_STEP][PASSED] - Statement - Rqty = 100: null

2018-05-31 14:03:07 - [TEST_STEP][PASSED] - delay: Delayed 2 second(s)

2018-05-31 14:03:09 - [MESSAGE][PASSED] - Delayed 2 second(s)

2018-05-31 14:03:09 - [TEST_STEP][PASSED] - Statement - out.println("BatchQty : " + batchqty): null

2018-05-31 14:03:09 - [TEST_STEP][PASSED] - Statement - out.println("RQty : " + Rqty): null

2018-05-31 14:03:09 - [TEST_STEP][PASSED] - Statement - If (java.lang.Integer.valueOf(batchqty) >= java.lang.Integer.valueOf(Rqty)): null

2018-05-31 14:03:09 - [TEST_STEP][PASSED] - Statement - Break: null

2018-05-31 14:03:09 - [TEST_STEP][PASSED] - Statement - batchlength = new com.kms.katalon.core.testobject.TestObject(): null

2018-05-31 14:03:09 - [TEST_STEP][PASSED] - Statement - batchlength = com.kms.katalon.core.webui.keyword.WebUiBuiltInKeywords.modifyObjectProperty(batchlength, "xpath", "equals", "//*[@id = "fldvendor" + row + ""]", true): Modify property of object successfully

2018-05-31 14:03:09 - [MESSAGE][PASSED] - Modify property of object successfully

2018-05-31 14:03:09 - [TEST_STEP][PASSED] - Statement - batchsize = com.kms.katalon.core.webui.keyword.WebUiBuiltInKeywords.getNumberOfTotalOption(batchlength): 10 options of object '' counted

2018-05-31 14:03:09 - [MESSAGE][PASSED] - 10 options of object '' counted

2018-05-31 14:03:09 - [TEST_STEP][PASSED] - Statement - out.println("BatchSize : " + batchsize): null

2018-05-31 14:03:09 - [TEST_STEP][PASSED] - Statement - For ([n = 1, n <= batchsize - 1, (n++)]): null

2018-05-31 14:03:09 - [TEST_STEP][PASSED] - Statement - product = new com.kms.katalon.core.testobject.TestObject(): null

2018-05-31 14:03:09 - [TEST_STEP][PASSED] - Statement - product = com.kms.katalon.core.webui.keyword.WebUiBuiltInKeywords.modifyObjectProperty(product, "xpath", "equals", "//*[@id = "fldvendor" + row + ""]", true): Modify property of object successfully

2018-05-31 14:03:09 - [MESSAGE][PASSED] - Modify property of object successfully

2018-05-31 14:03:09 - [TEST_STEP][PASSED] - selectOptionByIndex: All options with index in [1] are selected on object ''

2018-05-31 14:03:09 - [MESSAGE][PASSED] - All options with index in [1] are selected on object ''

2018-05-31 14:03:09 - [TEST_STEP][PASSED] - Statement - batch = new com.kms.katalon.core.testobject.TestObject(): null

2018-05-31 14:03:09 - [TEST_STEP][PASSED] - Statement - batch = com.kms.katalon.core.webui.keyword.WebUiBuiltInKeywords.modifyObjectProperty(batch, "xpath", "equals", "//*[@id = "txtbthqty" + row + ""]", true): Modify property of object successfully

2018-05-31 14:03:09 - [MESSAGE][PASSED] - Modify property of object successfully

2018-05-31 14:03:09 - [TEST_STEP][PASSED] - Statement - batchqty = com.kms.katalon.core.webui.keyword.WebUiBuiltInKeywords.getAttribute(batch, "value").trim(): Attribute 'value' of object '' is: '4500'

2018-05-31 14:03:09 - [MESSAGE][PASSED] - Attribute 'value' of object '' is: '4500'

2018-05-31 14:03:09 - [TEST_STEP][PASSED] - Statement - Rqty = 100: null

2018-05-31 14:03:09 - [TEST_STEP][PASSED] - delay: Delayed 2 second(s)

2018-05-31 14:03:11 - [MESSAGE][PASSED] - Delayed 2 second(s)

2018-05-31 14:03:11 - [TEST_STEP][PASSED] - Statement - out.println("BatchQty : " + batchqty): null

2018-05-31 14:03:11 - [TEST_STEP][PASSED] - Statement - out.println("RQty : " + Rqty): null

2018-05-31 14:03:11 - [TEST_STEP][PASSED] - Statement - If (java.lang.Integer.valueOf(batchqty) >= java.lang.Integer.valueOf(Rqty)): null

2018-05-31 14:03:12 - [TEST_STEP][PASSED] - Statement - Break: null

2018-05-31 14:03:12 - [TEST_STEP][PASSED] - Statement - batchlength = new com.kms.katalon.core.testobject.TestObject(): null

2018-05-31 14:03:12 - [TEST_STEP][PASSED] - Statement - batchlength = com.kms.katalon.core.webui.keyword.WebUiBuiltInKeywords.modifyObjectProperty(batchlength, "xpath", "equals", "//*[@id = "fldvendor" + row + ""]", true): Modify property of object successfully

2018-05-31 14:03:12 - [MESSAGE][PASSED] - Modify property of object successfully

2018-05-31 14:03:12 - [TEST_STEP][PASSED] - Statement - batchsize = com.kms.katalon.core.webui.keyword.WebUiBuiltInKeywords.getNumberOfTotalOption(batchlength): 10 options of object '' counted

2018-05-31 14:03:12 - [MESSAGE][PASSED] - 10 options of object '' counted

2018-05-31 14:03:12 - [TEST_STEP][PASSED] - Statement - out.println("BatchSize : " + batchsize): null

2018-05-31 14:03:12 - [TEST_STEP][PASSED] - Statement - For ([n = 1, n <= batchsize - 1, (n++)]): null

2018-05-31 14:03:12 - [TEST_STEP][PASSED] - Statement - product = new com.kms.katalon.core.testobject.TestObject(): null

2018-05-31 14:03:12 - [TEST_STEP][PASSED] - Statement - product = com.kms.katalon.core.webui.keyword.WebUiBuiltInKeywords.modifyObjectProperty(product, "xpath", "equals", "//*[@id = "fldvendor" + row + ""]", true): Modify property of object successfully

2018-05-31 14:03:12 - [MESSAGE][PASSED] - Modify property of object successfully

2018-05-31 14:03:12 - [TEST_STEP][PASSED] - selectOptionByIndex: All options with index in [1] are selected on object ''

2018-05-31 14:03:12 - [MESSAGE][PASSED] - All options with index in [1] are selected on object ''

2018-05-31 14:03:12 - [TEST_STEP][PASSED] - Statement - batch = new com.kms.katalon.core.testobject.TestObject(): null

2018-05-31 14:03:12 - [TEST_STEP][PASSED] - Statement - batch = com.kms.katalon.core.webui.keyword.WebUiBuiltInKeywords.modifyObjectProperty(batch, "xpath", "equals", "//*[@id = "txtbthqty" + row + ""]", true): Modify property of object successfully

2018-05-31 14:03:12 - [MESSAGE][PASSED] - Modify property of object successfully

2018-05-31 14:03:12 - [TEST_STEP][PASSED] - Statement - batchqty = com.kms.katalon.core.webui.keyword.WebUiBuiltInKeywords.getAttribute(batch, "value").trim(): Attribute 'value' of object '' is: '2900'

2018-05-31 14:03:12 - [MESSAGE][PASSED] - Attribute 'value' of object '' is: '2900'

2018-05-31 14:03:12 - [TEST_STEP][PASSED] - Statement - Rqty = 100: null

2018-05-31 14:03:12 - [TEST_STEP][PASSED] - delay: Delayed 2 second(s)

2018-05-31 14:03:14 - [MESSAGE][PASSED] - Delayed 2 second(s)

2018-05-31 14:03:14 - [TEST_STEP][PASSED] - Statement - out.println("BatchQty : " + batchqty): null

2018-05-31 14:03:14 - [TEST_STEP][PASSED] - Statement - out.println("RQty : " + Rqty): null

2018-05-31 14:03:14 - [TEST_STEP][PASSED] - Statement - If (java.lang.Integer.valueOf(batchqty) >= java.lang.Integer.valueOf(Rqty)): null

2018-05-31 14:03:14 - [TEST_STEP][PASSED] - Statement - Break: null

2018-05-31 14:03:14 - [TEST_STEP][PASSED] - Statement - batchlength = new com.kms.katalon.core.testobject.TestObject(): null

2018-05-31 14:03:14 - [TEST_STEP][PASSED] - Statement - batchlength = com.kms.katalon.core.webui.keyword.WebUiBuiltInKeywords.modifyObjectProperty(batchlength, "xpath", "equals", "//*[@id = "fldvendor" + row + ""]", true): Modify property of object successfully

2018-05-31 14:03:14 - [MESSAGE][PASSED] - Modify property of object successfully

2018-05-31 14:03:14 - [TEST_STEP][PASSED] - Statement - batchsize = com.kms.katalon.core.webui.keyword.WebUiBuiltInKeywords.getNumberOfTotalOption(batchlength): 9 options of object '' counted

2018-05-31 14:03:14 - [MESSAGE][PASSED] - 9 options of object '' counted

2018-05-31 14:03:14 - [TEST_STEP][PASSED] - Statement - out.println("BatchSize : " + batchsize): null

2018-05-31 14:03:14 - [TEST_STEP][PASSED] - Statement - For ([n = 1, n <= batchsize - 1, (n++)]): null

2018-05-31 14:03:14 - [TEST_STEP][PASSED] - Statement - product = new com.kms.katalon.core.testobject.TestObject(): null

2018-05-31 14:03:14 - [TEST_STEP][PASSED] - Statement - product = com.kms.katalon.core.webui.keyword.WebUiBuiltInKeywords.modifyObjectProperty(product, "xpath", "equals", "//*[@id = "fldvendor" + row + ""]", true): Modify property of object successfully

2018-05-31 14:03:14 - [MESSAGE][PASSED] - Modify property of object successfully

2018-05-31 14:03:14 - [TEST_STEP][PASSED] - selectOptionByIndex: All options with index in [1] are selected on object ''

2018-05-31 14:03:14 - [MESSAGE][PASSED] - All options with index in [1] are selected on object ''

2018-05-31 14:03:14 - [TEST_STEP][PASSED] - Statement - batch = new com.kms.katalon.core.testobject.TestObject(): null

2018-05-31 14:03:14 - [TEST_STEP][PASSED] - Statement - batch = com.kms.katalon.core.webui.keyword.WebUiBuiltInKeywords.modifyObjectProperty(batch, "xpath", "equals", "//*[@id = "txtbthqty" + row + ""]", true): Modify property of object successfully

2018-05-31 14:03:14 - [MESSAGE][PASSED] - Modify property of object successfully

2018-05-31 14:03:14 - [TEST_STEP][PASSED] - Statement - batchqty = com.kms.katalon.core.webui.keyword.WebUiBuiltInKeywords.getAttribute(batch, "value").trim(): Attribute 'value' of object '' is: '3100'

2018-05-31 14:03:14 - [MESSAGE][PASSED] - Attribute 'value' of object '' is: '3100'

2018-05-31 14:03:14 - [TEST_STEP][PASSED] - Statement - Rqty = 100: null

2018-05-31 14:03:14 - [TEST_STEP][PASSED] - delay: Delayed 2 second(s)

2018-05-31 14:03:16 - [MESSAGE][PASSED] - Delayed 2 second(s)

2018-05-31 14:03:16 - [TEST_STEP][PASSED] - Statement - out.println("BatchQty : " + batchqty): null

2018-05-31 14:03:16 - [TEST_STEP][PASSED] - Statement - out.println("RQty : " + Rqty): null

2018-05-31 14:03:16 - [TEST_STEP][PASSED] - Statement - If (java.lang.Integer.valueOf(batchqty) >= java.lang.Integer.valueOf(Rqty)): null

2018-05-31 14:03:16 - [TEST_STEP][PASSED] - Statement - Break: null

2018-05-31 14:03:16 - [TEST_STEP][PASSED] - Statement - batchlength = new com.kms.katalon.core.testobject.TestObject(): null

2018-05-31 14:03:16 - [TEST_STEP][PASSED] - Statement - batchlength = com.kms.katalon.core.webui.keyword.WebUiBuiltInKeywords.modifyObjectProperty(batchlength, "xpath", "equals", "//*[@id = "fldvendor" + row + ""]", true): Modify property of object successfully

2018-05-31 14:03:16 - [MESSAGE][PASSED] - Modify property of object successfully

2018-05-31 14:03:16 - [TEST_STEP][PASSED] - Statement - batchsize = com.kms.katalon.core.webui.keyword.WebUiBuiltInKeywords.getNumberOfTotalOption(batchlength): 10 options of object '' counted

2018-05-31 14:03:16 - [MESSAGE][PASSED] - 10 options of object '' counted

2018-05-31 14:03:16 - [TEST_STEP][PASSED] - Statement - out.println("BatchSize : " + batchsize): null

2018-05-31 14:03:16 - [TEST_STEP][PASSED] - Statement - For ([n = 1, n <= batchsize - 1, (n++)]): null

2018-05-31 14:03:16 - [TEST_STEP][PASSED] - Statement - product = new com.kms.katalon.core.testobject.TestObject(): null

2018-05-31 14:03:16 - [TEST_STEP][PASSED] - Statement - product = com.kms.katalon.core.webui.keyword.WebUiBuiltInKeywords.modifyObjectProperty(product, "xpath", "equals", "//*[@id = "fldvendor" + row + ""]", true): Modify property of object successfully

2018-05-31 14:03:16 - [MESSAGE][PASSED] - Modify property of object successfully

2018-05-31 14:03:16 - [TEST_STEP][PASSED] - selectOptionByIndex: All options with index in [1] are selected on object ''

2018-05-31 14:03:16 - [MESSAGE][PASSED] - All options with index in [1] are selected on object ''

2018-05-31 14:03:16 - [TEST_STEP][PASSED] - Statement - batch = new com.kms.katalon.core.testobject.TestObject(): null

2018-05-31 14:03:16 - [TEST_STEP][PASSED] - Statement - batch = com.kms.katalon.core.webui.keyword.WebUiBuiltInKeywords.modifyObjectProperty(batch, "xpath", "equals", "//*[@id = "txtbthqty" + row + ""]", true): Modify property of object successfully

2018-05-31 14:03:16 - [MESSAGE][PASSED] - Modify property of object successfully

2018-05-31 14:03:16 - [TEST_STEP][PASSED] - Statement - batchqty = com.kms.katalon.core.webui.keyword.WebUiBuiltInKeywords.getAttribute(batch, "value").trim(): Attribute 'value' of object '' is: '3000'

2018-05-31 14:03:16 - [MESSAGE][PASSED] - Attribute 'value' of object '' is: '3000'

2018-05-31 14:03:16 - [TEST_STEP][PASSED] - Statement - Rqty = 100: null

2018-05-31 14:03:16 - [TEST_STEP][PASSED] - delay: Delayed 2 second(s)

2018-05-31 14:03:18 - [MESSAGE][PASSED] - Delayed 2 second(s)

2018-05-31 14:03:18 - [TEST_STEP][PASSED] - Statement - out.println("BatchQty : " + batchqty): null

2018-05-31 14:03:18 - [TEST_STEP][PASSED] - Statement - out.println("RQty : " + Rqty): null

2018-05-31 14:03:18 - [TEST_STEP][PASSED] - Statement - If (java.lang.Integer.valueOf(batchqty) >= java.lang.Integer.valueOf(Rqty)): null

2018-05-31 14:03:18 - [TEST_STEP][PASSED] - Statement - Break: null

2018-05-31 14:03:18 - [TEST_STEP][PASSED] - Statement - batchlength = new com.kms.katalon.core.testobject.TestObject(): null

2018-05-31 14:03:18 - [TEST_STEP][PASSED] - Statement - batchlength = com.kms.katalon.core.webui.keyword.WebUiBuiltInKeywords.modifyObjectProperty(batchlength, "xpath", "equals", "//*[@id = "fldvendor" + row + ""]", true): Modify property of object successfully

2018-05-31 14:03:18 - [MESSAGE][PASSED] - Modify property of object successfully

2018-05-31 14:03:18 - [TEST_STEP][PASSED] - Statement - batchsize = com.kms.katalon.core.webui.keyword.WebUiBuiltInKeywords.getNumberOfTotalOption(batchlength): 10 options of object '' counted

2018-05-31 14:03:18 - [MESSAGE][PASSED] - 10 options of object '' counted

2018-05-31 14:03:18 - [TEST_STEP][PASSED] - Statement - out.println("BatchSize : " + batchsize): null

2018-05-31 14:03:18 - [TEST_STEP][PASSED] - Statement - For ([n = 1, n <= batchsize - 1, (n++)]): null

2018-05-31 14:03:18 - [TEST_STEP][PASSED] - Statement - product = new com.kms.katalon.core.testobject.TestObject(): null

2018-05-31 14:03:18 - [TEST_STEP][PASSED] - Statement - product = com.kms.katalon.core.webui.keyword.WebUiBuiltInKeywords.modifyObjectProperty(product, "xpath", "equals", "//*[@id = "fldvendor" + row + ""]", true): Modify property of object successfully

2018-05-31 14:03:18 - [MESSAGE][PASSED] - Modify property of object successfully

2018-05-31 14:03:18 - [TEST_STEP][PASSED] - selectOptionByIndex: All options with index in [1] are selected on object ''

2018-05-31 14:03:19 - [MESSAGE][PASSED] - All options with index in [1] are selected on object ''

2018-05-31 14:03:19 - [TEST_STEP][PASSED] - Statement - batch = new com.kms.katalon.core.testobject.TestObject(): null

2018-05-31 14:03:19 - [TEST_STEP][PASSED] - Statement - batch = com.kms.katalon.core.webui.keyword.WebUiBuiltInKeywords.modifyObjectProperty(batch, "xpath", "equals", "//*[@id = "txtbthqty" + row + ""]", true): Modify property of object successfully

2018-05-31 14:03:19 - [MESSAGE][PASSED] - Modify property of object successfully

2018-05-31 14:03:19 - [TEST_STEP][PASSED] - Statement - batchqty = com.kms.katalon.core.webui.keyword.WebUiBuiltInKeywords.getAttribute(batch, "value").trim(): Attribute 'value' of object '' is: ''

2018-05-31 14:03:19 - [MESSAGE][PASSED] - Attribute 'value' of object '' is: ''

2018-05-31 14:03:19 - [TEST_STEP][PASSED] - Statement - Rqty = 100: null

2018-05-31 14:03:19 - [TEST_STEP][PASSED] - delay: Delayed 2 second(s)

2018-05-31 14:03:21 - [MESSAGE][PASSED] - Delayed 2 second(s)

2018-05-31 14:03:21 - [TEST_STEP][PASSED] - Statement - out.println("BatchQty : " + batchqty): null

2018-05-31 14:03:21 - [TEST_STEP][PASSED] - Statement - out.println("RQty : " + Rqty): null

2018-05-31 14:03:21 - [TEST_STEP][PASSED] - Statement - If (java.lang.Integer.valueOf(batchqty) >= java.lang.Integer.valueOf(Rqty)): null]]></system-out>
         <system-err><![CDATA[2018-05-31 14:01:24 - [TEST_CASE][ERROR] - Test Cases/DISPENSARY TEST CASES/TC_DP_018 Verify Schedule 6 Dispensary To CMS Request Are Working Successfully Or Not: Test Cases/DISPENSARY TEST CASES/TC_DP_018 Verify Schedule 6 Dispensary To CMS Request Are Working Successfully Or Not FAILED because (of) java.lang.NumberFormatException: For input string: ""]]></system-err>
      </testcase>
      <testcase name="Test Cases/DISPENSARY TEST CASES/TC_DP_019 Verify Schedule 7 Dispensary To CMS Request Are Working Successfully Or Not" classname="Test Cases/DISPENSARY TEST CASES/TC_DP_019 Verify Schedule 7 Dispensary To CMS Request Are Working Successfully Or Not" status="PASSED">
         <system-out><![CDATA[2018-05-31 14:03:21 - [TEST_CASE][PASSED] - Test Cases/DISPENSARY TEST CASES/TC_DP_019 Verify Schedule 7 Dispensary To CMS Request Are Working Successfully Or Not: Test Cases/DISPENSARY TEST CASES/TC_DP_019 Verify Schedule 7 Dispensary To CMS Request Are Working Successfully Or Not

2018-05-31 14:03:21 - [TEST_STEP][PASSED] - openBrowser: Browser is opened with url: ''

2018-05-31 14:03:21 - [MESSAGE][WARNING] - A browser is already opened. Closing browser and opening a new one

2018-05-31 14:03:23 - [MESSAGE][PASSED] - Browser is opened with url: ''

2018-05-31 14:03:23 - [TEST_STEP][PASSED] - navigateToUrl: Navigate to 'http://192.168.137.1/multihospital_new/HDSplashscreen.aspx' successfully

2018-05-31 14:03:29 - [MESSAGE][PASSED] - Navigate to 'http://192.168.137.1/multihospital_new/HDSplashscreen.aspx' successfully

2018-05-31 14:03:29 - [TEST_STEP][PASSED] - maximizeWindow: Current window maximized

2018-05-31 14:03:30 - [MESSAGE][PASSED] - Current window maximized

2018-05-31 14:03:30 - [TEST_STEP][PASSED] - click: Object: 'Object Repository/DispensaryToCms/Page_KDMC/a_Dispensary Store' is clicked on

2018-05-31 14:03:31 - [MESSAGE][PASSED] - Object: 'Object Repository/DispensaryToCms/Page_KDMC/a_Dispensary Store' is clicked on

2018-05-31 14:03:31 - [TEST_STEP][PASSED] - setText: Text 'rajaram' is set on object 'Object Repository/DispensaryToCms/Page_Dispensary Store Login/input_txtusername'

2018-05-31 14:03:31 - [MESSAGE][PASSED] - Text 'rajaram' is set on object 'Object Repository/DispensaryToCms/Page_Dispensary Store Login/input_txtusername'

2018-05-31 14:03:31 - [TEST_STEP][PASSED] - setText: Text '123' is set on object 'Object Repository/DispensaryToCms/Page_Dispensary Store Login/input_txtpassword'

2018-05-31 14:03:32 - [MESSAGE][PASSED] - Text '123' is set on object 'Object Repository/DispensaryToCms/Page_Dispensary Store Login/input_txtpassword'

2018-05-31 14:03:32 - [TEST_STEP][PASSED] - delay: Delayed 3 second(s)

2018-05-31 14:03:35 - [MESSAGE][PASSED] - Delayed 3 second(s)

2018-05-31 14:03:35 - [TEST_STEP][PASSED] - click: Object: 'Object Repository/DispensaryToCms/Page_Dispensary Store Login/button_Sign in' is clicked on

2018-05-31 14:03:36 - [MESSAGE][PASSED] - Object: 'Object Repository/DispensaryToCms/Page_Dispensary Store Login/button_Sign in' is clicked on

2018-05-31 14:03:36 - [TEST_STEP][PASSED] - delay: Delayed 3 second(s)

2018-05-31 14:03:39 - [MESSAGE][PASSED] - Delayed 3 second(s)

2018-05-31 14:03:39 - [TEST_STEP][PASSED] - click: Object: 'Object Repository/DispensaryToCms/Page_Dispensary Store/a_CMS' is clicked on

2018-05-31 14:03:39 - [MESSAGE][PASSED] - Object: 'Object Repository/DispensaryToCms/Page_Dispensary Store/a_CMS' is clicked on

2018-05-31 14:03:39 - [TEST_STEP][PASSED] - click: Object: 'Object Repository/DispensaryToCms/Page_Dispensary Store/a_Request Send' is clicked on

2018-05-31 14:03:39 - [MESSAGE][PASSED] - Object: 'Object Repository/DispensaryToCms/Page_Dispensary Store/a_Request Send' is clicked on

2018-05-31 14:03:39 - [TEST_STEP][PASSED] - delay: Delayed 2 second(s)

2018-05-31 14:03:41 - [MESSAGE][PASSED] - Delayed 2 second(s)

2018-05-31 14:03:41 - [TEST_STEP][PASSED] - selectOptionByIndex: All options with index in [2] are selected on object 'Object Repository/DispensaryToCms/Page_Dispensary Store/select_--Select--'

2018-05-31 14:03:42 - [MESSAGE][PASSED] - All options with index in [2] are selected on object 'Object Repository/DispensaryToCms/Page_Dispensary Store/select_--Select--'

2018-05-31 14:03:42 - [TEST_STEP][PASSED] - selectOptionByIndex: All options with index in [7] are selected on object 'Object Repository/DispensaryToCms/Page_Dispensary Store/select_--Select--Schedule 1Inj'

2018-05-31 14:03:42 - [MESSAGE][PASSED] - All options with index in [7] are selected on object 'Object Repository/DispensaryToCms/Page_Dispensary Store/select_--Select--Schedule 1Inj'

2018-05-31 14:03:42 - [TEST_STEP][PASSED] - Statement - medicineslength = com.kms.katalon.core.webui.keyword.WebUiBuiltInKeywords.getNumberOfTotalOption(com.kms.katalon.core.testobject.ObjectRepository.findTestObject(DispensaryToCms/Page_Dispensary Store/select_--Select--Adernaline 0.)): 24 options of object 'Object Repository/DispensaryToCms/Page_Dispensary Store/select_--Select--Adernaline 0.' counted

2018-05-31 14:03:42 - [MESSAGE][PASSED] - 24 options of object 'Object Repository/DispensaryToCms/Page_Dispensary Store/select_--Select--Adernaline 0.' counted

2018-05-31 14:03:42 - [TEST_STEP][PASSED] - Statement - For ([e = 1, e <= medicineslength - 1, (e++)]): Delayed 1 second(s)

2018-05-31 14:03:42 - [TEST_STEP][PASSED] - selectOptionByIndex: All options with index in [7] are selected on object 'Object Repository/DispensaryToCms/Page_Dispensary Store/select_--Select--Schedule 1Inj'

2018-05-31 14:03:42 - [MESSAGE][PASSED] - All options with index in [7] are selected on object 'Object Repository/DispensaryToCms/Page_Dispensary Store/select_--Select--Schedule 1Inj'

2018-05-31 14:03:42 - [TEST_STEP][PASSED] - delay: Delayed 1 second(s)

2018-05-31 14:03:43 - [MESSAGE][PASSED] - Delayed 1 second(s)

2018-05-31 14:03:43 - [TEST_STEP][PASSED] - selectOptionByIndex: All options with index in [1] are selected on object 'Object Repository/DispensaryToCms/Page_Dispensary Store/select_--Select--Adernaline 0.'

2018-05-31 14:03:43 - [MESSAGE][PASSED] - All options with index in [1] are selected on object 'Object Repository/DispensaryToCms/Page_Dispensary Store/select_--Select--Adernaline 0.'

2018-05-31 14:03:43 - [TEST_STEP][PASSED] - setText: Text '100' is set on object 'Object Repository/DispensaryToCms/Page_Dispensary Store/input_txttreat'

2018-05-31 14:03:43 - [MESSAGE][PASSED] - Text '100' is set on object 'Object Repository/DispensaryToCms/Page_Dispensary Store/input_txttreat'

2018-05-31 14:03:43 - [TEST_STEP][PASSED] - click: Object: 'Object Repository/DispensaryToCms/Page_Dispensary Store/button_Add' is clicked on

2018-05-31 14:03:43 - [MESSAGE][PASSED] - Object: 'Object Repository/DispensaryToCms/Page_Dispensary Store/button_Add' is clicked on

2018-05-31 14:03:43 - [TEST_STEP][PASSED] - delay: Delayed 1 second(s)

2018-05-31 14:03:44 - [MESSAGE][PASSED] - Delayed 1 second(s)

2018-05-31 14:03:44 - [TEST_STEP][PASSED] - selectOptionByIndex: All options with index in [7] are selected on object 'Object Repository/DispensaryToCms/Page_Dispensary Store/select_--Select--Schedule 1Inj'

2018-05-31 14:03:45 - [MESSAGE][PASSED] - All options with index in [7] are selected on object 'Object Repository/DispensaryToCms/Page_Dispensary Store/select_--Select--Schedule 1Inj'

2018-05-31 14:03:45 - [TEST_STEP][PASSED] - delay: Delayed 1 second(s)

2018-05-31 14:03:46 - [MESSAGE][PASSED] - Delayed 1 second(s)

2018-05-31 14:03:46 - [TEST_STEP][PASSED] - selectOptionByIndex: All options with index in [2] are selected on object 'Object Repository/DispensaryToCms/Page_Dispensary Store/select_--Select--Adernaline 0.'

2018-05-31 14:03:46 - [MESSAGE][PASSED] - All options with index in [2] are selected on object 'Object Repository/DispensaryToCms/Page_Dispensary Store/select_--Select--Adernaline 0.'

2018-05-31 14:03:46 - [TEST_STEP][PASSED] - setText: Text '100' is set on object 'Object Repository/DispensaryToCms/Page_Dispensary Store/input_txttreat'

2018-05-31 14:03:46 - [MESSAGE][PASSED] - Text '100' is set on object 'Object Repository/DispensaryToCms/Page_Dispensary Store/input_txttreat'

2018-05-31 14:03:46 - [TEST_STEP][PASSED] - click: Object: 'Object Repository/DispensaryToCms/Page_Dispensary Store/button_Add' is clicked on

2018-05-31 14:03:46 - [MESSAGE][PASSED] - Object: 'Object Repository/DispensaryToCms/Page_Dispensary Store/button_Add' is clicked on

2018-05-31 14:03:46 - [TEST_STEP][PASSED] - delay: Delayed 1 second(s)

2018-05-31 14:03:47 - [MESSAGE][PASSED] - Delayed 1 second(s)

2018-05-31 14:03:47 - [TEST_STEP][PASSED] - selectOptionByIndex: All options with index in [7] are selected on object 'Object Repository/DispensaryToCms/Page_Dispensary Store/select_--Select--Schedule 1Inj'

2018-05-31 14:03:47 - [MESSAGE][PASSED] - All options with index in [7] are selected on object 'Object Repository/DispensaryToCms/Page_Dispensary Store/select_--Select--Schedule 1Inj'

2018-05-31 14:03:47 - [TEST_STEP][PASSED] - delay: Delayed 1 second(s)

2018-05-31 14:03:48 - [MESSAGE][PASSED] - Delayed 1 second(s)

2018-05-31 14:03:48 - [TEST_STEP][PASSED] - selectOptionByIndex: All options with index in [3] are selected on object 'Object Repository/DispensaryToCms/Page_Dispensary Store/select_--Select--Adernaline 0.'

2018-05-31 14:03:48 - [MESSAGE][PASSED] - All options with index in [3] are selected on object 'Object Repository/DispensaryToCms/Page_Dispensary Store/select_--Select--Adernaline 0.'

2018-05-31 14:03:48 - [TEST_STEP][PASSED] - setText: Text '100' is set on object 'Object Repository/DispensaryToCms/Page_Dispensary Store/input_txttreat'

2018-05-31 14:03:48 - [MESSAGE][PASSED] - Text '100' is set on object 'Object Repository/DispensaryToCms/Page_Dispensary Store/input_txttreat'

2018-05-31 14:03:48 - [TEST_STEP][PASSED] - click: Object: 'Object Repository/DispensaryToCms/Page_Dispensary Store/button_Add' is clicked on

2018-05-31 14:03:48 - [MESSAGE][PASSED] - Object: 'Object Repository/DispensaryToCms/Page_Dispensary Store/button_Add' is clicked on

2018-05-31 14:03:48 - [TEST_STEP][PASSED] - delay: Delayed 1 second(s)

2018-05-31 14:03:49 - [MESSAGE][PASSED] - Delayed 1 second(s)

2018-05-31 14:03:49 - [TEST_STEP][PASSED] - selectOptionByIndex: All options with index in [7] are selected on object 'Object Repository/DispensaryToCms/Page_Dispensary Store/select_--Select--Schedule 1Inj'

2018-05-31 14:03:50 - [MESSAGE][PASSED] - All options with index in [7] are selected on object 'Object Repository/DispensaryToCms/Page_Dispensary Store/select_--Select--Schedule 1Inj'

2018-05-31 14:03:50 - [TEST_STEP][PASSED] - delay: Delayed 1 second(s)

2018-05-31 14:03:51 - [MESSAGE][PASSED] - Delayed 1 second(s)

2018-05-31 14:03:51 - [TEST_STEP][PASSED] - selectOptionByIndex: All options with index in [4] are selected on object 'Object Repository/DispensaryToCms/Page_Dispensary Store/select_--Select--Adernaline 0.'

2018-05-31 14:03:51 - [MESSAGE][PASSED] - All options with index in [4] are selected on object 'Object Repository/DispensaryToCms/Page_Dispensary Store/select_--Select--Adernaline 0.'

2018-05-31 14:03:51 - [TEST_STEP][PASSED] - setText: Text '100' is set on object 'Object Repository/DispensaryToCms/Page_Dispensary Store/input_txttreat'

2018-05-31 14:03:51 - [MESSAGE][PASSED] - Text '100' is set on object 'Object Repository/DispensaryToCms/Page_Dispensary Store/input_txttreat'

2018-05-31 14:03:51 - [TEST_STEP][PASSED] - click: Object: 'Object Repository/DispensaryToCms/Page_Dispensary Store/button_Add' is clicked on

2018-05-31 14:03:51 - [MESSAGE][PASSED] - Object: 'Object Repository/DispensaryToCms/Page_Dispensary Store/button_Add' is clicked on

2018-05-31 14:03:51 - [TEST_STEP][PASSED] - delay: Delayed 1 second(s)

2018-05-31 14:03:52 - [MESSAGE][PASSED] - Delayed 1 second(s)

2018-05-31 14:03:52 - [TEST_STEP][PASSED] - selectOptionByIndex: All options with index in [7] are selected on object 'Object Repository/DispensaryToCms/Page_Dispensary Store/select_--Select--Schedule 1Inj'

2018-05-31 14:03:52 - [MESSAGE][PASSED] - All options with index in [7] are selected on object 'Object Repository/DispensaryToCms/Page_Dispensary Store/select_--Select--Schedule 1Inj'

2018-05-31 14:03:52 - [TEST_STEP][PASSED] - delay: Delayed 1 second(s)

2018-05-31 14:03:53 - [MESSAGE][PASSED] - Delayed 1 second(s)

2018-05-31 14:03:53 - [TEST_STEP][PASSED] - selectOptionByIndex: All options with index in [5] are selected on object 'Object Repository/DispensaryToCms/Page_Dispensary Store/select_--Select--Adernaline 0.'

2018-05-31 14:03:53 - [MESSAGE][PASSED] - All options with index in [5] are selected on object 'Object Repository/DispensaryToCms/Page_Dispensary Store/select_--Select--Adernaline 0.'

2018-05-31 14:03:53 - [TEST_STEP][PASSED] - setText: Text '100' is set on object 'Object Repository/DispensaryToCms/Page_Dispensary Store/input_txttreat'

2018-05-31 14:03:53 - [MESSAGE][PASSED] - Text '100' is set on object 'Object Repository/DispensaryToCms/Page_Dispensary Store/input_txttreat'

2018-05-31 14:03:53 - [TEST_STEP][PASSED] - click: Object: 'Object Repository/DispensaryToCms/Page_Dispensary Store/button_Add' is clicked on

2018-05-31 14:03:53 - [MESSAGE][PASSED] - Object: 'Object Repository/DispensaryToCms/Page_Dispensary Store/button_Add' is clicked on

2018-05-31 14:03:53 - [TEST_STEP][PASSED] - delay: Delayed 1 second(s)

2018-05-31 14:03:54 - [MESSAGE][PASSED] - Delayed 1 second(s)

2018-05-31 14:03:54 - [TEST_STEP][PASSED] - selectOptionByIndex: All options with index in [7] are selected on object 'Object Repository/DispensaryToCms/Page_Dispensary Store/select_--Select--Schedule 1Inj'

2018-05-31 14:03:55 - [MESSAGE][PASSED] - All options with index in [7] are selected on object 'Object Repository/DispensaryToCms/Page_Dispensary Store/select_--Select--Schedule 1Inj'

2018-05-31 14:03:55 - [TEST_STEP][PASSED] - delay: Delayed 1 second(s)

2018-05-31 14:03:56 - [MESSAGE][PASSED] - Delayed 1 second(s)

2018-05-31 14:03:56 - [TEST_STEP][PASSED] - selectOptionByIndex: All options with index in [6] are selected on object 'Object Repository/DispensaryToCms/Page_Dispensary Store/select_--Select--Adernaline 0.'

2018-05-31 14:03:56 - [MESSAGE][PASSED] - All options with index in [6] are selected on object 'Object Repository/DispensaryToCms/Page_Dispensary Store/select_--Select--Adernaline 0.'

2018-05-31 14:03:56 - [TEST_STEP][PASSED] - setText: Text '100' is set on object 'Object Repository/DispensaryToCms/Page_Dispensary Store/input_txttreat'

2018-05-31 14:03:56 - [MESSAGE][PASSED] - Text '100' is set on object 'Object Repository/DispensaryToCms/Page_Dispensary Store/input_txttreat'

2018-05-31 14:03:56 - [TEST_STEP][PASSED] - click: Object: 'Object Repository/DispensaryToCms/Page_Dispensary Store/button_Add' is clicked on

2018-05-31 14:03:56 - [MESSAGE][PASSED] - Object: 'Object Repository/DispensaryToCms/Page_Dispensary Store/button_Add' is clicked on

2018-05-31 14:03:56 - [TEST_STEP][PASSED] - delay: Delayed 1 second(s)

2018-05-31 14:03:57 - [MESSAGE][PASSED] - Delayed 1 second(s)

2018-05-31 14:03:57 - [TEST_STEP][PASSED] - selectOptionByIndex: All options with index in [7] are selected on object 'Object Repository/DispensaryToCms/Page_Dispensary Store/select_--Select--Schedule 1Inj'

2018-05-31 14:03:57 - [MESSAGE][PASSED] - All options with index in [7] are selected on object 'Object Repository/DispensaryToCms/Page_Dispensary Store/select_--Select--Schedule 1Inj'

2018-05-31 14:03:57 - [TEST_STEP][PASSED] - delay: Delayed 1 second(s)

2018-05-31 14:03:58 - [MESSAGE][PASSED] - Delayed 1 second(s)

2018-05-31 14:03:58 - [TEST_STEP][PASSED] - selectOptionByIndex: All options with index in [7] are selected on object 'Object Repository/DispensaryToCms/Page_Dispensary Store/select_--Select--Adernaline 0.'

2018-05-31 14:03:58 - [MESSAGE][PASSED] - All options with index in [7] are selected on object 'Object Repository/DispensaryToCms/Page_Dispensary Store/select_--Select--Adernaline 0.'

2018-05-31 14:03:58 - [TEST_STEP][PASSED] - setText: Text '100' is set on object 'Object Repository/DispensaryToCms/Page_Dispensary Store/input_txttreat'

2018-05-31 14:03:59 - [MESSAGE][PASSED] - Text '100' is set on object 'Object Repository/DispensaryToCms/Page_Dispensary Store/input_txttreat'

2018-05-31 14:03:59 - [TEST_STEP][PASSED] - click: Object: 'Object Repository/DispensaryToCms/Page_Dispensary Store/button_Add' is clicked on

2018-05-31 14:03:59 - [MESSAGE][PASSED] - Object: 'Object Repository/DispensaryToCms/Page_Dispensary Store/button_Add' is clicked on

2018-05-31 14:03:59 - [TEST_STEP][PASSED] - delay: Delayed 1 second(s)

2018-05-31 14:04:00 - [MESSAGE][PASSED] - Delayed 1 second(s)

2018-05-31 14:04:00 - [TEST_STEP][PASSED] - selectOptionByIndex: All options with index in [7] are selected on object 'Object Repository/DispensaryToCms/Page_Dispensary Store/select_--Select--Schedule 1Inj'

2018-05-31 14:04:00 - [MESSAGE][PASSED] - All options with index in [7] are selected on object 'Object Repository/DispensaryToCms/Page_Dispensary Store/select_--Select--Schedule 1Inj'

2018-05-31 14:04:00 - [TEST_STEP][PASSED] - delay: Delayed 1 second(s)

2018-05-31 14:04:01 - [MESSAGE][PASSED] - Delayed 1 second(s)

2018-05-31 14:04:01 - [TEST_STEP][PASSED] - selectOptionByIndex: All options with index in [8] are selected on object 'Object Repository/DispensaryToCms/Page_Dispensary Store/select_--Select--Adernaline 0.'

2018-05-31 14:04:01 - [MESSAGE][PASSED] - All options with index in [8] are selected on object 'Object Repository/DispensaryToCms/Page_Dispensary Store/select_--Select--Adernaline 0.'

2018-05-31 14:04:01 - [TEST_STEP][PASSED] - setText: Text '100' is set on object 'Object Repository/DispensaryToCms/Page_Dispensary Store/input_txttreat'

2018-05-31 14:04:01 - [MESSAGE][PASSED] - Text '100' is set on object 'Object Repository/DispensaryToCms/Page_Dispensary Store/input_txttreat'

2018-05-31 14:04:01 - [TEST_STEP][PASSED] - click: Object: 'Object Repository/DispensaryToCms/Page_Dispensary Store/button_Add' is clicked on

2018-05-31 14:04:01 - [MESSAGE][PASSED] - Object: 'Object Repository/DispensaryToCms/Page_Dispensary Store/button_Add' is clicked on

2018-05-31 14:04:01 - [TEST_STEP][PASSED] - delay: Delayed 1 second(s)

2018-05-31 14:04:02 - [MESSAGE][PASSED] - Delayed 1 second(s)

2018-05-31 14:04:02 - [TEST_STEP][PASSED] - selectOptionByIndex: All options with index in [7] are selected on object 'Object Repository/DispensaryToCms/Page_Dispensary Store/select_--Select--Schedule 1Inj'

2018-05-31 14:04:02 - [MESSAGE][PASSED] - All options with index in [7] are selected on object 'Object Repository/DispensaryToCms/Page_Dispensary Store/select_--Select--Schedule 1Inj'

2018-05-31 14:04:02 - [TEST_STEP][PASSED] - delay: Delayed 1 second(s)

2018-05-31 14:04:03 - [MESSAGE][PASSED] - Delayed 1 second(s)

2018-05-31 14:04:03 - [TEST_STEP][PASSED] - selectOptionByIndex: All options with index in [9] are selected on object 'Object Repository/DispensaryToCms/Page_Dispensary Store/select_--Select--Adernaline 0.'

2018-05-31 14:04:04 - [MESSAGE][PASSED] - All options with index in [9] are selected on object 'Object Repository/DispensaryToCms/Page_Dispensary Store/select_--Select--Adernaline 0.'

2018-05-31 14:04:04 - [TEST_STEP][PASSED] - setText: Text '100' is set on object 'Object Repository/DispensaryToCms/Page_Dispensary Store/input_txttreat'

2018-05-31 14:04:04 - [MESSAGE][PASSED] - Text '100' is set on object 'Object Repository/DispensaryToCms/Page_Dispensary Store/input_txttreat'

2018-05-31 14:04:04 - [TEST_STEP][PASSED] - click: Object: 'Object Repository/DispensaryToCms/Page_Dispensary Store/button_Add' is clicked on

2018-05-31 14:04:04 - [MESSAGE][PASSED] - Object: 'Object Repository/DispensaryToCms/Page_Dispensary Store/button_Add' is clicked on

2018-05-31 14:04:04 - [TEST_STEP][PASSED] - delay: Delayed 1 second(s)

2018-05-31 14:04:05 - [MESSAGE][PASSED] - Delayed 1 second(s)

2018-05-31 14:04:05 - [TEST_STEP][PASSED] - selectOptionByIndex: All options with index in [7] are selected on object 'Object Repository/DispensaryToCms/Page_Dispensary Store/select_--Select--Schedule 1Inj'

2018-05-31 14:04:05 - [MESSAGE][PASSED] - All options with index in [7] are selected on object 'Object Repository/DispensaryToCms/Page_Dispensary Store/select_--Select--Schedule 1Inj'

2018-05-31 14:04:05 - [TEST_STEP][PASSED] - delay: Delayed 1 second(s)

2018-05-31 14:04:06 - [MESSAGE][PASSED] - Delayed 1 second(s)

2018-05-31 14:04:06 - [TEST_STEP][PASSED] - selectOptionByIndex: All options with index in [10] are selected on object 'Object Repository/DispensaryToCms/Page_Dispensary Store/select_--Select--Adernaline 0.'

2018-05-31 14:04:06 - [MESSAGE][PASSED] - All options with index in [10] are selected on object 'Object Repository/DispensaryToCms/Page_Dispensary Store/select_--Select--Adernaline 0.'

2018-05-31 14:04:06 - [TEST_STEP][PASSED] - setText: Text '100' is set on object 'Object Repository/DispensaryToCms/Page_Dispensary Store/input_txttreat'

2018-05-31 14:04:06 - [MESSAGE][PASSED] - Text '100' is set on object 'Object Repository/DispensaryToCms/Page_Dispensary Store/input_txttreat'

2018-05-31 14:04:06 - [TEST_STEP][PASSED] - click: Object: 'Object Repository/DispensaryToCms/Page_Dispensary Store/button_Add' is clicked on

2018-05-31 14:04:06 - [MESSAGE][PASSED] - Object: 'Object Repository/DispensaryToCms/Page_Dispensary Store/button_Add' is clicked on

2018-05-31 14:04:06 - [TEST_STEP][PASSED] - delay: Delayed 1 second(s)

2018-05-31 14:04:07 - [MESSAGE][PASSED] - Delayed 1 second(s)

2018-05-31 14:04:07 - [TEST_STEP][PASSED] - selectOptionByIndex: All options with index in [7] are selected on object 'Object Repository/DispensaryToCms/Page_Dispensary Store/select_--Select--Schedule 1Inj'

2018-05-31 14:04:08 - [MESSAGE][PASSED] - All options with index in [7] are selected on object 'Object Repository/DispensaryToCms/Page_Dispensary Store/select_--Select--Schedule 1Inj'

2018-05-31 14:04:08 - [TEST_STEP][PASSED] - delay: Delayed 1 second(s)

2018-05-31 14:04:09 - [MESSAGE][PASSED] - Delayed 1 second(s)

2018-05-31 14:04:09 - [TEST_STEP][PASSED] - selectOptionByIndex: All options with index in [11] are selected on object 'Object Repository/DispensaryToCms/Page_Dispensary Store/select_--Select--Adernaline 0.'

2018-05-31 14:04:09 - [MESSAGE][PASSED] - All options with index in [11] are selected on object 'Object Repository/DispensaryToCms/Page_Dispensary Store/select_--Select--Adernaline 0.'

2018-05-31 14:04:09 - [TEST_STEP][PASSED] - setText: Text '100' is set on object 'Object Repository/DispensaryToCms/Page_Dispensary Store/input_txttreat'

2018-05-31 14:04:09 - [MESSAGE][PASSED] - Text '100' is set on object 'Object Repository/DispensaryToCms/Page_Dispensary Store/input_txttreat'

2018-05-31 14:04:09 - [TEST_STEP][PASSED] - click: Object: 'Object Repository/DispensaryToCms/Page_Dispensary Store/button_Add' is clicked on

2018-05-31 14:04:09 - [MESSAGE][PASSED] - Object: 'Object Repository/DispensaryToCms/Page_Dispensary Store/button_Add' is clicked on

2018-05-31 14:04:09 - [TEST_STEP][PASSED] - delay: Delayed 1 second(s)

2018-05-31 14:04:10 - [MESSAGE][PASSED] - Delayed 1 second(s)

2018-05-31 14:04:10 - [TEST_STEP][PASSED] - selectOptionByIndex: All options with index in [7] are selected on object 'Object Repository/DispensaryToCms/Page_Dispensary Store/select_--Select--Schedule 1Inj'

2018-05-31 14:04:10 - [MESSAGE][PASSED] - All options with index in [7] are selected on object 'Object Repository/DispensaryToCms/Page_Dispensary Store/select_--Select--Schedule 1Inj'

2018-05-31 14:04:10 - [TEST_STEP][PASSED] - delay: Delayed 1 second(s)

2018-05-31 14:04:11 - [MESSAGE][PASSED] - Delayed 1 second(s)

2018-05-31 14:04:11 - [TEST_STEP][PASSED] - selectOptionByIndex: All options with index in [12] are selected on object 'Object Repository/DispensaryToCms/Page_Dispensary Store/select_--Select--Adernaline 0.'

2018-05-31 14:04:12 - [MESSAGE][PASSED] - All options with index in [12] are selected on object 'Object Repository/DispensaryToCms/Page_Dispensary Store/select_--Select--Adernaline 0.'

2018-05-31 14:04:12 - [TEST_STEP][PASSED] - setText: Text '100' is set on object 'Object Repository/DispensaryToCms/Page_Dispensary Store/input_txttreat'

2018-05-31 14:04:12 - [MESSAGE][PASSED] - Text '100' is set on object 'Object Repository/DispensaryToCms/Page_Dispensary Store/input_txttreat'

2018-05-31 14:04:12 - [TEST_STEP][PASSED] - click: Object: 'Object Repository/DispensaryToCms/Page_Dispensary Store/button_Add' is clicked on

2018-05-31 14:04:12 - [MESSAGE][PASSED] - Object: 'Object Repository/DispensaryToCms/Page_Dispensary Store/button_Add' is clicked on

2018-05-31 14:04:12 - [TEST_STEP][PASSED] - delay: Delayed 1 second(s)

2018-05-31 14:04:13 - [MESSAGE][PASSED] - Delayed 1 second(s)

2018-05-31 14:04:13 - [TEST_STEP][PASSED] - selectOptionByIndex: All options with index in [7] are selected on object 'Object Repository/DispensaryToCms/Page_Dispensary Store/select_--Select--Schedule 1Inj'

2018-05-31 14:04:13 - [MESSAGE][PASSED] - All options with index in [7] are selected on object 'Object Repository/DispensaryToCms/Page_Dispensary Store/select_--Select--Schedule 1Inj'

2018-05-31 14:04:13 - [TEST_STEP][PASSED] - delay: Delayed 1 second(s)

2018-05-31 14:04:14 - [MESSAGE][PASSED] - Delayed 1 second(s)

2018-05-31 14:04:14 - [TEST_STEP][PASSED] - selectOptionByIndex: All options with index in [13] are selected on object 'Object Repository/DispensaryToCms/Page_Dispensary Store/select_--Select--Adernaline 0.'

2018-05-31 14:04:14 - [MESSAGE][PASSED] - All options with index in [13] are selected on object 'Object Repository/DispensaryToCms/Page_Dispensary Store/select_--Select--Adernaline 0.'

2018-05-31 14:04:14 - [TEST_STEP][PASSED] - setText: Text '100' is set on object 'Object Repository/DispensaryToCms/Page_Dispensary Store/input_txttreat'

2018-05-31 14:04:14 - [MESSAGE][PASSED] - Text '100' is set on object 'Object Repository/DispensaryToCms/Page_Dispensary Store/input_txttreat'

2018-05-31 14:04:14 - [TEST_STEP][PASSED] - click: Object: 'Object Repository/DispensaryToCms/Page_Dispensary Store/button_Add' is clicked on

2018-05-31 14:04:14 - [MESSAGE][PASSED] - Object: 'Object Repository/DispensaryToCms/Page_Dispensary Store/button_Add' is clicked on

2018-05-31 14:04:14 - [TEST_STEP][PASSED] - delay: Delayed 1 second(s)

2018-05-31 14:04:15 - [MESSAGE][PASSED] - Delayed 1 second(s)

2018-05-31 14:04:15 - [TEST_STEP][PASSED] - selectOptionByIndex: All options with index in [7] are selected on object 'Object Repository/DispensaryToCms/Page_Dispensary Store/select_--Select--Schedule 1Inj'

2018-05-31 14:04:16 - [MESSAGE][PASSED] - All options with index in [7] are selected on object 'Object Repository/DispensaryToCms/Page_Dispensary Store/select_--Select--Schedule 1Inj'

2018-05-31 14:04:16 - [TEST_STEP][PASSED] - delay: Delayed 1 second(s)

2018-05-31 14:04:17 - [MESSAGE][PASSED] - Delayed 1 second(s)

2018-05-31 14:04:17 - [TEST_STEP][PASSED] - selectOptionByIndex: All options with index in [14] are selected on object 'Object Repository/DispensaryToCms/Page_Dispensary Store/select_--Select--Adernaline 0.'

2018-05-31 14:04:17 - [MESSAGE][PASSED] - All options with index in [14] are selected on object 'Object Repository/DispensaryToCms/Page_Dispensary Store/select_--Select--Adernaline 0.'

2018-05-31 14:04:17 - [TEST_STEP][PASSED] - setText: Text '100' is set on object 'Object Repository/DispensaryToCms/Page_Dispensary Store/input_txttreat'

2018-05-31 14:04:17 - [MESSAGE][PASSED] - Text '100' is set on object 'Object Repository/DispensaryToCms/Page_Dispensary Store/input_txttreat'

2018-05-31 14:04:17 - [TEST_STEP][PASSED] - click: Object: 'Object Repository/DispensaryToCms/Page_Dispensary Store/button_Add' is clicked on

2018-05-31 14:04:17 - [MESSAGE][PASSED] - Object: 'Object Repository/DispensaryToCms/Page_Dispensary Store/button_Add' is clicked on

2018-05-31 14:04:17 - [TEST_STEP][PASSED] - delay: Delayed 1 second(s)

2018-05-31 14:04:18 - [MESSAGE][PASSED] - Delayed 1 second(s)

2018-05-31 14:04:18 - [TEST_STEP][PASSED] - selectOptionByIndex: All options with index in [7] are selected on object 'Object Repository/DispensaryToCms/Page_Dispensary Store/select_--Select--Schedule 1Inj'

2018-05-31 14:04:18 - [MESSAGE][PASSED] - All options with index in [7] are selected on object 'Object Repository/DispensaryToCms/Page_Dispensary Store/select_--Select--Schedule 1Inj'

2018-05-31 14:04:18 - [TEST_STEP][PASSED] - delay: Delayed 1 second(s)

2018-05-31 14:04:19 - [MESSAGE][PASSED] - Delayed 1 second(s)

2018-05-31 14:04:19 - [TEST_STEP][PASSED] - selectOptionByIndex: All options with index in [15] are selected on object 'Object Repository/DispensaryToCms/Page_Dispensary Store/select_--Select--Adernaline 0.'

2018-05-31 14:04:19 - [MESSAGE][PASSED] - All options with index in [15] are selected on object 'Object Repository/DispensaryToCms/Page_Dispensary Store/select_--Select--Adernaline 0.'

2018-05-31 14:04:19 - [TEST_STEP][PASSED] - setText: Text '100' is set on object 'Object Repository/DispensaryToCms/Page_Dispensary Store/input_txttreat'

2018-05-31 14:04:20 - [MESSAGE][PASSED] - Text '100' is set on object 'Object Repository/DispensaryToCms/Page_Dispensary Store/input_txttreat'

2018-05-31 14:04:20 - [TEST_STEP][PASSED] - click: Object: 'Object Repository/DispensaryToCms/Page_Dispensary Store/button_Add' is clicked on

2018-05-31 14:04:20 - [MESSAGE][PASSED] - Object: 'Object Repository/DispensaryToCms/Page_Dispensary Store/button_Add' is clicked on

2018-05-31 14:04:20 - [TEST_STEP][PASSED] - delay: Delayed 1 second(s)

2018-05-31 14:04:21 - [MESSAGE][PASSED] - Delayed 1 second(s)

2018-05-31 14:04:21 - [TEST_STEP][PASSED] - selectOptionByIndex: All options with index in [7] are selected on object 'Object Repository/DispensaryToCms/Page_Dispensary Store/select_--Select--Schedule 1Inj'

2018-05-31 14:04:21 - [MESSAGE][PASSED] - All options with index in [7] are selected on object 'Object Repository/DispensaryToCms/Page_Dispensary Store/select_--Select--Schedule 1Inj'

2018-05-31 14:04:21 - [TEST_STEP][PASSED] - delay: Delayed 1 second(s)

2018-05-31 14:04:22 - [MESSAGE][PASSED] - Delayed 1 second(s)

2018-05-31 14:04:22 - [TEST_STEP][PASSED] - selectOptionByIndex: All options with index in [16] are selected on object 'Object Repository/DispensaryToCms/Page_Dispensary Store/select_--Select--Adernaline 0.'

2018-05-31 14:04:22 - [MESSAGE][PASSED] - All options with index in [16] are selected on object 'Object Repository/DispensaryToCms/Page_Dispensary Store/select_--Select--Adernaline 0.'

2018-05-31 14:04:22 - [TEST_STEP][PASSED] - setText: Text '100' is set on object 'Object Repository/DispensaryToCms/Page_Dispensary Store/input_txttreat'

2018-05-31 14:04:22 - [MESSAGE][PASSED] - Text '100' is set on object 'Object Repository/DispensaryToCms/Page_Dispensary Store/input_txttreat'

2018-05-31 14:04:22 - [TEST_STEP][PASSED] - click: Object: 'Object Repository/DispensaryToCms/Page_Dispensary Store/button_Add' is clicked on

2018-05-31 14:04:22 - [MESSAGE][PASSED] - Object: 'Object Repository/DispensaryToCms/Page_Dispensary Store/button_Add' is clicked on

2018-05-31 14:04:22 - [TEST_STEP][PASSED] - delay: Delayed 1 second(s)

2018-05-31 14:04:23 - [MESSAGE][PASSED] - Delayed 1 second(s)

2018-05-31 14:04:23 - [TEST_STEP][PASSED] - selectOptionByIndex: All options with index in [7] are selected on object 'Object Repository/DispensaryToCms/Page_Dispensary Store/select_--Select--Schedule 1Inj'

2018-05-31 14:04:23 - [MESSAGE][PASSED] - All options with index in [7] are selected on object 'Object Repository/DispensaryToCms/Page_Dispensary Store/select_--Select--Schedule 1Inj'

2018-05-31 14:04:23 - [TEST_STEP][PASSED] - delay: Delayed 1 second(s)

2018-05-31 14:04:24 - [MESSAGE][PASSED] - Delayed 1 second(s)

2018-05-31 14:04:24 - [TEST_STEP][PASSED] - selectOptionByIndex: All options with index in [17] are selected on object 'Object Repository/DispensaryToCms/Page_Dispensary Store/select_--Select--Adernaline 0.'

2018-05-31 14:04:25 - [MESSAGE][PASSED] - All options with index in [17] are selected on object 'Object Repository/DispensaryToCms/Page_Dispensary Store/select_--Select--Adernaline 0.'

2018-05-31 14:04:25 - [TEST_STEP][PASSED] - setText: Text '100' is set on object 'Object Repository/DispensaryToCms/Page_Dispensary Store/input_txttreat'

2018-05-31 14:04:25 - [MESSAGE][PASSED] - Text '100' is set on object 'Object Repository/DispensaryToCms/Page_Dispensary Store/input_txttreat'

2018-05-31 14:04:25 - [TEST_STEP][PASSED] - click: Object: 'Object Repository/DispensaryToCms/Page_Dispensary Store/button_Add' is clicked on

2018-05-31 14:04:25 - [MESSAGE][PASSED] - Object: 'Object Repository/DispensaryToCms/Page_Dispensary Store/button_Add' is clicked on

2018-05-31 14:04:25 - [TEST_STEP][PASSED] - delay: Delayed 1 second(s)

2018-05-31 14:04:26 - [MESSAGE][PASSED] - Delayed 1 second(s)

2018-05-31 14:04:26 - [TEST_STEP][PASSED] - selectOptionByIndex: All options with index in [7] are selected on object 'Object Repository/DispensaryToCms/Page_Dispensary Store/select_--Select--Schedule 1Inj'

2018-05-31 14:04:26 - [MESSAGE][PASSED] - All options with index in [7] are selected on object 'Object Repository/DispensaryToCms/Page_Dispensary Store/select_--Select--Schedule 1Inj'

2018-05-31 14:04:26 - [TEST_STEP][PASSED] - delay: Delayed 1 second(s)

2018-05-31 14:04:27 - [MESSAGE][PASSED] - Delayed 1 second(s)

2018-05-31 14:04:27 - [TEST_STEP][PASSED] - selectOptionByIndex: All options with index in [18] are selected on object 'Object Repository/DispensaryToCms/Page_Dispensary Store/select_--Select--Adernaline 0.'

2018-05-31 14:04:27 - [MESSAGE][PASSED] - All options with index in [18] are selected on object 'Object Repository/DispensaryToCms/Page_Dispensary Store/select_--Select--Adernaline 0.'

2018-05-31 14:04:27 - [TEST_STEP][PASSED] - setText: Text '100' is set on object 'Object Repository/DispensaryToCms/Page_Dispensary Store/input_txttreat'

2018-05-31 14:04:28 - [MESSAGE][PASSED] - Text '100' is set on object 'Object Repository/DispensaryToCms/Page_Dispensary Store/input_txttreat'

2018-05-31 14:04:28 - [TEST_STEP][PASSED] - click: Object: 'Object Repository/DispensaryToCms/Page_Dispensary Store/button_Add' is clicked on

2018-05-31 14:04:28 - [MESSAGE][PASSED] - Object: 'Object Repository/DispensaryToCms/Page_Dispensary Store/button_Add' is clicked on

2018-05-31 14:04:28 - [TEST_STEP][PASSED] - delay: Delayed 1 second(s)

2018-05-31 14:04:29 - [MESSAGE][PASSED] - Delayed 1 second(s)

2018-05-31 14:04:29 - [TEST_STEP][PASSED] - selectOptionByIndex: All options with index in [7] are selected on object 'Object Repository/DispensaryToCms/Page_Dispensary Store/select_--Select--Schedule 1Inj'

2018-05-31 14:04:29 - [MESSAGE][PASSED] - All options with index in [7] are selected on object 'Object Repository/DispensaryToCms/Page_Dispensary Store/select_--Select--Schedule 1Inj'

2018-05-31 14:04:29 - [TEST_STEP][PASSED] - delay: Delayed 1 second(s)

2018-05-31 14:04:30 - [MESSAGE][PASSED] - Delayed 1 second(s)

2018-05-31 14:04:30 - [TEST_STEP][PASSED] - selectOptionByIndex: All options with index in [19] are selected on object 'Object Repository/DispensaryToCms/Page_Dispensary Store/select_--Select--Adernaline 0.'

2018-05-31 14:04:30 - [MESSAGE][PASSED] - All options with index in [19] are selected on object 'Object Repository/DispensaryToCms/Page_Dispensary Store/select_--Select--Adernaline 0.'

2018-05-31 14:04:30 - [TEST_STEP][PASSED] - setText: Text '100' is set on object 'Object Repository/DispensaryToCms/Page_Dispensary Store/input_txttreat'

2018-05-31 14:04:30 - [MESSAGE][PASSED] - Text '100' is set on object 'Object Repository/DispensaryToCms/Page_Dispensary Store/input_txttreat'

2018-05-31 14:04:30 - [TEST_STEP][PASSED] - click: Object: 'Object Repository/DispensaryToCms/Page_Dispensary Store/button_Add' is clicked on

2018-05-31 14:04:30 - [MESSAGE][PASSED] - Object: 'Object Repository/DispensaryToCms/Page_Dispensary Store/button_Add' is clicked on

2018-05-31 14:04:30 - [TEST_STEP][PASSED] - delay: Delayed 1 second(s)

2018-05-31 14:04:31 - [MESSAGE][PASSED] - Delayed 1 second(s)

2018-05-31 14:04:31 - [TEST_STEP][PASSED] - selectOptionByIndex: All options with index in [7] are selected on object 'Object Repository/DispensaryToCms/Page_Dispensary Store/select_--Select--Schedule 1Inj'

2018-05-31 14:04:32 - [MESSAGE][PASSED] - All options with index in [7] are selected on object 'Object Repository/DispensaryToCms/Page_Dispensary Store/select_--Select--Schedule 1Inj'

2018-05-31 14:04:32 - [TEST_STEP][PASSED] - delay: Delayed 1 second(s)

2018-05-31 14:04:33 - [MESSAGE][PASSED] - Delayed 1 second(s)

2018-05-31 14:04:33 - [TEST_STEP][PASSED] - selectOptionByIndex: All options with index in [20] are selected on object 'Object Repository/DispensaryToCms/Page_Dispensary Store/select_--Select--Adernaline 0.'

2018-05-31 14:04:33 - [MESSAGE][PASSED] - All options with index in [20] are selected on object 'Object Repository/DispensaryToCms/Page_Dispensary Store/select_--Select--Adernaline 0.'

2018-05-31 14:04:33 - [TEST_STEP][PASSED] - setText: Text '100' is set on object 'Object Repository/DispensaryToCms/Page_Dispensary Store/input_txttreat'

2018-05-31 14:04:33 - [MESSAGE][PASSED] - Text '100' is set on object 'Object Repository/DispensaryToCms/Page_Dispensary Store/input_txttreat'

2018-05-31 14:04:33 - [TEST_STEP][PASSED] - click: Object: 'Object Repository/DispensaryToCms/Page_Dispensary Store/button_Add' is clicked on

2018-05-31 14:04:33 - [MESSAGE][PASSED] - Object: 'Object Repository/DispensaryToCms/Page_Dispensary Store/button_Add' is clicked on

2018-05-31 14:04:33 - [TEST_STEP][PASSED] - delay: Delayed 1 second(s)

2018-05-31 14:04:34 - [MESSAGE][PASSED] - Delayed 1 second(s)

2018-05-31 14:04:34 - [TEST_STEP][PASSED] - selectOptionByIndex: All options with index in [7] are selected on object 'Object Repository/DispensaryToCms/Page_Dispensary Store/select_--Select--Schedule 1Inj'

2018-05-31 14:04:34 - [MESSAGE][PASSED] - All options with index in [7] are selected on object 'Object Repository/DispensaryToCms/Page_Dispensary Store/select_--Select--Schedule 1Inj'

2018-05-31 14:04:34 - [TEST_STEP][PASSED] - delay: Delayed 1 second(s)

2018-05-31 14:04:35 - [MESSAGE][PASSED] - Delayed 1 second(s)

2018-05-31 14:04:35 - [TEST_STEP][PASSED] - selectOptionByIndex: All options with index in [21] are selected on object 'Object Repository/DispensaryToCms/Page_Dispensary Store/select_--Select--Adernaline 0.'

2018-05-31 14:04:36 - [MESSAGE][PASSED] - All options with index in [21] are selected on object 'Object Repository/DispensaryToCms/Page_Dispensary Store/select_--Select--Adernaline 0.'

2018-05-31 14:04:36 - [TEST_STEP][PASSED] - setText: Text '100' is set on object 'Object Repository/DispensaryToCms/Page_Dispensary Store/input_txttreat'

2018-05-31 14:04:36 - [MESSAGE][PASSED] - Text '100' is set on object 'Object Repository/DispensaryToCms/Page_Dispensary Store/input_txttreat'

2018-05-31 14:04:36 - [TEST_STEP][PASSED] - click: Object: 'Object Repository/DispensaryToCms/Page_Dispensary Store/button_Add' is clicked on

2018-05-31 14:04:36 - [MESSAGE][PASSED] - Object: 'Object Repository/DispensaryToCms/Page_Dispensary Store/button_Add' is clicked on

2018-05-31 14:04:36 - [TEST_STEP][PASSED] - delay: Delayed 1 second(s)

2018-05-31 14:04:37 - [MESSAGE][PASSED] - Delayed 1 second(s)

2018-05-31 14:04:37 - [TEST_STEP][PASSED] - selectOptionByIndex: All options with index in [7] are selected on object 'Object Repository/DispensaryToCms/Page_Dispensary Store/select_--Select--Schedule 1Inj'

2018-05-31 14:04:37 - [MESSAGE][PASSED] - All options with index in [7] are selected on object 'Object Repository/DispensaryToCms/Page_Dispensary Store/select_--Select--Schedule 1Inj'

2018-05-31 14:04:37 - [TEST_STEP][PASSED] - delay: Delayed 1 second(s)

2018-05-31 14:04:38 - [MESSAGE][PASSED] - Delayed 1 second(s)

2018-05-31 14:04:38 - [TEST_STEP][PASSED] - selectOptionByIndex: All options with index in [22] are selected on object 'Object Repository/DispensaryToCms/Page_Dispensary Store/select_--Select--Adernaline 0.'

2018-05-31 14:04:38 - [MESSAGE][PASSED] - All options with index in [22] are selected on object 'Object Repository/DispensaryToCms/Page_Dispensary Store/select_--Select--Adernaline 0.'

2018-05-31 14:04:38 - [TEST_STEP][PASSED] - setText: Text '100' is set on object 'Object Repository/DispensaryToCms/Page_Dispensary Store/input_txttreat'

2018-05-31 14:04:38 - [MESSAGE][PASSED] - Text '100' is set on object 'Object Repository/DispensaryToCms/Page_Dispensary Store/input_txttreat'

2018-05-31 14:04:38 - [TEST_STEP][PASSED] - click: Object: 'Object Repository/DispensaryToCms/Page_Dispensary Store/button_Add' is clicked on

2018-05-31 14:04:39 - [MESSAGE][PASSED] - Object: 'Object Repository/DispensaryToCms/Page_Dispensary Store/button_Add' is clicked on

2018-05-31 14:04:39 - [TEST_STEP][PASSED] - delay: Delayed 1 second(s)

2018-05-31 14:04:40 - [MESSAGE][PASSED] - Delayed 1 second(s)

2018-05-31 14:04:40 - [TEST_STEP][PASSED] - selectOptionByIndex: All options with index in [7] are selected on object 'Object Repository/DispensaryToCms/Page_Dispensary Store/select_--Select--Schedule 1Inj'

2018-05-31 14:04:40 - [MESSAGE][PASSED] - All options with index in [7] are selected on object 'Object Repository/DispensaryToCms/Page_Dispensary Store/select_--Select--Schedule 1Inj'

2018-05-31 14:04:40 - [TEST_STEP][PASSED] - delay: Delayed 1 second(s)

2018-05-31 14:04:41 - [MESSAGE][PASSED] - Delayed 1 second(s)

2018-05-31 14:04:41 - [TEST_STEP][PASSED] - selectOptionByIndex: All options with index in [23] are selected on object 'Object Repository/DispensaryToCms/Page_Dispensary Store/select_--Select--Adernaline 0.'

2018-05-31 14:04:41 - [MESSAGE][PASSED] - All options with index in [23] are selected on object 'Object Repository/DispensaryToCms/Page_Dispensary Store/select_--Select--Adernaline 0.'

2018-05-31 14:04:41 - [TEST_STEP][PASSED] - setText: Text '100' is set on object 'Object Repository/DispensaryToCms/Page_Dispensary Store/input_txttreat'

2018-05-31 14:04:41 - [MESSAGE][PASSED] - Text '100' is set on object 'Object Repository/DispensaryToCms/Page_Dispensary Store/input_txttreat'

2018-05-31 14:04:41 - [TEST_STEP][PASSED] - click: Object: 'Object Repository/DispensaryToCms/Page_Dispensary Store/button_Add' is clicked on

2018-05-31 14:04:41 - [MESSAGE][PASSED] - Object: 'Object Repository/DispensaryToCms/Page_Dispensary Store/button_Add' is clicked on

2018-05-31 14:04:41 - [TEST_STEP][PASSED] - delay: Delayed 1 second(s)

2018-05-31 14:04:42 - [MESSAGE][PASSED] - Delayed 1 second(s)

2018-05-31 14:04:42 - [TEST_STEP][PASSED] - scrollToElement: Scroll to object 'Object Repository/DispensaryToCms/Page_Dispensary Store/input_btnsave' successfully

2018-05-31 14:04:42 - [MESSAGE][PASSED] - Scroll to object 'Object Repository/DispensaryToCms/Page_Dispensary Store/input_btnsave' successfully

2018-05-31 14:04:42 - [TEST_STEP][PASSED] - click: Object: 'Object Repository/DispensaryToCms/Page_Dispensary Store/input_btnsave' is clicked on

2018-05-31 14:04:42 - [MESSAGE][PASSED] - Object: 'Object Repository/DispensaryToCms/Page_Dispensary Store/input_btnsave' is clicked on

2018-05-31 14:04:42 - [TEST_STEP][PASSED] - delay: Delayed 3 second(s)

2018-05-31 14:04:45 - [MESSAGE][PASSED] - Delayed 3 second(s)

2018-05-31 14:04:45 - [TEST_STEP][PASSED] - Statement - RN1 = com.kms.katalon.core.webui.keyword.WebUiBuiltInKeywords.getText(com.kms.katalon.core.testobject.ObjectRepository.findTestObject(DispensaryToCms/Page_Dispensary Store/font_PRNO18052018174)): Text of object 'Object Repository/DispensaryToCms/Page_Dispensary Store/font_PRNO18052018174' is: 'PRNO/31052018/507'

2018-05-31 14:04:45 - [MESSAGE][PASSED] - Text of object 'Object Repository/DispensaryToCms/Page_Dispensary Store/font_PRNO18052018174' is: 'PRNO/31052018/507'

2018-05-31 14:04:45 - [TEST_STEP][PASSED] - Statement - out.println(RN1): null

2018-05-31 14:04:45 - [TEST_STEP][PASSED] - Statement - RID = RN1.split("/")[2]: null

2018-05-31 14:04:45 - [TEST_STEP][PASSED] - click: Object: 'Object Repository/DispensaryToCms/Page_Dispensary Store/button_OK' is clicked on

2018-05-31 14:04:46 - [MESSAGE][PASSED] - Object: 'Object Repository/DispensaryToCms/Page_Dispensary Store/button_OK' is clicked on

2018-05-31 14:04:46 - [TEST_STEP][PASSED] - delay: Delayed 3 second(s)

2018-05-31 14:04:49 - [MESSAGE][PASSED] - Delayed 3 second(s)

2018-05-31 14:04:49 - [TEST_STEP][PASSED] - click: Object: 'Object Repository/DispensaryToCms/Page_Dispensary Store/a_dropdown-toggle' is clicked on

2018-05-31 14:04:49 - [MESSAGE][PASSED] - Object: 'Object Repository/DispensaryToCms/Page_Dispensary Store/a_dropdown-toggle' is clicked on

2018-05-31 14:04:49 - [TEST_STEP][PASSED] - click: Object: 'Object Repository/DispensaryToCms/Page_Dispensary Store/a_Sign out' is clicked on

2018-05-31 14:04:50 - [MESSAGE][PASSED] - Object: 'Object Repository/DispensaryToCms/Page_Dispensary Store/a_Sign out' is clicked on

2018-05-31 14:04:50 - [TEST_STEP][PASSED] - delay: Delayed 3 second(s)

2018-05-31 14:04:53 - [MESSAGE][PASSED] - Delayed 3 second(s)

2018-05-31 14:04:53 - [TEST_STEP][PASSED] - navigateToUrl: Navigate to 'http://192.168.137.1/multihospital_new/' successfully

2018-05-31 14:04:54 - [MESSAGE][PASSED] - Navigate to 'http://192.168.137.1/multihospital_new/' successfully

2018-05-31 14:04:54 - [TEST_STEP][PASSED] - click: Object: 'Object Repository/DispensaryToCms/Page_KDMC/a_CMO' is clicked on

2018-05-31 14:04:54 - [MESSAGE][PASSED] - Object: 'Object Repository/DispensaryToCms/Page_KDMC/a_CMO' is clicked on

2018-05-31 14:04:54 - [TEST_STEP][PASSED] - setText: Text 'guru' is set on object 'Object Repository/DispensaryToCms/Page_CMO login/input_txtusername'

2018-05-31 14:04:54 - [MESSAGE][PASSED] - Text 'guru' is set on object 'Object Repository/DispensaryToCms/Page_CMO login/input_txtusername'

2018-05-31 14:04:54 - [TEST_STEP][PASSED] - setText: Text '123' is set on object 'Object Repository/DispensaryToCms/Page_CMO login/input_txtpassword'

2018-05-31 14:04:55 - [MESSAGE][PASSED] - Text '123' is set on object 'Object Repository/DispensaryToCms/Page_CMO login/input_txtpassword'

2018-05-31 14:04:55 - [TEST_STEP][PASSED] - delay: Delayed 3 second(s)

2018-05-31 14:04:58 - [MESSAGE][PASSED] - Delayed 3 second(s)

2018-05-31 14:04:58 - [TEST_STEP][PASSED] - click: Object: 'Object Repository/DispensaryToCms/Page_CMO login/button_Sign in' is clicked on

2018-05-31 14:04:59 - [MESSAGE][PASSED] - Object: 'Object Repository/DispensaryToCms/Page_CMO login/button_Sign in' is clicked on

2018-05-31 14:04:59 - [TEST_STEP][PASSED] - delay: Delayed 3 second(s)

2018-05-31 14:05:02 - [MESSAGE][PASSED] - Delayed 3 second(s)

2018-05-31 14:05:02 - [TEST_STEP][PASSED] - click: Object: 'Object Repository/DispensaryToCms/Page_KDMC - CMO/a_CMS Request' is clicked on

2018-05-31 14:05:02 - [MESSAGE][PASSED] - Object: 'Object Repository/DispensaryToCms/Page_KDMC - CMO/a_CMS Request' is clicked on

2018-05-31 14:05:02 - [TEST_STEP][PASSED] - delay: Delayed 2 second(s)

2018-05-31 14:05:04 - [MESSAGE][PASSED] - Delayed 2 second(s)

2018-05-31 14:05:04 - [TEST_STEP][PASSED] - click: Object: 'Object Repository/DispensaryToCms/Page_KDMC - CMO/a_Dispensary Store Request' is clicked on

2018-05-31 14:05:04 - [MESSAGE][PASSED] - Object: 'Object Repository/DispensaryToCms/Page_KDMC - CMO/a_Dispensary Store Request' is clicked on

2018-05-31 14:05:04 - [TEST_STEP][PASSED] - selectOptionByIndex: All options with index in [1] are selected on object 'Object Repository/DispensaryToCms/Page_KDMC - CMO/select_--ALL--'

2018-05-31 14:05:05 - [MESSAGE][PASSED] - All options with index in [1] are selected on object 'Object Repository/DispensaryToCms/Page_KDMC - CMO/select_--ALL--'

2018-05-31 14:05:05 - [TEST_STEP][PASSED] - click: Object: 'Object Repository/DispensaryToCms/Page_KDMC - CMO/input_btnsearch' is clicked on

2018-05-31 14:05:05 - [MESSAGE][PASSED] - Object: 'Object Repository/DispensaryToCms/Page_KDMC - CMO/input_btnsearch' is clicked on

2018-05-31 14:05:05 - [TEST_STEP][PASSED] - Statement - ID = com.kms.katalon.core.webui.keyword.WebUiBuiltInKeywords.modifyObjectProperty(com.kms.katalon.core.testobject.ObjectRepository.findTestObject(lab/Page_KDMC - CMO/input_1), "xpath", "equals", "//*[@id=" + RID + "]", true): Modify property of object successfully

2018-05-31 14:05:05 - [MESSAGE][PASSED] - Modify property of object successfully

2018-05-31 14:05:05 - [TEST_STEP][PASSED] - click: Object: 'Object Repository/lab/Page_KDMC - CMO/input_1' is clicked on

2018-05-31 14:05:06 - [MESSAGE][PASSED] - Object: 'Object Repository/lab/Page_KDMC - CMO/input_1' is clicked on

2018-05-31 14:05:06 - [TEST_STEP][PASSED] - delay: Delayed 2 second(s)

2018-05-31 14:05:08 - [MESSAGE][PASSED] - Delayed 2 second(s)

2018-05-31 14:05:08 - [TEST_STEP][PASSED] - selectOptionByIndex: All options with index in [1] are selected on object 'Object Repository/DispensaryToCms/Page_KDMC - CMO/select_--Select--'

2018-05-31 14:05:08 - [MESSAGE][PASSED] - All options with index in [1] are selected on object 'Object Repository/DispensaryToCms/Page_KDMC - CMO/select_--Select--'

2018-05-31 14:05:08 - [TEST_STEP][PASSED] - click: Object: 'Object Repository/DispensaryToCms/Page_KDMC - CMO/input_btnupdate' is clicked on

2018-05-31 14:05:08 - [MESSAGE][PASSED] - Object: 'Object Repository/DispensaryToCms/Page_KDMC - CMO/input_btnupdate' is clicked on

2018-05-31 14:05:08 - [TEST_STEP][PASSED] - delay: Delayed 2 second(s)

2018-05-31 14:05:10 - [MESSAGE][PASSED] - Delayed 2 second(s)

2018-05-31 14:05:10 - [TEST_STEP][PASSED] - click: Object: 'Object Repository/DispensaryToCms/Page_KDMC - CMO/button_OK' is clicked on

2018-05-31 14:05:10 - [MESSAGE][PASSED] - Object: 'Object Repository/DispensaryToCms/Page_KDMC - CMO/button_OK' is clicked on

2018-05-31 14:05:10 - [TEST_STEP][PASSED] - delay: Delayed 3 second(s)

2018-05-31 14:05:13 - [MESSAGE][PASSED] - Delayed 3 second(s)

2018-05-31 14:05:13 - [TEST_STEP][PASSED] - click: Object: 'Object Repository/DispensaryToCms/Page_KDMC - CMO/a_dropdown-toggle' is clicked on

2018-05-31 14:05:14 - [MESSAGE][PASSED] - Object: 'Object Repository/DispensaryToCms/Page_KDMC - CMO/a_dropdown-toggle' is clicked on

2018-05-31 14:05:14 - [TEST_STEP][PASSED] - click: Object: 'Object Repository/DispensaryToCms/Page_KDMC - CMO/a_Sign out' is clicked on

2018-05-31 14:05:15 - [MESSAGE][PASSED] - Object: 'Object Repository/DispensaryToCms/Page_KDMC - CMO/a_Sign out' is clicked on

2018-05-31 14:05:15 - [TEST_STEP][PASSED] - delay: Delayed 3 second(s)

2018-05-31 14:05:18 - [MESSAGE][PASSED] - Delayed 3 second(s)

2018-05-31 14:05:18 - [TEST_STEP][PASSED] - click: Object: 'Object Repository/DispensaryToCms/Page_KDMC/a_CMS' is clicked on

2018-05-31 14:05:18 - [MESSAGE][PASSED] - Object: 'Object Repository/DispensaryToCms/Page_KDMC/a_CMS' is clicked on

2018-05-31 14:05:18 - [TEST_STEP][PASSED] - setText: Text 'bala' is set on object 'Object Repository/DispensaryToCms/Page_CMS login/input_txtusername'

2018-05-31 14:05:18 - [MESSAGE][PASSED] - Text 'bala' is set on object 'Object Repository/DispensaryToCms/Page_CMS login/input_txtusername'

2018-05-31 14:05:18 - [TEST_STEP][PASSED] - setText: Text '123' is set on object 'Object Repository/DispensaryToCms/Page_CMS login/input_txtpassword'

2018-05-31 14:05:18 - [MESSAGE][PASSED] - Text '123' is set on object 'Object Repository/DispensaryToCms/Page_CMS login/input_txtpassword'

2018-05-31 14:05:18 - [TEST_STEP][PASSED] - delay: Delayed 3 second(s)

2018-05-31 14:05:21 - [MESSAGE][PASSED] - Delayed 3 second(s)

2018-05-31 14:05:21 - [TEST_STEP][PASSED] - click: Object: 'Object Repository/DispensaryToCms/Page_CMS login/button_Sign in' is clicked on

2018-05-31 14:05:23 - [MESSAGE][PASSED] - Object: 'Object Repository/DispensaryToCms/Page_CMS login/button_Sign in' is clicked on

2018-05-31 14:05:23 - [TEST_STEP][PASSED] - delay: Delayed 3 second(s)

2018-05-31 14:05:26 - [MESSAGE][PASSED] - Delayed 3 second(s)

2018-05-31 14:05:26 - [TEST_STEP][PASSED] - click: Object: 'Object Repository/DispensaryToCms/Page_KDMC - CMS/a_Divisional Store' is clicked on

2018-05-31 14:05:26 - [MESSAGE][PASSED] - Object: 'Object Repository/DispensaryToCms/Page_KDMC - CMS/a_Divisional Store' is clicked on

2018-05-31 14:05:26 - [TEST_STEP][PASSED] - delay: Delayed 2 second(s)

2018-05-31 14:05:28 - [MESSAGE][PASSED] - Delayed 2 second(s)

2018-05-31 14:05:28 - [TEST_STEP][PASSED] - click: Object: 'Object Repository/DispensaryToCms/Page_KDMC - CMS/a_Dispatch Items' is clicked on

2018-05-31 14:05:28 - [MESSAGE][PASSED] - Object: 'Object Repository/DispensaryToCms/Page_KDMC - CMS/a_Dispatch Items' is clicked on

2018-05-31 14:05:28 - [TEST_STEP][PASSED] - delay: Delayed 2 second(s)

2018-05-31 14:05:30 - [MESSAGE][PASSED] - Delayed 2 second(s)

2018-05-31 14:05:30 - [TEST_STEP][PASSED] - setText: Text 'PRNO/31052018/507' is set on object 'Object Repository/DispensaryToCms/Page_KDMC - CMS/input'

2018-05-31 14:05:31 - [MESSAGE][PASSED] - Text 'PRNO/31052018/507' is set on object 'Object Repository/DispensaryToCms/Page_KDMC - CMS/input'

2018-05-31 14:05:31 - [TEST_STEP][PASSED] - click: Object: 'Object Repository/DispensaryToCms/Page_KDMC - CMS/input_PRNO18052018174' is clicked on

2018-05-31 14:05:31 - [MESSAGE][PASSED] - Object: 'Object Repository/DispensaryToCms/Page_KDMC - CMS/input_PRNO18052018174' is clicked on

2018-05-31 14:05:31 - [TEST_STEP][PASSED] - delay: Delayed 3 second(s)

2018-05-31 14:05:34 - [MESSAGE][PASSED] - Delayed 3 second(s)

2018-05-31 14:05:34 - [TEST_STEP][PASSED] - Statement - out.println("Length : " + medicineslength): null

2018-05-31 14:05:34 - [TEST_STEP][PASSED] - Statement - For ([row = 0, row < medicineslength - 1, (row++)]): null

2018-05-31 14:05:34 - [TEST_STEP][PASSED] - Statement - batchlength = new com.kms.katalon.core.testobject.TestObject(): null

2018-05-31 14:05:34 - [TEST_STEP][PASSED] - Statement - batchlength = com.kms.katalon.core.webui.keyword.WebUiBuiltInKeywords.modifyObjectProperty(batchlength, "xpath", "equals", "//*[@id = "fldvendor" + row + ""]", true): Modify property of object successfully

2018-05-31 14:05:34 - [MESSAGE][PASSED] - Modify property of object successfully

2018-05-31 14:05:34 - [TEST_STEP][PASSED] - Statement - batchsize = com.kms.katalon.core.webui.keyword.WebUiBuiltInKeywords.getNumberOfTotalOption(batchlength): 10 options of object '' counted

2018-05-31 14:05:34 - [MESSAGE][PASSED] - 10 options of object '' counted

2018-05-31 14:05:34 - [TEST_STEP][PASSED] - Statement - out.println("BatchSize : " + batchsize): null

2018-05-31 14:05:34 - [TEST_STEP][PASSED] - Statement - For ([n = 1, n <= batchsize - 1, (n++)]): null

2018-05-31 14:05:34 - [TEST_STEP][PASSED] - Statement - product = new com.kms.katalon.core.testobject.TestObject(): null

2018-05-31 14:05:34 - [TEST_STEP][PASSED] - Statement - product = com.kms.katalon.core.webui.keyword.WebUiBuiltInKeywords.modifyObjectProperty(product, "xpath", "equals", "//*[@id = "fldvendor" + row + ""]", true): Modify property of object successfully

2018-05-31 14:05:34 - [MESSAGE][PASSED] - Modify property of object successfully

2018-05-31 14:05:34 - [TEST_STEP][PASSED] - selectOptionByIndex: All options with index in [1] are selected on object ''

2018-05-31 14:05:34 - [MESSAGE][PASSED] - All options with index in [1] are selected on object ''

2018-05-31 14:05:34 - [TEST_STEP][PASSED] - Statement - batch = new com.kms.katalon.core.testobject.TestObject(): null

2018-05-31 14:05:34 - [TEST_STEP][PASSED] - Statement - batch = com.kms.katalon.core.webui.keyword.WebUiBuiltInKeywords.modifyObjectProperty(batch, "xpath", "equals", "//*[@id = "txtbthqty" + row + ""]", true): Modify property of object successfully

2018-05-31 14:05:34 - [MESSAGE][PASSED] - Modify property of object successfully

2018-05-31 14:05:34 - [TEST_STEP][PASSED] - Statement - batchqty = com.kms.katalon.core.webui.keyword.WebUiBuiltInKeywords.getAttribute(batch, "value").trim(): Attribute 'value' of object '' is: '3100'

2018-05-31 14:05:34 - [MESSAGE][PASSED] - Attribute 'value' of object '' is: '3100'

2018-05-31 14:05:34 - [TEST_STEP][PASSED] - Statement - Rqty = 100: null

2018-05-31 14:05:34 - [TEST_STEP][PASSED] - delay: Delayed 2 second(s)

2018-05-31 14:05:36 - [MESSAGE][PASSED] - Delayed 2 second(s)

2018-05-31 14:05:36 - [TEST_STEP][PASSED] - Statement - out.println("BatchQty : " + batchqty): null

2018-05-31 14:05:36 - [TEST_STEP][PASSED] - Statement - out.println("RQty : " + Rqty): null

2018-05-31 14:05:36 - [TEST_STEP][PASSED] - Statement - If (java.lang.Integer.valueOf(batchqty) >= java.lang.Integer.valueOf(Rqty)): null

2018-05-31 14:05:36 - [TEST_STEP][PASSED] - Statement - Break: null

2018-05-31 14:05:36 - [TEST_STEP][PASSED] - Statement - batchlength = new com.kms.katalon.core.testobject.TestObject(): null

2018-05-31 14:05:36 - [TEST_STEP][PASSED] - Statement - batchlength = com.kms.katalon.core.webui.keyword.WebUiBuiltInKeywords.modifyObjectProperty(batchlength, "xpath", "equals", "//*[@id = "fldvendor" + row + ""]", true): Modify property of object successfully

2018-05-31 14:05:36 - [MESSAGE][PASSED] - Modify property of object successfully

2018-05-31 14:05:36 - [TEST_STEP][PASSED] - Statement - batchsize = com.kms.katalon.core.webui.keyword.WebUiBuiltInKeywords.getNumberOfTotalOption(batchlength): 10 options of object '' counted

2018-05-31 14:05:36 - [MESSAGE][PASSED] - 10 options of object '' counted

2018-05-31 14:05:36 - [TEST_STEP][PASSED] - Statement - out.println("BatchSize : " + batchsize): null

2018-05-31 14:05:36 - [TEST_STEP][PASSED] - Statement - For ([n = 1, n <= batchsize - 1, (n++)]): null

2018-05-31 14:05:36 - [TEST_STEP][PASSED] - Statement - product = new com.kms.katalon.core.testobject.TestObject(): null

2018-05-31 14:05:36 - [TEST_STEP][PASSED] - Statement - product = com.kms.katalon.core.webui.keyword.WebUiBuiltInKeywords.modifyObjectProperty(product, "xpath", "equals", "//*[@id = "fldvendor" + row + ""]", true): Modify property of object successfully

2018-05-31 14:05:36 - [MESSAGE][PASSED] - Modify property of object successfully

2018-05-31 14:05:36 - [TEST_STEP][PASSED] - selectOptionByIndex: All options with index in [1] are selected on object ''

2018-05-31 14:05:36 - [MESSAGE][PASSED] - All options with index in [1] are selected on object ''

2018-05-31 14:05:36 - [TEST_STEP][PASSED] - Statement - batch = new com.kms.katalon.core.testobject.TestObject(): null

2018-05-31 14:05:36 - [TEST_STEP][PASSED] - Statement - batch = com.kms.katalon.core.webui.keyword.WebUiBuiltInKeywords.modifyObjectProperty(batch, "xpath", "equals", "//*[@id = "txtbthqty" + row + ""]", true): Modify property of object successfully

2018-05-31 14:05:36 - [MESSAGE][PASSED] - Modify property of object successfully

2018-05-31 14:05:36 - [TEST_STEP][PASSED] - Statement - batchqty = com.kms.katalon.core.webui.keyword.WebUiBuiltInKeywords.getAttribute(batch, "value").trim(): Attribute 'value' of object '' is: '4800'

2018-05-31 14:05:36 - [MESSAGE][PASSED] - Attribute 'value' of object '' is: '4800'

2018-05-31 14:05:36 - [TEST_STEP][PASSED] - Statement - Rqty = 100: null

2018-05-31 14:05:36 - [TEST_STEP][PASSED] - delay: Delayed 2 second(s)

2018-05-31 14:05:38 - [MESSAGE][PASSED] - Delayed 2 second(s)

2018-05-31 14:05:38 - [TEST_STEP][PASSED] - Statement - out.println("BatchQty : " + batchqty): null

2018-05-31 14:05:38 - [TEST_STEP][PASSED] - Statement - out.println("RQty : " + Rqty): null

2018-05-31 14:05:38 - [TEST_STEP][PASSED] - Statement - If (java.lang.Integer.valueOf(batchqty) >= java.lang.Integer.valueOf(Rqty)): null

2018-05-31 14:05:38 - [TEST_STEP][PASSED] - Statement - Break: null

2018-05-31 14:05:38 - [TEST_STEP][PASSED] - Statement - batchlength = new com.kms.katalon.core.testobject.TestObject(): null

2018-05-31 14:05:38 - [TEST_STEP][PASSED] - Statement - batchlength = com.kms.katalon.core.webui.keyword.WebUiBuiltInKeywords.modifyObjectProperty(batchlength, "xpath", "equals", "//*[@id = "fldvendor" + row + ""]", true): Modify property of object successfully

2018-05-31 14:05:38 - [MESSAGE][PASSED] - Modify property of object successfully

2018-05-31 14:05:38 - [TEST_STEP][PASSED] - Statement - batchsize = com.kms.katalon.core.webui.keyword.WebUiBuiltInKeywords.getNumberOfTotalOption(batchlength): 10 options of object '' counted

2018-05-31 14:05:38 - [MESSAGE][PASSED] - 10 options of object '' counted

2018-05-31 14:05:38 - [TEST_STEP][PASSED] - Statement - out.println("BatchSize : " + batchsize): null

2018-05-31 14:05:38 - [TEST_STEP][PASSED] - Statement - For ([n = 1, n <= batchsize - 1, (n++)]): null

2018-05-31 14:05:38 - [TEST_STEP][PASSED] - Statement - product = new com.kms.katalon.core.testobject.TestObject(): null

2018-05-31 14:05:38 - [TEST_STEP][PASSED] - Statement - product = com.kms.katalon.core.webui.keyword.WebUiBuiltInKeywords.modifyObjectProperty(product, "xpath", "equals", "//*[@id = "fldvendor" + row + ""]", true): Modify property of object successfully

2018-05-31 14:05:38 - [MESSAGE][PASSED] - Modify property of object successfully

2018-05-31 14:05:38 - [TEST_STEP][PASSED] - selectOptionByIndex: All options with index in [1] are selected on object ''

2018-05-31 14:05:38 - [MESSAGE][PASSED] - All options with index in [1] are selected on object ''

2018-05-31 14:05:38 - [TEST_STEP][PASSED] - Statement - batch = new com.kms.katalon.core.testobject.TestObject(): null

2018-05-31 14:05:38 - [TEST_STEP][PASSED] - Statement - batch = com.kms.katalon.core.webui.keyword.WebUiBuiltInKeywords.modifyObjectProperty(batch, "xpath", "equals", "//*[@id = "txtbthqty" + row + ""]", true): Modify property of object successfully

2018-05-31 14:05:38 - [MESSAGE][PASSED] - Modify property of object successfully

2018-05-31 14:05:38 - [TEST_STEP][PASSED] - Statement - batchqty = com.kms.katalon.core.webui.keyword.WebUiBuiltInKeywords.getAttribute(batch, "value").trim(): Attribute 'value' of object '' is: '38100'

2018-05-31 14:05:39 - [MESSAGE][PASSED] - Attribute 'value' of object '' is: '38100'

2018-05-31 14:05:39 - [TEST_STEP][PASSED] - Statement - Rqty = 100: null

2018-05-31 14:05:39 - [TEST_STEP][PASSED] - delay: Delayed 2 second(s)

2018-05-31 14:05:41 - [MESSAGE][PASSED] - Delayed 2 second(s)

2018-05-31 14:05:41 - [TEST_STEP][PASSED] - Statement - out.println("BatchQty : " + batchqty): null

2018-05-31 14:05:41 - [TEST_STEP][PASSED] - Statement - out.println("RQty : " + Rqty): null

2018-05-31 14:05:41 - [TEST_STEP][PASSED] - Statement - If (java.lang.Integer.valueOf(batchqty) >= java.lang.Integer.valueOf(Rqty)): null

2018-05-31 14:05:41 - [TEST_STEP][PASSED] - Statement - Break: null

2018-05-31 14:05:41 - [TEST_STEP][PASSED] - Statement - batchlength = new com.kms.katalon.core.testobject.TestObject(): null

2018-05-31 14:05:41 - [TEST_STEP][PASSED] - Statement - batchlength = com.kms.katalon.core.webui.keyword.WebUiBuiltInKeywords.modifyObjectProperty(batchlength, "xpath", "equals", "//*[@id = "fldvendor" + row + ""]", true): Modify property of object successfully

2018-05-31 14:05:41 - [MESSAGE][PASSED] - Modify property of object successfully

2018-05-31 14:05:41 - [TEST_STEP][PASSED] - Statement - batchsize = com.kms.katalon.core.webui.keyword.WebUiBuiltInKeywords.getNumberOfTotalOption(batchlength): 10 options of object '' counted

2018-05-31 14:05:41 - [MESSAGE][PASSED] - 10 options of object '' counted

2018-05-31 14:05:41 - [TEST_STEP][PASSED] - Statement - out.println("BatchSize : " + batchsize): null

2018-05-31 14:05:41 - [TEST_STEP][PASSED] - Statement - For ([n = 1, n <= batchsize - 1, (n++)]): null

2018-05-31 14:05:41 - [TEST_STEP][PASSED] - Statement - product = new com.kms.katalon.core.testobject.TestObject(): null

2018-05-31 14:05:41 - [TEST_STEP][PASSED] - Statement - product = com.kms.katalon.core.webui.keyword.WebUiBuiltInKeywords.modifyObjectProperty(product, "xpath", "equals", "//*[@id = "fldvendor" + row + ""]", true): Modify property of object successfully

2018-05-31 14:05:41 - [MESSAGE][PASSED] - Modify property of object successfully

2018-05-31 14:05:41 - [TEST_STEP][PASSED] - selectOptionByIndex: All options with index in [1] are selected on object ''

2018-05-31 14:05:41 - [MESSAGE][PASSED] - All options with index in [1] are selected on object ''

2018-05-31 14:05:41 - [TEST_STEP][PASSED] - Statement - batch = new com.kms.katalon.core.testobject.TestObject(): null

2018-05-31 14:05:41 - [TEST_STEP][PASSED] - Statement - batch = com.kms.katalon.core.webui.keyword.WebUiBuiltInKeywords.modifyObjectProperty(batch, "xpath", "equals", "//*[@id = "txtbthqty" + row + ""]", true): Modify property of object successfully

2018-05-31 14:05:41 - [MESSAGE][PASSED] - Modify property of object successfully

2018-05-31 14:05:41 - [TEST_STEP][PASSED] - Statement - batchqty = com.kms.katalon.core.webui.keyword.WebUiBuiltInKeywords.getAttribute(batch, "value").trim(): Attribute 'value' of object '' is: '38100'

2018-05-31 14:05:41 - [MESSAGE][PASSED] - Attribute 'value' of object '' is: '38100'

2018-05-31 14:05:41 - [TEST_STEP][PASSED] - Statement - Rqty = 100: null

2018-05-31 14:05:41 - [TEST_STEP][PASSED] - delay: Delayed 2 second(s)

2018-05-31 14:05:43 - [MESSAGE][PASSED] - Delayed 2 second(s)

2018-05-31 14:05:43 - [TEST_STEP][PASSED] - Statement - out.println("BatchQty : " + batchqty): null

2018-05-31 14:05:43 - [TEST_STEP][PASSED] - Statement - out.println("RQty : " + Rqty): null

2018-05-31 14:05:43 - [TEST_STEP][PASSED] - Statement - If (java.lang.Integer.valueOf(batchqty) >= java.lang.Integer.valueOf(Rqty)): null

2018-05-31 14:05:43 - [TEST_STEP][PASSED] - Statement - Break: null

2018-05-31 14:05:43 - [TEST_STEP][PASSED] - Statement - batchlength = new com.kms.katalon.core.testobject.TestObject(): null

2018-05-31 14:05:43 - [TEST_STEP][PASSED] - Statement - batchlength = com.kms.katalon.core.webui.keyword.WebUiBuiltInKeywords.modifyObjectProperty(batchlength, "xpath", "equals", "//*[@id = "fldvendor" + row + ""]", true): Modify property of object successfully

2018-05-31 14:05:43 - [MESSAGE][PASSED] - Modify property of object successfully

2018-05-31 14:05:43 - [TEST_STEP][PASSED] - Statement - batchsize = com.kms.katalon.core.webui.keyword.WebUiBuiltInKeywords.getNumberOfTotalOption(batchlength): 10 options of object '' counted

2018-05-31 14:05:43 - [MESSAGE][PASSED] - 10 options of object '' counted

2018-05-31 14:05:43 - [TEST_STEP][PASSED] - Statement - out.println("BatchSize : " + batchsize): null

2018-05-31 14:05:43 - [TEST_STEP][PASSED] - Statement - For ([n = 1, n <= batchsize - 1, (n++)]): null

2018-05-31 14:05:43 - [TEST_STEP][PASSED] - Statement - product = new com.kms.katalon.core.testobject.TestObject(): null

2018-05-31 14:05:43 - [TEST_STEP][PASSED] - Statement - product = com.kms.katalon.core.webui.keyword.WebUiBuiltInKeywords.modifyObjectProperty(product, "xpath", "equals", "//*[@id = "fldvendor" + row + ""]", true): Modify property of object successfully

2018-05-31 14:05:43 - [MESSAGE][PASSED] - Modify property of object successfully

2018-05-31 14:05:43 - [TEST_STEP][PASSED] - selectOptionByIndex: All options with index in [1] are selected on object ''

2018-05-31 14:05:43 - [MESSAGE][PASSED] - All options with index in [1] are selected on object ''

2018-05-31 14:05:43 - [TEST_STEP][PASSED] - Statement - batch = new com.kms.katalon.core.testobject.TestObject(): null

2018-05-31 14:05:43 - [TEST_STEP][PASSED] - Statement - batch = com.kms.katalon.core.webui.keyword.WebUiBuiltInKeywords.modifyObjectProperty(batch, "xpath", "equals", "//*[@id = "txtbthqty" + row + ""]", true): Modify property of object successfully

2018-05-31 14:05:43 - [MESSAGE][PASSED] - Modify property of object successfully

2018-05-31 14:05:43 - [TEST_STEP][PASSED] - Statement - batchqty = com.kms.katalon.core.webui.keyword.WebUiBuiltInKeywords.getAttribute(batch, "value").trim(): Attribute 'value' of object '' is: '4500'

2018-05-31 14:05:43 - [MESSAGE][PASSED] - Attribute 'value' of object '' is: '4500'

2018-05-31 14:05:43 - [TEST_STEP][PASSED] - Statement - Rqty = 100: null

2018-05-31 14:05:43 - [TEST_STEP][PASSED] - delay: Delayed 2 second(s)

2018-05-31 14:05:45 - [MESSAGE][PASSED] - Delayed 2 second(s)

2018-05-31 14:05:45 - [TEST_STEP][PASSED] - Statement - out.println("BatchQty : " + batchqty): null

2018-05-31 14:05:45 - [TEST_STEP][PASSED] - Statement - out.println("RQty : " + Rqty): null

2018-05-31 14:05:45 - [TEST_STEP][PASSED] - Statement - If (java.lang.Integer.valueOf(batchqty) >= java.lang.Integer.valueOf(Rqty)): null

2018-05-31 14:05:45 - [TEST_STEP][PASSED] - Statement - Break: null

2018-05-31 14:05:45 - [TEST_STEP][PASSED] - Statement - batchlength = new com.kms.katalon.core.testobject.TestObject(): null

2018-05-31 14:05:45 - [TEST_STEP][PASSED] - Statement - batchlength = com.kms.katalon.core.webui.keyword.WebUiBuiltInKeywords.modifyObjectProperty(batchlength, "xpath", "equals", "//*[@id = "fldvendor" + row + ""]", true): Modify property of object successfully

2018-05-31 14:05:45 - [MESSAGE][PASSED] - Modify property of object successfully

2018-05-31 14:05:45 - [TEST_STEP][PASSED] - Statement - batchsize = com.kms.katalon.core.webui.keyword.WebUiBuiltInKeywords.getNumberOfTotalOption(batchlength): 10 options of object '' counted

2018-05-31 14:05:45 - [MESSAGE][PASSED] - 10 options of object '' counted

2018-05-31 14:05:45 - [TEST_STEP][PASSED] - Statement - out.println("BatchSize : " + batchsize): null

2018-05-31 14:05:45 - [TEST_STEP][PASSED] - Statement - For ([n = 1, n <= batchsize - 1, (n++)]): null

2018-05-31 14:05:45 - [TEST_STEP][PASSED] - Statement - product = new com.kms.katalon.core.testobject.TestObject(): null

2018-05-31 14:05:45 - [TEST_STEP][PASSED] - Statement - product = com.kms.katalon.core.webui.keyword.WebUiBuiltInKeywords.modifyObjectProperty(product, "xpath", "equals", "//*[@id = "fldvendor" + row + ""]", true): Modify property of object successfully

2018-05-31 14:05:45 - [MESSAGE][PASSED] - Modify property of object successfully

2018-05-31 14:05:45 - [TEST_STEP][PASSED] - selectOptionByIndex: All options with index in [1] are selected on object ''

2018-05-31 14:05:45 - [MESSAGE][PASSED] - All options with index in [1] are selected on object ''

2018-05-31 14:05:45 - [TEST_STEP][PASSED] - Statement - batch = new com.kms.katalon.core.testobject.TestObject(): null

2018-05-31 14:05:45 - [TEST_STEP][PASSED] - Statement - batch = com.kms.katalon.core.webui.keyword.WebUiBuiltInKeywords.modifyObjectProperty(batch, "xpath", "equals", "//*[@id = "txtbthqty" + row + ""]", true): Modify property of object successfully

2018-05-31 14:05:45 - [MESSAGE][PASSED] - Modify property of object successfully

2018-05-31 14:05:45 - [TEST_STEP][PASSED] - Statement - batchqty = com.kms.katalon.core.webui.keyword.WebUiBuiltInKeywords.getAttribute(batch, "value").trim(): Attribute 'value' of object '' is: '38100'

2018-05-31 14:05:45 - [MESSAGE][PASSED] - Attribute 'value' of object '' is: '38100'

2018-05-31 14:05:45 - [TEST_STEP][PASSED] - Statement - Rqty = 100: null

2018-05-31 14:05:45 - [TEST_STEP][PASSED] - delay: Delayed 2 second(s)

2018-05-31 14:05:47 - [MESSAGE][PASSED] - Delayed 2 second(s)

2018-05-31 14:05:47 - [TEST_STEP][PASSED] - Statement - out.println("BatchQty : " + batchqty): null

2018-05-31 14:05:47 - [TEST_STEP][PASSED] - Statement - out.println("RQty : " + Rqty): null

2018-05-31 14:05:47 - [TEST_STEP][PASSED] - Statement - If (java.lang.Integer.valueOf(batchqty) >= java.lang.Integer.valueOf(Rqty)): null

2018-05-31 14:05:47 - [TEST_STEP][PASSED] - Statement - Break: null

2018-05-31 14:05:47 - [TEST_STEP][PASSED] - Statement - batchlength = new com.kms.katalon.core.testobject.TestObject(): null

2018-05-31 14:05:47 - [TEST_STEP][PASSED] - Statement - batchlength = com.kms.katalon.core.webui.keyword.WebUiBuiltInKeywords.modifyObjectProperty(batchlength, "xpath", "equals", "//*[@id = "fldvendor" + row + ""]", true): Modify property of object successfully

2018-05-31 14:05:47 - [MESSAGE][PASSED] - Modify property of object successfully

2018-05-31 14:05:47 - [TEST_STEP][PASSED] - Statement - batchsize = com.kms.katalon.core.webui.keyword.WebUiBuiltInKeywords.getNumberOfTotalOption(batchlength): 10 options of object '' counted

2018-05-31 14:05:47 - [MESSAGE][PASSED] - 10 options of object '' counted

2018-05-31 14:05:47 - [TEST_STEP][PASSED] - Statement - out.println("BatchSize : " + batchsize): null

2018-05-31 14:05:47 - [TEST_STEP][PASSED] - Statement - For ([n = 1, n <= batchsize - 1, (n++)]): null

2018-05-31 14:05:47 - [TEST_STEP][PASSED] - Statement - product = new com.kms.katalon.core.testobject.TestObject(): null

2018-05-31 14:05:47 - [TEST_STEP][PASSED] - Statement - product = com.kms.katalon.core.webui.keyword.WebUiBuiltInKeywords.modifyObjectProperty(product, "xpath", "equals", "//*[@id = "fldvendor" + row + ""]", true): Modify property of object successfully

2018-05-31 14:05:47 - [MESSAGE][PASSED] - Modify property of object successfully

2018-05-31 14:05:47 - [TEST_STEP][PASSED] - selectOptionByIndex: All options with index in [1] are selected on object ''

2018-05-31 14:05:47 - [MESSAGE][PASSED] - All options with index in [1] are selected on object ''

2018-05-31 14:05:47 - [TEST_STEP][PASSED] - Statement - batch = new com.kms.katalon.core.testobject.TestObject(): null

2018-05-31 14:05:47 - [TEST_STEP][PASSED] - Statement - batch = com.kms.katalon.core.webui.keyword.WebUiBuiltInKeywords.modifyObjectProperty(batch, "xpath", "equals", "//*[@id = "txtbthqty" + row + ""]", true): Modify property of object successfully

2018-05-31 14:05:47 - [MESSAGE][PASSED] - Modify property of object successfully

2018-05-31 14:05:47 - [TEST_STEP][PASSED] - Statement - batchqty = com.kms.katalon.core.webui.keyword.WebUiBuiltInKeywords.getAttribute(batch, "value").trim(): Attribute 'value' of object '' is: '4500'

2018-05-31 14:05:48 - [MESSAGE][PASSED] - Attribute 'value' of object '' is: '4500'

2018-05-31 14:05:48 - [TEST_STEP][PASSED] - Statement - Rqty = 100: null

2018-05-31 14:05:48 - [TEST_STEP][PASSED] - delay: Delayed 2 second(s)

2018-05-31 14:05:50 - [MESSAGE][PASSED] - Delayed 2 second(s)

2018-05-31 14:05:50 - [TEST_STEP][PASSED] - Statement - out.println("BatchQty : " + batchqty): null

2018-05-31 14:05:50 - [TEST_STEP][PASSED] - Statement - out.println("RQty : " + Rqty): null

2018-05-31 14:05:50 - [TEST_STEP][PASSED] - Statement - If (java.lang.Integer.valueOf(batchqty) >= java.lang.Integer.valueOf(Rqty)): null

2018-05-31 14:05:50 - [TEST_STEP][PASSED] - Statement - Break: null

2018-05-31 14:05:50 - [TEST_STEP][PASSED] - Statement - batchlength = new com.kms.katalon.core.testobject.TestObject(): null

2018-05-31 14:05:50 - [TEST_STEP][PASSED] - Statement - batchlength = com.kms.katalon.core.webui.keyword.WebUiBuiltInKeywords.modifyObjectProperty(batchlength, "xpath", "equals", "//*[@id = "fldvendor" + row + ""]", true): Modify property of object successfully

2018-05-31 14:05:50 - [MESSAGE][PASSED] - Modify property of object successfully

2018-05-31 14:05:50 - [TEST_STEP][PASSED] - Statement - batchsize = com.kms.katalon.core.webui.keyword.WebUiBuiltInKeywords.getNumberOfTotalOption(batchlength): 10 options of object '' counted

2018-05-31 14:05:50 - [MESSAGE][PASSED] - 10 options of object '' counted

2018-05-31 14:05:50 - [TEST_STEP][PASSED] - Statement - out.println("BatchSize : " + batchsize): null

2018-05-31 14:05:50 - [TEST_STEP][PASSED] - Statement - For ([n = 1, n <= batchsize - 1, (n++)]): null

2018-05-31 14:05:50 - [TEST_STEP][PASSED] - Statement - product = new com.kms.katalon.core.testobject.TestObject(): null

2018-05-31 14:05:50 - [TEST_STEP][PASSED] - Statement - product = com.kms.katalon.core.webui.keyword.WebUiBuiltInKeywords.modifyObjectProperty(product, "xpath", "equals", "//*[@id = "fldvendor" + row + ""]", true): Modify property of object successfully

2018-05-31 14:05:50 - [MESSAGE][PASSED] - Modify property of object successfully

2018-05-31 14:05:50 - [TEST_STEP][PASSED] - selectOptionByIndex: All options with index in [1] are selected on object ''

2018-05-31 14:05:50 - [MESSAGE][PASSED] - All options with index in [1] are selected on object ''

2018-05-31 14:05:50 - [TEST_STEP][PASSED] - Statement - batch = new com.kms.katalon.core.testobject.TestObject(): null

2018-05-31 14:05:50 - [TEST_STEP][PASSED] - Statement - batch = com.kms.katalon.core.webui.keyword.WebUiBuiltInKeywords.modifyObjectProperty(batch, "xpath", "equals", "//*[@id = "txtbthqty" + row + ""]", true): Modify property of object successfully

2018-05-31 14:05:50 - [MESSAGE][PASSED] - Modify property of object successfully

2018-05-31 14:05:50 - [TEST_STEP][PASSED] - Statement - batchqty = com.kms.katalon.core.webui.keyword.WebUiBuiltInKeywords.getAttribute(batch, "value").trim(): Attribute 'value' of object '' is: '38100'

2018-05-31 14:05:50 - [MESSAGE][PASSED] - Attribute 'value' of object '' is: '38100'

2018-05-31 14:05:50 - [TEST_STEP][PASSED] - Statement - Rqty = 100: null

2018-05-31 14:05:50 - [TEST_STEP][PASSED] - delay: Delayed 2 second(s)

2018-05-31 14:05:52 - [MESSAGE][PASSED] - Delayed 2 second(s)

2018-05-31 14:05:52 - [TEST_STEP][PASSED] - Statement - out.println("BatchQty : " + batchqty): null

2018-05-31 14:05:52 - [TEST_STEP][PASSED] - Statement - out.println("RQty : " + Rqty): null

2018-05-31 14:05:52 - [TEST_STEP][PASSED] - Statement - If (java.lang.Integer.valueOf(batchqty) >= java.lang.Integer.valueOf(Rqty)): null

2018-05-31 14:05:52 - [TEST_STEP][PASSED] - Statement - Break: null

2018-05-31 14:05:52 - [TEST_STEP][PASSED] - Statement - batchlength = new com.kms.katalon.core.testobject.TestObject(): null

2018-05-31 14:05:52 - [TEST_STEP][PASSED] - Statement - batchlength = com.kms.katalon.core.webui.keyword.WebUiBuiltInKeywords.modifyObjectProperty(batchlength, "xpath", "equals", "//*[@id = "fldvendor" + row + ""]", true): Modify property of object successfully

2018-05-31 14:05:52 - [MESSAGE][PASSED] - Modify property of object successfully

2018-05-31 14:05:52 - [TEST_STEP][PASSED] - Statement - batchsize = com.kms.katalon.core.webui.keyword.WebUiBuiltInKeywords.getNumberOfTotalOption(batchlength): 10 options of object '' counted

2018-05-31 14:05:52 - [MESSAGE][PASSED] - 10 options of object '' counted

2018-05-31 14:05:52 - [TEST_STEP][PASSED] - Statement - out.println("BatchSize : " + batchsize): null

2018-05-31 14:05:52 - [TEST_STEP][PASSED] - Statement - For ([n = 1, n <= batchsize - 1, (n++)]): null

2018-05-31 14:05:52 - [TEST_STEP][PASSED] - Statement - product = new com.kms.katalon.core.testobject.TestObject(): null

2018-05-31 14:05:52 - [TEST_STEP][PASSED] - Statement - product = com.kms.katalon.core.webui.keyword.WebUiBuiltInKeywords.modifyObjectProperty(product, "xpath", "equals", "//*[@id = "fldvendor" + row + ""]", true): Modify property of object successfully

2018-05-31 14:05:52 - [MESSAGE][PASSED] - Modify property of object successfully

2018-05-31 14:05:52 - [TEST_STEP][PASSED] - selectOptionByIndex: All options with index in [1] are selected on object ''

2018-05-31 14:05:52 - [MESSAGE][PASSED] - All options with index in [1] are selected on object ''

2018-05-31 14:05:52 - [TEST_STEP][PASSED] - Statement - batch = new com.kms.katalon.core.testobject.TestObject(): null

2018-05-31 14:05:52 - [TEST_STEP][PASSED] - Statement - batch = com.kms.katalon.core.webui.keyword.WebUiBuiltInKeywords.modifyObjectProperty(batch, "xpath", "equals", "//*[@id = "txtbthqty" + row + ""]", true): Modify property of object successfully

2018-05-31 14:05:52 - [MESSAGE][PASSED] - Modify property of object successfully

2018-05-31 14:05:52 - [TEST_STEP][PASSED] - Statement - batchqty = com.kms.katalon.core.webui.keyword.WebUiBuiltInKeywords.getAttribute(batch, "value").trim(): Attribute 'value' of object '' is: '38100'

2018-05-31 14:05:52 - [MESSAGE][PASSED] - Attribute 'value' of object '' is: '38100'

2018-05-31 14:05:52 - [TEST_STEP][PASSED] - Statement - Rqty = 100: null

2018-05-31 14:05:52 - [TEST_STEP][PASSED] - delay: Delayed 2 second(s)

2018-05-31 14:05:54 - [MESSAGE][PASSED] - Delayed 2 second(s)

2018-05-31 14:05:54 - [TEST_STEP][PASSED] - Statement - out.println("BatchQty : " + batchqty): null

2018-05-31 14:05:54 - [TEST_STEP][PASSED] - Statement - out.println("RQty : " + Rqty): null

2018-05-31 14:05:54 - [TEST_STEP][PASSED] - Statement - If (java.lang.Integer.valueOf(batchqty) >= java.lang.Integer.valueOf(Rqty)): null

2018-05-31 14:05:54 - [TEST_STEP][PASSED] - Statement - Break: null

2018-05-31 14:05:54 - [TEST_STEP][PASSED] - Statement - batchlength = new com.kms.katalon.core.testobject.TestObject(): null

2018-05-31 14:05:54 - [TEST_STEP][PASSED] - Statement - batchlength = com.kms.katalon.core.webui.keyword.WebUiBuiltInKeywords.modifyObjectProperty(batchlength, "xpath", "equals", "//*[@id = "fldvendor" + row + ""]", true): Modify property of object successfully

2018-05-31 14:05:54 - [MESSAGE][PASSED] - Modify property of object successfully

2018-05-31 14:05:54 - [TEST_STEP][PASSED] - Statement - batchsize = com.kms.katalon.core.webui.keyword.WebUiBuiltInKeywords.getNumberOfTotalOption(batchlength): 10 options of object '' counted

2018-05-31 14:05:54 - [MESSAGE][PASSED] - 10 options of object '' counted

2018-05-31 14:05:54 - [TEST_STEP][PASSED] - Statement - out.println("BatchSize : " + batchsize): null

2018-05-31 14:05:54 - [TEST_STEP][PASSED] - Statement - For ([n = 1, n <= batchsize - 1, (n++)]): null

2018-05-31 14:05:54 - [TEST_STEP][PASSED] - Statement - product = new com.kms.katalon.core.testobject.TestObject(): null

2018-05-31 14:05:54 - [TEST_STEP][PASSED] - Statement - product = com.kms.katalon.core.webui.keyword.WebUiBuiltInKeywords.modifyObjectProperty(product, "xpath", "equals", "//*[@id = "fldvendor" + row + ""]", true): Modify property of object successfully

2018-05-31 14:05:54 - [MESSAGE][PASSED] - Modify property of object successfully

2018-05-31 14:05:54 - [TEST_STEP][PASSED] - selectOptionByIndex: All options with index in [1] are selected on object ''

2018-05-31 14:05:54 - [MESSAGE][PASSED] - All options with index in [1] are selected on object ''

2018-05-31 14:05:54 - [TEST_STEP][PASSED] - Statement - batch = new com.kms.katalon.core.testobject.TestObject(): null

2018-05-31 14:05:54 - [TEST_STEP][PASSED] - Statement - batch = com.kms.katalon.core.webui.keyword.WebUiBuiltInKeywords.modifyObjectProperty(batch, "xpath", "equals", "//*[@id = "txtbthqty" + row + ""]", true): Modify property of object successfully

2018-05-31 14:05:54 - [MESSAGE][PASSED] - Modify property of object successfully

2018-05-31 14:05:54 - [TEST_STEP][PASSED] - Statement - batchqty = com.kms.katalon.core.webui.keyword.WebUiBuiltInKeywords.getAttribute(batch, "value").trim(): Attribute 'value' of object '' is: '4800'

2018-05-31 14:05:54 - [MESSAGE][PASSED] - Attribute 'value' of object '' is: '4800'

2018-05-31 14:05:54 - [TEST_STEP][PASSED] - Statement - Rqty = 100: null

2018-05-31 14:05:54 - [TEST_STEP][PASSED] - delay: Delayed 2 second(s)

2018-05-31 14:05:56 - [MESSAGE][PASSED] - Delayed 2 second(s)

2018-05-31 14:05:56 - [TEST_STEP][PASSED] - Statement - out.println("BatchQty : " + batchqty): null

2018-05-31 14:05:56 - [TEST_STEP][PASSED] - Statement - out.println("RQty : " + Rqty): null

2018-05-31 14:05:56 - [TEST_STEP][PASSED] - Statement - If (java.lang.Integer.valueOf(batchqty) >= java.lang.Integer.valueOf(Rqty)): null

2018-05-31 14:05:56 - [TEST_STEP][PASSED] - Statement - Break: null

2018-05-31 14:05:56 - [TEST_STEP][PASSED] - Statement - batchlength = new com.kms.katalon.core.testobject.TestObject(): null

2018-05-31 14:05:56 - [TEST_STEP][PASSED] - Statement - batchlength = com.kms.katalon.core.webui.keyword.WebUiBuiltInKeywords.modifyObjectProperty(batchlength, "xpath", "equals", "//*[@id = "fldvendor" + row + ""]", true): Modify property of object successfully

2018-05-31 14:05:56 - [MESSAGE][PASSED] - Modify property of object successfully

2018-05-31 14:05:56 - [TEST_STEP][PASSED] - Statement - batchsize = com.kms.katalon.core.webui.keyword.WebUiBuiltInKeywords.getNumberOfTotalOption(batchlength): 10 options of object '' counted

2018-05-31 14:05:56 - [MESSAGE][PASSED] - 10 options of object '' counted

2018-05-31 14:05:56 - [TEST_STEP][PASSED] - Statement - out.println("BatchSize : " + batchsize): null

2018-05-31 14:05:56 - [TEST_STEP][PASSED] - Statement - For ([n = 1, n <= batchsize - 1, (n++)]): null

2018-05-31 14:05:56 - [TEST_STEP][PASSED] - Statement - product = new com.kms.katalon.core.testobject.TestObject(): null

2018-05-31 14:05:56 - [TEST_STEP][PASSED] - Statement - product = com.kms.katalon.core.webui.keyword.WebUiBuiltInKeywords.modifyObjectProperty(product, "xpath", "equals", "//*[@id = "fldvendor" + row + ""]", true): Modify property of object successfully

2018-05-31 14:05:56 - [MESSAGE][PASSED] - Modify property of object successfully

2018-05-31 14:05:56 - [TEST_STEP][PASSED] - selectOptionByIndex: All options with index in [1] are selected on object ''

2018-05-31 14:05:57 - [MESSAGE][PASSED] - All options with index in [1] are selected on object ''

2018-05-31 14:05:57 - [TEST_STEP][PASSED] - Statement - batch = new com.kms.katalon.core.testobject.TestObject(): null

2018-05-31 14:05:57 - [TEST_STEP][PASSED] - Statement - batch = com.kms.katalon.core.webui.keyword.WebUiBuiltInKeywords.modifyObjectProperty(batch, "xpath", "equals", "//*[@id = "txtbthqty" + row + ""]", true): Modify property of object successfully

2018-05-31 14:05:57 - [MESSAGE][PASSED] - Modify property of object successfully

2018-05-31 14:05:57 - [TEST_STEP][PASSED] - Statement - batchqty = com.kms.katalon.core.webui.keyword.WebUiBuiltInKeywords.getAttribute(batch, "value").trim(): Attribute 'value' of object '' is: '3100'

2018-05-31 14:05:57 - [MESSAGE][PASSED] - Attribute 'value' of object '' is: '3100'

2018-05-31 14:05:57 - [TEST_STEP][PASSED] - Statement - Rqty = 100: null

2018-05-31 14:05:57 - [TEST_STEP][PASSED] - delay: Delayed 2 second(s)

2018-05-31 14:05:59 - [MESSAGE][PASSED] - Delayed 2 second(s)

2018-05-31 14:05:59 - [TEST_STEP][PASSED] - Statement - out.println("BatchQty : " + batchqty): null

2018-05-31 14:05:59 - [TEST_STEP][PASSED] - Statement - out.println("RQty : " + Rqty): null

2018-05-31 14:05:59 - [TEST_STEP][PASSED] - Statement - If (java.lang.Integer.valueOf(batchqty) >= java.lang.Integer.valueOf(Rqty)): null

2018-05-31 14:05:59 - [TEST_STEP][PASSED] - Statement - Break: null

2018-05-31 14:05:59 - [TEST_STEP][PASSED] - Statement - batchlength = new com.kms.katalon.core.testobject.TestObject(): null

2018-05-31 14:05:59 - [TEST_STEP][PASSED] - Statement - batchlength = com.kms.katalon.core.webui.keyword.WebUiBuiltInKeywords.modifyObjectProperty(batchlength, "xpath", "equals", "//*[@id = "fldvendor" + row + ""]", true): Modify property of object successfully

2018-05-31 14:05:59 - [MESSAGE][PASSED] - Modify property of object successfully

2018-05-31 14:05:59 - [TEST_STEP][PASSED] - Statement - batchsize = com.kms.katalon.core.webui.keyword.WebUiBuiltInKeywords.getNumberOfTotalOption(batchlength): 10 options of object '' counted

2018-05-31 14:05:59 - [MESSAGE][PASSED] - 10 options of object '' counted

2018-05-31 14:05:59 - [TEST_STEP][PASSED] - Statement - out.println("BatchSize : " + batchsize): null

2018-05-31 14:05:59 - [TEST_STEP][PASSED] - Statement - For ([n = 1, n <= batchsize - 1, (n++)]): null

2018-05-31 14:05:59 - [TEST_STEP][PASSED] - Statement - product = new com.kms.katalon.core.testobject.TestObject(): null

2018-05-31 14:05:59 - [TEST_STEP][PASSED] - Statement - product = com.kms.katalon.core.webui.keyword.WebUiBuiltInKeywords.modifyObjectProperty(product, "xpath", "equals", "//*[@id = "fldvendor" + row + ""]", true): Modify property of object successfully

2018-05-31 14:05:59 - [MESSAGE][PASSED] - Modify property of object successfully

2018-05-31 14:05:59 - [TEST_STEP][PASSED] - selectOptionByIndex: All options with index in [1] are selected on object ''

2018-05-31 14:05:59 - [MESSAGE][PASSED] - All options with index in [1] are selected on object ''

2018-05-31 14:05:59 - [TEST_STEP][PASSED] - Statement - batch = new com.kms.katalon.core.testobject.TestObject(): null

2018-05-31 14:05:59 - [TEST_STEP][PASSED] - Statement - batch = com.kms.katalon.core.webui.keyword.WebUiBuiltInKeywords.modifyObjectProperty(batch, "xpath", "equals", "//*[@id = "txtbthqty" + row + ""]", true): Modify property of object successfully

2018-05-31 14:05:59 - [MESSAGE][PASSED] - Modify property of object successfully

2018-05-31 14:05:59 - [TEST_STEP][PASSED] - Statement - batchqty = com.kms.katalon.core.webui.keyword.WebUiBuiltInKeywords.getAttribute(batch, "value").trim(): Attribute 'value' of object '' is: '3000'

2018-05-31 14:05:59 - [MESSAGE][PASSED] - Attribute 'value' of object '' is: '3000'

2018-05-31 14:05:59 - [TEST_STEP][PASSED] - Statement - Rqty = 100: null

2018-05-31 14:05:59 - [TEST_STEP][PASSED] - delay: Delayed 2 second(s)

2018-05-31 14:06:01 - [MESSAGE][PASSED] - Delayed 2 second(s)

2018-05-31 14:06:01 - [TEST_STEP][PASSED] - Statement - out.println("BatchQty : " + batchqty): null

2018-05-31 14:06:01 - [TEST_STEP][PASSED] - Statement - out.println("RQty : " + Rqty): null

2018-05-31 14:06:01 - [TEST_STEP][PASSED] - Statement - If (java.lang.Integer.valueOf(batchqty) >= java.lang.Integer.valueOf(Rqty)): null

2018-05-31 14:06:01 - [TEST_STEP][PASSED] - Statement - Break: null

2018-05-31 14:06:01 - [TEST_STEP][PASSED] - Statement - batchlength = new com.kms.katalon.core.testobject.TestObject(): null

2018-05-31 14:06:01 - [TEST_STEP][PASSED] - Statement - batchlength = com.kms.katalon.core.webui.keyword.WebUiBuiltInKeywords.modifyObjectProperty(batchlength, "xpath", "equals", "//*[@id = "fldvendor" + row + ""]", true): Modify property of object successfully

2018-05-31 14:06:01 - [MESSAGE][PASSED] - Modify property of object successfully

2018-05-31 14:06:01 - [TEST_STEP][PASSED] - Statement - batchsize = com.kms.katalon.core.webui.keyword.WebUiBuiltInKeywords.getNumberOfTotalOption(batchlength): 10 options of object '' counted

2018-05-31 14:06:01 - [MESSAGE][PASSED] - 10 options of object '' counted

2018-05-31 14:06:01 - [TEST_STEP][PASSED] - Statement - out.println("BatchSize : " + batchsize): null

2018-05-31 14:06:01 - [TEST_STEP][PASSED] - Statement - For ([n = 1, n <= batchsize - 1, (n++)]): null

2018-05-31 14:06:01 - [TEST_STEP][PASSED] - Statement - product = new com.kms.katalon.core.testobject.TestObject(): null

2018-05-31 14:06:01 - [TEST_STEP][PASSED] - Statement - product = com.kms.katalon.core.webui.keyword.WebUiBuiltInKeywords.modifyObjectProperty(product, "xpath", "equals", "//*[@id = "fldvendor" + row + ""]", true): Modify property of object successfully

2018-05-31 14:06:01 - [MESSAGE][PASSED] - Modify property of object successfully

2018-05-31 14:06:01 - [TEST_STEP][PASSED] - selectOptionByIndex: All options with index in [1] are selected on object ''

2018-05-31 14:06:01 - [MESSAGE][PASSED] - All options with index in [1] are selected on object ''

2018-05-31 14:06:01 - [TEST_STEP][PASSED] - Statement - batch = new com.kms.katalon.core.testobject.TestObject(): null

2018-05-31 14:06:01 - [TEST_STEP][PASSED] - Statement - batch = com.kms.katalon.core.webui.keyword.WebUiBuiltInKeywords.modifyObjectProperty(batch, "xpath", "equals", "//*[@id = "txtbthqty" + row + ""]", true): Modify property of object successfully

2018-05-31 14:06:01 - [MESSAGE][PASSED] - Modify property of object successfully

2018-05-31 14:06:01 - [TEST_STEP][PASSED] - Statement - batchqty = com.kms.katalon.core.webui.keyword.WebUiBuiltInKeywords.getAttribute(batch, "value").trim(): Attribute 'value' of object '' is: '3200'

2018-05-31 14:06:01 - [MESSAGE][PASSED] - Attribute 'value' of object '' is: '3200'

2018-05-31 14:06:01 - [TEST_STEP][PASSED] - Statement - Rqty = 100: null

2018-05-31 14:06:01 - [TEST_STEP][PASSED] - delay: Delayed 2 second(s)

2018-05-31 14:06:03 - [MESSAGE][PASSED] - Delayed 2 second(s)

2018-05-31 14:06:03 - [TEST_STEP][PASSED] - Statement - out.println("BatchQty : " + batchqty): null

2018-05-31 14:06:03 - [TEST_STEP][PASSED] - Statement - out.println("RQty : " + Rqty): null

2018-05-31 14:06:03 - [TEST_STEP][PASSED] - Statement - If (java.lang.Integer.valueOf(batchqty) >= java.lang.Integer.valueOf(Rqty)): null

2018-05-31 14:06:03 - [TEST_STEP][PASSED] - Statement - Break: null

2018-05-31 14:06:03 - [TEST_STEP][PASSED] - Statement - batchlength = new com.kms.katalon.core.testobject.TestObject(): null

2018-05-31 14:06:03 - [TEST_STEP][PASSED] - Statement - batchlength = com.kms.katalon.core.webui.keyword.WebUiBuiltInKeywords.modifyObjectProperty(batchlength, "xpath", "equals", "//*[@id = "fldvendor" + row + ""]", true): Modify property of object successfully

2018-05-31 14:06:03 - [MESSAGE][PASSED] - Modify property of object successfully

2018-05-31 14:06:03 - [TEST_STEP][PASSED] - Statement - batchsize = com.kms.katalon.core.webui.keyword.WebUiBuiltInKeywords.getNumberOfTotalOption(batchlength): 10 options of object '' counted

2018-05-31 14:06:03 - [MESSAGE][PASSED] - 10 options of object '' counted

2018-05-31 14:06:03 - [TEST_STEP][PASSED] - Statement - out.println("BatchSize : " + batchsize): null

2018-05-31 14:06:03 - [TEST_STEP][PASSED] - Statement - For ([n = 1, n <= batchsize - 1, (n++)]): null

2018-05-31 14:06:03 - [TEST_STEP][PASSED] - Statement - product = new com.kms.katalon.core.testobject.TestObject(): null

2018-05-31 14:06:03 - [TEST_STEP][PASSED] - Statement - product = com.kms.katalon.core.webui.keyword.WebUiBuiltInKeywords.modifyObjectProperty(product, "xpath", "equals", "//*[@id = "fldvendor" + row + ""]", true): Modify property of object successfully

2018-05-31 14:06:03 - [MESSAGE][PASSED] - Modify property of object successfully

2018-05-31 14:06:03 - [TEST_STEP][PASSED] - selectOptionByIndex: All options with index in [1] are selected on object ''

2018-05-31 14:06:03 - [MESSAGE][PASSED] - All options with index in [1] are selected on object ''

2018-05-31 14:06:03 - [TEST_STEP][PASSED] - Statement - batch = new com.kms.katalon.core.testobject.TestObject(): null

2018-05-31 14:06:03 - [TEST_STEP][PASSED] - Statement - batch = com.kms.katalon.core.webui.keyword.WebUiBuiltInKeywords.modifyObjectProperty(batch, "xpath", "equals", "//*[@id = "txtbthqty" + row + ""]", true): Modify property of object successfully

2018-05-31 14:06:03 - [MESSAGE][PASSED] - Modify property of object successfully

2018-05-31 14:06:03 - [TEST_STEP][PASSED] - Statement - batchqty = com.kms.katalon.core.webui.keyword.WebUiBuiltInKeywords.getAttribute(batch, "value").trim(): Attribute 'value' of object '' is: '4800'

2018-05-31 14:06:03 - [MESSAGE][PASSED] - Attribute 'value' of object '' is: '4800'

2018-05-31 14:06:03 - [TEST_STEP][PASSED] - Statement - Rqty = 100: null

2018-05-31 14:06:03 - [TEST_STEP][PASSED] - delay: Delayed 2 second(s)

2018-05-31 14:06:05 - [MESSAGE][PASSED] - Delayed 2 second(s)

2018-05-31 14:06:05 - [TEST_STEP][PASSED] - Statement - out.println("BatchQty : " + batchqty): null

2018-05-31 14:06:05 - [TEST_STEP][PASSED] - Statement - out.println("RQty : " + Rqty): null

2018-05-31 14:06:05 - [TEST_STEP][PASSED] - Statement - If (java.lang.Integer.valueOf(batchqty) >= java.lang.Integer.valueOf(Rqty)): null

2018-05-31 14:06:05 - [TEST_STEP][PASSED] - Statement - Break: null

2018-05-31 14:06:05 - [TEST_STEP][PASSED] - Statement - batchlength = new com.kms.katalon.core.testobject.TestObject(): null

2018-05-31 14:06:05 - [TEST_STEP][PASSED] - Statement - batchlength = com.kms.katalon.core.webui.keyword.WebUiBuiltInKeywords.modifyObjectProperty(batchlength, "xpath", "equals", "//*[@id = "fldvendor" + row + ""]", true): Modify property of object successfully

2018-05-31 14:06:05 - [MESSAGE][PASSED] - Modify property of object successfully

2018-05-31 14:06:05 - [TEST_STEP][PASSED] - Statement - batchsize = com.kms.katalon.core.webui.keyword.WebUiBuiltInKeywords.getNumberOfTotalOption(batchlength): 10 options of object '' counted

2018-05-31 14:06:05 - [MESSAGE][PASSED] - 10 options of object '' counted

2018-05-31 14:06:05 - [TEST_STEP][PASSED] - Statement - out.println("BatchSize : " + batchsize): null

2018-05-31 14:06:05 - [TEST_STEP][PASSED] - Statement - For ([n = 1, n <= batchsize - 1, (n++)]): null

2018-05-31 14:06:05 - [TEST_STEP][PASSED] - Statement - product = new com.kms.katalon.core.testobject.TestObject(): null

2018-05-31 14:06:05 - [TEST_STEP][PASSED] - Statement - product = com.kms.katalon.core.webui.keyword.WebUiBuiltInKeywords.modifyObjectProperty(product, "xpath", "equals", "//*[@id = "fldvendor" + row + ""]", true): Modify property of object successfully

2018-05-31 14:06:05 - [MESSAGE][PASSED] - Modify property of object successfully

2018-05-31 14:06:05 - [TEST_STEP][PASSED] - selectOptionByIndex: All options with index in [1] are selected on object ''

2018-05-31 14:06:06 - [MESSAGE][PASSED] - All options with index in [1] are selected on object ''

2018-05-31 14:06:06 - [TEST_STEP][PASSED] - Statement - batch = new com.kms.katalon.core.testobject.TestObject(): null

2018-05-31 14:06:06 - [TEST_STEP][PASSED] - Statement - batch = com.kms.katalon.core.webui.keyword.WebUiBuiltInKeywords.modifyObjectProperty(batch, "xpath", "equals", "//*[@id = "txtbthqty" + row + ""]", true): Modify property of object successfully

2018-05-31 14:06:06 - [MESSAGE][PASSED] - Modify property of object successfully

2018-05-31 14:06:06 - [TEST_STEP][PASSED] - Statement - batchqty = com.kms.katalon.core.webui.keyword.WebUiBuiltInKeywords.getAttribute(batch, "value").trim(): Attribute 'value' of object '' is: '3000'

2018-05-31 14:06:06 - [MESSAGE][PASSED] - Attribute 'value' of object '' is: '3000'

2018-05-31 14:06:06 - [TEST_STEP][PASSED] - Statement - Rqty = 100: null

2018-05-31 14:06:06 - [TEST_STEP][PASSED] - delay: Delayed 2 second(s)

2018-05-31 14:06:08 - [MESSAGE][PASSED] - Delayed 2 second(s)

2018-05-31 14:06:08 - [TEST_STEP][PASSED] - Statement - out.println("BatchQty : " + batchqty): null

2018-05-31 14:06:08 - [TEST_STEP][PASSED] - Statement - out.println("RQty : " + Rqty): null

2018-05-31 14:06:08 - [TEST_STEP][PASSED] - Statement - If (java.lang.Integer.valueOf(batchqty) >= java.lang.Integer.valueOf(Rqty)): null

2018-05-31 14:06:08 - [TEST_STEP][PASSED] - Statement - Break: null

2018-05-31 14:06:08 - [TEST_STEP][PASSED] - Statement - batchlength = new com.kms.katalon.core.testobject.TestObject(): null

2018-05-31 14:06:08 - [TEST_STEP][PASSED] - Statement - batchlength = com.kms.katalon.core.webui.keyword.WebUiBuiltInKeywords.modifyObjectProperty(batchlength, "xpath", "equals", "//*[@id = "fldvendor" + row + ""]", true): Modify property of object successfully

2018-05-31 14:06:08 - [MESSAGE][PASSED] - Modify property of object successfully

2018-05-31 14:06:08 - [TEST_STEP][PASSED] - Statement - batchsize = com.kms.katalon.core.webui.keyword.WebUiBuiltInKeywords.getNumberOfTotalOption(batchlength): 10 options of object '' counted

2018-05-31 14:06:08 - [MESSAGE][PASSED] - 10 options of object '' counted

2018-05-31 14:06:08 - [TEST_STEP][PASSED] - Statement - out.println("BatchSize : " + batchsize): null

2018-05-31 14:06:08 - [TEST_STEP][PASSED] - Statement - For ([n = 1, n <= batchsize - 1, (n++)]): null

2018-05-31 14:06:08 - [TEST_STEP][PASSED] - Statement - product = new com.kms.katalon.core.testobject.TestObject(): null

2018-05-31 14:06:08 - [TEST_STEP][PASSED] - Statement - product = com.kms.katalon.core.webui.keyword.WebUiBuiltInKeywords.modifyObjectProperty(product, "xpath", "equals", "//*[@id = "fldvendor" + row + ""]", true): Modify property of object successfully

2018-05-31 14:06:08 - [MESSAGE][PASSED] - Modify property of object successfully

2018-05-31 14:06:08 - [TEST_STEP][PASSED] - selectOptionByIndex: All options with index in [1] are selected on object ''

2018-05-31 14:06:08 - [MESSAGE][PASSED] - All options with index in [1] are selected on object ''

2018-05-31 14:06:08 - [TEST_STEP][PASSED] - Statement - batch = new com.kms.katalon.core.testobject.TestObject(): null

2018-05-31 14:06:08 - [TEST_STEP][PASSED] - Statement - batch = com.kms.katalon.core.webui.keyword.WebUiBuiltInKeywords.modifyObjectProperty(batch, "xpath", "equals", "//*[@id = "txtbthqty" + row + ""]", true): Modify property of object successfully

2018-05-31 14:06:08 - [MESSAGE][PASSED] - Modify property of object successfully

2018-05-31 14:06:08 - [TEST_STEP][PASSED] - Statement - batchqty = com.kms.katalon.core.webui.keyword.WebUiBuiltInKeywords.getAttribute(batch, "value").trim(): Attribute 'value' of object '' is: '4500'

2018-05-31 14:06:08 - [MESSAGE][PASSED] - Attribute 'value' of object '' is: '4500'

2018-05-31 14:06:08 - [TEST_STEP][PASSED] - Statement - Rqty = 100: null

2018-05-31 14:06:08 - [TEST_STEP][PASSED] - delay: Delayed 2 second(s)

2018-05-31 14:06:10 - [MESSAGE][PASSED] - Delayed 2 second(s)

2018-05-31 14:06:10 - [TEST_STEP][PASSED] - Statement - out.println("BatchQty : " + batchqty): null

2018-05-31 14:06:10 - [TEST_STEP][PASSED] - Statement - out.println("RQty : " + Rqty): null

2018-05-31 14:06:10 - [TEST_STEP][PASSED] - Statement - If (java.lang.Integer.valueOf(batchqty) >= java.lang.Integer.valueOf(Rqty)): null

2018-05-31 14:06:10 - [TEST_STEP][PASSED] - Statement - Break: null

2018-05-31 14:06:10 - [TEST_STEP][PASSED] - Statement - batchlength = new com.kms.katalon.core.testobject.TestObject(): null

2018-05-31 14:06:10 - [TEST_STEP][PASSED] - Statement - batchlength = com.kms.katalon.core.webui.keyword.WebUiBuiltInKeywords.modifyObjectProperty(batchlength, "xpath", "equals", "//*[@id = "fldvendor" + row + ""]", true): Modify property of object successfully

2018-05-31 14:06:10 - [MESSAGE][PASSED] - Modify property of object successfully

2018-05-31 14:06:10 - [TEST_STEP][PASSED] - Statement - batchsize = com.kms.katalon.core.webui.keyword.WebUiBuiltInKeywords.getNumberOfTotalOption(batchlength): 10 options of object '' counted

2018-05-31 14:06:10 - [MESSAGE][PASSED] - 10 options of object '' counted

2018-05-31 14:06:10 - [TEST_STEP][PASSED] - Statement - out.println("BatchSize : " + batchsize): null

2018-05-31 14:06:10 - [TEST_STEP][PASSED] - Statement - For ([n = 1, n <= batchsize - 1, (n++)]): null

2018-05-31 14:06:10 - [TEST_STEP][PASSED] - Statement - product = new com.kms.katalon.core.testobject.TestObject(): null

2018-05-31 14:06:10 - [TEST_STEP][PASSED] - Statement - product = com.kms.katalon.core.webui.keyword.WebUiBuiltInKeywords.modifyObjectProperty(product, "xpath", "equals", "//*[@id = "fldvendor" + row + ""]", true): Modify property of object successfully

2018-05-31 14:06:10 - [MESSAGE][PASSED] - Modify property of object successfully

2018-05-31 14:06:10 - [TEST_STEP][PASSED] - selectOptionByIndex: All options with index in [1] are selected on object ''

2018-05-31 14:06:10 - [MESSAGE][PASSED] - All options with index in [1] are selected on object ''

2018-05-31 14:06:10 - [TEST_STEP][PASSED] - Statement - batch = new com.kms.katalon.core.testobject.TestObject(): null

2018-05-31 14:06:10 - [TEST_STEP][PASSED] - Statement - batch = com.kms.katalon.core.webui.keyword.WebUiBuiltInKeywords.modifyObjectProperty(batch, "xpath", "equals", "//*[@id = "txtbthqty" + row + ""]", true): Modify property of object successfully

2018-05-31 14:06:10 - [MESSAGE][PASSED] - Modify property of object successfully

2018-05-31 14:06:10 - [TEST_STEP][PASSED] - Statement - batchqty = com.kms.katalon.core.webui.keyword.WebUiBuiltInKeywords.getAttribute(batch, "value").trim(): Attribute 'value' of object '' is: '38100'

2018-05-31 14:06:10 - [MESSAGE][PASSED] - Attribute 'value' of object '' is: '38100'

2018-05-31 14:06:10 - [TEST_STEP][PASSED] - Statement - Rqty = 100: null

2018-05-31 14:06:10 - [TEST_STEP][PASSED] - delay: Delayed 2 second(s)

2018-05-31 14:06:12 - [MESSAGE][PASSED] - Delayed 2 second(s)

2018-05-31 14:06:12 - [TEST_STEP][PASSED] - Statement - out.println("BatchQty : " + batchqty): null

2018-05-31 14:06:12 - [TEST_STEP][PASSED] - Statement - out.println("RQty : " + Rqty): null

2018-05-31 14:06:12 - [TEST_STEP][PASSED] - Statement - If (java.lang.Integer.valueOf(batchqty) >= java.lang.Integer.valueOf(Rqty)): null

2018-05-31 14:06:12 - [TEST_STEP][PASSED] - Statement - Break: null

2018-05-31 14:06:12 - [TEST_STEP][PASSED] - Statement - batchlength = new com.kms.katalon.core.testobject.TestObject(): null

2018-05-31 14:06:12 - [TEST_STEP][PASSED] - Statement - batchlength = com.kms.katalon.core.webui.keyword.WebUiBuiltInKeywords.modifyObjectProperty(batchlength, "xpath", "equals", "//*[@id = "fldvendor" + row + ""]", true): Modify property of object successfully

2018-05-31 14:06:12 - [MESSAGE][PASSED] - Modify property of object successfully

2018-05-31 14:06:12 - [TEST_STEP][PASSED] - Statement - batchsize = com.kms.katalon.core.webui.keyword.WebUiBuiltInKeywords.getNumberOfTotalOption(batchlength): 10 options of object '' counted

2018-05-31 14:06:12 - [MESSAGE][PASSED] - 10 options of object '' counted

2018-05-31 14:06:12 - [TEST_STEP][PASSED] - Statement - out.println("BatchSize : " + batchsize): null

2018-05-31 14:06:12 - [TEST_STEP][PASSED] - Statement - For ([n = 1, n <= batchsize - 1, (n++)]): null

2018-05-31 14:06:12 - [TEST_STEP][PASSED] - Statement - product = new com.kms.katalon.core.testobject.TestObject(): null

2018-05-31 14:06:12 - [TEST_STEP][PASSED] - Statement - product = com.kms.katalon.core.webui.keyword.WebUiBuiltInKeywords.modifyObjectProperty(product, "xpath", "equals", "//*[@id = "fldvendor" + row + ""]", true): Modify property of object successfully

2018-05-31 14:06:12 - [MESSAGE][PASSED] - Modify property of object successfully

2018-05-31 14:06:12 - [TEST_STEP][PASSED] - selectOptionByIndex: All options with index in [1] are selected on object ''

2018-05-31 14:06:12 - [MESSAGE][PASSED] - All options with index in [1] are selected on object ''

2018-05-31 14:06:12 - [TEST_STEP][PASSED] - Statement - batch = new com.kms.katalon.core.testobject.TestObject(): null

2018-05-31 14:06:12 - [TEST_STEP][PASSED] - Statement - batch = com.kms.katalon.core.webui.keyword.WebUiBuiltInKeywords.modifyObjectProperty(batch, "xpath", "equals", "//*[@id = "txtbthqty" + row + ""]", true): Modify property of object successfully

2018-05-31 14:06:12 - [MESSAGE][PASSED] - Modify property of object successfully

2018-05-31 14:06:12 - [TEST_STEP][PASSED] - Statement - batchqty = com.kms.katalon.core.webui.keyword.WebUiBuiltInKeywords.getAttribute(batch, "value").trim(): Attribute 'value' of object '' is: '4800'

2018-05-31 14:06:12 - [MESSAGE][PASSED] - Attribute 'value' of object '' is: '4800'

2018-05-31 14:06:12 - [TEST_STEP][PASSED] - Statement - Rqty = 100: null

2018-05-31 14:06:12 - [TEST_STEP][PASSED] - delay: Delayed 2 second(s)

2018-05-31 14:06:14 - [MESSAGE][PASSED] - Delayed 2 second(s)

2018-05-31 14:06:14 - [TEST_STEP][PASSED] - Statement - out.println("BatchQty : " + batchqty): null

2018-05-31 14:06:14 - [TEST_STEP][PASSED] - Statement - out.println("RQty : " + Rqty): null

2018-05-31 14:06:14 - [TEST_STEP][PASSED] - Statement - If (java.lang.Integer.valueOf(batchqty) >= java.lang.Integer.valueOf(Rqty)): null

2018-05-31 14:06:14 - [TEST_STEP][PASSED] - Statement - Break: null

2018-05-31 14:06:14 - [TEST_STEP][PASSED] - Statement - batchlength = new com.kms.katalon.core.testobject.TestObject(): null

2018-05-31 14:06:14 - [TEST_STEP][PASSED] - Statement - batchlength = com.kms.katalon.core.webui.keyword.WebUiBuiltInKeywords.modifyObjectProperty(batchlength, "xpath", "equals", "//*[@id = "fldvendor" + row + ""]", true): Modify property of object successfully

2018-05-31 14:06:14 - [MESSAGE][PASSED] - Modify property of object successfully

2018-05-31 14:06:14 - [TEST_STEP][PASSED] - Statement - batchsize = com.kms.katalon.core.webui.keyword.WebUiBuiltInKeywords.getNumberOfTotalOption(batchlength): 10 options of object '' counted

2018-05-31 14:06:15 - [MESSAGE][PASSED] - 10 options of object '' counted

2018-05-31 14:06:15 - [TEST_STEP][PASSED] - Statement - out.println("BatchSize : " + batchsize): null

2018-05-31 14:06:15 - [TEST_STEP][PASSED] - Statement - For ([n = 1, n <= batchsize - 1, (n++)]): null

2018-05-31 14:06:15 - [TEST_STEP][PASSED] - Statement - product = new com.kms.katalon.core.testobject.TestObject(): null

2018-05-31 14:06:15 - [TEST_STEP][PASSED] - Statement - product = com.kms.katalon.core.webui.keyword.WebUiBuiltInKeywords.modifyObjectProperty(product, "xpath", "equals", "//*[@id = "fldvendor" + row + ""]", true): Modify property of object successfully

2018-05-31 14:06:15 - [MESSAGE][PASSED] - Modify property of object successfully

2018-05-31 14:06:15 - [TEST_STEP][PASSED] - selectOptionByIndex: All options with index in [1] are selected on object ''

2018-05-31 14:06:15 - [MESSAGE][PASSED] - All options with index in [1] are selected on object ''

2018-05-31 14:06:15 - [TEST_STEP][PASSED] - Statement - batch = new com.kms.katalon.core.testobject.TestObject(): null

2018-05-31 14:06:15 - [TEST_STEP][PASSED] - Statement - batch = com.kms.katalon.core.webui.keyword.WebUiBuiltInKeywords.modifyObjectProperty(batch, "xpath", "equals", "//*[@id = "txtbthqty" + row + ""]", true): Modify property of object successfully

2018-05-31 14:06:15 - [MESSAGE][PASSED] - Modify property of object successfully

2018-05-31 14:06:15 - [TEST_STEP][PASSED] - Statement - batchqty = com.kms.katalon.core.webui.keyword.WebUiBuiltInKeywords.getAttribute(batch, "value").trim(): Attribute 'value' of object '' is: '3200'

2018-05-31 14:06:15 - [MESSAGE][PASSED] - Attribute 'value' of object '' is: '3200'

2018-05-31 14:06:15 - [TEST_STEP][PASSED] - Statement - Rqty = 100: null

2018-05-31 14:06:15 - [TEST_STEP][PASSED] - delay: Delayed 2 second(s)

2018-05-31 14:06:17 - [MESSAGE][PASSED] - Delayed 2 second(s)

2018-05-31 14:06:17 - [TEST_STEP][PASSED] - Statement - out.println("BatchQty : " + batchqty): null

2018-05-31 14:06:17 - [TEST_STEP][PASSED] - Statement - out.println("RQty : " + Rqty): null

2018-05-31 14:06:17 - [TEST_STEP][PASSED] - Statement - If (java.lang.Integer.valueOf(batchqty) >= java.lang.Integer.valueOf(Rqty)): null

2018-05-31 14:06:17 - [TEST_STEP][PASSED] - Statement - Break: null

2018-05-31 14:06:17 - [TEST_STEP][PASSED] - Statement - batchlength = new com.kms.katalon.core.testobject.TestObject(): null

2018-05-31 14:06:17 - [TEST_STEP][PASSED] - Statement - batchlength = com.kms.katalon.core.webui.keyword.WebUiBuiltInKeywords.modifyObjectProperty(batchlength, "xpath", "equals", "//*[@id = "fldvendor" + row + ""]", true): Modify property of object successfully

2018-05-31 14:06:17 - [MESSAGE][PASSED] - Modify property of object successfully

2018-05-31 14:06:17 - [TEST_STEP][PASSED] - Statement - batchsize = com.kms.katalon.core.webui.keyword.WebUiBuiltInKeywords.getNumberOfTotalOption(batchlength): 10 options of object '' counted

2018-05-31 14:06:17 - [MESSAGE][PASSED] - 10 options of object '' counted

2018-05-31 14:06:17 - [TEST_STEP][PASSED] - Statement - out.println("BatchSize : " + batchsize): null

2018-05-31 14:06:17 - [TEST_STEP][PASSED] - Statement - For ([n = 1, n <= batchsize - 1, (n++)]): null

2018-05-31 14:06:17 - [TEST_STEP][PASSED] - Statement - product = new com.kms.katalon.core.testobject.TestObject(): null

2018-05-31 14:06:17 - [TEST_STEP][PASSED] - Statement - product = com.kms.katalon.core.webui.keyword.WebUiBuiltInKeywords.modifyObjectProperty(product, "xpath", "equals", "//*[@id = "fldvendor" + row + ""]", true): Modify property of object successfully

2018-05-31 14:06:17 - [MESSAGE][PASSED] - Modify property of object successfully

2018-05-31 14:06:17 - [TEST_STEP][PASSED] - selectOptionByIndex: All options with index in [1] are selected on object ''

2018-05-31 14:06:17 - [MESSAGE][PASSED] - All options with index in [1] are selected on object ''

2018-05-31 14:06:17 - [TEST_STEP][PASSED] - Statement - batch = new com.kms.katalon.core.testobject.TestObject(): null

2018-05-31 14:06:17 - [TEST_STEP][PASSED] - Statement - batch = com.kms.katalon.core.webui.keyword.WebUiBuiltInKeywords.modifyObjectProperty(batch, "xpath", "equals", "//*[@id = "txtbthqty" + row + ""]", true): Modify property of object successfully

2018-05-31 14:06:17 - [MESSAGE][PASSED] - Modify property of object successfully

2018-05-31 14:06:17 - [TEST_STEP][PASSED] - Statement - batchqty = com.kms.katalon.core.webui.keyword.WebUiBuiltInKeywords.getAttribute(batch, "value").trim(): Attribute 'value' of object '' is: '38100'

2018-05-31 14:06:17 - [MESSAGE][PASSED] - Attribute 'value' of object '' is: '38100'

2018-05-31 14:06:17 - [TEST_STEP][PASSED] - Statement - Rqty = 100: null

2018-05-31 14:06:17 - [TEST_STEP][PASSED] - delay: Delayed 2 second(s)

2018-05-31 14:06:19 - [MESSAGE][PASSED] - Delayed 2 second(s)

2018-05-31 14:06:19 - [TEST_STEP][PASSED] - Statement - out.println("BatchQty : " + batchqty): null

2018-05-31 14:06:19 - [TEST_STEP][PASSED] - Statement - out.println("RQty : " + Rqty): null

2018-05-31 14:06:19 - [TEST_STEP][PASSED] - Statement - If (java.lang.Integer.valueOf(batchqty) >= java.lang.Integer.valueOf(Rqty)): null

2018-05-31 14:06:19 - [TEST_STEP][PASSED] - Statement - Break: null

2018-05-31 14:06:19 - [TEST_STEP][PASSED] - Statement - batchlength = new com.kms.katalon.core.testobject.TestObject(): null

2018-05-31 14:06:19 - [TEST_STEP][PASSED] - Statement - batchlength = com.kms.katalon.core.webui.keyword.WebUiBuiltInKeywords.modifyObjectProperty(batchlength, "xpath", "equals", "//*[@id = "fldvendor" + row + ""]", true): Modify property of object successfully

2018-05-31 14:06:19 - [MESSAGE][PASSED] - Modify property of object successfully

2018-05-31 14:06:19 - [TEST_STEP][PASSED] - Statement - batchsize = com.kms.katalon.core.webui.keyword.WebUiBuiltInKeywords.getNumberOfTotalOption(batchlength): 10 options of object '' counted

2018-05-31 14:06:19 - [MESSAGE][PASSED] - 10 options of object '' counted

2018-05-31 14:06:19 - [TEST_STEP][PASSED] - Statement - out.println("BatchSize : " + batchsize): null

2018-05-31 14:06:19 - [TEST_STEP][PASSED] - Statement - For ([n = 1, n <= batchsize - 1, (n++)]): null

2018-05-31 14:06:19 - [TEST_STEP][PASSED] - Statement - product = new com.kms.katalon.core.testobject.TestObject(): null

2018-05-31 14:06:19 - [TEST_STEP][PASSED] - Statement - product = com.kms.katalon.core.webui.keyword.WebUiBuiltInKeywords.modifyObjectProperty(product, "xpath", "equals", "//*[@id = "fldvendor" + row + ""]", true): Modify property of object successfully

2018-05-31 14:06:19 - [MESSAGE][PASSED] - Modify property of object successfully

2018-05-31 14:06:19 - [TEST_STEP][PASSED] - selectOptionByIndex: All options with index in [1] are selected on object ''

2018-05-31 14:06:19 - [MESSAGE][PASSED] - All options with index in [1] are selected on object ''

2018-05-31 14:06:19 - [TEST_STEP][PASSED] - Statement - batch = new com.kms.katalon.core.testobject.TestObject(): null

2018-05-31 14:06:19 - [TEST_STEP][PASSED] - Statement - batch = com.kms.katalon.core.webui.keyword.WebUiBuiltInKeywords.modifyObjectProperty(batch, "xpath", "equals", "//*[@id = "txtbthqty" + row + ""]", true): Modify property of object successfully

2018-05-31 14:06:19 - [MESSAGE][PASSED] - Modify property of object successfully

2018-05-31 14:06:19 - [TEST_STEP][PASSED] - Statement - batchqty = com.kms.katalon.core.webui.keyword.WebUiBuiltInKeywords.getAttribute(batch, "value").trim(): Attribute 'value' of object '' is: '38100'

2018-05-31 14:06:19 - [MESSAGE][PASSED] - Attribute 'value' of object '' is: '38100'

2018-05-31 14:06:19 - [TEST_STEP][PASSED] - Statement - Rqty = 100: null

2018-05-31 14:06:19 - [TEST_STEP][PASSED] - delay: Delayed 2 second(s)

2018-05-31 14:06:21 - [MESSAGE][PASSED] - Delayed 2 second(s)

2018-05-31 14:06:21 - [TEST_STEP][PASSED] - Statement - out.println("BatchQty : " + batchqty): null

2018-05-31 14:06:21 - [TEST_STEP][PASSED] - Statement - out.println("RQty : " + Rqty): null

2018-05-31 14:06:21 - [TEST_STEP][PASSED] - Statement - If (java.lang.Integer.valueOf(batchqty) >= java.lang.Integer.valueOf(Rqty)): null

2018-05-31 14:06:21 - [TEST_STEP][PASSED] - Statement - Break: null

2018-05-31 14:06:21 - [TEST_STEP][PASSED] - Statement - batchlength = new com.kms.katalon.core.testobject.TestObject(): null

2018-05-31 14:06:21 - [TEST_STEP][PASSED] - Statement - batchlength = com.kms.katalon.core.webui.keyword.WebUiBuiltInKeywords.modifyObjectProperty(batchlength, "xpath", "equals", "//*[@id = "fldvendor" + row + ""]", true): Modify property of object successfully

2018-05-31 14:06:21 - [MESSAGE][PASSED] - Modify property of object successfully

2018-05-31 14:06:21 - [TEST_STEP][PASSED] - Statement - batchsize = com.kms.katalon.core.webui.keyword.WebUiBuiltInKeywords.getNumberOfTotalOption(batchlength): 9 options of object '' counted

2018-05-31 14:06:21 - [MESSAGE][PASSED] - 9 options of object '' counted

2018-05-31 14:06:21 - [TEST_STEP][PASSED] - Statement - out.println("BatchSize : " + batchsize): null

2018-05-31 14:06:21 - [TEST_STEP][PASSED] - Statement - For ([n = 1, n <= batchsize - 1, (n++)]): null

2018-05-31 14:06:21 - [TEST_STEP][PASSED] - Statement - product = new com.kms.katalon.core.testobject.TestObject(): null

2018-05-31 14:06:21 - [TEST_STEP][PASSED] - Statement - product = com.kms.katalon.core.webui.keyword.WebUiBuiltInKeywords.modifyObjectProperty(product, "xpath", "equals", "//*[@id = "fldvendor" + row + ""]", true): Modify property of object successfully

2018-05-31 14:06:21 - [MESSAGE][PASSED] - Modify property of object successfully

2018-05-31 14:06:21 - [TEST_STEP][PASSED] - selectOptionByIndex: All options with index in [1] are selected on object ''

2018-05-31 14:06:21 - [MESSAGE][PASSED] - All options with index in [1] are selected on object ''

2018-05-31 14:06:21 - [TEST_STEP][PASSED] - Statement - batch = new com.kms.katalon.core.testobject.TestObject(): null

2018-05-31 14:06:21 - [TEST_STEP][PASSED] - Statement - batch = com.kms.katalon.core.webui.keyword.WebUiBuiltInKeywords.modifyObjectProperty(batch, "xpath", "equals", "//*[@id = "txtbthqty" + row + ""]", true): Modify property of object successfully

2018-05-31 14:06:21 - [MESSAGE][PASSED] - Modify property of object successfully

2018-05-31 14:06:21 - [TEST_STEP][PASSED] - Statement - batchqty = com.kms.katalon.core.webui.keyword.WebUiBuiltInKeywords.getAttribute(batch, "value").trim(): Attribute 'value' of object '' is: '4800'

2018-05-31 14:06:22 - [MESSAGE][PASSED] - Attribute 'value' of object '' is: '4800'

2018-05-31 14:06:22 - [TEST_STEP][PASSED] - Statement - Rqty = 100: null

2018-05-31 14:06:22 - [TEST_STEP][PASSED] - delay: Delayed 2 second(s)

2018-05-31 14:06:24 - [MESSAGE][PASSED] - Delayed 2 second(s)

2018-05-31 14:06:24 - [TEST_STEP][PASSED] - Statement - out.println("BatchQty : " + batchqty): null

2018-05-31 14:06:24 - [TEST_STEP][PASSED] - Statement - out.println("RQty : " + Rqty): null

2018-05-31 14:06:24 - [TEST_STEP][PASSED] - Statement - If (java.lang.Integer.valueOf(batchqty) >= java.lang.Integer.valueOf(Rqty)): null

2018-05-31 14:06:24 - [TEST_STEP][PASSED] - Statement - Break: null

2018-05-31 14:06:24 - [TEST_STEP][PASSED] - Statement - batchlength = new com.kms.katalon.core.testobject.TestObject(): null

2018-05-31 14:06:24 - [TEST_STEP][PASSED] - Statement - batchlength = com.kms.katalon.core.webui.keyword.WebUiBuiltInKeywords.modifyObjectProperty(batchlength, "xpath", "equals", "//*[@id = "fldvendor" + row + ""]", true): Modify property of object successfully

2018-05-31 14:06:24 - [MESSAGE][PASSED] - Modify property of object successfully

2018-05-31 14:06:24 - [TEST_STEP][PASSED] - Statement - batchsize = com.kms.katalon.core.webui.keyword.WebUiBuiltInKeywords.getNumberOfTotalOption(batchlength): 10 options of object '' counted

2018-05-31 14:06:24 - [MESSAGE][PASSED] - 10 options of object '' counted

2018-05-31 14:06:24 - [TEST_STEP][PASSED] - Statement - out.println("BatchSize : " + batchsize): null

2018-05-31 14:06:24 - [TEST_STEP][PASSED] - Statement - For ([n = 1, n <= batchsize - 1, (n++)]): null

2018-05-31 14:06:24 - [TEST_STEP][PASSED] - Statement - product = new com.kms.katalon.core.testobject.TestObject(): null

2018-05-31 14:06:24 - [TEST_STEP][PASSED] - Statement - product = com.kms.katalon.core.webui.keyword.WebUiBuiltInKeywords.modifyObjectProperty(product, "xpath", "equals", "//*[@id = "fldvendor" + row + ""]", true): Modify property of object successfully

2018-05-31 14:06:24 - [MESSAGE][PASSED] - Modify property of object successfully

2018-05-31 14:06:24 - [TEST_STEP][PASSED] - selectOptionByIndex: All options with index in [1] are selected on object ''

2018-05-31 14:06:24 - [MESSAGE][PASSED] - All options with index in [1] are selected on object ''

2018-05-31 14:06:24 - [TEST_STEP][PASSED] - Statement - batch = new com.kms.katalon.core.testobject.TestObject(): null

2018-05-31 14:06:24 - [TEST_STEP][PASSED] - Statement - batch = com.kms.katalon.core.webui.keyword.WebUiBuiltInKeywords.modifyObjectProperty(batch, "xpath", "equals", "//*[@id = "txtbthqty" + row + ""]", true): Modify property of object successfully

2018-05-31 14:06:24 - [MESSAGE][PASSED] - Modify property of object successfully

2018-05-31 14:06:24 - [TEST_STEP][PASSED] - Statement - batchqty = com.kms.katalon.core.webui.keyword.WebUiBuiltInKeywords.getAttribute(batch, "value").trim(): Attribute 'value' of object '' is: '3100'

2018-05-31 14:06:24 - [MESSAGE][PASSED] - Attribute 'value' of object '' is: '3100'

2018-05-31 14:06:24 - [TEST_STEP][PASSED] - Statement - Rqty = 100: null

2018-05-31 14:06:24 - [TEST_STEP][PASSED] - delay: Delayed 2 second(s)

2018-05-31 14:06:26 - [MESSAGE][PASSED] - Delayed 2 second(s)

2018-05-31 14:06:26 - [TEST_STEP][PASSED] - Statement - out.println("BatchQty : " + batchqty): null

2018-05-31 14:06:26 - [TEST_STEP][PASSED] - Statement - out.println("RQty : " + Rqty): null

2018-05-31 14:06:26 - [TEST_STEP][PASSED] - Statement - If (java.lang.Integer.valueOf(batchqty) >= java.lang.Integer.valueOf(Rqty)): null

2018-05-31 14:06:26 - [TEST_STEP][PASSED] - Statement - Break: null

2018-05-31 14:06:26 - [TEST_STEP][PASSED] - delay: Delayed 2 second(s)

2018-05-31 14:06:28 - [MESSAGE][PASSED] - Delayed 2 second(s)

2018-05-31 14:06:28 - [TEST_STEP][PASSED] - click: Object: 'Object Repository/DispensaryToCms/Page_KDMC - CMS/input_btndispatch' is clicked on

2018-05-31 14:06:28 - [MESSAGE][PASSED] - Object: 'Object Repository/DispensaryToCms/Page_KDMC - CMS/input_btndispatch' is clicked on

2018-05-31 14:06:28 - [TEST_STEP][PASSED] - delay: Delayed 3 second(s)

2018-05-31 14:06:31 - [MESSAGE][PASSED] - Delayed 3 second(s)

2018-05-31 14:06:31 - [TEST_STEP][PASSED] - click: Object: 'Object Repository/DispensaryToCms/Page_KDMC - CMS/button_OK' is clicked on

2018-05-31 14:06:32 - [MESSAGE][PASSED] - Object: 'Object Repository/DispensaryToCms/Page_KDMC - CMS/button_OK' is clicked on

2018-05-31 14:06:32 - [TEST_STEP][PASSED] - delay: Delayed 3 second(s)

2018-05-31 14:06:35 - [MESSAGE][PASSED] - Delayed 3 second(s)

2018-05-31 14:06:35 - [TEST_STEP][PASSED] - click: Object: 'Object Repository/DispensaryToCms/Page_KDMC - CMS/a_dropdown-toggle' is clicked on

2018-05-31 14:06:35 - [MESSAGE][PASSED] - Object: 'Object Repository/DispensaryToCms/Page_KDMC - CMS/a_dropdown-toggle' is clicked on

2018-05-31 14:06:35 - [TEST_STEP][PASSED] - click: Object: 'Object Repository/DispensaryToCms/Page_KDMC - CMS/a_Sign out' is clicked on

2018-05-31 14:06:36 - [MESSAGE][PASSED] - Object: 'Object Repository/DispensaryToCms/Page_KDMC - CMS/a_Sign out' is clicked on

2018-05-31 14:06:36 - [TEST_STEP][PASSED] - delay: Delayed 3 second(s)

2018-05-31 14:06:39 - [MESSAGE][PASSED] - Delayed 3 second(s)

2018-05-31 14:06:39 - [TEST_STEP][PASSED] - navigateToUrl: Navigate to 'http://192.168.137.1/multihospital_new/HDSplashscreen.aspx' successfully

2018-05-31 14:06:39 - [MESSAGE][PASSED] - Navigate to 'http://192.168.137.1/multihospital_new/HDSplashscreen.aspx' successfully

2018-05-31 14:06:39 - [TEST_STEP][PASSED] - click: Object: 'Object Repository/DispensaryToCms/Page_KDMC/a_Dispensary Store' is clicked on

2018-05-31 14:06:41 - [MESSAGE][PASSED] - Object: 'Object Repository/DispensaryToCms/Page_KDMC/a_Dispensary Store' is clicked on

2018-05-31 14:06:41 - [TEST_STEP][PASSED] - setText: Text 'rajaram' is set on object 'Object Repository/DispensaryToCms/Page_Dispensary Store Login/input_txtusername'

2018-05-31 14:06:41 - [MESSAGE][PASSED] - Text 'rajaram' is set on object 'Object Repository/DispensaryToCms/Page_Dispensary Store Login/input_txtusername'

2018-05-31 14:06:41 - [TEST_STEP][PASSED] - setText: Text '123' is set on object 'Object Repository/DispensaryToCms/Page_Dispensary Store Login/input_txtpassword'

2018-05-31 14:06:41 - [MESSAGE][PASSED] - Text '123' is set on object 'Object Repository/DispensaryToCms/Page_Dispensary Store Login/input_txtpassword'

2018-05-31 14:06:41 - [TEST_STEP][PASSED] - delay: Delayed 3 second(s)

2018-05-31 14:06:44 - [MESSAGE][PASSED] - Delayed 3 second(s)

2018-05-31 14:06:44 - [TEST_STEP][PASSED] - click: Object: 'Object Repository/DispensaryToCms/Page_Dispensary Store Login/button_Sign in' is clicked on

2018-05-31 14:06:46 - [MESSAGE][PASSED] - Object: 'Object Repository/DispensaryToCms/Page_Dispensary Store Login/button_Sign in' is clicked on

2018-05-31 14:06:46 - [TEST_STEP][PASSED] - delay: Delayed 3 second(s)

2018-05-31 14:06:49 - [MESSAGE][PASSED] - Delayed 3 second(s)

2018-05-31 14:06:49 - [TEST_STEP][PASSED] - click: Object: 'Object Repository/DispensaryToCms/Page_Dispensary Store/a_CMS' is clicked on

2018-05-31 14:06:49 - [MESSAGE][PASSED] - Object: 'Object Repository/DispensaryToCms/Page_Dispensary Store/a_CMS' is clicked on

2018-05-31 14:06:49 - [TEST_STEP][PASSED] - delay: Delayed 2 second(s)

2018-05-31 14:06:51 - [MESSAGE][PASSED] - Delayed 2 second(s)

2018-05-31 14:06:51 - [TEST_STEP][PASSED] - click: Object: 'Object Repository/DispensaryToCms/Page_Dispensary Store/a_Receiving Goods' is clicked on

2018-05-31 14:06:52 - [MESSAGE][PASSED] - Object: 'Object Repository/DispensaryToCms/Page_Dispensary Store/a_Receiving Goods' is clicked on

2018-05-31 14:06:52 - [TEST_STEP][PASSED] - setText: Text 'PRNO/31052018/507' is set on object 'Object Repository/DispensaryToCms/Page_Dispensary Store/input'

2018-05-31 14:06:52 - [MESSAGE][PASSED] - Text 'PRNO/31052018/507' is set on object 'Object Repository/DispensaryToCms/Page_Dispensary Store/input'

2018-05-31 14:06:52 - [TEST_STEP][PASSED] - click: Object: 'Object Repository/DispensaryToCms/Page_Dispensary Store/input_PRNO18052018174' is clicked on

2018-05-31 14:06:52 - [MESSAGE][PASSED] - Object: 'Object Repository/DispensaryToCms/Page_Dispensary Store/input_PRNO18052018174' is clicked on

2018-05-31 14:06:52 - [TEST_STEP][PASSED] - delay: Delayed 2 second(s)

2018-05-31 14:06:54 - [MESSAGE][PASSED] - Delayed 2 second(s)

2018-05-31 14:06:54 - [TEST_STEP][PASSED] - click: Object: 'Object Repository/DispensaryToCms/Page_Dispensary Store/input_chkrem' is clicked on

2018-05-31 14:06:54 - [MESSAGE][PASSED] - Object: 'Object Repository/DispensaryToCms/Page_Dispensary Store/input_chkrem' is clicked on

2018-05-31 14:06:54 - [TEST_STEP][PASSED] - scrollToElement: Scroll to object 'Object Repository/DispensaryToCms/Page_Dispensary Store/input_btchkroqadd' successfully

2018-05-31 14:06:54 - [MESSAGE][PASSED] - Scroll to object 'Object Repository/DispensaryToCms/Page_Dispensary Store/input_btchkroqadd' successfully

2018-05-31 14:06:54 - [TEST_STEP][PASSED] - click: Object: 'Object Repository/DispensaryToCms/Page_Dispensary Store/input_btchkroqadd' is clicked on

2018-05-31 14:06:54 - [MESSAGE][PASSED] - Object: 'Object Repository/DispensaryToCms/Page_Dispensary Store/input_btchkroqadd' is clicked on

2018-05-31 14:06:54 - [TEST_STEP][PASSED] - delay: Delayed 2 second(s)

2018-05-31 14:06:56 - [MESSAGE][PASSED] - Delayed 2 second(s)

2018-05-31 14:06:56 - [TEST_STEP][PASSED] - refresh: Refresh successfully

2018-05-31 14:06:57 - [MESSAGE][PASSED] - Refresh successfully

2018-05-31 14:06:57 - [TEST_STEP][PASSED] - delay: Delayed 3 second(s)

2018-05-31 14:07:00 - [MESSAGE][PASSED] - Delayed 3 second(s)

2018-05-31 14:07:00 - [TEST_STEP][PASSED] - click: Object: 'Object Repository/DispensaryToCms/Page_Dispensary Store/a_dropdown-toggle' is clicked on

2018-05-31 14:07:00 - [MESSAGE][PASSED] - Object: 'Object Repository/DispensaryToCms/Page_Dispensary Store/a_dropdown-toggle' is clicked on

2018-05-31 14:07:00 - [TEST_STEP][PASSED] - click: Object: 'Object Repository/DispensaryToCms/Page_Dispensary Store/a_Sign out' is clicked on

2018-05-31 14:07:00 - [MESSAGE][PASSED] - Object: 'Object Repository/DispensaryToCms/Page_Dispensary Store/a_Sign out' is clicked on

2018-05-31 14:07:00 - [TEST_STEP][PASSED] - closeBrowser: Browser is closed

2018-05-31 14:07:01 - [MESSAGE][PASSED] - Browser is closed]]></system-out>
         <system-err><![CDATA[]]></system-err>
      </testcase>
      <testcase name="Test Cases/DISPENSARY TEST CASES/TC_DP_020 Verify Schedule 8 Dispensary To CMS Request Are Working Successfully Or Not" classname="Test Cases/DISPENSARY TEST CASES/TC_DP_020 Verify Schedule 8 Dispensary To CMS Request Are Working Successfully Or Not" status="ERROR">
         <error type="ERROR" message="Test Cases/DISPENSARY TEST CASES/TC_DP_020 Verify Schedule 8 Dispensary To CMS Request Are Working Successfully Or Not FAILED because (of) java.lang.ArrayIndexOutOfBoundsException: 2"/>
         <system-out><![CDATA[2018-05-31 14:07:01 - [TEST_CASE][ERROR] - Test Cases/DISPENSARY TEST CASES/TC_DP_020 Verify Schedule 8 Dispensary To CMS Request Are Working Successfully Or Not: Test Cases/DISPENSARY TEST CASES/TC_DP_020 Verify Schedule 8 Dispensary To CMS Request Are Working Successfully Or Not FAILED because (of) java.lang.ArrayIndexOutOfBoundsException: 2

2018-05-31 14:07:01 - [TEST_STEP][PASSED] - openBrowser: Browser is opened with url: ''

2018-05-31 14:07:03 - [MESSAGE][PASSED] - Browser is opened with url: ''

2018-05-31 14:07:03 - [TEST_STEP][PASSED] - navigateToUrl: Navigate to 'http://192.168.137.1/multihospital_new/HDSplashscreen.aspx' successfully

2018-05-31 14:07:06 - [MESSAGE][PASSED] - Navigate to 'http://192.168.137.1/multihospital_new/HDSplashscreen.aspx' successfully

2018-05-31 14:07:06 - [TEST_STEP][PASSED] - maximizeWindow: Current window maximized

2018-05-31 14:07:07 - [MESSAGE][PASSED] - Current window maximized

2018-05-31 14:07:07 - [TEST_STEP][PASSED] - click: Object: 'Object Repository/DispensaryToCms/Page_KDMC/a_Dispensary Store' is clicked on

2018-05-31 14:07:08 - [MESSAGE][PASSED] - Object: 'Object Repository/DispensaryToCms/Page_KDMC/a_Dispensary Store' is clicked on

2018-05-31 14:07:08 - [TEST_STEP][PASSED] - setText: Text 'rajaram' is set on object 'Object Repository/DispensaryToCms/Page_Dispensary Store Login/input_txtusername'

2018-05-31 14:07:08 - [MESSAGE][PASSED] - Text 'rajaram' is set on object 'Object Repository/DispensaryToCms/Page_Dispensary Store Login/input_txtusername'

2018-05-31 14:07:08 - [TEST_STEP][PASSED] - setText: Text '123' is set on object 'Object Repository/DispensaryToCms/Page_Dispensary Store Login/input_txtpassword'

2018-05-31 14:07:08 - [MESSAGE][PASSED] - Text '123' is set on object 'Object Repository/DispensaryToCms/Page_Dispensary Store Login/input_txtpassword'

2018-05-31 14:07:08 - [TEST_STEP][PASSED] - delay: Delayed 3 second(s)

2018-05-31 14:07:11 - [MESSAGE][PASSED] - Delayed 3 second(s)

2018-05-31 14:07:11 - [TEST_STEP][PASSED] - click: Object: 'Object Repository/DispensaryToCms/Page_Dispensary Store Login/button_Sign in' is clicked on

2018-05-31 14:07:12 - [MESSAGE][PASSED] - Object: 'Object Repository/DispensaryToCms/Page_Dispensary Store Login/button_Sign in' is clicked on

2018-05-31 14:07:12 - [TEST_STEP][PASSED] - delay: Delayed 3 second(s)

2018-05-31 14:07:15 - [MESSAGE][PASSED] - Delayed 3 second(s)

2018-05-31 14:07:15 - [TEST_STEP][PASSED] - click: Object: 'Object Repository/DispensaryToCms/Page_Dispensary Store/a_CMS' is clicked on

2018-05-31 14:07:15 - [MESSAGE][PASSED] - Object: 'Object Repository/DispensaryToCms/Page_Dispensary Store/a_CMS' is clicked on

2018-05-31 14:07:15 - [TEST_STEP][PASSED] - click: Object: 'Object Repository/DispensaryToCms/Page_Dispensary Store/a_Request Send' is clicked on

2018-05-31 14:07:16 - [MESSAGE][PASSED] - Object: 'Object Repository/DispensaryToCms/Page_Dispensary Store/a_Request Send' is clicked on

2018-05-31 14:07:16 - [TEST_STEP][PASSED] - delay: Delayed 2 second(s)

2018-05-31 14:07:18 - [MESSAGE][PASSED] - Delayed 2 second(s)

2018-05-31 14:07:18 - [TEST_STEP][PASSED] - selectOptionByIndex: All options with index in [2] are selected on object 'Object Repository/DispensaryToCms/Page_Dispensary Store/select_--Select--'

2018-05-31 14:07:18 - [MESSAGE][PASSED] - All options with index in [2] are selected on object 'Object Repository/DispensaryToCms/Page_Dispensary Store/select_--Select--'

2018-05-31 14:07:18 - [TEST_STEP][PASSED] - selectOptionByIndex: All options with index in [8] are selected on object 'Object Repository/DispensaryToCms/Page_Dispensary Store/select_--Select--Schedule 1Inj'

2018-05-31 14:07:18 - [MESSAGE][PASSED] - All options with index in [8] are selected on object 'Object Repository/DispensaryToCms/Page_Dispensary Store/select_--Select--Schedule 1Inj'

2018-05-31 14:07:18 - [TEST_STEP][PASSED] - Statement - medicineslength = com.kms.katalon.core.webui.keyword.WebUiBuiltInKeywords.getNumberOfTotalOption(com.kms.katalon.core.testobject.ObjectRepository.findTestObject(DispensaryToCms/Page_Dispensary Store/select_--Select--Adernaline 0.)): 18 options of object 'Object Repository/DispensaryToCms/Page_Dispensary Store/select_--Select--Adernaline 0.' counted

2018-05-31 14:07:19 - [MESSAGE][PASSED] - 18 options of object 'Object Repository/DispensaryToCms/Page_Dispensary Store/select_--Select--Adernaline 0.' counted

2018-05-31 14:07:19 - [TEST_STEP][PASSED] - Statement - For ([e = 1, e <= medicineslength - 1, (e++)]): Delayed 1 second(s)

2018-05-31 14:07:19 - [TEST_STEP][PASSED] - selectOptionByIndex: All options with index in [8] are selected on object 'Object Repository/DispensaryToCms/Page_Dispensary Store/select_--Select--Schedule 1Inj'

2018-05-31 14:07:19 - [MESSAGE][PASSED] - All options with index in [8] are selected on object 'Object Repository/DispensaryToCms/Page_Dispensary Store/select_--Select--Schedule 1Inj'

2018-05-31 14:07:19 - [TEST_STEP][PASSED] - delay: Delayed 1 second(s)

2018-05-31 14:07:20 - [MESSAGE][PASSED] - Delayed 1 second(s)

2018-05-31 14:07:20 - [TEST_STEP][PASSED] - selectOptionByIndex: All options with index in [1] are selected on object 'Object Repository/DispensaryToCms/Page_Dispensary Store/select_--Select--Adernaline 0.'

2018-05-31 14:07:20 - [MESSAGE][PASSED] - All options with index in [1] are selected on object 'Object Repository/DispensaryToCms/Page_Dispensary Store/select_--Select--Adernaline 0.'

2018-05-31 14:07:20 - [TEST_STEP][PASSED] - setText: Text '100' is set on object 'Object Repository/DispensaryToCms/Page_Dispensary Store/input_txttreat'

2018-05-31 14:07:20 - [MESSAGE][PASSED] - Text '100' is set on object 'Object Repository/DispensaryToCms/Page_Dispensary Store/input_txttreat'

2018-05-31 14:07:20 - [TEST_STEP][PASSED] - click: Object: 'Object Repository/DispensaryToCms/Page_Dispensary Store/button_Add' is clicked on

2018-05-31 14:07:20 - [MESSAGE][PASSED] - Object: 'Object Repository/DispensaryToCms/Page_Dispensary Store/button_Add' is clicked on

2018-05-31 14:07:20 - [TEST_STEP][PASSED] - delay: Delayed 1 second(s)

2018-05-31 14:07:21 - [MESSAGE][PASSED] - Delayed 1 second(s)

2018-05-31 14:07:21 - [TEST_STEP][PASSED] - selectOptionByIndex: All options with index in [8] are selected on object 'Object Repository/DispensaryToCms/Page_Dispensary Store/select_--Select--Schedule 1Inj'

2018-05-31 14:07:21 - [MESSAGE][PASSED] - All options with index in [8] are selected on object 'Object Repository/DispensaryToCms/Page_Dispensary Store/select_--Select--Schedule 1Inj'

2018-05-31 14:07:21 - [TEST_STEP][PASSED] - delay: Delayed 1 second(s)

2018-05-31 14:07:22 - [MESSAGE][PASSED] - Delayed 1 second(s)

2018-05-31 14:07:22 - [TEST_STEP][PASSED] - selectOptionByIndex: All options with index in [2] are selected on object 'Object Repository/DispensaryToCms/Page_Dispensary Store/select_--Select--Adernaline 0.'

2018-05-31 14:07:22 - [MESSAGE][PASSED] - All options with index in [2] are selected on object 'Object Repository/DispensaryToCms/Page_Dispensary Store/select_--Select--Adernaline 0.'

2018-05-31 14:07:22 - [TEST_STEP][PASSED] - setText: Text '100' is set on object 'Object Repository/DispensaryToCms/Page_Dispensary Store/input_txttreat'

2018-05-31 14:07:23 - [MESSAGE][PASSED] - Text '100' is set on object 'Object Repository/DispensaryToCms/Page_Dispensary Store/input_txttreat'

2018-05-31 14:07:23 - [TEST_STEP][PASSED] - click: Object: 'Object Repository/DispensaryToCms/Page_Dispensary Store/button_Add' is clicked on

2018-05-31 14:07:23 - [MESSAGE][PASSED] - Object: 'Object Repository/DispensaryToCms/Page_Dispensary Store/button_Add' is clicked on

2018-05-31 14:07:23 - [TEST_STEP][PASSED] - delay: Delayed 1 second(s)

2018-05-31 14:07:24 - [MESSAGE][PASSED] - Delayed 1 second(s)

2018-05-31 14:07:24 - [TEST_STEP][PASSED] - selectOptionByIndex: All options with index in [8] are selected on object 'Object Repository/DispensaryToCms/Page_Dispensary Store/select_--Select--Schedule 1Inj'

2018-05-31 14:07:24 - [MESSAGE][PASSED] - All options with index in [8] are selected on object 'Object Repository/DispensaryToCms/Page_Dispensary Store/select_--Select--Schedule 1Inj'

2018-05-31 14:07:24 - [TEST_STEP][PASSED] - delay: Delayed 1 second(s)

2018-05-31 14:07:25 - [MESSAGE][PASSED] - Delayed 1 second(s)

2018-05-31 14:07:25 - [TEST_STEP][PASSED] - selectOptionByIndex: All options with index in [3] are selected on object 'Object Repository/DispensaryToCms/Page_Dispensary Store/select_--Select--Adernaline 0.'

2018-05-31 14:07:25 - [MESSAGE][PASSED] - All options with index in [3] are selected on object 'Object Repository/DispensaryToCms/Page_Dispensary Store/select_--Select--Adernaline 0.'

2018-05-31 14:07:25 - [TEST_STEP][PASSED] - setText: Text '100' is set on object 'Object Repository/DispensaryToCms/Page_Dispensary Store/input_txttreat'

2018-05-31 14:07:25 - [MESSAGE][PASSED] - Text '100' is set on object 'Object Repository/DispensaryToCms/Page_Dispensary Store/input_txttreat'

2018-05-31 14:07:25 - [TEST_STEP][PASSED] - click: Object: 'Object Repository/DispensaryToCms/Page_Dispensary Store/button_Add' is clicked on

2018-05-31 14:07:25 - [MESSAGE][PASSED] - Object: 'Object Repository/DispensaryToCms/Page_Dispensary Store/button_Add' is clicked on

2018-05-31 14:07:25 - [TEST_STEP][PASSED] - delay: Delayed 1 second(s)

2018-05-31 14:07:26 - [MESSAGE][PASSED] - Delayed 1 second(s)

2018-05-31 14:07:26 - [TEST_STEP][PASSED] - selectOptionByIndex: All options with index in [8] are selected on object 'Object Repository/DispensaryToCms/Page_Dispensary Store/select_--Select--Schedule 1Inj'

2018-05-31 14:07:26 - [MESSAGE][PASSED] - All options with index in [8] are selected on object 'Object Repository/DispensaryToCms/Page_Dispensary Store/select_--Select--Schedule 1Inj'

2018-05-31 14:07:26 - [TEST_STEP][PASSED] - delay: Delayed 1 second(s)

2018-05-31 14:07:27 - [MESSAGE][PASSED] - Delayed 1 second(s)

2018-05-31 14:07:27 - [TEST_STEP][PASSED] - selectOptionByIndex: All options with index in [4] are selected on object 'Object Repository/DispensaryToCms/Page_Dispensary Store/select_--Select--Adernaline 0.'

2018-05-31 14:07:28 - [MESSAGE][PASSED] - All options with index in [4] are selected on object 'Object Repository/DispensaryToCms/Page_Dispensary Store/select_--Select--Adernaline 0.'

2018-05-31 14:07:28 - [TEST_STEP][PASSED] - setText: Text '100' is set on object 'Object Repository/DispensaryToCms/Page_Dispensary Store/input_txttreat'

2018-05-31 14:07:28 - [MESSAGE][PASSED] - Text '100' is set on object 'Object Repository/DispensaryToCms/Page_Dispensary Store/input_txttreat'

2018-05-31 14:07:28 - [TEST_STEP][PASSED] - click: Object: 'Object Repository/DispensaryToCms/Page_Dispensary Store/button_Add' is clicked on

2018-05-31 14:07:28 - [MESSAGE][PASSED] - Object: 'Object Repository/DispensaryToCms/Page_Dispensary Store/button_Add' is clicked on

2018-05-31 14:07:28 - [TEST_STEP][PASSED] - delay: Delayed 1 second(s)

2018-05-31 14:07:29 - [MESSAGE][PASSED] - Delayed 1 second(s)

2018-05-31 14:07:29 - [TEST_STEP][PASSED] - selectOptionByIndex: All options with index in [8] are selected on object 'Object Repository/DispensaryToCms/Page_Dispensary Store/select_--Select--Schedule 1Inj'

2018-05-31 14:07:29 - [MESSAGE][PASSED] - All options with index in [8] are selected on object 'Object Repository/DispensaryToCms/Page_Dispensary Store/select_--Select--Schedule 1Inj'

2018-05-31 14:07:29 - [TEST_STEP][PASSED] - delay: Delayed 1 second(s)

2018-05-31 14:07:30 - [MESSAGE][PASSED] - Delayed 1 second(s)

2018-05-31 14:07:30 - [TEST_STEP][PASSED] - selectOptionByIndex: All options with index in [5] are selected on object 'Object Repository/DispensaryToCms/Page_Dispensary Store/select_--Select--Adernaline 0.'

2018-05-31 14:07:30 - [MESSAGE][PASSED] - All options with index in [5] are selected on object 'Object Repository/DispensaryToCms/Page_Dispensary Store/select_--Select--Adernaline 0.'

2018-05-31 14:07:30 - [TEST_STEP][PASSED] - setText: Text '100' is set on object 'Object Repository/DispensaryToCms/Page_Dispensary Store/input_txttreat'

2018-05-31 14:07:30 - [MESSAGE][PASSED] - Text '100' is set on object 'Object Repository/DispensaryToCms/Page_Dispensary Store/input_txttreat'

2018-05-31 14:07:30 - [TEST_STEP][PASSED] - click: Object: 'Object Repository/DispensaryToCms/Page_Dispensary Store/button_Add' is clicked on

2018-05-31 14:07:30 - [MESSAGE][PASSED] - Object: 'Object Repository/DispensaryToCms/Page_Dispensary Store/button_Add' is clicked on

2018-05-31 14:07:30 - [TEST_STEP][PASSED] - delay: Delayed 1 second(s)

2018-05-31 14:07:31 - [MESSAGE][PASSED] - Delayed 1 second(s)

2018-05-31 14:07:31 - [TEST_STEP][PASSED] - selectOptionByIndex: All options with index in [8] are selected on object 'Object Repository/DispensaryToCms/Page_Dispensary Store/select_--Select--Schedule 1Inj'

2018-05-31 14:07:32 - [MESSAGE][PASSED] - All options with index in [8] are selected on object 'Object Repository/DispensaryToCms/Page_Dispensary Store/select_--Select--Schedule 1Inj'

2018-05-31 14:07:32 - [TEST_STEP][PASSED] - delay: Delayed 1 second(s)

2018-05-31 14:07:33 - [MESSAGE][PASSED] - Delayed 1 second(s)

2018-05-31 14:07:33 - [TEST_STEP][PASSED] - selectOptionByIndex: All options with index in [6] are selected on object 'Object Repository/DispensaryToCms/Page_Dispensary Store/select_--Select--Adernaline 0.'

2018-05-31 14:07:33 - [MESSAGE][PASSED] - All options with index in [6] are selected on object 'Object Repository/DispensaryToCms/Page_Dispensary Store/select_--Select--Adernaline 0.'

2018-05-31 14:07:33 - [TEST_STEP][PASSED] - setText: Text '100' is set on object 'Object Repository/DispensaryToCms/Page_Dispensary Store/input_txttreat'

2018-05-31 14:07:33 - [MESSAGE][PASSED] - Text '100' is set on object 'Object Repository/DispensaryToCms/Page_Dispensary Store/input_txttreat'

2018-05-31 14:07:33 - [TEST_STEP][PASSED] - click: Object: 'Object Repository/DispensaryToCms/Page_Dispensary Store/button_Add' is clicked on

2018-05-31 14:07:33 - [MESSAGE][PASSED] - Object: 'Object Repository/DispensaryToCms/Page_Dispensary Store/button_Add' is clicked on

2018-05-31 14:07:33 - [TEST_STEP][PASSED] - delay: Delayed 1 second(s)

2018-05-31 14:07:34 - [MESSAGE][PASSED] - Delayed 1 second(s)

2018-05-31 14:07:34 - [TEST_STEP][PASSED] - selectOptionByIndex: All options with index in [8] are selected on object 'Object Repository/DispensaryToCms/Page_Dispensary Store/select_--Select--Schedule 1Inj'

2018-05-31 14:07:34 - [MESSAGE][PASSED] - All options with index in [8] are selected on object 'Object Repository/DispensaryToCms/Page_Dispensary Store/select_--Select--Schedule 1Inj'

2018-05-31 14:07:34 - [TEST_STEP][PASSED] - delay: Delayed 1 second(s)

2018-05-31 14:07:35 - [MESSAGE][PASSED] - Delayed 1 second(s)

2018-05-31 14:07:35 - [TEST_STEP][PASSED] - selectOptionByIndex: All options with index in [7] are selected on object 'Object Repository/DispensaryToCms/Page_Dispensary Store/select_--Select--Adernaline 0.'

2018-05-31 14:07:35 - [MESSAGE][PASSED] - All options with index in [7] are selected on object 'Object Repository/DispensaryToCms/Page_Dispensary Store/select_--Select--Adernaline 0.'

2018-05-31 14:07:35 - [TEST_STEP][PASSED] - setText: Text '100' is set on object 'Object Repository/DispensaryToCms/Page_Dispensary Store/input_txttreat'

2018-05-31 14:07:36 - [MESSAGE][PASSED] - Text '100' is set on object 'Object Repository/DispensaryToCms/Page_Dispensary Store/input_txttreat'

2018-05-31 14:07:36 - [TEST_STEP][PASSED] - click: Object: 'Object Repository/DispensaryToCms/Page_Dispensary Store/button_Add' is clicked on

2018-05-31 14:07:36 - [MESSAGE][PASSED] - Object: 'Object Repository/DispensaryToCms/Page_Dispensary Store/button_Add' is clicked on

2018-05-31 14:07:36 - [TEST_STEP][PASSED] - delay: Delayed 1 second(s)

2018-05-31 14:07:37 - [MESSAGE][PASSED] - Delayed 1 second(s)

2018-05-31 14:07:37 - [TEST_STEP][PASSED] - selectOptionByIndex: All options with index in [8] are selected on object 'Object Repository/DispensaryToCms/Page_Dispensary Store/select_--Select--Schedule 1Inj'

2018-05-31 14:07:37 - [MESSAGE][PASSED] - All options with index in [8] are selected on object 'Object Repository/DispensaryToCms/Page_Dispensary Store/select_--Select--Schedule 1Inj'

2018-05-31 14:07:37 - [TEST_STEP][PASSED] - delay: Delayed 1 second(s)

2018-05-31 14:07:38 - [MESSAGE][PASSED] - Delayed 1 second(s)

2018-05-31 14:07:38 - [TEST_STEP][PASSED] - selectOptionByIndex: All options with index in [8] are selected on object 'Object Repository/DispensaryToCms/Page_Dispensary Store/select_--Select--Adernaline 0.'

2018-05-31 14:07:38 - [MESSAGE][PASSED] - All options with index in [8] are selected on object 'Object Repository/DispensaryToCms/Page_Dispensary Store/select_--Select--Adernaline 0.'

2018-05-31 14:07:38 - [TEST_STEP][PASSED] - setText: Text '100' is set on object 'Object Repository/DispensaryToCms/Page_Dispensary Store/input_txttreat'

2018-05-31 14:07:38 - [MESSAGE][PASSED] - Text '100' is set on object 'Object Repository/DispensaryToCms/Page_Dispensary Store/input_txttreat'

2018-05-31 14:07:38 - [TEST_STEP][PASSED] - click: Object: 'Object Repository/DispensaryToCms/Page_Dispensary Store/button_Add' is clicked on

2018-05-31 14:07:38 - [MESSAGE][PASSED] - Object: 'Object Repository/DispensaryToCms/Page_Dispensary Store/button_Add' is clicked on

2018-05-31 14:07:38 - [TEST_STEP][PASSED] - delay: Delayed 1 second(s)

2018-05-31 14:07:39 - [MESSAGE][PASSED] - Delayed 1 second(s)

2018-05-31 14:07:39 - [TEST_STEP][PASSED] - selectOptionByIndex: All options with index in [8] are selected on object 'Object Repository/DispensaryToCms/Page_Dispensary Store/select_--Select--Schedule 1Inj'

2018-05-31 14:07:39 - [MESSAGE][PASSED] - All options with index in [8] are selected on object 'Object Repository/DispensaryToCms/Page_Dispensary Store/select_--Select--Schedule 1Inj'

2018-05-31 14:07:39 - [TEST_STEP][PASSED] - delay: Delayed 1 second(s)

2018-05-31 14:07:40 - [MESSAGE][PASSED] - Delayed 1 second(s)

2018-05-31 14:07:40 - [TEST_STEP][PASSED] - selectOptionByIndex: All options with index in [9] are selected on object 'Object Repository/DispensaryToCms/Page_Dispensary Store/select_--Select--Adernaline 0.'

2018-05-31 14:07:41 - [MESSAGE][PASSED] - All options with index in [9] are selected on object 'Object Repository/DispensaryToCms/Page_Dispensary Store/select_--Select--Adernaline 0.'

2018-05-31 14:07:41 - [TEST_STEP][PASSED] - setText: Text '100' is set on object 'Object Repository/DispensaryToCms/Page_Dispensary Store/input_txttreat'

2018-05-31 14:07:41 - [MESSAGE][PASSED] - Text '100' is set on object 'Object Repository/DispensaryToCms/Page_Dispensary Store/input_txttreat'

2018-05-31 14:07:41 - [TEST_STEP][PASSED] - click: Object: 'Object Repository/DispensaryToCms/Page_Dispensary Store/button_Add' is clicked on

2018-05-31 14:07:41 - [MESSAGE][PASSED] - Object: 'Object Repository/DispensaryToCms/Page_Dispensary Store/button_Add' is clicked on

2018-05-31 14:07:41 - [TEST_STEP][PASSED] - delay: Delayed 1 second(s)

2018-05-31 14:07:42 - [MESSAGE][PASSED] - Delayed 1 second(s)

2018-05-31 14:07:42 - [TEST_STEP][PASSED] - selectOptionByIndex: All options with index in [8] are selected on object 'Object Repository/DispensaryToCms/Page_Dispensary Store/select_--Select--Schedule 1Inj'

2018-05-31 14:07:42 - [MESSAGE][PASSED] - All options with index in [8] are selected on object 'Object Repository/DispensaryToCms/Page_Dispensary Store/select_--Select--Schedule 1Inj'

2018-05-31 14:07:42 - [TEST_STEP][PASSED] - delay: Delayed 1 second(s)

2018-05-31 14:07:43 - [MESSAGE][PASSED] - Delayed 1 second(s)

2018-05-31 14:07:43 - [TEST_STEP][PASSED] - selectOptionByIndex: All options with index in [10] are selected on object 'Object Repository/DispensaryToCms/Page_Dispensary Store/select_--Select--Adernaline 0.'

2018-05-31 14:07:43 - [MESSAGE][PASSED] - All options with index in [10] are selected on object 'Object Repository/DispensaryToCms/Page_Dispensary Store/select_--Select--Adernaline 0.'

2018-05-31 14:07:43 - [TEST_STEP][PASSED] - setText: Text '100' is set on object 'Object Repository/DispensaryToCms/Page_Dispensary Store/input_txttreat'

2018-05-31 14:07:43 - [MESSAGE][PASSED] - Text '100' is set on object 'Object Repository/DispensaryToCms/Page_Dispensary Store/input_txttreat'

2018-05-31 14:07:43 - [TEST_STEP][PASSED] - click: Object: 'Object Repository/DispensaryToCms/Page_Dispensary Store/button_Add' is clicked on

2018-05-31 14:07:49 - [MESSAGE][PASSED] - Object: 'Object Repository/DispensaryToCms/Page_Dispensary Store/button_Add' is clicked on

2018-05-31 14:07:49 - [TEST_STEP][PASSED] - delay: Delayed 1 second(s)

2018-05-31 14:07:50 - [MESSAGE][PASSED] - Delayed 1 second(s)

2018-05-31 14:07:50 - [TEST_STEP][PASSED] - selectOptionByIndex: All options with index in [8] are selected on object 'Object Repository/DispensaryToCms/Page_Dispensary Store/select_--Select--Schedule 1Inj'

2018-05-31 14:07:50 - [MESSAGE][PASSED] - All options with index in [8] are selected on object 'Object Repository/DispensaryToCms/Page_Dispensary Store/select_--Select--Schedule 1Inj'

2018-05-31 14:07:50 - [TEST_STEP][PASSED] - delay: Delayed 1 second(s)

2018-05-31 14:07:51 - [MESSAGE][PASSED] - Delayed 1 second(s)

2018-05-31 14:07:51 - [TEST_STEP][PASSED] - selectOptionByIndex: All options with index in [11] are selected on object 'Object Repository/DispensaryToCms/Page_Dispensary Store/select_--Select--Adernaline 0.'

2018-05-31 14:07:51 - [MESSAGE][PASSED] - All options with index in [11] are selected on object 'Object Repository/DispensaryToCms/Page_Dispensary Store/select_--Select--Adernaline 0.'

2018-05-31 14:07:51 - [TEST_STEP][PASSED] - setText: Text '100' is set on object 'Object Repository/DispensaryToCms/Page_Dispensary Store/input_txttreat'

2018-05-31 14:07:51 - [MESSAGE][PASSED] - Text '100' is set on object 'Object Repository/DispensaryToCms/Page_Dispensary Store/input_txttreat'

2018-05-31 14:07:51 - [TEST_STEP][PASSED] - click: Object: 'Object Repository/DispensaryToCms/Page_Dispensary Store/button_Add' is clicked on

2018-05-31 14:07:56 - [MESSAGE][PASSED] - Object: 'Object Repository/DispensaryToCms/Page_Dispensary Store/button_Add' is clicked on

2018-05-31 14:07:56 - [TEST_STEP][PASSED] - delay: Delayed 1 second(s)

2018-05-31 14:07:57 - [MESSAGE][PASSED] - Delayed 1 second(s)

2018-05-31 14:07:57 - [TEST_STEP][PASSED] - selectOptionByIndex: All options with index in [8] are selected on object 'Object Repository/DispensaryToCms/Page_Dispensary Store/select_--Select--Schedule 1Inj'

2018-05-31 14:07:57 - [MESSAGE][PASSED] - All options with index in [8] are selected on object 'Object Repository/DispensaryToCms/Page_Dispensary Store/select_--Select--Schedule 1Inj'

2018-05-31 14:07:57 - [TEST_STEP][PASSED] - delay: Delayed 1 second(s)

2018-05-31 14:07:58 - [MESSAGE][PASSED] - Delayed 1 second(s)

2018-05-31 14:07:58 - [TEST_STEP][PASSED] - selectOptionByIndex: All options with index in [12] are selected on object 'Object Repository/DispensaryToCms/Page_Dispensary Store/select_--Select--Adernaline 0.'

2018-05-31 14:07:59 - [MESSAGE][PASSED] - All options with index in [12] are selected on object 'Object Repository/DispensaryToCms/Page_Dispensary Store/select_--Select--Adernaline 0.'

2018-05-31 14:07:59 - [TEST_STEP][PASSED] - setText: Text '100' is set on object 'Object Repository/DispensaryToCms/Page_Dispensary Store/input_txttreat'

2018-05-31 14:07:59 - [MESSAGE][PASSED] - Text '100' is set on object 'Object Repository/DispensaryToCms/Page_Dispensary Store/input_txttreat'

2018-05-31 14:07:59 - [TEST_STEP][PASSED] - click: Object: 'Object Repository/DispensaryToCms/Page_Dispensary Store/button_Add' is clicked on

2018-05-31 14:08:04 - [MESSAGE][PASSED] - Object: 'Object Repository/DispensaryToCms/Page_Dispensary Store/button_Add' is clicked on

2018-05-31 14:08:04 - [TEST_STEP][PASSED] - delay: Delayed 1 second(s)

2018-05-31 14:08:05 - [MESSAGE][PASSED] - Delayed 1 second(s)

2018-05-31 14:08:05 - [TEST_STEP][PASSED] - selectOptionByIndex: All options with index in [8] are selected on object 'Object Repository/DispensaryToCms/Page_Dispensary Store/select_--Select--Schedule 1Inj'

2018-05-31 14:08:05 - [MESSAGE][PASSED] - All options with index in [8] are selected on object 'Object Repository/DispensaryToCms/Page_Dispensary Store/select_--Select--Schedule 1Inj'

2018-05-31 14:08:05 - [TEST_STEP][PASSED] - delay: Delayed 1 second(s)

2018-05-31 14:08:06 - [MESSAGE][PASSED] - Delayed 1 second(s)

2018-05-31 14:08:06 - [TEST_STEP][PASSED] - selectOptionByIndex: All options with index in [13] are selected on object 'Object Repository/DispensaryToCms/Page_Dispensary Store/select_--Select--Adernaline 0.'

2018-05-31 14:08:06 - [MESSAGE][PASSED] - All options with index in [13] are selected on object 'Object Repository/DispensaryToCms/Page_Dispensary Store/select_--Select--Adernaline 0.'

2018-05-31 14:08:06 - [TEST_STEP][PASSED] - setText: Text '100' is set on object 'Object Repository/DispensaryToCms/Page_Dispensary Store/input_txttreat'

2018-05-31 14:08:06 - [MESSAGE][PASSED] - Text '100' is set on object 'Object Repository/DispensaryToCms/Page_Dispensary Store/input_txttreat'

2018-05-31 14:08:06 - [TEST_STEP][PASSED] - click: Object: 'Object Repository/DispensaryToCms/Page_Dispensary Store/button_Add' is clicked on

2018-05-31 14:08:12 - [MESSAGE][PASSED] - Object: 'Object Repository/DispensaryToCms/Page_Dispensary Store/button_Add' is clicked on

2018-05-31 14:08:12 - [TEST_STEP][PASSED] - delay: Delayed 1 second(s)

2018-05-31 14:08:13 - [MESSAGE][PASSED] - Delayed 1 second(s)

2018-05-31 14:08:13 - [TEST_STEP][PASSED] - selectOptionByIndex: All options with index in [8] are selected on object 'Object Repository/DispensaryToCms/Page_Dispensary Store/select_--Select--Schedule 1Inj'

2018-05-31 14:08:13 - [MESSAGE][PASSED] - All options with index in [8] are selected on object 'Object Repository/DispensaryToCms/Page_Dispensary Store/select_--Select--Schedule 1Inj'

2018-05-31 14:08:13 - [TEST_STEP][PASSED] - delay: Delayed 1 second(s)

2018-05-31 14:08:14 - [MESSAGE][PASSED] - Delayed 1 second(s)

2018-05-31 14:08:14 - [TEST_STEP][PASSED] - selectOptionByIndex: All options with index in [14] are selected on object 'Object Repository/DispensaryToCms/Page_Dispensary Store/select_--Select--Adernaline 0.'

2018-05-31 14:08:14 - [MESSAGE][PASSED] - All options with index in [14] are selected on object 'Object Repository/DispensaryToCms/Page_Dispensary Store/select_--Select--Adernaline 0.'

2018-05-31 14:08:14 - [TEST_STEP][PASSED] - setText: Text '100' is set on object 'Object Repository/DispensaryToCms/Page_Dispensary Store/input_txttreat'

2018-05-31 14:08:14 - [MESSAGE][PASSED] - Text '100' is set on object 'Object Repository/DispensaryToCms/Page_Dispensary Store/input_txttreat'

2018-05-31 14:08:14 - [TEST_STEP][PASSED] - click: Object: 'Object Repository/DispensaryToCms/Page_Dispensary Store/button_Add' is clicked on

2018-05-31 14:08:19 - [MESSAGE][PASSED] - Object: 'Object Repository/DispensaryToCms/Page_Dispensary Store/button_Add' is clicked on

2018-05-31 14:08:19 - [TEST_STEP][PASSED] - delay: Delayed 1 second(s)

2018-05-31 14:08:20 - [MESSAGE][PASSED] - Delayed 1 second(s)

2018-05-31 14:08:20 - [TEST_STEP][PASSED] - selectOptionByIndex: All options with index in [8] are selected on object 'Object Repository/DispensaryToCms/Page_Dispensary Store/select_--Select--Schedule 1Inj'

2018-05-31 14:08:20 - [MESSAGE][PASSED] - All options with index in [8] are selected on object 'Object Repository/DispensaryToCms/Page_Dispensary Store/select_--Select--Schedule 1Inj'

2018-05-31 14:08:20 - [TEST_STEP][PASSED] - delay: Delayed 1 second(s)

2018-05-31 14:08:21 - [MESSAGE][PASSED] - Delayed 1 second(s)

2018-05-31 14:08:21 - [TEST_STEP][PASSED] - selectOptionByIndex: All options with index in [15] are selected on object 'Object Repository/DispensaryToCms/Page_Dispensary Store/select_--Select--Adernaline 0.'

2018-05-31 14:08:22 - [MESSAGE][PASSED] - All options with index in [15] are selected on object 'Object Repository/DispensaryToCms/Page_Dispensary Store/select_--Select--Adernaline 0.'

2018-05-31 14:08:22 - [TEST_STEP][PASSED] - setText: Text '100' is set on object 'Object Repository/DispensaryToCms/Page_Dispensary Store/input_txttreat'

2018-05-31 14:08:22 - [MESSAGE][PASSED] - Text '100' is set on object 'Object Repository/DispensaryToCms/Page_Dispensary Store/input_txttreat'

2018-05-31 14:08:22 - [TEST_STEP][PASSED] - click: Object: 'Object Repository/DispensaryToCms/Page_Dispensary Store/button_Add' is clicked on

2018-05-31 14:08:27 - [MESSAGE][PASSED] - Object: 'Object Repository/DispensaryToCms/Page_Dispensary Store/button_Add' is clicked on

2018-05-31 14:08:27 - [TEST_STEP][PASSED] - delay: Delayed 1 second(s)

2018-05-31 14:08:28 - [MESSAGE][PASSED] - Delayed 1 second(s)

2018-05-31 14:08:28 - [TEST_STEP][PASSED] - selectOptionByIndex: All options with index in [8] are selected on object 'Object Repository/DispensaryToCms/Page_Dispensary Store/select_--Select--Schedule 1Inj'

2018-05-31 14:08:28 - [MESSAGE][PASSED] - All options with index in [8] are selected on object 'Object Repository/DispensaryToCms/Page_Dispensary Store/select_--Select--Schedule 1Inj'

2018-05-31 14:08:28 - [TEST_STEP][PASSED] - delay: Delayed 1 second(s)

2018-05-31 14:08:29 - [MESSAGE][PASSED] - Delayed 1 second(s)

2018-05-31 14:08:29 - [TEST_STEP][PASSED] - selectOptionByIndex: All options with index in [16] are selected on object 'Object Repository/DispensaryToCms/Page_Dispensary Store/select_--Select--Adernaline 0.'

2018-05-31 14:08:29 - [MESSAGE][PASSED] - All options with index in [16] are selected on object 'Object Repository/DispensaryToCms/Page_Dispensary Store/select_--Select--Adernaline 0.'

2018-05-31 14:08:29 - [TEST_STEP][PASSED] - setText: Text '100' is set on object 'Object Repository/DispensaryToCms/Page_Dispensary Store/input_txttreat'

2018-05-31 14:08:29 - [MESSAGE][PASSED] - Text '100' is set on object 'Object Repository/DispensaryToCms/Page_Dispensary Store/input_txttreat'

2018-05-31 14:08:29 - [TEST_STEP][PASSED] - click: Object: 'Object Repository/DispensaryToCms/Page_Dispensary Store/button_Add' is clicked on

2018-05-31 14:08:35 - [MESSAGE][PASSED] - Object: 'Object Repository/DispensaryToCms/Page_Dispensary Store/button_Add' is clicked on

2018-05-31 14:08:35 - [TEST_STEP][PASSED] - delay: Delayed 1 second(s)

2018-05-31 14:08:36 - [MESSAGE][PASSED] - Delayed 1 second(s)

2018-05-31 14:08:36 - [TEST_STEP][PASSED] - selectOptionByIndex: All options with index in [8] are selected on object 'Object Repository/DispensaryToCms/Page_Dispensary Store/select_--Select--Schedule 1Inj'

2018-05-31 14:08:36 - [MESSAGE][PASSED] - All options with index in [8] are selected on object 'Object Repository/DispensaryToCms/Page_Dispensary Store/select_--Select--Schedule 1Inj'

2018-05-31 14:08:36 - [TEST_STEP][PASSED] - delay: Delayed 1 second(s)

2018-05-31 14:08:37 - [MESSAGE][PASSED] - Delayed 1 second(s)

2018-05-31 14:08:37 - [TEST_STEP][PASSED] - selectOptionByIndex: All options with index in [17] are selected on object 'Object Repository/DispensaryToCms/Page_Dispensary Store/select_--Select--Adernaline 0.'

2018-05-31 14:08:37 - [MESSAGE][PASSED] - All options with index in [17] are selected on object 'Object Repository/DispensaryToCms/Page_Dispensary Store/select_--Select--Adernaline 0.'

2018-05-31 14:08:37 - [TEST_STEP][PASSED] - setText: Text '100' is set on object 'Object Repository/DispensaryToCms/Page_Dispensary Store/input_txttreat'

2018-05-31 14:08:37 - [MESSAGE][PASSED] - Text '100' is set on object 'Object Repository/DispensaryToCms/Page_Dispensary Store/input_txttreat'

2018-05-31 14:08:37 - [TEST_STEP][PASSED] - click: Object: 'Object Repository/DispensaryToCms/Page_Dispensary Store/button_Add' is clicked on

2018-05-31 14:08:42 - [MESSAGE][PASSED] - Object: 'Object Repository/DispensaryToCms/Page_Dispensary Store/button_Add' is clicked on

2018-05-31 14:08:42 - [TEST_STEP][PASSED] - delay: Delayed 1 second(s)

2018-05-31 14:08:43 - [MESSAGE][PASSED] - Delayed 1 second(s)

2018-05-31 14:08:43 - [TEST_STEP][PASSED] - scrollToElement: Scroll to object 'Object Repository/DispensaryToCms/Page_Dispensary Store/input_btnsave' successfully

2018-05-31 14:08:43 - [MESSAGE][PASSED] - Scroll to object 'Object Repository/DispensaryToCms/Page_Dispensary Store/input_btnsave' successfully

2018-05-31 14:08:43 - [TEST_STEP][PASSED] - click: Object: 'Object Repository/DispensaryToCms/Page_Dispensary Store/input_btnsave' is clicked on

2018-05-31 14:08:48 - [MESSAGE][PASSED] - Object: 'Object Repository/DispensaryToCms/Page_Dispensary Store/input_btnsave' is clicked on

2018-05-31 14:08:48 - [TEST_STEP][PASSED] - delay: Delayed 3 second(s)

2018-05-31 14:08:51 - [MESSAGE][PASSED] - Delayed 3 second(s)

2018-05-31 14:08:51 - [TEST_STEP][PASSED] - Statement - RN1 = com.kms.katalon.core.webui.keyword.WebUiBuiltInKeywords.getText(com.kms.katalon.core.testobject.ObjectRepository.findTestObject(DispensaryToCms/Page_Dispensary Store/font_PRNO18052018174)): Text of object 'Object Repository/DispensaryToCms/Page_Dispensary Store/font_PRNO18052018174' is: ''

2018-05-31 14:08:51 - [MESSAGE][PASSED] - Text of object 'Object Repository/DispensaryToCms/Page_Dispensary Store/font_PRNO18052018174' is: ''

2018-05-31 14:08:51 - [TEST_STEP][PASSED] - Statement - out.println(RN1): null

2018-05-31 14:08:51 - [TEST_STEP][PASSED] - Statement - RID = RN1.split("/")[2]: null]]></system-out>
         <system-err><![CDATA[2018-05-31 14:07:01 - [TEST_CASE][ERROR] - Test Cases/DISPENSARY TEST CASES/TC_DP_020 Verify Schedule 8 Dispensary To CMS Request Are Working Successfully Or Not: Test Cases/DISPENSARY TEST CASES/TC_DP_020 Verify Schedule 8 Dispensary To CMS Request Are Working Successfully Or Not FAILED because (of) java.lang.ArrayIndexOutOfBoundsException: 2]]></system-err>
      </testcase>
      <testcase name="Test Cases/DISPENSARY TEST CASES/TC_DP_021 Verify Schedule 9 Dispensary To CMS Request Are Working Successfully Or Not" classname="Test Cases/DISPENSARY TEST CASES/TC_DP_021 Verify Schedule 9 Dispensary To CMS Request Are Working Successfully Or Not" status="PASSED">
         <system-out><![CDATA[2018-05-31 14:08:51 - [TEST_CASE][PASSED] - Test Cases/DISPENSARY TEST CASES/TC_DP_021 Verify Schedule 9 Dispensary To CMS Request Are Working Successfully Or Not: Test Cases/DISPENSARY TEST CASES/TC_DP_021 Verify Schedule 9 Dispensary To CMS Request Are Working Successfully Or Not

2018-05-31 14:08:52 - [TEST_STEP][PASSED] - openBrowser: Browser is opened with url: ''

2018-05-31 14:08:52 - [MESSAGE][WARNING] - A browser is already opened. Closing browser and opening a new one

2018-05-31 14:08:54 - [MESSAGE][PASSED] - Browser is opened with url: ''

2018-05-31 14:08:54 - [TEST_STEP][PASSED] - navigateToUrl: Navigate to 'http://192.168.137.1/multihospital_new/HDSplashscreen.aspx' successfully

2018-05-31 14:08:58 - [MESSAGE][PASSED] - Navigate to 'http://192.168.137.1/multihospital_new/HDSplashscreen.aspx' successfully

2018-05-31 14:08:58 - [TEST_STEP][PASSED] - maximizeWindow: Current window maximized

2018-05-31 14:08:59 - [MESSAGE][PASSED] - Current window maximized

2018-05-31 14:08:59 - [TEST_STEP][PASSED] - click: Object: 'Object Repository/DispensaryToCms/Page_KDMC/a_Dispensary Store' is clicked on

2018-05-31 14:09:00 - [MESSAGE][PASSED] - Object: 'Object Repository/DispensaryToCms/Page_KDMC/a_Dispensary Store' is clicked on

2018-05-31 14:09:00 - [TEST_STEP][PASSED] - setText: Text 'rajaram' is set on object 'Object Repository/DispensaryToCms/Page_Dispensary Store Login/input_txtusername'

2018-05-31 14:09:00 - [MESSAGE][PASSED] - Text 'rajaram' is set on object 'Object Repository/DispensaryToCms/Page_Dispensary Store Login/input_txtusername'

2018-05-31 14:09:00 - [TEST_STEP][PASSED] - setText: Text '123' is set on object 'Object Repository/DispensaryToCms/Page_Dispensary Store Login/input_txtpassword'

2018-05-31 14:09:00 - [MESSAGE][PASSED] - Text '123' is set on object 'Object Repository/DispensaryToCms/Page_Dispensary Store Login/input_txtpassword'

2018-05-31 14:09:00 - [TEST_STEP][PASSED] - delay: Delayed 3 second(s)

2018-05-31 14:09:03 - [MESSAGE][PASSED] - Delayed 3 second(s)

2018-05-31 14:09:03 - [TEST_STEP][PASSED] - click: Object: 'Object Repository/DispensaryToCms/Page_Dispensary Store Login/button_Sign in' is clicked on

2018-05-31 14:09:04 - [MESSAGE][PASSED] - Object: 'Object Repository/DispensaryToCms/Page_Dispensary Store Login/button_Sign in' is clicked on

2018-05-31 14:09:04 - [TEST_STEP][PASSED] - delay: Delayed 3 second(s)

2018-05-31 14:09:07 - [MESSAGE][PASSED] - Delayed 3 second(s)

2018-05-31 14:09:07 - [TEST_STEP][PASSED] - click: Object: 'Object Repository/DispensaryToCms/Page_Dispensary Store/a_CMS' is clicked on

2018-05-31 14:09:08 - [MESSAGE][PASSED] - Object: 'Object Repository/DispensaryToCms/Page_Dispensary Store/a_CMS' is clicked on

2018-05-31 14:09:08 - [TEST_STEP][PASSED] - click: Object: 'Object Repository/DispensaryToCms/Page_Dispensary Store/a_Request Send' is clicked on

2018-05-31 14:09:08 - [MESSAGE][PASSED] - Object: 'Object Repository/DispensaryToCms/Page_Dispensary Store/a_Request Send' is clicked on

2018-05-31 14:09:08 - [TEST_STEP][PASSED] - delay: Delayed 2 second(s)

2018-05-31 14:09:10 - [MESSAGE][PASSED] - Delayed 2 second(s)

2018-05-31 14:09:10 - [TEST_STEP][PASSED] - selectOptionByIndex: All options with index in [2] are selected on object 'Object Repository/DispensaryToCms/Page_Dispensary Store/select_--Select--'

2018-05-31 14:09:10 - [MESSAGE][PASSED] - All options with index in [2] are selected on object 'Object Repository/DispensaryToCms/Page_Dispensary Store/select_--Select--'

2018-05-31 14:09:10 - [TEST_STEP][PASSED] - selectOptionByIndex: All options with index in [9] are selected on object 'Object Repository/DispensaryToCms/Page_Dispensary Store/select_--Select--Schedule 1Inj'

2018-05-31 14:09:11 - [MESSAGE][PASSED] - All options with index in [9] are selected on object 'Object Repository/DispensaryToCms/Page_Dispensary Store/select_--Select--Schedule 1Inj'

2018-05-31 14:09:11 - [TEST_STEP][PASSED] - Statement - medicineslength = com.kms.katalon.core.webui.keyword.WebUiBuiltInKeywords.getNumberOfTotalOption(com.kms.katalon.core.testobject.ObjectRepository.findTestObject(DispensaryToCms/Page_Dispensary Store/select_--Select--Adernaline 0.)): 36 options of object 'Object Repository/DispensaryToCms/Page_Dispensary Store/select_--Select--Adernaline 0.' counted

2018-05-31 14:09:11 - [MESSAGE][PASSED] - 36 options of object 'Object Repository/DispensaryToCms/Page_Dispensary Store/select_--Select--Adernaline 0.' counted

2018-05-31 14:09:11 - [TEST_STEP][PASSED] - Statement - For ([e = 1, e <= medicineslength - 1, (e++)]): Delayed 1 second(s)

2018-05-31 14:09:11 - [TEST_STEP][PASSED] - selectOptionByIndex: All options with index in [9] are selected on object 'Object Repository/DispensaryToCms/Page_Dispensary Store/select_--Select--Schedule 1Inj'

2018-05-31 14:09:11 - [MESSAGE][PASSED] - All options with index in [9] are selected on object 'Object Repository/DispensaryToCms/Page_Dispensary Store/select_--Select--Schedule 1Inj'

2018-05-31 14:09:11 - [TEST_STEP][PASSED] - delay: Delayed 1 second(s)

2018-05-31 14:09:12 - [MESSAGE][PASSED] - Delayed 1 second(s)

2018-05-31 14:09:12 - [TEST_STEP][PASSED] - selectOptionByIndex: All options with index in [1] are selected on object 'Object Repository/DispensaryToCms/Page_Dispensary Store/select_--Select--Adernaline 0.'

2018-05-31 14:09:12 - [MESSAGE][PASSED] - All options with index in [1] are selected on object 'Object Repository/DispensaryToCms/Page_Dispensary Store/select_--Select--Adernaline 0.'

2018-05-31 14:09:12 - [TEST_STEP][PASSED] - setText: Text '100' is set on object 'Object Repository/DispensaryToCms/Page_Dispensary Store/input_txttreat'

2018-05-31 14:09:12 - [MESSAGE][PASSED] - Text '100' is set on object 'Object Repository/DispensaryToCms/Page_Dispensary Store/input_txttreat'

2018-05-31 14:09:12 - [TEST_STEP][PASSED] - click: Object: 'Object Repository/DispensaryToCms/Page_Dispensary Store/button_Add' is clicked on

2018-05-31 14:09:12 - [MESSAGE][PASSED] - Object: 'Object Repository/DispensaryToCms/Page_Dispensary Store/button_Add' is clicked on

2018-05-31 14:09:12 - [TEST_STEP][PASSED] - delay: Delayed 1 second(s)

2018-05-31 14:09:13 - [MESSAGE][PASSED] - Delayed 1 second(s)

2018-05-31 14:09:13 - [TEST_STEP][PASSED] - selectOptionByIndex: All options with index in [9] are selected on object 'Object Repository/DispensaryToCms/Page_Dispensary Store/select_--Select--Schedule 1Inj'

2018-05-31 14:09:13 - [MESSAGE][PASSED] - All options with index in [9] are selected on object 'Object Repository/DispensaryToCms/Page_Dispensary Store/select_--Select--Schedule 1Inj'

2018-05-31 14:09:13 - [TEST_STEP][PASSED] - delay: Delayed 1 second(s)

2018-05-31 14:09:14 - [MESSAGE][PASSED] - Delayed 1 second(s)

2018-05-31 14:09:14 - [TEST_STEP][PASSED] - selectOptionByIndex: All options with index in [2] are selected on object 'Object Repository/DispensaryToCms/Page_Dispensary Store/select_--Select--Adernaline 0.'

2018-05-31 14:09:15 - [MESSAGE][PASSED] - All options with index in [2] are selected on object 'Object Repository/DispensaryToCms/Page_Dispensary Store/select_--Select--Adernaline 0.'

2018-05-31 14:09:15 - [TEST_STEP][PASSED] - setText: Text '100' is set on object 'Object Repository/DispensaryToCms/Page_Dispensary Store/input_txttreat'

2018-05-31 14:09:15 - [MESSAGE][PASSED] - Text '100' is set on object 'Object Repository/DispensaryToCms/Page_Dispensary Store/input_txttreat'

2018-05-31 14:09:15 - [TEST_STEP][PASSED] - click: Object: 'Object Repository/DispensaryToCms/Page_Dispensary Store/button_Add' is clicked on

2018-05-31 14:09:15 - [MESSAGE][PASSED] - Object: 'Object Repository/DispensaryToCms/Page_Dispensary Store/button_Add' is clicked on

2018-05-31 14:09:15 - [TEST_STEP][PASSED] - delay: Delayed 1 second(s)

2018-05-31 14:09:16 - [MESSAGE][PASSED] - Delayed 1 second(s)

2018-05-31 14:09:16 - [TEST_STEP][PASSED] - selectOptionByIndex: All options with index in [9] are selected on object 'Object Repository/DispensaryToCms/Page_Dispensary Store/select_--Select--Schedule 1Inj'

2018-05-31 14:09:16 - [MESSAGE][PASSED] - All options with index in [9] are selected on object 'Object Repository/DispensaryToCms/Page_Dispensary Store/select_--Select--Schedule 1Inj'

2018-05-31 14:09:16 - [TEST_STEP][PASSED] - delay: Delayed 1 second(s)

2018-05-31 14:09:17 - [MESSAGE][PASSED] - Delayed 1 second(s)

2018-05-31 14:09:17 - [TEST_STEP][PASSED] - selectOptionByIndex: All options with index in [3] are selected on object 'Object Repository/DispensaryToCms/Page_Dispensary Store/select_--Select--Adernaline 0.'

2018-05-31 14:09:17 - [MESSAGE][PASSED] - All options with index in [3] are selected on object 'Object Repository/DispensaryToCms/Page_Dispensary Store/select_--Select--Adernaline 0.'

2018-05-31 14:09:17 - [TEST_STEP][PASSED] - setText: Text '100' is set on object 'Object Repository/DispensaryToCms/Page_Dispensary Store/input_txttreat'

2018-05-31 14:09:17 - [MESSAGE][PASSED] - Text '100' is set on object 'Object Repository/DispensaryToCms/Page_Dispensary Store/input_txttreat'

2018-05-31 14:09:17 - [TEST_STEP][PASSED] - click: Object: 'Object Repository/DispensaryToCms/Page_Dispensary Store/button_Add' is clicked on

2018-05-31 14:09:17 - [MESSAGE][PASSED] - Object: 'Object Repository/DispensaryToCms/Page_Dispensary Store/button_Add' is clicked on

2018-05-31 14:09:17 - [TEST_STEP][PASSED] - delay: Delayed 1 second(s)

2018-05-31 14:09:18 - [MESSAGE][PASSED] - Delayed 1 second(s)

2018-05-31 14:09:18 - [TEST_STEP][PASSED] - selectOptionByIndex: All options with index in [9] are selected on object 'Object Repository/DispensaryToCms/Page_Dispensary Store/select_--Select--Schedule 1Inj'

2018-05-31 14:09:19 - [MESSAGE][PASSED] - All options with index in [9] are selected on object 'Object Repository/DispensaryToCms/Page_Dispensary Store/select_--Select--Schedule 1Inj'

2018-05-31 14:09:19 - [TEST_STEP][PASSED] - delay: Delayed 1 second(s)

2018-05-31 14:09:20 - [MESSAGE][PASSED] - Delayed 1 second(s)

2018-05-31 14:09:20 - [TEST_STEP][PASSED] - selectOptionByIndex: All options with index in [4] are selected on object 'Object Repository/DispensaryToCms/Page_Dispensary Store/select_--Select--Adernaline 0.'

2018-05-31 14:09:20 - [MESSAGE][PASSED] - All options with index in [4] are selected on object 'Object Repository/DispensaryToCms/Page_Dispensary Store/select_--Select--Adernaline 0.'

2018-05-31 14:09:20 - [TEST_STEP][PASSED] - setText: Text '100' is set on object 'Object Repository/DispensaryToCms/Page_Dispensary Store/input_txttreat'

2018-05-31 14:09:20 - [MESSAGE][PASSED] - Text '100' is set on object 'Object Repository/DispensaryToCms/Page_Dispensary Store/input_txttreat'

2018-05-31 14:09:20 - [TEST_STEP][PASSED] - click: Object: 'Object Repository/DispensaryToCms/Page_Dispensary Store/button_Add' is clicked on

2018-05-31 14:09:20 - [MESSAGE][PASSED] - Object: 'Object Repository/DispensaryToCms/Page_Dispensary Store/button_Add' is clicked on

2018-05-31 14:09:20 - [TEST_STEP][PASSED] - delay: Delayed 1 second(s)

2018-05-31 14:09:21 - [MESSAGE][PASSED] - Delayed 1 second(s)

2018-05-31 14:09:21 - [TEST_STEP][PASSED] - selectOptionByIndex: All options with index in [9] are selected on object 'Object Repository/DispensaryToCms/Page_Dispensary Store/select_--Select--Schedule 1Inj'

2018-05-31 14:09:21 - [MESSAGE][PASSED] - All options with index in [9] are selected on object 'Object Repository/DispensaryToCms/Page_Dispensary Store/select_--Select--Schedule 1Inj'

2018-05-31 14:09:21 - [TEST_STEP][PASSED] - delay: Delayed 1 second(s)

2018-05-31 14:09:22 - [MESSAGE][PASSED] - Delayed 1 second(s)

2018-05-31 14:09:22 - [TEST_STEP][PASSED] - selectOptionByIndex: All options with index in [5] are selected on object 'Object Repository/DispensaryToCms/Page_Dispensary Store/select_--Select--Adernaline 0.'

2018-05-31 14:09:22 - [MESSAGE][PASSED] - All options with index in [5] are selected on object 'Object Repository/DispensaryToCms/Page_Dispensary Store/select_--Select--Adernaline 0.'

2018-05-31 14:09:22 - [TEST_STEP][PASSED] - setText: Text '100' is set on object 'Object Repository/DispensaryToCms/Page_Dispensary Store/input_txttreat'

2018-05-31 14:09:22 - [MESSAGE][PASSED] - Text '100' is set on object 'Object Repository/DispensaryToCms/Page_Dispensary Store/input_txttreat'

2018-05-31 14:09:22 - [TEST_STEP][PASSED] - click: Object: 'Object Repository/DispensaryToCms/Page_Dispensary Store/button_Add' is clicked on

2018-05-31 14:09:22 - [MESSAGE][PASSED] - Object: 'Object Repository/DispensaryToCms/Page_Dispensary Store/button_Add' is clicked on

2018-05-31 14:09:22 - [TEST_STEP][PASSED] - delay: Delayed 1 second(s)

2018-05-31 14:09:23 - [MESSAGE][PASSED] - Delayed 1 second(s)

2018-05-31 14:09:23 - [TEST_STEP][PASSED] - selectOptionByIndex: All options with index in [9] are selected on object 'Object Repository/DispensaryToCms/Page_Dispensary Store/select_--Select--Schedule 1Inj'

2018-05-31 14:09:24 - [MESSAGE][PASSED] - All options with index in [9] are selected on object 'Object Repository/DispensaryToCms/Page_Dispensary Store/select_--Select--Schedule 1Inj'

2018-05-31 14:09:24 - [TEST_STEP][PASSED] - delay: Delayed 1 second(s)

2018-05-31 14:09:25 - [MESSAGE][PASSED] - Delayed 1 second(s)

2018-05-31 14:09:25 - [TEST_STEP][PASSED] - selectOptionByIndex: All options with index in [6] are selected on object 'Object Repository/DispensaryToCms/Page_Dispensary Store/select_--Select--Adernaline 0.'

2018-05-31 14:09:25 - [MESSAGE][PASSED] - All options with index in [6] are selected on object 'Object Repository/DispensaryToCms/Page_Dispensary Store/select_--Select--Adernaline 0.'

2018-05-31 14:09:25 - [TEST_STEP][PASSED] - setText: Text '100' is set on object 'Object Repository/DispensaryToCms/Page_Dispensary Store/input_txttreat'

2018-05-31 14:09:25 - [MESSAGE][PASSED] - Text '100' is set on object 'Object Repository/DispensaryToCms/Page_Dispensary Store/input_txttreat'

2018-05-31 14:09:25 - [TEST_STEP][PASSED] - click: Object: 'Object Repository/DispensaryToCms/Page_Dispensary Store/button_Add' is clicked on

2018-05-31 14:09:25 - [MESSAGE][PASSED] - Object: 'Object Repository/DispensaryToCms/Page_Dispensary Store/button_Add' is clicked on

2018-05-31 14:09:25 - [TEST_STEP][PASSED] - delay: Delayed 1 second(s)

2018-05-31 14:09:26 - [MESSAGE][PASSED] - Delayed 1 second(s)

2018-05-31 14:09:26 - [TEST_STEP][PASSED] - selectOptionByIndex: All options with index in [9] are selected on object 'Object Repository/DispensaryToCms/Page_Dispensary Store/select_--Select--Schedule 1Inj'

2018-05-31 14:09:26 - [MESSAGE][PASSED] - All options with index in [9] are selected on object 'Object Repository/DispensaryToCms/Page_Dispensary Store/select_--Select--Schedule 1Inj'

2018-05-31 14:09:26 - [TEST_STEP][PASSED] - delay: Delayed 1 second(s)

2018-05-31 14:09:27 - [MESSAGE][PASSED] - Delayed 1 second(s)

2018-05-31 14:09:27 - [TEST_STEP][PASSED] - selectOptionByIndex: All options with index in [7] are selected on object 'Object Repository/DispensaryToCms/Page_Dispensary Store/select_--Select--Adernaline 0.'

2018-05-31 14:09:28 - [MESSAGE][PASSED] - All options with index in [7] are selected on object 'Object Repository/DispensaryToCms/Page_Dispensary Store/select_--Select--Adernaline 0.'

2018-05-31 14:09:28 - [TEST_STEP][PASSED] - setText: Text '100' is set on object 'Object Repository/DispensaryToCms/Page_Dispensary Store/input_txttreat'

2018-05-31 14:09:28 - [MESSAGE][PASSED] - Text '100' is set on object 'Object Repository/DispensaryToCms/Page_Dispensary Store/input_txttreat'

2018-05-31 14:09:28 - [TEST_STEP][PASSED] - click: Object: 'Object Repository/DispensaryToCms/Page_Dispensary Store/button_Add' is clicked on

2018-05-31 14:09:28 - [MESSAGE][PASSED] - Object: 'Object Repository/DispensaryToCms/Page_Dispensary Store/button_Add' is clicked on

2018-05-31 14:09:28 - [TEST_STEP][PASSED] - delay: Delayed 1 second(s)

2018-05-31 14:09:29 - [MESSAGE][PASSED] - Delayed 1 second(s)

2018-05-31 14:09:29 - [TEST_STEP][PASSED] - selectOptionByIndex: All options with index in [9] are selected on object 'Object Repository/DispensaryToCms/Page_Dispensary Store/select_--Select--Schedule 1Inj'

2018-05-31 14:09:29 - [MESSAGE][PASSED] - All options with index in [9] are selected on object 'Object Repository/DispensaryToCms/Page_Dispensary Store/select_--Select--Schedule 1Inj'

2018-05-31 14:09:29 - [TEST_STEP][PASSED] - delay: Delayed 1 second(s)

2018-05-31 14:09:30 - [MESSAGE][PASSED] - Delayed 1 second(s)

2018-05-31 14:09:30 - [TEST_STEP][PASSED] - selectOptionByIndex: All options with index in [8] are selected on object 'Object Repository/DispensaryToCms/Page_Dispensary Store/select_--Select--Adernaline 0.'

2018-05-31 14:09:30 - [MESSAGE][PASSED] - All options with index in [8] are selected on object 'Object Repository/DispensaryToCms/Page_Dispensary Store/select_--Select--Adernaline 0.'

2018-05-31 14:09:30 - [TEST_STEP][PASSED] - setText: Text '100' is set on object 'Object Repository/DispensaryToCms/Page_Dispensary Store/input_txttreat'

2018-05-31 14:09:30 - [MESSAGE][PASSED] - Text '100' is set on object 'Object Repository/DispensaryToCms/Page_Dispensary Store/input_txttreat'

2018-05-31 14:09:30 - [TEST_STEP][PASSED] - click: Object: 'Object Repository/DispensaryToCms/Page_Dispensary Store/button_Add' is clicked on

2018-05-31 14:09:30 - [MESSAGE][PASSED] - Object: 'Object Repository/DispensaryToCms/Page_Dispensary Store/button_Add' is clicked on

2018-05-31 14:09:30 - [TEST_STEP][PASSED] - delay: Delayed 1 second(s)

2018-05-31 14:09:31 - [MESSAGE][PASSED] - Delayed 1 second(s)

2018-05-31 14:09:31 - [TEST_STEP][PASSED] - selectOptionByIndex: All options with index in [9] are selected on object 'Object Repository/DispensaryToCms/Page_Dispensary Store/select_--Select--Schedule 1Inj'

2018-05-31 14:09:32 - [MESSAGE][PASSED] - All options with index in [9] are selected on object 'Object Repository/DispensaryToCms/Page_Dispensary Store/select_--Select--Schedule 1Inj'

2018-05-31 14:09:32 - [TEST_STEP][PASSED] - delay: Delayed 1 second(s)

2018-05-31 14:09:33 - [MESSAGE][PASSED] - Delayed 1 second(s)

2018-05-31 14:09:33 - [TEST_STEP][PASSED] - selectOptionByIndex: All options with index in [9] are selected on object 'Object Repository/DispensaryToCms/Page_Dispensary Store/select_--Select--Adernaline 0.'

2018-05-31 14:09:33 - [MESSAGE][PASSED] - All options with index in [9] are selected on object 'Object Repository/DispensaryToCms/Page_Dispensary Store/select_--Select--Adernaline 0.'

2018-05-31 14:09:33 - [TEST_STEP][PASSED] - setText: Text '100' is set on object 'Object Repository/DispensaryToCms/Page_Dispensary Store/input_txttreat'

2018-05-31 14:09:33 - [MESSAGE][PASSED] - Text '100' is set on object 'Object Repository/DispensaryToCms/Page_Dispensary Store/input_txttreat'

2018-05-31 14:09:33 - [TEST_STEP][PASSED] - click: Object: 'Object Repository/DispensaryToCms/Page_Dispensary Store/button_Add' is clicked on

2018-05-31 14:09:33 - [MESSAGE][PASSED] - Object: 'Object Repository/DispensaryToCms/Page_Dispensary Store/button_Add' is clicked on

2018-05-31 14:09:33 - [TEST_STEP][PASSED] - delay: Delayed 1 second(s)

2018-05-31 14:09:34 - [MESSAGE][PASSED] - Delayed 1 second(s)

2018-05-31 14:09:34 - [TEST_STEP][PASSED] - selectOptionByIndex: All options with index in [9] are selected on object 'Object Repository/DispensaryToCms/Page_Dispensary Store/select_--Select--Schedule 1Inj'

2018-05-31 14:09:34 - [MESSAGE][PASSED] - All options with index in [9] are selected on object 'Object Repository/DispensaryToCms/Page_Dispensary Store/select_--Select--Schedule 1Inj'

2018-05-31 14:09:34 - [TEST_STEP][PASSED] - delay: Delayed 1 second(s)

2018-05-31 14:09:35 - [MESSAGE][PASSED] - Delayed 1 second(s)

2018-05-31 14:09:35 - [TEST_STEP][PASSED] - selectOptionByIndex: All options with index in [10] are selected on object 'Object Repository/DispensaryToCms/Page_Dispensary Store/select_--Select--Adernaline 0.'

2018-05-31 14:09:36 - [MESSAGE][PASSED] - All options with index in [10] are selected on object 'Object Repository/DispensaryToCms/Page_Dispensary Store/select_--Select--Adernaline 0.'

2018-05-31 14:09:36 - [TEST_STEP][PASSED] - setText: Text '100' is set on object 'Object Repository/DispensaryToCms/Page_Dispensary Store/input_txttreat'

2018-05-31 14:09:36 - [MESSAGE][PASSED] - Text '100' is set on object 'Object Repository/DispensaryToCms/Page_Dispensary Store/input_txttreat'

2018-05-31 14:09:36 - [TEST_STEP][PASSED] - click: Object: 'Object Repository/DispensaryToCms/Page_Dispensary Store/button_Add' is clicked on

2018-05-31 14:09:36 - [MESSAGE][PASSED] - Object: 'Object Repository/DispensaryToCms/Page_Dispensary Store/button_Add' is clicked on

2018-05-31 14:09:36 - [TEST_STEP][PASSED] - delay: Delayed 1 second(s)

2018-05-31 14:09:37 - [MESSAGE][PASSED] - Delayed 1 second(s)

2018-05-31 14:09:37 - [TEST_STEP][PASSED] - selectOptionByIndex: All options with index in [9] are selected on object 'Object Repository/DispensaryToCms/Page_Dispensary Store/select_--Select--Schedule 1Inj'

2018-05-31 14:09:37 - [MESSAGE][PASSED] - All options with index in [9] are selected on object 'Object Repository/DispensaryToCms/Page_Dispensary Store/select_--Select--Schedule 1Inj'

2018-05-31 14:09:37 - [TEST_STEP][PASSED] - delay: Delayed 1 second(s)

2018-05-31 14:09:38 - [MESSAGE][PASSED] - Delayed 1 second(s)

2018-05-31 14:09:38 - [TEST_STEP][PASSED] - selectOptionByIndex: All options with index in [11] are selected on object 'Object Repository/DispensaryToCms/Page_Dispensary Store/select_--Select--Adernaline 0.'

2018-05-31 14:09:38 - [MESSAGE][PASSED] - All options with index in [11] are selected on object 'Object Repository/DispensaryToCms/Page_Dispensary Store/select_--Select--Adernaline 0.'

2018-05-31 14:09:38 - [TEST_STEP][PASSED] - setText: Text '100' is set on object 'Object Repository/DispensaryToCms/Page_Dispensary Store/input_txttreat'

2018-05-31 14:09:38 - [MESSAGE][PASSED] - Text '100' is set on object 'Object Repository/DispensaryToCms/Page_Dispensary Store/input_txttreat'

2018-05-31 14:09:38 - [TEST_STEP][PASSED] - click: Object: 'Object Repository/DispensaryToCms/Page_Dispensary Store/button_Add' is clicked on

2018-05-31 14:09:38 - [MESSAGE][PASSED] - Object: 'Object Repository/DispensaryToCms/Page_Dispensary Store/button_Add' is clicked on

2018-05-31 14:09:38 - [TEST_STEP][PASSED] - delay: Delayed 1 second(s)

2018-05-31 14:09:39 - [MESSAGE][PASSED] - Delayed 1 second(s)

2018-05-31 14:09:39 - [TEST_STEP][PASSED] - selectOptionByIndex: All options with index in [9] are selected on object 'Object Repository/DispensaryToCms/Page_Dispensary Store/select_--Select--Schedule 1Inj'

2018-05-31 14:09:40 - [MESSAGE][PASSED] - All options with index in [9] are selected on object 'Object Repository/DispensaryToCms/Page_Dispensary Store/select_--Select--Schedule 1Inj'

2018-05-31 14:09:40 - [TEST_STEP][PASSED] - delay: Delayed 1 second(s)

2018-05-31 14:09:41 - [MESSAGE][PASSED] - Delayed 1 second(s)

2018-05-31 14:09:41 - [TEST_STEP][PASSED] - selectOptionByIndex: All options with index in [12] are selected on object 'Object Repository/DispensaryToCms/Page_Dispensary Store/select_--Select--Adernaline 0.'

2018-05-31 14:09:41 - [MESSAGE][PASSED] - All options with index in [12] are selected on object 'Object Repository/DispensaryToCms/Page_Dispensary Store/select_--Select--Adernaline 0.'

2018-05-31 14:09:41 - [TEST_STEP][PASSED] - setText: Text '100' is set on object 'Object Repository/DispensaryToCms/Page_Dispensary Store/input_txttreat'

2018-05-31 14:09:41 - [MESSAGE][PASSED] - Text '100' is set on object 'Object Repository/DispensaryToCms/Page_Dispensary Store/input_txttreat'

2018-05-31 14:09:41 - [TEST_STEP][PASSED] - click: Object: 'Object Repository/DispensaryToCms/Page_Dispensary Store/button_Add' is clicked on

2018-05-31 14:09:41 - [MESSAGE][PASSED] - Object: 'Object Repository/DispensaryToCms/Page_Dispensary Store/button_Add' is clicked on

2018-05-31 14:09:41 - [TEST_STEP][PASSED] - delay: Delayed 1 second(s)

2018-05-31 14:09:42 - [MESSAGE][PASSED] - Delayed 1 second(s)

2018-05-31 14:09:42 - [TEST_STEP][PASSED] - selectOptionByIndex: All options with index in [9] are selected on object 'Object Repository/DispensaryToCms/Page_Dispensary Store/select_--Select--Schedule 1Inj'

2018-05-31 14:09:42 - [MESSAGE][PASSED] - All options with index in [9] are selected on object 'Object Repository/DispensaryToCms/Page_Dispensary Store/select_--Select--Schedule 1Inj'

2018-05-31 14:09:42 - [TEST_STEP][PASSED] - delay: Delayed 1 second(s)

2018-05-31 14:09:43 - [MESSAGE][PASSED] - Delayed 1 second(s)

2018-05-31 14:09:43 - [TEST_STEP][PASSED] - selectOptionByIndex: All options with index in [13] are selected on object 'Object Repository/DispensaryToCms/Page_Dispensary Store/select_--Select--Adernaline 0.'

2018-05-31 14:09:44 - [MESSAGE][PASSED] - All options with index in [13] are selected on object 'Object Repository/DispensaryToCms/Page_Dispensary Store/select_--Select--Adernaline 0.'

2018-05-31 14:09:44 - [TEST_STEP][PASSED] - setText: Text '100' is set on object 'Object Repository/DispensaryToCms/Page_Dispensary Store/input_txttreat'

2018-05-31 14:09:44 - [MESSAGE][PASSED] - Text '100' is set on object 'Object Repository/DispensaryToCms/Page_Dispensary Store/input_txttreat'

2018-05-31 14:09:44 - [TEST_STEP][PASSED] - click: Object: 'Object Repository/DispensaryToCms/Page_Dispensary Store/button_Add' is clicked on

2018-05-31 14:09:44 - [MESSAGE][PASSED] - Object: 'Object Repository/DispensaryToCms/Page_Dispensary Store/button_Add' is clicked on

2018-05-31 14:09:44 - [TEST_STEP][PASSED] - delay: Delayed 1 second(s)

2018-05-31 14:09:45 - [MESSAGE][PASSED] - Delayed 1 second(s)

2018-05-31 14:09:45 - [TEST_STEP][PASSED] - selectOptionByIndex: All options with index in [9] are selected on object 'Object Repository/DispensaryToCms/Page_Dispensary Store/select_--Select--Schedule 1Inj'

2018-05-31 14:09:45 - [MESSAGE][PASSED] - All options with index in [9] are selected on object 'Object Repository/DispensaryToCms/Page_Dispensary Store/select_--Select--Schedule 1Inj'

2018-05-31 14:09:45 - [TEST_STEP][PASSED] - delay: Delayed 1 second(s)

2018-05-31 14:09:46 - [MESSAGE][PASSED] - Delayed 1 second(s)

2018-05-31 14:09:46 - [TEST_STEP][PASSED] - selectOptionByIndex: All options with index in [14] are selected on object 'Object Repository/DispensaryToCms/Page_Dispensary Store/select_--Select--Adernaline 0.'

2018-05-31 14:09:46 - [MESSAGE][PASSED] - All options with index in [14] are selected on object 'Object Repository/DispensaryToCms/Page_Dispensary Store/select_--Select--Adernaline 0.'

2018-05-31 14:09:46 - [TEST_STEP][PASSED] - setText: Text '100' is set on object 'Object Repository/DispensaryToCms/Page_Dispensary Store/input_txttreat'

2018-05-31 14:09:46 - [MESSAGE][PASSED] - Text '100' is set on object 'Object Repository/DispensaryToCms/Page_Dispensary Store/input_txttreat'

2018-05-31 14:09:46 - [TEST_STEP][PASSED] - click: Object: 'Object Repository/DispensaryToCms/Page_Dispensary Store/button_Add' is clicked on

2018-05-31 14:09:46 - [MESSAGE][PASSED] - Object: 'Object Repository/DispensaryToCms/Page_Dispensary Store/button_Add' is clicked on

2018-05-31 14:09:46 - [TEST_STEP][PASSED] - delay: Delayed 1 second(s)

2018-05-31 14:09:47 - [MESSAGE][PASSED] - Delayed 1 second(s)

2018-05-31 14:09:47 - [TEST_STEP][PASSED] - selectOptionByIndex: All options with index in [9] are selected on object 'Object Repository/DispensaryToCms/Page_Dispensary Store/select_--Select--Schedule 1Inj'

2018-05-31 14:09:48 - [MESSAGE][PASSED] - All options with index in [9] are selected on object 'Object Repository/DispensaryToCms/Page_Dispensary Store/select_--Select--Schedule 1Inj'

2018-05-31 14:09:48 - [TEST_STEP][PASSED] - delay: Delayed 1 second(s)

2018-05-31 14:09:49 - [MESSAGE][PASSED] - Delayed 1 second(s)

2018-05-31 14:09:49 - [TEST_STEP][PASSED] - selectOptionByIndex: All options with index in [15] are selected on object 'Object Repository/DispensaryToCms/Page_Dispensary Store/select_--Select--Adernaline 0.'

2018-05-31 14:09:49 - [MESSAGE][PASSED] - All options with index in [15] are selected on object 'Object Repository/DispensaryToCms/Page_Dispensary Store/select_--Select--Adernaline 0.'

2018-05-31 14:09:49 - [TEST_STEP][PASSED] - setText: Text '100' is set on object 'Object Repository/DispensaryToCms/Page_Dispensary Store/input_txttreat'

2018-05-31 14:09:49 - [MESSAGE][PASSED] - Text '100' is set on object 'Object Repository/DispensaryToCms/Page_Dispensary Store/input_txttreat'

2018-05-31 14:09:49 - [TEST_STEP][PASSED] - click: Object: 'Object Repository/DispensaryToCms/Page_Dispensary Store/button_Add' is clicked on

2018-05-31 14:09:49 - [MESSAGE][PASSED] - Object: 'Object Repository/DispensaryToCms/Page_Dispensary Store/button_Add' is clicked on

2018-05-31 14:09:49 - [TEST_STEP][PASSED] - delay: Delayed 1 second(s)

2018-05-31 14:09:50 - [MESSAGE][PASSED] - Delayed 1 second(s)

2018-05-31 14:09:50 - [TEST_STEP][PASSED] - selectOptionByIndex: All options with index in [9] are selected on object 'Object Repository/DispensaryToCms/Page_Dispensary Store/select_--Select--Schedule 1Inj'

2018-05-31 14:09:50 - [MESSAGE][PASSED] - All options with index in [9] are selected on object 'Object Repository/DispensaryToCms/Page_Dispensary Store/select_--Select--Schedule 1Inj'

2018-05-31 14:09:50 - [TEST_STEP][PASSED] - delay: Delayed 1 second(s)

2018-05-31 14:09:51 - [MESSAGE][PASSED] - Delayed 1 second(s)

2018-05-31 14:09:51 - [TEST_STEP][PASSED] - selectOptionByIndex: All options with index in [16] are selected on object 'Object Repository/DispensaryToCms/Page_Dispensary Store/select_--Select--Adernaline 0.'

2018-05-31 14:09:52 - [MESSAGE][PASSED] - All options with index in [16] are selected on object 'Object Repository/DispensaryToCms/Page_Dispensary Store/select_--Select--Adernaline 0.'

2018-05-31 14:09:52 - [TEST_STEP][PASSED] - setText: Text '100' is set on object 'Object Repository/DispensaryToCms/Page_Dispensary Store/input_txttreat'

2018-05-31 14:09:52 - [MESSAGE][PASSED] - Text '100' is set on object 'Object Repository/DispensaryToCms/Page_Dispensary Store/input_txttreat'

2018-05-31 14:09:52 - [TEST_STEP][PASSED] - click: Object: 'Object Repository/DispensaryToCms/Page_Dispensary Store/button_Add' is clicked on

2018-05-31 14:09:52 - [MESSAGE][PASSED] - Object: 'Object Repository/DispensaryToCms/Page_Dispensary Store/button_Add' is clicked on

2018-05-31 14:09:52 - [TEST_STEP][PASSED] - delay: Delayed 1 second(s)

2018-05-31 14:09:53 - [MESSAGE][PASSED] - Delayed 1 second(s)

2018-05-31 14:09:53 - [TEST_STEP][PASSED] - selectOptionByIndex: All options with index in [9] are selected on object 'Object Repository/DispensaryToCms/Page_Dispensary Store/select_--Select--Schedule 1Inj'

2018-05-31 14:09:53 - [MESSAGE][PASSED] - All options with index in [9] are selected on object 'Object Repository/DispensaryToCms/Page_Dispensary Store/select_--Select--Schedule 1Inj'

2018-05-31 14:09:53 - [TEST_STEP][PASSED] - delay: Delayed 1 second(s)

2018-05-31 14:09:54 - [MESSAGE][PASSED] - Delayed 1 second(s)

2018-05-31 14:09:54 - [TEST_STEP][PASSED] - selectOptionByIndex: All options with index in [17] are selected on object 'Object Repository/DispensaryToCms/Page_Dispensary Store/select_--Select--Adernaline 0.'

2018-05-31 14:09:54 - [MESSAGE][PASSED] - All options with index in [17] are selected on object 'Object Repository/DispensaryToCms/Page_Dispensary Store/select_--Select--Adernaline 0.'

2018-05-31 14:09:54 - [TEST_STEP][PASSED] - setText: Text '100' is set on object 'Object Repository/DispensaryToCms/Page_Dispensary Store/input_txttreat'

2018-05-31 14:09:54 - [MESSAGE][PASSED] - Text '100' is set on object 'Object Repository/DispensaryToCms/Page_Dispensary Store/input_txttreat'

2018-05-31 14:09:54 - [TEST_STEP][PASSED] - click: Object: 'Object Repository/DispensaryToCms/Page_Dispensary Store/button_Add' is clicked on

2018-05-31 14:09:54 - [MESSAGE][PASSED] - Object: 'Object Repository/DispensaryToCms/Page_Dispensary Store/button_Add' is clicked on

2018-05-31 14:09:54 - [TEST_STEP][PASSED] - delay: Delayed 1 second(s)

2018-05-31 14:09:55 - [MESSAGE][PASSED] - Delayed 1 second(s)

2018-05-31 14:09:55 - [TEST_STEP][PASSED] - selectOptionByIndex: All options with index in [9] are selected on object 'Object Repository/DispensaryToCms/Page_Dispensary Store/select_--Select--Schedule 1Inj'

2018-05-31 14:09:56 - [MESSAGE][PASSED] - All options with index in [9] are selected on object 'Object Repository/DispensaryToCms/Page_Dispensary Store/select_--Select--Schedule 1Inj'

2018-05-31 14:09:56 - [TEST_STEP][PASSED] - delay: Delayed 1 second(s)

2018-05-31 14:09:57 - [MESSAGE][PASSED] - Delayed 1 second(s)

2018-05-31 14:09:57 - [TEST_STEP][PASSED] - selectOptionByIndex: All options with index in [18] are selected on object 'Object Repository/DispensaryToCms/Page_Dispensary Store/select_--Select--Adernaline 0.'

2018-05-31 14:09:57 - [MESSAGE][PASSED] - All options with index in [18] are selected on object 'Object Repository/DispensaryToCms/Page_Dispensary Store/select_--Select--Adernaline 0.'

2018-05-31 14:09:57 - [TEST_STEP][PASSED] - setText: Text '100' is set on object 'Object Repository/DispensaryToCms/Page_Dispensary Store/input_txttreat'

2018-05-31 14:09:57 - [MESSAGE][PASSED] - Text '100' is set on object 'Object Repository/DispensaryToCms/Page_Dispensary Store/input_txttreat'

2018-05-31 14:09:57 - [TEST_STEP][PASSED] - click: Object: 'Object Repository/DispensaryToCms/Page_Dispensary Store/button_Add' is clicked on

2018-05-31 14:09:57 - [MESSAGE][PASSED] - Object: 'Object Repository/DispensaryToCms/Page_Dispensary Store/button_Add' is clicked on

2018-05-31 14:09:57 - [TEST_STEP][PASSED] - delay: Delayed 1 second(s)

2018-05-31 14:09:58 - [MESSAGE][PASSED] - Delayed 1 second(s)

2018-05-31 14:09:58 - [TEST_STEP][PASSED] - selectOptionByIndex: All options with index in [9] are selected on object 'Object Repository/DispensaryToCms/Page_Dispensary Store/select_--Select--Schedule 1Inj'

2018-05-31 14:09:58 - [MESSAGE][PASSED] - All options with index in [9] are selected on object 'Object Repository/DispensaryToCms/Page_Dispensary Store/select_--Select--Schedule 1Inj'

2018-05-31 14:09:58 - [TEST_STEP][PASSED] - delay: Delayed 1 second(s)

2018-05-31 14:09:59 - [MESSAGE][PASSED] - Delayed 1 second(s)

2018-05-31 14:09:59 - [TEST_STEP][PASSED] - selectOptionByIndex: All options with index in [19] are selected on object 'Object Repository/DispensaryToCms/Page_Dispensary Store/select_--Select--Adernaline 0.'

2018-05-31 14:10:00 - [MESSAGE][PASSED] - All options with index in [19] are selected on object 'Object Repository/DispensaryToCms/Page_Dispensary Store/select_--Select--Adernaline 0.'

2018-05-31 14:10:00 - [TEST_STEP][PASSED] - setText: Text '100' is set on object 'Object Repository/DispensaryToCms/Page_Dispensary Store/input_txttreat'

2018-05-31 14:10:00 - [MESSAGE][PASSED] - Text '100' is set on object 'Object Repository/DispensaryToCms/Page_Dispensary Store/input_txttreat'

2018-05-31 14:10:00 - [TEST_STEP][PASSED] - click: Object: 'Object Repository/DispensaryToCms/Page_Dispensary Store/button_Add' is clicked on

2018-05-31 14:10:00 - [MESSAGE][PASSED] - Object: 'Object Repository/DispensaryToCms/Page_Dispensary Store/button_Add' is clicked on

2018-05-31 14:10:00 - [TEST_STEP][PASSED] - delay: Delayed 1 second(s)

2018-05-31 14:10:01 - [MESSAGE][PASSED] - Delayed 1 second(s)

2018-05-31 14:10:01 - [TEST_STEP][PASSED] - selectOptionByIndex: All options with index in [9] are selected on object 'Object Repository/DispensaryToCms/Page_Dispensary Store/select_--Select--Schedule 1Inj'

2018-05-31 14:10:01 - [MESSAGE][PASSED] - All options with index in [9] are selected on object 'Object Repository/DispensaryToCms/Page_Dispensary Store/select_--Select--Schedule 1Inj'

2018-05-31 14:10:01 - [TEST_STEP][PASSED] - delay: Delayed 1 second(s)

2018-05-31 14:10:02 - [MESSAGE][PASSED] - Delayed 1 second(s)

2018-05-31 14:10:02 - [TEST_STEP][PASSED] - selectOptionByIndex: All options with index in [20] are selected on object 'Object Repository/DispensaryToCms/Page_Dispensary Store/select_--Select--Adernaline 0.'

2018-05-31 14:10:02 - [MESSAGE][PASSED] - All options with index in [20] are selected on object 'Object Repository/DispensaryToCms/Page_Dispensary Store/select_--Select--Adernaline 0.'

2018-05-31 14:10:02 - [TEST_STEP][PASSED] - setText: Text '100' is set on object 'Object Repository/DispensaryToCms/Page_Dispensary Store/input_txttreat'

2018-05-31 14:10:02 - [MESSAGE][PASSED] - Text '100' is set on object 'Object Repository/DispensaryToCms/Page_Dispensary Store/input_txttreat'

2018-05-31 14:10:02 - [TEST_STEP][PASSED] - click: Object: 'Object Repository/DispensaryToCms/Page_Dispensary Store/button_Add' is clicked on

2018-05-31 14:10:03 - [MESSAGE][PASSED] - Object: 'Object Repository/DispensaryToCms/Page_Dispensary Store/button_Add' is clicked on

2018-05-31 14:10:03 - [TEST_STEP][PASSED] - delay: Delayed 1 second(s)

2018-05-31 14:10:04 - [MESSAGE][PASSED] - Delayed 1 second(s)

2018-05-31 14:10:04 - [TEST_STEP][PASSED] - selectOptionByIndex: All options with index in [9] are selected on object 'Object Repository/DispensaryToCms/Page_Dispensary Store/select_--Select--Schedule 1Inj'

2018-05-31 14:10:04 - [MESSAGE][PASSED] - All options with index in [9] are selected on object 'Object Repository/DispensaryToCms/Page_Dispensary Store/select_--Select--Schedule 1Inj'

2018-05-31 14:10:04 - [TEST_STEP][PASSED] - delay: Delayed 1 second(s)

2018-05-31 14:10:05 - [MESSAGE][PASSED] - Delayed 1 second(s)

2018-05-31 14:10:05 - [TEST_STEP][PASSED] - selectOptionByIndex: All options with index in [21] are selected on object 'Object Repository/DispensaryToCms/Page_Dispensary Store/select_--Select--Adernaline 0.'

2018-05-31 14:10:05 - [MESSAGE][PASSED] - All options with index in [21] are selected on object 'Object Repository/DispensaryToCms/Page_Dispensary Store/select_--Select--Adernaline 0.'

2018-05-31 14:10:05 - [TEST_STEP][PASSED] - setText: Text '100' is set on object 'Object Repository/DispensaryToCms/Page_Dispensary Store/input_txttreat'

2018-05-31 14:10:05 - [MESSAGE][PASSED] - Text '100' is set on object 'Object Repository/DispensaryToCms/Page_Dispensary Store/input_txttreat'

2018-05-31 14:10:05 - [TEST_STEP][PASSED] - click: Object: 'Object Repository/DispensaryToCms/Page_Dispensary Store/button_Add' is clicked on

2018-05-31 14:10:05 - [MESSAGE][PASSED] - Object: 'Object Repository/DispensaryToCms/Page_Dispensary Store/button_Add' is clicked on

2018-05-31 14:10:05 - [TEST_STEP][PASSED] - delay: Delayed 1 second(s)

2018-05-31 14:10:06 - [MESSAGE][PASSED] - Delayed 1 second(s)

2018-05-31 14:10:06 - [TEST_STEP][PASSED] - selectOptionByIndex: All options with index in [9] are selected on object 'Object Repository/DispensaryToCms/Page_Dispensary Store/select_--Select--Schedule 1Inj'

2018-05-31 14:10:07 - [MESSAGE][PASSED] - All options with index in [9] are selected on object 'Object Repository/DispensaryToCms/Page_Dispensary Store/select_--Select--Schedule 1Inj'

2018-05-31 14:10:07 - [TEST_STEP][PASSED] - delay: Delayed 1 second(s)

2018-05-31 14:10:08 - [MESSAGE][PASSED] - Delayed 1 second(s)

2018-05-31 14:10:08 - [TEST_STEP][PASSED] - selectOptionByIndex: All options with index in [22] are selected on object 'Object Repository/DispensaryToCms/Page_Dispensary Store/select_--Select--Adernaline 0.'

2018-05-31 14:10:08 - [MESSAGE][PASSED] - All options with index in [22] are selected on object 'Object Repository/DispensaryToCms/Page_Dispensary Store/select_--Select--Adernaline 0.'

2018-05-31 14:10:08 - [TEST_STEP][PASSED] - setText: Text '100' is set on object 'Object Repository/DispensaryToCms/Page_Dispensary Store/input_txttreat'

2018-05-31 14:10:08 - [MESSAGE][PASSED] - Text '100' is set on object 'Object Repository/DispensaryToCms/Page_Dispensary Store/input_txttreat'

2018-05-31 14:10:08 - [TEST_STEP][PASSED] - click: Object: 'Object Repository/DispensaryToCms/Page_Dispensary Store/button_Add' is clicked on

2018-05-31 14:10:08 - [MESSAGE][PASSED] - Object: 'Object Repository/DispensaryToCms/Page_Dispensary Store/button_Add' is clicked on

2018-05-31 14:10:08 - [TEST_STEP][PASSED] - delay: Delayed 1 second(s)

2018-05-31 14:10:09 - [MESSAGE][PASSED] - Delayed 1 second(s)

2018-05-31 14:10:09 - [TEST_STEP][PASSED] - selectOptionByIndex: All options with index in [9] are selected on object 'Object Repository/DispensaryToCms/Page_Dispensary Store/select_--Select--Schedule 1Inj'

2018-05-31 14:10:09 - [MESSAGE][PASSED] - All options with index in [9] are selected on object 'Object Repository/DispensaryToCms/Page_Dispensary Store/select_--Select--Schedule 1Inj'

2018-05-31 14:10:09 - [TEST_STEP][PASSED] - delay: Delayed 1 second(s)

2018-05-31 14:10:10 - [MESSAGE][PASSED] - Delayed 1 second(s)

2018-05-31 14:10:10 - [TEST_STEP][PASSED] - selectOptionByIndex: All options with index in [23] are selected on object 'Object Repository/DispensaryToCms/Page_Dispensary Store/select_--Select--Adernaline 0.'

2018-05-31 14:10:11 - [MESSAGE][PASSED] - All options with index in [23] are selected on object 'Object Repository/DispensaryToCms/Page_Dispensary Store/select_--Select--Adernaline 0.'

2018-05-31 14:10:11 - [TEST_STEP][PASSED] - setText: Text '100' is set on object 'Object Repository/DispensaryToCms/Page_Dispensary Store/input_txttreat'

2018-05-31 14:10:11 - [MESSAGE][PASSED] - Text '100' is set on object 'Object Repository/DispensaryToCms/Page_Dispensary Store/input_txttreat'

2018-05-31 14:10:11 - [TEST_STEP][PASSED] - click: Object: 'Object Repository/DispensaryToCms/Page_Dispensary Store/button_Add' is clicked on

2018-05-31 14:10:11 - [MESSAGE][PASSED] - Object: 'Object Repository/DispensaryToCms/Page_Dispensary Store/button_Add' is clicked on

2018-05-31 14:10:11 - [TEST_STEP][PASSED] - delay: Delayed 1 second(s)

2018-05-31 14:10:12 - [MESSAGE][PASSED] - Delayed 1 second(s)

2018-05-31 14:10:12 - [TEST_STEP][PASSED] - selectOptionByIndex: All options with index in [9] are selected on object 'Object Repository/DispensaryToCms/Page_Dispensary Store/select_--Select--Schedule 1Inj'

2018-05-31 14:10:12 - [MESSAGE][PASSED] - All options with index in [9] are selected on object 'Object Repository/DispensaryToCms/Page_Dispensary Store/select_--Select--Schedule 1Inj'

2018-05-31 14:10:12 - [TEST_STEP][PASSED] - delay: Delayed 1 second(s)

2018-05-31 14:10:13 - [MESSAGE][PASSED] - Delayed 1 second(s)

2018-05-31 14:10:13 - [TEST_STEP][PASSED] - selectOptionByIndex: All options with index in [24] are selected on object 'Object Repository/DispensaryToCms/Page_Dispensary Store/select_--Select--Adernaline 0.'

2018-05-31 14:10:13 - [MESSAGE][PASSED] - All options with index in [24] are selected on object 'Object Repository/DispensaryToCms/Page_Dispensary Store/select_--Select--Adernaline 0.'

2018-05-31 14:10:13 - [TEST_STEP][PASSED] - setText: Text '100' is set on object 'Object Repository/DispensaryToCms/Page_Dispensary Store/input_txttreat'

2018-05-31 14:10:14 - [MESSAGE][PASSED] - Text '100' is set on object 'Object Repository/DispensaryToCms/Page_Dispensary Store/input_txttreat'

2018-05-31 14:10:14 - [TEST_STEP][PASSED] - click: Object: 'Object Repository/DispensaryToCms/Page_Dispensary Store/button_Add' is clicked on

2018-05-31 14:10:14 - [MESSAGE][PASSED] - Object: 'Object Repository/DispensaryToCms/Page_Dispensary Store/button_Add' is clicked on

2018-05-31 14:10:14 - [TEST_STEP][PASSED] - delay: Delayed 1 second(s)

2018-05-31 14:10:15 - [MESSAGE][PASSED] - Delayed 1 second(s)

2018-05-31 14:10:15 - [TEST_STEP][PASSED] - selectOptionByIndex: All options with index in [9] are selected on object 'Object Repository/DispensaryToCms/Page_Dispensary Store/select_--Select--Schedule 1Inj'

2018-05-31 14:10:15 - [MESSAGE][PASSED] - All options with index in [9] are selected on object 'Object Repository/DispensaryToCms/Page_Dispensary Store/select_--Select--Schedule 1Inj'

2018-05-31 14:10:15 - [TEST_STEP][PASSED] - delay: Delayed 1 second(s)

2018-05-31 14:10:16 - [MESSAGE][PASSED] - Delayed 1 second(s)

2018-05-31 14:10:16 - [TEST_STEP][PASSED] - selectOptionByIndex: All options with index in [25] are selected on object 'Object Repository/DispensaryToCms/Page_Dispensary Store/select_--Select--Adernaline 0.'

2018-05-31 14:10:16 - [MESSAGE][PASSED] - All options with index in [25] are selected on object 'Object Repository/DispensaryToCms/Page_Dispensary Store/select_--Select--Adernaline 0.'

2018-05-31 14:10:16 - [TEST_STEP][PASSED] - setText: Text '100' is set on object 'Object Repository/DispensaryToCms/Page_Dispensary Store/input_txttreat'

2018-05-31 14:10:16 - [MESSAGE][PASSED] - Text '100' is set on object 'Object Repository/DispensaryToCms/Page_Dispensary Store/input_txttreat'

2018-05-31 14:10:16 - [TEST_STEP][PASSED] - click: Object: 'Object Repository/DispensaryToCms/Page_Dispensary Store/button_Add' is clicked on

2018-05-31 14:10:16 - [MESSAGE][PASSED] - Object: 'Object Repository/DispensaryToCms/Page_Dispensary Store/button_Add' is clicked on

2018-05-31 14:10:16 - [TEST_STEP][PASSED] - delay: Delayed 1 second(s)

2018-05-31 14:10:17 - [MESSAGE][PASSED] - Delayed 1 second(s)

2018-05-31 14:10:17 - [TEST_STEP][PASSED] - selectOptionByIndex: All options with index in [9] are selected on object 'Object Repository/DispensaryToCms/Page_Dispensary Store/select_--Select--Schedule 1Inj'

2018-05-31 14:10:18 - [MESSAGE][PASSED] - All options with index in [9] are selected on object 'Object Repository/DispensaryToCms/Page_Dispensary Store/select_--Select--Schedule 1Inj'

2018-05-31 14:10:18 - [TEST_STEP][PASSED] - delay: Delayed 1 second(s)

2018-05-31 14:10:19 - [MESSAGE][PASSED] - Delayed 1 second(s)

2018-05-31 14:10:19 - [TEST_STEP][PASSED] - selectOptionByIndex: All options with index in [26] are selected on object 'Object Repository/DispensaryToCms/Page_Dispensary Store/select_--Select--Adernaline 0.'

2018-05-31 14:10:19 - [MESSAGE][PASSED] - All options with index in [26] are selected on object 'Object Repository/DispensaryToCms/Page_Dispensary Store/select_--Select--Adernaline 0.'

2018-05-31 14:10:19 - [TEST_STEP][PASSED] - setText: Text '100' is set on object 'Object Repository/DispensaryToCms/Page_Dispensary Store/input_txttreat'

2018-05-31 14:10:19 - [MESSAGE][PASSED] - Text '100' is set on object 'Object Repository/DispensaryToCms/Page_Dispensary Store/input_txttreat'

2018-05-31 14:10:19 - [TEST_STEP][PASSED] - click: Object: 'Object Repository/DispensaryToCms/Page_Dispensary Store/button_Add' is clicked on

2018-05-31 14:10:19 - [MESSAGE][PASSED] - Object: 'Object Repository/DispensaryToCms/Page_Dispensary Store/button_Add' is clicked on

2018-05-31 14:10:19 - [TEST_STEP][PASSED] - delay: Delayed 1 second(s)

2018-05-31 14:10:20 - [MESSAGE][PASSED] - Delayed 1 second(s)

2018-05-31 14:10:20 - [TEST_STEP][PASSED] - selectOptionByIndex: All options with index in [9] are selected on object 'Object Repository/DispensaryToCms/Page_Dispensary Store/select_--Select--Schedule 1Inj'

2018-05-31 14:10:20 - [MESSAGE][PASSED] - All options with index in [9] are selected on object 'Object Repository/DispensaryToCms/Page_Dispensary Store/select_--Select--Schedule 1Inj'

2018-05-31 14:10:20 - [TEST_STEP][PASSED] - delay: Delayed 1 second(s)

2018-05-31 14:10:21 - [MESSAGE][PASSED] - Delayed 1 second(s)

2018-05-31 14:10:21 - [TEST_STEP][PASSED] - selectOptionByIndex: All options with index in [27] are selected on object 'Object Repository/DispensaryToCms/Page_Dispensary Store/select_--Select--Adernaline 0.'

2018-05-31 14:10:22 - [MESSAGE][PASSED] - All options with index in [27] are selected on object 'Object Repository/DispensaryToCms/Page_Dispensary Store/select_--Select--Adernaline 0.'

2018-05-31 14:10:22 - [TEST_STEP][PASSED] - setText: Text '100' is set on object 'Object Repository/DispensaryToCms/Page_Dispensary Store/input_txttreat'

2018-05-31 14:10:22 - [MESSAGE][PASSED] - Text '100' is set on object 'Object Repository/DispensaryToCms/Page_Dispensary Store/input_txttreat'

2018-05-31 14:10:22 - [TEST_STEP][PASSED] - click: Object: 'Object Repository/DispensaryToCms/Page_Dispensary Store/button_Add' is clicked on

2018-05-31 14:10:22 - [MESSAGE][PASSED] - Object: 'Object Repository/DispensaryToCms/Page_Dispensary Store/button_Add' is clicked on

2018-05-31 14:10:22 - [TEST_STEP][PASSED] - delay: Delayed 1 second(s)

2018-05-31 14:10:23 - [MESSAGE][PASSED] - Delayed 1 second(s)

2018-05-31 14:10:23 - [TEST_STEP][PASSED] - selectOptionByIndex: All options with index in [9] are selected on object 'Object Repository/DispensaryToCms/Page_Dispensary Store/select_--Select--Schedule 1Inj'

2018-05-31 14:10:23 - [MESSAGE][PASSED] - All options with index in [9] are selected on object 'Object Repository/DispensaryToCms/Page_Dispensary Store/select_--Select--Schedule 1Inj'

2018-05-31 14:10:23 - [TEST_STEP][PASSED] - delay: Delayed 1 second(s)

2018-05-31 14:10:24 - [MESSAGE][PASSED] - Delayed 1 second(s)

2018-05-31 14:10:24 - [TEST_STEP][PASSED] - selectOptionByIndex: All options with index in [28] are selected on object 'Object Repository/DispensaryToCms/Page_Dispensary Store/select_--Select--Adernaline 0.'

2018-05-31 14:10:25 - [MESSAGE][PASSED] - All options with index in [28] are selected on object 'Object Repository/DispensaryToCms/Page_Dispensary Store/select_--Select--Adernaline 0.'

2018-05-31 14:10:25 - [TEST_STEP][PASSED] - setText: Text '100' is set on object 'Object Repository/DispensaryToCms/Page_Dispensary Store/input_txttreat'

2018-05-31 14:10:25 - [MESSAGE][PASSED] - Text '100' is set on object 'Object Repository/DispensaryToCms/Page_Dispensary Store/input_txttreat'

2018-05-31 14:10:25 - [TEST_STEP][PASSED] - click: Object: 'Object Repository/DispensaryToCms/Page_Dispensary Store/button_Add' is clicked on

2018-05-31 14:10:25 - [MESSAGE][PASSED] - Object: 'Object Repository/DispensaryToCms/Page_Dispensary Store/button_Add' is clicked on

2018-05-31 14:10:25 - [TEST_STEP][PASSED] - delay: Delayed 1 second(s)

2018-05-31 14:10:26 - [MESSAGE][PASSED] - Delayed 1 second(s)

2018-05-31 14:10:26 - [TEST_STEP][PASSED] - selectOptionByIndex: All options with index in [9] are selected on object 'Object Repository/DispensaryToCms/Page_Dispensary Store/select_--Select--Schedule 1Inj'

2018-05-31 14:10:26 - [MESSAGE][PASSED] - All options with index in [9] are selected on object 'Object Repository/DispensaryToCms/Page_Dispensary Store/select_--Select--Schedule 1Inj'

2018-05-31 14:10:26 - [TEST_STEP][PASSED] - delay: Delayed 1 second(s)

2018-05-31 14:10:27 - [MESSAGE][PASSED] - Delayed 1 second(s)

2018-05-31 14:10:27 - [TEST_STEP][PASSED] - selectOptionByIndex: All options with index in [29] are selected on object 'Object Repository/DispensaryToCms/Page_Dispensary Store/select_--Select--Adernaline 0.'

2018-05-31 14:10:27 - [MESSAGE][PASSED] - All options with index in [29] are selected on object 'Object Repository/DispensaryToCms/Page_Dispensary Store/select_--Select--Adernaline 0.'

2018-05-31 14:10:27 - [TEST_STEP][PASSED] - setText: Text '100' is set on object 'Object Repository/DispensaryToCms/Page_Dispensary Store/input_txttreat'

2018-05-31 14:10:28 - [MESSAGE][PASSED] - Text '100' is set on object 'Object Repository/DispensaryToCms/Page_Dispensary Store/input_txttreat'

2018-05-31 14:10:28 - [TEST_STEP][PASSED] - click: Object: 'Object Repository/DispensaryToCms/Page_Dispensary Store/button_Add' is clicked on

2018-05-31 14:10:28 - [MESSAGE][PASSED] - Object: 'Object Repository/DispensaryToCms/Page_Dispensary Store/button_Add' is clicked on

2018-05-31 14:10:28 - [TEST_STEP][PASSED] - delay: Delayed 1 second(s)

2018-05-31 14:10:29 - [MESSAGE][PASSED] - Delayed 1 second(s)

2018-05-31 14:10:29 - [TEST_STEP][PASSED] - selectOptionByIndex: All options with index in [9] are selected on object 'Object Repository/DispensaryToCms/Page_Dispensary Store/select_--Select--Schedule 1Inj'

2018-05-31 14:10:29 - [MESSAGE][PASSED] - All options with index in [9] are selected on object 'Object Repository/DispensaryToCms/Page_Dispensary Store/select_--Select--Schedule 1Inj'

2018-05-31 14:10:29 - [TEST_STEP][PASSED] - delay: Delayed 1 second(s)

2018-05-31 14:10:30 - [MESSAGE][PASSED] - Delayed 1 second(s)

2018-05-31 14:10:30 - [TEST_STEP][PASSED] - selectOptionByIndex: All options with index in [30] are selected on object 'Object Repository/DispensaryToCms/Page_Dispensary Store/select_--Select--Adernaline 0.'

2018-05-31 14:10:30 - [MESSAGE][PASSED] - All options with index in [30] are selected on object 'Object Repository/DispensaryToCms/Page_Dispensary Store/select_--Select--Adernaline 0.'

2018-05-31 14:10:30 - [TEST_STEP][PASSED] - setText: Text '100' is set on object 'Object Repository/DispensaryToCms/Page_Dispensary Store/input_txttreat'

2018-05-31 14:10:30 - [MESSAGE][PASSED] - Text '100' is set on object 'Object Repository/DispensaryToCms/Page_Dispensary Store/input_txttreat'

2018-05-31 14:10:30 - [TEST_STEP][PASSED] - click: Object: 'Object Repository/DispensaryToCms/Page_Dispensary Store/button_Add' is clicked on

2018-05-31 14:10:30 - [MESSAGE][PASSED] - Object: 'Object Repository/DispensaryToCms/Page_Dispensary Store/button_Add' is clicked on

2018-05-31 14:10:30 - [TEST_STEP][PASSED] - delay: Delayed 1 second(s)

2018-05-31 14:10:31 - [MESSAGE][PASSED] - Delayed 1 second(s)

2018-05-31 14:10:31 - [TEST_STEP][PASSED] - selectOptionByIndex: All options with index in [9] are selected on object 'Object Repository/DispensaryToCms/Page_Dispensary Store/select_--Select--Schedule 1Inj'

2018-05-31 14:10:32 - [MESSAGE][PASSED] - All options with index in [9] are selected on object 'Object Repository/DispensaryToCms/Page_Dispensary Store/select_--Select--Schedule 1Inj'

2018-05-31 14:10:32 - [TEST_STEP][PASSED] - delay: Delayed 1 second(s)

2018-05-31 14:10:33 - [MESSAGE][PASSED] - Delayed 1 second(s)

2018-05-31 14:10:33 - [TEST_STEP][PASSED] - selectOptionByIndex: All options with index in [31] are selected on object 'Object Repository/DispensaryToCms/Page_Dispensary Store/select_--Select--Adernaline 0.'

2018-05-31 14:10:33 - [MESSAGE][PASSED] - All options with index in [31] are selected on object 'Object Repository/DispensaryToCms/Page_Dispensary Store/select_--Select--Adernaline 0.'

2018-05-31 14:10:33 - [TEST_STEP][PASSED] - setText: Text '100' is set on object 'Object Repository/DispensaryToCms/Page_Dispensary Store/input_txttreat'

2018-05-31 14:10:33 - [MESSAGE][PASSED] - Text '100' is set on object 'Object Repository/DispensaryToCms/Page_Dispensary Store/input_txttreat'

2018-05-31 14:10:33 - [TEST_STEP][PASSED] - click: Object: 'Object Repository/DispensaryToCms/Page_Dispensary Store/button_Add' is clicked on

2018-05-31 14:10:33 - [MESSAGE][PASSED] - Object: 'Object Repository/DispensaryToCms/Page_Dispensary Store/button_Add' is clicked on

2018-05-31 14:10:33 - [TEST_STEP][PASSED] - delay: Delayed 1 second(s)

2018-05-31 14:10:34 - [MESSAGE][PASSED] - Delayed 1 second(s)

2018-05-31 14:10:34 - [TEST_STEP][PASSED] - selectOptionByIndex: All options with index in [9] are selected on object 'Object Repository/DispensaryToCms/Page_Dispensary Store/select_--Select--Schedule 1Inj'

2018-05-31 14:10:34 - [MESSAGE][PASSED] - All options with index in [9] are selected on object 'Object Repository/DispensaryToCms/Page_Dispensary Store/select_--Select--Schedule 1Inj'

2018-05-31 14:10:34 - [TEST_STEP][PASSED] - delay: Delayed 1 second(s)

2018-05-31 14:10:35 - [MESSAGE][PASSED] - Delayed 1 second(s)

2018-05-31 14:10:35 - [TEST_STEP][PASSED] - selectOptionByIndex: All options with index in [32] are selected on object 'Object Repository/DispensaryToCms/Page_Dispensary Store/select_--Select--Adernaline 0.'

2018-05-31 14:10:36 - [MESSAGE][PASSED] - All options with index in [32] are selected on object 'Object Repository/DispensaryToCms/Page_Dispensary Store/select_--Select--Adernaline 0.'

2018-05-31 14:10:36 - [TEST_STEP][PASSED] - setText: Text '100' is set on object 'Object Repository/DispensaryToCms/Page_Dispensary Store/input_txttreat'

2018-05-31 14:10:36 - [MESSAGE][PASSED] - Text '100' is set on object 'Object Repository/DispensaryToCms/Page_Dispensary Store/input_txttreat'

2018-05-31 14:10:36 - [TEST_STEP][PASSED] - click: Object: 'Object Repository/DispensaryToCms/Page_Dispensary Store/button_Add' is clicked on

2018-05-31 14:10:36 - [MESSAGE][PASSED] - Object: 'Object Repository/DispensaryToCms/Page_Dispensary Store/button_Add' is clicked on

2018-05-31 14:10:36 - [TEST_STEP][PASSED] - delay: Delayed 1 second(s)

2018-05-31 14:10:37 - [MESSAGE][PASSED] - Delayed 1 second(s)

2018-05-31 14:10:37 - [TEST_STEP][PASSED] - selectOptionByIndex: All options with index in [9] are selected on object 'Object Repository/DispensaryToCms/Page_Dispensary Store/select_--Select--Schedule 1Inj'

2018-05-31 14:10:37 - [MESSAGE][PASSED] - All options with index in [9] are selected on object 'Object Repository/DispensaryToCms/Page_Dispensary Store/select_--Select--Schedule 1Inj'

2018-05-31 14:10:37 - [TEST_STEP][PASSED] - delay: Delayed 1 second(s)

2018-05-31 14:10:38 - [MESSAGE][PASSED] - Delayed 1 second(s)

2018-05-31 14:10:38 - [TEST_STEP][PASSED] - selectOptionByIndex: All options with index in [33] are selected on object 'Object Repository/DispensaryToCms/Page_Dispensary Store/select_--Select--Adernaline 0.'

2018-05-31 14:10:39 - [MESSAGE][PASSED] - All options with index in [33] are selected on object 'Object Repository/DispensaryToCms/Page_Dispensary Store/select_--Select--Adernaline 0.'

2018-05-31 14:10:39 - [TEST_STEP][PASSED] - setText: Text '100' is set on object 'Object Repository/DispensaryToCms/Page_Dispensary Store/input_txttreat'

2018-05-31 14:10:39 - [MESSAGE][PASSED] - Text '100' is set on object 'Object Repository/DispensaryToCms/Page_Dispensary Store/input_txttreat'

2018-05-31 14:10:39 - [TEST_STEP][PASSED] - click: Object: 'Object Repository/DispensaryToCms/Page_Dispensary Store/button_Add' is clicked on

2018-05-31 14:10:39 - [MESSAGE][PASSED] - Object: 'Object Repository/DispensaryToCms/Page_Dispensary Store/button_Add' is clicked on

2018-05-31 14:10:39 - [TEST_STEP][PASSED] - delay: Delayed 1 second(s)

2018-05-31 14:10:40 - [MESSAGE][PASSED] - Delayed 1 second(s)

2018-05-31 14:10:40 - [TEST_STEP][PASSED] - selectOptionByIndex: All options with index in [9] are selected on object 'Object Repository/DispensaryToCms/Page_Dispensary Store/select_--Select--Schedule 1Inj'

2018-05-31 14:10:40 - [MESSAGE][PASSED] - All options with index in [9] are selected on object 'Object Repository/DispensaryToCms/Page_Dispensary Store/select_--Select--Schedule 1Inj'

2018-05-31 14:10:40 - [TEST_STEP][PASSED] - delay: Delayed 1 second(s)

2018-05-31 14:10:41 - [MESSAGE][PASSED] - Delayed 1 second(s)

2018-05-31 14:10:41 - [TEST_STEP][PASSED] - selectOptionByIndex: All options with index in [34] are selected on object 'Object Repository/DispensaryToCms/Page_Dispensary Store/select_--Select--Adernaline 0.'

2018-05-31 14:10:42 - [MESSAGE][PASSED] - All options with index in [34] are selected on object 'Object Repository/DispensaryToCms/Page_Dispensary Store/select_--Select--Adernaline 0.'

2018-05-31 14:10:42 - [TEST_STEP][PASSED] - setText: Text '100' is set on object 'Object Repository/DispensaryToCms/Page_Dispensary Store/input_txttreat'

2018-05-31 14:10:42 - [MESSAGE][PASSED] - Text '100' is set on object 'Object Repository/DispensaryToCms/Page_Dispensary Store/input_txttreat'

2018-05-31 14:10:42 - [TEST_STEP][PASSED] - click: Object: 'Object Repository/DispensaryToCms/Page_Dispensary Store/button_Add' is clicked on

2018-05-31 14:10:42 - [MESSAGE][PASSED] - Object: 'Object Repository/DispensaryToCms/Page_Dispensary Store/button_Add' is clicked on

2018-05-31 14:10:42 - [TEST_STEP][PASSED] - delay: Delayed 1 second(s)

2018-05-31 14:10:43 - [MESSAGE][PASSED] - Delayed 1 second(s)

2018-05-31 14:10:43 - [TEST_STEP][PASSED] - selectOptionByIndex: All options with index in [9] are selected on object 'Object Repository/DispensaryToCms/Page_Dispensary Store/select_--Select--Schedule 1Inj'

2018-05-31 14:10:43 - [MESSAGE][PASSED] - All options with index in [9] are selected on object 'Object Repository/DispensaryToCms/Page_Dispensary Store/select_--Select--Schedule 1Inj'

2018-05-31 14:10:43 - [TEST_STEP][PASSED] - delay: Delayed 1 second(s)

2018-05-31 14:10:44 - [MESSAGE][PASSED] - Delayed 1 second(s)

2018-05-31 14:10:44 - [TEST_STEP][PASSED] - selectOptionByIndex: All options with index in [35] are selected on object 'Object Repository/DispensaryToCms/Page_Dispensary Store/select_--Select--Adernaline 0.'

2018-05-31 14:10:45 - [MESSAGE][PASSED] - All options with index in [35] are selected on object 'Object Repository/DispensaryToCms/Page_Dispensary Store/select_--Select--Adernaline 0.'

2018-05-31 14:10:45 - [TEST_STEP][PASSED] - setText: Text '100' is set on object 'Object Repository/DispensaryToCms/Page_Dispensary Store/input_txttreat'

2018-05-31 14:10:45 - [MESSAGE][PASSED] - Text '100' is set on object 'Object Repository/DispensaryToCms/Page_Dispensary Store/input_txttreat'

2018-05-31 14:10:45 - [TEST_STEP][PASSED] - click: Object: 'Object Repository/DispensaryToCms/Page_Dispensary Store/button_Add' is clicked on

2018-05-31 14:10:45 - [MESSAGE][PASSED] - Object: 'Object Repository/DispensaryToCms/Page_Dispensary Store/button_Add' is clicked on

2018-05-31 14:10:45 - [TEST_STEP][PASSED] - delay: Delayed 1 second(s)

2018-05-31 14:10:46 - [MESSAGE][PASSED] - Delayed 1 second(s)

2018-05-31 14:10:46 - [TEST_STEP][PASSED] - scrollToElement: Scroll to object 'Object Repository/DispensaryToCms/Page_Dispensary Store/input_btnsave' successfully

2018-05-31 14:10:46 - [MESSAGE][PASSED] - Scroll to object 'Object Repository/DispensaryToCms/Page_Dispensary Store/input_btnsave' successfully

2018-05-31 14:10:46 - [TEST_STEP][PASSED] - click: Object: 'Object Repository/DispensaryToCms/Page_Dispensary Store/input_btnsave' is clicked on

2018-05-31 14:10:46 - [MESSAGE][PASSED] - Object: 'Object Repository/DispensaryToCms/Page_Dispensary Store/input_btnsave' is clicked on

2018-05-31 14:10:46 - [TEST_STEP][PASSED] - delay: Delayed 3 second(s)

2018-05-31 14:10:49 - [MESSAGE][PASSED] - Delayed 3 second(s)

2018-05-31 14:10:49 - [TEST_STEP][PASSED] - Statement - RN1 = com.kms.katalon.core.webui.keyword.WebUiBuiltInKeywords.getText(com.kms.katalon.core.testobject.ObjectRepository.findTestObject(DispensaryToCms/Page_Dispensary Store/font_PRNO18052018174)): Text of object 'Object Repository/DispensaryToCms/Page_Dispensary Store/font_PRNO18052018174' is: 'PRNO/31052018/509'

2018-05-31 14:10:49 - [MESSAGE][PASSED] - Text of object 'Object Repository/DispensaryToCms/Page_Dispensary Store/font_PRNO18052018174' is: 'PRNO/31052018/509'

2018-05-31 14:10:49 - [TEST_STEP][PASSED] - Statement - out.println(RN1): null

2018-05-31 14:10:49 - [TEST_STEP][PASSED] - Statement - RID = RN1.split("/")[2]: null

2018-05-31 14:10:49 - [TEST_STEP][PASSED] - click: Object: 'Object Repository/DispensaryToCms/Page_Dispensary Store/button_OK' is clicked on

2018-05-31 14:10:49 - [MESSAGE][PASSED] - Object: 'Object Repository/DispensaryToCms/Page_Dispensary Store/button_OK' is clicked on

2018-05-31 14:10:49 - [TEST_STEP][PASSED] - delay: Delayed 3 second(s)

2018-05-31 14:10:52 - [MESSAGE][PASSED] - Delayed 3 second(s)

2018-05-31 14:10:52 - [TEST_STEP][PASSED] - waitForElementPresent: Object 'Object Repository/DispensaryToStore/Page_Dispensary Store/a_dropdown-toggle' is present

2018-05-31 14:10:52 - [MESSAGE][PASSED] - Object 'Object Repository/DispensaryToStore/Page_Dispensary Store/a_dropdown-toggle' is present

2018-05-31 14:10:52 - [TEST_STEP][PASSED] - click: Object: 'Object Repository/DispensaryToCms/Page_Dispensary Store/a_dropdown-toggle' is clicked on

2018-05-31 14:10:53 - [MESSAGE][PASSED] - Object: 'Object Repository/DispensaryToCms/Page_Dispensary Store/a_dropdown-toggle' is clicked on

2018-05-31 14:10:53 - [TEST_STEP][PASSED] - click: Object: 'Object Repository/DispensaryToCms/Page_Dispensary Store/a_Sign out' is clicked on

2018-05-31 14:10:53 - [MESSAGE][PASSED] - Object: 'Object Repository/DispensaryToCms/Page_Dispensary Store/a_Sign out' is clicked on

2018-05-31 14:10:53 - [TEST_STEP][PASSED] - delay: Delayed 3 second(s)

2018-05-31 14:10:56 - [MESSAGE][PASSED] - Delayed 3 second(s)

2018-05-31 14:10:56 - [TEST_STEP][PASSED] - navigateToUrl: Navigate to 'http://192.168.137.1/multihospital_new/' successfully

2018-05-31 14:10:57 - [MESSAGE][PASSED] - Navigate to 'http://192.168.137.1/multihospital_new/' successfully

2018-05-31 14:10:57 - [TEST_STEP][PASSED] - click: Object: 'Object Repository/DispensaryToCms/Page_KDMC/a_CMO' is clicked on

2018-05-31 14:10:58 - [MESSAGE][PASSED] - Object: 'Object Repository/DispensaryToCms/Page_KDMC/a_CMO' is clicked on

2018-05-31 14:10:58 - [TEST_STEP][PASSED] - setText: Text 'guru' is set on object 'Object Repository/DispensaryToCms/Page_CMO login/input_txtusername'

2018-05-31 14:10:58 - [MESSAGE][PASSED] - Text 'guru' is set on object 'Object Repository/DispensaryToCms/Page_CMO login/input_txtusername'

2018-05-31 14:10:58 - [TEST_STEP][PASSED] - setText: Text '123' is set on object 'Object Repository/DispensaryToCms/Page_CMO login/input_txtpassword'

2018-05-31 14:10:58 - [MESSAGE][PASSED] - Text '123' is set on object 'Object Repository/DispensaryToCms/Page_CMO login/input_txtpassword'

2018-05-31 14:10:58 - [TEST_STEP][PASSED] - delay: Delayed 3 second(s)

2018-05-31 14:11:01 - [MESSAGE][PASSED] - Delayed 3 second(s)

2018-05-31 14:11:01 - [TEST_STEP][PASSED] - click: Object: 'Object Repository/DispensaryToCms/Page_CMO login/button_Sign in' is clicked on

2018-05-31 14:11:02 - [MESSAGE][PASSED] - Object: 'Object Repository/DispensaryToCms/Page_CMO login/button_Sign in' is clicked on

2018-05-31 14:11:02 - [TEST_STEP][PASSED] - delay: Delayed 3 second(s)

2018-05-31 14:11:05 - [MESSAGE][PASSED] - Delayed 3 second(s)

2018-05-31 14:11:05 - [TEST_STEP][PASSED] - click: Object: 'Object Repository/DispensaryToCms/Page_KDMC - CMO/a_CMS Request' is clicked on

2018-05-31 14:11:06 - [MESSAGE][PASSED] - Object: 'Object Repository/DispensaryToCms/Page_KDMC - CMO/a_CMS Request' is clicked on

2018-05-31 14:11:06 - [TEST_STEP][PASSED] - delay: Delayed 2 second(s)

2018-05-31 14:11:08 - [MESSAGE][PASSED] - Delayed 2 second(s)

2018-05-31 14:11:08 - [TEST_STEP][PASSED] - click: Object: 'Object Repository/DispensaryToCms/Page_KDMC - CMO/a_Dispensary Store Request' is clicked on

2018-05-31 14:11:08 - [MESSAGE][PASSED] - Object: 'Object Repository/DispensaryToCms/Page_KDMC - CMO/a_Dispensary Store Request' is clicked on

2018-05-31 14:11:08 - [TEST_STEP][PASSED] - selectOptionByIndex: All options with index in [1] are selected on object 'Object Repository/DispensaryToCms/Page_KDMC - CMO/select_--ALL--'

2018-05-31 14:11:09 - [MESSAGE][PASSED] - All options with index in [1] are selected on object 'Object Repository/DispensaryToCms/Page_KDMC - CMO/select_--ALL--'

2018-05-31 14:11:09 - [TEST_STEP][PASSED] - click: Object: 'Object Repository/DispensaryToCms/Page_KDMC - CMO/input_btnsearch' is clicked on

2018-05-31 14:11:09 - [MESSAGE][PASSED] - Object: 'Object Repository/DispensaryToCms/Page_KDMC - CMO/input_btnsearch' is clicked on

2018-05-31 14:11:09 - [TEST_STEP][PASSED] - Statement - ID = com.kms.katalon.core.webui.keyword.WebUiBuiltInKeywords.modifyObjectProperty(com.kms.katalon.core.testobject.ObjectRepository.findTestObject(lab/Page_KDMC - CMO/input_1), "xpath", "equals", "//*[@id=" + RID + "]", true): Modify property of object successfully

2018-05-31 14:11:09 - [MESSAGE][PASSED] - Modify property of object successfully

2018-05-31 14:11:09 - [TEST_STEP][PASSED] - click: Object: 'Object Repository/lab/Page_KDMC - CMO/input_1' is clicked on

2018-05-31 14:11:10 - [MESSAGE][PASSED] - Object: 'Object Repository/lab/Page_KDMC - CMO/input_1' is clicked on

2018-05-31 14:11:10 - [TEST_STEP][PASSED] - delay: Delayed 2 second(s)

2018-05-31 14:11:12 - [MESSAGE][PASSED] - Delayed 2 second(s)

2018-05-31 14:11:12 - [TEST_STEP][PASSED] - selectOptionByIndex: All options with index in [1] are selected on object 'Object Repository/DispensaryToCms/Page_KDMC - CMO/select_--Select--'

2018-05-31 14:11:12 - [MESSAGE][PASSED] - All options with index in [1] are selected on object 'Object Repository/DispensaryToCms/Page_KDMC - CMO/select_--Select--'

2018-05-31 14:11:12 - [TEST_STEP][PASSED] - click: Object: 'Object Repository/DispensaryToCms/Page_KDMC - CMO/input_btnupdate' is clicked on

2018-05-31 14:11:12 - [MESSAGE][PASSED] - Object: 'Object Repository/DispensaryToCms/Page_KDMC - CMO/input_btnupdate' is clicked on

2018-05-31 14:11:12 - [TEST_STEP][PASSED] - delay: Delayed 2 second(s)

2018-05-31 14:11:14 - [MESSAGE][PASSED] - Delayed 2 second(s)

2018-05-31 14:11:14 - [TEST_STEP][PASSED] - click: Object: 'Object Repository/DispensaryToCms/Page_KDMC - CMO/button_OK' is clicked on

2018-05-31 14:11:14 - [MESSAGE][PASSED] - Object: 'Object Repository/DispensaryToCms/Page_KDMC - CMO/button_OK' is clicked on

2018-05-31 14:11:14 - [TEST_STEP][PASSED] - delay: Delayed 3 second(s)

2018-05-31 14:11:17 - [MESSAGE][PASSED] - Delayed 3 second(s)

2018-05-31 14:11:17 - [TEST_STEP][PASSED] - waitForElementPresent: Object 'Object Repository/DispensaryToStore/Page_Dispensary Store/a_dropdown-toggle' is not present after 20 second(s)

2018-05-31 14:11:38 - [MESSAGE][WARNING] - Object 'Object Repository/DispensaryToStore/Page_Dispensary Store/a_dropdown-toggle' is not present after 20 second(s)

2018-05-31 14:11:38 - [TEST_STEP][PASSED] - click: Object: 'Object Repository/DispensaryToCms/Page_KDMC - CMO/a_dropdown-toggle' is clicked on

2018-05-31 14:11:38 - [MESSAGE][PASSED] - Object: 'Object Repository/DispensaryToCms/Page_KDMC - CMO/a_dropdown-toggle' is clicked on

2018-05-31 14:11:38 - [TEST_STEP][PASSED] - click: Object: 'Object Repository/DispensaryToCms/Page_KDMC - CMO/a_Sign out' is clicked on

2018-05-31 14:11:39 - [MESSAGE][PASSED] - Object: 'Object Repository/DispensaryToCms/Page_KDMC - CMO/a_Sign out' is clicked on

2018-05-31 14:11:39 - [TEST_STEP][PASSED] - delay: Delayed 3 second(s)

2018-05-31 14:11:42 - [MESSAGE][PASSED] - Delayed 3 second(s)

2018-05-31 14:11:42 - [TEST_STEP][PASSED] - click: Object: 'Object Repository/DispensaryToCms/Page_KDMC/a_CMS' is clicked on

2018-05-31 14:11:43 - [MESSAGE][PASSED] - Object: 'Object Repository/DispensaryToCms/Page_KDMC/a_CMS' is clicked on

2018-05-31 14:11:43 - [TEST_STEP][PASSED] - setText: Text 'bala' is set on object 'Object Repository/DispensaryToCms/Page_CMS login/input_txtusername'

2018-05-31 14:11:43 - [MESSAGE][PASSED] - Text 'bala' is set on object 'Object Repository/DispensaryToCms/Page_CMS login/input_txtusername'

2018-05-31 14:11:43 - [TEST_STEP][PASSED] - setText: Text '123' is set on object 'Object Repository/DispensaryToCms/Page_CMS login/input_txtpassword'

2018-05-31 14:11:43 - [MESSAGE][PASSED] - Text '123' is set on object 'Object Repository/DispensaryToCms/Page_CMS login/input_txtpassword'

2018-05-31 14:11:43 - [TEST_STEP][PASSED] - delay: Delayed 3 second(s)

2018-05-31 14:11:46 - [MESSAGE][PASSED] - Delayed 3 second(s)

2018-05-31 14:11:46 - [TEST_STEP][PASSED] - click: Object: 'Object Repository/DispensaryToCms/Page_CMS login/button_Sign in' is clicked on

2018-05-31 14:11:48 - [MESSAGE][PASSED] - Object: 'Object Repository/DispensaryToCms/Page_CMS login/button_Sign in' is clicked on

2018-05-31 14:11:48 - [TEST_STEP][PASSED] - delay: Delayed 3 second(s)

2018-05-31 14:11:51 - [MESSAGE][PASSED] - Delayed 3 second(s)

2018-05-31 14:11:51 - [TEST_STEP][PASSED] - click: Object: 'Object Repository/DispensaryToCms/Page_KDMC - CMS/a_Divisional Store' is clicked on

2018-05-31 14:11:52 - [MESSAGE][PASSED] - Object: 'Object Repository/DispensaryToCms/Page_KDMC - CMS/a_Divisional Store' is clicked on

2018-05-31 14:11:52 - [TEST_STEP][PASSED] - delay: Delayed 2 second(s)

2018-05-31 14:11:54 - [MESSAGE][PASSED] - Delayed 2 second(s)

2018-05-31 14:11:54 - [TEST_STEP][PASSED] - click: Object: 'Object Repository/DispensaryToCms/Page_KDMC - CMS/a_Dispatch Items' is clicked on

2018-05-31 14:11:54 - [MESSAGE][PASSED] - Object: 'Object Repository/DispensaryToCms/Page_KDMC - CMS/a_Dispatch Items' is clicked on

2018-05-31 14:11:54 - [TEST_STEP][PASSED] - delay: Delayed 2 second(s)

2018-05-31 14:11:56 - [MESSAGE][PASSED] - Delayed 2 second(s)

2018-05-31 14:11:56 - [TEST_STEP][PASSED] - setText: Text 'PRNO/31052018/509' is set on object 'Object Repository/DispensaryToCms/Page_KDMC - CMS/input'

2018-05-31 14:11:57 - [MESSAGE][PASSED] - Text 'PRNO/31052018/509' is set on object 'Object Repository/DispensaryToCms/Page_KDMC - CMS/input'

2018-05-31 14:11:57 - [TEST_STEP][PASSED] - click: Object: 'Object Repository/DispensaryToCms/Page_KDMC - CMS/input_PRNO18052018174' is clicked on

2018-05-31 14:11:57 - [MESSAGE][PASSED] - Object: 'Object Repository/DispensaryToCms/Page_KDMC - CMS/input_PRNO18052018174' is clicked on

2018-05-31 14:11:57 - [TEST_STEP][PASSED] - delay: Delayed 3 second(s)

2018-05-31 14:12:00 - [MESSAGE][PASSED] - Delayed 3 second(s)

2018-05-31 14:12:00 - [TEST_STEP][PASSED] - Statement - out.println("Length : " + medicineslength): null

2018-05-31 14:12:00 - [TEST_STEP][PASSED] - Statement - For ([row = 0, row < medicineslength - 1, (row++)]): null

2018-05-31 14:12:00 - [TEST_STEP][PASSED] - Statement - batchlength = new com.kms.katalon.core.testobject.TestObject(): null

2018-05-31 14:12:00 - [TEST_STEP][PASSED] - Statement - batchlength = com.kms.katalon.core.webui.keyword.WebUiBuiltInKeywords.modifyObjectProperty(batchlength, "xpath", "equals", "//*[@id = "fldvendor" + row + ""]", true): Modify property of object successfully

2018-05-31 14:12:00 - [MESSAGE][PASSED] - Modify property of object successfully

2018-05-31 14:12:00 - [TEST_STEP][PASSED] - Statement - batchsize = com.kms.katalon.core.webui.keyword.WebUiBuiltInKeywords.getNumberOfTotalOption(batchlength): 12 options of object '' counted

2018-05-31 14:12:00 - [MESSAGE][PASSED] - 12 options of object '' counted

2018-05-31 14:12:00 - [TEST_STEP][PASSED] - Statement - out.println("BatchSize : " + batchsize): null

2018-05-31 14:12:00 - [TEST_STEP][PASSED] - Statement - For ([n = 1, n <= batchsize - 1, (n++)]): null

2018-05-31 14:12:00 - [TEST_STEP][PASSED] - Statement - product = new com.kms.katalon.core.testobject.TestObject(): null

2018-05-31 14:12:00 - [TEST_STEP][PASSED] - Statement - product = com.kms.katalon.core.webui.keyword.WebUiBuiltInKeywords.modifyObjectProperty(product, "xpath", "equals", "//*[@id = "fldvendor" + row + ""]", true): Modify property of object successfully

2018-05-31 14:12:00 - [MESSAGE][PASSED] - Modify property of object successfully

2018-05-31 14:12:00 - [TEST_STEP][PASSED] - selectOptionByIndex: All options with index in [1] are selected on object ''

2018-05-31 14:12:00 - [MESSAGE][PASSED] - All options with index in [1] are selected on object ''

2018-05-31 14:12:00 - [TEST_STEP][PASSED] - Statement - batch = new com.kms.katalon.core.testobject.TestObject(): null

2018-05-31 14:12:00 - [TEST_STEP][PASSED] - Statement - batch = com.kms.katalon.core.webui.keyword.WebUiBuiltInKeywords.modifyObjectProperty(batch, "xpath", "equals", "//*[@id = "txtbthqty" + row + ""]", true): Modify property of object successfully

2018-05-31 14:12:00 - [MESSAGE][PASSED] - Modify property of object successfully

2018-05-31 14:12:00 - [TEST_STEP][PASSED] - Statement - batchqty = com.kms.katalon.core.webui.keyword.WebUiBuiltInKeywords.getAttribute(batch, "value").trim(): Attribute 'value' of object '' is: '3500'

2018-05-31 14:12:00 - [MESSAGE][PASSED] - Attribute 'value' of object '' is: '3500'

2018-05-31 14:12:00 - [TEST_STEP][PASSED] - Statement - Rqty = 100: null

2018-05-31 14:12:00 - [TEST_STEP][PASSED] - delay: Delayed 2 second(s)

2018-05-31 14:12:02 - [MESSAGE][PASSED] - Delayed 2 second(s)

2018-05-31 14:12:02 - [TEST_STEP][PASSED] - Statement - out.println("BatchQty : " + batchqty): null

2018-05-31 14:12:02 - [TEST_STEP][PASSED] - Statement - out.println("RQty : " + Rqty): null

2018-05-31 14:12:02 - [TEST_STEP][PASSED] - Statement - If (java.lang.Integer.valueOf(batchqty) >= java.lang.Integer.valueOf(Rqty)): null

2018-05-31 14:12:02 - [TEST_STEP][PASSED] - Statement - Break: null

2018-05-31 14:12:02 - [TEST_STEP][PASSED] - Statement - batchlength = new com.kms.katalon.core.testobject.TestObject(): null

2018-05-31 14:12:02 - [TEST_STEP][PASSED] - Statement - batchlength = com.kms.katalon.core.webui.keyword.WebUiBuiltInKeywords.modifyObjectProperty(batchlength, "xpath", "equals", "//*[@id = "fldvendor" + row + ""]", true): Modify property of object successfully

2018-05-31 14:12:02 - [MESSAGE][PASSED] - Modify property of object successfully

2018-05-31 14:12:02 - [TEST_STEP][PASSED] - Statement - batchsize = com.kms.katalon.core.webui.keyword.WebUiBuiltInKeywords.getNumberOfTotalOption(batchlength): 12 options of object '' counted

2018-05-31 14:12:02 - [MESSAGE][PASSED] - 12 options of object '' counted

2018-05-31 14:12:02 - [TEST_STEP][PASSED] - Statement - out.println("BatchSize : " + batchsize): null

2018-05-31 14:12:02 - [TEST_STEP][PASSED] - Statement - For ([n = 1, n <= batchsize - 1, (n++)]): null

2018-05-31 14:12:02 - [TEST_STEP][PASSED] - Statement - product = new com.kms.katalon.core.testobject.TestObject(): null

2018-05-31 14:12:02 - [TEST_STEP][PASSED] - Statement - product = com.kms.katalon.core.webui.keyword.WebUiBuiltInKeywords.modifyObjectProperty(product, "xpath", "equals", "//*[@id = "fldvendor" + row + ""]", true): Modify property of object successfully

2018-05-31 14:12:02 - [MESSAGE][PASSED] - Modify property of object successfully

2018-05-31 14:12:02 - [TEST_STEP][PASSED] - selectOptionByIndex: All options with index in [1] are selected on object ''

2018-05-31 14:12:02 - [MESSAGE][PASSED] - All options with index in [1] are selected on object ''

2018-05-31 14:12:02 - [TEST_STEP][PASSED] - Statement - batch = new com.kms.katalon.core.testobject.TestObject(): null

2018-05-31 14:12:02 - [TEST_STEP][PASSED] - Statement - batch = com.kms.katalon.core.webui.keyword.WebUiBuiltInKeywords.modifyObjectProperty(batch, "xpath", "equals", "//*[@id = "txtbthqty" + row + ""]", true): Modify property of object successfully

2018-05-31 14:12:02 - [MESSAGE][PASSED] - Modify property of object successfully

2018-05-31 14:12:02 - [TEST_STEP][PASSED] - Statement - batchqty = com.kms.katalon.core.webui.keyword.WebUiBuiltInKeywords.getAttribute(batch, "value").trim(): Attribute 'value' of object '' is: '3500'

2018-05-31 14:12:02 - [MESSAGE][PASSED] - Attribute 'value' of object '' is: '3500'

2018-05-31 14:12:02 - [TEST_STEP][PASSED] - Statement - Rqty = 100: null

2018-05-31 14:12:02 - [TEST_STEP][PASSED] - delay: Delayed 2 second(s)

2018-05-31 14:12:04 - [MESSAGE][PASSED] - Delayed 2 second(s)

2018-05-31 14:12:04 - [TEST_STEP][PASSED] - Statement - out.println("BatchQty : " + batchqty): null

2018-05-31 14:12:04 - [TEST_STEP][PASSED] - Statement - out.println("RQty : " + Rqty): null

2018-05-31 14:12:04 - [TEST_STEP][PASSED] - Statement - If (java.lang.Integer.valueOf(batchqty) >= java.lang.Integer.valueOf(Rqty)): null

2018-05-31 14:12:04 - [TEST_STEP][PASSED] - Statement - Break: null

2018-05-31 14:12:04 - [TEST_STEP][PASSED] - Statement - batchlength = new com.kms.katalon.core.testobject.TestObject(): null

2018-05-31 14:12:04 - [TEST_STEP][PASSED] - Statement - batchlength = com.kms.katalon.core.webui.keyword.WebUiBuiltInKeywords.modifyObjectProperty(batchlength, "xpath", "equals", "//*[@id = "fldvendor" + row + ""]", true): Modify property of object successfully

2018-05-31 14:12:04 - [MESSAGE][PASSED] - Modify property of object successfully

2018-05-31 14:12:04 - [TEST_STEP][PASSED] - Statement - batchsize = com.kms.katalon.core.webui.keyword.WebUiBuiltInKeywords.getNumberOfTotalOption(batchlength): 12 options of object '' counted

2018-05-31 14:12:04 - [MESSAGE][PASSED] - 12 options of object '' counted

2018-05-31 14:12:04 - [TEST_STEP][PASSED] - Statement - out.println("BatchSize : " + batchsize): null

2018-05-31 14:12:04 - [TEST_STEP][PASSED] - Statement - For ([n = 1, n <= batchsize - 1, (n++)]): null

2018-05-31 14:12:04 - [TEST_STEP][PASSED] - Statement - product = new com.kms.katalon.core.testobject.TestObject(): null

2018-05-31 14:12:04 - [TEST_STEP][PASSED] - Statement - product = com.kms.katalon.core.webui.keyword.WebUiBuiltInKeywords.modifyObjectProperty(product, "xpath", "equals", "//*[@id = "fldvendor" + row + ""]", true): Modify property of object successfully

2018-05-31 14:12:04 - [MESSAGE][PASSED] - Modify property of object successfully

2018-05-31 14:12:04 - [TEST_STEP][PASSED] - selectOptionByIndex: All options with index in [1] are selected on object ''

2018-05-31 14:12:04 - [MESSAGE][PASSED] - All options with index in [1] are selected on object ''

2018-05-31 14:12:04 - [TEST_STEP][PASSED] - Statement - batch = new com.kms.katalon.core.testobject.TestObject(): null

2018-05-31 14:12:04 - [TEST_STEP][PASSED] - Statement - batch = com.kms.katalon.core.webui.keyword.WebUiBuiltInKeywords.modifyObjectProperty(batch, "xpath", "equals", "//*[@id = "txtbthqty" + row + ""]", true): Modify property of object successfully

2018-05-31 14:12:04 - [MESSAGE][PASSED] - Modify property of object successfully

2018-05-31 14:12:04 - [TEST_STEP][PASSED] - Statement - batchqty = com.kms.katalon.core.webui.keyword.WebUiBuiltInKeywords.getAttribute(batch, "value").trim(): Attribute 'value' of object '' is: '31300'

2018-05-31 14:12:04 - [MESSAGE][PASSED] - Attribute 'value' of object '' is: '31300'

2018-05-31 14:12:04 - [TEST_STEP][PASSED] - Statement - Rqty = 100: null

2018-05-31 14:12:04 - [TEST_STEP][PASSED] - delay: Delayed 2 second(s)

2018-05-31 14:12:06 - [MESSAGE][PASSED] - Delayed 2 second(s)

2018-05-31 14:12:06 - [TEST_STEP][PASSED] - Statement - out.println("BatchQty : " + batchqty): null

2018-05-31 14:12:06 - [TEST_STEP][PASSED] - Statement - out.println("RQty : " + Rqty): null

2018-05-31 14:12:06 - [TEST_STEP][PASSED] - Statement - If (java.lang.Integer.valueOf(batchqty) >= java.lang.Integer.valueOf(Rqty)): null

2018-05-31 14:12:06 - [TEST_STEP][PASSED] - Statement - Break: null

2018-05-31 14:12:06 - [TEST_STEP][PASSED] - Statement - batchlength = new com.kms.katalon.core.testobject.TestObject(): null

2018-05-31 14:12:06 - [TEST_STEP][PASSED] - Statement - batchlength = com.kms.katalon.core.webui.keyword.WebUiBuiltInKeywords.modifyObjectProperty(batchlength, "xpath", "equals", "//*[@id = "fldvendor" + row + ""]", true): Modify property of object successfully

2018-05-31 14:12:06 - [MESSAGE][PASSED] - Modify property of object successfully

2018-05-31 14:12:06 - [TEST_STEP][PASSED] - Statement - batchsize = com.kms.katalon.core.webui.keyword.WebUiBuiltInKeywords.getNumberOfTotalOption(batchlength): 12 options of object '' counted

2018-05-31 14:12:07 - [MESSAGE][PASSED] - 12 options of object '' counted

2018-05-31 14:12:07 - [TEST_STEP][PASSED] - Statement - out.println("BatchSize : " + batchsize): null

2018-05-31 14:12:07 - [TEST_STEP][PASSED] - Statement - For ([n = 1, n <= batchsize - 1, (n++)]): null

2018-05-31 14:12:07 - [TEST_STEP][PASSED] - Statement - product = new com.kms.katalon.core.testobject.TestObject(): null

2018-05-31 14:12:07 - [TEST_STEP][PASSED] - Statement - product = com.kms.katalon.core.webui.keyword.WebUiBuiltInKeywords.modifyObjectProperty(product, "xpath", "equals", "//*[@id = "fldvendor" + row + ""]", true): Modify property of object successfully

2018-05-31 14:12:07 - [MESSAGE][PASSED] - Modify property of object successfully

2018-05-31 14:12:07 - [TEST_STEP][PASSED] - selectOptionByIndex: All options with index in [1] are selected on object ''

2018-05-31 14:12:07 - [MESSAGE][PASSED] - All options with index in [1] are selected on object ''

2018-05-31 14:12:07 - [TEST_STEP][PASSED] - Statement - batch = new com.kms.katalon.core.testobject.TestObject(): null

2018-05-31 14:12:07 - [TEST_STEP][PASSED] - Statement - batch = com.kms.katalon.core.webui.keyword.WebUiBuiltInKeywords.modifyObjectProperty(batch, "xpath", "equals", "//*[@id = "txtbthqty" + row + ""]", true): Modify property of object successfully

2018-05-31 14:12:07 - [MESSAGE][PASSED] - Modify property of object successfully

2018-05-31 14:12:07 - [TEST_STEP][PASSED] - Statement - batchqty = com.kms.katalon.core.webui.keyword.WebUiBuiltInKeywords.getAttribute(batch, "value").trim(): Attribute 'value' of object '' is: '30300'

2018-05-31 14:12:07 - [MESSAGE][PASSED] - Attribute 'value' of object '' is: '30300'

2018-05-31 14:12:07 - [TEST_STEP][PASSED] - Statement - Rqty = 100: null

2018-05-31 14:12:07 - [TEST_STEP][PASSED] - delay: Delayed 2 second(s)

2018-05-31 14:12:09 - [MESSAGE][PASSED] - Delayed 2 second(s)

2018-05-31 14:12:09 - [TEST_STEP][PASSED] - Statement - out.println("BatchQty : " + batchqty): null

2018-05-31 14:12:09 - [TEST_STEP][PASSED] - Statement - out.println("RQty : " + Rqty): null

2018-05-31 14:12:09 - [TEST_STEP][PASSED] - Statement - If (java.lang.Integer.valueOf(batchqty) >= java.lang.Integer.valueOf(Rqty)): null

2018-05-31 14:12:09 - [TEST_STEP][PASSED] - Statement - Break: null

2018-05-31 14:12:09 - [TEST_STEP][PASSED] - Statement - batchlength = new com.kms.katalon.core.testobject.TestObject(): null

2018-05-31 14:12:09 - [TEST_STEP][PASSED] - Statement - batchlength = com.kms.katalon.core.webui.keyword.WebUiBuiltInKeywords.modifyObjectProperty(batchlength, "xpath", "equals", "//*[@id = "fldvendor" + row + ""]", true): Modify property of object successfully

2018-05-31 14:12:09 - [MESSAGE][PASSED] - Modify property of object successfully

2018-05-31 14:12:09 - [TEST_STEP][PASSED] - Statement - batchsize = com.kms.katalon.core.webui.keyword.WebUiBuiltInKeywords.getNumberOfTotalOption(batchlength): 12 options of object '' counted

2018-05-31 14:12:09 - [MESSAGE][PASSED] - 12 options of object '' counted

2018-05-31 14:12:09 - [TEST_STEP][PASSED] - Statement - out.println("BatchSize : " + batchsize): null

2018-05-31 14:12:09 - [TEST_STEP][PASSED] - Statement - For ([n = 1, n <= batchsize - 1, (n++)]): null

2018-05-31 14:12:09 - [TEST_STEP][PASSED] - Statement - product = new com.kms.katalon.core.testobject.TestObject(): null

2018-05-31 14:12:09 - [TEST_STEP][PASSED] - Statement - product = com.kms.katalon.core.webui.keyword.WebUiBuiltInKeywords.modifyObjectProperty(product, "xpath", "equals", "//*[@id = "fldvendor" + row + ""]", true): Modify property of object successfully

2018-05-31 14:12:09 - [MESSAGE][PASSED] - Modify property of object successfully

2018-05-31 14:12:09 - [TEST_STEP][PASSED] - selectOptionByIndex: All options with index in [1] are selected on object ''

2018-05-31 14:12:09 - [MESSAGE][PASSED] - All options with index in [1] are selected on object ''

2018-05-31 14:12:09 - [TEST_STEP][PASSED] - Statement - batch = new com.kms.katalon.core.testobject.TestObject(): null

2018-05-31 14:12:09 - [TEST_STEP][PASSED] - Statement - batch = com.kms.katalon.core.webui.keyword.WebUiBuiltInKeywords.modifyObjectProperty(batch, "xpath", "equals", "//*[@id = "txtbthqty" + row + ""]", true): Modify property of object successfully

2018-05-31 14:12:09 - [MESSAGE][PASSED] - Modify property of object successfully

2018-05-31 14:12:09 - [TEST_STEP][PASSED] - Statement - batchqty = com.kms.katalon.core.webui.keyword.WebUiBuiltInKeywords.getAttribute(batch, "value").trim(): Attribute 'value' of object '' is: '3500'

2018-05-31 14:12:09 - [MESSAGE][PASSED] - Attribute 'value' of object '' is: '3500'

2018-05-31 14:12:09 - [TEST_STEP][PASSED] - Statement - Rqty = 100: null

2018-05-31 14:12:09 - [TEST_STEP][PASSED] - delay: Delayed 2 second(s)

2018-05-31 14:12:11 - [MESSAGE][PASSED] - Delayed 2 second(s)

2018-05-31 14:12:11 - [TEST_STEP][PASSED] - Statement - out.println("BatchQty : " + batchqty): null

2018-05-31 14:12:11 - [TEST_STEP][PASSED] - Statement - out.println("RQty : " + Rqty): null

2018-05-31 14:12:11 - [TEST_STEP][PASSED] - Statement - If (java.lang.Integer.valueOf(batchqty) >= java.lang.Integer.valueOf(Rqty)): null

2018-05-31 14:12:11 - [TEST_STEP][PASSED] - Statement - Break: null

2018-05-31 14:12:11 - [TEST_STEP][PASSED] - Statement - batchlength = new com.kms.katalon.core.testobject.TestObject(): null

2018-05-31 14:12:11 - [TEST_STEP][PASSED] - Statement - batchlength = com.kms.katalon.core.webui.keyword.WebUiBuiltInKeywords.modifyObjectProperty(batchlength, "xpath", "equals", "//*[@id = "fldvendor" + row + ""]", true): Modify property of object successfully

2018-05-31 14:12:11 - [MESSAGE][PASSED] - Modify property of object successfully

2018-05-31 14:12:11 - [TEST_STEP][PASSED] - Statement - batchsize = com.kms.katalon.core.webui.keyword.WebUiBuiltInKeywords.getNumberOfTotalOption(batchlength): 12 options of object '' counted

2018-05-31 14:12:11 - [MESSAGE][PASSED] - 12 options of object '' counted

2018-05-31 14:12:11 - [TEST_STEP][PASSED] - Statement - out.println("BatchSize : " + batchsize): null

2018-05-31 14:12:11 - [TEST_STEP][PASSED] - Statement - For ([n = 1, n <= batchsize - 1, (n++)]): null

2018-05-31 14:12:11 - [TEST_STEP][PASSED] - Statement - product = new com.kms.katalon.core.testobject.TestObject(): null

2018-05-31 14:12:11 - [TEST_STEP][PASSED] - Statement - product = com.kms.katalon.core.webui.keyword.WebUiBuiltInKeywords.modifyObjectProperty(product, "xpath", "equals", "//*[@id = "fldvendor" + row + ""]", true): Modify property of object successfully

2018-05-31 14:12:11 - [MESSAGE][PASSED] - Modify property of object successfully

2018-05-31 14:12:11 - [TEST_STEP][PASSED] - selectOptionByIndex: All options with index in [1] are selected on object ''

2018-05-31 14:12:11 - [MESSAGE][PASSED] - All options with index in [1] are selected on object ''

2018-05-31 14:12:11 - [TEST_STEP][PASSED] - Statement - batch = new com.kms.katalon.core.testobject.TestObject(): null

2018-05-31 14:12:11 - [TEST_STEP][PASSED] - Statement - batch = com.kms.katalon.core.webui.keyword.WebUiBuiltInKeywords.modifyObjectProperty(batch, "xpath", "equals", "//*[@id = "txtbthqty" + row + ""]", true): Modify property of object successfully

2018-05-31 14:12:11 - [MESSAGE][PASSED] - Modify property of object successfully

2018-05-31 14:12:11 - [TEST_STEP][PASSED] - Statement - batchqty = com.kms.katalon.core.webui.keyword.WebUiBuiltInKeywords.getAttribute(batch, "value").trim(): Attribute 'value' of object '' is: '37500'

2018-05-31 14:12:11 - [MESSAGE][PASSED] - Attribute 'value' of object '' is: '37500'

2018-05-31 14:12:11 - [TEST_STEP][PASSED] - Statement - Rqty = 100: null

2018-05-31 14:12:11 - [TEST_STEP][PASSED] - delay: Delayed 2 second(s)

2018-05-31 14:12:13 - [MESSAGE][PASSED] - Delayed 2 second(s)

2018-05-31 14:12:13 - [TEST_STEP][PASSED] - Statement - out.println("BatchQty : " + batchqty): null

2018-05-31 14:12:13 - [TEST_STEP][PASSED] - Statement - out.println("RQty : " + Rqty): null

2018-05-31 14:12:13 - [TEST_STEP][PASSED] - Statement - If (java.lang.Integer.valueOf(batchqty) >= java.lang.Integer.valueOf(Rqty)): null

2018-05-31 14:12:13 - [TEST_STEP][PASSED] - Statement - Break: null

2018-05-31 14:12:13 - [TEST_STEP][PASSED] - Statement - batchlength = new com.kms.katalon.core.testobject.TestObject(): null

2018-05-31 14:12:13 - [TEST_STEP][PASSED] - Statement - batchlength = com.kms.katalon.core.webui.keyword.WebUiBuiltInKeywords.modifyObjectProperty(batchlength, "xpath", "equals", "//*[@id = "fldvendor" + row + ""]", true): Modify property of object successfully

2018-05-31 14:12:13 - [MESSAGE][PASSED] - Modify property of object successfully

2018-05-31 14:12:13 - [TEST_STEP][PASSED] - Statement - batchsize = com.kms.katalon.core.webui.keyword.WebUiBuiltInKeywords.getNumberOfTotalOption(batchlength): 12 options of object '' counted

2018-05-31 14:12:13 - [MESSAGE][PASSED] - 12 options of object '' counted

2018-05-31 14:12:13 - [TEST_STEP][PASSED] - Statement - out.println("BatchSize : " + batchsize): null

2018-05-31 14:12:13 - [TEST_STEP][PASSED] - Statement - For ([n = 1, n <= batchsize - 1, (n++)]): null

2018-05-31 14:12:13 - [TEST_STEP][PASSED] - Statement - product = new com.kms.katalon.core.testobject.TestObject(): null

2018-05-31 14:12:13 - [TEST_STEP][PASSED] - Statement - product = com.kms.katalon.core.webui.keyword.WebUiBuiltInKeywords.modifyObjectProperty(product, "xpath", "equals", "//*[@id = "fldvendor" + row + ""]", true): Modify property of object successfully

2018-05-31 14:12:13 - [MESSAGE][PASSED] - Modify property of object successfully

2018-05-31 14:12:13 - [TEST_STEP][PASSED] - selectOptionByIndex: All options with index in [1] are selected on object ''

2018-05-31 14:12:14 - [MESSAGE][PASSED] - All options with index in [1] are selected on object ''

2018-05-31 14:12:14 - [TEST_STEP][PASSED] - Statement - batch = new com.kms.katalon.core.testobject.TestObject(): null

2018-05-31 14:12:14 - [TEST_STEP][PASSED] - Statement - batch = com.kms.katalon.core.webui.keyword.WebUiBuiltInKeywords.modifyObjectProperty(batch, "xpath", "equals", "//*[@id = "txtbthqty" + row + ""]", true): Modify property of object successfully

2018-05-31 14:12:14 - [MESSAGE][PASSED] - Modify property of object successfully

2018-05-31 14:12:14 - [TEST_STEP][PASSED] - Statement - batchqty = com.kms.katalon.core.webui.keyword.WebUiBuiltInKeywords.getAttribute(batch, "value").trim(): Attribute 'value' of object '' is: '3500'

2018-05-31 14:12:14 - [MESSAGE][PASSED] - Attribute 'value' of object '' is: '3500'

2018-05-31 14:12:14 - [TEST_STEP][PASSED] - Statement - Rqty = 100: null

2018-05-31 14:12:14 - [TEST_STEP][PASSED] - delay: Delayed 2 second(s)

2018-05-31 14:12:16 - [MESSAGE][PASSED] - Delayed 2 second(s)

2018-05-31 14:12:16 - [TEST_STEP][PASSED] - Statement - out.println("BatchQty : " + batchqty): null

2018-05-31 14:12:16 - [TEST_STEP][PASSED] - Statement - out.println("RQty : " + Rqty): null

2018-05-31 14:12:16 - [TEST_STEP][PASSED] - Statement - If (java.lang.Integer.valueOf(batchqty) >= java.lang.Integer.valueOf(Rqty)): null

2018-05-31 14:12:16 - [TEST_STEP][PASSED] - Statement - Break: null

2018-05-31 14:12:16 - [TEST_STEP][PASSED] - Statement - batchlength = new com.kms.katalon.core.testobject.TestObject(): null

2018-05-31 14:12:16 - [TEST_STEP][PASSED] - Statement - batchlength = com.kms.katalon.core.webui.keyword.WebUiBuiltInKeywords.modifyObjectProperty(batchlength, "xpath", "equals", "//*[@id = "fldvendor" + row + ""]", true): Modify property of object successfully

2018-05-31 14:12:16 - [MESSAGE][PASSED] - Modify property of object successfully

2018-05-31 14:12:16 - [TEST_STEP][PASSED] - Statement - batchsize = com.kms.katalon.core.webui.keyword.WebUiBuiltInKeywords.getNumberOfTotalOption(batchlength): 12 options of object '' counted

2018-05-31 14:12:16 - [MESSAGE][PASSED] - 12 options of object '' counted

2018-05-31 14:12:16 - [TEST_STEP][PASSED] - Statement - out.println("BatchSize : " + batchsize): null

2018-05-31 14:12:16 - [TEST_STEP][PASSED] - Statement - For ([n = 1, n <= batchsize - 1, (n++)]): null

2018-05-31 14:12:16 - [TEST_STEP][PASSED] - Statement - product = new com.kms.katalon.core.testobject.TestObject(): null

2018-05-31 14:12:16 - [TEST_STEP][PASSED] - Statement - product = com.kms.katalon.core.webui.keyword.WebUiBuiltInKeywords.modifyObjectProperty(product, "xpath", "equals", "//*[@id = "fldvendor" + row + ""]", true): Modify property of object successfully

2018-05-31 14:12:16 - [MESSAGE][PASSED] - Modify property of object successfully

2018-05-31 14:12:16 - [TEST_STEP][PASSED] - selectOptionByIndex: All options with index in [1] are selected on object ''

2018-05-31 14:12:16 - [MESSAGE][PASSED] - All options with index in [1] are selected on object ''

2018-05-31 14:12:16 - [TEST_STEP][PASSED] - Statement - batch = new com.kms.katalon.core.testobject.TestObject(): null

2018-05-31 14:12:16 - [TEST_STEP][PASSED] - Statement - batch = com.kms.katalon.core.webui.keyword.WebUiBuiltInKeywords.modifyObjectProperty(batch, "xpath", "equals", "//*[@id = "txtbthqty" + row + ""]", true): Modify property of object successfully

2018-05-31 14:12:16 - [MESSAGE][PASSED] - Modify property of object successfully

2018-05-31 14:12:16 - [TEST_STEP][PASSED] - Statement - batchqty = com.kms.katalon.core.webui.keyword.WebUiBuiltInKeywords.getAttribute(batch, "value").trim(): Attribute 'value' of object '' is: '4800'

2018-05-31 14:12:16 - [MESSAGE][PASSED] - Attribute 'value' of object '' is: '4800'

2018-05-31 14:12:16 - [TEST_STEP][PASSED] - Statement - Rqty = 100: null

2018-05-31 14:12:16 - [TEST_STEP][PASSED] - delay: Delayed 2 second(s)

2018-05-31 14:12:18 - [MESSAGE][PASSED] - Delayed 2 second(s)

2018-05-31 14:12:18 - [TEST_STEP][PASSED] - Statement - out.println("BatchQty : " + batchqty): null

2018-05-31 14:12:18 - [TEST_STEP][PASSED] - Statement - out.println("RQty : " + Rqty): null

2018-05-31 14:12:18 - [TEST_STEP][PASSED] - Statement - If (java.lang.Integer.valueOf(batchqty) >= java.lang.Integer.valueOf(Rqty)): null

2018-05-31 14:12:18 - [TEST_STEP][PASSED] - Statement - Break: null

2018-05-31 14:12:18 - [TEST_STEP][PASSED] - Statement - batchlength = new com.kms.katalon.core.testobject.TestObject(): null

2018-05-31 14:12:18 - [TEST_STEP][PASSED] - Statement - batchlength = com.kms.katalon.core.webui.keyword.WebUiBuiltInKeywords.modifyObjectProperty(batchlength, "xpath", "equals", "//*[@id = "fldvendor" + row + ""]", true): Modify property of object successfully

2018-05-31 14:12:18 - [MESSAGE][PASSED] - Modify property of object successfully

2018-05-31 14:12:18 - [TEST_STEP][PASSED] - Statement - batchsize = com.kms.katalon.core.webui.keyword.WebUiBuiltInKeywords.getNumberOfTotalOption(batchlength): 12 options of object '' counted

2018-05-31 14:12:18 - [MESSAGE][PASSED] - 12 options of object '' counted

2018-05-31 14:12:18 - [TEST_STEP][PASSED] - Statement - out.println("BatchSize : " + batchsize): null

2018-05-31 14:12:18 - [TEST_STEP][PASSED] - Statement - For ([n = 1, n <= batchsize - 1, (n++)]): null

2018-05-31 14:12:18 - [TEST_STEP][PASSED] - Statement - product = new com.kms.katalon.core.testobject.TestObject(): null

2018-05-31 14:12:18 - [TEST_STEP][PASSED] - Statement - product = com.kms.katalon.core.webui.keyword.WebUiBuiltInKeywords.modifyObjectProperty(product, "xpath", "equals", "//*[@id = "fldvendor" + row + ""]", true): Modify property of object successfully

2018-05-31 14:12:18 - [MESSAGE][PASSED] - Modify property of object successfully

2018-05-31 14:12:18 - [TEST_STEP][PASSED] - selectOptionByIndex: All options with index in [1] are selected on object ''

2018-05-31 14:12:18 - [MESSAGE][PASSED] - All options with index in [1] are selected on object ''

2018-05-31 14:12:18 - [TEST_STEP][PASSED] - Statement - batch = new com.kms.katalon.core.testobject.TestObject(): null

2018-05-31 14:12:18 - [TEST_STEP][PASSED] - Statement - batch = com.kms.katalon.core.webui.keyword.WebUiBuiltInKeywords.modifyObjectProperty(batch, "xpath", "equals", "//*[@id = "txtbthqty" + row + ""]", true): Modify property of object successfully

2018-05-31 14:12:18 - [MESSAGE][PASSED] - Modify property of object successfully

2018-05-31 14:12:18 - [TEST_STEP][PASSED] - Statement - batchqty = com.kms.katalon.core.webui.keyword.WebUiBuiltInKeywords.getAttribute(batch, "value").trim(): Attribute 'value' of object '' is: '3500'

2018-05-31 14:12:18 - [MESSAGE][PASSED] - Attribute 'value' of object '' is: '3500'

2018-05-31 14:12:18 - [TEST_STEP][PASSED] - Statement - Rqty = 100: null

2018-05-31 14:12:18 - [TEST_STEP][PASSED] - delay: Delayed 2 second(s)

2018-05-31 14:12:20 - [MESSAGE][PASSED] - Delayed 2 second(s)

2018-05-31 14:12:20 - [TEST_STEP][PASSED] - Statement - out.println("BatchQty : " + batchqty): null

2018-05-31 14:12:20 - [TEST_STEP][PASSED] - Statement - out.println("RQty : " + Rqty): null

2018-05-31 14:12:20 - [TEST_STEP][PASSED] - Statement - If (java.lang.Integer.valueOf(batchqty) >= java.lang.Integer.valueOf(Rqty)): null

2018-05-31 14:12:20 - [TEST_STEP][PASSED] - Statement - Break: null

2018-05-31 14:12:20 - [TEST_STEP][PASSED] - Statement - batchlength = new com.kms.katalon.core.testobject.TestObject(): null

2018-05-31 14:12:20 - [TEST_STEP][PASSED] - Statement - batchlength = com.kms.katalon.core.webui.keyword.WebUiBuiltInKeywords.modifyObjectProperty(batchlength, "xpath", "equals", "//*[@id = "fldvendor" + row + ""]", true): Modify property of object successfully

2018-05-31 14:12:20 - [MESSAGE][PASSED] - Modify property of object successfully

2018-05-31 14:12:20 - [TEST_STEP][PASSED] - Statement - batchsize = com.kms.katalon.core.webui.keyword.WebUiBuiltInKeywords.getNumberOfTotalOption(batchlength): 12 options of object '' counted

2018-05-31 14:12:20 - [MESSAGE][PASSED] - 12 options of object '' counted

2018-05-31 14:12:20 - [TEST_STEP][PASSED] - Statement - out.println("BatchSize : " + batchsize): null

2018-05-31 14:12:20 - [TEST_STEP][PASSED] - Statement - For ([n = 1, n <= batchsize - 1, (n++)]): null

2018-05-31 14:12:20 - [TEST_STEP][PASSED] - Statement - product = new com.kms.katalon.core.testobject.TestObject(): null

2018-05-31 14:12:20 - [TEST_STEP][PASSED] - Statement - product = com.kms.katalon.core.webui.keyword.WebUiBuiltInKeywords.modifyObjectProperty(product, "xpath", "equals", "//*[@id = "fldvendor" + row + ""]", true): Modify property of object successfully

2018-05-31 14:12:20 - [MESSAGE][PASSED] - Modify property of object successfully

2018-05-31 14:12:20 - [TEST_STEP][PASSED] - selectOptionByIndex: All options with index in [1] are selected on object ''

2018-05-31 14:12:20 - [MESSAGE][PASSED] - All options with index in [1] are selected on object ''

2018-05-31 14:12:20 - [TEST_STEP][PASSED] - Statement - batch = new com.kms.katalon.core.testobject.TestObject(): null

2018-05-31 14:12:20 - [TEST_STEP][PASSED] - Statement - batch = com.kms.katalon.core.webui.keyword.WebUiBuiltInKeywords.modifyObjectProperty(batch, "xpath", "equals", "//*[@id = "txtbthqty" + row + ""]", true): Modify property of object successfully

2018-05-31 14:12:20 - [MESSAGE][PASSED] - Modify property of object successfully

2018-05-31 14:12:20 - [TEST_STEP][PASSED] - Statement - batchqty = com.kms.katalon.core.webui.keyword.WebUiBuiltInKeywords.getAttribute(batch, "value").trim(): Attribute 'value' of object '' is: '3500'

2018-05-31 14:12:20 - [MESSAGE][PASSED] - Attribute 'value' of object '' is: '3500'

2018-05-31 14:12:20 - [TEST_STEP][PASSED] - Statement - Rqty = 100: null

2018-05-31 14:12:20 - [TEST_STEP][PASSED] - delay: Delayed 2 second(s)

2018-05-31 14:12:22 - [MESSAGE][PASSED] - Delayed 2 second(s)

2018-05-31 14:12:22 - [TEST_STEP][PASSED] - Statement - out.println("BatchQty : " + batchqty): null

2018-05-31 14:12:22 - [TEST_STEP][PASSED] - Statement - out.println("RQty : " + Rqty): null

2018-05-31 14:12:22 - [TEST_STEP][PASSED] - Statement - If (java.lang.Integer.valueOf(batchqty) >= java.lang.Integer.valueOf(Rqty)): null

2018-05-31 14:12:22 - [TEST_STEP][PASSED] - Statement - Break: null

2018-05-31 14:12:22 - [TEST_STEP][PASSED] - Statement - batchlength = new com.kms.katalon.core.testobject.TestObject(): null

2018-05-31 14:12:22 - [TEST_STEP][PASSED] - Statement - batchlength = com.kms.katalon.core.webui.keyword.WebUiBuiltInKeywords.modifyObjectProperty(batchlength, "xpath", "equals", "//*[@id = "fldvendor" + row + ""]", true): Modify property of object successfully

2018-05-31 14:12:22 - [MESSAGE][PASSED] - Modify property of object successfully

2018-05-31 14:12:22 - [TEST_STEP][PASSED] - Statement - batchsize = com.kms.katalon.core.webui.keyword.WebUiBuiltInKeywords.getNumberOfTotalOption(batchlength): 12 options of object '' counted

2018-05-31 14:12:22 - [MESSAGE][PASSED] - 12 options of object '' counted

2018-05-31 14:12:22 - [TEST_STEP][PASSED] - Statement - out.println("BatchSize : " + batchsize): null

2018-05-31 14:12:22 - [TEST_STEP][PASSED] - Statement - For ([n = 1, n <= batchsize - 1, (n++)]): null

2018-05-31 14:12:22 - [TEST_STEP][PASSED] - Statement - product = new com.kms.katalon.core.testobject.TestObject(): null

2018-05-31 14:12:22 - [TEST_STEP][PASSED] - Statement - product = com.kms.katalon.core.webui.keyword.WebUiBuiltInKeywords.modifyObjectProperty(product, "xpath", "equals", "//*[@id = "fldvendor" + row + ""]", true): Modify property of object successfully

2018-05-31 14:12:22 - [MESSAGE][PASSED] - Modify property of object successfully

2018-05-31 14:12:22 - [TEST_STEP][PASSED] - selectOptionByIndex: All options with index in [1] are selected on object ''

2018-05-31 14:12:23 - [MESSAGE][PASSED] - All options with index in [1] are selected on object ''

2018-05-31 14:12:23 - [TEST_STEP][PASSED] - Statement - batch = new com.kms.katalon.core.testobject.TestObject(): null

2018-05-31 14:12:23 - [TEST_STEP][PASSED] - Statement - batch = com.kms.katalon.core.webui.keyword.WebUiBuiltInKeywords.modifyObjectProperty(batch, "xpath", "equals", "//*[@id = "txtbthqty" + row + ""]", true): Modify property of object successfully

2018-05-31 14:12:23 - [MESSAGE][PASSED] - Modify property of object successfully

2018-05-31 14:12:23 - [TEST_STEP][PASSED] - Statement - batchqty = com.kms.katalon.core.webui.keyword.WebUiBuiltInKeywords.getAttribute(batch, "value").trim(): Attribute 'value' of object '' is: '4500'

2018-05-31 14:12:23 - [MESSAGE][PASSED] - Attribute 'value' of object '' is: '4500'

2018-05-31 14:12:23 - [TEST_STEP][PASSED] - Statement - Rqty = 100: null

2018-05-31 14:12:23 - [TEST_STEP][PASSED] - delay: Delayed 2 second(s)

2018-05-31 14:12:25 - [MESSAGE][PASSED] - Delayed 2 second(s)

2018-05-31 14:12:25 - [TEST_STEP][PASSED] - Statement - out.println("BatchQty : " + batchqty): null

2018-05-31 14:12:25 - [TEST_STEP][PASSED] - Statement - out.println("RQty : " + Rqty): null

2018-05-31 14:12:25 - [TEST_STEP][PASSED] - Statement - If (java.lang.Integer.valueOf(batchqty) >= java.lang.Integer.valueOf(Rqty)): null

2018-05-31 14:12:25 - [TEST_STEP][PASSED] - Statement - Break: null

2018-05-31 14:12:25 - [TEST_STEP][PASSED] - Statement - batchlength = new com.kms.katalon.core.testobject.TestObject(): null

2018-05-31 14:12:25 - [TEST_STEP][PASSED] - Statement - batchlength = com.kms.katalon.core.webui.keyword.WebUiBuiltInKeywords.modifyObjectProperty(batchlength, "xpath", "equals", "//*[@id = "fldvendor" + row + ""]", true): Modify property of object successfully

2018-05-31 14:12:25 - [MESSAGE][PASSED] - Modify property of object successfully

2018-05-31 14:12:25 - [TEST_STEP][PASSED] - Statement - batchsize = com.kms.katalon.core.webui.keyword.WebUiBuiltInKeywords.getNumberOfTotalOption(batchlength): 12 options of object '' counted

2018-05-31 14:12:25 - [MESSAGE][PASSED] - 12 options of object '' counted

2018-05-31 14:12:25 - [TEST_STEP][PASSED] - Statement - out.println("BatchSize : " + batchsize): null

2018-05-31 14:12:25 - [TEST_STEP][PASSED] - Statement - For ([n = 1, n <= batchsize - 1, (n++)]): null

2018-05-31 14:12:25 - [TEST_STEP][PASSED] - Statement - product = new com.kms.katalon.core.testobject.TestObject(): null

2018-05-31 14:12:25 - [TEST_STEP][PASSED] - Statement - product = com.kms.katalon.core.webui.keyword.WebUiBuiltInKeywords.modifyObjectProperty(product, "xpath", "equals", "//*[@id = "fldvendor" + row + ""]", true): Modify property of object successfully

2018-05-31 14:12:25 - [MESSAGE][PASSED] - Modify property of object successfully

2018-05-31 14:12:25 - [TEST_STEP][PASSED] - selectOptionByIndex: All options with index in [1] are selected on object ''

2018-05-31 14:12:25 - [MESSAGE][PASSED] - All options with index in [1] are selected on object ''

2018-05-31 14:12:25 - [TEST_STEP][PASSED] - Statement - batch = new com.kms.katalon.core.testobject.TestObject(): null

2018-05-31 14:12:25 - [TEST_STEP][PASSED] - Statement - batch = com.kms.katalon.core.webui.keyword.WebUiBuiltInKeywords.modifyObjectProperty(batch, "xpath", "equals", "//*[@id = "txtbthqty" + row + ""]", true): Modify property of object successfully

2018-05-31 14:12:25 - [MESSAGE][PASSED] - Modify property of object successfully

2018-05-31 14:12:25 - [TEST_STEP][PASSED] - Statement - batchqty = com.kms.katalon.core.webui.keyword.WebUiBuiltInKeywords.getAttribute(batch, "value").trim(): Attribute 'value' of object '' is: '4500'

2018-05-31 14:12:25 - [MESSAGE][PASSED] - Attribute 'value' of object '' is: '4500'

2018-05-31 14:12:25 - [TEST_STEP][PASSED] - Statement - Rqty = 100: null

2018-05-31 14:12:25 - [TEST_STEP][PASSED] - delay: Delayed 2 second(s)

2018-05-31 14:12:27 - [MESSAGE][PASSED] - Delayed 2 second(s)

2018-05-31 14:12:27 - [TEST_STEP][PASSED] - Statement - out.println("BatchQty : " + batchqty): null

2018-05-31 14:12:27 - [TEST_STEP][PASSED] - Statement - out.println("RQty : " + Rqty): null

2018-05-31 14:12:27 - [TEST_STEP][PASSED] - Statement - If (java.lang.Integer.valueOf(batchqty) >= java.lang.Integer.valueOf(Rqty)): null

2018-05-31 14:12:27 - [TEST_STEP][PASSED] - Statement - Break: null

2018-05-31 14:12:27 - [TEST_STEP][PASSED] - Statement - batchlength = new com.kms.katalon.core.testobject.TestObject(): null

2018-05-31 14:12:27 - [TEST_STEP][PASSED] - Statement - batchlength = com.kms.katalon.core.webui.keyword.WebUiBuiltInKeywords.modifyObjectProperty(batchlength, "xpath", "equals", "//*[@id = "fldvendor" + row + ""]", true): Modify property of object successfully

2018-05-31 14:12:27 - [MESSAGE][PASSED] - Modify property of object successfully

2018-05-31 14:12:27 - [TEST_STEP][PASSED] - Statement - batchsize = com.kms.katalon.core.webui.keyword.WebUiBuiltInKeywords.getNumberOfTotalOption(batchlength): 12 options of object '' counted

2018-05-31 14:12:27 - [MESSAGE][PASSED] - 12 options of object '' counted

2018-05-31 14:12:27 - [TEST_STEP][PASSED] - Statement - out.println("BatchSize : " + batchsize): null

2018-05-31 14:12:27 - [TEST_STEP][PASSED] - Statement - For ([n = 1, n <= batchsize - 1, (n++)]): null

2018-05-31 14:12:27 - [TEST_STEP][PASSED] - Statement - product = new com.kms.katalon.core.testobject.TestObject(): null

2018-05-31 14:12:27 - [TEST_STEP][PASSED] - Statement - product = com.kms.katalon.core.webui.keyword.WebUiBuiltInKeywords.modifyObjectProperty(product, "xpath", "equals", "//*[@id = "fldvendor" + row + ""]", true): Modify property of object successfully

2018-05-31 14:12:27 - [MESSAGE][PASSED] - Modify property of object successfully

2018-05-31 14:12:27 - [TEST_STEP][PASSED] - selectOptionByIndex: All options with index in [1] are selected on object ''

2018-05-31 14:12:27 - [MESSAGE][PASSED] - All options with index in [1] are selected on object ''

2018-05-31 14:12:27 - [TEST_STEP][PASSED] - Statement - batch = new com.kms.katalon.core.testobject.TestObject(): null

2018-05-31 14:12:27 - [TEST_STEP][PASSED] - Statement - batch = com.kms.katalon.core.webui.keyword.WebUiBuiltInKeywords.modifyObjectProperty(batch, "xpath", "equals", "//*[@id = "txtbthqty" + row + ""]", true): Modify property of object successfully

2018-05-31 14:12:27 - [MESSAGE][PASSED] - Modify property of object successfully

2018-05-31 14:12:27 - [TEST_STEP][PASSED] - Statement - batchqty = com.kms.katalon.core.webui.keyword.WebUiBuiltInKeywords.getAttribute(batch, "value").trim(): Attribute 'value' of object '' is: '4500'

2018-05-31 14:12:27 - [MESSAGE][PASSED] - Attribute 'value' of object '' is: '4500'

2018-05-31 14:12:27 - [TEST_STEP][PASSED] - Statement - Rqty = 100: null

2018-05-31 14:12:27 - [TEST_STEP][PASSED] - delay: Delayed 2 second(s)

2018-05-31 14:12:29 - [MESSAGE][PASSED] - Delayed 2 second(s)

2018-05-31 14:12:29 - [TEST_STEP][PASSED] - Statement - out.println("BatchQty : " + batchqty): null

2018-05-31 14:12:29 - [TEST_STEP][PASSED] - Statement - out.println("RQty : " + Rqty): null

2018-05-31 14:12:29 - [TEST_STEP][PASSED] - Statement - If (java.lang.Integer.valueOf(batchqty) >= java.lang.Integer.valueOf(Rqty)): null

2018-05-31 14:12:29 - [TEST_STEP][PASSED] - Statement - Break: null

2018-05-31 14:12:29 - [TEST_STEP][PASSED] - Statement - batchlength = new com.kms.katalon.core.testobject.TestObject(): null

2018-05-31 14:12:29 - [TEST_STEP][PASSED] - Statement - batchlength = com.kms.katalon.core.webui.keyword.WebUiBuiltInKeywords.modifyObjectProperty(batchlength, "xpath", "equals", "//*[@id = "fldvendor" + row + ""]", true): Modify property of object successfully

2018-05-31 14:12:29 - [MESSAGE][PASSED] - Modify property of object successfully

2018-05-31 14:12:29 - [TEST_STEP][PASSED] - Statement - batchsize = com.kms.katalon.core.webui.keyword.WebUiBuiltInKeywords.getNumberOfTotalOption(batchlength): 12 options of object '' counted

2018-05-31 14:12:29 - [MESSAGE][PASSED] - 12 options of object '' counted

2018-05-31 14:12:29 - [TEST_STEP][PASSED] - Statement - out.println("BatchSize : " + batchsize): null

2018-05-31 14:12:29 - [TEST_STEP][PASSED] - Statement - For ([n = 1, n <= batchsize - 1, (n++)]): null

2018-05-31 14:12:29 - [TEST_STEP][PASSED] - Statement - product = new com.kms.katalon.core.testobject.TestObject(): null

2018-05-31 14:12:29 - [TEST_STEP][PASSED] - Statement - product = com.kms.katalon.core.webui.keyword.WebUiBuiltInKeywords.modifyObjectProperty(product, "xpath", "equals", "//*[@id = "fldvendor" + row + ""]", true): Modify property of object successfully

2018-05-31 14:12:29 - [MESSAGE][PASSED] - Modify property of object successfully

2018-05-31 14:12:29 - [TEST_STEP][PASSED] - selectOptionByIndex: All options with index in [1] are selected on object ''

2018-05-31 14:12:29 - [MESSAGE][PASSED] - All options with index in [1] are selected on object ''

2018-05-31 14:12:29 - [TEST_STEP][PASSED] - Statement - batch = new com.kms.katalon.core.testobject.TestObject(): null

2018-05-31 14:12:29 - [TEST_STEP][PASSED] - Statement - batch = com.kms.katalon.core.webui.keyword.WebUiBuiltInKeywords.modifyObjectProperty(batch, "xpath", "equals", "//*[@id = "txtbthqty" + row + ""]", true): Modify property of object successfully

2018-05-31 14:12:29 - [MESSAGE][PASSED] - Modify property of object successfully

2018-05-31 14:12:29 - [TEST_STEP][PASSED] - Statement - batchqty = com.kms.katalon.core.webui.keyword.WebUiBuiltInKeywords.getAttribute(batch, "value").trim(): Attribute 'value' of object '' is: '3500'

2018-05-31 14:12:29 - [MESSAGE][PASSED] - Attribute 'value' of object '' is: '3500'

2018-05-31 14:12:29 - [TEST_STEP][PASSED] - Statement - Rqty = 100: null

2018-05-31 14:12:29 - [TEST_STEP][PASSED] - delay: Delayed 2 second(s)

2018-05-31 14:12:31 - [MESSAGE][PASSED] - Delayed 2 second(s)

2018-05-31 14:12:31 - [TEST_STEP][PASSED] - Statement - out.println("BatchQty : " + batchqty): null

2018-05-31 14:12:31 - [TEST_STEP][PASSED] - Statement - out.println("RQty : " + Rqty): null

2018-05-31 14:12:31 - [TEST_STEP][PASSED] - Statement - If (java.lang.Integer.valueOf(batchqty) >= java.lang.Integer.valueOf(Rqty)): null

2018-05-31 14:12:31 - [TEST_STEP][PASSED] - Statement - Break: null

2018-05-31 14:12:31 - [TEST_STEP][PASSED] - Statement - batchlength = new com.kms.katalon.core.testobject.TestObject(): null

2018-05-31 14:12:31 - [TEST_STEP][PASSED] - Statement - batchlength = com.kms.katalon.core.webui.keyword.WebUiBuiltInKeywords.modifyObjectProperty(batchlength, "xpath", "equals", "//*[@id = "fldvendor" + row + ""]", true): Modify property of object successfully

2018-05-31 14:12:31 - [MESSAGE][PASSED] - Modify property of object successfully

2018-05-31 14:12:31 - [TEST_STEP][PASSED] - Statement - batchsize = com.kms.katalon.core.webui.keyword.WebUiBuiltInKeywords.getNumberOfTotalOption(batchlength): 12 options of object '' counted

2018-05-31 14:12:32 - [MESSAGE][PASSED] - 12 options of object '' counted

2018-05-31 14:12:32 - [TEST_STEP][PASSED] - Statement - out.println("BatchSize : " + batchsize): null

2018-05-31 14:12:32 - [TEST_STEP][PASSED] - Statement - For ([n = 1, n <= batchsize - 1, (n++)]): null

2018-05-31 14:12:32 - [TEST_STEP][PASSED] - Statement - product = new com.kms.katalon.core.testobject.TestObject(): null

2018-05-31 14:12:32 - [TEST_STEP][PASSED] - Statement - product = com.kms.katalon.core.webui.keyword.WebUiBuiltInKeywords.modifyObjectProperty(product, "xpath", "equals", "//*[@id = "fldvendor" + row + ""]", true): Modify property of object successfully

2018-05-31 14:12:32 - [MESSAGE][PASSED] - Modify property of object successfully

2018-05-31 14:12:32 - [TEST_STEP][PASSED] - selectOptionByIndex: All options with index in [1] are selected on object ''

2018-05-31 14:12:32 - [MESSAGE][PASSED] - All options with index in [1] are selected on object ''

2018-05-31 14:12:32 - [TEST_STEP][PASSED] - Statement - batch = new com.kms.katalon.core.testobject.TestObject(): null

2018-05-31 14:12:32 - [TEST_STEP][PASSED] - Statement - batch = com.kms.katalon.core.webui.keyword.WebUiBuiltInKeywords.modifyObjectProperty(batch, "xpath", "equals", "//*[@id = "txtbthqty" + row + ""]", true): Modify property of object successfully

2018-05-31 14:12:32 - [MESSAGE][PASSED] - Modify property of object successfully

2018-05-31 14:12:32 - [TEST_STEP][PASSED] - Statement - batchqty = com.kms.katalon.core.webui.keyword.WebUiBuiltInKeywords.getAttribute(batch, "value").trim(): Attribute 'value' of object '' is: '2500'

2018-05-31 14:12:32 - [MESSAGE][PASSED] - Attribute 'value' of object '' is: '2500'

2018-05-31 14:12:32 - [TEST_STEP][PASSED] - Statement - Rqty = 100: null

2018-05-31 14:12:32 - [TEST_STEP][PASSED] - delay: Delayed 2 second(s)

2018-05-31 14:12:34 - [MESSAGE][PASSED] - Delayed 2 second(s)

2018-05-31 14:12:34 - [TEST_STEP][PASSED] - Statement - out.println("BatchQty : " + batchqty): null

2018-05-31 14:12:34 - [TEST_STEP][PASSED] - Statement - out.println("RQty : " + Rqty): null

2018-05-31 14:12:34 - [TEST_STEP][PASSED] - Statement - If (java.lang.Integer.valueOf(batchqty) >= java.lang.Integer.valueOf(Rqty)): null

2018-05-31 14:12:34 - [TEST_STEP][PASSED] - Statement - Break: null

2018-05-31 14:12:34 - [TEST_STEP][PASSED] - Statement - batchlength = new com.kms.katalon.core.testobject.TestObject(): null

2018-05-31 14:12:34 - [TEST_STEP][PASSED] - Statement - batchlength = com.kms.katalon.core.webui.keyword.WebUiBuiltInKeywords.modifyObjectProperty(batchlength, "xpath", "equals", "//*[@id = "fldvendor" + row + ""]", true): Modify property of object successfully

2018-05-31 14:12:34 - [MESSAGE][PASSED] - Modify property of object successfully

2018-05-31 14:12:34 - [TEST_STEP][PASSED] - Statement - batchsize = com.kms.katalon.core.webui.keyword.WebUiBuiltInKeywords.getNumberOfTotalOption(batchlength): 12 options of object '' counted

2018-05-31 14:12:34 - [MESSAGE][PASSED] - 12 options of object '' counted

2018-05-31 14:12:34 - [TEST_STEP][PASSED] - Statement - out.println("BatchSize : " + batchsize): null

2018-05-31 14:12:34 - [TEST_STEP][PASSED] - Statement - For ([n = 1, n <= batchsize - 1, (n++)]): null

2018-05-31 14:12:34 - [TEST_STEP][PASSED] - Statement - product = new com.kms.katalon.core.testobject.TestObject(): null

2018-05-31 14:12:34 - [TEST_STEP][PASSED] - Statement - product = com.kms.katalon.core.webui.keyword.WebUiBuiltInKeywords.modifyObjectProperty(product, "xpath", "equals", "//*[@id = "fldvendor" + row + ""]", true): Modify property of object successfully

2018-05-31 14:12:34 - [MESSAGE][PASSED] - Modify property of object successfully

2018-05-31 14:12:34 - [TEST_STEP][PASSED] - selectOptionByIndex: All options with index in [1] are selected on object ''

2018-05-31 14:12:34 - [MESSAGE][PASSED] - All options with index in [1] are selected on object ''

2018-05-31 14:12:34 - [TEST_STEP][PASSED] - Statement - batch = new com.kms.katalon.core.testobject.TestObject(): null

2018-05-31 14:12:34 - [TEST_STEP][PASSED] - Statement - batch = com.kms.katalon.core.webui.keyword.WebUiBuiltInKeywords.modifyObjectProperty(batch, "xpath", "equals", "//*[@id = "txtbthqty" + row + ""]", true): Modify property of object successfully

2018-05-31 14:12:34 - [MESSAGE][PASSED] - Modify property of object successfully

2018-05-31 14:12:34 - [TEST_STEP][PASSED] - Statement - batchqty = com.kms.katalon.core.webui.keyword.WebUiBuiltInKeywords.getAttribute(batch, "value").trim(): Attribute 'value' of object '' is: '4600'

2018-05-31 14:12:34 - [MESSAGE][PASSED] - Attribute 'value' of object '' is: '4600'

2018-05-31 14:12:34 - [TEST_STEP][PASSED] - Statement - Rqty = 100: null

2018-05-31 14:12:34 - [TEST_STEP][PASSED] - delay: Delayed 2 second(s)

2018-05-31 14:12:36 - [MESSAGE][PASSED] - Delayed 2 second(s)

2018-05-31 14:12:36 - [TEST_STEP][PASSED] - Statement - out.println("BatchQty : " + batchqty): null

2018-05-31 14:12:36 - [TEST_STEP][PASSED] - Statement - out.println("RQty : " + Rqty): null

2018-05-31 14:12:36 - [TEST_STEP][PASSED] - Statement - If (java.lang.Integer.valueOf(batchqty) >= java.lang.Integer.valueOf(Rqty)): null

2018-05-31 14:12:36 - [TEST_STEP][PASSED] - Statement - Break: null

2018-05-31 14:12:36 - [TEST_STEP][PASSED] - Statement - batchlength = new com.kms.katalon.core.testobject.TestObject(): null

2018-05-31 14:12:36 - [TEST_STEP][PASSED] - Statement - batchlength = com.kms.katalon.core.webui.keyword.WebUiBuiltInKeywords.modifyObjectProperty(batchlength, "xpath", "equals", "//*[@id = "fldvendor" + row + ""]", true): Modify property of object successfully

2018-05-31 14:12:36 - [MESSAGE][PASSED] - Modify property of object successfully

2018-05-31 14:12:36 - [TEST_STEP][PASSED] - Statement - batchsize = com.kms.katalon.core.webui.keyword.WebUiBuiltInKeywords.getNumberOfTotalOption(batchlength): 12 options of object '' counted

2018-05-31 14:12:36 - [MESSAGE][PASSED] - 12 options of object '' counted

2018-05-31 14:12:36 - [TEST_STEP][PASSED] - Statement - out.println("BatchSize : " + batchsize): null

2018-05-31 14:12:36 - [TEST_STEP][PASSED] - Statement - For ([n = 1, n <= batchsize - 1, (n++)]): null

2018-05-31 14:12:36 - [TEST_STEP][PASSED] - Statement - product = new com.kms.katalon.core.testobject.TestObject(): null

2018-05-31 14:12:36 - [TEST_STEP][PASSED] - Statement - product = com.kms.katalon.core.webui.keyword.WebUiBuiltInKeywords.modifyObjectProperty(product, "xpath", "equals", "//*[@id = "fldvendor" + row + ""]", true): Modify property of object successfully

2018-05-31 14:12:36 - [MESSAGE][PASSED] - Modify property of object successfully

2018-05-31 14:12:36 - [TEST_STEP][PASSED] - selectOptionByIndex: All options with index in [1] are selected on object ''

2018-05-31 14:12:36 - [MESSAGE][PASSED] - All options with index in [1] are selected on object ''

2018-05-31 14:12:36 - [TEST_STEP][PASSED] - Statement - batch = new com.kms.katalon.core.testobject.TestObject(): null

2018-05-31 14:12:36 - [TEST_STEP][PASSED] - Statement - batch = com.kms.katalon.core.webui.keyword.WebUiBuiltInKeywords.modifyObjectProperty(batch, "xpath", "equals", "//*[@id = "txtbthqty" + row + ""]", true): Modify property of object successfully

2018-05-31 14:12:36 - [MESSAGE][PASSED] - Modify property of object successfully

2018-05-31 14:12:36 - [TEST_STEP][PASSED] - Statement - batchqty = com.kms.katalon.core.webui.keyword.WebUiBuiltInKeywords.getAttribute(batch, "value").trim(): Attribute 'value' of object '' is: '2500'

2018-05-31 14:12:36 - [MESSAGE][PASSED] - Attribute 'value' of object '' is: '2500'

2018-05-31 14:12:36 - [TEST_STEP][PASSED] - Statement - Rqty = 100: null

2018-05-31 14:12:36 - [TEST_STEP][PASSED] - delay: Delayed 2 second(s)

2018-05-31 14:12:38 - [MESSAGE][PASSED] - Delayed 2 second(s)

2018-05-31 14:12:38 - [TEST_STEP][PASSED] - Statement - out.println("BatchQty : " + batchqty): null

2018-05-31 14:12:38 - [TEST_STEP][PASSED] - Statement - out.println("RQty : " + Rqty): null

2018-05-31 14:12:38 - [TEST_STEP][PASSED] - Statement - If (java.lang.Integer.valueOf(batchqty) >= java.lang.Integer.valueOf(Rqty)): null

2018-05-31 14:12:38 - [TEST_STEP][PASSED] - Statement - Break: null

2018-05-31 14:12:38 - [TEST_STEP][PASSED] - Statement - batchlength = new com.kms.katalon.core.testobject.TestObject(): null

2018-05-31 14:12:38 - [TEST_STEP][PASSED] - Statement - batchlength = com.kms.katalon.core.webui.keyword.WebUiBuiltInKeywords.modifyObjectProperty(batchlength, "xpath", "equals", "//*[@id = "fldvendor" + row + ""]", true): Modify property of object successfully

2018-05-31 14:12:38 - [MESSAGE][PASSED] - Modify property of object successfully

2018-05-31 14:12:38 - [TEST_STEP][PASSED] - Statement - batchsize = com.kms.katalon.core.webui.keyword.WebUiBuiltInKeywords.getNumberOfTotalOption(batchlength): 12 options of object '' counted

2018-05-31 14:12:38 - [MESSAGE][PASSED] - 12 options of object '' counted

2018-05-31 14:12:38 - [TEST_STEP][PASSED] - Statement - out.println("BatchSize : " + batchsize): null

2018-05-31 14:12:38 - [TEST_STEP][PASSED] - Statement - For ([n = 1, n <= batchsize - 1, (n++)]): null

2018-05-31 14:12:38 - [TEST_STEP][PASSED] - Statement - product = new com.kms.katalon.core.testobject.TestObject(): null

2018-05-31 14:12:38 - [TEST_STEP][PASSED] - Statement - product = com.kms.katalon.core.webui.keyword.WebUiBuiltInKeywords.modifyObjectProperty(product, "xpath", "equals", "//*[@id = "fldvendor" + row + ""]", true): Modify property of object successfully

2018-05-31 14:12:38 - [MESSAGE][PASSED] - Modify property of object successfully

2018-05-31 14:12:38 - [TEST_STEP][PASSED] - selectOptionByIndex: All options with index in [1] are selected on object ''

2018-05-31 14:12:39 - [MESSAGE][PASSED] - All options with index in [1] are selected on object ''

2018-05-31 14:12:39 - [TEST_STEP][PASSED] - Statement - batch = new com.kms.katalon.core.testobject.TestObject(): null

2018-05-31 14:12:39 - [TEST_STEP][PASSED] - Statement - batch = com.kms.katalon.core.webui.keyword.WebUiBuiltInKeywords.modifyObjectProperty(batch, "xpath", "equals", "//*[@id = "txtbthqty" + row + ""]", true): Modify property of object successfully

2018-05-31 14:12:39 - [MESSAGE][PASSED] - Modify property of object successfully

2018-05-31 14:12:39 - [TEST_STEP][PASSED] - Statement - batchqty = com.kms.katalon.core.webui.keyword.WebUiBuiltInKeywords.getAttribute(batch, "value").trim(): Attribute 'value' of object '' is: '38500'

2018-05-31 14:12:39 - [MESSAGE][PASSED] - Attribute 'value' of object '' is: '38500'

2018-05-31 14:12:39 - [TEST_STEP][PASSED] - Statement - Rqty = 100: null

2018-05-31 14:12:39 - [TEST_STEP][PASSED] - delay: Delayed 2 second(s)

2018-05-31 14:12:41 - [MESSAGE][PASSED] - Delayed 2 second(s)

2018-05-31 14:12:41 - [TEST_STEP][PASSED] - Statement - out.println("BatchQty : " + batchqty): null

2018-05-31 14:12:41 - [TEST_STEP][PASSED] - Statement - out.println("RQty : " + Rqty): null

2018-05-31 14:12:41 - [TEST_STEP][PASSED] - Statement - If (java.lang.Integer.valueOf(batchqty) >= java.lang.Integer.valueOf(Rqty)): null

2018-05-31 14:12:41 - [TEST_STEP][PASSED] - Statement - Break: null

2018-05-31 14:12:41 - [TEST_STEP][PASSED] - Statement - batchlength = new com.kms.katalon.core.testobject.TestObject(): null

2018-05-31 14:12:41 - [TEST_STEP][PASSED] - Statement - batchlength = com.kms.katalon.core.webui.keyword.WebUiBuiltInKeywords.modifyObjectProperty(batchlength, "xpath", "equals", "//*[@id = "fldvendor" + row + ""]", true): Modify property of object successfully

2018-05-31 14:12:41 - [MESSAGE][PASSED] - Modify property of object successfully

2018-05-31 14:12:41 - [TEST_STEP][PASSED] - Statement - batchsize = com.kms.katalon.core.webui.keyword.WebUiBuiltInKeywords.getNumberOfTotalOption(batchlength): 13 options of object '' counted

2018-05-31 14:12:41 - [MESSAGE][PASSED] - 13 options of object '' counted

2018-05-31 14:12:41 - [TEST_STEP][PASSED] - Statement - out.println("BatchSize : " + batchsize): null

2018-05-31 14:12:41 - [TEST_STEP][PASSED] - Statement - For ([n = 1, n <= batchsize - 1, (n++)]): null

2018-05-31 14:12:41 - [TEST_STEP][PASSED] - Statement - product = new com.kms.katalon.core.testobject.TestObject(): null

2018-05-31 14:12:41 - [TEST_STEP][PASSED] - Statement - product = com.kms.katalon.core.webui.keyword.WebUiBuiltInKeywords.modifyObjectProperty(product, "xpath", "equals", "//*[@id = "fldvendor" + row + ""]", true): Modify property of object successfully

2018-05-31 14:12:41 - [MESSAGE][PASSED] - Modify property of object successfully

2018-05-31 14:12:41 - [TEST_STEP][PASSED] - selectOptionByIndex: All options with index in [1] are selected on object ''

2018-05-31 14:12:41 - [MESSAGE][PASSED] - All options with index in [1] are selected on object ''

2018-05-31 14:12:41 - [TEST_STEP][PASSED] - Statement - batch = new com.kms.katalon.core.testobject.TestObject(): null

2018-05-31 14:12:41 - [TEST_STEP][PASSED] - Statement - batch = com.kms.katalon.core.webui.keyword.WebUiBuiltInKeywords.modifyObjectProperty(batch, "xpath", "equals", "//*[@id = "txtbthqty" + row + ""]", true): Modify property of object successfully

2018-05-31 14:12:41 - [MESSAGE][PASSED] - Modify property of object successfully

2018-05-31 14:12:41 - [TEST_STEP][PASSED] - Statement - batchqty = com.kms.katalon.core.webui.keyword.WebUiBuiltInKeywords.getAttribute(batch, "value").trim(): Attribute 'value' of object '' is: '3500'

2018-05-31 14:12:41 - [MESSAGE][PASSED] - Attribute 'value' of object '' is: '3500'

2018-05-31 14:12:41 - [TEST_STEP][PASSED] - Statement - Rqty = 100: null

2018-05-31 14:12:41 - [TEST_STEP][PASSED] - delay: Delayed 2 second(s)

2018-05-31 14:12:43 - [MESSAGE][PASSED] - Delayed 2 second(s)

2018-05-31 14:12:43 - [TEST_STEP][PASSED] - Statement - out.println("BatchQty : " + batchqty): null

2018-05-31 14:12:43 - [TEST_STEP][PASSED] - Statement - out.println("RQty : " + Rqty): null

2018-05-31 14:12:43 - [TEST_STEP][PASSED] - Statement - If (java.lang.Integer.valueOf(batchqty) >= java.lang.Integer.valueOf(Rqty)): null

2018-05-31 14:12:43 - [TEST_STEP][PASSED] - Statement - Break: null

2018-05-31 14:12:43 - [TEST_STEP][PASSED] - Statement - batchlength = new com.kms.katalon.core.testobject.TestObject(): null

2018-05-31 14:12:43 - [TEST_STEP][PASSED] - Statement - batchlength = com.kms.katalon.core.webui.keyword.WebUiBuiltInKeywords.modifyObjectProperty(batchlength, "xpath", "equals", "//*[@id = "fldvendor" + row + ""]", true): Modify property of object successfully

2018-05-31 14:12:43 - [MESSAGE][PASSED] - Modify property of object successfully

2018-05-31 14:12:43 - [TEST_STEP][PASSED] - Statement - batchsize = com.kms.katalon.core.webui.keyword.WebUiBuiltInKeywords.getNumberOfTotalOption(batchlength): 12 options of object '' counted

2018-05-31 14:12:43 - [MESSAGE][PASSED] - 12 options of object '' counted

2018-05-31 14:12:43 - [TEST_STEP][PASSED] - Statement - out.println("BatchSize : " + batchsize): null

2018-05-31 14:12:43 - [TEST_STEP][PASSED] - Statement - For ([n = 1, n <= batchsize - 1, (n++)]): null

2018-05-31 14:12:43 - [TEST_STEP][PASSED] - Statement - product = new com.kms.katalon.core.testobject.TestObject(): null

2018-05-31 14:12:43 - [TEST_STEP][PASSED] - Statement - product = com.kms.katalon.core.webui.keyword.WebUiBuiltInKeywords.modifyObjectProperty(product, "xpath", "equals", "//*[@id = "fldvendor" + row + ""]", true): Modify property of object successfully

2018-05-31 14:12:43 - [MESSAGE][PASSED] - Modify property of object successfully

2018-05-31 14:12:43 - [TEST_STEP][PASSED] - selectOptionByIndex: All options with index in [1] are selected on object ''

2018-05-31 14:12:43 - [MESSAGE][PASSED] - All options with index in [1] are selected on object ''

2018-05-31 14:12:43 - [TEST_STEP][PASSED] - Statement - batch = new com.kms.katalon.core.testobject.TestObject(): null

2018-05-31 14:12:43 - [TEST_STEP][PASSED] - Statement - batch = com.kms.katalon.core.webui.keyword.WebUiBuiltInKeywords.modifyObjectProperty(batch, "xpath", "equals", "//*[@id = "txtbthqty" + row + ""]", true): Modify property of object successfully

2018-05-31 14:12:43 - [MESSAGE][PASSED] - Modify property of object successfully

2018-05-31 14:12:43 - [TEST_STEP][PASSED] - Statement - batchqty = com.kms.katalon.core.webui.keyword.WebUiBuiltInKeywords.getAttribute(batch, "value").trim(): Attribute 'value' of object '' is: '37500'

2018-05-31 14:12:43 - [MESSAGE][PASSED] - Attribute 'value' of object '' is: '37500'

2018-05-31 14:12:43 - [TEST_STEP][PASSED] - Statement - Rqty = 100: null

2018-05-31 14:12:43 - [TEST_STEP][PASSED] - delay: Delayed 2 second(s)

2018-05-31 14:12:45 - [MESSAGE][PASSED] - Delayed 2 second(s)

2018-05-31 14:12:45 - [TEST_STEP][PASSED] - Statement - out.println("BatchQty : " + batchqty): null

2018-05-31 14:12:45 - [TEST_STEP][PASSED] - Statement - out.println("RQty : " + Rqty): null

2018-05-31 14:12:45 - [TEST_STEP][PASSED] - Statement - If (java.lang.Integer.valueOf(batchqty) >= java.lang.Integer.valueOf(Rqty)): null

2018-05-31 14:12:45 - [TEST_STEP][PASSED] - Statement - Break: null

2018-05-31 14:12:45 - [TEST_STEP][PASSED] - Statement - batchlength = new com.kms.katalon.core.testobject.TestObject(): null

2018-05-31 14:12:45 - [TEST_STEP][PASSED] - Statement - batchlength = com.kms.katalon.core.webui.keyword.WebUiBuiltInKeywords.modifyObjectProperty(batchlength, "xpath", "equals", "//*[@id = "fldvendor" + row + ""]", true): Modify property of object successfully

2018-05-31 14:12:45 - [MESSAGE][PASSED] - Modify property of object successfully

2018-05-31 14:12:45 - [TEST_STEP][PASSED] - Statement - batchsize = com.kms.katalon.core.webui.keyword.WebUiBuiltInKeywords.getNumberOfTotalOption(batchlength): 12 options of object '' counted

2018-05-31 14:12:45 - [MESSAGE][PASSED] - 12 options of object '' counted

2018-05-31 14:12:45 - [TEST_STEP][PASSED] - Statement - out.println("BatchSize : " + batchsize): null

2018-05-31 14:12:45 - [TEST_STEP][PASSED] - Statement - For ([n = 1, n <= batchsize - 1, (n++)]): null

2018-05-31 14:12:45 - [TEST_STEP][PASSED] - Statement - product = new com.kms.katalon.core.testobject.TestObject(): null

2018-05-31 14:12:45 - [TEST_STEP][PASSED] - Statement - product = com.kms.katalon.core.webui.keyword.WebUiBuiltInKeywords.modifyObjectProperty(product, "xpath", "equals", "//*[@id = "fldvendor" + row + ""]", true): Modify property of object successfully

2018-05-31 14:12:45 - [MESSAGE][PASSED] - Modify property of object successfully

2018-05-31 14:12:45 - [TEST_STEP][PASSED] - selectOptionByIndex: All options with index in [1] are selected on object ''

2018-05-31 14:12:45 - [MESSAGE][PASSED] - All options with index in [1] are selected on object ''

2018-05-31 14:12:45 - [TEST_STEP][PASSED] - Statement - batch = new com.kms.katalon.core.testobject.TestObject(): null

2018-05-31 14:12:45 - [TEST_STEP][PASSED] - Statement - batch = com.kms.katalon.core.webui.keyword.WebUiBuiltInKeywords.modifyObjectProperty(batch, "xpath", "equals", "//*[@id = "txtbthqty" + row + ""]", true): Modify property of object successfully

2018-05-31 14:12:45 - [MESSAGE][PASSED] - Modify property of object successfully

2018-05-31 14:12:45 - [TEST_STEP][PASSED] - Statement - batchqty = com.kms.katalon.core.webui.keyword.WebUiBuiltInKeywords.getAttribute(batch, "value").trim(): Attribute 'value' of object '' is: '37500'

2018-05-31 14:12:45 - [MESSAGE][PASSED] - Attribute 'value' of object '' is: '37500'

2018-05-31 14:12:45 - [TEST_STEP][PASSED] - Statement - Rqty = 100: null

2018-05-31 14:12:45 - [TEST_STEP][PASSED] - delay: Delayed 2 second(s)

2018-05-31 14:12:47 - [MESSAGE][PASSED] - Delayed 2 second(s)

2018-05-31 14:12:47 - [TEST_STEP][PASSED] - Statement - out.println("BatchQty : " + batchqty): null

2018-05-31 14:12:47 - [TEST_STEP][PASSED] - Statement - out.println("RQty : " + Rqty): null

2018-05-31 14:12:47 - [TEST_STEP][PASSED] - Statement - If (java.lang.Integer.valueOf(batchqty) >= java.lang.Integer.valueOf(Rqty)): null

2018-05-31 14:12:47 - [TEST_STEP][PASSED] - Statement - Break: null

2018-05-31 14:12:47 - [TEST_STEP][PASSED] - Statement - batchlength = new com.kms.katalon.core.testobject.TestObject(): null

2018-05-31 14:12:47 - [TEST_STEP][PASSED] - Statement - batchlength = com.kms.katalon.core.webui.keyword.WebUiBuiltInKeywords.modifyObjectProperty(batchlength, "xpath", "equals", "//*[@id = "fldvendor" + row + ""]", true): Modify property of object successfully

2018-05-31 14:12:47 - [MESSAGE][PASSED] - Modify property of object successfully

2018-05-31 14:12:47 - [TEST_STEP][PASSED] - Statement - batchsize = com.kms.katalon.core.webui.keyword.WebUiBuiltInKeywords.getNumberOfTotalOption(batchlength): 12 options of object '' counted

2018-05-31 14:12:47 - [MESSAGE][PASSED] - 12 options of object '' counted

2018-05-31 14:12:47 - [TEST_STEP][PASSED] - Statement - out.println("BatchSize : " + batchsize): null

2018-05-31 14:12:47 - [TEST_STEP][PASSED] - Statement - For ([n = 1, n <= batchsize - 1, (n++)]): null

2018-05-31 14:12:47 - [TEST_STEP][PASSED] - Statement - product = new com.kms.katalon.core.testobject.TestObject(): null

2018-05-31 14:12:47 - [TEST_STEP][PASSED] - Statement - product = com.kms.katalon.core.webui.keyword.WebUiBuiltInKeywords.modifyObjectProperty(product, "xpath", "equals", "//*[@id = "fldvendor" + row + ""]", true): Modify property of object successfully

2018-05-31 14:12:47 - [MESSAGE][PASSED] - Modify property of object successfully

2018-05-31 14:12:47 - [TEST_STEP][PASSED] - selectOptionByIndex: All options with index in [1] are selected on object ''

2018-05-31 14:12:48 - [MESSAGE][PASSED] - All options with index in [1] are selected on object ''

2018-05-31 14:12:48 - [TEST_STEP][PASSED] - Statement - batch = new com.kms.katalon.core.testobject.TestObject(): null

2018-05-31 14:12:48 - [TEST_STEP][PASSED] - Statement - batch = com.kms.katalon.core.webui.keyword.WebUiBuiltInKeywords.modifyObjectProperty(batch, "xpath", "equals", "//*[@id = "txtbthqty" + row + ""]", true): Modify property of object successfully

2018-05-31 14:12:48 - [MESSAGE][PASSED] - Modify property of object successfully

2018-05-31 14:12:48 - [TEST_STEP][PASSED] - Statement - batchqty = com.kms.katalon.core.webui.keyword.WebUiBuiltInKeywords.getAttribute(batch, "value").trim(): Attribute 'value' of object '' is: '38500'

2018-05-31 14:12:48 - [MESSAGE][PASSED] - Attribute 'value' of object '' is: '38500'

2018-05-31 14:12:48 - [TEST_STEP][PASSED] - Statement - Rqty = 100: null

2018-05-31 14:12:48 - [TEST_STEP][PASSED] - delay: Delayed 2 second(s)

2018-05-31 14:12:50 - [MESSAGE][PASSED] - Delayed 2 second(s)

2018-05-31 14:12:50 - [TEST_STEP][PASSED] - Statement - out.println("BatchQty : " + batchqty): null

2018-05-31 14:12:50 - [TEST_STEP][PASSED] - Statement - out.println("RQty : " + Rqty): null

2018-05-31 14:12:50 - [TEST_STEP][PASSED] - Statement - If (java.lang.Integer.valueOf(batchqty) >= java.lang.Integer.valueOf(Rqty)): null

2018-05-31 14:12:50 - [TEST_STEP][PASSED] - Statement - Break: null

2018-05-31 14:12:50 - [TEST_STEP][PASSED] - Statement - batchlength = new com.kms.katalon.core.testobject.TestObject(): null

2018-05-31 14:12:50 - [TEST_STEP][PASSED] - Statement - batchlength = com.kms.katalon.core.webui.keyword.WebUiBuiltInKeywords.modifyObjectProperty(batchlength, "xpath", "equals", "//*[@id = "fldvendor" + row + ""]", true): Modify property of object successfully

2018-05-31 14:12:50 - [MESSAGE][PASSED] - Modify property of object successfully

2018-05-31 14:12:50 - [TEST_STEP][PASSED] - Statement - batchsize = com.kms.katalon.core.webui.keyword.WebUiBuiltInKeywords.getNumberOfTotalOption(batchlength): 12 options of object '' counted

2018-05-31 14:12:50 - [MESSAGE][PASSED] - 12 options of object '' counted

2018-05-31 14:12:50 - [TEST_STEP][PASSED] - Statement - out.println("BatchSize : " + batchsize): null

2018-05-31 14:12:50 - [TEST_STEP][PASSED] - Statement - For ([n = 1, n <= batchsize - 1, (n++)]): null

2018-05-31 14:12:50 - [TEST_STEP][PASSED] - Statement - product = new com.kms.katalon.core.testobject.TestObject(): null

2018-05-31 14:12:50 - [TEST_STEP][PASSED] - Statement - product = com.kms.katalon.core.webui.keyword.WebUiBuiltInKeywords.modifyObjectProperty(product, "xpath", "equals", "//*[@id = "fldvendor" + row + ""]", true): Modify property of object successfully

2018-05-31 14:12:50 - [MESSAGE][PASSED] - Modify property of object successfully

2018-05-31 14:12:50 - [TEST_STEP][PASSED] - selectOptionByIndex: All options with index in [1] are selected on object ''

2018-05-31 14:12:50 - [MESSAGE][PASSED] - All options with index in [1] are selected on object ''

2018-05-31 14:12:50 - [TEST_STEP][PASSED] - Statement - batch = new com.kms.katalon.core.testobject.TestObject(): null

2018-05-31 14:12:50 - [TEST_STEP][PASSED] - Statement - batch = com.kms.katalon.core.webui.keyword.WebUiBuiltInKeywords.modifyObjectProperty(batch, "xpath", "equals", "//*[@id = "txtbthqty" + row + ""]", true): Modify property of object successfully

2018-05-31 14:12:50 - [MESSAGE][PASSED] - Modify property of object successfully

2018-05-31 14:12:50 - [TEST_STEP][PASSED] - Statement - batchqty = com.kms.katalon.core.webui.keyword.WebUiBuiltInKeywords.getAttribute(batch, "value").trim(): Attribute 'value' of object '' is: '2500'

2018-05-31 14:12:50 - [MESSAGE][PASSED] - Attribute 'value' of object '' is: '2500'

2018-05-31 14:12:50 - [TEST_STEP][PASSED] - Statement - Rqty = 100: null

2018-05-31 14:12:50 - [TEST_STEP][PASSED] - delay: Delayed 2 second(s)

2018-05-31 14:12:52 - [MESSAGE][PASSED] - Delayed 2 second(s)

2018-05-31 14:12:52 - [TEST_STEP][PASSED] - Statement - out.println("BatchQty : " + batchqty): null

2018-05-31 14:12:52 - [TEST_STEP][PASSED] - Statement - out.println("RQty : " + Rqty): null

2018-05-31 14:12:52 - [TEST_STEP][PASSED] - Statement - If (java.lang.Integer.valueOf(batchqty) >= java.lang.Integer.valueOf(Rqty)): null

2018-05-31 14:12:52 - [TEST_STEP][PASSED] - Statement - Break: null

2018-05-31 14:12:52 - [TEST_STEP][PASSED] - Statement - batchlength = new com.kms.katalon.core.testobject.TestObject(): null

2018-05-31 14:12:52 - [TEST_STEP][PASSED] - Statement - batchlength = com.kms.katalon.core.webui.keyword.WebUiBuiltInKeywords.modifyObjectProperty(batchlength, "xpath", "equals", "//*[@id = "fldvendor" + row + ""]", true): Modify property of object successfully

2018-05-31 14:12:52 - [MESSAGE][PASSED] - Modify property of object successfully

2018-05-31 14:12:52 - [TEST_STEP][PASSED] - Statement - batchsize = com.kms.katalon.core.webui.keyword.WebUiBuiltInKeywords.getNumberOfTotalOption(batchlength): 12 options of object '' counted

2018-05-31 14:12:52 - [MESSAGE][PASSED] - 12 options of object '' counted

2018-05-31 14:12:52 - [TEST_STEP][PASSED] - Statement - out.println("BatchSize : " + batchsize): null

2018-05-31 14:12:52 - [TEST_STEP][PASSED] - Statement - For ([n = 1, n <= batchsize - 1, (n++)]): null

2018-05-31 14:12:52 - [TEST_STEP][PASSED] - Statement - product = new com.kms.katalon.core.testobject.TestObject(): null

2018-05-31 14:12:52 - [TEST_STEP][PASSED] - Statement - product = com.kms.katalon.core.webui.keyword.WebUiBuiltInKeywords.modifyObjectProperty(product, "xpath", "equals", "//*[@id = "fldvendor" + row + ""]", true): Modify property of object successfully

2018-05-31 14:12:52 - [MESSAGE][PASSED] - Modify property of object successfully

2018-05-31 14:12:52 - [TEST_STEP][PASSED] - selectOptionByIndex: All options with index in [1] are selected on object ''

2018-05-31 14:12:52 - [MESSAGE][PASSED] - All options with index in [1] are selected on object ''

2018-05-31 14:12:52 - [TEST_STEP][PASSED] - Statement - batch = new com.kms.katalon.core.testobject.TestObject(): null

2018-05-31 14:12:52 - [TEST_STEP][PASSED] - Statement - batch = com.kms.katalon.core.webui.keyword.WebUiBuiltInKeywords.modifyObjectProperty(batch, "xpath", "equals", "//*[@id = "txtbthqty" + row + ""]", true): Modify property of object successfully

2018-05-31 14:12:52 - [MESSAGE][PASSED] - Modify property of object successfully

2018-05-31 14:12:52 - [TEST_STEP][PASSED] - Statement - batchqty = com.kms.katalon.core.webui.keyword.WebUiBuiltInKeywords.getAttribute(batch, "value").trim(): Attribute 'value' of object '' is: '4600'

2018-05-31 14:12:52 - [MESSAGE][PASSED] - Attribute 'value' of object '' is: '4600'

2018-05-31 14:12:52 - [TEST_STEP][PASSED] - Statement - Rqty = 100: null

2018-05-31 14:12:52 - [TEST_STEP][PASSED] - delay: Delayed 2 second(s)

2018-05-31 14:12:54 - [MESSAGE][PASSED] - Delayed 2 second(s)

2018-05-31 14:12:54 - [TEST_STEP][PASSED] - Statement - out.println("BatchQty : " + batchqty): null

2018-05-31 14:12:54 - [TEST_STEP][PASSED] - Statement - out.println("RQty : " + Rqty): null

2018-05-31 14:12:54 - [TEST_STEP][PASSED] - Statement - If (java.lang.Integer.valueOf(batchqty) >= java.lang.Integer.valueOf(Rqty)): null

2018-05-31 14:12:54 - [TEST_STEP][PASSED] - Statement - Break: null

2018-05-31 14:12:54 - [TEST_STEP][PASSED] - Statement - batchlength = new com.kms.katalon.core.testobject.TestObject(): null

2018-05-31 14:12:54 - [TEST_STEP][PASSED] - Statement - batchlength = com.kms.katalon.core.webui.keyword.WebUiBuiltInKeywords.modifyObjectProperty(batchlength, "xpath", "equals", "//*[@id = "fldvendor" + row + ""]", true): Modify property of object successfully

2018-05-31 14:12:54 - [MESSAGE][PASSED] - Modify property of object successfully

2018-05-31 14:12:54 - [TEST_STEP][PASSED] - Statement - batchsize = com.kms.katalon.core.webui.keyword.WebUiBuiltInKeywords.getNumberOfTotalOption(batchlength): 12 options of object '' counted

2018-05-31 14:12:54 - [MESSAGE][PASSED] - 12 options of object '' counted

2018-05-31 14:12:54 - [TEST_STEP][PASSED] - Statement - out.println("BatchSize : " + batchsize): null

2018-05-31 14:12:54 - [TEST_STEP][PASSED] - Statement - For ([n = 1, n <= batchsize - 1, (n++)]): null

2018-05-31 14:12:54 - [TEST_STEP][PASSED] - Statement - product = new com.kms.katalon.core.testobject.TestObject(): null

2018-05-31 14:12:54 - [TEST_STEP][PASSED] - Statement - product = com.kms.katalon.core.webui.keyword.WebUiBuiltInKeywords.modifyObjectProperty(product, "xpath", "equals", "//*[@id = "fldvendor" + row + ""]", true): Modify property of object successfully

2018-05-31 14:12:54 - [MESSAGE][PASSED] - Modify property of object successfully

2018-05-31 14:12:54 - [TEST_STEP][PASSED] - selectOptionByIndex: All options with index in [1] are selected on object ''

2018-05-31 14:12:55 - [MESSAGE][PASSED] - All options with index in [1] are selected on object ''

2018-05-31 14:12:55 - [TEST_STEP][PASSED] - Statement - batch = new com.kms.katalon.core.testobject.TestObject(): null

2018-05-31 14:12:55 - [TEST_STEP][PASSED] - Statement - batch = com.kms.katalon.core.webui.keyword.WebUiBuiltInKeywords.modifyObjectProperty(batch, "xpath", "equals", "//*[@id = "txtbthqty" + row + ""]", true): Modify property of object successfully

2018-05-31 14:12:55 - [MESSAGE][PASSED] - Modify property of object successfully

2018-05-31 14:12:55 - [TEST_STEP][PASSED] - Statement - batchqty = com.kms.katalon.core.webui.keyword.WebUiBuiltInKeywords.getAttribute(batch, "value").trim(): Attribute 'value' of object '' is: '4600'

2018-05-31 14:12:55 - [MESSAGE][PASSED] - Attribute 'value' of object '' is: '4600'

2018-05-31 14:12:55 - [TEST_STEP][PASSED] - Statement - Rqty = 100: null

2018-05-31 14:12:55 - [TEST_STEP][PASSED] - delay: Delayed 2 second(s)

2018-05-31 14:12:57 - [MESSAGE][PASSED] - Delayed 2 second(s)

2018-05-31 14:12:57 - [TEST_STEP][PASSED] - Statement - out.println("BatchQty : " + batchqty): null

2018-05-31 14:12:57 - [TEST_STEP][PASSED] - Statement - out.println("RQty : " + Rqty): null

2018-05-31 14:12:57 - [TEST_STEP][PASSED] - Statement - If (java.lang.Integer.valueOf(batchqty) >= java.lang.Integer.valueOf(Rqty)): null

2018-05-31 14:12:57 - [TEST_STEP][PASSED] - Statement - Break: null

2018-05-31 14:12:57 - [TEST_STEP][PASSED] - Statement - batchlength = new com.kms.katalon.core.testobject.TestObject(): null

2018-05-31 14:12:57 - [TEST_STEP][PASSED] - Statement - batchlength = com.kms.katalon.core.webui.keyword.WebUiBuiltInKeywords.modifyObjectProperty(batchlength, "xpath", "equals", "//*[@id = "fldvendor" + row + ""]", true): Modify property of object successfully

2018-05-31 14:12:57 - [MESSAGE][PASSED] - Modify property of object successfully

2018-05-31 14:12:57 - [TEST_STEP][PASSED] - Statement - batchsize = com.kms.katalon.core.webui.keyword.WebUiBuiltInKeywords.getNumberOfTotalOption(batchlength): 12 options of object '' counted

2018-05-31 14:12:57 - [MESSAGE][PASSED] - 12 options of object '' counted

2018-05-31 14:12:57 - [TEST_STEP][PASSED] - Statement - out.println("BatchSize : " + batchsize): null

2018-05-31 14:12:57 - [TEST_STEP][PASSED] - Statement - For ([n = 1, n <= batchsize - 1, (n++)]): null

2018-05-31 14:12:57 - [TEST_STEP][PASSED] - Statement - product = new com.kms.katalon.core.testobject.TestObject(): null

2018-05-31 14:12:57 - [TEST_STEP][PASSED] - Statement - product = com.kms.katalon.core.webui.keyword.WebUiBuiltInKeywords.modifyObjectProperty(product, "xpath", "equals", "//*[@id = "fldvendor" + row + ""]", true): Modify property of object successfully

2018-05-31 14:12:57 - [MESSAGE][PASSED] - Modify property of object successfully

2018-05-31 14:12:57 - [TEST_STEP][PASSED] - selectOptionByIndex: All options with index in [1] are selected on object ''

2018-05-31 14:12:57 - [MESSAGE][PASSED] - All options with index in [1] are selected on object ''

2018-05-31 14:12:57 - [TEST_STEP][PASSED] - Statement - batch = new com.kms.katalon.core.testobject.TestObject(): null

2018-05-31 14:12:57 - [TEST_STEP][PASSED] - Statement - batch = com.kms.katalon.core.webui.keyword.WebUiBuiltInKeywords.modifyObjectProperty(batch, "xpath", "equals", "//*[@id = "txtbthqty" + row + ""]", true): Modify property of object successfully

2018-05-31 14:12:57 - [MESSAGE][PASSED] - Modify property of object successfully

2018-05-31 14:12:57 - [TEST_STEP][PASSED] - Statement - batchqty = com.kms.katalon.core.webui.keyword.WebUiBuiltInKeywords.getAttribute(batch, "value").trim(): Attribute 'value' of object '' is: '3500'

2018-05-31 14:12:57 - [MESSAGE][PASSED] - Attribute 'value' of object '' is: '3500'

2018-05-31 14:12:57 - [TEST_STEP][PASSED] - Statement - Rqty = 100: null

2018-05-31 14:12:57 - [TEST_STEP][PASSED] - delay: Delayed 2 second(s)

2018-05-31 14:12:59 - [MESSAGE][PASSED] - Delayed 2 second(s)

2018-05-31 14:12:59 - [TEST_STEP][PASSED] - Statement - out.println("BatchQty : " + batchqty): null

2018-05-31 14:12:59 - [TEST_STEP][PASSED] - Statement - out.println("RQty : " + Rqty): null

2018-05-31 14:12:59 - [TEST_STEP][PASSED] - Statement - If (java.lang.Integer.valueOf(batchqty) >= java.lang.Integer.valueOf(Rqty)): null

2018-05-31 14:12:59 - [TEST_STEP][PASSED] - Statement - Break: null

2018-05-31 14:12:59 - [TEST_STEP][PASSED] - Statement - batchlength = new com.kms.katalon.core.testobject.TestObject(): null

2018-05-31 14:12:59 - [TEST_STEP][PASSED] - Statement - batchlength = com.kms.katalon.core.webui.keyword.WebUiBuiltInKeywords.modifyObjectProperty(batchlength, "xpath", "equals", "//*[@id = "fldvendor" + row + ""]", true): Modify property of object successfully

2018-05-31 14:12:59 - [MESSAGE][PASSED] - Modify property of object successfully

2018-05-31 14:12:59 - [TEST_STEP][PASSED] - Statement - batchsize = com.kms.katalon.core.webui.keyword.WebUiBuiltInKeywords.getNumberOfTotalOption(batchlength): 12 options of object '' counted

2018-05-31 14:12:59 - [MESSAGE][PASSED] - 12 options of object '' counted

2018-05-31 14:12:59 - [TEST_STEP][PASSED] - Statement - out.println("BatchSize : " + batchsize): null

2018-05-31 14:12:59 - [TEST_STEP][PASSED] - Statement - For ([n = 1, n <= batchsize - 1, (n++)]): null

2018-05-31 14:12:59 - [TEST_STEP][PASSED] - Statement - product = new com.kms.katalon.core.testobject.TestObject(): null

2018-05-31 14:12:59 - [TEST_STEP][PASSED] - Statement - product = com.kms.katalon.core.webui.keyword.WebUiBuiltInKeywords.modifyObjectProperty(product, "xpath", "equals", "//*[@id = "fldvendor" + row + ""]", true): Modify property of object successfully

2018-05-31 14:12:59 - [MESSAGE][PASSED] - Modify property of object successfully

2018-05-31 14:12:59 - [TEST_STEP][PASSED] - selectOptionByIndex: All options with index in [1] are selected on object ''

2018-05-31 14:12:59 - [MESSAGE][PASSED] - All options with index in [1] are selected on object ''

2018-05-31 14:12:59 - [TEST_STEP][PASSED] - Statement - batch = new com.kms.katalon.core.testobject.TestObject(): null

2018-05-31 14:12:59 - [TEST_STEP][PASSED] - Statement - batch = com.kms.katalon.core.webui.keyword.WebUiBuiltInKeywords.modifyObjectProperty(batch, "xpath", "equals", "//*[@id = "txtbthqty" + row + ""]", true): Modify property of object successfully

2018-05-31 14:12:59 - [MESSAGE][PASSED] - Modify property of object successfully

2018-05-31 14:12:59 - [TEST_STEP][PASSED] - Statement - batchqty = com.kms.katalon.core.webui.keyword.WebUiBuiltInKeywords.getAttribute(batch, "value").trim(): Attribute 'value' of object '' is: '3500'

2018-05-31 14:12:59 - [MESSAGE][PASSED] - Attribute 'value' of object '' is: '3500'

2018-05-31 14:12:59 - [TEST_STEP][PASSED] - Statement - Rqty = 100: null

2018-05-31 14:12:59 - [TEST_STEP][PASSED] - delay: Delayed 2 second(s)

2018-05-31 14:13:01 - [MESSAGE][PASSED] - Delayed 2 second(s)

2018-05-31 14:13:01 - [TEST_STEP][PASSED] - Statement - out.println("BatchQty : " + batchqty): null

2018-05-31 14:13:01 - [TEST_STEP][PASSED] - Statement - out.println("RQty : " + Rqty): null

2018-05-31 14:13:01 - [TEST_STEP][PASSED] - Statement - If (java.lang.Integer.valueOf(batchqty) >= java.lang.Integer.valueOf(Rqty)): null

2018-05-31 14:13:01 - [TEST_STEP][PASSED] - Statement - Break: null

2018-05-31 14:13:01 - [TEST_STEP][PASSED] - Statement - batchlength = new com.kms.katalon.core.testobject.TestObject(): null

2018-05-31 14:13:01 - [TEST_STEP][PASSED] - Statement - batchlength = com.kms.katalon.core.webui.keyword.WebUiBuiltInKeywords.modifyObjectProperty(batchlength, "xpath", "equals", "//*[@id = "fldvendor" + row + ""]", true): Modify property of object successfully

2018-05-31 14:13:01 - [MESSAGE][PASSED] - Modify property of object successfully

2018-05-31 14:13:01 - [TEST_STEP][PASSED] - Statement - batchsize = com.kms.katalon.core.webui.keyword.WebUiBuiltInKeywords.getNumberOfTotalOption(batchlength): 12 options of object '' counted

2018-05-31 14:13:01 - [MESSAGE][PASSED] - 12 options of object '' counted

2018-05-31 14:13:01 - [TEST_STEP][PASSED] - Statement - out.println("BatchSize : " + batchsize): null

2018-05-31 14:13:01 - [TEST_STEP][PASSED] - Statement - For ([n = 1, n <= batchsize - 1, (n++)]): null

2018-05-31 14:13:01 - [TEST_STEP][PASSED] - Statement - product = new com.kms.katalon.core.testobject.TestObject(): null

2018-05-31 14:13:01 - [TEST_STEP][PASSED] - Statement - product = com.kms.katalon.core.webui.keyword.WebUiBuiltInKeywords.modifyObjectProperty(product, "xpath", "equals", "//*[@id = "fldvendor" + row + ""]", true): Modify property of object successfully

2018-05-31 14:13:01 - [MESSAGE][PASSED] - Modify property of object successfully

2018-05-31 14:13:01 - [TEST_STEP][PASSED] - selectOptionByIndex: All options with index in [1] are selected on object ''

2018-05-31 14:13:01 - [MESSAGE][PASSED] - All options with index in [1] are selected on object ''

2018-05-31 14:13:01 - [TEST_STEP][PASSED] - Statement - batch = new com.kms.katalon.core.testobject.TestObject(): null

2018-05-31 14:13:01 - [TEST_STEP][PASSED] - Statement - batch = com.kms.katalon.core.webui.keyword.WebUiBuiltInKeywords.modifyObjectProperty(batch, "xpath", "equals", "//*[@id = "txtbthqty" + row + ""]", true): Modify property of object successfully

2018-05-31 14:13:01 - [MESSAGE][PASSED] - Modify property of object successfully

2018-05-31 14:13:01 - [TEST_STEP][PASSED] - Statement - batchqty = com.kms.katalon.core.webui.keyword.WebUiBuiltInKeywords.getAttribute(batch, "value").trim(): Attribute 'value' of object '' is: '3500'

2018-05-31 14:13:01 - [MESSAGE][PASSED] - Attribute 'value' of object '' is: '3500'

2018-05-31 14:13:01 - [TEST_STEP][PASSED] - Statement - Rqty = 100: null

2018-05-31 14:13:01 - [TEST_STEP][PASSED] - delay: Delayed 2 second(s)

2018-05-31 14:13:03 - [MESSAGE][PASSED] - Delayed 2 second(s)

2018-05-31 14:13:03 - [TEST_STEP][PASSED] - Statement - out.println("BatchQty : " + batchqty): null

2018-05-31 14:13:03 - [TEST_STEP][PASSED] - Statement - out.println("RQty : " + Rqty): null

2018-05-31 14:13:03 - [TEST_STEP][PASSED] - Statement - If (java.lang.Integer.valueOf(batchqty) >= java.lang.Integer.valueOf(Rqty)): null

2018-05-31 14:13:03 - [TEST_STEP][PASSED] - Statement - Break: null

2018-05-31 14:13:03 - [TEST_STEP][PASSED] - Statement - batchlength = new com.kms.katalon.core.testobject.TestObject(): null

2018-05-31 14:13:03 - [TEST_STEP][PASSED] - Statement - batchlength = com.kms.katalon.core.webui.keyword.WebUiBuiltInKeywords.modifyObjectProperty(batchlength, "xpath", "equals", "//*[@id = "fldvendor" + row + ""]", true): Modify property of object successfully

2018-05-31 14:13:03 - [MESSAGE][PASSED] - Modify property of object successfully

2018-05-31 14:13:03 - [TEST_STEP][PASSED] - Statement - batchsize = com.kms.katalon.core.webui.keyword.WebUiBuiltInKeywords.getNumberOfTotalOption(batchlength): 12 options of object '' counted

2018-05-31 14:13:03 - [MESSAGE][PASSED] - 12 options of object '' counted

2018-05-31 14:13:03 - [TEST_STEP][PASSED] - Statement - out.println("BatchSize : " + batchsize): null

2018-05-31 14:13:03 - [TEST_STEP][PASSED] - Statement - For ([n = 1, n <= batchsize - 1, (n++)]): null

2018-05-31 14:13:03 - [TEST_STEP][PASSED] - Statement - product = new com.kms.katalon.core.testobject.TestObject(): null

2018-05-31 14:13:03 - [TEST_STEP][PASSED] - Statement - product = com.kms.katalon.core.webui.keyword.WebUiBuiltInKeywords.modifyObjectProperty(product, "xpath", "equals", "//*[@id = "fldvendor" + row + ""]", true): Modify property of object successfully

2018-05-31 14:13:03 - [MESSAGE][PASSED] - Modify property of object successfully

2018-05-31 14:13:03 - [TEST_STEP][PASSED] - selectOptionByIndex: All options with index in [1] are selected on object ''

2018-05-31 14:13:04 - [MESSAGE][PASSED] - All options with index in [1] are selected on object ''

2018-05-31 14:13:04 - [TEST_STEP][PASSED] - Statement - batch = new com.kms.katalon.core.testobject.TestObject(): null

2018-05-31 14:13:04 - [TEST_STEP][PASSED] - Statement - batch = com.kms.katalon.core.webui.keyword.WebUiBuiltInKeywords.modifyObjectProperty(batch, "xpath", "equals", "//*[@id = "txtbthqty" + row + ""]", true): Modify property of object successfully

2018-05-31 14:13:04 - [MESSAGE][PASSED] - Modify property of object successfully

2018-05-31 14:13:04 - [TEST_STEP][PASSED] - Statement - batchqty = com.kms.katalon.core.webui.keyword.WebUiBuiltInKeywords.getAttribute(batch, "value").trim(): Attribute 'value' of object '' is: '38500'

2018-05-31 14:13:04 - [MESSAGE][PASSED] - Attribute 'value' of object '' is: '38500'

2018-05-31 14:13:04 - [TEST_STEP][PASSED] - Statement - Rqty = 100: null

2018-05-31 14:13:04 - [TEST_STEP][PASSED] - delay: Delayed 2 second(s)

2018-05-31 14:13:06 - [MESSAGE][PASSED] - Delayed 2 second(s)

2018-05-31 14:13:06 - [TEST_STEP][PASSED] - Statement - out.println("BatchQty : " + batchqty): null

2018-05-31 14:13:06 - [TEST_STEP][PASSED] - Statement - out.println("RQty : " + Rqty): null

2018-05-31 14:13:06 - [TEST_STEP][PASSED] - Statement - If (java.lang.Integer.valueOf(batchqty) >= java.lang.Integer.valueOf(Rqty)): null

2018-05-31 14:13:06 - [TEST_STEP][PASSED] - Statement - Break: null

2018-05-31 14:13:06 - [TEST_STEP][PASSED] - Statement - batchlength = new com.kms.katalon.core.testobject.TestObject(): null

2018-05-31 14:13:06 - [TEST_STEP][PASSED] - Statement - batchlength = com.kms.katalon.core.webui.keyword.WebUiBuiltInKeywords.modifyObjectProperty(batchlength, "xpath", "equals", "//*[@id = "fldvendor" + row + ""]", true): Modify property of object successfully

2018-05-31 14:13:06 - [MESSAGE][PASSED] - Modify property of object successfully

2018-05-31 14:13:06 - [TEST_STEP][PASSED] - Statement - batchsize = com.kms.katalon.core.webui.keyword.WebUiBuiltInKeywords.getNumberOfTotalOption(batchlength): 12 options of object '' counted

2018-05-31 14:13:06 - [MESSAGE][PASSED] - 12 options of object '' counted

2018-05-31 14:13:06 - [TEST_STEP][PASSED] - Statement - out.println("BatchSize : " + batchsize): null

2018-05-31 14:13:06 - [TEST_STEP][PASSED] - Statement - For ([n = 1, n <= batchsize - 1, (n++)]): null

2018-05-31 14:13:06 - [TEST_STEP][PASSED] - Statement - product = new com.kms.katalon.core.testobject.TestObject(): null

2018-05-31 14:13:06 - [TEST_STEP][PASSED] - Statement - product = com.kms.katalon.core.webui.keyword.WebUiBuiltInKeywords.modifyObjectProperty(product, "xpath", "equals", "//*[@id = "fldvendor" + row + ""]", true): Modify property of object successfully

2018-05-31 14:13:06 - [MESSAGE][PASSED] - Modify property of object successfully

2018-05-31 14:13:06 - [TEST_STEP][PASSED] - selectOptionByIndex: All options with index in [1] are selected on object ''

2018-05-31 14:13:06 - [MESSAGE][PASSED] - All options with index in [1] are selected on object ''

2018-05-31 14:13:06 - [TEST_STEP][PASSED] - Statement - batch = new com.kms.katalon.core.testobject.TestObject(): null

2018-05-31 14:13:06 - [TEST_STEP][PASSED] - Statement - batch = com.kms.katalon.core.webui.keyword.WebUiBuiltInKeywords.modifyObjectProperty(batch, "xpath", "equals", "//*[@id = "txtbthqty" + row + ""]", true): Modify property of object successfully

2018-05-31 14:13:06 - [MESSAGE][PASSED] - Modify property of object successfully

2018-05-31 14:13:06 - [TEST_STEP][PASSED] - Statement - batchqty = com.kms.katalon.core.webui.keyword.WebUiBuiltInKeywords.getAttribute(batch, "value").trim(): Attribute 'value' of object '' is: '2500'

2018-05-31 14:13:06 - [MESSAGE][PASSED] - Attribute 'value' of object '' is: '2500'

2018-05-31 14:13:06 - [TEST_STEP][PASSED] - Statement - Rqty = 100: null

2018-05-31 14:13:06 - [TEST_STEP][PASSED] - delay: Delayed 2 second(s)

2018-05-31 14:13:08 - [MESSAGE][PASSED] - Delayed 2 second(s)

2018-05-31 14:13:08 - [TEST_STEP][PASSED] - Statement - out.println("BatchQty : " + batchqty): null

2018-05-31 14:13:08 - [TEST_STEP][PASSED] - Statement - out.println("RQty : " + Rqty): null

2018-05-31 14:13:08 - [TEST_STEP][PASSED] - Statement - If (java.lang.Integer.valueOf(batchqty) >= java.lang.Integer.valueOf(Rqty)): null

2018-05-31 14:13:08 - [TEST_STEP][PASSED] - Statement - Break: null

2018-05-31 14:13:08 - [TEST_STEP][PASSED] - Statement - batchlength = new com.kms.katalon.core.testobject.TestObject(): null

2018-05-31 14:13:08 - [TEST_STEP][PASSED] - Statement - batchlength = com.kms.katalon.core.webui.keyword.WebUiBuiltInKeywords.modifyObjectProperty(batchlength, "xpath", "equals", "//*[@id = "fldvendor" + row + ""]", true): Modify property of object successfully

2018-05-31 14:13:08 - [MESSAGE][PASSED] - Modify property of object successfully

2018-05-31 14:13:08 - [TEST_STEP][PASSED] - Statement - batchsize = com.kms.katalon.core.webui.keyword.WebUiBuiltInKeywords.getNumberOfTotalOption(batchlength): 12 options of object '' counted

2018-05-31 14:13:08 - [MESSAGE][PASSED] - 12 options of object '' counted

2018-05-31 14:13:08 - [TEST_STEP][PASSED] - Statement - out.println("BatchSize : " + batchsize): null

2018-05-31 14:13:08 - [TEST_STEP][PASSED] - Statement - For ([n = 1, n <= batchsize - 1, (n++)]): null

2018-05-31 14:13:08 - [TEST_STEP][PASSED] - Statement - product = new com.kms.katalon.core.testobject.TestObject(): null

2018-05-31 14:13:08 - [TEST_STEP][PASSED] - Statement - product = com.kms.katalon.core.webui.keyword.WebUiBuiltInKeywords.modifyObjectProperty(product, "xpath", "equals", "//*[@id = "fldvendor" + row + ""]", true): Modify property of object successfully

2018-05-31 14:13:08 - [MESSAGE][PASSED] - Modify property of object successfully

2018-05-31 14:13:08 - [TEST_STEP][PASSED] - selectOptionByIndex: All options with index in [1] are selected on object ''

2018-05-31 14:13:08 - [MESSAGE][PASSED] - All options with index in [1] are selected on object ''

2018-05-31 14:13:08 - [TEST_STEP][PASSED] - Statement - batch = new com.kms.katalon.core.testobject.TestObject(): null

2018-05-31 14:13:08 - [TEST_STEP][PASSED] - Statement - batch = com.kms.katalon.core.webui.keyword.WebUiBuiltInKeywords.modifyObjectProperty(batch, "xpath", "equals", "//*[@id = "txtbthqty" + row + ""]", true): Modify property of object successfully

2018-05-31 14:13:08 - [MESSAGE][PASSED] - Modify property of object successfully

2018-05-31 14:13:08 - [TEST_STEP][PASSED] - Statement - batchqty = com.kms.katalon.core.webui.keyword.WebUiBuiltInKeywords.getAttribute(batch, "value").trim(): Attribute 'value' of object '' is: '2500'

2018-05-31 14:13:08 - [MESSAGE][PASSED] - Attribute 'value' of object '' is: '2500'

2018-05-31 14:13:08 - [TEST_STEP][PASSED] - Statement - Rqty = 100: null

2018-05-31 14:13:08 - [TEST_STEP][PASSED] - delay: Delayed 2 second(s)

2018-05-31 14:13:10 - [MESSAGE][PASSED] - Delayed 2 second(s)

2018-05-31 14:13:10 - [TEST_STEP][PASSED] - Statement - out.println("BatchQty : " + batchqty): null

2018-05-31 14:13:10 - [TEST_STEP][PASSED] - Statement - out.println("RQty : " + Rqty): null

2018-05-31 14:13:10 - [TEST_STEP][PASSED] - Statement - If (java.lang.Integer.valueOf(batchqty) >= java.lang.Integer.valueOf(Rqty)): null

2018-05-31 14:13:10 - [TEST_STEP][PASSED] - Statement - Break: null

2018-05-31 14:13:10 - [TEST_STEP][PASSED] - Statement - batchlength = new com.kms.katalon.core.testobject.TestObject(): null

2018-05-31 14:13:10 - [TEST_STEP][PASSED] - Statement - batchlength = com.kms.katalon.core.webui.keyword.WebUiBuiltInKeywords.modifyObjectProperty(batchlength, "xpath", "equals", "//*[@id = "fldvendor" + row + ""]", true): Modify property of object successfully

2018-05-31 14:13:10 - [MESSAGE][PASSED] - Modify property of object successfully

2018-05-31 14:13:10 - [TEST_STEP][PASSED] - Statement - batchsize = com.kms.katalon.core.webui.keyword.WebUiBuiltInKeywords.getNumberOfTotalOption(batchlength): 12 options of object '' counted

2018-05-31 14:13:10 - [MESSAGE][PASSED] - 12 options of object '' counted

2018-05-31 14:13:10 - [TEST_STEP][PASSED] - Statement - out.println("BatchSize : " + batchsize): null

2018-05-31 14:13:10 - [TEST_STEP][PASSED] - Statement - For ([n = 1, n <= batchsize - 1, (n++)]): null

2018-05-31 14:13:10 - [TEST_STEP][PASSED] - Statement - product = new com.kms.katalon.core.testobject.TestObject(): null

2018-05-31 14:13:10 - [TEST_STEP][PASSED] - Statement - product = com.kms.katalon.core.webui.keyword.WebUiBuiltInKeywords.modifyObjectProperty(product, "xpath", "equals", "//*[@id = "fldvendor" + row + ""]", true): Modify property of object successfully

2018-05-31 14:13:10 - [MESSAGE][PASSED] - Modify property of object successfully

2018-05-31 14:13:10 - [TEST_STEP][PASSED] - selectOptionByIndex: All options with index in [1] are selected on object ''

2018-05-31 14:13:10 - [MESSAGE][PASSED] - All options with index in [1] are selected on object ''

2018-05-31 14:13:10 - [TEST_STEP][PASSED] - Statement - batch = new com.kms.katalon.core.testobject.TestObject(): null

2018-05-31 14:13:10 - [TEST_STEP][PASSED] - Statement - batch = com.kms.katalon.core.webui.keyword.WebUiBuiltInKeywords.modifyObjectProperty(batch, "xpath", "equals", "//*[@id = "txtbthqty" + row + ""]", true): Modify property of object successfully

2018-05-31 14:13:10 - [MESSAGE][PASSED] - Modify property of object successfully

2018-05-31 14:13:10 - [TEST_STEP][PASSED] - Statement - batchqty = com.kms.katalon.core.webui.keyword.WebUiBuiltInKeywords.getAttribute(batch, "value").trim(): Attribute 'value' of object '' is: '4500'

2018-05-31 14:13:11 - [MESSAGE][PASSED] - Attribute 'value' of object '' is: '4500'

2018-05-31 14:13:11 - [TEST_STEP][PASSED] - Statement - Rqty = 100: null

2018-05-31 14:13:11 - [TEST_STEP][PASSED] - delay: Delayed 2 second(s)

2018-05-31 14:13:13 - [MESSAGE][PASSED] - Delayed 2 second(s)

2018-05-31 14:13:13 - [TEST_STEP][PASSED] - Statement - out.println("BatchQty : " + batchqty): null

2018-05-31 14:13:13 - [TEST_STEP][PASSED] - Statement - out.println("RQty : " + Rqty): null

2018-05-31 14:13:13 - [TEST_STEP][PASSED] - Statement - If (java.lang.Integer.valueOf(batchqty) >= java.lang.Integer.valueOf(Rqty)): null

2018-05-31 14:13:13 - [TEST_STEP][PASSED] - Statement - Break: null

2018-05-31 14:13:13 - [TEST_STEP][PASSED] - Statement - batchlength = new com.kms.katalon.core.testobject.TestObject(): null

2018-05-31 14:13:13 - [TEST_STEP][PASSED] - Statement - batchlength = com.kms.katalon.core.webui.keyword.WebUiBuiltInKeywords.modifyObjectProperty(batchlength, "xpath", "equals", "//*[@id = "fldvendor" + row + ""]", true): Modify property of object successfully

2018-05-31 14:13:13 - [MESSAGE][PASSED] - Modify property of object successfully

2018-05-31 14:13:13 - [TEST_STEP][PASSED] - Statement - batchsize = com.kms.katalon.core.webui.keyword.WebUiBuiltInKeywords.getNumberOfTotalOption(batchlength): 12 options of object '' counted

2018-05-31 14:13:13 - [MESSAGE][PASSED] - 12 options of object '' counted

2018-05-31 14:13:13 - [TEST_STEP][PASSED] - Statement - out.println("BatchSize : " + batchsize): null

2018-05-31 14:13:13 - [TEST_STEP][PASSED] - Statement - For ([n = 1, n <= batchsize - 1, (n++)]): null

2018-05-31 14:13:13 - [TEST_STEP][PASSED] - Statement - product = new com.kms.katalon.core.testobject.TestObject(): null

2018-05-31 14:13:13 - [TEST_STEP][PASSED] - Statement - product = com.kms.katalon.core.webui.keyword.WebUiBuiltInKeywords.modifyObjectProperty(product, "xpath", "equals", "//*[@id = "fldvendor" + row + ""]", true): Modify property of object successfully

2018-05-31 14:13:13 - [MESSAGE][PASSED] - Modify property of object successfully

2018-05-31 14:13:13 - [TEST_STEP][PASSED] - selectOptionByIndex: All options with index in [1] are selected on object ''

2018-05-31 14:13:13 - [MESSAGE][PASSED] - All options with index in [1] are selected on object ''

2018-05-31 14:13:13 - [TEST_STEP][PASSED] - Statement - batch = new com.kms.katalon.core.testobject.TestObject(): null

2018-05-31 14:13:13 - [TEST_STEP][PASSED] - Statement - batch = com.kms.katalon.core.webui.keyword.WebUiBuiltInKeywords.modifyObjectProperty(batch, "xpath", "equals", "//*[@id = "txtbthqty" + row + ""]", true): Modify property of object successfully

2018-05-31 14:13:13 - [MESSAGE][PASSED] - Modify property of object successfully

2018-05-31 14:13:13 - [TEST_STEP][PASSED] - Statement - batchqty = com.kms.katalon.core.webui.keyword.WebUiBuiltInKeywords.getAttribute(batch, "value").trim(): Attribute 'value' of object '' is: '2500'

2018-05-31 14:13:13 - [MESSAGE][PASSED] - Attribute 'value' of object '' is: '2500'

2018-05-31 14:13:13 - [TEST_STEP][PASSED] - Statement - Rqty = 100: null

2018-05-31 14:13:13 - [TEST_STEP][PASSED] - delay: Delayed 2 second(s)

2018-05-31 14:13:15 - [MESSAGE][PASSED] - Delayed 2 second(s)

2018-05-31 14:13:15 - [TEST_STEP][PASSED] - Statement - out.println("BatchQty : " + batchqty): null

2018-05-31 14:13:15 - [TEST_STEP][PASSED] - Statement - out.println("RQty : " + Rqty): null

2018-05-31 14:13:15 - [TEST_STEP][PASSED] - Statement - If (java.lang.Integer.valueOf(batchqty) >= java.lang.Integer.valueOf(Rqty)): null

2018-05-31 14:13:15 - [TEST_STEP][PASSED] - Statement - Break: null

2018-05-31 14:13:15 - [TEST_STEP][PASSED] - Statement - batchlength = new com.kms.katalon.core.testobject.TestObject(): null

2018-05-31 14:13:15 - [TEST_STEP][PASSED] - Statement - batchlength = com.kms.katalon.core.webui.keyword.WebUiBuiltInKeywords.modifyObjectProperty(batchlength, "xpath", "equals", "//*[@id = "fldvendor" + row + ""]", true): Modify property of object successfully

2018-05-31 14:13:15 - [MESSAGE][PASSED] - Modify property of object successfully

2018-05-31 14:13:15 - [TEST_STEP][PASSED] - Statement - batchsize = com.kms.katalon.core.webui.keyword.WebUiBuiltInKeywords.getNumberOfTotalOption(batchlength): 12 options of object '' counted

2018-05-31 14:13:15 - [MESSAGE][PASSED] - 12 options of object '' counted

2018-05-31 14:13:15 - [TEST_STEP][PASSED] - Statement - out.println("BatchSize : " + batchsize): null

2018-05-31 14:13:15 - [TEST_STEP][PASSED] - Statement - For ([n = 1, n <= batchsize - 1, (n++)]): null

2018-05-31 14:13:15 - [TEST_STEP][PASSED] - Statement - product = new com.kms.katalon.core.testobject.TestObject(): null

2018-05-31 14:13:15 - [TEST_STEP][PASSED] - Statement - product = com.kms.katalon.core.webui.keyword.WebUiBuiltInKeywords.modifyObjectProperty(product, "xpath", "equals", "//*[@id = "fldvendor" + row + ""]", true): Modify property of object successfully

2018-05-31 14:13:15 - [MESSAGE][PASSED] - Modify property of object successfully

2018-05-31 14:13:15 - [TEST_STEP][PASSED] - selectOptionByIndex: All options with index in [1] are selected on object ''

2018-05-31 14:13:15 - [MESSAGE][PASSED] - All options with index in [1] are selected on object ''

2018-05-31 14:13:15 - [TEST_STEP][PASSED] - Statement - batch = new com.kms.katalon.core.testobject.TestObject(): null

2018-05-31 14:13:15 - [TEST_STEP][PASSED] - Statement - batch = com.kms.katalon.core.webui.keyword.WebUiBuiltInKeywords.modifyObjectProperty(batch, "xpath", "equals", "//*[@id = "txtbthqty" + row + ""]", true): Modify property of object successfully

2018-05-31 14:13:15 - [MESSAGE][PASSED] - Modify property of object successfully

2018-05-31 14:13:15 - [TEST_STEP][PASSED] - Statement - batchqty = com.kms.katalon.core.webui.keyword.WebUiBuiltInKeywords.getAttribute(batch, "value").trim(): Attribute 'value' of object '' is: '3500'

2018-05-31 14:13:15 - [MESSAGE][PASSED] - Attribute 'value' of object '' is: '3500'

2018-05-31 14:13:15 - [TEST_STEP][PASSED] - Statement - Rqty = 100: null

2018-05-31 14:13:15 - [TEST_STEP][PASSED] - delay: Delayed 2 second(s)

2018-05-31 14:13:17 - [MESSAGE][PASSED] - Delayed 2 second(s)

2018-05-31 14:13:17 - [TEST_STEP][PASSED] - Statement - out.println("BatchQty : " + batchqty): null

2018-05-31 14:13:17 - [TEST_STEP][PASSED] - Statement - out.println("RQty : " + Rqty): null

2018-05-31 14:13:17 - [TEST_STEP][PASSED] - Statement - If (java.lang.Integer.valueOf(batchqty) >= java.lang.Integer.valueOf(Rqty)): null

2018-05-31 14:13:17 - [TEST_STEP][PASSED] - Statement - Break: null

2018-05-31 14:13:17 - [TEST_STEP][PASSED] - Statement - batchlength = new com.kms.katalon.core.testobject.TestObject(): null

2018-05-31 14:13:17 - [TEST_STEP][PASSED] - Statement - batchlength = com.kms.katalon.core.webui.keyword.WebUiBuiltInKeywords.modifyObjectProperty(batchlength, "xpath", "equals", "//*[@id = "fldvendor" + row + ""]", true): Modify property of object successfully

2018-05-31 14:13:17 - [MESSAGE][PASSED] - Modify property of object successfully

2018-05-31 14:13:17 - [TEST_STEP][PASSED] - Statement - batchsize = com.kms.katalon.core.webui.keyword.WebUiBuiltInKeywords.getNumberOfTotalOption(batchlength): 12 options of object '' counted

2018-05-31 14:13:17 - [MESSAGE][PASSED] - 12 options of object '' counted

2018-05-31 14:13:17 - [TEST_STEP][PASSED] - Statement - out.println("BatchSize : " + batchsize): null

2018-05-31 14:13:17 - [TEST_STEP][PASSED] - Statement - For ([n = 1, n <= batchsize - 1, (n++)]): null

2018-05-31 14:13:17 - [TEST_STEP][PASSED] - Statement - product = new com.kms.katalon.core.testobject.TestObject(): null

2018-05-31 14:13:17 - [TEST_STEP][PASSED] - Statement - product = com.kms.katalon.core.webui.keyword.WebUiBuiltInKeywords.modifyObjectProperty(product, "xpath", "equals", "//*[@id = "fldvendor" + row + ""]", true): Modify property of object successfully

2018-05-31 14:13:17 - [MESSAGE][PASSED] - Modify property of object successfully

2018-05-31 14:13:17 - [TEST_STEP][PASSED] - selectOptionByIndex: All options with index in [1] are selected on object ''

2018-05-31 14:13:17 - [MESSAGE][PASSED] - All options with index in [1] are selected on object ''

2018-05-31 14:13:17 - [TEST_STEP][PASSED] - Statement - batch = new com.kms.katalon.core.testobject.TestObject(): null

2018-05-31 14:13:17 - [TEST_STEP][PASSED] - Statement - batch = com.kms.katalon.core.webui.keyword.WebUiBuiltInKeywords.modifyObjectProperty(batch, "xpath", "equals", "//*[@id = "txtbthqty" + row + ""]", true): Modify property of object successfully

2018-05-31 14:13:17 - [MESSAGE][PASSED] - Modify property of object successfully

2018-05-31 14:13:17 - [TEST_STEP][PASSED] - Statement - batchqty = com.kms.katalon.core.webui.keyword.WebUiBuiltInKeywords.getAttribute(batch, "value").trim(): Attribute 'value' of object '' is: '37500'

2018-05-31 14:13:17 - [MESSAGE][PASSED] - Attribute 'value' of object '' is: '37500'

2018-05-31 14:13:17 - [TEST_STEP][PASSED] - Statement - Rqty = 100: null

2018-05-31 14:13:17 - [TEST_STEP][PASSED] - delay: Delayed 2 second(s)

2018-05-31 14:13:19 - [MESSAGE][PASSED] - Delayed 2 second(s)

2018-05-31 14:13:19 - [TEST_STEP][PASSED] - Statement - out.println("BatchQty : " + batchqty): null

2018-05-31 14:13:19 - [TEST_STEP][PASSED] - Statement - out.println("RQty : " + Rqty): null

2018-05-31 14:13:19 - [TEST_STEP][PASSED] - Statement - If (java.lang.Integer.valueOf(batchqty) >= java.lang.Integer.valueOf(Rqty)): null

2018-05-31 14:13:19 - [TEST_STEP][PASSED] - Statement - Break: null

2018-05-31 14:13:19 - [TEST_STEP][PASSED] - delay: Delayed 2 second(s)

2018-05-31 14:13:21 - [MESSAGE][PASSED] - Delayed 2 second(s)

2018-05-31 14:13:21 - [TEST_STEP][PASSED] - click: Object: 'Object Repository/DispensaryToCms/Page_KDMC - CMS/input_btndispatch' is clicked on

2018-05-31 14:13:22 - [MESSAGE][PASSED] - Object: 'Object Repository/DispensaryToCms/Page_KDMC - CMS/input_btndispatch' is clicked on

2018-05-31 14:13:22 - [TEST_STEP][PASSED] - delay: Delayed 3 second(s)

2018-05-31 14:13:25 - [MESSAGE][PASSED] - Delayed 3 second(s)

2018-05-31 14:13:25 - [TEST_STEP][PASSED] - click: Object: 'Object Repository/DispensaryToCms/Page_KDMC - CMS/button_OK' is clicked on

2018-05-31 14:13:25 - [MESSAGE][PASSED] - Object: 'Object Repository/DispensaryToCms/Page_KDMC - CMS/button_OK' is clicked on

2018-05-31 14:13:25 - [TEST_STEP][PASSED] - delay: Delayed 3 second(s)

2018-05-31 14:13:28 - [MESSAGE][PASSED] - Delayed 3 second(s)

2018-05-31 14:13:28 - [TEST_STEP][PASSED] - waitForElementPresent: Object 'Object Repository/DispensaryToStore/Page_Dispensary Store/a_dropdown-toggle' is not present after 20 second(s)

2018-05-31 14:13:49 - [MESSAGE][WARNING] - Object 'Object Repository/DispensaryToStore/Page_Dispensary Store/a_dropdown-toggle' is not present after 20 second(s)

2018-05-31 14:13:49 - [TEST_STEP][PASSED] - click: Object: 'Object Repository/DispensaryToCms/Page_KDMC - CMS/a_dropdown-toggle' is clicked on

2018-05-31 14:13:49 - [MESSAGE][PASSED] - Object: 'Object Repository/DispensaryToCms/Page_KDMC - CMS/a_dropdown-toggle' is clicked on

2018-05-31 14:13:49 - [TEST_STEP][PASSED] - click: Object: 'Object Repository/DispensaryToCms/Page_KDMC - CMS/a_Sign out' is clicked on

2018-05-31 14:13:50 - [MESSAGE][PASSED] - Object: 'Object Repository/DispensaryToCms/Page_KDMC - CMS/a_Sign out' is clicked on

2018-05-31 14:13:50 - [TEST_STEP][PASSED] - delay: Delayed 3 second(s)

2018-05-31 14:13:53 - [MESSAGE][PASSED] - Delayed 3 second(s)

2018-05-31 14:13:53 - [TEST_STEP][PASSED] - navigateToUrl: Navigate to 'http://192.168.137.1/multihospital_new/HDSplashscreen.aspx' successfully

2018-05-31 14:13:53 - [MESSAGE][PASSED] - Navigate to 'http://192.168.137.1/multihospital_new/HDSplashscreen.aspx' successfully

2018-05-31 14:13:53 - [TEST_STEP][PASSED] - click: Object: 'Object Repository/DispensaryToCms/Page_KDMC/a_Dispensary Store' is clicked on

2018-05-31 14:13:54 - [MESSAGE][PASSED] - Object: 'Object Repository/DispensaryToCms/Page_KDMC/a_Dispensary Store' is clicked on

2018-05-31 14:13:54 - [TEST_STEP][PASSED] - setText: Text 'rajaram' is set on object 'Object Repository/DispensaryToCms/Page_Dispensary Store Login/input_txtusername'

2018-05-31 14:13:54 - [MESSAGE][PASSED] - Text 'rajaram' is set on object 'Object Repository/DispensaryToCms/Page_Dispensary Store Login/input_txtusername'

2018-05-31 14:13:54 - [TEST_STEP][PASSED] - setText: Text '123' is set on object 'Object Repository/DispensaryToCms/Page_Dispensary Store Login/input_txtpassword'

2018-05-31 14:13:54 - [MESSAGE][PASSED] - Text '123' is set on object 'Object Repository/DispensaryToCms/Page_Dispensary Store Login/input_txtpassword'

2018-05-31 14:13:54 - [TEST_STEP][PASSED] - delay: Delayed 3 second(s)

2018-05-31 14:13:57 - [MESSAGE][PASSED] - Delayed 3 second(s)

2018-05-31 14:13:57 - [TEST_STEP][PASSED] - click: Object: 'Object Repository/DispensaryToCms/Page_Dispensary Store Login/button_Sign in' is clicked on

2018-05-31 14:13:58 - [MESSAGE][PASSED] - Object: 'Object Repository/DispensaryToCms/Page_Dispensary Store Login/button_Sign in' is clicked on

2018-05-31 14:13:58 - [TEST_STEP][PASSED] - delay: Delayed 3 second(s)

2018-05-31 14:14:01 - [MESSAGE][PASSED] - Delayed 3 second(s)

2018-05-31 14:14:01 - [TEST_STEP][PASSED] - click: Object: 'Object Repository/DispensaryToCms/Page_Dispensary Store/a_CMS' is clicked on

2018-05-31 14:14:01 - [MESSAGE][PASSED] - Object: 'Object Repository/DispensaryToCms/Page_Dispensary Store/a_CMS' is clicked on

2018-05-31 14:14:01 - [TEST_STEP][PASSED] - delay: Delayed 2 second(s)

2018-05-31 14:14:03 - [MESSAGE][PASSED] - Delayed 2 second(s)

2018-05-31 14:14:03 - [TEST_STEP][PASSED] - click: Object: 'Object Repository/DispensaryToCms/Page_Dispensary Store/a_Receiving Goods' is clicked on

2018-05-31 14:14:03 - [MESSAGE][PASSED] - Object: 'Object Repository/DispensaryToCms/Page_Dispensary Store/a_Receiving Goods' is clicked on

2018-05-31 14:14:03 - [TEST_STEP][PASSED] - setText: Text 'PRNO/31052018/509' is set on object 'Object Repository/DispensaryToCms/Page_Dispensary Store/input'

2018-05-31 14:14:04 - [MESSAGE][PASSED] - Text 'PRNO/31052018/509' is set on object 'Object Repository/DispensaryToCms/Page_Dispensary Store/input'

2018-05-31 14:14:04 - [TEST_STEP][PASSED] - click: Object: 'Object Repository/DispensaryToCms/Page_Dispensary Store/input_PRNO18052018174' is clicked on

2018-05-31 14:14:04 - [MESSAGE][PASSED] - Object: 'Object Repository/DispensaryToCms/Page_Dispensary Store/input_PRNO18052018174' is clicked on

2018-05-31 14:14:04 - [TEST_STEP][PASSED] - delay: Delayed 2 second(s)

2018-05-31 14:14:06 - [MESSAGE][PASSED] - Delayed 2 second(s)

2018-05-31 14:14:06 - [TEST_STEP][PASSED] - click: Object: 'Object Repository/DispensaryToCms/Page_Dispensary Store/input_chkrem' is clicked on

2018-05-31 14:14:06 - [MESSAGE][PASSED] - Object: 'Object Repository/DispensaryToCms/Page_Dispensary Store/input_chkrem' is clicked on

2018-05-31 14:14:06 - [TEST_STEP][PASSED] - scrollToElement: Scroll to object 'Object Repository/DispensaryToCms/Page_Dispensary Store/input_btchkroqadd' successfully

2018-05-31 14:14:06 - [MESSAGE][PASSED] - Scroll to object 'Object Repository/DispensaryToCms/Page_Dispensary Store/input_btchkroqadd' successfully

2018-05-31 14:14:06 - [TEST_STEP][PASSED] - click: Object: 'Object Repository/DispensaryToCms/Page_Dispensary Store/input_btchkroqadd' is clicked on

2018-05-31 14:14:06 - [MESSAGE][PASSED] - Object: 'Object Repository/DispensaryToCms/Page_Dispensary Store/input_btchkroqadd' is clicked on

2018-05-31 14:14:06 - [TEST_STEP][PASSED] - delay: Delayed 2 second(s)

2018-05-31 14:14:08 - [MESSAGE][PASSED] - Delayed 2 second(s)

2018-05-31 14:14:08 - [TEST_STEP][PASSED] - refresh: Refresh successfully

2018-05-31 14:14:09 - [MESSAGE][PASSED] - Refresh successfully

2018-05-31 14:14:09 - [TEST_STEP][PASSED] - delay: Delayed 3 second(s)

2018-05-31 14:14:12 - [MESSAGE][PASSED] - Delayed 3 second(s)

2018-05-31 14:14:12 - [TEST_STEP][PASSED] - waitForElementPresent: Object 'Object Repository/DispensaryToStore/Page_Dispensary Store/a_dropdown-toggle' is present

2018-05-31 14:14:12 - [MESSAGE][PASSED] - Object 'Object Repository/DispensaryToStore/Page_Dispensary Store/a_dropdown-toggle' is present

2018-05-31 14:14:12 - [TEST_STEP][PASSED] - click: Object: 'Object Repository/DispensaryToCms/Page_Dispensary Store/a_dropdown-toggle' is clicked on

2018-05-31 14:14:12 - [MESSAGE][PASSED] - Object: 'Object Repository/DispensaryToCms/Page_Dispensary Store/a_dropdown-toggle' is clicked on

2018-05-31 14:14:12 - [TEST_STEP][PASSED] - click: Object: 'Object Repository/DispensaryToCms/Page_Dispensary Store/a_Sign out' is clicked on

2018-05-31 14:14:12 - [MESSAGE][PASSED] - Object: 'Object Repository/DispensaryToCms/Page_Dispensary Store/a_Sign out' is clicked on

2018-05-31 14:14:12 - [TEST_STEP][PASSED] - closeBrowser: Browser is closed

2018-05-31 14:14:13 - [MESSAGE][PASSED] - Browser is closed]]></system-out>
         <system-err><![CDATA[]]></system-err>
      </testcase>
      <testcase name="Test Cases/DISPENSARY TEST CASES/TC_DP_022 Verify Schedule 10 Dispensary To CMS Request Are Working Successfully Or Not" classname="Test Cases/DISPENSARY TEST CASES/TC_DP_022 Verify Schedule 10 Dispensary To CMS Request Are Working Successfully Or Not" status="PASSED">
         <system-out><![CDATA[2018-05-31 14:14:13 - [TEST_CASE][PASSED] - Test Cases/DISPENSARY TEST CASES/TC_DP_022 Verify Schedule 10 Dispensary To CMS Request Are Working Successfully Or Not: Test Cases/DISPENSARY TEST CASES/TC_DP_022 Verify Schedule 10 Dispensary To CMS Request Are Working Successfully Or Not

2018-05-31 14:14:13 - [TEST_STEP][PASSED] - openBrowser: Browser is opened with url: ''

2018-05-31 14:14:15 - [MESSAGE][PASSED] - Browser is opened with url: ''

2018-05-31 14:14:15 - [TEST_STEP][PASSED] - navigateToUrl: Navigate to 'http://192.168.137.1/multihospital_new/HDSplashscreen.aspx' successfully

2018-05-31 14:14:19 - [MESSAGE][PASSED] - Navigate to 'http://192.168.137.1/multihospital_new/HDSplashscreen.aspx' successfully

2018-05-31 14:14:19 - [TEST_STEP][PASSED] - maximizeWindow: Current window maximized

2018-05-31 14:14:20 - [MESSAGE][PASSED] - Current window maximized

2018-05-31 14:14:20 - [TEST_STEP][PASSED] - click: Object: 'Object Repository/DispensaryToCms/Page_KDMC/a_Dispensary Store' is clicked on

2018-05-31 14:14:21 - [MESSAGE][PASSED] - Object: 'Object Repository/DispensaryToCms/Page_KDMC/a_Dispensary Store' is clicked on

2018-05-31 14:14:21 - [TEST_STEP][PASSED] - setText: Text 'rajaram' is set on object 'Object Repository/DispensaryToCms/Page_Dispensary Store Login/input_txtusername'

2018-05-31 14:14:21 - [MESSAGE][PASSED] - Text 'rajaram' is set on object 'Object Repository/DispensaryToCms/Page_Dispensary Store Login/input_txtusername'

2018-05-31 14:14:21 - [TEST_STEP][PASSED] - setText: Text '123' is set on object 'Object Repository/DispensaryToCms/Page_Dispensary Store Login/input_txtpassword'

2018-05-31 14:14:21 - [MESSAGE][PASSED] - Text '123' is set on object 'Object Repository/DispensaryToCms/Page_Dispensary Store Login/input_txtpassword'

2018-05-31 14:14:21 - [TEST_STEP][PASSED] - delay: Delayed 3 second(s)

2018-05-31 14:14:24 - [MESSAGE][PASSED] - Delayed 3 second(s)

2018-05-31 14:14:24 - [TEST_STEP][PASSED] - click: Object: 'Object Repository/DispensaryToCms/Page_Dispensary Store Login/button_Sign in' is clicked on

2018-05-31 14:14:25 - [MESSAGE][PASSED] - Object: 'Object Repository/DispensaryToCms/Page_Dispensary Store Login/button_Sign in' is clicked on

2018-05-31 14:14:25 - [TEST_STEP][PASSED] - delay: Delayed 3 second(s)

2018-05-31 14:14:28 - [MESSAGE][PASSED] - Delayed 3 second(s)

2018-05-31 14:14:28 - [TEST_STEP][PASSED] - click: Object: 'Object Repository/DispensaryToCms/Page_Dispensary Store/a_CMS' is clicked on

2018-05-31 14:14:28 - [MESSAGE][PASSED] - Object: 'Object Repository/DispensaryToCms/Page_Dispensary Store/a_CMS' is clicked on

2018-05-31 14:14:28 - [TEST_STEP][PASSED] - click: Object: 'Object Repository/DispensaryToCms/Page_Dispensary Store/a_Request Send' is clicked on

2018-05-31 14:14:29 - [MESSAGE][PASSED] - Object: 'Object Repository/DispensaryToCms/Page_Dispensary Store/a_Request Send' is clicked on

2018-05-31 14:14:29 - [TEST_STEP][PASSED] - delay: Delayed 2 second(s)

2018-05-31 14:14:31 - [MESSAGE][PASSED] - Delayed 2 second(s)

2018-05-31 14:14:31 - [TEST_STEP][PASSED] - selectOptionByIndex: All options with index in [2] are selected on object 'Object Repository/DispensaryToCms/Page_Dispensary Store/select_--Select--'

2018-05-31 14:14:31 - [MESSAGE][PASSED] - All options with index in [2] are selected on object 'Object Repository/DispensaryToCms/Page_Dispensary Store/select_--Select--'

2018-05-31 14:14:31 - [TEST_STEP][PASSED] - selectOptionByIndex: All options with index in [10] are selected on object 'Object Repository/DispensaryToCms/Page_Dispensary Store/select_--Select--Schedule 1Inj'

2018-05-31 14:14:31 - [MESSAGE][PASSED] - All options with index in [10] are selected on object 'Object Repository/DispensaryToCms/Page_Dispensary Store/select_--Select--Schedule 1Inj'

2018-05-31 14:14:31 - [TEST_STEP][PASSED] - Statement - medicineslength = com.kms.katalon.core.webui.keyword.WebUiBuiltInKeywords.getNumberOfTotalOption(com.kms.katalon.core.testobject.ObjectRepository.findTestObject(DispensaryToCms/Page_Dispensary Store/select_--Select--Adernaline 0.)): 19 options of object 'Object Repository/DispensaryToCms/Page_Dispensary Store/select_--Select--Adernaline 0.' counted

2018-05-31 14:14:31 - [MESSAGE][PASSED] - 19 options of object 'Object Repository/DispensaryToCms/Page_Dispensary Store/select_--Select--Adernaline 0.' counted

2018-05-31 14:14:31 - [TEST_STEP][PASSED] - Statement - For ([e = 1, e <= medicineslength - 1, (e++)]): Delayed 1 second(s)

2018-05-31 14:14:31 - [TEST_STEP][PASSED] - selectOptionByIndex: All options with index in [10] are selected on object 'Object Repository/DispensaryToCms/Page_Dispensary Store/select_--Select--Schedule 1Inj'

2018-05-31 14:14:32 - [MESSAGE][PASSED] - All options with index in [10] are selected on object 'Object Repository/DispensaryToCms/Page_Dispensary Store/select_--Select--Schedule 1Inj'

2018-05-31 14:14:32 - [TEST_STEP][PASSED] - delay: Delayed 1 second(s)

2018-05-31 14:14:33 - [MESSAGE][PASSED] - Delayed 1 second(s)

2018-05-31 14:14:33 - [TEST_STEP][PASSED] - selectOptionByIndex: All options with index in [1] are selected on object 'Object Repository/DispensaryToCms/Page_Dispensary Store/select_--Select--Adernaline 0.'

2018-05-31 14:14:33 - [MESSAGE][PASSED] - All options with index in [1] are selected on object 'Object Repository/DispensaryToCms/Page_Dispensary Store/select_--Select--Adernaline 0.'

2018-05-31 14:14:33 - [TEST_STEP][PASSED] - setText: Text '100' is set on object 'Object Repository/DispensaryToCms/Page_Dispensary Store/input_txttreat'

2018-05-31 14:14:33 - [MESSAGE][PASSED] - Text '100' is set on object 'Object Repository/DispensaryToCms/Page_Dispensary Store/input_txttreat'

2018-05-31 14:14:33 - [TEST_STEP][PASSED] - click: Object: 'Object Repository/DispensaryToCms/Page_Dispensary Store/button_Add' is clicked on

2018-05-31 14:14:33 - [MESSAGE][PASSED] - Object: 'Object Repository/DispensaryToCms/Page_Dispensary Store/button_Add' is clicked on

2018-05-31 14:14:33 - [TEST_STEP][PASSED] - delay: Delayed 1 second(s)

2018-05-31 14:14:34 - [MESSAGE][PASSED] - Delayed 1 second(s)

2018-05-31 14:14:34 - [TEST_STEP][PASSED] - selectOptionByIndex: All options with index in [10] are selected on object 'Object Repository/DispensaryToCms/Page_Dispensary Store/select_--Select--Schedule 1Inj'

2018-05-31 14:14:34 - [MESSAGE][PASSED] - All options with index in [10] are selected on object 'Object Repository/DispensaryToCms/Page_Dispensary Store/select_--Select--Schedule 1Inj'

2018-05-31 14:14:34 - [TEST_STEP][PASSED] - delay: Delayed 1 second(s)

2018-05-31 14:14:35 - [MESSAGE][PASSED] - Delayed 1 second(s)

2018-05-31 14:14:35 - [TEST_STEP][PASSED] - selectOptionByIndex: All options with index in [2] are selected on object 'Object Repository/DispensaryToCms/Page_Dispensary Store/select_--Select--Adernaline 0.'

2018-05-31 14:14:35 - [MESSAGE][PASSED] - All options with index in [2] are selected on object 'Object Repository/DispensaryToCms/Page_Dispensary Store/select_--Select--Adernaline 0.'

2018-05-31 14:14:35 - [TEST_STEP][PASSED] - setText: Text '100' is set on object 'Object Repository/DispensaryToCms/Page_Dispensary Store/input_txttreat'

2018-05-31 14:14:35 - [MESSAGE][PASSED] - Text '100' is set on object 'Object Repository/DispensaryToCms/Page_Dispensary Store/input_txttreat'

2018-05-31 14:14:35 - [TEST_STEP][PASSED] - click: Object: 'Object Repository/DispensaryToCms/Page_Dispensary Store/button_Add' is clicked on

2018-05-31 14:14:35 - [MESSAGE][PASSED] - Object: 'Object Repository/DispensaryToCms/Page_Dispensary Store/button_Add' is clicked on

2018-05-31 14:14:35 - [TEST_STEP][PASSED] - delay: Delayed 1 second(s)

2018-05-31 14:14:36 - [MESSAGE][PASSED] - Delayed 1 second(s)

2018-05-31 14:14:36 - [TEST_STEP][PASSED] - selectOptionByIndex: All options with index in [10] are selected on object 'Object Repository/DispensaryToCms/Page_Dispensary Store/select_--Select--Schedule 1Inj'

2018-05-31 14:14:37 - [MESSAGE][PASSED] - All options with index in [10] are selected on object 'Object Repository/DispensaryToCms/Page_Dispensary Store/select_--Select--Schedule 1Inj'

2018-05-31 14:14:37 - [TEST_STEP][PASSED] - delay: Delayed 1 second(s)

2018-05-31 14:14:38 - [MESSAGE][PASSED] - Delayed 1 second(s)

2018-05-31 14:14:38 - [TEST_STEP][PASSED] - selectOptionByIndex: All options with index in [3] are selected on object 'Object Repository/DispensaryToCms/Page_Dispensary Store/select_--Select--Adernaline 0.'

2018-05-31 14:14:38 - [MESSAGE][PASSED] - All options with index in [3] are selected on object 'Object Repository/DispensaryToCms/Page_Dispensary Store/select_--Select--Adernaline 0.'

2018-05-31 14:14:38 - [TEST_STEP][PASSED] - setText: Text '100' is set on object 'Object Repository/DispensaryToCms/Page_Dispensary Store/input_txttreat'

2018-05-31 14:14:38 - [MESSAGE][PASSED] - Text '100' is set on object 'Object Repository/DispensaryToCms/Page_Dispensary Store/input_txttreat'

2018-05-31 14:14:38 - [TEST_STEP][PASSED] - click: Object: 'Object Repository/DispensaryToCms/Page_Dispensary Store/button_Add' is clicked on

2018-05-31 14:14:38 - [MESSAGE][PASSED] - Object: 'Object Repository/DispensaryToCms/Page_Dispensary Store/button_Add' is clicked on

2018-05-31 14:14:38 - [TEST_STEP][PASSED] - delay: Delayed 1 second(s)

2018-05-31 14:14:39 - [MESSAGE][PASSED] - Delayed 1 second(s)

2018-05-31 14:14:39 - [TEST_STEP][PASSED] - selectOptionByIndex: All options with index in [10] are selected on object 'Object Repository/DispensaryToCms/Page_Dispensary Store/select_--Select--Schedule 1Inj'

2018-05-31 14:14:39 - [MESSAGE][PASSED] - All options with index in [10] are selected on object 'Object Repository/DispensaryToCms/Page_Dispensary Store/select_--Select--Schedule 1Inj'

2018-05-31 14:14:39 - [TEST_STEP][PASSED] - delay: Delayed 1 second(s)

2018-05-31 14:14:40 - [MESSAGE][PASSED] - Delayed 1 second(s)

2018-05-31 14:14:40 - [TEST_STEP][PASSED] - selectOptionByIndex: All options with index in [4] are selected on object 'Object Repository/DispensaryToCms/Page_Dispensary Store/select_--Select--Adernaline 0.'

2018-05-31 14:14:40 - [MESSAGE][PASSED] - All options with index in [4] are selected on object 'Object Repository/DispensaryToCms/Page_Dispensary Store/select_--Select--Adernaline 0.'

2018-05-31 14:14:40 - [TEST_STEP][PASSED] - setText: Text '100' is set on object 'Object Repository/DispensaryToCms/Page_Dispensary Store/input_txttreat'

2018-05-31 14:14:41 - [MESSAGE][PASSED] - Text '100' is set on object 'Object Repository/DispensaryToCms/Page_Dispensary Store/input_txttreat'

2018-05-31 14:14:41 - [TEST_STEP][PASSED] - click: Object: 'Object Repository/DispensaryToCms/Page_Dispensary Store/button_Add' is clicked on

2018-05-31 14:14:41 - [MESSAGE][PASSED] - Object: 'Object Repository/DispensaryToCms/Page_Dispensary Store/button_Add' is clicked on

2018-05-31 14:14:41 - [TEST_STEP][PASSED] - delay: Delayed 1 second(s)

2018-05-31 14:14:42 - [MESSAGE][PASSED] - Delayed 1 second(s)

2018-05-31 14:14:42 - [TEST_STEP][PASSED] - selectOptionByIndex: All options with index in [10] are selected on object 'Object Repository/DispensaryToCms/Page_Dispensary Store/select_--Select--Schedule 1Inj'

2018-05-31 14:14:42 - [MESSAGE][PASSED] - All options with index in [10] are selected on object 'Object Repository/DispensaryToCms/Page_Dispensary Store/select_--Select--Schedule 1Inj'

2018-05-31 14:14:42 - [TEST_STEP][PASSED] - delay: Delayed 1 second(s)

2018-05-31 14:14:43 - [MESSAGE][PASSED] - Delayed 1 second(s)

2018-05-31 14:14:43 - [TEST_STEP][PASSED] - selectOptionByIndex: All options with index in [5] are selected on object 'Object Repository/DispensaryToCms/Page_Dispensary Store/select_--Select--Adernaline 0.'

2018-05-31 14:14:43 - [MESSAGE][PASSED] - All options with index in [5] are selected on object 'Object Repository/DispensaryToCms/Page_Dispensary Store/select_--Select--Adernaline 0.'

2018-05-31 14:14:43 - [TEST_STEP][PASSED] - setText: Text '100' is set on object 'Object Repository/DispensaryToCms/Page_Dispensary Store/input_txttreat'

2018-05-31 14:14:43 - [MESSAGE][PASSED] - Text '100' is set on object 'Object Repository/DispensaryToCms/Page_Dispensary Store/input_txttreat'

2018-05-31 14:14:43 - [TEST_STEP][PASSED] - click: Object: 'Object Repository/DispensaryToCms/Page_Dispensary Store/button_Add' is clicked on

2018-05-31 14:14:43 - [MESSAGE][PASSED] - Object: 'Object Repository/DispensaryToCms/Page_Dispensary Store/button_Add' is clicked on

2018-05-31 14:14:43 - [TEST_STEP][PASSED] - delay: Delayed 1 second(s)

2018-05-31 14:14:44 - [MESSAGE][PASSED] - Delayed 1 second(s)

2018-05-31 14:14:44 - [TEST_STEP][PASSED] - selectOptionByIndex: All options with index in [10] are selected on object 'Object Repository/DispensaryToCms/Page_Dispensary Store/select_--Select--Schedule 1Inj'

2018-05-31 14:14:45 - [MESSAGE][PASSED] - All options with index in [10] are selected on object 'Object Repository/DispensaryToCms/Page_Dispensary Store/select_--Select--Schedule 1Inj'

2018-05-31 14:14:45 - [TEST_STEP][PASSED] - delay: Delayed 1 second(s)

2018-05-31 14:14:46 - [MESSAGE][PASSED] - Delayed 1 second(s)

2018-05-31 14:14:46 - [TEST_STEP][PASSED] - selectOptionByIndex: All options with index in [6] are selected on object 'Object Repository/DispensaryToCms/Page_Dispensary Store/select_--Select--Adernaline 0.'

2018-05-31 14:14:46 - [MESSAGE][PASSED] - All options with index in [6] are selected on object 'Object Repository/DispensaryToCms/Page_Dispensary Store/select_--Select--Adernaline 0.'

2018-05-31 14:14:46 - [TEST_STEP][PASSED] - setText: Text '100' is set on object 'Object Repository/DispensaryToCms/Page_Dispensary Store/input_txttreat'

2018-05-31 14:14:46 - [MESSAGE][PASSED] - Text '100' is set on object 'Object Repository/DispensaryToCms/Page_Dispensary Store/input_txttreat'

2018-05-31 14:14:46 - [TEST_STEP][PASSED] - click: Object: 'Object Repository/DispensaryToCms/Page_Dispensary Store/button_Add' is clicked on

2018-05-31 14:14:46 - [MESSAGE][PASSED] - Object: 'Object Repository/DispensaryToCms/Page_Dispensary Store/button_Add' is clicked on

2018-05-31 14:14:46 - [TEST_STEP][PASSED] - delay: Delayed 1 second(s)

2018-05-31 14:14:47 - [MESSAGE][PASSED] - Delayed 1 second(s)

2018-05-31 14:14:47 - [TEST_STEP][PASSED] - selectOptionByIndex: All options with index in [10] are selected on object 'Object Repository/DispensaryToCms/Page_Dispensary Store/select_--Select--Schedule 1Inj'

2018-05-31 14:14:47 - [MESSAGE][PASSED] - All options with index in [10] are selected on object 'Object Repository/DispensaryToCms/Page_Dispensary Store/select_--Select--Schedule 1Inj'

2018-05-31 14:14:47 - [TEST_STEP][PASSED] - delay: Delayed 1 second(s)

2018-05-31 14:14:48 - [MESSAGE][PASSED] - Delayed 1 second(s)

2018-05-31 14:14:48 - [TEST_STEP][PASSED] - selectOptionByIndex: All options with index in [7] are selected on object 'Object Repository/DispensaryToCms/Page_Dispensary Store/select_--Select--Adernaline 0.'

2018-05-31 14:14:48 - [MESSAGE][PASSED] - All options with index in [7] are selected on object 'Object Repository/DispensaryToCms/Page_Dispensary Store/select_--Select--Adernaline 0.'

2018-05-31 14:14:48 - [TEST_STEP][PASSED] - setText: Text '100' is set on object 'Object Repository/DispensaryToCms/Page_Dispensary Store/input_txttreat'

2018-05-31 14:14:48 - [MESSAGE][PASSED] - Text '100' is set on object 'Object Repository/DispensaryToCms/Page_Dispensary Store/input_txttreat'

2018-05-31 14:14:48 - [TEST_STEP][PASSED] - click: Object: 'Object Repository/DispensaryToCms/Page_Dispensary Store/button_Add' is clicked on

2018-05-31 14:14:48 - [MESSAGE][PASSED] - Object: 'Object Repository/DispensaryToCms/Page_Dispensary Store/button_Add' is clicked on

2018-05-31 14:14:48 - [TEST_STEP][PASSED] - delay: Delayed 1 second(s)

2018-05-31 14:14:49 - [MESSAGE][PASSED] - Delayed 1 second(s)

2018-05-31 14:14:49 - [TEST_STEP][PASSED] - selectOptionByIndex: All options with index in [10] are selected on object 'Object Repository/DispensaryToCms/Page_Dispensary Store/select_--Select--Schedule 1Inj'

2018-05-31 14:14:50 - [MESSAGE][PASSED] - All options with index in [10] are selected on object 'Object Repository/DispensaryToCms/Page_Dispensary Store/select_--Select--Schedule 1Inj'

2018-05-31 14:14:50 - [TEST_STEP][PASSED] - delay: Delayed 1 second(s)

2018-05-31 14:14:51 - [MESSAGE][PASSED] - Delayed 1 second(s)

2018-05-31 14:14:51 - [TEST_STEP][PASSED] - selectOptionByIndex: All options with index in [8] are selected on object 'Object Repository/DispensaryToCms/Page_Dispensary Store/select_--Select--Adernaline 0.'

2018-05-31 14:14:51 - [MESSAGE][PASSED] - All options with index in [8] are selected on object 'Object Repository/DispensaryToCms/Page_Dispensary Store/select_--Select--Adernaline 0.'

2018-05-31 14:14:51 - [TEST_STEP][PASSED] - setText: Text '100' is set on object 'Object Repository/DispensaryToCms/Page_Dispensary Store/input_txttreat'

2018-05-31 14:14:51 - [MESSAGE][PASSED] - Text '100' is set on object 'Object Repository/DispensaryToCms/Page_Dispensary Store/input_txttreat'

2018-05-31 14:14:51 - [TEST_STEP][PASSED] - click: Object: 'Object Repository/DispensaryToCms/Page_Dispensary Store/button_Add' is clicked on

2018-05-31 14:14:51 - [MESSAGE][PASSED] - Object: 'Object Repository/DispensaryToCms/Page_Dispensary Store/button_Add' is clicked on

2018-05-31 14:14:51 - [TEST_STEP][PASSED] - delay: Delayed 1 second(s)

2018-05-31 14:14:52 - [MESSAGE][PASSED] - Delayed 1 second(s)

2018-05-31 14:14:52 - [TEST_STEP][PASSED] - selectOptionByIndex: All options with index in [10] are selected on object 'Object Repository/DispensaryToCms/Page_Dispensary Store/select_--Select--Schedule 1Inj'

2018-05-31 14:14:52 - [MESSAGE][PASSED] - All options with index in [10] are selected on object 'Object Repository/DispensaryToCms/Page_Dispensary Store/select_--Select--Schedule 1Inj'

2018-05-31 14:14:52 - [TEST_STEP][PASSED] - delay: Delayed 1 second(s)

2018-05-31 14:14:53 - [MESSAGE][PASSED] - Delayed 1 second(s)

2018-05-31 14:14:53 - [TEST_STEP][PASSED] - selectOptionByIndex: All options with index in [9] are selected on object 'Object Repository/DispensaryToCms/Page_Dispensary Store/select_--Select--Adernaline 0.'

2018-05-31 14:14:54 - [MESSAGE][PASSED] - All options with index in [9] are selected on object 'Object Repository/DispensaryToCms/Page_Dispensary Store/select_--Select--Adernaline 0.'

2018-05-31 14:14:54 - [TEST_STEP][PASSED] - setText: Text '100' is set on object 'Object Repository/DispensaryToCms/Page_Dispensary Store/input_txttreat'

2018-05-31 14:14:54 - [MESSAGE][PASSED] - Text '100' is set on object 'Object Repository/DispensaryToCms/Page_Dispensary Store/input_txttreat'

2018-05-31 14:14:54 - [TEST_STEP][PASSED] - click: Object: 'Object Repository/DispensaryToCms/Page_Dispensary Store/button_Add' is clicked on

2018-05-31 14:14:54 - [MESSAGE][PASSED] - Object: 'Object Repository/DispensaryToCms/Page_Dispensary Store/button_Add' is clicked on

2018-05-31 14:14:54 - [TEST_STEP][PASSED] - delay: Delayed 1 second(s)

2018-05-31 14:14:55 - [MESSAGE][PASSED] - Delayed 1 second(s)

2018-05-31 14:14:55 - [TEST_STEP][PASSED] - selectOptionByIndex: All options with index in [10] are selected on object 'Object Repository/DispensaryToCms/Page_Dispensary Store/select_--Select--Schedule 1Inj'

2018-05-31 14:14:55 - [MESSAGE][PASSED] - All options with index in [10] are selected on object 'Object Repository/DispensaryToCms/Page_Dispensary Store/select_--Select--Schedule 1Inj'

2018-05-31 14:14:55 - [TEST_STEP][PASSED] - delay: Delayed 1 second(s)

2018-05-31 14:14:56 - [MESSAGE][PASSED] - Delayed 1 second(s)

2018-05-31 14:14:56 - [TEST_STEP][PASSED] - selectOptionByIndex: All options with index in [10] are selected on object 'Object Repository/DispensaryToCms/Page_Dispensary Store/select_--Select--Adernaline 0.'

2018-05-31 14:14:56 - [MESSAGE][PASSED] - All options with index in [10] are selected on object 'Object Repository/DispensaryToCms/Page_Dispensary Store/select_--Select--Adernaline 0.'

2018-05-31 14:14:56 - [TEST_STEP][PASSED] - setText: Text '100' is set on object 'Object Repository/DispensaryToCms/Page_Dispensary Store/input_txttreat'

2018-05-31 14:14:56 - [MESSAGE][PASSED] - Text '100' is set on object 'Object Repository/DispensaryToCms/Page_Dispensary Store/input_txttreat'

2018-05-31 14:14:56 - [TEST_STEP][PASSED] - click: Object: 'Object Repository/DispensaryToCms/Page_Dispensary Store/button_Add' is clicked on

2018-05-31 14:14:56 - [MESSAGE][PASSED] - Object: 'Object Repository/DispensaryToCms/Page_Dispensary Store/button_Add' is clicked on

2018-05-31 14:14:56 - [TEST_STEP][PASSED] - delay: Delayed 1 second(s)

2018-05-31 14:14:57 - [MESSAGE][PASSED] - Delayed 1 second(s)

2018-05-31 14:14:57 - [TEST_STEP][PASSED] - selectOptionByIndex: All options with index in [10] are selected on object 'Object Repository/DispensaryToCms/Page_Dispensary Store/select_--Select--Schedule 1Inj'

2018-05-31 14:14:58 - [MESSAGE][PASSED] - All options with index in [10] are selected on object 'Object Repository/DispensaryToCms/Page_Dispensary Store/select_--Select--Schedule 1Inj'

2018-05-31 14:14:58 - [TEST_STEP][PASSED] - delay: Delayed 1 second(s)

2018-05-31 14:14:59 - [MESSAGE][PASSED] - Delayed 1 second(s)

2018-05-31 14:14:59 - [TEST_STEP][PASSED] - selectOptionByIndex: All options with index in [11] are selected on object 'Object Repository/DispensaryToCms/Page_Dispensary Store/select_--Select--Adernaline 0.'

2018-05-31 14:14:59 - [MESSAGE][PASSED] - All options with index in [11] are selected on object 'Object Repository/DispensaryToCms/Page_Dispensary Store/select_--Select--Adernaline 0.'

2018-05-31 14:14:59 - [TEST_STEP][PASSED] - setText: Text '100' is set on object 'Object Repository/DispensaryToCms/Page_Dispensary Store/input_txttreat'

2018-05-31 14:14:59 - [MESSAGE][PASSED] - Text '100' is set on object 'Object Repository/DispensaryToCms/Page_Dispensary Store/input_txttreat'

2018-05-31 14:14:59 - [TEST_STEP][PASSED] - click: Object: 'Object Repository/DispensaryToCms/Page_Dispensary Store/button_Add' is clicked on

2018-05-31 14:14:59 - [MESSAGE][PASSED] - Object: 'Object Repository/DispensaryToCms/Page_Dispensary Store/button_Add' is clicked on

2018-05-31 14:14:59 - [TEST_STEP][PASSED] - delay: Delayed 1 second(s)

2018-05-31 14:15:00 - [MESSAGE][PASSED] - Delayed 1 second(s)

2018-05-31 14:15:00 - [TEST_STEP][PASSED] - selectOptionByIndex: All options with index in [10] are selected on object 'Object Repository/DispensaryToCms/Page_Dispensary Store/select_--Select--Schedule 1Inj'

2018-05-31 14:15:00 - [MESSAGE][PASSED] - All options with index in [10] are selected on object 'Object Repository/DispensaryToCms/Page_Dispensary Store/select_--Select--Schedule 1Inj'

2018-05-31 14:15:00 - [TEST_STEP][PASSED] - delay: Delayed 1 second(s)

2018-05-31 14:15:01 - [MESSAGE][PASSED] - Delayed 1 second(s)

2018-05-31 14:15:01 - [TEST_STEP][PASSED] - selectOptionByIndex: All options with index in [12] are selected on object 'Object Repository/DispensaryToCms/Page_Dispensary Store/select_--Select--Adernaline 0.'

2018-05-31 14:15:01 - [MESSAGE][PASSED] - All options with index in [12] are selected on object 'Object Repository/DispensaryToCms/Page_Dispensary Store/select_--Select--Adernaline 0.'

2018-05-31 14:15:01 - [TEST_STEP][PASSED] - setText: Text '100' is set on object 'Object Repository/DispensaryToCms/Page_Dispensary Store/input_txttreat'

2018-05-31 14:15:02 - [MESSAGE][PASSED] - Text '100' is set on object 'Object Repository/DispensaryToCms/Page_Dispensary Store/input_txttreat'

2018-05-31 14:15:02 - [TEST_STEP][PASSED] - click: Object: 'Object Repository/DispensaryToCms/Page_Dispensary Store/button_Add' is clicked on

2018-05-31 14:15:02 - [MESSAGE][PASSED] - Object: 'Object Repository/DispensaryToCms/Page_Dispensary Store/button_Add' is clicked on

2018-05-31 14:15:02 - [TEST_STEP][PASSED] - delay: Delayed 1 second(s)

2018-05-31 14:15:03 - [MESSAGE][PASSED] - Delayed 1 second(s)

2018-05-31 14:15:03 - [TEST_STEP][PASSED] - selectOptionByIndex: All options with index in [10] are selected on object 'Object Repository/DispensaryToCms/Page_Dispensary Store/select_--Select--Schedule 1Inj'

2018-05-31 14:15:03 - [MESSAGE][PASSED] - All options with index in [10] are selected on object 'Object Repository/DispensaryToCms/Page_Dispensary Store/select_--Select--Schedule 1Inj'

2018-05-31 14:15:03 - [TEST_STEP][PASSED] - delay: Delayed 1 second(s)

2018-05-31 14:15:04 - [MESSAGE][PASSED] - Delayed 1 second(s)

2018-05-31 14:15:04 - [TEST_STEP][PASSED] - selectOptionByIndex: All options with index in [13] are selected on object 'Object Repository/DispensaryToCms/Page_Dispensary Store/select_--Select--Adernaline 0.'

2018-05-31 14:15:04 - [MESSAGE][PASSED] - All options with index in [13] are selected on object 'Object Repository/DispensaryToCms/Page_Dispensary Store/select_--Select--Adernaline 0.'

2018-05-31 14:15:04 - [TEST_STEP][PASSED] - setText: Text '100' is set on object 'Object Repository/DispensaryToCms/Page_Dispensary Store/input_txttreat'

2018-05-31 14:15:04 - [MESSAGE][PASSED] - Text '100' is set on object 'Object Repository/DispensaryToCms/Page_Dispensary Store/input_txttreat'

2018-05-31 14:15:04 - [TEST_STEP][PASSED] - click: Object: 'Object Repository/DispensaryToCms/Page_Dispensary Store/button_Add' is clicked on

2018-05-31 14:15:04 - [MESSAGE][PASSED] - Object: 'Object Repository/DispensaryToCms/Page_Dispensary Store/button_Add' is clicked on

2018-05-31 14:15:04 - [TEST_STEP][PASSED] - delay: Delayed 1 second(s)

2018-05-31 14:15:05 - [MESSAGE][PASSED] - Delayed 1 second(s)

2018-05-31 14:15:05 - [TEST_STEP][PASSED] - selectOptionByIndex: All options with index in [10] are selected on object 'Object Repository/DispensaryToCms/Page_Dispensary Store/select_--Select--Schedule 1Inj'

2018-05-31 14:15:06 - [MESSAGE][PASSED] - All options with index in [10] are selected on object 'Object Repository/DispensaryToCms/Page_Dispensary Store/select_--Select--Schedule 1Inj'

2018-05-31 14:15:06 - [TEST_STEP][PASSED] - delay: Delayed 1 second(s)

2018-05-31 14:15:07 - [MESSAGE][PASSED] - Delayed 1 second(s)

2018-05-31 14:15:07 - [TEST_STEP][PASSED] - selectOptionByIndex: All options with index in [14] are selected on object 'Object Repository/DispensaryToCms/Page_Dispensary Store/select_--Select--Adernaline 0.'

2018-05-31 14:15:07 - [MESSAGE][PASSED] - All options with index in [14] are selected on object 'Object Repository/DispensaryToCms/Page_Dispensary Store/select_--Select--Adernaline 0.'

2018-05-31 14:15:07 - [TEST_STEP][PASSED] - setText: Text '100' is set on object 'Object Repository/DispensaryToCms/Page_Dispensary Store/input_txttreat'

2018-05-31 14:15:07 - [MESSAGE][PASSED] - Text '100' is set on object 'Object Repository/DispensaryToCms/Page_Dispensary Store/input_txttreat'

2018-05-31 14:15:07 - [TEST_STEP][PASSED] - click: Object: 'Object Repository/DispensaryToCms/Page_Dispensary Store/button_Add' is clicked on

2018-05-31 14:15:07 - [MESSAGE][PASSED] - Object: 'Object Repository/DispensaryToCms/Page_Dispensary Store/button_Add' is clicked on

2018-05-31 14:15:07 - [TEST_STEP][PASSED] - delay: Delayed 1 second(s)

2018-05-31 14:15:08 - [MESSAGE][PASSED] - Delayed 1 second(s)

2018-05-31 14:15:08 - [TEST_STEP][PASSED] - selectOptionByIndex: All options with index in [10] are selected on object 'Object Repository/DispensaryToCms/Page_Dispensary Store/select_--Select--Schedule 1Inj'

2018-05-31 14:15:08 - [MESSAGE][PASSED] - All options with index in [10] are selected on object 'Object Repository/DispensaryToCms/Page_Dispensary Store/select_--Select--Schedule 1Inj'

2018-05-31 14:15:08 - [TEST_STEP][PASSED] - delay: Delayed 1 second(s)

2018-05-31 14:15:09 - [MESSAGE][PASSED] - Delayed 1 second(s)

2018-05-31 14:15:09 - [TEST_STEP][PASSED] - selectOptionByIndex: All options with index in [15] are selected on object 'Object Repository/DispensaryToCms/Page_Dispensary Store/select_--Select--Adernaline 0.'

2018-05-31 14:15:09 - [MESSAGE][PASSED] - All options with index in [15] are selected on object 'Object Repository/DispensaryToCms/Page_Dispensary Store/select_--Select--Adernaline 0.'

2018-05-31 14:15:09 - [TEST_STEP][PASSED] - setText: Text '100' is set on object 'Object Repository/DispensaryToCms/Page_Dispensary Store/input_txttreat'

2018-05-31 14:15:10 - [MESSAGE][PASSED] - Text '100' is set on object 'Object Repository/DispensaryToCms/Page_Dispensary Store/input_txttreat'

2018-05-31 14:15:10 - [TEST_STEP][PASSED] - click: Object: 'Object Repository/DispensaryToCms/Page_Dispensary Store/button_Add' is clicked on

2018-05-31 14:15:10 - [MESSAGE][PASSED] - Object: 'Object Repository/DispensaryToCms/Page_Dispensary Store/button_Add' is clicked on

2018-05-31 14:15:10 - [TEST_STEP][PASSED] - delay: Delayed 1 second(s)

2018-05-31 14:15:11 - [MESSAGE][PASSED] - Delayed 1 second(s)

2018-05-31 14:15:11 - [TEST_STEP][PASSED] - selectOptionByIndex: All options with index in [10] are selected on object 'Object Repository/DispensaryToCms/Page_Dispensary Store/select_--Select--Schedule 1Inj'

2018-05-31 14:15:11 - [MESSAGE][PASSED] - All options with index in [10] are selected on object 'Object Repository/DispensaryToCms/Page_Dispensary Store/select_--Select--Schedule 1Inj'

2018-05-31 14:15:11 - [TEST_STEP][PASSED] - delay: Delayed 1 second(s)

2018-05-31 14:15:12 - [MESSAGE][PASSED] - Delayed 1 second(s)

2018-05-31 14:15:12 - [TEST_STEP][PASSED] - selectOptionByIndex: All options with index in [16] are selected on object 'Object Repository/DispensaryToCms/Page_Dispensary Store/select_--Select--Adernaline 0.'

2018-05-31 14:15:12 - [MESSAGE][PASSED] - All options with index in [16] are selected on object 'Object Repository/DispensaryToCms/Page_Dispensary Store/select_--Select--Adernaline 0.'

2018-05-31 14:15:12 - [TEST_STEP][PASSED] - setText: Text '100' is set on object 'Object Repository/DispensaryToCms/Page_Dispensary Store/input_txttreat'

2018-05-31 14:15:12 - [MESSAGE][PASSED] - Text '100' is set on object 'Object Repository/DispensaryToCms/Page_Dispensary Store/input_txttreat'

2018-05-31 14:15:12 - [TEST_STEP][PASSED] - click: Object: 'Object Repository/DispensaryToCms/Page_Dispensary Store/button_Add' is clicked on

2018-05-31 14:15:12 - [MESSAGE][PASSED] - Object: 'Object Repository/DispensaryToCms/Page_Dispensary Store/button_Add' is clicked on

2018-05-31 14:15:12 - [TEST_STEP][PASSED] - delay: Delayed 1 second(s)

2018-05-31 14:15:13 - [MESSAGE][PASSED] - Delayed 1 second(s)

2018-05-31 14:15:13 - [TEST_STEP][PASSED] - selectOptionByIndex: All options with index in [10] are selected on object 'Object Repository/DispensaryToCms/Page_Dispensary Store/select_--Select--Schedule 1Inj'

2018-05-31 14:15:14 - [MESSAGE][PASSED] - All options with index in [10] are selected on object 'Object Repository/DispensaryToCms/Page_Dispensary Store/select_--Select--Schedule 1Inj'

2018-05-31 14:15:14 - [TEST_STEP][PASSED] - delay: Delayed 1 second(s)

2018-05-31 14:15:15 - [MESSAGE][PASSED] - Delayed 1 second(s)

2018-05-31 14:15:15 - [TEST_STEP][PASSED] - selectOptionByIndex: All options with index in [17] are selected on object 'Object Repository/DispensaryToCms/Page_Dispensary Store/select_--Select--Adernaline 0.'

2018-05-31 14:15:15 - [MESSAGE][PASSED] - All options with index in [17] are selected on object 'Object Repository/DispensaryToCms/Page_Dispensary Store/select_--Select--Adernaline 0.'

2018-05-31 14:15:15 - [TEST_STEP][PASSED] - setText: Text '100' is set on object 'Object Repository/DispensaryToCms/Page_Dispensary Store/input_txttreat'

2018-05-31 14:15:15 - [MESSAGE][PASSED] - Text '100' is set on object 'Object Repository/DispensaryToCms/Page_Dispensary Store/input_txttreat'

2018-05-31 14:15:15 - [TEST_STEP][PASSED] - click: Object: 'Object Repository/DispensaryToCms/Page_Dispensary Store/button_Add' is clicked on

2018-05-31 14:15:15 - [MESSAGE][PASSED] - Object: 'Object Repository/DispensaryToCms/Page_Dispensary Store/button_Add' is clicked on

2018-05-31 14:15:15 - [TEST_STEP][PASSED] - delay: Delayed 1 second(s)

2018-05-31 14:15:16 - [MESSAGE][PASSED] - Delayed 1 second(s)

2018-05-31 14:15:16 - [TEST_STEP][PASSED] - selectOptionByIndex: All options with index in [10] are selected on object 'Object Repository/DispensaryToCms/Page_Dispensary Store/select_--Select--Schedule 1Inj'

2018-05-31 14:15:16 - [MESSAGE][PASSED] - All options with index in [10] are selected on object 'Object Repository/DispensaryToCms/Page_Dispensary Store/select_--Select--Schedule 1Inj'

2018-05-31 14:15:16 - [TEST_STEP][PASSED] - delay: Delayed 1 second(s)

2018-05-31 14:15:17 - [MESSAGE][PASSED] - Delayed 1 second(s)

2018-05-31 14:15:17 - [TEST_STEP][PASSED] - selectOptionByIndex: All options with index in [18] are selected on object 'Object Repository/DispensaryToCms/Page_Dispensary Store/select_--Select--Adernaline 0.'

2018-05-31 14:15:18 - [MESSAGE][PASSED] - All options with index in [18] are selected on object 'Object Repository/DispensaryToCms/Page_Dispensary Store/select_--Select--Adernaline 0.'

2018-05-31 14:15:18 - [TEST_STEP][PASSED] - setText: Text '100' is set on object 'Object Repository/DispensaryToCms/Page_Dispensary Store/input_txttreat'

2018-05-31 14:15:18 - [MESSAGE][PASSED] - Text '100' is set on object 'Object Repository/DispensaryToCms/Page_Dispensary Store/input_txttreat'

2018-05-31 14:15:18 - [TEST_STEP][PASSED] - click: Object: 'Object Repository/DispensaryToCms/Page_Dispensary Store/button_Add' is clicked on

2018-05-31 14:15:18 - [MESSAGE][PASSED] - Object: 'Object Repository/DispensaryToCms/Page_Dispensary Store/button_Add' is clicked on

2018-05-31 14:15:18 - [TEST_STEP][PASSED] - delay: Delayed 1 second(s)

2018-05-31 14:15:19 - [MESSAGE][PASSED] - Delayed 1 second(s)

2018-05-31 14:15:19 - [TEST_STEP][PASSED] - scrollToElement: Scroll to object 'Object Repository/DispensaryToCms/Page_Dispensary Store/input_btnsave' successfully

2018-05-31 14:15:19 - [MESSAGE][PASSED] - Scroll to object 'Object Repository/DispensaryToCms/Page_Dispensary Store/input_btnsave' successfully

2018-05-31 14:15:19 - [TEST_STEP][PASSED] - click: Object: 'Object Repository/DispensaryToCms/Page_Dispensary Store/input_btnsave' is clicked on

2018-05-31 14:15:19 - [MESSAGE][PASSED] - Object: 'Object Repository/DispensaryToCms/Page_Dispensary Store/input_btnsave' is clicked on

2018-05-31 14:15:19 - [TEST_STEP][PASSED] - delay: Delayed 3 second(s)

2018-05-31 14:15:22 - [MESSAGE][PASSED] - Delayed 3 second(s)

2018-05-31 14:15:22 - [TEST_STEP][PASSED] - Statement - RN1 = com.kms.katalon.core.webui.keyword.WebUiBuiltInKeywords.getText(com.kms.katalon.core.testobject.ObjectRepository.findTestObject(DispensaryToCms/Page_Dispensary Store/font_PRNO18052018174)): Text of object 'Object Repository/DispensaryToCms/Page_Dispensary Store/font_PRNO18052018174' is: 'PRNO/31052018/510'

2018-05-31 14:15:22 - [MESSAGE][PASSED] - Text of object 'Object Repository/DispensaryToCms/Page_Dispensary Store/font_PRNO18052018174' is: 'PRNO/31052018/510'

2018-05-31 14:15:22 - [TEST_STEP][PASSED] - Statement - out.println(RN1): null

2018-05-31 14:15:22 - [TEST_STEP][PASSED] - Statement - RID = RN1.split("/")[2]: null

2018-05-31 14:15:22 - [TEST_STEP][PASSED] - click: Object: 'Object Repository/DispensaryToCms/Page_Dispensary Store/button_OK' is clicked on

2018-05-31 14:15:22 - [MESSAGE][PASSED] - Object: 'Object Repository/DispensaryToCms/Page_Dispensary Store/button_OK' is clicked on

2018-05-31 14:15:22 - [TEST_STEP][PASSED] - delay: Delayed 3 second(s)

2018-05-31 14:15:25 - [MESSAGE][PASSED] - Delayed 3 second(s)

2018-05-31 14:15:25 - [TEST_STEP][PASSED] - waitForElementPresent: Object 'Object Repository/DispensaryToCms/Page_KDMC - CMS/a_dropdown-toggle' is not present after 20 second(s)

2018-05-31 14:15:46 - [MESSAGE][WARNING] - Object 'Object Repository/DispensaryToCms/Page_KDMC - CMS/a_dropdown-toggle' is not present after 20 second(s)

2018-05-31 14:15:46 - [TEST_STEP][PASSED] - click: Object: 'Object Repository/DispensaryToCms/Page_Dispensary Store/a_dropdown-toggle' is clicked on

2018-05-31 14:15:46 - [MESSAGE][PASSED] - Object: 'Object Repository/DispensaryToCms/Page_Dispensary Store/a_dropdown-toggle' is clicked on

2018-05-31 14:15:46 - [TEST_STEP][PASSED] - click: Object: 'Object Repository/DispensaryToCms/Page_Dispensary Store/a_Sign out' is clicked on

2018-05-31 14:15:48 - [MESSAGE][PASSED] - Object: 'Object Repository/DispensaryToCms/Page_Dispensary Store/a_Sign out' is clicked on

2018-05-31 14:15:48 - [TEST_STEP][PASSED] - delay: Delayed 3 second(s)

2018-05-31 14:15:51 - [MESSAGE][PASSED] - Delayed 3 second(s)

2018-05-31 14:15:51 - [TEST_STEP][PASSED] - navigateToUrl: Navigate to 'http://192.168.137.1/multihospital_new/' successfully

2018-05-31 14:15:51 - [MESSAGE][PASSED] - Navigate to 'http://192.168.137.1/multihospital_new/' successfully

2018-05-31 14:15:51 - [TEST_STEP][PASSED] - click: Object: 'Object Repository/DispensaryToCms/Page_KDMC/a_CMO' is clicked on

2018-05-31 14:15:52 - [MESSAGE][PASSED] - Object: 'Object Repository/DispensaryToCms/Page_KDMC/a_CMO' is clicked on

2018-05-31 14:15:52 - [TEST_STEP][PASSED] - setText: Text 'guru' is set on object 'Object Repository/DispensaryToCms/Page_CMO login/input_txtusername'

2018-05-31 14:15:52 - [MESSAGE][PASSED] - Text 'guru' is set on object 'Object Repository/DispensaryToCms/Page_CMO login/input_txtusername'

2018-05-31 14:15:52 - [TEST_STEP][PASSED] - setText: Text '123' is set on object 'Object Repository/DispensaryToCms/Page_CMO login/input_txtpassword'

2018-05-31 14:15:52 - [MESSAGE][PASSED] - Text '123' is set on object 'Object Repository/DispensaryToCms/Page_CMO login/input_txtpassword'

2018-05-31 14:15:52 - [TEST_STEP][PASSED] - delay: Delayed 3 second(s)

2018-05-31 14:15:55 - [MESSAGE][PASSED] - Delayed 3 second(s)

2018-05-31 14:15:55 - [TEST_STEP][PASSED] - click: Object: 'Object Repository/DispensaryToCms/Page_CMO login/button_Sign in' is clicked on

2018-05-31 14:15:57 - [MESSAGE][PASSED] - Object: 'Object Repository/DispensaryToCms/Page_CMO login/button_Sign in' is clicked on

2018-05-31 14:15:57 - [TEST_STEP][PASSED] - delay: Delayed 3 second(s)

2018-05-31 14:16:00 - [MESSAGE][PASSED] - Delayed 3 second(s)

2018-05-31 14:16:00 - [TEST_STEP][PASSED] - click: Object: 'Object Repository/DispensaryToCms/Page_KDMC - CMO/a_CMS Request' is clicked on

2018-05-31 14:16:00 - [MESSAGE][PASSED] - Object: 'Object Repository/DispensaryToCms/Page_KDMC - CMO/a_CMS Request' is clicked on

2018-05-31 14:16:00 - [TEST_STEP][PASSED] - delay: Delayed 2 second(s)

2018-05-31 14:16:02 - [MESSAGE][PASSED] - Delayed 2 second(s)

2018-05-31 14:16:02 - [TEST_STEP][PASSED] - click: Object: 'Object Repository/DispensaryToCms/Page_KDMC - CMO/a_Dispensary Store Request' is clicked on

2018-05-31 14:16:03 - [MESSAGE][PASSED] - Object: 'Object Repository/DispensaryToCms/Page_KDMC - CMO/a_Dispensary Store Request' is clicked on

2018-05-31 14:16:03 - [TEST_STEP][PASSED] - selectOptionByIndex: All options with index in [1] are selected on object 'Object Repository/DispensaryToCms/Page_KDMC - CMO/select_--ALL--'

2018-05-31 14:16:03 - [MESSAGE][PASSED] - All options with index in [1] are selected on object 'Object Repository/DispensaryToCms/Page_KDMC - CMO/select_--ALL--'

2018-05-31 14:16:03 - [TEST_STEP][PASSED] - click: Object: 'Object Repository/DispensaryToCms/Page_KDMC - CMO/input_btnsearch' is clicked on

2018-05-31 14:16:04 - [MESSAGE][PASSED] - Object: 'Object Repository/DispensaryToCms/Page_KDMC - CMO/input_btnsearch' is clicked on

2018-05-31 14:16:04 - [TEST_STEP][PASSED] - Statement - ID = com.kms.katalon.core.webui.keyword.WebUiBuiltInKeywords.modifyObjectProperty(com.kms.katalon.core.testobject.ObjectRepository.findTestObject(lab/Page_KDMC - CMO/input_1), "xpath", "equals", "//*[@id=" + RID + "]", true): Modify property of object successfully

2018-05-31 14:16:04 - [MESSAGE][PASSED] - Modify property of object successfully

2018-05-31 14:16:04 - [TEST_STEP][PASSED] - click: Object: 'Object Repository/lab/Page_KDMC - CMO/input_1' is clicked on

2018-05-31 14:16:04 - [MESSAGE][PASSED] - Object: 'Object Repository/lab/Page_KDMC - CMO/input_1' is clicked on

2018-05-31 14:16:04 - [TEST_STEP][PASSED] - delay: Delayed 2 second(s)

2018-05-31 14:16:06 - [MESSAGE][PASSED] - Delayed 2 second(s)

2018-05-31 14:16:06 - [TEST_STEP][PASSED] - selectOptionByIndex: All options with index in [1] are selected on object 'Object Repository/DispensaryToCms/Page_KDMC - CMO/select_--Select--'

2018-05-31 14:16:06 - [MESSAGE][PASSED] - All options with index in [1] are selected on object 'Object Repository/DispensaryToCms/Page_KDMC - CMO/select_--Select--'

2018-05-31 14:16:06 - [TEST_STEP][PASSED] - click: Object: 'Object Repository/DispensaryToCms/Page_KDMC - CMO/input_btnupdate' is clicked on

2018-05-31 14:16:06 - [MESSAGE][PASSED] - Object: 'Object Repository/DispensaryToCms/Page_KDMC - CMO/input_btnupdate' is clicked on

2018-05-31 14:16:06 - [TEST_STEP][PASSED] - delay: Delayed 2 second(s)

2018-05-31 14:16:08 - [MESSAGE][PASSED] - Delayed 2 second(s)

2018-05-31 14:16:08 - [TEST_STEP][PASSED] - click: Object: 'Object Repository/DispensaryToCms/Page_KDMC - CMO/button_OK' is clicked on

2018-05-31 14:16:09 - [MESSAGE][PASSED] - Object: 'Object Repository/DispensaryToCms/Page_KDMC - CMO/button_OK' is clicked on

2018-05-31 14:16:09 - [TEST_STEP][PASSED] - delay: Delayed 3 second(s)

2018-05-31 14:16:12 - [MESSAGE][PASSED] - Delayed 3 second(s)

2018-05-31 14:16:12 - [TEST_STEP][PASSED] - click: Object: 'Object Repository/DispensaryToCms/Page_KDMC - CMO/a_dropdown-toggle' is clicked on

2018-05-31 14:16:12 - [MESSAGE][PASSED] - Object: 'Object Repository/DispensaryToCms/Page_KDMC - CMO/a_dropdown-toggle' is clicked on

2018-05-31 14:16:12 - [TEST_STEP][PASSED] - click: Object: 'Object Repository/DispensaryToCms/Page_KDMC - CMO/a_Sign out' is clicked on

2018-05-31 14:16:13 - [MESSAGE][PASSED] - Object: 'Object Repository/DispensaryToCms/Page_KDMC - CMO/a_Sign out' is clicked on

2018-05-31 14:16:13 - [TEST_STEP][PASSED] - delay: Delayed 3 second(s)

2018-05-31 14:16:16 - [MESSAGE][PASSED] - Delayed 3 second(s)

2018-05-31 14:16:16 - [TEST_STEP][PASSED] - click: Object: 'Object Repository/DispensaryToCms/Page_KDMC/a_CMS' is clicked on

2018-05-31 14:16:17 - [MESSAGE][PASSED] - Object: 'Object Repository/DispensaryToCms/Page_KDMC/a_CMS' is clicked on

2018-05-31 14:16:17 - [TEST_STEP][PASSED] - setText: Text 'bala' is set on object 'Object Repository/DispensaryToCms/Page_CMS login/input_txtusername'

2018-05-31 14:16:17 - [MESSAGE][PASSED] - Text 'bala' is set on object 'Object Repository/DispensaryToCms/Page_CMS login/input_txtusername'

2018-05-31 14:16:17 - [TEST_STEP][PASSED] - setText: Text '123' is set on object 'Object Repository/DispensaryToCms/Page_CMS login/input_txtpassword'

2018-05-31 14:16:17 - [MESSAGE][PASSED] - Text '123' is set on object 'Object Repository/DispensaryToCms/Page_CMS login/input_txtpassword'

2018-05-31 14:16:17 - [TEST_STEP][PASSED] - delay: Delayed 3 second(s)

2018-05-31 14:16:20 - [MESSAGE][PASSED] - Delayed 3 second(s)

2018-05-31 14:16:20 - [TEST_STEP][PASSED] - click: Object: 'Object Repository/DispensaryToCms/Page_CMS login/button_Sign in' is clicked on

2018-05-31 14:16:21 - [MESSAGE][PASSED] - Object: 'Object Repository/DispensaryToCms/Page_CMS login/button_Sign in' is clicked on

2018-05-31 14:16:21 - [TEST_STEP][PASSED] - delay: Delayed 3 second(s)

2018-05-31 14:16:24 - [MESSAGE][PASSED] - Delayed 3 second(s)

2018-05-31 14:16:24 - [TEST_STEP][PASSED] - click: Object: 'Object Repository/DispensaryToCms/Page_KDMC - CMS/a_Divisional Store' is clicked on

2018-05-31 14:16:24 - [MESSAGE][PASSED] - Object: 'Object Repository/DispensaryToCms/Page_KDMC - CMS/a_Divisional Store' is clicked on

2018-05-31 14:16:24 - [TEST_STEP][PASSED] - delay: Delayed 2 second(s)

2018-05-31 14:16:26 - [MESSAGE][PASSED] - Delayed 2 second(s)

2018-05-31 14:16:26 - [TEST_STEP][PASSED] - click: Object: 'Object Repository/DispensaryToCms/Page_KDMC - CMS/a_Dispatch Items' is clicked on

2018-05-31 14:16:27 - [MESSAGE][PASSED] - Object: 'Object Repository/DispensaryToCms/Page_KDMC - CMS/a_Dispatch Items' is clicked on

2018-05-31 14:16:27 - [TEST_STEP][PASSED] - delay: Delayed 2 second(s)

2018-05-31 14:16:29 - [MESSAGE][PASSED] - Delayed 2 second(s)

2018-05-31 14:16:29 - [TEST_STEP][PASSED] - setText: Text 'PRNO/31052018/510' is set on object 'Object Repository/DispensaryToCms/Page_KDMC - CMS/input'

2018-05-31 14:16:29 - [MESSAGE][PASSED] - Text 'PRNO/31052018/510' is set on object 'Object Repository/DispensaryToCms/Page_KDMC - CMS/input'

2018-05-31 14:16:29 - [TEST_STEP][PASSED] - click: Object: 'Object Repository/DispensaryToCms/Page_KDMC - CMS/input_PRNO18052018174' is clicked on

2018-05-31 14:16:29 - [MESSAGE][PASSED] - Object: 'Object Repository/DispensaryToCms/Page_KDMC - CMS/input_PRNO18052018174' is clicked on

2018-05-31 14:16:29 - [TEST_STEP][PASSED] - delay: Delayed 3 second(s)

2018-05-31 14:16:32 - [MESSAGE][PASSED] - Delayed 3 second(s)

2018-05-31 14:16:32 - [TEST_STEP][PASSED] - Statement - out.println("Length : " + medicineslength): null

2018-05-31 14:16:32 - [TEST_STEP][PASSED] - Statement - For ([row = 0, row < medicineslength - 1, (row++)]): null

2018-05-31 14:16:32 - [TEST_STEP][PASSED] - Statement - batchlength = new com.kms.katalon.core.testobject.TestObject(): null

2018-05-31 14:16:32 - [TEST_STEP][PASSED] - Statement - batchlength = com.kms.katalon.core.webui.keyword.WebUiBuiltInKeywords.modifyObjectProperty(batchlength, "xpath", "equals", "//*[@id = "fldvendor" + row + ""]", true): Modify property of object successfully

2018-05-31 14:16:32 - [MESSAGE][PASSED] - Modify property of object successfully

2018-05-31 14:16:32 - [TEST_STEP][PASSED] - Statement - batchsize = com.kms.katalon.core.webui.keyword.WebUiBuiltInKeywords.getNumberOfTotalOption(batchlength): 9 options of object '' counted

2018-05-31 14:16:33 - [MESSAGE][PASSED] - 9 options of object '' counted

2018-05-31 14:16:33 - [TEST_STEP][PASSED] - Statement - out.println("BatchSize : " + batchsize): null

2018-05-31 14:16:33 - [TEST_STEP][PASSED] - Statement - For ([n = 1, n <= batchsize - 1, (n++)]): null

2018-05-31 14:16:33 - [TEST_STEP][PASSED] - Statement - product = new com.kms.katalon.core.testobject.TestObject(): null

2018-05-31 14:16:33 - [TEST_STEP][PASSED] - Statement - product = com.kms.katalon.core.webui.keyword.WebUiBuiltInKeywords.modifyObjectProperty(product, "xpath", "equals", "//*[@id = "fldvendor" + row + ""]", true): Modify property of object successfully

2018-05-31 14:16:33 - [MESSAGE][PASSED] - Modify property of object successfully

2018-05-31 14:16:33 - [TEST_STEP][PASSED] - selectOptionByIndex: All options with index in [1] are selected on object ''

2018-05-31 14:16:33 - [MESSAGE][PASSED] - All options with index in [1] are selected on object ''

2018-05-31 14:16:33 - [TEST_STEP][PASSED] - Statement - batch = new com.kms.katalon.core.testobject.TestObject(): null

2018-05-31 14:16:33 - [TEST_STEP][PASSED] - Statement - batch = com.kms.katalon.core.webui.keyword.WebUiBuiltInKeywords.modifyObjectProperty(batch, "xpath", "equals", "//*[@id = "txtbthqty" + row + ""]", true): Modify property of object successfully

2018-05-31 14:16:33 - [MESSAGE][PASSED] - Modify property of object successfully

2018-05-31 14:16:33 - [TEST_STEP][PASSED] - Statement - batchqty = com.kms.katalon.core.webui.keyword.WebUiBuiltInKeywords.getAttribute(batch, "value").trim(): Attribute 'value' of object '' is: '48900'

2018-05-31 14:16:33 - [MESSAGE][PASSED] - Attribute 'value' of object '' is: '48900'

2018-05-31 14:16:33 - [TEST_STEP][PASSED] - Statement - Rqty = 100: null

2018-05-31 14:16:33 - [TEST_STEP][PASSED] - delay: Delayed 2 second(s)

2018-05-31 14:16:35 - [MESSAGE][PASSED] - Delayed 2 second(s)

2018-05-31 14:16:35 - [TEST_STEP][PASSED] - Statement - out.println("BatchQty : " + batchqty): null

2018-05-31 14:16:35 - [TEST_STEP][PASSED] - Statement - out.println("RQty : " + Rqty): null

2018-05-31 14:16:35 - [TEST_STEP][PASSED] - Statement - If (java.lang.Integer.valueOf(batchqty) >= java.lang.Integer.valueOf(Rqty)): null

2018-05-31 14:16:35 - [TEST_STEP][PASSED] - Statement - Break: null

2018-05-31 14:16:35 - [TEST_STEP][PASSED] - Statement - batchlength = new com.kms.katalon.core.testobject.TestObject(): null

2018-05-31 14:16:35 - [TEST_STEP][PASSED] - Statement - batchlength = com.kms.katalon.core.webui.keyword.WebUiBuiltInKeywords.modifyObjectProperty(batchlength, "xpath", "equals", "//*[@id = "fldvendor" + row + ""]", true): Modify property of object successfully

2018-05-31 14:16:35 - [MESSAGE][PASSED] - Modify property of object successfully

2018-05-31 14:16:35 - [TEST_STEP][PASSED] - Statement - batchsize = com.kms.katalon.core.webui.keyword.WebUiBuiltInKeywords.getNumberOfTotalOption(batchlength): 9 options of object '' counted

2018-05-31 14:16:35 - [MESSAGE][PASSED] - 9 options of object '' counted

2018-05-31 14:16:35 - [TEST_STEP][PASSED] - Statement - out.println("BatchSize : " + batchsize): null

2018-05-31 14:16:35 - [TEST_STEP][PASSED] - Statement - For ([n = 1, n <= batchsize - 1, (n++)]): null

2018-05-31 14:16:35 - [TEST_STEP][PASSED] - Statement - product = new com.kms.katalon.core.testobject.TestObject(): null

2018-05-31 14:16:35 - [TEST_STEP][PASSED] - Statement - product = com.kms.katalon.core.webui.keyword.WebUiBuiltInKeywords.modifyObjectProperty(product, "xpath", "equals", "//*[@id = "fldvendor" + row + ""]", true): Modify property of object successfully

2018-05-31 14:16:35 - [MESSAGE][PASSED] - Modify property of object successfully

2018-05-31 14:16:35 - [TEST_STEP][PASSED] - selectOptionByIndex: All options with index in [1] are selected on object ''

2018-05-31 14:16:35 - [MESSAGE][PASSED] - All options with index in [1] are selected on object ''

2018-05-31 14:16:35 - [TEST_STEP][PASSED] - Statement - batch = new com.kms.katalon.core.testobject.TestObject(): null

2018-05-31 14:16:35 - [TEST_STEP][PASSED] - Statement - batch = com.kms.katalon.core.webui.keyword.WebUiBuiltInKeywords.modifyObjectProperty(batch, "xpath", "equals", "//*[@id = "txtbthqty" + row + ""]", true): Modify property of object successfully

2018-05-31 14:16:35 - [MESSAGE][PASSED] - Modify property of object successfully

2018-05-31 14:16:35 - [TEST_STEP][PASSED] - Statement - batchqty = com.kms.katalon.core.webui.keyword.WebUiBuiltInKeywords.getAttribute(batch, "value").trim(): Attribute 'value' of object '' is: '3900'

2018-05-31 14:16:35 - [MESSAGE][PASSED] - Attribute 'value' of object '' is: '3900'

2018-05-31 14:16:35 - [TEST_STEP][PASSED] - Statement - Rqty = 100: null

2018-05-31 14:16:35 - [TEST_STEP][PASSED] - delay: Delayed 2 second(s)

2018-05-31 14:16:37 - [MESSAGE][PASSED] - Delayed 2 second(s)

2018-05-31 14:16:37 - [TEST_STEP][PASSED] - Statement - out.println("BatchQty : " + batchqty): null

2018-05-31 14:16:37 - [TEST_STEP][PASSED] - Statement - out.println("RQty : " + Rqty): null

2018-05-31 14:16:37 - [TEST_STEP][PASSED] - Statement - If (java.lang.Integer.valueOf(batchqty) >= java.lang.Integer.valueOf(Rqty)): null

2018-05-31 14:16:37 - [TEST_STEP][PASSED] - Statement - Break: null

2018-05-31 14:16:37 - [TEST_STEP][PASSED] - Statement - batchlength = new com.kms.katalon.core.testobject.TestObject(): null

2018-05-31 14:16:37 - [TEST_STEP][PASSED] - Statement - batchlength = com.kms.katalon.core.webui.keyword.WebUiBuiltInKeywords.modifyObjectProperty(batchlength, "xpath", "equals", "//*[@id = "fldvendor" + row + ""]", true): Modify property of object successfully

2018-05-31 14:16:37 - [MESSAGE][PASSED] - Modify property of object successfully

2018-05-31 14:16:37 - [TEST_STEP][PASSED] - Statement - batchsize = com.kms.katalon.core.webui.keyword.WebUiBuiltInKeywords.getNumberOfTotalOption(batchlength): 9 options of object '' counted

2018-05-31 14:16:37 - [MESSAGE][PASSED] - 9 options of object '' counted

2018-05-31 14:16:37 - [TEST_STEP][PASSED] - Statement - out.println("BatchSize : " + batchsize): null

2018-05-31 14:16:37 - [TEST_STEP][PASSED] - Statement - For ([n = 1, n <= batchsize - 1, (n++)]): null

2018-05-31 14:16:37 - [TEST_STEP][PASSED] - Statement - product = new com.kms.katalon.core.testobject.TestObject(): null

2018-05-31 14:16:37 - [TEST_STEP][PASSED] - Statement - product = com.kms.katalon.core.webui.keyword.WebUiBuiltInKeywords.modifyObjectProperty(product, "xpath", "equals", "//*[@id = "fldvendor" + row + ""]", true): Modify property of object successfully

2018-05-31 14:16:37 - [MESSAGE][PASSED] - Modify property of object successfully

2018-05-31 14:16:37 - [TEST_STEP][PASSED] - selectOptionByIndex: All options with index in [1] are selected on object ''

2018-05-31 14:16:37 - [MESSAGE][PASSED] - All options with index in [1] are selected on object ''

2018-05-31 14:16:37 - [TEST_STEP][PASSED] - Statement - batch = new com.kms.katalon.core.testobject.TestObject(): null

2018-05-31 14:16:37 - [TEST_STEP][PASSED] - Statement - batch = com.kms.katalon.core.webui.keyword.WebUiBuiltInKeywords.modifyObjectProperty(batch, "xpath", "equals", "//*[@id = "txtbthqty" + row + ""]", true): Modify property of object successfully

2018-05-31 14:16:37 - [MESSAGE][PASSED] - Modify property of object successfully

2018-05-31 14:16:37 - [TEST_STEP][PASSED] - Statement - batchqty = com.kms.katalon.core.webui.keyword.WebUiBuiltInKeywords.getAttribute(batch, "value").trim(): Attribute 'value' of object '' is: '4800'

2018-05-31 14:16:37 - [MESSAGE][PASSED] - Attribute 'value' of object '' is: '4800'

2018-05-31 14:16:37 - [TEST_STEP][PASSED] - Statement - Rqty = 100: null

2018-05-31 14:16:37 - [TEST_STEP][PASSED] - delay: Delayed 2 second(s)

2018-05-31 14:16:39 - [MESSAGE][PASSED] - Delayed 2 second(s)

2018-05-31 14:16:39 - [TEST_STEP][PASSED] - Statement - out.println("BatchQty : " + batchqty): null

2018-05-31 14:16:39 - [TEST_STEP][PASSED] - Statement - out.println("RQty : " + Rqty): null

2018-05-31 14:16:39 - [TEST_STEP][PASSED] - Statement - If (java.lang.Integer.valueOf(batchqty) >= java.lang.Integer.valueOf(Rqty)): null

2018-05-31 14:16:39 - [TEST_STEP][PASSED] - Statement - Break: null

2018-05-31 14:16:39 - [TEST_STEP][PASSED] - Statement - batchlength = new com.kms.katalon.core.testobject.TestObject(): null

2018-05-31 14:16:39 - [TEST_STEP][PASSED] - Statement - batchlength = com.kms.katalon.core.webui.keyword.WebUiBuiltInKeywords.modifyObjectProperty(batchlength, "xpath", "equals", "//*[@id = "fldvendor" + row + ""]", true): Modify property of object successfully

2018-05-31 14:16:39 - [MESSAGE][PASSED] - Modify property of object successfully

2018-05-31 14:16:39 - [TEST_STEP][PASSED] - Statement - batchsize = com.kms.katalon.core.webui.keyword.WebUiBuiltInKeywords.getNumberOfTotalOption(batchlength): 9 options of object '' counted

2018-05-31 14:16:39 - [MESSAGE][PASSED] - 9 options of object '' counted

2018-05-31 14:16:39 - [TEST_STEP][PASSED] - Statement - out.println("BatchSize : " + batchsize): null

2018-05-31 14:16:39 - [TEST_STEP][PASSED] - Statement - For ([n = 1, n <= batchsize - 1, (n++)]): null

2018-05-31 14:16:39 - [TEST_STEP][PASSED] - Statement - product = new com.kms.katalon.core.testobject.TestObject(): null

2018-05-31 14:16:39 - [TEST_STEP][PASSED] - Statement - product = com.kms.katalon.core.webui.keyword.WebUiBuiltInKeywords.modifyObjectProperty(product, "xpath", "equals", "//*[@id = "fldvendor" + row + ""]", true): Modify property of object successfully

2018-05-31 14:16:39 - [MESSAGE][PASSED] - Modify property of object successfully

2018-05-31 14:16:39 - [TEST_STEP][PASSED] - selectOptionByIndex: All options with index in [1] are selected on object ''

2018-05-31 14:16:39 - [MESSAGE][PASSED] - All options with index in [1] are selected on object ''

2018-05-31 14:16:39 - [TEST_STEP][PASSED] - Statement - batch = new com.kms.katalon.core.testobject.TestObject(): null

2018-05-31 14:16:39 - [TEST_STEP][PASSED] - Statement - batch = com.kms.katalon.core.webui.keyword.WebUiBuiltInKeywords.modifyObjectProperty(batch, "xpath", "equals", "//*[@id = "txtbthqty" + row + ""]", true): Modify property of object successfully

2018-05-31 14:16:39 - [MESSAGE][PASSED] - Modify property of object successfully

2018-05-31 14:16:39 - [TEST_STEP][PASSED] - Statement - batchqty = com.kms.katalon.core.webui.keyword.WebUiBuiltInKeywords.getAttribute(batch, "value").trim(): Attribute 'value' of object '' is: '48800'

2018-05-31 14:16:40 - [MESSAGE][PASSED] - Attribute 'value' of object '' is: '48800'

2018-05-31 14:16:40 - [TEST_STEP][PASSED] - Statement - Rqty = 100: null

2018-05-31 14:16:40 - [TEST_STEP][PASSED] - delay: Delayed 2 second(s)

2018-05-31 14:16:42 - [MESSAGE][PASSED] - Delayed 2 second(s)

2018-05-31 14:16:42 - [TEST_STEP][PASSED] - Statement - out.println("BatchQty : " + batchqty): null

2018-05-31 14:16:42 - [TEST_STEP][PASSED] - Statement - out.println("RQty : " + Rqty): null

2018-05-31 14:16:42 - [TEST_STEP][PASSED] - Statement - If (java.lang.Integer.valueOf(batchqty) >= java.lang.Integer.valueOf(Rqty)): null

2018-05-31 14:16:42 - [TEST_STEP][PASSED] - Statement - Break: null

2018-05-31 14:16:42 - [TEST_STEP][PASSED] - Statement - batchlength = new com.kms.katalon.core.testobject.TestObject(): null

2018-05-31 14:16:42 - [TEST_STEP][PASSED] - Statement - batchlength = com.kms.katalon.core.webui.keyword.WebUiBuiltInKeywords.modifyObjectProperty(batchlength, "xpath", "equals", "//*[@id = "fldvendor" + row + ""]", true): Modify property of object successfully

2018-05-31 14:16:42 - [MESSAGE][PASSED] - Modify property of object successfully

2018-05-31 14:16:42 - [TEST_STEP][PASSED] - Statement - batchsize = com.kms.katalon.core.webui.keyword.WebUiBuiltInKeywords.getNumberOfTotalOption(batchlength): 9 options of object '' counted

2018-05-31 14:16:42 - [MESSAGE][PASSED] - 9 options of object '' counted

2018-05-31 14:16:42 - [TEST_STEP][PASSED] - Statement - out.println("BatchSize : " + batchsize): null

2018-05-31 14:16:42 - [TEST_STEP][PASSED] - Statement - For ([n = 1, n <= batchsize - 1, (n++)]): null

2018-05-31 14:16:42 - [TEST_STEP][PASSED] - Statement - product = new com.kms.katalon.core.testobject.TestObject(): null

2018-05-31 14:16:42 - [TEST_STEP][PASSED] - Statement - product = com.kms.katalon.core.webui.keyword.WebUiBuiltInKeywords.modifyObjectProperty(product, "xpath", "equals", "//*[@id = "fldvendor" + row + ""]", true): Modify property of object successfully

2018-05-31 14:16:42 - [MESSAGE][PASSED] - Modify property of object successfully

2018-05-31 14:16:42 - [TEST_STEP][PASSED] - selectOptionByIndex: All options with index in [1] are selected on object ''

2018-05-31 14:16:42 - [MESSAGE][PASSED] - All options with index in [1] are selected on object ''

2018-05-31 14:16:42 - [TEST_STEP][PASSED] - Statement - batch = new com.kms.katalon.core.testobject.TestObject(): null

2018-05-31 14:16:42 - [TEST_STEP][PASSED] - Statement - batch = com.kms.katalon.core.webui.keyword.WebUiBuiltInKeywords.modifyObjectProperty(batch, "xpath", "equals", "//*[@id = "txtbthqty" + row + ""]", true): Modify property of object successfully

2018-05-31 14:16:42 - [MESSAGE][PASSED] - Modify property of object successfully

2018-05-31 14:16:42 - [TEST_STEP][PASSED] - Statement - batchqty = com.kms.katalon.core.webui.keyword.WebUiBuiltInKeywords.getAttribute(batch, "value").trim(): Attribute 'value' of object '' is: '4900'

2018-05-31 14:16:42 - [MESSAGE][PASSED] - Attribute 'value' of object '' is: '4900'

2018-05-31 14:16:42 - [TEST_STEP][PASSED] - Statement - Rqty = 100: null

2018-05-31 14:16:42 - [TEST_STEP][PASSED] - delay: Delayed 2 second(s)

2018-05-31 14:16:44 - [MESSAGE][PASSED] - Delayed 2 second(s)

2018-05-31 14:16:44 - [TEST_STEP][PASSED] - Statement - out.println("BatchQty : " + batchqty): null

2018-05-31 14:16:44 - [TEST_STEP][PASSED] - Statement - out.println("RQty : " + Rqty): null

2018-05-31 14:16:44 - [TEST_STEP][PASSED] - Statement - If (java.lang.Integer.valueOf(batchqty) >= java.lang.Integer.valueOf(Rqty)): null

2018-05-31 14:16:44 - [TEST_STEP][PASSED] - Statement - Break: null

2018-05-31 14:16:44 - [TEST_STEP][PASSED] - Statement - batchlength = new com.kms.katalon.core.testobject.TestObject(): null

2018-05-31 14:16:44 - [TEST_STEP][PASSED] - Statement - batchlength = com.kms.katalon.core.webui.keyword.WebUiBuiltInKeywords.modifyObjectProperty(batchlength, "xpath", "equals", "//*[@id = "fldvendor" + row + ""]", true): Modify property of object successfully

2018-05-31 14:16:44 - [MESSAGE][PASSED] - Modify property of object successfully

2018-05-31 14:16:44 - [TEST_STEP][PASSED] - Statement - batchsize = com.kms.katalon.core.webui.keyword.WebUiBuiltInKeywords.getNumberOfTotalOption(batchlength): 9 options of object '' counted

2018-05-31 14:16:44 - [MESSAGE][PASSED] - 9 options of object '' counted

2018-05-31 14:16:44 - [TEST_STEP][PASSED] - Statement - out.println("BatchSize : " + batchsize): null

2018-05-31 14:16:44 - [TEST_STEP][PASSED] - Statement - For ([n = 1, n <= batchsize - 1, (n++)]): null

2018-05-31 14:16:44 - [TEST_STEP][PASSED] - Statement - product = new com.kms.katalon.core.testobject.TestObject(): null

2018-05-31 14:16:44 - [TEST_STEP][PASSED] - Statement - product = com.kms.katalon.core.webui.keyword.WebUiBuiltInKeywords.modifyObjectProperty(product, "xpath", "equals", "//*[@id = "fldvendor" + row + ""]", true): Modify property of object successfully

2018-05-31 14:16:44 - [MESSAGE][PASSED] - Modify property of object successfully

2018-05-31 14:16:44 - [TEST_STEP][PASSED] - selectOptionByIndex: All options with index in [1] are selected on object ''

2018-05-31 14:16:44 - [MESSAGE][PASSED] - All options with index in [1] are selected on object ''

2018-05-31 14:16:44 - [TEST_STEP][PASSED] - Statement - batch = new com.kms.katalon.core.testobject.TestObject(): null

2018-05-31 14:16:44 - [TEST_STEP][PASSED] - Statement - batch = com.kms.katalon.core.webui.keyword.WebUiBuiltInKeywords.modifyObjectProperty(batch, "xpath", "equals", "//*[@id = "txtbthqty" + row + ""]", true): Modify property of object successfully

2018-05-31 14:16:44 - [MESSAGE][PASSED] - Modify property of object successfully

2018-05-31 14:16:44 - [TEST_STEP][PASSED] - Statement - batchqty = com.kms.katalon.core.webui.keyword.WebUiBuiltInKeywords.getAttribute(batch, "value").trim(): Attribute 'value' of object '' is: '2900'

2018-05-31 14:16:44 - [MESSAGE][PASSED] - Attribute 'value' of object '' is: '2900'

2018-05-31 14:16:44 - [TEST_STEP][PASSED] - Statement - Rqty = 100: null

2018-05-31 14:16:44 - [TEST_STEP][PASSED] - delay: Delayed 2 second(s)

2018-05-31 14:16:46 - [MESSAGE][PASSED] - Delayed 2 second(s)

2018-05-31 14:16:46 - [TEST_STEP][PASSED] - Statement - out.println("BatchQty : " + batchqty): null

2018-05-31 14:16:46 - [TEST_STEP][PASSED] - Statement - out.println("RQty : " + Rqty): null

2018-05-31 14:16:46 - [TEST_STEP][PASSED] - Statement - If (java.lang.Integer.valueOf(batchqty) >= java.lang.Integer.valueOf(Rqty)): null

2018-05-31 14:16:46 - [TEST_STEP][PASSED] - Statement - Break: null

2018-05-31 14:16:46 - [TEST_STEP][PASSED] - Statement - batchlength = new com.kms.katalon.core.testobject.TestObject(): null

2018-05-31 14:16:46 - [TEST_STEP][PASSED] - Statement - batchlength = com.kms.katalon.core.webui.keyword.WebUiBuiltInKeywords.modifyObjectProperty(batchlength, "xpath", "equals", "//*[@id = "fldvendor" + row + ""]", true): Modify property of object successfully

2018-05-31 14:16:46 - [MESSAGE][PASSED] - Modify property of object successfully

2018-05-31 14:16:46 - [TEST_STEP][PASSED] - Statement - batchsize = com.kms.katalon.core.webui.keyword.WebUiBuiltInKeywords.getNumberOfTotalOption(batchlength): 9 options of object '' counted

2018-05-31 14:16:46 - [MESSAGE][PASSED] - 9 options of object '' counted

2018-05-31 14:16:46 - [TEST_STEP][PASSED] - Statement - out.println("BatchSize : " + batchsize): null

2018-05-31 14:16:46 - [TEST_STEP][PASSED] - Statement - For ([n = 1, n <= batchsize - 1, (n++)]): null

2018-05-31 14:16:46 - [TEST_STEP][PASSED] - Statement - product = new com.kms.katalon.core.testobject.TestObject(): null

2018-05-31 14:16:46 - [TEST_STEP][PASSED] - Statement - product = com.kms.katalon.core.webui.keyword.WebUiBuiltInKeywords.modifyObjectProperty(product, "xpath", "equals", "//*[@id = "fldvendor" + row + ""]", true): Modify property of object successfully

2018-05-31 14:16:46 - [MESSAGE][PASSED] - Modify property of object successfully

2018-05-31 14:16:46 - [TEST_STEP][PASSED] - selectOptionByIndex: All options with index in [1] are selected on object ''

2018-05-31 14:16:46 - [MESSAGE][PASSED] - All options with index in [1] are selected on object ''

2018-05-31 14:16:46 - [TEST_STEP][PASSED] - Statement - batch = new com.kms.katalon.core.testobject.TestObject(): null

2018-05-31 14:16:46 - [TEST_STEP][PASSED] - Statement - batch = com.kms.katalon.core.webui.keyword.WebUiBuiltInKeywords.modifyObjectProperty(batch, "xpath", "equals", "//*[@id = "txtbthqty" + row + ""]", true): Modify property of object successfully

2018-05-31 14:16:46 - [MESSAGE][PASSED] - Modify property of object successfully

2018-05-31 14:16:46 - [TEST_STEP][PASSED] - Statement - batchqty = com.kms.katalon.core.webui.keyword.WebUiBuiltInKeywords.getAttribute(batch, "value").trim(): Attribute 'value' of object '' is: '48800'

2018-05-31 14:16:46 - [MESSAGE][PASSED] - Attribute 'value' of object '' is: '48800'

2018-05-31 14:16:46 - [TEST_STEP][PASSED] - Statement - Rqty = 100: null

2018-05-31 14:16:46 - [TEST_STEP][PASSED] - delay: Delayed 2 second(s)

2018-05-31 14:16:48 - [MESSAGE][PASSED] - Delayed 2 second(s)

2018-05-31 14:16:48 - [TEST_STEP][PASSED] - Statement - out.println("BatchQty : " + batchqty): null

2018-05-31 14:16:48 - [TEST_STEP][PASSED] - Statement - out.println("RQty : " + Rqty): null

2018-05-31 14:16:48 - [TEST_STEP][PASSED] - Statement - If (java.lang.Integer.valueOf(batchqty) >= java.lang.Integer.valueOf(Rqty)): null

2018-05-31 14:16:48 - [TEST_STEP][PASSED] - Statement - Break: null

2018-05-31 14:16:48 - [TEST_STEP][PASSED] - Statement - batchlength = new com.kms.katalon.core.testobject.TestObject(): null

2018-05-31 14:16:48 - [TEST_STEP][PASSED] - Statement - batchlength = com.kms.katalon.core.webui.keyword.WebUiBuiltInKeywords.modifyObjectProperty(batchlength, "xpath", "equals", "//*[@id = "fldvendor" + row + ""]", true): Modify property of object successfully

2018-05-31 14:16:48 - [MESSAGE][PASSED] - Modify property of object successfully

2018-05-31 14:16:48 - [TEST_STEP][PASSED] - Statement - batchsize = com.kms.katalon.core.webui.keyword.WebUiBuiltInKeywords.getNumberOfTotalOption(batchlength): 9 options of object '' counted

2018-05-31 14:16:48 - [MESSAGE][PASSED] - 9 options of object '' counted

2018-05-31 14:16:48 - [TEST_STEP][PASSED] - Statement - out.println("BatchSize : " + batchsize): null

2018-05-31 14:16:48 - [TEST_STEP][PASSED] - Statement - For ([n = 1, n <= batchsize - 1, (n++)]): null

2018-05-31 14:16:48 - [TEST_STEP][PASSED] - Statement - product = new com.kms.katalon.core.testobject.TestObject(): null

2018-05-31 14:16:48 - [TEST_STEP][PASSED] - Statement - product = com.kms.katalon.core.webui.keyword.WebUiBuiltInKeywords.modifyObjectProperty(product, "xpath", "equals", "//*[@id = "fldvendor" + row + ""]", true): Modify property of object successfully

2018-05-31 14:16:48 - [MESSAGE][PASSED] - Modify property of object successfully

2018-05-31 14:16:48 - [TEST_STEP][PASSED] - selectOptionByIndex: All options with index in [1] are selected on object ''

2018-05-31 14:16:48 - [MESSAGE][PASSED] - All options with index in [1] are selected on object ''

2018-05-31 14:16:48 - [TEST_STEP][PASSED] - Statement - batch = new com.kms.katalon.core.testobject.TestObject(): null

2018-05-31 14:16:48 - [TEST_STEP][PASSED] - Statement - batch = com.kms.katalon.core.webui.keyword.WebUiBuiltInKeywords.modifyObjectProperty(batch, "xpath", "equals", "//*[@id = "txtbthqty" + row + ""]", true): Modify property of object successfully

2018-05-31 14:16:48 - [MESSAGE][PASSED] - Modify property of object successfully

2018-05-31 14:16:48 - [TEST_STEP][PASSED] - Statement - batchqty = com.kms.katalon.core.webui.keyword.WebUiBuiltInKeywords.getAttribute(batch, "value").trim(): Attribute 'value' of object '' is: '48800'

2018-05-31 14:16:49 - [MESSAGE][PASSED] - Attribute 'value' of object '' is: '48800'

2018-05-31 14:16:49 - [TEST_STEP][PASSED] - Statement - Rqty = 100: null

2018-05-31 14:16:49 - [TEST_STEP][PASSED] - delay: Delayed 2 second(s)

2018-05-31 14:16:51 - [MESSAGE][PASSED] - Delayed 2 second(s)

2018-05-31 14:16:51 - [TEST_STEP][PASSED] - Statement - out.println("BatchQty : " + batchqty): null

2018-05-31 14:16:51 - [TEST_STEP][PASSED] - Statement - out.println("RQty : " + Rqty): null

2018-05-31 14:16:51 - [TEST_STEP][PASSED] - Statement - If (java.lang.Integer.valueOf(batchqty) >= java.lang.Integer.valueOf(Rqty)): null

2018-05-31 14:16:51 - [TEST_STEP][PASSED] - Statement - Break: null

2018-05-31 14:16:51 - [TEST_STEP][PASSED] - Statement - batchlength = new com.kms.katalon.core.testobject.TestObject(): null

2018-05-31 14:16:51 - [TEST_STEP][PASSED] - Statement - batchlength = com.kms.katalon.core.webui.keyword.WebUiBuiltInKeywords.modifyObjectProperty(batchlength, "xpath", "equals", "//*[@id = "fldvendor" + row + ""]", true): Modify property of object successfully

2018-05-31 14:16:51 - [MESSAGE][PASSED] - Modify property of object successfully

2018-05-31 14:16:51 - [TEST_STEP][PASSED] - Statement - batchsize = com.kms.katalon.core.webui.keyword.WebUiBuiltInKeywords.getNumberOfTotalOption(batchlength): 9 options of object '' counted

2018-05-31 14:16:51 - [MESSAGE][PASSED] - 9 options of object '' counted

2018-05-31 14:16:51 - [TEST_STEP][PASSED] - Statement - out.println("BatchSize : " + batchsize): null

2018-05-31 14:16:51 - [TEST_STEP][PASSED] - Statement - For ([n = 1, n <= batchsize - 1, (n++)]): null

2018-05-31 14:16:51 - [TEST_STEP][PASSED] - Statement - product = new com.kms.katalon.core.testobject.TestObject(): null

2018-05-31 14:16:51 - [TEST_STEP][PASSED] - Statement - product = com.kms.katalon.core.webui.keyword.WebUiBuiltInKeywords.modifyObjectProperty(product, "xpath", "equals", "//*[@id = "fldvendor" + row + ""]", true): Modify property of object successfully

2018-05-31 14:16:51 - [MESSAGE][PASSED] - Modify property of object successfully

2018-05-31 14:16:51 - [TEST_STEP][PASSED] - selectOptionByIndex: All options with index in [1] are selected on object ''

2018-05-31 14:16:51 - [MESSAGE][PASSED] - All options with index in [1] are selected on object ''

2018-05-31 14:16:51 - [TEST_STEP][PASSED] - Statement - batch = new com.kms.katalon.core.testobject.TestObject(): null

2018-05-31 14:16:51 - [TEST_STEP][PASSED] - Statement - batch = com.kms.katalon.core.webui.keyword.WebUiBuiltInKeywords.modifyObjectProperty(batch, "xpath", "equals", "//*[@id = "txtbthqty" + row + ""]", true): Modify property of object successfully

2018-05-31 14:16:51 - [MESSAGE][PASSED] - Modify property of object successfully

2018-05-31 14:16:51 - [TEST_STEP][PASSED] - Statement - batchqty = com.kms.katalon.core.webui.keyword.WebUiBuiltInKeywords.getAttribute(batch, "value").trim(): Attribute 'value' of object '' is: '3900'

2018-05-31 14:16:51 - [MESSAGE][PASSED] - Attribute 'value' of object '' is: '3900'

2018-05-31 14:16:51 - [TEST_STEP][PASSED] - Statement - Rqty = 100: null

2018-05-31 14:16:51 - [TEST_STEP][PASSED] - delay: Delayed 2 second(s)

2018-05-31 14:16:53 - [MESSAGE][PASSED] - Delayed 2 second(s)

2018-05-31 14:16:53 - [TEST_STEP][PASSED] - Statement - out.println("BatchQty : " + batchqty): null

2018-05-31 14:16:53 - [TEST_STEP][PASSED] - Statement - out.println("RQty : " + Rqty): null

2018-05-31 14:16:53 - [TEST_STEP][PASSED] - Statement - If (java.lang.Integer.valueOf(batchqty) >= java.lang.Integer.valueOf(Rqty)): null

2018-05-31 14:16:53 - [TEST_STEP][PASSED] - Statement - Break: null

2018-05-31 14:16:53 - [TEST_STEP][PASSED] - Statement - batchlength = new com.kms.katalon.core.testobject.TestObject(): null

2018-05-31 14:16:53 - [TEST_STEP][PASSED] - Statement - batchlength = com.kms.katalon.core.webui.keyword.WebUiBuiltInKeywords.modifyObjectProperty(batchlength, "xpath", "equals", "//*[@id = "fldvendor" + row + ""]", true): Modify property of object successfully

2018-05-31 14:16:53 - [MESSAGE][PASSED] - Modify property of object successfully

2018-05-31 14:16:53 - [TEST_STEP][PASSED] - Statement - batchsize = com.kms.katalon.core.webui.keyword.WebUiBuiltInKeywords.getNumberOfTotalOption(batchlength): 9 options of object '' counted

2018-05-31 14:16:53 - [MESSAGE][PASSED] - 9 options of object '' counted

2018-05-31 14:16:53 - [TEST_STEP][PASSED] - Statement - out.println("BatchSize : " + batchsize): null

2018-05-31 14:16:53 - [TEST_STEP][PASSED] - Statement - For ([n = 1, n <= batchsize - 1, (n++)]): null

2018-05-31 14:16:53 - [TEST_STEP][PASSED] - Statement - product = new com.kms.katalon.core.testobject.TestObject(): null

2018-05-31 14:16:53 - [TEST_STEP][PASSED] - Statement - product = com.kms.katalon.core.webui.keyword.WebUiBuiltInKeywords.modifyObjectProperty(product, "xpath", "equals", "//*[@id = "fldvendor" + row + ""]", true): Modify property of object successfully

2018-05-31 14:16:53 - [MESSAGE][PASSED] - Modify property of object successfully

2018-05-31 14:16:53 - [TEST_STEP][PASSED] - selectOptionByIndex: All options with index in [1] are selected on object ''

2018-05-31 14:16:53 - [MESSAGE][PASSED] - All options with index in [1] are selected on object ''

2018-05-31 14:16:53 - [TEST_STEP][PASSED] - Statement - batch = new com.kms.katalon.core.testobject.TestObject(): null

2018-05-31 14:16:53 - [TEST_STEP][PASSED] - Statement - batch = com.kms.katalon.core.webui.keyword.WebUiBuiltInKeywords.modifyObjectProperty(batch, "xpath", "equals", "//*[@id = "txtbthqty" + row + ""]", true): Modify property of object successfully

2018-05-31 14:16:53 - [MESSAGE][PASSED] - Modify property of object successfully

2018-05-31 14:16:53 - [TEST_STEP][PASSED] - Statement - batchqty = com.kms.katalon.core.webui.keyword.WebUiBuiltInKeywords.getAttribute(batch, "value").trim(): Attribute 'value' of object '' is: '48800'

2018-05-31 14:16:53 - [MESSAGE][PASSED] - Attribute 'value' of object '' is: '48800'

2018-05-31 14:16:53 - [TEST_STEP][PASSED] - Statement - Rqty = 100: null

2018-05-31 14:16:53 - [TEST_STEP][PASSED] - delay: Delayed 2 second(s)

2018-05-31 14:16:55 - [MESSAGE][PASSED] - Delayed 2 second(s)

2018-05-31 14:16:55 - [TEST_STEP][PASSED] - Statement - out.println("BatchQty : " + batchqty): null

2018-05-31 14:16:55 - [TEST_STEP][PASSED] - Statement - out.println("RQty : " + Rqty): null

2018-05-31 14:16:55 - [TEST_STEP][PASSED] - Statement - If (java.lang.Integer.valueOf(batchqty) >= java.lang.Integer.valueOf(Rqty)): null

2018-05-31 14:16:55 - [TEST_STEP][PASSED] - Statement - Break: null

2018-05-31 14:16:55 - [TEST_STEP][PASSED] - Statement - batchlength = new com.kms.katalon.core.testobject.TestObject(): null

2018-05-31 14:16:55 - [TEST_STEP][PASSED] - Statement - batchlength = com.kms.katalon.core.webui.keyword.WebUiBuiltInKeywords.modifyObjectProperty(batchlength, "xpath", "equals", "//*[@id = "fldvendor" + row + ""]", true): Modify property of object successfully

2018-05-31 14:16:55 - [MESSAGE][PASSED] - Modify property of object successfully

2018-05-31 14:16:55 - [TEST_STEP][PASSED] - Statement - batchsize = com.kms.katalon.core.webui.keyword.WebUiBuiltInKeywords.getNumberOfTotalOption(batchlength): 9 options of object '' counted

2018-05-31 14:16:55 - [MESSAGE][PASSED] - 9 options of object '' counted

2018-05-31 14:16:55 - [TEST_STEP][PASSED] - Statement - out.println("BatchSize : " + batchsize): null

2018-05-31 14:16:55 - [TEST_STEP][PASSED] - Statement - For ([n = 1, n <= batchsize - 1, (n++)]): null

2018-05-31 14:16:55 - [TEST_STEP][PASSED] - Statement - product = new com.kms.katalon.core.testobject.TestObject(): null

2018-05-31 14:16:55 - [TEST_STEP][PASSED] - Statement - product = com.kms.katalon.core.webui.keyword.WebUiBuiltInKeywords.modifyObjectProperty(product, "xpath", "equals", "//*[@id = "fldvendor" + row + ""]", true): Modify property of object successfully

2018-05-31 14:16:55 - [MESSAGE][PASSED] - Modify property of object successfully

2018-05-31 14:16:55 - [TEST_STEP][PASSED] - selectOptionByIndex: All options with index in [1] are selected on object ''

2018-05-31 14:16:55 - [MESSAGE][PASSED] - All options with index in [1] are selected on object ''

2018-05-31 14:16:55 - [TEST_STEP][PASSED] - Statement - batch = new com.kms.katalon.core.testobject.TestObject(): null

2018-05-31 14:16:55 - [TEST_STEP][PASSED] - Statement - batch = com.kms.katalon.core.webui.keyword.WebUiBuiltInKeywords.modifyObjectProperty(batch, "xpath", "equals", "//*[@id = "txtbthqty" + row + ""]", true): Modify property of object successfully

2018-05-31 14:16:55 - [MESSAGE][PASSED] - Modify property of object successfully

2018-05-31 14:16:55 - [TEST_STEP][PASSED] - Statement - batchqty = com.kms.katalon.core.webui.keyword.WebUiBuiltInKeywords.getAttribute(batch, "value").trim(): Attribute 'value' of object '' is: '3900'

2018-05-31 14:16:55 - [MESSAGE][PASSED] - Attribute 'value' of object '' is: '3900'

2018-05-31 14:16:55 - [TEST_STEP][PASSED] - Statement - Rqty = 100: null

2018-05-31 14:16:55 - [TEST_STEP][PASSED] - delay: Delayed 2 second(s)

2018-05-31 14:16:57 - [MESSAGE][PASSED] - Delayed 2 second(s)

2018-05-31 14:16:57 - [TEST_STEP][PASSED] - Statement - out.println("BatchQty : " + batchqty): null

2018-05-31 14:16:57 - [TEST_STEP][PASSED] - Statement - out.println("RQty : " + Rqty): null

2018-05-31 14:16:57 - [TEST_STEP][PASSED] - Statement - If (java.lang.Integer.valueOf(batchqty) >= java.lang.Integer.valueOf(Rqty)): null

2018-05-31 14:16:57 - [TEST_STEP][PASSED] - Statement - Break: null

2018-05-31 14:16:57 - [TEST_STEP][PASSED] - Statement - batchlength = new com.kms.katalon.core.testobject.TestObject(): null

2018-05-31 14:16:57 - [TEST_STEP][PASSED] - Statement - batchlength = com.kms.katalon.core.webui.keyword.WebUiBuiltInKeywords.modifyObjectProperty(batchlength, "xpath", "equals", "//*[@id = "fldvendor" + row + ""]", true): Modify property of object successfully

2018-05-31 14:16:57 - [MESSAGE][PASSED] - Modify property of object successfully

2018-05-31 14:16:57 - [TEST_STEP][PASSED] - Statement - batchsize = com.kms.katalon.core.webui.keyword.WebUiBuiltInKeywords.getNumberOfTotalOption(batchlength): 9 options of object '' counted

2018-05-31 14:16:57 - [MESSAGE][PASSED] - 9 options of object '' counted

2018-05-31 14:16:57 - [TEST_STEP][PASSED] - Statement - out.println("BatchSize : " + batchsize): null

2018-05-31 14:16:57 - [TEST_STEP][PASSED] - Statement - For ([n = 1, n <= batchsize - 1, (n++)]): null

2018-05-31 14:16:57 - [TEST_STEP][PASSED] - Statement - product = new com.kms.katalon.core.testobject.TestObject(): null

2018-05-31 14:16:57 - [TEST_STEP][PASSED] - Statement - product = com.kms.katalon.core.webui.keyword.WebUiBuiltInKeywords.modifyObjectProperty(product, "xpath", "equals", "//*[@id = "fldvendor" + row + ""]", true): Modify property of object successfully

2018-05-31 14:16:57 - [MESSAGE][PASSED] - Modify property of object successfully

2018-05-31 14:16:57 - [TEST_STEP][PASSED] - selectOptionByIndex: All options with index in [1] are selected on object ''

2018-05-31 14:16:58 - [MESSAGE][PASSED] - All options with index in [1] are selected on object ''

2018-05-31 14:16:58 - [TEST_STEP][PASSED] - Statement - batch = new com.kms.katalon.core.testobject.TestObject(): null

2018-05-31 14:16:58 - [TEST_STEP][PASSED] - Statement - batch = com.kms.katalon.core.webui.keyword.WebUiBuiltInKeywords.modifyObjectProperty(batch, "xpath", "equals", "//*[@id = "txtbthqty" + row + ""]", true): Modify property of object successfully

2018-05-31 14:16:58 - [MESSAGE][PASSED] - Modify property of object successfully

2018-05-31 14:16:58 - [TEST_STEP][PASSED] - Statement - batchqty = com.kms.katalon.core.webui.keyword.WebUiBuiltInKeywords.getAttribute(batch, "value").trim(): Attribute 'value' of object '' is: '4900'

2018-05-31 14:16:58 - [MESSAGE][PASSED] - Attribute 'value' of object '' is: '4900'

2018-05-31 14:16:58 - [TEST_STEP][PASSED] - Statement - Rqty = 100: null

2018-05-31 14:16:58 - [TEST_STEP][PASSED] - delay: Delayed 2 second(s)

2018-05-31 14:17:00 - [MESSAGE][PASSED] - Delayed 2 second(s)

2018-05-31 14:17:00 - [TEST_STEP][PASSED] - Statement - out.println("BatchQty : " + batchqty): null

2018-05-31 14:17:00 - [TEST_STEP][PASSED] - Statement - out.println("RQty : " + Rqty): null

2018-05-31 14:17:00 - [TEST_STEP][PASSED] - Statement - If (java.lang.Integer.valueOf(batchqty) >= java.lang.Integer.valueOf(Rqty)): null

2018-05-31 14:17:00 - [TEST_STEP][PASSED] - Statement - Break: null

2018-05-31 14:17:00 - [TEST_STEP][PASSED] - Statement - batchlength = new com.kms.katalon.core.testobject.TestObject(): null

2018-05-31 14:17:00 - [TEST_STEP][PASSED] - Statement - batchlength = com.kms.katalon.core.webui.keyword.WebUiBuiltInKeywords.modifyObjectProperty(batchlength, "xpath", "equals", "//*[@id = "fldvendor" + row + ""]", true): Modify property of object successfully

2018-05-31 14:17:00 - [MESSAGE][PASSED] - Modify property of object successfully

2018-05-31 14:17:00 - [TEST_STEP][PASSED] - Statement - batchsize = com.kms.katalon.core.webui.keyword.WebUiBuiltInKeywords.getNumberOfTotalOption(batchlength): 9 options of object '' counted

2018-05-31 14:17:00 - [MESSAGE][PASSED] - 9 options of object '' counted

2018-05-31 14:17:00 - [TEST_STEP][PASSED] - Statement - out.println("BatchSize : " + batchsize): null

2018-05-31 14:17:00 - [TEST_STEP][PASSED] - Statement - For ([n = 1, n <= batchsize - 1, (n++)]): null

2018-05-31 14:17:00 - [TEST_STEP][PASSED] - Statement - product = new com.kms.katalon.core.testobject.TestObject(): null

2018-05-31 14:17:00 - [TEST_STEP][PASSED] - Statement - product = com.kms.katalon.core.webui.keyword.WebUiBuiltInKeywords.modifyObjectProperty(product, "xpath", "equals", "//*[@id = "fldvendor" + row + ""]", true): Modify property of object successfully

2018-05-31 14:17:00 - [MESSAGE][PASSED] - Modify property of object successfully

2018-05-31 14:17:00 - [TEST_STEP][PASSED] - selectOptionByIndex: All options with index in [1] are selected on object ''

2018-05-31 14:17:00 - [MESSAGE][PASSED] - All options with index in [1] are selected on object ''

2018-05-31 14:17:00 - [TEST_STEP][PASSED] - Statement - batch = new com.kms.katalon.core.testobject.TestObject(): null

2018-05-31 14:17:00 - [TEST_STEP][PASSED] - Statement - batch = com.kms.katalon.core.webui.keyword.WebUiBuiltInKeywords.modifyObjectProperty(batch, "xpath", "equals", "//*[@id = "txtbthqty" + row + ""]", true): Modify property of object successfully

2018-05-31 14:17:00 - [MESSAGE][PASSED] - Modify property of object successfully

2018-05-31 14:17:00 - [TEST_STEP][PASSED] - Statement - batchqty = com.kms.katalon.core.webui.keyword.WebUiBuiltInKeywords.getAttribute(batch, "value").trim(): Attribute 'value' of object '' is: '2900'

2018-05-31 14:17:00 - [MESSAGE][PASSED] - Attribute 'value' of object '' is: '2900'

2018-05-31 14:17:00 - [TEST_STEP][PASSED] - Statement - Rqty = 100: null

2018-05-31 14:17:00 - [TEST_STEP][PASSED] - delay: Delayed 2 second(s)

2018-05-31 14:17:02 - [MESSAGE][PASSED] - Delayed 2 second(s)

2018-05-31 14:17:02 - [TEST_STEP][PASSED] - Statement - out.println("BatchQty : " + batchqty): null

2018-05-31 14:17:02 - [TEST_STEP][PASSED] - Statement - out.println("RQty : " + Rqty): null

2018-05-31 14:17:02 - [TEST_STEP][PASSED] - Statement - If (java.lang.Integer.valueOf(batchqty) >= java.lang.Integer.valueOf(Rqty)): null

2018-05-31 14:17:02 - [TEST_STEP][PASSED] - Statement - Break: null

2018-05-31 14:17:02 - [TEST_STEP][PASSED] - Statement - batchlength = new com.kms.katalon.core.testobject.TestObject(): null

2018-05-31 14:17:02 - [TEST_STEP][PASSED] - Statement - batchlength = com.kms.katalon.core.webui.keyword.WebUiBuiltInKeywords.modifyObjectProperty(batchlength, "xpath", "equals", "//*[@id = "fldvendor" + row + ""]", true): Modify property of object successfully

2018-05-31 14:17:02 - [MESSAGE][PASSED] - Modify property of object successfully

2018-05-31 14:17:02 - [TEST_STEP][PASSED] - Statement - batchsize = com.kms.katalon.core.webui.keyword.WebUiBuiltInKeywords.getNumberOfTotalOption(batchlength): 9 options of object '' counted

2018-05-31 14:17:02 - [MESSAGE][PASSED] - 9 options of object '' counted

2018-05-31 14:17:02 - [TEST_STEP][PASSED] - Statement - out.println("BatchSize : " + batchsize): null

2018-05-31 14:17:02 - [TEST_STEP][PASSED] - Statement - For ([n = 1, n <= batchsize - 1, (n++)]): null

2018-05-31 14:17:02 - [TEST_STEP][PASSED] - Statement - product = new com.kms.katalon.core.testobject.TestObject(): null

2018-05-31 14:17:02 - [TEST_STEP][PASSED] - Statement - product = com.kms.katalon.core.webui.keyword.WebUiBuiltInKeywords.modifyObjectProperty(product, "xpath", "equals", "//*[@id = "fldvendor" + row + ""]", true): Modify property of object successfully

2018-05-31 14:17:02 - [MESSAGE][PASSED] - Modify property of object successfully

2018-05-31 14:17:02 - [TEST_STEP][PASSED] - selectOptionByIndex: All options with index in [1] are selected on object ''

2018-05-31 14:17:02 - [MESSAGE][PASSED] - All options with index in [1] are selected on object ''

2018-05-31 14:17:02 - [TEST_STEP][PASSED] - Statement - batch = new com.kms.katalon.core.testobject.TestObject(): null

2018-05-31 14:17:02 - [TEST_STEP][PASSED] - Statement - batch = com.kms.katalon.core.webui.keyword.WebUiBuiltInKeywords.modifyObjectProperty(batch, "xpath", "equals", "//*[@id = "txtbthqty" + row + ""]", true): Modify property of object successfully

2018-05-31 14:17:02 - [MESSAGE][PASSED] - Modify property of object successfully

2018-05-31 14:17:02 - [TEST_STEP][PASSED] - Statement - batchqty = com.kms.katalon.core.webui.keyword.WebUiBuiltInKeywords.getAttribute(batch, "value").trim(): Attribute 'value' of object '' is: '4800'

2018-05-31 14:17:02 - [MESSAGE][PASSED] - Attribute 'value' of object '' is: '4800'

2018-05-31 14:17:02 - [TEST_STEP][PASSED] - Statement - Rqty = 100: null

2018-05-31 14:17:02 - [TEST_STEP][PASSED] - delay: Delayed 2 second(s)

2018-05-31 14:17:04 - [MESSAGE][PASSED] - Delayed 2 second(s)

2018-05-31 14:17:04 - [TEST_STEP][PASSED] - Statement - out.println("BatchQty : " + batchqty): null

2018-05-31 14:17:04 - [TEST_STEP][PASSED] - Statement - out.println("RQty : " + Rqty): null

2018-05-31 14:17:04 - [TEST_STEP][PASSED] - Statement - If (java.lang.Integer.valueOf(batchqty) >= java.lang.Integer.valueOf(Rqty)): null

2018-05-31 14:17:04 - [TEST_STEP][PASSED] - Statement - Break: null

2018-05-31 14:17:04 - [TEST_STEP][PASSED] - Statement - batchlength = new com.kms.katalon.core.testobject.TestObject(): null

2018-05-31 14:17:04 - [TEST_STEP][PASSED] - Statement - batchlength = com.kms.katalon.core.webui.keyword.WebUiBuiltInKeywords.modifyObjectProperty(batchlength, "xpath", "equals", "//*[@id = "fldvendor" + row + ""]", true): Modify property of object successfully

2018-05-31 14:17:04 - [MESSAGE][PASSED] - Modify property of object successfully

2018-05-31 14:17:04 - [TEST_STEP][PASSED] - Statement - batchsize = com.kms.katalon.core.webui.keyword.WebUiBuiltInKeywords.getNumberOfTotalOption(batchlength): 9 options of object '' counted

2018-05-31 14:17:04 - [MESSAGE][PASSED] - 9 options of object '' counted

2018-05-31 14:17:04 - [TEST_STEP][PASSED] - Statement - out.println("BatchSize : " + batchsize): null

2018-05-31 14:17:04 - [TEST_STEP][PASSED] - Statement - For ([n = 1, n <= batchsize - 1, (n++)]): null

2018-05-31 14:17:04 - [TEST_STEP][PASSED] - Statement - product = new com.kms.katalon.core.testobject.TestObject(): null

2018-05-31 14:17:04 - [TEST_STEP][PASSED] - Statement - product = com.kms.katalon.core.webui.keyword.WebUiBuiltInKeywords.modifyObjectProperty(product, "xpath", "equals", "//*[@id = "fldvendor" + row + ""]", true): Modify property of object successfully

2018-05-31 14:17:04 - [MESSAGE][PASSED] - Modify property of object successfully

2018-05-31 14:17:04 - [TEST_STEP][PASSED] - selectOptionByIndex: All options with index in [1] are selected on object ''

2018-05-31 14:17:04 - [MESSAGE][PASSED] - All options with index in [1] are selected on object ''

2018-05-31 14:17:04 - [TEST_STEP][PASSED] - Statement - batch = new com.kms.katalon.core.testobject.TestObject(): null

2018-05-31 14:17:04 - [TEST_STEP][PASSED] - Statement - batch = com.kms.katalon.core.webui.keyword.WebUiBuiltInKeywords.modifyObjectProperty(batch, "xpath", "equals", "//*[@id = "txtbthqty" + row + ""]", true): Modify property of object successfully

2018-05-31 14:17:04 - [MESSAGE][PASSED] - Modify property of object successfully

2018-05-31 14:17:04 - [TEST_STEP][PASSED] - Statement - batchqty = com.kms.katalon.core.webui.keyword.WebUiBuiltInKeywords.getAttribute(batch, "value").trim(): Attribute 'value' of object '' is: '4800'

2018-05-31 14:17:04 - [MESSAGE][PASSED] - Attribute 'value' of object '' is: '4800'

2018-05-31 14:17:04 - [TEST_STEP][PASSED] - Statement - Rqty = 100: null

2018-05-31 14:17:04 - [TEST_STEP][PASSED] - delay: Delayed 2 second(s)

2018-05-31 14:17:06 - [MESSAGE][PASSED] - Delayed 2 second(s)

2018-05-31 14:17:06 - [TEST_STEP][PASSED] - Statement - out.println("BatchQty : " + batchqty): null

2018-05-31 14:17:06 - [TEST_STEP][PASSED] - Statement - out.println("RQty : " + Rqty): null

2018-05-31 14:17:06 - [TEST_STEP][PASSED] - Statement - If (java.lang.Integer.valueOf(batchqty) >= java.lang.Integer.valueOf(Rqty)): null

2018-05-31 14:17:06 - [TEST_STEP][PASSED] - Statement - Break: null

2018-05-31 14:17:06 - [TEST_STEP][PASSED] - Statement - batchlength = new com.kms.katalon.core.testobject.TestObject(): null

2018-05-31 14:17:06 - [TEST_STEP][PASSED] - Statement - batchlength = com.kms.katalon.core.webui.keyword.WebUiBuiltInKeywords.modifyObjectProperty(batchlength, "xpath", "equals", "//*[@id = "fldvendor" + row + ""]", true): Modify property of object successfully

2018-05-31 14:17:06 - [MESSAGE][PASSED] - Modify property of object successfully

2018-05-31 14:17:06 - [TEST_STEP][PASSED] - Statement - batchsize = com.kms.katalon.core.webui.keyword.WebUiBuiltInKeywords.getNumberOfTotalOption(batchlength): 8 options of object '' counted

2018-05-31 14:17:06 - [MESSAGE][PASSED] - 8 options of object '' counted

2018-05-31 14:17:06 - [TEST_STEP][PASSED] - Statement - out.println("BatchSize : " + batchsize): null

2018-05-31 14:17:06 - [TEST_STEP][PASSED] - Statement - For ([n = 1, n <= batchsize - 1, (n++)]): null

2018-05-31 14:17:06 - [TEST_STEP][PASSED] - Statement - product = new com.kms.katalon.core.testobject.TestObject(): null

2018-05-31 14:17:06 - [TEST_STEP][PASSED] - Statement - product = com.kms.katalon.core.webui.keyword.WebUiBuiltInKeywords.modifyObjectProperty(product, "xpath", "equals", "//*[@id = "fldvendor" + row + ""]", true): Modify property of object successfully

2018-05-31 14:17:06 - [MESSAGE][PASSED] - Modify property of object successfully

2018-05-31 14:17:06 - [TEST_STEP][PASSED] - selectOptionByIndex: All options with index in [1] are selected on object ''

2018-05-31 14:17:07 - [MESSAGE][PASSED] - All options with index in [1] are selected on object ''

2018-05-31 14:17:07 - [TEST_STEP][PASSED] - Statement - batch = new com.kms.katalon.core.testobject.TestObject(): null

2018-05-31 14:17:07 - [TEST_STEP][PASSED] - Statement - batch = com.kms.katalon.core.webui.keyword.WebUiBuiltInKeywords.modifyObjectProperty(batch, "xpath", "equals", "//*[@id = "txtbthqty" + row + ""]", true): Modify property of object successfully

2018-05-31 14:17:07 - [MESSAGE][PASSED] - Modify property of object successfully

2018-05-31 14:17:07 - [TEST_STEP][PASSED] - Statement - batchqty = com.kms.katalon.core.webui.keyword.WebUiBuiltInKeywords.getAttribute(batch, "value").trim(): Attribute 'value' of object '' is: '49300'

2018-05-31 14:17:07 - [MESSAGE][PASSED] - Attribute 'value' of object '' is: '49300'

2018-05-31 14:17:07 - [TEST_STEP][PASSED] - Statement - Rqty = 100: null

2018-05-31 14:17:07 - [TEST_STEP][PASSED] - delay: Delayed 2 second(s)

2018-05-31 14:17:09 - [MESSAGE][PASSED] - Delayed 2 second(s)

2018-05-31 14:17:09 - [TEST_STEP][PASSED] - Statement - out.println("BatchQty : " + batchqty): null

2018-05-31 14:17:09 - [TEST_STEP][PASSED] - Statement - out.println("RQty : " + Rqty): null

2018-05-31 14:17:09 - [TEST_STEP][PASSED] - Statement - If (java.lang.Integer.valueOf(batchqty) >= java.lang.Integer.valueOf(Rqty)): null

2018-05-31 14:17:09 - [TEST_STEP][PASSED] - Statement - Break: null

2018-05-31 14:17:09 - [TEST_STEP][PASSED] - Statement - batchlength = new com.kms.katalon.core.testobject.TestObject(): null

2018-05-31 14:17:09 - [TEST_STEP][PASSED] - Statement - batchlength = com.kms.katalon.core.webui.keyword.WebUiBuiltInKeywords.modifyObjectProperty(batchlength, "xpath", "equals", "//*[@id = "fldvendor" + row + ""]", true): Modify property of object successfully

2018-05-31 14:17:09 - [MESSAGE][PASSED] - Modify property of object successfully

2018-05-31 14:17:09 - [TEST_STEP][PASSED] - Statement - batchsize = com.kms.katalon.core.webui.keyword.WebUiBuiltInKeywords.getNumberOfTotalOption(batchlength): 9 options of object '' counted

2018-05-31 14:17:09 - [MESSAGE][PASSED] - 9 options of object '' counted

2018-05-31 14:17:09 - [TEST_STEP][PASSED] - Statement - out.println("BatchSize : " + batchsize): null

2018-05-31 14:17:09 - [TEST_STEP][PASSED] - Statement - For ([n = 1, n <= batchsize - 1, (n++)]): null

2018-05-31 14:17:09 - [TEST_STEP][PASSED] - Statement - product = new com.kms.katalon.core.testobject.TestObject(): null

2018-05-31 14:17:09 - [TEST_STEP][PASSED] - Statement - product = com.kms.katalon.core.webui.keyword.WebUiBuiltInKeywords.modifyObjectProperty(product, "xpath", "equals", "//*[@id = "fldvendor" + row + ""]", true): Modify property of object successfully

2018-05-31 14:17:09 - [MESSAGE][PASSED] - Modify property of object successfully

2018-05-31 14:17:09 - [TEST_STEP][PASSED] - selectOptionByIndex: All options with index in [1] are selected on object ''

2018-05-31 14:17:09 - [MESSAGE][PASSED] - All options with index in [1] are selected on object ''

2018-05-31 14:17:09 - [TEST_STEP][PASSED] - Statement - batch = new com.kms.katalon.core.testobject.TestObject(): null

2018-05-31 14:17:09 - [TEST_STEP][PASSED] - Statement - batch = com.kms.katalon.core.webui.keyword.WebUiBuiltInKeywords.modifyObjectProperty(batch, "xpath", "equals", "//*[@id = "txtbthqty" + row + ""]", true): Modify property of object successfully

2018-05-31 14:17:09 - [MESSAGE][PASSED] - Modify property of object successfully

2018-05-31 14:17:09 - [TEST_STEP][PASSED] - Statement - batchqty = com.kms.katalon.core.webui.keyword.WebUiBuiltInKeywords.getAttribute(batch, "value").trim(): Attribute 'value' of object '' is: '2900'

2018-05-31 14:17:09 - [MESSAGE][PASSED] - Attribute 'value' of object '' is: '2900'

2018-05-31 14:17:09 - [TEST_STEP][PASSED] - Statement - Rqty = 100: null

2018-05-31 14:17:09 - [TEST_STEP][PASSED] - delay: Delayed 2 second(s)

2018-05-31 14:17:11 - [MESSAGE][PASSED] - Delayed 2 second(s)

2018-05-31 14:17:11 - [TEST_STEP][PASSED] - Statement - out.println("BatchQty : " + batchqty): null

2018-05-31 14:17:11 - [TEST_STEP][PASSED] - Statement - out.println("RQty : " + Rqty): null

2018-05-31 14:17:11 - [TEST_STEP][PASSED] - Statement - If (java.lang.Integer.valueOf(batchqty) >= java.lang.Integer.valueOf(Rqty)): null

2018-05-31 14:17:11 - [TEST_STEP][PASSED] - Statement - Break: null

2018-05-31 14:17:11 - [TEST_STEP][PASSED] - Statement - batchlength = new com.kms.katalon.core.testobject.TestObject(): null

2018-05-31 14:17:11 - [TEST_STEP][PASSED] - Statement - batchlength = com.kms.katalon.core.webui.keyword.WebUiBuiltInKeywords.modifyObjectProperty(batchlength, "xpath", "equals", "//*[@id = "fldvendor" + row + ""]", true): Modify property of object successfully

2018-05-31 14:17:11 - [MESSAGE][PASSED] - Modify property of object successfully

2018-05-31 14:17:11 - [TEST_STEP][PASSED] - Statement - batchsize = com.kms.katalon.core.webui.keyword.WebUiBuiltInKeywords.getNumberOfTotalOption(batchlength): 9 options of object '' counted

2018-05-31 14:17:11 - [MESSAGE][PASSED] - 9 options of object '' counted

2018-05-31 14:17:11 - [TEST_STEP][PASSED] - Statement - out.println("BatchSize : " + batchsize): null

2018-05-31 14:17:11 - [TEST_STEP][PASSED] - Statement - For ([n = 1, n <= batchsize - 1, (n++)]): null

2018-05-31 14:17:11 - [TEST_STEP][PASSED] - Statement - product = new com.kms.katalon.core.testobject.TestObject(): null

2018-05-31 14:17:11 - [TEST_STEP][PASSED] - Statement - product = com.kms.katalon.core.webui.keyword.WebUiBuiltInKeywords.modifyObjectProperty(product, "xpath", "equals", "//*[@id = "fldvendor" + row + ""]", true): Modify property of object successfully

2018-05-31 14:17:11 - [MESSAGE][PASSED] - Modify property of object successfully

2018-05-31 14:17:11 - [TEST_STEP][PASSED] - selectOptionByIndex: All options with index in [1] are selected on object ''

2018-05-31 14:17:11 - [MESSAGE][PASSED] - All options with index in [1] are selected on object ''

2018-05-31 14:17:11 - [TEST_STEP][PASSED] - Statement - batch = new com.kms.katalon.core.testobject.TestObject(): null

2018-05-31 14:17:11 - [TEST_STEP][PASSED] - Statement - batch = com.kms.katalon.core.webui.keyword.WebUiBuiltInKeywords.modifyObjectProperty(batch, "xpath", "equals", "//*[@id = "txtbthqty" + row + ""]", true): Modify property of object successfully

2018-05-31 14:17:11 - [MESSAGE][PASSED] - Modify property of object successfully

2018-05-31 14:17:11 - [TEST_STEP][PASSED] - Statement - batchqty = com.kms.katalon.core.webui.keyword.WebUiBuiltInKeywords.getAttribute(batch, "value").trim(): Attribute 'value' of object '' is: '3900'

2018-05-31 14:17:11 - [MESSAGE][PASSED] - Attribute 'value' of object '' is: '3900'

2018-05-31 14:17:11 - [TEST_STEP][PASSED] - Statement - Rqty = 100: null

2018-05-31 14:17:11 - [TEST_STEP][PASSED] - delay: Delayed 2 second(s)

2018-05-31 14:17:13 - [MESSAGE][PASSED] - Delayed 2 second(s)

2018-05-31 14:17:13 - [TEST_STEP][PASSED] - Statement - out.println("BatchQty : " + batchqty): null

2018-05-31 14:17:13 - [TEST_STEP][PASSED] - Statement - out.println("RQty : " + Rqty): null

2018-05-31 14:17:13 - [TEST_STEP][PASSED] - Statement - If (java.lang.Integer.valueOf(batchqty) >= java.lang.Integer.valueOf(Rqty)): null

2018-05-31 14:17:13 - [TEST_STEP][PASSED] - Statement - Break: null

2018-05-31 14:17:13 - [TEST_STEP][PASSED] - delay: Delayed 2 second(s)

2018-05-31 14:17:15 - [MESSAGE][PASSED] - Delayed 2 second(s)

2018-05-31 14:17:15 - [TEST_STEP][PASSED] - click: Object: 'Object Repository/DispensaryToCms/Page_KDMC - CMS/input_btndispatch' is clicked on

2018-05-31 14:17:15 - [MESSAGE][PASSED] - Object: 'Object Repository/DispensaryToCms/Page_KDMC - CMS/input_btndispatch' is clicked on

2018-05-31 14:17:15 - [TEST_STEP][PASSED] - delay: Delayed 3 second(s)

2018-05-31 14:17:18 - [MESSAGE][PASSED] - Delayed 3 second(s)

2018-05-31 14:17:18 - [TEST_STEP][PASSED] - click: Object: 'Object Repository/DispensaryToCms/Page_KDMC - CMS/button_OK' is clicked on

2018-05-31 14:17:19 - [MESSAGE][PASSED] - Object: 'Object Repository/DispensaryToCms/Page_KDMC - CMS/button_OK' is clicked on

2018-05-31 14:17:19 - [TEST_STEP][PASSED] - delay: Delayed 3 second(s)

2018-05-31 14:17:22 - [MESSAGE][PASSED] - Delayed 3 second(s)

2018-05-31 14:17:22 - [TEST_STEP][PASSED] - waitForElementPresent: Object 'Object Repository/DispensaryToCms/Page_KDMC - CMS/a_dropdown-toggle' is present

2018-05-31 14:17:22 - [MESSAGE][PASSED] - Object 'Object Repository/DispensaryToCms/Page_KDMC - CMS/a_dropdown-toggle' is present

2018-05-31 14:17:22 - [TEST_STEP][PASSED] - click: Object: 'Object Repository/DispensaryToCms/Page_KDMC - CMS/a_dropdown-toggle' is clicked on

2018-05-31 14:17:22 - [MESSAGE][PASSED] - Object: 'Object Repository/DispensaryToCms/Page_KDMC - CMS/a_dropdown-toggle' is clicked on

2018-05-31 14:17:22 - [TEST_STEP][PASSED] - click: Object: 'Object Repository/DispensaryToCms/Page_KDMC - CMS/a_Sign out' is clicked on

2018-05-31 14:17:22 - [MESSAGE][PASSED] - Object: 'Object Repository/DispensaryToCms/Page_KDMC - CMS/a_Sign out' is clicked on

2018-05-31 14:17:22 - [TEST_STEP][PASSED] - delay: Delayed 3 second(s)

2018-05-31 14:17:25 - [MESSAGE][PASSED] - Delayed 3 second(s)

2018-05-31 14:17:25 - [TEST_STEP][PASSED] - navigateToUrl: Navigate to 'http://192.168.137.1/multihospital_new/HDSplashscreen.aspx' successfully

2018-05-31 14:17:26 - [MESSAGE][PASSED] - Navigate to 'http://192.168.137.1/multihospital_new/HDSplashscreen.aspx' successfully

2018-05-31 14:17:26 - [TEST_STEP][PASSED] - click: Object: 'Object Repository/DispensaryToCms/Page_KDMC/a_Dispensary Store' is clicked on

2018-05-31 14:17:27 - [MESSAGE][PASSED] - Object: 'Object Repository/DispensaryToCms/Page_KDMC/a_Dispensary Store' is clicked on

2018-05-31 14:17:27 - [TEST_STEP][PASSED] - setText: Text 'rajaram' is set on object 'Object Repository/DispensaryToCms/Page_Dispensary Store Login/input_txtusername'

2018-05-31 14:17:27 - [MESSAGE][PASSED] - Text 'rajaram' is set on object 'Object Repository/DispensaryToCms/Page_Dispensary Store Login/input_txtusername'

2018-05-31 14:17:27 - [TEST_STEP][PASSED] - setText: Text '123' is set on object 'Object Repository/DispensaryToCms/Page_Dispensary Store Login/input_txtpassword'

2018-05-31 14:17:27 - [MESSAGE][PASSED] - Text '123' is set on object 'Object Repository/DispensaryToCms/Page_Dispensary Store Login/input_txtpassword'

2018-05-31 14:17:27 - [TEST_STEP][PASSED] - delay: Delayed 3 second(s)

2018-05-31 14:17:30 - [MESSAGE][PASSED] - Delayed 3 second(s)

2018-05-31 14:17:30 - [TEST_STEP][PASSED] - click: Object: 'Object Repository/DispensaryToCms/Page_Dispensary Store Login/button_Sign in' is clicked on

2018-05-31 14:17:30 - [MESSAGE][PASSED] - Object: 'Object Repository/DispensaryToCms/Page_Dispensary Store Login/button_Sign in' is clicked on

2018-05-31 14:17:30 - [TEST_STEP][PASSED] - delay: Delayed 3 second(s)

2018-05-31 14:17:33 - [MESSAGE][PASSED] - Delayed 3 second(s)

2018-05-31 14:17:33 - [TEST_STEP][PASSED] - click: Object: 'Object Repository/DispensaryToCms/Page_Dispensary Store/a_CMS' is clicked on

2018-05-31 14:17:34 - [MESSAGE][PASSED] - Object: 'Object Repository/DispensaryToCms/Page_Dispensary Store/a_CMS' is clicked on

2018-05-31 14:17:34 - [TEST_STEP][PASSED] - delay: Delayed 2 second(s)

2018-05-31 14:17:36 - [MESSAGE][PASSED] - Delayed 2 second(s)

2018-05-31 14:17:36 - [TEST_STEP][PASSED] - click: Object: 'Object Repository/DispensaryToCms/Page_Dispensary Store/a_Receiving Goods' is clicked on

2018-05-31 14:17:36 - [MESSAGE][PASSED] - Object: 'Object Repository/DispensaryToCms/Page_Dispensary Store/a_Receiving Goods' is clicked on

2018-05-31 14:17:36 - [TEST_STEP][PASSED] - setText: Text 'PRNO/31052018/510' is set on object 'Object Repository/DispensaryToCms/Page_Dispensary Store/input'

2018-05-31 14:17:36 - [MESSAGE][PASSED] - Text 'PRNO/31052018/510' is set on object 'Object Repository/DispensaryToCms/Page_Dispensary Store/input'

2018-05-31 14:17:36 - [TEST_STEP][PASSED] - click: Object: 'Object Repository/DispensaryToCms/Page_Dispensary Store/input_PRNO18052018174' is clicked on

2018-05-31 14:17:36 - [MESSAGE][PASSED] - Object: 'Object Repository/DispensaryToCms/Page_Dispensary Store/input_PRNO18052018174' is clicked on

2018-05-31 14:17:36 - [TEST_STEP][PASSED] - delay: Delayed 2 second(s)

2018-05-31 14:17:38 - [MESSAGE][PASSED] - Delayed 2 second(s)

2018-05-31 14:17:38 - [TEST_STEP][PASSED] - click: Object: 'Object Repository/DispensaryToCms/Page_Dispensary Store/input_chkrem' is clicked on

2018-05-31 14:17:38 - [MESSAGE][PASSED] - Object: 'Object Repository/DispensaryToCms/Page_Dispensary Store/input_chkrem' is clicked on

2018-05-31 14:17:38 - [TEST_STEP][PASSED] - scrollToElement: Scroll to object 'Object Repository/DispensaryToCms/Page_Dispensary Store/input_btchkroqadd' successfully

2018-05-31 14:17:38 - [MESSAGE][PASSED] - Scroll to object 'Object Repository/DispensaryToCms/Page_Dispensary Store/input_btchkroqadd' successfully

2018-05-31 14:17:38 - [TEST_STEP][PASSED] - click: Object: 'Object Repository/DispensaryToCms/Page_Dispensary Store/input_btchkroqadd' is clicked on

2018-05-31 14:17:38 - [MESSAGE][PASSED] - Object: 'Object Repository/DispensaryToCms/Page_Dispensary Store/input_btchkroqadd' is clicked on

2018-05-31 14:17:38 - [TEST_STEP][PASSED] - delay: Delayed 2 second(s)

2018-05-31 14:17:40 - [MESSAGE][PASSED] - Delayed 2 second(s)

2018-05-31 14:17:40 - [TEST_STEP][PASSED] - refresh: Refresh successfully

2018-05-31 14:17:41 - [MESSAGE][PASSED] - Refresh successfully

2018-05-31 14:17:41 - [TEST_STEP][PASSED] - delay: Delayed 3 second(s)

2018-05-31 14:17:44 - [MESSAGE][PASSED] - Delayed 3 second(s)

2018-05-31 14:17:44 - [TEST_STEP][PASSED] - waitForElementPresent: Object 'Object Repository/DispensaryToCms/Page_KDMC - CMS/a_dropdown-toggle' is not present after 20 second(s)

2018-05-31 14:18:05 - [MESSAGE][WARNING] - Object 'Object Repository/DispensaryToCms/Page_KDMC - CMS/a_dropdown-toggle' is not present after 20 second(s)

2018-05-31 14:18:05 - [TEST_STEP][PASSED] - click: Object: 'Object Repository/DispensaryToCms/Page_Dispensary Store/a_dropdown-toggle' is clicked on

2018-05-31 14:18:05 - [MESSAGE][PASSED] - Object: 'Object Repository/DispensaryToCms/Page_Dispensary Store/a_dropdown-toggle' is clicked on

2018-05-31 14:18:05 - [TEST_STEP][PASSED] - click: Object: 'Object Repository/DispensaryToCms/Page_Dispensary Store/a_Sign out' is clicked on

2018-05-31 14:18:05 - [MESSAGE][PASSED] - Object: 'Object Repository/DispensaryToCms/Page_Dispensary Store/a_Sign out' is clicked on

2018-05-31 14:18:05 - [TEST_STEP][PASSED] - closeBrowser: Browser is closed

2018-05-31 14:18:06 - [MESSAGE][PASSED] - Browser is closed]]></system-out>
         <system-err><![CDATA[]]></system-err>
      </testcase>
      <testcase name="Test Cases/DISPENSARY TEST CASES/TC_DP_023 Verify Schedule 11 Dispensary To CMS Request Are Working Successfully Or Not" classname="Test Cases/DISPENSARY TEST CASES/TC_DP_023 Verify Schedule 11 Dispensary To CMS Request Are Working Successfully Or Not" status="FAILED">
         <failure type="FAILED" message="Unable to click on object 'Object Repository/DispensaryToCms/Page_KDMC - CMS/button_OK' (Root cause: org.openqa.selenium.ElementNotVisibleException: element not visible
  (Session info: chrome=66.0.3359.181)
  (Driver info: chromedriver=2.35.528161 (5b82f2d2aae0ca24b877009200ced9065a772e73),platform=Windows NT 10.0.17134 x86_64) (WARNING: The server did not provide any stacktrace information)
Command duration or timeout: 0 milliseconds
Build info: version: '3.7.1', revision: '8a0099a', time: '2017-11-06T21:07:36.161Z'
System info: host: 'DESKTOP-BLFTK83', ip: '169.254.189.85', os.name: 'Windows 10', os.arch: 'amd64', os.version: '10.0', java.version: '1.8.0_102'
Driver info: com.kms.katalon.selenium.driver.CChromeDriver
Capabilities {acceptInsecureCerts: false, acceptSslCerts: false, applicationCacheEnabled: false, browserConnectionEnabled: false, browserName: chrome, chrome: {chromedriverVersion: 2.35.528161 (5b82f2d2aae0ca..., userDataDir: C:\Users\QUALIT~1\AppData\L...}, cssSelectorsEnabled: true, databaseEnabled: false, handlesAlerts: true, hasTouchScreen: false, javascriptEnabled: true, locationContextEnabled: true, mobileEmulationEnabled: false, nativeEvents: true, networkConnectionEnabled: false, pageLoadStrategy: normal, platform: XP, platformName: XP, rotatable: false, setWindowRect: true, takesHeapSnapshot: true, takesScreenshot: true, unexpectedAlertBehaviour: , unhandledPromptBehavior: , version: 66.0.3359.181, webStorageEnabled: true}
Session ID: 052058f8e07506f8cefd8ff73ffe9246)"/>
         <system-out><![CDATA[2018-05-31 14:18:06 - [TEST_CASE][FAILED] - Test Cases/DISPENSARY TEST CASES/TC_DP_023 Verify Schedule 11 Dispensary To CMS Request Are Working Successfully Or Not: Test Cases/DISPENSARY TEST CASES/TC_DP_023 Verify Schedule 11 Dispensary To CMS Request Are Working Successfully Or Not FAILED because (of) Unable to click on object 'Object Repository/DispensaryToCms/Page_KDMC - CMS/button_OK' (Root cause: org.openqa.selenium.ElementNotVisibleException: element not visible
  (Session info: chrome=66.0.3359.181)
  (Driver info: chromedriver=2.35.528161 (5b82f2d2aae0ca24b877009200ced9065a772e73),platform=Windows NT 10.0.17134 x86_64) (WARNING: The server did not provide any stacktrace information)
Command duration or timeout: 0 milliseconds
Build info: version: '3.7.1', revision: '8a0099a', time: '2017-11-06T21:07:36.161Z'
System info: host: 'DESKTOP-BLFTK83', ip: '169.254.189.85', os.name: 'Windows 10', os.arch: 'amd64', os.version: '10.0', java.version: '1.8.0_102'
Driver info: com.kms.katalon.selenium.driver.CChromeDriver
Capabilities {acceptInsecureCerts: false, acceptSslCerts: false, applicationCacheEnabled: false, browserConnectionEnabled: false, browserName: chrome, chrome: {chromedriverVersion: 2.35.528161 (5b82f2d2aae0ca..., userDataDir: C:\Users\QUALIT~1\AppData\L...}, cssSelectorsEnabled: true, databaseEnabled: false, handlesAlerts: true, hasTouchScreen: false, javascriptEnabled: true, locationContextEnabled: true, mobileEmulationEnabled: false, nativeEvents: true, networkConnectionEnabled: false, pageLoadStrategy: normal, platform: XP, platformName: XP, rotatable: false, setWindowRect: true, takesHeapSnapshot: true, takesScreenshot: true, unexpectedAlertBehaviour: , unhandledPromptBehavior: , version: 66.0.3359.181, webStorageEnabled: true}
Session ID: 052058f8e07506f8cefd8ff73ffe9246)

2018-05-31 14:18:06 - [TEST_STEP][PASSED] - openBrowser: Browser is opened with url: ''

2018-05-31 14:18:08 - [MESSAGE][PASSED] - Browser is opened with url: ''

2018-05-31 14:18:08 - [TEST_STEP][PASSED] - navigateToUrl: Navigate to 'http://192.168.137.1/multihospital_new/HDSplashscreen.aspx' successfully

2018-05-31 14:18:11 - [MESSAGE][PASSED] - Navigate to 'http://192.168.137.1/multihospital_new/HDSplashscreen.aspx' successfully

2018-05-31 14:18:11 - [TEST_STEP][PASSED] - maximizeWindow: Current window maximized

2018-05-31 14:18:12 - [MESSAGE][PASSED] - Current window maximized

2018-05-31 14:18:12 - [TEST_STEP][PASSED] - click: Object: 'Object Repository/DispensaryToCms/Page_KDMC/a_Dispensary Store' is clicked on

2018-05-31 14:18:13 - [MESSAGE][PASSED] - Object: 'Object Repository/DispensaryToCms/Page_KDMC/a_Dispensary Store' is clicked on

2018-05-31 14:18:13 - [TEST_STEP][PASSED] - setText: Text 'rajaram' is set on object 'Object Repository/DispensaryToCms/Page_Dispensary Store Login/input_txtusername'

2018-05-31 14:18:13 - [MESSAGE][PASSED] - Text 'rajaram' is set on object 'Object Repository/DispensaryToCms/Page_Dispensary Store Login/input_txtusername'

2018-05-31 14:18:13 - [TEST_STEP][PASSED] - setText: Text '123' is set on object 'Object Repository/DispensaryToCms/Page_Dispensary Store Login/input_txtpassword'

2018-05-31 14:18:13 - [MESSAGE][PASSED] - Text '123' is set on object 'Object Repository/DispensaryToCms/Page_Dispensary Store Login/input_txtpassword'

2018-05-31 14:18:13 - [TEST_STEP][PASSED] - delay: Delayed 3 second(s)

2018-05-31 14:18:16 - [MESSAGE][PASSED] - Delayed 3 second(s)

2018-05-31 14:18:16 - [TEST_STEP][PASSED] - click: Object: 'Object Repository/DispensaryToCms/Page_Dispensary Store Login/button_Sign in' is clicked on

2018-05-31 14:18:17 - [MESSAGE][PASSED] - Object: 'Object Repository/DispensaryToCms/Page_Dispensary Store Login/button_Sign in' is clicked on

2018-05-31 14:18:17 - [TEST_STEP][PASSED] - delay: Delayed 3 second(s)

2018-05-31 14:18:20 - [MESSAGE][PASSED] - Delayed 3 second(s)

2018-05-31 14:18:20 - [TEST_STEP][PASSED] - click: Object: 'Object Repository/DispensaryToCms/Page_Dispensary Store/a_CMS' is clicked on

2018-05-31 14:18:20 - [MESSAGE][PASSED] - Object: 'Object Repository/DispensaryToCms/Page_Dispensary Store/a_CMS' is clicked on

2018-05-31 14:18:20 - [TEST_STEP][PASSED] - click: Object: 'Object Repository/DispensaryToCms/Page_Dispensary Store/a_Request Send' is clicked on

2018-05-31 14:18:20 - [MESSAGE][PASSED] - Object: 'Object Repository/DispensaryToCms/Page_Dispensary Store/a_Request Send' is clicked on

2018-05-31 14:18:20 - [TEST_STEP][PASSED] - delay: Delayed 2 second(s)

2018-05-31 14:18:22 - [MESSAGE][PASSED] - Delayed 2 second(s)

2018-05-31 14:18:22 - [TEST_STEP][PASSED] - selectOptionByIndex: All options with index in [2] are selected on object 'Object Repository/DispensaryToCms/Page_Dispensary Store/select_--Select--'

2018-05-31 14:18:23 - [MESSAGE][PASSED] - All options with index in [2] are selected on object 'Object Repository/DispensaryToCms/Page_Dispensary Store/select_--Select--'

2018-05-31 14:18:23 - [TEST_STEP][PASSED] - selectOptionByIndex: All options with index in [11] are selected on object 'Object Repository/DispensaryToCms/Page_Dispensary Store/select_--Select--Schedule 1Inj'

2018-05-31 14:18:23 - [MESSAGE][PASSED] - All options with index in [11] are selected on object 'Object Repository/DispensaryToCms/Page_Dispensary Store/select_--Select--Schedule 1Inj'

2018-05-31 14:18:23 - [TEST_STEP][PASSED] - Statement - medicineslength = com.kms.katalon.core.webui.keyword.WebUiBuiltInKeywords.getNumberOfTotalOption(com.kms.katalon.core.testobject.ObjectRepository.findTestObject(DispensaryToCms/Page_Dispensary Store/select_--Select--Adernaline 0.)): 81 options of object 'Object Repository/DispensaryToCms/Page_Dispensary Store/select_--Select--Adernaline 0.' counted

2018-05-31 14:18:23 - [MESSAGE][PASSED] - 81 options of object 'Object Repository/DispensaryToCms/Page_Dispensary Store/select_--Select--Adernaline 0.' counted

2018-05-31 14:18:23 - [TEST_STEP][PASSED] - Statement - For ([e = 1, e <= medicineslength - 1, (e++)]): Delayed 1 second(s)

2018-05-31 14:18:23 - [TEST_STEP][PASSED] - selectOptionByIndex: All options with index in [11] are selected on object 'Object Repository/DispensaryToCms/Page_Dispensary Store/select_--Select--Schedule 1Inj'

2018-05-31 14:18:23 - [MESSAGE][PASSED] - All options with index in [11] are selected on object 'Object Repository/DispensaryToCms/Page_Dispensary Store/select_--Select--Schedule 1Inj'

2018-05-31 14:18:23 - [TEST_STEP][PASSED] - delay: Delayed 1 second(s)

2018-05-31 14:18:24 - [MESSAGE][PASSED] - Delayed 1 second(s)

2018-05-31 14:18:24 - [TEST_STEP][PASSED] - selectOptionByIndex: All options with index in [1] are selected on object 'Object Repository/DispensaryToCms/Page_Dispensary Store/select_--Select--Adernaline 0.'

2018-05-31 14:18:24 - [MESSAGE][PASSED] - All options with index in [1] are selected on object 'Object Repository/DispensaryToCms/Page_Dispensary Store/select_--Select--Adernaline 0.'

2018-05-31 14:18:24 - [TEST_STEP][PASSED] - setText: Text '100' is set on object 'Object Repository/DispensaryToCms/Page_Dispensary Store/input_txttreat'

2018-05-31 14:18:24 - [MESSAGE][PASSED] - Text '100' is set on object 'Object Repository/DispensaryToCms/Page_Dispensary Store/input_txttreat'

2018-05-31 14:18:24 - [TEST_STEP][PASSED] - click: Object: 'Object Repository/DispensaryToCms/Page_Dispensary Store/button_Add' is clicked on

2018-05-31 14:18:25 - [MESSAGE][PASSED] - Object: 'Object Repository/DispensaryToCms/Page_Dispensary Store/button_Add' is clicked on

2018-05-31 14:18:25 - [TEST_STEP][PASSED] - delay: Delayed 1 second(s)

2018-05-31 14:18:26 - [MESSAGE][PASSED] - Delayed 1 second(s)

2018-05-31 14:18:26 - [TEST_STEP][PASSED] - selectOptionByIndex: All options with index in [11] are selected on object 'Object Repository/DispensaryToCms/Page_Dispensary Store/select_--Select--Schedule 1Inj'

2018-05-31 14:18:26 - [MESSAGE][PASSED] - All options with index in [11] are selected on object 'Object Repository/DispensaryToCms/Page_Dispensary Store/select_--Select--Schedule 1Inj'

2018-05-31 14:18:26 - [TEST_STEP][PASSED] - delay: Delayed 1 second(s)

2018-05-31 14:18:27 - [MESSAGE][PASSED] - Delayed 1 second(s)

2018-05-31 14:18:27 - [TEST_STEP][PASSED] - selectOptionByIndex: All options with index in [2] are selected on object 'Object Repository/DispensaryToCms/Page_Dispensary Store/select_--Select--Adernaline 0.'

2018-05-31 14:18:27 - [MESSAGE][PASSED] - All options with index in [2] are selected on object 'Object Repository/DispensaryToCms/Page_Dispensary Store/select_--Select--Adernaline 0.'

2018-05-31 14:18:27 - [TEST_STEP][PASSED] - setText: Text '100' is set on object 'Object Repository/DispensaryToCms/Page_Dispensary Store/input_txttreat'

2018-05-31 14:18:27 - [MESSAGE][PASSED] - Text '100' is set on object 'Object Repository/DispensaryToCms/Page_Dispensary Store/input_txttreat'

2018-05-31 14:18:27 - [TEST_STEP][PASSED] - click: Object: 'Object Repository/DispensaryToCms/Page_Dispensary Store/button_Add' is clicked on

2018-05-31 14:18:27 - [MESSAGE][PASSED] - Object: 'Object Repository/DispensaryToCms/Page_Dispensary Store/button_Add' is clicked on

2018-05-31 14:18:27 - [TEST_STEP][PASSED] - delay: Delayed 1 second(s)

2018-05-31 14:18:28 - [MESSAGE][PASSED] - Delayed 1 second(s)

2018-05-31 14:18:28 - [TEST_STEP][PASSED] - selectOptionByIndex: All options with index in [11] are selected on object 'Object Repository/DispensaryToCms/Page_Dispensary Store/select_--Select--Schedule 1Inj'

2018-05-31 14:18:28 - [MESSAGE][PASSED] - All options with index in [11] are selected on object 'Object Repository/DispensaryToCms/Page_Dispensary Store/select_--Select--Schedule 1Inj'

2018-05-31 14:18:28 - [TEST_STEP][PASSED] - delay: Delayed 1 second(s)

2018-05-31 14:18:29 - [MESSAGE][PASSED] - Delayed 1 second(s)

2018-05-31 14:18:29 - [TEST_STEP][PASSED] - selectOptionByIndex: All options with index in [3] are selected on object 'Object Repository/DispensaryToCms/Page_Dispensary Store/select_--Select--Adernaline 0.'

2018-05-31 14:18:30 - [MESSAGE][PASSED] - All options with index in [3] are selected on object 'Object Repository/DispensaryToCms/Page_Dispensary Store/select_--Select--Adernaline 0.'

2018-05-31 14:18:30 - [TEST_STEP][PASSED] - setText: Text '100' is set on object 'Object Repository/DispensaryToCms/Page_Dispensary Store/input_txttreat'

2018-05-31 14:18:30 - [MESSAGE][PASSED] - Text '100' is set on object 'Object Repository/DispensaryToCms/Page_Dispensary Store/input_txttreat'

2018-05-31 14:18:30 - [TEST_STEP][PASSED] - click: Object: 'Object Repository/DispensaryToCms/Page_Dispensary Store/button_Add' is clicked on

2018-05-31 14:18:30 - [MESSAGE][PASSED] - Object: 'Object Repository/DispensaryToCms/Page_Dispensary Store/button_Add' is clicked on

2018-05-31 14:18:30 - [TEST_STEP][PASSED] - delay: Delayed 1 second(s)

2018-05-31 14:18:31 - [MESSAGE][PASSED] - Delayed 1 second(s)

2018-05-31 14:18:31 - [TEST_STEP][PASSED] - selectOptionByIndex: All options with index in [11] are selected on object 'Object Repository/DispensaryToCms/Page_Dispensary Store/select_--Select--Schedule 1Inj'

2018-05-31 14:18:31 - [MESSAGE][PASSED] - All options with index in [11] are selected on object 'Object Repository/DispensaryToCms/Page_Dispensary Store/select_--Select--Schedule 1Inj'

2018-05-31 14:18:31 - [TEST_STEP][PASSED] - delay: Delayed 1 second(s)

2018-05-31 14:18:32 - [MESSAGE][PASSED] - Delayed 1 second(s)

2018-05-31 14:18:32 - [TEST_STEP][PASSED] - selectOptionByIndex: All options with index in [4] are selected on object 'Object Repository/DispensaryToCms/Page_Dispensary Store/select_--Select--Adernaline 0.'

2018-05-31 14:18:32 - [MESSAGE][PASSED] - All options with index in [4] are selected on object 'Object Repository/DispensaryToCms/Page_Dispensary Store/select_--Select--Adernaline 0.'

2018-05-31 14:18:32 - [TEST_STEP][PASSED] - setText: Text '100' is set on object 'Object Repository/DispensaryToCms/Page_Dispensary Store/input_txttreat'

2018-05-31 14:18:32 - [MESSAGE][PASSED] - Text '100' is set on object 'Object Repository/DispensaryToCms/Page_Dispensary Store/input_txttreat'

2018-05-31 14:18:32 - [TEST_STEP][PASSED] - click: Object: 'Object Repository/DispensaryToCms/Page_Dispensary Store/button_Add' is clicked on

2018-05-31 14:18:32 - [MESSAGE][PASSED] - Object: 'Object Repository/DispensaryToCms/Page_Dispensary Store/button_Add' is clicked on

2018-05-31 14:18:32 - [TEST_STEP][PASSED] - delay: Delayed 1 second(s)

2018-05-31 14:18:33 - [MESSAGE][PASSED] - Delayed 1 second(s)

2018-05-31 14:18:33 - [TEST_STEP][PASSED] - selectOptionByIndex: All options with index in [11] are selected on object 'Object Repository/DispensaryToCms/Page_Dispensary Store/select_--Select--Schedule 1Inj'

2018-05-31 14:18:33 - [MESSAGE][PASSED] - All options with index in [11] are selected on object 'Object Repository/DispensaryToCms/Page_Dispensary Store/select_--Select--Schedule 1Inj'

2018-05-31 14:18:33 - [TEST_STEP][PASSED] - delay: Delayed 1 second(s)

2018-05-31 14:18:34 - [MESSAGE][PASSED] - Delayed 1 second(s)

2018-05-31 14:18:34 - [TEST_STEP][PASSED] - selectOptionByIndex: All options with index in [5] are selected on object 'Object Repository/DispensaryToCms/Page_Dispensary Store/select_--Select--Adernaline 0.'

2018-05-31 14:18:35 - [MESSAGE][PASSED] - All options with index in [5] are selected on object 'Object Repository/DispensaryToCms/Page_Dispensary Store/select_--Select--Adernaline 0.'

2018-05-31 14:18:35 - [TEST_STEP][PASSED] - setText: Text '100' is set on object 'Object Repository/DispensaryToCms/Page_Dispensary Store/input_txttreat'

2018-05-31 14:18:35 - [MESSAGE][PASSED] - Text '100' is set on object 'Object Repository/DispensaryToCms/Page_Dispensary Store/input_txttreat'

2018-05-31 14:18:35 - [TEST_STEP][PASSED] - click: Object: 'Object Repository/DispensaryToCms/Page_Dispensary Store/button_Add' is clicked on

2018-05-31 14:18:35 - [MESSAGE][PASSED] - Object: 'Object Repository/DispensaryToCms/Page_Dispensary Store/button_Add' is clicked on

2018-05-31 14:18:35 - [TEST_STEP][PASSED] - delay: Delayed 1 second(s)

2018-05-31 14:18:36 - [MESSAGE][PASSED] - Delayed 1 second(s)

2018-05-31 14:18:36 - [TEST_STEP][PASSED] - selectOptionByIndex: All options with index in [11] are selected on object 'Object Repository/DispensaryToCms/Page_Dispensary Store/select_--Select--Schedule 1Inj'

2018-05-31 14:18:36 - [MESSAGE][PASSED] - All options with index in [11] are selected on object 'Object Repository/DispensaryToCms/Page_Dispensary Store/select_--Select--Schedule 1Inj'

2018-05-31 14:18:36 - [TEST_STEP][PASSED] - delay: Delayed 1 second(s)

2018-05-31 14:18:37 - [MESSAGE][PASSED] - Delayed 1 second(s)

2018-05-31 14:18:37 - [TEST_STEP][PASSED] - selectOptionByIndex: All options with index in [6] are selected on object 'Object Repository/DispensaryToCms/Page_Dispensary Store/select_--Select--Adernaline 0.'

2018-05-31 14:18:37 - [MESSAGE][PASSED] - All options with index in [6] are selected on object 'Object Repository/DispensaryToCms/Page_Dispensary Store/select_--Select--Adernaline 0.'

2018-05-31 14:18:37 - [TEST_STEP][PASSED] - setText: Text '100' is set on object 'Object Repository/DispensaryToCms/Page_Dispensary Store/input_txttreat'

2018-05-31 14:18:37 - [MESSAGE][PASSED] - Text '100' is set on object 'Object Repository/DispensaryToCms/Page_Dispensary Store/input_txttreat'

2018-05-31 14:18:37 - [TEST_STEP][PASSED] - click: Object: 'Object Repository/DispensaryToCms/Page_Dispensary Store/button_Add' is clicked on

2018-05-31 14:18:37 - [MESSAGE][PASSED] - Object: 'Object Repository/DispensaryToCms/Page_Dispensary Store/button_Add' is clicked on

2018-05-31 14:18:37 - [TEST_STEP][PASSED] - delay: Delayed 1 second(s)

2018-05-31 14:18:38 - [MESSAGE][PASSED] - Delayed 1 second(s)

2018-05-31 14:18:38 - [TEST_STEP][PASSED] - selectOptionByIndex: All options with index in [11] are selected on object 'Object Repository/DispensaryToCms/Page_Dispensary Store/select_--Select--Schedule 1Inj'

2018-05-31 14:18:39 - [MESSAGE][PASSED] - All options with index in [11] are selected on object 'Object Repository/DispensaryToCms/Page_Dispensary Store/select_--Select--Schedule 1Inj'

2018-05-31 14:18:39 - [TEST_STEP][PASSED] - delay: Delayed 1 second(s)

2018-05-31 14:18:40 - [MESSAGE][PASSED] - Delayed 1 second(s)

2018-05-31 14:18:40 - [TEST_STEP][PASSED] - selectOptionByIndex: All options with index in [7] are selected on object 'Object Repository/DispensaryToCms/Page_Dispensary Store/select_--Select--Adernaline 0.'

2018-05-31 14:18:40 - [MESSAGE][PASSED] - All options with index in [7] are selected on object 'Object Repository/DispensaryToCms/Page_Dispensary Store/select_--Select--Adernaline 0.'

2018-05-31 14:18:40 - [TEST_STEP][PASSED] - setText: Text '100' is set on object 'Object Repository/DispensaryToCms/Page_Dispensary Store/input_txttreat'

2018-05-31 14:18:40 - [MESSAGE][PASSED] - Text '100' is set on object 'Object Repository/DispensaryToCms/Page_Dispensary Store/input_txttreat'

2018-05-31 14:18:40 - [TEST_STEP][PASSED] - click: Object: 'Object Repository/DispensaryToCms/Page_Dispensary Store/button_Add' is clicked on

2018-05-31 14:18:40 - [MESSAGE][PASSED] - Object: 'Object Repository/DispensaryToCms/Page_Dispensary Store/button_Add' is clicked on

2018-05-31 14:18:40 - [TEST_STEP][PASSED] - delay: Delayed 1 second(s)

2018-05-31 14:18:41 - [MESSAGE][PASSED] - Delayed 1 second(s)

2018-05-31 14:18:41 - [TEST_STEP][PASSED] - selectOptionByIndex: All options with index in [11] are selected on object 'Object Repository/DispensaryToCms/Page_Dispensary Store/select_--Select--Schedule 1Inj'

2018-05-31 14:18:41 - [MESSAGE][PASSED] - All options with index in [11] are selected on object 'Object Repository/DispensaryToCms/Page_Dispensary Store/select_--Select--Schedule 1Inj'

2018-05-31 14:18:41 - [TEST_STEP][PASSED] - delay: Delayed 1 second(s)

2018-05-31 14:18:42 - [MESSAGE][PASSED] - Delayed 1 second(s)

2018-05-31 14:18:42 - [TEST_STEP][PASSED] - selectOptionByIndex: All options with index in [8] are selected on object 'Object Repository/DispensaryToCms/Page_Dispensary Store/select_--Select--Adernaline 0.'

2018-05-31 14:18:43 - [MESSAGE][PASSED] - All options with index in [8] are selected on object 'Object Repository/DispensaryToCms/Page_Dispensary Store/select_--Select--Adernaline 0.'

2018-05-31 14:18:43 - [TEST_STEP][PASSED] - setText: Text '100' is set on object 'Object Repository/DispensaryToCms/Page_Dispensary Store/input_txttreat'

2018-05-31 14:18:43 - [MESSAGE][PASSED] - Text '100' is set on object 'Object Repository/DispensaryToCms/Page_Dispensary Store/input_txttreat'

2018-05-31 14:18:43 - [TEST_STEP][PASSED] - click: Object: 'Object Repository/DispensaryToCms/Page_Dispensary Store/button_Add' is clicked on

2018-05-31 14:18:43 - [MESSAGE][PASSED] - Object: 'Object Repository/DispensaryToCms/Page_Dispensary Store/button_Add' is clicked on

2018-05-31 14:18:43 - [TEST_STEP][PASSED] - delay: Delayed 1 second(s)

2018-05-31 14:18:44 - [MESSAGE][PASSED] - Delayed 1 second(s)

2018-05-31 14:18:44 - [TEST_STEP][PASSED] - selectOptionByIndex: All options with index in [11] are selected on object 'Object Repository/DispensaryToCms/Page_Dispensary Store/select_--Select--Schedule 1Inj'

2018-05-31 14:18:44 - [MESSAGE][PASSED] - All options with index in [11] are selected on object 'Object Repository/DispensaryToCms/Page_Dispensary Store/select_--Select--Schedule 1Inj'

2018-05-31 14:18:44 - [TEST_STEP][PASSED] - delay: Delayed 1 second(s)

2018-05-31 14:18:45 - [MESSAGE][PASSED] - Delayed 1 second(s)

2018-05-31 14:18:45 - [TEST_STEP][PASSED] - selectOptionByIndex: All options with index in [9] are selected on object 'Object Repository/DispensaryToCms/Page_Dispensary Store/select_--Select--Adernaline 0.'

2018-05-31 14:18:45 - [MESSAGE][PASSED] - All options with index in [9] are selected on object 'Object Repository/DispensaryToCms/Page_Dispensary Store/select_--Select--Adernaline 0.'

2018-05-31 14:18:45 - [TEST_STEP][PASSED] - setText: Text '100' is set on object 'Object Repository/DispensaryToCms/Page_Dispensary Store/input_txttreat'

2018-05-31 14:18:45 - [MESSAGE][PASSED] - Text '100' is set on object 'Object Repository/DispensaryToCms/Page_Dispensary Store/input_txttreat'

2018-05-31 14:18:45 - [TEST_STEP][PASSED] - click: Object: 'Object Repository/DispensaryToCms/Page_Dispensary Store/button_Add' is clicked on

2018-05-31 14:18:45 - [MESSAGE][PASSED] - Object: 'Object Repository/DispensaryToCms/Page_Dispensary Store/button_Add' is clicked on

2018-05-31 14:18:45 - [TEST_STEP][PASSED] - delay: Delayed 1 second(s)

2018-05-31 14:18:46 - [MESSAGE][PASSED] - Delayed 1 second(s)

2018-05-31 14:18:46 - [TEST_STEP][PASSED] - selectOptionByIndex: All options with index in [11] are selected on object 'Object Repository/DispensaryToCms/Page_Dispensary Store/select_--Select--Schedule 1Inj'

2018-05-31 14:18:47 - [MESSAGE][PASSED] - All options with index in [11] are selected on object 'Object Repository/DispensaryToCms/Page_Dispensary Store/select_--Select--Schedule 1Inj'

2018-05-31 14:18:47 - [TEST_STEP][PASSED] - delay: Delayed 1 second(s)

2018-05-31 14:18:48 - [MESSAGE][PASSED] - Delayed 1 second(s)

2018-05-31 14:18:48 - [TEST_STEP][PASSED] - selectOptionByIndex: All options with index in [10] are selected on object 'Object Repository/DispensaryToCms/Page_Dispensary Store/select_--Select--Adernaline 0.'

2018-05-31 14:18:48 - [MESSAGE][PASSED] - All options with index in [10] are selected on object 'Object Repository/DispensaryToCms/Page_Dispensary Store/select_--Select--Adernaline 0.'

2018-05-31 14:18:48 - [TEST_STEP][PASSED] - setText: Text '100' is set on object 'Object Repository/DispensaryToCms/Page_Dispensary Store/input_txttreat'

2018-05-31 14:18:48 - [MESSAGE][PASSED] - Text '100' is set on object 'Object Repository/DispensaryToCms/Page_Dispensary Store/input_txttreat'

2018-05-31 14:18:48 - [TEST_STEP][PASSED] - click: Object: 'Object Repository/DispensaryToCms/Page_Dispensary Store/button_Add' is clicked on

2018-05-31 14:18:48 - [MESSAGE][PASSED] - Object: 'Object Repository/DispensaryToCms/Page_Dispensary Store/button_Add' is clicked on

2018-05-31 14:18:48 - [TEST_STEP][PASSED] - delay: Delayed 1 second(s)

2018-05-31 14:18:49 - [MESSAGE][PASSED] - Delayed 1 second(s)

2018-05-31 14:18:49 - [TEST_STEP][PASSED] - selectOptionByIndex: All options with index in [11] are selected on object 'Object Repository/DispensaryToCms/Page_Dispensary Store/select_--Select--Schedule 1Inj'

2018-05-31 14:18:49 - [MESSAGE][PASSED] - All options with index in [11] are selected on object 'Object Repository/DispensaryToCms/Page_Dispensary Store/select_--Select--Schedule 1Inj'

2018-05-31 14:18:49 - [TEST_STEP][PASSED] - delay: Delayed 1 second(s)

2018-05-31 14:18:50 - [MESSAGE][PASSED] - Delayed 1 second(s)

2018-05-31 14:18:50 - [TEST_STEP][PASSED] - selectOptionByIndex: All options with index in [11] are selected on object 'Object Repository/DispensaryToCms/Page_Dispensary Store/select_--Select--Adernaline 0.'

2018-05-31 14:18:51 - [MESSAGE][PASSED] - All options with index in [11] are selected on object 'Object Repository/DispensaryToCms/Page_Dispensary Store/select_--Select--Adernaline 0.'

2018-05-31 14:18:51 - [TEST_STEP][PASSED] - setText: Text '100' is set on object 'Object Repository/DispensaryToCms/Page_Dispensary Store/input_txttreat'

2018-05-31 14:18:51 - [MESSAGE][PASSED] - Text '100' is set on object 'Object Repository/DispensaryToCms/Page_Dispensary Store/input_txttreat'

2018-05-31 14:18:51 - [TEST_STEP][PASSED] - click: Object: 'Object Repository/DispensaryToCms/Page_Dispensary Store/button_Add' is clicked on

2018-05-31 14:18:51 - [MESSAGE][PASSED] - Object: 'Object Repository/DispensaryToCms/Page_Dispensary Store/button_Add' is clicked on

2018-05-31 14:18:51 - [TEST_STEP][PASSED] - delay: Delayed 1 second(s)

2018-05-31 14:18:52 - [MESSAGE][PASSED] - Delayed 1 second(s)

2018-05-31 14:18:52 - [TEST_STEP][PASSED] - selectOptionByIndex: All options with index in [11] are selected on object 'Object Repository/DispensaryToCms/Page_Dispensary Store/select_--Select--Schedule 1Inj'

2018-05-31 14:18:52 - [MESSAGE][PASSED] - All options with index in [11] are selected on object 'Object Repository/DispensaryToCms/Page_Dispensary Store/select_--Select--Schedule 1Inj'

2018-05-31 14:18:52 - [TEST_STEP][PASSED] - delay: Delayed 1 second(s)

2018-05-31 14:18:53 - [MESSAGE][PASSED] - Delayed 1 second(s)

2018-05-31 14:18:53 - [TEST_STEP][PASSED] - selectOptionByIndex: All options with index in [12] are selected on object 'Object Repository/DispensaryToCms/Page_Dispensary Store/select_--Select--Adernaline 0.'

2018-05-31 14:18:53 - [MESSAGE][PASSED] - All options with index in [12] are selected on object 'Object Repository/DispensaryToCms/Page_Dispensary Store/select_--Select--Adernaline 0.'

2018-05-31 14:18:53 - [TEST_STEP][PASSED] - setText: Text '100' is set on object 'Object Repository/DispensaryToCms/Page_Dispensary Store/input_txttreat'

2018-05-31 14:18:53 - [MESSAGE][PASSED] - Text '100' is set on object 'Object Repository/DispensaryToCms/Page_Dispensary Store/input_txttreat'

2018-05-31 14:18:53 - [TEST_STEP][PASSED] - click: Object: 'Object Repository/DispensaryToCms/Page_Dispensary Store/button_Add' is clicked on

2018-05-31 14:18:53 - [MESSAGE][PASSED] - Object: 'Object Repository/DispensaryToCms/Page_Dispensary Store/button_Add' is clicked on

2018-05-31 14:18:53 - [TEST_STEP][PASSED] - delay: Delayed 1 second(s)

2018-05-31 14:18:54 - [MESSAGE][PASSED] - Delayed 1 second(s)

2018-05-31 14:18:54 - [TEST_STEP][PASSED] - selectOptionByIndex: All options with index in [11] are selected on object 'Object Repository/DispensaryToCms/Page_Dispensary Store/select_--Select--Schedule 1Inj'

2018-05-31 14:18:55 - [MESSAGE][PASSED] - All options with index in [11] are selected on object 'Object Repository/DispensaryToCms/Page_Dispensary Store/select_--Select--Schedule 1Inj'

2018-05-31 14:18:55 - [TEST_STEP][PASSED] - delay: Delayed 1 second(s)

2018-05-31 14:18:56 - [MESSAGE][PASSED] - Delayed 1 second(s)

2018-05-31 14:18:56 - [TEST_STEP][PASSED] - selectOptionByIndex: All options with index in [13] are selected on object 'Object Repository/DispensaryToCms/Page_Dispensary Store/select_--Select--Adernaline 0.'

2018-05-31 14:18:56 - [MESSAGE][PASSED] - All options with index in [13] are selected on object 'Object Repository/DispensaryToCms/Page_Dispensary Store/select_--Select--Adernaline 0.'

2018-05-31 14:18:56 - [TEST_STEP][PASSED] - setText: Text '100' is set on object 'Object Repository/DispensaryToCms/Page_Dispensary Store/input_txttreat'

2018-05-31 14:18:56 - [MESSAGE][PASSED] - Text '100' is set on object 'Object Repository/DispensaryToCms/Page_Dispensary Store/input_txttreat'

2018-05-31 14:18:56 - [TEST_STEP][PASSED] - click: Object: 'Object Repository/DispensaryToCms/Page_Dispensary Store/button_Add' is clicked on

2018-05-31 14:18:56 - [MESSAGE][PASSED] - Object: 'Object Repository/DispensaryToCms/Page_Dispensary Store/button_Add' is clicked on

2018-05-31 14:18:56 - [TEST_STEP][PASSED] - delay: Delayed 1 second(s)

2018-05-31 14:18:57 - [MESSAGE][PASSED] - Delayed 1 second(s)

2018-05-31 14:18:57 - [TEST_STEP][PASSED] - selectOptionByIndex: All options with index in [11] are selected on object 'Object Repository/DispensaryToCms/Page_Dispensary Store/select_--Select--Schedule 1Inj'

2018-05-31 14:18:57 - [MESSAGE][PASSED] - All options with index in [11] are selected on object 'Object Repository/DispensaryToCms/Page_Dispensary Store/select_--Select--Schedule 1Inj'

2018-05-31 14:18:57 - [TEST_STEP][PASSED] - delay: Delayed 1 second(s)

2018-05-31 14:18:58 - [MESSAGE][PASSED] - Delayed 1 second(s)

2018-05-31 14:18:58 - [TEST_STEP][PASSED] - selectOptionByIndex: All options with index in [14] are selected on object 'Object Repository/DispensaryToCms/Page_Dispensary Store/select_--Select--Adernaline 0.'

2018-05-31 14:18:59 - [MESSAGE][PASSED] - All options with index in [14] are selected on object 'Object Repository/DispensaryToCms/Page_Dispensary Store/select_--Select--Adernaline 0.'

2018-05-31 14:18:59 - [TEST_STEP][PASSED] - setText: Text '100' is set on object 'Object Repository/DispensaryToCms/Page_Dispensary Store/input_txttreat'

2018-05-31 14:18:59 - [MESSAGE][PASSED] - Text '100' is set on object 'Object Repository/DispensaryToCms/Page_Dispensary Store/input_txttreat'

2018-05-31 14:18:59 - [TEST_STEP][PASSED] - click: Object: 'Object Repository/DispensaryToCms/Page_Dispensary Store/button_Add' is clicked on

2018-05-31 14:18:59 - [MESSAGE][PASSED] - Object: 'Object Repository/DispensaryToCms/Page_Dispensary Store/button_Add' is clicked on

2018-05-31 14:18:59 - [TEST_STEP][PASSED] - delay: Delayed 1 second(s)

2018-05-31 14:19:00 - [MESSAGE][PASSED] - Delayed 1 second(s)

2018-05-31 14:19:00 - [TEST_STEP][PASSED] - selectOptionByIndex: All options with index in [11] are selected on object 'Object Repository/DispensaryToCms/Page_Dispensary Store/select_--Select--Schedule 1Inj'

2018-05-31 14:19:00 - [MESSAGE][PASSED] - All options with index in [11] are selected on object 'Object Repository/DispensaryToCms/Page_Dispensary Store/select_--Select--Schedule 1Inj'

2018-05-31 14:19:00 - [TEST_STEP][PASSED] - delay: Delayed 1 second(s)

2018-05-31 14:19:01 - [MESSAGE][PASSED] - Delayed 1 second(s)

2018-05-31 14:19:01 - [TEST_STEP][PASSED] - selectOptionByIndex: All options with index in [15] are selected on object 'Object Repository/DispensaryToCms/Page_Dispensary Store/select_--Select--Adernaline 0.'

2018-05-31 14:19:01 - [MESSAGE][PASSED] - All options with index in [15] are selected on object 'Object Repository/DispensaryToCms/Page_Dispensary Store/select_--Select--Adernaline 0.'

2018-05-31 14:19:01 - [TEST_STEP][PASSED] - setText: Text '100' is set on object 'Object Repository/DispensaryToCms/Page_Dispensary Store/input_txttreat'

2018-05-31 14:19:01 - [MESSAGE][PASSED] - Text '100' is set on object 'Object Repository/DispensaryToCms/Page_Dispensary Store/input_txttreat'

2018-05-31 14:19:01 - [TEST_STEP][PASSED] - click: Object: 'Object Repository/DispensaryToCms/Page_Dispensary Store/button_Add' is clicked on

2018-05-31 14:19:02 - [MESSAGE][PASSED] - Object: 'Object Repository/DispensaryToCms/Page_Dispensary Store/button_Add' is clicked on

2018-05-31 14:19:02 - [TEST_STEP][PASSED] - delay: Delayed 1 second(s)

2018-05-31 14:19:03 - [MESSAGE][PASSED] - Delayed 1 second(s)

2018-05-31 14:19:03 - [TEST_STEP][PASSED] - selectOptionByIndex: All options with index in [11] are selected on object 'Object Repository/DispensaryToCms/Page_Dispensary Store/select_--Select--Schedule 1Inj'

2018-05-31 14:19:03 - [MESSAGE][PASSED] - All options with index in [11] are selected on object 'Object Repository/DispensaryToCms/Page_Dispensary Store/select_--Select--Schedule 1Inj'

2018-05-31 14:19:03 - [TEST_STEP][PASSED] - delay: Delayed 1 second(s)

2018-05-31 14:19:04 - [MESSAGE][PASSED] - Delayed 1 second(s)

2018-05-31 14:19:04 - [TEST_STEP][PASSED] - selectOptionByIndex: All options with index in [16] are selected on object 'Object Repository/DispensaryToCms/Page_Dispensary Store/select_--Select--Adernaline 0.'

2018-05-31 14:19:04 - [MESSAGE][PASSED] - All options with index in [16] are selected on object 'Object Repository/DispensaryToCms/Page_Dispensary Store/select_--Select--Adernaline 0.'

2018-05-31 14:19:04 - [TEST_STEP][PASSED] - setText: Text '100' is set on object 'Object Repository/DispensaryToCms/Page_Dispensary Store/input_txttreat'

2018-05-31 14:19:04 - [MESSAGE][PASSED] - Text '100' is set on object 'Object Repository/DispensaryToCms/Page_Dispensary Store/input_txttreat'

2018-05-31 14:19:04 - [TEST_STEP][PASSED] - click: Object: 'Object Repository/DispensaryToCms/Page_Dispensary Store/button_Add' is clicked on

2018-05-31 14:19:04 - [MESSAGE][PASSED] - Object: 'Object Repository/DispensaryToCms/Page_Dispensary Store/button_Add' is clicked on

2018-05-31 14:19:04 - [TEST_STEP][PASSED] - delay: Delayed 1 second(s)

2018-05-31 14:19:05 - [MESSAGE][PASSED] - Delayed 1 second(s)

2018-05-31 14:19:05 - [TEST_STEP][PASSED] - selectOptionByIndex: All options with index in [11] are selected on object 'Object Repository/DispensaryToCms/Page_Dispensary Store/select_--Select--Schedule 1Inj'

2018-05-31 14:19:06 - [MESSAGE][PASSED] - All options with index in [11] are selected on object 'Object Repository/DispensaryToCms/Page_Dispensary Store/select_--Select--Schedule 1Inj'

2018-05-31 14:19:06 - [TEST_STEP][PASSED] - delay: Delayed 1 second(s)

2018-05-31 14:19:07 - [MESSAGE][PASSED] - Delayed 1 second(s)

2018-05-31 14:19:07 - [TEST_STEP][PASSED] - selectOptionByIndex: All options with index in [17] are selected on object 'Object Repository/DispensaryToCms/Page_Dispensary Store/select_--Select--Adernaline 0.'

2018-05-31 14:19:07 - [MESSAGE][PASSED] - All options with index in [17] are selected on object 'Object Repository/DispensaryToCms/Page_Dispensary Store/select_--Select--Adernaline 0.'

2018-05-31 14:19:07 - [TEST_STEP][PASSED] - setText: Text '100' is set on object 'Object Repository/DispensaryToCms/Page_Dispensary Store/input_txttreat'

2018-05-31 14:19:07 - [MESSAGE][PASSED] - Text '100' is set on object 'Object Repository/DispensaryToCms/Page_Dispensary Store/input_txttreat'

2018-05-31 14:19:07 - [TEST_STEP][PASSED] - click: Object: 'Object Repository/DispensaryToCms/Page_Dispensary Store/button_Add' is clicked on

2018-05-31 14:19:07 - [MESSAGE][PASSED] - Object: 'Object Repository/DispensaryToCms/Page_Dispensary Store/button_Add' is clicked on

2018-05-31 14:19:07 - [TEST_STEP][PASSED] - delay: Delayed 1 second(s)

2018-05-31 14:19:08 - [MESSAGE][PASSED] - Delayed 1 second(s)

2018-05-31 14:19:08 - [TEST_STEP][PASSED] - selectOptionByIndex: All options with index in [11] are selected on object 'Object Repository/DispensaryToCms/Page_Dispensary Store/select_--Select--Schedule 1Inj'

2018-05-31 14:19:08 - [MESSAGE][PASSED] - All options with index in [11] are selected on object 'Object Repository/DispensaryToCms/Page_Dispensary Store/select_--Select--Schedule 1Inj'

2018-05-31 14:19:08 - [TEST_STEP][PASSED] - delay: Delayed 1 second(s)

2018-05-31 14:19:09 - [MESSAGE][PASSED] - Delayed 1 second(s)

2018-05-31 14:19:09 - [TEST_STEP][PASSED] - selectOptionByIndex: All options with index in [18] are selected on object 'Object Repository/DispensaryToCms/Page_Dispensary Store/select_--Select--Adernaline 0.'

2018-05-31 14:19:10 - [MESSAGE][PASSED] - All options with index in [18] are selected on object 'Object Repository/DispensaryToCms/Page_Dispensary Store/select_--Select--Adernaline 0.'

2018-05-31 14:19:10 - [TEST_STEP][PASSED] - setText: Text '100' is set on object 'Object Repository/DispensaryToCms/Page_Dispensary Store/input_txttreat'

2018-05-31 14:19:10 - [MESSAGE][PASSED] - Text '100' is set on object 'Object Repository/DispensaryToCms/Page_Dispensary Store/input_txttreat'

2018-05-31 14:19:10 - [TEST_STEP][PASSED] - click: Object: 'Object Repository/DispensaryToCms/Page_Dispensary Store/button_Add' is clicked on

2018-05-31 14:19:10 - [MESSAGE][PASSED] - Object: 'Object Repository/DispensaryToCms/Page_Dispensary Store/button_Add' is clicked on

2018-05-31 14:19:10 - [TEST_STEP][PASSED] - delay: Delayed 1 second(s)

2018-05-31 14:19:11 - [MESSAGE][PASSED] - Delayed 1 second(s)

2018-05-31 14:19:11 - [TEST_STEP][PASSED] - selectOptionByIndex: All options with index in [11] are selected on object 'Object Repository/DispensaryToCms/Page_Dispensary Store/select_--Select--Schedule 1Inj'

2018-05-31 14:19:11 - [MESSAGE][PASSED] - All options with index in [11] are selected on object 'Object Repository/DispensaryToCms/Page_Dispensary Store/select_--Select--Schedule 1Inj'

2018-05-31 14:19:11 - [TEST_STEP][PASSED] - delay: Delayed 1 second(s)

2018-05-31 14:19:12 - [MESSAGE][PASSED] - Delayed 1 second(s)

2018-05-31 14:19:12 - [TEST_STEP][PASSED] - selectOptionByIndex: All options with index in [19] are selected on object 'Object Repository/DispensaryToCms/Page_Dispensary Store/select_--Select--Adernaline 0.'

2018-05-31 14:19:12 - [MESSAGE][PASSED] - All options with index in [19] are selected on object 'Object Repository/DispensaryToCms/Page_Dispensary Store/select_--Select--Adernaline 0.'

2018-05-31 14:19:12 - [TEST_STEP][PASSED] - setText: Text '100' is set on object 'Object Repository/DispensaryToCms/Page_Dispensary Store/input_txttreat'

2018-05-31 14:19:13 - [MESSAGE][PASSED] - Text '100' is set on object 'Object Repository/DispensaryToCms/Page_Dispensary Store/input_txttreat'

2018-05-31 14:19:13 - [TEST_STEP][PASSED] - click: Object: 'Object Repository/DispensaryToCms/Page_Dispensary Store/button_Add' is clicked on

2018-05-31 14:19:13 - [MESSAGE][PASSED] - Object: 'Object Repository/DispensaryToCms/Page_Dispensary Store/button_Add' is clicked on

2018-05-31 14:19:13 - [TEST_STEP][PASSED] - delay: Delayed 1 second(s)

2018-05-31 14:19:14 - [MESSAGE][PASSED] - Delayed 1 second(s)

2018-05-31 14:19:14 - [TEST_STEP][PASSED] - selectOptionByIndex: All options with index in [11] are selected on object 'Object Repository/DispensaryToCms/Page_Dispensary Store/select_--Select--Schedule 1Inj'

2018-05-31 14:19:14 - [MESSAGE][PASSED] - All options with index in [11] are selected on object 'Object Repository/DispensaryToCms/Page_Dispensary Store/select_--Select--Schedule 1Inj'

2018-05-31 14:19:14 - [TEST_STEP][PASSED] - delay: Delayed 1 second(s)

2018-05-31 14:19:15 - [MESSAGE][PASSED] - Delayed 1 second(s)

2018-05-31 14:19:15 - [TEST_STEP][PASSED] - selectOptionByIndex: All options with index in [20] are selected on object 'Object Repository/DispensaryToCms/Page_Dispensary Store/select_--Select--Adernaline 0.'

2018-05-31 14:19:15 - [MESSAGE][PASSED] - All options with index in [20] are selected on object 'Object Repository/DispensaryToCms/Page_Dispensary Store/select_--Select--Adernaline 0.'

2018-05-31 14:19:15 - [TEST_STEP][PASSED] - setText: Text '100' is set on object 'Object Repository/DispensaryToCms/Page_Dispensary Store/input_txttreat'

2018-05-31 14:19:15 - [MESSAGE][PASSED] - Text '100' is set on object 'Object Repository/DispensaryToCms/Page_Dispensary Store/input_txttreat'

2018-05-31 14:19:15 - [TEST_STEP][PASSED] - click: Object: 'Object Repository/DispensaryToCms/Page_Dispensary Store/button_Add' is clicked on

2018-05-31 14:19:15 - [MESSAGE][PASSED] - Object: 'Object Repository/DispensaryToCms/Page_Dispensary Store/button_Add' is clicked on

2018-05-31 14:19:15 - [TEST_STEP][PASSED] - delay: Delayed 1 second(s)

2018-05-31 14:19:16 - [MESSAGE][PASSED] - Delayed 1 second(s)

2018-05-31 14:19:16 - [TEST_STEP][PASSED] - selectOptionByIndex: All options with index in [11] are selected on object 'Object Repository/DispensaryToCms/Page_Dispensary Store/select_--Select--Schedule 1Inj'

2018-05-31 14:19:17 - [MESSAGE][PASSED] - All options with index in [11] are selected on object 'Object Repository/DispensaryToCms/Page_Dispensary Store/select_--Select--Schedule 1Inj'

2018-05-31 14:19:17 - [TEST_STEP][PASSED] - delay: Delayed 1 second(s)

2018-05-31 14:19:18 - [MESSAGE][PASSED] - Delayed 1 second(s)

2018-05-31 14:19:18 - [TEST_STEP][PASSED] - selectOptionByIndex: All options with index in [21] are selected on object 'Object Repository/DispensaryToCms/Page_Dispensary Store/select_--Select--Adernaline 0.'

2018-05-31 14:19:18 - [MESSAGE][PASSED] - All options with index in [21] are selected on object 'Object Repository/DispensaryToCms/Page_Dispensary Store/select_--Select--Adernaline 0.'

2018-05-31 14:19:18 - [TEST_STEP][PASSED] - setText: Text '100' is set on object 'Object Repository/DispensaryToCms/Page_Dispensary Store/input_txttreat'

2018-05-31 14:19:18 - [MESSAGE][PASSED] - Text '100' is set on object 'Object Repository/DispensaryToCms/Page_Dispensary Store/input_txttreat'

2018-05-31 14:19:18 - [TEST_STEP][PASSED] - click: Object: 'Object Repository/DispensaryToCms/Page_Dispensary Store/button_Add' is clicked on

2018-05-31 14:19:18 - [MESSAGE][PASSED] - Object: 'Object Repository/DispensaryToCms/Page_Dispensary Store/button_Add' is clicked on

2018-05-31 14:19:18 - [TEST_STEP][PASSED] - delay: Delayed 1 second(s)

2018-05-31 14:19:19 - [MESSAGE][PASSED] - Delayed 1 second(s)

2018-05-31 14:19:19 - [TEST_STEP][PASSED] - selectOptionByIndex: All options with index in [11] are selected on object 'Object Repository/DispensaryToCms/Page_Dispensary Store/select_--Select--Schedule 1Inj'

2018-05-31 14:19:19 - [MESSAGE][PASSED] - All options with index in [11] are selected on object 'Object Repository/DispensaryToCms/Page_Dispensary Store/select_--Select--Schedule 1Inj'

2018-05-31 14:19:19 - [TEST_STEP][PASSED] - delay: Delayed 1 second(s)

2018-05-31 14:19:20 - [MESSAGE][PASSED] - Delayed 1 second(s)

2018-05-31 14:19:20 - [TEST_STEP][PASSED] - selectOptionByIndex: All options with index in [22] are selected on object 'Object Repository/DispensaryToCms/Page_Dispensary Store/select_--Select--Adernaline 0.'

2018-05-31 14:19:21 - [MESSAGE][PASSED] - All options with index in [22] are selected on object 'Object Repository/DispensaryToCms/Page_Dispensary Store/select_--Select--Adernaline 0.'

2018-05-31 14:19:21 - [TEST_STEP][PASSED] - setText: Text '100' is set on object 'Object Repository/DispensaryToCms/Page_Dispensary Store/input_txttreat'

2018-05-31 14:19:21 - [MESSAGE][PASSED] - Text '100' is set on object 'Object Repository/DispensaryToCms/Page_Dispensary Store/input_txttreat'

2018-05-31 14:19:21 - [TEST_STEP][PASSED] - click: Object: 'Object Repository/DispensaryToCms/Page_Dispensary Store/button_Add' is clicked on

2018-05-31 14:19:21 - [MESSAGE][PASSED] - Object: 'Object Repository/DispensaryToCms/Page_Dispensary Store/button_Add' is clicked on

2018-05-31 14:19:21 - [TEST_STEP][PASSED] - delay: Delayed 1 second(s)

2018-05-31 14:19:22 - [MESSAGE][PASSED] - Delayed 1 second(s)

2018-05-31 14:19:22 - [TEST_STEP][PASSED] - selectOptionByIndex: All options with index in [11] are selected on object 'Object Repository/DispensaryToCms/Page_Dispensary Store/select_--Select--Schedule 1Inj'

2018-05-31 14:19:22 - [MESSAGE][PASSED] - All options with index in [11] are selected on object 'Object Repository/DispensaryToCms/Page_Dispensary Store/select_--Select--Schedule 1Inj'

2018-05-31 14:19:22 - [TEST_STEP][PASSED] - delay: Delayed 1 second(s)

2018-05-31 14:19:23 - [MESSAGE][PASSED] - Delayed 1 second(s)

2018-05-31 14:19:23 - [TEST_STEP][PASSED] - selectOptionByIndex: All options with index in [23] are selected on object 'Object Repository/DispensaryToCms/Page_Dispensary Store/select_--Select--Adernaline 0.'

2018-05-31 14:19:24 - [MESSAGE][PASSED] - All options with index in [23] are selected on object 'Object Repository/DispensaryToCms/Page_Dispensary Store/select_--Select--Adernaline 0.'

2018-05-31 14:19:24 - [TEST_STEP][PASSED] - setText: Text '100' is set on object 'Object Repository/DispensaryToCms/Page_Dispensary Store/input_txttreat'

2018-05-31 14:19:24 - [MESSAGE][PASSED] - Text '100' is set on object 'Object Repository/DispensaryToCms/Page_Dispensary Store/input_txttreat'

2018-05-31 14:19:24 - [TEST_STEP][PASSED] - click: Object: 'Object Repository/DispensaryToCms/Page_Dispensary Store/button_Add' is clicked on

2018-05-31 14:19:24 - [MESSAGE][PASSED] - Object: 'Object Repository/DispensaryToCms/Page_Dispensary Store/button_Add' is clicked on

2018-05-31 14:19:24 - [TEST_STEP][PASSED] - delay: Delayed 1 second(s)

2018-05-31 14:19:25 - [MESSAGE][PASSED] - Delayed 1 second(s)

2018-05-31 14:19:25 - [TEST_STEP][PASSED] - selectOptionByIndex: All options with index in [11] are selected on object 'Object Repository/DispensaryToCms/Page_Dispensary Store/select_--Select--Schedule 1Inj'

2018-05-31 14:19:25 - [MESSAGE][PASSED] - All options with index in [11] are selected on object 'Object Repository/DispensaryToCms/Page_Dispensary Store/select_--Select--Schedule 1Inj'

2018-05-31 14:19:25 - [TEST_STEP][PASSED] - delay: Delayed 1 second(s)

2018-05-31 14:19:26 - [MESSAGE][PASSED] - Delayed 1 second(s)

2018-05-31 14:19:26 - [TEST_STEP][PASSED] - selectOptionByIndex: All options with index in [24] are selected on object 'Object Repository/DispensaryToCms/Page_Dispensary Store/select_--Select--Adernaline 0.'

2018-05-31 14:19:26 - [MESSAGE][PASSED] - All options with index in [24] are selected on object 'Object Repository/DispensaryToCms/Page_Dispensary Store/select_--Select--Adernaline 0.'

2018-05-31 14:19:26 - [TEST_STEP][PASSED] - setText: Text '100' is set on object 'Object Repository/DispensaryToCms/Page_Dispensary Store/input_txttreat'

2018-05-31 14:19:27 - [MESSAGE][PASSED] - Text '100' is set on object 'Object Repository/DispensaryToCms/Page_Dispensary Store/input_txttreat'

2018-05-31 14:19:27 - [TEST_STEP][PASSED] - click: Object: 'Object Repository/DispensaryToCms/Page_Dispensary Store/button_Add' is clicked on

2018-05-31 14:19:27 - [MESSAGE][PASSED] - Object: 'Object Repository/DispensaryToCms/Page_Dispensary Store/button_Add' is clicked on

2018-05-31 14:19:27 - [TEST_STEP][PASSED] - delay: Delayed 1 second(s)

2018-05-31 14:19:28 - [MESSAGE][PASSED] - Delayed 1 second(s)

2018-05-31 14:19:28 - [TEST_STEP][PASSED] - selectOptionByIndex: All options with index in [11] are selected on object 'Object Repository/DispensaryToCms/Page_Dispensary Store/select_--Select--Schedule 1Inj'

2018-05-31 14:19:28 - [MESSAGE][PASSED] - All options with index in [11] are selected on object 'Object Repository/DispensaryToCms/Page_Dispensary Store/select_--Select--Schedule 1Inj'

2018-05-31 14:19:28 - [TEST_STEP][PASSED] - delay: Delayed 1 second(s)

2018-05-31 14:19:29 - [MESSAGE][PASSED] - Delayed 1 second(s)

2018-05-31 14:19:29 - [TEST_STEP][PASSED] - selectOptionByIndex: All options with index in [25] are selected on object 'Object Repository/DispensaryToCms/Page_Dispensary Store/select_--Select--Adernaline 0.'

2018-05-31 14:19:29 - [MESSAGE][PASSED] - All options with index in [25] are selected on object 'Object Repository/DispensaryToCms/Page_Dispensary Store/select_--Select--Adernaline 0.'

2018-05-31 14:19:29 - [TEST_STEP][PASSED] - setText: Text '100' is set on object 'Object Repository/DispensaryToCms/Page_Dispensary Store/input_txttreat'

2018-05-31 14:19:29 - [MESSAGE][PASSED] - Text '100' is set on object 'Object Repository/DispensaryToCms/Page_Dispensary Store/input_txttreat'

2018-05-31 14:19:29 - [TEST_STEP][PASSED] - click: Object: 'Object Repository/DispensaryToCms/Page_Dispensary Store/button_Add' is clicked on

2018-05-31 14:19:29 - [MESSAGE][PASSED] - Object: 'Object Repository/DispensaryToCms/Page_Dispensary Store/button_Add' is clicked on

2018-05-31 14:19:29 - [TEST_STEP][PASSED] - delay: Delayed 1 second(s)

2018-05-31 14:19:30 - [MESSAGE][PASSED] - Delayed 1 second(s)

2018-05-31 14:19:30 - [TEST_STEP][PASSED] - selectOptionByIndex: All options with index in [11] are selected on object 'Object Repository/DispensaryToCms/Page_Dispensary Store/select_--Select--Schedule 1Inj'

2018-05-31 14:19:31 - [MESSAGE][PASSED] - All options with index in [11] are selected on object 'Object Repository/DispensaryToCms/Page_Dispensary Store/select_--Select--Schedule 1Inj'

2018-05-31 14:19:31 - [TEST_STEP][PASSED] - delay: Delayed 1 second(s)

2018-05-31 14:19:32 - [MESSAGE][PASSED] - Delayed 1 second(s)

2018-05-31 14:19:32 - [TEST_STEP][PASSED] - selectOptionByIndex: All options with index in [26] are selected on object 'Object Repository/DispensaryToCms/Page_Dispensary Store/select_--Select--Adernaline 0.'

2018-05-31 14:19:32 - [MESSAGE][PASSED] - All options with index in [26] are selected on object 'Object Repository/DispensaryToCms/Page_Dispensary Store/select_--Select--Adernaline 0.'

2018-05-31 14:19:32 - [TEST_STEP][PASSED] - setText: Text '100' is set on object 'Object Repository/DispensaryToCms/Page_Dispensary Store/input_txttreat'

2018-05-31 14:19:32 - [MESSAGE][PASSED] - Text '100' is set on object 'Object Repository/DispensaryToCms/Page_Dispensary Store/input_txttreat'

2018-05-31 14:19:32 - [TEST_STEP][PASSED] - click: Object: 'Object Repository/DispensaryToCms/Page_Dispensary Store/button_Add' is clicked on

2018-05-31 14:19:32 - [MESSAGE][PASSED] - Object: 'Object Repository/DispensaryToCms/Page_Dispensary Store/button_Add' is clicked on

2018-05-31 14:19:32 - [TEST_STEP][PASSED] - delay: Delayed 1 second(s)

2018-05-31 14:19:33 - [MESSAGE][PASSED] - Delayed 1 second(s)

2018-05-31 14:19:33 - [TEST_STEP][PASSED] - selectOptionByIndex: All options with index in [11] are selected on object 'Object Repository/DispensaryToCms/Page_Dispensary Store/select_--Select--Schedule 1Inj'

2018-05-31 14:19:34 - [MESSAGE][PASSED] - All options with index in [11] are selected on object 'Object Repository/DispensaryToCms/Page_Dispensary Store/select_--Select--Schedule 1Inj'

2018-05-31 14:19:34 - [TEST_STEP][PASSED] - delay: Delayed 1 second(s)

2018-05-31 14:19:35 - [MESSAGE][PASSED] - Delayed 1 second(s)

2018-05-31 14:19:35 - [TEST_STEP][PASSED] - selectOptionByIndex: All options with index in [27] are selected on object 'Object Repository/DispensaryToCms/Page_Dispensary Store/select_--Select--Adernaline 0.'

2018-05-31 14:19:35 - [MESSAGE][PASSED] - All options with index in [27] are selected on object 'Object Repository/DispensaryToCms/Page_Dispensary Store/select_--Select--Adernaline 0.'

2018-05-31 14:19:35 - [TEST_STEP][PASSED] - setText: Text '100' is set on object 'Object Repository/DispensaryToCms/Page_Dispensary Store/input_txttreat'

2018-05-31 14:19:35 - [MESSAGE][PASSED] - Text '100' is set on object 'Object Repository/DispensaryToCms/Page_Dispensary Store/input_txttreat'

2018-05-31 14:19:35 - [TEST_STEP][PASSED] - click: Object: 'Object Repository/DispensaryToCms/Page_Dispensary Store/button_Add' is clicked on

2018-05-31 14:19:35 - [MESSAGE][PASSED] - Object: 'Object Repository/DispensaryToCms/Page_Dispensary Store/button_Add' is clicked on

2018-05-31 14:19:35 - [TEST_STEP][PASSED] - delay: Delayed 1 second(s)

2018-05-31 14:19:36 - [MESSAGE][PASSED] - Delayed 1 second(s)

2018-05-31 14:19:36 - [TEST_STEP][PASSED] - selectOptionByIndex: All options with index in [11] are selected on object 'Object Repository/DispensaryToCms/Page_Dispensary Store/select_--Select--Schedule 1Inj'

2018-05-31 14:19:36 - [MESSAGE][PASSED] - All options with index in [11] are selected on object 'Object Repository/DispensaryToCms/Page_Dispensary Store/select_--Select--Schedule 1Inj'

2018-05-31 14:19:36 - [TEST_STEP][PASSED] - delay: Delayed 1 second(s)

2018-05-31 14:19:37 - [MESSAGE][PASSED] - Delayed 1 second(s)

2018-05-31 14:19:37 - [TEST_STEP][PASSED] - selectOptionByIndex: All options with index in [28] are selected on object 'Object Repository/DispensaryToCms/Page_Dispensary Store/select_--Select--Adernaline 0.'

2018-05-31 14:19:38 - [MESSAGE][PASSED] - All options with index in [28] are selected on object 'Object Repository/DispensaryToCms/Page_Dispensary Store/select_--Select--Adernaline 0.'

2018-05-31 14:19:38 - [TEST_STEP][PASSED] - setText: Text '100' is set on object 'Object Repository/DispensaryToCms/Page_Dispensary Store/input_txttreat'

2018-05-31 14:19:38 - [MESSAGE][PASSED] - Text '100' is set on object 'Object Repository/DispensaryToCms/Page_Dispensary Store/input_txttreat'

2018-05-31 14:19:38 - [TEST_STEP][PASSED] - click: Object: 'Object Repository/DispensaryToCms/Page_Dispensary Store/button_Add' is clicked on

2018-05-31 14:19:38 - [MESSAGE][PASSED] - Object: 'Object Repository/DispensaryToCms/Page_Dispensary Store/button_Add' is clicked on

2018-05-31 14:19:38 - [TEST_STEP][PASSED] - delay: Delayed 1 second(s)

2018-05-31 14:19:39 - [MESSAGE][PASSED] - Delayed 1 second(s)

2018-05-31 14:19:39 - [TEST_STEP][PASSED] - selectOptionByIndex: All options with index in [11] are selected on object 'Object Repository/DispensaryToCms/Page_Dispensary Store/select_--Select--Schedule 1Inj'

2018-05-31 14:19:39 - [MESSAGE][PASSED] - All options with index in [11] are selected on object 'Object Repository/DispensaryToCms/Page_Dispensary Store/select_--Select--Schedule 1Inj'

2018-05-31 14:19:39 - [TEST_STEP][PASSED] - delay: Delayed 1 second(s)

2018-05-31 14:19:40 - [MESSAGE][PASSED] - Delayed 1 second(s)

2018-05-31 14:19:40 - [TEST_STEP][PASSED] - selectOptionByIndex: All options with index in [29] are selected on object 'Object Repository/DispensaryToCms/Page_Dispensary Store/select_--Select--Adernaline 0.'

2018-05-31 14:19:41 - [MESSAGE][PASSED] - All options with index in [29] are selected on object 'Object Repository/DispensaryToCms/Page_Dispensary Store/select_--Select--Adernaline 0.'

2018-05-31 14:19:41 - [TEST_STEP][PASSED] - setText: Text '100' is set on object 'Object Repository/DispensaryToCms/Page_Dispensary Store/input_txttreat'

2018-05-31 14:19:41 - [MESSAGE][PASSED] - Text '100' is set on object 'Object Repository/DispensaryToCms/Page_Dispensary Store/input_txttreat'

2018-05-31 14:19:41 - [TEST_STEP][PASSED] - click: Object: 'Object Repository/DispensaryToCms/Page_Dispensary Store/button_Add' is clicked on

2018-05-31 14:19:41 - [MESSAGE][PASSED] - Object: 'Object Repository/DispensaryToCms/Page_Dispensary Store/button_Add' is clicked on

2018-05-31 14:19:41 - [TEST_STEP][PASSED] - delay: Delayed 1 second(s)

2018-05-31 14:19:42 - [MESSAGE][PASSED] - Delayed 1 second(s)

2018-05-31 14:19:42 - [TEST_STEP][PASSED] - selectOptionByIndex: All options with index in [11] are selected on object 'Object Repository/DispensaryToCms/Page_Dispensary Store/select_--Select--Schedule 1Inj'

2018-05-31 14:19:42 - [MESSAGE][PASSED] - All options with index in [11] are selected on object 'Object Repository/DispensaryToCms/Page_Dispensary Store/select_--Select--Schedule 1Inj'

2018-05-31 14:19:42 - [TEST_STEP][PASSED] - delay: Delayed 1 second(s)

2018-05-31 14:19:43 - [MESSAGE][PASSED] - Delayed 1 second(s)

2018-05-31 14:19:43 - [TEST_STEP][PASSED] - selectOptionByIndex: All options with index in [30] are selected on object 'Object Repository/DispensaryToCms/Page_Dispensary Store/select_--Select--Adernaline 0.'

2018-05-31 14:19:44 - [MESSAGE][PASSED] - All options with index in [30] are selected on object 'Object Repository/DispensaryToCms/Page_Dispensary Store/select_--Select--Adernaline 0.'

2018-05-31 14:19:44 - [TEST_STEP][PASSED] - setText: Text '100' is set on object 'Object Repository/DispensaryToCms/Page_Dispensary Store/input_txttreat'

2018-05-31 14:19:44 - [MESSAGE][PASSED] - Text '100' is set on object 'Object Repository/DispensaryToCms/Page_Dispensary Store/input_txttreat'

2018-05-31 14:19:44 - [TEST_STEP][PASSED] - click: Object: 'Object Repository/DispensaryToCms/Page_Dispensary Store/button_Add' is clicked on

2018-05-31 14:19:44 - [MESSAGE][PASSED] - Object: 'Object Repository/DispensaryToCms/Page_Dispensary Store/button_Add' is clicked on

2018-05-31 14:19:44 - [TEST_STEP][PASSED] - delay: Delayed 1 second(s)

2018-05-31 14:19:45 - [MESSAGE][PASSED] - Delayed 1 second(s)

2018-05-31 14:19:45 - [TEST_STEP][PASSED] - selectOptionByIndex: All options with index in [11] are selected on object 'Object Repository/DispensaryToCms/Page_Dispensary Store/select_--Select--Schedule 1Inj'

2018-05-31 14:19:45 - [MESSAGE][PASSED] - All options with index in [11] are selected on object 'Object Repository/DispensaryToCms/Page_Dispensary Store/select_--Select--Schedule 1Inj'

2018-05-31 14:19:45 - [TEST_STEP][PASSED] - delay: Delayed 1 second(s)

2018-05-31 14:19:46 - [MESSAGE][PASSED] - Delayed 1 second(s)

2018-05-31 14:19:46 - [TEST_STEP][PASSED] - selectOptionByIndex: All options with index in [31] are selected on object 'Object Repository/DispensaryToCms/Page_Dispensary Store/select_--Select--Adernaline 0.'

2018-05-31 14:19:46 - [MESSAGE][PASSED] - All options with index in [31] are selected on object 'Object Repository/DispensaryToCms/Page_Dispensary Store/select_--Select--Adernaline 0.'

2018-05-31 14:19:46 - [TEST_STEP][PASSED] - setText: Text '100' is set on object 'Object Repository/DispensaryToCms/Page_Dispensary Store/input_txttreat'

2018-05-31 14:19:46 - [MESSAGE][PASSED] - Text '100' is set on object 'Object Repository/DispensaryToCms/Page_Dispensary Store/input_txttreat'

2018-05-31 14:19:46 - [TEST_STEP][PASSED] - click: Object: 'Object Repository/DispensaryToCms/Page_Dispensary Store/button_Add' is clicked on

2018-05-31 14:19:47 - [MESSAGE][PASSED] - Object: 'Object Repository/DispensaryToCms/Page_Dispensary Store/button_Add' is clicked on

2018-05-31 14:19:47 - [TEST_STEP][PASSED] - delay: Delayed 1 second(s)

2018-05-31 14:19:48 - [MESSAGE][PASSED] - Delayed 1 second(s)

2018-05-31 14:19:48 - [TEST_STEP][PASSED] - selectOptionByIndex: All options with index in [11] are selected on object 'Object Repository/DispensaryToCms/Page_Dispensary Store/select_--Select--Schedule 1Inj'

2018-05-31 14:19:48 - [MESSAGE][PASSED] - All options with index in [11] are selected on object 'Object Repository/DispensaryToCms/Page_Dispensary Store/select_--Select--Schedule 1Inj'

2018-05-31 14:19:48 - [TEST_STEP][PASSED] - delay: Delayed 1 second(s)

2018-05-31 14:19:49 - [MESSAGE][PASSED] - Delayed 1 second(s)

2018-05-31 14:19:49 - [TEST_STEP][PASSED] - selectOptionByIndex: All options with index in [32] are selected on object 'Object Repository/DispensaryToCms/Page_Dispensary Store/select_--Select--Adernaline 0.'

2018-05-31 14:19:49 - [MESSAGE][PASSED] - All options with index in [32] are selected on object 'Object Repository/DispensaryToCms/Page_Dispensary Store/select_--Select--Adernaline 0.'

2018-05-31 14:19:49 - [TEST_STEP][PASSED] - setText: Text '100' is set on object 'Object Repository/DispensaryToCms/Page_Dispensary Store/input_txttreat'

2018-05-31 14:19:49 - [MESSAGE][PASSED] - Text '100' is set on object 'Object Repository/DispensaryToCms/Page_Dispensary Store/input_txttreat'

2018-05-31 14:19:49 - [TEST_STEP][PASSED] - click: Object: 'Object Repository/DispensaryToCms/Page_Dispensary Store/button_Add' is clicked on

2018-05-31 14:19:49 - [MESSAGE][PASSED] - Object: 'Object Repository/DispensaryToCms/Page_Dispensary Store/button_Add' is clicked on

2018-05-31 14:19:49 - [TEST_STEP][PASSED] - delay: Delayed 1 second(s)

2018-05-31 14:19:50 - [MESSAGE][PASSED] - Delayed 1 second(s)

2018-05-31 14:19:50 - [TEST_STEP][PASSED] - selectOptionByIndex: All options with index in [11] are selected on object 'Object Repository/DispensaryToCms/Page_Dispensary Store/select_--Select--Schedule 1Inj'

2018-05-31 14:19:51 - [MESSAGE][PASSED] - All options with index in [11] are selected on object 'Object Repository/DispensaryToCms/Page_Dispensary Store/select_--Select--Schedule 1Inj'

2018-05-31 14:19:51 - [TEST_STEP][PASSED] - delay: Delayed 1 second(s)

2018-05-31 14:19:52 - [MESSAGE][PASSED] - Delayed 1 second(s)

2018-05-31 14:19:52 - [TEST_STEP][PASSED] - selectOptionByIndex: All options with index in [33] are selected on object 'Object Repository/DispensaryToCms/Page_Dispensary Store/select_--Select--Adernaline 0.'

2018-05-31 14:19:52 - [MESSAGE][PASSED] - All options with index in [33] are selected on object 'Object Repository/DispensaryToCms/Page_Dispensary Store/select_--Select--Adernaline 0.'

2018-05-31 14:19:52 - [TEST_STEP][PASSED] - setText: Text '100' is set on object 'Object Repository/DispensaryToCms/Page_Dispensary Store/input_txttreat'

2018-05-31 14:19:52 - [MESSAGE][PASSED] - Text '100' is set on object 'Object Repository/DispensaryToCms/Page_Dispensary Store/input_txttreat'

2018-05-31 14:19:52 - [TEST_STEP][PASSED] - click: Object: 'Object Repository/DispensaryToCms/Page_Dispensary Store/button_Add' is clicked on

2018-05-31 14:19:52 - [MESSAGE][PASSED] - Object: 'Object Repository/DispensaryToCms/Page_Dispensary Store/button_Add' is clicked on

2018-05-31 14:19:52 - [TEST_STEP][PASSED] - delay: Delayed 1 second(s)

2018-05-31 14:19:53 - [MESSAGE][PASSED] - Delayed 1 second(s)

2018-05-31 14:19:53 - [TEST_STEP][PASSED] - selectOptionByIndex: All options with index in [11] are selected on object 'Object Repository/DispensaryToCms/Page_Dispensary Store/select_--Select--Schedule 1Inj'

2018-05-31 14:19:54 - [MESSAGE][PASSED] - All options with index in [11] are selected on object 'Object Repository/DispensaryToCms/Page_Dispensary Store/select_--Select--Schedule 1Inj'

2018-05-31 14:19:54 - [TEST_STEP][PASSED] - delay: Delayed 1 second(s)

2018-05-31 14:19:55 - [MESSAGE][PASSED] - Delayed 1 second(s)

2018-05-31 14:19:55 - [TEST_STEP][PASSED] - selectOptionByIndex: All options with index in [34] are selected on object 'Object Repository/DispensaryToCms/Page_Dispensary Store/select_--Select--Adernaline 0.'

2018-05-31 14:19:55 - [MESSAGE][PASSED] - All options with index in [34] are selected on object 'Object Repository/DispensaryToCms/Page_Dispensary Store/select_--Select--Adernaline 0.'

2018-05-31 14:19:55 - [TEST_STEP][PASSED] - setText: Text '100' is set on object 'Object Repository/DispensaryToCms/Page_Dispensary Store/input_txttreat'

2018-05-31 14:19:55 - [MESSAGE][PASSED] - Text '100' is set on object 'Object Repository/DispensaryToCms/Page_Dispensary Store/input_txttreat'

2018-05-31 14:19:55 - [TEST_STEP][PASSED] - click: Object: 'Object Repository/DispensaryToCms/Page_Dispensary Store/button_Add' is clicked on

2018-05-31 14:19:55 - [MESSAGE][PASSED] - Object: 'Object Repository/DispensaryToCms/Page_Dispensary Store/button_Add' is clicked on

2018-05-31 14:19:55 - [TEST_STEP][PASSED] - delay: Delayed 1 second(s)

2018-05-31 14:19:56 - [MESSAGE][PASSED] - Delayed 1 second(s)

2018-05-31 14:19:56 - [TEST_STEP][PASSED] - selectOptionByIndex: All options with index in [11] are selected on object 'Object Repository/DispensaryToCms/Page_Dispensary Store/select_--Select--Schedule 1Inj'

2018-05-31 14:19:56 - [MESSAGE][PASSED] - All options with index in [11] are selected on object 'Object Repository/DispensaryToCms/Page_Dispensary Store/select_--Select--Schedule 1Inj'

2018-05-31 14:19:56 - [TEST_STEP][PASSED] - delay: Delayed 1 second(s)

2018-05-31 14:19:57 - [MESSAGE][PASSED] - Delayed 1 second(s)

2018-05-31 14:19:57 - [TEST_STEP][PASSED] - selectOptionByIndex: All options with index in [35] are selected on object 'Object Repository/DispensaryToCms/Page_Dispensary Store/select_--Select--Adernaline 0.'

2018-05-31 14:19:58 - [MESSAGE][PASSED] - All options with index in [35] are selected on object 'Object Repository/DispensaryToCms/Page_Dispensary Store/select_--Select--Adernaline 0.'

2018-05-31 14:19:58 - [TEST_STEP][PASSED] - setText: Text '100' is set on object 'Object Repository/DispensaryToCms/Page_Dispensary Store/input_txttreat'

2018-05-31 14:19:58 - [MESSAGE][PASSED] - Text '100' is set on object 'Object Repository/DispensaryToCms/Page_Dispensary Store/input_txttreat'

2018-05-31 14:19:58 - [TEST_STEP][PASSED] - click: Object: 'Object Repository/DispensaryToCms/Page_Dispensary Store/button_Add' is clicked on

2018-05-31 14:19:58 - [MESSAGE][PASSED] - Object: 'Object Repository/DispensaryToCms/Page_Dispensary Store/button_Add' is clicked on

2018-05-31 14:19:58 - [TEST_STEP][PASSED] - delay: Delayed 1 second(s)

2018-05-31 14:19:59 - [MESSAGE][PASSED] - Delayed 1 second(s)

2018-05-31 14:19:59 - [TEST_STEP][PASSED] - selectOptionByIndex: All options with index in [11] are selected on object 'Object Repository/DispensaryToCms/Page_Dispensary Store/select_--Select--Schedule 1Inj'

2018-05-31 14:19:59 - [MESSAGE][PASSED] - All options with index in [11] are selected on object 'Object Repository/DispensaryToCms/Page_Dispensary Store/select_--Select--Schedule 1Inj'

2018-05-31 14:19:59 - [TEST_STEP][PASSED] - delay: Delayed 1 second(s)

2018-05-31 14:20:00 - [MESSAGE][PASSED] - Delayed 1 second(s)

2018-05-31 14:20:00 - [TEST_STEP][PASSED] - selectOptionByIndex: All options with index in [36] are selected on object 'Object Repository/DispensaryToCms/Page_Dispensary Store/select_--Select--Adernaline 0.'

2018-05-31 14:20:01 - [MESSAGE][PASSED] - All options with index in [36] are selected on object 'Object Repository/DispensaryToCms/Page_Dispensary Store/select_--Select--Adernaline 0.'

2018-05-31 14:20:01 - [TEST_STEP][PASSED] - setText: Text '100' is set on object 'Object Repository/DispensaryToCms/Page_Dispensary Store/input_txttreat'

2018-05-31 14:20:01 - [MESSAGE][PASSED] - Text '100' is set on object 'Object Repository/DispensaryToCms/Page_Dispensary Store/input_txttreat'

2018-05-31 14:20:01 - [TEST_STEP][PASSED] - click: Object: 'Object Repository/DispensaryToCms/Page_Dispensary Store/button_Add' is clicked on

2018-05-31 14:20:01 - [MESSAGE][PASSED] - Object: 'Object Repository/DispensaryToCms/Page_Dispensary Store/button_Add' is clicked on

2018-05-31 14:20:01 - [TEST_STEP][PASSED] - delay: Delayed 1 second(s)

2018-05-31 14:20:02 - [MESSAGE][PASSED] - Delayed 1 second(s)

2018-05-31 14:20:02 - [TEST_STEP][PASSED] - selectOptionByIndex: All options with index in [11] are selected on object 'Object Repository/DispensaryToCms/Page_Dispensary Store/select_--Select--Schedule 1Inj'

2018-05-31 14:20:02 - [MESSAGE][PASSED] - All options with index in [11] are selected on object 'Object Repository/DispensaryToCms/Page_Dispensary Store/select_--Select--Schedule 1Inj'

2018-05-31 14:20:02 - [TEST_STEP][PASSED] - delay: Delayed 1 second(s)

2018-05-31 14:20:03 - [MESSAGE][PASSED] - Delayed 1 second(s)

2018-05-31 14:20:03 - [TEST_STEP][PASSED] - selectOptionByIndex: All options with index in [37] are selected on object 'Object Repository/DispensaryToCms/Page_Dispensary Store/select_--Select--Adernaline 0.'

2018-05-31 14:20:04 - [MESSAGE][PASSED] - All options with index in [37] are selected on object 'Object Repository/DispensaryToCms/Page_Dispensary Store/select_--Select--Adernaline 0.'

2018-05-31 14:20:04 - [TEST_STEP][PASSED] - setText: Text '100' is set on object 'Object Repository/DispensaryToCms/Page_Dispensary Store/input_txttreat'

2018-05-31 14:20:04 - [MESSAGE][PASSED] - Text '100' is set on object 'Object Repository/DispensaryToCms/Page_Dispensary Store/input_txttreat'

2018-05-31 14:20:04 - [TEST_STEP][PASSED] - click: Object: 'Object Repository/DispensaryToCms/Page_Dispensary Store/button_Add' is clicked on

2018-05-31 14:20:04 - [MESSAGE][PASSED] - Object: 'Object Repository/DispensaryToCms/Page_Dispensary Store/button_Add' is clicked on

2018-05-31 14:20:04 - [TEST_STEP][PASSED] - delay: Delayed 1 second(s)

2018-05-31 14:20:05 - [MESSAGE][PASSED] - Delayed 1 second(s)

2018-05-31 14:20:05 - [TEST_STEP][PASSED] - selectOptionByIndex: All options with index in [11] are selected on object 'Object Repository/DispensaryToCms/Page_Dispensary Store/select_--Select--Schedule 1Inj'

2018-05-31 14:20:05 - [MESSAGE][PASSED] - All options with index in [11] are selected on object 'Object Repository/DispensaryToCms/Page_Dispensary Store/select_--Select--Schedule 1Inj'

2018-05-31 14:20:05 - [TEST_STEP][PASSED] - delay: Delayed 1 second(s)

2018-05-31 14:20:06 - [MESSAGE][PASSED] - Delayed 1 second(s)

2018-05-31 14:20:06 - [TEST_STEP][PASSED] - selectOptionByIndex: All options with index in [38] are selected on object 'Object Repository/DispensaryToCms/Page_Dispensary Store/select_--Select--Adernaline 0.'

2018-05-31 14:20:07 - [MESSAGE][PASSED] - All options with index in [38] are selected on object 'Object Repository/DispensaryToCms/Page_Dispensary Store/select_--Select--Adernaline 0.'

2018-05-31 14:20:07 - [TEST_STEP][PASSED] - setText: Text '100' is set on object 'Object Repository/DispensaryToCms/Page_Dispensary Store/input_txttreat'

2018-05-31 14:20:07 - [MESSAGE][PASSED] - Text '100' is set on object 'Object Repository/DispensaryToCms/Page_Dispensary Store/input_txttreat'

2018-05-31 14:20:07 - [TEST_STEP][PASSED] - click: Object: 'Object Repository/DispensaryToCms/Page_Dispensary Store/button_Add' is clicked on

2018-05-31 14:20:07 - [MESSAGE][PASSED] - Object: 'Object Repository/DispensaryToCms/Page_Dispensary Store/button_Add' is clicked on

2018-05-31 14:20:07 - [TEST_STEP][PASSED] - delay: Delayed 1 second(s)

2018-05-31 14:20:08 - [MESSAGE][PASSED] - Delayed 1 second(s)

2018-05-31 14:20:08 - [TEST_STEP][PASSED] - selectOptionByIndex: All options with index in [11] are selected on object 'Object Repository/DispensaryToCms/Page_Dispensary Store/select_--Select--Schedule 1Inj'

2018-05-31 14:20:08 - [MESSAGE][PASSED] - All options with index in [11] are selected on object 'Object Repository/DispensaryToCms/Page_Dispensary Store/select_--Select--Schedule 1Inj'

2018-05-31 14:20:08 - [TEST_STEP][PASSED] - delay: Delayed 1 second(s)

2018-05-31 14:20:09 - [MESSAGE][PASSED] - Delayed 1 second(s)

2018-05-31 14:20:09 - [TEST_STEP][PASSED] - selectOptionByIndex: All options with index in [39] are selected on object 'Object Repository/DispensaryToCms/Page_Dispensary Store/select_--Select--Adernaline 0.'

2018-05-31 14:20:10 - [MESSAGE][PASSED] - All options with index in [39] are selected on object 'Object Repository/DispensaryToCms/Page_Dispensary Store/select_--Select--Adernaline 0.'

2018-05-31 14:20:10 - [TEST_STEP][PASSED] - setText: Text '100' is set on object 'Object Repository/DispensaryToCms/Page_Dispensary Store/input_txttreat'

2018-05-31 14:20:10 - [MESSAGE][PASSED] - Text '100' is set on object 'Object Repository/DispensaryToCms/Page_Dispensary Store/input_txttreat'

2018-05-31 14:20:10 - [TEST_STEP][PASSED] - click: Object: 'Object Repository/DispensaryToCms/Page_Dispensary Store/button_Add' is clicked on

2018-05-31 14:20:10 - [MESSAGE][PASSED] - Object: 'Object Repository/DispensaryToCms/Page_Dispensary Store/button_Add' is clicked on

2018-05-31 14:20:10 - [TEST_STEP][PASSED] - delay: Delayed 1 second(s)

2018-05-31 14:20:11 - [MESSAGE][PASSED] - Delayed 1 second(s)

2018-05-31 14:20:11 - [TEST_STEP][PASSED] - selectOptionByIndex: All options with index in [11] are selected on object 'Object Repository/DispensaryToCms/Page_Dispensary Store/select_--Select--Schedule 1Inj'

2018-05-31 14:20:11 - [MESSAGE][PASSED] - All options with index in [11] are selected on object 'Object Repository/DispensaryToCms/Page_Dispensary Store/select_--Select--Schedule 1Inj'

2018-05-31 14:20:11 - [TEST_STEP][PASSED] - delay: Delayed 1 second(s)

2018-05-31 14:20:12 - [MESSAGE][PASSED] - Delayed 1 second(s)

2018-05-31 14:20:12 - [TEST_STEP][PASSED] - selectOptionByIndex: All options with index in [40] are selected on object 'Object Repository/DispensaryToCms/Page_Dispensary Store/select_--Select--Adernaline 0.'

2018-05-31 14:20:13 - [MESSAGE][PASSED] - All options with index in [40] are selected on object 'Object Repository/DispensaryToCms/Page_Dispensary Store/select_--Select--Adernaline 0.'

2018-05-31 14:20:13 - [TEST_STEP][PASSED] - setText: Text '100' is set on object 'Object Repository/DispensaryToCms/Page_Dispensary Store/input_txttreat'

2018-05-31 14:20:13 - [MESSAGE][PASSED] - Text '100' is set on object 'Object Repository/DispensaryToCms/Page_Dispensary Store/input_txttreat'

2018-05-31 14:20:13 - [TEST_STEP][PASSED] - click: Object: 'Object Repository/DispensaryToCms/Page_Dispensary Store/button_Add' is clicked on

2018-05-31 14:20:13 - [MESSAGE][PASSED] - Object: 'Object Repository/DispensaryToCms/Page_Dispensary Store/button_Add' is clicked on

2018-05-31 14:20:13 - [TEST_STEP][PASSED] - delay: Delayed 1 second(s)

2018-05-31 14:20:14 - [MESSAGE][PASSED] - Delayed 1 second(s)

2018-05-31 14:20:14 - [TEST_STEP][PASSED] - selectOptionByIndex: All options with index in [11] are selected on object 'Object Repository/DispensaryToCms/Page_Dispensary Store/select_--Select--Schedule 1Inj'

2018-05-31 14:20:14 - [MESSAGE][PASSED] - All options with index in [11] are selected on object 'Object Repository/DispensaryToCms/Page_Dispensary Store/select_--Select--Schedule 1Inj'

2018-05-31 14:20:14 - [TEST_STEP][PASSED] - delay: Delayed 1 second(s)

2018-05-31 14:20:15 - [MESSAGE][PASSED] - Delayed 1 second(s)

2018-05-31 14:20:15 - [TEST_STEP][PASSED] - selectOptionByIndex: All options with index in [41] are selected on object 'Object Repository/DispensaryToCms/Page_Dispensary Store/select_--Select--Adernaline 0.'

2018-05-31 14:20:16 - [MESSAGE][PASSED] - All options with index in [41] are selected on object 'Object Repository/DispensaryToCms/Page_Dispensary Store/select_--Select--Adernaline 0.'

2018-05-31 14:20:16 - [TEST_STEP][PASSED] - setText: Text '100' is set on object 'Object Repository/DispensaryToCms/Page_Dispensary Store/input_txttreat'

2018-05-31 14:20:16 - [MESSAGE][PASSED] - Text '100' is set on object 'Object Repository/DispensaryToCms/Page_Dispensary Store/input_txttreat'

2018-05-31 14:20:16 - [TEST_STEP][PASSED] - click: Object: 'Object Repository/DispensaryToCms/Page_Dispensary Store/button_Add' is clicked on

2018-05-31 14:20:16 - [MESSAGE][PASSED] - Object: 'Object Repository/DispensaryToCms/Page_Dispensary Store/button_Add' is clicked on

2018-05-31 14:20:16 - [TEST_STEP][PASSED] - delay: Delayed 1 second(s)

2018-05-31 14:20:17 - [MESSAGE][PASSED] - Delayed 1 second(s)

2018-05-31 14:20:17 - [TEST_STEP][PASSED] - selectOptionByIndex: All options with index in [11] are selected on object 'Object Repository/DispensaryToCms/Page_Dispensary Store/select_--Select--Schedule 1Inj'

2018-05-31 14:20:17 - [MESSAGE][PASSED] - All options with index in [11] are selected on object 'Object Repository/DispensaryToCms/Page_Dispensary Store/select_--Select--Schedule 1Inj'

2018-05-31 14:20:17 - [TEST_STEP][PASSED] - delay: Delayed 1 second(s)

2018-05-31 14:20:18 - [MESSAGE][PASSED] - Delayed 1 second(s)

2018-05-31 14:20:18 - [TEST_STEP][PASSED] - selectOptionByIndex: All options with index in [42] are selected on object 'Object Repository/DispensaryToCms/Page_Dispensary Store/select_--Select--Adernaline 0.'

2018-05-31 14:20:19 - [MESSAGE][PASSED] - All options with index in [42] are selected on object 'Object Repository/DispensaryToCms/Page_Dispensary Store/select_--Select--Adernaline 0.'

2018-05-31 14:20:19 - [TEST_STEP][PASSED] - setText: Text '100' is set on object 'Object Repository/DispensaryToCms/Page_Dispensary Store/input_txttreat'

2018-05-31 14:20:19 - [MESSAGE][PASSED] - Text '100' is set on object 'Object Repository/DispensaryToCms/Page_Dispensary Store/input_txttreat'

2018-05-31 14:20:19 - [TEST_STEP][PASSED] - click: Object: 'Object Repository/DispensaryToCms/Page_Dispensary Store/button_Add' is clicked on

2018-05-31 14:20:19 - [MESSAGE][PASSED] - Object: 'Object Repository/DispensaryToCms/Page_Dispensary Store/button_Add' is clicked on

2018-05-31 14:20:19 - [TEST_STEP][PASSED] - delay: Delayed 1 second(s)

2018-05-31 14:20:20 - [MESSAGE][PASSED] - Delayed 1 second(s)

2018-05-31 14:20:20 - [TEST_STEP][PASSED] - selectOptionByIndex: All options with index in [11] are selected on object 'Object Repository/DispensaryToCms/Page_Dispensary Store/select_--Select--Schedule 1Inj'

2018-05-31 14:20:20 - [MESSAGE][PASSED] - All options with index in [11] are selected on object 'Object Repository/DispensaryToCms/Page_Dispensary Store/select_--Select--Schedule 1Inj'

2018-05-31 14:20:20 - [TEST_STEP][PASSED] - delay: Delayed 1 second(s)

2018-05-31 14:20:21 - [MESSAGE][PASSED] - Delayed 1 second(s)

2018-05-31 14:20:21 - [TEST_STEP][PASSED] - selectOptionByIndex: All options with index in [43] are selected on object 'Object Repository/DispensaryToCms/Page_Dispensary Store/select_--Select--Adernaline 0.'

2018-05-31 14:20:22 - [MESSAGE][PASSED] - All options with index in [43] are selected on object 'Object Repository/DispensaryToCms/Page_Dispensary Store/select_--Select--Adernaline 0.'

2018-05-31 14:20:22 - [TEST_STEP][PASSED] - setText: Text '100' is set on object 'Object Repository/DispensaryToCms/Page_Dispensary Store/input_txttreat'

2018-05-31 14:20:22 - [MESSAGE][PASSED] - Text '100' is set on object 'Object Repository/DispensaryToCms/Page_Dispensary Store/input_txttreat'

2018-05-31 14:20:22 - [TEST_STEP][PASSED] - click: Object: 'Object Repository/DispensaryToCms/Page_Dispensary Store/button_Add' is clicked on

2018-05-31 14:20:22 - [MESSAGE][PASSED] - Object: 'Object Repository/DispensaryToCms/Page_Dispensary Store/button_Add' is clicked on

2018-05-31 14:20:22 - [TEST_STEP][PASSED] - delay: Delayed 1 second(s)

2018-05-31 14:20:23 - [MESSAGE][PASSED] - Delayed 1 second(s)

2018-05-31 14:20:23 - [TEST_STEP][PASSED] - selectOptionByIndex: All options with index in [11] are selected on object 'Object Repository/DispensaryToCms/Page_Dispensary Store/select_--Select--Schedule 1Inj'

2018-05-31 14:20:23 - [MESSAGE][PASSED] - All options with index in [11] are selected on object 'Object Repository/DispensaryToCms/Page_Dispensary Store/select_--Select--Schedule 1Inj'

2018-05-31 14:20:23 - [TEST_STEP][PASSED] - delay: Delayed 1 second(s)

2018-05-31 14:20:24 - [MESSAGE][PASSED] - Delayed 1 second(s)

2018-05-31 14:20:24 - [TEST_STEP][PASSED] - selectOptionByIndex: All options with index in [44] are selected on object 'Object Repository/DispensaryToCms/Page_Dispensary Store/select_--Select--Adernaline 0.'

2018-05-31 14:20:25 - [MESSAGE][PASSED] - All options with index in [44] are selected on object 'Object Repository/DispensaryToCms/Page_Dispensary Store/select_--Select--Adernaline 0.'

2018-05-31 14:20:25 - [TEST_STEP][PASSED] - setText: Text '100' is set on object 'Object Repository/DispensaryToCms/Page_Dispensary Store/input_txttreat'

2018-05-31 14:20:25 - [MESSAGE][PASSED] - Text '100' is set on object 'Object Repository/DispensaryToCms/Page_Dispensary Store/input_txttreat'

2018-05-31 14:20:25 - [TEST_STEP][PASSED] - click: Object: 'Object Repository/DispensaryToCms/Page_Dispensary Store/button_Add' is clicked on

2018-05-31 14:20:25 - [MESSAGE][PASSED] - Object: 'Object Repository/DispensaryToCms/Page_Dispensary Store/button_Add' is clicked on

2018-05-31 14:20:25 - [TEST_STEP][PASSED] - delay: Delayed 1 second(s)

2018-05-31 14:20:26 - [MESSAGE][PASSED] - Delayed 1 second(s)

2018-05-31 14:20:26 - [TEST_STEP][PASSED] - selectOptionByIndex: All options with index in [11] are selected on object 'Object Repository/DispensaryToCms/Page_Dispensary Store/select_--Select--Schedule 1Inj'

2018-05-31 14:20:26 - [MESSAGE][PASSED] - All options with index in [11] are selected on object 'Object Repository/DispensaryToCms/Page_Dispensary Store/select_--Select--Schedule 1Inj'

2018-05-31 14:20:26 - [TEST_STEP][PASSED] - delay: Delayed 1 second(s)

2018-05-31 14:20:27 - [MESSAGE][PASSED] - Delayed 1 second(s)

2018-05-31 14:20:27 - [TEST_STEP][PASSED] - selectOptionByIndex: All options with index in [45] are selected on object 'Object Repository/DispensaryToCms/Page_Dispensary Store/select_--Select--Adernaline 0.'

2018-05-31 14:20:28 - [MESSAGE][PASSED] - All options with index in [45] are selected on object 'Object Repository/DispensaryToCms/Page_Dispensary Store/select_--Select--Adernaline 0.'

2018-05-31 14:20:28 - [TEST_STEP][PASSED] - setText: Text '100' is set on object 'Object Repository/DispensaryToCms/Page_Dispensary Store/input_txttreat'

2018-05-31 14:20:28 - [MESSAGE][PASSED] - Text '100' is set on object 'Object Repository/DispensaryToCms/Page_Dispensary Store/input_txttreat'

2018-05-31 14:20:28 - [TEST_STEP][PASSED] - click: Object: 'Object Repository/DispensaryToCms/Page_Dispensary Store/button_Add' is clicked on

2018-05-31 14:20:28 - [MESSAGE][PASSED] - Object: 'Object Repository/DispensaryToCms/Page_Dispensary Store/button_Add' is clicked on

2018-05-31 14:20:28 - [TEST_STEP][PASSED] - delay: Delayed 1 second(s)

2018-05-31 14:20:29 - [MESSAGE][PASSED] - Delayed 1 second(s)

2018-05-31 14:20:29 - [TEST_STEP][PASSED] - selectOptionByIndex: All options with index in [11] are selected on object 'Object Repository/DispensaryToCms/Page_Dispensary Store/select_--Select--Schedule 1Inj'

2018-05-31 14:20:29 - [MESSAGE][PASSED] - All options with index in [11] are selected on object 'Object Repository/DispensaryToCms/Page_Dispensary Store/select_--Select--Schedule 1Inj'

2018-05-31 14:20:29 - [TEST_STEP][PASSED] - delay: Delayed 1 second(s)

2018-05-31 14:20:30 - [MESSAGE][PASSED] - Delayed 1 second(s)

2018-05-31 14:20:30 - [TEST_STEP][PASSED] - selectOptionByIndex: All options with index in [46] are selected on object 'Object Repository/DispensaryToCms/Page_Dispensary Store/select_--Select--Adernaline 0.'

2018-05-31 14:20:31 - [MESSAGE][PASSED] - All options with index in [46] are selected on object 'Object Repository/DispensaryToCms/Page_Dispensary Store/select_--Select--Adernaline 0.'

2018-05-31 14:20:31 - [TEST_STEP][PASSED] - setText: Text '100' is set on object 'Object Repository/DispensaryToCms/Page_Dispensary Store/input_txttreat'

2018-05-31 14:20:31 - [MESSAGE][PASSED] - Text '100' is set on object 'Object Repository/DispensaryToCms/Page_Dispensary Store/input_txttreat'

2018-05-31 14:20:31 - [TEST_STEP][PASSED] - click: Object: 'Object Repository/DispensaryToCms/Page_Dispensary Store/button_Add' is clicked on

2018-05-31 14:20:31 - [MESSAGE][PASSED] - Object: 'Object Repository/DispensaryToCms/Page_Dispensary Store/button_Add' is clicked on

2018-05-31 14:20:31 - [TEST_STEP][PASSED] - delay: Delayed 1 second(s)

2018-05-31 14:20:32 - [MESSAGE][PASSED] - Delayed 1 second(s)

2018-05-31 14:20:32 - [TEST_STEP][PASSED] - selectOptionByIndex: All options with index in [11] are selected on object 'Object Repository/DispensaryToCms/Page_Dispensary Store/select_--Select--Schedule 1Inj'

2018-05-31 14:20:32 - [MESSAGE][PASSED] - All options with index in [11] are selected on object 'Object Repository/DispensaryToCms/Page_Dispensary Store/select_--Select--Schedule 1Inj'

2018-05-31 14:20:32 - [TEST_STEP][PASSED] - delay: Delayed 1 second(s)

2018-05-31 14:20:33 - [MESSAGE][PASSED] - Delayed 1 second(s)

2018-05-31 14:20:33 - [TEST_STEP][PASSED] - selectOptionByIndex: All options with index in [47] are selected on object 'Object Repository/DispensaryToCms/Page_Dispensary Store/select_--Select--Adernaline 0.'

2018-05-31 14:20:34 - [MESSAGE][PASSED] - All options with index in [47] are selected on object 'Object Repository/DispensaryToCms/Page_Dispensary Store/select_--Select--Adernaline 0.'

2018-05-31 14:20:34 - [TEST_STEP][PASSED] - setText: Text '100' is set on object 'Object Repository/DispensaryToCms/Page_Dispensary Store/input_txttreat'

2018-05-31 14:20:34 - [MESSAGE][PASSED] - Text '100' is set on object 'Object Repository/DispensaryToCms/Page_Dispensary Store/input_txttreat'

2018-05-31 14:20:34 - [TEST_STEP][PASSED] - click: Object: 'Object Repository/DispensaryToCms/Page_Dispensary Store/button_Add' is clicked on

2018-05-31 14:20:34 - [MESSAGE][PASSED] - Object: 'Object Repository/DispensaryToCms/Page_Dispensary Store/button_Add' is clicked on

2018-05-31 14:20:34 - [TEST_STEP][PASSED] - delay: Delayed 1 second(s)

2018-05-31 14:20:35 - [MESSAGE][PASSED] - Delayed 1 second(s)

2018-05-31 14:20:35 - [TEST_STEP][PASSED] - selectOptionByIndex: All options with index in [11] are selected on object 'Object Repository/DispensaryToCms/Page_Dispensary Store/select_--Select--Schedule 1Inj'

2018-05-31 14:20:35 - [MESSAGE][PASSED] - All options with index in [11] are selected on object 'Object Repository/DispensaryToCms/Page_Dispensary Store/select_--Select--Schedule 1Inj'

2018-05-31 14:20:35 - [TEST_STEP][PASSED] - delay: Delayed 1 second(s)

2018-05-31 14:20:36 - [MESSAGE][PASSED] - Delayed 1 second(s)

2018-05-31 14:20:36 - [TEST_STEP][PASSED] - selectOptionByIndex: All options with index in [48] are selected on object 'Object Repository/DispensaryToCms/Page_Dispensary Store/select_--Select--Adernaline 0.'

2018-05-31 14:20:37 - [MESSAGE][PASSED] - All options with index in [48] are selected on object 'Object Repository/DispensaryToCms/Page_Dispensary Store/select_--Select--Adernaline 0.'

2018-05-31 14:20:37 - [TEST_STEP][PASSED] - setText: Text '100' is set on object 'Object Repository/DispensaryToCms/Page_Dispensary Store/input_txttreat'

2018-05-31 14:20:37 - [MESSAGE][PASSED] - Text '100' is set on object 'Object Repository/DispensaryToCms/Page_Dispensary Store/input_txttreat'

2018-05-31 14:20:37 - [TEST_STEP][PASSED] - click: Object: 'Object Repository/DispensaryToCms/Page_Dispensary Store/button_Add' is clicked on

2018-05-31 14:20:37 - [MESSAGE][PASSED] - Object: 'Object Repository/DispensaryToCms/Page_Dispensary Store/button_Add' is clicked on

2018-05-31 14:20:37 - [TEST_STEP][PASSED] - delay: Delayed 1 second(s)

2018-05-31 14:20:38 - [MESSAGE][PASSED] - Delayed 1 second(s)

2018-05-31 14:20:38 - [TEST_STEP][PASSED] - selectOptionByIndex: All options with index in [11] are selected on object 'Object Repository/DispensaryToCms/Page_Dispensary Store/select_--Select--Schedule 1Inj'

2018-05-31 14:20:39 - [MESSAGE][PASSED] - All options with index in [11] are selected on object 'Object Repository/DispensaryToCms/Page_Dispensary Store/select_--Select--Schedule 1Inj'

2018-05-31 14:20:39 - [TEST_STEP][PASSED] - delay: Delayed 1 second(s)

2018-05-31 14:20:40 - [MESSAGE][PASSED] - Delayed 1 second(s)

2018-05-31 14:20:40 - [TEST_STEP][PASSED] - selectOptionByIndex: All options with index in [49] are selected on object 'Object Repository/DispensaryToCms/Page_Dispensary Store/select_--Select--Adernaline 0.'

2018-05-31 14:20:40 - [MESSAGE][PASSED] - All options with index in [49] are selected on object 'Object Repository/DispensaryToCms/Page_Dispensary Store/select_--Select--Adernaline 0.'

2018-05-31 14:20:40 - [TEST_STEP][PASSED] - setText: Text '100' is set on object 'Object Repository/DispensaryToCms/Page_Dispensary Store/input_txttreat'

2018-05-31 14:20:40 - [MESSAGE][PASSED] - Text '100' is set on object 'Object Repository/DispensaryToCms/Page_Dispensary Store/input_txttreat'

2018-05-31 14:20:40 - [TEST_STEP][PASSED] - click: Object: 'Object Repository/DispensaryToCms/Page_Dispensary Store/button_Add' is clicked on

2018-05-31 14:20:40 - [MESSAGE][PASSED] - Object: 'Object Repository/DispensaryToCms/Page_Dispensary Store/button_Add' is clicked on

2018-05-31 14:20:40 - [TEST_STEP][PASSED] - delay: Delayed 1 second(s)

2018-05-31 14:20:41 - [MESSAGE][PASSED] - Delayed 1 second(s)

2018-05-31 14:20:41 - [TEST_STEP][PASSED] - selectOptionByIndex: All options with index in [11] are selected on object 'Object Repository/DispensaryToCms/Page_Dispensary Store/select_--Select--Schedule 1Inj'

2018-05-31 14:20:42 - [MESSAGE][PASSED] - All options with index in [11] are selected on object 'Object Repository/DispensaryToCms/Page_Dispensary Store/select_--Select--Schedule 1Inj'

2018-05-31 14:20:42 - [TEST_STEP][PASSED] - delay: Delayed 1 second(s)

2018-05-31 14:20:43 - [MESSAGE][PASSED] - Delayed 1 second(s)

2018-05-31 14:20:43 - [TEST_STEP][PASSED] - selectOptionByIndex: All options with index in [50] are selected on object 'Object Repository/DispensaryToCms/Page_Dispensary Store/select_--Select--Adernaline 0.'

2018-05-31 14:20:43 - [MESSAGE][PASSED] - All options with index in [50] are selected on object 'Object Repository/DispensaryToCms/Page_Dispensary Store/select_--Select--Adernaline 0.'

2018-05-31 14:20:43 - [TEST_STEP][PASSED] - setText: Text '100' is set on object 'Object Repository/DispensaryToCms/Page_Dispensary Store/input_txttreat'

2018-05-31 14:20:43 - [MESSAGE][PASSED] - Text '100' is set on object 'Object Repository/DispensaryToCms/Page_Dispensary Store/input_txttreat'

2018-05-31 14:20:43 - [TEST_STEP][PASSED] - click: Object: 'Object Repository/DispensaryToCms/Page_Dispensary Store/button_Add' is clicked on

2018-05-31 14:20:43 - [MESSAGE][PASSED] - Object: 'Object Repository/DispensaryToCms/Page_Dispensary Store/button_Add' is clicked on

2018-05-31 14:20:43 - [TEST_STEP][PASSED] - delay: Delayed 1 second(s)

2018-05-31 14:20:44 - [MESSAGE][PASSED] - Delayed 1 second(s)

2018-05-31 14:20:44 - [TEST_STEP][PASSED] - selectOptionByIndex: All options with index in [11] are selected on object 'Object Repository/DispensaryToCms/Page_Dispensary Store/select_--Select--Schedule 1Inj'

2018-05-31 14:20:45 - [MESSAGE][PASSED] - All options with index in [11] are selected on object 'Object Repository/DispensaryToCms/Page_Dispensary Store/select_--Select--Schedule 1Inj'

2018-05-31 14:20:45 - [TEST_STEP][PASSED] - delay: Delayed 1 second(s)

2018-05-31 14:20:46 - [MESSAGE][PASSED] - Delayed 1 second(s)

2018-05-31 14:20:46 - [TEST_STEP][PASSED] - selectOptionByIndex: All options with index in [51] are selected on object 'Object Repository/DispensaryToCms/Page_Dispensary Store/select_--Select--Adernaline 0.'

2018-05-31 14:20:46 - [MESSAGE][PASSED] - All options with index in [51] are selected on object 'Object Repository/DispensaryToCms/Page_Dispensary Store/select_--Select--Adernaline 0.'

2018-05-31 14:20:46 - [TEST_STEP][PASSED] - setText: Text '100' is set on object 'Object Repository/DispensaryToCms/Page_Dispensary Store/input_txttreat'

2018-05-31 14:20:46 - [MESSAGE][PASSED] - Text '100' is set on object 'Object Repository/DispensaryToCms/Page_Dispensary Store/input_txttreat'

2018-05-31 14:20:46 - [TEST_STEP][PASSED] - click: Object: 'Object Repository/DispensaryToCms/Page_Dispensary Store/button_Add' is clicked on

2018-05-31 14:20:46 - [MESSAGE][PASSED] - Object: 'Object Repository/DispensaryToCms/Page_Dispensary Store/button_Add' is clicked on

2018-05-31 14:20:46 - [TEST_STEP][PASSED] - delay: Delayed 1 second(s)

2018-05-31 14:20:47 - [MESSAGE][PASSED] - Delayed 1 second(s)

2018-05-31 14:20:47 - [TEST_STEP][PASSED] - selectOptionByIndex: All options with index in [11] are selected on object 'Object Repository/DispensaryToCms/Page_Dispensary Store/select_--Select--Schedule 1Inj'

2018-05-31 14:20:48 - [MESSAGE][PASSED] - All options with index in [11] are selected on object 'Object Repository/DispensaryToCms/Page_Dispensary Store/select_--Select--Schedule 1Inj'

2018-05-31 14:20:48 - [TEST_STEP][PASSED] - delay: Delayed 1 second(s)

2018-05-31 14:20:49 - [MESSAGE][PASSED] - Delayed 1 second(s)

2018-05-31 14:20:49 - [TEST_STEP][PASSED] - selectOptionByIndex: All options with index in [52] are selected on object 'Object Repository/DispensaryToCms/Page_Dispensary Store/select_--Select--Adernaline 0.'

2018-05-31 14:20:49 - [MESSAGE][PASSED] - All options with index in [52] are selected on object 'Object Repository/DispensaryToCms/Page_Dispensary Store/select_--Select--Adernaline 0.'

2018-05-31 14:20:49 - [TEST_STEP][PASSED] - setText: Text '100' is set on object 'Object Repository/DispensaryToCms/Page_Dispensary Store/input_txttreat'

2018-05-31 14:20:50 - [MESSAGE][PASSED] - Text '100' is set on object 'Object Repository/DispensaryToCms/Page_Dispensary Store/input_txttreat'

2018-05-31 14:20:50 - [TEST_STEP][PASSED] - click: Object: 'Object Repository/DispensaryToCms/Page_Dispensary Store/button_Add' is clicked on

2018-05-31 14:20:50 - [MESSAGE][PASSED] - Object: 'Object Repository/DispensaryToCms/Page_Dispensary Store/button_Add' is clicked on

2018-05-31 14:20:50 - [TEST_STEP][PASSED] - delay: Delayed 1 second(s)

2018-05-31 14:20:51 - [MESSAGE][PASSED] - Delayed 1 second(s)

2018-05-31 14:20:51 - [TEST_STEP][PASSED] - selectOptionByIndex: All options with index in [11] are selected on object 'Object Repository/DispensaryToCms/Page_Dispensary Store/select_--Select--Schedule 1Inj'

2018-05-31 14:20:51 - [MESSAGE][PASSED] - All options with index in [11] are selected on object 'Object Repository/DispensaryToCms/Page_Dispensary Store/select_--Select--Schedule 1Inj'

2018-05-31 14:20:51 - [TEST_STEP][PASSED] - delay: Delayed 1 second(s)

2018-05-31 14:20:52 - [MESSAGE][PASSED] - Delayed 1 second(s)

2018-05-31 14:20:52 - [TEST_STEP][PASSED] - selectOptionByIndex: All options with index in [53] are selected on object 'Object Repository/DispensaryToCms/Page_Dispensary Store/select_--Select--Adernaline 0.'

2018-05-31 14:20:53 - [MESSAGE][PASSED] - All options with index in [53] are selected on object 'Object Repository/DispensaryToCms/Page_Dispensary Store/select_--Select--Adernaline 0.'

2018-05-31 14:20:53 - [TEST_STEP][PASSED] - setText: Text '100' is set on object 'Object Repository/DispensaryToCms/Page_Dispensary Store/input_txttreat'

2018-05-31 14:20:53 - [MESSAGE][PASSED] - Text '100' is set on object 'Object Repository/DispensaryToCms/Page_Dispensary Store/input_txttreat'

2018-05-31 14:20:53 - [TEST_STEP][PASSED] - click: Object: 'Object Repository/DispensaryToCms/Page_Dispensary Store/button_Add' is clicked on

2018-05-31 14:20:53 - [MESSAGE][PASSED] - Object: 'Object Repository/DispensaryToCms/Page_Dispensary Store/button_Add' is clicked on

2018-05-31 14:20:53 - [TEST_STEP][PASSED] - delay: Delayed 1 second(s)

2018-05-31 14:20:54 - [MESSAGE][PASSED] - Delayed 1 second(s)

2018-05-31 14:20:54 - [TEST_STEP][PASSED] - selectOptionByIndex: All options with index in [11] are selected on object 'Object Repository/DispensaryToCms/Page_Dispensary Store/select_--Select--Schedule 1Inj'

2018-05-31 14:20:54 - [MESSAGE][PASSED] - All options with index in [11] are selected on object 'Object Repository/DispensaryToCms/Page_Dispensary Store/select_--Select--Schedule 1Inj'

2018-05-31 14:20:54 - [TEST_STEP][PASSED] - delay: Delayed 1 second(s)

2018-05-31 14:20:55 - [MESSAGE][PASSED] - Delayed 1 second(s)

2018-05-31 14:20:55 - [TEST_STEP][PASSED] - selectOptionByIndex: All options with index in [54] are selected on object 'Object Repository/DispensaryToCms/Page_Dispensary Store/select_--Select--Adernaline 0.'

2018-05-31 14:20:56 - [MESSAGE][PASSED] - All options with index in [54] are selected on object 'Object Repository/DispensaryToCms/Page_Dispensary Store/select_--Select--Adernaline 0.'

2018-05-31 14:20:56 - [TEST_STEP][PASSED] - setText: Text '100' is set on object 'Object Repository/DispensaryToCms/Page_Dispensary Store/input_txttreat'

2018-05-31 14:20:56 - [MESSAGE][PASSED] - Text '100' is set on object 'Object Repository/DispensaryToCms/Page_Dispensary Store/input_txttreat'

2018-05-31 14:20:56 - [TEST_STEP][PASSED] - click: Object: 'Object Repository/DispensaryToCms/Page_Dispensary Store/button_Add' is clicked on

2018-05-31 14:20:56 - [MESSAGE][PASSED] - Object: 'Object Repository/DispensaryToCms/Page_Dispensary Store/button_Add' is clicked on

2018-05-31 14:20:56 - [TEST_STEP][PASSED] - delay: Delayed 1 second(s)

2018-05-31 14:20:57 - [MESSAGE][PASSED] - Delayed 1 second(s)

2018-05-31 14:20:57 - [TEST_STEP][PASSED] - selectOptionByIndex: All options with index in [11] are selected on object 'Object Repository/DispensaryToCms/Page_Dispensary Store/select_--Select--Schedule 1Inj'

2018-05-31 14:20:57 - [MESSAGE][PASSED] - All options with index in [11] are selected on object 'Object Repository/DispensaryToCms/Page_Dispensary Store/select_--Select--Schedule 1Inj'

2018-05-31 14:20:57 - [TEST_STEP][PASSED] - delay: Delayed 1 second(s)

2018-05-31 14:20:58 - [MESSAGE][PASSED] - Delayed 1 second(s)

2018-05-31 14:20:58 - [TEST_STEP][PASSED] - selectOptionByIndex: All options with index in [55] are selected on object 'Object Repository/DispensaryToCms/Page_Dispensary Store/select_--Select--Adernaline 0.'

2018-05-31 14:20:59 - [MESSAGE][PASSED] - All options with index in [55] are selected on object 'Object Repository/DispensaryToCms/Page_Dispensary Store/select_--Select--Adernaline 0.'

2018-05-31 14:20:59 - [TEST_STEP][PASSED] - setText: Text '100' is set on object 'Object Repository/DispensaryToCms/Page_Dispensary Store/input_txttreat'

2018-05-31 14:20:59 - [MESSAGE][PASSED] - Text '100' is set on object 'Object Repository/DispensaryToCms/Page_Dispensary Store/input_txttreat'

2018-05-31 14:20:59 - [TEST_STEP][PASSED] - click: Object: 'Object Repository/DispensaryToCms/Page_Dispensary Store/button_Add' is clicked on

2018-05-31 14:20:59 - [MESSAGE][PASSED] - Object: 'Object Repository/DispensaryToCms/Page_Dispensary Store/button_Add' is clicked on

2018-05-31 14:20:59 - [TEST_STEP][PASSED] - delay: Delayed 1 second(s)

2018-05-31 14:21:00 - [MESSAGE][PASSED] - Delayed 1 second(s)

2018-05-31 14:21:00 - [TEST_STEP][PASSED] - selectOptionByIndex: All options with index in [11] are selected on object 'Object Repository/DispensaryToCms/Page_Dispensary Store/select_--Select--Schedule 1Inj'

2018-05-31 14:21:00 - [MESSAGE][PASSED] - All options with index in [11] are selected on object 'Object Repository/DispensaryToCms/Page_Dispensary Store/select_--Select--Schedule 1Inj'

2018-05-31 14:21:00 - [TEST_STEP][PASSED] - delay: Delayed 1 second(s)

2018-05-31 14:21:01 - [MESSAGE][PASSED] - Delayed 1 second(s)

2018-05-31 14:21:01 - [TEST_STEP][PASSED] - selectOptionByIndex: All options with index in [56] are selected on object 'Object Repository/DispensaryToCms/Page_Dispensary Store/select_--Select--Adernaline 0.'

2018-05-31 14:21:02 - [MESSAGE][PASSED] - All options with index in [56] are selected on object 'Object Repository/DispensaryToCms/Page_Dispensary Store/select_--Select--Adernaline 0.'

2018-05-31 14:21:02 - [TEST_STEP][PASSED] - setText: Text '100' is set on object 'Object Repository/DispensaryToCms/Page_Dispensary Store/input_txttreat'

2018-05-31 14:21:02 - [MESSAGE][PASSED] - Text '100' is set on object 'Object Repository/DispensaryToCms/Page_Dispensary Store/input_txttreat'

2018-05-31 14:21:02 - [TEST_STEP][PASSED] - click: Object: 'Object Repository/DispensaryToCms/Page_Dispensary Store/button_Add' is clicked on

2018-05-31 14:21:02 - [MESSAGE][PASSED] - Object: 'Object Repository/DispensaryToCms/Page_Dispensary Store/button_Add' is clicked on

2018-05-31 14:21:02 - [TEST_STEP][PASSED] - delay: Delayed 1 second(s)

2018-05-31 14:21:03 - [MESSAGE][PASSED] - Delayed 1 second(s)

2018-05-31 14:21:03 - [TEST_STEP][PASSED] - selectOptionByIndex: All options with index in [11] are selected on object 'Object Repository/DispensaryToCms/Page_Dispensary Store/select_--Select--Schedule 1Inj'

2018-05-31 14:21:03 - [MESSAGE][PASSED] - All options with index in [11] are selected on object 'Object Repository/DispensaryToCms/Page_Dispensary Store/select_--Select--Schedule 1Inj'

2018-05-31 14:21:03 - [TEST_STEP][PASSED] - delay: Delayed 1 second(s)

2018-05-31 14:21:04 - [MESSAGE][PASSED] - Delayed 1 second(s)

2018-05-31 14:21:04 - [TEST_STEP][PASSED] - selectOptionByIndex: All options with index in [57] are selected on object 'Object Repository/DispensaryToCms/Page_Dispensary Store/select_--Select--Adernaline 0.'

2018-05-31 14:21:05 - [MESSAGE][PASSED] - All options with index in [57] are selected on object 'Object Repository/DispensaryToCms/Page_Dispensary Store/select_--Select--Adernaline 0.'

2018-05-31 14:21:05 - [TEST_STEP][PASSED] - setText: Text '100' is set on object 'Object Repository/DispensaryToCms/Page_Dispensary Store/input_txttreat'

2018-05-31 14:21:05 - [MESSAGE][PASSED] - Text '100' is set on object 'Object Repository/DispensaryToCms/Page_Dispensary Store/input_txttreat'

2018-05-31 14:21:05 - [TEST_STEP][PASSED] - click: Object: 'Object Repository/DispensaryToCms/Page_Dispensary Store/button_Add' is clicked on

2018-05-31 14:21:05 - [MESSAGE][PASSED] - Object: 'Object Repository/DispensaryToCms/Page_Dispensary Store/button_Add' is clicked on

2018-05-31 14:21:05 - [TEST_STEP][PASSED] - delay: Delayed 1 second(s)

2018-05-31 14:21:06 - [MESSAGE][PASSED] - Delayed 1 second(s)

2018-05-31 14:21:06 - [TEST_STEP][PASSED] - selectOptionByIndex: All options with index in [11] are selected on object 'Object Repository/DispensaryToCms/Page_Dispensary Store/select_--Select--Schedule 1Inj'

2018-05-31 14:21:07 - [MESSAGE][PASSED] - All options with index in [11] are selected on object 'Object Repository/DispensaryToCms/Page_Dispensary Store/select_--Select--Schedule 1Inj'

2018-05-31 14:21:07 - [TEST_STEP][PASSED] - delay: Delayed 1 second(s)

2018-05-31 14:21:08 - [MESSAGE][PASSED] - Delayed 1 second(s)

2018-05-31 14:21:08 - [TEST_STEP][PASSED] - selectOptionByIndex: All options with index in [58] are selected on object 'Object Repository/DispensaryToCms/Page_Dispensary Store/select_--Select--Adernaline 0.'

2018-05-31 14:21:08 - [MESSAGE][PASSED] - All options with index in [58] are selected on object 'Object Repository/DispensaryToCms/Page_Dispensary Store/select_--Select--Adernaline 0.'

2018-05-31 14:21:08 - [TEST_STEP][PASSED] - setText: Text '100' is set on object 'Object Repository/DispensaryToCms/Page_Dispensary Store/input_txttreat'

2018-05-31 14:21:08 - [MESSAGE][PASSED] - Text '100' is set on object 'Object Repository/DispensaryToCms/Page_Dispensary Store/input_txttreat'

2018-05-31 14:21:08 - [TEST_STEP][PASSED] - click: Object: 'Object Repository/DispensaryToCms/Page_Dispensary Store/button_Add' is clicked on

2018-05-31 14:21:08 - [MESSAGE][PASSED] - Object: 'Object Repository/DispensaryToCms/Page_Dispensary Store/button_Add' is clicked on

2018-05-31 14:21:08 - [TEST_STEP][PASSED] - delay: Delayed 1 second(s)

2018-05-31 14:21:09 - [MESSAGE][PASSED] - Delayed 1 second(s)

2018-05-31 14:21:09 - [TEST_STEP][PASSED] - selectOptionByIndex: All options with index in [11] are selected on object 'Object Repository/DispensaryToCms/Page_Dispensary Store/select_--Select--Schedule 1Inj'

2018-05-31 14:21:10 - [MESSAGE][PASSED] - All options with index in [11] are selected on object 'Object Repository/DispensaryToCms/Page_Dispensary Store/select_--Select--Schedule 1Inj'

2018-05-31 14:21:10 - [TEST_STEP][PASSED] - delay: Delayed 1 second(s)

2018-05-31 14:21:11 - [MESSAGE][PASSED] - Delayed 1 second(s)

2018-05-31 14:21:11 - [TEST_STEP][PASSED] - selectOptionByIndex: All options with index in [59] are selected on object 'Object Repository/DispensaryToCms/Page_Dispensary Store/select_--Select--Adernaline 0.'

2018-05-31 14:21:11 - [MESSAGE][PASSED] - All options with index in [59] are selected on object 'Object Repository/DispensaryToCms/Page_Dispensary Store/select_--Select--Adernaline 0.'

2018-05-31 14:21:11 - [TEST_STEP][PASSED] - setText: Text '100' is set on object 'Object Repository/DispensaryToCms/Page_Dispensary Store/input_txttreat'

2018-05-31 14:21:11 - [MESSAGE][PASSED] - Text '100' is set on object 'Object Repository/DispensaryToCms/Page_Dispensary Store/input_txttreat'

2018-05-31 14:21:12 - [TEST_STEP][PASSED] - click: Object: 'Object Repository/DispensaryToCms/Page_Dispensary Store/button_Add' is clicked on

2018-05-31 14:21:12 - [MESSAGE][PASSED] - Object: 'Object Repository/DispensaryToCms/Page_Dispensary Store/button_Add' is clicked on

2018-05-31 14:21:12 - [TEST_STEP][PASSED] - delay: Delayed 1 second(s)

2018-05-31 14:21:13 - [MESSAGE][PASSED] - Delayed 1 second(s)

2018-05-31 14:21:13 - [TEST_STEP][PASSED] - selectOptionByIndex: All options with index in [11] are selected on object 'Object Repository/DispensaryToCms/Page_Dispensary Store/select_--Select--Schedule 1Inj'

2018-05-31 14:21:13 - [MESSAGE][PASSED] - All options with index in [11] are selected on object 'Object Repository/DispensaryToCms/Page_Dispensary Store/select_--Select--Schedule 1Inj'

2018-05-31 14:21:13 - [TEST_STEP][PASSED] - delay: Delayed 1 second(s)

2018-05-31 14:21:14 - [MESSAGE][PASSED] - Delayed 1 second(s)

2018-05-31 14:21:14 - [TEST_STEP][PASSED] - selectOptionByIndex: All options with index in [60] are selected on object 'Object Repository/DispensaryToCms/Page_Dispensary Store/select_--Select--Adernaline 0.'

2018-05-31 14:21:15 - [MESSAGE][PASSED] - All options with index in [60] are selected on object 'Object Repository/DispensaryToCms/Page_Dispensary Store/select_--Select--Adernaline 0.'

2018-05-31 14:21:15 - [TEST_STEP][PASSED] - setText: Text '100' is set on object 'Object Repository/DispensaryToCms/Page_Dispensary Store/input_txttreat'

2018-05-31 14:21:15 - [MESSAGE][PASSED] - Text '100' is set on object 'Object Repository/DispensaryToCms/Page_Dispensary Store/input_txttreat'

2018-05-31 14:21:15 - [TEST_STEP][PASSED] - click: Object: 'Object Repository/DispensaryToCms/Page_Dispensary Store/button_Add' is clicked on

2018-05-31 14:21:15 - [MESSAGE][PASSED] - Object: 'Object Repository/DispensaryToCms/Page_Dispensary Store/button_Add' is clicked on

2018-05-31 14:21:15 - [TEST_STEP][PASSED] - delay: Delayed 1 second(s)

2018-05-31 14:21:16 - [MESSAGE][PASSED] - Delayed 1 second(s)

2018-05-31 14:21:16 - [TEST_STEP][PASSED] - selectOptionByIndex: All options with index in [11] are selected on object 'Object Repository/DispensaryToCms/Page_Dispensary Store/select_--Select--Schedule 1Inj'

2018-05-31 14:21:16 - [MESSAGE][PASSED] - All options with index in [11] are selected on object 'Object Repository/DispensaryToCms/Page_Dispensary Store/select_--Select--Schedule 1Inj'

2018-05-31 14:21:16 - [TEST_STEP][PASSED] - delay: Delayed 1 second(s)

2018-05-31 14:21:17 - [MESSAGE][PASSED] - Delayed 1 second(s)

2018-05-31 14:21:17 - [TEST_STEP][PASSED] - selectOptionByIndex: All options with index in [61] are selected on object 'Object Repository/DispensaryToCms/Page_Dispensary Store/select_--Select--Adernaline 0.'

2018-05-31 14:21:18 - [MESSAGE][PASSED] - All options with index in [61] are selected on object 'Object Repository/DispensaryToCms/Page_Dispensary Store/select_--Select--Adernaline 0.'

2018-05-31 14:21:18 - [TEST_STEP][PASSED] - setText: Text '100' is set on object 'Object Repository/DispensaryToCms/Page_Dispensary Store/input_txttreat'

2018-05-31 14:21:18 - [MESSAGE][PASSED] - Text '100' is set on object 'Object Repository/DispensaryToCms/Page_Dispensary Store/input_txttreat'

2018-05-31 14:21:18 - [TEST_STEP][PASSED] - click: Object: 'Object Repository/DispensaryToCms/Page_Dispensary Store/button_Add' is clicked on

2018-05-31 14:21:18 - [MESSAGE][PASSED] - Object: 'Object Repository/DispensaryToCms/Page_Dispensary Store/button_Add' is clicked on

2018-05-31 14:21:18 - [TEST_STEP][PASSED] - delay: Delayed 1 second(s)

2018-05-31 14:21:19 - [MESSAGE][PASSED] - Delayed 1 second(s)

2018-05-31 14:21:19 - [TEST_STEP][PASSED] - selectOptionByIndex: All options with index in [11] are selected on object 'Object Repository/DispensaryToCms/Page_Dispensary Store/select_--Select--Schedule 1Inj'

2018-05-31 14:21:19 - [MESSAGE][PASSED] - All options with index in [11] are selected on object 'Object Repository/DispensaryToCms/Page_Dispensary Store/select_--Select--Schedule 1Inj'

2018-05-31 14:21:19 - [TEST_STEP][PASSED] - delay: Delayed 1 second(s)

2018-05-31 14:21:20 - [MESSAGE][PASSED] - Delayed 1 second(s)

2018-05-31 14:21:20 - [TEST_STEP][PASSED] - selectOptionByIndex: All options with index in [62] are selected on object 'Object Repository/DispensaryToCms/Page_Dispensary Store/select_--Select--Adernaline 0.'

2018-05-31 14:21:21 - [MESSAGE][PASSED] - All options with index in [62] are selected on object 'Object Repository/DispensaryToCms/Page_Dispensary Store/select_--Select--Adernaline 0.'

2018-05-31 14:21:21 - [TEST_STEP][PASSED] - setText: Text '100' is set on object 'Object Repository/DispensaryToCms/Page_Dispensary Store/input_txttreat'

2018-05-31 14:21:21 - [MESSAGE][PASSED] - Text '100' is set on object 'Object Repository/DispensaryToCms/Page_Dispensary Store/input_txttreat'

2018-05-31 14:21:21 - [TEST_STEP][PASSED] - click: Object: 'Object Repository/DispensaryToCms/Page_Dispensary Store/button_Add' is clicked on

2018-05-31 14:21:21 - [MESSAGE][PASSED] - Object: 'Object Repository/DispensaryToCms/Page_Dispensary Store/button_Add' is clicked on

2018-05-31 14:21:21 - [TEST_STEP][PASSED] - delay: Delayed 1 second(s)

2018-05-31 14:21:22 - [MESSAGE][PASSED] - Delayed 1 second(s)

2018-05-31 14:21:22 - [TEST_STEP][PASSED] - selectOptionByIndex: All options with index in [11] are selected on object 'Object Repository/DispensaryToCms/Page_Dispensary Store/select_--Select--Schedule 1Inj'

2018-05-31 14:21:22 - [MESSAGE][PASSED] - All options with index in [11] are selected on object 'Object Repository/DispensaryToCms/Page_Dispensary Store/select_--Select--Schedule 1Inj'

2018-05-31 14:21:22 - [TEST_STEP][PASSED] - delay: Delayed 1 second(s)

2018-05-31 14:21:23 - [MESSAGE][PASSED] - Delayed 1 second(s)

2018-05-31 14:21:23 - [TEST_STEP][PASSED] - selectOptionByIndex: All options with index in [63] are selected on object 'Object Repository/DispensaryToCms/Page_Dispensary Store/select_--Select--Adernaline 0.'

2018-05-31 14:21:24 - [MESSAGE][PASSED] - All options with index in [63] are selected on object 'Object Repository/DispensaryToCms/Page_Dispensary Store/select_--Select--Adernaline 0.'

2018-05-31 14:21:24 - [TEST_STEP][PASSED] - setText: Text '100' is set on object 'Object Repository/DispensaryToCms/Page_Dispensary Store/input_txttreat'

2018-05-31 14:21:24 - [MESSAGE][PASSED] - Text '100' is set on object 'Object Repository/DispensaryToCms/Page_Dispensary Store/input_txttreat'

2018-05-31 14:21:24 - [TEST_STEP][PASSED] - click: Object: 'Object Repository/DispensaryToCms/Page_Dispensary Store/button_Add' is clicked on

2018-05-31 14:21:24 - [MESSAGE][PASSED] - Object: 'Object Repository/DispensaryToCms/Page_Dispensary Store/button_Add' is clicked on

2018-05-31 14:21:24 - [TEST_STEP][PASSED] - delay: Delayed 1 second(s)

2018-05-31 14:21:25 - [MESSAGE][PASSED] - Delayed 1 second(s)

2018-05-31 14:21:25 - [TEST_STEP][PASSED] - selectOptionByIndex: All options with index in [11] are selected on object 'Object Repository/DispensaryToCms/Page_Dispensary Store/select_--Select--Schedule 1Inj'

2018-05-31 14:21:26 - [MESSAGE][PASSED] - All options with index in [11] are selected on object 'Object Repository/DispensaryToCms/Page_Dispensary Store/select_--Select--Schedule 1Inj'

2018-05-31 14:21:26 - [TEST_STEP][PASSED] - delay: Delayed 1 second(s)

2018-05-31 14:21:27 - [MESSAGE][PASSED] - Delayed 1 second(s)

2018-05-31 14:21:27 - [TEST_STEP][PASSED] - selectOptionByIndex: All options with index in [64] are selected on object 'Object Repository/DispensaryToCms/Page_Dispensary Store/select_--Select--Adernaline 0.'

2018-05-31 14:21:28 - [MESSAGE][PASSED] - All options with index in [64] are selected on object 'Object Repository/DispensaryToCms/Page_Dispensary Store/select_--Select--Adernaline 0.'

2018-05-31 14:21:28 - [TEST_STEP][PASSED] - setText: Text '100' is set on object 'Object Repository/DispensaryToCms/Page_Dispensary Store/input_txttreat'

2018-05-31 14:21:28 - [MESSAGE][PASSED] - Text '100' is set on object 'Object Repository/DispensaryToCms/Page_Dispensary Store/input_txttreat'

2018-05-31 14:21:28 - [TEST_STEP][PASSED] - click: Object: 'Object Repository/DispensaryToCms/Page_Dispensary Store/button_Add' is clicked on

2018-05-31 14:21:28 - [MESSAGE][PASSED] - Object: 'Object Repository/DispensaryToCms/Page_Dispensary Store/button_Add' is clicked on

2018-05-31 14:21:28 - [TEST_STEP][PASSED] - delay: Delayed 1 second(s)

2018-05-31 14:21:29 - [MESSAGE][PASSED] - Delayed 1 second(s)

2018-05-31 14:21:29 - [TEST_STEP][PASSED] - selectOptionByIndex: All options with index in [11] are selected on object 'Object Repository/DispensaryToCms/Page_Dispensary Store/select_--Select--Schedule 1Inj'

2018-05-31 14:21:29 - [MESSAGE][PASSED] - All options with index in [11] are selected on object 'Object Repository/DispensaryToCms/Page_Dispensary Store/select_--Select--Schedule 1Inj'

2018-05-31 14:21:29 - [TEST_STEP][PASSED] - delay: Delayed 1 second(s)

2018-05-31 14:21:30 - [MESSAGE][PASSED] - Delayed 1 second(s)

2018-05-31 14:21:30 - [TEST_STEP][PASSED] - selectOptionByIndex: All options with index in [65] are selected on object 'Object Repository/DispensaryToCms/Page_Dispensary Store/select_--Select--Adernaline 0.'

2018-05-31 14:21:31 - [MESSAGE][PASSED] - All options with index in [65] are selected on object 'Object Repository/DispensaryToCms/Page_Dispensary Store/select_--Select--Adernaline 0.'

2018-05-31 14:21:31 - [TEST_STEP][PASSED] - setText: Text '100' is set on object 'Object Repository/DispensaryToCms/Page_Dispensary Store/input_txttreat'

2018-05-31 14:21:31 - [MESSAGE][PASSED] - Text '100' is set on object 'Object Repository/DispensaryToCms/Page_Dispensary Store/input_txttreat'

2018-05-31 14:21:31 - [TEST_STEP][PASSED] - click: Object: 'Object Repository/DispensaryToCms/Page_Dispensary Store/button_Add' is clicked on

2018-05-31 14:21:31 - [MESSAGE][PASSED] - Object: 'Object Repository/DispensaryToCms/Page_Dispensary Store/button_Add' is clicked on

2018-05-31 14:21:31 - [TEST_STEP][PASSED] - delay: Delayed 1 second(s)

2018-05-31 14:21:32 - [MESSAGE][PASSED] - Delayed 1 second(s)

2018-05-31 14:21:32 - [TEST_STEP][PASSED] - selectOptionByIndex: All options with index in [11] are selected on object 'Object Repository/DispensaryToCms/Page_Dispensary Store/select_--Select--Schedule 1Inj'

2018-05-31 14:21:32 - [MESSAGE][PASSED] - All options with index in [11] are selected on object 'Object Repository/DispensaryToCms/Page_Dispensary Store/select_--Select--Schedule 1Inj'

2018-05-31 14:21:32 - [TEST_STEP][PASSED] - delay: Delayed 1 second(s)

2018-05-31 14:21:33 - [MESSAGE][PASSED] - Delayed 1 second(s)

2018-05-31 14:21:33 - [TEST_STEP][PASSED] - selectOptionByIndex: All options with index in [66] are selected on object 'Object Repository/DispensaryToCms/Page_Dispensary Store/select_--Select--Adernaline 0.'

2018-05-31 14:21:34 - [MESSAGE][PASSED] - All options with index in [66] are selected on object 'Object Repository/DispensaryToCms/Page_Dispensary Store/select_--Select--Adernaline 0.'

2018-05-31 14:21:34 - [TEST_STEP][PASSED] - setText: Text '100' is set on object 'Object Repository/DispensaryToCms/Page_Dispensary Store/input_txttreat'

2018-05-31 14:21:34 - [MESSAGE][PASSED] - Text '100' is set on object 'Object Repository/DispensaryToCms/Page_Dispensary Store/input_txttreat'

2018-05-31 14:21:34 - [TEST_STEP][PASSED] - click: Object: 'Object Repository/DispensaryToCms/Page_Dispensary Store/button_Add' is clicked on

2018-05-31 14:21:34 - [MESSAGE][PASSED] - Object: 'Object Repository/DispensaryToCms/Page_Dispensary Store/button_Add' is clicked on

2018-05-31 14:21:34 - [TEST_STEP][PASSED] - delay: Delayed 1 second(s)

2018-05-31 14:21:35 - [MESSAGE][PASSED] - Delayed 1 second(s)

2018-05-31 14:21:35 - [TEST_STEP][PASSED] - selectOptionByIndex: All options with index in [11] are selected on object 'Object Repository/DispensaryToCms/Page_Dispensary Store/select_--Select--Schedule 1Inj'

2018-05-31 14:21:35 - [MESSAGE][PASSED] - All options with index in [11] are selected on object 'Object Repository/DispensaryToCms/Page_Dispensary Store/select_--Select--Schedule 1Inj'

2018-05-31 14:21:35 - [TEST_STEP][PASSED] - delay: Delayed 1 second(s)

2018-05-31 14:21:36 - [MESSAGE][PASSED] - Delayed 1 second(s)

2018-05-31 14:21:36 - [TEST_STEP][PASSED] - selectOptionByIndex: All options with index in [67] are selected on object 'Object Repository/DispensaryToCms/Page_Dispensary Store/select_--Select--Adernaline 0.'

2018-05-31 14:21:37 - [MESSAGE][PASSED] - All options with index in [67] are selected on object 'Object Repository/DispensaryToCms/Page_Dispensary Store/select_--Select--Adernaline 0.'

2018-05-31 14:21:37 - [TEST_STEP][PASSED] - setText: Text '100' is set on object 'Object Repository/DispensaryToCms/Page_Dispensary Store/input_txttreat'

2018-05-31 14:21:37 - [MESSAGE][PASSED] - Text '100' is set on object 'Object Repository/DispensaryToCms/Page_Dispensary Store/input_txttreat'

2018-05-31 14:21:37 - [TEST_STEP][PASSED] - click: Object: 'Object Repository/DispensaryToCms/Page_Dispensary Store/button_Add' is clicked on

2018-05-31 14:21:37 - [MESSAGE][PASSED] - Object: 'Object Repository/DispensaryToCms/Page_Dispensary Store/button_Add' is clicked on

2018-05-31 14:21:37 - [TEST_STEP][PASSED] - delay: Delayed 1 second(s)

2018-05-31 14:21:38 - [MESSAGE][PASSED] - Delayed 1 second(s)

2018-05-31 14:21:38 - [TEST_STEP][PASSED] - selectOptionByIndex: All options with index in [11] are selected on object 'Object Repository/DispensaryToCms/Page_Dispensary Store/select_--Select--Schedule 1Inj'

2018-05-31 14:21:39 - [MESSAGE][PASSED] - All options with index in [11] are selected on object 'Object Repository/DispensaryToCms/Page_Dispensary Store/select_--Select--Schedule 1Inj'

2018-05-31 14:21:39 - [TEST_STEP][PASSED] - delay: Delayed 1 second(s)

2018-05-31 14:21:40 - [MESSAGE][PASSED] - Delayed 1 second(s)

2018-05-31 14:21:40 - [TEST_STEP][PASSED] - selectOptionByIndex: All options with index in [68] are selected on object 'Object Repository/DispensaryToCms/Page_Dispensary Store/select_--Select--Adernaline 0.'

2018-05-31 14:21:40 - [MESSAGE][PASSED] - All options with index in [68] are selected on object 'Object Repository/DispensaryToCms/Page_Dispensary Store/select_--Select--Adernaline 0.'

2018-05-31 14:21:40 - [TEST_STEP][PASSED] - setText: Text '100' is set on object 'Object Repository/DispensaryToCms/Page_Dispensary Store/input_txttreat'

2018-05-31 14:21:41 - [MESSAGE][PASSED] - Text '100' is set on object 'Object Repository/DispensaryToCms/Page_Dispensary Store/input_txttreat'

2018-05-31 14:21:41 - [TEST_STEP][PASSED] - click: Object: 'Object Repository/DispensaryToCms/Page_Dispensary Store/button_Add' is clicked on

2018-05-31 14:21:41 - [MESSAGE][PASSED] - Object: 'Object Repository/DispensaryToCms/Page_Dispensary Store/button_Add' is clicked on

2018-05-31 14:21:41 - [TEST_STEP][PASSED] - delay: Delayed 1 second(s)

2018-05-31 14:21:42 - [MESSAGE][PASSED] - Delayed 1 second(s)

2018-05-31 14:21:42 - [TEST_STEP][PASSED] - selectOptionByIndex: All options with index in [11] are selected on object 'Object Repository/DispensaryToCms/Page_Dispensary Store/select_--Select--Schedule 1Inj'

2018-05-31 14:21:42 - [MESSAGE][PASSED] - All options with index in [11] are selected on object 'Object Repository/DispensaryToCms/Page_Dispensary Store/select_--Select--Schedule 1Inj'

2018-05-31 14:21:42 - [TEST_STEP][PASSED] - delay: Delayed 1 second(s)

2018-05-31 14:21:43 - [MESSAGE][PASSED] - Delayed 1 second(s)

2018-05-31 14:21:43 - [TEST_STEP][PASSED] - selectOptionByIndex: All options with index in [69] are selected on object 'Object Repository/DispensaryToCms/Page_Dispensary Store/select_--Select--Adernaline 0.'

2018-05-31 14:21:44 - [MESSAGE][PASSED] - All options with index in [69] are selected on object 'Object Repository/DispensaryToCms/Page_Dispensary Store/select_--Select--Adernaline 0.'

2018-05-31 14:21:44 - [TEST_STEP][PASSED] - setText: Text '100' is set on object 'Object Repository/DispensaryToCms/Page_Dispensary Store/input_txttreat'

2018-05-31 14:21:44 - [MESSAGE][PASSED] - Text '100' is set on object 'Object Repository/DispensaryToCms/Page_Dispensary Store/input_txttreat'

2018-05-31 14:21:44 - [TEST_STEP][PASSED] - click: Object: 'Object Repository/DispensaryToCms/Page_Dispensary Store/button_Add' is clicked on

2018-05-31 14:21:44 - [MESSAGE][PASSED] - Object: 'Object Repository/DispensaryToCms/Page_Dispensary Store/button_Add' is clicked on

2018-05-31 14:21:44 - [TEST_STEP][PASSED] - delay: Delayed 1 second(s)

2018-05-31 14:21:45 - [MESSAGE][PASSED] - Delayed 1 second(s)

2018-05-31 14:21:45 - [TEST_STEP][PASSED] - selectOptionByIndex: All options with index in [11] are selected on object 'Object Repository/DispensaryToCms/Page_Dispensary Store/select_--Select--Schedule 1Inj'

2018-05-31 14:21:45 - [MESSAGE][PASSED] - All options with index in [11] are selected on object 'Object Repository/DispensaryToCms/Page_Dispensary Store/select_--Select--Schedule 1Inj'

2018-05-31 14:21:45 - [TEST_STEP][PASSED] - delay: Delayed 1 second(s)

2018-05-31 14:21:46 - [MESSAGE][PASSED] - Delayed 1 second(s)

2018-05-31 14:21:46 - [TEST_STEP][PASSED] - selectOptionByIndex: All options with index in [70] are selected on object 'Object Repository/DispensaryToCms/Page_Dispensary Store/select_--Select--Adernaline 0.'

2018-05-31 14:21:47 - [MESSAGE][PASSED] - All options with index in [70] are selected on object 'Object Repository/DispensaryToCms/Page_Dispensary Store/select_--Select--Adernaline 0.'

2018-05-31 14:21:47 - [TEST_STEP][PASSED] - setText: Text '100' is set on object 'Object Repository/DispensaryToCms/Page_Dispensary Store/input_txttreat'

2018-05-31 14:21:47 - [MESSAGE][PASSED] - Text '100' is set on object 'Object Repository/DispensaryToCms/Page_Dispensary Store/input_txttreat'

2018-05-31 14:21:47 - [TEST_STEP][PASSED] - click: Object: 'Object Repository/DispensaryToCms/Page_Dispensary Store/button_Add' is clicked on

2018-05-31 14:21:47 - [MESSAGE][PASSED] - Object: 'Object Repository/DispensaryToCms/Page_Dispensary Store/button_Add' is clicked on

2018-05-31 14:21:47 - [TEST_STEP][PASSED] - delay: Delayed 1 second(s)

2018-05-31 14:21:48 - [MESSAGE][PASSED] - Delayed 1 second(s)

2018-05-31 14:21:48 - [TEST_STEP][PASSED] - selectOptionByIndex: All options with index in [11] are selected on object 'Object Repository/DispensaryToCms/Page_Dispensary Store/select_--Select--Schedule 1Inj'

2018-05-31 14:21:48 - [MESSAGE][PASSED] - All options with index in [11] are selected on object 'Object Repository/DispensaryToCms/Page_Dispensary Store/select_--Select--Schedule 1Inj'

2018-05-31 14:21:48 - [TEST_STEP][PASSED] - delay: Delayed 1 second(s)

2018-05-31 14:21:49 - [MESSAGE][PASSED] - Delayed 1 second(s)

2018-05-31 14:21:49 - [TEST_STEP][PASSED] - selectOptionByIndex: All options with index in [71] are selected on object 'Object Repository/DispensaryToCms/Page_Dispensary Store/select_--Select--Adernaline 0.'

2018-05-31 14:21:50 - [MESSAGE][PASSED] - All options with index in [71] are selected on object 'Object Repository/DispensaryToCms/Page_Dispensary Store/select_--Select--Adernaline 0.'

2018-05-31 14:21:50 - [TEST_STEP][PASSED] - setText: Text '100' is set on object 'Object Repository/DispensaryToCms/Page_Dispensary Store/input_txttreat'

2018-05-31 14:21:50 - [MESSAGE][PASSED] - Text '100' is set on object 'Object Repository/DispensaryToCms/Page_Dispensary Store/input_txttreat'

2018-05-31 14:21:50 - [TEST_STEP][PASSED] - click: Object: 'Object Repository/DispensaryToCms/Page_Dispensary Store/button_Add' is clicked on

2018-05-31 14:21:50 - [MESSAGE][PASSED] - Object: 'Object Repository/DispensaryToCms/Page_Dispensary Store/button_Add' is clicked on

2018-05-31 14:21:50 - [TEST_STEP][PASSED] - delay: Delayed 1 second(s)

2018-05-31 14:21:51 - [MESSAGE][PASSED] - Delayed 1 second(s)

2018-05-31 14:21:51 - [TEST_STEP][PASSED] - selectOptionByIndex: All options with index in [11] are selected on object 'Object Repository/DispensaryToCms/Page_Dispensary Store/select_--Select--Schedule 1Inj'

2018-05-31 14:21:52 - [MESSAGE][PASSED] - All options with index in [11] are selected on object 'Object Repository/DispensaryToCms/Page_Dispensary Store/select_--Select--Schedule 1Inj'

2018-05-31 14:21:52 - [TEST_STEP][PASSED] - delay: Delayed 1 second(s)

2018-05-31 14:21:53 - [MESSAGE][PASSED] - Delayed 1 second(s)

2018-05-31 14:21:53 - [TEST_STEP][PASSED] - selectOptionByIndex: All options with index in [72] are selected on object 'Object Repository/DispensaryToCms/Page_Dispensary Store/select_--Select--Adernaline 0.'

2018-05-31 14:21:54 - [MESSAGE][PASSED] - All options with index in [72] are selected on object 'Object Repository/DispensaryToCms/Page_Dispensary Store/select_--Select--Adernaline 0.'

2018-05-31 14:21:54 - [TEST_STEP][PASSED] - setText: Text '100' is set on object 'Object Repository/DispensaryToCms/Page_Dispensary Store/input_txttreat'

2018-05-31 14:21:54 - [MESSAGE][PASSED] - Text '100' is set on object 'Object Repository/DispensaryToCms/Page_Dispensary Store/input_txttreat'

2018-05-31 14:21:54 - [TEST_STEP][PASSED] - click: Object: 'Object Repository/DispensaryToCms/Page_Dispensary Store/button_Add' is clicked on

2018-05-31 14:21:54 - [MESSAGE][PASSED] - Object: 'Object Repository/DispensaryToCms/Page_Dispensary Store/button_Add' is clicked on

2018-05-31 14:21:54 - [TEST_STEP][PASSED] - delay: Delayed 1 second(s)

2018-05-31 14:21:55 - [MESSAGE][PASSED] - Delayed 1 second(s)

2018-05-31 14:21:55 - [TEST_STEP][PASSED] - selectOptionByIndex: All options with index in [11] are selected on object 'Object Repository/DispensaryToCms/Page_Dispensary Store/select_--Select--Schedule 1Inj'

2018-05-31 14:21:55 - [MESSAGE][PASSED] - All options with index in [11] are selected on object 'Object Repository/DispensaryToCms/Page_Dispensary Store/select_--Select--Schedule 1Inj'

2018-05-31 14:21:55 - [TEST_STEP][PASSED] - delay: Delayed 1 second(s)

2018-05-31 14:21:56 - [MESSAGE][PASSED] - Delayed 1 second(s)

2018-05-31 14:21:56 - [TEST_STEP][PASSED] - selectOptionByIndex: All options with index in [73] are selected on object 'Object Repository/DispensaryToCms/Page_Dispensary Store/select_--Select--Adernaline 0.'

2018-05-31 14:21:57 - [MESSAGE][PASSED] - All options with index in [73] are selected on object 'Object Repository/DispensaryToCms/Page_Dispensary Store/select_--Select--Adernaline 0.'

2018-05-31 14:21:57 - [TEST_STEP][PASSED] - setText: Text '100' is set on object 'Object Repository/DispensaryToCms/Page_Dispensary Store/input_txttreat'

2018-05-31 14:21:57 - [MESSAGE][PASSED] - Text '100' is set on object 'Object Repository/DispensaryToCms/Page_Dispensary Store/input_txttreat'

2018-05-31 14:21:57 - [TEST_STEP][PASSED] - click: Object: 'Object Repository/DispensaryToCms/Page_Dispensary Store/button_Add' is clicked on

2018-05-31 14:21:57 - [MESSAGE][PASSED] - Object: 'Object Repository/DispensaryToCms/Page_Dispensary Store/button_Add' is clicked on

2018-05-31 14:21:57 - [TEST_STEP][PASSED] - delay: Delayed 1 second(s)

2018-05-31 14:21:58 - [MESSAGE][PASSED] - Delayed 1 second(s)

2018-05-31 14:21:58 - [TEST_STEP][PASSED] - selectOptionByIndex: All options with index in [11] are selected on object 'Object Repository/DispensaryToCms/Page_Dispensary Store/select_--Select--Schedule 1Inj'

2018-05-31 14:21:58 - [MESSAGE][PASSED] - All options with index in [11] are selected on object 'Object Repository/DispensaryToCms/Page_Dispensary Store/select_--Select--Schedule 1Inj'

2018-05-31 14:21:58 - [TEST_STEP][PASSED] - delay: Delayed 1 second(s)

2018-05-31 14:21:59 - [MESSAGE][PASSED] - Delayed 1 second(s)

2018-05-31 14:21:59 - [TEST_STEP][PASSED] - selectOptionByIndex: All options with index in [74] are selected on object 'Object Repository/DispensaryToCms/Page_Dispensary Store/select_--Select--Adernaline 0.'

2018-05-31 14:22:00 - [MESSAGE][PASSED] - All options with index in [74] are selected on object 'Object Repository/DispensaryToCms/Page_Dispensary Store/select_--Select--Adernaline 0.'

2018-05-31 14:22:00 - [TEST_STEP][PASSED] - setText: Text '100' is set on object 'Object Repository/DispensaryToCms/Page_Dispensary Store/input_txttreat'

2018-05-31 14:22:00 - [MESSAGE][PASSED] - Text '100' is set on object 'Object Repository/DispensaryToCms/Page_Dispensary Store/input_txttreat'

2018-05-31 14:22:00 - [TEST_STEP][PASSED] - click: Object: 'Object Repository/DispensaryToCms/Page_Dispensary Store/button_Add' is clicked on

2018-05-31 14:22:00 - [MESSAGE][PASSED] - Object: 'Object Repository/DispensaryToCms/Page_Dispensary Store/button_Add' is clicked on

2018-05-31 14:22:00 - [TEST_STEP][PASSED] - delay: Delayed 1 second(s)

2018-05-31 14:22:01 - [MESSAGE][PASSED] - Delayed 1 second(s)

2018-05-31 14:22:01 - [TEST_STEP][PASSED] - selectOptionByIndex: All options with index in [11] are selected on object 'Object Repository/DispensaryToCms/Page_Dispensary Store/select_--Select--Schedule 1Inj'

2018-05-31 14:22:02 - [MESSAGE][PASSED] - All options with index in [11] are selected on object 'Object Repository/DispensaryToCms/Page_Dispensary Store/select_--Select--Schedule 1Inj'

2018-05-31 14:22:02 - [TEST_STEP][PASSED] - delay: Delayed 1 second(s)

2018-05-31 14:22:03 - [MESSAGE][PASSED] - Delayed 1 second(s)

2018-05-31 14:22:03 - [TEST_STEP][PASSED] - selectOptionByIndex: All options with index in [75] are selected on object 'Object Repository/DispensaryToCms/Page_Dispensary Store/select_--Select--Adernaline 0.'

2018-05-31 14:22:04 - [MESSAGE][PASSED] - All options with index in [75] are selected on object 'Object Repository/DispensaryToCms/Page_Dispensary Store/select_--Select--Adernaline 0.'

2018-05-31 14:22:04 - [TEST_STEP][PASSED] - setText: Text '100' is set on object 'Object Repository/DispensaryToCms/Page_Dispensary Store/input_txttreat'

2018-05-31 14:22:04 - [MESSAGE][PASSED] - Text '100' is set on object 'Object Repository/DispensaryToCms/Page_Dispensary Store/input_txttreat'

2018-05-31 14:22:04 - [TEST_STEP][PASSED] - click: Object: 'Object Repository/DispensaryToCms/Page_Dispensary Store/button_Add' is clicked on

2018-05-31 14:22:04 - [MESSAGE][PASSED] - Object: 'Object Repository/DispensaryToCms/Page_Dispensary Store/button_Add' is clicked on

2018-05-31 14:22:04 - [TEST_STEP][PASSED] - delay: Delayed 1 second(s)

2018-05-31 14:22:05 - [MESSAGE][PASSED] - Delayed 1 second(s)

2018-05-31 14:22:05 - [TEST_STEP][PASSED] - selectOptionByIndex: All options with index in [11] are selected on object 'Object Repository/DispensaryToCms/Page_Dispensary Store/select_--Select--Schedule 1Inj'

2018-05-31 14:22:05 - [MESSAGE][PASSED] - All options with index in [11] are selected on object 'Object Repository/DispensaryToCms/Page_Dispensary Store/select_--Select--Schedule 1Inj'

2018-05-31 14:22:05 - [TEST_STEP][PASSED] - delay: Delayed 1 second(s)

2018-05-31 14:22:06 - [MESSAGE][PASSED] - Delayed 1 second(s)

2018-05-31 14:22:06 - [TEST_STEP][PASSED] - selectOptionByIndex: All options with index in [76] are selected on object 'Object Repository/DispensaryToCms/Page_Dispensary Store/select_--Select--Adernaline 0.'

2018-05-31 14:22:07 - [MESSAGE][PASSED] - All options with index in [76] are selected on object 'Object Repository/DispensaryToCms/Page_Dispensary Store/select_--Select--Adernaline 0.'

2018-05-31 14:22:07 - [TEST_STEP][PASSED] - setText: Text '100' is set on object 'Object Repository/DispensaryToCms/Page_Dispensary Store/input_txttreat'

2018-05-31 14:22:07 - [MESSAGE][PASSED] - Text '100' is set on object 'Object Repository/DispensaryToCms/Page_Dispensary Store/input_txttreat'

2018-05-31 14:22:07 - [TEST_STEP][PASSED] - click: Object: 'Object Repository/DispensaryToCms/Page_Dispensary Store/button_Add' is clicked on

2018-05-31 14:22:07 - [MESSAGE][PASSED] - Object: 'Object Repository/DispensaryToCms/Page_Dispensary Store/button_Add' is clicked on

2018-05-31 14:22:07 - [TEST_STEP][PASSED] - delay: Delayed 1 second(s)

2018-05-31 14:22:08 - [MESSAGE][PASSED] - Delayed 1 second(s)

2018-05-31 14:22:08 - [TEST_STEP][PASSED] - selectOptionByIndex: All options with index in [11] are selected on object 'Object Repository/DispensaryToCms/Page_Dispensary Store/select_--Select--Schedule 1Inj'

2018-05-31 14:22:08 - [MESSAGE][PASSED] - All options with index in [11] are selected on object 'Object Repository/DispensaryToCms/Page_Dispensary Store/select_--Select--Schedule 1Inj'

2018-05-31 14:22:08 - [TEST_STEP][PASSED] - delay: Delayed 1 second(s)

2018-05-31 14:22:09 - [MESSAGE][PASSED] - Delayed 1 second(s)

2018-05-31 14:22:09 - [TEST_STEP][PASSED] - selectOptionByIndex: All options with index in [77] are selected on object 'Object Repository/DispensaryToCms/Page_Dispensary Store/select_--Select--Adernaline 0.'

2018-05-31 14:22:10 - [MESSAGE][PASSED] - All options with index in [77] are selected on object 'Object Repository/DispensaryToCms/Page_Dispensary Store/select_--Select--Adernaline 0.'

2018-05-31 14:22:10 - [TEST_STEP][PASSED] - setText: Text '100' is set on object 'Object Repository/DispensaryToCms/Page_Dispensary Store/input_txttreat'

2018-05-31 14:22:10 - [MESSAGE][PASSED] - Text '100' is set on object 'Object Repository/DispensaryToCms/Page_Dispensary Store/input_txttreat'

2018-05-31 14:22:10 - [TEST_STEP][PASSED] - click: Object: 'Object Repository/DispensaryToCms/Page_Dispensary Store/button_Add' is clicked on

2018-05-31 14:22:11 - [MESSAGE][PASSED] - Object: 'Object Repository/DispensaryToCms/Page_Dispensary Store/button_Add' is clicked on

2018-05-31 14:22:11 - [TEST_STEP][PASSED] - delay: Delayed 1 second(s)

2018-05-31 14:22:12 - [MESSAGE][PASSED] - Delayed 1 second(s)

2018-05-31 14:22:12 - [TEST_STEP][PASSED] - selectOptionByIndex: All options with index in [11] are selected on object 'Object Repository/DispensaryToCms/Page_Dispensary Store/select_--Select--Schedule 1Inj'

2018-05-31 14:22:12 - [MESSAGE][PASSED] - All options with index in [11] are selected on object 'Object Repository/DispensaryToCms/Page_Dispensary Store/select_--Select--Schedule 1Inj'

2018-05-31 14:22:12 - [TEST_STEP][PASSED] - delay: Delayed 1 second(s)

2018-05-31 14:22:13 - [MESSAGE][PASSED] - Delayed 1 second(s)

2018-05-31 14:22:13 - [TEST_STEP][PASSED] - selectOptionByIndex: All options with index in [78] are selected on object 'Object Repository/DispensaryToCms/Page_Dispensary Store/select_--Select--Adernaline 0.'

2018-05-31 14:22:14 - [MESSAGE][PASSED] - All options with index in [78] are selected on object 'Object Repository/DispensaryToCms/Page_Dispensary Store/select_--Select--Adernaline 0.'

2018-05-31 14:22:14 - [TEST_STEP][PASSED] - setText: Text '100' is set on object 'Object Repository/DispensaryToCms/Page_Dispensary Store/input_txttreat'

2018-05-31 14:22:14 - [MESSAGE][PASSED] - Text '100' is set on object 'Object Repository/DispensaryToCms/Page_Dispensary Store/input_txttreat'

2018-05-31 14:22:14 - [TEST_STEP][PASSED] - click: Object: 'Object Repository/DispensaryToCms/Page_Dispensary Store/button_Add' is clicked on

2018-05-31 14:22:14 - [MESSAGE][PASSED] - Object: 'Object Repository/DispensaryToCms/Page_Dispensary Store/button_Add' is clicked on

2018-05-31 14:22:14 - [TEST_STEP][PASSED] - delay: Delayed 1 second(s)

2018-05-31 14:22:15 - [MESSAGE][PASSED] - Delayed 1 second(s)

2018-05-31 14:22:15 - [TEST_STEP][PASSED] - selectOptionByIndex: All options with index in [11] are selected on object 'Object Repository/DispensaryToCms/Page_Dispensary Store/select_--Select--Schedule 1Inj'

2018-05-31 14:22:15 - [MESSAGE][PASSED] - All options with index in [11] are selected on object 'Object Repository/DispensaryToCms/Page_Dispensary Store/select_--Select--Schedule 1Inj'

2018-05-31 14:22:15 - [TEST_STEP][PASSED] - delay: Delayed 1 second(s)

2018-05-31 14:22:16 - [MESSAGE][PASSED] - Delayed 1 second(s)

2018-05-31 14:22:16 - [TEST_STEP][PASSED] - selectOptionByIndex: All options with index in [79] are selected on object 'Object Repository/DispensaryToCms/Page_Dispensary Store/select_--Select--Adernaline 0.'

2018-05-31 14:22:17 - [MESSAGE][PASSED] - All options with index in [79] are selected on object 'Object Repository/DispensaryToCms/Page_Dispensary Store/select_--Select--Adernaline 0.'

2018-05-31 14:22:17 - [TEST_STEP][PASSED] - setText: Text '100' is set on object 'Object Repository/DispensaryToCms/Page_Dispensary Store/input_txttreat'

2018-05-31 14:22:17 - [MESSAGE][PASSED] - Text '100' is set on object 'Object Repository/DispensaryToCms/Page_Dispensary Store/input_txttreat'

2018-05-31 14:22:17 - [TEST_STEP][PASSED] - click: Object: 'Object Repository/DispensaryToCms/Page_Dispensary Store/button_Add' is clicked on

2018-05-31 14:22:17 - [MESSAGE][PASSED] - Object: 'Object Repository/DispensaryToCms/Page_Dispensary Store/button_Add' is clicked on

2018-05-31 14:22:17 - [TEST_STEP][PASSED] - delay: Delayed 1 second(s)

2018-05-31 14:22:18 - [MESSAGE][PASSED] - Delayed 1 second(s)

2018-05-31 14:22:18 - [TEST_STEP][PASSED] - selectOptionByIndex: All options with index in [11] are selected on object 'Object Repository/DispensaryToCms/Page_Dispensary Store/select_--Select--Schedule 1Inj'

2018-05-31 14:22:18 - [MESSAGE][PASSED] - All options with index in [11] are selected on object 'Object Repository/DispensaryToCms/Page_Dispensary Store/select_--Select--Schedule 1Inj'

2018-05-31 14:22:18 - [TEST_STEP][PASSED] - delay: Delayed 1 second(s)

2018-05-31 14:22:19 - [MESSAGE][PASSED] - Delayed 1 second(s)

2018-05-31 14:22:19 - [TEST_STEP][PASSED] - selectOptionByIndex: All options with index in [80] are selected on object 'Object Repository/DispensaryToCms/Page_Dispensary Store/select_--Select--Adernaline 0.'

2018-05-31 14:22:20 - [MESSAGE][PASSED] - All options with index in [80] are selected on object 'Object Repository/DispensaryToCms/Page_Dispensary Store/select_--Select--Adernaline 0.'

2018-05-31 14:22:20 - [TEST_STEP][PASSED] - setText: Text '100' is set on object 'Object Repository/DispensaryToCms/Page_Dispensary Store/input_txttreat'

2018-05-31 14:22:21 - [MESSAGE][PASSED] - Text '100' is set on object 'Object Repository/DispensaryToCms/Page_Dispensary Store/input_txttreat'

2018-05-31 14:22:21 - [TEST_STEP][PASSED] - click: Object: 'Object Repository/DispensaryToCms/Page_Dispensary Store/button_Add' is clicked on

2018-05-31 14:22:21 - [MESSAGE][PASSED] - Object: 'Object Repository/DispensaryToCms/Page_Dispensary Store/button_Add' is clicked on

2018-05-31 14:22:21 - [TEST_STEP][PASSED] - delay: Delayed 1 second(s)

2018-05-31 14:22:22 - [MESSAGE][PASSED] - Delayed 1 second(s)

2018-05-31 14:22:22 - [TEST_STEP][PASSED] - scrollToElement: Scroll to object 'Object Repository/DispensaryToCms/Page_Dispensary Store/input_btnsave' successfully

2018-05-31 14:22:22 - [MESSAGE][PASSED] - Scroll to object 'Object Repository/DispensaryToCms/Page_Dispensary Store/input_btnsave' successfully

2018-05-31 14:22:22 - [TEST_STEP][PASSED] - click: Object: 'Object Repository/DispensaryToCms/Page_Dispensary Store/input_btnsave' is clicked on

2018-05-31 14:22:22 - [MESSAGE][PASSED] - Object: 'Object Repository/DispensaryToCms/Page_Dispensary Store/input_btnsave' is clicked on

2018-05-31 14:22:22 - [TEST_STEP][PASSED] - delay: Delayed 3 second(s)

2018-05-31 14:22:25 - [MESSAGE][PASSED] - Delayed 3 second(s)

2018-05-31 14:22:25 - [TEST_STEP][PASSED] - Statement - RN1 = com.kms.katalon.core.webui.keyword.WebUiBuiltInKeywords.getText(com.kms.katalon.core.testobject.ObjectRepository.findTestObject(DispensaryToCms/Page_Dispensary Store/font_PRNO18052018174)): Text of object 'Object Repository/DispensaryToCms/Page_Dispensary Store/font_PRNO18052018174' is: 'PRNO/31052018/511'

2018-05-31 14:22:25 - [MESSAGE][PASSED] - Text of object 'Object Repository/DispensaryToCms/Page_Dispensary Store/font_PRNO18052018174' is: 'PRNO/31052018/511'

2018-05-31 14:22:25 - [TEST_STEP][PASSED] - Statement - out.println(RN1): null

2018-05-31 14:22:25 - [TEST_STEP][PASSED] - Statement - RID = RN1.split("/")[2]: null

2018-05-31 14:22:25 - [TEST_STEP][PASSED] - click: Object: 'Object Repository/DispensaryToCms/Page_Dispensary Store/button_OK' is clicked on

2018-05-31 14:22:26 - [MESSAGE][PASSED] - Object: 'Object Repository/DispensaryToCms/Page_Dispensary Store/button_OK' is clicked on

2018-05-31 14:22:26 - [TEST_STEP][PASSED] - delay: Delayed 3 second(s)

2018-05-31 14:22:29 - [MESSAGE][PASSED] - Delayed 3 second(s)

2018-05-31 14:22:29 - [TEST_STEP][PASSED] - waitForElementPresent: Object 'Object Repository/DispensaryToStore/Page_Dispensary Store/a_dropdown-toggle' is present

2018-05-31 14:22:29 - [MESSAGE][PASSED] - Object 'Object Repository/DispensaryToStore/Page_Dispensary Store/a_dropdown-toggle' is present

2018-05-31 14:22:29 - [TEST_STEP][PASSED] - click: Object: 'Object Repository/DispensaryToCms/Page_Dispensary Store/a_dropdown-toggle' is clicked on

2018-05-31 14:22:29 - [MESSAGE][PASSED] - Object: 'Object Repository/DispensaryToCms/Page_Dispensary Store/a_dropdown-toggle' is clicked on

2018-05-31 14:22:29 - [TEST_STEP][PASSED] - click: Object: 'Object Repository/DispensaryToCms/Page_Dispensary Store/a_Sign out' is clicked on

2018-05-31 14:22:30 - [MESSAGE][PASSED] - Object: 'Object Repository/DispensaryToCms/Page_Dispensary Store/a_Sign out' is clicked on

2018-05-31 14:22:30 - [TEST_STEP][PASSED] - delay: Delayed 3 second(s)

2018-05-31 14:22:33 - [MESSAGE][PASSED] - Delayed 3 second(s)

2018-05-31 14:22:33 - [TEST_STEP][PASSED] - navigateToUrl: Navigate to 'http://192.168.137.1/multihospital_new/' successfully

2018-05-31 14:22:33 - [MESSAGE][PASSED] - Navigate to 'http://192.168.137.1/multihospital_new/' successfully

2018-05-31 14:22:33 - [TEST_STEP][PASSED] - click: Object: 'Object Repository/DispensaryToCms/Page_KDMC/a_CMO' is clicked on

2018-05-31 14:22:34 - [MESSAGE][PASSED] - Object: 'Object Repository/DispensaryToCms/Page_KDMC/a_CMO' is clicked on

2018-05-31 14:22:34 - [TEST_STEP][PASSED] - setText: Text 'guru' is set on object 'Object Repository/DispensaryToCms/Page_CMO login/input_txtusername'

2018-05-31 14:22:34 - [MESSAGE][PASSED] - Text 'guru' is set on object 'Object Repository/DispensaryToCms/Page_CMO login/input_txtusername'

2018-05-31 14:22:34 - [TEST_STEP][PASSED] - setText: Text '123' is set on object 'Object Repository/DispensaryToCms/Page_CMO login/input_txtpassword'

2018-05-31 14:22:34 - [MESSAGE][PASSED] - Text '123' is set on object 'Object Repository/DispensaryToCms/Page_CMO login/input_txtpassword'

2018-05-31 14:22:34 - [TEST_STEP][PASSED] - delay: Delayed 3 second(s)

2018-05-31 14:22:37 - [MESSAGE][PASSED] - Delayed 3 second(s)

2018-05-31 14:22:37 - [TEST_STEP][PASSED] - click: Object: 'Object Repository/DispensaryToCms/Page_CMO login/button_Sign in' is clicked on

2018-05-31 14:22:38 - [MESSAGE][PASSED] - Object: 'Object Repository/DispensaryToCms/Page_CMO login/button_Sign in' is clicked on

2018-05-31 14:22:38 - [TEST_STEP][PASSED] - delay: Delayed 3 second(s)

2018-05-31 14:22:41 - [MESSAGE][PASSED] - Delayed 3 second(s)

2018-05-31 14:22:41 - [TEST_STEP][PASSED] - click: Object: 'Object Repository/DispensaryToCms/Page_KDMC - CMO/a_CMS Request' is clicked on

2018-05-31 14:22:41 - [MESSAGE][PASSED] - Object: 'Object Repository/DispensaryToCms/Page_KDMC - CMO/a_CMS Request' is clicked on

2018-05-31 14:22:41 - [TEST_STEP][PASSED] - delay: Delayed 2 second(s)

2018-05-31 14:22:43 - [MESSAGE][PASSED] - Delayed 2 second(s)

2018-05-31 14:22:43 - [TEST_STEP][PASSED] - click: Object: 'Object Repository/DispensaryToCms/Page_KDMC - CMO/a_Dispensary Store Request' is clicked on

2018-05-31 14:22:44 - [MESSAGE][PASSED] - Object: 'Object Repository/DispensaryToCms/Page_KDMC - CMO/a_Dispensary Store Request' is clicked on

2018-05-31 14:22:44 - [TEST_STEP][PASSED] - selectOptionByIndex: All options with index in [1] are selected on object 'Object Repository/DispensaryToCms/Page_KDMC - CMO/select_--ALL--'

2018-05-31 14:22:44 - [MESSAGE][PASSED] - All options with index in [1] are selected on object 'Object Repository/DispensaryToCms/Page_KDMC - CMO/select_--ALL--'

2018-05-31 14:22:44 - [TEST_STEP][PASSED] - click: Object: 'Object Repository/DispensaryToCms/Page_KDMC - CMO/input_btnsearch' is clicked on

2018-05-31 14:22:45 - [MESSAGE][PASSED] - Object: 'Object Repository/DispensaryToCms/Page_KDMC - CMO/input_btnsearch' is clicked on

2018-05-31 14:22:45 - [TEST_STEP][PASSED] - Statement - ID = com.kms.katalon.core.webui.keyword.WebUiBuiltInKeywords.modifyObjectProperty(com.kms.katalon.core.testobject.ObjectRepository.findTestObject(lab/Page_KDMC - CMO/input_1), "xpath", "equals", "//*[@id=" + RID + "]", true): Modify property of object successfully

2018-05-31 14:22:45 - [MESSAGE][PASSED] - Modify property of object successfully

2018-05-31 14:22:45 - [TEST_STEP][PASSED] - click: Object: 'Object Repository/lab/Page_KDMC - CMO/input_1' is clicked on

2018-05-31 14:22:45 - [MESSAGE][PASSED] - Object: 'Object Repository/lab/Page_KDMC - CMO/input_1' is clicked on

2018-05-31 14:22:45 - [TEST_STEP][PASSED] - delay: Delayed 2 second(s)

2018-05-31 14:22:47 - [MESSAGE][PASSED] - Delayed 2 second(s)

2018-05-31 14:22:47 - [TEST_STEP][PASSED] - selectOptionByIndex: All options with index in [1] are selected on object 'Object Repository/DispensaryToCms/Page_KDMC - CMO/select_--Select--'

2018-05-31 14:22:48 - [MESSAGE][PASSED] - All options with index in [1] are selected on object 'Object Repository/DispensaryToCms/Page_KDMC - CMO/select_--Select--'

2018-05-31 14:22:48 - [TEST_STEP][PASSED] - click: Object: 'Object Repository/DispensaryToCms/Page_KDMC - CMO/input_btnupdate' is clicked on

2018-05-31 14:22:48 - [MESSAGE][PASSED] - Object: 'Object Repository/DispensaryToCms/Page_KDMC - CMO/input_btnupdate' is clicked on

2018-05-31 14:22:48 - [TEST_STEP][PASSED] - delay: Delayed 2 second(s)

2018-05-31 14:22:50 - [MESSAGE][PASSED] - Delayed 2 second(s)

2018-05-31 14:22:50 - [TEST_STEP][PASSED] - click: Object: 'Object Repository/DispensaryToCms/Page_KDMC - CMO/button_OK' is clicked on

2018-05-31 14:22:50 - [MESSAGE][PASSED] - Object: 'Object Repository/DispensaryToCms/Page_KDMC - CMO/button_OK' is clicked on

2018-05-31 14:22:50 - [TEST_STEP][PASSED] - delay: Delayed 3 second(s)

2018-05-31 14:22:53 - [MESSAGE][PASSED] - Delayed 3 second(s)

2018-05-31 14:22:53 - [TEST_STEP][PASSED] - waitForElementPresent: Object 'Object Repository/DispensaryToStore/Page_Dispensary Store/a_dropdown-toggle' is not present after 20 second(s)

2018-05-31 14:23:14 - [MESSAGE][WARNING] - Object 'Object Repository/DispensaryToStore/Page_Dispensary Store/a_dropdown-toggle' is not present after 20 second(s)

2018-05-31 14:23:14 - [TEST_STEP][PASSED] - click: Object: 'Object Repository/DispensaryToCms/Page_KDMC - CMO/a_dropdown-toggle' is clicked on

2018-05-31 14:23:14 - [MESSAGE][PASSED] - Object: 'Object Repository/DispensaryToCms/Page_KDMC - CMO/a_dropdown-toggle' is clicked on

2018-05-31 14:23:14 - [TEST_STEP][PASSED] - click: Object: 'Object Repository/DispensaryToCms/Page_KDMC - CMO/a_Sign out' is clicked on

2018-05-31 14:23:15 - [MESSAGE][PASSED] - Object: 'Object Repository/DispensaryToCms/Page_KDMC - CMO/a_Sign out' is clicked on

2018-05-31 14:23:15 - [TEST_STEP][PASSED] - delay: Delayed 3 second(s)

2018-05-31 14:23:18 - [MESSAGE][PASSED] - Delayed 3 second(s)

2018-05-31 14:23:18 - [TEST_STEP][PASSED] - click: Object: 'Object Repository/DispensaryToCms/Page_KDMC/a_CMS' is clicked on

2018-05-31 14:23:18 - [MESSAGE][PASSED] - Object: 'Object Repository/DispensaryToCms/Page_KDMC/a_CMS' is clicked on

2018-05-31 14:23:18 - [TEST_STEP][PASSED] - setText: Text 'bala' is set on object 'Object Repository/DispensaryToCms/Page_CMS login/input_txtusername'

2018-05-31 14:23:18 - [MESSAGE][PASSED] - Text 'bala' is set on object 'Object Repository/DispensaryToCms/Page_CMS login/input_txtusername'

2018-05-31 14:23:18 - [TEST_STEP][PASSED] - setText: Text '123' is set on object 'Object Repository/DispensaryToCms/Page_CMS login/input_txtpassword'

2018-05-31 14:23:19 - [MESSAGE][PASSED] - Text '123' is set on object 'Object Repository/DispensaryToCms/Page_CMS login/input_txtpassword'

2018-05-31 14:23:19 - [TEST_STEP][PASSED] - delay: Delayed 3 second(s)

2018-05-31 14:23:22 - [MESSAGE][PASSED] - Delayed 3 second(s)

2018-05-31 14:23:22 - [TEST_STEP][PASSED] - Statement - Try: Object: 'Object Repository/DispensaryToCms/Page_CMS login/button_Sign in' is clicked on

2018-05-31 14:23:22 - [TEST_STEP][PASSED] - click: Object: 'Object Repository/DispensaryToCms/Page_CMS login/button_Sign in' is clicked on

2018-05-31 14:23:22 - [MESSAGE][PASSED] - Object: 'Object Repository/DispensaryToCms/Page_CMS login/button_Sign in' is clicked on

2018-05-31 14:23:22 - [TEST_STEP][PASSED] - delay: Delayed 3 second(s)

2018-05-31 14:23:25 - [MESSAGE][PASSED] - Delayed 3 second(s)

2018-05-31 14:23:25 - [TEST_STEP][PASSED] - click: Object: 'Object Repository/DispensaryToCms/Page_KDMC - CMS/a_Divisional Store' is clicked on

2018-05-31 14:23:25 - [MESSAGE][PASSED] - Object: 'Object Repository/DispensaryToCms/Page_KDMC - CMS/a_Divisional Store' is clicked on

2018-05-31 14:23:25 - [TEST_STEP][PASSED] - delay: Delayed 2 second(s)

2018-05-31 14:23:27 - [MESSAGE][PASSED] - Delayed 2 second(s)

2018-05-31 14:23:27 - [TEST_STEP][PASSED] - click: Object: 'Object Repository/DispensaryToCms/Page_KDMC - CMS/a_Dispatch Items' is clicked on

2018-05-31 14:23:28 - [MESSAGE][PASSED] - Object: 'Object Repository/DispensaryToCms/Page_KDMC - CMS/a_Dispatch Items' is clicked on

2018-05-31 14:23:28 - [TEST_STEP][PASSED] - delay: Delayed 2 second(s)

2018-05-31 14:23:30 - [MESSAGE][PASSED] - Delayed 2 second(s)

2018-05-31 14:23:30 - [TEST_STEP][PASSED] - setText: Text 'PRNO/31052018/511' is set on object 'Object Repository/DispensaryToCms/Page_KDMC - CMS/input'

2018-05-31 14:23:30 - [MESSAGE][PASSED] - Text 'PRNO/31052018/511' is set on object 'Object Repository/DispensaryToCms/Page_KDMC - CMS/input'

2018-05-31 14:23:30 - [TEST_STEP][PASSED] - click: Object: 'Object Repository/DispensaryToCms/Page_KDMC - CMS/input_PRNO18052018174' is clicked on

2018-05-31 14:23:31 - [MESSAGE][PASSED] - Object: 'Object Repository/DispensaryToCms/Page_KDMC - CMS/input_PRNO18052018174' is clicked on

2018-05-31 14:23:31 - [TEST_STEP][PASSED] - delay: Delayed 3 second(s)

2018-05-31 14:23:34 - [MESSAGE][PASSED] - Delayed 3 second(s)

2018-05-31 14:23:34 - [TEST_STEP][PASSED] - Statement - out.println("Length : " + medicineslength): null

2018-05-31 14:23:34 - [TEST_STEP][PASSED] - Statement - For ([row = 0, row < medicineslength - 1, (row++)]): null

2018-05-31 14:23:34 - [TEST_STEP][PASSED] - Statement - batchlength = new com.kms.katalon.core.testobject.TestObject(): null

2018-05-31 14:23:34 - [TEST_STEP][PASSED] - Statement - batchlength = com.kms.katalon.core.webui.keyword.WebUiBuiltInKeywords.modifyObjectProperty(batchlength, "xpath", "equals", "//*[@id = "fldvendor" + row + ""]", true): Modify property of object successfully

2018-05-31 14:23:34 - [MESSAGE][PASSED] - Modify property of object successfully

2018-05-31 14:23:34 - [TEST_STEP][PASSED] - Statement - batchsize = com.kms.katalon.core.webui.keyword.WebUiBuiltInKeywords.getNumberOfTotalOption(batchlength): 7 options of object '' counted

2018-05-31 14:23:34 - [MESSAGE][PASSED] - 7 options of object '' counted

2018-05-31 14:23:34 - [TEST_STEP][PASSED] - Statement - out.println("BatchSize : " + batchsize): null

2018-05-31 14:23:34 - [TEST_STEP][PASSED] - Statement - For ([n = 1, n <= batchsize - 1, (n++)]): null

2018-05-31 14:23:34 - [TEST_STEP][PASSED] - Statement - product = new com.kms.katalon.core.testobject.TestObject(): null

2018-05-31 14:23:34 - [TEST_STEP][PASSED] - Statement - product = com.kms.katalon.core.webui.keyword.WebUiBuiltInKeywords.modifyObjectProperty(product, "xpath", "equals", "//*[@id = "fldvendor" + row + ""]", true): Modify property of object successfully

2018-05-31 14:23:34 - [MESSAGE][PASSED] - Modify property of object successfully

2018-05-31 14:23:34 - [TEST_STEP][PASSED] - selectOptionByIndex: All options with index in [1] are selected on object ''

2018-05-31 14:23:34 - [MESSAGE][PASSED] - All options with index in [1] are selected on object ''

2018-05-31 14:23:34 - [TEST_STEP][PASSED] - delay: Delayed 2 second(s)

2018-05-31 14:23:36 - [MESSAGE][PASSED] - Delayed 2 second(s)

2018-05-31 14:23:36 - [TEST_STEP][PASSED] - Statement - batch = new com.kms.katalon.core.testobject.TestObject(): null

2018-05-31 14:23:36 - [TEST_STEP][PASSED] - Statement - batch = com.kms.katalon.core.webui.keyword.WebUiBuiltInKeywords.modifyObjectProperty(batch, "xpath", "equals", "//*[@id = "txtbthqty" + row + ""]", true): Modify property of object successfully

2018-05-31 14:23:36 - [MESSAGE][PASSED] - Modify property of object successfully

2018-05-31 14:23:36 - [TEST_STEP][PASSED] - Statement - batchqty = com.kms.katalon.core.webui.keyword.WebUiBuiltInKeywords.getAttribute(batch, "value").trim(): Attribute 'value' of object '' is: '4800'

2018-05-31 14:23:36 - [MESSAGE][PASSED] - Attribute 'value' of object '' is: '4800'

2018-05-31 14:23:36 - [TEST_STEP][PASSED] - Statement - Rqty = 100: null

2018-05-31 14:23:36 - [TEST_STEP][PASSED] - Statement - out.println("BatchQty : " + batchqty): null

2018-05-31 14:23:36 - [TEST_STEP][PASSED] - Statement - out.println("RQty : " + Rqty): null

2018-05-31 14:23:36 - [TEST_STEP][PASSED] - Statement - If (java.lang.Integer.valueOf(batchqty) >= java.lang.Integer.valueOf(Rqty)): null

2018-05-31 14:23:36 - [TEST_STEP][PASSED] - Statement - Break: null

2018-05-31 14:23:36 - [TEST_STEP][PASSED] - Statement - batchlength = new com.kms.katalon.core.testobject.TestObject(): null

2018-05-31 14:23:36 - [TEST_STEP][PASSED] - Statement - batchlength = com.kms.katalon.core.webui.keyword.WebUiBuiltInKeywords.modifyObjectProperty(batchlength, "xpath", "equals", "//*[@id = "fldvendor" + row + ""]", true): Modify property of object successfully

2018-05-31 14:23:36 - [MESSAGE][PASSED] - Modify property of object successfully

2018-05-31 14:23:36 - [TEST_STEP][PASSED] - Statement - batchsize = com.kms.katalon.core.webui.keyword.WebUiBuiltInKeywords.getNumberOfTotalOption(batchlength): 8 options of object '' counted

2018-05-31 14:23:36 - [MESSAGE][PASSED] - 8 options of object '' counted

2018-05-31 14:23:36 - [TEST_STEP][PASSED] - Statement - out.println("BatchSize : " + batchsize): null

2018-05-31 14:23:36 - [TEST_STEP][PASSED] - Statement - For ([n = 1, n <= batchsize - 1, (n++)]): null

2018-05-31 14:23:36 - [TEST_STEP][PASSED] - Statement - product = new com.kms.katalon.core.testobject.TestObject(): null

2018-05-31 14:23:36 - [TEST_STEP][PASSED] - Statement - product = com.kms.katalon.core.webui.keyword.WebUiBuiltInKeywords.modifyObjectProperty(product, "xpath", "equals", "//*[@id = "fldvendor" + row + ""]", true): Modify property of object successfully

2018-05-31 14:23:36 - [MESSAGE][PASSED] - Modify property of object successfully

2018-05-31 14:23:36 - [TEST_STEP][PASSED] - selectOptionByIndex: All options with index in [1] are selected on object ''

2018-05-31 14:23:36 - [MESSAGE][PASSED] - All options with index in [1] are selected on object ''

2018-05-31 14:23:36 - [TEST_STEP][PASSED] - delay: Delayed 2 second(s)

2018-05-31 14:23:38 - [MESSAGE][PASSED] - Delayed 2 second(s)

2018-05-31 14:23:38 - [TEST_STEP][PASSED] - Statement - batch = new com.kms.katalon.core.testobject.TestObject(): null

2018-05-31 14:23:38 - [TEST_STEP][PASSED] - Statement - batch = com.kms.katalon.core.webui.keyword.WebUiBuiltInKeywords.modifyObjectProperty(batch, "xpath", "equals", "//*[@id = "txtbthqty" + row + ""]", true): Modify property of object successfully

2018-05-31 14:23:38 - [MESSAGE][PASSED] - Modify property of object successfully

2018-05-31 14:23:38 - [TEST_STEP][PASSED] - Statement - batchqty = com.kms.katalon.core.webui.keyword.WebUiBuiltInKeywords.getAttribute(batch, "value").trim(): Attribute 'value' of object '' is: '4800'

2018-05-31 14:23:38 - [MESSAGE][PASSED] - Attribute 'value' of object '' is: '4800'

2018-05-31 14:23:38 - [TEST_STEP][PASSED] - Statement - Rqty = 100: null

2018-05-31 14:23:38 - [TEST_STEP][PASSED] - Statement - out.println("BatchQty : " + batchqty): null

2018-05-31 14:23:38 - [TEST_STEP][PASSED] - Statement - out.println("RQty : " + Rqty): null

2018-05-31 14:23:38 - [TEST_STEP][PASSED] - Statement - If (java.lang.Integer.valueOf(batchqty) >= java.lang.Integer.valueOf(Rqty)): null

2018-05-31 14:23:38 - [TEST_STEP][PASSED] - Statement - Break: null

2018-05-31 14:23:38 - [TEST_STEP][PASSED] - Statement - batchlength = new com.kms.katalon.core.testobject.TestObject(): null

2018-05-31 14:23:38 - [TEST_STEP][PASSED] - Statement - batchlength = com.kms.katalon.core.webui.keyword.WebUiBuiltInKeywords.modifyObjectProperty(batchlength, "xpath", "equals", "//*[@id = "fldvendor" + row + ""]", true): Modify property of object successfully

2018-05-31 14:23:38 - [MESSAGE][PASSED] - Modify property of object successfully

2018-05-31 14:23:38 - [TEST_STEP][PASSED] - Statement - batchsize = com.kms.katalon.core.webui.keyword.WebUiBuiltInKeywords.getNumberOfTotalOption(batchlength): 6 options of object '' counted

2018-05-31 14:23:38 - [MESSAGE][PASSED] - 6 options of object '' counted

2018-05-31 14:23:38 - [TEST_STEP][PASSED] - Statement - out.println("BatchSize : " + batchsize): null

2018-05-31 14:23:38 - [TEST_STEP][PASSED] - Statement - For ([n = 1, n <= batchsize - 1, (n++)]): null

2018-05-31 14:23:38 - [TEST_STEP][PASSED] - Statement - product = new com.kms.katalon.core.testobject.TestObject(): null

2018-05-31 14:23:38 - [TEST_STEP][PASSED] - Statement - product = com.kms.katalon.core.webui.keyword.WebUiBuiltInKeywords.modifyObjectProperty(product, "xpath", "equals", "//*[@id = "fldvendor" + row + ""]", true): Modify property of object successfully

2018-05-31 14:23:38 - [MESSAGE][PASSED] - Modify property of object successfully

2018-05-31 14:23:38 - [TEST_STEP][PASSED] - selectOptionByIndex: All options with index in [1] are selected on object ''

2018-05-31 14:23:38 - [MESSAGE][PASSED] - All options with index in [1] are selected on object ''

2018-05-31 14:23:38 - [TEST_STEP][PASSED] - delay: Delayed 2 second(s)

2018-05-31 14:23:40 - [MESSAGE][PASSED] - Delayed 2 second(s)

2018-05-31 14:23:40 - [TEST_STEP][PASSED] - Statement - batch = new com.kms.katalon.core.testobject.TestObject(): null

2018-05-31 14:23:40 - [TEST_STEP][PASSED] - Statement - batch = com.kms.katalon.core.webui.keyword.WebUiBuiltInKeywords.modifyObjectProperty(batch, "xpath", "equals", "//*[@id = "txtbthqty" + row + ""]", true): Modify property of object successfully

2018-05-31 14:23:40 - [MESSAGE][PASSED] - Modify property of object successfully

2018-05-31 14:23:40 - [TEST_STEP][PASSED] - Statement - batchqty = com.kms.katalon.core.webui.keyword.WebUiBuiltInKeywords.getAttribute(batch, "value").trim(): Attribute 'value' of object '' is: '5000'

2018-05-31 14:23:40 - [MESSAGE][PASSED] - Attribute 'value' of object '' is: '5000'

2018-05-31 14:23:40 - [TEST_STEP][PASSED] - Statement - Rqty = 100: null

2018-05-31 14:23:40 - [TEST_STEP][PASSED] - Statement - out.println("BatchQty : " + batchqty): null

2018-05-31 14:23:40 - [TEST_STEP][PASSED] - Statement - out.println("RQty : " + Rqty): null

2018-05-31 14:23:40 - [TEST_STEP][PASSED] - Statement - If (java.lang.Integer.valueOf(batchqty) >= java.lang.Integer.valueOf(Rqty)): null

2018-05-31 14:23:40 - [TEST_STEP][PASSED] - Statement - Break: null

2018-05-31 14:23:40 - [TEST_STEP][PASSED] - Statement - batchlength = new com.kms.katalon.core.testobject.TestObject(): null

2018-05-31 14:23:40 - [TEST_STEP][PASSED] - Statement - batchlength = com.kms.katalon.core.webui.keyword.WebUiBuiltInKeywords.modifyObjectProperty(batchlength, "xpath", "equals", "//*[@id = "fldvendor" + row + ""]", true): Modify property of object successfully

2018-05-31 14:23:40 - [MESSAGE][PASSED] - Modify property of object successfully

2018-05-31 14:23:40 - [TEST_STEP][PASSED] - Statement - batchsize = com.kms.katalon.core.webui.keyword.WebUiBuiltInKeywords.getNumberOfTotalOption(batchlength): 8 options of object '' counted

2018-05-31 14:23:40 - [MESSAGE][PASSED] - 8 options of object '' counted

2018-05-31 14:23:40 - [TEST_STEP][PASSED] - Statement - out.println("BatchSize : " + batchsize): null

2018-05-31 14:23:40 - [TEST_STEP][PASSED] - Statement - For ([n = 1, n <= batchsize - 1, (n++)]): null

2018-05-31 14:23:40 - [TEST_STEP][PASSED] - Statement - product = new com.kms.katalon.core.testobject.TestObject(): null

2018-05-31 14:23:40 - [TEST_STEP][PASSED] - Statement - product = com.kms.katalon.core.webui.keyword.WebUiBuiltInKeywords.modifyObjectProperty(product, "xpath", "equals", "//*[@id = "fldvendor" + row + ""]", true): Modify property of object successfully

2018-05-31 14:23:40 - [MESSAGE][PASSED] - Modify property of object successfully

2018-05-31 14:23:40 - [TEST_STEP][PASSED] - selectOptionByIndex: All options with index in [1] are selected on object ''

2018-05-31 14:23:41 - [MESSAGE][PASSED] - All options with index in [1] are selected on object ''

2018-05-31 14:23:41 - [TEST_STEP][PASSED] - delay: Delayed 2 second(s)

2018-05-31 14:23:43 - [MESSAGE][PASSED] - Delayed 2 second(s)

2018-05-31 14:23:43 - [TEST_STEP][PASSED] - Statement - batch = new com.kms.katalon.core.testobject.TestObject(): null

2018-05-31 14:23:43 - [TEST_STEP][PASSED] - Statement - batch = com.kms.katalon.core.webui.keyword.WebUiBuiltInKeywords.modifyObjectProperty(batch, "xpath", "equals", "//*[@id = "txtbthqty" + row + ""]", true): Modify property of object successfully

2018-05-31 14:23:43 - [MESSAGE][PASSED] - Modify property of object successfully

2018-05-31 14:23:43 - [TEST_STEP][PASSED] - Statement - batchqty = com.kms.katalon.core.webui.keyword.WebUiBuiltInKeywords.getAttribute(batch, "value").trim(): Attribute 'value' of object '' is: '4800'

2018-05-31 14:23:43 - [MESSAGE][PASSED] - Attribute 'value' of object '' is: '4800'

2018-05-31 14:23:43 - [TEST_STEP][PASSED] - Statement - Rqty = 100: null

2018-05-31 14:23:43 - [TEST_STEP][PASSED] - Statement - out.println("BatchQty : " + batchqty): null

2018-05-31 14:23:43 - [TEST_STEP][PASSED] - Statement - out.println("RQty : " + Rqty): null

2018-05-31 14:23:43 - [TEST_STEP][PASSED] - Statement - If (java.lang.Integer.valueOf(batchqty) >= java.lang.Integer.valueOf(Rqty)): null

2018-05-31 14:23:43 - [TEST_STEP][PASSED] - Statement - Break: null

2018-05-31 14:23:43 - [TEST_STEP][PASSED] - Statement - batchlength = new com.kms.katalon.core.testobject.TestObject(): null

2018-05-31 14:23:43 - [TEST_STEP][PASSED] - Statement - batchlength = com.kms.katalon.core.webui.keyword.WebUiBuiltInKeywords.modifyObjectProperty(batchlength, "xpath", "equals", "//*[@id = "fldvendor" + row + ""]", true): Modify property of object successfully

2018-05-31 14:23:43 - [MESSAGE][PASSED] - Modify property of object successfully

2018-05-31 14:23:43 - [TEST_STEP][PASSED] - Statement - batchsize = com.kms.katalon.core.webui.keyword.WebUiBuiltInKeywords.getNumberOfTotalOption(batchlength): 7 options of object '' counted

2018-05-31 14:23:43 - [MESSAGE][PASSED] - 7 options of object '' counted

2018-05-31 14:23:43 - [TEST_STEP][PASSED] - Statement - out.println("BatchSize : " + batchsize): null

2018-05-31 14:23:43 - [TEST_STEP][PASSED] - Statement - For ([n = 1, n <= batchsize - 1, (n++)]): null

2018-05-31 14:23:43 - [TEST_STEP][PASSED] - Statement - product = new com.kms.katalon.core.testobject.TestObject(): null

2018-05-31 14:23:43 - [TEST_STEP][PASSED] - Statement - product = com.kms.katalon.core.webui.keyword.WebUiBuiltInKeywords.modifyObjectProperty(product, "xpath", "equals", "//*[@id = "fldvendor" + row + ""]", true): Modify property of object successfully

2018-05-31 14:23:43 - [MESSAGE][PASSED] - Modify property of object successfully

2018-05-31 14:23:43 - [TEST_STEP][PASSED] - selectOptionByIndex: All options with index in [1] are selected on object ''

2018-05-31 14:23:43 - [MESSAGE][PASSED] - All options with index in [1] are selected on object ''

2018-05-31 14:23:43 - [TEST_STEP][PASSED] - delay: Delayed 2 second(s)

2018-05-31 14:23:45 - [MESSAGE][PASSED] - Delayed 2 second(s)

2018-05-31 14:23:45 - [TEST_STEP][PASSED] - Statement - batch = new com.kms.katalon.core.testobject.TestObject(): null

2018-05-31 14:23:45 - [TEST_STEP][PASSED] - Statement - batch = com.kms.katalon.core.webui.keyword.WebUiBuiltInKeywords.modifyObjectProperty(batch, "xpath", "equals", "//*[@id = "txtbthqty" + row + ""]", true): Modify property of object successfully

2018-05-31 14:23:45 - [MESSAGE][PASSED] - Modify property of object successfully

2018-05-31 14:23:45 - [TEST_STEP][PASSED] - Statement - batchqty = com.kms.katalon.core.webui.keyword.WebUiBuiltInKeywords.getAttribute(batch, "value").trim(): Attribute 'value' of object '' is: '4800'

2018-05-31 14:23:45 - [MESSAGE][PASSED] - Attribute 'value' of object '' is: '4800'

2018-05-31 14:23:45 - [TEST_STEP][PASSED] - Statement - Rqty = 100: null

2018-05-31 14:23:45 - [TEST_STEP][PASSED] - Statement - out.println("BatchQty : " + batchqty): null

2018-05-31 14:23:45 - [TEST_STEP][PASSED] - Statement - out.println("RQty : " + Rqty): null

2018-05-31 14:23:45 - [TEST_STEP][PASSED] - Statement - If (java.lang.Integer.valueOf(batchqty) >= java.lang.Integer.valueOf(Rqty)): null

2018-05-31 14:23:45 - [TEST_STEP][PASSED] - Statement - Break: null

2018-05-31 14:23:45 - [TEST_STEP][PASSED] - Statement - batchlength = new com.kms.katalon.core.testobject.TestObject(): null

2018-05-31 14:23:45 - [TEST_STEP][PASSED] - Statement - batchlength = com.kms.katalon.core.webui.keyword.WebUiBuiltInKeywords.modifyObjectProperty(batchlength, "xpath", "equals", "//*[@id = "fldvendor" + row + ""]", true): Modify property of object successfully

2018-05-31 14:23:45 - [MESSAGE][PASSED] - Modify property of object successfully

2018-05-31 14:23:45 - [TEST_STEP][PASSED] - Statement - batchsize = com.kms.katalon.core.webui.keyword.WebUiBuiltInKeywords.getNumberOfTotalOption(batchlength): 8 options of object '' counted

2018-05-31 14:23:45 - [MESSAGE][PASSED] - 8 options of object '' counted

2018-05-31 14:23:45 - [TEST_STEP][PASSED] - Statement - out.println("BatchSize : " + batchsize): null

2018-05-31 14:23:45 - [TEST_STEP][PASSED] - Statement - For ([n = 1, n <= batchsize - 1, (n++)]): null

2018-05-31 14:23:45 - [TEST_STEP][PASSED] - Statement - product = new com.kms.katalon.core.testobject.TestObject(): null

2018-05-31 14:23:45 - [TEST_STEP][PASSED] - Statement - product = com.kms.katalon.core.webui.keyword.WebUiBuiltInKeywords.modifyObjectProperty(product, "xpath", "equals", "//*[@id = "fldvendor" + row + ""]", true): Modify property of object successfully

2018-05-31 14:23:45 - [MESSAGE][PASSED] - Modify property of object successfully

2018-05-31 14:23:45 - [TEST_STEP][PASSED] - selectOptionByIndex: All options with index in [1] are selected on object ''

2018-05-31 14:23:45 - [MESSAGE][PASSED] - All options with index in [1] are selected on object ''

2018-05-31 14:23:45 - [TEST_STEP][PASSED] - delay: Delayed 2 second(s)

2018-05-31 14:23:47 - [MESSAGE][PASSED] - Delayed 2 second(s)

2018-05-31 14:23:47 - [TEST_STEP][PASSED] - Statement - batch = new com.kms.katalon.core.testobject.TestObject(): null

2018-05-31 14:23:47 - [TEST_STEP][PASSED] - Statement - batch = com.kms.katalon.core.webui.keyword.WebUiBuiltInKeywords.modifyObjectProperty(batch, "xpath", "equals", "//*[@id = "txtbthqty" + row + ""]", true): Modify property of object successfully

2018-05-31 14:23:47 - [MESSAGE][PASSED] - Modify property of object successfully

2018-05-31 14:23:47 - [TEST_STEP][PASSED] - Statement - batchqty = com.kms.katalon.core.webui.keyword.WebUiBuiltInKeywords.getAttribute(batch, "value").trim(): Attribute 'value' of object '' is: '4800'

2018-05-31 14:23:47 - [MESSAGE][PASSED] - Attribute 'value' of object '' is: '4800'

2018-05-31 14:23:47 - [TEST_STEP][PASSED] - Statement - Rqty = 100: null

2018-05-31 14:23:47 - [TEST_STEP][PASSED] - Statement - out.println("BatchQty : " + batchqty): null

2018-05-31 14:23:47 - [TEST_STEP][PASSED] - Statement - out.println("RQty : " + Rqty): null

2018-05-31 14:23:47 - [TEST_STEP][PASSED] - Statement - If (java.lang.Integer.valueOf(batchqty) >= java.lang.Integer.valueOf(Rqty)): null

2018-05-31 14:23:47 - [TEST_STEP][PASSED] - Statement - Break: null

2018-05-31 14:23:47 - [TEST_STEP][PASSED] - Statement - batchlength = new com.kms.katalon.core.testobject.TestObject(): null

2018-05-31 14:23:47 - [TEST_STEP][PASSED] - Statement - batchlength = com.kms.katalon.core.webui.keyword.WebUiBuiltInKeywords.modifyObjectProperty(batchlength, "xpath", "equals", "//*[@id = "fldvendor" + row + ""]", true): Modify property of object successfully

2018-05-31 14:23:47 - [MESSAGE][PASSED] - Modify property of object successfully

2018-05-31 14:23:47 - [TEST_STEP][PASSED] - Statement - batchsize = com.kms.katalon.core.webui.keyword.WebUiBuiltInKeywords.getNumberOfTotalOption(batchlength): 7 options of object '' counted

2018-05-31 14:23:47 - [MESSAGE][PASSED] - 7 options of object '' counted

2018-05-31 14:23:47 - [TEST_STEP][PASSED] - Statement - out.println("BatchSize : " + batchsize): null

2018-05-31 14:23:47 - [TEST_STEP][PASSED] - Statement - For ([n = 1, n <= batchsize - 1, (n++)]): null

2018-05-31 14:23:47 - [TEST_STEP][PASSED] - Statement - product = new com.kms.katalon.core.testobject.TestObject(): null

2018-05-31 14:23:47 - [TEST_STEP][PASSED] - Statement - product = com.kms.katalon.core.webui.keyword.WebUiBuiltInKeywords.modifyObjectProperty(product, "xpath", "equals", "//*[@id = "fldvendor" + row + ""]", true): Modify property of object successfully

2018-05-31 14:23:47 - [MESSAGE][PASSED] - Modify property of object successfully

2018-05-31 14:23:47 - [TEST_STEP][PASSED] - selectOptionByIndex: All options with index in [1] are selected on object ''

2018-05-31 14:23:47 - [MESSAGE][PASSED] - All options with index in [1] are selected on object ''

2018-05-31 14:23:47 - [TEST_STEP][PASSED] - delay: Delayed 2 second(s)

2018-05-31 14:23:49 - [MESSAGE][PASSED] - Delayed 2 second(s)

2018-05-31 14:23:49 - [TEST_STEP][PASSED] - Statement - batch = new com.kms.katalon.core.testobject.TestObject(): null

2018-05-31 14:23:49 - [TEST_STEP][PASSED] - Statement - batch = com.kms.katalon.core.webui.keyword.WebUiBuiltInKeywords.modifyObjectProperty(batch, "xpath", "equals", "//*[@id = "txtbthqty" + row + ""]", true): Modify property of object successfully

2018-05-31 14:23:49 - [MESSAGE][PASSED] - Modify property of object successfully

2018-05-31 14:23:49 - [TEST_STEP][PASSED] - Statement - batchqty = com.kms.katalon.core.webui.keyword.WebUiBuiltInKeywords.getAttribute(batch, "value").trim(): Attribute 'value' of object '' is: '5000'

2018-05-31 14:23:49 - [MESSAGE][PASSED] - Attribute 'value' of object '' is: '5000'

2018-05-31 14:23:49 - [TEST_STEP][PASSED] - Statement - Rqty = 100: null

2018-05-31 14:23:49 - [TEST_STEP][PASSED] - Statement - out.println("BatchQty : " + batchqty): null

2018-05-31 14:23:49 - [TEST_STEP][PASSED] - Statement - out.println("RQty : " + Rqty): null

2018-05-31 14:23:49 - [TEST_STEP][PASSED] - Statement - If (java.lang.Integer.valueOf(batchqty) >= java.lang.Integer.valueOf(Rqty)): null

2018-05-31 14:23:49 - [TEST_STEP][PASSED] - Statement - Break: null

2018-05-31 14:23:49 - [TEST_STEP][PASSED] - Statement - batchlength = new com.kms.katalon.core.testobject.TestObject(): null

2018-05-31 14:23:49 - [TEST_STEP][PASSED] - Statement - batchlength = com.kms.katalon.core.webui.keyword.WebUiBuiltInKeywords.modifyObjectProperty(batchlength, "xpath", "equals", "//*[@id = "fldvendor" + row + ""]", true): Modify property of object successfully

2018-05-31 14:23:49 - [MESSAGE][PASSED] - Modify property of object successfully

2018-05-31 14:23:49 - [TEST_STEP][PASSED] - Statement - batchsize = com.kms.katalon.core.webui.keyword.WebUiBuiltInKeywords.getNumberOfTotalOption(batchlength): 8 options of object '' counted

2018-05-31 14:23:49 - [MESSAGE][PASSED] - 8 options of object '' counted

2018-05-31 14:23:49 - [TEST_STEP][PASSED] - Statement - out.println("BatchSize : " + batchsize): null

2018-05-31 14:23:49 - [TEST_STEP][PASSED] - Statement - For ([n = 1, n <= batchsize - 1, (n++)]): null

2018-05-31 14:23:49 - [TEST_STEP][PASSED] - Statement - product = new com.kms.katalon.core.testobject.TestObject(): null

2018-05-31 14:23:49 - [TEST_STEP][PASSED] - Statement - product = com.kms.katalon.core.webui.keyword.WebUiBuiltInKeywords.modifyObjectProperty(product, "xpath", "equals", "//*[@id = "fldvendor" + row + ""]", true): Modify property of object successfully

2018-05-31 14:23:49 - [MESSAGE][PASSED] - Modify property of object successfully

2018-05-31 14:23:49 - [TEST_STEP][PASSED] - selectOptionByIndex: All options with index in [1] are selected on object ''

2018-05-31 14:23:50 - [MESSAGE][PASSED] - All options with index in [1] are selected on object ''

2018-05-31 14:23:50 - [TEST_STEP][PASSED] - delay: Delayed 2 second(s)

2018-05-31 14:23:52 - [MESSAGE][PASSED] - Delayed 2 second(s)

2018-05-31 14:23:52 - [TEST_STEP][PASSED] - Statement - batch = new com.kms.katalon.core.testobject.TestObject(): null

2018-05-31 14:23:52 - [TEST_STEP][PASSED] - Statement - batch = com.kms.katalon.core.webui.keyword.WebUiBuiltInKeywords.modifyObjectProperty(batch, "xpath", "equals", "//*[@id = "txtbthqty" + row + ""]", true): Modify property of object successfully

2018-05-31 14:23:52 - [MESSAGE][PASSED] - Modify property of object successfully

2018-05-31 14:23:52 - [TEST_STEP][PASSED] - Statement - batchqty = com.kms.katalon.core.webui.keyword.WebUiBuiltInKeywords.getAttribute(batch, "value").trim(): Attribute 'value' of object '' is: '5000'

2018-05-31 14:23:52 - [MESSAGE][PASSED] - Attribute 'value' of object '' is: '5000'

2018-05-31 14:23:52 - [TEST_STEP][PASSED] - Statement - Rqty = 100: null

2018-05-31 14:23:52 - [TEST_STEP][PASSED] - Statement - out.println("BatchQty : " + batchqty): null

2018-05-31 14:23:52 - [TEST_STEP][PASSED] - Statement - out.println("RQty : " + Rqty): null

2018-05-31 14:23:52 - [TEST_STEP][PASSED] - Statement - If (java.lang.Integer.valueOf(batchqty) >= java.lang.Integer.valueOf(Rqty)): null

2018-05-31 14:23:52 - [TEST_STEP][PASSED] - Statement - Break: null

2018-05-31 14:23:52 - [TEST_STEP][PASSED] - Statement - batchlength = new com.kms.katalon.core.testobject.TestObject(): null

2018-05-31 14:23:52 - [TEST_STEP][PASSED] - Statement - batchlength = com.kms.katalon.core.webui.keyword.WebUiBuiltInKeywords.modifyObjectProperty(batchlength, "xpath", "equals", "//*[@id = "fldvendor" + row + ""]", true): Modify property of object successfully

2018-05-31 14:23:52 - [MESSAGE][PASSED] - Modify property of object successfully

2018-05-31 14:23:52 - [TEST_STEP][PASSED] - Statement - batchsize = com.kms.katalon.core.webui.keyword.WebUiBuiltInKeywords.getNumberOfTotalOption(batchlength): 7 options of object '' counted

2018-05-31 14:23:52 - [MESSAGE][PASSED] - 7 options of object '' counted

2018-05-31 14:23:52 - [TEST_STEP][PASSED] - Statement - out.println("BatchSize : " + batchsize): null

2018-05-31 14:23:52 - [TEST_STEP][PASSED] - Statement - For ([n = 1, n <= batchsize - 1, (n++)]): null

2018-05-31 14:23:52 - [TEST_STEP][PASSED] - Statement - product = new com.kms.katalon.core.testobject.TestObject(): null

2018-05-31 14:23:52 - [TEST_STEP][PASSED] - Statement - product = com.kms.katalon.core.webui.keyword.WebUiBuiltInKeywords.modifyObjectProperty(product, "xpath", "equals", "//*[@id = "fldvendor" + row + ""]", true): Modify property of object successfully

2018-05-31 14:23:52 - [MESSAGE][PASSED] - Modify property of object successfully

2018-05-31 14:23:52 - [TEST_STEP][PASSED] - selectOptionByIndex: All options with index in [1] are selected on object ''

2018-05-31 14:23:52 - [MESSAGE][PASSED] - All options with index in [1] are selected on object ''

2018-05-31 14:23:52 - [TEST_STEP][PASSED] - delay: Delayed 2 second(s)

2018-05-31 14:23:54 - [MESSAGE][PASSED] - Delayed 2 second(s)

2018-05-31 14:23:54 - [TEST_STEP][PASSED] - Statement - batch = new com.kms.katalon.core.testobject.TestObject(): null

2018-05-31 14:23:54 - [TEST_STEP][PASSED] - Statement - batch = com.kms.katalon.core.webui.keyword.WebUiBuiltInKeywords.modifyObjectProperty(batch, "xpath", "equals", "//*[@id = "txtbthqty" + row + ""]", true): Modify property of object successfully

2018-05-31 14:23:54 - [MESSAGE][PASSED] - Modify property of object successfully

2018-05-31 14:23:54 - [TEST_STEP][PASSED] - Statement - batchqty = com.kms.katalon.core.webui.keyword.WebUiBuiltInKeywords.getAttribute(batch, "value").trim(): Attribute 'value' of object '' is: '5000'

2018-05-31 14:23:54 - [MESSAGE][PASSED] - Attribute 'value' of object '' is: '5000'

2018-05-31 14:23:54 - [TEST_STEP][PASSED] - Statement - Rqty = 100: null

2018-05-31 14:23:54 - [TEST_STEP][PASSED] - Statement - out.println("BatchQty : " + batchqty): null

2018-05-31 14:23:54 - [TEST_STEP][PASSED] - Statement - out.println("RQty : " + Rqty): null

2018-05-31 14:23:54 - [TEST_STEP][PASSED] - Statement - If (java.lang.Integer.valueOf(batchqty) >= java.lang.Integer.valueOf(Rqty)): null

2018-05-31 14:23:54 - [TEST_STEP][PASSED] - Statement - Break: null

2018-05-31 14:23:54 - [TEST_STEP][PASSED] - Statement - batchlength = new com.kms.katalon.core.testobject.TestObject(): null

2018-05-31 14:23:54 - [TEST_STEP][PASSED] - Statement - batchlength = com.kms.katalon.core.webui.keyword.WebUiBuiltInKeywords.modifyObjectProperty(batchlength, "xpath", "equals", "//*[@id = "fldvendor" + row + ""]", true): Modify property of object successfully

2018-05-31 14:23:54 - [MESSAGE][PASSED] - Modify property of object successfully

2018-05-31 14:23:54 - [TEST_STEP][PASSED] - Statement - batchsize = com.kms.katalon.core.webui.keyword.WebUiBuiltInKeywords.getNumberOfTotalOption(batchlength): 7 options of object '' counted

2018-05-31 14:23:54 - [MESSAGE][PASSED] - 7 options of object '' counted

2018-05-31 14:23:54 - [TEST_STEP][PASSED] - Statement - out.println("BatchSize : " + batchsize): null

2018-05-31 14:23:54 - [TEST_STEP][PASSED] - Statement - For ([n = 1, n <= batchsize - 1, (n++)]): null

2018-05-31 14:23:54 - [TEST_STEP][PASSED] - Statement - product = new com.kms.katalon.core.testobject.TestObject(): null

2018-05-31 14:23:54 - [TEST_STEP][PASSED] - Statement - product = com.kms.katalon.core.webui.keyword.WebUiBuiltInKeywords.modifyObjectProperty(product, "xpath", "equals", "//*[@id = "fldvendor" + row + ""]", true): Modify property of object successfully

2018-05-31 14:23:54 - [MESSAGE][PASSED] - Modify property of object successfully

2018-05-31 14:23:54 - [TEST_STEP][PASSED] - selectOptionByIndex: All options with index in [1] are selected on object ''

2018-05-31 14:23:54 - [MESSAGE][PASSED] - All options with index in [1] are selected on object ''

2018-05-31 14:23:54 - [TEST_STEP][PASSED] - delay: Delayed 2 second(s)

2018-05-31 14:23:56 - [MESSAGE][PASSED] - Delayed 2 second(s)

2018-05-31 14:23:56 - [TEST_STEP][PASSED] - Statement - batch = new com.kms.katalon.core.testobject.TestObject(): null

2018-05-31 14:23:56 - [TEST_STEP][PASSED] - Statement - batch = com.kms.katalon.core.webui.keyword.WebUiBuiltInKeywords.modifyObjectProperty(batch, "xpath", "equals", "//*[@id = "txtbthqty" + row + ""]", true): Modify property of object successfully

2018-05-31 14:23:56 - [MESSAGE][PASSED] - Modify property of object successfully

2018-05-31 14:23:56 - [TEST_STEP][PASSED] - Statement - batchqty = com.kms.katalon.core.webui.keyword.WebUiBuiltInKeywords.getAttribute(batch, "value").trim(): Attribute 'value' of object '' is: '600'

2018-05-31 14:23:56 - [MESSAGE][PASSED] - Attribute 'value' of object '' is: '600'

2018-05-31 14:23:56 - [TEST_STEP][PASSED] - Statement - Rqty = 100: null

2018-05-31 14:23:56 - [TEST_STEP][PASSED] - Statement - out.println("BatchQty : " + batchqty): null

2018-05-31 14:23:56 - [TEST_STEP][PASSED] - Statement - out.println("RQty : " + Rqty): null

2018-05-31 14:23:56 - [TEST_STEP][PASSED] - Statement - If (java.lang.Integer.valueOf(batchqty) >= java.lang.Integer.valueOf(Rqty)): null

2018-05-31 14:23:56 - [TEST_STEP][PASSED] - Statement - Break: null

2018-05-31 14:23:56 - [TEST_STEP][PASSED] - Statement - batchlength = new com.kms.katalon.core.testobject.TestObject(): null

2018-05-31 14:23:56 - [TEST_STEP][PASSED] - Statement - batchlength = com.kms.katalon.core.webui.keyword.WebUiBuiltInKeywords.modifyObjectProperty(batchlength, "xpath", "equals", "//*[@id = "fldvendor" + row + ""]", true): Modify property of object successfully

2018-05-31 14:23:56 - [MESSAGE][PASSED] - Modify property of object successfully

2018-05-31 14:23:56 - [TEST_STEP][PASSED] - Statement - batchsize = com.kms.katalon.core.webui.keyword.WebUiBuiltInKeywords.getNumberOfTotalOption(batchlength): 8 options of object '' counted

2018-05-31 14:23:56 - [MESSAGE][PASSED] - 8 options of object '' counted

2018-05-31 14:23:56 - [TEST_STEP][PASSED] - Statement - out.println("BatchSize : " + batchsize): null

2018-05-31 14:23:56 - [TEST_STEP][PASSED] - Statement - For ([n = 1, n <= batchsize - 1, (n++)]): null

2018-05-31 14:23:56 - [TEST_STEP][PASSED] - Statement - product = new com.kms.katalon.core.testobject.TestObject(): null

2018-05-31 14:23:56 - [TEST_STEP][PASSED] - Statement - product = com.kms.katalon.core.webui.keyword.WebUiBuiltInKeywords.modifyObjectProperty(product, "xpath", "equals", "//*[@id = "fldvendor" + row + ""]", true): Modify property of object successfully

2018-05-31 14:23:56 - [MESSAGE][PASSED] - Modify property of object successfully

2018-05-31 14:23:56 - [TEST_STEP][PASSED] - selectOptionByIndex: All options with index in [1] are selected on object ''

2018-05-31 14:23:56 - [MESSAGE][PASSED] - All options with index in [1] are selected on object ''

2018-05-31 14:23:56 - [TEST_STEP][PASSED] - delay: Delayed 2 second(s)

2018-05-31 14:23:58 - [MESSAGE][PASSED] - Delayed 2 second(s)

2018-05-31 14:23:58 - [TEST_STEP][PASSED] - Statement - batch = new com.kms.katalon.core.testobject.TestObject(): null

2018-05-31 14:23:58 - [TEST_STEP][PASSED] - Statement - batch = com.kms.katalon.core.webui.keyword.WebUiBuiltInKeywords.modifyObjectProperty(batch, "xpath", "equals", "//*[@id = "txtbthqty" + row + ""]", true): Modify property of object successfully

2018-05-31 14:23:58 - [MESSAGE][PASSED] - Modify property of object successfully

2018-05-31 14:23:58 - [TEST_STEP][PASSED] - Statement - batchqty = com.kms.katalon.core.webui.keyword.WebUiBuiltInKeywords.getAttribute(batch, "value").trim(): Attribute 'value' of object '' is: '4800'

2018-05-31 14:23:58 - [MESSAGE][PASSED] - Attribute 'value' of object '' is: '4800'

2018-05-31 14:23:58 - [TEST_STEP][PASSED] - Statement - Rqty = 100: null

2018-05-31 14:23:58 - [TEST_STEP][PASSED] - Statement - out.println("BatchQty : " + batchqty): null

2018-05-31 14:23:58 - [TEST_STEP][PASSED] - Statement - out.println("RQty : " + Rqty): null

2018-05-31 14:23:58 - [TEST_STEP][PASSED] - Statement - If (java.lang.Integer.valueOf(batchqty) >= java.lang.Integer.valueOf(Rqty)): null

2018-05-31 14:23:58 - [TEST_STEP][PASSED] - Statement - Break: null

2018-05-31 14:23:58 - [TEST_STEP][PASSED] - Statement - batchlength = new com.kms.katalon.core.testobject.TestObject(): null

2018-05-31 14:23:58 - [TEST_STEP][PASSED] - Statement - batchlength = com.kms.katalon.core.webui.keyword.WebUiBuiltInKeywords.modifyObjectProperty(batchlength, "xpath", "equals", "//*[@id = "fldvendor" + row + ""]", true): Modify property of object successfully

2018-05-31 14:23:58 - [MESSAGE][PASSED] - Modify property of object successfully

2018-05-31 14:23:58 - [TEST_STEP][PASSED] - Statement - batchsize = com.kms.katalon.core.webui.keyword.WebUiBuiltInKeywords.getNumberOfTotalOption(batchlength): 7 options of object '' counted

2018-05-31 14:23:59 - [MESSAGE][PASSED] - 7 options of object '' counted

2018-05-31 14:23:59 - [TEST_STEP][PASSED] - Statement - out.println("BatchSize : " + batchsize): null

2018-05-31 14:23:59 - [TEST_STEP][PASSED] - Statement - For ([n = 1, n <= batchsize - 1, (n++)]): null

2018-05-31 14:23:59 - [TEST_STEP][PASSED] - Statement - product = new com.kms.katalon.core.testobject.TestObject(): null

2018-05-31 14:23:59 - [TEST_STEP][PASSED] - Statement - product = com.kms.katalon.core.webui.keyword.WebUiBuiltInKeywords.modifyObjectProperty(product, "xpath", "equals", "//*[@id = "fldvendor" + row + ""]", true): Modify property of object successfully

2018-05-31 14:23:59 - [MESSAGE][PASSED] - Modify property of object successfully

2018-05-31 14:23:59 - [TEST_STEP][PASSED] - selectOptionByIndex: All options with index in [1] are selected on object ''

2018-05-31 14:23:59 - [MESSAGE][PASSED] - All options with index in [1] are selected on object ''

2018-05-31 14:23:59 - [TEST_STEP][PASSED] - delay: Delayed 2 second(s)

2018-05-31 14:24:01 - [MESSAGE][PASSED] - Delayed 2 second(s)

2018-05-31 14:24:01 - [TEST_STEP][PASSED] - Statement - batch = new com.kms.katalon.core.testobject.TestObject(): null

2018-05-31 14:24:01 - [TEST_STEP][PASSED] - Statement - batch = com.kms.katalon.core.webui.keyword.WebUiBuiltInKeywords.modifyObjectProperty(batch, "xpath", "equals", "//*[@id = "txtbthqty" + row + ""]", true): Modify property of object successfully

2018-05-31 14:24:01 - [MESSAGE][PASSED] - Modify property of object successfully

2018-05-31 14:24:01 - [TEST_STEP][PASSED] - Statement - batchqty = com.kms.katalon.core.webui.keyword.WebUiBuiltInKeywords.getAttribute(batch, "value").trim(): Attribute 'value' of object '' is: '5000'

2018-05-31 14:24:01 - [MESSAGE][PASSED] - Attribute 'value' of object '' is: '5000'

2018-05-31 14:24:01 - [TEST_STEP][PASSED] - Statement - Rqty = 100: null

2018-05-31 14:24:01 - [TEST_STEP][PASSED] - Statement - out.println("BatchQty : " + batchqty): null

2018-05-31 14:24:01 - [TEST_STEP][PASSED] - Statement - out.println("RQty : " + Rqty): null

2018-05-31 14:24:01 - [TEST_STEP][PASSED] - Statement - If (java.lang.Integer.valueOf(batchqty) >= java.lang.Integer.valueOf(Rqty)): null

2018-05-31 14:24:01 - [TEST_STEP][PASSED] - Statement - Break: null

2018-05-31 14:24:01 - [TEST_STEP][PASSED] - Statement - batchlength = new com.kms.katalon.core.testobject.TestObject(): null

2018-05-31 14:24:01 - [TEST_STEP][PASSED] - Statement - batchlength = com.kms.katalon.core.webui.keyword.WebUiBuiltInKeywords.modifyObjectProperty(batchlength, "xpath", "equals", "//*[@id = "fldvendor" + row + ""]", true): Modify property of object successfully

2018-05-31 14:24:01 - [MESSAGE][PASSED] - Modify property of object successfully

2018-05-31 14:24:01 - [TEST_STEP][PASSED] - Statement - batchsize = com.kms.katalon.core.webui.keyword.WebUiBuiltInKeywords.getNumberOfTotalOption(batchlength): 8 options of object '' counted

2018-05-31 14:24:01 - [MESSAGE][PASSED] - 8 options of object '' counted

2018-05-31 14:24:01 - [TEST_STEP][PASSED] - Statement - out.println("BatchSize : " + batchsize): null

2018-05-31 14:24:01 - [TEST_STEP][PASSED] - Statement - For ([n = 1, n <= batchsize - 1, (n++)]): null

2018-05-31 14:24:01 - [TEST_STEP][PASSED] - Statement - product = new com.kms.katalon.core.testobject.TestObject(): null

2018-05-31 14:24:01 - [TEST_STEP][PASSED] - Statement - product = com.kms.katalon.core.webui.keyword.WebUiBuiltInKeywords.modifyObjectProperty(product, "xpath", "equals", "//*[@id = "fldvendor" + row + ""]", true): Modify property of object successfully

2018-05-31 14:24:01 - [MESSAGE][PASSED] - Modify property of object successfully

2018-05-31 14:24:01 - [TEST_STEP][PASSED] - selectOptionByIndex: All options with index in [1] are selected on object ''

2018-05-31 14:24:01 - [MESSAGE][PASSED] - All options with index in [1] are selected on object ''

2018-05-31 14:24:01 - [TEST_STEP][PASSED] - delay: Delayed 2 second(s)

2018-05-31 14:24:03 - [MESSAGE][PASSED] - Delayed 2 second(s)

2018-05-31 14:24:03 - [TEST_STEP][PASSED] - Statement - batch = new com.kms.katalon.core.testobject.TestObject(): null

2018-05-31 14:24:03 - [TEST_STEP][PASSED] - Statement - batch = com.kms.katalon.core.webui.keyword.WebUiBuiltInKeywords.modifyObjectProperty(batch, "xpath", "equals", "//*[@id = "txtbthqty" + row + ""]", true): Modify property of object successfully

2018-05-31 14:24:03 - [MESSAGE][PASSED] - Modify property of object successfully

2018-05-31 14:24:03 - [TEST_STEP][PASSED] - Statement - batchqty = com.kms.katalon.core.webui.keyword.WebUiBuiltInKeywords.getAttribute(batch, "value").trim(): Attribute 'value' of object '' is: '5000'

2018-05-31 14:24:03 - [MESSAGE][PASSED] - Attribute 'value' of object '' is: '5000'

2018-05-31 14:24:03 - [TEST_STEP][PASSED] - Statement - Rqty = 100: null

2018-05-31 14:24:03 - [TEST_STEP][PASSED] - Statement - out.println("BatchQty : " + batchqty): null

2018-05-31 14:24:03 - [TEST_STEP][PASSED] - Statement - out.println("RQty : " + Rqty): null

2018-05-31 14:24:03 - [TEST_STEP][PASSED] - Statement - If (java.lang.Integer.valueOf(batchqty) >= java.lang.Integer.valueOf(Rqty)): null

2018-05-31 14:24:03 - [TEST_STEP][PASSED] - Statement - Break: null

2018-05-31 14:24:03 - [TEST_STEP][PASSED] - Statement - batchlength = new com.kms.katalon.core.testobject.TestObject(): null

2018-05-31 14:24:03 - [TEST_STEP][PASSED] - Statement - batchlength = com.kms.katalon.core.webui.keyword.WebUiBuiltInKeywords.modifyObjectProperty(batchlength, "xpath", "equals", "//*[@id = "fldvendor" + row + ""]", true): Modify property of object successfully

2018-05-31 14:24:03 - [MESSAGE][PASSED] - Modify property of object successfully

2018-05-31 14:24:03 - [TEST_STEP][PASSED] - Statement - batchsize = com.kms.katalon.core.webui.keyword.WebUiBuiltInKeywords.getNumberOfTotalOption(batchlength): 7 options of object '' counted

2018-05-31 14:24:03 - [MESSAGE][PASSED] - 7 options of object '' counted

2018-05-31 14:24:03 - [TEST_STEP][PASSED] - Statement - out.println("BatchSize : " + batchsize): null

2018-05-31 14:24:03 - [TEST_STEP][PASSED] - Statement - For ([n = 1, n <= batchsize - 1, (n++)]): null

2018-05-31 14:24:03 - [TEST_STEP][PASSED] - Statement - product = new com.kms.katalon.core.testobject.TestObject(): null

2018-05-31 14:24:03 - [TEST_STEP][PASSED] - Statement - product = com.kms.katalon.core.webui.keyword.WebUiBuiltInKeywords.modifyObjectProperty(product, "xpath", "equals", "//*[@id = "fldvendor" + row + ""]", true): Modify property of object successfully

2018-05-31 14:24:03 - [MESSAGE][PASSED] - Modify property of object successfully

2018-05-31 14:24:03 - [TEST_STEP][PASSED] - selectOptionByIndex: All options with index in [1] are selected on object ''

2018-05-31 14:24:03 - [MESSAGE][PASSED] - All options with index in [1] are selected on object ''

2018-05-31 14:24:03 - [TEST_STEP][PASSED] - delay: Delayed 2 second(s)

2018-05-31 14:24:05 - [MESSAGE][PASSED] - Delayed 2 second(s)

2018-05-31 14:24:05 - [TEST_STEP][PASSED] - Statement - batch = new com.kms.katalon.core.testobject.TestObject(): null

2018-05-31 14:24:05 - [TEST_STEP][PASSED] - Statement - batch = com.kms.katalon.core.webui.keyword.WebUiBuiltInKeywords.modifyObjectProperty(batch, "xpath", "equals", "//*[@id = "txtbthqty" + row + ""]", true): Modify property of object successfully

2018-05-31 14:24:05 - [MESSAGE][PASSED] - Modify property of object successfully

2018-05-31 14:24:05 - [TEST_STEP][PASSED] - Statement - batchqty = com.kms.katalon.core.webui.keyword.WebUiBuiltInKeywords.getAttribute(batch, "value").trim(): Attribute 'value' of object '' is: '5000'

2018-05-31 14:24:05 - [MESSAGE][PASSED] - Attribute 'value' of object '' is: '5000'

2018-05-31 14:24:05 - [TEST_STEP][PASSED] - Statement - Rqty = 100: null

2018-05-31 14:24:05 - [TEST_STEP][PASSED] - Statement - out.println("BatchQty : " + batchqty): null

2018-05-31 14:24:05 - [TEST_STEP][PASSED] - Statement - out.println("RQty : " + Rqty): null

2018-05-31 14:24:05 - [TEST_STEP][PASSED] - Statement - If (java.lang.Integer.valueOf(batchqty) >= java.lang.Integer.valueOf(Rqty)): null

2018-05-31 14:24:05 - [TEST_STEP][PASSED] - Statement - Break: null

2018-05-31 14:24:05 - [TEST_STEP][PASSED] - Statement - batchlength = new com.kms.katalon.core.testobject.TestObject(): null

2018-05-31 14:24:05 - [TEST_STEP][PASSED] - Statement - batchlength = com.kms.katalon.core.webui.keyword.WebUiBuiltInKeywords.modifyObjectProperty(batchlength, "xpath", "equals", "//*[@id = "fldvendor" + row + ""]", true): Modify property of object successfully

2018-05-31 14:24:05 - [MESSAGE][PASSED] - Modify property of object successfully

2018-05-31 14:24:05 - [TEST_STEP][PASSED] - Statement - batchsize = com.kms.katalon.core.webui.keyword.WebUiBuiltInKeywords.getNumberOfTotalOption(batchlength): 8 options of object '' counted

2018-05-31 14:24:05 - [MESSAGE][PASSED] - 8 options of object '' counted

2018-05-31 14:24:05 - [TEST_STEP][PASSED] - Statement - out.println("BatchSize : " + batchsize): null

2018-05-31 14:24:05 - [TEST_STEP][PASSED] - Statement - For ([n = 1, n <= batchsize - 1, (n++)]): null

2018-05-31 14:24:05 - [TEST_STEP][PASSED] - Statement - product = new com.kms.katalon.core.testobject.TestObject(): null

2018-05-31 14:24:05 - [TEST_STEP][PASSED] - Statement - product = com.kms.katalon.core.webui.keyword.WebUiBuiltInKeywords.modifyObjectProperty(product, "xpath", "equals", "//*[@id = "fldvendor" + row + ""]", true): Modify property of object successfully

2018-05-31 14:24:05 - [MESSAGE][PASSED] - Modify property of object successfully

2018-05-31 14:24:05 - [TEST_STEP][PASSED] - selectOptionByIndex: All options with index in [1] are selected on object ''

2018-05-31 14:24:05 - [MESSAGE][PASSED] - All options with index in [1] are selected on object ''

2018-05-31 14:24:05 - [TEST_STEP][PASSED] - delay: Delayed 2 second(s)

2018-05-31 14:24:07 - [MESSAGE][PASSED] - Delayed 2 second(s)

2018-05-31 14:24:07 - [TEST_STEP][PASSED] - Statement - batch = new com.kms.katalon.core.testobject.TestObject(): null

2018-05-31 14:24:07 - [TEST_STEP][PASSED] - Statement - batch = com.kms.katalon.core.webui.keyword.WebUiBuiltInKeywords.modifyObjectProperty(batch, "xpath", "equals", "//*[@id = "txtbthqty" + row + ""]", true): Modify property of object successfully

2018-05-31 14:24:07 - [MESSAGE][PASSED] - Modify property of object successfully

2018-05-31 14:24:07 - [TEST_STEP][PASSED] - Statement - batchqty = com.kms.katalon.core.webui.keyword.WebUiBuiltInKeywords.getAttribute(batch, "value").trim(): Attribute 'value' of object '' is: '5000'

2018-05-31 14:24:08 - [MESSAGE][PASSED] - Attribute 'value' of object '' is: '5000'

2018-05-31 14:24:08 - [TEST_STEP][PASSED] - Statement - Rqty = 100: null

2018-05-31 14:24:08 - [TEST_STEP][PASSED] - Statement - out.println("BatchQty : " + batchqty): null

2018-05-31 14:24:08 - [TEST_STEP][PASSED] - Statement - out.println("RQty : " + Rqty): null

2018-05-31 14:24:08 - [TEST_STEP][PASSED] - Statement - If (java.lang.Integer.valueOf(batchqty) >= java.lang.Integer.valueOf(Rqty)): null

2018-05-31 14:24:08 - [TEST_STEP][PASSED] - Statement - Break: null

2018-05-31 14:24:08 - [TEST_STEP][PASSED] - Statement - batchlength = new com.kms.katalon.core.testobject.TestObject(): null

2018-05-31 14:24:08 - [TEST_STEP][PASSED] - Statement - batchlength = com.kms.katalon.core.webui.keyword.WebUiBuiltInKeywords.modifyObjectProperty(batchlength, "xpath", "equals", "//*[@id = "fldvendor" + row + ""]", true): Modify property of object successfully

2018-05-31 14:24:08 - [MESSAGE][PASSED] - Modify property of object successfully

2018-05-31 14:24:08 - [TEST_STEP][PASSED] - Statement - batchsize = com.kms.katalon.core.webui.keyword.WebUiBuiltInKeywords.getNumberOfTotalOption(batchlength): 7 options of object '' counted

2018-05-31 14:24:08 - [MESSAGE][PASSED] - 7 options of object '' counted

2018-05-31 14:24:08 - [TEST_STEP][PASSED] - Statement - out.println("BatchSize : " + batchsize): null

2018-05-31 14:24:08 - [TEST_STEP][PASSED] - Statement - For ([n = 1, n <= batchsize - 1, (n++)]): null

2018-05-31 14:24:08 - [TEST_STEP][PASSED] - Statement - product = new com.kms.katalon.core.testobject.TestObject(): null

2018-05-31 14:24:08 - [TEST_STEP][PASSED] - Statement - product = com.kms.katalon.core.webui.keyword.WebUiBuiltInKeywords.modifyObjectProperty(product, "xpath", "equals", "//*[@id = "fldvendor" + row + ""]", true): Modify property of object successfully

2018-05-31 14:24:08 - [MESSAGE][PASSED] - Modify property of object successfully

2018-05-31 14:24:08 - [TEST_STEP][PASSED] - selectOptionByIndex: All options with index in [1] are selected on object ''

2018-05-31 14:24:08 - [MESSAGE][PASSED] - All options with index in [1] are selected on object ''

2018-05-31 14:24:08 - [TEST_STEP][PASSED] - delay: Delayed 2 second(s)

2018-05-31 14:24:10 - [MESSAGE][PASSED] - Delayed 2 second(s)

2018-05-31 14:24:10 - [TEST_STEP][PASSED] - Statement - batch = new com.kms.katalon.core.testobject.TestObject(): null

2018-05-31 14:24:10 - [TEST_STEP][PASSED] - Statement - batch = com.kms.katalon.core.webui.keyword.WebUiBuiltInKeywords.modifyObjectProperty(batch, "xpath", "equals", "//*[@id = "txtbthqty" + row + ""]", true): Modify property of object successfully

2018-05-31 14:24:10 - [MESSAGE][PASSED] - Modify property of object successfully

2018-05-31 14:24:10 - [TEST_STEP][PASSED] - Statement - batchqty = com.kms.katalon.core.webui.keyword.WebUiBuiltInKeywords.getAttribute(batch, "value").trim(): Attribute 'value' of object '' is: '5000'

2018-05-31 14:24:10 - [MESSAGE][PASSED] - Attribute 'value' of object '' is: '5000'

2018-05-31 14:24:10 - [TEST_STEP][PASSED] - Statement - Rqty = 100: null

2018-05-31 14:24:10 - [TEST_STEP][PASSED] - Statement - out.println("BatchQty : " + batchqty): null

2018-05-31 14:24:10 - [TEST_STEP][PASSED] - Statement - out.println("RQty : " + Rqty): null

2018-05-31 14:24:10 - [TEST_STEP][PASSED] - Statement - If (java.lang.Integer.valueOf(batchqty) >= java.lang.Integer.valueOf(Rqty)): null

2018-05-31 14:24:10 - [TEST_STEP][PASSED] - Statement - Break: null

2018-05-31 14:24:10 - [TEST_STEP][PASSED] - Statement - batchlength = new com.kms.katalon.core.testobject.TestObject(): null

2018-05-31 14:24:10 - [TEST_STEP][PASSED] - Statement - batchlength = com.kms.katalon.core.webui.keyword.WebUiBuiltInKeywords.modifyObjectProperty(batchlength, "xpath", "equals", "//*[@id = "fldvendor" + row + ""]", true): Modify property of object successfully

2018-05-31 14:24:10 - [MESSAGE][PASSED] - Modify property of object successfully

2018-05-31 14:24:10 - [TEST_STEP][PASSED] - Statement - batchsize = com.kms.katalon.core.webui.keyword.WebUiBuiltInKeywords.getNumberOfTotalOption(batchlength): 7 options of object '' counted

2018-05-31 14:24:10 - [MESSAGE][PASSED] - 7 options of object '' counted

2018-05-31 14:24:10 - [TEST_STEP][PASSED] - Statement - out.println("BatchSize : " + batchsize): null

2018-05-31 14:24:10 - [TEST_STEP][PASSED] - Statement - For ([n = 1, n <= batchsize - 1, (n++)]): null

2018-05-31 14:24:10 - [TEST_STEP][PASSED] - Statement - product = new com.kms.katalon.core.testobject.TestObject(): null

2018-05-31 14:24:10 - [TEST_STEP][PASSED] - Statement - product = com.kms.katalon.core.webui.keyword.WebUiBuiltInKeywords.modifyObjectProperty(product, "xpath", "equals", "//*[@id = "fldvendor" + row + ""]", true): Modify property of object successfully

2018-05-31 14:24:10 - [MESSAGE][PASSED] - Modify property of object successfully

2018-05-31 14:24:10 - [TEST_STEP][PASSED] - selectOptionByIndex: All options with index in [1] are selected on object ''

2018-05-31 14:24:10 - [MESSAGE][PASSED] - All options with index in [1] are selected on object ''

2018-05-31 14:24:10 - [TEST_STEP][PASSED] - delay: Delayed 2 second(s)

2018-05-31 14:24:12 - [MESSAGE][PASSED] - Delayed 2 second(s)

2018-05-31 14:24:12 - [TEST_STEP][PASSED] - Statement - batch = new com.kms.katalon.core.testobject.TestObject(): null

2018-05-31 14:24:12 - [TEST_STEP][PASSED] - Statement - batch = com.kms.katalon.core.webui.keyword.WebUiBuiltInKeywords.modifyObjectProperty(batch, "xpath", "equals", "//*[@id = "txtbthqty" + row + ""]", true): Modify property of object successfully

2018-05-31 14:24:12 - [MESSAGE][PASSED] - Modify property of object successfully

2018-05-31 14:24:12 - [TEST_STEP][PASSED] - Statement - batchqty = com.kms.katalon.core.webui.keyword.WebUiBuiltInKeywords.getAttribute(batch, "value").trim(): Attribute 'value' of object '' is: '5000'

2018-05-31 14:24:12 - [MESSAGE][PASSED] - Attribute 'value' of object '' is: '5000'

2018-05-31 14:24:12 - [TEST_STEP][PASSED] - Statement - Rqty = 100: null

2018-05-31 14:24:12 - [TEST_STEP][PASSED] - Statement - out.println("BatchQty : " + batchqty): null

2018-05-31 14:24:12 - [TEST_STEP][PASSED] - Statement - out.println("RQty : " + Rqty): null

2018-05-31 14:24:12 - [TEST_STEP][PASSED] - Statement - If (java.lang.Integer.valueOf(batchqty) >= java.lang.Integer.valueOf(Rqty)): null

2018-05-31 14:24:12 - [TEST_STEP][PASSED] - Statement - Break: null

2018-05-31 14:24:12 - [TEST_STEP][PASSED] - Statement - batchlength = new com.kms.katalon.core.testobject.TestObject(): null

2018-05-31 14:24:12 - [TEST_STEP][PASSED] - Statement - batchlength = com.kms.katalon.core.webui.keyword.WebUiBuiltInKeywords.modifyObjectProperty(batchlength, "xpath", "equals", "//*[@id = "fldvendor" + row + ""]", true): Modify property of object successfully

2018-05-31 14:24:12 - [MESSAGE][PASSED] - Modify property of object successfully

2018-05-31 14:24:12 - [TEST_STEP][PASSED] - Statement - batchsize = com.kms.katalon.core.webui.keyword.WebUiBuiltInKeywords.getNumberOfTotalOption(batchlength): 7 options of object '' counted

2018-05-31 14:24:12 - [MESSAGE][PASSED] - 7 options of object '' counted

2018-05-31 14:24:12 - [TEST_STEP][PASSED] - Statement - out.println("BatchSize : " + batchsize): null

2018-05-31 14:24:12 - [TEST_STEP][PASSED] - Statement - For ([n = 1, n <= batchsize - 1, (n++)]): null

2018-05-31 14:24:12 - [TEST_STEP][PASSED] - Statement - product = new com.kms.katalon.core.testobject.TestObject(): null

2018-05-31 14:24:12 - [TEST_STEP][PASSED] - Statement - product = com.kms.katalon.core.webui.keyword.WebUiBuiltInKeywords.modifyObjectProperty(product, "xpath", "equals", "//*[@id = "fldvendor" + row + ""]", true): Modify property of object successfully

2018-05-31 14:24:12 - [MESSAGE][PASSED] - Modify property of object successfully

2018-05-31 14:24:12 - [TEST_STEP][PASSED] - selectOptionByIndex: All options with index in [1] are selected on object ''

2018-05-31 14:24:12 - [MESSAGE][PASSED] - All options with index in [1] are selected on object ''

2018-05-31 14:24:12 - [TEST_STEP][PASSED] - delay: Delayed 2 second(s)

2018-05-31 14:24:14 - [MESSAGE][PASSED] - Delayed 2 second(s)

2018-05-31 14:24:14 - [TEST_STEP][PASSED] - Statement - batch = new com.kms.katalon.core.testobject.TestObject(): null

2018-05-31 14:24:14 - [TEST_STEP][PASSED] - Statement - batch = com.kms.katalon.core.webui.keyword.WebUiBuiltInKeywords.modifyObjectProperty(batch, "xpath", "equals", "//*[@id = "txtbthqty" + row + ""]", true): Modify property of object successfully

2018-05-31 14:24:14 - [MESSAGE][PASSED] - Modify property of object successfully

2018-05-31 14:24:14 - [TEST_STEP][PASSED] - Statement - batchqty = com.kms.katalon.core.webui.keyword.WebUiBuiltInKeywords.getAttribute(batch, "value").trim(): Attribute 'value' of object '' is: '5000'

2018-05-31 14:24:14 - [MESSAGE][PASSED] - Attribute 'value' of object '' is: '5000'

2018-05-31 14:24:14 - [TEST_STEP][PASSED] - Statement - Rqty = 100: null

2018-05-31 14:24:14 - [TEST_STEP][PASSED] - Statement - out.println("BatchQty : " + batchqty): null

2018-05-31 14:24:14 - [TEST_STEP][PASSED] - Statement - out.println("RQty : " + Rqty): null

2018-05-31 14:24:14 - [TEST_STEP][PASSED] - Statement - If (java.lang.Integer.valueOf(batchqty) >= java.lang.Integer.valueOf(Rqty)): null

2018-05-31 14:24:14 - [TEST_STEP][PASSED] - Statement - Break: null

2018-05-31 14:24:14 - [TEST_STEP][PASSED] - Statement - batchlength = new com.kms.katalon.core.testobject.TestObject(): null

2018-05-31 14:24:14 - [TEST_STEP][PASSED] - Statement - batchlength = com.kms.katalon.core.webui.keyword.WebUiBuiltInKeywords.modifyObjectProperty(batchlength, "xpath", "equals", "//*[@id = "fldvendor" + row + ""]", true): Modify property of object successfully

2018-05-31 14:24:14 - [MESSAGE][PASSED] - Modify property of object successfully

2018-05-31 14:24:14 - [TEST_STEP][PASSED] - Statement - batchsize = com.kms.katalon.core.webui.keyword.WebUiBuiltInKeywords.getNumberOfTotalOption(batchlength): 8 options of object '' counted

2018-05-31 14:24:14 - [MESSAGE][PASSED] - 8 options of object '' counted

2018-05-31 14:24:14 - [TEST_STEP][PASSED] - Statement - out.println("BatchSize : " + batchsize): null

2018-05-31 14:24:14 - [TEST_STEP][PASSED] - Statement - For ([n = 1, n <= batchsize - 1, (n++)]): null

2018-05-31 14:24:14 - [TEST_STEP][PASSED] - Statement - product = new com.kms.katalon.core.testobject.TestObject(): null

2018-05-31 14:24:14 - [TEST_STEP][PASSED] - Statement - product = com.kms.katalon.core.webui.keyword.WebUiBuiltInKeywords.modifyObjectProperty(product, "xpath", "equals", "//*[@id = "fldvendor" + row + ""]", true): Modify property of object successfully

2018-05-31 14:24:14 - [MESSAGE][PASSED] - Modify property of object successfully

2018-05-31 14:24:14 - [TEST_STEP][PASSED] - selectOptionByIndex: All options with index in [1] are selected on object ''

2018-05-31 14:24:15 - [MESSAGE][PASSED] - All options with index in [1] are selected on object ''

2018-05-31 14:24:15 - [TEST_STEP][PASSED] - delay: Delayed 2 second(s)

2018-05-31 14:24:17 - [MESSAGE][PASSED] - Delayed 2 second(s)

2018-05-31 14:24:17 - [TEST_STEP][PASSED] - Statement - batch = new com.kms.katalon.core.testobject.TestObject(): null

2018-05-31 14:24:17 - [TEST_STEP][PASSED] - Statement - batch = com.kms.katalon.core.webui.keyword.WebUiBuiltInKeywords.modifyObjectProperty(batch, "xpath", "equals", "//*[@id = "txtbthqty" + row + ""]", true): Modify property of object successfully

2018-05-31 14:24:17 - [MESSAGE][PASSED] - Modify property of object successfully

2018-05-31 14:24:17 - [TEST_STEP][PASSED] - Statement - batchqty = com.kms.katalon.core.webui.keyword.WebUiBuiltInKeywords.getAttribute(batch, "value").trim(): Attribute 'value' of object '' is: '4800'

2018-05-31 14:24:17 - [MESSAGE][PASSED] - Attribute 'value' of object '' is: '4800'

2018-05-31 14:24:17 - [TEST_STEP][PASSED] - Statement - Rqty = 100: null

2018-05-31 14:24:17 - [TEST_STEP][PASSED] - Statement - out.println("BatchQty : " + batchqty): null

2018-05-31 14:24:17 - [TEST_STEP][PASSED] - Statement - out.println("RQty : " + Rqty): null

2018-05-31 14:24:17 - [TEST_STEP][PASSED] - Statement - If (java.lang.Integer.valueOf(batchqty) >= java.lang.Integer.valueOf(Rqty)): null

2018-05-31 14:24:17 - [TEST_STEP][PASSED] - Statement - Break: null

2018-05-31 14:24:17 - [TEST_STEP][PASSED] - Statement - batchlength = new com.kms.katalon.core.testobject.TestObject(): null

2018-05-31 14:24:17 - [TEST_STEP][PASSED] - Statement - batchlength = com.kms.katalon.core.webui.keyword.WebUiBuiltInKeywords.modifyObjectProperty(batchlength, "xpath", "equals", "//*[@id = "fldvendor" + row + ""]", true): Modify property of object successfully

2018-05-31 14:24:17 - [MESSAGE][PASSED] - Modify property of object successfully

2018-05-31 14:24:17 - [TEST_STEP][PASSED] - Statement - batchsize = com.kms.katalon.core.webui.keyword.WebUiBuiltInKeywords.getNumberOfTotalOption(batchlength): 6 options of object '' counted

2018-05-31 14:24:17 - [MESSAGE][PASSED] - 6 options of object '' counted

2018-05-31 14:24:17 - [TEST_STEP][PASSED] - Statement - out.println("BatchSize : " + batchsize): null

2018-05-31 14:24:17 - [TEST_STEP][PASSED] - Statement - For ([n = 1, n <= batchsize - 1, (n++)]): null

2018-05-31 14:24:17 - [TEST_STEP][PASSED] - Statement - product = new com.kms.katalon.core.testobject.TestObject(): null

2018-05-31 14:24:17 - [TEST_STEP][PASSED] - Statement - product = com.kms.katalon.core.webui.keyword.WebUiBuiltInKeywords.modifyObjectProperty(product, "xpath", "equals", "//*[@id = "fldvendor" + row + ""]", true): Modify property of object successfully

2018-05-31 14:24:17 - [MESSAGE][PASSED] - Modify property of object successfully

2018-05-31 14:24:17 - [TEST_STEP][PASSED] - selectOptionByIndex: All options with index in [1] are selected on object ''

2018-05-31 14:24:17 - [MESSAGE][PASSED] - All options with index in [1] are selected on object ''

2018-05-31 14:24:17 - [TEST_STEP][PASSED] - delay: Delayed 2 second(s)

2018-05-31 14:24:19 - [MESSAGE][PASSED] - Delayed 2 second(s)

2018-05-31 14:24:19 - [TEST_STEP][PASSED] - Statement - batch = new com.kms.katalon.core.testobject.TestObject(): null

2018-05-31 14:24:19 - [TEST_STEP][PASSED] - Statement - batch = com.kms.katalon.core.webui.keyword.WebUiBuiltInKeywords.modifyObjectProperty(batch, "xpath", "equals", "//*[@id = "txtbthqty" + row + ""]", true): Modify property of object successfully

2018-05-31 14:24:19 - [MESSAGE][PASSED] - Modify property of object successfully

2018-05-31 14:24:19 - [TEST_STEP][PASSED] - Statement - batchqty = com.kms.katalon.core.webui.keyword.WebUiBuiltInKeywords.getAttribute(batch, "value").trim(): Attribute 'value' of object '' is: '5000'

2018-05-31 14:24:19 - [MESSAGE][PASSED] - Attribute 'value' of object '' is: '5000'

2018-05-31 14:24:19 - [TEST_STEP][PASSED] - Statement - Rqty = 100: null

2018-05-31 14:24:19 - [TEST_STEP][PASSED] - Statement - out.println("BatchQty : " + batchqty): null

2018-05-31 14:24:19 - [TEST_STEP][PASSED] - Statement - out.println("RQty : " + Rqty): null

2018-05-31 14:24:19 - [TEST_STEP][PASSED] - Statement - If (java.lang.Integer.valueOf(batchqty) >= java.lang.Integer.valueOf(Rqty)): null

2018-05-31 14:24:19 - [TEST_STEP][PASSED] - Statement - Break: null

2018-05-31 14:24:19 - [TEST_STEP][PASSED] - Statement - batchlength = new com.kms.katalon.core.testobject.TestObject(): null

2018-05-31 14:24:19 - [TEST_STEP][PASSED] - Statement - batchlength = com.kms.katalon.core.webui.keyword.WebUiBuiltInKeywords.modifyObjectProperty(batchlength, "xpath", "equals", "//*[@id = "fldvendor" + row + ""]", true): Modify property of object successfully

2018-05-31 14:24:19 - [MESSAGE][PASSED] - Modify property of object successfully

2018-05-31 14:24:19 - [TEST_STEP][PASSED] - Statement - batchsize = com.kms.katalon.core.webui.keyword.WebUiBuiltInKeywords.getNumberOfTotalOption(batchlength): 8 options of object '' counted

2018-05-31 14:24:19 - [MESSAGE][PASSED] - 8 options of object '' counted

2018-05-31 14:24:19 - [TEST_STEP][PASSED] - Statement - out.println("BatchSize : " + batchsize): null

2018-05-31 14:24:19 - [TEST_STEP][PASSED] - Statement - For ([n = 1, n <= batchsize - 1, (n++)]): null

2018-05-31 14:24:19 - [TEST_STEP][PASSED] - Statement - product = new com.kms.katalon.core.testobject.TestObject(): null

2018-05-31 14:24:19 - [TEST_STEP][PASSED] - Statement - product = com.kms.katalon.core.webui.keyword.WebUiBuiltInKeywords.modifyObjectProperty(product, "xpath", "equals", "//*[@id = "fldvendor" + row + ""]", true): Modify property of object successfully

2018-05-31 14:24:19 - [MESSAGE][PASSED] - Modify property of object successfully

2018-05-31 14:24:19 - [TEST_STEP][PASSED] - selectOptionByIndex: All options with index in [1] are selected on object ''

2018-05-31 14:24:19 - [MESSAGE][PASSED] - All options with index in [1] are selected on object ''

2018-05-31 14:24:19 - [TEST_STEP][PASSED] - delay: Delayed 2 second(s)

2018-05-31 14:24:21 - [MESSAGE][PASSED] - Delayed 2 second(s)

2018-05-31 14:24:21 - [TEST_STEP][PASSED] - Statement - batch = new com.kms.katalon.core.testobject.TestObject(): null

2018-05-31 14:24:21 - [TEST_STEP][PASSED] - Statement - batch = com.kms.katalon.core.webui.keyword.WebUiBuiltInKeywords.modifyObjectProperty(batch, "xpath", "equals", "//*[@id = "txtbthqty" + row + ""]", true): Modify property of object successfully

2018-05-31 14:24:21 - [MESSAGE][PASSED] - Modify property of object successfully

2018-05-31 14:24:21 - [TEST_STEP][PASSED] - Statement - batchqty = com.kms.katalon.core.webui.keyword.WebUiBuiltInKeywords.getAttribute(batch, "value").trim(): Attribute 'value' of object '' is: '4800'

2018-05-31 14:24:21 - [MESSAGE][PASSED] - Attribute 'value' of object '' is: '4800'

2018-05-31 14:24:21 - [TEST_STEP][PASSED] - Statement - Rqty = 100: null

2018-05-31 14:24:21 - [TEST_STEP][PASSED] - Statement - out.println("BatchQty : " + batchqty): null

2018-05-31 14:24:21 - [TEST_STEP][PASSED] - Statement - out.println("RQty : " + Rqty): null

2018-05-31 14:24:21 - [TEST_STEP][PASSED] - Statement - If (java.lang.Integer.valueOf(batchqty) >= java.lang.Integer.valueOf(Rqty)): null

2018-05-31 14:24:21 - [TEST_STEP][PASSED] - Statement - Break: null

2018-05-31 14:24:21 - [TEST_STEP][PASSED] - Statement - batchlength = new com.kms.katalon.core.testobject.TestObject(): null

2018-05-31 14:24:21 - [TEST_STEP][PASSED] - Statement - batchlength = com.kms.katalon.core.webui.keyword.WebUiBuiltInKeywords.modifyObjectProperty(batchlength, "xpath", "equals", "//*[@id = "fldvendor" + row + ""]", true): Modify property of object successfully

2018-05-31 14:24:21 - [MESSAGE][PASSED] - Modify property of object successfully

2018-05-31 14:24:21 - [TEST_STEP][PASSED] - Statement - batchsize = com.kms.katalon.core.webui.keyword.WebUiBuiltInKeywords.getNumberOfTotalOption(batchlength): 7 options of object '' counted

2018-05-31 14:24:21 - [MESSAGE][PASSED] - 7 options of object '' counted

2018-05-31 14:24:21 - [TEST_STEP][PASSED] - Statement - out.println("BatchSize : " + batchsize): null

2018-05-31 14:24:21 - [TEST_STEP][PASSED] - Statement - For ([n = 1, n <= batchsize - 1, (n++)]): null

2018-05-31 14:24:21 - [TEST_STEP][PASSED] - Statement - product = new com.kms.katalon.core.testobject.TestObject(): null

2018-05-31 14:24:21 - [TEST_STEP][PASSED] - Statement - product = com.kms.katalon.core.webui.keyword.WebUiBuiltInKeywords.modifyObjectProperty(product, "xpath", "equals", "//*[@id = "fldvendor" + row + ""]", true): Modify property of object successfully

2018-05-31 14:24:21 - [MESSAGE][PASSED] - Modify property of object successfully

2018-05-31 14:24:21 - [TEST_STEP][PASSED] - selectOptionByIndex: All options with index in [1] are selected on object ''

2018-05-31 14:24:21 - [MESSAGE][PASSED] - All options with index in [1] are selected on object ''

2018-05-31 14:24:21 - [TEST_STEP][PASSED] - delay: Delayed 2 second(s)

2018-05-31 14:24:23 - [MESSAGE][PASSED] - Delayed 2 second(s)

2018-05-31 14:24:23 - [TEST_STEP][PASSED] - Statement - batch = new com.kms.katalon.core.testobject.TestObject(): null

2018-05-31 14:24:23 - [TEST_STEP][PASSED] - Statement - batch = com.kms.katalon.core.webui.keyword.WebUiBuiltInKeywords.modifyObjectProperty(batch, "xpath", "equals", "//*[@id = "txtbthqty" + row + ""]", true): Modify property of object successfully

2018-05-31 14:24:23 - [MESSAGE][PASSED] - Modify property of object successfully

2018-05-31 14:24:23 - [TEST_STEP][PASSED] - Statement - batchqty = com.kms.katalon.core.webui.keyword.WebUiBuiltInKeywords.getAttribute(batch, "value").trim(): Attribute 'value' of object '' is: '5000'

2018-05-31 14:24:23 - [MESSAGE][PASSED] - Attribute 'value' of object '' is: '5000'

2018-05-31 14:24:23 - [TEST_STEP][PASSED] - Statement - Rqty = 100: null

2018-05-31 14:24:23 - [TEST_STEP][PASSED] - Statement - out.println("BatchQty : " + batchqty): null

2018-05-31 14:24:23 - [TEST_STEP][PASSED] - Statement - out.println("RQty : " + Rqty): null

2018-05-31 14:24:23 - [TEST_STEP][PASSED] - Statement - If (java.lang.Integer.valueOf(batchqty) >= java.lang.Integer.valueOf(Rqty)): null

2018-05-31 14:24:23 - [TEST_STEP][PASSED] - Statement - Break: null

2018-05-31 14:24:23 - [TEST_STEP][PASSED] - Statement - batchlength = new com.kms.katalon.core.testobject.TestObject(): null

2018-05-31 14:24:23 - [TEST_STEP][PASSED] - Statement - batchlength = com.kms.katalon.core.webui.keyword.WebUiBuiltInKeywords.modifyObjectProperty(batchlength, "xpath", "equals", "//*[@id = "fldvendor" + row + ""]", true): Modify property of object successfully

2018-05-31 14:24:23 - [MESSAGE][PASSED] - Modify property of object successfully

2018-05-31 14:24:23 - [TEST_STEP][PASSED] - Statement - batchsize = com.kms.katalon.core.webui.keyword.WebUiBuiltInKeywords.getNumberOfTotalOption(batchlength): 7 options of object '' counted

2018-05-31 14:24:23 - [MESSAGE][PASSED] - 7 options of object '' counted

2018-05-31 14:24:23 - [TEST_STEP][PASSED] - Statement - out.println("BatchSize : " + batchsize): null

2018-05-31 14:24:23 - [TEST_STEP][PASSED] - Statement - For ([n = 1, n <= batchsize - 1, (n++)]): null

2018-05-31 14:24:23 - [TEST_STEP][PASSED] - Statement - product = new com.kms.katalon.core.testobject.TestObject(): null

2018-05-31 14:24:23 - [TEST_STEP][PASSED] - Statement - product = com.kms.katalon.core.webui.keyword.WebUiBuiltInKeywords.modifyObjectProperty(product, "xpath", "equals", "//*[@id = "fldvendor" + row + ""]", true): Modify property of object successfully

2018-05-31 14:24:23 - [MESSAGE][PASSED] - Modify property of object successfully

2018-05-31 14:24:23 - [TEST_STEP][PASSED] - selectOptionByIndex: All options with index in [1] are selected on object ''

2018-05-31 14:24:24 - [MESSAGE][PASSED] - All options with index in [1] are selected on object ''

2018-05-31 14:24:24 - [TEST_STEP][PASSED] - delay: Delayed 2 second(s)

2018-05-31 14:24:26 - [MESSAGE][PASSED] - Delayed 2 second(s)

2018-05-31 14:24:26 - [TEST_STEP][PASSED] - Statement - batch = new com.kms.katalon.core.testobject.TestObject(): null

2018-05-31 14:24:26 - [TEST_STEP][PASSED] - Statement - batch = com.kms.katalon.core.webui.keyword.WebUiBuiltInKeywords.modifyObjectProperty(batch, "xpath", "equals", "//*[@id = "txtbthqty" + row + ""]", true): Modify property of object successfully

2018-05-31 14:24:26 - [MESSAGE][PASSED] - Modify property of object successfully

2018-05-31 14:24:26 - [TEST_STEP][PASSED] - Statement - batchqty = com.kms.katalon.core.webui.keyword.WebUiBuiltInKeywords.getAttribute(batch, "value").trim(): Attribute 'value' of object '' is: '4800'

2018-05-31 14:24:26 - [MESSAGE][PASSED] - Attribute 'value' of object '' is: '4800'

2018-05-31 14:24:26 - [TEST_STEP][PASSED] - Statement - Rqty = 100: null

2018-05-31 14:24:26 - [TEST_STEP][PASSED] - Statement - out.println("BatchQty : " + batchqty): null

2018-05-31 14:24:26 - [TEST_STEP][PASSED] - Statement - out.println("RQty : " + Rqty): null

2018-05-31 14:24:26 - [TEST_STEP][PASSED] - Statement - If (java.lang.Integer.valueOf(batchqty) >= java.lang.Integer.valueOf(Rqty)): null

2018-05-31 14:24:26 - [TEST_STEP][PASSED] - Statement - Break: null

2018-05-31 14:24:26 - [TEST_STEP][PASSED] - Statement - batchlength = new com.kms.katalon.core.testobject.TestObject(): null

2018-05-31 14:24:26 - [TEST_STEP][PASSED] - Statement - batchlength = com.kms.katalon.core.webui.keyword.WebUiBuiltInKeywords.modifyObjectProperty(batchlength, "xpath", "equals", "//*[@id = "fldvendor" + row + ""]", true): Modify property of object successfully

2018-05-31 14:24:26 - [MESSAGE][PASSED] - Modify property of object successfully

2018-05-31 14:24:26 - [TEST_STEP][PASSED] - Statement - batchsize = com.kms.katalon.core.webui.keyword.WebUiBuiltInKeywords.getNumberOfTotalOption(batchlength): 8 options of object '' counted

2018-05-31 14:24:26 - [MESSAGE][PASSED] - 8 options of object '' counted

2018-05-31 14:24:26 - [TEST_STEP][PASSED] - Statement - out.println("BatchSize : " + batchsize): null

2018-05-31 14:24:26 - [TEST_STEP][PASSED] - Statement - For ([n = 1, n <= batchsize - 1, (n++)]): null

2018-05-31 14:24:26 - [TEST_STEP][PASSED] - Statement - product = new com.kms.katalon.core.testobject.TestObject(): null

2018-05-31 14:24:26 - [TEST_STEP][PASSED] - Statement - product = com.kms.katalon.core.webui.keyword.WebUiBuiltInKeywords.modifyObjectProperty(product, "xpath", "equals", "//*[@id = "fldvendor" + row + ""]", true): Modify property of object successfully

2018-05-31 14:24:26 - [MESSAGE][PASSED] - Modify property of object successfully

2018-05-31 14:24:26 - [TEST_STEP][PASSED] - selectOptionByIndex: All options with index in [1] are selected on object ''

2018-05-31 14:24:26 - [MESSAGE][PASSED] - All options with index in [1] are selected on object ''

2018-05-31 14:24:26 - [TEST_STEP][PASSED] - delay: Delayed 2 second(s)

2018-05-31 14:24:28 - [MESSAGE][PASSED] - Delayed 2 second(s)

2018-05-31 14:24:28 - [TEST_STEP][PASSED] - Statement - batch = new com.kms.katalon.core.testobject.TestObject(): null

2018-05-31 14:24:28 - [TEST_STEP][PASSED] - Statement - batch = com.kms.katalon.core.webui.keyword.WebUiBuiltInKeywords.modifyObjectProperty(batch, "xpath", "equals", "//*[@id = "txtbthqty" + row + ""]", true): Modify property of object successfully

2018-05-31 14:24:28 - [MESSAGE][PASSED] - Modify property of object successfully

2018-05-31 14:24:28 - [TEST_STEP][PASSED] - Statement - batchqty = com.kms.katalon.core.webui.keyword.WebUiBuiltInKeywords.getAttribute(batch, "value").trim(): Attribute 'value' of object '' is: '5000'

2018-05-31 14:24:28 - [MESSAGE][PASSED] - Attribute 'value' of object '' is: '5000'

2018-05-31 14:24:28 - [TEST_STEP][PASSED] - Statement - Rqty = 100: null

2018-05-31 14:24:28 - [TEST_STEP][PASSED] - Statement - out.println("BatchQty : " + batchqty): null

2018-05-31 14:24:28 - [TEST_STEP][PASSED] - Statement - out.println("RQty : " + Rqty): null

2018-05-31 14:24:28 - [TEST_STEP][PASSED] - Statement - If (java.lang.Integer.valueOf(batchqty) >= java.lang.Integer.valueOf(Rqty)): null

2018-05-31 14:24:28 - [TEST_STEP][PASSED] - Statement - Break: null

2018-05-31 14:24:28 - [TEST_STEP][PASSED] - Statement - batchlength = new com.kms.katalon.core.testobject.TestObject(): null

2018-05-31 14:24:28 - [TEST_STEP][PASSED] - Statement - batchlength = com.kms.katalon.core.webui.keyword.WebUiBuiltInKeywords.modifyObjectProperty(batchlength, "xpath", "equals", "//*[@id = "fldvendor" + row + ""]", true): Modify property of object successfully

2018-05-31 14:24:28 - [MESSAGE][PASSED] - Modify property of object successfully

2018-05-31 14:24:28 - [TEST_STEP][PASSED] - Statement - batchsize = com.kms.katalon.core.webui.keyword.WebUiBuiltInKeywords.getNumberOfTotalOption(batchlength): 8 options of object '' counted

2018-05-31 14:24:28 - [MESSAGE][PASSED] - 8 options of object '' counted

2018-05-31 14:24:28 - [TEST_STEP][PASSED] - Statement - out.println("BatchSize : " + batchsize): null

2018-05-31 14:24:28 - [TEST_STEP][PASSED] - Statement - For ([n = 1, n <= batchsize - 1, (n++)]): null

2018-05-31 14:24:28 - [TEST_STEP][PASSED] - Statement - product = new com.kms.katalon.core.testobject.TestObject(): null

2018-05-31 14:24:28 - [TEST_STEP][PASSED] - Statement - product = com.kms.katalon.core.webui.keyword.WebUiBuiltInKeywords.modifyObjectProperty(product, "xpath", "equals", "//*[@id = "fldvendor" + row + ""]", true): Modify property of object successfully

2018-05-31 14:24:28 - [MESSAGE][PASSED] - Modify property of object successfully

2018-05-31 14:24:28 - [TEST_STEP][PASSED] - selectOptionByIndex: All options with index in [1] are selected on object ''

2018-05-31 14:24:28 - [MESSAGE][PASSED] - All options with index in [1] are selected on object ''

2018-05-31 14:24:28 - [TEST_STEP][PASSED] - delay: Delayed 2 second(s)

2018-05-31 14:24:30 - [MESSAGE][PASSED] - Delayed 2 second(s)

2018-05-31 14:24:30 - [TEST_STEP][PASSED] - Statement - batch = new com.kms.katalon.core.testobject.TestObject(): null

2018-05-31 14:24:30 - [TEST_STEP][PASSED] - Statement - batch = com.kms.katalon.core.webui.keyword.WebUiBuiltInKeywords.modifyObjectProperty(batch, "xpath", "equals", "//*[@id = "txtbthqty" + row + ""]", true): Modify property of object successfully

2018-05-31 14:24:30 - [MESSAGE][PASSED] - Modify property of object successfully

2018-05-31 14:24:30 - [TEST_STEP][PASSED] - Statement - batchqty = com.kms.katalon.core.webui.keyword.WebUiBuiltInKeywords.getAttribute(batch, "value").trim(): Attribute 'value' of object '' is: '4800'

2018-05-31 14:24:30 - [MESSAGE][PASSED] - Attribute 'value' of object '' is: '4800'

2018-05-31 14:24:30 - [TEST_STEP][PASSED] - Statement - Rqty = 100: null

2018-05-31 14:24:30 - [TEST_STEP][PASSED] - Statement - out.println("BatchQty : " + batchqty): null

2018-05-31 14:24:30 - [TEST_STEP][PASSED] - Statement - out.println("RQty : " + Rqty): null

2018-05-31 14:24:30 - [TEST_STEP][PASSED] - Statement - If (java.lang.Integer.valueOf(batchqty) >= java.lang.Integer.valueOf(Rqty)): null

2018-05-31 14:24:30 - [TEST_STEP][PASSED] - Statement - Break: null

2018-05-31 14:24:30 - [TEST_STEP][PASSED] - Statement - batchlength = new com.kms.katalon.core.testobject.TestObject(): null

2018-05-31 14:24:30 - [TEST_STEP][PASSED] - Statement - batchlength = com.kms.katalon.core.webui.keyword.WebUiBuiltInKeywords.modifyObjectProperty(batchlength, "xpath", "equals", "//*[@id = "fldvendor" + row + ""]", true): Modify property of object successfully

2018-05-31 14:24:30 - [MESSAGE][PASSED] - Modify property of object successfully

2018-05-31 14:24:30 - [TEST_STEP][PASSED] - Statement - batchsize = com.kms.katalon.core.webui.keyword.WebUiBuiltInKeywords.getNumberOfTotalOption(batchlength): 8 options of object '' counted

2018-05-31 14:24:30 - [MESSAGE][PASSED] - 8 options of object '' counted

2018-05-31 14:24:30 - [TEST_STEP][PASSED] - Statement - out.println("BatchSize : " + batchsize): null

2018-05-31 14:24:30 - [TEST_STEP][PASSED] - Statement - For ([n = 1, n <= batchsize - 1, (n++)]): null

2018-05-31 14:24:30 - [TEST_STEP][PASSED] - Statement - product = new com.kms.katalon.core.testobject.TestObject(): null

2018-05-31 14:24:30 - [TEST_STEP][PASSED] - Statement - product = com.kms.katalon.core.webui.keyword.WebUiBuiltInKeywords.modifyObjectProperty(product, "xpath", "equals", "//*[@id = "fldvendor" + row + ""]", true): Modify property of object successfully

2018-05-31 14:24:30 - [MESSAGE][PASSED] - Modify property of object successfully

2018-05-31 14:24:30 - [TEST_STEP][PASSED] - selectOptionByIndex: All options with index in [1] are selected on object ''

2018-05-31 14:24:30 - [MESSAGE][PASSED] - All options with index in [1] are selected on object ''

2018-05-31 14:24:30 - [TEST_STEP][PASSED] - delay: Delayed 2 second(s)

2018-05-31 14:24:32 - [MESSAGE][PASSED] - Delayed 2 second(s)

2018-05-31 14:24:32 - [TEST_STEP][PASSED] - Statement - batch = new com.kms.katalon.core.testobject.TestObject(): null

2018-05-31 14:24:32 - [TEST_STEP][PASSED] - Statement - batch = com.kms.katalon.core.webui.keyword.WebUiBuiltInKeywords.modifyObjectProperty(batch, "xpath", "equals", "//*[@id = "txtbthqty" + row + ""]", true): Modify property of object successfully

2018-05-31 14:24:32 - [MESSAGE][PASSED] - Modify property of object successfully

2018-05-31 14:24:32 - [TEST_STEP][PASSED] - Statement - batchqty = com.kms.katalon.core.webui.keyword.WebUiBuiltInKeywords.getAttribute(batch, "value").trim(): Attribute 'value' of object '' is: '200'

2018-05-31 14:24:32 - [MESSAGE][PASSED] - Attribute 'value' of object '' is: '200'

2018-05-31 14:24:32 - [TEST_STEP][PASSED] - Statement - Rqty = 100: null

2018-05-31 14:24:32 - [TEST_STEP][PASSED] - Statement - out.println("BatchQty : " + batchqty): null

2018-05-31 14:24:32 - [TEST_STEP][PASSED] - Statement - out.println("RQty : " + Rqty): null

2018-05-31 14:24:32 - [TEST_STEP][PASSED] - Statement - If (java.lang.Integer.valueOf(batchqty) >= java.lang.Integer.valueOf(Rqty)): null

2018-05-31 14:24:32 - [TEST_STEP][PASSED] - Statement - Break: null

2018-05-31 14:24:32 - [TEST_STEP][PASSED] - Statement - batchlength = new com.kms.katalon.core.testobject.TestObject(): null

2018-05-31 14:24:32 - [TEST_STEP][PASSED] - Statement - batchlength = com.kms.katalon.core.webui.keyword.WebUiBuiltInKeywords.modifyObjectProperty(batchlength, "xpath", "equals", "//*[@id = "fldvendor" + row + ""]", true): Modify property of object successfully

2018-05-31 14:24:32 - [MESSAGE][PASSED] - Modify property of object successfully

2018-05-31 14:24:32 - [TEST_STEP][PASSED] - Statement - batchsize = com.kms.katalon.core.webui.keyword.WebUiBuiltInKeywords.getNumberOfTotalOption(batchlength): 8 options of object '' counted

2018-05-31 14:24:32 - [MESSAGE][PASSED] - 8 options of object '' counted

2018-05-31 14:24:32 - [TEST_STEP][PASSED] - Statement - out.println("BatchSize : " + batchsize): null

2018-05-31 14:24:32 - [TEST_STEP][PASSED] - Statement - For ([n = 1, n <= batchsize - 1, (n++)]): null

2018-05-31 14:24:32 - [TEST_STEP][PASSED] - Statement - product = new com.kms.katalon.core.testobject.TestObject(): null

2018-05-31 14:24:32 - [TEST_STEP][PASSED] - Statement - product = com.kms.katalon.core.webui.keyword.WebUiBuiltInKeywords.modifyObjectProperty(product, "xpath", "equals", "//*[@id = "fldvendor" + row + ""]", true): Modify property of object successfully

2018-05-31 14:24:32 - [MESSAGE][PASSED] - Modify property of object successfully

2018-05-31 14:24:32 - [TEST_STEP][PASSED] - selectOptionByIndex: All options with index in [1] are selected on object ''

2018-05-31 14:24:33 - [MESSAGE][PASSED] - All options with index in [1] are selected on object ''

2018-05-31 14:24:33 - [TEST_STEP][PASSED] - delay: Delayed 2 second(s)

2018-05-31 14:24:35 - [MESSAGE][PASSED] - Delayed 2 second(s)

2018-05-31 14:24:35 - [TEST_STEP][PASSED] - Statement - batch = new com.kms.katalon.core.testobject.TestObject(): null

2018-05-31 14:24:35 - [TEST_STEP][PASSED] - Statement - batch = com.kms.katalon.core.webui.keyword.WebUiBuiltInKeywords.modifyObjectProperty(batch, "xpath", "equals", "//*[@id = "txtbthqty" + row + ""]", true): Modify property of object successfully

2018-05-31 14:24:35 - [MESSAGE][PASSED] - Modify property of object successfully

2018-05-31 14:24:35 - [TEST_STEP][PASSED] - Statement - batchqty = com.kms.katalon.core.webui.keyword.WebUiBuiltInKeywords.getAttribute(batch, "value").trim(): Attribute 'value' of object '' is: '200'

2018-05-31 14:24:35 - [MESSAGE][PASSED] - Attribute 'value' of object '' is: '200'

2018-05-31 14:24:35 - [TEST_STEP][PASSED] - Statement - Rqty = 100: null

2018-05-31 14:24:35 - [TEST_STEP][PASSED] - Statement - out.println("BatchQty : " + batchqty): null

2018-05-31 14:24:35 - [TEST_STEP][PASSED] - Statement - out.println("RQty : " + Rqty): null

2018-05-31 14:24:35 - [TEST_STEP][PASSED] - Statement - If (java.lang.Integer.valueOf(batchqty) >= java.lang.Integer.valueOf(Rqty)): null

2018-05-31 14:24:35 - [TEST_STEP][PASSED] - Statement - Break: null

2018-05-31 14:24:35 - [TEST_STEP][PASSED] - Statement - batchlength = new com.kms.katalon.core.testobject.TestObject(): null

2018-05-31 14:24:35 - [TEST_STEP][PASSED] - Statement - batchlength = com.kms.katalon.core.webui.keyword.WebUiBuiltInKeywords.modifyObjectProperty(batchlength, "xpath", "equals", "//*[@id = "fldvendor" + row + ""]", true): Modify property of object successfully

2018-05-31 14:24:35 - [MESSAGE][PASSED] - Modify property of object successfully

2018-05-31 14:24:35 - [TEST_STEP][PASSED] - Statement - batchsize = com.kms.katalon.core.webui.keyword.WebUiBuiltInKeywords.getNumberOfTotalOption(batchlength): 8 options of object '' counted

2018-05-31 14:24:35 - [MESSAGE][PASSED] - 8 options of object '' counted

2018-05-31 14:24:35 - [TEST_STEP][PASSED] - Statement - out.println("BatchSize : " + batchsize): null

2018-05-31 14:24:35 - [TEST_STEP][PASSED] - Statement - For ([n = 1, n <= batchsize - 1, (n++)]): null

2018-05-31 14:24:35 - [TEST_STEP][PASSED] - Statement - product = new com.kms.katalon.core.testobject.TestObject(): null

2018-05-31 14:24:35 - [TEST_STEP][PASSED] - Statement - product = com.kms.katalon.core.webui.keyword.WebUiBuiltInKeywords.modifyObjectProperty(product, "xpath", "equals", "//*[@id = "fldvendor" + row + ""]", true): Modify property of object successfully

2018-05-31 14:24:35 - [MESSAGE][PASSED] - Modify property of object successfully

2018-05-31 14:24:35 - [TEST_STEP][PASSED] - selectOptionByIndex: All options with index in [1] are selected on object ''

2018-05-31 14:24:35 - [MESSAGE][PASSED] - All options with index in [1] are selected on object ''

2018-05-31 14:24:35 - [TEST_STEP][PASSED] - delay: Delayed 2 second(s)

2018-05-31 14:24:37 - [MESSAGE][PASSED] - Delayed 2 second(s)

2018-05-31 14:24:37 - [TEST_STEP][PASSED] - Statement - batch = new com.kms.katalon.core.testobject.TestObject(): null

2018-05-31 14:24:37 - [TEST_STEP][PASSED] - Statement - batch = com.kms.katalon.core.webui.keyword.WebUiBuiltInKeywords.modifyObjectProperty(batch, "xpath", "equals", "//*[@id = "txtbthqty" + row + ""]", true): Modify property of object successfully

2018-05-31 14:24:37 - [MESSAGE][PASSED] - Modify property of object successfully

2018-05-31 14:24:37 - [TEST_STEP][PASSED] - Statement - batchqty = com.kms.katalon.core.webui.keyword.WebUiBuiltInKeywords.getAttribute(batch, "value").trim(): Attribute 'value' of object '' is: '4800'

2018-05-31 14:24:37 - [MESSAGE][PASSED] - Attribute 'value' of object '' is: '4800'

2018-05-31 14:24:37 - [TEST_STEP][PASSED] - Statement - Rqty = 100: null

2018-05-31 14:24:37 - [TEST_STEP][PASSED] - Statement - out.println("BatchQty : " + batchqty): null

2018-05-31 14:24:37 - [TEST_STEP][PASSED] - Statement - out.println("RQty : " + Rqty): null

2018-05-31 14:24:37 - [TEST_STEP][PASSED] - Statement - If (java.lang.Integer.valueOf(batchqty) >= java.lang.Integer.valueOf(Rqty)): null

2018-05-31 14:24:37 - [TEST_STEP][PASSED] - Statement - Break: null

2018-05-31 14:24:37 - [TEST_STEP][PASSED] - Statement - batchlength = new com.kms.katalon.core.testobject.TestObject(): null

2018-05-31 14:24:37 - [TEST_STEP][PASSED] - Statement - batchlength = com.kms.katalon.core.webui.keyword.WebUiBuiltInKeywords.modifyObjectProperty(batchlength, "xpath", "equals", "//*[@id = "fldvendor" + row + ""]", true): Modify property of object successfully

2018-05-31 14:24:37 - [MESSAGE][PASSED] - Modify property of object successfully

2018-05-31 14:24:37 - [TEST_STEP][PASSED] - Statement - batchsize = com.kms.katalon.core.webui.keyword.WebUiBuiltInKeywords.getNumberOfTotalOption(batchlength): 7 options of object '' counted

2018-05-31 14:24:37 - [MESSAGE][PASSED] - 7 options of object '' counted

2018-05-31 14:24:37 - [TEST_STEP][PASSED] - Statement - out.println("BatchSize : " + batchsize): null

2018-05-31 14:24:37 - [TEST_STEP][PASSED] - Statement - For ([n = 1, n <= batchsize - 1, (n++)]): null

2018-05-31 14:24:37 - [TEST_STEP][PASSED] - Statement - product = new com.kms.katalon.core.testobject.TestObject(): null

2018-05-31 14:24:37 - [TEST_STEP][PASSED] - Statement - product = com.kms.katalon.core.webui.keyword.WebUiBuiltInKeywords.modifyObjectProperty(product, "xpath", "equals", "//*[@id = "fldvendor" + row + ""]", true): Modify property of object successfully

2018-05-31 14:24:37 - [MESSAGE][PASSED] - Modify property of object successfully

2018-05-31 14:24:37 - [TEST_STEP][PASSED] - selectOptionByIndex: All options with index in [1] are selected on object ''

2018-05-31 14:24:37 - [MESSAGE][PASSED] - All options with index in [1] are selected on object ''

2018-05-31 14:24:37 - [TEST_STEP][PASSED] - delay: Delayed 2 second(s)

2018-05-31 14:24:39 - [MESSAGE][PASSED] - Delayed 2 second(s)

2018-05-31 14:24:39 - [TEST_STEP][PASSED] - Statement - batch = new com.kms.katalon.core.testobject.TestObject(): null

2018-05-31 14:24:39 - [TEST_STEP][PASSED] - Statement - batch = com.kms.katalon.core.webui.keyword.WebUiBuiltInKeywords.modifyObjectProperty(batch, "xpath", "equals", "//*[@id = "txtbthqty" + row + ""]", true): Modify property of object successfully

2018-05-31 14:24:39 - [MESSAGE][PASSED] - Modify property of object successfully

2018-05-31 14:24:39 - [TEST_STEP][PASSED] - Statement - batchqty = com.kms.katalon.core.webui.keyword.WebUiBuiltInKeywords.getAttribute(batch, "value").trim(): Attribute 'value' of object '' is: '4800'

2018-05-31 14:24:39 - [MESSAGE][PASSED] - Attribute 'value' of object '' is: '4800'

2018-05-31 14:24:39 - [TEST_STEP][PASSED] - Statement - Rqty = 100: null

2018-05-31 14:24:39 - [TEST_STEP][PASSED] - Statement - out.println("BatchQty : " + batchqty): null

2018-05-31 14:24:39 - [TEST_STEP][PASSED] - Statement - out.println("RQty : " + Rqty): null

2018-05-31 14:24:39 - [TEST_STEP][PASSED] - Statement - If (java.lang.Integer.valueOf(batchqty) >= java.lang.Integer.valueOf(Rqty)): null

2018-05-31 14:24:39 - [TEST_STEP][PASSED] - Statement - Break: null

2018-05-31 14:24:39 - [TEST_STEP][PASSED] - Statement - batchlength = new com.kms.katalon.core.testobject.TestObject(): null

2018-05-31 14:24:39 - [TEST_STEP][PASSED] - Statement - batchlength = com.kms.katalon.core.webui.keyword.WebUiBuiltInKeywords.modifyObjectProperty(batchlength, "xpath", "equals", "//*[@id = "fldvendor" + row + ""]", true): Modify property of object successfully

2018-05-31 14:24:39 - [MESSAGE][PASSED] - Modify property of object successfully

2018-05-31 14:24:39 - [TEST_STEP][PASSED] - Statement - batchsize = com.kms.katalon.core.webui.keyword.WebUiBuiltInKeywords.getNumberOfTotalOption(batchlength): 9 options of object '' counted

2018-05-31 14:24:39 - [MESSAGE][PASSED] - 9 options of object '' counted

2018-05-31 14:24:39 - [TEST_STEP][PASSED] - Statement - out.println("BatchSize : " + batchsize): null

2018-05-31 14:24:39 - [TEST_STEP][PASSED] - Statement - For ([n = 1, n <= batchsize - 1, (n++)]): null

2018-05-31 14:24:39 - [TEST_STEP][PASSED] - Statement - product = new com.kms.katalon.core.testobject.TestObject(): null

2018-05-31 14:24:39 - [TEST_STEP][PASSED] - Statement - product = com.kms.katalon.core.webui.keyword.WebUiBuiltInKeywords.modifyObjectProperty(product, "xpath", "equals", "//*[@id = "fldvendor" + row + ""]", true): Modify property of object successfully

2018-05-31 14:24:39 - [MESSAGE][PASSED] - Modify property of object successfully

2018-05-31 14:24:39 - [TEST_STEP][PASSED] - selectOptionByIndex: All options with index in [1] are selected on object ''

2018-05-31 14:24:39 - [MESSAGE][PASSED] - All options with index in [1] are selected on object ''

2018-05-31 14:24:39 - [TEST_STEP][PASSED] - delay: Delayed 2 second(s)

2018-05-31 14:24:41 - [MESSAGE][PASSED] - Delayed 2 second(s)

2018-05-31 14:24:41 - [TEST_STEP][PASSED] - Statement - batch = new com.kms.katalon.core.testobject.TestObject(): null

2018-05-31 14:24:41 - [TEST_STEP][PASSED] - Statement - batch = com.kms.katalon.core.webui.keyword.WebUiBuiltInKeywords.modifyObjectProperty(batch, "xpath", "equals", "//*[@id = "txtbthqty" + row + ""]", true): Modify property of object successfully

2018-05-31 14:24:41 - [MESSAGE][PASSED] - Modify property of object successfully

2018-05-31 14:24:41 - [TEST_STEP][PASSED] - Statement - batchqty = com.kms.katalon.core.webui.keyword.WebUiBuiltInKeywords.getAttribute(batch, "value").trim(): Attribute 'value' of object '' is: '149700'

2018-05-31 14:24:41 - [MESSAGE][PASSED] - Attribute 'value' of object '' is: '149700'

2018-05-31 14:24:41 - [TEST_STEP][PASSED] - Statement - Rqty = 100: null

2018-05-31 14:24:41 - [TEST_STEP][PASSED] - Statement - out.println("BatchQty : " + batchqty): null

2018-05-31 14:24:41 - [TEST_STEP][PASSED] - Statement - out.println("RQty : " + Rqty): null

2018-05-31 14:24:41 - [TEST_STEP][PASSED] - Statement - If (java.lang.Integer.valueOf(batchqty) >= java.lang.Integer.valueOf(Rqty)): null

2018-05-31 14:24:41 - [TEST_STEP][PASSED] - Statement - Break: null

2018-05-31 14:24:41 - [TEST_STEP][PASSED] - Statement - batchlength = new com.kms.katalon.core.testobject.TestObject(): null

2018-05-31 14:24:41 - [TEST_STEP][PASSED] - Statement - batchlength = com.kms.katalon.core.webui.keyword.WebUiBuiltInKeywords.modifyObjectProperty(batchlength, "xpath", "equals", "//*[@id = "fldvendor" + row + ""]", true): Modify property of object successfully

2018-05-31 14:24:41 - [MESSAGE][PASSED] - Modify property of object successfully

2018-05-31 14:24:41 - [TEST_STEP][PASSED] - Statement - batchsize = com.kms.katalon.core.webui.keyword.WebUiBuiltInKeywords.getNumberOfTotalOption(batchlength): 9 options of object '' counted

2018-05-31 14:24:42 - [MESSAGE][PASSED] - 9 options of object '' counted

2018-05-31 14:24:42 - [TEST_STEP][PASSED] - Statement - out.println("BatchSize : " + batchsize): null

2018-05-31 14:24:42 - [TEST_STEP][PASSED] - Statement - For ([n = 1, n <= batchsize - 1, (n++)]): null

2018-05-31 14:24:42 - [TEST_STEP][PASSED] - Statement - product = new com.kms.katalon.core.testobject.TestObject(): null

2018-05-31 14:24:42 - [TEST_STEP][PASSED] - Statement - product = com.kms.katalon.core.webui.keyword.WebUiBuiltInKeywords.modifyObjectProperty(product, "xpath", "equals", "//*[@id = "fldvendor" + row + ""]", true): Modify property of object successfully

2018-05-31 14:24:42 - [MESSAGE][PASSED] - Modify property of object successfully

2018-05-31 14:24:42 - [TEST_STEP][PASSED] - selectOptionByIndex: All options with index in [1] are selected on object ''

2018-05-31 14:24:42 - [MESSAGE][PASSED] - All options with index in [1] are selected on object ''

2018-05-31 14:24:42 - [TEST_STEP][PASSED] - delay: Delayed 2 second(s)

2018-05-31 14:24:44 - [MESSAGE][PASSED] - Delayed 2 second(s)

2018-05-31 14:24:44 - [TEST_STEP][PASSED] - Statement - batch = new com.kms.katalon.core.testobject.TestObject(): null

2018-05-31 14:24:44 - [TEST_STEP][PASSED] - Statement - batch = com.kms.katalon.core.webui.keyword.WebUiBuiltInKeywords.modifyObjectProperty(batch, "xpath", "equals", "//*[@id = "txtbthqty" + row + ""]", true): Modify property of object successfully

2018-05-31 14:24:44 - [MESSAGE][PASSED] - Modify property of object successfully

2018-05-31 14:24:44 - [TEST_STEP][PASSED] - Statement - batchqty = com.kms.katalon.core.webui.keyword.WebUiBuiltInKeywords.getAttribute(batch, "value").trim(): Attribute 'value' of object '' is: '5000'

2018-05-31 14:24:44 - [MESSAGE][PASSED] - Attribute 'value' of object '' is: '5000'

2018-05-31 14:24:44 - [TEST_STEP][PASSED] - Statement - Rqty = 100: null

2018-05-31 14:24:44 - [TEST_STEP][PASSED] - Statement - out.println("BatchQty : " + batchqty): null

2018-05-31 14:24:44 - [TEST_STEP][PASSED] - Statement - out.println("RQty : " + Rqty): null

2018-05-31 14:24:44 - [TEST_STEP][PASSED] - Statement - If (java.lang.Integer.valueOf(batchqty) >= java.lang.Integer.valueOf(Rqty)): null

2018-05-31 14:24:44 - [TEST_STEP][PASSED] - Statement - Break: null

2018-05-31 14:24:44 - [TEST_STEP][PASSED] - Statement - batchlength = new com.kms.katalon.core.testobject.TestObject(): null

2018-05-31 14:24:44 - [TEST_STEP][PASSED] - Statement - batchlength = com.kms.katalon.core.webui.keyword.WebUiBuiltInKeywords.modifyObjectProperty(batchlength, "xpath", "equals", "//*[@id = "fldvendor" + row + ""]", true): Modify property of object successfully

2018-05-31 14:24:44 - [MESSAGE][PASSED] - Modify property of object successfully

2018-05-31 14:24:44 - [TEST_STEP][PASSED] - Statement - batchsize = com.kms.katalon.core.webui.keyword.WebUiBuiltInKeywords.getNumberOfTotalOption(batchlength): 9 options of object '' counted

2018-05-31 14:24:44 - [MESSAGE][PASSED] - 9 options of object '' counted

2018-05-31 14:24:44 - [TEST_STEP][PASSED] - Statement - out.println("BatchSize : " + batchsize): null

2018-05-31 14:24:44 - [TEST_STEP][PASSED] - Statement - For ([n = 1, n <= batchsize - 1, (n++)]): null

2018-05-31 14:24:44 - [TEST_STEP][PASSED] - Statement - product = new com.kms.katalon.core.testobject.TestObject(): null

2018-05-31 14:24:44 - [TEST_STEP][PASSED] - Statement - product = com.kms.katalon.core.webui.keyword.WebUiBuiltInKeywords.modifyObjectProperty(product, "xpath", "equals", "//*[@id = "fldvendor" + row + ""]", true): Modify property of object successfully

2018-05-31 14:24:44 - [MESSAGE][PASSED] - Modify property of object successfully

2018-05-31 14:24:44 - [TEST_STEP][PASSED] - selectOptionByIndex: All options with index in [1] are selected on object ''

2018-05-31 14:24:44 - [MESSAGE][PASSED] - All options with index in [1] are selected on object ''

2018-05-31 14:24:44 - [TEST_STEP][PASSED] - delay: Delayed 2 second(s)

2018-05-31 14:24:46 - [MESSAGE][PASSED] - Delayed 2 second(s)

2018-05-31 14:24:46 - [TEST_STEP][PASSED] - Statement - batch = new com.kms.katalon.core.testobject.TestObject(): null

2018-05-31 14:24:46 - [TEST_STEP][PASSED] - Statement - batch = com.kms.katalon.core.webui.keyword.WebUiBuiltInKeywords.modifyObjectProperty(batch, "xpath", "equals", "//*[@id = "txtbthqty" + row + ""]", true): Modify property of object successfully

2018-05-31 14:24:46 - [MESSAGE][PASSED] - Modify property of object successfully

2018-05-31 14:24:46 - [TEST_STEP][PASSED] - Statement - batchqty = com.kms.katalon.core.webui.keyword.WebUiBuiltInKeywords.getAttribute(batch, "value").trim(): Attribute 'value' of object '' is: '200'

2018-05-31 14:24:46 - [MESSAGE][PASSED] - Attribute 'value' of object '' is: '200'

2018-05-31 14:24:46 - [TEST_STEP][PASSED] - Statement - Rqty = 100: null

2018-05-31 14:24:46 - [TEST_STEP][PASSED] - Statement - out.println("BatchQty : " + batchqty): null

2018-05-31 14:24:46 - [TEST_STEP][PASSED] - Statement - out.println("RQty : " + Rqty): null

2018-05-31 14:24:46 - [TEST_STEP][PASSED] - Statement - If (java.lang.Integer.valueOf(batchqty) >= java.lang.Integer.valueOf(Rqty)): null

2018-05-31 14:24:46 - [TEST_STEP][PASSED] - Statement - Break: null

2018-05-31 14:24:46 - [TEST_STEP][PASSED] - Statement - batchlength = new com.kms.katalon.core.testobject.TestObject(): null

2018-05-31 14:24:46 - [TEST_STEP][PASSED] - Statement - batchlength = com.kms.katalon.core.webui.keyword.WebUiBuiltInKeywords.modifyObjectProperty(batchlength, "xpath", "equals", "//*[@id = "fldvendor" + row + ""]", true): Modify property of object successfully

2018-05-31 14:24:46 - [MESSAGE][PASSED] - Modify property of object successfully

2018-05-31 14:24:46 - [TEST_STEP][PASSED] - Statement - batchsize = com.kms.katalon.core.webui.keyword.WebUiBuiltInKeywords.getNumberOfTotalOption(batchlength): 9 options of object '' counted

2018-05-31 14:24:46 - [MESSAGE][PASSED] - 9 options of object '' counted

2018-05-31 14:24:46 - [TEST_STEP][PASSED] - Statement - out.println("BatchSize : " + batchsize): null

2018-05-31 14:24:46 - [TEST_STEP][PASSED] - Statement - For ([n = 1, n <= batchsize - 1, (n++)]): null

2018-05-31 14:24:46 - [TEST_STEP][PASSED] - Statement - product = new com.kms.katalon.core.testobject.TestObject(): null

2018-05-31 14:24:46 - [TEST_STEP][PASSED] - Statement - product = com.kms.katalon.core.webui.keyword.WebUiBuiltInKeywords.modifyObjectProperty(product, "xpath", "equals", "//*[@id = "fldvendor" + row + ""]", true): Modify property of object successfully

2018-05-31 14:24:46 - [MESSAGE][PASSED] - Modify property of object successfully

2018-05-31 14:24:46 - [TEST_STEP][PASSED] - selectOptionByIndex: All options with index in [1] are selected on object ''

2018-05-31 14:24:46 - [MESSAGE][PASSED] - All options with index in [1] are selected on object ''

2018-05-31 14:24:46 - [TEST_STEP][PASSED] - delay: Delayed 2 second(s)

2018-05-31 14:24:48 - [MESSAGE][PASSED] - Delayed 2 second(s)

2018-05-31 14:24:48 - [TEST_STEP][PASSED] - Statement - batch = new com.kms.katalon.core.testobject.TestObject(): null

2018-05-31 14:24:48 - [TEST_STEP][PASSED] - Statement - batch = com.kms.katalon.core.webui.keyword.WebUiBuiltInKeywords.modifyObjectProperty(batch, "xpath", "equals", "//*[@id = "txtbthqty" + row + ""]", true): Modify property of object successfully

2018-05-31 14:24:48 - [MESSAGE][PASSED] - Modify property of object successfully

2018-05-31 14:24:48 - [TEST_STEP][PASSED] - Statement - batchqty = com.kms.katalon.core.webui.keyword.WebUiBuiltInKeywords.getAttribute(batch, "value").trim(): Attribute 'value' of object '' is: '4800'

2018-05-31 14:24:48 - [MESSAGE][PASSED] - Attribute 'value' of object '' is: '4800'

2018-05-31 14:24:48 - [TEST_STEP][PASSED] - Statement - Rqty = 100: null

2018-05-31 14:24:48 - [TEST_STEP][PASSED] - Statement - out.println("BatchQty : " + batchqty): null

2018-05-31 14:24:48 - [TEST_STEP][PASSED] - Statement - out.println("RQty : " + Rqty): null

2018-05-31 14:24:48 - [TEST_STEP][PASSED] - Statement - If (java.lang.Integer.valueOf(batchqty) >= java.lang.Integer.valueOf(Rqty)): null

2018-05-31 14:24:48 - [TEST_STEP][PASSED] - Statement - Break: null

2018-05-31 14:24:48 - [TEST_STEP][PASSED] - Statement - batchlength = new com.kms.katalon.core.testobject.TestObject(): null

2018-05-31 14:24:48 - [TEST_STEP][PASSED] - Statement - batchlength = com.kms.katalon.core.webui.keyword.WebUiBuiltInKeywords.modifyObjectProperty(batchlength, "xpath", "equals", "//*[@id = "fldvendor" + row + ""]", true): Modify property of object successfully

2018-05-31 14:24:48 - [MESSAGE][PASSED] - Modify property of object successfully

2018-05-31 14:24:48 - [TEST_STEP][PASSED] - Statement - batchsize = com.kms.katalon.core.webui.keyword.WebUiBuiltInKeywords.getNumberOfTotalOption(batchlength): 8 options of object '' counted

2018-05-31 14:24:48 - [MESSAGE][PASSED] - 8 options of object '' counted

2018-05-31 14:24:48 - [TEST_STEP][PASSED] - Statement - out.println("BatchSize : " + batchsize): null

2018-05-31 14:24:48 - [TEST_STEP][PASSED] - Statement - For ([n = 1, n <= batchsize - 1, (n++)]): null

2018-05-31 14:24:48 - [TEST_STEP][PASSED] - Statement - product = new com.kms.katalon.core.testobject.TestObject(): null

2018-05-31 14:24:48 - [TEST_STEP][PASSED] - Statement - product = com.kms.katalon.core.webui.keyword.WebUiBuiltInKeywords.modifyObjectProperty(product, "xpath", "equals", "//*[@id = "fldvendor" + row + ""]", true): Modify property of object successfully

2018-05-31 14:24:48 - [MESSAGE][PASSED] - Modify property of object successfully

2018-05-31 14:24:48 - [TEST_STEP][PASSED] - selectOptionByIndex: All options with index in [1] are selected on object ''

2018-05-31 14:24:49 - [MESSAGE][PASSED] - All options with index in [1] are selected on object ''

2018-05-31 14:24:49 - [TEST_STEP][PASSED] - delay: Delayed 2 second(s)

2018-05-31 14:24:51 - [MESSAGE][PASSED] - Delayed 2 second(s)

2018-05-31 14:24:51 - [TEST_STEP][PASSED] - Statement - batch = new com.kms.katalon.core.testobject.TestObject(): null

2018-05-31 14:24:51 - [TEST_STEP][PASSED] - Statement - batch = com.kms.katalon.core.webui.keyword.WebUiBuiltInKeywords.modifyObjectProperty(batch, "xpath", "equals", "//*[@id = "txtbthqty" + row + ""]", true): Modify property of object successfully

2018-05-31 14:24:51 - [MESSAGE][PASSED] - Modify property of object successfully

2018-05-31 14:24:51 - [TEST_STEP][PASSED] - Statement - batchqty = com.kms.katalon.core.webui.keyword.WebUiBuiltInKeywords.getAttribute(batch, "value").trim(): Attribute 'value' of object '' is: '149700'

2018-05-31 14:24:51 - [MESSAGE][PASSED] - Attribute 'value' of object '' is: '149700'

2018-05-31 14:24:51 - [TEST_STEP][PASSED] - Statement - Rqty = 100: null

2018-05-31 14:24:51 - [TEST_STEP][PASSED] - Statement - out.println("BatchQty : " + batchqty): null

2018-05-31 14:24:51 - [TEST_STEP][PASSED] - Statement - out.println("RQty : " + Rqty): null

2018-05-31 14:24:51 - [TEST_STEP][PASSED] - Statement - If (java.lang.Integer.valueOf(batchqty) >= java.lang.Integer.valueOf(Rqty)): null

2018-05-31 14:24:51 - [TEST_STEP][PASSED] - Statement - Break: null

2018-05-31 14:24:51 - [TEST_STEP][PASSED] - Statement - batchlength = new com.kms.katalon.core.testobject.TestObject(): null

2018-05-31 14:24:51 - [TEST_STEP][PASSED] - Statement - batchlength = com.kms.katalon.core.webui.keyword.WebUiBuiltInKeywords.modifyObjectProperty(batchlength, "xpath", "equals", "//*[@id = "fldvendor" + row + ""]", true): Modify property of object successfully

2018-05-31 14:24:51 - [MESSAGE][PASSED] - Modify property of object successfully

2018-05-31 14:24:51 - [TEST_STEP][PASSED] - Statement - batchsize = com.kms.katalon.core.webui.keyword.WebUiBuiltInKeywords.getNumberOfTotalOption(batchlength): 9 options of object '' counted

2018-05-31 14:24:51 - [MESSAGE][PASSED] - 9 options of object '' counted

2018-05-31 14:24:51 - [TEST_STEP][PASSED] - Statement - out.println("BatchSize : " + batchsize): null

2018-05-31 14:24:51 - [TEST_STEP][PASSED] - Statement - For ([n = 1, n <= batchsize - 1, (n++)]): null

2018-05-31 14:24:51 - [TEST_STEP][PASSED] - Statement - product = new com.kms.katalon.core.testobject.TestObject(): null

2018-05-31 14:24:51 - [TEST_STEP][PASSED] - Statement - product = com.kms.katalon.core.webui.keyword.WebUiBuiltInKeywords.modifyObjectProperty(product, "xpath", "equals", "//*[@id = "fldvendor" + row + ""]", true): Modify property of object successfully

2018-05-31 14:24:51 - [MESSAGE][PASSED] - Modify property of object successfully

2018-05-31 14:24:51 - [TEST_STEP][PASSED] - selectOptionByIndex: All options with index in [1] are selected on object ''

2018-05-31 14:24:51 - [MESSAGE][PASSED] - All options with index in [1] are selected on object ''

2018-05-31 14:24:51 - [TEST_STEP][PASSED] - delay: Delayed 2 second(s)

2018-05-31 14:24:53 - [MESSAGE][PASSED] - Delayed 2 second(s)

2018-05-31 14:24:53 - [TEST_STEP][PASSED] - Statement - batch = new com.kms.katalon.core.testobject.TestObject(): null

2018-05-31 14:24:53 - [TEST_STEP][PASSED] - Statement - batch = com.kms.katalon.core.webui.keyword.WebUiBuiltInKeywords.modifyObjectProperty(batch, "xpath", "equals", "//*[@id = "txtbthqty" + row + ""]", true): Modify property of object successfully

2018-05-31 14:24:53 - [MESSAGE][PASSED] - Modify property of object successfully

2018-05-31 14:24:53 - [TEST_STEP][PASSED] - Statement - batchqty = com.kms.katalon.core.webui.keyword.WebUiBuiltInKeywords.getAttribute(batch, "value").trim(): Attribute 'value' of object '' is: '200'

2018-05-31 14:24:53 - [MESSAGE][PASSED] - Attribute 'value' of object '' is: '200'

2018-05-31 14:24:53 - [TEST_STEP][PASSED] - Statement - Rqty = 100: null

2018-05-31 14:24:53 - [TEST_STEP][PASSED] - Statement - out.println("BatchQty : " + batchqty): null

2018-05-31 14:24:53 - [TEST_STEP][PASSED] - Statement - out.println("RQty : " + Rqty): null

2018-05-31 14:24:53 - [TEST_STEP][PASSED] - Statement - If (java.lang.Integer.valueOf(batchqty) >= java.lang.Integer.valueOf(Rqty)): null

2018-05-31 14:24:53 - [TEST_STEP][PASSED] - Statement - Break: null

2018-05-31 14:24:53 - [TEST_STEP][PASSED] - Statement - batchlength = new com.kms.katalon.core.testobject.TestObject(): null

2018-05-31 14:24:53 - [TEST_STEP][PASSED] - Statement - batchlength = com.kms.katalon.core.webui.keyword.WebUiBuiltInKeywords.modifyObjectProperty(batchlength, "xpath", "equals", "//*[@id = "fldvendor" + row + ""]", true): Modify property of object successfully

2018-05-31 14:24:53 - [MESSAGE][PASSED] - Modify property of object successfully

2018-05-31 14:24:53 - [TEST_STEP][PASSED] - Statement - batchsize = com.kms.katalon.core.webui.keyword.WebUiBuiltInKeywords.getNumberOfTotalOption(batchlength): 8 options of object '' counted

2018-05-31 14:24:53 - [MESSAGE][PASSED] - 8 options of object '' counted

2018-05-31 14:24:53 - [TEST_STEP][PASSED] - Statement - out.println("BatchSize : " + batchsize): null

2018-05-31 14:24:53 - [TEST_STEP][PASSED] - Statement - For ([n = 1, n <= batchsize - 1, (n++)]): null

2018-05-31 14:24:53 - [TEST_STEP][PASSED] - Statement - product = new com.kms.katalon.core.testobject.TestObject(): null

2018-05-31 14:24:53 - [TEST_STEP][PASSED] - Statement - product = com.kms.katalon.core.webui.keyword.WebUiBuiltInKeywords.modifyObjectProperty(product, "xpath", "equals", "//*[@id = "fldvendor" + row + ""]", true): Modify property of object successfully

2018-05-31 14:24:53 - [MESSAGE][PASSED] - Modify property of object successfully

2018-05-31 14:24:53 - [TEST_STEP][PASSED] - selectOptionByIndex: All options with index in [1] are selected on object ''

2018-05-31 14:24:53 - [MESSAGE][PASSED] - All options with index in [1] are selected on object ''

2018-05-31 14:24:53 - [TEST_STEP][PASSED] - delay: Delayed 2 second(s)

2018-05-31 14:24:55 - [MESSAGE][PASSED] - Delayed 2 second(s)

2018-05-31 14:24:55 - [TEST_STEP][PASSED] - Statement - batch = new com.kms.katalon.core.testobject.TestObject(): null

2018-05-31 14:24:55 - [TEST_STEP][PASSED] - Statement - batch = com.kms.katalon.core.webui.keyword.WebUiBuiltInKeywords.modifyObjectProperty(batch, "xpath", "equals", "//*[@id = "txtbthqty" + row + ""]", true): Modify property of object successfully

2018-05-31 14:24:55 - [MESSAGE][PASSED] - Modify property of object successfully

2018-05-31 14:24:55 - [TEST_STEP][PASSED] - Statement - batchqty = com.kms.katalon.core.webui.keyword.WebUiBuiltInKeywords.getAttribute(batch, "value").trim(): Attribute 'value' of object '' is: '4800'

2018-05-31 14:24:55 - [MESSAGE][PASSED] - Attribute 'value' of object '' is: '4800'

2018-05-31 14:24:55 - [TEST_STEP][PASSED] - Statement - Rqty = 100: null

2018-05-31 14:24:55 - [TEST_STEP][PASSED] - Statement - out.println("BatchQty : " + batchqty): null

2018-05-31 14:24:55 - [TEST_STEP][PASSED] - Statement - out.println("RQty : " + Rqty): null

2018-05-31 14:24:55 - [TEST_STEP][PASSED] - Statement - If (java.lang.Integer.valueOf(batchqty) >= java.lang.Integer.valueOf(Rqty)): null

2018-05-31 14:24:55 - [TEST_STEP][PASSED] - Statement - Break: null

2018-05-31 14:24:55 - [TEST_STEP][PASSED] - Statement - batchlength = new com.kms.katalon.core.testobject.TestObject(): null

2018-05-31 14:24:55 - [TEST_STEP][PASSED] - Statement - batchlength = com.kms.katalon.core.webui.keyword.WebUiBuiltInKeywords.modifyObjectProperty(batchlength, "xpath", "equals", "//*[@id = "fldvendor" + row + ""]", true): Modify property of object successfully

2018-05-31 14:24:55 - [MESSAGE][PASSED] - Modify property of object successfully

2018-05-31 14:24:55 - [TEST_STEP][PASSED] - Statement - batchsize = com.kms.katalon.core.webui.keyword.WebUiBuiltInKeywords.getNumberOfTotalOption(batchlength): 8 options of object '' counted

2018-05-31 14:24:55 - [MESSAGE][PASSED] - 8 options of object '' counted

2018-05-31 14:24:55 - [TEST_STEP][PASSED] - Statement - out.println("BatchSize : " + batchsize): null

2018-05-31 14:24:55 - [TEST_STEP][PASSED] - Statement - For ([n = 1, n <= batchsize - 1, (n++)]): null

2018-05-31 14:24:55 - [TEST_STEP][PASSED] - Statement - product = new com.kms.katalon.core.testobject.TestObject(): null

2018-05-31 14:24:55 - [TEST_STEP][PASSED] - Statement - product = com.kms.katalon.core.webui.keyword.WebUiBuiltInKeywords.modifyObjectProperty(product, "xpath", "equals", "//*[@id = "fldvendor" + row + ""]", true): Modify property of object successfully

2018-05-31 14:24:55 - [MESSAGE][PASSED] - Modify property of object successfully

2018-05-31 14:24:55 - [TEST_STEP][PASSED] - selectOptionByIndex: All options with index in [1] are selected on object ''

2018-05-31 14:24:55 - [MESSAGE][PASSED] - All options with index in [1] are selected on object ''

2018-05-31 14:24:55 - [TEST_STEP][PASSED] - delay: Delayed 2 second(s)

2018-05-31 14:24:57 - [MESSAGE][PASSED] - Delayed 2 second(s)

2018-05-31 14:24:57 - [TEST_STEP][PASSED] - Statement - batch = new com.kms.katalon.core.testobject.TestObject(): null

2018-05-31 14:24:57 - [TEST_STEP][PASSED] - Statement - batch = com.kms.katalon.core.webui.keyword.WebUiBuiltInKeywords.modifyObjectProperty(batch, "xpath", "equals", "//*[@id = "txtbthqty" + row + ""]", true): Modify property of object successfully

2018-05-31 14:24:57 - [MESSAGE][PASSED] - Modify property of object successfully

2018-05-31 14:24:57 - [TEST_STEP][PASSED] - Statement - batchqty = com.kms.katalon.core.webui.keyword.WebUiBuiltInKeywords.getAttribute(batch, "value").trim(): Attribute 'value' of object '' is: '149900'

2018-05-31 14:24:57 - [MESSAGE][PASSED] - Attribute 'value' of object '' is: '149900'

2018-05-31 14:24:57 - [TEST_STEP][PASSED] - Statement - Rqty = 100: null

2018-05-31 14:24:57 - [TEST_STEP][PASSED] - Statement - out.println("BatchQty : " + batchqty): null

2018-05-31 14:24:57 - [TEST_STEP][PASSED] - Statement - out.println("RQty : " + Rqty): null

2018-05-31 14:24:57 - [TEST_STEP][PASSED] - Statement - If (java.lang.Integer.valueOf(batchqty) >= java.lang.Integer.valueOf(Rqty)): null

2018-05-31 14:24:57 - [TEST_STEP][PASSED] - Statement - Break: null

2018-05-31 14:24:57 - [TEST_STEP][PASSED] - Statement - batchlength = new com.kms.katalon.core.testobject.TestObject(): null

2018-05-31 14:24:57 - [TEST_STEP][PASSED] - Statement - batchlength = com.kms.katalon.core.webui.keyword.WebUiBuiltInKeywords.modifyObjectProperty(batchlength, "xpath", "equals", "//*[@id = "fldvendor" + row + ""]", true): Modify property of object successfully

2018-05-31 14:24:57 - [MESSAGE][PASSED] - Modify property of object successfully

2018-05-31 14:24:57 - [TEST_STEP][PASSED] - Statement - batchsize = com.kms.katalon.core.webui.keyword.WebUiBuiltInKeywords.getNumberOfTotalOption(batchlength): 8 options of object '' counted

2018-05-31 14:24:58 - [MESSAGE][PASSED] - 8 options of object '' counted

2018-05-31 14:24:58 - [TEST_STEP][PASSED] - Statement - out.println("BatchSize : " + batchsize): null

2018-05-31 14:24:58 - [TEST_STEP][PASSED] - Statement - For ([n = 1, n <= batchsize - 1, (n++)]): null

2018-05-31 14:24:58 - [TEST_STEP][PASSED] - Statement - product = new com.kms.katalon.core.testobject.TestObject(): null

2018-05-31 14:24:58 - [TEST_STEP][PASSED] - Statement - product = com.kms.katalon.core.webui.keyword.WebUiBuiltInKeywords.modifyObjectProperty(product, "xpath", "equals", "//*[@id = "fldvendor" + row + ""]", true): Modify property of object successfully

2018-05-31 14:24:58 - [MESSAGE][PASSED] - Modify property of object successfully

2018-05-31 14:24:58 - [TEST_STEP][PASSED] - selectOptionByIndex: All options with index in [1] are selected on object ''

2018-05-31 14:24:58 - [MESSAGE][PASSED] - All options with index in [1] are selected on object ''

2018-05-31 14:24:58 - [TEST_STEP][PASSED] - delay: Delayed 2 second(s)

2018-05-31 14:25:00 - [MESSAGE][PASSED] - Delayed 2 second(s)

2018-05-31 14:25:00 - [TEST_STEP][PASSED] - Statement - batch = new com.kms.katalon.core.testobject.TestObject(): null

2018-05-31 14:25:00 - [TEST_STEP][PASSED] - Statement - batch = com.kms.katalon.core.webui.keyword.WebUiBuiltInKeywords.modifyObjectProperty(batch, "xpath", "equals", "//*[@id = "txtbthqty" + row + ""]", true): Modify property of object successfully

2018-05-31 14:25:00 - [MESSAGE][PASSED] - Modify property of object successfully

2018-05-31 14:25:00 - [TEST_STEP][PASSED] - Statement - batchqty = com.kms.katalon.core.webui.keyword.WebUiBuiltInKeywords.getAttribute(batch, "value").trim(): Attribute 'value' of object '' is: '5000'

2018-05-31 14:25:00 - [MESSAGE][PASSED] - Attribute 'value' of object '' is: '5000'

2018-05-31 14:25:00 - [TEST_STEP][PASSED] - Statement - Rqty = 100: null

2018-05-31 14:25:00 - [TEST_STEP][PASSED] - Statement - out.println("BatchQty : " + batchqty): null

2018-05-31 14:25:00 - [TEST_STEP][PASSED] - Statement - out.println("RQty : " + Rqty): null

2018-05-31 14:25:00 - [TEST_STEP][PASSED] - Statement - If (java.lang.Integer.valueOf(batchqty) >= java.lang.Integer.valueOf(Rqty)): null

2018-05-31 14:25:00 - [TEST_STEP][PASSED] - Statement - Break: null

2018-05-31 14:25:00 - [TEST_STEP][PASSED] - Statement - batchlength = new com.kms.katalon.core.testobject.TestObject(): null

2018-05-31 14:25:00 - [TEST_STEP][PASSED] - Statement - batchlength = com.kms.katalon.core.webui.keyword.WebUiBuiltInKeywords.modifyObjectProperty(batchlength, "xpath", "equals", "//*[@id = "fldvendor" + row + ""]", true): Modify property of object successfully

2018-05-31 14:25:00 - [MESSAGE][PASSED] - Modify property of object successfully

2018-05-31 14:25:00 - [TEST_STEP][PASSED] - Statement - batchsize = com.kms.katalon.core.webui.keyword.WebUiBuiltInKeywords.getNumberOfTotalOption(batchlength): 9 options of object '' counted

2018-05-31 14:25:00 - [MESSAGE][PASSED] - 9 options of object '' counted

2018-05-31 14:25:00 - [TEST_STEP][PASSED] - Statement - out.println("BatchSize : " + batchsize): null

2018-05-31 14:25:00 - [TEST_STEP][PASSED] - Statement - For ([n = 1, n <= batchsize - 1, (n++)]): null

2018-05-31 14:25:00 - [TEST_STEP][PASSED] - Statement - product = new com.kms.katalon.core.testobject.TestObject(): null

2018-05-31 14:25:00 - [TEST_STEP][PASSED] - Statement - product = com.kms.katalon.core.webui.keyword.WebUiBuiltInKeywords.modifyObjectProperty(product, "xpath", "equals", "//*[@id = "fldvendor" + row + ""]", true): Modify property of object successfully

2018-05-31 14:25:00 - [MESSAGE][PASSED] - Modify property of object successfully

2018-05-31 14:25:00 - [TEST_STEP][PASSED] - selectOptionByIndex: All options with index in [1] are selected on object ''

2018-05-31 14:25:00 - [MESSAGE][PASSED] - All options with index in [1] are selected on object ''

2018-05-31 14:25:00 - [TEST_STEP][PASSED] - delay: Delayed 2 second(s)

2018-05-31 14:25:02 - [MESSAGE][PASSED] - Delayed 2 second(s)

2018-05-31 14:25:02 - [TEST_STEP][PASSED] - Statement - batch = new com.kms.katalon.core.testobject.TestObject(): null

2018-05-31 14:25:02 - [TEST_STEP][PASSED] - Statement - batch = com.kms.katalon.core.webui.keyword.WebUiBuiltInKeywords.modifyObjectProperty(batch, "xpath", "equals", "//*[@id = "txtbthqty" + row + ""]", true): Modify property of object successfully

2018-05-31 14:25:02 - [MESSAGE][PASSED] - Modify property of object successfully

2018-05-31 14:25:02 - [TEST_STEP][PASSED] - Statement - batchqty = com.kms.katalon.core.webui.keyword.WebUiBuiltInKeywords.getAttribute(batch, "value").trim(): Attribute 'value' of object '' is: '149700'

2018-05-31 14:25:02 - [MESSAGE][PASSED] - Attribute 'value' of object '' is: '149700'

2018-05-31 14:25:02 - [TEST_STEP][PASSED] - Statement - Rqty = 100: null

2018-05-31 14:25:02 - [TEST_STEP][PASSED] - Statement - out.println("BatchQty : " + batchqty): null

2018-05-31 14:25:02 - [TEST_STEP][PASSED] - Statement - out.println("RQty : " + Rqty): null

2018-05-31 14:25:02 - [TEST_STEP][PASSED] - Statement - If (java.lang.Integer.valueOf(batchqty) >= java.lang.Integer.valueOf(Rqty)): null

2018-05-31 14:25:02 - [TEST_STEP][PASSED] - Statement - Break: null

2018-05-31 14:25:02 - [TEST_STEP][PASSED] - Statement - batchlength = new com.kms.katalon.core.testobject.TestObject(): null

2018-05-31 14:25:02 - [TEST_STEP][PASSED] - Statement - batchlength = com.kms.katalon.core.webui.keyword.WebUiBuiltInKeywords.modifyObjectProperty(batchlength, "xpath", "equals", "//*[@id = "fldvendor" + row + ""]", true): Modify property of object successfully

2018-05-31 14:25:02 - [MESSAGE][PASSED] - Modify property of object successfully

2018-05-31 14:25:02 - [TEST_STEP][PASSED] - Statement - batchsize = com.kms.katalon.core.webui.keyword.WebUiBuiltInKeywords.getNumberOfTotalOption(batchlength): 8 options of object '' counted

2018-05-31 14:25:02 - [MESSAGE][PASSED] - 8 options of object '' counted

2018-05-31 14:25:02 - [TEST_STEP][PASSED] - Statement - out.println("BatchSize : " + batchsize): null

2018-05-31 14:25:02 - [TEST_STEP][PASSED] - Statement - For ([n = 1, n <= batchsize - 1, (n++)]): null

2018-05-31 14:25:02 - [TEST_STEP][PASSED] - Statement - product = new com.kms.katalon.core.testobject.TestObject(): null

2018-05-31 14:25:02 - [TEST_STEP][PASSED] - Statement - product = com.kms.katalon.core.webui.keyword.WebUiBuiltInKeywords.modifyObjectProperty(product, "xpath", "equals", "//*[@id = "fldvendor" + row + ""]", true): Modify property of object successfully

2018-05-31 14:25:02 - [MESSAGE][PASSED] - Modify property of object successfully

2018-05-31 14:25:02 - [TEST_STEP][PASSED] - selectOptionByIndex: All options with index in [1] are selected on object ''

2018-05-31 14:25:02 - [MESSAGE][PASSED] - All options with index in [1] are selected on object ''

2018-05-31 14:25:02 - [TEST_STEP][PASSED] - delay: Delayed 2 second(s)

2018-05-31 14:25:04 - [MESSAGE][PASSED] - Delayed 2 second(s)

2018-05-31 14:25:04 - [TEST_STEP][PASSED] - Statement - batch = new com.kms.katalon.core.testobject.TestObject(): null

2018-05-31 14:25:04 - [TEST_STEP][PASSED] - Statement - batch = com.kms.katalon.core.webui.keyword.WebUiBuiltInKeywords.modifyObjectProperty(batch, "xpath", "equals", "//*[@id = "txtbthqty" + row + ""]", true): Modify property of object successfully

2018-05-31 14:25:04 - [MESSAGE][PASSED] - Modify property of object successfully

2018-05-31 14:25:04 - [TEST_STEP][PASSED] - Statement - batchqty = com.kms.katalon.core.webui.keyword.WebUiBuiltInKeywords.getAttribute(batch, "value").trim(): Attribute 'value' of object '' is: '400'

2018-05-31 14:25:04 - [MESSAGE][PASSED] - Attribute 'value' of object '' is: '400'

2018-05-31 14:25:04 - [TEST_STEP][PASSED] - Statement - Rqty = 100: null

2018-05-31 14:25:04 - [TEST_STEP][PASSED] - Statement - out.println("BatchQty : " + batchqty): null

2018-05-31 14:25:04 - [TEST_STEP][PASSED] - Statement - out.println("RQty : " + Rqty): null

2018-05-31 14:25:04 - [TEST_STEP][PASSED] - Statement - If (java.lang.Integer.valueOf(batchqty) >= java.lang.Integer.valueOf(Rqty)): null

2018-05-31 14:25:04 - [TEST_STEP][PASSED] - Statement - Break: null

2018-05-31 14:25:04 - [TEST_STEP][PASSED] - Statement - batchlength = new com.kms.katalon.core.testobject.TestObject(): null

2018-05-31 14:25:04 - [TEST_STEP][PASSED] - Statement - batchlength = com.kms.katalon.core.webui.keyword.WebUiBuiltInKeywords.modifyObjectProperty(batchlength, "xpath", "equals", "//*[@id = "fldvendor" + row + ""]", true): Modify property of object successfully

2018-05-31 14:25:04 - [MESSAGE][PASSED] - Modify property of object successfully

2018-05-31 14:25:04 - [TEST_STEP][PASSED] - Statement - batchsize = com.kms.katalon.core.webui.keyword.WebUiBuiltInKeywords.getNumberOfTotalOption(batchlength): 8 options of object '' counted

2018-05-31 14:25:04 - [MESSAGE][PASSED] - 8 options of object '' counted

2018-05-31 14:25:04 - [TEST_STEP][PASSED] - Statement - out.println("BatchSize : " + batchsize): null

2018-05-31 14:25:04 - [TEST_STEP][PASSED] - Statement - For ([n = 1, n <= batchsize - 1, (n++)]): null

2018-05-31 14:25:04 - [TEST_STEP][PASSED] - Statement - product = new com.kms.katalon.core.testobject.TestObject(): null

2018-05-31 14:25:04 - [TEST_STEP][PASSED] - Statement - product = com.kms.katalon.core.webui.keyword.WebUiBuiltInKeywords.modifyObjectProperty(product, "xpath", "equals", "//*[@id = "fldvendor" + row + ""]", true): Modify property of object successfully

2018-05-31 14:25:04 - [MESSAGE][PASSED] - Modify property of object successfully

2018-05-31 14:25:04 - [TEST_STEP][PASSED] - selectOptionByIndex: All options with index in [1] are selected on object ''

2018-05-31 14:25:05 - [MESSAGE][PASSED] - All options with index in [1] are selected on object ''

2018-05-31 14:25:05 - [TEST_STEP][PASSED] - delay: Delayed 2 second(s)

2018-05-31 14:25:07 - [MESSAGE][PASSED] - Delayed 2 second(s)

2018-05-31 14:25:07 - [TEST_STEP][PASSED] - Statement - batch = new com.kms.katalon.core.testobject.TestObject(): null

2018-05-31 14:25:07 - [TEST_STEP][PASSED] - Statement - batch = com.kms.katalon.core.webui.keyword.WebUiBuiltInKeywords.modifyObjectProperty(batch, "xpath", "equals", "//*[@id = "txtbthqty" + row + ""]", true): Modify property of object successfully

2018-05-31 14:25:07 - [MESSAGE][PASSED] - Modify property of object successfully

2018-05-31 14:25:07 - [TEST_STEP][PASSED] - Statement - batchqty = com.kms.katalon.core.webui.keyword.WebUiBuiltInKeywords.getAttribute(batch, "value").trim(): Attribute 'value' of object '' is: '149900'

2018-05-31 14:25:07 - [MESSAGE][PASSED] - Attribute 'value' of object '' is: '149900'

2018-05-31 14:25:07 - [TEST_STEP][PASSED] - Statement - Rqty = 100: null

2018-05-31 14:25:07 - [TEST_STEP][PASSED] - Statement - out.println("BatchQty : " + batchqty): null

2018-05-31 14:25:07 - [TEST_STEP][PASSED] - Statement - out.println("RQty : " + Rqty): null

2018-05-31 14:25:07 - [TEST_STEP][PASSED] - Statement - If (java.lang.Integer.valueOf(batchqty) >= java.lang.Integer.valueOf(Rqty)): null

2018-05-31 14:25:07 - [TEST_STEP][PASSED] - Statement - Break: null

2018-05-31 14:25:07 - [TEST_STEP][PASSED] - Statement - batchlength = new com.kms.katalon.core.testobject.TestObject(): null

2018-05-31 14:25:07 - [TEST_STEP][PASSED] - Statement - batchlength = com.kms.katalon.core.webui.keyword.WebUiBuiltInKeywords.modifyObjectProperty(batchlength, "xpath", "equals", "//*[@id = "fldvendor" + row + ""]", true): Modify property of object successfully

2018-05-31 14:25:07 - [MESSAGE][PASSED] - Modify property of object successfully

2018-05-31 14:25:07 - [TEST_STEP][PASSED] - Statement - batchsize = com.kms.katalon.core.webui.keyword.WebUiBuiltInKeywords.getNumberOfTotalOption(batchlength): 9 options of object '' counted

2018-05-31 14:25:07 - [MESSAGE][PASSED] - 9 options of object '' counted

2018-05-31 14:25:07 - [TEST_STEP][PASSED] - Statement - out.println("BatchSize : " + batchsize): null

2018-05-31 14:25:07 - [TEST_STEP][PASSED] - Statement - For ([n = 1, n <= batchsize - 1, (n++)]): null

2018-05-31 14:25:07 - [TEST_STEP][PASSED] - Statement - product = new com.kms.katalon.core.testobject.TestObject(): null

2018-05-31 14:25:07 - [TEST_STEP][PASSED] - Statement - product = com.kms.katalon.core.webui.keyword.WebUiBuiltInKeywords.modifyObjectProperty(product, "xpath", "equals", "//*[@id = "fldvendor" + row + ""]", true): Modify property of object successfully

2018-05-31 14:25:07 - [MESSAGE][PASSED] - Modify property of object successfully

2018-05-31 14:25:07 - [TEST_STEP][PASSED] - selectOptionByIndex: All options with index in [1] are selected on object ''

2018-05-31 14:25:07 - [MESSAGE][PASSED] - All options with index in [1] are selected on object ''

2018-05-31 14:25:07 - [TEST_STEP][PASSED] - delay: Delayed 2 second(s)

2018-05-31 14:25:09 - [MESSAGE][PASSED] - Delayed 2 second(s)

2018-05-31 14:25:09 - [TEST_STEP][PASSED] - Statement - batch = new com.kms.katalon.core.testobject.TestObject(): null

2018-05-31 14:25:09 - [TEST_STEP][PASSED] - Statement - batch = com.kms.katalon.core.webui.keyword.WebUiBuiltInKeywords.modifyObjectProperty(batch, "xpath", "equals", "//*[@id = "txtbthqty" + row + ""]", true): Modify property of object successfully

2018-05-31 14:25:09 - [MESSAGE][PASSED] - Modify property of object successfully

2018-05-31 14:25:09 - [TEST_STEP][PASSED] - Statement - batchqty = com.kms.katalon.core.webui.keyword.WebUiBuiltInKeywords.getAttribute(batch, "value").trim(): Attribute 'value' of object '' is: '5000'

2018-05-31 14:25:09 - [MESSAGE][PASSED] - Attribute 'value' of object '' is: '5000'

2018-05-31 14:25:09 - [TEST_STEP][PASSED] - Statement - Rqty = 100: null

2018-05-31 14:25:09 - [TEST_STEP][PASSED] - Statement - out.println("BatchQty : " + batchqty): null

2018-05-31 14:25:09 - [TEST_STEP][PASSED] - Statement - out.println("RQty : " + Rqty): null

2018-05-31 14:25:09 - [TEST_STEP][PASSED] - Statement - If (java.lang.Integer.valueOf(batchqty) >= java.lang.Integer.valueOf(Rqty)): null

2018-05-31 14:25:09 - [TEST_STEP][PASSED] - Statement - Break: null

2018-05-31 14:25:09 - [TEST_STEP][PASSED] - Statement - batchlength = new com.kms.katalon.core.testobject.TestObject(): null

2018-05-31 14:25:09 - [TEST_STEP][PASSED] - Statement - batchlength = com.kms.katalon.core.webui.keyword.WebUiBuiltInKeywords.modifyObjectProperty(batchlength, "xpath", "equals", "//*[@id = "fldvendor" + row + ""]", true): Modify property of object successfully

2018-05-31 14:25:09 - [MESSAGE][PASSED] - Modify property of object successfully

2018-05-31 14:25:09 - [TEST_STEP][PASSED] - Statement - batchsize = com.kms.katalon.core.webui.keyword.WebUiBuiltInKeywords.getNumberOfTotalOption(batchlength): 8 options of object '' counted

2018-05-31 14:25:09 - [MESSAGE][PASSED] - 8 options of object '' counted

2018-05-31 14:25:09 - [TEST_STEP][PASSED] - Statement - out.println("BatchSize : " + batchsize): null

2018-05-31 14:25:09 - [TEST_STEP][PASSED] - Statement - For ([n = 1, n <= batchsize - 1, (n++)]): null

2018-05-31 14:25:09 - [TEST_STEP][PASSED] - Statement - product = new com.kms.katalon.core.testobject.TestObject(): null

2018-05-31 14:25:09 - [TEST_STEP][PASSED] - Statement - product = com.kms.katalon.core.webui.keyword.WebUiBuiltInKeywords.modifyObjectProperty(product, "xpath", "equals", "//*[@id = "fldvendor" + row + ""]", true): Modify property of object successfully

2018-05-31 14:25:09 - [MESSAGE][PASSED] - Modify property of object successfully

2018-05-31 14:25:09 - [TEST_STEP][PASSED] - selectOptionByIndex: All options with index in [1] are selected on object ''

2018-05-31 14:25:09 - [MESSAGE][PASSED] - All options with index in [1] are selected on object ''

2018-05-31 14:25:09 - [TEST_STEP][PASSED] - delay: Delayed 2 second(s)

2018-05-31 14:25:11 - [MESSAGE][PASSED] - Delayed 2 second(s)

2018-05-31 14:25:11 - [TEST_STEP][PASSED] - Statement - batch = new com.kms.katalon.core.testobject.TestObject(): null

2018-05-31 14:25:11 - [TEST_STEP][PASSED] - Statement - batch = com.kms.katalon.core.webui.keyword.WebUiBuiltInKeywords.modifyObjectProperty(batch, "xpath", "equals", "//*[@id = "txtbthqty" + row + ""]", true): Modify property of object successfully

2018-05-31 14:25:11 - [MESSAGE][PASSED] - Modify property of object successfully

2018-05-31 14:25:11 - [TEST_STEP][PASSED] - Statement - batchqty = com.kms.katalon.core.webui.keyword.WebUiBuiltInKeywords.getAttribute(batch, "value").trim(): Attribute 'value' of object '' is: '5000'

2018-05-31 14:25:11 - [MESSAGE][PASSED] - Attribute 'value' of object '' is: '5000'

2018-05-31 14:25:11 - [TEST_STEP][PASSED] - Statement - Rqty = 100: null

2018-05-31 14:25:11 - [TEST_STEP][PASSED] - Statement - out.println("BatchQty : " + batchqty): null

2018-05-31 14:25:11 - [TEST_STEP][PASSED] - Statement - out.println("RQty : " + Rqty): null

2018-05-31 14:25:11 - [TEST_STEP][PASSED] - Statement - If (java.lang.Integer.valueOf(batchqty) >= java.lang.Integer.valueOf(Rqty)): null

2018-05-31 14:25:11 - [TEST_STEP][PASSED] - Statement - Break: null

2018-05-31 14:25:11 - [TEST_STEP][PASSED] - Statement - batchlength = new com.kms.katalon.core.testobject.TestObject(): null

2018-05-31 14:25:11 - [TEST_STEP][PASSED] - Statement - batchlength = com.kms.katalon.core.webui.keyword.WebUiBuiltInKeywords.modifyObjectProperty(batchlength, "xpath", "equals", "//*[@id = "fldvendor" + row + ""]", true): Modify property of object successfully

2018-05-31 14:25:11 - [MESSAGE][PASSED] - Modify property of object successfully

2018-05-31 14:25:11 - [TEST_STEP][PASSED] - Statement - batchsize = com.kms.katalon.core.webui.keyword.WebUiBuiltInKeywords.getNumberOfTotalOption(batchlength): 9 options of object '' counted

2018-05-31 14:25:11 - [MESSAGE][PASSED] - 9 options of object '' counted

2018-05-31 14:25:11 - [TEST_STEP][PASSED] - Statement - out.println("BatchSize : " + batchsize): null

2018-05-31 14:25:11 - [TEST_STEP][PASSED] - Statement - For ([n = 1, n <= batchsize - 1, (n++)]): null

2018-05-31 14:25:11 - [TEST_STEP][PASSED] - Statement - product = new com.kms.katalon.core.testobject.TestObject(): null

2018-05-31 14:25:11 - [TEST_STEP][PASSED] - Statement - product = com.kms.katalon.core.webui.keyword.WebUiBuiltInKeywords.modifyObjectProperty(product, "xpath", "equals", "//*[@id = "fldvendor" + row + ""]", true): Modify property of object successfully

2018-05-31 14:25:11 - [MESSAGE][PASSED] - Modify property of object successfully

2018-05-31 14:25:11 - [TEST_STEP][PASSED] - selectOptionByIndex: All options with index in [1] are selected on object ''

2018-05-31 14:25:11 - [MESSAGE][PASSED] - All options with index in [1] are selected on object ''

2018-05-31 14:25:11 - [TEST_STEP][PASSED] - delay: Delayed 2 second(s)

2018-05-31 14:25:13 - [MESSAGE][PASSED] - Delayed 2 second(s)

2018-05-31 14:25:13 - [TEST_STEP][PASSED] - Statement - batch = new com.kms.katalon.core.testobject.TestObject(): null

2018-05-31 14:25:13 - [TEST_STEP][PASSED] - Statement - batch = com.kms.katalon.core.webui.keyword.WebUiBuiltInKeywords.modifyObjectProperty(batch, "xpath", "equals", "//*[@id = "txtbthqty" + row + ""]", true): Modify property of object successfully

2018-05-31 14:25:13 - [MESSAGE][PASSED] - Modify property of object successfully

2018-05-31 14:25:13 - [TEST_STEP][PASSED] - Statement - batchqty = com.kms.katalon.core.webui.keyword.WebUiBuiltInKeywords.getAttribute(batch, "value").trim(): Attribute 'value' of object '' is: '4800'

2018-05-31 14:25:13 - [MESSAGE][PASSED] - Attribute 'value' of object '' is: '4800'

2018-05-31 14:25:13 - [TEST_STEP][PASSED] - Statement - Rqty = 100: null

2018-05-31 14:25:13 - [TEST_STEP][PASSED] - Statement - out.println("BatchQty : " + batchqty): null

2018-05-31 14:25:13 - [TEST_STEP][PASSED] - Statement - out.println("RQty : " + Rqty): null

2018-05-31 14:25:13 - [TEST_STEP][PASSED] - Statement - If (java.lang.Integer.valueOf(batchqty) >= java.lang.Integer.valueOf(Rqty)): null

2018-05-31 14:25:13 - [TEST_STEP][PASSED] - Statement - Break: null

2018-05-31 14:25:13 - [TEST_STEP][PASSED] - Statement - batchlength = new com.kms.katalon.core.testobject.TestObject(): null

2018-05-31 14:25:13 - [TEST_STEP][PASSED] - Statement - batchlength = com.kms.katalon.core.webui.keyword.WebUiBuiltInKeywords.modifyObjectProperty(batchlength, "xpath", "equals", "//*[@id = "fldvendor" + row + ""]", true): Modify property of object successfully

2018-05-31 14:25:13 - [MESSAGE][PASSED] - Modify property of object successfully

2018-05-31 14:25:13 - [TEST_STEP][PASSED] - Statement - batchsize = com.kms.katalon.core.webui.keyword.WebUiBuiltInKeywords.getNumberOfTotalOption(batchlength): 7 options of object '' counted

2018-05-31 14:25:13 - [MESSAGE][PASSED] - 7 options of object '' counted

2018-05-31 14:25:13 - [TEST_STEP][PASSED] - Statement - out.println("BatchSize : " + batchsize): null

2018-05-31 14:25:13 - [TEST_STEP][PASSED] - Statement - For ([n = 1, n <= batchsize - 1, (n++)]): null

2018-05-31 14:25:13 - [TEST_STEP][PASSED] - Statement - product = new com.kms.katalon.core.testobject.TestObject(): null

2018-05-31 14:25:13 - [TEST_STEP][PASSED] - Statement - product = com.kms.katalon.core.webui.keyword.WebUiBuiltInKeywords.modifyObjectProperty(product, "xpath", "equals", "//*[@id = "fldvendor" + row + ""]", true): Modify property of object successfully

2018-05-31 14:25:13 - [MESSAGE][PASSED] - Modify property of object successfully

2018-05-31 14:25:13 - [TEST_STEP][PASSED] - selectOptionByIndex: All options with index in [1] are selected on object ''

2018-05-31 14:25:14 - [MESSAGE][PASSED] - All options with index in [1] are selected on object ''

2018-05-31 14:25:14 - [TEST_STEP][PASSED] - delay: Delayed 2 second(s)

2018-05-31 14:25:16 - [MESSAGE][PASSED] - Delayed 2 second(s)

2018-05-31 14:25:16 - [TEST_STEP][PASSED] - Statement - batch = new com.kms.katalon.core.testobject.TestObject(): null

2018-05-31 14:25:16 - [TEST_STEP][PASSED] - Statement - batch = com.kms.katalon.core.webui.keyword.WebUiBuiltInKeywords.modifyObjectProperty(batch, "xpath", "equals", "//*[@id = "txtbthqty" + row + ""]", true): Modify property of object successfully

2018-05-31 14:25:16 - [MESSAGE][PASSED] - Modify property of object successfully

2018-05-31 14:25:16 - [TEST_STEP][PASSED] - Statement - batchqty = com.kms.katalon.core.webui.keyword.WebUiBuiltInKeywords.getAttribute(batch, "value").trim(): Attribute 'value' of object '' is: '5000'

2018-05-31 14:25:16 - [MESSAGE][PASSED] - Attribute 'value' of object '' is: '5000'

2018-05-31 14:25:16 - [TEST_STEP][PASSED] - Statement - Rqty = 100: null

2018-05-31 14:25:16 - [TEST_STEP][PASSED] - Statement - out.println("BatchQty : " + batchqty): null

2018-05-31 14:25:16 - [TEST_STEP][PASSED] - Statement - out.println("RQty : " + Rqty): null

2018-05-31 14:25:16 - [TEST_STEP][PASSED] - Statement - If (java.lang.Integer.valueOf(batchqty) >= java.lang.Integer.valueOf(Rqty)): null

2018-05-31 14:25:16 - [TEST_STEP][PASSED] - Statement - Break: null

2018-05-31 14:25:16 - [TEST_STEP][PASSED] - Statement - batchlength = new com.kms.katalon.core.testobject.TestObject(): null

2018-05-31 14:25:16 - [TEST_STEP][PASSED] - Statement - batchlength = com.kms.katalon.core.webui.keyword.WebUiBuiltInKeywords.modifyObjectProperty(batchlength, "xpath", "equals", "//*[@id = "fldvendor" + row + ""]", true): Modify property of object successfully

2018-05-31 14:25:16 - [MESSAGE][PASSED] - Modify property of object successfully

2018-05-31 14:25:16 - [TEST_STEP][PASSED] - Statement - batchsize = com.kms.katalon.core.webui.keyword.WebUiBuiltInKeywords.getNumberOfTotalOption(batchlength): 8 options of object '' counted

2018-05-31 14:25:16 - [MESSAGE][PASSED] - 8 options of object '' counted

2018-05-31 14:25:16 - [TEST_STEP][PASSED] - Statement - out.println("BatchSize : " + batchsize): null

2018-05-31 14:25:16 - [TEST_STEP][PASSED] - Statement - For ([n = 1, n <= batchsize - 1, (n++)]): null

2018-05-31 14:25:16 - [TEST_STEP][PASSED] - Statement - product = new com.kms.katalon.core.testobject.TestObject(): null

2018-05-31 14:25:16 - [TEST_STEP][PASSED] - Statement - product = com.kms.katalon.core.webui.keyword.WebUiBuiltInKeywords.modifyObjectProperty(product, "xpath", "equals", "//*[@id = "fldvendor" + row + ""]", true): Modify property of object successfully

2018-05-31 14:25:16 - [MESSAGE][PASSED] - Modify property of object successfully

2018-05-31 14:25:16 - [TEST_STEP][PASSED] - selectOptionByIndex: All options with index in [1] are selected on object ''

2018-05-31 14:25:16 - [MESSAGE][PASSED] - All options with index in [1] are selected on object ''

2018-05-31 14:25:16 - [TEST_STEP][PASSED] - delay: Delayed 2 second(s)

2018-05-31 14:25:18 - [MESSAGE][PASSED] - Delayed 2 second(s)

2018-05-31 14:25:18 - [TEST_STEP][PASSED] - Statement - batch = new com.kms.katalon.core.testobject.TestObject(): null

2018-05-31 14:25:18 - [TEST_STEP][PASSED] - Statement - batch = com.kms.katalon.core.webui.keyword.WebUiBuiltInKeywords.modifyObjectProperty(batch, "xpath", "equals", "//*[@id = "txtbthqty" + row + ""]", true): Modify property of object successfully

2018-05-31 14:25:18 - [MESSAGE][PASSED] - Modify property of object successfully

2018-05-31 14:25:18 - [TEST_STEP][PASSED] - Statement - batchqty = com.kms.katalon.core.webui.keyword.WebUiBuiltInKeywords.getAttribute(batch, "value").trim(): Attribute 'value' of object '' is: '5000'

2018-05-31 14:25:18 - [MESSAGE][PASSED] - Attribute 'value' of object '' is: '5000'

2018-05-31 14:25:18 - [TEST_STEP][PASSED] - Statement - Rqty = 100: null

2018-05-31 14:25:18 - [TEST_STEP][PASSED] - Statement - out.println("BatchQty : " + batchqty): null

2018-05-31 14:25:18 - [TEST_STEP][PASSED] - Statement - out.println("RQty : " + Rqty): null

2018-05-31 14:25:18 - [TEST_STEP][PASSED] - Statement - If (java.lang.Integer.valueOf(batchqty) >= java.lang.Integer.valueOf(Rqty)): null

2018-05-31 14:25:18 - [TEST_STEP][PASSED] - Statement - Break: null

2018-05-31 14:25:18 - [TEST_STEP][PASSED] - Statement - batchlength = new com.kms.katalon.core.testobject.TestObject(): null

2018-05-31 14:25:18 - [TEST_STEP][PASSED] - Statement - batchlength = com.kms.katalon.core.webui.keyword.WebUiBuiltInKeywords.modifyObjectProperty(batchlength, "xpath", "equals", "//*[@id = "fldvendor" + row + ""]", true): Modify property of object successfully

2018-05-31 14:25:18 - [MESSAGE][PASSED] - Modify property of object successfully

2018-05-31 14:25:18 - [TEST_STEP][PASSED] - Statement - batchsize = com.kms.katalon.core.webui.keyword.WebUiBuiltInKeywords.getNumberOfTotalOption(batchlength): 14 options of object '' counted

2018-05-31 14:25:18 - [MESSAGE][PASSED] - 14 options of object '' counted

2018-05-31 14:25:18 - [TEST_STEP][PASSED] - Statement - out.println("BatchSize : " + batchsize): null

2018-05-31 14:25:18 - [TEST_STEP][PASSED] - Statement - For ([n = 1, n <= batchsize - 1, (n++)]): null

2018-05-31 14:25:18 - [TEST_STEP][PASSED] - Statement - product = new com.kms.katalon.core.testobject.TestObject(): null

2018-05-31 14:25:18 - [TEST_STEP][PASSED] - Statement - product = com.kms.katalon.core.webui.keyword.WebUiBuiltInKeywords.modifyObjectProperty(product, "xpath", "equals", "//*[@id = "fldvendor" + row + ""]", true): Modify property of object successfully

2018-05-31 14:25:18 - [MESSAGE][PASSED] - Modify property of object successfully

2018-05-31 14:25:18 - [TEST_STEP][PASSED] - selectOptionByIndex: All options with index in [1] are selected on object ''

2018-05-31 14:25:18 - [MESSAGE][PASSED] - All options with index in [1] are selected on object ''

2018-05-31 14:25:18 - [TEST_STEP][PASSED] - delay: Delayed 2 second(s)

2018-05-31 14:25:20 - [MESSAGE][PASSED] - Delayed 2 second(s)

2018-05-31 14:25:20 - [TEST_STEP][PASSED] - Statement - batch = new com.kms.katalon.core.testobject.TestObject(): null

2018-05-31 14:25:20 - [TEST_STEP][PASSED] - Statement - batch = com.kms.katalon.core.webui.keyword.WebUiBuiltInKeywords.modifyObjectProperty(batch, "xpath", "equals", "//*[@id = "txtbthqty" + row + ""]", true): Modify property of object successfully

2018-05-31 14:25:20 - [MESSAGE][PASSED] - Modify property of object successfully

2018-05-31 14:25:20 - [TEST_STEP][PASSED] - Statement - batchqty = com.kms.katalon.core.webui.keyword.WebUiBuiltInKeywords.getAttribute(batch, "value").trim(): Attribute 'value' of object '' is: '5000'

2018-05-31 14:25:20 - [MESSAGE][PASSED] - Attribute 'value' of object '' is: '5000'

2018-05-31 14:25:20 - [TEST_STEP][PASSED] - Statement - Rqty = 100: null

2018-05-31 14:25:20 - [TEST_STEP][PASSED] - Statement - out.println("BatchQty : " + batchqty): null

2018-05-31 14:25:20 - [TEST_STEP][PASSED] - Statement - out.println("RQty : " + Rqty): null

2018-05-31 14:25:20 - [TEST_STEP][PASSED] - Statement - If (java.lang.Integer.valueOf(batchqty) >= java.lang.Integer.valueOf(Rqty)): null

2018-05-31 14:25:20 - [TEST_STEP][PASSED] - Statement - Break: null

2018-05-31 14:25:20 - [TEST_STEP][PASSED] - Statement - batchlength = new com.kms.katalon.core.testobject.TestObject(): null

2018-05-31 14:25:20 - [TEST_STEP][PASSED] - Statement - batchlength = com.kms.katalon.core.webui.keyword.WebUiBuiltInKeywords.modifyObjectProperty(batchlength, "xpath", "equals", "//*[@id = "fldvendor" + row + ""]", true): Modify property of object successfully

2018-05-31 14:25:20 - [MESSAGE][PASSED] - Modify property of object successfully

2018-05-31 14:25:20 - [TEST_STEP][PASSED] - Statement - batchsize = com.kms.katalon.core.webui.keyword.WebUiBuiltInKeywords.getNumberOfTotalOption(batchlength): 14 options of object '' counted

2018-05-31 14:25:20 - [MESSAGE][PASSED] - 14 options of object '' counted

2018-05-31 14:25:20 - [TEST_STEP][PASSED] - Statement - out.println("BatchSize : " + batchsize): null

2018-05-31 14:25:20 - [TEST_STEP][PASSED] - Statement - For ([n = 1, n <= batchsize - 1, (n++)]): null

2018-05-31 14:25:20 - [TEST_STEP][PASSED] - Statement - product = new com.kms.katalon.core.testobject.TestObject(): null

2018-05-31 14:25:20 - [TEST_STEP][PASSED] - Statement - product = com.kms.katalon.core.webui.keyword.WebUiBuiltInKeywords.modifyObjectProperty(product, "xpath", "equals", "//*[@id = "fldvendor" + row + ""]", true): Modify property of object successfully

2018-05-31 14:25:20 - [MESSAGE][PASSED] - Modify property of object successfully

2018-05-31 14:25:20 - [TEST_STEP][PASSED] - selectOptionByIndex: All options with index in [1] are selected on object ''

2018-05-31 14:25:20 - [MESSAGE][PASSED] - All options with index in [1] are selected on object ''

2018-05-31 14:25:20 - [TEST_STEP][PASSED] - delay: Delayed 2 second(s)

2018-05-31 14:25:22 - [MESSAGE][PASSED] - Delayed 2 second(s)

2018-05-31 14:25:22 - [TEST_STEP][PASSED] - Statement - batch = new com.kms.katalon.core.testobject.TestObject(): null

2018-05-31 14:25:22 - [TEST_STEP][PASSED] - Statement - batch = com.kms.katalon.core.webui.keyword.WebUiBuiltInKeywords.modifyObjectProperty(batch, "xpath", "equals", "//*[@id = "txtbthqty" + row + ""]", true): Modify property of object successfully

2018-05-31 14:25:22 - [MESSAGE][PASSED] - Modify property of object successfully

2018-05-31 14:25:22 - [TEST_STEP][PASSED] - Statement - batchqty = com.kms.katalon.core.webui.keyword.WebUiBuiltInKeywords.getAttribute(batch, "value").trim(): Attribute 'value' of object '' is: '5000'

2018-05-31 14:25:23 - [MESSAGE][PASSED] - Attribute 'value' of object '' is: '5000'

2018-05-31 14:25:23 - [TEST_STEP][PASSED] - Statement - Rqty = 100: null

2018-05-31 14:25:23 - [TEST_STEP][PASSED] - Statement - out.println("BatchQty : " + batchqty): null

2018-05-31 14:25:23 - [TEST_STEP][PASSED] - Statement - out.println("RQty : " + Rqty): null

2018-05-31 14:25:23 - [TEST_STEP][PASSED] - Statement - If (java.lang.Integer.valueOf(batchqty) >= java.lang.Integer.valueOf(Rqty)): null

2018-05-31 14:25:23 - [TEST_STEP][PASSED] - Statement - Break: null

2018-05-31 14:25:23 - [TEST_STEP][PASSED] - Statement - batchlength = new com.kms.katalon.core.testobject.TestObject(): null

2018-05-31 14:25:23 - [TEST_STEP][PASSED] - Statement - batchlength = com.kms.katalon.core.webui.keyword.WebUiBuiltInKeywords.modifyObjectProperty(batchlength, "xpath", "equals", "//*[@id = "fldvendor" + row + ""]", true): Modify property of object successfully

2018-05-31 14:25:23 - [MESSAGE][PASSED] - Modify property of object successfully

2018-05-31 14:25:23 - [TEST_STEP][PASSED] - Statement - batchsize = com.kms.katalon.core.webui.keyword.WebUiBuiltInKeywords.getNumberOfTotalOption(batchlength): 7 options of object '' counted

2018-05-31 14:25:23 - [MESSAGE][PASSED] - 7 options of object '' counted

2018-05-31 14:25:23 - [TEST_STEP][PASSED] - Statement - out.println("BatchSize : " + batchsize): null

2018-05-31 14:25:23 - [TEST_STEP][PASSED] - Statement - For ([n = 1, n <= batchsize - 1, (n++)]): null

2018-05-31 14:25:23 - [TEST_STEP][PASSED] - Statement - product = new com.kms.katalon.core.testobject.TestObject(): null

2018-05-31 14:25:23 - [TEST_STEP][PASSED] - Statement - product = com.kms.katalon.core.webui.keyword.WebUiBuiltInKeywords.modifyObjectProperty(product, "xpath", "equals", "//*[@id = "fldvendor" + row + ""]", true): Modify property of object successfully

2018-05-31 14:25:23 - [MESSAGE][PASSED] - Modify property of object successfully

2018-05-31 14:25:23 - [TEST_STEP][PASSED] - selectOptionByIndex: All options with index in [1] are selected on object ''

2018-05-31 14:25:23 - [MESSAGE][PASSED] - All options with index in [1] are selected on object ''

2018-05-31 14:25:23 - [TEST_STEP][PASSED] - delay: Delayed 2 second(s)

2018-05-31 14:25:25 - [MESSAGE][PASSED] - Delayed 2 second(s)

2018-05-31 14:25:25 - [TEST_STEP][PASSED] - Statement - batch = new com.kms.katalon.core.testobject.TestObject(): null

2018-05-31 14:25:25 - [TEST_STEP][PASSED] - Statement - batch = com.kms.katalon.core.webui.keyword.WebUiBuiltInKeywords.modifyObjectProperty(batch, "xpath", "equals", "//*[@id = "txtbthqty" + row + ""]", true): Modify property of object successfully

2018-05-31 14:25:25 - [MESSAGE][PASSED] - Modify property of object successfully

2018-05-31 14:25:25 - [TEST_STEP][PASSED] - Statement - batchqty = com.kms.katalon.core.webui.keyword.WebUiBuiltInKeywords.getAttribute(batch, "value").trim(): Attribute 'value' of object '' is: '5000'

2018-05-31 14:25:25 - [MESSAGE][PASSED] - Attribute 'value' of object '' is: '5000'

2018-05-31 14:25:25 - [TEST_STEP][PASSED] - Statement - Rqty = 100: null

2018-05-31 14:25:25 - [TEST_STEP][PASSED] - Statement - out.println("BatchQty : " + batchqty): null

2018-05-31 14:25:25 - [TEST_STEP][PASSED] - Statement - out.println("RQty : " + Rqty): null

2018-05-31 14:25:25 - [TEST_STEP][PASSED] - Statement - If (java.lang.Integer.valueOf(batchqty) >= java.lang.Integer.valueOf(Rqty)): null

2018-05-31 14:25:25 - [TEST_STEP][PASSED] - Statement - Break: null

2018-05-31 14:25:25 - [TEST_STEP][PASSED] - Statement - batchlength = new com.kms.katalon.core.testobject.TestObject(): null

2018-05-31 14:25:25 - [TEST_STEP][PASSED] - Statement - batchlength = com.kms.katalon.core.webui.keyword.WebUiBuiltInKeywords.modifyObjectProperty(batchlength, "xpath", "equals", "//*[@id = "fldvendor" + row + ""]", true): Modify property of object successfully

2018-05-31 14:25:25 - [MESSAGE][PASSED] - Modify property of object successfully

2018-05-31 14:25:25 - [TEST_STEP][PASSED] - Statement - batchsize = com.kms.katalon.core.webui.keyword.WebUiBuiltInKeywords.getNumberOfTotalOption(batchlength): 8 options of object '' counted

2018-05-31 14:25:25 - [MESSAGE][PASSED] - 8 options of object '' counted

2018-05-31 14:25:25 - [TEST_STEP][PASSED] - Statement - out.println("BatchSize : " + batchsize): null

2018-05-31 14:25:25 - [TEST_STEP][PASSED] - Statement - For ([n = 1, n <= batchsize - 1, (n++)]): null

2018-05-31 14:25:25 - [TEST_STEP][PASSED] - Statement - product = new com.kms.katalon.core.testobject.TestObject(): null

2018-05-31 14:25:25 - [TEST_STEP][PASSED] - Statement - product = com.kms.katalon.core.webui.keyword.WebUiBuiltInKeywords.modifyObjectProperty(product, "xpath", "equals", "//*[@id = "fldvendor" + row + ""]", true): Modify property of object successfully

2018-05-31 14:25:25 - [MESSAGE][PASSED] - Modify property of object successfully

2018-05-31 14:25:25 - [TEST_STEP][PASSED] - selectOptionByIndex: All options with index in [1] are selected on object ''

2018-05-31 14:25:25 - [MESSAGE][PASSED] - All options with index in [1] are selected on object ''

2018-05-31 14:25:25 - [TEST_STEP][PASSED] - delay: Delayed 2 second(s)

2018-05-31 14:25:27 - [MESSAGE][PASSED] - Delayed 2 second(s)

2018-05-31 14:25:27 - [TEST_STEP][PASSED] - Statement - batch = new com.kms.katalon.core.testobject.TestObject(): null

2018-05-31 14:25:27 - [TEST_STEP][PASSED] - Statement - batch = com.kms.katalon.core.webui.keyword.WebUiBuiltInKeywords.modifyObjectProperty(batch, "xpath", "equals", "//*[@id = "txtbthqty" + row + ""]", true): Modify property of object successfully

2018-05-31 14:25:27 - [MESSAGE][PASSED] - Modify property of object successfully

2018-05-31 14:25:27 - [TEST_STEP][PASSED] - Statement - batchqty = com.kms.katalon.core.webui.keyword.WebUiBuiltInKeywords.getAttribute(batch, "value").trim(): Attribute 'value' of object '' is: '5000'

2018-05-31 14:25:27 - [MESSAGE][PASSED] - Attribute 'value' of object '' is: '5000'

2018-05-31 14:25:27 - [TEST_STEP][PASSED] - Statement - Rqty = 100: null

2018-05-31 14:25:27 - [TEST_STEP][PASSED] - Statement - out.println("BatchQty : " + batchqty): null

2018-05-31 14:25:27 - [TEST_STEP][PASSED] - Statement - out.println("RQty : " + Rqty): null

2018-05-31 14:25:27 - [TEST_STEP][PASSED] - Statement - If (java.lang.Integer.valueOf(batchqty) >= java.lang.Integer.valueOf(Rqty)): null

2018-05-31 14:25:27 - [TEST_STEP][PASSED] - Statement - Break: null

2018-05-31 14:25:27 - [TEST_STEP][PASSED] - Statement - batchlength = new com.kms.katalon.core.testobject.TestObject(): null

2018-05-31 14:25:27 - [TEST_STEP][PASSED] - Statement - batchlength = com.kms.katalon.core.webui.keyword.WebUiBuiltInKeywords.modifyObjectProperty(batchlength, "xpath", "equals", "//*[@id = "fldvendor" + row + ""]", true): Modify property of object successfully

2018-05-31 14:25:27 - [MESSAGE][PASSED] - Modify property of object successfully

2018-05-31 14:25:27 - [TEST_STEP][PASSED] - Statement - batchsize = com.kms.katalon.core.webui.keyword.WebUiBuiltInKeywords.getNumberOfTotalOption(batchlength): 6 options of object '' counted

2018-05-31 14:25:27 - [MESSAGE][PASSED] - 6 options of object '' counted

2018-05-31 14:25:27 - [TEST_STEP][PASSED] - Statement - out.println("BatchSize : " + batchsize): null

2018-05-31 14:25:27 - [TEST_STEP][PASSED] - Statement - For ([n = 1, n <= batchsize - 1, (n++)]): null

2018-05-31 14:25:27 - [TEST_STEP][PASSED] - Statement - product = new com.kms.katalon.core.testobject.TestObject(): null

2018-05-31 14:25:27 - [TEST_STEP][PASSED] - Statement - product = com.kms.katalon.core.webui.keyword.WebUiBuiltInKeywords.modifyObjectProperty(product, "xpath", "equals", "//*[@id = "fldvendor" + row + ""]", true): Modify property of object successfully

2018-05-31 14:25:27 - [MESSAGE][PASSED] - Modify property of object successfully

2018-05-31 14:25:27 - [TEST_STEP][PASSED] - selectOptionByIndex: All options with index in [1] are selected on object ''

2018-05-31 14:25:27 - [MESSAGE][PASSED] - All options with index in [1] are selected on object ''

2018-05-31 14:25:27 - [TEST_STEP][PASSED] - delay: Delayed 2 second(s)

2018-05-31 14:25:29 - [MESSAGE][PASSED] - Delayed 2 second(s)

2018-05-31 14:25:29 - [TEST_STEP][PASSED] - Statement - batch = new com.kms.katalon.core.testobject.TestObject(): null

2018-05-31 14:25:29 - [TEST_STEP][PASSED] - Statement - batch = com.kms.katalon.core.webui.keyword.WebUiBuiltInKeywords.modifyObjectProperty(batch, "xpath", "equals", "//*[@id = "txtbthqty" + row + ""]", true): Modify property of object successfully

2018-05-31 14:25:29 - [MESSAGE][PASSED] - Modify property of object successfully

2018-05-31 14:25:29 - [TEST_STEP][PASSED] - Statement - batchqty = com.kms.katalon.core.webui.keyword.WebUiBuiltInKeywords.getAttribute(batch, "value").trim(): Attribute 'value' of object '' is: '5000'

2018-05-31 14:25:29 - [MESSAGE][PASSED] - Attribute 'value' of object '' is: '5000'

2018-05-31 14:25:29 - [TEST_STEP][PASSED] - Statement - Rqty = 100: null

2018-05-31 14:25:29 - [TEST_STEP][PASSED] - Statement - out.println("BatchQty : " + batchqty): null

2018-05-31 14:25:29 - [TEST_STEP][PASSED] - Statement - out.println("RQty : " + Rqty): null

2018-05-31 14:25:29 - [TEST_STEP][PASSED] - Statement - If (java.lang.Integer.valueOf(batchqty) >= java.lang.Integer.valueOf(Rqty)): null

2018-05-31 14:25:29 - [TEST_STEP][PASSED] - Statement - Break: null

2018-05-31 14:25:29 - [TEST_STEP][PASSED] - Statement - batchlength = new com.kms.katalon.core.testobject.TestObject(): null

2018-05-31 14:25:29 - [TEST_STEP][PASSED] - Statement - batchlength = com.kms.katalon.core.webui.keyword.WebUiBuiltInKeywords.modifyObjectProperty(batchlength, "xpath", "equals", "//*[@id = "fldvendor" + row + ""]", true): Modify property of object successfully

2018-05-31 14:25:29 - [MESSAGE][PASSED] - Modify property of object successfully

2018-05-31 14:25:29 - [TEST_STEP][PASSED] - Statement - batchsize = com.kms.katalon.core.webui.keyword.WebUiBuiltInKeywords.getNumberOfTotalOption(batchlength): 9 options of object '' counted

2018-05-31 14:25:29 - [MESSAGE][PASSED] - 9 options of object '' counted

2018-05-31 14:25:29 - [TEST_STEP][PASSED] - Statement - out.println("BatchSize : " + batchsize): null

2018-05-31 14:25:29 - [TEST_STEP][PASSED] - Statement - For ([n = 1, n <= batchsize - 1, (n++)]): null

2018-05-31 14:25:29 - [TEST_STEP][PASSED] - Statement - product = new com.kms.katalon.core.testobject.TestObject(): null

2018-05-31 14:25:29 - [TEST_STEP][PASSED] - Statement - product = com.kms.katalon.core.webui.keyword.WebUiBuiltInKeywords.modifyObjectProperty(product, "xpath", "equals", "//*[@id = "fldvendor" + row + ""]", true): Modify property of object successfully

2018-05-31 14:25:29 - [MESSAGE][PASSED] - Modify property of object successfully

2018-05-31 14:25:29 - [TEST_STEP][PASSED] - selectOptionByIndex: All options with index in [1] are selected on object ''

2018-05-31 14:25:30 - [MESSAGE][PASSED] - All options with index in [1] are selected on object ''

2018-05-31 14:25:30 - [TEST_STEP][PASSED] - delay: Delayed 2 second(s)

2018-05-31 14:25:32 - [MESSAGE][PASSED] - Delayed 2 second(s)

2018-05-31 14:25:32 - [TEST_STEP][PASSED] - Statement - batch = new com.kms.katalon.core.testobject.TestObject(): null

2018-05-31 14:25:32 - [TEST_STEP][PASSED] - Statement - batch = com.kms.katalon.core.webui.keyword.WebUiBuiltInKeywords.modifyObjectProperty(batch, "xpath", "equals", "//*[@id = "txtbthqty" + row + ""]", true): Modify property of object successfully

2018-05-31 14:25:32 - [MESSAGE][PASSED] - Modify property of object successfully

2018-05-31 14:25:32 - [TEST_STEP][PASSED] - Statement - batchqty = com.kms.katalon.core.webui.keyword.WebUiBuiltInKeywords.getAttribute(batch, "value").trim(): Attribute 'value' of object '' is: '5000'

2018-05-31 14:25:32 - [MESSAGE][PASSED] - Attribute 'value' of object '' is: '5000'

2018-05-31 14:25:32 - [TEST_STEP][PASSED] - Statement - Rqty = 100: null

2018-05-31 14:25:32 - [TEST_STEP][PASSED] - Statement - out.println("BatchQty : " + batchqty): null

2018-05-31 14:25:32 - [TEST_STEP][PASSED] - Statement - out.println("RQty : " + Rqty): null

2018-05-31 14:25:32 - [TEST_STEP][PASSED] - Statement - If (java.lang.Integer.valueOf(batchqty) >= java.lang.Integer.valueOf(Rqty)): null

2018-05-31 14:25:32 - [TEST_STEP][PASSED] - Statement - Break: null

2018-05-31 14:25:32 - [TEST_STEP][PASSED] - Statement - batchlength = new com.kms.katalon.core.testobject.TestObject(): null

2018-05-31 14:25:32 - [TEST_STEP][PASSED] - Statement - batchlength = com.kms.katalon.core.webui.keyword.WebUiBuiltInKeywords.modifyObjectProperty(batchlength, "xpath", "equals", "//*[@id = "fldvendor" + row + ""]", true): Modify property of object successfully

2018-05-31 14:25:32 - [MESSAGE][PASSED] - Modify property of object successfully

2018-05-31 14:25:32 - [TEST_STEP][PASSED] - Statement - batchsize = com.kms.katalon.core.webui.keyword.WebUiBuiltInKeywords.getNumberOfTotalOption(batchlength): 6 options of object '' counted

2018-05-31 14:25:32 - [MESSAGE][PASSED] - 6 options of object '' counted

2018-05-31 14:25:32 - [TEST_STEP][PASSED] - Statement - out.println("BatchSize : " + batchsize): null

2018-05-31 14:25:32 - [TEST_STEP][PASSED] - Statement - For ([n = 1, n <= batchsize - 1, (n++)]): null

2018-05-31 14:25:32 - [TEST_STEP][PASSED] - Statement - product = new com.kms.katalon.core.testobject.TestObject(): null

2018-05-31 14:25:32 - [TEST_STEP][PASSED] - Statement - product = com.kms.katalon.core.webui.keyword.WebUiBuiltInKeywords.modifyObjectProperty(product, "xpath", "equals", "//*[@id = "fldvendor" + row + ""]", true): Modify property of object successfully

2018-05-31 14:25:32 - [MESSAGE][PASSED] - Modify property of object successfully

2018-05-31 14:25:32 - [TEST_STEP][PASSED] - selectOptionByIndex: All options with index in [1] are selected on object ''

2018-05-31 14:25:32 - [MESSAGE][PASSED] - All options with index in [1] are selected on object ''

2018-05-31 14:25:32 - [TEST_STEP][PASSED] - delay: Delayed 2 second(s)

2018-05-31 14:25:34 - [MESSAGE][PASSED] - Delayed 2 second(s)

2018-05-31 14:25:34 - [TEST_STEP][PASSED] - Statement - batch = new com.kms.katalon.core.testobject.TestObject(): null

2018-05-31 14:25:34 - [TEST_STEP][PASSED] - Statement - batch = com.kms.katalon.core.webui.keyword.WebUiBuiltInKeywords.modifyObjectProperty(batch, "xpath", "equals", "//*[@id = "txtbthqty" + row + ""]", true): Modify property of object successfully

2018-05-31 14:25:34 - [MESSAGE][PASSED] - Modify property of object successfully

2018-05-31 14:25:34 - [TEST_STEP][PASSED] - Statement - batchqty = com.kms.katalon.core.webui.keyword.WebUiBuiltInKeywords.getAttribute(batch, "value").trim(): Attribute 'value' of object '' is: '5000'

2018-05-31 14:25:34 - [MESSAGE][PASSED] - Attribute 'value' of object '' is: '5000'

2018-05-31 14:25:34 - [TEST_STEP][PASSED] - Statement - Rqty = 100: null

2018-05-31 14:25:34 - [TEST_STEP][PASSED] - Statement - out.println("BatchQty : " + batchqty): null

2018-05-31 14:25:34 - [TEST_STEP][PASSED] - Statement - out.println("RQty : " + Rqty): null

2018-05-31 14:25:34 - [TEST_STEP][PASSED] - Statement - If (java.lang.Integer.valueOf(batchqty) >= java.lang.Integer.valueOf(Rqty)): null

2018-05-31 14:25:34 - [TEST_STEP][PASSED] - Statement - Break: null

2018-05-31 14:25:34 - [TEST_STEP][PASSED] - Statement - batchlength = new com.kms.katalon.core.testobject.TestObject(): null

2018-05-31 14:25:34 - [TEST_STEP][PASSED] - Statement - batchlength = com.kms.katalon.core.webui.keyword.WebUiBuiltInKeywords.modifyObjectProperty(batchlength, "xpath", "equals", "//*[@id = "fldvendor" + row + ""]", true): Modify property of object successfully

2018-05-31 14:25:34 - [MESSAGE][PASSED] - Modify property of object successfully

2018-05-31 14:25:34 - [TEST_STEP][PASSED] - Statement - batchsize = com.kms.katalon.core.webui.keyword.WebUiBuiltInKeywords.getNumberOfTotalOption(batchlength): 6 options of object '' counted

2018-05-31 14:25:34 - [MESSAGE][PASSED] - 6 options of object '' counted

2018-05-31 14:25:34 - [TEST_STEP][PASSED] - Statement - out.println("BatchSize : " + batchsize): null

2018-05-31 14:25:34 - [TEST_STEP][PASSED] - Statement - For ([n = 1, n <= batchsize - 1, (n++)]): null

2018-05-31 14:25:34 - [TEST_STEP][PASSED] - Statement - product = new com.kms.katalon.core.testobject.TestObject(): null

2018-05-31 14:25:34 - [TEST_STEP][PASSED] - Statement - product = com.kms.katalon.core.webui.keyword.WebUiBuiltInKeywords.modifyObjectProperty(product, "xpath", "equals", "//*[@id = "fldvendor" + row + ""]", true): Modify property of object successfully

2018-05-31 14:25:34 - [MESSAGE][PASSED] - Modify property of object successfully

2018-05-31 14:25:34 - [TEST_STEP][PASSED] - selectOptionByIndex: All options with index in [1] are selected on object ''

2018-05-31 14:25:34 - [MESSAGE][PASSED] - All options with index in [1] are selected on object ''

2018-05-31 14:25:34 - [TEST_STEP][PASSED] - delay: Delayed 2 second(s)

2018-05-31 14:25:36 - [MESSAGE][PASSED] - Delayed 2 second(s)

2018-05-31 14:25:36 - [TEST_STEP][PASSED] - Statement - batch = new com.kms.katalon.core.testobject.TestObject(): null

2018-05-31 14:25:36 - [TEST_STEP][PASSED] - Statement - batch = com.kms.katalon.core.webui.keyword.WebUiBuiltInKeywords.modifyObjectProperty(batch, "xpath", "equals", "//*[@id = "txtbthqty" + row + ""]", true): Modify property of object successfully

2018-05-31 14:25:36 - [MESSAGE][PASSED] - Modify property of object successfully

2018-05-31 14:25:36 - [TEST_STEP][PASSED] - Statement - batchqty = com.kms.katalon.core.webui.keyword.WebUiBuiltInKeywords.getAttribute(batch, "value").trim(): Attribute 'value' of object '' is: '5000'

2018-05-31 14:25:36 - [MESSAGE][PASSED] - Attribute 'value' of object '' is: '5000'

2018-05-31 14:25:36 - [TEST_STEP][PASSED] - Statement - Rqty = 100: null

2018-05-31 14:25:36 - [TEST_STEP][PASSED] - Statement - out.println("BatchQty : " + batchqty): null

2018-05-31 14:25:36 - [TEST_STEP][PASSED] - Statement - out.println("RQty : " + Rqty): null

2018-05-31 14:25:36 - [TEST_STEP][PASSED] - Statement - If (java.lang.Integer.valueOf(batchqty) >= java.lang.Integer.valueOf(Rqty)): null

2018-05-31 14:25:36 - [TEST_STEP][PASSED] - Statement - Break: null

2018-05-31 14:25:36 - [TEST_STEP][PASSED] - Statement - batchlength = new com.kms.katalon.core.testobject.TestObject(): null

2018-05-31 14:25:36 - [TEST_STEP][PASSED] - Statement - batchlength = com.kms.katalon.core.webui.keyword.WebUiBuiltInKeywords.modifyObjectProperty(batchlength, "xpath", "equals", "//*[@id = "fldvendor" + row + ""]", true): Modify property of object successfully

2018-05-31 14:25:36 - [MESSAGE][PASSED] - Modify property of object successfully

2018-05-31 14:25:36 - [TEST_STEP][PASSED] - Statement - batchsize = com.kms.katalon.core.webui.keyword.WebUiBuiltInKeywords.getNumberOfTotalOption(batchlength): 8 options of object '' counted

2018-05-31 14:25:36 - [MESSAGE][PASSED] - 8 options of object '' counted

2018-05-31 14:25:36 - [TEST_STEP][PASSED] - Statement - out.println("BatchSize : " + batchsize): null

2018-05-31 14:25:36 - [TEST_STEP][PASSED] - Statement - For ([n = 1, n <= batchsize - 1, (n++)]): null

2018-05-31 14:25:36 - [TEST_STEP][PASSED] - Statement - product = new com.kms.katalon.core.testobject.TestObject(): null

2018-05-31 14:25:36 - [TEST_STEP][PASSED] - Statement - product = com.kms.katalon.core.webui.keyword.WebUiBuiltInKeywords.modifyObjectProperty(product, "xpath", "equals", "//*[@id = "fldvendor" + row + ""]", true): Modify property of object successfully

2018-05-31 14:25:36 - [MESSAGE][PASSED] - Modify property of object successfully

2018-05-31 14:25:36 - [TEST_STEP][PASSED] - selectOptionByIndex: All options with index in [1] are selected on object ''

2018-05-31 14:25:36 - [MESSAGE][PASSED] - All options with index in [1] are selected on object ''

2018-05-31 14:25:36 - [TEST_STEP][PASSED] - delay: Delayed 2 second(s)

2018-05-31 14:25:38 - [MESSAGE][PASSED] - Delayed 2 second(s)

2018-05-31 14:25:38 - [TEST_STEP][PASSED] - Statement - batch = new com.kms.katalon.core.testobject.TestObject(): null

2018-05-31 14:25:38 - [TEST_STEP][PASSED] - Statement - batch = com.kms.katalon.core.webui.keyword.WebUiBuiltInKeywords.modifyObjectProperty(batch, "xpath", "equals", "//*[@id = "txtbthqty" + row + ""]", true): Modify property of object successfully

2018-05-31 14:25:38 - [MESSAGE][PASSED] - Modify property of object successfully

2018-05-31 14:25:38 - [TEST_STEP][PASSED] - Statement - batchqty = com.kms.katalon.core.webui.keyword.WebUiBuiltInKeywords.getAttribute(batch, "value").trim(): Attribute 'value' of object '' is: '4800'

2018-05-31 14:25:39 - [MESSAGE][PASSED] - Attribute 'value' of object '' is: '4800'

2018-05-31 14:25:39 - [TEST_STEP][PASSED] - Statement - Rqty = 100: null

2018-05-31 14:25:39 - [TEST_STEP][PASSED] - Statement - out.println("BatchQty : " + batchqty): null

2018-05-31 14:25:39 - [TEST_STEP][PASSED] - Statement - out.println("RQty : " + Rqty): null

2018-05-31 14:25:39 - [TEST_STEP][PASSED] - Statement - If (java.lang.Integer.valueOf(batchqty) >= java.lang.Integer.valueOf(Rqty)): null

2018-05-31 14:25:39 - [TEST_STEP][PASSED] - Statement - Break: null

2018-05-31 14:25:39 - [TEST_STEP][PASSED] - Statement - batchlength = new com.kms.katalon.core.testobject.TestObject(): null

2018-05-31 14:25:39 - [TEST_STEP][PASSED] - Statement - batchlength = com.kms.katalon.core.webui.keyword.WebUiBuiltInKeywords.modifyObjectProperty(batchlength, "xpath", "equals", "//*[@id = "fldvendor" + row + ""]", true): Modify property of object successfully

2018-05-31 14:25:39 - [MESSAGE][PASSED] - Modify property of object successfully

2018-05-31 14:25:39 - [TEST_STEP][PASSED] - Statement - batchsize = com.kms.katalon.core.webui.keyword.WebUiBuiltInKeywords.getNumberOfTotalOption(batchlength): 8 options of object '' counted

2018-05-31 14:25:39 - [MESSAGE][PASSED] - 8 options of object '' counted

2018-05-31 14:25:39 - [TEST_STEP][PASSED] - Statement - out.println("BatchSize : " + batchsize): null

2018-05-31 14:25:39 - [TEST_STEP][PASSED] - Statement - For ([n = 1, n <= batchsize - 1, (n++)]): null

2018-05-31 14:25:39 - [TEST_STEP][PASSED] - Statement - product = new com.kms.katalon.core.testobject.TestObject(): null

2018-05-31 14:25:39 - [TEST_STEP][PASSED] - Statement - product = com.kms.katalon.core.webui.keyword.WebUiBuiltInKeywords.modifyObjectProperty(product, "xpath", "equals", "//*[@id = "fldvendor" + row + ""]", true): Modify property of object successfully

2018-05-31 14:25:39 - [MESSAGE][PASSED] - Modify property of object successfully

2018-05-31 14:25:39 - [TEST_STEP][PASSED] - selectOptionByIndex: All options with index in [1] are selected on object ''

2018-05-31 14:25:39 - [MESSAGE][PASSED] - All options with index in [1] are selected on object ''

2018-05-31 14:25:39 - [TEST_STEP][PASSED] - delay: Delayed 2 second(s)

2018-05-31 14:25:41 - [MESSAGE][PASSED] - Delayed 2 second(s)

2018-05-31 14:25:41 - [TEST_STEP][PASSED] - Statement - batch = new com.kms.katalon.core.testobject.TestObject(): null

2018-05-31 14:25:41 - [TEST_STEP][PASSED] - Statement - batch = com.kms.katalon.core.webui.keyword.WebUiBuiltInKeywords.modifyObjectProperty(batch, "xpath", "equals", "//*[@id = "txtbthqty" + row + ""]", true): Modify property of object successfully

2018-05-31 14:25:41 - [MESSAGE][PASSED] - Modify property of object successfully

2018-05-31 14:25:41 - [TEST_STEP][PASSED] - Statement - batchqty = com.kms.katalon.core.webui.keyword.WebUiBuiltInKeywords.getAttribute(batch, "value").trim(): Attribute 'value' of object '' is: '5000'

2018-05-31 14:25:41 - [MESSAGE][PASSED] - Attribute 'value' of object '' is: '5000'

2018-05-31 14:25:41 - [TEST_STEP][PASSED] - Statement - Rqty = 100: null

2018-05-31 14:25:41 - [TEST_STEP][PASSED] - Statement - out.println("BatchQty : " + batchqty): null

2018-05-31 14:25:41 - [TEST_STEP][PASSED] - Statement - out.println("RQty : " + Rqty): null

2018-05-31 14:25:41 - [TEST_STEP][PASSED] - Statement - If (java.lang.Integer.valueOf(batchqty) >= java.lang.Integer.valueOf(Rqty)): null

2018-05-31 14:25:41 - [TEST_STEP][PASSED] - Statement - Break: null

2018-05-31 14:25:41 - [TEST_STEP][PASSED] - Statement - batchlength = new com.kms.katalon.core.testobject.TestObject(): null

2018-05-31 14:25:41 - [TEST_STEP][PASSED] - Statement - batchlength = com.kms.katalon.core.webui.keyword.WebUiBuiltInKeywords.modifyObjectProperty(batchlength, "xpath", "equals", "//*[@id = "fldvendor" + row + ""]", true): Modify property of object successfully

2018-05-31 14:25:41 - [MESSAGE][PASSED] - Modify property of object successfully

2018-05-31 14:25:41 - [TEST_STEP][PASSED] - Statement - batchsize = com.kms.katalon.core.webui.keyword.WebUiBuiltInKeywords.getNumberOfTotalOption(batchlength): 7 options of object '' counted

2018-05-31 14:25:41 - [MESSAGE][PASSED] - 7 options of object '' counted

2018-05-31 14:25:41 - [TEST_STEP][PASSED] - Statement - out.println("BatchSize : " + batchsize): null

2018-05-31 14:25:41 - [TEST_STEP][PASSED] - Statement - For ([n = 1, n <= batchsize - 1, (n++)]): null

2018-05-31 14:25:41 - [TEST_STEP][PASSED] - Statement - product = new com.kms.katalon.core.testobject.TestObject(): null

2018-05-31 14:25:41 - [TEST_STEP][PASSED] - Statement - product = com.kms.katalon.core.webui.keyword.WebUiBuiltInKeywords.modifyObjectProperty(product, "xpath", "equals", "//*[@id = "fldvendor" + row + ""]", true): Modify property of object successfully

2018-05-31 14:25:41 - [MESSAGE][PASSED] - Modify property of object successfully

2018-05-31 14:25:41 - [TEST_STEP][PASSED] - selectOptionByIndex: All options with index in [1] are selected on object ''

2018-05-31 14:25:41 - [MESSAGE][PASSED] - All options with index in [1] are selected on object ''

2018-05-31 14:25:41 - [TEST_STEP][PASSED] - delay: Delayed 2 second(s)

2018-05-31 14:25:43 - [MESSAGE][PASSED] - Delayed 2 second(s)

2018-05-31 14:25:43 - [TEST_STEP][PASSED] - Statement - batch = new com.kms.katalon.core.testobject.TestObject(): null

2018-05-31 14:25:43 - [TEST_STEP][PASSED] - Statement - batch = com.kms.katalon.core.webui.keyword.WebUiBuiltInKeywords.modifyObjectProperty(batch, "xpath", "equals", "//*[@id = "txtbthqty" + row + ""]", true): Modify property of object successfully

2018-05-31 14:25:43 - [MESSAGE][PASSED] - Modify property of object successfully

2018-05-31 14:25:43 - [TEST_STEP][PASSED] - Statement - batchqty = com.kms.katalon.core.webui.keyword.WebUiBuiltInKeywords.getAttribute(batch, "value").trim(): Attribute 'value' of object '' is: '5000'

2018-05-31 14:25:43 - [MESSAGE][PASSED] - Attribute 'value' of object '' is: '5000'

2018-05-31 14:25:43 - [TEST_STEP][PASSED] - Statement - Rqty = 100: null

2018-05-31 14:25:43 - [TEST_STEP][PASSED] - Statement - out.println("BatchQty : " + batchqty): null

2018-05-31 14:25:43 - [TEST_STEP][PASSED] - Statement - out.println("RQty : " + Rqty): null

2018-05-31 14:25:43 - [TEST_STEP][PASSED] - Statement - If (java.lang.Integer.valueOf(batchqty) >= java.lang.Integer.valueOf(Rqty)): null

2018-05-31 14:25:43 - [TEST_STEP][PASSED] - Statement - Break: null

2018-05-31 14:25:43 - [TEST_STEP][PASSED] - Statement - batchlength = new com.kms.katalon.core.testobject.TestObject(): null

2018-05-31 14:25:43 - [TEST_STEP][PASSED] - Statement - batchlength = com.kms.katalon.core.webui.keyword.WebUiBuiltInKeywords.modifyObjectProperty(batchlength, "xpath", "equals", "//*[@id = "fldvendor" + row + ""]", true): Modify property of object successfully

2018-05-31 14:25:43 - [MESSAGE][PASSED] - Modify property of object successfully

2018-05-31 14:25:43 - [TEST_STEP][PASSED] - Statement - batchsize = com.kms.katalon.core.webui.keyword.WebUiBuiltInKeywords.getNumberOfTotalOption(batchlength): 8 options of object '' counted

2018-05-31 14:25:43 - [MESSAGE][PASSED] - 8 options of object '' counted

2018-05-31 14:25:43 - [TEST_STEP][PASSED] - Statement - out.println("BatchSize : " + batchsize): null

2018-05-31 14:25:43 - [TEST_STEP][PASSED] - Statement - For ([n = 1, n <= batchsize - 1, (n++)]): null

2018-05-31 14:25:43 - [TEST_STEP][PASSED] - Statement - product = new com.kms.katalon.core.testobject.TestObject(): null

2018-05-31 14:25:43 - [TEST_STEP][PASSED] - Statement - product = com.kms.katalon.core.webui.keyword.WebUiBuiltInKeywords.modifyObjectProperty(product, "xpath", "equals", "//*[@id = "fldvendor" + row + ""]", true): Modify property of object successfully

2018-05-31 14:25:43 - [MESSAGE][PASSED] - Modify property of object successfully

2018-05-31 14:25:43 - [TEST_STEP][PASSED] - selectOptionByIndex: All options with index in [1] are selected on object ''

2018-05-31 14:25:43 - [MESSAGE][PASSED] - All options with index in [1] are selected on object ''

2018-05-31 14:25:43 - [TEST_STEP][PASSED] - delay: Delayed 2 second(s)

2018-05-31 14:25:45 - [MESSAGE][PASSED] - Delayed 2 second(s)

2018-05-31 14:25:45 - [TEST_STEP][PASSED] - Statement - batch = new com.kms.katalon.core.testobject.TestObject(): null

2018-05-31 14:25:45 - [TEST_STEP][PASSED] - Statement - batch = com.kms.katalon.core.webui.keyword.WebUiBuiltInKeywords.modifyObjectProperty(batch, "xpath", "equals", "//*[@id = "txtbthqty" + row + ""]", true): Modify property of object successfully

2018-05-31 14:25:45 - [MESSAGE][PASSED] - Modify property of object successfully

2018-05-31 14:25:45 - [TEST_STEP][PASSED] - Statement - batchqty = com.kms.katalon.core.webui.keyword.WebUiBuiltInKeywords.getAttribute(batch, "value").trim(): Attribute 'value' of object '' is: '4800'

2018-05-31 14:25:45 - [MESSAGE][PASSED] - Attribute 'value' of object '' is: '4800'

2018-05-31 14:25:45 - [TEST_STEP][PASSED] - Statement - Rqty = 100: null

2018-05-31 14:25:45 - [TEST_STEP][PASSED] - Statement - out.println("BatchQty : " + batchqty): null

2018-05-31 14:25:45 - [TEST_STEP][PASSED] - Statement - out.println("RQty : " + Rqty): null

2018-05-31 14:25:45 - [TEST_STEP][PASSED] - Statement - If (java.lang.Integer.valueOf(batchqty) >= java.lang.Integer.valueOf(Rqty)): null

2018-05-31 14:25:45 - [TEST_STEP][PASSED] - Statement - Break: null

2018-05-31 14:25:45 - [TEST_STEP][PASSED] - Statement - batchlength = new com.kms.katalon.core.testobject.TestObject(): null

2018-05-31 14:25:45 - [TEST_STEP][PASSED] - Statement - batchlength = com.kms.katalon.core.webui.keyword.WebUiBuiltInKeywords.modifyObjectProperty(batchlength, "xpath", "equals", "//*[@id = "fldvendor" + row + ""]", true): Modify property of object successfully

2018-05-31 14:25:45 - [MESSAGE][PASSED] - Modify property of object successfully

2018-05-31 14:25:45 - [TEST_STEP][PASSED] - Statement - batchsize = com.kms.katalon.core.webui.keyword.WebUiBuiltInKeywords.getNumberOfTotalOption(batchlength): 8 options of object '' counted

2018-05-31 14:25:45 - [MESSAGE][PASSED] - 8 options of object '' counted

2018-05-31 14:25:45 - [TEST_STEP][PASSED] - Statement - out.println("BatchSize : " + batchsize): null

2018-05-31 14:25:45 - [TEST_STEP][PASSED] - Statement - For ([n = 1, n <= batchsize - 1, (n++)]): null

2018-05-31 14:25:45 - [TEST_STEP][PASSED] - Statement - product = new com.kms.katalon.core.testobject.TestObject(): null

2018-05-31 14:25:45 - [TEST_STEP][PASSED] - Statement - product = com.kms.katalon.core.webui.keyword.WebUiBuiltInKeywords.modifyObjectProperty(product, "xpath", "equals", "//*[@id = "fldvendor" + row + ""]", true): Modify property of object successfully

2018-05-31 14:25:45 - [MESSAGE][PASSED] - Modify property of object successfully

2018-05-31 14:25:45 - [TEST_STEP][PASSED] - selectOptionByIndex: All options with index in [1] are selected on object ''

2018-05-31 14:25:46 - [MESSAGE][PASSED] - All options with index in [1] are selected on object ''

2018-05-31 14:25:46 - [TEST_STEP][PASSED] - delay: Delayed 2 second(s)

2018-05-31 14:25:48 - [MESSAGE][PASSED] - Delayed 2 second(s)

2018-05-31 14:25:48 - [TEST_STEP][PASSED] - Statement - batch = new com.kms.katalon.core.testobject.TestObject(): null

2018-05-31 14:25:48 - [TEST_STEP][PASSED] - Statement - batch = com.kms.katalon.core.webui.keyword.WebUiBuiltInKeywords.modifyObjectProperty(batch, "xpath", "equals", "//*[@id = "txtbthqty" + row + ""]", true): Modify property of object successfully

2018-05-31 14:25:48 - [MESSAGE][PASSED] - Modify property of object successfully

2018-05-31 14:25:48 - [TEST_STEP][PASSED] - Statement - batchqty = com.kms.katalon.core.webui.keyword.WebUiBuiltInKeywords.getAttribute(batch, "value").trim(): Attribute 'value' of object '' is: '5000'

2018-05-31 14:25:48 - [MESSAGE][PASSED] - Attribute 'value' of object '' is: '5000'

2018-05-31 14:25:48 - [TEST_STEP][PASSED] - Statement - Rqty = 100: null

2018-05-31 14:25:48 - [TEST_STEP][PASSED] - Statement - out.println("BatchQty : " + batchqty): null

2018-05-31 14:25:48 - [TEST_STEP][PASSED] - Statement - out.println("RQty : " + Rqty): null

2018-05-31 14:25:48 - [TEST_STEP][PASSED] - Statement - If (java.lang.Integer.valueOf(batchqty) >= java.lang.Integer.valueOf(Rqty)): null

2018-05-31 14:25:48 - [TEST_STEP][PASSED] - Statement - Break: null

2018-05-31 14:25:48 - [TEST_STEP][PASSED] - Statement - batchlength = new com.kms.katalon.core.testobject.TestObject(): null

2018-05-31 14:25:48 - [TEST_STEP][PASSED] - Statement - batchlength = com.kms.katalon.core.webui.keyword.WebUiBuiltInKeywords.modifyObjectProperty(batchlength, "xpath", "equals", "//*[@id = "fldvendor" + row + ""]", true): Modify property of object successfully

2018-05-31 14:25:48 - [MESSAGE][PASSED] - Modify property of object successfully

2018-05-31 14:25:48 - [TEST_STEP][PASSED] - Statement - batchsize = com.kms.katalon.core.webui.keyword.WebUiBuiltInKeywords.getNumberOfTotalOption(batchlength): 8 options of object '' counted

2018-05-31 14:25:48 - [MESSAGE][PASSED] - 8 options of object '' counted

2018-05-31 14:25:48 - [TEST_STEP][PASSED] - Statement - out.println("BatchSize : " + batchsize): null

2018-05-31 14:25:48 - [TEST_STEP][PASSED] - Statement - For ([n = 1, n <= batchsize - 1, (n++)]): null

2018-05-31 14:25:48 - [TEST_STEP][PASSED] - Statement - product = new com.kms.katalon.core.testobject.TestObject(): null

2018-05-31 14:25:48 - [TEST_STEP][PASSED] - Statement - product = com.kms.katalon.core.webui.keyword.WebUiBuiltInKeywords.modifyObjectProperty(product, "xpath", "equals", "//*[@id = "fldvendor" + row + ""]", true): Modify property of object successfully

2018-05-31 14:25:48 - [MESSAGE][PASSED] - Modify property of object successfully

2018-05-31 14:25:48 - [TEST_STEP][PASSED] - selectOptionByIndex: All options with index in [1] are selected on object ''

2018-05-31 14:25:48 - [MESSAGE][PASSED] - All options with index in [1] are selected on object ''

2018-05-31 14:25:48 - [TEST_STEP][PASSED] - delay: Delayed 2 second(s)

2018-05-31 14:25:50 - [MESSAGE][PASSED] - Delayed 2 second(s)

2018-05-31 14:25:50 - [TEST_STEP][PASSED] - Statement - batch = new com.kms.katalon.core.testobject.TestObject(): null

2018-05-31 14:25:50 - [TEST_STEP][PASSED] - Statement - batch = com.kms.katalon.core.webui.keyword.WebUiBuiltInKeywords.modifyObjectProperty(batch, "xpath", "equals", "//*[@id = "txtbthqty" + row + ""]", true): Modify property of object successfully

2018-05-31 14:25:50 - [MESSAGE][PASSED] - Modify property of object successfully

2018-05-31 14:25:50 - [TEST_STEP][PASSED] - Statement - batchqty = com.kms.katalon.core.webui.keyword.WebUiBuiltInKeywords.getAttribute(batch, "value").trim(): Attribute 'value' of object '' is: '4800'

2018-05-31 14:25:50 - [MESSAGE][PASSED] - Attribute 'value' of object '' is: '4800'

2018-05-31 14:25:50 - [TEST_STEP][PASSED] - Statement - Rqty = 100: null

2018-05-31 14:25:50 - [TEST_STEP][PASSED] - Statement - out.println("BatchQty : " + batchqty): null

2018-05-31 14:25:50 - [TEST_STEP][PASSED] - Statement - out.println("RQty : " + Rqty): null

2018-05-31 14:25:50 - [TEST_STEP][PASSED] - Statement - If (java.lang.Integer.valueOf(batchqty) >= java.lang.Integer.valueOf(Rqty)): null

2018-05-31 14:25:50 - [TEST_STEP][PASSED] - Statement - Break: null

2018-05-31 14:25:50 - [TEST_STEP][PASSED] - Statement - batchlength = new com.kms.katalon.core.testobject.TestObject(): null

2018-05-31 14:25:50 - [TEST_STEP][PASSED] - Statement - batchlength = com.kms.katalon.core.webui.keyword.WebUiBuiltInKeywords.modifyObjectProperty(batchlength, "xpath", "equals", "//*[@id = "fldvendor" + row + ""]", true): Modify property of object successfully

2018-05-31 14:25:50 - [MESSAGE][PASSED] - Modify property of object successfully

2018-05-31 14:25:50 - [TEST_STEP][PASSED] - Statement - batchsize = com.kms.katalon.core.webui.keyword.WebUiBuiltInKeywords.getNumberOfTotalOption(batchlength): 8 options of object '' counted

2018-05-31 14:25:50 - [MESSAGE][PASSED] - 8 options of object '' counted

2018-05-31 14:25:50 - [TEST_STEP][PASSED] - Statement - out.println("BatchSize : " + batchsize): null

2018-05-31 14:25:50 - [TEST_STEP][PASSED] - Statement - For ([n = 1, n <= batchsize - 1, (n++)]): null

2018-05-31 14:25:50 - [TEST_STEP][PASSED] - Statement - product = new com.kms.katalon.core.testobject.TestObject(): null

2018-05-31 14:25:50 - [TEST_STEP][PASSED] - Statement - product = com.kms.katalon.core.webui.keyword.WebUiBuiltInKeywords.modifyObjectProperty(product, "xpath", "equals", "//*[@id = "fldvendor" + row + ""]", true): Modify property of object successfully

2018-05-31 14:25:50 - [MESSAGE][PASSED] - Modify property of object successfully

2018-05-31 14:25:50 - [TEST_STEP][PASSED] - selectOptionByIndex: All options with index in [1] are selected on object ''

2018-05-31 14:25:50 - [MESSAGE][PASSED] - All options with index in [1] are selected on object ''

2018-05-31 14:25:50 - [TEST_STEP][PASSED] - delay: Delayed 2 second(s)

2018-05-31 14:25:52 - [MESSAGE][PASSED] - Delayed 2 second(s)

2018-05-31 14:25:52 - [TEST_STEP][PASSED] - Statement - batch = new com.kms.katalon.core.testobject.TestObject(): null

2018-05-31 14:25:52 - [TEST_STEP][PASSED] - Statement - batch = com.kms.katalon.core.webui.keyword.WebUiBuiltInKeywords.modifyObjectProperty(batch, "xpath", "equals", "//*[@id = "txtbthqty" + row + ""]", true): Modify property of object successfully

2018-05-31 14:25:52 - [MESSAGE][PASSED] - Modify property of object successfully

2018-05-31 14:25:52 - [TEST_STEP][PASSED] - Statement - batchqty = com.kms.katalon.core.webui.keyword.WebUiBuiltInKeywords.getAttribute(batch, "value").trim(): Attribute 'value' of object '' is: '4800'

2018-05-31 14:25:52 - [MESSAGE][PASSED] - Attribute 'value' of object '' is: '4800'

2018-05-31 14:25:52 - [TEST_STEP][PASSED] - Statement - Rqty = 100: null

2018-05-31 14:25:52 - [TEST_STEP][PASSED] - Statement - out.println("BatchQty : " + batchqty): null

2018-05-31 14:25:52 - [TEST_STEP][PASSED] - Statement - out.println("RQty : " + Rqty): null

2018-05-31 14:25:52 - [TEST_STEP][PASSED] - Statement - If (java.lang.Integer.valueOf(batchqty) >= java.lang.Integer.valueOf(Rqty)): null

2018-05-31 14:25:52 - [TEST_STEP][PASSED] - Statement - Break: null

2018-05-31 14:25:52 - [TEST_STEP][PASSED] - Statement - batchlength = new com.kms.katalon.core.testobject.TestObject(): null

2018-05-31 14:25:52 - [TEST_STEP][PASSED] - Statement - batchlength = com.kms.katalon.core.webui.keyword.WebUiBuiltInKeywords.modifyObjectProperty(batchlength, "xpath", "equals", "//*[@id = "fldvendor" + row + ""]", true): Modify property of object successfully

2018-05-31 14:25:52 - [MESSAGE][PASSED] - Modify property of object successfully

2018-05-31 14:25:52 - [TEST_STEP][PASSED] - Statement - batchsize = com.kms.katalon.core.webui.keyword.WebUiBuiltInKeywords.getNumberOfTotalOption(batchlength): 8 options of object '' counted

2018-05-31 14:25:52 - [MESSAGE][PASSED] - 8 options of object '' counted

2018-05-31 14:25:52 - [TEST_STEP][PASSED] - Statement - out.println("BatchSize : " + batchsize): null

2018-05-31 14:25:52 - [TEST_STEP][PASSED] - Statement - For ([n = 1, n <= batchsize - 1, (n++)]): null

2018-05-31 14:25:52 - [TEST_STEP][PASSED] - Statement - product = new com.kms.katalon.core.testobject.TestObject(): null

2018-05-31 14:25:52 - [TEST_STEP][PASSED] - Statement - product = com.kms.katalon.core.webui.keyword.WebUiBuiltInKeywords.modifyObjectProperty(product, "xpath", "equals", "//*[@id = "fldvendor" + row + ""]", true): Modify property of object successfully

2018-05-31 14:25:52 - [MESSAGE][PASSED] - Modify property of object successfully

2018-05-31 14:25:52 - [TEST_STEP][PASSED] - selectOptionByIndex: All options with index in [1] are selected on object ''

2018-05-31 14:25:52 - [MESSAGE][PASSED] - All options with index in [1] are selected on object ''

2018-05-31 14:25:52 - [TEST_STEP][PASSED] - delay: Delayed 2 second(s)

2018-05-31 14:25:54 - [MESSAGE][PASSED] - Delayed 2 second(s)

2018-05-31 14:25:54 - [TEST_STEP][PASSED] - Statement - batch = new com.kms.katalon.core.testobject.TestObject(): null

2018-05-31 14:25:54 - [TEST_STEP][PASSED] - Statement - batch = com.kms.katalon.core.webui.keyword.WebUiBuiltInKeywords.modifyObjectProperty(batch, "xpath", "equals", "//*[@id = "txtbthqty" + row + ""]", true): Modify property of object successfully

2018-05-31 14:25:54 - [MESSAGE][PASSED] - Modify property of object successfully

2018-05-31 14:25:54 - [TEST_STEP][PASSED] - Statement - batchqty = com.kms.katalon.core.webui.keyword.WebUiBuiltInKeywords.getAttribute(batch, "value").trim(): Attribute 'value' of object '' is: '5000'

2018-05-31 14:25:55 - [MESSAGE][PASSED] - Attribute 'value' of object '' is: '5000'

2018-05-31 14:25:55 - [TEST_STEP][PASSED] - Statement - Rqty = 100: null

2018-05-31 14:25:55 - [TEST_STEP][PASSED] - Statement - out.println("BatchQty : " + batchqty): null

2018-05-31 14:25:55 - [TEST_STEP][PASSED] - Statement - out.println("RQty : " + Rqty): null

2018-05-31 14:25:55 - [TEST_STEP][PASSED] - Statement - If (java.lang.Integer.valueOf(batchqty) >= java.lang.Integer.valueOf(Rqty)): null

2018-05-31 14:25:55 - [TEST_STEP][PASSED] - Statement - Break: null

2018-05-31 14:25:55 - [TEST_STEP][PASSED] - Statement - batchlength = new com.kms.katalon.core.testobject.TestObject(): null

2018-05-31 14:25:55 - [TEST_STEP][PASSED] - Statement - batchlength = com.kms.katalon.core.webui.keyword.WebUiBuiltInKeywords.modifyObjectProperty(batchlength, "xpath", "equals", "//*[@id = "fldvendor" + row + ""]", true): Modify property of object successfully

2018-05-31 14:25:55 - [MESSAGE][PASSED] - Modify property of object successfully

2018-05-31 14:25:55 - [TEST_STEP][PASSED] - Statement - batchsize = com.kms.katalon.core.webui.keyword.WebUiBuiltInKeywords.getNumberOfTotalOption(batchlength): 8 options of object '' counted

2018-05-31 14:25:55 - [MESSAGE][PASSED] - 8 options of object '' counted

2018-05-31 14:25:55 - [TEST_STEP][PASSED] - Statement - out.println("BatchSize : " + batchsize): null

2018-05-31 14:25:55 - [TEST_STEP][PASSED] - Statement - For ([n = 1, n <= batchsize - 1, (n++)]): null

2018-05-31 14:25:55 - [TEST_STEP][PASSED] - Statement - product = new com.kms.katalon.core.testobject.TestObject(): null

2018-05-31 14:25:55 - [TEST_STEP][PASSED] - Statement - product = com.kms.katalon.core.webui.keyword.WebUiBuiltInKeywords.modifyObjectProperty(product, "xpath", "equals", "//*[@id = "fldvendor" + row + ""]", true): Modify property of object successfully

2018-05-31 14:25:55 - [MESSAGE][PASSED] - Modify property of object successfully

2018-05-31 14:25:55 - [TEST_STEP][PASSED] - selectOptionByIndex: All options with index in [1] are selected on object ''

2018-05-31 14:25:55 - [MESSAGE][PASSED] - All options with index in [1] are selected on object ''

2018-05-31 14:25:55 - [TEST_STEP][PASSED] - delay: Delayed 2 second(s)

2018-05-31 14:25:57 - [MESSAGE][PASSED] - Delayed 2 second(s)

2018-05-31 14:25:57 - [TEST_STEP][PASSED] - Statement - batch = new com.kms.katalon.core.testobject.TestObject(): null

2018-05-31 14:25:57 - [TEST_STEP][PASSED] - Statement - batch = com.kms.katalon.core.webui.keyword.WebUiBuiltInKeywords.modifyObjectProperty(batch, "xpath", "equals", "//*[@id = "txtbthqty" + row + ""]", true): Modify property of object successfully

2018-05-31 14:25:57 - [MESSAGE][PASSED] - Modify property of object successfully

2018-05-31 14:25:57 - [TEST_STEP][PASSED] - Statement - batchqty = com.kms.katalon.core.webui.keyword.WebUiBuiltInKeywords.getAttribute(batch, "value").trim(): Attribute 'value' of object '' is: '4800'

2018-05-31 14:25:57 - [MESSAGE][PASSED] - Attribute 'value' of object '' is: '4800'

2018-05-31 14:25:57 - [TEST_STEP][PASSED] - Statement - Rqty = 100: null

2018-05-31 14:25:57 - [TEST_STEP][PASSED] - Statement - out.println("BatchQty : " + batchqty): null

2018-05-31 14:25:57 - [TEST_STEP][PASSED] - Statement - out.println("RQty : " + Rqty): null

2018-05-31 14:25:57 - [TEST_STEP][PASSED] - Statement - If (java.lang.Integer.valueOf(batchqty) >= java.lang.Integer.valueOf(Rqty)): null

2018-05-31 14:25:57 - [TEST_STEP][PASSED] - Statement - Break: null

2018-05-31 14:25:57 - [TEST_STEP][PASSED] - Statement - batchlength = new com.kms.katalon.core.testobject.TestObject(): null

2018-05-31 14:25:57 - [TEST_STEP][PASSED] - Statement - batchlength = com.kms.katalon.core.webui.keyword.WebUiBuiltInKeywords.modifyObjectProperty(batchlength, "xpath", "equals", "//*[@id = "fldvendor" + row + ""]", true): Modify property of object successfully

2018-05-31 14:25:57 - [MESSAGE][PASSED] - Modify property of object successfully

2018-05-31 14:25:57 - [TEST_STEP][PASSED] - Statement - batchsize = com.kms.katalon.core.webui.keyword.WebUiBuiltInKeywords.getNumberOfTotalOption(batchlength): 7 options of object '' counted

2018-05-31 14:25:57 - [MESSAGE][PASSED] - 7 options of object '' counted

2018-05-31 14:25:57 - [TEST_STEP][PASSED] - Statement - out.println("BatchSize : " + batchsize): null

2018-05-31 14:25:57 - [TEST_STEP][PASSED] - Statement - For ([n = 1, n <= batchsize - 1, (n++)]): null

2018-05-31 14:25:57 - [TEST_STEP][PASSED] - Statement - product = new com.kms.katalon.core.testobject.TestObject(): null

2018-05-31 14:25:57 - [TEST_STEP][PASSED] - Statement - product = com.kms.katalon.core.webui.keyword.WebUiBuiltInKeywords.modifyObjectProperty(product, "xpath", "equals", "//*[@id = "fldvendor" + row + ""]", true): Modify property of object successfully

2018-05-31 14:25:57 - [MESSAGE][PASSED] - Modify property of object successfully

2018-05-31 14:25:57 - [TEST_STEP][PASSED] - selectOptionByIndex: All options with index in [1] are selected on object ''

2018-05-31 14:25:57 - [MESSAGE][PASSED] - All options with index in [1] are selected on object ''

2018-05-31 14:25:57 - [TEST_STEP][PASSED] - delay: Delayed 2 second(s)

2018-05-31 14:25:59 - [MESSAGE][PASSED] - Delayed 2 second(s)

2018-05-31 14:25:59 - [TEST_STEP][PASSED] - Statement - batch = new com.kms.katalon.core.testobject.TestObject(): null

2018-05-31 14:25:59 - [TEST_STEP][PASSED] - Statement - batch = com.kms.katalon.core.webui.keyword.WebUiBuiltInKeywords.modifyObjectProperty(batch, "xpath", "equals", "//*[@id = "txtbthqty" + row + ""]", true): Modify property of object successfully

2018-05-31 14:25:59 - [MESSAGE][PASSED] - Modify property of object successfully

2018-05-31 14:25:59 - [TEST_STEP][PASSED] - Statement - batchqty = com.kms.katalon.core.webui.keyword.WebUiBuiltInKeywords.getAttribute(batch, "value").trim(): Attribute 'value' of object '' is: '5000'

2018-05-31 14:25:59 - [MESSAGE][PASSED] - Attribute 'value' of object '' is: '5000'

2018-05-31 14:25:59 - [TEST_STEP][PASSED] - Statement - Rqty = 100: null

2018-05-31 14:25:59 - [TEST_STEP][PASSED] - Statement - out.println("BatchQty : " + batchqty): null

2018-05-31 14:25:59 - [TEST_STEP][PASSED] - Statement - out.println("RQty : " + Rqty): null

2018-05-31 14:25:59 - [TEST_STEP][PASSED] - Statement - If (java.lang.Integer.valueOf(batchqty) >= java.lang.Integer.valueOf(Rqty)): null

2018-05-31 14:25:59 - [TEST_STEP][PASSED] - Statement - Break: null

2018-05-31 14:25:59 - [TEST_STEP][PASSED] - Statement - batchlength = new com.kms.katalon.core.testobject.TestObject(): null

2018-05-31 14:25:59 - [TEST_STEP][PASSED] - Statement - batchlength = com.kms.katalon.core.webui.keyword.WebUiBuiltInKeywords.modifyObjectProperty(batchlength, "xpath", "equals", "//*[@id = "fldvendor" + row + ""]", true): Modify property of object successfully

2018-05-31 14:25:59 - [MESSAGE][PASSED] - Modify property of object successfully

2018-05-31 14:25:59 - [TEST_STEP][PASSED] - Statement - batchsize = com.kms.katalon.core.webui.keyword.WebUiBuiltInKeywords.getNumberOfTotalOption(batchlength): 7 options of object '' counted

2018-05-31 14:25:59 - [MESSAGE][PASSED] - 7 options of object '' counted

2018-05-31 14:25:59 - [TEST_STEP][PASSED] - Statement - out.println("BatchSize : " + batchsize): null

2018-05-31 14:25:59 - [TEST_STEP][PASSED] - Statement - For ([n = 1, n <= batchsize - 1, (n++)]): null

2018-05-31 14:25:59 - [TEST_STEP][PASSED] - Statement - product = new com.kms.katalon.core.testobject.TestObject(): null

2018-05-31 14:25:59 - [TEST_STEP][PASSED] - Statement - product = com.kms.katalon.core.webui.keyword.WebUiBuiltInKeywords.modifyObjectProperty(product, "xpath", "equals", "//*[@id = "fldvendor" + row + ""]", true): Modify property of object successfully

2018-05-31 14:25:59 - [MESSAGE][PASSED] - Modify property of object successfully

2018-05-31 14:25:59 - [TEST_STEP][PASSED] - selectOptionByIndex: All options with index in [1] are selected on object ''

2018-05-31 14:25:59 - [MESSAGE][PASSED] - All options with index in [1] are selected on object ''

2018-05-31 14:25:59 - [TEST_STEP][PASSED] - delay: Delayed 2 second(s)

2018-05-31 14:26:01 - [MESSAGE][PASSED] - Delayed 2 second(s)

2018-05-31 14:26:01 - [TEST_STEP][PASSED] - Statement - batch = new com.kms.katalon.core.testobject.TestObject(): null

2018-05-31 14:26:01 - [TEST_STEP][PASSED] - Statement - batch = com.kms.katalon.core.webui.keyword.WebUiBuiltInKeywords.modifyObjectProperty(batch, "xpath", "equals", "//*[@id = "txtbthqty" + row + ""]", true): Modify property of object successfully

2018-05-31 14:26:01 - [MESSAGE][PASSED] - Modify property of object successfully

2018-05-31 14:26:01 - [TEST_STEP][PASSED] - Statement - batchqty = com.kms.katalon.core.webui.keyword.WebUiBuiltInKeywords.getAttribute(batch, "value").trim(): Attribute 'value' of object '' is: '5000'

2018-05-31 14:26:01 - [MESSAGE][PASSED] - Attribute 'value' of object '' is: '5000'

2018-05-31 14:26:01 - [TEST_STEP][PASSED] - Statement - Rqty = 100: null

2018-05-31 14:26:01 - [TEST_STEP][PASSED] - Statement - out.println("BatchQty : " + batchqty): null

2018-05-31 14:26:01 - [TEST_STEP][PASSED] - Statement - out.println("RQty : " + Rqty): null

2018-05-31 14:26:01 - [TEST_STEP][PASSED] - Statement - If (java.lang.Integer.valueOf(batchqty) >= java.lang.Integer.valueOf(Rqty)): null

2018-05-31 14:26:01 - [TEST_STEP][PASSED] - Statement - Break: null

2018-05-31 14:26:01 - [TEST_STEP][PASSED] - Statement - batchlength = new com.kms.katalon.core.testobject.TestObject(): null

2018-05-31 14:26:01 - [TEST_STEP][PASSED] - Statement - batchlength = com.kms.katalon.core.webui.keyword.WebUiBuiltInKeywords.modifyObjectProperty(batchlength, "xpath", "equals", "//*[@id = "fldvendor" + row + ""]", true): Modify property of object successfully

2018-05-31 14:26:01 - [MESSAGE][PASSED] - Modify property of object successfully

2018-05-31 14:26:01 - [TEST_STEP][PASSED] - Statement - batchsize = com.kms.katalon.core.webui.keyword.WebUiBuiltInKeywords.getNumberOfTotalOption(batchlength): 7 options of object '' counted

2018-05-31 14:26:01 - [MESSAGE][PASSED] - 7 options of object '' counted

2018-05-31 14:26:01 - [TEST_STEP][PASSED] - Statement - out.println("BatchSize : " + batchsize): null

2018-05-31 14:26:01 - [TEST_STEP][PASSED] - Statement - For ([n = 1, n <= batchsize - 1, (n++)]): null

2018-05-31 14:26:01 - [TEST_STEP][PASSED] - Statement - product = new com.kms.katalon.core.testobject.TestObject(): null

2018-05-31 14:26:01 - [TEST_STEP][PASSED] - Statement - product = com.kms.katalon.core.webui.keyword.WebUiBuiltInKeywords.modifyObjectProperty(product, "xpath", "equals", "//*[@id = "fldvendor" + row + ""]", true): Modify property of object successfully

2018-05-31 14:26:01 - [MESSAGE][PASSED] - Modify property of object successfully

2018-05-31 14:26:01 - [TEST_STEP][PASSED] - selectOptionByIndex: All options with index in [1] are selected on object ''

2018-05-31 14:26:02 - [MESSAGE][PASSED] - All options with index in [1] are selected on object ''

2018-05-31 14:26:02 - [TEST_STEP][PASSED] - delay: Delayed 2 second(s)

2018-05-31 14:26:04 - [MESSAGE][PASSED] - Delayed 2 second(s)

2018-05-31 14:26:04 - [TEST_STEP][PASSED] - Statement - batch = new com.kms.katalon.core.testobject.TestObject(): null

2018-05-31 14:26:04 - [TEST_STEP][PASSED] - Statement - batch = com.kms.katalon.core.webui.keyword.WebUiBuiltInKeywords.modifyObjectProperty(batch, "xpath", "equals", "//*[@id = "txtbthqty" + row + ""]", true): Modify property of object successfully

2018-05-31 14:26:04 - [MESSAGE][PASSED] - Modify property of object successfully

2018-05-31 14:26:04 - [TEST_STEP][PASSED] - Statement - batchqty = com.kms.katalon.core.webui.keyword.WebUiBuiltInKeywords.getAttribute(batch, "value").trim(): Attribute 'value' of object '' is: '4800'

2018-05-31 14:26:04 - [MESSAGE][PASSED] - Attribute 'value' of object '' is: '4800'

2018-05-31 14:26:04 - [TEST_STEP][PASSED] - Statement - Rqty = 100: null

2018-05-31 14:26:04 - [TEST_STEP][PASSED] - Statement - out.println("BatchQty : " + batchqty): null

2018-05-31 14:26:04 - [TEST_STEP][PASSED] - Statement - out.println("RQty : " + Rqty): null

2018-05-31 14:26:04 - [TEST_STEP][PASSED] - Statement - If (java.lang.Integer.valueOf(batchqty) >= java.lang.Integer.valueOf(Rqty)): null

2018-05-31 14:26:04 - [TEST_STEP][PASSED] - Statement - Break: null

2018-05-31 14:26:04 - [TEST_STEP][PASSED] - Statement - batchlength = new com.kms.katalon.core.testobject.TestObject(): null

2018-05-31 14:26:04 - [TEST_STEP][PASSED] - Statement - batchlength = com.kms.katalon.core.webui.keyword.WebUiBuiltInKeywords.modifyObjectProperty(batchlength, "xpath", "equals", "//*[@id = "fldvendor" + row + ""]", true): Modify property of object successfully

2018-05-31 14:26:04 - [MESSAGE][PASSED] - Modify property of object successfully

2018-05-31 14:26:04 - [TEST_STEP][PASSED] - Statement - batchsize = com.kms.katalon.core.webui.keyword.WebUiBuiltInKeywords.getNumberOfTotalOption(batchlength): 7 options of object '' counted

2018-05-31 14:26:04 - [MESSAGE][PASSED] - 7 options of object '' counted

2018-05-31 14:26:04 - [TEST_STEP][PASSED] - Statement - out.println("BatchSize : " + batchsize): null

2018-05-31 14:26:04 - [TEST_STEP][PASSED] - Statement - For ([n = 1, n <= batchsize - 1, (n++)]): null

2018-05-31 14:26:04 - [TEST_STEP][PASSED] - Statement - product = new com.kms.katalon.core.testobject.TestObject(): null

2018-05-31 14:26:04 - [TEST_STEP][PASSED] - Statement - product = com.kms.katalon.core.webui.keyword.WebUiBuiltInKeywords.modifyObjectProperty(product, "xpath", "equals", "//*[@id = "fldvendor" + row + ""]", true): Modify property of object successfully

2018-05-31 14:26:04 - [MESSAGE][PASSED] - Modify property of object successfully

2018-05-31 14:26:04 - [TEST_STEP][PASSED] - selectOptionByIndex: All options with index in [1] are selected on object ''

2018-05-31 14:26:04 - [MESSAGE][PASSED] - All options with index in [1] are selected on object ''

2018-05-31 14:26:04 - [TEST_STEP][PASSED] - delay: Delayed 2 second(s)

2018-05-31 14:26:06 - [MESSAGE][PASSED] - Delayed 2 second(s)

2018-05-31 14:26:06 - [TEST_STEP][PASSED] - Statement - batch = new com.kms.katalon.core.testobject.TestObject(): null

2018-05-31 14:26:06 - [TEST_STEP][PASSED] - Statement - batch = com.kms.katalon.core.webui.keyword.WebUiBuiltInKeywords.modifyObjectProperty(batch, "xpath", "equals", "//*[@id = "txtbthqty" + row + ""]", true): Modify property of object successfully

2018-05-31 14:26:06 - [MESSAGE][PASSED] - Modify property of object successfully

2018-05-31 14:26:06 - [TEST_STEP][PASSED] - Statement - batchqty = com.kms.katalon.core.webui.keyword.WebUiBuiltInKeywords.getAttribute(batch, "value").trim(): Attribute 'value' of object '' is: '5000'

2018-05-31 14:26:06 - [MESSAGE][PASSED] - Attribute 'value' of object '' is: '5000'

2018-05-31 14:26:06 - [TEST_STEP][PASSED] - Statement - Rqty = 100: null

2018-05-31 14:26:06 - [TEST_STEP][PASSED] - Statement - out.println("BatchQty : " + batchqty): null

2018-05-31 14:26:06 - [TEST_STEP][PASSED] - Statement - out.println("RQty : " + Rqty): null

2018-05-31 14:26:06 - [TEST_STEP][PASSED] - Statement - If (java.lang.Integer.valueOf(batchqty) >= java.lang.Integer.valueOf(Rqty)): null

2018-05-31 14:26:06 - [TEST_STEP][PASSED] - Statement - Break: null

2018-05-31 14:26:06 - [TEST_STEP][PASSED] - Statement - batchlength = new com.kms.katalon.core.testobject.TestObject(): null

2018-05-31 14:26:06 - [TEST_STEP][PASSED] - Statement - batchlength = com.kms.katalon.core.webui.keyword.WebUiBuiltInKeywords.modifyObjectProperty(batchlength, "xpath", "equals", "//*[@id = "fldvendor" + row + ""]", true): Modify property of object successfully

2018-05-31 14:26:06 - [MESSAGE][PASSED] - Modify property of object successfully

2018-05-31 14:26:06 - [TEST_STEP][PASSED] - Statement - batchsize = com.kms.katalon.core.webui.keyword.WebUiBuiltInKeywords.getNumberOfTotalOption(batchlength): 7 options of object '' counted

2018-05-31 14:26:06 - [MESSAGE][PASSED] - 7 options of object '' counted

2018-05-31 14:26:06 - [TEST_STEP][PASSED] - Statement - out.println("BatchSize : " + batchsize): null

2018-05-31 14:26:06 - [TEST_STEP][PASSED] - Statement - For ([n = 1, n <= batchsize - 1, (n++)]): null

2018-05-31 14:26:06 - [TEST_STEP][PASSED] - Statement - product = new com.kms.katalon.core.testobject.TestObject(): null

2018-05-31 14:26:06 - [TEST_STEP][PASSED] - Statement - product = com.kms.katalon.core.webui.keyword.WebUiBuiltInKeywords.modifyObjectProperty(product, "xpath", "equals", "//*[@id = "fldvendor" + row + ""]", true): Modify property of object successfully

2018-05-31 14:26:06 - [MESSAGE][PASSED] - Modify property of object successfully

2018-05-31 14:26:06 - [TEST_STEP][PASSED] - selectOptionByIndex: All options with index in [1] are selected on object ''

2018-05-31 14:26:06 - [MESSAGE][PASSED] - All options with index in [1] are selected on object ''

2018-05-31 14:26:06 - [TEST_STEP][PASSED] - delay: Delayed 2 second(s)

2018-05-31 14:26:08 - [MESSAGE][PASSED] - Delayed 2 second(s)

2018-05-31 14:26:08 - [TEST_STEP][PASSED] - Statement - batch = new com.kms.katalon.core.testobject.TestObject(): null

2018-05-31 14:26:08 - [TEST_STEP][PASSED] - Statement - batch = com.kms.katalon.core.webui.keyword.WebUiBuiltInKeywords.modifyObjectProperty(batch, "xpath", "equals", "//*[@id = "txtbthqty" + row + ""]", true): Modify property of object successfully

2018-05-31 14:26:08 - [MESSAGE][PASSED] - Modify property of object successfully

2018-05-31 14:26:08 - [TEST_STEP][PASSED] - Statement - batchqty = com.kms.katalon.core.webui.keyword.WebUiBuiltInKeywords.getAttribute(batch, "value").trim(): Attribute 'value' of object '' is: '5000'

2018-05-31 14:26:08 - [MESSAGE][PASSED] - Attribute 'value' of object '' is: '5000'

2018-05-31 14:26:08 - [TEST_STEP][PASSED] - Statement - Rqty = 100: null

2018-05-31 14:26:08 - [TEST_STEP][PASSED] - Statement - out.println("BatchQty : " + batchqty): null

2018-05-31 14:26:08 - [TEST_STEP][PASSED] - Statement - out.println("RQty : " + Rqty): null

2018-05-31 14:26:08 - [TEST_STEP][PASSED] - Statement - If (java.lang.Integer.valueOf(batchqty) >= java.lang.Integer.valueOf(Rqty)): null

2018-05-31 14:26:08 - [TEST_STEP][PASSED] - Statement - Break: null

2018-05-31 14:26:08 - [TEST_STEP][PASSED] - Statement - batchlength = new com.kms.katalon.core.testobject.TestObject(): null

2018-05-31 14:26:08 - [TEST_STEP][PASSED] - Statement - batchlength = com.kms.katalon.core.webui.keyword.WebUiBuiltInKeywords.modifyObjectProperty(batchlength, "xpath", "equals", "//*[@id = "fldvendor" + row + ""]", true): Modify property of object successfully

2018-05-31 14:26:08 - [MESSAGE][PASSED] - Modify property of object successfully

2018-05-31 14:26:08 - [TEST_STEP][PASSED] - Statement - batchsize = com.kms.katalon.core.webui.keyword.WebUiBuiltInKeywords.getNumberOfTotalOption(batchlength): 8 options of object '' counted

2018-05-31 14:26:08 - [MESSAGE][PASSED] - 8 options of object '' counted

2018-05-31 14:26:08 - [TEST_STEP][PASSED] - Statement - out.println("BatchSize : " + batchsize): null

2018-05-31 14:26:08 - [TEST_STEP][PASSED] - Statement - For ([n = 1, n <= batchsize - 1, (n++)]): null

2018-05-31 14:26:08 - [TEST_STEP][PASSED] - Statement - product = new com.kms.katalon.core.testobject.TestObject(): null

2018-05-31 14:26:08 - [TEST_STEP][PASSED] - Statement - product = com.kms.katalon.core.webui.keyword.WebUiBuiltInKeywords.modifyObjectProperty(product, "xpath", "equals", "//*[@id = "fldvendor" + row + ""]", true): Modify property of object successfully

2018-05-31 14:26:08 - [MESSAGE][PASSED] - Modify property of object successfully

2018-05-31 14:26:08 - [TEST_STEP][PASSED] - selectOptionByIndex: All options with index in [1] are selected on object ''

2018-05-31 14:26:08 - [MESSAGE][PASSED] - All options with index in [1] are selected on object ''

2018-05-31 14:26:08 - [TEST_STEP][PASSED] - delay: Delayed 2 second(s)

2018-05-31 14:26:10 - [MESSAGE][PASSED] - Delayed 2 second(s)

2018-05-31 14:26:10 - [TEST_STEP][PASSED] - Statement - batch = new com.kms.katalon.core.testobject.TestObject(): null

2018-05-31 14:26:10 - [TEST_STEP][PASSED] - Statement - batch = com.kms.katalon.core.webui.keyword.WebUiBuiltInKeywords.modifyObjectProperty(batch, "xpath", "equals", "//*[@id = "txtbthqty" + row + ""]", true): Modify property of object successfully

2018-05-31 14:26:10 - [MESSAGE][PASSED] - Modify property of object successfully

2018-05-31 14:26:10 - [TEST_STEP][PASSED] - Statement - batchqty = com.kms.katalon.core.webui.keyword.WebUiBuiltInKeywords.getAttribute(batch, "value").trim(): Attribute 'value' of object '' is: '4800'

2018-05-31 14:26:11 - [MESSAGE][PASSED] - Attribute 'value' of object '' is: '4800'

2018-05-31 14:26:11 - [TEST_STEP][PASSED] - Statement - Rqty = 100: null

2018-05-31 14:26:11 - [TEST_STEP][PASSED] - Statement - out.println("BatchQty : " + batchqty): null

2018-05-31 14:26:11 - [TEST_STEP][PASSED] - Statement - out.println("RQty : " + Rqty): null

2018-05-31 14:26:11 - [TEST_STEP][PASSED] - Statement - If (java.lang.Integer.valueOf(batchqty) >= java.lang.Integer.valueOf(Rqty)): null

2018-05-31 14:26:11 - [TEST_STEP][PASSED] - Statement - Break: null

2018-05-31 14:26:11 - [TEST_STEP][PASSED] - Statement - batchlength = new com.kms.katalon.core.testobject.TestObject(): null

2018-05-31 14:26:11 - [TEST_STEP][PASSED] - Statement - batchlength = com.kms.katalon.core.webui.keyword.WebUiBuiltInKeywords.modifyObjectProperty(batchlength, "xpath", "equals", "//*[@id = "fldvendor" + row + ""]", true): Modify property of object successfully

2018-05-31 14:26:11 - [MESSAGE][PASSED] - Modify property of object successfully

2018-05-31 14:26:11 - [TEST_STEP][PASSED] - Statement - batchsize = com.kms.katalon.core.webui.keyword.WebUiBuiltInKeywords.getNumberOfTotalOption(batchlength): 8 options of object '' counted

2018-05-31 14:26:11 - [MESSAGE][PASSED] - 8 options of object '' counted

2018-05-31 14:26:11 - [TEST_STEP][PASSED] - Statement - out.println("BatchSize : " + batchsize): null

2018-05-31 14:26:11 - [TEST_STEP][PASSED] - Statement - For ([n = 1, n <= batchsize - 1, (n++)]): null

2018-05-31 14:26:11 - [TEST_STEP][PASSED] - Statement - product = new com.kms.katalon.core.testobject.TestObject(): null

2018-05-31 14:26:11 - [TEST_STEP][PASSED] - Statement - product = com.kms.katalon.core.webui.keyword.WebUiBuiltInKeywords.modifyObjectProperty(product, "xpath", "equals", "//*[@id = "fldvendor" + row + ""]", true): Modify property of object successfully

2018-05-31 14:26:11 - [MESSAGE][PASSED] - Modify property of object successfully

2018-05-31 14:26:11 - [TEST_STEP][PASSED] - selectOptionByIndex: All options with index in [1] are selected on object ''

2018-05-31 14:26:11 - [MESSAGE][PASSED] - All options with index in [1] are selected on object ''

2018-05-31 14:26:11 - [TEST_STEP][PASSED] - delay: Delayed 2 second(s)

2018-05-31 14:26:13 - [MESSAGE][PASSED] - Delayed 2 second(s)

2018-05-31 14:26:13 - [TEST_STEP][PASSED] - Statement - batch = new com.kms.katalon.core.testobject.TestObject(): null

2018-05-31 14:26:13 - [TEST_STEP][PASSED] - Statement - batch = com.kms.katalon.core.webui.keyword.WebUiBuiltInKeywords.modifyObjectProperty(batch, "xpath", "equals", "//*[@id = "txtbthqty" + row + ""]", true): Modify property of object successfully

2018-05-31 14:26:13 - [MESSAGE][PASSED] - Modify property of object successfully

2018-05-31 14:26:13 - [TEST_STEP][PASSED] - Statement - batchqty = com.kms.katalon.core.webui.keyword.WebUiBuiltInKeywords.getAttribute(batch, "value").trim(): Attribute 'value' of object '' is: '4800'

2018-05-31 14:26:13 - [MESSAGE][PASSED] - Attribute 'value' of object '' is: '4800'

2018-05-31 14:26:13 - [TEST_STEP][PASSED] - Statement - Rqty = 100: null

2018-05-31 14:26:13 - [TEST_STEP][PASSED] - Statement - out.println("BatchQty : " + batchqty): null

2018-05-31 14:26:13 - [TEST_STEP][PASSED] - Statement - out.println("RQty : " + Rqty): null

2018-05-31 14:26:13 - [TEST_STEP][PASSED] - Statement - If (java.lang.Integer.valueOf(batchqty) >= java.lang.Integer.valueOf(Rqty)): null

2018-05-31 14:26:13 - [TEST_STEP][PASSED] - Statement - Break: null

2018-05-31 14:26:13 - [TEST_STEP][PASSED] - Statement - batchlength = new com.kms.katalon.core.testobject.TestObject(): null

2018-05-31 14:26:13 - [TEST_STEP][PASSED] - Statement - batchlength = com.kms.katalon.core.webui.keyword.WebUiBuiltInKeywords.modifyObjectProperty(batchlength, "xpath", "equals", "//*[@id = "fldvendor" + row + ""]", true): Modify property of object successfully

2018-05-31 14:26:13 - [MESSAGE][PASSED] - Modify property of object successfully

2018-05-31 14:26:13 - [TEST_STEP][PASSED] - Statement - batchsize = com.kms.katalon.core.webui.keyword.WebUiBuiltInKeywords.getNumberOfTotalOption(batchlength): 8 options of object '' counted

2018-05-31 14:26:13 - [MESSAGE][PASSED] - 8 options of object '' counted

2018-05-31 14:26:13 - [TEST_STEP][PASSED] - Statement - out.println("BatchSize : " + batchsize): null

2018-05-31 14:26:13 - [TEST_STEP][PASSED] - Statement - For ([n = 1, n <= batchsize - 1, (n++)]): null

2018-05-31 14:26:13 - [TEST_STEP][PASSED] - Statement - product = new com.kms.katalon.core.testobject.TestObject(): null

2018-05-31 14:26:13 - [TEST_STEP][PASSED] - Statement - product = com.kms.katalon.core.webui.keyword.WebUiBuiltInKeywords.modifyObjectProperty(product, "xpath", "equals", "//*[@id = "fldvendor" + row + ""]", true): Modify property of object successfully

2018-05-31 14:26:13 - [MESSAGE][PASSED] - Modify property of object successfully

2018-05-31 14:26:13 - [TEST_STEP][PASSED] - selectOptionByIndex: All options with index in [1] are selected on object ''

2018-05-31 14:26:13 - [MESSAGE][PASSED] - All options with index in [1] are selected on object ''

2018-05-31 14:26:13 - [TEST_STEP][PASSED] - delay: Delayed 2 second(s)

2018-05-31 14:26:15 - [MESSAGE][PASSED] - Delayed 2 second(s)

2018-05-31 14:26:15 - [TEST_STEP][PASSED] - Statement - batch = new com.kms.katalon.core.testobject.TestObject(): null

2018-05-31 14:26:15 - [TEST_STEP][PASSED] - Statement - batch = com.kms.katalon.core.webui.keyword.WebUiBuiltInKeywords.modifyObjectProperty(batch, "xpath", "equals", "//*[@id = "txtbthqty" + row + ""]", true): Modify property of object successfully

2018-05-31 14:26:15 - [MESSAGE][PASSED] - Modify property of object successfully

2018-05-31 14:26:15 - [TEST_STEP][PASSED] - Statement - batchqty = com.kms.katalon.core.webui.keyword.WebUiBuiltInKeywords.getAttribute(batch, "value").trim(): Attribute 'value' of object '' is: '5000'

2018-05-31 14:26:15 - [MESSAGE][PASSED] - Attribute 'value' of object '' is: '5000'

2018-05-31 14:26:15 - [TEST_STEP][PASSED] - Statement - Rqty = 100: null

2018-05-31 14:26:15 - [TEST_STEP][PASSED] - Statement - out.println("BatchQty : " + batchqty): null

2018-05-31 14:26:15 - [TEST_STEP][PASSED] - Statement - out.println("RQty : " + Rqty): null

2018-05-31 14:26:15 - [TEST_STEP][PASSED] - Statement - If (java.lang.Integer.valueOf(batchqty) >= java.lang.Integer.valueOf(Rqty)): null

2018-05-31 14:26:15 - [TEST_STEP][PASSED] - Statement - Break: null

2018-05-31 14:26:15 - [TEST_STEP][PASSED] - Statement - batchlength = new com.kms.katalon.core.testobject.TestObject(): null

2018-05-31 14:26:15 - [TEST_STEP][PASSED] - Statement - batchlength = com.kms.katalon.core.webui.keyword.WebUiBuiltInKeywords.modifyObjectProperty(batchlength, "xpath", "equals", "//*[@id = "fldvendor" + row + ""]", true): Modify property of object successfully

2018-05-31 14:26:15 - [MESSAGE][PASSED] - Modify property of object successfully

2018-05-31 14:26:15 - [TEST_STEP][PASSED] - Statement - batchsize = com.kms.katalon.core.webui.keyword.WebUiBuiltInKeywords.getNumberOfTotalOption(batchlength): 8 options of object '' counted

2018-05-31 14:26:15 - [MESSAGE][PASSED] - 8 options of object '' counted

2018-05-31 14:26:15 - [TEST_STEP][PASSED] - Statement - out.println("BatchSize : " + batchsize): null

2018-05-31 14:26:15 - [TEST_STEP][PASSED] - Statement - For ([n = 1, n <= batchsize - 1, (n++)]): null

2018-05-31 14:26:15 - [TEST_STEP][PASSED] - Statement - product = new com.kms.katalon.core.testobject.TestObject(): null

2018-05-31 14:26:15 - [TEST_STEP][PASSED] - Statement - product = com.kms.katalon.core.webui.keyword.WebUiBuiltInKeywords.modifyObjectProperty(product, "xpath", "equals", "//*[@id = "fldvendor" + row + ""]", true): Modify property of object successfully

2018-05-31 14:26:15 - [MESSAGE][PASSED] - Modify property of object successfully

2018-05-31 14:26:15 - [TEST_STEP][PASSED] - selectOptionByIndex: All options with index in [1] are selected on object ''

2018-05-31 14:26:15 - [MESSAGE][PASSED] - All options with index in [1] are selected on object ''

2018-05-31 14:26:15 - [TEST_STEP][PASSED] - delay: Delayed 2 second(s)

2018-05-31 14:26:17 - [MESSAGE][PASSED] - Delayed 2 second(s)

2018-05-31 14:26:17 - [TEST_STEP][PASSED] - Statement - batch = new com.kms.katalon.core.testobject.TestObject(): null

2018-05-31 14:26:17 - [TEST_STEP][PASSED] - Statement - batch = com.kms.katalon.core.webui.keyword.WebUiBuiltInKeywords.modifyObjectProperty(batch, "xpath", "equals", "//*[@id = "txtbthqty" + row + ""]", true): Modify property of object successfully

2018-05-31 14:26:17 - [MESSAGE][PASSED] - Modify property of object successfully

2018-05-31 14:26:17 - [TEST_STEP][PASSED] - Statement - batchqty = com.kms.katalon.core.webui.keyword.WebUiBuiltInKeywords.getAttribute(batch, "value").trim(): Attribute 'value' of object '' is: '4800'

2018-05-31 14:26:17 - [MESSAGE][PASSED] - Attribute 'value' of object '' is: '4800'

2018-05-31 14:26:17 - [TEST_STEP][PASSED] - Statement - Rqty = 100: null

2018-05-31 14:26:17 - [TEST_STEP][PASSED] - Statement - out.println("BatchQty : " + batchqty): null

2018-05-31 14:26:17 - [TEST_STEP][PASSED] - Statement - out.println("RQty : " + Rqty): null

2018-05-31 14:26:17 - [TEST_STEP][PASSED] - Statement - If (java.lang.Integer.valueOf(batchqty) >= java.lang.Integer.valueOf(Rqty)): null

2018-05-31 14:26:17 - [TEST_STEP][PASSED] - Statement - Break: null

2018-05-31 14:26:17 - [TEST_STEP][PASSED] - Statement - batchlength = new com.kms.katalon.core.testobject.TestObject(): null

2018-05-31 14:26:17 - [TEST_STEP][PASSED] - Statement - batchlength = com.kms.katalon.core.webui.keyword.WebUiBuiltInKeywords.modifyObjectProperty(batchlength, "xpath", "equals", "//*[@id = "fldvendor" + row + ""]", true): Modify property of object successfully

2018-05-31 14:26:17 - [MESSAGE][PASSED] - Modify property of object successfully

2018-05-31 14:26:17 - [TEST_STEP][PASSED] - Statement - batchsize = com.kms.katalon.core.webui.keyword.WebUiBuiltInKeywords.getNumberOfTotalOption(batchlength): 7 options of object '' counted

2018-05-31 14:26:18 - [MESSAGE][PASSED] - 7 options of object '' counted

2018-05-31 14:26:18 - [TEST_STEP][PASSED] - Statement - out.println("BatchSize : " + batchsize): null

2018-05-31 14:26:18 - [TEST_STEP][PASSED] - Statement - For ([n = 1, n <= batchsize - 1, (n++)]): null

2018-05-31 14:26:18 - [TEST_STEP][PASSED] - Statement - product = new com.kms.katalon.core.testobject.TestObject(): null

2018-05-31 14:26:18 - [TEST_STEP][PASSED] - Statement - product = com.kms.katalon.core.webui.keyword.WebUiBuiltInKeywords.modifyObjectProperty(product, "xpath", "equals", "//*[@id = "fldvendor" + row + ""]", true): Modify property of object successfully

2018-05-31 14:26:18 - [MESSAGE][PASSED] - Modify property of object successfully

2018-05-31 14:26:18 - [TEST_STEP][PASSED] - selectOptionByIndex: All options with index in [1] are selected on object ''

2018-05-31 14:26:18 - [MESSAGE][PASSED] - All options with index in [1] are selected on object ''

2018-05-31 14:26:18 - [TEST_STEP][PASSED] - delay: Delayed 2 second(s)

2018-05-31 14:26:20 - [MESSAGE][PASSED] - Delayed 2 second(s)

2018-05-31 14:26:20 - [TEST_STEP][PASSED] - Statement - batch = new com.kms.katalon.core.testobject.TestObject(): null

2018-05-31 14:26:20 - [TEST_STEP][PASSED] - Statement - batch = com.kms.katalon.core.webui.keyword.WebUiBuiltInKeywords.modifyObjectProperty(batch, "xpath", "equals", "//*[@id = "txtbthqty" + row + ""]", true): Modify property of object successfully

2018-05-31 14:26:20 - [MESSAGE][PASSED] - Modify property of object successfully

2018-05-31 14:26:20 - [TEST_STEP][PASSED] - Statement - batchqty = com.kms.katalon.core.webui.keyword.WebUiBuiltInKeywords.getAttribute(batch, "value").trim(): Attribute 'value' of object '' is: '200'

2018-05-31 14:26:20 - [MESSAGE][PASSED] - Attribute 'value' of object '' is: '200'

2018-05-31 14:26:20 - [TEST_STEP][PASSED] - Statement - Rqty = 100: null

2018-05-31 14:26:20 - [TEST_STEP][PASSED] - Statement - out.println("BatchQty : " + batchqty): null

2018-05-31 14:26:20 - [TEST_STEP][PASSED] - Statement - out.println("RQty : " + Rqty): null

2018-05-31 14:26:20 - [TEST_STEP][PASSED] - Statement - If (java.lang.Integer.valueOf(batchqty) >= java.lang.Integer.valueOf(Rqty)): null

2018-05-31 14:26:20 - [TEST_STEP][PASSED] - Statement - Break: null

2018-05-31 14:26:20 - [TEST_STEP][PASSED] - Statement - batchlength = new com.kms.katalon.core.testobject.TestObject(): null

2018-05-31 14:26:20 - [TEST_STEP][PASSED] - Statement - batchlength = com.kms.katalon.core.webui.keyword.WebUiBuiltInKeywords.modifyObjectProperty(batchlength, "xpath", "equals", "//*[@id = "fldvendor" + row + ""]", true): Modify property of object successfully

2018-05-31 14:26:20 - [MESSAGE][PASSED] - Modify property of object successfully

2018-05-31 14:26:20 - [TEST_STEP][PASSED] - Statement - batchsize = com.kms.katalon.core.webui.keyword.WebUiBuiltInKeywords.getNumberOfTotalOption(batchlength): 8 options of object '' counted

2018-05-31 14:26:20 - [MESSAGE][PASSED] - 8 options of object '' counted

2018-05-31 14:26:20 - [TEST_STEP][PASSED] - Statement - out.println("BatchSize : " + batchsize): null

2018-05-31 14:26:20 - [TEST_STEP][PASSED] - Statement - For ([n = 1, n <= batchsize - 1, (n++)]): null

2018-05-31 14:26:20 - [TEST_STEP][PASSED] - Statement - product = new com.kms.katalon.core.testobject.TestObject(): null

2018-05-31 14:26:20 - [TEST_STEP][PASSED] - Statement - product = com.kms.katalon.core.webui.keyword.WebUiBuiltInKeywords.modifyObjectProperty(product, "xpath", "equals", "//*[@id = "fldvendor" + row + ""]", true): Modify property of object successfully

2018-05-31 14:26:20 - [MESSAGE][PASSED] - Modify property of object successfully

2018-05-31 14:26:20 - [TEST_STEP][PASSED] - selectOptionByIndex: All options with index in [1] are selected on object ''

2018-05-31 14:26:20 - [MESSAGE][PASSED] - All options with index in [1] are selected on object ''

2018-05-31 14:26:20 - [TEST_STEP][PASSED] - delay: Delayed 2 second(s)

2018-05-31 14:26:22 - [MESSAGE][PASSED] - Delayed 2 second(s)

2018-05-31 14:26:22 - [TEST_STEP][PASSED] - Statement - batch = new com.kms.katalon.core.testobject.TestObject(): null

2018-05-31 14:26:22 - [TEST_STEP][PASSED] - Statement - batch = com.kms.katalon.core.webui.keyword.WebUiBuiltInKeywords.modifyObjectProperty(batch, "xpath", "equals", "//*[@id = "txtbthqty" + row + ""]", true): Modify property of object successfully

2018-05-31 14:26:22 - [MESSAGE][PASSED] - Modify property of object successfully

2018-05-31 14:26:22 - [TEST_STEP][PASSED] - Statement - batchqty = com.kms.katalon.core.webui.keyword.WebUiBuiltInKeywords.getAttribute(batch, "value").trim(): Attribute 'value' of object '' is: '4800'

2018-05-31 14:26:22 - [MESSAGE][PASSED] - Attribute 'value' of object '' is: '4800'

2018-05-31 14:26:22 - [TEST_STEP][PASSED] - Statement - Rqty = 100: null

2018-05-31 14:26:22 - [TEST_STEP][PASSED] - Statement - out.println("BatchQty : " + batchqty): null

2018-05-31 14:26:22 - [TEST_STEP][PASSED] - Statement - out.println("RQty : " + Rqty): null

2018-05-31 14:26:22 - [TEST_STEP][PASSED] - Statement - If (java.lang.Integer.valueOf(batchqty) >= java.lang.Integer.valueOf(Rqty)): null

2018-05-31 14:26:22 - [TEST_STEP][PASSED] - Statement - Break: null

2018-05-31 14:26:22 - [TEST_STEP][PASSED] - Statement - batchlength = new com.kms.katalon.core.testobject.TestObject(): null

2018-05-31 14:26:22 - [TEST_STEP][PASSED] - Statement - batchlength = com.kms.katalon.core.webui.keyword.WebUiBuiltInKeywords.modifyObjectProperty(batchlength, "xpath", "equals", "//*[@id = "fldvendor" + row + ""]", true): Modify property of object successfully

2018-05-31 14:26:22 - [MESSAGE][PASSED] - Modify property of object successfully

2018-05-31 14:26:22 - [TEST_STEP][PASSED] - Statement - batchsize = com.kms.katalon.core.webui.keyword.WebUiBuiltInKeywords.getNumberOfTotalOption(batchlength): 8 options of object '' counted

2018-05-31 14:26:22 - [MESSAGE][PASSED] - 8 options of object '' counted

2018-05-31 14:26:22 - [TEST_STEP][PASSED] - Statement - out.println("BatchSize : " + batchsize): null

2018-05-31 14:26:22 - [TEST_STEP][PASSED] - Statement - For ([n = 1, n <= batchsize - 1, (n++)]): null

2018-05-31 14:26:22 - [TEST_STEP][PASSED] - Statement - product = new com.kms.katalon.core.testobject.TestObject(): null

2018-05-31 14:26:22 - [TEST_STEP][PASSED] - Statement - product = com.kms.katalon.core.webui.keyword.WebUiBuiltInKeywords.modifyObjectProperty(product, "xpath", "equals", "//*[@id = "fldvendor" + row + ""]", true): Modify property of object successfully

2018-05-31 14:26:22 - [MESSAGE][PASSED] - Modify property of object successfully

2018-05-31 14:26:22 - [TEST_STEP][PASSED] - selectOptionByIndex: All options with index in [1] are selected on object ''

2018-05-31 14:26:22 - [MESSAGE][PASSED] - All options with index in [1] are selected on object ''

2018-05-31 14:26:22 - [TEST_STEP][PASSED] - delay: Delayed 2 second(s)

2018-05-31 14:26:24 - [MESSAGE][PASSED] - Delayed 2 second(s)

2018-05-31 14:26:24 - [TEST_STEP][PASSED] - Statement - batch = new com.kms.katalon.core.testobject.TestObject(): null

2018-05-31 14:26:24 - [TEST_STEP][PASSED] - Statement - batch = com.kms.katalon.core.webui.keyword.WebUiBuiltInKeywords.modifyObjectProperty(batch, "xpath", "equals", "//*[@id = "txtbthqty" + row + ""]", true): Modify property of object successfully

2018-05-31 14:26:24 - [MESSAGE][PASSED] - Modify property of object successfully

2018-05-31 14:26:24 - [TEST_STEP][PASSED] - Statement - batchqty = com.kms.katalon.core.webui.keyword.WebUiBuiltInKeywords.getAttribute(batch, "value").trim(): Attribute 'value' of object '' is: '4800'

2018-05-31 14:26:24 - [MESSAGE][PASSED] - Attribute 'value' of object '' is: '4800'

2018-05-31 14:26:24 - [TEST_STEP][PASSED] - Statement - Rqty = 100: null

2018-05-31 14:26:24 - [TEST_STEP][PASSED] - Statement - out.println("BatchQty : " + batchqty): null

2018-05-31 14:26:24 - [TEST_STEP][PASSED] - Statement - out.println("RQty : " + Rqty): null

2018-05-31 14:26:24 - [TEST_STEP][PASSED] - Statement - If (java.lang.Integer.valueOf(batchqty) >= java.lang.Integer.valueOf(Rqty)): null

2018-05-31 14:26:24 - [TEST_STEP][PASSED] - Statement - Break: null

2018-05-31 14:26:24 - [TEST_STEP][PASSED] - Statement - batchlength = new com.kms.katalon.core.testobject.TestObject(): null

2018-05-31 14:26:24 - [TEST_STEP][PASSED] - Statement - batchlength = com.kms.katalon.core.webui.keyword.WebUiBuiltInKeywords.modifyObjectProperty(batchlength, "xpath", "equals", "//*[@id = "fldvendor" + row + ""]", true): Modify property of object successfully

2018-05-31 14:26:24 - [MESSAGE][PASSED] - Modify property of object successfully

2018-05-31 14:26:24 - [TEST_STEP][PASSED] - Statement - batchsize = com.kms.katalon.core.webui.keyword.WebUiBuiltInKeywords.getNumberOfTotalOption(batchlength): 8 options of object '' counted

2018-05-31 14:26:24 - [MESSAGE][PASSED] - 8 options of object '' counted

2018-05-31 14:26:24 - [TEST_STEP][PASSED] - Statement - out.println("BatchSize : " + batchsize): null

2018-05-31 14:26:24 - [TEST_STEP][PASSED] - Statement - For ([n = 1, n <= batchsize - 1, (n++)]): null

2018-05-31 14:26:24 - [TEST_STEP][PASSED] - Statement - product = new com.kms.katalon.core.testobject.TestObject(): null

2018-05-31 14:26:24 - [TEST_STEP][PASSED] - Statement - product = com.kms.katalon.core.webui.keyword.WebUiBuiltInKeywords.modifyObjectProperty(product, "xpath", "equals", "//*[@id = "fldvendor" + row + ""]", true): Modify property of object successfully

2018-05-31 14:26:24 - [MESSAGE][PASSED] - Modify property of object successfully

2018-05-31 14:26:24 - [TEST_STEP][PASSED] - selectOptionByIndex: All options with index in [1] are selected on object ''

2018-05-31 14:26:25 - [MESSAGE][PASSED] - All options with index in [1] are selected on object ''

2018-05-31 14:26:25 - [TEST_STEP][PASSED] - delay: Delayed 2 second(s)

2018-05-31 14:26:27 - [MESSAGE][PASSED] - Delayed 2 second(s)

2018-05-31 14:26:27 - [TEST_STEP][PASSED] - Statement - batch = new com.kms.katalon.core.testobject.TestObject(): null

2018-05-31 14:26:27 - [TEST_STEP][PASSED] - Statement - batch = com.kms.katalon.core.webui.keyword.WebUiBuiltInKeywords.modifyObjectProperty(batch, "xpath", "equals", "//*[@id = "txtbthqty" + row + ""]", true): Modify property of object successfully

2018-05-31 14:26:27 - [MESSAGE][PASSED] - Modify property of object successfully

2018-05-31 14:26:27 - [TEST_STEP][PASSED] - Statement - batchqty = com.kms.katalon.core.webui.keyword.WebUiBuiltInKeywords.getAttribute(batch, "value").trim(): Attribute 'value' of object '' is: '4800'

2018-05-31 14:26:27 - [MESSAGE][PASSED] - Attribute 'value' of object '' is: '4800'

2018-05-31 14:26:27 - [TEST_STEP][PASSED] - Statement - Rqty = 100: null

2018-05-31 14:26:27 - [TEST_STEP][PASSED] - Statement - out.println("BatchQty : " + batchqty): null

2018-05-31 14:26:27 - [TEST_STEP][PASSED] - Statement - out.println("RQty : " + Rqty): null

2018-05-31 14:26:27 - [TEST_STEP][PASSED] - Statement - If (java.lang.Integer.valueOf(batchqty) >= java.lang.Integer.valueOf(Rqty)): null

2018-05-31 14:26:27 - [TEST_STEP][PASSED] - Statement - Break: null

2018-05-31 14:26:27 - [TEST_STEP][PASSED] - Statement - batchlength = new com.kms.katalon.core.testobject.TestObject(): null

2018-05-31 14:26:27 - [TEST_STEP][PASSED] - Statement - batchlength = com.kms.katalon.core.webui.keyword.WebUiBuiltInKeywords.modifyObjectProperty(batchlength, "xpath", "equals", "//*[@id = "fldvendor" + row + ""]", true): Modify property of object successfully

2018-05-31 14:26:27 - [MESSAGE][PASSED] - Modify property of object successfully

2018-05-31 14:26:27 - [TEST_STEP][PASSED] - Statement - batchsize = com.kms.katalon.core.webui.keyword.WebUiBuiltInKeywords.getNumberOfTotalOption(batchlength): 6 options of object '' counted

2018-05-31 14:26:27 - [MESSAGE][PASSED] - 6 options of object '' counted

2018-05-31 14:26:27 - [TEST_STEP][PASSED] - Statement - out.println("BatchSize : " + batchsize): null

2018-05-31 14:26:27 - [TEST_STEP][PASSED] - Statement - For ([n = 1, n <= batchsize - 1, (n++)]): null

2018-05-31 14:26:27 - [TEST_STEP][PASSED] - Statement - product = new com.kms.katalon.core.testobject.TestObject(): null

2018-05-31 14:26:27 - [TEST_STEP][PASSED] - Statement - product = com.kms.katalon.core.webui.keyword.WebUiBuiltInKeywords.modifyObjectProperty(product, "xpath", "equals", "//*[@id = "fldvendor" + row + ""]", true): Modify property of object successfully

2018-05-31 14:26:27 - [MESSAGE][PASSED] - Modify property of object successfully

2018-05-31 14:26:27 - [TEST_STEP][PASSED] - selectOptionByIndex: All options with index in [1] are selected on object ''

2018-05-31 14:26:27 - [MESSAGE][PASSED] - All options with index in [1] are selected on object ''

2018-05-31 14:26:27 - [TEST_STEP][PASSED] - delay: Delayed 2 second(s)

2018-05-31 14:26:29 - [MESSAGE][PASSED] - Delayed 2 second(s)

2018-05-31 14:26:29 - [TEST_STEP][PASSED] - Statement - batch = new com.kms.katalon.core.testobject.TestObject(): null

2018-05-31 14:26:29 - [TEST_STEP][PASSED] - Statement - batch = com.kms.katalon.core.webui.keyword.WebUiBuiltInKeywords.modifyObjectProperty(batch, "xpath", "equals", "//*[@id = "txtbthqty" + row + ""]", true): Modify property of object successfully

2018-05-31 14:26:29 - [MESSAGE][PASSED] - Modify property of object successfully

2018-05-31 14:26:29 - [TEST_STEP][PASSED] - Statement - batchqty = com.kms.katalon.core.webui.keyword.WebUiBuiltInKeywords.getAttribute(batch, "value").trim(): Attribute 'value' of object '' is: '5000'

2018-05-31 14:26:29 - [MESSAGE][PASSED] - Attribute 'value' of object '' is: '5000'

2018-05-31 14:26:29 - [TEST_STEP][PASSED] - Statement - Rqty = 100: null

2018-05-31 14:26:29 - [TEST_STEP][PASSED] - Statement - out.println("BatchQty : " + batchqty): null

2018-05-31 14:26:29 - [TEST_STEP][PASSED] - Statement - out.println("RQty : " + Rqty): null

2018-05-31 14:26:29 - [TEST_STEP][PASSED] - Statement - If (java.lang.Integer.valueOf(batchqty) >= java.lang.Integer.valueOf(Rqty)): null

2018-05-31 14:26:29 - [TEST_STEP][PASSED] - Statement - Break: null

2018-05-31 14:26:29 - [TEST_STEP][PASSED] - Statement - batchlength = new com.kms.katalon.core.testobject.TestObject(): null

2018-05-31 14:26:29 - [TEST_STEP][PASSED] - Statement - batchlength = com.kms.katalon.core.webui.keyword.WebUiBuiltInKeywords.modifyObjectProperty(batchlength, "xpath", "equals", "//*[@id = "fldvendor" + row + ""]", true): Modify property of object successfully

2018-05-31 14:26:29 - [MESSAGE][PASSED] - Modify property of object successfully

2018-05-31 14:26:29 - [TEST_STEP][PASSED] - Statement - batchsize = com.kms.katalon.core.webui.keyword.WebUiBuiltInKeywords.getNumberOfTotalOption(batchlength): 8 options of object '' counted

2018-05-31 14:26:29 - [MESSAGE][PASSED] - 8 options of object '' counted

2018-05-31 14:26:29 - [TEST_STEP][PASSED] - Statement - out.println("BatchSize : " + batchsize): null

2018-05-31 14:26:29 - [TEST_STEP][PASSED] - Statement - For ([n = 1, n <= batchsize - 1, (n++)]): null

2018-05-31 14:26:29 - [TEST_STEP][PASSED] - Statement - product = new com.kms.katalon.core.testobject.TestObject(): null

2018-05-31 14:26:29 - [TEST_STEP][PASSED] - Statement - product = com.kms.katalon.core.webui.keyword.WebUiBuiltInKeywords.modifyObjectProperty(product, "xpath", "equals", "//*[@id = "fldvendor" + row + ""]", true): Modify property of object successfully

2018-05-31 14:26:29 - [MESSAGE][PASSED] - Modify property of object successfully

2018-05-31 14:26:29 - [TEST_STEP][PASSED] - selectOptionByIndex: All options with index in [1] are selected on object ''

2018-05-31 14:26:29 - [MESSAGE][PASSED] - All options with index in [1] are selected on object ''

2018-05-31 14:26:29 - [TEST_STEP][PASSED] - delay: Delayed 2 second(s)

2018-05-31 14:26:31 - [MESSAGE][PASSED] - Delayed 2 second(s)

2018-05-31 14:26:31 - [TEST_STEP][PASSED] - Statement - batch = new com.kms.katalon.core.testobject.TestObject(): null

2018-05-31 14:26:31 - [TEST_STEP][PASSED] - Statement - batch = com.kms.katalon.core.webui.keyword.WebUiBuiltInKeywords.modifyObjectProperty(batch, "xpath", "equals", "//*[@id = "txtbthqty" + row + ""]", true): Modify property of object successfully

2018-05-31 14:26:31 - [MESSAGE][PASSED] - Modify property of object successfully

2018-05-31 14:26:31 - [TEST_STEP][PASSED] - Statement - batchqty = com.kms.katalon.core.webui.keyword.WebUiBuiltInKeywords.getAttribute(batch, "value").trim(): Attribute 'value' of object '' is: '5000'

2018-05-31 14:26:31 - [MESSAGE][PASSED] - Attribute 'value' of object '' is: '5000'

2018-05-31 14:26:31 - [TEST_STEP][PASSED] - Statement - Rqty = 100: null

2018-05-31 14:26:31 - [TEST_STEP][PASSED] - Statement - out.println("BatchQty : " + batchqty): null

2018-05-31 14:26:31 - [TEST_STEP][PASSED] - Statement - out.println("RQty : " + Rqty): null

2018-05-31 14:26:31 - [TEST_STEP][PASSED] - Statement - If (java.lang.Integer.valueOf(batchqty) >= java.lang.Integer.valueOf(Rqty)): null

2018-05-31 14:26:31 - [TEST_STEP][PASSED] - Statement - Break: null

2018-05-31 14:26:31 - [TEST_STEP][PASSED] - Statement - batchlength = new com.kms.katalon.core.testobject.TestObject(): null

2018-05-31 14:26:31 - [TEST_STEP][PASSED] - Statement - batchlength = com.kms.katalon.core.webui.keyword.WebUiBuiltInKeywords.modifyObjectProperty(batchlength, "xpath", "equals", "//*[@id = "fldvendor" + row + ""]", true): Modify property of object successfully

2018-05-31 14:26:31 - [MESSAGE][PASSED] - Modify property of object successfully

2018-05-31 14:26:31 - [TEST_STEP][PASSED] - Statement - batchsize = com.kms.katalon.core.webui.keyword.WebUiBuiltInKeywords.getNumberOfTotalOption(batchlength): 8 options of object '' counted

2018-05-31 14:26:31 - [MESSAGE][PASSED] - 8 options of object '' counted

2018-05-31 14:26:31 - [TEST_STEP][PASSED] - Statement - out.println("BatchSize : " + batchsize): null

2018-05-31 14:26:31 - [TEST_STEP][PASSED] - Statement - For ([n = 1, n <= batchsize - 1, (n++)]): null

2018-05-31 14:26:31 - [TEST_STEP][PASSED] - Statement - product = new com.kms.katalon.core.testobject.TestObject(): null

2018-05-31 14:26:31 - [TEST_STEP][PASSED] - Statement - product = com.kms.katalon.core.webui.keyword.WebUiBuiltInKeywords.modifyObjectProperty(product, "xpath", "equals", "//*[@id = "fldvendor" + row + ""]", true): Modify property of object successfully

2018-05-31 14:26:31 - [MESSAGE][PASSED] - Modify property of object successfully

2018-05-31 14:26:31 - [TEST_STEP][PASSED] - selectOptionByIndex: All options with index in [1] are selected on object ''

2018-05-31 14:26:32 - [MESSAGE][PASSED] - All options with index in [1] are selected on object ''

2018-05-31 14:26:32 - [TEST_STEP][PASSED] - delay: Delayed 2 second(s)

2018-05-31 14:26:34 - [MESSAGE][PASSED] - Delayed 2 second(s)

2018-05-31 14:26:34 - [TEST_STEP][PASSED] - Statement - batch = new com.kms.katalon.core.testobject.TestObject(): null

2018-05-31 14:26:34 - [TEST_STEP][PASSED] - Statement - batch = com.kms.katalon.core.webui.keyword.WebUiBuiltInKeywords.modifyObjectProperty(batch, "xpath", "equals", "//*[@id = "txtbthqty" + row + ""]", true): Modify property of object successfully

2018-05-31 14:26:34 - [MESSAGE][PASSED] - Modify property of object successfully

2018-05-31 14:26:34 - [TEST_STEP][PASSED] - Statement - batchqty = com.kms.katalon.core.webui.keyword.WebUiBuiltInKeywords.getAttribute(batch, "value").trim(): Attribute 'value' of object '' is: '4800'

2018-05-31 14:26:34 - [MESSAGE][PASSED] - Attribute 'value' of object '' is: '4800'

2018-05-31 14:26:34 - [TEST_STEP][PASSED] - Statement - Rqty = 100: null

2018-05-31 14:26:34 - [TEST_STEP][PASSED] - Statement - out.println("BatchQty : " + batchqty): null

2018-05-31 14:26:34 - [TEST_STEP][PASSED] - Statement - out.println("RQty : " + Rqty): null

2018-05-31 14:26:34 - [TEST_STEP][PASSED] - Statement - If (java.lang.Integer.valueOf(batchqty) >= java.lang.Integer.valueOf(Rqty)): null

2018-05-31 14:26:34 - [TEST_STEP][PASSED] - Statement - Break: null

2018-05-31 14:26:34 - [TEST_STEP][PASSED] - Statement - batchlength = new com.kms.katalon.core.testobject.TestObject(): null

2018-05-31 14:26:34 - [TEST_STEP][PASSED] - Statement - batchlength = com.kms.katalon.core.webui.keyword.WebUiBuiltInKeywords.modifyObjectProperty(batchlength, "xpath", "equals", "//*[@id = "fldvendor" + row + ""]", true): Modify property of object successfully

2018-05-31 14:26:34 - [MESSAGE][PASSED] - Modify property of object successfully

2018-05-31 14:26:34 - [TEST_STEP][PASSED] - Statement - batchsize = com.kms.katalon.core.webui.keyword.WebUiBuiltInKeywords.getNumberOfTotalOption(batchlength): 8 options of object '' counted

2018-05-31 14:26:34 - [MESSAGE][PASSED] - 8 options of object '' counted

2018-05-31 14:26:34 - [TEST_STEP][PASSED] - Statement - out.println("BatchSize : " + batchsize): null

2018-05-31 14:26:34 - [TEST_STEP][PASSED] - Statement - For ([n = 1, n <= batchsize - 1, (n++)]): null

2018-05-31 14:26:34 - [TEST_STEP][PASSED] - Statement - product = new com.kms.katalon.core.testobject.TestObject(): null

2018-05-31 14:26:34 - [TEST_STEP][PASSED] - Statement - product = com.kms.katalon.core.webui.keyword.WebUiBuiltInKeywords.modifyObjectProperty(product, "xpath", "equals", "//*[@id = "fldvendor" + row + ""]", true): Modify property of object successfully

2018-05-31 14:26:34 - [MESSAGE][PASSED] - Modify property of object successfully

2018-05-31 14:26:34 - [TEST_STEP][PASSED] - selectOptionByIndex: All options with index in [1] are selected on object ''

2018-05-31 14:26:34 - [MESSAGE][PASSED] - All options with index in [1] are selected on object ''

2018-05-31 14:26:34 - [TEST_STEP][PASSED] - delay: Delayed 2 second(s)

2018-05-31 14:26:36 - [MESSAGE][PASSED] - Delayed 2 second(s)

2018-05-31 14:26:36 - [TEST_STEP][PASSED] - Statement - batch = new com.kms.katalon.core.testobject.TestObject(): null

2018-05-31 14:26:36 - [TEST_STEP][PASSED] - Statement - batch = com.kms.katalon.core.webui.keyword.WebUiBuiltInKeywords.modifyObjectProperty(batch, "xpath", "equals", "//*[@id = "txtbthqty" + row + ""]", true): Modify property of object successfully

2018-05-31 14:26:36 - [MESSAGE][PASSED] - Modify property of object successfully

2018-05-31 14:26:36 - [TEST_STEP][PASSED] - Statement - batchqty = com.kms.katalon.core.webui.keyword.WebUiBuiltInKeywords.getAttribute(batch, "value").trim(): Attribute 'value' of object '' is: '4800'

2018-05-31 14:26:36 - [MESSAGE][PASSED] - Attribute 'value' of object '' is: '4800'

2018-05-31 14:26:36 - [TEST_STEP][PASSED] - Statement - Rqty = 100: null

2018-05-31 14:26:36 - [TEST_STEP][PASSED] - Statement - out.println("BatchQty : " + batchqty): null

2018-05-31 14:26:36 - [TEST_STEP][PASSED] - Statement - out.println("RQty : " + Rqty): null

2018-05-31 14:26:36 - [TEST_STEP][PASSED] - Statement - If (java.lang.Integer.valueOf(batchqty) >= java.lang.Integer.valueOf(Rqty)): null

2018-05-31 14:26:36 - [TEST_STEP][PASSED] - Statement - Break: null

2018-05-31 14:26:36 - [TEST_STEP][PASSED] - delay: Delayed 2 second(s)

2018-05-31 14:26:38 - [MESSAGE][PASSED] - Delayed 2 second(s)

2018-05-31 14:26:38 - [TEST_STEP][PASSED] - click: Object: 'Object Repository/DispensaryToCms/Page_KDMC - CMS/input_btndispatch' is clicked on

2018-05-31 14:26:39 - [MESSAGE][PASSED] - Object: 'Object Repository/DispensaryToCms/Page_KDMC - CMS/input_btndispatch' is clicked on

2018-05-31 14:26:39 - [TEST_STEP][PASSED] - delay: Delayed 3 second(s)

2018-05-31 14:26:42 - [MESSAGE][PASSED] - Delayed 3 second(s)

2018-05-31 14:26:42 - [TEST_STEP][FAILED] - click: Unable to click on object 'Object Repository/DispensaryToCms/Page_KDMC - CMS/button_OK' (Root cause: org.openqa.selenium.ElementNotVisibleException: element not visible
  (Session info: chrome=66.0.3359.181)
  (Driver info: chromedriver=2.35.528161 (5b82f2d2aae0ca24b877009200ced9065a772e73),platform=Windows NT 10.0.17134 x86_64) (WARNING: The server did not provide any stacktrace information)
Command duration or timeout: 0 milliseconds
Build info: version: '3.7.1', revision: '8a0099a', time: '2017-11-06T21:07:36.161Z'
System info: host: 'DESKTOP-BLFTK83', ip: '169.254.189.85', os.name: 'Windows 10', os.arch: 'amd64', os.version: '10.0', java.version: '1.8.0_102'
Driver info: com.kms.katalon.selenium.driver.CChromeDriver
Capabilities {acceptInsecureCerts: false, acceptSslCerts: false, applicationCacheEnabled: false, browserConnectionEnabled: false, browserName: chrome, chrome: {chromedriverVersion: 2.35.528161 (5b82f2d2aae0ca..., userDataDir: C:\Users\QUALIT~1\AppData\L...}, cssSelectorsEnabled: true, databaseEnabled: false, handlesAlerts: true, hasTouchScreen: false, javascriptEnabled: true, locationContextEnabled: true, mobileEmulationEnabled: false, nativeEvents: true, networkConnectionEnabled: false, pageLoadStrategy: normal, platform: XP, platformName: XP, rotatable: false, setWindowRect: true, takesHeapSnapshot: true, takesScreenshot: true, unexpectedAlertBehaviour: , unhandledPromptBehavior: , version: 66.0.3359.181, webStorageEnabled: true}
Session ID: 052058f8e07506f8cefd8ff73ffe9246)

2018-05-31 14:26:43 - [MESSAGE][FAILED] - Unable to click on object 'Object Repository/DispensaryToCms/Page_KDMC - CMS/button_OK' (Root cause: org.openqa.selenium.ElementNotVisibleException: element not visible
  (Session info: chrome=66.0.3359.181)
  (Driver info: chromedriver=2.35.528161 (5b82f2d2aae0ca24b877009200ced9065a772e73),platform=Windows NT 10.0.17134 x86_64) (WARNING: The server did not provide any stacktrace information)
Command duration or timeout: 0 milliseconds
Build info: version: '3.7.1', revision: '8a0099a', time: '2017-11-06T21:07:36.161Z'
System info: host: 'DESKTOP-BLFTK83', ip: '169.254.189.85', os.name: 'Windows 10', os.arch: 'amd64', os.version: '10.0', java.version: '1.8.0_102'
Driver info: com.kms.katalon.selenium.driver.CChromeDriver
Capabilities {acceptInsecureCerts: false, acceptSslCerts: false, applicationCacheEnabled: false, browserConnectionEnabled: false, browserName: chrome, chrome: {chromedriverVersion: 2.35.528161 (5b82f2d2aae0ca..., userDataDir: C:\Users\QUALIT~1\AppData\L...}, cssSelectorsEnabled: true, databaseEnabled: false, handlesAlerts: true, hasTouchScreen: false, javascriptEnabled: true, locationContextEnabled: true, mobileEmulationEnabled: false, nativeEvents: true, networkConnectionEnabled: false, pageLoadStrategy: normal, platform: XP, platformName: XP, rotatable: false, setWindowRect: true, takesHeapSnapshot: true, takesScreenshot: true, unexpectedAlertBehaviour: , unhandledPromptBehavior: , version: 66.0.3359.181, webStorageEnabled: true}
Session ID: 052058f8e07506f8cefd8ff73ffe9246)
[[ATTACHMENT|C:\\Users\\Quality Analyst\\Katalon Studio\\ds\\Reports\\Dispensary_Cms_Suite\\20180531_134142\\1527757002825.png]]]]></system-out>
         <system-err><![CDATA[2018-05-31 14:18:06 - [TEST_CASE][FAILED] - Test Cases/DISPENSARY TEST CASES/TC_DP_023 Verify Schedule 11 Dispensary To CMS Request Are Working Successfully Or Not: Test Cases/DISPENSARY TEST CASES/TC_DP_023 Verify Schedule 11 Dispensary To CMS Request Are Working Successfully Or Not FAILED because (of) Unable to click on object 'Object Repository/DispensaryToCms/Page_KDMC - CMS/button_OK' (Root cause: org.openqa.selenium.ElementNotVisibleException: element not visible
  (Session info: chrome=66.0.3359.181)
  (Driver info: chromedriver=2.35.528161 (5b82f2d2aae0ca24b877009200ced9065a772e73),platform=Windows NT 10.0.17134 x86_64) (WARNING: The server did not provide any stacktrace information)
Command duration or timeout: 0 milliseconds
Build info: version: '3.7.1', revision: '8a0099a', time: '2017-11-06T21:07:36.161Z'
System info: host: 'DESKTOP-BLFTK83', ip: '169.254.189.85', os.name: 'Windows 10', os.arch: 'amd64', os.version: '10.0', java.version: '1.8.0_102'
Driver info: com.kms.katalon.selenium.driver.CChromeDriver
Capabilities {acceptInsecureCerts: false, acceptSslCerts: false, applicationCacheEnabled: false, browserConnectionEnabled: false, browserName: chrome, chrome: {chromedriverVersion: 2.35.528161 (5b82f2d2aae0ca..., userDataDir: C:\Users\QUALIT~1\AppData\L...}, cssSelectorsEnabled: true, databaseEnabled: false, handlesAlerts: true, hasTouchScreen: false, javascriptEnabled: true, locationContextEnabled: true, mobileEmulationEnabled: false, nativeEvents: true, networkConnectionEnabled: false, pageLoadStrategy: normal, platform: XP, platformName: XP, rotatable: false, setWindowRect: true, takesHeapSnapshot: true, takesScreenshot: true, unexpectedAlertBehaviour: , unhandledPromptBehavior: , version: 66.0.3359.181, webStorageEnabled: true}
Session ID: 052058f8e07506f8cefd8ff73ffe9246)]]></system-err>
      </testcase>
      <testcase name="Test Cases/DISPENSARY TEST CASES/TC_DP_024 Verify Schedule 12 Dispensary To CMS Request Are Working Successfully Or Not" classname="Test Cases/DISPENSARY TEST CASES/TC_DP_024 Verify Schedule 12 Dispensary To CMS Request Are Working Successfully Or Not" status="PASSED">
         <system-out><![CDATA[2018-05-31 14:26:43 - [TEST_CASE][PASSED] - Test Cases/DISPENSARY TEST CASES/TC_DP_024 Verify Schedule 12 Dispensary To CMS Request Are Working Successfully Or Not: Test Cases/DISPENSARY TEST CASES/TC_DP_024 Verify Schedule 12 Dispensary To CMS Request Are Working Successfully Or Not

2018-05-31 14:26:43 - [TEST_STEP][PASSED] - openBrowser: Browser is opened with url: ''

2018-05-31 14:26:43 - [MESSAGE][WARNING] - A browser is already opened. Closing browser and opening a new one

2018-05-31 14:26:46 - [MESSAGE][PASSED] - Browser is opened with url: ''

2018-05-31 14:26:46 - [TEST_STEP][PASSED] - navigateToUrl: Navigate to 'http://192.168.137.1/multihospital_new/HDSplashscreen.aspx' successfully

2018-05-31 14:26:49 - [MESSAGE][PASSED] - Navigate to 'http://192.168.137.1/multihospital_new/HDSplashscreen.aspx' successfully

2018-05-31 14:26:49 - [TEST_STEP][PASSED] - maximizeWindow: Current window maximized

2018-05-31 14:26:50 - [MESSAGE][PASSED] - Current window maximized

2018-05-31 14:26:50 - [TEST_STEP][PASSED] - click: Object: 'Object Repository/DispensaryToCms/Page_KDMC/a_Dispensary Store' is clicked on

2018-05-31 14:26:51 - [MESSAGE][PASSED] - Object: 'Object Repository/DispensaryToCms/Page_KDMC/a_Dispensary Store' is clicked on

2018-05-31 14:26:51 - [TEST_STEP][PASSED] - setText: Text 'rajaram' is set on object 'Object Repository/DispensaryToCms/Page_Dispensary Store Login/input_txtusername'

2018-05-31 14:26:51 - [MESSAGE][PASSED] - Text 'rajaram' is set on object 'Object Repository/DispensaryToCms/Page_Dispensary Store Login/input_txtusername'

2018-05-31 14:26:51 - [TEST_STEP][PASSED] - setText: Text '123' is set on object 'Object Repository/DispensaryToCms/Page_Dispensary Store Login/input_txtpassword'

2018-05-31 14:26:51 - [MESSAGE][PASSED] - Text '123' is set on object 'Object Repository/DispensaryToCms/Page_Dispensary Store Login/input_txtpassword'

2018-05-31 14:26:51 - [TEST_STEP][PASSED] - delay: Delayed 3 second(s)

2018-05-31 14:26:54 - [MESSAGE][PASSED] - Delayed 3 second(s)

2018-05-31 14:26:54 - [TEST_STEP][PASSED] - click: Object: 'Object Repository/DispensaryToCms/Page_Dispensary Store Login/button_Sign in' is clicked on

2018-05-31 14:26:55 - [MESSAGE][PASSED] - Object: 'Object Repository/DispensaryToCms/Page_Dispensary Store Login/button_Sign in' is clicked on

2018-05-31 14:26:55 - [TEST_STEP][PASSED] - delay: Delayed 3 second(s)

2018-05-31 14:26:58 - [MESSAGE][PASSED] - Delayed 3 second(s)

2018-05-31 14:26:58 - [TEST_STEP][PASSED] - click: Object: 'Object Repository/DispensaryToCms/Page_Dispensary Store/a_CMS' is clicked on

2018-05-31 14:26:58 - [MESSAGE][PASSED] - Object: 'Object Repository/DispensaryToCms/Page_Dispensary Store/a_CMS' is clicked on

2018-05-31 14:26:58 - [TEST_STEP][PASSED] - click: Object: 'Object Repository/DispensaryToCms/Page_Dispensary Store/a_Request Send' is clicked on

2018-05-31 14:26:59 - [MESSAGE][PASSED] - Object: 'Object Repository/DispensaryToCms/Page_Dispensary Store/a_Request Send' is clicked on

2018-05-31 14:26:59 - [TEST_STEP][PASSED] - delay: Delayed 2 second(s)

2018-05-31 14:27:01 - [MESSAGE][PASSED] - Delayed 2 second(s)

2018-05-31 14:27:01 - [TEST_STEP][PASSED] - selectOptionByIndex: All options with index in [2] are selected on object 'Object Repository/DispensaryToCms/Page_Dispensary Store/select_--Select--'

2018-05-31 14:27:01 - [MESSAGE][PASSED] - All options with index in [2] are selected on object 'Object Repository/DispensaryToCms/Page_Dispensary Store/select_--Select--'

2018-05-31 14:27:01 - [TEST_STEP][PASSED] - selectOptionByIndex: All options with index in [12] are selected on object 'Object Repository/DispensaryToCms/Page_Dispensary Store/select_--Select--Schedule 1Inj'

2018-05-31 14:27:01 - [MESSAGE][PASSED] - All options with index in [12] are selected on object 'Object Repository/DispensaryToCms/Page_Dispensary Store/select_--Select--Schedule 1Inj'

2018-05-31 14:27:01 - [TEST_STEP][PASSED] - Statement - medicineslength = com.kms.katalon.core.webui.keyword.WebUiBuiltInKeywords.getNumberOfTotalOption(com.kms.katalon.core.testobject.ObjectRepository.findTestObject(DispensaryToCms/Page_Dispensary Store/select_--Select--Adernaline 0.)): 19 options of object 'Object Repository/DispensaryToCms/Page_Dispensary Store/select_--Select--Adernaline 0.' counted

2018-05-31 14:27:01 - [MESSAGE][PASSED] - 19 options of object 'Object Repository/DispensaryToCms/Page_Dispensary Store/select_--Select--Adernaline 0.' counted

2018-05-31 14:27:01 - [TEST_STEP][PASSED] - Statement - For ([e = 1, e <= medicineslength - 1, (e++)]): Delayed 1 second(s)

2018-05-31 14:27:01 - [TEST_STEP][PASSED] - selectOptionByIndex: All options with index in [12] are selected on object 'Object Repository/DispensaryToCms/Page_Dispensary Store/select_--Select--Schedule 1Inj'

2018-05-31 14:27:02 - [MESSAGE][PASSED] - All options with index in [12] are selected on object 'Object Repository/DispensaryToCms/Page_Dispensary Store/select_--Select--Schedule 1Inj'

2018-05-31 14:27:02 - [TEST_STEP][PASSED] - delay: Delayed 1 second(s)

2018-05-31 14:27:03 - [MESSAGE][PASSED] - Delayed 1 second(s)

2018-05-31 14:27:03 - [TEST_STEP][PASSED] - selectOptionByIndex: All options with index in [1] are selected on object 'Object Repository/DispensaryToCms/Page_Dispensary Store/select_--Select--Adernaline 0.'

2018-05-31 14:27:03 - [MESSAGE][PASSED] - All options with index in [1] are selected on object 'Object Repository/DispensaryToCms/Page_Dispensary Store/select_--Select--Adernaline 0.'

2018-05-31 14:27:03 - [TEST_STEP][PASSED] - setText: Text '100' is set on object 'Object Repository/DispensaryToCms/Page_Dispensary Store/input_txttreat'

2018-05-31 14:27:03 - [MESSAGE][PASSED] - Text '100' is set on object 'Object Repository/DispensaryToCms/Page_Dispensary Store/input_txttreat'

2018-05-31 14:27:03 - [TEST_STEP][PASSED] - click: Object: 'Object Repository/DispensaryToCms/Page_Dispensary Store/button_Add' is clicked on

2018-05-31 14:27:03 - [MESSAGE][PASSED] - Object: 'Object Repository/DispensaryToCms/Page_Dispensary Store/button_Add' is clicked on

2018-05-31 14:27:03 - [TEST_STEP][PASSED] - delay: Delayed 1 second(s)

2018-05-31 14:27:04 - [MESSAGE][PASSED] - Delayed 1 second(s)

2018-05-31 14:27:04 - [TEST_STEP][PASSED] - selectOptionByIndex: All options with index in [12] are selected on object 'Object Repository/DispensaryToCms/Page_Dispensary Store/select_--Select--Schedule 1Inj'

2018-05-31 14:27:04 - [MESSAGE][PASSED] - All options with index in [12] are selected on object 'Object Repository/DispensaryToCms/Page_Dispensary Store/select_--Select--Schedule 1Inj'

2018-05-31 14:27:04 - [TEST_STEP][PASSED] - delay: Delayed 1 second(s)

2018-05-31 14:27:05 - [MESSAGE][PASSED] - Delayed 1 second(s)

2018-05-31 14:27:05 - [TEST_STEP][PASSED] - selectOptionByIndex: All options with index in [2] are selected on object 'Object Repository/DispensaryToCms/Page_Dispensary Store/select_--Select--Adernaline 0.'

2018-05-31 14:27:05 - [MESSAGE][PASSED] - All options with index in [2] are selected on object 'Object Repository/DispensaryToCms/Page_Dispensary Store/select_--Select--Adernaline 0.'

2018-05-31 14:27:05 - [TEST_STEP][PASSED] - setText: Text '100' is set on object 'Object Repository/DispensaryToCms/Page_Dispensary Store/input_txttreat'

2018-05-31 14:27:05 - [MESSAGE][PASSED] - Text '100' is set on object 'Object Repository/DispensaryToCms/Page_Dispensary Store/input_txttreat'

2018-05-31 14:27:05 - [TEST_STEP][PASSED] - click: Object: 'Object Repository/DispensaryToCms/Page_Dispensary Store/button_Add' is clicked on

2018-05-31 14:27:05 - [MESSAGE][PASSED] - Object: 'Object Repository/DispensaryToCms/Page_Dispensary Store/button_Add' is clicked on

2018-05-31 14:27:05 - [TEST_STEP][PASSED] - delay: Delayed 1 second(s)

2018-05-31 14:27:06 - [MESSAGE][PASSED] - Delayed 1 second(s)

2018-05-31 14:27:06 - [TEST_STEP][PASSED] - selectOptionByIndex: All options with index in [12] are selected on object 'Object Repository/DispensaryToCms/Page_Dispensary Store/select_--Select--Schedule 1Inj'

2018-05-31 14:27:07 - [MESSAGE][PASSED] - All options with index in [12] are selected on object 'Object Repository/DispensaryToCms/Page_Dispensary Store/select_--Select--Schedule 1Inj'

2018-05-31 14:27:07 - [TEST_STEP][PASSED] - delay: Delayed 1 second(s)

2018-05-31 14:27:08 - [MESSAGE][PASSED] - Delayed 1 second(s)

2018-05-31 14:27:08 - [TEST_STEP][PASSED] - selectOptionByIndex: All options with index in [3] are selected on object 'Object Repository/DispensaryToCms/Page_Dispensary Store/select_--Select--Adernaline 0.'

2018-05-31 14:27:08 - [MESSAGE][PASSED] - All options with index in [3] are selected on object 'Object Repository/DispensaryToCms/Page_Dispensary Store/select_--Select--Adernaline 0.'

2018-05-31 14:27:08 - [TEST_STEP][PASSED] - setText: Text '100' is set on object 'Object Repository/DispensaryToCms/Page_Dispensary Store/input_txttreat'

2018-05-31 14:27:08 - [MESSAGE][PASSED] - Text '100' is set on object 'Object Repository/DispensaryToCms/Page_Dispensary Store/input_txttreat'

2018-05-31 14:27:08 - [TEST_STEP][PASSED] - click: Object: 'Object Repository/DispensaryToCms/Page_Dispensary Store/button_Add' is clicked on

2018-05-31 14:27:08 - [MESSAGE][PASSED] - Object: 'Object Repository/DispensaryToCms/Page_Dispensary Store/button_Add' is clicked on

2018-05-31 14:27:08 - [TEST_STEP][PASSED] - delay: Delayed 1 second(s)

2018-05-31 14:27:09 - [MESSAGE][PASSED] - Delayed 1 second(s)

2018-05-31 14:27:09 - [TEST_STEP][PASSED] - selectOptionByIndex: All options with index in [12] are selected on object 'Object Repository/DispensaryToCms/Page_Dispensary Store/select_--Select--Schedule 1Inj'

2018-05-31 14:27:09 - [MESSAGE][PASSED] - All options with index in [12] are selected on object 'Object Repository/DispensaryToCms/Page_Dispensary Store/select_--Select--Schedule 1Inj'

2018-05-31 14:27:09 - [TEST_STEP][PASSED] - delay: Delayed 1 second(s)

2018-05-31 14:27:10 - [MESSAGE][PASSED] - Delayed 1 second(s)

2018-05-31 14:27:10 - [TEST_STEP][PASSED] - selectOptionByIndex: All options with index in [4] are selected on object 'Object Repository/DispensaryToCms/Page_Dispensary Store/select_--Select--Adernaline 0.'

2018-05-31 14:27:10 - [MESSAGE][PASSED] - All options with index in [4] are selected on object 'Object Repository/DispensaryToCms/Page_Dispensary Store/select_--Select--Adernaline 0.'

2018-05-31 14:27:10 - [TEST_STEP][PASSED] - setText: Text '100' is set on object 'Object Repository/DispensaryToCms/Page_Dispensary Store/input_txttreat'

2018-05-31 14:27:11 - [MESSAGE][PASSED] - Text '100' is set on object 'Object Repository/DispensaryToCms/Page_Dispensary Store/input_txttreat'

2018-05-31 14:27:11 - [TEST_STEP][PASSED] - click: Object: 'Object Repository/DispensaryToCms/Page_Dispensary Store/button_Add' is clicked on

2018-05-31 14:27:11 - [MESSAGE][PASSED] - Object: 'Object Repository/DispensaryToCms/Page_Dispensary Store/button_Add' is clicked on

2018-05-31 14:27:11 - [TEST_STEP][PASSED] - delay: Delayed 1 second(s)

2018-05-31 14:27:12 - [MESSAGE][PASSED] - Delayed 1 second(s)

2018-05-31 14:27:12 - [TEST_STEP][PASSED] - selectOptionByIndex: All options with index in [12] are selected on object 'Object Repository/DispensaryToCms/Page_Dispensary Store/select_--Select--Schedule 1Inj'

2018-05-31 14:27:12 - [MESSAGE][PASSED] - All options with index in [12] are selected on object 'Object Repository/DispensaryToCms/Page_Dispensary Store/select_--Select--Schedule 1Inj'

2018-05-31 14:27:12 - [TEST_STEP][PASSED] - delay: Delayed 1 second(s)

2018-05-31 14:27:13 - [MESSAGE][PASSED] - Delayed 1 second(s)

2018-05-31 14:27:13 - [TEST_STEP][PASSED] - selectOptionByIndex: All options with index in [5] are selected on object 'Object Repository/DispensaryToCms/Page_Dispensary Store/select_--Select--Adernaline 0.'

2018-05-31 14:27:13 - [MESSAGE][PASSED] - All options with index in [5] are selected on object 'Object Repository/DispensaryToCms/Page_Dispensary Store/select_--Select--Adernaline 0.'

2018-05-31 14:27:13 - [TEST_STEP][PASSED] - setText: Text '100' is set on object 'Object Repository/DispensaryToCms/Page_Dispensary Store/input_txttreat'

2018-05-31 14:27:13 - [MESSAGE][PASSED] - Text '100' is set on object 'Object Repository/DispensaryToCms/Page_Dispensary Store/input_txttreat'

2018-05-31 14:27:13 - [TEST_STEP][PASSED] - click: Object: 'Object Repository/DispensaryToCms/Page_Dispensary Store/button_Add' is clicked on

2018-05-31 14:27:13 - [MESSAGE][PASSED] - Object: 'Object Repository/DispensaryToCms/Page_Dispensary Store/button_Add' is clicked on

2018-05-31 14:27:13 - [TEST_STEP][PASSED] - delay: Delayed 1 second(s)

2018-05-31 14:27:14 - [MESSAGE][PASSED] - Delayed 1 second(s)

2018-05-31 14:27:14 - [TEST_STEP][PASSED] - selectOptionByIndex: All options with index in [12] are selected on object 'Object Repository/DispensaryToCms/Page_Dispensary Store/select_--Select--Schedule 1Inj'

2018-05-31 14:27:14 - [MESSAGE][PASSED] - All options with index in [12] are selected on object 'Object Repository/DispensaryToCms/Page_Dispensary Store/select_--Select--Schedule 1Inj'

2018-05-31 14:27:14 - [TEST_STEP][PASSED] - delay: Delayed 1 second(s)

2018-05-31 14:27:15 - [MESSAGE][PASSED] - Delayed 1 second(s)

2018-05-31 14:27:15 - [TEST_STEP][PASSED] - selectOptionByIndex: All options with index in [6] are selected on object 'Object Repository/DispensaryToCms/Page_Dispensary Store/select_--Select--Adernaline 0.'

2018-05-31 14:27:16 - [MESSAGE][PASSED] - All options with index in [6] are selected on object 'Object Repository/DispensaryToCms/Page_Dispensary Store/select_--Select--Adernaline 0.'

2018-05-31 14:27:16 - [TEST_STEP][PASSED] - setText: Text '100' is set on object 'Object Repository/DispensaryToCms/Page_Dispensary Store/input_txttreat'

2018-05-31 14:27:16 - [MESSAGE][PASSED] - Text '100' is set on object 'Object Repository/DispensaryToCms/Page_Dispensary Store/input_txttreat'

2018-05-31 14:27:16 - [TEST_STEP][PASSED] - click: Object: 'Object Repository/DispensaryToCms/Page_Dispensary Store/button_Add' is clicked on

2018-05-31 14:27:16 - [MESSAGE][PASSED] - Object: 'Object Repository/DispensaryToCms/Page_Dispensary Store/button_Add' is clicked on

2018-05-31 14:27:16 - [TEST_STEP][PASSED] - delay: Delayed 1 second(s)

2018-05-31 14:27:17 - [MESSAGE][PASSED] - Delayed 1 second(s)

2018-05-31 14:27:17 - [TEST_STEP][PASSED] - selectOptionByIndex: All options with index in [12] are selected on object 'Object Repository/DispensaryToCms/Page_Dispensary Store/select_--Select--Schedule 1Inj'

2018-05-31 14:27:17 - [MESSAGE][PASSED] - All options with index in [12] are selected on object 'Object Repository/DispensaryToCms/Page_Dispensary Store/select_--Select--Schedule 1Inj'

2018-05-31 14:27:17 - [TEST_STEP][PASSED] - delay: Delayed 1 second(s)

2018-05-31 14:27:18 - [MESSAGE][PASSED] - Delayed 1 second(s)

2018-05-31 14:27:18 - [TEST_STEP][PASSED] - selectOptionByIndex: All options with index in [7] are selected on object 'Object Repository/DispensaryToCms/Page_Dispensary Store/select_--Select--Adernaline 0.'

2018-05-31 14:27:18 - [MESSAGE][PASSED] - All options with index in [7] are selected on object 'Object Repository/DispensaryToCms/Page_Dispensary Store/select_--Select--Adernaline 0.'

2018-05-31 14:27:18 - [TEST_STEP][PASSED] - setText: Text '100' is set on object 'Object Repository/DispensaryToCms/Page_Dispensary Store/input_txttreat'

2018-05-31 14:27:18 - [MESSAGE][PASSED] - Text '100' is set on object 'Object Repository/DispensaryToCms/Page_Dispensary Store/input_txttreat'

2018-05-31 14:27:18 - [TEST_STEP][PASSED] - click: Object: 'Object Repository/DispensaryToCms/Page_Dispensary Store/button_Add' is clicked on

2018-05-31 14:27:18 - [MESSAGE][PASSED] - Object: 'Object Repository/DispensaryToCms/Page_Dispensary Store/button_Add' is clicked on

2018-05-31 14:27:18 - [TEST_STEP][PASSED] - delay: Delayed 1 second(s)

2018-05-31 14:27:19 - [MESSAGE][PASSED] - Delayed 1 second(s)

2018-05-31 14:27:19 - [TEST_STEP][PASSED] - selectOptionByIndex: All options with index in [12] are selected on object 'Object Repository/DispensaryToCms/Page_Dispensary Store/select_--Select--Schedule 1Inj'

2018-05-31 14:27:20 - [MESSAGE][PASSED] - All options with index in [12] are selected on object 'Object Repository/DispensaryToCms/Page_Dispensary Store/select_--Select--Schedule 1Inj'

2018-05-31 14:27:20 - [TEST_STEP][PASSED] - delay: Delayed 1 second(s)

2018-05-31 14:27:21 - [MESSAGE][PASSED] - Delayed 1 second(s)

2018-05-31 14:27:21 - [TEST_STEP][PASSED] - selectOptionByIndex: All options with index in [8] are selected on object 'Object Repository/DispensaryToCms/Page_Dispensary Store/select_--Select--Adernaline 0.'

2018-05-31 14:27:21 - [MESSAGE][PASSED] - All options with index in [8] are selected on object 'Object Repository/DispensaryToCms/Page_Dispensary Store/select_--Select--Adernaline 0.'

2018-05-31 14:27:21 - [TEST_STEP][PASSED] - setText: Text '100' is set on object 'Object Repository/DispensaryToCms/Page_Dispensary Store/input_txttreat'

2018-05-31 14:27:21 - [MESSAGE][PASSED] - Text '100' is set on object 'Object Repository/DispensaryToCms/Page_Dispensary Store/input_txttreat'

2018-05-31 14:27:21 - [TEST_STEP][PASSED] - click: Object: 'Object Repository/DispensaryToCms/Page_Dispensary Store/button_Add' is clicked on

2018-05-31 14:27:21 - [MESSAGE][PASSED] - Object: 'Object Repository/DispensaryToCms/Page_Dispensary Store/button_Add' is clicked on

2018-05-31 14:27:21 - [TEST_STEP][PASSED] - delay: Delayed 1 second(s)

2018-05-31 14:27:22 - [MESSAGE][PASSED] - Delayed 1 second(s)

2018-05-31 14:27:22 - [TEST_STEP][PASSED] - selectOptionByIndex: All options with index in [12] are selected on object 'Object Repository/DispensaryToCms/Page_Dispensary Store/select_--Select--Schedule 1Inj'

2018-05-31 14:27:22 - [MESSAGE][PASSED] - All options with index in [12] are selected on object 'Object Repository/DispensaryToCms/Page_Dispensary Store/select_--Select--Schedule 1Inj'

2018-05-31 14:27:22 - [TEST_STEP][PASSED] - delay: Delayed 1 second(s)

2018-05-31 14:27:23 - [MESSAGE][PASSED] - Delayed 1 second(s)

2018-05-31 14:27:23 - [TEST_STEP][PASSED] - selectOptionByIndex: All options with index in [9] are selected on object 'Object Repository/DispensaryToCms/Page_Dispensary Store/select_--Select--Adernaline 0.'

2018-05-31 14:27:24 - [MESSAGE][PASSED] - All options with index in [9] are selected on object 'Object Repository/DispensaryToCms/Page_Dispensary Store/select_--Select--Adernaline 0.'

2018-05-31 14:27:24 - [TEST_STEP][PASSED] - setText: Text '100' is set on object 'Object Repository/DispensaryToCms/Page_Dispensary Store/input_txttreat'

2018-05-31 14:27:24 - [MESSAGE][PASSED] - Text '100' is set on object 'Object Repository/DispensaryToCms/Page_Dispensary Store/input_txttreat'

2018-05-31 14:27:24 - [TEST_STEP][PASSED] - click: Object: 'Object Repository/DispensaryToCms/Page_Dispensary Store/button_Add' is clicked on

2018-05-31 14:27:24 - [MESSAGE][PASSED] - Object: 'Object Repository/DispensaryToCms/Page_Dispensary Store/button_Add' is clicked on

2018-05-31 14:27:24 - [TEST_STEP][PASSED] - delay: Delayed 1 second(s)

2018-05-31 14:27:25 - [MESSAGE][PASSED] - Delayed 1 second(s)

2018-05-31 14:27:25 - [TEST_STEP][PASSED] - selectOptionByIndex: All options with index in [12] are selected on object 'Object Repository/DispensaryToCms/Page_Dispensary Store/select_--Select--Schedule 1Inj'

2018-05-31 14:27:25 - [MESSAGE][PASSED] - All options with index in [12] are selected on object 'Object Repository/DispensaryToCms/Page_Dispensary Store/select_--Select--Schedule 1Inj'

2018-05-31 14:27:25 - [TEST_STEP][PASSED] - delay: Delayed 1 second(s)

2018-05-31 14:27:26 - [MESSAGE][PASSED] - Delayed 1 second(s)

2018-05-31 14:27:26 - [TEST_STEP][PASSED] - selectOptionByIndex: All options with index in [10] are selected on object 'Object Repository/DispensaryToCms/Page_Dispensary Store/select_--Select--Adernaline 0.'

2018-05-31 14:27:26 - [MESSAGE][PASSED] - All options with index in [10] are selected on object 'Object Repository/DispensaryToCms/Page_Dispensary Store/select_--Select--Adernaline 0.'

2018-05-31 14:27:26 - [TEST_STEP][PASSED] - setText: Text '100' is set on object 'Object Repository/DispensaryToCms/Page_Dispensary Store/input_txttreat'

2018-05-31 14:27:26 - [MESSAGE][PASSED] - Text '100' is set on object 'Object Repository/DispensaryToCms/Page_Dispensary Store/input_txttreat'

2018-05-31 14:27:26 - [TEST_STEP][PASSED] - click: Object: 'Object Repository/DispensaryToCms/Page_Dispensary Store/button_Add' is clicked on

2018-05-31 14:27:26 - [MESSAGE][PASSED] - Object: 'Object Repository/DispensaryToCms/Page_Dispensary Store/button_Add' is clicked on

2018-05-31 14:27:26 - [TEST_STEP][PASSED] - delay: Delayed 1 second(s)

2018-05-31 14:27:27 - [MESSAGE][PASSED] - Delayed 1 second(s)

2018-05-31 14:27:27 - [TEST_STEP][PASSED] - selectOptionByIndex: All options with index in [12] are selected on object 'Object Repository/DispensaryToCms/Page_Dispensary Store/select_--Select--Schedule 1Inj'

2018-05-31 14:27:28 - [MESSAGE][PASSED] - All options with index in [12] are selected on object 'Object Repository/DispensaryToCms/Page_Dispensary Store/select_--Select--Schedule 1Inj'

2018-05-31 14:27:28 - [TEST_STEP][PASSED] - delay: Delayed 1 second(s)

2018-05-31 14:27:29 - [MESSAGE][PASSED] - Delayed 1 second(s)

2018-05-31 14:27:29 - [TEST_STEP][PASSED] - selectOptionByIndex: All options with index in [11] are selected on object 'Object Repository/DispensaryToCms/Page_Dispensary Store/select_--Select--Adernaline 0.'

2018-05-31 14:27:29 - [MESSAGE][PASSED] - All options with index in [11] are selected on object 'Object Repository/DispensaryToCms/Page_Dispensary Store/select_--Select--Adernaline 0.'

2018-05-31 14:27:29 - [TEST_STEP][PASSED] - setText: Text '100' is set on object 'Object Repository/DispensaryToCms/Page_Dispensary Store/input_txttreat'

2018-05-31 14:27:29 - [MESSAGE][PASSED] - Text '100' is set on object 'Object Repository/DispensaryToCms/Page_Dispensary Store/input_txttreat'

2018-05-31 14:27:29 - [TEST_STEP][PASSED] - click: Object: 'Object Repository/DispensaryToCms/Page_Dispensary Store/button_Add' is clicked on

2018-05-31 14:27:29 - [MESSAGE][PASSED] - Object: 'Object Repository/DispensaryToCms/Page_Dispensary Store/button_Add' is clicked on

2018-05-31 14:27:29 - [TEST_STEP][PASSED] - delay: Delayed 1 second(s)

2018-05-31 14:27:30 - [MESSAGE][PASSED] - Delayed 1 second(s)

2018-05-31 14:27:30 - [TEST_STEP][PASSED] - selectOptionByIndex: All options with index in [12] are selected on object 'Object Repository/DispensaryToCms/Page_Dispensary Store/select_--Select--Schedule 1Inj'

2018-05-31 14:27:30 - [MESSAGE][PASSED] - All options with index in [12] are selected on object 'Object Repository/DispensaryToCms/Page_Dispensary Store/select_--Select--Schedule 1Inj'

2018-05-31 14:27:30 - [TEST_STEP][PASSED] - delay: Delayed 1 second(s)

2018-05-31 14:27:31 - [MESSAGE][PASSED] - Delayed 1 second(s)

2018-05-31 14:27:31 - [TEST_STEP][PASSED] - selectOptionByIndex: All options with index in [12] are selected on object 'Object Repository/DispensaryToCms/Page_Dispensary Store/select_--Select--Adernaline 0.'

2018-05-31 14:27:32 - [MESSAGE][PASSED] - All options with index in [12] are selected on object 'Object Repository/DispensaryToCms/Page_Dispensary Store/select_--Select--Adernaline 0.'

2018-05-31 14:27:32 - [TEST_STEP][PASSED] - setText: Text '100' is set on object 'Object Repository/DispensaryToCms/Page_Dispensary Store/input_txttreat'

2018-05-31 14:27:32 - [MESSAGE][PASSED] - Text '100' is set on object 'Object Repository/DispensaryToCms/Page_Dispensary Store/input_txttreat'

2018-05-31 14:27:32 - [TEST_STEP][PASSED] - click: Object: 'Object Repository/DispensaryToCms/Page_Dispensary Store/button_Add' is clicked on

2018-05-31 14:27:32 - [MESSAGE][PASSED] - Object: 'Object Repository/DispensaryToCms/Page_Dispensary Store/button_Add' is clicked on

2018-05-31 14:27:32 - [TEST_STEP][PASSED] - delay: Delayed 1 second(s)

2018-05-31 14:27:33 - [MESSAGE][PASSED] - Delayed 1 second(s)

2018-05-31 14:27:33 - [TEST_STEP][PASSED] - selectOptionByIndex: All options with index in [12] are selected on object 'Object Repository/DispensaryToCms/Page_Dispensary Store/select_--Select--Schedule 1Inj'

2018-05-31 14:27:33 - [MESSAGE][PASSED] - All options with index in [12] are selected on object 'Object Repository/DispensaryToCms/Page_Dispensary Store/select_--Select--Schedule 1Inj'

2018-05-31 14:27:33 - [TEST_STEP][PASSED] - delay: Delayed 1 second(s)

2018-05-31 14:27:34 - [MESSAGE][PASSED] - Delayed 1 second(s)

2018-05-31 14:27:34 - [TEST_STEP][PASSED] - selectOptionByIndex: All options with index in [13] are selected on object 'Object Repository/DispensaryToCms/Page_Dispensary Store/select_--Select--Adernaline 0.'

2018-05-31 14:27:34 - [MESSAGE][PASSED] - All options with index in [13] are selected on object 'Object Repository/DispensaryToCms/Page_Dispensary Store/select_--Select--Adernaline 0.'

2018-05-31 14:27:34 - [TEST_STEP][PASSED] - setText: Text '100' is set on object 'Object Repository/DispensaryToCms/Page_Dispensary Store/input_txttreat'

2018-05-31 14:27:34 - [MESSAGE][PASSED] - Text '100' is set on object 'Object Repository/DispensaryToCms/Page_Dispensary Store/input_txttreat'

2018-05-31 14:27:34 - [TEST_STEP][PASSED] - click: Object: 'Object Repository/DispensaryToCms/Page_Dispensary Store/button_Add' is clicked on

2018-05-31 14:27:34 - [MESSAGE][PASSED] - Object: 'Object Repository/DispensaryToCms/Page_Dispensary Store/button_Add' is clicked on

2018-05-31 14:27:34 - [TEST_STEP][PASSED] - delay: Delayed 1 second(s)

2018-05-31 14:27:35 - [MESSAGE][PASSED] - Delayed 1 second(s)

2018-05-31 14:27:35 - [TEST_STEP][PASSED] - selectOptionByIndex: All options with index in [12] are selected on object 'Object Repository/DispensaryToCms/Page_Dispensary Store/select_--Select--Schedule 1Inj'

2018-05-31 14:27:36 - [MESSAGE][PASSED] - All options with index in [12] are selected on object 'Object Repository/DispensaryToCms/Page_Dispensary Store/select_--Select--Schedule 1Inj'

2018-05-31 14:27:36 - [TEST_STEP][PASSED] - delay: Delayed 1 second(s)

2018-05-31 14:27:37 - [MESSAGE][PASSED] - Delayed 1 second(s)

2018-05-31 14:27:37 - [TEST_STEP][PASSED] - selectOptionByIndex: All options with index in [14] are selected on object 'Object Repository/DispensaryToCms/Page_Dispensary Store/select_--Select--Adernaline 0.'

2018-05-31 14:27:37 - [MESSAGE][PASSED] - All options with index in [14] are selected on object 'Object Repository/DispensaryToCms/Page_Dispensary Store/select_--Select--Adernaline 0.'

2018-05-31 14:27:37 - [TEST_STEP][PASSED] - setText: Text '100' is set on object 'Object Repository/DispensaryToCms/Page_Dispensary Store/input_txttreat'

2018-05-31 14:27:37 - [MESSAGE][PASSED] - Text '100' is set on object 'Object Repository/DispensaryToCms/Page_Dispensary Store/input_txttreat'

2018-05-31 14:27:37 - [TEST_STEP][PASSED] - click: Object: 'Object Repository/DispensaryToCms/Page_Dispensary Store/button_Add' is clicked on

2018-05-31 14:27:37 - [MESSAGE][PASSED] - Object: 'Object Repository/DispensaryToCms/Page_Dispensary Store/button_Add' is clicked on

2018-05-31 14:27:37 - [TEST_STEP][PASSED] - delay: Delayed 1 second(s)

2018-05-31 14:27:38 - [MESSAGE][PASSED] - Delayed 1 second(s)

2018-05-31 14:27:38 - [TEST_STEP][PASSED] - selectOptionByIndex: All options with index in [12] are selected on object 'Object Repository/DispensaryToCms/Page_Dispensary Store/select_--Select--Schedule 1Inj'

2018-05-31 14:27:38 - [MESSAGE][PASSED] - All options with index in [12] are selected on object 'Object Repository/DispensaryToCms/Page_Dispensary Store/select_--Select--Schedule 1Inj'

2018-05-31 14:27:38 - [TEST_STEP][PASSED] - delay: Delayed 1 second(s)

2018-05-31 14:27:39 - [MESSAGE][PASSED] - Delayed 1 second(s)

2018-05-31 14:27:39 - [TEST_STEP][PASSED] - selectOptionByIndex: All options with index in [15] are selected on object 'Object Repository/DispensaryToCms/Page_Dispensary Store/select_--Select--Adernaline 0.'

2018-05-31 14:27:40 - [MESSAGE][PASSED] - All options with index in [15] are selected on object 'Object Repository/DispensaryToCms/Page_Dispensary Store/select_--Select--Adernaline 0.'

2018-05-31 14:27:40 - [TEST_STEP][PASSED] - setText: Text '100' is set on object 'Object Repository/DispensaryToCms/Page_Dispensary Store/input_txttreat'

2018-05-31 14:27:40 - [MESSAGE][PASSED] - Text '100' is set on object 'Object Repository/DispensaryToCms/Page_Dispensary Store/input_txttreat'

2018-05-31 14:27:40 - [TEST_STEP][PASSED] - click: Object: 'Object Repository/DispensaryToCms/Page_Dispensary Store/button_Add' is clicked on

2018-05-31 14:27:40 - [MESSAGE][PASSED] - Object: 'Object Repository/DispensaryToCms/Page_Dispensary Store/button_Add' is clicked on

2018-05-31 14:27:40 - [TEST_STEP][PASSED] - delay: Delayed 1 second(s)

2018-05-31 14:27:41 - [MESSAGE][PASSED] - Delayed 1 second(s)

2018-05-31 14:27:41 - [TEST_STEP][PASSED] - selectOptionByIndex: All options with index in [12] are selected on object 'Object Repository/DispensaryToCms/Page_Dispensary Store/select_--Select--Schedule 1Inj'

2018-05-31 14:27:41 - [MESSAGE][PASSED] - All options with index in [12] are selected on object 'Object Repository/DispensaryToCms/Page_Dispensary Store/select_--Select--Schedule 1Inj'

2018-05-31 14:27:41 - [TEST_STEP][PASSED] - delay: Delayed 1 second(s)

2018-05-31 14:27:42 - [MESSAGE][PASSED] - Delayed 1 second(s)

2018-05-31 14:27:42 - [TEST_STEP][PASSED] - selectOptionByIndex: All options with index in [16] are selected on object 'Object Repository/DispensaryToCms/Page_Dispensary Store/select_--Select--Adernaline 0.'

2018-05-31 14:27:42 - [MESSAGE][PASSED] - All options with index in [16] are selected on object 'Object Repository/DispensaryToCms/Page_Dispensary Store/select_--Select--Adernaline 0.'

2018-05-31 14:27:42 - [TEST_STEP][PASSED] - setText: Text '100' is set on object 'Object Repository/DispensaryToCms/Page_Dispensary Store/input_txttreat'

2018-05-31 14:27:42 - [MESSAGE][PASSED] - Text '100' is set on object 'Object Repository/DispensaryToCms/Page_Dispensary Store/input_txttreat'

2018-05-31 14:27:42 - [TEST_STEP][PASSED] - click: Object: 'Object Repository/DispensaryToCms/Page_Dispensary Store/button_Add' is clicked on

2018-05-31 14:27:42 - [MESSAGE][PASSED] - Object: 'Object Repository/DispensaryToCms/Page_Dispensary Store/button_Add' is clicked on

2018-05-31 14:27:42 - [TEST_STEP][PASSED] - delay: Delayed 1 second(s)

2018-05-31 14:27:43 - [MESSAGE][PASSED] - Delayed 1 second(s)

2018-05-31 14:27:43 - [TEST_STEP][PASSED] - selectOptionByIndex: All options with index in [12] are selected on object 'Object Repository/DispensaryToCms/Page_Dispensary Store/select_--Select--Schedule 1Inj'

2018-05-31 14:27:44 - [MESSAGE][PASSED] - All options with index in [12] are selected on object 'Object Repository/DispensaryToCms/Page_Dispensary Store/select_--Select--Schedule 1Inj'

2018-05-31 14:27:44 - [TEST_STEP][PASSED] - delay: Delayed 1 second(s)

2018-05-31 14:27:45 - [MESSAGE][PASSED] - Delayed 1 second(s)

2018-05-31 14:27:45 - [TEST_STEP][PASSED] - selectOptionByIndex: All options with index in [17] are selected on object 'Object Repository/DispensaryToCms/Page_Dispensary Store/select_--Select--Adernaline 0.'

2018-05-31 14:27:45 - [MESSAGE][PASSED] - All options with index in [17] are selected on object 'Object Repository/DispensaryToCms/Page_Dispensary Store/select_--Select--Adernaline 0.'

2018-05-31 14:27:45 - [TEST_STEP][PASSED] - setText: Text '100' is set on object 'Object Repository/DispensaryToCms/Page_Dispensary Store/input_txttreat'

2018-05-31 14:27:45 - [MESSAGE][PASSED] - Text '100' is set on object 'Object Repository/DispensaryToCms/Page_Dispensary Store/input_txttreat'

2018-05-31 14:27:45 - [TEST_STEP][PASSED] - click: Object: 'Object Repository/DispensaryToCms/Page_Dispensary Store/button_Add' is clicked on

2018-05-31 14:27:45 - [MESSAGE][PASSED] - Object: 'Object Repository/DispensaryToCms/Page_Dispensary Store/button_Add' is clicked on

2018-05-31 14:27:45 - [TEST_STEP][PASSED] - delay: Delayed 1 second(s)

2018-05-31 14:27:46 - [MESSAGE][PASSED] - Delayed 1 second(s)

2018-05-31 14:27:46 - [TEST_STEP][PASSED] - selectOptionByIndex: All options with index in [12] are selected on object 'Object Repository/DispensaryToCms/Page_Dispensary Store/select_--Select--Schedule 1Inj'

2018-05-31 14:27:46 - [MESSAGE][PASSED] - All options with index in [12] are selected on object 'Object Repository/DispensaryToCms/Page_Dispensary Store/select_--Select--Schedule 1Inj'

2018-05-31 14:27:46 - [TEST_STEP][PASSED] - delay: Delayed 1 second(s)

2018-05-31 14:27:47 - [MESSAGE][PASSED] - Delayed 1 second(s)

2018-05-31 14:27:47 - [TEST_STEP][PASSED] - selectOptionByIndex: All options with index in [18] are selected on object 'Object Repository/DispensaryToCms/Page_Dispensary Store/select_--Select--Adernaline 0.'

2018-05-31 14:27:48 - [MESSAGE][PASSED] - All options with index in [18] are selected on object 'Object Repository/DispensaryToCms/Page_Dispensary Store/select_--Select--Adernaline 0.'

2018-05-31 14:27:48 - [TEST_STEP][PASSED] - setText: Text '100' is set on object 'Object Repository/DispensaryToCms/Page_Dispensary Store/input_txttreat'

2018-05-31 14:27:48 - [MESSAGE][PASSED] - Text '100' is set on object 'Object Repository/DispensaryToCms/Page_Dispensary Store/input_txttreat'

2018-05-31 14:27:48 - [TEST_STEP][PASSED] - click: Object: 'Object Repository/DispensaryToCms/Page_Dispensary Store/button_Add' is clicked on

2018-05-31 14:27:48 - [MESSAGE][PASSED] - Object: 'Object Repository/DispensaryToCms/Page_Dispensary Store/button_Add' is clicked on

2018-05-31 14:27:48 - [TEST_STEP][PASSED] - delay: Delayed 1 second(s)

2018-05-31 14:27:49 - [MESSAGE][PASSED] - Delayed 1 second(s)

2018-05-31 14:27:49 - [TEST_STEP][PASSED] - scrollToElement: Scroll to object 'Object Repository/DispensaryToCms/Page_Dispensary Store/input_btnsave' successfully

2018-05-31 14:27:49 - [MESSAGE][PASSED] - Scroll to object 'Object Repository/DispensaryToCms/Page_Dispensary Store/input_btnsave' successfully

2018-05-31 14:27:49 - [TEST_STEP][PASSED] - click: Object: 'Object Repository/DispensaryToCms/Page_Dispensary Store/input_btnsave' is clicked on

2018-05-31 14:27:49 - [MESSAGE][PASSED] - Object: 'Object Repository/DispensaryToCms/Page_Dispensary Store/input_btnsave' is clicked on

2018-05-31 14:27:49 - [TEST_STEP][PASSED] - delay: Delayed 3 second(s)

2018-05-31 14:27:52 - [MESSAGE][PASSED] - Delayed 3 second(s)

2018-05-31 14:27:52 - [TEST_STEP][PASSED] - Statement - RN1 = com.kms.katalon.core.webui.keyword.WebUiBuiltInKeywords.getText(com.kms.katalon.core.testobject.ObjectRepository.findTestObject(DispensaryToCms/Page_Dispensary Store/font_PRNO18052018174)): Text of object 'Object Repository/DispensaryToCms/Page_Dispensary Store/font_PRNO18052018174' is: 'PRNO/31052018/512'

2018-05-31 14:27:52 - [MESSAGE][PASSED] - Text of object 'Object Repository/DispensaryToCms/Page_Dispensary Store/font_PRNO18052018174' is: 'PRNO/31052018/512'

2018-05-31 14:27:52 - [TEST_STEP][PASSED] - Statement - out.println(RN1): null

2018-05-31 14:27:52 - [TEST_STEP][PASSED] - Statement - RID = RN1.split("/")[2]: null

2018-05-31 14:27:52 - [TEST_STEP][PASSED] - click: Object: 'Object Repository/DispensaryToCms/Page_Dispensary Store/button_OK' is clicked on

2018-05-31 14:27:53 - [MESSAGE][PASSED] - Object: 'Object Repository/DispensaryToCms/Page_Dispensary Store/button_OK' is clicked on

2018-05-31 14:27:53 - [TEST_STEP][PASSED] - delay: Delayed 3 second(s)

2018-05-31 14:27:56 - [MESSAGE][PASSED] - Delayed 3 second(s)

2018-05-31 14:27:56 - [TEST_STEP][PASSED] - waitForElementPresent: Object 'Object Repository/DispensaryToStore/Page_Dispensary Store/a_dropdown-toggle' is present

2018-05-31 14:27:56 - [MESSAGE][PASSED] - Object 'Object Repository/DispensaryToStore/Page_Dispensary Store/a_dropdown-toggle' is present

2018-05-31 14:27:56 - [TEST_STEP][PASSED] - click: Object: 'Object Repository/DispensaryToCms/Page_Dispensary Store/a_dropdown-toggle' is clicked on

2018-05-31 14:27:56 - [MESSAGE][PASSED] - Object: 'Object Repository/DispensaryToCms/Page_Dispensary Store/a_dropdown-toggle' is clicked on

2018-05-31 14:27:56 - [TEST_STEP][PASSED] - click: Object: 'Object Repository/DispensaryToCms/Page_Dispensary Store/a_Sign out' is clicked on

2018-05-31 14:27:56 - [MESSAGE][PASSED] - Object: 'Object Repository/DispensaryToCms/Page_Dispensary Store/a_Sign out' is clicked on

2018-05-31 14:27:56 - [TEST_STEP][PASSED] - delay: Delayed 3 second(s)

2018-05-31 14:27:59 - [MESSAGE][PASSED] - Delayed 3 second(s)

2018-05-31 14:27:59 - [TEST_STEP][PASSED] - navigateToUrl: Navigate to 'http://192.168.137.1/multihospital_new/' successfully

2018-05-31 14:28:00 - [MESSAGE][PASSED] - Navigate to 'http://192.168.137.1/multihospital_new/' successfully

2018-05-31 14:28:00 - [TEST_STEP][PASSED] - click: Object: 'Object Repository/DispensaryToCms/Page_KDMC/a_CMO' is clicked on

2018-05-31 14:28:01 - [MESSAGE][PASSED] - Object: 'Object Repository/DispensaryToCms/Page_KDMC/a_CMO' is clicked on

2018-05-31 14:28:01 - [TEST_STEP][PASSED] - setText: Text 'guru' is set on object 'Object Repository/DispensaryToCms/Page_CMO login/input_txtusername'

2018-05-31 14:28:01 - [MESSAGE][PASSED] - Text 'guru' is set on object 'Object Repository/DispensaryToCms/Page_CMO login/input_txtusername'

2018-05-31 14:28:01 - [TEST_STEP][PASSED] - setText: Text '123' is set on object 'Object Repository/DispensaryToCms/Page_CMO login/input_txtpassword'

2018-05-31 14:28:01 - [MESSAGE][PASSED] - Text '123' is set on object 'Object Repository/DispensaryToCms/Page_CMO login/input_txtpassword'

2018-05-31 14:28:01 - [TEST_STEP][PASSED] - delay: Delayed 3 second(s)

2018-05-31 14:28:04 - [MESSAGE][PASSED] - Delayed 3 second(s)

2018-05-31 14:28:04 - [TEST_STEP][PASSED] - click: Object: 'Object Repository/DispensaryToCms/Page_CMO login/button_Sign in' is clicked on

2018-05-31 14:28:05 - [MESSAGE][PASSED] - Object: 'Object Repository/DispensaryToCms/Page_CMO login/button_Sign in' is clicked on

2018-05-31 14:28:05 - [TEST_STEP][PASSED] - delay: Delayed 3 second(s)

2018-05-31 14:28:08 - [MESSAGE][PASSED] - Delayed 3 second(s)

2018-05-31 14:28:08 - [TEST_STEP][PASSED] - click: Object: 'Object Repository/DispensaryToCms/Page_KDMC - CMO/a_CMS Request' is clicked on

2018-05-31 14:28:08 - [MESSAGE][PASSED] - Object: 'Object Repository/DispensaryToCms/Page_KDMC - CMO/a_CMS Request' is clicked on

2018-05-31 14:28:08 - [TEST_STEP][PASSED] - delay: Delayed 2 second(s)

2018-05-31 14:28:10 - [MESSAGE][PASSED] - Delayed 2 second(s)

2018-05-31 14:28:10 - [TEST_STEP][PASSED] - click: Object: 'Object Repository/DispensaryToCms/Page_KDMC - CMO/a_Dispensary Store Request' is clicked on

2018-05-31 14:28:11 - [MESSAGE][PASSED] - Object: 'Object Repository/DispensaryToCms/Page_KDMC - CMO/a_Dispensary Store Request' is clicked on

2018-05-31 14:28:11 - [TEST_STEP][PASSED] - selectOptionByIndex: All options with index in [1] are selected on object 'Object Repository/DispensaryToCms/Page_KDMC - CMO/select_--ALL--'

2018-05-31 14:28:11 - [MESSAGE][PASSED] - All options with index in [1] are selected on object 'Object Repository/DispensaryToCms/Page_KDMC - CMO/select_--ALL--'

2018-05-31 14:28:11 - [TEST_STEP][PASSED] - click: Object: 'Object Repository/DispensaryToCms/Page_KDMC - CMO/input_btnsearch' is clicked on

2018-05-31 14:28:11 - [MESSAGE][PASSED] - Object: 'Object Repository/DispensaryToCms/Page_KDMC - CMO/input_btnsearch' is clicked on

2018-05-31 14:28:11 - [TEST_STEP][PASSED] - Statement - ID = com.kms.katalon.core.webui.keyword.WebUiBuiltInKeywords.modifyObjectProperty(com.kms.katalon.core.testobject.ObjectRepository.findTestObject(lab/Page_KDMC - CMO/input_1), "xpath", "equals", "//*[@id=" + RID + "]", true): Modify property of object successfully

2018-05-31 14:28:11 - [MESSAGE][PASSED] - Modify property of object successfully

2018-05-31 14:28:11 - [TEST_STEP][PASSED] - click: Object: 'Object Repository/lab/Page_KDMC - CMO/input_1' is clicked on

2018-05-31 14:28:12 - [MESSAGE][PASSED] - Object: 'Object Repository/lab/Page_KDMC - CMO/input_1' is clicked on

2018-05-31 14:28:12 - [TEST_STEP][PASSED] - delay: Delayed 2 second(s)

2018-05-31 14:28:14 - [MESSAGE][PASSED] - Delayed 2 second(s)

2018-05-31 14:28:14 - [TEST_STEP][PASSED] - selectOptionByIndex: All options with index in [1] are selected on object 'Object Repository/DispensaryToCms/Page_KDMC - CMO/select_--Select--'

2018-05-31 14:28:14 - [MESSAGE][PASSED] - All options with index in [1] are selected on object 'Object Repository/DispensaryToCms/Page_KDMC - CMO/select_--Select--'

2018-05-31 14:28:14 - [TEST_STEP][PASSED] - click: Object: 'Object Repository/DispensaryToCms/Page_KDMC - CMO/input_btnupdate' is clicked on

2018-05-31 14:28:14 - [MESSAGE][PASSED] - Object: 'Object Repository/DispensaryToCms/Page_KDMC - CMO/input_btnupdate' is clicked on

2018-05-31 14:28:14 - [TEST_STEP][PASSED] - delay: Delayed 2 second(s)

2018-05-31 14:28:16 - [MESSAGE][PASSED] - Delayed 2 second(s)

2018-05-31 14:28:16 - [TEST_STEP][PASSED] - click: Object: 'Object Repository/DispensaryToCms/Page_KDMC - CMO/button_OK' is clicked on

2018-05-31 14:28:17 - [MESSAGE][PASSED] - Object: 'Object Repository/DispensaryToCms/Page_KDMC - CMO/button_OK' is clicked on

2018-05-31 14:28:17 - [TEST_STEP][PASSED] - delay: Delayed 3 second(s)

2018-05-31 14:28:20 - [MESSAGE][PASSED] - Delayed 3 second(s)

2018-05-31 14:28:20 - [TEST_STEP][PASSED] - waitForElementPresent: Object 'Object Repository/DispensaryToStore/Page_Dispensary Store/a_dropdown-toggle' is not present after 20 second(s)

2018-05-31 14:28:41 - [MESSAGE][WARNING] - Object 'Object Repository/DispensaryToStore/Page_Dispensary Store/a_dropdown-toggle' is not present after 20 second(s)

2018-05-31 14:28:41 - [TEST_STEP][PASSED] - click: Object: 'Object Repository/DispensaryToCms/Page_KDMC - CMO/a_dropdown-toggle' is clicked on

2018-05-31 14:28:41 - [MESSAGE][PASSED] - Object: 'Object Repository/DispensaryToCms/Page_KDMC - CMO/a_dropdown-toggle' is clicked on

2018-05-31 14:28:41 - [TEST_STEP][PASSED] - click: Object: 'Object Repository/DispensaryToCms/Page_KDMC - CMO/a_Sign out' is clicked on

2018-05-31 14:28:41 - [MESSAGE][PASSED] - Object: 'Object Repository/DispensaryToCms/Page_KDMC - CMO/a_Sign out' is clicked on

2018-05-31 14:28:41 - [TEST_STEP][PASSED] - delay: Delayed 3 second(s)

2018-05-31 14:28:44 - [MESSAGE][PASSED] - Delayed 3 second(s)

2018-05-31 14:28:44 - [TEST_STEP][PASSED] - click: Object: 'Object Repository/DispensaryToCms/Page_KDMC/a_CMS' is clicked on

2018-05-31 14:28:45 - [MESSAGE][PASSED] - Object: 'Object Repository/DispensaryToCms/Page_KDMC/a_CMS' is clicked on

2018-05-31 14:28:45 - [TEST_STEP][PASSED] - setText: Text 'bala' is set on object 'Object Repository/DispensaryToCms/Page_CMS login/input_txtusername'

2018-05-31 14:28:45 - [MESSAGE][PASSED] - Text 'bala' is set on object 'Object Repository/DispensaryToCms/Page_CMS login/input_txtusername'

2018-05-31 14:28:45 - [TEST_STEP][PASSED] - setText: Text '123' is set on object 'Object Repository/DispensaryToCms/Page_CMS login/input_txtpassword'

2018-05-31 14:28:45 - [MESSAGE][PASSED] - Text '123' is set on object 'Object Repository/DispensaryToCms/Page_CMS login/input_txtpassword'

2018-05-31 14:28:45 - [TEST_STEP][PASSED] - delay: Delayed 3 second(s)

2018-05-31 14:28:48 - [MESSAGE][PASSED] - Delayed 3 second(s)

2018-05-31 14:28:48 - [TEST_STEP][PASSED] - click: Object: 'Object Repository/DispensaryToCms/Page_CMS login/button_Sign in' is clicked on

2018-05-31 14:28:48 - [MESSAGE][PASSED] - Object: 'Object Repository/DispensaryToCms/Page_CMS login/button_Sign in' is clicked on

2018-05-31 14:28:48 - [TEST_STEP][PASSED] - delay: Delayed 3 second(s)

2018-05-31 14:28:51 - [MESSAGE][PASSED] - Delayed 3 second(s)

2018-05-31 14:28:51 - [TEST_STEP][PASSED] - click: Object: 'Object Repository/DispensaryToCms/Page_KDMC - CMS/a_Divisional Store' is clicked on

2018-05-31 14:28:51 - [MESSAGE][PASSED] - Object: 'Object Repository/DispensaryToCms/Page_KDMC - CMS/a_Divisional Store' is clicked on

2018-05-31 14:28:51 - [TEST_STEP][PASSED] - delay: Delayed 2 second(s)

2018-05-31 14:28:53 - [MESSAGE][PASSED] - Delayed 2 second(s)

2018-05-31 14:28:53 - [TEST_STEP][PASSED] - click: Object: 'Object Repository/DispensaryToCms/Page_KDMC - CMS/a_Dispatch Items' is clicked on

2018-05-31 14:28:54 - [MESSAGE][PASSED] - Object: 'Object Repository/DispensaryToCms/Page_KDMC - CMS/a_Dispatch Items' is clicked on

2018-05-31 14:28:54 - [TEST_STEP][PASSED] - delay: Delayed 2 second(s)

2018-05-31 14:28:56 - [MESSAGE][PASSED] - Delayed 2 second(s)

2018-05-31 14:28:56 - [TEST_STEP][PASSED] - setText: Text 'PRNO/31052018/512' is set on object 'Object Repository/DispensaryToCms/Page_KDMC - CMS/input'

2018-05-31 14:28:56 - [MESSAGE][PASSED] - Text 'PRNO/31052018/512' is set on object 'Object Repository/DispensaryToCms/Page_KDMC - CMS/input'

2018-05-31 14:28:56 - [TEST_STEP][PASSED] - click: Object: 'Object Repository/DispensaryToCms/Page_KDMC - CMS/input_PRNO18052018174' is clicked on

2018-05-31 14:28:56 - [MESSAGE][PASSED] - Object: 'Object Repository/DispensaryToCms/Page_KDMC - CMS/input_PRNO18052018174' is clicked on

2018-05-31 14:28:56 - [TEST_STEP][PASSED] - delay: Delayed 3 second(s)

2018-05-31 14:28:59 - [MESSAGE][PASSED] - Delayed 3 second(s)

2018-05-31 14:28:59 - [TEST_STEP][PASSED] - Statement - out.println("Length : " + medicineslength): null

2018-05-31 14:28:59 - [TEST_STEP][PASSED] - Statement - For ([row = 0, row < medicineslength - 1, (row++)]): null

2018-05-31 14:28:59 - [TEST_STEP][PASSED] - Statement - batchlength = new com.kms.katalon.core.testobject.TestObject(): null

2018-05-31 14:28:59 - [TEST_STEP][PASSED] - Statement - batchlength = com.kms.katalon.core.webui.keyword.WebUiBuiltInKeywords.modifyObjectProperty(batchlength, "xpath", "equals", "//*[@id = "fldvendor" + row + ""]", true): Modify property of object successfully

2018-05-31 14:28:59 - [MESSAGE][PASSED] - Modify property of object successfully

2018-05-31 14:28:59 - [TEST_STEP][PASSED] - Statement - batchsize = com.kms.katalon.core.webui.keyword.WebUiBuiltInKeywords.getNumberOfTotalOption(batchlength): 10 options of object '' counted

2018-05-31 14:28:59 - [MESSAGE][PASSED] - 10 options of object '' counted

2018-05-31 14:28:59 - [TEST_STEP][PASSED] - Statement - out.println("BatchSize : " + batchsize): null

2018-05-31 14:28:59 - [TEST_STEP][PASSED] - Statement - For ([n = 1, n <= batchsize - 1, (n++)]): null

2018-05-31 14:28:59 - [TEST_STEP][PASSED] - Statement - product = new com.kms.katalon.core.testobject.TestObject(): null

2018-05-31 14:28:59 - [TEST_STEP][PASSED] - Statement - product = com.kms.katalon.core.webui.keyword.WebUiBuiltInKeywords.modifyObjectProperty(product, "xpath", "equals", "//*[@id = "fldvendor" + row + ""]", true): Modify property of object successfully

2018-05-31 14:28:59 - [MESSAGE][PASSED] - Modify property of object successfully

2018-05-31 14:28:59 - [TEST_STEP][PASSED] - selectOptionByIndex: All options with index in [1] are selected on object ''

2018-05-31 14:29:00 - [MESSAGE][PASSED] - All options with index in [1] are selected on object ''

2018-05-31 14:29:00 - [TEST_STEP][PASSED] - Statement - batch = new com.kms.katalon.core.testobject.TestObject(): null

2018-05-31 14:29:00 - [TEST_STEP][PASSED] - Statement - batch = com.kms.katalon.core.webui.keyword.WebUiBuiltInKeywords.modifyObjectProperty(batch, "xpath", "equals", "//*[@id = "txtbthqty" + row + ""]", true): Modify property of object successfully

2018-05-31 14:29:00 - [MESSAGE][PASSED] - Modify property of object successfully

2018-05-31 14:29:00 - [TEST_STEP][PASSED] - Statement - batchqty = com.kms.katalon.core.webui.keyword.WebUiBuiltInKeywords.getAttribute(batch, "value").trim(): Attribute 'value' of object '' is: '38800'

2018-05-31 14:29:00 - [MESSAGE][PASSED] - Attribute 'value' of object '' is: '38800'

2018-05-31 14:29:00 - [TEST_STEP][PASSED] - Statement - Rqty = 100: null

2018-05-31 14:29:00 - [TEST_STEP][PASSED] - delay: Delayed 2 second(s)

2018-05-31 14:29:02 - [MESSAGE][PASSED] - Delayed 2 second(s)

2018-05-31 14:29:02 - [TEST_STEP][PASSED] - Statement - out.println("BatchQty : " + batchqty): null

2018-05-31 14:29:02 - [TEST_STEP][PASSED] - Statement - out.println("RQty : " + Rqty): null

2018-05-31 14:29:02 - [TEST_STEP][PASSED] - Statement - If (java.lang.Integer.valueOf(batchqty) >= java.lang.Integer.valueOf(Rqty)): null

2018-05-31 14:29:02 - [TEST_STEP][PASSED] - Statement - Break: null

2018-05-31 14:29:02 - [TEST_STEP][PASSED] - Statement - batchlength = new com.kms.katalon.core.testobject.TestObject(): null

2018-05-31 14:29:02 - [TEST_STEP][PASSED] - Statement - batchlength = com.kms.katalon.core.webui.keyword.WebUiBuiltInKeywords.modifyObjectProperty(batchlength, "xpath", "equals", "//*[@id = "fldvendor" + row + ""]", true): Modify property of object successfully

2018-05-31 14:29:02 - [MESSAGE][PASSED] - Modify property of object successfully

2018-05-31 14:29:02 - [TEST_STEP][PASSED] - Statement - batchsize = com.kms.katalon.core.webui.keyword.WebUiBuiltInKeywords.getNumberOfTotalOption(batchlength): 10 options of object '' counted

2018-05-31 14:29:02 - [MESSAGE][PASSED] - 10 options of object '' counted

2018-05-31 14:29:02 - [TEST_STEP][PASSED] - Statement - out.println("BatchSize : " + batchsize): null

2018-05-31 14:29:02 - [TEST_STEP][PASSED] - Statement - For ([n = 1, n <= batchsize - 1, (n++)]): null

2018-05-31 14:29:02 - [TEST_STEP][PASSED] - Statement - product = new com.kms.katalon.core.testobject.TestObject(): null

2018-05-31 14:29:02 - [TEST_STEP][PASSED] - Statement - product = com.kms.katalon.core.webui.keyword.WebUiBuiltInKeywords.modifyObjectProperty(product, "xpath", "equals", "//*[@id = "fldvendor" + row + ""]", true): Modify property of object successfully

2018-05-31 14:29:02 - [MESSAGE][PASSED] - Modify property of object successfully

2018-05-31 14:29:02 - [TEST_STEP][PASSED] - selectOptionByIndex: All options with index in [1] are selected on object ''

2018-05-31 14:29:02 - [MESSAGE][PASSED] - All options with index in [1] are selected on object ''

2018-05-31 14:29:02 - [TEST_STEP][PASSED] - Statement - batch = new com.kms.katalon.core.testobject.TestObject(): null

2018-05-31 14:29:02 - [TEST_STEP][PASSED] - Statement - batch = com.kms.katalon.core.webui.keyword.WebUiBuiltInKeywords.modifyObjectProperty(batch, "xpath", "equals", "//*[@id = "txtbthqty" + row + ""]", true): Modify property of object successfully

2018-05-31 14:29:02 - [MESSAGE][PASSED] - Modify property of object successfully

2018-05-31 14:29:02 - [TEST_STEP][PASSED] - Statement - batchqty = com.kms.katalon.core.webui.keyword.WebUiBuiltInKeywords.getAttribute(batch, "value").trim(): Attribute 'value' of object '' is: '37600'

2018-05-31 14:29:02 - [MESSAGE][PASSED] - Attribute 'value' of object '' is: '37600'

2018-05-31 14:29:02 - [TEST_STEP][PASSED] - Statement - Rqty = 100: null

2018-05-31 14:29:02 - [TEST_STEP][PASSED] - delay: Delayed 2 second(s)

2018-05-31 14:29:04 - [MESSAGE][PASSED] - Delayed 2 second(s)

2018-05-31 14:29:04 - [TEST_STEP][PASSED] - Statement - out.println("BatchQty : " + batchqty): null

2018-05-31 14:29:04 - [TEST_STEP][PASSED] - Statement - out.println("RQty : " + Rqty): null

2018-05-31 14:29:04 - [TEST_STEP][PASSED] - Statement - If (java.lang.Integer.valueOf(batchqty) >= java.lang.Integer.valueOf(Rqty)): null

2018-05-31 14:29:04 - [TEST_STEP][PASSED] - Statement - Break: null

2018-05-31 14:29:04 - [TEST_STEP][PASSED] - Statement - batchlength = new com.kms.katalon.core.testobject.TestObject(): null

2018-05-31 14:29:04 - [TEST_STEP][PASSED] - Statement - batchlength = com.kms.katalon.core.webui.keyword.WebUiBuiltInKeywords.modifyObjectProperty(batchlength, "xpath", "equals", "//*[@id = "fldvendor" + row + ""]", true): Modify property of object successfully

2018-05-31 14:29:04 - [MESSAGE][PASSED] - Modify property of object successfully

2018-05-31 14:29:04 - [TEST_STEP][PASSED] - Statement - batchsize = com.kms.katalon.core.webui.keyword.WebUiBuiltInKeywords.getNumberOfTotalOption(batchlength): 10 options of object '' counted

2018-05-31 14:29:04 - [MESSAGE][PASSED] - 10 options of object '' counted

2018-05-31 14:29:04 - [TEST_STEP][PASSED] - Statement - out.println("BatchSize : " + batchsize): null

2018-05-31 14:29:04 - [TEST_STEP][PASSED] - Statement - For ([n = 1, n <= batchsize - 1, (n++)]): null

2018-05-31 14:29:04 - [TEST_STEP][PASSED] - Statement - product = new com.kms.katalon.core.testobject.TestObject(): null

2018-05-31 14:29:04 - [TEST_STEP][PASSED] - Statement - product = com.kms.katalon.core.webui.keyword.WebUiBuiltInKeywords.modifyObjectProperty(product, "xpath", "equals", "//*[@id = "fldvendor" + row + ""]", true): Modify property of object successfully

2018-05-31 14:29:04 - [MESSAGE][PASSED] - Modify property of object successfully

2018-05-31 14:29:04 - [TEST_STEP][PASSED] - selectOptionByIndex: All options with index in [1] are selected on object ''

2018-05-31 14:29:04 - [MESSAGE][PASSED] - All options with index in [1] are selected on object ''

2018-05-31 14:29:04 - [TEST_STEP][PASSED] - Statement - batch = new com.kms.katalon.core.testobject.TestObject(): null

2018-05-31 14:29:04 - [TEST_STEP][PASSED] - Statement - batch = com.kms.katalon.core.webui.keyword.WebUiBuiltInKeywords.modifyObjectProperty(batch, "xpath", "equals", "//*[@id = "txtbthqty" + row + ""]", true): Modify property of object successfully

2018-05-31 14:29:04 - [MESSAGE][PASSED] - Modify property of object successfully

2018-05-31 14:29:04 - [TEST_STEP][PASSED] - Statement - batchqty = com.kms.katalon.core.webui.keyword.WebUiBuiltInKeywords.getAttribute(batch, "value").trim(): Attribute 'value' of object '' is: '48800'

2018-05-31 14:29:04 - [MESSAGE][PASSED] - Attribute 'value' of object '' is: '48800'

2018-05-31 14:29:04 - [TEST_STEP][PASSED] - Statement - Rqty = 100: null

2018-05-31 14:29:04 - [TEST_STEP][PASSED] - delay: Delayed 2 second(s)

2018-05-31 14:29:06 - [MESSAGE][PASSED] - Delayed 2 second(s)

2018-05-31 14:29:06 - [TEST_STEP][PASSED] - Statement - out.println("BatchQty : " + batchqty): null

2018-05-31 14:29:06 - [TEST_STEP][PASSED] - Statement - out.println("RQty : " + Rqty): null

2018-05-31 14:29:06 - [TEST_STEP][PASSED] - Statement - If (java.lang.Integer.valueOf(batchqty) >= java.lang.Integer.valueOf(Rqty)): null

2018-05-31 14:29:06 - [TEST_STEP][PASSED] - Statement - Break: null

2018-05-31 14:29:06 - [TEST_STEP][PASSED] - Statement - batchlength = new com.kms.katalon.core.testobject.TestObject(): null

2018-05-31 14:29:06 - [TEST_STEP][PASSED] - Statement - batchlength = com.kms.katalon.core.webui.keyword.WebUiBuiltInKeywords.modifyObjectProperty(batchlength, "xpath", "equals", "//*[@id = "fldvendor" + row + ""]", true): Modify property of object successfully

2018-05-31 14:29:06 - [MESSAGE][PASSED] - Modify property of object successfully

2018-05-31 14:29:06 - [TEST_STEP][PASSED] - Statement - batchsize = com.kms.katalon.core.webui.keyword.WebUiBuiltInKeywords.getNumberOfTotalOption(batchlength): 10 options of object '' counted

2018-05-31 14:29:06 - [MESSAGE][PASSED] - 10 options of object '' counted

2018-05-31 14:29:06 - [TEST_STEP][PASSED] - Statement - out.println("BatchSize : " + batchsize): null

2018-05-31 14:29:06 - [TEST_STEP][PASSED] - Statement - For ([n = 1, n <= batchsize - 1, (n++)]): null

2018-05-31 14:29:06 - [TEST_STEP][PASSED] - Statement - product = new com.kms.katalon.core.testobject.TestObject(): null

2018-05-31 14:29:06 - [TEST_STEP][PASSED] - Statement - product = com.kms.katalon.core.webui.keyword.WebUiBuiltInKeywords.modifyObjectProperty(product, "xpath", "equals", "//*[@id = "fldvendor" + row + ""]", true): Modify property of object successfully

2018-05-31 14:29:06 - [MESSAGE][PASSED] - Modify property of object successfully

2018-05-31 14:29:06 - [TEST_STEP][PASSED] - selectOptionByIndex: All options with index in [1] are selected on object ''

2018-05-31 14:29:06 - [MESSAGE][PASSED] - All options with index in [1] are selected on object ''

2018-05-31 14:29:06 - [TEST_STEP][PASSED] - Statement - batch = new com.kms.katalon.core.testobject.TestObject(): null

2018-05-31 14:29:06 - [TEST_STEP][PASSED] - Statement - batch = com.kms.katalon.core.webui.keyword.WebUiBuiltInKeywords.modifyObjectProperty(batch, "xpath", "equals", "//*[@id = "txtbthqty" + row + ""]", true): Modify property of object successfully

2018-05-31 14:29:06 - [MESSAGE][PASSED] - Modify property of object successfully

2018-05-31 14:29:06 - [TEST_STEP][PASSED] - Statement - batchqty = com.kms.katalon.core.webui.keyword.WebUiBuiltInKeywords.getAttribute(batch, "value").trim(): Attribute 'value' of object '' is: '48800'

2018-05-31 14:29:06 - [MESSAGE][PASSED] - Attribute 'value' of object '' is: '48800'

2018-05-31 14:29:06 - [TEST_STEP][PASSED] - Statement - Rqty = 100: null

2018-05-31 14:29:06 - [TEST_STEP][PASSED] - delay: Delayed 2 second(s)

2018-05-31 14:29:08 - [MESSAGE][PASSED] - Delayed 2 second(s)

2018-05-31 14:29:08 - [TEST_STEP][PASSED] - Statement - out.println("BatchQty : " + batchqty): null

2018-05-31 14:29:08 - [TEST_STEP][PASSED] - Statement - out.println("RQty : " + Rqty): null

2018-05-31 14:29:08 - [TEST_STEP][PASSED] - Statement - If (java.lang.Integer.valueOf(batchqty) >= java.lang.Integer.valueOf(Rqty)): null

2018-05-31 14:29:08 - [TEST_STEP][PASSED] - Statement - Break: null

2018-05-31 14:29:08 - [TEST_STEP][PASSED] - Statement - batchlength = new com.kms.katalon.core.testobject.TestObject(): null

2018-05-31 14:29:08 - [TEST_STEP][PASSED] - Statement - batchlength = com.kms.katalon.core.webui.keyword.WebUiBuiltInKeywords.modifyObjectProperty(batchlength, "xpath", "equals", "//*[@id = "fldvendor" + row + ""]", true): Modify property of object successfully

2018-05-31 14:29:08 - [MESSAGE][PASSED] - Modify property of object successfully

2018-05-31 14:29:08 - [TEST_STEP][PASSED] - Statement - batchsize = com.kms.katalon.core.webui.keyword.WebUiBuiltInKeywords.getNumberOfTotalOption(batchlength): 10 options of object '' counted

2018-05-31 14:29:09 - [MESSAGE][PASSED] - 10 options of object '' counted

2018-05-31 14:29:09 - [TEST_STEP][PASSED] - Statement - out.println("BatchSize : " + batchsize): null

2018-05-31 14:29:09 - [TEST_STEP][PASSED] - Statement - For ([n = 1, n <= batchsize - 1, (n++)]): null

2018-05-31 14:29:09 - [TEST_STEP][PASSED] - Statement - product = new com.kms.katalon.core.testobject.TestObject(): null

2018-05-31 14:29:09 - [TEST_STEP][PASSED] - Statement - product = com.kms.katalon.core.webui.keyword.WebUiBuiltInKeywords.modifyObjectProperty(product, "xpath", "equals", "//*[@id = "fldvendor" + row + ""]", true): Modify property of object successfully

2018-05-31 14:29:09 - [MESSAGE][PASSED] - Modify property of object successfully

2018-05-31 14:29:09 - [TEST_STEP][PASSED] - selectOptionByIndex: All options with index in [1] are selected on object ''

2018-05-31 14:29:09 - [MESSAGE][PASSED] - All options with index in [1] are selected on object ''

2018-05-31 14:29:09 - [TEST_STEP][PASSED] - Statement - batch = new com.kms.katalon.core.testobject.TestObject(): null

2018-05-31 14:29:09 - [TEST_STEP][PASSED] - Statement - batch = com.kms.katalon.core.webui.keyword.WebUiBuiltInKeywords.modifyObjectProperty(batch, "xpath", "equals", "//*[@id = "txtbthqty" + row + ""]", true): Modify property of object successfully

2018-05-31 14:29:09 - [MESSAGE][PASSED] - Modify property of object successfully

2018-05-31 14:29:09 - [TEST_STEP][PASSED] - Statement - batchqty = com.kms.katalon.core.webui.keyword.WebUiBuiltInKeywords.getAttribute(batch, "value").trim(): Attribute 'value' of object '' is: '49900'

2018-05-31 14:29:09 - [MESSAGE][PASSED] - Attribute 'value' of object '' is: '49900'

2018-05-31 14:29:09 - [TEST_STEP][PASSED] - Statement - Rqty = 100: null

2018-05-31 14:29:09 - [TEST_STEP][PASSED] - delay: Delayed 2 second(s)

2018-05-31 14:29:11 - [MESSAGE][PASSED] - Delayed 2 second(s)

2018-05-31 14:29:11 - [TEST_STEP][PASSED] - Statement - out.println("BatchQty : " + batchqty): null

2018-05-31 14:29:11 - [TEST_STEP][PASSED] - Statement - out.println("RQty : " + Rqty): null

2018-05-31 14:29:11 - [TEST_STEP][PASSED] - Statement - If (java.lang.Integer.valueOf(batchqty) >= java.lang.Integer.valueOf(Rqty)): null

2018-05-31 14:29:11 - [TEST_STEP][PASSED] - Statement - Break: null

2018-05-31 14:29:11 - [TEST_STEP][PASSED] - Statement - batchlength = new com.kms.katalon.core.testobject.TestObject(): null

2018-05-31 14:29:11 - [TEST_STEP][PASSED] - Statement - batchlength = com.kms.katalon.core.webui.keyword.WebUiBuiltInKeywords.modifyObjectProperty(batchlength, "xpath", "equals", "//*[@id = "fldvendor" + row + ""]", true): Modify property of object successfully

2018-05-31 14:29:11 - [MESSAGE][PASSED] - Modify property of object successfully

2018-05-31 14:29:11 - [TEST_STEP][PASSED] - Statement - batchsize = com.kms.katalon.core.webui.keyword.WebUiBuiltInKeywords.getNumberOfTotalOption(batchlength): 10 options of object '' counted

2018-05-31 14:29:11 - [MESSAGE][PASSED] - 10 options of object '' counted

2018-05-31 14:29:11 - [TEST_STEP][PASSED] - Statement - out.println("BatchSize : " + batchsize): null

2018-05-31 14:29:11 - [TEST_STEP][PASSED] - Statement - For ([n = 1, n <= batchsize - 1, (n++)]): null

2018-05-31 14:29:11 - [TEST_STEP][PASSED] - Statement - product = new com.kms.katalon.core.testobject.TestObject(): null

2018-05-31 14:29:11 - [TEST_STEP][PASSED] - Statement - product = com.kms.katalon.core.webui.keyword.WebUiBuiltInKeywords.modifyObjectProperty(product, "xpath", "equals", "//*[@id = "fldvendor" + row + ""]", true): Modify property of object successfully

2018-05-31 14:29:11 - [MESSAGE][PASSED] - Modify property of object successfully

2018-05-31 14:29:11 - [TEST_STEP][PASSED] - selectOptionByIndex: All options with index in [1] are selected on object ''

2018-05-31 14:29:11 - [MESSAGE][PASSED] - All options with index in [1] are selected on object ''

2018-05-31 14:29:11 - [TEST_STEP][PASSED] - Statement - batch = new com.kms.katalon.core.testobject.TestObject(): null

2018-05-31 14:29:11 - [TEST_STEP][PASSED] - Statement - batch = com.kms.katalon.core.webui.keyword.WebUiBuiltInKeywords.modifyObjectProperty(batch, "xpath", "equals", "//*[@id = "txtbthqty" + row + ""]", true): Modify property of object successfully

2018-05-31 14:29:11 - [MESSAGE][PASSED] - Modify property of object successfully

2018-05-31 14:29:11 - [TEST_STEP][PASSED] - Statement - batchqty = com.kms.katalon.core.webui.keyword.WebUiBuiltInKeywords.getAttribute(batch, "value").trim(): Attribute 'value' of object '' is: '48800'

2018-05-31 14:29:11 - [MESSAGE][PASSED] - Attribute 'value' of object '' is: '48800'

2018-05-31 14:29:11 - [TEST_STEP][PASSED] - Statement - Rqty = 100: null

2018-05-31 14:29:11 - [TEST_STEP][PASSED] - delay: Delayed 2 second(s)

2018-05-31 14:29:13 - [MESSAGE][PASSED] - Delayed 2 second(s)

2018-05-31 14:29:13 - [TEST_STEP][PASSED] - Statement - out.println("BatchQty : " + batchqty): null

2018-05-31 14:29:13 - [TEST_STEP][PASSED] - Statement - out.println("RQty : " + Rqty): null

2018-05-31 14:29:13 - [TEST_STEP][PASSED] - Statement - If (java.lang.Integer.valueOf(batchqty) >= java.lang.Integer.valueOf(Rqty)): null

2018-05-31 14:29:13 - [TEST_STEP][PASSED] - Statement - Break: null

2018-05-31 14:29:13 - [TEST_STEP][PASSED] - Statement - batchlength = new com.kms.katalon.core.testobject.TestObject(): null

2018-05-31 14:29:13 - [TEST_STEP][PASSED] - Statement - batchlength = com.kms.katalon.core.webui.keyword.WebUiBuiltInKeywords.modifyObjectProperty(batchlength, "xpath", "equals", "//*[@id = "fldvendor" + row + ""]", true): Modify property of object successfully

2018-05-31 14:29:13 - [MESSAGE][PASSED] - Modify property of object successfully

2018-05-31 14:29:13 - [TEST_STEP][PASSED] - Statement - batchsize = com.kms.katalon.core.webui.keyword.WebUiBuiltInKeywords.getNumberOfTotalOption(batchlength): 10 options of object '' counted

2018-05-31 14:29:13 - [MESSAGE][PASSED] - 10 options of object '' counted

2018-05-31 14:29:13 - [TEST_STEP][PASSED] - Statement - out.println("BatchSize : " + batchsize): null

2018-05-31 14:29:13 - [TEST_STEP][PASSED] - Statement - For ([n = 1, n <= batchsize - 1, (n++)]): null

2018-05-31 14:29:13 - [TEST_STEP][PASSED] - Statement - product = new com.kms.katalon.core.testobject.TestObject(): null

2018-05-31 14:29:13 - [TEST_STEP][PASSED] - Statement - product = com.kms.katalon.core.webui.keyword.WebUiBuiltInKeywords.modifyObjectProperty(product, "xpath", "equals", "//*[@id = "fldvendor" + row + ""]", true): Modify property of object successfully

2018-05-31 14:29:13 - [MESSAGE][PASSED] - Modify property of object successfully

2018-05-31 14:29:13 - [TEST_STEP][PASSED] - selectOptionByIndex: All options with index in [1] are selected on object ''

2018-05-31 14:29:13 - [MESSAGE][PASSED] - All options with index in [1] are selected on object ''

2018-05-31 14:29:13 - [TEST_STEP][PASSED] - Statement - batch = new com.kms.katalon.core.testobject.TestObject(): null

2018-05-31 14:29:13 - [TEST_STEP][PASSED] - Statement - batch = com.kms.katalon.core.webui.keyword.WebUiBuiltInKeywords.modifyObjectProperty(batch, "xpath", "equals", "//*[@id = "txtbthqty" + row + ""]", true): Modify property of object successfully

2018-05-31 14:29:13 - [MESSAGE][PASSED] - Modify property of object successfully

2018-05-31 14:29:13 - [TEST_STEP][PASSED] - Statement - batchqty = com.kms.katalon.core.webui.keyword.WebUiBuiltInKeywords.getAttribute(batch, "value").trim(): Attribute 'value' of object '' is: '49700'

2018-05-31 14:29:13 - [MESSAGE][PASSED] - Attribute 'value' of object '' is: '49700'

2018-05-31 14:29:13 - [TEST_STEP][PASSED] - Statement - Rqty = 100: null

2018-05-31 14:29:13 - [TEST_STEP][PASSED] - delay: Delayed 2 second(s)

2018-05-31 14:29:15 - [MESSAGE][PASSED] - Delayed 2 second(s)

2018-05-31 14:29:15 - [TEST_STEP][PASSED] - Statement - out.println("BatchQty : " + batchqty): null

2018-05-31 14:29:15 - [TEST_STEP][PASSED] - Statement - out.println("RQty : " + Rqty): null

2018-05-31 14:29:15 - [TEST_STEP][PASSED] - Statement - If (java.lang.Integer.valueOf(batchqty) >= java.lang.Integer.valueOf(Rqty)): null

2018-05-31 14:29:15 - [TEST_STEP][PASSED] - Statement - Break: null

2018-05-31 14:29:15 - [TEST_STEP][PASSED] - Statement - batchlength = new com.kms.katalon.core.testobject.TestObject(): null

2018-05-31 14:29:15 - [TEST_STEP][PASSED] - Statement - batchlength = com.kms.katalon.core.webui.keyword.WebUiBuiltInKeywords.modifyObjectProperty(batchlength, "xpath", "equals", "//*[@id = "fldvendor" + row + ""]", true): Modify property of object successfully

2018-05-31 14:29:15 - [MESSAGE][PASSED] - Modify property of object successfully

2018-05-31 14:29:15 - [TEST_STEP][PASSED] - Statement - batchsize = com.kms.katalon.core.webui.keyword.WebUiBuiltInKeywords.getNumberOfTotalOption(batchlength): 10 options of object '' counted

2018-05-31 14:29:15 - [MESSAGE][PASSED] - 10 options of object '' counted

2018-05-31 14:29:15 - [TEST_STEP][PASSED] - Statement - out.println("BatchSize : " + batchsize): null

2018-05-31 14:29:15 - [TEST_STEP][PASSED] - Statement - For ([n = 1, n <= batchsize - 1, (n++)]): null

2018-05-31 14:29:15 - [TEST_STEP][PASSED] - Statement - product = new com.kms.katalon.core.testobject.TestObject(): null

2018-05-31 14:29:15 - [TEST_STEP][PASSED] - Statement - product = com.kms.katalon.core.webui.keyword.WebUiBuiltInKeywords.modifyObjectProperty(product, "xpath", "equals", "//*[@id = "fldvendor" + row + ""]", true): Modify property of object successfully

2018-05-31 14:29:15 - [MESSAGE][PASSED] - Modify property of object successfully

2018-05-31 14:29:15 - [TEST_STEP][PASSED] - selectOptionByIndex: All options with index in [1] are selected on object ''

2018-05-31 14:29:15 - [MESSAGE][PASSED] - All options with index in [1] are selected on object ''

2018-05-31 14:29:15 - [TEST_STEP][PASSED] - Statement - batch = new com.kms.katalon.core.testobject.TestObject(): null

2018-05-31 14:29:15 - [TEST_STEP][PASSED] - Statement - batch = com.kms.katalon.core.webui.keyword.WebUiBuiltInKeywords.modifyObjectProperty(batch, "xpath", "equals", "//*[@id = "txtbthqty" + row + ""]", true): Modify property of object successfully

2018-05-31 14:29:15 - [MESSAGE][PASSED] - Modify property of object successfully

2018-05-31 14:29:15 - [TEST_STEP][PASSED] - Statement - batchqty = com.kms.katalon.core.webui.keyword.WebUiBuiltInKeywords.getAttribute(batch, "value").trim(): Attribute 'value' of object '' is: '37800'

2018-05-31 14:29:15 - [MESSAGE][PASSED] - Attribute 'value' of object '' is: '37800'

2018-05-31 14:29:15 - [TEST_STEP][PASSED] - Statement - Rqty = 100: null

2018-05-31 14:29:15 - [TEST_STEP][PASSED] - delay: Delayed 2 second(s)

2018-05-31 14:29:17 - [MESSAGE][PASSED] - Delayed 2 second(s)

2018-05-31 14:29:17 - [TEST_STEP][PASSED] - Statement - out.println("BatchQty : " + batchqty): null

2018-05-31 14:29:17 - [TEST_STEP][PASSED] - Statement - out.println("RQty : " + Rqty): null

2018-05-31 14:29:17 - [TEST_STEP][PASSED] - Statement - If (java.lang.Integer.valueOf(batchqty) >= java.lang.Integer.valueOf(Rqty)): null

2018-05-31 14:29:17 - [TEST_STEP][PASSED] - Statement - Break: null

2018-05-31 14:29:17 - [TEST_STEP][PASSED] - Statement - batchlength = new com.kms.katalon.core.testobject.TestObject(): null

2018-05-31 14:29:17 - [TEST_STEP][PASSED] - Statement - batchlength = com.kms.katalon.core.webui.keyword.WebUiBuiltInKeywords.modifyObjectProperty(batchlength, "xpath", "equals", "//*[@id = "fldvendor" + row + ""]", true): Modify property of object successfully

2018-05-31 14:29:17 - [MESSAGE][PASSED] - Modify property of object successfully

2018-05-31 14:29:17 - [TEST_STEP][PASSED] - Statement - batchsize = com.kms.katalon.core.webui.keyword.WebUiBuiltInKeywords.getNumberOfTotalOption(batchlength): 10 options of object '' counted

2018-05-31 14:29:18 - [MESSAGE][PASSED] - 10 options of object '' counted

2018-05-31 14:29:18 - [TEST_STEP][PASSED] - Statement - out.println("BatchSize : " + batchsize): null

2018-05-31 14:29:18 - [TEST_STEP][PASSED] - Statement - For ([n = 1, n <= batchsize - 1, (n++)]): null

2018-05-31 14:29:18 - [TEST_STEP][PASSED] - Statement - product = new com.kms.katalon.core.testobject.TestObject(): null

2018-05-31 14:29:18 - [TEST_STEP][PASSED] - Statement - product = com.kms.katalon.core.webui.keyword.WebUiBuiltInKeywords.modifyObjectProperty(product, "xpath", "equals", "//*[@id = "fldvendor" + row + ""]", true): Modify property of object successfully

2018-05-31 14:29:18 - [MESSAGE][PASSED] - Modify property of object successfully

2018-05-31 14:29:18 - [TEST_STEP][PASSED] - selectOptionByIndex: All options with index in [1] are selected on object ''

2018-05-31 14:29:18 - [MESSAGE][PASSED] - All options with index in [1] are selected on object ''

2018-05-31 14:29:18 - [TEST_STEP][PASSED] - Statement - batch = new com.kms.katalon.core.testobject.TestObject(): null

2018-05-31 14:29:18 - [TEST_STEP][PASSED] - Statement - batch = com.kms.katalon.core.webui.keyword.WebUiBuiltInKeywords.modifyObjectProperty(batch, "xpath", "equals", "//*[@id = "txtbthqty" + row + ""]", true): Modify property of object successfully

2018-05-31 14:29:18 - [MESSAGE][PASSED] - Modify property of object successfully

2018-05-31 14:29:18 - [TEST_STEP][PASSED] - Statement - batchqty = com.kms.katalon.core.webui.keyword.WebUiBuiltInKeywords.getAttribute(batch, "value").trim(): Attribute 'value' of object '' is: '49700'

2018-05-31 14:29:18 - [MESSAGE][PASSED] - Attribute 'value' of object '' is: '49700'

2018-05-31 14:29:18 - [TEST_STEP][PASSED] - Statement - Rqty = 100: null

2018-05-31 14:29:18 - [TEST_STEP][PASSED] - delay: Delayed 2 second(s)

2018-05-31 14:29:20 - [MESSAGE][PASSED] - Delayed 2 second(s)

2018-05-31 14:29:20 - [TEST_STEP][PASSED] - Statement - out.println("BatchQty : " + batchqty): null

2018-05-31 14:29:20 - [TEST_STEP][PASSED] - Statement - out.println("RQty : " + Rqty): null

2018-05-31 14:29:20 - [TEST_STEP][PASSED] - Statement - If (java.lang.Integer.valueOf(batchqty) >= java.lang.Integer.valueOf(Rqty)): null

2018-05-31 14:29:20 - [TEST_STEP][PASSED] - Statement - Break: null

2018-05-31 14:29:20 - [TEST_STEP][PASSED] - Statement - batchlength = new com.kms.katalon.core.testobject.TestObject(): null

2018-05-31 14:29:20 - [TEST_STEP][PASSED] - Statement - batchlength = com.kms.katalon.core.webui.keyword.WebUiBuiltInKeywords.modifyObjectProperty(batchlength, "xpath", "equals", "//*[@id = "fldvendor" + row + ""]", true): Modify property of object successfully

2018-05-31 14:29:20 - [MESSAGE][PASSED] - Modify property of object successfully

2018-05-31 14:29:20 - [TEST_STEP][PASSED] - Statement - batchsize = com.kms.katalon.core.webui.keyword.WebUiBuiltInKeywords.getNumberOfTotalOption(batchlength): 10 options of object '' counted

2018-05-31 14:29:20 - [MESSAGE][PASSED] - 10 options of object '' counted

2018-05-31 14:29:20 - [TEST_STEP][PASSED] - Statement - out.println("BatchSize : " + batchsize): null

2018-05-31 14:29:20 - [TEST_STEP][PASSED] - Statement - For ([n = 1, n <= batchsize - 1, (n++)]): null

2018-05-31 14:29:20 - [TEST_STEP][PASSED] - Statement - product = new com.kms.katalon.core.testobject.TestObject(): null

2018-05-31 14:29:20 - [TEST_STEP][PASSED] - Statement - product = com.kms.katalon.core.webui.keyword.WebUiBuiltInKeywords.modifyObjectProperty(product, "xpath", "equals", "//*[@id = "fldvendor" + row + ""]", true): Modify property of object successfully

2018-05-31 14:29:20 - [MESSAGE][PASSED] - Modify property of object successfully

2018-05-31 14:29:20 - [TEST_STEP][PASSED] - selectOptionByIndex: All options with index in [1] are selected on object ''

2018-05-31 14:29:20 - [MESSAGE][PASSED] - All options with index in [1] are selected on object ''

2018-05-31 14:29:20 - [TEST_STEP][PASSED] - Statement - batch = new com.kms.katalon.core.testobject.TestObject(): null

2018-05-31 14:29:20 - [TEST_STEP][PASSED] - Statement - batch = com.kms.katalon.core.webui.keyword.WebUiBuiltInKeywords.modifyObjectProperty(batch, "xpath", "equals", "//*[@id = "txtbthqty" + row + ""]", true): Modify property of object successfully

2018-05-31 14:29:20 - [MESSAGE][PASSED] - Modify property of object successfully

2018-05-31 14:29:20 - [TEST_STEP][PASSED] - Statement - batchqty = com.kms.katalon.core.webui.keyword.WebUiBuiltInKeywords.getAttribute(batch, "value").trim(): Attribute 'value' of object '' is: '37800'

2018-05-31 14:29:20 - [MESSAGE][PASSED] - Attribute 'value' of object '' is: '37800'

2018-05-31 14:29:20 - [TEST_STEP][PASSED] - Statement - Rqty = 100: null

2018-05-31 14:29:20 - [TEST_STEP][PASSED] - delay: Delayed 2 second(s)

2018-05-31 14:29:22 - [MESSAGE][PASSED] - Delayed 2 second(s)

2018-05-31 14:29:22 - [TEST_STEP][PASSED] - Statement - out.println("BatchQty : " + batchqty): null

2018-05-31 14:29:22 - [TEST_STEP][PASSED] - Statement - out.println("RQty : " + Rqty): null

2018-05-31 14:29:22 - [TEST_STEP][PASSED] - Statement - If (java.lang.Integer.valueOf(batchqty) >= java.lang.Integer.valueOf(Rqty)): null

2018-05-31 14:29:22 - [TEST_STEP][PASSED] - Statement - Break: null

2018-05-31 14:29:22 - [TEST_STEP][PASSED] - Statement - batchlength = new com.kms.katalon.core.testobject.TestObject(): null

2018-05-31 14:29:22 - [TEST_STEP][PASSED] - Statement - batchlength = com.kms.katalon.core.webui.keyword.WebUiBuiltInKeywords.modifyObjectProperty(batchlength, "xpath", "equals", "//*[@id = "fldvendor" + row + ""]", true): Modify property of object successfully

2018-05-31 14:29:22 - [MESSAGE][PASSED] - Modify property of object successfully

2018-05-31 14:29:22 - [TEST_STEP][PASSED] - Statement - batchsize = com.kms.katalon.core.webui.keyword.WebUiBuiltInKeywords.getNumberOfTotalOption(batchlength): 10 options of object '' counted

2018-05-31 14:29:22 - [MESSAGE][PASSED] - 10 options of object '' counted

2018-05-31 14:29:22 - [TEST_STEP][PASSED] - Statement - out.println("BatchSize : " + batchsize): null

2018-05-31 14:29:22 - [TEST_STEP][PASSED] - Statement - For ([n = 1, n <= batchsize - 1, (n++)]): null

2018-05-31 14:29:22 - [TEST_STEP][PASSED] - Statement - product = new com.kms.katalon.core.testobject.TestObject(): null

2018-05-31 14:29:22 - [TEST_STEP][PASSED] - Statement - product = com.kms.katalon.core.webui.keyword.WebUiBuiltInKeywords.modifyObjectProperty(product, "xpath", "equals", "//*[@id = "fldvendor" + row + ""]", true): Modify property of object successfully

2018-05-31 14:29:22 - [MESSAGE][PASSED] - Modify property of object successfully

2018-05-31 14:29:22 - [TEST_STEP][PASSED] - selectOptionByIndex: All options with index in [1] are selected on object ''

2018-05-31 14:29:22 - [MESSAGE][PASSED] - All options with index in [1] are selected on object ''

2018-05-31 14:29:22 - [TEST_STEP][PASSED] - Statement - batch = new com.kms.katalon.core.testobject.TestObject(): null

2018-05-31 14:29:22 - [TEST_STEP][PASSED] - Statement - batch = com.kms.katalon.core.webui.keyword.WebUiBuiltInKeywords.modifyObjectProperty(batch, "xpath", "equals", "//*[@id = "txtbthqty" + row + ""]", true): Modify property of object successfully

2018-05-31 14:29:22 - [MESSAGE][PASSED] - Modify property of object successfully

2018-05-31 14:29:22 - [TEST_STEP][PASSED] - Statement - batchqty = com.kms.katalon.core.webui.keyword.WebUiBuiltInKeywords.getAttribute(batch, "value").trim(): Attribute 'value' of object '' is: '48800'

2018-05-31 14:29:22 - [MESSAGE][PASSED] - Attribute 'value' of object '' is: '48800'

2018-05-31 14:29:22 - [TEST_STEP][PASSED] - Statement - Rqty = 100: null

2018-05-31 14:29:22 - [TEST_STEP][PASSED] - delay: Delayed 2 second(s)

2018-05-31 14:29:24 - [MESSAGE][PASSED] - Delayed 2 second(s)

2018-05-31 14:29:24 - [TEST_STEP][PASSED] - Statement - out.println("BatchQty : " + batchqty): null

2018-05-31 14:29:24 - [TEST_STEP][PASSED] - Statement - out.println("RQty : " + Rqty): null

2018-05-31 14:29:24 - [TEST_STEP][PASSED] - Statement - If (java.lang.Integer.valueOf(batchqty) >= java.lang.Integer.valueOf(Rqty)): null

2018-05-31 14:29:24 - [TEST_STEP][PASSED] - Statement - Break: null

2018-05-31 14:29:24 - [TEST_STEP][PASSED] - Statement - batchlength = new com.kms.katalon.core.testobject.TestObject(): null

2018-05-31 14:29:24 - [TEST_STEP][PASSED] - Statement - batchlength = com.kms.katalon.core.webui.keyword.WebUiBuiltInKeywords.modifyObjectProperty(batchlength, "xpath", "equals", "//*[@id = "fldvendor" + row + ""]", true): Modify property of object successfully

2018-05-31 14:29:24 - [MESSAGE][PASSED] - Modify property of object successfully

2018-05-31 14:29:24 - [TEST_STEP][PASSED] - Statement - batchsize = com.kms.katalon.core.webui.keyword.WebUiBuiltInKeywords.getNumberOfTotalOption(batchlength): 10 options of object '' counted

2018-05-31 14:29:24 - [MESSAGE][PASSED] - 10 options of object '' counted

2018-05-31 14:29:24 - [TEST_STEP][PASSED] - Statement - out.println("BatchSize : " + batchsize): null

2018-05-31 14:29:24 - [TEST_STEP][PASSED] - Statement - For ([n = 1, n <= batchsize - 1, (n++)]): null

2018-05-31 14:29:24 - [TEST_STEP][PASSED] - Statement - product = new com.kms.katalon.core.testobject.TestObject(): null

2018-05-31 14:29:24 - [TEST_STEP][PASSED] - Statement - product = com.kms.katalon.core.webui.keyword.WebUiBuiltInKeywords.modifyObjectProperty(product, "xpath", "equals", "//*[@id = "fldvendor" + row + ""]", true): Modify property of object successfully

2018-05-31 14:29:24 - [MESSAGE][PASSED] - Modify property of object successfully

2018-05-31 14:29:24 - [TEST_STEP][PASSED] - selectOptionByIndex: All options with index in [1] are selected on object ''

2018-05-31 14:29:24 - [MESSAGE][PASSED] - All options with index in [1] are selected on object ''

2018-05-31 14:29:24 - [TEST_STEP][PASSED] - Statement - batch = new com.kms.katalon.core.testobject.TestObject(): null

2018-05-31 14:29:24 - [TEST_STEP][PASSED] - Statement - batch = com.kms.katalon.core.webui.keyword.WebUiBuiltInKeywords.modifyObjectProperty(batch, "xpath", "equals", "//*[@id = "txtbthqty" + row + ""]", true): Modify property of object successfully

2018-05-31 14:29:24 - [MESSAGE][PASSED] - Modify property of object successfully

2018-05-31 14:29:24 - [TEST_STEP][PASSED] - Statement - batchqty = com.kms.katalon.core.webui.keyword.WebUiBuiltInKeywords.getAttribute(batch, "value").trim(): Attribute 'value' of object '' is: '48800'

2018-05-31 14:29:25 - [MESSAGE][PASSED] - Attribute 'value' of object '' is: '48800'

2018-05-31 14:29:25 - [TEST_STEP][PASSED] - Statement - Rqty = 100: null

2018-05-31 14:29:25 - [TEST_STEP][PASSED] - delay: Delayed 2 second(s)

2018-05-31 14:29:27 - [MESSAGE][PASSED] - Delayed 2 second(s)

2018-05-31 14:29:27 - [TEST_STEP][PASSED] - Statement - out.println("BatchQty : " + batchqty): null

2018-05-31 14:29:27 - [TEST_STEP][PASSED] - Statement - out.println("RQty : " + Rqty): null

2018-05-31 14:29:27 - [TEST_STEP][PASSED] - Statement - If (java.lang.Integer.valueOf(batchqty) >= java.lang.Integer.valueOf(Rqty)): null

2018-05-31 14:29:27 - [TEST_STEP][PASSED] - Statement - Break: null

2018-05-31 14:29:27 - [TEST_STEP][PASSED] - Statement - batchlength = new com.kms.katalon.core.testobject.TestObject(): null

2018-05-31 14:29:27 - [TEST_STEP][PASSED] - Statement - batchlength = com.kms.katalon.core.webui.keyword.WebUiBuiltInKeywords.modifyObjectProperty(batchlength, "xpath", "equals", "//*[@id = "fldvendor" + row + ""]", true): Modify property of object successfully

2018-05-31 14:29:27 - [MESSAGE][PASSED] - Modify property of object successfully

2018-05-31 14:29:27 - [TEST_STEP][PASSED] - Statement - batchsize = com.kms.katalon.core.webui.keyword.WebUiBuiltInKeywords.getNumberOfTotalOption(batchlength): 10 options of object '' counted

2018-05-31 14:29:27 - [MESSAGE][PASSED] - 10 options of object '' counted

2018-05-31 14:29:27 - [TEST_STEP][PASSED] - Statement - out.println("BatchSize : " + batchsize): null

2018-05-31 14:29:27 - [TEST_STEP][PASSED] - Statement - For ([n = 1, n <= batchsize - 1, (n++)]): null

2018-05-31 14:29:27 - [TEST_STEP][PASSED] - Statement - product = new com.kms.katalon.core.testobject.TestObject(): null

2018-05-31 14:29:27 - [TEST_STEP][PASSED] - Statement - product = com.kms.katalon.core.webui.keyword.WebUiBuiltInKeywords.modifyObjectProperty(product, "xpath", "equals", "//*[@id = "fldvendor" + row + ""]", true): Modify property of object successfully

2018-05-31 14:29:27 - [MESSAGE][PASSED] - Modify property of object successfully

2018-05-31 14:29:27 - [TEST_STEP][PASSED] - selectOptionByIndex: All options with index in [1] are selected on object ''

2018-05-31 14:29:27 - [MESSAGE][PASSED] - All options with index in [1] are selected on object ''

2018-05-31 14:29:27 - [TEST_STEP][PASSED] - Statement - batch = new com.kms.katalon.core.testobject.TestObject(): null

2018-05-31 14:29:27 - [TEST_STEP][PASSED] - Statement - batch = com.kms.katalon.core.webui.keyword.WebUiBuiltInKeywords.modifyObjectProperty(batch, "xpath", "equals", "//*[@id = "txtbthqty" + row + ""]", true): Modify property of object successfully

2018-05-31 14:29:27 - [MESSAGE][PASSED] - Modify property of object successfully

2018-05-31 14:29:27 - [TEST_STEP][PASSED] - Statement - batchqty = com.kms.katalon.core.webui.keyword.WebUiBuiltInKeywords.getAttribute(batch, "value").trim(): Attribute 'value' of object '' is: '49900'

2018-05-31 14:29:27 - [MESSAGE][PASSED] - Attribute 'value' of object '' is: '49900'

2018-05-31 14:29:27 - [TEST_STEP][PASSED] - Statement - Rqty = 100: null

2018-05-31 14:29:27 - [TEST_STEP][PASSED] - delay: Delayed 2 second(s)

2018-05-31 14:29:29 - [MESSAGE][PASSED] - Delayed 2 second(s)

2018-05-31 14:29:29 - [TEST_STEP][PASSED] - Statement - out.println("BatchQty : " + batchqty): null

2018-05-31 14:29:29 - [TEST_STEP][PASSED] - Statement - out.println("RQty : " + Rqty): null

2018-05-31 14:29:29 - [TEST_STEP][PASSED] - Statement - If (java.lang.Integer.valueOf(batchqty) >= java.lang.Integer.valueOf(Rqty)): null

2018-05-31 14:29:29 - [TEST_STEP][PASSED] - Statement - Break: null

2018-05-31 14:29:29 - [TEST_STEP][PASSED] - Statement - batchlength = new com.kms.katalon.core.testobject.TestObject(): null

2018-05-31 14:29:29 - [TEST_STEP][PASSED] - Statement - batchlength = com.kms.katalon.core.webui.keyword.WebUiBuiltInKeywords.modifyObjectProperty(batchlength, "xpath", "equals", "//*[@id = "fldvendor" + row + ""]", true): Modify property of object successfully

2018-05-31 14:29:29 - [MESSAGE][PASSED] - Modify property of object successfully

2018-05-31 14:29:29 - [TEST_STEP][PASSED] - Statement - batchsize = com.kms.katalon.core.webui.keyword.WebUiBuiltInKeywords.getNumberOfTotalOption(batchlength): 10 options of object '' counted

2018-05-31 14:29:29 - [MESSAGE][PASSED] - 10 options of object '' counted

2018-05-31 14:29:29 - [TEST_STEP][PASSED] - Statement - out.println("BatchSize : " + batchsize): null

2018-05-31 14:29:29 - [TEST_STEP][PASSED] - Statement - For ([n = 1, n <= batchsize - 1, (n++)]): null

2018-05-31 14:29:29 - [TEST_STEP][PASSED] - Statement - product = new com.kms.katalon.core.testobject.TestObject(): null

2018-05-31 14:29:29 - [TEST_STEP][PASSED] - Statement - product = com.kms.katalon.core.webui.keyword.WebUiBuiltInKeywords.modifyObjectProperty(product, "xpath", "equals", "//*[@id = "fldvendor" + row + ""]", true): Modify property of object successfully

2018-05-31 14:29:29 - [MESSAGE][PASSED] - Modify property of object successfully

2018-05-31 14:29:29 - [TEST_STEP][PASSED] - selectOptionByIndex: All options with index in [1] are selected on object ''

2018-05-31 14:29:29 - [MESSAGE][PASSED] - All options with index in [1] are selected on object ''

2018-05-31 14:29:29 - [TEST_STEP][PASSED] - Statement - batch = new com.kms.katalon.core.testobject.TestObject(): null

2018-05-31 14:29:29 - [TEST_STEP][PASSED] - Statement - batch = com.kms.katalon.core.webui.keyword.WebUiBuiltInKeywords.modifyObjectProperty(batch, "xpath", "equals", "//*[@id = "txtbthqty" + row + ""]", true): Modify property of object successfully

2018-05-31 14:29:29 - [MESSAGE][PASSED] - Modify property of object successfully

2018-05-31 14:29:29 - [TEST_STEP][PASSED] - Statement - batchqty = com.kms.katalon.core.webui.keyword.WebUiBuiltInKeywords.getAttribute(batch, "value").trim(): Attribute 'value' of object '' is: '38800'

2018-05-31 14:29:29 - [MESSAGE][PASSED] - Attribute 'value' of object '' is: '38800'

2018-05-31 14:29:29 - [TEST_STEP][PASSED] - Statement - Rqty = 100: null

2018-05-31 14:29:29 - [TEST_STEP][PASSED] - delay: Delayed 2 second(s)

2018-05-31 14:29:31 - [MESSAGE][PASSED] - Delayed 2 second(s)

2018-05-31 14:29:31 - [TEST_STEP][PASSED] - Statement - out.println("BatchQty : " + batchqty): null

2018-05-31 14:29:31 - [TEST_STEP][PASSED] - Statement - out.println("RQty : " + Rqty): null

2018-05-31 14:29:31 - [TEST_STEP][PASSED] - Statement - If (java.lang.Integer.valueOf(batchqty) >= java.lang.Integer.valueOf(Rqty)): null

2018-05-31 14:29:31 - [TEST_STEP][PASSED] - Statement - Break: null

2018-05-31 14:29:31 - [TEST_STEP][PASSED] - Statement - batchlength = new com.kms.katalon.core.testobject.TestObject(): null

2018-05-31 14:29:31 - [TEST_STEP][PASSED] - Statement - batchlength = com.kms.katalon.core.webui.keyword.WebUiBuiltInKeywords.modifyObjectProperty(batchlength, "xpath", "equals", "//*[@id = "fldvendor" + row + ""]", true): Modify property of object successfully

2018-05-31 14:29:31 - [MESSAGE][PASSED] - Modify property of object successfully

2018-05-31 14:29:31 - [TEST_STEP][PASSED] - Statement - batchsize = com.kms.katalon.core.webui.keyword.WebUiBuiltInKeywords.getNumberOfTotalOption(batchlength): 16 options of object '' counted

2018-05-31 14:29:31 - [MESSAGE][PASSED] - 16 options of object '' counted

2018-05-31 14:29:31 - [TEST_STEP][PASSED] - Statement - out.println("BatchSize : " + batchsize): null

2018-05-31 14:29:31 - [TEST_STEP][PASSED] - Statement - For ([n = 1, n <= batchsize - 1, (n++)]): null

2018-05-31 14:29:31 - [TEST_STEP][PASSED] - Statement - product = new com.kms.katalon.core.testobject.TestObject(): null

2018-05-31 14:29:31 - [TEST_STEP][PASSED] - Statement - product = com.kms.katalon.core.webui.keyword.WebUiBuiltInKeywords.modifyObjectProperty(product, "xpath", "equals", "//*[@id = "fldvendor" + row + ""]", true): Modify property of object successfully

2018-05-31 14:29:31 - [MESSAGE][PASSED] - Modify property of object successfully

2018-05-31 14:29:31 - [TEST_STEP][PASSED] - selectOptionByIndex: All options with index in [1] are selected on object ''

2018-05-31 14:29:31 - [MESSAGE][PASSED] - All options with index in [1] are selected on object ''

2018-05-31 14:29:31 - [TEST_STEP][PASSED] - Statement - batch = new com.kms.katalon.core.testobject.TestObject(): null

2018-05-31 14:29:31 - [TEST_STEP][PASSED] - Statement - batch = com.kms.katalon.core.webui.keyword.WebUiBuiltInKeywords.modifyObjectProperty(batch, "xpath", "equals", "//*[@id = "txtbthqty" + row + ""]", true): Modify property of object successfully

2018-05-31 14:29:31 - [MESSAGE][PASSED] - Modify property of object successfully

2018-05-31 14:29:31 - [TEST_STEP][PASSED] - Statement - batchqty = com.kms.katalon.core.webui.keyword.WebUiBuiltInKeywords.getAttribute(batch, "value").trim(): Attribute 'value' of object '' is: '26800'

2018-05-31 14:29:31 - [MESSAGE][PASSED] - Attribute 'value' of object '' is: '26800'

2018-05-31 14:29:31 - [TEST_STEP][PASSED] - Statement - Rqty = 100: null

2018-05-31 14:29:31 - [TEST_STEP][PASSED] - delay: Delayed 2 second(s)

2018-05-31 14:29:33 - [MESSAGE][PASSED] - Delayed 2 second(s)

2018-05-31 14:29:33 - [TEST_STEP][PASSED] - Statement - out.println("BatchQty : " + batchqty): null

2018-05-31 14:29:33 - [TEST_STEP][PASSED] - Statement - out.println("RQty : " + Rqty): null

2018-05-31 14:29:33 - [TEST_STEP][PASSED] - Statement - If (java.lang.Integer.valueOf(batchqty) >= java.lang.Integer.valueOf(Rqty)): null

2018-05-31 14:29:33 - [TEST_STEP][PASSED] - Statement - Break: null

2018-05-31 14:29:33 - [TEST_STEP][PASSED] - Statement - batchlength = new com.kms.katalon.core.testobject.TestObject(): null

2018-05-31 14:29:33 - [TEST_STEP][PASSED] - Statement - batchlength = com.kms.katalon.core.webui.keyword.WebUiBuiltInKeywords.modifyObjectProperty(batchlength, "xpath", "equals", "//*[@id = "fldvendor" + row + ""]", true): Modify property of object successfully

2018-05-31 14:29:33 - [MESSAGE][PASSED] - Modify property of object successfully

2018-05-31 14:29:33 - [TEST_STEP][PASSED] - Statement - batchsize = com.kms.katalon.core.webui.keyword.WebUiBuiltInKeywords.getNumberOfTotalOption(batchlength): 10 options of object '' counted

2018-05-31 14:29:33 - [MESSAGE][PASSED] - 10 options of object '' counted

2018-05-31 14:29:33 - [TEST_STEP][PASSED] - Statement - out.println("BatchSize : " + batchsize): null

2018-05-31 14:29:33 - [TEST_STEP][PASSED] - Statement - For ([n = 1, n <= batchsize - 1, (n++)]): null

2018-05-31 14:29:33 - [TEST_STEP][PASSED] - Statement - product = new com.kms.katalon.core.testobject.TestObject(): null

2018-05-31 14:29:33 - [TEST_STEP][PASSED] - Statement - product = com.kms.katalon.core.webui.keyword.WebUiBuiltInKeywords.modifyObjectProperty(product, "xpath", "equals", "//*[@id = "fldvendor" + row + ""]", true): Modify property of object successfully

2018-05-31 14:29:33 - [MESSAGE][PASSED] - Modify property of object successfully

2018-05-31 14:29:33 - [TEST_STEP][PASSED] - selectOptionByIndex: All options with index in [1] are selected on object ''

2018-05-31 14:29:34 - [MESSAGE][PASSED] - All options with index in [1] are selected on object ''

2018-05-31 14:29:34 - [TEST_STEP][PASSED] - Statement - batch = new com.kms.katalon.core.testobject.TestObject(): null

2018-05-31 14:29:34 - [TEST_STEP][PASSED] - Statement - batch = com.kms.katalon.core.webui.keyword.WebUiBuiltInKeywords.modifyObjectProperty(batch, "xpath", "equals", "//*[@id = "txtbthqty" + row + ""]", true): Modify property of object successfully

2018-05-31 14:29:34 - [MESSAGE][PASSED] - Modify property of object successfully

2018-05-31 14:29:34 - [TEST_STEP][PASSED] - Statement - batchqty = com.kms.katalon.core.webui.keyword.WebUiBuiltInKeywords.getAttribute(batch, "value").trim(): Attribute 'value' of object '' is: '48800'

2018-05-31 14:29:34 - [MESSAGE][PASSED] - Attribute 'value' of object '' is: '48800'

2018-05-31 14:29:34 - [TEST_STEP][PASSED] - Statement - Rqty = 100: null

2018-05-31 14:29:34 - [TEST_STEP][PASSED] - delay: Delayed 2 second(s)

2018-05-31 14:29:36 - [MESSAGE][PASSED] - Delayed 2 second(s)

2018-05-31 14:29:36 - [TEST_STEP][PASSED] - Statement - out.println("BatchQty : " + batchqty): null

2018-05-31 14:29:36 - [TEST_STEP][PASSED] - Statement - out.println("RQty : " + Rqty): null

2018-05-31 14:29:36 - [TEST_STEP][PASSED] - Statement - If (java.lang.Integer.valueOf(batchqty) >= java.lang.Integer.valueOf(Rqty)): null

2018-05-31 14:29:36 - [TEST_STEP][PASSED] - Statement - Break: null

2018-05-31 14:29:36 - [TEST_STEP][PASSED] - Statement - batchlength = new com.kms.katalon.core.testobject.TestObject(): null

2018-05-31 14:29:36 - [TEST_STEP][PASSED] - Statement - batchlength = com.kms.katalon.core.webui.keyword.WebUiBuiltInKeywords.modifyObjectProperty(batchlength, "xpath", "equals", "//*[@id = "fldvendor" + row + ""]", true): Modify property of object successfully

2018-05-31 14:29:36 - [MESSAGE][PASSED] - Modify property of object successfully

2018-05-31 14:29:36 - [TEST_STEP][PASSED] - Statement - batchsize = com.kms.katalon.core.webui.keyword.WebUiBuiltInKeywords.getNumberOfTotalOption(batchlength): 10 options of object '' counted

2018-05-31 14:29:36 - [MESSAGE][PASSED] - 10 options of object '' counted

2018-05-31 14:29:36 - [TEST_STEP][PASSED] - Statement - out.println("BatchSize : " + batchsize): null

2018-05-31 14:29:36 - [TEST_STEP][PASSED] - Statement - For ([n = 1, n <= batchsize - 1, (n++)]): null

2018-05-31 14:29:36 - [TEST_STEP][PASSED] - Statement - product = new com.kms.katalon.core.testobject.TestObject(): null

2018-05-31 14:29:36 - [TEST_STEP][PASSED] - Statement - product = com.kms.katalon.core.webui.keyword.WebUiBuiltInKeywords.modifyObjectProperty(product, "xpath", "equals", "//*[@id = "fldvendor" + row + ""]", true): Modify property of object successfully

2018-05-31 14:29:36 - [MESSAGE][PASSED] - Modify property of object successfully

2018-05-31 14:29:36 - [TEST_STEP][PASSED] - selectOptionByIndex: All options with index in [1] are selected on object ''

2018-05-31 14:29:36 - [MESSAGE][PASSED] - All options with index in [1] are selected on object ''

2018-05-31 14:29:36 - [TEST_STEP][PASSED] - Statement - batch = new com.kms.katalon.core.testobject.TestObject(): null

2018-05-31 14:29:36 - [TEST_STEP][PASSED] - Statement - batch = com.kms.katalon.core.webui.keyword.WebUiBuiltInKeywords.modifyObjectProperty(batch, "xpath", "equals", "//*[@id = "txtbthqty" + row + ""]", true): Modify property of object successfully

2018-05-31 14:29:36 - [MESSAGE][PASSED] - Modify property of object successfully

2018-05-31 14:29:36 - [TEST_STEP][PASSED] - Statement - batchqty = com.kms.katalon.core.webui.keyword.WebUiBuiltInKeywords.getAttribute(batch, "value").trim(): Attribute 'value' of object '' is: '49700'

2018-05-31 14:29:36 - [MESSAGE][PASSED] - Attribute 'value' of object '' is: '49700'

2018-05-31 14:29:36 - [TEST_STEP][PASSED] - Statement - Rqty = 100: null

2018-05-31 14:29:36 - [TEST_STEP][PASSED] - delay: Delayed 2 second(s)

2018-05-31 14:29:38 - [MESSAGE][PASSED] - Delayed 2 second(s)

2018-05-31 14:29:38 - [TEST_STEP][PASSED] - Statement - out.println("BatchQty : " + batchqty): null

2018-05-31 14:29:38 - [TEST_STEP][PASSED] - Statement - out.println("RQty : " + Rqty): null

2018-05-31 14:29:38 - [TEST_STEP][PASSED] - Statement - If (java.lang.Integer.valueOf(batchqty) >= java.lang.Integer.valueOf(Rqty)): null

2018-05-31 14:29:38 - [TEST_STEP][PASSED] - Statement - Break: null

2018-05-31 14:29:38 - [TEST_STEP][PASSED] - Statement - batchlength = new com.kms.katalon.core.testobject.TestObject(): null

2018-05-31 14:29:38 - [TEST_STEP][PASSED] - Statement - batchlength = com.kms.katalon.core.webui.keyword.WebUiBuiltInKeywords.modifyObjectProperty(batchlength, "xpath", "equals", "//*[@id = "fldvendor" + row + ""]", true): Modify property of object successfully

2018-05-31 14:29:38 - [MESSAGE][PASSED] - Modify property of object successfully

2018-05-31 14:29:38 - [TEST_STEP][PASSED] - Statement - batchsize = com.kms.katalon.core.webui.keyword.WebUiBuiltInKeywords.getNumberOfTotalOption(batchlength): 10 options of object '' counted

2018-05-31 14:29:38 - [MESSAGE][PASSED] - 10 options of object '' counted

2018-05-31 14:29:38 - [TEST_STEP][PASSED] - Statement - out.println("BatchSize : " + batchsize): null

2018-05-31 14:29:38 - [TEST_STEP][PASSED] - Statement - For ([n = 1, n <= batchsize - 1, (n++)]): null

2018-05-31 14:29:38 - [TEST_STEP][PASSED] - Statement - product = new com.kms.katalon.core.testobject.TestObject(): null

2018-05-31 14:29:38 - [TEST_STEP][PASSED] - Statement - product = com.kms.katalon.core.webui.keyword.WebUiBuiltInKeywords.modifyObjectProperty(product, "xpath", "equals", "//*[@id = "fldvendor" + row + ""]", true): Modify property of object successfully

2018-05-31 14:29:38 - [MESSAGE][PASSED] - Modify property of object successfully

2018-05-31 14:29:38 - [TEST_STEP][PASSED] - selectOptionByIndex: All options with index in [1] are selected on object ''

2018-05-31 14:29:38 - [MESSAGE][PASSED] - All options with index in [1] are selected on object ''

2018-05-31 14:29:38 - [TEST_STEP][PASSED] - Statement - batch = new com.kms.katalon.core.testobject.TestObject(): null

2018-05-31 14:29:38 - [TEST_STEP][PASSED] - Statement - batch = com.kms.katalon.core.webui.keyword.WebUiBuiltInKeywords.modifyObjectProperty(batch, "xpath", "equals", "//*[@id = "txtbthqty" + row + ""]", true): Modify property of object successfully

2018-05-31 14:29:38 - [MESSAGE][PASSED] - Modify property of object successfully

2018-05-31 14:29:38 - [TEST_STEP][PASSED] - Statement - batchqty = com.kms.katalon.core.webui.keyword.WebUiBuiltInKeywords.getAttribute(batch, "value").trim(): Attribute 'value' of object '' is: '38800'

2018-05-31 14:29:38 - [MESSAGE][PASSED] - Attribute 'value' of object '' is: '38800'

2018-05-31 14:29:38 - [TEST_STEP][PASSED] - Statement - Rqty = 100: null

2018-05-31 14:29:38 - [TEST_STEP][PASSED] - delay: Delayed 2 second(s)

2018-05-31 14:29:40 - [MESSAGE][PASSED] - Delayed 2 second(s)

2018-05-31 14:29:40 - [TEST_STEP][PASSED] - Statement - out.println("BatchQty : " + batchqty): null

2018-05-31 14:29:40 - [TEST_STEP][PASSED] - Statement - out.println("RQty : " + Rqty): null

2018-05-31 14:29:40 - [TEST_STEP][PASSED] - Statement - If (java.lang.Integer.valueOf(batchqty) >= java.lang.Integer.valueOf(Rqty)): null

2018-05-31 14:29:40 - [TEST_STEP][PASSED] - Statement - Break: null

2018-05-31 14:29:40 - [TEST_STEP][PASSED] - delay: Delayed 2 second(s)

2018-05-31 14:29:42 - [MESSAGE][PASSED] - Delayed 2 second(s)

2018-05-31 14:29:42 - [TEST_STEP][PASSED] - click: Object: 'Object Repository/DispensaryToCms/Page_KDMC - CMS/input_btndispatch' is clicked on

2018-05-31 14:29:42 - [MESSAGE][PASSED] - Object: 'Object Repository/DispensaryToCms/Page_KDMC - CMS/input_btndispatch' is clicked on

2018-05-31 14:29:42 - [TEST_STEP][PASSED] - delay: Delayed 3 second(s)

2018-05-31 14:29:45 - [MESSAGE][PASSED] - Delayed 3 second(s)

2018-05-31 14:29:45 - [TEST_STEP][PASSED] - click: Object: 'Object Repository/DispensaryToCms/Page_KDMC - CMS/button_OK' is clicked on

2018-05-31 14:29:46 - [MESSAGE][PASSED] - Object: 'Object Repository/DispensaryToCms/Page_KDMC - CMS/button_OK' is clicked on

2018-05-31 14:29:46 - [TEST_STEP][PASSED] - delay: Delayed 3 second(s)

2018-05-31 14:29:49 - [MESSAGE][PASSED] - Delayed 3 second(s)

2018-05-31 14:29:49 - [TEST_STEP][PASSED] - click: Object: 'Object Repository/DispensaryToCms/Page_KDMC - CMS/a_dropdown-toggle' is clicked on

2018-05-31 14:29:49 - [MESSAGE][PASSED] - Object: 'Object Repository/DispensaryToCms/Page_KDMC - CMS/a_dropdown-toggle' is clicked on

2018-05-31 14:29:49 - [TEST_STEP][PASSED] - click: Object: 'Object Repository/DispensaryToCms/Page_KDMC - CMS/a_Sign out' is clicked on

2018-05-31 14:29:49 - [MESSAGE][PASSED] - Object: 'Object Repository/DispensaryToCms/Page_KDMC - CMS/a_Sign out' is clicked on

2018-05-31 14:29:49 - [TEST_STEP][PASSED] - delay: Delayed 3 second(s)

2018-05-31 14:29:52 - [MESSAGE][PASSED] - Delayed 3 second(s)

2018-05-31 14:29:52 - [TEST_STEP][PASSED] - navigateToUrl: Navigate to 'http://192.168.137.1/multihospital_new/HDSplashscreen.aspx' successfully

2018-05-31 14:29:53 - [MESSAGE][PASSED] - Navigate to 'http://192.168.137.1/multihospital_new/HDSplashscreen.aspx' successfully

2018-05-31 14:29:53 - [TEST_STEP][PASSED] - click: Object: 'Object Repository/DispensaryToCms/Page_KDMC/a_Dispensary Store' is clicked on

2018-05-31 14:29:53 - [MESSAGE][PASSED] - Object: 'Object Repository/DispensaryToCms/Page_KDMC/a_Dispensary Store' is clicked on

2018-05-31 14:29:53 - [TEST_STEP][PASSED] - setText: Text 'rajaram' is set on object 'Object Repository/DispensaryToCms/Page_Dispensary Store Login/input_txtusername'

2018-05-31 14:29:54 - [MESSAGE][PASSED] - Text 'rajaram' is set on object 'Object Repository/DispensaryToCms/Page_Dispensary Store Login/input_txtusername'

2018-05-31 14:29:54 - [TEST_STEP][PASSED] - setText: Text '123' is set on object 'Object Repository/DispensaryToCms/Page_Dispensary Store Login/input_txtpassword'

2018-05-31 14:29:54 - [MESSAGE][PASSED] - Text '123' is set on object 'Object Repository/DispensaryToCms/Page_Dispensary Store Login/input_txtpassword'

2018-05-31 14:29:54 - [TEST_STEP][PASSED] - delay: Delayed 3 second(s)

2018-05-31 14:29:57 - [MESSAGE][PASSED] - Delayed 3 second(s)

2018-05-31 14:29:57 - [TEST_STEP][PASSED] - click: Object: 'Object Repository/DispensaryToCms/Page_Dispensary Store Login/button_Sign in' is clicked on

2018-05-31 14:29:57 - [MESSAGE][PASSED] - Object: 'Object Repository/DispensaryToCms/Page_Dispensary Store Login/button_Sign in' is clicked on

2018-05-31 14:29:57 - [TEST_STEP][PASSED] - delay: Delayed 3 second(s)

2018-05-31 14:30:00 - [MESSAGE][PASSED] - Delayed 3 second(s)

2018-05-31 14:30:00 - [TEST_STEP][PASSED] - click: Object: 'Object Repository/DispensaryToCms/Page_Dispensary Store/a_CMS' is clicked on

2018-05-31 14:30:00 - [MESSAGE][PASSED] - Object: 'Object Repository/DispensaryToCms/Page_Dispensary Store/a_CMS' is clicked on

2018-05-31 14:30:00 - [TEST_STEP][PASSED] - delay: Delayed 2 second(s)

2018-05-31 14:30:02 - [MESSAGE][PASSED] - Delayed 2 second(s)

2018-05-31 14:30:02 - [TEST_STEP][PASSED] - click: Object: 'Object Repository/DispensaryToCms/Page_Dispensary Store/a_Receiving Goods' is clicked on

2018-05-31 14:30:03 - [MESSAGE][PASSED] - Object: 'Object Repository/DispensaryToCms/Page_Dispensary Store/a_Receiving Goods' is clicked on

2018-05-31 14:30:03 - [TEST_STEP][PASSED] - setText: Text 'PRNO/31052018/512' is set on object 'Object Repository/DispensaryToCms/Page_Dispensary Store/input'

2018-05-31 14:30:04 - [MESSAGE][PASSED] - Text 'PRNO/31052018/512' is set on object 'Object Repository/DispensaryToCms/Page_Dispensary Store/input'

2018-05-31 14:30:04 - [TEST_STEP][PASSED] - click: Object: 'Object Repository/DispensaryToCms/Page_Dispensary Store/input_PRNO18052018174' is clicked on

2018-05-31 14:30:04 - [MESSAGE][PASSED] - Object: 'Object Repository/DispensaryToCms/Page_Dispensary Store/input_PRNO18052018174' is clicked on

2018-05-31 14:30:04 - [TEST_STEP][PASSED] - delay: Delayed 2 second(s)

2018-05-31 14:30:06 - [MESSAGE][PASSED] - Delayed 2 second(s)

2018-05-31 14:30:06 - [TEST_STEP][PASSED] - click: Object: 'Object Repository/DispensaryToCms/Page_Dispensary Store/input_chkrem' is clicked on

2018-05-31 14:30:06 - [MESSAGE][PASSED] - Object: 'Object Repository/DispensaryToCms/Page_Dispensary Store/input_chkrem' is clicked on

2018-05-31 14:30:06 - [TEST_STEP][PASSED] - scrollToElement: Scroll to object 'Object Repository/DispensaryToCms/Page_Dispensary Store/input_btchkroqadd' successfully

2018-05-31 14:30:06 - [MESSAGE][PASSED] - Scroll to object 'Object Repository/DispensaryToCms/Page_Dispensary Store/input_btchkroqadd' successfully

2018-05-31 14:30:06 - [TEST_STEP][PASSED] - click: Object: 'Object Repository/DispensaryToCms/Page_Dispensary Store/input_btchkroqadd' is clicked on

2018-05-31 14:30:06 - [MESSAGE][PASSED] - Object: 'Object Repository/DispensaryToCms/Page_Dispensary Store/input_btchkroqadd' is clicked on

2018-05-31 14:30:06 - [TEST_STEP][PASSED] - delay: Delayed 2 second(s)

2018-05-31 14:30:08 - [MESSAGE][PASSED] - Delayed 2 second(s)

2018-05-31 14:30:08 - [TEST_STEP][PASSED] - refresh: Refresh successfully

2018-05-31 14:30:08 - [MESSAGE][PASSED] - Refresh successfully

2018-05-31 14:30:08 - [TEST_STEP][PASSED] - delay: Delayed 3 second(s)

2018-05-31 14:30:11 - [MESSAGE][PASSED] - Delayed 3 second(s)

2018-05-31 14:30:11 - [TEST_STEP][PASSED] - waitForElementPresent: Object 'Object Repository/DispensaryToStore/Page_Dispensary Store/a_dropdown-toggle' is present

2018-05-31 14:30:11 - [MESSAGE][PASSED] - Object 'Object Repository/DispensaryToStore/Page_Dispensary Store/a_dropdown-toggle' is present

2018-05-31 14:30:11 - [TEST_STEP][PASSED] - click: Object: 'Object Repository/DispensaryToCms/Page_Dispensary Store/a_dropdown-toggle' is clicked on

2018-05-31 14:30:12 - [MESSAGE][PASSED] - Object: 'Object Repository/DispensaryToCms/Page_Dispensary Store/a_dropdown-toggle' is clicked on

2018-05-31 14:30:12 - [TEST_STEP][PASSED] - click: Object: 'Object Repository/DispensaryToCms/Page_Dispensary Store/a_Sign out' is clicked on

2018-05-31 14:30:12 - [MESSAGE][PASSED] - Object: 'Object Repository/DispensaryToCms/Page_Dispensary Store/a_Sign out' is clicked on

2018-05-31 14:30:12 - [TEST_STEP][PASSED] - closeBrowser: Browser is closed

2018-05-31 14:30:13 - [MESSAGE][PASSED] - Browser is closed]]></system-out>
         <system-err><![CDATA[]]></system-err>
      </testcase>
      <system-out><![CDATA[2018-05-31 13:41:56 - [TEST_SUITE][FAILED] - Dispensary_Cms_Suite: Test Cases/DISPENSARY TEST CASES/TC_DP_013 Verify Schedule 1 Dispensary To CMS Request Are Working Successfully Or Not FAILED because (of) Unable to get text of object 'Object Repository/DispensaryToCms/Page_Dispensary Store/font_PRNO18052018174' (Root cause: com.kms.katalon.core.webui.exception.WebElementNotFoundException: Web element with id: 'Object Repository/DispensaryToCms/Page_Dispensary Store/font_PRNO18052018174' located by 'By.xpath: /html[1]/body[@class="skin-blue  pace-done modal-open"]/div[@class="bootbox modal fade bootbox-alert in"]/div[@class="modal-dialog"]/div[@class="modal-content"]/div[@class="modal-body"]/div[@class="bootbox-body"]/b[1]/font[1]' not found)]]></system-out>
      <system-err><![CDATA[2018-05-31 13:41:56 - [TEST_SUITE][FAILED] - Dispensary_Cms_Suite: Test Cases/DISPENSARY TEST CASES/TC_DP_013 Verify Schedule 1 Dispensary To CMS Request Are Working Successfully Or Not FAILED because (of) Unable to get text of object 'Object Repository/DispensaryToCms/Page_Dispensary Store/font_PRNO18052018174' (Root cause: com.kms.katalon.core.webui.exception.WebElementNotFoundException: Web element with id: 'Object Repository/DispensaryToCms/Page_Dispensary Store/font_PRNO18052018174' located by 'By.xpath: /html[1]/body[@class="skin-blue  pace-done modal-open"]/div[@class="bootbox modal fade bootbox-alert in"]/div[@class="modal-dialog"]/div[@class="modal-content"]/div[@class="modal-body"]/div[@class="bootbox-body"]/b[1]/font[1]' not found)]]></system-err>
   </testsuite>
</testsuites>
